<?xml version="1.0" encoding="UTF-8"?>
<testsuite xmlns:xsi="http://www.w3.org/2001/XMLSchema-instance" xsi:noNamespaceSchemaLocation="https://maven.apache.org/surefire/maven-surefire-plugin/xsd/surefire-test-report.xsd" name="org.apache.hadoop.ozone.freon.TestDataValidateWithUnsafeByteOperations" time="57.104" tests="3" errors="3" skipped="0" failures="0">
  <properties>
    <property name="awt.toolkit" value="sun.awt.X11.XToolkit"/>
    <property name="file.encoding.pkg" value="sun.io"/>
    <property name="java.specification.version" value="1.8"/>
    <property name="sun.cpu.isalist" value=""/>
    <property name="sun.jnu.encoding" value="UTF-8"/>
    <property name="java.class.path" value="/workdir/hadoop-ozone/tools/target/test-classes:/workdir/hadoop-ozone/tools/target/classes:/home/user/.m2/repository/org/apache/hadoop/hadoop-ozone-ozone-manager/0.5.0-SNAPSHOT/hadoop-ozone-ozone-manager-0.5.0-SNAPSHOT.jar:/home/user/.m2/repository/org/apache/hadoop/hadoop-hdds-docs/0.5.0-SNAPSHOT/hadoop-hdds-docs-0.5.0-SNAPSHOT.jar:/home/user/.m2/repository/org/bouncycastle/bcprov-jdk15on/1.60/bcprov-jdk15on-1.60.jar:/home/user/.m2/repository/org/apache/hadoop/hadoop-ozone-common/0.5.0-SNAPSHOT/hadoop-ozone-common-0.5.0-SNAPSHOT.jar:/home/user/.m2/repository/org/apache/commons/commons-compress/1.4.1/commons-compress-1.4.1.jar:/home/user/.m2/repository/org/tukaani/xz/1.0/xz-1.0.jar:/home/user/.m2/repository/org/apache/hadoop/hadoop-hdfs-client/3.2.0/hadoop-hdfs-client-3.2.0.jar:/home/user/.m2/repository/com/fasterxml/jackson/core/jackson-annotations/2.9.9/jackson-annotations-2.9.9.jar:/home/user/.m2/repository/org/apache/hadoop/hadoop-hdds-common/0.5.0-SNAPSHOT/hadoop-hdds-common-0.5.0-SNAPSHOT.jar:/home/user/.m2/repository/org/apache/hadoop/hadoop-hdds-config/0.5.0-SNAPSHOT/hadoop-hdds-config-0.5.0-SNAPSHOT.jar:/home/user/.m2/repository/javax/annotation/javax.annotation-api/1.2/javax.annotation-api-1.2.jar:/home/user/.m2/repository/org/apache/ratis/ratis-server/0.4.0/ratis-server-0.4.0.jar:/home/user/.m2/repository/org/apache/ratis/ratis-thirdparty-misc/0.2.0/ratis-thirdparty-misc-0.2.0.jar:/home/user/.m2/repository/org/apache/ratis/ratis-proto/0.4.0/ratis-proto-0.4.0.jar:/home/user/.m2/repository/org/apache/ratis/ratis-common/0.4.0/ratis-common-0.4.0.jar:/home/user/.m2/repository/org/apache/ratis/ratis-client/0.4.0/ratis-client-0.4.0.jar:/home/user/.m2/repository/org/apache/ratis/ratis-metrics/0.4.0/ratis-metrics-0.4.0.jar:/home/user/.m2/repository/com/github/joshelser/dropwizard-metrics-hadoop-metrics2-reporter/0.1.2/dropwizard-metrics-hadoop-metrics2-reporter-0.1.2.jar:/home/user/.m2/repository/io/dropwizard/metrics/metrics-jvm/3.2.5/metrics-jvm-3.2.5.jar:/home/user/.m2/repository/io/dropwizard/metrics/metrics-ganglia/3.2.5/metrics-ganglia-3.2.5.jar:/home/user/.m2/repository/info/ganglia/gmetric4j/gmetric4j/1.0.7/gmetric4j-1.0.7.jar:/home/user/.m2/repository/org/apache/ratis/ratis-netty/0.4.0/ratis-netty-0.4.0.jar:/home/user/.m2/repository/org/apache/ratis/ratis-grpc/0.4.0/ratis-grpc-0.4.0.jar:/home/user/.m2/repository/org/rocksdb/rocksdbjni/6.0.1/rocksdbjni-6.0.1.jar:/home/user/.m2/repository/org/apache/logging/log4j/log4j-api/2.11.0/log4j-api-2.11.0.jar:/home/user/.m2/repository/org/apache/logging/log4j/log4j-core/2.11.0/log4j-core-2.11.0.jar:/home/user/.m2/repository/com/lmax/disruptor/3.4.2/disruptor-3.4.2.jar:/home/user/.m2/repository/org/apache/commons/commons-pool2/2.6.0/commons-pool2-2.6.0.jar:/home/user/.m2/repository/org/bouncycastle/bcpkix-jdk15on/1.60/bcpkix-jdk15on-1.60.jar:/home/user/.m2/repository/commons-validator/commons-validator/1.6/commons-validator-1.6.jar:/home/user/.m2/repository/commons-digester/commons-digester/1.8.1/commons-digester-1.8.1.jar:/home/user/.m2/repository/io/jaegertracing/jaeger-client/0.34.0/jaeger-client-0.34.0.jar:/home/user/.m2/repository/io/jaegertracing/jaeger-thrift/0.34.0/jaeger-thrift-0.34.0.jar:/home/user/.m2/repository/org/apache/thrift/libthrift/0.12.0/libthrift-0.12.0.jar:/home/user/.m2/repository/com/squareup/okhttp3/okhttp/3.9.0/okhttp-3.9.0.jar:/home/user/.m2/repository/com/squareup/okio/okio/1.13.0/okio-1.13.0.jar:/home/user/.m2/repository/io/jaegertracing/jaeger-core/0.34.0/jaeger-core-0.34.0.jar:/home/user/.m2/repository/io/jaegertracing/jaeger-tracerresolver/0.34.0/jaeger-tracerresolver-0.34.0.jar:/home/user/.m2/repository/io/opentracing/contrib/opentracing-tracerresolver/0.1.5/opentracing-tracerresolver-0.1.5.jar:/home/user/.m2/repository/io/opentracing/opentracing-util/0.31.0/opentracing-util-0.31.0.jar:/home/user/.m2/repository/io/opentracing/opentracing-api/0.31.0/opentracing-api-0.31.0.jar:/home/user/.m2/repository/io/opentracing/opentracing-noop/0.31.0/opentracing-noop-0.31.0.jar:/home/user/.m2/repository/org/yaml/snakeyaml/1.16/snakeyaml-1.16.jar:/home/user/.m2/repository/org/apache/hadoop/hadoop-hdds-container-service/0.5.0-SNAPSHOT/hadoop-hdds-container-service-0.5.0-SNAPSHOT.jar:/home/user/.m2/repository/org/apache/hadoop/hadoop-hdds-client/0.5.0-SNAPSHOT/hadoop-hdds-client-0.5.0-SNAPSHOT.jar:/home/user/.m2/repository/org/apache/hadoop/hadoop-hdds-tools/0.5.0-SNAPSHOT/hadoop-hdds-tools-0.5.0-SNAPSHOT.jar:/home/user/.m2/repository/org/xerial/sqlite-jdbc/3.25.2/sqlite-jdbc-3.25.2.jar:/home/user/.m2/repository/org/apache/hadoop/hadoop-hdds-server-scm/0.5.0-SNAPSHOT/hadoop-hdds-server-scm-0.5.0-SNAPSHOT.jar:/home/user/.m2/repository/org/hamcrest/hamcrest-all/1.3/hamcrest-all-1.3.jar:/home/user/.m2/repository/info/picocli/picocli/3.9.6/picocli-3.9.6.jar:/home/user/.m2/repository/com/google/protobuf/protobuf-java/2.5.0/protobuf-java-2.5.0.jar:/home/user/.m2/repository/com/google/guava/guava/11.0.2/guava-11.0.2.jar:/home/user/.m2/repository/org/apache/hadoop/hadoop-ozone-client/0.5.0-SNAPSHOT/hadoop-ozone-client-0.5.0-SNAPSHOT.jar:/workdir/hadoop-ozone/ozonefs/target/classes:/home/user/.m2/repository/org/apache/hadoop/hadoop-hdds-server-framework/0.5.0-SNAPSHOT/hadoop-hdds-server-framework-0.5.0-SNAPSHOT.jar:/home/user/.m2/repository/org/apache/hadoop/hadoop-common/3.2.0/hadoop-common-3.2.0.jar:/home/user/.m2/repository/org/apache/hadoop/hadoop-annotations/3.2.0/hadoop-annotations-3.2.0.jar:/usr/lib/jvm/java-1.8-openjdk/jre/../lib/tools.jar:/home/user/.m2/repository/commons-cli/commons-cli/1.2/commons-cli-1.2.jar:/home/user/.m2/repository/org/apache/commons/commons-math3/3.1.1/commons-math3-3.1.1.jar:/home/user/.m2/repository/org/apache/httpcomponents/httpclient/4.5.2/httpclient-4.5.2.jar:/home/user/.m2/repository/org/apache/httpcomponents/httpcore/4.4.4/httpcore-4.4.4.jar:/home/user/.m2/repository/commons-codec/commons-codec/1.11/commons-codec-1.11.jar:/home/user/.m2/repository/commons-io/commons-io/2.5/commons-io-2.5.jar:/home/user/.m2/repository/commons-net/commons-net/3.6/commons-net-3.6.jar:/home/user/.m2/repository/commons-collections/commons-collections/3.2.2/commons-collections-3.2.2.jar:/home/user/.m2/repository/javax/servlet/javax.servlet-api/3.1.0/javax.servlet-api-3.1.0.jar:/home/user/.m2/repository/org/eclipse/jetty/jetty-server/9.3.25.v20180904/jetty-server-9.3.25.v20180904.jar:/home/user/.m2/repository/org/eclipse/jetty/jetty-http/9.3.25.v20180904/jetty-http-9.3.25.v20180904.jar:/home/user/.m2/repository/org/eclipse/jetty/jetty-io/9.3.25.v20180904/jetty-io-9.3.25.v20180904.jar:/home/user/.m2/repository/org/eclipse/jetty/jetty-util/9.3.25.v20180904/jetty-util-9.3.25.v20180904.jar:/home/user/.m2/repository/org/eclipse/jetty/jetty-servlet/9.3.25.v20180904/jetty-servlet-9.3.25.v20180904.jar:/home/user/.m2/repository/org/eclipse/jetty/jetty-security/9.3.25.v20180904/jetty-security-9.3.25.v20180904.jar:/home/user/.m2/repository/org/eclipse/jetty/jetty-webapp/9.3.25.v20180904/jetty-webapp-9.3.25.v20180904.jar:/home/user/.m2/repository/org/eclipse/jetty/jetty-xml/9.3.25.v20180904/jetty-xml-9.3.25.v20180904.jar:/home/user/.m2/repository/javax/servlet/jsp/jsp-api/2.1/jsp-api-2.1.jar:/home/user/.m2/repository/com/sun/jersey/jersey-core/1.19/jersey-core-1.19.jar:/home/user/.m2/repository/javax/ws/rs/jsr311-api/1.1.1/jsr311-api-1.1.1.jar:/home/user/.m2/repository/com/sun/jersey/jersey-servlet/1.19/jersey-servlet-1.19.jar:/home/user/.m2/repository/com/sun/jersey/jersey-json/1.19/jersey-json-1.19.jar:/home/user/.m2/repository/org/codehaus/jettison/jettison/1.1/jettison-1.1.jar:/home/user/.m2/repository/com/sun/xml/bind/jaxb-impl/2.3.0.1/jaxb-impl-2.3.0.1.jar:/home/user/.m2/repository/org/codehaus/jackson/jackson-core-asl/1.9.13/jackson-core-asl-1.9.13.jar:/home/user/.m2/repository/org/codehaus/jackson/jackson-mapper-asl/1.9.13/jackson-mapper-asl-1.9.13.jar:/home/user/.m2/repository/org/codehaus/jackson/jackson-jaxrs/1.9.13/jackson-jaxrs-1.9.13.jar:/home/user/.m2/repository/org/codehaus/jackson/jackson-xc/1.9.13/jackson-xc-1.9.13.jar:/home/user/.m2/repository/com/sun/jersey/jersey-server/1.19/jersey-server-1.19.jar:/home/user/.m2/repository/commons-logging/commons-logging/1.1.3/commons-logging-1.1.3.jar:/home/user/.m2/repository/log4j/log4j/1.2.17/log4j-1.2.17.jar:/home/user/.m2/repository/commons-beanutils/commons-beanutils/1.9.4/commons-beanutils-1.9.4.jar:/home/user/.m2/repository/org/apache/commons/commons-configuration2/2.1.1/commons-configuration2-2.1.1.jar:/home/user/.m2/repository/org/apache/commons/commons-lang3/3.7/commons-lang3-3.7.jar:/home/user/.m2/repository/org/apache/commons/commons-text/1.4/commons-text-1.4.jar:/home/user/.m2/repository/org/slf4j/slf4j-api/1.7.25/slf4j-api-1.7.25.jar:/home/user/.m2/repository/org/slf4j/slf4j-log4j12/1.7.25/slf4j-log4j12-1.7.25.jar:/home/user/.m2/repository/org/apache/avro/avro/1.7.7/avro-1.7.7.jar:/home/user/.m2/repository/com/thoughtworks/paranamer/paranamer/2.3/paranamer-2.3.jar:/home/user/.m2/repository/org/xerial/snappy/snappy-java/1.0.5/snappy-java-1.0.5.jar:/home/user/.m2/repository/com/google/re2j/re2j/1.1/re2j-1.1.jar:/home/user/.m2/repository/com/google/code/gson/gson/2.2.4/gson-2.2.4.jar:/home/user/.m2/repository/org/apache/hadoop/hadoop-auth/3.2.0/hadoop-auth-3.2.0.jar:/home/user/.m2/repository/com/nimbusds/nimbus-jose-jwt/4.41.1/nimbus-jose-jwt-4.41.1.jar:/home/user/.m2/repository/com/github/stephenc/jcip/jcip-annotations/1.0-1/jcip-annotations-1.0-1.jar:/home/user/.m2/repository/net/minidev/json-smart/2.3/json-smart-2.3.jar:/home/user/.m2/repository/net/minidev/accessors-smart/1.2/accessors-smart-1.2.jar:/home/user/.m2/repository/org/apache/curator/curator-framework/2.12.0/curator-framework-2.12.0.jar:/home/user/.m2/repository/com/jcraft/jsch/0.1.54/jsch-0.1.54.jar:/home/user/.m2/repository/org/apache/curator/curator-client/2.12.0/curator-client-2.12.0.jar:/home/user/.m2/repository/org/apache/curator/curator-recipes/2.12.0/curator-recipes-2.12.0.jar:/home/user/.m2/repository/com/google/code/findbugs/jsr305/3.0.0/jsr305-3.0.0.jar:/home/user/.m2/repository/org/apache/htrace/htrace-core4/4.1.0-incubating/htrace-core4-4.1.0-incubating.jar:/home/user/.m2/repository/org/apache/zookeeper/zookeeper/3.4.13/zookeeper-3.4.13.jar:/home/user/.m2/repository/jline/jline/0.9.94/jline-0.9.94.jar:/home/user/.m2/repository/org/apache/yetus/audience-annotations/0.5.0/audience-annotations-0.5.0.jar:/home/user/.m2/repository/org/apache/kerby/kerb-simplekdc/1.0.1/kerb-simplekdc-1.0.1.jar:/home/user/.m2/repository/org/apache/kerby/kerb-client/1.0.1/kerb-client-1.0.1.jar:/home/user/.m2/repository/org/apache/kerby/kerby-config/1.0.1/kerby-config-1.0.1.jar:/home/user/.m2/repository/org/apache/kerby/kerb-core/1.0.1/kerb-core-1.0.1.jar:/home/user/.m2/repository/org/apache/kerby/kerby-pkix/1.0.1/kerby-pkix-1.0.1.jar:/home/user/.m2/repository/org/apache/kerby/kerby-asn1/1.0.1/kerby-asn1-1.0.1.jar:/home/user/.m2/repository/org/apache/kerby/kerby-util/1.0.1/kerby-util-1.0.1.jar:/home/user/.m2/repository/org/apache/kerby/kerb-common/1.0.1/kerb-common-1.0.1.jar:/home/user/.m2/repository/org/apache/kerby/kerb-crypto/1.0.1/kerb-crypto-1.0.1.jar:/home/user/.m2/repository/org/apache/kerby/kerb-util/1.0.1/kerb-util-1.0.1.jar:/home/user/.m2/repository/org/apache/kerby/token-provider/1.0.1/token-provider-1.0.1.jar:/home/user/.m2/repository/org/apache/kerby/kerb-admin/1.0.1/kerb-admin-1.0.1.jar:/home/user/.m2/repository/org/apache/kerby/kerb-server/1.0.1/kerb-server-1.0.1.jar:/home/user/.m2/repository/org/apache/kerby/kerb-identity/1.0.1/kerb-identity-1.0.1.jar:/home/user/.m2/repository/org/apache/kerby/kerby-xdr/1.0.1/kerby-xdr-1.0.1.jar:/home/user/.m2/repository/com/fasterxml/jackson/core/jackson-databind/2.9.9/jackson-databind-2.9.9.jar:/home/user/.m2/repository/com/fasterxml/jackson/core/jackson-core/2.9.9/jackson-core-2.9.9.jar:/home/user/.m2/repository/org/codehaus/woodstox/stax2-api/3.1.4/stax2-api-3.1.4.jar:/home/user/.m2/repository/com/fasterxml/woodstox/woodstox-core/5.0.3/woodstox-core-5.0.3.jar:/home/user/.m2/repository/dnsjava/dnsjava/2.1.7/dnsjava-2.1.7.jar:/home/user/.m2/repository/org/apache/hadoop/hadoop-hdfs/3.2.0/hadoop-hdfs-3.2.0.jar:/home/user/.m2/repository/org/eclipse/jetty/jetty-util-ajax/9.3.25.v20180904/jetty-util-ajax-9.3.25.v20180904.jar:/home/user/.m2/repository/commons-daemon/commons-daemon/1.0.13/commons-daemon-1.0.13.jar:/home/user/.m2/repository/io/netty/netty/3.10.5.Final/netty-3.10.5.Final.jar:/home/user/.m2/repository/io/netty/netty-all/4.0.52.Final/netty-all-4.0.52.Final.jar:/home/user/.m2/repository/org/fusesource/leveldbjni/leveldbjni-all/1.8/leveldbjni-all-1.8.jar:/home/user/.m2/repository/com/sun/xml/bind/jaxb-core/2.3.0.1/jaxb-core-2.3.0.1.jar:/home/user/.m2/repository/javax/xml/bind/jaxb-api/2.3.0/jaxb-api-2.3.0.jar:/home/user/.m2/repository/javax/activation/activation/1.1.1/activation-1.1.1.jar:/home/user/.m2/repository/io/dropwizard/metrics/metrics-core/3.2.4/metrics-core-3.2.4.jar:/home/user/.m2/repository/org/openjdk/jmh/jmh-core/1.19/jmh-core-1.19.jar:/home/user/.m2/repository/net/sf/jopt-simple/jopt-simple/4.6/jopt-simple-4.6.jar:/home/user/.m2/repository/org/openjdk/jmh/jmh-generator-annprocess/1.19/jmh-generator-annprocess-1.19.jar:/home/user/.m2/repository/com/amazonaws/aws-java-sdk-s3/1.11.615/aws-java-sdk-s3-1.11.615.jar:/home/user/.m2/repository/com/amazonaws/aws-java-sdk-kms/1.11.615/aws-java-sdk-kms-1.11.615.jar:/home/user/.m2/repository/com/amazonaws/aws-java-sdk-core/1.11.615/aws-java-sdk-core-1.11.615.jar:/home/user/.m2/repository/software/amazon/ion/ion-java/1.0.2/ion-java-1.0.2.jar:/home/user/.m2/repository/com/fasterxml/jackson/dataformat/jackson-dataformat-cbor/2.9.9/jackson-dataformat-cbor-2.9.9.jar:/home/user/.m2/repository/joda-time/joda-time/2.9.9/joda-time-2.9.9.jar:/home/user/.m2/repository/com/amazonaws/jmespath-java/1.11.615/jmespath-java-1.11.615.jar:/home/user/.m2/repository/com/google/code/findbugs/findbugs/3.0.1/findbugs-3.0.1.jar:/home/user/.m2/repository/net/jcip/jcip-annotations/1.0/jcip-annotations-1.0.jar:/home/user/.m2/repository/com/google/code/findbugs/bcel-findbugs/6.0/bcel-findbugs-6.0.jar:/home/user/.m2/repository/com/google/code/findbugs/jFormatString/2.0.1/jFormatString-2.0.1.jar:/home/user/.m2/repository/dom4j/dom4j/1.6.1/dom4j-1.6.1.jar:/home/user/.m2/repository/xml-apis/xml-apis/1.0.b2/xml-apis-1.0.b2.jar:/home/user/.m2/repository/org/ow2/asm/asm-debug-all/5.0.2/asm-debug-all-5.0.2.jar:/home/user/.m2/repository/org/ow2/asm/asm-commons/5.0.2/asm-commons-5.0.2.jar:/home/user/.m2/repository/org/ow2/asm/asm-tree/5.0.2/asm-tree-5.0.2.jar:/home/user/.m2/repository/org/ow2/asm/asm/5.0.4/asm-5.0.4.jar:/home/user/.m2/repository/commons-lang/commons-lang/2.6/commons-lang-2.6.jar:/home/user/.m2/repository/com/apple/AppleJavaExtensions/1.4/AppleJavaExtensions-1.4.jar:/home/user/.m2/repository/jaxen/jaxen/1.1.6/jaxen-1.1.6.jar:/home/user/.m2/repository/junit/junit/4.11/junit-4.11.jar:/home/user/.m2/repository/org/hamcrest/hamcrest-core/1.3/hamcrest-core-1.3.jar:/home/user/.m2/repository/org/apache/hadoop/hadoop-common/3.2.0/hadoop-common-3.2.0-tests.jar:/workdir/hadoop-ozone/integration-test/target/test-classes:/home/user/.m2/repository/org/apache/hadoop/hadoop-ozone-s3gateway/0.5.0-SNAPSHOT/hadoop-ozone-s3gateway-0.5.0-SNAPSHOT.jar:/home/user/.m2/repository/org/jboss/weld/servlet/weld-servlet/2.4.7.Final/weld-servlet-2.4.7.Final.jar:/home/user/.m2/repository/org/glassfish/jersey/containers/jersey-container-servlet-core/2.27/jersey-container-servlet-core-2.27.jar:/home/user/.m2/repository/org/glassfish/hk2/external/javax.inject/2.5.0-b42/javax.inject-2.5.0-b42.jar:/home/user/.m2/repository/org/glassfish/jersey/core/jersey-common/2.27/jersey-common-2.27.jar:/home/user/.m2/repository/org/glassfish/hk2/osgi-resource-locator/1.0.1/osgi-resource-locator-1.0.1.jar:/home/user/.m2/repository/javax/ws/rs/javax.ws.rs-api/2.1/javax.ws.rs-api-2.1.jar:/home/user/.m2/repository/org/glassfish/jersey/ext/cdi/jersey-cdi1x/2.27/jersey-cdi1x-2.27.jar:/home/user/.m2/repository/org/glassfish/jersey/inject/jersey-hk2/2.27/jersey-hk2-2.27.jar:/home/user/.m2/repository/org/glassfish/hk2/hk2-locator/2.5.0-b42/hk2-locator-2.5.0-b42.jar:/home/user/.m2/repository/org/javassist/javassist/3.22.0-CR2/javassist-3.22.0-CR2.jar:/home/user/.m2/repository/org/glassfish/hk2/hk2-api/2.5.0/hk2-api-2.5.0.jar:/home/user/.m2/repository/org/glassfish/hk2/external/jakarta.inject/2.5.0/jakarta.inject-2.5.0.jar:/home/user/.m2/repository/org/glassfish/hk2/hk2-utils/2.5.0/hk2-utils-2.5.0.jar:/home/user/.m2/repository/jakarta/annotation/jakarta.annotation-api/1.3.4/jakarta.annotation-api-1.3.4.jar:/home/user/.m2/repository/org/glassfish/hk2/external/aopalliance-repackaged/2.5.0/aopalliance-repackaged-2.5.0.jar:/home/user/.m2/repository/com/fasterxml/jackson/dataformat/jackson-dataformat-xml/2.9.0/jackson-dataformat-xml-2.9.0.jar:/home/user/.m2/repository/com/fasterxml/jackson/module/jackson-module-jaxb-annotations/2.9.9/jackson-module-jaxb-annotations-2.9.9.jar:/home/user/.m2/repository/javax/enterprise/cdi-api/1.2/cdi-api-1.2.jar:/home/user/.m2/repository/javax/el/javax.el-api/3.0.0/javax.el-api-3.0.0.jar:/home/user/.m2/repository/javax/interceptor/javax.interceptor-api/1.2/javax.interceptor-api-1.2.jar:/home/user/.m2/repository/javax/inject/javax.inject/1/javax.inject-1.jar:/home/user/.m2/repository/org/apache/hadoop/hadoop-ozone-csi/0.5.0-SNAPSHOT/hadoop-ozone-csi-0.5.0-SNAPSHOT.jar:/home/user/.m2/repository/com/google/protobuf/protobuf-java-util/3.5.1/protobuf-java-util-3.5.1.jar:/home/user/.m2/repository/io/grpc/grpc-netty/1.17.1/grpc-netty-1.17.1.jar:/home/user/.m2/repository/io/grpc/grpc-core/1.17.1/grpc-core-1.17.1.jar:/home/user/.m2/repository/io/grpc/grpc-context/1.17.1/grpc-context-1.17.1.jar:/home/user/.m2/repository/com/google/errorprone/error_prone_annotations/2.2.0/error_prone_annotations-2.2.0.jar:/home/user/.m2/repository/org/codehaus/mojo/animal-sniffer-annotations/1.17/animal-sniffer-annotations-1.17.jar:/home/user/.m2/repository/io/opencensus/opencensus-api/0.17.0/opencensus-api-0.17.0.jar:/home/user/.m2/repository/io/opencensus/opencensus-contrib-grpc-metrics/0.17.0/opencensus-contrib-grpc-metrics-0.17.0.jar:/home/user/.m2/repository/io/netty/netty-codec-http2/4.1.30.Final/netty-codec-http2-4.1.30.Final.jar:/home/user/.m2/repository/io/netty/netty-codec-http/4.1.30.Final/netty-codec-http-4.1.30.Final.jar:/home/user/.m2/repository/io/netty/netty-codec/4.1.30.Final/netty-codec-4.1.30.Final.jar:/home/user/.m2/repository/io/netty/netty-handler/4.1.30.Final/netty-handler-4.1.30.Final.jar:/home/user/.m2/repository/io/netty/netty-handler-proxy/4.1.30.Final/netty-handler-proxy-4.1.30.Final.jar:/home/user/.m2/repository/io/netty/netty-codec-socks/4.1.30.Final/netty-codec-socks-4.1.30.Final.jar:/home/user/.m2/repository/io/netty/netty-transport-native-epoll/4.1.30.Final/netty-transport-native-epoll-4.1.30.Final.jar:/home/user/.m2/repository/io/netty/netty-common/4.1.30.Final/netty-common-4.1.30.Final.jar:/home/user/.m2/repository/io/netty/netty-buffer/4.1.30.Final/netty-buffer-4.1.30.Final.jar:/home/user/.m2/repository/io/netty/netty-transport/4.1.30.Final/netty-transport-4.1.30.Final.jar:/home/user/.m2/repository/io/netty/netty-resolver/4.1.30.Final/netty-resolver-4.1.30.Final.jar:/home/user/.m2/repository/io/netty/netty-transport-native-unix-common/4.1.30.Final/netty-transport-native-unix-common-4.1.30.Final.jar:/home/user/.m2/repository/io/grpc/grpc-protobuf/1.17.1/grpc-protobuf-1.17.1.jar:/home/user/.m2/repository/com/google/api/grpc/proto-google-common-protos/1.0.0/proto-google-common-protos-1.0.0.jar:/home/user/.m2/repository/io/grpc/grpc-protobuf-lite/1.17.1/grpc-protobuf-lite-1.17.1.jar:/home/user/.m2/repository/io/grpc/grpc-stub/1.17.1/grpc-stub-1.17.1.jar:/home/user/.m2/repository/org/apache/hadoop/hadoop-ozone-recon/0.5.0-SNAPSHOT/hadoop-ozone-recon-0.5.0-SNAPSHOT.jar:/home/user/.m2/repository/org/apache/hadoop/hadoop-ozone-reconcodegen/0.5.0-SNAPSHOT/hadoop-ozone-reconcodegen-0.5.0-SNAPSHOT.jar:/home/user/.m2/repository/com/google/inject/extensions/guice-multibindings/4.0/guice-multibindings-4.0.jar:/home/user/.m2/repository/com/google/inject/guice/4.0/guice-4.0.jar:/home/user/.m2/repository/aopalliance/aopalliance/1.0/aopalliance-1.0.jar:/home/user/.m2/repository/com/google/inject/extensions/guice-servlet/4.0/guice-servlet-4.0.jar:/home/user/.m2/repository/org/glassfish/jersey/containers/jersey-container-servlet/2.27/jersey-container-servlet-2.27.jar:/home/user/.m2/repository/org/glassfish/hk2/guice-bridge/2.5.0/guice-bridge-2.5.0.jar:/home/user/.m2/repository/org/glassfish/jersey/core/jersey-server/2.27/jersey-server-2.27.jar:/home/user/.m2/repository/org/glassfish/jersey/core/jersey-client/2.27/jersey-client-2.27.jar:/home/user/.m2/repository/org/glassfish/jersey/media/jersey-media-jaxb/2.27/jersey-media-jaxb-2.27.jar:/home/user/.m2/repository/javax/validation/validation-api/1.1.0.Final/validation-api-1.1.0.Final.jar:/home/user/.m2/repository/org/glassfish/jersey/media/jersey-media-json-jackson/2.27/jersey-media-json-jackson-2.27.jar:/home/user/.m2/repository/org/glassfish/jersey/ext/jersey-entity-filtering/2.27/jersey-entity-filtering-2.27.jar:/home/user/.m2/repository/com/google/inject/extensions/guice-assistedinject/4.0/guice-assistedinject-4.0.jar:/home/user/.m2/repository/org/jooq/jooq/3.11.10/jooq-3.11.10.jar:/home/user/.m2/repository/org/jooq/jooq-meta/3.11.10/jooq-meta-3.11.10.jar:/home/user/.m2/repository/org/jooq/jooq-codegen/3.11.10/jooq-codegen-3.11.10.jar:/home/user/.m2/repository/com/jolbox/bonecp/0.8.0.RELEASE/bonecp-0.8.0.RELEASE.jar:/home/user/.m2/repository/org/springframework/spring-jdbc/5.1.3.RELEASE/spring-jdbc-5.1.3.RELEASE.jar:/home/user/.m2/repository/org/springframework/spring-beans/5.1.3.RELEASE/spring-beans-5.1.3.RELEASE.jar:/home/user/.m2/repository/org/springframework/spring-core/5.1.3.RELEASE/spring-core-5.1.3.RELEASE.jar:/home/user/.m2/repository/org/springframework/spring-jcl/5.1.3.RELEASE/spring-jcl-5.1.3.RELEASE.jar:/home/user/.m2/repository/org/springframework/spring-tx/5.1.3.RELEASE/spring-tx-5.1.3.RELEASE.jar:/home/user/.m2/repository/org/mockito/mockito-core/2.15.0/mockito-core-2.15.0.jar:/home/user/.m2/repository/net/bytebuddy/byte-buddy/1.7.9/byte-buddy-1.7.9.jar:/home/user/.m2/repository/net/bytebuddy/byte-buddy-agent/1.7.9/byte-buddy-agent-1.7.9.jar:/home/user/.m2/repository/org/objenesis/objenesis/1.0/objenesis-1.0.jar:"/>
    <property name="java.vm.vendor" value="IcedTea"/>
    <property name="sun.arch.data.model" value="64"/>
    <property name="test.build.dir" value="/workdir/hadoop-ozone/tools/target/test-dir"/>
    <property name="test.cache.data" value=""/>
    <property name="java.vendor.url" value="https://icedtea.classpath.org"/>
    <property name="user.timezone" value=""/>
    <property name="java.vm.specification.version" value="1.8"/>
    <property name="os.name" value="Linux"/>
    <property name="test.build.data" value="/workdir/hadoop-ozone/tools/target/test-dir"/>
    <property name="user.country" value="US"/>
    <property name="sun.java.launcher" value="SUN_STANDARD"/>
    <property name="sun.boot.library.path" value="/usr/lib/jvm/java-1.8-openjdk/jre/lib/amd64"/>
    <property name="sun.java.command" value="/workdir/hadoop-ozone/tools/target/surefire/surefirebooter5204013852386728732.jar /workdir/hadoop-ozone/tools/target/surefire 2019-09-25T11-13-37_982-jvmRun1 surefire3334520880100920241tmp surefire_1136289652111149823519tmp"/>
    <property name="test" value="!TestMiniChaosOzoneCluster"/>
    <property name="surefire.test.class.path" value="/workdir/hadoop-ozone/tools/target/test-classes:/workdir/hadoop-ozone/tools/target/classes:/home/user/.m2/repository/org/apache/hadoop/hadoop-ozone-ozone-manager/0.5.0-SNAPSHOT/hadoop-ozone-ozone-manager-0.5.0-SNAPSHOT.jar:/home/user/.m2/repository/org/apache/hadoop/hadoop-hdds-docs/0.5.0-SNAPSHOT/hadoop-hdds-docs-0.5.0-SNAPSHOT.jar:/home/user/.m2/repository/org/bouncycastle/bcprov-jdk15on/1.60/bcprov-jdk15on-1.60.jar:/home/user/.m2/repository/org/apache/hadoop/hadoop-ozone-common/0.5.0-SNAPSHOT/hadoop-ozone-common-0.5.0-SNAPSHOT.jar:/home/user/.m2/repository/org/apache/commons/commons-compress/1.4.1/commons-compress-1.4.1.jar:/home/user/.m2/repository/org/tukaani/xz/1.0/xz-1.0.jar:/home/user/.m2/repository/org/apache/hadoop/hadoop-hdfs-client/3.2.0/hadoop-hdfs-client-3.2.0.jar:/home/user/.m2/repository/com/fasterxml/jackson/core/jackson-annotations/2.9.9/jackson-annotations-2.9.9.jar:/home/user/.m2/repository/org/apache/hadoop/hadoop-hdds-common/0.5.0-SNAPSHOT/hadoop-hdds-common-0.5.0-SNAPSHOT.jar:/home/user/.m2/repository/org/apache/hadoop/hadoop-hdds-config/0.5.0-SNAPSHOT/hadoop-hdds-config-0.5.0-SNAPSHOT.jar:/home/user/.m2/repository/javax/annotation/javax.annotation-api/1.2/javax.annotation-api-1.2.jar:/home/user/.m2/repository/org/apache/ratis/ratis-server/0.4.0/ratis-server-0.4.0.jar:/home/user/.m2/repository/org/apache/ratis/ratis-thirdparty-misc/0.2.0/ratis-thirdparty-misc-0.2.0.jar:/home/user/.m2/repository/org/apache/ratis/ratis-proto/0.4.0/ratis-proto-0.4.0.jar:/home/user/.m2/repository/org/apache/ratis/ratis-common/0.4.0/ratis-common-0.4.0.jar:/home/user/.m2/repository/org/apache/ratis/ratis-client/0.4.0/ratis-client-0.4.0.jar:/home/user/.m2/repository/org/apache/ratis/ratis-metrics/0.4.0/ratis-metrics-0.4.0.jar:/home/user/.m2/repository/com/github/joshelser/dropwizard-metrics-hadoop-metrics2-reporter/0.1.2/dropwizard-metrics-hadoop-metrics2-reporter-0.1.2.jar:/home/user/.m2/repository/io/dropwizard/metrics/metrics-jvm/3.2.5/metrics-jvm-3.2.5.jar:/home/user/.m2/repository/io/dropwizard/metrics/metrics-ganglia/3.2.5/metrics-ganglia-3.2.5.jar:/home/user/.m2/repository/info/ganglia/gmetric4j/gmetric4j/1.0.7/gmetric4j-1.0.7.jar:/home/user/.m2/repository/org/apache/ratis/ratis-netty/0.4.0/ratis-netty-0.4.0.jar:/home/user/.m2/repository/org/apache/ratis/ratis-grpc/0.4.0/ratis-grpc-0.4.0.jar:/home/user/.m2/repository/org/rocksdb/rocksdbjni/6.0.1/rocksdbjni-6.0.1.jar:/home/user/.m2/repository/org/apache/logging/log4j/log4j-api/2.11.0/log4j-api-2.11.0.jar:/home/user/.m2/repository/org/apache/logging/log4j/log4j-core/2.11.0/log4j-core-2.11.0.jar:/home/user/.m2/repository/com/lmax/disruptor/3.4.2/disruptor-3.4.2.jar:/home/user/.m2/repository/org/apache/commons/commons-pool2/2.6.0/commons-pool2-2.6.0.jar:/home/user/.m2/repository/org/bouncycastle/bcpkix-jdk15on/1.60/bcpkix-jdk15on-1.60.jar:/home/user/.m2/repository/commons-validator/commons-validator/1.6/commons-validator-1.6.jar:/home/user/.m2/repository/commons-digester/commons-digester/1.8.1/commons-digester-1.8.1.jar:/home/user/.m2/repository/io/jaegertracing/jaeger-client/0.34.0/jaeger-client-0.34.0.jar:/home/user/.m2/repository/io/jaegertracing/jaeger-thrift/0.34.0/jaeger-thrift-0.34.0.jar:/home/user/.m2/repository/org/apache/thrift/libthrift/0.12.0/libthrift-0.12.0.jar:/home/user/.m2/repository/com/squareup/okhttp3/okhttp/3.9.0/okhttp-3.9.0.jar:/home/user/.m2/repository/com/squareup/okio/okio/1.13.0/okio-1.13.0.jar:/home/user/.m2/repository/io/jaegertracing/jaeger-core/0.34.0/jaeger-core-0.34.0.jar:/home/user/.m2/repository/io/jaegertracing/jaeger-tracerresolver/0.34.0/jaeger-tracerresolver-0.34.0.jar:/home/user/.m2/repository/io/opentracing/contrib/opentracing-tracerresolver/0.1.5/opentracing-tracerresolver-0.1.5.jar:/home/user/.m2/repository/io/opentracing/opentracing-util/0.31.0/opentracing-util-0.31.0.jar:/home/user/.m2/repository/io/opentracing/opentracing-api/0.31.0/opentracing-api-0.31.0.jar:/home/user/.m2/repository/io/opentracing/opentracing-noop/0.31.0/opentracing-noop-0.31.0.jar:/home/user/.m2/repository/org/yaml/snakeyaml/1.16/snakeyaml-1.16.jar:/home/user/.m2/repository/org/apache/hadoop/hadoop-hdds-container-service/0.5.0-SNAPSHOT/hadoop-hdds-container-service-0.5.0-SNAPSHOT.jar:/home/user/.m2/repository/org/apache/hadoop/hadoop-hdds-client/0.5.0-SNAPSHOT/hadoop-hdds-client-0.5.0-SNAPSHOT.jar:/home/user/.m2/repository/org/apache/hadoop/hadoop-hdds-tools/0.5.0-SNAPSHOT/hadoop-hdds-tools-0.5.0-SNAPSHOT.jar:/home/user/.m2/repository/org/xerial/sqlite-jdbc/3.25.2/sqlite-jdbc-3.25.2.jar:/home/user/.m2/repository/org/apache/hadoop/hadoop-hdds-server-scm/0.5.0-SNAPSHOT/hadoop-hdds-server-scm-0.5.0-SNAPSHOT.jar:/home/user/.m2/repository/org/hamcrest/hamcrest-all/1.3/hamcrest-all-1.3.jar:/home/user/.m2/repository/info/picocli/picocli/3.9.6/picocli-3.9.6.jar:/home/user/.m2/repository/com/google/protobuf/protobuf-java/2.5.0/protobuf-java-2.5.0.jar:/home/user/.m2/repository/com/google/guava/guava/11.0.2/guava-11.0.2.jar:/home/user/.m2/repository/org/apache/hadoop/hadoop-ozone-client/0.5.0-SNAPSHOT/hadoop-ozone-client-0.5.0-SNAPSHOT.jar:/workdir/hadoop-ozone/ozonefs/target/classes:/home/user/.m2/repository/org/apache/hadoop/hadoop-hdds-server-framework/0.5.0-SNAPSHOT/hadoop-hdds-server-framework-0.5.0-SNAPSHOT.jar:/home/user/.m2/repository/org/apache/hadoop/hadoop-common/3.2.0/hadoop-common-3.2.0.jar:/home/user/.m2/repository/org/apache/hadoop/hadoop-annotations/3.2.0/hadoop-annotations-3.2.0.jar:/usr/lib/jvm/java-1.8-openjdk/jre/../lib/tools.jar:/home/user/.m2/repository/commons-cli/commons-cli/1.2/commons-cli-1.2.jar:/home/user/.m2/repository/org/apache/commons/commons-math3/3.1.1/commons-math3-3.1.1.jar:/home/user/.m2/repository/org/apache/httpcomponents/httpclient/4.5.2/httpclient-4.5.2.jar:/home/user/.m2/repository/org/apache/httpcomponents/httpcore/4.4.4/httpcore-4.4.4.jar:/home/user/.m2/repository/commons-codec/commons-codec/1.11/commons-codec-1.11.jar:/home/user/.m2/repository/commons-io/commons-io/2.5/commons-io-2.5.jar:/home/user/.m2/repository/commons-net/commons-net/3.6/commons-net-3.6.jar:/home/user/.m2/repository/commons-collections/commons-collections/3.2.2/commons-collections-3.2.2.jar:/home/user/.m2/repository/javax/servlet/javax.servlet-api/3.1.0/javax.servlet-api-3.1.0.jar:/home/user/.m2/repository/org/eclipse/jetty/jetty-server/9.3.25.v20180904/jetty-server-9.3.25.v20180904.jar:/home/user/.m2/repository/org/eclipse/jetty/jetty-http/9.3.25.v20180904/jetty-http-9.3.25.v20180904.jar:/home/user/.m2/repository/org/eclipse/jetty/jetty-io/9.3.25.v20180904/jetty-io-9.3.25.v20180904.jar:/home/user/.m2/repository/org/eclipse/jetty/jetty-util/9.3.25.v20180904/jetty-util-9.3.25.v20180904.jar:/home/user/.m2/repository/org/eclipse/jetty/jetty-servlet/9.3.25.v20180904/jetty-servlet-9.3.25.v20180904.jar:/home/user/.m2/repository/org/eclipse/jetty/jetty-security/9.3.25.v20180904/jetty-security-9.3.25.v20180904.jar:/home/user/.m2/repository/org/eclipse/jetty/jetty-webapp/9.3.25.v20180904/jetty-webapp-9.3.25.v20180904.jar:/home/user/.m2/repository/org/eclipse/jetty/jetty-xml/9.3.25.v20180904/jetty-xml-9.3.25.v20180904.jar:/home/user/.m2/repository/javax/servlet/jsp/jsp-api/2.1/jsp-api-2.1.jar:/home/user/.m2/repository/com/sun/jersey/jersey-core/1.19/jersey-core-1.19.jar:/home/user/.m2/repository/javax/ws/rs/jsr311-api/1.1.1/jsr311-api-1.1.1.jar:/home/user/.m2/repository/com/sun/jersey/jersey-servlet/1.19/jersey-servlet-1.19.jar:/home/user/.m2/repository/com/sun/jersey/jersey-json/1.19/jersey-json-1.19.jar:/home/user/.m2/repository/org/codehaus/jettison/jettison/1.1/jettison-1.1.jar:/home/user/.m2/repository/com/sun/xml/bind/jaxb-impl/2.3.0.1/jaxb-impl-2.3.0.1.jar:/home/user/.m2/repository/org/codehaus/jackson/jackson-core-asl/1.9.13/jackson-core-asl-1.9.13.jar:/home/user/.m2/repository/org/codehaus/jackson/jackson-mapper-asl/1.9.13/jackson-mapper-asl-1.9.13.jar:/home/user/.m2/repository/org/codehaus/jackson/jackson-jaxrs/1.9.13/jackson-jaxrs-1.9.13.jar:/home/user/.m2/repository/org/codehaus/jackson/jackson-xc/1.9.13/jackson-xc-1.9.13.jar:/home/user/.m2/repository/com/sun/jersey/jersey-server/1.19/jersey-server-1.19.jar:/home/user/.m2/repository/commons-logging/commons-logging/1.1.3/commons-logging-1.1.3.jar:/home/user/.m2/repository/log4j/log4j/1.2.17/log4j-1.2.17.jar:/home/user/.m2/repository/commons-beanutils/commons-beanutils/1.9.4/commons-beanutils-1.9.4.jar:/home/user/.m2/repository/org/apache/commons/commons-configuration2/2.1.1/commons-configuration2-2.1.1.jar:/home/user/.m2/repository/org/apache/commons/commons-lang3/3.7/commons-lang3-3.7.jar:/home/user/.m2/repository/org/apache/commons/commons-text/1.4/commons-text-1.4.jar:/home/user/.m2/repository/org/slf4j/slf4j-api/1.7.25/slf4j-api-1.7.25.jar:/home/user/.m2/repository/org/slf4j/slf4j-log4j12/1.7.25/slf4j-log4j12-1.7.25.jar:/home/user/.m2/repository/org/apache/avro/avro/1.7.7/avro-1.7.7.jar:/home/user/.m2/repository/com/thoughtworks/paranamer/paranamer/2.3/paranamer-2.3.jar:/home/user/.m2/repository/org/xerial/snappy/snappy-java/1.0.5/snappy-java-1.0.5.jar:/home/user/.m2/repository/com/google/re2j/re2j/1.1/re2j-1.1.jar:/home/user/.m2/repository/com/google/code/gson/gson/2.2.4/gson-2.2.4.jar:/home/user/.m2/repository/org/apache/hadoop/hadoop-auth/3.2.0/hadoop-auth-3.2.0.jar:/home/user/.m2/repository/com/nimbusds/nimbus-jose-jwt/4.41.1/nimbus-jose-jwt-4.41.1.jar:/home/user/.m2/repository/com/github/stephenc/jcip/jcip-annotations/1.0-1/jcip-annotations-1.0-1.jar:/home/user/.m2/repository/net/minidev/json-smart/2.3/json-smart-2.3.jar:/home/user/.m2/repository/net/minidev/accessors-smart/1.2/accessors-smart-1.2.jar:/home/user/.m2/repository/org/apache/curator/curator-framework/2.12.0/curator-framework-2.12.0.jar:/home/user/.m2/repository/com/jcraft/jsch/0.1.54/jsch-0.1.54.jar:/home/user/.m2/repository/org/apache/curator/curator-client/2.12.0/curator-client-2.12.0.jar:/home/user/.m2/repository/org/apache/curator/curator-recipes/2.12.0/curator-recipes-2.12.0.jar:/home/user/.m2/repository/com/google/code/findbugs/jsr305/3.0.0/jsr305-3.0.0.jar:/home/user/.m2/repository/org/apache/htrace/htrace-core4/4.1.0-incubating/htrace-core4-4.1.0-incubating.jar:/home/user/.m2/repository/org/apache/zookeeper/zookeeper/3.4.13/zookeeper-3.4.13.jar:/home/user/.m2/repository/jline/jline/0.9.94/jline-0.9.94.jar:/home/user/.m2/repository/org/apache/yetus/audience-annotations/0.5.0/audience-annotations-0.5.0.jar:/home/user/.m2/repository/org/apache/kerby/kerb-simplekdc/1.0.1/kerb-simplekdc-1.0.1.jar:/home/user/.m2/repository/org/apache/kerby/kerb-client/1.0.1/kerb-client-1.0.1.jar:/home/user/.m2/repository/org/apache/kerby/kerby-config/1.0.1/kerby-config-1.0.1.jar:/home/user/.m2/repository/org/apache/kerby/kerb-core/1.0.1/kerb-core-1.0.1.jar:/home/user/.m2/repository/org/apache/kerby/kerby-pkix/1.0.1/kerby-pkix-1.0.1.jar:/home/user/.m2/repository/org/apache/kerby/kerby-asn1/1.0.1/kerby-asn1-1.0.1.jar:/home/user/.m2/repository/org/apache/kerby/kerby-util/1.0.1/kerby-util-1.0.1.jar:/home/user/.m2/repository/org/apache/kerby/kerb-common/1.0.1/kerb-common-1.0.1.jar:/home/user/.m2/repository/org/apache/kerby/kerb-crypto/1.0.1/kerb-crypto-1.0.1.jar:/home/user/.m2/repository/org/apache/kerby/kerb-util/1.0.1/kerb-util-1.0.1.jar:/home/user/.m2/repository/org/apache/kerby/token-provider/1.0.1/token-provider-1.0.1.jar:/home/user/.m2/repository/org/apache/kerby/kerb-admin/1.0.1/kerb-admin-1.0.1.jar:/home/user/.m2/repository/org/apache/kerby/kerb-server/1.0.1/kerb-server-1.0.1.jar:/home/user/.m2/repository/org/apache/kerby/kerb-identity/1.0.1/kerb-identity-1.0.1.jar:/home/user/.m2/repository/org/apache/kerby/kerby-xdr/1.0.1/kerby-xdr-1.0.1.jar:/home/user/.m2/repository/com/fasterxml/jackson/core/jackson-databind/2.9.9/jackson-databind-2.9.9.jar:/home/user/.m2/repository/com/fasterxml/jackson/core/jackson-core/2.9.9/jackson-core-2.9.9.jar:/home/user/.m2/repository/org/codehaus/woodstox/stax2-api/3.1.4/stax2-api-3.1.4.jar:/home/user/.m2/repository/com/fasterxml/woodstox/woodstox-core/5.0.3/woodstox-core-5.0.3.jar:/home/user/.m2/repository/dnsjava/dnsjava/2.1.7/dnsjava-2.1.7.jar:/home/user/.m2/repository/org/apache/hadoop/hadoop-hdfs/3.2.0/hadoop-hdfs-3.2.0.jar:/home/user/.m2/repository/org/eclipse/jetty/jetty-util-ajax/9.3.25.v20180904/jetty-util-ajax-9.3.25.v20180904.jar:/home/user/.m2/repository/commons-daemon/commons-daemon/1.0.13/commons-daemon-1.0.13.jar:/home/user/.m2/repository/io/netty/netty/3.10.5.Final/netty-3.10.5.Final.jar:/home/user/.m2/repository/io/netty/netty-all/4.0.52.Final/netty-all-4.0.52.Final.jar:/home/user/.m2/repository/org/fusesource/leveldbjni/leveldbjni-all/1.8/leveldbjni-all-1.8.jar:/home/user/.m2/repository/com/sun/xml/bind/jaxb-core/2.3.0.1/jaxb-core-2.3.0.1.jar:/home/user/.m2/repository/javax/xml/bind/jaxb-api/2.3.0/jaxb-api-2.3.0.jar:/home/user/.m2/repository/javax/activation/activation/1.1.1/activation-1.1.1.jar:/home/user/.m2/repository/io/dropwizard/metrics/metrics-core/3.2.4/metrics-core-3.2.4.jar:/home/user/.m2/repository/org/openjdk/jmh/jmh-core/1.19/jmh-core-1.19.jar:/home/user/.m2/repository/net/sf/jopt-simple/jopt-simple/4.6/jopt-simple-4.6.jar:/home/user/.m2/repository/org/openjdk/jmh/jmh-generator-annprocess/1.19/jmh-generator-annprocess-1.19.jar:/home/user/.m2/repository/com/amazonaws/aws-java-sdk-s3/1.11.615/aws-java-sdk-s3-1.11.615.jar:/home/user/.m2/repository/com/amazonaws/aws-java-sdk-kms/1.11.615/aws-java-sdk-kms-1.11.615.jar:/home/user/.m2/repository/com/amazonaws/aws-java-sdk-core/1.11.615/aws-java-sdk-core-1.11.615.jar:/home/user/.m2/repository/software/amazon/ion/ion-java/1.0.2/ion-java-1.0.2.jar:/home/user/.m2/repository/com/fasterxml/jackson/dataformat/jackson-dataformat-cbor/2.9.9/jackson-dataformat-cbor-2.9.9.jar:/home/user/.m2/repository/joda-time/joda-time/2.9.9/joda-time-2.9.9.jar:/home/user/.m2/repository/com/amazonaws/jmespath-java/1.11.615/jmespath-java-1.11.615.jar:/home/user/.m2/repository/com/google/code/findbugs/findbugs/3.0.1/findbugs-3.0.1.jar:/home/user/.m2/repository/net/jcip/jcip-annotations/1.0/jcip-annotations-1.0.jar:/home/user/.m2/repository/com/google/code/findbugs/bcel-findbugs/6.0/bcel-findbugs-6.0.jar:/home/user/.m2/repository/com/google/code/findbugs/jFormatString/2.0.1/jFormatString-2.0.1.jar:/home/user/.m2/repository/dom4j/dom4j/1.6.1/dom4j-1.6.1.jar:/home/user/.m2/repository/xml-apis/xml-apis/1.0.b2/xml-apis-1.0.b2.jar:/home/user/.m2/repository/org/ow2/asm/asm-debug-all/5.0.2/asm-debug-all-5.0.2.jar:/home/user/.m2/repository/org/ow2/asm/asm-commons/5.0.2/asm-commons-5.0.2.jar:/home/user/.m2/repository/org/ow2/asm/asm-tree/5.0.2/asm-tree-5.0.2.jar:/home/user/.m2/repository/org/ow2/asm/asm/5.0.4/asm-5.0.4.jar:/home/user/.m2/repository/commons-lang/commons-lang/2.6/commons-lang-2.6.jar:/home/user/.m2/repository/com/apple/AppleJavaExtensions/1.4/AppleJavaExtensions-1.4.jar:/home/user/.m2/repository/jaxen/jaxen/1.1.6/jaxen-1.1.6.jar:/home/user/.m2/repository/junit/junit/4.11/junit-4.11.jar:/home/user/.m2/repository/org/hamcrest/hamcrest-core/1.3/hamcrest-core-1.3.jar:/home/user/.m2/repository/org/apache/hadoop/hadoop-common/3.2.0/hadoop-common-3.2.0-tests.jar:/workdir/hadoop-ozone/integration-test/target/test-classes:/home/user/.m2/repository/org/apache/hadoop/hadoop-ozone-s3gateway/0.5.0-SNAPSHOT/hadoop-ozone-s3gateway-0.5.0-SNAPSHOT.jar:/home/user/.m2/repository/org/jboss/weld/servlet/weld-servlet/2.4.7.Final/weld-servlet-2.4.7.Final.jar:/home/user/.m2/repository/org/glassfish/jersey/containers/jersey-container-servlet-core/2.27/jersey-container-servlet-core-2.27.jar:/home/user/.m2/repository/org/glassfish/hk2/external/javax.inject/2.5.0-b42/javax.inject-2.5.0-b42.jar:/home/user/.m2/repository/org/glassfish/jersey/core/jersey-common/2.27/jersey-common-2.27.jar:/home/user/.m2/repository/org/glassfish/hk2/osgi-resource-locator/1.0.1/osgi-resource-locator-1.0.1.jar:/home/user/.m2/repository/javax/ws/rs/javax.ws.rs-api/2.1/javax.ws.rs-api-2.1.jar:/home/user/.m2/repository/org/glassfish/jersey/ext/cdi/jersey-cdi1x/2.27/jersey-cdi1x-2.27.jar:/home/user/.m2/repository/org/glassfish/jersey/inject/jersey-hk2/2.27/jersey-hk2-2.27.jar:/home/user/.m2/repository/org/glassfish/hk2/hk2-locator/2.5.0-b42/hk2-locator-2.5.0-b42.jar:/home/user/.m2/repository/org/javassist/javassist/3.22.0-CR2/javassist-3.22.0-CR2.jar:/home/user/.m2/repository/org/glassfish/hk2/hk2-api/2.5.0/hk2-api-2.5.0.jar:/home/user/.m2/repository/org/glassfish/hk2/external/jakarta.inject/2.5.0/jakarta.inject-2.5.0.jar:/home/user/.m2/repository/org/glassfish/hk2/hk2-utils/2.5.0/hk2-utils-2.5.0.jar:/home/user/.m2/repository/jakarta/annotation/jakarta.annotation-api/1.3.4/jakarta.annotation-api-1.3.4.jar:/home/user/.m2/repository/org/glassfish/hk2/external/aopalliance-repackaged/2.5.0/aopalliance-repackaged-2.5.0.jar:/home/user/.m2/repository/com/fasterxml/jackson/dataformat/jackson-dataformat-xml/2.9.0/jackson-dataformat-xml-2.9.0.jar:/home/user/.m2/repository/com/fasterxml/jackson/module/jackson-module-jaxb-annotations/2.9.9/jackson-module-jaxb-annotations-2.9.9.jar:/home/user/.m2/repository/javax/enterprise/cdi-api/1.2/cdi-api-1.2.jar:/home/user/.m2/repository/javax/el/javax.el-api/3.0.0/javax.el-api-3.0.0.jar:/home/user/.m2/repository/javax/interceptor/javax.interceptor-api/1.2/javax.interceptor-api-1.2.jar:/home/user/.m2/repository/javax/inject/javax.inject/1/javax.inject-1.jar:/home/user/.m2/repository/org/apache/hadoop/hadoop-ozone-csi/0.5.0-SNAPSHOT/hadoop-ozone-csi-0.5.0-SNAPSHOT.jar:/home/user/.m2/repository/com/google/protobuf/protobuf-java-util/3.5.1/protobuf-java-util-3.5.1.jar:/home/user/.m2/repository/io/grpc/grpc-netty/1.17.1/grpc-netty-1.17.1.jar:/home/user/.m2/repository/io/grpc/grpc-core/1.17.1/grpc-core-1.17.1.jar:/home/user/.m2/repository/io/grpc/grpc-context/1.17.1/grpc-context-1.17.1.jar:/home/user/.m2/repository/com/google/errorprone/error_prone_annotations/2.2.0/error_prone_annotations-2.2.0.jar:/home/user/.m2/repository/org/codehaus/mojo/animal-sniffer-annotations/1.17/animal-sniffer-annotations-1.17.jar:/home/user/.m2/repository/io/opencensus/opencensus-api/0.17.0/opencensus-api-0.17.0.jar:/home/user/.m2/repository/io/opencensus/opencensus-contrib-grpc-metrics/0.17.0/opencensus-contrib-grpc-metrics-0.17.0.jar:/home/user/.m2/repository/io/netty/netty-codec-http2/4.1.30.Final/netty-codec-http2-4.1.30.Final.jar:/home/user/.m2/repository/io/netty/netty-codec-http/4.1.30.Final/netty-codec-http-4.1.30.Final.jar:/home/user/.m2/repository/io/netty/netty-codec/4.1.30.Final/netty-codec-4.1.30.Final.jar:/home/user/.m2/repository/io/netty/netty-handler/4.1.30.Final/netty-handler-4.1.30.Final.jar:/home/user/.m2/repository/io/netty/netty-handler-proxy/4.1.30.Final/netty-handler-proxy-4.1.30.Final.jar:/home/user/.m2/repository/io/netty/netty-codec-socks/4.1.30.Final/netty-codec-socks-4.1.30.Final.jar:/home/user/.m2/repository/io/netty/netty-transport-native-epoll/4.1.30.Final/netty-transport-native-epoll-4.1.30.Final.jar:/home/user/.m2/repository/io/netty/netty-common/4.1.30.Final/netty-common-4.1.30.Final.jar:/home/user/.m2/repository/io/netty/netty-buffer/4.1.30.Final/netty-buffer-4.1.30.Final.jar:/home/user/.m2/repository/io/netty/netty-transport/4.1.30.Final/netty-transport-4.1.30.Final.jar:/home/user/.m2/repository/io/netty/netty-resolver/4.1.30.Final/netty-resolver-4.1.30.Final.jar:/home/user/.m2/repository/io/netty/netty-transport-native-unix-common/4.1.30.Final/netty-transport-native-unix-common-4.1.30.Final.jar:/home/user/.m2/repository/io/grpc/grpc-protobuf/1.17.1/grpc-protobuf-1.17.1.jar:/home/user/.m2/repository/com/google/api/grpc/proto-google-common-protos/1.0.0/proto-google-common-protos-1.0.0.jar:/home/user/.m2/repository/io/grpc/grpc-protobuf-lite/1.17.1/grpc-protobuf-lite-1.17.1.jar:/home/user/.m2/repository/io/grpc/grpc-stub/1.17.1/grpc-stub-1.17.1.jar:/home/user/.m2/repository/org/apache/hadoop/hadoop-ozone-recon/0.5.0-SNAPSHOT/hadoop-ozone-recon-0.5.0-SNAPSHOT.jar:/home/user/.m2/repository/org/apache/hadoop/hadoop-ozone-reconcodegen/0.5.0-SNAPSHOT/hadoop-ozone-reconcodegen-0.5.0-SNAPSHOT.jar:/home/user/.m2/repository/com/google/inject/extensions/guice-multibindings/4.0/guice-multibindings-4.0.jar:/home/user/.m2/repository/com/google/inject/guice/4.0/guice-4.0.jar:/home/user/.m2/repository/aopalliance/aopalliance/1.0/aopalliance-1.0.jar:/home/user/.m2/repository/com/google/inject/extensions/guice-servlet/4.0/guice-servlet-4.0.jar:/home/user/.m2/repository/org/glassfish/jersey/containers/jersey-container-servlet/2.27/jersey-container-servlet-2.27.jar:/home/user/.m2/repository/org/glassfish/hk2/guice-bridge/2.5.0/guice-bridge-2.5.0.jar:/home/user/.m2/repository/org/glassfish/jersey/core/jersey-server/2.27/jersey-server-2.27.jar:/home/user/.m2/repository/org/glassfish/jersey/core/jersey-client/2.27/jersey-client-2.27.jar:/home/user/.m2/repository/org/glassfish/jersey/media/jersey-media-jaxb/2.27/jersey-media-jaxb-2.27.jar:/home/user/.m2/repository/javax/validation/validation-api/1.1.0.Final/validation-api-1.1.0.Final.jar:/home/user/.m2/repository/org/glassfish/jersey/media/jersey-media-json-jackson/2.27/jersey-media-json-jackson-2.27.jar:/home/user/.m2/repository/org/glassfish/jersey/ext/jersey-entity-filtering/2.27/jersey-entity-filtering-2.27.jar:/home/user/.m2/repository/com/google/inject/extensions/guice-assistedinject/4.0/guice-assistedinject-4.0.jar:/home/user/.m2/repository/org/jooq/jooq/3.11.10/jooq-3.11.10.jar:/home/user/.m2/repository/org/jooq/jooq-meta/3.11.10/jooq-meta-3.11.10.jar:/home/user/.m2/repository/org/jooq/jooq-codegen/3.11.10/jooq-codegen-3.11.10.jar:/home/user/.m2/repository/com/jolbox/bonecp/0.8.0.RELEASE/bonecp-0.8.0.RELEASE.jar:/home/user/.m2/repository/org/springframework/spring-jdbc/5.1.3.RELEASE/spring-jdbc-5.1.3.RELEASE.jar:/home/user/.m2/repository/org/springframework/spring-beans/5.1.3.RELEASE/spring-beans-5.1.3.RELEASE.jar:/home/user/.m2/repository/org/springframework/spring-core/5.1.3.RELEASE/spring-core-5.1.3.RELEASE.jar:/home/user/.m2/repository/org/springframework/spring-jcl/5.1.3.RELEASE/spring-jcl-5.1.3.RELEASE.jar:/home/user/.m2/repository/org/springframework/spring-tx/5.1.3.RELEASE/spring-tx-5.1.3.RELEASE.jar:/home/user/.m2/repository/org/mockito/mockito-core/2.15.0/mockito-core-2.15.0.jar:/home/user/.m2/repository/net/bytebuddy/byte-buddy/1.7.9/byte-buddy-1.7.9.jar:/home/user/.m2/repository/net/bytebuddy/byte-buddy-agent/1.7.9/byte-buddy-agent-1.7.9.jar:/home/user/.m2/repository/org/objenesis/objenesis/1.0/objenesis-1.0.jar:"/>
    <property name="sun.cpu.endian" value="little"/>
    <property name="user.home" value="/home/user"/>
    <property name="user.language" value="en"/>
    <property name="java.specification.vendor" value="Oracle Corporation"/>
    <property name="java.home" value="/usr/lib/jvm/java-1.8-openjdk/jre"/>
    <property name="java.security.krb5.conf" value="/workdir/hadoop-ozone/tools/target/test-classes/krb5.conf"/>
    <property name="basedir" value="/workdir/hadoop-ozone/tools"/>
    <property name="file.separator" value="/"/>
    <property name="line.separator" value="&#10;"/>
    <property name="java.vm.specification.vendor" value="Oracle Corporation"/>
    <property name="java.specification.name" value="Java Platform API Specification"/>
    <property name="java.awt.graphicsenv" value="sun.awt.X11GraphicsEnvironment"/>
    <property name="surefire.real.class.path" value="/workdir/hadoop-ozone/tools/target/surefire/surefirebooter5204013852386728732.jar"/>
    <property name="hadoop.log.dir" value="/workdir/hadoop-ozone/tools/target/log"/>
    <property name="sun.boot.class.path" value="/usr/lib/jvm/java-1.8-openjdk/jre/lib/resources.jar:/usr/lib/jvm/java-1.8-openjdk/jre/lib/rt.jar:/usr/lib/jvm/java-1.8-openjdk/jre/lib/sunrsasign.jar:/usr/lib/jvm/java-1.8-openjdk/jre/lib/jsse.jar:/usr/lib/jvm/java-1.8-openjdk/jre/lib/jce.jar:/usr/lib/jvm/java-1.8-openjdk/jre/lib/charsets.jar:/usr/lib/jvm/java-1.8-openjdk/jre/lib/jfr.jar:/usr/lib/jvm/java-1.8-openjdk/jre/classes"/>
    <property name="sun.management.compiler" value="HotSpot 64-Bit Tiered Compilers"/>
    <property name="java.runtime.version" value="1.8.0_212-b04"/>
    <property name="java.net.preferIPv4Stack" value="true"/>
    <property name="user.name" value="jenkins1000"/>
    <property name="path.separator" value=":"/>
    <property name="java.security.egd" value="file:///dev/urandom"/>
    <property name="os.version" value="3.10.0-957.12.2.el7.x86_64"/>
    <property name="java.endorsed.dirs" value="/usr/lib/jvm/java-1.8-openjdk/jre/lib/endorsed"/>
    <property name="java.runtime.name" value="OpenJDK Runtime Environment"/>
    <property name="file.encoding" value="UTF-8"/>
    <property name="java.vm.name" value="OpenJDK 64-Bit Server VM"/>
    <property name="test.build.webapps" value=""/>
    <property name="localRepository" value="/home/user/.m2/repository"/>
    <property name="java.vendor.url.bug" value="https://icedtea.classpath.org/bugzilla"/>
    <property name="java.io.tmpdir" value="/tmp"/>
    <property name="require.test.libhadoop" value=""/>
    <property name="java.version" value="1.8.0_212"/>
    <property name="user.dir" value="/workdir/hadoop-ozone/tools"/>
    <property name="os.arch" value="amd64"/>
    <property name="java.vm.specification.name" value="Java Virtual Machine Specification"/>
    <property name="test.build.classes" value="/workdir/hadoop-ozone/tools/target/test-classes"/>
    <property name="java.awt.printerjob" value="sun.print.PSPrinterJob"/>
    <property name="sun.os.patch.level" value="unknown"/>
    <property name="hadoop.tmp.dir" value="/workdir/hadoop-ozone/tools/target/tmp"/>
    <property name="java.library.path" value="/usr/lib/jvm/java-1.8-openjdk/jre/lib/amd64/server:/usr/lib/jvm/java-1.8-openjdk/jre/lib/amd64:/usr/lib/jvm/java-1.8-openjdk/jre/../lib/amd64:/workdir/hadoop-ozone/tools/target/native/target/usr/local/lib:/workdir/hadoop-ozone/tools/../../hadoop-common-project/hadoop-common/target/native/target/usr/local/lib:/usr/java/packages/lib/amd64:/usr/lib64:/lib64:/lib:/usr/lib"/>
    <property name="java.vm.info" value="mixed mode"/>
    <property name="java.vendor" value="IcedTea"/>
    <property name="java.vm.version" value="25.212-b04"/>
    <property name="java.ext.dirs" value="/usr/lib/jvm/java-1.8-openjdk/jre/lib/ext:/usr/java/packages/lib/ext"/>
    <property name="sun.io.unicode.encoding" value="UnicodeLittle"/>
    <property name="java.class.version" value="52.0"/>
  </properties>
  <testcase name="ratisTestLargeKey" classname="org.apache.hadoop.ozone.freon.TestDataValidateWithUnsafeByteOperations" time="10.689">
    <error message="Allocated 0 blocks. Requested 5 blocks" type="INTERNAL_ERROR org.apache.hadoop.ozone.om.exceptions.OMException">INTERNAL_ERROR org.apache.hadoop.ozone.om.exceptions.OMException: Allocated 0 blocks. Requested 5 blocks
	at org.apache.hadoop.ozone.om.protocolPB.OzoneManagerProtocolClientSideTranslatorPB.handleError(OzoneManagerProtocolClientSideTranslatorPB.java:732)
	at org.apache.hadoop.ozone.om.protocolPB.OzoneManagerProtocolClientSideTranslatorPB.openKey(OzoneManagerProtocolClientSideTranslatorPB.java:723)
	at sun.reflect.NativeMethodAccessorImpl.invoke0(Native Method)
	at sun.reflect.NativeMethodAccessorImpl.invoke(NativeMethodAccessorImpl.java:62)
	at sun.reflect.DelegatingMethodAccessorImpl.invoke(DelegatingMethodAccessorImpl.java:43)
	at java.lang.reflect.Method.invoke(Method.java:498)
	at org.apache.hadoop.hdds.tracing.TraceAllMethod.invoke(TraceAllMethod.java:66)
	at com.sun.proxy.$Proxy37.openKey(Unknown Source)
	at org.apache.hadoop.ozone.client.rpc.RpcClient.createKey(RpcClient.java:614)
	at org.apache.hadoop.ozone.client.OzoneBucket.createKey(OzoneBucket.java:325)
	at org.apache.hadoop.ozone.freon.RandomKeyGenerator.createKey(RandomKeyGenerator.java:695)
	at org.apache.hadoop.ozone.freon.RandomKeyGenerator.access$1100(RandomKeyGenerator.java:88)
	at org.apache.hadoop.ozone.freon.RandomKeyGenerator$ObjectCreator.run(RandomKeyGenerator.java:615)
	at java.util.concurrent.Executors$RunnableAdapter.call(Executors.java:511)
	at java.util.concurrent.FutureTask.run(FutureTask.java:266)
	at java.util.concurrent.ThreadPoolExecutor.runWorker(ThreadPoolExecutor.java:1149)
	at java.util.concurrent.ThreadPoolExecutor$Worker.run(ThreadPoolExecutor.java:624)
	at java.lang.Thread.run(Thread.java:748)
</error>
    <system-out><![CDATA[2019-09-25 12:57:22,861 [main] WARN  server.ServerUtils (ServerUtils.java:getScmDbDir(145)) - ozone.scm.db.dirs is not configured. We recommend adding this setting. Falling back to ozone.metadata.dirs instead.
2019-09-25 12:57:22,984 [main] WARN  server.ServerUtils (ServerUtils.java:getScmDbDir(145)) - ozone.scm.db.dirs is not configured. We recommend adding this setting. Falling back to ozone.metadata.dirs instead.
2019-09-25 12:57:22,991 [main] WARN  server.ServerUtils (ServerUtils.java:getScmDbDir(145)) - ozone.scm.db.dirs is not configured. We recommend adding this setting. Falling back to ozone.metadata.dirs instead.
2019-09-25 12:57:23,021 [main] INFO  util.log (Log.java:initialized(192)) - Logging initialized @1088ms
2019-09-25 12:57:23,142 [main] INFO  db.DBStoreBuilder (DBStoreBuilder.java:addTable(110)) - using custom profile for table: deletedBlocks
2019-09-25 12:57:23,142 [main] INFO  db.DBStoreBuilder (DBStoreBuilder.java:processTables(161)) - Using default column profile:DBProfile.DISK for Table:deletedBlocks
2019-09-25 12:57:23,143 [main] INFO  db.DBStoreBuilder (DBStoreBuilder.java:addTable(110)) - using custom profile for table: validCerts
2019-09-25 12:57:23,143 [main] INFO  db.DBStoreBuilder (DBStoreBuilder.java:processTables(161)) - Using default column profile:DBProfile.DISK for Table:validCerts
2019-09-25 12:57:23,143 [main] INFO  db.DBStoreBuilder (DBStoreBuilder.java:addTable(110)) - using custom profile for table: revokedCerts
2019-09-25 12:57:23,143 [main] INFO  db.DBStoreBuilder (DBStoreBuilder.java:processTables(161)) - Using default column profile:DBProfile.DISK for Table:revokedCerts
2019-09-25 12:57:23,156 [main] INFO  db.DBStoreBuilder (DBStoreBuilder.java:addTable(110)) - using custom profile for table: default
2019-09-25 12:57:23,156 [main] INFO  db.DBStoreBuilder (DBStoreBuilder.java:processTables(167)) - Using default column profile:DBProfile.DISK for Table:default
2019-09-25 12:57:23,157 [main] INFO  db.DBStoreBuilder (DBStoreBuilder.java:getDbProfile(198)) - Using default options. DBProfile.DISK
2019-09-25 12:57:23,529 [main] INFO  net.NodeSchemaLoader (NodeSchemaLoader.java:loadSchemaFromFile(125)) - Loading file from sun.misc.CompoundEnumeration@3e694b3f
2019-09-25 12:57:23,531 [main] INFO  net.NodeSchemaLoader (NodeSchemaLoader.java:loadSchema(171)) - Loading network topology layer schema file
2019-09-25 12:57:23,601 [main] WARN  server.ServerUtils (ServerUtils.java:sanitizeUserArgs(70)) - ozone.scm.stale.node.interval value = 300000 is larger than max = 100000 based on the key value of ozone.scm.heartbeat.thread.interval, reset to the max value 100000.
2019-09-25 12:57:23,602 [main] WARN  server.ServerUtils (ServerUtils.java:sanitizeUserArgs(70)) - ozone.scm.stale.node.interval value = 300000 is larger than max = 100000 based on the key value of ozone.scm.heartbeat.thread.interval, reset to the max value 100000.
2019-09-25 12:57:23,605 [main] INFO  node.SCMNodeManager (SCMNodeManager.java:<init>(114)) - Entering startup safe mode.
2019-09-25 12:57:23,677 [main] INFO  algorithms.ContainerPlacementPolicyFactory (ContainerPlacementPolicyFactory.java:getPolicy(59)) - Create container placement policy of type org.apache.hadoop.hdds.scm.container.placement.algorithms.SCMContainerPlacementRandom
2019-09-25 12:57:23,692 [main] WARN  server.ServerUtils (ServerUtils.java:getScmDbDir(145)) - ozone.scm.db.dirs is not configured. We recommend adding this setting. Falling back to ozone.metadata.dirs instead.
2019-09-25 12:57:23,802 [main] INFO  pipeline.SCMPipelineManager (SCMPipelineManager.java:initializePipelineState(132)) - No pipeline exists in current db
2019-09-25 12:57:23,806 [main] WARN  server.ServerUtils (ServerUtils.java:getScmDbDir(145)) - ozone.scm.db.dirs is not configured. We recommend adding this setting. Falling back to ozone.metadata.dirs instead.
2019-09-25 12:57:23,971 [main] WARN  events.EventQueue (EventQueue.java:fireEvent(183)) - No event handler registered for event TypedEvent{payloadType=SafeModeStatus, name='SafeModeStatus'}
2019-09-25 12:57:24,396 [main] INFO  ipc.CallQueueManager (CallQueueManager.java:<init>(84)) - Using callQueue: class java.util.concurrent.LinkedBlockingQueue, queueCapacity: 2000, scheduler: class org.apache.hadoop.ipc.DefaultRpcScheduler, ipcBackoff: false.
2019-09-25 12:57:24,427 [Socket Reader #1 for port 32833] INFO  ipc.Server (Server.java:run(1074)) - Starting Socket Reader #1 for port 32833
2019-09-25 12:57:24,603 [main] INFO  ipc.CallQueueManager (CallQueueManager.java:<init>(84)) - Using callQueue: class java.util.concurrent.LinkedBlockingQueue, queueCapacity: 2000, scheduler: class org.apache.hadoop.ipc.DefaultRpcScheduler, ipcBackoff: false.
2019-09-25 12:57:24,604 [Socket Reader #1 for port 41989] INFO  ipc.Server (Server.java:run(1074)) - Starting Socket Reader #1 for port 41989
2019-09-25 12:57:24,615 [main] INFO  ipc.CallQueueManager (CallQueueManager.java:<init>(84)) - Using callQueue: class java.util.concurrent.LinkedBlockingQueue, queueCapacity: 2000, scheduler: class org.apache.hadoop.ipc.DefaultRpcScheduler, ipcBackoff: false.
2019-09-25 12:57:24,616 [Socket Reader #1 for port 42903] INFO  ipc.Server (Server.java:run(1074)) - Starting Socket Reader #1 for port 42903
2019-09-25 12:57:24,644 [main] INFO  hdfs.DFSUtil (DFSUtil.java:httpServerTemplateForNNAndJN(1641)) - Starting Web-server for scm at: http://0.0.0.0:0
2019-09-25 12:57:24,829 [main] INFO  server.AuthenticationFilter (AuthenticationFilter.java:constructSecretProvider(240)) - Unable to initialize FileSignerSecretProvider, falling back to use random secrets.
2019-09-25 12:57:24,850 [main] WARN  http.HttpRequestLog (HttpRequestLog.java:getRequestLog(97)) - Jetty request log can only be enabled using Log4j
2019-09-25 12:57:24,863 [main] INFO  http.HttpServer2 (HttpServer2.java:addGlobalFilter(975)) - Added global filter 'safety' (class=org.apache.hadoop.http.HttpServer2$QuotingInputFilter)
2019-09-25 12:57:24,866 [main] INFO  http.HttpServer2 (HttpServer2.java:addFilter(948)) - Added filter static_user_filter (class=org.apache.hadoop.http.lib.StaticUserWebFilter$StaticUserFilter) to context scm
2019-09-25 12:57:24,867 [main] INFO  http.HttpServer2 (HttpServer2.java:addFilter(958)) - Added filter static_user_filter (class=org.apache.hadoop.http.lib.StaticUserWebFilter$StaticUserFilter) to context static
2019-09-25 12:57:24,867 [main] INFO  http.HttpServer2 (HttpServer2.java:addFilter(958)) - Added filter static_user_filter (class=org.apache.hadoop.http.lib.StaticUserWebFilter$StaticUserFilter) to context logs
2019-09-25 12:57:24,899 [main] INFO  server.StorageContainerManager (StorageContainerManager.java:start(770)) - StorageContainerLocationProtocol RPC server is listening at /0.0.0.0:42903
2019-09-25 12:57:24,954 [main] WARN  impl.MetricsConfig (MetricsConfig.java:loadFirst(134)) - Cannot locate configuration: tried hadoop-metrics2-storagecontainermanager.properties,hadoop-metrics2.properties
2019-09-25 12:57:24,969 [main] INFO  impl.MetricsSystemImpl (MetricsSystemImpl.java:startTimer(374)) - Scheduled Metric snapshot period at 10 second(s).
2019-09-25 12:57:24,970 [main] INFO  impl.MetricsSystemImpl (MetricsSystemImpl.java:start(191)) - StorageContainerManager metrics system started
2019-09-25 12:57:25,192 [main] INFO  server.SCMClientProtocolServer (SCMClientProtocolServer.java:start(151)) - RPC server for Client  is listening at /0.0.0.0:42903
2019-09-25 12:57:25,193 [IPC Server Responder] INFO  ipc.Server (Server.java:run(1314)) - IPC Server Responder: starting
2019-09-25 12:57:25,193 [IPC Server listener on 42903] INFO  ipc.Server (Server.java:run(1153)) - IPC Server listener on 42903: starting
2019-09-25 12:57:25,195 [main] INFO  server.StorageContainerManager (StorageContainerManager.java:start(780)) - ScmBlockLocationProtocol RPC server is listening at /0.0.0.0:41989
2019-09-25 12:57:25,197 [main] INFO  server.SCMBlockProtocolServer (SCMBlockProtocolServer.java:start(146)) - RPC server for Block Protocol is listening at /0.0.0.0:41989
2019-09-25 12:57:25,197 [IPC Server Responder] INFO  ipc.Server (Server.java:run(1314)) - IPC Server Responder: starting
2019-09-25 12:57:25,197 [IPC Server listener on 41989] INFO  ipc.Server (Server.java:run(1153)) - IPC Server listener on 41989: starting
2019-09-25 12:57:25,199 [main] INFO  server.StorageContainerManager (StorageContainerManager.java:start(784)) - ScmDatanodeProtocl RPC server is listening at /0.0.0.0:32833
2019-09-25 12:57:25,200 [main] INFO  server.SCMDatanodeProtocolServer (SCMDatanodeProtocolServer.java:start(191)) - RPC server for DataNodes is listening at /0.0.0.0:32833
2019-09-25 12:57:25,200 [IPC Server Responder] INFO  ipc.Server (Server.java:run(1314)) - IPC Server Responder: starting
2019-09-25 12:57:25,200 [IPC Server listener on 32833] INFO  ipc.Server (Server.java:run(1153)) - IPC Server listener on 32833: starting
2019-09-25 12:57:25,204 [main] INFO  http.HttpServer2 (HttpServer2.java:bindListener(1191)) - Jetty bound to port 40926
2019-09-25 12:57:25,205 [main] INFO  server.Server (Server.java:doStart(351)) - jetty-9.3.25.v20180904, build timestamp: 2018-09-04T21:11:46Z, git hash: 3ce520221d0240229c862b122d2b06c12a625732
2019-09-25 12:57:25,239 [main] INFO  handler.ContextHandler (ContextHandler.java:doStart(781)) - Started o.e.j.s.ServletContextHandler@4983159f{/logs,file:///workdir/hadoop-ozone/tools/target/log,AVAILABLE}
2019-09-25 12:57:25,240 [main] INFO  handler.ContextHandler (ContextHandler.java:doStart(781)) - Started o.e.j.s.ServletContextHandler@1d2bd371{/static,jar:file:/home/user/.m2/repository/org/apache/hadoop/hadoop-hdds-server-scm/0.5.0-SNAPSHOT/hadoop-hdds-server-scm-0.5.0-SNAPSHOT.jar!/webapps/static,AVAILABLE}
2019-09-25 12:57:25,309 [main] INFO  handler.ContextHandler (ContextHandler.java:doStart(781)) - Started o.e.j.w.WebAppContext@78461bc4{/,file:///tmp/jetty-0.0.0.0-40926-scm-_-any-89967502518275828.dir/webapp/,AVAILABLE}{/scm}
2019-09-25 12:57:25,314 [main] INFO  server.AbstractConnector (AbstractConnector.java:doStart(278)) - Started ServerConnector@51f49060{HTTP/1.1,[http/1.1]}{0.0.0.0:40926}
2019-09-25 12:57:25,314 [main] INFO  server.Server (Server.java:doStart(419)) - Started @3381ms
2019-09-25 12:57:25,316 [main] INFO  impl.MetricsSinkAdapter (MetricsSinkAdapter.java:start(204)) - Sink prometheus started
2019-09-25 12:57:25,317 [main] INFO  impl.MetricsSystemImpl (MetricsSystemImpl.java:registerSink(301)) - Registered sink prometheus
2019-09-25 12:57:25,318 [main] INFO  server.BaseHttpServer (BaseHttpServer.java:updateConnectorAddress(215)) - HTTP server of SCM is listening at http://0.0.0.0:40926
2019-09-25 12:57:25,325 [org.apache.hadoop.util.JvmPauseMonitor$Monitor@46ab18da] INFO  util.JvmPauseMonitor (JvmPauseMonitor.java:run(188)) - Starting JVM pause monitor
2019-09-25 12:57:25,327 [main] WARN  server.ServerUtils (ServerUtils.java:getDBPath(222)) - ozone.om.db.dirs is not configured. We recommend adding this setting. Falling back to ozone.metadata.dirs instead.
2019-09-25 12:57:25,467 [main] WARN  server.ServerUtils (ServerUtils.java:getDBPath(222)) - ozone.om.db.dirs is not configured. We recommend adding this setting. Falling back to ozone.metadata.dirs instead.
2019-09-25 12:57:25,468 [main] WARN  server.ServerUtils (ServerUtils.java:getDBPath(222)) - ozone.om.db.dirs is not configured. We recommend adding this setting. Falling back to ozone.metadata.dirs instead.
2019-09-25 12:57:25,469 [main] INFO  om.OzoneManager (OzoneManager.java:setOMNodeDetails(652)) - OM Service ID is not set. Setting it to the default ID: omServiceIdDefault
2019-09-25 12:57:25,469 [main] INFO  om.OzoneManager (OzoneManager.java:setOMNodeDetails(658)) - OM Node ID is not set. Setting it to the OmStorage's OmID: 13479e6b-0de5-470d-8e07-afcfa8afd25c
2019-09-25 12:57:25,470 [main] INFO  om.OzoneManager (OzoneManager.java:loadOMHAConfigs(609)) - Found matching OM address with OMServiceId: null, OMNodeId: null, RPC Address: localhost:0 and Ratis port: 9872
2019-09-25 12:57:26,185 [main] WARN  server.ServerUtils (ServerUtils.java:getDBPath(222)) - ozone.om.db.dirs is not configured. We recommend adding this setting. Falling back to ozone.metadata.dirs instead.
2019-09-25 12:57:26,192 [main] INFO  db.DBStoreBuilder (DBStoreBuilder.java:addTable(110)) - using custom profile for table: userTable
2019-09-25 12:57:26,192 [main] INFO  db.DBStoreBuilder (DBStoreBuilder.java:processTables(161)) - Using default column profile:DBProfile.DISK for Table:userTable
2019-09-25 12:57:26,193 [main] INFO  db.DBStoreBuilder (DBStoreBuilder.java:addTable(110)) - using custom profile for table: volumeTable
2019-09-25 12:57:26,193 [main] INFO  db.DBStoreBuilder (DBStoreBuilder.java:processTables(161)) - Using default column profile:DBProfile.DISK for Table:volumeTable
2019-09-25 12:57:26,193 [main] INFO  db.DBStoreBuilder (DBStoreBuilder.java:addTable(110)) - using custom profile for table: bucketTable
2019-09-25 12:57:26,193 [main] INFO  db.DBStoreBuilder (DBStoreBuilder.java:processTables(161)) - Using default column profile:DBProfile.DISK for Table:bucketTable
2019-09-25 12:57:26,194 [main] INFO  db.DBStoreBuilder (DBStoreBuilder.java:addTable(110)) - using custom profile for table: keyTable
2019-09-25 12:57:26,194 [main] INFO  db.DBStoreBuilder (DBStoreBuilder.java:processTables(161)) - Using default column profile:DBProfile.DISK for Table:keyTable
2019-09-25 12:57:26,194 [main] INFO  db.DBStoreBuilder (DBStoreBuilder.java:addTable(110)) - using custom profile for table: deletedTable
2019-09-25 12:57:26,194 [main] INFO  db.DBStoreBuilder (DBStoreBuilder.java:processTables(161)) - Using default column profile:DBProfile.DISK for Table:deletedTable
2019-09-25 12:57:26,195 [main] INFO  db.DBStoreBuilder (DBStoreBuilder.java:addTable(110)) - using custom profile for table: openKeyTable
2019-09-25 12:57:26,195 [main] INFO  db.DBStoreBuilder (DBStoreBuilder.java:processTables(161)) - Using default column profile:DBProfile.DISK for Table:openKeyTable
2019-09-25 12:57:26,195 [main] INFO  db.DBStoreBuilder (DBStoreBuilder.java:addTable(110)) - using custom profile for table: s3Table
2019-09-25 12:57:26,195 [main] INFO  db.DBStoreBuilder (DBStoreBuilder.java:processTables(161)) - Using default column profile:DBProfile.DISK for Table:s3Table
2019-09-25 12:57:26,196 [main] INFO  db.DBStoreBuilder (DBStoreBuilder.java:addTable(110)) - using custom profile for table: multipartInfoTable
2019-09-25 12:57:26,196 [main] INFO  db.DBStoreBuilder (DBStoreBuilder.java:processTables(161)) - Using default column profile:DBProfile.DISK for Table:multipartInfoTable
2019-09-25 12:57:26,196 [main] INFO  db.DBStoreBuilder (DBStoreBuilder.java:addTable(110)) - using custom profile for table: dTokenTable
2019-09-25 12:57:26,196 [main] INFO  db.DBStoreBuilder (DBStoreBuilder.java:processTables(161)) - Using default column profile:DBProfile.DISK for Table:dTokenTable
2019-09-25 12:57:26,197 [main] INFO  db.DBStoreBuilder (DBStoreBuilder.java:addTable(110)) - using custom profile for table: s3SecretTable
2019-09-25 12:57:26,197 [main] INFO  db.DBStoreBuilder (DBStoreBuilder.java:processTables(161)) - Using default column profile:DBProfile.DISK for Table:s3SecretTable
2019-09-25 12:57:26,197 [main] INFO  db.DBStoreBuilder (DBStoreBuilder.java:addTable(110)) - using custom profile for table: prefixTable
2019-09-25 12:57:26,197 [main] INFO  db.DBStoreBuilder (DBStoreBuilder.java:processTables(161)) - Using default column profile:DBProfile.DISK for Table:prefixTable
2019-09-25 12:57:26,198 [main] INFO  db.DBStoreBuilder (DBStoreBuilder.java:addTable(110)) - using custom profile for table: default
2019-09-25 12:57:26,198 [main] INFO  db.DBStoreBuilder (DBStoreBuilder.java:processTables(167)) - Using default column profile:DBProfile.DISK for Table:default
2019-09-25 12:57:26,198 [main] INFO  db.DBStoreBuilder (DBStoreBuilder.java:getDbProfile(198)) - Using default options. DBProfile.DISK
2019-09-25 12:57:26,899 [main] INFO  ipc.CallQueueManager (CallQueueManager.java:<init>(84)) - Using callQueue: class java.util.concurrent.LinkedBlockingQueue, queueCapacity: 2000, scheduler: class org.apache.hadoop.ipc.DefaultRpcScheduler, ipcBackoff: false.
2019-09-25 12:57:26,900 [Socket Reader #1 for port 35361] INFO  ipc.Server (Server.java:run(1074)) - Starting Socket Reader #1 for port 35361
2019-09-25 12:57:26,925 [main] INFO  om.OzoneManager (OzoneManager.java:start(1243)) - OzoneManager RPC server is listening at localhost/127.0.0.1:35361
2019-09-25 12:57:26,925 [main] INFO  impl.MetricsSystemImpl (MetricsSystemImpl.java:init(158)) - OzoneManager metrics system started (again)
2019-09-25 12:57:26,926 [IPC Server Responder] INFO  ipc.Server (Server.java:run(1314)) - IPC Server Responder: starting
2019-09-25 12:57:26,927 [IPC Server listener on 35361] INFO  ipc.Server (Server.java:run(1153)) - IPC Server listener on 35361: starting
2019-09-25 12:57:26,933 [main] INFO  hdfs.DFSUtil (DFSUtil.java:httpServerTemplateForNNAndJN(1641)) - Starting Web-server for ozoneManager at: http://0.0.0.0:0
2019-09-25 12:57:26,935 [main] INFO  server.AuthenticationFilter (AuthenticationFilter.java:constructSecretProvider(240)) - Unable to initialize FileSignerSecretProvider, falling back to use random secrets.
2019-09-25 12:57:26,936 [main] WARN  http.HttpRequestLog (HttpRequestLog.java:getRequestLog(97)) - Jetty request log can only be enabled using Log4j
2019-09-25 12:57:26,937 [main] INFO  http.HttpServer2 (HttpServer2.java:addGlobalFilter(975)) - Added global filter 'safety' (class=org.apache.hadoop.http.HttpServer2$QuotingInputFilter)
2019-09-25 12:57:26,938 [main] INFO  http.HttpServer2 (HttpServer2.java:addFilter(948)) - Added filter static_user_filter (class=org.apache.hadoop.http.lib.StaticUserWebFilter$StaticUserFilter) to context ozoneManager
2019-09-25 12:57:26,938 [main] INFO  http.HttpServer2 (HttpServer2.java:addFilter(958)) - Added filter static_user_filter (class=org.apache.hadoop.http.lib.StaticUserWebFilter$StaticUserFilter) to context logs
2019-09-25 12:57:26,939 [main] INFO  http.HttpServer2 (HttpServer2.java:addFilter(958)) - Added filter static_user_filter (class=org.apache.hadoop.http.lib.StaticUserWebFilter$StaticUserFilter) to context static
2019-09-25 12:57:26,940 [main] INFO  http.HttpServer2 (HttpServer2.java:bindListener(1191)) - Jetty bound to port 39875
2019-09-25 12:57:26,941 [main] INFO  server.Server (Server.java:doStart(351)) - jetty-9.3.25.v20180904, build timestamp: 2018-09-04T21:11:46Z, git hash: 3ce520221d0240229c862b122d2b06c12a625732
2019-09-25 12:57:26,943 [main] INFO  handler.ContextHandler (ContextHandler.java:doStart(781)) - Started o.e.j.s.ServletContextHandler@55b8dbda{/logs,file:///workdir/hadoop-ozone/tools/target/log,AVAILABLE}
2019-09-25 12:57:26,943 [main] INFO  handler.ContextHandler (ContextHandler.java:doStart(781)) - Started o.e.j.s.ServletContextHandler@3a022576{/static,jar:file:/home/user/.m2/repository/org/apache/hadoop/hadoop-ozone-ozone-manager/0.5.0-SNAPSHOT/hadoop-ozone-ozone-manager-0.5.0-SNAPSHOT.jar!/webapps/static,AVAILABLE}
2019-09-25 12:57:26,992 [main] INFO  handler.ContextHandler (ContextHandler.java:doStart(781)) - Started o.e.j.w.WebAppContext@388b401d{/,file:///tmp/jetty-0.0.0.0-39875-ozoneManager-_-any-2567774472475371148.dir/webapp/,AVAILABLE}{/ozoneManager}
2019-09-25 12:57:26,992 [main] INFO  server.AbstractConnector (AbstractConnector.java:doStart(278)) - Started ServerConnector@2bcec6a6{HTTP/1.1,[http/1.1]}{0.0.0.0:39875}
2019-09-25 12:57:26,993 [main] INFO  server.Server (Server.java:doStart(419)) - Started @5060ms
2019-09-25 12:57:26,993 [main] WARN  impl.MetricsSystemImpl (MetricsSystemImpl.java:register(276)) - Sink prometheus already exists!
2019-09-25 12:57:26,995 [main] INFO  server.BaseHttpServer (BaseHttpServer.java:updateConnectorAddress(215)) - HTTP server of OZONEMANAGER is listening at http://0.0.0.0:39875
2019-09-25 12:57:27,374 [main] INFO  impl.MetricsSystemImpl (MetricsSystemImpl.java:init(158)) - HddsDatanode metrics system started (again)
2019-09-25 12:57:27,434 [main] INFO  ozone.HddsDatanodeService (HddsDatanodeService.java:start(184)) - HddsDatanodeService host:pr-hdds-1569-shd4m-3693607622 ip:192.168.151.73
2019-09-25 12:57:27,468 [main] INFO  volume.HddsVolume (HddsVolume.java:<init>(176)) - Creating Volume: /workdir/hadoop-ozone/tools/target/test-dir/MiniOzoneClusterImpl-ca628441-95e6-4ca0-9871-ceda43659e6a/datanode-0/data/containers/hdds of  storage type : DISK and capacity : 1482555576320
2019-09-25 12:57:27,471 [main] INFO  volume.VolumeSet (VolumeSet.java:initializeVolumeSet(170)) - Added Volume : /workdir/hadoop-ozone/tools/target/test-dir/MiniOzoneClusterImpl-ca628441-95e6-4ca0-9871-ceda43659e6a/datanode-0/data/containers/hdds to VolumeSet
2019-09-25 12:57:27,475 [main] INFO  volume.ThrottledAsyncChecker (ThrottledAsyncChecker.java:schedule(139)) - Scheduling a check for org.apache.hadoop.ozone.container.common.volume.HddsVolume@5ff60a8c
2019-09-25 12:57:27,498 [main] INFO  volume.HddsVolumeChecker (HddsVolumeChecker.java:checkAllVolumes(202)) - Scheduled health check for volume org.apache.hadoop.ozone.container.common.volume.HddsVolume@5ff60a8c
2019-09-25 12:57:27,594 [main] INFO  impl.RaftServerProxy (ConfUtils.java:logGet(43)) - raft.rpc.type = GRPC (default)
2019-09-25 12:57:27,652 [main] INFO  grpc.GrpcFactory (GrpcFactory.java:checkPooledByteBufAllocatorUseCacheForAllThreads(45)) - PERFORMANCE WARNING: useCacheForAllThreads is true that may cause Netty to create a lot garbage objects and, as a result, trigger GC.
	It is recommended to disable useCacheForAllThreads by setting -Dorg.apache.ratis.thirdparty.io.netty.allocator.useCacheForAllThreads=false in command line.
2019-09-25 12:57:27,656 [main] INFO  grpc.GrpcConfigKeys$Server (ConfUtils.java:logGet(43)) - raft.grpc.server.port = 0 (default)
2019-09-25 12:57:27,657 [main] INFO  server.GrpcService (ConfUtils.java:logGet(43)) - raft.grpc.message.size.max = 33570816 (custom)
2019-09-25 12:57:27,658 [main] INFO  server.RaftServerConfigKeys (ConfUtils.java:logGet(43)) - raft.server.log.appender.buffer.byte-limit = 33554432 (custom)
2019-09-25 12:57:27,659 [main] INFO  server.GrpcService (ConfUtils.java:logGet(43)) - raft.grpc.flow.control.window = 1MB (=1048576) (default)
2019-09-25 12:57:27,660 [main] INFO  server.RaftServerConfigKeys (ConfUtils.java:logGet(43)) - raft.server.rpc.request.timeout = 3000ms (default)
2019-09-25 12:57:27,788 [main] INFO  server.RaftServerConfigKeys (ConfUtils.java:logGet(43)) - raft.server.storage.dir = [/workdir/hadoop-ozone/tools/target/test-dir/MiniOzoneClusterImpl-ca628441-95e6-4ca0-9871-ceda43659e6a/datanode-0/data/ratis] (custom)
2019-09-25 12:57:27,835 [main] INFO  hdfs.DFSUtil (DFSUtil.java:httpServerTemplateForNNAndJN(1641)) - Starting Web-server for hddsDatanode at: http://0.0.0.0:0
2019-09-25 12:57:27,836 [main] INFO  server.AuthenticationFilter (AuthenticationFilter.java:constructSecretProvider(240)) - Unable to initialize FileSignerSecretProvider, falling back to use random secrets.
2019-09-25 12:57:27,837 [main] WARN  http.HttpRequestLog (HttpRequestLog.java:getRequestLog(97)) - Jetty request log can only be enabled using Log4j
2019-09-25 12:57:27,839 [main] INFO  http.HttpServer2 (HttpServer2.java:addGlobalFilter(975)) - Added global filter 'safety' (class=org.apache.hadoop.http.HttpServer2$QuotingInputFilter)
2019-09-25 12:57:27,839 [main] INFO  http.HttpServer2 (HttpServer2.java:addFilter(948)) - Added filter static_user_filter (class=org.apache.hadoop.http.lib.StaticUserWebFilter$StaticUserFilter) to context hddsDatanode
2019-09-25 12:57:27,839 [main] INFO  http.HttpServer2 (HttpServer2.java:addFilter(958)) - Added filter static_user_filter (class=org.apache.hadoop.http.lib.StaticUserWebFilter$StaticUserFilter) to context logs
2019-09-25 12:57:27,840 [main] INFO  http.HttpServer2 (HttpServer2.java:addFilter(958)) - Added filter static_user_filter (class=org.apache.hadoop.http.lib.StaticUserWebFilter$StaticUserFilter) to context static
2019-09-25 12:57:27,841 [main] INFO  http.HttpServer2 (HttpServer2.java:bindListener(1191)) - Jetty bound to port 45673
2019-09-25 12:57:27,841 [main] INFO  server.Server (Server.java:doStart(351)) - jetty-9.3.25.v20180904, build timestamp: 2018-09-04T21:11:46Z, git hash: 3ce520221d0240229c862b122d2b06c12a625732
2019-09-25 12:57:27,843 [main] INFO  handler.ContextHandler (ContextHandler.java:doStart(781)) - Started o.e.j.s.ServletContextHandler@352c44a8{/logs,file:///workdir/hadoop-ozone/tools/target/log,AVAILABLE}
2019-09-25 12:57:27,843 [main] INFO  handler.ContextHandler (ContextHandler.java:doStart(781)) - Started o.e.j.s.ServletContextHandler@a66e580{/static,jar:file:/home/user/.m2/repository/org/apache/hadoop/hadoop-hdds-container-service/0.5.0-SNAPSHOT/hadoop-hdds-container-service-0.5.0-SNAPSHOT.jar!/webapps/static,AVAILABLE}
2019-09-25 12:57:27,871 [main] INFO  handler.ContextHandler (ContextHandler.java:doStart(781)) - Started o.e.j.w.WebAppContext@3dffc764{/,file:///tmp/jetty-0.0.0.0-45673-hddsDatanode-_-any-1421600934760151159.dir/webapp/,AVAILABLE}{/hddsDatanode}
2019-09-25 12:57:27,872 [main] INFO  server.AbstractConnector (AbstractConnector.java:doStart(278)) - Started ServerConnector@4b6e1c0{HTTP/1.1,[http/1.1]}{0.0.0.0:45673}
2019-09-25 12:57:27,873 [main] INFO  server.Server (Server.java:doStart(419)) - Started @5940ms
2019-09-25 12:57:27,873 [main] WARN  impl.MetricsSystemImpl (MetricsSystemImpl.java:register(276)) - Sink prometheus already exists!
2019-09-25 12:57:27,874 [main] INFO  server.BaseHttpServer (BaseHttpServer.java:updateConnectorAddress(215)) - HTTP server of HDDSDATANODE is listening at http://0.0.0.0:45673
2019-09-25 12:57:27,875 [main] INFO  impl.MetricsSystemImpl (MetricsSystemImpl.java:init(158)) - HddsDatanode metrics system started (again)
2019-09-25 12:57:27,877 [main] INFO  ozone.HddsDatanodeService (HddsDatanodeService.java:start(184)) - HddsDatanodeService host:pr-hdds-1569-shd4m-3693607622 ip:192.168.151.73
2019-09-25 12:57:27,880 [org.apache.hadoop.util.JvmPauseMonitor$Monitor@4a45f138] INFO  util.JvmPauseMonitor (JvmPauseMonitor.java:run(188)) - Starting JVM pause monitor
2019-09-25 12:57:27,885 [main] INFO  volume.HddsVolume (HddsVolume.java:<init>(176)) - Creating Volume: /workdir/hadoop-ozone/tools/target/test-dir/MiniOzoneClusterImpl-ca628441-95e6-4ca0-9871-ceda43659e6a/datanode-1/data/containers/hdds of  storage type : DISK and capacity : 1482555576320
2019-09-25 12:57:27,886 [main] INFO  volume.VolumeSet (VolumeSet.java:initializeVolumeSet(170)) - Added Volume : /workdir/hadoop-ozone/tools/target/test-dir/MiniOzoneClusterImpl-ca628441-95e6-4ca0-9871-ceda43659e6a/datanode-1/data/containers/hdds to VolumeSet
2019-09-25 12:57:27,886 [main] INFO  volume.ThrottledAsyncChecker (ThrottledAsyncChecker.java:schedule(139)) - Scheduling a check for org.apache.hadoop.ozone.container.common.volume.HddsVolume@59dc36d4
2019-09-25 12:57:27,887 [main] INFO  volume.HddsVolumeChecker (HddsVolumeChecker.java:checkAllVolumes(202)) - Scheduled health check for volume org.apache.hadoop.ozone.container.common.volume.HddsVolume@59dc36d4
2019-09-25 12:57:27,902 [main] INFO  impl.RaftServerProxy (ConfUtils.java:logGet(43)) - raft.rpc.type = GRPC (default)
2019-09-25 12:57:27,903 [main] INFO  grpc.GrpcFactory (GrpcFactory.java:checkPooledByteBufAllocatorUseCacheForAllThreads(45)) - PERFORMANCE WARNING: useCacheForAllThreads is true that may cause Netty to create a lot garbage objects and, as a result, trigger GC.
	It is recommended to disable useCacheForAllThreads by setting -Dorg.apache.ratis.thirdparty.io.netty.allocator.useCacheForAllThreads=false in command line.
2019-09-25 12:57:27,903 [main] INFO  grpc.GrpcConfigKeys$Server (ConfUtils.java:logGet(43)) - raft.grpc.server.port = 0 (default)
2019-09-25 12:57:27,903 [main] INFO  server.GrpcService (ConfUtils.java:logGet(43)) - raft.grpc.message.size.max = 33570816 (custom)
2019-09-25 12:57:27,903 [main] INFO  server.RaftServerConfigKeys (ConfUtils.java:logGet(43)) - raft.server.log.appender.buffer.byte-limit = 33554432 (custom)
2019-09-25 12:57:27,904 [main] INFO  server.GrpcService (ConfUtils.java:logGet(43)) - raft.grpc.flow.control.window = 1MB (=1048576) (default)
2019-09-25 12:57:27,904 [main] INFO  server.RaftServerConfigKeys (ConfUtils.java:logGet(43)) - raft.server.rpc.request.timeout = 3000ms (default)
2019-09-25 12:57:27,904 [main] INFO  server.RaftServerConfigKeys (ConfUtils.java:logGet(43)) - raft.server.storage.dir = [/workdir/hadoop-ozone/tools/target/test-dir/MiniOzoneClusterImpl-ca628441-95e6-4ca0-9871-ceda43659e6a/datanode-1/data/ratis] (custom)
2019-09-25 12:57:27,906 [main] INFO  hdfs.DFSUtil (DFSUtil.java:httpServerTemplateForNNAndJN(1641)) - Starting Web-server for hddsDatanode at: http://0.0.0.0:0
2019-09-25 12:57:27,907 [main] INFO  server.AuthenticationFilter (AuthenticationFilter.java:constructSecretProvider(240)) - Unable to initialize FileSignerSecretProvider, falling back to use random secrets.
2019-09-25 12:57:27,908 [main] WARN  http.HttpRequestLog (HttpRequestLog.java:getRequestLog(97)) - Jetty request log can only be enabled using Log4j
2019-09-25 12:57:27,910 [main] INFO  http.HttpServer2 (HttpServer2.java:addGlobalFilter(975)) - Added global filter 'safety' (class=org.apache.hadoop.http.HttpServer2$QuotingInputFilter)
2019-09-25 12:57:27,911 [main] INFO  http.HttpServer2 (HttpServer2.java:addFilter(948)) - Added filter static_user_filter (class=org.apache.hadoop.http.lib.StaticUserWebFilter$StaticUserFilter) to context hddsDatanode
2019-09-25 12:57:27,911 [main] INFO  http.HttpServer2 (HttpServer2.java:addFilter(958)) - Added filter static_user_filter (class=org.apache.hadoop.http.lib.StaticUserWebFilter$StaticUserFilter) to context logs
2019-09-25 12:57:27,911 [main] INFO  http.HttpServer2 (HttpServer2.java:addFilter(958)) - Added filter static_user_filter (class=org.apache.hadoop.http.lib.StaticUserWebFilter$StaticUserFilter) to context static
2019-09-25 12:57:27,912 [main] INFO  http.HttpServer2 (HttpServer2.java:bindListener(1191)) - Jetty bound to port 39562
2019-09-25 12:57:27,912 [main] INFO  server.Server (Server.java:doStart(351)) - jetty-9.3.25.v20180904, build timestamp: 2018-09-04T21:11:46Z, git hash: 3ce520221d0240229c862b122d2b06c12a625732
2019-09-25 12:57:27,915 [main] INFO  handler.ContextHandler (ContextHandler.java:doStart(781)) - Started o.e.j.s.ServletContextHandler@5e519ad3{/logs,file:///workdir/hadoop-ozone/tools/target/log,AVAILABLE}
2019-09-25 12:57:27,916 [main] INFO  handler.ContextHandler (ContextHandler.java:doStart(781)) - Started o.e.j.s.ServletContextHandler@59072e9d{/static,jar:file:/home/user/.m2/repository/org/apache/hadoop/hadoop-hdds-container-service/0.5.0-SNAPSHOT/hadoop-hdds-container-service-0.5.0-SNAPSHOT.jar!/webapps/static,AVAILABLE}
2019-09-25 12:57:27,947 [main] INFO  handler.ContextHandler (ContextHandler.java:doStart(781)) - Started o.e.j.w.WebAppContext@799ed4e8{/,file:///tmp/jetty-0.0.0.0-39562-hddsDatanode-_-any-3408534519051336077.dir/webapp/,AVAILABLE}{/hddsDatanode}
2019-09-25 12:57:27,948 [main] INFO  server.AbstractConnector (AbstractConnector.java:doStart(278)) - Started ServerConnector@2e66bc32{HTTP/1.1,[http/1.1]}{0.0.0.0:39562}
2019-09-25 12:57:27,949 [main] INFO  server.Server (Server.java:doStart(419)) - Started @6015ms
2019-09-25 12:57:27,949 [main] WARN  impl.MetricsSystemImpl (MetricsSystemImpl.java:register(276)) - Sink prometheus already exists!
2019-09-25 12:57:27,950 [main] INFO  server.BaseHttpServer (BaseHttpServer.java:updateConnectorAddress(215)) - HTTP server of HDDSDATANODE is listening at http://0.0.0.0:39562
2019-09-25 12:57:27,950 [main] INFO  impl.MetricsSystemImpl (MetricsSystemImpl.java:init(158)) - HddsDatanode metrics system started (again)
2019-09-25 12:57:27,953 [org.apache.hadoop.util.JvmPauseMonitor$Monitor@2a922e9] INFO  util.JvmPauseMonitor (JvmPauseMonitor.java:run(188)) - Starting JVM pause monitor
2019-09-25 12:57:27,954 [main] INFO  ozone.HddsDatanodeService (HddsDatanodeService.java:start(184)) - HddsDatanodeService host:pr-hdds-1569-shd4m-3693607622 ip:192.168.151.73
2019-09-25 12:57:27,961 [main] INFO  volume.HddsVolume (HddsVolume.java:<init>(176)) - Creating Volume: /workdir/hadoop-ozone/tools/target/test-dir/MiniOzoneClusterImpl-ca628441-95e6-4ca0-9871-ceda43659e6a/datanode-2/data/containers/hdds of  storage type : DISK and capacity : 1482555576320
2019-09-25 12:57:27,962 [main] INFO  volume.VolumeSet (VolumeSet.java:initializeVolumeSet(170)) - Added Volume : /workdir/hadoop-ozone/tools/target/test-dir/MiniOzoneClusterImpl-ca628441-95e6-4ca0-9871-ceda43659e6a/datanode-2/data/containers/hdds to VolumeSet
2019-09-25 12:57:27,962 [main] INFO  volume.ThrottledAsyncChecker (ThrottledAsyncChecker.java:schedule(139)) - Scheduling a check for org.apache.hadoop.ozone.container.common.volume.HddsVolume@4faa298
2019-09-25 12:57:27,962 [main] INFO  volume.HddsVolumeChecker (HddsVolumeChecker.java:checkAllVolumes(202)) - Scheduled health check for volume org.apache.hadoop.ozone.container.common.volume.HddsVolume@4faa298
2019-09-25 12:57:27,978 [main] INFO  impl.RaftServerProxy (ConfUtils.java:logGet(43)) - raft.rpc.type = GRPC (default)
2019-09-25 12:57:27,978 [main] INFO  grpc.GrpcFactory (GrpcFactory.java:checkPooledByteBufAllocatorUseCacheForAllThreads(45)) - PERFORMANCE WARNING: useCacheForAllThreads is true that may cause Netty to create a lot garbage objects and, as a result, trigger GC.
	It is recommended to disable useCacheForAllThreads by setting -Dorg.apache.ratis.thirdparty.io.netty.allocator.useCacheForAllThreads=false in command line.
2019-09-25 12:57:27,978 [main] INFO  grpc.GrpcConfigKeys$Server (ConfUtils.java:logGet(43)) - raft.grpc.server.port = 0 (default)
2019-09-25 12:57:27,978 [main] INFO  server.GrpcService (ConfUtils.java:logGet(43)) - raft.grpc.message.size.max = 33570816 (custom)
2019-09-25 12:57:27,979 [main] INFO  server.RaftServerConfigKeys (ConfUtils.java:logGet(43)) - raft.server.log.appender.buffer.byte-limit = 33554432 (custom)
2019-09-25 12:57:27,979 [main] INFO  server.GrpcService (ConfUtils.java:logGet(43)) - raft.grpc.flow.control.window = 1MB (=1048576) (default)
2019-09-25 12:57:27,979 [main] INFO  server.RaftServerConfigKeys (ConfUtils.java:logGet(43)) - raft.server.rpc.request.timeout = 3000ms (default)
2019-09-25 12:57:27,980 [main] INFO  server.RaftServerConfigKeys (ConfUtils.java:logGet(43)) - raft.server.storage.dir = [/workdir/hadoop-ozone/tools/target/test-dir/MiniOzoneClusterImpl-ca628441-95e6-4ca0-9871-ceda43659e6a/datanode-2/data/ratis] (custom)
2019-09-25 12:57:27,982 [main] INFO  hdfs.DFSUtil (DFSUtil.java:httpServerTemplateForNNAndJN(1641)) - Starting Web-server for hddsDatanode at: http://0.0.0.0:0
2019-09-25 12:57:27,983 [main] INFO  server.AuthenticationFilter (AuthenticationFilter.java:constructSecretProvider(240)) - Unable to initialize FileSignerSecretProvider, falling back to use random secrets.
2019-09-25 12:57:27,983 [main] WARN  http.HttpRequestLog (HttpRequestLog.java:getRequestLog(97)) - Jetty request log can only be enabled using Log4j
2019-09-25 12:57:27,985 [main] INFO  http.HttpServer2 (HttpServer2.java:addGlobalFilter(975)) - Added global filter 'safety' (class=org.apache.hadoop.http.HttpServer2$QuotingInputFilter)
2019-09-25 12:57:27,985 [main] INFO  http.HttpServer2 (HttpServer2.java:addFilter(948)) - Added filter static_user_filter (class=org.apache.hadoop.http.lib.StaticUserWebFilter$StaticUserFilter) to context hddsDatanode
2019-09-25 12:57:27,986 [main] INFO  http.HttpServer2 (HttpServer2.java:addFilter(958)) - Added filter static_user_filter (class=org.apache.hadoop.http.lib.StaticUserWebFilter$StaticUserFilter) to context static
2019-09-25 12:57:27,986 [main] INFO  http.HttpServer2 (HttpServer2.java:addFilter(958)) - Added filter static_user_filter (class=org.apache.hadoop.http.lib.StaticUserWebFilter$StaticUserFilter) to context logs
2019-09-25 12:57:27,987 [main] INFO  http.HttpServer2 (HttpServer2.java:bindListener(1191)) - Jetty bound to port 34261
2019-09-25 12:57:27,987 [main] INFO  server.Server (Server.java:doStart(351)) - jetty-9.3.25.v20180904, build timestamp: 2018-09-04T21:11:46Z, git hash: 3ce520221d0240229c862b122d2b06c12a625732
2019-09-25 12:57:27,989 [main] INFO  handler.ContextHandler (ContextHandler.java:doStart(781)) - Started o.e.j.s.ServletContextHandler@5dd903be{/logs,file:///workdir/hadoop-ozone/tools/target/log,AVAILABLE}
2019-09-25 12:57:27,989 [main] INFO  handler.ContextHandler (ContextHandler.java:doStart(781)) - Started o.e.j.s.ServletContextHandler@4a163575{/static,jar:file:/home/user/.m2/repository/org/apache/hadoop/hadoop-hdds-container-service/0.5.0-SNAPSHOT/hadoop-hdds-container-service-0.5.0-SNAPSHOT.jar!/webapps/static,AVAILABLE}
2019-09-25 12:57:28,002 [Datanode State Machine Thread - 0] INFO  datanode.InitDatanodeState (InitDatanodeState.java:persistContainerDatanodeDetails(140)) - DatanodeDetails is persisted to /workdir/hadoop-ozone/tools/target/test-dir/MiniOzoneClusterImpl-ca628441-95e6-4ca0-9871-ceda43659e6a/datanode-0/meta/datanode.id
2019-09-25 12:57:28,006 [Datanode State Machine Thread - 0] INFO  datanode.InitDatanodeState (InitDatanodeState.java:persistContainerDatanodeDetails(140)) - DatanodeDetails is persisted to /workdir/hadoop-ozone/tools/target/test-dir/MiniOzoneClusterImpl-ca628441-95e6-4ca0-9871-ceda43659e6a/datanode-1/meta/datanode.id
2019-09-25 12:57:28,021 [main] INFO  handler.ContextHandler (ContextHandler.java:doStart(781)) - Started o.e.j.w.WebAppContext@74ecacc3{/,file:///tmp/jetty-0.0.0.0-34261-hddsDatanode-_-any-931501907732608441.dir/webapp/,AVAILABLE}{/hddsDatanode}
2019-09-25 12:57:28,023 [main] INFO  server.AbstractConnector (AbstractConnector.java:doStart(278)) - Started ServerConnector@517a2b0{HTTP/1.1,[http/1.1]}{0.0.0.0:34261}
2019-09-25 12:57:28,023 [main] INFO  server.Server (Server.java:doStart(419)) - Started @6090ms
2019-09-25 12:57:28,023 [main] WARN  impl.MetricsSystemImpl (MetricsSystemImpl.java:register(276)) - Sink prometheus already exists!
2019-09-25 12:57:28,025 [main] INFO  server.BaseHttpServer (BaseHttpServer.java:updateConnectorAddress(215)) - HTTP server of HDDSDATANODE is listening at http://0.0.0.0:34261
2019-09-25 12:57:28,025 [main] INFO  impl.MetricsSystemImpl (MetricsSystemImpl.java:init(158)) - HddsDatanode metrics system started (again)
2019-09-25 12:57:28,028 [org.apache.hadoop.util.JvmPauseMonitor$Monitor@53f994ee] INFO  util.JvmPauseMonitor (JvmPauseMonitor.java:run(188)) - Starting JVM pause monitor
2019-09-25 12:57:28,028 [main] INFO  ozone.HddsDatanodeService (HddsDatanodeService.java:start(184)) - HddsDatanodeService host:pr-hdds-1569-shd4m-3693607622 ip:192.168.151.73
2019-09-25 12:57:28,031 [Datanode State Machine Thread - 0] INFO  datanode.InitDatanodeState (InitDatanodeState.java:persistContainerDatanodeDetails(140)) - DatanodeDetails is persisted to /workdir/hadoop-ozone/tools/target/test-dir/MiniOzoneClusterImpl-ca628441-95e6-4ca0-9871-ceda43659e6a/datanode-2/meta/datanode.id
2019-09-25 12:57:28,037 [main] INFO  volume.HddsVolume (HddsVolume.java:<init>(176)) - Creating Volume: /workdir/hadoop-ozone/tools/target/test-dir/MiniOzoneClusterImpl-ca628441-95e6-4ca0-9871-ceda43659e6a/datanode-3/data/containers/hdds of  storage type : DISK and capacity : 1482555576320
2019-09-25 12:57:28,037 [main] INFO  volume.VolumeSet (VolumeSet.java:initializeVolumeSet(170)) - Added Volume : /workdir/hadoop-ozone/tools/target/test-dir/MiniOzoneClusterImpl-ca628441-95e6-4ca0-9871-ceda43659e6a/datanode-3/data/containers/hdds to VolumeSet
2019-09-25 12:57:28,038 [main] INFO  volume.ThrottledAsyncChecker (ThrottledAsyncChecker.java:schedule(139)) - Scheduling a check for org.apache.hadoop.ozone.container.common.volume.HddsVolume@23f3da8b
2019-09-25 12:57:28,038 [main] INFO  volume.HddsVolumeChecker (HddsVolumeChecker.java:checkAllVolumes(202)) - Scheduled health check for volume org.apache.hadoop.ozone.container.common.volume.HddsVolume@23f3da8b
2019-09-25 12:57:28,063 [main] INFO  impl.RaftServerProxy (ConfUtils.java:logGet(43)) - raft.rpc.type = GRPC (default)
2019-09-25 12:57:28,063 [main] INFO  grpc.GrpcFactory (GrpcFactory.java:checkPooledByteBufAllocatorUseCacheForAllThreads(45)) - PERFORMANCE WARNING: useCacheForAllThreads is true that may cause Netty to create a lot garbage objects and, as a result, trigger GC.
	It is recommended to disable useCacheForAllThreads by setting -Dorg.apache.ratis.thirdparty.io.netty.allocator.useCacheForAllThreads=false in command line.
2019-09-25 12:57:28,064 [main] INFO  grpc.GrpcConfigKeys$Server (ConfUtils.java:logGet(43)) - raft.grpc.server.port = 0 (default)
2019-09-25 12:57:28,064 [main] INFO  server.GrpcService (ConfUtils.java:logGet(43)) - raft.grpc.message.size.max = 33570816 (custom)
2019-09-25 12:57:28,065 [main] INFO  server.RaftServerConfigKeys (ConfUtils.java:logGet(43)) - raft.server.log.appender.buffer.byte-limit = 33554432 (custom)
2019-09-25 12:57:28,065 [main] INFO  server.GrpcService (ConfUtils.java:logGet(43)) - raft.grpc.flow.control.window = 1MB (=1048576) (default)
2019-09-25 12:57:28,066 [main] INFO  server.RaftServerConfigKeys (ConfUtils.java:logGet(43)) - raft.server.rpc.request.timeout = 3000ms (default)
2019-09-25 12:57:28,067 [main] INFO  server.RaftServerConfigKeys (ConfUtils.java:logGet(43)) - raft.server.storage.dir = [/workdir/hadoop-ozone/tools/target/test-dir/MiniOzoneClusterImpl-ca628441-95e6-4ca0-9871-ceda43659e6a/datanode-3/data/ratis] (custom)
2019-09-25 12:57:28,069 [main] INFO  hdfs.DFSUtil (DFSUtil.java:httpServerTemplateForNNAndJN(1641)) - Starting Web-server for hddsDatanode at: http://0.0.0.0:0
2019-09-25 12:57:28,071 [main] INFO  server.AuthenticationFilter (AuthenticationFilter.java:constructSecretProvider(240)) - Unable to initialize FileSignerSecretProvider, falling back to use random secrets.
2019-09-25 12:57:28,072 [main] WARN  http.HttpRequestLog (HttpRequestLog.java:getRequestLog(97)) - Jetty request log can only be enabled using Log4j
2019-09-25 12:57:28,075 [main] INFO  http.HttpServer2 (HttpServer2.java:addGlobalFilter(975)) - Added global filter 'safety' (class=org.apache.hadoop.http.HttpServer2$QuotingInputFilter)
2019-09-25 12:57:28,076 [main] INFO  http.HttpServer2 (HttpServer2.java:addFilter(948)) - Added filter static_user_filter (class=org.apache.hadoop.http.lib.StaticUserWebFilter$StaticUserFilter) to context hddsDatanode
2019-09-25 12:57:28,076 [main] INFO  http.HttpServer2 (HttpServer2.java:addFilter(958)) - Added filter static_user_filter (class=org.apache.hadoop.http.lib.StaticUserWebFilter$StaticUserFilter) to context logs
2019-09-25 12:57:28,077 [main] INFO  http.HttpServer2 (HttpServer2.java:addFilter(958)) - Added filter static_user_filter (class=org.apache.hadoop.http.lib.StaticUserWebFilter$StaticUserFilter) to context static
2019-09-25 12:57:28,078 [main] INFO  http.HttpServer2 (HttpServer2.java:bindListener(1191)) - Jetty bound to port 41952
2019-09-25 12:57:28,078 [main] INFO  server.Server (Server.java:doStart(351)) - jetty-9.3.25.v20180904, build timestamp: 2018-09-04T21:11:46Z, git hash: 3ce520221d0240229c862b122d2b06c12a625732
2019-09-25 12:57:28,082 [main] INFO  handler.ContextHandler (ContextHandler.java:doStart(781)) - Started o.e.j.s.ServletContextHandler@38eb0f4d{/logs,file:///workdir/hadoop-ozone/tools/target/log,AVAILABLE}
2019-09-25 12:57:28,083 [main] INFO  handler.ContextHandler (ContextHandler.java:doStart(781)) - Started o.e.j.s.ServletContextHandler@15b642b9{/static,jar:file:/home/user/.m2/repository/org/apache/hadoop/hadoop-hdds-container-service/0.5.0-SNAPSHOT/hadoop-hdds-container-service-0.5.0-SNAPSHOT.jar!/webapps/static,AVAILABLE}
2019-09-25 12:57:28,125 [main] INFO  handler.ContextHandler (ContextHandler.java:doStart(781)) - Started o.e.j.w.WebAppContext@333c8791{/,file:///tmp/jetty-0.0.0.0-41952-hddsDatanode-_-any-4252740201342232348.dir/webapp/,AVAILABLE}{/hddsDatanode}
2019-09-25 12:57:28,127 [main] INFO  server.AbstractConnector (AbstractConnector.java:doStart(278)) - Started ServerConnector@6c0e13b7{HTTP/1.1,[http/1.1]}{0.0.0.0:41952}
2019-09-25 12:57:28,127 [main] INFO  server.Server (Server.java:doStart(419)) - Started @6194ms
2019-09-25 12:57:28,127 [main] WARN  impl.MetricsSystemImpl (MetricsSystemImpl.java:register(276)) - Sink prometheus already exists!
2019-09-25 12:57:28,128 [main] INFO  server.BaseHttpServer (BaseHttpServer.java:updateConnectorAddress(215)) - HTTP server of HDDSDATANODE is listening at http://0.0.0.0:41952
2019-09-25 12:57:28,129 [main] INFO  impl.MetricsSystemImpl (MetricsSystemImpl.java:init(158)) - HddsDatanode metrics system started (again)
2019-09-25 12:57:28,132 [org.apache.hadoop.util.JvmPauseMonitor$Monitor@1e569c9b] INFO  util.JvmPauseMonitor (JvmPauseMonitor.java:run(188)) - Starting JVM pause monitor
2019-09-25 12:57:28,133 [main] INFO  ozone.HddsDatanodeService (HddsDatanodeService.java:start(184)) - HddsDatanodeService host:pr-hdds-1569-shd4m-3693607622 ip:192.168.151.73
2019-09-25 12:57:28,134 [Datanode State Machine Thread - 0] INFO  datanode.InitDatanodeState (InitDatanodeState.java:persistContainerDatanodeDetails(140)) - DatanodeDetails is persisted to /workdir/hadoop-ozone/tools/target/test-dir/MiniOzoneClusterImpl-ca628441-95e6-4ca0-9871-ceda43659e6a/datanode-3/meta/datanode.id
2019-09-25 12:57:28,140 [main] INFO  volume.HddsVolume (HddsVolume.java:<init>(176)) - Creating Volume: /workdir/hadoop-ozone/tools/target/test-dir/MiniOzoneClusterImpl-ca628441-95e6-4ca0-9871-ceda43659e6a/datanode-4/data/containers/hdds of  storage type : DISK and capacity : 1482555576320
2019-09-25 12:57:28,140 [main] INFO  volume.VolumeSet (VolumeSet.java:initializeVolumeSet(170)) - Added Volume : /workdir/hadoop-ozone/tools/target/test-dir/MiniOzoneClusterImpl-ca628441-95e6-4ca0-9871-ceda43659e6a/datanode-4/data/containers/hdds to VolumeSet
2019-09-25 12:57:28,141 [main] INFO  volume.ThrottledAsyncChecker (ThrottledAsyncChecker.java:schedule(139)) - Scheduling a check for org.apache.hadoop.ozone.container.common.volume.HddsVolume@60c8a093
2019-09-25 12:57:28,141 [main] INFO  volume.HddsVolumeChecker (HddsVolumeChecker.java:checkAllVolumes(202)) - Scheduled health check for volume org.apache.hadoop.ozone.container.common.volume.HddsVolume@60c8a093
2019-09-25 12:57:28,165 [main] INFO  impl.RaftServerProxy (ConfUtils.java:logGet(43)) - raft.rpc.type = GRPC (default)
2019-09-25 12:57:28,165 [main] INFO  grpc.GrpcFactory (GrpcFactory.java:checkPooledByteBufAllocatorUseCacheForAllThreads(45)) - PERFORMANCE WARNING: useCacheForAllThreads is true that may cause Netty to create a lot garbage objects and, as a result, trigger GC.
	It is recommended to disable useCacheForAllThreads by setting -Dorg.apache.ratis.thirdparty.io.netty.allocator.useCacheForAllThreads=false in command line.
2019-09-25 12:57:28,165 [main] INFO  grpc.GrpcConfigKeys$Server (ConfUtils.java:logGet(43)) - raft.grpc.server.port = 0 (default)
2019-09-25 12:57:28,166 [main] INFO  server.GrpcService (ConfUtils.java:logGet(43)) - raft.grpc.message.size.max = 33570816 (custom)
2019-09-25 12:57:28,166 [main] INFO  server.RaftServerConfigKeys (ConfUtils.java:logGet(43)) - raft.server.log.appender.buffer.byte-limit = 33554432 (custom)
2019-09-25 12:57:28,166 [main] INFO  server.GrpcService (ConfUtils.java:logGet(43)) - raft.grpc.flow.control.window = 1MB (=1048576) (default)
2019-09-25 12:57:28,167 [main] INFO  server.RaftServerConfigKeys (ConfUtils.java:logGet(43)) - raft.server.rpc.request.timeout = 3000ms (default)
2019-09-25 12:57:28,167 [main] INFO  server.RaftServerConfigKeys (ConfUtils.java:logGet(43)) - raft.server.storage.dir = [/workdir/hadoop-ozone/tools/target/test-dir/MiniOzoneClusterImpl-ca628441-95e6-4ca0-9871-ceda43659e6a/datanode-4/data/ratis] (custom)
2019-09-25 12:57:28,170 [main] INFO  hdfs.DFSUtil (DFSUtil.java:httpServerTemplateForNNAndJN(1641)) - Starting Web-server for hddsDatanode at: http://0.0.0.0:0
2019-09-25 12:57:28,172 [main] INFO  server.AuthenticationFilter (AuthenticationFilter.java:constructSecretProvider(240)) - Unable to initialize FileSignerSecretProvider, falling back to use random secrets.
2019-09-25 12:57:28,173 [main] WARN  http.HttpRequestLog (HttpRequestLog.java:getRequestLog(97)) - Jetty request log can only be enabled using Log4j
2019-09-25 12:57:28,175 [main] INFO  http.HttpServer2 (HttpServer2.java:addGlobalFilter(975)) - Added global filter 'safety' (class=org.apache.hadoop.http.HttpServer2$QuotingInputFilter)
2019-09-25 12:57:28,176 [main] INFO  http.HttpServer2 (HttpServer2.java:addFilter(948)) - Added filter static_user_filter (class=org.apache.hadoop.http.lib.StaticUserWebFilter$StaticUserFilter) to context hddsDatanode
2019-09-25 12:57:28,176 [main] INFO  http.HttpServer2 (HttpServer2.java:addFilter(958)) - Added filter static_user_filter (class=org.apache.hadoop.http.lib.StaticUserWebFilter$StaticUserFilter) to context static
2019-09-25 12:57:28,176 [main] INFO  http.HttpServer2 (HttpServer2.java:addFilter(958)) - Added filter static_user_filter (class=org.apache.hadoop.http.lib.StaticUserWebFilter$StaticUserFilter) to context logs
2019-09-25 12:57:28,177 [main] INFO  http.HttpServer2 (HttpServer2.java:bindListener(1191)) - Jetty bound to port 40769
2019-09-25 12:57:28,177 [main] INFO  server.Server (Server.java:doStart(351)) - jetty-9.3.25.v20180904, build timestamp: 2018-09-04T21:11:46Z, git hash: 3ce520221d0240229c862b122d2b06c12a625732
2019-09-25 12:57:28,180 [main] INFO  handler.ContextHandler (ContextHandler.java:doStart(781)) - Started o.e.j.s.ServletContextHandler@eac3a26{/logs,file:///workdir/hadoop-ozone/tools/target/log,AVAILABLE}
2019-09-25 12:57:28,180 [main] INFO  handler.ContextHandler (ContextHandler.java:doStart(781)) - Started o.e.j.s.ServletContextHandler@53cf9c99{/static,jar:file:/home/user/.m2/repository/org/apache/hadoop/hadoop-hdds-container-service/0.5.0-SNAPSHOT/hadoop-hdds-container-service-0.5.0-SNAPSHOT.jar!/webapps/static,AVAILABLE}
2019-09-25 12:57:28,217 [main] INFO  handler.ContextHandler (ContextHandler.java:doStart(781)) - Started o.e.j.w.WebAppContext@ccf91df{/,file:///tmp/jetty-0.0.0.0-40769-hddsDatanode-_-any-1660387022508466795.dir/webapp/,AVAILABLE}{/hddsDatanode}
2019-09-25 12:57:28,217 [main] INFO  server.AbstractConnector (AbstractConnector.java:doStart(278)) - Started ServerConnector@117d32e{HTTP/1.1,[http/1.1]}{0.0.0.0:40769}
2019-09-25 12:57:28,219 [main] INFO  server.Server (Server.java:doStart(419)) - Started @6285ms
2019-09-25 12:57:28,219 [main] WARN  impl.MetricsSystemImpl (MetricsSystemImpl.java:register(276)) - Sink prometheus already exists!
2019-09-25 12:57:28,220 [main] INFO  server.BaseHttpServer (BaseHttpServer.java:updateConnectorAddress(215)) - HTTP server of HDDSDATANODE is listening at http://0.0.0.0:40769
2019-09-25 12:57:28,222 [main] INFO  ozone.MiniOzoneClusterImpl (MiniOzoneClusterImpl.java:lambda$waitForClusterToBeReady$0(147)) - Waiting for cluster to be ready. Got 0 of 5 DN Heartbeats.
2019-09-25 12:57:28,223 [org.apache.hadoop.util.JvmPauseMonitor$Monitor@731a1023] INFO  util.JvmPauseMonitor (JvmPauseMonitor.java:run(188)) - Starting JVM pause monitor
2019-09-25 12:57:28,226 [Datanode State Machine Thread - 0] INFO  datanode.InitDatanodeState (InitDatanodeState.java:persistContainerDatanodeDetails(140)) - DatanodeDetails is persisted to /workdir/hadoop-ozone/tools/target/test-dir/MiniOzoneClusterImpl-ca628441-95e6-4ca0-9871-ceda43659e6a/datanode-4/meta/datanode.id
2019-09-25 12:57:29,222 [main] INFO  ozone.MiniOzoneClusterImpl (MiniOzoneClusterImpl.java:lambda$waitForClusterToBeReady$0(147)) - Waiting for cluster to be ready. Got 0 of 5 DN Heartbeats.
2019-09-25 12:57:29,980 [Datanode State Machine Thread - 0] INFO  ozoneimpl.OzoneContainer (OzoneContainer.java:start(217)) - Attempting to start container services.
2019-09-25 12:57:29,980 [Datanode State Machine Thread - 0] INFO  ozoneimpl.OzoneContainer (OzoneContainer.java:start(217)) - Attempting to start container services.
2019-09-25 12:57:29,984 [Datanode State Machine Thread - 0] INFO  ozoneimpl.OzoneContainer (OzoneContainer.java:startContainerScrub(179)) - Background container scanner has been disabled.
2019-09-25 12:57:29,984 [Datanode State Machine Thread - 0] INFO  ozoneimpl.OzoneContainer (OzoneContainer.java:startContainerScrub(179)) - Background container scanner has been disabled.
2019-09-25 12:57:29,984 [Datanode State Machine Thread - 0] INFO  ratis.XceiverServerRatis (XceiverServerRatis.java:start(411)) - Starting XceiverServerRatis 1ad4e210-16ea-448d-9c83-11669c9ee3b6 at port 0
2019-09-25 12:57:29,984 [Datanode State Machine Thread - 0] INFO  ratis.XceiverServerRatis (XceiverServerRatis.java:start(411)) - Starting XceiverServerRatis 05c10ba5-9820-4ddb-94b6-a7ebb5af4f34 at port 0
2019-09-25 12:57:30,019 [Datanode State Machine Thread - 0] INFO  impl.RaftServerProxy (RaftServerProxy.java:lambda$start$3(299)) - 1ad4e210-16ea-448d-9c83-11669c9ee3b6: start RPC server
2019-09-25 12:57:30,019 [Datanode State Machine Thread - 0] INFO  impl.RaftServerProxy (RaftServerProxy.java:lambda$start$3(299)) - 05c10ba5-9820-4ddb-94b6-a7ebb5af4f34: start RPC server
2019-09-25 12:57:30,049 [Datanode State Machine Thread - 0] INFO  ozoneimpl.OzoneContainer (OzoneContainer.java:start(217)) - Attempting to start container services.
2019-09-25 12:57:30,054 [Datanode State Machine Thread - 0] INFO  ozoneimpl.OzoneContainer (OzoneContainer.java:startContainerScrub(179)) - Background container scanner has been disabled.
2019-09-25 12:57:30,055 [Datanode State Machine Thread - 0] INFO  ratis.XceiverServerRatis (XceiverServerRatis.java:start(411)) - Starting XceiverServerRatis 548f63c1-ecb3-4338-9923-ba2d46dbaf7d at port 0
2019-09-25 12:57:30,062 [Datanode State Machine Thread - 0] INFO  impl.RaftServerProxy (RaftServerProxy.java:lambda$start$3(299)) - 548f63c1-ecb3-4338-9923-ba2d46dbaf7d: start RPC server
2019-09-25 12:57:30,152 [Datanode State Machine Thread - 0] INFO  ozoneimpl.OzoneContainer (OzoneContainer.java:start(217)) - Attempting to start container services.
2019-09-25 12:57:30,154 [Datanode State Machine Thread - 0] INFO  ozoneimpl.OzoneContainer (OzoneContainer.java:startContainerScrub(179)) - Background container scanner has been disabled.
2019-09-25 12:57:30,154 [Datanode State Machine Thread - 0] INFO  ratis.XceiverServerRatis (XceiverServerRatis.java:start(411)) - Starting XceiverServerRatis d60bfa88-4f5c-40e2-9e6f-04cdce80ae19 at port 0
2019-09-25 12:57:30,166 [Datanode State Machine Thread - 0] INFO  impl.RaftServerProxy (RaftServerProxy.java:lambda$start$3(299)) - d60bfa88-4f5c-40e2-9e6f-04cdce80ae19: start RPC server
2019-09-25 12:57:30,171 [Datanode State Machine Thread - 0] INFO  server.GrpcService (GrpcService.java:startImpl(158)) - 05c10ba5-9820-4ddb-94b6-a7ebb5af4f34: GrpcService started, listening on 0.0.0.0/0.0.0.0:44415
2019-09-25 12:57:30,171 [Datanode State Machine Thread - 0] INFO  server.GrpcService (GrpcService.java:startImpl(158)) - 548f63c1-ecb3-4338-9923-ba2d46dbaf7d: GrpcService started, listening on 0.0.0.0/0.0.0.0:44083
2019-09-25 12:57:30,171 [Datanode State Machine Thread - 0] INFO  server.GrpcService (GrpcService.java:startImpl(158)) - 1ad4e210-16ea-448d-9c83-11669c9ee3b6: GrpcService started, listening on 0.0.0.0/0.0.0.0:41323
2019-09-25 12:57:30,171 [Datanode State Machine Thread - 0] INFO  server.GrpcService (GrpcService.java:startImpl(158)) - d60bfa88-4f5c-40e2-9e6f-04cdce80ae19: GrpcService started, listening on 0.0.0.0/0.0.0.0:42001
2019-09-25 12:57:30,173 [Datanode State Machine Thread - 0] INFO  ratis.XceiverServerRatis (XceiverServerRatis.java:start(421)) - XceiverServerRatis 1ad4e210-16ea-448d-9c83-11669c9ee3b6 is started using port 41323
2019-09-25 12:57:30,173 [Datanode State Machine Thread - 0] INFO  ratis.XceiverServerRatis (XceiverServerRatis.java:start(421)) - XceiverServerRatis 548f63c1-ecb3-4338-9923-ba2d46dbaf7d is started using port 44083
2019-09-25 12:57:30,173 [Datanode State Machine Thread - 0] INFO  ratis.XceiverServerRatis (XceiverServerRatis.java:start(421)) - XceiverServerRatis 05c10ba5-9820-4ddb-94b6-a7ebb5af4f34 is started using port 44415
2019-09-25 12:57:30,173 [Datanode State Machine Thread - 0] INFO  ratis.XceiverServerRatis (XceiverServerRatis.java:start(421)) - XceiverServerRatis d60bfa88-4f5c-40e2-9e6f-04cdce80ae19 is started using port 42001
2019-09-25 12:57:30,182 [Datanode State Machine Thread - 0] INFO  server.XceiverServerGrpc (XceiverServerGrpc.java:start(149)) - XceiverServerGrpc 548f63c1-ecb3-4338-9923-ba2d46dbaf7d is started using port 38836
2019-09-25 12:57:30,183 [Datanode State Machine Thread - 0] INFO  server.XceiverServerGrpc (XceiverServerGrpc.java:start(149)) - XceiverServerGrpc 1ad4e210-16ea-448d-9c83-11669c9ee3b6 is started using port 44009
2019-09-25 12:57:30,183 [Datanode State Machine Thread - 0] INFO  server.XceiverServerGrpc (XceiverServerGrpc.java:start(149)) - XceiverServerGrpc d60bfa88-4f5c-40e2-9e6f-04cdce80ae19 is started using port 46016
2019-09-25 12:57:30,182 [Datanode State Machine Thread - 0] INFO  server.XceiverServerGrpc (XceiverServerGrpc.java:start(149)) - XceiverServerGrpc 05c10ba5-9820-4ddb-94b6-a7ebb5af4f34 is started using port 33135
2019-09-25 12:57:30,223 [main] INFO  ozone.MiniOzoneClusterImpl (MiniOzoneClusterImpl.java:lambda$waitForClusterToBeReady$0(147)) - Waiting for cluster to be ready. Got 0 of 5 DN Heartbeats.
2019-09-25 12:57:30,249 [Datanode State Machine Thread - 0] INFO  ozoneimpl.OzoneContainer (OzoneContainer.java:start(217)) - Attempting to start container services.
2019-09-25 12:57:30,254 [Datanode State Machine Thread - 0] INFO  ozoneimpl.OzoneContainer (OzoneContainer.java:startContainerScrub(179)) - Background container scanner has been disabled.
2019-09-25 12:57:30,254 [Datanode State Machine Thread - 0] INFO  ratis.XceiverServerRatis (XceiverServerRatis.java:start(411)) - Starting XceiverServerRatis 82a69ee4-b3af-4378-aabd-e501c7175382 at port 0
2019-09-25 12:57:30,262 [Datanode State Machine Thread - 0] INFO  impl.RaftServerProxy (RaftServerProxy.java:lambda$start$3(299)) - 82a69ee4-b3af-4378-aabd-e501c7175382: start RPC server
2019-09-25 12:57:30,266 [Datanode State Machine Thread - 0] INFO  server.GrpcService (GrpcService.java:startImpl(158)) - 82a69ee4-b3af-4378-aabd-e501c7175382: GrpcService started, listening on 0.0.0.0/0.0.0.0:33917
2019-09-25 12:57:30,266 [Datanode State Machine Thread - 0] INFO  ratis.XceiverServerRatis (XceiverServerRatis.java:start(421)) - XceiverServerRatis 82a69ee4-b3af-4378-aabd-e501c7175382 is started using port 33917
2019-09-25 12:57:30,269 [Datanode State Machine Thread - 0] INFO  server.XceiverServerGrpc (XceiverServerGrpc.java:start(149)) - XceiverServerGrpc 82a69ee4-b3af-4378-aabd-e501c7175382 is started using port 45325
2019-09-25 12:57:31,225 [main] INFO  ozone.MiniOzoneClusterImpl (MiniOzoneClusterImpl.java:lambda$waitForClusterToBeReady$0(147)) - Waiting for cluster to be ready. Got 0 of 5 DN Heartbeats.
2019-09-25 12:57:31,920 [IPC Server handler 0 on 32833] INFO  net.NetworkTopology (NetworkTopologyImpl.java:add(111)) - Added a new node: /default-rack/05c10ba5-9820-4ddb-94b6-a7ebb5af4f34
2019-09-25 12:57:31,920 [IPC Server handler 0 on 32833] INFO  node.SCMNodeManager (SCMNodeManager.java:register(266)) - Registered Data node : 05c10ba5-9820-4ddb-94b6-a7ebb5af4f34{ip: 192.168.151.73, host: pr-hdds-1569-shd4m-3693607622, networkLocation: /default-rack, certSerialId: null}
2019-09-25 12:57:31,926 [EventQueue-NodeRegistrationContainerReportForDataNodeSafeModeRule] INFO  safemode.SCMSafeModeManager (DataNodeSafeModeRule.java:process(71)) - SCM in safe mode. 1 DataNodes registered, 1 required.
2019-09-25 12:57:31,926 [EventQueue-NodeRegistrationContainerReportForDataNodeSafeModeRule] INFO  safemode.SCMSafeModeManager (SCMSafeModeManager.java:validateSafeModeExitRules(177)) - ScmSafeModeManager, all rules are successfully validated
2019-09-25 12:57:31,927 [EventQueue-NodeRegistrationContainerReportForDataNodeSafeModeRule] INFO  safemode.SCMSafeModeManager (SCMSafeModeManager.java:exitSafeMode(193)) - SCM exiting safe mode.
2019-09-25 12:57:31,957 [IPC Server handler 2 on 32833] INFO  net.NetworkTopology (NetworkTopologyImpl.java:add(111)) - Added a new node: /default-rack/1ad4e210-16ea-448d-9c83-11669c9ee3b6
2019-09-25 12:57:31,957 [IPC Server handler 2 on 32833] INFO  node.SCMNodeManager (SCMNodeManager.java:register(266)) - Registered Data node : 1ad4e210-16ea-448d-9c83-11669c9ee3b6{ip: 192.168.151.73, host: pr-hdds-1569-shd4m-3693607622, networkLocation: /default-rack, certSerialId: null}
2019-09-25 12:57:32,031 [IPC Server handler 3 on 32833] INFO  net.NetworkTopology (NetworkTopologyImpl.java:add(111)) - Added a new node: /default-rack/548f63c1-ecb3-4338-9923-ba2d46dbaf7d
2019-09-25 12:57:32,031 [IPC Server handler 3 on 32833] INFO  node.SCMNodeManager (SCMNodeManager.java:register(266)) - Registered Data node : 548f63c1-ecb3-4338-9923-ba2d46dbaf7d{ip: 192.168.151.73, host: pr-hdds-1569-shd4m-3693607622, networkLocation: /default-rack, certSerialId: null}
2019-09-25 12:57:32,134 [IPC Server handler 4 on 32833] INFO  net.NetworkTopology (NetworkTopologyImpl.java:add(111)) - Added a new node: /default-rack/d60bfa88-4f5c-40e2-9e6f-04cdce80ae19
2019-09-25 12:57:32,135 [IPC Server handler 4 on 32833] INFO  node.SCMNodeManager (SCMNodeManager.java:register(266)) - Registered Data node : d60bfa88-4f5c-40e2-9e6f-04cdce80ae19{ip: 192.168.151.73, host: pr-hdds-1569-shd4m-3693607622, networkLocation: /default-rack, certSerialId: null}
2019-09-25 12:57:32,226 [main] INFO  ozone.MiniOzoneClusterImpl (MiniOzoneClusterImpl.java:lambda$waitForClusterToBeReady$0(147)) - Waiting for cluster to be ready. Got 4 of 5 DN Heartbeats.
2019-09-25 12:57:32,227 [IPC Server handler 0 on 32833] INFO  net.NetworkTopology (NetworkTopologyImpl.java:add(111)) - Added a new node: /default-rack/82a69ee4-b3af-4378-aabd-e501c7175382
2019-09-25 12:57:32,227 [IPC Server handler 0 on 32833] INFO  node.SCMNodeManager (SCMNodeManager.java:register(266)) - Registered Data node : 82a69ee4-b3af-4378-aabd-e501c7175382{ip: 192.168.151.73, host: pr-hdds-1569-shd4m-3693607622, networkLocation: /default-rack, certSerialId: null}
2019-09-25 12:57:32,419 [grpc-default-executor-0] INFO  impl.RaftServerProxy (RaftServerProxy.java:addNew(89)) - 05c10ba5-9820-4ddb-94b6-a7ebb5af4f34: addNew group-CE1BAA6B9744:[05c10ba5-9820-4ddb-94b6-a7ebb5af4f34:192.168.151.73:44415] returns group-CE1BAA6B9744:java.util.concurrent.CompletableFuture@43e0d9b[Not completed]
2019-09-25 12:57:32,439 [pool-27-thread-1] INFO  impl.RaftServerImpl (RaftServerImpl.java:<init>(95)) - 05c10ba5-9820-4ddb-94b6-a7ebb5af4f34: new RaftServerImpl for group-CE1BAA6B9744:[05c10ba5-9820-4ddb-94b6-a7ebb5af4f34:192.168.151.73:44415] with ContainerStateMachine:uninitialized
2019-09-25 12:57:32,441 [pool-27-thread-1] INFO  server.RaftServerConfigKeys (ConfUtils.java:logGet(43)) - raft.server.rpc.timeout.min = 5s (custom)
2019-09-25 12:57:32,442 [pool-27-thread-1] INFO  server.RaftServerConfigKeys (ConfUtils.java:logGet(43)) - raft.server.rpc.timeout.max = 5200ms (custom)
2019-09-25 12:57:32,442 [pool-27-thread-1] INFO  server.RaftServerConfigKeys (ConfUtils.java:logGet(43)) - raft.server.rpcslowness.timeout = 120s (custom)
2019-09-25 12:57:32,443 [pool-27-thread-1] INFO  server.RaftServerConfigKeys (ConfUtils.java:logGet(43)) - raft.server.sleep.deviation.threshold = 300 (default)
2019-09-25 12:57:32,444 [pool-27-thread-1] INFO  server.RaftServerConfigKeys (ConfUtils.java:logGet(43)) - raft.server.log.appender.install.snapshot.enabled = false (custom)
2019-09-25 12:57:32,451 [pool-27-thread-1] INFO  impl.RaftServerImpl (ServerState.java:<init>(103)) - 05c10ba5-9820-4ddb-94b6-a7ebb5af4f34@group-CE1BAA6B9744: ConfigurationManager, init=-1: [05c10ba5-9820-4ddb-94b6-a7ebb5af4f34:192.168.151.73:44415], old=null, confs=<EMPTY_MAP>
2019-09-25 12:57:32,451 [pool-27-thread-1] INFO  server.RaftServerConfigKeys (ConfUtils.java:logGet(43)) - raft.server.storage.dir = [/workdir/hadoop-ozone/tools/target/test-dir/MiniOzoneClusterImpl-ca628441-95e6-4ca0-9871-ceda43659e6a/datanode-0/data/ratis] (custom)
2019-09-25 12:57:32,457 [pool-27-thread-1] INFO  storage.RaftStorageDirectory (RaftStorageDirectory.java:analyzeStorage(246)) - The storage directory /workdir/hadoop-ozone/tools/target/test-dir/MiniOzoneClusterImpl-ca628441-95e6-4ca0-9871-ceda43659e6a/datanode-0/data/ratis/56962033-3209-465b-94d3-ce1baa6b9744 does not exist. Creating ...
2019-09-25 12:57:32,474 [pool-27-thread-1] INFO  storage.RaftStorageDirectory (RaftStorageDirectory.java:tryLock(328)) - Lock on /workdir/hadoop-ozone/tools/target/test-dir/MiniOzoneClusterImpl-ca628441-95e6-4ca0-9871-ceda43659e6a/datanode-0/data/ratis/56962033-3209-465b-94d3-ce1baa6b9744/in_use.lock acquired by nodename 11947@pr-hdds-1569-shd4m-3693607622
2019-09-25 12:57:32,489 [pool-27-thread-1] INFO  storage.RaftStorage (RaftStorage.java:format(72)) - Storage directory /workdir/hadoop-ozone/tools/target/test-dir/MiniOzoneClusterImpl-ca628441-95e6-4ca0-9871-ceda43659e6a/datanode-0/data/ratis/56962033-3209-465b-94d3-ce1baa6b9744 has been successfully formatted.
2019-09-25 12:57:32,492 [pool-27-thread-1] INFO  ratis.ContainerStateMachine (ContainerStateMachine.java:loadSnapshot(230)) - group-CE1BAA6B9744: The snapshot info is null. Setting the last applied indexto:(t:0, i:~)
2019-09-25 12:57:32,492 [pool-27-thread-1] INFO  server.RaftServerConfigKeys (ConfUtils.java:logGet(43)) - raft.server.notification.no-leader.timeout = 120s (custom)
2019-09-25 12:57:32,494 [pool-27-thread-1] INFO  server.RaftServerConfigKeys (ConfUtils.java:logGet(43)) - raft.server.log.use.memory = false (default)
2019-09-25 12:57:32,499 [pool-27-thread-1] INFO  server.RaftServerConfigKeys (ConfUtils.java:logGet(43)) - raft.server.log.purge.gap = 1000000 (custom)
2019-09-25 12:57:32,499 [pool-27-thread-1] INFO  server.RaftServerConfigKeys (ConfUtils.java:logGet(43)) - raft.server.log.appender.buffer.byte-limit = 33554432 (custom)
2019-09-25 12:57:32,501 [pool-27-thread-1] INFO  server.RaftServerConfigKeys (ConfUtils.java:logGet(43)) - raft.server.log.segment.size.max = 1048576 (custom)
2019-09-25 12:57:32,505 [pool-27-thread-1] INFO  server.RaftServerConfigKeys (ConfUtils.java:logGet(43)) - raft.server.log.segment.cache.num.max = 2 (custom)
2019-09-25 12:57:32,510 [pool-27-thread-1] INFO  segmented.SegmentedRaftLogWorker (SegmentedRaftLogWorker.java:<init>(172)) - new 05c10ba5-9820-4ddb-94b6-a7ebb5af4f34@group-CE1BAA6B9744-SegmentedRaftLogWorker for RaftStorage:Storage Directory /workdir/hadoop-ozone/tools/target/test-dir/MiniOzoneClusterImpl-ca628441-95e6-4ca0-9871-ceda43659e6a/datanode-0/data/ratis/56962033-3209-465b-94d3-ce1baa6b9744
2019-09-25 12:57:32,511 [pool-27-thread-1] INFO  impl.MetricsSystemImpl (MetricsSystemImpl.java:init(158)) - ratis metrics system started (again)
2019-09-25 12:57:32,518 [pool-27-thread-1] INFO  metrics.MetricRegistries (MetricRegistriesLoader.java:load(64)) - Loaded MetricRegistries class org.apache.ratis.metrics.impl.MetricRegistriesImpl
2019-09-25 12:57:32,549 [pool-27-thread-1] INFO  server.RaftServerConfigKeys (ConfUtils.java:logGet(43)) - raft.server.log.queue.byte-limit = 2147483647 (custom)
2019-09-25 12:57:32,549 [pool-27-thread-1] INFO  server.RaftServerConfigKeys (ConfUtils.java:logGet(43)) - raft.server.log.queue.element-limit = 1024 (custom)
2019-09-25 12:57:32,553 [pool-27-thread-1] INFO  server.RaftServerConfigKeys (ConfUtils.java:logGet(43)) - raft.server.log.segment.size.max = 1048576 (custom)
2019-09-25 12:57:32,553 [pool-27-thread-1] INFO  server.RaftServerConfigKeys (ConfUtils.java:logGet(43)) - raft.server.log.preallocated.size = 16384 (custom)
2019-09-25 12:57:32,553 [pool-27-thread-1] INFO  server.RaftServerConfigKeys (ConfUtils.java:logGet(43)) - raft.server.log.write.buffer.size = 33554432 (custom)
2019-09-25 12:57:32,554 [pool-27-thread-1] INFO  server.RaftServerConfigKeys (ConfUtils.java:logGet(43)) - raft.server.log.force.sync.num = 128 (default)
2019-09-25 12:57:32,555 [pool-27-thread-1] INFO  server.RaftServerConfigKeys (ConfUtils.java:logGet(43)) - raft.server.log.statemachine.data.sync = true (default)
2019-09-25 12:57:32,555 [pool-27-thread-1] INFO  server.RaftServerConfigKeys (ConfUtils.java:logGet(43)) - raft.server.log.statemachine.data.sync.timeout = 10s (default)
2019-09-25 12:57:32,555 [pool-27-thread-1] INFO  server.RaftServerConfigKeys (ConfUtils.java:logGet(43)) - raft.server.log.statemachine.data.sync.timeout.retry = -1 (default)
2019-09-25 12:57:32,566 [pool-27-thread-1] INFO  server.RaftServerConfigKeys (ConfUtils.java:logGet(43)) - raft.server.log.statemachine.data.caching.enabled = true (custom)
2019-09-25 12:57:32,571 [pool-27-thread-1] INFO  segmented.SegmentedRaftLogWorker (SegmentedRaftLogWorker.java:lambda$new$0(132)) - 05c10ba5-9820-4ddb-94b6-a7ebb5af4f34@group-CE1BAA6B9744-SegmentedRaftLogWorker: flushIndex: setUnconditionally 0 -> -1
2019-09-25 12:57:32,575 [pool-27-thread-1] INFO  server.RaftServerConfigKeys (ConfUtils.java:logGet(43)) - raft.server.snapshot.auto.trigger.enabled = true (custom)
2019-09-25 12:57:32,575 [pool-27-thread-1] INFO  server.RaftServerConfigKeys (ConfUtils.java:logGet(43)) - raft.server.snapshot.auto.trigger.threshold = 10000 (custom)
2019-09-25 12:57:32,576 [pool-27-thread-1] INFO  server.RaftServerConfigKeys (ConfUtils.java:logGet(43)) - raft.server.snapshot.retention.num.files = 5 (custom)
2019-09-25 12:57:32,577 [pool-27-thread-1] INFO  server.RaftServerConfigKeys (ConfUtils.java:logGet(43)) - raft.server.retrycache.expirytime = 600000ms (custom)
2019-09-25 12:57:32,601 [pool-27-thread-1] INFO  impl.RaftServerImpl (RaftServerImpl.java:start(185)) - 05c10ba5-9820-4ddb-94b6-a7ebb5af4f34@group-CE1BAA6B9744: start as a follower, conf=-1: [05c10ba5-9820-4ddb-94b6-a7ebb5af4f34:192.168.151.73:44415], old=null
2019-09-25 12:57:32,602 [pool-27-thread-1] INFO  impl.RaftServerImpl (RaftServerImpl.java:setRole(174)) - 05c10ba5-9820-4ddb-94b6-a7ebb5af4f34@group-CE1BAA6B9744: changes role from      null to FOLLOWER at term 0 for startAsFollower
2019-09-25 12:57:32,603 [pool-27-thread-1] INFO  impl.RoleInfo (RoleInfo.java:updateAndGet(143)) - 05c10ba5-9820-4ddb-94b6-a7ebb5af4f34: start FollowerState
2019-09-25 12:57:32,605 [pool-27-thread-1] INFO  util.JmxRegister (JmxRegister.java:tryRegister(44)) - Successfully registered JMX Bean with object name Ratis:service=RaftServer,group=group-CE1BAA6B9744,id=05c10ba5-9820-4ddb-94b6-a7ebb5af4f34
2019-09-25 12:57:32,663 [RatisPipelineUtilsThread] INFO  pipeline.PipelineStateManager (PipelineStateManager.java:addPipeline(56)) - Created pipeline Pipeline[ Id: 56962033-3209-465b-94d3-ce1baa6b9744, Nodes: 05c10ba5-9820-4ddb-94b6-a7ebb5af4f34{ip: 192.168.151.73, host: pr-hdds-1569-shd4m-3693607622, networkLocation: /default-rack, certSerialId: null}, Type:RATIS, Factor:ONE, State:OPEN]
2019-09-25 12:57:32,682 [grpc-default-executor-0] INFO  impl.RaftServerProxy (RaftServerProxy.java:addNew(89)) - 05c10ba5-9820-4ddb-94b6-a7ebb5af4f34: addNew group-3BE50658F1B1:[05c10ba5-9820-4ddb-94b6-a7ebb5af4f34:192.168.151.73:44415] returns group-3BE50658F1B1:java.util.concurrent.CompletableFuture@66468209[Not completed]
2019-09-25 12:57:32,684 [pool-27-thread-1] INFO  impl.RaftServerImpl (RaftServerImpl.java:<init>(95)) - 05c10ba5-9820-4ddb-94b6-a7ebb5af4f34: new RaftServerImpl for group-3BE50658F1B1:[05c10ba5-9820-4ddb-94b6-a7ebb5af4f34:192.168.151.73:44415] with ContainerStateMachine:uninitialized
2019-09-25 12:57:32,684 [pool-27-thread-1] INFO  server.RaftServerConfigKeys (ConfUtils.java:logGet(43)) - raft.server.rpc.timeout.min = 5s (custom)
2019-09-25 12:57:32,684 [pool-27-thread-1] INFO  server.RaftServerConfigKeys (ConfUtils.java:logGet(43)) - raft.server.rpc.timeout.max = 5200ms (custom)
2019-09-25 12:57:32,684 [pool-27-thread-1] INFO  server.RaftServerConfigKeys (ConfUtils.java:logGet(43)) - raft.server.rpcslowness.timeout = 120s (custom)
2019-09-25 12:57:32,684 [pool-27-thread-1] INFO  server.RaftServerConfigKeys (ConfUtils.java:logGet(43)) - raft.server.sleep.deviation.threshold = 300 (default)
2019-09-25 12:57:32,684 [pool-27-thread-1] INFO  server.RaftServerConfigKeys (ConfUtils.java:logGet(43)) - raft.server.log.appender.install.snapshot.enabled = false (custom)
2019-09-25 12:57:32,684 [pool-27-thread-1] INFO  impl.RaftServerImpl (ServerState.java:<init>(103)) - 05c10ba5-9820-4ddb-94b6-a7ebb5af4f34@group-3BE50658F1B1: ConfigurationManager, init=-1: [05c10ba5-9820-4ddb-94b6-a7ebb5af4f34:192.168.151.73:44415], old=null, confs=<EMPTY_MAP>
2019-09-25 12:57:32,685 [pool-27-thread-1] INFO  server.RaftServerConfigKeys (ConfUtils.java:logGet(43)) - raft.server.storage.dir = [/workdir/hadoop-ozone/tools/target/test-dir/MiniOzoneClusterImpl-ca628441-95e6-4ca0-9871-ceda43659e6a/datanode-0/data/ratis] (custom)
2019-09-25 12:57:32,685 [pool-27-thread-1] INFO  storage.RaftStorageDirectory (RaftStorageDirectory.java:analyzeStorage(246)) - The storage directory /workdir/hadoop-ozone/tools/target/test-dir/MiniOzoneClusterImpl-ca628441-95e6-4ca0-9871-ceda43659e6a/datanode-0/data/ratis/d76f3be6-950f-44c4-bfe3-3be50658f1b1 does not exist. Creating ...
2019-09-25 12:57:32,704 [pool-27-thread-1] INFO  storage.RaftStorageDirectory (RaftStorageDirectory.java:tryLock(328)) - Lock on /workdir/hadoop-ozone/tools/target/test-dir/MiniOzoneClusterImpl-ca628441-95e6-4ca0-9871-ceda43659e6a/datanode-0/data/ratis/d76f3be6-950f-44c4-bfe3-3be50658f1b1/in_use.lock acquired by nodename 11947@pr-hdds-1569-shd4m-3693607622
2019-09-25 12:57:32,728 [pool-27-thread-1] INFO  storage.RaftStorage (RaftStorage.java:format(72)) - Storage directory /workdir/hadoop-ozone/tools/target/test-dir/MiniOzoneClusterImpl-ca628441-95e6-4ca0-9871-ceda43659e6a/datanode-0/data/ratis/d76f3be6-950f-44c4-bfe3-3be50658f1b1 has been successfully formatted.
2019-09-25 12:57:32,729 [pool-27-thread-1] INFO  ratis.ContainerStateMachine (ContainerStateMachine.java:loadSnapshot(230)) - group-3BE50658F1B1: The snapshot info is null. Setting the last applied indexto:(t:0, i:~)
2019-09-25 12:57:32,729 [pool-27-thread-1] INFO  server.RaftServerConfigKeys (ConfUtils.java:logGet(43)) - raft.server.notification.no-leader.timeout = 120s (custom)
2019-09-25 12:57:32,729 [pool-27-thread-1] INFO  server.RaftServerConfigKeys (ConfUtils.java:logGet(43)) - raft.server.log.use.memory = false (default)
2019-09-25 12:57:32,729 [pool-27-thread-1] INFO  server.RaftServerConfigKeys (ConfUtils.java:logGet(43)) - raft.server.log.purge.gap = 1000000 (custom)
2019-09-25 12:57:32,729 [pool-27-thread-1] INFO  server.RaftServerConfigKeys (ConfUtils.java:logGet(43)) - raft.server.log.appender.buffer.byte-limit = 33554432 (custom)
2019-09-25 12:57:32,730 [pool-27-thread-1] INFO  server.RaftServerConfigKeys (ConfUtils.java:logGet(43)) - raft.server.log.segment.size.max = 1048576 (custom)
2019-09-25 12:57:32,730 [pool-27-thread-1] INFO  server.RaftServerConfigKeys (ConfUtils.java:logGet(43)) - raft.server.log.segment.cache.num.max = 2 (custom)
2019-09-25 12:57:32,730 [pool-27-thread-1] INFO  segmented.SegmentedRaftLogWorker (SegmentedRaftLogWorker.java:<init>(172)) - new 05c10ba5-9820-4ddb-94b6-a7ebb5af4f34@group-3BE50658F1B1-SegmentedRaftLogWorker for RaftStorage:Storage Directory /workdir/hadoop-ozone/tools/target/test-dir/MiniOzoneClusterImpl-ca628441-95e6-4ca0-9871-ceda43659e6a/datanode-0/data/ratis/d76f3be6-950f-44c4-bfe3-3be50658f1b1
2019-09-25 12:57:32,730 [pool-27-thread-1] INFO  server.RaftServerConfigKeys (ConfUtils.java:logGet(43)) - raft.server.log.queue.byte-limit = 2147483647 (custom)
2019-09-25 12:57:32,730 [pool-27-thread-1] INFO  server.RaftServerConfigKeys (ConfUtils.java:logGet(43)) - raft.server.log.queue.element-limit = 1024 (custom)
2019-09-25 12:57:32,730 [pool-27-thread-1] INFO  server.RaftServerConfigKeys (ConfUtils.java:logGet(43)) - raft.server.log.segment.size.max = 1048576 (custom)
2019-09-25 12:57:32,730 [pool-27-thread-1] INFO  server.RaftServerConfigKeys (ConfUtils.java:logGet(43)) - raft.server.log.preallocated.size = 16384 (custom)
2019-09-25 12:57:32,730 [pool-27-thread-1] INFO  server.RaftServerConfigKeys (ConfUtils.java:logGet(43)) - raft.server.log.write.buffer.size = 33554432 (custom)
2019-09-25 12:57:32,731 [pool-27-thread-1] INFO  server.RaftServerConfigKeys (ConfUtils.java:logGet(43)) - raft.server.log.force.sync.num = 128 (default)
2019-09-25 12:57:32,731 [pool-27-thread-1] INFO  server.RaftServerConfigKeys (ConfUtils.java:logGet(43)) - raft.server.log.statemachine.data.sync = true (default)
2019-09-25 12:57:32,731 [pool-27-thread-1] INFO  server.RaftServerConfigKeys (ConfUtils.java:logGet(43)) - raft.server.log.statemachine.data.sync.timeout = 10s (default)
2019-09-25 12:57:32,731 [pool-27-thread-1] INFO  server.RaftServerConfigKeys (ConfUtils.java:logGet(43)) - raft.server.log.statemachine.data.sync.timeout.retry = -1 (default)
2019-09-25 12:57:32,731 [pool-27-thread-1] INFO  server.RaftServerConfigKeys (ConfUtils.java:logGet(43)) - raft.server.log.statemachine.data.caching.enabled = true (custom)
2019-09-25 12:57:32,731 [pool-27-thread-1] INFO  segmented.SegmentedRaftLogWorker (SegmentedRaftLogWorker.java:lambda$new$0(132)) - 05c10ba5-9820-4ddb-94b6-a7ebb5af4f34@group-3BE50658F1B1-SegmentedRaftLogWorker: flushIndex: setUnconditionally 0 -> -1
2019-09-25 12:57:32,732 [pool-27-thread-1] INFO  server.RaftServerConfigKeys (ConfUtils.java:logGet(43)) - raft.server.snapshot.auto.trigger.enabled = true (custom)
2019-09-25 12:57:32,732 [pool-27-thread-1] INFO  server.RaftServerConfigKeys (ConfUtils.java:logGet(43)) - raft.server.snapshot.auto.trigger.threshold = 10000 (custom)
2019-09-25 12:57:32,732 [pool-27-thread-1] INFO  server.RaftServerConfigKeys (ConfUtils.java:logGet(43)) - raft.server.snapshot.retention.num.files = 5 (custom)
2019-09-25 12:57:32,732 [pool-27-thread-1] INFO  server.RaftServerConfigKeys (ConfUtils.java:logGet(43)) - raft.server.retrycache.expirytime = 600000ms (custom)
2019-09-25 12:57:32,736 [pool-27-thread-1] INFO  impl.RaftServerImpl (RaftServerImpl.java:start(185)) - 05c10ba5-9820-4ddb-94b6-a7ebb5af4f34@group-3BE50658F1B1: start as a follower, conf=-1: [05c10ba5-9820-4ddb-94b6-a7ebb5af4f34:192.168.151.73:44415], old=null
2019-09-25 12:57:32,736 [pool-27-thread-1] INFO  impl.RaftServerImpl (RaftServerImpl.java:setRole(174)) - 05c10ba5-9820-4ddb-94b6-a7ebb5af4f34@group-3BE50658F1B1: changes role from      null to FOLLOWER at term 0 for startAsFollower
2019-09-25 12:57:32,736 [pool-27-thread-1] INFO  impl.RoleInfo (RoleInfo.java:updateAndGet(143)) - 05c10ba5-9820-4ddb-94b6-a7ebb5af4f34: start FollowerState
2019-09-25 12:57:32,737 [pool-27-thread-1] INFO  util.JmxRegister (JmxRegister.java:tryRegister(44)) - Successfully registered JMX Bean with object name Ratis:service=RaftServer,group=group-3BE50658F1B1,id=05c10ba5-9820-4ddb-94b6-a7ebb5af4f34
2019-09-25 12:57:32,753 [RatisPipelineUtilsThread] INFO  pipeline.PipelineStateManager (PipelineStateManager.java:addPipeline(56)) - Created pipeline Pipeline[ Id: d76f3be6-950f-44c4-bfe3-3be50658f1b1, Nodes: 05c10ba5-9820-4ddb-94b6-a7ebb5af4f34{ip: 192.168.151.73, host: pr-hdds-1569-shd4m-3693607622, networkLocation: /default-rack, certSerialId: null}, Type:RATIS, Factor:ONE, State:OPEN]
2019-09-25 12:57:32,770 [grpc-default-executor-0] INFO  impl.RaftServerProxy (RaftServerProxy.java:addNew(89)) - 05c10ba5-9820-4ddb-94b6-a7ebb5af4f34: addNew group-0BF7B50C26B3:[05c10ba5-9820-4ddb-94b6-a7ebb5af4f34:192.168.151.73:44415] returns group-0BF7B50C26B3:java.util.concurrent.CompletableFuture@18fe6885[Not completed]
2019-09-25 12:57:32,772 [pool-27-thread-1] INFO  impl.RaftServerImpl (RaftServerImpl.java:<init>(95)) - 05c10ba5-9820-4ddb-94b6-a7ebb5af4f34: new RaftServerImpl for group-0BF7B50C26B3:[05c10ba5-9820-4ddb-94b6-a7ebb5af4f34:192.168.151.73:44415] with ContainerStateMachine:uninitialized
2019-09-25 12:57:32,772 [pool-27-thread-1] INFO  server.RaftServerConfigKeys (ConfUtils.java:logGet(43)) - raft.server.rpc.timeout.min = 5s (custom)
2019-09-25 12:57:32,772 [pool-27-thread-1] INFO  server.RaftServerConfigKeys (ConfUtils.java:logGet(43)) - raft.server.rpc.timeout.max = 5200ms (custom)
2019-09-25 12:57:32,772 [pool-27-thread-1] INFO  server.RaftServerConfigKeys (ConfUtils.java:logGet(43)) - raft.server.rpcslowness.timeout = 120s (custom)
2019-09-25 12:57:32,772 [pool-27-thread-1] INFO  server.RaftServerConfigKeys (ConfUtils.java:logGet(43)) - raft.server.sleep.deviation.threshold = 300 (default)
2019-09-25 12:57:32,772 [pool-27-thread-1] INFO  server.RaftServerConfigKeys (ConfUtils.java:logGet(43)) - raft.server.log.appender.install.snapshot.enabled = false (custom)
2019-09-25 12:57:32,772 [pool-27-thread-1] INFO  impl.RaftServerImpl (ServerState.java:<init>(103)) - 05c10ba5-9820-4ddb-94b6-a7ebb5af4f34@group-0BF7B50C26B3: ConfigurationManager, init=-1: [05c10ba5-9820-4ddb-94b6-a7ebb5af4f34:192.168.151.73:44415], old=null, confs=<EMPTY_MAP>
2019-09-25 12:57:32,773 [pool-27-thread-1] INFO  server.RaftServerConfigKeys (ConfUtils.java:logGet(43)) - raft.server.storage.dir = [/workdir/hadoop-ozone/tools/target/test-dir/MiniOzoneClusterImpl-ca628441-95e6-4ca0-9871-ceda43659e6a/datanode-0/data/ratis] (custom)
2019-09-25 12:57:32,773 [pool-27-thread-1] INFO  storage.RaftStorageDirectory (RaftStorageDirectory.java:analyzeStorage(246)) - The storage directory /workdir/hadoop-ozone/tools/target/test-dir/MiniOzoneClusterImpl-ca628441-95e6-4ca0-9871-ceda43659e6a/datanode-0/data/ratis/05dfc382-887d-4573-b571-0bf7b50c26b3 does not exist. Creating ...
2019-09-25 12:57:32,786 [pool-27-thread-1] INFO  storage.RaftStorageDirectory (RaftStorageDirectory.java:tryLock(328)) - Lock on /workdir/hadoop-ozone/tools/target/test-dir/MiniOzoneClusterImpl-ca628441-95e6-4ca0-9871-ceda43659e6a/datanode-0/data/ratis/05dfc382-887d-4573-b571-0bf7b50c26b3/in_use.lock acquired by nodename 11947@pr-hdds-1569-shd4m-3693607622
2019-09-25 12:57:32,811 [pool-27-thread-1] INFO  storage.RaftStorage (RaftStorage.java:format(72)) - Storage directory /workdir/hadoop-ozone/tools/target/test-dir/MiniOzoneClusterImpl-ca628441-95e6-4ca0-9871-ceda43659e6a/datanode-0/data/ratis/05dfc382-887d-4573-b571-0bf7b50c26b3 has been successfully formatted.
2019-09-25 12:57:32,811 [pool-27-thread-1] INFO  ratis.ContainerStateMachine (ContainerStateMachine.java:loadSnapshot(230)) - group-0BF7B50C26B3: The snapshot info is null. Setting the last applied indexto:(t:0, i:~)
2019-09-25 12:57:32,811 [pool-27-thread-1] INFO  server.RaftServerConfigKeys (ConfUtils.java:logGet(43)) - raft.server.notification.no-leader.timeout = 120s (custom)
2019-09-25 12:57:32,811 [pool-27-thread-1] INFO  server.RaftServerConfigKeys (ConfUtils.java:logGet(43)) - raft.server.log.use.memory = false (default)
2019-09-25 12:57:32,812 [pool-27-thread-1] INFO  server.RaftServerConfigKeys (ConfUtils.java:logGet(43)) - raft.server.log.purge.gap = 1000000 (custom)
2019-09-25 12:57:32,812 [pool-27-thread-1] INFO  server.RaftServerConfigKeys (ConfUtils.java:logGet(43)) - raft.server.log.appender.buffer.byte-limit = 33554432 (custom)
2019-09-25 12:57:32,812 [pool-27-thread-1] INFO  server.RaftServerConfigKeys (ConfUtils.java:logGet(43)) - raft.server.log.segment.size.max = 1048576 (custom)
2019-09-25 12:57:32,812 [pool-27-thread-1] INFO  server.RaftServerConfigKeys (ConfUtils.java:logGet(43)) - raft.server.log.segment.cache.num.max = 2 (custom)
2019-09-25 12:57:32,812 [pool-27-thread-1] INFO  segmented.SegmentedRaftLogWorker (SegmentedRaftLogWorker.java:<init>(172)) - new 05c10ba5-9820-4ddb-94b6-a7ebb5af4f34@group-0BF7B50C26B3-SegmentedRaftLogWorker for RaftStorage:Storage Directory /workdir/hadoop-ozone/tools/target/test-dir/MiniOzoneClusterImpl-ca628441-95e6-4ca0-9871-ceda43659e6a/datanode-0/data/ratis/05dfc382-887d-4573-b571-0bf7b50c26b3
2019-09-25 12:57:32,813 [pool-27-thread-1] INFO  server.RaftServerConfigKeys (ConfUtils.java:logGet(43)) - raft.server.log.queue.byte-limit = 2147483647 (custom)
2019-09-25 12:57:32,813 [pool-27-thread-1] INFO  server.RaftServerConfigKeys (ConfUtils.java:logGet(43)) - raft.server.log.queue.element-limit = 1024 (custom)
2019-09-25 12:57:32,813 [pool-27-thread-1] INFO  server.RaftServerConfigKeys (ConfUtils.java:logGet(43)) - raft.server.log.segment.size.max = 1048576 (custom)
2019-09-25 12:57:32,813 [pool-27-thread-1] INFO  server.RaftServerConfigKeys (ConfUtils.java:logGet(43)) - raft.server.log.preallocated.size = 16384 (custom)
2019-09-25 12:57:32,813 [pool-27-thread-1] INFO  server.RaftServerConfigKeys (ConfUtils.java:logGet(43)) - raft.server.log.write.buffer.size = 33554432 (custom)
2019-09-25 12:57:32,813 [pool-27-thread-1] INFO  server.RaftServerConfigKeys (ConfUtils.java:logGet(43)) - raft.server.log.force.sync.num = 128 (default)
2019-09-25 12:57:32,813 [pool-27-thread-1] INFO  server.RaftServerConfigKeys (ConfUtils.java:logGet(43)) - raft.server.log.statemachine.data.sync = true (default)
2019-09-25 12:57:32,813 [pool-27-thread-1] INFO  server.RaftServerConfigKeys (ConfUtils.java:logGet(43)) - raft.server.log.statemachine.data.sync.timeout = 10s (default)
2019-09-25 12:57:32,814 [pool-27-thread-1] INFO  server.RaftServerConfigKeys (ConfUtils.java:logGet(43)) - raft.server.log.statemachine.data.sync.timeout.retry = -1 (default)
2019-09-25 12:57:32,814 [pool-27-thread-1] INFO  server.RaftServerConfigKeys (ConfUtils.java:logGet(43)) - raft.server.log.statemachine.data.caching.enabled = true (custom)
2019-09-25 12:57:32,814 [pool-27-thread-1] INFO  segmented.SegmentedRaftLogWorker (SegmentedRaftLogWorker.java:lambda$new$0(132)) - 05c10ba5-9820-4ddb-94b6-a7ebb5af4f34@group-0BF7B50C26B3-SegmentedRaftLogWorker: flushIndex: setUnconditionally 0 -> -1
2019-09-25 12:57:32,814 [pool-27-thread-1] INFO  server.RaftServerConfigKeys (ConfUtils.java:logGet(43)) - raft.server.snapshot.auto.trigger.enabled = true (custom)
2019-09-25 12:57:32,814 [pool-27-thread-1] INFO  server.RaftServerConfigKeys (ConfUtils.java:logGet(43)) - raft.server.snapshot.auto.trigger.threshold = 10000 (custom)
2019-09-25 12:57:32,815 [pool-27-thread-1] INFO  server.RaftServerConfigKeys (ConfUtils.java:logGet(43)) - raft.server.snapshot.retention.num.files = 5 (custom)
2019-09-25 12:57:32,815 [pool-27-thread-1] INFO  server.RaftServerConfigKeys (ConfUtils.java:logGet(43)) - raft.server.retrycache.expirytime = 600000ms (custom)
2019-09-25 12:57:32,819 [pool-27-thread-1] INFO  impl.RaftServerImpl (RaftServerImpl.java:start(185)) - 05c10ba5-9820-4ddb-94b6-a7ebb5af4f34@group-0BF7B50C26B3: start as a follower, conf=-1: [05c10ba5-9820-4ddb-94b6-a7ebb5af4f34:192.168.151.73:44415], old=null
2019-09-25 12:57:32,819 [pool-27-thread-1] INFO  impl.RaftServerImpl (RaftServerImpl.java:setRole(174)) - 05c10ba5-9820-4ddb-94b6-a7ebb5af4f34@group-0BF7B50C26B3: changes role from      null to FOLLOWER at term 0 for startAsFollower
2019-09-25 12:57:32,819 [pool-27-thread-1] INFO  impl.RoleInfo (RoleInfo.java:updateAndGet(143)) - 05c10ba5-9820-4ddb-94b6-a7ebb5af4f34: start FollowerState
2019-09-25 12:57:32,819 [pool-27-thread-1] INFO  util.JmxRegister (JmxRegister.java:tryRegister(44)) - Successfully registered JMX Bean with object name Ratis:service=RaftServer,group=group-0BF7B50C26B3,id=05c10ba5-9820-4ddb-94b6-a7ebb5af4f34
2019-09-25 12:57:32,834 [RatisPipelineUtilsThread] INFO  pipeline.PipelineStateManager (PipelineStateManager.java:addPipeline(56)) - Created pipeline Pipeline[ Id: 05dfc382-887d-4573-b571-0bf7b50c26b3, Nodes: 05c10ba5-9820-4ddb-94b6-a7ebb5af4f34{ip: 192.168.151.73, host: pr-hdds-1569-shd4m-3693607622, networkLocation: /default-rack, certSerialId: null}, Type:RATIS, Factor:ONE, State:OPEN]
2019-09-25 12:57:32,850 [grpc-default-executor-0] INFO  impl.RaftServerProxy (RaftServerProxy.java:addNew(89)) - 548f63c1-ecb3-4338-9923-ba2d46dbaf7d: addNew group-061CA6DAA6A4:[548f63c1-ecb3-4338-9923-ba2d46dbaf7d:192.168.151.73:44083] returns group-061CA6DAA6A4:java.util.concurrent.CompletableFuture@1e517468[Not completed]
2019-09-25 12:57:32,883 [pool-47-thread-1] INFO  impl.RaftServerImpl (RaftServerImpl.java:<init>(95)) - 548f63c1-ecb3-4338-9923-ba2d46dbaf7d: new RaftServerImpl for group-061CA6DAA6A4:[548f63c1-ecb3-4338-9923-ba2d46dbaf7d:192.168.151.73:44083] with ContainerStateMachine:uninitialized
2019-09-25 12:57:32,884 [pool-47-thread-1] INFO  server.RaftServerConfigKeys (ConfUtils.java:logGet(43)) - raft.server.rpc.timeout.min = 5s (custom)
2019-09-25 12:57:32,884 [pool-47-thread-1] INFO  server.RaftServerConfigKeys (ConfUtils.java:logGet(43)) - raft.server.rpc.timeout.max = 5200ms (custom)
2019-09-25 12:57:32,884 [pool-47-thread-1] INFO  server.RaftServerConfigKeys (ConfUtils.java:logGet(43)) - raft.server.rpcslowness.timeout = 120s (custom)
2019-09-25 12:57:32,885 [pool-47-thread-1] INFO  server.RaftServerConfigKeys (ConfUtils.java:logGet(43)) - raft.server.sleep.deviation.threshold = 300 (default)
2019-09-25 12:57:32,885 [pool-47-thread-1] INFO  server.RaftServerConfigKeys (ConfUtils.java:logGet(43)) - raft.server.log.appender.install.snapshot.enabled = false (custom)
2019-09-25 12:57:32,885 [pool-47-thread-1] INFO  impl.RaftServerImpl (ServerState.java:<init>(103)) - 548f63c1-ecb3-4338-9923-ba2d46dbaf7d@group-061CA6DAA6A4: ConfigurationManager, init=-1: [548f63c1-ecb3-4338-9923-ba2d46dbaf7d:192.168.151.73:44083], old=null, confs=<EMPTY_MAP>
2019-09-25 12:57:32,885 [pool-47-thread-1] INFO  server.RaftServerConfigKeys (ConfUtils.java:logGet(43)) - raft.server.storage.dir = [/workdir/hadoop-ozone/tools/target/test-dir/MiniOzoneClusterImpl-ca628441-95e6-4ca0-9871-ceda43659e6a/datanode-2/data/ratis] (custom)
2019-09-25 12:57:32,885 [pool-47-thread-1] INFO  storage.RaftStorageDirectory (RaftStorageDirectory.java:analyzeStorage(246)) - The storage directory /workdir/hadoop-ozone/tools/target/test-dir/MiniOzoneClusterImpl-ca628441-95e6-4ca0-9871-ceda43659e6a/datanode-2/data/ratis/9f7a7409-d17f-4bb0-bdab-061ca6daa6a4 does not exist. Creating ...
2019-09-25 12:57:32,907 [pool-47-thread-1] INFO  storage.RaftStorageDirectory (RaftStorageDirectory.java:tryLock(328)) - Lock on /workdir/hadoop-ozone/tools/target/test-dir/MiniOzoneClusterImpl-ca628441-95e6-4ca0-9871-ceda43659e6a/datanode-2/data/ratis/9f7a7409-d17f-4bb0-bdab-061ca6daa6a4/in_use.lock acquired by nodename 11947@pr-hdds-1569-shd4m-3693607622
2019-09-25 12:57:32,929 [pool-47-thread-1] INFO  storage.RaftStorage (RaftStorage.java:format(72)) - Storage directory /workdir/hadoop-ozone/tools/target/test-dir/MiniOzoneClusterImpl-ca628441-95e6-4ca0-9871-ceda43659e6a/datanode-2/data/ratis/9f7a7409-d17f-4bb0-bdab-061ca6daa6a4 has been successfully formatted.
2019-09-25 12:57:32,930 [pool-47-thread-1] INFO  ratis.ContainerStateMachine (ContainerStateMachine.java:loadSnapshot(230)) - group-061CA6DAA6A4: The snapshot info is null. Setting the last applied indexto:(t:0, i:~)
2019-09-25 12:57:32,931 [pool-47-thread-1] INFO  server.RaftServerConfigKeys (ConfUtils.java:logGet(43)) - raft.server.notification.no-leader.timeout = 120s (custom)
2019-09-25 12:57:32,931 [pool-47-thread-1] INFO  server.RaftServerConfigKeys (ConfUtils.java:logGet(43)) - raft.server.log.use.memory = false (default)
2019-09-25 12:57:32,931 [pool-47-thread-1] INFO  server.RaftServerConfigKeys (ConfUtils.java:logGet(43)) - raft.server.log.purge.gap = 1000000 (custom)
2019-09-25 12:57:32,931 [pool-47-thread-1] INFO  server.RaftServerConfigKeys (ConfUtils.java:logGet(43)) - raft.server.log.appender.buffer.byte-limit = 33554432 (custom)
2019-09-25 12:57:32,932 [pool-47-thread-1] INFO  server.RaftServerConfigKeys (ConfUtils.java:logGet(43)) - raft.server.log.segment.size.max = 1048576 (custom)
2019-09-25 12:57:32,932 [pool-47-thread-1] INFO  server.RaftServerConfigKeys (ConfUtils.java:logGet(43)) - raft.server.log.segment.cache.num.max = 2 (custom)
2019-09-25 12:57:32,932 [pool-47-thread-1] INFO  segmented.SegmentedRaftLogWorker (SegmentedRaftLogWorker.java:<init>(172)) - new 548f63c1-ecb3-4338-9923-ba2d46dbaf7d@group-061CA6DAA6A4-SegmentedRaftLogWorker for RaftStorage:Storage Directory /workdir/hadoop-ozone/tools/target/test-dir/MiniOzoneClusterImpl-ca628441-95e6-4ca0-9871-ceda43659e6a/datanode-2/data/ratis/9f7a7409-d17f-4bb0-bdab-061ca6daa6a4
2019-09-25 12:57:32,938 [pool-47-thread-1] INFO  server.RaftServerConfigKeys (ConfUtils.java:logGet(43)) - raft.server.log.queue.byte-limit = 2147483647 (custom)
2019-09-25 12:57:32,938 [pool-47-thread-1] INFO  server.RaftServerConfigKeys (ConfUtils.java:logGet(43)) - raft.server.log.queue.element-limit = 1024 (custom)
2019-09-25 12:57:32,938 [pool-47-thread-1] INFO  server.RaftServerConfigKeys (ConfUtils.java:logGet(43)) - raft.server.log.segment.size.max = 1048576 (custom)
2019-09-25 12:57:32,938 [pool-47-thread-1] INFO  server.RaftServerConfigKeys (ConfUtils.java:logGet(43)) - raft.server.log.preallocated.size = 16384 (custom)
2019-09-25 12:57:32,939 [pool-47-thread-1] INFO  server.RaftServerConfigKeys (ConfUtils.java:logGet(43)) - raft.server.log.write.buffer.size = 33554432 (custom)
2019-09-25 12:57:32,939 [pool-47-thread-1] INFO  server.RaftServerConfigKeys (ConfUtils.java:logGet(43)) - raft.server.log.force.sync.num = 128 (default)
2019-09-25 12:57:32,939 [pool-47-thread-1] INFO  server.RaftServerConfigKeys (ConfUtils.java:logGet(43)) - raft.server.log.statemachine.data.sync = true (default)
2019-09-25 12:57:32,939 [pool-47-thread-1] INFO  server.RaftServerConfigKeys (ConfUtils.java:logGet(43)) - raft.server.log.statemachine.data.sync.timeout = 10s (default)
2019-09-25 12:57:32,939 [pool-47-thread-1] INFO  server.RaftServerConfigKeys (ConfUtils.java:logGet(43)) - raft.server.log.statemachine.data.sync.timeout.retry = -1 (default)
2019-09-25 12:57:32,940 [pool-47-thread-1] INFO  server.RaftServerConfigKeys (ConfUtils.java:logGet(43)) - raft.server.log.statemachine.data.caching.enabled = true (custom)
2019-09-25 12:57:32,940 [pool-47-thread-1] INFO  segmented.SegmentedRaftLogWorker (SegmentedRaftLogWorker.java:lambda$new$0(132)) - 548f63c1-ecb3-4338-9923-ba2d46dbaf7d@group-061CA6DAA6A4-SegmentedRaftLogWorker: flushIndex: setUnconditionally 0 -> -1
2019-09-25 12:57:32,940 [pool-47-thread-1] INFO  server.RaftServerConfigKeys (ConfUtils.java:logGet(43)) - raft.server.snapshot.auto.trigger.enabled = true (custom)
2019-09-25 12:57:32,940 [pool-47-thread-1] INFO  server.RaftServerConfigKeys (ConfUtils.java:logGet(43)) - raft.server.snapshot.auto.trigger.threshold = 10000 (custom)
2019-09-25 12:57:32,941 [pool-47-thread-1] INFO  server.RaftServerConfigKeys (ConfUtils.java:logGet(43)) - raft.server.snapshot.retention.num.files = 5 (custom)
2019-09-25 12:57:32,941 [pool-47-thread-1] INFO  server.RaftServerConfigKeys (ConfUtils.java:logGet(43)) - raft.server.retrycache.expirytime = 600000ms (custom)
2019-09-25 12:57:32,945 [pool-47-thread-1] INFO  impl.RaftServerImpl (RaftServerImpl.java:start(185)) - 548f63c1-ecb3-4338-9923-ba2d46dbaf7d@group-061CA6DAA6A4: start as a follower, conf=-1: [548f63c1-ecb3-4338-9923-ba2d46dbaf7d:192.168.151.73:44083], old=null
2019-09-25 12:57:32,945 [pool-47-thread-1] INFO  impl.RaftServerImpl (RaftServerImpl.java:setRole(174)) - 548f63c1-ecb3-4338-9923-ba2d46dbaf7d@group-061CA6DAA6A4: changes role from      null to FOLLOWER at term 0 for startAsFollower
2019-09-25 12:57:32,945 [pool-47-thread-1] INFO  impl.RoleInfo (RoleInfo.java:updateAndGet(143)) - 548f63c1-ecb3-4338-9923-ba2d46dbaf7d: start FollowerState
2019-09-25 12:57:32,947 [pool-47-thread-1] INFO  util.JmxRegister (JmxRegister.java:tryRegister(44)) - Successfully registered JMX Bean with object name Ratis:service=RaftServer,group=group-061CA6DAA6A4,id=548f63c1-ecb3-4338-9923-ba2d46dbaf7d
2019-09-25 12:57:32,956 [RatisPipelineUtilsThread] INFO  pipeline.PipelineStateManager (PipelineStateManager.java:addPipeline(56)) - Created pipeline Pipeline[ Id: 9f7a7409-d17f-4bb0-bdab-061ca6daa6a4, Nodes: 548f63c1-ecb3-4338-9923-ba2d46dbaf7d{ip: 192.168.151.73, host: pr-hdds-1569-shd4m-3693607622, networkLocation: /default-rack, certSerialId: null}, Type:RATIS, Factor:ONE, State:OPEN]
2019-09-25 12:57:32,976 [grpc-default-executor-0] INFO  impl.RaftServerProxy (RaftServerProxy.java:addNew(89)) - 1ad4e210-16ea-448d-9c83-11669c9ee3b6: addNew group-A804CCAC0189:[1ad4e210-16ea-448d-9c83-11669c9ee3b6:192.168.151.73:41323] returns group-A804CCAC0189:java.util.concurrent.CompletableFuture@3614cfd[Not completed]
2019-09-25 12:57:32,990 [pool-37-thread-1] INFO  impl.RaftServerImpl (RaftServerImpl.java:<init>(95)) - 1ad4e210-16ea-448d-9c83-11669c9ee3b6: new RaftServerImpl for group-A804CCAC0189:[1ad4e210-16ea-448d-9c83-11669c9ee3b6:192.168.151.73:41323] with ContainerStateMachine:uninitialized
2019-09-25 12:57:32,990 [pool-37-thread-1] INFO  server.RaftServerConfigKeys (ConfUtils.java:logGet(43)) - raft.server.rpc.timeout.min = 5s (custom)
2019-09-25 12:57:32,991 [pool-37-thread-1] INFO  server.RaftServerConfigKeys (ConfUtils.java:logGet(43)) - raft.server.rpc.timeout.max = 5200ms (custom)
2019-09-25 12:57:32,991 [pool-37-thread-1] INFO  server.RaftServerConfigKeys (ConfUtils.java:logGet(43)) - raft.server.rpcslowness.timeout = 120s (custom)
2019-09-25 12:57:32,991 [pool-37-thread-1] INFO  server.RaftServerConfigKeys (ConfUtils.java:logGet(43)) - raft.server.sleep.deviation.threshold = 300 (default)
2019-09-25 12:57:32,991 [pool-37-thread-1] INFO  server.RaftServerConfigKeys (ConfUtils.java:logGet(43)) - raft.server.log.appender.install.snapshot.enabled = false (custom)
2019-09-25 12:57:32,991 [pool-37-thread-1] INFO  impl.RaftServerImpl (ServerState.java:<init>(103)) - 1ad4e210-16ea-448d-9c83-11669c9ee3b6@group-A804CCAC0189: ConfigurationManager, init=-1: [1ad4e210-16ea-448d-9c83-11669c9ee3b6:192.168.151.73:41323], old=null, confs=<EMPTY_MAP>
2019-09-25 12:57:32,991 [pool-37-thread-1] INFO  server.RaftServerConfigKeys (ConfUtils.java:logGet(43)) - raft.server.storage.dir = [/workdir/hadoop-ozone/tools/target/test-dir/MiniOzoneClusterImpl-ca628441-95e6-4ca0-9871-ceda43659e6a/datanode-1/data/ratis] (custom)
2019-09-25 12:57:32,992 [pool-37-thread-1] INFO  storage.RaftStorageDirectory (RaftStorageDirectory.java:analyzeStorage(246)) - The storage directory /workdir/hadoop-ozone/tools/target/test-dir/MiniOzoneClusterImpl-ca628441-95e6-4ca0-9871-ceda43659e6a/datanode-1/data/ratis/05de0a38-13ea-4432-a3f7-a804ccac0189 does not exist. Creating ...
2019-09-25 12:57:33,012 [pool-37-thread-1] INFO  storage.RaftStorageDirectory (RaftStorageDirectory.java:tryLock(328)) - Lock on /workdir/hadoop-ozone/tools/target/test-dir/MiniOzoneClusterImpl-ca628441-95e6-4ca0-9871-ceda43659e6a/datanode-1/data/ratis/05de0a38-13ea-4432-a3f7-a804ccac0189/in_use.lock acquired by nodename 11947@pr-hdds-1569-shd4m-3693607622
2019-09-25 12:57:33,026 [pool-37-thread-1] INFO  storage.RaftStorage (RaftStorage.java:format(72)) - Storage directory /workdir/hadoop-ozone/tools/target/test-dir/MiniOzoneClusterImpl-ca628441-95e6-4ca0-9871-ceda43659e6a/datanode-1/data/ratis/05de0a38-13ea-4432-a3f7-a804ccac0189 has been successfully formatted.
2019-09-25 12:57:33,027 [pool-37-thread-1] INFO  ratis.ContainerStateMachine (ContainerStateMachine.java:loadSnapshot(230)) - group-A804CCAC0189: The snapshot info is null. Setting the last applied indexto:(t:0, i:~)
2019-09-25 12:57:33,027 [pool-37-thread-1] INFO  server.RaftServerConfigKeys (ConfUtils.java:logGet(43)) - raft.server.notification.no-leader.timeout = 120s (custom)
2019-09-25 12:57:33,027 [pool-37-thread-1] INFO  server.RaftServerConfigKeys (ConfUtils.java:logGet(43)) - raft.server.log.use.memory = false (default)
2019-09-25 12:57:33,027 [pool-37-thread-1] INFO  server.RaftServerConfigKeys (ConfUtils.java:logGet(43)) - raft.server.log.purge.gap = 1000000 (custom)
2019-09-25 12:57:33,028 [pool-37-thread-1] INFO  server.RaftServerConfigKeys (ConfUtils.java:logGet(43)) - raft.server.log.appender.buffer.byte-limit = 33554432 (custom)
2019-09-25 12:57:33,028 [pool-37-thread-1] INFO  server.RaftServerConfigKeys (ConfUtils.java:logGet(43)) - raft.server.log.segment.size.max = 1048576 (custom)
2019-09-25 12:57:33,028 [pool-37-thread-1] INFO  server.RaftServerConfigKeys (ConfUtils.java:logGet(43)) - raft.server.log.segment.cache.num.max = 2 (custom)
2019-09-25 12:57:33,028 [pool-37-thread-1] INFO  segmented.SegmentedRaftLogWorker (SegmentedRaftLogWorker.java:<init>(172)) - new 1ad4e210-16ea-448d-9c83-11669c9ee3b6@group-A804CCAC0189-SegmentedRaftLogWorker for RaftStorage:Storage Directory /workdir/hadoop-ozone/tools/target/test-dir/MiniOzoneClusterImpl-ca628441-95e6-4ca0-9871-ceda43659e6a/datanode-1/data/ratis/05de0a38-13ea-4432-a3f7-a804ccac0189
2019-09-25 12:57:33,054 [pool-37-thread-1] INFO  server.RaftServerConfigKeys (ConfUtils.java:logGet(43)) - raft.server.log.queue.byte-limit = 2147483647 (custom)
2019-09-25 12:57:33,054 [pool-37-thread-1] INFO  server.RaftServerConfigKeys (ConfUtils.java:logGet(43)) - raft.server.log.queue.element-limit = 1024 (custom)
2019-09-25 12:57:33,055 [pool-37-thread-1] INFO  server.RaftServerConfigKeys (ConfUtils.java:logGet(43)) - raft.server.log.segment.size.max = 1048576 (custom)
2019-09-25 12:57:33,055 [pool-37-thread-1] INFO  server.RaftServerConfigKeys (ConfUtils.java:logGet(43)) - raft.server.log.preallocated.size = 16384 (custom)
2019-09-25 12:57:33,055 [pool-37-thread-1] INFO  server.RaftServerConfigKeys (ConfUtils.java:logGet(43)) - raft.server.log.write.buffer.size = 33554432 (custom)
2019-09-25 12:57:33,055 [pool-37-thread-1] INFO  server.RaftServerConfigKeys (ConfUtils.java:logGet(43)) - raft.server.log.force.sync.num = 128 (default)
2019-09-25 12:57:33,056 [pool-37-thread-1] INFO  server.RaftServerConfigKeys (ConfUtils.java:logGet(43)) - raft.server.log.statemachine.data.sync = true (default)
2019-09-25 12:57:33,056 [pool-37-thread-1] INFO  server.RaftServerConfigKeys (ConfUtils.java:logGet(43)) - raft.server.log.statemachine.data.sync.timeout = 10s (default)
2019-09-25 12:57:33,056 [pool-37-thread-1] INFO  server.RaftServerConfigKeys (ConfUtils.java:logGet(43)) - raft.server.log.statemachine.data.sync.timeout.retry = -1 (default)
2019-09-25 12:57:33,056 [pool-37-thread-1] INFO  server.RaftServerConfigKeys (ConfUtils.java:logGet(43)) - raft.server.log.statemachine.data.caching.enabled = true (custom)
2019-09-25 12:57:33,057 [pool-37-thread-1] INFO  segmented.SegmentedRaftLogWorker (SegmentedRaftLogWorker.java:lambda$new$0(132)) - 1ad4e210-16ea-448d-9c83-11669c9ee3b6@group-A804CCAC0189-SegmentedRaftLogWorker: flushIndex: setUnconditionally 0 -> -1
2019-09-25 12:57:33,057 [pool-37-thread-1] INFO  server.RaftServerConfigKeys (ConfUtils.java:logGet(43)) - raft.server.snapshot.auto.trigger.enabled = true (custom)
2019-09-25 12:57:33,058 [pool-37-thread-1] INFO  server.RaftServerConfigKeys (ConfUtils.java:logGet(43)) - raft.server.snapshot.auto.trigger.threshold = 10000 (custom)
2019-09-25 12:57:33,058 [pool-37-thread-1] INFO  server.RaftServerConfigKeys (ConfUtils.java:logGet(43)) - raft.server.snapshot.retention.num.files = 5 (custom)
2019-09-25 12:57:33,058 [pool-37-thread-1] INFO  server.RaftServerConfigKeys (ConfUtils.java:logGet(43)) - raft.server.retrycache.expirytime = 600000ms (custom)
2019-09-25 12:57:33,064 [pool-37-thread-1] INFO  impl.RaftServerImpl (RaftServerImpl.java:start(185)) - 1ad4e210-16ea-448d-9c83-11669c9ee3b6@group-A804CCAC0189: start as a follower, conf=-1: [1ad4e210-16ea-448d-9c83-11669c9ee3b6:192.168.151.73:41323], old=null
2019-09-25 12:57:33,064 [pool-37-thread-1] INFO  impl.RaftServerImpl (RaftServerImpl.java:setRole(174)) - 1ad4e210-16ea-448d-9c83-11669c9ee3b6@group-A804CCAC0189: changes role from      null to FOLLOWER at term 0 for startAsFollower
2019-09-25 12:57:33,064 [pool-37-thread-1] INFO  impl.RoleInfo (RoleInfo.java:updateAndGet(143)) - 1ad4e210-16ea-448d-9c83-11669c9ee3b6: start FollowerState
2019-09-25 12:57:33,065 [pool-37-thread-1] INFO  util.JmxRegister (JmxRegister.java:tryRegister(44)) - Successfully registered JMX Bean with object name Ratis:service=RaftServer,group=group-A804CCAC0189,id=1ad4e210-16ea-448d-9c83-11669c9ee3b6
2019-09-25 12:57:33,074 [RatisPipelineUtilsThread] INFO  pipeline.PipelineStateManager (PipelineStateManager.java:addPipeline(56)) - Created pipeline Pipeline[ Id: 05de0a38-13ea-4432-a3f7-a804ccac0189, Nodes: 1ad4e210-16ea-448d-9c83-11669c9ee3b6{ip: 192.168.151.73, host: pr-hdds-1569-shd4m-3693607622, networkLocation: /default-rack, certSerialId: null}, Type:RATIS, Factor:ONE, State:OPEN]
2019-09-25 12:57:33,089 [grpc-default-executor-0] INFO  impl.RaftServerProxy (RaftServerProxy.java:addNew(89)) - 05c10ba5-9820-4ddb-94b6-a7ebb5af4f34: addNew group-5A3E54599671:[05c10ba5-9820-4ddb-94b6-a7ebb5af4f34:192.168.151.73:44415] returns group-5A3E54599671:java.util.concurrent.CompletableFuture@671c46df[Not completed]
2019-09-25 12:57:33,091 [pool-27-thread-1] INFO  impl.RaftServerImpl (RaftServerImpl.java:<init>(95)) - 05c10ba5-9820-4ddb-94b6-a7ebb5af4f34: new RaftServerImpl for group-5A3E54599671:[05c10ba5-9820-4ddb-94b6-a7ebb5af4f34:192.168.151.73:44415] with ContainerStateMachine:uninitialized
2019-09-25 12:57:33,091 [pool-27-thread-1] INFO  server.RaftServerConfigKeys (ConfUtils.java:logGet(43)) - raft.server.rpc.timeout.min = 5s (custom)
2019-09-25 12:57:33,091 [pool-27-thread-1] INFO  server.RaftServerConfigKeys (ConfUtils.java:logGet(43)) - raft.server.rpc.timeout.max = 5200ms (custom)
2019-09-25 12:57:33,091 [pool-27-thread-1] INFO  server.RaftServerConfigKeys (ConfUtils.java:logGet(43)) - raft.server.rpcslowness.timeout = 120s (custom)
2019-09-25 12:57:33,091 [pool-27-thread-1] INFO  server.RaftServerConfigKeys (ConfUtils.java:logGet(43)) - raft.server.sleep.deviation.threshold = 300 (default)
2019-09-25 12:57:33,091 [pool-27-thread-1] INFO  server.RaftServerConfigKeys (ConfUtils.java:logGet(43)) - raft.server.log.appender.install.snapshot.enabled = false (custom)
2019-09-25 12:57:33,092 [pool-27-thread-1] INFO  impl.RaftServerImpl (ServerState.java:<init>(103)) - 05c10ba5-9820-4ddb-94b6-a7ebb5af4f34@group-5A3E54599671: ConfigurationManager, init=-1: [05c10ba5-9820-4ddb-94b6-a7ebb5af4f34:192.168.151.73:44415], old=null, confs=<EMPTY_MAP>
2019-09-25 12:57:33,092 [pool-27-thread-1] INFO  server.RaftServerConfigKeys (ConfUtils.java:logGet(43)) - raft.server.storage.dir = [/workdir/hadoop-ozone/tools/target/test-dir/MiniOzoneClusterImpl-ca628441-95e6-4ca0-9871-ceda43659e6a/datanode-0/data/ratis] (custom)
2019-09-25 12:57:33,093 [pool-27-thread-1] INFO  storage.RaftStorageDirectory (RaftStorageDirectory.java:analyzeStorage(246)) - The storage directory /workdir/hadoop-ozone/tools/target/test-dir/MiniOzoneClusterImpl-ca628441-95e6-4ca0-9871-ceda43659e6a/datanode-0/data/ratis/0813872a-8821-469f-be46-5a3e54599671 does not exist. Creating ...
2019-09-25 12:57:33,114 [pool-27-thread-1] INFO  storage.RaftStorageDirectory (RaftStorageDirectory.java:tryLock(328)) - Lock on /workdir/hadoop-ozone/tools/target/test-dir/MiniOzoneClusterImpl-ca628441-95e6-4ca0-9871-ceda43659e6a/datanode-0/data/ratis/0813872a-8821-469f-be46-5a3e54599671/in_use.lock acquired by nodename 11947@pr-hdds-1569-shd4m-3693607622
2019-09-25 12:57:33,130 [pool-27-thread-1] INFO  storage.RaftStorage (RaftStorage.java:format(72)) - Storage directory /workdir/hadoop-ozone/tools/target/test-dir/MiniOzoneClusterImpl-ca628441-95e6-4ca0-9871-ceda43659e6a/datanode-0/data/ratis/0813872a-8821-469f-be46-5a3e54599671 has been successfully formatted.
2019-09-25 12:57:33,131 [pool-27-thread-1] INFO  ratis.ContainerStateMachine (ContainerStateMachine.java:loadSnapshot(230)) - group-5A3E54599671: The snapshot info is null. Setting the last applied indexto:(t:0, i:~)
2019-09-25 12:57:33,131 [pool-27-thread-1] INFO  server.RaftServerConfigKeys (ConfUtils.java:logGet(43)) - raft.server.notification.no-leader.timeout = 120s (custom)
2019-09-25 12:57:33,131 [pool-27-thread-1] INFO  server.RaftServerConfigKeys (ConfUtils.java:logGet(43)) - raft.server.log.use.memory = false (default)
2019-09-25 12:57:33,132 [pool-27-thread-1] INFO  server.RaftServerConfigKeys (ConfUtils.java:logGet(43)) - raft.server.log.purge.gap = 1000000 (custom)
2019-09-25 12:57:33,132 [pool-27-thread-1] INFO  server.RaftServerConfigKeys (ConfUtils.java:logGet(43)) - raft.server.log.appender.buffer.byte-limit = 33554432 (custom)
2019-09-25 12:57:33,132 [pool-27-thread-1] INFO  server.RaftServerConfigKeys (ConfUtils.java:logGet(43)) - raft.server.log.segment.size.max = 1048576 (custom)
2019-09-25 12:57:33,132 [pool-27-thread-1] INFO  server.RaftServerConfigKeys (ConfUtils.java:logGet(43)) - raft.server.log.segment.cache.num.max = 2 (custom)
2019-09-25 12:57:33,132 [pool-27-thread-1] INFO  segmented.SegmentedRaftLogWorker (SegmentedRaftLogWorker.java:<init>(172)) - new 05c10ba5-9820-4ddb-94b6-a7ebb5af4f34@group-5A3E54599671-SegmentedRaftLogWorker for RaftStorage:Storage Directory /workdir/hadoop-ozone/tools/target/test-dir/MiniOzoneClusterImpl-ca628441-95e6-4ca0-9871-ceda43659e6a/datanode-0/data/ratis/0813872a-8821-469f-be46-5a3e54599671
2019-09-25 12:57:33,132 [pool-27-thread-1] INFO  server.RaftServerConfigKeys (ConfUtils.java:logGet(43)) - raft.server.log.queue.byte-limit = 2147483647 (custom)
2019-09-25 12:57:33,132 [pool-27-thread-1] INFO  server.RaftServerConfigKeys (ConfUtils.java:logGet(43)) - raft.server.log.queue.element-limit = 1024 (custom)
2019-09-25 12:57:33,133 [pool-27-thread-1] INFO  server.RaftServerConfigKeys (ConfUtils.java:logGet(43)) - raft.server.log.segment.size.max = 1048576 (custom)
2019-09-25 12:57:33,133 [pool-27-thread-1] INFO  server.RaftServerConfigKeys (ConfUtils.java:logGet(43)) - raft.server.log.preallocated.size = 16384 (custom)
2019-09-25 12:57:33,133 [pool-27-thread-1] INFO  server.RaftServerConfigKeys (ConfUtils.java:logGet(43)) - raft.server.log.write.buffer.size = 33554432 (custom)
2019-09-25 12:57:33,133 [pool-27-thread-1] INFO  server.RaftServerConfigKeys (ConfUtils.java:logGet(43)) - raft.server.log.force.sync.num = 128 (default)
2019-09-25 12:57:33,133 [pool-27-thread-1] INFO  server.RaftServerConfigKeys (ConfUtils.java:logGet(43)) - raft.server.log.statemachine.data.sync = true (default)
2019-09-25 12:57:33,133 [pool-27-thread-1] INFO  server.RaftServerConfigKeys (ConfUtils.java:logGet(43)) - raft.server.log.statemachine.data.sync.timeout = 10s (default)
2019-09-25 12:57:33,133 [pool-27-thread-1] INFO  server.RaftServerConfigKeys (ConfUtils.java:logGet(43)) - raft.server.log.statemachine.data.sync.timeout.retry = -1 (default)
2019-09-25 12:57:33,134 [pool-27-thread-1] INFO  server.RaftServerConfigKeys (ConfUtils.java:logGet(43)) - raft.server.log.statemachine.data.caching.enabled = true (custom)
2019-09-25 12:57:33,134 [pool-27-thread-1] INFO  segmented.SegmentedRaftLogWorker (SegmentedRaftLogWorker.java:lambda$new$0(132)) - 05c10ba5-9820-4ddb-94b6-a7ebb5af4f34@group-5A3E54599671-SegmentedRaftLogWorker: flushIndex: setUnconditionally 0 -> -1
2019-09-25 12:57:33,134 [pool-27-thread-1] INFO  server.RaftServerConfigKeys (ConfUtils.java:logGet(43)) - raft.server.snapshot.auto.trigger.enabled = true (custom)
2019-09-25 12:57:33,134 [pool-27-thread-1] INFO  server.RaftServerConfigKeys (ConfUtils.java:logGet(43)) - raft.server.snapshot.auto.trigger.threshold = 10000 (custom)
2019-09-25 12:57:33,135 [pool-27-thread-1] INFO  server.RaftServerConfigKeys (ConfUtils.java:logGet(43)) - raft.server.snapshot.retention.num.files = 5 (custom)
2019-09-25 12:57:33,135 [pool-27-thread-1] INFO  server.RaftServerConfigKeys (ConfUtils.java:logGet(43)) - raft.server.retrycache.expirytime = 600000ms (custom)
2019-09-25 12:57:33,138 [pool-27-thread-1] INFO  impl.RaftServerImpl (RaftServerImpl.java:start(185)) - 05c10ba5-9820-4ddb-94b6-a7ebb5af4f34@group-5A3E54599671: start as a follower, conf=-1: [05c10ba5-9820-4ddb-94b6-a7ebb5af4f34:192.168.151.73:44415], old=null
2019-09-25 12:57:33,139 [pool-27-thread-1] INFO  impl.RaftServerImpl (RaftServerImpl.java:setRole(174)) - 05c10ba5-9820-4ddb-94b6-a7ebb5af4f34@group-5A3E54599671: changes role from      null to FOLLOWER at term 0 for startAsFollower
2019-09-25 12:57:33,139 [pool-27-thread-1] INFO  impl.RoleInfo (RoleInfo.java:updateAndGet(143)) - 05c10ba5-9820-4ddb-94b6-a7ebb5af4f34: start FollowerState
2019-09-25 12:57:33,139 [pool-27-thread-1] INFO  util.JmxRegister (JmxRegister.java:tryRegister(44)) - Successfully registered JMX Bean with object name Ratis:service=RaftServer,group=group-5A3E54599671,id=05c10ba5-9820-4ddb-94b6-a7ebb5af4f34
2019-09-25 12:57:33,151 [RatisPipelineUtilsThread] INFO  pipeline.PipelineStateManager (PipelineStateManager.java:addPipeline(56)) - Created pipeline Pipeline[ Id: 0813872a-8821-469f-be46-5a3e54599671, Nodes: 05c10ba5-9820-4ddb-94b6-a7ebb5af4f34{ip: 192.168.151.73, host: pr-hdds-1569-shd4m-3693607622, networkLocation: /default-rack, certSerialId: null}, Type:RATIS, Factor:ONE, State:OPEN]
2019-09-25 12:57:33,162 [grpc-default-executor-0] INFO  impl.RaftServerProxy (RaftServerProxy.java:addNew(89)) - 05c10ba5-9820-4ddb-94b6-a7ebb5af4f34: addNew group-4E5EEA0F0A31:[05c10ba5-9820-4ddb-94b6-a7ebb5af4f34:192.168.151.73:44415] returns group-4E5EEA0F0A31:java.util.concurrent.CompletableFuture@3307d6cc[Not completed]
2019-09-25 12:57:33,164 [pool-27-thread-1] INFO  impl.RaftServerImpl (RaftServerImpl.java:<init>(95)) - 05c10ba5-9820-4ddb-94b6-a7ebb5af4f34: new RaftServerImpl for group-4E5EEA0F0A31:[05c10ba5-9820-4ddb-94b6-a7ebb5af4f34:192.168.151.73:44415] with ContainerStateMachine:uninitialized
2019-09-25 12:57:33,164 [pool-27-thread-1] INFO  server.RaftServerConfigKeys (ConfUtils.java:logGet(43)) - raft.server.rpc.timeout.min = 5s (custom)
2019-09-25 12:57:33,164 [pool-27-thread-1] INFO  server.RaftServerConfigKeys (ConfUtils.java:logGet(43)) - raft.server.rpc.timeout.max = 5200ms (custom)
2019-09-25 12:57:33,165 [pool-27-thread-1] INFO  server.RaftServerConfigKeys (ConfUtils.java:logGet(43)) - raft.server.rpcslowness.timeout = 120s (custom)
2019-09-25 12:57:33,165 [pool-27-thread-1] INFO  server.RaftServerConfigKeys (ConfUtils.java:logGet(43)) - raft.server.sleep.deviation.threshold = 300 (default)
2019-09-25 12:57:33,165 [pool-27-thread-1] INFO  server.RaftServerConfigKeys (ConfUtils.java:logGet(43)) - raft.server.log.appender.install.snapshot.enabled = false (custom)
2019-09-25 12:57:33,165 [pool-27-thread-1] INFO  impl.RaftServerImpl (ServerState.java:<init>(103)) - 05c10ba5-9820-4ddb-94b6-a7ebb5af4f34@group-4E5EEA0F0A31: ConfigurationManager, init=-1: [05c10ba5-9820-4ddb-94b6-a7ebb5af4f34:192.168.151.73:44415], old=null, confs=<EMPTY_MAP>
2019-09-25 12:57:33,165 [pool-27-thread-1] INFO  server.RaftServerConfigKeys (ConfUtils.java:logGet(43)) - raft.server.storage.dir = [/workdir/hadoop-ozone/tools/target/test-dir/MiniOzoneClusterImpl-ca628441-95e6-4ca0-9871-ceda43659e6a/datanode-0/data/ratis] (custom)
2019-09-25 12:57:33,166 [pool-27-thread-1] INFO  storage.RaftStorageDirectory (RaftStorageDirectory.java:analyzeStorage(246)) - The storage directory /workdir/hadoop-ozone/tools/target/test-dir/MiniOzoneClusterImpl-ca628441-95e6-4ca0-9871-ceda43659e6a/datanode-0/data/ratis/33a7ba54-7f1d-47e0-9d35-4e5eea0f0a31 does not exist. Creating ...
2019-09-25 12:57:33,187 [pool-27-thread-1] INFO  storage.RaftStorageDirectory (RaftStorageDirectory.java:tryLock(328)) - Lock on /workdir/hadoop-ozone/tools/target/test-dir/MiniOzoneClusterImpl-ca628441-95e6-4ca0-9871-ceda43659e6a/datanode-0/data/ratis/33a7ba54-7f1d-47e0-9d35-4e5eea0f0a31/in_use.lock acquired by nodename 11947@pr-hdds-1569-shd4m-3693607622
2019-09-25 12:57:33,208 [pool-27-thread-1] INFO  storage.RaftStorage (RaftStorage.java:format(72)) - Storage directory /workdir/hadoop-ozone/tools/target/test-dir/MiniOzoneClusterImpl-ca628441-95e6-4ca0-9871-ceda43659e6a/datanode-0/data/ratis/33a7ba54-7f1d-47e0-9d35-4e5eea0f0a31 has been successfully formatted.
2019-09-25 12:57:33,208 [pool-27-thread-1] INFO  ratis.ContainerStateMachine (ContainerStateMachine.java:loadSnapshot(230)) - group-4E5EEA0F0A31: The snapshot info is null. Setting the last applied indexto:(t:0, i:~)
2019-09-25 12:57:33,208 [pool-27-thread-1] INFO  server.RaftServerConfigKeys (ConfUtils.java:logGet(43)) - raft.server.notification.no-leader.timeout = 120s (custom)
2019-09-25 12:57:33,208 [pool-27-thread-1] INFO  server.RaftServerConfigKeys (ConfUtils.java:logGet(43)) - raft.server.log.use.memory = false (default)
2019-09-25 12:57:33,209 [pool-27-thread-1] INFO  server.RaftServerConfigKeys (ConfUtils.java:logGet(43)) - raft.server.log.purge.gap = 1000000 (custom)
2019-09-25 12:57:33,209 [pool-27-thread-1] INFO  server.RaftServerConfigKeys (ConfUtils.java:logGet(43)) - raft.server.log.appender.buffer.byte-limit = 33554432 (custom)
2019-09-25 12:57:33,209 [pool-27-thread-1] INFO  server.RaftServerConfigKeys (ConfUtils.java:logGet(43)) - raft.server.log.segment.size.max = 1048576 (custom)
2019-09-25 12:57:33,209 [pool-27-thread-1] INFO  server.RaftServerConfigKeys (ConfUtils.java:logGet(43)) - raft.server.log.segment.cache.num.max = 2 (custom)
2019-09-25 12:57:33,209 [pool-27-thread-1] INFO  segmented.SegmentedRaftLogWorker (SegmentedRaftLogWorker.java:<init>(172)) - new 05c10ba5-9820-4ddb-94b6-a7ebb5af4f34@group-4E5EEA0F0A31-SegmentedRaftLogWorker for RaftStorage:Storage Directory /workdir/hadoop-ozone/tools/target/test-dir/MiniOzoneClusterImpl-ca628441-95e6-4ca0-9871-ceda43659e6a/datanode-0/data/ratis/33a7ba54-7f1d-47e0-9d35-4e5eea0f0a31
2019-09-25 12:57:33,209 [pool-27-thread-1] INFO  server.RaftServerConfigKeys (ConfUtils.java:logGet(43)) - raft.server.log.queue.byte-limit = 2147483647 (custom)
2019-09-25 12:57:33,210 [pool-27-thread-1] INFO  server.RaftServerConfigKeys (ConfUtils.java:logGet(43)) - raft.server.log.queue.element-limit = 1024 (custom)
2019-09-25 12:57:33,210 [pool-27-thread-1] INFO  server.RaftServerConfigKeys (ConfUtils.java:logGet(43)) - raft.server.log.segment.size.max = 1048576 (custom)
2019-09-25 12:57:33,210 [pool-27-thread-1] INFO  server.RaftServerConfigKeys (ConfUtils.java:logGet(43)) - raft.server.log.preallocated.size = 16384 (custom)
2019-09-25 12:57:33,210 [pool-27-thread-1] INFO  server.RaftServerConfigKeys (ConfUtils.java:logGet(43)) - raft.server.log.write.buffer.size = 33554432 (custom)
2019-09-25 12:57:33,210 [pool-27-thread-1] INFO  server.RaftServerConfigKeys (ConfUtils.java:logGet(43)) - raft.server.log.force.sync.num = 128 (default)
2019-09-25 12:57:33,210 [pool-27-thread-1] INFO  server.RaftServerConfigKeys (ConfUtils.java:logGet(43)) - raft.server.log.statemachine.data.sync = true (default)
2019-09-25 12:57:33,211 [pool-27-thread-1] INFO  server.RaftServerConfigKeys (ConfUtils.java:logGet(43)) - raft.server.log.statemachine.data.sync.timeout = 10s (default)
2019-09-25 12:57:33,211 [pool-27-thread-1] INFO  server.RaftServerConfigKeys (ConfUtils.java:logGet(43)) - raft.server.log.statemachine.data.sync.timeout.retry = -1 (default)
2019-09-25 12:57:33,211 [pool-27-thread-1] INFO  server.RaftServerConfigKeys (ConfUtils.java:logGet(43)) - raft.server.log.statemachine.data.caching.enabled = true (custom)
2019-09-25 12:57:33,211 [pool-27-thread-1] INFO  segmented.SegmentedRaftLogWorker (SegmentedRaftLogWorker.java:lambda$new$0(132)) - 05c10ba5-9820-4ddb-94b6-a7ebb5af4f34@group-4E5EEA0F0A31-SegmentedRaftLogWorker: flushIndex: setUnconditionally 0 -> -1
2019-09-25 12:57:33,212 [pool-27-thread-1] INFO  server.RaftServerConfigKeys (ConfUtils.java:logGet(43)) - raft.server.snapshot.auto.trigger.enabled = true (custom)
2019-09-25 12:57:33,212 [pool-27-thread-1] INFO  server.RaftServerConfigKeys (ConfUtils.java:logGet(43)) - raft.server.snapshot.auto.trigger.threshold = 10000 (custom)
2019-09-25 12:57:33,212 [pool-27-thread-1] INFO  server.RaftServerConfigKeys (ConfUtils.java:logGet(43)) - raft.server.snapshot.retention.num.files = 5 (custom)
2019-09-25 12:57:33,212 [pool-27-thread-1] INFO  server.RaftServerConfigKeys (ConfUtils.java:logGet(43)) - raft.server.retrycache.expirytime = 600000ms (custom)
2019-09-25 12:57:33,216 [pool-27-thread-1] INFO  impl.RaftServerImpl (RaftServerImpl.java:start(185)) - 05c10ba5-9820-4ddb-94b6-a7ebb5af4f34@group-4E5EEA0F0A31: start as a follower, conf=-1: [05c10ba5-9820-4ddb-94b6-a7ebb5af4f34:192.168.151.73:44415], old=null
2019-09-25 12:57:33,216 [pool-27-thread-1] INFO  impl.RaftServerImpl (RaftServerImpl.java:setRole(174)) - 05c10ba5-9820-4ddb-94b6-a7ebb5af4f34@group-4E5EEA0F0A31: changes role from      null to FOLLOWER at term 0 for startAsFollower
2019-09-25 12:57:33,216 [pool-27-thread-1] INFO  impl.RoleInfo (RoleInfo.java:updateAndGet(143)) - 05c10ba5-9820-4ddb-94b6-a7ebb5af4f34: start FollowerState
2019-09-25 12:57:33,217 [pool-27-thread-1] INFO  util.JmxRegister (JmxRegister.java:tryRegister(44)) - Successfully registered JMX Bean with object name Ratis:service=RaftServer,group=group-4E5EEA0F0A31,id=05c10ba5-9820-4ddb-94b6-a7ebb5af4f34
2019-09-25 12:57:33,227 [main] INFO  ozone.MiniOzoneClusterImpl (MiniOzoneClusterImpl.java:lambda$waitForClusterToBeReady$0(147)) - Cluster is ready. Got 5 of 5 DN Heartbeats.
2019-09-25 12:57:33,229 [RatisPipelineUtilsThread] INFO  pipeline.PipelineStateManager (PipelineStateManager.java:addPipeline(56)) - Created pipeline Pipeline[ Id: 33a7ba54-7f1d-47e0-9d35-4e5eea0f0a31, Nodes: 05c10ba5-9820-4ddb-94b6-a7ebb5af4f34{ip: 192.168.151.73, host: pr-hdds-1569-shd4m-3693607622, networkLocation: /default-rack, certSerialId: null}, Type:RATIS, Factor:ONE, State:OPEN]
2019-09-25 12:57:33,243 [grpc-default-executor-0] INFO  impl.RaftServerProxy (RaftServerProxy.java:addNew(89)) - 548f63c1-ecb3-4338-9923-ba2d46dbaf7d: addNew group-2ECFB91596E5:[548f63c1-ecb3-4338-9923-ba2d46dbaf7d:192.168.151.73:44083] returns group-2ECFB91596E5:java.util.concurrent.CompletableFuture@145af4cc[Not completed]
2019-09-25 12:57:33,245 [pool-47-thread-1] INFO  impl.RaftServerImpl (RaftServerImpl.java:<init>(95)) - 548f63c1-ecb3-4338-9923-ba2d46dbaf7d: new RaftServerImpl for group-2ECFB91596E5:[548f63c1-ecb3-4338-9923-ba2d46dbaf7d:192.168.151.73:44083] with ContainerStateMachine:uninitialized
2019-09-25 12:57:33,246 [pool-47-thread-1] INFO  server.RaftServerConfigKeys (ConfUtils.java:logGet(43)) - raft.server.rpc.timeout.min = 5s (custom)
2019-09-25 12:57:33,246 [pool-47-thread-1] INFO  server.RaftServerConfigKeys (ConfUtils.java:logGet(43)) - raft.server.rpc.timeout.max = 5200ms (custom)
2019-09-25 12:57:33,246 [pool-47-thread-1] INFO  server.RaftServerConfigKeys (ConfUtils.java:logGet(43)) - raft.server.rpcslowness.timeout = 120s (custom)
2019-09-25 12:57:33,246 [pool-47-thread-1] INFO  server.RaftServerConfigKeys (ConfUtils.java:logGet(43)) - raft.server.sleep.deviation.threshold = 300 (default)
2019-09-25 12:57:33,246 [pool-47-thread-1] INFO  server.RaftServerConfigKeys (ConfUtils.java:logGet(43)) - raft.server.log.appender.install.snapshot.enabled = false (custom)
2019-09-25 12:57:33,246 [pool-47-thread-1] INFO  impl.RaftServerImpl (ServerState.java:<init>(103)) - 548f63c1-ecb3-4338-9923-ba2d46dbaf7d@group-2ECFB91596E5: ConfigurationManager, init=-1: [548f63c1-ecb3-4338-9923-ba2d46dbaf7d:192.168.151.73:44083], old=null, confs=<EMPTY_MAP>
2019-09-25 12:57:33,247 [pool-47-thread-1] INFO  server.RaftServerConfigKeys (ConfUtils.java:logGet(43)) - raft.server.storage.dir = [/workdir/hadoop-ozone/tools/target/test-dir/MiniOzoneClusterImpl-ca628441-95e6-4ca0-9871-ceda43659e6a/datanode-2/data/ratis] (custom)
2019-09-25 12:57:33,247 [pool-47-thread-1] INFO  storage.RaftStorageDirectory (RaftStorageDirectory.java:analyzeStorage(246)) - The storage directory /workdir/hadoop-ozone/tools/target/test-dir/MiniOzoneClusterImpl-ca628441-95e6-4ca0-9871-ceda43659e6a/datanode-2/data/ratis/a8cc3e7d-0f0b-4d5e-af36-2ecfb91596e5 does not exist. Creating ...
2019-09-25 12:57:33,269 [pool-47-thread-1] INFO  storage.RaftStorageDirectory (RaftStorageDirectory.java:tryLock(328)) - Lock on /workdir/hadoop-ozone/tools/target/test-dir/MiniOzoneClusterImpl-ca628441-95e6-4ca0-9871-ceda43659e6a/datanode-2/data/ratis/a8cc3e7d-0f0b-4d5e-af36-2ecfb91596e5/in_use.lock acquired by nodename 11947@pr-hdds-1569-shd4m-3693607622
2019-09-25 12:57:33,283 [pool-47-thread-1] INFO  storage.RaftStorage (RaftStorage.java:format(72)) - Storage directory /workdir/hadoop-ozone/tools/target/test-dir/MiniOzoneClusterImpl-ca628441-95e6-4ca0-9871-ceda43659e6a/datanode-2/data/ratis/a8cc3e7d-0f0b-4d5e-af36-2ecfb91596e5 has been successfully formatted.
2019-09-25 12:57:33,283 [pool-47-thread-1] INFO  ratis.ContainerStateMachine (ContainerStateMachine.java:loadSnapshot(230)) - group-2ECFB91596E5: The snapshot info is null. Setting the last applied indexto:(t:0, i:~)
2019-09-25 12:57:33,283 [pool-47-thread-1] INFO  server.RaftServerConfigKeys (ConfUtils.java:logGet(43)) - raft.server.notification.no-leader.timeout = 120s (custom)
2019-09-25 12:57:33,284 [pool-47-thread-1] INFO  server.RaftServerConfigKeys (ConfUtils.java:logGet(43)) - raft.server.log.use.memory = false (default)
2019-09-25 12:57:33,284 [pool-47-thread-1] INFO  server.RaftServerConfigKeys (ConfUtils.java:logGet(43)) - raft.server.log.purge.gap = 1000000 (custom)
2019-09-25 12:57:33,284 [pool-47-thread-1] INFO  server.RaftServerConfigKeys (ConfUtils.java:logGet(43)) - raft.server.log.appender.buffer.byte-limit = 33554432 (custom)
2019-09-25 12:57:33,284 [pool-47-thread-1] INFO  server.RaftServerConfigKeys (ConfUtils.java:logGet(43)) - raft.server.log.segment.size.max = 1048576 (custom)
2019-09-25 12:57:33,284 [pool-47-thread-1] INFO  server.RaftServerConfigKeys (ConfUtils.java:logGet(43)) - raft.server.log.segment.cache.num.max = 2 (custom)
2019-09-25 12:57:33,284 [pool-47-thread-1] INFO  segmented.SegmentedRaftLogWorker (SegmentedRaftLogWorker.java:<init>(172)) - new 548f63c1-ecb3-4338-9923-ba2d46dbaf7d@group-2ECFB91596E5-SegmentedRaftLogWorker for RaftStorage:Storage Directory /workdir/hadoop-ozone/tools/target/test-dir/MiniOzoneClusterImpl-ca628441-95e6-4ca0-9871-ceda43659e6a/datanode-2/data/ratis/a8cc3e7d-0f0b-4d5e-af36-2ecfb91596e5
2019-09-25 12:57:33,285 [pool-47-thread-1] INFO  server.RaftServerConfigKeys (ConfUtils.java:logGet(43)) - raft.server.log.queue.byte-limit = 2147483647 (custom)
2019-09-25 12:57:33,285 [pool-47-thread-1] INFO  server.RaftServerConfigKeys (ConfUtils.java:logGet(43)) - raft.server.log.queue.element-limit = 1024 (custom)
2019-09-25 12:57:33,285 [pool-47-thread-1] INFO  server.RaftServerConfigKeys (ConfUtils.java:logGet(43)) - raft.server.log.segment.size.max = 1048576 (custom)
2019-09-25 12:57:33,285 [pool-47-thread-1] INFO  server.RaftServerConfigKeys (ConfUtils.java:logGet(43)) - raft.server.log.preallocated.size = 16384 (custom)
2019-09-25 12:57:33,285 [pool-47-thread-1] INFO  server.RaftServerConfigKeys (ConfUtils.java:logGet(43)) - raft.server.log.write.buffer.size = 33554432 (custom)
2019-09-25 12:57:33,285 [pool-47-thread-1] INFO  server.RaftServerConfigKeys (ConfUtils.java:logGet(43)) - raft.server.log.force.sync.num = 128 (default)
2019-09-25 12:57:33,285 [pool-47-thread-1] INFO  server.RaftServerConfigKeys (ConfUtils.java:logGet(43)) - raft.server.log.statemachine.data.sync = true (default)
2019-09-25 12:57:33,286 [pool-47-thread-1] INFO  server.RaftServerConfigKeys (ConfUtils.java:logGet(43)) - raft.server.log.statemachine.data.sync.timeout = 10s (default)
2019-09-25 12:57:33,286 [pool-47-thread-1] INFO  server.RaftServerConfigKeys (ConfUtils.java:logGet(43)) - raft.server.log.statemachine.data.sync.timeout.retry = -1 (default)
2019-09-25 12:57:33,286 [pool-47-thread-1] INFO  server.RaftServerConfigKeys (ConfUtils.java:logGet(43)) - raft.server.log.statemachine.data.caching.enabled = true (custom)
2019-09-25 12:57:33,286 [pool-47-thread-1] INFO  segmented.SegmentedRaftLogWorker (SegmentedRaftLogWorker.java:lambda$new$0(132)) - 548f63c1-ecb3-4338-9923-ba2d46dbaf7d@group-2ECFB91596E5-SegmentedRaftLogWorker: flushIndex: setUnconditionally 0 -> -1
2019-09-25 12:57:33,287 [pool-47-thread-1] INFO  server.RaftServerConfigKeys (ConfUtils.java:logGet(43)) - raft.server.snapshot.auto.trigger.enabled = true (custom)
2019-09-25 12:57:33,287 [pool-47-thread-1] INFO  server.RaftServerConfigKeys (ConfUtils.java:logGet(43)) - raft.server.snapshot.auto.trigger.threshold = 10000 (custom)
2019-09-25 12:57:33,287 [pool-47-thread-1] INFO  server.RaftServerConfigKeys (ConfUtils.java:logGet(43)) - raft.server.snapshot.retention.num.files = 5 (custom)
2019-09-25 12:57:33,287 [pool-47-thread-1] INFO  server.RaftServerConfigKeys (ConfUtils.java:logGet(43)) - raft.server.retrycache.expirytime = 600000ms (custom)
2019-09-25 12:57:33,291 [pool-47-thread-1] INFO  impl.RaftServerImpl (RaftServerImpl.java:start(185)) - 548f63c1-ecb3-4338-9923-ba2d46dbaf7d@group-2ECFB91596E5: start as a follower, conf=-1: [548f63c1-ecb3-4338-9923-ba2d46dbaf7d:192.168.151.73:44083], old=null
2019-09-25 12:57:33,291 [pool-47-thread-1] INFO  impl.RaftServerImpl (RaftServerImpl.java:setRole(174)) - 548f63c1-ecb3-4338-9923-ba2d46dbaf7d@group-2ECFB91596E5: changes role from      null to FOLLOWER at term 0 for startAsFollower
2019-09-25 12:57:33,291 [pool-47-thread-1] INFO  impl.RoleInfo (RoleInfo.java:updateAndGet(143)) - 548f63c1-ecb3-4338-9923-ba2d46dbaf7d: start FollowerState
2019-09-25 12:57:33,291 [pool-47-thread-1] INFO  util.JmxRegister (JmxRegister.java:tryRegister(44)) - Successfully registered JMX Bean with object name Ratis:service=RaftServer,group=group-2ECFB91596E5,id=548f63c1-ecb3-4338-9923-ba2d46dbaf7d
2019-09-25 12:57:33,302 [RatisPipelineUtilsThread] INFO  pipeline.PipelineStateManager (PipelineStateManager.java:addPipeline(56)) - Created pipeline Pipeline[ Id: a8cc3e7d-0f0b-4d5e-af36-2ecfb91596e5, Nodes: 548f63c1-ecb3-4338-9923-ba2d46dbaf7d{ip: 192.168.151.73, host: pr-hdds-1569-shd4m-3693607622, networkLocation: /default-rack, certSerialId: null}, Type:RATIS, Factor:ONE, State:OPEN]
2019-09-25 12:57:33,320 [grpc-default-executor-0] INFO  impl.RaftServerProxy (RaftServerProxy.java:addNew(89)) - d60bfa88-4f5c-40e2-9e6f-04cdce80ae19: addNew group-B19D63F24B75:[d60bfa88-4f5c-40e2-9e6f-04cdce80ae19:192.168.151.73:42001] returns group-B19D63F24B75:java.util.concurrent.CompletableFuture@5a52ae64[Not completed]
2019-09-25 12:57:33,321 [pool-57-thread-1] INFO  impl.RaftServerImpl (RaftServerImpl.java:<init>(95)) - d60bfa88-4f5c-40e2-9e6f-04cdce80ae19: new RaftServerImpl for group-B19D63F24B75:[d60bfa88-4f5c-40e2-9e6f-04cdce80ae19:192.168.151.73:42001] with ContainerStateMachine:uninitialized
2019-09-25 12:57:33,321 [pool-57-thread-1] INFO  server.RaftServerConfigKeys (ConfUtils.java:logGet(43)) - raft.server.rpc.timeout.min = 5s (custom)
2019-09-25 12:57:33,321 [pool-57-thread-1] INFO  server.RaftServerConfigKeys (ConfUtils.java:logGet(43)) - raft.server.rpc.timeout.max = 5200ms (custom)
2019-09-25 12:57:33,321 [pool-57-thread-1] INFO  server.RaftServerConfigKeys (ConfUtils.java:logGet(43)) - raft.server.rpcslowness.timeout = 120s (custom)
2019-09-25 12:57:33,322 [pool-57-thread-1] INFO  server.RaftServerConfigKeys (ConfUtils.java:logGet(43)) - raft.server.sleep.deviation.threshold = 300 (default)
2019-09-25 12:57:33,322 [pool-57-thread-1] INFO  server.RaftServerConfigKeys (ConfUtils.java:logGet(43)) - raft.server.log.appender.install.snapshot.enabled = false (custom)
2019-09-25 12:57:33,322 [pool-57-thread-1] INFO  impl.RaftServerImpl (ServerState.java:<init>(103)) - d60bfa88-4f5c-40e2-9e6f-04cdce80ae19@group-B19D63F24B75: ConfigurationManager, init=-1: [d60bfa88-4f5c-40e2-9e6f-04cdce80ae19:192.168.151.73:42001], old=null, confs=<EMPTY_MAP>
2019-09-25 12:57:33,322 [pool-57-thread-1] INFO  server.RaftServerConfigKeys (ConfUtils.java:logGet(43)) - raft.server.storage.dir = [/workdir/hadoop-ozone/tools/target/test-dir/MiniOzoneClusterImpl-ca628441-95e6-4ca0-9871-ceda43659e6a/datanode-3/data/ratis] (custom)
2019-09-25 12:57:33,322 [pool-57-thread-1] INFO  storage.RaftStorageDirectory (RaftStorageDirectory.java:analyzeStorage(246)) - The storage directory /workdir/hadoop-ozone/tools/target/test-dir/MiniOzoneClusterImpl-ca628441-95e6-4ca0-9871-ceda43659e6a/datanode-3/data/ratis/a041b6c5-4e69-4117-9a54-b19d63f24b75 does not exist. Creating ...
2019-09-25 12:57:33,339 [pool-57-thread-1] INFO  storage.RaftStorageDirectory (RaftStorageDirectory.java:tryLock(328)) - Lock on /workdir/hadoop-ozone/tools/target/test-dir/MiniOzoneClusterImpl-ca628441-95e6-4ca0-9871-ceda43659e6a/datanode-3/data/ratis/a041b6c5-4e69-4117-9a54-b19d63f24b75/in_use.lock acquired by nodename 11947@pr-hdds-1569-shd4m-3693607622
2019-09-25 12:57:33,356 [pool-57-thread-1] INFO  storage.RaftStorage (RaftStorage.java:format(72)) - Storage directory /workdir/hadoop-ozone/tools/target/test-dir/MiniOzoneClusterImpl-ca628441-95e6-4ca0-9871-ceda43659e6a/datanode-3/data/ratis/a041b6c5-4e69-4117-9a54-b19d63f24b75 has been successfully formatted.
2019-09-25 12:57:33,356 [pool-57-thread-1] INFO  ratis.ContainerStateMachine (ContainerStateMachine.java:loadSnapshot(230)) - group-B19D63F24B75: The snapshot info is null. Setting the last applied indexto:(t:0, i:~)
2019-09-25 12:57:33,356 [pool-57-thread-1] INFO  server.RaftServerConfigKeys (ConfUtils.java:logGet(43)) - raft.server.notification.no-leader.timeout = 120s (custom)
2019-09-25 12:57:33,357 [pool-57-thread-1] INFO  server.RaftServerConfigKeys (ConfUtils.java:logGet(43)) - raft.server.log.use.memory = false (default)
2019-09-25 12:57:33,357 [pool-57-thread-1] INFO  server.RaftServerConfigKeys (ConfUtils.java:logGet(43)) - raft.server.log.purge.gap = 1000000 (custom)
2019-09-25 12:57:33,357 [pool-57-thread-1] INFO  server.RaftServerConfigKeys (ConfUtils.java:logGet(43)) - raft.server.log.appender.buffer.byte-limit = 33554432 (custom)
2019-09-25 12:57:33,357 [pool-57-thread-1] INFO  server.RaftServerConfigKeys (ConfUtils.java:logGet(43)) - raft.server.log.segment.size.max = 1048576 (custom)
2019-09-25 12:57:33,357 [pool-57-thread-1] INFO  server.RaftServerConfigKeys (ConfUtils.java:logGet(43)) - raft.server.log.segment.cache.num.max = 2 (custom)
2019-09-25 12:57:33,357 [pool-57-thread-1] INFO  segmented.SegmentedRaftLogWorker (SegmentedRaftLogWorker.java:<init>(172)) - new d60bfa88-4f5c-40e2-9e6f-04cdce80ae19@group-B19D63F24B75-SegmentedRaftLogWorker for RaftStorage:Storage Directory /workdir/hadoop-ozone/tools/target/test-dir/MiniOzoneClusterImpl-ca628441-95e6-4ca0-9871-ceda43659e6a/datanode-3/data/ratis/a041b6c5-4e69-4117-9a54-b19d63f24b75
2019-09-25 12:57:33,360 [pool-57-thread-1] INFO  server.RaftServerConfigKeys (ConfUtils.java:logGet(43)) - raft.server.log.queue.byte-limit = 2147483647 (custom)
2019-09-25 12:57:33,360 [pool-57-thread-1] INFO  server.RaftServerConfigKeys (ConfUtils.java:logGet(43)) - raft.server.log.queue.element-limit = 1024 (custom)
2019-09-25 12:57:33,361 [pool-57-thread-1] INFO  server.RaftServerConfigKeys (ConfUtils.java:logGet(43)) - raft.server.log.segment.size.max = 1048576 (custom)
2019-09-25 12:57:33,361 [pool-57-thread-1] INFO  server.RaftServerConfigKeys (ConfUtils.java:logGet(43)) - raft.server.log.preallocated.size = 16384 (custom)
2019-09-25 12:57:33,361 [pool-57-thread-1] INFO  server.RaftServerConfigKeys (ConfUtils.java:logGet(43)) - raft.server.log.write.buffer.size = 33554432 (custom)
2019-09-25 12:57:33,361 [pool-57-thread-1] INFO  server.RaftServerConfigKeys (ConfUtils.java:logGet(43)) - raft.server.log.force.sync.num = 128 (default)
2019-09-25 12:57:33,361 [pool-57-thread-1] INFO  server.RaftServerConfigKeys (ConfUtils.java:logGet(43)) - raft.server.log.statemachine.data.sync = true (default)
2019-09-25 12:57:33,361 [pool-57-thread-1] INFO  server.RaftServerConfigKeys (ConfUtils.java:logGet(43)) - raft.server.log.statemachine.data.sync.timeout = 10s (default)
2019-09-25 12:57:33,361 [pool-57-thread-1] INFO  server.RaftServerConfigKeys (ConfUtils.java:logGet(43)) - raft.server.log.statemachine.data.sync.timeout.retry = -1 (default)
2019-09-25 12:57:33,362 [pool-57-thread-1] INFO  server.RaftServerConfigKeys (ConfUtils.java:logGet(43)) - raft.server.log.statemachine.data.caching.enabled = true (custom)
2019-09-25 12:57:33,362 [pool-57-thread-1] INFO  segmented.SegmentedRaftLogWorker (SegmentedRaftLogWorker.java:lambda$new$0(132)) - d60bfa88-4f5c-40e2-9e6f-04cdce80ae19@group-B19D63F24B75-SegmentedRaftLogWorker: flushIndex: setUnconditionally 0 -> -1
2019-09-25 12:57:33,362 [pool-57-thread-1] INFO  server.RaftServerConfigKeys (ConfUtils.java:logGet(43)) - raft.server.snapshot.auto.trigger.enabled = true (custom)
2019-09-25 12:57:33,362 [pool-57-thread-1] INFO  server.RaftServerConfigKeys (ConfUtils.java:logGet(43)) - raft.server.snapshot.auto.trigger.threshold = 10000 (custom)
2019-09-25 12:57:33,362 [pool-57-thread-1] INFO  server.RaftServerConfigKeys (ConfUtils.java:logGet(43)) - raft.server.snapshot.retention.num.files = 5 (custom)
2019-09-25 12:57:33,363 [pool-57-thread-1] INFO  server.RaftServerConfigKeys (ConfUtils.java:logGet(43)) - raft.server.retrycache.expirytime = 600000ms (custom)
2019-09-25 12:57:33,365 [pool-57-thread-1] INFO  impl.RaftServerImpl (RaftServerImpl.java:start(185)) - d60bfa88-4f5c-40e2-9e6f-04cdce80ae19@group-B19D63F24B75: start as a follower, conf=-1: [d60bfa88-4f5c-40e2-9e6f-04cdce80ae19:192.168.151.73:42001], old=null
2019-09-25 12:57:33,365 [pool-57-thread-1] INFO  impl.RaftServerImpl (RaftServerImpl.java:setRole(174)) - d60bfa88-4f5c-40e2-9e6f-04cdce80ae19@group-B19D63F24B75: changes role from      null to FOLLOWER at term 0 for startAsFollower
2019-09-25 12:57:33,365 [pool-57-thread-1] INFO  impl.RoleInfo (RoleInfo.java:updateAndGet(143)) - d60bfa88-4f5c-40e2-9e6f-04cdce80ae19: start FollowerState
2019-09-25 12:57:33,366 [pool-57-thread-1] INFO  util.JmxRegister (JmxRegister.java:tryRegister(44)) - Successfully registered JMX Bean with object name Ratis:service=RaftServer,group=group-B19D63F24B75,id=d60bfa88-4f5c-40e2-9e6f-04cdce80ae19
2019-09-25 12:57:33,376 [RatisPipelineUtilsThread] INFO  pipeline.PipelineStateManager (PipelineStateManager.java:addPipeline(56)) - Created pipeline Pipeline[ Id: a041b6c5-4e69-4117-9a54-b19d63f24b75, Nodes: d60bfa88-4f5c-40e2-9e6f-04cdce80ae19{ip: 192.168.151.73, host: pr-hdds-1569-shd4m-3693607622, networkLocation: /default-rack, certSerialId: null}, Type:RATIS, Factor:ONE, State:OPEN]
2019-09-25 12:57:33,387 [grpc-default-executor-0] INFO  impl.RaftServerProxy (RaftServerProxy.java:addNew(89)) - 1ad4e210-16ea-448d-9c83-11669c9ee3b6: addNew group-4359F6076232:[1ad4e210-16ea-448d-9c83-11669c9ee3b6:192.168.151.73:41323] returns group-4359F6076232:java.util.concurrent.CompletableFuture@5986c6b8[Not completed]
2019-09-25 12:57:33,389 [pool-37-thread-1] INFO  impl.RaftServerImpl (RaftServerImpl.java:<init>(95)) - 1ad4e210-16ea-448d-9c83-11669c9ee3b6: new RaftServerImpl for group-4359F6076232:[1ad4e210-16ea-448d-9c83-11669c9ee3b6:192.168.151.73:41323] with ContainerStateMachine:uninitialized
2019-09-25 12:57:33,390 [pool-37-thread-1] INFO  server.RaftServerConfigKeys (ConfUtils.java:logGet(43)) - raft.server.rpc.timeout.min = 5s (custom)
2019-09-25 12:57:33,390 [pool-37-thread-1] INFO  server.RaftServerConfigKeys (ConfUtils.java:logGet(43)) - raft.server.rpc.timeout.max = 5200ms (custom)
2019-09-25 12:57:33,390 [pool-37-thread-1] INFO  server.RaftServerConfigKeys (ConfUtils.java:logGet(43)) - raft.server.rpcslowness.timeout = 120s (custom)
2019-09-25 12:57:33,390 [pool-37-thread-1] INFO  server.RaftServerConfigKeys (ConfUtils.java:logGet(43)) - raft.server.sleep.deviation.threshold = 300 (default)
2019-09-25 12:57:33,390 [pool-37-thread-1] INFO  server.RaftServerConfigKeys (ConfUtils.java:logGet(43)) - raft.server.log.appender.install.snapshot.enabled = false (custom)
2019-09-25 12:57:33,391 [pool-37-thread-1] INFO  impl.RaftServerImpl (ServerState.java:<init>(103)) - 1ad4e210-16ea-448d-9c83-11669c9ee3b6@group-4359F6076232: ConfigurationManager, init=-1: [1ad4e210-16ea-448d-9c83-11669c9ee3b6:192.168.151.73:41323], old=null, confs=<EMPTY_MAP>
2019-09-25 12:57:33,391 [pool-37-thread-1] INFO  server.RaftServerConfigKeys (ConfUtils.java:logGet(43)) - raft.server.storage.dir = [/workdir/hadoop-ozone/tools/target/test-dir/MiniOzoneClusterImpl-ca628441-95e6-4ca0-9871-ceda43659e6a/datanode-1/data/ratis] (custom)
2019-09-25 12:57:33,391 [pool-37-thread-1] INFO  storage.RaftStorageDirectory (RaftStorageDirectory.java:analyzeStorage(246)) - The storage directory /workdir/hadoop-ozone/tools/target/test-dir/MiniOzoneClusterImpl-ca628441-95e6-4ca0-9871-ceda43659e6a/datanode-1/data/ratis/3082563a-6e5c-42f6-b2d2-4359f6076232 does not exist. Creating ...
2019-09-25 12:57:33,412 [pool-37-thread-1] INFO  storage.RaftStorageDirectory (RaftStorageDirectory.java:tryLock(328)) - Lock on /workdir/hadoop-ozone/tools/target/test-dir/MiniOzoneClusterImpl-ca628441-95e6-4ca0-9871-ceda43659e6a/datanode-1/data/ratis/3082563a-6e5c-42f6-b2d2-4359f6076232/in_use.lock acquired by nodename 11947@pr-hdds-1569-shd4m-3693607622
2019-09-25 12:57:33,428 [pool-37-thread-1] INFO  storage.RaftStorage (RaftStorage.java:format(72)) - Storage directory /workdir/hadoop-ozone/tools/target/test-dir/MiniOzoneClusterImpl-ca628441-95e6-4ca0-9871-ceda43659e6a/datanode-1/data/ratis/3082563a-6e5c-42f6-b2d2-4359f6076232 has been successfully formatted.
2019-09-25 12:57:33,428 [pool-37-thread-1] INFO  ratis.ContainerStateMachine (ContainerStateMachine.java:loadSnapshot(230)) - group-4359F6076232: The snapshot info is null. Setting the last applied indexto:(t:0, i:~)
2019-09-25 12:57:33,428 [pool-37-thread-1] INFO  server.RaftServerConfigKeys (ConfUtils.java:logGet(43)) - raft.server.notification.no-leader.timeout = 120s (custom)
2019-09-25 12:57:33,428 [pool-37-thread-1] INFO  server.RaftServerConfigKeys (ConfUtils.java:logGet(43)) - raft.server.log.use.memory = false (default)
2019-09-25 12:57:33,429 [pool-37-thread-1] INFO  server.RaftServerConfigKeys (ConfUtils.java:logGet(43)) - raft.server.log.purge.gap = 1000000 (custom)
2019-09-25 12:57:33,429 [pool-37-thread-1] INFO  server.RaftServerConfigKeys (ConfUtils.java:logGet(43)) - raft.server.log.appender.buffer.byte-limit = 33554432 (custom)
2019-09-25 12:57:33,429 [pool-37-thread-1] INFO  server.RaftServerConfigKeys (ConfUtils.java:logGet(43)) - raft.server.log.segment.size.max = 1048576 (custom)
2019-09-25 12:57:33,429 [pool-37-thread-1] INFO  server.RaftServerConfigKeys (ConfUtils.java:logGet(43)) - raft.server.log.segment.cache.num.max = 2 (custom)
2019-09-25 12:57:33,429 [pool-37-thread-1] INFO  segmented.SegmentedRaftLogWorker (SegmentedRaftLogWorker.java:<init>(172)) - new 1ad4e210-16ea-448d-9c83-11669c9ee3b6@group-4359F6076232-SegmentedRaftLogWorker for RaftStorage:Storage Directory /workdir/hadoop-ozone/tools/target/test-dir/MiniOzoneClusterImpl-ca628441-95e6-4ca0-9871-ceda43659e6a/datanode-1/data/ratis/3082563a-6e5c-42f6-b2d2-4359f6076232
2019-09-25 12:57:33,430 [pool-37-thread-1] INFO  server.RaftServerConfigKeys (ConfUtils.java:logGet(43)) - raft.server.log.queue.byte-limit = 2147483647 (custom)
2019-09-25 12:57:33,430 [pool-37-thread-1] INFO  server.RaftServerConfigKeys (ConfUtils.java:logGet(43)) - raft.server.log.queue.element-limit = 1024 (custom)
2019-09-25 12:57:33,430 [pool-37-thread-1] INFO  server.RaftServerConfigKeys (ConfUtils.java:logGet(43)) - raft.server.log.segment.size.max = 1048576 (custom)
2019-09-25 12:57:33,430 [pool-37-thread-1] INFO  server.RaftServerConfigKeys (ConfUtils.java:logGet(43)) - raft.server.log.preallocated.size = 16384 (custom)
2019-09-25 12:57:33,430 [pool-37-thread-1] INFO  server.RaftServerConfigKeys (ConfUtils.java:logGet(43)) - raft.server.log.write.buffer.size = 33554432 (custom)
2019-09-25 12:57:33,430 [pool-37-thread-1] INFO  server.RaftServerConfigKeys (ConfUtils.java:logGet(43)) - raft.server.log.force.sync.num = 128 (default)
2019-09-25 12:57:33,430 [pool-37-thread-1] INFO  server.RaftServerConfigKeys (ConfUtils.java:logGet(43)) - raft.server.log.statemachine.data.sync = true (default)
2019-09-25 12:57:33,431 [pool-37-thread-1] INFO  server.RaftServerConfigKeys (ConfUtils.java:logGet(43)) - raft.server.log.statemachine.data.sync.timeout = 10s (default)
2019-09-25 12:57:33,431 [pool-37-thread-1] INFO  server.RaftServerConfigKeys (ConfUtils.java:logGet(43)) - raft.server.log.statemachine.data.sync.timeout.retry = -1 (default)
2019-09-25 12:57:33,431 [pool-37-thread-1] INFO  server.RaftServerConfigKeys (ConfUtils.java:logGet(43)) - raft.server.log.statemachine.data.caching.enabled = true (custom)
2019-09-25 12:57:33,431 [pool-37-thread-1] INFO  segmented.SegmentedRaftLogWorker (SegmentedRaftLogWorker.java:lambda$new$0(132)) - 1ad4e210-16ea-448d-9c83-11669c9ee3b6@group-4359F6076232-SegmentedRaftLogWorker: flushIndex: setUnconditionally 0 -> -1
2019-09-25 12:57:33,432 [pool-37-thread-1] INFO  server.RaftServerConfigKeys (ConfUtils.java:logGet(43)) - raft.server.snapshot.auto.trigger.enabled = true (custom)
2019-09-25 12:57:33,432 [pool-37-thread-1] INFO  server.RaftServerConfigKeys (ConfUtils.java:logGet(43)) - raft.server.snapshot.auto.trigger.threshold = 10000 (custom)
2019-09-25 12:57:33,432 [pool-37-thread-1] INFO  server.RaftServerConfigKeys (ConfUtils.java:logGet(43)) - raft.server.snapshot.retention.num.files = 5 (custom)
2019-09-25 12:57:33,432 [pool-37-thread-1] INFO  server.RaftServerConfigKeys (ConfUtils.java:logGet(43)) - raft.server.retrycache.expirytime = 600000ms (custom)
2019-09-25 12:57:33,437 [pool-37-thread-1] INFO  impl.RaftServerImpl (RaftServerImpl.java:start(185)) - 1ad4e210-16ea-448d-9c83-11669c9ee3b6@group-4359F6076232: start as a follower, conf=-1: [1ad4e210-16ea-448d-9c83-11669c9ee3b6:192.168.151.73:41323], old=null
2019-09-25 12:57:33,437 [pool-37-thread-1] INFO  impl.RaftServerImpl (RaftServerImpl.java:setRole(174)) - 1ad4e210-16ea-448d-9c83-11669c9ee3b6@group-4359F6076232: changes role from      null to FOLLOWER at term 0 for startAsFollower
2019-09-25 12:57:33,437 [pool-37-thread-1] INFO  impl.RoleInfo (RoleInfo.java:updateAndGet(143)) - 1ad4e210-16ea-448d-9c83-11669c9ee3b6: start FollowerState
2019-09-25 12:57:33,437 [pool-37-thread-1] INFO  util.JmxRegister (JmxRegister.java:tryRegister(44)) - Successfully registered JMX Bean with object name Ratis:service=RaftServer,group=group-4359F6076232,id=1ad4e210-16ea-448d-9c83-11669c9ee3b6
2019-09-25 12:57:33,448 [RatisPipelineUtilsThread] INFO  pipeline.PipelineStateManager (PipelineStateManager.java:addPipeline(56)) - Created pipeline Pipeline[ Id: 3082563a-6e5c-42f6-b2d2-4359f6076232, Nodes: 1ad4e210-16ea-448d-9c83-11669c9ee3b6{ip: 192.168.151.73, host: pr-hdds-1569-shd4m-3693607622, networkLocation: /default-rack, certSerialId: null}, Type:RATIS, Factor:ONE, State:OPEN]
2019-09-25 12:57:33,461 [grpc-default-executor-0] INFO  impl.RaftServerProxy (RaftServerProxy.java:addNew(89)) - 82a69ee4-b3af-4378-aabd-e501c7175382: addNew group-9B508E83EFA1:[82a69ee4-b3af-4378-aabd-e501c7175382:192.168.151.73:33917] returns group-9B508E83EFA1:java.util.concurrent.CompletableFuture@4cf50841[Not completed]
2019-09-25 12:57:33,464 [pool-67-thread-1] INFO  impl.RaftServerImpl (RaftServerImpl.java:<init>(95)) - 82a69ee4-b3af-4378-aabd-e501c7175382: new RaftServerImpl for group-9B508E83EFA1:[82a69ee4-b3af-4378-aabd-e501c7175382:192.168.151.73:33917] with ContainerStateMachine:uninitialized
2019-09-25 12:57:33,465 [pool-67-thread-1] INFO  server.RaftServerConfigKeys (ConfUtils.java:logGet(43)) - raft.server.rpc.timeout.min = 5s (custom)
2019-09-25 12:57:33,465 [pool-67-thread-1] INFO  server.RaftServerConfigKeys (ConfUtils.java:logGet(43)) - raft.server.rpc.timeout.max = 5200ms (custom)
2019-09-25 12:57:33,465 [pool-67-thread-1] INFO  server.RaftServerConfigKeys (ConfUtils.java:logGet(43)) - raft.server.rpcslowness.timeout = 120s (custom)
2019-09-25 12:57:33,465 [pool-67-thread-1] INFO  server.RaftServerConfigKeys (ConfUtils.java:logGet(43)) - raft.server.sleep.deviation.threshold = 300 (default)
2019-09-25 12:57:33,465 [pool-67-thread-1] INFO  server.RaftServerConfigKeys (ConfUtils.java:logGet(43)) - raft.server.log.appender.install.snapshot.enabled = false (custom)
2019-09-25 12:57:33,465 [pool-67-thread-1] INFO  impl.RaftServerImpl (ServerState.java:<init>(103)) - 82a69ee4-b3af-4378-aabd-e501c7175382@group-9B508E83EFA1: ConfigurationManager, init=-1: [82a69ee4-b3af-4378-aabd-e501c7175382:192.168.151.73:33917], old=null, confs=<EMPTY_MAP>
2019-09-25 12:57:33,465 [pool-67-thread-1] INFO  server.RaftServerConfigKeys (ConfUtils.java:logGet(43)) - raft.server.storage.dir = [/workdir/hadoop-ozone/tools/target/test-dir/MiniOzoneClusterImpl-ca628441-95e6-4ca0-9871-ceda43659e6a/datanode-4/data/ratis] (custom)
2019-09-25 12:57:33,466 [pool-67-thread-1] INFO  storage.RaftStorageDirectory (RaftStorageDirectory.java:analyzeStorage(246)) - The storage directory /workdir/hadoop-ozone/tools/target/test-dir/MiniOzoneClusterImpl-ca628441-95e6-4ca0-9871-ceda43659e6a/datanode-4/data/ratis/2382cc39-f67a-4314-9e17-9b508e83efa1 does not exist. Creating ...
2019-09-25 12:57:33,489 [pool-67-thread-1] INFO  storage.RaftStorageDirectory (RaftStorageDirectory.java:tryLock(328)) - Lock on /workdir/hadoop-ozone/tools/target/test-dir/MiniOzoneClusterImpl-ca628441-95e6-4ca0-9871-ceda43659e6a/datanode-4/data/ratis/2382cc39-f67a-4314-9e17-9b508e83efa1/in_use.lock acquired by nodename 11947@pr-hdds-1569-shd4m-3693607622
2019-09-25 12:57:33,507 [pool-67-thread-1] INFO  storage.RaftStorage (RaftStorage.java:format(72)) - Storage directory /workdir/hadoop-ozone/tools/target/test-dir/MiniOzoneClusterImpl-ca628441-95e6-4ca0-9871-ceda43659e6a/datanode-4/data/ratis/2382cc39-f67a-4314-9e17-9b508e83efa1 has been successfully formatted.
2019-09-25 12:57:33,507 [pool-67-thread-1] INFO  ratis.ContainerStateMachine (ContainerStateMachine.java:loadSnapshot(230)) - group-9B508E83EFA1: The snapshot info is null. Setting the last applied indexto:(t:0, i:~)
2019-09-25 12:57:33,507 [pool-67-thread-1] INFO  server.RaftServerConfigKeys (ConfUtils.java:logGet(43)) - raft.server.notification.no-leader.timeout = 120s (custom)
2019-09-25 12:57:33,507 [pool-67-thread-1] INFO  server.RaftServerConfigKeys (ConfUtils.java:logGet(43)) - raft.server.log.use.memory = false (default)
2019-09-25 12:57:33,508 [pool-67-thread-1] INFO  server.RaftServerConfigKeys (ConfUtils.java:logGet(43)) - raft.server.log.purge.gap = 1000000 (custom)
2019-09-25 12:57:33,508 [pool-67-thread-1] INFO  server.RaftServerConfigKeys (ConfUtils.java:logGet(43)) - raft.server.log.appender.buffer.byte-limit = 33554432 (custom)
2019-09-25 12:57:33,508 [pool-67-thread-1] INFO  server.RaftServerConfigKeys (ConfUtils.java:logGet(43)) - raft.server.log.segment.size.max = 1048576 (custom)
2019-09-25 12:57:33,508 [pool-67-thread-1] INFO  server.RaftServerConfigKeys (ConfUtils.java:logGet(43)) - raft.server.log.segment.cache.num.max = 2 (custom)
2019-09-25 12:57:33,508 [pool-67-thread-1] INFO  segmented.SegmentedRaftLogWorker (SegmentedRaftLogWorker.java:<init>(172)) - new 82a69ee4-b3af-4378-aabd-e501c7175382@group-9B508E83EFA1-SegmentedRaftLogWorker for RaftStorage:Storage Directory /workdir/hadoop-ozone/tools/target/test-dir/MiniOzoneClusterImpl-ca628441-95e6-4ca0-9871-ceda43659e6a/datanode-4/data/ratis/2382cc39-f67a-4314-9e17-9b508e83efa1
2019-09-25 12:57:33,511 [pool-67-thread-1] INFO  server.RaftServerConfigKeys (ConfUtils.java:logGet(43)) - raft.server.log.queue.byte-limit = 2147483647 (custom)
2019-09-25 12:57:33,512 [pool-67-thread-1] INFO  server.RaftServerConfigKeys (ConfUtils.java:logGet(43)) - raft.server.log.queue.element-limit = 1024 (custom)
2019-09-25 12:57:33,512 [pool-67-thread-1] INFO  server.RaftServerConfigKeys (ConfUtils.java:logGet(43)) - raft.server.log.segment.size.max = 1048576 (custom)
2019-09-25 12:57:33,512 [pool-67-thread-1] INFO  server.RaftServerConfigKeys (ConfUtils.java:logGet(43)) - raft.server.log.preallocated.size = 16384 (custom)
2019-09-25 12:57:33,512 [pool-67-thread-1] INFO  server.RaftServerConfigKeys (ConfUtils.java:logGet(43)) - raft.server.log.write.buffer.size = 33554432 (custom)
2019-09-25 12:57:33,512 [pool-67-thread-1] INFO  server.RaftServerConfigKeys (ConfUtils.java:logGet(43)) - raft.server.log.force.sync.num = 128 (default)
2019-09-25 12:57:33,513 [pool-67-thread-1] INFO  server.RaftServerConfigKeys (ConfUtils.java:logGet(43)) - raft.server.log.statemachine.data.sync = true (default)
2019-09-25 12:57:33,513 [pool-67-thread-1] INFO  server.RaftServerConfigKeys (ConfUtils.java:logGet(43)) - raft.server.log.statemachine.data.sync.timeout = 10s (default)
2019-09-25 12:57:33,513 [pool-67-thread-1] INFO  server.RaftServerConfigKeys (ConfUtils.java:logGet(43)) - raft.server.log.statemachine.data.sync.timeout.retry = -1 (default)
2019-09-25 12:57:33,513 [pool-67-thread-1] INFO  server.RaftServerConfigKeys (ConfUtils.java:logGet(43)) - raft.server.log.statemachine.data.caching.enabled = true (custom)
2019-09-25 12:57:33,514 [pool-67-thread-1] INFO  segmented.SegmentedRaftLogWorker (SegmentedRaftLogWorker.java:lambda$new$0(132)) - 82a69ee4-b3af-4378-aabd-e501c7175382@group-9B508E83EFA1-SegmentedRaftLogWorker: flushIndex: setUnconditionally 0 -> -1
2019-09-25 12:57:33,514 [pool-67-thread-1] INFO  server.RaftServerConfigKeys (ConfUtils.java:logGet(43)) - raft.server.snapshot.auto.trigger.enabled = true (custom)
2019-09-25 12:57:33,514 [pool-67-thread-1] INFO  server.RaftServerConfigKeys (ConfUtils.java:logGet(43)) - raft.server.snapshot.auto.trigger.threshold = 10000 (custom)
2019-09-25 12:57:33,514 [pool-67-thread-1] INFO  server.RaftServerConfigKeys (ConfUtils.java:logGet(43)) - raft.server.snapshot.retention.num.files = 5 (custom)
2019-09-25 12:57:33,514 [pool-67-thread-1] INFO  server.RaftServerConfigKeys (ConfUtils.java:logGet(43)) - raft.server.retrycache.expirytime = 600000ms (custom)
2019-09-25 12:57:33,517 [pool-67-thread-1] INFO  impl.RaftServerImpl (RaftServerImpl.java:start(185)) - 82a69ee4-b3af-4378-aabd-e501c7175382@group-9B508E83EFA1: start as a follower, conf=-1: [82a69ee4-b3af-4378-aabd-e501c7175382:192.168.151.73:33917], old=null
2019-09-25 12:57:33,517 [pool-67-thread-1] INFO  impl.RaftServerImpl (RaftServerImpl.java:setRole(174)) - 82a69ee4-b3af-4378-aabd-e501c7175382@group-9B508E83EFA1: changes role from      null to FOLLOWER at term 0 for startAsFollower
2019-09-25 12:57:33,518 [pool-67-thread-1] INFO  impl.RoleInfo (RoleInfo.java:updateAndGet(143)) - 82a69ee4-b3af-4378-aabd-e501c7175382: start FollowerState
2019-09-25 12:57:33,518 [pool-67-thread-1] INFO  util.JmxRegister (JmxRegister.java:tryRegister(44)) - Successfully registered JMX Bean with object name Ratis:service=RaftServer,group=group-9B508E83EFA1,id=82a69ee4-b3af-4378-aabd-e501c7175382
2019-09-25 12:57:33,526 [RatisPipelineUtilsThread] INFO  pipeline.PipelineStateManager (PipelineStateManager.java:addPipeline(56)) - Created pipeline Pipeline[ Id: 2382cc39-f67a-4314-9e17-9b508e83efa1, Nodes: 82a69ee4-b3af-4378-aabd-e501c7175382{ip: 192.168.151.73, host: pr-hdds-1569-shd4m-3693607622, networkLocation: /default-rack, certSerialId: null}, Type:RATIS, Factor:ONE, State:OPEN]
2019-09-25 12:57:33,536 [grpc-default-executor-0] INFO  impl.RaftServerProxy (RaftServerProxy.java:addNew(89)) - 1ad4e210-16ea-448d-9c83-11669c9ee3b6: addNew group-F827981179F3:[1ad4e210-16ea-448d-9c83-11669c9ee3b6:192.168.151.73:41323] returns group-F827981179F3:java.util.concurrent.CompletableFuture@14bcd64[Not completed]
2019-09-25 12:57:33,538 [pool-37-thread-1] INFO  impl.RaftServerImpl (RaftServerImpl.java:<init>(95)) - 1ad4e210-16ea-448d-9c83-11669c9ee3b6: new RaftServerImpl for group-F827981179F3:[1ad4e210-16ea-448d-9c83-11669c9ee3b6:192.168.151.73:41323] with ContainerStateMachine:uninitialized
2019-09-25 12:57:33,538 [pool-37-thread-1] INFO  server.RaftServerConfigKeys (ConfUtils.java:logGet(43)) - raft.server.rpc.timeout.min = 5s (custom)
2019-09-25 12:57:33,539 [pool-37-thread-1] INFO  server.RaftServerConfigKeys (ConfUtils.java:logGet(43)) - raft.server.rpc.timeout.max = 5200ms (custom)
2019-09-25 12:57:33,539 [pool-37-thread-1] INFO  server.RaftServerConfigKeys (ConfUtils.java:logGet(43)) - raft.server.rpcslowness.timeout = 120s (custom)
2019-09-25 12:57:33,539 [pool-37-thread-1] INFO  server.RaftServerConfigKeys (ConfUtils.java:logGet(43)) - raft.server.sleep.deviation.threshold = 300 (default)
2019-09-25 12:57:33,539 [pool-37-thread-1] INFO  server.RaftServerConfigKeys (ConfUtils.java:logGet(43)) - raft.server.log.appender.install.snapshot.enabled = false (custom)
2019-09-25 12:57:33,539 [pool-37-thread-1] INFO  impl.RaftServerImpl (ServerState.java:<init>(103)) - 1ad4e210-16ea-448d-9c83-11669c9ee3b6@group-F827981179F3: ConfigurationManager, init=-1: [1ad4e210-16ea-448d-9c83-11669c9ee3b6:192.168.151.73:41323], old=null, confs=<EMPTY_MAP>
2019-09-25 12:57:33,539 [pool-37-thread-1] INFO  server.RaftServerConfigKeys (ConfUtils.java:logGet(43)) - raft.server.storage.dir = [/workdir/hadoop-ozone/tools/target/test-dir/MiniOzoneClusterImpl-ca628441-95e6-4ca0-9871-ceda43659e6a/datanode-1/data/ratis] (custom)
2019-09-25 12:57:33,540 [pool-37-thread-1] INFO  storage.RaftStorageDirectory (RaftStorageDirectory.java:analyzeStorage(246)) - The storage directory /workdir/hadoop-ozone/tools/target/test-dir/MiniOzoneClusterImpl-ca628441-95e6-4ca0-9871-ceda43659e6a/datanode-1/data/ratis/b8b0762a-ee90-4d32-bc2e-f827981179f3 does not exist. Creating ...
2019-09-25 12:57:33,563 [pool-37-thread-1] INFO  storage.RaftStorageDirectory (RaftStorageDirectory.java:tryLock(328)) - Lock on /workdir/hadoop-ozone/tools/target/test-dir/MiniOzoneClusterImpl-ca628441-95e6-4ca0-9871-ceda43659e6a/datanode-1/data/ratis/b8b0762a-ee90-4d32-bc2e-f827981179f3/in_use.lock acquired by nodename 11947@pr-hdds-1569-shd4m-3693607622
2019-09-25 12:57:33,575 [pool-37-thread-1] INFO  storage.RaftStorage (RaftStorage.java:format(72)) - Storage directory /workdir/hadoop-ozone/tools/target/test-dir/MiniOzoneClusterImpl-ca628441-95e6-4ca0-9871-ceda43659e6a/datanode-1/data/ratis/b8b0762a-ee90-4d32-bc2e-f827981179f3 has been successfully formatted.
2019-09-25 12:57:33,576 [pool-37-thread-1] INFO  ratis.ContainerStateMachine (ContainerStateMachine.java:loadSnapshot(230)) - group-F827981179F3: The snapshot info is null. Setting the last applied indexto:(t:0, i:~)
2019-09-25 12:57:33,576 [pool-37-thread-1] INFO  server.RaftServerConfigKeys (ConfUtils.java:logGet(43)) - raft.server.notification.no-leader.timeout = 120s (custom)
2019-09-25 12:57:33,576 [pool-37-thread-1] INFO  server.RaftServerConfigKeys (ConfUtils.java:logGet(43)) - raft.server.log.use.memory = false (default)
2019-09-25 12:57:33,577 [pool-37-thread-1] INFO  server.RaftServerConfigKeys (ConfUtils.java:logGet(43)) - raft.server.log.purge.gap = 1000000 (custom)
2019-09-25 12:57:33,577 [pool-37-thread-1] INFO  server.RaftServerConfigKeys (ConfUtils.java:logGet(43)) - raft.server.log.appender.buffer.byte-limit = 33554432 (custom)
2019-09-25 12:57:33,577 [pool-37-thread-1] INFO  server.RaftServerConfigKeys (ConfUtils.java:logGet(43)) - raft.server.log.segment.size.max = 1048576 (custom)
2019-09-25 12:57:33,577 [pool-37-thread-1] INFO  server.RaftServerConfigKeys (ConfUtils.java:logGet(43)) - raft.server.log.segment.cache.num.max = 2 (custom)
2019-09-25 12:57:33,577 [pool-37-thread-1] INFO  segmented.SegmentedRaftLogWorker (SegmentedRaftLogWorker.java:<init>(172)) - new 1ad4e210-16ea-448d-9c83-11669c9ee3b6@group-F827981179F3-SegmentedRaftLogWorker for RaftStorage:Storage Directory /workdir/hadoop-ozone/tools/target/test-dir/MiniOzoneClusterImpl-ca628441-95e6-4ca0-9871-ceda43659e6a/datanode-1/data/ratis/b8b0762a-ee90-4d32-bc2e-f827981179f3
2019-09-25 12:57:33,578 [pool-37-thread-1] INFO  server.RaftServerConfigKeys (ConfUtils.java:logGet(43)) - raft.server.log.queue.byte-limit = 2147483647 (custom)
2019-09-25 12:57:33,578 [pool-37-thread-1] INFO  server.RaftServerConfigKeys (ConfUtils.java:logGet(43)) - raft.server.log.queue.element-limit = 1024 (custom)
2019-09-25 12:57:33,578 [pool-37-thread-1] INFO  server.RaftServerConfigKeys (ConfUtils.java:logGet(43)) - raft.server.log.segment.size.max = 1048576 (custom)
2019-09-25 12:57:33,578 [pool-37-thread-1] INFO  server.RaftServerConfigKeys (ConfUtils.java:logGet(43)) - raft.server.log.preallocated.size = 16384 (custom)
2019-09-25 12:57:33,578 [pool-37-thread-1] INFO  server.RaftServerConfigKeys (ConfUtils.java:logGet(43)) - raft.server.log.write.buffer.size = 33554432 (custom)
2019-09-25 12:57:33,579 [pool-37-thread-1] INFO  server.RaftServerConfigKeys (ConfUtils.java:logGet(43)) - raft.server.log.force.sync.num = 128 (default)
2019-09-25 12:57:33,579 [pool-37-thread-1] INFO  server.RaftServerConfigKeys (ConfUtils.java:logGet(43)) - raft.server.log.statemachine.data.sync = true (default)
2019-09-25 12:57:33,579 [pool-37-thread-1] INFO  server.RaftServerConfigKeys (ConfUtils.java:logGet(43)) - raft.server.log.statemachine.data.sync.timeout = 10s (default)
2019-09-25 12:57:33,579 [pool-37-thread-1] INFO  server.RaftServerConfigKeys (ConfUtils.java:logGet(43)) - raft.server.log.statemachine.data.sync.timeout.retry = -1 (default)
2019-09-25 12:57:33,580 [pool-37-thread-1] INFO  server.RaftServerConfigKeys (ConfUtils.java:logGet(43)) - raft.server.log.statemachine.data.caching.enabled = true (custom)
2019-09-25 12:57:33,580 [pool-37-thread-1] INFO  segmented.SegmentedRaftLogWorker (SegmentedRaftLogWorker.java:lambda$new$0(132)) - 1ad4e210-16ea-448d-9c83-11669c9ee3b6@group-F827981179F3-SegmentedRaftLogWorker: flushIndex: setUnconditionally 0 -> -1
2019-09-25 12:57:33,580 [pool-37-thread-1] INFO  server.RaftServerConfigKeys (ConfUtils.java:logGet(43)) - raft.server.snapshot.auto.trigger.enabled = true (custom)
2019-09-25 12:57:33,581 [pool-37-thread-1] INFO  server.RaftServerConfigKeys (ConfUtils.java:logGet(43)) - raft.server.snapshot.auto.trigger.threshold = 10000 (custom)
2019-09-25 12:57:33,581 [pool-37-thread-1] INFO  server.RaftServerConfigKeys (ConfUtils.java:logGet(43)) - raft.server.snapshot.retention.num.files = 5 (custom)
2019-09-25 12:57:33,581 [pool-37-thread-1] INFO  server.RaftServerConfigKeys (ConfUtils.java:logGet(43)) - raft.server.retrycache.expirytime = 600000ms (custom)
2019-09-25 12:57:33,585 [pool-37-thread-1] INFO  impl.RaftServerImpl (RaftServerImpl.java:start(185)) - 1ad4e210-16ea-448d-9c83-11669c9ee3b6@group-F827981179F3: start as a follower, conf=-1: [1ad4e210-16ea-448d-9c83-11669c9ee3b6:192.168.151.73:41323], old=null
2019-09-25 12:57:33,585 [pool-37-thread-1] INFO  impl.RaftServerImpl (RaftServerImpl.java:setRole(174)) - 1ad4e210-16ea-448d-9c83-11669c9ee3b6@group-F827981179F3: changes role from      null to FOLLOWER at term 0 for startAsFollower
2019-09-25 12:57:33,585 [pool-37-thread-1] INFO  impl.RoleInfo (RoleInfo.java:updateAndGet(143)) - 1ad4e210-16ea-448d-9c83-11669c9ee3b6: start FollowerState
2019-09-25 12:57:33,586 [pool-37-thread-1] INFO  util.JmxRegister (JmxRegister.java:tryRegister(44)) - Successfully registered JMX Bean with object name Ratis:service=RaftServer,group=group-F827981179F3,id=1ad4e210-16ea-448d-9c83-11669c9ee3b6
2019-09-25 12:57:33,593 [RatisPipelineUtilsThread] INFO  pipeline.PipelineStateManager (PipelineStateManager.java:addPipeline(56)) - Created pipeline Pipeline[ Id: b8b0762a-ee90-4d32-bc2e-f827981179f3, Nodes: 1ad4e210-16ea-448d-9c83-11669c9ee3b6{ip: 192.168.151.73, host: pr-hdds-1569-shd4m-3693607622, networkLocation: /default-rack, certSerialId: null}, Type:RATIS, Factor:ONE, State:OPEN]
2019-09-25 12:57:33,604 [grpc-default-executor-0] INFO  impl.RaftServerProxy (RaftServerProxy.java:addNew(89)) - 548f63c1-ecb3-4338-9923-ba2d46dbaf7d: addNew group-E37A668E3FFC:[548f63c1-ecb3-4338-9923-ba2d46dbaf7d:192.168.151.73:44083] returns group-E37A668E3FFC:java.util.concurrent.CompletableFuture@7d2568bc[Not completed]
2019-09-25 12:57:33,606 [pool-47-thread-1] INFO  impl.RaftServerImpl (RaftServerImpl.java:<init>(95)) - 548f63c1-ecb3-4338-9923-ba2d46dbaf7d: new RaftServerImpl for group-E37A668E3FFC:[548f63c1-ecb3-4338-9923-ba2d46dbaf7d:192.168.151.73:44083] with ContainerStateMachine:uninitialized
2019-09-25 12:57:33,607 [pool-47-thread-1] INFO  server.RaftServerConfigKeys (ConfUtils.java:logGet(43)) - raft.server.rpc.timeout.min = 5s (custom)
2019-09-25 12:57:33,607 [pool-47-thread-1] INFO  server.RaftServerConfigKeys (ConfUtils.java:logGet(43)) - raft.server.rpc.timeout.max = 5200ms (custom)
2019-09-25 12:57:33,607 [pool-47-thread-1] INFO  server.RaftServerConfigKeys (ConfUtils.java:logGet(43)) - raft.server.rpcslowness.timeout = 120s (custom)
2019-09-25 12:57:33,607 [pool-47-thread-1] INFO  server.RaftServerConfigKeys (ConfUtils.java:logGet(43)) - raft.server.sleep.deviation.threshold = 300 (default)
2019-09-25 12:57:33,607 [pool-47-thread-1] INFO  server.RaftServerConfigKeys (ConfUtils.java:logGet(43)) - raft.server.log.appender.install.snapshot.enabled = false (custom)
2019-09-25 12:57:33,608 [pool-47-thread-1] INFO  impl.RaftServerImpl (ServerState.java:<init>(103)) - 548f63c1-ecb3-4338-9923-ba2d46dbaf7d@group-E37A668E3FFC: ConfigurationManager, init=-1: [548f63c1-ecb3-4338-9923-ba2d46dbaf7d:192.168.151.73:44083], old=null, confs=<EMPTY_MAP>
2019-09-25 12:57:33,608 [pool-47-thread-1] INFO  server.RaftServerConfigKeys (ConfUtils.java:logGet(43)) - raft.server.storage.dir = [/workdir/hadoop-ozone/tools/target/test-dir/MiniOzoneClusterImpl-ca628441-95e6-4ca0-9871-ceda43659e6a/datanode-2/data/ratis] (custom)
2019-09-25 12:57:33,608 [pool-47-thread-1] INFO  storage.RaftStorageDirectory (RaftStorageDirectory.java:analyzeStorage(246)) - The storage directory /workdir/hadoop-ozone/tools/target/test-dir/MiniOzoneClusterImpl-ca628441-95e6-4ca0-9871-ceda43659e6a/datanode-2/data/ratis/7b742581-594a-4492-b566-e37a668e3ffc does not exist. Creating ...
2019-09-25 12:57:33,622 [pool-47-thread-1] INFO  storage.RaftStorageDirectory (RaftStorageDirectory.java:tryLock(328)) - Lock on /workdir/hadoop-ozone/tools/target/test-dir/MiniOzoneClusterImpl-ca628441-95e6-4ca0-9871-ceda43659e6a/datanode-2/data/ratis/7b742581-594a-4492-b566-e37a668e3ffc/in_use.lock acquired by nodename 11947@pr-hdds-1569-shd4m-3693607622
2019-09-25 12:57:33,635 [pool-47-thread-1] INFO  storage.RaftStorage (RaftStorage.java:format(72)) - Storage directory /workdir/hadoop-ozone/tools/target/test-dir/MiniOzoneClusterImpl-ca628441-95e6-4ca0-9871-ceda43659e6a/datanode-2/data/ratis/7b742581-594a-4492-b566-e37a668e3ffc has been successfully formatted.
2019-09-25 12:57:33,635 [pool-47-thread-1] INFO  ratis.ContainerStateMachine (ContainerStateMachine.java:loadSnapshot(230)) - group-E37A668E3FFC: The snapshot info is null. Setting the last applied indexto:(t:0, i:~)
2019-09-25 12:57:33,635 [pool-47-thread-1] INFO  server.RaftServerConfigKeys (ConfUtils.java:logGet(43)) - raft.server.notification.no-leader.timeout = 120s (custom)
2019-09-25 12:57:33,635 [pool-47-thread-1] INFO  server.RaftServerConfigKeys (ConfUtils.java:logGet(43)) - raft.server.log.use.memory = false (default)
2019-09-25 12:57:33,635 [pool-47-thread-1] INFO  server.RaftServerConfigKeys (ConfUtils.java:logGet(43)) - raft.server.log.purge.gap = 1000000 (custom)
2019-09-25 12:57:33,636 [pool-47-thread-1] INFO  server.RaftServerConfigKeys (ConfUtils.java:logGet(43)) - raft.server.log.appender.buffer.byte-limit = 33554432 (custom)
2019-09-25 12:57:33,636 [pool-47-thread-1] INFO  server.RaftServerConfigKeys (ConfUtils.java:logGet(43)) - raft.server.log.segment.size.max = 1048576 (custom)
2019-09-25 12:57:33,636 [pool-47-thread-1] INFO  server.RaftServerConfigKeys (ConfUtils.java:logGet(43)) - raft.server.log.segment.cache.num.max = 2 (custom)
2019-09-25 12:57:33,637 [pool-47-thread-1] INFO  segmented.SegmentedRaftLogWorker (SegmentedRaftLogWorker.java:<init>(172)) - new 548f63c1-ecb3-4338-9923-ba2d46dbaf7d@group-E37A668E3FFC-SegmentedRaftLogWorker for RaftStorage:Storage Directory /workdir/hadoop-ozone/tools/target/test-dir/MiniOzoneClusterImpl-ca628441-95e6-4ca0-9871-ceda43659e6a/datanode-2/data/ratis/7b742581-594a-4492-b566-e37a668e3ffc
2019-09-25 12:57:33,637 [pool-47-thread-1] INFO  server.RaftServerConfigKeys (ConfUtils.java:logGet(43)) - raft.server.log.queue.byte-limit = 2147483647 (custom)
2019-09-25 12:57:33,637 [pool-47-thread-1] INFO  server.RaftServerConfigKeys (ConfUtils.java:logGet(43)) - raft.server.log.queue.element-limit = 1024 (custom)
2019-09-25 12:57:33,638 [pool-47-thread-1] INFO  server.RaftServerConfigKeys (ConfUtils.java:logGet(43)) - raft.server.log.segment.size.max = 1048576 (custom)
2019-09-25 12:57:33,638 [pool-47-thread-1] INFO  server.RaftServerConfigKeys (ConfUtils.java:logGet(43)) - raft.server.log.preallocated.size = 16384 (custom)
2019-09-25 12:57:33,638 [pool-47-thread-1] INFO  server.RaftServerConfigKeys (ConfUtils.java:logGet(43)) - raft.server.log.write.buffer.size = 33554432 (custom)
2019-09-25 12:57:33,638 [pool-47-thread-1] INFO  server.RaftServerConfigKeys (ConfUtils.java:logGet(43)) - raft.server.log.force.sync.num = 128 (default)
2019-09-25 12:57:33,638 [pool-47-thread-1] INFO  server.RaftServerConfigKeys (ConfUtils.java:logGet(43)) - raft.server.log.statemachine.data.sync = true (default)
2019-09-25 12:57:33,638 [pool-47-thread-1] INFO  server.RaftServerConfigKeys (ConfUtils.java:logGet(43)) - raft.server.log.statemachine.data.sync.timeout = 10s (default)
2019-09-25 12:57:33,638 [pool-47-thread-1] INFO  server.RaftServerConfigKeys (ConfUtils.java:logGet(43)) - raft.server.log.statemachine.data.sync.timeout.retry = -1 (default)
2019-09-25 12:57:33,638 [pool-47-thread-1] INFO  server.RaftServerConfigKeys (ConfUtils.java:logGet(43)) - raft.server.log.statemachine.data.caching.enabled = true (custom)
2019-09-25 12:57:33,639 [pool-47-thread-1] INFO  segmented.SegmentedRaftLogWorker (SegmentedRaftLogWorker.java:lambda$new$0(132)) - 548f63c1-ecb3-4338-9923-ba2d46dbaf7d@group-E37A668E3FFC-SegmentedRaftLogWorker: flushIndex: setUnconditionally 0 -> -1
2019-09-25 12:57:33,639 [pool-47-thread-1] INFO  server.RaftServerConfigKeys (ConfUtils.java:logGet(43)) - raft.server.snapshot.auto.trigger.enabled = true (custom)
2019-09-25 12:57:33,639 [pool-47-thread-1] INFO  server.RaftServerConfigKeys (ConfUtils.java:logGet(43)) - raft.server.snapshot.auto.trigger.threshold = 10000 (custom)
2019-09-25 12:57:33,639 [pool-47-thread-1] INFO  server.RaftServerConfigKeys (ConfUtils.java:logGet(43)) - raft.server.snapshot.retention.num.files = 5 (custom)
2019-09-25 12:57:33,639 [pool-47-thread-1] INFO  server.RaftServerConfigKeys (ConfUtils.java:logGet(43)) - raft.server.retrycache.expirytime = 600000ms (custom)
2019-09-25 12:57:33,642 [pool-47-thread-1] INFO  impl.RaftServerImpl (RaftServerImpl.java:start(185)) - 548f63c1-ecb3-4338-9923-ba2d46dbaf7d@group-E37A668E3FFC: start as a follower, conf=-1: [548f63c1-ecb3-4338-9923-ba2d46dbaf7d:192.168.151.73:44083], old=null
2019-09-25 12:57:33,642 [pool-47-thread-1] INFO  impl.RaftServerImpl (RaftServerImpl.java:setRole(174)) - 548f63c1-ecb3-4338-9923-ba2d46dbaf7d@group-E37A668E3FFC: changes role from      null to FOLLOWER at term 0 for startAsFollower
2019-09-25 12:57:33,642 [pool-47-thread-1] INFO  impl.RoleInfo (RoleInfo.java:updateAndGet(143)) - 548f63c1-ecb3-4338-9923-ba2d46dbaf7d: start FollowerState
2019-09-25 12:57:33,642 [pool-47-thread-1] INFO  util.JmxRegister (JmxRegister.java:tryRegister(44)) - Successfully registered JMX Bean with object name Ratis:service=RaftServer,group=group-E37A668E3FFC,id=548f63c1-ecb3-4338-9923-ba2d46dbaf7d
2019-09-25 12:57:33,649 [RatisPipelineUtilsThread] INFO  pipeline.PipelineStateManager (PipelineStateManager.java:addPipeline(56)) - Created pipeline Pipeline[ Id: 7b742581-594a-4492-b566-e37a668e3ffc, Nodes: 548f63c1-ecb3-4338-9923-ba2d46dbaf7d{ip: 192.168.151.73, host: pr-hdds-1569-shd4m-3693607622, networkLocation: /default-rack, certSerialId: null}, Type:RATIS, Factor:ONE, State:OPEN]
2019-09-25 12:57:33,664 [grpc-default-executor-0] INFO  impl.RaftServerProxy (RaftServerProxy.java:addNew(89)) - 1ad4e210-16ea-448d-9c83-11669c9ee3b6: addNew group-E02E03275F73:[1ad4e210-16ea-448d-9c83-11669c9ee3b6:192.168.151.73:41323] returns group-E02E03275F73:java.util.concurrent.CompletableFuture@4cbe0e34[Not completed]
2019-09-25 12:57:33,666 [pool-37-thread-1] INFO  impl.RaftServerImpl (RaftServerImpl.java:<init>(95)) - 1ad4e210-16ea-448d-9c83-11669c9ee3b6: new RaftServerImpl for group-E02E03275F73:[1ad4e210-16ea-448d-9c83-11669c9ee3b6:192.168.151.73:41323] with ContainerStateMachine:uninitialized
2019-09-25 12:57:33,666 [pool-37-thread-1] INFO  server.RaftServerConfigKeys (ConfUtils.java:logGet(43)) - raft.server.rpc.timeout.min = 5s (custom)
2019-09-25 12:57:33,666 [pool-37-thread-1] INFO  server.RaftServerConfigKeys (ConfUtils.java:logGet(43)) - raft.server.rpc.timeout.max = 5200ms (custom)
2019-09-25 12:57:33,667 [pool-37-thread-1] INFO  server.RaftServerConfigKeys (ConfUtils.java:logGet(43)) - raft.server.rpcslowness.timeout = 120s (custom)
2019-09-25 12:57:33,667 [pool-37-thread-1] INFO  server.RaftServerConfigKeys (ConfUtils.java:logGet(43)) - raft.server.sleep.deviation.threshold = 300 (default)
2019-09-25 12:57:33,667 [pool-37-thread-1] INFO  server.RaftServerConfigKeys (ConfUtils.java:logGet(43)) - raft.server.log.appender.install.snapshot.enabled = false (custom)
2019-09-25 12:57:33,667 [pool-37-thread-1] INFO  impl.RaftServerImpl (ServerState.java:<init>(103)) - 1ad4e210-16ea-448d-9c83-11669c9ee3b6@group-E02E03275F73: ConfigurationManager, init=-1: [1ad4e210-16ea-448d-9c83-11669c9ee3b6:192.168.151.73:41323], old=null, confs=<EMPTY_MAP>
2019-09-25 12:57:33,667 [pool-37-thread-1] INFO  server.RaftServerConfigKeys (ConfUtils.java:logGet(43)) - raft.server.storage.dir = [/workdir/hadoop-ozone/tools/target/test-dir/MiniOzoneClusterImpl-ca628441-95e6-4ca0-9871-ceda43659e6a/datanode-1/data/ratis] (custom)
2019-09-25 12:57:33,668 [pool-37-thread-1] INFO  storage.RaftStorageDirectory (RaftStorageDirectory.java:analyzeStorage(246)) - The storage directory /workdir/hadoop-ozone/tools/target/test-dir/MiniOzoneClusterImpl-ca628441-95e6-4ca0-9871-ceda43659e6a/datanode-1/data/ratis/22817de1-3e04-49f8-ac04-e02e03275f73 does not exist. Creating ...
2019-09-25 12:57:33,680 [pool-37-thread-1] INFO  storage.RaftStorageDirectory (RaftStorageDirectory.java:tryLock(328)) - Lock on /workdir/hadoop-ozone/tools/target/test-dir/MiniOzoneClusterImpl-ca628441-95e6-4ca0-9871-ceda43659e6a/datanode-1/data/ratis/22817de1-3e04-49f8-ac04-e02e03275f73/in_use.lock acquired by nodename 11947@pr-hdds-1569-shd4m-3693607622
2019-09-25 12:57:33,691 [pool-37-thread-1] INFO  storage.RaftStorage (RaftStorage.java:format(72)) - Storage directory /workdir/hadoop-ozone/tools/target/test-dir/MiniOzoneClusterImpl-ca628441-95e6-4ca0-9871-ceda43659e6a/datanode-1/data/ratis/22817de1-3e04-49f8-ac04-e02e03275f73 has been successfully formatted.
2019-09-25 12:57:33,692 [pool-37-thread-1] INFO  ratis.ContainerStateMachine (ContainerStateMachine.java:loadSnapshot(230)) - group-E02E03275F73: The snapshot info is null. Setting the last applied indexto:(t:0, i:~)
2019-09-25 12:57:33,692 [pool-37-thread-1] INFO  server.RaftServerConfigKeys (ConfUtils.java:logGet(43)) - raft.server.notification.no-leader.timeout = 120s (custom)
2019-09-25 12:57:33,692 [pool-37-thread-1] INFO  server.RaftServerConfigKeys (ConfUtils.java:logGet(43)) - raft.server.log.use.memory = false (default)
2019-09-25 12:57:33,692 [pool-37-thread-1] INFO  server.RaftServerConfigKeys (ConfUtils.java:logGet(43)) - raft.server.log.purge.gap = 1000000 (custom)
2019-09-25 12:57:33,692 [pool-37-thread-1] INFO  server.RaftServerConfigKeys (ConfUtils.java:logGet(43)) - raft.server.log.appender.buffer.byte-limit = 33554432 (custom)
2019-09-25 12:57:33,692 [pool-37-thread-1] INFO  server.RaftServerConfigKeys (ConfUtils.java:logGet(43)) - raft.server.log.segment.size.max = 1048576 (custom)
2019-09-25 12:57:33,692 [pool-37-thread-1] INFO  server.RaftServerConfigKeys (ConfUtils.java:logGet(43)) - raft.server.log.segment.cache.num.max = 2 (custom)
2019-09-25 12:57:33,693 [pool-37-thread-1] INFO  segmented.SegmentedRaftLogWorker (SegmentedRaftLogWorker.java:<init>(172)) - new 1ad4e210-16ea-448d-9c83-11669c9ee3b6@group-E02E03275F73-SegmentedRaftLogWorker for RaftStorage:Storage Directory /workdir/hadoop-ozone/tools/target/test-dir/MiniOzoneClusterImpl-ca628441-95e6-4ca0-9871-ceda43659e6a/datanode-1/data/ratis/22817de1-3e04-49f8-ac04-e02e03275f73
2019-09-25 12:57:33,693 [pool-37-thread-1] INFO  server.RaftServerConfigKeys (ConfUtils.java:logGet(43)) - raft.server.log.queue.byte-limit = 2147483647 (custom)
2019-09-25 12:57:33,693 [pool-37-thread-1] INFO  server.RaftServerConfigKeys (ConfUtils.java:logGet(43)) - raft.server.log.queue.element-limit = 1024 (custom)
2019-09-25 12:57:33,693 [pool-37-thread-1] INFO  server.RaftServerConfigKeys (ConfUtils.java:logGet(43)) - raft.server.log.segment.size.max = 1048576 (custom)
2019-09-25 12:57:33,693 [pool-37-thread-1] INFO  server.RaftServerConfigKeys (ConfUtils.java:logGet(43)) - raft.server.log.preallocated.size = 16384 (custom)
2019-09-25 12:57:33,693 [pool-37-thread-1] INFO  server.RaftServerConfigKeys (ConfUtils.java:logGet(43)) - raft.server.log.write.buffer.size = 33554432 (custom)
2019-09-25 12:57:33,693 [pool-37-thread-1] INFO  server.RaftServerConfigKeys (ConfUtils.java:logGet(43)) - raft.server.log.force.sync.num = 128 (default)
2019-09-25 12:57:33,693 [pool-37-thread-1] INFO  server.RaftServerConfigKeys (ConfUtils.java:logGet(43)) - raft.server.log.statemachine.data.sync = true (default)
2019-09-25 12:57:33,693 [pool-37-thread-1] INFO  server.RaftServerConfigKeys (ConfUtils.java:logGet(43)) - raft.server.log.statemachine.data.sync.timeout = 10s (default)
2019-09-25 12:57:33,693 [pool-37-thread-1] INFO  server.RaftServerConfigKeys (ConfUtils.java:logGet(43)) - raft.server.log.statemachine.data.sync.timeout.retry = -1 (default)
2019-09-25 12:57:33,694 [pool-37-thread-1] INFO  server.RaftServerConfigKeys (ConfUtils.java:logGet(43)) - raft.server.log.statemachine.data.caching.enabled = true (custom)
2019-09-25 12:57:33,694 [pool-37-thread-1] INFO  segmented.SegmentedRaftLogWorker (SegmentedRaftLogWorker.java:lambda$new$0(132)) - 1ad4e210-16ea-448d-9c83-11669c9ee3b6@group-E02E03275F73-SegmentedRaftLogWorker: flushIndex: setUnconditionally 0 -> -1
2019-09-25 12:57:33,694 [pool-37-thread-1] INFO  server.RaftServerConfigKeys (ConfUtils.java:logGet(43)) - raft.server.snapshot.auto.trigger.enabled = true (custom)
2019-09-25 12:57:33,694 [pool-37-thread-1] INFO  server.RaftServerConfigKeys (ConfUtils.java:logGet(43)) - raft.server.snapshot.auto.trigger.threshold = 10000 (custom)
2019-09-25 12:57:33,694 [pool-37-thread-1] INFO  server.RaftServerConfigKeys (ConfUtils.java:logGet(43)) - raft.server.snapshot.retention.num.files = 5 (custom)
2019-09-25 12:57:33,695 [pool-37-thread-1] INFO  server.RaftServerConfigKeys (ConfUtils.java:logGet(43)) - raft.server.retrycache.expirytime = 600000ms (custom)
2019-09-25 12:57:33,697 [pool-37-thread-1] INFO  impl.RaftServerImpl (RaftServerImpl.java:start(185)) - 1ad4e210-16ea-448d-9c83-11669c9ee3b6@group-E02E03275F73: start as a follower, conf=-1: [1ad4e210-16ea-448d-9c83-11669c9ee3b6:192.168.151.73:41323], old=null
2019-09-25 12:57:33,697 [pool-37-thread-1] INFO  impl.RaftServerImpl (RaftServerImpl.java:setRole(174)) - 1ad4e210-16ea-448d-9c83-11669c9ee3b6@group-E02E03275F73: changes role from      null to FOLLOWER at term 0 for startAsFollower
2019-09-25 12:57:33,697 [pool-37-thread-1] INFO  impl.RoleInfo (RoleInfo.java:updateAndGet(143)) - 1ad4e210-16ea-448d-9c83-11669c9ee3b6: start FollowerState
2019-09-25 12:57:33,698 [pool-37-thread-1] INFO  util.JmxRegister (JmxRegister.java:tryRegister(44)) - Successfully registered JMX Bean with object name Ratis:service=RaftServer,group=group-E02E03275F73,id=1ad4e210-16ea-448d-9c83-11669c9ee3b6
2019-09-25 12:57:33,706 [RatisPipelineUtilsThread] INFO  pipeline.PipelineStateManager (PipelineStateManager.java:addPipeline(56)) - Created pipeline Pipeline[ Id: 22817de1-3e04-49f8-ac04-e02e03275f73, Nodes: 1ad4e210-16ea-448d-9c83-11669c9ee3b6{ip: 192.168.151.73, host: pr-hdds-1569-shd4m-3693607622, networkLocation: /default-rack, certSerialId: null}, Type:RATIS, Factor:ONE, State:OPEN]
2019-09-25 12:57:33,721 [grpc-default-executor-0] INFO  impl.RaftServerProxy (RaftServerProxy.java:addNew(89)) - 05c10ba5-9820-4ddb-94b6-a7ebb5af4f34: addNew group-37DB4772E3B4:[05c10ba5-9820-4ddb-94b6-a7ebb5af4f34:192.168.151.73:44415] returns group-37DB4772E3B4:java.util.concurrent.CompletableFuture@35b7a760[Not completed]
2019-09-25 12:57:33,723 [pool-27-thread-1] INFO  impl.RaftServerImpl (RaftServerImpl.java:<init>(95)) - 05c10ba5-9820-4ddb-94b6-a7ebb5af4f34: new RaftServerImpl for group-37DB4772E3B4:[05c10ba5-9820-4ddb-94b6-a7ebb5af4f34:192.168.151.73:44415] with ContainerStateMachine:uninitialized
2019-09-25 12:57:33,723 [pool-27-thread-1] INFO  server.RaftServerConfigKeys (ConfUtils.java:logGet(43)) - raft.server.rpc.timeout.min = 5s (custom)
2019-09-25 12:57:33,723 [pool-27-thread-1] INFO  server.RaftServerConfigKeys (ConfUtils.java:logGet(43)) - raft.server.rpc.timeout.max = 5200ms (custom)
2019-09-25 12:57:33,723 [pool-27-thread-1] INFO  server.RaftServerConfigKeys (ConfUtils.java:logGet(43)) - raft.server.rpcslowness.timeout = 120s (custom)
2019-09-25 12:57:33,723 [pool-27-thread-1] INFO  server.RaftServerConfigKeys (ConfUtils.java:logGet(43)) - raft.server.sleep.deviation.threshold = 300 (default)
2019-09-25 12:57:33,723 [pool-27-thread-1] INFO  server.RaftServerConfigKeys (ConfUtils.java:logGet(43)) - raft.server.log.appender.install.snapshot.enabled = false (custom)
2019-09-25 12:57:33,724 [pool-27-thread-1] INFO  impl.RaftServerImpl (ServerState.java:<init>(103)) - 05c10ba5-9820-4ddb-94b6-a7ebb5af4f34@group-37DB4772E3B4: ConfigurationManager, init=-1: [05c10ba5-9820-4ddb-94b6-a7ebb5af4f34:192.168.151.73:44415], old=null, confs=<EMPTY_MAP>
2019-09-25 12:57:33,724 [pool-27-thread-1] INFO  server.RaftServerConfigKeys (ConfUtils.java:logGet(43)) - raft.server.storage.dir = [/workdir/hadoop-ozone/tools/target/test-dir/MiniOzoneClusterImpl-ca628441-95e6-4ca0-9871-ceda43659e6a/datanode-0/data/ratis] (custom)
2019-09-25 12:57:33,724 [pool-27-thread-1] INFO  storage.RaftStorageDirectory (RaftStorageDirectory.java:analyzeStorage(246)) - The storage directory /workdir/hadoop-ozone/tools/target/test-dir/MiniOzoneClusterImpl-ca628441-95e6-4ca0-9871-ceda43659e6a/datanode-0/data/ratis/c710b214-0da9-4f6d-a6dc-37db4772e3b4 does not exist. Creating ...
2019-09-25 12:57:33,747 [pool-27-thread-1] INFO  storage.RaftStorageDirectory (RaftStorageDirectory.java:tryLock(328)) - Lock on /workdir/hadoop-ozone/tools/target/test-dir/MiniOzoneClusterImpl-ca628441-95e6-4ca0-9871-ceda43659e6a/datanode-0/data/ratis/c710b214-0da9-4f6d-a6dc-37db4772e3b4/in_use.lock acquired by nodename 11947@pr-hdds-1569-shd4m-3693607622
2019-09-25 12:57:33,761 [pool-27-thread-1] INFO  storage.RaftStorage (RaftStorage.java:format(72)) - Storage directory /workdir/hadoop-ozone/tools/target/test-dir/MiniOzoneClusterImpl-ca628441-95e6-4ca0-9871-ceda43659e6a/datanode-0/data/ratis/c710b214-0da9-4f6d-a6dc-37db4772e3b4 has been successfully formatted.
2019-09-25 12:57:33,762 [pool-27-thread-1] INFO  ratis.ContainerStateMachine (ContainerStateMachine.java:loadSnapshot(230)) - group-37DB4772E3B4: The snapshot info is null. Setting the last applied indexto:(t:0, i:~)
2019-09-25 12:57:33,763 [pool-27-thread-1] INFO  server.RaftServerConfigKeys (ConfUtils.java:logGet(43)) - raft.server.notification.no-leader.timeout = 120s (custom)
2019-09-25 12:57:33,764 [pool-27-thread-1] INFO  server.RaftServerConfigKeys (ConfUtils.java:logGet(43)) - raft.server.log.use.memory = false (default)
2019-09-25 12:57:33,764 [pool-27-thread-1] INFO  server.RaftServerConfigKeys (ConfUtils.java:logGet(43)) - raft.server.log.purge.gap = 1000000 (custom)
2019-09-25 12:57:33,764 [pool-27-thread-1] INFO  server.RaftServerConfigKeys (ConfUtils.java:logGet(43)) - raft.server.log.appender.buffer.byte-limit = 33554432 (custom)
2019-09-25 12:57:33,764 [pool-27-thread-1] INFO  server.RaftServerConfigKeys (ConfUtils.java:logGet(43)) - raft.server.log.segment.size.max = 1048576 (custom)
2019-09-25 12:57:33,764 [pool-27-thread-1] INFO  server.RaftServerConfigKeys (ConfUtils.java:logGet(43)) - raft.server.log.segment.cache.num.max = 2 (custom)
2019-09-25 12:57:33,764 [pool-27-thread-1] INFO  segmented.SegmentedRaftLogWorker (SegmentedRaftLogWorker.java:<init>(172)) - new 05c10ba5-9820-4ddb-94b6-a7ebb5af4f34@group-37DB4772E3B4-SegmentedRaftLogWorker for RaftStorage:Storage Directory /workdir/hadoop-ozone/tools/target/test-dir/MiniOzoneClusterImpl-ca628441-95e6-4ca0-9871-ceda43659e6a/datanode-0/data/ratis/c710b214-0da9-4f6d-a6dc-37db4772e3b4
2019-09-25 12:57:33,764 [pool-27-thread-1] INFO  server.RaftServerConfigKeys (ConfUtils.java:logGet(43)) - raft.server.log.queue.byte-limit = 2147483647 (custom)
2019-09-25 12:57:33,765 [pool-27-thread-1] INFO  server.RaftServerConfigKeys (ConfUtils.java:logGet(43)) - raft.server.log.queue.element-limit = 1024 (custom)
2019-09-25 12:57:33,765 [pool-27-thread-1] INFO  server.RaftServerConfigKeys (ConfUtils.java:logGet(43)) - raft.server.log.segment.size.max = 1048576 (custom)
2019-09-25 12:57:33,765 [pool-27-thread-1] INFO  server.RaftServerConfigKeys (ConfUtils.java:logGet(43)) - raft.server.log.preallocated.size = 16384 (custom)
2019-09-25 12:57:33,765 [pool-27-thread-1] INFO  server.RaftServerConfigKeys (ConfUtils.java:logGet(43)) - raft.server.log.write.buffer.size = 33554432 (custom)
2019-09-25 12:57:33,765 [pool-27-thread-1] INFO  server.RaftServerConfigKeys (ConfUtils.java:logGet(43)) - raft.server.log.force.sync.num = 128 (default)
2019-09-25 12:57:33,765 [pool-27-thread-1] INFO  server.RaftServerConfigKeys (ConfUtils.java:logGet(43)) - raft.server.log.statemachine.data.sync = true (default)
2019-09-25 12:57:33,765 [pool-27-thread-1] INFO  server.RaftServerConfigKeys (ConfUtils.java:logGet(43)) - raft.server.log.statemachine.data.sync.timeout = 10s (default)
2019-09-25 12:57:33,766 [pool-27-thread-1] INFO  server.RaftServerConfigKeys (ConfUtils.java:logGet(43)) - raft.server.log.statemachine.data.sync.timeout.retry = -1 (default)
2019-09-25 12:57:33,766 [pool-27-thread-1] INFO  server.RaftServerConfigKeys (ConfUtils.java:logGet(43)) - raft.server.log.statemachine.data.caching.enabled = true (custom)
2019-09-25 12:57:33,766 [pool-27-thread-1] INFO  segmented.SegmentedRaftLogWorker (SegmentedRaftLogWorker.java:lambda$new$0(132)) - 05c10ba5-9820-4ddb-94b6-a7ebb5af4f34@group-37DB4772E3B4-SegmentedRaftLogWorker: flushIndex: setUnconditionally 0 -> -1
2019-09-25 12:57:33,766 [pool-27-thread-1] INFO  server.RaftServerConfigKeys (ConfUtils.java:logGet(43)) - raft.server.snapshot.auto.trigger.enabled = true (custom)
2019-09-25 12:57:33,767 [pool-27-thread-1] INFO  server.RaftServerConfigKeys (ConfUtils.java:logGet(43)) - raft.server.snapshot.auto.trigger.threshold = 10000 (custom)
2019-09-25 12:57:33,767 [pool-27-thread-1] INFO  server.RaftServerConfigKeys (ConfUtils.java:logGet(43)) - raft.server.snapshot.retention.num.files = 5 (custom)
2019-09-25 12:57:33,767 [pool-27-thread-1] INFO  server.RaftServerConfigKeys (ConfUtils.java:logGet(43)) - raft.server.retrycache.expirytime = 600000ms (custom)
2019-09-25 12:57:33,770 [pool-27-thread-1] INFO  impl.RaftServerImpl (RaftServerImpl.java:start(185)) - 05c10ba5-9820-4ddb-94b6-a7ebb5af4f34@group-37DB4772E3B4: start as a follower, conf=-1: [05c10ba5-9820-4ddb-94b6-a7ebb5af4f34:192.168.151.73:44415], old=null
2019-09-25 12:57:33,770 [pool-27-thread-1] INFO  impl.RaftServerImpl (RaftServerImpl.java:setRole(174)) - 05c10ba5-9820-4ddb-94b6-a7ebb5af4f34@group-37DB4772E3B4: changes role from      null to FOLLOWER at term 0 for startAsFollower
2019-09-25 12:57:33,770 [pool-27-thread-1] INFO  impl.RoleInfo (RoleInfo.java:updateAndGet(143)) - 05c10ba5-9820-4ddb-94b6-a7ebb5af4f34: start FollowerState
2019-09-25 12:57:33,770 [pool-27-thread-1] INFO  util.JmxRegister (JmxRegister.java:tryRegister(44)) - Successfully registered JMX Bean with object name Ratis:service=RaftServer,group=group-37DB4772E3B4,id=05c10ba5-9820-4ddb-94b6-a7ebb5af4f34
2019-09-25 12:57:33,776 [RatisPipelineUtilsThread] INFO  pipeline.PipelineStateManager (PipelineStateManager.java:addPipeline(56)) - Created pipeline Pipeline[ Id: c710b214-0da9-4f6d-a6dc-37db4772e3b4, Nodes: 05c10ba5-9820-4ddb-94b6-a7ebb5af4f34{ip: 192.168.151.73, host: pr-hdds-1569-shd4m-3693607622, networkLocation: /default-rack, certSerialId: null}, Type:RATIS, Factor:ONE, State:OPEN]
2019-09-25 12:57:33,776 [RatisPipelineUtilsThread] INFO  pipeline.PipelinePlacementPolicy (PipelinePlacementPolicy.java:meetCriteria(91)) - Pipeline Placement: can't place more pipeline on heavy datanode： 05c10ba5-9820-4ddb-94b6-a7ebb5af4f34 Heaviness: 6 limit: 5
2019-09-25 12:57:33,786 [grpc-default-executor-0] INFO  impl.RaftServerProxy (RaftServerProxy.java:addNew(89)) - 1ad4e210-16ea-448d-9c83-11669c9ee3b6: addNew group-5B9ACD1C1A5C:[1ad4e210-16ea-448d-9c83-11669c9ee3b6:192.168.151.73:41323] returns group-5B9ACD1C1A5C:java.util.concurrent.CompletableFuture@75e33ed2[Not completed]
2019-09-25 12:57:33,788 [pool-37-thread-1] INFO  impl.RaftServerImpl (RaftServerImpl.java:<init>(95)) - 1ad4e210-16ea-448d-9c83-11669c9ee3b6: new RaftServerImpl for group-5B9ACD1C1A5C:[1ad4e210-16ea-448d-9c83-11669c9ee3b6:192.168.151.73:41323] with ContainerStateMachine:uninitialized
2019-09-25 12:57:33,790 [pool-37-thread-1] INFO  server.RaftServerConfigKeys (ConfUtils.java:logGet(43)) - raft.server.rpc.timeout.min = 5s (custom)
2019-09-25 12:57:33,790 [pool-37-thread-1] INFO  server.RaftServerConfigKeys (ConfUtils.java:logGet(43)) - raft.server.rpc.timeout.max = 5200ms (custom)
2019-09-25 12:57:33,790 [pool-37-thread-1] INFO  server.RaftServerConfigKeys (ConfUtils.java:logGet(43)) - raft.server.rpcslowness.timeout = 120s (custom)
2019-09-25 12:57:33,790 [pool-37-thread-1] INFO  server.RaftServerConfigKeys (ConfUtils.java:logGet(43)) - raft.server.sleep.deviation.threshold = 300 (default)
2019-09-25 12:57:33,790 [pool-37-thread-1] INFO  server.RaftServerConfigKeys (ConfUtils.java:logGet(43)) - raft.server.log.appender.install.snapshot.enabled = false (custom)
2019-09-25 12:57:33,791 [pool-37-thread-1] INFO  impl.RaftServerImpl (ServerState.java:<init>(103)) - 1ad4e210-16ea-448d-9c83-11669c9ee3b6@group-5B9ACD1C1A5C: ConfigurationManager, init=-1: [1ad4e210-16ea-448d-9c83-11669c9ee3b6:192.168.151.73:41323], old=null, confs=<EMPTY_MAP>
2019-09-25 12:57:33,791 [pool-37-thread-1] INFO  server.RaftServerConfigKeys (ConfUtils.java:logGet(43)) - raft.server.storage.dir = [/workdir/hadoop-ozone/tools/target/test-dir/MiniOzoneClusterImpl-ca628441-95e6-4ca0-9871-ceda43659e6a/datanode-1/data/ratis] (custom)
2019-09-25 12:57:33,791 [pool-37-thread-1] INFO  storage.RaftStorageDirectory (RaftStorageDirectory.java:analyzeStorage(246)) - The storage directory /workdir/hadoop-ozone/tools/target/test-dir/MiniOzoneClusterImpl-ca628441-95e6-4ca0-9871-ceda43659e6a/datanode-1/data/ratis/d0f7e84a-ab0d-4e52-8503-5b9acd1c1a5c does not exist. Creating ...
2019-09-25 12:57:33,805 [pool-37-thread-1] INFO  storage.RaftStorageDirectory (RaftStorageDirectory.java:tryLock(328)) - Lock on /workdir/hadoop-ozone/tools/target/test-dir/MiniOzoneClusterImpl-ca628441-95e6-4ca0-9871-ceda43659e6a/datanode-1/data/ratis/d0f7e84a-ab0d-4e52-8503-5b9acd1c1a5c/in_use.lock acquired by nodename 11947@pr-hdds-1569-shd4m-3693607622
2019-09-25 12:57:33,831 [pool-37-thread-1] INFO  storage.RaftStorage (RaftStorage.java:format(72)) - Storage directory /workdir/hadoop-ozone/tools/target/test-dir/MiniOzoneClusterImpl-ca628441-95e6-4ca0-9871-ceda43659e6a/datanode-1/data/ratis/d0f7e84a-ab0d-4e52-8503-5b9acd1c1a5c has been successfully formatted.
2019-09-25 12:57:33,831 [pool-37-thread-1] INFO  ratis.ContainerStateMachine (ContainerStateMachine.java:loadSnapshot(230)) - group-5B9ACD1C1A5C: The snapshot info is null. Setting the last applied indexto:(t:0, i:~)
2019-09-25 12:57:33,831 [pool-37-thread-1] INFO  server.RaftServerConfigKeys (ConfUtils.java:logGet(43)) - raft.server.notification.no-leader.timeout = 120s (custom)
2019-09-25 12:57:33,831 [pool-37-thread-1] INFO  server.RaftServerConfigKeys (ConfUtils.java:logGet(43)) - raft.server.log.use.memory = false (default)
2019-09-25 12:57:33,832 [pool-37-thread-1] INFO  server.RaftServerConfigKeys (ConfUtils.java:logGet(43)) - raft.server.log.purge.gap = 1000000 (custom)
2019-09-25 12:57:33,832 [pool-37-thread-1] INFO  server.RaftServerConfigKeys (ConfUtils.java:logGet(43)) - raft.server.log.appender.buffer.byte-limit = 33554432 (custom)
2019-09-25 12:57:33,832 [pool-37-thread-1] INFO  server.RaftServerConfigKeys (ConfUtils.java:logGet(43)) - raft.server.log.segment.size.max = 1048576 (custom)
2019-09-25 12:57:33,832 [pool-37-thread-1] INFO  server.RaftServerConfigKeys (ConfUtils.java:logGet(43)) - raft.server.log.segment.cache.num.max = 2 (custom)
2019-09-25 12:57:33,832 [pool-37-thread-1] INFO  segmented.SegmentedRaftLogWorker (SegmentedRaftLogWorker.java:<init>(172)) - new 1ad4e210-16ea-448d-9c83-11669c9ee3b6@group-5B9ACD1C1A5C-SegmentedRaftLogWorker for RaftStorage:Storage Directory /workdir/hadoop-ozone/tools/target/test-dir/MiniOzoneClusterImpl-ca628441-95e6-4ca0-9871-ceda43659e6a/datanode-1/data/ratis/d0f7e84a-ab0d-4e52-8503-5b9acd1c1a5c
2019-09-25 12:57:33,832 [pool-37-thread-1] INFO  server.RaftServerConfigKeys (ConfUtils.java:logGet(43)) - raft.server.log.queue.byte-limit = 2147483647 (custom)
2019-09-25 12:57:33,832 [pool-37-thread-1] INFO  server.RaftServerConfigKeys (ConfUtils.java:logGet(43)) - raft.server.log.queue.element-limit = 1024 (custom)
2019-09-25 12:57:33,832 [pool-37-thread-1] INFO  server.RaftServerConfigKeys (ConfUtils.java:logGet(43)) - raft.server.log.segment.size.max = 1048576 (custom)
2019-09-25 12:57:33,833 [pool-37-thread-1] INFO  server.RaftServerConfigKeys (ConfUtils.java:logGet(43)) - raft.server.log.preallocated.size = 16384 (custom)
2019-09-25 12:57:33,833 [pool-37-thread-1] INFO  server.RaftServerConfigKeys (ConfUtils.java:logGet(43)) - raft.server.log.write.buffer.size = 33554432 (custom)
2019-09-25 12:57:33,833 [pool-37-thread-1] INFO  server.RaftServerConfigKeys (ConfUtils.java:logGet(43)) - raft.server.log.force.sync.num = 128 (default)
2019-09-25 12:57:33,833 [pool-37-thread-1] INFO  server.RaftServerConfigKeys (ConfUtils.java:logGet(43)) - raft.server.log.statemachine.data.sync = true (default)
2019-09-25 12:57:33,833 [pool-37-thread-1] INFO  server.RaftServerConfigKeys (ConfUtils.java:logGet(43)) - raft.server.log.statemachine.data.sync.timeout = 10s (default)
2019-09-25 12:57:33,833 [pool-37-thread-1] INFO  server.RaftServerConfigKeys (ConfUtils.java:logGet(43)) - raft.server.log.statemachine.data.sync.timeout.retry = -1 (default)
2019-09-25 12:57:33,833 [pool-37-thread-1] INFO  server.RaftServerConfigKeys (ConfUtils.java:logGet(43)) - raft.server.log.statemachine.data.caching.enabled = true (custom)
2019-09-25 12:57:33,834 [pool-37-thread-1] INFO  segmented.SegmentedRaftLogWorker (SegmentedRaftLogWorker.java:lambda$new$0(132)) - 1ad4e210-16ea-448d-9c83-11669c9ee3b6@group-5B9ACD1C1A5C-SegmentedRaftLogWorker: flushIndex: setUnconditionally 0 -> -1
2019-09-25 12:57:33,834 [pool-37-thread-1] INFO  server.RaftServerConfigKeys (ConfUtils.java:logGet(43)) - raft.server.snapshot.auto.trigger.enabled = true (custom)
2019-09-25 12:57:33,834 [pool-37-thread-1] INFO  server.RaftServerConfigKeys (ConfUtils.java:logGet(43)) - raft.server.snapshot.auto.trigger.threshold = 10000 (custom)
2019-09-25 12:57:33,834 [pool-37-thread-1] INFO  server.RaftServerConfigKeys (ConfUtils.java:logGet(43)) - raft.server.snapshot.retention.num.files = 5 (custom)
2019-09-25 12:57:33,834 [pool-37-thread-1] INFO  server.RaftServerConfigKeys (ConfUtils.java:logGet(43)) - raft.server.retrycache.expirytime = 600000ms (custom)
2019-09-25 12:57:33,836 [pool-37-thread-1] INFO  impl.RaftServerImpl (RaftServerImpl.java:start(185)) - 1ad4e210-16ea-448d-9c83-11669c9ee3b6@group-5B9ACD1C1A5C: start as a follower, conf=-1: [1ad4e210-16ea-448d-9c83-11669c9ee3b6:192.168.151.73:41323], old=null
2019-09-25 12:57:33,837 [pool-37-thread-1] INFO  impl.RaftServerImpl (RaftServerImpl.java:setRole(174)) - 1ad4e210-16ea-448d-9c83-11669c9ee3b6@group-5B9ACD1C1A5C: changes role from      null to FOLLOWER at term 0 for startAsFollower
2019-09-25 12:57:33,837 [pool-37-thread-1] INFO  impl.RoleInfo (RoleInfo.java:updateAndGet(143)) - 1ad4e210-16ea-448d-9c83-11669c9ee3b6: start FollowerState
2019-09-25 12:57:33,837 [pool-37-thread-1] INFO  util.JmxRegister (JmxRegister.java:tryRegister(44)) - Successfully registered JMX Bean with object name Ratis:service=RaftServer,group=group-5B9ACD1C1A5C,id=1ad4e210-16ea-448d-9c83-11669c9ee3b6
2019-09-25 12:57:33,843 [RatisPipelineUtilsThread] INFO  pipeline.PipelineStateManager (PipelineStateManager.java:addPipeline(56)) - Created pipeline Pipeline[ Id: d0f7e84a-ab0d-4e52-8503-5b9acd1c1a5c, Nodes: 1ad4e210-16ea-448d-9c83-11669c9ee3b6{ip: 192.168.151.73, host: pr-hdds-1569-shd4m-3693607622, networkLocation: /default-rack, certSerialId: null}, Type:RATIS, Factor:ONE, State:OPEN]
2019-09-25 12:57:33,844 [RatisPipelineUtilsThread] INFO  pipeline.PipelinePlacementPolicy (PipelinePlacementPolicy.java:meetCriteria(91)) - Pipeline Placement: can't place more pipeline on heavy datanode： 05c10ba5-9820-4ddb-94b6-a7ebb5af4f34 Heaviness: 6 limit: 5
2019-09-25 12:57:33,852 [grpc-default-executor-0] INFO  impl.RaftServerProxy (RaftServerProxy.java:addNew(89)) - 1ad4e210-16ea-448d-9c83-11669c9ee3b6: addNew group-38AFDD17C99F:[1ad4e210-16ea-448d-9c83-11669c9ee3b6:192.168.151.73:41323] returns group-38AFDD17C99F:java.util.concurrent.CompletableFuture@52933d9b[Not completed]
2019-09-25 12:57:33,854 [pool-37-thread-1] INFO  impl.RaftServerImpl (RaftServerImpl.java:<init>(95)) - 1ad4e210-16ea-448d-9c83-11669c9ee3b6: new RaftServerImpl for group-38AFDD17C99F:[1ad4e210-16ea-448d-9c83-11669c9ee3b6:192.168.151.73:41323] with ContainerStateMachine:uninitialized
2019-09-25 12:57:33,854 [pool-37-thread-1] INFO  server.RaftServerConfigKeys (ConfUtils.java:logGet(43)) - raft.server.rpc.timeout.min = 5s (custom)
2019-09-25 12:57:33,854 [pool-37-thread-1] INFO  server.RaftServerConfigKeys (ConfUtils.java:logGet(43)) - raft.server.rpc.timeout.max = 5200ms (custom)
2019-09-25 12:57:33,854 [pool-37-thread-1] INFO  server.RaftServerConfigKeys (ConfUtils.java:logGet(43)) - raft.server.rpcslowness.timeout = 120s (custom)
2019-09-25 12:57:33,854 [pool-37-thread-1] INFO  server.RaftServerConfigKeys (ConfUtils.java:logGet(43)) - raft.server.sleep.deviation.threshold = 300 (default)
2019-09-25 12:57:33,854 [pool-37-thread-1] INFO  server.RaftServerConfigKeys (ConfUtils.java:logGet(43)) - raft.server.log.appender.install.snapshot.enabled = false (custom)
2019-09-25 12:57:33,854 [pool-37-thread-1] INFO  impl.RaftServerImpl (ServerState.java:<init>(103)) - 1ad4e210-16ea-448d-9c83-11669c9ee3b6@group-38AFDD17C99F: ConfigurationManager, init=-1: [1ad4e210-16ea-448d-9c83-11669c9ee3b6:192.168.151.73:41323], old=null, confs=<EMPTY_MAP>
2019-09-25 12:57:33,854 [pool-37-thread-1] INFO  server.RaftServerConfigKeys (ConfUtils.java:logGet(43)) - raft.server.storage.dir = [/workdir/hadoop-ozone/tools/target/test-dir/MiniOzoneClusterImpl-ca628441-95e6-4ca0-9871-ceda43659e6a/datanode-1/data/ratis] (custom)
2019-09-25 12:57:33,855 [pool-37-thread-1] INFO  storage.RaftStorageDirectory (RaftStorageDirectory.java:analyzeStorage(246)) - The storage directory /workdir/hadoop-ozone/tools/target/test-dir/MiniOzoneClusterImpl-ca628441-95e6-4ca0-9871-ceda43659e6a/datanode-1/data/ratis/6890456d-bf02-4d3b-bd90-38afdd17c99f does not exist. Creating ...
2019-09-25 12:57:33,873 [main] INFO  freon.RandomKeyGenerator (RandomKeyGenerator.java:call(283)) - Number of Threads: 10
2019-09-25 12:57:33,873 [main] INFO  freon.RandomKeyGenerator (RandomKeyGenerator.java:call(288)) - Number of Volumes: 1.
2019-09-25 12:57:33,873 [main] INFO  freon.RandomKeyGenerator (RandomKeyGenerator.java:call(289)) - Number of Buckets per Volume: 1.
2019-09-25 12:57:33,873 [main] INFO  freon.RandomKeyGenerator (RandomKeyGenerator.java:call(290)) - Number of Keys per Bucket: 1.
2019-09-25 12:57:33,874 [main] INFO  freon.RandomKeyGenerator (RandomKeyGenerator.java:call(291)) - Key size: 20971520 bytes
2019-09-25 12:57:33,874 [main] INFO  freon.RandomKeyGenerator (RandomKeyGenerator.java:call(292)) - Buffer size: 4096 bytes
2019-09-25 12:57:33,874 [main] INFO  freon.RandomKeyGenerator (RandomKeyGenerator.java:call(293)) - validateWrites : true
2019-09-25 12:57:33,878 [pool-37-thread-1] INFO  storage.RaftStorageDirectory (RaftStorageDirectory.java:tryLock(328)) - Lock on /workdir/hadoop-ozone/tools/target/test-dir/MiniOzoneClusterImpl-ca628441-95e6-4ca0-9871-ceda43659e6a/datanode-1/data/ratis/6890456d-bf02-4d3b-bd90-38afdd17c99f/in_use.lock acquired by nodename 11947@pr-hdds-1569-shd4m-3693607622
2019-09-25 12:57:33,878 [main] INFO  freon.RandomKeyGenerator (RandomKeyGenerator.java:call(307)) - Data validation is enabled.
2019-09-25 12:57:33,879 [main] INFO  freon.RandomKeyGenerator (RandomKeyGenerator.java:call(313)) - Starting progress bar Thread.

 0.00% |█                                                                                                    |  0/1 Time: 0:00:002019-09-25 12:57:33,899 [pool-37-thread-1] INFO  storage.RaftStorage (RaftStorage.java:format(72)) - Storage directory /workdir/hadoop-ozone/tools/target/test-dir/MiniOzoneClusterImpl-ca628441-95e6-4ca0-9871-ceda43659e6a/datanode-1/data/ratis/6890456d-bf02-4d3b-bd90-38afdd17c99f has been successfully formatted.
2019-09-25 12:57:33,900 [pool-37-thread-1] INFO  ratis.ContainerStateMachine (ContainerStateMachine.java:loadSnapshot(230)) - group-38AFDD17C99F: The snapshot info is null. Setting the last applied indexto:(t:0, i:~)
2019-09-25 12:57:33,900 [pool-37-thread-1] INFO  server.RaftServerConfigKeys (ConfUtils.java:logGet(43)) - raft.server.notification.no-leader.timeout = 120s (custom)
2019-09-25 12:57:33,901 [pool-37-thread-1] INFO  server.RaftServerConfigKeys (ConfUtils.java:logGet(43)) - raft.server.log.use.memory = false (default)
2019-09-25 12:57:33,901 [pool-37-thread-1] INFO  server.RaftServerConfigKeys (ConfUtils.java:logGet(43)) - raft.server.log.purge.gap = 1000000 (custom)
2019-09-25 12:57:33,901 [pool-37-thread-1] INFO  server.RaftServerConfigKeys (ConfUtils.java:logGet(43)) - raft.server.log.appender.buffer.byte-limit = 33554432 (custom)
2019-09-25 12:57:33,901 [pool-37-thread-1] INFO  server.RaftServerConfigKeys (ConfUtils.java:logGet(43)) - raft.server.log.segment.size.max = 1048576 (custom)
2019-09-25 12:57:33,901 [pool-37-thread-1] INFO  server.RaftServerConfigKeys (ConfUtils.java:logGet(43)) - raft.server.log.segment.cache.num.max = 2 (custom)
2019-09-25 12:57:33,902 [pool-37-thread-1] INFO  segmented.SegmentedRaftLogWorker (SegmentedRaftLogWorker.java:<init>(172)) - new 1ad4e210-16ea-448d-9c83-11669c9ee3b6@group-38AFDD17C99F-SegmentedRaftLogWorker for RaftStorage:Storage Directory /workdir/hadoop-ozone/tools/target/test-dir/MiniOzoneClusterImpl-ca628441-95e6-4ca0-9871-ceda43659e6a/datanode-1/data/ratis/6890456d-bf02-4d3b-bd90-38afdd17c99f
2019-09-25 12:57:33,902 [pool-37-thread-1] INFO  server.RaftServerConfigKeys (ConfUtils.java:logGet(43)) - raft.server.log.queue.byte-limit = 2147483647 (custom)
2019-09-25 12:57:33,902 [pool-37-thread-1] INFO  server.RaftServerConfigKeys (ConfUtils.java:logGet(43)) - raft.server.log.queue.element-limit = 1024 (custom)
2019-09-25 12:57:33,902 [pool-37-thread-1] INFO  server.RaftServerConfigKeys (ConfUtils.java:logGet(43)) - raft.server.log.segment.size.max = 1048576 (custom)
2019-09-25 12:57:33,902 [pool-37-thread-1] INFO  server.RaftServerConfigKeys (ConfUtils.java:logGet(43)) - raft.server.log.preallocated.size = 16384 (custom)
2019-09-25 12:57:33,902 [pool-37-thread-1] INFO  server.RaftServerConfigKeys (ConfUtils.java:logGet(43)) - raft.server.log.write.buffer.size = 33554432 (custom)
2019-09-25 12:57:33,903 [pool-37-thread-1] INFO  server.RaftServerConfigKeys (ConfUtils.java:logGet(43)) - raft.server.log.force.sync.num = 128 (default)
2019-09-25 12:57:33,903 [pool-37-thread-1] INFO  server.RaftServerConfigKeys (ConfUtils.java:logGet(43)) - raft.server.log.statemachine.data.sync = true (default)
2019-09-25 12:57:33,903 [pool-37-thread-1] INFO  server.RaftServerConfigKeys (ConfUtils.java:logGet(43)) - raft.server.log.statemachine.data.sync.timeout = 10s (default)
2019-09-25 12:57:33,903 [pool-37-thread-1] INFO  server.RaftServerConfigKeys (ConfUtils.java:logGet(43)) - raft.server.log.statemachine.data.sync.timeout.retry = -1 (default)
2019-09-25 12:57:33,923 [pool-37-thread-1] INFO  server.RaftServerConfigKeys (ConfUtils.java:logGet(43)) - raft.server.log.statemachine.data.caching.enabled = true (custom)
2019-09-25 12:57:33,924 [pool-37-thread-1] INFO  segmented.SegmentedRaftLogWorker (SegmentedRaftLogWorker.java:lambda$new$0(132)) - 1ad4e210-16ea-448d-9c83-11669c9ee3b6@group-38AFDD17C99F-SegmentedRaftLogWorker: flushIndex: setUnconditionally 0 -> -1
2019-09-25 12:57:33,925 [pool-37-thread-1] INFO  server.RaftServerConfigKeys (ConfUtils.java:logGet(43)) - raft.server.snapshot.auto.trigger.enabled = true (custom)
2019-09-25 12:57:33,925 [pool-37-thread-1] INFO  server.RaftServerConfigKeys (ConfUtils.java:logGet(43)) - raft.server.snapshot.auto.trigger.threshold = 10000 (custom)
2019-09-25 12:57:33,925 [pool-37-thread-1] INFO  server.RaftServerConfigKeys (ConfUtils.java:logGet(43)) - raft.server.snapshot.retention.num.files = 5 (custom)
2019-09-25 12:57:33,925 [pool-37-thread-1] INFO  server.RaftServerConfigKeys (ConfUtils.java:logGet(43)) - raft.server.retrycache.expirytime = 600000ms (custom)
2019-09-25 12:57:33,929 [pool-37-thread-1] INFO  impl.RaftServerImpl (RaftServerImpl.java:start(185)) - 1ad4e210-16ea-448d-9c83-11669c9ee3b6@group-38AFDD17C99F: start as a follower, conf=-1: [1ad4e210-16ea-448d-9c83-11669c9ee3b6:192.168.151.73:41323], old=null
2019-09-25 12:57:33,929 [pool-37-thread-1] INFO  impl.RaftServerImpl (RaftServerImpl.java:setRole(174)) - 1ad4e210-16ea-448d-9c83-11669c9ee3b6@group-38AFDD17C99F: changes role from      null to FOLLOWER at term 0 for startAsFollower
2019-09-25 12:57:33,929 [pool-37-thread-1] INFO  impl.RoleInfo (RoleInfo.java:updateAndGet(143)) - 1ad4e210-16ea-448d-9c83-11669c9ee3b6: start FollowerState
2019-09-25 12:57:33,930 [pool-37-thread-1] INFO  util.JmxRegister (JmxRegister.java:tryRegister(44)) - Successfully registered JMX Bean with object name Ratis:service=RaftServer,group=group-38AFDD17C99F,id=1ad4e210-16ea-448d-9c83-11669c9ee3b6
2019-09-25 12:57:33,938 [RatisPipelineUtilsThread] INFO  pipeline.PipelineStateManager (PipelineStateManager.java:addPipeline(56)) - Created pipeline Pipeline[ Id: 6890456d-bf02-4d3b-bd90-38afdd17c99f, Nodes: 1ad4e210-16ea-448d-9c83-11669c9ee3b6{ip: 192.168.151.73, host: pr-hdds-1569-shd4m-3693607622, networkLocation: /default-rack, certSerialId: null}, Type:RATIS, Factor:ONE, State:OPEN]
2019-09-25 12:57:33,938 [RatisPipelineUtilsThread] INFO  pipeline.PipelinePlacementPolicy (PipelinePlacementPolicy.java:meetCriteria(91)) - Pipeline Placement: can't place more pipeline on heavy datanode： 05c10ba5-9820-4ddb-94b6-a7ebb5af4f34 Heaviness: 6 limit: 5
2019-09-25 12:57:33,939 [RatisPipelineUtilsThread] INFO  pipeline.PipelinePlacementPolicy (PipelinePlacementPolicy.java:meetCriteria(91)) - Pipeline Placement: can't place more pipeline on heavy datanode： 1ad4e210-16ea-448d-9c83-11669c9ee3b6 Heaviness: 6 limit: 5
2019-09-25 12:57:33,939 [pool-73-thread-1] INFO  rpc.RpcClient (RpcClient.java:createVolume(276)) - Creating Volume: vol-0-39656, with jenkins1000 as owner.
2019-09-25 12:57:33,947 [grpc-default-executor-0] INFO  impl.RaftServerProxy (RaftServerProxy.java:addNew(89)) - d60bfa88-4f5c-40e2-9e6f-04cdce80ae19: addNew group-5111F9F507B4:[d60bfa88-4f5c-40e2-9e6f-04cdce80ae19:192.168.151.73:42001] returns group-5111F9F507B4:java.util.concurrent.CompletableFuture@7b9d6e22[Not completed]
2019-09-25 12:57:33,949 [pool-57-thread-1] INFO  impl.RaftServerImpl (RaftServerImpl.java:<init>(95)) - d60bfa88-4f5c-40e2-9e6f-04cdce80ae19: new RaftServerImpl for group-5111F9F507B4:[d60bfa88-4f5c-40e2-9e6f-04cdce80ae19:192.168.151.73:42001] with ContainerStateMachine:uninitialized
2019-09-25 12:57:33,949 [pool-57-thread-1] INFO  server.RaftServerConfigKeys (ConfUtils.java:logGet(43)) - raft.server.rpc.timeout.min = 5s (custom)
2019-09-25 12:57:33,949 [pool-57-thread-1] INFO  server.RaftServerConfigKeys (ConfUtils.java:logGet(43)) - raft.server.rpc.timeout.max = 5200ms (custom)
2019-09-25 12:57:33,949 [pool-57-thread-1] INFO  server.RaftServerConfigKeys (ConfUtils.java:logGet(43)) - raft.server.rpcslowness.timeout = 120s (custom)
2019-09-25 12:57:33,950 [pool-57-thread-1] INFO  server.RaftServerConfigKeys (ConfUtils.java:logGet(43)) - raft.server.sleep.deviation.threshold = 300 (default)
2019-09-25 12:57:33,950 [pool-57-thread-1] INFO  server.RaftServerConfigKeys (ConfUtils.java:logGet(43)) - raft.server.log.appender.install.snapshot.enabled = false (custom)
2019-09-25 12:57:33,951 [pool-57-thread-1] INFO  impl.RaftServerImpl (ServerState.java:<init>(103)) - d60bfa88-4f5c-40e2-9e6f-04cdce80ae19@group-5111F9F507B4: ConfigurationManager, init=-1: [d60bfa88-4f5c-40e2-9e6f-04cdce80ae19:192.168.151.73:42001], old=null, confs=<EMPTY_MAP>
2019-09-25 12:57:33,951 [pool-57-thread-1] INFO  server.RaftServerConfigKeys (ConfUtils.java:logGet(43)) - raft.server.storage.dir = [/workdir/hadoop-ozone/tools/target/test-dir/MiniOzoneClusterImpl-ca628441-95e6-4ca0-9871-ceda43659e6a/datanode-3/data/ratis] (custom)
2019-09-25 12:57:33,952 [pool-57-thread-1] INFO  storage.RaftStorageDirectory (RaftStorageDirectory.java:analyzeStorage(246)) - The storage directory /workdir/hadoop-ozone/tools/target/test-dir/MiniOzoneClusterImpl-ca628441-95e6-4ca0-9871-ceda43659e6a/datanode-3/data/ratis/2ce81b34-49ec-4043-ab09-5111f9f507b4 does not exist. Creating ...
2019-09-25 12:57:33,967 [pool-57-thread-1] INFO  storage.RaftStorageDirectory (RaftStorageDirectory.java:tryLock(328)) - Lock on /workdir/hadoop-ozone/tools/target/test-dir/MiniOzoneClusterImpl-ca628441-95e6-4ca0-9871-ceda43659e6a/datanode-3/data/ratis/2ce81b34-49ec-4043-ab09-5111f9f507b4/in_use.lock acquired by nodename 11947@pr-hdds-1569-shd4m-3693607622
2019-09-25 12:57:34,012 [pool-57-thread-1] INFO  storage.RaftStorage (RaftStorage.java:format(72)) - Storage directory /workdir/hadoop-ozone/tools/target/test-dir/MiniOzoneClusterImpl-ca628441-95e6-4ca0-9871-ceda43659e6a/datanode-3/data/ratis/2ce81b34-49ec-4043-ab09-5111f9f507b4 has been successfully formatted.
2019-09-25 12:57:34,013 [pool-57-thread-1] INFO  ratis.ContainerStateMachine (ContainerStateMachine.java:loadSnapshot(230)) - group-5111F9F507B4: The snapshot info is null. Setting the last applied indexto:(t:0, i:~)
2019-09-25 12:57:34,013 [pool-57-thread-1] INFO  server.RaftServerConfigKeys (ConfUtils.java:logGet(43)) - raft.server.notification.no-leader.timeout = 120s (custom)
2019-09-25 12:57:34,013 [pool-57-thread-1] INFO  server.RaftServerConfigKeys (ConfUtils.java:logGet(43)) - raft.server.log.use.memory = false (default)
2019-09-25 12:57:34,013 [pool-57-thread-1] INFO  server.RaftServerConfigKeys (ConfUtils.java:logGet(43)) - raft.server.log.purge.gap = 1000000 (custom)
2019-09-25 12:57:34,013 [pool-57-thread-1] INFO  server.RaftServerConfigKeys (ConfUtils.java:logGet(43)) - raft.server.log.appender.buffer.byte-limit = 33554432 (custom)
2019-09-25 12:57:34,013 [pool-57-thread-1] INFO  server.RaftServerConfigKeys (ConfUtils.java:logGet(43)) - raft.server.log.segment.size.max = 1048576 (custom)
2019-09-25 12:57:34,014 [pool-57-thread-1] INFO  server.RaftServerConfigKeys (ConfUtils.java:logGet(43)) - raft.server.log.segment.cache.num.max = 2 (custom)
2019-09-25 12:57:34,014 [pool-57-thread-1] INFO  segmented.SegmentedRaftLogWorker (SegmentedRaftLogWorker.java:<init>(172)) - new d60bfa88-4f5c-40e2-9e6f-04cdce80ae19@group-5111F9F507B4-SegmentedRaftLogWorker for RaftStorage:Storage Directory /workdir/hadoop-ozone/tools/target/test-dir/MiniOzoneClusterImpl-ca628441-95e6-4ca0-9871-ceda43659e6a/datanode-3/data/ratis/2ce81b34-49ec-4043-ab09-5111f9f507b4
2019-09-25 12:57:34,014 [pool-57-thread-1] INFO  server.RaftServerConfigKeys (ConfUtils.java:logGet(43)) - raft.server.log.queue.byte-limit = 2147483647 (custom)
2019-09-25 12:57:34,014 [pool-57-thread-1] INFO  server.RaftServerConfigKeys (ConfUtils.java:logGet(43)) - raft.server.log.queue.element-limit = 1024 (custom)
2019-09-25 12:57:34,014 [pool-57-thread-1] INFO  server.RaftServerConfigKeys (ConfUtils.java:logGet(43)) - raft.server.log.segment.size.max = 1048576 (custom)
2019-09-25 12:57:34,014 [pool-57-thread-1] INFO  server.RaftServerConfigKeys (ConfUtils.java:logGet(43)) - raft.server.log.preallocated.size = 16384 (custom)
2019-09-25 12:57:34,014 [pool-57-thread-1] INFO  server.RaftServerConfigKeys (ConfUtils.java:logGet(43)) - raft.server.log.write.buffer.size = 33554432 (custom)
2019-09-25 12:57:34,014 [pool-57-thread-1] INFO  server.RaftServerConfigKeys (ConfUtils.java:logGet(43)) - raft.server.log.force.sync.num = 128 (default)
2019-09-25 12:57:34,014 [pool-57-thread-1] INFO  server.RaftServerConfigKeys (ConfUtils.java:logGet(43)) - raft.server.log.statemachine.data.sync = true (default)
2019-09-25 12:57:34,015 [pool-57-thread-1] INFO  server.RaftServerConfigKeys (ConfUtils.java:logGet(43)) - raft.server.log.statemachine.data.sync.timeout = 10s (default)
2019-09-25 12:57:34,015 [pool-57-thread-1] INFO  server.RaftServerConfigKeys (ConfUtils.java:logGet(43)) - raft.server.log.statemachine.data.sync.timeout.retry = -1 (default)
2019-09-25 12:57:34,015 [pool-57-thread-1] INFO  server.RaftServerConfigKeys (ConfUtils.java:logGet(43)) - raft.server.log.statemachine.data.caching.enabled = true (custom)
2019-09-25 12:57:34,015 [pool-57-thread-1] INFO  segmented.SegmentedRaftLogWorker (SegmentedRaftLogWorker.java:lambda$new$0(132)) - d60bfa88-4f5c-40e2-9e6f-04cdce80ae19@group-5111F9F507B4-SegmentedRaftLogWorker: flushIndex: setUnconditionally 0 -> -1
2019-09-25 12:57:34,017 [pool-57-thread-1] INFO  server.RaftServerConfigKeys (ConfUtils.java:logGet(43)) - raft.server.snapshot.auto.trigger.enabled = true (custom)
2019-09-25 12:57:34,017 [pool-57-thread-1] INFO  server.RaftServerConfigKeys (ConfUtils.java:logGet(43)) - raft.server.snapshot.auto.trigger.threshold = 10000 (custom)
2019-09-25 12:57:34,017 [pool-57-thread-1] INFO  server.RaftServerConfigKeys (ConfUtils.java:logGet(43)) - raft.server.snapshot.retention.num.files = 5 (custom)
2019-09-25 12:57:34,017 [pool-57-thread-1] INFO  server.RaftServerConfigKeys (ConfUtils.java:logGet(43)) - raft.server.retrycache.expirytime = 600000ms (custom)
2019-09-25 12:57:34,020 [pool-57-thread-1] INFO  impl.RaftServerImpl (RaftServerImpl.java:start(185)) - d60bfa88-4f5c-40e2-9e6f-04cdce80ae19@group-5111F9F507B4: start as a follower, conf=-1: [d60bfa88-4f5c-40e2-9e6f-04cdce80ae19:192.168.151.73:42001], old=null
2019-09-25 12:57:34,020 [pool-57-thread-1] INFO  impl.RaftServerImpl (RaftServerImpl.java:setRole(174)) - d60bfa88-4f5c-40e2-9e6f-04cdce80ae19@group-5111F9F507B4: changes role from      null to FOLLOWER at term 0 for startAsFollower
2019-09-25 12:57:34,020 [pool-57-thread-1] INFO  impl.RoleInfo (RoleInfo.java:updateAndGet(143)) - d60bfa88-4f5c-40e2-9e6f-04cdce80ae19: start FollowerState
2019-09-25 12:57:34,021 [pool-57-thread-1] INFO  util.JmxRegister (JmxRegister.java:tryRegister(44)) - Successfully registered JMX Bean with object name Ratis:service=RaftServer,group=group-5111F9F507B4,id=d60bfa88-4f5c-40e2-9e6f-04cdce80ae19
2019-09-25 12:57:34,026 [RatisPipelineUtilsThread] INFO  pipeline.PipelineStateManager (PipelineStateManager.java:addPipeline(56)) - Created pipeline Pipeline[ Id: 2ce81b34-49ec-4043-ab09-5111f9f507b4, Nodes: d60bfa88-4f5c-40e2-9e6f-04cdce80ae19{ip: 192.168.151.73, host: pr-hdds-1569-shd4m-3693607622, networkLocation: /default-rack, certSerialId: null}, Type:RATIS, Factor:ONE, State:OPEN]
2019-09-25 12:57:34,027 [RatisPipelineUtilsThread] INFO  pipeline.PipelinePlacementPolicy (PipelinePlacementPolicy.java:meetCriteria(91)) - Pipeline Placement: can't place more pipeline on heavy datanode： 05c10ba5-9820-4ddb-94b6-a7ebb5af4f34 Heaviness: 6 limit: 5
2019-09-25 12:57:34,027 [RatisPipelineUtilsThread] INFO  pipeline.PipelinePlacementPolicy (PipelinePlacementPolicy.java:meetCriteria(91)) - Pipeline Placement: can't place more pipeline on heavy datanode： 1ad4e210-16ea-448d-9c83-11669c9ee3b6 Heaviness: 6 limit: 5
2019-09-25 12:57:34,036 [IPC Server handler 0 on 35361] INFO  volume.OMVolumeCreateRequest (OMVolumeCreateRequest.java:validateAndUpdateCache(189)) - created volume:vol-0-39656 for user:jenkins1000
2019-09-25 12:57:34,038 [grpc-default-executor-0] INFO  impl.RaftServerProxy (RaftServerProxy.java:addNew(89)) - 548f63c1-ecb3-4338-9923-ba2d46dbaf7d: addNew group-FB23461FCDA0:[548f63c1-ecb3-4338-9923-ba2d46dbaf7d:192.168.151.73:44083] returns group-FB23461FCDA0:java.util.concurrent.CompletableFuture@cc291a7[Not completed]
2019-09-25 12:57:34,040 [pool-47-thread-1] INFO  impl.RaftServerImpl (RaftServerImpl.java:<init>(95)) - 548f63c1-ecb3-4338-9923-ba2d46dbaf7d: new RaftServerImpl for group-FB23461FCDA0:[548f63c1-ecb3-4338-9923-ba2d46dbaf7d:192.168.151.73:44083] with ContainerStateMachine:uninitialized
2019-09-25 12:57:34,040 [pool-47-thread-1] INFO  server.RaftServerConfigKeys (ConfUtils.java:logGet(43)) - raft.server.rpc.timeout.min = 5s (custom)
2019-09-25 12:57:34,040 [pool-47-thread-1] INFO  server.RaftServerConfigKeys (ConfUtils.java:logGet(43)) - raft.server.rpc.timeout.max = 5200ms (custom)
2019-09-25 12:57:34,041 [pool-47-thread-1] INFO  server.RaftServerConfigKeys (ConfUtils.java:logGet(43)) - raft.server.rpcslowness.timeout = 120s (custom)
2019-09-25 12:57:34,041 [pool-47-thread-1] INFO  server.RaftServerConfigKeys (ConfUtils.java:logGet(43)) - raft.server.sleep.deviation.threshold = 300 (default)
2019-09-25 12:57:34,041 [pool-47-thread-1] INFO  server.RaftServerConfigKeys (ConfUtils.java:logGet(43)) - raft.server.log.appender.install.snapshot.enabled = false (custom)
2019-09-25 12:57:34,041 [pool-47-thread-1] INFO  impl.RaftServerImpl (ServerState.java:<init>(103)) - 548f63c1-ecb3-4338-9923-ba2d46dbaf7d@group-FB23461FCDA0: ConfigurationManager, init=-1: [548f63c1-ecb3-4338-9923-ba2d46dbaf7d:192.168.151.73:44083], old=null, confs=<EMPTY_MAP>
2019-09-25 12:57:34,041 [pool-47-thread-1] INFO  server.RaftServerConfigKeys (ConfUtils.java:logGet(43)) - raft.server.storage.dir = [/workdir/hadoop-ozone/tools/target/test-dir/MiniOzoneClusterImpl-ca628441-95e6-4ca0-9871-ceda43659e6a/datanode-2/data/ratis] (custom)
2019-09-25 12:57:34,042 [pool-47-thread-1] INFO  storage.RaftStorageDirectory (RaftStorageDirectory.java:analyzeStorage(246)) - The storage directory /workdir/hadoop-ozone/tools/target/test-dir/MiniOzoneClusterImpl-ca628441-95e6-4ca0-9871-ceda43659e6a/datanode-2/data/ratis/9661b42c-77ce-462c-84e1-fb23461fcda0 does not exist. Creating ...
2019-09-25 12:57:34,048 [pool-47-thread-1] INFO  storage.RaftStorageDirectory (RaftStorageDirectory.java:tryLock(328)) - Lock on /workdir/hadoop-ozone/tools/target/test-dir/MiniOzoneClusterImpl-ca628441-95e6-4ca0-9871-ceda43659e6a/datanode-2/data/ratis/9661b42c-77ce-462c-84e1-fb23461fcda0/in_use.lock acquired by nodename 11947@pr-hdds-1569-shd4m-3693607622
2019-09-25 12:57:34,062 [pool-47-thread-1] INFO  storage.RaftStorage (RaftStorage.java:format(72)) - Storage directory /workdir/hadoop-ozone/tools/target/test-dir/MiniOzoneClusterImpl-ca628441-95e6-4ca0-9871-ceda43659e6a/datanode-2/data/ratis/9661b42c-77ce-462c-84e1-fb23461fcda0 has been successfully formatted.
2019-09-25 12:57:34,063 [pool-47-thread-1] INFO  ratis.ContainerStateMachine (ContainerStateMachine.java:loadSnapshot(230)) - group-FB23461FCDA0: The snapshot info is null. Setting the last applied indexto:(t:0, i:~)
2019-09-25 12:57:34,063 [pool-47-thread-1] INFO  server.RaftServerConfigKeys (ConfUtils.java:logGet(43)) - raft.server.notification.no-leader.timeout = 120s (custom)
2019-09-25 12:57:34,063 [pool-47-thread-1] INFO  server.RaftServerConfigKeys (ConfUtils.java:logGet(43)) - raft.server.log.use.memory = false (default)
2019-09-25 12:57:34,064 [pool-47-thread-1] INFO  server.RaftServerConfigKeys (ConfUtils.java:logGet(43)) - raft.server.log.purge.gap = 1000000 (custom)
2019-09-25 12:57:34,064 [pool-47-thread-1] INFO  server.RaftServerConfigKeys (ConfUtils.java:logGet(43)) - raft.server.log.appender.buffer.byte-limit = 33554432 (custom)
2019-09-25 12:57:34,064 [pool-47-thread-1] INFO  server.RaftServerConfigKeys (ConfUtils.java:logGet(43)) - raft.server.log.segment.size.max = 1048576 (custom)
2019-09-25 12:57:34,064 [pool-47-thread-1] INFO  server.RaftServerConfigKeys (ConfUtils.java:logGet(43)) - raft.server.log.segment.cache.num.max = 2 (custom)
2019-09-25 12:57:34,065 [pool-47-thread-1] INFO  segmented.SegmentedRaftLogWorker (SegmentedRaftLogWorker.java:<init>(172)) - new 548f63c1-ecb3-4338-9923-ba2d46dbaf7d@group-FB23461FCDA0-SegmentedRaftLogWorker for RaftStorage:Storage Directory /workdir/hadoop-ozone/tools/target/test-dir/MiniOzoneClusterImpl-ca628441-95e6-4ca0-9871-ceda43659e6a/datanode-2/data/ratis/9661b42c-77ce-462c-84e1-fb23461fcda0
2019-09-25 12:57:34,065 [pool-47-thread-1] INFO  server.RaftServerConfigKeys (ConfUtils.java:logGet(43)) - raft.server.log.queue.byte-limit = 2147483647 (custom)
2019-09-25 12:57:34,065 [pool-47-thread-1] INFO  server.RaftServerConfigKeys (ConfUtils.java:logGet(43)) - raft.server.log.queue.element-limit = 1024 (custom)
2019-09-25 12:57:34,065 [pool-47-thread-1] INFO  server.RaftServerConfigKeys (ConfUtils.java:logGet(43)) - raft.server.log.segment.size.max = 1048576 (custom)
2019-09-25 12:57:34,065 [pool-47-thread-1] INFO  server.RaftServerConfigKeys (ConfUtils.java:logGet(43)) - raft.server.log.preallocated.size = 16384 (custom)
2019-09-25 12:57:34,065 [pool-47-thread-1] INFO  server.RaftServerConfigKeys (ConfUtils.java:logGet(43)) - raft.server.log.write.buffer.size = 33554432 (custom)
2019-09-25 12:57:34,065 [pool-47-thread-1] INFO  server.RaftServerConfigKeys (ConfUtils.java:logGet(43)) - raft.server.log.force.sync.num = 128 (default)
2019-09-25 12:57:34,066 [pool-47-thread-1] INFO  server.RaftServerConfigKeys (ConfUtils.java:logGet(43)) - raft.server.log.statemachine.data.sync = true (default)
2019-09-25 12:57:34,066 [pool-47-thread-1] INFO  server.RaftServerConfigKeys (ConfUtils.java:logGet(43)) - raft.server.log.statemachine.data.sync.timeout = 10s (default)
2019-09-25 12:57:34,067 [pool-47-thread-1] INFO  server.RaftServerConfigKeys (ConfUtils.java:logGet(43)) - raft.server.log.statemachine.data.sync.timeout.retry = -1 (default)
2019-09-25 12:57:34,068 [pool-47-thread-1] INFO  server.RaftServerConfigKeys (ConfUtils.java:logGet(43)) - raft.server.log.statemachine.data.caching.enabled = true (custom)
2019-09-25 12:57:34,068 [pool-47-thread-1] INFO  segmented.SegmentedRaftLogWorker (SegmentedRaftLogWorker.java:lambda$new$0(132)) - 548f63c1-ecb3-4338-9923-ba2d46dbaf7d@group-FB23461FCDA0-SegmentedRaftLogWorker: flushIndex: setUnconditionally 0 -> -1
2019-09-25 12:57:34,068 [pool-47-thread-1] INFO  server.RaftServerConfigKeys (ConfUtils.java:logGet(43)) - raft.server.snapshot.auto.trigger.enabled = true (custom)
2019-09-25 12:57:34,068 [pool-47-thread-1] INFO  server.RaftServerConfigKeys (ConfUtils.java:logGet(43)) - raft.server.snapshot.auto.trigger.threshold = 10000 (custom)
2019-09-25 12:57:34,068 [pool-47-thread-1] INFO  server.RaftServerConfigKeys (ConfUtils.java:logGet(43)) - raft.server.snapshot.retention.num.files = 5 (custom)
2019-09-25 12:57:34,068 [pool-47-thread-1] INFO  server.RaftServerConfigKeys (ConfUtils.java:logGet(43)) - raft.server.retrycache.expirytime = 600000ms (custom)
2019-09-25 12:57:34,070 [pool-47-thread-1] INFO  impl.RaftServerImpl (RaftServerImpl.java:start(185)) - 548f63c1-ecb3-4338-9923-ba2d46dbaf7d@group-FB23461FCDA0: start as a follower, conf=-1: [548f63c1-ecb3-4338-9923-ba2d46dbaf7d:192.168.151.73:44083], old=null
2019-09-25 12:57:34,071 [pool-47-thread-1] INFO  impl.RaftServerImpl (RaftServerImpl.java:setRole(174)) - 548f63c1-ecb3-4338-9923-ba2d46dbaf7d@group-FB23461FCDA0: changes role from      null to FOLLOWER at term 0 for startAsFollower
2019-09-25 12:57:34,071 [pool-47-thread-1] INFO  impl.RoleInfo (RoleInfo.java:updateAndGet(143)) - 548f63c1-ecb3-4338-9923-ba2d46dbaf7d: start FollowerState
2019-09-25 12:57:34,071 [pool-47-thread-1] INFO  util.JmxRegister (JmxRegister.java:tryRegister(44)) - Successfully registered JMX Bean with object name Ratis:service=RaftServer,group=group-FB23461FCDA0,id=548f63c1-ecb3-4338-9923-ba2d46dbaf7d
2019-09-25 12:57:34,075 [RatisPipelineUtilsThread] INFO  pipeline.PipelineStateManager (PipelineStateManager.java:addPipeline(56)) - Created pipeline Pipeline[ Id: 9661b42c-77ce-462c-84e1-fb23461fcda0, Nodes: 548f63c1-ecb3-4338-9923-ba2d46dbaf7d{ip: 192.168.151.73, host: pr-hdds-1569-shd4m-3693607622, networkLocation: /default-rack, certSerialId: null}, Type:RATIS, Factor:ONE, State:OPEN]
2019-09-25 12:57:34,076 [RatisPipelineUtilsThread] INFO  pipeline.PipelinePlacementPolicy (PipelinePlacementPolicy.java:meetCriteria(91)) - Pipeline Placement: can't place more pipeline on heavy datanode： 05c10ba5-9820-4ddb-94b6-a7ebb5af4f34 Heaviness: 6 limit: 5
2019-09-25 12:57:34,076 [RatisPipelineUtilsThread] INFO  pipeline.PipelinePlacementPolicy (PipelinePlacementPolicy.java:meetCriteria(91)) - Pipeline Placement: can't place more pipeline on heavy datanode： 1ad4e210-16ea-448d-9c83-11669c9ee3b6 Heaviness: 6 limit: 5
2019-09-25 12:57:34,081 [pool-73-thread-2] INFO  rpc.RpcClient (RpcClient.java:createBucket(415)) - Creating Bucket: vol-0-39656/bucket-0-00329, with Versioning false and Storage Type set to DISK and Encryption set to false 
2019-09-25 12:57:34,098 [grpc-default-executor-0] INFO  impl.RaftServerProxy (RaftServerProxy.java:addNew(89)) - 548f63c1-ecb3-4338-9923-ba2d46dbaf7d: addNew group-FA142A712691:[548f63c1-ecb3-4338-9923-ba2d46dbaf7d:192.168.151.73:44083] returns group-FA142A712691:java.util.concurrent.CompletableFuture@2d561b23[Not completed]
2019-09-25 12:57:34,101 [pool-47-thread-1] INFO  impl.RaftServerImpl (RaftServerImpl.java:<init>(95)) - 548f63c1-ecb3-4338-9923-ba2d46dbaf7d: new RaftServerImpl for group-FA142A712691:[548f63c1-ecb3-4338-9923-ba2d46dbaf7d:192.168.151.73:44083] with ContainerStateMachine:uninitialized
2019-09-25 12:57:34,101 [pool-47-thread-1] INFO  server.RaftServerConfigKeys (ConfUtils.java:logGet(43)) - raft.server.rpc.timeout.min = 5s (custom)
2019-09-25 12:57:34,101 [pool-47-thread-1] INFO  server.RaftServerConfigKeys (ConfUtils.java:logGet(43)) - raft.server.rpc.timeout.max = 5200ms (custom)
2019-09-25 12:57:34,101 [pool-47-thread-1] INFO  server.RaftServerConfigKeys (ConfUtils.java:logGet(43)) - raft.server.rpcslowness.timeout = 120s (custom)
2019-09-25 12:57:34,101 [pool-47-thread-1] INFO  server.RaftServerConfigKeys (ConfUtils.java:logGet(43)) - raft.server.sleep.deviation.threshold = 300 (default)
2019-09-25 12:57:34,101 [pool-47-thread-1] INFO  server.RaftServerConfigKeys (ConfUtils.java:logGet(43)) - raft.server.log.appender.install.snapshot.enabled = false (custom)
2019-09-25 12:57:34,101 [pool-47-thread-1] INFO  impl.RaftServerImpl (ServerState.java:<init>(103)) - 548f63c1-ecb3-4338-9923-ba2d46dbaf7d@group-FA142A712691: ConfigurationManager, init=-1: [548f63c1-ecb3-4338-9923-ba2d46dbaf7d:192.168.151.73:44083], old=null, confs=<EMPTY_MAP>
2019-09-25 12:57:34,102 [pool-47-thread-1] INFO  server.RaftServerConfigKeys (ConfUtils.java:logGet(43)) - raft.server.storage.dir = [/workdir/hadoop-ozone/tools/target/test-dir/MiniOzoneClusterImpl-ca628441-95e6-4ca0-9871-ceda43659e6a/datanode-2/data/ratis] (custom)
2019-09-25 12:57:34,102 [pool-47-thread-1] INFO  storage.RaftStorageDirectory (RaftStorageDirectory.java:analyzeStorage(246)) - The storage directory /workdir/hadoop-ozone/tools/target/test-dir/MiniOzoneClusterImpl-ca628441-95e6-4ca0-9871-ceda43659e6a/datanode-2/data/ratis/d8f32cef-5edf-4c93-8bde-fa142a712691 does not exist. Creating ...
2019-09-25 12:57:34,444 [pool-47-thread-1] INFO  storage.RaftStorageDirectory (RaftStorageDirectory.java:tryLock(328)) - Lock on /workdir/hadoop-ozone/tools/target/test-dir/MiniOzoneClusterImpl-ca628441-95e6-4ca0-9871-ceda43659e6a/datanode-2/data/ratis/d8f32cef-5edf-4c93-8bde-fa142a712691/in_use.lock acquired by nodename 11947@pr-hdds-1569-shd4m-3693607622
2019-09-25 12:57:34,472 [pool-47-thread-1] INFO  storage.RaftStorage (RaftStorage.java:format(72)) - Storage directory /workdir/hadoop-ozone/tools/target/test-dir/MiniOzoneClusterImpl-ca628441-95e6-4ca0-9871-ceda43659e6a/datanode-2/data/ratis/d8f32cef-5edf-4c93-8bde-fa142a712691 has been successfully formatted.
2019-09-25 12:57:34,473 [pool-47-thread-1] INFO  ratis.ContainerStateMachine (ContainerStateMachine.java:loadSnapshot(230)) - group-FA142A712691: The snapshot info is null. Setting the last applied indexto:(t:0, i:~)
2019-09-25 12:57:34,473 [pool-47-thread-1] INFO  server.RaftServerConfigKeys (ConfUtils.java:logGet(43)) - raft.server.notification.no-leader.timeout = 120s (custom)
2019-09-25 12:57:34,473 [pool-47-thread-1] INFO  server.RaftServerConfigKeys (ConfUtils.java:logGet(43)) - raft.server.log.use.memory = false (default)
2019-09-25 12:57:34,473 [pool-47-thread-1] INFO  server.RaftServerConfigKeys (ConfUtils.java:logGet(43)) - raft.server.log.purge.gap = 1000000 (custom)
2019-09-25 12:57:34,474 [pool-47-thread-1] INFO  server.RaftServerConfigKeys (ConfUtils.java:logGet(43)) - raft.server.log.appender.buffer.byte-limit = 33554432 (custom)
2019-09-25 12:57:34,474 [pool-47-thread-1] INFO  server.RaftServerConfigKeys (ConfUtils.java:logGet(43)) - raft.server.log.segment.size.max = 1048576 (custom)
2019-09-25 12:57:34,474 [pool-47-thread-1] INFO  server.RaftServerConfigKeys (ConfUtils.java:logGet(43)) - raft.server.log.segment.cache.num.max = 2 (custom)
2019-09-25 12:57:34,474 [pool-47-thread-1] INFO  segmented.SegmentedRaftLogWorker (SegmentedRaftLogWorker.java:<init>(172)) - new 548f63c1-ecb3-4338-9923-ba2d46dbaf7d@group-FA142A712691-SegmentedRaftLogWorker for RaftStorage:Storage Directory /workdir/hadoop-ozone/tools/target/test-dir/MiniOzoneClusterImpl-ca628441-95e6-4ca0-9871-ceda43659e6a/datanode-2/data/ratis/d8f32cef-5edf-4c93-8bde-fa142a712691
2019-09-25 12:57:34,474 [pool-47-thread-1] INFO  server.RaftServerConfigKeys (ConfUtils.java:logGet(43)) - raft.server.log.queue.byte-limit = 2147483647 (custom)
2019-09-25 12:57:34,474 [pool-47-thread-1] INFO  server.RaftServerConfigKeys (ConfUtils.java:logGet(43)) - raft.server.log.queue.element-limit = 1024 (custom)
2019-09-25 12:57:34,475 [pool-47-thread-1] INFO  server.RaftServerConfigKeys (ConfUtils.java:logGet(43)) - raft.server.log.segment.size.max = 1048576 (custom)
2019-09-25 12:57:34,475 [pool-47-thread-1] INFO  server.RaftServerConfigKeys (ConfUtils.java:logGet(43)) - raft.server.log.preallocated.size = 16384 (custom)
2019-09-25 12:57:34,475 [pool-47-thread-1] INFO  server.RaftServerConfigKeys (ConfUtils.java:logGet(43)) - raft.server.log.write.buffer.size = 33554432 (custom)
2019-09-25 12:57:34,475 [pool-47-thread-1] INFO  server.RaftServerConfigKeys (ConfUtils.java:logGet(43)) - raft.server.log.force.sync.num = 128 (default)
2019-09-25 12:57:34,475 [pool-47-thread-1] INFO  server.RaftServerConfigKeys (ConfUtils.java:logGet(43)) - raft.server.log.statemachine.data.sync = true (default)
2019-09-25 12:57:34,475 [pool-47-thread-1] INFO  server.RaftServerConfigKeys (ConfUtils.java:logGet(43)) - raft.server.log.statemachine.data.sync.timeout = 10s (default)
2019-09-25 12:57:34,475 [pool-47-thread-1] INFO  server.RaftServerConfigKeys (ConfUtils.java:logGet(43)) - raft.server.log.statemachine.data.sync.timeout.retry = -1 (default)
2019-09-25 12:57:34,475 [pool-47-thread-1] INFO  server.RaftServerConfigKeys (ConfUtils.java:logGet(43)) - raft.server.log.statemachine.data.caching.enabled = true (custom)
2019-09-25 12:57:34,476 [pool-47-thread-1] INFO  segmented.SegmentedRaftLogWorker (SegmentedRaftLogWorker.java:lambda$new$0(132)) - 548f63c1-ecb3-4338-9923-ba2d46dbaf7d@group-FA142A712691-SegmentedRaftLogWorker: flushIndex: setUnconditionally 0 -> -1
2019-09-25 12:57:34,476 [pool-47-thread-1] INFO  server.RaftServerConfigKeys (ConfUtils.java:logGet(43)) - raft.server.snapshot.auto.trigger.enabled = true (custom)
2019-09-25 12:57:34,476 [pool-47-thread-1] INFO  server.RaftServerConfigKeys (ConfUtils.java:logGet(43)) - raft.server.snapshot.auto.trigger.threshold = 10000 (custom)
2019-09-25 12:57:34,476 [pool-47-thread-1] INFO  server.RaftServerConfigKeys (ConfUtils.java:logGet(43)) - raft.server.snapshot.retention.num.files = 5 (custom)
2019-09-25 12:57:34,476 [pool-47-thread-1] INFO  server.RaftServerConfigKeys (ConfUtils.java:logGet(43)) - raft.server.retrycache.expirytime = 600000ms (custom)
2019-09-25 12:57:34,479 [pool-47-thread-1] INFO  impl.RaftServerImpl (RaftServerImpl.java:start(185)) - 548f63c1-ecb3-4338-9923-ba2d46dbaf7d@group-FA142A712691: start as a follower, conf=-1: [548f63c1-ecb3-4338-9923-ba2d46dbaf7d:192.168.151.73:44083], old=null
2019-09-25 12:57:34,479 [pool-47-thread-1] INFO  impl.RaftServerImpl (RaftServerImpl.java:setRole(174)) - 548f63c1-ecb3-4338-9923-ba2d46dbaf7d@group-FA142A712691: changes role from      null to FOLLOWER at term 0 for startAsFollower
2019-09-25 12:57:34,479 [pool-47-thread-1] INFO  impl.RoleInfo (RoleInfo.java:updateAndGet(143)) - 548f63c1-ecb3-4338-9923-ba2d46dbaf7d: start FollowerState
2019-09-25 12:57:34,484 [pool-47-thread-1] INFO  util.JmxRegister (JmxRegister.java:tryRegister(44)) - Successfully registered JMX Bean with object name Ratis:service=RaftServer,group=group-FA142A712691,id=548f63c1-ecb3-4338-9923-ba2d46dbaf7d
2019-09-25 12:57:34,500 [RatisPipelineUtilsThread] INFO  pipeline.PipelineStateManager (PipelineStateManager.java:addPipeline(56)) - Created pipeline Pipeline[ Id: d8f32cef-5edf-4c93-8bde-fa142a712691, Nodes: 548f63c1-ecb3-4338-9923-ba2d46dbaf7d{ip: 192.168.151.73, host: pr-hdds-1569-shd4m-3693607622, networkLocation: /default-rack, certSerialId: null}, Type:RATIS, Factor:ONE, State:OPEN]
2019-09-25 12:57:34,500 [RatisPipelineUtilsThread] INFO  pipeline.PipelinePlacementPolicy (PipelinePlacementPolicy.java:meetCriteria(91)) - Pipeline Placement: can't place more pipeline on heavy datanode： 05c10ba5-9820-4ddb-94b6-a7ebb5af4f34 Heaviness: 6 limit: 5
2019-09-25 12:57:34,500 [RatisPipelineUtilsThread] INFO  pipeline.PipelinePlacementPolicy (PipelinePlacementPolicy.java:meetCriteria(91)) - Pipeline Placement: can't place more pipeline on heavy datanode： 1ad4e210-16ea-448d-9c83-11669c9ee3b6 Heaviness: 6 limit: 5
2019-09-25 12:57:34,509 [grpc-default-executor-0] INFO  impl.RaftServerProxy (RaftServerProxy.java:addNew(89)) - 548f63c1-ecb3-4338-9923-ba2d46dbaf7d: addNew group-CE981892E378:[548f63c1-ecb3-4338-9923-ba2d46dbaf7d:192.168.151.73:44083] returns group-CE981892E378:java.util.concurrent.CompletableFuture@42193752[Not completed]
2019-09-25 12:57:34,511 [pool-47-thread-1] INFO  impl.RaftServerImpl (RaftServerImpl.java:<init>(95)) - 548f63c1-ecb3-4338-9923-ba2d46dbaf7d: new RaftServerImpl for group-CE981892E378:[548f63c1-ecb3-4338-9923-ba2d46dbaf7d:192.168.151.73:44083] with ContainerStateMachine:uninitialized
2019-09-25 12:57:34,511 [pool-47-thread-1] INFO  server.RaftServerConfigKeys (ConfUtils.java:logGet(43)) - raft.server.rpc.timeout.min = 5s (custom)
2019-09-25 12:57:34,511 [pool-47-thread-1] INFO  server.RaftServerConfigKeys (ConfUtils.java:logGet(43)) - raft.server.rpc.timeout.max = 5200ms (custom)
2019-09-25 12:57:34,511 [pool-47-thread-1] INFO  server.RaftServerConfigKeys (ConfUtils.java:logGet(43)) - raft.server.rpcslowness.timeout = 120s (custom)
2019-09-25 12:57:34,511 [pool-47-thread-1] INFO  server.RaftServerConfigKeys (ConfUtils.java:logGet(43)) - raft.server.sleep.deviation.threshold = 300 (default)
2019-09-25 12:57:34,511 [pool-47-thread-1] INFO  server.RaftServerConfigKeys (ConfUtils.java:logGet(43)) - raft.server.log.appender.install.snapshot.enabled = false (custom)
2019-09-25 12:57:34,512 [pool-47-thread-1] INFO  impl.RaftServerImpl (ServerState.java:<init>(103)) - 548f63c1-ecb3-4338-9923-ba2d46dbaf7d@group-CE981892E378: ConfigurationManager, init=-1: [548f63c1-ecb3-4338-9923-ba2d46dbaf7d:192.168.151.73:44083], old=null, confs=<EMPTY_MAP>
2019-09-25 12:57:34,512 [pool-47-thread-1] INFO  server.RaftServerConfigKeys (ConfUtils.java:logGet(43)) - raft.server.storage.dir = [/workdir/hadoop-ozone/tools/target/test-dir/MiniOzoneClusterImpl-ca628441-95e6-4ca0-9871-ceda43659e6a/datanode-2/data/ratis] (custom)
2019-09-25 12:57:34,512 [pool-47-thread-1] INFO  storage.RaftStorageDirectory (RaftStorageDirectory.java:analyzeStorage(246)) - The storage directory /workdir/hadoop-ozone/tools/target/test-dir/MiniOzoneClusterImpl-ca628441-95e6-4ca0-9871-ceda43659e6a/datanode-2/data/ratis/e8a8238b-83b0-4efd-b1c3-ce981892e378 does not exist. Creating ...
2019-09-25 12:57:34,540 [pool-47-thread-1] INFO  storage.RaftStorageDirectory (RaftStorageDirectory.java:tryLock(328)) - Lock on /workdir/hadoop-ozone/tools/target/test-dir/MiniOzoneClusterImpl-ca628441-95e6-4ca0-9871-ceda43659e6a/datanode-2/data/ratis/e8a8238b-83b0-4efd-b1c3-ce981892e378/in_use.lock acquired by nodename 11947@pr-hdds-1569-shd4m-3693607622
2019-09-25 12:57:34,563 [pool-47-thread-1] INFO  storage.RaftStorage (RaftStorage.java:format(72)) - Storage directory /workdir/hadoop-ozone/tools/target/test-dir/MiniOzoneClusterImpl-ca628441-95e6-4ca0-9871-ceda43659e6a/datanode-2/data/ratis/e8a8238b-83b0-4efd-b1c3-ce981892e378 has been successfully formatted.
2019-09-25 12:57:34,564 [pool-47-thread-1] INFO  ratis.ContainerStateMachine (ContainerStateMachine.java:loadSnapshot(230)) - group-CE981892E378: The snapshot info is null. Setting the last applied indexto:(t:0, i:~)
2019-09-25 12:57:34,564 [pool-47-thread-1] INFO  server.RaftServerConfigKeys (ConfUtils.java:logGet(43)) - raft.server.notification.no-leader.timeout = 120s (custom)
2019-09-25 12:57:34,564 [pool-47-thread-1] INFO  server.RaftServerConfigKeys (ConfUtils.java:logGet(43)) - raft.server.log.use.memory = false (default)
2019-09-25 12:57:34,564 [pool-47-thread-1] INFO  server.RaftServerConfigKeys (ConfUtils.java:logGet(43)) - raft.server.log.purge.gap = 1000000 (custom)
2019-09-25 12:57:34,565 [pool-47-thread-1] INFO  server.RaftServerConfigKeys (ConfUtils.java:logGet(43)) - raft.server.log.appender.buffer.byte-limit = 33554432 (custom)
2019-09-25 12:57:34,565 [pool-47-thread-1] INFO  server.RaftServerConfigKeys (ConfUtils.java:logGet(43)) - raft.server.log.segment.size.max = 1048576 (custom)
2019-09-25 12:57:34,565 [pool-47-thread-1] INFO  server.RaftServerConfigKeys (ConfUtils.java:logGet(43)) - raft.server.log.segment.cache.num.max = 2 (custom)
2019-09-25 12:57:34,565 [pool-47-thread-1] INFO  segmented.SegmentedRaftLogWorker (SegmentedRaftLogWorker.java:<init>(172)) - new 548f63c1-ecb3-4338-9923-ba2d46dbaf7d@group-CE981892E378-SegmentedRaftLogWorker for RaftStorage:Storage Directory /workdir/hadoop-ozone/tools/target/test-dir/MiniOzoneClusterImpl-ca628441-95e6-4ca0-9871-ceda43659e6a/datanode-2/data/ratis/e8a8238b-83b0-4efd-b1c3-ce981892e378
2019-09-25 12:57:34,565 [pool-47-thread-1] INFO  server.RaftServerConfigKeys (ConfUtils.java:logGet(43)) - raft.server.log.queue.byte-limit = 2147483647 (custom)
2019-09-25 12:57:34,566 [pool-47-thread-1] INFO  server.RaftServerConfigKeys (ConfUtils.java:logGet(43)) - raft.server.log.queue.element-limit = 1024 (custom)
2019-09-25 12:57:34,566 [pool-47-thread-1] INFO  server.RaftServerConfigKeys (ConfUtils.java:logGet(43)) - raft.server.log.segment.size.max = 1048576 (custom)
2019-09-25 12:57:34,566 [pool-47-thread-1] INFO  server.RaftServerConfigKeys (ConfUtils.java:logGet(43)) - raft.server.log.preallocated.size = 16384 (custom)
2019-09-25 12:57:34,566 [pool-47-thread-1] INFO  server.RaftServerConfigKeys (ConfUtils.java:logGet(43)) - raft.server.log.write.buffer.size = 33554432 (custom)
2019-09-25 12:57:34,566 [pool-47-thread-1] INFO  server.RaftServerConfigKeys (ConfUtils.java:logGet(43)) - raft.server.log.force.sync.num = 128 (default)
2019-09-25 12:57:34,567 [pool-47-thread-1] INFO  server.RaftServerConfigKeys (ConfUtils.java:logGet(43)) - raft.server.log.statemachine.data.sync = true (default)
2019-09-25 12:57:34,567 [pool-47-thread-1] INFO  server.RaftServerConfigKeys (ConfUtils.java:logGet(43)) - raft.server.log.statemachine.data.sync.timeout = 10s (default)
2019-09-25 12:57:34,567 [pool-47-thread-1] INFO  server.RaftServerConfigKeys (ConfUtils.java:logGet(43)) - raft.server.log.statemachine.data.sync.timeout.retry = -1 (default)
2019-09-25 12:57:34,567 [pool-47-thread-1] INFO  server.RaftServerConfigKeys (ConfUtils.java:logGet(43)) - raft.server.log.statemachine.data.caching.enabled = true (custom)
2019-09-25 12:57:34,568 [pool-47-thread-1] INFO  segmented.SegmentedRaftLogWorker (SegmentedRaftLogWorker.java:lambda$new$0(132)) - 548f63c1-ecb3-4338-9923-ba2d46dbaf7d@group-CE981892E378-SegmentedRaftLogWorker: flushIndex: setUnconditionally 0 -> -1
2019-09-25 12:57:34,568 [pool-47-thread-1] INFO  server.RaftServerConfigKeys (ConfUtils.java:logGet(43)) - raft.server.snapshot.auto.trigger.enabled = true (custom)
2019-09-25 12:57:34,568 [pool-47-thread-1] INFO  server.RaftServerConfigKeys (ConfUtils.java:logGet(43)) - raft.server.snapshot.auto.trigger.threshold = 10000 (custom)
2019-09-25 12:57:34,568 [pool-47-thread-1] INFO  server.RaftServerConfigKeys (ConfUtils.java:logGet(43)) - raft.server.snapshot.retention.num.files = 5 (custom)
2019-09-25 12:57:34,569 [pool-47-thread-1] INFO  server.RaftServerConfigKeys (ConfUtils.java:logGet(43)) - raft.server.retrycache.expirytime = 600000ms (custom)
2019-09-25 12:57:34,572 [pool-47-thread-1] INFO  impl.RaftServerImpl (RaftServerImpl.java:start(185)) - 548f63c1-ecb3-4338-9923-ba2d46dbaf7d@group-CE981892E378: start as a follower, conf=-1: [548f63c1-ecb3-4338-9923-ba2d46dbaf7d:192.168.151.73:44083], old=null
2019-09-25 12:57:34,573 [pool-47-thread-1] INFO  impl.RaftServerImpl (RaftServerImpl.java:setRole(174)) - 548f63c1-ecb3-4338-9923-ba2d46dbaf7d@group-CE981892E378: changes role from      null to FOLLOWER at term 0 for startAsFollower
2019-09-25 12:57:34,573 [pool-47-thread-1] INFO  impl.RoleInfo (RoleInfo.java:updateAndGet(143)) - 548f63c1-ecb3-4338-9923-ba2d46dbaf7d: start FollowerState
2019-09-25 12:57:34,573 [pool-47-thread-1] INFO  util.JmxRegister (JmxRegister.java:tryRegister(44)) - Successfully registered JMX Bean with object name Ratis:service=RaftServer,group=group-CE981892E378,id=548f63c1-ecb3-4338-9923-ba2d46dbaf7d
2019-09-25 12:57:34,578 [RatisPipelineUtilsThread] INFO  pipeline.PipelineStateManager (PipelineStateManager.java:addPipeline(56)) - Created pipeline Pipeline[ Id: e8a8238b-83b0-4efd-b1c3-ce981892e378, Nodes: 548f63c1-ecb3-4338-9923-ba2d46dbaf7d{ip: 192.168.151.73, host: pr-hdds-1569-shd4m-3693607622, networkLocation: /default-rack, certSerialId: null}, Type:RATIS, Factor:ONE, State:OPEN]
2019-09-25 12:57:34,579 [RatisPipelineUtilsThread] INFO  pipeline.PipelinePlacementPolicy (PipelinePlacementPolicy.java:meetCriteria(91)) - Pipeline Placement: can't place more pipeline on heavy datanode： 05c10ba5-9820-4ddb-94b6-a7ebb5af4f34 Heaviness: 6 limit: 5
2019-09-25 12:57:34,579 [RatisPipelineUtilsThread] INFO  pipeline.PipelinePlacementPolicy (PipelinePlacementPolicy.java:meetCriteria(91)) - Pipeline Placement: can't place more pipeline on heavy datanode： 548f63c1-ecb3-4338-9923-ba2d46dbaf7d Heaviness: 6 limit: 5
2019-09-25 12:57:34,579 [RatisPipelineUtilsThread] INFO  pipeline.PipelinePlacementPolicy (PipelinePlacementPolicy.java:meetCriteria(91)) - Pipeline Placement: can't place more pipeline on heavy datanode： 1ad4e210-16ea-448d-9c83-11669c9ee3b6 Heaviness: 6 limit: 5
2019-09-25 12:57:34,588 [grpc-default-executor-0] INFO  impl.RaftServerProxy (RaftServerProxy.java:addNew(89)) - d60bfa88-4f5c-40e2-9e6f-04cdce80ae19: addNew group-EB926C6BCE58:[d60bfa88-4f5c-40e2-9e6f-04cdce80ae19:192.168.151.73:42001] returns group-EB926C6BCE58:java.util.concurrent.CompletableFuture@36beb4d0[Not completed]
2019-09-25 12:57:34,589 [pool-57-thread-1] INFO  impl.RaftServerImpl (RaftServerImpl.java:<init>(95)) - d60bfa88-4f5c-40e2-9e6f-04cdce80ae19: new RaftServerImpl for group-EB926C6BCE58:[d60bfa88-4f5c-40e2-9e6f-04cdce80ae19:192.168.151.73:42001] with ContainerStateMachine:uninitialized
2019-09-25 12:57:34,589 [pool-57-thread-1] INFO  server.RaftServerConfigKeys (ConfUtils.java:logGet(43)) - raft.server.rpc.timeout.min = 5s (custom)
2019-09-25 12:57:34,589 [pool-57-thread-1] INFO  server.RaftServerConfigKeys (ConfUtils.java:logGet(43)) - raft.server.rpc.timeout.max = 5200ms (custom)
2019-09-25 12:57:34,590 [pool-57-thread-1] INFO  server.RaftServerConfigKeys (ConfUtils.java:logGet(43)) - raft.server.rpcslowness.timeout = 120s (custom)
2019-09-25 12:57:34,590 [pool-57-thread-1] INFO  server.RaftServerConfigKeys (ConfUtils.java:logGet(43)) - raft.server.sleep.deviation.threshold = 300 (default)
2019-09-25 12:57:34,590 [pool-57-thread-1] INFO  server.RaftServerConfigKeys (ConfUtils.java:logGet(43)) - raft.server.log.appender.install.snapshot.enabled = false (custom)
2019-09-25 12:57:34,590 [pool-57-thread-1] INFO  impl.RaftServerImpl (ServerState.java:<init>(103)) - d60bfa88-4f5c-40e2-9e6f-04cdce80ae19@group-EB926C6BCE58: ConfigurationManager, init=-1: [d60bfa88-4f5c-40e2-9e6f-04cdce80ae19:192.168.151.73:42001], old=null, confs=<EMPTY_MAP>
2019-09-25 12:57:34,590 [pool-57-thread-1] INFO  server.RaftServerConfigKeys (ConfUtils.java:logGet(43)) - raft.server.storage.dir = [/workdir/hadoop-ozone/tools/target/test-dir/MiniOzoneClusterImpl-ca628441-95e6-4ca0-9871-ceda43659e6a/datanode-3/data/ratis] (custom)
2019-09-25 12:57:34,590 [pool-57-thread-1] INFO  storage.RaftStorageDirectory (RaftStorageDirectory.java:analyzeStorage(246)) - The storage directory /workdir/hadoop-ozone/tools/target/test-dir/MiniOzoneClusterImpl-ca628441-95e6-4ca0-9871-ceda43659e6a/datanode-3/data/ratis/2410b967-bf44-4168-860f-eb926c6bce58 does not exist. Creating ...
2019-09-25 12:57:34,603 [pool-57-thread-1] INFO  storage.RaftStorageDirectory (RaftStorageDirectory.java:tryLock(328)) - Lock on /workdir/hadoop-ozone/tools/target/test-dir/MiniOzoneClusterImpl-ca628441-95e6-4ca0-9871-ceda43659e6a/datanode-3/data/ratis/2410b967-bf44-4168-860f-eb926c6bce58/in_use.lock acquired by nodename 11947@pr-hdds-1569-shd4m-3693607622
2019-09-25 12:57:34,617 [pool-57-thread-1] INFO  storage.RaftStorage (RaftStorage.java:format(72)) - Storage directory /workdir/hadoop-ozone/tools/target/test-dir/MiniOzoneClusterImpl-ca628441-95e6-4ca0-9871-ceda43659e6a/datanode-3/data/ratis/2410b967-bf44-4168-860f-eb926c6bce58 has been successfully formatted.
2019-09-25 12:57:34,618 [pool-57-thread-1] INFO  ratis.ContainerStateMachine (ContainerStateMachine.java:loadSnapshot(230)) - group-EB926C6BCE58: The snapshot info is null. Setting the last applied indexto:(t:0, i:~)
2019-09-25 12:57:34,618 [pool-57-thread-1] INFO  server.RaftServerConfigKeys (ConfUtils.java:logGet(43)) - raft.server.notification.no-leader.timeout = 120s (custom)
2019-09-25 12:57:34,618 [pool-57-thread-1] INFO  server.RaftServerConfigKeys (ConfUtils.java:logGet(43)) - raft.server.log.use.memory = false (default)
2019-09-25 12:57:34,618 [pool-57-thread-1] INFO  server.RaftServerConfigKeys (ConfUtils.java:logGet(43)) - raft.server.log.purge.gap = 1000000 (custom)
2019-09-25 12:57:34,618 [pool-57-thread-1] INFO  server.RaftServerConfigKeys (ConfUtils.java:logGet(43)) - raft.server.log.appender.buffer.byte-limit = 33554432 (custom)
2019-09-25 12:57:34,618 [pool-57-thread-1] INFO  server.RaftServerConfigKeys (ConfUtils.java:logGet(43)) - raft.server.log.segment.size.max = 1048576 (custom)
2019-09-25 12:57:34,618 [pool-57-thread-1] INFO  server.RaftServerConfigKeys (ConfUtils.java:logGet(43)) - raft.server.log.segment.cache.num.max = 2 (custom)
2019-09-25 12:57:34,619 [pool-57-thread-1] INFO  segmented.SegmentedRaftLogWorker (SegmentedRaftLogWorker.java:<init>(172)) - new d60bfa88-4f5c-40e2-9e6f-04cdce80ae19@group-EB926C6BCE58-SegmentedRaftLogWorker for RaftStorage:Storage Directory /workdir/hadoop-ozone/tools/target/test-dir/MiniOzoneClusterImpl-ca628441-95e6-4ca0-9871-ceda43659e6a/datanode-3/data/ratis/2410b967-bf44-4168-860f-eb926c6bce58
2019-09-25 12:57:34,619 [pool-57-thread-1] INFO  server.RaftServerConfigKeys (ConfUtils.java:logGet(43)) - raft.server.log.queue.byte-limit = 2147483647 (custom)
2019-09-25 12:57:34,619 [pool-57-thread-1] INFO  server.RaftServerConfigKeys (ConfUtils.java:logGet(43)) - raft.server.log.queue.element-limit = 1024 (custom)
2019-09-25 12:57:34,619 [pool-57-thread-1] INFO  server.RaftServerConfigKeys (ConfUtils.java:logGet(43)) - raft.server.log.segment.size.max = 1048576 (custom)
2019-09-25 12:57:34,619 [pool-57-thread-1] INFO  server.RaftServerConfigKeys (ConfUtils.java:logGet(43)) - raft.server.log.preallocated.size = 16384 (custom)
2019-09-25 12:57:34,619 [pool-57-thread-1] INFO  server.RaftServerConfigKeys (ConfUtils.java:logGet(43)) - raft.server.log.write.buffer.size = 33554432 (custom)
2019-09-25 12:57:34,619 [pool-57-thread-1] INFO  server.RaftServerConfigKeys (ConfUtils.java:logGet(43)) - raft.server.log.force.sync.num = 128 (default)
2019-09-25 12:57:34,619 [pool-57-thread-1] INFO  server.RaftServerConfigKeys (ConfUtils.java:logGet(43)) - raft.server.log.statemachine.data.sync = true (default)
2019-09-25 12:57:34,619 [pool-57-thread-1] INFO  server.RaftServerConfigKeys (ConfUtils.java:logGet(43)) - raft.server.log.statemachine.data.sync.timeout = 10s (default)
2019-09-25 12:57:34,620 [pool-57-thread-1] INFO  server.RaftServerConfigKeys (ConfUtils.java:logGet(43)) - raft.server.log.statemachine.data.sync.timeout.retry = -1 (default)
2019-09-25 12:57:34,620 [pool-57-thread-1] INFO  server.RaftServerConfigKeys (ConfUtils.java:logGet(43)) - raft.server.log.statemachine.data.caching.enabled = true (custom)
2019-09-25 12:57:34,620 [pool-57-thread-1] INFO  segmented.SegmentedRaftLogWorker (SegmentedRaftLogWorker.java:lambda$new$0(132)) - d60bfa88-4f5c-40e2-9e6f-04cdce80ae19@group-EB926C6BCE58-SegmentedRaftLogWorker: flushIndex: setUnconditionally 0 -> -1
2019-09-25 12:57:34,620 [pool-57-thread-1] INFO  server.RaftServerConfigKeys (ConfUtils.java:logGet(43)) - raft.server.snapshot.auto.trigger.enabled = true (custom)
2019-09-25 12:57:34,620 [pool-57-thread-1] INFO  server.RaftServerConfigKeys (ConfUtils.java:logGet(43)) - raft.server.snapshot.auto.trigger.threshold = 10000 (custom)
2019-09-25 12:57:34,620 [pool-57-thread-1] INFO  server.RaftServerConfigKeys (ConfUtils.java:logGet(43)) - raft.server.snapshot.retention.num.files = 5 (custom)
2019-09-25 12:57:34,621 [pool-57-thread-1] INFO  server.RaftServerConfigKeys (ConfUtils.java:logGet(43)) - raft.server.retrycache.expirytime = 600000ms (custom)
2019-09-25 12:57:34,623 [pool-57-thread-1] INFO  impl.RaftServerImpl (RaftServerImpl.java:start(185)) - d60bfa88-4f5c-40e2-9e6f-04cdce80ae19@group-EB926C6BCE58: start as a follower, conf=-1: [d60bfa88-4f5c-40e2-9e6f-04cdce80ae19:192.168.151.73:42001], old=null
2019-09-25 12:57:34,623 [pool-57-thread-1] INFO  impl.RaftServerImpl (RaftServerImpl.java:setRole(174)) - d60bfa88-4f5c-40e2-9e6f-04cdce80ae19@group-EB926C6BCE58: changes role from      null to FOLLOWER at term 0 for startAsFollower
2019-09-25 12:57:34,623 [pool-57-thread-1] INFO  impl.RoleInfo (RoleInfo.java:updateAndGet(143)) - d60bfa88-4f5c-40e2-9e6f-04cdce80ae19: start FollowerState
2019-09-25 12:57:34,623 [pool-57-thread-1] INFO  util.JmxRegister (JmxRegister.java:tryRegister(44)) - Successfully registered JMX Bean with object name Ratis:service=RaftServer,group=group-EB926C6BCE58,id=d60bfa88-4f5c-40e2-9e6f-04cdce80ae19
2019-09-25 12:57:34,628 [RatisPipelineUtilsThread] INFO  pipeline.PipelineStateManager (PipelineStateManager.java:addPipeline(56)) - Created pipeline Pipeline[ Id: 2410b967-bf44-4168-860f-eb926c6bce58, Nodes: d60bfa88-4f5c-40e2-9e6f-04cdce80ae19{ip: 192.168.151.73, host: pr-hdds-1569-shd4m-3693607622, networkLocation: /default-rack, certSerialId: null}, Type:RATIS, Factor:ONE, State:OPEN]
2019-09-25 12:57:34,628 [RatisPipelineUtilsThread] INFO  pipeline.PipelinePlacementPolicy (PipelinePlacementPolicy.java:meetCriteria(91)) - Pipeline Placement: can't place more pipeline on heavy datanode： 05c10ba5-9820-4ddb-94b6-a7ebb5af4f34 Heaviness: 6 limit: 5
2019-09-25 12:57:34,629 [RatisPipelineUtilsThread] INFO  pipeline.PipelinePlacementPolicy (PipelinePlacementPolicy.java:meetCriteria(91)) - Pipeline Placement: can't place more pipeline on heavy datanode： 548f63c1-ecb3-4338-9923-ba2d46dbaf7d Heaviness: 6 limit: 5
2019-09-25 12:57:34,629 [RatisPipelineUtilsThread] INFO  pipeline.PipelinePlacementPolicy (PipelinePlacementPolicy.java:meetCriteria(91)) - Pipeline Placement: can't place more pipeline on heavy datanode： 1ad4e210-16ea-448d-9c83-11669c9ee3b6 Heaviness: 6 limit: 5
2019-09-25 12:57:34,637 [grpc-default-executor-0] INFO  impl.RaftServerProxy (RaftServerProxy.java:addNew(89)) - d60bfa88-4f5c-40e2-9e6f-04cdce80ae19: addNew group-8C8E6C3EAAED:[d60bfa88-4f5c-40e2-9e6f-04cdce80ae19:192.168.151.73:42001] returns group-8C8E6C3EAAED:java.util.concurrent.CompletableFuture@11245954[Not completed]
2019-09-25 12:57:34,638 [pool-57-thread-1] INFO  impl.RaftServerImpl (RaftServerImpl.java:<init>(95)) - d60bfa88-4f5c-40e2-9e6f-04cdce80ae19: new RaftServerImpl for group-8C8E6C3EAAED:[d60bfa88-4f5c-40e2-9e6f-04cdce80ae19:192.168.151.73:42001] with ContainerStateMachine:uninitialized
2019-09-25 12:57:34,638 [pool-57-thread-1] INFO  server.RaftServerConfigKeys (ConfUtils.java:logGet(43)) - raft.server.rpc.timeout.min = 5s (custom)
2019-09-25 12:57:34,638 [pool-57-thread-1] INFO  server.RaftServerConfigKeys (ConfUtils.java:logGet(43)) - raft.server.rpc.timeout.max = 5200ms (custom)
2019-09-25 12:57:34,638 [pool-57-thread-1] INFO  server.RaftServerConfigKeys (ConfUtils.java:logGet(43)) - raft.server.rpcslowness.timeout = 120s (custom)
2019-09-25 12:57:34,638 [pool-57-thread-1] INFO  server.RaftServerConfigKeys (ConfUtils.java:logGet(43)) - raft.server.sleep.deviation.threshold = 300 (default)
2019-09-25 12:57:34,638 [pool-57-thread-1] INFO  server.RaftServerConfigKeys (ConfUtils.java:logGet(43)) - raft.server.log.appender.install.snapshot.enabled = false (custom)
2019-09-25 12:57:34,638 [pool-57-thread-1] INFO  impl.RaftServerImpl (ServerState.java:<init>(103)) - d60bfa88-4f5c-40e2-9e6f-04cdce80ae19@group-8C8E6C3EAAED: ConfigurationManager, init=-1: [d60bfa88-4f5c-40e2-9e6f-04cdce80ae19:192.168.151.73:42001], old=null, confs=<EMPTY_MAP>
2019-09-25 12:57:34,639 [pool-57-thread-1] INFO  server.RaftServerConfigKeys (ConfUtils.java:logGet(43)) - raft.server.storage.dir = [/workdir/hadoop-ozone/tools/target/test-dir/MiniOzoneClusterImpl-ca628441-95e6-4ca0-9871-ceda43659e6a/datanode-3/data/ratis] (custom)
2019-09-25 12:57:34,639 [pool-57-thread-1] INFO  storage.RaftStorageDirectory (RaftStorageDirectory.java:analyzeStorage(246)) - The storage directory /workdir/hadoop-ozone/tools/target/test-dir/MiniOzoneClusterImpl-ca628441-95e6-4ca0-9871-ceda43659e6a/datanode-3/data/ratis/0b66a2b0-e593-4b42-b13c-8c8e6c3eaaed does not exist. Creating ...
2019-09-25 12:57:34,654 [pool-57-thread-1] INFO  storage.RaftStorageDirectory (RaftStorageDirectory.java:tryLock(328)) - Lock on /workdir/hadoop-ozone/tools/target/test-dir/MiniOzoneClusterImpl-ca628441-95e6-4ca0-9871-ceda43659e6a/datanode-3/data/ratis/0b66a2b0-e593-4b42-b13c-8c8e6c3eaaed/in_use.lock acquired by nodename 11947@pr-hdds-1569-shd4m-3693607622
2019-09-25 12:57:34,676 [pool-57-thread-1] INFO  storage.RaftStorage (RaftStorage.java:format(72)) - Storage directory /workdir/hadoop-ozone/tools/target/test-dir/MiniOzoneClusterImpl-ca628441-95e6-4ca0-9871-ceda43659e6a/datanode-3/data/ratis/0b66a2b0-e593-4b42-b13c-8c8e6c3eaaed has been successfully formatted.
2019-09-25 12:57:34,676 [pool-57-thread-1] INFO  ratis.ContainerStateMachine (ContainerStateMachine.java:loadSnapshot(230)) - group-8C8E6C3EAAED: The snapshot info is null. Setting the last applied indexto:(t:0, i:~)
2019-09-25 12:57:34,677 [pool-57-thread-1] INFO  server.RaftServerConfigKeys (ConfUtils.java:logGet(43)) - raft.server.notification.no-leader.timeout = 120s (custom)
2019-09-25 12:57:34,677 [pool-57-thread-1] INFO  server.RaftServerConfigKeys (ConfUtils.java:logGet(43)) - raft.server.log.use.memory = false (default)
2019-09-25 12:57:34,677 [pool-57-thread-1] INFO  server.RaftServerConfigKeys (ConfUtils.java:logGet(43)) - raft.server.log.purge.gap = 1000000 (custom)
2019-09-25 12:57:34,677 [pool-57-thread-1] INFO  server.RaftServerConfigKeys (ConfUtils.java:logGet(43)) - raft.server.log.appender.buffer.byte-limit = 33554432 (custom)
2019-09-25 12:57:34,677 [pool-57-thread-1] INFO  server.RaftServerConfigKeys (ConfUtils.java:logGet(43)) - raft.server.log.segment.size.max = 1048576 (custom)
2019-09-25 12:57:34,677 [pool-57-thread-1] INFO  server.RaftServerConfigKeys (ConfUtils.java:logGet(43)) - raft.server.log.segment.cache.num.max = 2 (custom)
2019-09-25 12:57:34,678 [pool-57-thread-1] INFO  segmented.SegmentedRaftLogWorker (SegmentedRaftLogWorker.java:<init>(172)) - new d60bfa88-4f5c-40e2-9e6f-04cdce80ae19@group-8C8E6C3EAAED-SegmentedRaftLogWorker for RaftStorage:Storage Directory /workdir/hadoop-ozone/tools/target/test-dir/MiniOzoneClusterImpl-ca628441-95e6-4ca0-9871-ceda43659e6a/datanode-3/data/ratis/0b66a2b0-e593-4b42-b13c-8c8e6c3eaaed
2019-09-25 12:57:34,678 [pool-57-thread-1] INFO  server.RaftServerConfigKeys (ConfUtils.java:logGet(43)) - raft.server.log.queue.byte-limit = 2147483647 (custom)
2019-09-25 12:57:34,678 [pool-57-thread-1] INFO  server.RaftServerConfigKeys (ConfUtils.java:logGet(43)) - raft.server.log.queue.element-limit = 1024 (custom)
2019-09-25 12:57:34,678 [pool-57-thread-1] INFO  server.RaftServerConfigKeys (ConfUtils.java:logGet(43)) - raft.server.log.segment.size.max = 1048576 (custom)
2019-09-25 12:57:34,678 [pool-57-thread-1] INFO  server.RaftServerConfigKeys (ConfUtils.java:logGet(43)) - raft.server.log.preallocated.size = 16384 (custom)
2019-09-25 12:57:34,678 [pool-57-thread-1] INFO  server.RaftServerConfigKeys (ConfUtils.java:logGet(43)) - raft.server.log.write.buffer.size = 33554432 (custom)
2019-09-25 12:57:34,678 [pool-57-thread-1] INFO  server.RaftServerConfigKeys (ConfUtils.java:logGet(43)) - raft.server.log.force.sync.num = 128 (default)
2019-09-25 12:57:34,678 [pool-57-thread-1] INFO  server.RaftServerConfigKeys (ConfUtils.java:logGet(43)) - raft.server.log.statemachine.data.sync = true (default)
2019-09-25 12:57:34,679 [pool-57-thread-1] INFO  server.RaftServerConfigKeys (ConfUtils.java:logGet(43)) - raft.server.log.statemachine.data.sync.timeout = 10s (default)
2019-09-25 12:57:34,679 [pool-57-thread-1] INFO  server.RaftServerConfigKeys (ConfUtils.java:logGet(43)) - raft.server.log.statemachine.data.sync.timeout.retry = -1 (default)
2019-09-25 12:57:34,679 [pool-57-thread-1] INFO  server.RaftServerConfigKeys (ConfUtils.java:logGet(43)) - raft.server.log.statemachine.data.caching.enabled = true (custom)
2019-09-25 12:57:34,679 [pool-57-thread-1] INFO  segmented.SegmentedRaftLogWorker (SegmentedRaftLogWorker.java:lambda$new$0(132)) - d60bfa88-4f5c-40e2-9e6f-04cdce80ae19@group-8C8E6C3EAAED-SegmentedRaftLogWorker: flushIndex: setUnconditionally 0 -> -1
2019-09-25 12:57:34,680 [pool-57-thread-1] INFO  server.RaftServerConfigKeys (ConfUtils.java:logGet(43)) - raft.server.snapshot.auto.trigger.enabled = true (custom)
2019-09-25 12:57:34,680 [pool-57-thread-1] INFO  server.RaftServerConfigKeys (ConfUtils.java:logGet(43)) - raft.server.snapshot.auto.trigger.threshold = 10000 (custom)
2019-09-25 12:57:34,680 [pool-57-thread-1] INFO  server.RaftServerConfigKeys (ConfUtils.java:logGet(43)) - raft.server.snapshot.retention.num.files = 5 (custom)
2019-09-25 12:57:34,680 [pool-57-thread-1] INFO  server.RaftServerConfigKeys (ConfUtils.java:logGet(43)) - raft.server.retrycache.expirytime = 600000ms (custom)
2019-09-25 12:57:34,683 [pool-57-thread-1] INFO  impl.RaftServerImpl (RaftServerImpl.java:start(185)) - d60bfa88-4f5c-40e2-9e6f-04cdce80ae19@group-8C8E6C3EAAED: start as a follower, conf=-1: [d60bfa88-4f5c-40e2-9e6f-04cdce80ae19:192.168.151.73:42001], old=null
2019-09-25 12:57:34,683 [pool-57-thread-1] INFO  impl.RaftServerImpl (RaftServerImpl.java:setRole(174)) - d60bfa88-4f5c-40e2-9e6f-04cdce80ae19@group-8C8E6C3EAAED: changes role from      null to FOLLOWER at term 0 for startAsFollower
2019-09-25 12:57:34,683 [pool-57-thread-1] INFO  impl.RoleInfo (RoleInfo.java:updateAndGet(143)) - d60bfa88-4f5c-40e2-9e6f-04cdce80ae19: start FollowerState
2019-09-25 12:57:34,684 [pool-57-thread-1] INFO  util.JmxRegister (JmxRegister.java:tryRegister(44)) - Successfully registered JMX Bean with object name Ratis:service=RaftServer,group=group-8C8E6C3EAAED,id=d60bfa88-4f5c-40e2-9e6f-04cdce80ae19
2019-09-25 12:57:34,688 [RatisPipelineUtilsThread] INFO  pipeline.PipelineStateManager (PipelineStateManager.java:addPipeline(56)) - Created pipeline Pipeline[ Id: 0b66a2b0-e593-4b42-b13c-8c8e6c3eaaed, Nodes: d60bfa88-4f5c-40e2-9e6f-04cdce80ae19{ip: 192.168.151.73, host: pr-hdds-1569-shd4m-3693607622, networkLocation: /default-rack, certSerialId: null}, Type:RATIS, Factor:ONE, State:OPEN]
2019-09-25 12:57:34,688 [RatisPipelineUtilsThread] INFO  pipeline.PipelinePlacementPolicy (PipelinePlacementPolicy.java:meetCriteria(91)) - Pipeline Placement: can't place more pipeline on heavy datanode： 05c10ba5-9820-4ddb-94b6-a7ebb5af4f34 Heaviness: 6 limit: 5
2019-09-25 12:57:34,688 [RatisPipelineUtilsThread] INFO  pipeline.PipelinePlacementPolicy (PipelinePlacementPolicy.java:meetCriteria(91)) - Pipeline Placement: can't place more pipeline on heavy datanode： 548f63c1-ecb3-4338-9923-ba2d46dbaf7d Heaviness: 6 limit: 5
2019-09-25 12:57:34,688 [RatisPipelineUtilsThread] INFO  pipeline.PipelinePlacementPolicy (PipelinePlacementPolicy.java:meetCriteria(91)) - Pipeline Placement: can't place more pipeline on heavy datanode： 1ad4e210-16ea-448d-9c83-11669c9ee3b6 Heaviness: 6 limit: 5
2019-09-25 12:57:34,696 [grpc-default-executor-0] INFO  impl.RaftServerProxy (RaftServerProxy.java:addNew(89)) - d60bfa88-4f5c-40e2-9e6f-04cdce80ae19: addNew group-5C99E7640DB9:[d60bfa88-4f5c-40e2-9e6f-04cdce80ae19:192.168.151.73:42001] returns group-5C99E7640DB9:java.util.concurrent.CompletableFuture@18f5a9f1[Not completed]
2019-09-25 12:57:34,698 [pool-57-thread-1] INFO  impl.RaftServerImpl (RaftServerImpl.java:<init>(95)) - d60bfa88-4f5c-40e2-9e6f-04cdce80ae19: new RaftServerImpl for group-5C99E7640DB9:[d60bfa88-4f5c-40e2-9e6f-04cdce80ae19:192.168.151.73:42001] with ContainerStateMachine:uninitialized
2019-09-25 12:57:34,698 [pool-57-thread-1] INFO  server.RaftServerConfigKeys (ConfUtils.java:logGet(43)) - raft.server.rpc.timeout.min = 5s (custom)
2019-09-25 12:57:34,698 [pool-57-thread-1] INFO  server.RaftServerConfigKeys (ConfUtils.java:logGet(43)) - raft.server.rpc.timeout.max = 5200ms (custom)
2019-09-25 12:57:34,698 [pool-57-thread-1] INFO  server.RaftServerConfigKeys (ConfUtils.java:logGet(43)) - raft.server.rpcslowness.timeout = 120s (custom)
2019-09-25 12:57:34,698 [pool-57-thread-1] INFO  server.RaftServerConfigKeys (ConfUtils.java:logGet(43)) - raft.server.sleep.deviation.threshold = 300 (default)
2019-09-25 12:57:34,698 [pool-57-thread-1] INFO  server.RaftServerConfigKeys (ConfUtils.java:logGet(43)) - raft.server.log.appender.install.snapshot.enabled = false (custom)
2019-09-25 12:57:34,698 [pool-57-thread-1] INFO  impl.RaftServerImpl (ServerState.java:<init>(103)) - d60bfa88-4f5c-40e2-9e6f-04cdce80ae19@group-5C99E7640DB9: ConfigurationManager, init=-1: [d60bfa88-4f5c-40e2-9e6f-04cdce80ae19:192.168.151.73:42001], old=null, confs=<EMPTY_MAP>
2019-09-25 12:57:34,699 [pool-57-thread-1] INFO  server.RaftServerConfigKeys (ConfUtils.java:logGet(43)) - raft.server.storage.dir = [/workdir/hadoop-ozone/tools/target/test-dir/MiniOzoneClusterImpl-ca628441-95e6-4ca0-9871-ceda43659e6a/datanode-3/data/ratis] (custom)
2019-09-25 12:57:34,699 [pool-57-thread-1] INFO  storage.RaftStorageDirectory (RaftStorageDirectory.java:analyzeStorage(246)) - The storage directory /workdir/hadoop-ozone/tools/target/test-dir/MiniOzoneClusterImpl-ca628441-95e6-4ca0-9871-ceda43659e6a/datanode-3/data/ratis/41e8ccde-fa9f-41da-aeb6-5c99e7640db9 does not exist. Creating ...
2019-09-25 12:57:34,718 [pool-57-thread-1] INFO  storage.RaftStorageDirectory (RaftStorageDirectory.java:tryLock(328)) - Lock on /workdir/hadoop-ozone/tools/target/test-dir/MiniOzoneClusterImpl-ca628441-95e6-4ca0-9871-ceda43659e6a/datanode-3/data/ratis/41e8ccde-fa9f-41da-aeb6-5c99e7640db9/in_use.lock acquired by nodename 11947@pr-hdds-1569-shd4m-3693607622
2019-09-25 12:57:34,740 [pool-57-thread-1] INFO  storage.RaftStorage (RaftStorage.java:format(72)) - Storage directory /workdir/hadoop-ozone/tools/target/test-dir/MiniOzoneClusterImpl-ca628441-95e6-4ca0-9871-ceda43659e6a/datanode-3/data/ratis/41e8ccde-fa9f-41da-aeb6-5c99e7640db9 has been successfully formatted.
2019-09-25 12:57:34,741 [pool-57-thread-1] INFO  ratis.ContainerStateMachine (ContainerStateMachine.java:loadSnapshot(230)) - group-5C99E7640DB9: The snapshot info is null. Setting the last applied indexto:(t:0, i:~)
2019-09-25 12:57:34,741 [pool-57-thread-1] INFO  server.RaftServerConfigKeys (ConfUtils.java:logGet(43)) - raft.server.notification.no-leader.timeout = 120s (custom)
2019-09-25 12:57:34,741 [pool-57-thread-1] INFO  server.RaftServerConfigKeys (ConfUtils.java:logGet(43)) - raft.server.log.use.memory = false (default)
2019-09-25 12:57:34,741 [pool-57-thread-1] INFO  server.RaftServerConfigKeys (ConfUtils.java:logGet(43)) - raft.server.log.purge.gap = 1000000 (custom)
2019-09-25 12:57:34,741 [pool-57-thread-1] INFO  server.RaftServerConfigKeys (ConfUtils.java:logGet(43)) - raft.server.log.appender.buffer.byte-limit = 33554432 (custom)
2019-09-25 12:57:34,741 [pool-57-thread-1] INFO  server.RaftServerConfigKeys (ConfUtils.java:logGet(43)) - raft.server.log.segment.size.max = 1048576 (custom)
2019-09-25 12:57:34,741 [pool-57-thread-1] INFO  server.RaftServerConfigKeys (ConfUtils.java:logGet(43)) - raft.server.log.segment.cache.num.max = 2 (custom)
2019-09-25 12:57:34,742 [pool-57-thread-1] INFO  segmented.SegmentedRaftLogWorker (SegmentedRaftLogWorker.java:<init>(172)) - new d60bfa88-4f5c-40e2-9e6f-04cdce80ae19@group-5C99E7640DB9-SegmentedRaftLogWorker for RaftStorage:Storage Directory /workdir/hadoop-ozone/tools/target/test-dir/MiniOzoneClusterImpl-ca628441-95e6-4ca0-9871-ceda43659e6a/datanode-3/data/ratis/41e8ccde-fa9f-41da-aeb6-5c99e7640db9
2019-09-25 12:57:34,742 [pool-57-thread-1] INFO  server.RaftServerConfigKeys (ConfUtils.java:logGet(43)) - raft.server.log.queue.byte-limit = 2147483647 (custom)
2019-09-25 12:57:34,742 [pool-57-thread-1] INFO  server.RaftServerConfigKeys (ConfUtils.java:logGet(43)) - raft.server.log.queue.element-limit = 1024 (custom)
2019-09-25 12:57:34,742 [pool-57-thread-1] INFO  server.RaftServerConfigKeys (ConfUtils.java:logGet(43)) - raft.server.log.segment.size.max = 1048576 (custom)
2019-09-25 12:57:34,742 [pool-57-thread-1] INFO  server.RaftServerConfigKeys (ConfUtils.java:logGet(43)) - raft.server.log.preallocated.size = 16384 (custom)
2019-09-25 12:57:34,742 [pool-57-thread-1] INFO  server.RaftServerConfigKeys (ConfUtils.java:logGet(43)) - raft.server.log.write.buffer.size = 33554432 (custom)
2019-09-25 12:57:34,742 [pool-57-thread-1] INFO  server.RaftServerConfigKeys (ConfUtils.java:logGet(43)) - raft.server.log.force.sync.num = 128 (default)
2019-09-25 12:57:34,743 [pool-57-thread-1] INFO  server.RaftServerConfigKeys (ConfUtils.java:logGet(43)) - raft.server.log.statemachine.data.sync = true (default)
2019-09-25 12:57:34,743 [pool-57-thread-1] INFO  server.RaftServerConfigKeys (ConfUtils.java:logGet(43)) - raft.server.log.statemachine.data.sync.timeout = 10s (default)
2019-09-25 12:57:34,743 [pool-57-thread-1] INFO  server.RaftServerConfigKeys (ConfUtils.java:logGet(43)) - raft.server.log.statemachine.data.sync.timeout.retry = -1 (default)
2019-09-25 12:57:34,743 [pool-57-thread-1] INFO  server.RaftServerConfigKeys (ConfUtils.java:logGet(43)) - raft.server.log.statemachine.data.caching.enabled = true (custom)
2019-09-25 12:57:34,743 [pool-57-thread-1] INFO  segmented.SegmentedRaftLogWorker (SegmentedRaftLogWorker.java:lambda$new$0(132)) - d60bfa88-4f5c-40e2-9e6f-04cdce80ae19@group-5C99E7640DB9-SegmentedRaftLogWorker: flushIndex: setUnconditionally 0 -> -1
2019-09-25 12:57:34,744 [pool-57-thread-1] INFO  server.RaftServerConfigKeys (ConfUtils.java:logGet(43)) - raft.server.snapshot.auto.trigger.enabled = true (custom)
2019-09-25 12:57:34,744 [pool-57-thread-1] INFO  server.RaftServerConfigKeys (ConfUtils.java:logGet(43)) - raft.server.snapshot.auto.trigger.threshold = 10000 (custom)
2019-09-25 12:57:34,744 [pool-57-thread-1] INFO  server.RaftServerConfigKeys (ConfUtils.java:logGet(43)) - raft.server.snapshot.retention.num.files = 5 (custom)
2019-09-25 12:57:34,744 [pool-57-thread-1] INFO  server.RaftServerConfigKeys (ConfUtils.java:logGet(43)) - raft.server.retrycache.expirytime = 600000ms (custom)
2019-09-25 12:57:34,746 [pool-57-thread-1] INFO  impl.RaftServerImpl (RaftServerImpl.java:start(185)) - d60bfa88-4f5c-40e2-9e6f-04cdce80ae19@group-5C99E7640DB9: start as a follower, conf=-1: [d60bfa88-4f5c-40e2-9e6f-04cdce80ae19:192.168.151.73:42001], old=null
2019-09-25 12:57:34,746 [pool-57-thread-1] INFO  impl.RaftServerImpl (RaftServerImpl.java:setRole(174)) - d60bfa88-4f5c-40e2-9e6f-04cdce80ae19@group-5C99E7640DB9: changes role from      null to FOLLOWER at term 0 for startAsFollower
2019-09-25 12:57:34,747 [pool-57-thread-1] INFO  impl.RoleInfo (RoleInfo.java:updateAndGet(143)) - d60bfa88-4f5c-40e2-9e6f-04cdce80ae19: start FollowerState
2019-09-25 12:57:34,747 [pool-57-thread-1] INFO  util.JmxRegister (JmxRegister.java:tryRegister(44)) - Successfully registered JMX Bean with object name Ratis:service=RaftServer,group=group-5C99E7640DB9,id=d60bfa88-4f5c-40e2-9e6f-04cdce80ae19
2019-09-25 12:57:34,752 [RatisPipelineUtilsThread] INFO  pipeline.PipelineStateManager (PipelineStateManager.java:addPipeline(56)) - Created pipeline Pipeline[ Id: 41e8ccde-fa9f-41da-aeb6-5c99e7640db9, Nodes: d60bfa88-4f5c-40e2-9e6f-04cdce80ae19{ip: 192.168.151.73, host: pr-hdds-1569-shd4m-3693607622, networkLocation: /default-rack, certSerialId: null}, Type:RATIS, Factor:ONE, State:OPEN]
2019-09-25 12:57:34,752 [RatisPipelineUtilsThread] INFO  pipeline.PipelinePlacementPolicy (PipelinePlacementPolicy.java:meetCriteria(91)) - Pipeline Placement: can't place more pipeline on heavy datanode： 05c10ba5-9820-4ddb-94b6-a7ebb5af4f34 Heaviness: 6 limit: 5
2019-09-25 12:57:34,752 [RatisPipelineUtilsThread] INFO  pipeline.PipelinePlacementPolicy (PipelinePlacementPolicy.java:meetCriteria(91)) - Pipeline Placement: can't place more pipeline on heavy datanode： 548f63c1-ecb3-4338-9923-ba2d46dbaf7d Heaviness: 6 limit: 5
2019-09-25 12:57:34,752 [RatisPipelineUtilsThread] INFO  pipeline.PipelinePlacementPolicy (PipelinePlacementPolicy.java:meetCriteria(91)) - Pipeline Placement: can't place more pipeline on heavy datanode： 1ad4e210-16ea-448d-9c83-11669c9ee3b6 Heaviness: 6 limit: 5
2019-09-25 12:57:34,760 [grpc-default-executor-0] INFO  impl.RaftServerProxy (RaftServerProxy.java:addNew(89)) - d60bfa88-4f5c-40e2-9e6f-04cdce80ae19: addNew group-4333C1810A74:[d60bfa88-4f5c-40e2-9e6f-04cdce80ae19:192.168.151.73:42001] returns group-4333C1810A74:java.util.concurrent.CompletableFuture@53ab9462[Not completed]
2019-09-25 12:57:34,761 [pool-57-thread-1] INFO  impl.RaftServerImpl (RaftServerImpl.java:<init>(95)) - d60bfa88-4f5c-40e2-9e6f-04cdce80ae19: new RaftServerImpl for group-4333C1810A74:[d60bfa88-4f5c-40e2-9e6f-04cdce80ae19:192.168.151.73:42001] with ContainerStateMachine:uninitialized
2019-09-25 12:57:34,762 [pool-57-thread-1] INFO  server.RaftServerConfigKeys (ConfUtils.java:logGet(43)) - raft.server.rpc.timeout.min = 5s (custom)
2019-09-25 12:57:34,762 [pool-57-thread-1] INFO  server.RaftServerConfigKeys (ConfUtils.java:logGet(43)) - raft.server.rpc.timeout.max = 5200ms (custom)
2019-09-25 12:57:34,762 [pool-57-thread-1] INFO  server.RaftServerConfigKeys (ConfUtils.java:logGet(43)) - raft.server.rpcslowness.timeout = 120s (custom)
2019-09-25 12:57:34,762 [pool-57-thread-1] INFO  server.RaftServerConfigKeys (ConfUtils.java:logGet(43)) - raft.server.sleep.deviation.threshold = 300 (default)
2019-09-25 12:57:34,762 [pool-57-thread-1] INFO  server.RaftServerConfigKeys (ConfUtils.java:logGet(43)) - raft.server.log.appender.install.snapshot.enabled = false (custom)
2019-09-25 12:57:34,762 [pool-57-thread-1] INFO  impl.RaftServerImpl (ServerState.java:<init>(103)) - d60bfa88-4f5c-40e2-9e6f-04cdce80ae19@group-4333C1810A74: ConfigurationManager, init=-1: [d60bfa88-4f5c-40e2-9e6f-04cdce80ae19:192.168.151.73:42001], old=null, confs=<EMPTY_MAP>
2019-09-25 12:57:34,762 [pool-57-thread-1] INFO  server.RaftServerConfigKeys (ConfUtils.java:logGet(43)) - raft.server.storage.dir = [/workdir/hadoop-ozone/tools/target/test-dir/MiniOzoneClusterImpl-ca628441-95e6-4ca0-9871-ceda43659e6a/datanode-3/data/ratis] (custom)
2019-09-25 12:57:34,763 [pool-57-thread-1] INFO  storage.RaftStorageDirectory (RaftStorageDirectory.java:analyzeStorage(246)) - The storage directory /workdir/hadoop-ozone/tools/target/test-dir/MiniOzoneClusterImpl-ca628441-95e6-4ca0-9871-ceda43659e6a/datanode-3/data/ratis/dcb59d86-9275-4e84-a5e9-4333c1810a74 does not exist. Creating ...
 0.00% |█                                                                                                    |  0/1 Time: 0:00:012019-09-25 12:57:34,882 [pool-57-thread-1] INFO  storage.RaftStorageDirectory (RaftStorageDirectory.java:tryLock(328)) - Lock on /workdir/hadoop-ozone/tools/target/test-dir/MiniOzoneClusterImpl-ca628441-95e6-4ca0-9871-ceda43659e6a/datanode-3/data/ratis/dcb59d86-9275-4e84-a5e9-4333c1810a74/in_use.lock acquired by nodename 11947@pr-hdds-1569-shd4m-3693607622
2019-09-25 12:57:34,895 [pool-57-thread-1] INFO  storage.RaftStorage (RaftStorage.java:format(72)) - Storage directory /workdir/hadoop-ozone/tools/target/test-dir/MiniOzoneClusterImpl-ca628441-95e6-4ca0-9871-ceda43659e6a/datanode-3/data/ratis/dcb59d86-9275-4e84-a5e9-4333c1810a74 has been successfully formatted.
2019-09-25 12:57:34,895 [pool-57-thread-1] INFO  ratis.ContainerStateMachine (ContainerStateMachine.java:loadSnapshot(230)) - group-4333C1810A74: The snapshot info is null. Setting the last applied indexto:(t:0, i:~)
2019-09-25 12:57:34,896 [pool-57-thread-1] INFO  server.RaftServerConfigKeys (ConfUtils.java:logGet(43)) - raft.server.notification.no-leader.timeout = 120s (custom)
2019-09-25 12:57:34,896 [pool-57-thread-1] INFO  server.RaftServerConfigKeys (ConfUtils.java:logGet(43)) - raft.server.log.use.memory = false (default)
2019-09-25 12:57:34,896 [pool-57-thread-1] INFO  server.RaftServerConfigKeys (ConfUtils.java:logGet(43)) - raft.server.log.purge.gap = 1000000 (custom)
2019-09-25 12:57:34,896 [pool-57-thread-1] INFO  server.RaftServerConfigKeys (ConfUtils.java:logGet(43)) - raft.server.log.appender.buffer.byte-limit = 33554432 (custom)
2019-09-25 12:57:34,896 [pool-57-thread-1] INFO  server.RaftServerConfigKeys (ConfUtils.java:logGet(43)) - raft.server.log.segment.size.max = 1048576 (custom)
2019-09-25 12:57:34,896 [pool-57-thread-1] INFO  server.RaftServerConfigKeys (ConfUtils.java:logGet(43)) - raft.server.log.segment.cache.num.max = 2 (custom)
2019-09-25 12:57:34,896 [pool-57-thread-1] INFO  segmented.SegmentedRaftLogWorker (SegmentedRaftLogWorker.java:<init>(172)) - new d60bfa88-4f5c-40e2-9e6f-04cdce80ae19@group-4333C1810A74-SegmentedRaftLogWorker for RaftStorage:Storage Directory /workdir/hadoop-ozone/tools/target/test-dir/MiniOzoneClusterImpl-ca628441-95e6-4ca0-9871-ceda43659e6a/datanode-3/data/ratis/dcb59d86-9275-4e84-a5e9-4333c1810a74
2019-09-25 12:57:34,897 [pool-57-thread-1] INFO  server.RaftServerConfigKeys (ConfUtils.java:logGet(43)) - raft.server.log.queue.byte-limit = 2147483647 (custom)
2019-09-25 12:57:34,897 [pool-57-thread-1] INFO  server.RaftServerConfigKeys (ConfUtils.java:logGet(43)) - raft.server.log.queue.element-limit = 1024 (custom)
2019-09-25 12:57:34,897 [pool-57-thread-1] INFO  server.RaftServerConfigKeys (ConfUtils.java:logGet(43)) - raft.server.log.segment.size.max = 1048576 (custom)
2019-09-25 12:57:34,897 [pool-57-thread-1] INFO  server.RaftServerConfigKeys (ConfUtils.java:logGet(43)) - raft.server.log.preallocated.size = 16384 (custom)
2019-09-25 12:57:34,897 [pool-57-thread-1] INFO  server.RaftServerConfigKeys (ConfUtils.java:logGet(43)) - raft.server.log.write.buffer.size = 33554432 (custom)
2019-09-25 12:57:34,897 [pool-57-thread-1] INFO  server.RaftServerConfigKeys (ConfUtils.java:logGet(43)) - raft.server.log.force.sync.num = 128 (default)
2019-09-25 12:57:34,897 [pool-57-thread-1] INFO  server.RaftServerConfigKeys (ConfUtils.java:logGet(43)) - raft.server.log.statemachine.data.sync = true (default)
2019-09-25 12:57:34,898 [pool-57-thread-1] INFO  server.RaftServerConfigKeys (ConfUtils.java:logGet(43)) - raft.server.log.statemachine.data.sync.timeout = 10s (default)
2019-09-25 12:57:34,898 [pool-57-thread-1] INFO  server.RaftServerConfigKeys (ConfUtils.java:logGet(43)) - raft.server.log.statemachine.data.sync.timeout.retry = -1 (default)
2019-09-25 12:57:34,898 [pool-57-thread-1] INFO  server.RaftServerConfigKeys (ConfUtils.java:logGet(43)) - raft.server.log.statemachine.data.caching.enabled = true (custom)
2019-09-25 12:57:34,898 [pool-57-thread-1] INFO  segmented.SegmentedRaftLogWorker (SegmentedRaftLogWorker.java:lambda$new$0(132)) - d60bfa88-4f5c-40e2-9e6f-04cdce80ae19@group-4333C1810A74-SegmentedRaftLogWorker: flushIndex: setUnconditionally 0 -> -1
2019-09-25 12:57:34,899 [pool-57-thread-1] INFO  server.RaftServerConfigKeys (ConfUtils.java:logGet(43)) - raft.server.snapshot.auto.trigger.enabled = true (custom)
2019-09-25 12:57:34,899 [pool-57-thread-1] INFO  server.RaftServerConfigKeys (ConfUtils.java:logGet(43)) - raft.server.snapshot.auto.trigger.threshold = 10000 (custom)
2019-09-25 12:57:34,899 [pool-57-thread-1] INFO  server.RaftServerConfigKeys (ConfUtils.java:logGet(43)) - raft.server.snapshot.retention.num.files = 5 (custom)
2019-09-25 12:57:34,899 [pool-57-thread-1] INFO  server.RaftServerConfigKeys (ConfUtils.java:logGet(43)) - raft.server.retrycache.expirytime = 600000ms (custom)
2019-09-25 12:57:34,901 [pool-57-thread-1] INFO  impl.RaftServerImpl (RaftServerImpl.java:start(185)) - d60bfa88-4f5c-40e2-9e6f-04cdce80ae19@group-4333C1810A74: start as a follower, conf=-1: [d60bfa88-4f5c-40e2-9e6f-04cdce80ae19:192.168.151.73:42001], old=null
2019-09-25 12:57:34,901 [pool-57-thread-1] INFO  impl.RaftServerImpl (RaftServerImpl.java:setRole(174)) - d60bfa88-4f5c-40e2-9e6f-04cdce80ae19@group-4333C1810A74: changes role from      null to FOLLOWER at term 0 for startAsFollower
2019-09-25 12:57:34,902 [pool-57-thread-1] INFO  impl.RoleInfo (RoleInfo.java:updateAndGet(143)) - d60bfa88-4f5c-40e2-9e6f-04cdce80ae19: start FollowerState
2019-09-25 12:57:34,902 [pool-57-thread-1] INFO  util.JmxRegister (JmxRegister.java:tryRegister(44)) - Successfully registered JMX Bean with object name Ratis:service=RaftServer,group=group-4333C1810A74,id=d60bfa88-4f5c-40e2-9e6f-04cdce80ae19
2019-09-25 12:57:34,908 [RatisPipelineUtilsThread] INFO  pipeline.PipelineStateManager (PipelineStateManager.java:addPipeline(56)) - Created pipeline Pipeline[ Id: dcb59d86-9275-4e84-a5e9-4333c1810a74, Nodes: d60bfa88-4f5c-40e2-9e6f-04cdce80ae19{ip: 192.168.151.73, host: pr-hdds-1569-shd4m-3693607622, networkLocation: /default-rack, certSerialId: null}, Type:RATIS, Factor:ONE, State:OPEN]
2019-09-25 12:57:34,908 [RatisPipelineUtilsThread] INFO  pipeline.PipelinePlacementPolicy (PipelinePlacementPolicy.java:meetCriteria(91)) - Pipeline Placement: can't place more pipeline on heavy datanode： d60bfa88-4f5c-40e2-9e6f-04cdce80ae19 Heaviness: 6 limit: 5
2019-09-25 12:57:34,908 [RatisPipelineUtilsThread] INFO  pipeline.PipelinePlacementPolicy (PipelinePlacementPolicy.java:meetCriteria(91)) - Pipeline Placement: can't place more pipeline on heavy datanode： 05c10ba5-9820-4ddb-94b6-a7ebb5af4f34 Heaviness: 6 limit: 5
2019-09-25 12:57:34,908 [RatisPipelineUtilsThread] INFO  pipeline.PipelinePlacementPolicy (PipelinePlacementPolicy.java:meetCriteria(91)) - Pipeline Placement: can't place more pipeline on heavy datanode： 548f63c1-ecb3-4338-9923-ba2d46dbaf7d Heaviness: 6 limit: 5
2019-09-25 12:57:34,909 [RatisPipelineUtilsThread] INFO  pipeline.PipelinePlacementPolicy (PipelinePlacementPolicy.java:meetCriteria(91)) - Pipeline Placement: can't place more pipeline on heavy datanode： 1ad4e210-16ea-448d-9c83-11669c9ee3b6 Heaviness: 6 limit: 5
2019-09-25 12:57:34,920 [grpc-default-executor-0] INFO  impl.RaftServerProxy (RaftServerProxy.java:addNew(89)) - 82a69ee4-b3af-4378-aabd-e501c7175382: addNew group-409A51AC2E77:[82a69ee4-b3af-4378-aabd-e501c7175382:192.168.151.73:33917] returns group-409A51AC2E77:java.util.concurrent.CompletableFuture@495659a2[Not completed]
2019-09-25 12:57:34,922 [pool-67-thread-1] INFO  impl.RaftServerImpl (RaftServerImpl.java:<init>(95)) - 82a69ee4-b3af-4378-aabd-e501c7175382: new RaftServerImpl for group-409A51AC2E77:[82a69ee4-b3af-4378-aabd-e501c7175382:192.168.151.73:33917] with ContainerStateMachine:uninitialized
2019-09-25 12:57:34,922 [pool-67-thread-1] INFO  server.RaftServerConfigKeys (ConfUtils.java:logGet(43)) - raft.server.rpc.timeout.min = 5s (custom)
2019-09-25 12:57:34,922 [pool-67-thread-1] INFO  server.RaftServerConfigKeys (ConfUtils.java:logGet(43)) - raft.server.rpc.timeout.max = 5200ms (custom)
2019-09-25 12:57:34,922 [pool-67-thread-1] INFO  server.RaftServerConfigKeys (ConfUtils.java:logGet(43)) - raft.server.rpcslowness.timeout = 120s (custom)
2019-09-25 12:57:34,922 [pool-67-thread-1] INFO  server.RaftServerConfigKeys (ConfUtils.java:logGet(43)) - raft.server.sleep.deviation.threshold = 300 (default)
2019-09-25 12:57:34,922 [pool-67-thread-1] INFO  server.RaftServerConfigKeys (ConfUtils.java:logGet(43)) - raft.server.log.appender.install.snapshot.enabled = false (custom)
2019-09-25 12:57:34,923 [pool-67-thread-1] INFO  impl.RaftServerImpl (ServerState.java:<init>(103)) - 82a69ee4-b3af-4378-aabd-e501c7175382@group-409A51AC2E77: ConfigurationManager, init=-1: [82a69ee4-b3af-4378-aabd-e501c7175382:192.168.151.73:33917], old=null, confs=<EMPTY_MAP>
2019-09-25 12:57:34,923 [pool-67-thread-1] INFO  server.RaftServerConfigKeys (ConfUtils.java:logGet(43)) - raft.server.storage.dir = [/workdir/hadoop-ozone/tools/target/test-dir/MiniOzoneClusterImpl-ca628441-95e6-4ca0-9871-ceda43659e6a/datanode-4/data/ratis] (custom)
2019-09-25 12:57:34,923 [pool-67-thread-1] INFO  storage.RaftStorageDirectory (RaftStorageDirectory.java:analyzeStorage(246)) - The storage directory /workdir/hadoop-ozone/tools/target/test-dir/MiniOzoneClusterImpl-ca628441-95e6-4ca0-9871-ceda43659e6a/datanode-4/data/ratis/a117c119-3549-4ec3-9610-409a51ac2e77 does not exist. Creating ...
2019-09-25 12:57:34,931 [Thread-208] INFO  container.ReplicationManager (ReplicationManager.java:start(163)) - Starting Replication Monitor Thread.
2019-09-25 12:57:34,933 [ReplicationMonitor] INFO  container.ReplicationManager (ReplicationManager.java:run(226)) - Replication Monitor Thread took 1 milliseconds for processing 0 containers.
2019-09-25 12:57:34,948 [pool-67-thread-1] INFO  storage.RaftStorageDirectory (RaftStorageDirectory.java:tryLock(328)) - Lock on /workdir/hadoop-ozone/tools/target/test-dir/MiniOzoneClusterImpl-ca628441-95e6-4ca0-9871-ceda43659e6a/datanode-4/data/ratis/a117c119-3549-4ec3-9610-409a51ac2e77/in_use.lock acquired by nodename 11947@pr-hdds-1569-shd4m-3693607622
2019-09-25 12:57:34,971 [pool-67-thread-1] INFO  storage.RaftStorage (RaftStorage.java:format(72)) - Storage directory /workdir/hadoop-ozone/tools/target/test-dir/MiniOzoneClusterImpl-ca628441-95e6-4ca0-9871-ceda43659e6a/datanode-4/data/ratis/a117c119-3549-4ec3-9610-409a51ac2e77 has been successfully formatted.
2019-09-25 12:57:34,971 [pool-67-thread-1] INFO  ratis.ContainerStateMachine (ContainerStateMachine.java:loadSnapshot(230)) - group-409A51AC2E77: The snapshot info is null. Setting the last applied indexto:(t:0, i:~)
2019-09-25 12:57:34,971 [pool-67-thread-1] INFO  server.RaftServerConfigKeys (ConfUtils.java:logGet(43)) - raft.server.notification.no-leader.timeout = 120s (custom)
2019-09-25 12:57:34,971 [pool-67-thread-1] INFO  server.RaftServerConfigKeys (ConfUtils.java:logGet(43)) - raft.server.log.use.memory = false (default)
2019-09-25 12:57:34,972 [pool-67-thread-1] INFO  server.RaftServerConfigKeys (ConfUtils.java:logGet(43)) - raft.server.log.purge.gap = 1000000 (custom)
2019-09-25 12:57:34,972 [pool-67-thread-1] INFO  server.RaftServerConfigKeys (ConfUtils.java:logGet(43)) - raft.server.log.appender.buffer.byte-limit = 33554432 (custom)
2019-09-25 12:57:34,972 [pool-67-thread-1] INFO  server.RaftServerConfigKeys (ConfUtils.java:logGet(43)) - raft.server.log.segment.size.max = 1048576 (custom)
2019-09-25 12:57:34,972 [pool-67-thread-1] INFO  server.RaftServerConfigKeys (ConfUtils.java:logGet(43)) - raft.server.log.segment.cache.num.max = 2 (custom)
2019-09-25 12:57:34,972 [pool-67-thread-1] INFO  segmented.SegmentedRaftLogWorker (SegmentedRaftLogWorker.java:<init>(172)) - new 82a69ee4-b3af-4378-aabd-e501c7175382@group-409A51AC2E77-SegmentedRaftLogWorker for RaftStorage:Storage Directory /workdir/hadoop-ozone/tools/target/test-dir/MiniOzoneClusterImpl-ca628441-95e6-4ca0-9871-ceda43659e6a/datanode-4/data/ratis/a117c119-3549-4ec3-9610-409a51ac2e77
2019-09-25 12:57:34,972 [pool-67-thread-1] INFO  server.RaftServerConfigKeys (ConfUtils.java:logGet(43)) - raft.server.log.queue.byte-limit = 2147483647 (custom)
2019-09-25 12:57:34,973 [pool-67-thread-1] INFO  server.RaftServerConfigKeys (ConfUtils.java:logGet(43)) - raft.server.log.queue.element-limit = 1024 (custom)
2019-09-25 12:57:34,973 [pool-67-thread-1] INFO  server.RaftServerConfigKeys (ConfUtils.java:logGet(43)) - raft.server.log.segment.size.max = 1048576 (custom)
2019-09-25 12:57:34,973 [pool-67-thread-1] INFO  server.RaftServerConfigKeys (ConfUtils.java:logGet(43)) - raft.server.log.preallocated.size = 16384 (custom)
2019-09-25 12:57:34,973 [pool-67-thread-1] INFO  server.RaftServerConfigKeys (ConfUtils.java:logGet(43)) - raft.server.log.write.buffer.size = 33554432 (custom)
2019-09-25 12:57:34,973 [pool-67-thread-1] INFO  server.RaftServerConfigKeys (ConfUtils.java:logGet(43)) - raft.server.log.force.sync.num = 128 (default)
2019-09-25 12:57:34,973 [pool-67-thread-1] INFO  server.RaftServerConfigKeys (ConfUtils.java:logGet(43)) - raft.server.log.statemachine.data.sync = true (default)
2019-09-25 12:57:34,974 [pool-67-thread-1] INFO  server.RaftServerConfigKeys (ConfUtils.java:logGet(43)) - raft.server.log.statemachine.data.sync.timeout = 10s (default)
2019-09-25 12:57:34,974 [pool-67-thread-1] INFO  server.RaftServerConfigKeys (ConfUtils.java:logGet(43)) - raft.server.log.statemachine.data.sync.timeout.retry = -1 (default)
2019-09-25 12:57:34,974 [pool-67-thread-1] INFO  server.RaftServerConfigKeys (ConfUtils.java:logGet(43)) - raft.server.log.statemachine.data.caching.enabled = true (custom)
2019-09-25 12:57:34,974 [pool-67-thread-1] INFO  segmented.SegmentedRaftLogWorker (SegmentedRaftLogWorker.java:lambda$new$0(132)) - 82a69ee4-b3af-4378-aabd-e501c7175382@group-409A51AC2E77-SegmentedRaftLogWorker: flushIndex: setUnconditionally 0 -> -1
2019-09-25 12:57:34,975 [pool-67-thread-1] INFO  server.RaftServerConfigKeys (ConfUtils.java:logGet(43)) - raft.server.snapshot.auto.trigger.enabled = true (custom)
2019-09-25 12:57:34,975 [pool-67-thread-1] INFO  server.RaftServerConfigKeys (ConfUtils.java:logGet(43)) - raft.server.snapshot.auto.trigger.threshold = 10000 (custom)
2019-09-25 12:57:34,975 [pool-67-thread-1] INFO  server.RaftServerConfigKeys (ConfUtils.java:logGet(43)) - raft.server.snapshot.retention.num.files = 5 (custom)
2019-09-25 12:57:34,975 [pool-67-thread-1] INFO  server.RaftServerConfigKeys (ConfUtils.java:logGet(43)) - raft.server.retrycache.expirytime = 600000ms (custom)
2019-09-25 12:57:35,126 [pool-67-thread-1] INFO  impl.RaftServerImpl (RaftServerImpl.java:start(185)) - 82a69ee4-b3af-4378-aabd-e501c7175382@group-409A51AC2E77: start as a follower, conf=-1: [82a69ee4-b3af-4378-aabd-e501c7175382:192.168.151.73:33917], old=null
2019-09-25 12:57:35,126 [pool-67-thread-1] INFO  impl.RaftServerImpl (RaftServerImpl.java:setRole(174)) - 82a69ee4-b3af-4378-aabd-e501c7175382@group-409A51AC2E77: changes role from      null to FOLLOWER at term 0 for startAsFollower
2019-09-25 12:57:35,126 [pool-67-thread-1] INFO  impl.RoleInfo (RoleInfo.java:updateAndGet(143)) - 82a69ee4-b3af-4378-aabd-e501c7175382: start FollowerState
2019-09-25 12:57:35,127 [pool-67-thread-1] INFO  util.JmxRegister (JmxRegister.java:tryRegister(44)) - Successfully registered JMX Bean with object name Ratis:service=RaftServer,group=group-409A51AC2E77,id=82a69ee4-b3af-4378-aabd-e501c7175382
2019-09-25 12:57:35,134 [RatisPipelineUtilsThread] INFO  pipeline.PipelineStateManager (PipelineStateManager.java:addPipeline(56)) - Created pipeline Pipeline[ Id: a117c119-3549-4ec3-9610-409a51ac2e77, Nodes: 82a69ee4-b3af-4378-aabd-e501c7175382{ip: 192.168.151.73, host: pr-hdds-1569-shd4m-3693607622, networkLocation: /default-rack, certSerialId: null}, Type:RATIS, Factor:ONE, State:OPEN]
2019-09-25 12:57:35,134 [RatisPipelineUtilsThread] INFO  pipeline.PipelinePlacementPolicy (PipelinePlacementPolicy.java:meetCriteria(91)) - Pipeline Placement: can't place more pipeline on heavy datanode： d60bfa88-4f5c-40e2-9e6f-04cdce80ae19 Heaviness: 6 limit: 5
2019-09-25 12:57:35,134 [RatisPipelineUtilsThread] INFO  pipeline.PipelinePlacementPolicy (PipelinePlacementPolicy.java:meetCriteria(91)) - Pipeline Placement: can't place more pipeline on heavy datanode： 05c10ba5-9820-4ddb-94b6-a7ebb5af4f34 Heaviness: 6 limit: 5
2019-09-25 12:57:35,135 [RatisPipelineUtilsThread] INFO  pipeline.PipelinePlacementPolicy (PipelinePlacementPolicy.java:meetCriteria(91)) - Pipeline Placement: can't place more pipeline on heavy datanode： 548f63c1-ecb3-4338-9923-ba2d46dbaf7d Heaviness: 6 limit: 5
2019-09-25 12:57:35,135 [RatisPipelineUtilsThread] INFO  pipeline.PipelinePlacementPolicy (PipelinePlacementPolicy.java:meetCriteria(91)) - Pipeline Placement: can't place more pipeline on heavy datanode： 1ad4e210-16ea-448d-9c83-11669c9ee3b6 Heaviness: 6 limit: 5
2019-09-25 12:57:35,144 [grpc-default-executor-0] INFO  impl.RaftServerProxy (RaftServerProxy.java:addNew(89)) - 82a69ee4-b3af-4378-aabd-e501c7175382: addNew group-734EB505BA15:[82a69ee4-b3af-4378-aabd-e501c7175382:192.168.151.73:33917] returns group-734EB505BA15:java.util.concurrent.CompletableFuture@120dc009[Not completed]
2019-09-25 12:57:35,145 [pool-67-thread-1] INFO  impl.RaftServerImpl (RaftServerImpl.java:<init>(95)) - 82a69ee4-b3af-4378-aabd-e501c7175382: new RaftServerImpl for group-734EB505BA15:[82a69ee4-b3af-4378-aabd-e501c7175382:192.168.151.73:33917] with ContainerStateMachine:uninitialized
2019-09-25 12:57:35,145 [pool-67-thread-1] INFO  server.RaftServerConfigKeys (ConfUtils.java:logGet(43)) - raft.server.rpc.timeout.min = 5s (custom)
2019-09-25 12:57:35,145 [pool-67-thread-1] INFO  server.RaftServerConfigKeys (ConfUtils.java:logGet(43)) - raft.server.rpc.timeout.max = 5200ms (custom)
2019-09-25 12:57:35,146 [pool-67-thread-1] INFO  server.RaftServerConfigKeys (ConfUtils.java:logGet(43)) - raft.server.rpcslowness.timeout = 120s (custom)
2019-09-25 12:57:35,146 [pool-67-thread-1] INFO  server.RaftServerConfigKeys (ConfUtils.java:logGet(43)) - raft.server.sleep.deviation.threshold = 300 (default)
2019-09-25 12:57:35,146 [pool-67-thread-1] INFO  server.RaftServerConfigKeys (ConfUtils.java:logGet(43)) - raft.server.log.appender.install.snapshot.enabled = false (custom)
2019-09-25 12:57:35,146 [pool-67-thread-1] INFO  impl.RaftServerImpl (ServerState.java:<init>(103)) - 82a69ee4-b3af-4378-aabd-e501c7175382@group-734EB505BA15: ConfigurationManager, init=-1: [82a69ee4-b3af-4378-aabd-e501c7175382:192.168.151.73:33917], old=null, confs=<EMPTY_MAP>
2019-09-25 12:57:35,146 [pool-67-thread-1] INFO  server.RaftServerConfigKeys (ConfUtils.java:logGet(43)) - raft.server.storage.dir = [/workdir/hadoop-ozone/tools/target/test-dir/MiniOzoneClusterImpl-ca628441-95e6-4ca0-9871-ceda43659e6a/datanode-4/data/ratis] (custom)
2019-09-25 12:57:35,147 [pool-67-thread-1] INFO  storage.RaftStorageDirectory (RaftStorageDirectory.java:analyzeStorage(246)) - The storage directory /workdir/hadoop-ozone/tools/target/test-dir/MiniOzoneClusterImpl-ca628441-95e6-4ca0-9871-ceda43659e6a/datanode-4/data/ratis/c7ce3486-9cf0-4cdd-91cb-734eb505ba15 does not exist. Creating ...
2019-09-25 12:57:35,161 [pool-67-thread-1] INFO  storage.RaftStorageDirectory (RaftStorageDirectory.java:tryLock(328)) - Lock on /workdir/hadoop-ozone/tools/target/test-dir/MiniOzoneClusterImpl-ca628441-95e6-4ca0-9871-ceda43659e6a/datanode-4/data/ratis/c7ce3486-9cf0-4cdd-91cb-734eb505ba15/in_use.lock acquired by nodename 11947@pr-hdds-1569-shd4m-3693607622
2019-09-25 12:57:35,184 [pool-67-thread-1] INFO  storage.RaftStorage (RaftStorage.java:format(72)) - Storage directory /workdir/hadoop-ozone/tools/target/test-dir/MiniOzoneClusterImpl-ca628441-95e6-4ca0-9871-ceda43659e6a/datanode-4/data/ratis/c7ce3486-9cf0-4cdd-91cb-734eb505ba15 has been successfully formatted.
2019-09-25 12:57:35,185 [pool-67-thread-1] INFO  ratis.ContainerStateMachine (ContainerStateMachine.java:loadSnapshot(230)) - group-734EB505BA15: The snapshot info is null. Setting the last applied indexto:(t:0, i:~)
2019-09-25 12:57:35,185 [pool-67-thread-1] INFO  server.RaftServerConfigKeys (ConfUtils.java:logGet(43)) - raft.server.notification.no-leader.timeout = 120s (custom)
2019-09-25 12:57:35,185 [pool-67-thread-1] INFO  server.RaftServerConfigKeys (ConfUtils.java:logGet(43)) - raft.server.log.use.memory = false (default)
2019-09-25 12:57:35,185 [pool-67-thread-1] INFO  server.RaftServerConfigKeys (ConfUtils.java:logGet(43)) - raft.server.log.purge.gap = 1000000 (custom)
2019-09-25 12:57:35,185 [pool-67-thread-1] INFO  server.RaftServerConfigKeys (ConfUtils.java:logGet(43)) - raft.server.log.appender.buffer.byte-limit = 33554432 (custom)
2019-09-25 12:57:35,185 [pool-67-thread-1] INFO  server.RaftServerConfigKeys (ConfUtils.java:logGet(43)) - raft.server.log.segment.size.max = 1048576 (custom)
2019-09-25 12:57:35,186 [pool-67-thread-1] INFO  server.RaftServerConfigKeys (ConfUtils.java:logGet(43)) - raft.server.log.segment.cache.num.max = 2 (custom)
2019-09-25 12:57:35,186 [pool-67-thread-1] INFO  segmented.SegmentedRaftLogWorker (SegmentedRaftLogWorker.java:<init>(172)) - new 82a69ee4-b3af-4378-aabd-e501c7175382@group-734EB505BA15-SegmentedRaftLogWorker for RaftStorage:Storage Directory /workdir/hadoop-ozone/tools/target/test-dir/MiniOzoneClusterImpl-ca628441-95e6-4ca0-9871-ceda43659e6a/datanode-4/data/ratis/c7ce3486-9cf0-4cdd-91cb-734eb505ba15
2019-09-25 12:57:35,186 [pool-67-thread-1] INFO  server.RaftServerConfigKeys (ConfUtils.java:logGet(43)) - raft.server.log.queue.byte-limit = 2147483647 (custom)
2019-09-25 12:57:35,186 [pool-67-thread-1] INFO  server.RaftServerConfigKeys (ConfUtils.java:logGet(43)) - raft.server.log.queue.element-limit = 1024 (custom)
2019-09-25 12:57:35,186 [pool-67-thread-1] INFO  server.RaftServerConfigKeys (ConfUtils.java:logGet(43)) - raft.server.log.segment.size.max = 1048576 (custom)
2019-09-25 12:57:35,186 [pool-67-thread-1] INFO  server.RaftServerConfigKeys (ConfUtils.java:logGet(43)) - raft.server.log.preallocated.size = 16384 (custom)
2019-09-25 12:57:35,186 [pool-67-thread-1] INFO  server.RaftServerConfigKeys (ConfUtils.java:logGet(43)) - raft.server.log.write.buffer.size = 33554432 (custom)
2019-09-25 12:57:35,187 [pool-67-thread-1] INFO  server.RaftServerConfigKeys (ConfUtils.java:logGet(43)) - raft.server.log.force.sync.num = 128 (default)
2019-09-25 12:57:35,187 [pool-67-thread-1] INFO  server.RaftServerConfigKeys (ConfUtils.java:logGet(43)) - raft.server.log.statemachine.data.sync = true (default)
2019-09-25 12:57:35,187 [pool-67-thread-1] INFO  server.RaftServerConfigKeys (ConfUtils.java:logGet(43)) - raft.server.log.statemachine.data.sync.timeout = 10s (default)
2019-09-25 12:57:35,187 [pool-67-thread-1] INFO  server.RaftServerConfigKeys (ConfUtils.java:logGet(43)) - raft.server.log.statemachine.data.sync.timeout.retry = -1 (default)
2019-09-25 12:57:35,187 [pool-67-thread-1] INFO  server.RaftServerConfigKeys (ConfUtils.java:logGet(43)) - raft.server.log.statemachine.data.caching.enabled = true (custom)
2019-09-25 12:57:35,188 [pool-67-thread-1] INFO  segmented.SegmentedRaftLogWorker (SegmentedRaftLogWorker.java:lambda$new$0(132)) - 82a69ee4-b3af-4378-aabd-e501c7175382@group-734EB505BA15-SegmentedRaftLogWorker: flushIndex: setUnconditionally 0 -> -1
2019-09-25 12:57:35,188 [pool-67-thread-1] INFO  server.RaftServerConfigKeys (ConfUtils.java:logGet(43)) - raft.server.snapshot.auto.trigger.enabled = true (custom)
2019-09-25 12:57:35,188 [pool-67-thread-1] INFO  server.RaftServerConfigKeys (ConfUtils.java:logGet(43)) - raft.server.snapshot.auto.trigger.threshold = 10000 (custom)
2019-09-25 12:57:35,188 [pool-67-thread-1] INFO  server.RaftServerConfigKeys (ConfUtils.java:logGet(43)) - raft.server.snapshot.retention.num.files = 5 (custom)
2019-09-25 12:57:35,188 [pool-67-thread-1] INFO  server.RaftServerConfigKeys (ConfUtils.java:logGet(43)) - raft.server.retrycache.expirytime = 600000ms (custom)
2019-09-25 12:57:35,191 [pool-67-thread-1] INFO  impl.RaftServerImpl (RaftServerImpl.java:start(185)) - 82a69ee4-b3af-4378-aabd-e501c7175382@group-734EB505BA15: start as a follower, conf=-1: [82a69ee4-b3af-4378-aabd-e501c7175382:192.168.151.73:33917], old=null
2019-09-25 12:57:35,191 [pool-67-thread-1] INFO  impl.RaftServerImpl (RaftServerImpl.java:setRole(174)) - 82a69ee4-b3af-4378-aabd-e501c7175382@group-734EB505BA15: changes role from      null to FOLLOWER at term 0 for startAsFollower
2019-09-25 12:57:35,192 [pool-67-thread-1] INFO  impl.RoleInfo (RoleInfo.java:updateAndGet(143)) - 82a69ee4-b3af-4378-aabd-e501c7175382: start FollowerState
2019-09-25 12:57:35,192 [pool-67-thread-1] INFO  util.JmxRegister (JmxRegister.java:tryRegister(44)) - Successfully registered JMX Bean with object name Ratis:service=RaftServer,group=group-734EB505BA15,id=82a69ee4-b3af-4378-aabd-e501c7175382
2019-09-25 12:57:35,197 [RatisPipelineUtilsThread] INFO  pipeline.PipelineStateManager (PipelineStateManager.java:addPipeline(56)) - Created pipeline Pipeline[ Id: c7ce3486-9cf0-4cdd-91cb-734eb505ba15, Nodes: 82a69ee4-b3af-4378-aabd-e501c7175382{ip: 192.168.151.73, host: pr-hdds-1569-shd4m-3693607622, networkLocation: /default-rack, certSerialId: null}, Type:RATIS, Factor:ONE, State:OPEN]
2019-09-25 12:57:35,197 [RatisPipelineUtilsThread] INFO  pipeline.PipelinePlacementPolicy (PipelinePlacementPolicy.java:meetCriteria(91)) - Pipeline Placement: can't place more pipeline on heavy datanode： d60bfa88-4f5c-40e2-9e6f-04cdce80ae19 Heaviness: 6 limit: 5
2019-09-25 12:57:35,198 [RatisPipelineUtilsThread] INFO  pipeline.PipelinePlacementPolicy (PipelinePlacementPolicy.java:meetCriteria(91)) - Pipeline Placement: can't place more pipeline on heavy datanode： 05c10ba5-9820-4ddb-94b6-a7ebb5af4f34 Heaviness: 6 limit: 5
2019-09-25 12:57:35,198 [RatisPipelineUtilsThread] INFO  pipeline.PipelinePlacementPolicy (PipelinePlacementPolicy.java:meetCriteria(91)) - Pipeline Placement: can't place more pipeline on heavy datanode： 548f63c1-ecb3-4338-9923-ba2d46dbaf7d Heaviness: 6 limit: 5
2019-09-25 12:57:35,198 [RatisPipelineUtilsThread] INFO  pipeline.PipelinePlacementPolicy (PipelinePlacementPolicy.java:meetCriteria(91)) - Pipeline Placement: can't place more pipeline on heavy datanode： 1ad4e210-16ea-448d-9c83-11669c9ee3b6 Heaviness: 6 limit: 5
2019-09-25 12:57:35,206 [grpc-default-executor-0] INFO  impl.RaftServerProxy (RaftServerProxy.java:addNew(89)) - 82a69ee4-b3af-4378-aabd-e501c7175382: addNew group-8CBD202F8EC3:[82a69ee4-b3af-4378-aabd-e501c7175382:192.168.151.73:33917] returns group-8CBD202F8EC3:java.util.concurrent.CompletableFuture@5b69374e[Not completed]
2019-09-25 12:57:35,207 [pool-67-thread-1] INFO  impl.RaftServerImpl (RaftServerImpl.java:<init>(95)) - 82a69ee4-b3af-4378-aabd-e501c7175382: new RaftServerImpl for group-8CBD202F8EC3:[82a69ee4-b3af-4378-aabd-e501c7175382:192.168.151.73:33917] with ContainerStateMachine:uninitialized
2019-09-25 12:57:35,208 [pool-67-thread-1] INFO  server.RaftServerConfigKeys (ConfUtils.java:logGet(43)) - raft.server.rpc.timeout.min = 5s (custom)
2019-09-25 12:57:35,208 [pool-67-thread-1] INFO  server.RaftServerConfigKeys (ConfUtils.java:logGet(43)) - raft.server.rpc.timeout.max = 5200ms (custom)
2019-09-25 12:57:35,208 [pool-67-thread-1] INFO  server.RaftServerConfigKeys (ConfUtils.java:logGet(43)) - raft.server.rpcslowness.timeout = 120s (custom)
2019-09-25 12:57:35,208 [pool-67-thread-1] INFO  server.RaftServerConfigKeys (ConfUtils.java:logGet(43)) - raft.server.sleep.deviation.threshold = 300 (default)
2019-09-25 12:57:35,208 [pool-67-thread-1] INFO  server.RaftServerConfigKeys (ConfUtils.java:logGet(43)) - raft.server.log.appender.install.snapshot.enabled = false (custom)
2019-09-25 12:57:35,208 [pool-67-thread-1] INFO  impl.RaftServerImpl (ServerState.java:<init>(103)) - 82a69ee4-b3af-4378-aabd-e501c7175382@group-8CBD202F8EC3: ConfigurationManager, init=-1: [82a69ee4-b3af-4378-aabd-e501c7175382:192.168.151.73:33917], old=null, confs=<EMPTY_MAP>
2019-09-25 12:57:35,208 [pool-67-thread-1] INFO  server.RaftServerConfigKeys (ConfUtils.java:logGet(43)) - raft.server.storage.dir = [/workdir/hadoop-ozone/tools/target/test-dir/MiniOzoneClusterImpl-ca628441-95e6-4ca0-9871-ceda43659e6a/datanode-4/data/ratis] (custom)
2019-09-25 12:57:35,209 [pool-67-thread-1] INFO  storage.RaftStorageDirectory (RaftStorageDirectory.java:analyzeStorage(246)) - The storage directory /workdir/hadoop-ozone/tools/target/test-dir/MiniOzoneClusterImpl-ca628441-95e6-4ca0-9871-ceda43659e6a/datanode-4/data/ratis/40f860b5-4002-4fb3-affb-8cbd202f8ec3 does not exist. Creating ...
2019-09-25 12:57:35,225 [pool-67-thread-1] INFO  storage.RaftStorageDirectory (RaftStorageDirectory.java:tryLock(328)) - Lock on /workdir/hadoop-ozone/tools/target/test-dir/MiniOzoneClusterImpl-ca628441-95e6-4ca0-9871-ceda43659e6a/datanode-4/data/ratis/40f860b5-4002-4fb3-affb-8cbd202f8ec3/in_use.lock acquired by nodename 11947@pr-hdds-1569-shd4m-3693607622
2019-09-25 12:57:35,249 [pool-67-thread-1] INFO  storage.RaftStorage (RaftStorage.java:format(72)) - Storage directory /workdir/hadoop-ozone/tools/target/test-dir/MiniOzoneClusterImpl-ca628441-95e6-4ca0-9871-ceda43659e6a/datanode-4/data/ratis/40f860b5-4002-4fb3-affb-8cbd202f8ec3 has been successfully formatted.
2019-09-25 12:57:35,250 [pool-67-thread-1] INFO  ratis.ContainerStateMachine (ContainerStateMachine.java:loadSnapshot(230)) - group-8CBD202F8EC3: The snapshot info is null. Setting the last applied indexto:(t:0, i:~)
2019-09-25 12:57:35,250 [pool-67-thread-1] INFO  server.RaftServerConfigKeys (ConfUtils.java:logGet(43)) - raft.server.notification.no-leader.timeout = 120s (custom)
2019-09-25 12:57:35,250 [pool-67-thread-1] INFO  server.RaftServerConfigKeys (ConfUtils.java:logGet(43)) - raft.server.log.use.memory = false (default)
2019-09-25 12:57:35,250 [pool-67-thread-1] INFO  server.RaftServerConfigKeys (ConfUtils.java:logGet(43)) - raft.server.log.purge.gap = 1000000 (custom)
2019-09-25 12:57:35,250 [pool-67-thread-1] INFO  server.RaftServerConfigKeys (ConfUtils.java:logGet(43)) - raft.server.log.appender.buffer.byte-limit = 33554432 (custom)
2019-09-25 12:57:35,250 [pool-67-thread-1] INFO  server.RaftServerConfigKeys (ConfUtils.java:logGet(43)) - raft.server.log.segment.size.max = 1048576 (custom)
2019-09-25 12:57:35,250 [pool-67-thread-1] INFO  server.RaftServerConfigKeys (ConfUtils.java:logGet(43)) - raft.server.log.segment.cache.num.max = 2 (custom)
2019-09-25 12:57:35,250 [pool-67-thread-1] INFO  segmented.SegmentedRaftLogWorker (SegmentedRaftLogWorker.java:<init>(172)) - new 82a69ee4-b3af-4378-aabd-e501c7175382@group-8CBD202F8EC3-SegmentedRaftLogWorker for RaftStorage:Storage Directory /workdir/hadoop-ozone/tools/target/test-dir/MiniOzoneClusterImpl-ca628441-95e6-4ca0-9871-ceda43659e6a/datanode-4/data/ratis/40f860b5-4002-4fb3-affb-8cbd202f8ec3
2019-09-25 12:57:35,251 [pool-67-thread-1] INFO  server.RaftServerConfigKeys (ConfUtils.java:logGet(43)) - raft.server.log.queue.byte-limit = 2147483647 (custom)
2019-09-25 12:57:35,251 [pool-67-thread-1] INFO  server.RaftServerConfigKeys (ConfUtils.java:logGet(43)) - raft.server.log.queue.element-limit = 1024 (custom)
2019-09-25 12:57:35,251 [pool-67-thread-1] INFO  server.RaftServerConfigKeys (ConfUtils.java:logGet(43)) - raft.server.log.segment.size.max = 1048576 (custom)
2019-09-25 12:57:35,251 [pool-67-thread-1] INFO  server.RaftServerConfigKeys (ConfUtils.java:logGet(43)) - raft.server.log.preallocated.size = 16384 (custom)
2019-09-25 12:57:35,251 [pool-67-thread-1] INFO  server.RaftServerConfigKeys (ConfUtils.java:logGet(43)) - raft.server.log.write.buffer.size = 33554432 (custom)
2019-09-25 12:57:35,251 [pool-67-thread-1] INFO  server.RaftServerConfigKeys (ConfUtils.java:logGet(43)) - raft.server.log.force.sync.num = 128 (default)
2019-09-25 12:57:35,251 [pool-67-thread-1] INFO  server.RaftServerConfigKeys (ConfUtils.java:logGet(43)) - raft.server.log.statemachine.data.sync = true (default)
2019-09-25 12:57:35,252 [pool-67-thread-1] INFO  server.RaftServerConfigKeys (ConfUtils.java:logGet(43)) - raft.server.log.statemachine.data.sync.timeout = 10s (default)
2019-09-25 12:57:35,252 [pool-67-thread-1] INFO  server.RaftServerConfigKeys (ConfUtils.java:logGet(43)) - raft.server.log.statemachine.data.sync.timeout.retry = -1 (default)
2019-09-25 12:57:35,252 [pool-67-thread-1] INFO  server.RaftServerConfigKeys (ConfUtils.java:logGet(43)) - raft.server.log.statemachine.data.caching.enabled = true (custom)
2019-09-25 12:57:35,252 [pool-67-thread-1] INFO  segmented.SegmentedRaftLogWorker (SegmentedRaftLogWorker.java:lambda$new$0(132)) - 82a69ee4-b3af-4378-aabd-e501c7175382@group-8CBD202F8EC3-SegmentedRaftLogWorker: flushIndex: setUnconditionally 0 -> -1
2019-09-25 12:57:35,252 [pool-67-thread-1] INFO  server.RaftServerConfigKeys (ConfUtils.java:logGet(43)) - raft.server.snapshot.auto.trigger.enabled = true (custom)
2019-09-25 12:57:35,253 [pool-67-thread-1] INFO  server.RaftServerConfigKeys (ConfUtils.java:logGet(43)) - raft.server.snapshot.auto.trigger.threshold = 10000 (custom)
2019-09-25 12:57:35,253 [pool-67-thread-1] INFO  server.RaftServerConfigKeys (ConfUtils.java:logGet(43)) - raft.server.snapshot.retention.num.files = 5 (custom)
2019-09-25 12:57:35,253 [pool-67-thread-1] INFO  server.RaftServerConfigKeys (ConfUtils.java:logGet(43)) - raft.server.retrycache.expirytime = 600000ms (custom)
2019-09-25 12:57:35,255 [pool-67-thread-1] INFO  impl.RaftServerImpl (RaftServerImpl.java:start(185)) - 82a69ee4-b3af-4378-aabd-e501c7175382@group-8CBD202F8EC3: start as a follower, conf=-1: [82a69ee4-b3af-4378-aabd-e501c7175382:192.168.151.73:33917], old=null
2019-09-25 12:57:35,255 [pool-67-thread-1] INFO  impl.RaftServerImpl (RaftServerImpl.java:setRole(174)) - 82a69ee4-b3af-4378-aabd-e501c7175382@group-8CBD202F8EC3: changes role from      null to FOLLOWER at term 0 for startAsFollower
2019-09-25 12:57:35,255 [pool-67-thread-1] INFO  impl.RoleInfo (RoleInfo.java:updateAndGet(143)) - 82a69ee4-b3af-4378-aabd-e501c7175382: start FollowerState
2019-09-25 12:57:35,256 [pool-67-thread-1] INFO  util.JmxRegister (JmxRegister.java:tryRegister(44)) - Successfully registered JMX Bean with object name Ratis:service=RaftServer,group=group-8CBD202F8EC3,id=82a69ee4-b3af-4378-aabd-e501c7175382
2019-09-25 12:57:35,261 [RatisPipelineUtilsThread] INFO  pipeline.PipelineStateManager (PipelineStateManager.java:addPipeline(56)) - Created pipeline Pipeline[ Id: 40f860b5-4002-4fb3-affb-8cbd202f8ec3, Nodes: 82a69ee4-b3af-4378-aabd-e501c7175382{ip: 192.168.151.73, host: pr-hdds-1569-shd4m-3693607622, networkLocation: /default-rack, certSerialId: null}, Type:RATIS, Factor:ONE, State:OPEN]
2019-09-25 12:57:35,261 [RatisPipelineUtilsThread] INFO  pipeline.PipelinePlacementPolicy (PipelinePlacementPolicy.java:meetCriteria(91)) - Pipeline Placement: can't place more pipeline on heavy datanode： d60bfa88-4f5c-40e2-9e6f-04cdce80ae19 Heaviness: 6 limit: 5
2019-09-25 12:57:35,261 [RatisPipelineUtilsThread] INFO  pipeline.PipelinePlacementPolicy (PipelinePlacementPolicy.java:meetCriteria(91)) - Pipeline Placement: can't place more pipeline on heavy datanode： 05c10ba5-9820-4ddb-94b6-a7ebb5af4f34 Heaviness: 6 limit: 5
2019-09-25 12:57:35,261 [RatisPipelineUtilsThread] INFO  pipeline.PipelinePlacementPolicy (PipelinePlacementPolicy.java:meetCriteria(91)) - Pipeline Placement: can't place more pipeline on heavy datanode： 548f63c1-ecb3-4338-9923-ba2d46dbaf7d Heaviness: 6 limit: 5
2019-09-25 12:57:35,261 [RatisPipelineUtilsThread] INFO  pipeline.PipelinePlacementPolicy (PipelinePlacementPolicy.java:meetCriteria(91)) - Pipeline Placement: can't place more pipeline on heavy datanode： 1ad4e210-16ea-448d-9c83-11669c9ee3b6 Heaviness: 6 limit: 5
2019-09-25 12:57:35,270 [grpc-default-executor-0] INFO  impl.RaftServerProxy (RaftServerProxy.java:addNew(89)) - 82a69ee4-b3af-4378-aabd-e501c7175382: addNew group-D2BF767ABDDA:[82a69ee4-b3af-4378-aabd-e501c7175382:192.168.151.73:33917] returns group-D2BF767ABDDA:java.util.concurrent.CompletableFuture@68a77449[Not completed]
2019-09-25 12:57:35,271 [pool-67-thread-1] INFO  impl.RaftServerImpl (RaftServerImpl.java:<init>(95)) - 82a69ee4-b3af-4378-aabd-e501c7175382: new RaftServerImpl for group-D2BF767ABDDA:[82a69ee4-b3af-4378-aabd-e501c7175382:192.168.151.73:33917] with ContainerStateMachine:uninitialized
2019-09-25 12:57:35,271 [pool-67-thread-1] INFO  server.RaftServerConfigKeys (ConfUtils.java:logGet(43)) - raft.server.rpc.timeout.min = 5s (custom)
2019-09-25 12:57:35,271 [pool-67-thread-1] INFO  server.RaftServerConfigKeys (ConfUtils.java:logGet(43)) - raft.server.rpc.timeout.max = 5200ms (custom)
2019-09-25 12:57:35,271 [pool-67-thread-1] INFO  server.RaftServerConfigKeys (ConfUtils.java:logGet(43)) - raft.server.rpcslowness.timeout = 120s (custom)
2019-09-25 12:57:35,271 [pool-67-thread-1] INFO  server.RaftServerConfigKeys (ConfUtils.java:logGet(43)) - raft.server.sleep.deviation.threshold = 300 (default)
2019-09-25 12:57:35,271 [pool-67-thread-1] INFO  server.RaftServerConfigKeys (ConfUtils.java:logGet(43)) - raft.server.log.appender.install.snapshot.enabled = false (custom)
2019-09-25 12:57:35,272 [pool-67-thread-1] INFO  impl.RaftServerImpl (ServerState.java:<init>(103)) - 82a69ee4-b3af-4378-aabd-e501c7175382@group-D2BF767ABDDA: ConfigurationManager, init=-1: [82a69ee4-b3af-4378-aabd-e501c7175382:192.168.151.73:33917], old=null, confs=<EMPTY_MAP>
2019-09-25 12:57:35,272 [pool-67-thread-1] INFO  server.RaftServerConfigKeys (ConfUtils.java:logGet(43)) - raft.server.storage.dir = [/workdir/hadoop-ozone/tools/target/test-dir/MiniOzoneClusterImpl-ca628441-95e6-4ca0-9871-ceda43659e6a/datanode-4/data/ratis] (custom)
2019-09-25 12:57:35,272 [pool-67-thread-1] INFO  storage.RaftStorageDirectory (RaftStorageDirectory.java:analyzeStorage(246)) - The storage directory /workdir/hadoop-ozone/tools/target/test-dir/MiniOzoneClusterImpl-ca628441-95e6-4ca0-9871-ceda43659e6a/datanode-4/data/ratis/fceea6ed-6c84-458e-9579-d2bf767abdda does not exist. Creating ...
2019-09-25 12:57:35,285 [pool-67-thread-1] INFO  storage.RaftStorageDirectory (RaftStorageDirectory.java:tryLock(328)) - Lock on /workdir/hadoop-ozone/tools/target/test-dir/MiniOzoneClusterImpl-ca628441-95e6-4ca0-9871-ceda43659e6a/datanode-4/data/ratis/fceea6ed-6c84-458e-9579-d2bf767abdda/in_use.lock acquired by nodename 11947@pr-hdds-1569-shd4m-3693607622
2019-09-25 12:57:35,311 [pool-67-thread-1] INFO  storage.RaftStorage (RaftStorage.java:format(72)) - Storage directory /workdir/hadoop-ozone/tools/target/test-dir/MiniOzoneClusterImpl-ca628441-95e6-4ca0-9871-ceda43659e6a/datanode-4/data/ratis/fceea6ed-6c84-458e-9579-d2bf767abdda has been successfully formatted.
2019-09-25 12:57:35,312 [pool-67-thread-1] INFO  ratis.ContainerStateMachine (ContainerStateMachine.java:loadSnapshot(230)) - group-D2BF767ABDDA: The snapshot info is null. Setting the last applied indexto:(t:0, i:~)
2019-09-25 12:57:35,312 [pool-67-thread-1] INFO  server.RaftServerConfigKeys (ConfUtils.java:logGet(43)) - raft.server.notification.no-leader.timeout = 120s (custom)
2019-09-25 12:57:35,312 [pool-67-thread-1] INFO  server.RaftServerConfigKeys (ConfUtils.java:logGet(43)) - raft.server.log.use.memory = false (default)
2019-09-25 12:57:35,312 [pool-67-thread-1] INFO  server.RaftServerConfigKeys (ConfUtils.java:logGet(43)) - raft.server.log.purge.gap = 1000000 (custom)
2019-09-25 12:57:35,312 [pool-67-thread-1] INFO  server.RaftServerConfigKeys (ConfUtils.java:logGet(43)) - raft.server.log.appender.buffer.byte-limit = 33554432 (custom)
2019-09-25 12:57:35,312 [pool-67-thread-1] INFO  server.RaftServerConfigKeys (ConfUtils.java:logGet(43)) - raft.server.log.segment.size.max = 1048576 (custom)
2019-09-25 12:57:35,312 [pool-67-thread-1] INFO  server.RaftServerConfigKeys (ConfUtils.java:logGet(43)) - raft.server.log.segment.cache.num.max = 2 (custom)
2019-09-25 12:57:35,312 [pool-67-thread-1] INFO  segmented.SegmentedRaftLogWorker (SegmentedRaftLogWorker.java:<init>(172)) - new 82a69ee4-b3af-4378-aabd-e501c7175382@group-D2BF767ABDDA-SegmentedRaftLogWorker for RaftStorage:Storage Directory /workdir/hadoop-ozone/tools/target/test-dir/MiniOzoneClusterImpl-ca628441-95e6-4ca0-9871-ceda43659e6a/datanode-4/data/ratis/fceea6ed-6c84-458e-9579-d2bf767abdda
2019-09-25 12:57:35,313 [pool-67-thread-1] INFO  server.RaftServerConfigKeys (ConfUtils.java:logGet(43)) - raft.server.log.queue.byte-limit = 2147483647 (custom)
2019-09-25 12:57:35,313 [pool-67-thread-1] INFO  server.RaftServerConfigKeys (ConfUtils.java:logGet(43)) - raft.server.log.queue.element-limit = 1024 (custom)
2019-09-25 12:57:35,313 [pool-67-thread-1] INFO  server.RaftServerConfigKeys (ConfUtils.java:logGet(43)) - raft.server.log.segment.size.max = 1048576 (custom)
2019-09-25 12:57:35,313 [pool-67-thread-1] INFO  server.RaftServerConfigKeys (ConfUtils.java:logGet(43)) - raft.server.log.preallocated.size = 16384 (custom)
2019-09-25 12:57:35,313 [pool-67-thread-1] INFO  server.RaftServerConfigKeys (ConfUtils.java:logGet(43)) - raft.server.log.write.buffer.size = 33554432 (custom)
2019-09-25 12:57:35,313 [pool-67-thread-1] INFO  server.RaftServerConfigKeys (ConfUtils.java:logGet(43)) - raft.server.log.force.sync.num = 128 (default)
2019-09-25 12:57:35,313 [pool-67-thread-1] INFO  server.RaftServerConfigKeys (ConfUtils.java:logGet(43)) - raft.server.log.statemachine.data.sync = true (default)
2019-09-25 12:57:35,313 [pool-67-thread-1] INFO  server.RaftServerConfigKeys (ConfUtils.java:logGet(43)) - raft.server.log.statemachine.data.sync.timeout = 10s (default)
2019-09-25 12:57:35,313 [pool-67-thread-1] INFO  server.RaftServerConfigKeys (ConfUtils.java:logGet(43)) - raft.server.log.statemachine.data.sync.timeout.retry = -1 (default)
2019-09-25 12:57:35,314 [pool-67-thread-1] INFO  server.RaftServerConfigKeys (ConfUtils.java:logGet(43)) - raft.server.log.statemachine.data.caching.enabled = true (custom)
2019-09-25 12:57:35,314 [pool-67-thread-1] INFO  segmented.SegmentedRaftLogWorker (SegmentedRaftLogWorker.java:lambda$new$0(132)) - 82a69ee4-b3af-4378-aabd-e501c7175382@group-D2BF767ABDDA-SegmentedRaftLogWorker: flushIndex: setUnconditionally 0 -> -1
2019-09-25 12:57:35,314 [pool-67-thread-1] INFO  server.RaftServerConfigKeys (ConfUtils.java:logGet(43)) - raft.server.snapshot.auto.trigger.enabled = true (custom)
2019-09-25 12:57:35,314 [pool-67-thread-1] INFO  server.RaftServerConfigKeys (ConfUtils.java:logGet(43)) - raft.server.snapshot.auto.trigger.threshold = 10000 (custom)
2019-09-25 12:57:35,314 [pool-67-thread-1] INFO  server.RaftServerConfigKeys (ConfUtils.java:logGet(43)) - raft.server.snapshot.retention.num.files = 5 (custom)
2019-09-25 12:57:35,315 [pool-67-thread-1] INFO  server.RaftServerConfigKeys (ConfUtils.java:logGet(43)) - raft.server.retrycache.expirytime = 600000ms (custom)
2019-09-25 12:57:35,317 [pool-67-thread-1] INFO  impl.RaftServerImpl (RaftServerImpl.java:start(185)) - 82a69ee4-b3af-4378-aabd-e501c7175382@group-D2BF767ABDDA: start as a follower, conf=-1: [82a69ee4-b3af-4378-aabd-e501c7175382:192.168.151.73:33917], old=null
2019-09-25 12:57:35,317 [pool-67-thread-1] INFO  impl.RaftServerImpl (RaftServerImpl.java:setRole(174)) - 82a69ee4-b3af-4378-aabd-e501c7175382@group-D2BF767ABDDA: changes role from      null to FOLLOWER at term 0 for startAsFollower
2019-09-25 12:57:35,317 [pool-67-thread-1] INFO  impl.RoleInfo (RoleInfo.java:updateAndGet(143)) - 82a69ee4-b3af-4378-aabd-e501c7175382: start FollowerState
2019-09-25 12:57:35,317 [pool-67-thread-1] INFO  util.JmxRegister (JmxRegister.java:tryRegister(44)) - Successfully registered JMX Bean with object name Ratis:service=RaftServer,group=group-D2BF767ABDDA,id=82a69ee4-b3af-4378-aabd-e501c7175382
2019-09-25 12:57:35,323 [RatisPipelineUtilsThread] INFO  pipeline.PipelineStateManager (PipelineStateManager.java:addPipeline(56)) - Created pipeline Pipeline[ Id: fceea6ed-6c84-458e-9579-d2bf767abdda, Nodes: 82a69ee4-b3af-4378-aabd-e501c7175382{ip: 192.168.151.73, host: pr-hdds-1569-shd4m-3693607622, networkLocation: /default-rack, certSerialId: null}, Type:RATIS, Factor:ONE, State:OPEN]
2019-09-25 12:57:35,323 [RatisPipelineUtilsThread] INFO  pipeline.PipelinePlacementPolicy (PipelinePlacementPolicy.java:meetCriteria(91)) - Pipeline Placement: can't place more pipeline on heavy datanode： d60bfa88-4f5c-40e2-9e6f-04cdce80ae19 Heaviness: 6 limit: 5
2019-09-25 12:57:35,323 [RatisPipelineUtilsThread] INFO  pipeline.PipelinePlacementPolicy (PipelinePlacementPolicy.java:meetCriteria(91)) - Pipeline Placement: can't place more pipeline on heavy datanode： 05c10ba5-9820-4ddb-94b6-a7ebb5af4f34 Heaviness: 6 limit: 5
2019-09-25 12:57:35,323 [RatisPipelineUtilsThread] INFO  pipeline.PipelinePlacementPolicy (PipelinePlacementPolicy.java:meetCriteria(91)) - Pipeline Placement: can't place more pipeline on heavy datanode： 548f63c1-ecb3-4338-9923-ba2d46dbaf7d Heaviness: 6 limit: 5
2019-09-25 12:57:35,323 [RatisPipelineUtilsThread] INFO  pipeline.PipelinePlacementPolicy (PipelinePlacementPolicy.java:meetCriteria(91)) - Pipeline Placement: can't place more pipeline on heavy datanode： 1ad4e210-16ea-448d-9c83-11669c9ee3b6 Heaviness: 6 limit: 5
2019-09-25 12:57:35,332 [grpc-default-executor-0] INFO  impl.RaftServerProxy (RaftServerProxy.java:addNew(89)) - 82a69ee4-b3af-4378-aabd-e501c7175382: addNew group-650DD9895021:[82a69ee4-b3af-4378-aabd-e501c7175382:192.168.151.73:33917] returns group-650DD9895021:java.util.concurrent.CompletableFuture@158d2848[Not completed]
2019-09-25 12:57:35,333 [pool-67-thread-1] INFO  impl.RaftServerImpl (RaftServerImpl.java:<init>(95)) - 82a69ee4-b3af-4378-aabd-e501c7175382: new RaftServerImpl for group-650DD9895021:[82a69ee4-b3af-4378-aabd-e501c7175382:192.168.151.73:33917] with ContainerStateMachine:uninitialized
2019-09-25 12:57:35,333 [pool-67-thread-1] INFO  server.RaftServerConfigKeys (ConfUtils.java:logGet(43)) - raft.server.rpc.timeout.min = 5s (custom)
2019-09-25 12:57:35,333 [pool-67-thread-1] INFO  server.RaftServerConfigKeys (ConfUtils.java:logGet(43)) - raft.server.rpc.timeout.max = 5200ms (custom)
2019-09-25 12:57:35,334 [pool-67-thread-1] INFO  server.RaftServerConfigKeys (ConfUtils.java:logGet(43)) - raft.server.rpcslowness.timeout = 120s (custom)
2019-09-25 12:57:35,334 [pool-67-thread-1] INFO  server.RaftServerConfigKeys (ConfUtils.java:logGet(43)) - raft.server.sleep.deviation.threshold = 300 (default)
2019-09-25 12:57:35,334 [pool-67-thread-1] INFO  server.RaftServerConfigKeys (ConfUtils.java:logGet(43)) - raft.server.log.appender.install.snapshot.enabled = false (custom)
2019-09-25 12:57:35,334 [pool-67-thread-1] INFO  impl.RaftServerImpl (ServerState.java:<init>(103)) - 82a69ee4-b3af-4378-aabd-e501c7175382@group-650DD9895021: ConfigurationManager, init=-1: [82a69ee4-b3af-4378-aabd-e501c7175382:192.168.151.73:33917], old=null, confs=<EMPTY_MAP>
2019-09-25 12:57:35,334 [pool-67-thread-1] INFO  server.RaftServerConfigKeys (ConfUtils.java:logGet(43)) - raft.server.storage.dir = [/workdir/hadoop-ozone/tools/target/test-dir/MiniOzoneClusterImpl-ca628441-95e6-4ca0-9871-ceda43659e6a/datanode-4/data/ratis] (custom)
2019-09-25 12:57:35,334 [pool-67-thread-1] INFO  storage.RaftStorageDirectory (RaftStorageDirectory.java:analyzeStorage(246)) - The storage directory /workdir/hadoop-ozone/tools/target/test-dir/MiniOzoneClusterImpl-ca628441-95e6-4ca0-9871-ceda43659e6a/datanode-4/data/ratis/1d4864d6-2fe9-4f9d-b012-650dd9895021 does not exist. Creating ...
2019-09-25 12:57:35,347 [pool-67-thread-1] INFO  storage.RaftStorageDirectory (RaftStorageDirectory.java:tryLock(328)) - Lock on /workdir/hadoop-ozone/tools/target/test-dir/MiniOzoneClusterImpl-ca628441-95e6-4ca0-9871-ceda43659e6a/datanode-4/data/ratis/1d4864d6-2fe9-4f9d-b012-650dd9895021/in_use.lock acquired by nodename 11947@pr-hdds-1569-shd4m-3693607622
2019-09-25 12:57:35,361 [pool-67-thread-1] INFO  storage.RaftStorage (RaftStorage.java:format(72)) - Storage directory /workdir/hadoop-ozone/tools/target/test-dir/MiniOzoneClusterImpl-ca628441-95e6-4ca0-9871-ceda43659e6a/datanode-4/data/ratis/1d4864d6-2fe9-4f9d-b012-650dd9895021 has been successfully formatted.
2019-09-25 12:57:35,361 [pool-67-thread-1] INFO  ratis.ContainerStateMachine (ContainerStateMachine.java:loadSnapshot(230)) - group-650DD9895021: The snapshot info is null. Setting the last applied indexto:(t:0, i:~)
2019-09-25 12:57:35,361 [pool-67-thread-1] INFO  server.RaftServerConfigKeys (ConfUtils.java:logGet(43)) - raft.server.notification.no-leader.timeout = 120s (custom)
2019-09-25 12:57:35,362 [pool-67-thread-1] INFO  server.RaftServerConfigKeys (ConfUtils.java:logGet(43)) - raft.server.log.use.memory = false (default)
2019-09-25 12:57:35,362 [pool-67-thread-1] INFO  server.RaftServerConfigKeys (ConfUtils.java:logGet(43)) - raft.server.log.purge.gap = 1000000 (custom)
2019-09-25 12:57:35,362 [pool-67-thread-1] INFO  server.RaftServerConfigKeys (ConfUtils.java:logGet(43)) - raft.server.log.appender.buffer.byte-limit = 33554432 (custom)
2019-09-25 12:57:35,362 [pool-67-thread-1] INFO  server.RaftServerConfigKeys (ConfUtils.java:logGet(43)) - raft.server.log.segment.size.max = 1048576 (custom)
2019-09-25 12:57:35,362 [pool-67-thread-1] INFO  server.RaftServerConfigKeys (ConfUtils.java:logGet(43)) - raft.server.log.segment.cache.num.max = 2 (custom)
2019-09-25 12:57:35,362 [pool-67-thread-1] INFO  segmented.SegmentedRaftLogWorker (SegmentedRaftLogWorker.java:<init>(172)) - new 82a69ee4-b3af-4378-aabd-e501c7175382@group-650DD9895021-SegmentedRaftLogWorker for RaftStorage:Storage Directory /workdir/hadoop-ozone/tools/target/test-dir/MiniOzoneClusterImpl-ca628441-95e6-4ca0-9871-ceda43659e6a/datanode-4/data/ratis/1d4864d6-2fe9-4f9d-b012-650dd9895021
2019-09-25 12:57:35,362 [pool-67-thread-1] INFO  server.RaftServerConfigKeys (ConfUtils.java:logGet(43)) - raft.server.log.queue.byte-limit = 2147483647 (custom)
2019-09-25 12:57:35,362 [pool-67-thread-1] INFO  server.RaftServerConfigKeys (ConfUtils.java:logGet(43)) - raft.server.log.queue.element-limit = 1024 (custom)
2019-09-25 12:57:35,362 [pool-67-thread-1] INFO  server.RaftServerConfigKeys (ConfUtils.java:logGet(43)) - raft.server.log.segment.size.max = 1048576 (custom)
2019-09-25 12:57:35,363 [pool-67-thread-1] INFO  server.RaftServerConfigKeys (ConfUtils.java:logGet(43)) - raft.server.log.preallocated.size = 16384 (custom)
2019-09-25 12:57:35,363 [pool-67-thread-1] INFO  server.RaftServerConfigKeys (ConfUtils.java:logGet(43)) - raft.server.log.write.buffer.size = 33554432 (custom)
2019-09-25 12:57:35,363 [pool-67-thread-1] INFO  server.RaftServerConfigKeys (ConfUtils.java:logGet(43)) - raft.server.log.force.sync.num = 128 (default)
2019-09-25 12:57:35,363 [pool-67-thread-1] INFO  server.RaftServerConfigKeys (ConfUtils.java:logGet(43)) - raft.server.log.statemachine.data.sync = true (default)
2019-09-25 12:57:35,363 [pool-67-thread-1] INFO  server.RaftServerConfigKeys (ConfUtils.java:logGet(43)) - raft.server.log.statemachine.data.sync.timeout = 10s (default)
2019-09-25 12:57:35,363 [pool-67-thread-1] INFO  server.RaftServerConfigKeys (ConfUtils.java:logGet(43)) - raft.server.log.statemachine.data.sync.timeout.retry = -1 (default)
2019-09-25 12:57:35,363 [pool-67-thread-1] INFO  server.RaftServerConfigKeys (ConfUtils.java:logGet(43)) - raft.server.log.statemachine.data.caching.enabled = true (custom)
2019-09-25 12:57:35,363 [pool-67-thread-1] INFO  segmented.SegmentedRaftLogWorker (SegmentedRaftLogWorker.java:lambda$new$0(132)) - 82a69ee4-b3af-4378-aabd-e501c7175382@group-650DD9895021-SegmentedRaftLogWorker: flushIndex: setUnconditionally 0 -> -1
2019-09-25 12:57:35,364 [pool-67-thread-1] INFO  server.RaftServerConfigKeys (ConfUtils.java:logGet(43)) - raft.server.snapshot.auto.trigger.enabled = true (custom)
2019-09-25 12:57:35,364 [pool-67-thread-1] INFO  server.RaftServerConfigKeys (ConfUtils.java:logGet(43)) - raft.server.snapshot.auto.trigger.threshold = 10000 (custom)
2019-09-25 12:57:35,364 [pool-67-thread-1] INFO  server.RaftServerConfigKeys (ConfUtils.java:logGet(43)) - raft.server.snapshot.retention.num.files = 5 (custom)
2019-09-25 12:57:35,364 [pool-67-thread-1] INFO  server.RaftServerConfigKeys (ConfUtils.java:logGet(43)) - raft.server.retrycache.expirytime = 600000ms (custom)
2019-09-25 12:57:35,366 [pool-67-thread-1] INFO  impl.RaftServerImpl (RaftServerImpl.java:start(185)) - 82a69ee4-b3af-4378-aabd-e501c7175382@group-650DD9895021: start as a follower, conf=-1: [82a69ee4-b3af-4378-aabd-e501c7175382:192.168.151.73:33917], old=null
2019-09-25 12:57:35,366 [pool-67-thread-1] INFO  impl.RaftServerImpl (RaftServerImpl.java:setRole(174)) - 82a69ee4-b3af-4378-aabd-e501c7175382@group-650DD9895021: changes role from      null to FOLLOWER at term 0 for startAsFollower
2019-09-25 12:57:35,366 [pool-67-thread-1] INFO  impl.RoleInfo (RoleInfo.java:updateAndGet(143)) - 82a69ee4-b3af-4378-aabd-e501c7175382: start FollowerState
2019-09-25 12:57:35,367 [pool-67-thread-1] INFO  util.JmxRegister (JmxRegister.java:tryRegister(44)) - Successfully registered JMX Bean with object name Ratis:service=RaftServer,group=group-650DD9895021,id=82a69ee4-b3af-4378-aabd-e501c7175382
2019-09-25 12:57:35,373 [RatisPipelineUtilsThread] INFO  pipeline.PipelineStateManager (PipelineStateManager.java:addPipeline(56)) - Created pipeline Pipeline[ Id: 1d4864d6-2fe9-4f9d-b012-650dd9895021, Nodes: 82a69ee4-b3af-4378-aabd-e501c7175382{ip: 192.168.151.73, host: pr-hdds-1569-shd4m-3693607622, networkLocation: /default-rack, certSerialId: null}, Type:RATIS, Factor:ONE, State:OPEN]
2019-09-25 12:57:35,373 [RatisPipelineUtilsThread] INFO  pipeline.PipelinePlacementPolicy (PipelinePlacementPolicy.java:meetCriteria(91)) - Pipeline Placement: can't place more pipeline on heavy datanode： d60bfa88-4f5c-40e2-9e6f-04cdce80ae19 Heaviness: 6 limit: 5
2019-09-25 12:57:35,373 [RatisPipelineUtilsThread] INFO  pipeline.PipelinePlacementPolicy (PipelinePlacementPolicy.java:meetCriteria(91)) - Pipeline Placement: can't place more pipeline on heavy datanode： 05c10ba5-9820-4ddb-94b6-a7ebb5af4f34 Heaviness: 6 limit: 5
2019-09-25 12:57:35,374 [RatisPipelineUtilsThread] INFO  pipeline.PipelinePlacementPolicy (PipelinePlacementPolicy.java:meetCriteria(91)) - Pipeline Placement: can't place more pipeline on heavy datanode： 82a69ee4-b3af-4378-aabd-e501c7175382 Heaviness: 6 limit: 5
2019-09-25 12:57:35,374 [RatisPipelineUtilsThread] INFO  pipeline.PipelinePlacementPolicy (PipelinePlacementPolicy.java:meetCriteria(91)) - Pipeline Placement: can't place more pipeline on heavy datanode： 548f63c1-ecb3-4338-9923-ba2d46dbaf7d Heaviness: 6 limit: 5
2019-09-25 12:57:35,374 [RatisPipelineUtilsThread] INFO  pipeline.PipelinePlacementPolicy (PipelinePlacementPolicy.java:meetCriteria(91)) - Pipeline Placement: can't place more pipeline on heavy datanode： 1ad4e210-16ea-448d-9c83-11669c9ee3b6 Heaviness: 6 limit: 5
2019-09-25 12:57:35,374 [RatisPipelineUtilsThread] ERROR pipeline.PipelinePlacementPolicy (PipelinePlacementPolicy.java:filterViableNodes(148)) - Unable to find enough nodes that meet the criteria that cannot engage in more than 5 pipelines. Nodes required: 1 Found: 0, healthy nodes count inNodeManager: 5.
2019-09-25 12:57:35,377 [RatisPipelineUtilsThread] ERROR pipeline.SCMPipelineManager (SCMPipelineManager.java:createPipeline(167)) - Pipeline creation failed.
org.apache.hadoop.hdds.scm.exceptions.SCMException: Unable to find enough nodes that meet the criteria that cannot engage in more than 5 pipelines. Nodes required: 1 Found: 0, healthy nodes count inNodeManager: 5.
	at org.apache.hadoop.hdds.scm.pipeline.PipelinePlacementPolicy.filterViableNodes(PipelinePlacementPolicy.java:149)
	at org.apache.hadoop.hdds.scm.pipeline.PipelinePlacementPolicy.chooseDatanodes(PipelinePlacementPolicy.java:172)
	at org.apache.hadoop.hdds.scm.pipeline.RatisPipelineProvider.create(RatisPipelineProvider.java:93)
	at org.apache.hadoop.hdds.scm.pipeline.PipelineFactory.create(PipelineFactory.java:58)
	at org.apache.hadoop.hdds.scm.pipeline.SCMPipelineManager.createPipeline(SCMPipelineManager.java:155)
	at org.apache.hadoop.hdds.scm.pipeline.BackgroundPipelineCreator.createPipelines(BackgroundPipelineCreator.java:99)
	at java.util.concurrent.Executors$RunnableAdapter.call(Executors.java:511)
	at java.util.concurrent.FutureTask.run(FutureTask.java:266)
	at java.util.concurrent.ScheduledThreadPoolExecutor$ScheduledFutureTask.access$201(ScheduledThreadPoolExecutor.java:180)
	at java.util.concurrent.ScheduledThreadPoolExecutor$ScheduledFutureTask.run(ScheduledThreadPoolExecutor.java:293)
	at java.util.concurrent.ThreadPoolExecutor.runWorker(ThreadPoolExecutor.java:1149)
	at java.util.concurrent.ThreadPoolExecutor$Worker.run(ThreadPoolExecutor.java:624)
	at java.lang.Thread.run(Thread.java:748)
2019-09-25 12:57:35,379 [RatisPipelineUtilsThread] INFO  pipeline.PipelinePlacementPolicy (PipelinePlacementPolicy.java:meetCriteria(91)) - Pipeline Placement: can't place more pipeline on heavy datanode： d60bfa88-4f5c-40e2-9e6f-04cdce80ae19 Heaviness: 6 limit: 5
2019-09-25 12:57:35,379 [RatisPipelineUtilsThread] INFO  pipeline.PipelinePlacementPolicy (PipelinePlacementPolicy.java:meetCriteria(91)) - Pipeline Placement: can't place more pipeline on heavy datanode： 05c10ba5-9820-4ddb-94b6-a7ebb5af4f34 Heaviness: 6 limit: 5
2019-09-25 12:57:35,380 [RatisPipelineUtilsThread] INFO  pipeline.PipelinePlacementPolicy (PipelinePlacementPolicy.java:meetCriteria(91)) - Pipeline Placement: can't place more pipeline on heavy datanode： 82a69ee4-b3af-4378-aabd-e501c7175382 Heaviness: 6 limit: 5
2019-09-25 12:57:35,380 [RatisPipelineUtilsThread] INFO  pipeline.PipelinePlacementPolicy (PipelinePlacementPolicy.java:meetCriteria(91)) - Pipeline Placement: can't place more pipeline on heavy datanode： 548f63c1-ecb3-4338-9923-ba2d46dbaf7d Heaviness: 6 limit: 5
2019-09-25 12:57:35,380 [RatisPipelineUtilsThread] INFO  pipeline.PipelinePlacementPolicy (PipelinePlacementPolicy.java:meetCriteria(91)) - Pipeline Placement: can't place more pipeline on heavy datanode： 1ad4e210-16ea-448d-9c83-11669c9ee3b6 Heaviness: 6 limit: 5
2019-09-25 12:57:35,380 [RatisPipelineUtilsThread] ERROR pipeline.PipelinePlacementPolicy (PipelinePlacementPolicy.java:filterViableNodes(148)) - Unable to find enough nodes that meet the criteria that cannot engage in more than 5 pipelines. Nodes required: 3 Found: 0, healthy nodes count inNodeManager: 5.
2019-09-25 12:57:35,380 [RatisPipelineUtilsThread] ERROR pipeline.SCMPipelineManager (SCMPipelineManager.java:createPipeline(167)) - Pipeline creation failed.
org.apache.hadoop.hdds.scm.exceptions.SCMException: Unable to find enough nodes that meet the criteria that cannot engage in more than 5 pipelines. Nodes required: 3 Found: 0, healthy nodes count inNodeManager: 5.
	at org.apache.hadoop.hdds.scm.pipeline.PipelinePlacementPolicy.filterViableNodes(PipelinePlacementPolicy.java:149)
	at org.apache.hadoop.hdds.scm.pipeline.PipelinePlacementPolicy.chooseDatanodes(PipelinePlacementPolicy.java:172)
	at org.apache.hadoop.hdds.scm.pipeline.RatisPipelineProvider.create(RatisPipelineProvider.java:93)
	at org.apache.hadoop.hdds.scm.pipeline.PipelineFactory.create(PipelineFactory.java:58)
	at org.apache.hadoop.hdds.scm.pipeline.SCMPipelineManager.createPipeline(SCMPipelineManager.java:155)
	at org.apache.hadoop.hdds.scm.pipeline.BackgroundPipelineCreator.createPipelines(BackgroundPipelineCreator.java:99)
	at java.util.concurrent.Executors$RunnableAdapter.call(Executors.java:511)
	at java.util.concurrent.FutureTask.run(FutureTask.java:266)
	at java.util.concurrent.ScheduledThreadPoolExecutor$ScheduledFutureTask.access$201(ScheduledThreadPoolExecutor.java:180)
	at java.util.concurrent.ScheduledThreadPoolExecutor$ScheduledFutureTask.run(ScheduledThreadPoolExecutor.java:293)
	at java.util.concurrent.ThreadPoolExecutor.runWorker(ThreadPoolExecutor.java:1149)
	at java.util.concurrent.ThreadPoolExecutor$Worker.run(ThreadPoolExecutor.java:624)
	at java.lang.Thread.run(Thread.java:748)
2019-09-25 12:57:35,382 [RatisPipelineUtilsThread] INFO  pipeline.PipelinePlacementPolicy (PipelinePlacementPolicy.java:meetCriteria(91)) - Pipeline Placement: can't place more pipeline on heavy datanode： d60bfa88-4f5c-40e2-9e6f-04cdce80ae19 Heaviness: 6 limit: 5
2019-09-25 12:57:35,383 [RatisPipelineUtilsThread] INFO  pipeline.PipelinePlacementPolicy (PipelinePlacementPolicy.java:meetCriteria(91)) - Pipeline Placement: can't place more pipeline on heavy datanode： 05c10ba5-9820-4ddb-94b6-a7ebb5af4f34 Heaviness: 6 limit: 5
2019-09-25 12:57:35,383 [RatisPipelineUtilsThread] INFO  pipeline.PipelinePlacementPolicy (PipelinePlacementPolicy.java:meetCriteria(91)) - Pipeline Placement: can't place more pipeline on heavy datanode： 82a69ee4-b3af-4378-aabd-e501c7175382 Heaviness: 6 limit: 5
2019-09-25 12:57:35,383 [RatisPipelineUtilsThread] INFO  pipeline.PipelinePlacementPolicy (PipelinePlacementPolicy.java:meetCriteria(91)) - Pipeline Placement: can't place more pipeline on heavy datanode： 548f63c1-ecb3-4338-9923-ba2d46dbaf7d Heaviness: 6 limit: 5
2019-09-25 12:57:35,383 [RatisPipelineUtilsThread] INFO  pipeline.PipelinePlacementPolicy (PipelinePlacementPolicy.java:meetCriteria(91)) - Pipeline Placement: can't place more pipeline on heavy datanode： 1ad4e210-16ea-448d-9c83-11669c9ee3b6 Heaviness: 6 limit: 5
2019-09-25 12:57:35,384 [RatisPipelineUtilsThread] ERROR pipeline.PipelinePlacementPolicy (PipelinePlacementPolicy.java:filterViableNodes(148)) - Unable to find enough nodes that meet the criteria that cannot engage in more than 5 pipelines. Nodes required: 1 Found: 0, healthy nodes count inNodeManager: 5.
2019-09-25 12:57:35,384 [RatisPipelineUtilsThread] ERROR pipeline.SCMPipelineManager (SCMPipelineManager.java:createPipeline(167)) - Pipeline creation failed.
org.apache.hadoop.hdds.scm.exceptions.SCMException: Unable to find enough nodes that meet the criteria that cannot engage in more than 5 pipelines. Nodes required: 1 Found: 0, healthy nodes count inNodeManager: 5.
	at org.apache.hadoop.hdds.scm.pipeline.PipelinePlacementPolicy.filterViableNodes(PipelinePlacementPolicy.java:149)
	at org.apache.hadoop.hdds.scm.pipeline.PipelinePlacementPolicy.chooseDatanodes(PipelinePlacementPolicy.java:172)
	at org.apache.hadoop.hdds.scm.pipeline.RatisPipelineProvider.create(RatisPipelineProvider.java:93)
	at org.apache.hadoop.hdds.scm.pipeline.PipelineFactory.create(PipelineFactory.java:58)
	at org.apache.hadoop.hdds.scm.pipeline.SCMPipelineManager.createPipeline(SCMPipelineManager.java:155)
	at org.apache.hadoop.hdds.scm.pipeline.BackgroundPipelineCreator.createPipelines(BackgroundPipelineCreator.java:99)
	at org.apache.hadoop.hdds.scm.pipeline.BackgroundPipelineCreator.lambda$startFixedIntervalPipelineCreator$0(BackgroundPipelineCreator.java:70)
	at java.util.concurrent.Executors$RunnableAdapter.call(Executors.java:511)
	at java.util.concurrent.FutureTask.runAndReset(FutureTask.java:308)
	at java.util.concurrent.ScheduledThreadPoolExecutor$ScheduledFutureTask.access$301(ScheduledThreadPoolExecutor.java:180)
	at java.util.concurrent.ScheduledThreadPoolExecutor$ScheduledFutureTask.run(ScheduledThreadPoolExecutor.java:294)
	at java.util.concurrent.ThreadPoolExecutor.runWorker(ThreadPoolExecutor.java:1149)
	at java.util.concurrent.ThreadPoolExecutor$Worker.run(ThreadPoolExecutor.java:624)
	at java.lang.Thread.run(Thread.java:748)
2019-09-25 12:57:35,384 [RatisPipelineUtilsThread] INFO  pipeline.PipelinePlacementPolicy (PipelinePlacementPolicy.java:meetCriteria(91)) - Pipeline Placement: can't place more pipeline on heavy datanode： d60bfa88-4f5c-40e2-9e6f-04cdce80ae19 Heaviness: 6 limit: 5
2019-09-25 12:57:35,384 [RatisPipelineUtilsThread] INFO  pipeline.PipelinePlacementPolicy (PipelinePlacementPolicy.java:meetCriteria(91)) - Pipeline Placement: can't place more pipeline on heavy datanode： 05c10ba5-9820-4ddb-94b6-a7ebb5af4f34 Heaviness: 6 limit: 5
2019-09-25 12:57:35,385 [RatisPipelineUtilsThread] INFO  pipeline.PipelinePlacementPolicy (PipelinePlacementPolicy.java:meetCriteria(91)) - Pipeline Placement: can't place more pipeline on heavy datanode： 82a69ee4-b3af-4378-aabd-e501c7175382 Heaviness: 6 limit: 5
2019-09-25 12:57:35,385 [RatisPipelineUtilsThread] INFO  pipeline.PipelinePlacementPolicy (PipelinePlacementPolicy.java:meetCriteria(91)) - Pipeline Placement: can't place more pipeline on heavy datanode： 548f63c1-ecb3-4338-9923-ba2d46dbaf7d Heaviness: 6 limit: 5
2019-09-25 12:57:35,385 [RatisPipelineUtilsThread] INFO  pipeline.PipelinePlacementPolicy (PipelinePlacementPolicy.java:meetCriteria(91)) - Pipeline Placement: can't place more pipeline on heavy datanode： 1ad4e210-16ea-448d-9c83-11669c9ee3b6 Heaviness: 6 limit: 5
2019-09-25 12:57:35,385 [RatisPipelineUtilsThread] ERROR pipeline.PipelinePlacementPolicy (PipelinePlacementPolicy.java:filterViableNodes(148)) - Unable to find enough nodes that meet the criteria that cannot engage in more than 5 pipelines. Nodes required: 3 Found: 0, healthy nodes count inNodeManager: 5.
2019-09-25 12:57:35,385 [RatisPipelineUtilsThread] ERROR pipeline.SCMPipelineManager (SCMPipelineManager.java:createPipeline(167)) - Pipeline creation failed.
org.apache.hadoop.hdds.scm.exceptions.SCMException: Unable to find enough nodes that meet the criteria that cannot engage in more than 5 pipelines. Nodes required: 3 Found: 0, healthy nodes count inNodeManager: 5.
	at org.apache.hadoop.hdds.scm.pipeline.PipelinePlacementPolicy.filterViableNodes(PipelinePlacementPolicy.java:149)
	at org.apache.hadoop.hdds.scm.pipeline.PipelinePlacementPolicy.chooseDatanodes(PipelinePlacementPolicy.java:172)
	at org.apache.hadoop.hdds.scm.pipeline.RatisPipelineProvider.create(RatisPipelineProvider.java:93)
	at org.apache.hadoop.hdds.scm.pipeline.PipelineFactory.create(PipelineFactory.java:58)
	at org.apache.hadoop.hdds.scm.pipeline.SCMPipelineManager.createPipeline(SCMPipelineManager.java:155)
	at org.apache.hadoop.hdds.scm.pipeline.BackgroundPipelineCreator.createPipelines(BackgroundPipelineCreator.java:99)
	at org.apache.hadoop.hdds.scm.pipeline.BackgroundPipelineCreator.lambda$startFixedIntervalPipelineCreator$0(BackgroundPipelineCreator.java:70)
	at java.util.concurrent.Executors$RunnableAdapter.call(Executors.java:511)
	at java.util.concurrent.FutureTask.runAndReset(FutureTask.java:308)
	at java.util.concurrent.ScheduledThreadPoolExecutor$ScheduledFutureTask.access$301(ScheduledThreadPoolExecutor.java:180)
	at java.util.concurrent.ScheduledThreadPoolExecutor$ScheduledFutureTask.run(ScheduledThreadPoolExecutor.java:294)
	at java.util.concurrent.ThreadPoolExecutor.runWorker(ThreadPoolExecutor.java:1149)
	at java.util.concurrent.ThreadPoolExecutor$Worker.run(ThreadPoolExecutor.java:624)
	at java.lang.Thread.run(Thread.java:748)
2019-09-25 12:57:35,386 [IPC Server handler 0 on 41989] INFO  pipeline.PipelinePlacementPolicy (PipelinePlacementPolicy.java:meetCriteria(91)) - Pipeline Placement: can't place more pipeline on heavy datanode： d60bfa88-4f5c-40e2-9e6f-04cdce80ae19 Heaviness: 6 limit: 5
2019-09-25 12:57:35,386 [IPC Server handler 0 on 41989] INFO  pipeline.PipelinePlacementPolicy (PipelinePlacementPolicy.java:meetCriteria(91)) - Pipeline Placement: can't place more pipeline on heavy datanode： 05c10ba5-9820-4ddb-94b6-a7ebb5af4f34 Heaviness: 6 limit: 5
2019-09-25 12:57:35,387 [IPC Server handler 0 on 41989] INFO  pipeline.PipelinePlacementPolicy (PipelinePlacementPolicy.java:meetCriteria(91)) - Pipeline Placement: can't place more pipeline on heavy datanode： 82a69ee4-b3af-4378-aabd-e501c7175382 Heaviness: 6 limit: 5
2019-09-25 12:57:35,387 [IPC Server handler 0 on 41989] INFO  pipeline.PipelinePlacementPolicy (PipelinePlacementPolicy.java:meetCriteria(91)) - Pipeline Placement: can't place more pipeline on heavy datanode： 548f63c1-ecb3-4338-9923-ba2d46dbaf7d Heaviness: 6 limit: 5
2019-09-25 12:57:35,387 [IPC Server handler 0 on 41989] INFO  pipeline.PipelinePlacementPolicy (PipelinePlacementPolicy.java:meetCriteria(91)) - Pipeline Placement: can't place more pipeline on heavy datanode： 1ad4e210-16ea-448d-9c83-11669c9ee3b6 Heaviness: 6 limit: 5
2019-09-25 12:57:35,387 [IPC Server handler 0 on 41989] ERROR pipeline.PipelinePlacementPolicy (PipelinePlacementPolicy.java:filterViableNodes(148)) - Unable to find enough nodes that meet the criteria that cannot engage in more than 5 pipelines. Nodes required: 3 Found: 0, healthy nodes count inNodeManager: 5.
2019-09-25 12:57:35,387 [IPC Server handler 0 on 41989] ERROR pipeline.SCMPipelineManager (SCMPipelineManager.java:createPipeline(167)) - Pipeline creation failed.
org.apache.hadoop.hdds.scm.exceptions.SCMException: Unable to find enough nodes that meet the criteria that cannot engage in more than 5 pipelines. Nodes required: 3 Found: 0, healthy nodes count inNodeManager: 5.
	at org.apache.hadoop.hdds.scm.pipeline.PipelinePlacementPolicy.filterViableNodes(PipelinePlacementPolicy.java:149)
	at org.apache.hadoop.hdds.scm.pipeline.PipelinePlacementPolicy.chooseDatanodes(PipelinePlacementPolicy.java:172)
	at org.apache.hadoop.hdds.scm.pipeline.RatisPipelineProvider.create(RatisPipelineProvider.java:93)
	at org.apache.hadoop.hdds.scm.pipeline.PipelineFactory.create(PipelineFactory.java:58)
	at org.apache.hadoop.hdds.scm.pipeline.SCMPipelineManager.createPipeline(SCMPipelineManager.java:155)
	at org.apache.hadoop.hdds.scm.block.BlockManagerImpl.allocateBlock(BlockManagerImpl.java:190)
	at org.apache.hadoop.hdds.scm.server.SCMBlockProtocolServer.allocateBlock(SCMBlockProtocolServer.java:182)
	at org.apache.hadoop.ozone.protocolPB.ScmBlockLocationProtocolServerSideTranslatorPB.allocateScmBlock(ScmBlockLocationProtocolServerSideTranslatorPB.java:183)
	at org.apache.hadoop.ozone.protocolPB.ScmBlockLocationProtocolServerSideTranslatorPB.processMessage(ScmBlockLocationProtocolServerSideTranslatorPB.java:141)
	at org.apache.hadoop.ozone.protocolPB.ScmBlockLocationProtocolServerSideTranslatorPB.send(ScmBlockLocationProtocolServerSideTranslatorPB.java:116)
	at org.apache.hadoop.hdds.protocol.proto.ScmBlockLocationProtocolProtos$ScmBlockLocationProtocolService$2.callBlockingMethod(ScmBlockLocationProtocolProtos.java:13157)
	at org.apache.hadoop.ipc.ProtobufRpcEngine$Server$ProtoBufRpcInvoker.call(ProtobufRpcEngine.java:524)
	at org.apache.hadoop.ipc.RPC$Server.call(RPC.java:1025)
	at org.apache.hadoop.ipc.Server$RpcCall.run(Server.java:876)
	at org.apache.hadoop.ipc.Server$RpcCall.run(Server.java:822)
	at java.security.AccessController.doPrivileged(Native Method)
	at javax.security.auth.Subject.doAs(Subject.java:422)
	at org.apache.hadoop.security.UserGroupInformation.doAs(UserGroupInformation.java:1730)
	at org.apache.hadoop.ipc.Server$Handler.run(Server.java:2682)
2019-09-25 12:57:35,388 [IPC Server handler 0 on 41989] WARN  block.BlockManagerImpl (BlockManagerImpl.java:allocateBlock(192)) - Pipeline creation failed for type:RATIS factor:THREE. Retrying get pipelines call once.
org.apache.hadoop.hdds.scm.exceptions.SCMException: Unable to find enough nodes that meet the criteria that cannot engage in more than 5 pipelines. Nodes required: 3 Found: 0, healthy nodes count inNodeManager: 5.
	at org.apache.hadoop.hdds.scm.pipeline.PipelinePlacementPolicy.filterViableNodes(PipelinePlacementPolicy.java:149)
	at org.apache.hadoop.hdds.scm.pipeline.PipelinePlacementPolicy.chooseDatanodes(PipelinePlacementPolicy.java:172)
	at org.apache.hadoop.hdds.scm.pipeline.RatisPipelineProvider.create(RatisPipelineProvider.java:93)
	at org.apache.hadoop.hdds.scm.pipeline.PipelineFactory.create(PipelineFactory.java:58)
	at org.apache.hadoop.hdds.scm.pipeline.SCMPipelineManager.createPipeline(SCMPipelineManager.java:155)
	at org.apache.hadoop.hdds.scm.block.BlockManagerImpl.allocateBlock(BlockManagerImpl.java:190)
	at org.apache.hadoop.hdds.scm.server.SCMBlockProtocolServer.allocateBlock(SCMBlockProtocolServer.java:182)
	at org.apache.hadoop.ozone.protocolPB.ScmBlockLocationProtocolServerSideTranslatorPB.allocateScmBlock(ScmBlockLocationProtocolServerSideTranslatorPB.java:183)
	at org.apache.hadoop.ozone.protocolPB.ScmBlockLocationProtocolServerSideTranslatorPB.processMessage(ScmBlockLocationProtocolServerSideTranslatorPB.java:141)
	at org.apache.hadoop.ozone.protocolPB.ScmBlockLocationProtocolServerSideTranslatorPB.send(ScmBlockLocationProtocolServerSideTranslatorPB.java:116)
	at org.apache.hadoop.hdds.protocol.proto.ScmBlockLocationProtocolProtos$ScmBlockLocationProtocolService$2.callBlockingMethod(ScmBlockLocationProtocolProtos.java:13157)
	at org.apache.hadoop.ipc.ProtobufRpcEngine$Server$ProtoBufRpcInvoker.call(ProtobufRpcEngine.java:524)
	at org.apache.hadoop.ipc.RPC$Server.call(RPC.java:1025)
	at org.apache.hadoop.ipc.Server$RpcCall.run(Server.java:876)
	at org.apache.hadoop.ipc.Server$RpcCall.run(Server.java:822)
	at java.security.AccessController.doPrivileged(Native Method)
	at javax.security.auth.Subject.doAs(Subject.java:422)
	at org.apache.hadoop.security.UserGroupInformation.doAs(UserGroupInformation.java:1730)
	at org.apache.hadoop.ipc.Server$Handler.run(Server.java:2682)
2019-09-25 12:57:35,389 [IPC Server handler 0 on 41989] INFO  block.BlockManagerImpl (BlockManagerImpl.java:allocateBlock(198)) - Could not find available pipeline of type:RATIS and factor:THREE even after retrying
2019-09-25 12:57:35,389 [IPC Server handler 0 on 41989] ERROR block.BlockManagerImpl (BlockManagerImpl.java:allocateBlock(222)) - Unable to allocate a block for the size: 4194304, type: RATIS, factor: THREE
2019-09-25 12:57:35,389 [IPC Server handler 0 on 41989] INFO  pipeline.PipelinePlacementPolicy (PipelinePlacementPolicy.java:meetCriteria(91)) - Pipeline Placement: can't place more pipeline on heavy datanode： d60bfa88-4f5c-40e2-9e6f-04cdce80ae19 Heaviness: 6 limit: 5
2019-09-25 12:57:35,390 [IPC Server handler 0 on 41989] INFO  pipeline.PipelinePlacementPolicy (PipelinePlacementPolicy.java:meetCriteria(91)) - Pipeline Placement: can't place more pipeline on heavy datanode： 05c10ba5-9820-4ddb-94b6-a7ebb5af4f34 Heaviness: 6 limit: 5
2019-09-25 12:57:35,390 [IPC Server handler 0 on 41989] INFO  pipeline.PipelinePlacementPolicy (PipelinePlacementPolicy.java:meetCriteria(91)) - Pipeline Placement: can't place more pipeline on heavy datanode： 82a69ee4-b3af-4378-aabd-e501c7175382 Heaviness: 6 limit: 5
2019-09-25 12:57:35,390 [IPC Server handler 0 on 41989] INFO  pipeline.PipelinePlacementPolicy (PipelinePlacementPolicy.java:meetCriteria(91)) - Pipeline Placement: can't place more pipeline on heavy datanode： 548f63c1-ecb3-4338-9923-ba2d46dbaf7d Heaviness: 6 limit: 5
2019-09-25 12:57:35,390 [IPC Server handler 0 on 41989] INFO  pipeline.PipelinePlacementPolicy (PipelinePlacementPolicy.java:meetCriteria(91)) - Pipeline Placement: can't place more pipeline on heavy datanode： 1ad4e210-16ea-448d-9c83-11669c9ee3b6 Heaviness: 6 limit: 5
2019-09-25 12:57:35,390 [IPC Server handler 0 on 41989] ERROR pipeline.PipelinePlacementPolicy (PipelinePlacementPolicy.java:filterViableNodes(148)) - Unable to find enough nodes that meet the criteria that cannot engage in more than 5 pipelines. Nodes required: 3 Found: 0, healthy nodes count inNodeManager: 5.
2019-09-25 12:57:35,391 [IPC Server handler 0 on 41989] ERROR pipeline.SCMPipelineManager (SCMPipelineManager.java:createPipeline(167)) - Pipeline creation failed.
org.apache.hadoop.hdds.scm.exceptions.SCMException: Unable to find enough nodes that meet the criteria that cannot engage in more than 5 pipelines. Nodes required: 3 Found: 0, healthy nodes count inNodeManager: 5.
	at org.apache.hadoop.hdds.scm.pipeline.PipelinePlacementPolicy.filterViableNodes(PipelinePlacementPolicy.java:149)
	at org.apache.hadoop.hdds.scm.pipeline.PipelinePlacementPolicy.chooseDatanodes(PipelinePlacementPolicy.java:172)
	at org.apache.hadoop.hdds.scm.pipeline.RatisPipelineProvider.create(RatisPipelineProvider.java:93)
	at org.apache.hadoop.hdds.scm.pipeline.PipelineFactory.create(PipelineFactory.java:58)
	at org.apache.hadoop.hdds.scm.pipeline.SCMPipelineManager.createPipeline(SCMPipelineManager.java:155)
	at org.apache.hadoop.hdds.scm.block.BlockManagerImpl.allocateBlock(BlockManagerImpl.java:190)
	at org.apache.hadoop.hdds.scm.server.SCMBlockProtocolServer.allocateBlock(SCMBlockProtocolServer.java:182)
	at org.apache.hadoop.ozone.protocolPB.ScmBlockLocationProtocolServerSideTranslatorPB.allocateScmBlock(ScmBlockLocationProtocolServerSideTranslatorPB.java:183)
	at org.apache.hadoop.ozone.protocolPB.ScmBlockLocationProtocolServerSideTranslatorPB.processMessage(ScmBlockLocationProtocolServerSideTranslatorPB.java:141)
	at org.apache.hadoop.ozone.protocolPB.ScmBlockLocationProtocolServerSideTranslatorPB.send(ScmBlockLocationProtocolServerSideTranslatorPB.java:116)
	at org.apache.hadoop.hdds.protocol.proto.ScmBlockLocationProtocolProtos$ScmBlockLocationProtocolService$2.callBlockingMethod(ScmBlockLocationProtocolProtos.java:13157)
	at org.apache.hadoop.ipc.ProtobufRpcEngine$Server$ProtoBufRpcInvoker.call(ProtobufRpcEngine.java:524)
	at org.apache.hadoop.ipc.RPC$Server.call(RPC.java:1025)
	at org.apache.hadoop.ipc.Server$RpcCall.run(Server.java:876)
	at org.apache.hadoop.ipc.Server$RpcCall.run(Server.java:822)
	at java.security.AccessController.doPrivileged(Native Method)
	at javax.security.auth.Subject.doAs(Subject.java:422)
	at org.apache.hadoop.security.UserGroupInformation.doAs(UserGroupInformation.java:1730)
	at org.apache.hadoop.ipc.Server$Handler.run(Server.java:2682)
2019-09-25 12:57:35,391 [IPC Server handler 0 on 41989] WARN  block.BlockManagerImpl (BlockManagerImpl.java:allocateBlock(192)) - Pipeline creation failed for type:RATIS factor:THREE. Retrying get pipelines call once.
org.apache.hadoop.hdds.scm.exceptions.SCMException: Unable to find enough nodes that meet the criteria that cannot engage in more than 5 pipelines. Nodes required: 3 Found: 0, healthy nodes count inNodeManager: 5.
	at org.apache.hadoop.hdds.scm.pipeline.PipelinePlacementPolicy.filterViableNodes(PipelinePlacementPolicy.java:149)
	at org.apache.hadoop.hdds.scm.pipeline.PipelinePlacementPolicy.chooseDatanodes(PipelinePlacementPolicy.java:172)
	at org.apache.hadoop.hdds.scm.pipeline.RatisPipelineProvider.create(RatisPipelineProvider.java:93)
	at org.apache.hadoop.hdds.scm.pipeline.PipelineFactory.create(PipelineFactory.java:58)
	at org.apache.hadoop.hdds.scm.pipeline.SCMPipelineManager.createPipeline(SCMPipelineManager.java:155)
	at org.apache.hadoop.hdds.scm.block.BlockManagerImpl.allocateBlock(BlockManagerImpl.java:190)
	at org.apache.hadoop.hdds.scm.server.SCMBlockProtocolServer.allocateBlock(SCMBlockProtocolServer.java:182)
	at org.apache.hadoop.ozone.protocolPB.ScmBlockLocationProtocolServerSideTranslatorPB.allocateScmBlock(ScmBlockLocationProtocolServerSideTranslatorPB.java:183)
	at org.apache.hadoop.ozone.protocolPB.ScmBlockLocationProtocolServerSideTranslatorPB.processMessage(ScmBlockLocationProtocolServerSideTranslatorPB.java:141)
	at org.apache.hadoop.ozone.protocolPB.ScmBlockLocationProtocolServerSideTranslatorPB.send(ScmBlockLocationProtocolServerSideTranslatorPB.java:116)
	at org.apache.hadoop.hdds.protocol.proto.ScmBlockLocationProtocolProtos$ScmBlockLocationProtocolService$2.callBlockingMethod(ScmBlockLocationProtocolProtos.java:13157)
	at org.apache.hadoop.ipc.ProtobufRpcEngine$Server$ProtoBufRpcInvoker.call(ProtobufRpcEngine.java:524)
	at org.apache.hadoop.ipc.RPC$Server.call(RPC.java:1025)
	at org.apache.hadoop.ipc.Server$RpcCall.run(Server.java:876)
	at org.apache.hadoop.ipc.Server$RpcCall.run(Server.java:822)
	at java.security.AccessController.doPrivileged(Native Method)
	at javax.security.auth.Subject.doAs(Subject.java:422)
	at org.apache.hadoop.security.UserGroupInformation.doAs(UserGroupInformation.java:1730)
	at org.apache.hadoop.ipc.Server$Handler.run(Server.java:2682)
2019-09-25 12:57:35,392 [IPC Server handler 0 on 41989] INFO  block.BlockManagerImpl (BlockManagerImpl.java:allocateBlock(198)) - Could not find available pipeline of type:RATIS and factor:THREE even after retrying
2019-09-25 12:57:35,392 [IPC Server handler 0 on 41989] ERROR block.BlockManagerImpl (BlockManagerImpl.java:allocateBlock(222)) - Unable to allocate a block for the size: 4194304, type: RATIS, factor: THREE
2019-09-25 12:57:35,392 [IPC Server handler 0 on 41989] INFO  pipeline.PipelinePlacementPolicy (PipelinePlacementPolicy.java:meetCriteria(91)) - Pipeline Placement: can't place more pipeline on heavy datanode： d60bfa88-4f5c-40e2-9e6f-04cdce80ae19 Heaviness: 6 limit: 5
2019-09-25 12:57:35,392 [IPC Server handler 0 on 41989] INFO  pipeline.PipelinePlacementPolicy (PipelinePlacementPolicy.java:meetCriteria(91)) - Pipeline Placement: can't place more pipeline on heavy datanode： 05c10ba5-9820-4ddb-94b6-a7ebb5af4f34 Heaviness: 6 limit: 5
2019-09-25 12:57:35,392 [IPC Server handler 0 on 41989] INFO  pipeline.PipelinePlacementPolicy (PipelinePlacementPolicy.java:meetCriteria(91)) - Pipeline Placement: can't place more pipeline on heavy datanode： 82a69ee4-b3af-4378-aabd-e501c7175382 Heaviness: 6 limit: 5
2019-09-25 12:57:35,393 [IPC Server handler 0 on 41989] INFO  pipeline.PipelinePlacementPolicy (PipelinePlacementPolicy.java:meetCriteria(91)) - Pipeline Placement: can't place more pipeline on heavy datanode： 548f63c1-ecb3-4338-9923-ba2d46dbaf7d Heaviness: 6 limit: 5
2019-09-25 12:57:35,393 [IPC Server handler 0 on 41989] INFO  pipeline.PipelinePlacementPolicy (PipelinePlacementPolicy.java:meetCriteria(91)) - Pipeline Placement: can't place more pipeline on heavy datanode： 1ad4e210-16ea-448d-9c83-11669c9ee3b6 Heaviness: 6 limit: 5
2019-09-25 12:57:35,393 [IPC Server handler 0 on 41989] ERROR pipeline.PipelinePlacementPolicy (PipelinePlacementPolicy.java:filterViableNodes(148)) - Unable to find enough nodes that meet the criteria that cannot engage in more than 5 pipelines. Nodes required: 3 Found: 0, healthy nodes count inNodeManager: 5.
2019-09-25 12:57:35,393 [IPC Server handler 0 on 41989] ERROR pipeline.SCMPipelineManager (SCMPipelineManager.java:createPipeline(167)) - Pipeline creation failed.
org.apache.hadoop.hdds.scm.exceptions.SCMException: Unable to find enough nodes that meet the criteria that cannot engage in more than 5 pipelines. Nodes required: 3 Found: 0, healthy nodes count inNodeManager: 5.
	at org.apache.hadoop.hdds.scm.pipeline.PipelinePlacementPolicy.filterViableNodes(PipelinePlacementPolicy.java:149)
	at org.apache.hadoop.hdds.scm.pipeline.PipelinePlacementPolicy.chooseDatanodes(PipelinePlacementPolicy.java:172)
	at org.apache.hadoop.hdds.scm.pipeline.RatisPipelineProvider.create(RatisPipelineProvider.java:93)
	at org.apache.hadoop.hdds.scm.pipeline.PipelineFactory.create(PipelineFactory.java:58)
	at org.apache.hadoop.hdds.scm.pipeline.SCMPipelineManager.createPipeline(SCMPipelineManager.java:155)
	at org.apache.hadoop.hdds.scm.block.BlockManagerImpl.allocateBlock(BlockManagerImpl.java:190)
	at org.apache.hadoop.hdds.scm.server.SCMBlockProtocolServer.allocateBlock(SCMBlockProtocolServer.java:182)
	at org.apache.hadoop.ozone.protocolPB.ScmBlockLocationProtocolServerSideTranslatorPB.allocateScmBlock(ScmBlockLocationProtocolServerSideTranslatorPB.java:183)
	at org.apache.hadoop.ozone.protocolPB.ScmBlockLocationProtocolServerSideTranslatorPB.processMessage(ScmBlockLocationProtocolServerSideTranslatorPB.java:141)
	at org.apache.hadoop.ozone.protocolPB.ScmBlockLocationProtocolServerSideTranslatorPB.send(ScmBlockLocationProtocolServerSideTranslatorPB.java:116)
	at org.apache.hadoop.hdds.protocol.proto.ScmBlockLocationProtocolProtos$ScmBlockLocationProtocolService$2.callBlockingMethod(ScmBlockLocationProtocolProtos.java:13157)
	at org.apache.hadoop.ipc.ProtobufRpcEngine$Server$ProtoBufRpcInvoker.call(ProtobufRpcEngine.java:524)
	at org.apache.hadoop.ipc.RPC$Server.call(RPC.java:1025)
	at org.apache.hadoop.ipc.Server$RpcCall.run(Server.java:876)
	at org.apache.hadoop.ipc.Server$RpcCall.run(Server.java:822)
	at java.security.AccessController.doPrivileged(Native Method)
	at javax.security.auth.Subject.doAs(Subject.java:422)
	at org.apache.hadoop.security.UserGroupInformation.doAs(UserGroupInformation.java:1730)
	at org.apache.hadoop.ipc.Server$Handler.run(Server.java:2682)
2019-09-25 12:57:35,394 [IPC Server handler 0 on 41989] WARN  block.BlockManagerImpl (BlockManagerImpl.java:allocateBlock(192)) - Pipeline creation failed for type:RATIS factor:THREE. Retrying get pipelines call once.
org.apache.hadoop.hdds.scm.exceptions.SCMException: Unable to find enough nodes that meet the criteria that cannot engage in more than 5 pipelines. Nodes required: 3 Found: 0, healthy nodes count inNodeManager: 5.
	at org.apache.hadoop.hdds.scm.pipeline.PipelinePlacementPolicy.filterViableNodes(PipelinePlacementPolicy.java:149)
	at org.apache.hadoop.hdds.scm.pipeline.PipelinePlacementPolicy.chooseDatanodes(PipelinePlacementPolicy.java:172)
	at org.apache.hadoop.hdds.scm.pipeline.RatisPipelineProvider.create(RatisPipelineProvider.java:93)
	at org.apache.hadoop.hdds.scm.pipeline.PipelineFactory.create(PipelineFactory.java:58)
	at org.apache.hadoop.hdds.scm.pipeline.SCMPipelineManager.createPipeline(SCMPipelineManager.java:155)
	at org.apache.hadoop.hdds.scm.block.BlockManagerImpl.allocateBlock(BlockManagerImpl.java:190)
	at org.apache.hadoop.hdds.scm.server.SCMBlockProtocolServer.allocateBlock(SCMBlockProtocolServer.java:182)
	at org.apache.hadoop.ozone.protocolPB.ScmBlockLocationProtocolServerSideTranslatorPB.allocateScmBlock(ScmBlockLocationProtocolServerSideTranslatorPB.java:183)
	at org.apache.hadoop.ozone.protocolPB.ScmBlockLocationProtocolServerSideTranslatorPB.processMessage(ScmBlockLocationProtocolServerSideTranslatorPB.java:141)
	at org.apache.hadoop.ozone.protocolPB.ScmBlockLocationProtocolServerSideTranslatorPB.send(ScmBlockLocationProtocolServerSideTranslatorPB.java:116)
	at org.apache.hadoop.hdds.protocol.proto.ScmBlockLocationProtocolProtos$ScmBlockLocationProtocolService$2.callBlockingMethod(ScmBlockLocationProtocolProtos.java:13157)
	at org.apache.hadoop.ipc.ProtobufRpcEngine$Server$ProtoBufRpcInvoker.call(ProtobufRpcEngine.java:524)
	at org.apache.hadoop.ipc.RPC$Server.call(RPC.java:1025)
	at org.apache.hadoop.ipc.Server$RpcCall.run(Server.java:876)
	at org.apache.hadoop.ipc.Server$RpcCall.run(Server.java:822)
	at java.security.AccessController.doPrivileged(Native Method)
	at javax.security.auth.Subject.doAs(Subject.java:422)
	at org.apache.hadoop.security.UserGroupInformation.doAs(UserGroupInformation.java:1730)
	at org.apache.hadoop.ipc.Server$Handler.run(Server.java:2682)
2019-09-25 12:57:35,394 [IPC Server handler 0 on 41989] INFO  block.BlockManagerImpl (BlockManagerImpl.java:allocateBlock(198)) - Could not find available pipeline of type:RATIS and factor:THREE even after retrying
2019-09-25 12:57:35,394 [IPC Server handler 0 on 41989] ERROR block.BlockManagerImpl (BlockManagerImpl.java:allocateBlock(222)) - Unable to allocate a block for the size: 4194304, type: RATIS, factor: THREE
2019-09-25 12:57:35,395 [IPC Server handler 0 on 41989] INFO  pipeline.PipelinePlacementPolicy (PipelinePlacementPolicy.java:meetCriteria(91)) - Pipeline Placement: can't place more pipeline on heavy datanode： d60bfa88-4f5c-40e2-9e6f-04cdce80ae19 Heaviness: 6 limit: 5
2019-09-25 12:57:35,395 [IPC Server handler 0 on 41989] INFO  pipeline.PipelinePlacementPolicy (PipelinePlacementPolicy.java:meetCriteria(91)) - Pipeline Placement: can't place more pipeline on heavy datanode： 05c10ba5-9820-4ddb-94b6-a7ebb5af4f34 Heaviness: 6 limit: 5
2019-09-25 12:57:35,395 [IPC Server handler 0 on 41989] INFO  pipeline.PipelinePlacementPolicy (PipelinePlacementPolicy.java:meetCriteria(91)) - Pipeline Placement: can't place more pipeline on heavy datanode： 82a69ee4-b3af-4378-aabd-e501c7175382 Heaviness: 6 limit: 5
2019-09-25 12:57:35,395 [IPC Server handler 0 on 41989] INFO  pipeline.PipelinePlacementPolicy (PipelinePlacementPolicy.java:meetCriteria(91)) - Pipeline Placement: can't place more pipeline on heavy datanode： 548f63c1-ecb3-4338-9923-ba2d46dbaf7d Heaviness: 6 limit: 5
2019-09-25 12:57:35,395 [IPC Server handler 0 on 41989] INFO  pipeline.PipelinePlacementPolicy (PipelinePlacementPolicy.java:meetCriteria(91)) - Pipeline Placement: can't place more pipeline on heavy datanode： 1ad4e210-16ea-448d-9c83-11669c9ee3b6 Heaviness: 6 limit: 5
2019-09-25 12:57:35,396 [IPC Server handler 0 on 41989] ERROR pipeline.PipelinePlacementPolicy (PipelinePlacementPolicy.java:filterViableNodes(148)) - Unable to find enough nodes that meet the criteria that cannot engage in more than 5 pipelines. Nodes required: 3 Found: 0, healthy nodes count inNodeManager: 5.
2019-09-25 12:57:35,396 [IPC Server handler 0 on 41989] ERROR pipeline.SCMPipelineManager (SCMPipelineManager.java:createPipeline(167)) - Pipeline creation failed.
org.apache.hadoop.hdds.scm.exceptions.SCMException: Unable to find enough nodes that meet the criteria that cannot engage in more than 5 pipelines. Nodes required: 3 Found: 0, healthy nodes count inNodeManager: 5.
	at org.apache.hadoop.hdds.scm.pipeline.PipelinePlacementPolicy.filterViableNodes(PipelinePlacementPolicy.java:149)
	at org.apache.hadoop.hdds.scm.pipeline.PipelinePlacementPolicy.chooseDatanodes(PipelinePlacementPolicy.java:172)
	at org.apache.hadoop.hdds.scm.pipeline.RatisPipelineProvider.create(RatisPipelineProvider.java:93)
	at org.apache.hadoop.hdds.scm.pipeline.PipelineFactory.create(PipelineFactory.java:58)
	at org.apache.hadoop.hdds.scm.pipeline.SCMPipelineManager.createPipeline(SCMPipelineManager.java:155)
	at org.apache.hadoop.hdds.scm.block.BlockManagerImpl.allocateBlock(BlockManagerImpl.java:190)
	at org.apache.hadoop.hdds.scm.server.SCMBlockProtocolServer.allocateBlock(SCMBlockProtocolServer.java:182)
	at org.apache.hadoop.ozone.protocolPB.ScmBlockLocationProtocolServerSideTranslatorPB.allocateScmBlock(ScmBlockLocationProtocolServerSideTranslatorPB.java:183)
	at org.apache.hadoop.ozone.protocolPB.ScmBlockLocationProtocolServerSideTranslatorPB.processMessage(ScmBlockLocationProtocolServerSideTranslatorPB.java:141)
	at org.apache.hadoop.ozone.protocolPB.ScmBlockLocationProtocolServerSideTranslatorPB.send(ScmBlockLocationProtocolServerSideTranslatorPB.java:116)
	at org.apache.hadoop.hdds.protocol.proto.ScmBlockLocationProtocolProtos$ScmBlockLocationProtocolService$2.callBlockingMethod(ScmBlockLocationProtocolProtos.java:13157)
	at org.apache.hadoop.ipc.ProtobufRpcEngine$Server$ProtoBufRpcInvoker.call(ProtobufRpcEngine.java:524)
	at org.apache.hadoop.ipc.RPC$Server.call(RPC.java:1025)
	at org.apache.hadoop.ipc.Server$RpcCall.run(Server.java:876)
	at org.apache.hadoop.ipc.Server$RpcCall.run(Server.java:822)
	at java.security.AccessController.doPrivileged(Native Method)
	at javax.security.auth.Subject.doAs(Subject.java:422)
	at org.apache.hadoop.security.UserGroupInformation.doAs(UserGroupInformation.java:1730)
	at org.apache.hadoop.ipc.Server$Handler.run(Server.java:2682)
2019-09-25 12:57:35,396 [IPC Server handler 0 on 41989] WARN  block.BlockManagerImpl (BlockManagerImpl.java:allocateBlock(192)) - Pipeline creation failed for type:RATIS factor:THREE. Retrying get pipelines call once.
org.apache.hadoop.hdds.scm.exceptions.SCMException: Unable to find enough nodes that meet the criteria that cannot engage in more than 5 pipelines. Nodes required: 3 Found: 0, healthy nodes count inNodeManager: 5.
	at org.apache.hadoop.hdds.scm.pipeline.PipelinePlacementPolicy.filterViableNodes(PipelinePlacementPolicy.java:149)
	at org.apache.hadoop.hdds.scm.pipeline.PipelinePlacementPolicy.chooseDatanodes(PipelinePlacementPolicy.java:172)
	at org.apache.hadoop.hdds.scm.pipeline.RatisPipelineProvider.create(RatisPipelineProvider.java:93)
	at org.apache.hadoop.hdds.scm.pipeline.PipelineFactory.create(PipelineFactory.java:58)
	at org.apache.hadoop.hdds.scm.pipeline.SCMPipelineManager.createPipeline(SCMPipelineManager.java:155)
	at org.apache.hadoop.hdds.scm.block.BlockManagerImpl.allocateBlock(BlockManagerImpl.java:190)
	at org.apache.hadoop.hdds.scm.server.SCMBlockProtocolServer.allocateBlock(SCMBlockProtocolServer.java:182)
	at org.apache.hadoop.ozone.protocolPB.ScmBlockLocationProtocolServerSideTranslatorPB.allocateScmBlock(ScmBlockLocationProtocolServerSideTranslatorPB.java:183)
	at org.apache.hadoop.ozone.protocolPB.ScmBlockLocationProtocolServerSideTranslatorPB.processMessage(ScmBlockLocationProtocolServerSideTranslatorPB.java:141)
	at org.apache.hadoop.ozone.protocolPB.ScmBlockLocationProtocolServerSideTranslatorPB.send(ScmBlockLocationProtocolServerSideTranslatorPB.java:116)
	at org.apache.hadoop.hdds.protocol.proto.ScmBlockLocationProtocolProtos$ScmBlockLocationProtocolService$2.callBlockingMethod(ScmBlockLocationProtocolProtos.java:13157)
	at org.apache.hadoop.ipc.ProtobufRpcEngine$Server$ProtoBufRpcInvoker.call(ProtobufRpcEngine.java:524)
	at org.apache.hadoop.ipc.RPC$Server.call(RPC.java:1025)
	at org.apache.hadoop.ipc.Server$RpcCall.run(Server.java:876)
	at org.apache.hadoop.ipc.Server$RpcCall.run(Server.java:822)
	at java.security.AccessController.doPrivileged(Native Method)
	at javax.security.auth.Subject.doAs(Subject.java:422)
	at org.apache.hadoop.security.UserGroupInformation.doAs(UserGroupInformation.java:1730)
	at org.apache.hadoop.ipc.Server$Handler.run(Server.java:2682)
2019-09-25 12:57:35,397 [IPC Server handler 0 on 41989] INFO  block.BlockManagerImpl (BlockManagerImpl.java:allocateBlock(198)) - Could not find available pipeline of type:RATIS and factor:THREE even after retrying
2019-09-25 12:57:35,397 [IPC Server handler 0 on 41989] ERROR block.BlockManagerImpl (BlockManagerImpl.java:allocateBlock(222)) - Unable to allocate a block for the size: 4194304, type: RATIS, factor: THREE
2019-09-25 12:57:35,397 [IPC Server handler 0 on 41989] INFO  pipeline.PipelinePlacementPolicy (PipelinePlacementPolicy.java:meetCriteria(91)) - Pipeline Placement: can't place more pipeline on heavy datanode： d60bfa88-4f5c-40e2-9e6f-04cdce80ae19 Heaviness: 6 limit: 5
2019-09-25 12:57:35,397 [IPC Server handler 0 on 41989] INFO  pipeline.PipelinePlacementPolicy (PipelinePlacementPolicy.java:meetCriteria(91)) - Pipeline Placement: can't place more pipeline on heavy datanode： 05c10ba5-9820-4ddb-94b6-a7ebb5af4f34 Heaviness: 6 limit: 5
2019-09-25 12:57:35,398 [IPC Server handler 0 on 41989] INFO  pipeline.PipelinePlacementPolicy (PipelinePlacementPolicy.java:meetCriteria(91)) - Pipeline Placement: can't place more pipeline on heavy datanode： 82a69ee4-b3af-4378-aabd-e501c7175382 Heaviness: 6 limit: 5
2019-09-25 12:57:35,398 [IPC Server handler 0 on 41989] INFO  pipeline.PipelinePlacementPolicy (PipelinePlacementPolicy.java:meetCriteria(91)) - Pipeline Placement: can't place more pipeline on heavy datanode： 548f63c1-ecb3-4338-9923-ba2d46dbaf7d Heaviness: 6 limit: 5
2019-09-25 12:57:35,398 [IPC Server handler 0 on 41989] INFO  pipeline.PipelinePlacementPolicy (PipelinePlacementPolicy.java:meetCriteria(91)) - Pipeline Placement: can't place more pipeline on heavy datanode： 1ad4e210-16ea-448d-9c83-11669c9ee3b6 Heaviness: 6 limit: 5
2019-09-25 12:57:35,398 [IPC Server handler 0 on 41989] ERROR pipeline.PipelinePlacementPolicy (PipelinePlacementPolicy.java:filterViableNodes(148)) - Unable to find enough nodes that meet the criteria that cannot engage in more than 5 pipelines. Nodes required: 3 Found: 0, healthy nodes count inNodeManager: 5.
2019-09-25 12:57:35,399 [IPC Server handler 0 on 41989] ERROR pipeline.SCMPipelineManager (SCMPipelineManager.java:createPipeline(167)) - Pipeline creation failed.
org.apache.hadoop.hdds.scm.exceptions.SCMException: Unable to find enough nodes that meet the criteria that cannot engage in more than 5 pipelines. Nodes required: 3 Found: 0, healthy nodes count inNodeManager: 5.
	at org.apache.hadoop.hdds.scm.pipeline.PipelinePlacementPolicy.filterViableNodes(PipelinePlacementPolicy.java:149)
	at org.apache.hadoop.hdds.scm.pipeline.PipelinePlacementPolicy.chooseDatanodes(PipelinePlacementPolicy.java:172)
	at org.apache.hadoop.hdds.scm.pipeline.RatisPipelineProvider.create(RatisPipelineProvider.java:93)
	at org.apache.hadoop.hdds.scm.pipeline.PipelineFactory.create(PipelineFactory.java:58)
	at org.apache.hadoop.hdds.scm.pipeline.SCMPipelineManager.createPipeline(SCMPipelineManager.java:155)
	at org.apache.hadoop.hdds.scm.block.BlockManagerImpl.allocateBlock(BlockManagerImpl.java:190)
	at org.apache.hadoop.hdds.scm.server.SCMBlockProtocolServer.allocateBlock(SCMBlockProtocolServer.java:182)
	at org.apache.hadoop.ozone.protocolPB.ScmBlockLocationProtocolServerSideTranslatorPB.allocateScmBlock(ScmBlockLocationProtocolServerSideTranslatorPB.java:183)
	at org.apache.hadoop.ozone.protocolPB.ScmBlockLocationProtocolServerSideTranslatorPB.processMessage(ScmBlockLocationProtocolServerSideTranslatorPB.java:141)
	at org.apache.hadoop.ozone.protocolPB.ScmBlockLocationProtocolServerSideTranslatorPB.send(ScmBlockLocationProtocolServerSideTranslatorPB.java:116)
	at org.apache.hadoop.hdds.protocol.proto.ScmBlockLocationProtocolProtos$ScmBlockLocationProtocolService$2.callBlockingMethod(ScmBlockLocationProtocolProtos.java:13157)
	at org.apache.hadoop.ipc.ProtobufRpcEngine$Server$ProtoBufRpcInvoker.call(ProtobufRpcEngine.java:524)
	at org.apache.hadoop.ipc.RPC$Server.call(RPC.java:1025)
	at org.apache.hadoop.ipc.Server$RpcCall.run(Server.java:876)
	at org.apache.hadoop.ipc.Server$RpcCall.run(Server.java:822)
	at java.security.AccessController.doPrivileged(Native Method)
	at javax.security.auth.Subject.doAs(Subject.java:422)
	at org.apache.hadoop.security.UserGroupInformation.doAs(UserGroupInformation.java:1730)
	at org.apache.hadoop.ipc.Server$Handler.run(Server.java:2682)
2019-09-25 12:57:35,399 [IPC Server handler 0 on 41989] WARN  block.BlockManagerImpl (BlockManagerImpl.java:allocateBlock(192)) - Pipeline creation failed for type:RATIS factor:THREE. Retrying get pipelines call once.
org.apache.hadoop.hdds.scm.exceptions.SCMException: Unable to find enough nodes that meet the criteria that cannot engage in more than 5 pipelines. Nodes required: 3 Found: 0, healthy nodes count inNodeManager: 5.
	at org.apache.hadoop.hdds.scm.pipeline.PipelinePlacementPolicy.filterViableNodes(PipelinePlacementPolicy.java:149)
	at org.apache.hadoop.hdds.scm.pipeline.PipelinePlacementPolicy.chooseDatanodes(PipelinePlacementPolicy.java:172)
	at org.apache.hadoop.hdds.scm.pipeline.RatisPipelineProvider.create(RatisPipelineProvider.java:93)
	at org.apache.hadoop.hdds.scm.pipeline.PipelineFactory.create(PipelineFactory.java:58)
	at org.apache.hadoop.hdds.scm.pipeline.SCMPipelineManager.createPipeline(SCMPipelineManager.java:155)
	at org.apache.hadoop.hdds.scm.block.BlockManagerImpl.allocateBlock(BlockManagerImpl.java:190)
	at org.apache.hadoop.hdds.scm.server.SCMBlockProtocolServer.allocateBlock(SCMBlockProtocolServer.java:182)
	at org.apache.hadoop.ozone.protocolPB.ScmBlockLocationProtocolServerSideTranslatorPB.allocateScmBlock(ScmBlockLocationProtocolServerSideTranslatorPB.java:183)
	at org.apache.hadoop.ozone.protocolPB.ScmBlockLocationProtocolServerSideTranslatorPB.processMessage(ScmBlockLocationProtocolServerSideTranslatorPB.java:141)
	at org.apache.hadoop.ozone.protocolPB.ScmBlockLocationProtocolServerSideTranslatorPB.send(ScmBlockLocationProtocolServerSideTranslatorPB.java:116)
	at org.apache.hadoop.hdds.protocol.proto.ScmBlockLocationProtocolProtos$ScmBlockLocationProtocolService$2.callBlockingMethod(ScmBlockLocationProtocolProtos.java:13157)
	at org.apache.hadoop.ipc.ProtobufRpcEngine$Server$ProtoBufRpcInvoker.call(ProtobufRpcEngine.java:524)
	at org.apache.hadoop.ipc.RPC$Server.call(RPC.java:1025)
	at org.apache.hadoop.ipc.Server$RpcCall.run(Server.java:876)
	at org.apache.hadoop.ipc.Server$RpcCall.run(Server.java:822)
	at java.security.AccessController.doPrivileged(Native Method)
	at javax.security.auth.Subject.doAs(Subject.java:422)
	at org.apache.hadoop.security.UserGroupInformation.doAs(UserGroupInformation.java:1730)
	at org.apache.hadoop.ipc.Server$Handler.run(Server.java:2682)
2019-09-25 12:57:35,402 [IPC Server handler 0 on 41989] INFO  block.BlockManagerImpl (BlockManagerImpl.java:allocateBlock(198)) - Could not find available pipeline of type:RATIS and factor:THREE even after retrying
2019-09-25 12:57:35,402 [IPC Server handler 0 on 41989] ERROR block.BlockManagerImpl (BlockManagerImpl.java:allocateBlock(222)) - Unable to allocate a block for the size: 4194304, type: RATIS, factor: THREE
2019-09-25 12:57:35,410 [pool-73-thread-4] ERROR freon.RandomKeyGenerator (RandomKeyGenerator.java:createKey(733)) - Exception while adding key: key-0-37913 in bucket: bucket-0-00329 of volume: vol-0-39656.
INTERNAL_ERROR org.apache.hadoop.ozone.om.exceptions.OMException: Allocated 0 blocks. Requested 5 blocks
	at org.apache.hadoop.ozone.om.protocolPB.OzoneManagerProtocolClientSideTranslatorPB.handleError(OzoneManagerProtocolClientSideTranslatorPB.java:732)
	at org.apache.hadoop.ozone.om.protocolPB.OzoneManagerProtocolClientSideTranslatorPB.openKey(OzoneManagerProtocolClientSideTranslatorPB.java:723)
	at sun.reflect.NativeMethodAccessorImpl.invoke0(Native Method)
	at sun.reflect.NativeMethodAccessorImpl.invoke(NativeMethodAccessorImpl.java:62)
	at sun.reflect.DelegatingMethodAccessorImpl.invoke(DelegatingMethodAccessorImpl.java:43)
	at java.lang.reflect.Method.invoke(Method.java:498)
	at org.apache.hadoop.hdds.tracing.TraceAllMethod.invoke(TraceAllMethod.java:66)
	at com.sun.proxy.$Proxy37.openKey(Unknown Source)
	at org.apache.hadoop.ozone.client.rpc.RpcClient.createKey(RpcClient.java:614)
	at org.apache.hadoop.ozone.client.OzoneBucket.createKey(OzoneBucket.java:325)
	at org.apache.hadoop.ozone.freon.RandomKeyGenerator.createKey(RandomKeyGenerator.java:695)
	at org.apache.hadoop.ozone.freon.RandomKeyGenerator.access$1100(RandomKeyGenerator.java:88)
	at org.apache.hadoop.ozone.freon.RandomKeyGenerator$ObjectCreator.run(RandomKeyGenerator.java:615)
	at java.util.concurrent.Executors$RunnableAdapter.call(Executors.java:511)
	at java.util.concurrent.FutureTask.run(FutureTask.java:266)
	at java.util.concurrent.ThreadPoolExecutor.runWorker(ThreadPoolExecutor.java:1149)
	at java.util.concurrent.ThreadPoolExecutor$Worker.run(ThreadPoolExecutor.java:624)
	at java.lang.Thread.run(Thread.java:748)
 0.00% |█                                                                                                    |  0/1 Time: 0:00:02 0.00% |█                                                                                                    |  0/1 Time: 0:00:032019-09-25 12:57:37,715 [Thread-210] INFO  impl.FollowerState (FollowerState.java:run(106)) - 05c10ba5-9820-4ddb-94b6-a7ebb5af4f34:group-CE1BAA6B9744 changes to CANDIDATE, lastRpcTime:5112, electionTimeout:5111ms
2019-09-25 12:57:37,717 [Thread-210] INFO  impl.RoleInfo (RoleInfo.java:shutdownFollowerState(121)) - 05c10ba5-9820-4ddb-94b6-a7ebb5af4f34: shutdown FollowerState
2019-09-25 12:57:37,717 [Thread-210] INFO  impl.RaftServerImpl (RaftServerImpl.java:setRole(174)) - 05c10ba5-9820-4ddb-94b6-a7ebb5af4f34@group-CE1BAA6B9744: changes role from  FOLLOWER to CANDIDATE at term 0 for changeToCandidate
2019-09-25 12:57:37,723 [Thread-210] INFO  impl.RoleInfo (RoleInfo.java:updateAndGet(143)) - 05c10ba5-9820-4ddb-94b6-a7ebb5af4f34: start LeaderElection
2019-09-25 12:57:37,743 [05c10ba5-9820-4ddb-94b6-a7ebb5af4f34@group-CE1BAA6B9744:LeaderElection1] INFO  impl.LeaderElection (LeaderElection.java:askForVotes(182)) - 05c10ba5-9820-4ddb-94b6-a7ebb5af4f34@group-CE1BAA6B9744:LeaderElection1: begin an election at term 1 for -1: [05c10ba5-9820-4ddb-94b6-a7ebb5af4f34:192.168.151.73:44415], old=null
2019-09-25 12:57:37,745 [05c10ba5-9820-4ddb-94b6-a7ebb5af4f34@group-CE1BAA6B9744:LeaderElection1] INFO  impl.RoleInfo (RoleInfo.java:shutdownLeaderElection(134)) - 05c10ba5-9820-4ddb-94b6-a7ebb5af4f34: shutdown LeaderElection
2019-09-25 12:57:37,746 [05c10ba5-9820-4ddb-94b6-a7ebb5af4f34@group-CE1BAA6B9744:LeaderElection1] INFO  impl.RaftServerImpl (RaftServerImpl.java:setRole(174)) - 05c10ba5-9820-4ddb-94b6-a7ebb5af4f34@group-CE1BAA6B9744: changes role from CANDIDATE to LEADER at term 1 for changeToLeader
2019-09-25 12:57:37,746 [05c10ba5-9820-4ddb-94b6-a7ebb5af4f34@group-CE1BAA6B9744:LeaderElection1] INFO  impl.RaftServerImpl (ServerState.java:setLeader(253)) - 05c10ba5-9820-4ddb-94b6-a7ebb5af4f34@group-CE1BAA6B9744: change Leader from null to 05c10ba5-9820-4ddb-94b6-a7ebb5af4f34 at term 1 for becomeLeader, leader elected after 5254ms
2019-09-25 12:57:37,756 [05c10ba5-9820-4ddb-94b6-a7ebb5af4f34@group-CE1BAA6B9744:LeaderElection1] INFO  server.RaftServerConfigKeys (ConfUtils.java:logGet(43)) - raft.server.staging.catchup.gap = 1000 (default)
2019-09-25 12:57:37,757 [05c10ba5-9820-4ddb-94b6-a7ebb5af4f34@group-CE1BAA6B9744:LeaderElection1] INFO  server.RaftServerConfigKeys (ConfUtils.java:logGet(43)) - raft.server.rpc.sleep.time = 25ms (default)
2019-09-25 12:57:37,760 [05c10ba5-9820-4ddb-94b6-a7ebb5af4f34@group-CE1BAA6B9744:LeaderElection1] INFO  server.RaftServerConfigKeys (ConfUtils.java:logGet(43)) - raft.server.write.element-limit = 4096 (default)
2019-09-25 12:57:37,763 [05c10ba5-9820-4ddb-94b6-a7ebb5af4f34@group-CE1BAA6B9744:LeaderElection1] INFO  server.RaftServerConfigKeys (ConfUtils.java:logGet(43)) - raft.server.watch.timeout = 10s (default)
2019-09-25 12:57:37,763 [05c10ba5-9820-4ddb-94b6-a7ebb5af4f34@group-CE1BAA6B9744:LeaderElection1] INFO  server.RaftServerConfigKeys (ConfUtils.java:logGet(43)) - raft.server.watch.timeout.denomination = 1s (default)
2019-09-25 12:57:37,764 [05c10ba5-9820-4ddb-94b6-a7ebb5af4f34@group-CE1BAA6B9744:LeaderElection1] INFO  server.RaftServerConfigKeys (ConfUtils.java:logGet(43)) - raft.server.watch.element-limit = 65536 (default)
2019-09-25 12:57:37,776 [05c10ba5-9820-4ddb-94b6-a7ebb5af4f34@group-CE1BAA6B9744:LeaderElection1] INFO  impl.RoleInfo (RoleInfo.java:updateAndGet(143)) - 05c10ba5-9820-4ddb-94b6-a7ebb5af4f34: start LeaderState
2019-09-25 12:57:37,804 [05c10ba5-9820-4ddb-94b6-a7ebb5af4f34@group-CE1BAA6B9744:LeaderElection1] INFO  segmented.SegmentedRaftLogWorker (SegmentedRaftLogWorker.java:startLogSegment(380)) - 05c10ba5-9820-4ddb-94b6-a7ebb5af4f34@group-CE1BAA6B9744-SegmentedRaftLogWorker: Starting segment from index:0
2019-09-25 12:57:37,813 [05c10ba5-9820-4ddb-94b6-a7ebb5af4f34@group-CE1BAA6B9744:LeaderElection1] INFO  impl.RaftServerImpl (ServerState.java:setRaftConf(354)) - 05c10ba5-9820-4ddb-94b6-a7ebb5af4f34@group-CE1BAA6B9744: set configuration 0: [05c10ba5-9820-4ddb-94b6-a7ebb5af4f34:192.168.151.73:44415], old=null at 0
2019-09-25 12:57:37,821 [Thread-213] INFO  impl.FollowerState (FollowerState.java:run(106)) - 05c10ba5-9820-4ddb-94b6-a7ebb5af4f34:group-3BE50658F1B1 changes to CANDIDATE, lastRpcTime:5084, electionTimeout:5084ms
2019-09-25 12:57:37,823 [Thread-213] INFO  impl.RoleInfo (RoleInfo.java:shutdownFollowerState(121)) - 05c10ba5-9820-4ddb-94b6-a7ebb5af4f34: shutdown FollowerState
2019-09-25 12:57:37,823 [Thread-213] INFO  impl.RaftServerImpl (RaftServerImpl.java:setRole(174)) - 05c10ba5-9820-4ddb-94b6-a7ebb5af4f34@group-3BE50658F1B1: changes role from  FOLLOWER to CANDIDATE at term 0 for changeToCandidate
2019-09-25 12:57:37,823 [Thread-213] INFO  impl.RoleInfo (RoleInfo.java:updateAndGet(143)) - 05c10ba5-9820-4ddb-94b6-a7ebb5af4f34: start LeaderElection
2019-09-25 12:57:37,843 [05c10ba5-9820-4ddb-94b6-a7ebb5af4f34@group-3BE50658F1B1:LeaderElection2] INFO  impl.LeaderElection (LeaderElection.java:askForVotes(182)) - 05c10ba5-9820-4ddb-94b6-a7ebb5af4f34@group-3BE50658F1B1:LeaderElection2: begin an election at term 1 for -1: [05c10ba5-9820-4ddb-94b6-a7ebb5af4f34:192.168.151.73:44415], old=null
2019-09-25 12:57:37,844 [05c10ba5-9820-4ddb-94b6-a7ebb5af4f34@group-3BE50658F1B1:LeaderElection2] INFO  impl.RoleInfo (RoleInfo.java:shutdownLeaderElection(134)) - 05c10ba5-9820-4ddb-94b6-a7ebb5af4f34: shutdown LeaderElection
2019-09-25 12:57:37,844 [05c10ba5-9820-4ddb-94b6-a7ebb5af4f34@group-3BE50658F1B1:LeaderElection2] INFO  impl.RaftServerImpl (RaftServerImpl.java:setRole(174)) - 05c10ba5-9820-4ddb-94b6-a7ebb5af4f34@group-3BE50658F1B1: changes role from CANDIDATE to LEADER at term 1 for changeToLeader
2019-09-25 12:57:37,845 [05c10ba5-9820-4ddb-94b6-a7ebb5af4f34@group-3BE50658F1B1:LeaderElection2] INFO  impl.RaftServerImpl (ServerState.java:setLeader(253)) - 05c10ba5-9820-4ddb-94b6-a7ebb5af4f34@group-3BE50658F1B1: change Leader from null to 05c10ba5-9820-4ddb-94b6-a7ebb5af4f34 at term 1 for becomeLeader, leader elected after 5115ms
2019-09-25 12:57:37,845 [05c10ba5-9820-4ddb-94b6-a7ebb5af4f34@group-3BE50658F1B1:LeaderElection2] INFO  server.RaftServerConfigKeys (ConfUtils.java:logGet(43)) - raft.server.staging.catchup.gap = 1000 (default)
2019-09-25 12:57:37,845 [05c10ba5-9820-4ddb-94b6-a7ebb5af4f34@group-3BE50658F1B1:LeaderElection2] INFO  server.RaftServerConfigKeys (ConfUtils.java:logGet(43)) - raft.server.rpc.sleep.time = 25ms (default)
2019-09-25 12:57:37,845 [05c10ba5-9820-4ddb-94b6-a7ebb5af4f34@group-3BE50658F1B1:LeaderElection2] INFO  server.RaftServerConfigKeys (ConfUtils.java:logGet(43)) - raft.server.write.element-limit = 4096 (default)
2019-09-25 12:57:37,845 [05c10ba5-9820-4ddb-94b6-a7ebb5af4f34@group-3BE50658F1B1:LeaderElection2] INFO  server.RaftServerConfigKeys (ConfUtils.java:logGet(43)) - raft.server.watch.timeout = 10s (default)
2019-09-25 12:57:37,845 [05c10ba5-9820-4ddb-94b6-a7ebb5af4f34@group-3BE50658F1B1:LeaderElection2] INFO  server.RaftServerConfigKeys (ConfUtils.java:logGet(43)) - raft.server.watch.timeout.denomination = 1s (default)
2019-09-25 12:57:37,845 [05c10ba5-9820-4ddb-94b6-a7ebb5af4f34@group-3BE50658F1B1:LeaderElection2] INFO  server.RaftServerConfigKeys (ConfUtils.java:logGet(43)) - raft.server.watch.element-limit = 65536 (default)
2019-09-25 12:57:37,847 [05c10ba5-9820-4ddb-94b6-a7ebb5af4f34@group-3BE50658F1B1:LeaderElection2] INFO  impl.RoleInfo (RoleInfo.java:updateAndGet(143)) - 05c10ba5-9820-4ddb-94b6-a7ebb5af4f34: start LeaderState
2019-09-25 12:57:37,848 [05c10ba5-9820-4ddb-94b6-a7ebb5af4f34@group-3BE50658F1B1:LeaderElection2] INFO  segmented.SegmentedRaftLogWorker (SegmentedRaftLogWorker.java:startLogSegment(380)) - 05c10ba5-9820-4ddb-94b6-a7ebb5af4f34@group-3BE50658F1B1-SegmentedRaftLogWorker: Starting segment from index:0
2019-09-25 12:57:37,848 [05c10ba5-9820-4ddb-94b6-a7ebb5af4f34@group-3BE50658F1B1:LeaderElection2] INFO  impl.RaftServerImpl (ServerState.java:setRaftConf(354)) - 05c10ba5-9820-4ddb-94b6-a7ebb5af4f34@group-3BE50658F1B1: set configuration 0: [05c10ba5-9820-4ddb-94b6-a7ebb5af4f34:192.168.151.73:44415], old=null at 0
2019-09-25 12:57:37,866 [Thread-216] INFO  impl.FollowerState (FollowerState.java:run(106)) - 05c10ba5-9820-4ddb-94b6-a7ebb5af4f34:group-0BF7B50C26B3 changes to CANDIDATE, lastRpcTime:5046, electionTimeout:5046ms
2019-09-25 12:57:37,866 [Thread-216] INFO  impl.RoleInfo (RoleInfo.java:shutdownFollowerState(121)) - 05c10ba5-9820-4ddb-94b6-a7ebb5af4f34: shutdown FollowerState
2019-09-25 12:57:37,866 [Thread-216] INFO  impl.RaftServerImpl (RaftServerImpl.java:setRole(174)) - 05c10ba5-9820-4ddb-94b6-a7ebb5af4f34@group-0BF7B50C26B3: changes role from  FOLLOWER to CANDIDATE at term 0 for changeToCandidate
2019-09-25 12:57:37,866 [Thread-216] INFO  impl.RoleInfo (RoleInfo.java:updateAndGet(143)) - 05c10ba5-9820-4ddb-94b6-a7ebb5af4f34: start LeaderElection
 0.00% |█                                                                                                    |  0/1 Time: 0:00:042019-09-25 12:57:37,885 [05c10ba5-9820-4ddb-94b6-a7ebb5af4f34@group-0BF7B50C26B3:LeaderElection3] INFO  impl.LeaderElection (LeaderElection.java:askForVotes(182)) - 05c10ba5-9820-4ddb-94b6-a7ebb5af4f34@group-0BF7B50C26B3:LeaderElection3: begin an election at term 1 for -1: [05c10ba5-9820-4ddb-94b6-a7ebb5af4f34:192.168.151.73:44415], old=null
2019-09-25 12:57:37,894 [05c10ba5-9820-4ddb-94b6-a7ebb5af4f34@group-0BF7B50C26B3:LeaderElection3] INFO  impl.RoleInfo (RoleInfo.java:shutdownLeaderElection(134)) - 05c10ba5-9820-4ddb-94b6-a7ebb5af4f34: shutdown LeaderElection
2019-09-25 12:57:37,895 [05c10ba5-9820-4ddb-94b6-a7ebb5af4f34@group-0BF7B50C26B3:LeaderElection3] INFO  impl.RaftServerImpl (RaftServerImpl.java:setRole(174)) - 05c10ba5-9820-4ddb-94b6-a7ebb5af4f34@group-0BF7B50C26B3: changes role from CANDIDATE to LEADER at term 1 for changeToLeader
2019-09-25 12:57:37,895 [05c10ba5-9820-4ddb-94b6-a7ebb5af4f34@group-0BF7B50C26B3:LeaderElection3] INFO  impl.RaftServerImpl (ServerState.java:setLeader(253)) - 05c10ba5-9820-4ddb-94b6-a7ebb5af4f34@group-0BF7B50C26B3: change Leader from null to 05c10ba5-9820-4ddb-94b6-a7ebb5af4f34 at term 1 for becomeLeader, leader elected after 5083ms
2019-09-25 12:57:37,895 [05c10ba5-9820-4ddb-94b6-a7ebb5af4f34@group-0BF7B50C26B3:LeaderElection3] INFO  server.RaftServerConfigKeys (ConfUtils.java:logGet(43)) - raft.server.staging.catchup.gap = 1000 (default)
2019-09-25 12:57:37,895 [05c10ba5-9820-4ddb-94b6-a7ebb5af4f34@group-0BF7B50C26B3:LeaderElection3] INFO  server.RaftServerConfigKeys (ConfUtils.java:logGet(43)) - raft.server.rpc.sleep.time = 25ms (default)
2019-09-25 12:57:37,895 [05c10ba5-9820-4ddb-94b6-a7ebb5af4f34@group-0BF7B50C26B3:LeaderElection3] INFO  server.RaftServerConfigKeys (ConfUtils.java:logGet(43)) - raft.server.write.element-limit = 4096 (default)
2019-09-25 12:57:37,895 [05c10ba5-9820-4ddb-94b6-a7ebb5af4f34@group-0BF7B50C26B3:LeaderElection3] INFO  server.RaftServerConfigKeys (ConfUtils.java:logGet(43)) - raft.server.watch.timeout = 10s (default)
2019-09-25 12:57:37,895 [05c10ba5-9820-4ddb-94b6-a7ebb5af4f34@group-0BF7B50C26B3:LeaderElection3] INFO  server.RaftServerConfigKeys (ConfUtils.java:logGet(43)) - raft.server.watch.timeout.denomination = 1s (default)
2019-09-25 12:57:37,896 [05c10ba5-9820-4ddb-94b6-a7ebb5af4f34@group-0BF7B50C26B3:LeaderElection3] INFO  server.RaftServerConfigKeys (ConfUtils.java:logGet(43)) - raft.server.watch.element-limit = 65536 (default)
2019-09-25 12:57:37,898 [05c10ba5-9820-4ddb-94b6-a7ebb5af4f34@group-0BF7B50C26B3:LeaderElection3] INFO  impl.RoleInfo (RoleInfo.java:updateAndGet(143)) - 05c10ba5-9820-4ddb-94b6-a7ebb5af4f34: start LeaderState
2019-09-25 12:57:37,898 [05c10ba5-9820-4ddb-94b6-a7ebb5af4f34@group-0BF7B50C26B3:LeaderElection3] INFO  segmented.SegmentedRaftLogWorker (SegmentedRaftLogWorker.java:startLogSegment(380)) - 05c10ba5-9820-4ddb-94b6-a7ebb5af4f34@group-0BF7B50C26B3-SegmentedRaftLogWorker: Starting segment from index:0
2019-09-25 12:57:37,899 [05c10ba5-9820-4ddb-94b6-a7ebb5af4f34@group-0BF7B50C26B3:LeaderElection3] INFO  impl.RaftServerImpl (ServerState.java:setRaftConf(354)) - 05c10ba5-9820-4ddb-94b6-a7ebb5af4f34@group-0BF7B50C26B3: set configuration 0: [05c10ba5-9820-4ddb-94b6-a7ebb5af4f34:192.168.151.73:44415], old=null at 0
2019-09-25 12:57:37,995 [Thread-219] INFO  impl.FollowerState (FollowerState.java:run(106)) - 548f63c1-ecb3-4338-9923-ba2d46dbaf7d:group-061CA6DAA6A4 changes to CANDIDATE, lastRpcTime:5049, electionTimeout:5023ms
2019-09-25 12:57:37,995 [Thread-219] INFO  impl.RoleInfo (RoleInfo.java:shutdownFollowerState(121)) - 548f63c1-ecb3-4338-9923-ba2d46dbaf7d: shutdown FollowerState
2019-09-25 12:57:37,995 [Thread-219] INFO  impl.RaftServerImpl (RaftServerImpl.java:setRole(174)) - 548f63c1-ecb3-4338-9923-ba2d46dbaf7d@group-061CA6DAA6A4: changes role from  FOLLOWER to CANDIDATE at term 0 for changeToCandidate
2019-09-25 12:57:37,995 [Thread-219] INFO  impl.RoleInfo (RoleInfo.java:updateAndGet(143)) - 548f63c1-ecb3-4338-9923-ba2d46dbaf7d: start LeaderElection
2019-09-25 12:57:38,012 [05c10ba5-9820-4ddb-94b6-a7ebb5af4f34@group-0BF7B50C26B3-SegmentedRaftLogWorker] INFO  segmented.SegmentedRaftLogWorker (SegmentedRaftLogWorker.java:execute(569)) - 05c10ba5-9820-4ddb-94b6-a7ebb5af4f34@group-0BF7B50C26B3-SegmentedRaftLogWorker: created new log segment /workdir/hadoop-ozone/tools/target/test-dir/MiniOzoneClusterImpl-ca628441-95e6-4ca0-9871-ceda43659e6a/datanode-0/data/ratis/05dfc382-887d-4573-b571-0bf7b50c26b3/current/log_inprogress_0
2019-09-25 12:57:38,012 [548f63c1-ecb3-4338-9923-ba2d46dbaf7d@group-061CA6DAA6A4:LeaderElection4] INFO  impl.LeaderElection (LeaderElection.java:askForVotes(182)) - 548f63c1-ecb3-4338-9923-ba2d46dbaf7d@group-061CA6DAA6A4:LeaderElection4: begin an election at term 1 for -1: [548f63c1-ecb3-4338-9923-ba2d46dbaf7d:192.168.151.73:44083], old=null
2019-09-25 12:57:38,012 [05c10ba5-9820-4ddb-94b6-a7ebb5af4f34@group-3BE50658F1B1-SegmentedRaftLogWorker] INFO  segmented.SegmentedRaftLogWorker (SegmentedRaftLogWorker.java:execute(569)) - 05c10ba5-9820-4ddb-94b6-a7ebb5af4f34@group-3BE50658F1B1-SegmentedRaftLogWorker: created new log segment /workdir/hadoop-ozone/tools/target/test-dir/MiniOzoneClusterImpl-ca628441-95e6-4ca0-9871-ceda43659e6a/datanode-0/data/ratis/d76f3be6-950f-44c4-bfe3-3be50658f1b1/current/log_inprogress_0
2019-09-25 12:57:38,012 [05c10ba5-9820-4ddb-94b6-a7ebb5af4f34@group-CE1BAA6B9744-SegmentedRaftLogWorker] INFO  segmented.SegmentedRaftLogWorker (SegmentedRaftLogWorker.java:execute(569)) - 05c10ba5-9820-4ddb-94b6-a7ebb5af4f34@group-CE1BAA6B9744-SegmentedRaftLogWorker: created new log segment /workdir/hadoop-ozone/tools/target/test-dir/MiniOzoneClusterImpl-ca628441-95e6-4ca0-9871-ceda43659e6a/datanode-0/data/ratis/56962033-3209-465b-94d3-ce1baa6b9744/current/log_inprogress_0
2019-09-25 12:57:38,012 [548f63c1-ecb3-4338-9923-ba2d46dbaf7d@group-061CA6DAA6A4:LeaderElection4] INFO  impl.RoleInfo (RoleInfo.java:shutdownLeaderElection(134)) - 548f63c1-ecb3-4338-9923-ba2d46dbaf7d: shutdown LeaderElection
2019-09-25 12:57:38,013 [548f63c1-ecb3-4338-9923-ba2d46dbaf7d@group-061CA6DAA6A4:LeaderElection4] INFO  impl.RaftServerImpl (RaftServerImpl.java:setRole(174)) - 548f63c1-ecb3-4338-9923-ba2d46dbaf7d@group-061CA6DAA6A4: changes role from CANDIDATE to LEADER at term 1 for changeToLeader
2019-09-25 12:57:38,013 [548f63c1-ecb3-4338-9923-ba2d46dbaf7d@group-061CA6DAA6A4:LeaderElection4] INFO  impl.RaftServerImpl (ServerState.java:setLeader(253)) - 548f63c1-ecb3-4338-9923-ba2d46dbaf7d@group-061CA6DAA6A4: change Leader from null to 548f63c1-ecb3-4338-9923-ba2d46dbaf7d at term 1 for becomeLeader, leader elected after 5081ms
2019-09-25 12:57:38,014 [548f63c1-ecb3-4338-9923-ba2d46dbaf7d@group-061CA6DAA6A4:LeaderElection4] INFO  server.RaftServerConfigKeys (ConfUtils.java:logGet(43)) - raft.server.staging.catchup.gap = 1000 (default)
2019-09-25 12:57:38,014 [548f63c1-ecb3-4338-9923-ba2d46dbaf7d@group-061CA6DAA6A4:LeaderElection4] INFO  server.RaftServerConfigKeys (ConfUtils.java:logGet(43)) - raft.server.rpc.sleep.time = 25ms (default)
2019-09-25 12:57:38,015 [548f63c1-ecb3-4338-9923-ba2d46dbaf7d@group-061CA6DAA6A4:LeaderElection4] INFO  server.RaftServerConfigKeys (ConfUtils.java:logGet(43)) - raft.server.write.element-limit = 4096 (default)
2019-09-25 12:57:38,015 [548f63c1-ecb3-4338-9923-ba2d46dbaf7d@group-061CA6DAA6A4:LeaderElection4] INFO  server.RaftServerConfigKeys (ConfUtils.java:logGet(43)) - raft.server.watch.timeout = 10s (default)
2019-09-25 12:57:38,015 [548f63c1-ecb3-4338-9923-ba2d46dbaf7d@group-061CA6DAA6A4:LeaderElection4] INFO  server.RaftServerConfigKeys (ConfUtils.java:logGet(43)) - raft.server.watch.timeout.denomination = 1s (default)
2019-09-25 12:57:38,015 [548f63c1-ecb3-4338-9923-ba2d46dbaf7d@group-061CA6DAA6A4:LeaderElection4] INFO  server.RaftServerConfigKeys (ConfUtils.java:logGet(43)) - raft.server.watch.element-limit = 65536 (default)
2019-09-25 12:57:38,018 [548f63c1-ecb3-4338-9923-ba2d46dbaf7d@group-061CA6DAA6A4:LeaderElection4] INFO  impl.RoleInfo (RoleInfo.java:updateAndGet(143)) - 548f63c1-ecb3-4338-9923-ba2d46dbaf7d: start LeaderState
2019-09-25 12:57:38,018 [548f63c1-ecb3-4338-9923-ba2d46dbaf7d@group-061CA6DAA6A4:LeaderElection4] INFO  segmented.SegmentedRaftLogWorker (SegmentedRaftLogWorker.java:startLogSegment(380)) - 548f63c1-ecb3-4338-9923-ba2d46dbaf7d@group-061CA6DAA6A4-SegmentedRaftLogWorker: Starting segment from index:0
2019-09-25 12:57:38,018 [548f63c1-ecb3-4338-9923-ba2d46dbaf7d@group-061CA6DAA6A4:LeaderElection4] INFO  impl.RaftServerImpl (ServerState.java:setRaftConf(354)) - 548f63c1-ecb3-4338-9923-ba2d46dbaf7d@group-061CA6DAA6A4: set configuration 0: [548f63c1-ecb3-4338-9923-ba2d46dbaf7d:192.168.151.73:44083], old=null at 0
2019-09-25 12:57:38,058 [548f63c1-ecb3-4338-9923-ba2d46dbaf7d@group-061CA6DAA6A4-SegmentedRaftLogWorker] INFO  segmented.SegmentedRaftLogWorker (SegmentedRaftLogWorker.java:execute(569)) - 548f63c1-ecb3-4338-9923-ba2d46dbaf7d@group-061CA6DAA6A4-SegmentedRaftLogWorker: created new log segment /workdir/hadoop-ozone/tools/target/test-dir/MiniOzoneClusterImpl-ca628441-95e6-4ca0-9871-ceda43659e6a/datanode-2/data/ratis/9f7a7409-d17f-4bb0-bdab-061ca6daa6a4/current/log_inprogress_0
2019-09-25 12:57:38,155 [Thread-222] INFO  impl.FollowerState (FollowerState.java:run(106)) - 1ad4e210-16ea-448d-9c83-11669c9ee3b6:group-A804CCAC0189 changes to CANDIDATE, lastRpcTime:5090, electionTimeout:5090ms
2019-09-25 12:57:38,155 [Thread-222] INFO  impl.RoleInfo (RoleInfo.java:shutdownFollowerState(121)) - 1ad4e210-16ea-448d-9c83-11669c9ee3b6: shutdown FollowerState
2019-09-25 12:57:38,155 [Thread-222] INFO  impl.RaftServerImpl (RaftServerImpl.java:setRole(174)) - 1ad4e210-16ea-448d-9c83-11669c9ee3b6@group-A804CCAC0189: changes role from  FOLLOWER to CANDIDATE at term 0 for changeToCandidate
2019-09-25 12:57:38,156 [Thread-222] INFO  impl.RoleInfo (RoleInfo.java:updateAndGet(143)) - 1ad4e210-16ea-448d-9c83-11669c9ee3b6: start LeaderElection
2019-09-25 12:57:38,172 [1ad4e210-16ea-448d-9c83-11669c9ee3b6@group-A804CCAC0189:LeaderElection5] INFO  impl.LeaderElection (LeaderElection.java:askForVotes(182)) - 1ad4e210-16ea-448d-9c83-11669c9ee3b6@group-A804CCAC0189:LeaderElection5: begin an election at term 1 for -1: [1ad4e210-16ea-448d-9c83-11669c9ee3b6:192.168.151.73:41323], old=null
2019-09-25 12:57:38,172 [1ad4e210-16ea-448d-9c83-11669c9ee3b6@group-A804CCAC0189:LeaderElection5] INFO  impl.RoleInfo (RoleInfo.java:shutdownLeaderElection(134)) - 1ad4e210-16ea-448d-9c83-11669c9ee3b6: shutdown LeaderElection
2019-09-25 12:57:38,172 [1ad4e210-16ea-448d-9c83-11669c9ee3b6@group-A804CCAC0189:LeaderElection5] INFO  impl.RaftServerImpl (RaftServerImpl.java:setRole(174)) - 1ad4e210-16ea-448d-9c83-11669c9ee3b6@group-A804CCAC0189: changes role from CANDIDATE to LEADER at term 1 for changeToLeader
2019-09-25 12:57:38,172 [1ad4e210-16ea-448d-9c83-11669c9ee3b6@group-A804CCAC0189:LeaderElection5] INFO  impl.RaftServerImpl (ServerState.java:setLeader(253)) - 1ad4e210-16ea-448d-9c83-11669c9ee3b6@group-A804CCAC0189: change Leader from null to 1ad4e210-16ea-448d-9c83-11669c9ee3b6 at term 1 for becomeLeader, leader elected after 5145ms
2019-09-25 12:57:38,173 [1ad4e210-16ea-448d-9c83-11669c9ee3b6@group-A804CCAC0189:LeaderElection5] INFO  server.RaftServerConfigKeys (ConfUtils.java:logGet(43)) - raft.server.staging.catchup.gap = 1000 (default)
2019-09-25 12:57:38,173 [1ad4e210-16ea-448d-9c83-11669c9ee3b6@group-A804CCAC0189:LeaderElection5] INFO  server.RaftServerConfigKeys (ConfUtils.java:logGet(43)) - raft.server.rpc.sleep.time = 25ms (default)
2019-09-25 12:57:38,174 [1ad4e210-16ea-448d-9c83-11669c9ee3b6@group-A804CCAC0189:LeaderElection5] INFO  server.RaftServerConfigKeys (ConfUtils.java:logGet(43)) - raft.server.write.element-limit = 4096 (default)
2019-09-25 12:57:38,174 [1ad4e210-16ea-448d-9c83-11669c9ee3b6@group-A804CCAC0189:LeaderElection5] INFO  server.RaftServerConfigKeys (ConfUtils.java:logGet(43)) - raft.server.watch.timeout = 10s (default)
2019-09-25 12:57:38,174 [1ad4e210-16ea-448d-9c83-11669c9ee3b6@group-A804CCAC0189:LeaderElection5] INFO  server.RaftServerConfigKeys (ConfUtils.java:logGet(43)) - raft.server.watch.timeout.denomination = 1s (default)
2019-09-25 12:57:38,174 [1ad4e210-16ea-448d-9c83-11669c9ee3b6@group-A804CCAC0189:LeaderElection5] INFO  server.RaftServerConfigKeys (ConfUtils.java:logGet(43)) - raft.server.watch.element-limit = 65536 (default)
2019-09-25 12:57:38,176 [1ad4e210-16ea-448d-9c83-11669c9ee3b6@group-A804CCAC0189:LeaderElection5] INFO  impl.RoleInfo (RoleInfo.java:updateAndGet(143)) - 1ad4e210-16ea-448d-9c83-11669c9ee3b6: start LeaderState
2019-09-25 12:57:38,176 [1ad4e210-16ea-448d-9c83-11669c9ee3b6@group-A804CCAC0189:LeaderElection5] INFO  segmented.SegmentedRaftLogWorker (SegmentedRaftLogWorker.java:startLogSegment(380)) - 1ad4e210-16ea-448d-9c83-11669c9ee3b6@group-A804CCAC0189-SegmentedRaftLogWorker: Starting segment from index:0
2019-09-25 12:57:38,176 [1ad4e210-16ea-448d-9c83-11669c9ee3b6@group-A804CCAC0189:LeaderElection5] INFO  impl.RaftServerImpl (ServerState.java:setRaftConf(354)) - 1ad4e210-16ea-448d-9c83-11669c9ee3b6@group-A804CCAC0189: set configuration 0: [1ad4e210-16ea-448d-9c83-11669c9ee3b6:192.168.151.73:41323], old=null at 0
2019-09-25 12:57:38,214 [1ad4e210-16ea-448d-9c83-11669c9ee3b6@group-A804CCAC0189-SegmentedRaftLogWorker] INFO  segmented.SegmentedRaftLogWorker (SegmentedRaftLogWorker.java:execute(569)) - 1ad4e210-16ea-448d-9c83-11669c9ee3b6@group-A804CCAC0189-SegmentedRaftLogWorker: created new log segment /workdir/hadoop-ozone/tools/target/test-dir/MiniOzoneClusterImpl-ca628441-95e6-4ca0-9871-ceda43659e6a/datanode-1/data/ratis/05de0a38-13ea-4432-a3f7-a804ccac0189/current/log_inprogress_0
2019-09-25 12:57:38,303 [Thread-231] INFO  impl.FollowerState (FollowerState.java:run(106)) - 548f63c1-ecb3-4338-9923-ba2d46dbaf7d:group-2ECFB91596E5 changes to CANDIDATE, lastRpcTime:5011, electionTimeout:5011ms
2019-09-25 12:57:38,303 [Thread-231] INFO  impl.RoleInfo (RoleInfo.java:shutdownFollowerState(121)) - 548f63c1-ecb3-4338-9923-ba2d46dbaf7d: shutdown FollowerState
2019-09-25 12:57:38,303 [Thread-231] INFO  impl.RaftServerImpl (RaftServerImpl.java:setRole(174)) - 548f63c1-ecb3-4338-9923-ba2d46dbaf7d@group-2ECFB91596E5: changes role from  FOLLOWER to CANDIDATE at term 0 for changeToCandidate
2019-09-25 12:57:38,303 [Thread-231] INFO  impl.RoleInfo (RoleInfo.java:updateAndGet(143)) - 548f63c1-ecb3-4338-9923-ba2d46dbaf7d: start LeaderElection
2019-09-25 12:57:38,315 [Thread-225] INFO  impl.FollowerState (FollowerState.java:run(106)) - 05c10ba5-9820-4ddb-94b6-a7ebb5af4f34:group-5A3E54599671 changes to CANDIDATE, lastRpcTime:5176, electionTimeout:5176ms
2019-09-25 12:57:38,316 [Thread-225] INFO  impl.RoleInfo (RoleInfo.java:shutdownFollowerState(121)) - 05c10ba5-9820-4ddb-94b6-a7ebb5af4f34: shutdown FollowerState
2019-09-25 12:57:38,316 [Thread-225] INFO  impl.RaftServerImpl (RaftServerImpl.java:setRole(174)) - 05c10ba5-9820-4ddb-94b6-a7ebb5af4f34@group-5A3E54599671: changes role from  FOLLOWER to CANDIDATE at term 0 for changeToCandidate
2019-09-25 12:57:38,316 [Thread-225] INFO  impl.RoleInfo (RoleInfo.java:updateAndGet(143)) - 05c10ba5-9820-4ddb-94b6-a7ebb5af4f34: start LeaderElection
2019-09-25 12:57:38,329 [548f63c1-ecb3-4338-9923-ba2d46dbaf7d@group-2ECFB91596E5:LeaderElection6] INFO  impl.LeaderElection (LeaderElection.java:askForVotes(182)) - 548f63c1-ecb3-4338-9923-ba2d46dbaf7d@group-2ECFB91596E5:LeaderElection6: begin an election at term 1 for -1: [548f63c1-ecb3-4338-9923-ba2d46dbaf7d:192.168.151.73:44083], old=null
2019-09-25 12:57:38,329 [548f63c1-ecb3-4338-9923-ba2d46dbaf7d@group-2ECFB91596E5:LeaderElection6] INFO  impl.RoleInfo (RoleInfo.java:shutdownLeaderElection(134)) - 548f63c1-ecb3-4338-9923-ba2d46dbaf7d: shutdown LeaderElection
2019-09-25 12:57:38,329 [548f63c1-ecb3-4338-9923-ba2d46dbaf7d@group-2ECFB91596E5:LeaderElection6] INFO  impl.RaftServerImpl (RaftServerImpl.java:setRole(174)) - 548f63c1-ecb3-4338-9923-ba2d46dbaf7d@group-2ECFB91596E5: changes role from CANDIDATE to LEADER at term 1 for changeToLeader
2019-09-25 12:57:38,329 [548f63c1-ecb3-4338-9923-ba2d46dbaf7d@group-2ECFB91596E5:LeaderElection6] INFO  impl.RaftServerImpl (ServerState.java:setLeader(253)) - 548f63c1-ecb3-4338-9923-ba2d46dbaf7d@group-2ECFB91596E5: change Leader from null to 548f63c1-ecb3-4338-9923-ba2d46dbaf7d at term 1 for becomeLeader, leader elected after 5046ms
2019-09-25 12:57:38,329 [548f63c1-ecb3-4338-9923-ba2d46dbaf7d@group-2ECFB91596E5:LeaderElection6] INFO  server.RaftServerConfigKeys (ConfUtils.java:logGet(43)) - raft.server.staging.catchup.gap = 1000 (default)
2019-09-25 12:57:38,330 [548f63c1-ecb3-4338-9923-ba2d46dbaf7d@group-2ECFB91596E5:LeaderElection6] INFO  server.RaftServerConfigKeys (ConfUtils.java:logGet(43)) - raft.server.rpc.sleep.time = 25ms (default)
2019-09-25 12:57:38,330 [548f63c1-ecb3-4338-9923-ba2d46dbaf7d@group-2ECFB91596E5:LeaderElection6] INFO  server.RaftServerConfigKeys (ConfUtils.java:logGet(43)) - raft.server.write.element-limit = 4096 (default)
2019-09-25 12:57:38,330 [548f63c1-ecb3-4338-9923-ba2d46dbaf7d@group-2ECFB91596E5:LeaderElection6] INFO  server.RaftServerConfigKeys (ConfUtils.java:logGet(43)) - raft.server.watch.timeout = 10s (default)
2019-09-25 12:57:38,330 [548f63c1-ecb3-4338-9923-ba2d46dbaf7d@group-2ECFB91596E5:LeaderElection6] INFO  server.RaftServerConfigKeys (ConfUtils.java:logGet(43)) - raft.server.watch.timeout.denomination = 1s (default)
2019-09-25 12:57:38,330 [548f63c1-ecb3-4338-9923-ba2d46dbaf7d@group-2ECFB91596E5:LeaderElection6] INFO  server.RaftServerConfigKeys (ConfUtils.java:logGet(43)) - raft.server.watch.element-limit = 65536 (default)
2019-09-25 12:57:38,333 [548f63c1-ecb3-4338-9923-ba2d46dbaf7d@group-2ECFB91596E5:LeaderElection6] INFO  impl.RoleInfo (RoleInfo.java:updateAndGet(143)) - 548f63c1-ecb3-4338-9923-ba2d46dbaf7d: start LeaderState
2019-09-25 12:57:38,333 [548f63c1-ecb3-4338-9923-ba2d46dbaf7d@group-2ECFB91596E5:LeaderElection6] INFO  segmented.SegmentedRaftLogWorker (SegmentedRaftLogWorker.java:startLogSegment(380)) - 548f63c1-ecb3-4338-9923-ba2d46dbaf7d@group-2ECFB91596E5-SegmentedRaftLogWorker: Starting segment from index:0
2019-09-25 12:57:38,334 [548f63c1-ecb3-4338-9923-ba2d46dbaf7d@group-2ECFB91596E5:LeaderElection6] INFO  impl.RaftServerImpl (ServerState.java:setRaftConf(354)) - 548f63c1-ecb3-4338-9923-ba2d46dbaf7d@group-2ECFB91596E5: set configuration 0: [548f63c1-ecb3-4338-9923-ba2d46dbaf7d:192.168.151.73:44083], old=null at 0
2019-09-25 12:57:38,365 [Thread-228] INFO  impl.FollowerState (FollowerState.java:run(106)) - 05c10ba5-9820-4ddb-94b6-a7ebb5af4f34:group-4E5EEA0F0A31 changes to CANDIDATE, lastRpcTime:5149, electionTimeout:5142ms
2019-09-25 12:57:38,365 [05c10ba5-9820-4ddb-94b6-a7ebb5af4f34@group-5A3E54599671:LeaderElection7] INFO  impl.LeaderElection (LeaderElection.java:askForVotes(182)) - 05c10ba5-9820-4ddb-94b6-a7ebb5af4f34@group-5A3E54599671:LeaderElection7: begin an election at term 1 for -1: [05c10ba5-9820-4ddb-94b6-a7ebb5af4f34:192.168.151.73:44415], old=null
2019-09-25 12:57:38,366 [Thread-228] INFO  impl.RoleInfo (RoleInfo.java:shutdownFollowerState(121)) - 05c10ba5-9820-4ddb-94b6-a7ebb5af4f34: shutdown FollowerState
2019-09-25 12:57:38,366 [05c10ba5-9820-4ddb-94b6-a7ebb5af4f34@group-5A3E54599671:LeaderElection7] INFO  impl.RoleInfo (RoleInfo.java:shutdownLeaderElection(134)) - 05c10ba5-9820-4ddb-94b6-a7ebb5af4f34: shutdown LeaderElection
2019-09-25 12:57:38,366 [Thread-228] INFO  impl.RaftServerImpl (RaftServerImpl.java:setRole(174)) - 05c10ba5-9820-4ddb-94b6-a7ebb5af4f34@group-4E5EEA0F0A31: changes role from  FOLLOWER to CANDIDATE at term 0 for changeToCandidate
2019-09-25 12:57:38,366 [05c10ba5-9820-4ddb-94b6-a7ebb5af4f34@group-5A3E54599671:LeaderElection7] INFO  impl.RaftServerImpl (RaftServerImpl.java:setRole(174)) - 05c10ba5-9820-4ddb-94b6-a7ebb5af4f34@group-5A3E54599671: changes role from CANDIDATE to LEADER at term 1 for changeToLeader
2019-09-25 12:57:38,366 [Thread-228] INFO  impl.RoleInfo (RoleInfo.java:updateAndGet(143)) - 05c10ba5-9820-4ddb-94b6-a7ebb5af4f34: start LeaderElection
2019-09-25 12:57:38,366 [05c10ba5-9820-4ddb-94b6-a7ebb5af4f34@group-5A3E54599671:LeaderElection7] INFO  impl.RaftServerImpl (ServerState.java:setLeader(253)) - 05c10ba5-9820-4ddb-94b6-a7ebb5af4f34@group-5A3E54599671: change Leader from null to 05c10ba5-9820-4ddb-94b6-a7ebb5af4f34 at term 1 for becomeLeader, leader elected after 5234ms
2019-09-25 12:57:38,366 [05c10ba5-9820-4ddb-94b6-a7ebb5af4f34@group-5A3E54599671:LeaderElection7] INFO  server.RaftServerConfigKeys (ConfUtils.java:logGet(43)) - raft.server.staging.catchup.gap = 1000 (default)
2019-09-25 12:57:38,370 [05c10ba5-9820-4ddb-94b6-a7ebb5af4f34@group-5A3E54599671:LeaderElection7] INFO  server.RaftServerConfigKeys (ConfUtils.java:logGet(43)) - raft.server.rpc.sleep.time = 25ms (default)
2019-09-25 12:57:38,370 [05c10ba5-9820-4ddb-94b6-a7ebb5af4f34@group-5A3E54599671:LeaderElection7] INFO  server.RaftServerConfigKeys (ConfUtils.java:logGet(43)) - raft.server.write.element-limit = 4096 (default)
2019-09-25 12:57:38,370 [05c10ba5-9820-4ddb-94b6-a7ebb5af4f34@group-5A3E54599671:LeaderElection7] INFO  server.RaftServerConfigKeys (ConfUtils.java:logGet(43)) - raft.server.watch.timeout = 10s (default)
2019-09-25 12:57:38,371 [05c10ba5-9820-4ddb-94b6-a7ebb5af4f34@group-5A3E54599671:LeaderElection7] INFO  server.RaftServerConfigKeys (ConfUtils.java:logGet(43)) - raft.server.watch.timeout.denomination = 1s (default)
2019-09-25 12:57:38,371 [05c10ba5-9820-4ddb-94b6-a7ebb5af4f34@group-5A3E54599671:LeaderElection7] INFO  server.RaftServerConfigKeys (ConfUtils.java:logGet(43)) - raft.server.watch.element-limit = 65536 (default)
2019-09-25 12:57:38,374 [05c10ba5-9820-4ddb-94b6-a7ebb5af4f34@group-5A3E54599671:LeaderElection7] INFO  impl.RoleInfo (RoleInfo.java:updateAndGet(143)) - 05c10ba5-9820-4ddb-94b6-a7ebb5af4f34: start LeaderState
2019-09-25 12:57:38,374 [05c10ba5-9820-4ddb-94b6-a7ebb5af4f34@group-5A3E54599671:LeaderElection7] INFO  segmented.SegmentedRaftLogWorker (SegmentedRaftLogWorker.java:startLogSegment(380)) - 05c10ba5-9820-4ddb-94b6-a7ebb5af4f34@group-5A3E54599671-SegmentedRaftLogWorker: Starting segment from index:0
2019-09-25 12:57:38,374 [Thread-234] INFO  impl.FollowerState (FollowerState.java:run(106)) - d60bfa88-4f5c-40e2-9e6f-04cdce80ae19:group-B19D63F24B75 changes to CANDIDATE, lastRpcTime:5008, electionTimeout:5008ms
2019-09-25 12:57:38,374 [Thread-234] INFO  impl.RoleInfo (RoleInfo.java:shutdownFollowerState(121)) - d60bfa88-4f5c-40e2-9e6f-04cdce80ae19: shutdown FollowerState
2019-09-25 12:57:38,374 [Thread-234] INFO  impl.RaftServerImpl (RaftServerImpl.java:setRole(174)) - d60bfa88-4f5c-40e2-9e6f-04cdce80ae19@group-B19D63F24B75: changes role from  FOLLOWER to CANDIDATE at term 0 for changeToCandidate
2019-09-25 12:57:38,374 [05c10ba5-9820-4ddb-94b6-a7ebb5af4f34@group-5A3E54599671:LeaderElection7] INFO  impl.RaftServerImpl (ServerState.java:setRaftConf(354)) - 05c10ba5-9820-4ddb-94b6-a7ebb5af4f34@group-5A3E54599671: set configuration 0: [05c10ba5-9820-4ddb-94b6-a7ebb5af4f34:192.168.151.73:44415], old=null at 0
2019-09-25 12:57:38,375 [Thread-234] INFO  impl.RoleInfo (RoleInfo.java:updateAndGet(143)) - d60bfa88-4f5c-40e2-9e6f-04cdce80ae19: start LeaderElection
2019-09-25 12:57:38,409 [548f63c1-ecb3-4338-9923-ba2d46dbaf7d@group-2ECFB91596E5-SegmentedRaftLogWorker] INFO  segmented.SegmentedRaftLogWorker (SegmentedRaftLogWorker.java:execute(569)) - 548f63c1-ecb3-4338-9923-ba2d46dbaf7d@group-2ECFB91596E5-SegmentedRaftLogWorker: created new log segment /workdir/hadoop-ozone/tools/target/test-dir/MiniOzoneClusterImpl-ca628441-95e6-4ca0-9871-ceda43659e6a/datanode-2/data/ratis/a8cc3e7d-0f0b-4d5e-af36-2ecfb91596e5/current/log_inprogress_0
2019-09-25 12:57:38,413 [05c10ba5-9820-4ddb-94b6-a7ebb5af4f34@group-4E5EEA0F0A31:LeaderElection8] INFO  impl.LeaderElection (LeaderElection.java:askForVotes(182)) - 05c10ba5-9820-4ddb-94b6-a7ebb5af4f34@group-4E5EEA0F0A31:LeaderElection8: begin an election at term 1 for -1: [05c10ba5-9820-4ddb-94b6-a7ebb5af4f34:192.168.151.73:44415], old=null
2019-09-25 12:57:38,413 [05c10ba5-9820-4ddb-94b6-a7ebb5af4f34@group-4E5EEA0F0A31:LeaderElection8] INFO  impl.RoleInfo (RoleInfo.java:shutdownLeaderElection(134)) - 05c10ba5-9820-4ddb-94b6-a7ebb5af4f34: shutdown LeaderElection
2019-09-25 12:57:38,413 [05c10ba5-9820-4ddb-94b6-a7ebb5af4f34@group-4E5EEA0F0A31:LeaderElection8] INFO  impl.RaftServerImpl (RaftServerImpl.java:setRole(174)) - 05c10ba5-9820-4ddb-94b6-a7ebb5af4f34@group-4E5EEA0F0A31: changes role from CANDIDATE to LEADER at term 1 for changeToLeader
2019-09-25 12:57:38,413 [05c10ba5-9820-4ddb-94b6-a7ebb5af4f34@group-4E5EEA0F0A31:LeaderElection8] INFO  impl.RaftServerImpl (ServerState.java:setLeader(253)) - 05c10ba5-9820-4ddb-94b6-a7ebb5af4f34@group-4E5EEA0F0A31: change Leader from null to 05c10ba5-9820-4ddb-94b6-a7ebb5af4f34 at term 1 for becomeLeader, leader elected after 5205ms
2019-09-25 12:57:38,414 [05c10ba5-9820-4ddb-94b6-a7ebb5af4f34@group-4E5EEA0F0A31:LeaderElection8] INFO  server.RaftServerConfigKeys (ConfUtils.java:logGet(43)) - raft.server.staging.catchup.gap = 1000 (default)
2019-09-25 12:57:38,414 [05c10ba5-9820-4ddb-94b6-a7ebb5af4f34@group-4E5EEA0F0A31:LeaderElection8] INFO  server.RaftServerConfigKeys (ConfUtils.java:logGet(43)) - raft.server.rpc.sleep.time = 25ms (default)
2019-09-25 12:57:38,414 [05c10ba5-9820-4ddb-94b6-a7ebb5af4f34@group-4E5EEA0F0A31:LeaderElection8] INFO  server.RaftServerConfigKeys (ConfUtils.java:logGet(43)) - raft.server.write.element-limit = 4096 (default)
2019-09-25 12:57:38,414 [05c10ba5-9820-4ddb-94b6-a7ebb5af4f34@group-4E5EEA0F0A31:LeaderElection8] INFO  server.RaftServerConfigKeys (ConfUtils.java:logGet(43)) - raft.server.watch.timeout = 10s (default)
2019-09-25 12:57:38,414 [05c10ba5-9820-4ddb-94b6-a7ebb5af4f34@group-4E5EEA0F0A31:LeaderElection8] INFO  server.RaftServerConfigKeys (ConfUtils.java:logGet(43)) - raft.server.watch.timeout.denomination = 1s (default)
2019-09-25 12:57:38,415 [05c10ba5-9820-4ddb-94b6-a7ebb5af4f34@group-4E5EEA0F0A31:LeaderElection8] INFO  server.RaftServerConfigKeys (ConfUtils.java:logGet(43)) - raft.server.watch.element-limit = 65536 (default)
2019-09-25 12:57:38,418 [05c10ba5-9820-4ddb-94b6-a7ebb5af4f34@group-4E5EEA0F0A31:LeaderElection8] INFO  impl.RoleInfo (RoleInfo.java:updateAndGet(143)) - 05c10ba5-9820-4ddb-94b6-a7ebb5af4f34: start LeaderState
2019-09-25 12:57:38,418 [05c10ba5-9820-4ddb-94b6-a7ebb5af4f34@group-4E5EEA0F0A31:LeaderElection8] INFO  segmented.SegmentedRaftLogWorker (SegmentedRaftLogWorker.java:startLogSegment(380)) - 05c10ba5-9820-4ddb-94b6-a7ebb5af4f34@group-4E5EEA0F0A31-SegmentedRaftLogWorker: Starting segment from index:0
2019-09-25 12:57:38,418 [05c10ba5-9820-4ddb-94b6-a7ebb5af4f34@group-4E5EEA0F0A31:LeaderElection8] INFO  impl.RaftServerImpl (ServerState.java:setRaftConf(354)) - 05c10ba5-9820-4ddb-94b6-a7ebb5af4f34@group-4E5EEA0F0A31: set configuration 0: [05c10ba5-9820-4ddb-94b6-a7ebb5af4f34:192.168.151.73:44415], old=null at 0
2019-09-25 12:57:38,425 [05c10ba5-9820-4ddb-94b6-a7ebb5af4f34@group-5A3E54599671-SegmentedRaftLogWorker] INFO  segmented.SegmentedRaftLogWorker (SegmentedRaftLogWorker.java:execute(569)) - 05c10ba5-9820-4ddb-94b6-a7ebb5af4f34@group-5A3E54599671-SegmentedRaftLogWorker: created new log segment /workdir/hadoop-ozone/tools/target/test-dir/MiniOzoneClusterImpl-ca628441-95e6-4ca0-9871-ceda43659e6a/datanode-0/data/ratis/0813872a-8821-469f-be46-5a3e54599671/current/log_inprogress_0
2019-09-25 12:57:38,425 [d60bfa88-4f5c-40e2-9e6f-04cdce80ae19@group-B19D63F24B75:LeaderElection9] INFO  impl.LeaderElection (LeaderElection.java:askForVotes(182)) - d60bfa88-4f5c-40e2-9e6f-04cdce80ae19@group-B19D63F24B75:LeaderElection9: begin an election at term 1 for -1: [d60bfa88-4f5c-40e2-9e6f-04cdce80ae19:192.168.151.73:42001], old=null
2019-09-25 12:57:38,425 [d60bfa88-4f5c-40e2-9e6f-04cdce80ae19@group-B19D63F24B75:LeaderElection9] INFO  impl.RoleInfo (RoleInfo.java:shutdownLeaderElection(134)) - d60bfa88-4f5c-40e2-9e6f-04cdce80ae19: shutdown LeaderElection
2019-09-25 12:57:38,425 [d60bfa88-4f5c-40e2-9e6f-04cdce80ae19@group-B19D63F24B75:LeaderElection9] INFO  impl.RaftServerImpl (RaftServerImpl.java:setRole(174)) - d60bfa88-4f5c-40e2-9e6f-04cdce80ae19@group-B19D63F24B75: changes role from CANDIDATE to LEADER at term 1 for changeToLeader
2019-09-25 12:57:38,425 [d60bfa88-4f5c-40e2-9e6f-04cdce80ae19@group-B19D63F24B75:LeaderElection9] INFO  impl.RaftServerImpl (ServerState.java:setLeader(253)) - d60bfa88-4f5c-40e2-9e6f-04cdce80ae19@group-B19D63F24B75: change Leader from null to d60bfa88-4f5c-40e2-9e6f-04cdce80ae19 at term 1 for becomeLeader, leader elected after 5069ms
2019-09-25 12:57:38,448 [d60bfa88-4f5c-40e2-9e6f-04cdce80ae19@group-B19D63F24B75:LeaderElection9] INFO  server.RaftServerConfigKeys (ConfUtils.java:logGet(43)) - raft.server.staging.catchup.gap = 1000 (default)
2019-09-25 12:57:38,448 [d60bfa88-4f5c-40e2-9e6f-04cdce80ae19@group-B19D63F24B75:LeaderElection9] INFO  server.RaftServerConfigKeys (ConfUtils.java:logGet(43)) - raft.server.rpc.sleep.time = 25ms (default)
2019-09-25 12:57:38,448 [d60bfa88-4f5c-40e2-9e6f-04cdce80ae19@group-B19D63F24B75:LeaderElection9] INFO  server.RaftServerConfigKeys (ConfUtils.java:logGet(43)) - raft.server.write.element-limit = 4096 (default)
2019-09-25 12:57:38,449 [d60bfa88-4f5c-40e2-9e6f-04cdce80ae19@group-B19D63F24B75:LeaderElection9] INFO  server.RaftServerConfigKeys (ConfUtils.java:logGet(43)) - raft.server.watch.timeout = 10s (default)
2019-09-25 12:57:38,449 [d60bfa88-4f5c-40e2-9e6f-04cdce80ae19@group-B19D63F24B75:LeaderElection9] INFO  server.RaftServerConfigKeys (ConfUtils.java:logGet(43)) - raft.server.watch.timeout.denomination = 1s (default)
2019-09-25 12:57:38,449 [d60bfa88-4f5c-40e2-9e6f-04cdce80ae19@group-B19D63F24B75:LeaderElection9] INFO  server.RaftServerConfigKeys (ConfUtils.java:logGet(43)) - raft.server.watch.element-limit = 65536 (default)
2019-09-25 12:57:38,449 [Thread-237] INFO  impl.FollowerState (FollowerState.java:run(106)) - 1ad4e210-16ea-448d-9c83-11669c9ee3b6:group-4359F6076232 changes to CANDIDATE, lastRpcTime:5012, electionTimeout:5005ms
2019-09-25 12:57:38,449 [Thread-237] INFO  impl.RoleInfo (RoleInfo.java:shutdownFollowerState(121)) - 1ad4e210-16ea-448d-9c83-11669c9ee3b6: shutdown FollowerState
2019-09-25 12:57:38,450 [Thread-237] INFO  impl.RaftServerImpl (RaftServerImpl.java:setRole(174)) - 1ad4e210-16ea-448d-9c83-11669c9ee3b6@group-4359F6076232: changes role from  FOLLOWER to CANDIDATE at term 0 for changeToCandidate
2019-09-25 12:57:38,450 [Thread-237] INFO  impl.RoleInfo (RoleInfo.java:updateAndGet(143)) - 1ad4e210-16ea-448d-9c83-11669c9ee3b6: start LeaderElection
2019-09-25 12:57:38,453 [d60bfa88-4f5c-40e2-9e6f-04cdce80ae19@group-B19D63F24B75:LeaderElection9] INFO  impl.RoleInfo (RoleInfo.java:updateAndGet(143)) - d60bfa88-4f5c-40e2-9e6f-04cdce80ae19: start LeaderState
2019-09-25 12:57:38,454 [d60bfa88-4f5c-40e2-9e6f-04cdce80ae19@group-B19D63F24B75:LeaderElection9] INFO  segmented.SegmentedRaftLogWorker (SegmentedRaftLogWorker.java:startLogSegment(380)) - d60bfa88-4f5c-40e2-9e6f-04cdce80ae19@group-B19D63F24B75-SegmentedRaftLogWorker: Starting segment from index:0
2019-09-25 12:57:38,454 [d60bfa88-4f5c-40e2-9e6f-04cdce80ae19@group-B19D63F24B75:LeaderElection9] INFO  impl.RaftServerImpl (ServerState.java:setRaftConf(354)) - d60bfa88-4f5c-40e2-9e6f-04cdce80ae19@group-B19D63F24B75: set configuration 0: [d60bfa88-4f5c-40e2-9e6f-04cdce80ae19:192.168.151.73:42001], old=null at 0
2019-09-25 12:57:38,488 [05c10ba5-9820-4ddb-94b6-a7ebb5af4f34@group-4E5EEA0F0A31-SegmentedRaftLogWorker] INFO  segmented.SegmentedRaftLogWorker (SegmentedRaftLogWorker.java:execute(569)) - 05c10ba5-9820-4ddb-94b6-a7ebb5af4f34@group-4E5EEA0F0A31-SegmentedRaftLogWorker: created new log segment /workdir/hadoop-ozone/tools/target/test-dir/MiniOzoneClusterImpl-ca628441-95e6-4ca0-9871-ceda43659e6a/datanode-0/data/ratis/33a7ba54-7f1d-47e0-9d35-4e5eea0f0a31/current/log_inprogress_0
2019-09-25 12:57:38,489 [1ad4e210-16ea-448d-9c83-11669c9ee3b6@group-4359F6076232:LeaderElection10] INFO  impl.LeaderElection (LeaderElection.java:askForVotes(182)) - 1ad4e210-16ea-448d-9c83-11669c9ee3b6@group-4359F6076232:LeaderElection10: begin an election at term 1 for -1: [1ad4e210-16ea-448d-9c83-11669c9ee3b6:192.168.151.73:41323], old=null
2019-09-25 12:57:38,489 [1ad4e210-16ea-448d-9c83-11669c9ee3b6@group-4359F6076232:LeaderElection10] INFO  impl.RoleInfo (RoleInfo.java:shutdownLeaderElection(134)) - 1ad4e210-16ea-448d-9c83-11669c9ee3b6: shutdown LeaderElection
2019-09-25 12:57:38,489 [1ad4e210-16ea-448d-9c83-11669c9ee3b6@group-4359F6076232:LeaderElection10] INFO  impl.RaftServerImpl (RaftServerImpl.java:setRole(174)) - 1ad4e210-16ea-448d-9c83-11669c9ee3b6@group-4359F6076232: changes role from CANDIDATE to LEADER at term 1 for changeToLeader
2019-09-25 12:57:38,489 [1ad4e210-16ea-448d-9c83-11669c9ee3b6@group-4359F6076232:LeaderElection10] INFO  impl.RaftServerImpl (ServerState.java:setLeader(253)) - 1ad4e210-16ea-448d-9c83-11669c9ee3b6@group-4359F6076232: change Leader from null to 1ad4e210-16ea-448d-9c83-11669c9ee3b6 at term 1 for becomeLeader, leader elected after 5061ms
2019-09-25 12:57:38,489 [1ad4e210-16ea-448d-9c83-11669c9ee3b6@group-4359F6076232:LeaderElection10] INFO  server.RaftServerConfigKeys (ConfUtils.java:logGet(43)) - raft.server.staging.catchup.gap = 1000 (default)
2019-09-25 12:57:38,489 [1ad4e210-16ea-448d-9c83-11669c9ee3b6@group-4359F6076232:LeaderElection10] INFO  server.RaftServerConfigKeys (ConfUtils.java:logGet(43)) - raft.server.rpc.sleep.time = 25ms (default)
2019-09-25 12:57:38,490 [1ad4e210-16ea-448d-9c83-11669c9ee3b6@group-4359F6076232:LeaderElection10] INFO  server.RaftServerConfigKeys (ConfUtils.java:logGet(43)) - raft.server.write.element-limit = 4096 (default)
2019-09-25 12:57:38,490 [1ad4e210-16ea-448d-9c83-11669c9ee3b6@group-4359F6076232:LeaderElection10] INFO  server.RaftServerConfigKeys (ConfUtils.java:logGet(43)) - raft.server.watch.timeout = 10s (default)
2019-09-25 12:57:38,490 [1ad4e210-16ea-448d-9c83-11669c9ee3b6@group-4359F6076232:LeaderElection10] INFO  server.RaftServerConfigKeys (ConfUtils.java:logGet(43)) - raft.server.watch.timeout.denomination = 1s (default)
2019-09-25 12:57:38,490 [1ad4e210-16ea-448d-9c83-11669c9ee3b6@group-4359F6076232:LeaderElection10] INFO  server.RaftServerConfigKeys (ConfUtils.java:logGet(43)) - raft.server.watch.element-limit = 65536 (default)
2019-09-25 12:57:38,493 [1ad4e210-16ea-448d-9c83-11669c9ee3b6@group-4359F6076232:LeaderElection10] INFO  impl.RoleInfo (RoleInfo.java:updateAndGet(143)) - 1ad4e210-16ea-448d-9c83-11669c9ee3b6: start LeaderState
2019-09-25 12:57:38,493 [1ad4e210-16ea-448d-9c83-11669c9ee3b6@group-4359F6076232:LeaderElection10] INFO  segmented.SegmentedRaftLogWorker (SegmentedRaftLogWorker.java:startLogSegment(380)) - 1ad4e210-16ea-448d-9c83-11669c9ee3b6@group-4359F6076232-SegmentedRaftLogWorker: Starting segment from index:0
2019-09-25 12:57:38,493 [1ad4e210-16ea-448d-9c83-11669c9ee3b6@group-4359F6076232:LeaderElection10] INFO  impl.RaftServerImpl (ServerState.java:setRaftConf(354)) - 1ad4e210-16ea-448d-9c83-11669c9ee3b6@group-4359F6076232: set configuration 0: [1ad4e210-16ea-448d-9c83-11669c9ee3b6:192.168.151.73:41323], old=null at 0
2019-09-25 12:57:38,523 [d60bfa88-4f5c-40e2-9e6f-04cdce80ae19@group-B19D63F24B75-SegmentedRaftLogWorker] INFO  segmented.SegmentedRaftLogWorker (SegmentedRaftLogWorker.java:execute(569)) - d60bfa88-4f5c-40e2-9e6f-04cdce80ae19@group-B19D63F24B75-SegmentedRaftLogWorker: created new log segment /workdir/hadoop-ozone/tools/target/test-dir/MiniOzoneClusterImpl-ca628441-95e6-4ca0-9871-ceda43659e6a/datanode-3/data/ratis/a041b6c5-4e69-4117-9a54-b19d63f24b75/current/log_inprogress_0
2019-09-25 12:57:38,535 [1ad4e210-16ea-448d-9c83-11669c9ee3b6@group-4359F6076232-SegmentedRaftLogWorker] INFO  segmented.SegmentedRaftLogWorker (SegmentedRaftLogWorker.java:execute(569)) - 1ad4e210-16ea-448d-9c83-11669c9ee3b6@group-4359F6076232-SegmentedRaftLogWorker: created new log segment /workdir/hadoop-ozone/tools/target/test-dir/MiniOzoneClusterImpl-ca628441-95e6-4ca0-9871-ceda43659e6a/datanode-1/data/ratis/3082563a-6e5c-42f6-b2d2-4359f6076232/current/log_inprogress_0
2019-09-25 12:57:38,568 [Thread-241] INFO  impl.FollowerState (FollowerState.java:run(106)) - 82a69ee4-b3af-4378-aabd-e501c7175382:group-9B508E83EFA1 changes to CANDIDATE, lastRpcTime:5050, electionTimeout:5050ms
2019-09-25 12:57:38,568 [Thread-241] INFO  impl.RoleInfo (RoleInfo.java:shutdownFollowerState(121)) - 82a69ee4-b3af-4378-aabd-e501c7175382: shutdown FollowerState
2019-09-25 12:57:38,568 [Thread-241] INFO  impl.RaftServerImpl (RaftServerImpl.java:setRole(174)) - 82a69ee4-b3af-4378-aabd-e501c7175382@group-9B508E83EFA1: changes role from  FOLLOWER to CANDIDATE at term 0 for changeToCandidate
2019-09-25 12:57:38,569 [Thread-241] INFO  impl.RoleInfo (RoleInfo.java:updateAndGet(143)) - 82a69ee4-b3af-4378-aabd-e501c7175382: start LeaderElection
2019-09-25 12:57:38,586 [82a69ee4-b3af-4378-aabd-e501c7175382@group-9B508E83EFA1:LeaderElection11] INFO  impl.LeaderElection (LeaderElection.java:askForVotes(182)) - 82a69ee4-b3af-4378-aabd-e501c7175382@group-9B508E83EFA1:LeaderElection11: begin an election at term 1 for -1: [82a69ee4-b3af-4378-aabd-e501c7175382:192.168.151.73:33917], old=null
2019-09-25 12:57:38,586 [82a69ee4-b3af-4378-aabd-e501c7175382@group-9B508E83EFA1:LeaderElection11] INFO  impl.RoleInfo (RoleInfo.java:shutdownLeaderElection(134)) - 82a69ee4-b3af-4378-aabd-e501c7175382: shutdown LeaderElection
2019-09-25 12:57:38,586 [82a69ee4-b3af-4378-aabd-e501c7175382@group-9B508E83EFA1:LeaderElection11] INFO  impl.RaftServerImpl (RaftServerImpl.java:setRole(174)) - 82a69ee4-b3af-4378-aabd-e501c7175382@group-9B508E83EFA1: changes role from CANDIDATE to LEADER at term 1 for changeToLeader
2019-09-25 12:57:38,587 [82a69ee4-b3af-4378-aabd-e501c7175382@group-9B508E83EFA1:LeaderElection11] INFO  impl.RaftServerImpl (ServerState.java:setLeader(253)) - 82a69ee4-b3af-4378-aabd-e501c7175382@group-9B508E83EFA1: change Leader from null to 82a69ee4-b3af-4378-aabd-e501c7175382 at term 1 for becomeLeader, leader elected after 5079ms
2019-09-25 12:57:38,588 [82a69ee4-b3af-4378-aabd-e501c7175382@group-9B508E83EFA1:LeaderElection11] INFO  server.RaftServerConfigKeys (ConfUtils.java:logGet(43)) - raft.server.staging.catchup.gap = 1000 (default)
2019-09-25 12:57:38,588 [82a69ee4-b3af-4378-aabd-e501c7175382@group-9B508E83EFA1:LeaderElection11] INFO  server.RaftServerConfigKeys (ConfUtils.java:logGet(43)) - raft.server.rpc.sleep.time = 25ms (default)
2019-09-25 12:57:38,588 [82a69ee4-b3af-4378-aabd-e501c7175382@group-9B508E83EFA1:LeaderElection11] INFO  server.RaftServerConfigKeys (ConfUtils.java:logGet(43)) - raft.server.write.element-limit = 4096 (default)
2019-09-25 12:57:38,588 [82a69ee4-b3af-4378-aabd-e501c7175382@group-9B508E83EFA1:LeaderElection11] INFO  server.RaftServerConfigKeys (ConfUtils.java:logGet(43)) - raft.server.watch.timeout = 10s (default)
2019-09-25 12:57:38,588 [82a69ee4-b3af-4378-aabd-e501c7175382@group-9B508E83EFA1:LeaderElection11] INFO  server.RaftServerConfigKeys (ConfUtils.java:logGet(43)) - raft.server.watch.timeout.denomination = 1s (default)
2019-09-25 12:57:38,588 [82a69ee4-b3af-4378-aabd-e501c7175382@group-9B508E83EFA1:LeaderElection11] INFO  server.RaftServerConfigKeys (ConfUtils.java:logGet(43)) - raft.server.watch.element-limit = 65536 (default)
2019-09-25 12:57:38,590 [82a69ee4-b3af-4378-aabd-e501c7175382@group-9B508E83EFA1:LeaderElection11] INFO  impl.RoleInfo (RoleInfo.java:updateAndGet(143)) - 82a69ee4-b3af-4378-aabd-e501c7175382: start LeaderState
2019-09-25 12:57:38,590 [82a69ee4-b3af-4378-aabd-e501c7175382@group-9B508E83EFA1:LeaderElection11] INFO  segmented.SegmentedRaftLogWorker (SegmentedRaftLogWorker.java:startLogSegment(380)) - 82a69ee4-b3af-4378-aabd-e501c7175382@group-9B508E83EFA1-SegmentedRaftLogWorker: Starting segment from index:0
2019-09-25 12:57:38,591 [82a69ee4-b3af-4378-aabd-e501c7175382@group-9B508E83EFA1:LeaderElection11] INFO  impl.RaftServerImpl (ServerState.java:setRaftConf(354)) - 82a69ee4-b3af-4378-aabd-e501c7175382@group-9B508E83EFA1: set configuration 0: [82a69ee4-b3af-4378-aabd-e501c7175382:192.168.151.73:33917], old=null at 0
2019-09-25 12:57:38,636 [82a69ee4-b3af-4378-aabd-e501c7175382@group-9B508E83EFA1-SegmentedRaftLogWorker] INFO  segmented.SegmentedRaftLogWorker (SegmentedRaftLogWorker.java:execute(569)) - 82a69ee4-b3af-4378-aabd-e501c7175382@group-9B508E83EFA1-SegmentedRaftLogWorker: created new log segment /workdir/hadoop-ozone/tools/target/test-dir/MiniOzoneClusterImpl-ca628441-95e6-4ca0-9871-ceda43659e6a/datanode-4/data/ratis/2382cc39-f67a-4314-9e17-9b508e83efa1/current/log_inprogress_0
2019-09-25 12:57:38,735 [Thread-247] INFO  impl.FollowerState (FollowerState.java:run(106)) - 548f63c1-ecb3-4338-9923-ba2d46dbaf7d:group-E37A668E3FFC changes to CANDIDATE, lastRpcTime:5093, electionTimeout:5093ms
2019-09-25 12:57:38,736 [Thread-247] INFO  impl.RoleInfo (RoleInfo.java:shutdownFollowerState(121)) - 548f63c1-ecb3-4338-9923-ba2d46dbaf7d: shutdown FollowerState
2019-09-25 12:57:38,736 [Thread-247] INFO  impl.RaftServerImpl (RaftServerImpl.java:setRole(174)) - 548f63c1-ecb3-4338-9923-ba2d46dbaf7d@group-E37A668E3FFC: changes role from  FOLLOWER to CANDIDATE at term 0 for changeToCandidate
2019-09-25 12:57:38,736 [Thread-247] INFO  impl.RoleInfo (RoleInfo.java:updateAndGet(143)) - 548f63c1-ecb3-4338-9923-ba2d46dbaf7d: start LeaderElection
2019-09-25 12:57:38,763 [548f63c1-ecb3-4338-9923-ba2d46dbaf7d@group-E37A668E3FFC:LeaderElection12] INFO  impl.LeaderElection (LeaderElection.java:askForVotes(182)) - 548f63c1-ecb3-4338-9923-ba2d46dbaf7d@group-E37A668E3FFC:LeaderElection12: begin an election at term 1 for -1: [548f63c1-ecb3-4338-9923-ba2d46dbaf7d:192.168.151.73:44083], old=null
2019-09-25 12:57:38,763 [548f63c1-ecb3-4338-9923-ba2d46dbaf7d@group-E37A668E3FFC:LeaderElection12] INFO  impl.RoleInfo (RoleInfo.java:shutdownLeaderElection(134)) - 548f63c1-ecb3-4338-9923-ba2d46dbaf7d: shutdown LeaderElection
2019-09-25 12:57:38,763 [548f63c1-ecb3-4338-9923-ba2d46dbaf7d@group-E37A668E3FFC:LeaderElection12] INFO  impl.RaftServerImpl (RaftServerImpl.java:setRole(174)) - 548f63c1-ecb3-4338-9923-ba2d46dbaf7d@group-E37A668E3FFC: changes role from CANDIDATE to LEADER at term 1 for changeToLeader
2019-09-25 12:57:38,763 [548f63c1-ecb3-4338-9923-ba2d46dbaf7d@group-E37A668E3FFC:LeaderElection12] INFO  impl.RaftServerImpl (ServerState.java:setLeader(253)) - 548f63c1-ecb3-4338-9923-ba2d46dbaf7d@group-E37A668E3FFC: change Leader from null to 548f63c1-ecb3-4338-9923-ba2d46dbaf7d at term 1 for becomeLeader, leader elected after 5127ms
2019-09-25 12:57:38,763 [548f63c1-ecb3-4338-9923-ba2d46dbaf7d@group-E37A668E3FFC:LeaderElection12] INFO  server.RaftServerConfigKeys (ConfUtils.java:logGet(43)) - raft.server.staging.catchup.gap = 1000 (default)
2019-09-25 12:57:38,763 [548f63c1-ecb3-4338-9923-ba2d46dbaf7d@group-E37A668E3FFC:LeaderElection12] INFO  server.RaftServerConfigKeys (ConfUtils.java:logGet(43)) - raft.server.rpc.sleep.time = 25ms (default)
2019-09-25 12:57:38,764 [548f63c1-ecb3-4338-9923-ba2d46dbaf7d@group-E37A668E3FFC:LeaderElection12] INFO  server.RaftServerConfigKeys (ConfUtils.java:logGet(43)) - raft.server.write.element-limit = 4096 (default)
2019-09-25 12:57:38,764 [548f63c1-ecb3-4338-9923-ba2d46dbaf7d@group-E37A668E3FFC:LeaderElection12] INFO  server.RaftServerConfigKeys (ConfUtils.java:logGet(43)) - raft.server.watch.timeout = 10s (default)
2019-09-25 12:57:38,764 [548f63c1-ecb3-4338-9923-ba2d46dbaf7d@group-E37A668E3FFC:LeaderElection12] INFO  server.RaftServerConfigKeys (ConfUtils.java:logGet(43)) - raft.server.watch.timeout.denomination = 1s (default)
2019-09-25 12:57:38,764 [548f63c1-ecb3-4338-9923-ba2d46dbaf7d@group-E37A668E3FFC:LeaderElection12] INFO  server.RaftServerConfigKeys (ConfUtils.java:logGet(43)) - raft.server.watch.element-limit = 65536 (default)
2019-09-25 12:57:38,767 [548f63c1-ecb3-4338-9923-ba2d46dbaf7d@group-E37A668E3FFC:LeaderElection12] INFO  impl.RoleInfo (RoleInfo.java:updateAndGet(143)) - 548f63c1-ecb3-4338-9923-ba2d46dbaf7d: start LeaderState
2019-09-25 12:57:38,767 [548f63c1-ecb3-4338-9923-ba2d46dbaf7d@group-E37A668E3FFC:LeaderElection12] INFO  segmented.SegmentedRaftLogWorker (SegmentedRaftLogWorker.java:startLogSegment(380)) - 548f63c1-ecb3-4338-9923-ba2d46dbaf7d@group-E37A668E3FFC-SegmentedRaftLogWorker: Starting segment from index:0
2019-09-25 12:57:38,768 [548f63c1-ecb3-4338-9923-ba2d46dbaf7d@group-E37A668E3FFC:LeaderElection12] INFO  impl.RaftServerImpl (ServerState.java:setRaftConf(354)) - 548f63c1-ecb3-4338-9923-ba2d46dbaf7d@group-E37A668E3FFC: set configuration 0: [548f63c1-ecb3-4338-9923-ba2d46dbaf7d:192.168.151.73:44083], old=null at 0
2019-09-25 12:57:38,799 [Thread-244] INFO  impl.FollowerState (FollowerState.java:run(106)) - 1ad4e210-16ea-448d-9c83-11669c9ee3b6:group-F827981179F3 changes to CANDIDATE, lastRpcTime:5213, electionTimeout:5198ms
2019-09-25 12:57:38,799 [Thread-251] INFO  impl.FollowerState (FollowerState.java:run(106)) - 1ad4e210-16ea-448d-9c83-11669c9ee3b6:group-E02E03275F73 changes to CANDIDATE, lastRpcTime:5102, electionTimeout:5080ms
2019-09-25 12:57:38,799 [Thread-244] INFO  impl.RoleInfo (RoleInfo.java:shutdownFollowerState(121)) - 1ad4e210-16ea-448d-9c83-11669c9ee3b6: shutdown FollowerState
2019-09-25 12:57:38,800 [Thread-251] INFO  impl.RoleInfo (RoleInfo.java:shutdownFollowerState(121)) - 1ad4e210-16ea-448d-9c83-11669c9ee3b6: shutdown FollowerState
2019-09-25 12:57:38,800 [Thread-244] INFO  impl.RaftServerImpl (RaftServerImpl.java:setRole(174)) - 1ad4e210-16ea-448d-9c83-11669c9ee3b6@group-F827981179F3: changes role from  FOLLOWER to CANDIDATE at term 0 for changeToCandidate
2019-09-25 12:57:38,800 [Thread-251] INFO  impl.RaftServerImpl (RaftServerImpl.java:setRole(174)) - 1ad4e210-16ea-448d-9c83-11669c9ee3b6@group-E02E03275F73: changes role from  FOLLOWER to CANDIDATE at term 0 for changeToCandidate
2019-09-25 12:57:38,800 [Thread-244] INFO  impl.RoleInfo (RoleInfo.java:updateAndGet(143)) - 1ad4e210-16ea-448d-9c83-11669c9ee3b6: start LeaderElection
2019-09-25 12:57:38,800 [Thread-251] INFO  impl.RoleInfo (RoleInfo.java:updateAndGet(143)) - 1ad4e210-16ea-448d-9c83-11669c9ee3b6: start LeaderElection
2019-09-25 12:57:38,821 [548f63c1-ecb3-4338-9923-ba2d46dbaf7d@group-E37A668E3FFC-SegmentedRaftLogWorker] INFO  segmented.SegmentedRaftLogWorker (SegmentedRaftLogWorker.java:execute(569)) - 548f63c1-ecb3-4338-9923-ba2d46dbaf7d@group-E37A668E3FFC-SegmentedRaftLogWorker: created new log segment /workdir/hadoop-ozone/tools/target/test-dir/MiniOzoneClusterImpl-ca628441-95e6-4ca0-9871-ceda43659e6a/datanode-2/data/ratis/7b742581-594a-4492-b566-e37a668e3ffc/current/log_inprogress_0
2019-09-25 12:57:38,822 [1ad4e210-16ea-448d-9c83-11669c9ee3b6@group-E02E03275F73:LeaderElection14] INFO  impl.LeaderElection (LeaderElection.java:askForVotes(182)) - 1ad4e210-16ea-448d-9c83-11669c9ee3b6@group-E02E03275F73:LeaderElection14: begin an election at term 1 for -1: [1ad4e210-16ea-448d-9c83-11669c9ee3b6:192.168.151.73:41323], old=null
2019-09-25 12:57:38,822 [1ad4e210-16ea-448d-9c83-11669c9ee3b6@group-F827981179F3:LeaderElection13] INFO  impl.LeaderElection (LeaderElection.java:askForVotes(182)) - 1ad4e210-16ea-448d-9c83-11669c9ee3b6@group-F827981179F3:LeaderElection13: begin an election at term 1 for -1: [1ad4e210-16ea-448d-9c83-11669c9ee3b6:192.168.151.73:41323], old=null
2019-09-25 12:57:38,822 [1ad4e210-16ea-448d-9c83-11669c9ee3b6@group-E02E03275F73:LeaderElection14] INFO  impl.RoleInfo (RoleInfo.java:shutdownLeaderElection(134)) - 1ad4e210-16ea-448d-9c83-11669c9ee3b6: shutdown LeaderElection
2019-09-25 12:57:38,822 [1ad4e210-16ea-448d-9c83-11669c9ee3b6@group-F827981179F3:LeaderElection13] INFO  impl.RoleInfo (RoleInfo.java:shutdownLeaderElection(134)) - 1ad4e210-16ea-448d-9c83-11669c9ee3b6: shutdown LeaderElection
2019-09-25 12:57:38,822 [1ad4e210-16ea-448d-9c83-11669c9ee3b6@group-E02E03275F73:LeaderElection14] INFO  impl.RaftServerImpl (RaftServerImpl.java:setRole(174)) - 1ad4e210-16ea-448d-9c83-11669c9ee3b6@group-E02E03275F73: changes role from CANDIDATE to LEADER at term 1 for changeToLeader
2019-09-25 12:57:38,822 [1ad4e210-16ea-448d-9c83-11669c9ee3b6@group-F827981179F3:LeaderElection13] INFO  impl.RaftServerImpl (RaftServerImpl.java:setRole(174)) - 1ad4e210-16ea-448d-9c83-11669c9ee3b6@group-F827981179F3: changes role from CANDIDATE to LEADER at term 1 for changeToLeader
2019-09-25 12:57:38,822 [1ad4e210-16ea-448d-9c83-11669c9ee3b6@group-E02E03275F73:LeaderElection14] INFO  impl.RaftServerImpl (ServerState.java:setLeader(253)) - 1ad4e210-16ea-448d-9c83-11669c9ee3b6@group-E02E03275F73: change Leader from null to 1ad4e210-16ea-448d-9c83-11669c9ee3b6 at term 1 for becomeLeader, leader elected after 5130ms
2019-09-25 12:57:38,822 [1ad4e210-16ea-448d-9c83-11669c9ee3b6@group-F827981179F3:LeaderElection13] INFO  impl.RaftServerImpl (ServerState.java:setLeader(253)) - 1ad4e210-16ea-448d-9c83-11669c9ee3b6@group-F827981179F3: change Leader from null to 1ad4e210-16ea-448d-9c83-11669c9ee3b6 at term 1 for becomeLeader, leader elected after 5246ms
2019-09-25 12:57:38,823 [1ad4e210-16ea-448d-9c83-11669c9ee3b6@group-E02E03275F73:LeaderElection14] INFO  server.RaftServerConfigKeys (ConfUtils.java:logGet(43)) - raft.server.staging.catchup.gap = 1000 (default)
2019-09-25 12:57:38,823 [1ad4e210-16ea-448d-9c83-11669c9ee3b6@group-F827981179F3:LeaderElection13] INFO  server.RaftServerConfigKeys (ConfUtils.java:logGet(43)) - raft.server.staging.catchup.gap = 1000 (default)
2019-09-25 12:57:38,823 [1ad4e210-16ea-448d-9c83-11669c9ee3b6@group-E02E03275F73:LeaderElection14] INFO  server.RaftServerConfigKeys (ConfUtils.java:logGet(43)) - raft.server.rpc.sleep.time = 25ms (default)
2019-09-25 12:57:38,823 [1ad4e210-16ea-448d-9c83-11669c9ee3b6@group-F827981179F3:LeaderElection13] INFO  server.RaftServerConfigKeys (ConfUtils.java:logGet(43)) - raft.server.rpc.sleep.time = 25ms (default)
2019-09-25 12:57:38,823 [1ad4e210-16ea-448d-9c83-11669c9ee3b6@group-E02E03275F73:LeaderElection14] INFO  server.RaftServerConfigKeys (ConfUtils.java:logGet(43)) - raft.server.write.element-limit = 4096 (default)
2019-09-25 12:57:38,824 [1ad4e210-16ea-448d-9c83-11669c9ee3b6@group-F827981179F3:LeaderElection13] INFO  server.RaftServerConfigKeys (ConfUtils.java:logGet(43)) - raft.server.write.element-limit = 4096 (default)
2019-09-25 12:57:38,824 [1ad4e210-16ea-448d-9c83-11669c9ee3b6@group-E02E03275F73:LeaderElection14] INFO  server.RaftServerConfigKeys (ConfUtils.java:logGet(43)) - raft.server.watch.timeout = 10s (default)
2019-09-25 12:57:38,824 [1ad4e210-16ea-448d-9c83-11669c9ee3b6@group-F827981179F3:LeaderElection13] INFO  server.RaftServerConfigKeys (ConfUtils.java:logGet(43)) - raft.server.watch.timeout = 10s (default)
2019-09-25 12:57:38,824 [1ad4e210-16ea-448d-9c83-11669c9ee3b6@group-E02E03275F73:LeaderElection14] INFO  server.RaftServerConfigKeys (ConfUtils.java:logGet(43)) - raft.server.watch.timeout.denomination = 1s (default)
2019-09-25 12:57:38,824 [1ad4e210-16ea-448d-9c83-11669c9ee3b6@group-F827981179F3:LeaderElection13] INFO  server.RaftServerConfigKeys (ConfUtils.java:logGet(43)) - raft.server.watch.timeout.denomination = 1s (default)
2019-09-25 12:57:38,824 [1ad4e210-16ea-448d-9c83-11669c9ee3b6@group-E02E03275F73:LeaderElection14] INFO  server.RaftServerConfigKeys (ConfUtils.java:logGet(43)) - raft.server.watch.element-limit = 65536 (default)
2019-09-25 12:57:38,824 [1ad4e210-16ea-448d-9c83-11669c9ee3b6@group-F827981179F3:LeaderElection13] INFO  server.RaftServerConfigKeys (ConfUtils.java:logGet(43)) - raft.server.watch.element-limit = 65536 (default)
2019-09-25 12:57:38,828 [1ad4e210-16ea-448d-9c83-11669c9ee3b6@group-E02E03275F73:LeaderElection14] INFO  impl.RoleInfo (RoleInfo.java:updateAndGet(143)) - 1ad4e210-16ea-448d-9c83-11669c9ee3b6: start LeaderState
2019-09-25 12:57:38,828 [1ad4e210-16ea-448d-9c83-11669c9ee3b6@group-E02E03275F73:LeaderElection14] INFO  segmented.SegmentedRaftLogWorker (SegmentedRaftLogWorker.java:startLogSegment(380)) - 1ad4e210-16ea-448d-9c83-11669c9ee3b6@group-E02E03275F73-SegmentedRaftLogWorker: Starting segment from index:0
2019-09-25 12:57:38,829 [1ad4e210-16ea-448d-9c83-11669c9ee3b6@group-E02E03275F73:LeaderElection14] INFO  impl.RaftServerImpl (ServerState.java:setRaftConf(354)) - 1ad4e210-16ea-448d-9c83-11669c9ee3b6@group-E02E03275F73: set configuration 0: [1ad4e210-16ea-448d-9c83-11669c9ee3b6:192.168.151.73:41323], old=null at 0
2019-09-25 12:57:38,829 [1ad4e210-16ea-448d-9c83-11669c9ee3b6@group-F827981179F3:LeaderElection13] INFO  impl.RoleInfo (RoleInfo.java:updateAndGet(143)) - 1ad4e210-16ea-448d-9c83-11669c9ee3b6: start LeaderState
2019-09-25 12:57:38,865 [1ad4e210-16ea-448d-9c83-11669c9ee3b6@group-F827981179F3:LeaderElection13] INFO  segmented.SegmentedRaftLogWorker (SegmentedRaftLogWorker.java:startLogSegment(380)) - 1ad4e210-16ea-448d-9c83-11669c9ee3b6@group-F827981179F3-SegmentedRaftLogWorker: Starting segment from index:0
2019-09-25 12:57:38,866 [1ad4e210-16ea-448d-9c83-11669c9ee3b6@group-F827981179F3:LeaderElection13] INFO  impl.RaftServerImpl (ServerState.java:setRaftConf(354)) - 1ad4e210-16ea-448d-9c83-11669c9ee3b6@group-F827981179F3: set configuration 0: [1ad4e210-16ea-448d-9c83-11669c9ee3b6:192.168.151.73:41323], old=null at 0
2019-09-25 12:57:38,906 [1ad4e210-16ea-448d-9c83-11669c9ee3b6@group-E02E03275F73-SegmentedRaftLogWorker] INFO  segmented.SegmentedRaftLogWorker (SegmentedRaftLogWorker.java:execute(569)) - 1ad4e210-16ea-448d-9c83-11669c9ee3b6@group-E02E03275F73-SegmentedRaftLogWorker: created new log segment /workdir/hadoop-ozone/tools/target/test-dir/MiniOzoneClusterImpl-ca628441-95e6-4ca0-9871-ceda43659e6a/datanode-1/data/ratis/22817de1-3e04-49f8-ac04-e02e03275f73/current/log_inprogress_0
 0.00% |█                                                                                                    |  0/1 Time: 0:00:052019-09-25 12:57:38,907 [Thread-254] INFO  impl.FollowerState (FollowerState.java:run(106)) - 05c10ba5-9820-4ddb-94b6-a7ebb5af4f34:group-37DB4772E3B4 changes to CANDIDATE, lastRpcTime:5136, electionTimeout:5136ms
2019-09-25 12:57:38,907 [Thread-254] INFO  impl.RoleInfo (RoleInfo.java:shutdownFollowerState(121)) - 05c10ba5-9820-4ddb-94b6-a7ebb5af4f34: shutdown FollowerState
2019-09-25 12:57:38,907 [Thread-254] INFO  impl.RaftServerImpl (RaftServerImpl.java:setRole(174)) - 05c10ba5-9820-4ddb-94b6-a7ebb5af4f34@group-37DB4772E3B4: changes role from  FOLLOWER to CANDIDATE at term 0 for changeToCandidate
2019-09-25 12:57:38,908 [Thread-254] INFO  impl.RoleInfo (RoleInfo.java:updateAndGet(143)) - 05c10ba5-9820-4ddb-94b6-a7ebb5af4f34: start LeaderElection
2019-09-25 12:57:38,927 [1ad4e210-16ea-448d-9c83-11669c9ee3b6@group-F827981179F3-SegmentedRaftLogWorker] INFO  segmented.SegmentedRaftLogWorker (SegmentedRaftLogWorker.java:execute(569)) - 1ad4e210-16ea-448d-9c83-11669c9ee3b6@group-F827981179F3-SegmentedRaftLogWorker: created new log segment /workdir/hadoop-ozone/tools/target/test-dir/MiniOzoneClusterImpl-ca628441-95e6-4ca0-9871-ceda43659e6a/datanode-1/data/ratis/b8b0762a-ee90-4d32-bc2e-f827981179f3/current/log_inprogress_0
2019-09-25 12:57:38,927 [05c10ba5-9820-4ddb-94b6-a7ebb5af4f34@group-37DB4772E3B4:LeaderElection15] INFO  impl.LeaderElection (LeaderElection.java:askForVotes(182)) - 05c10ba5-9820-4ddb-94b6-a7ebb5af4f34@group-37DB4772E3B4:LeaderElection15: begin an election at term 1 for -1: [05c10ba5-9820-4ddb-94b6-a7ebb5af4f34:192.168.151.73:44415], old=null
2019-09-25 12:57:38,927 [05c10ba5-9820-4ddb-94b6-a7ebb5af4f34@group-37DB4772E3B4:LeaderElection15] INFO  impl.RoleInfo (RoleInfo.java:shutdownLeaderElection(134)) - 05c10ba5-9820-4ddb-94b6-a7ebb5af4f34: shutdown LeaderElection
2019-09-25 12:57:38,927 [05c10ba5-9820-4ddb-94b6-a7ebb5af4f34@group-37DB4772E3B4:LeaderElection15] INFO  impl.RaftServerImpl (RaftServerImpl.java:setRole(174)) - 05c10ba5-9820-4ddb-94b6-a7ebb5af4f34@group-37DB4772E3B4: changes role from CANDIDATE to LEADER at term 1 for changeToLeader
2019-09-25 12:57:38,928 [05c10ba5-9820-4ddb-94b6-a7ebb5af4f34@group-37DB4772E3B4:LeaderElection15] INFO  impl.RaftServerImpl (ServerState.java:setLeader(253)) - 05c10ba5-9820-4ddb-94b6-a7ebb5af4f34@group-37DB4772E3B4: change Leader from null to 05c10ba5-9820-4ddb-94b6-a7ebb5af4f34 at term 1 for becomeLeader, leader elected after 5164ms
2019-09-25 12:57:38,928 [05c10ba5-9820-4ddb-94b6-a7ebb5af4f34@group-37DB4772E3B4:LeaderElection15] INFO  server.RaftServerConfigKeys (ConfUtils.java:logGet(43)) - raft.server.staging.catchup.gap = 1000 (default)
2019-09-25 12:57:38,928 [05c10ba5-9820-4ddb-94b6-a7ebb5af4f34@group-37DB4772E3B4:LeaderElection15] INFO  server.RaftServerConfigKeys (ConfUtils.java:logGet(43)) - raft.server.rpc.sleep.time = 25ms (default)
2019-09-25 12:57:38,928 [05c10ba5-9820-4ddb-94b6-a7ebb5af4f34@group-37DB4772E3B4:LeaderElection15] INFO  server.RaftServerConfigKeys (ConfUtils.java:logGet(43)) - raft.server.write.element-limit = 4096 (default)
2019-09-25 12:57:38,929 [05c10ba5-9820-4ddb-94b6-a7ebb5af4f34@group-37DB4772E3B4:LeaderElection15] INFO  server.RaftServerConfigKeys (ConfUtils.java:logGet(43)) - raft.server.watch.timeout = 10s (default)
2019-09-25 12:57:38,929 [05c10ba5-9820-4ddb-94b6-a7ebb5af4f34@group-37DB4772E3B4:LeaderElection15] INFO  server.RaftServerConfigKeys (ConfUtils.java:logGet(43)) - raft.server.watch.timeout.denomination = 1s (default)
2019-09-25 12:57:38,929 [05c10ba5-9820-4ddb-94b6-a7ebb5af4f34@group-37DB4772E3B4:LeaderElection15] INFO  server.RaftServerConfigKeys (ConfUtils.java:logGet(43)) - raft.server.watch.element-limit = 65536 (default)
2019-09-25 12:57:38,929 [Thread-257] INFO  impl.FollowerState (FollowerState.java:run(106)) - 1ad4e210-16ea-448d-9c83-11669c9ee3b6:group-5B9ACD1C1A5C changes to CANDIDATE, lastRpcTime:5092, electionTimeout:5092ms
2019-09-25 12:57:38,930 [Thread-257] INFO  impl.RoleInfo (RoleInfo.java:shutdownFollowerState(121)) - 1ad4e210-16ea-448d-9c83-11669c9ee3b6: shutdown FollowerState
2019-09-25 12:57:38,930 [Thread-257] INFO  impl.RaftServerImpl (RaftServerImpl.java:setRole(174)) - 1ad4e210-16ea-448d-9c83-11669c9ee3b6@group-5B9ACD1C1A5C: changes role from  FOLLOWER to CANDIDATE at term 0 for changeToCandidate
2019-09-25 12:57:38,930 [Thread-257] INFO  impl.RoleInfo (RoleInfo.java:updateAndGet(143)) - 1ad4e210-16ea-448d-9c83-11669c9ee3b6: start LeaderElection
2019-09-25 12:57:38,937 [05c10ba5-9820-4ddb-94b6-a7ebb5af4f34@group-37DB4772E3B4:LeaderElection15] INFO  impl.RoleInfo (RoleInfo.java:updateAndGet(143)) - 05c10ba5-9820-4ddb-94b6-a7ebb5af4f34: start LeaderState
2019-09-25 12:57:38,937 [05c10ba5-9820-4ddb-94b6-a7ebb5af4f34@group-37DB4772E3B4:LeaderElection15] INFO  segmented.SegmentedRaftLogWorker (SegmentedRaftLogWorker.java:startLogSegment(380)) - 05c10ba5-9820-4ddb-94b6-a7ebb5af4f34@group-37DB4772E3B4-SegmentedRaftLogWorker: Starting segment from index:0
2019-09-25 12:57:38,938 [05c10ba5-9820-4ddb-94b6-a7ebb5af4f34@group-37DB4772E3B4:LeaderElection15] INFO  impl.RaftServerImpl (ServerState.java:setRaftConf(354)) - 05c10ba5-9820-4ddb-94b6-a7ebb5af4f34@group-37DB4772E3B4: set configuration 0: [05c10ba5-9820-4ddb-94b6-a7ebb5af4f34:192.168.151.73:44415], old=null at 0
2019-09-25 12:57:38,977 [1ad4e210-16ea-448d-9c83-11669c9ee3b6@group-5B9ACD1C1A5C:LeaderElection16] INFO  impl.LeaderElection (LeaderElection.java:askForVotes(182)) - 1ad4e210-16ea-448d-9c83-11669c9ee3b6@group-5B9ACD1C1A5C:LeaderElection16: begin an election at term 1 for -1: [1ad4e210-16ea-448d-9c83-11669c9ee3b6:192.168.151.73:41323], old=null
2019-09-25 12:57:38,977 [1ad4e210-16ea-448d-9c83-11669c9ee3b6@group-5B9ACD1C1A5C:LeaderElection16] INFO  impl.RoleInfo (RoleInfo.java:shutdownLeaderElection(134)) - 1ad4e210-16ea-448d-9c83-11669c9ee3b6: shutdown LeaderElection
2019-09-25 12:57:38,978 [1ad4e210-16ea-448d-9c83-11669c9ee3b6@group-5B9ACD1C1A5C:LeaderElection16] INFO  impl.RaftServerImpl (RaftServerImpl.java:setRole(174)) - 1ad4e210-16ea-448d-9c83-11669c9ee3b6@group-5B9ACD1C1A5C: changes role from CANDIDATE to LEADER at term 1 for changeToLeader
2019-09-25 12:57:38,978 [1ad4e210-16ea-448d-9c83-11669c9ee3b6@group-5B9ACD1C1A5C:LeaderElection16] INFO  impl.RaftServerImpl (ServerState.java:setLeader(253)) - 1ad4e210-16ea-448d-9c83-11669c9ee3b6@group-5B9ACD1C1A5C: change Leader from null to 1ad4e210-16ea-448d-9c83-11669c9ee3b6 at term 1 for becomeLeader, leader elected after 5146ms
2019-09-25 12:57:38,978 [1ad4e210-16ea-448d-9c83-11669c9ee3b6@group-5B9ACD1C1A5C:LeaderElection16] INFO  server.RaftServerConfigKeys (ConfUtils.java:logGet(43)) - raft.server.staging.catchup.gap = 1000 (default)
2019-09-25 12:57:38,978 [1ad4e210-16ea-448d-9c83-11669c9ee3b6@group-5B9ACD1C1A5C:LeaderElection16] INFO  server.RaftServerConfigKeys (ConfUtils.java:logGet(43)) - raft.server.rpc.sleep.time = 25ms (default)
2019-09-25 12:57:38,979 [1ad4e210-16ea-448d-9c83-11669c9ee3b6@group-5B9ACD1C1A5C:LeaderElection16] INFO  server.RaftServerConfigKeys (ConfUtils.java:logGet(43)) - raft.server.write.element-limit = 4096 (default)
2019-09-25 12:57:38,979 [1ad4e210-16ea-448d-9c83-11669c9ee3b6@group-5B9ACD1C1A5C:LeaderElection16] INFO  server.RaftServerConfigKeys (ConfUtils.java:logGet(43)) - raft.server.watch.timeout = 10s (default)
2019-09-25 12:57:38,979 [1ad4e210-16ea-448d-9c83-11669c9ee3b6@group-5B9ACD1C1A5C:LeaderElection16] INFO  server.RaftServerConfigKeys (ConfUtils.java:logGet(43)) - raft.server.watch.timeout.denomination = 1s (default)
2019-09-25 12:57:38,979 [1ad4e210-16ea-448d-9c83-11669c9ee3b6@group-5B9ACD1C1A5C:LeaderElection16] INFO  server.RaftServerConfigKeys (ConfUtils.java:logGet(43)) - raft.server.watch.element-limit = 65536 (default)
2019-09-25 12:57:38,984 [1ad4e210-16ea-448d-9c83-11669c9ee3b6@group-5B9ACD1C1A5C:LeaderElection16] INFO  impl.RoleInfo (RoleInfo.java:updateAndGet(143)) - 1ad4e210-16ea-448d-9c83-11669c9ee3b6: start LeaderState
2019-09-25 12:57:38,984 [1ad4e210-16ea-448d-9c83-11669c9ee3b6@group-5B9ACD1C1A5C:LeaderElection16] INFO  segmented.SegmentedRaftLogWorker (SegmentedRaftLogWorker.java:startLogSegment(380)) - 1ad4e210-16ea-448d-9c83-11669c9ee3b6@group-5B9ACD1C1A5C-SegmentedRaftLogWorker: Starting segment from index:0
2019-09-25 12:57:38,985 [1ad4e210-16ea-448d-9c83-11669c9ee3b6@group-5B9ACD1C1A5C:LeaderElection16] INFO  impl.RaftServerImpl (ServerState.java:setRaftConf(354)) - 1ad4e210-16ea-448d-9c83-11669c9ee3b6@group-5B9ACD1C1A5C: set configuration 0: [1ad4e210-16ea-448d-9c83-11669c9ee3b6:192.168.151.73:41323], old=null at 0
2019-09-25 12:57:39,024 [05c10ba5-9820-4ddb-94b6-a7ebb5af4f34@group-37DB4772E3B4-SegmentedRaftLogWorker] INFO  segmented.SegmentedRaftLogWorker (SegmentedRaftLogWorker.java:execute(569)) - 05c10ba5-9820-4ddb-94b6-a7ebb5af4f34@group-37DB4772E3B4-SegmentedRaftLogWorker: created new log segment /workdir/hadoop-ozone/tools/target/test-dir/MiniOzoneClusterImpl-ca628441-95e6-4ca0-9871-ceda43659e6a/datanode-0/data/ratis/c710b214-0da9-4f6d-a6dc-37db4772e3b4/current/log_inprogress_0
2019-09-25 12:57:39,037 [1ad4e210-16ea-448d-9c83-11669c9ee3b6@group-5B9ACD1C1A5C-SegmentedRaftLogWorker] INFO  segmented.SegmentedRaftLogWorker (SegmentedRaftLogWorker.java:execute(569)) - 1ad4e210-16ea-448d-9c83-11669c9ee3b6@group-5B9ACD1C1A5C-SegmentedRaftLogWorker: created new log segment /workdir/hadoop-ozone/tools/target/test-dir/MiniOzoneClusterImpl-ca628441-95e6-4ca0-9871-ceda43659e6a/datanode-1/data/ratis/d0f7e84a-ab0d-4e52-8503-5b9acd1c1a5c/current/log_inprogress_0
2019-09-25 12:57:39,126 [Thread-264] INFO  impl.FollowerState (FollowerState.java:run(106)) - 1ad4e210-16ea-448d-9c83-11669c9ee3b6:group-38AFDD17C99F changes to CANDIDATE, lastRpcTime:5196, electionTimeout:5196ms
2019-09-25 12:57:39,126 [Thread-264] INFO  impl.RoleInfo (RoleInfo.java:shutdownFollowerState(121)) - 1ad4e210-16ea-448d-9c83-11669c9ee3b6: shutdown FollowerState
2019-09-25 12:57:39,127 [Thread-264] INFO  impl.RaftServerImpl (RaftServerImpl.java:setRole(174)) - 1ad4e210-16ea-448d-9c83-11669c9ee3b6@group-38AFDD17C99F: changes role from  FOLLOWER to CANDIDATE at term 0 for changeToCandidate
2019-09-25 12:57:39,127 [Thread-264] INFO  impl.RoleInfo (RoleInfo.java:updateAndGet(143)) - 1ad4e210-16ea-448d-9c83-11669c9ee3b6: start LeaderElection
2019-09-25 12:57:39,157 [1ad4e210-16ea-448d-9c83-11669c9ee3b6@group-38AFDD17C99F:LeaderElection17] INFO  impl.LeaderElection (LeaderElection.java:askForVotes(182)) - 1ad4e210-16ea-448d-9c83-11669c9ee3b6@group-38AFDD17C99F:LeaderElection17: begin an election at term 1 for -1: [1ad4e210-16ea-448d-9c83-11669c9ee3b6:192.168.151.73:41323], old=null
2019-09-25 12:57:39,158 [1ad4e210-16ea-448d-9c83-11669c9ee3b6@group-38AFDD17C99F:LeaderElection17] INFO  impl.RoleInfo (RoleInfo.java:shutdownLeaderElection(134)) - 1ad4e210-16ea-448d-9c83-11669c9ee3b6: shutdown LeaderElection
2019-09-25 12:57:39,158 [1ad4e210-16ea-448d-9c83-11669c9ee3b6@group-38AFDD17C99F:LeaderElection17] INFO  impl.RaftServerImpl (RaftServerImpl.java:setRole(174)) - 1ad4e210-16ea-448d-9c83-11669c9ee3b6@group-38AFDD17C99F: changes role from CANDIDATE to LEADER at term 1 for changeToLeader
2019-09-25 12:57:39,158 [1ad4e210-16ea-448d-9c83-11669c9ee3b6@group-38AFDD17C99F:LeaderElection17] INFO  impl.RaftServerImpl (ServerState.java:setLeader(253)) - 1ad4e210-16ea-448d-9c83-11669c9ee3b6@group-38AFDD17C99F: change Leader from null to 1ad4e210-16ea-448d-9c83-11669c9ee3b6 at term 1 for becomeLeader, leader elected after 5257ms
2019-09-25 12:57:39,158 [1ad4e210-16ea-448d-9c83-11669c9ee3b6@group-38AFDD17C99F:LeaderElection17] INFO  server.RaftServerConfigKeys (ConfUtils.java:logGet(43)) - raft.server.staging.catchup.gap = 1000 (default)
2019-09-25 12:57:39,158 [1ad4e210-16ea-448d-9c83-11669c9ee3b6@group-38AFDD17C99F:LeaderElection17] INFO  server.RaftServerConfigKeys (ConfUtils.java:logGet(43)) - raft.server.rpc.sleep.time = 25ms (default)
2019-09-25 12:57:39,159 [1ad4e210-16ea-448d-9c83-11669c9ee3b6@group-38AFDD17C99F:LeaderElection17] INFO  server.RaftServerConfigKeys (ConfUtils.java:logGet(43)) - raft.server.write.element-limit = 4096 (default)
2019-09-25 12:57:39,159 [1ad4e210-16ea-448d-9c83-11669c9ee3b6@group-38AFDD17C99F:LeaderElection17] INFO  server.RaftServerConfigKeys (ConfUtils.java:logGet(43)) - raft.server.watch.timeout = 10s (default)
2019-09-25 12:57:39,159 [1ad4e210-16ea-448d-9c83-11669c9ee3b6@group-38AFDD17C99F:LeaderElection17] INFO  server.RaftServerConfigKeys (ConfUtils.java:logGet(43)) - raft.server.watch.timeout.denomination = 1s (default)
2019-09-25 12:57:39,159 [1ad4e210-16ea-448d-9c83-11669c9ee3b6@group-38AFDD17C99F:LeaderElection17] INFO  server.RaftServerConfigKeys (ConfUtils.java:logGet(43)) - raft.server.watch.element-limit = 65536 (default)
2019-09-25 12:57:39,163 [1ad4e210-16ea-448d-9c83-11669c9ee3b6@group-38AFDD17C99F:LeaderElection17] INFO  impl.RoleInfo (RoleInfo.java:updateAndGet(143)) - 1ad4e210-16ea-448d-9c83-11669c9ee3b6: start LeaderState
2019-09-25 12:57:39,163 [1ad4e210-16ea-448d-9c83-11669c9ee3b6@group-38AFDD17C99F:LeaderElection17] INFO  segmented.SegmentedRaftLogWorker (SegmentedRaftLogWorker.java:startLogSegment(380)) - 1ad4e210-16ea-448d-9c83-11669c9ee3b6@group-38AFDD17C99F-SegmentedRaftLogWorker: Starting segment from index:0
2019-09-25 12:57:39,164 [1ad4e210-16ea-448d-9c83-11669c9ee3b6@group-38AFDD17C99F:LeaderElection17] INFO  impl.RaftServerImpl (ServerState.java:setRaftConf(354)) - 1ad4e210-16ea-448d-9c83-11669c9ee3b6@group-38AFDD17C99F: set configuration 0: [1ad4e210-16ea-448d-9c83-11669c9ee3b6:192.168.151.73:41323], old=null at 0
2019-09-25 12:57:39,197 [Thread-267] INFO  impl.FollowerState (FollowerState.java:run(106)) - d60bfa88-4f5c-40e2-9e6f-04cdce80ae19:group-5111F9F507B4 changes to CANDIDATE, lastRpcTime:5176, electionTimeout:5176ms
2019-09-25 12:57:39,197 [Thread-267] INFO  impl.RoleInfo (RoleInfo.java:shutdownFollowerState(121)) - d60bfa88-4f5c-40e2-9e6f-04cdce80ae19: shutdown FollowerState
2019-09-25 12:57:39,198 [Thread-267] INFO  impl.RaftServerImpl (RaftServerImpl.java:setRole(174)) - d60bfa88-4f5c-40e2-9e6f-04cdce80ae19@group-5111F9F507B4: changes role from  FOLLOWER to CANDIDATE at term 0 for changeToCandidate
2019-09-25 12:57:39,198 [Thread-267] INFO  impl.RoleInfo (RoleInfo.java:updateAndGet(143)) - d60bfa88-4f5c-40e2-9e6f-04cdce80ae19: start LeaderElection
2019-09-25 12:57:39,210 [1ad4e210-16ea-448d-9c83-11669c9ee3b6@group-38AFDD17C99F-SegmentedRaftLogWorker] INFO  segmented.SegmentedRaftLogWorker (SegmentedRaftLogWorker.java:execute(569)) - 1ad4e210-16ea-448d-9c83-11669c9ee3b6@group-38AFDD17C99F-SegmentedRaftLogWorker: created new log segment /workdir/hadoop-ozone/tools/target/test-dir/MiniOzoneClusterImpl-ca628441-95e6-4ca0-9871-ceda43659e6a/datanode-1/data/ratis/6890456d-bf02-4d3b-bd90-38afdd17c99f/current/log_inprogress_0
2019-09-25 12:57:39,210 [d60bfa88-4f5c-40e2-9e6f-04cdce80ae19@group-5111F9F507B4:LeaderElection18] INFO  impl.LeaderElection (LeaderElection.java:askForVotes(182)) - d60bfa88-4f5c-40e2-9e6f-04cdce80ae19@group-5111F9F507B4:LeaderElection18: begin an election at term 1 for -1: [d60bfa88-4f5c-40e2-9e6f-04cdce80ae19:192.168.151.73:42001], old=null
2019-09-25 12:57:39,210 [d60bfa88-4f5c-40e2-9e6f-04cdce80ae19@group-5111F9F507B4:LeaderElection18] INFO  impl.RoleInfo (RoleInfo.java:shutdownLeaderElection(134)) - d60bfa88-4f5c-40e2-9e6f-04cdce80ae19: shutdown LeaderElection
2019-09-25 12:57:39,210 [d60bfa88-4f5c-40e2-9e6f-04cdce80ae19@group-5111F9F507B4:LeaderElection18] INFO  impl.RaftServerImpl (RaftServerImpl.java:setRole(174)) - d60bfa88-4f5c-40e2-9e6f-04cdce80ae19@group-5111F9F507B4: changes role from CANDIDATE to LEADER at term 1 for changeToLeader
2019-09-25 12:57:39,210 [d60bfa88-4f5c-40e2-9e6f-04cdce80ae19@group-5111F9F507B4:LeaderElection18] INFO  impl.RaftServerImpl (ServerState.java:setLeader(253)) - d60bfa88-4f5c-40e2-9e6f-04cdce80ae19@group-5111F9F507B4: change Leader from null to d60bfa88-4f5c-40e2-9e6f-04cdce80ae19 at term 1 for becomeLeader, leader elected after 5197ms
2019-09-25 12:57:39,211 [d60bfa88-4f5c-40e2-9e6f-04cdce80ae19@group-5111F9F507B4:LeaderElection18] INFO  server.RaftServerConfigKeys (ConfUtils.java:logGet(43)) - raft.server.staging.catchup.gap = 1000 (default)
2019-09-25 12:57:39,211 [d60bfa88-4f5c-40e2-9e6f-04cdce80ae19@group-5111F9F507B4:LeaderElection18] INFO  server.RaftServerConfigKeys (ConfUtils.java:logGet(43)) - raft.server.rpc.sleep.time = 25ms (default)
2019-09-25 12:57:39,211 [d60bfa88-4f5c-40e2-9e6f-04cdce80ae19@group-5111F9F507B4:LeaderElection18] INFO  server.RaftServerConfigKeys (ConfUtils.java:logGet(43)) - raft.server.write.element-limit = 4096 (default)
2019-09-25 12:57:39,211 [d60bfa88-4f5c-40e2-9e6f-04cdce80ae19@group-5111F9F507B4:LeaderElection18] INFO  server.RaftServerConfigKeys (ConfUtils.java:logGet(43)) - raft.server.watch.timeout = 10s (default)
2019-09-25 12:57:39,211 [d60bfa88-4f5c-40e2-9e6f-04cdce80ae19@group-5111F9F507B4:LeaderElection18] INFO  server.RaftServerConfigKeys (ConfUtils.java:logGet(43)) - raft.server.watch.timeout.denomination = 1s (default)
2019-09-25 12:57:39,212 [d60bfa88-4f5c-40e2-9e6f-04cdce80ae19@group-5111F9F507B4:LeaderElection18] INFO  server.RaftServerConfigKeys (ConfUtils.java:logGet(43)) - raft.server.watch.element-limit = 65536 (default)
2019-09-25 12:57:39,215 [d60bfa88-4f5c-40e2-9e6f-04cdce80ae19@group-5111F9F507B4:LeaderElection18] INFO  impl.RoleInfo (RoleInfo.java:updateAndGet(143)) - d60bfa88-4f5c-40e2-9e6f-04cdce80ae19: start LeaderState
2019-09-25 12:57:39,215 [d60bfa88-4f5c-40e2-9e6f-04cdce80ae19@group-5111F9F507B4:LeaderElection18] INFO  segmented.SegmentedRaftLogWorker (SegmentedRaftLogWorker.java:startLogSegment(380)) - d60bfa88-4f5c-40e2-9e6f-04cdce80ae19@group-5111F9F507B4-SegmentedRaftLogWorker: Starting segment from index:0
2019-09-25 12:57:39,215 [d60bfa88-4f5c-40e2-9e6f-04cdce80ae19@group-5111F9F507B4:LeaderElection18] INFO  impl.RaftServerImpl (ServerState.java:setRaftConf(354)) - d60bfa88-4f5c-40e2-9e6f-04cdce80ae19@group-5111F9F507B4: set configuration 0: [d60bfa88-4f5c-40e2-9e6f-04cdce80ae19:192.168.151.73:42001], old=null at 0
2019-09-25 12:57:39,249 [Thread-270] INFO  impl.FollowerState (FollowerState.java:run(106)) - 548f63c1-ecb3-4338-9923-ba2d46dbaf7d:group-FB23461FCDA0 changes to CANDIDATE, lastRpcTime:5178, electionTimeout:5167ms
2019-09-25 12:57:39,249 [Thread-270] INFO  impl.RoleInfo (RoleInfo.java:shutdownFollowerState(121)) - 548f63c1-ecb3-4338-9923-ba2d46dbaf7d: shutdown FollowerState
2019-09-25 12:57:39,250 [Thread-270] INFO  impl.RaftServerImpl (RaftServerImpl.java:setRole(174)) - 548f63c1-ecb3-4338-9923-ba2d46dbaf7d@group-FB23461FCDA0: changes role from  FOLLOWER to CANDIDATE at term 0 for changeToCandidate
2019-09-25 12:57:39,250 [Thread-270] INFO  impl.RoleInfo (RoleInfo.java:updateAndGet(143)) - 548f63c1-ecb3-4338-9923-ba2d46dbaf7d: start LeaderElection
2019-09-25 12:57:39,272 [d60bfa88-4f5c-40e2-9e6f-04cdce80ae19@group-5111F9F507B4-SegmentedRaftLogWorker] INFO  segmented.SegmentedRaftLogWorker (SegmentedRaftLogWorker.java:execute(569)) - d60bfa88-4f5c-40e2-9e6f-04cdce80ae19@group-5111F9F507B4-SegmentedRaftLogWorker: created new log segment /workdir/hadoop-ozone/tools/target/test-dir/MiniOzoneClusterImpl-ca628441-95e6-4ca0-9871-ceda43659e6a/datanode-3/data/ratis/2ce81b34-49ec-4043-ab09-5111f9f507b4/current/log_inprogress_0
2019-09-25 12:57:39,272 [548f63c1-ecb3-4338-9923-ba2d46dbaf7d@group-FB23461FCDA0:LeaderElection19] INFO  impl.LeaderElection (LeaderElection.java:askForVotes(182)) - 548f63c1-ecb3-4338-9923-ba2d46dbaf7d@group-FB23461FCDA0:LeaderElection19: begin an election at term 1 for -1: [548f63c1-ecb3-4338-9923-ba2d46dbaf7d:192.168.151.73:44083], old=null
2019-09-25 12:57:39,272 [548f63c1-ecb3-4338-9923-ba2d46dbaf7d@group-FB23461FCDA0:LeaderElection19] INFO  impl.RoleInfo (RoleInfo.java:shutdownLeaderElection(134)) - 548f63c1-ecb3-4338-9923-ba2d46dbaf7d: shutdown LeaderElection
2019-09-25 12:57:39,272 [548f63c1-ecb3-4338-9923-ba2d46dbaf7d@group-FB23461FCDA0:LeaderElection19] INFO  impl.RaftServerImpl (RaftServerImpl.java:setRole(174)) - 548f63c1-ecb3-4338-9923-ba2d46dbaf7d@group-FB23461FCDA0: changes role from CANDIDATE to LEADER at term 1 for changeToLeader
2019-09-25 12:57:39,273 [548f63c1-ecb3-4338-9923-ba2d46dbaf7d@group-FB23461FCDA0:LeaderElection19] INFO  impl.RaftServerImpl (ServerState.java:setLeader(253)) - 548f63c1-ecb3-4338-9923-ba2d46dbaf7d@group-FB23461FCDA0: change Leader from null to 548f63c1-ecb3-4338-9923-ba2d46dbaf7d at term 1 for becomeLeader, leader elected after 5209ms
2019-09-25 12:57:39,273 [548f63c1-ecb3-4338-9923-ba2d46dbaf7d@group-FB23461FCDA0:LeaderElection19] INFO  server.RaftServerConfigKeys (ConfUtils.java:logGet(43)) - raft.server.staging.catchup.gap = 1000 (default)
2019-09-25 12:57:39,273 [548f63c1-ecb3-4338-9923-ba2d46dbaf7d@group-FB23461FCDA0:LeaderElection19] INFO  server.RaftServerConfigKeys (ConfUtils.java:logGet(43)) - raft.server.rpc.sleep.time = 25ms (default)
2019-09-25 12:57:39,273 [548f63c1-ecb3-4338-9923-ba2d46dbaf7d@group-FB23461FCDA0:LeaderElection19] INFO  server.RaftServerConfigKeys (ConfUtils.java:logGet(43)) - raft.server.write.element-limit = 4096 (default)
2019-09-25 12:57:39,273 [548f63c1-ecb3-4338-9923-ba2d46dbaf7d@group-FB23461FCDA0:LeaderElection19] INFO  server.RaftServerConfigKeys (ConfUtils.java:logGet(43)) - raft.server.watch.timeout = 10s (default)
2019-09-25 12:57:39,274 [548f63c1-ecb3-4338-9923-ba2d46dbaf7d@group-FB23461FCDA0:LeaderElection19] INFO  server.RaftServerConfigKeys (ConfUtils.java:logGet(43)) - raft.server.watch.timeout.denomination = 1s (default)
2019-09-25 12:57:39,274 [548f63c1-ecb3-4338-9923-ba2d46dbaf7d@group-FB23461FCDA0:LeaderElection19] INFO  server.RaftServerConfigKeys (ConfUtils.java:logGet(43)) - raft.server.watch.element-limit = 65536 (default)
2019-09-25 12:57:39,276 [548f63c1-ecb3-4338-9923-ba2d46dbaf7d@group-FB23461FCDA0:LeaderElection19] INFO  impl.RoleInfo (RoleInfo.java:updateAndGet(143)) - 548f63c1-ecb3-4338-9923-ba2d46dbaf7d: start LeaderState
2019-09-25 12:57:39,277 [548f63c1-ecb3-4338-9923-ba2d46dbaf7d@group-FB23461FCDA0:LeaderElection19] INFO  segmented.SegmentedRaftLogWorker (SegmentedRaftLogWorker.java:startLogSegment(380)) - 548f63c1-ecb3-4338-9923-ba2d46dbaf7d@group-FB23461FCDA0-SegmentedRaftLogWorker: Starting segment from index:0
2019-09-25 12:57:39,277 [548f63c1-ecb3-4338-9923-ba2d46dbaf7d@group-FB23461FCDA0:LeaderElection19] INFO  impl.RaftServerImpl (ServerState.java:setRaftConf(354)) - 548f63c1-ecb3-4338-9923-ba2d46dbaf7d@group-FB23461FCDA0: set configuration 0: [548f63c1-ecb3-4338-9923-ba2d46dbaf7d:192.168.151.73:44083], old=null at 0
2019-09-25 12:57:39,330 [548f63c1-ecb3-4338-9923-ba2d46dbaf7d@group-FB23461FCDA0-SegmentedRaftLogWorker] INFO  segmented.SegmentedRaftLogWorker (SegmentedRaftLogWorker.java:execute(569)) - 548f63c1-ecb3-4338-9923-ba2d46dbaf7d@group-FB23461FCDA0-SegmentedRaftLogWorker: created new log segment /workdir/hadoop-ozone/tools/target/test-dir/MiniOzoneClusterImpl-ca628441-95e6-4ca0-9871-ceda43659e6a/datanode-2/data/ratis/9661b42c-77ce-462c-84e1-fb23461fcda0/current/log_inprogress_0
2019-09-25 12:57:39,662 [Thread-276] INFO  impl.FollowerState (FollowerState.java:run(106)) - 548f63c1-ecb3-4338-9923-ba2d46dbaf7d:group-CE981892E378 changes to CANDIDATE, lastRpcTime:5089, electionTimeout:5089ms
2019-09-25 12:57:39,663 [Thread-276] INFO  impl.RoleInfo (RoleInfo.java:shutdownFollowerState(121)) - 548f63c1-ecb3-4338-9923-ba2d46dbaf7d: shutdown FollowerState
2019-09-25 12:57:39,663 [Thread-276] INFO  impl.RaftServerImpl (RaftServerImpl.java:setRole(174)) - 548f63c1-ecb3-4338-9923-ba2d46dbaf7d@group-CE981892E378: changes role from  FOLLOWER to CANDIDATE at term 0 for changeToCandidate
2019-09-25 12:57:39,663 [Thread-276] INFO  impl.RoleInfo (RoleInfo.java:updateAndGet(143)) - 548f63c1-ecb3-4338-9923-ba2d46dbaf7d: start LeaderElection
2019-09-25 12:57:39,682 [Thread-273] INFO  impl.FollowerState (FollowerState.java:run(106)) - 548f63c1-ecb3-4338-9923-ba2d46dbaf7d:group-FA142A712691 changes to CANDIDATE, lastRpcTime:5202, electionTimeout:5199ms
2019-09-25 12:57:39,682 [Thread-273] INFO  impl.RoleInfo (RoleInfo.java:shutdownFollowerState(121)) - 548f63c1-ecb3-4338-9923-ba2d46dbaf7d: shutdown FollowerState
2019-09-25 12:57:39,682 [Thread-273] INFO  impl.RaftServerImpl (RaftServerImpl.java:setRole(174)) - 548f63c1-ecb3-4338-9923-ba2d46dbaf7d@group-FA142A712691: changes role from  FOLLOWER to CANDIDATE at term 0 for changeToCandidate
2019-09-25 12:57:39,682 [Thread-273] INFO  impl.RoleInfo (RoleInfo.java:updateAndGet(143)) - 548f63c1-ecb3-4338-9923-ba2d46dbaf7d: start LeaderElection
2019-09-25 12:57:39,707 [548f63c1-ecb3-4338-9923-ba2d46dbaf7d@group-FA142A712691:LeaderElection21] INFO  impl.LeaderElection (LeaderElection.java:askForVotes(182)) - 548f63c1-ecb3-4338-9923-ba2d46dbaf7d@group-FA142A712691:LeaderElection21: begin an election at term 1 for -1: [548f63c1-ecb3-4338-9923-ba2d46dbaf7d:192.168.151.73:44083], old=null
2019-09-25 12:57:39,707 [548f63c1-ecb3-4338-9923-ba2d46dbaf7d@group-CE981892E378:LeaderElection20] INFO  impl.LeaderElection (LeaderElection.java:askForVotes(182)) - 548f63c1-ecb3-4338-9923-ba2d46dbaf7d@group-CE981892E378:LeaderElection20: begin an election at term 1 for -1: [548f63c1-ecb3-4338-9923-ba2d46dbaf7d:192.168.151.73:44083], old=null
2019-09-25 12:57:39,708 [Thread-282] INFO  impl.FollowerState (FollowerState.java:run(106)) - d60bfa88-4f5c-40e2-9e6f-04cdce80ae19:group-8C8E6C3EAAED changes to CANDIDATE, lastRpcTime:5024, electionTimeout:5024ms
2019-09-25 12:57:39,708 [548f63c1-ecb3-4338-9923-ba2d46dbaf7d@group-FA142A712691:LeaderElection21] INFO  impl.RoleInfo (RoleInfo.java:shutdownLeaderElection(134)) - 548f63c1-ecb3-4338-9923-ba2d46dbaf7d: shutdown LeaderElection
2019-09-25 12:57:39,708 [Thread-282] INFO  impl.RoleInfo (RoleInfo.java:shutdownFollowerState(121)) - d60bfa88-4f5c-40e2-9e6f-04cdce80ae19: shutdown FollowerState
2019-09-25 12:57:39,708 [548f63c1-ecb3-4338-9923-ba2d46dbaf7d@group-CE981892E378:LeaderElection20] INFO  impl.RoleInfo (RoleInfo.java:shutdownLeaderElection(134)) - 548f63c1-ecb3-4338-9923-ba2d46dbaf7d: shutdown LeaderElection
2019-09-25 12:57:39,708 [Thread-282] INFO  impl.RaftServerImpl (RaftServerImpl.java:setRole(174)) - d60bfa88-4f5c-40e2-9e6f-04cdce80ae19@group-8C8E6C3EAAED: changes role from  FOLLOWER to CANDIDATE at term 0 for changeToCandidate
2019-09-25 12:57:39,708 [548f63c1-ecb3-4338-9923-ba2d46dbaf7d@group-FA142A712691:LeaderElection21] INFO  impl.RaftServerImpl (RaftServerImpl.java:setRole(174)) - 548f63c1-ecb3-4338-9923-ba2d46dbaf7d@group-FA142A712691: changes role from CANDIDATE to LEADER at term 1 for changeToLeader
2019-09-25 12:57:39,708 [Thread-282] INFO  impl.RoleInfo (RoleInfo.java:updateAndGet(143)) - d60bfa88-4f5c-40e2-9e6f-04cdce80ae19: start LeaderElection
2019-09-25 12:57:39,708 [548f63c1-ecb3-4338-9923-ba2d46dbaf7d@group-CE981892E378:LeaderElection20] INFO  impl.RaftServerImpl (RaftServerImpl.java:setRole(174)) - 548f63c1-ecb3-4338-9923-ba2d46dbaf7d@group-CE981892E378: changes role from CANDIDATE to LEADER at term 1 for changeToLeader
2019-09-25 12:57:39,709 [548f63c1-ecb3-4338-9923-ba2d46dbaf7d@group-FA142A712691:LeaderElection21] INFO  impl.RaftServerImpl (ServerState.java:setLeader(253)) - 548f63c1-ecb3-4338-9923-ba2d46dbaf7d@group-FA142A712691: change Leader from null to 548f63c1-ecb3-4338-9923-ba2d46dbaf7d at term 1 for becomeLeader, leader elected after 5235ms
2019-09-25 12:57:39,709 [548f63c1-ecb3-4338-9923-ba2d46dbaf7d@group-CE981892E378:LeaderElection20] INFO  impl.RaftServerImpl (ServerState.java:setLeader(253)) - 548f63c1-ecb3-4338-9923-ba2d46dbaf7d@group-CE981892E378: change Leader from null to 548f63c1-ecb3-4338-9923-ba2d46dbaf7d at term 1 for becomeLeader, leader elected after 5144ms
2019-09-25 12:57:39,711 [548f63c1-ecb3-4338-9923-ba2d46dbaf7d@group-FA142A712691:LeaderElection21] INFO  server.RaftServerConfigKeys (ConfUtils.java:logGet(43)) - raft.server.staging.catchup.gap = 1000 (default)
2019-09-25 12:57:39,711 [548f63c1-ecb3-4338-9923-ba2d46dbaf7d@group-CE981892E378:LeaderElection20] INFO  server.RaftServerConfigKeys (ConfUtils.java:logGet(43)) - raft.server.staging.catchup.gap = 1000 (default)
2019-09-25 12:57:39,711 [548f63c1-ecb3-4338-9923-ba2d46dbaf7d@group-FA142A712691:LeaderElection21] INFO  server.RaftServerConfigKeys (ConfUtils.java:logGet(43)) - raft.server.rpc.sleep.time = 25ms (default)
2019-09-25 12:57:39,711 [548f63c1-ecb3-4338-9923-ba2d46dbaf7d@group-CE981892E378:LeaderElection20] INFO  server.RaftServerConfigKeys (ConfUtils.java:logGet(43)) - raft.server.rpc.sleep.time = 25ms (default)
2019-09-25 12:57:39,711 [548f63c1-ecb3-4338-9923-ba2d46dbaf7d@group-FA142A712691:LeaderElection21] INFO  server.RaftServerConfigKeys (ConfUtils.java:logGet(43)) - raft.server.write.element-limit = 4096 (default)
2019-09-25 12:57:39,711 [548f63c1-ecb3-4338-9923-ba2d46dbaf7d@group-FA142A712691:LeaderElection21] INFO  server.RaftServerConfigKeys (ConfUtils.java:logGet(43)) - raft.server.watch.timeout = 10s (default)
2019-09-25 12:57:39,711 [548f63c1-ecb3-4338-9923-ba2d46dbaf7d@group-CE981892E378:LeaderElection20] INFO  server.RaftServerConfigKeys (ConfUtils.java:logGet(43)) - raft.server.write.element-limit = 4096 (default)
2019-09-25 12:57:39,712 [548f63c1-ecb3-4338-9923-ba2d46dbaf7d@group-FA142A712691:LeaderElection21] INFO  server.RaftServerConfigKeys (ConfUtils.java:logGet(43)) - raft.server.watch.timeout.denomination = 1s (default)
2019-09-25 12:57:39,712 [548f63c1-ecb3-4338-9923-ba2d46dbaf7d@group-CE981892E378:LeaderElection20] INFO  server.RaftServerConfigKeys (ConfUtils.java:logGet(43)) - raft.server.watch.timeout = 10s (default)
2019-09-25 12:57:39,712 [548f63c1-ecb3-4338-9923-ba2d46dbaf7d@group-FA142A712691:LeaderElection21] INFO  server.RaftServerConfigKeys (ConfUtils.java:logGet(43)) - raft.server.watch.element-limit = 65536 (default)
2019-09-25 12:57:39,712 [548f63c1-ecb3-4338-9923-ba2d46dbaf7d@group-CE981892E378:LeaderElection20] INFO  server.RaftServerConfigKeys (ConfUtils.java:logGet(43)) - raft.server.watch.timeout.denomination = 1s (default)
2019-09-25 12:57:39,712 [548f63c1-ecb3-4338-9923-ba2d46dbaf7d@group-CE981892E378:LeaderElection20] INFO  server.RaftServerConfigKeys (ConfUtils.java:logGet(43)) - raft.server.watch.element-limit = 65536 (default)
2019-09-25 12:57:39,717 [548f63c1-ecb3-4338-9923-ba2d46dbaf7d@group-FA142A712691:LeaderElection21] INFO  impl.RoleInfo (RoleInfo.java:updateAndGet(143)) - 548f63c1-ecb3-4338-9923-ba2d46dbaf7d: start LeaderState
2019-09-25 12:57:39,718 [548f63c1-ecb3-4338-9923-ba2d46dbaf7d@group-FA142A712691:LeaderElection21] INFO  segmented.SegmentedRaftLogWorker (SegmentedRaftLogWorker.java:startLogSegment(380)) - 548f63c1-ecb3-4338-9923-ba2d46dbaf7d@group-FA142A712691-SegmentedRaftLogWorker: Starting segment from index:0
2019-09-25 12:57:39,719 [548f63c1-ecb3-4338-9923-ba2d46dbaf7d@group-FA142A712691:LeaderElection21] INFO  impl.RaftServerImpl (ServerState.java:setRaftConf(354)) - 548f63c1-ecb3-4338-9923-ba2d46dbaf7d@group-FA142A712691: set configuration 0: [548f63c1-ecb3-4338-9923-ba2d46dbaf7d:192.168.151.73:44083], old=null at 0
2019-09-25 12:57:39,762 [Thread-279] INFO  impl.FollowerState (FollowerState.java:run(106)) - d60bfa88-4f5c-40e2-9e6f-04cdce80ae19:group-EB926C6BCE58 changes to CANDIDATE, lastRpcTime:5139, electionTimeout:5130ms
2019-09-25 12:57:39,763 [d60bfa88-4f5c-40e2-9e6f-04cdce80ae19@group-8C8E6C3EAAED:LeaderElection22] INFO  impl.LeaderElection (LeaderElection.java:askForVotes(182)) - d60bfa88-4f5c-40e2-9e6f-04cdce80ae19@group-8C8E6C3EAAED:LeaderElection22: begin an election at term 1 for -1: [d60bfa88-4f5c-40e2-9e6f-04cdce80ae19:192.168.151.73:42001], old=null
2019-09-25 12:57:39,769 [Thread-279] INFO  impl.RoleInfo (RoleInfo.java:shutdownFollowerState(121)) - d60bfa88-4f5c-40e2-9e6f-04cdce80ae19: shutdown FollowerState
2019-09-25 12:57:39,773 [d60bfa88-4f5c-40e2-9e6f-04cdce80ae19@group-8C8E6C3EAAED:LeaderElection22] INFO  impl.RoleInfo (RoleInfo.java:shutdownLeaderElection(134)) - d60bfa88-4f5c-40e2-9e6f-04cdce80ae19: shutdown LeaderElection
2019-09-25 12:57:39,782 [d60bfa88-4f5c-40e2-9e6f-04cdce80ae19@group-8C8E6C3EAAED:LeaderElection22] INFO  impl.RaftServerImpl (RaftServerImpl.java:setRole(174)) - d60bfa88-4f5c-40e2-9e6f-04cdce80ae19@group-8C8E6C3EAAED: changes role from CANDIDATE to LEADER at term 1 for changeToLeader
2019-09-25 12:57:39,782 [Thread-279] INFO  impl.RaftServerImpl (RaftServerImpl.java:setRole(174)) - d60bfa88-4f5c-40e2-9e6f-04cdce80ae19@group-EB926C6BCE58: changes role from  FOLLOWER to CANDIDATE at term 0 for changeToCandidate
2019-09-25 12:57:39,782 [d60bfa88-4f5c-40e2-9e6f-04cdce80ae19@group-8C8E6C3EAAED:LeaderElection22] INFO  impl.RaftServerImpl (ServerState.java:setLeader(253)) - d60bfa88-4f5c-40e2-9e6f-04cdce80ae19@group-8C8E6C3EAAED: change Leader from null to d60bfa88-4f5c-40e2-9e6f-04cdce80ae19 at term 1 for becomeLeader, leader elected after 5105ms
2019-09-25 12:57:39,783 [Thread-279] INFO  impl.RoleInfo (RoleInfo.java:updateAndGet(143)) - d60bfa88-4f5c-40e2-9e6f-04cdce80ae19: start LeaderElection
2019-09-25 12:57:39,783 [d60bfa88-4f5c-40e2-9e6f-04cdce80ae19@group-8C8E6C3EAAED:LeaderElection22] INFO  server.RaftServerConfigKeys (ConfUtils.java:logGet(43)) - raft.server.staging.catchup.gap = 1000 (default)
2019-09-25 12:57:39,783 [d60bfa88-4f5c-40e2-9e6f-04cdce80ae19@group-8C8E6C3EAAED:LeaderElection22] INFO  server.RaftServerConfigKeys (ConfUtils.java:logGet(43)) - raft.server.rpc.sleep.time = 25ms (default)
2019-09-25 12:57:39,783 [548f63c1-ecb3-4338-9923-ba2d46dbaf7d@group-CE981892E378:LeaderElection20] INFO  impl.RoleInfo (RoleInfo.java:updateAndGet(143)) - 548f63c1-ecb3-4338-9923-ba2d46dbaf7d: start LeaderState
2019-09-25 12:57:39,783 [d60bfa88-4f5c-40e2-9e6f-04cdce80ae19@group-8C8E6C3EAAED:LeaderElection22] INFO  server.RaftServerConfigKeys (ConfUtils.java:logGet(43)) - raft.server.write.element-limit = 4096 (default)
2019-09-25 12:57:39,785 [548f63c1-ecb3-4338-9923-ba2d46dbaf7d@group-FA142A712691-SegmentedRaftLogWorker] INFO  segmented.SegmentedRaftLogWorker (SegmentedRaftLogWorker.java:execute(569)) - 548f63c1-ecb3-4338-9923-ba2d46dbaf7d@group-FA142A712691-SegmentedRaftLogWorker: created new log segment /workdir/hadoop-ozone/tools/target/test-dir/MiniOzoneClusterImpl-ca628441-95e6-4ca0-9871-ceda43659e6a/datanode-2/data/ratis/d8f32cef-5edf-4c93-8bde-fa142a712691/current/log_inprogress_0
2019-09-25 12:57:39,785 [d60bfa88-4f5c-40e2-9e6f-04cdce80ae19@group-8C8E6C3EAAED:LeaderElection22] INFO  server.RaftServerConfigKeys (ConfUtils.java:logGet(43)) - raft.server.watch.timeout = 10s (default)
2019-09-25 12:57:39,785 [548f63c1-ecb3-4338-9923-ba2d46dbaf7d@group-CE981892E378:LeaderElection20] INFO  segmented.SegmentedRaftLogWorker (SegmentedRaftLogWorker.java:startLogSegment(380)) - 548f63c1-ecb3-4338-9923-ba2d46dbaf7d@group-CE981892E378-SegmentedRaftLogWorker: Starting segment from index:0
2019-09-25 12:57:39,786 [d60bfa88-4f5c-40e2-9e6f-04cdce80ae19@group-8C8E6C3EAAED:LeaderElection22] INFO  server.RaftServerConfigKeys (ConfUtils.java:logGet(43)) - raft.server.watch.timeout.denomination = 1s (default)
2019-09-25 12:57:39,786 [d60bfa88-4f5c-40e2-9e6f-04cdce80ae19@group-8C8E6C3EAAED:LeaderElection22] INFO  server.RaftServerConfigKeys (ConfUtils.java:logGet(43)) - raft.server.watch.element-limit = 65536 (default)
2019-09-25 12:57:39,786 [548f63c1-ecb3-4338-9923-ba2d46dbaf7d@group-CE981892E378:LeaderElection20] INFO  impl.RaftServerImpl (ServerState.java:setRaftConf(354)) - 548f63c1-ecb3-4338-9923-ba2d46dbaf7d@group-CE981892E378: set configuration 0: [548f63c1-ecb3-4338-9923-ba2d46dbaf7d:192.168.151.73:44083], old=null at 0
2019-09-25 12:57:39,825 [Thread-285] INFO  impl.FollowerState (FollowerState.java:run(106)) - d60bfa88-4f5c-40e2-9e6f-04cdce80ae19:group-5C99E7640DB9 changes to CANDIDATE, lastRpcTime:5078, electionTimeout:5074ms
2019-09-25 12:57:39,826 [d60bfa88-4f5c-40e2-9e6f-04cdce80ae19@group-EB926C6BCE58:LeaderElection23] INFO  impl.LeaderElection (LeaderElection.java:askForVotes(182)) - d60bfa88-4f5c-40e2-9e6f-04cdce80ae19@group-EB926C6BCE58:LeaderElection23: begin an election at term 1 for -1: [d60bfa88-4f5c-40e2-9e6f-04cdce80ae19:192.168.151.73:42001], old=null
2019-09-25 12:57:39,828 [Thread-285] INFO  impl.RoleInfo (RoleInfo.java:shutdownFollowerState(121)) - d60bfa88-4f5c-40e2-9e6f-04cdce80ae19: shutdown FollowerState
2019-09-25 12:57:39,829 [d60bfa88-4f5c-40e2-9e6f-04cdce80ae19@group-EB926C6BCE58:LeaderElection23] INFO  impl.RoleInfo (RoleInfo.java:shutdownLeaderElection(134)) - d60bfa88-4f5c-40e2-9e6f-04cdce80ae19: shutdown LeaderElection
2019-09-25 12:57:39,829 [Thread-285] INFO  impl.RaftServerImpl (RaftServerImpl.java:setRole(174)) - d60bfa88-4f5c-40e2-9e6f-04cdce80ae19@group-5C99E7640DB9: changes role from  FOLLOWER to CANDIDATE at term 0 for changeToCandidate
2019-09-25 12:57:39,829 [d60bfa88-4f5c-40e2-9e6f-04cdce80ae19@group-EB926C6BCE58:LeaderElection23] INFO  impl.RaftServerImpl (RaftServerImpl.java:setRole(174)) - d60bfa88-4f5c-40e2-9e6f-04cdce80ae19@group-EB926C6BCE58: changes role from CANDIDATE to LEADER at term 1 for changeToLeader
2019-09-25 12:57:39,829 [Thread-285] INFO  impl.RoleInfo (RoleInfo.java:updateAndGet(143)) - d60bfa88-4f5c-40e2-9e6f-04cdce80ae19: start LeaderElection
2019-09-25 12:57:39,829 [d60bfa88-4f5c-40e2-9e6f-04cdce80ae19@group-EB926C6BCE58:LeaderElection23] INFO  impl.RaftServerImpl (ServerState.java:setLeader(253)) - d60bfa88-4f5c-40e2-9e6f-04cdce80ae19@group-EB926C6BCE58: change Leader from null to d60bfa88-4f5c-40e2-9e6f-04cdce80ae19 at term 1 for becomeLeader, leader elected after 5211ms
2019-09-25 12:57:39,830 [d60bfa88-4f5c-40e2-9e6f-04cdce80ae19@group-EB926C6BCE58:LeaderElection23] INFO  server.RaftServerConfigKeys (ConfUtils.java:logGet(43)) - raft.server.staging.catchup.gap = 1000 (default)
2019-09-25 12:57:39,831 [d60bfa88-4f5c-40e2-9e6f-04cdce80ae19@group-EB926C6BCE58:LeaderElection23] INFO  server.RaftServerConfigKeys (ConfUtils.java:logGet(43)) - raft.server.rpc.sleep.time = 25ms (default)
2019-09-25 12:57:39,832 [d60bfa88-4f5c-40e2-9e6f-04cdce80ae19@group-EB926C6BCE58:LeaderElection23] INFO  server.RaftServerConfigKeys (ConfUtils.java:logGet(43)) - raft.server.write.element-limit = 4096 (default)
2019-09-25 12:57:39,832 [d60bfa88-4f5c-40e2-9e6f-04cdce80ae19@group-EB926C6BCE58:LeaderElection23] INFO  server.RaftServerConfigKeys (ConfUtils.java:logGet(43)) - raft.server.watch.timeout = 10s (default)
2019-09-25 12:57:39,832 [d60bfa88-4f5c-40e2-9e6f-04cdce80ae19@group-8C8E6C3EAAED:LeaderElection22] INFO  impl.RoleInfo (RoleInfo.java:updateAndGet(143)) - d60bfa88-4f5c-40e2-9e6f-04cdce80ae19: start LeaderState
2019-09-25 12:57:39,832 [d60bfa88-4f5c-40e2-9e6f-04cdce80ae19@group-EB926C6BCE58:LeaderElection23] INFO  server.RaftServerConfigKeys (ConfUtils.java:logGet(43)) - raft.server.watch.timeout.denomination = 1s (default)
2019-09-25 12:57:39,832 [d60bfa88-4f5c-40e2-9e6f-04cdce80ae19@group-EB926C6BCE58:LeaderElection23] INFO  server.RaftServerConfigKeys (ConfUtils.java:logGet(43)) - raft.server.watch.element-limit = 65536 (default)
2019-09-25 12:57:39,832 [d60bfa88-4f5c-40e2-9e6f-04cdce80ae19@group-8C8E6C3EAAED:LeaderElection22] INFO  segmented.SegmentedRaftLogWorker (SegmentedRaftLogWorker.java:startLogSegment(380)) - d60bfa88-4f5c-40e2-9e6f-04cdce80ae19@group-8C8E6C3EAAED-SegmentedRaftLogWorker: Starting segment from index:0
2019-09-25 12:57:39,833 [d60bfa88-4f5c-40e2-9e6f-04cdce80ae19@group-8C8E6C3EAAED:LeaderElection22] INFO  impl.RaftServerImpl (ServerState.java:setRaftConf(354)) - d60bfa88-4f5c-40e2-9e6f-04cdce80ae19@group-8C8E6C3EAAED: set configuration 0: [d60bfa88-4f5c-40e2-9e6f-04cdce80ae19:192.168.151.73:42001], old=null at 0
2019-09-25 12:57:39,866 [548f63c1-ecb3-4338-9923-ba2d46dbaf7d@group-CE981892E378-SegmentedRaftLogWorker] INFO  segmented.SegmentedRaftLogWorker (SegmentedRaftLogWorker.java:execute(569)) - 548f63c1-ecb3-4338-9923-ba2d46dbaf7d@group-CE981892E378-SegmentedRaftLogWorker: created new log segment /workdir/hadoop-ozone/tools/target/test-dir/MiniOzoneClusterImpl-ca628441-95e6-4ca0-9871-ceda43659e6a/datanode-2/data/ratis/e8a8238b-83b0-4efd-b1c3-ce981892e378/current/log_inprogress_0
2019-09-25 12:57:39,866 [d60bfa88-4f5c-40e2-9e6f-04cdce80ae19@group-5C99E7640DB9:LeaderElection24] INFO  impl.LeaderElection (LeaderElection.java:askForVotes(182)) - d60bfa88-4f5c-40e2-9e6f-04cdce80ae19@group-5C99E7640DB9:LeaderElection24: begin an election at term 1 for -1: [d60bfa88-4f5c-40e2-9e6f-04cdce80ae19:192.168.151.73:42001], old=null
2019-09-25 12:57:39,866 [d60bfa88-4f5c-40e2-9e6f-04cdce80ae19@group-5C99E7640DB9:LeaderElection24] INFO  impl.RoleInfo (RoleInfo.java:shutdownLeaderElection(134)) - d60bfa88-4f5c-40e2-9e6f-04cdce80ae19: shutdown LeaderElection
2019-09-25 12:57:39,867 [d60bfa88-4f5c-40e2-9e6f-04cdce80ae19@group-5C99E7640DB9:LeaderElection24] INFO  impl.RaftServerImpl (RaftServerImpl.java:setRole(174)) - d60bfa88-4f5c-40e2-9e6f-04cdce80ae19@group-5C99E7640DB9: changes role from CANDIDATE to LEADER at term 1 for changeToLeader
2019-09-25 12:57:39,867 [d60bfa88-4f5c-40e2-9e6f-04cdce80ae19@group-5C99E7640DB9:LeaderElection24] INFO  impl.RaftServerImpl (ServerState.java:setLeader(253)) - d60bfa88-4f5c-40e2-9e6f-04cdce80ae19@group-5C99E7640DB9: change Leader from null to d60bfa88-4f5c-40e2-9e6f-04cdce80ae19 at term 1 for becomeLeader, leader elected after 5126ms
2019-09-25 12:57:39,867 [d60bfa88-4f5c-40e2-9e6f-04cdce80ae19@group-5C99E7640DB9:LeaderElection24] INFO  server.RaftServerConfigKeys (ConfUtils.java:logGet(43)) - raft.server.staging.catchup.gap = 1000 (default)
2019-09-25 12:57:39,867 [d60bfa88-4f5c-40e2-9e6f-04cdce80ae19@group-5C99E7640DB9:LeaderElection24] INFO  server.RaftServerConfigKeys (ConfUtils.java:logGet(43)) - raft.server.rpc.sleep.time = 25ms (default)
2019-09-25 12:57:39,868 [d60bfa88-4f5c-40e2-9e6f-04cdce80ae19@group-5C99E7640DB9:LeaderElection24] INFO  server.RaftServerConfigKeys (ConfUtils.java:logGet(43)) - raft.server.write.element-limit = 4096 (default)
2019-09-25 12:57:39,868 [d60bfa88-4f5c-40e2-9e6f-04cdce80ae19@group-5C99E7640DB9:LeaderElection24] INFO  server.RaftServerConfigKeys (ConfUtils.java:logGet(43)) - raft.server.watch.timeout = 10s (default)
2019-09-25 12:57:39,868 [d60bfa88-4f5c-40e2-9e6f-04cdce80ae19@group-5C99E7640DB9:LeaderElection24] INFO  server.RaftServerConfigKeys (ConfUtils.java:logGet(43)) - raft.server.watch.timeout.denomination = 1s (default)
2019-09-25 12:57:39,868 [d60bfa88-4f5c-40e2-9e6f-04cdce80ae19@group-5C99E7640DB9:LeaderElection24] INFO  server.RaftServerConfigKeys (ConfUtils.java:logGet(43)) - raft.server.watch.element-limit = 65536 (default)
2019-09-25 12:57:39,869 [d60bfa88-4f5c-40e2-9e6f-04cdce80ae19@group-EB926C6BCE58:LeaderElection23] INFO  impl.RoleInfo (RoleInfo.java:updateAndGet(143)) - d60bfa88-4f5c-40e2-9e6f-04cdce80ae19: start LeaderState
2019-09-25 12:57:39,869 [d60bfa88-4f5c-40e2-9e6f-04cdce80ae19@group-EB926C6BCE58:LeaderElection23] INFO  segmented.SegmentedRaftLogWorker (SegmentedRaftLogWorker.java:startLogSegment(380)) - d60bfa88-4f5c-40e2-9e6f-04cdce80ae19@group-EB926C6BCE58-SegmentedRaftLogWorker: Starting segment from index:0
2019-09-25 12:57:39,870 [d60bfa88-4f5c-40e2-9e6f-04cdce80ae19@group-EB926C6BCE58:LeaderElection23] INFO  impl.RaftServerImpl (ServerState.java:setRaftConf(354)) - d60bfa88-4f5c-40e2-9e6f-04cdce80ae19@group-EB926C6BCE58: set configuration 0: [d60bfa88-4f5c-40e2-9e6f-04cdce80ae19:192.168.151.73:42001], old=null at 0
2019-09-25 12:57:39,910 [Thread-288] INFO  impl.FollowerState (FollowerState.java:run(106)) - d60bfa88-4f5c-40e2-9e6f-04cdce80ae19:group-4333C1810A74 changes to CANDIDATE, lastRpcTime:5008, electionTimeout:5000ms
 100.00% |█████████████████████████████████████████████████████████████████████████████████████████████████████|  1/1 Time: 0:00:06
2019-09-25 12:57:39,910 [d60bfa88-4f5c-40e2-9e6f-04cdce80ae19@group-8C8E6C3EAAED-SegmentedRaftLogWorker] INFO  segmented.SegmentedRaftLogWorker (SegmentedRaftLogWorker.java:execute(569)) - d60bfa88-4f5c-40e2-9e6f-04cdce80ae19@group-8C8E6C3EAAED-SegmentedRaftLogWorker: created new log segment /workdir/hadoop-ozone/tools/target/test-dir/MiniOzoneClusterImpl-ca628441-95e6-4ca0-9871-ceda43659e6a/datanode-3/data/ratis/0b66a2b0-e593-4b42-b13c-8c8e6c3eaaed/current/log_inprogress_0
2019-09-25 12:57:39,910 [Thread-288] INFO  impl.RoleInfo (RoleInfo.java:shutdownFollowerState(121)) - d60bfa88-4f5c-40e2-9e6f-04cdce80ae19: shutdown FollowerState
2019-09-25 12:57:39,910 [Thread-288] INFO  impl.RaftServerImpl (RaftServerImpl.java:setRole(174)) - d60bfa88-4f5c-40e2-9e6f-04cdce80ae19@group-4333C1810A74: changes role from  FOLLOWER to CANDIDATE at term 0 for changeToCandidate
2019-09-25 12:57:39,911 [Thread-288] INFO  impl.RoleInfo (RoleInfo.java:updateAndGet(143)) - d60bfa88-4f5c-40e2-9e6f-04cdce80ae19: start LeaderElection
2019-09-25 12:57:39,914 [d60bfa88-4f5c-40e2-9e6f-04cdce80ae19@group-5C99E7640DB9:LeaderElection24] INFO  impl.RoleInfo (RoleInfo.java:updateAndGet(143)) - d60bfa88-4f5c-40e2-9e6f-04cdce80ae19: start LeaderState
2019-09-25 12:57:39,914 [d60bfa88-4f5c-40e2-9e6f-04cdce80ae19@group-5C99E7640DB9:LeaderElection24] INFO  segmented.SegmentedRaftLogWorker (SegmentedRaftLogWorker.java:startLogSegment(380)) - d60bfa88-4f5c-40e2-9e6f-04cdce80ae19@group-5C99E7640DB9-SegmentedRaftLogWorker: Starting segment from index:0
2019-09-25 12:57:39,915 [d60bfa88-4f5c-40e2-9e6f-04cdce80ae19@group-5C99E7640DB9:LeaderElection24] INFO  impl.RaftServerImpl (ServerState.java:setRaftConf(354)) - d60bfa88-4f5c-40e2-9e6f-04cdce80ae19@group-5C99E7640DB9: set configuration 0: [d60bfa88-4f5c-40e2-9e6f-04cdce80ae19:192.168.151.73:42001], old=null at 0
2019-09-25 12:57:39,955 [d60bfa88-4f5c-40e2-9e6f-04cdce80ae19@group-EB926C6BCE58-SegmentedRaftLogWorker] INFO  segmented.SegmentedRaftLogWorker (SegmentedRaftLogWorker.java:execute(569)) - d60bfa88-4f5c-40e2-9e6f-04cdce80ae19@group-EB926C6BCE58-SegmentedRaftLogWorker: created new log segment /workdir/hadoop-ozone/tools/target/test-dir/MiniOzoneClusterImpl-ca628441-95e6-4ca0-9871-ceda43659e6a/datanode-3/data/ratis/2410b967-bf44-4168-860f-eb926c6bce58/current/log_inprogress_0
2019-09-25 12:57:39,955 [d60bfa88-4f5c-40e2-9e6f-04cdce80ae19@group-4333C1810A74:LeaderElection25] INFO  impl.LeaderElection (LeaderElection.java:askForVotes(182)) - d60bfa88-4f5c-40e2-9e6f-04cdce80ae19@group-4333C1810A74:LeaderElection25: begin an election at term 1 for -1: [d60bfa88-4f5c-40e2-9e6f-04cdce80ae19:192.168.151.73:42001], old=null
2019-09-25 12:57:39,955 [d60bfa88-4f5c-40e2-9e6f-04cdce80ae19@group-4333C1810A74:LeaderElection25] INFO  impl.RoleInfo (RoleInfo.java:shutdownLeaderElection(134)) - d60bfa88-4f5c-40e2-9e6f-04cdce80ae19: shutdown LeaderElection
2019-09-25 12:57:39,956 [d60bfa88-4f5c-40e2-9e6f-04cdce80ae19@group-4333C1810A74:LeaderElection25] INFO  impl.RaftServerImpl (RaftServerImpl.java:setRole(174)) - d60bfa88-4f5c-40e2-9e6f-04cdce80ae19@group-4333C1810A74: changes role from CANDIDATE to LEADER at term 1 for changeToLeader
2019-09-25 12:57:39,956 [d60bfa88-4f5c-40e2-9e6f-04cdce80ae19@group-4333C1810A74:LeaderElection25] INFO  impl.RaftServerImpl (ServerState.java:setLeader(253)) - d60bfa88-4f5c-40e2-9e6f-04cdce80ae19@group-4333C1810A74: change Leader from null to d60bfa88-4f5c-40e2-9e6f-04cdce80ae19 at term 1 for becomeLeader, leader elected after 5060ms
2019-09-25 12:57:39,956 [d60bfa88-4f5c-40e2-9e6f-04cdce80ae19@group-4333C1810A74:LeaderElection25] INFO  server.RaftServerConfigKeys (ConfUtils.java:logGet(43)) - raft.server.staging.catchup.gap = 1000 (default)
2019-09-25 12:57:39,956 [d60bfa88-4f5c-40e2-9e6f-04cdce80ae19@group-4333C1810A74:LeaderElection25] INFO  server.RaftServerConfigKeys (ConfUtils.java:logGet(43)) - raft.server.rpc.sleep.time = 25ms (default)
2019-09-25 12:57:39,957 [d60bfa88-4f5c-40e2-9e6f-04cdce80ae19@group-4333C1810A74:LeaderElection25] INFO  server.RaftServerConfigKeys (ConfUtils.java:logGet(43)) - raft.server.write.element-limit = 4096 (default)
2019-09-25 12:57:39,957 [d60bfa88-4f5c-40e2-9e6f-04cdce80ae19@group-4333C1810A74:LeaderElection25] INFO  server.RaftServerConfigKeys (ConfUtils.java:logGet(43)) - raft.server.watch.timeout = 10s (default)
2019-09-25 12:57:39,957 [d60bfa88-4f5c-40e2-9e6f-04cdce80ae19@group-4333C1810A74:LeaderElection25] INFO  server.RaftServerConfigKeys (ConfUtils.java:logGet(43)) - raft.server.watch.timeout.denomination = 1s (default)
2019-09-25 12:57:39,957 [d60bfa88-4f5c-40e2-9e6f-04cdce80ae19@group-4333C1810A74:LeaderElection25] INFO  server.RaftServerConfigKeys (ConfUtils.java:logGet(43)) - raft.server.watch.element-limit = 65536 (default)
2019-09-25 12:57:39,961 [d60bfa88-4f5c-40e2-9e6f-04cdce80ae19@group-4333C1810A74:LeaderElection25] INFO  impl.RoleInfo (RoleInfo.java:updateAndGet(143)) - d60bfa88-4f5c-40e2-9e6f-04cdce80ae19: start LeaderState
2019-09-25 12:57:39,962 [d60bfa88-4f5c-40e2-9e6f-04cdce80ae19@group-4333C1810A74:LeaderElection25] INFO  segmented.SegmentedRaftLogWorker (SegmentedRaftLogWorker.java:startLogSegment(380)) - d60bfa88-4f5c-40e2-9e6f-04cdce80ae19@group-4333C1810A74-SegmentedRaftLogWorker: Starting segment from index:0
2019-09-25 12:57:39,962 [d60bfa88-4f5c-40e2-9e6f-04cdce80ae19@group-4333C1810A74:LeaderElection25] INFO  impl.RaftServerImpl (ServerState.java:setRaftConf(354)) - d60bfa88-4f5c-40e2-9e6f-04cdce80ae19@group-4333C1810A74: set configuration 0: [d60bfa88-4f5c-40e2-9e6f-04cdce80ae19:192.168.151.73:42001], old=null at 0
2019-09-25 12:57:40,002 [d60bfa88-4f5c-40e2-9e6f-04cdce80ae19@group-5C99E7640DB9-SegmentedRaftLogWorker] INFO  segmented.SegmentedRaftLogWorker (SegmentedRaftLogWorker.java:execute(569)) - d60bfa88-4f5c-40e2-9e6f-04cdce80ae19@group-5C99E7640DB9-SegmentedRaftLogWorker: created new log segment /workdir/hadoop-ozone/tools/target/test-dir/MiniOzoneClusterImpl-ca628441-95e6-4ca0-9871-ceda43659e6a/datanode-3/data/ratis/41e8ccde-fa9f-41da-aeb6-5c99e7640db9/current/log_inprogress_0
2019-09-25 12:57:40,015 [d60bfa88-4f5c-40e2-9e6f-04cdce80ae19@group-4333C1810A74-SegmentedRaftLogWorker] INFO  segmented.SegmentedRaftLogWorker (SegmentedRaftLogWorker.java:execute(569)) - d60bfa88-4f5c-40e2-9e6f-04cdce80ae19@group-4333C1810A74-SegmentedRaftLogWorker: created new log segment /workdir/hadoop-ozone/tools/target/test-dir/MiniOzoneClusterImpl-ca628441-95e6-4ca0-9871-ceda43659e6a/datanode-3/data/ratis/dcb59d86-9275-4e84-a5e9-4333c1810a74/current/log_inprogress_0
2019-09-25 12:57:40,247 [Thread-295] INFO  impl.FollowerState (FollowerState.java:run(106)) - 82a69ee4-b3af-4378-aabd-e501c7175382:group-734EB505BA15 changes to CANDIDATE, lastRpcTime:5055, electionTimeout:5055ms
2019-09-25 12:57:40,247 [Thread-295] INFO  impl.RoleInfo (RoleInfo.java:shutdownFollowerState(121)) - 82a69ee4-b3af-4378-aabd-e501c7175382: shutdown FollowerState
2019-09-25 12:57:40,248 [Thread-295] INFO  impl.RaftServerImpl (RaftServerImpl.java:setRole(174)) - 82a69ee4-b3af-4378-aabd-e501c7175382@group-734EB505BA15: changes role from  FOLLOWER to CANDIDATE at term 0 for changeToCandidate
2019-09-25 12:57:40,248 [Thread-295] INFO  impl.RoleInfo (RoleInfo.java:updateAndGet(143)) - 82a69ee4-b3af-4378-aabd-e501c7175382: start LeaderElection
2019-09-25 12:57:40,274 [82a69ee4-b3af-4378-aabd-e501c7175382@group-734EB505BA15:LeaderElection26] INFO  impl.LeaderElection (LeaderElection.java:askForVotes(182)) - 82a69ee4-b3af-4378-aabd-e501c7175382@group-734EB505BA15:LeaderElection26: begin an election at term 1 for -1: [82a69ee4-b3af-4378-aabd-e501c7175382:192.168.151.73:33917], old=null
2019-09-25 12:57:40,275 [82a69ee4-b3af-4378-aabd-e501c7175382@group-734EB505BA15:LeaderElection26] INFO  impl.RoleInfo (RoleInfo.java:shutdownLeaderElection(134)) - 82a69ee4-b3af-4378-aabd-e501c7175382: shutdown LeaderElection
2019-09-25 12:57:40,275 [82a69ee4-b3af-4378-aabd-e501c7175382@group-734EB505BA15:LeaderElection26] INFO  impl.RaftServerImpl (RaftServerImpl.java:setRole(174)) - 82a69ee4-b3af-4378-aabd-e501c7175382@group-734EB505BA15: changes role from CANDIDATE to LEADER at term 1 for changeToLeader
2019-09-25 12:57:40,275 [82a69ee4-b3af-4378-aabd-e501c7175382@group-734EB505BA15:LeaderElection26] INFO  impl.RaftServerImpl (ServerState.java:setLeader(253)) - 82a69ee4-b3af-4378-aabd-e501c7175382@group-734EB505BA15: change Leader from null to 82a69ee4-b3af-4378-aabd-e501c7175382 at term 1 for becomeLeader, leader elected after 5090ms
2019-09-25 12:57:40,275 [82a69ee4-b3af-4378-aabd-e501c7175382@group-734EB505BA15:LeaderElection26] INFO  server.RaftServerConfigKeys (ConfUtils.java:logGet(43)) - raft.server.staging.catchup.gap = 1000 (default)
2019-09-25 12:57:40,275 [82a69ee4-b3af-4378-aabd-e501c7175382@group-734EB505BA15:LeaderElection26] INFO  server.RaftServerConfigKeys (ConfUtils.java:logGet(43)) - raft.server.rpc.sleep.time = 25ms (default)
2019-09-25 12:57:40,276 [82a69ee4-b3af-4378-aabd-e501c7175382@group-734EB505BA15:LeaderElection26] INFO  server.RaftServerConfigKeys (ConfUtils.java:logGet(43)) - raft.server.write.element-limit = 4096 (default)
2019-09-25 12:57:40,276 [82a69ee4-b3af-4378-aabd-e501c7175382@group-734EB505BA15:LeaderElection26] INFO  server.RaftServerConfigKeys (ConfUtils.java:logGet(43)) - raft.server.watch.timeout = 10s (default)
2019-09-25 12:57:40,276 [82a69ee4-b3af-4378-aabd-e501c7175382@group-734EB505BA15:LeaderElection26] INFO  server.RaftServerConfigKeys (ConfUtils.java:logGet(43)) - raft.server.watch.timeout.denomination = 1s (default)
2019-09-25 12:57:40,276 [82a69ee4-b3af-4378-aabd-e501c7175382@group-734EB505BA15:LeaderElection26] INFO  server.RaftServerConfigKeys (ConfUtils.java:logGet(43)) - raft.server.watch.element-limit = 65536 (default)
2019-09-25 12:57:40,280 [82a69ee4-b3af-4378-aabd-e501c7175382@group-734EB505BA15:LeaderElection26] INFO  impl.RoleInfo (RoleInfo.java:updateAndGet(143)) - 82a69ee4-b3af-4378-aabd-e501c7175382: start LeaderState
2019-09-25 12:57:40,280 [82a69ee4-b3af-4378-aabd-e501c7175382@group-734EB505BA15:LeaderElection26] INFO  segmented.SegmentedRaftLogWorker (SegmentedRaftLogWorker.java:startLogSegment(380)) - 82a69ee4-b3af-4378-aabd-e501c7175382@group-734EB505BA15-SegmentedRaftLogWorker: Starting segment from index:0
2019-09-25 12:57:40,281 [82a69ee4-b3af-4378-aabd-e501c7175382@group-734EB505BA15:LeaderElection26] INFO  impl.RaftServerImpl (ServerState.java:setRaftConf(354)) - 82a69ee4-b3af-4378-aabd-e501c7175382@group-734EB505BA15: set configuration 0: [82a69ee4-b3af-4378-aabd-e501c7175382:192.168.151.73:33917], old=null at 0
2019-09-25 12:57:40,327 [Thread-292] INFO  impl.FollowerState (FollowerState.java:run(106)) - 82a69ee4-b3af-4378-aabd-e501c7175382:group-409A51AC2E77 changes to CANDIDATE, lastRpcTime:5200, electionTimeout:5200ms
2019-09-25 12:57:40,327 [Thread-292] INFO  impl.RoleInfo (RoleInfo.java:shutdownFollowerState(121)) - 82a69ee4-b3af-4378-aabd-e501c7175382: shutdown FollowerState
2019-09-25 12:57:40,327 [Thread-292] INFO  impl.RaftServerImpl (RaftServerImpl.java:setRole(174)) - 82a69ee4-b3af-4378-aabd-e501c7175382@group-409A51AC2E77: changes role from  FOLLOWER to CANDIDATE at term 0 for changeToCandidate
2019-09-25 12:57:40,328 [Thread-292] INFO  impl.RoleInfo (RoleInfo.java:updateAndGet(143)) - 82a69ee4-b3af-4378-aabd-e501c7175382: start LeaderElection
2019-09-25 12:57:40,345 [82a69ee4-b3af-4378-aabd-e501c7175382@group-734EB505BA15-SegmentedRaftLogWorker] INFO  segmented.SegmentedRaftLogWorker (SegmentedRaftLogWorker.java:execute(569)) - 82a69ee4-b3af-4378-aabd-e501c7175382@group-734EB505BA15-SegmentedRaftLogWorker: created new log segment /workdir/hadoop-ozone/tools/target/test-dir/MiniOzoneClusterImpl-ca628441-95e6-4ca0-9871-ceda43659e6a/datanode-4/data/ratis/c7ce3486-9cf0-4cdd-91cb-734eb505ba15/current/log_inprogress_0
2019-09-25 12:57:40,346 [82a69ee4-b3af-4378-aabd-e501c7175382@group-409A51AC2E77:LeaderElection27] INFO  impl.LeaderElection (LeaderElection.java:askForVotes(182)) - 82a69ee4-b3af-4378-aabd-e501c7175382@group-409A51AC2E77:LeaderElection27: begin an election at term 1 for -1: [82a69ee4-b3af-4378-aabd-e501c7175382:192.168.151.73:33917], old=null
2019-09-25 12:57:40,346 [82a69ee4-b3af-4378-aabd-e501c7175382@group-409A51AC2E77:LeaderElection27] INFO  impl.RoleInfo (RoleInfo.java:shutdownLeaderElection(134)) - 82a69ee4-b3af-4378-aabd-e501c7175382: shutdown LeaderElection
2019-09-25 12:57:40,346 [82a69ee4-b3af-4378-aabd-e501c7175382@group-409A51AC2E77:LeaderElection27] INFO  impl.RaftServerImpl (RaftServerImpl.java:setRole(174)) - 82a69ee4-b3af-4378-aabd-e501c7175382@group-409A51AC2E77: changes role from CANDIDATE to LEADER at term 1 for changeToLeader
2019-09-25 12:57:40,346 [82a69ee4-b3af-4378-aabd-e501c7175382@group-409A51AC2E77:LeaderElection27] INFO  impl.RaftServerImpl (ServerState.java:setLeader(253)) - 82a69ee4-b3af-4378-aabd-e501c7175382@group-409A51AC2E77: change Leader from null to 82a69ee4-b3af-4378-aabd-e501c7175382 at term 1 for becomeLeader, leader elected after 5375ms
2019-09-25 12:57:40,347 [82a69ee4-b3af-4378-aabd-e501c7175382@group-409A51AC2E77:LeaderElection27] INFO  server.RaftServerConfigKeys (ConfUtils.java:logGet(43)) - raft.server.staging.catchup.gap = 1000 (default)
2019-09-25 12:57:40,347 [82a69ee4-b3af-4378-aabd-e501c7175382@group-409A51AC2E77:LeaderElection27] INFO  server.RaftServerConfigKeys (ConfUtils.java:logGet(43)) - raft.server.rpc.sleep.time = 25ms (default)
2019-09-25 12:57:40,347 [82a69ee4-b3af-4378-aabd-e501c7175382@group-409A51AC2E77:LeaderElection27] INFO  server.RaftServerConfigKeys (ConfUtils.java:logGet(43)) - raft.server.write.element-limit = 4096 (default)
2019-09-25 12:57:40,347 [82a69ee4-b3af-4378-aabd-e501c7175382@group-409A51AC2E77:LeaderElection27] INFO  server.RaftServerConfigKeys (ConfUtils.java:logGet(43)) - raft.server.watch.timeout = 10s (default)
2019-09-25 12:57:40,347 [82a69ee4-b3af-4378-aabd-e501c7175382@group-409A51AC2E77:LeaderElection27] INFO  server.RaftServerConfigKeys (ConfUtils.java:logGet(43)) - raft.server.watch.timeout.denomination = 1s (default)
2019-09-25 12:57:40,348 [82a69ee4-b3af-4378-aabd-e501c7175382@group-409A51AC2E77:LeaderElection27] INFO  server.RaftServerConfigKeys (ConfUtils.java:logGet(43)) - raft.server.watch.element-limit = 65536 (default)
2019-09-25 12:57:40,351 [82a69ee4-b3af-4378-aabd-e501c7175382@group-409A51AC2E77:LeaderElection27] INFO  impl.RoleInfo (RoleInfo.java:updateAndGet(143)) - 82a69ee4-b3af-4378-aabd-e501c7175382: start LeaderState
2019-09-25 12:57:40,352 [82a69ee4-b3af-4378-aabd-e501c7175382@group-409A51AC2E77:LeaderElection27] INFO  segmented.SegmentedRaftLogWorker (SegmentedRaftLogWorker.java:startLogSegment(380)) - 82a69ee4-b3af-4378-aabd-e501c7175382@group-409A51AC2E77-SegmentedRaftLogWorker: Starting segment from index:0
2019-09-25 12:57:40,352 [82a69ee4-b3af-4378-aabd-e501c7175382@group-409A51AC2E77:LeaderElection27] INFO  impl.RaftServerImpl (ServerState.java:setRaftConf(354)) - 82a69ee4-b3af-4378-aabd-e501c7175382@group-409A51AC2E77: set configuration 0: [82a69ee4-b3af-4378-aabd-e501c7175382:192.168.151.73:33917], old=null at 0
2019-09-25 12:57:40,394 [Thread-298] INFO  impl.FollowerState (FollowerState.java:run(106)) - 82a69ee4-b3af-4378-aabd-e501c7175382:group-8CBD202F8EC3 changes to CANDIDATE, lastRpcTime:5139, electionTimeout:5110ms
2019-09-25 12:57:40,395 [Thread-298] INFO  impl.RoleInfo (RoleInfo.java:shutdownFollowerState(121)) - 82a69ee4-b3af-4378-aabd-e501c7175382: shutdown FollowerState
2019-09-25 12:57:40,395 [Thread-298] INFO  impl.RaftServerImpl (RaftServerImpl.java:setRole(174)) - 82a69ee4-b3af-4378-aabd-e501c7175382@group-8CBD202F8EC3: changes role from  FOLLOWER to CANDIDATE at term 0 for changeToCandidate
2019-09-25 12:57:40,395 [Thread-298] INFO  impl.RoleInfo (RoleInfo.java:updateAndGet(143)) - 82a69ee4-b3af-4378-aabd-e501c7175382: start LeaderElection
2019-09-25 12:57:40,417 [82a69ee4-b3af-4378-aabd-e501c7175382@group-409A51AC2E77-SegmentedRaftLogWorker] INFO  segmented.SegmentedRaftLogWorker (SegmentedRaftLogWorker.java:execute(569)) - 82a69ee4-b3af-4378-aabd-e501c7175382@group-409A51AC2E77-SegmentedRaftLogWorker: created new log segment /workdir/hadoop-ozone/tools/target/test-dir/MiniOzoneClusterImpl-ca628441-95e6-4ca0-9871-ceda43659e6a/datanode-4/data/ratis/a117c119-3549-4ec3-9610-409a51ac2e77/current/log_inprogress_0
2019-09-25 12:57:40,417 [82a69ee4-b3af-4378-aabd-e501c7175382@group-8CBD202F8EC3:LeaderElection28] INFO  impl.LeaderElection (LeaderElection.java:askForVotes(182)) - 82a69ee4-b3af-4378-aabd-e501c7175382@group-8CBD202F8EC3:LeaderElection28: begin an election at term 1 for -1: [82a69ee4-b3af-4378-aabd-e501c7175382:192.168.151.73:33917], old=null
2019-09-25 12:57:40,418 [82a69ee4-b3af-4378-aabd-e501c7175382@group-8CBD202F8EC3:LeaderElection28] INFO  impl.RoleInfo (RoleInfo.java:shutdownLeaderElection(134)) - 82a69ee4-b3af-4378-aabd-e501c7175382: shutdown LeaderElection
2019-09-25 12:57:40,418 [82a69ee4-b3af-4378-aabd-e501c7175382@group-8CBD202F8EC3:LeaderElection28] INFO  impl.RaftServerImpl (RaftServerImpl.java:setRole(174)) - 82a69ee4-b3af-4378-aabd-e501c7175382@group-8CBD202F8EC3: changes role from CANDIDATE to LEADER at term 1 for changeToLeader
2019-09-25 12:57:40,418 [82a69ee4-b3af-4378-aabd-e501c7175382@group-8CBD202F8EC3:LeaderElection28] INFO  impl.RaftServerImpl (ServerState.java:setLeader(253)) - 82a69ee4-b3af-4378-aabd-e501c7175382@group-8CBD202F8EC3: change Leader from null to 82a69ee4-b3af-4378-aabd-e501c7175382 at term 1 for becomeLeader, leader elected after 5168ms
2019-09-25 12:57:40,418 [82a69ee4-b3af-4378-aabd-e501c7175382@group-8CBD202F8EC3:LeaderElection28] INFO  server.RaftServerConfigKeys (ConfUtils.java:logGet(43)) - raft.server.staging.catchup.gap = 1000 (default)
2019-09-25 12:57:40,419 [82a69ee4-b3af-4378-aabd-e501c7175382@group-8CBD202F8EC3:LeaderElection28] INFO  server.RaftServerConfigKeys (ConfUtils.java:logGet(43)) - raft.server.rpc.sleep.time = 25ms (default)
2019-09-25 12:57:40,419 [82a69ee4-b3af-4378-aabd-e501c7175382@group-8CBD202F8EC3:LeaderElection28] INFO  server.RaftServerConfigKeys (ConfUtils.java:logGet(43)) - raft.server.write.element-limit = 4096 (default)
2019-09-25 12:57:40,419 [82a69ee4-b3af-4378-aabd-e501c7175382@group-8CBD202F8EC3:LeaderElection28] INFO  server.RaftServerConfigKeys (ConfUtils.java:logGet(43)) - raft.server.watch.timeout = 10s (default)
2019-09-25 12:57:40,419 [82a69ee4-b3af-4378-aabd-e501c7175382@group-8CBD202F8EC3:LeaderElection28] INFO  server.RaftServerConfigKeys (ConfUtils.java:logGet(43)) - raft.server.watch.timeout.denomination = 1s (default)
2019-09-25 12:57:40,419 [82a69ee4-b3af-4378-aabd-e501c7175382@group-8CBD202F8EC3:LeaderElection28] INFO  server.RaftServerConfigKeys (ConfUtils.java:logGet(43)) - raft.server.watch.element-limit = 65536 (default)
2019-09-25 12:57:40,423 [82a69ee4-b3af-4378-aabd-e501c7175382@group-8CBD202F8EC3:LeaderElection28] INFO  impl.RoleInfo (RoleInfo.java:updateAndGet(143)) - 82a69ee4-b3af-4378-aabd-e501c7175382: start LeaderState
2019-09-25 12:57:40,423 [82a69ee4-b3af-4378-aabd-e501c7175382@group-8CBD202F8EC3:LeaderElection28] INFO  segmented.SegmentedRaftLogWorker (SegmentedRaftLogWorker.java:startLogSegment(380)) - 82a69ee4-b3af-4378-aabd-e501c7175382@group-8CBD202F8EC3-SegmentedRaftLogWorker: Starting segment from index:0
2019-09-25 12:57:40,424 [82a69ee4-b3af-4378-aabd-e501c7175382@group-8CBD202F8EC3:LeaderElection28] INFO  impl.RaftServerImpl (ServerState.java:setRaftConf(354)) - 82a69ee4-b3af-4378-aabd-e501c7175382@group-8CBD202F8EC3: set configuration 0: [82a69ee4-b3af-4378-aabd-e501c7175382:192.168.151.73:33917], old=null at 0
2019-09-25 12:57:40,483 [82a69ee4-b3af-4378-aabd-e501c7175382@group-8CBD202F8EC3-SegmentedRaftLogWorker] INFO  segmented.SegmentedRaftLogWorker (SegmentedRaftLogWorker.java:execute(569)) - 82a69ee4-b3af-4378-aabd-e501c7175382@group-8CBD202F8EC3-SegmentedRaftLogWorker: created new log segment /workdir/hadoop-ozone/tools/target/test-dir/MiniOzoneClusterImpl-ca628441-95e6-4ca0-9871-ceda43659e6a/datanode-4/data/ratis/40f860b5-4002-4fb3-affb-8cbd202f8ec3/current/log_inprogress_0
2019-09-25 12:57:40,495 [Thread-301] INFO  impl.FollowerState (FollowerState.java:run(106)) - 82a69ee4-b3af-4378-aabd-e501c7175382:group-D2BF767ABDDA changes to CANDIDATE, lastRpcTime:5178, electionTimeout:5178ms
2019-09-25 12:57:40,496 [Thread-301] INFO  impl.RoleInfo (RoleInfo.java:shutdownFollowerState(121)) - 82a69ee4-b3af-4378-aabd-e501c7175382: shutdown FollowerState
2019-09-25 12:57:40,496 [Thread-301] INFO  impl.RaftServerImpl (RaftServerImpl.java:setRole(174)) - 82a69ee4-b3af-4378-aabd-e501c7175382@group-D2BF767ABDDA: changes role from  FOLLOWER to CANDIDATE at term 0 for changeToCandidate
2019-09-25 12:57:40,496 [Thread-301] INFO  impl.RoleInfo (RoleInfo.java:updateAndGet(143)) - 82a69ee4-b3af-4378-aabd-e501c7175382: start LeaderElection
2019-09-25 12:57:40,522 [82a69ee4-b3af-4378-aabd-e501c7175382@group-D2BF767ABDDA:LeaderElection29] INFO  impl.LeaderElection (LeaderElection.java:askForVotes(182)) - 82a69ee4-b3af-4378-aabd-e501c7175382@group-D2BF767ABDDA:LeaderElection29: begin an election at term 1 for -1: [82a69ee4-b3af-4378-aabd-e501c7175382:192.168.151.73:33917], old=null
2019-09-25 12:57:40,522 [82a69ee4-b3af-4378-aabd-e501c7175382@group-D2BF767ABDDA:LeaderElection29] INFO  impl.RoleInfo (RoleInfo.java:shutdownLeaderElection(134)) - 82a69ee4-b3af-4378-aabd-e501c7175382: shutdown LeaderElection
2019-09-25 12:57:40,523 [82a69ee4-b3af-4378-aabd-e501c7175382@group-D2BF767ABDDA:LeaderElection29] INFO  impl.RaftServerImpl (RaftServerImpl.java:setRole(174)) - 82a69ee4-b3af-4378-aabd-e501c7175382@group-D2BF767ABDDA: changes role from CANDIDATE to LEADER at term 1 for changeToLeader
2019-09-25 12:57:40,523 [82a69ee4-b3af-4378-aabd-e501c7175382@group-D2BF767ABDDA:LeaderElection29] INFO  impl.RaftServerImpl (ServerState.java:setLeader(253)) - 82a69ee4-b3af-4378-aabd-e501c7175382@group-D2BF767ABDDA: change Leader from null to 82a69ee4-b3af-4378-aabd-e501c7175382 at term 1 for becomeLeader, leader elected after 5211ms
2019-09-25 12:57:40,523 [82a69ee4-b3af-4378-aabd-e501c7175382@group-D2BF767ABDDA:LeaderElection29] INFO  server.RaftServerConfigKeys (ConfUtils.java:logGet(43)) - raft.server.staging.catchup.gap = 1000 (default)
2019-09-25 12:57:40,523 [82a69ee4-b3af-4378-aabd-e501c7175382@group-D2BF767ABDDA:LeaderElection29] INFO  server.RaftServerConfigKeys (ConfUtils.java:logGet(43)) - raft.server.rpc.sleep.time = 25ms (default)
2019-09-25 12:57:40,524 [82a69ee4-b3af-4378-aabd-e501c7175382@group-D2BF767ABDDA:LeaderElection29] INFO  server.RaftServerConfigKeys (ConfUtils.java:logGet(43)) - raft.server.write.element-limit = 4096 (default)
2019-09-25 12:57:40,524 [82a69ee4-b3af-4378-aabd-e501c7175382@group-D2BF767ABDDA:LeaderElection29] INFO  server.RaftServerConfigKeys (ConfUtils.java:logGet(43)) - raft.server.watch.timeout = 10s (default)
2019-09-25 12:57:40,524 [82a69ee4-b3af-4378-aabd-e501c7175382@group-D2BF767ABDDA:LeaderElection29] INFO  server.RaftServerConfigKeys (ConfUtils.java:logGet(43)) - raft.server.watch.timeout.denomination = 1s (default)
2019-09-25 12:57:40,524 [82a69ee4-b3af-4378-aabd-e501c7175382@group-D2BF767ABDDA:LeaderElection29] INFO  server.RaftServerConfigKeys (ConfUtils.java:logGet(43)) - raft.server.watch.element-limit = 65536 (default)
2019-09-25 12:57:40,528 [82a69ee4-b3af-4378-aabd-e501c7175382@group-D2BF767ABDDA:LeaderElection29] INFO  impl.RoleInfo (RoleInfo.java:updateAndGet(143)) - 82a69ee4-b3af-4378-aabd-e501c7175382: start LeaderState
2019-09-25 12:57:40,529 [82a69ee4-b3af-4378-aabd-e501c7175382@group-D2BF767ABDDA:LeaderElection29] INFO  segmented.SegmentedRaftLogWorker (SegmentedRaftLogWorker.java:startLogSegment(380)) - 82a69ee4-b3af-4378-aabd-e501c7175382@group-D2BF767ABDDA-SegmentedRaftLogWorker: Starting segment from index:0
2019-09-25 12:57:40,530 [82a69ee4-b3af-4378-aabd-e501c7175382@group-D2BF767ABDDA:LeaderElection29] INFO  impl.RaftServerImpl (ServerState.java:setRaftConf(354)) - 82a69ee4-b3af-4378-aabd-e501c7175382@group-D2BF767ABDDA: set configuration 0: [82a69ee4-b3af-4378-aabd-e501c7175382:192.168.151.73:33917], old=null at 0
2019-09-25 12:57:40,571 [Thread-304] INFO  impl.FollowerState (FollowerState.java:run(106)) - 82a69ee4-b3af-4378-aabd-e501c7175382:group-650DD9895021 changes to CANDIDATE, lastRpcTime:5204, electionTimeout:5176ms
2019-09-25 12:57:40,571 [Thread-304] INFO  impl.RoleInfo (RoleInfo.java:shutdownFollowerState(121)) - 82a69ee4-b3af-4378-aabd-e501c7175382: shutdown FollowerState
2019-09-25 12:57:40,571 [Thread-304] INFO  impl.RaftServerImpl (RaftServerImpl.java:setRole(174)) - 82a69ee4-b3af-4378-aabd-e501c7175382@group-650DD9895021: changes role from  FOLLOWER to CANDIDATE at term 0 for changeToCandidate
2019-09-25 12:57:40,571 [Thread-304] INFO  impl.RoleInfo (RoleInfo.java:updateAndGet(143)) - 82a69ee4-b3af-4378-aabd-e501c7175382: start LeaderElection
2019-09-25 12:57:40,596 [82a69ee4-b3af-4378-aabd-e501c7175382@group-D2BF767ABDDA-SegmentedRaftLogWorker] INFO  segmented.SegmentedRaftLogWorker (SegmentedRaftLogWorker.java:execute(569)) - 82a69ee4-b3af-4378-aabd-e501c7175382@group-D2BF767ABDDA-SegmentedRaftLogWorker: created new log segment /workdir/hadoop-ozone/tools/target/test-dir/MiniOzoneClusterImpl-ca628441-95e6-4ca0-9871-ceda43659e6a/datanode-4/data/ratis/fceea6ed-6c84-458e-9579-d2bf767abdda/current/log_inprogress_0
2019-09-25 12:57:40,596 [82a69ee4-b3af-4378-aabd-e501c7175382@group-650DD9895021:LeaderElection30] INFO  impl.LeaderElection (LeaderElection.java:askForVotes(182)) - 82a69ee4-b3af-4378-aabd-e501c7175382@group-650DD9895021:LeaderElection30: begin an election at term 1 for -1: [82a69ee4-b3af-4378-aabd-e501c7175382:192.168.151.73:33917], old=null
2019-09-25 12:57:40,597 [82a69ee4-b3af-4378-aabd-e501c7175382@group-650DD9895021:LeaderElection30] INFO  impl.RoleInfo (RoleInfo.java:shutdownLeaderElection(134)) - 82a69ee4-b3af-4378-aabd-e501c7175382: shutdown LeaderElection
2019-09-25 12:57:40,597 [82a69ee4-b3af-4378-aabd-e501c7175382@group-650DD9895021:LeaderElection30] INFO  impl.RaftServerImpl (RaftServerImpl.java:setRole(174)) - 82a69ee4-b3af-4378-aabd-e501c7175382@group-650DD9895021: changes role from CANDIDATE to LEADER at term 1 for changeToLeader
2019-09-25 12:57:40,597 [82a69ee4-b3af-4378-aabd-e501c7175382@group-650DD9895021:LeaderElection30] INFO  impl.RaftServerImpl (ServerState.java:setLeader(253)) - 82a69ee4-b3af-4378-aabd-e501c7175382@group-650DD9895021: change Leader from null to 82a69ee4-b3af-4378-aabd-e501c7175382 at term 1 for becomeLeader, leader elected after 5235ms
2019-09-25 12:57:40,597 [82a69ee4-b3af-4378-aabd-e501c7175382@group-650DD9895021:LeaderElection30] INFO  server.RaftServerConfigKeys (ConfUtils.java:logGet(43)) - raft.server.staging.catchup.gap = 1000 (default)
2019-09-25 12:57:40,597 [82a69ee4-b3af-4378-aabd-e501c7175382@group-650DD9895021:LeaderElection30] INFO  server.RaftServerConfigKeys (ConfUtils.java:logGet(43)) - raft.server.rpc.sleep.time = 25ms (default)
2019-09-25 12:57:40,598 [82a69ee4-b3af-4378-aabd-e501c7175382@group-650DD9895021:LeaderElection30] INFO  server.RaftServerConfigKeys (ConfUtils.java:logGet(43)) - raft.server.write.element-limit = 4096 (default)
2019-09-25 12:57:40,598 [82a69ee4-b3af-4378-aabd-e501c7175382@group-650DD9895021:LeaderElection30] INFO  server.RaftServerConfigKeys (ConfUtils.java:logGet(43)) - raft.server.watch.timeout = 10s (default)
2019-09-25 12:57:40,598 [82a69ee4-b3af-4378-aabd-e501c7175382@group-650DD9895021:LeaderElection30] INFO  server.RaftServerConfigKeys (ConfUtils.java:logGet(43)) - raft.server.watch.timeout.denomination = 1s (default)
2019-09-25 12:57:40,598 [82a69ee4-b3af-4378-aabd-e501c7175382@group-650DD9895021:LeaderElection30] INFO  server.RaftServerConfigKeys (ConfUtils.java:logGet(43)) - raft.server.watch.element-limit = 65536 (default)
2019-09-25 12:57:40,603 [82a69ee4-b3af-4378-aabd-e501c7175382@group-650DD9895021:LeaderElection30] INFO  impl.RoleInfo (RoleInfo.java:updateAndGet(143)) - 82a69ee4-b3af-4378-aabd-e501c7175382: start LeaderState
2019-09-25 12:57:40,603 [82a69ee4-b3af-4378-aabd-e501c7175382@group-650DD9895021:LeaderElection30] INFO  segmented.SegmentedRaftLogWorker (SegmentedRaftLogWorker.java:startLogSegment(380)) - 82a69ee4-b3af-4378-aabd-e501c7175382@group-650DD9895021-SegmentedRaftLogWorker: Starting segment from index:0
2019-09-25 12:57:40,604 [82a69ee4-b3af-4378-aabd-e501c7175382@group-650DD9895021:LeaderElection30] INFO  impl.RaftServerImpl (ServerState.java:setRaftConf(354)) - 82a69ee4-b3af-4378-aabd-e501c7175382@group-650DD9895021: set configuration 0: [82a69ee4-b3af-4378-aabd-e501c7175382:192.168.151.73:33917], old=null at 0
2019-09-25 12:57:40,666 [82a69ee4-b3af-4378-aabd-e501c7175382@group-650DD9895021-SegmentedRaftLogWorker] INFO  segmented.SegmentedRaftLogWorker (SegmentedRaftLogWorker.java:execute(569)) - 82a69ee4-b3af-4378-aabd-e501c7175382@group-650DD9895021-SegmentedRaftLogWorker: created new log segment /workdir/hadoop-ozone/tools/target/test-dir/MiniOzoneClusterImpl-ca628441-95e6-4ca0-9871-ceda43659e6a/datanode-4/data/ratis/1d4864d6-2fe9-4f9d-b012-650dd9895021/current/log_inprogress_0
]]></system-out>
    <system-err><![CDATA[ERROR StatusLogger No Log4j 2 configuration file found. Using default configuration (logging only errors to the console), or user programmatically provided configurations. Set system property 'log4j2.debug' to show Log4j 2 internal initialization logging. See https://logging.apache.org/log4j/2.x/manual/configuration.html for instructions on how to configure Log4j 2
]]></system-err>
  </testcase>
  <testcase name="standaloneTestLargeKey" classname="org.apache.hadoop.ozone.freon.TestDataValidateWithUnsafeByteOperations" time="10.127">
    <error message="Allocated 0 blocks. Requested 5 blocks" type="INTERNAL_ERROR org.apache.hadoop.ozone.om.exceptions.OMException">INTERNAL_ERROR org.apache.hadoop.ozone.om.exceptions.OMException: Allocated 0 blocks. Requested 5 blocks
	at org.apache.hadoop.ozone.om.protocolPB.OzoneManagerProtocolClientSideTranslatorPB.handleError(OzoneManagerProtocolClientSideTranslatorPB.java:732)
	at org.apache.hadoop.ozone.om.protocolPB.OzoneManagerProtocolClientSideTranslatorPB.openKey(OzoneManagerProtocolClientSideTranslatorPB.java:723)
	at sun.reflect.NativeMethodAccessorImpl.invoke0(Native Method)
	at sun.reflect.NativeMethodAccessorImpl.invoke(NativeMethodAccessorImpl.java:62)
	at sun.reflect.DelegatingMethodAccessorImpl.invoke(DelegatingMethodAccessorImpl.java:43)
	at java.lang.reflect.Method.invoke(Method.java:498)
	at org.apache.hadoop.hdds.tracing.TraceAllMethod.invoke(TraceAllMethod.java:66)
	at com.sun.proxy.$Proxy37.openKey(Unknown Source)
	at org.apache.hadoop.ozone.client.rpc.RpcClient.createKey(RpcClient.java:614)
	at org.apache.hadoop.ozone.client.OzoneBucket.createKey(OzoneBucket.java:325)
	at org.apache.hadoop.ozone.freon.RandomKeyGenerator.createKey(RandomKeyGenerator.java:695)
	at org.apache.hadoop.ozone.freon.RandomKeyGenerator.access$1100(RandomKeyGenerator.java:88)
	at org.apache.hadoop.ozone.freon.RandomKeyGenerator$ObjectCreator.run(RandomKeyGenerator.java:615)
	at java.util.concurrent.Executors$RunnableAdapter.call(Executors.java:511)
	at java.util.concurrent.FutureTask.run(FutureTask.java:266)
	at java.util.concurrent.ThreadPoolExecutor.runWorker(ThreadPoolExecutor.java:1149)
	at java.util.concurrent.ThreadPoolExecutor$Worker.run(ThreadPoolExecutor.java:624)
	at java.lang.Thread.run(Thread.java:748)
</error>
    <system-out><![CDATA[2019-09-25 12:57:44,043 [main] INFO  freon.RandomKeyGenerator (RandomKeyGenerator.java:call(283)) - Number of Threads: 10
2019-09-25 12:57:44,045 [main] INFO  freon.RandomKeyGenerator (RandomKeyGenerator.java:call(288)) - Number of Volumes: 1.
2019-09-25 12:57:44,045 [main] INFO  freon.RandomKeyGenerator (RandomKeyGenerator.java:call(289)) - Number of Buckets per Volume: 1.
2019-09-25 12:57:44,045 [main] INFO  freon.RandomKeyGenerator (RandomKeyGenerator.java:call(290)) - Number of Keys per Bucket: 1.
2019-09-25 12:57:44,045 [main] INFO  freon.RandomKeyGenerator (RandomKeyGenerator.java:call(291)) - Key size: 20971520 bytes
2019-09-25 12:57:44,045 [main] INFO  freon.RandomKeyGenerator (RandomKeyGenerator.java:call(292)) - Buffer size: 4096 bytes
2019-09-25 12:57:44,045 [main] INFO  freon.RandomKeyGenerator (RandomKeyGenerator.java:call(293)) - validateWrites : true
2019-09-25 12:57:44,047 [pool-74-thread-1] INFO  rpc.RpcClient (RpcClient.java:createVolume(276)) - Creating Volume: vol-0-00871, with jenkins1000 as owner.
2019-09-25 12:57:44,047 [main] INFO  freon.RandomKeyGenerator (RandomKeyGenerator.java:call(307)) - Data validation is enabled.
2019-09-25 12:57:44,047 [main] INFO  freon.RandomKeyGenerator (RandomKeyGenerator.java:call(313)) - Starting progress bar Thread.

 0.00% |█                                                                                                    |  0/1 Time: 0:00:002019-09-25 12:57:44,053 [IPC Server handler 0 on 35361] INFO  volume.OMVolumeCreateRequest (OMVolumeCreateRequest.java:validateAndUpdateCache(189)) - created volume:vol-0-00871 for user:jenkins1000
2019-09-25 12:57:44,060 [pool-74-thread-2] INFO  rpc.RpcClient (RpcClient.java:createBucket(415)) - Creating Bucket: vol-0-00871/bucket-0-30473, with Versioning false and Storage Type set to DISK and Encryption set to false 
2019-09-25 12:57:44,072 [IPC Server handler 0 on 41989] INFO  pipeline.PipelinePlacementPolicy (PipelinePlacementPolicy.java:meetCriteria(91)) - Pipeline Placement: can't place more pipeline on heavy datanode： d60bfa88-4f5c-40e2-9e6f-04cdce80ae19 Heaviness: 6 limit: 5
2019-09-25 12:57:44,072 [IPC Server handler 0 on 41989] INFO  pipeline.PipelinePlacementPolicy (PipelinePlacementPolicy.java:meetCriteria(91)) - Pipeline Placement: can't place more pipeline on heavy datanode： 05c10ba5-9820-4ddb-94b6-a7ebb5af4f34 Heaviness: 6 limit: 5
2019-09-25 12:57:44,072 [IPC Server handler 0 on 41989] INFO  pipeline.PipelinePlacementPolicy (PipelinePlacementPolicy.java:meetCriteria(91)) - Pipeline Placement: can't place more pipeline on heavy datanode： 82a69ee4-b3af-4378-aabd-e501c7175382 Heaviness: 6 limit: 5
2019-09-25 12:57:44,073 [IPC Server handler 0 on 41989] INFO  pipeline.PipelinePlacementPolicy (PipelinePlacementPolicy.java:meetCriteria(91)) - Pipeline Placement: can't place more pipeline on heavy datanode： 548f63c1-ecb3-4338-9923-ba2d46dbaf7d Heaviness: 6 limit: 5
2019-09-25 12:57:44,073 [IPC Server handler 0 on 41989] INFO  pipeline.PipelinePlacementPolicy (PipelinePlacementPolicy.java:meetCriteria(91)) - Pipeline Placement: can't place more pipeline on heavy datanode： 1ad4e210-16ea-448d-9c83-11669c9ee3b6 Heaviness: 6 limit: 5
2019-09-25 12:57:44,073 [IPC Server handler 0 on 41989] ERROR pipeline.PipelinePlacementPolicy (PipelinePlacementPolicy.java:filterViableNodes(148)) - Unable to find enough nodes that meet the criteria that cannot engage in more than 5 pipelines. Nodes required: 3 Found: 0, healthy nodes count inNodeManager: 5.
2019-09-25 12:57:44,073 [IPC Server handler 0 on 41989] ERROR pipeline.SCMPipelineManager (SCMPipelineManager.java:createPipeline(167)) - Pipeline creation failed.
org.apache.hadoop.hdds.scm.exceptions.SCMException: Unable to find enough nodes that meet the criteria that cannot engage in more than 5 pipelines. Nodes required: 3 Found: 0, healthy nodes count inNodeManager: 5.
	at org.apache.hadoop.hdds.scm.pipeline.PipelinePlacementPolicy.filterViableNodes(PipelinePlacementPolicy.java:149)
	at org.apache.hadoop.hdds.scm.pipeline.PipelinePlacementPolicy.chooseDatanodes(PipelinePlacementPolicy.java:172)
	at org.apache.hadoop.hdds.scm.pipeline.RatisPipelineProvider.create(RatisPipelineProvider.java:93)
	at org.apache.hadoop.hdds.scm.pipeline.PipelineFactory.create(PipelineFactory.java:58)
	at org.apache.hadoop.hdds.scm.pipeline.SCMPipelineManager.createPipeline(SCMPipelineManager.java:155)
	at org.apache.hadoop.hdds.scm.block.BlockManagerImpl.allocateBlock(BlockManagerImpl.java:190)
	at org.apache.hadoop.hdds.scm.server.SCMBlockProtocolServer.allocateBlock(SCMBlockProtocolServer.java:182)
	at org.apache.hadoop.ozone.protocolPB.ScmBlockLocationProtocolServerSideTranslatorPB.allocateScmBlock(ScmBlockLocationProtocolServerSideTranslatorPB.java:183)
	at org.apache.hadoop.ozone.protocolPB.ScmBlockLocationProtocolServerSideTranslatorPB.processMessage(ScmBlockLocationProtocolServerSideTranslatorPB.java:141)
	at org.apache.hadoop.ozone.protocolPB.ScmBlockLocationProtocolServerSideTranslatorPB.send(ScmBlockLocationProtocolServerSideTranslatorPB.java:116)
	at org.apache.hadoop.hdds.protocol.proto.ScmBlockLocationProtocolProtos$ScmBlockLocationProtocolService$2.callBlockingMethod(ScmBlockLocationProtocolProtos.java:13157)
	at org.apache.hadoop.ipc.ProtobufRpcEngine$Server$ProtoBufRpcInvoker.call(ProtobufRpcEngine.java:524)
	at org.apache.hadoop.ipc.RPC$Server.call(RPC.java:1025)
	at org.apache.hadoop.ipc.Server$RpcCall.run(Server.java:876)
	at org.apache.hadoop.ipc.Server$RpcCall.run(Server.java:822)
	at java.security.AccessController.doPrivileged(Native Method)
	at javax.security.auth.Subject.doAs(Subject.java:422)
	at org.apache.hadoop.security.UserGroupInformation.doAs(UserGroupInformation.java:1730)
	at org.apache.hadoop.ipc.Server$Handler.run(Server.java:2682)
2019-09-25 12:57:44,074 [IPC Server handler 0 on 41989] WARN  block.BlockManagerImpl (BlockManagerImpl.java:allocateBlock(192)) - Pipeline creation failed for type:RATIS factor:THREE. Retrying get pipelines call once.
org.apache.hadoop.hdds.scm.exceptions.SCMException: Unable to find enough nodes that meet the criteria that cannot engage in more than 5 pipelines. Nodes required: 3 Found: 0, healthy nodes count inNodeManager: 5.
	at org.apache.hadoop.hdds.scm.pipeline.PipelinePlacementPolicy.filterViableNodes(PipelinePlacementPolicy.java:149)
	at org.apache.hadoop.hdds.scm.pipeline.PipelinePlacementPolicy.chooseDatanodes(PipelinePlacementPolicy.java:172)
	at org.apache.hadoop.hdds.scm.pipeline.RatisPipelineProvider.create(RatisPipelineProvider.java:93)
	at org.apache.hadoop.hdds.scm.pipeline.PipelineFactory.create(PipelineFactory.java:58)
	at org.apache.hadoop.hdds.scm.pipeline.SCMPipelineManager.createPipeline(SCMPipelineManager.java:155)
	at org.apache.hadoop.hdds.scm.block.BlockManagerImpl.allocateBlock(BlockManagerImpl.java:190)
	at org.apache.hadoop.hdds.scm.server.SCMBlockProtocolServer.allocateBlock(SCMBlockProtocolServer.java:182)
	at org.apache.hadoop.ozone.protocolPB.ScmBlockLocationProtocolServerSideTranslatorPB.allocateScmBlock(ScmBlockLocationProtocolServerSideTranslatorPB.java:183)
	at org.apache.hadoop.ozone.protocolPB.ScmBlockLocationProtocolServerSideTranslatorPB.processMessage(ScmBlockLocationProtocolServerSideTranslatorPB.java:141)
	at org.apache.hadoop.ozone.protocolPB.ScmBlockLocationProtocolServerSideTranslatorPB.send(ScmBlockLocationProtocolServerSideTranslatorPB.java:116)
	at org.apache.hadoop.hdds.protocol.proto.ScmBlockLocationProtocolProtos$ScmBlockLocationProtocolService$2.callBlockingMethod(ScmBlockLocationProtocolProtos.java:13157)
	at org.apache.hadoop.ipc.ProtobufRpcEngine$Server$ProtoBufRpcInvoker.call(ProtobufRpcEngine.java:524)
	at org.apache.hadoop.ipc.RPC$Server.call(RPC.java:1025)
	at org.apache.hadoop.ipc.Server$RpcCall.run(Server.java:876)
	at org.apache.hadoop.ipc.Server$RpcCall.run(Server.java:822)
	at java.security.AccessController.doPrivileged(Native Method)
	at javax.security.auth.Subject.doAs(Subject.java:422)
	at org.apache.hadoop.security.UserGroupInformation.doAs(UserGroupInformation.java:1730)
	at org.apache.hadoop.ipc.Server$Handler.run(Server.java:2682)
2019-09-25 12:57:44,075 [IPC Server handler 0 on 41989] INFO  block.BlockManagerImpl (BlockManagerImpl.java:allocateBlock(198)) - Could not find available pipeline of type:RATIS and factor:THREE even after retrying
2019-09-25 12:57:44,075 [IPC Server handler 0 on 41989] ERROR block.BlockManagerImpl (BlockManagerImpl.java:allocateBlock(222)) - Unable to allocate a block for the size: 4194304, type: RATIS, factor: THREE
2019-09-25 12:57:44,075 [IPC Server handler 0 on 41989] INFO  pipeline.PipelinePlacementPolicy (PipelinePlacementPolicy.java:meetCriteria(91)) - Pipeline Placement: can't place more pipeline on heavy datanode： d60bfa88-4f5c-40e2-9e6f-04cdce80ae19 Heaviness: 6 limit: 5
2019-09-25 12:57:44,075 [IPC Server handler 0 on 41989] INFO  pipeline.PipelinePlacementPolicy (PipelinePlacementPolicy.java:meetCriteria(91)) - Pipeline Placement: can't place more pipeline on heavy datanode： 05c10ba5-9820-4ddb-94b6-a7ebb5af4f34 Heaviness: 6 limit: 5
2019-09-25 12:57:44,075 [IPC Server handler 0 on 41989] INFO  pipeline.PipelinePlacementPolicy (PipelinePlacementPolicy.java:meetCriteria(91)) - Pipeline Placement: can't place more pipeline on heavy datanode： 82a69ee4-b3af-4378-aabd-e501c7175382 Heaviness: 6 limit: 5
2019-09-25 12:57:44,076 [IPC Server handler 0 on 41989] INFO  pipeline.PipelinePlacementPolicy (PipelinePlacementPolicy.java:meetCriteria(91)) - Pipeline Placement: can't place more pipeline on heavy datanode： 548f63c1-ecb3-4338-9923-ba2d46dbaf7d Heaviness: 6 limit: 5
2019-09-25 12:57:44,076 [IPC Server handler 0 on 41989] INFO  pipeline.PipelinePlacementPolicy (PipelinePlacementPolicy.java:meetCriteria(91)) - Pipeline Placement: can't place more pipeline on heavy datanode： 1ad4e210-16ea-448d-9c83-11669c9ee3b6 Heaviness: 6 limit: 5
2019-09-25 12:57:44,076 [IPC Server handler 0 on 41989] ERROR pipeline.PipelinePlacementPolicy (PipelinePlacementPolicy.java:filterViableNodes(148)) - Unable to find enough nodes that meet the criteria that cannot engage in more than 5 pipelines. Nodes required: 3 Found: 0, healthy nodes count inNodeManager: 5.
2019-09-25 12:57:44,076 [IPC Server handler 0 on 41989] ERROR pipeline.SCMPipelineManager (SCMPipelineManager.java:createPipeline(167)) - Pipeline creation failed.
org.apache.hadoop.hdds.scm.exceptions.SCMException: Unable to find enough nodes that meet the criteria that cannot engage in more than 5 pipelines. Nodes required: 3 Found: 0, healthy nodes count inNodeManager: 5.
	at org.apache.hadoop.hdds.scm.pipeline.PipelinePlacementPolicy.filterViableNodes(PipelinePlacementPolicy.java:149)
	at org.apache.hadoop.hdds.scm.pipeline.PipelinePlacementPolicy.chooseDatanodes(PipelinePlacementPolicy.java:172)
	at org.apache.hadoop.hdds.scm.pipeline.RatisPipelineProvider.create(RatisPipelineProvider.java:93)
	at org.apache.hadoop.hdds.scm.pipeline.PipelineFactory.create(PipelineFactory.java:58)
	at org.apache.hadoop.hdds.scm.pipeline.SCMPipelineManager.createPipeline(SCMPipelineManager.java:155)
	at org.apache.hadoop.hdds.scm.block.BlockManagerImpl.allocateBlock(BlockManagerImpl.java:190)
	at org.apache.hadoop.hdds.scm.server.SCMBlockProtocolServer.allocateBlock(SCMBlockProtocolServer.java:182)
	at org.apache.hadoop.ozone.protocolPB.ScmBlockLocationProtocolServerSideTranslatorPB.allocateScmBlock(ScmBlockLocationProtocolServerSideTranslatorPB.java:183)
	at org.apache.hadoop.ozone.protocolPB.ScmBlockLocationProtocolServerSideTranslatorPB.processMessage(ScmBlockLocationProtocolServerSideTranslatorPB.java:141)
	at org.apache.hadoop.ozone.protocolPB.ScmBlockLocationProtocolServerSideTranslatorPB.send(ScmBlockLocationProtocolServerSideTranslatorPB.java:116)
	at org.apache.hadoop.hdds.protocol.proto.ScmBlockLocationProtocolProtos$ScmBlockLocationProtocolService$2.callBlockingMethod(ScmBlockLocationProtocolProtos.java:13157)
	at org.apache.hadoop.ipc.ProtobufRpcEngine$Server$ProtoBufRpcInvoker.call(ProtobufRpcEngine.java:524)
	at org.apache.hadoop.ipc.RPC$Server.call(RPC.java:1025)
	at org.apache.hadoop.ipc.Server$RpcCall.run(Server.java:876)
	at org.apache.hadoop.ipc.Server$RpcCall.run(Server.java:822)
	at java.security.AccessController.doPrivileged(Native Method)
	at javax.security.auth.Subject.doAs(Subject.java:422)
	at org.apache.hadoop.security.UserGroupInformation.doAs(UserGroupInformation.java:1730)
	at org.apache.hadoop.ipc.Server$Handler.run(Server.java:2682)
2019-09-25 12:57:44,077 [IPC Server handler 0 on 41989] WARN  block.BlockManagerImpl (BlockManagerImpl.java:allocateBlock(192)) - Pipeline creation failed for type:RATIS factor:THREE. Retrying get pipelines call once.
org.apache.hadoop.hdds.scm.exceptions.SCMException: Unable to find enough nodes that meet the criteria that cannot engage in more than 5 pipelines. Nodes required: 3 Found: 0, healthy nodes count inNodeManager: 5.
	at org.apache.hadoop.hdds.scm.pipeline.PipelinePlacementPolicy.filterViableNodes(PipelinePlacementPolicy.java:149)
	at org.apache.hadoop.hdds.scm.pipeline.PipelinePlacementPolicy.chooseDatanodes(PipelinePlacementPolicy.java:172)
	at org.apache.hadoop.hdds.scm.pipeline.RatisPipelineProvider.create(RatisPipelineProvider.java:93)
	at org.apache.hadoop.hdds.scm.pipeline.PipelineFactory.create(PipelineFactory.java:58)
	at org.apache.hadoop.hdds.scm.pipeline.SCMPipelineManager.createPipeline(SCMPipelineManager.java:155)
	at org.apache.hadoop.hdds.scm.block.BlockManagerImpl.allocateBlock(BlockManagerImpl.java:190)
	at org.apache.hadoop.hdds.scm.server.SCMBlockProtocolServer.allocateBlock(SCMBlockProtocolServer.java:182)
	at org.apache.hadoop.ozone.protocolPB.ScmBlockLocationProtocolServerSideTranslatorPB.allocateScmBlock(ScmBlockLocationProtocolServerSideTranslatorPB.java:183)
	at org.apache.hadoop.ozone.protocolPB.ScmBlockLocationProtocolServerSideTranslatorPB.processMessage(ScmBlockLocationProtocolServerSideTranslatorPB.java:141)
	at org.apache.hadoop.ozone.protocolPB.ScmBlockLocationProtocolServerSideTranslatorPB.send(ScmBlockLocationProtocolServerSideTranslatorPB.java:116)
	at org.apache.hadoop.hdds.protocol.proto.ScmBlockLocationProtocolProtos$ScmBlockLocationProtocolService$2.callBlockingMethod(ScmBlockLocationProtocolProtos.java:13157)
	at org.apache.hadoop.ipc.ProtobufRpcEngine$Server$ProtoBufRpcInvoker.call(ProtobufRpcEngine.java:524)
	at org.apache.hadoop.ipc.RPC$Server.call(RPC.java:1025)
	at org.apache.hadoop.ipc.Server$RpcCall.run(Server.java:876)
	at org.apache.hadoop.ipc.Server$RpcCall.run(Server.java:822)
	at java.security.AccessController.doPrivileged(Native Method)
	at javax.security.auth.Subject.doAs(Subject.java:422)
	at org.apache.hadoop.security.UserGroupInformation.doAs(UserGroupInformation.java:1730)
	at org.apache.hadoop.ipc.Server$Handler.run(Server.java:2682)
2019-09-25 12:57:44,077 [IPC Server handler 0 on 41989] INFO  block.BlockManagerImpl (BlockManagerImpl.java:allocateBlock(198)) - Could not find available pipeline of type:RATIS and factor:THREE even after retrying
2019-09-25 12:57:44,078 [IPC Server handler 0 on 41989] ERROR block.BlockManagerImpl (BlockManagerImpl.java:allocateBlock(222)) - Unable to allocate a block for the size: 4194304, type: RATIS, factor: THREE
2019-09-25 12:57:44,078 [IPC Server handler 0 on 41989] INFO  pipeline.PipelinePlacementPolicy (PipelinePlacementPolicy.java:meetCriteria(91)) - Pipeline Placement: can't place more pipeline on heavy datanode： d60bfa88-4f5c-40e2-9e6f-04cdce80ae19 Heaviness: 6 limit: 5
2019-09-25 12:57:44,078 [IPC Server handler 0 on 41989] INFO  pipeline.PipelinePlacementPolicy (PipelinePlacementPolicy.java:meetCriteria(91)) - Pipeline Placement: can't place more pipeline on heavy datanode： 05c10ba5-9820-4ddb-94b6-a7ebb5af4f34 Heaviness: 6 limit: 5
2019-09-25 12:57:44,078 [IPC Server handler 0 on 41989] INFO  pipeline.PipelinePlacementPolicy (PipelinePlacementPolicy.java:meetCriteria(91)) - Pipeline Placement: can't place more pipeline on heavy datanode： 82a69ee4-b3af-4378-aabd-e501c7175382 Heaviness: 6 limit: 5
2019-09-25 12:57:44,078 [IPC Server handler 0 on 41989] INFO  pipeline.PipelinePlacementPolicy (PipelinePlacementPolicy.java:meetCriteria(91)) - Pipeline Placement: can't place more pipeline on heavy datanode： 548f63c1-ecb3-4338-9923-ba2d46dbaf7d Heaviness: 6 limit: 5
2019-09-25 12:57:44,079 [IPC Server handler 0 on 41989] INFO  pipeline.PipelinePlacementPolicy (PipelinePlacementPolicy.java:meetCriteria(91)) - Pipeline Placement: can't place more pipeline on heavy datanode： 1ad4e210-16ea-448d-9c83-11669c9ee3b6 Heaviness: 6 limit: 5
2019-09-25 12:57:44,079 [IPC Server handler 0 on 41989] ERROR pipeline.PipelinePlacementPolicy (PipelinePlacementPolicy.java:filterViableNodes(148)) - Unable to find enough nodes that meet the criteria that cannot engage in more than 5 pipelines. Nodes required: 3 Found: 0, healthy nodes count inNodeManager: 5.
2019-09-25 12:57:44,079 [IPC Server handler 0 on 41989] ERROR pipeline.SCMPipelineManager (SCMPipelineManager.java:createPipeline(167)) - Pipeline creation failed.
org.apache.hadoop.hdds.scm.exceptions.SCMException: Unable to find enough nodes that meet the criteria that cannot engage in more than 5 pipelines. Nodes required: 3 Found: 0, healthy nodes count inNodeManager: 5.
	at org.apache.hadoop.hdds.scm.pipeline.PipelinePlacementPolicy.filterViableNodes(PipelinePlacementPolicy.java:149)
	at org.apache.hadoop.hdds.scm.pipeline.PipelinePlacementPolicy.chooseDatanodes(PipelinePlacementPolicy.java:172)
	at org.apache.hadoop.hdds.scm.pipeline.RatisPipelineProvider.create(RatisPipelineProvider.java:93)
	at org.apache.hadoop.hdds.scm.pipeline.PipelineFactory.create(PipelineFactory.java:58)
	at org.apache.hadoop.hdds.scm.pipeline.SCMPipelineManager.createPipeline(SCMPipelineManager.java:155)
	at org.apache.hadoop.hdds.scm.block.BlockManagerImpl.allocateBlock(BlockManagerImpl.java:190)
	at org.apache.hadoop.hdds.scm.server.SCMBlockProtocolServer.allocateBlock(SCMBlockProtocolServer.java:182)
	at org.apache.hadoop.ozone.protocolPB.ScmBlockLocationProtocolServerSideTranslatorPB.allocateScmBlock(ScmBlockLocationProtocolServerSideTranslatorPB.java:183)
	at org.apache.hadoop.ozone.protocolPB.ScmBlockLocationProtocolServerSideTranslatorPB.processMessage(ScmBlockLocationProtocolServerSideTranslatorPB.java:141)
	at org.apache.hadoop.ozone.protocolPB.ScmBlockLocationProtocolServerSideTranslatorPB.send(ScmBlockLocationProtocolServerSideTranslatorPB.java:116)
	at org.apache.hadoop.hdds.protocol.proto.ScmBlockLocationProtocolProtos$ScmBlockLocationProtocolService$2.callBlockingMethod(ScmBlockLocationProtocolProtos.java:13157)
	at org.apache.hadoop.ipc.ProtobufRpcEngine$Server$ProtoBufRpcInvoker.call(ProtobufRpcEngine.java:524)
	at org.apache.hadoop.ipc.RPC$Server.call(RPC.java:1025)
	at org.apache.hadoop.ipc.Server$RpcCall.run(Server.java:876)
	at org.apache.hadoop.ipc.Server$RpcCall.run(Server.java:822)
	at java.security.AccessController.doPrivileged(Native Method)
	at javax.security.auth.Subject.doAs(Subject.java:422)
	at org.apache.hadoop.security.UserGroupInformation.doAs(UserGroupInformation.java:1730)
	at org.apache.hadoop.ipc.Server$Handler.run(Server.java:2682)
2019-09-25 12:57:44,080 [IPC Server handler 0 on 41989] WARN  block.BlockManagerImpl (BlockManagerImpl.java:allocateBlock(192)) - Pipeline creation failed for type:RATIS factor:THREE. Retrying get pipelines call once.
org.apache.hadoop.hdds.scm.exceptions.SCMException: Unable to find enough nodes that meet the criteria that cannot engage in more than 5 pipelines. Nodes required: 3 Found: 0, healthy nodes count inNodeManager: 5.
	at org.apache.hadoop.hdds.scm.pipeline.PipelinePlacementPolicy.filterViableNodes(PipelinePlacementPolicy.java:149)
	at org.apache.hadoop.hdds.scm.pipeline.PipelinePlacementPolicy.chooseDatanodes(PipelinePlacementPolicy.java:172)
	at org.apache.hadoop.hdds.scm.pipeline.RatisPipelineProvider.create(RatisPipelineProvider.java:93)
	at org.apache.hadoop.hdds.scm.pipeline.PipelineFactory.create(PipelineFactory.java:58)
	at org.apache.hadoop.hdds.scm.pipeline.SCMPipelineManager.createPipeline(SCMPipelineManager.java:155)
	at org.apache.hadoop.hdds.scm.block.BlockManagerImpl.allocateBlock(BlockManagerImpl.java:190)
	at org.apache.hadoop.hdds.scm.server.SCMBlockProtocolServer.allocateBlock(SCMBlockProtocolServer.java:182)
	at org.apache.hadoop.ozone.protocolPB.ScmBlockLocationProtocolServerSideTranslatorPB.allocateScmBlock(ScmBlockLocationProtocolServerSideTranslatorPB.java:183)
	at org.apache.hadoop.ozone.protocolPB.ScmBlockLocationProtocolServerSideTranslatorPB.processMessage(ScmBlockLocationProtocolServerSideTranslatorPB.java:141)
	at org.apache.hadoop.ozone.protocolPB.ScmBlockLocationProtocolServerSideTranslatorPB.send(ScmBlockLocationProtocolServerSideTranslatorPB.java:116)
	at org.apache.hadoop.hdds.protocol.proto.ScmBlockLocationProtocolProtos$ScmBlockLocationProtocolService$2.callBlockingMethod(ScmBlockLocationProtocolProtos.java:13157)
	at org.apache.hadoop.ipc.ProtobufRpcEngine$Server$ProtoBufRpcInvoker.call(ProtobufRpcEngine.java:524)
	at org.apache.hadoop.ipc.RPC$Server.call(RPC.java:1025)
	at org.apache.hadoop.ipc.Server$RpcCall.run(Server.java:876)
	at org.apache.hadoop.ipc.Server$RpcCall.run(Server.java:822)
	at java.security.AccessController.doPrivileged(Native Method)
	at javax.security.auth.Subject.doAs(Subject.java:422)
	at org.apache.hadoop.security.UserGroupInformation.doAs(UserGroupInformation.java:1730)
	at org.apache.hadoop.ipc.Server$Handler.run(Server.java:2682)
2019-09-25 12:57:44,080 [IPC Server handler 0 on 41989] INFO  block.BlockManagerImpl (BlockManagerImpl.java:allocateBlock(198)) - Could not find available pipeline of type:RATIS and factor:THREE even after retrying
2019-09-25 12:57:44,080 [IPC Server handler 0 on 41989] ERROR block.BlockManagerImpl (BlockManagerImpl.java:allocateBlock(222)) - Unable to allocate a block for the size: 4194304, type: RATIS, factor: THREE
2019-09-25 12:57:44,080 [IPC Server handler 0 on 41989] INFO  pipeline.PipelinePlacementPolicy (PipelinePlacementPolicy.java:meetCriteria(91)) - Pipeline Placement: can't place more pipeline on heavy datanode： d60bfa88-4f5c-40e2-9e6f-04cdce80ae19 Heaviness: 6 limit: 5
2019-09-25 12:57:44,081 [IPC Server handler 0 on 41989] INFO  pipeline.PipelinePlacementPolicy (PipelinePlacementPolicy.java:meetCriteria(91)) - Pipeline Placement: can't place more pipeline on heavy datanode： 05c10ba5-9820-4ddb-94b6-a7ebb5af4f34 Heaviness: 6 limit: 5
2019-09-25 12:57:44,081 [IPC Server handler 0 on 41989] INFO  pipeline.PipelinePlacementPolicy (PipelinePlacementPolicy.java:meetCriteria(91)) - Pipeline Placement: can't place more pipeline on heavy datanode： 82a69ee4-b3af-4378-aabd-e501c7175382 Heaviness: 6 limit: 5
2019-09-25 12:57:44,081 [IPC Server handler 0 on 41989] INFO  pipeline.PipelinePlacementPolicy (PipelinePlacementPolicy.java:meetCriteria(91)) - Pipeline Placement: can't place more pipeline on heavy datanode： 548f63c1-ecb3-4338-9923-ba2d46dbaf7d Heaviness: 6 limit: 5
2019-09-25 12:57:44,081 [IPC Server handler 0 on 41989] INFO  pipeline.PipelinePlacementPolicy (PipelinePlacementPolicy.java:meetCriteria(91)) - Pipeline Placement: can't place more pipeline on heavy datanode： 1ad4e210-16ea-448d-9c83-11669c9ee3b6 Heaviness: 6 limit: 5
2019-09-25 12:57:44,082 [IPC Server handler 0 on 41989] ERROR pipeline.PipelinePlacementPolicy (PipelinePlacementPolicy.java:filterViableNodes(148)) - Unable to find enough nodes that meet the criteria that cannot engage in more than 5 pipelines. Nodes required: 3 Found: 0, healthy nodes count inNodeManager: 5.
2019-09-25 12:57:44,082 [IPC Server handler 0 on 41989] ERROR pipeline.SCMPipelineManager (SCMPipelineManager.java:createPipeline(167)) - Pipeline creation failed.
org.apache.hadoop.hdds.scm.exceptions.SCMException: Unable to find enough nodes that meet the criteria that cannot engage in more than 5 pipelines. Nodes required: 3 Found: 0, healthy nodes count inNodeManager: 5.
	at org.apache.hadoop.hdds.scm.pipeline.PipelinePlacementPolicy.filterViableNodes(PipelinePlacementPolicy.java:149)
	at org.apache.hadoop.hdds.scm.pipeline.PipelinePlacementPolicy.chooseDatanodes(PipelinePlacementPolicy.java:172)
	at org.apache.hadoop.hdds.scm.pipeline.RatisPipelineProvider.create(RatisPipelineProvider.java:93)
	at org.apache.hadoop.hdds.scm.pipeline.PipelineFactory.create(PipelineFactory.java:58)
	at org.apache.hadoop.hdds.scm.pipeline.SCMPipelineManager.createPipeline(SCMPipelineManager.java:155)
	at org.apache.hadoop.hdds.scm.block.BlockManagerImpl.allocateBlock(BlockManagerImpl.java:190)
	at org.apache.hadoop.hdds.scm.server.SCMBlockProtocolServer.allocateBlock(SCMBlockProtocolServer.java:182)
	at org.apache.hadoop.ozone.protocolPB.ScmBlockLocationProtocolServerSideTranslatorPB.allocateScmBlock(ScmBlockLocationProtocolServerSideTranslatorPB.java:183)
	at org.apache.hadoop.ozone.protocolPB.ScmBlockLocationProtocolServerSideTranslatorPB.processMessage(ScmBlockLocationProtocolServerSideTranslatorPB.java:141)
	at org.apache.hadoop.ozone.protocolPB.ScmBlockLocationProtocolServerSideTranslatorPB.send(ScmBlockLocationProtocolServerSideTranslatorPB.java:116)
	at org.apache.hadoop.hdds.protocol.proto.ScmBlockLocationProtocolProtos$ScmBlockLocationProtocolService$2.callBlockingMethod(ScmBlockLocationProtocolProtos.java:13157)
	at org.apache.hadoop.ipc.ProtobufRpcEngine$Server$ProtoBufRpcInvoker.call(ProtobufRpcEngine.java:524)
	at org.apache.hadoop.ipc.RPC$Server.call(RPC.java:1025)
	at org.apache.hadoop.ipc.Server$RpcCall.run(Server.java:876)
	at org.apache.hadoop.ipc.Server$RpcCall.run(Server.java:822)
	at java.security.AccessController.doPrivileged(Native Method)
	at javax.security.auth.Subject.doAs(Subject.java:422)
	at org.apache.hadoop.security.UserGroupInformation.doAs(UserGroupInformation.java:1730)
	at org.apache.hadoop.ipc.Server$Handler.run(Server.java:2682)
2019-09-25 12:57:44,082 [IPC Server handler 0 on 41989] WARN  block.BlockManagerImpl (BlockManagerImpl.java:allocateBlock(192)) - Pipeline creation failed for type:RATIS factor:THREE. Retrying get pipelines call once.
org.apache.hadoop.hdds.scm.exceptions.SCMException: Unable to find enough nodes that meet the criteria that cannot engage in more than 5 pipelines. Nodes required: 3 Found: 0, healthy nodes count inNodeManager: 5.
	at org.apache.hadoop.hdds.scm.pipeline.PipelinePlacementPolicy.filterViableNodes(PipelinePlacementPolicy.java:149)
	at org.apache.hadoop.hdds.scm.pipeline.PipelinePlacementPolicy.chooseDatanodes(PipelinePlacementPolicy.java:172)
	at org.apache.hadoop.hdds.scm.pipeline.RatisPipelineProvider.create(RatisPipelineProvider.java:93)
	at org.apache.hadoop.hdds.scm.pipeline.PipelineFactory.create(PipelineFactory.java:58)
	at org.apache.hadoop.hdds.scm.pipeline.SCMPipelineManager.createPipeline(SCMPipelineManager.java:155)
	at org.apache.hadoop.hdds.scm.block.BlockManagerImpl.allocateBlock(BlockManagerImpl.java:190)
	at org.apache.hadoop.hdds.scm.server.SCMBlockProtocolServer.allocateBlock(SCMBlockProtocolServer.java:182)
	at org.apache.hadoop.ozone.protocolPB.ScmBlockLocationProtocolServerSideTranslatorPB.allocateScmBlock(ScmBlockLocationProtocolServerSideTranslatorPB.java:183)
	at org.apache.hadoop.ozone.protocolPB.ScmBlockLocationProtocolServerSideTranslatorPB.processMessage(ScmBlockLocationProtocolServerSideTranslatorPB.java:141)
	at org.apache.hadoop.ozone.protocolPB.ScmBlockLocationProtocolServerSideTranslatorPB.send(ScmBlockLocationProtocolServerSideTranslatorPB.java:116)
	at org.apache.hadoop.hdds.protocol.proto.ScmBlockLocationProtocolProtos$ScmBlockLocationProtocolService$2.callBlockingMethod(ScmBlockLocationProtocolProtos.java:13157)
	at org.apache.hadoop.ipc.ProtobufRpcEngine$Server$ProtoBufRpcInvoker.call(ProtobufRpcEngine.java:524)
	at org.apache.hadoop.ipc.RPC$Server.call(RPC.java:1025)
	at org.apache.hadoop.ipc.Server$RpcCall.run(Server.java:876)
	at org.apache.hadoop.ipc.Server$RpcCall.run(Server.java:822)
	at java.security.AccessController.doPrivileged(Native Method)
	at javax.security.auth.Subject.doAs(Subject.java:422)
	at org.apache.hadoop.security.UserGroupInformation.doAs(UserGroupInformation.java:1730)
	at org.apache.hadoop.ipc.Server$Handler.run(Server.java:2682)
2019-09-25 12:57:44,083 [IPC Server handler 0 on 41989] INFO  block.BlockManagerImpl (BlockManagerImpl.java:allocateBlock(198)) - Could not find available pipeline of type:RATIS and factor:THREE even after retrying
2019-09-25 12:57:44,083 [IPC Server handler 0 on 41989] ERROR block.BlockManagerImpl (BlockManagerImpl.java:allocateBlock(222)) - Unable to allocate a block for the size: 4194304, type: RATIS, factor: THREE
2019-09-25 12:57:44,083 [IPC Server handler 0 on 41989] INFO  pipeline.PipelinePlacementPolicy (PipelinePlacementPolicy.java:meetCriteria(91)) - Pipeline Placement: can't place more pipeline on heavy datanode： d60bfa88-4f5c-40e2-9e6f-04cdce80ae19 Heaviness: 6 limit: 5
2019-09-25 12:57:44,083 [IPC Server handler 0 on 41989] INFO  pipeline.PipelinePlacementPolicy (PipelinePlacementPolicy.java:meetCriteria(91)) - Pipeline Placement: can't place more pipeline on heavy datanode： 05c10ba5-9820-4ddb-94b6-a7ebb5af4f34 Heaviness: 6 limit: 5
2019-09-25 12:57:44,084 [IPC Server handler 0 on 41989] INFO  pipeline.PipelinePlacementPolicy (PipelinePlacementPolicy.java:meetCriteria(91)) - Pipeline Placement: can't place more pipeline on heavy datanode： 82a69ee4-b3af-4378-aabd-e501c7175382 Heaviness: 6 limit: 5
2019-09-25 12:57:44,084 [IPC Server handler 0 on 41989] INFO  pipeline.PipelinePlacementPolicy (PipelinePlacementPolicy.java:meetCriteria(91)) - Pipeline Placement: can't place more pipeline on heavy datanode： 548f63c1-ecb3-4338-9923-ba2d46dbaf7d Heaviness: 6 limit: 5
2019-09-25 12:57:44,084 [IPC Server handler 0 on 41989] INFO  pipeline.PipelinePlacementPolicy (PipelinePlacementPolicy.java:meetCriteria(91)) - Pipeline Placement: can't place more pipeline on heavy datanode： 1ad4e210-16ea-448d-9c83-11669c9ee3b6 Heaviness: 6 limit: 5
2019-09-25 12:57:44,084 [IPC Server handler 0 on 41989] ERROR pipeline.PipelinePlacementPolicy (PipelinePlacementPolicy.java:filterViableNodes(148)) - Unable to find enough nodes that meet the criteria that cannot engage in more than 5 pipelines. Nodes required: 3 Found: 0, healthy nodes count inNodeManager: 5.
2019-09-25 12:57:44,084 [IPC Server handler 0 on 41989] ERROR pipeline.SCMPipelineManager (SCMPipelineManager.java:createPipeline(167)) - Pipeline creation failed.
org.apache.hadoop.hdds.scm.exceptions.SCMException: Unable to find enough nodes that meet the criteria that cannot engage in more than 5 pipelines. Nodes required: 3 Found: 0, healthy nodes count inNodeManager: 5.
	at org.apache.hadoop.hdds.scm.pipeline.PipelinePlacementPolicy.filterViableNodes(PipelinePlacementPolicy.java:149)
	at org.apache.hadoop.hdds.scm.pipeline.PipelinePlacementPolicy.chooseDatanodes(PipelinePlacementPolicy.java:172)
	at org.apache.hadoop.hdds.scm.pipeline.RatisPipelineProvider.create(RatisPipelineProvider.java:93)
	at org.apache.hadoop.hdds.scm.pipeline.PipelineFactory.create(PipelineFactory.java:58)
	at org.apache.hadoop.hdds.scm.pipeline.SCMPipelineManager.createPipeline(SCMPipelineManager.java:155)
	at org.apache.hadoop.hdds.scm.block.BlockManagerImpl.allocateBlock(BlockManagerImpl.java:190)
	at org.apache.hadoop.hdds.scm.server.SCMBlockProtocolServer.allocateBlock(SCMBlockProtocolServer.java:182)
	at org.apache.hadoop.ozone.protocolPB.ScmBlockLocationProtocolServerSideTranslatorPB.allocateScmBlock(ScmBlockLocationProtocolServerSideTranslatorPB.java:183)
	at org.apache.hadoop.ozone.protocolPB.ScmBlockLocationProtocolServerSideTranslatorPB.processMessage(ScmBlockLocationProtocolServerSideTranslatorPB.java:141)
	at org.apache.hadoop.ozone.protocolPB.ScmBlockLocationProtocolServerSideTranslatorPB.send(ScmBlockLocationProtocolServerSideTranslatorPB.java:116)
	at org.apache.hadoop.hdds.protocol.proto.ScmBlockLocationProtocolProtos$ScmBlockLocationProtocolService$2.callBlockingMethod(ScmBlockLocationProtocolProtos.java:13157)
	at org.apache.hadoop.ipc.ProtobufRpcEngine$Server$ProtoBufRpcInvoker.call(ProtobufRpcEngine.java:524)
	at org.apache.hadoop.ipc.RPC$Server.call(RPC.java:1025)
	at org.apache.hadoop.ipc.Server$RpcCall.run(Server.java:876)
	at org.apache.hadoop.ipc.Server$RpcCall.run(Server.java:822)
	at java.security.AccessController.doPrivileged(Native Method)
	at javax.security.auth.Subject.doAs(Subject.java:422)
	at org.apache.hadoop.security.UserGroupInformation.doAs(UserGroupInformation.java:1730)
	at org.apache.hadoop.ipc.Server$Handler.run(Server.java:2682)
2019-09-25 12:57:44,085 [IPC Server handler 0 on 41989] WARN  block.BlockManagerImpl (BlockManagerImpl.java:allocateBlock(192)) - Pipeline creation failed for type:RATIS factor:THREE. Retrying get pipelines call once.
org.apache.hadoop.hdds.scm.exceptions.SCMException: Unable to find enough nodes that meet the criteria that cannot engage in more than 5 pipelines. Nodes required: 3 Found: 0, healthy nodes count inNodeManager: 5.
	at org.apache.hadoop.hdds.scm.pipeline.PipelinePlacementPolicy.filterViableNodes(PipelinePlacementPolicy.java:149)
	at org.apache.hadoop.hdds.scm.pipeline.PipelinePlacementPolicy.chooseDatanodes(PipelinePlacementPolicy.java:172)
	at org.apache.hadoop.hdds.scm.pipeline.RatisPipelineProvider.create(RatisPipelineProvider.java:93)
	at org.apache.hadoop.hdds.scm.pipeline.PipelineFactory.create(PipelineFactory.java:58)
	at org.apache.hadoop.hdds.scm.pipeline.SCMPipelineManager.createPipeline(SCMPipelineManager.java:155)
	at org.apache.hadoop.hdds.scm.block.BlockManagerImpl.allocateBlock(BlockManagerImpl.java:190)
	at org.apache.hadoop.hdds.scm.server.SCMBlockProtocolServer.allocateBlock(SCMBlockProtocolServer.java:182)
	at org.apache.hadoop.ozone.protocolPB.ScmBlockLocationProtocolServerSideTranslatorPB.allocateScmBlock(ScmBlockLocationProtocolServerSideTranslatorPB.java:183)
	at org.apache.hadoop.ozone.protocolPB.ScmBlockLocationProtocolServerSideTranslatorPB.processMessage(ScmBlockLocationProtocolServerSideTranslatorPB.java:141)
	at org.apache.hadoop.ozone.protocolPB.ScmBlockLocationProtocolServerSideTranslatorPB.send(ScmBlockLocationProtocolServerSideTranslatorPB.java:116)
	at org.apache.hadoop.hdds.protocol.proto.ScmBlockLocationProtocolProtos$ScmBlockLocationProtocolService$2.callBlockingMethod(ScmBlockLocationProtocolProtos.java:13157)
	at org.apache.hadoop.ipc.ProtobufRpcEngine$Server$ProtoBufRpcInvoker.call(ProtobufRpcEngine.java:524)
	at org.apache.hadoop.ipc.RPC$Server.call(RPC.java:1025)
	at org.apache.hadoop.ipc.Server$RpcCall.run(Server.java:876)
	at org.apache.hadoop.ipc.Server$RpcCall.run(Server.java:822)
	at java.security.AccessController.doPrivileged(Native Method)
	at javax.security.auth.Subject.doAs(Subject.java:422)
	at org.apache.hadoop.security.UserGroupInformation.doAs(UserGroupInformation.java:1730)
	at org.apache.hadoop.ipc.Server$Handler.run(Server.java:2682)
2019-09-25 12:57:44,085 [IPC Server handler 0 on 41989] INFO  block.BlockManagerImpl (BlockManagerImpl.java:allocateBlock(198)) - Could not find available pipeline of type:RATIS and factor:THREE even after retrying
2019-09-25 12:57:44,085 [IPC Server handler 0 on 41989] ERROR block.BlockManagerImpl (BlockManagerImpl.java:allocateBlock(222)) - Unable to allocate a block for the size: 4194304, type: RATIS, factor: THREE
2019-09-25 12:57:44,087 [pool-74-thread-3] ERROR freon.RandomKeyGenerator (RandomKeyGenerator.java:createKey(733)) - Exception while adding key: key-0-30171 in bucket: bucket-0-30473 of volume: vol-0-00871.
INTERNAL_ERROR org.apache.hadoop.ozone.om.exceptions.OMException: Allocated 0 blocks. Requested 5 blocks
	at org.apache.hadoop.ozone.om.protocolPB.OzoneManagerProtocolClientSideTranslatorPB.handleError(OzoneManagerProtocolClientSideTranslatorPB.java:732)
	at org.apache.hadoop.ozone.om.protocolPB.OzoneManagerProtocolClientSideTranslatorPB.openKey(OzoneManagerProtocolClientSideTranslatorPB.java:723)
	at sun.reflect.NativeMethodAccessorImpl.invoke0(Native Method)
	at sun.reflect.NativeMethodAccessorImpl.invoke(NativeMethodAccessorImpl.java:62)
	at sun.reflect.DelegatingMethodAccessorImpl.invoke(DelegatingMethodAccessorImpl.java:43)
	at java.lang.reflect.Method.invoke(Method.java:498)
	at org.apache.hadoop.hdds.tracing.TraceAllMethod.invoke(TraceAllMethod.java:66)
	at com.sun.proxy.$Proxy37.openKey(Unknown Source)
	at org.apache.hadoop.ozone.client.rpc.RpcClient.createKey(RpcClient.java:614)
	at org.apache.hadoop.ozone.client.OzoneBucket.createKey(OzoneBucket.java:325)
	at org.apache.hadoop.ozone.freon.RandomKeyGenerator.createKey(RandomKeyGenerator.java:695)
	at org.apache.hadoop.ozone.freon.RandomKeyGenerator.access$1100(RandomKeyGenerator.java:88)
	at org.apache.hadoop.ozone.freon.RandomKeyGenerator$ObjectCreator.run(RandomKeyGenerator.java:615)
	at java.util.concurrent.Executors$RunnableAdapter.call(Executors.java:511)
	at java.util.concurrent.FutureTask.run(FutureTask.java:266)
	at java.util.concurrent.ThreadPoolExecutor.runWorker(ThreadPoolExecutor.java:1149)
	at java.util.concurrent.ThreadPoolExecutor$Worker.run(ThreadPoolExecutor.java:624)
	at java.lang.Thread.run(Thread.java:748)
 0.00% |█                                                                                                    |  0/1 Time: 0:00:01 0.00% |█                                                                                                    |  0/1 Time: 0:00:02 0.00% |█                                                                                                    |  0/1 Time: 0:00:03 0.00% |█                                                                                                    |  0/1 Time: 0:00:04 100.00% |█████████████████████████████████████████████████████████████████████████████████████████████████████|  1/1 Time: 0:00:05
]]></system-out>
  </testcase>
  <testcase name="validateWriteTest" classname="org.apache.hadoop.ozone.freon.TestDataValidateWithUnsafeByteOperations" time="10.028">
    <error message="Allocated 0 blocks. Requested 1 blocks" type="INTERNAL_ERROR org.apache.hadoop.ozone.om.exceptions.OMException">INTERNAL_ERROR org.apache.hadoop.ozone.om.exceptions.OMException: Allocated 0 blocks. Requested 1 blocks
	at org.apache.hadoop.ozone.om.protocolPB.OzoneManagerProtocolClientSideTranslatorPB.handleError(OzoneManagerProtocolClientSideTranslatorPB.java:732)
	at org.apache.hadoop.ozone.om.protocolPB.OzoneManagerProtocolClientSideTranslatorPB.openKey(OzoneManagerProtocolClientSideTranslatorPB.java:723)
	at sun.reflect.NativeMethodAccessorImpl.invoke0(Native Method)
	at sun.reflect.NativeMethodAccessorImpl.invoke(NativeMethodAccessorImpl.java:62)
	at sun.reflect.DelegatingMethodAccessorImpl.invoke(DelegatingMethodAccessorImpl.java:43)
	at java.lang.reflect.Method.invoke(Method.java:498)
	at org.apache.hadoop.hdds.tracing.TraceAllMethod.invoke(TraceAllMethod.java:66)
	at com.sun.proxy.$Proxy37.openKey(Unknown Source)
	at org.apache.hadoop.ozone.client.rpc.RpcClient.createKey(RpcClient.java:614)
	at org.apache.hadoop.ozone.client.OzoneBucket.createKey(OzoneBucket.java:325)
	at org.apache.hadoop.ozone.freon.RandomKeyGenerator.createKey(RandomKeyGenerator.java:695)
	at org.apache.hadoop.ozone.freon.RandomKeyGenerator.access$1100(RandomKeyGenerator.java:88)
	at org.apache.hadoop.ozone.freon.RandomKeyGenerator$ObjectCreator.run(RandomKeyGenerator.java:615)
	at java.util.concurrent.Executors$RunnableAdapter.call(Executors.java:511)
	at java.util.concurrent.FutureTask.run(FutureTask.java:266)
	at java.util.concurrent.ThreadPoolExecutor.runWorker(ThreadPoolExecutor.java:1149)
	at java.util.concurrent.ThreadPoolExecutor$Worker.run(ThreadPoolExecutor.java:624)
	at java.lang.Thread.run(Thread.java:748)
</error>
    <system-out><![CDATA[2019-09-25 12:57:54,072 [main] INFO  freon.RandomKeyGenerator (RandomKeyGenerator.java:call(283)) - Number of Threads: 10
2019-09-25 12:57:54,072 [main] INFO  freon.RandomKeyGenerator (RandomKeyGenerator.java:call(288)) - Number of Volumes: 2.
2019-09-25 12:57:54,073 [main] INFO  freon.RandomKeyGenerator (RandomKeyGenerator.java:call(289)) - Number of Buckets per Volume: 5.
2019-09-25 12:57:54,073 [main] INFO  freon.RandomKeyGenerator (RandomKeyGenerator.java:call(290)) - Number of Keys per Bucket: 10.
2019-09-25 12:57:54,073 [main] INFO  freon.RandomKeyGenerator (RandomKeyGenerator.java:call(291)) - Key size: 10240 bytes
2019-09-25 12:57:54,073 [main] INFO  freon.RandomKeyGenerator (RandomKeyGenerator.java:call(292)) - Buffer size: 4096 bytes
2019-09-25 12:57:54,073 [main] INFO  freon.RandomKeyGenerator (RandomKeyGenerator.java:call(293)) - validateWrites : true
2019-09-25 12:57:54,074 [pool-75-thread-1] INFO  rpc.RpcClient (RpcClient.java:createVolume(276)) - Creating Volume: vol-0-99258, with jenkins1000 as owner.
2019-09-25 12:57:54,075 [pool-75-thread-2] INFO  rpc.RpcClient (RpcClient.java:createVolume(276)) - Creating Volume: vol-1-35066, with jenkins1000 as owner.
2019-09-25 12:57:54,077 [main] INFO  freon.RandomKeyGenerator (RandomKeyGenerator.java:call(307)) - Data validation is enabled.
2019-09-25 12:57:54,077 [main] INFO  freon.RandomKeyGenerator (RandomKeyGenerator.java:call(313)) - Starting progress bar Thread.

 0.00% |█                                                                                                    |  0/100 Time: 0:00:002019-09-25 12:57:54,079 [IPC Server handler 3 on 35361] INFO  volume.OMVolumeCreateRequest (OMVolumeCreateRequest.java:validateAndUpdateCache(189)) - created volume:vol-0-99258 for user:jenkins1000
2019-09-25 12:57:54,087 [pool-75-thread-1] INFO  rpc.RpcClient (RpcClient.java:createBucket(415)) - Creating Bucket: vol-0-99258/bucket-4-47961, with Versioning false and Storage Type set to DISK and Encryption set to false 
2019-09-25 12:57:54,088 [pool-75-thread-3] INFO  rpc.RpcClient (RpcClient.java:createBucket(415)) - Creating Bucket: vol-0-99258/bucket-0-42732, with Versioning false and Storage Type set to DISK and Encryption set to false 
2019-09-25 12:57:54,088 [pool-75-thread-5] INFO  rpc.RpcClient (RpcClient.java:createBucket(415)) - Creating Bucket: vol-0-99258/bucket-1-23072, with Versioning false and Storage Type set to DISK and Encryption set to false 
2019-09-25 12:57:54,089 [IPC Server handler 15 on 35361] INFO  volume.OMVolumeCreateRequest (OMVolumeCreateRequest.java:validateAndUpdateCache(189)) - created volume:vol-1-35066 for user:jenkins1000
2019-09-25 12:57:54,094 [pool-75-thread-2] INFO  rpc.RpcClient (RpcClient.java:createBucket(415)) - Creating Bucket: vol-1-35066/bucket-4-90286, with Versioning false and Storage Type set to DISK and Encryption set to false 
2019-09-25 12:57:54,097 [pool-75-thread-9] INFO  rpc.RpcClient (RpcClient.java:createBucket(415)) - Creating Bucket: vol-0-99258/bucket-3-72035, with Versioning false and Storage Type set to DISK and Encryption set to false 
2019-09-25 12:57:54,098 [pool-75-thread-7] INFO  rpc.RpcClient (RpcClient.java:createBucket(415)) - Creating Bucket: vol-0-99258/bucket-2-75090, with Versioning false and Storage Type set to DISK and Encryption set to false 
2019-09-25 12:57:54,098 [pool-75-thread-8] INFO  rpc.RpcClient (RpcClient.java:createBucket(415)) - Creating Bucket: vol-1-35066/bucket-2-72621, with Versioning false and Storage Type set to DISK and Encryption set to false 
2019-09-25 12:57:54,098 [pool-75-thread-4] INFO  rpc.RpcClient (RpcClient.java:createBucket(415)) - Creating Bucket: vol-1-35066/bucket-0-55204, with Versioning false and Storage Type set to DISK and Encryption set to false 
2019-09-25 12:57:54,098 [pool-75-thread-10] INFO  rpc.RpcClient (RpcClient.java:createBucket(415)) - Creating Bucket: vol-1-35066/bucket-3-93647, with Versioning false and Storage Type set to DISK and Encryption set to false 
2019-09-25 12:57:54,098 [pool-75-thread-6] INFO  rpc.RpcClient (RpcClient.java:createBucket(415)) - Creating Bucket: vol-1-35066/bucket-1-05661, with Versioning false and Storage Type set to DISK and Encryption set to false 
2019-09-25 12:57:54,102 [IPC Server handler 19 on 41989] INFO  pipeline.PipelinePlacementPolicy (PipelinePlacementPolicy.java:meetCriteria(91)) - Pipeline Placement: can't place more pipeline on heavy datanode： d60bfa88-4f5c-40e2-9e6f-04cdce80ae19 Heaviness: 6 limit: 5
2019-09-25 12:57:54,103 [IPC Server handler 19 on 41989] INFO  pipeline.PipelinePlacementPolicy (PipelinePlacementPolicy.java:meetCriteria(91)) - Pipeline Placement: can't place more pipeline on heavy datanode： 05c10ba5-9820-4ddb-94b6-a7ebb5af4f34 Heaviness: 6 limit: 5
2019-09-25 12:57:54,103 [IPC Server handler 19 on 41989] INFO  pipeline.PipelinePlacementPolicy (PipelinePlacementPolicy.java:meetCriteria(91)) - Pipeline Placement: can't place more pipeline on heavy datanode： 82a69ee4-b3af-4378-aabd-e501c7175382 Heaviness: 6 limit: 5
2019-09-25 12:57:54,103 [IPC Server handler 19 on 41989] INFO  pipeline.PipelinePlacementPolicy (PipelinePlacementPolicy.java:meetCriteria(91)) - Pipeline Placement: can't place more pipeline on heavy datanode： 548f63c1-ecb3-4338-9923-ba2d46dbaf7d Heaviness: 6 limit: 5
2019-09-25 12:57:54,103 [IPC Server handler 19 on 41989] INFO  pipeline.PipelinePlacementPolicy (PipelinePlacementPolicy.java:meetCriteria(91)) - Pipeline Placement: can't place more pipeline on heavy datanode： 1ad4e210-16ea-448d-9c83-11669c9ee3b6 Heaviness: 6 limit: 5
2019-09-25 12:57:54,103 [IPC Server handler 19 on 41989] ERROR pipeline.PipelinePlacementPolicy (PipelinePlacementPolicy.java:filterViableNodes(148)) - Unable to find enough nodes that meet the criteria that cannot engage in more than 5 pipelines. Nodes required: 3 Found: 0, healthy nodes count inNodeManager: 5.
2019-09-25 12:57:54,104 [IPC Server handler 19 on 41989] ERROR pipeline.SCMPipelineManager (SCMPipelineManager.java:createPipeline(167)) - Pipeline creation failed.
org.apache.hadoop.hdds.scm.exceptions.SCMException: Unable to find enough nodes that meet the criteria that cannot engage in more than 5 pipelines. Nodes required: 3 Found: 0, healthy nodes count inNodeManager: 5.
	at org.apache.hadoop.hdds.scm.pipeline.PipelinePlacementPolicy.filterViableNodes(PipelinePlacementPolicy.java:149)
	at org.apache.hadoop.hdds.scm.pipeline.PipelinePlacementPolicy.chooseDatanodes(PipelinePlacementPolicy.java:172)
	at org.apache.hadoop.hdds.scm.pipeline.RatisPipelineProvider.create(RatisPipelineProvider.java:93)
	at org.apache.hadoop.hdds.scm.pipeline.PipelineFactory.create(PipelineFactory.java:58)
	at org.apache.hadoop.hdds.scm.pipeline.SCMPipelineManager.createPipeline(SCMPipelineManager.java:155)
	at org.apache.hadoop.hdds.scm.block.BlockManagerImpl.allocateBlock(BlockManagerImpl.java:190)
	at org.apache.hadoop.hdds.scm.server.SCMBlockProtocolServer.allocateBlock(SCMBlockProtocolServer.java:182)
	at org.apache.hadoop.ozone.protocolPB.ScmBlockLocationProtocolServerSideTranslatorPB.allocateScmBlock(ScmBlockLocationProtocolServerSideTranslatorPB.java:183)
	at org.apache.hadoop.ozone.protocolPB.ScmBlockLocationProtocolServerSideTranslatorPB.processMessage(ScmBlockLocationProtocolServerSideTranslatorPB.java:141)
	at org.apache.hadoop.ozone.protocolPB.ScmBlockLocationProtocolServerSideTranslatorPB.send(ScmBlockLocationProtocolServerSideTranslatorPB.java:116)
	at org.apache.hadoop.hdds.protocol.proto.ScmBlockLocationProtocolProtos$ScmBlockLocationProtocolService$2.callBlockingMethod(ScmBlockLocationProtocolProtos.java:13157)
	at org.apache.hadoop.ipc.ProtobufRpcEngine$Server$ProtoBufRpcInvoker.call(ProtobufRpcEngine.java:524)
	at org.apache.hadoop.ipc.RPC$Server.call(RPC.java:1025)
	at org.apache.hadoop.ipc.Server$RpcCall.run(Server.java:876)
	at org.apache.hadoop.ipc.Server$RpcCall.run(Server.java:822)
	at java.security.AccessController.doPrivileged(Native Method)
	at javax.security.auth.Subject.doAs(Subject.java:422)
	at org.apache.hadoop.security.UserGroupInformation.doAs(UserGroupInformation.java:1730)
	at org.apache.hadoop.ipc.Server$Handler.run(Server.java:2682)
2019-09-25 12:57:54,104 [IPC Server handler 19 on 41989] WARN  block.BlockManagerImpl (BlockManagerImpl.java:allocateBlock(192)) - Pipeline creation failed for type:RATIS factor:THREE. Retrying get pipelines call once.
org.apache.hadoop.hdds.scm.exceptions.SCMException: Unable to find enough nodes that meet the criteria that cannot engage in more than 5 pipelines. Nodes required: 3 Found: 0, healthy nodes count inNodeManager: 5.
	at org.apache.hadoop.hdds.scm.pipeline.PipelinePlacementPolicy.filterViableNodes(PipelinePlacementPolicy.java:149)
	at org.apache.hadoop.hdds.scm.pipeline.PipelinePlacementPolicy.chooseDatanodes(PipelinePlacementPolicy.java:172)
	at org.apache.hadoop.hdds.scm.pipeline.RatisPipelineProvider.create(RatisPipelineProvider.java:93)
	at org.apache.hadoop.hdds.scm.pipeline.PipelineFactory.create(PipelineFactory.java:58)
	at org.apache.hadoop.hdds.scm.pipeline.SCMPipelineManager.createPipeline(SCMPipelineManager.java:155)
	at org.apache.hadoop.hdds.scm.block.BlockManagerImpl.allocateBlock(BlockManagerImpl.java:190)
	at org.apache.hadoop.hdds.scm.server.SCMBlockProtocolServer.allocateBlock(SCMBlockProtocolServer.java:182)
	at org.apache.hadoop.ozone.protocolPB.ScmBlockLocationProtocolServerSideTranslatorPB.allocateScmBlock(ScmBlockLocationProtocolServerSideTranslatorPB.java:183)
	at org.apache.hadoop.ozone.protocolPB.ScmBlockLocationProtocolServerSideTranslatorPB.processMessage(ScmBlockLocationProtocolServerSideTranslatorPB.java:141)
	at org.apache.hadoop.ozone.protocolPB.ScmBlockLocationProtocolServerSideTranslatorPB.send(ScmBlockLocationProtocolServerSideTranslatorPB.java:116)
	at org.apache.hadoop.hdds.protocol.proto.ScmBlockLocationProtocolProtos$ScmBlockLocationProtocolService$2.callBlockingMethod(ScmBlockLocationProtocolProtos.java:13157)
	at org.apache.hadoop.ipc.ProtobufRpcEngine$Server$ProtoBufRpcInvoker.call(ProtobufRpcEngine.java:524)
	at org.apache.hadoop.ipc.RPC$Server.call(RPC.java:1025)
	at org.apache.hadoop.ipc.Server$RpcCall.run(Server.java:876)
	at org.apache.hadoop.ipc.Server$RpcCall.run(Server.java:822)
	at java.security.AccessController.doPrivileged(Native Method)
	at javax.security.auth.Subject.doAs(Subject.java:422)
	at org.apache.hadoop.security.UserGroupInformation.doAs(UserGroupInformation.java:1730)
	at org.apache.hadoop.ipc.Server$Handler.run(Server.java:2682)
2019-09-25 12:57:54,105 [IPC Server handler 19 on 41989] INFO  block.BlockManagerImpl (BlockManagerImpl.java:allocateBlock(198)) - Could not find available pipeline of type:RATIS and factor:THREE even after retrying
2019-09-25 12:57:54,105 [IPC Server handler 19 on 41989] ERROR block.BlockManagerImpl (BlockManagerImpl.java:allocateBlock(222)) - Unable to allocate a block for the size: 4194304, type: RATIS, factor: THREE
2019-09-25 12:57:54,106 [pool-75-thread-3] ERROR freon.RandomKeyGenerator (RandomKeyGenerator.java:createKey(733)) - Exception while adding key: key-0-19728 in bucket: bucket-1-23072 of volume: vol-0-99258.
INTERNAL_ERROR org.apache.hadoop.ozone.om.exceptions.OMException: Allocated 0 blocks. Requested 1 blocks
	at org.apache.hadoop.ozone.om.protocolPB.OzoneManagerProtocolClientSideTranslatorPB.handleError(OzoneManagerProtocolClientSideTranslatorPB.java:732)
	at org.apache.hadoop.ozone.om.protocolPB.OzoneManagerProtocolClientSideTranslatorPB.openKey(OzoneManagerProtocolClientSideTranslatorPB.java:723)
	at sun.reflect.NativeMethodAccessorImpl.invoke0(Native Method)
	at sun.reflect.NativeMethodAccessorImpl.invoke(NativeMethodAccessorImpl.java:62)
	at sun.reflect.DelegatingMethodAccessorImpl.invoke(DelegatingMethodAccessorImpl.java:43)
	at java.lang.reflect.Method.invoke(Method.java:498)
	at org.apache.hadoop.hdds.tracing.TraceAllMethod.invoke(TraceAllMethod.java:66)
	at com.sun.proxy.$Proxy37.openKey(Unknown Source)
	at org.apache.hadoop.ozone.client.rpc.RpcClient.createKey(RpcClient.java:614)
	at org.apache.hadoop.ozone.client.OzoneBucket.createKey(OzoneBucket.java:325)
	at org.apache.hadoop.ozone.freon.RandomKeyGenerator.createKey(RandomKeyGenerator.java:695)
	at org.apache.hadoop.ozone.freon.RandomKeyGenerator.access$1100(RandomKeyGenerator.java:88)
	at org.apache.hadoop.ozone.freon.RandomKeyGenerator$ObjectCreator.run(RandomKeyGenerator.java:615)
	at java.util.concurrent.Executors$RunnableAdapter.call(Executors.java:511)
	at java.util.concurrent.FutureTask.run(FutureTask.java:266)
	at java.util.concurrent.ThreadPoolExecutor.runWorker(ThreadPoolExecutor.java:1149)
	at java.util.concurrent.ThreadPoolExecutor$Worker.run(ThreadPoolExecutor.java:624)
	at java.lang.Thread.run(Thread.java:748)
2019-09-25 12:57:54,133 [IPC Server handler 17 on 41989] INFO  pipeline.PipelinePlacementPolicy (PipelinePlacementPolicy.java:meetCriteria(91)) - Pipeline Placement: can't place more pipeline on heavy datanode： d60bfa88-4f5c-40e2-9e6f-04cdce80ae19 Heaviness: 6 limit: 5
2019-09-25 12:57:54,134 [IPC Server handler 17 on 41989] INFO  pipeline.PipelinePlacementPolicy (PipelinePlacementPolicy.java:meetCriteria(91)) - Pipeline Placement: can't place more pipeline on heavy datanode： 05c10ba5-9820-4ddb-94b6-a7ebb5af4f34 Heaviness: 6 limit: 5
2019-09-25 12:57:54,134 [IPC Server handler 17 on 41989] INFO  pipeline.PipelinePlacementPolicy (PipelinePlacementPolicy.java:meetCriteria(91)) - Pipeline Placement: can't place more pipeline on heavy datanode： 82a69ee4-b3af-4378-aabd-e501c7175382 Heaviness: 6 limit: 5
2019-09-25 12:57:54,136 [IPC Server handler 17 on 41989] INFO  pipeline.PipelinePlacementPolicy (PipelinePlacementPolicy.java:meetCriteria(91)) - Pipeline Placement: can't place more pipeline on heavy datanode： 548f63c1-ecb3-4338-9923-ba2d46dbaf7d Heaviness: 6 limit: 5
2019-09-25 12:57:54,136 [IPC Server handler 17 on 41989] INFO  pipeline.PipelinePlacementPolicy (PipelinePlacementPolicy.java:meetCriteria(91)) - Pipeline Placement: can't place more pipeline on heavy datanode： 1ad4e210-16ea-448d-9c83-11669c9ee3b6 Heaviness: 6 limit: 5
2019-09-25 12:57:54,137 [IPC Server handler 17 on 41989] ERROR pipeline.PipelinePlacementPolicy (PipelinePlacementPolicy.java:filterViableNodes(148)) - Unable to find enough nodes that meet the criteria that cannot engage in more than 5 pipelines. Nodes required: 3 Found: 0, healthy nodes count inNodeManager: 5.
2019-09-25 12:57:54,137 [IPC Server handler 17 on 41989] ERROR pipeline.SCMPipelineManager (SCMPipelineManager.java:createPipeline(167)) - Pipeline creation failed.
org.apache.hadoop.hdds.scm.exceptions.SCMException: Unable to find enough nodes that meet the criteria that cannot engage in more than 5 pipelines. Nodes required: 3 Found: 0, healthy nodes count inNodeManager: 5.
	at org.apache.hadoop.hdds.scm.pipeline.PipelinePlacementPolicy.filterViableNodes(PipelinePlacementPolicy.java:149)
	at org.apache.hadoop.hdds.scm.pipeline.PipelinePlacementPolicy.chooseDatanodes(PipelinePlacementPolicy.java:172)
	at org.apache.hadoop.hdds.scm.pipeline.RatisPipelineProvider.create(RatisPipelineProvider.java:93)
	at org.apache.hadoop.hdds.scm.pipeline.PipelineFactory.create(PipelineFactory.java:58)
	at org.apache.hadoop.hdds.scm.pipeline.SCMPipelineManager.createPipeline(SCMPipelineManager.java:155)
	at org.apache.hadoop.hdds.scm.block.BlockManagerImpl.allocateBlock(BlockManagerImpl.java:190)
	at org.apache.hadoop.hdds.scm.server.SCMBlockProtocolServer.allocateBlock(SCMBlockProtocolServer.java:182)
	at org.apache.hadoop.ozone.protocolPB.ScmBlockLocationProtocolServerSideTranslatorPB.allocateScmBlock(ScmBlockLocationProtocolServerSideTranslatorPB.java:183)
	at org.apache.hadoop.ozone.protocolPB.ScmBlockLocationProtocolServerSideTranslatorPB.processMessage(ScmBlockLocationProtocolServerSideTranslatorPB.java:141)
	at org.apache.hadoop.ozone.protocolPB.ScmBlockLocationProtocolServerSideTranslatorPB.send(ScmBlockLocationProtocolServerSideTranslatorPB.java:116)
	at org.apache.hadoop.hdds.protocol.proto.ScmBlockLocationProtocolProtos$ScmBlockLocationProtocolService$2.callBlockingMethod(ScmBlockLocationProtocolProtos.java:13157)
	at org.apache.hadoop.ipc.ProtobufRpcEngine$Server$ProtoBufRpcInvoker.call(ProtobufRpcEngine.java:524)
	at org.apache.hadoop.ipc.RPC$Server.call(RPC.java:1025)
	at org.apache.hadoop.ipc.Server$RpcCall.run(Server.java:876)
	at org.apache.hadoop.ipc.Server$RpcCall.run(Server.java:822)
	at java.security.AccessController.doPrivileged(Native Method)
	at javax.security.auth.Subject.doAs(Subject.java:422)
	at org.apache.hadoop.security.UserGroupInformation.doAs(UserGroupInformation.java:1730)
	at org.apache.hadoop.ipc.Server$Handler.run(Server.java:2682)
2019-09-25 12:57:54,138 [IPC Server handler 17 on 41989] WARN  block.BlockManagerImpl (BlockManagerImpl.java:allocateBlock(192)) - Pipeline creation failed for type:RATIS factor:THREE. Retrying get pipelines call once.
org.apache.hadoop.hdds.scm.exceptions.SCMException: Unable to find enough nodes that meet the criteria that cannot engage in more than 5 pipelines. Nodes required: 3 Found: 0, healthy nodes count inNodeManager: 5.
	at org.apache.hadoop.hdds.scm.pipeline.PipelinePlacementPolicy.filterViableNodes(PipelinePlacementPolicy.java:149)
	at org.apache.hadoop.hdds.scm.pipeline.PipelinePlacementPolicy.chooseDatanodes(PipelinePlacementPolicy.java:172)
	at org.apache.hadoop.hdds.scm.pipeline.RatisPipelineProvider.create(RatisPipelineProvider.java:93)
	at org.apache.hadoop.hdds.scm.pipeline.PipelineFactory.create(PipelineFactory.java:58)
	at org.apache.hadoop.hdds.scm.pipeline.SCMPipelineManager.createPipeline(SCMPipelineManager.java:155)
	at org.apache.hadoop.hdds.scm.block.BlockManagerImpl.allocateBlock(BlockManagerImpl.java:190)
	at org.apache.hadoop.hdds.scm.server.SCMBlockProtocolServer.allocateBlock(SCMBlockProtocolServer.java:182)
	at org.apache.hadoop.ozone.protocolPB.ScmBlockLocationProtocolServerSideTranslatorPB.allocateScmBlock(ScmBlockLocationProtocolServerSideTranslatorPB.java:183)
	at org.apache.hadoop.ozone.protocolPB.ScmBlockLocationProtocolServerSideTranslatorPB.processMessage(ScmBlockLocationProtocolServerSideTranslatorPB.java:141)
	at org.apache.hadoop.ozone.protocolPB.ScmBlockLocationProtocolServerSideTranslatorPB.send(ScmBlockLocationProtocolServerSideTranslatorPB.java:116)
	at org.apache.hadoop.hdds.protocol.proto.ScmBlockLocationProtocolProtos$ScmBlockLocationProtocolService$2.callBlockingMethod(ScmBlockLocationProtocolProtos.java:13157)
	at org.apache.hadoop.ipc.ProtobufRpcEngine$Server$ProtoBufRpcInvoker.call(ProtobufRpcEngine.java:524)
	at org.apache.hadoop.ipc.RPC$Server.call(RPC.java:1025)
	at org.apache.hadoop.ipc.Server$RpcCall.run(Server.java:876)
	at org.apache.hadoop.ipc.Server$RpcCall.run(Server.java:822)
	at java.security.AccessController.doPrivileged(Native Method)
	at javax.security.auth.Subject.doAs(Subject.java:422)
	at org.apache.hadoop.security.UserGroupInformation.doAs(UserGroupInformation.java:1730)
	at org.apache.hadoop.ipc.Server$Handler.run(Server.java:2682)
2019-09-25 12:57:54,138 [IPC Server handler 12 on 41989] INFO  pipeline.PipelinePlacementPolicy (PipelinePlacementPolicy.java:meetCriteria(91)) - Pipeline Placement: can't place more pipeline on heavy datanode： d60bfa88-4f5c-40e2-9e6f-04cdce80ae19 Heaviness: 6 limit: 5
2019-09-25 12:57:54,138 [IPC Server handler 12 on 41989] INFO  pipeline.PipelinePlacementPolicy (PipelinePlacementPolicy.java:meetCriteria(91)) - Pipeline Placement: can't place more pipeline on heavy datanode： 05c10ba5-9820-4ddb-94b6-a7ebb5af4f34 Heaviness: 6 limit: 5
2019-09-25 12:57:54,138 [IPC Server handler 12 on 41989] INFO  pipeline.PipelinePlacementPolicy (PipelinePlacementPolicy.java:meetCriteria(91)) - Pipeline Placement: can't place more pipeline on heavy datanode： 82a69ee4-b3af-4378-aabd-e501c7175382 Heaviness: 6 limit: 5
2019-09-25 12:57:54,138 [IPC Server handler 12 on 41989] INFO  pipeline.PipelinePlacementPolicy (PipelinePlacementPolicy.java:meetCriteria(91)) - Pipeline Placement: can't place more pipeline on heavy datanode： 548f63c1-ecb3-4338-9923-ba2d46dbaf7d Heaviness: 6 limit: 5
2019-09-25 12:57:54,138 [IPC Server handler 12 on 41989] INFO  pipeline.PipelinePlacementPolicy (PipelinePlacementPolicy.java:meetCriteria(91)) - Pipeline Placement: can't place more pipeline on heavy datanode： 1ad4e210-16ea-448d-9c83-11669c9ee3b6 Heaviness: 6 limit: 5
2019-09-25 12:57:54,139 [IPC Server handler 12 on 41989] ERROR pipeline.PipelinePlacementPolicy (PipelinePlacementPolicy.java:filterViableNodes(148)) - Unable to find enough nodes that meet the criteria that cannot engage in more than 5 pipelines. Nodes required: 3 Found: 0, healthy nodes count inNodeManager: 5.
2019-09-25 12:57:54,139 [IPC Server handler 12 on 41989] ERROR pipeline.SCMPipelineManager (SCMPipelineManager.java:createPipeline(167)) - Pipeline creation failed.
org.apache.hadoop.hdds.scm.exceptions.SCMException: Unable to find enough nodes that meet the criteria that cannot engage in more than 5 pipelines. Nodes required: 3 Found: 0, healthy nodes count inNodeManager: 5.
	at org.apache.hadoop.hdds.scm.pipeline.PipelinePlacementPolicy.filterViableNodes(PipelinePlacementPolicy.java:149)
	at org.apache.hadoop.hdds.scm.pipeline.PipelinePlacementPolicy.chooseDatanodes(PipelinePlacementPolicy.java:172)
	at org.apache.hadoop.hdds.scm.pipeline.RatisPipelineProvider.create(RatisPipelineProvider.java:93)
	at org.apache.hadoop.hdds.scm.pipeline.PipelineFactory.create(PipelineFactory.java:58)
	at org.apache.hadoop.hdds.scm.pipeline.SCMPipelineManager.createPipeline(SCMPipelineManager.java:155)
	at org.apache.hadoop.hdds.scm.block.BlockManagerImpl.allocateBlock(BlockManagerImpl.java:190)
	at org.apache.hadoop.hdds.scm.server.SCMBlockProtocolServer.allocateBlock(SCMBlockProtocolServer.java:182)
	at org.apache.hadoop.ozone.protocolPB.ScmBlockLocationProtocolServerSideTranslatorPB.allocateScmBlock(ScmBlockLocationProtocolServerSideTranslatorPB.java:183)
	at org.apache.hadoop.ozone.protocolPB.ScmBlockLocationProtocolServerSideTranslatorPB.processMessage(ScmBlockLocationProtocolServerSideTranslatorPB.java:141)
	at org.apache.hadoop.ozone.protocolPB.ScmBlockLocationProtocolServerSideTranslatorPB.send(ScmBlockLocationProtocolServerSideTranslatorPB.java:116)
	at org.apache.hadoop.hdds.protocol.proto.ScmBlockLocationProtocolProtos$ScmBlockLocationProtocolService$2.callBlockingMethod(ScmBlockLocationProtocolProtos.java:13157)
	at org.apache.hadoop.ipc.ProtobufRpcEngine$Server$ProtoBufRpcInvoker.call(ProtobufRpcEngine.java:524)
	at org.apache.hadoop.ipc.RPC$Server.call(RPC.java:1025)
	at org.apache.hadoop.ipc.Server$RpcCall.run(Server.java:876)
	at org.apache.hadoop.ipc.Server$RpcCall.run(Server.java:822)
	at java.security.AccessController.doPrivileged(Native Method)
	at javax.security.auth.Subject.doAs(Subject.java:422)
	at org.apache.hadoop.security.UserGroupInformation.doAs(UserGroupInformation.java:1730)
	at org.apache.hadoop.ipc.Server$Handler.run(Server.java:2682)
2019-09-25 12:57:54,139 [IPC Server handler 12 on 41989] WARN  block.BlockManagerImpl (BlockManagerImpl.java:allocateBlock(192)) - Pipeline creation failed for type:RATIS factor:THREE. Retrying get pipelines call once.
org.apache.hadoop.hdds.scm.exceptions.SCMException: Unable to find enough nodes that meet the criteria that cannot engage in more than 5 pipelines. Nodes required: 3 Found: 0, healthy nodes count inNodeManager: 5.
	at org.apache.hadoop.hdds.scm.pipeline.PipelinePlacementPolicy.filterViableNodes(PipelinePlacementPolicy.java:149)
	at org.apache.hadoop.hdds.scm.pipeline.PipelinePlacementPolicy.chooseDatanodes(PipelinePlacementPolicy.java:172)
	at org.apache.hadoop.hdds.scm.pipeline.RatisPipelineProvider.create(RatisPipelineProvider.java:93)
	at org.apache.hadoop.hdds.scm.pipeline.PipelineFactory.create(PipelineFactory.java:58)
	at org.apache.hadoop.hdds.scm.pipeline.SCMPipelineManager.createPipeline(SCMPipelineManager.java:155)
	at org.apache.hadoop.hdds.scm.block.BlockManagerImpl.allocateBlock(BlockManagerImpl.java:190)
	at org.apache.hadoop.hdds.scm.server.SCMBlockProtocolServer.allocateBlock(SCMBlockProtocolServer.java:182)
	at org.apache.hadoop.ozone.protocolPB.ScmBlockLocationProtocolServerSideTranslatorPB.allocateScmBlock(ScmBlockLocationProtocolServerSideTranslatorPB.java:183)
	at org.apache.hadoop.ozone.protocolPB.ScmBlockLocationProtocolServerSideTranslatorPB.processMessage(ScmBlockLocationProtocolServerSideTranslatorPB.java:141)
	at org.apache.hadoop.ozone.protocolPB.ScmBlockLocationProtocolServerSideTranslatorPB.send(ScmBlockLocationProtocolServerSideTranslatorPB.java:116)
	at org.apache.hadoop.hdds.protocol.proto.ScmBlockLocationProtocolProtos$ScmBlockLocationProtocolService$2.callBlockingMethod(ScmBlockLocationProtocolProtos.java:13157)
	at org.apache.hadoop.ipc.ProtobufRpcEngine$Server$ProtoBufRpcInvoker.call(ProtobufRpcEngine.java:524)
	at org.apache.hadoop.ipc.RPC$Server.call(RPC.java:1025)
	at org.apache.hadoop.ipc.Server$RpcCall.run(Server.java:876)
	at org.apache.hadoop.ipc.Server$RpcCall.run(Server.java:822)
	at java.security.AccessController.doPrivileged(Native Method)
	at javax.security.auth.Subject.doAs(Subject.java:422)
	at org.apache.hadoop.security.UserGroupInformation.doAs(UserGroupInformation.java:1730)
	at org.apache.hadoop.ipc.Server$Handler.run(Server.java:2682)
2019-09-25 12:57:54,140 [IPC Server handler 14 on 41989] INFO  pipeline.PipelinePlacementPolicy (PipelinePlacementPolicy.java:meetCriteria(91)) - Pipeline Placement: can't place more pipeline on heavy datanode： d60bfa88-4f5c-40e2-9e6f-04cdce80ae19 Heaviness: 6 limit: 5
2019-09-25 12:57:54,140 [IPC Server handler 17 on 41989] INFO  block.BlockManagerImpl (BlockManagerImpl.java:allocateBlock(198)) - Could not find available pipeline of type:RATIS and factor:THREE even after retrying
2019-09-25 12:57:54,140 [IPC Server handler 14 on 41989] INFO  pipeline.PipelinePlacementPolicy (PipelinePlacementPolicy.java:meetCriteria(91)) - Pipeline Placement: can't place more pipeline on heavy datanode： 05c10ba5-9820-4ddb-94b6-a7ebb5af4f34 Heaviness: 6 limit: 5
2019-09-25 12:57:54,140 [IPC Server handler 17 on 41989] ERROR block.BlockManagerImpl (BlockManagerImpl.java:allocateBlock(222)) - Unable to allocate a block for the size: 4194304, type: RATIS, factor: THREE
2019-09-25 12:57:54,140 [IPC Server handler 14 on 41989] INFO  pipeline.PipelinePlacementPolicy (PipelinePlacementPolicy.java:meetCriteria(91)) - Pipeline Placement: can't place more pipeline on heavy datanode： 82a69ee4-b3af-4378-aabd-e501c7175382 Heaviness: 6 limit: 5
2019-09-25 12:57:54,141 [IPC Server handler 14 on 41989] INFO  pipeline.PipelinePlacementPolicy (PipelinePlacementPolicy.java:meetCriteria(91)) - Pipeline Placement: can't place more pipeline on heavy datanode： 548f63c1-ecb3-4338-9923-ba2d46dbaf7d Heaviness: 6 limit: 5
2019-09-25 12:57:54,143 [IPC Server handler 14 on 41989] INFO  pipeline.PipelinePlacementPolicy (PipelinePlacementPolicy.java:meetCriteria(91)) - Pipeline Placement: can't place more pipeline on heavy datanode： 1ad4e210-16ea-448d-9c83-11669c9ee3b6 Heaviness: 6 limit: 5
2019-09-25 12:57:54,143 [IPC Server handler 14 on 41989] ERROR pipeline.PipelinePlacementPolicy (PipelinePlacementPolicy.java:filterViableNodes(148)) - Unable to find enough nodes that meet the criteria that cannot engage in more than 5 pipelines. Nodes required: 3 Found: 0, healthy nodes count inNodeManager: 5.
2019-09-25 12:57:54,143 [IPC Server handler 14 on 41989] ERROR pipeline.SCMPipelineManager (SCMPipelineManager.java:createPipeline(167)) - Pipeline creation failed.
org.apache.hadoop.hdds.scm.exceptions.SCMException: Unable to find enough nodes that meet the criteria that cannot engage in more than 5 pipelines. Nodes required: 3 Found: 0, healthy nodes count inNodeManager: 5.
	at org.apache.hadoop.hdds.scm.pipeline.PipelinePlacementPolicy.filterViableNodes(PipelinePlacementPolicy.java:149)
	at org.apache.hadoop.hdds.scm.pipeline.PipelinePlacementPolicy.chooseDatanodes(PipelinePlacementPolicy.java:172)
	at org.apache.hadoop.hdds.scm.pipeline.RatisPipelineProvider.create(RatisPipelineProvider.java:93)
	at org.apache.hadoop.hdds.scm.pipeline.PipelineFactory.create(PipelineFactory.java:58)
	at org.apache.hadoop.hdds.scm.pipeline.SCMPipelineManager.createPipeline(SCMPipelineManager.java:155)
	at org.apache.hadoop.hdds.scm.block.BlockManagerImpl.allocateBlock(BlockManagerImpl.java:190)
	at org.apache.hadoop.hdds.scm.server.SCMBlockProtocolServer.allocateBlock(SCMBlockProtocolServer.java:182)
	at org.apache.hadoop.ozone.protocolPB.ScmBlockLocationProtocolServerSideTranslatorPB.allocateScmBlock(ScmBlockLocationProtocolServerSideTranslatorPB.java:183)
	at org.apache.hadoop.ozone.protocolPB.ScmBlockLocationProtocolServerSideTranslatorPB.processMessage(ScmBlockLocationProtocolServerSideTranslatorPB.java:141)
	at org.apache.hadoop.ozone.protocolPB.ScmBlockLocationProtocolServerSideTranslatorPB.send(ScmBlockLocationProtocolServerSideTranslatorPB.java:116)
	at org.apache.hadoop.hdds.protocol.proto.ScmBlockLocationProtocolProtos$ScmBlockLocationProtocolService$2.callBlockingMethod(ScmBlockLocationProtocolProtos.java:13157)
	at org.apache.hadoop.ipc.ProtobufRpcEngine$Server$ProtoBufRpcInvoker.call(ProtobufRpcEngine.java:524)
	at org.apache.hadoop.ipc.RPC$Server.call(RPC.java:1025)
	at org.apache.hadoop.ipc.Server$RpcCall.run(Server.java:876)
	at org.apache.hadoop.ipc.Server$RpcCall.run(Server.java:822)
	at java.security.AccessController.doPrivileged(Native Method)
	at javax.security.auth.Subject.doAs(Subject.java:422)
	at org.apache.hadoop.security.UserGroupInformation.doAs(UserGroupInformation.java:1730)
	at org.apache.hadoop.ipc.Server$Handler.run(Server.java:2682)
2019-09-25 12:57:54,143 [pool-75-thread-1] ERROR freon.RandomKeyGenerator (RandomKeyGenerator.java:createKey(733)) - Exception while adding key: key-0-86190 in bucket: bucket-0-42732 of volume: vol-0-99258.
INTERNAL_ERROR org.apache.hadoop.ozone.om.exceptions.OMException: Allocated 0 blocks. Requested 1 blocks
	at org.apache.hadoop.ozone.om.protocolPB.OzoneManagerProtocolClientSideTranslatorPB.handleError(OzoneManagerProtocolClientSideTranslatorPB.java:732)
	at org.apache.hadoop.ozone.om.protocolPB.OzoneManagerProtocolClientSideTranslatorPB.openKey(OzoneManagerProtocolClientSideTranslatorPB.java:723)
	at sun.reflect.NativeMethodAccessorImpl.invoke0(Native Method)
	at sun.reflect.NativeMethodAccessorImpl.invoke(NativeMethodAccessorImpl.java:62)
	at sun.reflect.DelegatingMethodAccessorImpl.invoke(DelegatingMethodAccessorImpl.java:43)
	at java.lang.reflect.Method.invoke(Method.java:498)
	at org.apache.hadoop.hdds.tracing.TraceAllMethod.invoke(TraceAllMethod.java:66)
	at com.sun.proxy.$Proxy37.openKey(Unknown Source)
	at org.apache.hadoop.ozone.client.rpc.RpcClient.createKey(RpcClient.java:614)
	at org.apache.hadoop.ozone.client.OzoneBucket.createKey(OzoneBucket.java:325)
	at org.apache.hadoop.ozone.freon.RandomKeyGenerator.createKey(RandomKeyGenerator.java:695)
	at org.apache.hadoop.ozone.freon.RandomKeyGenerator.access$1100(RandomKeyGenerator.java:88)
	at org.apache.hadoop.ozone.freon.RandomKeyGenerator$ObjectCreator.run(RandomKeyGenerator.java:615)
	at java.util.concurrent.Executors$RunnableAdapter.call(Executors.java:511)
	at java.util.concurrent.FutureTask.run(FutureTask.java:266)
	at java.util.concurrent.ThreadPoolExecutor.runWorker(ThreadPoolExecutor.java:1149)
	at java.util.concurrent.ThreadPoolExecutor$Worker.run(ThreadPoolExecutor.java:624)
	at java.lang.Thread.run(Thread.java:748)
2019-09-25 12:57:54,144 [IPC Server handler 13 on 41989] INFO  pipeline.PipelinePlacementPolicy (PipelinePlacementPolicy.java:meetCriteria(91)) - Pipeline Placement: can't place more pipeline on heavy datanode： d60bfa88-4f5c-40e2-9e6f-04cdce80ae19 Heaviness: 6 limit: 5
2019-09-25 12:57:54,144 [IPC Server handler 12 on 41989] INFO  block.BlockManagerImpl (BlockManagerImpl.java:allocateBlock(198)) - Could not find available pipeline of type:RATIS and factor:THREE even after retrying
2019-09-25 12:57:54,144 [IPC Server handler 14 on 41989] WARN  block.BlockManagerImpl (BlockManagerImpl.java:allocateBlock(192)) - Pipeline creation failed for type:RATIS factor:THREE. Retrying get pipelines call once.
org.apache.hadoop.hdds.scm.exceptions.SCMException: Unable to find enough nodes that meet the criteria that cannot engage in more than 5 pipelines. Nodes required: 3 Found: 0, healthy nodes count inNodeManager: 5.
	at org.apache.hadoop.hdds.scm.pipeline.PipelinePlacementPolicy.filterViableNodes(PipelinePlacementPolicy.java:149)
	at org.apache.hadoop.hdds.scm.pipeline.PipelinePlacementPolicy.chooseDatanodes(PipelinePlacementPolicy.java:172)
	at org.apache.hadoop.hdds.scm.pipeline.RatisPipelineProvider.create(RatisPipelineProvider.java:93)
	at org.apache.hadoop.hdds.scm.pipeline.PipelineFactory.create(PipelineFactory.java:58)
	at org.apache.hadoop.hdds.scm.pipeline.SCMPipelineManager.createPipeline(SCMPipelineManager.java:155)
	at org.apache.hadoop.hdds.scm.block.BlockManagerImpl.allocateBlock(BlockManagerImpl.java:190)
	at org.apache.hadoop.hdds.scm.server.SCMBlockProtocolServer.allocateBlock(SCMBlockProtocolServer.java:182)
	at org.apache.hadoop.ozone.protocolPB.ScmBlockLocationProtocolServerSideTranslatorPB.allocateScmBlock(ScmBlockLocationProtocolServerSideTranslatorPB.java:183)
	at org.apache.hadoop.ozone.protocolPB.ScmBlockLocationProtocolServerSideTranslatorPB.processMessage(ScmBlockLocationProtocolServerSideTranslatorPB.java:141)
	at org.apache.hadoop.ozone.protocolPB.ScmBlockLocationProtocolServerSideTranslatorPB.send(ScmBlockLocationProtocolServerSideTranslatorPB.java:116)
	at org.apache.hadoop.hdds.protocol.proto.ScmBlockLocationProtocolProtos$ScmBlockLocationProtocolService$2.callBlockingMethod(ScmBlockLocationProtocolProtos.java:13157)
	at org.apache.hadoop.ipc.ProtobufRpcEngine$Server$ProtoBufRpcInvoker.call(ProtobufRpcEngine.java:524)
	at org.apache.hadoop.ipc.RPC$Server.call(RPC.java:1025)
	at org.apache.hadoop.ipc.Server$RpcCall.run(Server.java:876)
	at org.apache.hadoop.ipc.Server$RpcCall.run(Server.java:822)
	at java.security.AccessController.doPrivileged(Native Method)
	at javax.security.auth.Subject.doAs(Subject.java:422)
	at org.apache.hadoop.security.UserGroupInformation.doAs(UserGroupInformation.java:1730)
	at org.apache.hadoop.ipc.Server$Handler.run(Server.java:2682)
2019-09-25 12:57:54,145 [IPC Server handler 12 on 41989] ERROR block.BlockManagerImpl (BlockManagerImpl.java:allocateBlock(222)) - Unable to allocate a block for the size: 4194304, type: RATIS, factor: THREE
2019-09-25 12:57:54,144 [IPC Server handler 13 on 41989] INFO  pipeline.PipelinePlacementPolicy (PipelinePlacementPolicy.java:meetCriteria(91)) - Pipeline Placement: can't place more pipeline on heavy datanode： 05c10ba5-9820-4ddb-94b6-a7ebb5af4f34 Heaviness: 6 limit: 5
2019-09-25 12:57:54,145 [IPC Server handler 13 on 41989] INFO  pipeline.PipelinePlacementPolicy (PipelinePlacementPolicy.java:meetCriteria(91)) - Pipeline Placement: can't place more pipeline on heavy datanode： 82a69ee4-b3af-4378-aabd-e501c7175382 Heaviness: 6 limit: 5
2019-09-25 12:57:54,145 [IPC Server handler 13 on 41989] INFO  pipeline.PipelinePlacementPolicy (PipelinePlacementPolicy.java:meetCriteria(91)) - Pipeline Placement: can't place more pipeline on heavy datanode： 548f63c1-ecb3-4338-9923-ba2d46dbaf7d Heaviness: 6 limit: 5
2019-09-25 12:57:54,146 [IPC Server handler 13 on 41989] INFO  pipeline.PipelinePlacementPolicy (PipelinePlacementPolicy.java:meetCriteria(91)) - Pipeline Placement: can't place more pipeline on heavy datanode： 1ad4e210-16ea-448d-9c83-11669c9ee3b6 Heaviness: 6 limit: 5
2019-09-25 12:57:54,146 [IPC Server handler 13 on 41989] ERROR pipeline.PipelinePlacementPolicy (PipelinePlacementPolicy.java:filterViableNodes(148)) - Unable to find enough nodes that meet the criteria that cannot engage in more than 5 pipelines. Nodes required: 3 Found: 0, healthy nodes count inNodeManager: 5.
2019-09-25 12:57:54,146 [pool-75-thread-9] ERROR freon.RandomKeyGenerator (RandomKeyGenerator.java:createKey(733)) - Exception while adding key: key-0-97229 in bucket: bucket-2-75090 of volume: vol-0-99258.
INTERNAL_ERROR org.apache.hadoop.ozone.om.exceptions.OMException: Allocated 0 blocks. Requested 1 blocks
	at org.apache.hadoop.ozone.om.protocolPB.OzoneManagerProtocolClientSideTranslatorPB.handleError(OzoneManagerProtocolClientSideTranslatorPB.java:732)
	at org.apache.hadoop.ozone.om.protocolPB.OzoneManagerProtocolClientSideTranslatorPB.openKey(OzoneManagerProtocolClientSideTranslatorPB.java:723)
	at sun.reflect.NativeMethodAccessorImpl.invoke0(Native Method)
	at sun.reflect.NativeMethodAccessorImpl.invoke(NativeMethodAccessorImpl.java:62)
	at sun.reflect.DelegatingMethodAccessorImpl.invoke(DelegatingMethodAccessorImpl.java:43)
	at java.lang.reflect.Method.invoke(Method.java:498)
	at org.apache.hadoop.hdds.tracing.TraceAllMethod.invoke(TraceAllMethod.java:66)
	at com.sun.proxy.$Proxy37.openKey(Unknown Source)
	at org.apache.hadoop.ozone.client.rpc.RpcClient.createKey(RpcClient.java:614)
	at org.apache.hadoop.ozone.client.OzoneBucket.createKey(OzoneBucket.java:325)
	at org.apache.hadoop.ozone.freon.RandomKeyGenerator.createKey(RandomKeyGenerator.java:695)
	at org.apache.hadoop.ozone.freon.RandomKeyGenerator.access$1100(RandomKeyGenerator.java:88)
	at org.apache.hadoop.ozone.freon.RandomKeyGenerator$ObjectCreator.run(RandomKeyGenerator.java:615)
	at java.util.concurrent.Executors$RunnableAdapter.call(Executors.java:511)
	at java.util.concurrent.FutureTask.run(FutureTask.java:266)
	at java.util.concurrent.ThreadPoolExecutor.runWorker(ThreadPoolExecutor.java:1149)
	at java.util.concurrent.ThreadPoolExecutor$Worker.run(ThreadPoolExecutor.java:624)
	at java.lang.Thread.run(Thread.java:748)
2019-09-25 12:57:54,146 [IPC Server handler 13 on 41989] ERROR pipeline.SCMPipelineManager (SCMPipelineManager.java:createPipeline(167)) - Pipeline creation failed.
org.apache.hadoop.hdds.scm.exceptions.SCMException: Unable to find enough nodes that meet the criteria that cannot engage in more than 5 pipelines. Nodes required: 3 Found: 0, healthy nodes count inNodeManager: 5.
	at org.apache.hadoop.hdds.scm.pipeline.PipelinePlacementPolicy.filterViableNodes(PipelinePlacementPolicy.java:149)
	at org.apache.hadoop.hdds.scm.pipeline.PipelinePlacementPolicy.chooseDatanodes(PipelinePlacementPolicy.java:172)
	at org.apache.hadoop.hdds.scm.pipeline.RatisPipelineProvider.create(RatisPipelineProvider.java:93)
	at org.apache.hadoop.hdds.scm.pipeline.PipelineFactory.create(PipelineFactory.java:58)
	at org.apache.hadoop.hdds.scm.pipeline.SCMPipelineManager.createPipeline(SCMPipelineManager.java:155)
	at org.apache.hadoop.hdds.scm.block.BlockManagerImpl.allocateBlock(BlockManagerImpl.java:190)
	at org.apache.hadoop.hdds.scm.server.SCMBlockProtocolServer.allocateBlock(SCMBlockProtocolServer.java:182)
	at org.apache.hadoop.ozone.protocolPB.ScmBlockLocationProtocolServerSideTranslatorPB.allocateScmBlock(ScmBlockLocationProtocolServerSideTranslatorPB.java:183)
	at org.apache.hadoop.ozone.protocolPB.ScmBlockLocationProtocolServerSideTranslatorPB.processMessage(ScmBlockLocationProtocolServerSideTranslatorPB.java:141)
	at org.apache.hadoop.ozone.protocolPB.ScmBlockLocationProtocolServerSideTranslatorPB.send(ScmBlockLocationProtocolServerSideTranslatorPB.java:116)
	at org.apache.hadoop.hdds.protocol.proto.ScmBlockLocationProtocolProtos$ScmBlockLocationProtocolService$2.callBlockingMethod(ScmBlockLocationProtocolProtos.java:13157)
	at org.apache.hadoop.ipc.ProtobufRpcEngine$Server$ProtoBufRpcInvoker.call(ProtobufRpcEngine.java:524)
	at org.apache.hadoop.ipc.RPC$Server.call(RPC.java:1025)
	at org.apache.hadoop.ipc.Server$RpcCall.run(Server.java:876)
	at org.apache.hadoop.ipc.Server$RpcCall.run(Server.java:822)
	at java.security.AccessController.doPrivileged(Native Method)
	at javax.security.auth.Subject.doAs(Subject.java:422)
	at org.apache.hadoop.security.UserGroupInformation.doAs(UserGroupInformation.java:1730)
	at org.apache.hadoop.ipc.Server$Handler.run(Server.java:2682)
2019-09-25 12:57:54,147 [IPC Server handler 13 on 41989] WARN  block.BlockManagerImpl (BlockManagerImpl.java:allocateBlock(192)) - Pipeline creation failed for type:RATIS factor:THREE. Retrying get pipelines call once.
org.apache.hadoop.hdds.scm.exceptions.SCMException: Unable to find enough nodes that meet the criteria that cannot engage in more than 5 pipelines. Nodes required: 3 Found: 0, healthy nodes count inNodeManager: 5.
	at org.apache.hadoop.hdds.scm.pipeline.PipelinePlacementPolicy.filterViableNodes(PipelinePlacementPolicy.java:149)
	at org.apache.hadoop.hdds.scm.pipeline.PipelinePlacementPolicy.chooseDatanodes(PipelinePlacementPolicy.java:172)
	at org.apache.hadoop.hdds.scm.pipeline.RatisPipelineProvider.create(RatisPipelineProvider.java:93)
	at org.apache.hadoop.hdds.scm.pipeline.PipelineFactory.create(PipelineFactory.java:58)
	at org.apache.hadoop.hdds.scm.pipeline.SCMPipelineManager.createPipeline(SCMPipelineManager.java:155)
	at org.apache.hadoop.hdds.scm.block.BlockManagerImpl.allocateBlock(BlockManagerImpl.java:190)
	at org.apache.hadoop.hdds.scm.server.SCMBlockProtocolServer.allocateBlock(SCMBlockProtocolServer.java:182)
	at org.apache.hadoop.ozone.protocolPB.ScmBlockLocationProtocolServerSideTranslatorPB.allocateScmBlock(ScmBlockLocationProtocolServerSideTranslatorPB.java:183)
	at org.apache.hadoop.ozone.protocolPB.ScmBlockLocationProtocolServerSideTranslatorPB.processMessage(ScmBlockLocationProtocolServerSideTranslatorPB.java:141)
	at org.apache.hadoop.ozone.protocolPB.ScmBlockLocationProtocolServerSideTranslatorPB.send(ScmBlockLocationProtocolServerSideTranslatorPB.java:116)
	at org.apache.hadoop.hdds.protocol.proto.ScmBlockLocationProtocolProtos$ScmBlockLocationProtocolService$2.callBlockingMethod(ScmBlockLocationProtocolProtos.java:13157)
	at org.apache.hadoop.ipc.ProtobufRpcEngine$Server$ProtoBufRpcInvoker.call(ProtobufRpcEngine.java:524)
	at org.apache.hadoop.ipc.RPC$Server.call(RPC.java:1025)
	at org.apache.hadoop.ipc.Server$RpcCall.run(Server.java:876)
	at org.apache.hadoop.ipc.Server$RpcCall.run(Server.java:822)
	at java.security.AccessController.doPrivileged(Native Method)
	at javax.security.auth.Subject.doAs(Subject.java:422)
	at org.apache.hadoop.security.UserGroupInformation.doAs(UserGroupInformation.java:1730)
	at org.apache.hadoop.ipc.Server$Handler.run(Server.java:2682)
2019-09-25 12:57:54,147 [IPC Server handler 16 on 41989] INFO  pipeline.PipelinePlacementPolicy (PipelinePlacementPolicy.java:meetCriteria(91)) - Pipeline Placement: can't place more pipeline on heavy datanode： d60bfa88-4f5c-40e2-9e6f-04cdce80ae19 Heaviness: 6 limit: 5
2019-09-25 12:57:54,147 [IPC Server handler 16 on 41989] INFO  pipeline.PipelinePlacementPolicy (PipelinePlacementPolicy.java:meetCriteria(91)) - Pipeline Placement: can't place more pipeline on heavy datanode： 05c10ba5-9820-4ddb-94b6-a7ebb5af4f34 Heaviness: 6 limit: 5
2019-09-25 12:57:54,147 [IPC Server handler 14 on 41989] INFO  block.BlockManagerImpl (BlockManagerImpl.java:allocateBlock(198)) - Could not find available pipeline of type:RATIS and factor:THREE even after retrying
2019-09-25 12:57:54,147 [IPC Server handler 16 on 41989] INFO  pipeline.PipelinePlacementPolicy (PipelinePlacementPolicy.java:meetCriteria(91)) - Pipeline Placement: can't place more pipeline on heavy datanode： 82a69ee4-b3af-4378-aabd-e501c7175382 Heaviness: 6 limit: 5
2019-09-25 12:57:54,148 [IPC Server handler 14 on 41989] ERROR block.BlockManagerImpl (BlockManagerImpl.java:allocateBlock(222)) - Unable to allocate a block for the size: 4194304, type: RATIS, factor: THREE
2019-09-25 12:57:54,148 [IPC Server handler 16 on 41989] INFO  pipeline.PipelinePlacementPolicy (PipelinePlacementPolicy.java:meetCriteria(91)) - Pipeline Placement: can't place more pipeline on heavy datanode： 548f63c1-ecb3-4338-9923-ba2d46dbaf7d Heaviness: 6 limit: 5
2019-09-25 12:57:54,148 [IPC Server handler 16 on 41989] INFO  pipeline.PipelinePlacementPolicy (PipelinePlacementPolicy.java:meetCriteria(91)) - Pipeline Placement: can't place more pipeline on heavy datanode： 1ad4e210-16ea-448d-9c83-11669c9ee3b6 Heaviness: 6 limit: 5
2019-09-25 12:57:54,148 [IPC Server handler 16 on 41989] ERROR pipeline.PipelinePlacementPolicy (PipelinePlacementPolicy.java:filterViableNodes(148)) - Unable to find enough nodes that meet the criteria that cannot engage in more than 5 pipelines. Nodes required: 3 Found: 0, healthy nodes count inNodeManager: 5.
2019-09-25 12:57:54,148 [IPC Server handler 16 on 41989] ERROR pipeline.SCMPipelineManager (SCMPipelineManager.java:createPipeline(167)) - Pipeline creation failed.
org.apache.hadoop.hdds.scm.exceptions.SCMException: Unable to find enough nodes that meet the criteria that cannot engage in more than 5 pipelines. Nodes required: 3 Found: 0, healthy nodes count inNodeManager: 5.
	at org.apache.hadoop.hdds.scm.pipeline.PipelinePlacementPolicy.filterViableNodes(PipelinePlacementPolicy.java:149)
	at org.apache.hadoop.hdds.scm.pipeline.PipelinePlacementPolicy.chooseDatanodes(PipelinePlacementPolicy.java:172)
	at org.apache.hadoop.hdds.scm.pipeline.RatisPipelineProvider.create(RatisPipelineProvider.java:93)
	at org.apache.hadoop.hdds.scm.pipeline.PipelineFactory.create(PipelineFactory.java:58)
	at org.apache.hadoop.hdds.scm.pipeline.SCMPipelineManager.createPipeline(SCMPipelineManager.java:155)
	at org.apache.hadoop.hdds.scm.block.BlockManagerImpl.allocateBlock(BlockManagerImpl.java:190)
	at org.apache.hadoop.hdds.scm.server.SCMBlockProtocolServer.allocateBlock(SCMBlockProtocolServer.java:182)
	at org.apache.hadoop.ozone.protocolPB.ScmBlockLocationProtocolServerSideTranslatorPB.allocateScmBlock(ScmBlockLocationProtocolServerSideTranslatorPB.java:183)
	at org.apache.hadoop.ozone.protocolPB.ScmBlockLocationProtocolServerSideTranslatorPB.processMessage(ScmBlockLocationProtocolServerSideTranslatorPB.java:141)
	at org.apache.hadoop.ozone.protocolPB.ScmBlockLocationProtocolServerSideTranslatorPB.send(ScmBlockLocationProtocolServerSideTranslatorPB.java:116)
	at org.apache.hadoop.hdds.protocol.proto.ScmBlockLocationProtocolProtos$ScmBlockLocationProtocolService$2.callBlockingMethod(ScmBlockLocationProtocolProtos.java:13157)
	at org.apache.hadoop.ipc.ProtobufRpcEngine$Server$ProtoBufRpcInvoker.call(ProtobufRpcEngine.java:524)
	at org.apache.hadoop.ipc.RPC$Server.call(RPC.java:1025)
	at org.apache.hadoop.ipc.Server$RpcCall.run(Server.java:876)
	at org.apache.hadoop.ipc.Server$RpcCall.run(Server.java:822)
	at java.security.AccessController.doPrivileged(Native Method)
	at javax.security.auth.Subject.doAs(Subject.java:422)
	at org.apache.hadoop.security.UserGroupInformation.doAs(UserGroupInformation.java:1730)
	at org.apache.hadoop.ipc.Server$Handler.run(Server.java:2682)
2019-09-25 12:57:54,157 [IPC Server handler 16 on 41989] WARN  block.BlockManagerImpl (BlockManagerImpl.java:allocateBlock(192)) - Pipeline creation failed for type:RATIS factor:THREE. Retrying get pipelines call once.
org.apache.hadoop.hdds.scm.exceptions.SCMException: Unable to find enough nodes that meet the criteria that cannot engage in more than 5 pipelines. Nodes required: 3 Found: 0, healthy nodes count inNodeManager: 5.
	at org.apache.hadoop.hdds.scm.pipeline.PipelinePlacementPolicy.filterViableNodes(PipelinePlacementPolicy.java:149)
	at org.apache.hadoop.hdds.scm.pipeline.PipelinePlacementPolicy.chooseDatanodes(PipelinePlacementPolicy.java:172)
	at org.apache.hadoop.hdds.scm.pipeline.RatisPipelineProvider.create(RatisPipelineProvider.java:93)
	at org.apache.hadoop.hdds.scm.pipeline.PipelineFactory.create(PipelineFactory.java:58)
	at org.apache.hadoop.hdds.scm.pipeline.SCMPipelineManager.createPipeline(SCMPipelineManager.java:155)
	at org.apache.hadoop.hdds.scm.block.BlockManagerImpl.allocateBlock(BlockManagerImpl.java:190)
	at org.apache.hadoop.hdds.scm.server.SCMBlockProtocolServer.allocateBlock(SCMBlockProtocolServer.java:182)
	at org.apache.hadoop.ozone.protocolPB.ScmBlockLocationProtocolServerSideTranslatorPB.allocateScmBlock(ScmBlockLocationProtocolServerSideTranslatorPB.java:183)
	at org.apache.hadoop.ozone.protocolPB.ScmBlockLocationProtocolServerSideTranslatorPB.processMessage(ScmBlockLocationProtocolServerSideTranslatorPB.java:141)
	at org.apache.hadoop.ozone.protocolPB.ScmBlockLocationProtocolServerSideTranslatorPB.send(ScmBlockLocationProtocolServerSideTranslatorPB.java:116)
	at org.apache.hadoop.hdds.protocol.proto.ScmBlockLocationProtocolProtos$ScmBlockLocationProtocolService$2.callBlockingMethod(ScmBlockLocationProtocolProtos.java:13157)
	at org.apache.hadoop.ipc.ProtobufRpcEngine$Server$ProtoBufRpcInvoker.call(ProtobufRpcEngine.java:524)
	at org.apache.hadoop.ipc.RPC$Server.call(RPC.java:1025)
	at org.apache.hadoop.ipc.Server$RpcCall.run(Server.java:876)
	at org.apache.hadoop.ipc.Server$RpcCall.run(Server.java:822)
	at java.security.AccessController.doPrivileged(Native Method)
	at javax.security.auth.Subject.doAs(Subject.java:422)
	at org.apache.hadoop.security.UserGroupInformation.doAs(UserGroupInformation.java:1730)
	at org.apache.hadoop.ipc.Server$Handler.run(Server.java:2682)
2019-09-25 12:57:54,157 [pool-75-thread-6] ERROR freon.RandomKeyGenerator (RandomKeyGenerator.java:createKey(733)) - Exception while adding key: key-0-36503 in bucket: bucket-3-72035 of volume: vol-0-99258.
INTERNAL_ERROR org.apache.hadoop.ozone.om.exceptions.OMException: Allocated 0 blocks. Requested 1 blocks
	at org.apache.hadoop.ozone.om.protocolPB.OzoneManagerProtocolClientSideTranslatorPB.handleError(OzoneManagerProtocolClientSideTranslatorPB.java:732)
	at org.apache.hadoop.ozone.om.protocolPB.OzoneManagerProtocolClientSideTranslatorPB.openKey(OzoneManagerProtocolClientSideTranslatorPB.java:723)
	at sun.reflect.NativeMethodAccessorImpl.invoke0(Native Method)
	at sun.reflect.NativeMethodAccessorImpl.invoke(NativeMethodAccessorImpl.java:62)
	at sun.reflect.DelegatingMethodAccessorImpl.invoke(DelegatingMethodAccessorImpl.java:43)
	at java.lang.reflect.Method.invoke(Method.java:498)
	at org.apache.hadoop.hdds.tracing.TraceAllMethod.invoke(TraceAllMethod.java:66)
	at com.sun.proxy.$Proxy37.openKey(Unknown Source)
	at org.apache.hadoop.ozone.client.rpc.RpcClient.createKey(RpcClient.java:614)
	at org.apache.hadoop.ozone.client.OzoneBucket.createKey(OzoneBucket.java:325)
	at org.apache.hadoop.ozone.freon.RandomKeyGenerator.createKey(RandomKeyGenerator.java:695)
	at org.apache.hadoop.ozone.freon.RandomKeyGenerator.access$1100(RandomKeyGenerator.java:88)
	at org.apache.hadoop.ozone.freon.RandomKeyGenerator$ObjectCreator.run(RandomKeyGenerator.java:615)
	at java.util.concurrent.Executors$RunnableAdapter.call(Executors.java:511)
	at java.util.concurrent.FutureTask.run(FutureTask.java:266)
	at java.util.concurrent.ThreadPoolExecutor.runWorker(ThreadPoolExecutor.java:1149)
	at java.util.concurrent.ThreadPoolExecutor$Worker.run(ThreadPoolExecutor.java:624)
	at java.lang.Thread.run(Thread.java:748)
2019-09-25 12:57:54,157 [IPC Server handler 13 on 41989] INFO  block.BlockManagerImpl (BlockManagerImpl.java:allocateBlock(198)) - Could not find available pipeline of type:RATIS and factor:THREE even after retrying
2019-09-25 12:57:54,158 [IPC Server handler 13 on 41989] ERROR block.BlockManagerImpl (BlockManagerImpl.java:allocateBlock(222)) - Unable to allocate a block for the size: 4194304, type: RATIS, factor: THREE
2019-09-25 12:57:54,157 [IPC Server handler 16 on 41989] INFO  block.BlockManagerImpl (BlockManagerImpl.java:allocateBlock(198)) - Could not find available pipeline of type:RATIS and factor:THREE even after retrying
2019-09-25 12:57:54,158 [IPC Server handler 16 on 41989] ERROR block.BlockManagerImpl (BlockManagerImpl.java:allocateBlock(222)) - Unable to allocate a block for the size: 4194304, type: RATIS, factor: THREE
2019-09-25 12:57:54,159 [pool-75-thread-8] ERROR freon.RandomKeyGenerator (RandomKeyGenerator.java:createKey(733)) - Exception while adding key: key-0-36266 in bucket: bucket-4-47961 of volume: vol-0-99258.
INTERNAL_ERROR org.apache.hadoop.ozone.om.exceptions.OMException: Allocated 0 blocks. Requested 1 blocks
	at org.apache.hadoop.ozone.om.protocolPB.OzoneManagerProtocolClientSideTranslatorPB.handleError(OzoneManagerProtocolClientSideTranslatorPB.java:732)
	at org.apache.hadoop.ozone.om.protocolPB.OzoneManagerProtocolClientSideTranslatorPB.openKey(OzoneManagerProtocolClientSideTranslatorPB.java:723)
	at sun.reflect.NativeMethodAccessorImpl.invoke0(Native Method)
	at sun.reflect.NativeMethodAccessorImpl.invoke(NativeMethodAccessorImpl.java:62)
	at sun.reflect.DelegatingMethodAccessorImpl.invoke(DelegatingMethodAccessorImpl.java:43)
	at java.lang.reflect.Method.invoke(Method.java:498)
	at org.apache.hadoop.hdds.tracing.TraceAllMethod.invoke(TraceAllMethod.java:66)
	at com.sun.proxy.$Proxy37.openKey(Unknown Source)
	at org.apache.hadoop.ozone.client.rpc.RpcClient.createKey(RpcClient.java:614)
	at org.apache.hadoop.ozone.client.OzoneBucket.createKey(OzoneBucket.java:325)
	at org.apache.hadoop.ozone.freon.RandomKeyGenerator.createKey(RandomKeyGenerator.java:695)
	at org.apache.hadoop.ozone.freon.RandomKeyGenerator.access$1100(RandomKeyGenerator.java:88)
	at org.apache.hadoop.ozone.freon.RandomKeyGenerator$ObjectCreator.run(RandomKeyGenerator.java:615)
	at java.util.concurrent.Executors$RunnableAdapter.call(Executors.java:511)
	at java.util.concurrent.FutureTask.run(FutureTask.java:266)
	at java.util.concurrent.ThreadPoolExecutor.runWorker(ThreadPoolExecutor.java:1149)
	at java.util.concurrent.ThreadPoolExecutor$Worker.run(ThreadPoolExecutor.java:624)
	at java.lang.Thread.run(Thread.java:748)
2019-09-25 12:57:54,159 [pool-75-thread-10] ERROR freon.RandomKeyGenerator (RandomKeyGenerator.java:createKey(733)) - Exception while adding key: key-0-27246 in bucket: bucket-4-90286 of volume: vol-1-35066.
INTERNAL_ERROR org.apache.hadoop.ozone.om.exceptions.OMException: Allocated 0 blocks. Requested 1 blocks
	at org.apache.hadoop.ozone.om.protocolPB.OzoneManagerProtocolClientSideTranslatorPB.handleError(OzoneManagerProtocolClientSideTranslatorPB.java:732)
	at org.apache.hadoop.ozone.om.protocolPB.OzoneManagerProtocolClientSideTranslatorPB.openKey(OzoneManagerProtocolClientSideTranslatorPB.java:723)
	at sun.reflect.NativeMethodAccessorImpl.invoke0(Native Method)
	at sun.reflect.NativeMethodAccessorImpl.invoke(NativeMethodAccessorImpl.java:62)
	at sun.reflect.DelegatingMethodAccessorImpl.invoke(DelegatingMethodAccessorImpl.java:43)
	at java.lang.reflect.Method.invoke(Method.java:498)
	at org.apache.hadoop.hdds.tracing.TraceAllMethod.invoke(TraceAllMethod.java:66)
	at com.sun.proxy.$Proxy37.openKey(Unknown Source)
	at org.apache.hadoop.ozone.client.rpc.RpcClient.createKey(RpcClient.java:614)
	at org.apache.hadoop.ozone.client.OzoneBucket.createKey(OzoneBucket.java:325)
	at org.apache.hadoop.ozone.freon.RandomKeyGenerator.createKey(RandomKeyGenerator.java:695)
	at org.apache.hadoop.ozone.freon.RandomKeyGenerator.access$1100(RandomKeyGenerator.java:88)
	at org.apache.hadoop.ozone.freon.RandomKeyGenerator$ObjectCreator.run(RandomKeyGenerator.java:615)
	at java.util.concurrent.Executors$RunnableAdapter.call(Executors.java:511)
	at java.util.concurrent.FutureTask.run(FutureTask.java:266)
	at java.util.concurrent.ThreadPoolExecutor.runWorker(ThreadPoolExecutor.java:1149)
	at java.util.concurrent.ThreadPoolExecutor$Worker.run(ThreadPoolExecutor.java:624)
	at java.lang.Thread.run(Thread.java:748)
 0.00% |█                                                                                                    |  0/100 Time: 0:00:01 0.00% |█                                                                                                    |  0/100 Time: 0:00:02 0.00% |█                                                                                                    |  0/100 Time: 0:00:03 0.00% |█                                                                                                    |  0/100 Time: 0:00:04 100.00% |█████████████████████████████████████████████████████████████████████████████████████████████████████|  100/100 Time: 0:00:05
]]></system-out>
  </testcase>
</testsuite>