<?xml version="1.0" encoding="UTF-8"?>
<testsuite xmlns:xsi="http://www.w3.org/2001/XMLSchema-instance" xsi:noNamespaceSchemaLocation="https://maven.apache.org/surefire/maven-surefire-plugin/xsd/surefire-test-report.xsd" name="org.apache.hadoop.ozone.freon.TestDataValidateWithDummyContainers" time="36.963" tests="3" errors="2" skipped="0" failures="0">
  <properties>
    <property name="awt.toolkit" value="sun.awt.X11.XToolkit"/>
    <property name="file.encoding.pkg" value="sun.io"/>
    <property name="java.specification.version" value="1.8"/>
    <property name="sun.cpu.isalist" value=""/>
    <property name="sun.jnu.encoding" value="UTF-8"/>
    <property name="java.class.path" value="/workdir/hadoop-ozone/tools/target/test-classes:/workdir/hadoop-ozone/tools/target/classes:/home/user/.m2/repository/org/apache/hadoop/hadoop-ozone-ozone-manager/0.5.0-SNAPSHOT/hadoop-ozone-ozone-manager-0.5.0-SNAPSHOT.jar:/home/user/.m2/repository/org/apache/hadoop/hadoop-hdds-docs/0.5.0-SNAPSHOT/hadoop-hdds-docs-0.5.0-SNAPSHOT.jar:/home/user/.m2/repository/org/bouncycastle/bcprov-jdk15on/1.60/bcprov-jdk15on-1.60.jar:/home/user/.m2/repository/org/apache/hadoop/hadoop-ozone-common/0.5.0-SNAPSHOT/hadoop-ozone-common-0.5.0-SNAPSHOT.jar:/home/user/.m2/repository/org/apache/commons/commons-compress/1.4.1/commons-compress-1.4.1.jar:/home/user/.m2/repository/org/tukaani/xz/1.0/xz-1.0.jar:/home/user/.m2/repository/org/apache/hadoop/hadoop-hdfs-client/3.2.0/hadoop-hdfs-client-3.2.0.jar:/home/user/.m2/repository/com/fasterxml/jackson/core/jackson-annotations/2.9.9/jackson-annotations-2.9.9.jar:/home/user/.m2/repository/org/apache/hadoop/hadoop-hdds-common/0.5.0-SNAPSHOT/hadoop-hdds-common-0.5.0-SNAPSHOT.jar:/home/user/.m2/repository/org/apache/hadoop/hadoop-hdds-config/0.5.0-SNAPSHOT/hadoop-hdds-config-0.5.0-SNAPSHOT.jar:/home/user/.m2/repository/javax/annotation/javax.annotation-api/1.2/javax.annotation-api-1.2.jar:/home/user/.m2/repository/org/apache/ratis/ratis-server/0.4.0/ratis-server-0.4.0.jar:/home/user/.m2/repository/org/apache/ratis/ratis-thirdparty-misc/0.2.0/ratis-thirdparty-misc-0.2.0.jar:/home/user/.m2/repository/org/apache/ratis/ratis-proto/0.4.0/ratis-proto-0.4.0.jar:/home/user/.m2/repository/org/apache/ratis/ratis-common/0.4.0/ratis-common-0.4.0.jar:/home/user/.m2/repository/org/apache/ratis/ratis-client/0.4.0/ratis-client-0.4.0.jar:/home/user/.m2/repository/org/apache/ratis/ratis-metrics/0.4.0/ratis-metrics-0.4.0.jar:/home/user/.m2/repository/com/github/joshelser/dropwizard-metrics-hadoop-metrics2-reporter/0.1.2/dropwizard-metrics-hadoop-metrics2-reporter-0.1.2.jar:/home/user/.m2/repository/io/dropwizard/metrics/metrics-jvm/3.2.5/metrics-jvm-3.2.5.jar:/home/user/.m2/repository/io/dropwizard/metrics/metrics-ganglia/3.2.5/metrics-ganglia-3.2.5.jar:/home/user/.m2/repository/info/ganglia/gmetric4j/gmetric4j/1.0.7/gmetric4j-1.0.7.jar:/home/user/.m2/repository/org/apache/ratis/ratis-netty/0.4.0/ratis-netty-0.4.0.jar:/home/user/.m2/repository/org/apache/ratis/ratis-grpc/0.4.0/ratis-grpc-0.4.0.jar:/home/user/.m2/repository/org/rocksdb/rocksdbjni/6.0.1/rocksdbjni-6.0.1.jar:/home/user/.m2/repository/org/apache/logging/log4j/log4j-api/2.11.0/log4j-api-2.11.0.jar:/home/user/.m2/repository/org/apache/logging/log4j/log4j-core/2.11.0/log4j-core-2.11.0.jar:/home/user/.m2/repository/com/lmax/disruptor/3.4.2/disruptor-3.4.2.jar:/home/user/.m2/repository/org/apache/commons/commons-pool2/2.6.0/commons-pool2-2.6.0.jar:/home/user/.m2/repository/org/bouncycastle/bcpkix-jdk15on/1.60/bcpkix-jdk15on-1.60.jar:/home/user/.m2/repository/commons-validator/commons-validator/1.6/commons-validator-1.6.jar:/home/user/.m2/repository/commons-digester/commons-digester/1.8.1/commons-digester-1.8.1.jar:/home/user/.m2/repository/io/jaegertracing/jaeger-client/0.34.0/jaeger-client-0.34.0.jar:/home/user/.m2/repository/io/jaegertracing/jaeger-thrift/0.34.0/jaeger-thrift-0.34.0.jar:/home/user/.m2/repository/org/apache/thrift/libthrift/0.12.0/libthrift-0.12.0.jar:/home/user/.m2/repository/com/squareup/okhttp3/okhttp/3.9.0/okhttp-3.9.0.jar:/home/user/.m2/repository/com/squareup/okio/okio/1.13.0/okio-1.13.0.jar:/home/user/.m2/repository/io/jaegertracing/jaeger-core/0.34.0/jaeger-core-0.34.0.jar:/home/user/.m2/repository/io/jaegertracing/jaeger-tracerresolver/0.34.0/jaeger-tracerresolver-0.34.0.jar:/home/user/.m2/repository/io/opentracing/contrib/opentracing-tracerresolver/0.1.5/opentracing-tracerresolver-0.1.5.jar:/home/user/.m2/repository/io/opentracing/opentracing-util/0.31.0/opentracing-util-0.31.0.jar:/home/user/.m2/repository/io/opentracing/opentracing-api/0.31.0/opentracing-api-0.31.0.jar:/home/user/.m2/repository/io/opentracing/opentracing-noop/0.31.0/opentracing-noop-0.31.0.jar:/home/user/.m2/repository/org/yaml/snakeyaml/1.16/snakeyaml-1.16.jar:/home/user/.m2/repository/org/apache/hadoop/hadoop-hdds-container-service/0.5.0-SNAPSHOT/hadoop-hdds-container-service-0.5.0-SNAPSHOT.jar:/home/user/.m2/repository/org/apache/hadoop/hadoop-hdds-client/0.5.0-SNAPSHOT/hadoop-hdds-client-0.5.0-SNAPSHOT.jar:/home/user/.m2/repository/org/apache/hadoop/hadoop-hdds-tools/0.5.0-SNAPSHOT/hadoop-hdds-tools-0.5.0-SNAPSHOT.jar:/home/user/.m2/repository/org/xerial/sqlite-jdbc/3.25.2/sqlite-jdbc-3.25.2.jar:/home/user/.m2/repository/org/apache/hadoop/hadoop-hdds-server-scm/0.5.0-SNAPSHOT/hadoop-hdds-server-scm-0.5.0-SNAPSHOT.jar:/home/user/.m2/repository/org/hamcrest/hamcrest-all/1.3/hamcrest-all-1.3.jar:/home/user/.m2/repository/info/picocli/picocli/3.9.6/picocli-3.9.6.jar:/home/user/.m2/repository/com/google/protobuf/protobuf-java/2.5.0/protobuf-java-2.5.0.jar:/home/user/.m2/repository/com/google/guava/guava/11.0.2/guava-11.0.2.jar:/home/user/.m2/repository/org/apache/hadoop/hadoop-ozone-client/0.5.0-SNAPSHOT/hadoop-ozone-client-0.5.0-SNAPSHOT.jar:/workdir/hadoop-ozone/ozonefs/target/classes:/home/user/.m2/repository/org/apache/hadoop/hadoop-hdds-server-framework/0.5.0-SNAPSHOT/hadoop-hdds-server-framework-0.5.0-SNAPSHOT.jar:/home/user/.m2/repository/org/apache/hadoop/hadoop-common/3.2.0/hadoop-common-3.2.0.jar:/home/user/.m2/repository/org/apache/hadoop/hadoop-annotations/3.2.0/hadoop-annotations-3.2.0.jar:/usr/lib/jvm/java-1.8-openjdk/jre/../lib/tools.jar:/home/user/.m2/repository/commons-cli/commons-cli/1.2/commons-cli-1.2.jar:/home/user/.m2/repository/org/apache/commons/commons-math3/3.1.1/commons-math3-3.1.1.jar:/home/user/.m2/repository/org/apache/httpcomponents/httpclient/4.5.2/httpclient-4.5.2.jar:/home/user/.m2/repository/org/apache/httpcomponents/httpcore/4.4.4/httpcore-4.4.4.jar:/home/user/.m2/repository/commons-codec/commons-codec/1.11/commons-codec-1.11.jar:/home/user/.m2/repository/commons-io/commons-io/2.5/commons-io-2.5.jar:/home/user/.m2/repository/commons-net/commons-net/3.6/commons-net-3.6.jar:/home/user/.m2/repository/commons-collections/commons-collections/3.2.2/commons-collections-3.2.2.jar:/home/user/.m2/repository/javax/servlet/javax.servlet-api/3.1.0/javax.servlet-api-3.1.0.jar:/home/user/.m2/repository/org/eclipse/jetty/jetty-server/9.3.25.v20180904/jetty-server-9.3.25.v20180904.jar:/home/user/.m2/repository/org/eclipse/jetty/jetty-http/9.3.25.v20180904/jetty-http-9.3.25.v20180904.jar:/home/user/.m2/repository/org/eclipse/jetty/jetty-io/9.3.25.v20180904/jetty-io-9.3.25.v20180904.jar:/home/user/.m2/repository/org/eclipse/jetty/jetty-util/9.3.25.v20180904/jetty-util-9.3.25.v20180904.jar:/home/user/.m2/repository/org/eclipse/jetty/jetty-servlet/9.3.25.v20180904/jetty-servlet-9.3.25.v20180904.jar:/home/user/.m2/repository/org/eclipse/jetty/jetty-security/9.3.25.v20180904/jetty-security-9.3.25.v20180904.jar:/home/user/.m2/repository/org/eclipse/jetty/jetty-webapp/9.3.25.v20180904/jetty-webapp-9.3.25.v20180904.jar:/home/user/.m2/repository/org/eclipse/jetty/jetty-xml/9.3.25.v20180904/jetty-xml-9.3.25.v20180904.jar:/home/user/.m2/repository/javax/servlet/jsp/jsp-api/2.1/jsp-api-2.1.jar:/home/user/.m2/repository/com/sun/jersey/jersey-core/1.19/jersey-core-1.19.jar:/home/user/.m2/repository/javax/ws/rs/jsr311-api/1.1.1/jsr311-api-1.1.1.jar:/home/user/.m2/repository/com/sun/jersey/jersey-servlet/1.19/jersey-servlet-1.19.jar:/home/user/.m2/repository/com/sun/jersey/jersey-json/1.19/jersey-json-1.19.jar:/home/user/.m2/repository/org/codehaus/jettison/jettison/1.1/jettison-1.1.jar:/home/user/.m2/repository/com/sun/xml/bind/jaxb-impl/2.3.0.1/jaxb-impl-2.3.0.1.jar:/home/user/.m2/repository/org/codehaus/jackson/jackson-core-asl/1.9.13/jackson-core-asl-1.9.13.jar:/home/user/.m2/repository/org/codehaus/jackson/jackson-mapper-asl/1.9.13/jackson-mapper-asl-1.9.13.jar:/home/user/.m2/repository/org/codehaus/jackson/jackson-jaxrs/1.9.13/jackson-jaxrs-1.9.13.jar:/home/user/.m2/repository/org/codehaus/jackson/jackson-xc/1.9.13/jackson-xc-1.9.13.jar:/home/user/.m2/repository/com/sun/jersey/jersey-server/1.19/jersey-server-1.19.jar:/home/user/.m2/repository/commons-logging/commons-logging/1.1.3/commons-logging-1.1.3.jar:/home/user/.m2/repository/log4j/log4j/1.2.17/log4j-1.2.17.jar:/home/user/.m2/repository/commons-beanutils/commons-beanutils/1.9.4/commons-beanutils-1.9.4.jar:/home/user/.m2/repository/org/apache/commons/commons-configuration2/2.1.1/commons-configuration2-2.1.1.jar:/home/user/.m2/repository/org/apache/commons/commons-lang3/3.7/commons-lang3-3.7.jar:/home/user/.m2/repository/org/apache/commons/commons-text/1.4/commons-text-1.4.jar:/home/user/.m2/repository/org/slf4j/slf4j-api/1.7.25/slf4j-api-1.7.25.jar:/home/user/.m2/repository/org/slf4j/slf4j-log4j12/1.7.25/slf4j-log4j12-1.7.25.jar:/home/user/.m2/repository/org/apache/avro/avro/1.7.7/avro-1.7.7.jar:/home/user/.m2/repository/com/thoughtworks/paranamer/paranamer/2.3/paranamer-2.3.jar:/home/user/.m2/repository/org/xerial/snappy/snappy-java/1.0.5/snappy-java-1.0.5.jar:/home/user/.m2/repository/com/google/re2j/re2j/1.1/re2j-1.1.jar:/home/user/.m2/repository/com/google/code/gson/gson/2.2.4/gson-2.2.4.jar:/home/user/.m2/repository/org/apache/hadoop/hadoop-auth/3.2.0/hadoop-auth-3.2.0.jar:/home/user/.m2/repository/com/nimbusds/nimbus-jose-jwt/4.41.1/nimbus-jose-jwt-4.41.1.jar:/home/user/.m2/repository/com/github/stephenc/jcip/jcip-annotations/1.0-1/jcip-annotations-1.0-1.jar:/home/user/.m2/repository/net/minidev/json-smart/2.3/json-smart-2.3.jar:/home/user/.m2/repository/net/minidev/accessors-smart/1.2/accessors-smart-1.2.jar:/home/user/.m2/repository/org/apache/curator/curator-framework/2.12.0/curator-framework-2.12.0.jar:/home/user/.m2/repository/com/jcraft/jsch/0.1.54/jsch-0.1.54.jar:/home/user/.m2/repository/org/apache/curator/curator-client/2.12.0/curator-client-2.12.0.jar:/home/user/.m2/repository/org/apache/curator/curator-recipes/2.12.0/curator-recipes-2.12.0.jar:/home/user/.m2/repository/com/google/code/findbugs/jsr305/3.0.0/jsr305-3.0.0.jar:/home/user/.m2/repository/org/apache/htrace/htrace-core4/4.1.0-incubating/htrace-core4-4.1.0-incubating.jar:/home/user/.m2/repository/org/apache/zookeeper/zookeeper/3.4.13/zookeeper-3.4.13.jar:/home/user/.m2/repository/jline/jline/0.9.94/jline-0.9.94.jar:/home/user/.m2/repository/org/apache/yetus/audience-annotations/0.5.0/audience-annotations-0.5.0.jar:/home/user/.m2/repository/org/apache/kerby/kerb-simplekdc/1.0.1/kerb-simplekdc-1.0.1.jar:/home/user/.m2/repository/org/apache/kerby/kerb-client/1.0.1/kerb-client-1.0.1.jar:/home/user/.m2/repository/org/apache/kerby/kerby-config/1.0.1/kerby-config-1.0.1.jar:/home/user/.m2/repository/org/apache/kerby/kerb-core/1.0.1/kerb-core-1.0.1.jar:/home/user/.m2/repository/org/apache/kerby/kerby-pkix/1.0.1/kerby-pkix-1.0.1.jar:/home/user/.m2/repository/org/apache/kerby/kerby-asn1/1.0.1/kerby-asn1-1.0.1.jar:/home/user/.m2/repository/org/apache/kerby/kerby-util/1.0.1/kerby-util-1.0.1.jar:/home/user/.m2/repository/org/apache/kerby/kerb-common/1.0.1/kerb-common-1.0.1.jar:/home/user/.m2/repository/org/apache/kerby/kerb-crypto/1.0.1/kerb-crypto-1.0.1.jar:/home/user/.m2/repository/org/apache/kerby/kerb-util/1.0.1/kerb-util-1.0.1.jar:/home/user/.m2/repository/org/apache/kerby/token-provider/1.0.1/token-provider-1.0.1.jar:/home/user/.m2/repository/org/apache/kerby/kerb-admin/1.0.1/kerb-admin-1.0.1.jar:/home/user/.m2/repository/org/apache/kerby/kerb-server/1.0.1/kerb-server-1.0.1.jar:/home/user/.m2/repository/org/apache/kerby/kerb-identity/1.0.1/kerb-identity-1.0.1.jar:/home/user/.m2/repository/org/apache/kerby/kerby-xdr/1.0.1/kerby-xdr-1.0.1.jar:/home/user/.m2/repository/com/fasterxml/jackson/core/jackson-databind/2.9.9/jackson-databind-2.9.9.jar:/home/user/.m2/repository/com/fasterxml/jackson/core/jackson-core/2.9.9/jackson-core-2.9.9.jar:/home/user/.m2/repository/org/codehaus/woodstox/stax2-api/3.1.4/stax2-api-3.1.4.jar:/home/user/.m2/repository/com/fasterxml/woodstox/woodstox-core/5.0.3/woodstox-core-5.0.3.jar:/home/user/.m2/repository/dnsjava/dnsjava/2.1.7/dnsjava-2.1.7.jar:/home/user/.m2/repository/org/apache/hadoop/hadoop-hdfs/3.2.0/hadoop-hdfs-3.2.0.jar:/home/user/.m2/repository/org/eclipse/jetty/jetty-util-ajax/9.3.25.v20180904/jetty-util-ajax-9.3.25.v20180904.jar:/home/user/.m2/repository/commons-daemon/commons-daemon/1.0.13/commons-daemon-1.0.13.jar:/home/user/.m2/repository/io/netty/netty/3.10.5.Final/netty-3.10.5.Final.jar:/home/user/.m2/repository/io/netty/netty-all/4.0.52.Final/netty-all-4.0.52.Final.jar:/home/user/.m2/repository/org/fusesource/leveldbjni/leveldbjni-all/1.8/leveldbjni-all-1.8.jar:/home/user/.m2/repository/com/sun/xml/bind/jaxb-core/2.3.0.1/jaxb-core-2.3.0.1.jar:/home/user/.m2/repository/javax/xml/bind/jaxb-api/2.3.0/jaxb-api-2.3.0.jar:/home/user/.m2/repository/javax/activation/activation/1.1.1/activation-1.1.1.jar:/home/user/.m2/repository/io/dropwizard/metrics/metrics-core/3.2.4/metrics-core-3.2.4.jar:/home/user/.m2/repository/org/openjdk/jmh/jmh-core/1.19/jmh-core-1.19.jar:/home/user/.m2/repository/net/sf/jopt-simple/jopt-simple/4.6/jopt-simple-4.6.jar:/home/user/.m2/repository/org/openjdk/jmh/jmh-generator-annprocess/1.19/jmh-generator-annprocess-1.19.jar:/home/user/.m2/repository/com/amazonaws/aws-java-sdk-s3/1.11.615/aws-java-sdk-s3-1.11.615.jar:/home/user/.m2/repository/com/amazonaws/aws-java-sdk-kms/1.11.615/aws-java-sdk-kms-1.11.615.jar:/home/user/.m2/repository/com/amazonaws/aws-java-sdk-core/1.11.615/aws-java-sdk-core-1.11.615.jar:/home/user/.m2/repository/software/amazon/ion/ion-java/1.0.2/ion-java-1.0.2.jar:/home/user/.m2/repository/com/fasterxml/jackson/dataformat/jackson-dataformat-cbor/2.9.9/jackson-dataformat-cbor-2.9.9.jar:/home/user/.m2/repository/joda-time/joda-time/2.9.9/joda-time-2.9.9.jar:/home/user/.m2/repository/com/amazonaws/jmespath-java/1.11.615/jmespath-java-1.11.615.jar:/home/user/.m2/repository/com/google/code/findbugs/findbugs/3.0.1/findbugs-3.0.1.jar:/home/user/.m2/repository/net/jcip/jcip-annotations/1.0/jcip-annotations-1.0.jar:/home/user/.m2/repository/com/google/code/findbugs/bcel-findbugs/6.0/bcel-findbugs-6.0.jar:/home/user/.m2/repository/com/google/code/findbugs/jFormatString/2.0.1/jFormatString-2.0.1.jar:/home/user/.m2/repository/dom4j/dom4j/1.6.1/dom4j-1.6.1.jar:/home/user/.m2/repository/xml-apis/xml-apis/1.0.b2/xml-apis-1.0.b2.jar:/home/user/.m2/repository/org/ow2/asm/asm-debug-all/5.0.2/asm-debug-all-5.0.2.jar:/home/user/.m2/repository/org/ow2/asm/asm-commons/5.0.2/asm-commons-5.0.2.jar:/home/user/.m2/repository/org/ow2/asm/asm-tree/5.0.2/asm-tree-5.0.2.jar:/home/user/.m2/repository/org/ow2/asm/asm/5.0.4/asm-5.0.4.jar:/home/user/.m2/repository/commons-lang/commons-lang/2.6/commons-lang-2.6.jar:/home/user/.m2/repository/com/apple/AppleJavaExtensions/1.4/AppleJavaExtensions-1.4.jar:/home/user/.m2/repository/jaxen/jaxen/1.1.6/jaxen-1.1.6.jar:/home/user/.m2/repository/junit/junit/4.11/junit-4.11.jar:/home/user/.m2/repository/org/hamcrest/hamcrest-core/1.3/hamcrest-core-1.3.jar:/home/user/.m2/repository/org/apache/hadoop/hadoop-common/3.2.0/hadoop-common-3.2.0-tests.jar:/workdir/hadoop-ozone/integration-test/target/test-classes:/home/user/.m2/repository/org/apache/hadoop/hadoop-ozone-s3gateway/0.5.0-SNAPSHOT/hadoop-ozone-s3gateway-0.5.0-SNAPSHOT.jar:/home/user/.m2/repository/org/jboss/weld/servlet/weld-servlet/2.4.7.Final/weld-servlet-2.4.7.Final.jar:/home/user/.m2/repository/org/glassfish/jersey/containers/jersey-container-servlet-core/2.27/jersey-container-servlet-core-2.27.jar:/home/user/.m2/repository/org/glassfish/hk2/external/javax.inject/2.5.0-b42/javax.inject-2.5.0-b42.jar:/home/user/.m2/repository/org/glassfish/jersey/core/jersey-common/2.27/jersey-common-2.27.jar:/home/user/.m2/repository/org/glassfish/hk2/osgi-resource-locator/1.0.1/osgi-resource-locator-1.0.1.jar:/home/user/.m2/repository/javax/ws/rs/javax.ws.rs-api/2.1/javax.ws.rs-api-2.1.jar:/home/user/.m2/repository/org/glassfish/jersey/ext/cdi/jersey-cdi1x/2.27/jersey-cdi1x-2.27.jar:/home/user/.m2/repository/org/glassfish/jersey/inject/jersey-hk2/2.27/jersey-hk2-2.27.jar:/home/user/.m2/repository/org/glassfish/hk2/hk2-locator/2.5.0-b42/hk2-locator-2.5.0-b42.jar:/home/user/.m2/repository/org/javassist/javassist/3.22.0-CR2/javassist-3.22.0-CR2.jar:/home/user/.m2/repository/org/glassfish/hk2/hk2-api/2.5.0/hk2-api-2.5.0.jar:/home/user/.m2/repository/org/glassfish/hk2/external/jakarta.inject/2.5.0/jakarta.inject-2.5.0.jar:/home/user/.m2/repository/org/glassfish/hk2/hk2-utils/2.5.0/hk2-utils-2.5.0.jar:/home/user/.m2/repository/jakarta/annotation/jakarta.annotation-api/1.3.4/jakarta.annotation-api-1.3.4.jar:/home/user/.m2/repository/org/glassfish/hk2/external/aopalliance-repackaged/2.5.0/aopalliance-repackaged-2.5.0.jar:/home/user/.m2/repository/com/fasterxml/jackson/dataformat/jackson-dataformat-xml/2.9.0/jackson-dataformat-xml-2.9.0.jar:/home/user/.m2/repository/com/fasterxml/jackson/module/jackson-module-jaxb-annotations/2.9.9/jackson-module-jaxb-annotations-2.9.9.jar:/home/user/.m2/repository/javax/enterprise/cdi-api/1.2/cdi-api-1.2.jar:/home/user/.m2/repository/javax/el/javax.el-api/3.0.0/javax.el-api-3.0.0.jar:/home/user/.m2/repository/javax/interceptor/javax.interceptor-api/1.2/javax.interceptor-api-1.2.jar:/home/user/.m2/repository/javax/inject/javax.inject/1/javax.inject-1.jar:/home/user/.m2/repository/org/apache/hadoop/hadoop-ozone-csi/0.5.0-SNAPSHOT/hadoop-ozone-csi-0.5.0-SNAPSHOT.jar:/home/user/.m2/repository/com/google/protobuf/protobuf-java-util/3.5.1/protobuf-java-util-3.5.1.jar:/home/user/.m2/repository/io/grpc/grpc-netty/1.17.1/grpc-netty-1.17.1.jar:/home/user/.m2/repository/io/grpc/grpc-core/1.17.1/grpc-core-1.17.1.jar:/home/user/.m2/repository/io/grpc/grpc-context/1.17.1/grpc-context-1.17.1.jar:/home/user/.m2/repository/com/google/errorprone/error_prone_annotations/2.2.0/error_prone_annotations-2.2.0.jar:/home/user/.m2/repository/org/codehaus/mojo/animal-sniffer-annotations/1.17/animal-sniffer-annotations-1.17.jar:/home/user/.m2/repository/io/opencensus/opencensus-api/0.17.0/opencensus-api-0.17.0.jar:/home/user/.m2/repository/io/opencensus/opencensus-contrib-grpc-metrics/0.17.0/opencensus-contrib-grpc-metrics-0.17.0.jar:/home/user/.m2/repository/io/netty/netty-codec-http2/4.1.30.Final/netty-codec-http2-4.1.30.Final.jar:/home/user/.m2/repository/io/netty/netty-codec-http/4.1.30.Final/netty-codec-http-4.1.30.Final.jar:/home/user/.m2/repository/io/netty/netty-codec/4.1.30.Final/netty-codec-4.1.30.Final.jar:/home/user/.m2/repository/io/netty/netty-handler/4.1.30.Final/netty-handler-4.1.30.Final.jar:/home/user/.m2/repository/io/netty/netty-handler-proxy/4.1.30.Final/netty-handler-proxy-4.1.30.Final.jar:/home/user/.m2/repository/io/netty/netty-codec-socks/4.1.30.Final/netty-codec-socks-4.1.30.Final.jar:/home/user/.m2/repository/io/netty/netty-transport-native-epoll/4.1.30.Final/netty-transport-native-epoll-4.1.30.Final.jar:/home/user/.m2/repository/io/netty/netty-common/4.1.30.Final/netty-common-4.1.30.Final.jar:/home/user/.m2/repository/io/netty/netty-buffer/4.1.30.Final/netty-buffer-4.1.30.Final.jar:/home/user/.m2/repository/io/netty/netty-transport/4.1.30.Final/netty-transport-4.1.30.Final.jar:/home/user/.m2/repository/io/netty/netty-resolver/4.1.30.Final/netty-resolver-4.1.30.Final.jar:/home/user/.m2/repository/io/netty/netty-transport-native-unix-common/4.1.30.Final/netty-transport-native-unix-common-4.1.30.Final.jar:/home/user/.m2/repository/io/grpc/grpc-protobuf/1.17.1/grpc-protobuf-1.17.1.jar:/home/user/.m2/repository/com/google/api/grpc/proto-google-common-protos/1.0.0/proto-google-common-protos-1.0.0.jar:/home/user/.m2/repository/io/grpc/grpc-protobuf-lite/1.17.1/grpc-protobuf-lite-1.17.1.jar:/home/user/.m2/repository/io/grpc/grpc-stub/1.17.1/grpc-stub-1.17.1.jar:/home/user/.m2/repository/org/apache/hadoop/hadoop-ozone-recon/0.5.0-SNAPSHOT/hadoop-ozone-recon-0.5.0-SNAPSHOT.jar:/home/user/.m2/repository/org/apache/hadoop/hadoop-ozone-reconcodegen/0.5.0-SNAPSHOT/hadoop-ozone-reconcodegen-0.5.0-SNAPSHOT.jar:/home/user/.m2/repository/com/google/inject/extensions/guice-multibindings/4.0/guice-multibindings-4.0.jar:/home/user/.m2/repository/com/google/inject/guice/4.0/guice-4.0.jar:/home/user/.m2/repository/aopalliance/aopalliance/1.0/aopalliance-1.0.jar:/home/user/.m2/repository/com/google/inject/extensions/guice-servlet/4.0/guice-servlet-4.0.jar:/home/user/.m2/repository/org/glassfish/jersey/containers/jersey-container-servlet/2.27/jersey-container-servlet-2.27.jar:/home/user/.m2/repository/org/glassfish/hk2/guice-bridge/2.5.0/guice-bridge-2.5.0.jar:/home/user/.m2/repository/org/glassfish/jersey/core/jersey-server/2.27/jersey-server-2.27.jar:/home/user/.m2/repository/org/glassfish/jersey/core/jersey-client/2.27/jersey-client-2.27.jar:/home/user/.m2/repository/org/glassfish/jersey/media/jersey-media-jaxb/2.27/jersey-media-jaxb-2.27.jar:/home/user/.m2/repository/javax/validation/validation-api/1.1.0.Final/validation-api-1.1.0.Final.jar:/home/user/.m2/repository/org/glassfish/jersey/media/jersey-media-json-jackson/2.27/jersey-media-json-jackson-2.27.jar:/home/user/.m2/repository/org/glassfish/jersey/ext/jersey-entity-filtering/2.27/jersey-entity-filtering-2.27.jar:/home/user/.m2/repository/com/google/inject/extensions/guice-assistedinject/4.0/guice-assistedinject-4.0.jar:/home/user/.m2/repository/org/jooq/jooq/3.11.10/jooq-3.11.10.jar:/home/user/.m2/repository/org/jooq/jooq-meta/3.11.10/jooq-meta-3.11.10.jar:/home/user/.m2/repository/org/jooq/jooq-codegen/3.11.10/jooq-codegen-3.11.10.jar:/home/user/.m2/repository/com/jolbox/bonecp/0.8.0.RELEASE/bonecp-0.8.0.RELEASE.jar:/home/user/.m2/repository/org/springframework/spring-jdbc/5.1.3.RELEASE/spring-jdbc-5.1.3.RELEASE.jar:/home/user/.m2/repository/org/springframework/spring-beans/5.1.3.RELEASE/spring-beans-5.1.3.RELEASE.jar:/home/user/.m2/repository/org/springframework/spring-core/5.1.3.RELEASE/spring-core-5.1.3.RELEASE.jar:/home/user/.m2/repository/org/springframework/spring-jcl/5.1.3.RELEASE/spring-jcl-5.1.3.RELEASE.jar:/home/user/.m2/repository/org/springframework/spring-tx/5.1.3.RELEASE/spring-tx-5.1.3.RELEASE.jar:/home/user/.m2/repository/org/mockito/mockito-core/2.15.0/mockito-core-2.15.0.jar:/home/user/.m2/repository/net/bytebuddy/byte-buddy/1.7.9/byte-buddy-1.7.9.jar:/home/user/.m2/repository/net/bytebuddy/byte-buddy-agent/1.7.9/byte-buddy-agent-1.7.9.jar:/home/user/.m2/repository/org/objenesis/objenesis/1.0/objenesis-1.0.jar:"/>
    <property name="java.vm.vendor" value="IcedTea"/>
    <property name="sun.arch.data.model" value="64"/>
    <property name="test.build.dir" value="/workdir/hadoop-ozone/tools/target/test-dir"/>
    <property name="test.cache.data" value=""/>
    <property name="java.vendor.url" value="https://icedtea.classpath.org"/>
    <property name="user.timezone" value=""/>
    <property name="java.vm.specification.version" value="1.8"/>
    <property name="os.name" value="Linux"/>
    <property name="test.build.data" value="/workdir/hadoop-ozone/tools/target/test-dir"/>
    <property name="user.country" value="US"/>
    <property name="sun.java.launcher" value="SUN_STANDARD"/>
    <property name="sun.boot.library.path" value="/usr/lib/jvm/java-1.8-openjdk/jre/lib/amd64"/>
    <property name="sun.java.command" value="/workdir/hadoop-ozone/tools/target/surefire/surefirebooter1599616623779837767.jar /workdir/hadoop-ozone/tools/target/surefire 2019-09-25T11-13-37_982-jvmRun1 surefire3022456398558962942tmp surefire_1097204530022154329214tmp"/>
    <property name="test" value="!TestMiniChaosOzoneCluster"/>
    <property name="surefire.test.class.path" value="/workdir/hadoop-ozone/tools/target/test-classes:/workdir/hadoop-ozone/tools/target/classes:/home/user/.m2/repository/org/apache/hadoop/hadoop-ozone-ozone-manager/0.5.0-SNAPSHOT/hadoop-ozone-ozone-manager-0.5.0-SNAPSHOT.jar:/home/user/.m2/repository/org/apache/hadoop/hadoop-hdds-docs/0.5.0-SNAPSHOT/hadoop-hdds-docs-0.5.0-SNAPSHOT.jar:/home/user/.m2/repository/org/bouncycastle/bcprov-jdk15on/1.60/bcprov-jdk15on-1.60.jar:/home/user/.m2/repository/org/apache/hadoop/hadoop-ozone-common/0.5.0-SNAPSHOT/hadoop-ozone-common-0.5.0-SNAPSHOT.jar:/home/user/.m2/repository/org/apache/commons/commons-compress/1.4.1/commons-compress-1.4.1.jar:/home/user/.m2/repository/org/tukaani/xz/1.0/xz-1.0.jar:/home/user/.m2/repository/org/apache/hadoop/hadoop-hdfs-client/3.2.0/hadoop-hdfs-client-3.2.0.jar:/home/user/.m2/repository/com/fasterxml/jackson/core/jackson-annotations/2.9.9/jackson-annotations-2.9.9.jar:/home/user/.m2/repository/org/apache/hadoop/hadoop-hdds-common/0.5.0-SNAPSHOT/hadoop-hdds-common-0.5.0-SNAPSHOT.jar:/home/user/.m2/repository/org/apache/hadoop/hadoop-hdds-config/0.5.0-SNAPSHOT/hadoop-hdds-config-0.5.0-SNAPSHOT.jar:/home/user/.m2/repository/javax/annotation/javax.annotation-api/1.2/javax.annotation-api-1.2.jar:/home/user/.m2/repository/org/apache/ratis/ratis-server/0.4.0/ratis-server-0.4.0.jar:/home/user/.m2/repository/org/apache/ratis/ratis-thirdparty-misc/0.2.0/ratis-thirdparty-misc-0.2.0.jar:/home/user/.m2/repository/org/apache/ratis/ratis-proto/0.4.0/ratis-proto-0.4.0.jar:/home/user/.m2/repository/org/apache/ratis/ratis-common/0.4.0/ratis-common-0.4.0.jar:/home/user/.m2/repository/org/apache/ratis/ratis-client/0.4.0/ratis-client-0.4.0.jar:/home/user/.m2/repository/org/apache/ratis/ratis-metrics/0.4.0/ratis-metrics-0.4.0.jar:/home/user/.m2/repository/com/github/joshelser/dropwizard-metrics-hadoop-metrics2-reporter/0.1.2/dropwizard-metrics-hadoop-metrics2-reporter-0.1.2.jar:/home/user/.m2/repository/io/dropwizard/metrics/metrics-jvm/3.2.5/metrics-jvm-3.2.5.jar:/home/user/.m2/repository/io/dropwizard/metrics/metrics-ganglia/3.2.5/metrics-ganglia-3.2.5.jar:/home/user/.m2/repository/info/ganglia/gmetric4j/gmetric4j/1.0.7/gmetric4j-1.0.7.jar:/home/user/.m2/repository/org/apache/ratis/ratis-netty/0.4.0/ratis-netty-0.4.0.jar:/home/user/.m2/repository/org/apache/ratis/ratis-grpc/0.4.0/ratis-grpc-0.4.0.jar:/home/user/.m2/repository/org/rocksdb/rocksdbjni/6.0.1/rocksdbjni-6.0.1.jar:/home/user/.m2/repository/org/apache/logging/log4j/log4j-api/2.11.0/log4j-api-2.11.0.jar:/home/user/.m2/repository/org/apache/logging/log4j/log4j-core/2.11.0/log4j-core-2.11.0.jar:/home/user/.m2/repository/com/lmax/disruptor/3.4.2/disruptor-3.4.2.jar:/home/user/.m2/repository/org/apache/commons/commons-pool2/2.6.0/commons-pool2-2.6.0.jar:/home/user/.m2/repository/org/bouncycastle/bcpkix-jdk15on/1.60/bcpkix-jdk15on-1.60.jar:/home/user/.m2/repository/commons-validator/commons-validator/1.6/commons-validator-1.6.jar:/home/user/.m2/repository/commons-digester/commons-digester/1.8.1/commons-digester-1.8.1.jar:/home/user/.m2/repository/io/jaegertracing/jaeger-client/0.34.0/jaeger-client-0.34.0.jar:/home/user/.m2/repository/io/jaegertracing/jaeger-thrift/0.34.0/jaeger-thrift-0.34.0.jar:/home/user/.m2/repository/org/apache/thrift/libthrift/0.12.0/libthrift-0.12.0.jar:/home/user/.m2/repository/com/squareup/okhttp3/okhttp/3.9.0/okhttp-3.9.0.jar:/home/user/.m2/repository/com/squareup/okio/okio/1.13.0/okio-1.13.0.jar:/home/user/.m2/repository/io/jaegertracing/jaeger-core/0.34.0/jaeger-core-0.34.0.jar:/home/user/.m2/repository/io/jaegertracing/jaeger-tracerresolver/0.34.0/jaeger-tracerresolver-0.34.0.jar:/home/user/.m2/repository/io/opentracing/contrib/opentracing-tracerresolver/0.1.5/opentracing-tracerresolver-0.1.5.jar:/home/user/.m2/repository/io/opentracing/opentracing-util/0.31.0/opentracing-util-0.31.0.jar:/home/user/.m2/repository/io/opentracing/opentracing-api/0.31.0/opentracing-api-0.31.0.jar:/home/user/.m2/repository/io/opentracing/opentracing-noop/0.31.0/opentracing-noop-0.31.0.jar:/home/user/.m2/repository/org/yaml/snakeyaml/1.16/snakeyaml-1.16.jar:/home/user/.m2/repository/org/apache/hadoop/hadoop-hdds-container-service/0.5.0-SNAPSHOT/hadoop-hdds-container-service-0.5.0-SNAPSHOT.jar:/home/user/.m2/repository/org/apache/hadoop/hadoop-hdds-client/0.5.0-SNAPSHOT/hadoop-hdds-client-0.5.0-SNAPSHOT.jar:/home/user/.m2/repository/org/apache/hadoop/hadoop-hdds-tools/0.5.0-SNAPSHOT/hadoop-hdds-tools-0.5.0-SNAPSHOT.jar:/home/user/.m2/repository/org/xerial/sqlite-jdbc/3.25.2/sqlite-jdbc-3.25.2.jar:/home/user/.m2/repository/org/apache/hadoop/hadoop-hdds-server-scm/0.5.0-SNAPSHOT/hadoop-hdds-server-scm-0.5.0-SNAPSHOT.jar:/home/user/.m2/repository/org/hamcrest/hamcrest-all/1.3/hamcrest-all-1.3.jar:/home/user/.m2/repository/info/picocli/picocli/3.9.6/picocli-3.9.6.jar:/home/user/.m2/repository/com/google/protobuf/protobuf-java/2.5.0/protobuf-java-2.5.0.jar:/home/user/.m2/repository/com/google/guava/guava/11.0.2/guava-11.0.2.jar:/home/user/.m2/repository/org/apache/hadoop/hadoop-ozone-client/0.5.0-SNAPSHOT/hadoop-ozone-client-0.5.0-SNAPSHOT.jar:/workdir/hadoop-ozone/ozonefs/target/classes:/home/user/.m2/repository/org/apache/hadoop/hadoop-hdds-server-framework/0.5.0-SNAPSHOT/hadoop-hdds-server-framework-0.5.0-SNAPSHOT.jar:/home/user/.m2/repository/org/apache/hadoop/hadoop-common/3.2.0/hadoop-common-3.2.0.jar:/home/user/.m2/repository/org/apache/hadoop/hadoop-annotations/3.2.0/hadoop-annotations-3.2.0.jar:/usr/lib/jvm/java-1.8-openjdk/jre/../lib/tools.jar:/home/user/.m2/repository/commons-cli/commons-cli/1.2/commons-cli-1.2.jar:/home/user/.m2/repository/org/apache/commons/commons-math3/3.1.1/commons-math3-3.1.1.jar:/home/user/.m2/repository/org/apache/httpcomponents/httpclient/4.5.2/httpclient-4.5.2.jar:/home/user/.m2/repository/org/apache/httpcomponents/httpcore/4.4.4/httpcore-4.4.4.jar:/home/user/.m2/repository/commons-codec/commons-codec/1.11/commons-codec-1.11.jar:/home/user/.m2/repository/commons-io/commons-io/2.5/commons-io-2.5.jar:/home/user/.m2/repository/commons-net/commons-net/3.6/commons-net-3.6.jar:/home/user/.m2/repository/commons-collections/commons-collections/3.2.2/commons-collections-3.2.2.jar:/home/user/.m2/repository/javax/servlet/javax.servlet-api/3.1.0/javax.servlet-api-3.1.0.jar:/home/user/.m2/repository/org/eclipse/jetty/jetty-server/9.3.25.v20180904/jetty-server-9.3.25.v20180904.jar:/home/user/.m2/repository/org/eclipse/jetty/jetty-http/9.3.25.v20180904/jetty-http-9.3.25.v20180904.jar:/home/user/.m2/repository/org/eclipse/jetty/jetty-io/9.3.25.v20180904/jetty-io-9.3.25.v20180904.jar:/home/user/.m2/repository/org/eclipse/jetty/jetty-util/9.3.25.v20180904/jetty-util-9.3.25.v20180904.jar:/home/user/.m2/repository/org/eclipse/jetty/jetty-servlet/9.3.25.v20180904/jetty-servlet-9.3.25.v20180904.jar:/home/user/.m2/repository/org/eclipse/jetty/jetty-security/9.3.25.v20180904/jetty-security-9.3.25.v20180904.jar:/home/user/.m2/repository/org/eclipse/jetty/jetty-webapp/9.3.25.v20180904/jetty-webapp-9.3.25.v20180904.jar:/home/user/.m2/repository/org/eclipse/jetty/jetty-xml/9.3.25.v20180904/jetty-xml-9.3.25.v20180904.jar:/home/user/.m2/repository/javax/servlet/jsp/jsp-api/2.1/jsp-api-2.1.jar:/home/user/.m2/repository/com/sun/jersey/jersey-core/1.19/jersey-core-1.19.jar:/home/user/.m2/repository/javax/ws/rs/jsr311-api/1.1.1/jsr311-api-1.1.1.jar:/home/user/.m2/repository/com/sun/jersey/jersey-servlet/1.19/jersey-servlet-1.19.jar:/home/user/.m2/repository/com/sun/jersey/jersey-json/1.19/jersey-json-1.19.jar:/home/user/.m2/repository/org/codehaus/jettison/jettison/1.1/jettison-1.1.jar:/home/user/.m2/repository/com/sun/xml/bind/jaxb-impl/2.3.0.1/jaxb-impl-2.3.0.1.jar:/home/user/.m2/repository/org/codehaus/jackson/jackson-core-asl/1.9.13/jackson-core-asl-1.9.13.jar:/home/user/.m2/repository/org/codehaus/jackson/jackson-mapper-asl/1.9.13/jackson-mapper-asl-1.9.13.jar:/home/user/.m2/repository/org/codehaus/jackson/jackson-jaxrs/1.9.13/jackson-jaxrs-1.9.13.jar:/home/user/.m2/repository/org/codehaus/jackson/jackson-xc/1.9.13/jackson-xc-1.9.13.jar:/home/user/.m2/repository/com/sun/jersey/jersey-server/1.19/jersey-server-1.19.jar:/home/user/.m2/repository/commons-logging/commons-logging/1.1.3/commons-logging-1.1.3.jar:/home/user/.m2/repository/log4j/log4j/1.2.17/log4j-1.2.17.jar:/home/user/.m2/repository/commons-beanutils/commons-beanutils/1.9.4/commons-beanutils-1.9.4.jar:/home/user/.m2/repository/org/apache/commons/commons-configuration2/2.1.1/commons-configuration2-2.1.1.jar:/home/user/.m2/repository/org/apache/commons/commons-lang3/3.7/commons-lang3-3.7.jar:/home/user/.m2/repository/org/apache/commons/commons-text/1.4/commons-text-1.4.jar:/home/user/.m2/repository/org/slf4j/slf4j-api/1.7.25/slf4j-api-1.7.25.jar:/home/user/.m2/repository/org/slf4j/slf4j-log4j12/1.7.25/slf4j-log4j12-1.7.25.jar:/home/user/.m2/repository/org/apache/avro/avro/1.7.7/avro-1.7.7.jar:/home/user/.m2/repository/com/thoughtworks/paranamer/paranamer/2.3/paranamer-2.3.jar:/home/user/.m2/repository/org/xerial/snappy/snappy-java/1.0.5/snappy-java-1.0.5.jar:/home/user/.m2/repository/com/google/re2j/re2j/1.1/re2j-1.1.jar:/home/user/.m2/repository/com/google/code/gson/gson/2.2.4/gson-2.2.4.jar:/home/user/.m2/repository/org/apache/hadoop/hadoop-auth/3.2.0/hadoop-auth-3.2.0.jar:/home/user/.m2/repository/com/nimbusds/nimbus-jose-jwt/4.41.1/nimbus-jose-jwt-4.41.1.jar:/home/user/.m2/repository/com/github/stephenc/jcip/jcip-annotations/1.0-1/jcip-annotations-1.0-1.jar:/home/user/.m2/repository/net/minidev/json-smart/2.3/json-smart-2.3.jar:/home/user/.m2/repository/net/minidev/accessors-smart/1.2/accessors-smart-1.2.jar:/home/user/.m2/repository/org/apache/curator/curator-framework/2.12.0/curator-framework-2.12.0.jar:/home/user/.m2/repository/com/jcraft/jsch/0.1.54/jsch-0.1.54.jar:/home/user/.m2/repository/org/apache/curator/curator-client/2.12.0/curator-client-2.12.0.jar:/home/user/.m2/repository/org/apache/curator/curator-recipes/2.12.0/curator-recipes-2.12.0.jar:/home/user/.m2/repository/com/google/code/findbugs/jsr305/3.0.0/jsr305-3.0.0.jar:/home/user/.m2/repository/org/apache/htrace/htrace-core4/4.1.0-incubating/htrace-core4-4.1.0-incubating.jar:/home/user/.m2/repository/org/apache/zookeeper/zookeeper/3.4.13/zookeeper-3.4.13.jar:/home/user/.m2/repository/jline/jline/0.9.94/jline-0.9.94.jar:/home/user/.m2/repository/org/apache/yetus/audience-annotations/0.5.0/audience-annotations-0.5.0.jar:/home/user/.m2/repository/org/apache/kerby/kerb-simplekdc/1.0.1/kerb-simplekdc-1.0.1.jar:/home/user/.m2/repository/org/apache/kerby/kerb-client/1.0.1/kerb-client-1.0.1.jar:/home/user/.m2/repository/org/apache/kerby/kerby-config/1.0.1/kerby-config-1.0.1.jar:/home/user/.m2/repository/org/apache/kerby/kerb-core/1.0.1/kerb-core-1.0.1.jar:/home/user/.m2/repository/org/apache/kerby/kerby-pkix/1.0.1/kerby-pkix-1.0.1.jar:/home/user/.m2/repository/org/apache/kerby/kerby-asn1/1.0.1/kerby-asn1-1.0.1.jar:/home/user/.m2/repository/org/apache/kerby/kerby-util/1.0.1/kerby-util-1.0.1.jar:/home/user/.m2/repository/org/apache/kerby/kerb-common/1.0.1/kerb-common-1.0.1.jar:/home/user/.m2/repository/org/apache/kerby/kerb-crypto/1.0.1/kerb-crypto-1.0.1.jar:/home/user/.m2/repository/org/apache/kerby/kerb-util/1.0.1/kerb-util-1.0.1.jar:/home/user/.m2/repository/org/apache/kerby/token-provider/1.0.1/token-provider-1.0.1.jar:/home/user/.m2/repository/org/apache/kerby/kerb-admin/1.0.1/kerb-admin-1.0.1.jar:/home/user/.m2/repository/org/apache/kerby/kerb-server/1.0.1/kerb-server-1.0.1.jar:/home/user/.m2/repository/org/apache/kerby/kerb-identity/1.0.1/kerb-identity-1.0.1.jar:/home/user/.m2/repository/org/apache/kerby/kerby-xdr/1.0.1/kerby-xdr-1.0.1.jar:/home/user/.m2/repository/com/fasterxml/jackson/core/jackson-databind/2.9.9/jackson-databind-2.9.9.jar:/home/user/.m2/repository/com/fasterxml/jackson/core/jackson-core/2.9.9/jackson-core-2.9.9.jar:/home/user/.m2/repository/org/codehaus/woodstox/stax2-api/3.1.4/stax2-api-3.1.4.jar:/home/user/.m2/repository/com/fasterxml/woodstox/woodstox-core/5.0.3/woodstox-core-5.0.3.jar:/home/user/.m2/repository/dnsjava/dnsjava/2.1.7/dnsjava-2.1.7.jar:/home/user/.m2/repository/org/apache/hadoop/hadoop-hdfs/3.2.0/hadoop-hdfs-3.2.0.jar:/home/user/.m2/repository/org/eclipse/jetty/jetty-util-ajax/9.3.25.v20180904/jetty-util-ajax-9.3.25.v20180904.jar:/home/user/.m2/repository/commons-daemon/commons-daemon/1.0.13/commons-daemon-1.0.13.jar:/home/user/.m2/repository/io/netty/netty/3.10.5.Final/netty-3.10.5.Final.jar:/home/user/.m2/repository/io/netty/netty-all/4.0.52.Final/netty-all-4.0.52.Final.jar:/home/user/.m2/repository/org/fusesource/leveldbjni/leveldbjni-all/1.8/leveldbjni-all-1.8.jar:/home/user/.m2/repository/com/sun/xml/bind/jaxb-core/2.3.0.1/jaxb-core-2.3.0.1.jar:/home/user/.m2/repository/javax/xml/bind/jaxb-api/2.3.0/jaxb-api-2.3.0.jar:/home/user/.m2/repository/javax/activation/activation/1.1.1/activation-1.1.1.jar:/home/user/.m2/repository/io/dropwizard/metrics/metrics-core/3.2.4/metrics-core-3.2.4.jar:/home/user/.m2/repository/org/openjdk/jmh/jmh-core/1.19/jmh-core-1.19.jar:/home/user/.m2/repository/net/sf/jopt-simple/jopt-simple/4.6/jopt-simple-4.6.jar:/home/user/.m2/repository/org/openjdk/jmh/jmh-generator-annprocess/1.19/jmh-generator-annprocess-1.19.jar:/home/user/.m2/repository/com/amazonaws/aws-java-sdk-s3/1.11.615/aws-java-sdk-s3-1.11.615.jar:/home/user/.m2/repository/com/amazonaws/aws-java-sdk-kms/1.11.615/aws-java-sdk-kms-1.11.615.jar:/home/user/.m2/repository/com/amazonaws/aws-java-sdk-core/1.11.615/aws-java-sdk-core-1.11.615.jar:/home/user/.m2/repository/software/amazon/ion/ion-java/1.0.2/ion-java-1.0.2.jar:/home/user/.m2/repository/com/fasterxml/jackson/dataformat/jackson-dataformat-cbor/2.9.9/jackson-dataformat-cbor-2.9.9.jar:/home/user/.m2/repository/joda-time/joda-time/2.9.9/joda-time-2.9.9.jar:/home/user/.m2/repository/com/amazonaws/jmespath-java/1.11.615/jmespath-java-1.11.615.jar:/home/user/.m2/repository/com/google/code/findbugs/findbugs/3.0.1/findbugs-3.0.1.jar:/home/user/.m2/repository/net/jcip/jcip-annotations/1.0/jcip-annotations-1.0.jar:/home/user/.m2/repository/com/google/code/findbugs/bcel-findbugs/6.0/bcel-findbugs-6.0.jar:/home/user/.m2/repository/com/google/code/findbugs/jFormatString/2.0.1/jFormatString-2.0.1.jar:/home/user/.m2/repository/dom4j/dom4j/1.6.1/dom4j-1.6.1.jar:/home/user/.m2/repository/xml-apis/xml-apis/1.0.b2/xml-apis-1.0.b2.jar:/home/user/.m2/repository/org/ow2/asm/asm-debug-all/5.0.2/asm-debug-all-5.0.2.jar:/home/user/.m2/repository/org/ow2/asm/asm-commons/5.0.2/asm-commons-5.0.2.jar:/home/user/.m2/repository/org/ow2/asm/asm-tree/5.0.2/asm-tree-5.0.2.jar:/home/user/.m2/repository/org/ow2/asm/asm/5.0.4/asm-5.0.4.jar:/home/user/.m2/repository/commons-lang/commons-lang/2.6/commons-lang-2.6.jar:/home/user/.m2/repository/com/apple/AppleJavaExtensions/1.4/AppleJavaExtensions-1.4.jar:/home/user/.m2/repository/jaxen/jaxen/1.1.6/jaxen-1.1.6.jar:/home/user/.m2/repository/junit/junit/4.11/junit-4.11.jar:/home/user/.m2/repository/org/hamcrest/hamcrest-core/1.3/hamcrest-core-1.3.jar:/home/user/.m2/repository/org/apache/hadoop/hadoop-common/3.2.0/hadoop-common-3.2.0-tests.jar:/workdir/hadoop-ozone/integration-test/target/test-classes:/home/user/.m2/repository/org/apache/hadoop/hadoop-ozone-s3gateway/0.5.0-SNAPSHOT/hadoop-ozone-s3gateway-0.5.0-SNAPSHOT.jar:/home/user/.m2/repository/org/jboss/weld/servlet/weld-servlet/2.4.7.Final/weld-servlet-2.4.7.Final.jar:/home/user/.m2/repository/org/glassfish/jersey/containers/jersey-container-servlet-core/2.27/jersey-container-servlet-core-2.27.jar:/home/user/.m2/repository/org/glassfish/hk2/external/javax.inject/2.5.0-b42/javax.inject-2.5.0-b42.jar:/home/user/.m2/repository/org/glassfish/jersey/core/jersey-common/2.27/jersey-common-2.27.jar:/home/user/.m2/repository/org/glassfish/hk2/osgi-resource-locator/1.0.1/osgi-resource-locator-1.0.1.jar:/home/user/.m2/repository/javax/ws/rs/javax.ws.rs-api/2.1/javax.ws.rs-api-2.1.jar:/home/user/.m2/repository/org/glassfish/jersey/ext/cdi/jersey-cdi1x/2.27/jersey-cdi1x-2.27.jar:/home/user/.m2/repository/org/glassfish/jersey/inject/jersey-hk2/2.27/jersey-hk2-2.27.jar:/home/user/.m2/repository/org/glassfish/hk2/hk2-locator/2.5.0-b42/hk2-locator-2.5.0-b42.jar:/home/user/.m2/repository/org/javassist/javassist/3.22.0-CR2/javassist-3.22.0-CR2.jar:/home/user/.m2/repository/org/glassfish/hk2/hk2-api/2.5.0/hk2-api-2.5.0.jar:/home/user/.m2/repository/org/glassfish/hk2/external/jakarta.inject/2.5.0/jakarta.inject-2.5.0.jar:/home/user/.m2/repository/org/glassfish/hk2/hk2-utils/2.5.0/hk2-utils-2.5.0.jar:/home/user/.m2/repository/jakarta/annotation/jakarta.annotation-api/1.3.4/jakarta.annotation-api-1.3.4.jar:/home/user/.m2/repository/org/glassfish/hk2/external/aopalliance-repackaged/2.5.0/aopalliance-repackaged-2.5.0.jar:/home/user/.m2/repository/com/fasterxml/jackson/dataformat/jackson-dataformat-xml/2.9.0/jackson-dataformat-xml-2.9.0.jar:/home/user/.m2/repository/com/fasterxml/jackson/module/jackson-module-jaxb-annotations/2.9.9/jackson-module-jaxb-annotations-2.9.9.jar:/home/user/.m2/repository/javax/enterprise/cdi-api/1.2/cdi-api-1.2.jar:/home/user/.m2/repository/javax/el/javax.el-api/3.0.0/javax.el-api-3.0.0.jar:/home/user/.m2/repository/javax/interceptor/javax.interceptor-api/1.2/javax.interceptor-api-1.2.jar:/home/user/.m2/repository/javax/inject/javax.inject/1/javax.inject-1.jar:/home/user/.m2/repository/org/apache/hadoop/hadoop-ozone-csi/0.5.0-SNAPSHOT/hadoop-ozone-csi-0.5.0-SNAPSHOT.jar:/home/user/.m2/repository/com/google/protobuf/protobuf-java-util/3.5.1/protobuf-java-util-3.5.1.jar:/home/user/.m2/repository/io/grpc/grpc-netty/1.17.1/grpc-netty-1.17.1.jar:/home/user/.m2/repository/io/grpc/grpc-core/1.17.1/grpc-core-1.17.1.jar:/home/user/.m2/repository/io/grpc/grpc-context/1.17.1/grpc-context-1.17.1.jar:/home/user/.m2/repository/com/google/errorprone/error_prone_annotations/2.2.0/error_prone_annotations-2.2.0.jar:/home/user/.m2/repository/org/codehaus/mojo/animal-sniffer-annotations/1.17/animal-sniffer-annotations-1.17.jar:/home/user/.m2/repository/io/opencensus/opencensus-api/0.17.0/opencensus-api-0.17.0.jar:/home/user/.m2/repository/io/opencensus/opencensus-contrib-grpc-metrics/0.17.0/opencensus-contrib-grpc-metrics-0.17.0.jar:/home/user/.m2/repository/io/netty/netty-codec-http2/4.1.30.Final/netty-codec-http2-4.1.30.Final.jar:/home/user/.m2/repository/io/netty/netty-codec-http/4.1.30.Final/netty-codec-http-4.1.30.Final.jar:/home/user/.m2/repository/io/netty/netty-codec/4.1.30.Final/netty-codec-4.1.30.Final.jar:/home/user/.m2/repository/io/netty/netty-handler/4.1.30.Final/netty-handler-4.1.30.Final.jar:/home/user/.m2/repository/io/netty/netty-handler-proxy/4.1.30.Final/netty-handler-proxy-4.1.30.Final.jar:/home/user/.m2/repository/io/netty/netty-codec-socks/4.1.30.Final/netty-codec-socks-4.1.30.Final.jar:/home/user/.m2/repository/io/netty/netty-transport-native-epoll/4.1.30.Final/netty-transport-native-epoll-4.1.30.Final.jar:/home/user/.m2/repository/io/netty/netty-common/4.1.30.Final/netty-common-4.1.30.Final.jar:/home/user/.m2/repository/io/netty/netty-buffer/4.1.30.Final/netty-buffer-4.1.30.Final.jar:/home/user/.m2/repository/io/netty/netty-transport/4.1.30.Final/netty-transport-4.1.30.Final.jar:/home/user/.m2/repository/io/netty/netty-resolver/4.1.30.Final/netty-resolver-4.1.30.Final.jar:/home/user/.m2/repository/io/netty/netty-transport-native-unix-common/4.1.30.Final/netty-transport-native-unix-common-4.1.30.Final.jar:/home/user/.m2/repository/io/grpc/grpc-protobuf/1.17.1/grpc-protobuf-1.17.1.jar:/home/user/.m2/repository/com/google/api/grpc/proto-google-common-protos/1.0.0/proto-google-common-protos-1.0.0.jar:/home/user/.m2/repository/io/grpc/grpc-protobuf-lite/1.17.1/grpc-protobuf-lite-1.17.1.jar:/home/user/.m2/repository/io/grpc/grpc-stub/1.17.1/grpc-stub-1.17.1.jar:/home/user/.m2/repository/org/apache/hadoop/hadoop-ozone-recon/0.5.0-SNAPSHOT/hadoop-ozone-recon-0.5.0-SNAPSHOT.jar:/home/user/.m2/repository/org/apache/hadoop/hadoop-ozone-reconcodegen/0.5.0-SNAPSHOT/hadoop-ozone-reconcodegen-0.5.0-SNAPSHOT.jar:/home/user/.m2/repository/com/google/inject/extensions/guice-multibindings/4.0/guice-multibindings-4.0.jar:/home/user/.m2/repository/com/google/inject/guice/4.0/guice-4.0.jar:/home/user/.m2/repository/aopalliance/aopalliance/1.0/aopalliance-1.0.jar:/home/user/.m2/repository/com/google/inject/extensions/guice-servlet/4.0/guice-servlet-4.0.jar:/home/user/.m2/repository/org/glassfish/jersey/containers/jersey-container-servlet/2.27/jersey-container-servlet-2.27.jar:/home/user/.m2/repository/org/glassfish/hk2/guice-bridge/2.5.0/guice-bridge-2.5.0.jar:/home/user/.m2/repository/org/glassfish/jersey/core/jersey-server/2.27/jersey-server-2.27.jar:/home/user/.m2/repository/org/glassfish/jersey/core/jersey-client/2.27/jersey-client-2.27.jar:/home/user/.m2/repository/org/glassfish/jersey/media/jersey-media-jaxb/2.27/jersey-media-jaxb-2.27.jar:/home/user/.m2/repository/javax/validation/validation-api/1.1.0.Final/validation-api-1.1.0.Final.jar:/home/user/.m2/repository/org/glassfish/jersey/media/jersey-media-json-jackson/2.27/jersey-media-json-jackson-2.27.jar:/home/user/.m2/repository/org/glassfish/jersey/ext/jersey-entity-filtering/2.27/jersey-entity-filtering-2.27.jar:/home/user/.m2/repository/com/google/inject/extensions/guice-assistedinject/4.0/guice-assistedinject-4.0.jar:/home/user/.m2/repository/org/jooq/jooq/3.11.10/jooq-3.11.10.jar:/home/user/.m2/repository/org/jooq/jooq-meta/3.11.10/jooq-meta-3.11.10.jar:/home/user/.m2/repository/org/jooq/jooq-codegen/3.11.10/jooq-codegen-3.11.10.jar:/home/user/.m2/repository/com/jolbox/bonecp/0.8.0.RELEASE/bonecp-0.8.0.RELEASE.jar:/home/user/.m2/repository/org/springframework/spring-jdbc/5.1.3.RELEASE/spring-jdbc-5.1.3.RELEASE.jar:/home/user/.m2/repository/org/springframework/spring-beans/5.1.3.RELEASE/spring-beans-5.1.3.RELEASE.jar:/home/user/.m2/repository/org/springframework/spring-core/5.1.3.RELEASE/spring-core-5.1.3.RELEASE.jar:/home/user/.m2/repository/org/springframework/spring-jcl/5.1.3.RELEASE/spring-jcl-5.1.3.RELEASE.jar:/home/user/.m2/repository/org/springframework/spring-tx/5.1.3.RELEASE/spring-tx-5.1.3.RELEASE.jar:/home/user/.m2/repository/org/mockito/mockito-core/2.15.0/mockito-core-2.15.0.jar:/home/user/.m2/repository/net/bytebuddy/byte-buddy/1.7.9/byte-buddy-1.7.9.jar:/home/user/.m2/repository/net/bytebuddy/byte-buddy-agent/1.7.9/byte-buddy-agent-1.7.9.jar:/home/user/.m2/repository/org/objenesis/objenesis/1.0/objenesis-1.0.jar:"/>
    <property name="sun.cpu.endian" value="little"/>
    <property name="user.home" value="/home/user"/>
    <property name="user.language" value="en"/>
    <property name="java.specification.vendor" value="Oracle Corporation"/>
    <property name="java.home" value="/usr/lib/jvm/java-1.8-openjdk/jre"/>
    <property name="java.security.krb5.conf" value="/workdir/hadoop-ozone/tools/target/test-classes/krb5.conf"/>
    <property name="basedir" value="/workdir/hadoop-ozone/tools"/>
    <property name="file.separator" value="/"/>
    <property name="line.separator" value="&#10;"/>
    <property name="java.vm.specification.vendor" value="Oracle Corporation"/>
    <property name="java.specification.name" value="Java Platform API Specification"/>
    <property name="java.awt.graphicsenv" value="sun.awt.X11GraphicsEnvironment"/>
    <property name="surefire.real.class.path" value="/workdir/hadoop-ozone/tools/target/surefire/surefirebooter1599616623779837767.jar"/>
    <property name="hadoop.log.dir" value="/workdir/hadoop-ozone/tools/target/log"/>
    <property name="sun.boot.class.path" value="/usr/lib/jvm/java-1.8-openjdk/jre/lib/resources.jar:/usr/lib/jvm/java-1.8-openjdk/jre/lib/rt.jar:/usr/lib/jvm/java-1.8-openjdk/jre/lib/sunrsasign.jar:/usr/lib/jvm/java-1.8-openjdk/jre/lib/jsse.jar:/usr/lib/jvm/java-1.8-openjdk/jre/lib/jce.jar:/usr/lib/jvm/java-1.8-openjdk/jre/lib/charsets.jar:/usr/lib/jvm/java-1.8-openjdk/jre/lib/jfr.jar:/usr/lib/jvm/java-1.8-openjdk/jre/classes"/>
    <property name="sun.management.compiler" value="HotSpot 64-Bit Tiered Compilers"/>
    <property name="java.runtime.version" value="1.8.0_212-b04"/>
    <property name="java.net.preferIPv4Stack" value="true"/>
    <property name="user.name" value="jenkins1000"/>
    <property name="path.separator" value=":"/>
    <property name="java.security.egd" value="file:///dev/urandom"/>
    <property name="os.version" value="3.10.0-957.12.2.el7.x86_64"/>
    <property name="java.endorsed.dirs" value="/usr/lib/jvm/java-1.8-openjdk/jre/lib/endorsed"/>
    <property name="java.runtime.name" value="OpenJDK Runtime Environment"/>
    <property name="file.encoding" value="UTF-8"/>
    <property name="java.vm.name" value="OpenJDK 64-Bit Server VM"/>
    <property name="test.build.webapps" value=""/>
    <property name="localRepository" value="/home/user/.m2/repository"/>
    <property name="java.vendor.url.bug" value="https://icedtea.classpath.org/bugzilla"/>
    <property name="java.io.tmpdir" value="/tmp"/>
    <property name="require.test.libhadoop" value=""/>
    <property name="java.version" value="1.8.0_212"/>
    <property name="user.dir" value="/workdir/hadoop-ozone/tools"/>
    <property name="os.arch" value="amd64"/>
    <property name="java.vm.specification.name" value="Java Virtual Machine Specification"/>
    <property name="test.build.classes" value="/workdir/hadoop-ozone/tools/target/test-classes"/>
    <property name="java.awt.printerjob" value="sun.print.PSPrinterJob"/>
    <property name="sun.os.patch.level" value="unknown"/>
    <property name="hadoop.tmp.dir" value="/workdir/hadoop-ozone/tools/target/tmp"/>
    <property name="java.library.path" value="/usr/lib/jvm/java-1.8-openjdk/jre/lib/amd64/server:/usr/lib/jvm/java-1.8-openjdk/jre/lib/amd64:/usr/lib/jvm/java-1.8-openjdk/jre/../lib/amd64:/workdir/hadoop-ozone/tools/target/native/target/usr/local/lib:/workdir/hadoop-ozone/tools/../../hadoop-common-project/hadoop-common/target/native/target/usr/local/lib:/usr/java/packages/lib/amd64:/usr/lib64:/lib64:/lib:/usr/lib"/>
    <property name="java.vm.info" value="mixed mode"/>
    <property name="java.vendor" value="IcedTea"/>
    <property name="java.vm.version" value="25.212-b04"/>
    <property name="java.ext.dirs" value="/usr/lib/jvm/java-1.8-openjdk/jre/lib/ext:/usr/java/packages/lib/ext"/>
    <property name="sun.io.unicode.encoding" value="UnicodeLittle"/>
    <property name="java.class.version" value="52.0"/>
  </properties>
  <testcase name="validateWriteTest" classname="org.apache.hadoop.ozone.freon.TestDataValidateWithDummyContainers" time="0.008"/>
  <testcase name="ratisTestLargeKey" classname="org.apache.hadoop.ozone.freon.TestDataValidateWithDummyContainers" time="5.666">
    <error message="Allocated 0 blocks. Requested 5 blocks" type="INTERNAL_ERROR org.apache.hadoop.ozone.om.exceptions.OMException">INTERNAL_ERROR org.apache.hadoop.ozone.om.exceptions.OMException: Allocated 0 blocks. Requested 5 blocks
	at org.apache.hadoop.ozone.om.protocolPB.OzoneManagerProtocolClientSideTranslatorPB.handleError(OzoneManagerProtocolClientSideTranslatorPB.java:732)
	at org.apache.hadoop.ozone.om.protocolPB.OzoneManagerProtocolClientSideTranslatorPB.openKey(OzoneManagerProtocolClientSideTranslatorPB.java:723)
	at sun.reflect.NativeMethodAccessorImpl.invoke0(Native Method)
	at sun.reflect.NativeMethodAccessorImpl.invoke(NativeMethodAccessorImpl.java:62)
	at sun.reflect.DelegatingMethodAccessorImpl.invoke(DelegatingMethodAccessorImpl.java:43)
	at java.lang.reflect.Method.invoke(Method.java:498)
	at org.apache.hadoop.hdds.tracing.TraceAllMethod.invoke(TraceAllMethod.java:66)
	at com.sun.proxy.$Proxy37.openKey(Unknown Source)
	at org.apache.hadoop.ozone.client.rpc.RpcClient.createKey(RpcClient.java:614)
	at org.apache.hadoop.ozone.client.OzoneBucket.createKey(OzoneBucket.java:325)
	at org.apache.hadoop.ozone.freon.RandomKeyGenerator.createKey(RandomKeyGenerator.java:695)
	at org.apache.hadoop.ozone.freon.RandomKeyGenerator.access$1100(RandomKeyGenerator.java:88)
	at org.apache.hadoop.ozone.freon.RandomKeyGenerator$ObjectCreator.run(RandomKeyGenerator.java:615)
	at java.util.concurrent.Executors$RunnableAdapter.call(Executors.java:511)
	at java.util.concurrent.FutureTask.run(FutureTask.java:266)
	at java.util.concurrent.ThreadPoolExecutor.runWorker(ThreadPoolExecutor.java:1149)
	at java.util.concurrent.ThreadPoolExecutor$Worker.run(ThreadPoolExecutor.java:624)
	at java.lang.Thread.run(Thread.java:748)
</error>
    <system-out><![CDATA[2019-09-25 12:55:04,637 [main] INFO  freon.RandomKeyGenerator (RandomKeyGenerator.java:call(258)) - Override validateWrites to false, because hdds.container.chunk.persistdata is set to false.
2019-09-25 12:55:04,638 [grpc-default-executor-0] INFO  impl.RaftServerProxy (RaftServerProxy.java:addNew(89)) - b5f65341-71e3-4bdb-b257-250c7a42131a: addNew group-2526E867254B:[b5f65341-71e3-4bdb-b257-250c7a42131a:192.168.151.73:46240] returns group-2526E867254B:java.util.concurrent.CompletableFuture@2ed4947d[Not completed]
2019-09-25 12:55:04,642 [pool-67-thread-1] INFO  impl.RaftServerImpl (RaftServerImpl.java:<init>(95)) - b5f65341-71e3-4bdb-b257-250c7a42131a: new RaftServerImpl for group-2526E867254B:[b5f65341-71e3-4bdb-b257-250c7a42131a:192.168.151.73:46240] with ContainerStateMachine:uninitialized
2019-09-25 12:55:04,643 [pool-67-thread-1] INFO  server.RaftServerConfigKeys (ConfUtils.java:logGet(43)) - raft.server.rpc.timeout.min = 5s (custom)
2019-09-25 12:55:04,643 [pool-67-thread-1] INFO  server.RaftServerConfigKeys (ConfUtils.java:logGet(43)) - raft.server.rpc.timeout.max = 5200ms (custom)
2019-09-25 12:55:04,643 [pool-67-thread-1] INFO  server.RaftServerConfigKeys (ConfUtils.java:logGet(43)) - raft.server.rpcslowness.timeout = 120s (custom)
2019-09-25 12:55:04,643 [pool-67-thread-1] INFO  server.RaftServerConfigKeys (ConfUtils.java:logGet(43)) - raft.server.sleep.deviation.threshold = 300 (default)
2019-09-25 12:55:04,644 [pool-67-thread-1] INFO  server.RaftServerConfigKeys (ConfUtils.java:logGet(43)) - raft.server.log.appender.install.snapshot.enabled = false (custom)
2019-09-25 12:55:04,644 [pool-67-thread-1] INFO  impl.RaftServerImpl (ServerState.java:<init>(103)) - b5f65341-71e3-4bdb-b257-250c7a42131a@group-2526E867254B: ConfigurationManager, init=-1: [b5f65341-71e3-4bdb-b257-250c7a42131a:192.168.151.73:46240], old=null, confs=<EMPTY_MAP>
2019-09-25 12:55:04,644 [pool-67-thread-1] INFO  server.RaftServerConfigKeys (ConfUtils.java:logGet(43)) - raft.server.storage.dir = [/workdir/hadoop-ozone/tools/target/test-dir/MiniOzoneClusterImpl-a69ba920-524d-43f7-a757-bb142e91f929/datanode-4/data/ratis] (custom)
2019-09-25 12:55:04,645 [pool-67-thread-1] INFO  storage.RaftStorageDirectory (RaftStorageDirectory.java:analyzeStorage(246)) - The storage directory /workdir/hadoop-ozone/tools/target/test-dir/MiniOzoneClusterImpl-a69ba920-524d-43f7-a757-bb142e91f929/datanode-4/data/ratis/50978aef-47a2-4946-a231-2526e867254b does not exist. Creating ...
2019-09-25 12:55:04,668 [pool-67-thread-1] INFO  storage.RaftStorageDirectory (RaftStorageDirectory.java:tryLock(328)) - Lock on /workdir/hadoop-ozone/tools/target/test-dir/MiniOzoneClusterImpl-a69ba920-524d-43f7-a757-bb142e91f929/datanode-4/data/ratis/50978aef-47a2-4946-a231-2526e867254b/in_use.lock acquired by nodename 9027@pr-hdds-1569-shd4m-3693607622
2019-09-25 12:55:04,707 [pool-67-thread-1] INFO  storage.RaftStorage (RaftStorage.java:format(72)) - Storage directory /workdir/hadoop-ozone/tools/target/test-dir/MiniOzoneClusterImpl-a69ba920-524d-43f7-a757-bb142e91f929/datanode-4/data/ratis/50978aef-47a2-4946-a231-2526e867254b has been successfully formatted.
2019-09-25 12:55:04,707 [pool-67-thread-1] INFO  ratis.ContainerStateMachine (ContainerStateMachine.java:loadSnapshot(230)) - group-2526E867254B: The snapshot info is null. Setting the last applied indexto:(t:0, i:~)
2019-09-25 12:55:04,708 [pool-67-thread-1] INFO  server.RaftServerConfigKeys (ConfUtils.java:logGet(43)) - raft.server.notification.no-leader.timeout = 120s (custom)
2019-09-25 12:55:04,708 [pool-67-thread-1] INFO  server.RaftServerConfigKeys (ConfUtils.java:logGet(43)) - raft.server.log.use.memory = false (default)
2019-09-25 12:55:04,708 [pool-67-thread-1] INFO  server.RaftServerConfigKeys (ConfUtils.java:logGet(43)) - raft.server.log.purge.gap = 1000000 (custom)
2019-09-25 12:55:04,708 [pool-67-thread-1] INFO  server.RaftServerConfigKeys (ConfUtils.java:logGet(43)) - raft.server.log.appender.buffer.byte-limit = 33554432 (custom)
2019-09-25 12:55:04,708 [pool-67-thread-1] INFO  server.RaftServerConfigKeys (ConfUtils.java:logGet(43)) - raft.server.log.segment.size.max = 1048576 (custom)
2019-09-25 12:55:04,709 [pool-67-thread-1] INFO  server.RaftServerConfigKeys (ConfUtils.java:logGet(43)) - raft.server.log.segment.cache.num.max = 2 (custom)
2019-09-25 12:55:04,709 [pool-67-thread-1] INFO  segmented.SegmentedRaftLogWorker (SegmentedRaftLogWorker.java:<init>(172)) - new b5f65341-71e3-4bdb-b257-250c7a42131a@group-2526E867254B-SegmentedRaftLogWorker for RaftStorage:Storage Directory /workdir/hadoop-ozone/tools/target/test-dir/MiniOzoneClusterImpl-a69ba920-524d-43f7-a757-bb142e91f929/datanode-4/data/ratis/50978aef-47a2-4946-a231-2526e867254b
2019-09-25 12:55:04,715 [pool-67-thread-1] INFO  server.RaftServerConfigKeys (ConfUtils.java:logGet(43)) - raft.server.log.queue.byte-limit = 2147483647 (custom)
2019-09-25 12:55:04,715 [pool-67-thread-1] INFO  server.RaftServerConfigKeys (ConfUtils.java:logGet(43)) - raft.server.log.queue.element-limit = 1024 (custom)
2019-09-25 12:55:04,715 [pool-67-thread-1] INFO  server.RaftServerConfigKeys (ConfUtils.java:logGet(43)) - raft.server.log.segment.size.max = 1048576 (custom)
2019-09-25 12:55:04,716 [pool-67-thread-1] INFO  server.RaftServerConfigKeys (ConfUtils.java:logGet(43)) - raft.server.log.preallocated.size = 16384 (custom)
2019-09-25 12:55:04,716 [pool-67-thread-1] INFO  server.RaftServerConfigKeys (ConfUtils.java:logGet(43)) - raft.server.log.write.buffer.size = 33554432 (custom)
2019-09-25 12:55:04,716 [pool-67-thread-1] INFO  server.RaftServerConfigKeys (ConfUtils.java:logGet(43)) - raft.server.log.force.sync.num = 128 (default)
2019-09-25 12:55:04,716 [pool-67-thread-1] INFO  server.RaftServerConfigKeys (ConfUtils.java:logGet(43)) - raft.server.log.statemachine.data.sync = true (default)
2019-09-25 12:55:04,716 [pool-67-thread-1] INFO  server.RaftServerConfigKeys (ConfUtils.java:logGet(43)) - raft.server.log.statemachine.data.sync.timeout = 10s (default)
2019-09-25 12:55:04,716 [pool-67-thread-1] INFO  server.RaftServerConfigKeys (ConfUtils.java:logGet(43)) - raft.server.log.statemachine.data.sync.timeout.retry = -1 (default)
2019-09-25 12:55:04,717 [pool-67-thread-1] INFO  server.RaftServerConfigKeys (ConfUtils.java:logGet(43)) - raft.server.log.statemachine.data.caching.enabled = true (custom)
2019-09-25 12:55:04,717 [pool-67-thread-1] INFO  segmented.SegmentedRaftLogWorker (SegmentedRaftLogWorker.java:lambda$new$0(132)) - b5f65341-71e3-4bdb-b257-250c7a42131a@group-2526E867254B-SegmentedRaftLogWorker: flushIndex: setUnconditionally 0 -> -1
2019-09-25 12:55:04,718 [pool-67-thread-1] INFO  server.RaftServerConfigKeys (ConfUtils.java:logGet(43)) - raft.server.snapshot.auto.trigger.enabled = true (custom)
2019-09-25 12:55:04,718 [pool-67-thread-1] INFO  server.RaftServerConfigKeys (ConfUtils.java:logGet(43)) - raft.server.snapshot.auto.trigger.threshold = 10000 (custom)
2019-09-25 12:55:04,718 [pool-67-thread-1] INFO  server.RaftServerConfigKeys (ConfUtils.java:logGet(43)) - raft.server.snapshot.retention.num.files = 5 (custom)
2019-09-25 12:55:04,718 [pool-67-thread-1] INFO  server.RaftServerConfigKeys (ConfUtils.java:logGet(43)) - raft.server.retrycache.expirytime = 600000ms (custom)
2019-09-25 12:55:04,724 [pool-67-thread-1] INFO  impl.RaftServerImpl (RaftServerImpl.java:start(185)) - b5f65341-71e3-4bdb-b257-250c7a42131a@group-2526E867254B: start as a follower, conf=-1: [b5f65341-71e3-4bdb-b257-250c7a42131a:192.168.151.73:46240], old=null
2019-09-25 12:55:04,724 [pool-67-thread-1] INFO  impl.RaftServerImpl (RaftServerImpl.java:setRole(174)) - b5f65341-71e3-4bdb-b257-250c7a42131a@group-2526E867254B: changes role from      null to FOLLOWER at term 0 for startAsFollower
2019-09-25 12:55:04,724 [pool-67-thread-1] INFO  impl.RoleInfo (RoleInfo.java:updateAndGet(143)) - b5f65341-71e3-4bdb-b257-250c7a42131a: start FollowerState
2019-09-25 12:55:04,725 [pool-67-thread-1] INFO  util.JmxRegister (JmxRegister.java:tryRegister(44)) - Successfully registered JMX Bean with object name Ratis:service=RaftServer,group=group-2526E867254B,id=b5f65341-71e3-4bdb-b257-250c7a42131a
2019-09-25 12:55:04,738 [RatisPipelineUtilsThread] INFO  pipeline.PipelineStateManager (PipelineStateManager.java:addPipeline(56)) - Created pipeline Pipeline[ Id: 50978aef-47a2-4946-a231-2526e867254b, Nodes: b5f65341-71e3-4bdb-b257-250c7a42131a{ip: 192.168.151.73, host: pr-hdds-1569-shd4m-3693607622, networkLocation: /default-rack, certSerialId: null}, Type:RATIS, Factor:ONE, State:OPEN]
2019-09-25 12:55:04,759 [grpc-default-executor-0] INFO  impl.RaftServerProxy (RaftServerProxy.java:addNew(89)) - d3ebfba2-1061-4a1b-b9ff-fcd56525b262: addNew group-D7D496EE923B:[d3ebfba2-1061-4a1b-b9ff-fcd56525b262:192.168.151.73:41691] returns group-D7D496EE923B:java.util.concurrent.CompletableFuture@5432f00f[Not completed]
2019-09-25 12:55:04,761 [pool-47-thread-1] INFO  impl.RaftServerImpl (RaftServerImpl.java:<init>(95)) - d3ebfba2-1061-4a1b-b9ff-fcd56525b262: new RaftServerImpl for group-D7D496EE923B:[d3ebfba2-1061-4a1b-b9ff-fcd56525b262:192.168.151.73:41691] with ContainerStateMachine:uninitialized
2019-09-25 12:55:04,761 [pool-47-thread-1] INFO  server.RaftServerConfigKeys (ConfUtils.java:logGet(43)) - raft.server.rpc.timeout.min = 5s (custom)
2019-09-25 12:55:04,762 [pool-47-thread-1] INFO  server.RaftServerConfigKeys (ConfUtils.java:logGet(43)) - raft.server.rpc.timeout.max = 5200ms (custom)
2019-09-25 12:55:04,762 [pool-47-thread-1] INFO  server.RaftServerConfigKeys (ConfUtils.java:logGet(43)) - raft.server.rpcslowness.timeout = 120s (custom)
2019-09-25 12:55:04,762 [pool-47-thread-1] INFO  server.RaftServerConfigKeys (ConfUtils.java:logGet(43)) - raft.server.sleep.deviation.threshold = 300 (default)
2019-09-25 12:55:04,762 [pool-47-thread-1] INFO  server.RaftServerConfigKeys (ConfUtils.java:logGet(43)) - raft.server.log.appender.install.snapshot.enabled = false (custom)
2019-09-25 12:55:04,762 [pool-47-thread-1] INFO  impl.RaftServerImpl (ServerState.java:<init>(103)) - d3ebfba2-1061-4a1b-b9ff-fcd56525b262@group-D7D496EE923B: ConfigurationManager, init=-1: [d3ebfba2-1061-4a1b-b9ff-fcd56525b262:192.168.151.73:41691], old=null, confs=<EMPTY_MAP>
2019-09-25 12:55:04,762 [pool-47-thread-1] INFO  server.RaftServerConfigKeys (ConfUtils.java:logGet(43)) - raft.server.storage.dir = [/workdir/hadoop-ozone/tools/target/test-dir/MiniOzoneClusterImpl-a69ba920-524d-43f7-a757-bb142e91f929/datanode-2/data/ratis] (custom)
2019-09-25 12:55:04,763 [pool-47-thread-1] INFO  storage.RaftStorageDirectory (RaftStorageDirectory.java:analyzeStorage(246)) - The storage directory /workdir/hadoop-ozone/tools/target/test-dir/MiniOzoneClusterImpl-a69ba920-524d-43f7-a757-bb142e91f929/datanode-2/data/ratis/ed40605e-4090-4ea0-900a-d7d496ee923b does not exist. Creating ...
2019-09-25 12:55:04,791 [pool-47-thread-1] INFO  storage.RaftStorageDirectory (RaftStorageDirectory.java:tryLock(328)) - Lock on /workdir/hadoop-ozone/tools/target/test-dir/MiniOzoneClusterImpl-a69ba920-524d-43f7-a757-bb142e91f929/datanode-2/data/ratis/ed40605e-4090-4ea0-900a-d7d496ee923b/in_use.lock acquired by nodename 9027@pr-hdds-1569-shd4m-3693607622
2019-09-25 12:55:04,816 [pool-47-thread-1] INFO  storage.RaftStorage (RaftStorage.java:format(72)) - Storage directory /workdir/hadoop-ozone/tools/target/test-dir/MiniOzoneClusterImpl-a69ba920-524d-43f7-a757-bb142e91f929/datanode-2/data/ratis/ed40605e-4090-4ea0-900a-d7d496ee923b has been successfully formatted.
2019-09-25 12:55:04,816 [pool-47-thread-1] INFO  ratis.ContainerStateMachine (ContainerStateMachine.java:loadSnapshot(230)) - group-D7D496EE923B: The snapshot info is null. Setting the last applied indexto:(t:0, i:~)
2019-09-25 12:55:04,816 [pool-47-thread-1] INFO  server.RaftServerConfigKeys (ConfUtils.java:logGet(43)) - raft.server.notification.no-leader.timeout = 120s (custom)
2019-09-25 12:55:04,817 [pool-47-thread-1] INFO  server.RaftServerConfigKeys (ConfUtils.java:logGet(43)) - raft.server.log.use.memory = false (default)
2019-09-25 12:55:04,817 [pool-47-thread-1] INFO  server.RaftServerConfigKeys (ConfUtils.java:logGet(43)) - raft.server.log.purge.gap = 1000000 (custom)
2019-09-25 12:55:04,817 [pool-47-thread-1] INFO  server.RaftServerConfigKeys (ConfUtils.java:logGet(43)) - raft.server.log.appender.buffer.byte-limit = 33554432 (custom)
2019-09-25 12:55:04,817 [pool-47-thread-1] INFO  server.RaftServerConfigKeys (ConfUtils.java:logGet(43)) - raft.server.log.segment.size.max = 1048576 (custom)
2019-09-25 12:55:04,817 [pool-47-thread-1] INFO  server.RaftServerConfigKeys (ConfUtils.java:logGet(43)) - raft.server.log.segment.cache.num.max = 2 (custom)
2019-09-25 12:55:04,817 [pool-47-thread-1] INFO  segmented.SegmentedRaftLogWorker (SegmentedRaftLogWorker.java:<init>(172)) - new d3ebfba2-1061-4a1b-b9ff-fcd56525b262@group-D7D496EE923B-SegmentedRaftLogWorker for RaftStorage:Storage Directory /workdir/hadoop-ozone/tools/target/test-dir/MiniOzoneClusterImpl-a69ba920-524d-43f7-a757-bb142e91f929/datanode-2/data/ratis/ed40605e-4090-4ea0-900a-d7d496ee923b
2019-09-25 12:55:04,817 [pool-47-thread-1] INFO  server.RaftServerConfigKeys (ConfUtils.java:logGet(43)) - raft.server.log.queue.byte-limit = 2147483647 (custom)
2019-09-25 12:55:04,818 [pool-47-thread-1] INFO  server.RaftServerConfigKeys (ConfUtils.java:logGet(43)) - raft.server.log.queue.element-limit = 1024 (custom)
2019-09-25 12:55:04,818 [pool-47-thread-1] INFO  server.RaftServerConfigKeys (ConfUtils.java:logGet(43)) - raft.server.log.segment.size.max = 1048576 (custom)
2019-09-25 12:55:04,818 [pool-47-thread-1] INFO  server.RaftServerConfigKeys (ConfUtils.java:logGet(43)) - raft.server.log.preallocated.size = 16384 (custom)
2019-09-25 12:55:04,818 [pool-47-thread-1] INFO  server.RaftServerConfigKeys (ConfUtils.java:logGet(43)) - raft.server.log.write.buffer.size = 33554432 (custom)
2019-09-25 12:55:04,818 [pool-47-thread-1] INFO  server.RaftServerConfigKeys (ConfUtils.java:logGet(43)) - raft.server.log.force.sync.num = 128 (default)
2019-09-25 12:55:04,818 [pool-47-thread-1] INFO  server.RaftServerConfigKeys (ConfUtils.java:logGet(43)) - raft.server.log.statemachine.data.sync = true (default)
2019-09-25 12:55:04,818 [pool-47-thread-1] INFO  server.RaftServerConfigKeys (ConfUtils.java:logGet(43)) - raft.server.log.statemachine.data.sync.timeout = 10s (default)
2019-09-25 12:55:04,819 [pool-47-thread-1] INFO  server.RaftServerConfigKeys (ConfUtils.java:logGet(43)) - raft.server.log.statemachine.data.sync.timeout.retry = -1 (default)
2019-09-25 12:55:04,819 [pool-47-thread-1] INFO  server.RaftServerConfigKeys (ConfUtils.java:logGet(43)) - raft.server.log.statemachine.data.caching.enabled = true (custom)
2019-09-25 12:55:04,819 [pool-47-thread-1] INFO  segmented.SegmentedRaftLogWorker (SegmentedRaftLogWorker.java:lambda$new$0(132)) - d3ebfba2-1061-4a1b-b9ff-fcd56525b262@group-D7D496EE923B-SegmentedRaftLogWorker: flushIndex: setUnconditionally 0 -> -1
2019-09-25 12:55:04,820 [pool-47-thread-1] INFO  server.RaftServerConfigKeys (ConfUtils.java:logGet(43)) - raft.server.snapshot.auto.trigger.enabled = true (custom)
2019-09-25 12:55:04,820 [pool-47-thread-1] INFO  server.RaftServerConfigKeys (ConfUtils.java:logGet(43)) - raft.server.snapshot.auto.trigger.threshold = 10000 (custom)
2019-09-25 12:55:04,820 [pool-47-thread-1] INFO  server.RaftServerConfigKeys (ConfUtils.java:logGet(43)) - raft.server.snapshot.retention.num.files = 5 (custom)
2019-09-25 12:55:04,820 [pool-47-thread-1] INFO  server.RaftServerConfigKeys (ConfUtils.java:logGet(43)) - raft.server.retrycache.expirytime = 600000ms (custom)
2019-09-25 12:55:04,825 [pool-47-thread-1] INFO  impl.RaftServerImpl (RaftServerImpl.java:start(185)) - d3ebfba2-1061-4a1b-b9ff-fcd56525b262@group-D7D496EE923B: start as a follower, conf=-1: [d3ebfba2-1061-4a1b-b9ff-fcd56525b262:192.168.151.73:41691], old=null
2019-09-25 12:55:04,825 [pool-47-thread-1] INFO  impl.RaftServerImpl (RaftServerImpl.java:setRole(174)) - d3ebfba2-1061-4a1b-b9ff-fcd56525b262@group-D7D496EE923B: changes role from      null to FOLLOWER at term 0 for startAsFollower
2019-09-25 12:55:04,826 [pool-47-thread-1] INFO  impl.RoleInfo (RoleInfo.java:updateAndGet(143)) - d3ebfba2-1061-4a1b-b9ff-fcd56525b262: start FollowerState
2019-09-25 12:55:04,826 [pool-47-thread-1] INFO  util.JmxRegister (JmxRegister.java:tryRegister(44)) - Successfully registered JMX Bean with object name Ratis:service=RaftServer,group=group-D7D496EE923B,id=d3ebfba2-1061-4a1b-b9ff-fcd56525b262
2019-09-25 12:55:04,843 [RatisPipelineUtilsThread] INFO  pipeline.PipelineStateManager (PipelineStateManager.java:addPipeline(56)) - Created pipeline Pipeline[ Id: ed40605e-4090-4ea0-900a-d7d496ee923b, Nodes: d3ebfba2-1061-4a1b-b9ff-fcd56525b262{ip: 192.168.151.73, host: pr-hdds-1569-shd4m-3693607622, networkLocation: /default-rack, certSerialId: null}, Type:RATIS, Factor:ONE, State:OPEN]
2019-09-25 12:55:04,858 [grpc-default-executor-0] INFO  impl.RaftServerProxy (RaftServerProxy.java:addNew(89)) - b5f65341-71e3-4bdb-b257-250c7a42131a: addNew group-BF476C764E60:[b5f65341-71e3-4bdb-b257-250c7a42131a:192.168.151.73:46240] returns group-BF476C764E60:java.util.concurrent.CompletableFuture@4b5820a0[Not completed]
2019-09-25 12:55:04,860 [pool-67-thread-1] INFO  impl.RaftServerImpl (RaftServerImpl.java:<init>(95)) - b5f65341-71e3-4bdb-b257-250c7a42131a: new RaftServerImpl for group-BF476C764E60:[b5f65341-71e3-4bdb-b257-250c7a42131a:192.168.151.73:46240] with ContainerStateMachine:uninitialized
2019-09-25 12:55:04,860 [pool-67-thread-1] INFO  server.RaftServerConfigKeys (ConfUtils.java:logGet(43)) - raft.server.rpc.timeout.min = 5s (custom)
2019-09-25 12:55:04,861 [pool-67-thread-1] INFO  server.RaftServerConfigKeys (ConfUtils.java:logGet(43)) - raft.server.rpc.timeout.max = 5200ms (custom)
2019-09-25 12:55:04,861 [pool-67-thread-1] INFO  server.RaftServerConfigKeys (ConfUtils.java:logGet(43)) - raft.server.rpcslowness.timeout = 120s (custom)
2019-09-25 12:55:04,861 [pool-67-thread-1] INFO  server.RaftServerConfigKeys (ConfUtils.java:logGet(43)) - raft.server.sleep.deviation.threshold = 300 (default)
2019-09-25 12:55:04,861 [pool-67-thread-1] INFO  server.RaftServerConfigKeys (ConfUtils.java:logGet(43)) - raft.server.log.appender.install.snapshot.enabled = false (custom)
2019-09-25 12:55:04,861 [pool-67-thread-1] INFO  impl.RaftServerImpl (ServerState.java:<init>(103)) - b5f65341-71e3-4bdb-b257-250c7a42131a@group-BF476C764E60: ConfigurationManager, init=-1: [b5f65341-71e3-4bdb-b257-250c7a42131a:192.168.151.73:46240], old=null, confs=<EMPTY_MAP>
2019-09-25 12:55:04,862 [pool-67-thread-1] INFO  server.RaftServerConfigKeys (ConfUtils.java:logGet(43)) - raft.server.storage.dir = [/workdir/hadoop-ozone/tools/target/test-dir/MiniOzoneClusterImpl-a69ba920-524d-43f7-a757-bb142e91f929/datanode-4/data/ratis] (custom)
2019-09-25 12:55:04,862 [pool-67-thread-1] INFO  storage.RaftStorageDirectory (RaftStorageDirectory.java:analyzeStorage(246)) - The storage directory /workdir/hadoop-ozone/tools/target/test-dir/MiniOzoneClusterImpl-a69ba920-524d-43f7-a757-bb142e91f929/datanode-4/data/ratis/da2bb91e-4466-4861-b745-bf476c764e60 does not exist. Creating ...
2019-09-25 12:55:04,883 [pool-67-thread-1] INFO  storage.RaftStorageDirectory (RaftStorageDirectory.java:tryLock(328)) - Lock on /workdir/hadoop-ozone/tools/target/test-dir/MiniOzoneClusterImpl-a69ba920-524d-43f7-a757-bb142e91f929/datanode-4/data/ratis/da2bb91e-4466-4861-b745-bf476c764e60/in_use.lock acquired by nodename 9027@pr-hdds-1569-shd4m-3693607622
2019-09-25 12:55:04,902 [pool-67-thread-1] INFO  storage.RaftStorage (RaftStorage.java:format(72)) - Storage directory /workdir/hadoop-ozone/tools/target/test-dir/MiniOzoneClusterImpl-a69ba920-524d-43f7-a757-bb142e91f929/datanode-4/data/ratis/da2bb91e-4466-4861-b745-bf476c764e60 has been successfully formatted.
2019-09-25 12:55:04,903 [pool-67-thread-1] INFO  ratis.ContainerStateMachine (ContainerStateMachine.java:loadSnapshot(230)) - group-BF476C764E60: The snapshot info is null. Setting the last applied indexto:(t:0, i:~)
2019-09-25 12:55:04,903 [pool-67-thread-1] INFO  server.RaftServerConfigKeys (ConfUtils.java:logGet(43)) - raft.server.notification.no-leader.timeout = 120s (custom)
2019-09-25 12:55:04,903 [pool-67-thread-1] INFO  server.RaftServerConfigKeys (ConfUtils.java:logGet(43)) - raft.server.log.use.memory = false (default)
2019-09-25 12:55:04,903 [pool-67-thread-1] INFO  server.RaftServerConfigKeys (ConfUtils.java:logGet(43)) - raft.server.log.purge.gap = 1000000 (custom)
2019-09-25 12:55:04,903 [pool-67-thread-1] INFO  server.RaftServerConfigKeys (ConfUtils.java:logGet(43)) - raft.server.log.appender.buffer.byte-limit = 33554432 (custom)
2019-09-25 12:55:04,904 [pool-67-thread-1] INFO  server.RaftServerConfigKeys (ConfUtils.java:logGet(43)) - raft.server.log.segment.size.max = 1048576 (custom)
2019-09-25 12:55:04,904 [pool-67-thread-1] INFO  server.RaftServerConfigKeys (ConfUtils.java:logGet(43)) - raft.server.log.segment.cache.num.max = 2 (custom)
2019-09-25 12:55:04,904 [pool-67-thread-1] INFO  segmented.SegmentedRaftLogWorker (SegmentedRaftLogWorker.java:<init>(172)) - new b5f65341-71e3-4bdb-b257-250c7a42131a@group-BF476C764E60-SegmentedRaftLogWorker for RaftStorage:Storage Directory /workdir/hadoop-ozone/tools/target/test-dir/MiniOzoneClusterImpl-a69ba920-524d-43f7-a757-bb142e91f929/datanode-4/data/ratis/da2bb91e-4466-4861-b745-bf476c764e60
2019-09-25 12:55:04,904 [pool-67-thread-1] INFO  server.RaftServerConfigKeys (ConfUtils.java:logGet(43)) - raft.server.log.queue.byte-limit = 2147483647 (custom)
2019-09-25 12:55:04,904 [pool-67-thread-1] INFO  server.RaftServerConfigKeys (ConfUtils.java:logGet(43)) - raft.server.log.queue.element-limit = 1024 (custom)
2019-09-25 12:55:04,905 [pool-67-thread-1] INFO  server.RaftServerConfigKeys (ConfUtils.java:logGet(43)) - raft.server.log.segment.size.max = 1048576 (custom)
2019-09-25 12:55:04,905 [pool-67-thread-1] INFO  server.RaftServerConfigKeys (ConfUtils.java:logGet(43)) - raft.server.log.preallocated.size = 16384 (custom)
2019-09-25 12:55:04,905 [pool-67-thread-1] INFO  server.RaftServerConfigKeys (ConfUtils.java:logGet(43)) - raft.server.log.write.buffer.size = 33554432 (custom)
2019-09-25 12:55:04,905 [pool-67-thread-1] INFO  server.RaftServerConfigKeys (ConfUtils.java:logGet(43)) - raft.server.log.force.sync.num = 128 (default)
2019-09-25 12:55:04,905 [pool-67-thread-1] INFO  server.RaftServerConfigKeys (ConfUtils.java:logGet(43)) - raft.server.log.statemachine.data.sync = true (default)
2019-09-25 12:55:04,906 [pool-67-thread-1] INFO  server.RaftServerConfigKeys (ConfUtils.java:logGet(43)) - raft.server.log.statemachine.data.sync.timeout = 10s (default)
2019-09-25 12:55:04,906 [pool-67-thread-1] INFO  server.RaftServerConfigKeys (ConfUtils.java:logGet(43)) - raft.server.log.statemachine.data.sync.timeout.retry = -1 (default)
2019-09-25 12:55:04,906 [pool-67-thread-1] INFO  server.RaftServerConfigKeys (ConfUtils.java:logGet(43)) - raft.server.log.statemachine.data.caching.enabled = true (custom)
2019-09-25 12:55:04,906 [pool-67-thread-1] INFO  segmented.SegmentedRaftLogWorker (SegmentedRaftLogWorker.java:lambda$new$0(132)) - b5f65341-71e3-4bdb-b257-250c7a42131a@group-BF476C764E60-SegmentedRaftLogWorker: flushIndex: setUnconditionally 0 -> -1
2019-09-25 12:55:04,907 [pool-67-thread-1] INFO  server.RaftServerConfigKeys (ConfUtils.java:logGet(43)) - raft.server.snapshot.auto.trigger.enabled = true (custom)
2019-09-25 12:55:04,907 [pool-67-thread-1] INFO  server.RaftServerConfigKeys (ConfUtils.java:logGet(43)) - raft.server.snapshot.auto.trigger.threshold = 10000 (custom)
2019-09-25 12:55:04,910 [pool-67-thread-1] INFO  server.RaftServerConfigKeys (ConfUtils.java:logGet(43)) - raft.server.snapshot.retention.num.files = 5 (custom)
2019-09-25 12:55:04,910 [pool-67-thread-1] INFO  server.RaftServerConfigKeys (ConfUtils.java:logGet(43)) - raft.server.retrycache.expirytime = 600000ms (custom)
2019-09-25 12:55:04,915 [pool-67-thread-1] INFO  impl.RaftServerImpl (RaftServerImpl.java:start(185)) - b5f65341-71e3-4bdb-b257-250c7a42131a@group-BF476C764E60: start as a follower, conf=-1: [b5f65341-71e3-4bdb-b257-250c7a42131a:192.168.151.73:46240], old=null
2019-09-25 12:55:04,915 [pool-67-thread-1] INFO  impl.RaftServerImpl (RaftServerImpl.java:setRole(174)) - b5f65341-71e3-4bdb-b257-250c7a42131a@group-BF476C764E60: changes role from      null to FOLLOWER at term 0 for startAsFollower
2019-09-25 12:55:04,915 [pool-67-thread-1] INFO  impl.RoleInfo (RoleInfo.java:updateAndGet(143)) - b5f65341-71e3-4bdb-b257-250c7a42131a: start FollowerState
2019-09-25 12:55:04,916 [pool-67-thread-1] INFO  util.JmxRegister (JmxRegister.java:tryRegister(44)) - Successfully registered JMX Bean with object name Ratis:service=RaftServer,group=group-BF476C764E60,id=b5f65341-71e3-4bdb-b257-250c7a42131a
2019-09-25 12:55:04,935 [RatisPipelineUtilsThread] INFO  pipeline.PipelineStateManager (PipelineStateManager.java:addPipeline(56)) - Created pipeline Pipeline[ Id: da2bb91e-4466-4861-b745-bf476c764e60, Nodes: b5f65341-71e3-4bdb-b257-250c7a42131a{ip: 192.168.151.73, host: pr-hdds-1569-shd4m-3693607622, networkLocation: /default-rack, certSerialId: null}, Type:RATIS, Factor:ONE, State:OPEN]
2019-09-25 12:55:04,949 [grpc-default-executor-0] INFO  impl.RaftServerProxy (RaftServerProxy.java:addNew(89)) - b5f65341-71e3-4bdb-b257-250c7a42131a: addNew group-C9A56A1FE3CE:[b5f65341-71e3-4bdb-b257-250c7a42131a:192.168.151.73:46240] returns group-C9A56A1FE3CE:java.util.concurrent.CompletableFuture@6bbcdf4[Not completed]
2019-09-25 12:55:04,953 [pool-67-thread-1] INFO  impl.RaftServerImpl (RaftServerImpl.java:<init>(95)) - b5f65341-71e3-4bdb-b257-250c7a42131a: new RaftServerImpl for group-C9A56A1FE3CE:[b5f65341-71e3-4bdb-b257-250c7a42131a:192.168.151.73:46240] with ContainerStateMachine:uninitialized
2019-09-25 12:55:04,953 [pool-67-thread-1] INFO  server.RaftServerConfigKeys (ConfUtils.java:logGet(43)) - raft.server.rpc.timeout.min = 5s (custom)
2019-09-25 12:55:04,953 [pool-67-thread-1] INFO  server.RaftServerConfigKeys (ConfUtils.java:logGet(43)) - raft.server.rpc.timeout.max = 5200ms (custom)
2019-09-25 12:55:04,954 [pool-67-thread-1] INFO  server.RaftServerConfigKeys (ConfUtils.java:logGet(43)) - raft.server.rpcslowness.timeout = 120s (custom)
2019-09-25 12:55:04,954 [pool-67-thread-1] INFO  server.RaftServerConfigKeys (ConfUtils.java:logGet(43)) - raft.server.sleep.deviation.threshold = 300 (default)
2019-09-25 12:55:04,954 [pool-67-thread-1] INFO  server.RaftServerConfigKeys (ConfUtils.java:logGet(43)) - raft.server.log.appender.install.snapshot.enabled = false (custom)
2019-09-25 12:55:04,954 [pool-67-thread-1] INFO  impl.RaftServerImpl (ServerState.java:<init>(103)) - b5f65341-71e3-4bdb-b257-250c7a42131a@group-C9A56A1FE3CE: ConfigurationManager, init=-1: [b5f65341-71e3-4bdb-b257-250c7a42131a:192.168.151.73:46240], old=null, confs=<EMPTY_MAP>
2019-09-25 12:55:04,954 [pool-67-thread-1] INFO  server.RaftServerConfigKeys (ConfUtils.java:logGet(43)) - raft.server.storage.dir = [/workdir/hadoop-ozone/tools/target/test-dir/MiniOzoneClusterImpl-a69ba920-524d-43f7-a757-bb142e91f929/datanode-4/data/ratis] (custom)
2019-09-25 12:55:04,955 [pool-67-thread-1] INFO  storage.RaftStorageDirectory (RaftStorageDirectory.java:analyzeStorage(246)) - The storage directory /workdir/hadoop-ozone/tools/target/test-dir/MiniOzoneClusterImpl-a69ba920-524d-43f7-a757-bb142e91f929/datanode-4/data/ratis/d780841e-5340-4083-99fb-c9a56a1fe3ce does not exist. Creating ...
2019-09-25 12:55:04,984 [pool-67-thread-1] INFO  storage.RaftStorageDirectory (RaftStorageDirectory.java:tryLock(328)) - Lock on /workdir/hadoop-ozone/tools/target/test-dir/MiniOzoneClusterImpl-a69ba920-524d-43f7-a757-bb142e91f929/datanode-4/data/ratis/d780841e-5340-4083-99fb-c9a56a1fe3ce/in_use.lock acquired by nodename 9027@pr-hdds-1569-shd4m-3693607622
2019-09-25 12:55:05,009 [pool-67-thread-1] INFO  storage.RaftStorage (RaftStorage.java:format(72)) - Storage directory /workdir/hadoop-ozone/tools/target/test-dir/MiniOzoneClusterImpl-a69ba920-524d-43f7-a757-bb142e91f929/datanode-4/data/ratis/d780841e-5340-4083-99fb-c9a56a1fe3ce has been successfully formatted.
2019-09-25 12:55:05,010 [pool-67-thread-1] INFO  ratis.ContainerStateMachine (ContainerStateMachine.java:loadSnapshot(230)) - group-C9A56A1FE3CE: The snapshot info is null. Setting the last applied indexto:(t:0, i:~)
2019-09-25 12:55:05,010 [pool-67-thread-1] INFO  server.RaftServerConfigKeys (ConfUtils.java:logGet(43)) - raft.server.notification.no-leader.timeout = 120s (custom)
2019-09-25 12:55:05,010 [pool-67-thread-1] INFO  server.RaftServerConfigKeys (ConfUtils.java:logGet(43)) - raft.server.log.use.memory = false (default)
2019-09-25 12:55:05,010 [pool-67-thread-1] INFO  server.RaftServerConfigKeys (ConfUtils.java:logGet(43)) - raft.server.log.purge.gap = 1000000 (custom)
2019-09-25 12:55:05,011 [pool-67-thread-1] INFO  server.RaftServerConfigKeys (ConfUtils.java:logGet(43)) - raft.server.log.appender.buffer.byte-limit = 33554432 (custom)
2019-09-25 12:55:05,011 [pool-67-thread-1] INFO  server.RaftServerConfigKeys (ConfUtils.java:logGet(43)) - raft.server.log.segment.size.max = 1048576 (custom)
2019-09-25 12:55:05,011 [pool-67-thread-1] INFO  server.RaftServerConfigKeys (ConfUtils.java:logGet(43)) - raft.server.log.segment.cache.num.max = 2 (custom)
2019-09-25 12:55:05,011 [pool-67-thread-1] INFO  segmented.SegmentedRaftLogWorker (SegmentedRaftLogWorker.java:<init>(172)) - new b5f65341-71e3-4bdb-b257-250c7a42131a@group-C9A56A1FE3CE-SegmentedRaftLogWorker for RaftStorage:Storage Directory /workdir/hadoop-ozone/tools/target/test-dir/MiniOzoneClusterImpl-a69ba920-524d-43f7-a757-bb142e91f929/datanode-4/data/ratis/d780841e-5340-4083-99fb-c9a56a1fe3ce
2019-09-25 12:55:05,012 [pool-67-thread-1] INFO  server.RaftServerConfigKeys (ConfUtils.java:logGet(43)) - raft.server.log.queue.byte-limit = 2147483647 (custom)
2019-09-25 12:55:05,012 [pool-67-thread-1] INFO  server.RaftServerConfigKeys (ConfUtils.java:logGet(43)) - raft.server.log.queue.element-limit = 1024 (custom)
2019-09-25 12:55:05,012 [pool-67-thread-1] INFO  server.RaftServerConfigKeys (ConfUtils.java:logGet(43)) - raft.server.log.segment.size.max = 1048576 (custom)
2019-09-25 12:55:05,012 [pool-67-thread-1] INFO  server.RaftServerConfigKeys (ConfUtils.java:logGet(43)) - raft.server.log.preallocated.size = 16384 (custom)
2019-09-25 12:55:05,012 [pool-67-thread-1] INFO  server.RaftServerConfigKeys (ConfUtils.java:logGet(43)) - raft.server.log.write.buffer.size = 33554432 (custom)
2019-09-25 12:55:05,013 [pool-67-thread-1] INFO  server.RaftServerConfigKeys (ConfUtils.java:logGet(43)) - raft.server.log.force.sync.num = 128 (default)
2019-09-25 12:55:05,013 [pool-67-thread-1] INFO  server.RaftServerConfigKeys (ConfUtils.java:logGet(43)) - raft.server.log.statemachine.data.sync = true (default)
2019-09-25 12:55:05,013 [pool-67-thread-1] INFO  server.RaftServerConfigKeys (ConfUtils.java:logGet(43)) - raft.server.log.statemachine.data.sync.timeout = 10s (default)
2019-09-25 12:55:05,013 [pool-67-thread-1] INFO  server.RaftServerConfigKeys (ConfUtils.java:logGet(43)) - raft.server.log.statemachine.data.sync.timeout.retry = -1 (default)
2019-09-25 12:55:05,014 [pool-67-thread-1] INFO  server.RaftServerConfigKeys (ConfUtils.java:logGet(43)) - raft.server.log.statemachine.data.caching.enabled = true (custom)
2019-09-25 12:55:05,014 [pool-67-thread-1] INFO  segmented.SegmentedRaftLogWorker (SegmentedRaftLogWorker.java:lambda$new$0(132)) - b5f65341-71e3-4bdb-b257-250c7a42131a@group-C9A56A1FE3CE-SegmentedRaftLogWorker: flushIndex: setUnconditionally 0 -> -1
2019-09-25 12:55:05,014 [pool-67-thread-1] INFO  server.RaftServerConfigKeys (ConfUtils.java:logGet(43)) - raft.server.snapshot.auto.trigger.enabled = true (custom)
2019-09-25 12:55:05,015 [pool-67-thread-1] INFO  server.RaftServerConfigKeys (ConfUtils.java:logGet(43)) - raft.server.snapshot.auto.trigger.threshold = 10000 (custom)
2019-09-25 12:55:05,015 [pool-67-thread-1] INFO  server.RaftServerConfigKeys (ConfUtils.java:logGet(43)) - raft.server.snapshot.retention.num.files = 5 (custom)
2019-09-25 12:55:05,015 [pool-67-thread-1] INFO  server.RaftServerConfigKeys (ConfUtils.java:logGet(43)) - raft.server.retrycache.expirytime = 600000ms (custom)
2019-09-25 12:55:05,020 [pool-67-thread-1] INFO  impl.RaftServerImpl (RaftServerImpl.java:start(185)) - b5f65341-71e3-4bdb-b257-250c7a42131a@group-C9A56A1FE3CE: start as a follower, conf=-1: [b5f65341-71e3-4bdb-b257-250c7a42131a:192.168.151.73:46240], old=null
2019-09-25 12:55:05,020 [pool-67-thread-1] INFO  impl.RaftServerImpl (RaftServerImpl.java:setRole(174)) - b5f65341-71e3-4bdb-b257-250c7a42131a@group-C9A56A1FE3CE: changes role from      null to FOLLOWER at term 0 for startAsFollower
2019-09-25 12:55:05,020 [pool-67-thread-1] INFO  impl.RoleInfo (RoleInfo.java:updateAndGet(143)) - b5f65341-71e3-4bdb-b257-250c7a42131a: start FollowerState
2019-09-25 12:55:05,021 [pool-67-thread-1] INFO  util.JmxRegister (JmxRegister.java:tryRegister(44)) - Successfully registered JMX Bean with object name Ratis:service=RaftServer,group=group-C9A56A1FE3CE,id=b5f65341-71e3-4bdb-b257-250c7a42131a
2019-09-25 12:55:05,033 [RatisPipelineUtilsThread] INFO  pipeline.PipelineStateManager (PipelineStateManager.java:addPipeline(56)) - Created pipeline Pipeline[ Id: d780841e-5340-4083-99fb-c9a56a1fe3ce, Nodes: b5f65341-71e3-4bdb-b257-250c7a42131a{ip: 192.168.151.73, host: pr-hdds-1569-shd4m-3693607622, networkLocation: /default-rack, certSerialId: null}, Type:RATIS, Factor:ONE, State:OPEN]
2019-09-25 12:55:05,046 [grpc-default-executor-0] INFO  impl.RaftServerProxy (RaftServerProxy.java:addNew(89)) - b5f65341-71e3-4bdb-b257-250c7a42131a: addNew group-D7DB8B8DA144:[b5f65341-71e3-4bdb-b257-250c7a42131a:192.168.151.73:46240] returns group-D7DB8B8DA144:java.util.concurrent.CompletableFuture@64bd0fe0[Not completed]
2019-09-25 12:55:05,048 [pool-67-thread-1] INFO  impl.RaftServerImpl (RaftServerImpl.java:<init>(95)) - b5f65341-71e3-4bdb-b257-250c7a42131a: new RaftServerImpl for group-D7DB8B8DA144:[b5f65341-71e3-4bdb-b257-250c7a42131a:192.168.151.73:46240] with ContainerStateMachine:uninitialized
2019-09-25 12:55:05,048 [pool-67-thread-1] INFO  server.RaftServerConfigKeys (ConfUtils.java:logGet(43)) - raft.server.rpc.timeout.min = 5s (custom)
2019-09-25 12:55:05,048 [pool-67-thread-1] INFO  server.RaftServerConfigKeys (ConfUtils.java:logGet(43)) - raft.server.rpc.timeout.max = 5200ms (custom)
2019-09-25 12:55:05,048 [pool-67-thread-1] INFO  server.RaftServerConfigKeys (ConfUtils.java:logGet(43)) - raft.server.rpcslowness.timeout = 120s (custom)
2019-09-25 12:55:05,048 [pool-67-thread-1] INFO  server.RaftServerConfigKeys (ConfUtils.java:logGet(43)) - raft.server.sleep.deviation.threshold = 300 (default)
2019-09-25 12:55:05,049 [pool-67-thread-1] INFO  server.RaftServerConfigKeys (ConfUtils.java:logGet(43)) - raft.server.log.appender.install.snapshot.enabled = false (custom)
2019-09-25 12:55:05,049 [pool-67-thread-1] INFO  impl.RaftServerImpl (ServerState.java:<init>(103)) - b5f65341-71e3-4bdb-b257-250c7a42131a@group-D7DB8B8DA144: ConfigurationManager, init=-1: [b5f65341-71e3-4bdb-b257-250c7a42131a:192.168.151.73:46240], old=null, confs=<EMPTY_MAP>
2019-09-25 12:55:05,049 [pool-67-thread-1] INFO  server.RaftServerConfigKeys (ConfUtils.java:logGet(43)) - raft.server.storage.dir = [/workdir/hadoop-ozone/tools/target/test-dir/MiniOzoneClusterImpl-a69ba920-524d-43f7-a757-bb142e91f929/datanode-4/data/ratis] (custom)
2019-09-25 12:55:05,049 [pool-67-thread-1] INFO  storage.RaftStorageDirectory (RaftStorageDirectory.java:analyzeStorage(246)) - The storage directory /workdir/hadoop-ozone/tools/target/test-dir/MiniOzoneClusterImpl-a69ba920-524d-43f7-a757-bb142e91f929/datanode-4/data/ratis/400ce092-fc9a-4b0b-bb06-d7db8b8da144 does not exist. Creating ...
2019-09-25 12:55:05,077 [pool-67-thread-1] INFO  storage.RaftStorageDirectory (RaftStorageDirectory.java:tryLock(328)) - Lock on /workdir/hadoop-ozone/tools/target/test-dir/MiniOzoneClusterImpl-a69ba920-524d-43f7-a757-bb142e91f929/datanode-4/data/ratis/400ce092-fc9a-4b0b-bb06-d7db8b8da144/in_use.lock acquired by nodename 9027@pr-hdds-1569-shd4m-3693607622
2019-09-25 12:55:05,103 [pool-67-thread-1] INFO  storage.RaftStorage (RaftStorage.java:format(72)) - Storage directory /workdir/hadoop-ozone/tools/target/test-dir/MiniOzoneClusterImpl-a69ba920-524d-43f7-a757-bb142e91f929/datanode-4/data/ratis/400ce092-fc9a-4b0b-bb06-d7db8b8da144 has been successfully formatted.
2019-09-25 12:55:05,103 [pool-67-thread-1] INFO  ratis.ContainerStateMachine (ContainerStateMachine.java:loadSnapshot(230)) - group-D7DB8B8DA144: The snapshot info is null. Setting the last applied indexto:(t:0, i:~)
2019-09-25 12:55:05,103 [pool-67-thread-1] INFO  server.RaftServerConfigKeys (ConfUtils.java:logGet(43)) - raft.server.notification.no-leader.timeout = 120s (custom)
2019-09-25 12:55:05,103 [pool-67-thread-1] INFO  server.RaftServerConfigKeys (ConfUtils.java:logGet(43)) - raft.server.log.use.memory = false (default)
2019-09-25 12:55:05,104 [pool-67-thread-1] INFO  server.RaftServerConfigKeys (ConfUtils.java:logGet(43)) - raft.server.log.purge.gap = 1000000 (custom)
2019-09-25 12:55:05,104 [pool-67-thread-1] INFO  server.RaftServerConfigKeys (ConfUtils.java:logGet(43)) - raft.server.log.appender.buffer.byte-limit = 33554432 (custom)
2019-09-25 12:55:05,104 [pool-67-thread-1] INFO  server.RaftServerConfigKeys (ConfUtils.java:logGet(43)) - raft.server.log.segment.size.max = 1048576 (custom)
2019-09-25 12:55:05,104 [pool-67-thread-1] INFO  server.RaftServerConfigKeys (ConfUtils.java:logGet(43)) - raft.server.log.segment.cache.num.max = 2 (custom)
2019-09-25 12:55:05,104 [pool-67-thread-1] INFO  segmented.SegmentedRaftLogWorker (SegmentedRaftLogWorker.java:<init>(172)) - new b5f65341-71e3-4bdb-b257-250c7a42131a@group-D7DB8B8DA144-SegmentedRaftLogWorker for RaftStorage:Storage Directory /workdir/hadoop-ozone/tools/target/test-dir/MiniOzoneClusterImpl-a69ba920-524d-43f7-a757-bb142e91f929/datanode-4/data/ratis/400ce092-fc9a-4b0b-bb06-d7db8b8da144
2019-09-25 12:55:05,105 [pool-67-thread-1] INFO  server.RaftServerConfigKeys (ConfUtils.java:logGet(43)) - raft.server.log.queue.byte-limit = 2147483647 (custom)
2019-09-25 12:55:05,105 [pool-67-thread-1] INFO  server.RaftServerConfigKeys (ConfUtils.java:logGet(43)) - raft.server.log.queue.element-limit = 1024 (custom)
2019-09-25 12:55:05,105 [pool-67-thread-1] INFO  server.RaftServerConfigKeys (ConfUtils.java:logGet(43)) - raft.server.log.segment.size.max = 1048576 (custom)
2019-09-25 12:55:05,105 [pool-67-thread-1] INFO  server.RaftServerConfigKeys (ConfUtils.java:logGet(43)) - raft.server.log.preallocated.size = 16384 (custom)
2019-09-25 12:55:05,105 [pool-67-thread-1] INFO  server.RaftServerConfigKeys (ConfUtils.java:logGet(43)) - raft.server.log.write.buffer.size = 33554432 (custom)
2019-09-25 12:55:05,106 [pool-67-thread-1] INFO  server.RaftServerConfigKeys (ConfUtils.java:logGet(43)) - raft.server.log.force.sync.num = 128 (default)
2019-09-25 12:55:05,106 [pool-67-thread-1] INFO  server.RaftServerConfigKeys (ConfUtils.java:logGet(43)) - raft.server.log.statemachine.data.sync = true (default)
2019-09-25 12:55:05,106 [pool-67-thread-1] INFO  server.RaftServerConfigKeys (ConfUtils.java:logGet(43)) - raft.server.log.statemachine.data.sync.timeout = 10s (default)
2019-09-25 12:55:05,106 [pool-67-thread-1] INFO  server.RaftServerConfigKeys (ConfUtils.java:logGet(43)) - raft.server.log.statemachine.data.sync.timeout.retry = -1 (default)
2019-09-25 12:55:05,106 [pool-67-thread-1] INFO  server.RaftServerConfigKeys (ConfUtils.java:logGet(43)) - raft.server.log.statemachine.data.caching.enabled = true (custom)
2019-09-25 12:55:05,107 [pool-67-thread-1] INFO  segmented.SegmentedRaftLogWorker (SegmentedRaftLogWorker.java:lambda$new$0(132)) - b5f65341-71e3-4bdb-b257-250c7a42131a@group-D7DB8B8DA144-SegmentedRaftLogWorker: flushIndex: setUnconditionally 0 -> -1
2019-09-25 12:55:05,107 [pool-67-thread-1] INFO  server.RaftServerConfigKeys (ConfUtils.java:logGet(43)) - raft.server.snapshot.auto.trigger.enabled = true (custom)
2019-09-25 12:55:05,107 [pool-67-thread-1] INFO  server.RaftServerConfigKeys (ConfUtils.java:logGet(43)) - raft.server.snapshot.auto.trigger.threshold = 10000 (custom)
2019-09-25 12:55:05,108 [pool-67-thread-1] INFO  server.RaftServerConfigKeys (ConfUtils.java:logGet(43)) - raft.server.snapshot.retention.num.files = 5 (custom)
2019-09-25 12:55:05,108 [pool-67-thread-1] INFO  server.RaftServerConfigKeys (ConfUtils.java:logGet(43)) - raft.server.retrycache.expirytime = 600000ms (custom)
2019-09-25 12:55:05,112 [pool-67-thread-1] INFO  impl.RaftServerImpl (RaftServerImpl.java:start(185)) - b5f65341-71e3-4bdb-b257-250c7a42131a@group-D7DB8B8DA144: start as a follower, conf=-1: [b5f65341-71e3-4bdb-b257-250c7a42131a:192.168.151.73:46240], old=null
2019-09-25 12:55:05,112 [pool-67-thread-1] INFO  impl.RaftServerImpl (RaftServerImpl.java:setRole(174)) - b5f65341-71e3-4bdb-b257-250c7a42131a@group-D7DB8B8DA144: changes role from      null to FOLLOWER at term 0 for startAsFollower
2019-09-25 12:55:05,113 [pool-67-thread-1] INFO  impl.RoleInfo (RoleInfo.java:updateAndGet(143)) - b5f65341-71e3-4bdb-b257-250c7a42131a: start FollowerState
2019-09-25 12:55:05,113 [pool-67-thread-1] INFO  util.JmxRegister (JmxRegister.java:tryRegister(44)) - Successfully registered JMX Bean with object name Ratis:service=RaftServer,group=group-D7DB8B8DA144,id=b5f65341-71e3-4bdb-b257-250c7a42131a
2019-09-25 12:55:05,132 [RatisPipelineUtilsThread] INFO  pipeline.PipelineStateManager (PipelineStateManager.java:addPipeline(56)) - Created pipeline Pipeline[ Id: 400ce092-fc9a-4b0b-bb06-d7db8b8da144, Nodes: b5f65341-71e3-4bdb-b257-250c7a42131a{ip: 192.168.151.73, host: pr-hdds-1569-shd4m-3693607622, networkLocation: /default-rack, certSerialId: null}, Type:RATIS, Factor:ONE, State:OPEN]
2019-09-25 12:55:05,148 [grpc-default-executor-0] INFO  impl.RaftServerProxy (RaftServerProxy.java:addNew(89)) - 9ab7590b-dd39-4196-b964-8ab9f907299e: addNew group-7C3E9CAAA831:[9ab7590b-dd39-4196-b964-8ab9f907299e:192.168.151.73:40001] returns group-7C3E9CAAA831:java.util.concurrent.CompletableFuture@133daab0[Not completed]
2019-09-25 12:55:05,150 [pool-57-thread-1] INFO  impl.RaftServerImpl (RaftServerImpl.java:<init>(95)) - 9ab7590b-dd39-4196-b964-8ab9f907299e: new RaftServerImpl for group-7C3E9CAAA831:[9ab7590b-dd39-4196-b964-8ab9f907299e:192.168.151.73:40001] with ContainerStateMachine:uninitialized
2019-09-25 12:55:05,151 [pool-57-thread-1] INFO  server.RaftServerConfigKeys (ConfUtils.java:logGet(43)) - raft.server.rpc.timeout.min = 5s (custom)
2019-09-25 12:55:05,151 [pool-57-thread-1] INFO  server.RaftServerConfigKeys (ConfUtils.java:logGet(43)) - raft.server.rpc.timeout.max = 5200ms (custom)
2019-09-25 12:55:05,151 [pool-57-thread-1] INFO  server.RaftServerConfigKeys (ConfUtils.java:logGet(43)) - raft.server.rpcslowness.timeout = 120s (custom)
2019-09-25 12:55:05,151 [pool-57-thread-1] INFO  server.RaftServerConfigKeys (ConfUtils.java:logGet(43)) - raft.server.sleep.deviation.threshold = 300 (default)
2019-09-25 12:55:05,151 [pool-57-thread-1] INFO  server.RaftServerConfigKeys (ConfUtils.java:logGet(43)) - raft.server.log.appender.install.snapshot.enabled = false (custom)
2019-09-25 12:55:05,151 [pool-57-thread-1] INFO  impl.RaftServerImpl (ServerState.java:<init>(103)) - 9ab7590b-dd39-4196-b964-8ab9f907299e@group-7C3E9CAAA831: ConfigurationManager, init=-1: [9ab7590b-dd39-4196-b964-8ab9f907299e:192.168.151.73:40001], old=null, confs=<EMPTY_MAP>
2019-09-25 12:55:05,152 [pool-57-thread-1] INFO  server.RaftServerConfigKeys (ConfUtils.java:logGet(43)) - raft.server.storage.dir = [/workdir/hadoop-ozone/tools/target/test-dir/MiniOzoneClusterImpl-a69ba920-524d-43f7-a757-bb142e91f929/datanode-3/data/ratis] (custom)
2019-09-25 12:55:05,152 [pool-57-thread-1] INFO  storage.RaftStorageDirectory (RaftStorageDirectory.java:analyzeStorage(246)) - The storage directory /workdir/hadoop-ozone/tools/target/test-dir/MiniOzoneClusterImpl-a69ba920-524d-43f7-a757-bb142e91f929/datanode-3/data/ratis/7f881db8-630c-47ee-93b3-7c3e9caaa831 does not exist. Creating ...
2019-09-25 12:55:05,178 [pool-57-thread-1] INFO  storage.RaftStorageDirectory (RaftStorageDirectory.java:tryLock(328)) - Lock on /workdir/hadoop-ozone/tools/target/test-dir/MiniOzoneClusterImpl-a69ba920-524d-43f7-a757-bb142e91f929/datanode-3/data/ratis/7f881db8-630c-47ee-93b3-7c3e9caaa831/in_use.lock acquired by nodename 9027@pr-hdds-1569-shd4m-3693607622
2019-09-25 12:55:05,204 [pool-57-thread-1] INFO  storage.RaftStorage (RaftStorage.java:format(72)) - Storage directory /workdir/hadoop-ozone/tools/target/test-dir/MiniOzoneClusterImpl-a69ba920-524d-43f7-a757-bb142e91f929/datanode-3/data/ratis/7f881db8-630c-47ee-93b3-7c3e9caaa831 has been successfully formatted.
2019-09-25 12:55:05,204 [pool-57-thread-1] INFO  ratis.ContainerStateMachine (ContainerStateMachine.java:loadSnapshot(230)) - group-7C3E9CAAA831: The snapshot info is null. Setting the last applied indexto:(t:0, i:~)
2019-09-25 12:55:05,204 [pool-57-thread-1] INFO  server.RaftServerConfigKeys (ConfUtils.java:logGet(43)) - raft.server.notification.no-leader.timeout = 120s (custom)
2019-09-25 12:55:05,205 [pool-57-thread-1] INFO  server.RaftServerConfigKeys (ConfUtils.java:logGet(43)) - raft.server.log.use.memory = false (default)
2019-09-25 12:55:05,205 [pool-57-thread-1] INFO  server.RaftServerConfigKeys (ConfUtils.java:logGet(43)) - raft.server.log.purge.gap = 1000000 (custom)
2019-09-25 12:55:05,205 [pool-57-thread-1] INFO  server.RaftServerConfigKeys (ConfUtils.java:logGet(43)) - raft.server.log.appender.buffer.byte-limit = 33554432 (custom)
2019-09-25 12:55:05,205 [pool-57-thread-1] INFO  server.RaftServerConfigKeys (ConfUtils.java:logGet(43)) - raft.server.log.segment.size.max = 1048576 (custom)
2019-09-25 12:55:05,208 [pool-57-thread-1] INFO  server.RaftServerConfigKeys (ConfUtils.java:logGet(43)) - raft.server.log.segment.cache.num.max = 2 (custom)
2019-09-25 12:55:05,208 [pool-57-thread-1] INFO  segmented.SegmentedRaftLogWorker (SegmentedRaftLogWorker.java:<init>(172)) - new 9ab7590b-dd39-4196-b964-8ab9f907299e@group-7C3E9CAAA831-SegmentedRaftLogWorker for RaftStorage:Storage Directory /workdir/hadoop-ozone/tools/target/test-dir/MiniOzoneClusterImpl-a69ba920-524d-43f7-a757-bb142e91f929/datanode-3/data/ratis/7f881db8-630c-47ee-93b3-7c3e9caaa831
2019-09-25 12:55:05,214 [pool-57-thread-1] INFO  server.RaftServerConfigKeys (ConfUtils.java:logGet(43)) - raft.server.log.queue.byte-limit = 2147483647 (custom)
2019-09-25 12:55:05,214 [pool-57-thread-1] INFO  server.RaftServerConfigKeys (ConfUtils.java:logGet(43)) - raft.server.log.queue.element-limit = 1024 (custom)
2019-09-25 12:55:05,215 [pool-57-thread-1] INFO  server.RaftServerConfigKeys (ConfUtils.java:logGet(43)) - raft.server.log.segment.size.max = 1048576 (custom)
2019-09-25 12:55:05,215 [pool-57-thread-1] INFO  server.RaftServerConfigKeys (ConfUtils.java:logGet(43)) - raft.server.log.preallocated.size = 16384 (custom)
2019-09-25 12:55:05,215 [pool-57-thread-1] INFO  server.RaftServerConfigKeys (ConfUtils.java:logGet(43)) - raft.server.log.write.buffer.size = 33554432 (custom)
2019-09-25 12:55:05,215 [pool-57-thread-1] INFO  server.RaftServerConfigKeys (ConfUtils.java:logGet(43)) - raft.server.log.force.sync.num = 128 (default)
2019-09-25 12:55:05,215 [pool-57-thread-1] INFO  server.RaftServerConfigKeys (ConfUtils.java:logGet(43)) - raft.server.log.statemachine.data.sync = true (default)
2019-09-25 12:55:05,215 [pool-57-thread-1] INFO  server.RaftServerConfigKeys (ConfUtils.java:logGet(43)) - raft.server.log.statemachine.data.sync.timeout = 10s (default)
2019-09-25 12:55:05,216 [pool-57-thread-1] INFO  server.RaftServerConfigKeys (ConfUtils.java:logGet(43)) - raft.server.log.statemachine.data.sync.timeout.retry = -1 (default)
2019-09-25 12:55:05,216 [pool-57-thread-1] INFO  server.RaftServerConfigKeys (ConfUtils.java:logGet(43)) - raft.server.log.statemachine.data.caching.enabled = true (custom)
2019-09-25 12:55:05,216 [pool-57-thread-1] INFO  segmented.SegmentedRaftLogWorker (SegmentedRaftLogWorker.java:lambda$new$0(132)) - 9ab7590b-dd39-4196-b964-8ab9f907299e@group-7C3E9CAAA831-SegmentedRaftLogWorker: flushIndex: setUnconditionally 0 -> -1
2019-09-25 12:55:05,217 [pool-57-thread-1] INFO  server.RaftServerConfigKeys (ConfUtils.java:logGet(43)) - raft.server.snapshot.auto.trigger.enabled = true (custom)
2019-09-25 12:55:05,217 [pool-57-thread-1] INFO  server.RaftServerConfigKeys (ConfUtils.java:logGet(43)) - raft.server.snapshot.auto.trigger.threshold = 10000 (custom)
2019-09-25 12:55:05,217 [pool-57-thread-1] INFO  server.RaftServerConfigKeys (ConfUtils.java:logGet(43)) - raft.server.snapshot.retention.num.files = 5 (custom)
2019-09-25 12:55:05,217 [pool-57-thread-1] INFO  server.RaftServerConfigKeys (ConfUtils.java:logGet(43)) - raft.server.retrycache.expirytime = 600000ms (custom)
2019-09-25 12:55:05,221 [pool-57-thread-1] INFO  impl.RaftServerImpl (RaftServerImpl.java:start(185)) - 9ab7590b-dd39-4196-b964-8ab9f907299e@group-7C3E9CAAA831: start as a follower, conf=-1: [9ab7590b-dd39-4196-b964-8ab9f907299e:192.168.151.73:40001], old=null
2019-09-25 12:55:05,221 [pool-57-thread-1] INFO  impl.RaftServerImpl (RaftServerImpl.java:setRole(174)) - 9ab7590b-dd39-4196-b964-8ab9f907299e@group-7C3E9CAAA831: changes role from      null to FOLLOWER at term 0 for startAsFollower
2019-09-25 12:55:05,222 [pool-57-thread-1] INFO  impl.RoleInfo (RoleInfo.java:updateAndGet(143)) - 9ab7590b-dd39-4196-b964-8ab9f907299e: start FollowerState
2019-09-25 12:55:05,222 [pool-57-thread-1] INFO  util.JmxRegister (JmxRegister.java:tryRegister(44)) - Successfully registered JMX Bean with object name Ratis:service=RaftServer,group=group-7C3E9CAAA831,id=9ab7590b-dd39-4196-b964-8ab9f907299e
2019-09-25 12:55:05,231 [RatisPipelineUtilsThread] INFO  pipeline.PipelineStateManager (PipelineStateManager.java:addPipeline(56)) - Created pipeline Pipeline[ Id: 7f881db8-630c-47ee-93b3-7c3e9caaa831, Nodes: 9ab7590b-dd39-4196-b964-8ab9f907299e{ip: 192.168.151.73, host: pr-hdds-1569-shd4m-3693607622, networkLocation: /default-rack, certSerialId: null}, Type:RATIS, Factor:ONE, State:OPEN]
2019-09-25 12:55:05,245 [grpc-default-executor-0] INFO  impl.RaftServerProxy (RaftServerProxy.java:addNew(89)) - 890a050a-36b3-47fb-a6ed-f900cd3e56cf: addNew group-7FD7432582C4:[890a050a-36b3-47fb-a6ed-f900cd3e56cf:192.168.151.73:39049] returns group-7FD7432582C4:java.util.concurrent.CompletableFuture@358225cc[Not completed]
2019-09-25 12:55:05,248 [pool-37-thread-1] INFO  impl.RaftServerImpl (RaftServerImpl.java:<init>(95)) - 890a050a-36b3-47fb-a6ed-f900cd3e56cf: new RaftServerImpl for group-7FD7432582C4:[890a050a-36b3-47fb-a6ed-f900cd3e56cf:192.168.151.73:39049] with ContainerStateMachine:uninitialized
2019-09-25 12:55:05,248 [pool-37-thread-1] INFO  server.RaftServerConfigKeys (ConfUtils.java:logGet(43)) - raft.server.rpc.timeout.min = 5s (custom)
2019-09-25 12:55:05,248 [pool-37-thread-1] INFO  server.RaftServerConfigKeys (ConfUtils.java:logGet(43)) - raft.server.rpc.timeout.max = 5200ms (custom)
2019-09-25 12:55:05,249 [pool-37-thread-1] INFO  server.RaftServerConfigKeys (ConfUtils.java:logGet(43)) - raft.server.rpcslowness.timeout = 120s (custom)
2019-09-25 12:55:05,250 [pool-37-thread-1] INFO  server.RaftServerConfigKeys (ConfUtils.java:logGet(43)) - raft.server.sleep.deviation.threshold = 300 (default)
2019-09-25 12:55:05,250 [pool-37-thread-1] INFO  server.RaftServerConfigKeys (ConfUtils.java:logGet(43)) - raft.server.log.appender.install.snapshot.enabled = false (custom)
2019-09-25 12:55:05,250 [pool-37-thread-1] INFO  impl.RaftServerImpl (ServerState.java:<init>(103)) - 890a050a-36b3-47fb-a6ed-f900cd3e56cf@group-7FD7432582C4: ConfigurationManager, init=-1: [890a050a-36b3-47fb-a6ed-f900cd3e56cf:192.168.151.73:39049], old=null, confs=<EMPTY_MAP>
2019-09-25 12:55:05,250 [pool-37-thread-1] INFO  server.RaftServerConfigKeys (ConfUtils.java:logGet(43)) - raft.server.storage.dir = [/workdir/hadoop-ozone/tools/target/test-dir/MiniOzoneClusterImpl-a69ba920-524d-43f7-a757-bb142e91f929/datanode-1/data/ratis] (custom)
2019-09-25 12:55:05,251 [pool-37-thread-1] INFO  storage.RaftStorageDirectory (RaftStorageDirectory.java:analyzeStorage(246)) - The storage directory /workdir/hadoop-ozone/tools/target/test-dir/MiniOzoneClusterImpl-a69ba920-524d-43f7-a757-bb142e91f929/datanode-1/data/ratis/a9553a69-f23b-4b30-86d7-7fd7432582c4 does not exist. Creating ...
2019-09-25 12:55:05,259 [main] INFO  freon.RandomKeyGenerator (RandomKeyGenerator.java:call(283)) - Number of Threads: 10
2019-09-25 12:55:05,260 [main] INFO  freon.RandomKeyGenerator (RandomKeyGenerator.java:call(288)) - Number of Volumes: 1.
2019-09-25 12:55:05,260 [main] INFO  freon.RandomKeyGenerator (RandomKeyGenerator.java:call(289)) - Number of Buckets per Volume: 1.
2019-09-25 12:55:05,260 [main] INFO  freon.RandomKeyGenerator (RandomKeyGenerator.java:call(290)) - Number of Keys per Bucket: 1.
2019-09-25 12:55:05,260 [main] INFO  freon.RandomKeyGenerator (RandomKeyGenerator.java:call(291)) - Key size: 20971520 bytes
2019-09-25 12:55:05,260 [main] INFO  freon.RandomKeyGenerator (RandomKeyGenerator.java:call(292)) - Buffer size: 4096 bytes
2019-09-25 12:55:05,260 [main] INFO  freon.RandomKeyGenerator (RandomKeyGenerator.java:call(293)) - validateWrites : false
2019-09-25 12:55:05,269 [main] INFO  freon.RandomKeyGenerator (RandomKeyGenerator.java:call(313)) - Starting progress bar Thread.

 0.00% |█                                                                                                    |  0/1 Time: 0:00:002019-09-25 12:55:05,279 [pool-37-thread-1] INFO  storage.RaftStorageDirectory (RaftStorageDirectory.java:tryLock(328)) - Lock on /workdir/hadoop-ozone/tools/target/test-dir/MiniOzoneClusterImpl-a69ba920-524d-43f7-a757-bb142e91f929/datanode-1/data/ratis/a9553a69-f23b-4b30-86d7-7fd7432582c4/in_use.lock acquired by nodename 9027@pr-hdds-1569-shd4m-3693607622
2019-09-25 12:55:05,304 [pool-37-thread-1] INFO  storage.RaftStorage (RaftStorage.java:format(72)) - Storage directory /workdir/hadoop-ozone/tools/target/test-dir/MiniOzoneClusterImpl-a69ba920-524d-43f7-a757-bb142e91f929/datanode-1/data/ratis/a9553a69-f23b-4b30-86d7-7fd7432582c4 has been successfully formatted.
2019-09-25 12:55:05,305 [pool-37-thread-1] INFO  ratis.ContainerStateMachine (ContainerStateMachine.java:loadSnapshot(230)) - group-7FD7432582C4: The snapshot info is null. Setting the last applied indexto:(t:0, i:~)
2019-09-25 12:55:05,305 [pool-37-thread-1] INFO  server.RaftServerConfigKeys (ConfUtils.java:logGet(43)) - raft.server.notification.no-leader.timeout = 120s (custom)
2019-09-25 12:55:05,305 [pool-37-thread-1] INFO  server.RaftServerConfigKeys (ConfUtils.java:logGet(43)) - raft.server.log.use.memory = false (default)
2019-09-25 12:55:05,305 [pool-37-thread-1] INFO  server.RaftServerConfigKeys (ConfUtils.java:logGet(43)) - raft.server.log.purge.gap = 1000000 (custom)
2019-09-25 12:55:05,306 [pool-37-thread-1] INFO  server.RaftServerConfigKeys (ConfUtils.java:logGet(43)) - raft.server.log.appender.buffer.byte-limit = 33554432 (custom)
2019-09-25 12:55:05,306 [pool-37-thread-1] INFO  server.RaftServerConfigKeys (ConfUtils.java:logGet(43)) - raft.server.log.segment.size.max = 1048576 (custom)
2019-09-25 12:55:05,306 [pool-37-thread-1] INFO  server.RaftServerConfigKeys (ConfUtils.java:logGet(43)) - raft.server.log.segment.cache.num.max = 2 (custom)
2019-09-25 12:55:05,306 [pool-37-thread-1] INFO  segmented.SegmentedRaftLogWorker (SegmentedRaftLogWorker.java:<init>(172)) - new 890a050a-36b3-47fb-a6ed-f900cd3e56cf@group-7FD7432582C4-SegmentedRaftLogWorker for RaftStorage:Storage Directory /workdir/hadoop-ozone/tools/target/test-dir/MiniOzoneClusterImpl-a69ba920-524d-43f7-a757-bb142e91f929/datanode-1/data/ratis/a9553a69-f23b-4b30-86d7-7fd7432582c4
2019-09-25 12:55:05,306 [pool-37-thread-1] INFO  server.RaftServerConfigKeys (ConfUtils.java:logGet(43)) - raft.server.log.queue.byte-limit = 2147483647 (custom)
2019-09-25 12:55:05,306 [pool-37-thread-1] INFO  server.RaftServerConfigKeys (ConfUtils.java:logGet(43)) - raft.server.log.queue.element-limit = 1024 (custom)
2019-09-25 12:55:05,309 [pool-37-thread-1] INFO  server.RaftServerConfigKeys (ConfUtils.java:logGet(43)) - raft.server.log.segment.size.max = 1048576 (custom)
2019-09-25 12:55:05,309 [pool-37-thread-1] INFO  server.RaftServerConfigKeys (ConfUtils.java:logGet(43)) - raft.server.log.preallocated.size = 16384 (custom)
2019-09-25 12:55:05,310 [pool-37-thread-1] INFO  server.RaftServerConfigKeys (ConfUtils.java:logGet(43)) - raft.server.log.write.buffer.size = 33554432 (custom)
2019-09-25 12:55:05,310 [pool-37-thread-1] INFO  server.RaftServerConfigKeys (ConfUtils.java:logGet(43)) - raft.server.log.force.sync.num = 128 (default)
2019-09-25 12:55:05,310 [pool-37-thread-1] INFO  server.RaftServerConfigKeys (ConfUtils.java:logGet(43)) - raft.server.log.statemachine.data.sync = true (default)
2019-09-25 12:55:05,310 [pool-37-thread-1] INFO  server.RaftServerConfigKeys (ConfUtils.java:logGet(43)) - raft.server.log.statemachine.data.sync.timeout = 10s (default)
2019-09-25 12:55:05,310 [pool-37-thread-1] INFO  server.RaftServerConfigKeys (ConfUtils.java:logGet(43)) - raft.server.log.statemachine.data.sync.timeout.retry = -1 (default)
2019-09-25 12:55:05,310 [pool-37-thread-1] INFO  server.RaftServerConfigKeys (ConfUtils.java:logGet(43)) - raft.server.log.statemachine.data.caching.enabled = true (custom)
2019-09-25 12:55:05,311 [pool-37-thread-1] INFO  segmented.SegmentedRaftLogWorker (SegmentedRaftLogWorker.java:lambda$new$0(132)) - 890a050a-36b3-47fb-a6ed-f900cd3e56cf@group-7FD7432582C4-SegmentedRaftLogWorker: flushIndex: setUnconditionally 0 -> -1
2019-09-25 12:55:05,311 [pool-37-thread-1] INFO  server.RaftServerConfigKeys (ConfUtils.java:logGet(43)) - raft.server.snapshot.auto.trigger.enabled = true (custom)
2019-09-25 12:55:05,311 [pool-37-thread-1] INFO  server.RaftServerConfigKeys (ConfUtils.java:logGet(43)) - raft.server.snapshot.auto.trigger.threshold = 10000 (custom)
2019-09-25 12:55:05,312 [pool-37-thread-1] INFO  server.RaftServerConfigKeys (ConfUtils.java:logGet(43)) - raft.server.snapshot.retention.num.files = 5 (custom)
2019-09-25 12:55:05,312 [pool-37-thread-1] INFO  server.RaftServerConfigKeys (ConfUtils.java:logGet(43)) - raft.server.retrycache.expirytime = 600000ms (custom)
2019-09-25 12:55:05,312 [pool-73-thread-1] INFO  rpc.RpcClient (RpcClient.java:createVolume(276)) - Creating Volume: vol-0-21374, with jenkins1000 as owner.
2019-09-25 12:55:05,315 [pool-37-thread-1] INFO  impl.RaftServerImpl (RaftServerImpl.java:start(185)) - 890a050a-36b3-47fb-a6ed-f900cd3e56cf@group-7FD7432582C4: start as a follower, conf=-1: [890a050a-36b3-47fb-a6ed-f900cd3e56cf:192.168.151.73:39049], old=null
2019-09-25 12:55:05,315 [pool-37-thread-1] INFO  impl.RaftServerImpl (RaftServerImpl.java:setRole(174)) - 890a050a-36b3-47fb-a6ed-f900cd3e56cf@group-7FD7432582C4: changes role from      null to FOLLOWER at term 0 for startAsFollower
2019-09-25 12:55:05,315 [pool-37-thread-1] INFO  impl.RoleInfo (RoleInfo.java:updateAndGet(143)) - 890a050a-36b3-47fb-a6ed-f900cd3e56cf: start FollowerState
2019-09-25 12:55:05,316 [pool-37-thread-1] INFO  util.JmxRegister (JmxRegister.java:tryRegister(44)) - Successfully registered JMX Bean with object name Ratis:service=RaftServer,group=group-7FD7432582C4,id=890a050a-36b3-47fb-a6ed-f900cd3e56cf
2019-09-25 12:55:05,329 [RatisPipelineUtilsThread] INFO  pipeline.PipelineStateManager (PipelineStateManager.java:addPipeline(56)) - Created pipeline Pipeline[ Id: a9553a69-f23b-4b30-86d7-7fd7432582c4, Nodes: 890a050a-36b3-47fb-a6ed-f900cd3e56cf{ip: 192.168.151.73, host: pr-hdds-1569-shd4m-3693607622, networkLocation: /default-rack, certSerialId: null}, Type:RATIS, Factor:ONE, State:OPEN]
2019-09-25 12:55:05,342 [grpc-default-executor-0] INFO  impl.RaftServerProxy (RaftServerProxy.java:addNew(89)) - d3ebfba2-1061-4a1b-b9ff-fcd56525b262: addNew group-491AC9E02647:[d3ebfba2-1061-4a1b-b9ff-fcd56525b262:192.168.151.73:41691] returns group-491AC9E02647:java.util.concurrent.CompletableFuture@5ceef71e[Not completed]
2019-09-25 12:55:05,345 [pool-47-thread-1] INFO  impl.RaftServerImpl (RaftServerImpl.java:<init>(95)) - d3ebfba2-1061-4a1b-b9ff-fcd56525b262: new RaftServerImpl for group-491AC9E02647:[d3ebfba2-1061-4a1b-b9ff-fcd56525b262:192.168.151.73:41691] with ContainerStateMachine:uninitialized
2019-09-25 12:55:05,345 [pool-47-thread-1] INFO  server.RaftServerConfigKeys (ConfUtils.java:logGet(43)) - raft.server.rpc.timeout.min = 5s (custom)
2019-09-25 12:55:05,346 [pool-47-thread-1] INFO  server.RaftServerConfigKeys (ConfUtils.java:logGet(43)) - raft.server.rpc.timeout.max = 5200ms (custom)
2019-09-25 12:55:05,346 [pool-47-thread-1] INFO  server.RaftServerConfigKeys (ConfUtils.java:logGet(43)) - raft.server.rpcslowness.timeout = 120s (custom)
2019-09-25 12:55:05,346 [pool-47-thread-1] INFO  server.RaftServerConfigKeys (ConfUtils.java:logGet(43)) - raft.server.sleep.deviation.threshold = 300 (default)
2019-09-25 12:55:05,346 [pool-47-thread-1] INFO  server.RaftServerConfigKeys (ConfUtils.java:logGet(43)) - raft.server.log.appender.install.snapshot.enabled = false (custom)
2019-09-25 12:55:05,346 [pool-47-thread-1] INFO  impl.RaftServerImpl (ServerState.java:<init>(103)) - d3ebfba2-1061-4a1b-b9ff-fcd56525b262@group-491AC9E02647: ConfigurationManager, init=-1: [d3ebfba2-1061-4a1b-b9ff-fcd56525b262:192.168.151.73:41691], old=null, confs=<EMPTY_MAP>
2019-09-25 12:55:05,347 [pool-47-thread-1] INFO  server.RaftServerConfigKeys (ConfUtils.java:logGet(43)) - raft.server.storage.dir = [/workdir/hadoop-ozone/tools/target/test-dir/MiniOzoneClusterImpl-a69ba920-524d-43f7-a757-bb142e91f929/datanode-2/data/ratis] (custom)
2019-09-25 12:55:05,347 [pool-47-thread-1] INFO  storage.RaftStorageDirectory (RaftStorageDirectory.java:analyzeStorage(246)) - The storage directory /workdir/hadoop-ozone/tools/target/test-dir/MiniOzoneClusterImpl-a69ba920-524d-43f7-a757-bb142e91f929/datanode-2/data/ratis/ff5ce163-f35b-43cc-b73f-491ac9e02647 does not exist. Creating ...
2019-09-25 12:55:05,371 [pool-47-thread-1] INFO  storage.RaftStorageDirectory (RaftStorageDirectory.java:tryLock(328)) - Lock on /workdir/hadoop-ozone/tools/target/test-dir/MiniOzoneClusterImpl-a69ba920-524d-43f7-a757-bb142e91f929/datanode-2/data/ratis/ff5ce163-f35b-43cc-b73f-491ac9e02647/in_use.lock acquired by nodename 9027@pr-hdds-1569-shd4m-3693607622
2019-09-25 12:55:05,388 [pool-47-thread-1] INFO  storage.RaftStorage (RaftStorage.java:format(72)) - Storage directory /workdir/hadoop-ozone/tools/target/test-dir/MiniOzoneClusterImpl-a69ba920-524d-43f7-a757-bb142e91f929/datanode-2/data/ratis/ff5ce163-f35b-43cc-b73f-491ac9e02647 has been successfully formatted.
2019-09-25 12:55:05,389 [pool-47-thread-1] INFO  ratis.ContainerStateMachine (ContainerStateMachine.java:loadSnapshot(230)) - group-491AC9E02647: The snapshot info is null. Setting the last applied indexto:(t:0, i:~)
2019-09-25 12:55:05,389 [pool-47-thread-1] INFO  server.RaftServerConfigKeys (ConfUtils.java:logGet(43)) - raft.server.notification.no-leader.timeout = 120s (custom)
2019-09-25 12:55:05,389 [pool-47-thread-1] INFO  server.RaftServerConfigKeys (ConfUtils.java:logGet(43)) - raft.server.log.use.memory = false (default)
2019-09-25 12:55:05,389 [pool-47-thread-1] INFO  server.RaftServerConfigKeys (ConfUtils.java:logGet(43)) - raft.server.log.purge.gap = 1000000 (custom)
2019-09-25 12:55:05,390 [pool-47-thread-1] INFO  server.RaftServerConfigKeys (ConfUtils.java:logGet(43)) - raft.server.log.appender.buffer.byte-limit = 33554432 (custom)
2019-09-25 12:55:05,390 [pool-47-thread-1] INFO  server.RaftServerConfigKeys (ConfUtils.java:logGet(43)) - raft.server.log.segment.size.max = 1048576 (custom)
2019-09-25 12:55:05,390 [pool-47-thread-1] INFO  server.RaftServerConfigKeys (ConfUtils.java:logGet(43)) - raft.server.log.segment.cache.num.max = 2 (custom)
2019-09-25 12:55:05,390 [pool-47-thread-1] INFO  segmented.SegmentedRaftLogWorker (SegmentedRaftLogWorker.java:<init>(172)) - new d3ebfba2-1061-4a1b-b9ff-fcd56525b262@group-491AC9E02647-SegmentedRaftLogWorker for RaftStorage:Storage Directory /workdir/hadoop-ozone/tools/target/test-dir/MiniOzoneClusterImpl-a69ba920-524d-43f7-a757-bb142e91f929/datanode-2/data/ratis/ff5ce163-f35b-43cc-b73f-491ac9e02647
2019-09-25 12:55:05,390 [pool-47-thread-1] INFO  server.RaftServerConfigKeys (ConfUtils.java:logGet(43)) - raft.server.log.queue.byte-limit = 2147483647 (custom)
2019-09-25 12:55:05,390 [pool-47-thread-1] INFO  server.RaftServerConfigKeys (ConfUtils.java:logGet(43)) - raft.server.log.queue.element-limit = 1024 (custom)
2019-09-25 12:55:05,391 [pool-47-thread-1] INFO  server.RaftServerConfigKeys (ConfUtils.java:logGet(43)) - raft.server.log.segment.size.max = 1048576 (custom)
2019-09-25 12:55:05,391 [pool-47-thread-1] INFO  server.RaftServerConfigKeys (ConfUtils.java:logGet(43)) - raft.server.log.preallocated.size = 16384 (custom)
2019-09-25 12:55:05,391 [pool-47-thread-1] INFO  server.RaftServerConfigKeys (ConfUtils.java:logGet(43)) - raft.server.log.write.buffer.size = 33554432 (custom)
2019-09-25 12:55:05,391 [pool-47-thread-1] INFO  server.RaftServerConfigKeys (ConfUtils.java:logGet(43)) - raft.server.log.force.sync.num = 128 (default)
2019-09-25 12:55:05,391 [pool-47-thread-1] INFO  server.RaftServerConfigKeys (ConfUtils.java:logGet(43)) - raft.server.log.statemachine.data.sync = true (default)
2019-09-25 12:55:05,391 [pool-47-thread-1] INFO  server.RaftServerConfigKeys (ConfUtils.java:logGet(43)) - raft.server.log.statemachine.data.sync.timeout = 10s (default)
2019-09-25 12:55:05,392 [pool-47-thread-1] INFO  server.RaftServerConfigKeys (ConfUtils.java:logGet(43)) - raft.server.log.statemachine.data.sync.timeout.retry = -1 (default)
2019-09-25 12:55:05,392 [pool-47-thread-1] INFO  server.RaftServerConfigKeys (ConfUtils.java:logGet(43)) - raft.server.log.statemachine.data.caching.enabled = true (custom)
2019-09-25 12:55:05,392 [pool-47-thread-1] INFO  segmented.SegmentedRaftLogWorker (SegmentedRaftLogWorker.java:lambda$new$0(132)) - d3ebfba2-1061-4a1b-b9ff-fcd56525b262@group-491AC9E02647-SegmentedRaftLogWorker: flushIndex: setUnconditionally 0 -> -1
2019-09-25 12:55:05,393 [pool-47-thread-1] INFO  server.RaftServerConfigKeys (ConfUtils.java:logGet(43)) - raft.server.snapshot.auto.trigger.enabled = true (custom)
2019-09-25 12:55:05,393 [pool-47-thread-1] INFO  server.RaftServerConfigKeys (ConfUtils.java:logGet(43)) - raft.server.snapshot.auto.trigger.threshold = 10000 (custom)
2019-09-25 12:55:05,393 [pool-47-thread-1] INFO  server.RaftServerConfigKeys (ConfUtils.java:logGet(43)) - raft.server.snapshot.retention.num.files = 5 (custom)
2019-09-25 12:55:05,393 [pool-47-thread-1] INFO  server.RaftServerConfigKeys (ConfUtils.java:logGet(43)) - raft.server.retrycache.expirytime = 600000ms (custom)
2019-09-25 12:55:05,397 [pool-47-thread-1] INFO  impl.RaftServerImpl (RaftServerImpl.java:start(185)) - d3ebfba2-1061-4a1b-b9ff-fcd56525b262@group-491AC9E02647: start as a follower, conf=-1: [d3ebfba2-1061-4a1b-b9ff-fcd56525b262:192.168.151.73:41691], old=null
2019-09-25 12:55:05,397 [pool-47-thread-1] INFO  impl.RaftServerImpl (RaftServerImpl.java:setRole(174)) - d3ebfba2-1061-4a1b-b9ff-fcd56525b262@group-491AC9E02647: changes role from      null to FOLLOWER at term 0 for startAsFollower
2019-09-25 12:55:05,397 [pool-47-thread-1] INFO  impl.RoleInfo (RoleInfo.java:updateAndGet(143)) - d3ebfba2-1061-4a1b-b9ff-fcd56525b262: start FollowerState
2019-09-25 12:55:05,397 [pool-47-thread-1] INFO  util.JmxRegister (JmxRegister.java:tryRegister(44)) - Successfully registered JMX Bean with object name Ratis:service=RaftServer,group=group-491AC9E02647,id=d3ebfba2-1061-4a1b-b9ff-fcd56525b262
2019-09-25 12:55:05,407 [RatisPipelineUtilsThread] INFO  pipeline.PipelineStateManager (PipelineStateManager.java:addPipeline(56)) - Created pipeline Pipeline[ Id: ff5ce163-f35b-43cc-b73f-491ac9e02647, Nodes: d3ebfba2-1061-4a1b-b9ff-fcd56525b262{ip: 192.168.151.73, host: pr-hdds-1569-shd4m-3693607622, networkLocation: /default-rack, certSerialId: null}, Type:RATIS, Factor:ONE, State:OPEN]
2019-09-25 12:55:05,423 [grpc-default-executor-0] INFO  impl.RaftServerProxy (RaftServerProxy.java:addNew(89)) - 890a050a-36b3-47fb-a6ed-f900cd3e56cf: addNew group-FE564871AF52:[890a050a-36b3-47fb-a6ed-f900cd3e56cf:192.168.151.73:39049] returns group-FE564871AF52:java.util.concurrent.CompletableFuture@7c38e181[Not completed]
2019-09-25 12:55:05,427 [pool-37-thread-1] INFO  impl.RaftServerImpl (RaftServerImpl.java:<init>(95)) - 890a050a-36b3-47fb-a6ed-f900cd3e56cf: new RaftServerImpl for group-FE564871AF52:[890a050a-36b3-47fb-a6ed-f900cd3e56cf:192.168.151.73:39049] with ContainerStateMachine:uninitialized
2019-09-25 12:55:05,427 [pool-37-thread-1] INFO  server.RaftServerConfigKeys (ConfUtils.java:logGet(43)) - raft.server.rpc.timeout.min = 5s (custom)
2019-09-25 12:55:05,428 [pool-37-thread-1] INFO  server.RaftServerConfigKeys (ConfUtils.java:logGet(43)) - raft.server.rpc.timeout.max = 5200ms (custom)
2019-09-25 12:55:05,428 [pool-37-thread-1] INFO  server.RaftServerConfigKeys (ConfUtils.java:logGet(43)) - raft.server.rpcslowness.timeout = 120s (custom)
2019-09-25 12:55:05,428 [pool-37-thread-1] INFO  server.RaftServerConfigKeys (ConfUtils.java:logGet(43)) - raft.server.sleep.deviation.threshold = 300 (default)
2019-09-25 12:55:05,428 [pool-37-thread-1] INFO  server.RaftServerConfigKeys (ConfUtils.java:logGet(43)) - raft.server.log.appender.install.snapshot.enabled = false (custom)
2019-09-25 12:55:05,428 [pool-37-thread-1] INFO  impl.RaftServerImpl (ServerState.java:<init>(103)) - 890a050a-36b3-47fb-a6ed-f900cd3e56cf@group-FE564871AF52: ConfigurationManager, init=-1: [890a050a-36b3-47fb-a6ed-f900cd3e56cf:192.168.151.73:39049], old=null, confs=<EMPTY_MAP>
2019-09-25 12:55:05,428 [pool-37-thread-1] INFO  server.RaftServerConfigKeys (ConfUtils.java:logGet(43)) - raft.server.storage.dir = [/workdir/hadoop-ozone/tools/target/test-dir/MiniOzoneClusterImpl-a69ba920-524d-43f7-a757-bb142e91f929/datanode-1/data/ratis] (custom)
2019-09-25 12:55:05,429 [pool-37-thread-1] INFO  storage.RaftStorageDirectory (RaftStorageDirectory.java:analyzeStorage(246)) - The storage directory /workdir/hadoop-ozone/tools/target/test-dir/MiniOzoneClusterImpl-a69ba920-524d-43f7-a757-bb142e91f929/datanode-1/data/ratis/56e2ce21-e888-495b-b5e2-fe564871af52 does not exist. Creating ...
2019-09-25 12:55:05,437 [IPC Server handler 2 on 34889] INFO  volume.OMVolumeCreateRequest (OMVolumeCreateRequest.java:validateAndUpdateCache(189)) - created volume:vol-0-21374 for user:jenkins1000
2019-09-25 12:55:05,452 [pool-37-thread-1] INFO  storage.RaftStorageDirectory (RaftStorageDirectory.java:tryLock(328)) - Lock on /workdir/hadoop-ozone/tools/target/test-dir/MiniOzoneClusterImpl-a69ba920-524d-43f7-a757-bb142e91f929/datanode-1/data/ratis/56e2ce21-e888-495b-b5e2-fe564871af52/in_use.lock acquired by nodename 9027@pr-hdds-1569-shd4m-3693607622
2019-09-25 12:55:05,470 [pool-73-thread-3] INFO  rpc.RpcClient (RpcClient.java:createBucket(415)) - Creating Bucket: vol-0-21374/bucket-0-84067, with Versioning false and Storage Type set to DISK and Encryption set to false 
2019-09-25 12:55:05,475 [pool-37-thread-1] INFO  storage.RaftStorage (RaftStorage.java:format(72)) - Storage directory /workdir/hadoop-ozone/tools/target/test-dir/MiniOzoneClusterImpl-a69ba920-524d-43f7-a757-bb142e91f929/datanode-1/data/ratis/56e2ce21-e888-495b-b5e2-fe564871af52 has been successfully formatted.
2019-09-25 12:55:05,476 [pool-37-thread-1] INFO  ratis.ContainerStateMachine (ContainerStateMachine.java:loadSnapshot(230)) - group-FE564871AF52: The snapshot info is null. Setting the last applied indexto:(t:0, i:~)
2019-09-25 12:55:05,476 [pool-37-thread-1] INFO  server.RaftServerConfigKeys (ConfUtils.java:logGet(43)) - raft.server.notification.no-leader.timeout = 120s (custom)
2019-09-25 12:55:05,476 [pool-37-thread-1] INFO  server.RaftServerConfigKeys (ConfUtils.java:logGet(43)) - raft.server.log.use.memory = false (default)
2019-09-25 12:55:05,476 [pool-37-thread-1] INFO  server.RaftServerConfigKeys (ConfUtils.java:logGet(43)) - raft.server.log.purge.gap = 1000000 (custom)
2019-09-25 12:55:05,476 [pool-37-thread-1] INFO  server.RaftServerConfigKeys (ConfUtils.java:logGet(43)) - raft.server.log.appender.buffer.byte-limit = 33554432 (custom)
2019-09-25 12:55:05,477 [pool-37-thread-1] INFO  server.RaftServerConfigKeys (ConfUtils.java:logGet(43)) - raft.server.log.segment.size.max = 1048576 (custom)
2019-09-25 12:55:05,477 [pool-37-thread-1] INFO  server.RaftServerConfigKeys (ConfUtils.java:logGet(43)) - raft.server.log.segment.cache.num.max = 2 (custom)
2019-09-25 12:55:05,477 [pool-37-thread-1] INFO  segmented.SegmentedRaftLogWorker (SegmentedRaftLogWorker.java:<init>(172)) - new 890a050a-36b3-47fb-a6ed-f900cd3e56cf@group-FE564871AF52-SegmentedRaftLogWorker for RaftStorage:Storage Directory /workdir/hadoop-ozone/tools/target/test-dir/MiniOzoneClusterImpl-a69ba920-524d-43f7-a757-bb142e91f929/datanode-1/data/ratis/56e2ce21-e888-495b-b5e2-fe564871af52
2019-09-25 12:55:05,477 [pool-37-thread-1] INFO  server.RaftServerConfigKeys (ConfUtils.java:logGet(43)) - raft.server.log.queue.byte-limit = 2147483647 (custom)
2019-09-25 12:55:05,477 [pool-37-thread-1] INFO  server.RaftServerConfigKeys (ConfUtils.java:logGet(43)) - raft.server.log.queue.element-limit = 1024 (custom)
2019-09-25 12:55:05,478 [pool-37-thread-1] INFO  server.RaftServerConfigKeys (ConfUtils.java:logGet(43)) - raft.server.log.segment.size.max = 1048576 (custom)
2019-09-25 12:55:05,478 [pool-37-thread-1] INFO  server.RaftServerConfigKeys (ConfUtils.java:logGet(43)) - raft.server.log.preallocated.size = 16384 (custom)
2019-09-25 12:55:05,478 [pool-37-thread-1] INFO  server.RaftServerConfigKeys (ConfUtils.java:logGet(43)) - raft.server.log.write.buffer.size = 33554432 (custom)
2019-09-25 12:55:05,478 [pool-37-thread-1] INFO  server.RaftServerConfigKeys (ConfUtils.java:logGet(43)) - raft.server.log.force.sync.num = 128 (default)
2019-09-25 12:55:05,478 [pool-37-thread-1] INFO  server.RaftServerConfigKeys (ConfUtils.java:logGet(43)) - raft.server.log.statemachine.data.sync = true (default)
2019-09-25 12:55:05,478 [pool-37-thread-1] INFO  server.RaftServerConfigKeys (ConfUtils.java:logGet(43)) - raft.server.log.statemachine.data.sync.timeout = 10s (default)
2019-09-25 12:55:05,478 [pool-37-thread-1] INFO  server.RaftServerConfigKeys (ConfUtils.java:logGet(43)) - raft.server.log.statemachine.data.sync.timeout.retry = -1 (default)
2019-09-25 12:55:05,479 [pool-37-thread-1] INFO  server.RaftServerConfigKeys (ConfUtils.java:logGet(43)) - raft.server.log.statemachine.data.caching.enabled = true (custom)
2019-09-25 12:55:05,480 [pool-37-thread-1] INFO  segmented.SegmentedRaftLogWorker (SegmentedRaftLogWorker.java:lambda$new$0(132)) - 890a050a-36b3-47fb-a6ed-f900cd3e56cf@group-FE564871AF52-SegmentedRaftLogWorker: flushIndex: setUnconditionally 0 -> -1
2019-09-25 12:55:05,481 [pool-37-thread-1] INFO  server.RaftServerConfigKeys (ConfUtils.java:logGet(43)) - raft.server.snapshot.auto.trigger.enabled = true (custom)
2019-09-25 12:55:05,481 [pool-37-thread-1] INFO  server.RaftServerConfigKeys (ConfUtils.java:logGet(43)) - raft.server.snapshot.auto.trigger.threshold = 10000 (custom)
2019-09-25 12:55:05,481 [pool-37-thread-1] INFO  server.RaftServerConfigKeys (ConfUtils.java:logGet(43)) - raft.server.snapshot.retention.num.files = 5 (custom)
2019-09-25 12:55:05,481 [pool-37-thread-1] INFO  server.RaftServerConfigKeys (ConfUtils.java:logGet(43)) - raft.server.retrycache.expirytime = 600000ms (custom)
2019-09-25 12:55:05,486 [pool-37-thread-1] INFO  impl.RaftServerImpl (RaftServerImpl.java:start(185)) - 890a050a-36b3-47fb-a6ed-f900cd3e56cf@group-FE564871AF52: start as a follower, conf=-1: [890a050a-36b3-47fb-a6ed-f900cd3e56cf:192.168.151.73:39049], old=null
2019-09-25 12:55:05,486 [pool-37-thread-1] INFO  impl.RaftServerImpl (RaftServerImpl.java:setRole(174)) - 890a050a-36b3-47fb-a6ed-f900cd3e56cf@group-FE564871AF52: changes role from      null to FOLLOWER at term 0 for startAsFollower
2019-09-25 12:55:05,486 [pool-37-thread-1] INFO  impl.RoleInfo (RoleInfo.java:updateAndGet(143)) - 890a050a-36b3-47fb-a6ed-f900cd3e56cf: start FollowerState
2019-09-25 12:55:05,487 [pool-37-thread-1] INFO  util.JmxRegister (JmxRegister.java:tryRegister(44)) - Successfully registered JMX Bean with object name Ratis:service=RaftServer,group=group-FE564871AF52,id=890a050a-36b3-47fb-a6ed-f900cd3e56cf
2019-09-25 12:55:05,501 [RatisPipelineUtilsThread] INFO  pipeline.PipelineStateManager (PipelineStateManager.java:addPipeline(56)) - Created pipeline Pipeline[ Id: 56e2ce21-e888-495b-b5e2-fe564871af52, Nodes: 890a050a-36b3-47fb-a6ed-f900cd3e56cf{ip: 192.168.151.73, host: pr-hdds-1569-shd4m-3693607622, networkLocation: /default-rack, certSerialId: null}, Type:RATIS, Factor:ONE, State:OPEN]
2019-09-25 12:55:05,528 [grpc-default-executor-0] INFO  impl.RaftServerProxy (RaftServerProxy.java:addNew(89)) - 890a050a-36b3-47fb-a6ed-f900cd3e56cf: addNew group-6A991AD72B53:[890a050a-36b3-47fb-a6ed-f900cd3e56cf:192.168.151.73:39049] returns group-6A991AD72B53:java.util.concurrent.CompletableFuture@30543348[Not completed]
2019-09-25 12:55:05,529 [pool-37-thread-1] INFO  impl.RaftServerImpl (RaftServerImpl.java:<init>(95)) - 890a050a-36b3-47fb-a6ed-f900cd3e56cf: new RaftServerImpl for group-6A991AD72B53:[890a050a-36b3-47fb-a6ed-f900cd3e56cf:192.168.151.73:39049] with ContainerStateMachine:uninitialized
2019-09-25 12:55:05,530 [pool-37-thread-1] INFO  server.RaftServerConfigKeys (ConfUtils.java:logGet(43)) - raft.server.rpc.timeout.min = 5s (custom)
2019-09-25 12:55:05,530 [pool-37-thread-1] INFO  server.RaftServerConfigKeys (ConfUtils.java:logGet(43)) - raft.server.rpc.timeout.max = 5200ms (custom)
2019-09-25 12:55:05,530 [pool-37-thread-1] INFO  server.RaftServerConfigKeys (ConfUtils.java:logGet(43)) - raft.server.rpcslowness.timeout = 120s (custom)
2019-09-25 12:55:05,530 [pool-37-thread-1] INFO  server.RaftServerConfigKeys (ConfUtils.java:logGet(43)) - raft.server.sleep.deviation.threshold = 300 (default)
2019-09-25 12:55:05,530 [pool-37-thread-1] INFO  server.RaftServerConfigKeys (ConfUtils.java:logGet(43)) - raft.server.log.appender.install.snapshot.enabled = false (custom)
2019-09-25 12:55:05,530 [pool-37-thread-1] INFO  impl.RaftServerImpl (ServerState.java:<init>(103)) - 890a050a-36b3-47fb-a6ed-f900cd3e56cf@group-6A991AD72B53: ConfigurationManager, init=-1: [890a050a-36b3-47fb-a6ed-f900cd3e56cf:192.168.151.73:39049], old=null, confs=<EMPTY_MAP>
2019-09-25 12:55:05,531 [pool-37-thread-1] INFO  server.RaftServerConfigKeys (ConfUtils.java:logGet(43)) - raft.server.storage.dir = [/workdir/hadoop-ozone/tools/target/test-dir/MiniOzoneClusterImpl-a69ba920-524d-43f7-a757-bb142e91f929/datanode-1/data/ratis] (custom)
2019-09-25 12:55:05,531 [pool-37-thread-1] INFO  storage.RaftStorageDirectory (RaftStorageDirectory.java:analyzeStorage(246)) - The storage directory /workdir/hadoop-ozone/tools/target/test-dir/MiniOzoneClusterImpl-a69ba920-524d-43f7-a757-bb142e91f929/datanode-1/data/ratis/8ac00c70-3dd3-4841-91a7-6a991ad72b53 does not exist. Creating ...
2019-09-25 12:55:05,554 [pool-37-thread-1] INFO  storage.RaftStorageDirectory (RaftStorageDirectory.java:tryLock(328)) - Lock on /workdir/hadoop-ozone/tools/target/test-dir/MiniOzoneClusterImpl-a69ba920-524d-43f7-a757-bb142e91f929/datanode-1/data/ratis/8ac00c70-3dd3-4841-91a7-6a991ad72b53/in_use.lock acquired by nodename 9027@pr-hdds-1569-shd4m-3693607622
2019-09-25 12:55:05,937 [pool-37-thread-1] INFO  storage.RaftStorage (RaftStorage.java:format(72)) - Storage directory /workdir/hadoop-ozone/tools/target/test-dir/MiniOzoneClusterImpl-a69ba920-524d-43f7-a757-bb142e91f929/datanode-1/data/ratis/8ac00c70-3dd3-4841-91a7-6a991ad72b53 has been successfully formatted.
2019-09-25 12:55:05,941 [pool-37-thread-1] INFO  ratis.ContainerStateMachine (ContainerStateMachine.java:loadSnapshot(230)) - group-6A991AD72B53: The snapshot info is null. Setting the last applied indexto:(t:0, i:~)
2019-09-25 12:55:05,942 [pool-37-thread-1] INFO  server.RaftServerConfigKeys (ConfUtils.java:logGet(43)) - raft.server.notification.no-leader.timeout = 120s (custom)
2019-09-25 12:55:05,942 [pool-37-thread-1] INFO  server.RaftServerConfigKeys (ConfUtils.java:logGet(43)) - raft.server.log.use.memory = false (default)
2019-09-25 12:55:05,942 [pool-37-thread-1] INFO  server.RaftServerConfigKeys (ConfUtils.java:logGet(43)) - raft.server.log.purge.gap = 1000000 (custom)
2019-09-25 12:55:05,942 [pool-37-thread-1] INFO  server.RaftServerConfigKeys (ConfUtils.java:logGet(43)) - raft.server.log.appender.buffer.byte-limit = 33554432 (custom)
2019-09-25 12:55:05,943 [pool-37-thread-1] INFO  server.RaftServerConfigKeys (ConfUtils.java:logGet(43)) - raft.server.log.segment.size.max = 1048576 (custom)
2019-09-25 12:55:05,943 [pool-37-thread-1] INFO  server.RaftServerConfigKeys (ConfUtils.java:logGet(43)) - raft.server.log.segment.cache.num.max = 2 (custom)
2019-09-25 12:55:05,943 [pool-37-thread-1] INFO  segmented.SegmentedRaftLogWorker (SegmentedRaftLogWorker.java:<init>(172)) - new 890a050a-36b3-47fb-a6ed-f900cd3e56cf@group-6A991AD72B53-SegmentedRaftLogWorker for RaftStorage:Storage Directory /workdir/hadoop-ozone/tools/target/test-dir/MiniOzoneClusterImpl-a69ba920-524d-43f7-a757-bb142e91f929/datanode-1/data/ratis/8ac00c70-3dd3-4841-91a7-6a991ad72b53
2019-09-25 12:55:05,943 [pool-37-thread-1] INFO  server.RaftServerConfigKeys (ConfUtils.java:logGet(43)) - raft.server.log.queue.byte-limit = 2147483647 (custom)
2019-09-25 12:55:05,943 [pool-37-thread-1] INFO  server.RaftServerConfigKeys (ConfUtils.java:logGet(43)) - raft.server.log.queue.element-limit = 1024 (custom)
2019-09-25 12:55:05,943 [pool-37-thread-1] INFO  server.RaftServerConfigKeys (ConfUtils.java:logGet(43)) - raft.server.log.segment.size.max = 1048576 (custom)
2019-09-25 12:55:05,943 [pool-37-thread-1] INFO  server.RaftServerConfigKeys (ConfUtils.java:logGet(43)) - raft.server.log.preallocated.size = 16384 (custom)
2019-09-25 12:55:05,943 [pool-37-thread-1] INFO  server.RaftServerConfigKeys (ConfUtils.java:logGet(43)) - raft.server.log.write.buffer.size = 33554432 (custom)
2019-09-25 12:55:05,944 [pool-37-thread-1] INFO  server.RaftServerConfigKeys (ConfUtils.java:logGet(43)) - raft.server.log.force.sync.num = 128 (default)
2019-09-25 12:55:05,944 [pool-37-thread-1] INFO  server.RaftServerConfigKeys (ConfUtils.java:logGet(43)) - raft.server.log.statemachine.data.sync = true (default)
2019-09-25 12:55:05,944 [pool-37-thread-1] INFO  server.RaftServerConfigKeys (ConfUtils.java:logGet(43)) - raft.server.log.statemachine.data.sync.timeout = 10s (default)
2019-09-25 12:55:05,944 [pool-37-thread-1] INFO  server.RaftServerConfigKeys (ConfUtils.java:logGet(43)) - raft.server.log.statemachine.data.sync.timeout.retry = -1 (default)
2019-09-25 12:55:05,944 [pool-37-thread-1] INFO  server.RaftServerConfigKeys (ConfUtils.java:logGet(43)) - raft.server.log.statemachine.data.caching.enabled = true (custom)
2019-09-25 12:55:05,945 [pool-37-thread-1] INFO  segmented.SegmentedRaftLogWorker (SegmentedRaftLogWorker.java:lambda$new$0(132)) - 890a050a-36b3-47fb-a6ed-f900cd3e56cf@group-6A991AD72B53-SegmentedRaftLogWorker: flushIndex: setUnconditionally 0 -> -1
2019-09-25 12:55:05,945 [pool-37-thread-1] INFO  server.RaftServerConfigKeys (ConfUtils.java:logGet(43)) - raft.server.snapshot.auto.trigger.enabled = true (custom)
2019-09-25 12:55:05,945 [pool-37-thread-1] INFO  server.RaftServerConfigKeys (ConfUtils.java:logGet(43)) - raft.server.snapshot.auto.trigger.threshold = 10000 (custom)
2019-09-25 12:55:05,945 [pool-37-thread-1] INFO  server.RaftServerConfigKeys (ConfUtils.java:logGet(43)) - raft.server.snapshot.retention.num.files = 5 (custom)
2019-09-25 12:55:05,945 [pool-37-thread-1] INFO  server.RaftServerConfigKeys (ConfUtils.java:logGet(43)) - raft.server.retrycache.expirytime = 600000ms (custom)
2019-09-25 12:55:05,966 [pool-37-thread-1] INFO  impl.RaftServerImpl (RaftServerImpl.java:start(185)) - 890a050a-36b3-47fb-a6ed-f900cd3e56cf@group-6A991AD72B53: start as a follower, conf=-1: [890a050a-36b3-47fb-a6ed-f900cd3e56cf:192.168.151.73:39049], old=null
2019-09-25 12:55:05,966 [pool-37-thread-1] INFO  impl.RaftServerImpl (RaftServerImpl.java:setRole(174)) - 890a050a-36b3-47fb-a6ed-f900cd3e56cf@group-6A991AD72B53: changes role from      null to FOLLOWER at term 0 for startAsFollower
2019-09-25 12:55:05,966 [pool-37-thread-1] INFO  impl.RoleInfo (RoleInfo.java:updateAndGet(143)) - 890a050a-36b3-47fb-a6ed-f900cd3e56cf: start FollowerState
2019-09-25 12:55:05,967 [pool-37-thread-1] INFO  util.JmxRegister (JmxRegister.java:tryRegister(44)) - Successfully registered JMX Bean with object name Ratis:service=RaftServer,group=group-6A991AD72B53,id=890a050a-36b3-47fb-a6ed-f900cd3e56cf
2019-09-25 12:55:05,977 [RatisPipelineUtilsThread] INFO  pipeline.PipelineStateManager (PipelineStateManager.java:addPipeline(56)) - Created pipeline Pipeline[ Id: 8ac00c70-3dd3-4841-91a7-6a991ad72b53, Nodes: 890a050a-36b3-47fb-a6ed-f900cd3e56cf{ip: 192.168.151.73, host: pr-hdds-1569-shd4m-3693607622, networkLocation: /default-rack, certSerialId: null}, Type:RATIS, Factor:ONE, State:OPEN]
2019-09-25 12:55:05,994 [grpc-default-executor-0] INFO  impl.RaftServerProxy (RaftServerProxy.java:addNew(89)) - 890a050a-36b3-47fb-a6ed-f900cd3e56cf: addNew group-7E1E36ED88AC:[890a050a-36b3-47fb-a6ed-f900cd3e56cf:192.168.151.73:39049] returns group-7E1E36ED88AC:java.util.concurrent.CompletableFuture@53abaec3[Not completed]
2019-09-25 12:55:05,996 [pool-37-thread-1] INFO  impl.RaftServerImpl (RaftServerImpl.java:<init>(95)) - 890a050a-36b3-47fb-a6ed-f900cd3e56cf: new RaftServerImpl for group-7E1E36ED88AC:[890a050a-36b3-47fb-a6ed-f900cd3e56cf:192.168.151.73:39049] with ContainerStateMachine:uninitialized
2019-09-25 12:55:05,997 [pool-37-thread-1] INFO  server.RaftServerConfigKeys (ConfUtils.java:logGet(43)) - raft.server.rpc.timeout.min = 5s (custom)
2019-09-25 12:55:05,997 [pool-37-thread-1] INFO  server.RaftServerConfigKeys (ConfUtils.java:logGet(43)) - raft.server.rpc.timeout.max = 5200ms (custom)
2019-09-25 12:55:05,997 [pool-37-thread-1] INFO  server.RaftServerConfigKeys (ConfUtils.java:logGet(43)) - raft.server.rpcslowness.timeout = 120s (custom)
2019-09-25 12:55:05,997 [pool-37-thread-1] INFO  server.RaftServerConfigKeys (ConfUtils.java:logGet(43)) - raft.server.sleep.deviation.threshold = 300 (default)
2019-09-25 12:55:05,997 [pool-37-thread-1] INFO  server.RaftServerConfigKeys (ConfUtils.java:logGet(43)) - raft.server.log.appender.install.snapshot.enabled = false (custom)
2019-09-25 12:55:05,998 [pool-37-thread-1] INFO  impl.RaftServerImpl (ServerState.java:<init>(103)) - 890a050a-36b3-47fb-a6ed-f900cd3e56cf@group-7E1E36ED88AC: ConfigurationManager, init=-1: [890a050a-36b3-47fb-a6ed-f900cd3e56cf:192.168.151.73:39049], old=null, confs=<EMPTY_MAP>
2019-09-25 12:55:05,998 [pool-37-thread-1] INFO  server.RaftServerConfigKeys (ConfUtils.java:logGet(43)) - raft.server.storage.dir = [/workdir/hadoop-ozone/tools/target/test-dir/MiniOzoneClusterImpl-a69ba920-524d-43f7-a757-bb142e91f929/datanode-1/data/ratis] (custom)
2019-09-25 12:55:05,998 [pool-37-thread-1] INFO  storage.RaftStorageDirectory (RaftStorageDirectory.java:analyzeStorage(246)) - The storage directory /workdir/hadoop-ozone/tools/target/test-dir/MiniOzoneClusterImpl-a69ba920-524d-43f7-a757-bb142e91f929/datanode-1/data/ratis/728f8a54-cf51-430b-a14e-7e1e36ed88ac does not exist. Creating ...
2019-09-25 12:55:06,022 [pool-37-thread-1] INFO  storage.RaftStorageDirectory (RaftStorageDirectory.java:tryLock(328)) - Lock on /workdir/hadoop-ozone/tools/target/test-dir/MiniOzoneClusterImpl-a69ba920-524d-43f7-a757-bb142e91f929/datanode-1/data/ratis/728f8a54-cf51-430b-a14e-7e1e36ed88ac/in_use.lock acquired by nodename 9027@pr-hdds-1569-shd4m-3693607622
2019-09-25 12:55:06,046 [pool-37-thread-1] INFO  storage.RaftStorage (RaftStorage.java:format(72)) - Storage directory /workdir/hadoop-ozone/tools/target/test-dir/MiniOzoneClusterImpl-a69ba920-524d-43f7-a757-bb142e91f929/datanode-1/data/ratis/728f8a54-cf51-430b-a14e-7e1e36ed88ac has been successfully formatted.
2019-09-25 12:55:06,046 [pool-37-thread-1] INFO  ratis.ContainerStateMachine (ContainerStateMachine.java:loadSnapshot(230)) - group-7E1E36ED88AC: The snapshot info is null. Setting the last applied indexto:(t:0, i:~)
2019-09-25 12:55:06,046 [pool-37-thread-1] INFO  server.RaftServerConfigKeys (ConfUtils.java:logGet(43)) - raft.server.notification.no-leader.timeout = 120s (custom)
2019-09-25 12:55:06,046 [pool-37-thread-1] INFO  server.RaftServerConfigKeys (ConfUtils.java:logGet(43)) - raft.server.log.use.memory = false (default)
2019-09-25 12:55:06,047 [pool-37-thread-1] INFO  server.RaftServerConfigKeys (ConfUtils.java:logGet(43)) - raft.server.log.purge.gap = 1000000 (custom)
2019-09-25 12:55:06,047 [pool-37-thread-1] INFO  server.RaftServerConfigKeys (ConfUtils.java:logGet(43)) - raft.server.log.appender.buffer.byte-limit = 33554432 (custom)
2019-09-25 12:55:06,047 [pool-37-thread-1] INFO  server.RaftServerConfigKeys (ConfUtils.java:logGet(43)) - raft.server.log.segment.size.max = 1048576 (custom)
2019-09-25 12:55:06,047 [pool-37-thread-1] INFO  server.RaftServerConfigKeys (ConfUtils.java:logGet(43)) - raft.server.log.segment.cache.num.max = 2 (custom)
2019-09-25 12:55:06,047 [pool-37-thread-1] INFO  segmented.SegmentedRaftLogWorker (SegmentedRaftLogWorker.java:<init>(172)) - new 890a050a-36b3-47fb-a6ed-f900cd3e56cf@group-7E1E36ED88AC-SegmentedRaftLogWorker for RaftStorage:Storage Directory /workdir/hadoop-ozone/tools/target/test-dir/MiniOzoneClusterImpl-a69ba920-524d-43f7-a757-bb142e91f929/datanode-1/data/ratis/728f8a54-cf51-430b-a14e-7e1e36ed88ac
2019-09-25 12:55:06,047 [pool-37-thread-1] INFO  server.RaftServerConfigKeys (ConfUtils.java:logGet(43)) - raft.server.log.queue.byte-limit = 2147483647 (custom)
2019-09-25 12:55:06,048 [pool-37-thread-1] INFO  server.RaftServerConfigKeys (ConfUtils.java:logGet(43)) - raft.server.log.queue.element-limit = 1024 (custom)
2019-09-25 12:55:06,048 [pool-37-thread-1] INFO  server.RaftServerConfigKeys (ConfUtils.java:logGet(43)) - raft.server.log.segment.size.max = 1048576 (custom)
2019-09-25 12:55:06,048 [pool-37-thread-1] INFO  server.RaftServerConfigKeys (ConfUtils.java:logGet(43)) - raft.server.log.preallocated.size = 16384 (custom)
2019-09-25 12:55:06,048 [pool-37-thread-1] INFO  server.RaftServerConfigKeys (ConfUtils.java:logGet(43)) - raft.server.log.write.buffer.size = 33554432 (custom)
2019-09-25 12:55:06,048 [pool-37-thread-1] INFO  server.RaftServerConfigKeys (ConfUtils.java:logGet(43)) - raft.server.log.force.sync.num = 128 (default)
2019-09-25 12:55:06,049 [pool-37-thread-1] INFO  server.RaftServerConfigKeys (ConfUtils.java:logGet(43)) - raft.server.log.statemachine.data.sync = true (default)
2019-09-25 12:55:06,049 [pool-37-thread-1] INFO  server.RaftServerConfigKeys (ConfUtils.java:logGet(43)) - raft.server.log.statemachine.data.sync.timeout = 10s (default)
2019-09-25 12:55:06,049 [pool-37-thread-1] INFO  server.RaftServerConfigKeys (ConfUtils.java:logGet(43)) - raft.server.log.statemachine.data.sync.timeout.retry = -1 (default)
2019-09-25 12:55:06,049 [pool-37-thread-1] INFO  server.RaftServerConfigKeys (ConfUtils.java:logGet(43)) - raft.server.log.statemachine.data.caching.enabled = true (custom)
2019-09-25 12:55:06,050 [pool-37-thread-1] INFO  segmented.SegmentedRaftLogWorker (SegmentedRaftLogWorker.java:lambda$new$0(132)) - 890a050a-36b3-47fb-a6ed-f900cd3e56cf@group-7E1E36ED88AC-SegmentedRaftLogWorker: flushIndex: setUnconditionally 0 -> -1
2019-09-25 12:55:06,050 [pool-37-thread-1] INFO  server.RaftServerConfigKeys (ConfUtils.java:logGet(43)) - raft.server.snapshot.auto.trigger.enabled = true (custom)
2019-09-25 12:55:06,050 [pool-37-thread-1] INFO  server.RaftServerConfigKeys (ConfUtils.java:logGet(43)) - raft.server.snapshot.auto.trigger.threshold = 10000 (custom)
2019-09-25 12:55:06,050 [pool-37-thread-1] INFO  server.RaftServerConfigKeys (ConfUtils.java:logGet(43)) - raft.server.snapshot.retention.num.files = 5 (custom)
2019-09-25 12:55:06,051 [pool-37-thread-1] INFO  server.RaftServerConfigKeys (ConfUtils.java:logGet(43)) - raft.server.retrycache.expirytime = 600000ms (custom)
2019-09-25 12:55:06,054 [pool-37-thread-1] INFO  impl.RaftServerImpl (RaftServerImpl.java:start(185)) - 890a050a-36b3-47fb-a6ed-f900cd3e56cf@group-7E1E36ED88AC: start as a follower, conf=-1: [890a050a-36b3-47fb-a6ed-f900cd3e56cf:192.168.151.73:39049], old=null
2019-09-25 12:55:06,054 [pool-37-thread-1] INFO  impl.RaftServerImpl (RaftServerImpl.java:setRole(174)) - 890a050a-36b3-47fb-a6ed-f900cd3e56cf@group-7E1E36ED88AC: changes role from      null to FOLLOWER at term 0 for startAsFollower
2019-09-25 12:55:06,055 [pool-37-thread-1] INFO  impl.RoleInfo (RoleInfo.java:updateAndGet(143)) - 890a050a-36b3-47fb-a6ed-f900cd3e56cf: start FollowerState
2019-09-25 12:55:06,055 [pool-37-thread-1] INFO  util.JmxRegister (JmxRegister.java:tryRegister(44)) - Successfully registered JMX Bean with object name Ratis:service=RaftServer,group=group-7E1E36ED88AC,id=890a050a-36b3-47fb-a6ed-f900cd3e56cf
2019-09-25 12:55:06,062 [RatisPipelineUtilsThread] INFO  pipeline.PipelineStateManager (PipelineStateManager.java:addPipeline(56)) - Created pipeline Pipeline[ Id: 728f8a54-cf51-430b-a14e-7e1e36ed88ac, Nodes: 890a050a-36b3-47fb-a6ed-f900cd3e56cf{ip: 192.168.151.73, host: pr-hdds-1569-shd4m-3693607622, networkLocation: /default-rack, certSerialId: null}, Type:RATIS, Factor:ONE, State:OPEN]
2019-09-25 12:55:06,075 [grpc-default-executor-0] INFO  impl.RaftServerProxy (RaftServerProxy.java:addNew(89)) - 9ab7590b-dd39-4196-b964-8ab9f907299e: addNew group-D872FF3C8E72:[9ab7590b-dd39-4196-b964-8ab9f907299e:192.168.151.73:40001] returns group-D872FF3C8E72:java.util.concurrent.CompletableFuture@57cdcdbc[Not completed]
2019-09-25 12:55:06,077 [pool-57-thread-1] INFO  impl.RaftServerImpl (RaftServerImpl.java:<init>(95)) - 9ab7590b-dd39-4196-b964-8ab9f907299e: new RaftServerImpl for group-D872FF3C8E72:[9ab7590b-dd39-4196-b964-8ab9f907299e:192.168.151.73:40001] with ContainerStateMachine:uninitialized
2019-09-25 12:55:06,078 [pool-57-thread-1] INFO  server.RaftServerConfigKeys (ConfUtils.java:logGet(43)) - raft.server.rpc.timeout.min = 5s (custom)
2019-09-25 12:55:06,078 [pool-57-thread-1] INFO  server.RaftServerConfigKeys (ConfUtils.java:logGet(43)) - raft.server.rpc.timeout.max = 5200ms (custom)
2019-09-25 12:55:06,078 [pool-57-thread-1] INFO  server.RaftServerConfigKeys (ConfUtils.java:logGet(43)) - raft.server.rpcslowness.timeout = 120s (custom)
2019-09-25 12:55:06,078 [pool-57-thread-1] INFO  server.RaftServerConfigKeys (ConfUtils.java:logGet(43)) - raft.server.sleep.deviation.threshold = 300 (default)
2019-09-25 12:55:06,078 [pool-57-thread-1] INFO  server.RaftServerConfigKeys (ConfUtils.java:logGet(43)) - raft.server.log.appender.install.snapshot.enabled = false (custom)
2019-09-25 12:55:06,079 [pool-57-thread-1] INFO  impl.RaftServerImpl (ServerState.java:<init>(103)) - 9ab7590b-dd39-4196-b964-8ab9f907299e@group-D872FF3C8E72: ConfigurationManager, init=-1: [9ab7590b-dd39-4196-b964-8ab9f907299e:192.168.151.73:40001], old=null, confs=<EMPTY_MAP>
2019-09-25 12:55:06,079 [pool-57-thread-1] INFO  server.RaftServerConfigKeys (ConfUtils.java:logGet(43)) - raft.server.storage.dir = [/workdir/hadoop-ozone/tools/target/test-dir/MiniOzoneClusterImpl-a69ba920-524d-43f7-a757-bb142e91f929/datanode-3/data/ratis] (custom)
2019-09-25 12:55:06,080 [pool-57-thread-1] INFO  storage.RaftStorageDirectory (RaftStorageDirectory.java:analyzeStorage(246)) - The storage directory /workdir/hadoop-ozone/tools/target/test-dir/MiniOzoneClusterImpl-a69ba920-524d-43f7-a757-bb142e91f929/datanode-3/data/ratis/b8844601-a78b-4190-b3c1-d872ff3c8e72 does not exist. Creating ...
2019-09-25 12:55:06,117 [pool-57-thread-1] INFO  storage.RaftStorageDirectory (RaftStorageDirectory.java:tryLock(328)) - Lock on /workdir/hadoop-ozone/tools/target/test-dir/MiniOzoneClusterImpl-a69ba920-524d-43f7-a757-bb142e91f929/datanode-3/data/ratis/b8844601-a78b-4190-b3c1-d872ff3c8e72/in_use.lock acquired by nodename 9027@pr-hdds-1569-shd4m-3693607622
2019-09-25 12:55:06,155 [pool-57-thread-1] INFO  storage.RaftStorage (RaftStorage.java:format(72)) - Storage directory /workdir/hadoop-ozone/tools/target/test-dir/MiniOzoneClusterImpl-a69ba920-524d-43f7-a757-bb142e91f929/datanode-3/data/ratis/b8844601-a78b-4190-b3c1-d872ff3c8e72 has been successfully formatted.
2019-09-25 12:55:06,155 [pool-57-thread-1] INFO  ratis.ContainerStateMachine (ContainerStateMachine.java:loadSnapshot(230)) - group-D872FF3C8E72: The snapshot info is null. Setting the last applied indexto:(t:0, i:~)
2019-09-25 12:55:06,155 [pool-57-thread-1] INFO  server.RaftServerConfigKeys (ConfUtils.java:logGet(43)) - raft.server.notification.no-leader.timeout = 120s (custom)
2019-09-25 12:55:06,156 [pool-57-thread-1] INFO  server.RaftServerConfigKeys (ConfUtils.java:logGet(43)) - raft.server.log.use.memory = false (default)
2019-09-25 12:55:06,156 [pool-57-thread-1] INFO  server.RaftServerConfigKeys (ConfUtils.java:logGet(43)) - raft.server.log.purge.gap = 1000000 (custom)
2019-09-25 12:55:06,156 [pool-57-thread-1] INFO  server.RaftServerConfigKeys (ConfUtils.java:logGet(43)) - raft.server.log.appender.buffer.byte-limit = 33554432 (custom)
2019-09-25 12:55:06,156 [pool-57-thread-1] INFO  server.RaftServerConfigKeys (ConfUtils.java:logGet(43)) - raft.server.log.segment.size.max = 1048576 (custom)
2019-09-25 12:55:06,157 [pool-57-thread-1] INFO  server.RaftServerConfigKeys (ConfUtils.java:logGet(43)) - raft.server.log.segment.cache.num.max = 2 (custom)
2019-09-25 12:55:06,157 [pool-57-thread-1] INFO  segmented.SegmentedRaftLogWorker (SegmentedRaftLogWorker.java:<init>(172)) - new 9ab7590b-dd39-4196-b964-8ab9f907299e@group-D872FF3C8E72-SegmentedRaftLogWorker for RaftStorage:Storage Directory /workdir/hadoop-ozone/tools/target/test-dir/MiniOzoneClusterImpl-a69ba920-524d-43f7-a757-bb142e91f929/datanode-3/data/ratis/b8844601-a78b-4190-b3c1-d872ff3c8e72
2019-09-25 12:55:06,157 [pool-57-thread-1] INFO  server.RaftServerConfigKeys (ConfUtils.java:logGet(43)) - raft.server.log.queue.byte-limit = 2147483647 (custom)
2019-09-25 12:55:06,157 [pool-57-thread-1] INFO  server.RaftServerConfigKeys (ConfUtils.java:logGet(43)) - raft.server.log.queue.element-limit = 1024 (custom)
2019-09-25 12:55:06,157 [pool-57-thread-1] INFO  server.RaftServerConfigKeys (ConfUtils.java:logGet(43)) - raft.server.log.segment.size.max = 1048576 (custom)
2019-09-25 12:55:06,158 [pool-57-thread-1] INFO  server.RaftServerConfigKeys (ConfUtils.java:logGet(43)) - raft.server.log.preallocated.size = 16384 (custom)
2019-09-25 12:55:06,158 [pool-57-thread-1] INFO  server.RaftServerConfigKeys (ConfUtils.java:logGet(43)) - raft.server.log.write.buffer.size = 33554432 (custom)
2019-09-25 12:55:06,158 [pool-57-thread-1] INFO  server.RaftServerConfigKeys (ConfUtils.java:logGet(43)) - raft.server.log.force.sync.num = 128 (default)
2019-09-25 12:55:06,158 [pool-57-thread-1] INFO  server.RaftServerConfigKeys (ConfUtils.java:logGet(43)) - raft.server.log.statemachine.data.sync = true (default)
2019-09-25 12:55:06,158 [pool-57-thread-1] INFO  server.RaftServerConfigKeys (ConfUtils.java:logGet(43)) - raft.server.log.statemachine.data.sync.timeout = 10s (default)
2019-09-25 12:55:06,159 [pool-57-thread-1] INFO  server.RaftServerConfigKeys (ConfUtils.java:logGet(43)) - raft.server.log.statemachine.data.sync.timeout.retry = -1 (default)
2019-09-25 12:55:06,159 [pool-57-thread-1] INFO  server.RaftServerConfigKeys (ConfUtils.java:logGet(43)) - raft.server.log.statemachine.data.caching.enabled = true (custom)
2019-09-25 12:55:06,159 [pool-57-thread-1] INFO  segmented.SegmentedRaftLogWorker (SegmentedRaftLogWorker.java:lambda$new$0(132)) - 9ab7590b-dd39-4196-b964-8ab9f907299e@group-D872FF3C8E72-SegmentedRaftLogWorker: flushIndex: setUnconditionally 0 -> -1
2019-09-25 12:55:06,160 [pool-57-thread-1] INFO  server.RaftServerConfigKeys (ConfUtils.java:logGet(43)) - raft.server.snapshot.auto.trigger.enabled = true (custom)
2019-09-25 12:55:06,160 [pool-57-thread-1] INFO  server.RaftServerConfigKeys (ConfUtils.java:logGet(43)) - raft.server.snapshot.auto.trigger.threshold = 10000 (custom)
2019-09-25 12:55:06,160 [pool-57-thread-1] INFO  server.RaftServerConfigKeys (ConfUtils.java:logGet(43)) - raft.server.snapshot.retention.num.files = 5 (custom)
2019-09-25 12:55:06,161 [pool-57-thread-1] INFO  server.RaftServerConfigKeys (ConfUtils.java:logGet(43)) - raft.server.retrycache.expirytime = 600000ms (custom)
 0.00% |█                                                                                                    |  0/1 Time: 0:00:012019-09-25 12:55:06,345 [Thread-208] INFO  container.ReplicationManager (ReplicationManager.java:start(163)) - Starting Replication Monitor Thread.
2019-09-25 12:55:06,347 [ReplicationMonitor] INFO  container.ReplicationManager (ReplicationManager.java:run(226)) - Replication Monitor Thread took 1 milliseconds for processing 0 containers.
2019-09-25 12:55:06,348 [pool-57-thread-1] INFO  impl.RaftServerImpl (RaftServerImpl.java:start(185)) - 9ab7590b-dd39-4196-b964-8ab9f907299e@group-D872FF3C8E72: start as a follower, conf=-1: [9ab7590b-dd39-4196-b964-8ab9f907299e:192.168.151.73:40001], old=null
2019-09-25 12:55:06,348 [pool-57-thread-1] INFO  impl.RaftServerImpl (RaftServerImpl.java:setRole(174)) - 9ab7590b-dd39-4196-b964-8ab9f907299e@group-D872FF3C8E72: changes role from      null to FOLLOWER at term 0 for startAsFollower
2019-09-25 12:55:06,348 [pool-57-thread-1] INFO  impl.RoleInfo (RoleInfo.java:updateAndGet(143)) - 9ab7590b-dd39-4196-b964-8ab9f907299e: start FollowerState
2019-09-25 12:55:06,349 [pool-57-thread-1] INFO  util.JmxRegister (JmxRegister.java:tryRegister(44)) - Successfully registered JMX Bean with object name Ratis:service=RaftServer,group=group-D872FF3C8E72,id=9ab7590b-dd39-4196-b964-8ab9f907299e
2019-09-25 12:55:06,355 [RatisPipelineUtilsThread] INFO  pipeline.PipelineStateManager (PipelineStateManager.java:addPipeline(56)) - Created pipeline Pipeline[ Id: b8844601-a78b-4190-b3c1-d872ff3c8e72, Nodes: 9ab7590b-dd39-4196-b964-8ab9f907299e{ip: 192.168.151.73, host: pr-hdds-1569-shd4m-3693607622, networkLocation: /default-rack, certSerialId: null}, Type:RATIS, Factor:ONE, State:OPEN]
2019-09-25 12:55:06,366 [grpc-default-executor-0] INFO  impl.RaftServerProxy (RaftServerProxy.java:addNew(89)) - b5f65341-71e3-4bdb-b257-250c7a42131a: addNew group-567AED6E01C2:[b5f65341-71e3-4bdb-b257-250c7a42131a:192.168.151.73:46240] returns group-567AED6E01C2:java.util.concurrent.CompletableFuture@3b14de64[Not completed]
2019-09-25 12:55:06,369 [pool-67-thread-1] INFO  impl.RaftServerImpl (RaftServerImpl.java:<init>(95)) - b5f65341-71e3-4bdb-b257-250c7a42131a: new RaftServerImpl for group-567AED6E01C2:[b5f65341-71e3-4bdb-b257-250c7a42131a:192.168.151.73:46240] with ContainerStateMachine:uninitialized
2019-09-25 12:55:06,369 [pool-67-thread-1] INFO  server.RaftServerConfigKeys (ConfUtils.java:logGet(43)) - raft.server.rpc.timeout.min = 5s (custom)
2019-09-25 12:55:06,369 [pool-67-thread-1] INFO  server.RaftServerConfigKeys (ConfUtils.java:logGet(43)) - raft.server.rpc.timeout.max = 5200ms (custom)
2019-09-25 12:55:06,370 [pool-67-thread-1] INFO  server.RaftServerConfigKeys (ConfUtils.java:logGet(43)) - raft.server.rpcslowness.timeout = 120s (custom)
2019-09-25 12:55:06,370 [pool-67-thread-1] INFO  server.RaftServerConfigKeys (ConfUtils.java:logGet(43)) - raft.server.sleep.deviation.threshold = 300 (default)
2019-09-25 12:55:06,370 [pool-67-thread-1] INFO  server.RaftServerConfigKeys (ConfUtils.java:logGet(43)) - raft.server.log.appender.install.snapshot.enabled = false (custom)
2019-09-25 12:55:06,371 [pool-67-thread-1] INFO  impl.RaftServerImpl (ServerState.java:<init>(103)) - b5f65341-71e3-4bdb-b257-250c7a42131a@group-567AED6E01C2: ConfigurationManager, init=-1: [b5f65341-71e3-4bdb-b257-250c7a42131a:192.168.151.73:46240], old=null, confs=<EMPTY_MAP>
2019-09-25 12:55:06,371 [pool-67-thread-1] INFO  server.RaftServerConfigKeys (ConfUtils.java:logGet(43)) - raft.server.storage.dir = [/workdir/hadoop-ozone/tools/target/test-dir/MiniOzoneClusterImpl-a69ba920-524d-43f7-a757-bb142e91f929/datanode-4/data/ratis] (custom)
2019-09-25 12:55:06,372 [pool-67-thread-1] INFO  storage.RaftStorageDirectory (RaftStorageDirectory.java:analyzeStorage(246)) - The storage directory /workdir/hadoop-ozone/tools/target/test-dir/MiniOzoneClusterImpl-a69ba920-524d-43f7-a757-bb142e91f929/datanode-4/data/ratis/0c42286d-9e12-44fe-9d0d-567aed6e01c2 does not exist. Creating ...
2019-09-25 12:55:06,399 [pool-67-thread-1] INFO  storage.RaftStorageDirectory (RaftStorageDirectory.java:tryLock(328)) - Lock on /workdir/hadoop-ozone/tools/target/test-dir/MiniOzoneClusterImpl-a69ba920-524d-43f7-a757-bb142e91f929/datanode-4/data/ratis/0c42286d-9e12-44fe-9d0d-567aed6e01c2/in_use.lock acquired by nodename 9027@pr-hdds-1569-shd4m-3693607622
2019-09-25 12:55:06,411 [pool-67-thread-1] INFO  storage.RaftStorage (RaftStorage.java:format(72)) - Storage directory /workdir/hadoop-ozone/tools/target/test-dir/MiniOzoneClusterImpl-a69ba920-524d-43f7-a757-bb142e91f929/datanode-4/data/ratis/0c42286d-9e12-44fe-9d0d-567aed6e01c2 has been successfully formatted.
2019-09-25 12:55:06,412 [pool-67-thread-1] INFO  ratis.ContainerStateMachine (ContainerStateMachine.java:loadSnapshot(230)) - group-567AED6E01C2: The snapshot info is null. Setting the last applied indexto:(t:0, i:~)
2019-09-25 12:55:06,412 [pool-67-thread-1] INFO  server.RaftServerConfigKeys (ConfUtils.java:logGet(43)) - raft.server.notification.no-leader.timeout = 120s (custom)
2019-09-25 12:55:06,412 [pool-67-thread-1] INFO  server.RaftServerConfigKeys (ConfUtils.java:logGet(43)) - raft.server.log.use.memory = false (default)
2019-09-25 12:55:06,412 [pool-67-thread-1] INFO  server.RaftServerConfigKeys (ConfUtils.java:logGet(43)) - raft.server.log.purge.gap = 1000000 (custom)
2019-09-25 12:55:06,412 [pool-67-thread-1] INFO  server.RaftServerConfigKeys (ConfUtils.java:logGet(43)) - raft.server.log.appender.buffer.byte-limit = 33554432 (custom)
2019-09-25 12:55:06,412 [pool-67-thread-1] INFO  server.RaftServerConfigKeys (ConfUtils.java:logGet(43)) - raft.server.log.segment.size.max = 1048576 (custom)
2019-09-25 12:55:06,413 [pool-67-thread-1] INFO  server.RaftServerConfigKeys (ConfUtils.java:logGet(43)) - raft.server.log.segment.cache.num.max = 2 (custom)
2019-09-25 12:55:06,413 [pool-67-thread-1] INFO  segmented.SegmentedRaftLogWorker (SegmentedRaftLogWorker.java:<init>(172)) - new b5f65341-71e3-4bdb-b257-250c7a42131a@group-567AED6E01C2-SegmentedRaftLogWorker for RaftStorage:Storage Directory /workdir/hadoop-ozone/tools/target/test-dir/MiniOzoneClusterImpl-a69ba920-524d-43f7-a757-bb142e91f929/datanode-4/data/ratis/0c42286d-9e12-44fe-9d0d-567aed6e01c2
2019-09-25 12:55:06,413 [pool-67-thread-1] INFO  server.RaftServerConfigKeys (ConfUtils.java:logGet(43)) - raft.server.log.queue.byte-limit = 2147483647 (custom)
2019-09-25 12:55:06,413 [pool-67-thread-1] INFO  server.RaftServerConfigKeys (ConfUtils.java:logGet(43)) - raft.server.log.queue.element-limit = 1024 (custom)
2019-09-25 12:55:06,413 [pool-67-thread-1] INFO  server.RaftServerConfigKeys (ConfUtils.java:logGet(43)) - raft.server.log.segment.size.max = 1048576 (custom)
2019-09-25 12:55:06,413 [pool-67-thread-1] INFO  server.RaftServerConfigKeys (ConfUtils.java:logGet(43)) - raft.server.log.preallocated.size = 16384 (custom)
2019-09-25 12:55:06,414 [pool-67-thread-1] INFO  server.RaftServerConfigKeys (ConfUtils.java:logGet(43)) - raft.server.log.write.buffer.size = 33554432 (custom)
2019-09-25 12:55:06,414 [pool-67-thread-1] INFO  server.RaftServerConfigKeys (ConfUtils.java:logGet(43)) - raft.server.log.force.sync.num = 128 (default)
2019-09-25 12:55:06,414 [pool-67-thread-1] INFO  server.RaftServerConfigKeys (ConfUtils.java:logGet(43)) - raft.server.log.statemachine.data.sync = true (default)
2019-09-25 12:55:06,414 [pool-67-thread-1] INFO  server.RaftServerConfigKeys (ConfUtils.java:logGet(43)) - raft.server.log.statemachine.data.sync.timeout = 10s (default)
2019-09-25 12:55:06,414 [pool-67-thread-1] INFO  server.RaftServerConfigKeys (ConfUtils.java:logGet(43)) - raft.server.log.statemachine.data.sync.timeout.retry = -1 (default)
2019-09-25 12:55:06,414 [pool-67-thread-1] INFO  server.RaftServerConfigKeys (ConfUtils.java:logGet(43)) - raft.server.log.statemachine.data.caching.enabled = true (custom)
2019-09-25 12:55:06,415 [pool-67-thread-1] INFO  segmented.SegmentedRaftLogWorker (SegmentedRaftLogWorker.java:lambda$new$0(132)) - b5f65341-71e3-4bdb-b257-250c7a42131a@group-567AED6E01C2-SegmentedRaftLogWorker: flushIndex: setUnconditionally 0 -> -1
2019-09-25 12:55:06,415 [pool-67-thread-1] INFO  server.RaftServerConfigKeys (ConfUtils.java:logGet(43)) - raft.server.snapshot.auto.trigger.enabled = true (custom)
2019-09-25 12:55:06,415 [pool-67-thread-1] INFO  server.RaftServerConfigKeys (ConfUtils.java:logGet(43)) - raft.server.snapshot.auto.trigger.threshold = 10000 (custom)
2019-09-25 12:55:06,415 [pool-67-thread-1] INFO  server.RaftServerConfigKeys (ConfUtils.java:logGet(43)) - raft.server.snapshot.retention.num.files = 5 (custom)
2019-09-25 12:55:06,416 [pool-67-thread-1] INFO  server.RaftServerConfigKeys (ConfUtils.java:logGet(43)) - raft.server.retrycache.expirytime = 600000ms (custom)
2019-09-25 12:55:06,418 [pool-67-thread-1] INFO  impl.RaftServerImpl (RaftServerImpl.java:start(185)) - b5f65341-71e3-4bdb-b257-250c7a42131a@group-567AED6E01C2: start as a follower, conf=-1: [b5f65341-71e3-4bdb-b257-250c7a42131a:192.168.151.73:46240], old=null
2019-09-25 12:55:06,419 [pool-67-thread-1] INFO  impl.RaftServerImpl (RaftServerImpl.java:setRole(174)) - b5f65341-71e3-4bdb-b257-250c7a42131a@group-567AED6E01C2: changes role from      null to FOLLOWER at term 0 for startAsFollower
2019-09-25 12:55:06,419 [pool-67-thread-1] INFO  impl.RoleInfo (RoleInfo.java:updateAndGet(143)) - b5f65341-71e3-4bdb-b257-250c7a42131a: start FollowerState
2019-09-25 12:55:06,419 [pool-67-thread-1] INFO  util.JmxRegister (JmxRegister.java:tryRegister(44)) - Successfully registered JMX Bean with object name Ratis:service=RaftServer,group=group-567AED6E01C2,id=b5f65341-71e3-4bdb-b257-250c7a42131a
2019-09-25 12:55:06,428 [RatisPipelineUtilsThread] INFO  pipeline.PipelineStateManager (PipelineStateManager.java:addPipeline(56)) - Created pipeline Pipeline[ Id: 0c42286d-9e12-44fe-9d0d-567aed6e01c2, Nodes: b5f65341-71e3-4bdb-b257-250c7a42131a{ip: 192.168.151.73, host: pr-hdds-1569-shd4m-3693607622, networkLocation: /default-rack, certSerialId: null}, Type:RATIS, Factor:ONE, State:OPEN]
2019-09-25 12:55:06,438 [grpc-default-executor-0] INFO  impl.RaftServerProxy (RaftServerProxy.java:addNew(89)) - b5f65341-71e3-4bdb-b257-250c7a42131a: addNew group-34C4138AA20E:[b5f65341-71e3-4bdb-b257-250c7a42131a:192.168.151.73:46240] returns group-34C4138AA20E:java.util.concurrent.CompletableFuture@2e50ca79[Not completed]
2019-09-25 12:55:06,440 [pool-67-thread-1] INFO  impl.RaftServerImpl (RaftServerImpl.java:<init>(95)) - b5f65341-71e3-4bdb-b257-250c7a42131a: new RaftServerImpl for group-34C4138AA20E:[b5f65341-71e3-4bdb-b257-250c7a42131a:192.168.151.73:46240] with ContainerStateMachine:uninitialized
2019-09-25 12:55:06,440 [pool-67-thread-1] INFO  server.RaftServerConfigKeys (ConfUtils.java:logGet(43)) - raft.server.rpc.timeout.min = 5s (custom)
2019-09-25 12:55:06,440 [pool-67-thread-1] INFO  server.RaftServerConfigKeys (ConfUtils.java:logGet(43)) - raft.server.rpc.timeout.max = 5200ms (custom)
2019-09-25 12:55:06,440 [pool-67-thread-1] INFO  server.RaftServerConfigKeys (ConfUtils.java:logGet(43)) - raft.server.rpcslowness.timeout = 120s (custom)
2019-09-25 12:55:06,440 [pool-67-thread-1] INFO  server.RaftServerConfigKeys (ConfUtils.java:logGet(43)) - raft.server.sleep.deviation.threshold = 300 (default)
2019-09-25 12:55:06,441 [pool-67-thread-1] INFO  server.RaftServerConfigKeys (ConfUtils.java:logGet(43)) - raft.server.log.appender.install.snapshot.enabled = false (custom)
2019-09-25 12:55:06,441 [pool-67-thread-1] INFO  impl.RaftServerImpl (ServerState.java:<init>(103)) - b5f65341-71e3-4bdb-b257-250c7a42131a@group-34C4138AA20E: ConfigurationManager, init=-1: [b5f65341-71e3-4bdb-b257-250c7a42131a:192.168.151.73:46240], old=null, confs=<EMPTY_MAP>
2019-09-25 12:55:06,441 [pool-67-thread-1] INFO  server.RaftServerConfigKeys (ConfUtils.java:logGet(43)) - raft.server.storage.dir = [/workdir/hadoop-ozone/tools/target/test-dir/MiniOzoneClusterImpl-a69ba920-524d-43f7-a757-bb142e91f929/datanode-4/data/ratis] (custom)
2019-09-25 12:55:06,441 [pool-67-thread-1] INFO  storage.RaftStorageDirectory (RaftStorageDirectory.java:analyzeStorage(246)) - The storage directory /workdir/hadoop-ozone/tools/target/test-dir/MiniOzoneClusterImpl-a69ba920-524d-43f7-a757-bb142e91f929/datanode-4/data/ratis/556a7a7c-b4fc-4228-b836-34c4138aa20e does not exist. Creating ...
2019-09-25 12:55:06,454 [pool-67-thread-1] INFO  storage.RaftStorageDirectory (RaftStorageDirectory.java:tryLock(328)) - Lock on /workdir/hadoop-ozone/tools/target/test-dir/MiniOzoneClusterImpl-a69ba920-524d-43f7-a757-bb142e91f929/datanode-4/data/ratis/556a7a7c-b4fc-4228-b836-34c4138aa20e/in_use.lock acquired by nodename 9027@pr-hdds-1569-shd4m-3693607622
2019-09-25 12:55:06,466 [pool-67-thread-1] INFO  storage.RaftStorage (RaftStorage.java:format(72)) - Storage directory /workdir/hadoop-ozone/tools/target/test-dir/MiniOzoneClusterImpl-a69ba920-524d-43f7-a757-bb142e91f929/datanode-4/data/ratis/556a7a7c-b4fc-4228-b836-34c4138aa20e has been successfully formatted.
2019-09-25 12:55:06,467 [pool-67-thread-1] INFO  ratis.ContainerStateMachine (ContainerStateMachine.java:loadSnapshot(230)) - group-34C4138AA20E: The snapshot info is null. Setting the last applied indexto:(t:0, i:~)
2019-09-25 12:55:06,467 [pool-67-thread-1] INFO  server.RaftServerConfigKeys (ConfUtils.java:logGet(43)) - raft.server.notification.no-leader.timeout = 120s (custom)
2019-09-25 12:55:06,467 [pool-67-thread-1] INFO  server.RaftServerConfigKeys (ConfUtils.java:logGet(43)) - raft.server.log.use.memory = false (default)
2019-09-25 12:55:06,467 [pool-67-thread-1] INFO  server.RaftServerConfigKeys (ConfUtils.java:logGet(43)) - raft.server.log.purge.gap = 1000000 (custom)
2019-09-25 12:55:06,467 [pool-67-thread-1] INFO  server.RaftServerConfigKeys (ConfUtils.java:logGet(43)) - raft.server.log.appender.buffer.byte-limit = 33554432 (custom)
2019-09-25 12:55:06,467 [pool-67-thread-1] INFO  server.RaftServerConfigKeys (ConfUtils.java:logGet(43)) - raft.server.log.segment.size.max = 1048576 (custom)
2019-09-25 12:55:06,467 [pool-67-thread-1] INFO  server.RaftServerConfigKeys (ConfUtils.java:logGet(43)) - raft.server.log.segment.cache.num.max = 2 (custom)
2019-09-25 12:55:06,467 [pool-67-thread-1] INFO  segmented.SegmentedRaftLogWorker (SegmentedRaftLogWorker.java:<init>(172)) - new b5f65341-71e3-4bdb-b257-250c7a42131a@group-34C4138AA20E-SegmentedRaftLogWorker for RaftStorage:Storage Directory /workdir/hadoop-ozone/tools/target/test-dir/MiniOzoneClusterImpl-a69ba920-524d-43f7-a757-bb142e91f929/datanode-4/data/ratis/556a7a7c-b4fc-4228-b836-34c4138aa20e
2019-09-25 12:55:06,468 [pool-67-thread-1] INFO  server.RaftServerConfigKeys (ConfUtils.java:logGet(43)) - raft.server.log.queue.byte-limit = 2147483647 (custom)
2019-09-25 12:55:06,468 [pool-67-thread-1] INFO  server.RaftServerConfigKeys (ConfUtils.java:logGet(43)) - raft.server.log.queue.element-limit = 1024 (custom)
2019-09-25 12:55:06,468 [pool-67-thread-1] INFO  server.RaftServerConfigKeys (ConfUtils.java:logGet(43)) - raft.server.log.segment.size.max = 1048576 (custom)
2019-09-25 12:55:06,468 [pool-67-thread-1] INFO  server.RaftServerConfigKeys (ConfUtils.java:logGet(43)) - raft.server.log.preallocated.size = 16384 (custom)
2019-09-25 12:55:06,468 [pool-67-thread-1] INFO  server.RaftServerConfigKeys (ConfUtils.java:logGet(43)) - raft.server.log.write.buffer.size = 33554432 (custom)
2019-09-25 12:55:06,468 [pool-67-thread-1] INFO  server.RaftServerConfigKeys (ConfUtils.java:logGet(43)) - raft.server.log.force.sync.num = 128 (default)
2019-09-25 12:55:06,468 [pool-67-thread-1] INFO  server.RaftServerConfigKeys (ConfUtils.java:logGet(43)) - raft.server.log.statemachine.data.sync = true (default)
2019-09-25 12:55:06,468 [pool-67-thread-1] INFO  server.RaftServerConfigKeys (ConfUtils.java:logGet(43)) - raft.server.log.statemachine.data.sync.timeout = 10s (default)
2019-09-25 12:55:06,468 [pool-67-thread-1] INFO  server.RaftServerConfigKeys (ConfUtils.java:logGet(43)) - raft.server.log.statemachine.data.sync.timeout.retry = -1 (default)
2019-09-25 12:55:06,469 [pool-67-thread-1] INFO  server.RaftServerConfigKeys (ConfUtils.java:logGet(43)) - raft.server.log.statemachine.data.caching.enabled = true (custom)
2019-09-25 12:55:06,469 [pool-67-thread-1] INFO  segmented.SegmentedRaftLogWorker (SegmentedRaftLogWorker.java:lambda$new$0(132)) - b5f65341-71e3-4bdb-b257-250c7a42131a@group-34C4138AA20E-SegmentedRaftLogWorker: flushIndex: setUnconditionally 0 -> -1
2019-09-25 12:55:06,469 [pool-67-thread-1] INFO  server.RaftServerConfigKeys (ConfUtils.java:logGet(43)) - raft.server.snapshot.auto.trigger.enabled = true (custom)
2019-09-25 12:55:06,469 [pool-67-thread-1] INFO  server.RaftServerConfigKeys (ConfUtils.java:logGet(43)) - raft.server.snapshot.auto.trigger.threshold = 10000 (custom)
2019-09-25 12:55:06,469 [pool-67-thread-1] INFO  server.RaftServerConfigKeys (ConfUtils.java:logGet(43)) - raft.server.snapshot.retention.num.files = 5 (custom)
2019-09-25 12:55:06,469 [pool-67-thread-1] INFO  server.RaftServerConfigKeys (ConfUtils.java:logGet(43)) - raft.server.retrycache.expirytime = 600000ms (custom)
2019-09-25 12:55:06,472 [pool-67-thread-1] INFO  impl.RaftServerImpl (RaftServerImpl.java:start(185)) - b5f65341-71e3-4bdb-b257-250c7a42131a@group-34C4138AA20E: start as a follower, conf=-1: [b5f65341-71e3-4bdb-b257-250c7a42131a:192.168.151.73:46240], old=null
2019-09-25 12:55:06,472 [pool-67-thread-1] INFO  impl.RaftServerImpl (RaftServerImpl.java:setRole(174)) - b5f65341-71e3-4bdb-b257-250c7a42131a@group-34C4138AA20E: changes role from      null to FOLLOWER at term 0 for startAsFollower
2019-09-25 12:55:06,472 [pool-67-thread-1] INFO  impl.RoleInfo (RoleInfo.java:updateAndGet(143)) - b5f65341-71e3-4bdb-b257-250c7a42131a: start FollowerState
2019-09-25 12:55:06,472 [pool-67-thread-1] INFO  util.JmxRegister (JmxRegister.java:tryRegister(44)) - Successfully registered JMX Bean with object name Ratis:service=RaftServer,group=group-34C4138AA20E,id=b5f65341-71e3-4bdb-b257-250c7a42131a
2019-09-25 12:55:06,477 [RatisPipelineUtilsThread] INFO  pipeline.PipelineStateManager (PipelineStateManager.java:addPipeline(56)) - Created pipeline Pipeline[ Id: 556a7a7c-b4fc-4228-b836-34c4138aa20e, Nodes: b5f65341-71e3-4bdb-b257-250c7a42131a{ip: 192.168.151.73, host: pr-hdds-1569-shd4m-3693607622, networkLocation: /default-rack, certSerialId: null}, Type:RATIS, Factor:ONE, State:OPEN]
2019-09-25 12:55:06,478 [RatisPipelineUtilsThread] INFO  pipeline.PipelinePlacementPolicy (PipelinePlacementPolicy.java:meetCriteria(91)) - Pipeline Placement: can't place more pipeline on heavy datanode： b5f65341-71e3-4bdb-b257-250c7a42131a Heaviness: 6 limit: 5
2019-09-25 12:55:06,488 [grpc-default-executor-0] INFO  impl.RaftServerProxy (RaftServerProxy.java:addNew(89)) - 9ab7590b-dd39-4196-b964-8ab9f907299e: addNew group-0B92BF9EBA29:[9ab7590b-dd39-4196-b964-8ab9f907299e:192.168.151.73:40001] returns group-0B92BF9EBA29:java.util.concurrent.CompletableFuture@1630cba8[Not completed]
2019-09-25 12:55:06,490 [pool-57-thread-1] INFO  impl.RaftServerImpl (RaftServerImpl.java:<init>(95)) - 9ab7590b-dd39-4196-b964-8ab9f907299e: new RaftServerImpl for group-0B92BF9EBA29:[9ab7590b-dd39-4196-b964-8ab9f907299e:192.168.151.73:40001] with ContainerStateMachine:uninitialized
2019-09-25 12:55:06,491 [pool-57-thread-1] INFO  server.RaftServerConfigKeys (ConfUtils.java:logGet(43)) - raft.server.rpc.timeout.min = 5s (custom)
2019-09-25 12:55:06,491 [pool-57-thread-1] INFO  server.RaftServerConfigKeys (ConfUtils.java:logGet(43)) - raft.server.rpc.timeout.max = 5200ms (custom)
2019-09-25 12:55:06,491 [pool-57-thread-1] INFO  server.RaftServerConfigKeys (ConfUtils.java:logGet(43)) - raft.server.rpcslowness.timeout = 120s (custom)
2019-09-25 12:55:06,491 [pool-57-thread-1] INFO  server.RaftServerConfigKeys (ConfUtils.java:logGet(43)) - raft.server.sleep.deviation.threshold = 300 (default)
2019-09-25 12:55:06,491 [pool-57-thread-1] INFO  server.RaftServerConfigKeys (ConfUtils.java:logGet(43)) - raft.server.log.appender.install.snapshot.enabled = false (custom)
2019-09-25 12:55:06,492 [pool-57-thread-1] INFO  impl.RaftServerImpl (ServerState.java:<init>(103)) - 9ab7590b-dd39-4196-b964-8ab9f907299e@group-0B92BF9EBA29: ConfigurationManager, init=-1: [9ab7590b-dd39-4196-b964-8ab9f907299e:192.168.151.73:40001], old=null, confs=<EMPTY_MAP>
2019-09-25 12:55:06,492 [pool-57-thread-1] INFO  server.RaftServerConfigKeys (ConfUtils.java:logGet(43)) - raft.server.storage.dir = [/workdir/hadoop-ozone/tools/target/test-dir/MiniOzoneClusterImpl-a69ba920-524d-43f7-a757-bb142e91f929/datanode-3/data/ratis] (custom)
2019-09-25 12:55:06,492 [pool-57-thread-1] INFO  storage.RaftStorageDirectory (RaftStorageDirectory.java:analyzeStorage(246)) - The storage directory /workdir/hadoop-ozone/tools/target/test-dir/MiniOzoneClusterImpl-a69ba920-524d-43f7-a757-bb142e91f929/datanode-3/data/ratis/a1e68fcc-2ffa-413b-adc2-0b92bf9eba29 does not exist. Creating ...
2019-09-25 12:55:06,515 [pool-57-thread-1] INFO  storage.RaftStorageDirectory (RaftStorageDirectory.java:tryLock(328)) - Lock on /workdir/hadoop-ozone/tools/target/test-dir/MiniOzoneClusterImpl-a69ba920-524d-43f7-a757-bb142e91f929/datanode-3/data/ratis/a1e68fcc-2ffa-413b-adc2-0b92bf9eba29/in_use.lock acquired by nodename 9027@pr-hdds-1569-shd4m-3693607622
2019-09-25 12:55:06,539 [pool-57-thread-1] INFO  storage.RaftStorage (RaftStorage.java:format(72)) - Storage directory /workdir/hadoop-ozone/tools/target/test-dir/MiniOzoneClusterImpl-a69ba920-524d-43f7-a757-bb142e91f929/datanode-3/data/ratis/a1e68fcc-2ffa-413b-adc2-0b92bf9eba29 has been successfully formatted.
2019-09-25 12:55:06,540 [pool-57-thread-1] INFO  ratis.ContainerStateMachine (ContainerStateMachine.java:loadSnapshot(230)) - group-0B92BF9EBA29: The snapshot info is null. Setting the last applied indexto:(t:0, i:~)
2019-09-25 12:55:06,540 [pool-57-thread-1] INFO  server.RaftServerConfigKeys (ConfUtils.java:logGet(43)) - raft.server.notification.no-leader.timeout = 120s (custom)
2019-09-25 12:55:06,540 [pool-57-thread-1] INFO  server.RaftServerConfigKeys (ConfUtils.java:logGet(43)) - raft.server.log.use.memory = false (default)
2019-09-25 12:55:06,540 [pool-57-thread-1] INFO  server.RaftServerConfigKeys (ConfUtils.java:logGet(43)) - raft.server.log.purge.gap = 1000000 (custom)
2019-09-25 12:55:06,540 [pool-57-thread-1] INFO  server.RaftServerConfigKeys (ConfUtils.java:logGet(43)) - raft.server.log.appender.buffer.byte-limit = 33554432 (custom)
2019-09-25 12:55:06,540 [pool-57-thread-1] INFO  server.RaftServerConfigKeys (ConfUtils.java:logGet(43)) - raft.server.log.segment.size.max = 1048576 (custom)
2019-09-25 12:55:06,541 [pool-57-thread-1] INFO  server.RaftServerConfigKeys (ConfUtils.java:logGet(43)) - raft.server.log.segment.cache.num.max = 2 (custom)
2019-09-25 12:55:06,541 [pool-57-thread-1] INFO  segmented.SegmentedRaftLogWorker (SegmentedRaftLogWorker.java:<init>(172)) - new 9ab7590b-dd39-4196-b964-8ab9f907299e@group-0B92BF9EBA29-SegmentedRaftLogWorker for RaftStorage:Storage Directory /workdir/hadoop-ozone/tools/target/test-dir/MiniOzoneClusterImpl-a69ba920-524d-43f7-a757-bb142e91f929/datanode-3/data/ratis/a1e68fcc-2ffa-413b-adc2-0b92bf9eba29
2019-09-25 12:55:06,541 [pool-57-thread-1] INFO  server.RaftServerConfigKeys (ConfUtils.java:logGet(43)) - raft.server.log.queue.byte-limit = 2147483647 (custom)
2019-09-25 12:55:06,541 [pool-57-thread-1] INFO  server.RaftServerConfigKeys (ConfUtils.java:logGet(43)) - raft.server.log.queue.element-limit = 1024 (custom)
2019-09-25 12:55:06,541 [pool-57-thread-1] INFO  server.RaftServerConfigKeys (ConfUtils.java:logGet(43)) - raft.server.log.segment.size.max = 1048576 (custom)
2019-09-25 12:55:06,541 [pool-57-thread-1] INFO  server.RaftServerConfigKeys (ConfUtils.java:logGet(43)) - raft.server.log.preallocated.size = 16384 (custom)
2019-09-25 12:55:06,541 [pool-57-thread-1] INFO  server.RaftServerConfigKeys (ConfUtils.java:logGet(43)) - raft.server.log.write.buffer.size = 33554432 (custom)
2019-09-25 12:55:06,542 [pool-57-thread-1] INFO  server.RaftServerConfigKeys (ConfUtils.java:logGet(43)) - raft.server.log.force.sync.num = 128 (default)
2019-09-25 12:55:06,542 [pool-57-thread-1] INFO  server.RaftServerConfigKeys (ConfUtils.java:logGet(43)) - raft.server.log.statemachine.data.sync = true (default)
2019-09-25 12:55:06,542 [pool-57-thread-1] INFO  server.RaftServerConfigKeys (ConfUtils.java:logGet(43)) - raft.server.log.statemachine.data.sync.timeout = 10s (default)
2019-09-25 12:55:06,542 [pool-57-thread-1] INFO  server.RaftServerConfigKeys (ConfUtils.java:logGet(43)) - raft.server.log.statemachine.data.sync.timeout.retry = -1 (default)
2019-09-25 12:55:06,542 [pool-57-thread-1] INFO  server.RaftServerConfigKeys (ConfUtils.java:logGet(43)) - raft.server.log.statemachine.data.caching.enabled = true (custom)
2019-09-25 12:55:06,543 [pool-57-thread-1] INFO  segmented.SegmentedRaftLogWorker (SegmentedRaftLogWorker.java:lambda$new$0(132)) - 9ab7590b-dd39-4196-b964-8ab9f907299e@group-0B92BF9EBA29-SegmentedRaftLogWorker: flushIndex: setUnconditionally 0 -> -1
2019-09-25 12:55:06,543 [pool-57-thread-1] INFO  server.RaftServerConfigKeys (ConfUtils.java:logGet(43)) - raft.server.snapshot.auto.trigger.enabled = true (custom)
2019-09-25 12:55:06,543 [pool-57-thread-1] INFO  server.RaftServerConfigKeys (ConfUtils.java:logGet(43)) - raft.server.snapshot.auto.trigger.threshold = 10000 (custom)
2019-09-25 12:55:06,543 [pool-57-thread-1] INFO  server.RaftServerConfigKeys (ConfUtils.java:logGet(43)) - raft.server.snapshot.retention.num.files = 5 (custom)
2019-09-25 12:55:06,543 [pool-57-thread-1] INFO  server.RaftServerConfigKeys (ConfUtils.java:logGet(43)) - raft.server.retrycache.expirytime = 600000ms (custom)
2019-09-25 12:55:06,547 [pool-57-thread-1] INFO  impl.RaftServerImpl (RaftServerImpl.java:start(185)) - 9ab7590b-dd39-4196-b964-8ab9f907299e@group-0B92BF9EBA29: start as a follower, conf=-1: [9ab7590b-dd39-4196-b964-8ab9f907299e:192.168.151.73:40001], old=null
2019-09-25 12:55:06,547 [pool-57-thread-1] INFO  impl.RaftServerImpl (RaftServerImpl.java:setRole(174)) - 9ab7590b-dd39-4196-b964-8ab9f907299e@group-0B92BF9EBA29: changes role from      null to FOLLOWER at term 0 for startAsFollower
2019-09-25 12:55:06,548 [pool-57-thread-1] INFO  impl.RoleInfo (RoleInfo.java:updateAndGet(143)) - 9ab7590b-dd39-4196-b964-8ab9f907299e: start FollowerState
2019-09-25 12:55:06,548 [pool-57-thread-1] INFO  util.JmxRegister (JmxRegister.java:tryRegister(44)) - Successfully registered JMX Bean with object name Ratis:service=RaftServer,group=group-0B92BF9EBA29,id=9ab7590b-dd39-4196-b964-8ab9f907299e
2019-09-25 12:55:06,555 [RatisPipelineUtilsThread] INFO  pipeline.PipelineStateManager (PipelineStateManager.java:addPipeline(56)) - Created pipeline Pipeline[ Id: a1e68fcc-2ffa-413b-adc2-0b92bf9eba29, Nodes: 9ab7590b-dd39-4196-b964-8ab9f907299e{ip: 192.168.151.73, host: pr-hdds-1569-shd4m-3693607622, networkLocation: /default-rack, certSerialId: null}, Type:RATIS, Factor:ONE, State:OPEN]
2019-09-25 12:55:06,556 [RatisPipelineUtilsThread] INFO  pipeline.PipelinePlacementPolicy (PipelinePlacementPolicy.java:meetCriteria(91)) - Pipeline Placement: can't place more pipeline on heavy datanode： b5f65341-71e3-4bdb-b257-250c7a42131a Heaviness: 6 limit: 5
2019-09-25 12:55:06,579 [grpc-default-executor-0] INFO  impl.RaftServerProxy (RaftServerProxy.java:addNew(89)) - 5c86796b-6b73-4de6-91b0-1a3ae4d4f66e: addNew group-81925ED4D08B:[5c86796b-6b73-4de6-91b0-1a3ae4d4f66e:192.168.151.73:42606] returns group-81925ED4D08B:java.util.concurrent.CompletableFuture@63a76da8[Not completed]
2019-09-25 12:55:06,581 [pool-27-thread-1] INFO  impl.RaftServerImpl (RaftServerImpl.java:<init>(95)) - 5c86796b-6b73-4de6-91b0-1a3ae4d4f66e: new RaftServerImpl for group-81925ED4D08B:[5c86796b-6b73-4de6-91b0-1a3ae4d4f66e:192.168.151.73:42606] with ContainerStateMachine:uninitialized
2019-09-25 12:55:06,581 [pool-27-thread-1] INFO  server.RaftServerConfigKeys (ConfUtils.java:logGet(43)) - raft.server.rpc.timeout.min = 5s (custom)
2019-09-25 12:55:06,582 [pool-27-thread-1] INFO  server.RaftServerConfigKeys (ConfUtils.java:logGet(43)) - raft.server.rpc.timeout.max = 5200ms (custom)
2019-09-25 12:55:06,582 [pool-27-thread-1] INFO  server.RaftServerConfigKeys (ConfUtils.java:logGet(43)) - raft.server.rpcslowness.timeout = 120s (custom)
2019-09-25 12:55:06,582 [pool-27-thread-1] INFO  server.RaftServerConfigKeys (ConfUtils.java:logGet(43)) - raft.server.sleep.deviation.threshold = 300 (default)
2019-09-25 12:55:06,582 [pool-27-thread-1] INFO  server.RaftServerConfigKeys (ConfUtils.java:logGet(43)) - raft.server.log.appender.install.snapshot.enabled = false (custom)
2019-09-25 12:55:06,582 [pool-27-thread-1] INFO  impl.RaftServerImpl (ServerState.java:<init>(103)) - 5c86796b-6b73-4de6-91b0-1a3ae4d4f66e@group-81925ED4D08B: ConfigurationManager, init=-1: [5c86796b-6b73-4de6-91b0-1a3ae4d4f66e:192.168.151.73:42606], old=null, confs=<EMPTY_MAP>
2019-09-25 12:55:06,582 [pool-27-thread-1] INFO  server.RaftServerConfigKeys (ConfUtils.java:logGet(43)) - raft.server.storage.dir = [/workdir/hadoop-ozone/tools/target/test-dir/MiniOzoneClusterImpl-a69ba920-524d-43f7-a757-bb142e91f929/datanode-0/data/ratis] (custom)
2019-09-25 12:55:06,583 [pool-27-thread-1] INFO  storage.RaftStorageDirectory (RaftStorageDirectory.java:analyzeStorage(246)) - The storage directory /workdir/hadoop-ozone/tools/target/test-dir/MiniOzoneClusterImpl-a69ba920-524d-43f7-a757-bb142e91f929/datanode-0/data/ratis/1dca6949-86a3-4f3b-ad7b-81925ed4d08b does not exist. Creating ...
2019-09-25 12:55:06,631 [pool-27-thread-1] INFO  storage.RaftStorageDirectory (RaftStorageDirectory.java:tryLock(328)) - Lock on /workdir/hadoop-ozone/tools/target/test-dir/MiniOzoneClusterImpl-a69ba920-524d-43f7-a757-bb142e91f929/datanode-0/data/ratis/1dca6949-86a3-4f3b-ad7b-81925ed4d08b/in_use.lock acquired by nodename 9027@pr-hdds-1569-shd4m-3693607622
2019-09-25 12:55:06,650 [pool-27-thread-1] INFO  storage.RaftStorage (RaftStorage.java:format(72)) - Storage directory /workdir/hadoop-ozone/tools/target/test-dir/MiniOzoneClusterImpl-a69ba920-524d-43f7-a757-bb142e91f929/datanode-0/data/ratis/1dca6949-86a3-4f3b-ad7b-81925ed4d08b has been successfully formatted.
2019-09-25 12:55:06,651 [pool-27-thread-1] INFO  ratis.ContainerStateMachine (ContainerStateMachine.java:loadSnapshot(230)) - group-81925ED4D08B: The snapshot info is null. Setting the last applied indexto:(t:0, i:~)
2019-09-25 12:55:06,651 [pool-27-thread-1] INFO  server.RaftServerConfigKeys (ConfUtils.java:logGet(43)) - raft.server.notification.no-leader.timeout = 120s (custom)
2019-09-25 12:55:06,651 [pool-27-thread-1] INFO  server.RaftServerConfigKeys (ConfUtils.java:logGet(43)) - raft.server.log.use.memory = false (default)
2019-09-25 12:55:06,651 [pool-27-thread-1] INFO  server.RaftServerConfigKeys (ConfUtils.java:logGet(43)) - raft.server.log.purge.gap = 1000000 (custom)
2019-09-25 12:55:06,651 [pool-27-thread-1] INFO  server.RaftServerConfigKeys (ConfUtils.java:logGet(43)) - raft.server.log.appender.buffer.byte-limit = 33554432 (custom)
2019-09-25 12:55:06,651 [pool-27-thread-1] INFO  server.RaftServerConfigKeys (ConfUtils.java:logGet(43)) - raft.server.log.segment.size.max = 1048576 (custom)
2019-09-25 12:55:06,652 [pool-27-thread-1] INFO  server.RaftServerConfigKeys (ConfUtils.java:logGet(43)) - raft.server.log.segment.cache.num.max = 2 (custom)
2019-09-25 12:55:06,652 [pool-27-thread-1] INFO  segmented.SegmentedRaftLogWorker (SegmentedRaftLogWorker.java:<init>(172)) - new 5c86796b-6b73-4de6-91b0-1a3ae4d4f66e@group-81925ED4D08B-SegmentedRaftLogWorker for RaftStorage:Storage Directory /workdir/hadoop-ozone/tools/target/test-dir/MiniOzoneClusterImpl-a69ba920-524d-43f7-a757-bb142e91f929/datanode-0/data/ratis/1dca6949-86a3-4f3b-ad7b-81925ed4d08b
2019-09-25 12:55:06,652 [pool-27-thread-1] INFO  server.RaftServerConfigKeys (ConfUtils.java:logGet(43)) - raft.server.log.queue.byte-limit = 2147483647 (custom)
2019-09-25 12:55:06,652 [pool-27-thread-1] INFO  server.RaftServerConfigKeys (ConfUtils.java:logGet(43)) - raft.server.log.queue.element-limit = 1024 (custom)
2019-09-25 12:55:06,652 [pool-27-thread-1] INFO  server.RaftServerConfigKeys (ConfUtils.java:logGet(43)) - raft.server.log.segment.size.max = 1048576 (custom)
2019-09-25 12:55:06,652 [pool-27-thread-1] INFO  server.RaftServerConfigKeys (ConfUtils.java:logGet(43)) - raft.server.log.preallocated.size = 16384 (custom)
2019-09-25 12:55:06,653 [pool-27-thread-1] INFO  server.RaftServerConfigKeys (ConfUtils.java:logGet(43)) - raft.server.log.write.buffer.size = 33554432 (custom)
2019-09-25 12:55:06,653 [pool-27-thread-1] INFO  server.RaftServerConfigKeys (ConfUtils.java:logGet(43)) - raft.server.log.force.sync.num = 128 (default)
2019-09-25 12:55:06,655 [pool-27-thread-1] INFO  server.RaftServerConfigKeys (ConfUtils.java:logGet(43)) - raft.server.log.statemachine.data.sync = true (default)
2019-09-25 12:55:06,655 [pool-27-thread-1] INFO  server.RaftServerConfigKeys (ConfUtils.java:logGet(43)) - raft.server.log.statemachine.data.sync.timeout = 10s (default)
2019-09-25 12:55:06,655 [pool-27-thread-1] INFO  server.RaftServerConfigKeys (ConfUtils.java:logGet(43)) - raft.server.log.statemachine.data.sync.timeout.retry = -1 (default)
2019-09-25 12:55:06,655 [pool-27-thread-1] INFO  server.RaftServerConfigKeys (ConfUtils.java:logGet(43)) - raft.server.log.statemachine.data.caching.enabled = true (custom)
2019-09-25 12:55:06,656 [pool-27-thread-1] INFO  segmented.SegmentedRaftLogWorker (SegmentedRaftLogWorker.java:lambda$new$0(132)) - 5c86796b-6b73-4de6-91b0-1a3ae4d4f66e@group-81925ED4D08B-SegmentedRaftLogWorker: flushIndex: setUnconditionally 0 -> -1
2019-09-25 12:55:06,656 [pool-27-thread-1] INFO  server.RaftServerConfigKeys (ConfUtils.java:logGet(43)) - raft.server.snapshot.auto.trigger.enabled = true (custom)
2019-09-25 12:55:06,656 [pool-27-thread-1] INFO  server.RaftServerConfigKeys (ConfUtils.java:logGet(43)) - raft.server.snapshot.auto.trigger.threshold = 10000 (custom)
2019-09-25 12:55:06,656 [pool-27-thread-1] INFO  server.RaftServerConfigKeys (ConfUtils.java:logGet(43)) - raft.server.snapshot.retention.num.files = 5 (custom)
2019-09-25 12:55:06,657 [pool-27-thread-1] INFO  server.RaftServerConfigKeys (ConfUtils.java:logGet(43)) - raft.server.retrycache.expirytime = 600000ms (custom)
2019-09-25 12:55:06,660 [pool-27-thread-1] INFO  impl.RaftServerImpl (RaftServerImpl.java:start(185)) - 5c86796b-6b73-4de6-91b0-1a3ae4d4f66e@group-81925ED4D08B: start as a follower, conf=-1: [5c86796b-6b73-4de6-91b0-1a3ae4d4f66e:192.168.151.73:42606], old=null
2019-09-25 12:55:06,660 [pool-27-thread-1] INFO  impl.RaftServerImpl (RaftServerImpl.java:setRole(174)) - 5c86796b-6b73-4de6-91b0-1a3ae4d4f66e@group-81925ED4D08B: changes role from      null to FOLLOWER at term 0 for startAsFollower
2019-09-25 12:55:06,660 [pool-27-thread-1] INFO  impl.RoleInfo (RoleInfo.java:updateAndGet(143)) - 5c86796b-6b73-4de6-91b0-1a3ae4d4f66e: start FollowerState
2019-09-25 12:55:06,666 [pool-27-thread-1] INFO  util.JmxRegister (JmxRegister.java:tryRegister(44)) - Successfully registered JMX Bean with object name Ratis:service=RaftServer,group=group-81925ED4D08B,id=5c86796b-6b73-4de6-91b0-1a3ae4d4f66e
2019-09-25 12:55:06,681 [RatisPipelineUtilsThread] INFO  pipeline.PipelineStateManager (PipelineStateManager.java:addPipeline(56)) - Created pipeline Pipeline[ Id: 1dca6949-86a3-4f3b-ad7b-81925ed4d08b, Nodes: 5c86796b-6b73-4de6-91b0-1a3ae4d4f66e{ip: 192.168.151.73, host: pr-hdds-1569-shd4m-3693607622, networkLocation: /default-rack, certSerialId: null}, Type:RATIS, Factor:ONE, State:OPEN]
2019-09-25 12:55:06,682 [RatisPipelineUtilsThread] INFO  pipeline.PipelinePlacementPolicy (PipelinePlacementPolicy.java:meetCriteria(91)) - Pipeline Placement: can't place more pipeline on heavy datanode： b5f65341-71e3-4bdb-b257-250c7a42131a Heaviness: 6 limit: 5
2019-09-25 12:55:06,692 [grpc-default-executor-0] INFO  impl.RaftServerProxy (RaftServerProxy.java:addNew(89)) - 9ab7590b-dd39-4196-b964-8ab9f907299e: addNew group-A3EA4BF8F06D:[9ab7590b-dd39-4196-b964-8ab9f907299e:192.168.151.73:40001] returns group-A3EA4BF8F06D:java.util.concurrent.CompletableFuture@2e575b6a[Not completed]
2019-09-25 12:55:06,694 [pool-57-thread-1] INFO  impl.RaftServerImpl (RaftServerImpl.java:<init>(95)) - 9ab7590b-dd39-4196-b964-8ab9f907299e: new RaftServerImpl for group-A3EA4BF8F06D:[9ab7590b-dd39-4196-b964-8ab9f907299e:192.168.151.73:40001] with ContainerStateMachine:uninitialized
2019-09-25 12:55:06,694 [pool-57-thread-1] INFO  server.RaftServerConfigKeys (ConfUtils.java:logGet(43)) - raft.server.rpc.timeout.min = 5s (custom)
2019-09-25 12:55:06,694 [pool-57-thread-1] INFO  server.RaftServerConfigKeys (ConfUtils.java:logGet(43)) - raft.server.rpc.timeout.max = 5200ms (custom)
2019-09-25 12:55:06,694 [pool-57-thread-1] INFO  server.RaftServerConfigKeys (ConfUtils.java:logGet(43)) - raft.server.rpcslowness.timeout = 120s (custom)
2019-09-25 12:55:06,695 [pool-57-thread-1] INFO  server.RaftServerConfigKeys (ConfUtils.java:logGet(43)) - raft.server.sleep.deviation.threshold = 300 (default)
2019-09-25 12:55:06,695 [pool-57-thread-1] INFO  server.RaftServerConfigKeys (ConfUtils.java:logGet(43)) - raft.server.log.appender.install.snapshot.enabled = false (custom)
2019-09-25 12:55:06,695 [pool-57-thread-1] INFO  impl.RaftServerImpl (ServerState.java:<init>(103)) - 9ab7590b-dd39-4196-b964-8ab9f907299e@group-A3EA4BF8F06D: ConfigurationManager, init=-1: [9ab7590b-dd39-4196-b964-8ab9f907299e:192.168.151.73:40001], old=null, confs=<EMPTY_MAP>
2019-09-25 12:55:06,695 [pool-57-thread-1] INFO  server.RaftServerConfigKeys (ConfUtils.java:logGet(43)) - raft.server.storage.dir = [/workdir/hadoop-ozone/tools/target/test-dir/MiniOzoneClusterImpl-a69ba920-524d-43f7-a757-bb142e91f929/datanode-3/data/ratis] (custom)
2019-09-25 12:55:06,695 [pool-57-thread-1] INFO  storage.RaftStorageDirectory (RaftStorageDirectory.java:analyzeStorage(246)) - The storage directory /workdir/hadoop-ozone/tools/target/test-dir/MiniOzoneClusterImpl-a69ba920-524d-43f7-a757-bb142e91f929/datanode-3/data/ratis/ab8747c6-b5ca-499b-8e45-a3ea4bf8f06d does not exist. Creating ...
2019-09-25 12:55:06,719 [pool-57-thread-1] INFO  storage.RaftStorageDirectory (RaftStorageDirectory.java:tryLock(328)) - Lock on /workdir/hadoop-ozone/tools/target/test-dir/MiniOzoneClusterImpl-a69ba920-524d-43f7-a757-bb142e91f929/datanode-3/data/ratis/ab8747c6-b5ca-499b-8e45-a3ea4bf8f06d/in_use.lock acquired by nodename 9027@pr-hdds-1569-shd4m-3693607622
2019-09-25 12:55:06,737 [pool-57-thread-1] INFO  storage.RaftStorage (RaftStorage.java:format(72)) - Storage directory /workdir/hadoop-ozone/tools/target/test-dir/MiniOzoneClusterImpl-a69ba920-524d-43f7-a757-bb142e91f929/datanode-3/data/ratis/ab8747c6-b5ca-499b-8e45-a3ea4bf8f06d has been successfully formatted.
2019-09-25 12:55:06,737 [pool-57-thread-1] INFO  ratis.ContainerStateMachine (ContainerStateMachine.java:loadSnapshot(230)) - group-A3EA4BF8F06D: The snapshot info is null. Setting the last applied indexto:(t:0, i:~)
2019-09-25 12:55:06,737 [pool-57-thread-1] INFO  server.RaftServerConfigKeys (ConfUtils.java:logGet(43)) - raft.server.notification.no-leader.timeout = 120s (custom)
2019-09-25 12:55:06,737 [pool-57-thread-1] INFO  server.RaftServerConfigKeys (ConfUtils.java:logGet(43)) - raft.server.log.use.memory = false (default)
2019-09-25 12:55:06,737 [pool-57-thread-1] INFO  server.RaftServerConfigKeys (ConfUtils.java:logGet(43)) - raft.server.log.purge.gap = 1000000 (custom)
2019-09-25 12:55:06,738 [pool-57-thread-1] INFO  server.RaftServerConfigKeys (ConfUtils.java:logGet(43)) - raft.server.log.appender.buffer.byte-limit = 33554432 (custom)
2019-09-25 12:55:06,738 [pool-57-thread-1] INFO  server.RaftServerConfigKeys (ConfUtils.java:logGet(43)) - raft.server.log.segment.size.max = 1048576 (custom)
2019-09-25 12:55:06,738 [pool-57-thread-1] INFO  server.RaftServerConfigKeys (ConfUtils.java:logGet(43)) - raft.server.log.segment.cache.num.max = 2 (custom)
2019-09-25 12:55:06,738 [pool-57-thread-1] INFO  segmented.SegmentedRaftLogWorker (SegmentedRaftLogWorker.java:<init>(172)) - new 9ab7590b-dd39-4196-b964-8ab9f907299e@group-A3EA4BF8F06D-SegmentedRaftLogWorker for RaftStorage:Storage Directory /workdir/hadoop-ozone/tools/target/test-dir/MiniOzoneClusterImpl-a69ba920-524d-43f7-a757-bb142e91f929/datanode-3/data/ratis/ab8747c6-b5ca-499b-8e45-a3ea4bf8f06d
2019-09-25 12:55:06,738 [pool-57-thread-1] INFO  server.RaftServerConfigKeys (ConfUtils.java:logGet(43)) - raft.server.log.queue.byte-limit = 2147483647 (custom)
2019-09-25 12:55:06,738 [pool-57-thread-1] INFO  server.RaftServerConfigKeys (ConfUtils.java:logGet(43)) - raft.server.log.queue.element-limit = 1024 (custom)
2019-09-25 12:55:06,738 [pool-57-thread-1] INFO  server.RaftServerConfigKeys (ConfUtils.java:logGet(43)) - raft.server.log.segment.size.max = 1048576 (custom)
2019-09-25 12:55:06,739 [pool-57-thread-1] INFO  server.RaftServerConfigKeys (ConfUtils.java:logGet(43)) - raft.server.log.preallocated.size = 16384 (custom)
2019-09-25 12:55:06,739 [pool-57-thread-1] INFO  server.RaftServerConfigKeys (ConfUtils.java:logGet(43)) - raft.server.log.write.buffer.size = 33554432 (custom)
2019-09-25 12:55:06,739 [pool-57-thread-1] INFO  server.RaftServerConfigKeys (ConfUtils.java:logGet(43)) - raft.server.log.force.sync.num = 128 (default)
2019-09-25 12:55:06,739 [pool-57-thread-1] INFO  server.RaftServerConfigKeys (ConfUtils.java:logGet(43)) - raft.server.log.statemachine.data.sync = true (default)
2019-09-25 12:55:06,739 [pool-57-thread-1] INFO  server.RaftServerConfigKeys (ConfUtils.java:logGet(43)) - raft.server.log.statemachine.data.sync.timeout = 10s (default)
2019-09-25 12:55:06,739 [pool-57-thread-1] INFO  server.RaftServerConfigKeys (ConfUtils.java:logGet(43)) - raft.server.log.statemachine.data.sync.timeout.retry = -1 (default)
2019-09-25 12:55:06,740 [pool-57-thread-1] INFO  server.RaftServerConfigKeys (ConfUtils.java:logGet(43)) - raft.server.log.statemachine.data.caching.enabled = true (custom)
2019-09-25 12:55:06,740 [pool-57-thread-1] INFO  segmented.SegmentedRaftLogWorker (SegmentedRaftLogWorker.java:lambda$new$0(132)) - 9ab7590b-dd39-4196-b964-8ab9f907299e@group-A3EA4BF8F06D-SegmentedRaftLogWorker: flushIndex: setUnconditionally 0 -> -1
2019-09-25 12:55:06,740 [pool-57-thread-1] INFO  server.RaftServerConfigKeys (ConfUtils.java:logGet(43)) - raft.server.snapshot.auto.trigger.enabled = true (custom)
2019-09-25 12:55:06,740 [pool-57-thread-1] INFO  server.RaftServerConfigKeys (ConfUtils.java:logGet(43)) - raft.server.snapshot.auto.trigger.threshold = 10000 (custom)
2019-09-25 12:55:06,741 [pool-57-thread-1] INFO  server.RaftServerConfigKeys (ConfUtils.java:logGet(43)) - raft.server.snapshot.retention.num.files = 5 (custom)
2019-09-25 12:55:06,741 [pool-57-thread-1] INFO  server.RaftServerConfigKeys (ConfUtils.java:logGet(43)) - raft.server.retrycache.expirytime = 600000ms (custom)
2019-09-25 12:55:06,758 [pool-57-thread-1] INFO  impl.RaftServerImpl (RaftServerImpl.java:start(185)) - 9ab7590b-dd39-4196-b964-8ab9f907299e@group-A3EA4BF8F06D: start as a follower, conf=-1: [9ab7590b-dd39-4196-b964-8ab9f907299e:192.168.151.73:40001], old=null
2019-09-25 12:55:06,758 [pool-57-thread-1] INFO  impl.RaftServerImpl (RaftServerImpl.java:setRole(174)) - 9ab7590b-dd39-4196-b964-8ab9f907299e@group-A3EA4BF8F06D: changes role from      null to FOLLOWER at term 0 for startAsFollower
2019-09-25 12:55:06,759 [pool-57-thread-1] INFO  impl.RoleInfo (RoleInfo.java:updateAndGet(143)) - 9ab7590b-dd39-4196-b964-8ab9f907299e: start FollowerState
2019-09-25 12:55:06,759 [pool-57-thread-1] INFO  util.JmxRegister (JmxRegister.java:tryRegister(44)) - Successfully registered JMX Bean with object name Ratis:service=RaftServer,group=group-A3EA4BF8F06D,id=9ab7590b-dd39-4196-b964-8ab9f907299e
2019-09-25 12:55:06,766 [RatisPipelineUtilsThread] INFO  pipeline.PipelineStateManager (PipelineStateManager.java:addPipeline(56)) - Created pipeline Pipeline[ Id: ab8747c6-b5ca-499b-8e45-a3ea4bf8f06d, Nodes: 9ab7590b-dd39-4196-b964-8ab9f907299e{ip: 192.168.151.73, host: pr-hdds-1569-shd4m-3693607622, networkLocation: /default-rack, certSerialId: null}, Type:RATIS, Factor:ONE, State:OPEN]
2019-09-25 12:55:06,767 [RatisPipelineUtilsThread] INFO  pipeline.PipelinePlacementPolicy (PipelinePlacementPolicy.java:meetCriteria(91)) - Pipeline Placement: can't place more pipeline on heavy datanode： b5f65341-71e3-4bdb-b257-250c7a42131a Heaviness: 6 limit: 5
2019-09-25 12:55:06,780 [grpc-default-executor-0] INFO  impl.RaftServerProxy (RaftServerProxy.java:addNew(89)) - 9ab7590b-dd39-4196-b964-8ab9f907299e: addNew group-A722EB8C8BD1:[9ab7590b-dd39-4196-b964-8ab9f907299e:192.168.151.73:40001] returns group-A722EB8C8BD1:java.util.concurrent.CompletableFuture@5e4c6d29[Not completed]
2019-09-25 12:55:06,782 [pool-57-thread-1] INFO  impl.RaftServerImpl (RaftServerImpl.java:<init>(95)) - 9ab7590b-dd39-4196-b964-8ab9f907299e: new RaftServerImpl for group-A722EB8C8BD1:[9ab7590b-dd39-4196-b964-8ab9f907299e:192.168.151.73:40001] with ContainerStateMachine:uninitialized
2019-09-25 12:55:06,782 [pool-57-thread-1] INFO  server.RaftServerConfigKeys (ConfUtils.java:logGet(43)) - raft.server.rpc.timeout.min = 5s (custom)
2019-09-25 12:55:06,782 [pool-57-thread-1] INFO  server.RaftServerConfigKeys (ConfUtils.java:logGet(43)) - raft.server.rpc.timeout.max = 5200ms (custom)
2019-09-25 12:55:06,782 [pool-57-thread-1] INFO  server.RaftServerConfigKeys (ConfUtils.java:logGet(43)) - raft.server.rpcslowness.timeout = 120s (custom)
2019-09-25 12:55:06,783 [pool-57-thread-1] INFO  server.RaftServerConfigKeys (ConfUtils.java:logGet(43)) - raft.server.sleep.deviation.threshold = 300 (default)
2019-09-25 12:55:06,783 [pool-57-thread-1] INFO  server.RaftServerConfigKeys (ConfUtils.java:logGet(43)) - raft.server.log.appender.install.snapshot.enabled = false (custom)
2019-09-25 12:55:06,783 [pool-57-thread-1] INFO  impl.RaftServerImpl (ServerState.java:<init>(103)) - 9ab7590b-dd39-4196-b964-8ab9f907299e@group-A722EB8C8BD1: ConfigurationManager, init=-1: [9ab7590b-dd39-4196-b964-8ab9f907299e:192.168.151.73:40001], old=null, confs=<EMPTY_MAP>
2019-09-25 12:55:06,783 [pool-57-thread-1] INFO  server.RaftServerConfigKeys (ConfUtils.java:logGet(43)) - raft.server.storage.dir = [/workdir/hadoop-ozone/tools/target/test-dir/MiniOzoneClusterImpl-a69ba920-524d-43f7-a757-bb142e91f929/datanode-3/data/ratis] (custom)
2019-09-25 12:55:06,784 [pool-57-thread-1] INFO  storage.RaftStorageDirectory (RaftStorageDirectory.java:analyzeStorage(246)) - The storage directory /workdir/hadoop-ozone/tools/target/test-dir/MiniOzoneClusterImpl-a69ba920-524d-43f7-a757-bb142e91f929/datanode-3/data/ratis/ecdc9782-a92b-454a-a301-a722eb8c8bd1 does not exist. Creating ...
2019-09-25 12:55:06,797 [pool-57-thread-1] INFO  storage.RaftStorageDirectory (RaftStorageDirectory.java:tryLock(328)) - Lock on /workdir/hadoop-ozone/tools/target/test-dir/MiniOzoneClusterImpl-a69ba920-524d-43f7-a757-bb142e91f929/datanode-3/data/ratis/ecdc9782-a92b-454a-a301-a722eb8c8bd1/in_use.lock acquired by nodename 9027@pr-hdds-1569-shd4m-3693607622
2019-09-25 12:55:06,810 [pool-57-thread-1] INFO  storage.RaftStorage (RaftStorage.java:format(72)) - Storage directory /workdir/hadoop-ozone/tools/target/test-dir/MiniOzoneClusterImpl-a69ba920-524d-43f7-a757-bb142e91f929/datanode-3/data/ratis/ecdc9782-a92b-454a-a301-a722eb8c8bd1 has been successfully formatted.
2019-09-25 12:55:06,810 [pool-57-thread-1] INFO  ratis.ContainerStateMachine (ContainerStateMachine.java:loadSnapshot(230)) - group-A722EB8C8BD1: The snapshot info is null. Setting the last applied indexto:(t:0, i:~)
2019-09-25 12:55:06,811 [pool-57-thread-1] INFO  server.RaftServerConfigKeys (ConfUtils.java:logGet(43)) - raft.server.notification.no-leader.timeout = 120s (custom)
2019-09-25 12:55:06,811 [pool-57-thread-1] INFO  server.RaftServerConfigKeys (ConfUtils.java:logGet(43)) - raft.server.log.use.memory = false (default)
2019-09-25 12:55:06,811 [pool-57-thread-1] INFO  server.RaftServerConfigKeys (ConfUtils.java:logGet(43)) - raft.server.log.purge.gap = 1000000 (custom)
2019-09-25 12:55:06,811 [pool-57-thread-1] INFO  server.RaftServerConfigKeys (ConfUtils.java:logGet(43)) - raft.server.log.appender.buffer.byte-limit = 33554432 (custom)
2019-09-25 12:55:06,811 [pool-57-thread-1] INFO  server.RaftServerConfigKeys (ConfUtils.java:logGet(43)) - raft.server.log.segment.size.max = 1048576 (custom)
2019-09-25 12:55:06,811 [pool-57-thread-1] INFO  server.RaftServerConfigKeys (ConfUtils.java:logGet(43)) - raft.server.log.segment.cache.num.max = 2 (custom)
2019-09-25 12:55:06,812 [pool-57-thread-1] INFO  segmented.SegmentedRaftLogWorker (SegmentedRaftLogWorker.java:<init>(172)) - new 9ab7590b-dd39-4196-b964-8ab9f907299e@group-A722EB8C8BD1-SegmentedRaftLogWorker for RaftStorage:Storage Directory /workdir/hadoop-ozone/tools/target/test-dir/MiniOzoneClusterImpl-a69ba920-524d-43f7-a757-bb142e91f929/datanode-3/data/ratis/ecdc9782-a92b-454a-a301-a722eb8c8bd1
2019-09-25 12:55:06,812 [pool-57-thread-1] INFO  server.RaftServerConfigKeys (ConfUtils.java:logGet(43)) - raft.server.log.queue.byte-limit = 2147483647 (custom)
2019-09-25 12:55:06,812 [pool-57-thread-1] INFO  server.RaftServerConfigKeys (ConfUtils.java:logGet(43)) - raft.server.log.queue.element-limit = 1024 (custom)
2019-09-25 12:55:06,812 [pool-57-thread-1] INFO  server.RaftServerConfigKeys (ConfUtils.java:logGet(43)) - raft.server.log.segment.size.max = 1048576 (custom)
2019-09-25 12:55:06,812 [pool-57-thread-1] INFO  server.RaftServerConfigKeys (ConfUtils.java:logGet(43)) - raft.server.log.preallocated.size = 16384 (custom)
2019-09-25 12:55:06,812 [pool-57-thread-1] INFO  server.RaftServerConfigKeys (ConfUtils.java:logGet(43)) - raft.server.log.write.buffer.size = 33554432 (custom)
2019-09-25 12:55:06,813 [pool-57-thread-1] INFO  server.RaftServerConfigKeys (ConfUtils.java:logGet(43)) - raft.server.log.force.sync.num = 128 (default)
2019-09-25 12:55:06,813 [pool-57-thread-1] INFO  server.RaftServerConfigKeys (ConfUtils.java:logGet(43)) - raft.server.log.statemachine.data.sync = true (default)
2019-09-25 12:55:06,813 [pool-57-thread-1] INFO  server.RaftServerConfigKeys (ConfUtils.java:logGet(43)) - raft.server.log.statemachine.data.sync.timeout = 10s (default)
2019-09-25 12:55:06,813 [pool-57-thread-1] INFO  server.RaftServerConfigKeys (ConfUtils.java:logGet(43)) - raft.server.log.statemachine.data.sync.timeout.retry = -1 (default)
2019-09-25 12:55:06,813 [pool-57-thread-1] INFO  server.RaftServerConfigKeys (ConfUtils.java:logGet(43)) - raft.server.log.statemachine.data.caching.enabled = true (custom)
2019-09-25 12:55:06,814 [pool-57-thread-1] INFO  segmented.SegmentedRaftLogWorker (SegmentedRaftLogWorker.java:lambda$new$0(132)) - 9ab7590b-dd39-4196-b964-8ab9f907299e@group-A722EB8C8BD1-SegmentedRaftLogWorker: flushIndex: setUnconditionally 0 -> -1
2019-09-25 12:55:06,814 [pool-57-thread-1] INFO  server.RaftServerConfigKeys (ConfUtils.java:logGet(43)) - raft.server.snapshot.auto.trigger.enabled = true (custom)
2019-09-25 12:55:06,814 [pool-57-thread-1] INFO  server.RaftServerConfigKeys (ConfUtils.java:logGet(43)) - raft.server.snapshot.auto.trigger.threshold = 10000 (custom)
2019-09-25 12:55:06,814 [pool-57-thread-1] INFO  server.RaftServerConfigKeys (ConfUtils.java:logGet(43)) - raft.server.snapshot.retention.num.files = 5 (custom)
2019-09-25 12:55:06,815 [pool-57-thread-1] INFO  server.RaftServerConfigKeys (ConfUtils.java:logGet(43)) - raft.server.retrycache.expirytime = 600000ms (custom)
2019-09-25 12:55:06,818 [pool-57-thread-1] INFO  impl.RaftServerImpl (RaftServerImpl.java:start(185)) - 9ab7590b-dd39-4196-b964-8ab9f907299e@group-A722EB8C8BD1: start as a follower, conf=-1: [9ab7590b-dd39-4196-b964-8ab9f907299e:192.168.151.73:40001], old=null
2019-09-25 12:55:06,818 [pool-57-thread-1] INFO  impl.RaftServerImpl (RaftServerImpl.java:setRole(174)) - 9ab7590b-dd39-4196-b964-8ab9f907299e@group-A722EB8C8BD1: changes role from      null to FOLLOWER at term 0 for startAsFollower
2019-09-25 12:55:06,818 [pool-57-thread-1] INFO  impl.RoleInfo (RoleInfo.java:updateAndGet(143)) - 9ab7590b-dd39-4196-b964-8ab9f907299e: start FollowerState
2019-09-25 12:55:06,819 [pool-57-thread-1] INFO  util.JmxRegister (JmxRegister.java:tryRegister(44)) - Successfully registered JMX Bean with object name Ratis:service=RaftServer,group=group-A722EB8C8BD1,id=9ab7590b-dd39-4196-b964-8ab9f907299e
2019-09-25 12:55:06,825 [RatisPipelineUtilsThread] INFO  pipeline.PipelineStateManager (PipelineStateManager.java:addPipeline(56)) - Created pipeline Pipeline[ Id: ecdc9782-a92b-454a-a301-a722eb8c8bd1, Nodes: 9ab7590b-dd39-4196-b964-8ab9f907299e{ip: 192.168.151.73, host: pr-hdds-1569-shd4m-3693607622, networkLocation: /default-rack, certSerialId: null}, Type:RATIS, Factor:ONE, State:OPEN]
2019-09-25 12:55:06,826 [RatisPipelineUtilsThread] INFO  pipeline.PipelinePlacementPolicy (PipelinePlacementPolicy.java:meetCriteria(91)) - Pipeline Placement: can't place more pipeline on heavy datanode： b5f65341-71e3-4bdb-b257-250c7a42131a Heaviness: 6 limit: 5
2019-09-25 12:55:06,837 [grpc-default-executor-0] INFO  impl.RaftServerProxy (RaftServerProxy.java:addNew(89)) - 9ab7590b-dd39-4196-b964-8ab9f907299e: addNew group-9A87E53500FE:[9ab7590b-dd39-4196-b964-8ab9f907299e:192.168.151.73:40001] returns group-9A87E53500FE:java.util.concurrent.CompletableFuture@21c1c36c[Not completed]
2019-09-25 12:55:06,838 [pool-57-thread-1] INFO  impl.RaftServerImpl (RaftServerImpl.java:<init>(95)) - 9ab7590b-dd39-4196-b964-8ab9f907299e: new RaftServerImpl for group-9A87E53500FE:[9ab7590b-dd39-4196-b964-8ab9f907299e:192.168.151.73:40001] with ContainerStateMachine:uninitialized
2019-09-25 12:55:06,839 [pool-57-thread-1] INFO  server.RaftServerConfigKeys (ConfUtils.java:logGet(43)) - raft.server.rpc.timeout.min = 5s (custom)
2019-09-25 12:55:06,839 [pool-57-thread-1] INFO  server.RaftServerConfigKeys (ConfUtils.java:logGet(43)) - raft.server.rpc.timeout.max = 5200ms (custom)
2019-09-25 12:55:06,839 [pool-57-thread-1] INFO  server.RaftServerConfigKeys (ConfUtils.java:logGet(43)) - raft.server.rpcslowness.timeout = 120s (custom)
2019-09-25 12:55:06,839 [pool-57-thread-1] INFO  server.RaftServerConfigKeys (ConfUtils.java:logGet(43)) - raft.server.sleep.deviation.threshold = 300 (default)
2019-09-25 12:55:06,839 [pool-57-thread-1] INFO  server.RaftServerConfigKeys (ConfUtils.java:logGet(43)) - raft.server.log.appender.install.snapshot.enabled = false (custom)
2019-09-25 12:55:06,839 [pool-57-thread-1] INFO  impl.RaftServerImpl (ServerState.java:<init>(103)) - 9ab7590b-dd39-4196-b964-8ab9f907299e@group-9A87E53500FE: ConfigurationManager, init=-1: [9ab7590b-dd39-4196-b964-8ab9f907299e:192.168.151.73:40001], old=null, confs=<EMPTY_MAP>
2019-09-25 12:55:06,840 [pool-57-thread-1] INFO  server.RaftServerConfigKeys (ConfUtils.java:logGet(43)) - raft.server.storage.dir = [/workdir/hadoop-ozone/tools/target/test-dir/MiniOzoneClusterImpl-a69ba920-524d-43f7-a757-bb142e91f929/datanode-3/data/ratis] (custom)
2019-09-25 12:55:06,840 [pool-57-thread-1] INFO  storage.RaftStorageDirectory (RaftStorageDirectory.java:analyzeStorage(246)) - The storage directory /workdir/hadoop-ozone/tools/target/test-dir/MiniOzoneClusterImpl-a69ba920-524d-43f7-a757-bb142e91f929/datanode-3/data/ratis/c401dff6-c436-40e5-9bc7-9a87e53500fe does not exist. Creating ...
2019-09-25 12:55:06,867 [pool-57-thread-1] INFO  storage.RaftStorageDirectory (RaftStorageDirectory.java:tryLock(328)) - Lock on /workdir/hadoop-ozone/tools/target/test-dir/MiniOzoneClusterImpl-a69ba920-524d-43f7-a757-bb142e91f929/datanode-3/data/ratis/c401dff6-c436-40e5-9bc7-9a87e53500fe/in_use.lock acquired by nodename 9027@pr-hdds-1569-shd4m-3693607622
2019-09-25 12:55:06,888 [pool-57-thread-1] INFO  storage.RaftStorage (RaftStorage.java:format(72)) - Storage directory /workdir/hadoop-ozone/tools/target/test-dir/MiniOzoneClusterImpl-a69ba920-524d-43f7-a757-bb142e91f929/datanode-3/data/ratis/c401dff6-c436-40e5-9bc7-9a87e53500fe has been successfully formatted.
2019-09-25 12:55:06,889 [pool-57-thread-1] INFO  ratis.ContainerStateMachine (ContainerStateMachine.java:loadSnapshot(230)) - group-9A87E53500FE: The snapshot info is null. Setting the last applied indexto:(t:0, i:~)
2019-09-25 12:55:06,889 [pool-57-thread-1] INFO  server.RaftServerConfigKeys (ConfUtils.java:logGet(43)) - raft.server.notification.no-leader.timeout = 120s (custom)
2019-09-25 12:55:06,889 [pool-57-thread-1] INFO  server.RaftServerConfigKeys (ConfUtils.java:logGet(43)) - raft.server.log.use.memory = false (default)
2019-09-25 12:55:06,889 [pool-57-thread-1] INFO  server.RaftServerConfigKeys (ConfUtils.java:logGet(43)) - raft.server.log.purge.gap = 1000000 (custom)
2019-09-25 12:55:06,889 [pool-57-thread-1] INFO  server.RaftServerConfigKeys (ConfUtils.java:logGet(43)) - raft.server.log.appender.buffer.byte-limit = 33554432 (custom)
2019-09-25 12:55:06,890 [pool-57-thread-1] INFO  server.RaftServerConfigKeys (ConfUtils.java:logGet(43)) - raft.server.log.segment.size.max = 1048576 (custom)
2019-09-25 12:55:06,890 [pool-57-thread-1] INFO  server.RaftServerConfigKeys (ConfUtils.java:logGet(43)) - raft.server.log.segment.cache.num.max = 2 (custom)
2019-09-25 12:55:06,890 [pool-57-thread-1] INFO  segmented.SegmentedRaftLogWorker (SegmentedRaftLogWorker.java:<init>(172)) - new 9ab7590b-dd39-4196-b964-8ab9f907299e@group-9A87E53500FE-SegmentedRaftLogWorker for RaftStorage:Storage Directory /workdir/hadoop-ozone/tools/target/test-dir/MiniOzoneClusterImpl-a69ba920-524d-43f7-a757-bb142e91f929/datanode-3/data/ratis/c401dff6-c436-40e5-9bc7-9a87e53500fe
2019-09-25 12:55:06,890 [pool-57-thread-1] INFO  server.RaftServerConfigKeys (ConfUtils.java:logGet(43)) - raft.server.log.queue.byte-limit = 2147483647 (custom)
2019-09-25 12:55:06,890 [pool-57-thread-1] INFO  server.RaftServerConfigKeys (ConfUtils.java:logGet(43)) - raft.server.log.queue.element-limit = 1024 (custom)
2019-09-25 12:55:06,891 [pool-57-thread-1] INFO  server.RaftServerConfigKeys (ConfUtils.java:logGet(43)) - raft.server.log.segment.size.max = 1048576 (custom)
2019-09-25 12:55:06,891 [pool-57-thread-1] INFO  server.RaftServerConfigKeys (ConfUtils.java:logGet(43)) - raft.server.log.preallocated.size = 16384 (custom)
2019-09-25 12:55:06,891 [pool-57-thread-1] INFO  server.RaftServerConfigKeys (ConfUtils.java:logGet(43)) - raft.server.log.write.buffer.size = 33554432 (custom)
2019-09-25 12:55:06,891 [pool-57-thread-1] INFO  server.RaftServerConfigKeys (ConfUtils.java:logGet(43)) - raft.server.log.force.sync.num = 128 (default)
2019-09-25 12:55:06,891 [pool-57-thread-1] INFO  server.RaftServerConfigKeys (ConfUtils.java:logGet(43)) - raft.server.log.statemachine.data.sync = true (default)
2019-09-25 12:55:06,892 [pool-57-thread-1] INFO  server.RaftServerConfigKeys (ConfUtils.java:logGet(43)) - raft.server.log.statemachine.data.sync.timeout = 10s (default)
2019-09-25 12:55:06,892 [pool-57-thread-1] INFO  server.RaftServerConfigKeys (ConfUtils.java:logGet(43)) - raft.server.log.statemachine.data.sync.timeout.retry = -1 (default)
2019-09-25 12:55:06,892 [pool-57-thread-1] INFO  server.RaftServerConfigKeys (ConfUtils.java:logGet(43)) - raft.server.log.statemachine.data.caching.enabled = true (custom)
2019-09-25 12:55:06,892 [pool-57-thread-1] INFO  segmented.SegmentedRaftLogWorker (SegmentedRaftLogWorker.java:lambda$new$0(132)) - 9ab7590b-dd39-4196-b964-8ab9f907299e@group-9A87E53500FE-SegmentedRaftLogWorker: flushIndex: setUnconditionally 0 -> -1
2019-09-25 12:55:06,893 [pool-57-thread-1] INFO  server.RaftServerConfigKeys (ConfUtils.java:logGet(43)) - raft.server.snapshot.auto.trigger.enabled = true (custom)
2019-09-25 12:55:06,893 [pool-57-thread-1] INFO  server.RaftServerConfigKeys (ConfUtils.java:logGet(43)) - raft.server.snapshot.auto.trigger.threshold = 10000 (custom)
2019-09-25 12:55:06,893 [pool-57-thread-1] INFO  server.RaftServerConfigKeys (ConfUtils.java:logGet(43)) - raft.server.snapshot.retention.num.files = 5 (custom)
2019-09-25 12:55:06,893 [pool-57-thread-1] INFO  server.RaftServerConfigKeys (ConfUtils.java:logGet(43)) - raft.server.retrycache.expirytime = 600000ms (custom)
2019-09-25 12:55:06,897 [pool-57-thread-1] INFO  impl.RaftServerImpl (RaftServerImpl.java:start(185)) - 9ab7590b-dd39-4196-b964-8ab9f907299e@group-9A87E53500FE: start as a follower, conf=-1: [9ab7590b-dd39-4196-b964-8ab9f907299e:192.168.151.73:40001], old=null
2019-09-25 12:55:06,897 [pool-57-thread-1] INFO  impl.RaftServerImpl (RaftServerImpl.java:setRole(174)) - 9ab7590b-dd39-4196-b964-8ab9f907299e@group-9A87E53500FE: changes role from      null to FOLLOWER at term 0 for startAsFollower
2019-09-25 12:55:06,897 [pool-57-thread-1] INFO  impl.RoleInfo (RoleInfo.java:updateAndGet(143)) - 9ab7590b-dd39-4196-b964-8ab9f907299e: start FollowerState
2019-09-25 12:55:06,898 [pool-57-thread-1] INFO  util.JmxRegister (JmxRegister.java:tryRegister(44)) - Successfully registered JMX Bean with object name Ratis:service=RaftServer,group=group-9A87E53500FE,id=9ab7590b-dd39-4196-b964-8ab9f907299e
2019-09-25 12:55:06,905 [RatisPipelineUtilsThread] INFO  pipeline.PipelineStateManager (PipelineStateManager.java:addPipeline(56)) - Created pipeline Pipeline[ Id: c401dff6-c436-40e5-9bc7-9a87e53500fe, Nodes: 9ab7590b-dd39-4196-b964-8ab9f907299e{ip: 192.168.151.73, host: pr-hdds-1569-shd4m-3693607622, networkLocation: /default-rack, certSerialId: null}, Type:RATIS, Factor:ONE, State:OPEN]
2019-09-25 12:55:06,905 [RatisPipelineUtilsThread] INFO  pipeline.PipelinePlacementPolicy (PipelinePlacementPolicy.java:meetCriteria(91)) - Pipeline Placement: can't place more pipeline on heavy datanode： 9ab7590b-dd39-4196-b964-8ab9f907299e Heaviness: 6 limit: 5
2019-09-25 12:55:06,906 [RatisPipelineUtilsThread] INFO  pipeline.PipelinePlacementPolicy (PipelinePlacementPolicy.java:meetCriteria(91)) - Pipeline Placement: can't place more pipeline on heavy datanode： b5f65341-71e3-4bdb-b257-250c7a42131a Heaviness: 6 limit: 5
2019-09-25 12:55:06,919 [grpc-default-executor-0] INFO  impl.RaftServerProxy (RaftServerProxy.java:addNew(89)) - d3ebfba2-1061-4a1b-b9ff-fcd56525b262: addNew group-945A2DDF1451:[d3ebfba2-1061-4a1b-b9ff-fcd56525b262:192.168.151.73:41691] returns group-945A2DDF1451:java.util.concurrent.CompletableFuture@6ea6626a[Not completed]
2019-09-25 12:55:06,921 [pool-47-thread-1] INFO  impl.RaftServerImpl (RaftServerImpl.java:<init>(95)) - d3ebfba2-1061-4a1b-b9ff-fcd56525b262: new RaftServerImpl for group-945A2DDF1451:[d3ebfba2-1061-4a1b-b9ff-fcd56525b262:192.168.151.73:41691] with ContainerStateMachine:uninitialized
2019-09-25 12:55:06,921 [pool-47-thread-1] INFO  server.RaftServerConfigKeys (ConfUtils.java:logGet(43)) - raft.server.rpc.timeout.min = 5s (custom)
2019-09-25 12:55:06,922 [pool-47-thread-1] INFO  server.RaftServerConfigKeys (ConfUtils.java:logGet(43)) - raft.server.rpc.timeout.max = 5200ms (custom)
2019-09-25 12:55:06,922 [pool-47-thread-1] INFO  server.RaftServerConfigKeys (ConfUtils.java:logGet(43)) - raft.server.rpcslowness.timeout = 120s (custom)
2019-09-25 12:55:06,922 [pool-47-thread-1] INFO  server.RaftServerConfigKeys (ConfUtils.java:logGet(43)) - raft.server.sleep.deviation.threshold = 300 (default)
2019-09-25 12:55:06,922 [pool-47-thread-1] INFO  server.RaftServerConfigKeys (ConfUtils.java:logGet(43)) - raft.server.log.appender.install.snapshot.enabled = false (custom)
2019-09-25 12:55:06,922 [pool-47-thread-1] INFO  impl.RaftServerImpl (ServerState.java:<init>(103)) - d3ebfba2-1061-4a1b-b9ff-fcd56525b262@group-945A2DDF1451: ConfigurationManager, init=-1: [d3ebfba2-1061-4a1b-b9ff-fcd56525b262:192.168.151.73:41691], old=null, confs=<EMPTY_MAP>
2019-09-25 12:55:06,923 [pool-47-thread-1] INFO  server.RaftServerConfigKeys (ConfUtils.java:logGet(43)) - raft.server.storage.dir = [/workdir/hadoop-ozone/tools/target/test-dir/MiniOzoneClusterImpl-a69ba920-524d-43f7-a757-bb142e91f929/datanode-2/data/ratis] (custom)
2019-09-25 12:55:06,923 [pool-47-thread-1] INFO  storage.RaftStorageDirectory (RaftStorageDirectory.java:analyzeStorage(246)) - The storage directory /workdir/hadoop-ozone/tools/target/test-dir/MiniOzoneClusterImpl-a69ba920-524d-43f7-a757-bb142e91f929/datanode-2/data/ratis/965bf87a-475d-43fe-984c-945a2ddf1451 does not exist. Creating ...
2019-09-25 12:55:06,946 [pool-47-thread-1] INFO  storage.RaftStorageDirectory (RaftStorageDirectory.java:tryLock(328)) - Lock on /workdir/hadoop-ozone/tools/target/test-dir/MiniOzoneClusterImpl-a69ba920-524d-43f7-a757-bb142e91f929/datanode-2/data/ratis/965bf87a-475d-43fe-984c-945a2ddf1451/in_use.lock acquired by nodename 9027@pr-hdds-1569-shd4m-3693607622
2019-09-25 12:55:06,969 [pool-47-thread-1] INFO  storage.RaftStorage (RaftStorage.java:format(72)) - Storage directory /workdir/hadoop-ozone/tools/target/test-dir/MiniOzoneClusterImpl-a69ba920-524d-43f7-a757-bb142e91f929/datanode-2/data/ratis/965bf87a-475d-43fe-984c-945a2ddf1451 has been successfully formatted.
2019-09-25 12:55:06,970 [pool-47-thread-1] INFO  ratis.ContainerStateMachine (ContainerStateMachine.java:loadSnapshot(230)) - group-945A2DDF1451: The snapshot info is null. Setting the last applied indexto:(t:0, i:~)
2019-09-25 12:55:06,970 [pool-47-thread-1] INFO  server.RaftServerConfigKeys (ConfUtils.java:logGet(43)) - raft.server.notification.no-leader.timeout = 120s (custom)
2019-09-25 12:55:06,970 [pool-47-thread-1] INFO  server.RaftServerConfigKeys (ConfUtils.java:logGet(43)) - raft.server.log.use.memory = false (default)
2019-09-25 12:55:06,972 [pool-47-thread-1] INFO  server.RaftServerConfigKeys (ConfUtils.java:logGet(43)) - raft.server.log.purge.gap = 1000000 (custom)
2019-09-25 12:55:06,972 [pool-47-thread-1] INFO  server.RaftServerConfigKeys (ConfUtils.java:logGet(43)) - raft.server.log.appender.buffer.byte-limit = 33554432 (custom)
2019-09-25 12:55:06,972 [pool-47-thread-1] INFO  server.RaftServerConfigKeys (ConfUtils.java:logGet(43)) - raft.server.log.segment.size.max = 1048576 (custom)
2019-09-25 12:55:06,973 [pool-47-thread-1] INFO  server.RaftServerConfigKeys (ConfUtils.java:logGet(43)) - raft.server.log.segment.cache.num.max = 2 (custom)
2019-09-25 12:55:06,973 [pool-47-thread-1] INFO  segmented.SegmentedRaftLogWorker (SegmentedRaftLogWorker.java:<init>(172)) - new d3ebfba2-1061-4a1b-b9ff-fcd56525b262@group-945A2DDF1451-SegmentedRaftLogWorker for RaftStorage:Storage Directory /workdir/hadoop-ozone/tools/target/test-dir/MiniOzoneClusterImpl-a69ba920-524d-43f7-a757-bb142e91f929/datanode-2/data/ratis/965bf87a-475d-43fe-984c-945a2ddf1451
2019-09-25 12:55:06,973 [pool-47-thread-1] INFO  server.RaftServerConfigKeys (ConfUtils.java:logGet(43)) - raft.server.log.queue.byte-limit = 2147483647 (custom)
2019-09-25 12:55:06,973 [pool-47-thread-1] INFO  server.RaftServerConfigKeys (ConfUtils.java:logGet(43)) - raft.server.log.queue.element-limit = 1024 (custom)
2019-09-25 12:55:06,973 [pool-47-thread-1] INFO  server.RaftServerConfigKeys (ConfUtils.java:logGet(43)) - raft.server.log.segment.size.max = 1048576 (custom)
2019-09-25 12:55:06,974 [pool-47-thread-1] INFO  server.RaftServerConfigKeys (ConfUtils.java:logGet(43)) - raft.server.log.preallocated.size = 16384 (custom)
2019-09-25 12:55:06,974 [pool-47-thread-1] INFO  server.RaftServerConfigKeys (ConfUtils.java:logGet(43)) - raft.server.log.write.buffer.size = 33554432 (custom)
2019-09-25 12:55:06,974 [pool-47-thread-1] INFO  server.RaftServerConfigKeys (ConfUtils.java:logGet(43)) - raft.server.log.force.sync.num = 128 (default)
2019-09-25 12:55:06,974 [pool-47-thread-1] INFO  server.RaftServerConfigKeys (ConfUtils.java:logGet(43)) - raft.server.log.statemachine.data.sync = true (default)
2019-09-25 12:55:06,974 [pool-47-thread-1] INFO  server.RaftServerConfigKeys (ConfUtils.java:logGet(43)) - raft.server.log.statemachine.data.sync.timeout = 10s (default)
2019-09-25 12:55:06,975 [pool-47-thread-1] INFO  server.RaftServerConfigKeys (ConfUtils.java:logGet(43)) - raft.server.log.statemachine.data.sync.timeout.retry = -1 (default)
2019-09-25 12:55:06,975 [pool-47-thread-1] INFO  server.RaftServerConfigKeys (ConfUtils.java:logGet(43)) - raft.server.log.statemachine.data.caching.enabled = true (custom)
2019-09-25 12:55:06,975 [pool-47-thread-1] INFO  segmented.SegmentedRaftLogWorker (SegmentedRaftLogWorker.java:lambda$new$0(132)) - d3ebfba2-1061-4a1b-b9ff-fcd56525b262@group-945A2DDF1451-SegmentedRaftLogWorker: flushIndex: setUnconditionally 0 -> -1
2019-09-25 12:55:06,976 [pool-47-thread-1] INFO  server.RaftServerConfigKeys (ConfUtils.java:logGet(43)) - raft.server.snapshot.auto.trigger.enabled = true (custom)
2019-09-25 12:55:06,976 [pool-47-thread-1] INFO  server.RaftServerConfigKeys (ConfUtils.java:logGet(43)) - raft.server.snapshot.auto.trigger.threshold = 10000 (custom)
2019-09-25 12:55:06,976 [pool-47-thread-1] INFO  server.RaftServerConfigKeys (ConfUtils.java:logGet(43)) - raft.server.snapshot.retention.num.files = 5 (custom)
2019-09-25 12:55:06,976 [pool-47-thread-1] INFO  server.RaftServerConfigKeys (ConfUtils.java:logGet(43)) - raft.server.retrycache.expirytime = 600000ms (custom)
2019-09-25 12:55:06,979 [pool-47-thread-1] INFO  impl.RaftServerImpl (RaftServerImpl.java:start(185)) - d3ebfba2-1061-4a1b-b9ff-fcd56525b262@group-945A2DDF1451: start as a follower, conf=-1: [d3ebfba2-1061-4a1b-b9ff-fcd56525b262:192.168.151.73:41691], old=null
2019-09-25 12:55:06,980 [pool-47-thread-1] INFO  impl.RaftServerImpl (RaftServerImpl.java:setRole(174)) - d3ebfba2-1061-4a1b-b9ff-fcd56525b262@group-945A2DDF1451: changes role from      null to FOLLOWER at term 0 for startAsFollower
2019-09-25 12:55:06,980 [pool-47-thread-1] INFO  impl.RoleInfo (RoleInfo.java:updateAndGet(143)) - d3ebfba2-1061-4a1b-b9ff-fcd56525b262: start FollowerState
2019-09-25 12:55:06,980 [pool-47-thread-1] INFO  util.JmxRegister (JmxRegister.java:tryRegister(44)) - Successfully registered JMX Bean with object name Ratis:service=RaftServer,group=group-945A2DDF1451,id=d3ebfba2-1061-4a1b-b9ff-fcd56525b262
2019-09-25 12:55:06,986 [RatisPipelineUtilsThread] INFO  pipeline.PipelineStateManager (PipelineStateManager.java:addPipeline(56)) - Created pipeline Pipeline[ Id: 965bf87a-475d-43fe-984c-945a2ddf1451, Nodes: d3ebfba2-1061-4a1b-b9ff-fcd56525b262{ip: 192.168.151.73, host: pr-hdds-1569-shd4m-3693607622, networkLocation: /default-rack, certSerialId: null}, Type:RATIS, Factor:ONE, State:OPEN]
2019-09-25 12:55:06,987 [RatisPipelineUtilsThread] INFO  pipeline.PipelinePlacementPolicy (PipelinePlacementPolicy.java:meetCriteria(91)) - Pipeline Placement: can't place more pipeline on heavy datanode： 9ab7590b-dd39-4196-b964-8ab9f907299e Heaviness: 6 limit: 5
2019-09-25 12:55:06,987 [RatisPipelineUtilsThread] INFO  pipeline.PipelinePlacementPolicy (PipelinePlacementPolicy.java:meetCriteria(91)) - Pipeline Placement: can't place more pipeline on heavy datanode： b5f65341-71e3-4bdb-b257-250c7a42131a Heaviness: 6 limit: 5
2019-09-25 12:55:06,998 [grpc-default-executor-0] INFO  impl.RaftServerProxy (RaftServerProxy.java:addNew(89)) - 890a050a-36b3-47fb-a6ed-f900cd3e56cf: addNew group-8D62897A8688:[890a050a-36b3-47fb-a6ed-f900cd3e56cf:192.168.151.73:39049] returns group-8D62897A8688:java.util.concurrent.CompletableFuture@3ee03a07[Not completed]
2019-09-25 12:55:06,999 [pool-37-thread-1] INFO  impl.RaftServerImpl (RaftServerImpl.java:<init>(95)) - 890a050a-36b3-47fb-a6ed-f900cd3e56cf: new RaftServerImpl for group-8D62897A8688:[890a050a-36b3-47fb-a6ed-f900cd3e56cf:192.168.151.73:39049] with ContainerStateMachine:uninitialized
2019-09-25 12:55:06,999 [pool-37-thread-1] INFO  server.RaftServerConfigKeys (ConfUtils.java:logGet(43)) - raft.server.rpc.timeout.min = 5s (custom)
2019-09-25 12:55:07,000 [pool-37-thread-1] INFO  server.RaftServerConfigKeys (ConfUtils.java:logGet(43)) - raft.server.rpc.timeout.max = 5200ms (custom)
2019-09-25 12:55:07,000 [pool-37-thread-1] INFO  server.RaftServerConfigKeys (ConfUtils.java:logGet(43)) - raft.server.rpcslowness.timeout = 120s (custom)
2019-09-25 12:55:07,000 [pool-37-thread-1] INFO  server.RaftServerConfigKeys (ConfUtils.java:logGet(43)) - raft.server.sleep.deviation.threshold = 300 (default)
2019-09-25 12:55:07,000 [pool-37-thread-1] INFO  server.RaftServerConfigKeys (ConfUtils.java:logGet(43)) - raft.server.log.appender.install.snapshot.enabled = false (custom)
2019-09-25 12:55:07,000 [pool-37-thread-1] INFO  impl.RaftServerImpl (ServerState.java:<init>(103)) - 890a050a-36b3-47fb-a6ed-f900cd3e56cf@group-8D62897A8688: ConfigurationManager, init=-1: [890a050a-36b3-47fb-a6ed-f900cd3e56cf:192.168.151.73:39049], old=null, confs=<EMPTY_MAP>
2019-09-25 12:55:07,000 [pool-37-thread-1] INFO  server.RaftServerConfigKeys (ConfUtils.java:logGet(43)) - raft.server.storage.dir = [/workdir/hadoop-ozone/tools/target/test-dir/MiniOzoneClusterImpl-a69ba920-524d-43f7-a757-bb142e91f929/datanode-1/data/ratis] (custom)
2019-09-25 12:55:07,001 [pool-37-thread-1] INFO  storage.RaftStorageDirectory (RaftStorageDirectory.java:analyzeStorage(246)) - The storage directory /workdir/hadoop-ozone/tools/target/test-dir/MiniOzoneClusterImpl-a69ba920-524d-43f7-a757-bb142e91f929/datanode-1/data/ratis/f8d0446c-0332-4b45-b7f0-8d62897a8688 does not exist. Creating ...
2019-09-25 12:55:07,023 [pool-37-thread-1] INFO  storage.RaftStorageDirectory (RaftStorageDirectory.java:tryLock(328)) - Lock on /workdir/hadoop-ozone/tools/target/test-dir/MiniOzoneClusterImpl-a69ba920-524d-43f7-a757-bb142e91f929/datanode-1/data/ratis/f8d0446c-0332-4b45-b7f0-8d62897a8688/in_use.lock acquired by nodename 9027@pr-hdds-1569-shd4m-3693607622
2019-09-25 12:55:07,047 [pool-37-thread-1] INFO  storage.RaftStorage (RaftStorage.java:format(72)) - Storage directory /workdir/hadoop-ozone/tools/target/test-dir/MiniOzoneClusterImpl-a69ba920-524d-43f7-a757-bb142e91f929/datanode-1/data/ratis/f8d0446c-0332-4b45-b7f0-8d62897a8688 has been successfully formatted.
2019-09-25 12:55:07,047 [pool-37-thread-1] INFO  ratis.ContainerStateMachine (ContainerStateMachine.java:loadSnapshot(230)) - group-8D62897A8688: The snapshot info is null. Setting the last applied indexto:(t:0, i:~)
2019-09-25 12:55:07,047 [pool-37-thread-1] INFO  server.RaftServerConfigKeys (ConfUtils.java:logGet(43)) - raft.server.notification.no-leader.timeout = 120s (custom)
2019-09-25 12:55:07,047 [pool-37-thread-1] INFO  server.RaftServerConfigKeys (ConfUtils.java:logGet(43)) - raft.server.log.use.memory = false (default)
2019-09-25 12:55:07,048 [pool-37-thread-1] INFO  server.RaftServerConfigKeys (ConfUtils.java:logGet(43)) - raft.server.log.purge.gap = 1000000 (custom)
2019-09-25 12:55:07,048 [pool-37-thread-1] INFO  server.RaftServerConfigKeys (ConfUtils.java:logGet(43)) - raft.server.log.appender.buffer.byte-limit = 33554432 (custom)
2019-09-25 12:55:07,048 [pool-37-thread-1] INFO  server.RaftServerConfigKeys (ConfUtils.java:logGet(43)) - raft.server.log.segment.size.max = 1048576 (custom)
2019-09-25 12:55:07,048 [pool-37-thread-1] INFO  server.RaftServerConfigKeys (ConfUtils.java:logGet(43)) - raft.server.log.segment.cache.num.max = 2 (custom)
2019-09-25 12:55:07,048 [pool-37-thread-1] INFO  segmented.SegmentedRaftLogWorker (SegmentedRaftLogWorker.java:<init>(172)) - new 890a050a-36b3-47fb-a6ed-f900cd3e56cf@group-8D62897A8688-SegmentedRaftLogWorker for RaftStorage:Storage Directory /workdir/hadoop-ozone/tools/target/test-dir/MiniOzoneClusterImpl-a69ba920-524d-43f7-a757-bb142e91f929/datanode-1/data/ratis/f8d0446c-0332-4b45-b7f0-8d62897a8688
2019-09-25 12:55:07,048 [pool-37-thread-1] INFO  server.RaftServerConfigKeys (ConfUtils.java:logGet(43)) - raft.server.log.queue.byte-limit = 2147483647 (custom)
2019-09-25 12:55:07,048 [pool-37-thread-1] INFO  server.RaftServerConfigKeys (ConfUtils.java:logGet(43)) - raft.server.log.queue.element-limit = 1024 (custom)
2019-09-25 12:55:07,049 [pool-37-thread-1] INFO  server.RaftServerConfigKeys (ConfUtils.java:logGet(43)) - raft.server.log.segment.size.max = 1048576 (custom)
2019-09-25 12:55:07,049 [pool-37-thread-1] INFO  server.RaftServerConfigKeys (ConfUtils.java:logGet(43)) - raft.server.log.preallocated.size = 16384 (custom)
2019-09-25 12:55:07,049 [pool-37-thread-1] INFO  server.RaftServerConfigKeys (ConfUtils.java:logGet(43)) - raft.server.log.write.buffer.size = 33554432 (custom)
2019-09-25 12:55:07,049 [pool-37-thread-1] INFO  server.RaftServerConfigKeys (ConfUtils.java:logGet(43)) - raft.server.log.force.sync.num = 128 (default)
2019-09-25 12:55:07,049 [pool-37-thread-1] INFO  server.RaftServerConfigKeys (ConfUtils.java:logGet(43)) - raft.server.log.statemachine.data.sync = true (default)
2019-09-25 12:55:07,049 [pool-37-thread-1] INFO  server.RaftServerConfigKeys (ConfUtils.java:logGet(43)) - raft.server.log.statemachine.data.sync.timeout = 10s (default)
2019-09-25 12:55:07,049 [pool-37-thread-1] INFO  server.RaftServerConfigKeys (ConfUtils.java:logGet(43)) - raft.server.log.statemachine.data.sync.timeout.retry = -1 (default)
2019-09-25 12:55:07,049 [pool-37-thread-1] INFO  server.RaftServerConfigKeys (ConfUtils.java:logGet(43)) - raft.server.log.statemachine.data.caching.enabled = true (custom)
2019-09-25 12:55:07,050 [pool-37-thread-1] INFO  segmented.SegmentedRaftLogWorker (SegmentedRaftLogWorker.java:lambda$new$0(132)) - 890a050a-36b3-47fb-a6ed-f900cd3e56cf@group-8D62897A8688-SegmentedRaftLogWorker: flushIndex: setUnconditionally 0 -> -1
2019-09-25 12:55:07,050 [pool-37-thread-1] INFO  server.RaftServerConfigKeys (ConfUtils.java:logGet(43)) - raft.server.snapshot.auto.trigger.enabled = true (custom)
2019-09-25 12:55:07,050 [pool-37-thread-1] INFO  server.RaftServerConfigKeys (ConfUtils.java:logGet(43)) - raft.server.snapshot.auto.trigger.threshold = 10000 (custom)
2019-09-25 12:55:07,050 [pool-37-thread-1] INFO  server.RaftServerConfigKeys (ConfUtils.java:logGet(43)) - raft.server.snapshot.retention.num.files = 5 (custom)
2019-09-25 12:55:07,050 [pool-37-thread-1] INFO  server.RaftServerConfigKeys (ConfUtils.java:logGet(43)) - raft.server.retrycache.expirytime = 600000ms (custom)
2019-09-25 12:55:07,053 [pool-37-thread-1] INFO  impl.RaftServerImpl (RaftServerImpl.java:start(185)) - 890a050a-36b3-47fb-a6ed-f900cd3e56cf@group-8D62897A8688: start as a follower, conf=-1: [890a050a-36b3-47fb-a6ed-f900cd3e56cf:192.168.151.73:39049], old=null
2019-09-25 12:55:07,053 [pool-37-thread-1] INFO  impl.RaftServerImpl (RaftServerImpl.java:setRole(174)) - 890a050a-36b3-47fb-a6ed-f900cd3e56cf@group-8D62897A8688: changes role from      null to FOLLOWER at term 0 for startAsFollower
2019-09-25 12:55:07,053 [pool-37-thread-1] INFO  impl.RoleInfo (RoleInfo.java:updateAndGet(143)) - 890a050a-36b3-47fb-a6ed-f900cd3e56cf: start FollowerState
2019-09-25 12:55:07,053 [pool-37-thread-1] INFO  util.JmxRegister (JmxRegister.java:tryRegister(44)) - Successfully registered JMX Bean with object name Ratis:service=RaftServer,group=group-8D62897A8688,id=890a050a-36b3-47fb-a6ed-f900cd3e56cf
2019-09-25 12:55:07,059 [RatisPipelineUtilsThread] INFO  pipeline.PipelineStateManager (PipelineStateManager.java:addPipeline(56)) - Created pipeline Pipeline[ Id: f8d0446c-0332-4b45-b7f0-8d62897a8688, Nodes: 890a050a-36b3-47fb-a6ed-f900cd3e56cf{ip: 192.168.151.73, host: pr-hdds-1569-shd4m-3693607622, networkLocation: /default-rack, certSerialId: null}, Type:RATIS, Factor:ONE, State:OPEN]
2019-09-25 12:55:07,059 [RatisPipelineUtilsThread] INFO  pipeline.PipelinePlacementPolicy (PipelinePlacementPolicy.java:meetCriteria(91)) - Pipeline Placement: can't place more pipeline on heavy datanode： 890a050a-36b3-47fb-a6ed-f900cd3e56cf Heaviness: 6 limit: 5
2019-09-25 12:55:07,059 [RatisPipelineUtilsThread] INFO  pipeline.PipelinePlacementPolicy (PipelinePlacementPolicy.java:meetCriteria(91)) - Pipeline Placement: can't place more pipeline on heavy datanode： 9ab7590b-dd39-4196-b964-8ab9f907299e Heaviness: 6 limit: 5
2019-09-25 12:55:07,060 [RatisPipelineUtilsThread] INFO  pipeline.PipelinePlacementPolicy (PipelinePlacementPolicy.java:meetCriteria(91)) - Pipeline Placement: can't place more pipeline on heavy datanode： b5f65341-71e3-4bdb-b257-250c7a42131a Heaviness: 6 limit: 5
2019-09-25 12:55:07,070 [grpc-default-executor-0] INFO  impl.RaftServerProxy (RaftServerProxy.java:addNew(89)) - d3ebfba2-1061-4a1b-b9ff-fcd56525b262: addNew group-DE7C2BC3CF5C:[d3ebfba2-1061-4a1b-b9ff-fcd56525b262:192.168.151.73:41691] returns group-DE7C2BC3CF5C:java.util.concurrent.CompletableFuture@4356b7a5[Not completed]
2019-09-25 12:55:07,072 [pool-47-thread-1] INFO  impl.RaftServerImpl (RaftServerImpl.java:<init>(95)) - d3ebfba2-1061-4a1b-b9ff-fcd56525b262: new RaftServerImpl for group-DE7C2BC3CF5C:[d3ebfba2-1061-4a1b-b9ff-fcd56525b262:192.168.151.73:41691] with ContainerStateMachine:uninitialized
2019-09-25 12:55:07,072 [pool-47-thread-1] INFO  server.RaftServerConfigKeys (ConfUtils.java:logGet(43)) - raft.server.rpc.timeout.min = 5s (custom)
2019-09-25 12:55:07,072 [pool-47-thread-1] INFO  server.RaftServerConfigKeys (ConfUtils.java:logGet(43)) - raft.server.rpc.timeout.max = 5200ms (custom)
2019-09-25 12:55:07,073 [pool-47-thread-1] INFO  server.RaftServerConfigKeys (ConfUtils.java:logGet(43)) - raft.server.rpcslowness.timeout = 120s (custom)
2019-09-25 12:55:07,073 [pool-47-thread-1] INFO  server.RaftServerConfigKeys (ConfUtils.java:logGet(43)) - raft.server.sleep.deviation.threshold = 300 (default)
2019-09-25 12:55:07,073 [pool-47-thread-1] INFO  server.RaftServerConfigKeys (ConfUtils.java:logGet(43)) - raft.server.log.appender.install.snapshot.enabled = false (custom)
2019-09-25 12:55:07,073 [pool-47-thread-1] INFO  impl.RaftServerImpl (ServerState.java:<init>(103)) - d3ebfba2-1061-4a1b-b9ff-fcd56525b262@group-DE7C2BC3CF5C: ConfigurationManager, init=-1: [d3ebfba2-1061-4a1b-b9ff-fcd56525b262:192.168.151.73:41691], old=null, confs=<EMPTY_MAP>
2019-09-25 12:55:07,073 [pool-47-thread-1] INFO  server.RaftServerConfigKeys (ConfUtils.java:logGet(43)) - raft.server.storage.dir = [/workdir/hadoop-ozone/tools/target/test-dir/MiniOzoneClusterImpl-a69ba920-524d-43f7-a757-bb142e91f929/datanode-2/data/ratis] (custom)
2019-09-25 12:55:07,074 [pool-47-thread-1] INFO  storage.RaftStorageDirectory (RaftStorageDirectory.java:analyzeStorage(246)) - The storage directory /workdir/hadoop-ozone/tools/target/test-dir/MiniOzoneClusterImpl-a69ba920-524d-43f7-a757-bb142e91f929/datanode-2/data/ratis/3f41f96d-9a85-4378-bd7f-de7c2bc3cf5c does not exist. Creating ...
2019-09-25 12:55:07,097 [pool-47-thread-1] INFO  storage.RaftStorageDirectory (RaftStorageDirectory.java:tryLock(328)) - Lock on /workdir/hadoop-ozone/tools/target/test-dir/MiniOzoneClusterImpl-a69ba920-524d-43f7-a757-bb142e91f929/datanode-2/data/ratis/3f41f96d-9a85-4378-bd7f-de7c2bc3cf5c/in_use.lock acquired by nodename 9027@pr-hdds-1569-shd4m-3693607622
2019-09-25 12:55:07,120 [pool-47-thread-1] INFO  storage.RaftStorage (RaftStorage.java:format(72)) - Storage directory /workdir/hadoop-ozone/tools/target/test-dir/MiniOzoneClusterImpl-a69ba920-524d-43f7-a757-bb142e91f929/datanode-2/data/ratis/3f41f96d-9a85-4378-bd7f-de7c2bc3cf5c has been successfully formatted.
2019-09-25 12:55:07,120 [pool-47-thread-1] INFO  ratis.ContainerStateMachine (ContainerStateMachine.java:loadSnapshot(230)) - group-DE7C2BC3CF5C: The snapshot info is null. Setting the last applied indexto:(t:0, i:~)
2019-09-25 12:55:07,120 [pool-47-thread-1] INFO  server.RaftServerConfigKeys (ConfUtils.java:logGet(43)) - raft.server.notification.no-leader.timeout = 120s (custom)
2019-09-25 12:55:07,120 [pool-47-thread-1] INFO  server.RaftServerConfigKeys (ConfUtils.java:logGet(43)) - raft.server.log.use.memory = false (default)
2019-09-25 12:55:07,121 [pool-47-thread-1] INFO  server.RaftServerConfigKeys (ConfUtils.java:logGet(43)) - raft.server.log.purge.gap = 1000000 (custom)
2019-09-25 12:55:07,121 [pool-47-thread-1] INFO  server.RaftServerConfigKeys (ConfUtils.java:logGet(43)) - raft.server.log.appender.buffer.byte-limit = 33554432 (custom)
2019-09-25 12:55:07,121 [pool-47-thread-1] INFO  server.RaftServerConfigKeys (ConfUtils.java:logGet(43)) - raft.server.log.segment.size.max = 1048576 (custom)
2019-09-25 12:55:07,121 [pool-47-thread-1] INFO  server.RaftServerConfigKeys (ConfUtils.java:logGet(43)) - raft.server.log.segment.cache.num.max = 2 (custom)
2019-09-25 12:55:07,121 [pool-47-thread-1] INFO  segmented.SegmentedRaftLogWorker (SegmentedRaftLogWorker.java:<init>(172)) - new d3ebfba2-1061-4a1b-b9ff-fcd56525b262@group-DE7C2BC3CF5C-SegmentedRaftLogWorker for RaftStorage:Storage Directory /workdir/hadoop-ozone/tools/target/test-dir/MiniOzoneClusterImpl-a69ba920-524d-43f7-a757-bb142e91f929/datanode-2/data/ratis/3f41f96d-9a85-4378-bd7f-de7c2bc3cf5c
2019-09-25 12:55:07,122 [pool-47-thread-1] INFO  server.RaftServerConfigKeys (ConfUtils.java:logGet(43)) - raft.server.log.queue.byte-limit = 2147483647 (custom)
2019-09-25 12:55:07,122 [pool-47-thread-1] INFO  server.RaftServerConfigKeys (ConfUtils.java:logGet(43)) - raft.server.log.queue.element-limit = 1024 (custom)
2019-09-25 12:55:07,122 [pool-47-thread-1] INFO  server.RaftServerConfigKeys (ConfUtils.java:logGet(43)) - raft.server.log.segment.size.max = 1048576 (custom)
2019-09-25 12:55:07,122 [pool-47-thread-1] INFO  server.RaftServerConfigKeys (ConfUtils.java:logGet(43)) - raft.server.log.preallocated.size = 16384 (custom)
2019-09-25 12:55:07,122 [pool-47-thread-1] INFO  server.RaftServerConfigKeys (ConfUtils.java:logGet(43)) - raft.server.log.write.buffer.size = 33554432 (custom)
2019-09-25 12:55:07,123 [pool-47-thread-1] INFO  server.RaftServerConfigKeys (ConfUtils.java:logGet(43)) - raft.server.log.force.sync.num = 128 (default)
2019-09-25 12:55:07,123 [pool-47-thread-1] INFO  server.RaftServerConfigKeys (ConfUtils.java:logGet(43)) - raft.server.log.statemachine.data.sync = true (default)
2019-09-25 12:55:07,123 [pool-47-thread-1] INFO  server.RaftServerConfigKeys (ConfUtils.java:logGet(43)) - raft.server.log.statemachine.data.sync.timeout = 10s (default)
2019-09-25 12:55:07,123 [pool-47-thread-1] INFO  server.RaftServerConfigKeys (ConfUtils.java:logGet(43)) - raft.server.log.statemachine.data.sync.timeout.retry = -1 (default)
2019-09-25 12:55:07,123 [pool-47-thread-1] INFO  server.RaftServerConfigKeys (ConfUtils.java:logGet(43)) - raft.server.log.statemachine.data.caching.enabled = true (custom)
2019-09-25 12:55:07,124 [pool-47-thread-1] INFO  segmented.SegmentedRaftLogWorker (SegmentedRaftLogWorker.java:lambda$new$0(132)) - d3ebfba2-1061-4a1b-b9ff-fcd56525b262@group-DE7C2BC3CF5C-SegmentedRaftLogWorker: flushIndex: setUnconditionally 0 -> -1
2019-09-25 12:55:07,124 [pool-47-thread-1] INFO  server.RaftServerConfigKeys (ConfUtils.java:logGet(43)) - raft.server.snapshot.auto.trigger.enabled = true (custom)
2019-09-25 12:55:07,124 [pool-47-thread-1] INFO  server.RaftServerConfigKeys (ConfUtils.java:logGet(43)) - raft.server.snapshot.auto.trigger.threshold = 10000 (custom)
2019-09-25 12:55:07,125 [pool-47-thread-1] INFO  server.RaftServerConfigKeys (ConfUtils.java:logGet(43)) - raft.server.snapshot.retention.num.files = 5 (custom)
2019-09-25 12:55:07,125 [pool-47-thread-1] INFO  server.RaftServerConfigKeys (ConfUtils.java:logGet(43)) - raft.server.retrycache.expirytime = 600000ms (custom)
2019-09-25 12:55:07,128 [pool-47-thread-1] INFO  impl.RaftServerImpl (RaftServerImpl.java:start(185)) - d3ebfba2-1061-4a1b-b9ff-fcd56525b262@group-DE7C2BC3CF5C: start as a follower, conf=-1: [d3ebfba2-1061-4a1b-b9ff-fcd56525b262:192.168.151.73:41691], old=null
2019-09-25 12:55:07,128 [pool-47-thread-1] INFO  impl.RaftServerImpl (RaftServerImpl.java:setRole(174)) - d3ebfba2-1061-4a1b-b9ff-fcd56525b262@group-DE7C2BC3CF5C: changes role from      null to FOLLOWER at term 0 for startAsFollower
2019-09-25 12:55:07,129 [pool-47-thread-1] INFO  impl.RoleInfo (RoleInfo.java:updateAndGet(143)) - d3ebfba2-1061-4a1b-b9ff-fcd56525b262: start FollowerState
2019-09-25 12:55:07,129 [pool-47-thread-1] INFO  util.JmxRegister (JmxRegister.java:tryRegister(44)) - Successfully registered JMX Bean with object name Ratis:service=RaftServer,group=group-DE7C2BC3CF5C,id=d3ebfba2-1061-4a1b-b9ff-fcd56525b262
2019-09-25 12:55:07,135 [RatisPipelineUtilsThread] INFO  pipeline.PipelineStateManager (PipelineStateManager.java:addPipeline(56)) - Created pipeline Pipeline[ Id: 3f41f96d-9a85-4378-bd7f-de7c2bc3cf5c, Nodes: d3ebfba2-1061-4a1b-b9ff-fcd56525b262{ip: 192.168.151.73, host: pr-hdds-1569-shd4m-3693607622, networkLocation: /default-rack, certSerialId: null}, Type:RATIS, Factor:ONE, State:OPEN]
2019-09-25 12:55:07,136 [RatisPipelineUtilsThread] INFO  pipeline.PipelinePlacementPolicy (PipelinePlacementPolicy.java:meetCriteria(91)) - Pipeline Placement: can't place more pipeline on heavy datanode： 890a050a-36b3-47fb-a6ed-f900cd3e56cf Heaviness: 6 limit: 5
2019-09-25 12:55:07,136 [RatisPipelineUtilsThread] INFO  pipeline.PipelinePlacementPolicy (PipelinePlacementPolicy.java:meetCriteria(91)) - Pipeline Placement: can't place more pipeline on heavy datanode： 9ab7590b-dd39-4196-b964-8ab9f907299e Heaviness: 6 limit: 5
2019-09-25 12:55:07,136 [RatisPipelineUtilsThread] INFO  pipeline.PipelinePlacementPolicy (PipelinePlacementPolicy.java:meetCriteria(91)) - Pipeline Placement: can't place more pipeline on heavy datanode： b5f65341-71e3-4bdb-b257-250c7a42131a Heaviness: 6 limit: 5
2019-09-25 12:55:07,156 [grpc-default-executor-0] INFO  impl.RaftServerProxy (RaftServerProxy.java:addNew(89)) - 5c86796b-6b73-4de6-91b0-1a3ae4d4f66e: addNew group-C09F54800192:[5c86796b-6b73-4de6-91b0-1a3ae4d4f66e:192.168.151.73:42606] returns group-C09F54800192:java.util.concurrent.CompletableFuture@477819bf[Not completed]
2019-09-25 12:55:07,157 [pool-27-thread-1] INFO  impl.RaftServerImpl (RaftServerImpl.java:<init>(95)) - 5c86796b-6b73-4de6-91b0-1a3ae4d4f66e: new RaftServerImpl for group-C09F54800192:[5c86796b-6b73-4de6-91b0-1a3ae4d4f66e:192.168.151.73:42606] with ContainerStateMachine:uninitialized
2019-09-25 12:55:07,158 [pool-27-thread-1] INFO  server.RaftServerConfigKeys (ConfUtils.java:logGet(43)) - raft.server.rpc.timeout.min = 5s (custom)
2019-09-25 12:55:07,159 [pool-27-thread-1] INFO  server.RaftServerConfigKeys (ConfUtils.java:logGet(43)) - raft.server.rpc.timeout.max = 5200ms (custom)
2019-09-25 12:55:07,160 [pool-27-thread-1] INFO  server.RaftServerConfigKeys (ConfUtils.java:logGet(43)) - raft.server.rpcslowness.timeout = 120s (custom)
2019-09-25 12:55:07,160 [pool-27-thread-1] INFO  server.RaftServerConfigKeys (ConfUtils.java:logGet(43)) - raft.server.sleep.deviation.threshold = 300 (default)
2019-09-25 12:55:07,160 [pool-27-thread-1] INFO  server.RaftServerConfigKeys (ConfUtils.java:logGet(43)) - raft.server.log.appender.install.snapshot.enabled = false (custom)
2019-09-25 12:55:07,160 [pool-27-thread-1] INFO  impl.RaftServerImpl (ServerState.java:<init>(103)) - 5c86796b-6b73-4de6-91b0-1a3ae4d4f66e@group-C09F54800192: ConfigurationManager, init=-1: [5c86796b-6b73-4de6-91b0-1a3ae4d4f66e:192.168.151.73:42606], old=null, confs=<EMPTY_MAP>
2019-09-25 12:55:07,160 [pool-27-thread-1] INFO  server.RaftServerConfigKeys (ConfUtils.java:logGet(43)) - raft.server.storage.dir = [/workdir/hadoop-ozone/tools/target/test-dir/MiniOzoneClusterImpl-a69ba920-524d-43f7-a757-bb142e91f929/datanode-0/data/ratis] (custom)
2019-09-25 12:55:07,161 [pool-27-thread-1] INFO  storage.RaftStorageDirectory (RaftStorageDirectory.java:analyzeStorage(246)) - The storage directory /workdir/hadoop-ozone/tools/target/test-dir/MiniOzoneClusterImpl-a69ba920-524d-43f7-a757-bb142e91f929/datanode-0/data/ratis/c111c90f-e6f0-4310-be47-c09f54800192 does not exist. Creating ...
2019-09-25 12:55:07,192 [pool-27-thread-1] INFO  storage.RaftStorageDirectory (RaftStorageDirectory.java:tryLock(328)) - Lock on /workdir/hadoop-ozone/tools/target/test-dir/MiniOzoneClusterImpl-a69ba920-524d-43f7-a757-bb142e91f929/datanode-0/data/ratis/c111c90f-e6f0-4310-be47-c09f54800192/in_use.lock acquired by nodename 9027@pr-hdds-1569-shd4m-3693607622
2019-09-25 12:55:07,218 [pool-27-thread-1] INFO  storage.RaftStorage (RaftStorage.java:format(72)) - Storage directory /workdir/hadoop-ozone/tools/target/test-dir/MiniOzoneClusterImpl-a69ba920-524d-43f7-a757-bb142e91f929/datanode-0/data/ratis/c111c90f-e6f0-4310-be47-c09f54800192 has been successfully formatted.
2019-09-25 12:55:07,218 [pool-27-thread-1] INFO  ratis.ContainerStateMachine (ContainerStateMachine.java:loadSnapshot(230)) - group-C09F54800192: The snapshot info is null. Setting the last applied indexto:(t:0, i:~)
2019-09-25 12:55:07,218 [pool-27-thread-1] INFO  server.RaftServerConfigKeys (ConfUtils.java:logGet(43)) - raft.server.notification.no-leader.timeout = 120s (custom)
2019-09-25 12:55:07,218 [pool-27-thread-1] INFO  server.RaftServerConfigKeys (ConfUtils.java:logGet(43)) - raft.server.log.use.memory = false (default)
2019-09-25 12:55:07,219 [pool-27-thread-1] INFO  server.RaftServerConfigKeys (ConfUtils.java:logGet(43)) - raft.server.log.purge.gap = 1000000 (custom)
2019-09-25 12:55:07,219 [pool-27-thread-1] INFO  server.RaftServerConfigKeys (ConfUtils.java:logGet(43)) - raft.server.log.appender.buffer.byte-limit = 33554432 (custom)
2019-09-25 12:55:07,219 [pool-27-thread-1] INFO  server.RaftServerConfigKeys (ConfUtils.java:logGet(43)) - raft.server.log.segment.size.max = 1048576 (custom)
2019-09-25 12:55:07,219 [pool-27-thread-1] INFO  server.RaftServerConfigKeys (ConfUtils.java:logGet(43)) - raft.server.log.segment.cache.num.max = 2 (custom)
2019-09-25 12:55:07,219 [pool-27-thread-1] INFO  segmented.SegmentedRaftLogWorker (SegmentedRaftLogWorker.java:<init>(172)) - new 5c86796b-6b73-4de6-91b0-1a3ae4d4f66e@group-C09F54800192-SegmentedRaftLogWorker for RaftStorage:Storage Directory /workdir/hadoop-ozone/tools/target/test-dir/MiniOzoneClusterImpl-a69ba920-524d-43f7-a757-bb142e91f929/datanode-0/data/ratis/c111c90f-e6f0-4310-be47-c09f54800192
2019-09-25 12:55:07,220 [pool-27-thread-1] INFO  server.RaftServerConfigKeys (ConfUtils.java:logGet(43)) - raft.server.log.queue.byte-limit = 2147483647 (custom)
2019-09-25 12:55:07,220 [pool-27-thread-1] INFO  server.RaftServerConfigKeys (ConfUtils.java:logGet(43)) - raft.server.log.queue.element-limit = 1024 (custom)
2019-09-25 12:55:07,220 [pool-27-thread-1] INFO  server.RaftServerConfigKeys (ConfUtils.java:logGet(43)) - raft.server.log.segment.size.max = 1048576 (custom)
2019-09-25 12:55:07,220 [pool-27-thread-1] INFO  server.RaftServerConfigKeys (ConfUtils.java:logGet(43)) - raft.server.log.preallocated.size = 16384 (custom)
2019-09-25 12:55:07,220 [pool-27-thread-1] INFO  server.RaftServerConfigKeys (ConfUtils.java:logGet(43)) - raft.server.log.write.buffer.size = 33554432 (custom)
2019-09-25 12:55:07,220 [pool-27-thread-1] INFO  server.RaftServerConfigKeys (ConfUtils.java:logGet(43)) - raft.server.log.force.sync.num = 128 (default)
2019-09-25 12:55:07,221 [pool-27-thread-1] INFO  server.RaftServerConfigKeys (ConfUtils.java:logGet(43)) - raft.server.log.statemachine.data.sync = true (default)
2019-09-25 12:55:07,221 [pool-27-thread-1] INFO  server.RaftServerConfigKeys (ConfUtils.java:logGet(43)) - raft.server.log.statemachine.data.sync.timeout = 10s (default)
2019-09-25 12:55:07,221 [pool-27-thread-1] INFO  server.RaftServerConfigKeys (ConfUtils.java:logGet(43)) - raft.server.log.statemachine.data.sync.timeout.retry = -1 (default)
2019-09-25 12:55:07,221 [pool-27-thread-1] INFO  server.RaftServerConfigKeys (ConfUtils.java:logGet(43)) - raft.server.log.statemachine.data.caching.enabled = true (custom)
2019-09-25 12:55:07,222 [pool-27-thread-1] INFO  segmented.SegmentedRaftLogWorker (SegmentedRaftLogWorker.java:lambda$new$0(132)) - 5c86796b-6b73-4de6-91b0-1a3ae4d4f66e@group-C09F54800192-SegmentedRaftLogWorker: flushIndex: setUnconditionally 0 -> -1
2019-09-25 12:55:07,222 [pool-27-thread-1] INFO  server.RaftServerConfigKeys (ConfUtils.java:logGet(43)) - raft.server.snapshot.auto.trigger.enabled = true (custom)
2019-09-25 12:55:07,222 [pool-27-thread-1] INFO  server.RaftServerConfigKeys (ConfUtils.java:logGet(43)) - raft.server.snapshot.auto.trigger.threshold = 10000 (custom)
2019-09-25 12:55:07,223 [pool-27-thread-1] INFO  server.RaftServerConfigKeys (ConfUtils.java:logGet(43)) - raft.server.snapshot.retention.num.files = 5 (custom)
2019-09-25 12:55:07,223 [pool-27-thread-1] INFO  server.RaftServerConfigKeys (ConfUtils.java:logGet(43)) - raft.server.retrycache.expirytime = 600000ms (custom)
2019-09-25 12:55:07,226 [pool-27-thread-1] INFO  impl.RaftServerImpl (RaftServerImpl.java:start(185)) - 5c86796b-6b73-4de6-91b0-1a3ae4d4f66e@group-C09F54800192: start as a follower, conf=-1: [5c86796b-6b73-4de6-91b0-1a3ae4d4f66e:192.168.151.73:42606], old=null
2019-09-25 12:55:07,226 [pool-27-thread-1] INFO  impl.RaftServerImpl (RaftServerImpl.java:setRole(174)) - 5c86796b-6b73-4de6-91b0-1a3ae4d4f66e@group-C09F54800192: changes role from      null to FOLLOWER at term 0 for startAsFollower
2019-09-25 12:55:07,227 [pool-27-thread-1] INFO  impl.RoleInfo (RoleInfo.java:updateAndGet(143)) - 5c86796b-6b73-4de6-91b0-1a3ae4d4f66e: start FollowerState
2019-09-25 12:55:07,227 [pool-27-thread-1] INFO  util.JmxRegister (JmxRegister.java:tryRegister(44)) - Successfully registered JMX Bean with object name Ratis:service=RaftServer,group=group-C09F54800192,id=5c86796b-6b73-4de6-91b0-1a3ae4d4f66e
2019-09-25 12:55:07,233 [RatisPipelineUtilsThread] INFO  pipeline.PipelineStateManager (PipelineStateManager.java:addPipeline(56)) - Created pipeline Pipeline[ Id: c111c90f-e6f0-4310-be47-c09f54800192, Nodes: 5c86796b-6b73-4de6-91b0-1a3ae4d4f66e{ip: 192.168.151.73, host: pr-hdds-1569-shd4m-3693607622, networkLocation: /default-rack, certSerialId: null}, Type:RATIS, Factor:ONE, State:OPEN]
2019-09-25 12:55:07,234 [RatisPipelineUtilsThread] INFO  pipeline.PipelinePlacementPolicy (PipelinePlacementPolicy.java:meetCriteria(91)) - Pipeline Placement: can't place more pipeline on heavy datanode： 890a050a-36b3-47fb-a6ed-f900cd3e56cf Heaviness: 6 limit: 5
2019-09-25 12:55:07,234 [RatisPipelineUtilsThread] INFO  pipeline.PipelinePlacementPolicy (PipelinePlacementPolicy.java:meetCriteria(91)) - Pipeline Placement: can't place more pipeline on heavy datanode： 9ab7590b-dd39-4196-b964-8ab9f907299e Heaviness: 6 limit: 5
2019-09-25 12:55:07,234 [RatisPipelineUtilsThread] INFO  pipeline.PipelinePlacementPolicy (PipelinePlacementPolicy.java:meetCriteria(91)) - Pipeline Placement: can't place more pipeline on heavy datanode： b5f65341-71e3-4bdb-b257-250c7a42131a Heaviness: 6 limit: 5
2019-09-25 12:55:07,248 [grpc-default-executor-0] INFO  impl.RaftServerProxy (RaftServerProxy.java:addNew(89)) - d3ebfba2-1061-4a1b-b9ff-fcd56525b262: addNew group-CD9478E3DAE1:[d3ebfba2-1061-4a1b-b9ff-fcd56525b262:192.168.151.73:41691] returns group-CD9478E3DAE1:java.util.concurrent.CompletableFuture@5e2db425[Not completed]
2019-09-25 12:55:07,250 [pool-47-thread-1] INFO  impl.RaftServerImpl (RaftServerImpl.java:<init>(95)) - d3ebfba2-1061-4a1b-b9ff-fcd56525b262: new RaftServerImpl for group-CD9478E3DAE1:[d3ebfba2-1061-4a1b-b9ff-fcd56525b262:192.168.151.73:41691] with ContainerStateMachine:uninitialized
2019-09-25 12:55:07,250 [pool-47-thread-1] INFO  server.RaftServerConfigKeys (ConfUtils.java:logGet(43)) - raft.server.rpc.timeout.min = 5s (custom)
2019-09-25 12:55:07,250 [pool-47-thread-1] INFO  server.RaftServerConfigKeys (ConfUtils.java:logGet(43)) - raft.server.rpc.timeout.max = 5200ms (custom)
2019-09-25 12:55:07,250 [pool-47-thread-1] INFO  server.RaftServerConfigKeys (ConfUtils.java:logGet(43)) - raft.server.rpcslowness.timeout = 120s (custom)
2019-09-25 12:55:07,250 [pool-47-thread-1] INFO  server.RaftServerConfigKeys (ConfUtils.java:logGet(43)) - raft.server.sleep.deviation.threshold = 300 (default)
2019-09-25 12:55:07,251 [pool-47-thread-1] INFO  server.RaftServerConfigKeys (ConfUtils.java:logGet(43)) - raft.server.log.appender.install.snapshot.enabled = false (custom)
2019-09-25 12:55:07,251 [pool-47-thread-1] INFO  impl.RaftServerImpl (ServerState.java:<init>(103)) - d3ebfba2-1061-4a1b-b9ff-fcd56525b262@group-CD9478E3DAE1: ConfigurationManager, init=-1: [d3ebfba2-1061-4a1b-b9ff-fcd56525b262:192.168.151.73:41691], old=null, confs=<EMPTY_MAP>
2019-09-25 12:55:07,251 [pool-47-thread-1] INFO  server.RaftServerConfigKeys (ConfUtils.java:logGet(43)) - raft.server.storage.dir = [/workdir/hadoop-ozone/tools/target/test-dir/MiniOzoneClusterImpl-a69ba920-524d-43f7-a757-bb142e91f929/datanode-2/data/ratis] (custom)
2019-09-25 12:55:07,251 [pool-47-thread-1] INFO  storage.RaftStorageDirectory (RaftStorageDirectory.java:analyzeStorage(246)) - The storage directory /workdir/hadoop-ozone/tools/target/test-dir/MiniOzoneClusterImpl-a69ba920-524d-43f7-a757-bb142e91f929/datanode-2/data/ratis/f92c0a0a-07c1-4f8d-9550-cd9478e3dae1 does not exist. Creating ...
 0.00% |█                                                                                                    |  0/1 Time: 0:00:022019-09-25 12:55:07,276 [pool-47-thread-1] INFO  storage.RaftStorageDirectory (RaftStorageDirectory.java:tryLock(328)) - Lock on /workdir/hadoop-ozone/tools/target/test-dir/MiniOzoneClusterImpl-a69ba920-524d-43f7-a757-bb142e91f929/datanode-2/data/ratis/f92c0a0a-07c1-4f8d-9550-cd9478e3dae1/in_use.lock acquired by nodename 9027@pr-hdds-1569-shd4m-3693607622
2019-09-25 12:55:07,302 [pool-47-thread-1] INFO  storage.RaftStorage (RaftStorage.java:format(72)) - Storage directory /workdir/hadoop-ozone/tools/target/test-dir/MiniOzoneClusterImpl-a69ba920-524d-43f7-a757-bb142e91f929/datanode-2/data/ratis/f92c0a0a-07c1-4f8d-9550-cd9478e3dae1 has been successfully formatted.
2019-09-25 12:55:07,302 [pool-47-thread-1] INFO  ratis.ContainerStateMachine (ContainerStateMachine.java:loadSnapshot(230)) - group-CD9478E3DAE1: The snapshot info is null. Setting the last applied indexto:(t:0, i:~)
2019-09-25 12:55:07,302 [pool-47-thread-1] INFO  server.RaftServerConfigKeys (ConfUtils.java:logGet(43)) - raft.server.notification.no-leader.timeout = 120s (custom)
2019-09-25 12:55:07,302 [pool-47-thread-1] INFO  server.RaftServerConfigKeys (ConfUtils.java:logGet(43)) - raft.server.log.use.memory = false (default)
2019-09-25 12:55:07,303 [pool-47-thread-1] INFO  server.RaftServerConfigKeys (ConfUtils.java:logGet(43)) - raft.server.log.purge.gap = 1000000 (custom)
2019-09-25 12:55:07,303 [pool-47-thread-1] INFO  server.RaftServerConfigKeys (ConfUtils.java:logGet(43)) - raft.server.log.appender.buffer.byte-limit = 33554432 (custom)
2019-09-25 12:55:07,303 [pool-47-thread-1] INFO  server.RaftServerConfigKeys (ConfUtils.java:logGet(43)) - raft.server.log.segment.size.max = 1048576 (custom)
2019-09-25 12:55:07,303 [pool-47-thread-1] INFO  server.RaftServerConfigKeys (ConfUtils.java:logGet(43)) - raft.server.log.segment.cache.num.max = 2 (custom)
2019-09-25 12:55:07,303 [pool-47-thread-1] INFO  segmented.SegmentedRaftLogWorker (SegmentedRaftLogWorker.java:<init>(172)) - new d3ebfba2-1061-4a1b-b9ff-fcd56525b262@group-CD9478E3DAE1-SegmentedRaftLogWorker for RaftStorage:Storage Directory /workdir/hadoop-ozone/tools/target/test-dir/MiniOzoneClusterImpl-a69ba920-524d-43f7-a757-bb142e91f929/datanode-2/data/ratis/f92c0a0a-07c1-4f8d-9550-cd9478e3dae1
2019-09-25 12:55:07,304 [pool-47-thread-1] INFO  server.RaftServerConfigKeys (ConfUtils.java:logGet(43)) - raft.server.log.queue.byte-limit = 2147483647 (custom)
2019-09-25 12:55:07,304 [pool-47-thread-1] INFO  server.RaftServerConfigKeys (ConfUtils.java:logGet(43)) - raft.server.log.queue.element-limit = 1024 (custom)
2019-09-25 12:55:07,304 [pool-47-thread-1] INFO  server.RaftServerConfigKeys (ConfUtils.java:logGet(43)) - raft.server.log.segment.size.max = 1048576 (custom)
2019-09-25 12:55:07,304 [pool-47-thread-1] INFO  server.RaftServerConfigKeys (ConfUtils.java:logGet(43)) - raft.server.log.preallocated.size = 16384 (custom)
2019-09-25 12:55:07,304 [pool-47-thread-1] INFO  server.RaftServerConfigKeys (ConfUtils.java:logGet(43)) - raft.server.log.write.buffer.size = 33554432 (custom)
2019-09-25 12:55:07,305 [pool-47-thread-1] INFO  server.RaftServerConfigKeys (ConfUtils.java:logGet(43)) - raft.server.log.force.sync.num = 128 (default)
2019-09-25 12:55:07,305 [pool-47-thread-1] INFO  server.RaftServerConfigKeys (ConfUtils.java:logGet(43)) - raft.server.log.statemachine.data.sync = true (default)
2019-09-25 12:55:07,305 [pool-47-thread-1] INFO  server.RaftServerConfigKeys (ConfUtils.java:logGet(43)) - raft.server.log.statemachine.data.sync.timeout = 10s (default)
2019-09-25 12:55:07,305 [pool-47-thread-1] INFO  server.RaftServerConfigKeys (ConfUtils.java:logGet(43)) - raft.server.log.statemachine.data.sync.timeout.retry = -1 (default)
2019-09-25 12:55:07,305 [pool-47-thread-1] INFO  server.RaftServerConfigKeys (ConfUtils.java:logGet(43)) - raft.server.log.statemachine.data.caching.enabled = true (custom)
2019-09-25 12:55:07,306 [pool-47-thread-1] INFO  segmented.SegmentedRaftLogWorker (SegmentedRaftLogWorker.java:lambda$new$0(132)) - d3ebfba2-1061-4a1b-b9ff-fcd56525b262@group-CD9478E3DAE1-SegmentedRaftLogWorker: flushIndex: setUnconditionally 0 -> -1
2019-09-25 12:55:07,306 [pool-47-thread-1] INFO  server.RaftServerConfigKeys (ConfUtils.java:logGet(43)) - raft.server.snapshot.auto.trigger.enabled = true (custom)
2019-09-25 12:55:07,307 [pool-47-thread-1] INFO  server.RaftServerConfigKeys (ConfUtils.java:logGet(43)) - raft.server.snapshot.auto.trigger.threshold = 10000 (custom)
2019-09-25 12:55:07,307 [pool-47-thread-1] INFO  server.RaftServerConfigKeys (ConfUtils.java:logGet(43)) - raft.server.snapshot.retention.num.files = 5 (custom)
2019-09-25 12:55:07,307 [pool-47-thread-1] INFO  server.RaftServerConfigKeys (ConfUtils.java:logGet(43)) - raft.server.retrycache.expirytime = 600000ms (custom)
2019-09-25 12:55:07,310 [pool-47-thread-1] INFO  impl.RaftServerImpl (RaftServerImpl.java:start(185)) - d3ebfba2-1061-4a1b-b9ff-fcd56525b262@group-CD9478E3DAE1: start as a follower, conf=-1: [d3ebfba2-1061-4a1b-b9ff-fcd56525b262:192.168.151.73:41691], old=null
2019-09-25 12:55:07,311 [pool-47-thread-1] INFO  impl.RaftServerImpl (RaftServerImpl.java:setRole(174)) - d3ebfba2-1061-4a1b-b9ff-fcd56525b262@group-CD9478E3DAE1: changes role from      null to FOLLOWER at term 0 for startAsFollower
2019-09-25 12:55:07,311 [pool-47-thread-1] INFO  impl.RoleInfo (RoleInfo.java:updateAndGet(143)) - d3ebfba2-1061-4a1b-b9ff-fcd56525b262: start FollowerState
2019-09-25 12:55:07,311 [pool-47-thread-1] INFO  util.JmxRegister (JmxRegister.java:tryRegister(44)) - Successfully registered JMX Bean with object name Ratis:service=RaftServer,group=group-CD9478E3DAE1,id=d3ebfba2-1061-4a1b-b9ff-fcd56525b262
2019-09-25 12:55:07,320 [RatisPipelineUtilsThread] INFO  pipeline.PipelineStateManager (PipelineStateManager.java:addPipeline(56)) - Created pipeline Pipeline[ Id: f92c0a0a-07c1-4f8d-9550-cd9478e3dae1, Nodes: d3ebfba2-1061-4a1b-b9ff-fcd56525b262{ip: 192.168.151.73, host: pr-hdds-1569-shd4m-3693607622, networkLocation: /default-rack, certSerialId: null}, Type:RATIS, Factor:ONE, State:OPEN]
2019-09-25 12:55:07,320 [RatisPipelineUtilsThread] INFO  pipeline.PipelinePlacementPolicy (PipelinePlacementPolicy.java:meetCriteria(91)) - Pipeline Placement: can't place more pipeline on heavy datanode： 890a050a-36b3-47fb-a6ed-f900cd3e56cf Heaviness: 6 limit: 5
2019-09-25 12:55:07,320 [RatisPipelineUtilsThread] INFO  pipeline.PipelinePlacementPolicy (PipelinePlacementPolicy.java:meetCriteria(91)) - Pipeline Placement: can't place more pipeline on heavy datanode： 9ab7590b-dd39-4196-b964-8ab9f907299e Heaviness: 6 limit: 5
2019-09-25 12:55:07,320 [RatisPipelineUtilsThread] INFO  pipeline.PipelinePlacementPolicy (PipelinePlacementPolicy.java:meetCriteria(91)) - Pipeline Placement: can't place more pipeline on heavy datanode： b5f65341-71e3-4bdb-b257-250c7a42131a Heaviness: 6 limit: 5
2019-09-25 12:55:07,320 [RatisPipelineUtilsThread] INFO  pipeline.PipelinePlacementPolicy (PipelinePlacementPolicy.java:meetCriteria(91)) - Pipeline Placement: can't place more pipeline on heavy datanode： d3ebfba2-1061-4a1b-b9ff-fcd56525b262 Heaviness: 6 limit: 5
2019-09-25 12:55:07,331 [grpc-default-executor-0] INFO  impl.RaftServerProxy (RaftServerProxy.java:addNew(89)) - 5c86796b-6b73-4de6-91b0-1a3ae4d4f66e: addNew group-3BF0A0D9767E:[5c86796b-6b73-4de6-91b0-1a3ae4d4f66e:192.168.151.73:42606] returns group-3BF0A0D9767E:java.util.concurrent.CompletableFuture@180cae69[Not completed]
2019-09-25 12:55:07,333 [pool-27-thread-1] INFO  impl.RaftServerImpl (RaftServerImpl.java:<init>(95)) - 5c86796b-6b73-4de6-91b0-1a3ae4d4f66e: new RaftServerImpl for group-3BF0A0D9767E:[5c86796b-6b73-4de6-91b0-1a3ae4d4f66e:192.168.151.73:42606] with ContainerStateMachine:uninitialized
2019-09-25 12:55:07,333 [pool-27-thread-1] INFO  server.RaftServerConfigKeys (ConfUtils.java:logGet(43)) - raft.server.rpc.timeout.min = 5s (custom)
2019-09-25 12:55:07,334 [pool-27-thread-1] INFO  server.RaftServerConfigKeys (ConfUtils.java:logGet(43)) - raft.server.rpc.timeout.max = 5200ms (custom)
2019-09-25 12:55:07,334 [pool-27-thread-1] INFO  server.RaftServerConfigKeys (ConfUtils.java:logGet(43)) - raft.server.rpcslowness.timeout = 120s (custom)
2019-09-25 12:55:07,334 [pool-27-thread-1] INFO  server.RaftServerConfigKeys (ConfUtils.java:logGet(43)) - raft.server.sleep.deviation.threshold = 300 (default)
2019-09-25 12:55:07,334 [pool-27-thread-1] INFO  server.RaftServerConfigKeys (ConfUtils.java:logGet(43)) - raft.server.log.appender.install.snapshot.enabled = false (custom)
2019-09-25 12:55:07,334 [pool-27-thread-1] INFO  impl.RaftServerImpl (ServerState.java:<init>(103)) - 5c86796b-6b73-4de6-91b0-1a3ae4d4f66e@group-3BF0A0D9767E: ConfigurationManager, init=-1: [5c86796b-6b73-4de6-91b0-1a3ae4d4f66e:192.168.151.73:42606], old=null, confs=<EMPTY_MAP>
2019-09-25 12:55:07,335 [pool-27-thread-1] INFO  server.RaftServerConfigKeys (ConfUtils.java:logGet(43)) - raft.server.storage.dir = [/workdir/hadoop-ozone/tools/target/test-dir/MiniOzoneClusterImpl-a69ba920-524d-43f7-a757-bb142e91f929/datanode-0/data/ratis] (custom)
2019-09-25 12:55:07,335 [pool-27-thread-1] INFO  storage.RaftStorageDirectory (RaftStorageDirectory.java:analyzeStorage(246)) - The storage directory /workdir/hadoop-ozone/tools/target/test-dir/MiniOzoneClusterImpl-a69ba920-524d-43f7-a757-bb142e91f929/datanode-0/data/ratis/87cc2e14-b258-41fe-9586-3bf0a0d9767e does not exist. Creating ...
2019-09-25 12:55:07,360 [pool-27-thread-1] INFO  storage.RaftStorageDirectory (RaftStorageDirectory.java:tryLock(328)) - Lock on /workdir/hadoop-ozone/tools/target/test-dir/MiniOzoneClusterImpl-a69ba920-524d-43f7-a757-bb142e91f929/datanode-0/data/ratis/87cc2e14-b258-41fe-9586-3bf0a0d9767e/in_use.lock acquired by nodename 9027@pr-hdds-1569-shd4m-3693607622
2019-09-25 12:55:07,394 [pool-27-thread-1] INFO  storage.RaftStorage (RaftStorage.java:format(72)) - Storage directory /workdir/hadoop-ozone/tools/target/test-dir/MiniOzoneClusterImpl-a69ba920-524d-43f7-a757-bb142e91f929/datanode-0/data/ratis/87cc2e14-b258-41fe-9586-3bf0a0d9767e has been successfully formatted.
2019-09-25 12:55:07,395 [pool-27-thread-1] INFO  ratis.ContainerStateMachine (ContainerStateMachine.java:loadSnapshot(230)) - group-3BF0A0D9767E: The snapshot info is null. Setting the last applied indexto:(t:0, i:~)
2019-09-25 12:55:07,397 [pool-27-thread-1] INFO  server.RaftServerConfigKeys (ConfUtils.java:logGet(43)) - raft.server.notification.no-leader.timeout = 120s (custom)
2019-09-25 12:55:07,397 [pool-27-thread-1] INFO  server.RaftServerConfigKeys (ConfUtils.java:logGet(43)) - raft.server.log.use.memory = false (default)
2019-09-25 12:55:07,397 [pool-27-thread-1] INFO  server.RaftServerConfigKeys (ConfUtils.java:logGet(43)) - raft.server.log.purge.gap = 1000000 (custom)
2019-09-25 12:55:07,397 [pool-27-thread-1] INFO  server.RaftServerConfigKeys (ConfUtils.java:logGet(43)) - raft.server.log.appender.buffer.byte-limit = 33554432 (custom)
2019-09-25 12:55:07,398 [pool-27-thread-1] INFO  server.RaftServerConfigKeys (ConfUtils.java:logGet(43)) - raft.server.log.segment.size.max = 1048576 (custom)
2019-09-25 12:55:07,398 [pool-27-thread-1] INFO  server.RaftServerConfigKeys (ConfUtils.java:logGet(43)) - raft.server.log.segment.cache.num.max = 2 (custom)
2019-09-25 12:55:07,398 [pool-27-thread-1] INFO  segmented.SegmentedRaftLogWorker (SegmentedRaftLogWorker.java:<init>(172)) - new 5c86796b-6b73-4de6-91b0-1a3ae4d4f66e@group-3BF0A0D9767E-SegmentedRaftLogWorker for RaftStorage:Storage Directory /workdir/hadoop-ozone/tools/target/test-dir/MiniOzoneClusterImpl-a69ba920-524d-43f7-a757-bb142e91f929/datanode-0/data/ratis/87cc2e14-b258-41fe-9586-3bf0a0d9767e
2019-09-25 12:55:07,398 [pool-27-thread-1] INFO  server.RaftServerConfigKeys (ConfUtils.java:logGet(43)) - raft.server.log.queue.byte-limit = 2147483647 (custom)
2019-09-25 12:55:07,398 [pool-27-thread-1] INFO  server.RaftServerConfigKeys (ConfUtils.java:logGet(43)) - raft.server.log.queue.element-limit = 1024 (custom)
2019-09-25 12:55:07,399 [pool-27-thread-1] INFO  server.RaftServerConfigKeys (ConfUtils.java:logGet(43)) - raft.server.log.segment.size.max = 1048576 (custom)
2019-09-25 12:55:07,399 [pool-27-thread-1] INFO  server.RaftServerConfigKeys (ConfUtils.java:logGet(43)) - raft.server.log.preallocated.size = 16384 (custom)
2019-09-25 12:55:07,399 [pool-27-thread-1] INFO  server.RaftServerConfigKeys (ConfUtils.java:logGet(43)) - raft.server.log.write.buffer.size = 33554432 (custom)
2019-09-25 12:55:07,399 [pool-27-thread-1] INFO  server.RaftServerConfigKeys (ConfUtils.java:logGet(43)) - raft.server.log.force.sync.num = 128 (default)
2019-09-25 12:55:07,399 [pool-27-thread-1] INFO  server.RaftServerConfigKeys (ConfUtils.java:logGet(43)) - raft.server.log.statemachine.data.sync = true (default)
2019-09-25 12:55:07,400 [pool-27-thread-1] INFO  server.RaftServerConfigKeys (ConfUtils.java:logGet(43)) - raft.server.log.statemachine.data.sync.timeout = 10s (default)
2019-09-25 12:55:07,400 [pool-27-thread-1] INFO  server.RaftServerConfigKeys (ConfUtils.java:logGet(43)) - raft.server.log.statemachine.data.sync.timeout.retry = -1 (default)
2019-09-25 12:55:07,400 [pool-27-thread-1] INFO  server.RaftServerConfigKeys (ConfUtils.java:logGet(43)) - raft.server.log.statemachine.data.caching.enabled = true (custom)
2019-09-25 12:55:07,400 [pool-27-thread-1] INFO  segmented.SegmentedRaftLogWorker (SegmentedRaftLogWorker.java:lambda$new$0(132)) - 5c86796b-6b73-4de6-91b0-1a3ae4d4f66e@group-3BF0A0D9767E-SegmentedRaftLogWorker: flushIndex: setUnconditionally 0 -> -1
2019-09-25 12:55:07,401 [pool-27-thread-1] INFO  server.RaftServerConfigKeys (ConfUtils.java:logGet(43)) - raft.server.snapshot.auto.trigger.enabled = true (custom)
2019-09-25 12:55:07,401 [pool-27-thread-1] INFO  server.RaftServerConfigKeys (ConfUtils.java:logGet(43)) - raft.server.snapshot.auto.trigger.threshold = 10000 (custom)
2019-09-25 12:55:07,401 [pool-27-thread-1] INFO  server.RaftServerConfigKeys (ConfUtils.java:logGet(43)) - raft.server.snapshot.retention.num.files = 5 (custom)
2019-09-25 12:55:07,401 [pool-27-thread-1] INFO  server.RaftServerConfigKeys (ConfUtils.java:logGet(43)) - raft.server.retrycache.expirytime = 600000ms (custom)
2019-09-25 12:55:07,405 [pool-27-thread-1] INFO  impl.RaftServerImpl (RaftServerImpl.java:start(185)) - 5c86796b-6b73-4de6-91b0-1a3ae4d4f66e@group-3BF0A0D9767E: start as a follower, conf=-1: [5c86796b-6b73-4de6-91b0-1a3ae4d4f66e:192.168.151.73:42606], old=null
2019-09-25 12:55:07,405 [pool-27-thread-1] INFO  impl.RaftServerImpl (RaftServerImpl.java:setRole(174)) - 5c86796b-6b73-4de6-91b0-1a3ae4d4f66e@group-3BF0A0D9767E: changes role from      null to FOLLOWER at term 0 for startAsFollower
2019-09-25 12:55:07,405 [pool-27-thread-1] INFO  impl.RoleInfo (RoleInfo.java:updateAndGet(143)) - 5c86796b-6b73-4de6-91b0-1a3ae4d4f66e: start FollowerState
2019-09-25 12:55:07,406 [pool-27-thread-1] INFO  util.JmxRegister (JmxRegister.java:tryRegister(44)) - Successfully registered JMX Bean with object name Ratis:service=RaftServer,group=group-3BF0A0D9767E,id=5c86796b-6b73-4de6-91b0-1a3ae4d4f66e
2019-09-25 12:55:07,411 [RatisPipelineUtilsThread] INFO  pipeline.PipelineStateManager (PipelineStateManager.java:addPipeline(56)) - Created pipeline Pipeline[ Id: 87cc2e14-b258-41fe-9586-3bf0a0d9767e, Nodes: 5c86796b-6b73-4de6-91b0-1a3ae4d4f66e{ip: 192.168.151.73, host: pr-hdds-1569-shd4m-3693607622, networkLocation: /default-rack, certSerialId: null}, Type:RATIS, Factor:ONE, State:OPEN]
2019-09-25 12:55:07,412 [RatisPipelineUtilsThread] INFO  pipeline.PipelinePlacementPolicy (PipelinePlacementPolicy.java:meetCriteria(91)) - Pipeline Placement: can't place more pipeline on heavy datanode： 890a050a-36b3-47fb-a6ed-f900cd3e56cf Heaviness: 6 limit: 5
2019-09-25 12:55:07,412 [RatisPipelineUtilsThread] INFO  pipeline.PipelinePlacementPolicy (PipelinePlacementPolicy.java:meetCriteria(91)) - Pipeline Placement: can't place more pipeline on heavy datanode： 9ab7590b-dd39-4196-b964-8ab9f907299e Heaviness: 6 limit: 5
2019-09-25 12:55:07,412 [RatisPipelineUtilsThread] INFO  pipeline.PipelinePlacementPolicy (PipelinePlacementPolicy.java:meetCriteria(91)) - Pipeline Placement: can't place more pipeline on heavy datanode： b5f65341-71e3-4bdb-b257-250c7a42131a Heaviness: 6 limit: 5
2019-09-25 12:55:07,412 [RatisPipelineUtilsThread] INFO  pipeline.PipelinePlacementPolicy (PipelinePlacementPolicy.java:meetCriteria(91)) - Pipeline Placement: can't place more pipeline on heavy datanode： d3ebfba2-1061-4a1b-b9ff-fcd56525b262 Heaviness: 6 limit: 5
2019-09-25 12:55:07,424 [grpc-default-executor-0] INFO  impl.RaftServerProxy (RaftServerProxy.java:addNew(89)) - 5c86796b-6b73-4de6-91b0-1a3ae4d4f66e: addNew group-04682C3B78BB:[5c86796b-6b73-4de6-91b0-1a3ae4d4f66e:192.168.151.73:42606] returns group-04682C3B78BB:java.util.concurrent.CompletableFuture@5053e82[Not completed]
2019-09-25 12:55:07,426 [pool-27-thread-1] INFO  impl.RaftServerImpl (RaftServerImpl.java:<init>(95)) - 5c86796b-6b73-4de6-91b0-1a3ae4d4f66e: new RaftServerImpl for group-04682C3B78BB:[5c86796b-6b73-4de6-91b0-1a3ae4d4f66e:192.168.151.73:42606] with ContainerStateMachine:uninitialized
2019-09-25 12:55:07,426 [pool-27-thread-1] INFO  server.RaftServerConfigKeys (ConfUtils.java:logGet(43)) - raft.server.rpc.timeout.min = 5s (custom)
2019-09-25 12:55:07,426 [pool-27-thread-1] INFO  server.RaftServerConfigKeys (ConfUtils.java:logGet(43)) - raft.server.rpc.timeout.max = 5200ms (custom)
2019-09-25 12:55:07,426 [pool-27-thread-1] INFO  server.RaftServerConfigKeys (ConfUtils.java:logGet(43)) - raft.server.rpcslowness.timeout = 120s (custom)
2019-09-25 12:55:07,427 [pool-27-thread-1] INFO  server.RaftServerConfigKeys (ConfUtils.java:logGet(43)) - raft.server.sleep.deviation.threshold = 300 (default)
2019-09-25 12:55:07,427 [pool-27-thread-1] INFO  server.RaftServerConfigKeys (ConfUtils.java:logGet(43)) - raft.server.log.appender.install.snapshot.enabled = false (custom)
2019-09-25 12:55:07,427 [pool-27-thread-1] INFO  impl.RaftServerImpl (ServerState.java:<init>(103)) - 5c86796b-6b73-4de6-91b0-1a3ae4d4f66e@group-04682C3B78BB: ConfigurationManager, init=-1: [5c86796b-6b73-4de6-91b0-1a3ae4d4f66e:192.168.151.73:42606], old=null, confs=<EMPTY_MAP>
2019-09-25 12:55:07,427 [pool-27-thread-1] INFO  server.RaftServerConfigKeys (ConfUtils.java:logGet(43)) - raft.server.storage.dir = [/workdir/hadoop-ozone/tools/target/test-dir/MiniOzoneClusterImpl-a69ba920-524d-43f7-a757-bb142e91f929/datanode-0/data/ratis] (custom)
2019-09-25 12:55:07,428 [pool-27-thread-1] INFO  storage.RaftStorageDirectory (RaftStorageDirectory.java:analyzeStorage(246)) - The storage directory /workdir/hadoop-ozone/tools/target/test-dir/MiniOzoneClusterImpl-a69ba920-524d-43f7-a757-bb142e91f929/datanode-0/data/ratis/b708000b-f540-4ed8-8a2e-04682c3b78bb does not exist. Creating ...
2019-09-25 12:55:07,453 [pool-27-thread-1] INFO  storage.RaftStorageDirectory (RaftStorageDirectory.java:tryLock(328)) - Lock on /workdir/hadoop-ozone/tools/target/test-dir/MiniOzoneClusterImpl-a69ba920-524d-43f7-a757-bb142e91f929/datanode-0/data/ratis/b708000b-f540-4ed8-8a2e-04682c3b78bb/in_use.lock acquired by nodename 9027@pr-hdds-1569-shd4m-3693607622
2019-09-25 12:55:07,480 [pool-27-thread-1] INFO  storage.RaftStorage (RaftStorage.java:format(72)) - Storage directory /workdir/hadoop-ozone/tools/target/test-dir/MiniOzoneClusterImpl-a69ba920-524d-43f7-a757-bb142e91f929/datanode-0/data/ratis/b708000b-f540-4ed8-8a2e-04682c3b78bb has been successfully formatted.
2019-09-25 12:55:07,480 [pool-27-thread-1] INFO  ratis.ContainerStateMachine (ContainerStateMachine.java:loadSnapshot(230)) - group-04682C3B78BB: The snapshot info is null. Setting the last applied indexto:(t:0, i:~)
2019-09-25 12:55:07,480 [pool-27-thread-1] INFO  server.RaftServerConfigKeys (ConfUtils.java:logGet(43)) - raft.server.notification.no-leader.timeout = 120s (custom)
2019-09-25 12:55:07,481 [pool-27-thread-1] INFO  server.RaftServerConfigKeys (ConfUtils.java:logGet(43)) - raft.server.log.use.memory = false (default)
2019-09-25 12:55:07,481 [pool-27-thread-1] INFO  server.RaftServerConfigKeys (ConfUtils.java:logGet(43)) - raft.server.log.purge.gap = 1000000 (custom)
2019-09-25 12:55:07,481 [pool-27-thread-1] INFO  server.RaftServerConfigKeys (ConfUtils.java:logGet(43)) - raft.server.log.appender.buffer.byte-limit = 33554432 (custom)
2019-09-25 12:55:07,481 [pool-27-thread-1] INFO  server.RaftServerConfigKeys (ConfUtils.java:logGet(43)) - raft.server.log.segment.size.max = 1048576 (custom)
2019-09-25 12:55:07,481 [pool-27-thread-1] INFO  server.RaftServerConfigKeys (ConfUtils.java:logGet(43)) - raft.server.log.segment.cache.num.max = 2 (custom)
2019-09-25 12:55:07,482 [pool-27-thread-1] INFO  segmented.SegmentedRaftLogWorker (SegmentedRaftLogWorker.java:<init>(172)) - new 5c86796b-6b73-4de6-91b0-1a3ae4d4f66e@group-04682C3B78BB-SegmentedRaftLogWorker for RaftStorage:Storage Directory /workdir/hadoop-ozone/tools/target/test-dir/MiniOzoneClusterImpl-a69ba920-524d-43f7-a757-bb142e91f929/datanode-0/data/ratis/b708000b-f540-4ed8-8a2e-04682c3b78bb
2019-09-25 12:55:07,482 [pool-27-thread-1] INFO  server.RaftServerConfigKeys (ConfUtils.java:logGet(43)) - raft.server.log.queue.byte-limit = 2147483647 (custom)
2019-09-25 12:55:07,482 [pool-27-thread-1] INFO  server.RaftServerConfigKeys (ConfUtils.java:logGet(43)) - raft.server.log.queue.element-limit = 1024 (custom)
2019-09-25 12:55:07,482 [pool-27-thread-1] INFO  server.RaftServerConfigKeys (ConfUtils.java:logGet(43)) - raft.server.log.segment.size.max = 1048576 (custom)
2019-09-25 12:55:07,483 [pool-27-thread-1] INFO  server.RaftServerConfigKeys (ConfUtils.java:logGet(43)) - raft.server.log.preallocated.size = 16384 (custom)
2019-09-25 12:55:07,483 [pool-27-thread-1] INFO  server.RaftServerConfigKeys (ConfUtils.java:logGet(43)) - raft.server.log.write.buffer.size = 33554432 (custom)
2019-09-25 12:55:07,483 [pool-27-thread-1] INFO  server.RaftServerConfigKeys (ConfUtils.java:logGet(43)) - raft.server.log.force.sync.num = 128 (default)
2019-09-25 12:55:07,483 [pool-27-thread-1] INFO  server.RaftServerConfigKeys (ConfUtils.java:logGet(43)) - raft.server.log.statemachine.data.sync = true (default)
2019-09-25 12:55:07,483 [pool-27-thread-1] INFO  server.RaftServerConfigKeys (ConfUtils.java:logGet(43)) - raft.server.log.statemachine.data.sync.timeout = 10s (default)
2019-09-25 12:55:07,483 [pool-27-thread-1] INFO  server.RaftServerConfigKeys (ConfUtils.java:logGet(43)) - raft.server.log.statemachine.data.sync.timeout.retry = -1 (default)
2019-09-25 12:55:07,484 [pool-27-thread-1] INFO  server.RaftServerConfigKeys (ConfUtils.java:logGet(43)) - raft.server.log.statemachine.data.caching.enabled = true (custom)
2019-09-25 12:55:07,484 [pool-27-thread-1] INFO  segmented.SegmentedRaftLogWorker (SegmentedRaftLogWorker.java:lambda$new$0(132)) - 5c86796b-6b73-4de6-91b0-1a3ae4d4f66e@group-04682C3B78BB-SegmentedRaftLogWorker: flushIndex: setUnconditionally 0 -> -1
2019-09-25 12:55:07,485 [pool-27-thread-1] INFO  server.RaftServerConfigKeys (ConfUtils.java:logGet(43)) - raft.server.snapshot.auto.trigger.enabled = true (custom)
2019-09-25 12:55:07,485 [pool-27-thread-1] INFO  server.RaftServerConfigKeys (ConfUtils.java:logGet(43)) - raft.server.snapshot.auto.trigger.threshold = 10000 (custom)
2019-09-25 12:55:07,485 [pool-27-thread-1] INFO  server.RaftServerConfigKeys (ConfUtils.java:logGet(43)) - raft.server.snapshot.retention.num.files = 5 (custom)
2019-09-25 12:55:07,485 [pool-27-thread-1] INFO  server.RaftServerConfigKeys (ConfUtils.java:logGet(43)) - raft.server.retrycache.expirytime = 600000ms (custom)
2019-09-25 12:55:07,489 [pool-27-thread-1] INFO  impl.RaftServerImpl (RaftServerImpl.java:start(185)) - 5c86796b-6b73-4de6-91b0-1a3ae4d4f66e@group-04682C3B78BB: start as a follower, conf=-1: [5c86796b-6b73-4de6-91b0-1a3ae4d4f66e:192.168.151.73:42606], old=null
2019-09-25 12:55:07,489 [pool-27-thread-1] INFO  impl.RaftServerImpl (RaftServerImpl.java:setRole(174)) - 5c86796b-6b73-4de6-91b0-1a3ae4d4f66e@group-04682C3B78BB: changes role from      null to FOLLOWER at term 0 for startAsFollower
2019-09-25 12:55:07,489 [pool-27-thread-1] INFO  impl.RoleInfo (RoleInfo.java:updateAndGet(143)) - 5c86796b-6b73-4de6-91b0-1a3ae4d4f66e: start FollowerState
2019-09-25 12:55:07,490 [pool-27-thread-1] INFO  util.JmxRegister (JmxRegister.java:tryRegister(44)) - Successfully registered JMX Bean with object name Ratis:service=RaftServer,group=group-04682C3B78BB,id=5c86796b-6b73-4de6-91b0-1a3ae4d4f66e
2019-09-25 12:55:07,496 [RatisPipelineUtilsThread] INFO  pipeline.PipelineStateManager (PipelineStateManager.java:addPipeline(56)) - Created pipeline Pipeline[ Id: b708000b-f540-4ed8-8a2e-04682c3b78bb, Nodes: 5c86796b-6b73-4de6-91b0-1a3ae4d4f66e{ip: 192.168.151.73, host: pr-hdds-1569-shd4m-3693607622, networkLocation: /default-rack, certSerialId: null}, Type:RATIS, Factor:ONE, State:OPEN]
2019-09-25 12:55:07,496 [RatisPipelineUtilsThread] INFO  pipeline.PipelinePlacementPolicy (PipelinePlacementPolicy.java:meetCriteria(91)) - Pipeline Placement: can't place more pipeline on heavy datanode： 890a050a-36b3-47fb-a6ed-f900cd3e56cf Heaviness: 6 limit: 5
2019-09-25 12:55:07,496 [RatisPipelineUtilsThread] INFO  pipeline.PipelinePlacementPolicy (PipelinePlacementPolicy.java:meetCriteria(91)) - Pipeline Placement: can't place more pipeline on heavy datanode： 9ab7590b-dd39-4196-b964-8ab9f907299e Heaviness: 6 limit: 5
2019-09-25 12:55:07,497 [RatisPipelineUtilsThread] INFO  pipeline.PipelinePlacementPolicy (PipelinePlacementPolicy.java:meetCriteria(91)) - Pipeline Placement: can't place more pipeline on heavy datanode： 5c86796b-6b73-4de6-91b0-1a3ae4d4f66e Heaviness: 6 limit: 5
2019-09-25 12:55:07,497 [RatisPipelineUtilsThread] INFO  pipeline.PipelinePlacementPolicy (PipelinePlacementPolicy.java:meetCriteria(91)) - Pipeline Placement: can't place more pipeline on heavy datanode： b5f65341-71e3-4bdb-b257-250c7a42131a Heaviness: 6 limit: 5
2019-09-25 12:55:07,497 [RatisPipelineUtilsThread] INFO  pipeline.PipelinePlacementPolicy (PipelinePlacementPolicy.java:meetCriteria(91)) - Pipeline Placement: can't place more pipeline on heavy datanode： d3ebfba2-1061-4a1b-b9ff-fcd56525b262 Heaviness: 6 limit: 5
2019-09-25 12:55:07,497 [RatisPipelineUtilsThread] ERROR pipeline.PipelinePlacementPolicy (PipelinePlacementPolicy.java:filterViableNodes(148)) - Unable to find enough nodes that meet the criteria that cannot engage in more than 5 pipelines. Nodes required: 1 Found: 0, healthy nodes count inNodeManager: 5.
2019-09-25 12:55:07,500 [RatisPipelineUtilsThread] ERROR pipeline.SCMPipelineManager (SCMPipelineManager.java:createPipeline(167)) - Pipeline creation failed.
org.apache.hadoop.hdds.scm.exceptions.SCMException: Unable to find enough nodes that meet the criteria that cannot engage in more than 5 pipelines. Nodes required: 1 Found: 0, healthy nodes count inNodeManager: 5.
	at org.apache.hadoop.hdds.scm.pipeline.PipelinePlacementPolicy.filterViableNodes(PipelinePlacementPolicy.java:149)
	at org.apache.hadoop.hdds.scm.pipeline.PipelinePlacementPolicy.chooseDatanodes(PipelinePlacementPolicy.java:172)
	at org.apache.hadoop.hdds.scm.pipeline.RatisPipelineProvider.create(RatisPipelineProvider.java:93)
	at org.apache.hadoop.hdds.scm.pipeline.PipelineFactory.create(PipelineFactory.java:58)
	at org.apache.hadoop.hdds.scm.pipeline.SCMPipelineManager.createPipeline(SCMPipelineManager.java:155)
	at org.apache.hadoop.hdds.scm.pipeline.BackgroundPipelineCreator.createPipelines(BackgroundPipelineCreator.java:99)
	at java.util.concurrent.Executors$RunnableAdapter.call(Executors.java:511)
	at java.util.concurrent.FutureTask.run(FutureTask.java:266)
	at java.util.concurrent.ScheduledThreadPoolExecutor$ScheduledFutureTask.access$201(ScheduledThreadPoolExecutor.java:180)
	at java.util.concurrent.ScheduledThreadPoolExecutor$ScheduledFutureTask.run(ScheduledThreadPoolExecutor.java:293)
	at java.util.concurrent.ThreadPoolExecutor.runWorker(ThreadPoolExecutor.java:1149)
	at java.util.concurrent.ThreadPoolExecutor$Worker.run(ThreadPoolExecutor.java:624)
	at java.lang.Thread.run(Thread.java:748)
2019-09-25 12:55:07,504 [RatisPipelineUtilsThread] INFO  pipeline.PipelinePlacementPolicy (PipelinePlacementPolicy.java:meetCriteria(91)) - Pipeline Placement: can't place more pipeline on heavy datanode： 890a050a-36b3-47fb-a6ed-f900cd3e56cf Heaviness: 6 limit: 5
2019-09-25 12:55:07,504 [RatisPipelineUtilsThread] INFO  pipeline.PipelinePlacementPolicy (PipelinePlacementPolicy.java:meetCriteria(91)) - Pipeline Placement: can't place more pipeline on heavy datanode： 9ab7590b-dd39-4196-b964-8ab9f907299e Heaviness: 6 limit: 5
2019-09-25 12:55:07,505 [RatisPipelineUtilsThread] INFO  pipeline.PipelinePlacementPolicy (PipelinePlacementPolicy.java:meetCriteria(91)) - Pipeline Placement: can't place more pipeline on heavy datanode： 5c86796b-6b73-4de6-91b0-1a3ae4d4f66e Heaviness: 6 limit: 5
2019-09-25 12:55:07,505 [RatisPipelineUtilsThread] INFO  pipeline.PipelinePlacementPolicy (PipelinePlacementPolicy.java:meetCriteria(91)) - Pipeline Placement: can't place more pipeline on heavy datanode： b5f65341-71e3-4bdb-b257-250c7a42131a Heaviness: 6 limit: 5
2019-09-25 12:55:07,505 [RatisPipelineUtilsThread] INFO  pipeline.PipelinePlacementPolicy (PipelinePlacementPolicy.java:meetCriteria(91)) - Pipeline Placement: can't place more pipeline on heavy datanode： d3ebfba2-1061-4a1b-b9ff-fcd56525b262 Heaviness: 6 limit: 5
2019-09-25 12:55:07,505 [RatisPipelineUtilsThread] ERROR pipeline.PipelinePlacementPolicy (PipelinePlacementPolicy.java:filterViableNodes(148)) - Unable to find enough nodes that meet the criteria that cannot engage in more than 5 pipelines. Nodes required: 3 Found: 0, healthy nodes count inNodeManager: 5.
2019-09-25 12:55:07,505 [RatisPipelineUtilsThread] ERROR pipeline.SCMPipelineManager (SCMPipelineManager.java:createPipeline(167)) - Pipeline creation failed.
org.apache.hadoop.hdds.scm.exceptions.SCMException: Unable to find enough nodes that meet the criteria that cannot engage in more than 5 pipelines. Nodes required: 3 Found: 0, healthy nodes count inNodeManager: 5.
	at org.apache.hadoop.hdds.scm.pipeline.PipelinePlacementPolicy.filterViableNodes(PipelinePlacementPolicy.java:149)
	at org.apache.hadoop.hdds.scm.pipeline.PipelinePlacementPolicy.chooseDatanodes(PipelinePlacementPolicy.java:172)
	at org.apache.hadoop.hdds.scm.pipeline.RatisPipelineProvider.create(RatisPipelineProvider.java:93)
	at org.apache.hadoop.hdds.scm.pipeline.PipelineFactory.create(PipelineFactory.java:58)
	at org.apache.hadoop.hdds.scm.pipeline.SCMPipelineManager.createPipeline(SCMPipelineManager.java:155)
	at org.apache.hadoop.hdds.scm.pipeline.BackgroundPipelineCreator.createPipelines(BackgroundPipelineCreator.java:99)
	at java.util.concurrent.Executors$RunnableAdapter.call(Executors.java:511)
	at java.util.concurrent.FutureTask.run(FutureTask.java:266)
	at java.util.concurrent.ScheduledThreadPoolExecutor$ScheduledFutureTask.access$201(ScheduledThreadPoolExecutor.java:180)
	at java.util.concurrent.ScheduledThreadPoolExecutor$ScheduledFutureTask.run(ScheduledThreadPoolExecutor.java:293)
	at java.util.concurrent.ThreadPoolExecutor.runWorker(ThreadPoolExecutor.java:1149)
	at java.util.concurrent.ThreadPoolExecutor$Worker.run(ThreadPoolExecutor.java:624)
	at java.lang.Thread.run(Thread.java:748)
2019-09-25 12:55:07,508 [RatisPipelineUtilsThread] INFO  pipeline.PipelinePlacementPolicy (PipelinePlacementPolicy.java:meetCriteria(91)) - Pipeline Placement: can't place more pipeline on heavy datanode： 890a050a-36b3-47fb-a6ed-f900cd3e56cf Heaviness: 6 limit: 5
2019-09-25 12:55:07,508 [RatisPipelineUtilsThread] INFO  pipeline.PipelinePlacementPolicy (PipelinePlacementPolicy.java:meetCriteria(91)) - Pipeline Placement: can't place more pipeline on heavy datanode： 9ab7590b-dd39-4196-b964-8ab9f907299e Heaviness: 6 limit: 5
2019-09-25 12:55:07,508 [RatisPipelineUtilsThread] INFO  pipeline.PipelinePlacementPolicy (PipelinePlacementPolicy.java:meetCriteria(91)) - Pipeline Placement: can't place more pipeline on heavy datanode： 5c86796b-6b73-4de6-91b0-1a3ae4d4f66e Heaviness: 6 limit: 5
2019-09-25 12:55:07,508 [RatisPipelineUtilsThread] INFO  pipeline.PipelinePlacementPolicy (PipelinePlacementPolicy.java:meetCriteria(91)) - Pipeline Placement: can't place more pipeline on heavy datanode： b5f65341-71e3-4bdb-b257-250c7a42131a Heaviness: 6 limit: 5
2019-09-25 12:55:07,508 [RatisPipelineUtilsThread] INFO  pipeline.PipelinePlacementPolicy (PipelinePlacementPolicy.java:meetCriteria(91)) - Pipeline Placement: can't place more pipeline on heavy datanode： d3ebfba2-1061-4a1b-b9ff-fcd56525b262 Heaviness: 6 limit: 5
2019-09-25 12:55:07,509 [RatisPipelineUtilsThread] ERROR pipeline.PipelinePlacementPolicy (PipelinePlacementPolicy.java:filterViableNodes(148)) - Unable to find enough nodes that meet the criteria that cannot engage in more than 5 pipelines. Nodes required: 1 Found: 0, healthy nodes count inNodeManager: 5.
2019-09-25 12:55:07,509 [RatisPipelineUtilsThread] ERROR pipeline.SCMPipelineManager (SCMPipelineManager.java:createPipeline(167)) - Pipeline creation failed.
org.apache.hadoop.hdds.scm.exceptions.SCMException: Unable to find enough nodes that meet the criteria that cannot engage in more than 5 pipelines. Nodes required: 1 Found: 0, healthy nodes count inNodeManager: 5.
	at org.apache.hadoop.hdds.scm.pipeline.PipelinePlacementPolicy.filterViableNodes(PipelinePlacementPolicy.java:149)
	at org.apache.hadoop.hdds.scm.pipeline.PipelinePlacementPolicy.chooseDatanodes(PipelinePlacementPolicy.java:172)
	at org.apache.hadoop.hdds.scm.pipeline.RatisPipelineProvider.create(RatisPipelineProvider.java:93)
	at org.apache.hadoop.hdds.scm.pipeline.PipelineFactory.create(PipelineFactory.java:58)
	at org.apache.hadoop.hdds.scm.pipeline.SCMPipelineManager.createPipeline(SCMPipelineManager.java:155)
	at org.apache.hadoop.hdds.scm.pipeline.BackgroundPipelineCreator.createPipelines(BackgroundPipelineCreator.java:99)
	at org.apache.hadoop.hdds.scm.pipeline.BackgroundPipelineCreator.lambda$startFixedIntervalPipelineCreator$0(BackgroundPipelineCreator.java:70)
	at java.util.concurrent.Executors$RunnableAdapter.call(Executors.java:511)
	at java.util.concurrent.FutureTask.runAndReset(FutureTask.java:308)
	at java.util.concurrent.ScheduledThreadPoolExecutor$ScheduledFutureTask.access$301(ScheduledThreadPoolExecutor.java:180)
	at java.util.concurrent.ScheduledThreadPoolExecutor$ScheduledFutureTask.run(ScheduledThreadPoolExecutor.java:294)
	at java.util.concurrent.ThreadPoolExecutor.runWorker(ThreadPoolExecutor.java:1149)
	at java.util.concurrent.ThreadPoolExecutor$Worker.run(ThreadPoolExecutor.java:624)
	at java.lang.Thread.run(Thread.java:748)
2019-09-25 12:55:07,510 [RatisPipelineUtilsThread] INFO  pipeline.PipelinePlacementPolicy (PipelinePlacementPolicy.java:meetCriteria(91)) - Pipeline Placement: can't place more pipeline on heavy datanode： 890a050a-36b3-47fb-a6ed-f900cd3e56cf Heaviness: 6 limit: 5
2019-09-25 12:55:07,510 [RatisPipelineUtilsThread] INFO  pipeline.PipelinePlacementPolicy (PipelinePlacementPolicy.java:meetCriteria(91)) - Pipeline Placement: can't place more pipeline on heavy datanode： 9ab7590b-dd39-4196-b964-8ab9f907299e Heaviness: 6 limit: 5
2019-09-25 12:55:07,510 [RatisPipelineUtilsThread] INFO  pipeline.PipelinePlacementPolicy (PipelinePlacementPolicy.java:meetCriteria(91)) - Pipeline Placement: can't place more pipeline on heavy datanode： 5c86796b-6b73-4de6-91b0-1a3ae4d4f66e Heaviness: 6 limit: 5
2019-09-25 12:55:07,510 [RatisPipelineUtilsThread] INFO  pipeline.PipelinePlacementPolicy (PipelinePlacementPolicy.java:meetCriteria(91)) - Pipeline Placement: can't place more pipeline on heavy datanode： b5f65341-71e3-4bdb-b257-250c7a42131a Heaviness: 6 limit: 5
2019-09-25 12:55:07,510 [RatisPipelineUtilsThread] INFO  pipeline.PipelinePlacementPolicy (PipelinePlacementPolicy.java:meetCriteria(91)) - Pipeline Placement: can't place more pipeline on heavy datanode： d3ebfba2-1061-4a1b-b9ff-fcd56525b262 Heaviness: 6 limit: 5
2019-09-25 12:55:07,511 [RatisPipelineUtilsThread] ERROR pipeline.PipelinePlacementPolicy (PipelinePlacementPolicy.java:filterViableNodes(148)) - Unable to find enough nodes that meet the criteria that cannot engage in more than 5 pipelines. Nodes required: 3 Found: 0, healthy nodes count inNodeManager: 5.
2019-09-25 12:55:07,511 [RatisPipelineUtilsThread] ERROR pipeline.SCMPipelineManager (SCMPipelineManager.java:createPipeline(167)) - Pipeline creation failed.
org.apache.hadoop.hdds.scm.exceptions.SCMException: Unable to find enough nodes that meet the criteria that cannot engage in more than 5 pipelines. Nodes required: 3 Found: 0, healthy nodes count inNodeManager: 5.
	at org.apache.hadoop.hdds.scm.pipeline.PipelinePlacementPolicy.filterViableNodes(PipelinePlacementPolicy.java:149)
	at org.apache.hadoop.hdds.scm.pipeline.PipelinePlacementPolicy.chooseDatanodes(PipelinePlacementPolicy.java:172)
	at org.apache.hadoop.hdds.scm.pipeline.RatisPipelineProvider.create(RatisPipelineProvider.java:93)
	at org.apache.hadoop.hdds.scm.pipeline.PipelineFactory.create(PipelineFactory.java:58)
	at org.apache.hadoop.hdds.scm.pipeline.SCMPipelineManager.createPipeline(SCMPipelineManager.java:155)
	at org.apache.hadoop.hdds.scm.pipeline.BackgroundPipelineCreator.createPipelines(BackgroundPipelineCreator.java:99)
	at org.apache.hadoop.hdds.scm.pipeline.BackgroundPipelineCreator.lambda$startFixedIntervalPipelineCreator$0(BackgroundPipelineCreator.java:70)
	at java.util.concurrent.Executors$RunnableAdapter.call(Executors.java:511)
	at java.util.concurrent.FutureTask.runAndReset(FutureTask.java:308)
	at java.util.concurrent.ScheduledThreadPoolExecutor$ScheduledFutureTask.access$301(ScheduledThreadPoolExecutor.java:180)
	at java.util.concurrent.ScheduledThreadPoolExecutor$ScheduledFutureTask.run(ScheduledThreadPoolExecutor.java:294)
	at java.util.concurrent.ThreadPoolExecutor.runWorker(ThreadPoolExecutor.java:1149)
	at java.util.concurrent.ThreadPoolExecutor$Worker.run(ThreadPoolExecutor.java:624)
	at java.lang.Thread.run(Thread.java:748)
2019-09-25 12:55:07,511 [IPC Server handler 9 on 44542] INFO  pipeline.PipelinePlacementPolicy (PipelinePlacementPolicy.java:meetCriteria(91)) - Pipeline Placement: can't place more pipeline on heavy datanode： 890a050a-36b3-47fb-a6ed-f900cd3e56cf Heaviness: 6 limit: 5
2019-09-25 12:55:07,512 [IPC Server handler 9 on 44542] INFO  pipeline.PipelinePlacementPolicy (PipelinePlacementPolicy.java:meetCriteria(91)) - Pipeline Placement: can't place more pipeline on heavy datanode： 9ab7590b-dd39-4196-b964-8ab9f907299e Heaviness: 6 limit: 5
2019-09-25 12:55:07,512 [IPC Server handler 9 on 44542] INFO  pipeline.PipelinePlacementPolicy (PipelinePlacementPolicy.java:meetCriteria(91)) - Pipeline Placement: can't place more pipeline on heavy datanode： 5c86796b-6b73-4de6-91b0-1a3ae4d4f66e Heaviness: 6 limit: 5
2019-09-25 12:55:07,512 [IPC Server handler 9 on 44542] INFO  pipeline.PipelinePlacementPolicy (PipelinePlacementPolicy.java:meetCriteria(91)) - Pipeline Placement: can't place more pipeline on heavy datanode： b5f65341-71e3-4bdb-b257-250c7a42131a Heaviness: 6 limit: 5
2019-09-25 12:55:07,512 [IPC Server handler 9 on 44542] INFO  pipeline.PipelinePlacementPolicy (PipelinePlacementPolicy.java:meetCriteria(91)) - Pipeline Placement: can't place more pipeline on heavy datanode： d3ebfba2-1061-4a1b-b9ff-fcd56525b262 Heaviness: 6 limit: 5
2019-09-25 12:55:07,513 [IPC Server handler 9 on 44542] ERROR pipeline.PipelinePlacementPolicy (PipelinePlacementPolicy.java:filterViableNodes(148)) - Unable to find enough nodes that meet the criteria that cannot engage in more than 5 pipelines. Nodes required: 3 Found: 0, healthy nodes count inNodeManager: 5.
2019-09-25 12:55:07,513 [IPC Server handler 9 on 44542] ERROR pipeline.SCMPipelineManager (SCMPipelineManager.java:createPipeline(167)) - Pipeline creation failed.
org.apache.hadoop.hdds.scm.exceptions.SCMException: Unable to find enough nodes that meet the criteria that cannot engage in more than 5 pipelines. Nodes required: 3 Found: 0, healthy nodes count inNodeManager: 5.
	at org.apache.hadoop.hdds.scm.pipeline.PipelinePlacementPolicy.filterViableNodes(PipelinePlacementPolicy.java:149)
	at org.apache.hadoop.hdds.scm.pipeline.PipelinePlacementPolicy.chooseDatanodes(PipelinePlacementPolicy.java:172)
	at org.apache.hadoop.hdds.scm.pipeline.RatisPipelineProvider.create(RatisPipelineProvider.java:93)
	at org.apache.hadoop.hdds.scm.pipeline.PipelineFactory.create(PipelineFactory.java:58)
	at org.apache.hadoop.hdds.scm.pipeline.SCMPipelineManager.createPipeline(SCMPipelineManager.java:155)
	at org.apache.hadoop.hdds.scm.block.BlockManagerImpl.allocateBlock(BlockManagerImpl.java:190)
	at org.apache.hadoop.hdds.scm.server.SCMBlockProtocolServer.allocateBlock(SCMBlockProtocolServer.java:182)
	at org.apache.hadoop.ozone.protocolPB.ScmBlockLocationProtocolServerSideTranslatorPB.allocateScmBlock(ScmBlockLocationProtocolServerSideTranslatorPB.java:183)
	at org.apache.hadoop.ozone.protocolPB.ScmBlockLocationProtocolServerSideTranslatorPB.processMessage(ScmBlockLocationProtocolServerSideTranslatorPB.java:141)
	at org.apache.hadoop.ozone.protocolPB.ScmBlockLocationProtocolServerSideTranslatorPB.send(ScmBlockLocationProtocolServerSideTranslatorPB.java:116)
	at org.apache.hadoop.hdds.protocol.proto.ScmBlockLocationProtocolProtos$ScmBlockLocationProtocolService$2.callBlockingMethod(ScmBlockLocationProtocolProtos.java:13157)
	at org.apache.hadoop.ipc.ProtobufRpcEngine$Server$ProtoBufRpcInvoker.call(ProtobufRpcEngine.java:524)
	at org.apache.hadoop.ipc.RPC$Server.call(RPC.java:1025)
	at org.apache.hadoop.ipc.Server$RpcCall.run(Server.java:876)
	at org.apache.hadoop.ipc.Server$RpcCall.run(Server.java:822)
	at java.security.AccessController.doPrivileged(Native Method)
	at javax.security.auth.Subject.doAs(Subject.java:422)
	at org.apache.hadoop.security.UserGroupInformation.doAs(UserGroupInformation.java:1730)
	at org.apache.hadoop.ipc.Server$Handler.run(Server.java:2682)
2019-09-25 12:55:07,514 [IPC Server handler 9 on 44542] WARN  block.BlockManagerImpl (BlockManagerImpl.java:allocateBlock(192)) - Pipeline creation failed for type:RATIS factor:THREE. Retrying get pipelines call once.
org.apache.hadoop.hdds.scm.exceptions.SCMException: Unable to find enough nodes that meet the criteria that cannot engage in more than 5 pipelines. Nodes required: 3 Found: 0, healthy nodes count inNodeManager: 5.
	at org.apache.hadoop.hdds.scm.pipeline.PipelinePlacementPolicy.filterViableNodes(PipelinePlacementPolicy.java:149)
	at org.apache.hadoop.hdds.scm.pipeline.PipelinePlacementPolicy.chooseDatanodes(PipelinePlacementPolicy.java:172)
	at org.apache.hadoop.hdds.scm.pipeline.RatisPipelineProvider.create(RatisPipelineProvider.java:93)
	at org.apache.hadoop.hdds.scm.pipeline.PipelineFactory.create(PipelineFactory.java:58)
	at org.apache.hadoop.hdds.scm.pipeline.SCMPipelineManager.createPipeline(SCMPipelineManager.java:155)
	at org.apache.hadoop.hdds.scm.block.BlockManagerImpl.allocateBlock(BlockManagerImpl.java:190)
	at org.apache.hadoop.hdds.scm.server.SCMBlockProtocolServer.allocateBlock(SCMBlockProtocolServer.java:182)
	at org.apache.hadoop.ozone.protocolPB.ScmBlockLocationProtocolServerSideTranslatorPB.allocateScmBlock(ScmBlockLocationProtocolServerSideTranslatorPB.java:183)
	at org.apache.hadoop.ozone.protocolPB.ScmBlockLocationProtocolServerSideTranslatorPB.processMessage(ScmBlockLocationProtocolServerSideTranslatorPB.java:141)
	at org.apache.hadoop.ozone.protocolPB.ScmBlockLocationProtocolServerSideTranslatorPB.send(ScmBlockLocationProtocolServerSideTranslatorPB.java:116)
	at org.apache.hadoop.hdds.protocol.proto.ScmBlockLocationProtocolProtos$ScmBlockLocationProtocolService$2.callBlockingMethod(ScmBlockLocationProtocolProtos.java:13157)
	at org.apache.hadoop.ipc.ProtobufRpcEngine$Server$ProtoBufRpcInvoker.call(ProtobufRpcEngine.java:524)
	at org.apache.hadoop.ipc.RPC$Server.call(RPC.java:1025)
	at org.apache.hadoop.ipc.Server$RpcCall.run(Server.java:876)
	at org.apache.hadoop.ipc.Server$RpcCall.run(Server.java:822)
	at java.security.AccessController.doPrivileged(Native Method)
	at javax.security.auth.Subject.doAs(Subject.java:422)
	at org.apache.hadoop.security.UserGroupInformation.doAs(UserGroupInformation.java:1730)
	at org.apache.hadoop.ipc.Server$Handler.run(Server.java:2682)
2019-09-25 12:55:07,514 [IPC Server handler 9 on 44542] INFO  block.BlockManagerImpl (BlockManagerImpl.java:allocateBlock(198)) - Could not find available pipeline of type:RATIS and factor:THREE even after retrying
2019-09-25 12:55:07,514 [IPC Server handler 9 on 44542] ERROR block.BlockManagerImpl (BlockManagerImpl.java:allocateBlock(222)) - Unable to allocate a block for the size: 4194304, type: RATIS, factor: THREE
2019-09-25 12:55:07,514 [IPC Server handler 9 on 44542] INFO  pipeline.PipelinePlacementPolicy (PipelinePlacementPolicy.java:meetCriteria(91)) - Pipeline Placement: can't place more pipeline on heavy datanode： 890a050a-36b3-47fb-a6ed-f900cd3e56cf Heaviness: 6 limit: 5
2019-09-25 12:55:07,515 [IPC Server handler 9 on 44542] INFO  pipeline.PipelinePlacementPolicy (PipelinePlacementPolicy.java:meetCriteria(91)) - Pipeline Placement: can't place more pipeline on heavy datanode： 9ab7590b-dd39-4196-b964-8ab9f907299e Heaviness: 6 limit: 5
2019-09-25 12:55:07,515 [IPC Server handler 9 on 44542] INFO  pipeline.PipelinePlacementPolicy (PipelinePlacementPolicy.java:meetCriteria(91)) - Pipeline Placement: can't place more pipeline on heavy datanode： 5c86796b-6b73-4de6-91b0-1a3ae4d4f66e Heaviness: 6 limit: 5
2019-09-25 12:55:07,515 [IPC Server handler 9 on 44542] INFO  pipeline.PipelinePlacementPolicy (PipelinePlacementPolicy.java:meetCriteria(91)) - Pipeline Placement: can't place more pipeline on heavy datanode： b5f65341-71e3-4bdb-b257-250c7a42131a Heaviness: 6 limit: 5
2019-09-25 12:55:07,515 [IPC Server handler 9 on 44542] INFO  pipeline.PipelinePlacementPolicy (PipelinePlacementPolicy.java:meetCriteria(91)) - Pipeline Placement: can't place more pipeline on heavy datanode： d3ebfba2-1061-4a1b-b9ff-fcd56525b262 Heaviness: 6 limit: 5
2019-09-25 12:55:07,515 [IPC Server handler 9 on 44542] ERROR pipeline.PipelinePlacementPolicy (PipelinePlacementPolicy.java:filterViableNodes(148)) - Unable to find enough nodes that meet the criteria that cannot engage in more than 5 pipelines. Nodes required: 3 Found: 0, healthy nodes count inNodeManager: 5.
2019-09-25 12:55:07,516 [IPC Server handler 9 on 44542] ERROR pipeline.SCMPipelineManager (SCMPipelineManager.java:createPipeline(167)) - Pipeline creation failed.
org.apache.hadoop.hdds.scm.exceptions.SCMException: Unable to find enough nodes that meet the criteria that cannot engage in more than 5 pipelines. Nodes required: 3 Found: 0, healthy nodes count inNodeManager: 5.
	at org.apache.hadoop.hdds.scm.pipeline.PipelinePlacementPolicy.filterViableNodes(PipelinePlacementPolicy.java:149)
	at org.apache.hadoop.hdds.scm.pipeline.PipelinePlacementPolicy.chooseDatanodes(PipelinePlacementPolicy.java:172)
	at org.apache.hadoop.hdds.scm.pipeline.RatisPipelineProvider.create(RatisPipelineProvider.java:93)
	at org.apache.hadoop.hdds.scm.pipeline.PipelineFactory.create(PipelineFactory.java:58)
	at org.apache.hadoop.hdds.scm.pipeline.SCMPipelineManager.createPipeline(SCMPipelineManager.java:155)
	at org.apache.hadoop.hdds.scm.block.BlockManagerImpl.allocateBlock(BlockManagerImpl.java:190)
	at org.apache.hadoop.hdds.scm.server.SCMBlockProtocolServer.allocateBlock(SCMBlockProtocolServer.java:182)
	at org.apache.hadoop.ozone.protocolPB.ScmBlockLocationProtocolServerSideTranslatorPB.allocateScmBlock(ScmBlockLocationProtocolServerSideTranslatorPB.java:183)
	at org.apache.hadoop.ozone.protocolPB.ScmBlockLocationProtocolServerSideTranslatorPB.processMessage(ScmBlockLocationProtocolServerSideTranslatorPB.java:141)
	at org.apache.hadoop.ozone.protocolPB.ScmBlockLocationProtocolServerSideTranslatorPB.send(ScmBlockLocationProtocolServerSideTranslatorPB.java:116)
	at org.apache.hadoop.hdds.protocol.proto.ScmBlockLocationProtocolProtos$ScmBlockLocationProtocolService$2.callBlockingMethod(ScmBlockLocationProtocolProtos.java:13157)
	at org.apache.hadoop.ipc.ProtobufRpcEngine$Server$ProtoBufRpcInvoker.call(ProtobufRpcEngine.java:524)
	at org.apache.hadoop.ipc.RPC$Server.call(RPC.java:1025)
	at org.apache.hadoop.ipc.Server$RpcCall.run(Server.java:876)
	at org.apache.hadoop.ipc.Server$RpcCall.run(Server.java:822)
	at java.security.AccessController.doPrivileged(Native Method)
	at javax.security.auth.Subject.doAs(Subject.java:422)
	at org.apache.hadoop.security.UserGroupInformation.doAs(UserGroupInformation.java:1730)
	at org.apache.hadoop.ipc.Server$Handler.run(Server.java:2682)
2019-09-25 12:55:07,516 [IPC Server handler 9 on 44542] WARN  block.BlockManagerImpl (BlockManagerImpl.java:allocateBlock(192)) - Pipeline creation failed for type:RATIS factor:THREE. Retrying get pipelines call once.
org.apache.hadoop.hdds.scm.exceptions.SCMException: Unable to find enough nodes that meet the criteria that cannot engage in more than 5 pipelines. Nodes required: 3 Found: 0, healthy nodes count inNodeManager: 5.
	at org.apache.hadoop.hdds.scm.pipeline.PipelinePlacementPolicy.filterViableNodes(PipelinePlacementPolicy.java:149)
	at org.apache.hadoop.hdds.scm.pipeline.PipelinePlacementPolicy.chooseDatanodes(PipelinePlacementPolicy.java:172)
	at org.apache.hadoop.hdds.scm.pipeline.RatisPipelineProvider.create(RatisPipelineProvider.java:93)
	at org.apache.hadoop.hdds.scm.pipeline.PipelineFactory.create(PipelineFactory.java:58)
	at org.apache.hadoop.hdds.scm.pipeline.SCMPipelineManager.createPipeline(SCMPipelineManager.java:155)
	at org.apache.hadoop.hdds.scm.block.BlockManagerImpl.allocateBlock(BlockManagerImpl.java:190)
	at org.apache.hadoop.hdds.scm.server.SCMBlockProtocolServer.allocateBlock(SCMBlockProtocolServer.java:182)
	at org.apache.hadoop.ozone.protocolPB.ScmBlockLocationProtocolServerSideTranslatorPB.allocateScmBlock(ScmBlockLocationProtocolServerSideTranslatorPB.java:183)
	at org.apache.hadoop.ozone.protocolPB.ScmBlockLocationProtocolServerSideTranslatorPB.processMessage(ScmBlockLocationProtocolServerSideTranslatorPB.java:141)
	at org.apache.hadoop.ozone.protocolPB.ScmBlockLocationProtocolServerSideTranslatorPB.send(ScmBlockLocationProtocolServerSideTranslatorPB.java:116)
	at org.apache.hadoop.hdds.protocol.proto.ScmBlockLocationProtocolProtos$ScmBlockLocationProtocolService$2.callBlockingMethod(ScmBlockLocationProtocolProtos.java:13157)
	at org.apache.hadoop.ipc.ProtobufRpcEngine$Server$ProtoBufRpcInvoker.call(ProtobufRpcEngine.java:524)
	at org.apache.hadoop.ipc.RPC$Server.call(RPC.java:1025)
	at org.apache.hadoop.ipc.Server$RpcCall.run(Server.java:876)
	at org.apache.hadoop.ipc.Server$RpcCall.run(Server.java:822)
	at java.security.AccessController.doPrivileged(Native Method)
	at javax.security.auth.Subject.doAs(Subject.java:422)
	at org.apache.hadoop.security.UserGroupInformation.doAs(UserGroupInformation.java:1730)
	at org.apache.hadoop.ipc.Server$Handler.run(Server.java:2682)
2019-09-25 12:55:07,517 [IPC Server handler 9 on 44542] INFO  block.BlockManagerImpl (BlockManagerImpl.java:allocateBlock(198)) - Could not find available pipeline of type:RATIS and factor:THREE even after retrying
2019-09-25 12:55:07,517 [IPC Server handler 9 on 44542] ERROR block.BlockManagerImpl (BlockManagerImpl.java:allocateBlock(222)) - Unable to allocate a block for the size: 4194304, type: RATIS, factor: THREE
2019-09-25 12:55:07,517 [IPC Server handler 9 on 44542] INFO  pipeline.PipelinePlacementPolicy (PipelinePlacementPolicy.java:meetCriteria(91)) - Pipeline Placement: can't place more pipeline on heavy datanode： 890a050a-36b3-47fb-a6ed-f900cd3e56cf Heaviness: 6 limit: 5
2019-09-25 12:55:07,517 [IPC Server handler 9 on 44542] INFO  pipeline.PipelinePlacementPolicy (PipelinePlacementPolicy.java:meetCriteria(91)) - Pipeline Placement: can't place more pipeline on heavy datanode： 9ab7590b-dd39-4196-b964-8ab9f907299e Heaviness: 6 limit: 5
2019-09-25 12:55:07,518 [IPC Server handler 9 on 44542] INFO  pipeline.PipelinePlacementPolicy (PipelinePlacementPolicy.java:meetCriteria(91)) - Pipeline Placement: can't place more pipeline on heavy datanode： 5c86796b-6b73-4de6-91b0-1a3ae4d4f66e Heaviness: 6 limit: 5
2019-09-25 12:55:07,518 [IPC Server handler 9 on 44542] INFO  pipeline.PipelinePlacementPolicy (PipelinePlacementPolicy.java:meetCriteria(91)) - Pipeline Placement: can't place more pipeline on heavy datanode： b5f65341-71e3-4bdb-b257-250c7a42131a Heaviness: 6 limit: 5
2019-09-25 12:55:07,518 [IPC Server handler 9 on 44542] INFO  pipeline.PipelinePlacementPolicy (PipelinePlacementPolicy.java:meetCriteria(91)) - Pipeline Placement: can't place more pipeline on heavy datanode： d3ebfba2-1061-4a1b-b9ff-fcd56525b262 Heaviness: 6 limit: 5
2019-09-25 12:55:07,518 [IPC Server handler 9 on 44542] ERROR pipeline.PipelinePlacementPolicy (PipelinePlacementPolicy.java:filterViableNodes(148)) - Unable to find enough nodes that meet the criteria that cannot engage in more than 5 pipelines. Nodes required: 3 Found: 0, healthy nodes count inNodeManager: 5.
2019-09-25 12:55:07,518 [IPC Server handler 9 on 44542] ERROR pipeline.SCMPipelineManager (SCMPipelineManager.java:createPipeline(167)) - Pipeline creation failed.
org.apache.hadoop.hdds.scm.exceptions.SCMException: Unable to find enough nodes that meet the criteria that cannot engage in more than 5 pipelines. Nodes required: 3 Found: 0, healthy nodes count inNodeManager: 5.
	at org.apache.hadoop.hdds.scm.pipeline.PipelinePlacementPolicy.filterViableNodes(PipelinePlacementPolicy.java:149)
	at org.apache.hadoop.hdds.scm.pipeline.PipelinePlacementPolicy.chooseDatanodes(PipelinePlacementPolicy.java:172)
	at org.apache.hadoop.hdds.scm.pipeline.RatisPipelineProvider.create(RatisPipelineProvider.java:93)
	at org.apache.hadoop.hdds.scm.pipeline.PipelineFactory.create(PipelineFactory.java:58)
	at org.apache.hadoop.hdds.scm.pipeline.SCMPipelineManager.createPipeline(SCMPipelineManager.java:155)
	at org.apache.hadoop.hdds.scm.block.BlockManagerImpl.allocateBlock(BlockManagerImpl.java:190)
	at org.apache.hadoop.hdds.scm.server.SCMBlockProtocolServer.allocateBlock(SCMBlockProtocolServer.java:182)
	at org.apache.hadoop.ozone.protocolPB.ScmBlockLocationProtocolServerSideTranslatorPB.allocateScmBlock(ScmBlockLocationProtocolServerSideTranslatorPB.java:183)
	at org.apache.hadoop.ozone.protocolPB.ScmBlockLocationProtocolServerSideTranslatorPB.processMessage(ScmBlockLocationProtocolServerSideTranslatorPB.java:141)
	at org.apache.hadoop.ozone.protocolPB.ScmBlockLocationProtocolServerSideTranslatorPB.send(ScmBlockLocationProtocolServerSideTranslatorPB.java:116)
	at org.apache.hadoop.hdds.protocol.proto.ScmBlockLocationProtocolProtos$ScmBlockLocationProtocolService$2.callBlockingMethod(ScmBlockLocationProtocolProtos.java:13157)
	at org.apache.hadoop.ipc.ProtobufRpcEngine$Server$ProtoBufRpcInvoker.call(ProtobufRpcEngine.java:524)
	at org.apache.hadoop.ipc.RPC$Server.call(RPC.java:1025)
	at org.apache.hadoop.ipc.Server$RpcCall.run(Server.java:876)
	at org.apache.hadoop.ipc.Server$RpcCall.run(Server.java:822)
	at java.security.AccessController.doPrivileged(Native Method)
	at javax.security.auth.Subject.doAs(Subject.java:422)
	at org.apache.hadoop.security.UserGroupInformation.doAs(UserGroupInformation.java:1730)
	at org.apache.hadoop.ipc.Server$Handler.run(Server.java:2682)
2019-09-25 12:55:07,519 [IPC Server handler 9 on 44542] WARN  block.BlockManagerImpl (BlockManagerImpl.java:allocateBlock(192)) - Pipeline creation failed for type:RATIS factor:THREE. Retrying get pipelines call once.
org.apache.hadoop.hdds.scm.exceptions.SCMException: Unable to find enough nodes that meet the criteria that cannot engage in more than 5 pipelines. Nodes required: 3 Found: 0, healthy nodes count inNodeManager: 5.
	at org.apache.hadoop.hdds.scm.pipeline.PipelinePlacementPolicy.filterViableNodes(PipelinePlacementPolicy.java:149)
	at org.apache.hadoop.hdds.scm.pipeline.PipelinePlacementPolicy.chooseDatanodes(PipelinePlacementPolicy.java:172)
	at org.apache.hadoop.hdds.scm.pipeline.RatisPipelineProvider.create(RatisPipelineProvider.java:93)
	at org.apache.hadoop.hdds.scm.pipeline.PipelineFactory.create(PipelineFactory.java:58)
	at org.apache.hadoop.hdds.scm.pipeline.SCMPipelineManager.createPipeline(SCMPipelineManager.java:155)
	at org.apache.hadoop.hdds.scm.block.BlockManagerImpl.allocateBlock(BlockManagerImpl.java:190)
	at org.apache.hadoop.hdds.scm.server.SCMBlockProtocolServer.allocateBlock(SCMBlockProtocolServer.java:182)
	at org.apache.hadoop.ozone.protocolPB.ScmBlockLocationProtocolServerSideTranslatorPB.allocateScmBlock(ScmBlockLocationProtocolServerSideTranslatorPB.java:183)
	at org.apache.hadoop.ozone.protocolPB.ScmBlockLocationProtocolServerSideTranslatorPB.processMessage(ScmBlockLocationProtocolServerSideTranslatorPB.java:141)
	at org.apache.hadoop.ozone.protocolPB.ScmBlockLocationProtocolServerSideTranslatorPB.send(ScmBlockLocationProtocolServerSideTranslatorPB.java:116)
	at org.apache.hadoop.hdds.protocol.proto.ScmBlockLocationProtocolProtos$ScmBlockLocationProtocolService$2.callBlockingMethod(ScmBlockLocationProtocolProtos.java:13157)
	at org.apache.hadoop.ipc.ProtobufRpcEngine$Server$ProtoBufRpcInvoker.call(ProtobufRpcEngine.java:524)
	at org.apache.hadoop.ipc.RPC$Server.call(RPC.java:1025)
	at org.apache.hadoop.ipc.Server$RpcCall.run(Server.java:876)
	at org.apache.hadoop.ipc.Server$RpcCall.run(Server.java:822)
	at java.security.AccessController.doPrivileged(Native Method)
	at javax.security.auth.Subject.doAs(Subject.java:422)
	at org.apache.hadoop.security.UserGroupInformation.doAs(UserGroupInformation.java:1730)
	at org.apache.hadoop.ipc.Server$Handler.run(Server.java:2682)
2019-09-25 12:55:07,519 [IPC Server handler 9 on 44542] INFO  block.BlockManagerImpl (BlockManagerImpl.java:allocateBlock(198)) - Could not find available pipeline of type:RATIS and factor:THREE even after retrying
2019-09-25 12:55:07,520 [IPC Server handler 9 on 44542] ERROR block.BlockManagerImpl (BlockManagerImpl.java:allocateBlock(222)) - Unable to allocate a block for the size: 4194304, type: RATIS, factor: THREE
2019-09-25 12:55:07,520 [IPC Server handler 9 on 44542] INFO  pipeline.PipelinePlacementPolicy (PipelinePlacementPolicy.java:meetCriteria(91)) - Pipeline Placement: can't place more pipeline on heavy datanode： 890a050a-36b3-47fb-a6ed-f900cd3e56cf Heaviness: 6 limit: 5
2019-09-25 12:55:07,520 [IPC Server handler 9 on 44542] INFO  pipeline.PipelinePlacementPolicy (PipelinePlacementPolicy.java:meetCriteria(91)) - Pipeline Placement: can't place more pipeline on heavy datanode： 9ab7590b-dd39-4196-b964-8ab9f907299e Heaviness: 6 limit: 5
2019-09-25 12:55:07,520 [IPC Server handler 9 on 44542] INFO  pipeline.PipelinePlacementPolicy (PipelinePlacementPolicy.java:meetCriteria(91)) - Pipeline Placement: can't place more pipeline on heavy datanode： 5c86796b-6b73-4de6-91b0-1a3ae4d4f66e Heaviness: 6 limit: 5
2019-09-25 12:55:07,520 [IPC Server handler 9 on 44542] INFO  pipeline.PipelinePlacementPolicy (PipelinePlacementPolicy.java:meetCriteria(91)) - Pipeline Placement: can't place more pipeline on heavy datanode： b5f65341-71e3-4bdb-b257-250c7a42131a Heaviness: 6 limit: 5
2019-09-25 12:55:07,521 [IPC Server handler 9 on 44542] INFO  pipeline.PipelinePlacementPolicy (PipelinePlacementPolicy.java:meetCriteria(91)) - Pipeline Placement: can't place more pipeline on heavy datanode： d3ebfba2-1061-4a1b-b9ff-fcd56525b262 Heaviness: 6 limit: 5
2019-09-25 12:55:07,521 [IPC Server handler 9 on 44542] ERROR pipeline.PipelinePlacementPolicy (PipelinePlacementPolicy.java:filterViableNodes(148)) - Unable to find enough nodes that meet the criteria that cannot engage in more than 5 pipelines. Nodes required: 3 Found: 0, healthy nodes count inNodeManager: 5.
2019-09-25 12:55:07,521 [IPC Server handler 9 on 44542] ERROR pipeline.SCMPipelineManager (SCMPipelineManager.java:createPipeline(167)) - Pipeline creation failed.
org.apache.hadoop.hdds.scm.exceptions.SCMException: Unable to find enough nodes that meet the criteria that cannot engage in more than 5 pipelines. Nodes required: 3 Found: 0, healthy nodes count inNodeManager: 5.
	at org.apache.hadoop.hdds.scm.pipeline.PipelinePlacementPolicy.filterViableNodes(PipelinePlacementPolicy.java:149)
	at org.apache.hadoop.hdds.scm.pipeline.PipelinePlacementPolicy.chooseDatanodes(PipelinePlacementPolicy.java:172)
	at org.apache.hadoop.hdds.scm.pipeline.RatisPipelineProvider.create(RatisPipelineProvider.java:93)
	at org.apache.hadoop.hdds.scm.pipeline.PipelineFactory.create(PipelineFactory.java:58)
	at org.apache.hadoop.hdds.scm.pipeline.SCMPipelineManager.createPipeline(SCMPipelineManager.java:155)
	at org.apache.hadoop.hdds.scm.block.BlockManagerImpl.allocateBlock(BlockManagerImpl.java:190)
	at org.apache.hadoop.hdds.scm.server.SCMBlockProtocolServer.allocateBlock(SCMBlockProtocolServer.java:182)
	at org.apache.hadoop.ozone.protocolPB.ScmBlockLocationProtocolServerSideTranslatorPB.allocateScmBlock(ScmBlockLocationProtocolServerSideTranslatorPB.java:183)
	at org.apache.hadoop.ozone.protocolPB.ScmBlockLocationProtocolServerSideTranslatorPB.processMessage(ScmBlockLocationProtocolServerSideTranslatorPB.java:141)
	at org.apache.hadoop.ozone.protocolPB.ScmBlockLocationProtocolServerSideTranslatorPB.send(ScmBlockLocationProtocolServerSideTranslatorPB.java:116)
	at org.apache.hadoop.hdds.protocol.proto.ScmBlockLocationProtocolProtos$ScmBlockLocationProtocolService$2.callBlockingMethod(ScmBlockLocationProtocolProtos.java:13157)
	at org.apache.hadoop.ipc.ProtobufRpcEngine$Server$ProtoBufRpcInvoker.call(ProtobufRpcEngine.java:524)
	at org.apache.hadoop.ipc.RPC$Server.call(RPC.java:1025)
	at org.apache.hadoop.ipc.Server$RpcCall.run(Server.java:876)
	at org.apache.hadoop.ipc.Server$RpcCall.run(Server.java:822)
	at java.security.AccessController.doPrivileged(Native Method)
	at javax.security.auth.Subject.doAs(Subject.java:422)
	at org.apache.hadoop.security.UserGroupInformation.doAs(UserGroupInformation.java:1730)
	at org.apache.hadoop.ipc.Server$Handler.run(Server.java:2682)
2019-09-25 12:55:07,522 [IPC Server handler 9 on 44542] WARN  block.BlockManagerImpl (BlockManagerImpl.java:allocateBlock(192)) - Pipeline creation failed for type:RATIS factor:THREE. Retrying get pipelines call once.
org.apache.hadoop.hdds.scm.exceptions.SCMException: Unable to find enough nodes that meet the criteria that cannot engage in more than 5 pipelines. Nodes required: 3 Found: 0, healthy nodes count inNodeManager: 5.
	at org.apache.hadoop.hdds.scm.pipeline.PipelinePlacementPolicy.filterViableNodes(PipelinePlacementPolicy.java:149)
	at org.apache.hadoop.hdds.scm.pipeline.PipelinePlacementPolicy.chooseDatanodes(PipelinePlacementPolicy.java:172)
	at org.apache.hadoop.hdds.scm.pipeline.RatisPipelineProvider.create(RatisPipelineProvider.java:93)
	at org.apache.hadoop.hdds.scm.pipeline.PipelineFactory.create(PipelineFactory.java:58)
	at org.apache.hadoop.hdds.scm.pipeline.SCMPipelineManager.createPipeline(SCMPipelineManager.java:155)
	at org.apache.hadoop.hdds.scm.block.BlockManagerImpl.allocateBlock(BlockManagerImpl.java:190)
	at org.apache.hadoop.hdds.scm.server.SCMBlockProtocolServer.allocateBlock(SCMBlockProtocolServer.java:182)
	at org.apache.hadoop.ozone.protocolPB.ScmBlockLocationProtocolServerSideTranslatorPB.allocateScmBlock(ScmBlockLocationProtocolServerSideTranslatorPB.java:183)
	at org.apache.hadoop.ozone.protocolPB.ScmBlockLocationProtocolServerSideTranslatorPB.processMessage(ScmBlockLocationProtocolServerSideTranslatorPB.java:141)
	at org.apache.hadoop.ozone.protocolPB.ScmBlockLocationProtocolServerSideTranslatorPB.send(ScmBlockLocationProtocolServerSideTranslatorPB.java:116)
	at org.apache.hadoop.hdds.protocol.proto.ScmBlockLocationProtocolProtos$ScmBlockLocationProtocolService$2.callBlockingMethod(ScmBlockLocationProtocolProtos.java:13157)
	at org.apache.hadoop.ipc.ProtobufRpcEngine$Server$ProtoBufRpcInvoker.call(ProtobufRpcEngine.java:524)
	at org.apache.hadoop.ipc.RPC$Server.call(RPC.java:1025)
	at org.apache.hadoop.ipc.Server$RpcCall.run(Server.java:876)
	at org.apache.hadoop.ipc.Server$RpcCall.run(Server.java:822)
	at java.security.AccessController.doPrivileged(Native Method)
	at javax.security.auth.Subject.doAs(Subject.java:422)
	at org.apache.hadoop.security.UserGroupInformation.doAs(UserGroupInformation.java:1730)
	at org.apache.hadoop.ipc.Server$Handler.run(Server.java:2682)
2019-09-25 12:55:07,522 [IPC Server handler 9 on 44542] INFO  block.BlockManagerImpl (BlockManagerImpl.java:allocateBlock(198)) - Could not find available pipeline of type:RATIS and factor:THREE even after retrying
2019-09-25 12:55:07,522 [IPC Server handler 9 on 44542] ERROR block.BlockManagerImpl (BlockManagerImpl.java:allocateBlock(222)) - Unable to allocate a block for the size: 4194304, type: RATIS, factor: THREE
2019-09-25 12:55:07,522 [IPC Server handler 9 on 44542] INFO  pipeline.PipelinePlacementPolicy (PipelinePlacementPolicy.java:meetCriteria(91)) - Pipeline Placement: can't place more pipeline on heavy datanode： 890a050a-36b3-47fb-a6ed-f900cd3e56cf Heaviness: 6 limit: 5
2019-09-25 12:55:07,523 [IPC Server handler 9 on 44542] INFO  pipeline.PipelinePlacementPolicy (PipelinePlacementPolicy.java:meetCriteria(91)) - Pipeline Placement: can't place more pipeline on heavy datanode： 9ab7590b-dd39-4196-b964-8ab9f907299e Heaviness: 6 limit: 5
2019-09-25 12:55:07,523 [IPC Server handler 9 on 44542] INFO  pipeline.PipelinePlacementPolicy (PipelinePlacementPolicy.java:meetCriteria(91)) - Pipeline Placement: can't place more pipeline on heavy datanode： 5c86796b-6b73-4de6-91b0-1a3ae4d4f66e Heaviness: 6 limit: 5
2019-09-25 12:55:07,523 [IPC Server handler 9 on 44542] INFO  pipeline.PipelinePlacementPolicy (PipelinePlacementPolicy.java:meetCriteria(91)) - Pipeline Placement: can't place more pipeline on heavy datanode： b5f65341-71e3-4bdb-b257-250c7a42131a Heaviness: 6 limit: 5
2019-09-25 12:55:07,523 [IPC Server handler 9 on 44542] INFO  pipeline.PipelinePlacementPolicy (PipelinePlacementPolicy.java:meetCriteria(91)) - Pipeline Placement: can't place more pipeline on heavy datanode： d3ebfba2-1061-4a1b-b9ff-fcd56525b262 Heaviness: 6 limit: 5
2019-09-25 12:55:07,523 [IPC Server handler 9 on 44542] ERROR pipeline.PipelinePlacementPolicy (PipelinePlacementPolicy.java:filterViableNodes(148)) - Unable to find enough nodes that meet the criteria that cannot engage in more than 5 pipelines. Nodes required: 3 Found: 0, healthy nodes count inNodeManager: 5.
2019-09-25 12:55:07,524 [IPC Server handler 9 on 44542] ERROR pipeline.SCMPipelineManager (SCMPipelineManager.java:createPipeline(167)) - Pipeline creation failed.
org.apache.hadoop.hdds.scm.exceptions.SCMException: Unable to find enough nodes that meet the criteria that cannot engage in more than 5 pipelines. Nodes required: 3 Found: 0, healthy nodes count inNodeManager: 5.
	at org.apache.hadoop.hdds.scm.pipeline.PipelinePlacementPolicy.filterViableNodes(PipelinePlacementPolicy.java:149)
	at org.apache.hadoop.hdds.scm.pipeline.PipelinePlacementPolicy.chooseDatanodes(PipelinePlacementPolicy.java:172)
	at org.apache.hadoop.hdds.scm.pipeline.RatisPipelineProvider.create(RatisPipelineProvider.java:93)
	at org.apache.hadoop.hdds.scm.pipeline.PipelineFactory.create(PipelineFactory.java:58)
	at org.apache.hadoop.hdds.scm.pipeline.SCMPipelineManager.createPipeline(SCMPipelineManager.java:155)
	at org.apache.hadoop.hdds.scm.block.BlockManagerImpl.allocateBlock(BlockManagerImpl.java:190)
	at org.apache.hadoop.hdds.scm.server.SCMBlockProtocolServer.allocateBlock(SCMBlockProtocolServer.java:182)
	at org.apache.hadoop.ozone.protocolPB.ScmBlockLocationProtocolServerSideTranslatorPB.allocateScmBlock(ScmBlockLocationProtocolServerSideTranslatorPB.java:183)
	at org.apache.hadoop.ozone.protocolPB.ScmBlockLocationProtocolServerSideTranslatorPB.processMessage(ScmBlockLocationProtocolServerSideTranslatorPB.java:141)
	at org.apache.hadoop.ozone.protocolPB.ScmBlockLocationProtocolServerSideTranslatorPB.send(ScmBlockLocationProtocolServerSideTranslatorPB.java:116)
	at org.apache.hadoop.hdds.protocol.proto.ScmBlockLocationProtocolProtos$ScmBlockLocationProtocolService$2.callBlockingMethod(ScmBlockLocationProtocolProtos.java:13157)
	at org.apache.hadoop.ipc.ProtobufRpcEngine$Server$ProtoBufRpcInvoker.call(ProtobufRpcEngine.java:524)
	at org.apache.hadoop.ipc.RPC$Server.call(RPC.java:1025)
	at org.apache.hadoop.ipc.Server$RpcCall.run(Server.java:876)
	at org.apache.hadoop.ipc.Server$RpcCall.run(Server.java:822)
	at java.security.AccessController.doPrivileged(Native Method)
	at javax.security.auth.Subject.doAs(Subject.java:422)
	at org.apache.hadoop.security.UserGroupInformation.doAs(UserGroupInformation.java:1730)
	at org.apache.hadoop.ipc.Server$Handler.run(Server.java:2682)
2019-09-25 12:55:07,524 [IPC Server handler 9 on 44542] WARN  block.BlockManagerImpl (BlockManagerImpl.java:allocateBlock(192)) - Pipeline creation failed for type:RATIS factor:THREE. Retrying get pipelines call once.
org.apache.hadoop.hdds.scm.exceptions.SCMException: Unable to find enough nodes that meet the criteria that cannot engage in more than 5 pipelines. Nodes required: 3 Found: 0, healthy nodes count inNodeManager: 5.
	at org.apache.hadoop.hdds.scm.pipeline.PipelinePlacementPolicy.filterViableNodes(PipelinePlacementPolicy.java:149)
	at org.apache.hadoop.hdds.scm.pipeline.PipelinePlacementPolicy.chooseDatanodes(PipelinePlacementPolicy.java:172)
	at org.apache.hadoop.hdds.scm.pipeline.RatisPipelineProvider.create(RatisPipelineProvider.java:93)
	at org.apache.hadoop.hdds.scm.pipeline.PipelineFactory.create(PipelineFactory.java:58)
	at org.apache.hadoop.hdds.scm.pipeline.SCMPipelineManager.createPipeline(SCMPipelineManager.java:155)
	at org.apache.hadoop.hdds.scm.block.BlockManagerImpl.allocateBlock(BlockManagerImpl.java:190)
	at org.apache.hadoop.hdds.scm.server.SCMBlockProtocolServer.allocateBlock(SCMBlockProtocolServer.java:182)
	at org.apache.hadoop.ozone.protocolPB.ScmBlockLocationProtocolServerSideTranslatorPB.allocateScmBlock(ScmBlockLocationProtocolServerSideTranslatorPB.java:183)
	at org.apache.hadoop.ozone.protocolPB.ScmBlockLocationProtocolServerSideTranslatorPB.processMessage(ScmBlockLocationProtocolServerSideTranslatorPB.java:141)
	at org.apache.hadoop.ozone.protocolPB.ScmBlockLocationProtocolServerSideTranslatorPB.send(ScmBlockLocationProtocolServerSideTranslatorPB.java:116)
	at org.apache.hadoop.hdds.protocol.proto.ScmBlockLocationProtocolProtos$ScmBlockLocationProtocolService$2.callBlockingMethod(ScmBlockLocationProtocolProtos.java:13157)
	at org.apache.hadoop.ipc.ProtobufRpcEngine$Server$ProtoBufRpcInvoker.call(ProtobufRpcEngine.java:524)
	at org.apache.hadoop.ipc.RPC$Server.call(RPC.java:1025)
	at org.apache.hadoop.ipc.Server$RpcCall.run(Server.java:876)
	at org.apache.hadoop.ipc.Server$RpcCall.run(Server.java:822)
	at java.security.AccessController.doPrivileged(Native Method)
	at javax.security.auth.Subject.doAs(Subject.java:422)
	at org.apache.hadoop.security.UserGroupInformation.doAs(UserGroupInformation.java:1730)
	at org.apache.hadoop.ipc.Server$Handler.run(Server.java:2682)
2019-09-25 12:55:07,525 [IPC Server handler 9 on 44542] INFO  block.BlockManagerImpl (BlockManagerImpl.java:allocateBlock(198)) - Could not find available pipeline of type:RATIS and factor:THREE even after retrying
2019-09-25 12:55:07,525 [IPC Server handler 9 on 44542] ERROR block.BlockManagerImpl (BlockManagerImpl.java:allocateBlock(222)) - Unable to allocate a block for the size: 4194304, type: RATIS, factor: THREE
2019-09-25 12:55:07,532 [pool-73-thread-2] ERROR freon.RandomKeyGenerator (RandomKeyGenerator.java:createKey(733)) - Exception while adding key: key-0-17193 in bucket: bucket-0-84067 of volume: vol-0-21374.
INTERNAL_ERROR org.apache.hadoop.ozone.om.exceptions.OMException: Allocated 0 blocks. Requested 5 blocks
	at org.apache.hadoop.ozone.om.protocolPB.OzoneManagerProtocolClientSideTranslatorPB.handleError(OzoneManagerProtocolClientSideTranslatorPB.java:732)
	at org.apache.hadoop.ozone.om.protocolPB.OzoneManagerProtocolClientSideTranslatorPB.openKey(OzoneManagerProtocolClientSideTranslatorPB.java:723)
	at sun.reflect.NativeMethodAccessorImpl.invoke0(Native Method)
	at sun.reflect.NativeMethodAccessorImpl.invoke(NativeMethodAccessorImpl.java:62)
	at sun.reflect.DelegatingMethodAccessorImpl.invoke(DelegatingMethodAccessorImpl.java:43)
	at java.lang.reflect.Method.invoke(Method.java:498)
	at org.apache.hadoop.hdds.tracing.TraceAllMethod.invoke(TraceAllMethod.java:66)
	at com.sun.proxy.$Proxy37.openKey(Unknown Source)
	at org.apache.hadoop.ozone.client.rpc.RpcClient.createKey(RpcClient.java:614)
	at org.apache.hadoop.ozone.client.OzoneBucket.createKey(OzoneBucket.java:325)
	at org.apache.hadoop.ozone.freon.RandomKeyGenerator.createKey(RandomKeyGenerator.java:695)
	at org.apache.hadoop.ozone.freon.RandomKeyGenerator.access$1100(RandomKeyGenerator.java:88)
	at org.apache.hadoop.ozone.freon.RandomKeyGenerator$ObjectCreator.run(RandomKeyGenerator.java:615)
	at java.util.concurrent.Executors$RunnableAdapter.call(Executors.java:511)
	at java.util.concurrent.FutureTask.run(FutureTask.java:266)
	at java.util.concurrent.ThreadPoolExecutor.runWorker(ThreadPoolExecutor.java:1149)
	at java.util.concurrent.ThreadPoolExecutor$Worker.run(ThreadPoolExecutor.java:624)
	at java.lang.Thread.run(Thread.java:748)
 0.00% |█                                                                                                    |  0/1 Time: 0:00:032019-09-25 12:55:09,098 [Thread-210] INFO  impl.FollowerState (FollowerState.java:run(106)) - 5c86796b-6b73-4de6-91b0-1a3ae4d4f66e:group-ED33B86D7F85 changes to CANDIDATE, lastRpcTime:5019, electionTimeout:5019ms
2019-09-25 12:55:09,101 [Thread-210] INFO  impl.RoleInfo (RoleInfo.java:shutdownFollowerState(121)) - 5c86796b-6b73-4de6-91b0-1a3ae4d4f66e: shutdown FollowerState
2019-09-25 12:55:09,101 [Thread-210] INFO  impl.RaftServerImpl (RaftServerImpl.java:setRole(174)) - 5c86796b-6b73-4de6-91b0-1a3ae4d4f66e@group-ED33B86D7F85: changes role from  FOLLOWER to CANDIDATE at term 0 for changeToCandidate
2019-09-25 12:55:09,109 [Thread-210] INFO  impl.RoleInfo (RoleInfo.java:updateAndGet(143)) - 5c86796b-6b73-4de6-91b0-1a3ae4d4f66e: start LeaderElection
2019-09-25 12:55:09,139 [5c86796b-6b73-4de6-91b0-1a3ae4d4f66e@group-ED33B86D7F85:LeaderElection1] INFO  impl.LeaderElection (LeaderElection.java:askForVotes(182)) - 5c86796b-6b73-4de6-91b0-1a3ae4d4f66e@group-ED33B86D7F85:LeaderElection1: begin an election at term 1 for -1: [5c86796b-6b73-4de6-91b0-1a3ae4d4f66e:192.168.151.73:42606], old=null
2019-09-25 12:55:09,141 [5c86796b-6b73-4de6-91b0-1a3ae4d4f66e@group-ED33B86D7F85:LeaderElection1] INFO  impl.RoleInfo (RoleInfo.java:shutdownLeaderElection(134)) - 5c86796b-6b73-4de6-91b0-1a3ae4d4f66e: shutdown LeaderElection
2019-09-25 12:55:09,142 [5c86796b-6b73-4de6-91b0-1a3ae4d4f66e@group-ED33B86D7F85:LeaderElection1] INFO  impl.RaftServerImpl (RaftServerImpl.java:setRole(174)) - 5c86796b-6b73-4de6-91b0-1a3ae4d4f66e@group-ED33B86D7F85: changes role from CANDIDATE to LEADER at term 1 for changeToLeader
2019-09-25 12:55:09,142 [5c86796b-6b73-4de6-91b0-1a3ae4d4f66e@group-ED33B86D7F85:LeaderElection1] INFO  impl.RaftServerImpl (ServerState.java:setLeader(253)) - 5c86796b-6b73-4de6-91b0-1a3ae4d4f66e@group-ED33B86D7F85: change Leader from null to 5c86796b-6b73-4de6-91b0-1a3ae4d4f66e at term 1 for becomeLeader, leader elected after 5190ms
2019-09-25 12:55:09,151 [5c86796b-6b73-4de6-91b0-1a3ae4d4f66e@group-ED33B86D7F85:LeaderElection1] INFO  server.RaftServerConfigKeys (ConfUtils.java:logGet(43)) - raft.server.staging.catchup.gap = 1000 (default)
2019-09-25 12:55:09,151 [5c86796b-6b73-4de6-91b0-1a3ae4d4f66e@group-ED33B86D7F85:LeaderElection1] INFO  server.RaftServerConfigKeys (ConfUtils.java:logGet(43)) - raft.server.rpc.sleep.time = 25ms (default)
2019-09-25 12:55:09,154 [5c86796b-6b73-4de6-91b0-1a3ae4d4f66e@group-ED33B86D7F85:LeaderElection1] INFO  server.RaftServerConfigKeys (ConfUtils.java:logGet(43)) - raft.server.write.element-limit = 4096 (default)
2019-09-25 12:55:09,157 [5c86796b-6b73-4de6-91b0-1a3ae4d4f66e@group-ED33B86D7F85:LeaderElection1] INFO  server.RaftServerConfigKeys (ConfUtils.java:logGet(43)) - raft.server.watch.timeout = 10s (default)
2019-09-25 12:55:09,157 [5c86796b-6b73-4de6-91b0-1a3ae4d4f66e@group-ED33B86D7F85:LeaderElection1] INFO  server.RaftServerConfigKeys (ConfUtils.java:logGet(43)) - raft.server.watch.timeout.denomination = 1s (default)
2019-09-25 12:55:09,158 [5c86796b-6b73-4de6-91b0-1a3ae4d4f66e@group-ED33B86D7F85:LeaderElection1] INFO  server.RaftServerConfigKeys (ConfUtils.java:logGet(43)) - raft.server.watch.element-limit = 65536 (default)
2019-09-25 12:55:09,171 [5c86796b-6b73-4de6-91b0-1a3ae4d4f66e@group-ED33B86D7F85:LeaderElection1] INFO  impl.RoleInfo (RoleInfo.java:updateAndGet(143)) - 5c86796b-6b73-4de6-91b0-1a3ae4d4f66e: start LeaderState
2019-09-25 12:55:09,201 [5c86796b-6b73-4de6-91b0-1a3ae4d4f66e@group-ED33B86D7F85:LeaderElection1] INFO  segmented.SegmentedRaftLogWorker (SegmentedRaftLogWorker.java:startLogSegment(380)) - 5c86796b-6b73-4de6-91b0-1a3ae4d4f66e@group-ED33B86D7F85-SegmentedRaftLogWorker: Starting segment from index:0
2019-09-25 12:55:09,211 [5c86796b-6b73-4de6-91b0-1a3ae4d4f66e@group-ED33B86D7F85:LeaderElection1] INFO  impl.RaftServerImpl (ServerState.java:setRaftConf(354)) - 5c86796b-6b73-4de6-91b0-1a3ae4d4f66e@group-ED33B86D7F85: set configuration 0: [5c86796b-6b73-4de6-91b0-1a3ae4d4f66e:192.168.151.73:42606], old=null at 0
 0.00% |█                                                                                                    |  0/1 Time: 0:00:042019-09-25 12:55:09,421 [5c86796b-6b73-4de6-91b0-1a3ae4d4f66e@group-ED33B86D7F85-SegmentedRaftLogWorker] INFO  segmented.SegmentedRaftLogWorker (SegmentedRaftLogWorker.java:execute(569)) - 5c86796b-6b73-4de6-91b0-1a3ae4d4f66e@group-ED33B86D7F85-SegmentedRaftLogWorker: created new log segment /workdir/hadoop-ozone/tools/target/test-dir/MiniOzoneClusterImpl-a69ba920-524d-43f7-a757-bb142e91f929/datanode-0/data/ratis/b9a1f9bb-f987-4aa1-8d8a-ed33b86d7f85/current/log_inprogress_0
2019-09-25 12:55:09,466 [Thread-213] INFO  impl.FollowerState (FollowerState.java:run(106)) - 5c86796b-6b73-4de6-91b0-1a3ae4d4f66e:group-08D33BE230F9 changes to CANDIDATE, lastRpcTime:5194, electionTimeout:5194ms
2019-09-25 12:55:09,469 [Thread-213] INFO  impl.RoleInfo (RoleInfo.java:shutdownFollowerState(121)) - 5c86796b-6b73-4de6-91b0-1a3ae4d4f66e: shutdown FollowerState
2019-09-25 12:55:09,470 [Thread-213] INFO  impl.RaftServerImpl (RaftServerImpl.java:setRole(174)) - 5c86796b-6b73-4de6-91b0-1a3ae4d4f66e@group-08D33BE230F9: changes role from  FOLLOWER to CANDIDATE at term 0 for changeToCandidate
2019-09-25 12:55:09,470 [Thread-213] INFO  impl.RoleInfo (RoleInfo.java:updateAndGet(143)) - 5c86796b-6b73-4de6-91b0-1a3ae4d4f66e: start LeaderElection
2019-09-25 12:55:09,498 [Thread-216] INFO  impl.FollowerState (FollowerState.java:run(106)) - 890a050a-36b3-47fb-a6ed-f900cd3e56cf:group-A73C9BB460F6 changes to CANDIDATE, lastRpcTime:5072, electionTimeout:5070ms
2019-09-25 12:55:09,499 [Thread-216] INFO  impl.RoleInfo (RoleInfo.java:shutdownFollowerState(121)) - 890a050a-36b3-47fb-a6ed-f900cd3e56cf: shutdown FollowerState
2019-09-25 12:55:09,499 [Thread-216] INFO  impl.RaftServerImpl (RaftServerImpl.java:setRole(174)) - 890a050a-36b3-47fb-a6ed-f900cd3e56cf@group-A73C9BB460F6: changes role from  FOLLOWER to CANDIDATE at term 0 for changeToCandidate
2019-09-25 12:55:09,499 [5c86796b-6b73-4de6-91b0-1a3ae4d4f66e@group-08D33BE230F9:LeaderElection2] INFO  impl.LeaderElection (LeaderElection.java:askForVotes(182)) - 5c86796b-6b73-4de6-91b0-1a3ae4d4f66e@group-08D33BE230F9:LeaderElection2: begin an election at term 1 for -1: [5c86796b-6b73-4de6-91b0-1a3ae4d4f66e:192.168.151.73:42606], old=null
2019-09-25 12:55:09,506 [Thread-216] INFO  impl.RoleInfo (RoleInfo.java:updateAndGet(143)) - 890a050a-36b3-47fb-a6ed-f900cd3e56cf: start LeaderElection
2019-09-25 12:55:09,506 [5c86796b-6b73-4de6-91b0-1a3ae4d4f66e@group-08D33BE230F9:LeaderElection2] INFO  impl.RoleInfo (RoleInfo.java:shutdownLeaderElection(134)) - 5c86796b-6b73-4de6-91b0-1a3ae4d4f66e: shutdown LeaderElection
2019-09-25 12:55:09,506 [5c86796b-6b73-4de6-91b0-1a3ae4d4f66e@group-08D33BE230F9:LeaderElection2] INFO  impl.RaftServerImpl (RaftServerImpl.java:setRole(174)) - 5c86796b-6b73-4de6-91b0-1a3ae4d4f66e@group-08D33BE230F9: changes role from CANDIDATE to LEADER at term 1 for changeToLeader
2019-09-25 12:55:09,510 [5c86796b-6b73-4de6-91b0-1a3ae4d4f66e@group-08D33BE230F9:LeaderElection2] INFO  impl.RaftServerImpl (ServerState.java:setLeader(253)) - 5c86796b-6b73-4de6-91b0-1a3ae4d4f66e@group-08D33BE230F9: change Leader from null to 5c86796b-6b73-4de6-91b0-1a3ae4d4f66e at term 1 for becomeLeader, leader elected after 5251ms
2019-09-25 12:55:09,510 [5c86796b-6b73-4de6-91b0-1a3ae4d4f66e@group-08D33BE230F9:LeaderElection2] INFO  server.RaftServerConfigKeys (ConfUtils.java:logGet(43)) - raft.server.staging.catchup.gap = 1000 (default)
2019-09-25 12:55:09,510 [5c86796b-6b73-4de6-91b0-1a3ae4d4f66e@group-08D33BE230F9:LeaderElection2] INFO  server.RaftServerConfigKeys (ConfUtils.java:logGet(43)) - raft.server.rpc.sleep.time = 25ms (default)
2019-09-25 12:55:09,511 [5c86796b-6b73-4de6-91b0-1a3ae4d4f66e@group-08D33BE230F9:LeaderElection2] INFO  server.RaftServerConfigKeys (ConfUtils.java:logGet(43)) - raft.server.write.element-limit = 4096 (default)
2019-09-25 12:55:09,511 [5c86796b-6b73-4de6-91b0-1a3ae4d4f66e@group-08D33BE230F9:LeaderElection2] INFO  server.RaftServerConfigKeys (ConfUtils.java:logGet(43)) - raft.server.watch.timeout = 10s (default)
2019-09-25 12:55:09,511 [5c86796b-6b73-4de6-91b0-1a3ae4d4f66e@group-08D33BE230F9:LeaderElection2] INFO  server.RaftServerConfigKeys (ConfUtils.java:logGet(43)) - raft.server.watch.timeout.denomination = 1s (default)
2019-09-25 12:55:09,511 [5c86796b-6b73-4de6-91b0-1a3ae4d4f66e@group-08D33BE230F9:LeaderElection2] INFO  server.RaftServerConfigKeys (ConfUtils.java:logGet(43)) - raft.server.watch.element-limit = 65536 (default)
2019-09-25 12:55:09,515 [5c86796b-6b73-4de6-91b0-1a3ae4d4f66e@group-08D33BE230F9:LeaderElection2] INFO  impl.RoleInfo (RoleInfo.java:updateAndGet(143)) - 5c86796b-6b73-4de6-91b0-1a3ae4d4f66e: start LeaderState
2019-09-25 12:55:09,515 [5c86796b-6b73-4de6-91b0-1a3ae4d4f66e@group-08D33BE230F9:LeaderElection2] INFO  segmented.SegmentedRaftLogWorker (SegmentedRaftLogWorker.java:startLogSegment(380)) - 5c86796b-6b73-4de6-91b0-1a3ae4d4f66e@group-08D33BE230F9-SegmentedRaftLogWorker: Starting segment from index:0
2019-09-25 12:55:09,516 [5c86796b-6b73-4de6-91b0-1a3ae4d4f66e@group-08D33BE230F9:LeaderElection2] INFO  impl.RaftServerImpl (ServerState.java:setRaftConf(354)) - 5c86796b-6b73-4de6-91b0-1a3ae4d4f66e@group-08D33BE230F9: set configuration 0: [5c86796b-6b73-4de6-91b0-1a3ae4d4f66e:192.168.151.73:42606], old=null at 0
2019-09-25 12:55:09,545 [890a050a-36b3-47fb-a6ed-f900cd3e56cf@group-A73C9BB460F6:LeaderElection3] INFO  impl.LeaderElection (LeaderElection.java:askForVotes(182)) - 890a050a-36b3-47fb-a6ed-f900cd3e56cf@group-A73C9BB460F6:LeaderElection3: begin an election at term 1 for -1: [890a050a-36b3-47fb-a6ed-f900cd3e56cf:192.168.151.73:39049], old=null
2019-09-25 12:55:09,547 [890a050a-36b3-47fb-a6ed-f900cd3e56cf@group-A73C9BB460F6:LeaderElection3] INFO  impl.RoleInfo (RoleInfo.java:shutdownLeaderElection(134)) - 890a050a-36b3-47fb-a6ed-f900cd3e56cf: shutdown LeaderElection
2019-09-25 12:55:09,548 [890a050a-36b3-47fb-a6ed-f900cd3e56cf@group-A73C9BB460F6:LeaderElection3] INFO  impl.RaftServerImpl (RaftServerImpl.java:setRole(174)) - 890a050a-36b3-47fb-a6ed-f900cd3e56cf@group-A73C9BB460F6: changes role from CANDIDATE to LEADER at term 1 for changeToLeader
2019-09-25 12:55:09,548 [890a050a-36b3-47fb-a6ed-f900cd3e56cf@group-A73C9BB460F6:LeaderElection3] INFO  impl.RaftServerImpl (ServerState.java:setLeader(253)) - 890a050a-36b3-47fb-a6ed-f900cd3e56cf@group-A73C9BB460F6: change Leader from null to 890a050a-36b3-47fb-a6ed-f900cd3e56cf at term 1 for becomeLeader, leader elected after 5144ms
2019-09-25 12:55:09,549 [890a050a-36b3-47fb-a6ed-f900cd3e56cf@group-A73C9BB460F6:LeaderElection3] INFO  server.RaftServerConfigKeys (ConfUtils.java:logGet(43)) - raft.server.staging.catchup.gap = 1000 (default)
2019-09-25 12:55:09,550 [890a050a-36b3-47fb-a6ed-f900cd3e56cf@group-A73C9BB460F6:LeaderElection3] INFO  server.RaftServerConfigKeys (ConfUtils.java:logGet(43)) - raft.server.rpc.sleep.time = 25ms (default)
2019-09-25 12:55:09,550 [890a050a-36b3-47fb-a6ed-f900cd3e56cf@group-A73C9BB460F6:LeaderElection3] INFO  server.RaftServerConfigKeys (ConfUtils.java:logGet(43)) - raft.server.write.element-limit = 4096 (default)
2019-09-25 12:55:09,550 [890a050a-36b3-47fb-a6ed-f900cd3e56cf@group-A73C9BB460F6:LeaderElection3] INFO  server.RaftServerConfigKeys (ConfUtils.java:logGet(43)) - raft.server.watch.timeout = 10s (default)
2019-09-25 12:55:09,550 [890a050a-36b3-47fb-a6ed-f900cd3e56cf@group-A73C9BB460F6:LeaderElection3] INFO  server.RaftServerConfigKeys (ConfUtils.java:logGet(43)) - raft.server.watch.timeout.denomination = 1s (default)
2019-09-25 12:55:09,551 [890a050a-36b3-47fb-a6ed-f900cd3e56cf@group-A73C9BB460F6:LeaderElection3] INFO  server.RaftServerConfigKeys (ConfUtils.java:logGet(43)) - raft.server.watch.element-limit = 65536 (default)
2019-09-25 12:55:09,555 [890a050a-36b3-47fb-a6ed-f900cd3e56cf@group-A73C9BB460F6:LeaderElection3] INFO  impl.RoleInfo (RoleInfo.java:updateAndGet(143)) - 890a050a-36b3-47fb-a6ed-f900cd3e56cf: start LeaderState
2019-09-25 12:55:09,555 [890a050a-36b3-47fb-a6ed-f900cd3e56cf@group-A73C9BB460F6:LeaderElection3] INFO  segmented.SegmentedRaftLogWorker (SegmentedRaftLogWorker.java:startLogSegment(380)) - 890a050a-36b3-47fb-a6ed-f900cd3e56cf@group-A73C9BB460F6-SegmentedRaftLogWorker: Starting segment from index:0
2019-09-25 12:55:09,556 [890a050a-36b3-47fb-a6ed-f900cd3e56cf@group-A73C9BB460F6:LeaderElection3] INFO  impl.RaftServerImpl (ServerState.java:setRaftConf(354)) - 890a050a-36b3-47fb-a6ed-f900cd3e56cf@group-A73C9BB460F6: set configuration 0: [890a050a-36b3-47fb-a6ed-f900cd3e56cf:192.168.151.73:39049], old=null at 0
2019-09-25 12:55:09,593 [5c86796b-6b73-4de6-91b0-1a3ae4d4f66e@group-08D33BE230F9-SegmentedRaftLogWorker] INFO  segmented.SegmentedRaftLogWorker (SegmentedRaftLogWorker.java:execute(569)) - 5c86796b-6b73-4de6-91b0-1a3ae4d4f66e@group-08D33BE230F9-SegmentedRaftLogWorker: created new log segment /workdir/hadoop-ozone/tools/target/test-dir/MiniOzoneClusterImpl-a69ba920-524d-43f7-a757-bb142e91f929/datanode-0/data/ratis/a066a202-4261-4a90-b0af-08d33be230f9/current/log_inprogress_0
2019-09-25 12:55:09,605 [890a050a-36b3-47fb-a6ed-f900cd3e56cf@group-A73C9BB460F6-SegmentedRaftLogWorker] INFO  segmented.SegmentedRaftLogWorker (SegmentedRaftLogWorker.java:execute(569)) - 890a050a-36b3-47fb-a6ed-f900cd3e56cf@group-A73C9BB460F6-SegmentedRaftLogWorker: created new log segment /workdir/hadoop-ozone/tools/target/test-dir/MiniOzoneClusterImpl-a69ba920-524d-43f7-a757-bb142e91f929/datanode-1/data/ratis/4b19e256-15ee-4512-bbda-a73c9bb460f6/current/log_inprogress_0
2019-09-25 12:55:09,709 [Thread-219] INFO  impl.FollowerState (FollowerState.java:run(106)) - d3ebfba2-1061-4a1b-b9ff-fcd56525b262:group-AF2E2DEE70BA changes to CANDIDATE, lastRpcTime:5116, electionTimeout:5114ms
2019-09-25 12:55:09,709 [Thread-219] INFO  impl.RoleInfo (RoleInfo.java:shutdownFollowerState(121)) - d3ebfba2-1061-4a1b-b9ff-fcd56525b262: shutdown FollowerState
2019-09-25 12:55:09,710 [Thread-219] INFO  impl.RaftServerImpl (RaftServerImpl.java:setRole(174)) - d3ebfba2-1061-4a1b-b9ff-fcd56525b262@group-AF2E2DEE70BA: changes role from  FOLLOWER to CANDIDATE at term 0 for changeToCandidate
2019-09-25 12:55:09,710 [Thread-219] INFO  impl.RoleInfo (RoleInfo.java:updateAndGet(143)) - d3ebfba2-1061-4a1b-b9ff-fcd56525b262: start LeaderElection
2019-09-25 12:55:09,737 [d3ebfba2-1061-4a1b-b9ff-fcd56525b262@group-AF2E2DEE70BA:LeaderElection4] INFO  impl.LeaderElection (LeaderElection.java:askForVotes(182)) - d3ebfba2-1061-4a1b-b9ff-fcd56525b262@group-AF2E2DEE70BA:LeaderElection4: begin an election at term 1 for -1: [d3ebfba2-1061-4a1b-b9ff-fcd56525b262:192.168.151.73:41691], old=null
2019-09-25 12:55:09,738 [d3ebfba2-1061-4a1b-b9ff-fcd56525b262@group-AF2E2DEE70BA:LeaderElection4] INFO  impl.RoleInfo (RoleInfo.java:shutdownLeaderElection(134)) - d3ebfba2-1061-4a1b-b9ff-fcd56525b262: shutdown LeaderElection
2019-09-25 12:55:09,738 [d3ebfba2-1061-4a1b-b9ff-fcd56525b262@group-AF2E2DEE70BA:LeaderElection4] INFO  impl.RaftServerImpl (RaftServerImpl.java:setRole(174)) - d3ebfba2-1061-4a1b-b9ff-fcd56525b262@group-AF2E2DEE70BA: changes role from CANDIDATE to LEADER at term 1 for changeToLeader
2019-09-25 12:55:09,738 [d3ebfba2-1061-4a1b-b9ff-fcd56525b262@group-AF2E2DEE70BA:LeaderElection4] INFO  impl.RaftServerImpl (ServerState.java:setLeader(253)) - d3ebfba2-1061-4a1b-b9ff-fcd56525b262@group-AF2E2DEE70BA: change Leader from null to d3ebfba2-1061-4a1b-b9ff-fcd56525b262 at term 1 for becomeLeader, leader elected after 5203ms
2019-09-25 12:55:09,740 [d3ebfba2-1061-4a1b-b9ff-fcd56525b262@group-AF2E2DEE70BA:LeaderElection4] INFO  server.RaftServerConfigKeys (ConfUtils.java:logGet(43)) - raft.server.staging.catchup.gap = 1000 (default)
2019-09-25 12:55:09,740 [d3ebfba2-1061-4a1b-b9ff-fcd56525b262@group-AF2E2DEE70BA:LeaderElection4] INFO  server.RaftServerConfigKeys (ConfUtils.java:logGet(43)) - raft.server.rpc.sleep.time = 25ms (default)
2019-09-25 12:55:09,740 [d3ebfba2-1061-4a1b-b9ff-fcd56525b262@group-AF2E2DEE70BA:LeaderElection4] INFO  server.RaftServerConfigKeys (ConfUtils.java:logGet(43)) - raft.server.write.element-limit = 4096 (default)
2019-09-25 12:55:09,741 [d3ebfba2-1061-4a1b-b9ff-fcd56525b262@group-AF2E2DEE70BA:LeaderElection4] INFO  server.RaftServerConfigKeys (ConfUtils.java:logGet(43)) - raft.server.watch.timeout = 10s (default)
2019-09-25 12:55:09,741 [d3ebfba2-1061-4a1b-b9ff-fcd56525b262@group-AF2E2DEE70BA:LeaderElection4] INFO  server.RaftServerConfigKeys (ConfUtils.java:logGet(43)) - raft.server.watch.timeout.denomination = 1s (default)
2019-09-25 12:55:09,741 [d3ebfba2-1061-4a1b-b9ff-fcd56525b262@group-AF2E2DEE70BA:LeaderElection4] INFO  server.RaftServerConfigKeys (ConfUtils.java:logGet(43)) - raft.server.watch.element-limit = 65536 (default)
2019-09-25 12:55:09,745 [d3ebfba2-1061-4a1b-b9ff-fcd56525b262@group-AF2E2DEE70BA:LeaderElection4] INFO  impl.RoleInfo (RoleInfo.java:updateAndGet(143)) - d3ebfba2-1061-4a1b-b9ff-fcd56525b262: start LeaderState
2019-09-25 12:55:09,745 [d3ebfba2-1061-4a1b-b9ff-fcd56525b262@group-AF2E2DEE70BA:LeaderElection4] INFO  segmented.SegmentedRaftLogWorker (SegmentedRaftLogWorker.java:startLogSegment(380)) - d3ebfba2-1061-4a1b-b9ff-fcd56525b262@group-AF2E2DEE70BA-SegmentedRaftLogWorker: Starting segment from index:0
2019-09-25 12:55:09,746 [d3ebfba2-1061-4a1b-b9ff-fcd56525b262@group-AF2E2DEE70BA:LeaderElection4] INFO  impl.RaftServerImpl (ServerState.java:setRaftConf(354)) - d3ebfba2-1061-4a1b-b9ff-fcd56525b262@group-AF2E2DEE70BA: set configuration 0: [d3ebfba2-1061-4a1b-b9ff-fcd56525b262:192.168.151.73:41691], old=null at 0
2019-09-25 12:55:09,793 [d3ebfba2-1061-4a1b-b9ff-fcd56525b262@group-AF2E2DEE70BA-SegmentedRaftLogWorker] INFO  segmented.SegmentedRaftLogWorker (SegmentedRaftLogWorker.java:execute(569)) - d3ebfba2-1061-4a1b-b9ff-fcd56525b262@group-AF2E2DEE70BA-SegmentedRaftLogWorker: created new log segment /workdir/hadoop-ozone/tools/target/test-dir/MiniOzoneClusterImpl-a69ba920-524d-43f7-a757-bb142e91f929/datanode-2/data/ratis/2b30df40-8ffa-427c-a995-af2e2dee70ba/current/log_inprogress_0
2019-09-25 12:55:09,794 [Thread-222] INFO  impl.FollowerState (FollowerState.java:run(106)) - b5f65341-71e3-4bdb-b257-250c7a42131a:group-2526E867254B changes to CANDIDATE, lastRpcTime:5069, electionTimeout:5069ms
2019-09-25 12:55:09,794 [Thread-222] INFO  impl.RoleInfo (RoleInfo.java:shutdownFollowerState(121)) - b5f65341-71e3-4bdb-b257-250c7a42131a: shutdown FollowerState
2019-09-25 12:55:09,794 [Thread-222] INFO  impl.RaftServerImpl (RaftServerImpl.java:setRole(174)) - b5f65341-71e3-4bdb-b257-250c7a42131a@group-2526E867254B: changes role from  FOLLOWER to CANDIDATE at term 0 for changeToCandidate
2019-09-25 12:55:09,794 [Thread-222] INFO  impl.RoleInfo (RoleInfo.java:updateAndGet(143)) - b5f65341-71e3-4bdb-b257-250c7a42131a: start LeaderElection
2019-09-25 12:55:09,821 [b5f65341-71e3-4bdb-b257-250c7a42131a@group-2526E867254B:LeaderElection5] INFO  impl.LeaderElection (LeaderElection.java:askForVotes(182)) - b5f65341-71e3-4bdb-b257-250c7a42131a@group-2526E867254B:LeaderElection5: begin an election at term 1 for -1: [b5f65341-71e3-4bdb-b257-250c7a42131a:192.168.151.73:46240], old=null
2019-09-25 12:55:09,821 [b5f65341-71e3-4bdb-b257-250c7a42131a@group-2526E867254B:LeaderElection5] INFO  impl.RoleInfo (RoleInfo.java:shutdownLeaderElection(134)) - b5f65341-71e3-4bdb-b257-250c7a42131a: shutdown LeaderElection
2019-09-25 12:55:09,822 [b5f65341-71e3-4bdb-b257-250c7a42131a@group-2526E867254B:LeaderElection5] INFO  impl.RaftServerImpl (RaftServerImpl.java:setRole(174)) - b5f65341-71e3-4bdb-b257-250c7a42131a@group-2526E867254B: changes role from CANDIDATE to LEADER at term 1 for changeToLeader
2019-09-25 12:55:09,822 [b5f65341-71e3-4bdb-b257-250c7a42131a@group-2526E867254B:LeaderElection5] INFO  impl.RaftServerImpl (ServerState.java:setLeader(253)) - b5f65341-71e3-4bdb-b257-250c7a42131a@group-2526E867254B: change Leader from null to b5f65341-71e3-4bdb-b257-250c7a42131a at term 1 for becomeLeader, leader elected after 5114ms
2019-09-25 12:55:09,824 [b5f65341-71e3-4bdb-b257-250c7a42131a@group-2526E867254B:LeaderElection5] INFO  server.RaftServerConfigKeys (ConfUtils.java:logGet(43)) - raft.server.staging.catchup.gap = 1000 (default)
2019-09-25 12:55:09,824 [b5f65341-71e3-4bdb-b257-250c7a42131a@group-2526E867254B:LeaderElection5] INFO  server.RaftServerConfigKeys (ConfUtils.java:logGet(43)) - raft.server.rpc.sleep.time = 25ms (default)
2019-09-25 12:55:09,825 [b5f65341-71e3-4bdb-b257-250c7a42131a@group-2526E867254B:LeaderElection5] INFO  server.RaftServerConfigKeys (ConfUtils.java:logGet(43)) - raft.server.write.element-limit = 4096 (default)
2019-09-25 12:55:09,825 [b5f65341-71e3-4bdb-b257-250c7a42131a@group-2526E867254B:LeaderElection5] INFO  server.RaftServerConfigKeys (ConfUtils.java:logGet(43)) - raft.server.watch.timeout = 10s (default)
2019-09-25 12:55:09,825 [b5f65341-71e3-4bdb-b257-250c7a42131a@group-2526E867254B:LeaderElection5] INFO  server.RaftServerConfigKeys (ConfUtils.java:logGet(43)) - raft.server.watch.timeout.denomination = 1s (default)
2019-09-25 12:55:09,825 [b5f65341-71e3-4bdb-b257-250c7a42131a@group-2526E867254B:LeaderElection5] INFO  server.RaftServerConfigKeys (ConfUtils.java:logGet(43)) - raft.server.watch.element-limit = 65536 (default)
2019-09-25 12:55:09,828 [b5f65341-71e3-4bdb-b257-250c7a42131a@group-2526E867254B:LeaderElection5] INFO  impl.RoleInfo (RoleInfo.java:updateAndGet(143)) - b5f65341-71e3-4bdb-b257-250c7a42131a: start LeaderState
2019-09-25 12:55:09,828 [b5f65341-71e3-4bdb-b257-250c7a42131a@group-2526E867254B:LeaderElection5] INFO  segmented.SegmentedRaftLogWorker (SegmentedRaftLogWorker.java:startLogSegment(380)) - b5f65341-71e3-4bdb-b257-250c7a42131a@group-2526E867254B-SegmentedRaftLogWorker: Starting segment from index:0
2019-09-25 12:55:09,829 [b5f65341-71e3-4bdb-b257-250c7a42131a@group-2526E867254B:LeaderElection5] INFO  impl.RaftServerImpl (ServerState.java:setRaftConf(354)) - b5f65341-71e3-4bdb-b257-250c7a42131a@group-2526E867254B: set configuration 0: [b5f65341-71e3-4bdb-b257-250c7a42131a:192.168.151.73:46240], old=null at 0
2019-09-25 12:55:09,890 [b5f65341-71e3-4bdb-b257-250c7a42131a@group-2526E867254B-SegmentedRaftLogWorker] INFO  segmented.SegmentedRaftLogWorker (SegmentedRaftLogWorker.java:execute(569)) - b5f65341-71e3-4bdb-b257-250c7a42131a@group-2526E867254B-SegmentedRaftLogWorker: created new log segment /workdir/hadoop-ozone/tools/target/test-dir/MiniOzoneClusterImpl-a69ba920-524d-43f7-a757-bb142e91f929/datanode-4/data/ratis/50978aef-47a2-4946-a231-2526e867254b/current/log_inprogress_0
2019-09-25 12:55:09,954 [Thread-225] INFO  impl.FollowerState (FollowerState.java:run(106)) - d3ebfba2-1061-4a1b-b9ff-fcd56525b262:group-D7D496EE923B changes to CANDIDATE, lastRpcTime:5128, electionTimeout:5128ms
2019-09-25 12:55:09,954 [Thread-225] INFO  impl.RoleInfo (RoleInfo.java:shutdownFollowerState(121)) - d3ebfba2-1061-4a1b-b9ff-fcd56525b262: shutdown FollowerState
2019-09-25 12:55:09,955 [Thread-225] INFO  impl.RaftServerImpl (RaftServerImpl.java:setRole(174)) - d3ebfba2-1061-4a1b-b9ff-fcd56525b262@group-D7D496EE923B: changes role from  FOLLOWER to CANDIDATE at term 0 for changeToCandidate
2019-09-25 12:55:09,955 [Thread-225] INFO  impl.RoleInfo (RoleInfo.java:updateAndGet(143)) - d3ebfba2-1061-4a1b-b9ff-fcd56525b262: start LeaderElection
2019-09-25 12:55:09,981 [d3ebfba2-1061-4a1b-b9ff-fcd56525b262@group-D7D496EE923B:LeaderElection6] INFO  impl.LeaderElection (LeaderElection.java:askForVotes(182)) - d3ebfba2-1061-4a1b-b9ff-fcd56525b262@group-D7D496EE923B:LeaderElection6: begin an election at term 1 for -1: [d3ebfba2-1061-4a1b-b9ff-fcd56525b262:192.168.151.73:41691], old=null
2019-09-25 12:55:09,981 [d3ebfba2-1061-4a1b-b9ff-fcd56525b262@group-D7D496EE923B:LeaderElection6] INFO  impl.RoleInfo (RoleInfo.java:shutdownLeaderElection(134)) - d3ebfba2-1061-4a1b-b9ff-fcd56525b262: shutdown LeaderElection
2019-09-25 12:55:09,981 [d3ebfba2-1061-4a1b-b9ff-fcd56525b262@group-D7D496EE923B:LeaderElection6] INFO  impl.RaftServerImpl (RaftServerImpl.java:setRole(174)) - d3ebfba2-1061-4a1b-b9ff-fcd56525b262@group-D7D496EE923B: changes role from CANDIDATE to LEADER at term 1 for changeToLeader
2019-09-25 12:55:09,981 [d3ebfba2-1061-4a1b-b9ff-fcd56525b262@group-D7D496EE923B:LeaderElection6] INFO  impl.RaftServerImpl (ServerState.java:setLeader(253)) - d3ebfba2-1061-4a1b-b9ff-fcd56525b262@group-D7D496EE923B: change Leader from null to d3ebfba2-1061-4a1b-b9ff-fcd56525b262 at term 1 for becomeLeader, leader elected after 5164ms
2019-09-25 12:55:09,981 [d3ebfba2-1061-4a1b-b9ff-fcd56525b262@group-D7D496EE923B:LeaderElection6] INFO  server.RaftServerConfigKeys (ConfUtils.java:logGet(43)) - raft.server.staging.catchup.gap = 1000 (default)
2019-09-25 12:55:09,982 [d3ebfba2-1061-4a1b-b9ff-fcd56525b262@group-D7D496EE923B:LeaderElection6] INFO  server.RaftServerConfigKeys (ConfUtils.java:logGet(43)) - raft.server.rpc.sleep.time = 25ms (default)
2019-09-25 12:55:09,982 [d3ebfba2-1061-4a1b-b9ff-fcd56525b262@group-D7D496EE923B:LeaderElection6] INFO  server.RaftServerConfigKeys (ConfUtils.java:logGet(43)) - raft.server.write.element-limit = 4096 (default)
2019-09-25 12:55:09,982 [d3ebfba2-1061-4a1b-b9ff-fcd56525b262@group-D7D496EE923B:LeaderElection6] INFO  server.RaftServerConfigKeys (ConfUtils.java:logGet(43)) - raft.server.watch.timeout = 10s (default)
2019-09-25 12:55:09,982 [d3ebfba2-1061-4a1b-b9ff-fcd56525b262@group-D7D496EE923B:LeaderElection6] INFO  server.RaftServerConfigKeys (ConfUtils.java:logGet(43)) - raft.server.watch.timeout.denomination = 1s (default)
2019-09-25 12:55:09,982 [d3ebfba2-1061-4a1b-b9ff-fcd56525b262@group-D7D496EE923B:LeaderElection6] INFO  server.RaftServerConfigKeys (ConfUtils.java:logGet(43)) - raft.server.watch.element-limit = 65536 (default)
2019-09-25 12:55:09,986 [d3ebfba2-1061-4a1b-b9ff-fcd56525b262@group-D7D496EE923B:LeaderElection6] INFO  impl.RoleInfo (RoleInfo.java:updateAndGet(143)) - d3ebfba2-1061-4a1b-b9ff-fcd56525b262: start LeaderState
2019-09-25 12:55:09,986 [d3ebfba2-1061-4a1b-b9ff-fcd56525b262@group-D7D496EE923B:LeaderElection6] INFO  segmented.SegmentedRaftLogWorker (SegmentedRaftLogWorker.java:startLogSegment(380)) - d3ebfba2-1061-4a1b-b9ff-fcd56525b262@group-D7D496EE923B-SegmentedRaftLogWorker: Starting segment from index:0
2019-09-25 12:55:09,987 [d3ebfba2-1061-4a1b-b9ff-fcd56525b262@group-D7D496EE923B:LeaderElection6] INFO  impl.RaftServerImpl (ServerState.java:setRaftConf(354)) - d3ebfba2-1061-4a1b-b9ff-fcd56525b262@group-D7D496EE923B: set configuration 0: [d3ebfba2-1061-4a1b-b9ff-fcd56525b262:192.168.151.73:41691], old=null at 0
2019-09-25 12:55:10,026 [Thread-229] INFO  impl.FollowerState (FollowerState.java:run(106)) - b5f65341-71e3-4bdb-b257-250c7a42131a:group-BF476C764E60 changes to CANDIDATE, lastRpcTime:5111, electionTimeout:5092ms
2019-09-25 12:55:10,027 [Thread-229] INFO  impl.RoleInfo (RoleInfo.java:shutdownFollowerState(121)) - b5f65341-71e3-4bdb-b257-250c7a42131a: shutdown FollowerState
2019-09-25 12:55:10,027 [Thread-229] INFO  impl.RaftServerImpl (RaftServerImpl.java:setRole(174)) - b5f65341-71e3-4bdb-b257-250c7a42131a@group-BF476C764E60: changes role from  FOLLOWER to CANDIDATE at term 0 for changeToCandidate
2019-09-25 12:55:10,027 [Thread-229] INFO  impl.RoleInfo (RoleInfo.java:updateAndGet(143)) - b5f65341-71e3-4bdb-b257-250c7a42131a: start LeaderElection
2019-09-25 12:55:10,039 [d3ebfba2-1061-4a1b-b9ff-fcd56525b262@group-D7D496EE923B-SegmentedRaftLogWorker] INFO  segmented.SegmentedRaftLogWorker (SegmentedRaftLogWorker.java:execute(569)) - d3ebfba2-1061-4a1b-b9ff-fcd56525b262@group-D7D496EE923B-SegmentedRaftLogWorker: created new log segment /workdir/hadoop-ozone/tools/target/test-dir/MiniOzoneClusterImpl-a69ba920-524d-43f7-a757-bb142e91f929/datanode-2/data/ratis/ed40605e-4090-4ea0-900a-d7d496ee923b/current/log_inprogress_0
2019-09-25 12:55:10,039 [b5f65341-71e3-4bdb-b257-250c7a42131a@group-BF476C764E60:LeaderElection7] INFO  impl.LeaderElection (LeaderElection.java:askForVotes(182)) - b5f65341-71e3-4bdb-b257-250c7a42131a@group-BF476C764E60:LeaderElection7: begin an election at term 1 for -1: [b5f65341-71e3-4bdb-b257-250c7a42131a:192.168.151.73:46240], old=null
2019-09-25 12:55:10,040 [b5f65341-71e3-4bdb-b257-250c7a42131a@group-BF476C764E60:LeaderElection7] INFO  impl.RoleInfo (RoleInfo.java:shutdownLeaderElection(134)) - b5f65341-71e3-4bdb-b257-250c7a42131a: shutdown LeaderElection
2019-09-25 12:55:10,040 [b5f65341-71e3-4bdb-b257-250c7a42131a@group-BF476C764E60:LeaderElection7] INFO  impl.RaftServerImpl (RaftServerImpl.java:setRole(174)) - b5f65341-71e3-4bdb-b257-250c7a42131a@group-BF476C764E60: changes role from CANDIDATE to LEADER at term 1 for changeToLeader
2019-09-25 12:55:10,040 [b5f65341-71e3-4bdb-b257-250c7a42131a@group-BF476C764E60:LeaderElection7] INFO  impl.RaftServerImpl (ServerState.java:setLeader(253)) - b5f65341-71e3-4bdb-b257-250c7a42131a@group-BF476C764E60: change Leader from null to b5f65341-71e3-4bdb-b257-250c7a42131a at term 1 for becomeLeader, leader elected after 5137ms
2019-09-25 12:55:10,040 [b5f65341-71e3-4bdb-b257-250c7a42131a@group-BF476C764E60:LeaderElection7] INFO  server.RaftServerConfigKeys (ConfUtils.java:logGet(43)) - raft.server.staging.catchup.gap = 1000 (default)
2019-09-25 12:55:10,040 [b5f65341-71e3-4bdb-b257-250c7a42131a@group-BF476C764E60:LeaderElection7] INFO  server.RaftServerConfigKeys (ConfUtils.java:logGet(43)) - raft.server.rpc.sleep.time = 25ms (default)
2019-09-25 12:55:10,041 [b5f65341-71e3-4bdb-b257-250c7a42131a@group-BF476C764E60:LeaderElection7] INFO  server.RaftServerConfigKeys (ConfUtils.java:logGet(43)) - raft.server.write.element-limit = 4096 (default)
2019-09-25 12:55:10,041 [b5f65341-71e3-4bdb-b257-250c7a42131a@group-BF476C764E60:LeaderElection7] INFO  server.RaftServerConfigKeys (ConfUtils.java:logGet(43)) - raft.server.watch.timeout = 10s (default)
2019-09-25 12:55:10,041 [b5f65341-71e3-4bdb-b257-250c7a42131a@group-BF476C764E60:LeaderElection7] INFO  server.RaftServerConfigKeys (ConfUtils.java:logGet(43)) - raft.server.watch.timeout.denomination = 1s (default)
2019-09-25 12:55:10,041 [b5f65341-71e3-4bdb-b257-250c7a42131a@group-BF476C764E60:LeaderElection7] INFO  server.RaftServerConfigKeys (ConfUtils.java:logGet(43)) - raft.server.watch.element-limit = 65536 (default)
2019-09-25 12:55:10,045 [b5f65341-71e3-4bdb-b257-250c7a42131a@group-BF476C764E60:LeaderElection7] INFO  impl.RoleInfo (RoleInfo.java:updateAndGet(143)) - b5f65341-71e3-4bdb-b257-250c7a42131a: start LeaderState
2019-09-25 12:55:10,046 [b5f65341-71e3-4bdb-b257-250c7a42131a@group-BF476C764E60:LeaderElection7] INFO  segmented.SegmentedRaftLogWorker (SegmentedRaftLogWorker.java:startLogSegment(380)) - b5f65341-71e3-4bdb-b257-250c7a42131a@group-BF476C764E60-SegmentedRaftLogWorker: Starting segment from index:0
2019-09-25 12:55:10,046 [b5f65341-71e3-4bdb-b257-250c7a42131a@group-BF476C764E60:LeaderElection7] INFO  impl.RaftServerImpl (ServerState.java:setRaftConf(354)) - b5f65341-71e3-4bdb-b257-250c7a42131a@group-BF476C764E60: set configuration 0: [b5f65341-71e3-4bdb-b257-250c7a42131a:192.168.151.73:46240], old=null at 0
2019-09-25 12:55:10,085 [Thread-232] INFO  impl.FollowerState (FollowerState.java:run(106)) - b5f65341-71e3-4bdb-b257-250c7a42131a:group-C9A56A1FE3CE changes to CANDIDATE, lastRpcTime:5062, electionTimeout:5053ms
2019-09-25 12:55:10,086 [Thread-232] INFO  impl.RoleInfo (RoleInfo.java:shutdownFollowerState(121)) - b5f65341-71e3-4bdb-b257-250c7a42131a: shutdown FollowerState
2019-09-25 12:55:10,086 [Thread-232] INFO  impl.RaftServerImpl (RaftServerImpl.java:setRole(174)) - b5f65341-71e3-4bdb-b257-250c7a42131a@group-C9A56A1FE3CE: changes role from  FOLLOWER to CANDIDATE at term 0 for changeToCandidate
2019-09-25 12:55:10,086 [Thread-232] INFO  impl.RoleInfo (RoleInfo.java:updateAndGet(143)) - b5f65341-71e3-4bdb-b257-250c7a42131a: start LeaderElection
2019-09-25 12:55:10,106 [b5f65341-71e3-4bdb-b257-250c7a42131a@group-BF476C764E60-SegmentedRaftLogWorker] INFO  segmented.SegmentedRaftLogWorker (SegmentedRaftLogWorker.java:execute(569)) - b5f65341-71e3-4bdb-b257-250c7a42131a@group-BF476C764E60-SegmentedRaftLogWorker: created new log segment /workdir/hadoop-ozone/tools/target/test-dir/MiniOzoneClusterImpl-a69ba920-524d-43f7-a757-bb142e91f929/datanode-4/data/ratis/da2bb91e-4466-4861-b745-bf476c764e60/current/log_inprogress_0
2019-09-25 12:55:10,106 [b5f65341-71e3-4bdb-b257-250c7a42131a@group-C9A56A1FE3CE:LeaderElection8] INFO  impl.LeaderElection (LeaderElection.java:askForVotes(182)) - b5f65341-71e3-4bdb-b257-250c7a42131a@group-C9A56A1FE3CE:LeaderElection8: begin an election at term 1 for -1: [b5f65341-71e3-4bdb-b257-250c7a42131a:192.168.151.73:46240], old=null
2019-09-25 12:55:10,106 [b5f65341-71e3-4bdb-b257-250c7a42131a@group-C9A56A1FE3CE:LeaderElection8] INFO  impl.RoleInfo (RoleInfo.java:shutdownLeaderElection(134)) - b5f65341-71e3-4bdb-b257-250c7a42131a: shutdown LeaderElection
2019-09-25 12:55:10,106 [b5f65341-71e3-4bdb-b257-250c7a42131a@group-C9A56A1FE3CE:LeaderElection8] INFO  impl.RaftServerImpl (RaftServerImpl.java:setRole(174)) - b5f65341-71e3-4bdb-b257-250c7a42131a@group-C9A56A1FE3CE: changes role from CANDIDATE to LEADER at term 1 for changeToLeader
2019-09-25 12:55:10,107 [b5f65341-71e3-4bdb-b257-250c7a42131a@group-C9A56A1FE3CE:LeaderElection8] INFO  impl.RaftServerImpl (ServerState.java:setLeader(253)) - b5f65341-71e3-4bdb-b257-250c7a42131a@group-C9A56A1FE3CE: change Leader from null to b5f65341-71e3-4bdb-b257-250c7a42131a at term 1 for becomeLeader, leader elected after 5096ms
2019-09-25 12:55:10,107 [b5f65341-71e3-4bdb-b257-250c7a42131a@group-C9A56A1FE3CE:LeaderElection8] INFO  server.RaftServerConfigKeys (ConfUtils.java:logGet(43)) - raft.server.staging.catchup.gap = 1000 (default)
2019-09-25 12:55:10,107 [b5f65341-71e3-4bdb-b257-250c7a42131a@group-C9A56A1FE3CE:LeaderElection8] INFO  server.RaftServerConfigKeys (ConfUtils.java:logGet(43)) - raft.server.rpc.sleep.time = 25ms (default)
2019-09-25 12:55:10,107 [b5f65341-71e3-4bdb-b257-250c7a42131a@group-C9A56A1FE3CE:LeaderElection8] INFO  server.RaftServerConfigKeys (ConfUtils.java:logGet(43)) - raft.server.write.element-limit = 4096 (default)
2019-09-25 12:55:10,108 [b5f65341-71e3-4bdb-b257-250c7a42131a@group-C9A56A1FE3CE:LeaderElection8] INFO  server.RaftServerConfigKeys (ConfUtils.java:logGet(43)) - raft.server.watch.timeout = 10s (default)
2019-09-25 12:55:10,108 [b5f65341-71e3-4bdb-b257-250c7a42131a@group-C9A56A1FE3CE:LeaderElection8] INFO  server.RaftServerConfigKeys (ConfUtils.java:logGet(43)) - raft.server.watch.timeout.denomination = 1s (default)
2019-09-25 12:55:10,108 [b5f65341-71e3-4bdb-b257-250c7a42131a@group-C9A56A1FE3CE:LeaderElection8] INFO  server.RaftServerConfigKeys (ConfUtils.java:logGet(43)) - raft.server.watch.element-limit = 65536 (default)
2019-09-25 12:55:10,112 [b5f65341-71e3-4bdb-b257-250c7a42131a@group-C9A56A1FE3CE:LeaderElection8] INFO  impl.RoleInfo (RoleInfo.java:updateAndGet(143)) - b5f65341-71e3-4bdb-b257-250c7a42131a: start LeaderState
2019-09-25 12:55:10,112 [b5f65341-71e3-4bdb-b257-250c7a42131a@group-C9A56A1FE3CE:LeaderElection8] INFO  segmented.SegmentedRaftLogWorker (SegmentedRaftLogWorker.java:startLogSegment(380)) - b5f65341-71e3-4bdb-b257-250c7a42131a@group-C9A56A1FE3CE-SegmentedRaftLogWorker: Starting segment from index:0
2019-09-25 12:55:10,115 [b5f65341-71e3-4bdb-b257-250c7a42131a@group-C9A56A1FE3CE:LeaderElection8] INFO  impl.RaftServerImpl (ServerState.java:setRaftConf(354)) - b5f65341-71e3-4bdb-b257-250c7a42131a@group-C9A56A1FE3CE: set configuration 0: [b5f65341-71e3-4bdb-b257-250c7a42131a:192.168.151.73:46240], old=null at 0
2019-09-25 12:55:10,152 [Thread-235] INFO  impl.FollowerState (FollowerState.java:run(106)) - b5f65341-71e3-4bdb-b257-250c7a42131a:group-D7DB8B8DA144 changes to CANDIDATE, lastRpcTime:5038, electionTimeout:5038ms
2019-09-25 12:55:10,152 [Thread-235] INFO  impl.RoleInfo (RoleInfo.java:shutdownFollowerState(121)) - b5f65341-71e3-4bdb-b257-250c7a42131a: shutdown FollowerState
2019-09-25 12:55:10,152 [Thread-235] INFO  impl.RaftServerImpl (RaftServerImpl.java:setRole(174)) - b5f65341-71e3-4bdb-b257-250c7a42131a@group-D7DB8B8DA144: changes role from  FOLLOWER to CANDIDATE at term 0 for changeToCandidate
2019-09-25 12:55:10,152 [Thread-235] INFO  impl.RoleInfo (RoleInfo.java:updateAndGet(143)) - b5f65341-71e3-4bdb-b257-250c7a42131a: start LeaderElection
2019-09-25 12:55:10,174 [b5f65341-71e3-4bdb-b257-250c7a42131a@group-C9A56A1FE3CE-SegmentedRaftLogWorker] INFO  segmented.SegmentedRaftLogWorker (SegmentedRaftLogWorker.java:execute(569)) - b5f65341-71e3-4bdb-b257-250c7a42131a@group-C9A56A1FE3CE-SegmentedRaftLogWorker: created new log segment /workdir/hadoop-ozone/tools/target/test-dir/MiniOzoneClusterImpl-a69ba920-524d-43f7-a757-bb142e91f929/datanode-4/data/ratis/d780841e-5340-4083-99fb-c9a56a1fe3ce/current/log_inprogress_0
2019-09-25 12:55:10,174 [b5f65341-71e3-4bdb-b257-250c7a42131a@group-D7DB8B8DA144:LeaderElection9] INFO  impl.LeaderElection (LeaderElection.java:askForVotes(182)) - b5f65341-71e3-4bdb-b257-250c7a42131a@group-D7DB8B8DA144:LeaderElection9: begin an election at term 1 for -1: [b5f65341-71e3-4bdb-b257-250c7a42131a:192.168.151.73:46240], old=null
2019-09-25 12:55:10,175 [b5f65341-71e3-4bdb-b257-250c7a42131a@group-D7DB8B8DA144:LeaderElection9] INFO  impl.RoleInfo (RoleInfo.java:shutdownLeaderElection(134)) - b5f65341-71e3-4bdb-b257-250c7a42131a: shutdown LeaderElection
2019-09-25 12:55:10,175 [b5f65341-71e3-4bdb-b257-250c7a42131a@group-D7DB8B8DA144:LeaderElection9] INFO  impl.RaftServerImpl (RaftServerImpl.java:setRole(174)) - b5f65341-71e3-4bdb-b257-250c7a42131a@group-D7DB8B8DA144: changes role from CANDIDATE to LEADER at term 1 for changeToLeader
2019-09-25 12:55:10,175 [b5f65341-71e3-4bdb-b257-250c7a42131a@group-D7DB8B8DA144:LeaderElection9] INFO  impl.RaftServerImpl (ServerState.java:setLeader(253)) - b5f65341-71e3-4bdb-b257-250c7a42131a@group-D7DB8B8DA144: change Leader from null to b5f65341-71e3-4bdb-b257-250c7a42131a at term 1 for becomeLeader, leader elected after 5071ms
2019-09-25 12:55:10,175 [b5f65341-71e3-4bdb-b257-250c7a42131a@group-D7DB8B8DA144:LeaderElection9] INFO  server.RaftServerConfigKeys (ConfUtils.java:logGet(43)) - raft.server.staging.catchup.gap = 1000 (default)
2019-09-25 12:55:10,175 [b5f65341-71e3-4bdb-b257-250c7a42131a@group-D7DB8B8DA144:LeaderElection9] INFO  server.RaftServerConfigKeys (ConfUtils.java:logGet(43)) - raft.server.rpc.sleep.time = 25ms (default)
2019-09-25 12:55:10,175 [b5f65341-71e3-4bdb-b257-250c7a42131a@group-D7DB8B8DA144:LeaderElection9] INFO  server.RaftServerConfigKeys (ConfUtils.java:logGet(43)) - raft.server.write.element-limit = 4096 (default)
2019-09-25 12:55:10,176 [b5f65341-71e3-4bdb-b257-250c7a42131a@group-D7DB8B8DA144:LeaderElection9] INFO  server.RaftServerConfigKeys (ConfUtils.java:logGet(43)) - raft.server.watch.timeout = 10s (default)
2019-09-25 12:55:10,176 [b5f65341-71e3-4bdb-b257-250c7a42131a@group-D7DB8B8DA144:LeaderElection9] INFO  server.RaftServerConfigKeys (ConfUtils.java:logGet(43)) - raft.server.watch.timeout.denomination = 1s (default)
2019-09-25 12:55:10,176 [b5f65341-71e3-4bdb-b257-250c7a42131a@group-D7DB8B8DA144:LeaderElection9] INFO  server.RaftServerConfigKeys (ConfUtils.java:logGet(43)) - raft.server.watch.element-limit = 65536 (default)
2019-09-25 12:55:10,180 [b5f65341-71e3-4bdb-b257-250c7a42131a@group-D7DB8B8DA144:LeaderElection9] INFO  impl.RoleInfo (RoleInfo.java:updateAndGet(143)) - b5f65341-71e3-4bdb-b257-250c7a42131a: start LeaderState
2019-09-25 12:55:10,180 [b5f65341-71e3-4bdb-b257-250c7a42131a@group-D7DB8B8DA144:LeaderElection9] INFO  segmented.SegmentedRaftLogWorker (SegmentedRaftLogWorker.java:startLogSegment(380)) - b5f65341-71e3-4bdb-b257-250c7a42131a@group-D7DB8B8DA144-SegmentedRaftLogWorker: Starting segment from index:0
2019-09-25 12:55:10,181 [b5f65341-71e3-4bdb-b257-250c7a42131a@group-D7DB8B8DA144:LeaderElection9] INFO  impl.RaftServerImpl (ServerState.java:setRaftConf(354)) - b5f65341-71e3-4bdb-b257-250c7a42131a@group-D7DB8B8DA144: set configuration 0: [b5f65341-71e3-4bdb-b257-250c7a42131a:192.168.151.73:46240], old=null at 0
2019-09-25 12:55:10,229 [b5f65341-71e3-4bdb-b257-250c7a42131a@group-D7DB8B8DA144-SegmentedRaftLogWorker] INFO  segmented.SegmentedRaftLogWorker (SegmentedRaftLogWorker.java:execute(569)) - b5f65341-71e3-4bdb-b257-250c7a42131a@group-D7DB8B8DA144-SegmentedRaftLogWorker: created new log segment /workdir/hadoop-ozone/tools/target/test-dir/MiniOzoneClusterImpl-a69ba920-524d-43f7-a757-bb142e91f929/datanode-4/data/ratis/400ce092-fc9a-4b0b-bb06-d7db8b8da144/current/log_inprogress_0
 100.00% |█████████████████████████████████████████████████████████████████████████████████████████████████████|  1/1 Time: 0:00:05
2019-09-25 12:55:10,274 [Thread-239] INFO  impl.FollowerState (FollowerState.java:run(106)) - 9ab7590b-dd39-4196-b964-8ab9f907299e:group-7C3E9CAAA831 changes to CANDIDATE, lastRpcTime:5052, electionTimeout:5052ms
2019-09-25 12:55:10,275 [Thread-239] INFO  impl.RoleInfo (RoleInfo.java:shutdownFollowerState(121)) - 9ab7590b-dd39-4196-b964-8ab9f907299e: shutdown FollowerState
2019-09-25 12:55:10,275 [Thread-239] INFO  impl.RaftServerImpl (RaftServerImpl.java:setRole(174)) - 9ab7590b-dd39-4196-b964-8ab9f907299e@group-7C3E9CAAA831: changes role from  FOLLOWER to CANDIDATE at term 0 for changeToCandidate
2019-09-25 12:55:10,275 [Thread-239] INFO  impl.RoleInfo (RoleInfo.java:updateAndGet(143)) - 9ab7590b-dd39-4196-b964-8ab9f907299e: start LeaderElection
]]></system-out>
  </testcase>
  <testcase name="standaloneTestLargeKey" classname="org.apache.hadoop.ozone.freon.TestDataValidateWithDummyContainers" time="5.08">
    <error message="Allocated 0 blocks. Requested 5 blocks" type="INTERNAL_ERROR org.apache.hadoop.ozone.om.exceptions.OMException">INTERNAL_ERROR org.apache.hadoop.ozone.om.exceptions.OMException: Allocated 0 blocks. Requested 5 blocks
	at org.apache.hadoop.ozone.om.protocolPB.OzoneManagerProtocolClientSideTranslatorPB.handleError(OzoneManagerProtocolClientSideTranslatorPB.java:732)
	at org.apache.hadoop.ozone.om.protocolPB.OzoneManagerProtocolClientSideTranslatorPB.openKey(OzoneManagerProtocolClientSideTranslatorPB.java:723)
	at sun.reflect.NativeMethodAccessorImpl.invoke0(Native Method)
	at sun.reflect.NativeMethodAccessorImpl.invoke(NativeMethodAccessorImpl.java:62)
	at sun.reflect.DelegatingMethodAccessorImpl.invoke(DelegatingMethodAccessorImpl.java:43)
	at java.lang.reflect.Method.invoke(Method.java:498)
	at org.apache.hadoop.hdds.tracing.TraceAllMethod.invoke(TraceAllMethod.java:66)
	at com.sun.proxy.$Proxy37.openKey(Unknown Source)
	at org.apache.hadoop.ozone.client.rpc.RpcClient.createKey(RpcClient.java:614)
	at org.apache.hadoop.ozone.client.OzoneBucket.createKey(OzoneBucket.java:325)
	at org.apache.hadoop.ozone.freon.RandomKeyGenerator.createKey(RandomKeyGenerator.java:695)
	at org.apache.hadoop.ozone.freon.RandomKeyGenerator.access$1100(RandomKeyGenerator.java:88)
	at org.apache.hadoop.ozone.freon.RandomKeyGenerator$ObjectCreator.run(RandomKeyGenerator.java:615)
	at java.util.concurrent.Executors$RunnableAdapter.call(Executors.java:511)
	at java.util.concurrent.FutureTask.run(FutureTask.java:266)
	at java.util.concurrent.ThreadPoolExecutor.runWorker(ThreadPoolExecutor.java:1149)
	at java.util.concurrent.ThreadPoolExecutor$Worker.run(ThreadPoolExecutor.java:624)
	at java.lang.Thread.run(Thread.java:748)
</error>
    <system-out><![CDATA[2019-09-25 12:55:10,293 [main] INFO  freon.RandomKeyGenerator (RandomKeyGenerator.java:call(258)) - Override validateWrites to false, because hdds.container.chunk.persistdata is set to false.
2019-09-25 12:55:10,294 [9ab7590b-dd39-4196-b964-8ab9f907299e@group-7C3E9CAAA831:LeaderElection10] INFO  impl.LeaderElection (LeaderElection.java:askForVotes(182)) - 9ab7590b-dd39-4196-b964-8ab9f907299e@group-7C3E9CAAA831:LeaderElection10: begin an election at term 1 for -1: [9ab7590b-dd39-4196-b964-8ab9f907299e:192.168.151.73:40001], old=null
2019-09-25 12:55:10,295 [9ab7590b-dd39-4196-b964-8ab9f907299e@group-7C3E9CAAA831:LeaderElection10] INFO  impl.RoleInfo (RoleInfo.java:shutdownLeaderElection(134)) - 9ab7590b-dd39-4196-b964-8ab9f907299e: shutdown LeaderElection
2019-09-25 12:55:10,295 [9ab7590b-dd39-4196-b964-8ab9f907299e@group-7C3E9CAAA831:LeaderElection10] INFO  impl.RaftServerImpl (RaftServerImpl.java:setRole(174)) - 9ab7590b-dd39-4196-b964-8ab9f907299e@group-7C3E9CAAA831: changes role from CANDIDATE to LEADER at term 1 for changeToLeader
2019-09-25 12:55:10,295 [9ab7590b-dd39-4196-b964-8ab9f907299e@group-7C3E9CAAA831:LeaderElection10] INFO  impl.RaftServerImpl (ServerState.java:setLeader(253)) - 9ab7590b-dd39-4196-b964-8ab9f907299e@group-7C3E9CAAA831: change Leader from null to 9ab7590b-dd39-4196-b964-8ab9f907299e at term 1 for becomeLeader, leader elected after 5090ms
2019-09-25 12:55:10,297 [9ab7590b-dd39-4196-b964-8ab9f907299e@group-7C3E9CAAA831:LeaderElection10] INFO  server.RaftServerConfigKeys (ConfUtils.java:logGet(43)) - raft.server.staging.catchup.gap = 1000 (default)
2019-09-25 12:55:10,297 [9ab7590b-dd39-4196-b964-8ab9f907299e@group-7C3E9CAAA831:LeaderElection10] INFO  server.RaftServerConfigKeys (ConfUtils.java:logGet(43)) - raft.server.rpc.sleep.time = 25ms (default)
2019-09-25 12:55:10,298 [9ab7590b-dd39-4196-b964-8ab9f907299e@group-7C3E9CAAA831:LeaderElection10] INFO  server.RaftServerConfigKeys (ConfUtils.java:logGet(43)) - raft.server.write.element-limit = 4096 (default)
2019-09-25 12:55:10,298 [9ab7590b-dd39-4196-b964-8ab9f907299e@group-7C3E9CAAA831:LeaderElection10] INFO  server.RaftServerConfigKeys (ConfUtils.java:logGet(43)) - raft.server.watch.timeout = 10s (default)
2019-09-25 12:55:10,298 [9ab7590b-dd39-4196-b964-8ab9f907299e@group-7C3E9CAAA831:LeaderElection10] INFO  server.RaftServerConfigKeys (ConfUtils.java:logGet(43)) - raft.server.watch.timeout.denomination = 1s (default)
2019-09-25 12:55:10,298 [9ab7590b-dd39-4196-b964-8ab9f907299e@group-7C3E9CAAA831:LeaderElection10] INFO  server.RaftServerConfigKeys (ConfUtils.java:logGet(43)) - raft.server.watch.element-limit = 65536 (default)
2019-09-25 12:55:10,303 [9ab7590b-dd39-4196-b964-8ab9f907299e@group-7C3E9CAAA831:LeaderElection10] INFO  impl.RoleInfo (RoleInfo.java:updateAndGet(143)) - 9ab7590b-dd39-4196-b964-8ab9f907299e: start LeaderState
2019-09-25 12:55:10,303 [9ab7590b-dd39-4196-b964-8ab9f907299e@group-7C3E9CAAA831:LeaderElection10] INFO  segmented.SegmentedRaftLogWorker (SegmentedRaftLogWorker.java:startLogSegment(380)) - 9ab7590b-dd39-4196-b964-8ab9f907299e@group-7C3E9CAAA831-SegmentedRaftLogWorker: Starting segment from index:0
2019-09-25 12:55:10,304 [9ab7590b-dd39-4196-b964-8ab9f907299e@group-7C3E9CAAA831:LeaderElection10] INFO  impl.RaftServerImpl (ServerState.java:setRaftConf(354)) - 9ab7590b-dd39-4196-b964-8ab9f907299e@group-7C3E9CAAA831: set configuration 0: [9ab7590b-dd39-4196-b964-8ab9f907299e:192.168.151.73:40001], old=null at 0
2019-09-25 12:55:10,347 [main] INFO  freon.RandomKeyGenerator (RandomKeyGenerator.java:call(283)) - Number of Threads: 10
2019-09-25 12:55:10,347 [Thread-245] INFO  impl.FollowerState (FollowerState.java:run(106)) - 890a050a-36b3-47fb-a6ed-f900cd3e56cf:group-7FD7432582C4 changes to CANDIDATE, lastRpcTime:5031, electionTimeout:5031ms
2019-09-25 12:55:10,347 [main] INFO  freon.RandomKeyGenerator (RandomKeyGenerator.java:call(288)) - Number of Volumes: 1.
2019-09-25 12:55:10,347 [Thread-245] INFO  impl.RoleInfo (RoleInfo.java:shutdownFollowerState(121)) - 890a050a-36b3-47fb-a6ed-f900cd3e56cf: shutdown FollowerState
2019-09-25 12:55:10,347 [main] INFO  freon.RandomKeyGenerator (RandomKeyGenerator.java:call(289)) - Number of Buckets per Volume: 1.
2019-09-25 12:55:10,348 [Thread-245] INFO  impl.RaftServerImpl (RaftServerImpl.java:setRole(174)) - 890a050a-36b3-47fb-a6ed-f900cd3e56cf@group-7FD7432582C4: changes role from  FOLLOWER to CANDIDATE at term 0 for changeToCandidate
2019-09-25 12:55:10,348 [main] INFO  freon.RandomKeyGenerator (RandomKeyGenerator.java:call(290)) - Number of Keys per Bucket: 1.
2019-09-25 12:55:10,348 [Thread-245] INFO  impl.RoleInfo (RoleInfo.java:updateAndGet(143)) - 890a050a-36b3-47fb-a6ed-f900cd3e56cf: start LeaderElection
2019-09-25 12:55:10,348 [main] INFO  freon.RandomKeyGenerator (RandomKeyGenerator.java:call(291)) - Key size: 20971520 bytes
2019-09-25 12:55:10,349 [main] INFO  freon.RandomKeyGenerator (RandomKeyGenerator.java:call(292)) - Buffer size: 4096 bytes
2019-09-25 12:55:10,353 [main] INFO  freon.RandomKeyGenerator (RandomKeyGenerator.java:call(293)) - validateWrites : false
2019-09-25 12:55:10,354 [pool-74-thread-1] INFO  rpc.RpcClient (RpcClient.java:createVolume(276)) - Creating Volume: vol-0-35652, with jenkins1000 as owner.
2019-09-25 12:55:10,354 [main] INFO  freon.RandomKeyGenerator (RandomKeyGenerator.java:call(313)) - Starting progress bar Thread.

 0.00% |█                                                                                                    |  0/1 Time: 0:00:002019-09-25 12:55:10,359 [IPC Server handler 3 on 34889] INFO  volume.OMVolumeCreateRequest (OMVolumeCreateRequest.java:validateAndUpdateCache(189)) - created volume:vol-0-35652 for user:jenkins1000
2019-09-25 12:55:10,365 [9ab7590b-dd39-4196-b964-8ab9f907299e@group-7C3E9CAAA831-SegmentedRaftLogWorker] INFO  segmented.SegmentedRaftLogWorker (SegmentedRaftLogWorker.java:execute(569)) - 9ab7590b-dd39-4196-b964-8ab9f907299e@group-7C3E9CAAA831-SegmentedRaftLogWorker: created new log segment /workdir/hadoop-ozone/tools/target/test-dir/MiniOzoneClusterImpl-a69ba920-524d-43f7-a757-bb142e91f929/datanode-3/data/ratis/7f881db8-630c-47ee-93b3-7c3e9caaa831/current/log_inprogress_0
2019-09-25 12:55:10,365 [pool-74-thread-2] INFO  rpc.RpcClient (RpcClient.java:createBucket(415)) - Creating Bucket: vol-0-35652/bucket-0-03311, with Versioning false and Storage Type set to DISK and Encryption set to false 
2019-09-25 12:55:10,377 [890a050a-36b3-47fb-a6ed-f900cd3e56cf@group-7FD7432582C4:LeaderElection11] INFO  impl.LeaderElection (LeaderElection.java:askForVotes(182)) - 890a050a-36b3-47fb-a6ed-f900cd3e56cf@group-7FD7432582C4:LeaderElection11: begin an election at term 1 for -1: [890a050a-36b3-47fb-a6ed-f900cd3e56cf:192.168.151.73:39049], old=null
2019-09-25 12:55:10,377 [890a050a-36b3-47fb-a6ed-f900cd3e56cf@group-7FD7432582C4:LeaderElection11] INFO  impl.RoleInfo (RoleInfo.java:shutdownLeaderElection(134)) - 890a050a-36b3-47fb-a6ed-f900cd3e56cf: shutdown LeaderElection
2019-09-25 12:55:10,378 [890a050a-36b3-47fb-a6ed-f900cd3e56cf@group-7FD7432582C4:LeaderElection11] INFO  impl.RaftServerImpl (RaftServerImpl.java:setRole(174)) - 890a050a-36b3-47fb-a6ed-f900cd3e56cf@group-7FD7432582C4: changes role from CANDIDATE to LEADER at term 1 for changeToLeader
2019-09-25 12:55:10,378 [890a050a-36b3-47fb-a6ed-f900cd3e56cf@group-7FD7432582C4:LeaderElection11] INFO  impl.RaftServerImpl (ServerState.java:setLeader(253)) - 890a050a-36b3-47fb-a6ed-f900cd3e56cf@group-7FD7432582C4: change Leader from null to 890a050a-36b3-47fb-a6ed-f900cd3e56cf at term 1 for becomeLeader, leader elected after 5072ms
2019-09-25 12:55:10,378 [890a050a-36b3-47fb-a6ed-f900cd3e56cf@group-7FD7432582C4:LeaderElection11] INFO  server.RaftServerConfigKeys (ConfUtils.java:logGet(43)) - raft.server.staging.catchup.gap = 1000 (default)
2019-09-25 12:55:10,378 [890a050a-36b3-47fb-a6ed-f900cd3e56cf@group-7FD7432582C4:LeaderElection11] INFO  server.RaftServerConfigKeys (ConfUtils.java:logGet(43)) - raft.server.rpc.sleep.time = 25ms (default)
2019-09-25 12:55:10,378 [IPC Server handler 4 on 44542] INFO  pipeline.PipelinePlacementPolicy (PipelinePlacementPolicy.java:meetCriteria(91)) - Pipeline Placement: can't place more pipeline on heavy datanode： 890a050a-36b3-47fb-a6ed-f900cd3e56cf Heaviness: 6 limit: 5
2019-09-25 12:55:10,378 [890a050a-36b3-47fb-a6ed-f900cd3e56cf@group-7FD7432582C4:LeaderElection11] INFO  server.RaftServerConfigKeys (ConfUtils.java:logGet(43)) - raft.server.write.element-limit = 4096 (default)
2019-09-25 12:55:10,379 [IPC Server handler 4 on 44542] INFO  pipeline.PipelinePlacementPolicy (PipelinePlacementPolicy.java:meetCriteria(91)) - Pipeline Placement: can't place more pipeline on heavy datanode： 9ab7590b-dd39-4196-b964-8ab9f907299e Heaviness: 6 limit: 5
2019-09-25 12:55:10,379 [890a050a-36b3-47fb-a6ed-f900cd3e56cf@group-7FD7432582C4:LeaderElection11] INFO  server.RaftServerConfigKeys (ConfUtils.java:logGet(43)) - raft.server.watch.timeout = 10s (default)
2019-09-25 12:55:10,379 [IPC Server handler 4 on 44542] INFO  pipeline.PipelinePlacementPolicy (PipelinePlacementPolicy.java:meetCriteria(91)) - Pipeline Placement: can't place more pipeline on heavy datanode： 5c86796b-6b73-4de6-91b0-1a3ae4d4f66e Heaviness: 6 limit: 5
2019-09-25 12:55:10,379 [890a050a-36b3-47fb-a6ed-f900cd3e56cf@group-7FD7432582C4:LeaderElection11] INFO  server.RaftServerConfigKeys (ConfUtils.java:logGet(43)) - raft.server.watch.timeout.denomination = 1s (default)
2019-09-25 12:55:10,379 [IPC Server handler 4 on 44542] INFO  pipeline.PipelinePlacementPolicy (PipelinePlacementPolicy.java:meetCriteria(91)) - Pipeline Placement: can't place more pipeline on heavy datanode： b5f65341-71e3-4bdb-b257-250c7a42131a Heaviness: 6 limit: 5
2019-09-25 12:55:10,379 [890a050a-36b3-47fb-a6ed-f900cd3e56cf@group-7FD7432582C4:LeaderElection11] INFO  server.RaftServerConfigKeys (ConfUtils.java:logGet(43)) - raft.server.watch.element-limit = 65536 (default)
2019-09-25 12:55:10,379 [IPC Server handler 4 on 44542] INFO  pipeline.PipelinePlacementPolicy (PipelinePlacementPolicy.java:meetCriteria(91)) - Pipeline Placement: can't place more pipeline on heavy datanode： d3ebfba2-1061-4a1b-b9ff-fcd56525b262 Heaviness: 6 limit: 5
2019-09-25 12:55:10,380 [IPC Server handler 4 on 44542] ERROR pipeline.PipelinePlacementPolicy (PipelinePlacementPolicy.java:filterViableNodes(148)) - Unable to find enough nodes that meet the criteria that cannot engage in more than 5 pipelines. Nodes required: 3 Found: 0, healthy nodes count inNodeManager: 5.
2019-09-25 12:55:10,380 [IPC Server handler 4 on 44542] ERROR pipeline.SCMPipelineManager (SCMPipelineManager.java:createPipeline(167)) - Pipeline creation failed.
org.apache.hadoop.hdds.scm.exceptions.SCMException: Unable to find enough nodes that meet the criteria that cannot engage in more than 5 pipelines. Nodes required: 3 Found: 0, healthy nodes count inNodeManager: 5.
	at org.apache.hadoop.hdds.scm.pipeline.PipelinePlacementPolicy.filterViableNodes(PipelinePlacementPolicy.java:149)
	at org.apache.hadoop.hdds.scm.pipeline.PipelinePlacementPolicy.chooseDatanodes(PipelinePlacementPolicy.java:172)
	at org.apache.hadoop.hdds.scm.pipeline.RatisPipelineProvider.create(RatisPipelineProvider.java:93)
	at org.apache.hadoop.hdds.scm.pipeline.PipelineFactory.create(PipelineFactory.java:58)
	at org.apache.hadoop.hdds.scm.pipeline.SCMPipelineManager.createPipeline(SCMPipelineManager.java:155)
	at org.apache.hadoop.hdds.scm.block.BlockManagerImpl.allocateBlock(BlockManagerImpl.java:190)
	at org.apache.hadoop.hdds.scm.server.SCMBlockProtocolServer.allocateBlock(SCMBlockProtocolServer.java:182)
	at org.apache.hadoop.ozone.protocolPB.ScmBlockLocationProtocolServerSideTranslatorPB.allocateScmBlock(ScmBlockLocationProtocolServerSideTranslatorPB.java:183)
	at org.apache.hadoop.ozone.protocolPB.ScmBlockLocationProtocolServerSideTranslatorPB.processMessage(ScmBlockLocationProtocolServerSideTranslatorPB.java:141)
	at org.apache.hadoop.ozone.protocolPB.ScmBlockLocationProtocolServerSideTranslatorPB.send(ScmBlockLocationProtocolServerSideTranslatorPB.java:116)
	at org.apache.hadoop.hdds.protocol.proto.ScmBlockLocationProtocolProtos$ScmBlockLocationProtocolService$2.callBlockingMethod(ScmBlockLocationProtocolProtos.java:13157)
	at org.apache.hadoop.ipc.ProtobufRpcEngine$Server$ProtoBufRpcInvoker.call(ProtobufRpcEngine.java:524)
	at org.apache.hadoop.ipc.RPC$Server.call(RPC.java:1025)
	at org.apache.hadoop.ipc.Server$RpcCall.run(Server.java:876)
	at org.apache.hadoop.ipc.Server$RpcCall.run(Server.java:822)
	at java.security.AccessController.doPrivileged(Native Method)
	at javax.security.auth.Subject.doAs(Subject.java:422)
	at org.apache.hadoop.security.UserGroupInformation.doAs(UserGroupInformation.java:1730)
	at org.apache.hadoop.ipc.Server$Handler.run(Server.java:2682)
2019-09-25 12:55:10,380 [IPC Server handler 4 on 44542] WARN  block.BlockManagerImpl (BlockManagerImpl.java:allocateBlock(192)) - Pipeline creation failed for type:RATIS factor:THREE. Retrying get pipelines call once.
org.apache.hadoop.hdds.scm.exceptions.SCMException: Unable to find enough nodes that meet the criteria that cannot engage in more than 5 pipelines. Nodes required: 3 Found: 0, healthy nodes count inNodeManager: 5.
	at org.apache.hadoop.hdds.scm.pipeline.PipelinePlacementPolicy.filterViableNodes(PipelinePlacementPolicy.java:149)
	at org.apache.hadoop.hdds.scm.pipeline.PipelinePlacementPolicy.chooseDatanodes(PipelinePlacementPolicy.java:172)
	at org.apache.hadoop.hdds.scm.pipeline.RatisPipelineProvider.create(RatisPipelineProvider.java:93)
	at org.apache.hadoop.hdds.scm.pipeline.PipelineFactory.create(PipelineFactory.java:58)
	at org.apache.hadoop.hdds.scm.pipeline.SCMPipelineManager.createPipeline(SCMPipelineManager.java:155)
	at org.apache.hadoop.hdds.scm.block.BlockManagerImpl.allocateBlock(BlockManagerImpl.java:190)
	at org.apache.hadoop.hdds.scm.server.SCMBlockProtocolServer.allocateBlock(SCMBlockProtocolServer.java:182)
	at org.apache.hadoop.ozone.protocolPB.ScmBlockLocationProtocolServerSideTranslatorPB.allocateScmBlock(ScmBlockLocationProtocolServerSideTranslatorPB.java:183)
	at org.apache.hadoop.ozone.protocolPB.ScmBlockLocationProtocolServerSideTranslatorPB.processMessage(ScmBlockLocationProtocolServerSideTranslatorPB.java:141)
	at org.apache.hadoop.ozone.protocolPB.ScmBlockLocationProtocolServerSideTranslatorPB.send(ScmBlockLocationProtocolServerSideTranslatorPB.java:116)
	at org.apache.hadoop.hdds.protocol.proto.ScmBlockLocationProtocolProtos$ScmBlockLocationProtocolService$2.callBlockingMethod(ScmBlockLocationProtocolProtos.java:13157)
	at org.apache.hadoop.ipc.ProtobufRpcEngine$Server$ProtoBufRpcInvoker.call(ProtobufRpcEngine.java:524)
	at org.apache.hadoop.ipc.RPC$Server.call(RPC.java:1025)
	at org.apache.hadoop.ipc.Server$RpcCall.run(Server.java:876)
	at org.apache.hadoop.ipc.Server$RpcCall.run(Server.java:822)
	at java.security.AccessController.doPrivileged(Native Method)
	at javax.security.auth.Subject.doAs(Subject.java:422)
	at org.apache.hadoop.security.UserGroupInformation.doAs(UserGroupInformation.java:1730)
	at org.apache.hadoop.ipc.Server$Handler.run(Server.java:2682)
2019-09-25 12:55:10,381 [IPC Server handler 4 on 44542] INFO  block.BlockManagerImpl (BlockManagerImpl.java:allocateBlock(198)) - Could not find available pipeline of type:RATIS and factor:THREE even after retrying
2019-09-25 12:55:10,381 [IPC Server handler 4 on 44542] ERROR block.BlockManagerImpl (BlockManagerImpl.java:allocateBlock(222)) - Unable to allocate a block for the size: 4194304, type: RATIS, factor: THREE
2019-09-25 12:55:10,381 [IPC Server handler 4 on 44542] INFO  pipeline.PipelinePlacementPolicy (PipelinePlacementPolicy.java:meetCriteria(91)) - Pipeline Placement: can't place more pipeline on heavy datanode： 890a050a-36b3-47fb-a6ed-f900cd3e56cf Heaviness: 6 limit: 5
2019-09-25 12:55:10,381 [IPC Server handler 4 on 44542] INFO  pipeline.PipelinePlacementPolicy (PipelinePlacementPolicy.java:meetCriteria(91)) - Pipeline Placement: can't place more pipeline on heavy datanode： 9ab7590b-dd39-4196-b964-8ab9f907299e Heaviness: 6 limit: 5
2019-09-25 12:55:10,381 [IPC Server handler 4 on 44542] INFO  pipeline.PipelinePlacementPolicy (PipelinePlacementPolicy.java:meetCriteria(91)) - Pipeline Placement: can't place more pipeline on heavy datanode： 5c86796b-6b73-4de6-91b0-1a3ae4d4f66e Heaviness: 6 limit: 5
2019-09-25 12:55:10,381 [IPC Server handler 4 on 44542] INFO  pipeline.PipelinePlacementPolicy (PipelinePlacementPolicy.java:meetCriteria(91)) - Pipeline Placement: can't place more pipeline on heavy datanode： b5f65341-71e3-4bdb-b257-250c7a42131a Heaviness: 6 limit: 5
2019-09-25 12:55:10,381 [IPC Server handler 4 on 44542] INFO  pipeline.PipelinePlacementPolicy (PipelinePlacementPolicy.java:meetCriteria(91)) - Pipeline Placement: can't place more pipeline on heavy datanode： d3ebfba2-1061-4a1b-b9ff-fcd56525b262 Heaviness: 6 limit: 5
2019-09-25 12:55:10,382 [IPC Server handler 4 on 44542] ERROR pipeline.PipelinePlacementPolicy (PipelinePlacementPolicy.java:filterViableNodes(148)) - Unable to find enough nodes that meet the criteria that cannot engage in more than 5 pipelines. Nodes required: 3 Found: 0, healthy nodes count inNodeManager: 5.
2019-09-25 12:55:10,382 [IPC Server handler 4 on 44542] ERROR pipeline.SCMPipelineManager (SCMPipelineManager.java:createPipeline(167)) - Pipeline creation failed.
org.apache.hadoop.hdds.scm.exceptions.SCMException: Unable to find enough nodes that meet the criteria that cannot engage in more than 5 pipelines. Nodes required: 3 Found: 0, healthy nodes count inNodeManager: 5.
	at org.apache.hadoop.hdds.scm.pipeline.PipelinePlacementPolicy.filterViableNodes(PipelinePlacementPolicy.java:149)
	at org.apache.hadoop.hdds.scm.pipeline.PipelinePlacementPolicy.chooseDatanodes(PipelinePlacementPolicy.java:172)
	at org.apache.hadoop.hdds.scm.pipeline.RatisPipelineProvider.create(RatisPipelineProvider.java:93)
	at org.apache.hadoop.hdds.scm.pipeline.PipelineFactory.create(PipelineFactory.java:58)
	at org.apache.hadoop.hdds.scm.pipeline.SCMPipelineManager.createPipeline(SCMPipelineManager.java:155)
	at org.apache.hadoop.hdds.scm.block.BlockManagerImpl.allocateBlock(BlockManagerImpl.java:190)
	at org.apache.hadoop.hdds.scm.server.SCMBlockProtocolServer.allocateBlock(SCMBlockProtocolServer.java:182)
	at org.apache.hadoop.ozone.protocolPB.ScmBlockLocationProtocolServerSideTranslatorPB.allocateScmBlock(ScmBlockLocationProtocolServerSideTranslatorPB.java:183)
	at org.apache.hadoop.ozone.protocolPB.ScmBlockLocationProtocolServerSideTranslatorPB.processMessage(ScmBlockLocationProtocolServerSideTranslatorPB.java:141)
	at org.apache.hadoop.ozone.protocolPB.ScmBlockLocationProtocolServerSideTranslatorPB.send(ScmBlockLocationProtocolServerSideTranslatorPB.java:116)
	at org.apache.hadoop.hdds.protocol.proto.ScmBlockLocationProtocolProtos$ScmBlockLocationProtocolService$2.callBlockingMethod(ScmBlockLocationProtocolProtos.java:13157)
	at org.apache.hadoop.ipc.ProtobufRpcEngine$Server$ProtoBufRpcInvoker.call(ProtobufRpcEngine.java:524)
	at org.apache.hadoop.ipc.RPC$Server.call(RPC.java:1025)
	at org.apache.hadoop.ipc.Server$RpcCall.run(Server.java:876)
	at org.apache.hadoop.ipc.Server$RpcCall.run(Server.java:822)
	at java.security.AccessController.doPrivileged(Native Method)
	at javax.security.auth.Subject.doAs(Subject.java:422)
	at org.apache.hadoop.security.UserGroupInformation.doAs(UserGroupInformation.java:1730)
	at org.apache.hadoop.ipc.Server$Handler.run(Server.java:2682)
2019-09-25 12:55:10,382 [IPC Server handler 4 on 44542] WARN  block.BlockManagerImpl (BlockManagerImpl.java:allocateBlock(192)) - Pipeline creation failed for type:RATIS factor:THREE. Retrying get pipelines call once.
org.apache.hadoop.hdds.scm.exceptions.SCMException: Unable to find enough nodes that meet the criteria that cannot engage in more than 5 pipelines. Nodes required: 3 Found: 0, healthy nodes count inNodeManager: 5.
	at org.apache.hadoop.hdds.scm.pipeline.PipelinePlacementPolicy.filterViableNodes(PipelinePlacementPolicy.java:149)
	at org.apache.hadoop.hdds.scm.pipeline.PipelinePlacementPolicy.chooseDatanodes(PipelinePlacementPolicy.java:172)
	at org.apache.hadoop.hdds.scm.pipeline.RatisPipelineProvider.create(RatisPipelineProvider.java:93)
	at org.apache.hadoop.hdds.scm.pipeline.PipelineFactory.create(PipelineFactory.java:58)
	at org.apache.hadoop.hdds.scm.pipeline.SCMPipelineManager.createPipeline(SCMPipelineManager.java:155)
	at org.apache.hadoop.hdds.scm.block.BlockManagerImpl.allocateBlock(BlockManagerImpl.java:190)
	at org.apache.hadoop.hdds.scm.server.SCMBlockProtocolServer.allocateBlock(SCMBlockProtocolServer.java:182)
	at org.apache.hadoop.ozone.protocolPB.ScmBlockLocationProtocolServerSideTranslatorPB.allocateScmBlock(ScmBlockLocationProtocolServerSideTranslatorPB.java:183)
	at org.apache.hadoop.ozone.protocolPB.ScmBlockLocationProtocolServerSideTranslatorPB.processMessage(ScmBlockLocationProtocolServerSideTranslatorPB.java:141)
	at org.apache.hadoop.ozone.protocolPB.ScmBlockLocationProtocolServerSideTranslatorPB.send(ScmBlockLocationProtocolServerSideTranslatorPB.java:116)
	at org.apache.hadoop.hdds.protocol.proto.ScmBlockLocationProtocolProtos$ScmBlockLocationProtocolService$2.callBlockingMethod(ScmBlockLocationProtocolProtos.java:13157)
	at org.apache.hadoop.ipc.ProtobufRpcEngine$Server$ProtoBufRpcInvoker.call(ProtobufRpcEngine.java:524)
	at org.apache.hadoop.ipc.RPC$Server.call(RPC.java:1025)
	at org.apache.hadoop.ipc.Server$RpcCall.run(Server.java:876)
	at org.apache.hadoop.ipc.Server$RpcCall.run(Server.java:822)
	at java.security.AccessController.doPrivileged(Native Method)
	at javax.security.auth.Subject.doAs(Subject.java:422)
	at org.apache.hadoop.security.UserGroupInformation.doAs(UserGroupInformation.java:1730)
	at org.apache.hadoop.ipc.Server$Handler.run(Server.java:2682)
2019-09-25 12:55:10,382 [IPC Server handler 4 on 44542] INFO  block.BlockManagerImpl (BlockManagerImpl.java:allocateBlock(198)) - Could not find available pipeline of type:RATIS and factor:THREE even after retrying
2019-09-25 12:55:10,382 [IPC Server handler 4 on 44542] ERROR block.BlockManagerImpl (BlockManagerImpl.java:allocateBlock(222)) - Unable to allocate a block for the size: 4194304, type: RATIS, factor: THREE
2019-09-25 12:55:10,382 [IPC Server handler 4 on 44542] INFO  pipeline.PipelinePlacementPolicy (PipelinePlacementPolicy.java:meetCriteria(91)) - Pipeline Placement: can't place more pipeline on heavy datanode： 890a050a-36b3-47fb-a6ed-f900cd3e56cf Heaviness: 6 limit: 5
2019-09-25 12:55:10,383 [IPC Server handler 4 on 44542] INFO  pipeline.PipelinePlacementPolicy (PipelinePlacementPolicy.java:meetCriteria(91)) - Pipeline Placement: can't place more pipeline on heavy datanode： 9ab7590b-dd39-4196-b964-8ab9f907299e Heaviness: 6 limit: 5
2019-09-25 12:55:10,383 [IPC Server handler 4 on 44542] INFO  pipeline.PipelinePlacementPolicy (PipelinePlacementPolicy.java:meetCriteria(91)) - Pipeline Placement: can't place more pipeline on heavy datanode： 5c86796b-6b73-4de6-91b0-1a3ae4d4f66e Heaviness: 6 limit: 5
2019-09-25 12:55:10,383 [IPC Server handler 4 on 44542] INFO  pipeline.PipelinePlacementPolicy (PipelinePlacementPolicy.java:meetCriteria(91)) - Pipeline Placement: can't place more pipeline on heavy datanode： b5f65341-71e3-4bdb-b257-250c7a42131a Heaviness: 6 limit: 5
2019-09-25 12:55:10,383 [890a050a-36b3-47fb-a6ed-f900cd3e56cf@group-7FD7432582C4:LeaderElection11] INFO  impl.RoleInfo (RoleInfo.java:updateAndGet(143)) - 890a050a-36b3-47fb-a6ed-f900cd3e56cf: start LeaderState
2019-09-25 12:55:10,383 [IPC Server handler 4 on 44542] INFO  pipeline.PipelinePlacementPolicy (PipelinePlacementPolicy.java:meetCriteria(91)) - Pipeline Placement: can't place more pipeline on heavy datanode： d3ebfba2-1061-4a1b-b9ff-fcd56525b262 Heaviness: 6 limit: 5
2019-09-25 12:55:10,383 [IPC Server handler 4 on 44542] ERROR pipeline.PipelinePlacementPolicy (PipelinePlacementPolicy.java:filterViableNodes(148)) - Unable to find enough nodes that meet the criteria that cannot engage in more than 5 pipelines. Nodes required: 3 Found: 0, healthy nodes count inNodeManager: 5.
2019-09-25 12:55:10,383 [890a050a-36b3-47fb-a6ed-f900cd3e56cf@group-7FD7432582C4:LeaderElection11] INFO  segmented.SegmentedRaftLogWorker (SegmentedRaftLogWorker.java:startLogSegment(380)) - 890a050a-36b3-47fb-a6ed-f900cd3e56cf@group-7FD7432582C4-SegmentedRaftLogWorker: Starting segment from index:0
2019-09-25 12:55:10,383 [IPC Server handler 4 on 44542] ERROR pipeline.SCMPipelineManager (SCMPipelineManager.java:createPipeline(167)) - Pipeline creation failed.
org.apache.hadoop.hdds.scm.exceptions.SCMException: Unable to find enough nodes that meet the criteria that cannot engage in more than 5 pipelines. Nodes required: 3 Found: 0, healthy nodes count inNodeManager: 5.
	at org.apache.hadoop.hdds.scm.pipeline.PipelinePlacementPolicy.filterViableNodes(PipelinePlacementPolicy.java:149)
	at org.apache.hadoop.hdds.scm.pipeline.PipelinePlacementPolicy.chooseDatanodes(PipelinePlacementPolicy.java:172)
	at org.apache.hadoop.hdds.scm.pipeline.RatisPipelineProvider.create(RatisPipelineProvider.java:93)
	at org.apache.hadoop.hdds.scm.pipeline.PipelineFactory.create(PipelineFactory.java:58)
	at org.apache.hadoop.hdds.scm.pipeline.SCMPipelineManager.createPipeline(SCMPipelineManager.java:155)
	at org.apache.hadoop.hdds.scm.block.BlockManagerImpl.allocateBlock(BlockManagerImpl.java:190)
	at org.apache.hadoop.hdds.scm.server.SCMBlockProtocolServer.allocateBlock(SCMBlockProtocolServer.java:182)
	at org.apache.hadoop.ozone.protocolPB.ScmBlockLocationProtocolServerSideTranslatorPB.allocateScmBlock(ScmBlockLocationProtocolServerSideTranslatorPB.java:183)
	at org.apache.hadoop.ozone.protocolPB.ScmBlockLocationProtocolServerSideTranslatorPB.processMessage(ScmBlockLocationProtocolServerSideTranslatorPB.java:141)
	at org.apache.hadoop.ozone.protocolPB.ScmBlockLocationProtocolServerSideTranslatorPB.send(ScmBlockLocationProtocolServerSideTranslatorPB.java:116)
	at org.apache.hadoop.hdds.protocol.proto.ScmBlockLocationProtocolProtos$ScmBlockLocationProtocolService$2.callBlockingMethod(ScmBlockLocationProtocolProtos.java:13157)
	at org.apache.hadoop.ipc.ProtobufRpcEngine$Server$ProtoBufRpcInvoker.call(ProtobufRpcEngine.java:524)
	at org.apache.hadoop.ipc.RPC$Server.call(RPC.java:1025)
	at org.apache.hadoop.ipc.Server$RpcCall.run(Server.java:876)
	at org.apache.hadoop.ipc.Server$RpcCall.run(Server.java:822)
	at java.security.AccessController.doPrivileged(Native Method)
	at javax.security.auth.Subject.doAs(Subject.java:422)
	at org.apache.hadoop.security.UserGroupInformation.doAs(UserGroupInformation.java:1730)
	at org.apache.hadoop.ipc.Server$Handler.run(Server.java:2682)
2019-09-25 12:55:10,384 [890a050a-36b3-47fb-a6ed-f900cd3e56cf@group-7FD7432582C4:LeaderElection11] INFO  impl.RaftServerImpl (ServerState.java:setRaftConf(354)) - 890a050a-36b3-47fb-a6ed-f900cd3e56cf@group-7FD7432582C4: set configuration 0: [890a050a-36b3-47fb-a6ed-f900cd3e56cf:192.168.151.73:39049], old=null at 0
2019-09-25 12:55:10,384 [IPC Server handler 4 on 44542] WARN  block.BlockManagerImpl (BlockManagerImpl.java:allocateBlock(192)) - Pipeline creation failed for type:RATIS factor:THREE. Retrying get pipelines call once.
org.apache.hadoop.hdds.scm.exceptions.SCMException: Unable to find enough nodes that meet the criteria that cannot engage in more than 5 pipelines. Nodes required: 3 Found: 0, healthy nodes count inNodeManager: 5.
	at org.apache.hadoop.hdds.scm.pipeline.PipelinePlacementPolicy.filterViableNodes(PipelinePlacementPolicy.java:149)
	at org.apache.hadoop.hdds.scm.pipeline.PipelinePlacementPolicy.chooseDatanodes(PipelinePlacementPolicy.java:172)
	at org.apache.hadoop.hdds.scm.pipeline.RatisPipelineProvider.create(RatisPipelineProvider.java:93)
	at org.apache.hadoop.hdds.scm.pipeline.PipelineFactory.create(PipelineFactory.java:58)
	at org.apache.hadoop.hdds.scm.pipeline.SCMPipelineManager.createPipeline(SCMPipelineManager.java:155)
	at org.apache.hadoop.hdds.scm.block.BlockManagerImpl.allocateBlock(BlockManagerImpl.java:190)
	at org.apache.hadoop.hdds.scm.server.SCMBlockProtocolServer.allocateBlock(SCMBlockProtocolServer.java:182)
	at org.apache.hadoop.ozone.protocolPB.ScmBlockLocationProtocolServerSideTranslatorPB.allocateScmBlock(ScmBlockLocationProtocolServerSideTranslatorPB.java:183)
	at org.apache.hadoop.ozone.protocolPB.ScmBlockLocationProtocolServerSideTranslatorPB.processMessage(ScmBlockLocationProtocolServerSideTranslatorPB.java:141)
	at org.apache.hadoop.ozone.protocolPB.ScmBlockLocationProtocolServerSideTranslatorPB.send(ScmBlockLocationProtocolServerSideTranslatorPB.java:116)
	at org.apache.hadoop.hdds.protocol.proto.ScmBlockLocationProtocolProtos$ScmBlockLocationProtocolService$2.callBlockingMethod(ScmBlockLocationProtocolProtos.java:13157)
	at org.apache.hadoop.ipc.ProtobufRpcEngine$Server$ProtoBufRpcInvoker.call(ProtobufRpcEngine.java:524)
	at org.apache.hadoop.ipc.RPC$Server.call(RPC.java:1025)
	at org.apache.hadoop.ipc.Server$RpcCall.run(Server.java:876)
	at org.apache.hadoop.ipc.Server$RpcCall.run(Server.java:822)
	at java.security.AccessController.doPrivileged(Native Method)
	at javax.security.auth.Subject.doAs(Subject.java:422)
	at org.apache.hadoop.security.UserGroupInformation.doAs(UserGroupInformation.java:1730)
	at org.apache.hadoop.ipc.Server$Handler.run(Server.java:2682)
2019-09-25 12:55:10,420 [IPC Server handler 4 on 44542] INFO  block.BlockManagerImpl (BlockManagerImpl.java:allocateBlock(198)) - Could not find available pipeline of type:RATIS and factor:THREE even after retrying
2019-09-25 12:55:10,421 [IPC Server handler 4 on 44542] ERROR block.BlockManagerImpl (BlockManagerImpl.java:allocateBlock(222)) - Unable to allocate a block for the size: 4194304, type: RATIS, factor: THREE
2019-09-25 12:55:10,421 [IPC Server handler 4 on 44542] INFO  pipeline.PipelinePlacementPolicy (PipelinePlacementPolicy.java:meetCriteria(91)) - Pipeline Placement: can't place more pipeline on heavy datanode： 890a050a-36b3-47fb-a6ed-f900cd3e56cf Heaviness: 6 limit: 5
2019-09-25 12:55:10,421 [IPC Server handler 4 on 44542] INFO  pipeline.PipelinePlacementPolicy (PipelinePlacementPolicy.java:meetCriteria(91)) - Pipeline Placement: can't place more pipeline on heavy datanode： 9ab7590b-dd39-4196-b964-8ab9f907299e Heaviness: 6 limit: 5
2019-09-25 12:55:10,421 [IPC Server handler 4 on 44542] INFO  pipeline.PipelinePlacementPolicy (PipelinePlacementPolicy.java:meetCriteria(91)) - Pipeline Placement: can't place more pipeline on heavy datanode： 5c86796b-6b73-4de6-91b0-1a3ae4d4f66e Heaviness: 6 limit: 5
2019-09-25 12:55:10,421 [IPC Server handler 4 on 44542] INFO  pipeline.PipelinePlacementPolicy (PipelinePlacementPolicy.java:meetCriteria(91)) - Pipeline Placement: can't place more pipeline on heavy datanode： b5f65341-71e3-4bdb-b257-250c7a42131a Heaviness: 6 limit: 5
2019-09-25 12:55:10,421 [IPC Server handler 4 on 44542] INFO  pipeline.PipelinePlacementPolicy (PipelinePlacementPolicy.java:meetCriteria(91)) - Pipeline Placement: can't place more pipeline on heavy datanode： d3ebfba2-1061-4a1b-b9ff-fcd56525b262 Heaviness: 6 limit: 5
2019-09-25 12:55:10,422 [IPC Server handler 4 on 44542] ERROR pipeline.PipelinePlacementPolicy (PipelinePlacementPolicy.java:filterViableNodes(148)) - Unable to find enough nodes that meet the criteria that cannot engage in more than 5 pipelines. Nodes required: 3 Found: 0, healthy nodes count inNodeManager: 5.
2019-09-25 12:55:10,422 [IPC Server handler 4 on 44542] ERROR pipeline.SCMPipelineManager (SCMPipelineManager.java:createPipeline(167)) - Pipeline creation failed.
org.apache.hadoop.hdds.scm.exceptions.SCMException: Unable to find enough nodes that meet the criteria that cannot engage in more than 5 pipelines. Nodes required: 3 Found: 0, healthy nodes count inNodeManager: 5.
	at org.apache.hadoop.hdds.scm.pipeline.PipelinePlacementPolicy.filterViableNodes(PipelinePlacementPolicy.java:149)
	at org.apache.hadoop.hdds.scm.pipeline.PipelinePlacementPolicy.chooseDatanodes(PipelinePlacementPolicy.java:172)
	at org.apache.hadoop.hdds.scm.pipeline.RatisPipelineProvider.create(RatisPipelineProvider.java:93)
	at org.apache.hadoop.hdds.scm.pipeline.PipelineFactory.create(PipelineFactory.java:58)
	at org.apache.hadoop.hdds.scm.pipeline.SCMPipelineManager.createPipeline(SCMPipelineManager.java:155)
	at org.apache.hadoop.hdds.scm.block.BlockManagerImpl.allocateBlock(BlockManagerImpl.java:190)
	at org.apache.hadoop.hdds.scm.server.SCMBlockProtocolServer.allocateBlock(SCMBlockProtocolServer.java:182)
	at org.apache.hadoop.ozone.protocolPB.ScmBlockLocationProtocolServerSideTranslatorPB.allocateScmBlock(ScmBlockLocationProtocolServerSideTranslatorPB.java:183)
	at org.apache.hadoop.ozone.protocolPB.ScmBlockLocationProtocolServerSideTranslatorPB.processMessage(ScmBlockLocationProtocolServerSideTranslatorPB.java:141)
	at org.apache.hadoop.ozone.protocolPB.ScmBlockLocationProtocolServerSideTranslatorPB.send(ScmBlockLocationProtocolServerSideTranslatorPB.java:116)
	at org.apache.hadoop.hdds.protocol.proto.ScmBlockLocationProtocolProtos$ScmBlockLocationProtocolService$2.callBlockingMethod(ScmBlockLocationProtocolProtos.java:13157)
	at org.apache.hadoop.ipc.ProtobufRpcEngine$Server$ProtoBufRpcInvoker.call(ProtobufRpcEngine.java:524)
	at org.apache.hadoop.ipc.RPC$Server.call(RPC.java:1025)
	at org.apache.hadoop.ipc.Server$RpcCall.run(Server.java:876)
	at org.apache.hadoop.ipc.Server$RpcCall.run(Server.java:822)
	at java.security.AccessController.doPrivileged(Native Method)
	at javax.security.auth.Subject.doAs(Subject.java:422)
	at org.apache.hadoop.security.UserGroupInformation.doAs(UserGroupInformation.java:1730)
	at org.apache.hadoop.ipc.Server$Handler.run(Server.java:2682)
2019-09-25 12:55:10,422 [IPC Server handler 4 on 44542] WARN  block.BlockManagerImpl (BlockManagerImpl.java:allocateBlock(192)) - Pipeline creation failed for type:RATIS factor:THREE. Retrying get pipelines call once.
org.apache.hadoop.hdds.scm.exceptions.SCMException: Unable to find enough nodes that meet the criteria that cannot engage in more than 5 pipelines. Nodes required: 3 Found: 0, healthy nodes count inNodeManager: 5.
	at org.apache.hadoop.hdds.scm.pipeline.PipelinePlacementPolicy.filterViableNodes(PipelinePlacementPolicy.java:149)
	at org.apache.hadoop.hdds.scm.pipeline.PipelinePlacementPolicy.chooseDatanodes(PipelinePlacementPolicy.java:172)
	at org.apache.hadoop.hdds.scm.pipeline.RatisPipelineProvider.create(RatisPipelineProvider.java:93)
	at org.apache.hadoop.hdds.scm.pipeline.PipelineFactory.create(PipelineFactory.java:58)
	at org.apache.hadoop.hdds.scm.pipeline.SCMPipelineManager.createPipeline(SCMPipelineManager.java:155)
	at org.apache.hadoop.hdds.scm.block.BlockManagerImpl.allocateBlock(BlockManagerImpl.java:190)
	at org.apache.hadoop.hdds.scm.server.SCMBlockProtocolServer.allocateBlock(SCMBlockProtocolServer.java:182)
	at org.apache.hadoop.ozone.protocolPB.ScmBlockLocationProtocolServerSideTranslatorPB.allocateScmBlock(ScmBlockLocationProtocolServerSideTranslatorPB.java:183)
	at org.apache.hadoop.ozone.protocolPB.ScmBlockLocationProtocolServerSideTranslatorPB.processMessage(ScmBlockLocationProtocolServerSideTranslatorPB.java:141)
	at org.apache.hadoop.ozone.protocolPB.ScmBlockLocationProtocolServerSideTranslatorPB.send(ScmBlockLocationProtocolServerSideTranslatorPB.java:116)
	at org.apache.hadoop.hdds.protocol.proto.ScmBlockLocationProtocolProtos$ScmBlockLocationProtocolService$2.callBlockingMethod(ScmBlockLocationProtocolProtos.java:13157)
	at org.apache.hadoop.ipc.ProtobufRpcEngine$Server$ProtoBufRpcInvoker.call(ProtobufRpcEngine.java:524)
	at org.apache.hadoop.ipc.RPC$Server.call(RPC.java:1025)
	at org.apache.hadoop.ipc.Server$RpcCall.run(Server.java:876)
	at org.apache.hadoop.ipc.Server$RpcCall.run(Server.java:822)
	at java.security.AccessController.doPrivileged(Native Method)
	at javax.security.auth.Subject.doAs(Subject.java:422)
	at org.apache.hadoop.security.UserGroupInformation.doAs(UserGroupInformation.java:1730)
	at org.apache.hadoop.ipc.Server$Handler.run(Server.java:2682)
2019-09-25 12:55:10,423 [IPC Server handler 4 on 44542] INFO  block.BlockManagerImpl (BlockManagerImpl.java:allocateBlock(198)) - Could not find available pipeline of type:RATIS and factor:THREE even after retrying
2019-09-25 12:55:10,423 [IPC Server handler 4 on 44542] ERROR block.BlockManagerImpl (BlockManagerImpl.java:allocateBlock(222)) - Unable to allocate a block for the size: 4194304, type: RATIS, factor: THREE
2019-09-25 12:55:10,423 [IPC Server handler 4 on 44542] INFO  pipeline.PipelinePlacementPolicy (PipelinePlacementPolicy.java:meetCriteria(91)) - Pipeline Placement: can't place more pipeline on heavy datanode： 890a050a-36b3-47fb-a6ed-f900cd3e56cf Heaviness: 6 limit: 5
2019-09-25 12:55:10,423 [IPC Server handler 4 on 44542] INFO  pipeline.PipelinePlacementPolicy (PipelinePlacementPolicy.java:meetCriteria(91)) - Pipeline Placement: can't place more pipeline on heavy datanode： 9ab7590b-dd39-4196-b964-8ab9f907299e Heaviness: 6 limit: 5
2019-09-25 12:55:10,423 [IPC Server handler 4 on 44542] INFO  pipeline.PipelinePlacementPolicy (PipelinePlacementPolicy.java:meetCriteria(91)) - Pipeline Placement: can't place more pipeline on heavy datanode： 5c86796b-6b73-4de6-91b0-1a3ae4d4f66e Heaviness: 6 limit: 5
2019-09-25 12:55:10,423 [IPC Server handler 4 on 44542] INFO  pipeline.PipelinePlacementPolicy (PipelinePlacementPolicy.java:meetCriteria(91)) - Pipeline Placement: can't place more pipeline on heavy datanode： b5f65341-71e3-4bdb-b257-250c7a42131a Heaviness: 6 limit: 5
2019-09-25 12:55:10,424 [IPC Server handler 4 on 44542] INFO  pipeline.PipelinePlacementPolicy (PipelinePlacementPolicy.java:meetCriteria(91)) - Pipeline Placement: can't place more pipeline on heavy datanode： d3ebfba2-1061-4a1b-b9ff-fcd56525b262 Heaviness: 6 limit: 5
2019-09-25 12:55:10,424 [IPC Server handler 4 on 44542] ERROR pipeline.PipelinePlacementPolicy (PipelinePlacementPolicy.java:filterViableNodes(148)) - Unable to find enough nodes that meet the criteria that cannot engage in more than 5 pipelines. Nodes required: 3 Found: 0, healthy nodes count inNodeManager: 5.
2019-09-25 12:55:10,424 [IPC Server handler 4 on 44542] ERROR pipeline.SCMPipelineManager (SCMPipelineManager.java:createPipeline(167)) - Pipeline creation failed.
org.apache.hadoop.hdds.scm.exceptions.SCMException: Unable to find enough nodes that meet the criteria that cannot engage in more than 5 pipelines. Nodes required: 3 Found: 0, healthy nodes count inNodeManager: 5.
	at org.apache.hadoop.hdds.scm.pipeline.PipelinePlacementPolicy.filterViableNodes(PipelinePlacementPolicy.java:149)
	at org.apache.hadoop.hdds.scm.pipeline.PipelinePlacementPolicy.chooseDatanodes(PipelinePlacementPolicy.java:172)
	at org.apache.hadoop.hdds.scm.pipeline.RatisPipelineProvider.create(RatisPipelineProvider.java:93)
	at org.apache.hadoop.hdds.scm.pipeline.PipelineFactory.create(PipelineFactory.java:58)
	at org.apache.hadoop.hdds.scm.pipeline.SCMPipelineManager.createPipeline(SCMPipelineManager.java:155)
	at org.apache.hadoop.hdds.scm.block.BlockManagerImpl.allocateBlock(BlockManagerImpl.java:190)
	at org.apache.hadoop.hdds.scm.server.SCMBlockProtocolServer.allocateBlock(SCMBlockProtocolServer.java:182)
	at org.apache.hadoop.ozone.protocolPB.ScmBlockLocationProtocolServerSideTranslatorPB.allocateScmBlock(ScmBlockLocationProtocolServerSideTranslatorPB.java:183)
	at org.apache.hadoop.ozone.protocolPB.ScmBlockLocationProtocolServerSideTranslatorPB.processMessage(ScmBlockLocationProtocolServerSideTranslatorPB.java:141)
	at org.apache.hadoop.ozone.protocolPB.ScmBlockLocationProtocolServerSideTranslatorPB.send(ScmBlockLocationProtocolServerSideTranslatorPB.java:116)
	at org.apache.hadoop.hdds.protocol.proto.ScmBlockLocationProtocolProtos$ScmBlockLocationProtocolService$2.callBlockingMethod(ScmBlockLocationProtocolProtos.java:13157)
	at org.apache.hadoop.ipc.ProtobufRpcEngine$Server$ProtoBufRpcInvoker.call(ProtobufRpcEngine.java:524)
	at org.apache.hadoop.ipc.RPC$Server.call(RPC.java:1025)
	at org.apache.hadoop.ipc.Server$RpcCall.run(Server.java:876)
	at org.apache.hadoop.ipc.Server$RpcCall.run(Server.java:822)
	at java.security.AccessController.doPrivileged(Native Method)
	at javax.security.auth.Subject.doAs(Subject.java:422)
	at org.apache.hadoop.security.UserGroupInformation.doAs(UserGroupInformation.java:1730)
	at org.apache.hadoop.ipc.Server$Handler.run(Server.java:2682)
2019-09-25 12:55:10,424 [IPC Server handler 4 on 44542] WARN  block.BlockManagerImpl (BlockManagerImpl.java:allocateBlock(192)) - Pipeline creation failed for type:RATIS factor:THREE. Retrying get pipelines call once.
org.apache.hadoop.hdds.scm.exceptions.SCMException: Unable to find enough nodes that meet the criteria that cannot engage in more than 5 pipelines. Nodes required: 3 Found: 0, healthy nodes count inNodeManager: 5.
	at org.apache.hadoop.hdds.scm.pipeline.PipelinePlacementPolicy.filterViableNodes(PipelinePlacementPolicy.java:149)
	at org.apache.hadoop.hdds.scm.pipeline.PipelinePlacementPolicy.chooseDatanodes(PipelinePlacementPolicy.java:172)
	at org.apache.hadoop.hdds.scm.pipeline.RatisPipelineProvider.create(RatisPipelineProvider.java:93)
	at org.apache.hadoop.hdds.scm.pipeline.PipelineFactory.create(PipelineFactory.java:58)
	at org.apache.hadoop.hdds.scm.pipeline.SCMPipelineManager.createPipeline(SCMPipelineManager.java:155)
	at org.apache.hadoop.hdds.scm.block.BlockManagerImpl.allocateBlock(BlockManagerImpl.java:190)
	at org.apache.hadoop.hdds.scm.server.SCMBlockProtocolServer.allocateBlock(SCMBlockProtocolServer.java:182)
	at org.apache.hadoop.ozone.protocolPB.ScmBlockLocationProtocolServerSideTranslatorPB.allocateScmBlock(ScmBlockLocationProtocolServerSideTranslatorPB.java:183)
	at org.apache.hadoop.ozone.protocolPB.ScmBlockLocationProtocolServerSideTranslatorPB.processMessage(ScmBlockLocationProtocolServerSideTranslatorPB.java:141)
	at org.apache.hadoop.ozone.protocolPB.ScmBlockLocationProtocolServerSideTranslatorPB.send(ScmBlockLocationProtocolServerSideTranslatorPB.java:116)
	at org.apache.hadoop.hdds.protocol.proto.ScmBlockLocationProtocolProtos$ScmBlockLocationProtocolService$2.callBlockingMethod(ScmBlockLocationProtocolProtos.java:13157)
	at org.apache.hadoop.ipc.ProtobufRpcEngine$Server$ProtoBufRpcInvoker.call(ProtobufRpcEngine.java:524)
	at org.apache.hadoop.ipc.RPC$Server.call(RPC.java:1025)
	at org.apache.hadoop.ipc.Server$RpcCall.run(Server.java:876)
	at org.apache.hadoop.ipc.Server$RpcCall.run(Server.java:822)
	at java.security.AccessController.doPrivileged(Native Method)
	at javax.security.auth.Subject.doAs(Subject.java:422)
	at org.apache.hadoop.security.UserGroupInformation.doAs(UserGroupInformation.java:1730)
	at org.apache.hadoop.ipc.Server$Handler.run(Server.java:2682)
2019-09-25 12:55:10,424 [IPC Server handler 4 on 44542] INFO  block.BlockManagerImpl (BlockManagerImpl.java:allocateBlock(198)) - Could not find available pipeline of type:RATIS and factor:THREE even after retrying
2019-09-25 12:55:10,424 [IPC Server handler 4 on 44542] ERROR block.BlockManagerImpl (BlockManagerImpl.java:allocateBlock(222)) - Unable to allocate a block for the size: 4194304, type: RATIS, factor: THREE
2019-09-25 12:55:10,426 [pool-74-thread-3] ERROR freon.RandomKeyGenerator (RandomKeyGenerator.java:createKey(733)) - Exception while adding key: key-0-19242 in bucket: bucket-0-03311 of volume: vol-0-35652.
INTERNAL_ERROR org.apache.hadoop.ozone.om.exceptions.OMException: Allocated 0 blocks. Requested 5 blocks
	at org.apache.hadoop.ozone.om.protocolPB.OzoneManagerProtocolClientSideTranslatorPB.handleError(OzoneManagerProtocolClientSideTranslatorPB.java:732)
	at org.apache.hadoop.ozone.om.protocolPB.OzoneManagerProtocolClientSideTranslatorPB.openKey(OzoneManagerProtocolClientSideTranslatorPB.java:723)
	at sun.reflect.NativeMethodAccessorImpl.invoke0(Native Method)
	at sun.reflect.NativeMethodAccessorImpl.invoke(NativeMethodAccessorImpl.java:62)
	at sun.reflect.DelegatingMethodAccessorImpl.invoke(DelegatingMethodAccessorImpl.java:43)
	at java.lang.reflect.Method.invoke(Method.java:498)
	at org.apache.hadoop.hdds.tracing.TraceAllMethod.invoke(TraceAllMethod.java:66)
	at com.sun.proxy.$Proxy37.openKey(Unknown Source)
	at org.apache.hadoop.ozone.client.rpc.RpcClient.createKey(RpcClient.java:614)
	at org.apache.hadoop.ozone.client.OzoneBucket.createKey(OzoneBucket.java:325)
	at org.apache.hadoop.ozone.freon.RandomKeyGenerator.createKey(RandomKeyGenerator.java:695)
	at org.apache.hadoop.ozone.freon.RandomKeyGenerator.access$1100(RandomKeyGenerator.java:88)
	at org.apache.hadoop.ozone.freon.RandomKeyGenerator$ObjectCreator.run(RandomKeyGenerator.java:615)
	at java.util.concurrent.Executors$RunnableAdapter.call(Executors.java:511)
	at java.util.concurrent.FutureTask.run(FutureTask.java:266)
	at java.util.concurrent.ThreadPoolExecutor.runWorker(ThreadPoolExecutor.java:1149)
	at java.util.concurrent.ThreadPoolExecutor$Worker.run(ThreadPoolExecutor.java:624)
	at java.lang.Thread.run(Thread.java:748)
2019-09-25 12:55:10,443 [890a050a-36b3-47fb-a6ed-f900cd3e56cf@group-7FD7432582C4-SegmentedRaftLogWorker] INFO  segmented.SegmentedRaftLogWorker (SegmentedRaftLogWorker.java:execute(569)) - 890a050a-36b3-47fb-a6ed-f900cd3e56cf@group-7FD7432582C4-SegmentedRaftLogWorker: created new log segment /workdir/hadoop-ozone/tools/target/test-dir/MiniOzoneClusterImpl-a69ba920-524d-43f7-a757-bb142e91f929/datanode-1/data/ratis/a9553a69-f23b-4b30-86d7-7fd7432582c4/current/log_inprogress_0
2019-09-25 12:55:10,468 [Thread-248] INFO  impl.FollowerState (FollowerState.java:run(106)) - d3ebfba2-1061-4a1b-b9ff-fcd56525b262:group-491AC9E02647 changes to CANDIDATE, lastRpcTime:5070, electionTimeout:5070ms
2019-09-25 12:55:10,468 [Thread-248] INFO  impl.RoleInfo (RoleInfo.java:shutdownFollowerState(121)) - d3ebfba2-1061-4a1b-b9ff-fcd56525b262: shutdown FollowerState
2019-09-25 12:55:10,468 [Thread-248] INFO  impl.RaftServerImpl (RaftServerImpl.java:setRole(174)) - d3ebfba2-1061-4a1b-b9ff-fcd56525b262@group-491AC9E02647: changes role from  FOLLOWER to CANDIDATE at term 0 for changeToCandidate
2019-09-25 12:55:10,468 [Thread-248] INFO  impl.RoleInfo (RoleInfo.java:updateAndGet(143)) - d3ebfba2-1061-4a1b-b9ff-fcd56525b262: start LeaderElection
2019-09-25 12:55:10,486 [d3ebfba2-1061-4a1b-b9ff-fcd56525b262@group-491AC9E02647:LeaderElection12] INFO  impl.LeaderElection (LeaderElection.java:askForVotes(182)) - d3ebfba2-1061-4a1b-b9ff-fcd56525b262@group-491AC9E02647:LeaderElection12: begin an election at term 1 for -1: [d3ebfba2-1061-4a1b-b9ff-fcd56525b262:192.168.151.73:41691], old=null
2019-09-25 12:55:10,486 [d3ebfba2-1061-4a1b-b9ff-fcd56525b262@group-491AC9E02647:LeaderElection12] INFO  impl.RoleInfo (RoleInfo.java:shutdownLeaderElection(134)) - d3ebfba2-1061-4a1b-b9ff-fcd56525b262: shutdown LeaderElection
2019-09-25 12:55:10,487 [d3ebfba2-1061-4a1b-b9ff-fcd56525b262@group-491AC9E02647:LeaderElection12] INFO  impl.RaftServerImpl (RaftServerImpl.java:setRole(174)) - d3ebfba2-1061-4a1b-b9ff-fcd56525b262@group-491AC9E02647: changes role from CANDIDATE to LEADER at term 1 for changeToLeader
2019-09-25 12:55:10,487 [d3ebfba2-1061-4a1b-b9ff-fcd56525b262@group-491AC9E02647:LeaderElection12] INFO  impl.RaftServerImpl (ServerState.java:setLeader(253)) - d3ebfba2-1061-4a1b-b9ff-fcd56525b262@group-491AC9E02647: change Leader from null to d3ebfba2-1061-4a1b-b9ff-fcd56525b262 at term 1 for becomeLeader, leader elected after 5098ms
2019-09-25 12:55:10,487 [d3ebfba2-1061-4a1b-b9ff-fcd56525b262@group-491AC9E02647:LeaderElection12] INFO  server.RaftServerConfigKeys (ConfUtils.java:logGet(43)) - raft.server.staging.catchup.gap = 1000 (default)
2019-09-25 12:55:10,487 [d3ebfba2-1061-4a1b-b9ff-fcd56525b262@group-491AC9E02647:LeaderElection12] INFO  server.RaftServerConfigKeys (ConfUtils.java:logGet(43)) - raft.server.rpc.sleep.time = 25ms (default)
2019-09-25 12:55:10,487 [d3ebfba2-1061-4a1b-b9ff-fcd56525b262@group-491AC9E02647:LeaderElection12] INFO  server.RaftServerConfigKeys (ConfUtils.java:logGet(43)) - raft.server.write.element-limit = 4096 (default)
2019-09-25 12:55:10,488 [d3ebfba2-1061-4a1b-b9ff-fcd56525b262@group-491AC9E02647:LeaderElection12] INFO  server.RaftServerConfigKeys (ConfUtils.java:logGet(43)) - raft.server.watch.timeout = 10s (default)
2019-09-25 12:55:10,488 [d3ebfba2-1061-4a1b-b9ff-fcd56525b262@group-491AC9E02647:LeaderElection12] INFO  server.RaftServerConfigKeys (ConfUtils.java:logGet(43)) - raft.server.watch.timeout.denomination = 1s (default)
2019-09-25 12:55:10,488 [d3ebfba2-1061-4a1b-b9ff-fcd56525b262@group-491AC9E02647:LeaderElection12] INFO  server.RaftServerConfigKeys (ConfUtils.java:logGet(43)) - raft.server.watch.element-limit = 65536 (default)
2019-09-25 12:55:10,491 [d3ebfba2-1061-4a1b-b9ff-fcd56525b262@group-491AC9E02647:LeaderElection12] INFO  impl.RoleInfo (RoleInfo.java:updateAndGet(143)) - d3ebfba2-1061-4a1b-b9ff-fcd56525b262: start LeaderState
2019-09-25 12:55:10,491 [d3ebfba2-1061-4a1b-b9ff-fcd56525b262@group-491AC9E02647:LeaderElection12] INFO  segmented.SegmentedRaftLogWorker (SegmentedRaftLogWorker.java:startLogSegment(380)) - d3ebfba2-1061-4a1b-b9ff-fcd56525b262@group-491AC9E02647-SegmentedRaftLogWorker: Starting segment from index:0
2019-09-25 12:55:10,492 [d3ebfba2-1061-4a1b-b9ff-fcd56525b262@group-491AC9E02647:LeaderElection12] INFO  impl.RaftServerImpl (ServerState.java:setRaftConf(354)) - d3ebfba2-1061-4a1b-b9ff-fcd56525b262@group-491AC9E02647: set configuration 0: [d3ebfba2-1061-4a1b-b9ff-fcd56525b262:192.168.151.73:41691], old=null at 0
2019-09-25 12:55:10,528 [Thread-251] INFO  impl.FollowerState (FollowerState.java:run(106)) - 890a050a-36b3-47fb-a6ed-f900cd3e56cf:group-FE564871AF52 changes to CANDIDATE, lastRpcTime:5041, electionTimeout:5041ms
2019-09-25 12:55:10,528 [Thread-251] INFO  impl.RoleInfo (RoleInfo.java:shutdownFollowerState(121)) - 890a050a-36b3-47fb-a6ed-f900cd3e56cf: shutdown FollowerState
2019-09-25 12:55:10,528 [Thread-251] INFO  impl.RaftServerImpl (RaftServerImpl.java:setRole(174)) - 890a050a-36b3-47fb-a6ed-f900cd3e56cf@group-FE564871AF52: changes role from  FOLLOWER to CANDIDATE at term 0 for changeToCandidate
2019-09-25 12:55:10,529 [Thread-251] INFO  impl.RoleInfo (RoleInfo.java:updateAndGet(143)) - 890a050a-36b3-47fb-a6ed-f900cd3e56cf: start LeaderElection
2019-09-25 12:55:10,533 [d3ebfba2-1061-4a1b-b9ff-fcd56525b262@group-491AC9E02647-SegmentedRaftLogWorker] INFO  segmented.SegmentedRaftLogWorker (SegmentedRaftLogWorker.java:execute(569)) - d3ebfba2-1061-4a1b-b9ff-fcd56525b262@group-491AC9E02647-SegmentedRaftLogWorker: created new log segment /workdir/hadoop-ozone/tools/target/test-dir/MiniOzoneClusterImpl-a69ba920-524d-43f7-a757-bb142e91f929/datanode-2/data/ratis/ff5ce163-f35b-43cc-b73f-491ac9e02647/current/log_inprogress_0
2019-09-25 12:55:10,565 [890a050a-36b3-47fb-a6ed-f900cd3e56cf@group-FE564871AF52:LeaderElection13] INFO  impl.LeaderElection (LeaderElection.java:askForVotes(182)) - 890a050a-36b3-47fb-a6ed-f900cd3e56cf@group-FE564871AF52:LeaderElection13: begin an election at term 1 for -1: [890a050a-36b3-47fb-a6ed-f900cd3e56cf:192.168.151.73:39049], old=null
2019-09-25 12:55:10,566 [890a050a-36b3-47fb-a6ed-f900cd3e56cf@group-FE564871AF52:LeaderElection13] INFO  impl.RoleInfo (RoleInfo.java:shutdownLeaderElection(134)) - 890a050a-36b3-47fb-a6ed-f900cd3e56cf: shutdown LeaderElection
2019-09-25 12:55:10,566 [890a050a-36b3-47fb-a6ed-f900cd3e56cf@group-FE564871AF52:LeaderElection13] INFO  impl.RaftServerImpl (RaftServerImpl.java:setRole(174)) - 890a050a-36b3-47fb-a6ed-f900cd3e56cf@group-FE564871AF52: changes role from CANDIDATE to LEADER at term 1 for changeToLeader
2019-09-25 12:55:10,566 [890a050a-36b3-47fb-a6ed-f900cd3e56cf@group-FE564871AF52:LeaderElection13] INFO  impl.RaftServerImpl (ServerState.java:setLeader(253)) - 890a050a-36b3-47fb-a6ed-f900cd3e56cf@group-FE564871AF52: change Leader from null to 890a050a-36b3-47fb-a6ed-f900cd3e56cf at term 1 for becomeLeader, leader elected after 5090ms
2019-09-25 12:55:10,566 [890a050a-36b3-47fb-a6ed-f900cd3e56cf@group-FE564871AF52:LeaderElection13] INFO  server.RaftServerConfigKeys (ConfUtils.java:logGet(43)) - raft.server.staging.catchup.gap = 1000 (default)
2019-09-25 12:55:10,566 [890a050a-36b3-47fb-a6ed-f900cd3e56cf@group-FE564871AF52:LeaderElection13] INFO  server.RaftServerConfigKeys (ConfUtils.java:logGet(43)) - raft.server.rpc.sleep.time = 25ms (default)
2019-09-25 12:55:10,567 [890a050a-36b3-47fb-a6ed-f900cd3e56cf@group-FE564871AF52:LeaderElection13] INFO  server.RaftServerConfigKeys (ConfUtils.java:logGet(43)) - raft.server.write.element-limit = 4096 (default)
2019-09-25 12:55:10,567 [890a050a-36b3-47fb-a6ed-f900cd3e56cf@group-FE564871AF52:LeaderElection13] INFO  server.RaftServerConfigKeys (ConfUtils.java:logGet(43)) - raft.server.watch.timeout = 10s (default)
2019-09-25 12:55:10,567 [890a050a-36b3-47fb-a6ed-f900cd3e56cf@group-FE564871AF52:LeaderElection13] INFO  server.RaftServerConfigKeys (ConfUtils.java:logGet(43)) - raft.server.watch.timeout.denomination = 1s (default)
2019-09-25 12:55:10,567 [890a050a-36b3-47fb-a6ed-f900cd3e56cf@group-FE564871AF52:LeaderElection13] INFO  server.RaftServerConfigKeys (ConfUtils.java:logGet(43)) - raft.server.watch.element-limit = 65536 (default)
2019-09-25 12:55:10,571 [890a050a-36b3-47fb-a6ed-f900cd3e56cf@group-FE564871AF52:LeaderElection13] INFO  impl.RoleInfo (RoleInfo.java:updateAndGet(143)) - 890a050a-36b3-47fb-a6ed-f900cd3e56cf: start LeaderState
2019-09-25 12:55:10,571 [890a050a-36b3-47fb-a6ed-f900cd3e56cf@group-FE564871AF52:LeaderElection13] INFO  segmented.SegmentedRaftLogWorker (SegmentedRaftLogWorker.java:startLogSegment(380)) - 890a050a-36b3-47fb-a6ed-f900cd3e56cf@group-FE564871AF52-SegmentedRaftLogWorker: Starting segment from index:0
2019-09-25 12:55:10,572 [890a050a-36b3-47fb-a6ed-f900cd3e56cf@group-FE564871AF52:LeaderElection13] INFO  impl.RaftServerImpl (ServerState.java:setRaftConf(354)) - 890a050a-36b3-47fb-a6ed-f900cd3e56cf@group-FE564871AF52: set configuration 0: [890a050a-36b3-47fb-a6ed-f900cd3e56cf:192.168.151.73:39049], old=null at 0
2019-09-25 12:55:10,620 [890a050a-36b3-47fb-a6ed-f900cd3e56cf@group-FE564871AF52-SegmentedRaftLogWorker] INFO  segmented.SegmentedRaftLogWorker (SegmentedRaftLogWorker.java:execute(569)) - 890a050a-36b3-47fb-a6ed-f900cd3e56cf@group-FE564871AF52-SegmentedRaftLogWorker: created new log segment /workdir/hadoop-ozone/tools/target/test-dir/MiniOzoneClusterImpl-a69ba920-524d-43f7-a757-bb142e91f929/datanode-1/data/ratis/56e2ce21-e888-495b-b5e2-fe564871af52/current/log_inprogress_0
2019-09-25 12:55:11,095 [Thread-254] INFO  impl.FollowerState (FollowerState.java:run(106)) - 890a050a-36b3-47fb-a6ed-f900cd3e56cf:group-6A991AD72B53 changes to CANDIDATE, lastRpcTime:5128, electionTimeout:5128ms
2019-09-25 12:55:11,095 [Thread-254] INFO  impl.RoleInfo (RoleInfo.java:shutdownFollowerState(121)) - 890a050a-36b3-47fb-a6ed-f900cd3e56cf: shutdown FollowerState
2019-09-25 12:55:11,096 [Thread-254] INFO  impl.RaftServerImpl (RaftServerImpl.java:setRole(174)) - 890a050a-36b3-47fb-a6ed-f900cd3e56cf@group-6A991AD72B53: changes role from  FOLLOWER to CANDIDATE at term 0 for changeToCandidate
2019-09-25 12:55:11,096 [Thread-254] INFO  impl.RoleInfo (RoleInfo.java:updateAndGet(143)) - 890a050a-36b3-47fb-a6ed-f900cd3e56cf: start LeaderElection
2019-09-25 12:55:11,130 [890a050a-36b3-47fb-a6ed-f900cd3e56cf@group-6A991AD72B53:LeaderElection14] INFO  impl.LeaderElection (LeaderElection.java:askForVotes(182)) - 890a050a-36b3-47fb-a6ed-f900cd3e56cf@group-6A991AD72B53:LeaderElection14: begin an election at term 1 for -1: [890a050a-36b3-47fb-a6ed-f900cd3e56cf:192.168.151.73:39049], old=null
2019-09-25 12:55:11,131 [890a050a-36b3-47fb-a6ed-f900cd3e56cf@group-6A991AD72B53:LeaderElection14] INFO  impl.RoleInfo (RoleInfo.java:shutdownLeaderElection(134)) - 890a050a-36b3-47fb-a6ed-f900cd3e56cf: shutdown LeaderElection
2019-09-25 12:55:11,131 [890a050a-36b3-47fb-a6ed-f900cd3e56cf@group-6A991AD72B53:LeaderElection14] INFO  impl.RaftServerImpl (RaftServerImpl.java:setRole(174)) - 890a050a-36b3-47fb-a6ed-f900cd3e56cf@group-6A991AD72B53: changes role from CANDIDATE to LEADER at term 1 for changeToLeader
2019-09-25 12:55:11,131 [890a050a-36b3-47fb-a6ed-f900cd3e56cf@group-6A991AD72B53:LeaderElection14] INFO  impl.RaftServerImpl (ServerState.java:setLeader(253)) - 890a050a-36b3-47fb-a6ed-f900cd3e56cf@group-6A991AD72B53: change Leader from null to 890a050a-36b3-47fb-a6ed-f900cd3e56cf at term 1 for becomeLeader, leader elected after 5190ms
2019-09-25 12:55:11,131 [890a050a-36b3-47fb-a6ed-f900cd3e56cf@group-6A991AD72B53:LeaderElection14] INFO  server.RaftServerConfigKeys (ConfUtils.java:logGet(43)) - raft.server.staging.catchup.gap = 1000 (default)
2019-09-25 12:55:11,132 [890a050a-36b3-47fb-a6ed-f900cd3e56cf@group-6A991AD72B53:LeaderElection14] INFO  server.RaftServerConfigKeys (ConfUtils.java:logGet(43)) - raft.server.rpc.sleep.time = 25ms (default)
2019-09-25 12:55:11,132 [890a050a-36b3-47fb-a6ed-f900cd3e56cf@group-6A991AD72B53:LeaderElection14] INFO  server.RaftServerConfigKeys (ConfUtils.java:logGet(43)) - raft.server.write.element-limit = 4096 (default)
2019-09-25 12:55:11,132 [890a050a-36b3-47fb-a6ed-f900cd3e56cf@group-6A991AD72B53:LeaderElection14] INFO  server.RaftServerConfigKeys (ConfUtils.java:logGet(43)) - raft.server.watch.timeout = 10s (default)
2019-09-25 12:55:11,132 [890a050a-36b3-47fb-a6ed-f900cd3e56cf@group-6A991AD72B53:LeaderElection14] INFO  server.RaftServerConfigKeys (ConfUtils.java:logGet(43)) - raft.server.watch.timeout.denomination = 1s (default)
2019-09-25 12:55:11,133 [890a050a-36b3-47fb-a6ed-f900cd3e56cf@group-6A991AD72B53:LeaderElection14] INFO  server.RaftServerConfigKeys (ConfUtils.java:logGet(43)) - raft.server.watch.element-limit = 65536 (default)
2019-09-25 12:55:11,137 [890a050a-36b3-47fb-a6ed-f900cd3e56cf@group-6A991AD72B53:LeaderElection14] INFO  impl.RoleInfo (RoleInfo.java:updateAndGet(143)) - 890a050a-36b3-47fb-a6ed-f900cd3e56cf: start LeaderState
2019-09-25 12:55:11,137 [890a050a-36b3-47fb-a6ed-f900cd3e56cf@group-6A991AD72B53:LeaderElection14] INFO  segmented.SegmentedRaftLogWorker (SegmentedRaftLogWorker.java:startLogSegment(380)) - 890a050a-36b3-47fb-a6ed-f900cd3e56cf@group-6A991AD72B53-SegmentedRaftLogWorker: Starting segment from index:0
2019-09-25 12:55:11,138 [890a050a-36b3-47fb-a6ed-f900cd3e56cf@group-6A991AD72B53:LeaderElection14] INFO  impl.RaftServerImpl (ServerState.java:setRaftConf(354)) - 890a050a-36b3-47fb-a6ed-f900cd3e56cf@group-6A991AD72B53: set configuration 0: [890a050a-36b3-47fb-a6ed-f900cd3e56cf:192.168.151.73:39049], old=null at 0
2019-09-25 12:55:11,184 [890a050a-36b3-47fb-a6ed-f900cd3e56cf@group-6A991AD72B53-SegmentedRaftLogWorker] INFO  segmented.SegmentedRaftLogWorker (SegmentedRaftLogWorker.java:execute(569)) - 890a050a-36b3-47fb-a6ed-f900cd3e56cf@group-6A991AD72B53-SegmentedRaftLogWorker: created new log segment /workdir/hadoop-ozone/tools/target/test-dir/MiniOzoneClusterImpl-a69ba920-524d-43f7-a757-bb142e91f929/datanode-1/data/ratis/8ac00c70-3dd3-4841-91a7-6a991ad72b53/current/log_inprogress_0
2019-09-25 12:55:11,227 [Thread-257] INFO  impl.FollowerState (FollowerState.java:run(106)) - 890a050a-36b3-47fb-a6ed-f900cd3e56cf:group-7E1E36ED88AC changes to CANDIDATE, lastRpcTime:5172, electionTimeout:5172ms
2019-09-25 12:55:11,227 [Thread-257] INFO  impl.RoleInfo (RoleInfo.java:shutdownFollowerState(121)) - 890a050a-36b3-47fb-a6ed-f900cd3e56cf: shutdown FollowerState
2019-09-25 12:55:11,228 [Thread-257] INFO  impl.RaftServerImpl (RaftServerImpl.java:setRole(174)) - 890a050a-36b3-47fb-a6ed-f900cd3e56cf@group-7E1E36ED88AC: changes role from  FOLLOWER to CANDIDATE at term 0 for changeToCandidate
2019-09-25 12:55:11,228 [Thread-257] INFO  impl.RoleInfo (RoleInfo.java:updateAndGet(143)) - 890a050a-36b3-47fb-a6ed-f900cd3e56cf: start LeaderElection
2019-09-25 12:55:11,265 [890a050a-36b3-47fb-a6ed-f900cd3e56cf@group-7E1E36ED88AC:LeaderElection15] INFO  impl.LeaderElection (LeaderElection.java:askForVotes(182)) - 890a050a-36b3-47fb-a6ed-f900cd3e56cf@group-7E1E36ED88AC:LeaderElection15: begin an election at term 1 for -1: [890a050a-36b3-47fb-a6ed-f900cd3e56cf:192.168.151.73:39049], old=null
2019-09-25 12:55:11,265 [890a050a-36b3-47fb-a6ed-f900cd3e56cf@group-7E1E36ED88AC:LeaderElection15] INFO  impl.RoleInfo (RoleInfo.java:shutdownLeaderElection(134)) - 890a050a-36b3-47fb-a6ed-f900cd3e56cf: shutdown LeaderElection
2019-09-25 12:55:11,265 [890a050a-36b3-47fb-a6ed-f900cd3e56cf@group-7E1E36ED88AC:LeaderElection15] INFO  impl.RaftServerImpl (RaftServerImpl.java:setRole(174)) - 890a050a-36b3-47fb-a6ed-f900cd3e56cf@group-7E1E36ED88AC: changes role from CANDIDATE to LEADER at term 1 for changeToLeader
2019-09-25 12:55:11,265 [890a050a-36b3-47fb-a6ed-f900cd3e56cf@group-7E1E36ED88AC:LeaderElection15] INFO  impl.RaftServerImpl (ServerState.java:setLeader(253)) - 890a050a-36b3-47fb-a6ed-f900cd3e56cf@group-7E1E36ED88AC: change Leader from null to 890a050a-36b3-47fb-a6ed-f900cd3e56cf at term 1 for becomeLeader, leader elected after 5219ms
2019-09-25 12:55:11,266 [890a050a-36b3-47fb-a6ed-f900cd3e56cf@group-7E1E36ED88AC:LeaderElection15] INFO  server.RaftServerConfigKeys (ConfUtils.java:logGet(43)) - raft.server.staging.catchup.gap = 1000 (default)
2019-09-25 12:55:11,266 [890a050a-36b3-47fb-a6ed-f900cd3e56cf@group-7E1E36ED88AC:LeaderElection15] INFO  server.RaftServerConfigKeys (ConfUtils.java:logGet(43)) - raft.server.rpc.sleep.time = 25ms (default)
2019-09-25 12:55:11,266 [890a050a-36b3-47fb-a6ed-f900cd3e56cf@group-7E1E36ED88AC:LeaderElection15] INFO  server.RaftServerConfigKeys (ConfUtils.java:logGet(43)) - raft.server.write.element-limit = 4096 (default)
2019-09-25 12:55:11,266 [890a050a-36b3-47fb-a6ed-f900cd3e56cf@group-7E1E36ED88AC:LeaderElection15] INFO  server.RaftServerConfigKeys (ConfUtils.java:logGet(43)) - raft.server.watch.timeout = 10s (default)
2019-09-25 12:55:11,267 [890a050a-36b3-47fb-a6ed-f900cd3e56cf@group-7E1E36ED88AC:LeaderElection15] INFO  server.RaftServerConfigKeys (ConfUtils.java:logGet(43)) - raft.server.watch.timeout.denomination = 1s (default)
2019-09-25 12:55:11,267 [890a050a-36b3-47fb-a6ed-f900cd3e56cf@group-7E1E36ED88AC:LeaderElection15] INFO  server.RaftServerConfigKeys (ConfUtils.java:logGet(43)) - raft.server.watch.element-limit = 65536 (default)
2019-09-25 12:55:11,271 [890a050a-36b3-47fb-a6ed-f900cd3e56cf@group-7E1E36ED88AC:LeaderElection15] INFO  impl.RoleInfo (RoleInfo.java:updateAndGet(143)) - 890a050a-36b3-47fb-a6ed-f900cd3e56cf: start LeaderState
2019-09-25 12:55:11,271 [890a050a-36b3-47fb-a6ed-f900cd3e56cf@group-7E1E36ED88AC:LeaderElection15] INFO  segmented.SegmentedRaftLogWorker (SegmentedRaftLogWorker.java:startLogSegment(380)) - 890a050a-36b3-47fb-a6ed-f900cd3e56cf@group-7E1E36ED88AC-SegmentedRaftLogWorker: Starting segment from index:0
2019-09-25 12:55:11,272 [890a050a-36b3-47fb-a6ed-f900cd3e56cf@group-7E1E36ED88AC:LeaderElection15] INFO  impl.RaftServerImpl (ServerState.java:setRaftConf(354)) - 890a050a-36b3-47fb-a6ed-f900cd3e56cf@group-7E1E36ED88AC: set configuration 0: [890a050a-36b3-47fb-a6ed-f900cd3e56cf:192.168.151.73:39049], old=null at 0
2019-09-25 12:55:11,319 [890a050a-36b3-47fb-a6ed-f900cd3e56cf@group-7E1E36ED88AC-SegmentedRaftLogWorker] INFO  segmented.SegmentedRaftLogWorker (SegmentedRaftLogWorker.java:execute(569)) - 890a050a-36b3-47fb-a6ed-f900cd3e56cf@group-7E1E36ED88AC-SegmentedRaftLogWorker: created new log segment /workdir/hadoop-ozone/tools/target/test-dir/MiniOzoneClusterImpl-a69ba920-524d-43f7-a757-bb142e91f929/datanode-1/data/ratis/728f8a54-cf51-430b-a14e-7e1e36ed88ac/current/log_inprogress_0
 0.00% |█                                                                                                    |  0/1 Time: 0:00:012019-09-25 12:55:11,512 [Thread-264] INFO  impl.FollowerState (FollowerState.java:run(106)) - b5f65341-71e3-4bdb-b257-250c7a42131a:group-567AED6E01C2 changes to CANDIDATE, lastRpcTime:5092, electionTimeout:5092ms
2019-09-25 12:55:11,512 [Thread-264] INFO  impl.RoleInfo (RoleInfo.java:shutdownFollowerState(121)) - b5f65341-71e3-4bdb-b257-250c7a42131a: shutdown FollowerState
2019-09-25 12:55:11,512 [Thread-264] INFO  impl.RaftServerImpl (RaftServerImpl.java:setRole(174)) - b5f65341-71e3-4bdb-b257-250c7a42131a@group-567AED6E01C2: changes role from  FOLLOWER to CANDIDATE at term 0 for changeToCandidate
2019-09-25 12:55:11,512 [Thread-264] INFO  impl.RoleInfo (RoleInfo.java:updateAndGet(143)) - b5f65341-71e3-4bdb-b257-250c7a42131a: start LeaderElection
2019-09-25 12:55:11,525 [Thread-261] INFO  impl.FollowerState (FollowerState.java:run(106)) - 9ab7590b-dd39-4196-b964-8ab9f907299e:group-D872FF3C8E72 changes to CANDIDATE, lastRpcTime:5176, electionTimeout:5176ms
2019-09-25 12:55:11,525 [Thread-261] INFO  impl.RoleInfo (RoleInfo.java:shutdownFollowerState(121)) - 9ab7590b-dd39-4196-b964-8ab9f907299e: shutdown FollowerState
2019-09-25 12:55:11,525 [Thread-261] INFO  impl.RaftServerImpl (RaftServerImpl.java:setRole(174)) - 9ab7590b-dd39-4196-b964-8ab9f907299e@group-D872FF3C8E72: changes role from  FOLLOWER to CANDIDATE at term 0 for changeToCandidate
2019-09-25 12:55:11,525 [Thread-261] INFO  impl.RoleInfo (RoleInfo.java:updateAndGet(143)) - 9ab7590b-dd39-4196-b964-8ab9f907299e: start LeaderElection
2019-09-25 12:55:11,535 [b5f65341-71e3-4bdb-b257-250c7a42131a@group-567AED6E01C2:LeaderElection16] INFO  impl.LeaderElection (LeaderElection.java:askForVotes(182)) - b5f65341-71e3-4bdb-b257-250c7a42131a@group-567AED6E01C2:LeaderElection16: begin an election at term 1 for -1: [b5f65341-71e3-4bdb-b257-250c7a42131a:192.168.151.73:46240], old=null
2019-09-25 12:55:11,535 [b5f65341-71e3-4bdb-b257-250c7a42131a@group-567AED6E01C2:LeaderElection16] INFO  impl.RoleInfo (RoleInfo.java:shutdownLeaderElection(134)) - b5f65341-71e3-4bdb-b257-250c7a42131a: shutdown LeaderElection
2019-09-25 12:55:11,535 [b5f65341-71e3-4bdb-b257-250c7a42131a@group-567AED6E01C2:LeaderElection16] INFO  impl.RaftServerImpl (RaftServerImpl.java:setRole(174)) - b5f65341-71e3-4bdb-b257-250c7a42131a@group-567AED6E01C2: changes role from CANDIDATE to LEADER at term 1 for changeToLeader
2019-09-25 12:55:11,535 [b5f65341-71e3-4bdb-b257-250c7a42131a@group-567AED6E01C2:LeaderElection16] INFO  impl.RaftServerImpl (ServerState.java:setLeader(253)) - b5f65341-71e3-4bdb-b257-250c7a42131a@group-567AED6E01C2: change Leader from null to b5f65341-71e3-4bdb-b257-250c7a42131a at term 1 for becomeLeader, leader elected after 5123ms
2019-09-25 12:55:11,535 [b5f65341-71e3-4bdb-b257-250c7a42131a@group-567AED6E01C2:LeaderElection16] INFO  server.RaftServerConfigKeys (ConfUtils.java:logGet(43)) - raft.server.staging.catchup.gap = 1000 (default)
2019-09-25 12:55:11,536 [b5f65341-71e3-4bdb-b257-250c7a42131a@group-567AED6E01C2:LeaderElection16] INFO  server.RaftServerConfigKeys (ConfUtils.java:logGet(43)) - raft.server.rpc.sleep.time = 25ms (default)
2019-09-25 12:55:11,536 [b5f65341-71e3-4bdb-b257-250c7a42131a@group-567AED6E01C2:LeaderElection16] INFO  server.RaftServerConfigKeys (ConfUtils.java:logGet(43)) - raft.server.write.element-limit = 4096 (default)
2019-09-25 12:55:11,536 [b5f65341-71e3-4bdb-b257-250c7a42131a@group-567AED6E01C2:LeaderElection16] INFO  server.RaftServerConfigKeys (ConfUtils.java:logGet(43)) - raft.server.watch.timeout = 10s (default)
2019-09-25 12:55:11,536 [b5f65341-71e3-4bdb-b257-250c7a42131a@group-567AED6E01C2:LeaderElection16] INFO  server.RaftServerConfigKeys (ConfUtils.java:logGet(43)) - raft.server.watch.timeout.denomination = 1s (default)
2019-09-25 12:55:11,536 [b5f65341-71e3-4bdb-b257-250c7a42131a@group-567AED6E01C2:LeaderElection16] INFO  server.RaftServerConfigKeys (ConfUtils.java:logGet(43)) - raft.server.watch.element-limit = 65536 (default)
2019-09-25 12:55:11,537 [9ab7590b-dd39-4196-b964-8ab9f907299e@group-D872FF3C8E72:LeaderElection17] INFO  impl.LeaderElection (LeaderElection.java:askForVotes(182)) - 9ab7590b-dd39-4196-b964-8ab9f907299e@group-D872FF3C8E72:LeaderElection17: begin an election at term 1 for -1: [9ab7590b-dd39-4196-b964-8ab9f907299e:192.168.151.73:40001], old=null
2019-09-25 12:55:11,537 [9ab7590b-dd39-4196-b964-8ab9f907299e@group-D872FF3C8E72:LeaderElection17] INFO  impl.RoleInfo (RoleInfo.java:shutdownLeaderElection(134)) - 9ab7590b-dd39-4196-b964-8ab9f907299e: shutdown LeaderElection
2019-09-25 12:55:11,538 [9ab7590b-dd39-4196-b964-8ab9f907299e@group-D872FF3C8E72:LeaderElection17] INFO  impl.RaftServerImpl (RaftServerImpl.java:setRole(174)) - 9ab7590b-dd39-4196-b964-8ab9f907299e@group-D872FF3C8E72: changes role from CANDIDATE to LEADER at term 1 for changeToLeader
2019-09-25 12:55:11,538 [9ab7590b-dd39-4196-b964-8ab9f907299e@group-D872FF3C8E72:LeaderElection17] INFO  impl.RaftServerImpl (ServerState.java:setLeader(253)) - 9ab7590b-dd39-4196-b964-8ab9f907299e@group-D872FF3C8E72: change Leader from null to 9ab7590b-dd39-4196-b964-8ab9f907299e at term 1 for becomeLeader, leader elected after 5382ms
2019-09-25 12:55:11,538 [9ab7590b-dd39-4196-b964-8ab9f907299e@group-D872FF3C8E72:LeaderElection17] INFO  server.RaftServerConfigKeys (ConfUtils.java:logGet(43)) - raft.server.staging.catchup.gap = 1000 (default)
2019-09-25 12:55:11,538 [9ab7590b-dd39-4196-b964-8ab9f907299e@group-D872FF3C8E72:LeaderElection17] INFO  server.RaftServerConfigKeys (ConfUtils.java:logGet(43)) - raft.server.rpc.sleep.time = 25ms (default)
2019-09-25 12:55:11,539 [9ab7590b-dd39-4196-b964-8ab9f907299e@group-D872FF3C8E72:LeaderElection17] INFO  server.RaftServerConfigKeys (ConfUtils.java:logGet(43)) - raft.server.write.element-limit = 4096 (default)
2019-09-25 12:55:11,539 [9ab7590b-dd39-4196-b964-8ab9f907299e@group-D872FF3C8E72:LeaderElection17] INFO  server.RaftServerConfigKeys (ConfUtils.java:logGet(43)) - raft.server.watch.timeout = 10s (default)
2019-09-25 12:55:11,539 [9ab7590b-dd39-4196-b964-8ab9f907299e@group-D872FF3C8E72:LeaderElection17] INFO  server.RaftServerConfigKeys (ConfUtils.java:logGet(43)) - raft.server.watch.timeout.denomination = 1s (default)
2019-09-25 12:55:11,539 [9ab7590b-dd39-4196-b964-8ab9f907299e@group-D872FF3C8E72:LeaderElection17] INFO  server.RaftServerConfigKeys (ConfUtils.java:logGet(43)) - raft.server.watch.element-limit = 65536 (default)
2019-09-25 12:55:11,541 [b5f65341-71e3-4bdb-b257-250c7a42131a@group-567AED6E01C2:LeaderElection16] INFO  impl.RoleInfo (RoleInfo.java:updateAndGet(143)) - b5f65341-71e3-4bdb-b257-250c7a42131a: start LeaderState
2019-09-25 12:55:11,541 [b5f65341-71e3-4bdb-b257-250c7a42131a@group-567AED6E01C2:LeaderElection16] INFO  segmented.SegmentedRaftLogWorker (SegmentedRaftLogWorker.java:startLogSegment(380)) - b5f65341-71e3-4bdb-b257-250c7a42131a@group-567AED6E01C2-SegmentedRaftLogWorker: Starting segment from index:0
2019-09-25 12:55:11,542 [b5f65341-71e3-4bdb-b257-250c7a42131a@group-567AED6E01C2:LeaderElection16] INFO  impl.RaftServerImpl (ServerState.java:setRaftConf(354)) - b5f65341-71e3-4bdb-b257-250c7a42131a@group-567AED6E01C2: set configuration 0: [b5f65341-71e3-4bdb-b257-250c7a42131a:192.168.151.73:46240], old=null at 0
2019-09-25 12:55:11,584 [9ab7590b-dd39-4196-b964-8ab9f907299e@group-D872FF3C8E72:LeaderElection17] INFO  impl.RoleInfo (RoleInfo.java:updateAndGet(143)) - 9ab7590b-dd39-4196-b964-8ab9f907299e: start LeaderState
2019-09-25 12:55:11,584 [9ab7590b-dd39-4196-b964-8ab9f907299e@group-D872FF3C8E72:LeaderElection17] INFO  segmented.SegmentedRaftLogWorker (SegmentedRaftLogWorker.java:startLogSegment(380)) - 9ab7590b-dd39-4196-b964-8ab9f907299e@group-D872FF3C8E72-SegmentedRaftLogWorker: Starting segment from index:0
2019-09-25 12:55:11,585 [9ab7590b-dd39-4196-b964-8ab9f907299e@group-D872FF3C8E72:LeaderElection17] INFO  impl.RaftServerImpl (ServerState.java:setRaftConf(354)) - 9ab7590b-dd39-4196-b964-8ab9f907299e@group-D872FF3C8E72: set configuration 0: [9ab7590b-dd39-4196-b964-8ab9f907299e:192.168.151.73:40001], old=null at 0
2019-09-25 12:55:11,624 [b5f65341-71e3-4bdb-b257-250c7a42131a@group-567AED6E01C2-SegmentedRaftLogWorker] INFO  segmented.SegmentedRaftLogWorker (SegmentedRaftLogWorker.java:execute(569)) - b5f65341-71e3-4bdb-b257-250c7a42131a@group-567AED6E01C2-SegmentedRaftLogWorker: created new log segment /workdir/hadoop-ozone/tools/target/test-dir/MiniOzoneClusterImpl-a69ba920-524d-43f7-a757-bb142e91f929/datanode-4/data/ratis/0c42286d-9e12-44fe-9d0d-567aed6e01c2/current/log_inprogress_0
2019-09-25 12:55:11,630 [Thread-267] INFO  impl.FollowerState (FollowerState.java:run(106)) - b5f65341-71e3-4bdb-b257-250c7a42131a:group-34C4138AA20E changes to CANDIDATE, lastRpcTime:5158, electionTimeout:5158ms
2019-09-25 12:55:11,631 [Thread-267] INFO  impl.RoleInfo (RoleInfo.java:shutdownFollowerState(121)) - b5f65341-71e3-4bdb-b257-250c7a42131a: shutdown FollowerState
2019-09-25 12:55:11,631 [Thread-267] INFO  impl.RaftServerImpl (RaftServerImpl.java:setRole(174)) - b5f65341-71e3-4bdb-b257-250c7a42131a@group-34C4138AA20E: changes role from  FOLLOWER to CANDIDATE at term 0 for changeToCandidate
2019-09-25 12:55:11,631 [Thread-267] INFO  impl.RoleInfo (RoleInfo.java:updateAndGet(143)) - b5f65341-71e3-4bdb-b257-250c7a42131a: start LeaderElection
2019-09-25 12:55:11,637 [9ab7590b-dd39-4196-b964-8ab9f907299e@group-D872FF3C8E72-SegmentedRaftLogWorker] INFO  segmented.SegmentedRaftLogWorker (SegmentedRaftLogWorker.java:execute(569)) - 9ab7590b-dd39-4196-b964-8ab9f907299e@group-D872FF3C8E72-SegmentedRaftLogWorker: created new log segment /workdir/hadoop-ozone/tools/target/test-dir/MiniOzoneClusterImpl-a69ba920-524d-43f7-a757-bb142e91f929/datanode-3/data/ratis/b8844601-a78b-4190-b3c1-d872ff3c8e72/current/log_inprogress_0
2019-09-25 12:55:11,660 [b5f65341-71e3-4bdb-b257-250c7a42131a@group-34C4138AA20E:LeaderElection18] INFO  impl.LeaderElection (LeaderElection.java:askForVotes(182)) - b5f65341-71e3-4bdb-b257-250c7a42131a@group-34C4138AA20E:LeaderElection18: begin an election at term 1 for -1: [b5f65341-71e3-4bdb-b257-250c7a42131a:192.168.151.73:46240], old=null
2019-09-25 12:55:11,661 [b5f65341-71e3-4bdb-b257-250c7a42131a@group-34C4138AA20E:LeaderElection18] INFO  impl.RoleInfo (RoleInfo.java:shutdownLeaderElection(134)) - b5f65341-71e3-4bdb-b257-250c7a42131a: shutdown LeaderElection
2019-09-25 12:55:11,661 [b5f65341-71e3-4bdb-b257-250c7a42131a@group-34C4138AA20E:LeaderElection18] INFO  impl.RaftServerImpl (RaftServerImpl.java:setRole(174)) - b5f65341-71e3-4bdb-b257-250c7a42131a@group-34C4138AA20E: changes role from CANDIDATE to LEADER at term 1 for changeToLeader
2019-09-25 12:55:11,661 [b5f65341-71e3-4bdb-b257-250c7a42131a@group-34C4138AA20E:LeaderElection18] INFO  impl.RaftServerImpl (ServerState.java:setLeader(253)) - b5f65341-71e3-4bdb-b257-250c7a42131a@group-34C4138AA20E: change Leader from null to b5f65341-71e3-4bdb-b257-250c7a42131a at term 1 for becomeLeader, leader elected after 5194ms
2019-09-25 12:55:11,661 [b5f65341-71e3-4bdb-b257-250c7a42131a@group-34C4138AA20E:LeaderElection18] INFO  server.RaftServerConfigKeys (ConfUtils.java:logGet(43)) - raft.server.staging.catchup.gap = 1000 (default)
2019-09-25 12:55:11,661 [b5f65341-71e3-4bdb-b257-250c7a42131a@group-34C4138AA20E:LeaderElection18] INFO  server.RaftServerConfigKeys (ConfUtils.java:logGet(43)) - raft.server.rpc.sleep.time = 25ms (default)
2019-09-25 12:55:11,662 [b5f65341-71e3-4bdb-b257-250c7a42131a@group-34C4138AA20E:LeaderElection18] INFO  server.RaftServerConfigKeys (ConfUtils.java:logGet(43)) - raft.server.write.element-limit = 4096 (default)
2019-09-25 12:55:11,662 [b5f65341-71e3-4bdb-b257-250c7a42131a@group-34C4138AA20E:LeaderElection18] INFO  server.RaftServerConfigKeys (ConfUtils.java:logGet(43)) - raft.server.watch.timeout = 10s (default)
2019-09-25 12:55:11,662 [b5f65341-71e3-4bdb-b257-250c7a42131a@group-34C4138AA20E:LeaderElection18] INFO  server.RaftServerConfigKeys (ConfUtils.java:logGet(43)) - raft.server.watch.timeout.denomination = 1s (default)
2019-09-25 12:55:11,662 [b5f65341-71e3-4bdb-b257-250c7a42131a@group-34C4138AA20E:LeaderElection18] INFO  server.RaftServerConfigKeys (ConfUtils.java:logGet(43)) - raft.server.watch.element-limit = 65536 (default)
2019-09-25 12:55:11,666 [b5f65341-71e3-4bdb-b257-250c7a42131a@group-34C4138AA20E:LeaderElection18] INFO  impl.RoleInfo (RoleInfo.java:updateAndGet(143)) - b5f65341-71e3-4bdb-b257-250c7a42131a: start LeaderState
2019-09-25 12:55:11,666 [b5f65341-71e3-4bdb-b257-250c7a42131a@group-34C4138AA20E:LeaderElection18] INFO  segmented.SegmentedRaftLogWorker (SegmentedRaftLogWorker.java:startLogSegment(380)) - b5f65341-71e3-4bdb-b257-250c7a42131a@group-34C4138AA20E-SegmentedRaftLogWorker: Starting segment from index:0
2019-09-25 12:55:11,666 [b5f65341-71e3-4bdb-b257-250c7a42131a@group-34C4138AA20E:LeaderElection18] INFO  impl.RaftServerImpl (ServerState.java:setRaftConf(354)) - b5f65341-71e3-4bdb-b257-250c7a42131a@group-34C4138AA20E: set configuration 0: [b5f65341-71e3-4bdb-b257-250c7a42131a:192.168.151.73:46240], old=null at 0
2019-09-25 12:55:11,703 [Thread-270] INFO  impl.FollowerState (FollowerState.java:run(106)) - 9ab7590b-dd39-4196-b964-8ab9f907299e:group-0B92BF9EBA29 changes to CANDIDATE, lastRpcTime:5155, electionTimeout:5155ms
2019-09-25 12:55:11,703 [Thread-270] INFO  impl.RoleInfo (RoleInfo.java:shutdownFollowerState(121)) - 9ab7590b-dd39-4196-b964-8ab9f907299e: shutdown FollowerState
2019-09-25 12:55:11,704 [Thread-270] INFO  impl.RaftServerImpl (RaftServerImpl.java:setRole(174)) - 9ab7590b-dd39-4196-b964-8ab9f907299e@group-0B92BF9EBA29: changes role from  FOLLOWER to CANDIDATE at term 0 for changeToCandidate
2019-09-25 12:55:11,704 [Thread-270] INFO  impl.RoleInfo (RoleInfo.java:updateAndGet(143)) - 9ab7590b-dd39-4196-b964-8ab9f907299e: start LeaderElection
2019-09-25 12:55:11,706 [b5f65341-71e3-4bdb-b257-250c7a42131a@group-34C4138AA20E-SegmentedRaftLogWorker] INFO  segmented.SegmentedRaftLogWorker (SegmentedRaftLogWorker.java:execute(569)) - b5f65341-71e3-4bdb-b257-250c7a42131a@group-34C4138AA20E-SegmentedRaftLogWorker: created new log segment /workdir/hadoop-ozone/tools/target/test-dir/MiniOzoneClusterImpl-a69ba920-524d-43f7-a757-bb142e91f929/datanode-4/data/ratis/556a7a7c-b4fc-4228-b836-34c4138aa20e/current/log_inprogress_0
2019-09-25 12:55:11,731 [9ab7590b-dd39-4196-b964-8ab9f907299e@group-0B92BF9EBA29:LeaderElection19] INFO  impl.LeaderElection (LeaderElection.java:askForVotes(182)) - 9ab7590b-dd39-4196-b964-8ab9f907299e@group-0B92BF9EBA29:LeaderElection19: begin an election at term 1 for -1: [9ab7590b-dd39-4196-b964-8ab9f907299e:192.168.151.73:40001], old=null
2019-09-25 12:55:11,732 [9ab7590b-dd39-4196-b964-8ab9f907299e@group-0B92BF9EBA29:LeaderElection19] INFO  impl.RoleInfo (RoleInfo.java:shutdownLeaderElection(134)) - 9ab7590b-dd39-4196-b964-8ab9f907299e: shutdown LeaderElection
2019-09-25 12:55:11,732 [9ab7590b-dd39-4196-b964-8ab9f907299e@group-0B92BF9EBA29:LeaderElection19] INFO  impl.RaftServerImpl (RaftServerImpl.java:setRole(174)) - 9ab7590b-dd39-4196-b964-8ab9f907299e@group-0B92BF9EBA29: changes role from CANDIDATE to LEADER at term 1 for changeToLeader
2019-09-25 12:55:11,732 [9ab7590b-dd39-4196-b964-8ab9f907299e@group-0B92BF9EBA29:LeaderElection19] INFO  impl.RaftServerImpl (ServerState.java:setLeader(253)) - 9ab7590b-dd39-4196-b964-8ab9f907299e@group-0B92BF9EBA29: change Leader from null to 9ab7590b-dd39-4196-b964-8ab9f907299e at term 1 for becomeLeader, leader elected after 5192ms
2019-09-25 12:55:11,732 [9ab7590b-dd39-4196-b964-8ab9f907299e@group-0B92BF9EBA29:LeaderElection19] INFO  server.RaftServerConfigKeys (ConfUtils.java:logGet(43)) - raft.server.staging.catchup.gap = 1000 (default)
2019-09-25 12:55:11,733 [9ab7590b-dd39-4196-b964-8ab9f907299e@group-0B92BF9EBA29:LeaderElection19] INFO  server.RaftServerConfigKeys (ConfUtils.java:logGet(43)) - raft.server.rpc.sleep.time = 25ms (default)
2019-09-25 12:55:11,733 [9ab7590b-dd39-4196-b964-8ab9f907299e@group-0B92BF9EBA29:LeaderElection19] INFO  server.RaftServerConfigKeys (ConfUtils.java:logGet(43)) - raft.server.write.element-limit = 4096 (default)
2019-09-25 12:55:11,733 [9ab7590b-dd39-4196-b964-8ab9f907299e@group-0B92BF9EBA29:LeaderElection19] INFO  server.RaftServerConfigKeys (ConfUtils.java:logGet(43)) - raft.server.watch.timeout = 10s (default)
2019-09-25 12:55:11,733 [9ab7590b-dd39-4196-b964-8ab9f907299e@group-0B92BF9EBA29:LeaderElection19] INFO  server.RaftServerConfigKeys (ConfUtils.java:logGet(43)) - raft.server.watch.timeout.denomination = 1s (default)
2019-09-25 12:55:11,734 [9ab7590b-dd39-4196-b964-8ab9f907299e@group-0B92BF9EBA29:LeaderElection19] INFO  server.RaftServerConfigKeys (ConfUtils.java:logGet(43)) - raft.server.watch.element-limit = 65536 (default)
2019-09-25 12:55:11,738 [9ab7590b-dd39-4196-b964-8ab9f907299e@group-0B92BF9EBA29:LeaderElection19] INFO  impl.RoleInfo (RoleInfo.java:updateAndGet(143)) - 9ab7590b-dd39-4196-b964-8ab9f907299e: start LeaderState
2019-09-25 12:55:11,738 [9ab7590b-dd39-4196-b964-8ab9f907299e@group-0B92BF9EBA29:LeaderElection19] INFO  segmented.SegmentedRaftLogWorker (SegmentedRaftLogWorker.java:startLogSegment(380)) - 9ab7590b-dd39-4196-b964-8ab9f907299e@group-0B92BF9EBA29-SegmentedRaftLogWorker: Starting segment from index:0
2019-09-25 12:55:11,739 [9ab7590b-dd39-4196-b964-8ab9f907299e@group-0B92BF9EBA29:LeaderElection19] INFO  impl.RaftServerImpl (ServerState.java:setRaftConf(354)) - 9ab7590b-dd39-4196-b964-8ab9f907299e@group-0B92BF9EBA29: set configuration 0: [9ab7590b-dd39-4196-b964-8ab9f907299e:192.168.151.73:40001], old=null at 0
2019-09-25 12:55:11,771 [Thread-273] INFO  impl.FollowerState (FollowerState.java:run(106)) - 5c86796b-6b73-4de6-91b0-1a3ae4d4f66e:group-81925ED4D08B changes to CANDIDATE, lastRpcTime:5111, electionTimeout:5111ms
2019-09-25 12:55:11,772 [Thread-273] INFO  impl.RoleInfo (RoleInfo.java:shutdownFollowerState(121)) - 5c86796b-6b73-4de6-91b0-1a3ae4d4f66e: shutdown FollowerState
2019-09-25 12:55:11,772 [Thread-273] INFO  impl.RaftServerImpl (RaftServerImpl.java:setRole(174)) - 5c86796b-6b73-4de6-91b0-1a3ae4d4f66e@group-81925ED4D08B: changes role from  FOLLOWER to CANDIDATE at term 0 for changeToCandidate
2019-09-25 12:55:11,772 [Thread-273] INFO  impl.RoleInfo (RoleInfo.java:updateAndGet(143)) - 5c86796b-6b73-4de6-91b0-1a3ae4d4f66e: start LeaderElection
2019-09-25 12:55:11,789 [9ab7590b-dd39-4196-b964-8ab9f907299e@group-0B92BF9EBA29-SegmentedRaftLogWorker] INFO  segmented.SegmentedRaftLogWorker (SegmentedRaftLogWorker.java:execute(569)) - 9ab7590b-dd39-4196-b964-8ab9f907299e@group-0B92BF9EBA29-SegmentedRaftLogWorker: created new log segment /workdir/hadoop-ozone/tools/target/test-dir/MiniOzoneClusterImpl-a69ba920-524d-43f7-a757-bb142e91f929/datanode-3/data/ratis/a1e68fcc-2ffa-413b-adc2-0b92bf9eba29/current/log_inprogress_0
2019-09-25 12:55:11,806 [5c86796b-6b73-4de6-91b0-1a3ae4d4f66e@group-81925ED4D08B:LeaderElection20] INFO  impl.LeaderElection (LeaderElection.java:askForVotes(182)) - 5c86796b-6b73-4de6-91b0-1a3ae4d4f66e@group-81925ED4D08B:LeaderElection20: begin an election at term 1 for -1: [5c86796b-6b73-4de6-91b0-1a3ae4d4f66e:192.168.151.73:42606], old=null
2019-09-25 12:55:11,806 [5c86796b-6b73-4de6-91b0-1a3ae4d4f66e@group-81925ED4D08B:LeaderElection20] INFO  impl.RoleInfo (RoleInfo.java:shutdownLeaderElection(134)) - 5c86796b-6b73-4de6-91b0-1a3ae4d4f66e: shutdown LeaderElection
2019-09-25 12:55:11,806 [5c86796b-6b73-4de6-91b0-1a3ae4d4f66e@group-81925ED4D08B:LeaderElection20] INFO  impl.RaftServerImpl (RaftServerImpl.java:setRole(174)) - 5c86796b-6b73-4de6-91b0-1a3ae4d4f66e@group-81925ED4D08B: changes role from CANDIDATE to LEADER at term 1 for changeToLeader
2019-09-25 12:55:11,806 [5c86796b-6b73-4de6-91b0-1a3ae4d4f66e@group-81925ED4D08B:LeaderElection20] INFO  impl.RaftServerImpl (ServerState.java:setLeader(253)) - 5c86796b-6b73-4de6-91b0-1a3ae4d4f66e@group-81925ED4D08B: change Leader from null to 5c86796b-6b73-4de6-91b0-1a3ae4d4f66e at term 1 for becomeLeader, leader elected after 5155ms
2019-09-25 12:55:11,806 [5c86796b-6b73-4de6-91b0-1a3ae4d4f66e@group-81925ED4D08B:LeaderElection20] INFO  server.RaftServerConfigKeys (ConfUtils.java:logGet(43)) - raft.server.staging.catchup.gap = 1000 (default)
2019-09-25 12:55:11,807 [5c86796b-6b73-4de6-91b0-1a3ae4d4f66e@group-81925ED4D08B:LeaderElection20] INFO  server.RaftServerConfigKeys (ConfUtils.java:logGet(43)) - raft.server.rpc.sleep.time = 25ms (default)
2019-09-25 12:55:11,807 [5c86796b-6b73-4de6-91b0-1a3ae4d4f66e@group-81925ED4D08B:LeaderElection20] INFO  server.RaftServerConfigKeys (ConfUtils.java:logGet(43)) - raft.server.write.element-limit = 4096 (default)
2019-09-25 12:55:11,807 [5c86796b-6b73-4de6-91b0-1a3ae4d4f66e@group-81925ED4D08B:LeaderElection20] INFO  server.RaftServerConfigKeys (ConfUtils.java:logGet(43)) - raft.server.watch.timeout = 10s (default)
2019-09-25 12:55:11,807 [5c86796b-6b73-4de6-91b0-1a3ae4d4f66e@group-81925ED4D08B:LeaderElection20] INFO  server.RaftServerConfigKeys (ConfUtils.java:logGet(43)) - raft.server.watch.timeout.denomination = 1s (default)
2019-09-25 12:55:11,807 [5c86796b-6b73-4de6-91b0-1a3ae4d4f66e@group-81925ED4D08B:LeaderElection20] INFO  server.RaftServerConfigKeys (ConfUtils.java:logGet(43)) - raft.server.watch.element-limit = 65536 (default)
2019-09-25 12:55:11,811 [5c86796b-6b73-4de6-91b0-1a3ae4d4f66e@group-81925ED4D08B:LeaderElection20] INFO  impl.RoleInfo (RoleInfo.java:updateAndGet(143)) - 5c86796b-6b73-4de6-91b0-1a3ae4d4f66e: start LeaderState
2019-09-25 12:55:11,811 [5c86796b-6b73-4de6-91b0-1a3ae4d4f66e@group-81925ED4D08B:LeaderElection20] INFO  segmented.SegmentedRaftLogWorker (SegmentedRaftLogWorker.java:startLogSegment(380)) - 5c86796b-6b73-4de6-91b0-1a3ae4d4f66e@group-81925ED4D08B-SegmentedRaftLogWorker: Starting segment from index:0
2019-09-25 12:55:11,812 [5c86796b-6b73-4de6-91b0-1a3ae4d4f66e@group-81925ED4D08B:LeaderElection20] INFO  impl.RaftServerImpl (ServerState.java:setRaftConf(354)) - 5c86796b-6b73-4de6-91b0-1a3ae4d4f66e@group-81925ED4D08B: set configuration 0: [5c86796b-6b73-4de6-91b0-1a3ae4d4f66e:192.168.151.73:42606], old=null at 0
2019-09-25 12:55:11,874 [Thread-276] INFO  impl.FollowerState (FollowerState.java:run(106)) - 9ab7590b-dd39-4196-b964-8ab9f907299e:group-A3EA4BF8F06D changes to CANDIDATE, lastRpcTime:5115, electionTimeout:5115ms
2019-09-25 12:55:11,875 [Thread-276] INFO  impl.RoleInfo (RoleInfo.java:shutdownFollowerState(121)) - 9ab7590b-dd39-4196-b964-8ab9f907299e: shutdown FollowerState
2019-09-25 12:55:11,875 [Thread-276] INFO  impl.RaftServerImpl (RaftServerImpl.java:setRole(174)) - 9ab7590b-dd39-4196-b964-8ab9f907299e@group-A3EA4BF8F06D: changes role from  FOLLOWER to CANDIDATE at term 0 for changeToCandidate
2019-09-25 12:55:11,875 [Thread-276] INFO  impl.RoleInfo (RoleInfo.java:updateAndGet(143)) - 9ab7590b-dd39-4196-b964-8ab9f907299e: start LeaderElection
2019-09-25 12:55:11,877 [5c86796b-6b73-4de6-91b0-1a3ae4d4f66e@group-81925ED4D08B-SegmentedRaftLogWorker] INFO  segmented.SegmentedRaftLogWorker (SegmentedRaftLogWorker.java:execute(569)) - 5c86796b-6b73-4de6-91b0-1a3ae4d4f66e@group-81925ED4D08B-SegmentedRaftLogWorker: created new log segment /workdir/hadoop-ozone/tools/target/test-dir/MiniOzoneClusterImpl-a69ba920-524d-43f7-a757-bb142e91f929/datanode-0/data/ratis/1dca6949-86a3-4f3b-ad7b-81925ed4d08b/current/log_inprogress_0
2019-09-25 12:55:11,900 [9ab7590b-dd39-4196-b964-8ab9f907299e@group-A3EA4BF8F06D:LeaderElection21] INFO  impl.LeaderElection (LeaderElection.java:askForVotes(182)) - 9ab7590b-dd39-4196-b964-8ab9f907299e@group-A3EA4BF8F06D:LeaderElection21: begin an election at term 1 for -1: [9ab7590b-dd39-4196-b964-8ab9f907299e:192.168.151.73:40001], old=null
2019-09-25 12:55:11,900 [9ab7590b-dd39-4196-b964-8ab9f907299e@group-A3EA4BF8F06D:LeaderElection21] INFO  impl.RoleInfo (RoleInfo.java:shutdownLeaderElection(134)) - 9ab7590b-dd39-4196-b964-8ab9f907299e: shutdown LeaderElection
2019-09-25 12:55:11,900 [9ab7590b-dd39-4196-b964-8ab9f907299e@group-A3EA4BF8F06D:LeaderElection21] INFO  impl.RaftServerImpl (RaftServerImpl.java:setRole(174)) - 9ab7590b-dd39-4196-b964-8ab9f907299e@group-A3EA4BF8F06D: changes role from CANDIDATE to LEADER at term 1 for changeToLeader
2019-09-25 12:55:11,900 [9ab7590b-dd39-4196-b964-8ab9f907299e@group-A3EA4BF8F06D:LeaderElection21] INFO  impl.RaftServerImpl (ServerState.java:setLeader(253)) - 9ab7590b-dd39-4196-b964-8ab9f907299e@group-A3EA4BF8F06D: change Leader from null to 9ab7590b-dd39-4196-b964-8ab9f907299e at term 1 for becomeLeader, leader elected after 5163ms
2019-09-25 12:55:11,900 [9ab7590b-dd39-4196-b964-8ab9f907299e@group-A3EA4BF8F06D:LeaderElection21] INFO  server.RaftServerConfigKeys (ConfUtils.java:logGet(43)) - raft.server.staging.catchup.gap = 1000 (default)
2019-09-25 12:55:11,901 [9ab7590b-dd39-4196-b964-8ab9f907299e@group-A3EA4BF8F06D:LeaderElection21] INFO  server.RaftServerConfigKeys (ConfUtils.java:logGet(43)) - raft.server.rpc.sleep.time = 25ms (default)
2019-09-25 12:55:11,901 [9ab7590b-dd39-4196-b964-8ab9f907299e@group-A3EA4BF8F06D:LeaderElection21] INFO  server.RaftServerConfigKeys (ConfUtils.java:logGet(43)) - raft.server.write.element-limit = 4096 (default)
2019-09-25 12:55:11,901 [9ab7590b-dd39-4196-b964-8ab9f907299e@group-A3EA4BF8F06D:LeaderElection21] INFO  server.RaftServerConfigKeys (ConfUtils.java:logGet(43)) - raft.server.watch.timeout = 10s (default)
2019-09-25 12:55:11,901 [9ab7590b-dd39-4196-b964-8ab9f907299e@group-A3EA4BF8F06D:LeaderElection21] INFO  server.RaftServerConfigKeys (ConfUtils.java:logGet(43)) - raft.server.watch.timeout.denomination = 1s (default)
2019-09-25 12:55:11,901 [9ab7590b-dd39-4196-b964-8ab9f907299e@group-A3EA4BF8F06D:LeaderElection21] INFO  server.RaftServerConfigKeys (ConfUtils.java:logGet(43)) - raft.server.watch.element-limit = 65536 (default)
2019-09-25 12:55:11,904 [9ab7590b-dd39-4196-b964-8ab9f907299e@group-A3EA4BF8F06D:LeaderElection21] INFO  impl.RoleInfo (RoleInfo.java:updateAndGet(143)) - 9ab7590b-dd39-4196-b964-8ab9f907299e: start LeaderState
2019-09-25 12:55:11,904 [9ab7590b-dd39-4196-b964-8ab9f907299e@group-A3EA4BF8F06D:LeaderElection21] INFO  segmented.SegmentedRaftLogWorker (SegmentedRaftLogWorker.java:startLogSegment(380)) - 9ab7590b-dd39-4196-b964-8ab9f907299e@group-A3EA4BF8F06D-SegmentedRaftLogWorker: Starting segment from index:0
2019-09-25 12:55:11,905 [9ab7590b-dd39-4196-b964-8ab9f907299e@group-A3EA4BF8F06D:LeaderElection21] INFO  impl.RaftServerImpl (ServerState.java:setRaftConf(354)) - 9ab7590b-dd39-4196-b964-8ab9f907299e@group-A3EA4BF8F06D: set configuration 0: [9ab7590b-dd39-4196-b964-8ab9f907299e:192.168.151.73:40001], old=null at 0
2019-09-25 12:55:11,965 [9ab7590b-dd39-4196-b964-8ab9f907299e@group-A3EA4BF8F06D-SegmentedRaftLogWorker] INFO  segmented.SegmentedRaftLogWorker (SegmentedRaftLogWorker.java:execute(569)) - 9ab7590b-dd39-4196-b964-8ab9f907299e@group-A3EA4BF8F06D-SegmentedRaftLogWorker: created new log segment /workdir/hadoop-ozone/tools/target/test-dir/MiniOzoneClusterImpl-a69ba920-524d-43f7-a757-bb142e91f929/datanode-3/data/ratis/ab8747c6-b5ca-499b-8e45-a3ea4bf8f06d/current/log_inprogress_0
2019-09-25 12:55:12,018 [Thread-279] INFO  impl.FollowerState (FollowerState.java:run(106)) - 9ab7590b-dd39-4196-b964-8ab9f907299e:group-A722EB8C8BD1 changes to CANDIDATE, lastRpcTime:5199, electionTimeout:5199ms
2019-09-25 12:55:12,018 [Thread-279] INFO  impl.RoleInfo (RoleInfo.java:shutdownFollowerState(121)) - 9ab7590b-dd39-4196-b964-8ab9f907299e: shutdown FollowerState
2019-09-25 12:55:12,019 [Thread-279] INFO  impl.RaftServerImpl (RaftServerImpl.java:setRole(174)) - 9ab7590b-dd39-4196-b964-8ab9f907299e@group-A722EB8C8BD1: changes role from  FOLLOWER to CANDIDATE at term 0 for changeToCandidate
2019-09-25 12:55:12,019 [Thread-279] INFO  impl.RoleInfo (RoleInfo.java:updateAndGet(143)) - 9ab7590b-dd39-4196-b964-8ab9f907299e: start LeaderElection
2019-09-25 12:55:12,031 [Thread-282] INFO  impl.FollowerState (FollowerState.java:run(106)) - 9ab7590b-dd39-4196-b964-8ab9f907299e:group-9A87E53500FE changes to CANDIDATE, lastRpcTime:5133, electionTimeout:5133ms
2019-09-25 12:55:12,031 [Thread-282] INFO  impl.RoleInfo (RoleInfo.java:shutdownFollowerState(121)) - 9ab7590b-dd39-4196-b964-8ab9f907299e: shutdown FollowerState
2019-09-25 12:55:12,031 [Thread-282] INFO  impl.RaftServerImpl (RaftServerImpl.java:setRole(174)) - 9ab7590b-dd39-4196-b964-8ab9f907299e@group-9A87E53500FE: changes role from  FOLLOWER to CANDIDATE at term 0 for changeToCandidate
2019-09-25 12:55:12,031 [Thread-282] INFO  impl.RoleInfo (RoleInfo.java:updateAndGet(143)) - 9ab7590b-dd39-4196-b964-8ab9f907299e: start LeaderElection
2019-09-25 12:55:12,060 [Thread-285] INFO  impl.FollowerState (FollowerState.java:run(106)) - d3ebfba2-1061-4a1b-b9ff-fcd56525b262:group-945A2DDF1451 changes to CANDIDATE, lastRpcTime:5079, electionTimeout:5079ms
2019-09-25 12:55:12,060 [Thread-285] INFO  impl.RoleInfo (RoleInfo.java:shutdownFollowerState(121)) - d3ebfba2-1061-4a1b-b9ff-fcd56525b262: shutdown FollowerState
2019-09-25 12:55:12,060 [Thread-285] INFO  impl.RaftServerImpl (RaftServerImpl.java:setRole(174)) - d3ebfba2-1061-4a1b-b9ff-fcd56525b262@group-945A2DDF1451: changes role from  FOLLOWER to CANDIDATE at term 0 for changeToCandidate
2019-09-25 12:55:12,060 [Thread-285] INFO  impl.RoleInfo (RoleInfo.java:updateAndGet(143)) - d3ebfba2-1061-4a1b-b9ff-fcd56525b262: start LeaderElection
2019-09-25 12:55:12,062 [Thread-288] INFO  impl.FollowerState (FollowerState.java:run(106)) - 890a050a-36b3-47fb-a6ed-f900cd3e56cf:group-8D62897A8688 changes to CANDIDATE, lastRpcTime:5009, electionTimeout:5008ms
2019-09-25 12:55:12,063 [Thread-288] INFO  impl.RoleInfo (RoleInfo.java:shutdownFollowerState(121)) - 890a050a-36b3-47fb-a6ed-f900cd3e56cf: shutdown FollowerState
2019-09-25 12:55:12,063 [Thread-288] INFO  impl.RaftServerImpl (RaftServerImpl.java:setRole(174)) - 890a050a-36b3-47fb-a6ed-f900cd3e56cf@group-8D62897A8688: changes role from  FOLLOWER to CANDIDATE at term 0 for changeToCandidate
2019-09-25 12:55:12,063 [Thread-288] INFO  impl.RoleInfo (RoleInfo.java:updateAndGet(143)) - 890a050a-36b3-47fb-a6ed-f900cd3e56cf: start LeaderElection
2019-09-25 12:55:12,066 [9ab7590b-dd39-4196-b964-8ab9f907299e@group-A722EB8C8BD1:LeaderElection22] INFO  impl.LeaderElection (LeaderElection.java:askForVotes(182)) - 9ab7590b-dd39-4196-b964-8ab9f907299e@group-A722EB8C8BD1:LeaderElection22: begin an election at term 1 for -1: [9ab7590b-dd39-4196-b964-8ab9f907299e:192.168.151.73:40001], old=null
2019-09-25 12:55:12,066 [9ab7590b-dd39-4196-b964-8ab9f907299e@group-A722EB8C8BD1:LeaderElection22] INFO  impl.RoleInfo (RoleInfo.java:shutdownLeaderElection(134)) - 9ab7590b-dd39-4196-b964-8ab9f907299e: shutdown LeaderElection
2019-09-25 12:55:12,066 [9ab7590b-dd39-4196-b964-8ab9f907299e@group-A722EB8C8BD1:LeaderElection22] INFO  impl.RaftServerImpl (RaftServerImpl.java:setRole(174)) - 9ab7590b-dd39-4196-b964-8ab9f907299e@group-A722EB8C8BD1: changes role from CANDIDATE to LEADER at term 1 for changeToLeader
2019-09-25 12:55:12,066 [9ab7590b-dd39-4196-b964-8ab9f907299e@group-A722EB8C8BD1:LeaderElection22] INFO  impl.RaftServerImpl (ServerState.java:setLeader(253)) - 9ab7590b-dd39-4196-b964-8ab9f907299e@group-A722EB8C8BD1: change Leader from null to 9ab7590b-dd39-4196-b964-8ab9f907299e at term 1 for becomeLeader, leader elected after 5255ms
2019-09-25 12:55:12,066 [9ab7590b-dd39-4196-b964-8ab9f907299e@group-A722EB8C8BD1:LeaderElection22] INFO  server.RaftServerConfigKeys (ConfUtils.java:logGet(43)) - raft.server.staging.catchup.gap = 1000 (default)
2019-09-25 12:55:12,067 [9ab7590b-dd39-4196-b964-8ab9f907299e@group-A722EB8C8BD1:LeaderElection22] INFO  server.RaftServerConfigKeys (ConfUtils.java:logGet(43)) - raft.server.rpc.sleep.time = 25ms (default)
2019-09-25 12:55:12,067 [9ab7590b-dd39-4196-b964-8ab9f907299e@group-A722EB8C8BD1:LeaderElection22] INFO  server.RaftServerConfigKeys (ConfUtils.java:logGet(43)) - raft.server.write.element-limit = 4096 (default)
2019-09-25 12:55:12,067 [9ab7590b-dd39-4196-b964-8ab9f907299e@group-A722EB8C8BD1:LeaderElection22] INFO  server.RaftServerConfigKeys (ConfUtils.java:logGet(43)) - raft.server.watch.timeout = 10s (default)
2019-09-25 12:55:12,067 [9ab7590b-dd39-4196-b964-8ab9f907299e@group-A722EB8C8BD1:LeaderElection22] INFO  server.RaftServerConfigKeys (ConfUtils.java:logGet(43)) - raft.server.watch.timeout.denomination = 1s (default)
2019-09-25 12:55:12,068 [9ab7590b-dd39-4196-b964-8ab9f907299e@group-A722EB8C8BD1:LeaderElection22] INFO  server.RaftServerConfigKeys (ConfUtils.java:logGet(43)) - raft.server.watch.element-limit = 65536 (default)
2019-09-25 12:55:12,071 [9ab7590b-dd39-4196-b964-8ab9f907299e@group-A722EB8C8BD1:LeaderElection22] INFO  impl.RoleInfo (RoleInfo.java:updateAndGet(143)) - 9ab7590b-dd39-4196-b964-8ab9f907299e: start LeaderState
2019-09-25 12:55:12,072 [9ab7590b-dd39-4196-b964-8ab9f907299e@group-A722EB8C8BD1:LeaderElection22] INFO  segmented.SegmentedRaftLogWorker (SegmentedRaftLogWorker.java:startLogSegment(380)) - 9ab7590b-dd39-4196-b964-8ab9f907299e@group-A722EB8C8BD1-SegmentedRaftLogWorker: Starting segment from index:0
2019-09-25 12:55:12,072 [9ab7590b-dd39-4196-b964-8ab9f907299e@group-A722EB8C8BD1:LeaderElection22] INFO  impl.RaftServerImpl (ServerState.java:setRaftConf(354)) - 9ab7590b-dd39-4196-b964-8ab9f907299e@group-A722EB8C8BD1: set configuration 0: [9ab7590b-dd39-4196-b964-8ab9f907299e:192.168.151.73:40001], old=null at 0
2019-09-25 12:55:12,109 [9ab7590b-dd39-4196-b964-8ab9f907299e@group-9A87E53500FE:LeaderElection23] INFO  impl.LeaderElection (LeaderElection.java:askForVotes(182)) - 9ab7590b-dd39-4196-b964-8ab9f907299e@group-9A87E53500FE:LeaderElection23: begin an election at term 1 for -1: [9ab7590b-dd39-4196-b964-8ab9f907299e:192.168.151.73:40001], old=null
2019-09-25 12:55:12,109 [890a050a-36b3-47fb-a6ed-f900cd3e56cf@group-8D62897A8688:LeaderElection25] INFO  impl.LeaderElection (LeaderElection.java:askForVotes(182)) - 890a050a-36b3-47fb-a6ed-f900cd3e56cf@group-8D62897A8688:LeaderElection25: begin an election at term 1 for -1: [890a050a-36b3-47fb-a6ed-f900cd3e56cf:192.168.151.73:39049], old=null
2019-09-25 12:55:12,109 [9ab7590b-dd39-4196-b964-8ab9f907299e@group-9A87E53500FE:LeaderElection23] INFO  impl.RoleInfo (RoleInfo.java:shutdownLeaderElection(134)) - 9ab7590b-dd39-4196-b964-8ab9f907299e: shutdown LeaderElection
2019-09-25 12:55:12,109 [d3ebfba2-1061-4a1b-b9ff-fcd56525b262@group-945A2DDF1451:LeaderElection24] INFO  impl.LeaderElection (LeaderElection.java:askForVotes(182)) - d3ebfba2-1061-4a1b-b9ff-fcd56525b262@group-945A2DDF1451:LeaderElection24: begin an election at term 1 for -1: [d3ebfba2-1061-4a1b-b9ff-fcd56525b262:192.168.151.73:41691], old=null
2019-09-25 12:55:12,109 [9ab7590b-dd39-4196-b964-8ab9f907299e@group-9A87E53500FE:LeaderElection23] INFO  impl.RaftServerImpl (RaftServerImpl.java:setRole(174)) - 9ab7590b-dd39-4196-b964-8ab9f907299e@group-9A87E53500FE: changes role from CANDIDATE to LEADER at term 1 for changeToLeader
2019-09-25 12:55:12,109 [890a050a-36b3-47fb-a6ed-f900cd3e56cf@group-8D62897A8688:LeaderElection25] INFO  impl.RoleInfo (RoleInfo.java:shutdownLeaderElection(134)) - 890a050a-36b3-47fb-a6ed-f900cd3e56cf: shutdown LeaderElection
2019-09-25 12:55:12,109 [9ab7590b-dd39-4196-b964-8ab9f907299e@group-9A87E53500FE:LeaderElection23] INFO  impl.RaftServerImpl (ServerState.java:setLeader(253)) - 9ab7590b-dd39-4196-b964-8ab9f907299e@group-9A87E53500FE: change Leader from null to 9ab7590b-dd39-4196-b964-8ab9f907299e at term 1 for becomeLeader, leader elected after 5220ms
2019-09-25 12:55:12,109 [d3ebfba2-1061-4a1b-b9ff-fcd56525b262@group-945A2DDF1451:LeaderElection24] INFO  impl.RoleInfo (RoleInfo.java:shutdownLeaderElection(134)) - d3ebfba2-1061-4a1b-b9ff-fcd56525b262: shutdown LeaderElection
2019-09-25 12:55:12,110 [9ab7590b-dd39-4196-b964-8ab9f907299e@group-9A87E53500FE:LeaderElection23] INFO  server.RaftServerConfigKeys (ConfUtils.java:logGet(43)) - raft.server.staging.catchup.gap = 1000 (default)
2019-09-25 12:55:12,109 [890a050a-36b3-47fb-a6ed-f900cd3e56cf@group-8D62897A8688:LeaderElection25] INFO  impl.RaftServerImpl (RaftServerImpl.java:setRole(174)) - 890a050a-36b3-47fb-a6ed-f900cd3e56cf@group-8D62897A8688: changes role from CANDIDATE to LEADER at term 1 for changeToLeader
2019-09-25 12:55:12,110 [9ab7590b-dd39-4196-b964-8ab9f907299e@group-9A87E53500FE:LeaderElection23] INFO  server.RaftServerConfigKeys (ConfUtils.java:logGet(43)) - raft.server.rpc.sleep.time = 25ms (default)
2019-09-25 12:55:12,110 [d3ebfba2-1061-4a1b-b9ff-fcd56525b262@group-945A2DDF1451:LeaderElection24] INFO  impl.RaftServerImpl (RaftServerImpl.java:setRole(174)) - d3ebfba2-1061-4a1b-b9ff-fcd56525b262@group-945A2DDF1451: changes role from CANDIDATE to LEADER at term 1 for changeToLeader
2019-09-25 12:55:12,110 [9ab7590b-dd39-4196-b964-8ab9f907299e@group-9A87E53500FE:LeaderElection23] INFO  server.RaftServerConfigKeys (ConfUtils.java:logGet(43)) - raft.server.write.element-limit = 4096 (default)
2019-09-25 12:55:12,110 [890a050a-36b3-47fb-a6ed-f900cd3e56cf@group-8D62897A8688:LeaderElection25] INFO  impl.RaftServerImpl (ServerState.java:setLeader(253)) - 890a050a-36b3-47fb-a6ed-f900cd3e56cf@group-8D62897A8688: change Leader from null to 890a050a-36b3-47fb-a6ed-f900cd3e56cf at term 1 for becomeLeader, leader elected after 5062ms
2019-09-25 12:55:12,110 [9ab7590b-dd39-4196-b964-8ab9f907299e@group-9A87E53500FE:LeaderElection23] INFO  server.RaftServerConfigKeys (ConfUtils.java:logGet(43)) - raft.server.watch.timeout = 10s (default)
2019-09-25 12:55:12,110 [d3ebfba2-1061-4a1b-b9ff-fcd56525b262@group-945A2DDF1451:LeaderElection24] INFO  impl.RaftServerImpl (ServerState.java:setLeader(253)) - d3ebfba2-1061-4a1b-b9ff-fcd56525b262@group-945A2DDF1451: change Leader from null to d3ebfba2-1061-4a1b-b9ff-fcd56525b262 at term 1 for becomeLeader, leader elected after 5140ms
2019-09-25 12:55:12,111 [9ab7590b-dd39-4196-b964-8ab9f907299e@group-9A87E53500FE:LeaderElection23] INFO  server.RaftServerConfigKeys (ConfUtils.java:logGet(43)) - raft.server.watch.timeout.denomination = 1s (default)
2019-09-25 12:55:12,111 [890a050a-36b3-47fb-a6ed-f900cd3e56cf@group-8D62897A8688:LeaderElection25] INFO  server.RaftServerConfigKeys (ConfUtils.java:logGet(43)) - raft.server.staging.catchup.gap = 1000 (default)
2019-09-25 12:55:12,111 [9ab7590b-dd39-4196-b964-8ab9f907299e@group-9A87E53500FE:LeaderElection23] INFO  server.RaftServerConfigKeys (ConfUtils.java:logGet(43)) - raft.server.watch.element-limit = 65536 (default)
2019-09-25 12:55:12,111 [d3ebfba2-1061-4a1b-b9ff-fcd56525b262@group-945A2DDF1451:LeaderElection24] INFO  server.RaftServerConfigKeys (ConfUtils.java:logGet(43)) - raft.server.staging.catchup.gap = 1000 (default)
2019-09-25 12:55:12,111 [890a050a-36b3-47fb-a6ed-f900cd3e56cf@group-8D62897A8688:LeaderElection25] INFO  server.RaftServerConfigKeys (ConfUtils.java:logGet(43)) - raft.server.rpc.sleep.time = 25ms (default)
2019-09-25 12:55:12,111 [d3ebfba2-1061-4a1b-b9ff-fcd56525b262@group-945A2DDF1451:LeaderElection24] INFO  server.RaftServerConfigKeys (ConfUtils.java:logGet(43)) - raft.server.rpc.sleep.time = 25ms (default)
2019-09-25 12:55:12,112 [890a050a-36b3-47fb-a6ed-f900cd3e56cf@group-8D62897A8688:LeaderElection25] INFO  server.RaftServerConfigKeys (ConfUtils.java:logGet(43)) - raft.server.write.element-limit = 4096 (default)
2019-09-25 12:55:12,112 [d3ebfba2-1061-4a1b-b9ff-fcd56525b262@group-945A2DDF1451:LeaderElection24] INFO  server.RaftServerConfigKeys (ConfUtils.java:logGet(43)) - raft.server.write.element-limit = 4096 (default)
2019-09-25 12:55:12,112 [890a050a-36b3-47fb-a6ed-f900cd3e56cf@group-8D62897A8688:LeaderElection25] INFO  server.RaftServerConfigKeys (ConfUtils.java:logGet(43)) - raft.server.watch.timeout = 10s (default)
2019-09-25 12:55:12,112 [d3ebfba2-1061-4a1b-b9ff-fcd56525b262@group-945A2DDF1451:LeaderElection24] INFO  server.RaftServerConfigKeys (ConfUtils.java:logGet(43)) - raft.server.watch.timeout = 10s (default)
2019-09-25 12:55:12,112 [890a050a-36b3-47fb-a6ed-f900cd3e56cf@group-8D62897A8688:LeaderElection25] INFO  server.RaftServerConfigKeys (ConfUtils.java:logGet(43)) - raft.server.watch.timeout.denomination = 1s (default)
2019-09-25 12:55:12,112 [d3ebfba2-1061-4a1b-b9ff-fcd56525b262@group-945A2DDF1451:LeaderElection24] INFO  server.RaftServerConfigKeys (ConfUtils.java:logGet(43)) - raft.server.watch.timeout.denomination = 1s (default)
2019-09-25 12:55:12,112 [890a050a-36b3-47fb-a6ed-f900cd3e56cf@group-8D62897A8688:LeaderElection25] INFO  server.RaftServerConfigKeys (ConfUtils.java:logGet(43)) - raft.server.watch.element-limit = 65536 (default)
2019-09-25 12:55:12,112 [d3ebfba2-1061-4a1b-b9ff-fcd56525b262@group-945A2DDF1451:LeaderElection24] INFO  server.RaftServerConfigKeys (ConfUtils.java:logGet(43)) - raft.server.watch.element-limit = 65536 (default)
2019-09-25 12:55:12,114 [9ab7590b-dd39-4196-b964-8ab9f907299e@group-9A87E53500FE:LeaderElection23] INFO  impl.RoleInfo (RoleInfo.java:updateAndGet(143)) - 9ab7590b-dd39-4196-b964-8ab9f907299e: start LeaderState
2019-09-25 12:55:12,115 [9ab7590b-dd39-4196-b964-8ab9f907299e@group-9A87E53500FE:LeaderElection23] INFO  segmented.SegmentedRaftLogWorker (SegmentedRaftLogWorker.java:startLogSegment(380)) - 9ab7590b-dd39-4196-b964-8ab9f907299e@group-9A87E53500FE-SegmentedRaftLogWorker: Starting segment from index:0
2019-09-25 12:55:12,115 [9ab7590b-dd39-4196-b964-8ab9f907299e@group-9A87E53500FE:LeaderElection23] INFO  impl.RaftServerImpl (ServerState.java:setRaftConf(354)) - 9ab7590b-dd39-4196-b964-8ab9f907299e@group-9A87E53500FE: set configuration 0: [9ab7590b-dd39-4196-b964-8ab9f907299e:192.168.151.73:40001], old=null at 0
2019-09-25 12:55:12,151 [9ab7590b-dd39-4196-b964-8ab9f907299e@group-A722EB8C8BD1-SegmentedRaftLogWorker] INFO  segmented.SegmentedRaftLogWorker (SegmentedRaftLogWorker.java:execute(569)) - 9ab7590b-dd39-4196-b964-8ab9f907299e@group-A722EB8C8BD1-SegmentedRaftLogWorker: created new log segment /workdir/hadoop-ozone/tools/target/test-dir/MiniOzoneClusterImpl-a69ba920-524d-43f7-a757-bb142e91f929/datanode-3/data/ratis/ecdc9782-a92b-454a-a301-a722eb8c8bd1/current/log_inprogress_0
2019-09-25 12:55:12,151 [890a050a-36b3-47fb-a6ed-f900cd3e56cf@group-8D62897A8688:LeaderElection25] INFO  impl.RoleInfo (RoleInfo.java:updateAndGet(143)) - 890a050a-36b3-47fb-a6ed-f900cd3e56cf: start LeaderState
2019-09-25 12:55:12,152 [d3ebfba2-1061-4a1b-b9ff-fcd56525b262@group-945A2DDF1451:LeaderElection24] INFO  impl.RoleInfo (RoleInfo.java:updateAndGet(143)) - d3ebfba2-1061-4a1b-b9ff-fcd56525b262: start LeaderState
2019-09-25 12:55:12,152 [890a050a-36b3-47fb-a6ed-f900cd3e56cf@group-8D62897A8688:LeaderElection25] INFO  segmented.SegmentedRaftLogWorker (SegmentedRaftLogWorker.java:startLogSegment(380)) - 890a050a-36b3-47fb-a6ed-f900cd3e56cf@group-8D62897A8688-SegmentedRaftLogWorker: Starting segment from index:0
2019-09-25 12:55:12,152 [d3ebfba2-1061-4a1b-b9ff-fcd56525b262@group-945A2DDF1451:LeaderElection24] INFO  segmented.SegmentedRaftLogWorker (SegmentedRaftLogWorker.java:startLogSegment(380)) - d3ebfba2-1061-4a1b-b9ff-fcd56525b262@group-945A2DDF1451-SegmentedRaftLogWorker: Starting segment from index:0
2019-09-25 12:55:12,153 [890a050a-36b3-47fb-a6ed-f900cd3e56cf@group-8D62897A8688:LeaderElection25] INFO  impl.RaftServerImpl (ServerState.java:setRaftConf(354)) - 890a050a-36b3-47fb-a6ed-f900cd3e56cf@group-8D62897A8688: set configuration 0: [890a050a-36b3-47fb-a6ed-f900cd3e56cf:192.168.151.73:39049], old=null at 0
2019-09-25 12:55:12,193 [9ab7590b-dd39-4196-b964-8ab9f907299e@group-9A87E53500FE-SegmentedRaftLogWorker] INFO  segmented.SegmentedRaftLogWorker (SegmentedRaftLogWorker.java:execute(569)) - 9ab7590b-dd39-4196-b964-8ab9f907299e@group-9A87E53500FE-SegmentedRaftLogWorker: created new log segment /workdir/hadoop-ozone/tools/target/test-dir/MiniOzoneClusterImpl-a69ba920-524d-43f7-a757-bb142e91f929/datanode-3/data/ratis/c401dff6-c436-40e5-9bc7-9a87e53500fe/current/log_inprogress_0
2019-09-25 12:55:12,193 [Thread-291] INFO  impl.FollowerState (FollowerState.java:run(106)) - d3ebfba2-1061-4a1b-b9ff-fcd56525b262:group-DE7C2BC3CF5C changes to CANDIDATE, lastRpcTime:5064, electionTimeout:5025ms
2019-09-25 12:55:12,193 [d3ebfba2-1061-4a1b-b9ff-fcd56525b262@group-945A2DDF1451:LeaderElection24] INFO  impl.RaftServerImpl (ServerState.java:setRaftConf(354)) - d3ebfba2-1061-4a1b-b9ff-fcd56525b262@group-945A2DDF1451: set configuration 0: [d3ebfba2-1061-4a1b-b9ff-fcd56525b262:192.168.151.73:41691], old=null at 0
2019-09-25 12:55:12,193 [Thread-291] INFO  impl.RoleInfo (RoleInfo.java:shutdownFollowerState(121)) - d3ebfba2-1061-4a1b-b9ff-fcd56525b262: shutdown FollowerState
2019-09-25 12:55:12,196 [Thread-291] INFO  impl.RaftServerImpl (RaftServerImpl.java:setRole(174)) - d3ebfba2-1061-4a1b-b9ff-fcd56525b262@group-DE7C2BC3CF5C: changes role from  FOLLOWER to CANDIDATE at term 0 for changeToCandidate
2019-09-25 12:55:12,196 [Thread-291] INFO  impl.RoleInfo (RoleInfo.java:updateAndGet(143)) - d3ebfba2-1061-4a1b-b9ff-fcd56525b262: start LeaderElection
2019-09-25 12:55:12,206 [d3ebfba2-1061-4a1b-b9ff-fcd56525b262@group-945A2DDF1451-SegmentedRaftLogWorker] INFO  segmented.SegmentedRaftLogWorker (SegmentedRaftLogWorker.java:execute(569)) - d3ebfba2-1061-4a1b-b9ff-fcd56525b262@group-945A2DDF1451-SegmentedRaftLogWorker: created new log segment /workdir/hadoop-ozone/tools/target/test-dir/MiniOzoneClusterImpl-a69ba920-524d-43f7-a757-bb142e91f929/datanode-2/data/ratis/965bf87a-475d-43fe-984c-945a2ddf1451/current/log_inprogress_0
2019-09-25 12:55:12,206 [890a050a-36b3-47fb-a6ed-f900cd3e56cf@group-8D62897A8688-SegmentedRaftLogWorker] INFO  segmented.SegmentedRaftLogWorker (SegmentedRaftLogWorker.java:execute(569)) - 890a050a-36b3-47fb-a6ed-f900cd3e56cf@group-8D62897A8688-SegmentedRaftLogWorker: created new log segment /workdir/hadoop-ozone/tools/target/test-dir/MiniOzoneClusterImpl-a69ba920-524d-43f7-a757-bb142e91f929/datanode-1/data/ratis/f8d0446c-0332-4b45-b7f0-8d62897a8688/current/log_inprogress_0
2019-09-25 12:55:12,206 [d3ebfba2-1061-4a1b-b9ff-fcd56525b262@group-DE7C2BC3CF5C:LeaderElection26] INFO  impl.LeaderElection (LeaderElection.java:askForVotes(182)) - d3ebfba2-1061-4a1b-b9ff-fcd56525b262@group-DE7C2BC3CF5C:LeaderElection26: begin an election at term 1 for -1: [d3ebfba2-1061-4a1b-b9ff-fcd56525b262:192.168.151.73:41691], old=null
2019-09-25 12:55:12,206 [d3ebfba2-1061-4a1b-b9ff-fcd56525b262@group-DE7C2BC3CF5C:LeaderElection26] INFO  impl.RoleInfo (RoleInfo.java:shutdownLeaderElection(134)) - d3ebfba2-1061-4a1b-b9ff-fcd56525b262: shutdown LeaderElection
2019-09-25 12:55:12,206 [d3ebfba2-1061-4a1b-b9ff-fcd56525b262@group-DE7C2BC3CF5C:LeaderElection26] INFO  impl.RaftServerImpl (RaftServerImpl.java:setRole(174)) - d3ebfba2-1061-4a1b-b9ff-fcd56525b262@group-DE7C2BC3CF5C: changes role from CANDIDATE to LEADER at term 1 for changeToLeader
2019-09-25 12:55:12,206 [d3ebfba2-1061-4a1b-b9ff-fcd56525b262@group-DE7C2BC3CF5C:LeaderElection26] INFO  impl.RaftServerImpl (ServerState.java:setLeader(253)) - d3ebfba2-1061-4a1b-b9ff-fcd56525b262@group-DE7C2BC3CF5C: change Leader from null to d3ebfba2-1061-4a1b-b9ff-fcd56525b262 at term 1 for becomeLeader, leader elected after 5086ms
2019-09-25 12:55:12,206 [d3ebfba2-1061-4a1b-b9ff-fcd56525b262@group-DE7C2BC3CF5C:LeaderElection26] INFO  server.RaftServerConfigKeys (ConfUtils.java:logGet(43)) - raft.server.staging.catchup.gap = 1000 (default)
2019-09-25 12:55:12,207 [d3ebfba2-1061-4a1b-b9ff-fcd56525b262@group-DE7C2BC3CF5C:LeaderElection26] INFO  server.RaftServerConfigKeys (ConfUtils.java:logGet(43)) - raft.server.rpc.sleep.time = 25ms (default)
2019-09-25 12:55:12,207 [d3ebfba2-1061-4a1b-b9ff-fcd56525b262@group-DE7C2BC3CF5C:LeaderElection26] INFO  server.RaftServerConfigKeys (ConfUtils.java:logGet(43)) - raft.server.write.element-limit = 4096 (default)
2019-09-25 12:55:12,207 [d3ebfba2-1061-4a1b-b9ff-fcd56525b262@group-DE7C2BC3CF5C:LeaderElection26] INFO  server.RaftServerConfigKeys (ConfUtils.java:logGet(43)) - raft.server.watch.timeout = 10s (default)
2019-09-25 12:55:12,207 [d3ebfba2-1061-4a1b-b9ff-fcd56525b262@group-DE7C2BC3CF5C:LeaderElection26] INFO  server.RaftServerConfigKeys (ConfUtils.java:logGet(43)) - raft.server.watch.timeout.denomination = 1s (default)
2019-09-25 12:55:12,207 [d3ebfba2-1061-4a1b-b9ff-fcd56525b262@group-DE7C2BC3CF5C:LeaderElection26] INFO  server.RaftServerConfigKeys (ConfUtils.java:logGet(43)) - raft.server.watch.element-limit = 65536 (default)
2019-09-25 12:55:12,210 [d3ebfba2-1061-4a1b-b9ff-fcd56525b262@group-DE7C2BC3CF5C:LeaderElection26] INFO  impl.RoleInfo (RoleInfo.java:updateAndGet(143)) - d3ebfba2-1061-4a1b-b9ff-fcd56525b262: start LeaderState
2019-09-25 12:55:12,211 [d3ebfba2-1061-4a1b-b9ff-fcd56525b262@group-DE7C2BC3CF5C:LeaderElection26] INFO  segmented.SegmentedRaftLogWorker (SegmentedRaftLogWorker.java:startLogSegment(380)) - d3ebfba2-1061-4a1b-b9ff-fcd56525b262@group-DE7C2BC3CF5C-SegmentedRaftLogWorker: Starting segment from index:0
2019-09-25 12:55:12,211 [d3ebfba2-1061-4a1b-b9ff-fcd56525b262@group-DE7C2BC3CF5C:LeaderElection26] INFO  impl.RaftServerImpl (ServerState.java:setRaftConf(354)) - d3ebfba2-1061-4a1b-b9ff-fcd56525b262@group-DE7C2BC3CF5C: set configuration 0: [d3ebfba2-1061-4a1b-b9ff-fcd56525b262:192.168.151.73:41691], old=null at 0
2019-09-25 12:55:12,269 [d3ebfba2-1061-4a1b-b9ff-fcd56525b262@group-DE7C2BC3CF5C-SegmentedRaftLogWorker] INFO  segmented.SegmentedRaftLogWorker (SegmentedRaftLogWorker.java:execute(569)) - d3ebfba2-1061-4a1b-b9ff-fcd56525b262@group-DE7C2BC3CF5C-SegmentedRaftLogWorker: created new log segment /workdir/hadoop-ozone/tools/target/test-dir/MiniOzoneClusterImpl-a69ba920-524d-43f7-a757-bb142e91f929/datanode-2/data/ratis/3f41f96d-9a85-4378-bd7f-de7c2bc3cf5c/current/log_inprogress_0
2019-09-25 12:55:12,300 [Thread-294] INFO  impl.FollowerState (FollowerState.java:run(106)) - 5c86796b-6b73-4de6-91b0-1a3ae4d4f66e:group-C09F54800192 changes to CANDIDATE, lastRpcTime:5073, electionTimeout:5073ms
2019-09-25 12:55:12,300 [Thread-294] INFO  impl.RoleInfo (RoleInfo.java:shutdownFollowerState(121)) - 5c86796b-6b73-4de6-91b0-1a3ae4d4f66e: shutdown FollowerState
2019-09-25 12:55:12,301 [Thread-294] INFO  impl.RaftServerImpl (RaftServerImpl.java:setRole(174)) - 5c86796b-6b73-4de6-91b0-1a3ae4d4f66e@group-C09F54800192: changes role from  FOLLOWER to CANDIDATE at term 0 for changeToCandidate
2019-09-25 12:55:12,301 [Thread-294] INFO  impl.RoleInfo (RoleInfo.java:updateAndGet(143)) - 5c86796b-6b73-4de6-91b0-1a3ae4d4f66e: start LeaderElection
2019-09-25 12:55:12,328 [5c86796b-6b73-4de6-91b0-1a3ae4d4f66e@group-C09F54800192:LeaderElection27] INFO  impl.LeaderElection (LeaderElection.java:askForVotes(182)) - 5c86796b-6b73-4de6-91b0-1a3ae4d4f66e@group-C09F54800192:LeaderElection27: begin an election at term 1 for -1: [5c86796b-6b73-4de6-91b0-1a3ae4d4f66e:192.168.151.73:42606], old=null
2019-09-25 12:55:12,328 [5c86796b-6b73-4de6-91b0-1a3ae4d4f66e@group-C09F54800192:LeaderElection27] INFO  impl.RoleInfo (RoleInfo.java:shutdownLeaderElection(134)) - 5c86796b-6b73-4de6-91b0-1a3ae4d4f66e: shutdown LeaderElection
2019-09-25 12:55:12,328 [5c86796b-6b73-4de6-91b0-1a3ae4d4f66e@group-C09F54800192:LeaderElection27] INFO  impl.RaftServerImpl (RaftServerImpl.java:setRole(174)) - 5c86796b-6b73-4de6-91b0-1a3ae4d4f66e@group-C09F54800192: changes role from CANDIDATE to LEADER at term 1 for changeToLeader
2019-09-25 12:55:12,328 [5c86796b-6b73-4de6-91b0-1a3ae4d4f66e@group-C09F54800192:LeaderElection27] INFO  impl.RaftServerImpl (ServerState.java:setLeader(253)) - 5c86796b-6b73-4de6-91b0-1a3ae4d4f66e@group-C09F54800192: change Leader from null to 5c86796b-6b73-4de6-91b0-1a3ae4d4f66e at term 1 for becomeLeader, leader elected after 5110ms
2019-09-25 12:55:12,329 [5c86796b-6b73-4de6-91b0-1a3ae4d4f66e@group-C09F54800192:LeaderElection27] INFO  server.RaftServerConfigKeys (ConfUtils.java:logGet(43)) - raft.server.staging.catchup.gap = 1000 (default)
2019-09-25 12:55:12,329 [5c86796b-6b73-4de6-91b0-1a3ae4d4f66e@group-C09F54800192:LeaderElection27] INFO  server.RaftServerConfigKeys (ConfUtils.java:logGet(43)) - raft.server.rpc.sleep.time = 25ms (default)
2019-09-25 12:55:12,329 [5c86796b-6b73-4de6-91b0-1a3ae4d4f66e@group-C09F54800192:LeaderElection27] INFO  server.RaftServerConfigKeys (ConfUtils.java:logGet(43)) - raft.server.write.element-limit = 4096 (default)
2019-09-25 12:55:12,329 [5c86796b-6b73-4de6-91b0-1a3ae4d4f66e@group-C09F54800192:LeaderElection27] INFO  server.RaftServerConfigKeys (ConfUtils.java:logGet(43)) - raft.server.watch.timeout = 10s (default)
2019-09-25 12:55:12,329 [5c86796b-6b73-4de6-91b0-1a3ae4d4f66e@group-C09F54800192:LeaderElection27] INFO  server.RaftServerConfigKeys (ConfUtils.java:logGet(43)) - raft.server.watch.timeout.denomination = 1s (default)
2019-09-25 12:55:12,330 [5c86796b-6b73-4de6-91b0-1a3ae4d4f66e@group-C09F54800192:LeaderElection27] INFO  server.RaftServerConfigKeys (ConfUtils.java:logGet(43)) - raft.server.watch.element-limit = 65536 (default)
2019-09-25 12:55:12,333 [5c86796b-6b73-4de6-91b0-1a3ae4d4f66e@group-C09F54800192:LeaderElection27] INFO  impl.RoleInfo (RoleInfo.java:updateAndGet(143)) - 5c86796b-6b73-4de6-91b0-1a3ae4d4f66e: start LeaderState
2019-09-25 12:55:12,333 [5c86796b-6b73-4de6-91b0-1a3ae4d4f66e@group-C09F54800192:LeaderElection27] INFO  segmented.SegmentedRaftLogWorker (SegmentedRaftLogWorker.java:startLogSegment(380)) - 5c86796b-6b73-4de6-91b0-1a3ae4d4f66e@group-C09F54800192-SegmentedRaftLogWorker: Starting segment from index:0
2019-09-25 12:55:12,334 [5c86796b-6b73-4de6-91b0-1a3ae4d4f66e@group-C09F54800192:LeaderElection27] INFO  impl.RaftServerImpl (ServerState.java:setRaftConf(354)) - 5c86796b-6b73-4de6-91b0-1a3ae4d4f66e@group-C09F54800192: set configuration 0: [5c86796b-6b73-4de6-91b0-1a3ae4d4f66e:192.168.151.73:42606], old=null at 0
 0.00% |█                                                                                                    |  0/1 Time: 0:00:022019-09-25 12:55:12,393 [5c86796b-6b73-4de6-91b0-1a3ae4d4f66e@group-C09F54800192-SegmentedRaftLogWorker] INFO  segmented.SegmentedRaftLogWorker (SegmentedRaftLogWorker.java:execute(569)) - 5c86796b-6b73-4de6-91b0-1a3ae4d4f66e@group-C09F54800192-SegmentedRaftLogWorker: created new log segment /workdir/hadoop-ozone/tools/target/test-dir/MiniOzoneClusterImpl-a69ba920-524d-43f7-a757-bb142e91f929/datanode-0/data/ratis/c111c90f-e6f0-4310-be47-c09f54800192/current/log_inprogress_0
2019-09-25 12:55:12,491 [Thread-300] INFO  impl.FollowerState (FollowerState.java:run(106)) - 5c86796b-6b73-4de6-91b0-1a3ae4d4f66e:group-3BF0A0D9767E changes to CANDIDATE, lastRpcTime:5085, electionTimeout:5085ms
2019-09-25 12:55:12,491 [Thread-300] INFO  impl.RoleInfo (RoleInfo.java:shutdownFollowerState(121)) - 5c86796b-6b73-4de6-91b0-1a3ae4d4f66e: shutdown FollowerState
2019-09-25 12:55:12,491 [Thread-300] INFO  impl.RaftServerImpl (RaftServerImpl.java:setRole(174)) - 5c86796b-6b73-4de6-91b0-1a3ae4d4f66e@group-3BF0A0D9767E: changes role from  FOLLOWER to CANDIDATE at term 0 for changeToCandidate
2019-09-25 12:55:12,491 [Thread-300] INFO  impl.RoleInfo (RoleInfo.java:updateAndGet(143)) - 5c86796b-6b73-4de6-91b0-1a3ae4d4f66e: start LeaderElection
2019-09-25 12:55:12,498 [Thread-297] INFO  impl.FollowerState (FollowerState.java:run(106)) - d3ebfba2-1061-4a1b-b9ff-fcd56525b262:group-CD9478E3DAE1 changes to CANDIDATE, lastRpcTime:5186, electionTimeout:5186ms
2019-09-25 12:55:12,498 [Thread-297] INFO  impl.RoleInfo (RoleInfo.java:shutdownFollowerState(121)) - d3ebfba2-1061-4a1b-b9ff-fcd56525b262: shutdown FollowerState
2019-09-25 12:55:12,498 [Thread-297] INFO  impl.RaftServerImpl (RaftServerImpl.java:setRole(174)) - d3ebfba2-1061-4a1b-b9ff-fcd56525b262@group-CD9478E3DAE1: changes role from  FOLLOWER to CANDIDATE at term 0 for changeToCandidate
2019-09-25 12:55:12,498 [Thread-297] INFO  impl.RoleInfo (RoleInfo.java:updateAndGet(143)) - d3ebfba2-1061-4a1b-b9ff-fcd56525b262: start LeaderElection
2019-09-25 12:55:12,523 [5c86796b-6b73-4de6-91b0-1a3ae4d4f66e@group-3BF0A0D9767E:LeaderElection28] INFO  impl.LeaderElection (LeaderElection.java:askForVotes(182)) - 5c86796b-6b73-4de6-91b0-1a3ae4d4f66e@group-3BF0A0D9767E:LeaderElection28: begin an election at term 1 for -1: [5c86796b-6b73-4de6-91b0-1a3ae4d4f66e:192.168.151.73:42606], old=null
2019-09-25 12:55:12,523 [d3ebfba2-1061-4a1b-b9ff-fcd56525b262@group-CD9478E3DAE1:LeaderElection29] INFO  impl.LeaderElection (LeaderElection.java:askForVotes(182)) - d3ebfba2-1061-4a1b-b9ff-fcd56525b262@group-CD9478E3DAE1:LeaderElection29: begin an election at term 1 for -1: [d3ebfba2-1061-4a1b-b9ff-fcd56525b262:192.168.151.73:41691], old=null
2019-09-25 12:55:12,523 [5c86796b-6b73-4de6-91b0-1a3ae4d4f66e@group-3BF0A0D9767E:LeaderElection28] INFO  impl.RoleInfo (RoleInfo.java:shutdownLeaderElection(134)) - 5c86796b-6b73-4de6-91b0-1a3ae4d4f66e: shutdown LeaderElection
2019-09-25 12:55:12,524 [d3ebfba2-1061-4a1b-b9ff-fcd56525b262@group-CD9478E3DAE1:LeaderElection29] INFO  impl.RoleInfo (RoleInfo.java:shutdownLeaderElection(134)) - d3ebfba2-1061-4a1b-b9ff-fcd56525b262: shutdown LeaderElection
2019-09-25 12:55:12,524 [5c86796b-6b73-4de6-91b0-1a3ae4d4f66e@group-3BF0A0D9767E:LeaderElection28] INFO  impl.RaftServerImpl (RaftServerImpl.java:setRole(174)) - 5c86796b-6b73-4de6-91b0-1a3ae4d4f66e@group-3BF0A0D9767E: changes role from CANDIDATE to LEADER at term 1 for changeToLeader
2019-09-25 12:55:12,524 [d3ebfba2-1061-4a1b-b9ff-fcd56525b262@group-CD9478E3DAE1:LeaderElection29] INFO  impl.RaftServerImpl (RaftServerImpl.java:setRole(174)) - d3ebfba2-1061-4a1b-b9ff-fcd56525b262@group-CD9478E3DAE1: changes role from CANDIDATE to LEADER at term 1 for changeToLeader
2019-09-25 12:55:12,524 [5c86796b-6b73-4de6-91b0-1a3ae4d4f66e@group-3BF0A0D9767E:LeaderElection28] INFO  impl.RaftServerImpl (ServerState.java:setLeader(253)) - 5c86796b-6b73-4de6-91b0-1a3ae4d4f66e@group-3BF0A0D9767E: change Leader from null to 5c86796b-6b73-4de6-91b0-1a3ae4d4f66e at term 1 for becomeLeader, leader elected after 5127ms
2019-09-25 12:55:12,524 [d3ebfba2-1061-4a1b-b9ff-fcd56525b262@group-CD9478E3DAE1:LeaderElection29] INFO  impl.RaftServerImpl (ServerState.java:setLeader(253)) - d3ebfba2-1061-4a1b-b9ff-fcd56525b262@group-CD9478E3DAE1: change Leader from null to d3ebfba2-1061-4a1b-b9ff-fcd56525b262 at term 1 for becomeLeader, leader elected after 5221ms
2019-09-25 12:55:12,524 [5c86796b-6b73-4de6-91b0-1a3ae4d4f66e@group-3BF0A0D9767E:LeaderElection28] INFO  server.RaftServerConfigKeys (ConfUtils.java:logGet(43)) - raft.server.staging.catchup.gap = 1000 (default)
2019-09-25 12:55:12,524 [d3ebfba2-1061-4a1b-b9ff-fcd56525b262@group-CD9478E3DAE1:LeaderElection29] INFO  server.RaftServerConfigKeys (ConfUtils.java:logGet(43)) - raft.server.staging.catchup.gap = 1000 (default)
2019-09-25 12:55:12,524 [5c86796b-6b73-4de6-91b0-1a3ae4d4f66e@group-3BF0A0D9767E:LeaderElection28] INFO  server.RaftServerConfigKeys (ConfUtils.java:logGet(43)) - raft.server.rpc.sleep.time = 25ms (default)
2019-09-25 12:55:12,525 [d3ebfba2-1061-4a1b-b9ff-fcd56525b262@group-CD9478E3DAE1:LeaderElection29] INFO  server.RaftServerConfigKeys (ConfUtils.java:logGet(43)) - raft.server.rpc.sleep.time = 25ms (default)
2019-09-25 12:55:12,525 [5c86796b-6b73-4de6-91b0-1a3ae4d4f66e@group-3BF0A0D9767E:LeaderElection28] INFO  server.RaftServerConfigKeys (ConfUtils.java:logGet(43)) - raft.server.write.element-limit = 4096 (default)
2019-09-25 12:55:12,525 [d3ebfba2-1061-4a1b-b9ff-fcd56525b262@group-CD9478E3DAE1:LeaderElection29] INFO  server.RaftServerConfigKeys (ConfUtils.java:logGet(43)) - raft.server.write.element-limit = 4096 (default)
2019-09-25 12:55:12,525 [5c86796b-6b73-4de6-91b0-1a3ae4d4f66e@group-3BF0A0D9767E:LeaderElection28] INFO  server.RaftServerConfigKeys (ConfUtils.java:logGet(43)) - raft.server.watch.timeout = 10s (default)
2019-09-25 12:55:12,525 [d3ebfba2-1061-4a1b-b9ff-fcd56525b262@group-CD9478E3DAE1:LeaderElection29] INFO  server.RaftServerConfigKeys (ConfUtils.java:logGet(43)) - raft.server.watch.timeout = 10s (default)
2019-09-25 12:55:12,525 [5c86796b-6b73-4de6-91b0-1a3ae4d4f66e@group-3BF0A0D9767E:LeaderElection28] INFO  server.RaftServerConfigKeys (ConfUtils.java:logGet(43)) - raft.server.watch.timeout.denomination = 1s (default)
2019-09-25 12:55:12,525 [d3ebfba2-1061-4a1b-b9ff-fcd56525b262@group-CD9478E3DAE1:LeaderElection29] INFO  server.RaftServerConfigKeys (ConfUtils.java:logGet(43)) - raft.server.watch.timeout.denomination = 1s (default)
2019-09-25 12:55:12,525 [5c86796b-6b73-4de6-91b0-1a3ae4d4f66e@group-3BF0A0D9767E:LeaderElection28] INFO  server.RaftServerConfigKeys (ConfUtils.java:logGet(43)) - raft.server.watch.element-limit = 65536 (default)
2019-09-25 12:55:12,526 [d3ebfba2-1061-4a1b-b9ff-fcd56525b262@group-CD9478E3DAE1:LeaderElection29] INFO  server.RaftServerConfigKeys (ConfUtils.java:logGet(43)) - raft.server.watch.element-limit = 65536 (default)
2019-09-25 12:55:12,529 [5c86796b-6b73-4de6-91b0-1a3ae4d4f66e@group-3BF0A0D9767E:LeaderElection28] INFO  impl.RoleInfo (RoleInfo.java:updateAndGet(143)) - 5c86796b-6b73-4de6-91b0-1a3ae4d4f66e: start LeaderState
2019-09-25 12:55:12,529 [5c86796b-6b73-4de6-91b0-1a3ae4d4f66e@group-3BF0A0D9767E:LeaderElection28] INFO  segmented.SegmentedRaftLogWorker (SegmentedRaftLogWorker.java:startLogSegment(380)) - 5c86796b-6b73-4de6-91b0-1a3ae4d4f66e@group-3BF0A0D9767E-SegmentedRaftLogWorker: Starting segment from index:0
2019-09-25 12:55:12,529 [d3ebfba2-1061-4a1b-b9ff-fcd56525b262@group-CD9478E3DAE1:LeaderElection29] INFO  impl.RoleInfo (RoleInfo.java:updateAndGet(143)) - d3ebfba2-1061-4a1b-b9ff-fcd56525b262: start LeaderState
2019-09-25 12:55:12,529 [d3ebfba2-1061-4a1b-b9ff-fcd56525b262@group-CD9478E3DAE1:LeaderElection29] INFO  segmented.SegmentedRaftLogWorker (SegmentedRaftLogWorker.java:startLogSegment(380)) - d3ebfba2-1061-4a1b-b9ff-fcd56525b262@group-CD9478E3DAE1-SegmentedRaftLogWorker: Starting segment from index:0
2019-09-25 12:55:12,529 [5c86796b-6b73-4de6-91b0-1a3ae4d4f66e@group-3BF0A0D9767E:LeaderElection28] INFO  impl.RaftServerImpl (ServerState.java:setRaftConf(354)) - 5c86796b-6b73-4de6-91b0-1a3ae4d4f66e@group-3BF0A0D9767E: set configuration 0: [5c86796b-6b73-4de6-91b0-1a3ae4d4f66e:192.168.151.73:42606], old=null at 0
2019-09-25 12:55:12,566 [d3ebfba2-1061-4a1b-b9ff-fcd56525b262@group-CD9478E3DAE1:LeaderElection29] INFO  impl.RaftServerImpl (ServerState.java:setRaftConf(354)) - d3ebfba2-1061-4a1b-b9ff-fcd56525b262@group-CD9478E3DAE1: set configuration 0: [d3ebfba2-1061-4a1b-b9ff-fcd56525b262:192.168.151.73:41691], old=null at 0
2019-09-25 12:55:12,604 [Thread-303] INFO  impl.FollowerState (FollowerState.java:run(106)) - 5c86796b-6b73-4de6-91b0-1a3ae4d4f66e:group-04682C3B78BB changes to CANDIDATE, lastRpcTime:5114, electionTimeout:5111ms
2019-09-25 12:55:12,604 [5c86796b-6b73-4de6-91b0-1a3ae4d4f66e@group-3BF0A0D9767E-SegmentedRaftLogWorker] INFO  segmented.SegmentedRaftLogWorker (SegmentedRaftLogWorker.java:execute(569)) - 5c86796b-6b73-4de6-91b0-1a3ae4d4f66e@group-3BF0A0D9767E-SegmentedRaftLogWorker: created new log segment /workdir/hadoop-ozone/tools/target/test-dir/MiniOzoneClusterImpl-a69ba920-524d-43f7-a757-bb142e91f929/datanode-0/data/ratis/87cc2e14-b258-41fe-9586-3bf0a0d9767e/current/log_inprogress_0
2019-09-25 12:55:12,605 [Thread-303] INFO  impl.RoleInfo (RoleInfo.java:shutdownFollowerState(121)) - 5c86796b-6b73-4de6-91b0-1a3ae4d4f66e: shutdown FollowerState
2019-09-25 12:55:12,605 [Thread-303] INFO  impl.RaftServerImpl (RaftServerImpl.java:setRole(174)) - 5c86796b-6b73-4de6-91b0-1a3ae4d4f66e@group-04682C3B78BB: changes role from  FOLLOWER to CANDIDATE at term 0 for changeToCandidate
2019-09-25 12:55:12,605 [Thread-303] INFO  impl.RoleInfo (RoleInfo.java:updateAndGet(143)) - 5c86796b-6b73-4de6-91b0-1a3ae4d4f66e: start LeaderElection
2019-09-25 12:55:12,610 [d3ebfba2-1061-4a1b-b9ff-fcd56525b262@group-CD9478E3DAE1-SegmentedRaftLogWorker] INFO  segmented.SegmentedRaftLogWorker (SegmentedRaftLogWorker.java:execute(569)) - d3ebfba2-1061-4a1b-b9ff-fcd56525b262@group-CD9478E3DAE1-SegmentedRaftLogWorker: created new log segment /workdir/hadoop-ozone/tools/target/test-dir/MiniOzoneClusterImpl-a69ba920-524d-43f7-a757-bb142e91f929/datanode-2/data/ratis/f92c0a0a-07c1-4f8d-9550-cd9478e3dae1/current/log_inprogress_0
2019-09-25 12:55:12,622 [5c86796b-6b73-4de6-91b0-1a3ae4d4f66e@group-04682C3B78BB:LeaderElection30] INFO  impl.LeaderElection (LeaderElection.java:askForVotes(182)) - 5c86796b-6b73-4de6-91b0-1a3ae4d4f66e@group-04682C3B78BB:LeaderElection30: begin an election at term 1 for -1: [5c86796b-6b73-4de6-91b0-1a3ae4d4f66e:192.168.151.73:42606], old=null
2019-09-25 12:55:12,623 [5c86796b-6b73-4de6-91b0-1a3ae4d4f66e@group-04682C3B78BB:LeaderElection30] INFO  impl.RoleInfo (RoleInfo.java:shutdownLeaderElection(134)) - 5c86796b-6b73-4de6-91b0-1a3ae4d4f66e: shutdown LeaderElection
2019-09-25 12:55:12,623 [5c86796b-6b73-4de6-91b0-1a3ae4d4f66e@group-04682C3B78BB:LeaderElection30] INFO  impl.RaftServerImpl (RaftServerImpl.java:setRole(174)) - 5c86796b-6b73-4de6-91b0-1a3ae4d4f66e@group-04682C3B78BB: changes role from CANDIDATE to LEADER at term 1 for changeToLeader
2019-09-25 12:55:12,623 [5c86796b-6b73-4de6-91b0-1a3ae4d4f66e@group-04682C3B78BB:LeaderElection30] INFO  impl.RaftServerImpl (ServerState.java:setLeader(253)) - 5c86796b-6b73-4de6-91b0-1a3ae4d4f66e@group-04682C3B78BB: change Leader from null to 5c86796b-6b73-4de6-91b0-1a3ae4d4f66e at term 1 for becomeLeader, leader elected after 5142ms
2019-09-25 12:55:12,623 [5c86796b-6b73-4de6-91b0-1a3ae4d4f66e@group-04682C3B78BB:LeaderElection30] INFO  server.RaftServerConfigKeys (ConfUtils.java:logGet(43)) - raft.server.staging.catchup.gap = 1000 (default)
2019-09-25 12:55:12,623 [5c86796b-6b73-4de6-91b0-1a3ae4d4f66e@group-04682C3B78BB:LeaderElection30] INFO  server.RaftServerConfigKeys (ConfUtils.java:logGet(43)) - raft.server.rpc.sleep.time = 25ms (default)
2019-09-25 12:55:12,623 [5c86796b-6b73-4de6-91b0-1a3ae4d4f66e@group-04682C3B78BB:LeaderElection30] INFO  server.RaftServerConfigKeys (ConfUtils.java:logGet(43)) - raft.server.write.element-limit = 4096 (default)
2019-09-25 12:55:12,624 [5c86796b-6b73-4de6-91b0-1a3ae4d4f66e@group-04682C3B78BB:LeaderElection30] INFO  server.RaftServerConfigKeys (ConfUtils.java:logGet(43)) - raft.server.watch.timeout = 10s (default)
2019-09-25 12:55:12,624 [5c86796b-6b73-4de6-91b0-1a3ae4d4f66e@group-04682C3B78BB:LeaderElection30] INFO  server.RaftServerConfigKeys (ConfUtils.java:logGet(43)) - raft.server.watch.timeout.denomination = 1s (default)
2019-09-25 12:55:12,624 [5c86796b-6b73-4de6-91b0-1a3ae4d4f66e@group-04682C3B78BB:LeaderElection30] INFO  server.RaftServerConfigKeys (ConfUtils.java:logGet(43)) - raft.server.watch.element-limit = 65536 (default)
2019-09-25 12:55:12,627 [5c86796b-6b73-4de6-91b0-1a3ae4d4f66e@group-04682C3B78BB:LeaderElection30] INFO  impl.RoleInfo (RoleInfo.java:updateAndGet(143)) - 5c86796b-6b73-4de6-91b0-1a3ae4d4f66e: start LeaderState
2019-09-25 12:55:12,627 [5c86796b-6b73-4de6-91b0-1a3ae4d4f66e@group-04682C3B78BB:LeaderElection30] INFO  segmented.SegmentedRaftLogWorker (SegmentedRaftLogWorker.java:startLogSegment(380)) - 5c86796b-6b73-4de6-91b0-1a3ae4d4f66e@group-04682C3B78BB-SegmentedRaftLogWorker: Starting segment from index:0
2019-09-25 12:55:12,628 [5c86796b-6b73-4de6-91b0-1a3ae4d4f66e@group-04682C3B78BB:LeaderElection30] INFO  impl.RaftServerImpl (ServerState.java:setRaftConf(354)) - 5c86796b-6b73-4de6-91b0-1a3ae4d4f66e@group-04682C3B78BB: set configuration 0: [5c86796b-6b73-4de6-91b0-1a3ae4d4f66e:192.168.151.73:42606], old=null at 0
2019-09-25 12:55:12,686 [5c86796b-6b73-4de6-91b0-1a3ae4d4f66e@group-04682C3B78BB-SegmentedRaftLogWorker] INFO  segmented.SegmentedRaftLogWorker (SegmentedRaftLogWorker.java:execute(569)) - 5c86796b-6b73-4de6-91b0-1a3ae4d4f66e@group-04682C3B78BB-SegmentedRaftLogWorker: created new log segment /workdir/hadoop-ozone/tools/target/test-dir/MiniOzoneClusterImpl-a69ba920-524d-43f7-a757-bb142e91f929/datanode-0/data/ratis/b708000b-f540-4ed8-8a2e-04682c3b78bb/current/log_inprogress_0
 0.00% |█                                                                                                    |  0/1 Time: 0:00:03 0.00% |█                                                                                                    |  0/1 Time: 0:00:04 100.00% |█████████████████████████████████████████████████████████████████████████████████████████████████████|  1/1 Time: 0:00:05
]]></system-out>
  </testcase>
</testsuite>