<?xml version="1.0" encoding="UTF-8"?>
<testsuite xmlns:xsi="http://www.w3.org/2001/XMLSchema-instance" xsi:noNamespaceSchemaLocation="https://maven.apache.org/surefire/maven-surefire-plugin/xsd/surefire-test-report.xsd" name="org.apache.hadoop.ozone.client.rpc.TestBlockOutputStreamWithFailures" time="750.439" tests="8" errors="1" skipped="0" failures="1">
  <properties>
    <property name="awt.toolkit" value="sun.awt.X11.XToolkit"/>
    <property name="file.encoding.pkg" value="sun.io"/>
    <property name="java.specification.version" value="1.8"/>
    <property name="sun.cpu.isalist" value=""/>
    <property name="sun.jnu.encoding" value="UTF-8"/>
    <property name="java.class.path" value="/workdir/hadoop-ozone/integration-test/target/test-classes:/workdir/hadoop-ozone/integration-test/target/classes:/home/user/.m2/repository/org/apache/hadoop/hadoop-ozone-common/0.5.0-SNAPSHOT/hadoop-ozone-common-0.5.0-SNAPSHOT.jar:/home/user/.m2/repository/org/apache/commons/commons-compress/1.4.1/commons-compress-1.4.1.jar:/home/user/.m2/repository/org/tukaani/xz/1.0/xz-1.0.jar:/home/user/.m2/repository/org/apache/hadoop/hadoop-common/3.2.0/hadoop-common-3.2.0.jar:/home/user/.m2/repository/org/apache/hadoop/hadoop-hdfs/3.2.0/hadoop-hdfs-3.2.0.jar:/home/user/.m2/repository/org/apache/hadoop/hadoop-hdfs-client/3.2.0/hadoop-hdfs-client-3.2.0.jar:/home/user/.m2/repository/com/fasterxml/jackson/core/jackson-annotations/2.9.5/jackson-annotations-2.9.5.jar:/home/user/.m2/repository/org/apache/hadoop/hadoop-hdds-common/0.5.0-SNAPSHOT/hadoop-hdds-common-0.5.0-SNAPSHOT.jar:/home/user/.m2/repository/javax/annotation/javax.annotation-api/1.2/javax.annotation-api-1.2.jar:/home/user/.m2/repository/org/apache/ratis/ratis-server/0.4.0-2337318-SNAPSHOT/ratis-server-0.4.0-2337318-SNAPSHOT.jar:/home/user/.m2/repository/org/apache/ratis/ratis-thirdparty-misc/0.2.0/ratis-thirdparty-misc-0.2.0.jar:/home/user/.m2/repository/org/apache/ratis/ratis-proto/0.4.0-2337318-SNAPSHOT/ratis-proto-0.4.0-2337318-SNAPSHOT.jar:/home/user/.m2/repository/org/apache/ratis/ratis-common/0.4.0-2337318-SNAPSHOT/ratis-common-0.4.0-2337318-SNAPSHOT.jar:/home/user/.m2/repository/org/apache/ratis/ratis-client/0.4.0-2337318-SNAPSHOT/ratis-client-0.4.0-2337318-SNAPSHOT.jar:/home/user/.m2/repository/org/apache/ratis/ratis-metrics/0.4.0-2337318-SNAPSHOT/ratis-metrics-0.4.0-2337318-SNAPSHOT.jar:/home/user/.m2/repository/org/apache/ratis/ratis-netty/0.4.0-2337318-SNAPSHOT/ratis-netty-0.4.0-2337318-SNAPSHOT.jar:/home/user/.m2/repository/org/apache/ratis/ratis-grpc/0.4.0-2337318-SNAPSHOT/ratis-grpc-0.4.0-2337318-SNAPSHOT.jar:/home/user/.m2/repository/org/rocksdb/rocksdbjni/6.0.1/rocksdbjni-6.0.1.jar:/home/user/.m2/repository/org/apache/logging/log4j/log4j-api/2.11.0/log4j-api-2.11.0.jar:/home/user/.m2/repository/org/apache/logging/log4j/log4j-core/2.11.0/log4j-core-2.11.0.jar:/home/user/.m2/repository/com/lmax/disruptor/3.4.2/disruptor-3.4.2.jar:/home/user/.m2/repository/org/apache/commons/commons-pool2/2.6.0/commons-pool2-2.6.0.jar:/home/user/.m2/repository/org/bouncycastle/bcpkix-jdk15on/1.60/bcpkix-jdk15on-1.60.jar:/home/user/.m2/repository/commons-validator/commons-validator/1.6/commons-validator-1.6.jar:/home/user/.m2/repository/commons-digester/commons-digester/1.8.1/commons-digester-1.8.1.jar:/home/user/.m2/repository/io/jaegertracing/jaeger-client/0.33.1/jaeger-client-0.33.1.jar:/home/user/.m2/repository/io/jaegertracing/jaeger-thrift/0.33.1/jaeger-thrift-0.33.1.jar:/home/user/.m2/repository/org/apache/thrift/libthrift/0.11.0/libthrift-0.11.0.jar:/home/user/.m2/repository/com/squareup/okhttp3/okhttp/3.9.0/okhttp-3.9.0.jar:/home/user/.m2/repository/com/squareup/okio/okio/1.13.0/okio-1.13.0.jar:/home/user/.m2/repository/io/jaegertracing/jaeger-core/0.33.1/jaeger-core-0.33.1.jar:/home/user/.m2/repository/io/jaegertracing/jaeger-tracerresolver/0.33.1/jaeger-tracerresolver-0.33.1.jar:/home/user/.m2/repository/io/opentracing/contrib/opentracing-tracerresolver/0.1.5/opentracing-tracerresolver-0.1.5.jar:/home/user/.m2/repository/io/opentracing/opentracing-util/0.31.0/opentracing-util-0.31.0.jar:/home/user/.m2/repository/io/opentracing/opentracing-api/0.31.0/opentracing-api-0.31.0.jar:/home/user/.m2/repository/io/opentracing/opentracing-noop/0.31.0/opentracing-noop-0.31.0.jar:/home/user/.m2/repository/org/apache/hadoop/hadoop-hdds-server-framework/0.5.0-SNAPSHOT/hadoop-hdds-server-framework-0.5.0-SNAPSHOT.jar:/home/user/.m2/repository/org/apache/hadoop/hadoop-hdds-container-service/0.5.0-SNAPSHOT/hadoop-hdds-container-service-0.5.0-SNAPSHOT.jar:/home/user/.m2/repository/org/apache/hadoop/hadoop-hdds-client/0.5.0-SNAPSHOT/hadoop-hdds-client-0.5.0-SNAPSHOT.jar:/home/user/.m2/repository/org/apache/hadoop/hadoop-hdds-tools/0.5.0-SNAPSHOT/hadoop-hdds-tools-0.5.0-SNAPSHOT.jar:/home/user/.m2/repository/org/apache/hadoop/hadoop-hdds-server-scm/0.5.0-SNAPSHOT/hadoop-hdds-server-scm-0.5.0-SNAPSHOT.jar:/home/user/.m2/repository/org/apache/hadoop/hadoop-hdds-docs/0.5.0-SNAPSHOT/hadoop-hdds-docs-0.5.0-SNAPSHOT.jar:/home/user/.m2/repository/io/dropwizard/metrics/metrics-core/3.2.4/metrics-core-3.2.4.jar:/home/user/.m2/repository/org/hamcrest/hamcrest-all/1.3/hamcrest-all-1.3.jar:/home/user/.m2/repository/org/bouncycastle/bcprov-jdk15on/1.60/bcprov-jdk15on-1.60.jar:/home/user/.m2/repository/info/picocli/picocli/3.9.6/picocli-3.9.6.jar:/home/user/.m2/repository/com/google/protobuf/protobuf-java/2.5.0/protobuf-java-2.5.0.jar:/home/user/.m2/repository/com/google/guava/guava/11.0.2/guava-11.0.2.jar:/home/user/.m2/repository/org/apache/hadoop/hadoop-ozone-ozone-manager/0.5.0-SNAPSHOT/hadoop-ozone-ozone-manager-0.5.0-SNAPSHOT.jar:/home/user/.m2/repository/org/apache/hadoop/hadoop-minikdc/3.2.0/hadoop-minikdc-3.2.0.jar:/home/user/.m2/repository/commons-io/commons-io/2.5/commons-io-2.5.jar:/home/user/.m2/repository/org/apache/kerby/kerb-simplekdc/1.0.1/kerb-simplekdc-1.0.1.jar:/home/user/.m2/repository/org/apache/kerby/kerb-client/1.0.1/kerb-client-1.0.1.jar:/home/user/.m2/repository/org/apache/kerby/kerby-config/1.0.1/kerby-config-1.0.1.jar:/home/user/.m2/repository/org/apache/kerby/kerb-core/1.0.1/kerb-core-1.0.1.jar:/home/user/.m2/repository/org/apache/kerby/kerby-pkix/1.0.1/kerby-pkix-1.0.1.jar:/home/user/.m2/repository/org/apache/kerby/kerby-asn1/1.0.1/kerby-asn1-1.0.1.jar:/home/user/.m2/repository/org/apache/kerby/kerby-util/1.0.1/kerby-util-1.0.1.jar:/home/user/.m2/repository/org/apache/kerby/kerb-common/1.0.1/kerb-common-1.0.1.jar:/home/user/.m2/repository/org/apache/kerby/kerb-crypto/1.0.1/kerb-crypto-1.0.1.jar:/home/user/.m2/repository/org/apache/kerby/kerb-util/1.0.1/kerb-util-1.0.1.jar:/home/user/.m2/repository/org/apache/kerby/token-provider/1.0.1/token-provider-1.0.1.jar:/home/user/.m2/repository/org/apache/kerby/kerb-admin/1.0.1/kerb-admin-1.0.1.jar:/home/user/.m2/repository/org/apache/kerby/kerb-server/1.0.1/kerb-server-1.0.1.jar:/home/user/.m2/repository/org/apache/kerby/kerb-identity/1.0.1/kerb-identity-1.0.1.jar:/home/user/.m2/repository/org/apache/kerby/kerby-xdr/1.0.1/kerby-xdr-1.0.1.jar:/home/user/.m2/repository/org/slf4j/slf4j-log4j12/1.7.25/slf4j-log4j12-1.7.25.jar:/home/user/.m2/repository/org/apache/hadoop/hadoop-ozone-objectstore-service/0.5.0-SNAPSHOT/hadoop-ozone-objectstore-service-0.5.0-SNAPSHOT.jar:/home/user/.m2/repository/org/apache/hadoop/hadoop-ozone-s3gateway/0.5.0-SNAPSHOT/hadoop-ozone-s3gateway-0.5.0-SNAPSHOT.jar:/home/user/.m2/repository/org/jboss/weld/servlet/weld-servlet/2.4.7.Final/weld-servlet-2.4.7.Final.jar:/home/user/.m2/repository/org/glassfish/jersey/containers/jersey-container-servlet-core/2.27/jersey-container-servlet-core-2.27.jar:/home/user/.m2/repository/org/glassfish/hk2/external/javax.inject/2.5.0-b42/javax.inject-2.5.0-b42.jar:/home/user/.m2/repository/org/glassfish/jersey/core/jersey-common/2.27/jersey-common-2.27.jar:/home/user/.m2/repository/org/glassfish/hk2/osgi-resource-locator/1.0.1/osgi-resource-locator-1.0.1.jar:/home/user/.m2/repository/javax/ws/rs/javax.ws.rs-api/2.1/javax.ws.rs-api-2.1.jar:/home/user/.m2/repository/org/glassfish/jersey/ext/cdi/jersey-cdi1x/2.27/jersey-cdi1x-2.27.jar:/home/user/.m2/repository/org/glassfish/jersey/inject/jersey-hk2/2.27/jersey-hk2-2.27.jar:/home/user/.m2/repository/org/glassfish/hk2/hk2-locator/2.5.0-b42/hk2-locator-2.5.0-b42.jar:/home/user/.m2/repository/org/javassist/javassist/3.22.0-CR2/javassist-3.22.0-CR2.jar:/home/user/.m2/repository/org/glassfish/hk2/hk2-api/2.5.0/hk2-api-2.5.0.jar:/home/user/.m2/repository/org/glassfish/hk2/external/jakarta.inject/2.5.0/jakarta.inject-2.5.0.jar:/home/user/.m2/repository/org/glassfish/hk2/hk2-utils/2.5.0/hk2-utils-2.5.0.jar:/home/user/.m2/repository/jakarta/annotation/jakarta.annotation-api/1.3.4/jakarta.annotation-api-1.3.4.jar:/home/user/.m2/repository/org/glassfish/hk2/external/aopalliance-repackaged/2.5.0/aopalliance-repackaged-2.5.0.jar:/home/user/.m2/repository/com/fasterxml/jackson/dataformat/jackson-dataformat-xml/2.9.0/jackson-dataformat-xml-2.9.0.jar:/home/user/.m2/repository/com/fasterxml/jackson/core/jackson-core/2.9.5/jackson-core-2.9.5.jar:/home/user/.m2/repository/com/fasterxml/jackson/module/jackson-module-jaxb-annotations/2.9.5/jackson-module-jaxb-annotations-2.9.5.jar:/home/user/.m2/repository/javax/enterprise/cdi-api/1.2/cdi-api-1.2.jar:/home/user/.m2/repository/javax/el/javax.el-api/3.0.0/javax.el-api-3.0.0.jar:/home/user/.m2/repository/javax/interceptor/javax.interceptor-api/1.2/javax.interceptor-api-1.2.jar:/home/user/.m2/repository/javax/inject/javax.inject/1/javax.inject-1.jar:/home/user/.m2/repository/com/sun/xml/bind/jaxb-impl/2.3.0.1/jaxb-impl-2.3.0.1.jar:/home/user/.m2/repository/com/sun/xml/bind/jaxb-core/2.3.0.1/jaxb-core-2.3.0.1.jar:/home/user/.m2/repository/javax/xml/bind/jaxb-api/2.3.0/jaxb-api-2.3.0.jar:/home/user/.m2/repository/javax/activation/activation/1.1.1/activation-1.1.1.jar:/home/user/.m2/repository/org/apache/hadoop/hadoop-ozone-csi/0.5.0-SNAPSHOT/hadoop-ozone-csi-0.5.0-SNAPSHOT.jar:/home/user/.m2/repository/com/google/protobuf/protobuf-java-util/3.5.1/protobuf-java-util-3.5.1.jar:/home/user/.m2/repository/org/apache/hadoop/hadoop-hdds-config/0.5.0-SNAPSHOT/hadoop-hdds-config-0.5.0-SNAPSHOT.jar:/home/user/.m2/repository/io/grpc/grpc-netty/1.17.1/grpc-netty-1.17.1.jar:/home/user/.m2/repository/io/grpc/grpc-core/1.17.1/grpc-core-1.17.1.jar:/home/user/.m2/repository/io/grpc/grpc-context/1.17.1/grpc-context-1.17.1.jar:/home/user/.m2/repository/com/google/errorprone/error_prone_annotations/2.2.0/error_prone_annotations-2.2.0.jar:/home/user/.m2/repository/org/codehaus/mojo/animal-sniffer-annotations/1.17/animal-sniffer-annotations-1.17.jar:/home/user/.m2/repository/io/opencensus/opencensus-api/0.17.0/opencensus-api-0.17.0.jar:/home/user/.m2/repository/io/opencensus/opencensus-contrib-grpc-metrics/0.17.0/opencensus-contrib-grpc-metrics-0.17.0.jar:/home/user/.m2/repository/io/netty/netty-codec-http2/4.1.30.Final/netty-codec-http2-4.1.30.Final.jar:/home/user/.m2/repository/io/netty/netty-codec-http/4.1.30.Final/netty-codec-http-4.1.30.Final.jar:/home/user/.m2/repository/io/netty/netty-codec/4.1.30.Final/netty-codec-4.1.30.Final.jar:/home/user/.m2/repository/io/netty/netty-handler/4.1.30.Final/netty-handler-4.1.30.Final.jar:/home/user/.m2/repository/io/netty/netty-handler-proxy/4.1.30.Final/netty-handler-proxy-4.1.30.Final.jar:/home/user/.m2/repository/io/netty/netty-codec-socks/4.1.30.Final/netty-codec-socks-4.1.30.Final.jar:/home/user/.m2/repository/io/netty/netty-transport-native-epoll/4.1.30.Final/netty-transport-native-epoll-4.1.30.Final.jar:/home/user/.m2/repository/io/netty/netty-common/4.1.30.Final/netty-common-4.1.30.Final.jar:/home/user/.m2/repository/io/netty/netty-buffer/4.1.30.Final/netty-buffer-4.1.30.Final.jar:/home/user/.m2/repository/io/netty/netty-transport/4.1.30.Final/netty-transport-4.1.30.Final.jar:/home/user/.m2/repository/io/netty/netty-resolver/4.1.30.Final/netty-resolver-4.1.30.Final.jar:/home/user/.m2/repository/io/netty/netty-transport-native-unix-common/4.1.30.Final/netty-transport-native-unix-common-4.1.30.Final.jar:/home/user/.m2/repository/io/grpc/grpc-protobuf/1.17.1/grpc-protobuf-1.17.1.jar:/home/user/.m2/repository/com/google/api/grpc/proto-google-common-protos/1.0.0/proto-google-common-protos-1.0.0.jar:/home/user/.m2/repository/io/grpc/grpc-protobuf-lite/1.17.1/grpc-protobuf-lite-1.17.1.jar:/home/user/.m2/repository/io/grpc/grpc-stub/1.17.1/grpc-stub-1.17.1.jar:/home/user/.m2/repository/org/apache/hadoop/hadoop-ozone-recon/0.5.0-SNAPSHOT/hadoop-ozone-recon-0.5.0-SNAPSHOT.jar:/home/user/.m2/repository/org/apache/hadoop/hadoop-ozone-reconcodegen/0.5.0-SNAPSHOT/hadoop-ozone-reconcodegen-0.5.0-SNAPSHOT.jar:/home/user/.m2/repository/com/google/inject/extensions/guice-multibindings/4.0/guice-multibindings-4.0.jar:/home/user/.m2/repository/com/google/inject/guice/4.0/guice-4.0.jar:/home/user/.m2/repository/aopalliance/aopalliance/1.0/aopalliance-1.0.jar:/home/user/.m2/repository/com/google/inject/extensions/guice-servlet/4.0/guice-servlet-4.0.jar:/home/user/.m2/repository/org/glassfish/jersey/containers/jersey-container-servlet/2.27/jersey-container-servlet-2.27.jar:/home/user/.m2/repository/org/glassfish/hk2/guice-bridge/2.5.0/guice-bridge-2.5.0.jar:/home/user/.m2/repository/org/glassfish/jersey/core/jersey-server/2.27/jersey-server-2.27.jar:/home/user/.m2/repository/org/glassfish/jersey/core/jersey-client/2.27/jersey-client-2.27.jar:/home/user/.m2/repository/org/glassfish/jersey/media/jersey-media-jaxb/2.27/jersey-media-jaxb-2.27.jar:/home/user/.m2/repository/javax/validation/validation-api/1.1.0.Final/validation-api-1.1.0.Final.jar:/home/user/.m2/repository/org/glassfish/jersey/media/jersey-media-json-jackson/2.27/jersey-media-json-jackson-2.27.jar:/home/user/.m2/repository/org/glassfish/jersey/ext/jersey-entity-filtering/2.27/jersey-entity-filtering-2.27.jar:/home/user/.m2/repository/com/google/inject/extensions/guice-assistedinject/4.0/guice-assistedinject-4.0.jar:/home/user/.m2/repository/org/jooq/jooq/3.11.10/jooq-3.11.10.jar:/home/user/.m2/repository/org/jooq/jooq-meta/3.11.10/jooq-meta-3.11.10.jar:/home/user/.m2/repository/org/jooq/jooq-codegen/3.11.10/jooq-codegen-3.11.10.jar:/home/user/.m2/repository/com/jolbox/bonecp/0.8.0.RELEASE/bonecp-0.8.0.RELEASE.jar:/home/user/.m2/repository/org/xerial/sqlite-jdbc/3.25.2/sqlite-jdbc-3.25.2.jar:/home/user/.m2/repository/org/springframework/spring-jdbc/5.1.3.RELEASE/spring-jdbc-5.1.3.RELEASE.jar:/home/user/.m2/repository/org/springframework/spring-beans/5.1.3.RELEASE/spring-beans-5.1.3.RELEASE.jar:/home/user/.m2/repository/org/springframework/spring-core/5.1.3.RELEASE/spring-core-5.1.3.RELEASE.jar:/home/user/.m2/repository/org/springframework/spring-jcl/5.1.3.RELEASE/spring-jcl-5.1.3.RELEASE.jar:/home/user/.m2/repository/org/springframework/spring-tx/5.1.3.RELEASE/spring-tx-5.1.3.RELEASE.jar:/home/user/.m2/repository/org/apache/hadoop/hadoop-ozone-client/0.5.0-SNAPSHOT/hadoop-ozone-client-0.5.0-SNAPSHOT.jar:/home/user/.m2/repository/commons-lang/commons-lang/2.6/commons-lang-2.6.jar:/home/user/.m2/repository/org/apache/hadoop/hadoop-ozone-ozone-manager/0.5.0-SNAPSHOT/hadoop-ozone-ozone-manager-0.5.0-SNAPSHOT-tests.jar:/home/user/.m2/repository/junit/junit/4.11/junit-4.11.jar:/home/user/.m2/repository/org/hamcrest/hamcrest-core/1.3/hamcrest-core-1.3.jar:/home/user/.m2/repository/org/openjdk/jmh/jmh-core/1.19/jmh-core-1.19.jar:/home/user/.m2/repository/net/sf/jopt-simple/jopt-simple/4.6/jopt-simple-4.6.jar:/home/user/.m2/repository/org/apache/commons/commons-math3/3.1.1/commons-math3-3.1.1.jar:/home/user/.m2/repository/org/openjdk/jmh/jmh-generator-annprocess/1.19/jmh-generator-annprocess-1.19.jar:/home/user/.m2/repository/org/mockito/mockito-all/1.8.5/mockito-all-1.8.5.jar:/home/user/.m2/repository/org/apache/hadoop/hadoop-kms/3.2.0/hadoop-kms-3.2.0.jar:/home/user/.m2/repository/org/apache/hadoop/hadoop-auth/3.2.0/hadoop-auth-3.2.0.jar:/home/user/.m2/repository/com/nimbusds/nimbus-jose-jwt/4.41.1/nimbus-jose-jwt-4.41.1.jar:/home/user/.m2/repository/com/github/stephenc/jcip/jcip-annotations/1.0-1/jcip-annotations-1.0-1.jar:/home/user/.m2/repository/net/minidev/json-smart/2.3/json-smart-2.3.jar:/home/user/.m2/repository/net/minidev/accessors-smart/1.2/accessors-smart-1.2.jar:/home/user/.m2/repository/org/ow2/asm/asm/5.0.4/asm-5.0.4.jar:/home/user/.m2/repository/org/apache/curator/curator-framework/2.12.0/curator-framework-2.12.0.jar:/home/user/.m2/repository/com/sun/jersey/jersey-core/1.19/jersey-core-1.19.jar:/home/user/.m2/repository/javax/ws/rs/jsr311-api/1.1.1/jsr311-api-1.1.1.jar:/home/user/.m2/repository/com/sun/jersey/jersey-server/1.19/jersey-server-1.19.jar:/home/user/.m2/repository/javax/servlet/javax.servlet-api/3.1.0/javax.servlet-api-3.1.0.jar:/home/user/.m2/repository/org/eclipse/jetty/jetty-server/9.3.24.v20180605/jetty-server-9.3.24.v20180605.jar:/home/user/.m2/repository/org/eclipse/jetty/jetty-http/9.3.24.v20180605/jetty-http-9.3.24.v20180605.jar:/home/user/.m2/repository/org/eclipse/jetty/jetty-io/9.3.24.v20180605/jetty-io-9.3.24.v20180605.jar:/home/user/.m2/repository/org/eclipse/jetty/jetty-webapp/9.3.24.v20180605/jetty-webapp-9.3.24.v20180605.jar:/home/user/.m2/repository/org/eclipse/jetty/jetty-xml/9.3.24.v20180605/jetty-xml-9.3.24.v20180605.jar:/home/user/.m2/repository/log4j/log4j/1.2.17/log4j-1.2.17.jar:/home/user/.m2/repository/org/slf4j/slf4j-api/1.7.25/slf4j-api-1.7.25.jar:/home/user/.m2/repository/org/slf4j/jul-to-slf4j/1.7.25/jul-to-slf4j-1.7.25.jar:/home/user/.m2/repository/org/eclipse/jetty/jetty-util/9.3.24.v20180605/jetty-util-9.3.24.v20180605.jar:/home/user/.m2/repository/com/fasterxml/jackson/core/jackson-databind/2.9.5/jackson-databind-2.9.5.jar:/home/user/.m2/repository/org/apache/hadoop/hadoop-kms/3.2.0/hadoop-kms-3.2.0-tests.jar:/home/user/.m2/repository/org/apache/hadoop/hadoop-hdds-server-scm/0.5.0-SNAPSHOT/hadoop-hdds-server-scm-0.5.0-SNAPSHOT-tests.jar:/home/user/.m2/repository/org/apache/hadoop/hadoop-hdds-container-service/0.5.0-SNAPSHOT/hadoop-hdds-container-service-0.5.0-SNAPSHOT-tests.jar:/home/user/.m2/repository/org/yaml/snakeyaml/1.16/snakeyaml-1.16.jar:/home/user/.m2/repository/org/apache/hadoop/hadoop-common/3.2.0/hadoop-common-3.2.0-tests.jar:/home/user/.m2/repository/org/apache/hadoop/hadoop-annotations/3.2.0/hadoop-annotations-3.2.0.jar:/usr/lib/jvm/java-1.8-openjdk/jre/../lib/tools.jar:/home/user/.m2/repository/commons-cli/commons-cli/1.2/commons-cli-1.2.jar:/home/user/.m2/repository/org/apache/httpcomponents/httpclient/4.5.2/httpclient-4.5.2.jar:/home/user/.m2/repository/org/apache/httpcomponents/httpcore/4.4.4/httpcore-4.4.4.jar:/home/user/.m2/repository/commons-codec/commons-codec/1.11/commons-codec-1.11.jar:/home/user/.m2/repository/commons-net/commons-net/3.6/commons-net-3.6.jar:/home/user/.m2/repository/commons-collections/commons-collections/3.2.2/commons-collections-3.2.2.jar:/home/user/.m2/repository/org/eclipse/jetty/jetty-servlet/9.3.24.v20180605/jetty-servlet-9.3.24.v20180605.jar:/home/user/.m2/repository/org/eclipse/jetty/jetty-security/9.3.24.v20180605/jetty-security-9.3.24.v20180605.jar:/home/user/.m2/repository/javax/servlet/jsp/jsp-api/2.1/jsp-api-2.1.jar:/home/user/.m2/repository/com/sun/jersey/jersey-servlet/1.19/jersey-servlet-1.19.jar:/home/user/.m2/repository/com/sun/jersey/jersey-json/1.19/jersey-json-1.19.jar:/home/user/.m2/repository/org/codehaus/jettison/jettison/1.1/jettison-1.1.jar:/home/user/.m2/repository/org/codehaus/jackson/jackson-core-asl/1.9.13/jackson-core-asl-1.9.13.jar:/home/user/.m2/repository/org/codehaus/jackson/jackson-mapper-asl/1.9.13/jackson-mapper-asl-1.9.13.jar:/home/user/.m2/repository/org/codehaus/jackson/jackson-jaxrs/1.9.13/jackson-jaxrs-1.9.13.jar:/home/user/.m2/repository/org/codehaus/jackson/jackson-xc/1.9.13/jackson-xc-1.9.13.jar:/home/user/.m2/repository/commons-logging/commons-logging/1.1.3/commons-logging-1.1.3.jar:/home/user/.m2/repository/commons-beanutils/commons-beanutils/1.9.3/commons-beanutils-1.9.3.jar:/home/user/.m2/repository/org/apache/commons/commons-configuration2/2.1.1/commons-configuration2-2.1.1.jar:/home/user/.m2/repository/org/apache/commons/commons-lang3/3.7/commons-lang3-3.7.jar:/home/user/.m2/repository/org/apache/commons/commons-text/1.4/commons-text-1.4.jar:/home/user/.m2/repository/org/apache/avro/avro/1.7.7/avro-1.7.7.jar:/home/user/.m2/repository/com/thoughtworks/paranamer/paranamer/2.3/paranamer-2.3.jar:/home/user/.m2/repository/org/xerial/snappy/snappy-java/1.0.5/snappy-java-1.0.5.jar:/home/user/.m2/repository/com/google/re2j/re2j/1.1/re2j-1.1.jar:/home/user/.m2/repository/com/google/code/gson/gson/2.2.4/gson-2.2.4.jar:/home/user/.m2/repository/com/jcraft/jsch/0.1.54/jsch-0.1.54.jar:/home/user/.m2/repository/org/apache/curator/curator-client/2.12.0/curator-client-2.12.0.jar:/home/user/.m2/repository/org/apache/curator/curator-recipes/2.12.0/curator-recipes-2.12.0.jar:/home/user/.m2/repository/com/google/code/findbugs/jsr305/3.0.0/jsr305-3.0.0.jar:/home/user/.m2/repository/org/apache/htrace/htrace-core4/4.1.0-incubating/htrace-core4-4.1.0-incubating.jar:/home/user/.m2/repository/org/apache/zookeeper/zookeeper/3.4.13/zookeeper-3.4.13.jar:/home/user/.m2/repository/org/apache/yetus/audience-annotations/0.5.0/audience-annotations-0.5.0.jar:/home/user/.m2/repository/org/codehaus/woodstox/stax2-api/3.1.4/stax2-api-3.1.4.jar:/home/user/.m2/repository/com/fasterxml/woodstox/woodstox-core/5.0.3/woodstox-core-5.0.3.jar:/home/user/.m2/repository/dnsjava/dnsjava/2.1.7/dnsjava-2.1.7.jar:/home/user/.m2/repository/org/apache/hadoop/hadoop-hdfs/3.2.0/hadoop-hdfs-3.2.0-tests.jar:/home/user/.m2/repository/org/eclipse/jetty/jetty-util-ajax/9.3.24.v20180605/jetty-util-ajax-9.3.24.v20180605.jar:/home/user/.m2/repository/commons-daemon/commons-daemon/1.0.13/commons-daemon-1.0.13.jar:/home/user/.m2/repository/io/netty/netty/3.10.5.Final/netty-3.10.5.Final.jar:/home/user/.m2/repository/io/netty/netty-all/4.0.52.Final/netty-all-4.0.52.Final.jar:/home/user/.m2/repository/org/fusesource/leveldbjni/leveldbjni-all/1.8/leveldbjni-all-1.8.jar:"/>
    <property name="java.vm.vendor" value="IcedTea"/>
    <property name="sun.arch.data.model" value="64"/>
    <property name="test.build.dir" value="/workdir/hadoop-ozone/integration-test/target/test-dir"/>
    <property name="test.cache.data" value=""/>
    <property name="java.vendor.url" value="https://icedtea.classpath.org"/>
    <property name="user.timezone" value=""/>
    <property name="java.vm.specification.version" value="1.8"/>
    <property name="os.name" value="Linux"/>
    <property name="test.build.data" value="/workdir/hadoop-ozone/integration-test/target/test-dir"/>
    <property name="user.country" value="US"/>
    <property name="sun.java.launcher" value="SUN_STANDARD"/>
    <property name="sun.boot.library.path" value="/usr/lib/jvm/java-1.8-openjdk/jre/lib/amd64"/>
    <property name="sun.java.command" value="/workdir/hadoop-ozone/integration-test/target/surefire/surefirebooter6494709150855226725.jar /workdir/hadoop-ozone/integration-test/target/surefire 2019-09-05T07-22-41_289-jvmRun1 surefire228713281427946366tmp surefire_163734949433647932624tmp"/>
    <property name="test" value="!TestMiniChaosOzoneCluster"/>
    <property name="surefire.test.class.path" value="/workdir/hadoop-ozone/integration-test/target/test-classes:/workdir/hadoop-ozone/integration-test/target/classes:/home/user/.m2/repository/org/apache/hadoop/hadoop-ozone-common/0.5.0-SNAPSHOT/hadoop-ozone-common-0.5.0-SNAPSHOT.jar:/home/user/.m2/repository/org/apache/commons/commons-compress/1.4.1/commons-compress-1.4.1.jar:/home/user/.m2/repository/org/tukaani/xz/1.0/xz-1.0.jar:/home/user/.m2/repository/org/apache/hadoop/hadoop-common/3.2.0/hadoop-common-3.2.0.jar:/home/user/.m2/repository/org/apache/hadoop/hadoop-hdfs/3.2.0/hadoop-hdfs-3.2.0.jar:/home/user/.m2/repository/org/apache/hadoop/hadoop-hdfs-client/3.2.0/hadoop-hdfs-client-3.2.0.jar:/home/user/.m2/repository/com/fasterxml/jackson/core/jackson-annotations/2.9.5/jackson-annotations-2.9.5.jar:/home/user/.m2/repository/org/apache/hadoop/hadoop-hdds-common/0.5.0-SNAPSHOT/hadoop-hdds-common-0.5.0-SNAPSHOT.jar:/home/user/.m2/repository/javax/annotation/javax.annotation-api/1.2/javax.annotation-api-1.2.jar:/home/user/.m2/repository/org/apache/ratis/ratis-server/0.4.0-2337318-SNAPSHOT/ratis-server-0.4.0-2337318-SNAPSHOT.jar:/home/user/.m2/repository/org/apache/ratis/ratis-thirdparty-misc/0.2.0/ratis-thirdparty-misc-0.2.0.jar:/home/user/.m2/repository/org/apache/ratis/ratis-proto/0.4.0-2337318-SNAPSHOT/ratis-proto-0.4.0-2337318-SNAPSHOT.jar:/home/user/.m2/repository/org/apache/ratis/ratis-common/0.4.0-2337318-SNAPSHOT/ratis-common-0.4.0-2337318-SNAPSHOT.jar:/home/user/.m2/repository/org/apache/ratis/ratis-client/0.4.0-2337318-SNAPSHOT/ratis-client-0.4.0-2337318-SNAPSHOT.jar:/home/user/.m2/repository/org/apache/ratis/ratis-metrics/0.4.0-2337318-SNAPSHOT/ratis-metrics-0.4.0-2337318-SNAPSHOT.jar:/home/user/.m2/repository/org/apache/ratis/ratis-netty/0.4.0-2337318-SNAPSHOT/ratis-netty-0.4.0-2337318-SNAPSHOT.jar:/home/user/.m2/repository/org/apache/ratis/ratis-grpc/0.4.0-2337318-SNAPSHOT/ratis-grpc-0.4.0-2337318-SNAPSHOT.jar:/home/user/.m2/repository/org/rocksdb/rocksdbjni/6.0.1/rocksdbjni-6.0.1.jar:/home/user/.m2/repository/org/apache/logging/log4j/log4j-api/2.11.0/log4j-api-2.11.0.jar:/home/user/.m2/repository/org/apache/logging/log4j/log4j-core/2.11.0/log4j-core-2.11.0.jar:/home/user/.m2/repository/com/lmax/disruptor/3.4.2/disruptor-3.4.2.jar:/home/user/.m2/repository/org/apache/commons/commons-pool2/2.6.0/commons-pool2-2.6.0.jar:/home/user/.m2/repository/org/bouncycastle/bcpkix-jdk15on/1.60/bcpkix-jdk15on-1.60.jar:/home/user/.m2/repository/commons-validator/commons-validator/1.6/commons-validator-1.6.jar:/home/user/.m2/repository/commons-digester/commons-digester/1.8.1/commons-digester-1.8.1.jar:/home/user/.m2/repository/io/jaegertracing/jaeger-client/0.33.1/jaeger-client-0.33.1.jar:/home/user/.m2/repository/io/jaegertracing/jaeger-thrift/0.33.1/jaeger-thrift-0.33.1.jar:/home/user/.m2/repository/org/apache/thrift/libthrift/0.11.0/libthrift-0.11.0.jar:/home/user/.m2/repository/com/squareup/okhttp3/okhttp/3.9.0/okhttp-3.9.0.jar:/home/user/.m2/repository/com/squareup/okio/okio/1.13.0/okio-1.13.0.jar:/home/user/.m2/repository/io/jaegertracing/jaeger-core/0.33.1/jaeger-core-0.33.1.jar:/home/user/.m2/repository/io/jaegertracing/jaeger-tracerresolver/0.33.1/jaeger-tracerresolver-0.33.1.jar:/home/user/.m2/repository/io/opentracing/contrib/opentracing-tracerresolver/0.1.5/opentracing-tracerresolver-0.1.5.jar:/home/user/.m2/repository/io/opentracing/opentracing-util/0.31.0/opentracing-util-0.31.0.jar:/home/user/.m2/repository/io/opentracing/opentracing-api/0.31.0/opentracing-api-0.31.0.jar:/home/user/.m2/repository/io/opentracing/opentracing-noop/0.31.0/opentracing-noop-0.31.0.jar:/home/user/.m2/repository/org/apache/hadoop/hadoop-hdds-server-framework/0.5.0-SNAPSHOT/hadoop-hdds-server-framework-0.5.0-SNAPSHOT.jar:/home/user/.m2/repository/org/apache/hadoop/hadoop-hdds-container-service/0.5.0-SNAPSHOT/hadoop-hdds-container-service-0.5.0-SNAPSHOT.jar:/home/user/.m2/repository/org/apache/hadoop/hadoop-hdds-client/0.5.0-SNAPSHOT/hadoop-hdds-client-0.5.0-SNAPSHOT.jar:/home/user/.m2/repository/org/apache/hadoop/hadoop-hdds-tools/0.5.0-SNAPSHOT/hadoop-hdds-tools-0.5.0-SNAPSHOT.jar:/home/user/.m2/repository/org/apache/hadoop/hadoop-hdds-server-scm/0.5.0-SNAPSHOT/hadoop-hdds-server-scm-0.5.0-SNAPSHOT.jar:/home/user/.m2/repository/org/apache/hadoop/hadoop-hdds-docs/0.5.0-SNAPSHOT/hadoop-hdds-docs-0.5.0-SNAPSHOT.jar:/home/user/.m2/repository/io/dropwizard/metrics/metrics-core/3.2.4/metrics-core-3.2.4.jar:/home/user/.m2/repository/org/hamcrest/hamcrest-all/1.3/hamcrest-all-1.3.jar:/home/user/.m2/repository/org/bouncycastle/bcprov-jdk15on/1.60/bcprov-jdk15on-1.60.jar:/home/user/.m2/repository/info/picocli/picocli/3.9.6/picocli-3.9.6.jar:/home/user/.m2/repository/com/google/protobuf/protobuf-java/2.5.0/protobuf-java-2.5.0.jar:/home/user/.m2/repository/com/google/guava/guava/11.0.2/guava-11.0.2.jar:/home/user/.m2/repository/org/apache/hadoop/hadoop-ozone-ozone-manager/0.5.0-SNAPSHOT/hadoop-ozone-ozone-manager-0.5.0-SNAPSHOT.jar:/home/user/.m2/repository/org/apache/hadoop/hadoop-minikdc/3.2.0/hadoop-minikdc-3.2.0.jar:/home/user/.m2/repository/commons-io/commons-io/2.5/commons-io-2.5.jar:/home/user/.m2/repository/org/apache/kerby/kerb-simplekdc/1.0.1/kerb-simplekdc-1.0.1.jar:/home/user/.m2/repository/org/apache/kerby/kerb-client/1.0.1/kerb-client-1.0.1.jar:/home/user/.m2/repository/org/apache/kerby/kerby-config/1.0.1/kerby-config-1.0.1.jar:/home/user/.m2/repository/org/apache/kerby/kerb-core/1.0.1/kerb-core-1.0.1.jar:/home/user/.m2/repository/org/apache/kerby/kerby-pkix/1.0.1/kerby-pkix-1.0.1.jar:/home/user/.m2/repository/org/apache/kerby/kerby-asn1/1.0.1/kerby-asn1-1.0.1.jar:/home/user/.m2/repository/org/apache/kerby/kerby-util/1.0.1/kerby-util-1.0.1.jar:/home/user/.m2/repository/org/apache/kerby/kerb-common/1.0.1/kerb-common-1.0.1.jar:/home/user/.m2/repository/org/apache/kerby/kerb-crypto/1.0.1/kerb-crypto-1.0.1.jar:/home/user/.m2/repository/org/apache/kerby/kerb-util/1.0.1/kerb-util-1.0.1.jar:/home/user/.m2/repository/org/apache/kerby/token-provider/1.0.1/token-provider-1.0.1.jar:/home/user/.m2/repository/org/apache/kerby/kerb-admin/1.0.1/kerb-admin-1.0.1.jar:/home/user/.m2/repository/org/apache/kerby/kerb-server/1.0.1/kerb-server-1.0.1.jar:/home/user/.m2/repository/org/apache/kerby/kerb-identity/1.0.1/kerb-identity-1.0.1.jar:/home/user/.m2/repository/org/apache/kerby/kerby-xdr/1.0.1/kerby-xdr-1.0.1.jar:/home/user/.m2/repository/org/slf4j/slf4j-log4j12/1.7.25/slf4j-log4j12-1.7.25.jar:/home/user/.m2/repository/org/apache/hadoop/hadoop-ozone-objectstore-service/0.5.0-SNAPSHOT/hadoop-ozone-objectstore-service-0.5.0-SNAPSHOT.jar:/home/user/.m2/repository/org/apache/hadoop/hadoop-ozone-s3gateway/0.5.0-SNAPSHOT/hadoop-ozone-s3gateway-0.5.0-SNAPSHOT.jar:/home/user/.m2/repository/org/jboss/weld/servlet/weld-servlet/2.4.7.Final/weld-servlet-2.4.7.Final.jar:/home/user/.m2/repository/org/glassfish/jersey/containers/jersey-container-servlet-core/2.27/jersey-container-servlet-core-2.27.jar:/home/user/.m2/repository/org/glassfish/hk2/external/javax.inject/2.5.0-b42/javax.inject-2.5.0-b42.jar:/home/user/.m2/repository/org/glassfish/jersey/core/jersey-common/2.27/jersey-common-2.27.jar:/home/user/.m2/repository/org/glassfish/hk2/osgi-resource-locator/1.0.1/osgi-resource-locator-1.0.1.jar:/home/user/.m2/repository/javax/ws/rs/javax.ws.rs-api/2.1/javax.ws.rs-api-2.1.jar:/home/user/.m2/repository/org/glassfish/jersey/ext/cdi/jersey-cdi1x/2.27/jersey-cdi1x-2.27.jar:/home/user/.m2/repository/org/glassfish/jersey/inject/jersey-hk2/2.27/jersey-hk2-2.27.jar:/home/user/.m2/repository/org/glassfish/hk2/hk2-locator/2.5.0-b42/hk2-locator-2.5.0-b42.jar:/home/user/.m2/repository/org/javassist/javassist/3.22.0-CR2/javassist-3.22.0-CR2.jar:/home/user/.m2/repository/org/glassfish/hk2/hk2-api/2.5.0/hk2-api-2.5.0.jar:/home/user/.m2/repository/org/glassfish/hk2/external/jakarta.inject/2.5.0/jakarta.inject-2.5.0.jar:/home/user/.m2/repository/org/glassfish/hk2/hk2-utils/2.5.0/hk2-utils-2.5.0.jar:/home/user/.m2/repository/jakarta/annotation/jakarta.annotation-api/1.3.4/jakarta.annotation-api-1.3.4.jar:/home/user/.m2/repository/org/glassfish/hk2/external/aopalliance-repackaged/2.5.0/aopalliance-repackaged-2.5.0.jar:/home/user/.m2/repository/com/fasterxml/jackson/dataformat/jackson-dataformat-xml/2.9.0/jackson-dataformat-xml-2.9.0.jar:/home/user/.m2/repository/com/fasterxml/jackson/core/jackson-core/2.9.5/jackson-core-2.9.5.jar:/home/user/.m2/repository/com/fasterxml/jackson/module/jackson-module-jaxb-annotations/2.9.5/jackson-module-jaxb-annotations-2.9.5.jar:/home/user/.m2/repository/javax/enterprise/cdi-api/1.2/cdi-api-1.2.jar:/home/user/.m2/repository/javax/el/javax.el-api/3.0.0/javax.el-api-3.0.0.jar:/home/user/.m2/repository/javax/interceptor/javax.interceptor-api/1.2/javax.interceptor-api-1.2.jar:/home/user/.m2/repository/javax/inject/javax.inject/1/javax.inject-1.jar:/home/user/.m2/repository/com/sun/xml/bind/jaxb-impl/2.3.0.1/jaxb-impl-2.3.0.1.jar:/home/user/.m2/repository/com/sun/xml/bind/jaxb-core/2.3.0.1/jaxb-core-2.3.0.1.jar:/home/user/.m2/repository/javax/xml/bind/jaxb-api/2.3.0/jaxb-api-2.3.0.jar:/home/user/.m2/repository/javax/activation/activation/1.1.1/activation-1.1.1.jar:/home/user/.m2/repository/org/apache/hadoop/hadoop-ozone-csi/0.5.0-SNAPSHOT/hadoop-ozone-csi-0.5.0-SNAPSHOT.jar:/home/user/.m2/repository/com/google/protobuf/protobuf-java-util/3.5.1/protobuf-java-util-3.5.1.jar:/home/user/.m2/repository/org/apache/hadoop/hadoop-hdds-config/0.5.0-SNAPSHOT/hadoop-hdds-config-0.5.0-SNAPSHOT.jar:/home/user/.m2/repository/io/grpc/grpc-netty/1.17.1/grpc-netty-1.17.1.jar:/home/user/.m2/repository/io/grpc/grpc-core/1.17.1/grpc-core-1.17.1.jar:/home/user/.m2/repository/io/grpc/grpc-context/1.17.1/grpc-context-1.17.1.jar:/home/user/.m2/repository/com/google/errorprone/error_prone_annotations/2.2.0/error_prone_annotations-2.2.0.jar:/home/user/.m2/repository/org/codehaus/mojo/animal-sniffer-annotations/1.17/animal-sniffer-annotations-1.17.jar:/home/user/.m2/repository/io/opencensus/opencensus-api/0.17.0/opencensus-api-0.17.0.jar:/home/user/.m2/repository/io/opencensus/opencensus-contrib-grpc-metrics/0.17.0/opencensus-contrib-grpc-metrics-0.17.0.jar:/home/user/.m2/repository/io/netty/netty-codec-http2/4.1.30.Final/netty-codec-http2-4.1.30.Final.jar:/home/user/.m2/repository/io/netty/netty-codec-http/4.1.30.Final/netty-codec-http-4.1.30.Final.jar:/home/user/.m2/repository/io/netty/netty-codec/4.1.30.Final/netty-codec-4.1.30.Final.jar:/home/user/.m2/repository/io/netty/netty-handler/4.1.30.Final/netty-handler-4.1.30.Final.jar:/home/user/.m2/repository/io/netty/netty-handler-proxy/4.1.30.Final/netty-handler-proxy-4.1.30.Final.jar:/home/user/.m2/repository/io/netty/netty-codec-socks/4.1.30.Final/netty-codec-socks-4.1.30.Final.jar:/home/user/.m2/repository/io/netty/netty-transport-native-epoll/4.1.30.Final/netty-transport-native-epoll-4.1.30.Final.jar:/home/user/.m2/repository/io/netty/netty-common/4.1.30.Final/netty-common-4.1.30.Final.jar:/home/user/.m2/repository/io/netty/netty-buffer/4.1.30.Final/netty-buffer-4.1.30.Final.jar:/home/user/.m2/repository/io/netty/netty-transport/4.1.30.Final/netty-transport-4.1.30.Final.jar:/home/user/.m2/repository/io/netty/netty-resolver/4.1.30.Final/netty-resolver-4.1.30.Final.jar:/home/user/.m2/repository/io/netty/netty-transport-native-unix-common/4.1.30.Final/netty-transport-native-unix-common-4.1.30.Final.jar:/home/user/.m2/repository/io/grpc/grpc-protobuf/1.17.1/grpc-protobuf-1.17.1.jar:/home/user/.m2/repository/com/google/api/grpc/proto-google-common-protos/1.0.0/proto-google-common-protos-1.0.0.jar:/home/user/.m2/repository/io/grpc/grpc-protobuf-lite/1.17.1/grpc-protobuf-lite-1.17.1.jar:/home/user/.m2/repository/io/grpc/grpc-stub/1.17.1/grpc-stub-1.17.1.jar:/home/user/.m2/repository/org/apache/hadoop/hadoop-ozone-recon/0.5.0-SNAPSHOT/hadoop-ozone-recon-0.5.0-SNAPSHOT.jar:/home/user/.m2/repository/org/apache/hadoop/hadoop-ozone-reconcodegen/0.5.0-SNAPSHOT/hadoop-ozone-reconcodegen-0.5.0-SNAPSHOT.jar:/home/user/.m2/repository/com/google/inject/extensions/guice-multibindings/4.0/guice-multibindings-4.0.jar:/home/user/.m2/repository/com/google/inject/guice/4.0/guice-4.0.jar:/home/user/.m2/repository/aopalliance/aopalliance/1.0/aopalliance-1.0.jar:/home/user/.m2/repository/com/google/inject/extensions/guice-servlet/4.0/guice-servlet-4.0.jar:/home/user/.m2/repository/org/glassfish/jersey/containers/jersey-container-servlet/2.27/jersey-container-servlet-2.27.jar:/home/user/.m2/repository/org/glassfish/hk2/guice-bridge/2.5.0/guice-bridge-2.5.0.jar:/home/user/.m2/repository/org/glassfish/jersey/core/jersey-server/2.27/jersey-server-2.27.jar:/home/user/.m2/repository/org/glassfish/jersey/core/jersey-client/2.27/jersey-client-2.27.jar:/home/user/.m2/repository/org/glassfish/jersey/media/jersey-media-jaxb/2.27/jersey-media-jaxb-2.27.jar:/home/user/.m2/repository/javax/validation/validation-api/1.1.0.Final/validation-api-1.1.0.Final.jar:/home/user/.m2/repository/org/glassfish/jersey/media/jersey-media-json-jackson/2.27/jersey-media-json-jackson-2.27.jar:/home/user/.m2/repository/org/glassfish/jersey/ext/jersey-entity-filtering/2.27/jersey-entity-filtering-2.27.jar:/home/user/.m2/repository/com/google/inject/extensions/guice-assistedinject/4.0/guice-assistedinject-4.0.jar:/home/user/.m2/repository/org/jooq/jooq/3.11.10/jooq-3.11.10.jar:/home/user/.m2/repository/org/jooq/jooq-meta/3.11.10/jooq-meta-3.11.10.jar:/home/user/.m2/repository/org/jooq/jooq-codegen/3.11.10/jooq-codegen-3.11.10.jar:/home/user/.m2/repository/com/jolbox/bonecp/0.8.0.RELEASE/bonecp-0.8.0.RELEASE.jar:/home/user/.m2/repository/org/xerial/sqlite-jdbc/3.25.2/sqlite-jdbc-3.25.2.jar:/home/user/.m2/repository/org/springframework/spring-jdbc/5.1.3.RELEASE/spring-jdbc-5.1.3.RELEASE.jar:/home/user/.m2/repository/org/springframework/spring-beans/5.1.3.RELEASE/spring-beans-5.1.3.RELEASE.jar:/home/user/.m2/repository/org/springframework/spring-core/5.1.3.RELEASE/spring-core-5.1.3.RELEASE.jar:/home/user/.m2/repository/org/springframework/spring-jcl/5.1.3.RELEASE/spring-jcl-5.1.3.RELEASE.jar:/home/user/.m2/repository/org/springframework/spring-tx/5.1.3.RELEASE/spring-tx-5.1.3.RELEASE.jar:/home/user/.m2/repository/org/apache/hadoop/hadoop-ozone-client/0.5.0-SNAPSHOT/hadoop-ozone-client-0.5.0-SNAPSHOT.jar:/home/user/.m2/repository/commons-lang/commons-lang/2.6/commons-lang-2.6.jar:/home/user/.m2/repository/org/apache/hadoop/hadoop-ozone-ozone-manager/0.5.0-SNAPSHOT/hadoop-ozone-ozone-manager-0.5.0-SNAPSHOT-tests.jar:/home/user/.m2/repository/junit/junit/4.11/junit-4.11.jar:/home/user/.m2/repository/org/hamcrest/hamcrest-core/1.3/hamcrest-core-1.3.jar:/home/user/.m2/repository/org/openjdk/jmh/jmh-core/1.19/jmh-core-1.19.jar:/home/user/.m2/repository/net/sf/jopt-simple/jopt-simple/4.6/jopt-simple-4.6.jar:/home/user/.m2/repository/org/apache/commons/commons-math3/3.1.1/commons-math3-3.1.1.jar:/home/user/.m2/repository/org/openjdk/jmh/jmh-generator-annprocess/1.19/jmh-generator-annprocess-1.19.jar:/home/user/.m2/repository/org/mockito/mockito-all/1.8.5/mockito-all-1.8.5.jar:/home/user/.m2/repository/org/apache/hadoop/hadoop-kms/3.2.0/hadoop-kms-3.2.0.jar:/home/user/.m2/repository/org/apache/hadoop/hadoop-auth/3.2.0/hadoop-auth-3.2.0.jar:/home/user/.m2/repository/com/nimbusds/nimbus-jose-jwt/4.41.1/nimbus-jose-jwt-4.41.1.jar:/home/user/.m2/repository/com/github/stephenc/jcip/jcip-annotations/1.0-1/jcip-annotations-1.0-1.jar:/home/user/.m2/repository/net/minidev/json-smart/2.3/json-smart-2.3.jar:/home/user/.m2/repository/net/minidev/accessors-smart/1.2/accessors-smart-1.2.jar:/home/user/.m2/repository/org/ow2/asm/asm/5.0.4/asm-5.0.4.jar:/home/user/.m2/repository/org/apache/curator/curator-framework/2.12.0/curator-framework-2.12.0.jar:/home/user/.m2/repository/com/sun/jersey/jersey-core/1.19/jersey-core-1.19.jar:/home/user/.m2/repository/javax/ws/rs/jsr311-api/1.1.1/jsr311-api-1.1.1.jar:/home/user/.m2/repository/com/sun/jersey/jersey-server/1.19/jersey-server-1.19.jar:/home/user/.m2/repository/javax/servlet/javax.servlet-api/3.1.0/javax.servlet-api-3.1.0.jar:/home/user/.m2/repository/org/eclipse/jetty/jetty-server/9.3.24.v20180605/jetty-server-9.3.24.v20180605.jar:/home/user/.m2/repository/org/eclipse/jetty/jetty-http/9.3.24.v20180605/jetty-http-9.3.24.v20180605.jar:/home/user/.m2/repository/org/eclipse/jetty/jetty-io/9.3.24.v20180605/jetty-io-9.3.24.v20180605.jar:/home/user/.m2/repository/org/eclipse/jetty/jetty-webapp/9.3.24.v20180605/jetty-webapp-9.3.24.v20180605.jar:/home/user/.m2/repository/org/eclipse/jetty/jetty-xml/9.3.24.v20180605/jetty-xml-9.3.24.v20180605.jar:/home/user/.m2/repository/log4j/log4j/1.2.17/log4j-1.2.17.jar:/home/user/.m2/repository/org/slf4j/slf4j-api/1.7.25/slf4j-api-1.7.25.jar:/home/user/.m2/repository/org/slf4j/jul-to-slf4j/1.7.25/jul-to-slf4j-1.7.25.jar:/home/user/.m2/repository/org/eclipse/jetty/jetty-util/9.3.24.v20180605/jetty-util-9.3.24.v20180605.jar:/home/user/.m2/repository/com/fasterxml/jackson/core/jackson-databind/2.9.5/jackson-databind-2.9.5.jar:/home/user/.m2/repository/org/apache/hadoop/hadoop-kms/3.2.0/hadoop-kms-3.2.0-tests.jar:/home/user/.m2/repository/org/apache/hadoop/hadoop-hdds-server-scm/0.5.0-SNAPSHOT/hadoop-hdds-server-scm-0.5.0-SNAPSHOT-tests.jar:/home/user/.m2/repository/org/apache/hadoop/hadoop-hdds-container-service/0.5.0-SNAPSHOT/hadoop-hdds-container-service-0.5.0-SNAPSHOT-tests.jar:/home/user/.m2/repository/org/yaml/snakeyaml/1.16/snakeyaml-1.16.jar:/home/user/.m2/repository/org/apache/hadoop/hadoop-common/3.2.0/hadoop-common-3.2.0-tests.jar:/home/user/.m2/repository/org/apache/hadoop/hadoop-annotations/3.2.0/hadoop-annotations-3.2.0.jar:/usr/lib/jvm/java-1.8-openjdk/jre/../lib/tools.jar:/home/user/.m2/repository/commons-cli/commons-cli/1.2/commons-cli-1.2.jar:/home/user/.m2/repository/org/apache/httpcomponents/httpclient/4.5.2/httpclient-4.5.2.jar:/home/user/.m2/repository/org/apache/httpcomponents/httpcore/4.4.4/httpcore-4.4.4.jar:/home/user/.m2/repository/commons-codec/commons-codec/1.11/commons-codec-1.11.jar:/home/user/.m2/repository/commons-net/commons-net/3.6/commons-net-3.6.jar:/home/user/.m2/repository/commons-collections/commons-collections/3.2.2/commons-collections-3.2.2.jar:/home/user/.m2/repository/org/eclipse/jetty/jetty-servlet/9.3.24.v20180605/jetty-servlet-9.3.24.v20180605.jar:/home/user/.m2/repository/org/eclipse/jetty/jetty-security/9.3.24.v20180605/jetty-security-9.3.24.v20180605.jar:/home/user/.m2/repository/javax/servlet/jsp/jsp-api/2.1/jsp-api-2.1.jar:/home/user/.m2/repository/com/sun/jersey/jersey-servlet/1.19/jersey-servlet-1.19.jar:/home/user/.m2/repository/com/sun/jersey/jersey-json/1.19/jersey-json-1.19.jar:/home/user/.m2/repository/org/codehaus/jettison/jettison/1.1/jettison-1.1.jar:/home/user/.m2/repository/org/codehaus/jackson/jackson-core-asl/1.9.13/jackson-core-asl-1.9.13.jar:/home/user/.m2/repository/org/codehaus/jackson/jackson-mapper-asl/1.9.13/jackson-mapper-asl-1.9.13.jar:/home/user/.m2/repository/org/codehaus/jackson/jackson-jaxrs/1.9.13/jackson-jaxrs-1.9.13.jar:/home/user/.m2/repository/org/codehaus/jackson/jackson-xc/1.9.13/jackson-xc-1.9.13.jar:/home/user/.m2/repository/commons-logging/commons-logging/1.1.3/commons-logging-1.1.3.jar:/home/user/.m2/repository/commons-beanutils/commons-beanutils/1.9.3/commons-beanutils-1.9.3.jar:/home/user/.m2/repository/org/apache/commons/commons-configuration2/2.1.1/commons-configuration2-2.1.1.jar:/home/user/.m2/repository/org/apache/commons/commons-lang3/3.7/commons-lang3-3.7.jar:/home/user/.m2/repository/org/apache/commons/commons-text/1.4/commons-text-1.4.jar:/home/user/.m2/repository/org/apache/avro/avro/1.7.7/avro-1.7.7.jar:/home/user/.m2/repository/com/thoughtworks/paranamer/paranamer/2.3/paranamer-2.3.jar:/home/user/.m2/repository/org/xerial/snappy/snappy-java/1.0.5/snappy-java-1.0.5.jar:/home/user/.m2/repository/com/google/re2j/re2j/1.1/re2j-1.1.jar:/home/user/.m2/repository/com/google/code/gson/gson/2.2.4/gson-2.2.4.jar:/home/user/.m2/repository/com/jcraft/jsch/0.1.54/jsch-0.1.54.jar:/home/user/.m2/repository/org/apache/curator/curator-client/2.12.0/curator-client-2.12.0.jar:/home/user/.m2/repository/org/apache/curator/curator-recipes/2.12.0/curator-recipes-2.12.0.jar:/home/user/.m2/repository/com/google/code/findbugs/jsr305/3.0.0/jsr305-3.0.0.jar:/home/user/.m2/repository/org/apache/htrace/htrace-core4/4.1.0-incubating/htrace-core4-4.1.0-incubating.jar:/home/user/.m2/repository/org/apache/zookeeper/zookeeper/3.4.13/zookeeper-3.4.13.jar:/home/user/.m2/repository/org/apache/yetus/audience-annotations/0.5.0/audience-annotations-0.5.0.jar:/home/user/.m2/repository/org/codehaus/woodstox/stax2-api/3.1.4/stax2-api-3.1.4.jar:/home/user/.m2/repository/com/fasterxml/woodstox/woodstox-core/5.0.3/woodstox-core-5.0.3.jar:/home/user/.m2/repository/dnsjava/dnsjava/2.1.7/dnsjava-2.1.7.jar:/home/user/.m2/repository/org/apache/hadoop/hadoop-hdfs/3.2.0/hadoop-hdfs-3.2.0-tests.jar:/home/user/.m2/repository/org/eclipse/jetty/jetty-util-ajax/9.3.24.v20180605/jetty-util-ajax-9.3.24.v20180605.jar:/home/user/.m2/repository/commons-daemon/commons-daemon/1.0.13/commons-daemon-1.0.13.jar:/home/user/.m2/repository/io/netty/netty/3.10.5.Final/netty-3.10.5.Final.jar:/home/user/.m2/repository/io/netty/netty-all/4.0.52.Final/netty-all-4.0.52.Final.jar:/home/user/.m2/repository/org/fusesource/leveldbjni/leveldbjni-all/1.8/leveldbjni-all-1.8.jar:"/>
    <property name="sun.cpu.endian" value="little"/>
    <property name="user.home" value="/home/user"/>
    <property name="user.language" value="en"/>
    <property name="java.specification.vendor" value="Oracle Corporation"/>
    <property name="java.home" value="/usr/lib/jvm/java-1.8-openjdk/jre"/>
    <property name="java.security.krb5.conf" value="/workdir/hadoop-ozone/integration-test/target/test-classes/krb5.conf"/>
    <property name="basedir" value="/workdir/hadoop-ozone/integration-test"/>
    <property name="file.separator" value="/"/>
    <property name="line.separator" value="&#10;"/>
    <property name="java.vm.specification.vendor" value="Oracle Corporation"/>
    <property name="java.specification.name" value="Java Platform API Specification"/>
    <property name="java.awt.graphicsenv" value="sun.awt.X11GraphicsEnvironment"/>
    <property name="surefire.real.class.path" value="/workdir/hadoop-ozone/integration-test/target/surefire/surefirebooter6494709150855226725.jar"/>
    <property name="hadoop.log.dir" value="/workdir/hadoop-ozone/integration-test/target/log"/>
    <property name="sun.boot.class.path" value="/usr/lib/jvm/java-1.8-openjdk/jre/lib/resources.jar:/usr/lib/jvm/java-1.8-openjdk/jre/lib/rt.jar:/usr/lib/jvm/java-1.8-openjdk/jre/lib/sunrsasign.jar:/usr/lib/jvm/java-1.8-openjdk/jre/lib/jsse.jar:/usr/lib/jvm/java-1.8-openjdk/jre/lib/jce.jar:/usr/lib/jvm/java-1.8-openjdk/jre/lib/charsets.jar:/usr/lib/jvm/java-1.8-openjdk/jre/lib/jfr.jar:/usr/lib/jvm/java-1.8-openjdk/jre/classes"/>
    <property name="sun.management.compiler" value="HotSpot 64-Bit Tiered Compilers"/>
    <property name="java.runtime.version" value="1.8.0_212-b04"/>
    <property name="java.net.preferIPv4Stack" value="true"/>
    <property name="user.name" value="jenkins1000"/>
    <property name="path.separator" value=":"/>
    <property name="java.security.egd" value="file:///dev/urandom"/>
    <property name="os.version" value="3.10.0-957.12.2.el7.x86_64"/>
    <property name="java.endorsed.dirs" value="/usr/lib/jvm/java-1.8-openjdk/jre/lib/endorsed"/>
    <property name="java.runtime.name" value="OpenJDK Runtime Environment"/>
    <property name="file.encoding" value="UTF-8"/>
    <property name="java.vm.name" value="OpenJDK 64-Bit Server VM"/>
    <property name="test.build.webapps" value=""/>
    <property name="localRepository" value="/home/user/.m2/repository"/>
    <property name="java.vendor.url.bug" value="https://icedtea.classpath.org/bugzilla"/>
    <property name="java.io.tmpdir" value="/tmp"/>
    <property name="require.test.libhadoop" value=""/>
    <property name="java.version" value="1.8.0_212"/>
    <property name="user.dir" value="/workdir/hadoop-ozone/integration-test"/>
    <property name="os.arch" value="amd64"/>
    <property name="java.vm.specification.name" value="Java Virtual Machine Specification"/>
    <property name="test.build.classes" value="/workdir/hadoop-ozone/integration-test/target/test-classes"/>
    <property name="java.awt.printerjob" value="sun.print.PSPrinterJob"/>
    <property name="sun.os.patch.level" value="unknown"/>
    <property name="hadoop.tmp.dir" value="/workdir/hadoop-ozone/integration-test/target/tmp"/>
    <property name="java.library.path" value="/usr/lib/jvm/java-1.8-openjdk/jre/lib/amd64/server:/usr/lib/jvm/java-1.8-openjdk/jre/lib/amd64:/usr/lib/jvm/java-1.8-openjdk/jre/../lib/amd64:/workdir/hadoop-ozone/integration-test/target/native/target/usr/local/lib:/workdir/hadoop-ozone/integration-test/../../hadoop-common-project/hadoop-common/target/native/target/usr/local/lib:/usr/java/packages/lib/amd64:/usr/lib64:/lib64:/lib:/usr/lib"/>
    <property name="java.vm.info" value="mixed mode"/>
    <property name="java.vendor" value="IcedTea"/>
    <property name="java.vm.version" value="25.212-b04"/>
    <property name="java.ext.dirs" value="/usr/lib/jvm/java-1.8-openjdk/jre/lib/ext:/usr/java/packages/lib/ext"/>
    <property name="sun.io.unicode.encoding" value="UnicodeLittle"/>
    <property name="java.class.version" value="52.0"/>
  </properties>
  <testcase name="test2DatanodesFailure" classname="org.apache.hadoop.ozone.client.rpc.TestBlockOutputStreamWithFailures" time="112.847">
    <error message="Allocated 0 blocks. Requested 1 blocks" type="INTERNAL_ERROR org.apache.hadoop.ozone.om.exceptions.OMException">INTERNAL_ERROR org.apache.hadoop.ozone.om.exceptions.OMException: Allocated 0 blocks. Requested 1 blocks
	at org.apache.hadoop.ozone.om.protocolPB.OzoneManagerProtocolClientSideTranslatorPB.handleError(OzoneManagerProtocolClientSideTranslatorPB.java:725)
	at org.apache.hadoop.ozone.om.protocolPB.OzoneManagerProtocolClientSideTranslatorPB.allocateBlock(OzoneManagerProtocolClientSideTranslatorPB.java:757)
	at org.apache.hadoop.ozone.client.io.BlockOutputStreamEntryPool.allocateNewBlock(BlockOutputStreamEntryPool.java:248)
	at org.apache.hadoop.ozone.client.io.BlockOutputStreamEntryPool.allocateBlockIfNeeded(BlockOutputStreamEntryPool.java:296)
	at org.apache.hadoop.ozone.client.io.KeyOutputStream.handleWrite(KeyOutputStream.java:201)
	at org.apache.hadoop.ozone.client.io.KeyOutputStream.handleRetry(KeyOutputStream.java:376)
	at org.apache.hadoop.ozone.client.io.KeyOutputStream.handleException(KeyOutputStream.java:325)
	at org.apache.hadoop.ozone.client.io.KeyOutputStream.handleFlushOrClose(KeyOutputStream.java:448)
	at org.apache.hadoop.ozone.client.io.KeyOutputStream.flush(KeyOutputStream.java:396)
	at org.apache.hadoop.ozone.client.io.OzoneOutputStream.flush(OzoneOutputStream.java:54)
	at org.apache.hadoop.ozone.client.rpc.TestBlockOutputStreamWithFailures.test2DatanodesFailure(TestBlockOutputStreamWithFailures.java:502)
	at sun.reflect.NativeMethodAccessorImpl.invoke0(Native Method)
	at sun.reflect.NativeMethodAccessorImpl.invoke(NativeMethodAccessorImpl.java:62)
	at sun.reflect.DelegatingMethodAccessorImpl.invoke(DelegatingMethodAccessorImpl.java:43)
	at java.lang.reflect.Method.invoke(Method.java:498)
	at org.junit.runners.model.FrameworkMethod$1.runReflectiveCall(FrameworkMethod.java:47)
	at org.junit.internal.runners.model.ReflectiveCallable.run(ReflectiveCallable.java:12)
	at org.junit.runners.model.FrameworkMethod.invokeExplosively(FrameworkMethod.java:44)
	at org.junit.internal.runners.statements.InvokeMethod.evaluate(InvokeMethod.java:17)
	at org.junit.internal.runners.statements.RunBefores.evaluate(RunBefores.java:26)
	at org.junit.internal.runners.statements.RunAfters.evaluate(RunAfters.java:27)
	at org.junit.runners.ParentRunner.runLeaf(ParentRunner.java:271)
	at org.junit.runners.BlockJUnit4ClassRunner.runChild(BlockJUnit4ClassRunner.java:70)
	at org.junit.runners.BlockJUnit4ClassRunner.runChild(BlockJUnit4ClassRunner.java:50)
	at org.junit.runners.ParentRunner$3.run(ParentRunner.java:238)
	at org.junit.runners.ParentRunner$1.schedule(ParentRunner.java:63)
	at org.junit.runners.ParentRunner.runChildren(ParentRunner.java:236)
	at org.junit.runners.ParentRunner.access$000(ParentRunner.java:53)
	at org.junit.runners.ParentRunner$2.evaluate(ParentRunner.java:229)
	at org.junit.runners.ParentRunner.run(ParentRunner.java:309)
	at org.apache.maven.surefire.junit4.JUnit4Provider.execute(JUnit4Provider.java:365)
	at org.apache.maven.surefire.junit4.JUnit4Provider.executeWithRerun(JUnit4Provider.java:273)
	at org.apache.maven.surefire.junit4.JUnit4Provider.executeTestSet(JUnit4Provider.java:238)
	at org.apache.maven.surefire.junit4.JUnit4Provider.invoke(JUnit4Provider.java:159)
	at org.apache.maven.surefire.booter.ForkedBooter.invokeProviderInSameClassLoader(ForkedBooter.java:384)
	at org.apache.maven.surefire.booter.ForkedBooter.runSuitesInProcess(ForkedBooter.java:345)
	at org.apache.maven.surefire.booter.ForkedBooter.execute(ForkedBooter.java:126)
	at org.apache.maven.surefire.booter.ForkedBooter.main(ForkedBooter.java:418)
</error>
    <system-out><![CDATA[2019-09-05 07:35:20,166 [main] WARN  server.ServerUtils (ServerUtils.java:getScmDbDir(145)) - ozone.scm.db.dirs is not configured. We recommend adding this setting. Falling back to ozone.metadata.dirs instead.
2019-09-05 07:35:20,338 [main] WARN  server.ServerUtils (ServerUtils.java:getScmDbDir(145)) - ozone.scm.db.dirs is not configured. We recommend adding this setting. Falling back to ozone.metadata.dirs instead.
2019-09-05 07:35:20,342 [main] WARN  server.ServerUtils (ServerUtils.java:getScmDbDir(145)) - ozone.scm.db.dirs is not configured. We recommend adding this setting. Falling back to ozone.metadata.dirs instead.
2019-09-05 07:35:20,361 [main] INFO  util.log (Log.java:initialized(192)) - Logging initialized @911ms
2019-09-05 07:35:20,467 [main] INFO  db.DBStoreBuilder (DBStoreBuilder.java:addTable(110)) - using custom profile for table: deletedBlocks
2019-09-05 07:35:20,467 [main] INFO  db.DBStoreBuilder (DBStoreBuilder.java:processTables(161)) - Using default column profile:DBProfile.DISK for Table:deletedBlocks
2019-09-05 07:35:20,468 [main] INFO  db.DBStoreBuilder (DBStoreBuilder.java:addTable(110)) - using custom profile for table: validCerts
2019-09-05 07:35:20,468 [main] INFO  db.DBStoreBuilder (DBStoreBuilder.java:processTables(161)) - Using default column profile:DBProfile.DISK for Table:validCerts
2019-09-05 07:35:20,469 [main] INFO  db.DBStoreBuilder (DBStoreBuilder.java:addTable(110)) - using custom profile for table: revokedCerts
2019-09-05 07:35:20,469 [main] INFO  db.DBStoreBuilder (DBStoreBuilder.java:processTables(161)) - Using default column profile:DBProfile.DISK for Table:revokedCerts
2019-09-05 07:35:20,483 [main] INFO  db.DBStoreBuilder (DBStoreBuilder.java:addTable(110)) - using custom profile for table: default
2019-09-05 07:35:20,483 [main] INFO  db.DBStoreBuilder (DBStoreBuilder.java:processTables(167)) - Using default column profile:DBProfile.DISK for Table:default
2019-09-05 07:35:20,484 [main] INFO  db.DBStoreBuilder (DBStoreBuilder.java:getDbProfile(198)) - Using default options. DBProfile.DISK
2019-09-05 07:35:20,907 [main] INFO  net.NodeSchemaLoader (NodeSchemaLoader.java:loadSchemaFromFile(125)) - Loading file from sun.misc.CompoundEnumeration@5f058f00
2019-09-05 07:35:20,910 [main] INFO  net.NodeSchemaLoader (NodeSchemaLoader.java:loadSchema(171)) - Loading network topology layer schema file
2019-09-05 07:35:20,987 [main] INFO  node.SCMNodeManager (SCMNodeManager.java:<init>(121)) - Entering startup safe mode.
2019-09-05 07:35:21,071 [main] INFO  algorithms.ContainerPlacementPolicyFactory (ContainerPlacementPolicyFactory.java:getPolicy(56)) - Create container placement policy of type org.apache.hadoop.hdds.scm.container.placement.algorithms.SCMContainerPlacementRandom
2019-09-05 07:35:21,087 [main] WARN  server.ServerUtils (ServerUtils.java:getScmDbDir(145)) - ozone.scm.db.dirs is not configured. We recommend adding this setting. Falling back to ozone.metadata.dirs instead.
2019-09-05 07:35:21,400 [main] INFO  pipeline.SCMPipelineManager (SCMPipelineManager.java:initializePipelineState(126)) - No pipeline exists in current db
2019-09-05 07:35:21,402 [main] WARN  server.ServerUtils (ServerUtils.java:getScmDbDir(145)) - ozone.scm.db.dirs is not configured. We recommend adding this setting. Falling back to ozone.metadata.dirs instead.
2019-09-05 07:35:21,726 [main] WARN  events.EventQueue (EventQueue.java:fireEvent(175)) - No event handler registered for event TypedEvent{payloadType=SafeModeStatus, name='SafeModeStatus'}
2019-09-05 07:35:22,222 [main] INFO  ipc.CallQueueManager (CallQueueManager.java:<init>(84)) - Using callQueue: class java.util.concurrent.LinkedBlockingQueue, queueCapacity: 2000, scheduler: class org.apache.hadoop.ipc.DefaultRpcScheduler, ipcBackoff: false.
2019-09-05 07:35:22,531 [Socket Reader #1 for port 37204] INFO  ipc.Server (Server.java:run(1074)) - Starting Socket Reader #1 for port 37204
2019-09-05 07:35:22,558 [main] INFO  ipc.CallQueueManager (CallQueueManager.java:<init>(84)) - Using callQueue: class java.util.concurrent.LinkedBlockingQueue, queueCapacity: 2000, scheduler: class org.apache.hadoop.ipc.DefaultRpcScheduler, ipcBackoff: false.
2019-09-05 07:35:22,560 [Socket Reader #1 for port 39617] INFO  ipc.Server (Server.java:run(1074)) - Starting Socket Reader #1 for port 39617
2019-09-05 07:35:22,568 [main] INFO  ipc.CallQueueManager (CallQueueManager.java:<init>(84)) - Using callQueue: class java.util.concurrent.LinkedBlockingQueue, queueCapacity: 2000, scheduler: class org.apache.hadoop.ipc.DefaultRpcScheduler, ipcBackoff: false.
2019-09-05 07:35:22,569 [Socket Reader #1 for port 34040] INFO  ipc.Server (Server.java:run(1074)) - Starting Socket Reader #1 for port 34040
2019-09-05 07:35:22,593 [main] INFO  hdfs.DFSUtil (DFSUtil.java:httpServerTemplateForNNAndJN(1641)) - Starting Web-server for scm at: http://0.0.0.0:0
2019-09-05 07:35:22,785 [main] INFO  server.AuthenticationFilter (AuthenticationFilter.java:constructSecretProvider(240)) - Unable to initialize FileSignerSecretProvider, falling back to use random secrets.
2019-09-05 07:35:22,794 [main] WARN  http.HttpRequestLog (HttpRequestLog.java:getRequestLog(97)) - Jetty request log can only be enabled using Log4j
2019-09-05 07:35:22,803 [main] INFO  http.HttpServer2 (HttpServer2.java:addGlobalFilter(975)) - Added global filter 'safety' (class=org.apache.hadoop.http.HttpServer2$QuotingInputFilter)
2019-09-05 07:35:22,805 [main] INFO  http.HttpServer2 (HttpServer2.java:addFilter(948)) - Added filter static_user_filter (class=org.apache.hadoop.http.lib.StaticUserWebFilter$StaticUserFilter) to context scm
2019-09-05 07:35:22,805 [main] INFO  http.HttpServer2 (HttpServer2.java:addFilter(958)) - Added filter static_user_filter (class=org.apache.hadoop.http.lib.StaticUserWebFilter$StaticUserFilter) to context logs
2019-09-05 07:35:22,806 [main] INFO  http.HttpServer2 (HttpServer2.java:addFilter(958)) - Added filter static_user_filter (class=org.apache.hadoop.http.lib.StaticUserWebFilter$StaticUserFilter) to context static
2019-09-05 07:35:22,834 [main] INFO  server.StorageContainerManager (StorageContainerManager.java:start(759)) - StorageContainerLocationProtocol RPC server is listening at /0.0.0.0:34040
2019-09-05 07:35:22,898 [main] WARN  impl.MetricsConfig (MetricsConfig.java:loadFirst(134)) - Cannot locate configuration: tried hadoop-metrics2-storagecontainermanager.properties,hadoop-metrics2.properties
2019-09-05 07:35:22,911 [main] INFO  impl.MetricsSystemImpl (MetricsSystemImpl.java:startTimer(374)) - Scheduled Metric snapshot period at 10 second(s).
2019-09-05 07:35:22,911 [main] INFO  impl.MetricsSystemImpl (MetricsSystemImpl.java:start(191)) - StorageContainerManager metrics system started
2019-09-05 07:35:23,154 [main] INFO  server.SCMClientProtocolServer (SCMClientProtocolServer.java:start(151)) - RPC server for Client  is listening at /0.0.0.0:34040
2019-09-05 07:35:23,154 [IPC Server listener on 34040] INFO  ipc.Server (Server.java:run(1153)) - IPC Server listener on 34040: starting
2019-09-05 07:35:23,154 [IPC Server Responder] INFO  ipc.Server (Server.java:run(1314)) - IPC Server Responder: starting
2019-09-05 07:35:23,157 [main] INFO  server.StorageContainerManager (StorageContainerManager.java:start(769)) - ScmBlockLocationProtocol RPC server is listening at /0.0.0.0:39617
2019-09-05 07:35:23,158 [main] INFO  server.SCMBlockProtocolServer (SCMBlockProtocolServer.java:start(140)) - RPC server for Block Protocol is listening at /0.0.0.0:39617
2019-09-05 07:35:23,158 [IPC Server Responder] INFO  ipc.Server (Server.java:run(1314)) - IPC Server Responder: starting
2019-09-05 07:35:23,158 [IPC Server listener on 39617] INFO  ipc.Server (Server.java:run(1153)) - IPC Server listener on 39617: starting
2019-09-05 07:35:23,160 [main] INFO  server.StorageContainerManager (StorageContainerManager.java:start(773)) - ScmDatanodeProtocl RPC server is listening at /0.0.0.0:37204
2019-09-05 07:35:23,161 [main] INFO  server.SCMDatanodeProtocolServer (SCMDatanodeProtocolServer.java:start(191)) - RPC server for DataNodes is listening at /0.0.0.0:37204
2019-09-05 07:35:23,161 [IPC Server Responder] INFO  ipc.Server (Server.java:run(1314)) - IPC Server Responder: starting
2019-09-05 07:35:23,161 [IPC Server listener on 37204] INFO  ipc.Server (Server.java:run(1153)) - IPC Server listener on 37204: starting
2019-09-05 07:35:23,165 [main] INFO  http.HttpServer2 (HttpServer2.java:bindListener(1191)) - Jetty bound to port 41413
2019-09-05 07:35:23,168 [main] INFO  server.Server (Server.java:doStart(351)) - jetty-9.3.24.v20180605, build timestamp: 2018-06-05T17:11:56Z, git hash: 84205aa28f11a4f31f2a3b86d1bba2cc8ab69827
2019-09-05 07:35:23,210 [main] INFO  handler.ContextHandler (ContextHandler.java:doStart(781)) - Started o.e.j.s.ServletContextHandler@5286c33a{/logs,file:///workdir/hadoop-ozone/integration-test/target/log,AVAILABLE}
2019-09-05 07:35:23,210 [main] INFO  handler.ContextHandler (ContextHandler.java:doStart(781)) - Started o.e.j.s.ServletContextHandler@5c530d1e{/static,file:///workdir/hadoop-ozone/integration-test/target/test-classes/webapps/static,AVAILABLE}
2019-09-05 07:35:23,246 [main] INFO  handler.ContextHandler (ContextHandler.java:doStart(781)) - Started o.e.j.w.WebAppContext@48f5bde6{/,file:///workdir/hadoop-ozone/integration-test/target/test-classes/webapps/scm/,AVAILABLE}{/scm}
2019-09-05 07:35:23,255 [main] INFO  server.AbstractConnector (AbstractConnector.java:doStart(278)) - Started ServerConnector@6d511b5f{HTTP/1.1,[http/1.1]}{0.0.0.0:41413}
2019-09-05 07:35:23,255 [main] INFO  server.Server (Server.java:doStart(419)) - Started @3805ms
2019-09-05 07:35:23,257 [main] INFO  server.BaseHttpServer (BaseHttpServer.java:updateConnectorAddress(213)) - HTTP server of SCM is listening at http://0.0.0.0:41413
2019-09-05 07:35:23,265 [org.apache.hadoop.util.JvmPauseMonitor$Monitor@3b1bb3ab] INFO  util.JvmPauseMonitor (JvmPauseMonitor.java:run(188)) - Starting JVM pause monitor
2019-09-05 07:35:23,269 [main] WARN  server.ServerUtils (ServerUtils.java:getDBPath(222)) - ozone.om.db.dirs is not configured. We recommend adding this setting. Falling back to ozone.metadata.dirs instead.
2019-09-05 07:35:23,461 [main] WARN  server.ServerUtils (ServerUtils.java:getDBPath(222)) - ozone.om.db.dirs is not configured. We recommend adding this setting. Falling back to ozone.metadata.dirs instead.
2019-09-05 07:35:23,462 [main] WARN  server.ServerUtils (ServerUtils.java:getDBPath(222)) - ozone.om.db.dirs is not configured. We recommend adding this setting. Falling back to ozone.metadata.dirs instead.
2019-09-05 07:35:23,463 [main] INFO  om.OzoneManager (OzoneManager.java:setOMNodeDetails(645)) - OM Service ID is not set. Setting it to the default ID: omServiceIdDefault
2019-09-05 07:35:23,463 [main] INFO  om.OzoneManager (OzoneManager.java:setOMNodeDetails(651)) - OM Node ID is not set. Setting it to the OmStorage's OmID: 4fd416a3-31f3-4489-a327-1d72dd21e7ce
2019-09-05 07:35:23,464 [main] INFO  om.OzoneManager (OzoneManager.java:loadOMHAConfigs(602)) - Found matching OM address with OMServiceId: null, OMNodeId: null, RPC Address: localhost:0 and Ratis port: 9872
2019-09-05 07:35:23,755 | INFO  | SCMAudit | user=jenkins1000 | ip=192.168.36.69 | op=GET_SCM_INFO null | ret=SUCCESS |  
2019-09-05 07:35:24,187 [main] WARN  server.ServerUtils (ServerUtils.java:getDBPath(222)) - ozone.om.db.dirs is not configured. We recommend adding this setting. Falling back to ozone.metadata.dirs instead.
2019-09-05 07:35:24,194 [main] INFO  db.DBStoreBuilder (DBStoreBuilder.java:addTable(110)) - using custom profile for table: userTable
2019-09-05 07:35:24,194 [main] INFO  db.DBStoreBuilder (DBStoreBuilder.java:processTables(161)) - Using default column profile:DBProfile.DISK for Table:userTable
2019-09-05 07:35:24,194 [main] INFO  db.DBStoreBuilder (DBStoreBuilder.java:addTable(110)) - using custom profile for table: volumeTable
2019-09-05 07:35:24,194 [main] INFO  db.DBStoreBuilder (DBStoreBuilder.java:processTables(161)) - Using default column profile:DBProfile.DISK for Table:volumeTable
2019-09-05 07:35:24,195 [main] INFO  db.DBStoreBuilder (DBStoreBuilder.java:addTable(110)) - using custom profile for table: bucketTable
2019-09-05 07:35:24,195 [main] INFO  db.DBStoreBuilder (DBStoreBuilder.java:processTables(161)) - Using default column profile:DBProfile.DISK for Table:bucketTable
2019-09-05 07:35:24,195 [main] INFO  db.DBStoreBuilder (DBStoreBuilder.java:addTable(110)) - using custom profile for table: keyTable
2019-09-05 07:35:24,196 [main] INFO  db.DBStoreBuilder (DBStoreBuilder.java:processTables(161)) - Using default column profile:DBProfile.DISK for Table:keyTable
2019-09-05 07:35:24,196 [main] INFO  db.DBStoreBuilder (DBStoreBuilder.java:addTable(110)) - using custom profile for table: deletedTable
2019-09-05 07:35:24,196 [main] INFO  db.DBStoreBuilder (DBStoreBuilder.java:processTables(161)) - Using default column profile:DBProfile.DISK for Table:deletedTable
2019-09-05 07:35:24,197 [main] INFO  db.DBStoreBuilder (DBStoreBuilder.java:addTable(110)) - using custom profile for table: openKeyTable
2019-09-05 07:35:24,197 [main] INFO  db.DBStoreBuilder (DBStoreBuilder.java:processTables(161)) - Using default column profile:DBProfile.DISK for Table:openKeyTable
2019-09-05 07:35:24,198 [main] INFO  db.DBStoreBuilder (DBStoreBuilder.java:addTable(110)) - using custom profile for table: s3Table
2019-09-05 07:35:24,198 [main] INFO  db.DBStoreBuilder (DBStoreBuilder.java:processTables(161)) - Using default column profile:DBProfile.DISK for Table:s3Table
2019-09-05 07:35:24,198 [main] INFO  db.DBStoreBuilder (DBStoreBuilder.java:addTable(110)) - using custom profile for table: multipartInfoTable
2019-09-05 07:35:24,199 [main] INFO  db.DBStoreBuilder (DBStoreBuilder.java:processTables(161)) - Using default column profile:DBProfile.DISK for Table:multipartInfoTable
2019-09-05 07:35:24,199 [main] INFO  db.DBStoreBuilder (DBStoreBuilder.java:addTable(110)) - using custom profile for table: dTokenTable
2019-09-05 07:35:24,200 [main] INFO  db.DBStoreBuilder (DBStoreBuilder.java:processTables(161)) - Using default column profile:DBProfile.DISK for Table:dTokenTable
2019-09-05 07:35:24,200 [main] INFO  db.DBStoreBuilder (DBStoreBuilder.java:addTable(110)) - using custom profile for table: s3SecretTable
2019-09-05 07:35:24,200 [main] INFO  db.DBStoreBuilder (DBStoreBuilder.java:processTables(161)) - Using default column profile:DBProfile.DISK for Table:s3SecretTable
2019-09-05 07:35:24,201 [main] INFO  db.DBStoreBuilder (DBStoreBuilder.java:addTable(110)) - using custom profile for table: prefixTable
2019-09-05 07:35:24,201 [main] INFO  db.DBStoreBuilder (DBStoreBuilder.java:processTables(161)) - Using default column profile:DBProfile.DISK for Table:prefixTable
2019-09-05 07:35:24,202 [main] INFO  db.DBStoreBuilder (DBStoreBuilder.java:addTable(110)) - using custom profile for table: default
2019-09-05 07:35:24,202 [main] INFO  db.DBStoreBuilder (DBStoreBuilder.java:processTables(167)) - Using default column profile:DBProfile.DISK for Table:default
2019-09-05 07:35:24,202 [main] INFO  db.DBStoreBuilder (DBStoreBuilder.java:getDbProfile(198)) - Using default options. DBProfile.DISK
2019-09-05 07:35:25,625 [main] INFO  ipc.CallQueueManager (CallQueueManager.java:<init>(84)) - Using callQueue: class java.util.concurrent.LinkedBlockingQueue, queueCapacity: 2000, scheduler: class org.apache.hadoop.ipc.DefaultRpcScheduler, ipcBackoff: false.
2019-09-05 07:35:25,627 [Socket Reader #1 for port 41429] INFO  ipc.Server (Server.java:run(1074)) - Starting Socket Reader #1 for port 41429
2019-09-05 07:35:25,650 [main] INFO  om.OzoneManager (OzoneManager.java:start(1256)) - OzoneManager RPC server is listening at localhost/127.0.0.1:41429
2019-09-05 07:35:25,651 [main] INFO  impl.MetricsSystemImpl (MetricsSystemImpl.java:init(158)) - OzoneManager metrics system started (again)
2019-09-05 07:35:25,652 [IPC Server Responder] INFO  ipc.Server (Server.java:run(1314)) - IPC Server Responder: starting
2019-09-05 07:35:25,652 [IPC Server listener on 41429] INFO  ipc.Server (Server.java:run(1153)) - IPC Server listener on 41429: starting
2019-09-05 07:35:25,658 [main] INFO  hdfs.DFSUtil (DFSUtil.java:httpServerTemplateForNNAndJN(1641)) - Starting Web-server for ozoneManager at: http://0.0.0.0:0
2019-09-05 07:35:25,659 [main] INFO  server.AuthenticationFilter (AuthenticationFilter.java:constructSecretProvider(240)) - Unable to initialize FileSignerSecretProvider, falling back to use random secrets.
2019-09-05 07:35:25,660 [main] WARN  http.HttpRequestLog (HttpRequestLog.java:getRequestLog(97)) - Jetty request log can only be enabled using Log4j
2019-09-05 07:35:25,662 [main] INFO  http.HttpServer2 (HttpServer2.java:addGlobalFilter(975)) - Added global filter 'safety' (class=org.apache.hadoop.http.HttpServer2$QuotingInputFilter)
2019-09-05 07:35:25,663 [main] INFO  http.HttpServer2 (HttpServer2.java:addFilter(948)) - Added filter static_user_filter (class=org.apache.hadoop.http.lib.StaticUserWebFilter$StaticUserFilter) to context ozoneManager
2019-09-05 07:35:25,664 [main] INFO  http.HttpServer2 (HttpServer2.java:addFilter(958)) - Added filter static_user_filter (class=org.apache.hadoop.http.lib.StaticUserWebFilter$StaticUserFilter) to context static
2019-09-05 07:35:25,664 [main] INFO  http.HttpServer2 (HttpServer2.java:addFilter(958)) - Added filter static_user_filter (class=org.apache.hadoop.http.lib.StaticUserWebFilter$StaticUserFilter) to context logs
2019-09-05 07:35:25,840 [main] INFO  http.HttpServer2 (HttpServer2.java:bindListener(1191)) - Jetty bound to port 36121
2019-09-05 07:35:25,840 [main] INFO  server.Server (Server.java:doStart(351)) - jetty-9.3.24.v20180605, build timestamp: 2018-06-05T17:11:56Z, git hash: 84205aa28f11a4f31f2a3b86d1bba2cc8ab69827
2019-09-05 07:35:25,844 [main] INFO  handler.ContextHandler (ContextHandler.java:doStart(781)) - Started o.e.j.s.ServletContextHandler@49dbaaf3{/logs,file:///workdir/hadoop-ozone/integration-test/target/log,AVAILABLE}
2019-09-05 07:35:25,849 [main] INFO  handler.ContextHandler (ContextHandler.java:doStart(781)) - Started o.e.j.s.ServletContextHandler@736f3e9e{/static,file:///workdir/hadoop-ozone/integration-test/target/test-classes/webapps/static,AVAILABLE}
2019-09-05 07:35:25,860 [main] INFO  handler.ContextHandler (ContextHandler.java:doStart(781)) - Started o.e.j.w.WebAppContext@40d10481{/,file:///workdir/hadoop-ozone/integration-test/target/test-classes/webapps/ozoneManager/,AVAILABLE}{/ozoneManager}
2019-09-05 07:35:25,861 [main] INFO  server.AbstractConnector (AbstractConnector.java:doStart(278)) - Started ServerConnector@60dd3c23{HTTP/1.1,[http/1.1]}{0.0.0.0:36121}
2019-09-05 07:35:25,865 [main] INFO  server.Server (Server.java:doStart(419)) - Started @6414ms
2019-09-05 07:35:25,867 [main] INFO  server.BaseHttpServer (BaseHttpServer.java:updateConnectorAddress(213)) - HTTP server of OZONEMANAGER is listening at http://0.0.0.0:36121
2019-09-05 07:35:26,053 [main] INFO  impl.MetricsSystemImpl (MetricsSystemImpl.java:init(158)) - HddsDatanode metrics system started (again)
2019-09-05 07:35:26,152 [main] INFO  ozone.HddsDatanodeService (HddsDatanodeService.java:start(184)) - HddsDatanodeService host:pr-hdds-1571-lfg7x-4139639749 ip:192.168.36.69
2019-09-05 07:35:26,190 [main] INFO  volume.HddsVolume (HddsVolume.java:<init>(176)) - Creating Volume: /workdir/hadoop-ozone/integration-test/target/test-dir/MiniOzoneClusterImpl-a91fc67d-f8c9-4dc9-8b91-6f02eb894b3b/datanode-0/data/containers/hdds of  storage type : DISK and capacity : 1482555576320
2019-09-05 07:35:26,193 [main] INFO  volume.VolumeSet (VolumeSet.java:initializeVolumeSet(170)) - Added Volume : /workdir/hadoop-ozone/integration-test/target/test-dir/MiniOzoneClusterImpl-a91fc67d-f8c9-4dc9-8b91-6f02eb894b3b/datanode-0/data/containers/hdds to VolumeSet
2019-09-05 07:35:26,198 [main] INFO  volume.ThrottledAsyncChecker (ThrottledAsyncChecker.java:schedule(140)) - Scheduling a check for org.apache.hadoop.ozone.container.common.volume.HddsVolume@116a2108
2019-09-05 07:35:26,223 [main] INFO  volume.HddsVolumeChecker (HddsVolumeChecker.java:checkAllVolumes(203)) - Scheduled health check for volume org.apache.hadoop.ozone.container.common.volume.HddsVolume@116a2108
2019-09-05 07:35:26,348 [main] INFO  impl.RaftServerProxy (ConfUtils.java:logGet(43)) - raft.rpc.type = GRPC (default)
2019-09-05 07:35:26,417 [main] INFO  grpc.GrpcFactory (GrpcFactory.java:checkPooledByteBufAllocatorUseCacheForAllThreads(45)) - PERFORMANCE WARNING: useCacheForAllThreads is true that may cause Netty to create a lot garbage objects and, as a result, trigger GC.
	It is recommended to disable useCacheForAllThreads by setting -Dorg.apache.ratis.thirdparty.io.netty.allocator.useCacheForAllThreads=false in command line.
2019-09-05 07:35:26,422 [main] INFO  grpc.GrpcConfigKeys$Server (ConfUtils.java:logGet(43)) - raft.grpc.server.port = 0 (default)
2019-09-05 07:35:26,423 [main] INFO  server.GrpcService (ConfUtils.java:logGet(43)) - raft.grpc.message.size.max = 33570816 (custom)
2019-09-05 07:35:26,424 [main] INFO  server.RaftServerConfigKeys (ConfUtils.java:logGet(43)) - raft.server.log.appender.buffer.byte-limit = 33554432 (custom)
2019-09-05 07:35:26,425 [main] INFO  server.GrpcService (ConfUtils.java:logGet(43)) - raft.grpc.flow.control.window = 1MB (=1048576) (default)
2019-09-05 07:35:26,426 [main] INFO  server.RaftServerConfigKeys (ConfUtils.java:logGet(43)) - raft.server.rpc.request.timeout = 3000ms (default)
2019-09-05 07:35:26,589 [main] INFO  server.RaftServerConfigKeys (ConfUtils.java:logGet(43)) - raft.server.storage.dir = [/workdir/hadoop-ozone/integration-test/target/test-dir/MiniOzoneClusterImpl-a91fc67d-f8c9-4dc9-8b91-6f02eb894b3b/datanode-0/data/ratis] (custom)
2019-09-05 07:35:26,625 [main] INFO  replication.SimpleContainerDownloader (SimpleContainerDownloader.java:<init>(72)) - Starting container downloader service to copy containers to replicate.
2019-09-05 07:35:26,639 [main] INFO  hdfs.DFSUtil (DFSUtil.java:httpServerTemplateForNNAndJN(1641)) - Starting Web-server for hddsDatanode at: http://0.0.0.0:0
2019-09-05 07:35:26,641 [main] INFO  server.AuthenticationFilter (AuthenticationFilter.java:constructSecretProvider(240)) - Unable to initialize FileSignerSecretProvider, falling back to use random secrets.
2019-09-05 07:35:26,642 [main] WARN  http.HttpRequestLog (HttpRequestLog.java:getRequestLog(97)) - Jetty request log can only be enabled using Log4j
2019-09-05 07:35:26,644 [main] INFO  http.HttpServer2 (HttpServer2.java:addGlobalFilter(975)) - Added global filter 'safety' (class=org.apache.hadoop.http.HttpServer2$QuotingInputFilter)
2019-09-05 07:35:26,645 [main] INFO  http.HttpServer2 (HttpServer2.java:addFilter(948)) - Added filter static_user_filter (class=org.apache.hadoop.http.lib.StaticUserWebFilter$StaticUserFilter) to context hddsDatanode
2019-09-05 07:35:26,645 [main] INFO  http.HttpServer2 (HttpServer2.java:addFilter(958)) - Added filter static_user_filter (class=org.apache.hadoop.http.lib.StaticUserWebFilter$StaticUserFilter) to context logs
2019-09-05 07:35:26,646 [main] INFO  http.HttpServer2 (HttpServer2.java:addFilter(958)) - Added filter static_user_filter (class=org.apache.hadoop.http.lib.StaticUserWebFilter$StaticUserFilter) to context static
2019-09-05 07:35:26,647 [main] INFO  http.HttpServer2 (HttpServer2.java:bindListener(1191)) - Jetty bound to port 35277
2019-09-05 07:35:26,647 [main] INFO  server.Server (Server.java:doStart(351)) - jetty-9.3.24.v20180605, build timestamp: 2018-06-05T17:11:56Z, git hash: 84205aa28f11a4f31f2a3b86d1bba2cc8ab69827
2019-09-05 07:35:26,650 [main] INFO  handler.ContextHandler (ContextHandler.java:doStart(781)) - Started o.e.j.s.ServletContextHandler@1457fde{/logs,file:///workdir/hadoop-ozone/integration-test/target/log,AVAILABLE}
2019-09-05 07:35:26,650 [main] INFO  handler.ContextHandler (ContextHandler.java:doStart(781)) - Started o.e.j.s.ServletContextHandler@17fa1336{/static,jar:file:/home/user/.m2/repository/org/apache/hadoop/hadoop-hdds-container-service/0.5.0-SNAPSHOT/hadoop-hdds-container-service-0.5.0-SNAPSHOT.jar!/webapps/static,AVAILABLE}
2019-09-05 07:35:26,692 [main] INFO  handler.ContextHandler (ContextHandler.java:doStart(781)) - Started o.e.j.w.WebAppContext@7b306b9f{/,file:///tmp/jetty-0.0.0.0-35277-hddsDatanode-_-any-4784578232948510615.dir/webapp/,AVAILABLE}{/hddsDatanode}
2019-09-05 07:35:26,694 [main] INFO  server.AbstractConnector (AbstractConnector.java:doStart(278)) - Started ServerConnector@142213d5{HTTP/1.1,[http/1.1]}{0.0.0.0:35277}
2019-09-05 07:35:26,694 [main] INFO  server.Server (Server.java:doStart(419)) - Started @7244ms
2019-09-05 07:35:26,696 [main] INFO  server.BaseHttpServer (BaseHttpServer.java:updateConnectorAddress(213)) - HTTP server of HDDSDATANODE is listening at http://0.0.0.0:35277
2019-09-05 07:35:27,967 | INFO  | ObjectStoreRestHttpServer | Listening HDDS REST traffic on /0.0.0.0:39571 |  
2019-09-05 07:35:27,968 [main] INFO  ozone.HddsDatanodeService (HddsDatanodeService.java:startPlugins(395)) - Started plug-in org.apache.hadoop.ozone.web.OzoneHddsDatanodeService@3375ebd3
2019-09-05 07:35:27,970 [main] INFO  impl.MetricsSystemImpl (MetricsSystemImpl.java:init(158)) - HddsDatanode metrics system started (again)
2019-09-05 07:35:27,973 [main] INFO  ozone.HddsDatanodeService (HddsDatanodeService.java:start(184)) - HddsDatanodeService host:pr-hdds-1571-lfg7x-4139639749 ip:192.168.36.69
2019-09-05 07:35:27,974 [org.apache.hadoop.util.JvmPauseMonitor$Monitor@7d647076] INFO  util.JvmPauseMonitor (JvmPauseMonitor.java:run(188)) - Starting JVM pause monitor
2019-09-05 07:35:27,982 [main] INFO  volume.HddsVolume (HddsVolume.java:<init>(176)) - Creating Volume: /workdir/hadoop-ozone/integration-test/target/test-dir/MiniOzoneClusterImpl-a91fc67d-f8c9-4dc9-8b91-6f02eb894b3b/datanode-1/data/containers/hdds of  storage type : DISK and capacity : 1482555576320
2019-09-05 07:35:27,982 [main] INFO  volume.VolumeSet (VolumeSet.java:initializeVolumeSet(170)) - Added Volume : /workdir/hadoop-ozone/integration-test/target/test-dir/MiniOzoneClusterImpl-a91fc67d-f8c9-4dc9-8b91-6f02eb894b3b/datanode-1/data/containers/hdds to VolumeSet
2019-09-05 07:35:27,982 [main] INFO  volume.ThrottledAsyncChecker (ThrottledAsyncChecker.java:schedule(140)) - Scheduling a check for org.apache.hadoop.ozone.container.common.volume.HddsVolume@643ba1ed
2019-09-05 07:35:27,983 [main] INFO  volume.HddsVolumeChecker (HddsVolumeChecker.java:checkAllVolumes(203)) - Scheduled health check for volume org.apache.hadoop.ozone.container.common.volume.HddsVolume@643ba1ed
2019-09-05 07:35:27,998 [main] INFO  impl.RaftServerProxy (ConfUtils.java:logGet(43)) - raft.rpc.type = GRPC (default)
2019-09-05 07:35:27,999 [main] INFO  grpc.GrpcFactory (GrpcFactory.java:checkPooledByteBufAllocatorUseCacheForAllThreads(45)) - PERFORMANCE WARNING: useCacheForAllThreads is true that may cause Netty to create a lot garbage objects and, as a result, trigger GC.
	It is recommended to disable useCacheForAllThreads by setting -Dorg.apache.ratis.thirdparty.io.netty.allocator.useCacheForAllThreads=false in command line.
2019-09-05 07:35:27,999 [main] INFO  grpc.GrpcConfigKeys$Server (ConfUtils.java:logGet(43)) - raft.grpc.server.port = 0 (default)
2019-09-05 07:35:27,999 [main] INFO  server.GrpcService (ConfUtils.java:logGet(43)) - raft.grpc.message.size.max = 33570816 (custom)
2019-09-05 07:35:27,999 [main] INFO  server.RaftServerConfigKeys (ConfUtils.java:logGet(43)) - raft.server.log.appender.buffer.byte-limit = 33554432 (custom)
2019-09-05 07:35:28,000 [main] INFO  server.GrpcService (ConfUtils.java:logGet(43)) - raft.grpc.flow.control.window = 1MB (=1048576) (default)
2019-09-05 07:35:28,000 [main] INFO  server.RaftServerConfigKeys (ConfUtils.java:logGet(43)) - raft.server.rpc.request.timeout = 3000ms (default)
2019-09-05 07:35:28,001 [main] INFO  server.RaftServerConfigKeys (ConfUtils.java:logGet(43)) - raft.server.storage.dir = [/workdir/hadoop-ozone/integration-test/target/test-dir/MiniOzoneClusterImpl-a91fc67d-f8c9-4dc9-8b91-6f02eb894b3b/datanode-1/data/ratis] (custom)
2019-09-05 07:35:28,001 [main] INFO  replication.SimpleContainerDownloader (SimpleContainerDownloader.java:<init>(72)) - Starting container downloader service to copy containers to replicate.
2019-09-05 07:35:28,003 [main] INFO  hdfs.DFSUtil (DFSUtil.java:httpServerTemplateForNNAndJN(1641)) - Starting Web-server for hddsDatanode at: http://0.0.0.0:0
2019-09-05 07:35:28,004 [main] INFO  server.AuthenticationFilter (AuthenticationFilter.java:constructSecretProvider(240)) - Unable to initialize FileSignerSecretProvider, falling back to use random secrets.
2019-09-05 07:35:28,005 [main] WARN  http.HttpRequestLog (HttpRequestLog.java:getRequestLog(97)) - Jetty request log can only be enabled using Log4j
2019-09-05 07:35:28,009 [main] INFO  http.HttpServer2 (HttpServer2.java:addGlobalFilter(975)) - Added global filter 'safety' (class=org.apache.hadoop.http.HttpServer2$QuotingInputFilter)
2019-09-05 07:35:28,010 [main] INFO  http.HttpServer2 (HttpServer2.java:addFilter(948)) - Added filter static_user_filter (class=org.apache.hadoop.http.lib.StaticUserWebFilter$StaticUserFilter) to context hddsDatanode
2019-09-05 07:35:28,011 [main] INFO  http.HttpServer2 (HttpServer2.java:addFilter(958)) - Added filter static_user_filter (class=org.apache.hadoop.http.lib.StaticUserWebFilter$StaticUserFilter) to context static
2019-09-05 07:35:28,011 [main] INFO  http.HttpServer2 (HttpServer2.java:addFilter(958)) - Added filter static_user_filter (class=org.apache.hadoop.http.lib.StaticUserWebFilter$StaticUserFilter) to context logs
2019-09-05 07:35:28,012 [main] INFO  http.HttpServer2 (HttpServer2.java:bindListener(1191)) - Jetty bound to port 43768
2019-09-05 07:35:28,013 [main] INFO  server.Server (Server.java:doStart(351)) - jetty-9.3.24.v20180605, build timestamp: 2018-06-05T17:11:56Z, git hash: 84205aa28f11a4f31f2a3b86d1bba2cc8ab69827
2019-09-05 07:35:28,017 [main] INFO  handler.ContextHandler (ContextHandler.java:doStart(781)) - Started o.e.j.s.ServletContextHandler@22ead351{/logs,file:///workdir/hadoop-ozone/integration-test/target/log,AVAILABLE}
2019-09-05 07:35:28,018 [main] INFO  handler.ContextHandler (ContextHandler.java:doStart(781)) - Started o.e.j.s.ServletContextHandler@43d65a81{/static,jar:file:/home/user/.m2/repository/org/apache/hadoop/hadoop-hdds-container-service/0.5.0-SNAPSHOT/hadoop-hdds-container-service-0.5.0-SNAPSHOT.jar!/webapps/static,AVAILABLE}
2019-09-05 07:35:28,062 [main] INFO  handler.ContextHandler (ContextHandler.java:doStart(781)) - Started o.e.j.w.WebAppContext@1f536481{/,file:///tmp/jetty-0.0.0.0-43768-hddsDatanode-_-any-3287150833034415694.dir/webapp/,AVAILABLE}{/hddsDatanode}
2019-09-05 07:35:28,064 [main] INFO  server.AbstractConnector (AbstractConnector.java:doStart(278)) - Started ServerConnector@5234b61a{HTTP/1.1,[http/1.1]}{0.0.0.0:43768}
2019-09-05 07:35:28,064 [main] INFO  server.Server (Server.java:doStart(419)) - Started @8614ms
2019-09-05 07:35:28,065 [main] INFO  server.BaseHttpServer (BaseHttpServer.java:updateConnectorAddress(213)) - HTTP server of HDDSDATANODE is listening at http://0.0.0.0:43768
2019-09-05 07:35:28,089 [Datanode State Machine Thread - 0] INFO  datanode.InitDatanodeState (InitDatanodeState.java:persistContainerDatanodeDetails(140)) - DatanodeDetails is persisted to /workdir/hadoop-ozone/integration-test/target/test-dir/MiniOzoneClusterImpl-a91fc67d-f8c9-4dc9-8b91-6f02eb894b3b/datanode-0/meta/datanode.id
2019-09-05 07:35:28,218 | INFO  | ObjectStoreRestHttpServer | Listening HDDS REST traffic on /0.0.0.0:39528 |  
2019-09-05 07:35:28,218 [main] INFO  ozone.HddsDatanodeService (HddsDatanodeService.java:startPlugins(395)) - Started plug-in org.apache.hadoop.ozone.web.OzoneHddsDatanodeService@501957bf
2019-09-05 07:35:28,219 [main] INFO  impl.MetricsSystemImpl (MetricsSystemImpl.java:init(158)) - HddsDatanode metrics system started (again)
2019-09-05 07:35:28,221 [org.apache.hadoop.util.JvmPauseMonitor$Monitor@3ddb11f1] INFO  util.JvmPauseMonitor (JvmPauseMonitor.java:run(188)) - Starting JVM pause monitor
2019-09-05 07:35:28,226 [main] INFO  ozone.HddsDatanodeService (HddsDatanodeService.java:start(184)) - HddsDatanodeService host:pr-hdds-1571-lfg7x-4139639749 ip:192.168.36.69
2019-09-05 07:35:28,229 [Datanode State Machine Thread - 0] INFO  datanode.InitDatanodeState (InitDatanodeState.java:persistContainerDatanodeDetails(140)) - DatanodeDetails is persisted to /workdir/hadoop-ozone/integration-test/target/test-dir/MiniOzoneClusterImpl-a91fc67d-f8c9-4dc9-8b91-6f02eb894b3b/datanode-1/meta/datanode.id
2019-09-05 07:35:28,235 [main] INFO  volume.HddsVolume (HddsVolume.java:<init>(176)) - Creating Volume: /workdir/hadoop-ozone/integration-test/target/test-dir/MiniOzoneClusterImpl-a91fc67d-f8c9-4dc9-8b91-6f02eb894b3b/datanode-2/data/containers/hdds of  storage type : DISK and capacity : 1482555576320
2019-09-05 07:35:28,236 [main] INFO  volume.VolumeSet (VolumeSet.java:initializeVolumeSet(170)) - Added Volume : /workdir/hadoop-ozone/integration-test/target/test-dir/MiniOzoneClusterImpl-a91fc67d-f8c9-4dc9-8b91-6f02eb894b3b/datanode-2/data/containers/hdds to VolumeSet
2019-09-05 07:35:28,236 [main] INFO  volume.ThrottledAsyncChecker (ThrottledAsyncChecker.java:schedule(140)) - Scheduling a check for org.apache.hadoop.ozone.container.common.volume.HddsVolume@18dcb8a7
2019-09-05 07:35:28,237 [main] INFO  volume.HddsVolumeChecker (HddsVolumeChecker.java:checkAllVolumes(203)) - Scheduled health check for volume org.apache.hadoop.ozone.container.common.volume.HddsVolume@18dcb8a7
2019-09-05 07:35:28,257 [main] INFO  impl.RaftServerProxy (ConfUtils.java:logGet(43)) - raft.rpc.type = GRPC (default)
2019-09-05 07:35:28,258 [main] INFO  grpc.GrpcFactory (GrpcFactory.java:checkPooledByteBufAllocatorUseCacheForAllThreads(45)) - PERFORMANCE WARNING: useCacheForAllThreads is true that may cause Netty to create a lot garbage objects and, as a result, trigger GC.
	It is recommended to disable useCacheForAllThreads by setting -Dorg.apache.ratis.thirdparty.io.netty.allocator.useCacheForAllThreads=false in command line.
2019-09-05 07:35:28,258 [main] INFO  grpc.GrpcConfigKeys$Server (ConfUtils.java:logGet(43)) - raft.grpc.server.port = 0 (default)
2019-09-05 07:35:28,258 [main] INFO  server.GrpcService (ConfUtils.java:logGet(43)) - raft.grpc.message.size.max = 33570816 (custom)
2019-09-05 07:35:28,259 [main] INFO  server.RaftServerConfigKeys (ConfUtils.java:logGet(43)) - raft.server.log.appender.buffer.byte-limit = 33554432 (custom)
2019-09-05 07:35:28,259 [main] INFO  server.GrpcService (ConfUtils.java:logGet(43)) - raft.grpc.flow.control.window = 1MB (=1048576) (default)
2019-09-05 07:35:28,259 [main] INFO  server.RaftServerConfigKeys (ConfUtils.java:logGet(43)) - raft.server.rpc.request.timeout = 3000ms (default)
2019-09-05 07:35:28,260 [main] INFO  server.RaftServerConfigKeys (ConfUtils.java:logGet(43)) - raft.server.storage.dir = [/workdir/hadoop-ozone/integration-test/target/test-dir/MiniOzoneClusterImpl-a91fc67d-f8c9-4dc9-8b91-6f02eb894b3b/datanode-2/data/ratis] (custom)
2019-09-05 07:35:28,261 [main] INFO  replication.SimpleContainerDownloader (SimpleContainerDownloader.java:<init>(72)) - Starting container downloader service to copy containers to replicate.
2019-09-05 07:35:28,262 [main] INFO  hdfs.DFSUtil (DFSUtil.java:httpServerTemplateForNNAndJN(1641)) - Starting Web-server for hddsDatanode at: http://0.0.0.0:0
2019-09-05 07:35:28,263 [main] INFO  server.AuthenticationFilter (AuthenticationFilter.java:constructSecretProvider(240)) - Unable to initialize FileSignerSecretProvider, falling back to use random secrets.
2019-09-05 07:35:28,264 [main] WARN  http.HttpRequestLog (HttpRequestLog.java:getRequestLog(97)) - Jetty request log can only be enabled using Log4j
2019-09-05 07:35:28,265 [main] INFO  http.HttpServer2 (HttpServer2.java:addGlobalFilter(975)) - Added global filter 'safety' (class=org.apache.hadoop.http.HttpServer2$QuotingInputFilter)
2019-09-05 07:35:28,266 [main] INFO  http.HttpServer2 (HttpServer2.java:addFilter(948)) - Added filter static_user_filter (class=org.apache.hadoop.http.lib.StaticUserWebFilter$StaticUserFilter) to context hddsDatanode
2019-09-05 07:35:28,266 [main] INFO  http.HttpServer2 (HttpServer2.java:addFilter(958)) - Added filter static_user_filter (class=org.apache.hadoop.http.lib.StaticUserWebFilter$StaticUserFilter) to context static
2019-09-05 07:35:28,267 [main] INFO  http.HttpServer2 (HttpServer2.java:addFilter(958)) - Added filter static_user_filter (class=org.apache.hadoop.http.lib.StaticUserWebFilter$StaticUserFilter) to context logs
2019-09-05 07:35:28,268 [main] INFO  http.HttpServer2 (HttpServer2.java:bindListener(1191)) - Jetty bound to port 45022
2019-09-05 07:35:28,268 [main] INFO  server.Server (Server.java:doStart(351)) - jetty-9.3.24.v20180605, build timestamp: 2018-06-05T17:11:56Z, git hash: 84205aa28f11a4f31f2a3b86d1bba2cc8ab69827
2019-09-05 07:35:28,270 [main] INFO  handler.ContextHandler (ContextHandler.java:doStart(781)) - Started o.e.j.s.ServletContextHandler@251c8145{/logs,file:///workdir/hadoop-ozone/integration-test/target/log,AVAILABLE}
2019-09-05 07:35:28,270 [main] INFO  handler.ContextHandler (ContextHandler.java:doStart(781)) - Started o.e.j.s.ServletContextHandler@7abeabe9{/static,jar:file:/home/user/.m2/repository/org/apache/hadoop/hadoop-hdds-container-service/0.5.0-SNAPSHOT/hadoop-hdds-container-service-0.5.0-SNAPSHOT.jar!/webapps/static,AVAILABLE}
2019-09-05 07:35:28,301 [main] INFO  handler.ContextHandler (ContextHandler.java:doStart(781)) - Started o.e.j.w.WebAppContext@291a4791{/,file:///tmp/jetty-0.0.0.0-45022-hddsDatanode-_-any-8992870622881791606.dir/webapp/,AVAILABLE}{/hddsDatanode}
2019-09-05 07:35:28,303 [main] INFO  server.AbstractConnector (AbstractConnector.java:doStart(278)) - Started ServerConnector@5b1e88f{HTTP/1.1,[http/1.1]}{0.0.0.0:45022}
2019-09-05 07:35:28,303 [main] INFO  server.Server (Server.java:doStart(419)) - Started @8853ms
2019-09-05 07:35:28,304 [main] INFO  server.BaseHttpServer (BaseHttpServer.java:updateConnectorAddress(213)) - HTTP server of HDDSDATANODE is listening at http://0.0.0.0:45022
2019-09-05 07:35:28,453 | INFO  | ObjectStoreRestHttpServer | Listening HDDS REST traffic on /0.0.0.0:46585 |  
2019-09-05 07:35:28,453 [main] INFO  ozone.HddsDatanodeService (HddsDatanodeService.java:startPlugins(395)) - Started plug-in org.apache.hadoop.ozone.web.OzoneHddsDatanodeService@70881123
2019-09-05 07:35:28,454 [main] INFO  impl.MetricsSystemImpl (MetricsSystemImpl.java:init(158)) - HddsDatanode metrics system started (again)
2019-09-05 07:35:28,456 [main] INFO  ozone.HddsDatanodeService (HddsDatanodeService.java:start(184)) - HddsDatanodeService host:pr-hdds-1571-lfg7x-4139639749 ip:192.168.36.69
2019-09-05 07:35:28,457 [org.apache.hadoop.util.JvmPauseMonitor$Monitor@2f7b3d26] INFO  util.JvmPauseMonitor (JvmPauseMonitor.java:run(188)) - Starting JVM pause monitor
2019-09-05 07:35:28,459 [Datanode State Machine Thread - 0] INFO  datanode.InitDatanodeState (InitDatanodeState.java:persistContainerDatanodeDetails(140)) - DatanodeDetails is persisted to /workdir/hadoop-ozone/integration-test/target/test-dir/MiniOzoneClusterImpl-a91fc67d-f8c9-4dc9-8b91-6f02eb894b3b/datanode-2/meta/datanode.id
2019-09-05 07:35:28,463 [main] INFO  volume.HddsVolume (HddsVolume.java:<init>(176)) - Creating Volume: /workdir/hadoop-ozone/integration-test/target/test-dir/MiniOzoneClusterImpl-a91fc67d-f8c9-4dc9-8b91-6f02eb894b3b/datanode-3/data/containers/hdds of  storage type : DISK and capacity : 1482555576320
2019-09-05 07:35:28,464 [main] INFO  volume.VolumeSet (VolumeSet.java:initializeVolumeSet(170)) - Added Volume : /workdir/hadoop-ozone/integration-test/target/test-dir/MiniOzoneClusterImpl-a91fc67d-f8c9-4dc9-8b91-6f02eb894b3b/datanode-3/data/containers/hdds to VolumeSet
2019-09-05 07:35:28,464 [main] INFO  volume.ThrottledAsyncChecker (ThrottledAsyncChecker.java:schedule(140)) - Scheduling a check for org.apache.hadoop.ozone.container.common.volume.HddsVolume@5111de7c
2019-09-05 07:35:28,464 [main] INFO  volume.HddsVolumeChecker (HddsVolumeChecker.java:checkAllVolumes(203)) - Scheduled health check for volume org.apache.hadoop.ozone.container.common.volume.HddsVolume@5111de7c
2019-09-05 07:35:28,479 [main] INFO  impl.RaftServerProxy (ConfUtils.java:logGet(43)) - raft.rpc.type = GRPC (default)
2019-09-05 07:35:28,479 [main] INFO  grpc.GrpcFactory (GrpcFactory.java:checkPooledByteBufAllocatorUseCacheForAllThreads(45)) - PERFORMANCE WARNING: useCacheForAllThreads is true that may cause Netty to create a lot garbage objects and, as a result, trigger GC.
	It is recommended to disable useCacheForAllThreads by setting -Dorg.apache.ratis.thirdparty.io.netty.allocator.useCacheForAllThreads=false in command line.
2019-09-05 07:35:28,479 [main] INFO  grpc.GrpcConfigKeys$Server (ConfUtils.java:logGet(43)) - raft.grpc.server.port = 0 (default)
2019-09-05 07:35:28,480 [main] INFO  server.GrpcService (ConfUtils.java:logGet(43)) - raft.grpc.message.size.max = 33570816 (custom)
2019-09-05 07:35:28,480 [main] INFO  server.RaftServerConfigKeys (ConfUtils.java:logGet(43)) - raft.server.log.appender.buffer.byte-limit = 33554432 (custom)
2019-09-05 07:35:28,480 [main] INFO  server.GrpcService (ConfUtils.java:logGet(43)) - raft.grpc.flow.control.window = 1MB (=1048576) (default)
2019-09-05 07:35:28,480 [main] INFO  server.RaftServerConfigKeys (ConfUtils.java:logGet(43)) - raft.server.rpc.request.timeout = 3000ms (default)
2019-09-05 07:35:28,481 [main] INFO  server.RaftServerConfigKeys (ConfUtils.java:logGet(43)) - raft.server.storage.dir = [/workdir/hadoop-ozone/integration-test/target/test-dir/MiniOzoneClusterImpl-a91fc67d-f8c9-4dc9-8b91-6f02eb894b3b/datanode-3/data/ratis] (custom)
2019-09-05 07:35:28,482 [main] INFO  replication.SimpleContainerDownloader (SimpleContainerDownloader.java:<init>(72)) - Starting container downloader service to copy containers to replicate.
2019-09-05 07:35:28,483 [main] INFO  hdfs.DFSUtil (DFSUtil.java:httpServerTemplateForNNAndJN(1641)) - Starting Web-server for hddsDatanode at: http://0.0.0.0:0
2019-09-05 07:35:28,484 [main] INFO  server.AuthenticationFilter (AuthenticationFilter.java:constructSecretProvider(240)) - Unable to initialize FileSignerSecretProvider, falling back to use random secrets.
2019-09-05 07:35:28,485 [main] WARN  http.HttpRequestLog (HttpRequestLog.java:getRequestLog(97)) - Jetty request log can only be enabled using Log4j
2019-09-05 07:35:28,487 [main] INFO  http.HttpServer2 (HttpServer2.java:addGlobalFilter(975)) - Added global filter 'safety' (class=org.apache.hadoop.http.HttpServer2$QuotingInputFilter)
2019-09-05 07:35:28,487 [main] INFO  http.HttpServer2 (HttpServer2.java:addFilter(948)) - Added filter static_user_filter (class=org.apache.hadoop.http.lib.StaticUserWebFilter$StaticUserFilter) to context hddsDatanode
2019-09-05 07:35:28,487 [main] INFO  http.HttpServer2 (HttpServer2.java:addFilter(958)) - Added filter static_user_filter (class=org.apache.hadoop.http.lib.StaticUserWebFilter$StaticUserFilter) to context static
2019-09-05 07:35:28,487 [main] INFO  http.HttpServer2 (HttpServer2.java:addFilter(958)) - Added filter static_user_filter (class=org.apache.hadoop.http.lib.StaticUserWebFilter$StaticUserFilter) to context logs
2019-09-05 07:35:28,488 [main] INFO  http.HttpServer2 (HttpServer2.java:bindListener(1191)) - Jetty bound to port 44633
2019-09-05 07:35:28,488 [main] INFO  server.Server (Server.java:doStart(351)) - jetty-9.3.24.v20180605, build timestamp: 2018-06-05T17:11:56Z, git hash: 84205aa28f11a4f31f2a3b86d1bba2cc8ab69827
2019-09-05 07:35:28,492 [main] INFO  handler.ContextHandler (ContextHandler.java:doStart(781)) - Started o.e.j.s.ServletContextHandler@2b6fb197{/logs,file:///workdir/hadoop-ozone/integration-test/target/log,AVAILABLE}
2019-09-05 07:35:28,492 [main] INFO  handler.ContextHandler (ContextHandler.java:doStart(781)) - Started o.e.j.s.ServletContextHandler@5a2ae1ab{/static,jar:file:/home/user/.m2/repository/org/apache/hadoop/hadoop-hdds-container-service/0.5.0-SNAPSHOT/hadoop-hdds-container-service-0.5.0-SNAPSHOT.jar!/webapps/static,AVAILABLE}
2019-09-05 07:35:28,519 [main] INFO  handler.ContextHandler (ContextHandler.java:doStart(781)) - Started o.e.j.w.WebAppContext@6889f56f{/,file:///tmp/jetty-0.0.0.0-44633-hddsDatanode-_-any-2464085916628744507.dir/webapp/,AVAILABLE}{/hddsDatanode}
2019-09-05 07:35:28,521 [main] INFO  server.AbstractConnector (AbstractConnector.java:doStart(278)) - Started ServerConnector@231b35fb{HTTP/1.1,[http/1.1]}{0.0.0.0:44633}
2019-09-05 07:35:28,521 [main] INFO  server.Server (Server.java:doStart(419)) - Started @9071ms
2019-09-05 07:35:28,522 [main] INFO  server.BaseHttpServer (BaseHttpServer.java:updateConnectorAddress(213)) - HTTP server of HDDSDATANODE is listening at http://0.0.0.0:44633
2019-09-05 07:35:28,673 | INFO  | ObjectStoreRestHttpServer | Listening HDDS REST traffic on /0.0.0.0:38366 |  
2019-09-05 07:35:28,673 [main] INFO  ozone.HddsDatanodeService (HddsDatanodeService.java:startPlugins(395)) - Started plug-in org.apache.hadoop.ozone.web.OzoneHddsDatanodeService@22a4ca4a
2019-09-05 07:35:28,673 [main] INFO  impl.MetricsSystemImpl (MetricsSystemImpl.java:init(158)) - HddsDatanode metrics system started (again)
2019-09-05 07:35:28,676 [org.apache.hadoop.util.JvmPauseMonitor$Monitor@e52ee82] INFO  util.JvmPauseMonitor (JvmPauseMonitor.java:run(188)) - Starting JVM pause monitor
2019-09-05 07:35:28,677 [main] INFO  ozone.HddsDatanodeService (HddsDatanodeService.java:start(184)) - HddsDatanodeService host:pr-hdds-1571-lfg7x-4139639749 ip:192.168.36.69
2019-09-05 07:35:28,678 [Datanode State Machine Thread - 0] INFO  datanode.InitDatanodeState (InitDatanodeState.java:persistContainerDatanodeDetails(140)) - DatanodeDetails is persisted to /workdir/hadoop-ozone/integration-test/target/test-dir/MiniOzoneClusterImpl-a91fc67d-f8c9-4dc9-8b91-6f02eb894b3b/datanode-3/meta/datanode.id
2019-09-05 07:35:28,683 [main] INFO  volume.HddsVolume (HddsVolume.java:<init>(176)) - Creating Volume: /workdir/hadoop-ozone/integration-test/target/test-dir/MiniOzoneClusterImpl-a91fc67d-f8c9-4dc9-8b91-6f02eb894b3b/datanode-4/data/containers/hdds of  storage type : DISK and capacity : 1482555576320
2019-09-05 07:35:28,684 [main] INFO  volume.VolumeSet (VolumeSet.java:initializeVolumeSet(170)) - Added Volume : /workdir/hadoop-ozone/integration-test/target/test-dir/MiniOzoneClusterImpl-a91fc67d-f8c9-4dc9-8b91-6f02eb894b3b/datanode-4/data/containers/hdds to VolumeSet
2019-09-05 07:35:28,684 [main] INFO  volume.ThrottledAsyncChecker (ThrottledAsyncChecker.java:schedule(140)) - Scheduling a check for org.apache.hadoop.ozone.container.common.volume.HddsVolume@5403907
2019-09-05 07:35:28,684 [main] INFO  volume.HddsVolumeChecker (HddsVolumeChecker.java:checkAllVolumes(203)) - Scheduled health check for volume org.apache.hadoop.ozone.container.common.volume.HddsVolume@5403907
2019-09-05 07:35:28,700 [main] INFO  impl.RaftServerProxy (ConfUtils.java:logGet(43)) - raft.rpc.type = GRPC (default)
2019-09-05 07:35:28,700 [main] INFO  grpc.GrpcFactory (GrpcFactory.java:checkPooledByteBufAllocatorUseCacheForAllThreads(45)) - PERFORMANCE WARNING: useCacheForAllThreads is true that may cause Netty to create a lot garbage objects and, as a result, trigger GC.
	It is recommended to disable useCacheForAllThreads by setting -Dorg.apache.ratis.thirdparty.io.netty.allocator.useCacheForAllThreads=false in command line.
2019-09-05 07:35:28,701 [main] INFO  grpc.GrpcConfigKeys$Server (ConfUtils.java:logGet(43)) - raft.grpc.server.port = 0 (default)
2019-09-05 07:35:28,701 [main] INFO  server.GrpcService (ConfUtils.java:logGet(43)) - raft.grpc.message.size.max = 33570816 (custom)
2019-09-05 07:35:28,701 [main] INFO  server.RaftServerConfigKeys (ConfUtils.java:logGet(43)) - raft.server.log.appender.buffer.byte-limit = 33554432 (custom)
2019-09-05 07:35:28,701 [main] INFO  server.GrpcService (ConfUtils.java:logGet(43)) - raft.grpc.flow.control.window = 1MB (=1048576) (default)
2019-09-05 07:35:28,702 [main] INFO  server.RaftServerConfigKeys (ConfUtils.java:logGet(43)) - raft.server.rpc.request.timeout = 3000ms (default)
2019-09-05 07:35:28,702 [main] INFO  server.RaftServerConfigKeys (ConfUtils.java:logGet(43)) - raft.server.storage.dir = [/workdir/hadoop-ozone/integration-test/target/test-dir/MiniOzoneClusterImpl-a91fc67d-f8c9-4dc9-8b91-6f02eb894b3b/datanode-4/data/ratis] (custom)
2019-09-05 07:35:28,703 [main] INFO  replication.SimpleContainerDownloader (SimpleContainerDownloader.java:<init>(72)) - Starting container downloader service to copy containers to replicate.
2019-09-05 07:35:28,704 [main] INFO  hdfs.DFSUtil (DFSUtil.java:httpServerTemplateForNNAndJN(1641)) - Starting Web-server for hddsDatanode at: http://0.0.0.0:0
2019-09-05 07:35:28,706 [main] INFO  server.AuthenticationFilter (AuthenticationFilter.java:constructSecretProvider(240)) - Unable to initialize FileSignerSecretProvider, falling back to use random secrets.
2019-09-05 07:35:28,706 [main] WARN  http.HttpRequestLog (HttpRequestLog.java:getRequestLog(97)) - Jetty request log can only be enabled using Log4j
2019-09-05 07:35:28,708 [main] INFO  http.HttpServer2 (HttpServer2.java:addGlobalFilter(975)) - Added global filter 'safety' (class=org.apache.hadoop.http.HttpServer2$QuotingInputFilter)
2019-09-05 07:35:28,708 [main] INFO  http.HttpServer2 (HttpServer2.java:addFilter(948)) - Added filter static_user_filter (class=org.apache.hadoop.http.lib.StaticUserWebFilter$StaticUserFilter) to context hddsDatanode
2019-09-05 07:35:28,708 [main] INFO  http.HttpServer2 (HttpServer2.java:addFilter(958)) - Added filter static_user_filter (class=org.apache.hadoop.http.lib.StaticUserWebFilter$StaticUserFilter) to context logs
2019-09-05 07:35:28,709 [main] INFO  http.HttpServer2 (HttpServer2.java:addFilter(958)) - Added filter static_user_filter (class=org.apache.hadoop.http.lib.StaticUserWebFilter$StaticUserFilter) to context static
2019-09-05 07:35:28,709 [main] INFO  http.HttpServer2 (HttpServer2.java:bindListener(1191)) - Jetty bound to port 42353
2019-09-05 07:35:28,709 [main] INFO  server.Server (Server.java:doStart(351)) - jetty-9.3.24.v20180605, build timestamp: 2018-06-05T17:11:56Z, git hash: 84205aa28f11a4f31f2a3b86d1bba2cc8ab69827
2019-09-05 07:35:28,712 [main] INFO  handler.ContextHandler (ContextHandler.java:doStart(781)) - Started o.e.j.s.ServletContextHandler@6321a5aa{/logs,file:///workdir/hadoop-ozone/integration-test/target/log,AVAILABLE}
2019-09-05 07:35:28,712 [main] INFO  handler.ContextHandler (ContextHandler.java:doStart(781)) - Started o.e.j.s.ServletContextHandler@7a36c83a{/static,jar:file:/home/user/.m2/repository/org/apache/hadoop/hadoop-hdds-container-service/0.5.0-SNAPSHOT/hadoop-hdds-container-service-0.5.0-SNAPSHOT.jar!/webapps/static,AVAILABLE}
2019-09-05 07:35:28,739 [main] INFO  handler.ContextHandler (ContextHandler.java:doStart(781)) - Started o.e.j.w.WebAppContext@5520f675{/,file:///tmp/jetty-0.0.0.0-42353-hddsDatanode-_-any-2775409738430336604.dir/webapp/,AVAILABLE}{/hddsDatanode}
2019-09-05 07:35:28,739 [main] INFO  server.AbstractConnector (AbstractConnector.java:doStart(278)) - Started ServerConnector@2d237460{HTTP/1.1,[http/1.1]}{0.0.0.0:42353}
2019-09-05 07:35:28,740 [main] INFO  server.Server (Server.java:doStart(419)) - Started @9290ms
2019-09-05 07:35:28,741 [main] INFO  server.BaseHttpServer (BaseHttpServer.java:updateConnectorAddress(213)) - HTTP server of HDDSDATANODE is listening at http://0.0.0.0:42353
2019-09-05 07:35:28,901 | INFO  | ObjectStoreRestHttpServer | Listening HDDS REST traffic on /0.0.0.0:43013 |  
2019-09-05 07:35:28,901 [main] INFO  ozone.HddsDatanodeService (HddsDatanodeService.java:startPlugins(395)) - Started plug-in org.apache.hadoop.ozone.web.OzoneHddsDatanodeService@693f2213
2019-09-05 07:35:28,902 [main] INFO  impl.MetricsSystemImpl (MetricsSystemImpl.java:init(158)) - HddsDatanode metrics system started (again)
2019-09-05 07:35:28,906 [main] INFO  ozone.HddsDatanodeService (HddsDatanodeService.java:start(184)) - HddsDatanodeService host:pr-hdds-1571-lfg7x-4139639749 ip:192.168.36.69
2019-09-05 07:35:28,906 [org.apache.hadoop.util.JvmPauseMonitor$Monitor@52b73054] INFO  util.JvmPauseMonitor (JvmPauseMonitor.java:run(188)) - Starting JVM pause monitor
2019-09-05 07:35:28,908 [Datanode State Machine Thread - 0] INFO  datanode.InitDatanodeState (InitDatanodeState.java:persistContainerDatanodeDetails(140)) - DatanodeDetails is persisted to /workdir/hadoop-ozone/integration-test/target/test-dir/MiniOzoneClusterImpl-a91fc67d-f8c9-4dc9-8b91-6f02eb894b3b/datanode-4/meta/datanode.id
2019-09-05 07:35:28,914 [main] INFO  volume.HddsVolume (HddsVolume.java:<init>(176)) - Creating Volume: /workdir/hadoop-ozone/integration-test/target/test-dir/MiniOzoneClusterImpl-a91fc67d-f8c9-4dc9-8b91-6f02eb894b3b/datanode-5/data/containers/hdds of  storage type : DISK and capacity : 1482555576320
2019-09-05 07:35:28,914 [main] INFO  volume.VolumeSet (VolumeSet.java:initializeVolumeSet(170)) - Added Volume : /workdir/hadoop-ozone/integration-test/target/test-dir/MiniOzoneClusterImpl-a91fc67d-f8c9-4dc9-8b91-6f02eb894b3b/datanode-5/data/containers/hdds to VolumeSet
2019-09-05 07:35:28,914 [main] INFO  volume.ThrottledAsyncChecker (ThrottledAsyncChecker.java:schedule(140)) - Scheduling a check for org.apache.hadoop.ozone.container.common.volume.HddsVolume@10a907ec
2019-09-05 07:35:28,915 [main] INFO  volume.HddsVolumeChecker (HddsVolumeChecker.java:checkAllVolumes(203)) - Scheduled health check for volume org.apache.hadoop.ozone.container.common.volume.HddsVolume@10a907ec
2019-09-05 07:35:28,930 [main] INFO  impl.RaftServerProxy (ConfUtils.java:logGet(43)) - raft.rpc.type = GRPC (default)
2019-09-05 07:35:28,931 [main] INFO  grpc.GrpcFactory (GrpcFactory.java:checkPooledByteBufAllocatorUseCacheForAllThreads(45)) - PERFORMANCE WARNING: useCacheForAllThreads is true that may cause Netty to create a lot garbage objects and, as a result, trigger GC.
	It is recommended to disable useCacheForAllThreads by setting -Dorg.apache.ratis.thirdparty.io.netty.allocator.useCacheForAllThreads=false in command line.
2019-09-05 07:35:28,931 [main] INFO  grpc.GrpcConfigKeys$Server (ConfUtils.java:logGet(43)) - raft.grpc.server.port = 0 (default)
2019-09-05 07:35:28,931 [main] INFO  server.GrpcService (ConfUtils.java:logGet(43)) - raft.grpc.message.size.max = 33570816 (custom)
2019-09-05 07:35:28,931 [main] INFO  server.RaftServerConfigKeys (ConfUtils.java:logGet(43)) - raft.server.log.appender.buffer.byte-limit = 33554432 (custom)
2019-09-05 07:35:28,931 [main] INFO  server.GrpcService (ConfUtils.java:logGet(43)) - raft.grpc.flow.control.window = 1MB (=1048576) (default)
2019-09-05 07:35:28,932 [main] INFO  server.RaftServerConfigKeys (ConfUtils.java:logGet(43)) - raft.server.rpc.request.timeout = 3000ms (default)
2019-09-05 07:35:28,932 [main] INFO  server.RaftServerConfigKeys (ConfUtils.java:logGet(43)) - raft.server.storage.dir = [/workdir/hadoop-ozone/integration-test/target/test-dir/MiniOzoneClusterImpl-a91fc67d-f8c9-4dc9-8b91-6f02eb894b3b/datanode-5/data/ratis] (custom)
2019-09-05 07:35:28,933 [main] INFO  replication.SimpleContainerDownloader (SimpleContainerDownloader.java:<init>(72)) - Starting container downloader service to copy containers to replicate.
2019-09-05 07:35:28,934 [main] INFO  hdfs.DFSUtil (DFSUtil.java:httpServerTemplateForNNAndJN(1641)) - Starting Web-server for hddsDatanode at: http://0.0.0.0:0
2019-09-05 07:35:28,935 [main] INFO  server.AuthenticationFilter (AuthenticationFilter.java:constructSecretProvider(240)) - Unable to initialize FileSignerSecretProvider, falling back to use random secrets.
2019-09-05 07:35:28,936 [main] WARN  http.HttpRequestLog (HttpRequestLog.java:getRequestLog(97)) - Jetty request log can only be enabled using Log4j
2019-09-05 07:35:28,937 [main] INFO  http.HttpServer2 (HttpServer2.java:addGlobalFilter(975)) - Added global filter 'safety' (class=org.apache.hadoop.http.HttpServer2$QuotingInputFilter)
2019-09-05 07:35:28,938 [main] INFO  http.HttpServer2 (HttpServer2.java:addFilter(948)) - Added filter static_user_filter (class=org.apache.hadoop.http.lib.StaticUserWebFilter$StaticUserFilter) to context hddsDatanode
2019-09-05 07:35:28,938 [main] INFO  http.HttpServer2 (HttpServer2.java:addFilter(958)) - Added filter static_user_filter (class=org.apache.hadoop.http.lib.StaticUserWebFilter$StaticUserFilter) to context static
2019-09-05 07:35:28,938 [main] INFO  http.HttpServer2 (HttpServer2.java:addFilter(958)) - Added filter static_user_filter (class=org.apache.hadoop.http.lib.StaticUserWebFilter$StaticUserFilter) to context logs
2019-09-05 07:35:28,939 [main] INFO  http.HttpServer2 (HttpServer2.java:bindListener(1191)) - Jetty bound to port 40780
2019-09-05 07:35:28,939 [main] INFO  server.Server (Server.java:doStart(351)) - jetty-9.3.24.v20180605, build timestamp: 2018-06-05T17:11:56Z, git hash: 84205aa28f11a4f31f2a3b86d1bba2cc8ab69827
2019-09-05 07:35:28,941 [main] INFO  handler.ContextHandler (ContextHandler.java:doStart(781)) - Started o.e.j.s.ServletContextHandler@4f5c30b1{/logs,file:///workdir/hadoop-ozone/integration-test/target/log,AVAILABLE}
2019-09-05 07:35:28,942 [main] INFO  handler.ContextHandler (ContextHandler.java:doStart(781)) - Started o.e.j.s.ServletContextHandler@5d7f8467{/static,jar:file:/home/user/.m2/repository/org/apache/hadoop/hadoop-hdds-container-service/0.5.0-SNAPSHOT/hadoop-hdds-container-service-0.5.0-SNAPSHOT.jar!/webapps/static,AVAILABLE}
2019-09-05 07:35:28,973 [main] INFO  handler.ContextHandler (ContextHandler.java:doStart(781)) - Started o.e.j.w.WebAppContext@2a484710{/,file:///tmp/jetty-0.0.0.0-40780-hddsDatanode-_-any-5931601305311767864.dir/webapp/,AVAILABLE}{/hddsDatanode}
2019-09-05 07:35:28,973 [main] INFO  server.AbstractConnector (AbstractConnector.java:doStart(278)) - Started ServerConnector@661e1399{HTTP/1.1,[http/1.1]}{0.0.0.0:40780}
2019-09-05 07:35:28,975 [main] INFO  server.Server (Server.java:doStart(419)) - Started @9525ms
2019-09-05 07:35:28,976 [main] INFO  server.BaseHttpServer (BaseHttpServer.java:updateConnectorAddress(213)) - HTTP server of HDDSDATANODE is listening at http://0.0.0.0:40780
2019-09-05 07:35:29,233 | INFO  | ObjectStoreRestHttpServer | Listening HDDS REST traffic on /0.0.0.0:41160 |  
2019-09-05 07:35:29,233 [main] INFO  ozone.HddsDatanodeService (HddsDatanodeService.java:startPlugins(395)) - Started plug-in org.apache.hadoop.ozone.web.OzoneHddsDatanodeService@6e8f2094
2019-09-05 07:35:29,234 [main] INFO  impl.MetricsSystemImpl (MetricsSystemImpl.java:init(158)) - HddsDatanode metrics system started (again)
2019-09-05 07:35:29,237 [org.apache.hadoop.util.JvmPauseMonitor$Monitor@1e5805de] INFO  util.JvmPauseMonitor (JvmPauseMonitor.java:run(188)) - Starting JVM pause monitor
2019-09-05 07:35:29,238 [main] INFO  ozone.HddsDatanodeService (HddsDatanodeService.java:start(184)) - HddsDatanodeService host:pr-hdds-1571-lfg7x-4139639749 ip:192.168.36.69
2019-09-05 07:35:29,239 [Datanode State Machine Thread - 0] INFO  datanode.InitDatanodeState (InitDatanodeState.java:persistContainerDatanodeDetails(140)) - DatanodeDetails is persisted to /workdir/hadoop-ozone/integration-test/target/test-dir/MiniOzoneClusterImpl-a91fc67d-f8c9-4dc9-8b91-6f02eb894b3b/datanode-5/meta/datanode.id
2019-09-05 07:35:29,246 [main] INFO  volume.HddsVolume (HddsVolume.java:<init>(176)) - Creating Volume: /workdir/hadoop-ozone/integration-test/target/test-dir/MiniOzoneClusterImpl-a91fc67d-f8c9-4dc9-8b91-6f02eb894b3b/datanode-6/data/containers/hdds of  storage type : DISK and capacity : 1482555576320
2019-09-05 07:35:29,246 [main] INFO  volume.VolumeSet (VolumeSet.java:initializeVolumeSet(170)) - Added Volume : /workdir/hadoop-ozone/integration-test/target/test-dir/MiniOzoneClusterImpl-a91fc67d-f8c9-4dc9-8b91-6f02eb894b3b/datanode-6/data/containers/hdds to VolumeSet
2019-09-05 07:35:29,247 [main] INFO  volume.ThrottledAsyncChecker (ThrottledAsyncChecker.java:schedule(140)) - Scheduling a check for org.apache.hadoop.ozone.container.common.volume.HddsVolume@58601e7a
2019-09-05 07:35:29,247 [main] INFO  volume.HddsVolumeChecker (HddsVolumeChecker.java:checkAllVolumes(203)) - Scheduled health check for volume org.apache.hadoop.ozone.container.common.volume.HddsVolume@58601e7a
2019-09-05 07:35:29,261 [main] INFO  impl.RaftServerProxy (ConfUtils.java:logGet(43)) - raft.rpc.type = GRPC (default)
2019-09-05 07:35:29,261 [main] INFO  grpc.GrpcFactory (GrpcFactory.java:checkPooledByteBufAllocatorUseCacheForAllThreads(45)) - PERFORMANCE WARNING: useCacheForAllThreads is true that may cause Netty to create a lot garbage objects and, as a result, trigger GC.
	It is recommended to disable useCacheForAllThreads by setting -Dorg.apache.ratis.thirdparty.io.netty.allocator.useCacheForAllThreads=false in command line.
2019-09-05 07:35:29,261 [main] INFO  grpc.GrpcConfigKeys$Server (ConfUtils.java:logGet(43)) - raft.grpc.server.port = 0 (default)
2019-09-05 07:35:29,262 [main] INFO  server.GrpcService (ConfUtils.java:logGet(43)) - raft.grpc.message.size.max = 33570816 (custom)
2019-09-05 07:35:29,262 [main] INFO  server.RaftServerConfigKeys (ConfUtils.java:logGet(43)) - raft.server.log.appender.buffer.byte-limit = 33554432 (custom)
2019-09-05 07:35:29,262 [main] INFO  server.GrpcService (ConfUtils.java:logGet(43)) - raft.grpc.flow.control.window = 1MB (=1048576) (default)
2019-09-05 07:35:29,262 [main] INFO  server.RaftServerConfigKeys (ConfUtils.java:logGet(43)) - raft.server.rpc.request.timeout = 3000ms (default)
2019-09-05 07:35:29,263 [main] INFO  server.RaftServerConfigKeys (ConfUtils.java:logGet(43)) - raft.server.storage.dir = [/workdir/hadoop-ozone/integration-test/target/test-dir/MiniOzoneClusterImpl-a91fc67d-f8c9-4dc9-8b91-6f02eb894b3b/datanode-6/data/ratis] (custom)
2019-09-05 07:35:29,263 [main] INFO  replication.SimpleContainerDownloader (SimpleContainerDownloader.java:<init>(72)) - Starting container downloader service to copy containers to replicate.
2019-09-05 07:35:29,264 [main] INFO  hdfs.DFSUtil (DFSUtil.java:httpServerTemplateForNNAndJN(1641)) - Starting Web-server for hddsDatanode at: http://0.0.0.0:0
2019-09-05 07:35:29,266 [main] INFO  server.AuthenticationFilter (AuthenticationFilter.java:constructSecretProvider(240)) - Unable to initialize FileSignerSecretProvider, falling back to use random secrets.
2019-09-05 07:35:29,266 [main] WARN  http.HttpRequestLog (HttpRequestLog.java:getRequestLog(97)) - Jetty request log can only be enabled using Log4j
2019-09-05 07:35:29,267 [main] INFO  http.HttpServer2 (HttpServer2.java:addGlobalFilter(975)) - Added global filter 'safety' (class=org.apache.hadoop.http.HttpServer2$QuotingInputFilter)
2019-09-05 07:35:29,268 [main] INFO  http.HttpServer2 (HttpServer2.java:addFilter(948)) - Added filter static_user_filter (class=org.apache.hadoop.http.lib.StaticUserWebFilter$StaticUserFilter) to context hddsDatanode
2019-09-05 07:35:29,268 [main] INFO  http.HttpServer2 (HttpServer2.java:addFilter(958)) - Added filter static_user_filter (class=org.apache.hadoop.http.lib.StaticUserWebFilter$StaticUserFilter) to context static
2019-09-05 07:35:29,268 [main] INFO  http.HttpServer2 (HttpServer2.java:addFilter(958)) - Added filter static_user_filter (class=org.apache.hadoop.http.lib.StaticUserWebFilter$StaticUserFilter) to context logs
2019-09-05 07:35:29,269 [main] INFO  http.HttpServer2 (HttpServer2.java:bindListener(1191)) - Jetty bound to port 35096
2019-09-05 07:35:29,269 [main] INFO  server.Server (Server.java:doStart(351)) - jetty-9.3.24.v20180605, build timestamp: 2018-06-05T17:11:56Z, git hash: 84205aa28f11a4f31f2a3b86d1bba2cc8ab69827
2019-09-05 07:35:29,270 [main] INFO  handler.ContextHandler (ContextHandler.java:doStart(781)) - Started o.e.j.s.ServletContextHandler@6a7a1a0d{/logs,file:///workdir/hadoop-ozone/integration-test/target/log,AVAILABLE}
2019-09-05 07:35:29,271 [main] INFO  handler.ContextHandler (ContextHandler.java:doStart(781)) - Started o.e.j.s.ServletContextHandler@76e6c070{/static,jar:file:/home/user/.m2/repository/org/apache/hadoop/hadoop-hdds-container-service/0.5.0-SNAPSHOT/hadoop-hdds-container-service-0.5.0-SNAPSHOT.jar!/webapps/static,AVAILABLE}
2019-09-05 07:35:29,295 [main] INFO  handler.ContextHandler (ContextHandler.java:doStart(781)) - Started o.e.j.w.WebAppContext@6ee37ca7{/,file:///tmp/jetty-0.0.0.0-35096-hddsDatanode-_-any-2905427529155273426.dir/webapp/,AVAILABLE}{/hddsDatanode}
2019-09-05 07:35:29,296 [main] INFO  server.AbstractConnector (AbstractConnector.java:doStart(278)) - Started ServerConnector@6775c0d1{HTTP/1.1,[http/1.1]}{0.0.0.0:35096}
2019-09-05 07:35:29,297 [main] INFO  server.Server (Server.java:doStart(419)) - Started @9848ms
2019-09-05 07:35:29,298 [main] INFO  server.BaseHttpServer (BaseHttpServer.java:updateConnectorAddress(213)) - HTTP server of HDDSDATANODE is listening at http://0.0.0.0:35096
2019-09-05 07:35:29,445 | INFO  | ObjectStoreRestHttpServer | Listening HDDS REST traffic on /0.0.0.0:35871 |  
2019-09-05 07:35:29,445 [main] INFO  ozone.HddsDatanodeService (HddsDatanodeService.java:startPlugins(395)) - Started plug-in org.apache.hadoop.ozone.web.OzoneHddsDatanodeService@7f8c3646
2019-09-05 07:35:29,447 [main] INFO  ozone.MiniOzoneClusterImpl (MiniOzoneClusterImpl.java:lambda$waitForClusterToBeReady$0(142)) - Waiting for cluster to be ready. Got 0 of 7 DN Heartbeats.
2019-09-05 07:35:29,448 [org.apache.hadoop.util.JvmPauseMonitor$Monitor@13dd5060] INFO  util.JvmPauseMonitor (JvmPauseMonitor.java:run(188)) - Starting JVM pause monitor
2019-09-05 07:35:29,450 [Datanode State Machine Thread - 0] INFO  datanode.InitDatanodeState (InitDatanodeState.java:persistContainerDatanodeDetails(140)) - DatanodeDetails is persisted to /workdir/hadoop-ozone/integration-test/target/test-dir/MiniOzoneClusterImpl-a91fc67d-f8c9-4dc9-8b91-6f02eb894b3b/datanode-6/meta/datanode.id
2019-09-05 07:35:29,999 | INFO  | SCMAudit | user=jenkins1000 | ip=192.168.36.69 | op=GET_VERSION null | ret=SUCCESS |  
2019-09-05 07:35:30,040 [Datanode State Machine Thread - 0] INFO  ozoneimpl.OzoneContainer (OzoneContainer.java:start(186)) - Attempting to start container services.
2019-09-05 07:35:30,042 [Datanode State Machine Thread - 0] INFO  ozoneimpl.OzoneContainer (OzoneContainer.java:startContainerScrub(160)) - Background container scrubber has been disabled by hdds.containerscrub.enabled
2019-09-05 07:35:30,043 [Datanode State Machine Thread - 0] INFO  ratis.XceiverServerRatis (XceiverServerRatis.java:start(404)) - Starting XceiverServerRatis 7a080ec0-19ca-4af1-b3b9-6aaba7a45b53 at port 0
2019-09-05 07:35:30,065 [Datanode State Machine Thread - 0] INFO  impl.RaftServerProxy (RaftServerProxy.java:lambda$start$3(299)) - 7a080ec0-19ca-4af1-b3b9-6aaba7a45b53: start RPC server
2019-09-05 07:35:30,184 [Datanode State Machine Thread - 0] INFO  server.GrpcService (GrpcService.java:startImpl(149)) - 7a080ec0-19ca-4af1-b3b9-6aaba7a45b53: GrpcService started, listening on 0.0.0.0/0.0.0.0:43350
2019-09-05 07:35:30,185 [Datanode State Machine Thread - 0] INFO  ratis.XceiverServerRatis (XceiverServerRatis.java:start(414)) - XceiverServerRatis 7a080ec0-19ca-4af1-b3b9-6aaba7a45b53 is started using port 43350
2019-09-05 07:35:30,188 [Datanode State Machine Thread - 0] INFO  server.XceiverServerGrpc (XceiverServerGrpc.java:start(163)) - XceiverServerGrpc 7a080ec0-19ca-4af1-b3b9-6aaba7a45b53 is started using port 45661
2019-09-05 07:35:30,224 | INFO  | SCMAudit | user=jenkins1000 | ip=192.168.36.69 | op=GET_VERSION null | ret=SUCCESS |  
2019-09-05 07:35:30,271 [Datanode State Machine Thread - 0] INFO  ozoneimpl.OzoneContainer (OzoneContainer.java:start(186)) - Attempting to start container services.
2019-09-05 07:35:30,273 [Datanode State Machine Thread - 0] INFO  ozoneimpl.OzoneContainer (OzoneContainer.java:startContainerScrub(160)) - Background container scrubber has been disabled by hdds.containerscrub.enabled
2019-09-05 07:35:30,273 [Datanode State Machine Thread - 0] INFO  ratis.XceiverServerRatis (XceiverServerRatis.java:start(404)) - Starting XceiverServerRatis 618caef6-a8cd-4e5c-bc39-325bb83fc273 at port 0
2019-09-05 07:35:30,282 [Datanode State Machine Thread - 0] INFO  impl.RaftServerProxy (RaftServerProxy.java:lambda$start$3(299)) - 618caef6-a8cd-4e5c-bc39-325bb83fc273: start RPC server
2019-09-05 07:35:30,286 [Datanode State Machine Thread - 0] INFO  server.GrpcService (GrpcService.java:startImpl(149)) - 618caef6-a8cd-4e5c-bc39-325bb83fc273: GrpcService started, listening on 0.0.0.0/0.0.0.0:42795
2019-09-05 07:35:30,286 [Datanode State Machine Thread - 0] INFO  ratis.XceiverServerRatis (XceiverServerRatis.java:start(414)) - XceiverServerRatis 618caef6-a8cd-4e5c-bc39-325bb83fc273 is started using port 42795
2019-09-05 07:35:30,288 [Datanode State Machine Thread - 0] INFO  server.XceiverServerGrpc (XceiverServerGrpc.java:start(163)) - XceiverServerGrpc 618caef6-a8cd-4e5c-bc39-325bb83fc273 is started using port 40173
2019-09-05 07:35:30,447 [main] INFO  ozone.MiniOzoneClusterImpl (MiniOzoneClusterImpl.java:lambda$waitForClusterToBeReady$0(142)) - Waiting for cluster to be ready. Got 0 of 7 DN Heartbeats.
2019-09-05 07:35:30,460 | INFO  | SCMAudit | user=jenkins1000 | ip=192.168.36.69 | op=GET_VERSION null | ret=SUCCESS |  
2019-09-05 07:35:30,477 [Datanode State Machine Thread - 0] INFO  ozoneimpl.OzoneContainer (OzoneContainer.java:start(186)) - Attempting to start container services.
2019-09-05 07:35:30,482 [Datanode State Machine Thread - 0] INFO  ozoneimpl.OzoneContainer (OzoneContainer.java:startContainerScrub(160)) - Background container scrubber has been disabled by hdds.containerscrub.enabled
2019-09-05 07:35:30,482 [Datanode State Machine Thread - 0] INFO  ratis.XceiverServerRatis (XceiverServerRatis.java:start(404)) - Starting XceiverServerRatis d8846d25-1678-4df1-8bff-f38eb3492905 at port 0
2019-09-05 07:35:30,491 [Datanode State Machine Thread - 0] INFO  impl.RaftServerProxy (RaftServerProxy.java:lambda$start$3(299)) - d8846d25-1678-4df1-8bff-f38eb3492905: start RPC server
2019-09-05 07:35:30,495 [Datanode State Machine Thread - 0] INFO  server.GrpcService (GrpcService.java:startImpl(149)) - d8846d25-1678-4df1-8bff-f38eb3492905: GrpcService started, listening on 0.0.0.0/0.0.0.0:44539
2019-09-05 07:35:30,495 [Datanode State Machine Thread - 0] INFO  ratis.XceiverServerRatis (XceiverServerRatis.java:start(414)) - XceiverServerRatis d8846d25-1678-4df1-8bff-f38eb3492905 is started using port 44539
2019-09-05 07:35:30,498 [Datanode State Machine Thread - 0] INFO  server.XceiverServerGrpc (XceiverServerGrpc.java:start(163)) - XceiverServerGrpc d8846d25-1678-4df1-8bff-f38eb3492905 is started using port 43758
2019-09-05 07:35:30,680 | INFO  | SCMAudit | user=jenkins1000 | ip=192.168.36.69 | op=GET_VERSION null | ret=SUCCESS |  
2019-09-05 07:35:30,712 [Datanode State Machine Thread - 0] INFO  ozoneimpl.OzoneContainer (OzoneContainer.java:start(186)) - Attempting to start container services.
2019-09-05 07:35:30,712 [Datanode State Machine Thread - 0] INFO  ozoneimpl.OzoneContainer (OzoneContainer.java:startContainerScrub(160)) - Background container scrubber has been disabled by hdds.containerscrub.enabled
2019-09-05 07:35:30,712 [Datanode State Machine Thread - 0] INFO  ratis.XceiverServerRatis (XceiverServerRatis.java:start(404)) - Starting XceiverServerRatis 216f763b-3e68-44a6-8a6b-4b7681664146 at port 0
2019-09-05 07:35:30,723 [Datanode State Machine Thread - 0] INFO  impl.RaftServerProxy (RaftServerProxy.java:lambda$start$3(299)) - 216f763b-3e68-44a6-8a6b-4b7681664146: start RPC server
2019-09-05 07:35:30,728 [Datanode State Machine Thread - 0] INFO  server.GrpcService (GrpcService.java:startImpl(149)) - 216f763b-3e68-44a6-8a6b-4b7681664146: GrpcService started, listening on 0.0.0.0/0.0.0.0:46568
2019-09-05 07:35:30,729 [Datanode State Machine Thread - 0] INFO  ratis.XceiverServerRatis (XceiverServerRatis.java:start(414)) - XceiverServerRatis 216f763b-3e68-44a6-8a6b-4b7681664146 is started using port 46568
2019-09-05 07:35:30,732 [Datanode State Machine Thread - 0] INFO  server.XceiverServerGrpc (XceiverServerGrpc.java:start(163)) - XceiverServerGrpc 216f763b-3e68-44a6-8a6b-4b7681664146 is started using port 39054
2019-09-05 07:35:30,909 | INFO  | SCMAudit | user=jenkins1000 | ip=192.168.36.69 | op=GET_VERSION null | ret=SUCCESS |  
2019-09-05 07:35:30,942 [Datanode State Machine Thread - 0] INFO  ozoneimpl.OzoneContainer (OzoneContainer.java:start(186)) - Attempting to start container services.
2019-09-05 07:35:30,942 [Datanode State Machine Thread - 0] INFO  ozoneimpl.OzoneContainer (OzoneContainer.java:startContainerScrub(160)) - Background container scrubber has been disabled by hdds.containerscrub.enabled
2019-09-05 07:35:30,942 [Datanode State Machine Thread - 0] INFO  ratis.XceiverServerRatis (XceiverServerRatis.java:start(404)) - Starting XceiverServerRatis 5822af17-ba6a-443c-803e-51bf9a574bd0 at port 0
2019-09-05 07:35:30,951 [Datanode State Machine Thread - 0] INFO  impl.RaftServerProxy (RaftServerProxy.java:lambda$start$3(299)) - 5822af17-ba6a-443c-803e-51bf9a574bd0: start RPC server
2019-09-05 07:35:30,955 [Datanode State Machine Thread - 0] INFO  server.GrpcService (GrpcService.java:startImpl(149)) - 5822af17-ba6a-443c-803e-51bf9a574bd0: GrpcService started, listening on 0.0.0.0/0.0.0.0:45253
2019-09-05 07:35:30,955 [Datanode State Machine Thread - 0] INFO  ratis.XceiverServerRatis (XceiverServerRatis.java:start(414)) - XceiverServerRatis 5822af17-ba6a-443c-803e-51bf9a574bd0 is started using port 45253
2019-09-05 07:35:30,958 [Datanode State Machine Thread - 0] INFO  server.XceiverServerGrpc (XceiverServerGrpc.java:start(163)) - XceiverServerGrpc 5822af17-ba6a-443c-803e-51bf9a574bd0 is started using port 37486
2019-09-05 07:35:31,242 | INFO  | SCMAudit | user=jenkins1000 | ip=192.168.36.69 | op=GET_VERSION null | ret=SUCCESS |  
2019-09-05 07:35:31,256 [Datanode State Machine Thread - 0] INFO  ozoneimpl.OzoneContainer (OzoneContainer.java:start(186)) - Attempting to start container services.
2019-09-05 07:35:31,256 [Datanode State Machine Thread - 0] INFO  ozoneimpl.OzoneContainer (OzoneContainer.java:startContainerScrub(160)) - Background container scrubber has been disabled by hdds.containerscrub.enabled
2019-09-05 07:35:31,256 [Datanode State Machine Thread - 0] INFO  ratis.XceiverServerRatis (XceiverServerRatis.java:start(404)) - Starting XceiverServerRatis cbc4e215-9e19-470f-b262-a66375af609e at port 0
2019-09-05 07:35:31,262 [Datanode State Machine Thread - 0] INFO  impl.RaftServerProxy (RaftServerProxy.java:lambda$start$3(299)) - cbc4e215-9e19-470f-b262-a66375af609e: start RPC server
2019-09-05 07:35:31,266 [Datanode State Machine Thread - 0] INFO  server.GrpcService (GrpcService.java:startImpl(149)) - cbc4e215-9e19-470f-b262-a66375af609e: GrpcService started, listening on 0.0.0.0/0.0.0.0:44389
2019-09-05 07:35:31,266 [Datanode State Machine Thread - 0] INFO  ratis.XceiverServerRatis (XceiverServerRatis.java:start(414)) - XceiverServerRatis cbc4e215-9e19-470f-b262-a66375af609e is started using port 44389
2019-09-05 07:35:31,269 [Datanode State Machine Thread - 0] INFO  server.XceiverServerGrpc (XceiverServerGrpc.java:start(163)) - XceiverServerGrpc cbc4e215-9e19-470f-b262-a66375af609e is started using port 32957
2019-09-05 07:35:31,448 [main] INFO  ozone.MiniOzoneClusterImpl (MiniOzoneClusterImpl.java:lambda$waitForClusterToBeReady$0(142)) - Waiting for cluster to be ready. Got 0 of 7 DN Heartbeats.
2019-09-05 07:35:31,452 | INFO  | SCMAudit | user=jenkins1000 | ip=192.168.36.69 | op=GET_VERSION null | ret=SUCCESS |  
2019-09-05 07:35:31,492 [Datanode State Machine Thread - 0] INFO  ozoneimpl.OzoneContainer (OzoneContainer.java:start(186)) - Attempting to start container services.
2019-09-05 07:35:31,492 [Datanode State Machine Thread - 0] INFO  ozoneimpl.OzoneContainer (OzoneContainer.java:startContainerScrub(160)) - Background container scrubber has been disabled by hdds.containerscrub.enabled
2019-09-05 07:35:31,492 [Datanode State Machine Thread - 0] INFO  ratis.XceiverServerRatis (XceiverServerRatis.java:start(404)) - Starting XceiverServerRatis 017b796d-3321-494b-8d8c-e766a57787fe at port 0
2019-09-05 07:35:31,498 [Datanode State Machine Thread - 0] INFO  impl.RaftServerProxy (RaftServerProxy.java:lambda$start$3(299)) - 017b796d-3321-494b-8d8c-e766a57787fe: start RPC server
2019-09-05 07:35:31,503 [Datanode State Machine Thread - 0] INFO  server.GrpcService (GrpcService.java:startImpl(149)) - 017b796d-3321-494b-8d8c-e766a57787fe: GrpcService started, listening on 0.0.0.0/0.0.0.0:40416
2019-09-05 07:35:31,503 [Datanode State Machine Thread - 0] INFO  ratis.XceiverServerRatis (XceiverServerRatis.java:start(414)) - XceiverServerRatis 017b796d-3321-494b-8d8c-e766a57787fe is started using port 40416
2019-09-05 07:35:31,506 [Datanode State Machine Thread - 0] INFO  server.XceiverServerGrpc (XceiverServerGrpc.java:start(163)) - XceiverServerGrpc 017b796d-3321-494b-8d8c-e766a57787fe is started using port 34209
2019-09-05 07:35:32,003 [IPC Server handler 11 on 37204] INFO  net.NetworkTopology (NetworkTopologyImpl.java:add(110)) - Added a new node: /default-rack/7a080ec0-19ca-4af1-b3b9-6aaba7a45b53
2019-09-05 07:35:32,003 [IPC Server handler 11 on 37204] INFO  node.SCMNodeManager (SCMNodeManager.java:register(273)) - Registered Data node : 7a080ec0-19ca-4af1-b3b9-6aaba7a45b53{ip: 192.168.36.69, host: pr-hdds-1571-lfg7x-4139639749, networkLocation: /default-rack, certSerialId: null}
2019-09-05 07:35:32,007 [EventQueue-NodeRegistrationContainerReportForDataNodeSafeModeRule] INFO  safemode.SCMSafeModeManager (DataNodeSafeModeRule.java:process(71)) - SCM in safe mode. 1 DataNodes registered, 1 required.
2019-09-05 07:35:32,007 [EventQueue-NodeRegistrationContainerReportForDataNodeSafeModeRule] INFO  safemode.SCMSafeModeManager (SCMSafeModeManager.java:validateSafeModeExitRules(177)) - ScmSafeModeManager, all rules are successfully validated
2019-09-05 07:35:32,007 [EventQueue-NodeRegistrationContainerReportForDataNodeSafeModeRule] INFO  safemode.SCMSafeModeManager (SCMSafeModeManager.java:exitSafeMode(193)) - SCM exiting safe mode.
2019-09-05 07:35:32,015 | INFO  | SCMAudit | user=jenkins1000 | ip=192.168.36.69 | op=REGISTER {datanodeDetails=7a080ec0-19ca-4af1-b3b9-6aaba7a45b53{ip: 192.168.36.69, host: pr-hdds-1571-lfg7x-4139639749, networkLocation: /default-rack, certSerialId: null}} | ret=SUCCESS |  
2019-09-05 07:35:32,226 [IPC Server handler 10 on 37204] INFO  net.NetworkTopology (NetworkTopologyImpl.java:add(110)) - Added a new node: /default-rack/618caef6-a8cd-4e5c-bc39-325bb83fc273
2019-09-05 07:35:32,226 [IPC Server handler 10 on 37204] INFO  node.SCMNodeManager (SCMNodeManager.java:register(273)) - Registered Data node : 618caef6-a8cd-4e5c-bc39-325bb83fc273{ip: 192.168.36.69, host: pr-hdds-1571-lfg7x-4139639749, networkLocation: /default-rack, certSerialId: null}
2019-09-05 07:35:32,227 | INFO  | SCMAudit | user=jenkins1000 | ip=192.168.36.69 | op=REGISTER {datanodeDetails=618caef6-a8cd-4e5c-bc39-325bb83fc273{ip: 192.168.36.69, host: pr-hdds-1571-lfg7x-4139639749, networkLocation: /default-rack, certSerialId: null}} | ret=SUCCESS |  
2019-09-05 07:35:32,687 [main] INFO  ozone.MiniOzoneClusterImpl (MiniOzoneClusterImpl.java:lambda$waitForClusterToBeReady$0(142)) - Waiting for cluster to be ready. Got 2 of 7 DN Heartbeats.
2019-09-05 07:35:32,704 [IPC Server handler 8 on 37204] INFO  net.NetworkTopology (NetworkTopologyImpl.java:add(110)) - Added a new node: /default-rack/216f763b-3e68-44a6-8a6b-4b7681664146
2019-09-05 07:35:32,704 [IPC Server handler 11 on 37204] INFO  net.NetworkTopology (NetworkTopologyImpl.java:add(110)) - Added a new node: /default-rack/d8846d25-1678-4df1-8bff-f38eb3492905
2019-09-05 07:35:32,704 [IPC Server handler 8 on 37204] INFO  node.SCMNodeManager (SCMNodeManager.java:register(273)) - Registered Data node : 216f763b-3e68-44a6-8a6b-4b7681664146{ip: 192.168.36.69, host: pr-hdds-1571-lfg7x-4139639749, networkLocation: /default-rack, certSerialId: null}
2019-09-05 07:35:32,704 [IPC Server handler 11 on 37204] INFO  node.SCMNodeManager (SCMNodeManager.java:register(273)) - Registered Data node : d8846d25-1678-4df1-8bff-f38eb3492905{ip: 192.168.36.69, host: pr-hdds-1571-lfg7x-4139639749, networkLocation: /default-rack, certSerialId: null}
2019-09-05 07:35:32,705 | INFO  | SCMAudit | user=jenkins1000 | ip=192.168.36.69 | op=REGISTER {datanodeDetails=d8846d25-1678-4df1-8bff-f38eb3492905{ip: 192.168.36.69, host: pr-hdds-1571-lfg7x-4139639749, networkLocation: /default-rack, certSerialId: null}} | ret=SUCCESS |  
2019-09-05 07:35:32,705 | INFO  | SCMAudit | user=jenkins1000 | ip=192.168.36.69 | op=REGISTER {datanodeDetails=216f763b-3e68-44a6-8a6b-4b7681664146{ip: 192.168.36.69, host: pr-hdds-1571-lfg7x-4139639749, networkLocation: /default-rack, certSerialId: null}} | ret=SUCCESS |  
2019-09-05 07:35:32,910 [IPC Server handler 5 on 37204] INFO  net.NetworkTopology (NetworkTopologyImpl.java:add(110)) - Added a new node: /default-rack/5822af17-ba6a-443c-803e-51bf9a574bd0
2019-09-05 07:35:32,910 [IPC Server handler 5 on 37204] INFO  node.SCMNodeManager (SCMNodeManager.java:register(273)) - Registered Data node : 5822af17-ba6a-443c-803e-51bf9a574bd0{ip: 192.168.36.69, host: pr-hdds-1571-lfg7x-4139639749, networkLocation: /default-rack, certSerialId: null}
2019-09-05 07:35:32,916 | INFO  | SCMAudit | user=jenkins1000 | ip=192.168.36.69 | op=REGISTER {datanodeDetails=5822af17-ba6a-443c-803e-51bf9a574bd0{ip: 192.168.36.69, host: pr-hdds-1571-lfg7x-4139639749, networkLocation: /default-rack, certSerialId: null}} | ret=SUCCESS |  
2019-09-05 07:35:32,918 [grpc-default-executor-0] INFO  impl.RaftServerProxy (RaftServerProxy.java:addNew(89)) - 7a080ec0-19ca-4af1-b3b9-6aaba7a45b53: addNew group-A43BF23DD728:[7a080ec0-19ca-4af1-b3b9-6aaba7a45b53:192.168.36.69:43350] returns group-A43BF23DD728:java.util.concurrent.CompletableFuture@487bd46f[Not completed]
2019-09-05 07:35:32,932 [pool-27-thread-1] INFO  impl.RaftServerImpl (RaftServerImpl.java:<init>(93)) - 7a080ec0-19ca-4af1-b3b9-6aaba7a45b53: new RaftServerImpl for group-A43BF23DD728:[7a080ec0-19ca-4af1-b3b9-6aaba7a45b53:192.168.36.69:43350] with ContainerStateMachine:uninitialized
2019-09-05 07:35:32,934 [pool-27-thread-1] INFO  server.RaftServerConfigKeys (ConfUtils.java:logGet(43)) - raft.server.rpc.timeout.min = 5s (custom)
2019-09-05 07:35:32,936 [pool-27-thread-1] INFO  server.RaftServerConfigKeys (ConfUtils.java:logGet(43)) - raft.server.rpc.timeout.max = 5200ms (custom)
2019-09-05 07:35:32,936 [pool-27-thread-1] INFO  server.RaftServerConfigKeys (ConfUtils.java:logGet(43)) - raft.server.rpcslowness.timeout = 120s (custom)
2019-09-05 07:35:32,937 [pool-27-thread-1] INFO  server.RaftServerConfigKeys (ConfUtils.java:logGet(43)) - raft.server.sleep.deviation.threshold = 300 (default)
2019-09-05 07:35:32,938 [pool-27-thread-1] INFO  server.RaftServerConfigKeys (ConfUtils.java:logGet(43)) - raft.server.log.appender.install.snapshot.enabled = false (custom)
2019-09-05 07:35:32,945 [pool-27-thread-1] INFO  impl.RaftServerImpl (ServerState.java:<init>(105)) - 7a080ec0-19ca-4af1-b3b9-6aaba7a45b53:group-A43BF23DD728 ConfigurationManager, init=-1: [7a080ec0-19ca-4af1-b3b9-6aaba7a45b53:192.168.36.69:43350], old=null, confs=<EMPTY_MAP>
2019-09-05 07:35:32,946 [pool-27-thread-1] INFO  server.RaftServerConfigKeys (ConfUtils.java:logGet(43)) - raft.server.storage.dir = [/workdir/hadoop-ozone/integration-test/target/test-dir/MiniOzoneClusterImpl-a91fc67d-f8c9-4dc9-8b91-6f02eb894b3b/datanode-0/data/ratis] (custom)
2019-09-05 07:35:32,952 [pool-27-thread-1] INFO  storage.RaftStorageDirectory (RaftStorageDirectory.java:analyzeStorage(246)) - The storage directory /workdir/hadoop-ozone/integration-test/target/test-dir/MiniOzoneClusterImpl-a91fc67d-f8c9-4dc9-8b91-6f02eb894b3b/datanode-0/data/ratis/2b82bd86-e43c-4759-b1dc-a43bf23dd728 does not exist. Creating ...
2019-09-05 07:35:32,999 [pool-27-thread-1] INFO  storage.RaftStorageDirectory (RaftStorageDirectory.java:tryLock(328)) - Lock on /workdir/hadoop-ozone/integration-test/target/test-dir/MiniOzoneClusterImpl-a91fc67d-f8c9-4dc9-8b91-6f02eb894b3b/datanode-0/data/ratis/2b82bd86-e43c-4759-b1dc-a43bf23dd728/in_use.lock acquired by nodename 22460@pr-hdds-1571-lfg7x-4139639749
2019-09-05 07:35:33,087 [pool-27-thread-1] INFO  storage.RaftStorage (RaftStorage.java:format(72)) - Storage directory /workdir/hadoop-ozone/integration-test/target/test-dir/MiniOzoneClusterImpl-a91fc67d-f8c9-4dc9-8b91-6f02eb894b3b/datanode-0/data/ratis/2b82bd86-e43c-4759-b1dc-a43bf23dd728 has been successfully formatted.
2019-09-05 07:35:33,090 [pool-27-thread-1] INFO  ratis.ContainerStateMachine (ContainerStateMachine.java:loadSnapshot(226)) - group-A43BF23DD728: The snapshot info is null. Setting the last applied indexto:(t:0, i:~)
2019-09-05 07:35:33,090 [pool-27-thread-1] INFO  server.RaftServerConfigKeys (ConfUtils.java:logGet(43)) - raft.server.leader.election.timeout = 120s (custom)
2019-09-05 07:35:33,092 [pool-27-thread-1] INFO  server.RaftServerConfigKeys (ConfUtils.java:logGet(43)) - raft.server.log.use.memory = false (default)
2019-09-05 07:35:33,098 [pool-27-thread-1] INFO  server.RaftServerConfigKeys (ConfUtils.java:logGet(43)) - raft.server.log.purge.gap = 1000000 (custom)
2019-09-05 07:35:33,098 [pool-27-thread-1] INFO  server.RaftServerConfigKeys (ConfUtils.java:logGet(43)) - raft.server.log.appender.buffer.byte-limit = 33554432 (custom)
2019-09-05 07:35:33,100 [pool-27-thread-1] INFO  server.RaftServerConfigKeys (ConfUtils.java:logGet(43)) - raft.server.log.segment.size.max = 1048576 (custom)
2019-09-05 07:35:33,105 [pool-27-thread-1] INFO  server.RaftServerConfigKeys (ConfUtils.java:logGet(43)) - raft.server.log.segment.cache.num.max = 2 (custom)
2019-09-05 07:35:33,111 [pool-27-thread-1] INFO  segmented.SegmentedRaftLogWorker (SegmentedRaftLogWorker.java:<init>(172)) - new 7a080ec0-19ca-4af1-b3b9-6aaba7a45b53-SegmentedRaftLogWorker:Storage Directory /workdir/hadoop-ozone/integration-test/target/test-dir/MiniOzoneClusterImpl-a91fc67d-f8c9-4dc9-8b91-6f02eb894b3b/datanode-0/data/ratis/2b82bd86-e43c-4759-b1dc-a43bf23dd728 for RaftStorage:Storage Directory /workdir/hadoop-ozone/integration-test/target/test-dir/MiniOzoneClusterImpl-a91fc67d-f8c9-4dc9-8b91-6f02eb894b3b/datanode-0/data/ratis/2b82bd86-e43c-4759-b1dc-a43bf23dd728
2019-09-05 07:35:33,123 [pool-27-thread-1] INFO  server.RaftServerConfigKeys (ConfUtils.java:logGet(43)) - raft.server.log.queue.byte-limit = 2147483647 (custom)
2019-09-05 07:35:33,124 [pool-27-thread-1] INFO  server.RaftServerConfigKeys (ConfUtils.java:logGet(43)) - raft.server.log.queue.element-limit = 1024 (custom)
2019-09-05 07:35:33,128 [pool-27-thread-1] INFO  server.RaftServerConfigKeys (ConfUtils.java:logGet(43)) - raft.server.log.segment.size.max = 1048576 (custom)
2019-09-05 07:35:33,128 [pool-27-thread-1] INFO  server.RaftServerConfigKeys (ConfUtils.java:logGet(43)) - raft.server.log.preallocated.size = 16384 (custom)
2019-09-05 07:35:33,129 [pool-27-thread-1] INFO  server.RaftServerConfigKeys (ConfUtils.java:logGet(43)) - raft.server.log.write.buffer.size = 33554432 (custom)
2019-09-05 07:35:33,129 [pool-27-thread-1] INFO  server.RaftServerConfigKeys (ConfUtils.java:logGet(43)) - raft.server.log.force.sync.num = 128 (default)
2019-09-05 07:35:33,130 [pool-27-thread-1] INFO  server.RaftServerConfigKeys (ConfUtils.java:logGet(43)) - raft.server.log.statemachine.data.sync = true (default)
2019-09-05 07:35:33,130 [pool-27-thread-1] INFO  server.RaftServerConfigKeys (ConfUtils.java:logGet(43)) - raft.server.log.statemachine.data.sync.timeout = 10s (default)
2019-09-05 07:35:33,131 [pool-27-thread-1] INFO  server.RaftServerConfigKeys (ConfUtils.java:logGet(43)) - raft.server.log.statemachine.data.sync.timeout.retry = -1 (default)
2019-09-05 07:35:33,140 [pool-27-thread-1] INFO  server.RaftServerConfigKeys (ConfUtils.java:logGet(43)) - raft.server.log.statemachine.data.caching.enabled = true (custom)
2019-09-05 07:35:33,144 [pool-27-thread-1] INFO  segmented.SegmentedRaftLogWorker (SegmentedRaftLogWorker.java:lambda$new$0(132)) - 7a080ec0-19ca-4af1-b3b9-6aaba7a45b53-SegmentedRaftLogWorker:Storage Directory /workdir/hadoop-ozone/integration-test/target/test-dir/MiniOzoneClusterImpl-a91fc67d-f8c9-4dc9-8b91-6f02eb894b3b/datanode-0/data/ratis/2b82bd86-e43c-4759-b1dc-a43bf23dd728: flushIndex: setUnconditionally 0 -> -1
2019-09-05 07:35:33,148 [pool-27-thread-1] INFO  server.RaftServerConfigKeys (ConfUtils.java:logGet(43)) - raft.server.snapshot.auto.trigger.enabled = true (custom)
2019-09-05 07:35:33,149 [pool-27-thread-1] INFO  server.RaftServerConfigKeys (ConfUtils.java:logGet(43)) - raft.server.snapshot.auto.trigger.threshold = 10000 (custom)
2019-09-05 07:35:33,149 [pool-27-thread-1] INFO  server.RaftServerConfigKeys (ConfUtils.java:logGet(43)) - raft.server.retrycache.expirytime = 600000ms (custom)
2019-09-05 07:35:33,172 [pool-27-thread-1] INFO  impl.RaftServerImpl (RaftServerImpl.java:start(180)) - 7a080ec0-19ca-4af1-b3b9-6aaba7a45b53: start group-A43BF23DD728
2019-09-05 07:35:33,174 [pool-27-thread-1] INFO  impl.RaftServerImpl (RaftServerImpl.java:setRole(171)) - 7a080ec0-19ca-4af1-b3b9-6aaba7a45b53:group-A43BF23DD728 changes role from null to FOLLOWER at term 0 for startAsFollower
2019-09-05 07:35:33,176 [pool-27-thread-1] INFO  impl.RoleInfo (RoleInfo.java:updateAndGet(143)) - 7a080ec0-19ca-4af1-b3b9-6aaba7a45b53: start FollowerState
2019-09-05 07:35:33,178 [pool-27-thread-1] INFO  util.JmxRegister (JmxRegister.java:tryRegister(44)) - Successfully registered JMX Bean with object name Ratis:service=RaftServer,group=group-A43BF23DD728,id=7a080ec0-19ca-4af1-b3b9-6aaba7a45b53
2019-09-05 07:35:33,240 [RatisPipelineUtilsThread] INFO  pipeline.PipelineStateManager (PipelineStateManager.java:addPipeline(56)) - Created pipeline Pipeline[ Id: 2b82bd86-e43c-4759-b1dc-a43bf23dd728, Nodes: 7a080ec0-19ca-4af1-b3b9-6aaba7a45b53{ip: 192.168.36.69, host: pr-hdds-1571-lfg7x-4139639749, networkLocation: /default-rack, certSerialId: null}, Type:RATIS, Factor:ONE, State:OPEN]
2019-09-05 07:35:33,240 [IPC Server handler 9 on 37204] INFO  net.NetworkTopology (NetworkTopologyImpl.java:add(110)) - Added a new node: /default-rack/cbc4e215-9e19-470f-b262-a66375af609e
2019-09-05 07:35:33,242 [IPC Server handler 9 on 37204] INFO  node.SCMNodeManager (SCMNodeManager.java:register(273)) - Registered Data node : cbc4e215-9e19-470f-b262-a66375af609e{ip: 192.168.36.69, host: pr-hdds-1571-lfg7x-4139639749, networkLocation: /default-rack, certSerialId: null}
2019-09-05 07:35:33,243 | INFO  | SCMAudit | user=jenkins1000 | ip=192.168.36.69 | op=REGISTER {datanodeDetails=cbc4e215-9e19-470f-b262-a66375af609e{ip: 192.168.36.69, host: pr-hdds-1571-lfg7x-4139639749, networkLocation: /default-rack, certSerialId: null}} | ret=SUCCESS |  
2019-09-05 07:35:33,267 [grpc-default-executor-0] INFO  impl.RaftServerProxy (RaftServerProxy.java:addNew(89)) - 618caef6-a8cd-4e5c-bc39-325bb83fc273: addNew group-C2FB971D5F68:[618caef6-a8cd-4e5c-bc39-325bb83fc273:192.168.36.69:42795] returns group-C2FB971D5F68:java.util.concurrent.CompletableFuture@5532fe79[Not completed]
2019-09-05 07:35:33,311 [pool-38-thread-1] INFO  impl.RaftServerImpl (RaftServerImpl.java:<init>(93)) - 618caef6-a8cd-4e5c-bc39-325bb83fc273: new RaftServerImpl for group-C2FB971D5F68:[618caef6-a8cd-4e5c-bc39-325bb83fc273:192.168.36.69:42795] with ContainerStateMachine:uninitialized
2019-09-05 07:35:33,312 [pool-38-thread-1] INFO  server.RaftServerConfigKeys (ConfUtils.java:logGet(43)) - raft.server.rpc.timeout.min = 5s (custom)
2019-09-05 07:35:33,313 [pool-38-thread-1] INFO  server.RaftServerConfigKeys (ConfUtils.java:logGet(43)) - raft.server.rpc.timeout.max = 5200ms (custom)
2019-09-05 07:35:33,313 [pool-38-thread-1] INFO  server.RaftServerConfigKeys (ConfUtils.java:logGet(43)) - raft.server.rpcslowness.timeout = 120s (custom)
2019-09-05 07:35:33,313 [pool-38-thread-1] INFO  server.RaftServerConfigKeys (ConfUtils.java:logGet(43)) - raft.server.sleep.deviation.threshold = 300 (default)
2019-09-05 07:35:33,313 [pool-38-thread-1] INFO  server.RaftServerConfigKeys (ConfUtils.java:logGet(43)) - raft.server.log.appender.install.snapshot.enabled = false (custom)
2019-09-05 07:35:33,313 [pool-38-thread-1] INFO  impl.RaftServerImpl (ServerState.java:<init>(105)) - 618caef6-a8cd-4e5c-bc39-325bb83fc273:group-C2FB971D5F68 ConfigurationManager, init=-1: [618caef6-a8cd-4e5c-bc39-325bb83fc273:192.168.36.69:42795], old=null, confs=<EMPTY_MAP>
2019-09-05 07:35:33,313 [pool-38-thread-1] INFO  server.RaftServerConfigKeys (ConfUtils.java:logGet(43)) - raft.server.storage.dir = [/workdir/hadoop-ozone/integration-test/target/test-dir/MiniOzoneClusterImpl-a91fc67d-f8c9-4dc9-8b91-6f02eb894b3b/datanode-1/data/ratis] (custom)
2019-09-05 07:35:33,314 [pool-38-thread-1] INFO  storage.RaftStorageDirectory (RaftStorageDirectory.java:analyzeStorage(246)) - The storage directory /workdir/hadoop-ozone/integration-test/target/test-dir/MiniOzoneClusterImpl-a91fc67d-f8c9-4dc9-8b91-6f02eb894b3b/datanode-1/data/ratis/0aa93389-44d9-42b7-b250-c2fb971d5f68 does not exist. Creating ...
2019-09-05 07:35:33,372 [pool-38-thread-1] INFO  storage.RaftStorageDirectory (RaftStorageDirectory.java:tryLock(328)) - Lock on /workdir/hadoop-ozone/integration-test/target/test-dir/MiniOzoneClusterImpl-a91fc67d-f8c9-4dc9-8b91-6f02eb894b3b/datanode-1/data/ratis/0aa93389-44d9-42b7-b250-c2fb971d5f68/in_use.lock acquired by nodename 22460@pr-hdds-1571-lfg7x-4139639749
2019-09-05 07:35:33,410 [pool-38-thread-1] INFO  storage.RaftStorage (RaftStorage.java:format(72)) - Storage directory /workdir/hadoop-ozone/integration-test/target/test-dir/MiniOzoneClusterImpl-a91fc67d-f8c9-4dc9-8b91-6f02eb894b3b/datanode-1/data/ratis/0aa93389-44d9-42b7-b250-c2fb971d5f68 has been successfully formatted.
2019-09-05 07:35:33,413 [pool-38-thread-1] INFO  ratis.ContainerStateMachine (ContainerStateMachine.java:loadSnapshot(226)) - group-C2FB971D5F68: The snapshot info is null. Setting the last applied indexto:(t:0, i:~)
2019-09-05 07:35:33,415 [pool-38-thread-1] INFO  server.RaftServerConfigKeys (ConfUtils.java:logGet(43)) - raft.server.leader.election.timeout = 120s (custom)
2019-09-05 07:35:33,415 [pool-38-thread-1] INFO  server.RaftServerConfigKeys (ConfUtils.java:logGet(43)) - raft.server.log.use.memory = false (default)
2019-09-05 07:35:33,415 [pool-38-thread-1] INFO  server.RaftServerConfigKeys (ConfUtils.java:logGet(43)) - raft.server.log.purge.gap = 1000000 (custom)
2019-09-05 07:35:33,415 [pool-38-thread-1] INFO  server.RaftServerConfigKeys (ConfUtils.java:logGet(43)) - raft.server.log.appender.buffer.byte-limit = 33554432 (custom)
2019-09-05 07:35:33,415 [pool-38-thread-1] INFO  server.RaftServerConfigKeys (ConfUtils.java:logGet(43)) - raft.server.log.segment.size.max = 1048576 (custom)
2019-09-05 07:35:33,416 [pool-38-thread-1] INFO  server.RaftServerConfigKeys (ConfUtils.java:logGet(43)) - raft.server.log.segment.cache.num.max = 2 (custom)
2019-09-05 07:35:33,416 [pool-38-thread-1] INFO  segmented.SegmentedRaftLogWorker (SegmentedRaftLogWorker.java:<init>(172)) - new 618caef6-a8cd-4e5c-bc39-325bb83fc273-SegmentedRaftLogWorker:Storage Directory /workdir/hadoop-ozone/integration-test/target/test-dir/MiniOzoneClusterImpl-a91fc67d-f8c9-4dc9-8b91-6f02eb894b3b/datanode-1/data/ratis/0aa93389-44d9-42b7-b250-c2fb971d5f68 for RaftStorage:Storage Directory /workdir/hadoop-ozone/integration-test/target/test-dir/MiniOzoneClusterImpl-a91fc67d-f8c9-4dc9-8b91-6f02eb894b3b/datanode-1/data/ratis/0aa93389-44d9-42b7-b250-c2fb971d5f68
2019-09-05 07:35:33,418 [pool-38-thread-1] INFO  server.RaftServerConfigKeys (ConfUtils.java:logGet(43)) - raft.server.log.queue.byte-limit = 2147483647 (custom)
2019-09-05 07:35:33,418 [pool-38-thread-1] INFO  server.RaftServerConfigKeys (ConfUtils.java:logGet(43)) - raft.server.log.queue.element-limit = 1024 (custom)
2019-09-05 07:35:33,418 [pool-38-thread-1] INFO  server.RaftServerConfigKeys (ConfUtils.java:logGet(43)) - raft.server.log.segment.size.max = 1048576 (custom)
2019-09-05 07:35:33,418 [pool-38-thread-1] INFO  server.RaftServerConfigKeys (ConfUtils.java:logGet(43)) - raft.server.log.preallocated.size = 16384 (custom)
2019-09-05 07:35:33,418 [pool-38-thread-1] INFO  server.RaftServerConfigKeys (ConfUtils.java:logGet(43)) - raft.server.log.write.buffer.size = 33554432 (custom)
2019-09-05 07:35:33,418 [pool-38-thread-1] INFO  server.RaftServerConfigKeys (ConfUtils.java:logGet(43)) - raft.server.log.force.sync.num = 128 (default)
2019-09-05 07:35:33,418 [pool-38-thread-1] INFO  server.RaftServerConfigKeys (ConfUtils.java:logGet(43)) - raft.server.log.statemachine.data.sync = true (default)
2019-09-05 07:35:33,419 [pool-38-thread-1] INFO  server.RaftServerConfigKeys (ConfUtils.java:logGet(43)) - raft.server.log.statemachine.data.sync.timeout = 10s (default)
2019-09-05 07:35:33,419 [pool-38-thread-1] INFO  server.RaftServerConfigKeys (ConfUtils.java:logGet(43)) - raft.server.log.statemachine.data.sync.timeout.retry = -1 (default)
2019-09-05 07:35:33,419 [pool-38-thread-1] INFO  server.RaftServerConfigKeys (ConfUtils.java:logGet(43)) - raft.server.log.statemachine.data.caching.enabled = true (custom)
2019-09-05 07:35:33,419 [pool-38-thread-1] INFO  segmented.SegmentedRaftLogWorker (SegmentedRaftLogWorker.java:lambda$new$0(132)) - 618caef6-a8cd-4e5c-bc39-325bb83fc273-SegmentedRaftLogWorker:Storage Directory /workdir/hadoop-ozone/integration-test/target/test-dir/MiniOzoneClusterImpl-a91fc67d-f8c9-4dc9-8b91-6f02eb894b3b/datanode-1/data/ratis/0aa93389-44d9-42b7-b250-c2fb971d5f68: flushIndex: setUnconditionally 0 -> -1
2019-09-05 07:35:33,420 [pool-38-thread-1] INFO  server.RaftServerConfigKeys (ConfUtils.java:logGet(43)) - raft.server.snapshot.auto.trigger.enabled = true (custom)
2019-09-05 07:35:33,420 [pool-38-thread-1] INFO  server.RaftServerConfigKeys (ConfUtils.java:logGet(43)) - raft.server.snapshot.auto.trigger.threshold = 10000 (custom)
2019-09-05 07:35:33,420 [pool-38-thread-1] INFO  server.RaftServerConfigKeys (ConfUtils.java:logGet(43)) - raft.server.retrycache.expirytime = 600000ms (custom)
2019-09-05 07:35:33,420 [pool-38-thread-1] INFO  impl.RaftServerImpl (RaftServerImpl.java:start(180)) - 618caef6-a8cd-4e5c-bc39-325bb83fc273: start group-C2FB971D5F68
2019-09-05 07:35:33,420 [pool-38-thread-1] INFO  impl.RaftServerImpl (RaftServerImpl.java:setRole(171)) - 618caef6-a8cd-4e5c-bc39-325bb83fc273:group-C2FB971D5F68 changes role from null to FOLLOWER at term 0 for startAsFollower
2019-09-05 07:35:33,420 [pool-38-thread-1] INFO  impl.RoleInfo (RoleInfo.java:updateAndGet(143)) - 618caef6-a8cd-4e5c-bc39-325bb83fc273: start FollowerState
2019-09-05 07:35:33,422 [pool-38-thread-1] INFO  util.JmxRegister (JmxRegister.java:tryRegister(44)) - Successfully registered JMX Bean with object name Ratis:service=RaftServer,group=group-C2FB971D5F68,id=618caef6-a8cd-4e5c-bc39-325bb83fc273
2019-09-05 07:35:33,438 [RatisPipelineUtilsThread] INFO  pipeline.PipelineStateManager (PipelineStateManager.java:addPipeline(56)) - Created pipeline Pipeline[ Id: 0aa93389-44d9-42b7-b250-c2fb971d5f68, Nodes: 618caef6-a8cd-4e5c-bc39-325bb83fc273{ip: 192.168.36.69, host: pr-hdds-1571-lfg7x-4139639749, networkLocation: /default-rack, certSerialId: null}, Type:RATIS, Factor:ONE, State:OPEN]
2019-09-05 07:35:33,457 [IPC Server handler 11 on 37204] INFO  net.NetworkTopology (NetworkTopologyImpl.java:add(110)) - Added a new node: /default-rack/017b796d-3321-494b-8d8c-e766a57787fe
2019-09-05 07:35:33,457 [IPC Server handler 11 on 37204] INFO  node.SCMNodeManager (SCMNodeManager.java:register(273)) - Registered Data node : 017b796d-3321-494b-8d8c-e766a57787fe{ip: 192.168.36.69, host: pr-hdds-1571-lfg7x-4139639749, networkLocation: /default-rack, certSerialId: null}
2019-09-05 07:35:33,457 | INFO  | SCMAudit | user=jenkins1000 | ip=192.168.36.69 | op=REGISTER {datanodeDetails=017b796d-3321-494b-8d8c-e766a57787fe{ip: 192.168.36.69, host: pr-hdds-1571-lfg7x-4139639749, networkLocation: /default-rack, certSerialId: null}} | ret=SUCCESS |  
2019-09-05 07:35:33,464 [grpc-default-executor-0] INFO  impl.RaftServerProxy (RaftServerProxy.java:addNew(89)) - d8846d25-1678-4df1-8bff-f38eb3492905: addNew group-923559199F9C:[d8846d25-1678-4df1-8bff-f38eb3492905:192.168.36.69:44539] returns group-923559199F9C:java.util.concurrent.CompletableFuture@5ce24a84[Not completed]
2019-09-05 07:35:33,475 [pool-49-thread-1] INFO  impl.RaftServerImpl (RaftServerImpl.java:<init>(93)) - d8846d25-1678-4df1-8bff-f38eb3492905: new RaftServerImpl for group-923559199F9C:[d8846d25-1678-4df1-8bff-f38eb3492905:192.168.36.69:44539] with ContainerStateMachine:uninitialized
2019-09-05 07:35:33,476 [pool-49-thread-1] INFO  server.RaftServerConfigKeys (ConfUtils.java:logGet(43)) - raft.server.rpc.timeout.min = 5s (custom)
2019-09-05 07:35:33,476 [pool-49-thread-1] INFO  server.RaftServerConfigKeys (ConfUtils.java:logGet(43)) - raft.server.rpc.timeout.max = 5200ms (custom)
2019-09-05 07:35:33,476 [pool-49-thread-1] INFO  server.RaftServerConfigKeys (ConfUtils.java:logGet(43)) - raft.server.rpcslowness.timeout = 120s (custom)
2019-09-05 07:35:33,476 [pool-49-thread-1] INFO  server.RaftServerConfigKeys (ConfUtils.java:logGet(43)) - raft.server.sleep.deviation.threshold = 300 (default)
2019-09-05 07:35:33,476 [pool-49-thread-1] INFO  server.RaftServerConfigKeys (ConfUtils.java:logGet(43)) - raft.server.log.appender.install.snapshot.enabled = false (custom)
2019-09-05 07:35:33,476 [pool-49-thread-1] INFO  impl.RaftServerImpl (ServerState.java:<init>(105)) - d8846d25-1678-4df1-8bff-f38eb3492905:group-923559199F9C ConfigurationManager, init=-1: [d8846d25-1678-4df1-8bff-f38eb3492905:192.168.36.69:44539], old=null, confs=<EMPTY_MAP>
2019-09-05 07:35:33,476 [pool-49-thread-1] INFO  server.RaftServerConfigKeys (ConfUtils.java:logGet(43)) - raft.server.storage.dir = [/workdir/hadoop-ozone/integration-test/target/test-dir/MiniOzoneClusterImpl-a91fc67d-f8c9-4dc9-8b91-6f02eb894b3b/datanode-2/data/ratis] (custom)
2019-09-05 07:35:33,477 [pool-49-thread-1] INFO  storage.RaftStorageDirectory (RaftStorageDirectory.java:analyzeStorage(246)) - The storage directory /workdir/hadoop-ozone/integration-test/target/test-dir/MiniOzoneClusterImpl-a91fc67d-f8c9-4dc9-8b91-6f02eb894b3b/datanode-2/data/ratis/bc03e065-6b94-43d9-bee3-923559199f9c does not exist. Creating ...
2019-09-05 07:35:33,508 [pool-49-thread-1] INFO  storage.RaftStorageDirectory (RaftStorageDirectory.java:tryLock(328)) - Lock on /workdir/hadoop-ozone/integration-test/target/test-dir/MiniOzoneClusterImpl-a91fc67d-f8c9-4dc9-8b91-6f02eb894b3b/datanode-2/data/ratis/bc03e065-6b94-43d9-bee3-923559199f9c/in_use.lock acquired by nodename 22460@pr-hdds-1571-lfg7x-4139639749
2019-09-05 07:35:33,552 [pool-49-thread-1] INFO  storage.RaftStorage (RaftStorage.java:format(72)) - Storage directory /workdir/hadoop-ozone/integration-test/target/test-dir/MiniOzoneClusterImpl-a91fc67d-f8c9-4dc9-8b91-6f02eb894b3b/datanode-2/data/ratis/bc03e065-6b94-43d9-bee3-923559199f9c has been successfully formatted.
2019-09-05 07:35:33,553 [pool-49-thread-1] INFO  ratis.ContainerStateMachine (ContainerStateMachine.java:loadSnapshot(226)) - group-923559199F9C: The snapshot info is null. Setting the last applied indexto:(t:0, i:~)
2019-09-05 07:35:33,553 [pool-49-thread-1] INFO  server.RaftServerConfigKeys (ConfUtils.java:logGet(43)) - raft.server.leader.election.timeout = 120s (custom)
2019-09-05 07:35:33,553 [pool-49-thread-1] INFO  server.RaftServerConfigKeys (ConfUtils.java:logGet(43)) - raft.server.log.use.memory = false (default)
2019-09-05 07:35:33,553 [pool-49-thread-1] INFO  server.RaftServerConfigKeys (ConfUtils.java:logGet(43)) - raft.server.log.purge.gap = 1000000 (custom)
2019-09-05 07:35:33,553 [pool-49-thread-1] INFO  server.RaftServerConfigKeys (ConfUtils.java:logGet(43)) - raft.server.log.appender.buffer.byte-limit = 33554432 (custom)
2019-09-05 07:35:33,554 [pool-49-thread-1] INFO  server.RaftServerConfigKeys (ConfUtils.java:logGet(43)) - raft.server.log.segment.size.max = 1048576 (custom)
2019-09-05 07:35:33,554 [pool-49-thread-1] INFO  server.RaftServerConfigKeys (ConfUtils.java:logGet(43)) - raft.server.log.segment.cache.num.max = 2 (custom)
2019-09-05 07:35:33,554 [pool-49-thread-1] INFO  segmented.SegmentedRaftLogWorker (SegmentedRaftLogWorker.java:<init>(172)) - new d8846d25-1678-4df1-8bff-f38eb3492905-SegmentedRaftLogWorker:Storage Directory /workdir/hadoop-ozone/integration-test/target/test-dir/MiniOzoneClusterImpl-a91fc67d-f8c9-4dc9-8b91-6f02eb894b3b/datanode-2/data/ratis/bc03e065-6b94-43d9-bee3-923559199f9c for RaftStorage:Storage Directory /workdir/hadoop-ozone/integration-test/target/test-dir/MiniOzoneClusterImpl-a91fc67d-f8c9-4dc9-8b91-6f02eb894b3b/datanode-2/data/ratis/bc03e065-6b94-43d9-bee3-923559199f9c
2019-09-05 07:35:33,554 [pool-49-thread-1] INFO  server.RaftServerConfigKeys (ConfUtils.java:logGet(43)) - raft.server.log.queue.byte-limit = 2147483647 (custom)
2019-09-05 07:35:33,554 [pool-49-thread-1] INFO  server.RaftServerConfigKeys (ConfUtils.java:logGet(43)) - raft.server.log.queue.element-limit = 1024 (custom)
2019-09-05 07:35:33,555 [pool-49-thread-1] INFO  server.RaftServerConfigKeys (ConfUtils.java:logGet(43)) - raft.server.log.segment.size.max = 1048576 (custom)
2019-09-05 07:35:33,555 [pool-49-thread-1] INFO  server.RaftServerConfigKeys (ConfUtils.java:logGet(43)) - raft.server.log.preallocated.size = 16384 (custom)
2019-09-05 07:35:33,555 [pool-49-thread-1] INFO  server.RaftServerConfigKeys (ConfUtils.java:logGet(43)) - raft.server.log.write.buffer.size = 33554432 (custom)
2019-09-05 07:35:33,556 [pool-49-thread-1] INFO  server.RaftServerConfigKeys (ConfUtils.java:logGet(43)) - raft.server.log.force.sync.num = 128 (default)
2019-09-05 07:35:33,556 [pool-49-thread-1] INFO  server.RaftServerConfigKeys (ConfUtils.java:logGet(43)) - raft.server.log.statemachine.data.sync = true (default)
2019-09-05 07:35:33,556 [pool-49-thread-1] INFO  server.RaftServerConfigKeys (ConfUtils.java:logGet(43)) - raft.server.log.statemachine.data.sync.timeout = 10s (default)
2019-09-05 07:35:33,556 [pool-49-thread-1] INFO  server.RaftServerConfigKeys (ConfUtils.java:logGet(43)) - raft.server.log.statemachine.data.sync.timeout.retry = -1 (default)
2019-09-05 07:35:33,556 [pool-49-thread-1] INFO  server.RaftServerConfigKeys (ConfUtils.java:logGet(43)) - raft.server.log.statemachine.data.caching.enabled = true (custom)
2019-09-05 07:35:33,557 [pool-49-thread-1] INFO  segmented.SegmentedRaftLogWorker (SegmentedRaftLogWorker.java:lambda$new$0(132)) - d8846d25-1678-4df1-8bff-f38eb3492905-SegmentedRaftLogWorker:Storage Directory /workdir/hadoop-ozone/integration-test/target/test-dir/MiniOzoneClusterImpl-a91fc67d-f8c9-4dc9-8b91-6f02eb894b3b/datanode-2/data/ratis/bc03e065-6b94-43d9-bee3-923559199f9c: flushIndex: setUnconditionally 0 -> -1
2019-09-05 07:35:33,557 [pool-49-thread-1] INFO  server.RaftServerConfigKeys (ConfUtils.java:logGet(43)) - raft.server.snapshot.auto.trigger.enabled = true (custom)
2019-09-05 07:35:33,557 [pool-49-thread-1] INFO  server.RaftServerConfigKeys (ConfUtils.java:logGet(43)) - raft.server.snapshot.auto.trigger.threshold = 10000 (custom)
2019-09-05 07:35:33,558 [pool-49-thread-1] INFO  server.RaftServerConfigKeys (ConfUtils.java:logGet(43)) - raft.server.retrycache.expirytime = 600000ms (custom)
2019-09-05 07:35:33,558 [pool-49-thread-1] INFO  impl.RaftServerImpl (RaftServerImpl.java:start(180)) - d8846d25-1678-4df1-8bff-f38eb3492905: start group-923559199F9C
2019-09-05 07:35:33,558 [pool-49-thread-1] INFO  impl.RaftServerImpl (RaftServerImpl.java:setRole(171)) - d8846d25-1678-4df1-8bff-f38eb3492905:group-923559199F9C changes role from null to FOLLOWER at term 0 for startAsFollower
2019-09-05 07:35:33,558 [pool-49-thread-1] INFO  impl.RoleInfo (RoleInfo.java:updateAndGet(143)) - d8846d25-1678-4df1-8bff-f38eb3492905: start FollowerState
2019-09-05 07:35:33,559 [pool-49-thread-1] INFO  util.JmxRegister (JmxRegister.java:tryRegister(44)) - Successfully registered JMX Bean with object name Ratis:service=RaftServer,group=group-923559199F9C,id=d8846d25-1678-4df1-8bff-f38eb3492905
2019-09-05 07:35:33,573 [RatisPipelineUtilsThread] INFO  pipeline.PipelineStateManager (PipelineStateManager.java:addPipeline(56)) - Created pipeline Pipeline[ Id: bc03e065-6b94-43d9-bee3-923559199f9c, Nodes: d8846d25-1678-4df1-8bff-f38eb3492905{ip: 192.168.36.69, host: pr-hdds-1571-lfg7x-4139639749, networkLocation: /default-rack, certSerialId: null}, Type:RATIS, Factor:ONE, State:OPEN]
2019-09-05 07:35:33,595 [grpc-default-executor-0] INFO  impl.RaftServerProxy (RaftServerProxy.java:addNew(89)) - 5822af17-ba6a-443c-803e-51bf9a574bd0: addNew group-AC26640C4CD3:[5822af17-ba6a-443c-803e-51bf9a574bd0:192.168.36.69:45253] returns group-AC26640C4CD3:java.util.concurrent.CompletableFuture@6b7d1d59[Not completed]
2019-09-05 07:35:33,599 [pool-71-thread-1] INFO  impl.RaftServerImpl (RaftServerImpl.java:<init>(93)) - 5822af17-ba6a-443c-803e-51bf9a574bd0: new RaftServerImpl for group-AC26640C4CD3:[5822af17-ba6a-443c-803e-51bf9a574bd0:192.168.36.69:45253] with ContainerStateMachine:uninitialized
2019-09-05 07:35:33,599 [pool-71-thread-1] INFO  server.RaftServerConfigKeys (ConfUtils.java:logGet(43)) - raft.server.rpc.timeout.min = 5s (custom)
2019-09-05 07:35:33,599 [pool-71-thread-1] INFO  server.RaftServerConfigKeys (ConfUtils.java:logGet(43)) - raft.server.rpc.timeout.max = 5200ms (custom)
2019-09-05 07:35:33,599 [pool-71-thread-1] INFO  server.RaftServerConfigKeys (ConfUtils.java:logGet(43)) - raft.server.rpcslowness.timeout = 120s (custom)
2019-09-05 07:35:33,599 [pool-71-thread-1] INFO  server.RaftServerConfigKeys (ConfUtils.java:logGet(43)) - raft.server.sleep.deviation.threshold = 300 (default)
2019-09-05 07:35:33,599 [pool-71-thread-1] INFO  server.RaftServerConfigKeys (ConfUtils.java:logGet(43)) - raft.server.log.appender.install.snapshot.enabled = false (custom)
2019-09-05 07:35:33,599 [pool-71-thread-1] INFO  impl.RaftServerImpl (ServerState.java:<init>(105)) - 5822af17-ba6a-443c-803e-51bf9a574bd0:group-AC26640C4CD3 ConfigurationManager, init=-1: [5822af17-ba6a-443c-803e-51bf9a574bd0:192.168.36.69:45253], old=null, confs=<EMPTY_MAP>
2019-09-05 07:35:33,600 [pool-71-thread-1] INFO  server.RaftServerConfigKeys (ConfUtils.java:logGet(43)) - raft.server.storage.dir = [/workdir/hadoop-ozone/integration-test/target/test-dir/MiniOzoneClusterImpl-a91fc67d-f8c9-4dc9-8b91-6f02eb894b3b/datanode-4/data/ratis] (custom)
2019-09-05 07:35:33,600 [pool-71-thread-1] INFO  storage.RaftStorageDirectory (RaftStorageDirectory.java:analyzeStorage(246)) - The storage directory /workdir/hadoop-ozone/integration-test/target/test-dir/MiniOzoneClusterImpl-a91fc67d-f8c9-4dc9-8b91-6f02eb894b3b/datanode-4/data/ratis/c7ee228a-a0b7-4e0f-b145-ac26640c4cd3 does not exist. Creating ...
2019-09-05 07:35:33,670 [pool-71-thread-1] INFO  storage.RaftStorageDirectory (RaftStorageDirectory.java:tryLock(328)) - Lock on /workdir/hadoop-ozone/integration-test/target/test-dir/MiniOzoneClusterImpl-a91fc67d-f8c9-4dc9-8b91-6f02eb894b3b/datanode-4/data/ratis/c7ee228a-a0b7-4e0f-b145-ac26640c4cd3/in_use.lock acquired by nodename 22460@pr-hdds-1571-lfg7x-4139639749
2019-09-05 07:35:33,688 [main] INFO  ozone.MiniOzoneClusterImpl (MiniOzoneClusterImpl.java:lambda$waitForClusterToBeReady$0(142)) - Cluster is ready. Got 7 of 7 DN Heartbeats.
2019-09-05 07:35:34,002 | INFO  | SCMAudit | user=jenkins1000 | ip=192.168.36.69 | op=SEND_HEARTBEAT {datanodeUUID=7a080ec0-19ca-4af1-b3b9-6aaba7a45b53, command=[]} | ret=SUCCESS |  
2019-09-05 07:35:34,002 [main] INFO  rpc.RpcClient (RpcClient.java:createVolume(293)) - Creating Volume: testblockoutputstream, with jenkins1000 as owner.
2019-09-05 07:35:34,021 | INFO  | OMAudit | user=jenkins1000 | ip=127.0.0.1 | op=CREATE_VOLUME {admin=jenkins1000, owner=jenkins1000, volume=testblockoutputstream, creationTime=1567668934017, quotaInBytes=1152921504606846976} | ret=SUCCESS |  
2019-09-05 07:35:34,046 | INFO  | OMAudit | user=jenkins1000 | ip=127.0.0.1 | op=READ_VOLUME {volume=testblockoutputstream} | ret=SUCCESS |  
2019-09-05 07:35:34,052 [main] INFO  rpc.RpcClient (RpcClient.java:createBucket(432)) - Creating Bucket: testblockoutputstream/testblockoutputstream, with Versioning false and Storage Type set to DISK and Encryption set to false 
2019-09-05 07:35:34,070 | INFO  | OMAudit | user=jenkins1000 | ip=127.0.0.1 | op=CREATE_BUCKET {volume=testblockoutputstream, bucket=testblockoutputstream, acls=[user:jenkins1000:a[ACCESS], group:default:a[ACCESS]], isVersionEnabled=false, storageType=DISK, creationTime=0} | ret=SUCCESS |  
2019-09-05 07:35:34,071 [main] INFO  impl.MetricsSystemImpl (MetricsSystemImpl.java:init(158)) - XceiverClientMetrics metrics system started (again)
2019-09-05 07:35:34,080 | INFO  | OMAudit | user=jenkins1000 | ip=127.0.0.1 | op=READ_VOLUME {volume=testblockoutputstream} | ret=SUCCESS |  
2019-09-05 07:35:34,086 | INFO  | OMAudit | user=jenkins1000 | ip=127.0.0.1 | op=READ_BUCKET {volume=testblockoutputstream, bucket=testblockoutputstream} | ret=SUCCESS |  
2019-09-05 07:35:34,227 | INFO  | SCMAudit | user=jenkins1000 | ip=192.168.36.69 | op=SEND_HEARTBEAT {datanodeUUID=618caef6-a8cd-4e5c-bc39-325bb83fc273, command=[]} | ret=SUCCESS |  
2019-09-05 07:35:34,260 [pool-71-thread-1] INFO  storage.RaftStorage (RaftStorage.java:format(72)) - Storage directory /workdir/hadoop-ozone/integration-test/target/test-dir/MiniOzoneClusterImpl-a91fc67d-f8c9-4dc9-8b91-6f02eb894b3b/datanode-4/data/ratis/c7ee228a-a0b7-4e0f-b145-ac26640c4cd3 has been successfully formatted.
2019-09-05 07:35:34,260 [pool-71-thread-1] INFO  ratis.ContainerStateMachine (ContainerStateMachine.java:loadSnapshot(226)) - group-AC26640C4CD3: The snapshot info is null. Setting the last applied indexto:(t:0, i:~)
2019-09-05 07:35:34,261 [pool-71-thread-1] INFO  server.RaftServerConfigKeys (ConfUtils.java:logGet(43)) - raft.server.leader.election.timeout = 120s (custom)
2019-09-05 07:35:34,261 [pool-71-thread-1] INFO  server.RaftServerConfigKeys (ConfUtils.java:logGet(43)) - raft.server.log.use.memory = false (default)
2019-09-05 07:35:34,261 [pool-71-thread-1] INFO  server.RaftServerConfigKeys (ConfUtils.java:logGet(43)) - raft.server.log.purge.gap = 1000000 (custom)
2019-09-05 07:35:34,261 [pool-71-thread-1] INFO  server.RaftServerConfigKeys (ConfUtils.java:logGet(43)) - raft.server.log.appender.buffer.byte-limit = 33554432 (custom)
2019-09-05 07:35:34,262 [pool-71-thread-1] INFO  server.RaftServerConfigKeys (ConfUtils.java:logGet(43)) - raft.server.log.segment.size.max = 1048576 (custom)
2019-09-05 07:35:34,262 [pool-71-thread-1] INFO  server.RaftServerConfigKeys (ConfUtils.java:logGet(43)) - raft.server.log.segment.cache.num.max = 2 (custom)
2019-09-05 07:35:34,262 [pool-71-thread-1] INFO  segmented.SegmentedRaftLogWorker (SegmentedRaftLogWorker.java:<init>(172)) - new 5822af17-ba6a-443c-803e-51bf9a574bd0-SegmentedRaftLogWorker:Storage Directory /workdir/hadoop-ozone/integration-test/target/test-dir/MiniOzoneClusterImpl-a91fc67d-f8c9-4dc9-8b91-6f02eb894b3b/datanode-4/data/ratis/c7ee228a-a0b7-4e0f-b145-ac26640c4cd3 for RaftStorage:Storage Directory /workdir/hadoop-ozone/integration-test/target/test-dir/MiniOzoneClusterImpl-a91fc67d-f8c9-4dc9-8b91-6f02eb894b3b/datanode-4/data/ratis/c7ee228a-a0b7-4e0f-b145-ac26640c4cd3
2019-09-05 07:35:34,262 [pool-71-thread-1] INFO  server.RaftServerConfigKeys (ConfUtils.java:logGet(43)) - raft.server.log.queue.byte-limit = 2147483647 (custom)
2019-09-05 07:35:34,262 [pool-71-thread-1] INFO  server.RaftServerConfigKeys (ConfUtils.java:logGet(43)) - raft.server.log.queue.element-limit = 1024 (custom)
2019-09-05 07:35:34,263 [pool-71-thread-1] INFO  server.RaftServerConfigKeys (ConfUtils.java:logGet(43)) - raft.server.log.segment.size.max = 1048576 (custom)
2019-09-05 07:35:34,263 [pool-71-thread-1] INFO  server.RaftServerConfigKeys (ConfUtils.java:logGet(43)) - raft.server.log.preallocated.size = 16384 (custom)
2019-09-05 07:35:34,263 [pool-71-thread-1] INFO  server.RaftServerConfigKeys (ConfUtils.java:logGet(43)) - raft.server.log.write.buffer.size = 33554432 (custom)
2019-09-05 07:35:34,263 [pool-71-thread-1] INFO  server.RaftServerConfigKeys (ConfUtils.java:logGet(43)) - raft.server.log.force.sync.num = 128 (default)
2019-09-05 07:35:34,263 [pool-71-thread-1] INFO  server.RaftServerConfigKeys (ConfUtils.java:logGet(43)) - raft.server.log.statemachine.data.sync = true (default)
2019-09-05 07:35:34,264 [pool-71-thread-1] INFO  server.RaftServerConfigKeys (ConfUtils.java:logGet(43)) - raft.server.log.statemachine.data.sync.timeout = 10s (default)
2019-09-05 07:35:34,264 [pool-71-thread-1] INFO  server.RaftServerConfigKeys (ConfUtils.java:logGet(43)) - raft.server.log.statemachine.data.sync.timeout.retry = -1 (default)
2019-09-05 07:35:34,264 [pool-71-thread-1] INFO  server.RaftServerConfigKeys (ConfUtils.java:logGet(43)) - raft.server.log.statemachine.data.caching.enabled = true (custom)
2019-09-05 07:35:34,265 [pool-71-thread-1] INFO  segmented.SegmentedRaftLogWorker (SegmentedRaftLogWorker.java:lambda$new$0(132)) - 5822af17-ba6a-443c-803e-51bf9a574bd0-SegmentedRaftLogWorker:Storage Directory /workdir/hadoop-ozone/integration-test/target/test-dir/MiniOzoneClusterImpl-a91fc67d-f8c9-4dc9-8b91-6f02eb894b3b/datanode-4/data/ratis/c7ee228a-a0b7-4e0f-b145-ac26640c4cd3: flushIndex: setUnconditionally 0 -> -1
2019-09-05 07:35:34,265 [pool-71-thread-1] INFO  server.RaftServerConfigKeys (ConfUtils.java:logGet(43)) - raft.server.snapshot.auto.trigger.enabled = true (custom)
2019-09-05 07:35:34,265 [pool-71-thread-1] INFO  server.RaftServerConfigKeys (ConfUtils.java:logGet(43)) - raft.server.snapshot.auto.trigger.threshold = 10000 (custom)
2019-09-05 07:35:34,266 [pool-71-thread-1] INFO  server.RaftServerConfigKeys (ConfUtils.java:logGet(43)) - raft.server.retrycache.expirytime = 600000ms (custom)
2019-09-05 07:35:34,266 [pool-71-thread-1] INFO  impl.RaftServerImpl (RaftServerImpl.java:start(180)) - 5822af17-ba6a-443c-803e-51bf9a574bd0: start group-AC26640C4CD3
2019-09-05 07:35:34,266 [pool-71-thread-1] INFO  impl.RaftServerImpl (RaftServerImpl.java:setRole(171)) - 5822af17-ba6a-443c-803e-51bf9a574bd0:group-AC26640C4CD3 changes role from null to FOLLOWER at term 0 for startAsFollower
2019-09-05 07:35:34,266 [pool-71-thread-1] INFO  impl.RoleInfo (RoleInfo.java:updateAndGet(143)) - 5822af17-ba6a-443c-803e-51bf9a574bd0: start FollowerState
2019-09-05 07:35:34,267 [pool-71-thread-1] INFO  util.JmxRegister (JmxRegister.java:tryRegister(44)) - Successfully registered JMX Bean with object name Ratis:service=RaftServer,group=group-AC26640C4CD3,id=5822af17-ba6a-443c-803e-51bf9a574bd0
2019-09-05 07:35:34,283 [RatisPipelineUtilsThread] INFO  pipeline.PipelineStateManager (PipelineStateManager.java:addPipeline(56)) - Created pipeline Pipeline[ Id: c7ee228a-a0b7-4e0f-b145-ac26640c4cd3, Nodes: 5822af17-ba6a-443c-803e-51bf9a574bd0{ip: 192.168.36.69, host: pr-hdds-1571-lfg7x-4139639749, networkLocation: /default-rack, certSerialId: null}, Type:RATIS, Factor:ONE, State:OPEN]
2019-09-05 07:35:34,308 [grpc-default-executor-0] INFO  impl.RaftServerProxy (RaftServerProxy.java:addNew(89)) - 216f763b-3e68-44a6-8a6b-4b7681664146: addNew group-193ED8AD1D8F:[216f763b-3e68-44a6-8a6b-4b7681664146:192.168.36.69:46568] returns group-193ED8AD1D8F:java.util.concurrent.CompletableFuture@afa68f[Not completed]
2019-09-05 07:35:34,313 [pool-60-thread-1] INFO  impl.RaftServerImpl (RaftServerImpl.java:<init>(93)) - 216f763b-3e68-44a6-8a6b-4b7681664146: new RaftServerImpl for group-193ED8AD1D8F:[216f763b-3e68-44a6-8a6b-4b7681664146:192.168.36.69:46568] with ContainerStateMachine:uninitialized
2019-09-05 07:35:34,313 [pool-60-thread-1] INFO  server.RaftServerConfigKeys (ConfUtils.java:logGet(43)) - raft.server.rpc.timeout.min = 5s (custom)
2019-09-05 07:35:34,313 [pool-60-thread-1] INFO  server.RaftServerConfigKeys (ConfUtils.java:logGet(43)) - raft.server.rpc.timeout.max = 5200ms (custom)
2019-09-05 07:35:34,313 [pool-60-thread-1] INFO  server.RaftServerConfigKeys (ConfUtils.java:logGet(43)) - raft.server.rpcslowness.timeout = 120s (custom)
2019-09-05 07:35:34,313 [pool-60-thread-1] INFO  server.RaftServerConfigKeys (ConfUtils.java:logGet(43)) - raft.server.sleep.deviation.threshold = 300 (default)
2019-09-05 07:35:34,313 [pool-60-thread-1] INFO  server.RaftServerConfigKeys (ConfUtils.java:logGet(43)) - raft.server.log.appender.install.snapshot.enabled = false (custom)
2019-09-05 07:35:34,313 [pool-60-thread-1] INFO  impl.RaftServerImpl (ServerState.java:<init>(105)) - 216f763b-3e68-44a6-8a6b-4b7681664146:group-193ED8AD1D8F ConfigurationManager, init=-1: [216f763b-3e68-44a6-8a6b-4b7681664146:192.168.36.69:46568], old=null, confs=<EMPTY_MAP>
2019-09-05 07:35:34,314 [pool-60-thread-1] INFO  server.RaftServerConfigKeys (ConfUtils.java:logGet(43)) - raft.server.storage.dir = [/workdir/hadoop-ozone/integration-test/target/test-dir/MiniOzoneClusterImpl-a91fc67d-f8c9-4dc9-8b91-6f02eb894b3b/datanode-3/data/ratis] (custom)
2019-09-05 07:35:34,314 [pool-60-thread-1] INFO  storage.RaftStorageDirectory (RaftStorageDirectory.java:analyzeStorage(246)) - The storage directory /workdir/hadoop-ozone/integration-test/target/test-dir/MiniOzoneClusterImpl-a91fc67d-f8c9-4dc9-8b91-6f02eb894b3b/datanode-3/data/ratis/0cf20a7b-f193-4a1a-9360-193ed8ad1d8f does not exist. Creating ...
2019-09-05 07:35:34,487 [pool-60-thread-1] INFO  storage.RaftStorageDirectory (RaftStorageDirectory.java:tryLock(328)) - Lock on /workdir/hadoop-ozone/integration-test/target/test-dir/MiniOzoneClusterImpl-a91fc67d-f8c9-4dc9-8b91-6f02eb894b3b/datanode-3/data/ratis/0cf20a7b-f193-4a1a-9360-193ed8ad1d8f/in_use.lock acquired by nodename 22460@pr-hdds-1571-lfg7x-4139639749
2019-09-05 07:35:34,511 [pool-60-thread-1] INFO  storage.RaftStorage (RaftStorage.java:format(72)) - Storage directory /workdir/hadoop-ozone/integration-test/target/test-dir/MiniOzoneClusterImpl-a91fc67d-f8c9-4dc9-8b91-6f02eb894b3b/datanode-3/data/ratis/0cf20a7b-f193-4a1a-9360-193ed8ad1d8f has been successfully formatted.
2019-09-05 07:35:34,512 [pool-60-thread-1] INFO  ratis.ContainerStateMachine (ContainerStateMachine.java:loadSnapshot(226)) - group-193ED8AD1D8F: The snapshot info is null. Setting the last applied indexto:(t:0, i:~)
2019-09-05 07:35:34,512 [pool-60-thread-1] INFO  server.RaftServerConfigKeys (ConfUtils.java:logGet(43)) - raft.server.leader.election.timeout = 120s (custom)
2019-09-05 07:35:34,512 [pool-60-thread-1] INFO  server.RaftServerConfigKeys (ConfUtils.java:logGet(43)) - raft.server.log.use.memory = false (default)
2019-09-05 07:35:34,512 [pool-60-thread-1] INFO  server.RaftServerConfigKeys (ConfUtils.java:logGet(43)) - raft.server.log.purge.gap = 1000000 (custom)
2019-09-05 07:35:34,512 [pool-60-thread-1] INFO  server.RaftServerConfigKeys (ConfUtils.java:logGet(43)) - raft.server.log.appender.buffer.byte-limit = 33554432 (custom)
2019-09-05 07:35:34,513 [pool-60-thread-1] INFO  server.RaftServerConfigKeys (ConfUtils.java:logGet(43)) - raft.server.log.segment.size.max = 1048576 (custom)
2019-09-05 07:35:34,513 [pool-60-thread-1] INFO  server.RaftServerConfigKeys (ConfUtils.java:logGet(43)) - raft.server.log.segment.cache.num.max = 2 (custom)
2019-09-05 07:35:34,513 [pool-60-thread-1] INFO  segmented.SegmentedRaftLogWorker (SegmentedRaftLogWorker.java:<init>(172)) - new 216f763b-3e68-44a6-8a6b-4b7681664146-SegmentedRaftLogWorker:Storage Directory /workdir/hadoop-ozone/integration-test/target/test-dir/MiniOzoneClusterImpl-a91fc67d-f8c9-4dc9-8b91-6f02eb894b3b/datanode-3/data/ratis/0cf20a7b-f193-4a1a-9360-193ed8ad1d8f for RaftStorage:Storage Directory /workdir/hadoop-ozone/integration-test/target/test-dir/MiniOzoneClusterImpl-a91fc67d-f8c9-4dc9-8b91-6f02eb894b3b/datanode-3/data/ratis/0cf20a7b-f193-4a1a-9360-193ed8ad1d8f
2019-09-05 07:35:34,513 [pool-60-thread-1] INFO  server.RaftServerConfigKeys (ConfUtils.java:logGet(43)) - raft.server.log.queue.byte-limit = 2147483647 (custom)
2019-09-05 07:35:34,513 [pool-60-thread-1] INFO  server.RaftServerConfigKeys (ConfUtils.java:logGet(43)) - raft.server.log.queue.element-limit = 1024 (custom)
2019-09-05 07:35:34,514 [pool-60-thread-1] INFO  server.RaftServerConfigKeys (ConfUtils.java:logGet(43)) - raft.server.log.segment.size.max = 1048576 (custom)
2019-09-05 07:35:34,514 [pool-60-thread-1] INFO  server.RaftServerConfigKeys (ConfUtils.java:logGet(43)) - raft.server.log.preallocated.size = 16384 (custom)
2019-09-05 07:35:34,514 [pool-60-thread-1] INFO  server.RaftServerConfigKeys (ConfUtils.java:logGet(43)) - raft.server.log.write.buffer.size = 33554432 (custom)
2019-09-05 07:35:34,514 [pool-60-thread-1] INFO  server.RaftServerConfigKeys (ConfUtils.java:logGet(43)) - raft.server.log.force.sync.num = 128 (default)
2019-09-05 07:35:34,514 [pool-60-thread-1] INFO  server.RaftServerConfigKeys (ConfUtils.java:logGet(43)) - raft.server.log.statemachine.data.sync = true (default)
2019-09-05 07:35:34,515 [pool-60-thread-1] INFO  server.RaftServerConfigKeys (ConfUtils.java:logGet(43)) - raft.server.log.statemachine.data.sync.timeout = 10s (default)
2019-09-05 07:35:34,515 [pool-60-thread-1] INFO  server.RaftServerConfigKeys (ConfUtils.java:logGet(43)) - raft.server.log.statemachine.data.sync.timeout.retry = -1 (default)
2019-09-05 07:35:34,515 [pool-60-thread-1] INFO  server.RaftServerConfigKeys (ConfUtils.java:logGet(43)) - raft.server.log.statemachine.data.caching.enabled = true (custom)
2019-09-05 07:35:34,516 [pool-60-thread-1] INFO  segmented.SegmentedRaftLogWorker (SegmentedRaftLogWorker.java:lambda$new$0(132)) - 216f763b-3e68-44a6-8a6b-4b7681664146-SegmentedRaftLogWorker:Storage Directory /workdir/hadoop-ozone/integration-test/target/test-dir/MiniOzoneClusterImpl-a91fc67d-f8c9-4dc9-8b91-6f02eb894b3b/datanode-3/data/ratis/0cf20a7b-f193-4a1a-9360-193ed8ad1d8f: flushIndex: setUnconditionally 0 -> -1
2019-09-05 07:35:34,516 [pool-60-thread-1] INFO  server.RaftServerConfigKeys (ConfUtils.java:logGet(43)) - raft.server.snapshot.auto.trigger.enabled = true (custom)
2019-09-05 07:35:34,516 [pool-60-thread-1] INFO  server.RaftServerConfigKeys (ConfUtils.java:logGet(43)) - raft.server.snapshot.auto.trigger.threshold = 10000 (custom)
2019-09-05 07:35:34,516 [pool-60-thread-1] INFO  server.RaftServerConfigKeys (ConfUtils.java:logGet(43)) - raft.server.retrycache.expirytime = 600000ms (custom)
2019-09-05 07:35:34,517 [pool-60-thread-1] INFO  impl.RaftServerImpl (RaftServerImpl.java:start(180)) - 216f763b-3e68-44a6-8a6b-4b7681664146: start group-193ED8AD1D8F
2019-09-05 07:35:34,517 [pool-60-thread-1] INFO  impl.RaftServerImpl (RaftServerImpl.java:setRole(171)) - 216f763b-3e68-44a6-8a6b-4b7681664146:group-193ED8AD1D8F changes role from null to FOLLOWER at term 0 for startAsFollower
2019-09-05 07:35:34,517 [pool-60-thread-1] INFO  impl.RoleInfo (RoleInfo.java:updateAndGet(143)) - 216f763b-3e68-44a6-8a6b-4b7681664146: start FollowerState
2019-09-05 07:35:34,517 [pool-60-thread-1] INFO  util.JmxRegister (JmxRegister.java:tryRegister(44)) - Successfully registered JMX Bean with object name Ratis:service=RaftServer,group=group-193ED8AD1D8F,id=216f763b-3e68-44a6-8a6b-4b7681664146
2019-09-05 07:35:34,528 [RatisPipelineUtilsThread] INFO  pipeline.PipelineStateManager (PipelineStateManager.java:addPipeline(56)) - Created pipeline Pipeline[ Id: 0cf20a7b-f193-4a1a-9360-193ed8ad1d8f, Nodes: 216f763b-3e68-44a6-8a6b-4b7681664146{ip: 192.168.36.69, host: pr-hdds-1571-lfg7x-4139639749, networkLocation: /default-rack, certSerialId: null}, Type:RATIS, Factor:ONE, State:OPEN]
2019-09-05 07:35:34,548 [grpc-default-executor-0] INFO  impl.RaftServerProxy (RaftServerProxy.java:addNew(89)) - cbc4e215-9e19-470f-b262-a66375af609e: addNew group-799C4DA6C7BC:[cbc4e215-9e19-470f-b262-a66375af609e:192.168.36.69:44389] returns group-799C4DA6C7BC:java.util.concurrent.CompletableFuture@12257b83[Not completed]
2019-09-05 07:35:34,552 [pool-82-thread-1] INFO  impl.RaftServerImpl (RaftServerImpl.java:<init>(93)) - cbc4e215-9e19-470f-b262-a66375af609e: new RaftServerImpl for group-799C4DA6C7BC:[cbc4e215-9e19-470f-b262-a66375af609e:192.168.36.69:44389] with ContainerStateMachine:uninitialized
2019-09-05 07:35:34,553 [pool-82-thread-1] INFO  server.RaftServerConfigKeys (ConfUtils.java:logGet(43)) - raft.server.rpc.timeout.min = 5s (custom)
2019-09-05 07:35:34,553 [pool-82-thread-1] INFO  server.RaftServerConfigKeys (ConfUtils.java:logGet(43)) - raft.server.rpc.timeout.max = 5200ms (custom)
2019-09-05 07:35:34,553 [pool-82-thread-1] INFO  server.RaftServerConfigKeys (ConfUtils.java:logGet(43)) - raft.server.rpcslowness.timeout = 120s (custom)
2019-09-05 07:35:34,553 [pool-82-thread-1] INFO  server.RaftServerConfigKeys (ConfUtils.java:logGet(43)) - raft.server.sleep.deviation.threshold = 300 (default)
2019-09-05 07:35:34,553 [pool-82-thread-1] INFO  server.RaftServerConfigKeys (ConfUtils.java:logGet(43)) - raft.server.log.appender.install.snapshot.enabled = false (custom)
2019-09-05 07:35:34,553 [pool-82-thread-1] INFO  impl.RaftServerImpl (ServerState.java:<init>(105)) - cbc4e215-9e19-470f-b262-a66375af609e:group-799C4DA6C7BC ConfigurationManager, init=-1: [cbc4e215-9e19-470f-b262-a66375af609e:192.168.36.69:44389], old=null, confs=<EMPTY_MAP>
2019-09-05 07:35:34,553 [pool-82-thread-1] INFO  server.RaftServerConfigKeys (ConfUtils.java:logGet(43)) - raft.server.storage.dir = [/workdir/hadoop-ozone/integration-test/target/test-dir/MiniOzoneClusterImpl-a91fc67d-f8c9-4dc9-8b91-6f02eb894b3b/datanode-5/data/ratis] (custom)
2019-09-05 07:35:34,554 [pool-82-thread-1] INFO  storage.RaftStorageDirectory (RaftStorageDirectory.java:analyzeStorage(246)) - The storage directory /workdir/hadoop-ozone/integration-test/target/test-dir/MiniOzoneClusterImpl-a91fc67d-f8c9-4dc9-8b91-6f02eb894b3b/datanode-5/data/ratis/d3d34444-4812-4613-80b0-799c4da6c7bc does not exist. Creating ...
2019-09-05 07:35:34,584 [pool-82-thread-1] INFO  storage.RaftStorageDirectory (RaftStorageDirectory.java:tryLock(328)) - Lock on /workdir/hadoop-ozone/integration-test/target/test-dir/MiniOzoneClusterImpl-a91fc67d-f8c9-4dc9-8b91-6f02eb894b3b/datanode-5/data/ratis/d3d34444-4812-4613-80b0-799c4da6c7bc/in_use.lock acquired by nodename 22460@pr-hdds-1571-lfg7x-4139639749
2019-09-05 07:35:34,611 [pool-82-thread-1] INFO  storage.RaftStorage (RaftStorage.java:format(72)) - Storage directory /workdir/hadoop-ozone/integration-test/target/test-dir/MiniOzoneClusterImpl-a91fc67d-f8c9-4dc9-8b91-6f02eb894b3b/datanode-5/data/ratis/d3d34444-4812-4613-80b0-799c4da6c7bc has been successfully formatted.
2019-09-05 07:35:34,611 [pool-82-thread-1] INFO  ratis.ContainerStateMachine (ContainerStateMachine.java:loadSnapshot(226)) - group-799C4DA6C7BC: The snapshot info is null. Setting the last applied indexto:(t:0, i:~)
2019-09-05 07:35:34,611 [pool-82-thread-1] INFO  server.RaftServerConfigKeys (ConfUtils.java:logGet(43)) - raft.server.leader.election.timeout = 120s (custom)
2019-09-05 07:35:34,611 [pool-82-thread-1] INFO  server.RaftServerConfigKeys (ConfUtils.java:logGet(43)) - raft.server.log.use.memory = false (default)
2019-09-05 07:35:34,611 [pool-82-thread-1] INFO  server.RaftServerConfigKeys (ConfUtils.java:logGet(43)) - raft.server.log.purge.gap = 1000000 (custom)
2019-09-05 07:35:34,612 [pool-82-thread-1] INFO  server.RaftServerConfigKeys (ConfUtils.java:logGet(43)) - raft.server.log.appender.buffer.byte-limit = 33554432 (custom)
2019-09-05 07:35:34,612 [pool-82-thread-1] INFO  server.RaftServerConfigKeys (ConfUtils.java:logGet(43)) - raft.server.log.segment.size.max = 1048576 (custom)
2019-09-05 07:35:34,612 [pool-82-thread-1] INFO  server.RaftServerConfigKeys (ConfUtils.java:logGet(43)) - raft.server.log.segment.cache.num.max = 2 (custom)
2019-09-05 07:35:34,612 [pool-82-thread-1] INFO  segmented.SegmentedRaftLogWorker (SegmentedRaftLogWorker.java:<init>(172)) - new cbc4e215-9e19-470f-b262-a66375af609e-SegmentedRaftLogWorker:Storage Directory /workdir/hadoop-ozone/integration-test/target/test-dir/MiniOzoneClusterImpl-a91fc67d-f8c9-4dc9-8b91-6f02eb894b3b/datanode-5/data/ratis/d3d34444-4812-4613-80b0-799c4da6c7bc for RaftStorage:Storage Directory /workdir/hadoop-ozone/integration-test/target/test-dir/MiniOzoneClusterImpl-a91fc67d-f8c9-4dc9-8b91-6f02eb894b3b/datanode-5/data/ratis/d3d34444-4812-4613-80b0-799c4da6c7bc
2019-09-05 07:35:34,612 [pool-82-thread-1] INFO  server.RaftServerConfigKeys (ConfUtils.java:logGet(43)) - raft.server.log.queue.byte-limit = 2147483647 (custom)
2019-09-05 07:35:34,613 [pool-82-thread-1] INFO  server.RaftServerConfigKeys (ConfUtils.java:logGet(43)) - raft.server.log.queue.element-limit = 1024 (custom)
2019-09-05 07:35:34,613 [pool-82-thread-1] INFO  server.RaftServerConfigKeys (ConfUtils.java:logGet(43)) - raft.server.log.segment.size.max = 1048576 (custom)
2019-09-05 07:35:34,613 [pool-82-thread-1] INFO  server.RaftServerConfigKeys (ConfUtils.java:logGet(43)) - raft.server.log.preallocated.size = 16384 (custom)
2019-09-05 07:35:34,613 [pool-82-thread-1] INFO  server.RaftServerConfigKeys (ConfUtils.java:logGet(43)) - raft.server.log.write.buffer.size = 33554432 (custom)
2019-09-05 07:35:34,613 [pool-82-thread-1] INFO  server.RaftServerConfigKeys (ConfUtils.java:logGet(43)) - raft.server.log.force.sync.num = 128 (default)
2019-09-05 07:35:34,614 [pool-82-thread-1] INFO  server.RaftServerConfigKeys (ConfUtils.java:logGet(43)) - raft.server.log.statemachine.data.sync = true (default)
2019-09-05 07:35:34,614 [pool-82-thread-1] INFO  server.RaftServerConfigKeys (ConfUtils.java:logGet(43)) - raft.server.log.statemachine.data.sync.timeout = 10s (default)
2019-09-05 07:35:34,614 [pool-82-thread-1] INFO  server.RaftServerConfigKeys (ConfUtils.java:logGet(43)) - raft.server.log.statemachine.data.sync.timeout.retry = -1 (default)
2019-09-05 07:35:34,614 [pool-82-thread-1] INFO  server.RaftServerConfigKeys (ConfUtils.java:logGet(43)) - raft.server.log.statemachine.data.caching.enabled = true (custom)
2019-09-05 07:35:34,615 [pool-82-thread-1] INFO  segmented.SegmentedRaftLogWorker (SegmentedRaftLogWorker.java:lambda$new$0(132)) - cbc4e215-9e19-470f-b262-a66375af609e-SegmentedRaftLogWorker:Storage Directory /workdir/hadoop-ozone/integration-test/target/test-dir/MiniOzoneClusterImpl-a91fc67d-f8c9-4dc9-8b91-6f02eb894b3b/datanode-5/data/ratis/d3d34444-4812-4613-80b0-799c4da6c7bc: flushIndex: setUnconditionally 0 -> -1
2019-09-05 07:35:34,615 [pool-82-thread-1] INFO  server.RaftServerConfigKeys (ConfUtils.java:logGet(43)) - raft.server.snapshot.auto.trigger.enabled = true (custom)
2019-09-05 07:35:34,615 [pool-82-thread-1] INFO  server.RaftServerConfigKeys (ConfUtils.java:logGet(43)) - raft.server.snapshot.auto.trigger.threshold = 10000 (custom)
2019-09-05 07:35:34,616 [pool-82-thread-1] INFO  server.RaftServerConfigKeys (ConfUtils.java:logGet(43)) - raft.server.retrycache.expirytime = 600000ms (custom)
2019-09-05 07:35:34,616 [pool-82-thread-1] INFO  impl.RaftServerImpl (RaftServerImpl.java:start(180)) - cbc4e215-9e19-470f-b262-a66375af609e: start group-799C4DA6C7BC
2019-09-05 07:35:34,616 [pool-82-thread-1] INFO  impl.RaftServerImpl (RaftServerImpl.java:setRole(171)) - cbc4e215-9e19-470f-b262-a66375af609e:group-799C4DA6C7BC changes role from null to FOLLOWER at term 0 for startAsFollower
2019-09-05 07:35:34,616 [pool-82-thread-1] INFO  impl.RoleInfo (RoleInfo.java:updateAndGet(143)) - cbc4e215-9e19-470f-b262-a66375af609e: start FollowerState
2019-09-05 07:35:34,617 [pool-82-thread-1] INFO  util.JmxRegister (JmxRegister.java:tryRegister(44)) - Successfully registered JMX Bean with object name Ratis:service=RaftServer,group=group-799C4DA6C7BC,id=cbc4e215-9e19-470f-b262-a66375af609e
2019-09-05 07:35:34,629 [RatisPipelineUtilsThread] INFO  pipeline.PipelineStateManager (PipelineStateManager.java:addPipeline(56)) - Created pipeline Pipeline[ Id: d3d34444-4812-4613-80b0-799c4da6c7bc, Nodes: cbc4e215-9e19-470f-b262-a66375af609e{ip: 192.168.36.69, host: pr-hdds-1571-lfg7x-4139639749, networkLocation: /default-rack, certSerialId: null}, Type:RATIS, Factor:ONE, State:OPEN]
2019-09-05 07:35:34,645 [grpc-default-executor-0] INFO  impl.RaftServerProxy (RaftServerProxy.java:addNew(89)) - 017b796d-3321-494b-8d8c-e766a57787fe: addNew group-A0C604F43A5A:[017b796d-3321-494b-8d8c-e766a57787fe:192.168.36.69:40416] returns group-A0C604F43A5A:java.util.concurrent.CompletableFuture@239a555a[Not completed]
2019-09-05 07:35:34,649 [pool-93-thread-1] INFO  impl.RaftServerImpl (RaftServerImpl.java:<init>(93)) - 017b796d-3321-494b-8d8c-e766a57787fe: new RaftServerImpl for group-A0C604F43A5A:[017b796d-3321-494b-8d8c-e766a57787fe:192.168.36.69:40416] with ContainerStateMachine:uninitialized
2019-09-05 07:35:34,650 [pool-93-thread-1] INFO  server.RaftServerConfigKeys (ConfUtils.java:logGet(43)) - raft.server.rpc.timeout.min = 5s (custom)
2019-09-05 07:35:34,650 [pool-93-thread-1] INFO  server.RaftServerConfigKeys (ConfUtils.java:logGet(43)) - raft.server.rpc.timeout.max = 5200ms (custom)
2019-09-05 07:35:34,650 [pool-93-thread-1] INFO  server.RaftServerConfigKeys (ConfUtils.java:logGet(43)) - raft.server.rpcslowness.timeout = 120s (custom)
2019-09-05 07:35:34,650 [pool-93-thread-1] INFO  server.RaftServerConfigKeys (ConfUtils.java:logGet(43)) - raft.server.sleep.deviation.threshold = 300 (default)
2019-09-05 07:35:34,650 [pool-93-thread-1] INFO  server.RaftServerConfigKeys (ConfUtils.java:logGet(43)) - raft.server.log.appender.install.snapshot.enabled = false (custom)
2019-09-05 07:35:34,650 [pool-93-thread-1] INFO  impl.RaftServerImpl (ServerState.java:<init>(105)) - 017b796d-3321-494b-8d8c-e766a57787fe:group-A0C604F43A5A ConfigurationManager, init=-1: [017b796d-3321-494b-8d8c-e766a57787fe:192.168.36.69:40416], old=null, confs=<EMPTY_MAP>
2019-09-05 07:35:34,651 [pool-93-thread-1] INFO  server.RaftServerConfigKeys (ConfUtils.java:logGet(43)) - raft.server.storage.dir = [/workdir/hadoop-ozone/integration-test/target/test-dir/MiniOzoneClusterImpl-a91fc67d-f8c9-4dc9-8b91-6f02eb894b3b/datanode-6/data/ratis] (custom)
2019-09-05 07:35:34,651 [pool-93-thread-1] INFO  storage.RaftStorageDirectory (RaftStorageDirectory.java:analyzeStorage(246)) - The storage directory /workdir/hadoop-ozone/integration-test/target/test-dir/MiniOzoneClusterImpl-a91fc67d-f8c9-4dc9-8b91-6f02eb894b3b/datanode-6/data/ratis/82af3f85-600b-4266-a430-a0c604f43a5a does not exist. Creating ...
2019-09-05 07:35:34,691 | INFO  | SCMAudit | user=jenkins1000 | ip=192.168.36.69 | op=SEND_HEARTBEAT {datanodeUUID=216f763b-3e68-44a6-8a6b-4b7681664146, command=[]} | ret=SUCCESS |  
2019-09-05 07:35:34,694 [pool-93-thread-1] INFO  storage.RaftStorageDirectory (RaftStorageDirectory.java:tryLock(328)) - Lock on /workdir/hadoop-ozone/integration-test/target/test-dir/MiniOzoneClusterImpl-a91fc67d-f8c9-4dc9-8b91-6f02eb894b3b/datanode-6/data/ratis/82af3f85-600b-4266-a430-a0c604f43a5a/in_use.lock acquired by nodename 22460@pr-hdds-1571-lfg7x-4139639749
2019-09-05 07:35:34,694 | INFO  | SCMAudit | user=jenkins1000 | ip=192.168.36.69 | op=SEND_HEARTBEAT {datanodeUUID=d8846d25-1678-4df1-8bff-f38eb3492905, command=[]} | ret=SUCCESS |  
2019-09-05 07:35:34,723 [pool-93-thread-1] INFO  storage.RaftStorage (RaftStorage.java:format(72)) - Storage directory /workdir/hadoop-ozone/integration-test/target/test-dir/MiniOzoneClusterImpl-a91fc67d-f8c9-4dc9-8b91-6f02eb894b3b/datanode-6/data/ratis/82af3f85-600b-4266-a430-a0c604f43a5a has been successfully formatted.
2019-09-05 07:35:34,724 [pool-93-thread-1] INFO  ratis.ContainerStateMachine (ContainerStateMachine.java:loadSnapshot(226)) - group-A0C604F43A5A: The snapshot info is null. Setting the last applied indexto:(t:0, i:~)
2019-09-05 07:35:34,724 [pool-93-thread-1] INFO  server.RaftServerConfigKeys (ConfUtils.java:logGet(43)) - raft.server.leader.election.timeout = 120s (custom)
2019-09-05 07:35:34,724 [pool-93-thread-1] INFO  server.RaftServerConfigKeys (ConfUtils.java:logGet(43)) - raft.server.log.use.memory = false (default)
2019-09-05 07:35:34,724 [pool-93-thread-1] INFO  server.RaftServerConfigKeys (ConfUtils.java:logGet(43)) - raft.server.log.purge.gap = 1000000 (custom)
2019-09-05 07:35:34,724 [pool-93-thread-1] INFO  server.RaftServerConfigKeys (ConfUtils.java:logGet(43)) - raft.server.log.appender.buffer.byte-limit = 33554432 (custom)
2019-09-05 07:35:34,725 [pool-93-thread-1] INFO  server.RaftServerConfigKeys (ConfUtils.java:logGet(43)) - raft.server.log.segment.size.max = 1048576 (custom)
2019-09-05 07:35:34,725 [pool-93-thread-1] INFO  server.RaftServerConfigKeys (ConfUtils.java:logGet(43)) - raft.server.log.segment.cache.num.max = 2 (custom)
2019-09-05 07:35:34,725 [pool-93-thread-1] INFO  segmented.SegmentedRaftLogWorker (SegmentedRaftLogWorker.java:<init>(172)) - new 017b796d-3321-494b-8d8c-e766a57787fe-SegmentedRaftLogWorker:Storage Directory /workdir/hadoop-ozone/integration-test/target/test-dir/MiniOzoneClusterImpl-a91fc67d-f8c9-4dc9-8b91-6f02eb894b3b/datanode-6/data/ratis/82af3f85-600b-4266-a430-a0c604f43a5a for RaftStorage:Storage Directory /workdir/hadoop-ozone/integration-test/target/test-dir/MiniOzoneClusterImpl-a91fc67d-f8c9-4dc9-8b91-6f02eb894b3b/datanode-6/data/ratis/82af3f85-600b-4266-a430-a0c604f43a5a
2019-09-05 07:35:34,725 [pool-93-thread-1] INFO  server.RaftServerConfigKeys (ConfUtils.java:logGet(43)) - raft.server.log.queue.byte-limit = 2147483647 (custom)
2019-09-05 07:35:34,725 [pool-93-thread-1] INFO  server.RaftServerConfigKeys (ConfUtils.java:logGet(43)) - raft.server.log.queue.element-limit = 1024 (custom)
2019-09-05 07:35:34,726 [pool-93-thread-1] INFO  server.RaftServerConfigKeys (ConfUtils.java:logGet(43)) - raft.server.log.segment.size.max = 1048576 (custom)
2019-09-05 07:35:34,726 [pool-93-thread-1] INFO  server.RaftServerConfigKeys (ConfUtils.java:logGet(43)) - raft.server.log.preallocated.size = 16384 (custom)
2019-09-05 07:35:34,726 [pool-93-thread-1] INFO  server.RaftServerConfigKeys (ConfUtils.java:logGet(43)) - raft.server.log.write.buffer.size = 33554432 (custom)
2019-09-05 07:35:34,726 [pool-93-thread-1] INFO  server.RaftServerConfigKeys (ConfUtils.java:logGet(43)) - raft.server.log.force.sync.num = 128 (default)
2019-09-05 07:35:34,727 [pool-93-thread-1] INFO  server.RaftServerConfigKeys (ConfUtils.java:logGet(43)) - raft.server.log.statemachine.data.sync = true (default)
2019-09-05 07:35:34,727 [pool-93-thread-1] INFO  server.RaftServerConfigKeys (ConfUtils.java:logGet(43)) - raft.server.log.statemachine.data.sync.timeout = 10s (default)
2019-09-05 07:35:34,727 [pool-93-thread-1] INFO  server.RaftServerConfigKeys (ConfUtils.java:logGet(43)) - raft.server.log.statemachine.data.sync.timeout.retry = -1 (default)
2019-09-05 07:35:34,728 [pool-93-thread-1] INFO  server.RaftServerConfigKeys (ConfUtils.java:logGet(43)) - raft.server.log.statemachine.data.caching.enabled = true (custom)
2019-09-05 07:35:34,728 [pool-93-thread-1] INFO  segmented.SegmentedRaftLogWorker (SegmentedRaftLogWorker.java:lambda$new$0(132)) - 017b796d-3321-494b-8d8c-e766a57787fe-SegmentedRaftLogWorker:Storage Directory /workdir/hadoop-ozone/integration-test/target/test-dir/MiniOzoneClusterImpl-a91fc67d-f8c9-4dc9-8b91-6f02eb894b3b/datanode-6/data/ratis/82af3f85-600b-4266-a430-a0c604f43a5a: flushIndex: setUnconditionally 0 -> -1
2019-09-05 07:35:34,728 [pool-93-thread-1] INFO  server.RaftServerConfigKeys (ConfUtils.java:logGet(43)) - raft.server.snapshot.auto.trigger.enabled = true (custom)
2019-09-05 07:35:34,729 [pool-93-thread-1] INFO  server.RaftServerConfigKeys (ConfUtils.java:logGet(43)) - raft.server.snapshot.auto.trigger.threshold = 10000 (custom)
2019-09-05 07:35:34,729 [pool-93-thread-1] INFO  server.RaftServerConfigKeys (ConfUtils.java:logGet(43)) - raft.server.retrycache.expirytime = 600000ms (custom)
2019-09-05 07:35:34,729 [pool-93-thread-1] INFO  impl.RaftServerImpl (RaftServerImpl.java:start(180)) - 017b796d-3321-494b-8d8c-e766a57787fe: start group-A0C604F43A5A
2019-09-05 07:35:34,729 [pool-93-thread-1] INFO  impl.RaftServerImpl (RaftServerImpl.java:setRole(171)) - 017b796d-3321-494b-8d8c-e766a57787fe:group-A0C604F43A5A changes role from null to FOLLOWER at term 0 for startAsFollower
2019-09-05 07:35:34,730 [pool-93-thread-1] INFO  impl.RoleInfo (RoleInfo.java:updateAndGet(143)) - 017b796d-3321-494b-8d8c-e766a57787fe: start FollowerState
2019-09-05 07:35:34,730 [pool-93-thread-1] INFO  util.JmxRegister (JmxRegister.java:tryRegister(44)) - Successfully registered JMX Bean with object name Ratis:service=RaftServer,group=group-A0C604F43A5A,id=017b796d-3321-494b-8d8c-e766a57787fe
2019-09-05 07:35:34,752 [RatisPipelineUtilsThread] INFO  pipeline.PipelineStateManager (PipelineStateManager.java:addPipeline(56)) - Created pipeline Pipeline[ Id: 82af3f85-600b-4266-a430-a0c604f43a5a, Nodes: 017b796d-3321-494b-8d8c-e766a57787fe{ip: 192.168.36.69, host: pr-hdds-1571-lfg7x-4139639749, networkLocation: /default-rack, certSerialId: null}, Type:RATIS, Factor:ONE, State:OPEN]
2019-09-05 07:35:34,788 [grpc-default-executor-2] INFO  impl.RaftServerProxy (RaftServerProxy.java:addNew(89)) - d8846d25-1678-4df1-8bff-f38eb3492905: addNew group-C92E3FDB7DCF:[618caef6-a8cd-4e5c-bc39-325bb83fc273:192.168.36.69:42795, 5822af17-ba6a-443c-803e-51bf9a574bd0:192.168.36.69:45253, d8846d25-1678-4df1-8bff-f38eb3492905:192.168.36.69:44539] returns group-C92E3FDB7DCF:java.util.concurrent.CompletableFuture@12776add[Not completed]
2019-09-05 07:35:34,790 [grpc-default-executor-1] INFO  impl.RaftServerProxy (RaftServerProxy.java:addNew(89)) - 618caef6-a8cd-4e5c-bc39-325bb83fc273: addNew group-C92E3FDB7DCF:[618caef6-a8cd-4e5c-bc39-325bb83fc273:192.168.36.69:42795, 5822af17-ba6a-443c-803e-51bf9a574bd0:192.168.36.69:45253, d8846d25-1678-4df1-8bff-f38eb3492905:192.168.36.69:44539] returns group-C92E3FDB7DCF:java.util.concurrent.CompletableFuture@11e8c64[Not completed]
2019-09-05 07:35:34,791 [grpc-default-executor-2] INFO  impl.RaftServerProxy (RaftServerProxy.java:addNew(89)) - 5822af17-ba6a-443c-803e-51bf9a574bd0: addNew group-C92E3FDB7DCF:[618caef6-a8cd-4e5c-bc39-325bb83fc273:192.168.36.69:42795, 5822af17-ba6a-443c-803e-51bf9a574bd0:192.168.36.69:45253, d8846d25-1678-4df1-8bff-f38eb3492905:192.168.36.69:44539] returns group-C92E3FDB7DCF:java.util.concurrent.CompletableFuture@371707dd[Not completed]
2019-09-05 07:35:34,791 [pool-49-thread-1] INFO  impl.RaftServerImpl (RaftServerImpl.java:<init>(93)) - d8846d25-1678-4df1-8bff-f38eb3492905: new RaftServerImpl for group-C92E3FDB7DCF:[618caef6-a8cd-4e5c-bc39-325bb83fc273:192.168.36.69:42795, 5822af17-ba6a-443c-803e-51bf9a574bd0:192.168.36.69:45253, d8846d25-1678-4df1-8bff-f38eb3492905:192.168.36.69:44539] with ContainerStateMachine:uninitialized
2019-09-05 07:35:34,792 [pool-49-thread-1] INFO  server.RaftServerConfigKeys (ConfUtils.java:logGet(43)) - raft.server.rpc.timeout.min = 5s (custom)
2019-09-05 07:35:34,792 [pool-49-thread-1] INFO  server.RaftServerConfigKeys (ConfUtils.java:logGet(43)) - raft.server.rpc.timeout.max = 5200ms (custom)
2019-09-05 07:35:34,792 [pool-49-thread-1] INFO  server.RaftServerConfigKeys (ConfUtils.java:logGet(43)) - raft.server.rpcslowness.timeout = 120s (custom)
2019-09-05 07:35:34,792 [pool-71-thread-1] INFO  impl.RaftServerImpl (RaftServerImpl.java:<init>(93)) - 5822af17-ba6a-443c-803e-51bf9a574bd0: new RaftServerImpl for group-C92E3FDB7DCF:[618caef6-a8cd-4e5c-bc39-325bb83fc273:192.168.36.69:42795, 5822af17-ba6a-443c-803e-51bf9a574bd0:192.168.36.69:45253, d8846d25-1678-4df1-8bff-f38eb3492905:192.168.36.69:44539] with ContainerStateMachine:uninitialized
2019-09-05 07:35:34,792 [pool-49-thread-1] INFO  server.RaftServerConfigKeys (ConfUtils.java:logGet(43)) - raft.server.sleep.deviation.threshold = 300 (default)
2019-09-05 07:35:34,792 [pool-71-thread-1] INFO  server.RaftServerConfigKeys (ConfUtils.java:logGet(43)) - raft.server.rpc.timeout.min = 5s (custom)
2019-09-05 07:35:34,792 [pool-49-thread-1] INFO  server.RaftServerConfigKeys (ConfUtils.java:logGet(43)) - raft.server.log.appender.install.snapshot.enabled = false (custom)
2019-09-05 07:35:34,793 [pool-71-thread-1] INFO  server.RaftServerConfigKeys (ConfUtils.java:logGet(43)) - raft.server.rpc.timeout.max = 5200ms (custom)
2019-09-05 07:35:34,793 [pool-49-thread-1] INFO  impl.RaftServerImpl (ServerState.java:<init>(105)) - d8846d25-1678-4df1-8bff-f38eb3492905:group-C92E3FDB7DCF ConfigurationManager, init=-1: [618caef6-a8cd-4e5c-bc39-325bb83fc273:192.168.36.69:42795, 5822af17-ba6a-443c-803e-51bf9a574bd0:192.168.36.69:45253, d8846d25-1678-4df1-8bff-f38eb3492905:192.168.36.69:44539], old=null, confs=<EMPTY_MAP>
2019-09-05 07:35:34,793 [pool-71-thread-1] INFO  server.RaftServerConfigKeys (ConfUtils.java:logGet(43)) - raft.server.rpcslowness.timeout = 120s (custom)
2019-09-05 07:35:34,793 [pool-38-thread-1] INFO  impl.RaftServerImpl (RaftServerImpl.java:<init>(93)) - 618caef6-a8cd-4e5c-bc39-325bb83fc273: new RaftServerImpl for group-C92E3FDB7DCF:[618caef6-a8cd-4e5c-bc39-325bb83fc273:192.168.36.69:42795, 5822af17-ba6a-443c-803e-51bf9a574bd0:192.168.36.69:45253, d8846d25-1678-4df1-8bff-f38eb3492905:192.168.36.69:44539] with ContainerStateMachine:uninitialized
2019-09-05 07:35:34,793 [pool-49-thread-1] INFO  server.RaftServerConfigKeys (ConfUtils.java:logGet(43)) - raft.server.storage.dir = [/workdir/hadoop-ozone/integration-test/target/test-dir/MiniOzoneClusterImpl-a91fc67d-f8c9-4dc9-8b91-6f02eb894b3b/datanode-2/data/ratis] (custom)
2019-09-05 07:35:34,793 [pool-71-thread-1] INFO  server.RaftServerConfigKeys (ConfUtils.java:logGet(43)) - raft.server.sleep.deviation.threshold = 300 (default)
2019-09-05 07:35:34,793 [pool-38-thread-1] INFO  server.RaftServerConfigKeys (ConfUtils.java:logGet(43)) - raft.server.rpc.timeout.min = 5s (custom)
2019-09-05 07:35:34,793 [pool-71-thread-1] INFO  server.RaftServerConfigKeys (ConfUtils.java:logGet(43)) - raft.server.log.appender.install.snapshot.enabled = false (custom)
2019-09-05 07:35:34,794 [pool-38-thread-1] INFO  server.RaftServerConfigKeys (ConfUtils.java:logGet(43)) - raft.server.rpc.timeout.max = 5200ms (custom)
2019-09-05 07:35:34,794 [pool-71-thread-1] INFO  impl.RaftServerImpl (ServerState.java:<init>(105)) - 5822af17-ba6a-443c-803e-51bf9a574bd0:group-C92E3FDB7DCF ConfigurationManager, init=-1: [618caef6-a8cd-4e5c-bc39-325bb83fc273:192.168.36.69:42795, 5822af17-ba6a-443c-803e-51bf9a574bd0:192.168.36.69:45253, d8846d25-1678-4df1-8bff-f38eb3492905:192.168.36.69:44539], old=null, confs=<EMPTY_MAP>
2019-09-05 07:35:34,794 [pool-49-thread-1] INFO  storage.RaftStorageDirectory (RaftStorageDirectory.java:analyzeStorage(246)) - The storage directory /workdir/hadoop-ozone/integration-test/target/test-dir/MiniOzoneClusterImpl-a91fc67d-f8c9-4dc9-8b91-6f02eb894b3b/datanode-2/data/ratis/4d0a58e4-5e13-4756-b8fc-c92e3fdb7dcf does not exist. Creating ...
2019-09-05 07:35:34,794 [pool-71-thread-1] INFO  server.RaftServerConfigKeys (ConfUtils.java:logGet(43)) - raft.server.storage.dir = [/workdir/hadoop-ozone/integration-test/target/test-dir/MiniOzoneClusterImpl-a91fc67d-f8c9-4dc9-8b91-6f02eb894b3b/datanode-4/data/ratis] (custom)
2019-09-05 07:35:34,794 [pool-38-thread-1] INFO  server.RaftServerConfigKeys (ConfUtils.java:logGet(43)) - raft.server.rpcslowness.timeout = 120s (custom)
2019-09-05 07:35:34,795 [pool-71-thread-1] INFO  storage.RaftStorageDirectory (RaftStorageDirectory.java:analyzeStorage(246)) - The storage directory /workdir/hadoop-ozone/integration-test/target/test-dir/MiniOzoneClusterImpl-a91fc67d-f8c9-4dc9-8b91-6f02eb894b3b/datanode-4/data/ratis/4d0a58e4-5e13-4756-b8fc-c92e3fdb7dcf does not exist. Creating ...
2019-09-05 07:35:34,795 [pool-38-thread-1] INFO  server.RaftServerConfigKeys (ConfUtils.java:logGet(43)) - raft.server.sleep.deviation.threshold = 300 (default)
2019-09-05 07:35:34,795 [pool-38-thread-1] INFO  server.RaftServerConfigKeys (ConfUtils.java:logGet(43)) - raft.server.log.appender.install.snapshot.enabled = false (custom)
2019-09-05 07:35:34,795 [pool-38-thread-1] INFO  impl.RaftServerImpl (ServerState.java:<init>(105)) - 618caef6-a8cd-4e5c-bc39-325bb83fc273:group-C92E3FDB7DCF ConfigurationManager, init=-1: [618caef6-a8cd-4e5c-bc39-325bb83fc273:192.168.36.69:42795, 5822af17-ba6a-443c-803e-51bf9a574bd0:192.168.36.69:45253, d8846d25-1678-4df1-8bff-f38eb3492905:192.168.36.69:44539], old=null, confs=<EMPTY_MAP>
2019-09-05 07:35:34,795 [pool-38-thread-1] INFO  server.RaftServerConfigKeys (ConfUtils.java:logGet(43)) - raft.server.storage.dir = [/workdir/hadoop-ozone/integration-test/target/test-dir/MiniOzoneClusterImpl-a91fc67d-f8c9-4dc9-8b91-6f02eb894b3b/datanode-1/data/ratis] (custom)
2019-09-05 07:35:34,796 [pool-38-thread-1] INFO  storage.RaftStorageDirectory (RaftStorageDirectory.java:analyzeStorage(246)) - The storage directory /workdir/hadoop-ozone/integration-test/target/test-dir/MiniOzoneClusterImpl-a91fc67d-f8c9-4dc9-8b91-6f02eb894b3b/datanode-1/data/ratis/4d0a58e4-5e13-4756-b8fc-c92e3fdb7dcf does not exist. Creating ...
2019-09-05 07:35:34,863 [pool-38-thread-1] INFO  storage.RaftStorageDirectory (RaftStorageDirectory.java:tryLock(328)) - Lock on /workdir/hadoop-ozone/integration-test/target/test-dir/MiniOzoneClusterImpl-a91fc67d-f8c9-4dc9-8b91-6f02eb894b3b/datanode-1/data/ratis/4d0a58e4-5e13-4756-b8fc-c92e3fdb7dcf/in_use.lock acquired by nodename 22460@pr-hdds-1571-lfg7x-4139639749
2019-09-05 07:35:34,863 [pool-71-thread-1] INFO  storage.RaftStorageDirectory (RaftStorageDirectory.java:tryLock(328)) - Lock on /workdir/hadoop-ozone/integration-test/target/test-dir/MiniOzoneClusterImpl-a91fc67d-f8c9-4dc9-8b91-6f02eb894b3b/datanode-4/data/ratis/4d0a58e4-5e13-4756-b8fc-c92e3fdb7dcf/in_use.lock acquired by nodename 22460@pr-hdds-1571-lfg7x-4139639749
2019-09-05 07:35:34,863 [pool-49-thread-1] INFO  storage.RaftStorageDirectory (RaftStorageDirectory.java:tryLock(328)) - Lock on /workdir/hadoop-ozone/integration-test/target/test-dir/MiniOzoneClusterImpl-a91fc67d-f8c9-4dc9-8b91-6f02eb894b3b/datanode-2/data/ratis/4d0a58e4-5e13-4756-b8fc-c92e3fdb7dcf/in_use.lock acquired by nodename 22460@pr-hdds-1571-lfg7x-4139639749
2019-09-05 07:35:34,897 [pool-38-thread-1] INFO  storage.RaftStorage (RaftStorage.java:format(72)) - Storage directory /workdir/hadoop-ozone/integration-test/target/test-dir/MiniOzoneClusterImpl-a91fc67d-f8c9-4dc9-8b91-6f02eb894b3b/datanode-1/data/ratis/4d0a58e4-5e13-4756-b8fc-c92e3fdb7dcf has been successfully formatted.
2019-09-05 07:35:34,897 [pool-49-thread-1] INFO  storage.RaftStorage (RaftStorage.java:format(72)) - Storage directory /workdir/hadoop-ozone/integration-test/target/test-dir/MiniOzoneClusterImpl-a91fc67d-f8c9-4dc9-8b91-6f02eb894b3b/datanode-2/data/ratis/4d0a58e4-5e13-4756-b8fc-c92e3fdb7dcf has been successfully formatted.
2019-09-05 07:35:34,897 [pool-71-thread-1] INFO  storage.RaftStorage (RaftStorage.java:format(72)) - Storage directory /workdir/hadoop-ozone/integration-test/target/test-dir/MiniOzoneClusterImpl-a91fc67d-f8c9-4dc9-8b91-6f02eb894b3b/datanode-4/data/ratis/4d0a58e4-5e13-4756-b8fc-c92e3fdb7dcf has been successfully formatted.
2019-09-05 07:35:34,898 [pool-49-thread-1] INFO  ratis.ContainerStateMachine (ContainerStateMachine.java:loadSnapshot(226)) - group-C92E3FDB7DCF: The snapshot info is null. Setting the last applied indexto:(t:0, i:~)
2019-09-05 07:35:34,898 [pool-38-thread-1] INFO  ratis.ContainerStateMachine (ContainerStateMachine.java:loadSnapshot(226)) - group-C92E3FDB7DCF: The snapshot info is null. Setting the last applied indexto:(t:0, i:~)
2019-09-05 07:35:34,898 [pool-49-thread-1] INFO  server.RaftServerConfigKeys (ConfUtils.java:logGet(43)) - raft.server.leader.election.timeout = 120s (custom)
2019-09-05 07:35:34,898 [pool-71-thread-1] INFO  ratis.ContainerStateMachine (ContainerStateMachine.java:loadSnapshot(226)) - group-C92E3FDB7DCF: The snapshot info is null. Setting the last applied indexto:(t:0, i:~)
2019-09-05 07:35:34,898 [pool-49-thread-1] INFO  server.RaftServerConfigKeys (ConfUtils.java:logGet(43)) - raft.server.log.use.memory = false (default)
2019-09-05 07:35:34,898 [pool-38-thread-1] INFO  server.RaftServerConfigKeys (ConfUtils.java:logGet(43)) - raft.server.leader.election.timeout = 120s (custom)
2019-09-05 07:35:34,898 [pool-49-thread-1] INFO  server.RaftServerConfigKeys (ConfUtils.java:logGet(43)) - raft.server.log.purge.gap = 1000000 (custom)
2019-09-05 07:35:34,898 [pool-71-thread-1] INFO  server.RaftServerConfigKeys (ConfUtils.java:logGet(43)) - raft.server.leader.election.timeout = 120s (custom)
2019-09-05 07:35:34,899 [pool-49-thread-1] INFO  server.RaftServerConfigKeys (ConfUtils.java:logGet(43)) - raft.server.log.appender.buffer.byte-limit = 33554432 (custom)
2019-09-05 07:35:34,899 [pool-38-thread-1] INFO  server.RaftServerConfigKeys (ConfUtils.java:logGet(43)) - raft.server.log.use.memory = false (default)
2019-09-05 07:35:34,899 [pool-49-thread-1] INFO  server.RaftServerConfigKeys (ConfUtils.java:logGet(43)) - raft.server.log.segment.size.max = 1048576 (custom)
2019-09-05 07:35:34,899 [pool-71-thread-1] INFO  server.RaftServerConfigKeys (ConfUtils.java:logGet(43)) - raft.server.log.use.memory = false (default)
2019-09-05 07:35:34,899 [pool-49-thread-1] INFO  server.RaftServerConfigKeys (ConfUtils.java:logGet(43)) - raft.server.log.segment.cache.num.max = 2 (custom)
2019-09-05 07:35:34,899 [pool-38-thread-1] INFO  server.RaftServerConfigKeys (ConfUtils.java:logGet(43)) - raft.server.log.purge.gap = 1000000 (custom)
2019-09-05 07:35:34,899 [pool-49-thread-1] INFO  segmented.SegmentedRaftLogWorker (SegmentedRaftLogWorker.java:<init>(172)) - new d8846d25-1678-4df1-8bff-f38eb3492905-SegmentedRaftLogWorker:Storage Directory /workdir/hadoop-ozone/integration-test/target/test-dir/MiniOzoneClusterImpl-a91fc67d-f8c9-4dc9-8b91-6f02eb894b3b/datanode-2/data/ratis/4d0a58e4-5e13-4756-b8fc-c92e3fdb7dcf for RaftStorage:Storage Directory /workdir/hadoop-ozone/integration-test/target/test-dir/MiniOzoneClusterImpl-a91fc67d-f8c9-4dc9-8b91-6f02eb894b3b/datanode-2/data/ratis/4d0a58e4-5e13-4756-b8fc-c92e3fdb7dcf
2019-09-05 07:35:34,899 [pool-71-thread-1] INFO  server.RaftServerConfigKeys (ConfUtils.java:logGet(43)) - raft.server.log.purge.gap = 1000000 (custom)
2019-09-05 07:35:34,900 [pool-49-thread-1] INFO  server.RaftServerConfigKeys (ConfUtils.java:logGet(43)) - raft.server.log.queue.byte-limit = 2147483647 (custom)
2019-09-05 07:35:34,899 [pool-38-thread-1] INFO  server.RaftServerConfigKeys (ConfUtils.java:logGet(43)) - raft.server.log.appender.buffer.byte-limit = 33554432 (custom)
2019-09-05 07:35:34,903 [pool-49-thread-1] INFO  server.RaftServerConfigKeys (ConfUtils.java:logGet(43)) - raft.server.log.queue.element-limit = 1024 (custom)
2019-09-05 07:35:34,903 [pool-71-thread-1] INFO  server.RaftServerConfigKeys (ConfUtils.java:logGet(43)) - raft.server.log.appender.buffer.byte-limit = 33554432 (custom)
2019-09-05 07:35:34,903 [pool-49-thread-1] INFO  server.RaftServerConfigKeys (ConfUtils.java:logGet(43)) - raft.server.log.segment.size.max = 1048576 (custom)
2019-09-05 07:35:34,903 [pool-38-thread-1] INFO  server.RaftServerConfigKeys (ConfUtils.java:logGet(43)) - raft.server.log.segment.size.max = 1048576 (custom)
2019-09-05 07:35:34,904 [pool-49-thread-1] INFO  server.RaftServerConfigKeys (ConfUtils.java:logGet(43)) - raft.server.log.preallocated.size = 16384 (custom)
2019-09-05 07:35:34,904 [pool-71-thread-1] INFO  server.RaftServerConfigKeys (ConfUtils.java:logGet(43)) - raft.server.log.segment.size.max = 1048576 (custom)
2019-09-05 07:35:34,904 [pool-49-thread-1] INFO  server.RaftServerConfigKeys (ConfUtils.java:logGet(43)) - raft.server.log.write.buffer.size = 33554432 (custom)
2019-09-05 07:35:34,904 [pool-38-thread-1] INFO  server.RaftServerConfigKeys (ConfUtils.java:logGet(43)) - raft.server.log.segment.cache.num.max = 2 (custom)
2019-09-05 07:35:34,904 [pool-49-thread-1] INFO  server.RaftServerConfigKeys (ConfUtils.java:logGet(43)) - raft.server.log.force.sync.num = 128 (default)
2019-09-05 07:35:34,904 [pool-71-thread-1] INFO  server.RaftServerConfigKeys (ConfUtils.java:logGet(43)) - raft.server.log.segment.cache.num.max = 2 (custom)
2019-09-05 07:35:34,905 [pool-49-thread-1] INFO  server.RaftServerConfigKeys (ConfUtils.java:logGet(43)) - raft.server.log.statemachine.data.sync = true (default)
2019-09-05 07:35:34,905 [pool-38-thread-1] INFO  segmented.SegmentedRaftLogWorker (SegmentedRaftLogWorker.java:<init>(172)) - new 618caef6-a8cd-4e5c-bc39-325bb83fc273-SegmentedRaftLogWorker:Storage Directory /workdir/hadoop-ozone/integration-test/target/test-dir/MiniOzoneClusterImpl-a91fc67d-f8c9-4dc9-8b91-6f02eb894b3b/datanode-1/data/ratis/4d0a58e4-5e13-4756-b8fc-c92e3fdb7dcf for RaftStorage:Storage Directory /workdir/hadoop-ozone/integration-test/target/test-dir/MiniOzoneClusterImpl-a91fc67d-f8c9-4dc9-8b91-6f02eb894b3b/datanode-1/data/ratis/4d0a58e4-5e13-4756-b8fc-c92e3fdb7dcf
2019-09-05 07:35:34,905 [pool-49-thread-1] INFO  server.RaftServerConfigKeys (ConfUtils.java:logGet(43)) - raft.server.log.statemachine.data.sync.timeout = 10s (default)
2019-09-05 07:35:34,905 [pool-71-thread-1] INFO  segmented.SegmentedRaftLogWorker (SegmentedRaftLogWorker.java:<init>(172)) - new 5822af17-ba6a-443c-803e-51bf9a574bd0-SegmentedRaftLogWorker:Storage Directory /workdir/hadoop-ozone/integration-test/target/test-dir/MiniOzoneClusterImpl-a91fc67d-f8c9-4dc9-8b91-6f02eb894b3b/datanode-4/data/ratis/4d0a58e4-5e13-4756-b8fc-c92e3fdb7dcf for RaftStorage:Storage Directory /workdir/hadoop-ozone/integration-test/target/test-dir/MiniOzoneClusterImpl-a91fc67d-f8c9-4dc9-8b91-6f02eb894b3b/datanode-4/data/ratis/4d0a58e4-5e13-4756-b8fc-c92e3fdb7dcf
2019-09-05 07:35:34,905 [pool-49-thread-1] INFO  server.RaftServerConfigKeys (ConfUtils.java:logGet(43)) - raft.server.log.statemachine.data.sync.timeout.retry = -1 (default)
2019-09-05 07:35:34,905 [pool-38-thread-1] INFO  server.RaftServerConfigKeys (ConfUtils.java:logGet(43)) - raft.server.log.queue.byte-limit = 2147483647 (custom)
2019-09-05 07:35:34,907 [pool-71-thread-1] INFO  server.RaftServerConfigKeys (ConfUtils.java:logGet(43)) - raft.server.log.queue.byte-limit = 2147483647 (custom)
2019-09-05 07:35:34,909 [pool-49-thread-1] INFO  server.RaftServerConfigKeys (ConfUtils.java:logGet(43)) - raft.server.log.statemachine.data.caching.enabled = true (custom)
2019-09-05 07:35:34,909 [pool-38-thread-1] INFO  server.RaftServerConfigKeys (ConfUtils.java:logGet(43)) - raft.server.log.queue.element-limit = 1024 (custom)
2019-09-05 07:35:34,911 [pool-71-thread-1] INFO  server.RaftServerConfigKeys (ConfUtils.java:logGet(43)) - raft.server.log.queue.element-limit = 1024 (custom)
2019-09-05 07:35:34,911 [pool-38-thread-1] INFO  server.RaftServerConfigKeys (ConfUtils.java:logGet(43)) - raft.server.log.segment.size.max = 1048576 (custom)
2019-09-05 07:35:34,911 [pool-49-thread-1] INFO  segmented.SegmentedRaftLogWorker (SegmentedRaftLogWorker.java:lambda$new$0(132)) - d8846d25-1678-4df1-8bff-f38eb3492905-SegmentedRaftLogWorker:Storage Directory /workdir/hadoop-ozone/integration-test/target/test-dir/MiniOzoneClusterImpl-a91fc67d-f8c9-4dc9-8b91-6f02eb894b3b/datanode-2/data/ratis/4d0a58e4-5e13-4756-b8fc-c92e3fdb7dcf: flushIndex: setUnconditionally 0 -> -1
2019-09-05 07:35:34,911 [pool-71-thread-1] INFO  server.RaftServerConfigKeys (ConfUtils.java:logGet(43)) - raft.server.log.segment.size.max = 1048576 (custom)
2019-09-05 07:35:34,911 [pool-38-thread-1] INFO  server.RaftServerConfigKeys (ConfUtils.java:logGet(43)) - raft.server.log.preallocated.size = 16384 (custom)
2019-09-05 07:35:34,912 | INFO  | SCMAudit | user=jenkins1000 | ip=192.168.36.69 | op=SEND_HEARTBEAT {datanodeUUID=5822af17-ba6a-443c-803e-51bf9a574bd0, command=[]} | ret=SUCCESS |  
2019-09-05 07:35:34,912 [pool-71-thread-1] INFO  server.RaftServerConfigKeys (ConfUtils.java:logGet(43)) - raft.server.log.preallocated.size = 16384 (custom)
2019-09-05 07:35:34,912 [pool-38-thread-1] INFO  server.RaftServerConfigKeys (ConfUtils.java:logGet(43)) - raft.server.log.write.buffer.size = 33554432 (custom)
2019-09-05 07:35:34,912 [pool-49-thread-1] INFO  server.RaftServerConfigKeys (ConfUtils.java:logGet(43)) - raft.server.snapshot.auto.trigger.enabled = true (custom)
2019-09-05 07:35:34,912 [pool-38-thread-1] INFO  server.RaftServerConfigKeys (ConfUtils.java:logGet(43)) - raft.server.log.force.sync.num = 128 (default)
2019-09-05 07:35:34,912 [pool-71-thread-1] INFO  server.RaftServerConfigKeys (ConfUtils.java:logGet(43)) - raft.server.log.write.buffer.size = 33554432 (custom)
2019-09-05 07:35:34,912 [pool-38-thread-1] INFO  server.RaftServerConfigKeys (ConfUtils.java:logGet(43)) - raft.server.log.statemachine.data.sync = true (default)
2019-09-05 07:35:34,912 [pool-49-thread-1] INFO  server.RaftServerConfigKeys (ConfUtils.java:logGet(43)) - raft.server.snapshot.auto.trigger.threshold = 10000 (custom)
2019-09-05 07:35:34,912 [pool-38-thread-1] INFO  server.RaftServerConfigKeys (ConfUtils.java:logGet(43)) - raft.server.log.statemachine.data.sync.timeout = 10s (default)
2019-09-05 07:35:34,912 [pool-71-thread-1] INFO  server.RaftServerConfigKeys (ConfUtils.java:logGet(43)) - raft.server.log.force.sync.num = 128 (default)
2019-09-05 07:35:34,913 [pool-49-thread-1] INFO  server.RaftServerConfigKeys (ConfUtils.java:logGet(43)) - raft.server.retrycache.expirytime = 600000ms (custom)
2019-09-05 07:35:34,913 [pool-38-thread-1] INFO  server.RaftServerConfigKeys (ConfUtils.java:logGet(43)) - raft.server.log.statemachine.data.sync.timeout.retry = -1 (default)
2019-09-05 07:35:34,913 [pool-71-thread-1] INFO  server.RaftServerConfigKeys (ConfUtils.java:logGet(43)) - raft.server.log.statemachine.data.sync = true (default)
2019-09-05 07:35:34,913 [pool-49-thread-1] INFO  impl.RaftServerImpl (RaftServerImpl.java:start(180)) - d8846d25-1678-4df1-8bff-f38eb3492905: start group-C92E3FDB7DCF
2019-09-05 07:35:34,913 [pool-38-thread-1] INFO  server.RaftServerConfigKeys (ConfUtils.java:logGet(43)) - raft.server.log.statemachine.data.caching.enabled = true (custom)
2019-09-05 07:35:34,913 [pool-49-thread-1] INFO  impl.RaftServerImpl (RaftServerImpl.java:setRole(171)) - d8846d25-1678-4df1-8bff-f38eb3492905:group-C92E3FDB7DCF changes role from null to FOLLOWER at term 0 for startAsFollower
2019-09-05 07:35:34,913 [pool-71-thread-1] INFO  server.RaftServerConfigKeys (ConfUtils.java:logGet(43)) - raft.server.log.statemachine.data.sync.timeout = 10s (default)
2019-09-05 07:35:34,914 [pool-49-thread-1] INFO  impl.RoleInfo (RoleInfo.java:updateAndGet(143)) - d8846d25-1678-4df1-8bff-f38eb3492905: start FollowerState
2019-09-05 07:35:34,914 [pool-38-thread-1] INFO  segmented.SegmentedRaftLogWorker (SegmentedRaftLogWorker.java:lambda$new$0(132)) - 618caef6-a8cd-4e5c-bc39-325bb83fc273-SegmentedRaftLogWorker:Storage Directory /workdir/hadoop-ozone/integration-test/target/test-dir/MiniOzoneClusterImpl-a91fc67d-f8c9-4dc9-8b91-6f02eb894b3b/datanode-1/data/ratis/4d0a58e4-5e13-4756-b8fc-c92e3fdb7dcf: flushIndex: setUnconditionally 0 -> -1
2019-09-05 07:35:34,914 [pool-71-thread-1] INFO  server.RaftServerConfigKeys (ConfUtils.java:logGet(43)) - raft.server.log.statemachine.data.sync.timeout.retry = -1 (default)
2019-09-05 07:35:34,914 [pool-38-thread-1] INFO  server.RaftServerConfigKeys (ConfUtils.java:logGet(43)) - raft.server.snapshot.auto.trigger.enabled = true (custom)
2019-09-05 07:35:34,914 [pool-71-thread-1] INFO  server.RaftServerConfigKeys (ConfUtils.java:logGet(43)) - raft.server.log.statemachine.data.caching.enabled = true (custom)
2019-09-05 07:35:34,914 [pool-49-thread-1] INFO  util.JmxRegister (JmxRegister.java:tryRegister(44)) - Successfully registered JMX Bean with object name Ratis:service=RaftServer,group=group-C92E3FDB7DCF,id=d8846d25-1678-4df1-8bff-f38eb3492905
2019-09-05 07:35:34,914 [pool-38-thread-1] INFO  server.RaftServerConfigKeys (ConfUtils.java:logGet(43)) - raft.server.snapshot.auto.trigger.threshold = 10000 (custom)
2019-09-05 07:35:34,915 [pool-71-thread-1] INFO  segmented.SegmentedRaftLogWorker (SegmentedRaftLogWorker.java:lambda$new$0(132)) - 5822af17-ba6a-443c-803e-51bf9a574bd0-SegmentedRaftLogWorker:Storage Directory /workdir/hadoop-ozone/integration-test/target/test-dir/MiniOzoneClusterImpl-a91fc67d-f8c9-4dc9-8b91-6f02eb894b3b/datanode-4/data/ratis/4d0a58e4-5e13-4756-b8fc-c92e3fdb7dcf: flushIndex: setUnconditionally 0 -> -1
2019-09-05 07:35:34,915 [pool-38-thread-1] INFO  server.RaftServerConfigKeys (ConfUtils.java:logGet(43)) - raft.server.retrycache.expirytime = 600000ms (custom)
2019-09-05 07:35:34,915 [pool-38-thread-1] INFO  impl.RaftServerImpl (RaftServerImpl.java:start(180)) - 618caef6-a8cd-4e5c-bc39-325bb83fc273: start group-C92E3FDB7DCF
2019-09-05 07:35:34,915 [pool-71-thread-1] INFO  server.RaftServerConfigKeys (ConfUtils.java:logGet(43)) - raft.server.snapshot.auto.trigger.enabled = true (custom)
2019-09-05 07:35:34,915 [pool-38-thread-1] INFO  impl.RaftServerImpl (RaftServerImpl.java:setRole(171)) - 618caef6-a8cd-4e5c-bc39-325bb83fc273:group-C92E3FDB7DCF changes role from null to FOLLOWER at term 0 for startAsFollower
2019-09-05 07:35:34,915 [pool-71-thread-1] INFO  server.RaftServerConfigKeys (ConfUtils.java:logGet(43)) - raft.server.snapshot.auto.trigger.threshold = 10000 (custom)
2019-09-05 07:35:34,915 [pool-38-thread-1] INFO  impl.RoleInfo (RoleInfo.java:updateAndGet(143)) - 618caef6-a8cd-4e5c-bc39-325bb83fc273: start FollowerState
2019-09-05 07:35:34,915 [pool-71-thread-1] INFO  server.RaftServerConfigKeys (ConfUtils.java:logGet(43)) - raft.server.retrycache.expirytime = 600000ms (custom)
2019-09-05 07:35:34,916 [pool-38-thread-1] INFO  util.JmxRegister (JmxRegister.java:tryRegister(44)) - Successfully registered JMX Bean with object name Ratis:service=RaftServer,group=group-C92E3FDB7DCF,id=618caef6-a8cd-4e5c-bc39-325bb83fc273
2019-09-05 07:35:34,916 [pool-71-thread-1] INFO  impl.RaftServerImpl (RaftServerImpl.java:start(180)) - 5822af17-ba6a-443c-803e-51bf9a574bd0: start group-C92E3FDB7DCF
2019-09-05 07:35:34,916 [pool-71-thread-1] INFO  impl.RaftServerImpl (RaftServerImpl.java:setRole(171)) - 5822af17-ba6a-443c-803e-51bf9a574bd0:group-C92E3FDB7DCF changes role from null to FOLLOWER at term 0 for startAsFollower
2019-09-05 07:35:34,916 [pool-71-thread-1] INFO  impl.RoleInfo (RoleInfo.java:updateAndGet(143)) - 5822af17-ba6a-443c-803e-51bf9a574bd0: start FollowerState
2019-09-05 07:35:34,916 [pool-71-thread-1] INFO  util.JmxRegister (JmxRegister.java:tryRegister(44)) - Successfully registered JMX Bean with object name Ratis:service=RaftServer,group=group-C92E3FDB7DCF,id=5822af17-ba6a-443c-803e-51bf9a574bd0
2019-09-05 07:35:34,933 [RatisPipelineUtilsThread] INFO  pipeline.PipelineStateManager (PipelineStateManager.java:addPipeline(56)) - Created pipeline Pipeline[ Id: 4d0a58e4-5e13-4756-b8fc-c92e3fdb7dcf, Nodes: 618caef6-a8cd-4e5c-bc39-325bb83fc273{ip: 192.168.36.69, host: pr-hdds-1571-lfg7x-4139639749, networkLocation: /default-rack, certSerialId: null}d8846d25-1678-4df1-8bff-f38eb3492905{ip: 192.168.36.69, host: pr-hdds-1571-lfg7x-4139639749, networkLocation: /default-rack, certSerialId: null}5822af17-ba6a-443c-803e-51bf9a574bd0{ip: 192.168.36.69, host: pr-hdds-1571-lfg7x-4139639749, networkLocation: /default-rack, certSerialId: null}, Type:RATIS, Factor:THREE, State:OPEN]
2019-09-05 07:35:34,967 [grpc-default-executor-2] INFO  impl.RaftServerProxy (RaftServerProxy.java:addNew(89)) - 216f763b-3e68-44a6-8a6b-4b7681664146: addNew group-275862EAF019:[216f763b-3e68-44a6-8a6b-4b7681664146:192.168.36.69:46568, 7a080ec0-19ca-4af1-b3b9-6aaba7a45b53:192.168.36.69:43350, cbc4e215-9e19-470f-b262-a66375af609e:192.168.36.69:44389] returns group-275862EAF019:java.util.concurrent.CompletableFuture@375a19b8[Not completed]
2019-09-05 07:35:34,968 [grpc-default-executor-1] INFO  impl.RaftServerProxy (RaftServerProxy.java:addNew(89)) - cbc4e215-9e19-470f-b262-a66375af609e: addNew group-275862EAF019:[216f763b-3e68-44a6-8a6b-4b7681664146:192.168.36.69:46568, 7a080ec0-19ca-4af1-b3b9-6aaba7a45b53:192.168.36.69:43350, cbc4e215-9e19-470f-b262-a66375af609e:192.168.36.69:44389] returns group-275862EAF019:java.util.concurrent.CompletableFuture@4023865f[Not completed]
2019-09-05 07:35:34,971 [grpc-default-executor-1] INFO  impl.RaftServerProxy (RaftServerProxy.java:addNew(89)) - 7a080ec0-19ca-4af1-b3b9-6aaba7a45b53: addNew group-275862EAF019:[216f763b-3e68-44a6-8a6b-4b7681664146:192.168.36.69:46568, 7a080ec0-19ca-4af1-b3b9-6aaba7a45b53:192.168.36.69:43350, cbc4e215-9e19-470f-b262-a66375af609e:192.168.36.69:44389] returns group-275862EAF019:java.util.concurrent.CompletableFuture@4a1d3bf[Not completed]
2019-09-05 07:35:34,971 [pool-60-thread-1] INFO  impl.RaftServerImpl (RaftServerImpl.java:<init>(93)) - 216f763b-3e68-44a6-8a6b-4b7681664146: new RaftServerImpl for group-275862EAF019:[216f763b-3e68-44a6-8a6b-4b7681664146:192.168.36.69:46568, 7a080ec0-19ca-4af1-b3b9-6aaba7a45b53:192.168.36.69:43350, cbc4e215-9e19-470f-b262-a66375af609e:192.168.36.69:44389] with ContainerStateMachine:uninitialized
2019-09-05 07:35:34,972 [pool-60-thread-1] INFO  server.RaftServerConfigKeys (ConfUtils.java:logGet(43)) - raft.server.rpc.timeout.min = 5s (custom)
2019-09-05 07:35:34,972 [pool-60-thread-1] INFO  server.RaftServerConfigKeys (ConfUtils.java:logGet(43)) - raft.server.rpc.timeout.max = 5200ms (custom)
2019-09-05 07:35:34,972 [pool-60-thread-1] INFO  server.RaftServerConfigKeys (ConfUtils.java:logGet(43)) - raft.server.rpcslowness.timeout = 120s (custom)
2019-09-05 07:35:34,972 [pool-82-thread-1] INFO  impl.RaftServerImpl (RaftServerImpl.java:<init>(93)) - cbc4e215-9e19-470f-b262-a66375af609e: new RaftServerImpl for group-275862EAF019:[216f763b-3e68-44a6-8a6b-4b7681664146:192.168.36.69:46568, 7a080ec0-19ca-4af1-b3b9-6aaba7a45b53:192.168.36.69:43350, cbc4e215-9e19-470f-b262-a66375af609e:192.168.36.69:44389] with ContainerStateMachine:uninitialized
2019-09-05 07:35:34,972 [pool-60-thread-1] INFO  server.RaftServerConfigKeys (ConfUtils.java:logGet(43)) - raft.server.sleep.deviation.threshold = 300 (default)
2019-09-05 07:35:34,972 [pool-82-thread-1] INFO  server.RaftServerConfigKeys (ConfUtils.java:logGet(43)) - raft.server.rpc.timeout.min = 5s (custom)
2019-09-05 07:35:34,972 [pool-60-thread-1] INFO  server.RaftServerConfigKeys (ConfUtils.java:logGet(43)) - raft.server.log.appender.install.snapshot.enabled = false (custom)
2019-09-05 07:35:34,973 [pool-82-thread-1] INFO  server.RaftServerConfigKeys (ConfUtils.java:logGet(43)) - raft.server.rpc.timeout.max = 5200ms (custom)
2019-09-05 07:35:34,973 [pool-60-thread-1] INFO  impl.RaftServerImpl (ServerState.java:<init>(105)) - 216f763b-3e68-44a6-8a6b-4b7681664146:group-275862EAF019 ConfigurationManager, init=-1: [216f763b-3e68-44a6-8a6b-4b7681664146:192.168.36.69:46568, 7a080ec0-19ca-4af1-b3b9-6aaba7a45b53:192.168.36.69:43350, cbc4e215-9e19-470f-b262-a66375af609e:192.168.36.69:44389], old=null, confs=<EMPTY_MAP>
2019-09-05 07:35:34,973 [pool-82-thread-1] INFO  server.RaftServerConfigKeys (ConfUtils.java:logGet(43)) - raft.server.rpcslowness.timeout = 120s (custom)
2019-09-05 07:35:34,973 [pool-27-thread-1] INFO  impl.RaftServerImpl (RaftServerImpl.java:<init>(93)) - 7a080ec0-19ca-4af1-b3b9-6aaba7a45b53: new RaftServerImpl for group-275862EAF019:[216f763b-3e68-44a6-8a6b-4b7681664146:192.168.36.69:46568, 7a080ec0-19ca-4af1-b3b9-6aaba7a45b53:192.168.36.69:43350, cbc4e215-9e19-470f-b262-a66375af609e:192.168.36.69:44389] with ContainerStateMachine:uninitialized
2019-09-05 07:35:34,973 [pool-60-thread-1] INFO  server.RaftServerConfigKeys (ConfUtils.java:logGet(43)) - raft.server.storage.dir = [/workdir/hadoop-ozone/integration-test/target/test-dir/MiniOzoneClusterImpl-a91fc67d-f8c9-4dc9-8b91-6f02eb894b3b/datanode-3/data/ratis] (custom)
2019-09-05 07:35:34,973 [pool-82-thread-1] INFO  server.RaftServerConfigKeys (ConfUtils.java:logGet(43)) - raft.server.sleep.deviation.threshold = 300 (default)
2019-09-05 07:35:34,973 [pool-27-thread-1] INFO  server.RaftServerConfigKeys (ConfUtils.java:logGet(43)) - raft.server.rpc.timeout.min = 5s (custom)
2019-09-05 07:35:34,973 [pool-60-thread-1] INFO  storage.RaftStorageDirectory (RaftStorageDirectory.java:analyzeStorage(246)) - The storage directory /workdir/hadoop-ozone/integration-test/target/test-dir/MiniOzoneClusterImpl-a91fc67d-f8c9-4dc9-8b91-6f02eb894b3b/datanode-3/data/ratis/914be1f7-a49a-4d55-96c7-275862eaf019 does not exist. Creating ...
2019-09-05 07:35:34,973 [pool-82-thread-1] INFO  server.RaftServerConfigKeys (ConfUtils.java:logGet(43)) - raft.server.log.appender.install.snapshot.enabled = false (custom)
2019-09-05 07:35:34,974 [pool-27-thread-1] INFO  server.RaftServerConfigKeys (ConfUtils.java:logGet(43)) - raft.server.rpc.timeout.max = 5200ms (custom)
2019-09-05 07:35:34,974 [pool-82-thread-1] INFO  impl.RaftServerImpl (ServerState.java:<init>(105)) - cbc4e215-9e19-470f-b262-a66375af609e:group-275862EAF019 ConfigurationManager, init=-1: [216f763b-3e68-44a6-8a6b-4b7681664146:192.168.36.69:46568, 7a080ec0-19ca-4af1-b3b9-6aaba7a45b53:192.168.36.69:43350, cbc4e215-9e19-470f-b262-a66375af609e:192.168.36.69:44389], old=null, confs=<EMPTY_MAP>
2019-09-05 07:35:34,974 [pool-27-thread-1] INFO  server.RaftServerConfigKeys (ConfUtils.java:logGet(43)) - raft.server.rpcslowness.timeout = 120s (custom)
2019-09-05 07:35:34,974 [pool-82-thread-1] INFO  server.RaftServerConfigKeys (ConfUtils.java:logGet(43)) - raft.server.storage.dir = [/workdir/hadoop-ozone/integration-test/target/test-dir/MiniOzoneClusterImpl-a91fc67d-f8c9-4dc9-8b91-6f02eb894b3b/datanode-5/data/ratis] (custom)
2019-09-05 07:35:34,974 [pool-27-thread-1] INFO  server.RaftServerConfigKeys (ConfUtils.java:logGet(43)) - raft.server.sleep.deviation.threshold = 300 (default)
2019-09-05 07:35:34,975 [pool-27-thread-1] INFO  server.RaftServerConfigKeys (ConfUtils.java:logGet(43)) - raft.server.log.appender.install.snapshot.enabled = false (custom)
2019-09-05 07:35:34,975 [pool-82-thread-1] INFO  storage.RaftStorageDirectory (RaftStorageDirectory.java:analyzeStorage(246)) - The storage directory /workdir/hadoop-ozone/integration-test/target/test-dir/MiniOzoneClusterImpl-a91fc67d-f8c9-4dc9-8b91-6f02eb894b3b/datanode-5/data/ratis/914be1f7-a49a-4d55-96c7-275862eaf019 does not exist. Creating ...
2019-09-05 07:35:34,976 [pool-27-thread-1] INFO  impl.RaftServerImpl (ServerState.java:<init>(105)) - 7a080ec0-19ca-4af1-b3b9-6aaba7a45b53:group-275862EAF019 ConfigurationManager, init=-1: [216f763b-3e68-44a6-8a6b-4b7681664146:192.168.36.69:46568, 7a080ec0-19ca-4af1-b3b9-6aaba7a45b53:192.168.36.69:43350, cbc4e215-9e19-470f-b262-a66375af609e:192.168.36.69:44389], old=null, confs=<EMPTY_MAP>
2019-09-05 07:35:34,976 [pool-27-thread-1] INFO  server.RaftServerConfigKeys (ConfUtils.java:logGet(43)) - raft.server.storage.dir = [/workdir/hadoop-ozone/integration-test/target/test-dir/MiniOzoneClusterImpl-a91fc67d-f8c9-4dc9-8b91-6f02eb894b3b/datanode-0/data/ratis] (custom)
2019-09-05 07:35:34,976 | INFO  | SCMAudit | user=jenkins1000 | ip=192.168.36.69 | op=SEND_HEARTBEAT {datanodeUUID=7a080ec0-19ca-4af1-b3b9-6aaba7a45b53, command=[]} | ret=SUCCESS |  
2019-09-05 07:35:34,976 [pool-27-thread-1] INFO  storage.RaftStorageDirectory (RaftStorageDirectory.java:analyzeStorage(246)) - The storage directory /workdir/hadoop-ozone/integration-test/target/test-dir/MiniOzoneClusterImpl-a91fc67d-f8c9-4dc9-8b91-6f02eb894b3b/datanode-0/data/ratis/914be1f7-a49a-4d55-96c7-275862eaf019 does not exist. Creating ...
2019-09-05 07:35:35,011 [Thread-237] INFO  container.ReplicationManager (ReplicationManager.java:start(151)) - Starting Replication Monitor Thread.
2019-09-05 07:35:35,013 [ReplicationMonitor] INFO  container.ReplicationManager (ReplicationManager.java:run(214)) - Replication Monitor Thread took 0 milliseconds for processing 0 containers.
2019-09-05 07:35:35,039 [pool-60-thread-1] INFO  storage.RaftStorageDirectory (RaftStorageDirectory.java:tryLock(328)) - Lock on /workdir/hadoop-ozone/integration-test/target/test-dir/MiniOzoneClusterImpl-a91fc67d-f8c9-4dc9-8b91-6f02eb894b3b/datanode-3/data/ratis/914be1f7-a49a-4d55-96c7-275862eaf019/in_use.lock acquired by nodename 22460@pr-hdds-1571-lfg7x-4139639749
2019-09-05 07:35:35,039 [pool-82-thread-1] INFO  storage.RaftStorageDirectory (RaftStorageDirectory.java:tryLock(328)) - Lock on /workdir/hadoop-ozone/integration-test/target/test-dir/MiniOzoneClusterImpl-a91fc67d-f8c9-4dc9-8b91-6f02eb894b3b/datanode-5/data/ratis/914be1f7-a49a-4d55-96c7-275862eaf019/in_use.lock acquired by nodename 22460@pr-hdds-1571-lfg7x-4139639749
2019-09-05 07:35:35,039 [pool-27-thread-1] INFO  storage.RaftStorageDirectory (RaftStorageDirectory.java:tryLock(328)) - Lock on /workdir/hadoop-ozone/integration-test/target/test-dir/MiniOzoneClusterImpl-a91fc67d-f8c9-4dc9-8b91-6f02eb894b3b/datanode-0/data/ratis/914be1f7-a49a-4d55-96c7-275862eaf019/in_use.lock acquired by nodename 22460@pr-hdds-1571-lfg7x-4139639749
2019-09-05 07:35:35,090 [pool-60-thread-1] INFO  storage.RaftStorage (RaftStorage.java:format(72)) - Storage directory /workdir/hadoop-ozone/integration-test/target/test-dir/MiniOzoneClusterImpl-a91fc67d-f8c9-4dc9-8b91-6f02eb894b3b/datanode-3/data/ratis/914be1f7-a49a-4d55-96c7-275862eaf019 has been successfully formatted.
2019-09-05 07:35:35,090 [pool-82-thread-1] INFO  storage.RaftStorage (RaftStorage.java:format(72)) - Storage directory /workdir/hadoop-ozone/integration-test/target/test-dir/MiniOzoneClusterImpl-a91fc67d-f8c9-4dc9-8b91-6f02eb894b3b/datanode-5/data/ratis/914be1f7-a49a-4d55-96c7-275862eaf019 has been successfully formatted.
2019-09-05 07:35:35,090 [pool-27-thread-1] INFO  storage.RaftStorage (RaftStorage.java:format(72)) - Storage directory /workdir/hadoop-ozone/integration-test/target/test-dir/MiniOzoneClusterImpl-a91fc67d-f8c9-4dc9-8b91-6f02eb894b3b/datanode-0/data/ratis/914be1f7-a49a-4d55-96c7-275862eaf019 has been successfully formatted.
2019-09-05 07:35:35,091 [pool-60-thread-1] INFO  ratis.ContainerStateMachine (ContainerStateMachine.java:loadSnapshot(226)) - group-275862EAF019: The snapshot info is null. Setting the last applied indexto:(t:0, i:~)
2019-09-05 07:35:35,091 [pool-82-thread-1] INFO  ratis.ContainerStateMachine (ContainerStateMachine.java:loadSnapshot(226)) - group-275862EAF019: The snapshot info is null. Setting the last applied indexto:(t:0, i:~)
2019-09-05 07:35:35,091 [pool-60-thread-1] INFO  server.RaftServerConfigKeys (ConfUtils.java:logGet(43)) - raft.server.leader.election.timeout = 120s (custom)
2019-09-05 07:35:35,091 [pool-27-thread-1] INFO  ratis.ContainerStateMachine (ContainerStateMachine.java:loadSnapshot(226)) - group-275862EAF019: The snapshot info is null. Setting the last applied indexto:(t:0, i:~)
2019-09-05 07:35:35,091 [pool-60-thread-1] INFO  server.RaftServerConfigKeys (ConfUtils.java:logGet(43)) - raft.server.log.use.memory = false (default)
2019-09-05 07:35:35,091 [pool-82-thread-1] INFO  server.RaftServerConfigKeys (ConfUtils.java:logGet(43)) - raft.server.leader.election.timeout = 120s (custom)
2019-09-05 07:35:35,091 [pool-60-thread-1] INFO  server.RaftServerConfigKeys (ConfUtils.java:logGet(43)) - raft.server.log.purge.gap = 1000000 (custom)
2019-09-05 07:35:35,091 [pool-27-thread-1] INFO  server.RaftServerConfigKeys (ConfUtils.java:logGet(43)) - raft.server.leader.election.timeout = 120s (custom)
2019-09-05 07:35:35,092 [pool-60-thread-1] INFO  server.RaftServerConfigKeys (ConfUtils.java:logGet(43)) - raft.server.log.appender.buffer.byte-limit = 33554432 (custom)
2019-09-05 07:35:35,091 [pool-82-thread-1] INFO  server.RaftServerConfigKeys (ConfUtils.java:logGet(43)) - raft.server.log.use.memory = false (default)
2019-09-05 07:35:35,092 [pool-60-thread-1] INFO  server.RaftServerConfigKeys (ConfUtils.java:logGet(43)) - raft.server.log.segment.size.max = 1048576 (custom)
2019-09-05 07:35:35,092 [pool-27-thread-1] INFO  server.RaftServerConfigKeys (ConfUtils.java:logGet(43)) - raft.server.log.use.memory = false (default)
2019-09-05 07:35:35,092 [pool-60-thread-1] INFO  server.RaftServerConfigKeys (ConfUtils.java:logGet(43)) - raft.server.log.segment.cache.num.max = 2 (custom)
2019-09-05 07:35:35,092 [pool-82-thread-1] INFO  server.RaftServerConfigKeys (ConfUtils.java:logGet(43)) - raft.server.log.purge.gap = 1000000 (custom)
2019-09-05 07:35:35,092 [pool-60-thread-1] INFO  segmented.SegmentedRaftLogWorker (SegmentedRaftLogWorker.java:<init>(172)) - new 216f763b-3e68-44a6-8a6b-4b7681664146-SegmentedRaftLogWorker:Storage Directory /workdir/hadoop-ozone/integration-test/target/test-dir/MiniOzoneClusterImpl-a91fc67d-f8c9-4dc9-8b91-6f02eb894b3b/datanode-3/data/ratis/914be1f7-a49a-4d55-96c7-275862eaf019 for RaftStorage:Storage Directory /workdir/hadoop-ozone/integration-test/target/test-dir/MiniOzoneClusterImpl-a91fc67d-f8c9-4dc9-8b91-6f02eb894b3b/datanode-3/data/ratis/914be1f7-a49a-4d55-96c7-275862eaf019
2019-09-05 07:35:35,092 [pool-27-thread-1] INFO  server.RaftServerConfigKeys (ConfUtils.java:logGet(43)) - raft.server.log.purge.gap = 1000000 (custom)
2019-09-05 07:35:35,092 [pool-60-thread-1] INFO  server.RaftServerConfigKeys (ConfUtils.java:logGet(43)) - raft.server.log.queue.byte-limit = 2147483647 (custom)
2019-09-05 07:35:35,092 [pool-82-thread-1] INFO  server.RaftServerConfigKeys (ConfUtils.java:logGet(43)) - raft.server.log.appender.buffer.byte-limit = 33554432 (custom)
2019-09-05 07:35:35,095 [pool-60-thread-1] INFO  server.RaftServerConfigKeys (ConfUtils.java:logGet(43)) - raft.server.log.queue.element-limit = 1024 (custom)
2019-09-05 07:35:35,095 [pool-27-thread-1] INFO  server.RaftServerConfigKeys (ConfUtils.java:logGet(43)) - raft.server.log.appender.buffer.byte-limit = 33554432 (custom)
2019-09-05 07:35:35,095 [pool-60-thread-1] INFO  server.RaftServerConfigKeys (ConfUtils.java:logGet(43)) - raft.server.log.segment.size.max = 1048576 (custom)
2019-09-05 07:35:35,095 [pool-82-thread-1] INFO  server.RaftServerConfigKeys (ConfUtils.java:logGet(43)) - raft.server.log.segment.size.max = 1048576 (custom)
2019-09-05 07:35:35,096 [pool-60-thread-1] INFO  server.RaftServerConfigKeys (ConfUtils.java:logGet(43)) - raft.server.log.preallocated.size = 16384 (custom)
2019-09-05 07:35:35,096 [pool-27-thread-1] INFO  server.RaftServerConfigKeys (ConfUtils.java:logGet(43)) - raft.server.log.segment.size.max = 1048576 (custom)
2019-09-05 07:35:35,096 [pool-60-thread-1] INFO  server.RaftServerConfigKeys (ConfUtils.java:logGet(43)) - raft.server.log.write.buffer.size = 33554432 (custom)
2019-09-05 07:35:35,096 [pool-82-thread-1] INFO  server.RaftServerConfigKeys (ConfUtils.java:logGet(43)) - raft.server.log.segment.cache.num.max = 2 (custom)
2019-09-05 07:35:35,096 [pool-60-thread-1] INFO  server.RaftServerConfigKeys (ConfUtils.java:logGet(43)) - raft.server.log.force.sync.num = 128 (default)
2019-09-05 07:35:35,096 [pool-27-thread-1] INFO  server.RaftServerConfigKeys (ConfUtils.java:logGet(43)) - raft.server.log.segment.cache.num.max = 2 (custom)
2019-09-05 07:35:35,096 [pool-60-thread-1] INFO  server.RaftServerConfigKeys (ConfUtils.java:logGet(43)) - raft.server.log.statemachine.data.sync = true (default)
2019-09-05 07:35:35,096 [pool-82-thread-1] INFO  segmented.SegmentedRaftLogWorker (SegmentedRaftLogWorker.java:<init>(172)) - new cbc4e215-9e19-470f-b262-a66375af609e-SegmentedRaftLogWorker:Storage Directory /workdir/hadoop-ozone/integration-test/target/test-dir/MiniOzoneClusterImpl-a91fc67d-f8c9-4dc9-8b91-6f02eb894b3b/datanode-5/data/ratis/914be1f7-a49a-4d55-96c7-275862eaf019 for RaftStorage:Storage Directory /workdir/hadoop-ozone/integration-test/target/test-dir/MiniOzoneClusterImpl-a91fc67d-f8c9-4dc9-8b91-6f02eb894b3b/datanode-5/data/ratis/914be1f7-a49a-4d55-96c7-275862eaf019
2019-09-05 07:35:35,097 [pool-60-thread-1] INFO  server.RaftServerConfigKeys (ConfUtils.java:logGet(43)) - raft.server.log.statemachine.data.sync.timeout = 10s (default)
2019-09-05 07:35:35,096 [pool-27-thread-1] INFO  segmented.SegmentedRaftLogWorker (SegmentedRaftLogWorker.java:<init>(172)) - new 7a080ec0-19ca-4af1-b3b9-6aaba7a45b53-SegmentedRaftLogWorker:Storage Directory /workdir/hadoop-ozone/integration-test/target/test-dir/MiniOzoneClusterImpl-a91fc67d-f8c9-4dc9-8b91-6f02eb894b3b/datanode-0/data/ratis/914be1f7-a49a-4d55-96c7-275862eaf019 for RaftStorage:Storage Directory /workdir/hadoop-ozone/integration-test/target/test-dir/MiniOzoneClusterImpl-a91fc67d-f8c9-4dc9-8b91-6f02eb894b3b/datanode-0/data/ratis/914be1f7-a49a-4d55-96c7-275862eaf019
2019-09-05 07:35:35,097 [pool-60-thread-1] INFO  server.RaftServerConfigKeys (ConfUtils.java:logGet(43)) - raft.server.log.statemachine.data.sync.timeout.retry = -1 (default)
2019-09-05 07:35:35,097 [pool-82-thread-1] INFO  server.RaftServerConfigKeys (ConfUtils.java:logGet(43)) - raft.server.log.queue.byte-limit = 2147483647 (custom)
2019-09-05 07:35:35,102 [pool-60-thread-1] INFO  server.RaftServerConfigKeys (ConfUtils.java:logGet(43)) - raft.server.log.statemachine.data.caching.enabled = true (custom)
2019-09-05 07:35:35,099 [pool-27-thread-1] INFO  server.RaftServerConfigKeys (ConfUtils.java:logGet(43)) - raft.server.log.queue.byte-limit = 2147483647 (custom)
2019-09-05 07:35:35,102 [pool-82-thread-1] INFO  server.RaftServerConfigKeys (ConfUtils.java:logGet(43)) - raft.server.log.queue.element-limit = 1024 (custom)
2019-09-05 07:35:35,103 [pool-60-thread-1] INFO  segmented.SegmentedRaftLogWorker (SegmentedRaftLogWorker.java:lambda$new$0(132)) - 216f763b-3e68-44a6-8a6b-4b7681664146-SegmentedRaftLogWorker:Storage Directory /workdir/hadoop-ozone/integration-test/target/test-dir/MiniOzoneClusterImpl-a91fc67d-f8c9-4dc9-8b91-6f02eb894b3b/datanode-3/data/ratis/914be1f7-a49a-4d55-96c7-275862eaf019: flushIndex: setUnconditionally 0 -> -1
2019-09-05 07:35:35,103 [pool-27-thread-1] INFO  server.RaftServerConfigKeys (ConfUtils.java:logGet(43)) - raft.server.log.queue.element-limit = 1024 (custom)
2019-09-05 07:35:35,103 [pool-82-thread-1] INFO  server.RaftServerConfigKeys (ConfUtils.java:logGet(43)) - raft.server.log.segment.size.max = 1048576 (custom)
2019-09-05 07:35:35,103 [pool-27-thread-1] INFO  server.RaftServerConfigKeys (ConfUtils.java:logGet(43)) - raft.server.log.segment.size.max = 1048576 (custom)
2019-09-05 07:35:35,103 [pool-60-thread-1] INFO  server.RaftServerConfigKeys (ConfUtils.java:logGet(43)) - raft.server.snapshot.auto.trigger.enabled = true (custom)
2019-09-05 07:35:35,103 [pool-27-thread-1] INFO  server.RaftServerConfigKeys (ConfUtils.java:logGet(43)) - raft.server.log.preallocated.size = 16384 (custom)
2019-09-05 07:35:35,103 [pool-82-thread-1] INFO  server.RaftServerConfigKeys (ConfUtils.java:logGet(43)) - raft.server.log.preallocated.size = 16384 (custom)
2019-09-05 07:35:35,103 [pool-27-thread-1] INFO  server.RaftServerConfigKeys (ConfUtils.java:logGet(43)) - raft.server.log.write.buffer.size = 33554432 (custom)
2019-09-05 07:35:35,103 [pool-60-thread-1] INFO  server.RaftServerConfigKeys (ConfUtils.java:logGet(43)) - raft.server.snapshot.auto.trigger.threshold = 10000 (custom)
2019-09-05 07:35:35,104 [pool-27-thread-1] INFO  server.RaftServerConfigKeys (ConfUtils.java:logGet(43)) - raft.server.log.force.sync.num = 128 (default)
2019-09-05 07:35:35,104 [pool-60-thread-1] INFO  server.RaftServerConfigKeys (ConfUtils.java:logGet(43)) - raft.server.retrycache.expirytime = 600000ms (custom)
2019-09-05 07:35:35,104 [pool-82-thread-1] INFO  server.RaftServerConfigKeys (ConfUtils.java:logGet(43)) - raft.server.log.write.buffer.size = 33554432 (custom)
2019-09-05 07:35:35,104 [pool-60-thread-1] INFO  impl.RaftServerImpl (RaftServerImpl.java:start(180)) - 216f763b-3e68-44a6-8a6b-4b7681664146: start group-275862EAF019
2019-09-05 07:35:35,104 [pool-27-thread-1] INFO  server.RaftServerConfigKeys (ConfUtils.java:logGet(43)) - raft.server.log.statemachine.data.sync = true (default)
2019-09-05 07:35:35,104 [pool-60-thread-1] INFO  impl.RaftServerImpl (RaftServerImpl.java:setRole(171)) - 216f763b-3e68-44a6-8a6b-4b7681664146:group-275862EAF019 changes role from null to FOLLOWER at term 0 for startAsFollower
2019-09-05 07:35:35,104 [pool-82-thread-1] INFO  server.RaftServerConfigKeys (ConfUtils.java:logGet(43)) - raft.server.log.force.sync.num = 128 (default)
2019-09-05 07:35:35,104 [pool-60-thread-1] INFO  impl.RoleInfo (RoleInfo.java:updateAndGet(143)) - 216f763b-3e68-44a6-8a6b-4b7681664146: start FollowerState
2019-09-05 07:35:35,104 [pool-27-thread-1] INFO  server.RaftServerConfigKeys (ConfUtils.java:logGet(43)) - raft.server.log.statemachine.data.sync.timeout = 10s (default)
2019-09-05 07:35:35,105 [pool-82-thread-1] INFO  server.RaftServerConfigKeys (ConfUtils.java:logGet(43)) - raft.server.log.statemachine.data.sync = true (default)
2019-09-05 07:35:35,105 [pool-27-thread-1] INFO  server.RaftServerConfigKeys (ConfUtils.java:logGet(43)) - raft.server.log.statemachine.data.sync.timeout.retry = -1 (default)
2019-09-05 07:35:35,105 [pool-60-thread-1] INFO  util.JmxRegister (JmxRegister.java:tryRegister(44)) - Successfully registered JMX Bean with object name Ratis:service=RaftServer,group=group-275862EAF019,id=216f763b-3e68-44a6-8a6b-4b7681664146
2019-09-05 07:35:35,105 [pool-82-thread-1] INFO  server.RaftServerConfigKeys (ConfUtils.java:logGet(43)) - raft.server.log.statemachine.data.sync.timeout = 10s (default)
2019-09-05 07:35:35,105 [pool-27-thread-1] INFO  server.RaftServerConfigKeys (ConfUtils.java:logGet(43)) - raft.server.log.statemachine.data.caching.enabled = true (custom)
2019-09-05 07:35:35,105 [pool-82-thread-1] INFO  server.RaftServerConfigKeys (ConfUtils.java:logGet(43)) - raft.server.log.statemachine.data.sync.timeout.retry = -1 (default)
2019-09-05 07:35:35,105 [pool-27-thread-1] INFO  segmented.SegmentedRaftLogWorker (SegmentedRaftLogWorker.java:lambda$new$0(132)) - 7a080ec0-19ca-4af1-b3b9-6aaba7a45b53-SegmentedRaftLogWorker:Storage Directory /workdir/hadoop-ozone/integration-test/target/test-dir/MiniOzoneClusterImpl-a91fc67d-f8c9-4dc9-8b91-6f02eb894b3b/datanode-0/data/ratis/914be1f7-a49a-4d55-96c7-275862eaf019: flushIndex: setUnconditionally 0 -> -1
2019-09-05 07:35:35,106 [pool-82-thread-1] INFO  server.RaftServerConfigKeys (ConfUtils.java:logGet(43)) - raft.server.log.statemachine.data.caching.enabled = true (custom)
2019-09-05 07:35:35,106 [pool-27-thread-1] INFO  server.RaftServerConfigKeys (ConfUtils.java:logGet(43)) - raft.server.snapshot.auto.trigger.enabled = true (custom)
2019-09-05 07:35:35,106 [pool-27-thread-1] INFO  server.RaftServerConfigKeys (ConfUtils.java:logGet(43)) - raft.server.snapshot.auto.trigger.threshold = 10000 (custom)
2019-09-05 07:35:35,106 [pool-82-thread-1] INFO  segmented.SegmentedRaftLogWorker (SegmentedRaftLogWorker.java:lambda$new$0(132)) - cbc4e215-9e19-470f-b262-a66375af609e-SegmentedRaftLogWorker:Storage Directory /workdir/hadoop-ozone/integration-test/target/test-dir/MiniOzoneClusterImpl-a91fc67d-f8c9-4dc9-8b91-6f02eb894b3b/datanode-5/data/ratis/914be1f7-a49a-4d55-96c7-275862eaf019: flushIndex: setUnconditionally 0 -> -1
2019-09-05 07:35:35,106 [pool-27-thread-1] INFO  server.RaftServerConfigKeys (ConfUtils.java:logGet(43)) - raft.server.retrycache.expirytime = 600000ms (custom)
2019-09-05 07:35:35,106 [pool-27-thread-1] INFO  impl.RaftServerImpl (RaftServerImpl.java:start(180)) - 7a080ec0-19ca-4af1-b3b9-6aaba7a45b53: start group-275862EAF019
2019-09-05 07:35:35,106 [pool-82-thread-1] INFO  server.RaftServerConfigKeys (ConfUtils.java:logGet(43)) - raft.server.snapshot.auto.trigger.enabled = true (custom)
2019-09-05 07:35:35,106 [pool-27-thread-1] INFO  impl.RaftServerImpl (RaftServerImpl.java:setRole(171)) - 7a080ec0-19ca-4af1-b3b9-6aaba7a45b53:group-275862EAF019 changes role from null to FOLLOWER at term 0 for startAsFollower
2019-09-05 07:35:35,106 [pool-82-thread-1] INFO  server.RaftServerConfigKeys (ConfUtils.java:logGet(43)) - raft.server.snapshot.auto.trigger.threshold = 10000 (custom)
2019-09-05 07:35:35,107 [pool-27-thread-1] INFO  impl.RoleInfo (RoleInfo.java:updateAndGet(143)) - 7a080ec0-19ca-4af1-b3b9-6aaba7a45b53: start FollowerState
2019-09-05 07:35:35,107 [pool-82-thread-1] INFO  server.RaftServerConfigKeys (ConfUtils.java:logGet(43)) - raft.server.retrycache.expirytime = 600000ms (custom)
2019-09-05 07:35:35,107 [pool-82-thread-1] INFO  impl.RaftServerImpl (RaftServerImpl.java:start(180)) - cbc4e215-9e19-470f-b262-a66375af609e: start group-275862EAF019
2019-09-05 07:35:35,107 [pool-27-thread-1] INFO  util.JmxRegister (JmxRegister.java:tryRegister(44)) - Successfully registered JMX Bean with object name Ratis:service=RaftServer,group=group-275862EAF019,id=7a080ec0-19ca-4af1-b3b9-6aaba7a45b53
2019-09-05 07:35:35,107 [pool-82-thread-1] INFO  impl.RaftServerImpl (RaftServerImpl.java:setRole(171)) - cbc4e215-9e19-470f-b262-a66375af609e:group-275862EAF019 changes role from null to FOLLOWER at term 0 for startAsFollower
2019-09-05 07:35:35,110 [pool-82-thread-1] INFO  impl.RoleInfo (RoleInfo.java:updateAndGet(143)) - cbc4e215-9e19-470f-b262-a66375af609e: start FollowerState
2019-09-05 07:35:35,110 [pool-82-thread-1] INFO  util.JmxRegister (JmxRegister.java:tryRegister(44)) - Successfully registered JMX Bean with object name Ratis:service=RaftServer,group=group-275862EAF019,id=cbc4e215-9e19-470f-b262-a66375af609e
2019-09-05 07:35:35,129 [RatisPipelineUtilsThread] INFO  pipeline.PipelineStateManager (PipelineStateManager.java:addPipeline(56)) - Created pipeline Pipeline[ Id: 914be1f7-a49a-4d55-96c7-275862eaf019, Nodes: 7a080ec0-19ca-4af1-b3b9-6aaba7a45b53{ip: 192.168.36.69, host: pr-hdds-1571-lfg7x-4139639749, networkLocation: /default-rack, certSerialId: null}216f763b-3e68-44a6-8a6b-4b7681664146{ip: 192.168.36.69, host: pr-hdds-1571-lfg7x-4139639749, networkLocation: /default-rack, certSerialId: null}cbc4e215-9e19-470f-b262-a66375af609e{ip: 192.168.36.69, host: pr-hdds-1571-lfg7x-4139639749, networkLocation: /default-rack, certSerialId: null}, Type:RATIS, Factor:THREE, State:OPEN]
2019-09-05 07:35:35,151 | INFO  | SCMAudit | user=jenkins1000 | ip=192.168.36.69 | op=ALLOCATE_BLOCK {owner=4fd416a3-31f3-4489-a327-1d72dd21e7ce, size=800, type=RATIS, factor=THREE} | ret=SUCCESS |  
2019-09-05 07:35:35,174 | INFO  | OMAudit | user=jenkins1000 | ip=127.0.0.1 | op=ALLOCATE_KEY {volume=testblockoutputstream, bucket=testblockoutputstream, key=2ff7bf57-ee98-4e8b-a9c1-9590cc2884db, dataSize=0, replicationType=RATIS, replicationFactor=THREE, keyLocationInfo=null} | ret=SUCCESS |  
2019-09-05 07:35:35,227 | INFO  | SCMAudit | user=jenkins1000 | ip=192.168.36.69 | op=SEND_HEARTBEAT {datanodeUUID=618caef6-a8cd-4e5c-bc39-325bb83fc273, command=[]} | ret=SUCCESS |  
2019-09-05 07:35:35,240 | INFO  | SCMAudit | user=jenkins1000 | ip=192.168.36.69 | op=SEND_HEARTBEAT {datanodeUUID=cbc4e215-9e19-470f-b262-a66375af609e, command=[]} | ret=SUCCESS |  
2019-09-05 07:35:35,293 [grpc-default-executor-1] INFO  client.GrpcClientProtocolClient (GrpcClientProtocolClient.java:onNext(255)) - client-B40F40CC564F->7a080ec0-19ca-4af1-b3b9-6aaba7a45b53: receive RaftClientReply:client-B40F40CC564F->7a080ec0-19ca-4af1-b3b9-6aaba7a45b53@group-275862EAF019, cid=13, FAILED org.apache.ratis.protocol.NotLeaderException: Server 7a080ec0-19ca-4af1-b3b9-6aaba7a45b53 is not the leader (null). Request must be sent to leader., logIndex=0, commits[7a080ec0-19ca-4af1-b3b9-6aaba7a45b53:c-1]
2019-09-05 07:35:35,456 | INFO  | SCMAudit | user=jenkins1000 | ip=192.168.36.69 | op=SEND_HEARTBEAT {datanodeUUID=017b796d-3321-494b-8d8c-e766a57787fe, command=[]} | ret=SUCCESS |  
2019-09-05 07:35:35,693 | INFO  | SCMAudit | user=jenkins1000 | ip=192.168.36.69 | op=SEND_HEARTBEAT {datanodeUUID=216f763b-3e68-44a6-8a6b-4b7681664146, command=[]} | ret=SUCCESS |  
2019-09-05 07:35:35,694 | INFO  | SCMAudit | user=jenkins1000 | ip=192.168.36.69 | op=SEND_HEARTBEAT {datanodeUUID=d8846d25-1678-4df1-8bff-f38eb3492905, command=[]} | ret=SUCCESS |  
2019-09-05 07:35:35,912 | INFO  | SCMAudit | user=jenkins1000 | ip=192.168.36.69 | op=SEND_HEARTBEAT {datanodeUUID=5822af17-ba6a-443c-803e-51bf9a574bd0, command=[]} | ret=SUCCESS |  
2019-09-05 07:35:35,982 | INFO  | SCMAudit | user=jenkins1000 | ip=192.168.36.69 | op=SEND_HEARTBEAT {datanodeUUID=7a080ec0-19ca-4af1-b3b9-6aaba7a45b53, command=[]} | ret=SUCCESS |  
2019-09-05 07:35:36,229 | INFO  | SCMAudit | user=jenkins1000 | ip=192.168.36.69 | op=SEND_HEARTBEAT {datanodeUUID=618caef6-a8cd-4e5c-bc39-325bb83fc273, command=[]} | ret=SUCCESS |  
2019-09-05 07:35:36,240 | INFO  | SCMAudit | user=jenkins1000 | ip=192.168.36.69 | op=SEND_HEARTBEAT {datanodeUUID=cbc4e215-9e19-470f-b262-a66375af609e, command=[]} | ret=SUCCESS |  
2019-09-05 07:35:36,336 [grpc-default-executor-2] INFO  client.GrpcClientProtocolClient (GrpcClientProtocolClient.java:onNext(255)) - client-B40F40CC564F->cbc4e215-9e19-470f-b262-a66375af609e: receive RaftClientReply:client-B40F40CC564F->cbc4e215-9e19-470f-b262-a66375af609e@group-275862EAF019, cid=13, FAILED org.apache.ratis.protocol.NotLeaderException: Server cbc4e215-9e19-470f-b262-a66375af609e is not the leader (null). Request must be sent to leader., logIndex=0, commits[cbc4e215-9e19-470f-b262-a66375af609e:c-1]
2019-09-05 07:35:36,470 | INFO  | SCMAudit | user=jenkins1000 | ip=192.168.36.69 | op=SEND_HEARTBEAT {datanodeUUID=017b796d-3321-494b-8d8c-e766a57787fe, command=[]} | ret=SUCCESS |  
2019-09-05 07:35:36,689 | INFO  | SCMAudit | user=jenkins1000 | ip=192.168.36.69 | op=SEND_HEARTBEAT {datanodeUUID=216f763b-3e68-44a6-8a6b-4b7681664146, command=[]} | ret=SUCCESS |  
2019-09-05 07:35:36,692 | INFO  | SCMAudit | user=jenkins1000 | ip=192.168.36.69 | op=SEND_HEARTBEAT {datanodeUUID=d8846d25-1678-4df1-8bff-f38eb3492905, command=[]} | ret=SUCCESS |  
2019-09-05 07:35:36,909 | INFO  | SCMAudit | user=jenkins1000 | ip=192.168.36.69 | op=SEND_HEARTBEAT {datanodeUUID=5822af17-ba6a-443c-803e-51bf9a574bd0, command=[]} | ret=SUCCESS |  
2019-09-05 07:35:36,977 | INFO  | SCMAudit | user=jenkins1000 | ip=192.168.36.69 | op=SEND_HEARTBEAT {datanodeUUID=7a080ec0-19ca-4af1-b3b9-6aaba7a45b53, command=[]} | ret=SUCCESS |  
2019-09-05 07:35:37,224 | INFO  | SCMAudit | user=jenkins1000 | ip=192.168.36.69 | op=SEND_HEARTBEAT {datanodeUUID=618caef6-a8cd-4e5c-bc39-325bb83fc273, command=[]} | ret=SUCCESS |  
2019-09-05 07:35:37,238 | INFO  | SCMAudit | user=jenkins1000 | ip=192.168.36.69 | op=SEND_HEARTBEAT {datanodeUUID=cbc4e215-9e19-470f-b262-a66375af609e, command=[]} | ret=SUCCESS |  
2019-09-05 07:35:37,358 [grpc-default-executor-1] INFO  client.GrpcClientProtocolClient (GrpcClientProtocolClient.java:onNext(255)) - client-B40F40CC564F->7a080ec0-19ca-4af1-b3b9-6aaba7a45b53: receive RaftClientReply:client-B40F40CC564F->7a080ec0-19ca-4af1-b3b9-6aaba7a45b53@group-275862EAF019, cid=13, FAILED org.apache.ratis.protocol.NotLeaderException: Server 7a080ec0-19ca-4af1-b3b9-6aaba7a45b53 is not the leader (null). Request must be sent to leader., logIndex=0, commits[7a080ec0-19ca-4af1-b3b9-6aaba7a45b53:c-1]
2019-09-05 07:35:37,454 | INFO  | SCMAudit | user=jenkins1000 | ip=192.168.36.69 | op=SEND_HEARTBEAT {datanodeUUID=017b796d-3321-494b-8d8c-e766a57787fe, command=[]} | ret=SUCCESS |  
2019-09-05 07:35:37,690 | INFO  | SCMAudit | user=jenkins1000 | ip=192.168.36.69 | op=SEND_HEARTBEAT {datanodeUUID=216f763b-3e68-44a6-8a6b-4b7681664146, command=[]} | ret=SUCCESS |  
2019-09-05 07:35:37,692 | INFO  | SCMAudit | user=jenkins1000 | ip=192.168.36.69 | op=SEND_HEARTBEAT {datanodeUUID=d8846d25-1678-4df1-8bff-f38eb3492905, command=[]} | ret=SUCCESS |  
2019-09-05 07:35:37,910 | INFO  | SCMAudit | user=jenkins1000 | ip=192.168.36.69 | op=SEND_HEARTBEAT {datanodeUUID=5822af17-ba6a-443c-803e-51bf9a574bd0, command=[]} | ret=SUCCESS |  
2019-09-05 07:35:37,976 | INFO  | SCMAudit | user=jenkins1000 | ip=192.168.36.69 | op=SEND_HEARTBEAT {datanodeUUID=7a080ec0-19ca-4af1-b3b9-6aaba7a45b53, command=[]} | ret=SUCCESS |  
2019-09-05 07:35:38,225 | INFO  | SCMAudit | user=jenkins1000 | ip=192.168.36.69 | op=SEND_HEARTBEAT {datanodeUUID=618caef6-a8cd-4e5c-bc39-325bb83fc273, command=[]} | ret=SUCCESS |  
2019-09-05 07:35:38,238 | INFO  | SCMAudit | user=jenkins1000 | ip=192.168.36.69 | op=SEND_HEARTBEAT {datanodeUUID=cbc4e215-9e19-470f-b262-a66375af609e, command=[]} | ret=SUCCESS |  
2019-09-05 07:35:38,270 [Thread-239] INFO  impl.FollowerState (FollowerState.java:run(106)) - 7a080ec0-19ca-4af1-b3b9-6aaba7a45b53:group-A43BF23DD728 changes to CANDIDATE, lastRpcTime:5094, electionTimeout:5092ms
2019-09-05 07:35:38,272 [Thread-239] INFO  impl.RoleInfo (RoleInfo.java:shutdownFollowerState(121)) - 7a080ec0-19ca-4af1-b3b9-6aaba7a45b53: shutdown FollowerState
2019-09-05 07:35:38,272 [Thread-239] INFO  impl.RaftServerImpl (RaftServerImpl.java:setRole(171)) - 7a080ec0-19ca-4af1-b3b9-6aaba7a45b53:group-A43BF23DD728 changes role from FOLLOWER to CANDIDATE at term 0 for changeToCandidate
2019-09-05 07:35:38,276 [Thread-239] INFO  impl.RoleInfo (RoleInfo.java:updateAndGet(143)) - 7a080ec0-19ca-4af1-b3b9-6aaba7a45b53: start LeaderElection
2019-09-05 07:35:38,316 [7a080ec0-19ca-4af1-b3b9-6aaba7a45b53:group-A43BF23DD728:LeaderElection1] INFO  impl.LeaderElection (LeaderElection.java:askForVotes(181)) - 7a080ec0-19ca-4af1-b3b9-6aaba7a45b53:group-A43BF23DD728:LeaderElection1: begin an election at term 1 for -1: [7a080ec0-19ca-4af1-b3b9-6aaba7a45b53:192.168.36.69:43350], old=null
2019-09-05 07:35:38,320 [7a080ec0-19ca-4af1-b3b9-6aaba7a45b53:group-A43BF23DD728:LeaderElection1] INFO  impl.RoleInfo (RoleInfo.java:shutdownLeaderElection(134)) - 7a080ec0-19ca-4af1-b3b9-6aaba7a45b53: shutdown LeaderElection
2019-09-05 07:35:38,321 [7a080ec0-19ca-4af1-b3b9-6aaba7a45b53:group-A43BF23DD728:LeaderElection1] INFO  impl.RaftServerImpl (RaftServerImpl.java:setRole(171)) - 7a080ec0-19ca-4af1-b3b9-6aaba7a45b53:group-A43BF23DD728 changes role from CANDIDATE to LEADER at term 1 for changeToLeader
2019-09-05 07:35:38,321 [7a080ec0-19ca-4af1-b3b9-6aaba7a45b53:group-A43BF23DD728:LeaderElection1] INFO  impl.RaftServerImpl (ServerState.java:setLeader(263)) - 7a080ec0-19ca-4af1-b3b9-6aaba7a45b53:group-A43BF23DD728 change Leader from null to 7a080ec0-19ca-4af1-b3b9-6aaba7a45b53 at term 1 for becomeLeader, leader elected after 5230ms
2019-09-05 07:35:38,328 [7a080ec0-19ca-4af1-b3b9-6aaba7a45b53:group-A43BF23DD728:LeaderElection1] INFO  server.RaftServerConfigKeys (ConfUtils.java:logGet(43)) - raft.server.staging.catchup.gap = 1000 (default)
2019-09-05 07:35:38,328 [7a080ec0-19ca-4af1-b3b9-6aaba7a45b53:group-A43BF23DD728:LeaderElection1] INFO  server.RaftServerConfigKeys (ConfUtils.java:logGet(43)) - raft.server.rpc.sleep.time = 25ms (default)
2019-09-05 07:35:38,330 [7a080ec0-19ca-4af1-b3b9-6aaba7a45b53:group-A43BF23DD728:LeaderElection1] INFO  server.RaftServerConfigKeys (ConfUtils.java:logGet(43)) - raft.server.write.element-limit = 4096 (default)
2019-09-05 07:35:38,332 [7a080ec0-19ca-4af1-b3b9-6aaba7a45b53:group-A43BF23DD728:LeaderElection1] INFO  server.RaftServerConfigKeys (ConfUtils.java:logGet(43)) - raft.server.watch.timeout = 10s (default)
2019-09-05 07:35:38,332 [7a080ec0-19ca-4af1-b3b9-6aaba7a45b53:group-A43BF23DD728:LeaderElection1] INFO  server.RaftServerConfigKeys (ConfUtils.java:logGet(43)) - raft.server.watch.timeout.denomination = 1s (default)
2019-09-05 07:35:38,333 [7a080ec0-19ca-4af1-b3b9-6aaba7a45b53:group-A43BF23DD728:LeaderElection1] INFO  server.RaftServerConfigKeys (ConfUtils.java:logGet(43)) - raft.server.watch.element-limit = 65536 (default)
2019-09-05 07:35:38,341 [7a080ec0-19ca-4af1-b3b9-6aaba7a45b53:group-A43BF23DD728:LeaderElection1] INFO  impl.RoleInfo (RoleInfo.java:updateAndGet(143)) - 7a080ec0-19ca-4af1-b3b9-6aaba7a45b53: start LeaderState
2019-09-05 07:35:38,362 [7a080ec0-19ca-4af1-b3b9-6aaba7a45b53:group-A43BF23DD728:LeaderElection1] INFO  segmented.SegmentedRaftLogWorker (SegmentedRaftLogWorker.java:startLogSegment(380)) - 7a080ec0-19ca-4af1-b3b9-6aaba7a45b53-SegmentedRaftLogWorker:Storage Directory /workdir/hadoop-ozone/integration-test/target/test-dir/MiniOzoneClusterImpl-a91fc67d-f8c9-4dc9-8b91-6f02eb894b3b/datanode-0/data/ratis/2b82bd86-e43c-4759-b1dc-a43bf23dd728: Starting segment from index:0
2019-09-05 07:35:38,372 [7a080ec0-19ca-4af1-b3b9-6aaba7a45b53:group-A43BF23DD728:LeaderElection1] INFO  impl.RaftServerImpl (ServerState.java:setRaftConf(361)) - 7a080ec0-19ca-4af1-b3b9-6aaba7a45b53:group-A43BF23DD728 set configuration 0: [7a080ec0-19ca-4af1-b3b9-6aaba7a45b53:192.168.36.69:43350], old=null at 0
2019-09-05 07:35:38,376 [grpc-default-executor-2] INFO  client.GrpcClientProtocolClient (GrpcClientProtocolClient.java:onNext(255)) - client-B40F40CC564F->cbc4e215-9e19-470f-b262-a66375af609e: receive RaftClientReply:client-B40F40CC564F->cbc4e215-9e19-470f-b262-a66375af609e@group-275862EAF019, cid=13, FAILED org.apache.ratis.protocol.NotLeaderException: Server cbc4e215-9e19-470f-b262-a66375af609e is not the leader (null). Request must be sent to leader., logIndex=0, commits[cbc4e215-9e19-470f-b262-a66375af609e:c-1]
2019-09-05 07:35:38,454 | INFO  | SCMAudit | user=jenkins1000 | ip=192.168.36.69 | op=SEND_HEARTBEAT {datanodeUUID=017b796d-3321-494b-8d8c-e766a57787fe, command=[]} | ret=SUCCESS |  
2019-09-05 07:35:38,544 [Thread-242] INFO  impl.FollowerState (FollowerState.java:run(106)) - 618caef6-a8cd-4e5c-bc39-325bb83fc273:group-C2FB971D5F68 changes to CANDIDATE, lastRpcTime:5124, electionTimeout:5122ms
2019-09-05 07:35:38,549 [Thread-242] INFO  impl.RoleInfo (RoleInfo.java:shutdownFollowerState(121)) - 618caef6-a8cd-4e5c-bc39-325bb83fc273: shutdown FollowerState
2019-09-05 07:35:38,549 [Thread-242] INFO  impl.RaftServerImpl (RaftServerImpl.java:setRole(171)) - 618caef6-a8cd-4e5c-bc39-325bb83fc273:group-C2FB971D5F68 changes role from FOLLOWER to CANDIDATE at term 0 for changeToCandidate
2019-09-05 07:35:38,549 [Thread-242] INFO  impl.RoleInfo (RoleInfo.java:updateAndGet(143)) - 618caef6-a8cd-4e5c-bc39-325bb83fc273: start LeaderElection
2019-09-05 07:35:38,571 [Thread-245] INFO  impl.FollowerState (FollowerState.java:run(106)) - d8846d25-1678-4df1-8bff-f38eb3492905:group-923559199F9C changes to CANDIDATE, lastRpcTime:5012, electionTimeout:5012ms
2019-09-05 07:35:38,573 [Thread-245] INFO  impl.RoleInfo (RoleInfo.java:shutdownFollowerState(121)) - d8846d25-1678-4df1-8bff-f38eb3492905: shutdown FollowerState
2019-09-05 07:35:38,573 [Thread-245] INFO  impl.RaftServerImpl (RaftServerImpl.java:setRole(171)) - d8846d25-1678-4df1-8bff-f38eb3492905:group-923559199F9C changes role from FOLLOWER to CANDIDATE at term 0 for changeToCandidate
2019-09-05 07:35:38,573 [Thread-245] INFO  impl.RoleInfo (RoleInfo.java:updateAndGet(143)) - d8846d25-1678-4df1-8bff-f38eb3492905: start LeaderElection
2019-09-05 07:35:38,577 [7a080ec0-19ca-4af1-b3b9-6aaba7a45b53-SegmentedRaftLogWorker:Storage Directory /workdir/hadoop-ozone/integration-test/target/test-dir/MiniOzoneClusterImpl-a91fc67d-f8c9-4dc9-8b91-6f02eb894b3b/datanode-0/data/ratis/2b82bd86-e43c-4759-b1dc-a43bf23dd728] INFO  segmented.SegmentedRaftLogWorker (SegmentedRaftLogWorker.java:execute(569)) - 7a080ec0-19ca-4af1-b3b9-6aaba7a45b53-SegmentedRaftLogWorker:Storage Directory /workdir/hadoop-ozone/integration-test/target/test-dir/MiniOzoneClusterImpl-a91fc67d-f8c9-4dc9-8b91-6f02eb894b3b/datanode-0/data/ratis/2b82bd86-e43c-4759-b1dc-a43bf23dd728: created new log segment /workdir/hadoop-ozone/integration-test/target/test-dir/MiniOzoneClusterImpl-a91fc67d-f8c9-4dc9-8b91-6f02eb894b3b/datanode-0/data/ratis/2b82bd86-e43c-4759-b1dc-a43bf23dd728/current/log_inprogress_0
2019-09-05 07:35:38,577 [618caef6-a8cd-4e5c-bc39-325bb83fc273:group-C2FB971D5F68:LeaderElection2] INFO  impl.LeaderElection (LeaderElection.java:askForVotes(181)) - 618caef6-a8cd-4e5c-bc39-325bb83fc273:group-C2FB971D5F68:LeaderElection2: begin an election at term 1 for -1: [618caef6-a8cd-4e5c-bc39-325bb83fc273:192.168.36.69:42795], old=null
2019-09-05 07:35:38,578 [618caef6-a8cd-4e5c-bc39-325bb83fc273:group-C2FB971D5F68:LeaderElection2] INFO  impl.RoleInfo (RoleInfo.java:shutdownLeaderElection(134)) - 618caef6-a8cd-4e5c-bc39-325bb83fc273: shutdown LeaderElection
2019-09-05 07:35:38,579 [618caef6-a8cd-4e5c-bc39-325bb83fc273:group-C2FB971D5F68:LeaderElection2] INFO  impl.RaftServerImpl (RaftServerImpl.java:setRole(171)) - 618caef6-a8cd-4e5c-bc39-325bb83fc273:group-C2FB971D5F68 changes role from CANDIDATE to LEADER at term 1 for changeToLeader
2019-09-05 07:35:38,580 [618caef6-a8cd-4e5c-bc39-325bb83fc273:group-C2FB971D5F68:LeaderElection2] INFO  impl.RaftServerImpl (ServerState.java:setLeader(263)) - 618caef6-a8cd-4e5c-bc39-325bb83fc273:group-C2FB971D5F68 change Leader from null to 618caef6-a8cd-4e5c-bc39-325bb83fc273 at term 1 for becomeLeader, leader elected after 5164ms
2019-09-05 07:35:38,581 [618caef6-a8cd-4e5c-bc39-325bb83fc273:group-C2FB971D5F68:LeaderElection2] INFO  server.RaftServerConfigKeys (ConfUtils.java:logGet(43)) - raft.server.staging.catchup.gap = 1000 (default)
2019-09-05 07:35:38,582 [618caef6-a8cd-4e5c-bc39-325bb83fc273:group-C2FB971D5F68:LeaderElection2] INFO  server.RaftServerConfigKeys (ConfUtils.java:logGet(43)) - raft.server.rpc.sleep.time = 25ms (default)
2019-09-05 07:35:38,582 [618caef6-a8cd-4e5c-bc39-325bb83fc273:group-C2FB971D5F68:LeaderElection2] INFO  server.RaftServerConfigKeys (ConfUtils.java:logGet(43)) - raft.server.write.element-limit = 4096 (default)
2019-09-05 07:35:38,582 [618caef6-a8cd-4e5c-bc39-325bb83fc273:group-C2FB971D5F68:LeaderElection2] INFO  server.RaftServerConfigKeys (ConfUtils.java:logGet(43)) - raft.server.watch.timeout = 10s (default)
2019-09-05 07:35:38,582 [618caef6-a8cd-4e5c-bc39-325bb83fc273:group-C2FB971D5F68:LeaderElection2] INFO  server.RaftServerConfigKeys (ConfUtils.java:logGet(43)) - raft.server.watch.timeout.denomination = 1s (default)
2019-09-05 07:35:38,582 [618caef6-a8cd-4e5c-bc39-325bb83fc273:group-C2FB971D5F68:LeaderElection2] INFO  server.RaftServerConfigKeys (ConfUtils.java:logGet(43)) - raft.server.watch.element-limit = 65536 (default)
2019-09-05 07:35:38,582 [618caef6-a8cd-4e5c-bc39-325bb83fc273:group-C2FB971D5F68:LeaderElection2] INFO  impl.RoleInfo (RoleInfo.java:updateAndGet(143)) - 618caef6-a8cd-4e5c-bc39-325bb83fc273: start LeaderState
2019-09-05 07:35:38,583 [618caef6-a8cd-4e5c-bc39-325bb83fc273:group-C2FB971D5F68:LeaderElection2] INFO  segmented.SegmentedRaftLogWorker (SegmentedRaftLogWorker.java:startLogSegment(380)) - 618caef6-a8cd-4e5c-bc39-325bb83fc273-SegmentedRaftLogWorker:Storage Directory /workdir/hadoop-ozone/integration-test/target/test-dir/MiniOzoneClusterImpl-a91fc67d-f8c9-4dc9-8b91-6f02eb894b3b/datanode-1/data/ratis/0aa93389-44d9-42b7-b250-c2fb971d5f68: Starting segment from index:0
2019-09-05 07:35:38,583 [618caef6-a8cd-4e5c-bc39-325bb83fc273:group-C2FB971D5F68:LeaderElection2] INFO  impl.RaftServerImpl (ServerState.java:setRaftConf(361)) - 618caef6-a8cd-4e5c-bc39-325bb83fc273:group-C2FB971D5F68 set configuration 0: [618caef6-a8cd-4e5c-bc39-325bb83fc273:192.168.36.69:42795], old=null at 0
2019-09-05 07:35:38,614 [d8846d25-1678-4df1-8bff-f38eb3492905:group-923559199F9C:LeaderElection3] INFO  impl.LeaderElection (LeaderElection.java:askForVotes(181)) - d8846d25-1678-4df1-8bff-f38eb3492905:group-923559199F9C:LeaderElection3: begin an election at term 1 for -1: [d8846d25-1678-4df1-8bff-f38eb3492905:192.168.36.69:44539], old=null
2019-09-05 07:35:38,620 [d8846d25-1678-4df1-8bff-f38eb3492905:group-923559199F9C:LeaderElection3] INFO  impl.RoleInfo (RoleInfo.java:shutdownLeaderElection(134)) - d8846d25-1678-4df1-8bff-f38eb3492905: shutdown LeaderElection
2019-09-05 07:35:38,620 [d8846d25-1678-4df1-8bff-f38eb3492905:group-923559199F9C:LeaderElection3] INFO  impl.RaftServerImpl (RaftServerImpl.java:setRole(171)) - d8846d25-1678-4df1-8bff-f38eb3492905:group-923559199F9C changes role from CANDIDATE to LEADER at term 1 for changeToLeader
2019-09-05 07:35:38,620 [d8846d25-1678-4df1-8bff-f38eb3492905:group-923559199F9C:LeaderElection3] INFO  impl.RaftServerImpl (ServerState.java:setLeader(263)) - d8846d25-1678-4df1-8bff-f38eb3492905:group-923559199F9C change Leader from null to d8846d25-1678-4df1-8bff-f38eb3492905 at term 1 for becomeLeader, leader elected after 5067ms
2019-09-05 07:35:38,621 [d8846d25-1678-4df1-8bff-f38eb3492905:group-923559199F9C:LeaderElection3] INFO  server.RaftServerConfigKeys (ConfUtils.java:logGet(43)) - raft.server.staging.catchup.gap = 1000 (default)
2019-09-05 07:35:38,621 [d8846d25-1678-4df1-8bff-f38eb3492905:group-923559199F9C:LeaderElection3] INFO  server.RaftServerConfigKeys (ConfUtils.java:logGet(43)) - raft.server.rpc.sleep.time = 25ms (default)
2019-09-05 07:35:38,622 [d8846d25-1678-4df1-8bff-f38eb3492905:group-923559199F9C:LeaderElection3] INFO  server.RaftServerConfigKeys (ConfUtils.java:logGet(43)) - raft.server.write.element-limit = 4096 (default)
2019-09-05 07:35:38,622 [d8846d25-1678-4df1-8bff-f38eb3492905:group-923559199F9C:LeaderElection3] INFO  server.RaftServerConfigKeys (ConfUtils.java:logGet(43)) - raft.server.watch.timeout = 10s (default)
2019-09-05 07:35:38,622 [d8846d25-1678-4df1-8bff-f38eb3492905:group-923559199F9C:LeaderElection3] INFO  server.RaftServerConfigKeys (ConfUtils.java:logGet(43)) - raft.server.watch.timeout.denomination = 1s (default)
2019-09-05 07:35:38,622 [d8846d25-1678-4df1-8bff-f38eb3492905:group-923559199F9C:LeaderElection3] INFO  server.RaftServerConfigKeys (ConfUtils.java:logGet(43)) - raft.server.watch.element-limit = 65536 (default)
2019-09-05 07:35:38,622 [d8846d25-1678-4df1-8bff-f38eb3492905:group-923559199F9C:LeaderElection3] INFO  impl.RoleInfo (RoleInfo.java:updateAndGet(143)) - d8846d25-1678-4df1-8bff-f38eb3492905: start LeaderState
2019-09-05 07:35:38,622 [d8846d25-1678-4df1-8bff-f38eb3492905:group-923559199F9C:LeaderElection3] INFO  segmented.SegmentedRaftLogWorker (SegmentedRaftLogWorker.java:startLogSegment(380)) - d8846d25-1678-4df1-8bff-f38eb3492905-SegmentedRaftLogWorker:Storage Directory /workdir/hadoop-ozone/integration-test/target/test-dir/MiniOzoneClusterImpl-a91fc67d-f8c9-4dc9-8b91-6f02eb894b3b/datanode-2/data/ratis/bc03e065-6b94-43d9-bee3-923559199f9c: Starting segment from index:0
2019-09-05 07:35:38,623 [d8846d25-1678-4df1-8bff-f38eb3492905:group-923559199F9C:LeaderElection3] INFO  impl.RaftServerImpl (ServerState.java:setRaftConf(361)) - d8846d25-1678-4df1-8bff-f38eb3492905:group-923559199F9C set configuration 0: [d8846d25-1678-4df1-8bff-f38eb3492905:192.168.36.69:44539], old=null at 0
2019-09-05 07:35:38,680 [d8846d25-1678-4df1-8bff-f38eb3492905-SegmentedRaftLogWorker:Storage Directory /workdir/hadoop-ozone/integration-test/target/test-dir/MiniOzoneClusterImpl-a91fc67d-f8c9-4dc9-8b91-6f02eb894b3b/datanode-2/data/ratis/bc03e065-6b94-43d9-bee3-923559199f9c] INFO  segmented.SegmentedRaftLogWorker (SegmentedRaftLogWorker.java:execute(569)) - d8846d25-1678-4df1-8bff-f38eb3492905-SegmentedRaftLogWorker:Storage Directory /workdir/hadoop-ozone/integration-test/target/test-dir/MiniOzoneClusterImpl-a91fc67d-f8c9-4dc9-8b91-6f02eb894b3b/datanode-2/data/ratis/bc03e065-6b94-43d9-bee3-923559199f9c: created new log segment /workdir/hadoop-ozone/integration-test/target/test-dir/MiniOzoneClusterImpl-a91fc67d-f8c9-4dc9-8b91-6f02eb894b3b/datanode-2/data/ratis/bc03e065-6b94-43d9-bee3-923559199f9c/current/log_inprogress_0
2019-09-05 07:35:38,680 [618caef6-a8cd-4e5c-bc39-325bb83fc273-SegmentedRaftLogWorker:Storage Directory /workdir/hadoop-ozone/integration-test/target/test-dir/MiniOzoneClusterImpl-a91fc67d-f8c9-4dc9-8b91-6f02eb894b3b/datanode-1/data/ratis/0aa93389-44d9-42b7-b250-c2fb971d5f68] INFO  segmented.SegmentedRaftLogWorker (SegmentedRaftLogWorker.java:execute(569)) - 618caef6-a8cd-4e5c-bc39-325bb83fc273-SegmentedRaftLogWorker:Storage Directory /workdir/hadoop-ozone/integration-test/target/test-dir/MiniOzoneClusterImpl-a91fc67d-f8c9-4dc9-8b91-6f02eb894b3b/datanode-1/data/ratis/0aa93389-44d9-42b7-b250-c2fb971d5f68: created new log segment /workdir/hadoop-ozone/integration-test/target/test-dir/MiniOzoneClusterImpl-a91fc67d-f8c9-4dc9-8b91-6f02eb894b3b/datanode-1/data/ratis/0aa93389-44d9-42b7-b250-c2fb971d5f68/current/log_inprogress_0
2019-09-05 07:35:38,690 | INFO  | SCMAudit | user=jenkins1000 | ip=192.168.36.69 | op=SEND_HEARTBEAT {datanodeUUID=216f763b-3e68-44a6-8a6b-4b7681664146, command=[]} | ret=SUCCESS |  
2019-09-05 07:35:38,691 | INFO  | SCMAudit | user=jenkins1000 | ip=192.168.36.69 | op=SEND_HEARTBEAT {datanodeUUID=d8846d25-1678-4df1-8bff-f38eb3492905, command=[]} | ret=SUCCESS |  
2019-09-05 07:35:38,909 | INFO  | SCMAudit | user=jenkins1000 | ip=192.168.36.69 | op=SEND_HEARTBEAT {datanodeUUID=5822af17-ba6a-443c-803e-51bf9a574bd0, command=[]} | ret=SUCCESS |  
2019-09-05 07:35:38,976 | INFO  | SCMAudit | user=jenkins1000 | ip=192.168.36.69 | op=SEND_HEARTBEAT {datanodeUUID=7a080ec0-19ca-4af1-b3b9-6aaba7a45b53, command=[]} | ret=SUCCESS |  
2019-09-05 07:35:39,224 | INFO  | SCMAudit | user=jenkins1000 | ip=192.168.36.69 | op=SEND_HEARTBEAT {datanodeUUID=618caef6-a8cd-4e5c-bc39-325bb83fc273, command=[]} | ret=SUCCESS |  
2019-09-05 07:35:39,238 | INFO  | SCMAudit | user=jenkins1000 | ip=192.168.36.69 | op=SEND_HEARTBEAT {datanodeUUID=cbc4e215-9e19-470f-b262-a66375af609e, command=[]} | ret=SUCCESS |  
2019-09-05 07:35:39,399 [grpc-default-executor-2] INFO  client.GrpcClientProtocolClient (GrpcClientProtocolClient.java:onNext(255)) - client-B40F40CC564F->216f763b-3e68-44a6-8a6b-4b7681664146: receive RaftClientReply:client-B40F40CC564F->216f763b-3e68-44a6-8a6b-4b7681664146@group-275862EAF019, cid=13, FAILED org.apache.ratis.protocol.NotLeaderException: Server 216f763b-3e68-44a6-8a6b-4b7681664146 is not the leader (null). Request must be sent to leader., logIndex=0, commits[216f763b-3e68-44a6-8a6b-4b7681664146:c-1]
2019-09-05 07:35:39,428 [Thread-252] INFO  impl.FollowerState (FollowerState.java:run(106)) - 5822af17-ba6a-443c-803e-51bf9a574bd0:group-AC26640C4CD3 changes to CANDIDATE, lastRpcTime:5161, electionTimeout:5161ms
2019-09-05 07:35:39,429 [Thread-252] INFO  impl.RoleInfo (RoleInfo.java:shutdownFollowerState(121)) - 5822af17-ba6a-443c-803e-51bf9a574bd0: shutdown FollowerState
2019-09-05 07:35:39,429 [Thread-252] INFO  impl.RaftServerImpl (RaftServerImpl.java:setRole(171)) - 5822af17-ba6a-443c-803e-51bf9a574bd0:group-AC26640C4CD3 changes role from FOLLOWER to CANDIDATE at term 0 for changeToCandidate
2019-09-05 07:35:39,430 [Thread-252] INFO  impl.RoleInfo (RoleInfo.java:updateAndGet(143)) - 5822af17-ba6a-443c-803e-51bf9a574bd0: start LeaderElection
2019-09-05 07:35:39,454 | INFO  | SCMAudit | user=jenkins1000 | ip=192.168.36.69 | op=SEND_HEARTBEAT {datanodeUUID=017b796d-3321-494b-8d8c-e766a57787fe, command=[]} | ret=SUCCESS |  
2019-09-05 07:35:39,462 [5822af17-ba6a-443c-803e-51bf9a574bd0:group-AC26640C4CD3:LeaderElection4] INFO  impl.LeaderElection (LeaderElection.java:askForVotes(181)) - 5822af17-ba6a-443c-803e-51bf9a574bd0:group-AC26640C4CD3:LeaderElection4: begin an election at term 1 for -1: [5822af17-ba6a-443c-803e-51bf9a574bd0:192.168.36.69:45253], old=null
2019-09-05 07:35:39,464 [5822af17-ba6a-443c-803e-51bf9a574bd0:group-AC26640C4CD3:LeaderElection4] INFO  impl.RoleInfo (RoleInfo.java:shutdownLeaderElection(134)) - 5822af17-ba6a-443c-803e-51bf9a574bd0: shutdown LeaderElection
2019-09-05 07:35:39,465 [5822af17-ba6a-443c-803e-51bf9a574bd0:group-AC26640C4CD3:LeaderElection4] INFO  impl.RaftServerImpl (RaftServerImpl.java:setRole(171)) - 5822af17-ba6a-443c-803e-51bf9a574bd0:group-AC26640C4CD3 changes role from CANDIDATE to LEADER at term 1 for changeToLeader
2019-09-05 07:35:39,465 [5822af17-ba6a-443c-803e-51bf9a574bd0:group-AC26640C4CD3:LeaderElection4] INFO  impl.RaftServerImpl (ServerState.java:setLeader(263)) - 5822af17-ba6a-443c-803e-51bf9a574bd0:group-AC26640C4CD3 change Leader from null to 5822af17-ba6a-443c-803e-51bf9a574bd0 at term 1 for becomeLeader, leader elected after 5204ms
2019-09-05 07:35:39,466 [5822af17-ba6a-443c-803e-51bf9a574bd0:group-AC26640C4CD3:LeaderElection4] INFO  server.RaftServerConfigKeys (ConfUtils.java:logGet(43)) - raft.server.staging.catchup.gap = 1000 (default)
2019-09-05 07:35:39,467 [5822af17-ba6a-443c-803e-51bf9a574bd0:group-AC26640C4CD3:LeaderElection4] INFO  server.RaftServerConfigKeys (ConfUtils.java:logGet(43)) - raft.server.rpc.sleep.time = 25ms (default)
2019-09-05 07:35:39,467 [5822af17-ba6a-443c-803e-51bf9a574bd0:group-AC26640C4CD3:LeaderElection4] INFO  server.RaftServerConfigKeys (ConfUtils.java:logGet(43)) - raft.server.write.element-limit = 4096 (default)
2019-09-05 07:35:39,467 [5822af17-ba6a-443c-803e-51bf9a574bd0:group-AC26640C4CD3:LeaderElection4] INFO  server.RaftServerConfigKeys (ConfUtils.java:logGet(43)) - raft.server.watch.timeout = 10s (default)
2019-09-05 07:35:39,467 [5822af17-ba6a-443c-803e-51bf9a574bd0:group-AC26640C4CD3:LeaderElection4] INFO  server.RaftServerConfigKeys (ConfUtils.java:logGet(43)) - raft.server.watch.timeout.denomination = 1s (default)
2019-09-05 07:35:39,467 [5822af17-ba6a-443c-803e-51bf9a574bd0:group-AC26640C4CD3:LeaderElection4] INFO  server.RaftServerConfigKeys (ConfUtils.java:logGet(43)) - raft.server.watch.element-limit = 65536 (default)
2019-09-05 07:35:39,468 [5822af17-ba6a-443c-803e-51bf9a574bd0:group-AC26640C4CD3:LeaderElection4] INFO  impl.RoleInfo (RoleInfo.java:updateAndGet(143)) - 5822af17-ba6a-443c-803e-51bf9a574bd0: start LeaderState
2019-09-05 07:35:39,468 [5822af17-ba6a-443c-803e-51bf9a574bd0:group-AC26640C4CD3:LeaderElection4] INFO  segmented.SegmentedRaftLogWorker (SegmentedRaftLogWorker.java:startLogSegment(380)) - 5822af17-ba6a-443c-803e-51bf9a574bd0-SegmentedRaftLogWorker:Storage Directory /workdir/hadoop-ozone/integration-test/target/test-dir/MiniOzoneClusterImpl-a91fc67d-f8c9-4dc9-8b91-6f02eb894b3b/datanode-4/data/ratis/c7ee228a-a0b7-4e0f-b145-ac26640c4cd3: Starting segment from index:0
2019-09-05 07:35:39,469 [5822af17-ba6a-443c-803e-51bf9a574bd0:group-AC26640C4CD3:LeaderElection4] INFO  impl.RaftServerImpl (ServerState.java:setRaftConf(361)) - 5822af17-ba6a-443c-803e-51bf9a574bd0:group-AC26640C4CD3 set configuration 0: [5822af17-ba6a-443c-803e-51bf9a574bd0:192.168.36.69:45253], old=null at 0
2019-09-05 07:35:39,534 [5822af17-ba6a-443c-803e-51bf9a574bd0-SegmentedRaftLogWorker:Storage Directory /workdir/hadoop-ozone/integration-test/target/test-dir/MiniOzoneClusterImpl-a91fc67d-f8c9-4dc9-8b91-6f02eb894b3b/datanode-4/data/ratis/c7ee228a-a0b7-4e0f-b145-ac26640c4cd3] INFO  segmented.SegmentedRaftLogWorker (SegmentedRaftLogWorker.java:execute(569)) - 5822af17-ba6a-443c-803e-51bf9a574bd0-SegmentedRaftLogWorker:Storage Directory /workdir/hadoop-ozone/integration-test/target/test-dir/MiniOzoneClusterImpl-a91fc67d-f8c9-4dc9-8b91-6f02eb894b3b/datanode-4/data/ratis/c7ee228a-a0b7-4e0f-b145-ac26640c4cd3: created new log segment /workdir/hadoop-ozone/integration-test/target/test-dir/MiniOzoneClusterImpl-a91fc67d-f8c9-4dc9-8b91-6f02eb894b3b/datanode-4/data/ratis/c7ee228a-a0b7-4e0f-b145-ac26640c4cd3/current/log_inprogress_0
2019-09-05 07:35:39,604 [Thread-255] INFO  impl.FollowerState (FollowerState.java:run(106)) - 216f763b-3e68-44a6-8a6b-4b7681664146:group-193ED8AD1D8F changes to CANDIDATE, lastRpcTime:5086, electionTimeout:5086ms
2019-09-05 07:35:39,604 [Thread-255] INFO  impl.RoleInfo (RoleInfo.java:shutdownFollowerState(121)) - 216f763b-3e68-44a6-8a6b-4b7681664146: shutdown FollowerState
2019-09-05 07:35:39,604 [Thread-255] INFO  impl.RaftServerImpl (RaftServerImpl.java:setRole(171)) - 216f763b-3e68-44a6-8a6b-4b7681664146:group-193ED8AD1D8F changes role from FOLLOWER to CANDIDATE at term 0 for changeToCandidate
2019-09-05 07:35:39,604 [Thread-255] INFO  impl.RoleInfo (RoleInfo.java:updateAndGet(143)) - 216f763b-3e68-44a6-8a6b-4b7681664146: start LeaderElection
2019-09-05 07:35:39,635 [216f763b-3e68-44a6-8a6b-4b7681664146:group-193ED8AD1D8F:LeaderElection5] INFO  impl.LeaderElection (LeaderElection.java:askForVotes(181)) - 216f763b-3e68-44a6-8a6b-4b7681664146:group-193ED8AD1D8F:LeaderElection5: begin an election at term 1 for -1: [216f763b-3e68-44a6-8a6b-4b7681664146:192.168.36.69:46568], old=null
2019-09-05 07:35:39,639 [216f763b-3e68-44a6-8a6b-4b7681664146:group-193ED8AD1D8F:LeaderElection5] INFO  impl.RoleInfo (RoleInfo.java:shutdownLeaderElection(134)) - 216f763b-3e68-44a6-8a6b-4b7681664146: shutdown LeaderElection
2019-09-05 07:35:39,639 [216f763b-3e68-44a6-8a6b-4b7681664146:group-193ED8AD1D8F:LeaderElection5] INFO  impl.RaftServerImpl (RaftServerImpl.java:setRole(171)) - 216f763b-3e68-44a6-8a6b-4b7681664146:group-193ED8AD1D8F changes role from CANDIDATE to LEADER at term 1 for changeToLeader
2019-09-05 07:35:39,639 [216f763b-3e68-44a6-8a6b-4b7681664146:group-193ED8AD1D8F:LeaderElection5] INFO  impl.RaftServerImpl (ServerState.java:setLeader(263)) - 216f763b-3e68-44a6-8a6b-4b7681664146:group-193ED8AD1D8F change Leader from null to 216f763b-3e68-44a6-8a6b-4b7681664146 at term 1 for becomeLeader, leader elected after 5127ms
2019-09-05 07:35:39,641 [216f763b-3e68-44a6-8a6b-4b7681664146:group-193ED8AD1D8F:LeaderElection5] INFO  server.RaftServerConfigKeys (ConfUtils.java:logGet(43)) - raft.server.staging.catchup.gap = 1000 (default)
2019-09-05 07:35:39,641 [216f763b-3e68-44a6-8a6b-4b7681664146:group-193ED8AD1D8F:LeaderElection5] INFO  server.RaftServerConfigKeys (ConfUtils.java:logGet(43)) - raft.server.rpc.sleep.time = 25ms (default)
2019-09-05 07:35:39,642 [216f763b-3e68-44a6-8a6b-4b7681664146:group-193ED8AD1D8F:LeaderElection5] INFO  server.RaftServerConfigKeys (ConfUtils.java:logGet(43)) - raft.server.write.element-limit = 4096 (default)
2019-09-05 07:35:39,642 [216f763b-3e68-44a6-8a6b-4b7681664146:group-193ED8AD1D8F:LeaderElection5] INFO  server.RaftServerConfigKeys (ConfUtils.java:logGet(43)) - raft.server.watch.timeout = 10s (default)
2019-09-05 07:35:39,642 [216f763b-3e68-44a6-8a6b-4b7681664146:group-193ED8AD1D8F:LeaderElection5] INFO  server.RaftServerConfigKeys (ConfUtils.java:logGet(43)) - raft.server.watch.timeout.denomination = 1s (default)
2019-09-05 07:35:39,642 [216f763b-3e68-44a6-8a6b-4b7681664146:group-193ED8AD1D8F:LeaderElection5] INFO  server.RaftServerConfigKeys (ConfUtils.java:logGet(43)) - raft.server.watch.element-limit = 65536 (default)
2019-09-05 07:35:39,643 [216f763b-3e68-44a6-8a6b-4b7681664146:group-193ED8AD1D8F:LeaderElection5] INFO  impl.RoleInfo (RoleInfo.java:updateAndGet(143)) - 216f763b-3e68-44a6-8a6b-4b7681664146: start LeaderState
2019-09-05 07:35:39,643 [216f763b-3e68-44a6-8a6b-4b7681664146:group-193ED8AD1D8F:LeaderElection5] INFO  segmented.SegmentedRaftLogWorker (SegmentedRaftLogWorker.java:startLogSegment(380)) - 216f763b-3e68-44a6-8a6b-4b7681664146-SegmentedRaftLogWorker:Storage Directory /workdir/hadoop-ozone/integration-test/target/test-dir/MiniOzoneClusterImpl-a91fc67d-f8c9-4dc9-8b91-6f02eb894b3b/datanode-3/data/ratis/0cf20a7b-f193-4a1a-9360-193ed8ad1d8f: Starting segment from index:0
2019-09-05 07:35:39,644 [216f763b-3e68-44a6-8a6b-4b7681664146:group-193ED8AD1D8F:LeaderElection5] INFO  impl.RaftServerImpl (ServerState.java:setRaftConf(361)) - 216f763b-3e68-44a6-8a6b-4b7681664146:group-193ED8AD1D8F set configuration 0: [216f763b-3e68-44a6-8a6b-4b7681664146:192.168.36.69:46568], old=null at 0
2019-09-05 07:35:39,691 | INFO  | SCMAudit | user=jenkins1000 | ip=192.168.36.69 | op=SEND_HEARTBEAT {datanodeUUID=216f763b-3e68-44a6-8a6b-4b7681664146, command=[]} | ret=SUCCESS |  
2019-09-05 07:35:39,692 | INFO  | SCMAudit | user=jenkins1000 | ip=192.168.36.69 | op=SEND_HEARTBEAT {datanodeUUID=d8846d25-1678-4df1-8bff-f38eb3492905, command=[]} | ret=SUCCESS |  
2019-09-05 07:35:39,703 [216f763b-3e68-44a6-8a6b-4b7681664146-SegmentedRaftLogWorker:Storage Directory /workdir/hadoop-ozone/integration-test/target/test-dir/MiniOzoneClusterImpl-a91fc67d-f8c9-4dc9-8b91-6f02eb894b3b/datanode-3/data/ratis/0cf20a7b-f193-4a1a-9360-193ed8ad1d8f] INFO  segmented.SegmentedRaftLogWorker (SegmentedRaftLogWorker.java:execute(569)) - 216f763b-3e68-44a6-8a6b-4b7681664146-SegmentedRaftLogWorker:Storage Directory /workdir/hadoop-ozone/integration-test/target/test-dir/MiniOzoneClusterImpl-a91fc67d-f8c9-4dc9-8b91-6f02eb894b3b/datanode-3/data/ratis/0cf20a7b-f193-4a1a-9360-193ed8ad1d8f: created new log segment /workdir/hadoop-ozone/integration-test/target/test-dir/MiniOzoneClusterImpl-a91fc67d-f8c9-4dc9-8b91-6f02eb894b3b/datanode-3/data/ratis/0cf20a7b-f193-4a1a-9360-193ed8ad1d8f/current/log_inprogress_0
2019-09-05 07:35:39,764 [Thread-258] INFO  impl.FollowerState (FollowerState.java:run(106)) - cbc4e215-9e19-470f-b262-a66375af609e:group-799C4DA6C7BC changes to CANDIDATE, lastRpcTime:5147, electionTimeout:5147ms
2019-09-05 07:35:39,764 [Thread-258] INFO  impl.RoleInfo (RoleInfo.java:shutdownFollowerState(121)) - cbc4e215-9e19-470f-b262-a66375af609e: shutdown FollowerState
2019-09-05 07:35:39,764 [Thread-258] INFO  impl.RaftServerImpl (RaftServerImpl.java:setRole(171)) - cbc4e215-9e19-470f-b262-a66375af609e:group-799C4DA6C7BC changes role from FOLLOWER to CANDIDATE at term 0 for changeToCandidate
2019-09-05 07:35:39,764 [Thread-258] INFO  impl.RoleInfo (RoleInfo.java:updateAndGet(143)) - cbc4e215-9e19-470f-b262-a66375af609e: start LeaderElection
2019-09-05 07:35:39,804 [cbc4e215-9e19-470f-b262-a66375af609e:group-799C4DA6C7BC:LeaderElection6] INFO  impl.LeaderElection (LeaderElection.java:askForVotes(181)) - cbc4e215-9e19-470f-b262-a66375af609e:group-799C4DA6C7BC:LeaderElection6: begin an election at term 1 for -1: [cbc4e215-9e19-470f-b262-a66375af609e:192.168.36.69:44389], old=null
2019-09-05 07:35:39,806 [cbc4e215-9e19-470f-b262-a66375af609e:group-799C4DA6C7BC:LeaderElection6] INFO  impl.RoleInfo (RoleInfo.java:shutdownLeaderElection(134)) - cbc4e215-9e19-470f-b262-a66375af609e: shutdown LeaderElection
2019-09-05 07:35:39,806 [cbc4e215-9e19-470f-b262-a66375af609e:group-799C4DA6C7BC:LeaderElection6] INFO  impl.RaftServerImpl (RaftServerImpl.java:setRole(171)) - cbc4e215-9e19-470f-b262-a66375af609e:group-799C4DA6C7BC changes role from CANDIDATE to LEADER at term 1 for changeToLeader
2019-09-05 07:35:39,806 [cbc4e215-9e19-470f-b262-a66375af609e:group-799C4DA6C7BC:LeaderElection6] INFO  impl.RaftServerImpl (ServerState.java:setLeader(263)) - cbc4e215-9e19-470f-b262-a66375af609e:group-799C4DA6C7BC change Leader from null to cbc4e215-9e19-470f-b262-a66375af609e at term 1 for becomeLeader, leader elected after 5194ms
2019-09-05 07:35:39,808 [cbc4e215-9e19-470f-b262-a66375af609e:group-799C4DA6C7BC:LeaderElection6] INFO  server.RaftServerConfigKeys (ConfUtils.java:logGet(43)) - raft.server.staging.catchup.gap = 1000 (default)
2019-09-05 07:35:39,808 [cbc4e215-9e19-470f-b262-a66375af609e:group-799C4DA6C7BC:LeaderElection6] INFO  server.RaftServerConfigKeys (ConfUtils.java:logGet(43)) - raft.server.rpc.sleep.time = 25ms (default)
2019-09-05 07:35:39,808 [cbc4e215-9e19-470f-b262-a66375af609e:group-799C4DA6C7BC:LeaderElection6] INFO  server.RaftServerConfigKeys (ConfUtils.java:logGet(43)) - raft.server.write.element-limit = 4096 (default)
2019-09-05 07:35:39,808 [cbc4e215-9e19-470f-b262-a66375af609e:group-799C4DA6C7BC:LeaderElection6] INFO  server.RaftServerConfigKeys (ConfUtils.java:logGet(43)) - raft.server.watch.timeout = 10s (default)
2019-09-05 07:35:39,809 [cbc4e215-9e19-470f-b262-a66375af609e:group-799C4DA6C7BC:LeaderElection6] INFO  server.RaftServerConfigKeys (ConfUtils.java:logGet(43)) - raft.server.watch.timeout.denomination = 1s (default)
2019-09-05 07:35:39,809 [cbc4e215-9e19-470f-b262-a66375af609e:group-799C4DA6C7BC:LeaderElection6] INFO  server.RaftServerConfigKeys (ConfUtils.java:logGet(43)) - raft.server.watch.element-limit = 65536 (default)
2019-09-05 07:35:39,809 [cbc4e215-9e19-470f-b262-a66375af609e:group-799C4DA6C7BC:LeaderElection6] INFO  impl.RoleInfo (RoleInfo.java:updateAndGet(143)) - cbc4e215-9e19-470f-b262-a66375af609e: start LeaderState
2019-09-05 07:35:39,809 [cbc4e215-9e19-470f-b262-a66375af609e:group-799C4DA6C7BC:LeaderElection6] INFO  segmented.SegmentedRaftLogWorker (SegmentedRaftLogWorker.java:startLogSegment(380)) - cbc4e215-9e19-470f-b262-a66375af609e-SegmentedRaftLogWorker:Storage Directory /workdir/hadoop-ozone/integration-test/target/test-dir/MiniOzoneClusterImpl-a91fc67d-f8c9-4dc9-8b91-6f02eb894b3b/datanode-5/data/ratis/d3d34444-4812-4613-80b0-799c4da6c7bc: Starting segment from index:0
2019-09-05 07:35:39,810 [cbc4e215-9e19-470f-b262-a66375af609e:group-799C4DA6C7BC:LeaderElection6] INFO  impl.RaftServerImpl (ServerState.java:setRaftConf(361)) - cbc4e215-9e19-470f-b262-a66375af609e:group-799C4DA6C7BC set configuration 0: [cbc4e215-9e19-470f-b262-a66375af609e:192.168.36.69:44389], old=null at 0
2019-09-05 07:35:39,868 [cbc4e215-9e19-470f-b262-a66375af609e-SegmentedRaftLogWorker:Storage Directory /workdir/hadoop-ozone/integration-test/target/test-dir/MiniOzoneClusterImpl-a91fc67d-f8c9-4dc9-8b91-6f02eb894b3b/datanode-5/data/ratis/d3d34444-4812-4613-80b0-799c4da6c7bc] INFO  segmented.SegmentedRaftLogWorker (SegmentedRaftLogWorker.java:execute(569)) - cbc4e215-9e19-470f-b262-a66375af609e-SegmentedRaftLogWorker:Storage Directory /workdir/hadoop-ozone/integration-test/target/test-dir/MiniOzoneClusterImpl-a91fc67d-f8c9-4dc9-8b91-6f02eb894b3b/datanode-5/data/ratis/d3d34444-4812-4613-80b0-799c4da6c7bc: created new log segment /workdir/hadoop-ozone/integration-test/target/test-dir/MiniOzoneClusterImpl-a91fc67d-f8c9-4dc9-8b91-6f02eb894b3b/datanode-5/data/ratis/d3d34444-4812-4613-80b0-799c4da6c7bc/current/log_inprogress_0
2019-09-05 07:35:39,874 [Thread-261] INFO  impl.FollowerState (FollowerState.java:run(106)) - 017b796d-3321-494b-8d8c-e766a57787fe:group-A0C604F43A5A changes to CANDIDATE, lastRpcTime:5144, electionTimeout:5144ms
2019-09-05 07:35:39,874 [Thread-261] INFO  impl.RoleInfo (RoleInfo.java:shutdownFollowerState(121)) - 017b796d-3321-494b-8d8c-e766a57787fe: shutdown FollowerState
2019-09-05 07:35:39,875 [Thread-261] INFO  impl.RaftServerImpl (RaftServerImpl.java:setRole(171)) - 017b796d-3321-494b-8d8c-e766a57787fe:group-A0C604F43A5A changes role from FOLLOWER to CANDIDATE at term 0 for changeToCandidate
2019-09-05 07:35:39,875 [Thread-261] INFO  impl.RoleInfo (RoleInfo.java:updateAndGet(143)) - 017b796d-3321-494b-8d8c-e766a57787fe: start LeaderElection
2019-09-05 07:35:39,892 [017b796d-3321-494b-8d8c-e766a57787fe:group-A0C604F43A5A:LeaderElection7] INFO  impl.LeaderElection (LeaderElection.java:askForVotes(181)) - 017b796d-3321-494b-8d8c-e766a57787fe:group-A0C604F43A5A:LeaderElection7: begin an election at term 1 for -1: [017b796d-3321-494b-8d8c-e766a57787fe:192.168.36.69:40416], old=null
2019-09-05 07:35:39,894 [017b796d-3321-494b-8d8c-e766a57787fe:group-A0C604F43A5A:LeaderElection7] INFO  impl.RoleInfo (RoleInfo.java:shutdownLeaderElection(134)) - 017b796d-3321-494b-8d8c-e766a57787fe: shutdown LeaderElection
2019-09-05 07:35:39,894 [017b796d-3321-494b-8d8c-e766a57787fe:group-A0C604F43A5A:LeaderElection7] INFO  impl.RaftServerImpl (RaftServerImpl.java:setRole(171)) - 017b796d-3321-494b-8d8c-e766a57787fe:group-A0C604F43A5A changes role from CANDIDATE to LEADER at term 1 for changeToLeader
2019-09-05 07:35:39,894 [017b796d-3321-494b-8d8c-e766a57787fe:group-A0C604F43A5A:LeaderElection7] INFO  impl.RaftServerImpl (ServerState.java:setLeader(263)) - 017b796d-3321-494b-8d8c-e766a57787fe:group-A0C604F43A5A change Leader from null to 017b796d-3321-494b-8d8c-e766a57787fe at term 1 for becomeLeader, leader elected after 5170ms
2019-09-05 07:35:39,895 [017b796d-3321-494b-8d8c-e766a57787fe:group-A0C604F43A5A:LeaderElection7] INFO  server.RaftServerConfigKeys (ConfUtils.java:logGet(43)) - raft.server.staging.catchup.gap = 1000 (default)
2019-09-05 07:35:39,895 [017b796d-3321-494b-8d8c-e766a57787fe:group-A0C604F43A5A:LeaderElection7] INFO  server.RaftServerConfigKeys (ConfUtils.java:logGet(43)) - raft.server.rpc.sleep.time = 25ms (default)
2019-09-05 07:35:39,896 [017b796d-3321-494b-8d8c-e766a57787fe:group-A0C604F43A5A:LeaderElection7] INFO  server.RaftServerConfigKeys (ConfUtils.java:logGet(43)) - raft.server.write.element-limit = 4096 (default)
2019-09-05 07:35:39,896 [017b796d-3321-494b-8d8c-e766a57787fe:group-A0C604F43A5A:LeaderElection7] INFO  server.RaftServerConfigKeys (ConfUtils.java:logGet(43)) - raft.server.watch.timeout = 10s (default)
2019-09-05 07:35:39,896 [017b796d-3321-494b-8d8c-e766a57787fe:group-A0C604F43A5A:LeaderElection7] INFO  server.RaftServerConfigKeys (ConfUtils.java:logGet(43)) - raft.server.watch.timeout.denomination = 1s (default)
2019-09-05 07:35:39,896 [017b796d-3321-494b-8d8c-e766a57787fe:group-A0C604F43A5A:LeaderElection7] INFO  server.RaftServerConfigKeys (ConfUtils.java:logGet(43)) - raft.server.watch.element-limit = 65536 (default)
2019-09-05 07:35:39,896 [017b796d-3321-494b-8d8c-e766a57787fe:group-A0C604F43A5A:LeaderElection7] INFO  impl.RoleInfo (RoleInfo.java:updateAndGet(143)) - 017b796d-3321-494b-8d8c-e766a57787fe: start LeaderState
2019-09-05 07:35:39,896 [017b796d-3321-494b-8d8c-e766a57787fe:group-A0C604F43A5A:LeaderElection7] INFO  segmented.SegmentedRaftLogWorker (SegmentedRaftLogWorker.java:startLogSegment(380)) - 017b796d-3321-494b-8d8c-e766a57787fe-SegmentedRaftLogWorker:Storage Directory /workdir/hadoop-ozone/integration-test/target/test-dir/MiniOzoneClusterImpl-a91fc67d-f8c9-4dc9-8b91-6f02eb894b3b/datanode-6/data/ratis/82af3f85-600b-4266-a430-a0c604f43a5a: Starting segment from index:0
2019-09-05 07:35:39,897 [017b796d-3321-494b-8d8c-e766a57787fe:group-A0C604F43A5A:LeaderElection7] INFO  impl.RaftServerImpl (ServerState.java:setRaftConf(361)) - 017b796d-3321-494b-8d8c-e766a57787fe:group-A0C604F43A5A set configuration 0: [017b796d-3321-494b-8d8c-e766a57787fe:192.168.36.69:40416], old=null at 0
2019-09-05 07:35:39,938 | INFO  | SCMAudit | user=jenkins1000 | ip=192.168.36.69 | op=SEND_HEARTBEAT {datanodeUUID=5822af17-ba6a-443c-803e-51bf9a574bd0, command=[]} | ret=SUCCESS |  
2019-09-05 07:35:39,956 [017b796d-3321-494b-8d8c-e766a57787fe-SegmentedRaftLogWorker:Storage Directory /workdir/hadoop-ozone/integration-test/target/test-dir/MiniOzoneClusterImpl-a91fc67d-f8c9-4dc9-8b91-6f02eb894b3b/datanode-6/data/ratis/82af3f85-600b-4266-a430-a0c604f43a5a] INFO  segmented.SegmentedRaftLogWorker (SegmentedRaftLogWorker.java:execute(569)) - 017b796d-3321-494b-8d8c-e766a57787fe-SegmentedRaftLogWorker:Storage Directory /workdir/hadoop-ozone/integration-test/target/test-dir/MiniOzoneClusterImpl-a91fc67d-f8c9-4dc9-8b91-6f02eb894b3b/datanode-6/data/ratis/82af3f85-600b-4266-a430-a0c604f43a5a: created new log segment /workdir/hadoop-ozone/integration-test/target/test-dir/MiniOzoneClusterImpl-a91fc67d-f8c9-4dc9-8b91-6f02eb894b3b/datanode-6/data/ratis/82af3f85-600b-4266-a430-a0c604f43a5a/current/log_inprogress_0
2019-09-05 07:35:39,976 | INFO  | SCMAudit | user=jenkins1000 | ip=192.168.36.69 | op=SEND_HEARTBEAT {datanodeUUID=7a080ec0-19ca-4af1-b3b9-6aaba7a45b53, command=[]} | ret=SUCCESS |  
2019-09-05 07:35:39,979 [Thread-264] INFO  impl.FollowerState (FollowerState.java:run(106)) - d8846d25-1678-4df1-8bff-f38eb3492905:group-C92E3FDB7DCF changes to CANDIDATE, lastRpcTime:5065, electionTimeout:5065ms
2019-09-05 07:35:39,979 [Thread-264] INFO  impl.RoleInfo (RoleInfo.java:shutdownFollowerState(121)) - d8846d25-1678-4df1-8bff-f38eb3492905: shutdown FollowerState
2019-09-05 07:35:39,980 [Thread-264] INFO  impl.RaftServerImpl (RaftServerImpl.java:setRole(171)) - d8846d25-1678-4df1-8bff-f38eb3492905:group-C92E3FDB7DCF changes role from FOLLOWER to CANDIDATE at term 0 for changeToCandidate
2019-09-05 07:35:39,980 [Thread-264] INFO  impl.RoleInfo (RoleInfo.java:updateAndGet(143)) - d8846d25-1678-4df1-8bff-f38eb3492905: start LeaderElection
2019-09-05 07:35:39,987 [Thread-267] INFO  impl.FollowerState (FollowerState.java:run(106)) - 618caef6-a8cd-4e5c-bc39-325bb83fc273:group-C92E3FDB7DCF changes to CANDIDATE, lastRpcTime:5071, electionTimeout:5071ms
2019-09-05 07:35:39,988 [Thread-267] INFO  impl.RoleInfo (RoleInfo.java:shutdownFollowerState(121)) - 618caef6-a8cd-4e5c-bc39-325bb83fc273: shutdown FollowerState
2019-09-05 07:35:39,989 [Thread-267] INFO  impl.RaftServerImpl (RaftServerImpl.java:setRole(171)) - 618caef6-a8cd-4e5c-bc39-325bb83fc273:group-C92E3FDB7DCF changes role from FOLLOWER to CANDIDATE at term 0 for changeToCandidate
2019-09-05 07:35:39,989 [Thread-267] INFO  impl.RoleInfo (RoleInfo.java:updateAndGet(143)) - 618caef6-a8cd-4e5c-bc39-325bb83fc273: start LeaderElection
2019-09-05 07:35:40,016 [Thread-270] INFO  impl.FollowerState (FollowerState.java:run(106)) - 5822af17-ba6a-443c-803e-51bf9a574bd0:group-C92E3FDB7DCF changes to CANDIDATE, lastRpcTime:5100, electionTimeout:5100ms
2019-09-05 07:35:40,017 [Thread-270] INFO  impl.RoleInfo (RoleInfo.java:shutdownFollowerState(121)) - 5822af17-ba6a-443c-803e-51bf9a574bd0: shutdown FollowerState
2019-09-05 07:35:40,017 [Thread-270] INFO  impl.RaftServerImpl (RaftServerImpl.java:setRole(171)) - 5822af17-ba6a-443c-803e-51bf9a574bd0:group-C92E3FDB7DCF changes role from FOLLOWER to CANDIDATE at term 0 for changeToCandidate
2019-09-05 07:35:40,017 [Thread-270] INFO  impl.RoleInfo (RoleInfo.java:updateAndGet(143)) - 5822af17-ba6a-443c-803e-51bf9a574bd0: start LeaderElection
2019-09-05 07:35:40,066 [618caef6-a8cd-4e5c-bc39-325bb83fc273:group-C92E3FDB7DCF:LeaderElection9] INFO  impl.LeaderElection (LeaderElection.java:askForVotes(181)) - 618caef6-a8cd-4e5c-bc39-325bb83fc273:group-C92E3FDB7DCF:LeaderElection9: begin an election at term 1 for -1: [618caef6-a8cd-4e5c-bc39-325bb83fc273:192.168.36.69:42795, 5822af17-ba6a-443c-803e-51bf9a574bd0:192.168.36.69:45253, d8846d25-1678-4df1-8bff-f38eb3492905:192.168.36.69:44539], old=null
2019-09-05 07:35:40,066 [d8846d25-1678-4df1-8bff-f38eb3492905:group-C92E3FDB7DCF:LeaderElection8] INFO  impl.LeaderElection (LeaderElection.java:askForVotes(181)) - d8846d25-1678-4df1-8bff-f38eb3492905:group-C92E3FDB7DCF:LeaderElection8: begin an election at term 1 for -1: [618caef6-a8cd-4e5c-bc39-325bb83fc273:192.168.36.69:42795, 5822af17-ba6a-443c-803e-51bf9a574bd0:192.168.36.69:45253, d8846d25-1678-4df1-8bff-f38eb3492905:192.168.36.69:44539], old=null
2019-09-05 07:35:40,066 [5822af17-ba6a-443c-803e-51bf9a574bd0:group-C92E3FDB7DCF:LeaderElection10] INFO  impl.LeaderElection (LeaderElection.java:askForVotes(181)) - 5822af17-ba6a-443c-803e-51bf9a574bd0:group-C92E3FDB7DCF:LeaderElection10: begin an election at term 1 for -1: [618caef6-a8cd-4e5c-bc39-325bb83fc273:192.168.36.69:42795, 5822af17-ba6a-443c-803e-51bf9a574bd0:192.168.36.69:45253, d8846d25-1678-4df1-8bff-f38eb3492905:192.168.36.69:44539], old=null
2019-09-05 07:35:40,136 [5822af17-ba6a-443c-803e-51bf9a574bd0:group-C92E3FDB7DCF:LeaderElection10] INFO  impl.LeaderElection (LeaderElection.java:logAndReturn(56)) - 5822af17-ba6a-443c-803e-51bf9a574bd0:group-C92E3FDB7DCF:LeaderElection10: Election REJECTED; received 2 response(s) [5822af17-ba6a-443c-803e-51bf9a574bd0<-618caef6-a8cd-4e5c-bc39-325bb83fc273#0:FAIL-t1, 5822af17-ba6a-443c-803e-51bf9a574bd0<-d8846d25-1678-4df1-8bff-f38eb3492905#0:FAIL-t1] and 0 exception(s); 5822af17-ba6a-443c-803e-51bf9a574bd0:t1, leader=null, voted=5822af17-ba6a-443c-803e-51bf9a574bd0, raftlog=5822af17-ba6a-443c-803e-51bf9a574bd0-SegmentedRaftLog:OPENED:c-1,f-1,i0, conf=-1: [618caef6-a8cd-4e5c-bc39-325bb83fc273:192.168.36.69:42795, 5822af17-ba6a-443c-803e-51bf9a574bd0:192.168.36.69:45253, d8846d25-1678-4df1-8bff-f38eb3492905:192.168.36.69:44539], old=null
2019-09-05 07:35:40,136 [d8846d25-1678-4df1-8bff-f38eb3492905:group-C92E3FDB7DCF:LeaderElection8] INFO  impl.LeaderElection (LeaderElection.java:logAndReturn(56)) - d8846d25-1678-4df1-8bff-f38eb3492905:group-C92E3FDB7DCF:LeaderElection8: Election REJECTED; received 2 response(s) [d8846d25-1678-4df1-8bff-f38eb3492905<-618caef6-a8cd-4e5c-bc39-325bb83fc273#0:FAIL-t1, d8846d25-1678-4df1-8bff-f38eb3492905<-5822af17-ba6a-443c-803e-51bf9a574bd0#0:FAIL-t1] and 0 exception(s); d8846d25-1678-4df1-8bff-f38eb3492905:t1, leader=null, voted=d8846d25-1678-4df1-8bff-f38eb3492905, raftlog=d8846d25-1678-4df1-8bff-f38eb3492905-SegmentedRaftLog:OPENED:c-1,f-1,i0, conf=-1: [618caef6-a8cd-4e5c-bc39-325bb83fc273:192.168.36.69:42795, 5822af17-ba6a-443c-803e-51bf9a574bd0:192.168.36.69:45253, d8846d25-1678-4df1-8bff-f38eb3492905:192.168.36.69:44539], old=null
2019-09-05 07:35:40,136 [618caef6-a8cd-4e5c-bc39-325bb83fc273:group-C92E3FDB7DCF:LeaderElection9] INFO  impl.LeaderElection (LeaderElection.java:logAndReturn(56)) - 618caef6-a8cd-4e5c-bc39-325bb83fc273:group-C92E3FDB7DCF:LeaderElection9: Election REJECTED; received 2 response(s) [618caef6-a8cd-4e5c-bc39-325bb83fc273<-5822af17-ba6a-443c-803e-51bf9a574bd0#0:FAIL-t1, 618caef6-a8cd-4e5c-bc39-325bb83fc273<-d8846d25-1678-4df1-8bff-f38eb3492905#0:FAIL-t1] and 0 exception(s); 618caef6-a8cd-4e5c-bc39-325bb83fc273:t1, leader=null, voted=618caef6-a8cd-4e5c-bc39-325bb83fc273, raftlog=618caef6-a8cd-4e5c-bc39-325bb83fc273-SegmentedRaftLog:OPENED:c-1,f-1,i0, conf=-1: [618caef6-a8cd-4e5c-bc39-325bb83fc273:192.168.36.69:42795, 5822af17-ba6a-443c-803e-51bf9a574bd0:192.168.36.69:45253, d8846d25-1678-4df1-8bff-f38eb3492905:192.168.36.69:44539], old=null
2019-09-05 07:35:40,141 [5822af17-ba6a-443c-803e-51bf9a574bd0:group-C92E3FDB7DCF:LeaderElection10] INFO  impl.RaftServerImpl (RaftServerImpl.java:setRole(171)) - 5822af17-ba6a-443c-803e-51bf9a574bd0:group-C92E3FDB7DCF changes role from CANDIDATE to FOLLOWER at term 1 for DISCOVERED_A_NEW_TERM
2019-09-05 07:35:40,149 [d8846d25-1678-4df1-8bff-f38eb3492905:group-C92E3FDB7DCF:LeaderElection8] INFO  impl.RaftServerImpl (RaftServerImpl.java:setRole(171)) - d8846d25-1678-4df1-8bff-f38eb3492905:group-C92E3FDB7DCF changes role from CANDIDATE to FOLLOWER at term 1 for DISCOVERED_A_NEW_TERM
2019-09-05 07:35:40,151 [Thread-277] INFO  impl.FollowerState (FollowerState.java:run(106)) - 7a080ec0-19ca-4af1-b3b9-6aaba7a45b53:group-275862EAF019 changes to CANDIDATE, lastRpcTime:5044, electionTimeout:5040ms
2019-09-05 07:35:40,151 [5822af17-ba6a-443c-803e-51bf9a574bd0:group-C92E3FDB7DCF:LeaderElection10] INFO  impl.RoleInfo (RoleInfo.java:shutdownLeaderElection(134)) - 5822af17-ba6a-443c-803e-51bf9a574bd0: shutdown LeaderElection
2019-09-05 07:35:40,147 [618caef6-a8cd-4e5c-bc39-325bb83fc273:group-C92E3FDB7DCF:LeaderElection9] INFO  impl.RaftServerImpl (RaftServerImpl.java:setRole(171)) - 618caef6-a8cd-4e5c-bc39-325bb83fc273:group-C92E3FDB7DCF changes role from CANDIDATE to FOLLOWER at term 1 for DISCOVERED_A_NEW_TERM
2019-09-05 07:35:40,151 [Thread-277] INFO  impl.RoleInfo (RoleInfo.java:shutdownFollowerState(121)) - 7a080ec0-19ca-4af1-b3b9-6aaba7a45b53: shutdown FollowerState
2019-09-05 07:35:40,151 [d8846d25-1678-4df1-8bff-f38eb3492905:group-C92E3FDB7DCF:LeaderElection8] INFO  impl.RoleInfo (RoleInfo.java:shutdownLeaderElection(134)) - d8846d25-1678-4df1-8bff-f38eb3492905: shutdown LeaderElection
2019-09-05 07:35:40,151 [Thread-277] INFO  impl.RaftServerImpl (RaftServerImpl.java:setRole(171)) - 7a080ec0-19ca-4af1-b3b9-6aaba7a45b53:group-275862EAF019 changes role from FOLLOWER to CANDIDATE at term 0 for changeToCandidate
2019-09-05 07:35:40,151 [5822af17-ba6a-443c-803e-51bf9a574bd0:group-C92E3FDB7DCF:LeaderElection10] INFO  impl.RoleInfo (RoleInfo.java:updateAndGet(143)) - 5822af17-ba6a-443c-803e-51bf9a574bd0: start FollowerState
2019-09-05 07:35:40,151 [Thread-277] INFO  impl.RoleInfo (RoleInfo.java:updateAndGet(143)) - 7a080ec0-19ca-4af1-b3b9-6aaba7a45b53: start LeaderElection
2019-09-05 07:35:40,151 [618caef6-a8cd-4e5c-bc39-325bb83fc273:group-C92E3FDB7DCF:LeaderElection9] INFO  impl.RoleInfo (RoleInfo.java:shutdownLeaderElection(134)) - 618caef6-a8cd-4e5c-bc39-325bb83fc273: shutdown LeaderElection
2019-09-05 07:35:40,151 [d8846d25-1678-4df1-8bff-f38eb3492905:group-C92E3FDB7DCF:LeaderElection8] INFO  impl.RoleInfo (RoleInfo.java:updateAndGet(143)) - d8846d25-1678-4df1-8bff-f38eb3492905: start FollowerState
2019-09-05 07:35:40,155 [618caef6-a8cd-4e5c-bc39-325bb83fc273:group-C92E3FDB7DCF:LeaderElection9] INFO  impl.RoleInfo (RoleInfo.java:updateAndGet(143)) - 618caef6-a8cd-4e5c-bc39-325bb83fc273: start FollowerState
2019-09-05 07:35:40,171 [7a080ec0-19ca-4af1-b3b9-6aaba7a45b53:group-275862EAF019:LeaderElection11] INFO  impl.LeaderElection (LeaderElection.java:askForVotes(181)) - 7a080ec0-19ca-4af1-b3b9-6aaba7a45b53:group-275862EAF019:LeaderElection11: begin an election at term 1 for -1: [216f763b-3e68-44a6-8a6b-4b7681664146:192.168.36.69:46568, 7a080ec0-19ca-4af1-b3b9-6aaba7a45b53:192.168.36.69:43350, cbc4e215-9e19-470f-b262-a66375af609e:192.168.36.69:44389], old=null
2019-09-05 07:35:40,185 [grpc-default-executor-5] INFO  impl.RaftServerImpl (RaftServerImpl.java:setRole(171)) - 216f763b-3e68-44a6-8a6b-4b7681664146:group-275862EAF019 changes role from FOLLOWER to FOLLOWER at term 1 for recognizeCandidate:7a080ec0-19ca-4af1-b3b9-6aaba7a45b53
2019-09-05 07:35:40,185 [grpc-default-executor-5] INFO  impl.RoleInfo (RoleInfo.java:shutdownFollowerState(121)) - 216f763b-3e68-44a6-8a6b-4b7681664146: shutdown FollowerState
2019-09-05 07:35:40,185 [grpc-default-executor-0] INFO  impl.RaftServerImpl (RaftServerImpl.java:setRole(171)) - cbc4e215-9e19-470f-b262-a66375af609e:group-275862EAF019 changes role from FOLLOWER to FOLLOWER at term 1 for recognizeCandidate:7a080ec0-19ca-4af1-b3b9-6aaba7a45b53
2019-09-05 07:35:40,185 [grpc-default-executor-5] INFO  impl.RoleInfo (RoleInfo.java:updateAndGet(143)) - 216f763b-3e68-44a6-8a6b-4b7681664146: start FollowerState
2019-09-05 07:35:40,185 [Thread-274] INFO  impl.FollowerState (FollowerState.java:run(114)) - 216f763b-3e68-44a6-8a6b-4b7681664146: FollowerState was interrupted: java.lang.InterruptedException: sleep interrupted
2019-09-05 07:35:40,185 [grpc-default-executor-0] INFO  impl.RoleInfo (RoleInfo.java:shutdownFollowerState(121)) - cbc4e215-9e19-470f-b262-a66375af609e: shutdown FollowerState
2019-09-05 07:35:40,187 [Thread-279] INFO  impl.FollowerState (FollowerState.java:run(114)) - cbc4e215-9e19-470f-b262-a66375af609e: FollowerState was interrupted: java.lang.InterruptedException: sleep interrupted
2019-09-05 07:35:40,187 [grpc-default-executor-0] INFO  impl.RoleInfo (RoleInfo.java:updateAndGet(143)) - cbc4e215-9e19-470f-b262-a66375af609e: start FollowerState
2019-09-05 07:35:40,224 | INFO  | SCMAudit | user=jenkins1000 | ip=192.168.36.69 | op=SEND_HEARTBEAT {datanodeUUID=618caef6-a8cd-4e5c-bc39-325bb83fc273, command=[]} | ret=SUCCESS |  
2019-09-05 07:35:40,238 | INFO  | SCMAudit | user=jenkins1000 | ip=192.168.36.69 | op=SEND_HEARTBEAT {datanodeUUID=cbc4e215-9e19-470f-b262-a66375af609e, command=[]} | ret=SUCCESS |  
2019-09-05 07:35:40,251 [7a080ec0-19ca-4af1-b3b9-6aaba7a45b53:group-275862EAF019:LeaderElection11] INFO  impl.LeaderElection (LeaderElection.java:logAndReturn(56)) - 7a080ec0-19ca-4af1-b3b9-6aaba7a45b53:group-275862EAF019:LeaderElection11: Election PASSED; received 1 response(s) [7a080ec0-19ca-4af1-b3b9-6aaba7a45b53<-216f763b-3e68-44a6-8a6b-4b7681664146#0:OK-t1] and 0 exception(s); 7a080ec0-19ca-4af1-b3b9-6aaba7a45b53:t1, leader=null, voted=7a080ec0-19ca-4af1-b3b9-6aaba7a45b53, raftlog=7a080ec0-19ca-4af1-b3b9-6aaba7a45b53-SegmentedRaftLog:OPENED:c-1,f-1,i0, conf=-1: [216f763b-3e68-44a6-8a6b-4b7681664146:192.168.36.69:46568, 7a080ec0-19ca-4af1-b3b9-6aaba7a45b53:192.168.36.69:43350, cbc4e215-9e19-470f-b262-a66375af609e:192.168.36.69:44389], old=null
2019-09-05 07:35:40,251 [7a080ec0-19ca-4af1-b3b9-6aaba7a45b53:group-275862EAF019:LeaderElection11] INFO  impl.RoleInfo (RoleInfo.java:shutdownLeaderElection(134)) - 7a080ec0-19ca-4af1-b3b9-6aaba7a45b53: shutdown LeaderElection
2019-09-05 07:35:40,254 [7a080ec0-19ca-4af1-b3b9-6aaba7a45b53:group-275862EAF019:LeaderElection11] INFO  impl.RaftServerImpl (RaftServerImpl.java:setRole(171)) - 7a080ec0-19ca-4af1-b3b9-6aaba7a45b53:group-275862EAF019 changes role from CANDIDATE to LEADER at term 1 for changeToLeader
2019-09-05 07:35:40,254 [7a080ec0-19ca-4af1-b3b9-6aaba7a45b53:group-275862EAF019:LeaderElection11] INFO  impl.RaftServerImpl (ServerState.java:setLeader(263)) - 7a080ec0-19ca-4af1-b3b9-6aaba7a45b53:group-275862EAF019 change Leader from null to 7a080ec0-19ca-4af1-b3b9-6aaba7a45b53 at term 1 for becomeLeader, leader elected after 5162ms
2019-09-05 07:35:40,254 [7a080ec0-19ca-4af1-b3b9-6aaba7a45b53:group-275862EAF019:LeaderElection11] INFO  server.RaftServerConfigKeys (ConfUtils.java:logGet(43)) - raft.server.staging.catchup.gap = 1000 (default)
2019-09-05 07:35:40,254 [7a080ec0-19ca-4af1-b3b9-6aaba7a45b53:group-275862EAF019:LeaderElection11] INFO  server.RaftServerConfigKeys (ConfUtils.java:logGet(43)) - raft.server.rpc.sleep.time = 25ms (default)
2019-09-05 07:35:40,255 [7a080ec0-19ca-4af1-b3b9-6aaba7a45b53:group-275862EAF019:LeaderElection11] INFO  server.RaftServerConfigKeys (ConfUtils.java:logGet(43)) - raft.server.write.element-limit = 4096 (default)
2019-09-05 07:35:40,255 [7a080ec0-19ca-4af1-b3b9-6aaba7a45b53:group-275862EAF019:LeaderElection11] INFO  server.RaftServerConfigKeys (ConfUtils.java:logGet(43)) - raft.server.watch.timeout = 10s (default)
2019-09-05 07:35:40,255 [7a080ec0-19ca-4af1-b3b9-6aaba7a45b53:group-275862EAF019:LeaderElection11] INFO  server.RaftServerConfigKeys (ConfUtils.java:logGet(43)) - raft.server.watch.timeout.denomination = 1s (default)
2019-09-05 07:35:40,255 [7a080ec0-19ca-4af1-b3b9-6aaba7a45b53:group-275862EAF019:LeaderElection11] INFO  server.RaftServerConfigKeys (ConfUtils.java:logGet(43)) - raft.server.watch.element-limit = 65536 (default)
2019-09-05 07:35:40,257 [7a080ec0-19ca-4af1-b3b9-6aaba7a45b53:group-275862EAF019:LeaderElection11] INFO  server.RaftServerConfigKeys (ConfUtils.java:logGet(43)) - raft.server.log.appender.snapshot.chunk.size.max = 16MB (=16777216) (default)
2019-09-05 07:35:40,258 [7a080ec0-19ca-4af1-b3b9-6aaba7a45b53:group-275862EAF019:LeaderElection11] INFO  server.RaftServerConfigKeys (ConfUtils.java:logGet(43)) - raft.server.log.appender.buffer.byte-limit = 33554432 (custom)
2019-09-05 07:35:40,258 [7a080ec0-19ca-4af1-b3b9-6aaba7a45b53:group-275862EAF019:LeaderElection11] INFO  server.RaftServerConfigKeys (ConfUtils.java:logGet(43)) - raft.server.log.appender.buffer.element-limit = 1 (custom)
2019-09-05 07:35:40,261 [7a080ec0-19ca-4af1-b3b9-6aaba7a45b53:group-275862EAF019:LeaderElection11] INFO  grpc.GrpcConfigKeys$Server (ConfUtils.java:logGet(43)) - raft.grpc.server.leader.outstanding.appends.max = 128 (default)
2019-09-05 07:35:40,262 [7a080ec0-19ca-4af1-b3b9-6aaba7a45b53:group-275862EAF019:LeaderElection11] INFO  server.RaftServerConfigKeys (ConfUtils.java:logGet(43)) - raft.server.rpc.request.timeout = 3000ms (default)
2019-09-05 07:35:40,262 [7a080ec0-19ca-4af1-b3b9-6aaba7a45b53:group-275862EAF019:LeaderElection11] INFO  server.RaftServerConfigKeys (ConfUtils.java:logGet(43)) - raft.server.log.appender.install.snapshot.enabled = false (custom)
2019-09-05 07:35:40,262 [7a080ec0-19ca-4af1-b3b9-6aaba7a45b53:group-275862EAF019:LeaderElection11] INFO  server.RaftServerConfigKeys (ConfUtils.java:logGet(43)) - raft.server.log.appender.snapshot.chunk.size.max = 16MB (=16777216) (default)
2019-09-05 07:35:40,263 [7a080ec0-19ca-4af1-b3b9-6aaba7a45b53:group-275862EAF019:LeaderElection11] INFO  server.RaftServerConfigKeys (ConfUtils.java:logGet(43)) - raft.server.log.appender.buffer.byte-limit = 33554432 (custom)
2019-09-05 07:35:40,263 [7a080ec0-19ca-4af1-b3b9-6aaba7a45b53:group-275862EAF019:LeaderElection11] INFO  server.RaftServerConfigKeys (ConfUtils.java:logGet(43)) - raft.server.log.appender.buffer.element-limit = 1 (custom)
2019-09-05 07:35:40,263 [7a080ec0-19ca-4af1-b3b9-6aaba7a45b53:group-275862EAF019:LeaderElection11] INFO  grpc.GrpcConfigKeys$Server (ConfUtils.java:logGet(43)) - raft.grpc.server.leader.outstanding.appends.max = 128 (default)
2019-09-05 07:35:40,263 [7a080ec0-19ca-4af1-b3b9-6aaba7a45b53:group-275862EAF019:LeaderElection11] INFO  server.RaftServerConfigKeys (ConfUtils.java:logGet(43)) - raft.server.rpc.request.timeout = 3000ms (default)
2019-09-05 07:35:40,263 [7a080ec0-19ca-4af1-b3b9-6aaba7a45b53:group-275862EAF019:LeaderElection11] INFO  server.RaftServerConfigKeys (ConfUtils.java:logGet(43)) - raft.server.log.appender.install.snapshot.enabled = false (custom)
2019-09-05 07:35:40,264 [7a080ec0-19ca-4af1-b3b9-6aaba7a45b53:group-275862EAF019:LeaderElection11] INFO  impl.RoleInfo (RoleInfo.java:updateAndGet(143)) - 7a080ec0-19ca-4af1-b3b9-6aaba7a45b53: start LeaderState
2019-09-05 07:35:40,265 [7a080ec0-19ca-4af1-b3b9-6aaba7a45b53:group-275862EAF019:LeaderElection11] INFO  segmented.SegmentedRaftLogWorker (SegmentedRaftLogWorker.java:startLogSegment(380)) - 7a080ec0-19ca-4af1-b3b9-6aaba7a45b53-SegmentedRaftLogWorker:Storage Directory /workdir/hadoop-ozone/integration-test/target/test-dir/MiniOzoneClusterImpl-a91fc67d-f8c9-4dc9-8b91-6f02eb894b3b/datanode-0/data/ratis/914be1f7-a49a-4d55-96c7-275862eaf019: Starting segment from index:0
2019-09-05 07:35:40,266 [7a080ec0-19ca-4af1-b3b9-6aaba7a45b53:group-275862EAF019:LeaderElection11] INFO  impl.RaftServerImpl (ServerState.java:setRaftConf(361)) - 7a080ec0-19ca-4af1-b3b9-6aaba7a45b53:group-275862EAF019 set configuration 0: [216f763b-3e68-44a6-8a6b-4b7681664146:192.168.36.69:46568, 7a080ec0-19ca-4af1-b3b9-6aaba7a45b53:192.168.36.69:43350, cbc4e215-9e19-470f-b262-a66375af609e:192.168.36.69:44389], old=null at 0
2019-09-05 07:35:40,310 [grpc-default-executor-5] INFO  impl.RaftServerImpl (ServerState.java:setLeader(263)) - cbc4e215-9e19-470f-b262-a66375af609e:group-275862EAF019 change Leader from null to 7a080ec0-19ca-4af1-b3b9-6aaba7a45b53 at term 1 for appendEntries, leader elected after 5219ms
2019-09-05 07:35:40,310 [grpc-default-executor-0] INFO  impl.RaftServerImpl (ServerState.java:setLeader(263)) - 216f763b-3e68-44a6-8a6b-4b7681664146:group-275862EAF019 change Leader from null to 7a080ec0-19ca-4af1-b3b9-6aaba7a45b53 at term 1 for appendEntries, leader elected after 5219ms
2019-09-05 07:35:40,340 [grpc-default-executor-0] INFO  impl.RaftServerImpl (ServerState.java:setRaftConf(361)) - 216f763b-3e68-44a6-8a6b-4b7681664146:group-275862EAF019 set configuration 0: [216f763b-3e68-44a6-8a6b-4b7681664146:192.168.36.69:46568, 7a080ec0-19ca-4af1-b3b9-6aaba7a45b53:192.168.36.69:43350, cbc4e215-9e19-470f-b262-a66375af609e:192.168.36.69:44389], old=null at 0
2019-09-05 07:35:40,340 [grpc-default-executor-5] INFO  impl.RaftServerImpl (ServerState.java:setRaftConf(361)) - cbc4e215-9e19-470f-b262-a66375af609e:group-275862EAF019 set configuration 0: [216f763b-3e68-44a6-8a6b-4b7681664146:192.168.36.69:46568, 7a080ec0-19ca-4af1-b3b9-6aaba7a45b53:192.168.36.69:43350, cbc4e215-9e19-470f-b262-a66375af609e:192.168.36.69:44389], old=null at 0
2019-09-05 07:35:40,340 [grpc-default-executor-0] INFO  segmented.SegmentedRaftLogWorker (SegmentedRaftLogWorker.java:startLogSegment(380)) - 216f763b-3e68-44a6-8a6b-4b7681664146-SegmentedRaftLogWorker:Storage Directory /workdir/hadoop-ozone/integration-test/target/test-dir/MiniOzoneClusterImpl-a91fc67d-f8c9-4dc9-8b91-6f02eb894b3b/datanode-3/data/ratis/914be1f7-a49a-4d55-96c7-275862eaf019: Starting segment from index:0
2019-09-05 07:35:40,340 [grpc-default-executor-5] INFO  segmented.SegmentedRaftLogWorker (SegmentedRaftLogWorker.java:startLogSegment(380)) - cbc4e215-9e19-470f-b262-a66375af609e-SegmentedRaftLogWorker:Storage Directory /workdir/hadoop-ozone/integration-test/target/test-dir/MiniOzoneClusterImpl-a91fc67d-f8c9-4dc9-8b91-6f02eb894b3b/datanode-5/data/ratis/914be1f7-a49a-4d55-96c7-275862eaf019: Starting segment from index:0
2019-09-05 07:35:40,380 [7a080ec0-19ca-4af1-b3b9-6aaba7a45b53-SegmentedRaftLogWorker:Storage Directory /workdir/hadoop-ozone/integration-test/target/test-dir/MiniOzoneClusterImpl-a91fc67d-f8c9-4dc9-8b91-6f02eb894b3b/datanode-0/data/ratis/914be1f7-a49a-4d55-96c7-275862eaf019] INFO  segmented.SegmentedRaftLogWorker (SegmentedRaftLogWorker.java:execute(569)) - 7a080ec0-19ca-4af1-b3b9-6aaba7a45b53-SegmentedRaftLogWorker:Storage Directory /workdir/hadoop-ozone/integration-test/target/test-dir/MiniOzoneClusterImpl-a91fc67d-f8c9-4dc9-8b91-6f02eb894b3b/datanode-0/data/ratis/914be1f7-a49a-4d55-96c7-275862eaf019: created new log segment /workdir/hadoop-ozone/integration-test/target/test-dir/MiniOzoneClusterImpl-a91fc67d-f8c9-4dc9-8b91-6f02eb894b3b/datanode-0/data/ratis/914be1f7-a49a-4d55-96c7-275862eaf019/current/log_inprogress_0
2019-09-05 07:35:40,405 [216f763b-3e68-44a6-8a6b-4b7681664146-SegmentedRaftLogWorker:Storage Directory /workdir/hadoop-ozone/integration-test/target/test-dir/MiniOzoneClusterImpl-a91fc67d-f8c9-4dc9-8b91-6f02eb894b3b/datanode-3/data/ratis/914be1f7-a49a-4d55-96c7-275862eaf019] INFO  segmented.SegmentedRaftLogWorker (SegmentedRaftLogWorker.java:execute(569)) - 216f763b-3e68-44a6-8a6b-4b7681664146-SegmentedRaftLogWorker:Storage Directory /workdir/hadoop-ozone/integration-test/target/test-dir/MiniOzoneClusterImpl-a91fc67d-f8c9-4dc9-8b91-6f02eb894b3b/datanode-3/data/ratis/914be1f7-a49a-4d55-96c7-275862eaf019: created new log segment /workdir/hadoop-ozone/integration-test/target/test-dir/MiniOzoneClusterImpl-a91fc67d-f8c9-4dc9-8b91-6f02eb894b3b/datanode-3/data/ratis/914be1f7-a49a-4d55-96c7-275862eaf019/current/log_inprogress_0
2019-09-05 07:35:40,405 [cbc4e215-9e19-470f-b262-a66375af609e-SegmentedRaftLogWorker:Storage Directory /workdir/hadoop-ozone/integration-test/target/test-dir/MiniOzoneClusterImpl-a91fc67d-f8c9-4dc9-8b91-6f02eb894b3b/datanode-5/data/ratis/914be1f7-a49a-4d55-96c7-275862eaf019] INFO  segmented.SegmentedRaftLogWorker (SegmentedRaftLogWorker.java:execute(569)) - cbc4e215-9e19-470f-b262-a66375af609e-SegmentedRaftLogWorker:Storage Directory /workdir/hadoop-ozone/integration-test/target/test-dir/MiniOzoneClusterImpl-a91fc67d-f8c9-4dc9-8b91-6f02eb894b3b/datanode-5/data/ratis/914be1f7-a49a-4d55-96c7-275862eaf019: created new log segment /workdir/hadoop-ozone/integration-test/target/test-dir/MiniOzoneClusterImpl-a91fc67d-f8c9-4dc9-8b91-6f02eb894b3b/datanode-5/data/ratis/914be1f7-a49a-4d55-96c7-275862eaf019/current/log_inprogress_0
2019-09-05 07:35:40,454 | INFO  | SCMAudit | user=jenkins1000 | ip=192.168.36.69 | op=SEND_HEARTBEAT {datanodeUUID=017b796d-3321-494b-8d8c-e766a57787fe, command=[]} | ret=SUCCESS |  
2019-09-05 07:35:40,690 | INFO  | SCMAudit | user=jenkins1000 | ip=192.168.36.69 | op=SEND_HEARTBEAT {datanodeUUID=216f763b-3e68-44a6-8a6b-4b7681664146, command=[]} | ret=SUCCESS |  
2019-09-05 07:35:40,692 | INFO  | SCMAudit | user=jenkins1000 | ip=192.168.36.69 | op=SEND_HEARTBEAT {datanodeUUID=d8846d25-1678-4df1-8bff-f38eb3492905, command=[]} | ret=SUCCESS |  
2019-09-05 07:35:40,832 | INFO  | SCMAudit | user=jenkins1000 | ip=192.168.36.69 | op=SEND_HEARTBEAT {datanodeUUID=cbc4e215-9e19-470f-b262-a66375af609e, command=[]} | ret=SUCCESS |  
2019-09-05 07:35:40,832 | INFO  | SCMAudit | user=jenkins1000 | ip=192.168.36.69 | op=SEND_HEARTBEAT {datanodeUUID=7a080ec0-19ca-4af1-b3b9-6aaba7a45b53, command=[]} | ret=SUCCESS |  
2019-09-05 07:35:40,832 | INFO  | SCMAudit | user=jenkins1000 | ip=192.168.36.69 | op=SEND_HEARTBEAT {datanodeUUID=216f763b-3e68-44a6-8a6b-4b7681664146, command=[]} | ret=SUCCESS |  
2019-09-05 07:35:40,849 | INFO  | DNAudit | user=null | ip=null | op=WRITE_CHUNK {blockData=conID: 1 locID: 102738751333924865 bcsId: 0} | ret=SUCCESS |  
2019-09-05 07:35:40,849 | INFO  | DNAudit | user=null | ip=null | op=WRITE_CHUNK {blockData=conID: 1 locID: 102738751333924865 bcsId: 0} | ret=SUCCESS |  
2019-09-05 07:35:40,849 | INFO  | DNAudit | user=null | ip=null | op=WRITE_CHUNK {blockData=conID: 1 locID: 102738751333924865 bcsId: 0} | ret=SUCCESS |  
2019-09-05 07:35:40,874 | INFO  | DNAudit | user=null | ip=null | op=WRITE_CHUNK {blockData=conID: 1 locID: 102738751333924865 bcsId: 0} | ret=SUCCESS |  
2019-09-05 07:35:40,886 [grpc-default-executor-0] INFO  client.GrpcClientProtocolClient (GrpcClientProtocolClient.java:onNext(255)) - client-B40F40CC564F->7a080ec0-19ca-4af1-b3b9-6aaba7a45b53: receive RaftClientReply:client-B40F40CC564F->7a080ec0-19ca-4af1-b3b9-6aaba7a45b53@group-275862EAF019, cid=13, SUCCESS, logIndex=1, commits[7a080ec0-19ca-4af1-b3b9-6aaba7a45b53:c1, 216f763b-3e68-44a6-8a6b-4b7681664146:c0, cbc4e215-9e19-470f-b262-a66375af609e:c0]
2019-09-05 07:35:40,900 | INFO  | DNAudit | user=null | ip=null | op=WRITE_CHUNK {blockData=conID: 1 locID: 102738751333924865 bcsId: 0} | ret=SUCCESS |  
2019-09-05 07:35:40,903 | INFO  | DNAudit | user=null | ip=null | op=WRITE_CHUNK {blockData=conID: 1 locID: 102738751333924865 bcsId: 0} | ret=SUCCESS |  
2019-09-05 07:35:40,911 | INFO  | DNAudit | user=null | ip=null | op=WRITE_CHUNK {blockData=conID: 1 locID: 102738751333924865 bcsId: 0} | ret=SUCCESS |  
2019-09-05 07:35:40,912 | INFO  | DNAudit | user=null | ip=null | op=WRITE_CHUNK {blockData=conID: 1 locID: 102738751333924865 bcsId: 0} | ret=SUCCESS |  
2019-09-05 07:35:40,912 | INFO  | DNAudit | user=null | ip=null | op=WRITE_CHUNK {blockData=conID: 1 locID: 102738751333924865 bcsId: 0} | ret=SUCCESS |  
2019-09-05 07:35:40,912 | INFO  | DNAudit | user=null | ip=null | op=WRITE_CHUNK {blockData=conID: 1 locID: 102738751333924865 bcsId: 0} | ret=SUCCESS |  
2019-09-05 07:35:40,914 | INFO  | DNAudit | user=null | ip=null | op=WRITE_CHUNK {blockData=conID: 1 locID: 102738751333924865 bcsId: 0} | ret=SUCCESS |  
2019-09-05 07:35:40,914 | INFO  | DNAudit | user=null | ip=null | op=WRITE_CHUNK {blockData=conID: 1 locID: 102738751333924865 bcsId: 0} | ret=SUCCESS |  
2019-09-05 07:35:40,915 | INFO  | DNAudit | user=null | ip=null | op=WRITE_CHUNK {blockData=conID: 1 locID: 102738751333924865 bcsId: 0} | ret=SUCCESS |  
2019-09-05 07:35:40,921 | INFO  | DNAudit | user=null | ip=null | op=WRITE_CHUNK {blockData=conID: 1 locID: 102738751333924865 bcsId: 0} | ret=SUCCESS |  
2019-09-05 07:35:40,921 | INFO  | DNAudit | user=null | ip=null | op=WRITE_CHUNK {blockData=conID: 1 locID: 102738751333924865 bcsId: 0} | ret=SUCCESS |  
2019-09-05 07:35:40,938 | INFO  | SCMAudit | user=jenkins1000 | ip=192.168.36.69 | op=SEND_HEARTBEAT {datanodeUUID=5822af17-ba6a-443c-803e-51bf9a574bd0, command=[]} | ret=SUCCESS |  
2019-09-05 07:35:41,003 | INFO  | DNAudit | user=null | ip=null | op=WRITE_CHUNK {blockData=conID: 1 locID: 102738751333924865 bcsId: 0} | ret=SUCCESS |  
2019-09-05 07:35:41,010 [grpc-default-executor-5] INFO  client.GrpcClientProtocolClient (GrpcClientProtocolClient.java:onNext(255)) - client-B40F40CC564F->7a080ec0-19ca-4af1-b3b9-6aaba7a45b53: receive RaftClientReply:client-B40F40CC564F->7a080ec0-19ca-4af1-b3b9-6aaba7a45b53@group-275862EAF019, cid=14, SUCCESS, logIndex=3, commits[7a080ec0-19ca-4af1-b3b9-6aaba7a45b53:c3, 216f763b-3e68-44a6-8a6b-4b7681664146:c1, cbc4e215-9e19-470f-b262-a66375af609e:c1]
2019-09-05 07:35:41,087 | INFO  | DNAudit | user=null | ip=null | op=WRITE_CHUNK {blockData=conID: 1 locID: 102738751333924865 bcsId: 0} | ret=SUCCESS |  
2019-09-05 07:35:41,087 | INFO  | DNAudit | user=null | ip=null | op=WRITE_CHUNK {blockData=conID: 1 locID: 102738751333924865 bcsId: 0} | ret=SUCCESS |  
2019-09-05 07:35:41,147 | INFO  | DNAudit | user=null | ip=null | op=PUT_BLOCK {blockData=[blockId=conID: 1 locID: 102738751333924865 bcsId: 0,size=200]} | ret=SUCCESS |  
2019-09-05 07:35:41,150 | INFO  | DNAudit | user=null | ip=null | op=WRITE_CHUNK {blockData=conID: 1 locID: 102738751333924865 bcsId: 0} | ret=SUCCESS |  
2019-09-05 07:35:41,151 | INFO  | DNAudit | user=null | ip=null | op=WRITE_CHUNK {blockData=conID: 1 locID: 102738751333924865 bcsId: 0} | ret=SUCCESS |  
2019-09-05 07:35:41,152 [grpc-default-executor-4] INFO  client.GrpcClientProtocolClient (GrpcClientProtocolClient.java:onNext(255)) - client-B40F40CC564F->7a080ec0-19ca-4af1-b3b9-6aaba7a45b53: receive RaftClientReply:client-B40F40CC564F->7a080ec0-19ca-4af1-b3b9-6aaba7a45b53@group-275862EAF019, cid=15, SUCCESS, logIndex=4, commits[7a080ec0-19ca-4af1-b3b9-6aaba7a45b53:c8, 216f763b-3e68-44a6-8a6b-4b7681664146:c3, cbc4e215-9e19-470f-b262-a66375af609e:c3]
2019-09-05 07:35:41,154 | INFO  | DNAudit | user=null | ip=null | op=PUT_BLOCK {blockData=[blockId=conID: 1 locID: 102738751333924865 bcsId: 0,size=400]} | ret=SUCCESS |  
2019-09-05 07:35:41,155 [grpc-default-executor-4] INFO  client.GrpcClientProtocolClient (GrpcClientProtocolClient.java:onNext(255)) - client-B40F40CC564F->7a080ec0-19ca-4af1-b3b9-6aaba7a45b53: receive RaftClientReply:client-B40F40CC564F->7a080ec0-19ca-4af1-b3b9-6aaba7a45b53@group-275862EAF019, cid=16, SUCCESS, logIndex=5, commits[7a080ec0-19ca-4af1-b3b9-6aaba7a45b53:c8, 216f763b-3e68-44a6-8a6b-4b7681664146:c3, cbc4e215-9e19-470f-b262-a66375af609e:c3]
2019-09-05 07:35:41,156 [grpc-default-executor-4] INFO  client.GrpcClientProtocolClient (GrpcClientProtocolClient.java:onNext(255)) - client-B40F40CC564F->7a080ec0-19ca-4af1-b3b9-6aaba7a45b53: receive RaftClientReply:client-B40F40CC564F->7a080ec0-19ca-4af1-b3b9-6aaba7a45b53@group-275862EAF019, cid=17, SUCCESS, logIndex=6, commits[7a080ec0-19ca-4af1-b3b9-6aaba7a45b53:c8, 216f763b-3e68-44a6-8a6b-4b7681664146:c3, cbc4e215-9e19-470f-b262-a66375af609e:c3]
2019-09-05 07:35:41,156 [grpc-default-executor-4] INFO  client.GrpcClientProtocolClient (GrpcClientProtocolClient.java:onNext(255)) - client-B40F40CC564F->7a080ec0-19ca-4af1-b3b9-6aaba7a45b53: receive RaftClientReply:client-B40F40CC564F->7a080ec0-19ca-4af1-b3b9-6aaba7a45b53@group-275862EAF019, cid=18, SUCCESS, logIndex=7, commits[7a080ec0-19ca-4af1-b3b9-6aaba7a45b53:c8, 216f763b-3e68-44a6-8a6b-4b7681664146:c3, cbc4e215-9e19-470f-b262-a66375af609e:c3]
2019-09-05 07:35:41,183 [grpc-default-executor-4] INFO  client.GrpcClientProtocolClient (GrpcClientProtocolClient.java:onNext(255)) - client-B40F40CC564F->7a080ec0-19ca-4af1-b3b9-6aaba7a45b53: receive RaftClientReply:client-B40F40CC564F->7a080ec0-19ca-4af1-b3b9-6aaba7a45b53@group-275862EAF019, cid=19, SUCCESS, logIndex=0, commits[7a080ec0-19ca-4af1-b3b9-6aaba7a45b53:c11, 216f763b-3e68-44a6-8a6b-4b7681664146:c7, cbc4e215-9e19-470f-b262-a66375af609e:c7]
2019-09-05 07:35:41,191 | INFO  | DNAudit | user=null | ip=null | op=WRITE_CHUNK {blockData=conID: 1 locID: 102738751333924865 bcsId: 7} | ret=SUCCESS |  
2019-09-05 07:35:41,205 | INFO  | DNAudit | user=null | ip=null | op=WRITE_CHUNK {blockData=conID: 1 locID: 102738751333924865 bcsId: 7} | ret=SUCCESS |  
2019-09-05 07:35:41,205 | INFO  | DNAudit | user=null | ip=null | op=WRITE_CHUNK {blockData=conID: 1 locID: 102738751333924865 bcsId: 7} | ret=SUCCESS |  
2019-09-05 07:35:41,224 | INFO  | SCMAudit | user=jenkins1000 | ip=192.168.36.69 | op=SEND_HEARTBEAT {datanodeUUID=618caef6-a8cd-4e5c-bc39-325bb83fc273, command=[]} | ret=SUCCESS |  
2019-09-05 07:35:41,224 | INFO  | DNAudit | user=null | ip=null | op=WRITE_CHUNK {blockData=conID: 1 locID: 102738751333924865 bcsId: 7} | ret=SUCCESS |  
2019-09-05 07:35:41,228 | INFO  | DNAudit | user=null | ip=null | op=PUT_BLOCK {blockData=[blockId=conID: 1 locID: 102738751333924865 bcsId: 0,size=200]} | ret=SUCCESS |  
2019-09-05 07:35:41,230 | INFO  | DNAudit | user=null | ip=null | op=WRITE_CHUNK {blockData=conID: 1 locID: 102738751333924865 bcsId: 0} | ret=SUCCESS |  
2019-09-05 07:35:41,230 | INFO  | DNAudit | user=null | ip=null | op=WRITE_CHUNK {blockData=conID: 1 locID: 102738751333924865 bcsId: 0} | ret=SUCCESS |  
2019-09-05 07:35:41,230 [grpc-default-executor-4] INFO  client.GrpcClientProtocolClient (GrpcClientProtocolClient.java:onNext(255)) - client-B40F40CC564F->7a080ec0-19ca-4af1-b3b9-6aaba7a45b53: receive RaftClientReply:client-B40F40CC564F->7a080ec0-19ca-4af1-b3b9-6aaba7a45b53@group-275862EAF019, cid=20, SUCCESS, logIndex=12, commits[7a080ec0-19ca-4af1-b3b9-6aaba7a45b53:c13, 216f763b-3e68-44a6-8a6b-4b7681664146:c11, cbc4e215-9e19-470f-b262-a66375af609e:c11]
2019-09-05 07:35:41,381 | INFO  | DNAudit | user=null | ip=null | op=PUT_BLOCK {blockData=[blockId=conID: 1 locID: 102738751333924865 bcsId: 0,size=450]} | ret=SUCCESS |  
2019-09-05 07:35:41,381 | INFO  | DNAudit | user=null | ip=null | op=PUT_BLOCK {blockData=[blockId=conID: 1 locID: 102738751333924865 bcsId: 0,size=400]} | ret=SUCCESS |  
2019-09-05 07:35:41,382 | INFO  | DNAudit | user=null | ip=null | op=WRITE_CHUNK {blockData=conID: 1 locID: 102738751333924865 bcsId: 7} | ret=SUCCESS |  
2019-09-05 07:35:41,385 | INFO  | DNAudit | user=null | ip=null | op=PUT_BLOCK {blockData=[blockId=conID: 1 locID: 102738751333924865 bcsId: 0,size=450]} | ret=SUCCESS |  
2019-09-05 07:35:41,386 [grpc-default-executor-4] INFO  client.GrpcClientProtocolClient (GrpcClientProtocolClient.java:onNext(255)) - client-B40F40CC564F->7a080ec0-19ca-4af1-b3b9-6aaba7a45b53: receive RaftClientReply:client-B40F40CC564F->7a080ec0-19ca-4af1-b3b9-6aaba7a45b53@group-275862EAF019, cid=21, SUCCESS, logIndex=13, commits[7a080ec0-19ca-4af1-b3b9-6aaba7a45b53:c15, 216f763b-3e68-44a6-8a6b-4b7681664146:c13, cbc4e215-9e19-470f-b262-a66375af609e:c13]
2019-09-05 07:35:41,389 [main] INFO  datanode.ObjectStoreHandler (ObjectStoreHandler.java:close(155)) - Closing ObjectStoreHandler.
2019-09-05 07:35:41,390 [main] INFO  ozone.HddsDatanodeService (HddsDatanodeService.java:stop(451)) - Stopped plug-in org.apache.hadoop.ozone.web.OzoneHddsDatanodeService@3375ebd3
2019-09-05 07:35:41,452 | INFO  | DNAudit | user=null | ip=null | op=PUT_BLOCK {blockData=[blockId=conID: 1 locID: 102738751333924865 bcsId: 0,size=200]} | ret=SUCCESS |  
2019-09-05 07:35:41,453 | INFO  | DNAudit | user=null | ip=null | op=WRITE_CHUNK {blockData=conID: 1 locID: 102738751333924865 bcsId: 0} | ret=SUCCESS |  
2019-09-05 07:35:41,454 | INFO  | DNAudit | user=null | ip=null | op=WRITE_CHUNK {blockData=conID: 1 locID: 102738751333924865 bcsId: 0} | ret=SUCCESS |  
2019-09-05 07:35:41,454 | INFO  | SCMAudit | user=jenkins1000 | ip=192.168.36.69 | op=SEND_HEARTBEAT {datanodeUUID=017b796d-3321-494b-8d8c-e766a57787fe, command=[]} | ret=SUCCESS |  
2019-09-05 07:35:41,455 | INFO  | DNAudit | user=null | ip=null | op=PUT_BLOCK {blockData=[blockId=conID: 1 locID: 102738751333924865 bcsId: 0,size=400]} | ret=SUCCESS |  
2019-09-05 07:35:41,455 | INFO  | DNAudit | user=null | ip=null | op=WRITE_CHUNK {blockData=conID: 1 locID: 102738751333924865 bcsId: 7} | ret=SUCCESS |  
2019-09-05 07:35:41,458 | INFO  | DNAudit | user=null | ip=null | op=PUT_BLOCK {blockData=[blockId=conID: 1 locID: 102738751333924865 bcsId: 0,size=450]} | ret=SUCCESS |  
2019-09-05 07:35:41,692 | INFO  | SCMAudit | user=jenkins1000 | ip=192.168.36.69 | op=SEND_HEARTBEAT {datanodeUUID=d8846d25-1678-4df1-8bff-f38eb3492905, command=[]} | ret=SUCCESS |  
2019-09-05 07:35:41,816 [Datanode State Machine Thread - 0] INFO  statemachine.DatanodeStateMachine (DatanodeStateMachine.java:lambda$startDaemon$0(350)) - Ozone container server started.
2019-09-05 07:35:41,817 | INFO  | SCMAudit | user=jenkins1000 | ip=192.168.36.69 | op=SEND_HEARTBEAT {datanodeUUID=cbc4e215-9e19-470f-b262-a66375af609e, command=[]} | ret=SUCCESS |  
2019-09-05 07:35:41,817 | INFO  | SCMAudit | user=jenkins1000 | ip=192.168.36.69 | op=SEND_HEARTBEAT {datanodeUUID=216f763b-3e68-44a6-8a6b-4b7681664146, command=[]} | ret=SUCCESS |  
2019-09-05 07:35:41,938 | INFO  | SCMAudit | user=jenkins1000 | ip=192.168.36.69 | op=SEND_HEARTBEAT {datanodeUUID=5822af17-ba6a-443c-803e-51bf9a574bd0, command=[]} | ret=SUCCESS |  
2019-09-05 07:35:42,224 | INFO  | SCMAudit | user=jenkins1000 | ip=192.168.36.69 | op=SEND_HEARTBEAT {datanodeUUID=618caef6-a8cd-4e5c-bc39-325bb83fc273, command=[]} | ret=SUCCESS |  
2019-09-05 07:35:42,454 | INFO  | SCMAudit | user=jenkins1000 | ip=192.168.36.69 | op=SEND_HEARTBEAT {datanodeUUID=017b796d-3321-494b-8d8c-e766a57787fe, command=[]} | ret=SUCCESS |  
2019-09-05 07:35:42,693 | INFO  | SCMAudit | user=jenkins1000 | ip=192.168.36.69 | op=SEND_HEARTBEAT {datanodeUUID=d8846d25-1678-4df1-8bff-f38eb3492905, command=[]} | ret=SUCCESS |  
2019-09-05 07:35:42,817 | INFO  | SCMAudit | user=jenkins1000 | ip=192.168.36.69 | op=SEND_HEARTBEAT {datanodeUUID=216f763b-3e68-44a6-8a6b-4b7681664146, command=[]} | ret=SUCCESS |  
2019-09-05 07:35:42,817 | INFO  | SCMAudit | user=jenkins1000 | ip=192.168.36.69 | op=SEND_HEARTBEAT {datanodeUUID=cbc4e215-9e19-470f-b262-a66375af609e, command=[]} | ret=SUCCESS |  
2019-09-05 07:35:42,938 | INFO  | SCMAudit | user=jenkins1000 | ip=192.168.36.69 | op=SEND_HEARTBEAT {datanodeUUID=5822af17-ba6a-443c-803e-51bf9a574bd0, command=[]} | ret=SUCCESS |  
2019-09-05 07:35:43,225 | INFO  | SCMAudit | user=jenkins1000 | ip=192.168.36.69 | op=SEND_HEARTBEAT {datanodeUUID=618caef6-a8cd-4e5c-bc39-325bb83fc273, command=[]} | ret=SUCCESS |  
2019-09-05 07:35:43,455 | INFO  | SCMAudit | user=jenkins1000 | ip=192.168.36.69 | op=SEND_HEARTBEAT {datanodeUUID=017b796d-3321-494b-8d8c-e766a57787fe, command=[]} | ret=SUCCESS |  
2019-09-05 07:35:43,694 | INFO  | SCMAudit | user=jenkins1000 | ip=192.168.36.69 | op=SEND_HEARTBEAT {datanodeUUID=d8846d25-1678-4df1-8bff-f38eb3492905, command=[]} | ret=SUCCESS |  
2019-09-05 07:35:43,817 | INFO  | SCMAudit | user=jenkins1000 | ip=192.168.36.69 | op=SEND_HEARTBEAT {datanodeUUID=cbc4e215-9e19-470f-b262-a66375af609e, command=[]} | ret=SUCCESS |  
2019-09-05 07:35:43,817 | INFO  | SCMAudit | user=jenkins1000 | ip=192.168.36.69 | op=SEND_HEARTBEAT {datanodeUUID=216f763b-3e68-44a6-8a6b-4b7681664146, command=[]} | ret=SUCCESS |  
2019-09-05 07:35:43,938 | INFO  | SCMAudit | user=jenkins1000 | ip=192.168.36.69 | op=SEND_HEARTBEAT {datanodeUUID=5822af17-ba6a-443c-803e-51bf9a574bd0, command=[]} | ret=SUCCESS |  
2019-09-05 07:35:44,224 | INFO  | SCMAudit | user=jenkins1000 | ip=192.168.36.69 | op=SEND_HEARTBEAT {datanodeUUID=618caef6-a8cd-4e5c-bc39-325bb83fc273, command=[]} | ret=SUCCESS |  
2019-09-05 07:35:44,454 | INFO  | SCMAudit | user=jenkins1000 | ip=192.168.36.69 | op=SEND_HEARTBEAT {datanodeUUID=017b796d-3321-494b-8d8c-e766a57787fe, command=[]} | ret=SUCCESS |  
2019-09-05 07:35:44,693 | INFO  | SCMAudit | user=jenkins1000 | ip=192.168.36.69 | op=SEND_HEARTBEAT {datanodeUUID=d8846d25-1678-4df1-8bff-f38eb3492905, command=[]} | ret=SUCCESS |  
2019-09-05 07:35:44,817 | INFO  | SCMAudit | user=jenkins1000 | ip=192.168.36.69 | op=SEND_HEARTBEAT {datanodeUUID=cbc4e215-9e19-470f-b262-a66375af609e, command=[]} | ret=SUCCESS |  
2019-09-05 07:35:44,817 | INFO  | SCMAudit | user=jenkins1000 | ip=192.168.36.69 | op=SEND_HEARTBEAT {datanodeUUID=216f763b-3e68-44a6-8a6b-4b7681664146, command=[]} | ret=SUCCESS |  
2019-09-05 07:35:44,939 | INFO  | SCMAudit | user=jenkins1000 | ip=192.168.36.69 | op=SEND_HEARTBEAT {datanodeUUID=5822af17-ba6a-443c-803e-51bf9a574bd0, command=[]} | ret=SUCCESS |  
2019-09-05 07:35:45,189 [Thread-323] INFO  impl.FollowerState (FollowerState.java:run(106)) - 618caef6-a8cd-4e5c-bc39-325bb83fc273:group-C92E3FDB7DCF changes to CANDIDATE, lastRpcTime:5033, electionTimeout:5032ms
2019-09-05 07:35:45,189 [Thread-323] INFO  impl.RoleInfo (RoleInfo.java:shutdownFollowerState(121)) - 618caef6-a8cd-4e5c-bc39-325bb83fc273: shutdown FollowerState
2019-09-05 07:35:45,190 [Thread-323] INFO  impl.RaftServerImpl (RaftServerImpl.java:setRole(171)) - 618caef6-a8cd-4e5c-bc39-325bb83fc273:group-C92E3FDB7DCF changes role from FOLLOWER to CANDIDATE at term 1 for changeToCandidate
2019-09-05 07:35:45,190 [Thread-323] INFO  impl.RoleInfo (RoleInfo.java:updateAndGet(143)) - 618caef6-a8cd-4e5c-bc39-325bb83fc273: start LeaderElection
2019-09-05 07:35:45,225 | INFO  | SCMAudit | user=jenkins1000 | ip=192.168.36.69 | op=SEND_HEARTBEAT {datanodeUUID=618caef6-a8cd-4e5c-bc39-325bb83fc273, command=[]} | ret=SUCCESS |  
2019-09-05 07:35:45,242 [618caef6-a8cd-4e5c-bc39-325bb83fc273:group-C92E3FDB7DCF:LeaderElection12] INFO  impl.LeaderElection (LeaderElection.java:askForVotes(181)) - 618caef6-a8cd-4e5c-bc39-325bb83fc273:group-C92E3FDB7DCF:LeaderElection12: begin an election at term 2 for -1: [618caef6-a8cd-4e5c-bc39-325bb83fc273:192.168.36.69:42795, 5822af17-ba6a-443c-803e-51bf9a574bd0:192.168.36.69:45253, d8846d25-1678-4df1-8bff-f38eb3492905:192.168.36.69:44539], old=null
2019-09-05 07:35:45,249 [grpc-default-executor-0] INFO  impl.RaftServerImpl (RaftServerImpl.java:setRole(171)) - d8846d25-1678-4df1-8bff-f38eb3492905:group-C92E3FDB7DCF changes role from FOLLOWER to FOLLOWER at term 2 for recognizeCandidate:618caef6-a8cd-4e5c-bc39-325bb83fc273
2019-09-05 07:35:45,249 [grpc-default-executor-4] INFO  impl.RaftServerImpl (RaftServerImpl.java:setRole(171)) - 5822af17-ba6a-443c-803e-51bf9a574bd0:group-C92E3FDB7DCF changes role from FOLLOWER to FOLLOWER at term 2 for recognizeCandidate:618caef6-a8cd-4e5c-bc39-325bb83fc273
2019-09-05 07:35:45,250 [grpc-default-executor-0] INFO  impl.RoleInfo (RoleInfo.java:shutdownFollowerState(121)) - d8846d25-1678-4df1-8bff-f38eb3492905: shutdown FollowerState
2019-09-05 07:35:45,250 [grpc-default-executor-4] INFO  impl.RoleInfo (RoleInfo.java:shutdownFollowerState(121)) - 5822af17-ba6a-443c-803e-51bf9a574bd0: shutdown FollowerState
2019-09-05 07:35:45,250 [Thread-321] INFO  impl.FollowerState (FollowerState.java:run(114)) - d8846d25-1678-4df1-8bff-f38eb3492905: FollowerState was interrupted: java.lang.InterruptedException: sleep interrupted
2019-09-05 07:35:45,250 [grpc-default-executor-4] INFO  impl.RoleInfo (RoleInfo.java:updateAndGet(143)) - 5822af17-ba6a-443c-803e-51bf9a574bd0: start FollowerState
2019-09-05 07:35:45,250 [grpc-default-executor-0] INFO  impl.RoleInfo (RoleInfo.java:updateAndGet(143)) - d8846d25-1678-4df1-8bff-f38eb3492905: start FollowerState
2019-09-05 07:35:45,250 [Thread-320] INFO  impl.FollowerState (FollowerState.java:run(114)) - 5822af17-ba6a-443c-803e-51bf9a574bd0: FollowerState was interrupted: java.lang.InterruptedException: sleep interrupted
2019-09-05 07:35:45,345 [618caef6-a8cd-4e5c-bc39-325bb83fc273:group-C92E3FDB7DCF:LeaderElection12] INFO  impl.LeaderElection (LeaderElection.java:logAndReturn(56)) - 618caef6-a8cd-4e5c-bc39-325bb83fc273:group-C92E3FDB7DCF:LeaderElection12: Election PASSED; received 1 response(s) [618caef6-a8cd-4e5c-bc39-325bb83fc273<-d8846d25-1678-4df1-8bff-f38eb3492905#0:OK-t2] and 0 exception(s); 618caef6-a8cd-4e5c-bc39-325bb83fc273:t2, leader=null, voted=618caef6-a8cd-4e5c-bc39-325bb83fc273, raftlog=618caef6-a8cd-4e5c-bc39-325bb83fc273-SegmentedRaftLog:OPENED:c-1,f-1,i0, conf=-1: [618caef6-a8cd-4e5c-bc39-325bb83fc273:192.168.36.69:42795, 5822af17-ba6a-443c-803e-51bf9a574bd0:192.168.36.69:45253, d8846d25-1678-4df1-8bff-f38eb3492905:192.168.36.69:44539], old=null
2019-09-05 07:35:45,345 [618caef6-a8cd-4e5c-bc39-325bb83fc273:group-C92E3FDB7DCF:LeaderElection12] INFO  impl.RoleInfo (RoleInfo.java:shutdownLeaderElection(134)) - 618caef6-a8cd-4e5c-bc39-325bb83fc273: shutdown LeaderElection
2019-09-05 07:35:45,355 [618caef6-a8cd-4e5c-bc39-325bb83fc273:group-C92E3FDB7DCF:LeaderElection12] INFO  impl.RaftServerImpl (RaftServerImpl.java:setRole(171)) - 618caef6-a8cd-4e5c-bc39-325bb83fc273:group-C92E3FDB7DCF changes role from CANDIDATE to LEADER at term 2 for changeToLeader
2019-09-05 07:35:45,356 [618caef6-a8cd-4e5c-bc39-325bb83fc273:group-C92E3FDB7DCF:LeaderElection12] INFO  impl.RaftServerImpl (ServerState.java:setLeader(263)) - 618caef6-a8cd-4e5c-bc39-325bb83fc273:group-C92E3FDB7DCF change Leader from null to 618caef6-a8cd-4e5c-bc39-325bb83fc273 at term 2 for becomeLeader, leader elected after 10457ms
2019-09-05 07:35:45,356 [618caef6-a8cd-4e5c-bc39-325bb83fc273:group-C92E3FDB7DCF:LeaderElection12] INFO  server.RaftServerConfigKeys (ConfUtils.java:logGet(43)) - raft.server.staging.catchup.gap = 1000 (default)
2019-09-05 07:35:45,356 [618caef6-a8cd-4e5c-bc39-325bb83fc273:group-C92E3FDB7DCF:LeaderElection12] INFO  server.RaftServerConfigKeys (ConfUtils.java:logGet(43)) - raft.server.rpc.sleep.time = 25ms (default)
2019-09-05 07:35:45,356 [618caef6-a8cd-4e5c-bc39-325bb83fc273:group-C92E3FDB7DCF:LeaderElection12] INFO  server.RaftServerConfigKeys (ConfUtils.java:logGet(43)) - raft.server.write.element-limit = 4096 (default)
2019-09-05 07:35:45,356 [618caef6-a8cd-4e5c-bc39-325bb83fc273:group-C92E3FDB7DCF:LeaderElection12] INFO  server.RaftServerConfigKeys (ConfUtils.java:logGet(43)) - raft.server.watch.timeout = 10s (default)
2019-09-05 07:35:45,357 [618caef6-a8cd-4e5c-bc39-325bb83fc273:group-C92E3FDB7DCF:LeaderElection12] INFO  server.RaftServerConfigKeys (ConfUtils.java:logGet(43)) - raft.server.watch.timeout.denomination = 1s (default)
2019-09-05 07:35:45,357 [618caef6-a8cd-4e5c-bc39-325bb83fc273:group-C92E3FDB7DCF:LeaderElection12] INFO  server.RaftServerConfigKeys (ConfUtils.java:logGet(43)) - raft.server.watch.element-limit = 65536 (default)
2019-09-05 07:35:45,357 [618caef6-a8cd-4e5c-bc39-325bb83fc273:group-C92E3FDB7DCF:LeaderElection12] INFO  server.RaftServerConfigKeys (ConfUtils.java:logGet(43)) - raft.server.log.appender.snapshot.chunk.size.max = 16MB (=16777216) (default)
2019-09-05 07:35:45,357 [618caef6-a8cd-4e5c-bc39-325bb83fc273:group-C92E3FDB7DCF:LeaderElection12] INFO  server.RaftServerConfigKeys (ConfUtils.java:logGet(43)) - raft.server.log.appender.buffer.byte-limit = 33554432 (custom)
2019-09-05 07:35:45,358 [618caef6-a8cd-4e5c-bc39-325bb83fc273:group-C92E3FDB7DCF:LeaderElection12] INFO  server.RaftServerConfigKeys (ConfUtils.java:logGet(43)) - raft.server.log.appender.buffer.element-limit = 1 (custom)
2019-09-05 07:35:45,358 [618caef6-a8cd-4e5c-bc39-325bb83fc273:group-C92E3FDB7DCF:LeaderElection12] INFO  grpc.GrpcConfigKeys$Server (ConfUtils.java:logGet(43)) - raft.grpc.server.leader.outstanding.appends.max = 128 (default)
2019-09-05 07:35:45,358 [618caef6-a8cd-4e5c-bc39-325bb83fc273:group-C92E3FDB7DCF:LeaderElection12] INFO  server.RaftServerConfigKeys (ConfUtils.java:logGet(43)) - raft.server.rpc.request.timeout = 3000ms (default)
2019-09-05 07:35:45,358 [618caef6-a8cd-4e5c-bc39-325bb83fc273:group-C92E3FDB7DCF:LeaderElection12] INFO  server.RaftServerConfigKeys (ConfUtils.java:logGet(43)) - raft.server.log.appender.install.snapshot.enabled = false (custom)
2019-09-05 07:35:45,359 [618caef6-a8cd-4e5c-bc39-325bb83fc273:group-C92E3FDB7DCF:LeaderElection12] INFO  server.RaftServerConfigKeys (ConfUtils.java:logGet(43)) - raft.server.log.appender.snapshot.chunk.size.max = 16MB (=16777216) (default)
2019-09-05 07:35:45,359 [618caef6-a8cd-4e5c-bc39-325bb83fc273:group-C92E3FDB7DCF:LeaderElection12] INFO  server.RaftServerConfigKeys (ConfUtils.java:logGet(43)) - raft.server.log.appender.buffer.byte-limit = 33554432 (custom)
2019-09-05 07:35:45,359 [618caef6-a8cd-4e5c-bc39-325bb83fc273:group-C92E3FDB7DCF:LeaderElection12] INFO  server.RaftServerConfigKeys (ConfUtils.java:logGet(43)) - raft.server.log.appender.buffer.element-limit = 1 (custom)
2019-09-05 07:35:45,359 [618caef6-a8cd-4e5c-bc39-325bb83fc273:group-C92E3FDB7DCF:LeaderElection12] INFO  grpc.GrpcConfigKeys$Server (ConfUtils.java:logGet(43)) - raft.grpc.server.leader.outstanding.appends.max = 128 (default)
2019-09-05 07:35:45,359 [618caef6-a8cd-4e5c-bc39-325bb83fc273:group-C92E3FDB7DCF:LeaderElection12] INFO  server.RaftServerConfigKeys (ConfUtils.java:logGet(43)) - raft.server.rpc.request.timeout = 3000ms (default)
2019-09-05 07:35:45,360 [618caef6-a8cd-4e5c-bc39-325bb83fc273:group-C92E3FDB7DCF:LeaderElection12] INFO  server.RaftServerConfigKeys (ConfUtils.java:logGet(43)) - raft.server.log.appender.install.snapshot.enabled = false (custom)
2019-09-05 07:35:45,360 [618caef6-a8cd-4e5c-bc39-325bb83fc273:group-C92E3FDB7DCF:LeaderElection12] INFO  impl.RoleInfo (RoleInfo.java:updateAndGet(143)) - 618caef6-a8cd-4e5c-bc39-325bb83fc273: start LeaderState
2019-09-05 07:35:45,360 [618caef6-a8cd-4e5c-bc39-325bb83fc273:group-C92E3FDB7DCF:LeaderElection12] INFO  segmented.SegmentedRaftLogWorker (SegmentedRaftLogWorker.java:startLogSegment(380)) - 618caef6-a8cd-4e5c-bc39-325bb83fc273-SegmentedRaftLogWorker:Storage Directory /workdir/hadoop-ozone/integration-test/target/test-dir/MiniOzoneClusterImpl-a91fc67d-f8c9-4dc9-8b91-6f02eb894b3b/datanode-1/data/ratis/4d0a58e4-5e13-4756-b8fc-c92e3fdb7dcf: Starting segment from index:0
2019-09-05 07:35:45,361 [618caef6-a8cd-4e5c-bc39-325bb83fc273:group-C92E3FDB7DCF:LeaderElection12] INFO  impl.RaftServerImpl (ServerState.java:setRaftConf(361)) - 618caef6-a8cd-4e5c-bc39-325bb83fc273:group-C92E3FDB7DCF set configuration 0: [618caef6-a8cd-4e5c-bc39-325bb83fc273:192.168.36.69:42795, 5822af17-ba6a-443c-803e-51bf9a574bd0:192.168.36.69:45253, d8846d25-1678-4df1-8bff-f38eb3492905:192.168.36.69:44539], old=null at 0
2019-09-05 07:35:45,364 [grpc-default-executor-4] INFO  impl.RaftServerImpl (ServerState.java:setLeader(263)) - 5822af17-ba6a-443c-803e-51bf9a574bd0:group-C92E3FDB7DCF change Leader from null to 618caef6-a8cd-4e5c-bc39-325bb83fc273 at term 2 for appendEntries, leader elected after 10465ms
2019-09-05 07:35:45,398 [grpc-default-executor-0] INFO  impl.RaftServerImpl (ServerState.java:setLeader(263)) - d8846d25-1678-4df1-8bff-f38eb3492905:group-C92E3FDB7DCF change Leader from null to 618caef6-a8cd-4e5c-bc39-325bb83fc273 at term 2 for appendEntries, leader elected after 10499ms
2019-09-05 07:35:45,403 [grpc-default-executor-4] INFO  impl.RaftServerImpl (ServerState.java:setRaftConf(361)) - 5822af17-ba6a-443c-803e-51bf9a574bd0:group-C92E3FDB7DCF set configuration 0: [618caef6-a8cd-4e5c-bc39-325bb83fc273:192.168.36.69:42795, 5822af17-ba6a-443c-803e-51bf9a574bd0:192.168.36.69:45253, d8846d25-1678-4df1-8bff-f38eb3492905:192.168.36.69:44539], old=null at 0
2019-09-05 07:35:45,403 [grpc-default-executor-0] INFO  impl.RaftServerImpl (ServerState.java:setRaftConf(361)) - d8846d25-1678-4df1-8bff-f38eb3492905:group-C92E3FDB7DCF set configuration 0: [618caef6-a8cd-4e5c-bc39-325bb83fc273:192.168.36.69:42795, 5822af17-ba6a-443c-803e-51bf9a574bd0:192.168.36.69:45253, d8846d25-1678-4df1-8bff-f38eb3492905:192.168.36.69:44539], old=null at 0
2019-09-05 07:35:45,403 [grpc-default-executor-4] INFO  segmented.SegmentedRaftLogWorker (SegmentedRaftLogWorker.java:startLogSegment(380)) - 5822af17-ba6a-443c-803e-51bf9a574bd0-SegmentedRaftLogWorker:Storage Directory /workdir/hadoop-ozone/integration-test/target/test-dir/MiniOzoneClusterImpl-a91fc67d-f8c9-4dc9-8b91-6f02eb894b3b/datanode-4/data/ratis/4d0a58e4-5e13-4756-b8fc-c92e3fdb7dcf: Starting segment from index:0
2019-09-05 07:35:45,403 [grpc-default-executor-0] INFO  segmented.SegmentedRaftLogWorker (SegmentedRaftLogWorker.java:startLogSegment(380)) - d8846d25-1678-4df1-8bff-f38eb3492905-SegmentedRaftLogWorker:Storage Directory /workdir/hadoop-ozone/integration-test/target/test-dir/MiniOzoneClusterImpl-a91fc67d-f8c9-4dc9-8b91-6f02eb894b3b/datanode-2/data/ratis/4d0a58e4-5e13-4756-b8fc-c92e3fdb7dcf: Starting segment from index:0
2019-09-05 07:35:45,421 [618caef6-a8cd-4e5c-bc39-325bb83fc273-SegmentedRaftLogWorker:Storage Directory /workdir/hadoop-ozone/integration-test/target/test-dir/MiniOzoneClusterImpl-a91fc67d-f8c9-4dc9-8b91-6f02eb894b3b/datanode-1/data/ratis/4d0a58e4-5e13-4756-b8fc-c92e3fdb7dcf] INFO  segmented.SegmentedRaftLogWorker (SegmentedRaftLogWorker.java:execute(569)) - 618caef6-a8cd-4e5c-bc39-325bb83fc273-SegmentedRaftLogWorker:Storage Directory /workdir/hadoop-ozone/integration-test/target/test-dir/MiniOzoneClusterImpl-a91fc67d-f8c9-4dc9-8b91-6f02eb894b3b/datanode-1/data/ratis/4d0a58e4-5e13-4756-b8fc-c92e3fdb7dcf: created new log segment /workdir/hadoop-ozone/integration-test/target/test-dir/MiniOzoneClusterImpl-a91fc67d-f8c9-4dc9-8b91-6f02eb894b3b/datanode-1/data/ratis/4d0a58e4-5e13-4756-b8fc-c92e3fdb7dcf/current/log_inprogress_0
2019-09-05 07:35:45,455 | INFO  | SCMAudit | user=jenkins1000 | ip=192.168.36.69 | op=SEND_HEARTBEAT {datanodeUUID=017b796d-3321-494b-8d8c-e766a57787fe, command=[]} | ret=SUCCESS |  
2019-09-05 07:35:45,471 [5822af17-ba6a-443c-803e-51bf9a574bd0-SegmentedRaftLogWorker:Storage Directory /workdir/hadoop-ozone/integration-test/target/test-dir/MiniOzoneClusterImpl-a91fc67d-f8c9-4dc9-8b91-6f02eb894b3b/datanode-4/data/ratis/4d0a58e4-5e13-4756-b8fc-c92e3fdb7dcf] INFO  segmented.SegmentedRaftLogWorker (SegmentedRaftLogWorker.java:execute(569)) - 5822af17-ba6a-443c-803e-51bf9a574bd0-SegmentedRaftLogWorker:Storage Directory /workdir/hadoop-ozone/integration-test/target/test-dir/MiniOzoneClusterImpl-a91fc67d-f8c9-4dc9-8b91-6f02eb894b3b/datanode-4/data/ratis/4d0a58e4-5e13-4756-b8fc-c92e3fdb7dcf: created new log segment /workdir/hadoop-ozone/integration-test/target/test-dir/MiniOzoneClusterImpl-a91fc67d-f8c9-4dc9-8b91-6f02eb894b3b/datanode-4/data/ratis/4d0a58e4-5e13-4756-b8fc-c92e3fdb7dcf/current/log_inprogress_0
2019-09-05 07:35:45,471 [d8846d25-1678-4df1-8bff-f38eb3492905-SegmentedRaftLogWorker:Storage Directory /workdir/hadoop-ozone/integration-test/target/test-dir/MiniOzoneClusterImpl-a91fc67d-f8c9-4dc9-8b91-6f02eb894b3b/datanode-2/data/ratis/4d0a58e4-5e13-4756-b8fc-c92e3fdb7dcf] INFO  segmented.SegmentedRaftLogWorker (SegmentedRaftLogWorker.java:execute(569)) - d8846d25-1678-4df1-8bff-f38eb3492905-SegmentedRaftLogWorker:Storage Directory /workdir/hadoop-ozone/integration-test/target/test-dir/MiniOzoneClusterImpl-a91fc67d-f8c9-4dc9-8b91-6f02eb894b3b/datanode-2/data/ratis/4d0a58e4-5e13-4756-b8fc-c92e3fdb7dcf: created new log segment /workdir/hadoop-ozone/integration-test/target/test-dir/MiniOzoneClusterImpl-a91fc67d-f8c9-4dc9-8b91-6f02eb894b3b/datanode-2/data/ratis/4d0a58e4-5e13-4756-b8fc-c92e3fdb7dcf/current/log_inprogress_0
2019-09-05 07:35:45,693 | INFO  | SCMAudit | user=jenkins1000 | ip=192.168.36.69 | op=SEND_HEARTBEAT {datanodeUUID=d8846d25-1678-4df1-8bff-f38eb3492905, command=[]} | ret=SUCCESS |  
2019-09-05 07:35:45,818 | INFO  | SCMAudit | user=jenkins1000 | ip=192.168.36.69 | op=SEND_HEARTBEAT {datanodeUUID=cbc4e215-9e19-470f-b262-a66375af609e, command=[]} | ret=SUCCESS |  
2019-09-05 07:35:45,818 | INFO  | SCMAudit | user=jenkins1000 | ip=192.168.36.69 | op=SEND_HEARTBEAT {datanodeUUID=216f763b-3e68-44a6-8a6b-4b7681664146, command=[]} | ret=SUCCESS |  
2019-09-05 07:35:45,899 [EventQueue-StaleNodeForStaleNodeHandler] INFO  node.StaleNodeHandler (StaleNodeHandler.java:onMessage(58)) - Datanode 7a080ec0-19ca-4af1-b3b9-6aaba7a45b53{ip: 192.168.36.69, host: pr-hdds-1571-lfg7x-4139639749, networkLocation: /default-rack, certSerialId: null} moved to stale state. Finalizing its pipelines [PipelineID=2b82bd86-e43c-4759-b1dc-a43bf23dd728, PipelineID=914be1f7-a49a-4d55-96c7-275862eaf019]
2019-09-05 07:35:45,903 [EventQueue-StaleNodeForStaleNodeHandler] INFO  pipeline.SCMPipelineManager (SCMPipelineManager.java:finalizeAndDestroyPipeline(309)) - destroying pipeline:Pipeline[ Id: 2b82bd86-e43c-4759-b1dc-a43bf23dd728, Nodes: 7a080ec0-19ca-4af1-b3b9-6aaba7a45b53{ip: 192.168.36.69, host: pr-hdds-1571-lfg7x-4139639749, networkLocation: /default-rack, certSerialId: null}, Type:RATIS, Factor:ONE, State:OPEN]
2019-09-05 07:35:45,904 [EventQueue-StaleNodeForStaleNodeHandler] INFO  pipeline.PipelineStateManager (PipelineStateManager.java:finalizePipeline(123)) - Pipeline Pipeline[ Id: 2b82bd86-e43c-4759-b1dc-a43bf23dd728, Nodes: 7a080ec0-19ca-4af1-b3b9-6aaba7a45b53{ip: 192.168.36.69, host: pr-hdds-1571-lfg7x-4139639749, networkLocation: /default-rack, certSerialId: null}, Type:RATIS, Factor:ONE, State:CLOSED] moved to CLOSED state
2019-09-05 07:35:45,905 [EventQueue-StaleNodeForStaleNodeHandler] INFO  pipeline.SCMPipelineManager (SCMPipelineManager.java:finalizeAndDestroyPipeline(309)) - destroying pipeline:Pipeline[ Id: 914be1f7-a49a-4d55-96c7-275862eaf019, Nodes: 7a080ec0-19ca-4af1-b3b9-6aaba7a45b53{ip: 192.168.36.69, host: pr-hdds-1571-lfg7x-4139639749, networkLocation: /default-rack, certSerialId: null}216f763b-3e68-44a6-8a6b-4b7681664146{ip: 192.168.36.69, host: pr-hdds-1571-lfg7x-4139639749, networkLocation: /default-rack, certSerialId: null}cbc4e215-9e19-470f-b262-a66375af609e{ip: 192.168.36.69, host: pr-hdds-1571-lfg7x-4139639749, networkLocation: /default-rack, certSerialId: null}, Type:RATIS, Factor:THREE, State:OPEN]
2019-09-05 07:35:45,906 [EventQueue-StaleNodeForStaleNodeHandler] INFO  pipeline.PipelineStateManager (PipelineStateManager.java:finalizePipeline(123)) - Pipeline Pipeline[ Id: 914be1f7-a49a-4d55-96c7-275862eaf019, Nodes: 7a080ec0-19ca-4af1-b3b9-6aaba7a45b53{ip: 192.168.36.69, host: pr-hdds-1571-lfg7x-4139639749, networkLocation: /default-rack, certSerialId: null}216f763b-3e68-44a6-8a6b-4b7681664146{ip: 192.168.36.69, host: pr-hdds-1571-lfg7x-4139639749, networkLocation: /default-rack, certSerialId: null}cbc4e215-9e19-470f-b262-a66375af609e{ip: 192.168.36.69, host: pr-hdds-1571-lfg7x-4139639749, networkLocation: /default-rack, certSerialId: null}, Type:RATIS, Factor:THREE, State:CLOSED] moved to CLOSED state
2019-09-05 07:35:45,908 [EventQueue-CloseContainerForCloseContainerEventHandler] INFO  container.CloseContainerEventHandler (CloseContainerEventHandler.java:onMessage(61)) - Close container Event triggered for container : #1
2019-09-05 07:35:45,938 | INFO  | SCMAudit | user=jenkins1000 | ip=192.168.36.69 | op=SEND_HEARTBEAT {datanodeUUID=5822af17-ba6a-443c-803e-51bf9a574bd0, command=[]} | ret=SUCCESS |  
2019-09-05 07:35:46,224 | INFO  | SCMAudit | user=jenkins1000 | ip=192.168.36.69 | op=SEND_HEARTBEAT {datanodeUUID=618caef6-a8cd-4e5c-bc39-325bb83fc273, command=[]} | ret=SUCCESS |  
2019-09-05 07:35:46,393 [main] INFO  ozoneimpl.OzoneContainer (OzoneContainer.java:stop(199)) - Attempting to stop container services.
2019-09-05 07:35:46,403 [main] INFO  impl.RaftServerProxy (RaftServerProxy.java:lambda$close$4(314)) - 7a080ec0-19ca-4af1-b3b9-6aaba7a45b53: close
2019-09-05 07:35:46,406 [ForkJoinPool.commonPool-worker-1] INFO  impl.RaftServerImpl (RaftServerImpl.java:lambda$shutdown$3(245)) - 7a080ec0-19ca-4af1-b3b9-6aaba7a45b53: shutdown group-275862EAF019
2019-09-05 07:35:46,406 [ForkJoinPool.commonPool-worker-1] INFO  util.JmxRegister (JmxRegister.java:unregister(73)) - Successfully un-registered JMX Bean with object name Ratis:service=RaftServer,group=group-275862EAF019,id=7a080ec0-19ca-4af1-b3b9-6aaba7a45b53
2019-09-05 07:35:46,406 [ForkJoinPool.commonPool-worker-1] INFO  impl.RoleInfo (RoleInfo.java:shutdownLeaderState(104)) - 7a080ec0-19ca-4af1-b3b9-6aaba7a45b53: shutdown LeaderState
2019-09-05 07:35:46,406 [main] INFO  impl.RaftServerImpl (RaftServerImpl.java:lambda$shutdown$3(245)) - 7a080ec0-19ca-4af1-b3b9-6aaba7a45b53: shutdown group-A43BF23DD728
2019-09-05 07:35:46,407 [main] INFO  util.JmxRegister (JmxRegister.java:unregister(73)) - Successfully un-registered JMX Bean with object name Ratis:service=RaftServer,group=group-A43BF23DD728,id=7a080ec0-19ca-4af1-b3b9-6aaba7a45b53
2019-09-05 07:35:46,411 [org.apache.ratis.server.impl.LogAppender$AppenderDaemon$$Lambda$470/1767030991@2c41b60] WARN  server.GrpcLogAppender (GrpcLogAppender.java:mayWait(143)) - GrpcLogAppender(7a080ec0-19ca-4af1-b3b9-6aaba7a45b53->216f763b-3e68-44a6-8a6b-4b7681664146): Wait interrupted by java.lang.InterruptedException
2019-09-05 07:35:46,411 [org.apache.ratis.server.impl.LogAppender$AppenderDaemon$$Lambda$470/1767030991@90bebfc] WARN  server.GrpcLogAppender (GrpcLogAppender.java:mayWait(143)) - GrpcLogAppender(7a080ec0-19ca-4af1-b3b9-6aaba7a45b53->cbc4e215-9e19-470f-b262-a66375af609e): Wait interrupted by java.lang.InterruptedException
2019-09-05 07:35:46,411 [ForkJoinPool.commonPool-worker-1] INFO  impl.PendingRequests (PendingRequests.java:sendNotLeaderResponses(202)) - 7a080ec0-19ca-4af1-b3b9-6aaba7a45b53-PendingRequests: sendNotLeaderResponses
2019-09-05 07:35:46,413 [main] INFO  impl.RoleInfo (RoleInfo.java:shutdownLeaderState(104)) - 7a080ec0-19ca-4af1-b3b9-6aaba7a45b53: shutdown LeaderState
2019-09-05 07:35:46,414 [main] INFO  impl.PendingRequests (PendingRequests.java:sendNotLeaderResponses(202)) - 7a080ec0-19ca-4af1-b3b9-6aaba7a45b53-PendingRequests: sendNotLeaderResponses
2019-09-05 07:35:46,421 [grpc-default-executor-4] INFO  server.GrpcServerProtocolService (GrpcServerProtocolService.java:onCompleted(104)) - cbc4e215-9e19-470f-b262-a66375af609e: appendEntries completed
2019-09-05 07:35:46,421 [grpc-default-executor-0] INFO  server.GrpcServerProtocolService (GrpcServerProtocolService.java:onCompleted(104)) - 216f763b-3e68-44a6-8a6b-4b7681664146: appendEntries completed
2019-09-05 07:35:46,426 [main] INFO  impl.StateMachineUpdater (StateMachineUpdater.java:stopAndJoin(115)) - StateMachineUpdater:7a080ec0-19ca-4af1-b3b9-6aaba7a45b53:group-A43BF23DD728: set stopIndex = 0
2019-09-05 07:35:46,426 [grpc-default-executor-0] INFO  server.GrpcLogAppender (GrpcLogAppender.java:onCompleted(292)) - 7a080ec0-19ca-4af1-b3b9-6aaba7a45b53->216f763b-3e68-44a6-8a6b-4b7681664146: follower responses appendEntries COMPLETED
2019-09-05 07:35:46,426 [grpc-default-executor-4] INFO  server.GrpcLogAppender (GrpcLogAppender.java:onCompleted(292)) - 7a080ec0-19ca-4af1-b3b9-6aaba7a45b53->cbc4e215-9e19-470f-b262-a66375af609e: follower responses appendEntries COMPLETED
2019-09-05 07:35:46,427 [main] INFO  impl.RaftServerImpl (ServerState.java:close(394)) - 7a080ec0-19ca-4af1-b3b9-6aaba7a45b53:group-A43BF23DD728 closes. The last applied log index is 0
2019-09-05 07:35:46,433 [ForkJoinPool.commonPool-worker-1] INFO  impl.StateMachineUpdater (StateMachineUpdater.java:stopAndJoin(115)) - StateMachineUpdater:7a080ec0-19ca-4af1-b3b9-6aaba7a45b53:group-275862EAF019: set stopIndex = 15
2019-09-05 07:35:46,435 [StateMachineUpdater:7a080ec0-19ca-4af1-b3b9-6aaba7a45b53:group-275862EAF019] INFO  ratis.ContainerStateMachine (ContainerStateMachine.java:takeSnapshot(283)) - group-275862EAF019: Taking a snapshot at:(t:1, i:15) file /workdir/hadoop-ozone/integration-test/target/test-dir/MiniOzoneClusterImpl-a91fc67d-f8c9-4dc9-8b91-6f02eb894b3b/datanode-0/data/ratis/914be1f7-a49a-4d55-96c7-275862eaf019/sm/snapshot.1_15
2019-09-05 07:35:46,435 [grpc-default-executor-4] INFO  impl.FollowerInfo (FollowerInfo.java:lambda$new$0(50)) - 7a080ec0-19ca-4af1-b3b9-6aaba7a45b53->cbc4e215-9e19-470f-b262-a66375af609e: nextIndex: updateUnconditionally 16 -> 15
2019-09-05 07:35:46,435 [grpc-default-executor-0] INFO  impl.FollowerInfo (FollowerInfo.java:lambda$new$0(50)) - 7a080ec0-19ca-4af1-b3b9-6aaba7a45b53->216f763b-3e68-44a6-8a6b-4b7681664146: nextIndex: updateUnconditionally 16 -> 15
2019-09-05 07:35:46,438 [7a080ec0-19ca-4af1-b3b9-6aaba7a45b53-SegmentedRaftLogWorker:Storage Directory /workdir/hadoop-ozone/integration-test/target/test-dir/MiniOzoneClusterImpl-a91fc67d-f8c9-4dc9-8b91-6f02eb894b3b/datanode-0/data/ratis/2b82bd86-e43c-4759-b1dc-a43bf23dd728] INFO  segmented.SegmentedRaftLogWorker (SegmentedRaftLogWorker.java:run(313)) - 7a080ec0-19ca-4af1-b3b9-6aaba7a45b53-SegmentedRaftLogWorker:Storage Directory /workdir/hadoop-ozone/integration-test/target/test-dir/MiniOzoneClusterImpl-a91fc67d-f8c9-4dc9-8b91-6f02eb894b3b/datanode-0/data/ratis/2b82bd86-e43c-4759-b1dc-a43bf23dd728 was interrupted, exiting. There are 0 tasks remaining in the queue.
2019-09-05 07:35:46,440 [main] INFO  segmented.SegmentedRaftLogWorker (SegmentedRaftLogWorker.java:close(228)) - 7a080ec0-19ca-4af1-b3b9-6aaba7a45b53-SegmentedRaftLogWorker:Storage Directory /workdir/hadoop-ozone/integration-test/target/test-dir/MiniOzoneClusterImpl-a91fc67d-f8c9-4dc9-8b91-6f02eb894b3b/datanode-0/data/ratis/2b82bd86-e43c-4759-b1dc-a43bf23dd728 close()
2019-09-05 07:35:46,454 | INFO  | SCMAudit | user=jenkins1000 | ip=192.168.36.69 | op=SEND_HEARTBEAT {datanodeUUID=017b796d-3321-494b-8d8c-e766a57787fe, command=[]} | ret=SUCCESS |  
2019-09-05 07:35:46,486 [StateMachineUpdater:7a080ec0-19ca-4af1-b3b9-6aaba7a45b53:group-275862EAF019] INFO  ratis.ContainerStateMachine (ContainerStateMachine.java:takeSnapshot(294)) - group-275862EAF019: Finished taking a snapshot at:(t:1, i:15) file:/workdir/hadoop-ozone/integration-test/target/test-dir/MiniOzoneClusterImpl-a91fc67d-f8c9-4dc9-8b91-6f02eb894b3b/datanode-0/data/ratis/914be1f7-a49a-4d55-96c7-275862eaf019/sm/snapshot.1_15 time:51
2019-09-05 07:35:46,486 [StateMachineUpdater:7a080ec0-19ca-4af1-b3b9-6aaba7a45b53:group-275862EAF019] INFO  impl.StateMachineUpdater (StateMachineUpdater.java:takeSnapshot(242)) - StateMachineUpdater:7a080ec0-19ca-4af1-b3b9-6aaba7a45b53:group-275862EAF019: Took a snapshot at index 15
2019-09-05 07:35:46,487 [StateMachineUpdater:7a080ec0-19ca-4af1-b3b9-6aaba7a45b53:group-275862EAF019] INFO  impl.StateMachineUpdater (StateMachineUpdater.java:lambda$new$0(80)) - StateMachineUpdater:7a080ec0-19ca-4af1-b3b9-6aaba7a45b53:group-275862EAF019: snapshotIndex: updateIncreasingly -1 -> 15
2019-09-05 07:35:46,492 [ForkJoinPool.commonPool-worker-1] INFO  impl.RaftServerImpl (ServerState.java:close(394)) - 7a080ec0-19ca-4af1-b3b9-6aaba7a45b53:group-275862EAF019 closes. The last applied log index is 15
2019-09-05 07:35:46,492 [7a080ec0-19ca-4af1-b3b9-6aaba7a45b53-SegmentedRaftLogWorker:Storage Directory /workdir/hadoop-ozone/integration-test/target/test-dir/MiniOzoneClusterImpl-a91fc67d-f8c9-4dc9-8b91-6f02eb894b3b/datanode-0/data/ratis/914be1f7-a49a-4d55-96c7-275862eaf019] INFO  segmented.SegmentedRaftLogWorker (SegmentedRaftLogWorker.java:run(313)) - 7a080ec0-19ca-4af1-b3b9-6aaba7a45b53-SegmentedRaftLogWorker:Storage Directory /workdir/hadoop-ozone/integration-test/target/test-dir/MiniOzoneClusterImpl-a91fc67d-f8c9-4dc9-8b91-6f02eb894b3b/datanode-0/data/ratis/914be1f7-a49a-4d55-96c7-275862eaf019 was interrupted, exiting. There are 0 tasks remaining in the queue.
2019-09-05 07:35:46,495 [ForkJoinPool.commonPool-worker-1] INFO  segmented.SegmentedRaftLogWorker (SegmentedRaftLogWorker.java:close(228)) - 7a080ec0-19ca-4af1-b3b9-6aaba7a45b53-SegmentedRaftLogWorker:Storage Directory /workdir/hadoop-ozone/integration-test/target/test-dir/MiniOzoneClusterImpl-a91fc67d-f8c9-4dc9-8b91-6f02eb894b3b/datanode-0/data/ratis/914be1f7-a49a-4d55-96c7-275862eaf019 close()
2019-09-05 07:35:46,500 [main] INFO  server.GrpcService (GrpcService.java:closeImpl(155)) - 7a080ec0-19ca-4af1-b3b9-6aaba7a45b53: shutdown server with port 43350 now
2019-09-05 07:35:46,504 [main] INFO  server.GrpcService (GrpcService.java:closeImpl(163)) - 7a080ec0-19ca-4af1-b3b9-6aaba7a45b53: shutdown server with port 43350 successfully
2019-09-05 07:35:46,504 [grpc-default-executor-0] WARN  client.GrpcClientProtocolService (LogUtils.java:warn(134)) - 3-UnorderedRequestStreamObserver3: onError: org.apache.ratis.thirdparty.io.grpc.StatusRuntimeException: CANCELLED: cancelled before receiving half close
2019-09-05 07:35:46,515 [main] INFO  utils.BackgroundService (BackgroundService.java:shutdown(148)) - Shutting down service BlockDeletingService
2019-09-05 07:35:46,516 [refreshUsed-/workdir/hadoop-ozone/integration-test/target/test-dir/MiniOzoneClusterImpl-a91fc67d-f8c9-4dc9-8b91-6f02eb894b3b/datanode-0/data/containers] WARN  fs.CachingGetSpaceUsed (CachingGetSpaceUsed.java:run(183)) - Thread Interrupted waiting to refresh disk information: sleep interrupted
2019-09-05 07:35:46,531 [main] INFO  statemachine.DatanodeStateMachine (DatanodeStateMachine.java:stopDaemon(395)) - Ozone container server stopped.
2019-09-05 07:35:46,534 [main] INFO  handler.ContextHandler (ContextHandler.java:doStop(910)) - Stopped o.e.j.w.WebAppContext@7b306b9f{/,null,UNAVAILABLE}{/hddsDatanode}
2019-09-05 07:35:46,540 [main] INFO  server.AbstractConnector (AbstractConnector.java:doStop(318)) - Stopped ServerConnector@142213d5{HTTP/1.1,[http/1.1]}{0.0.0.0:0}
2019-09-05 07:35:46,540 [main] INFO  handler.ContextHandler (ContextHandler.java:doStop(910)) - Stopped o.e.j.s.ServletContextHandler@17fa1336{/static,jar:file:/home/user/.m2/repository/org/apache/hadoop/hadoop-hdds-container-service/0.5.0-SNAPSHOT/hadoop-hdds-container-service-0.5.0-SNAPSHOT.jar!/webapps/static,UNAVAILABLE}
2019-09-05 07:35:46,540 [main] INFO  handler.ContextHandler (ContextHandler.java:doStop(910)) - Stopped o.e.j.s.ServletContextHandler@1457fde{/logs,file:///workdir/hadoop-ozone/integration-test/target/log,UNAVAILABLE}
2019-09-05 07:35:46,542 [main] INFO  datanode.ObjectStoreHandler (ObjectStoreHandler.java:close(155)) - Closing ObjectStoreHandler.
2019-09-05 07:35:46,542 [main] INFO  ozone.HddsDatanodeService (HddsDatanodeService.java:stop(451)) - Stopped plug-in org.apache.hadoop.ozone.web.OzoneHddsDatanodeService@22a4ca4a
2019-09-05 07:35:46,693 | INFO  | SCMAudit | user=jenkins1000 | ip=192.168.36.69 | op=SEND_HEARTBEAT {datanodeUUID=d8846d25-1678-4df1-8bff-f38eb3492905, command=[]} | ret=SUCCESS |  
2019-09-05 07:35:46,816 [Datanode State Machine Thread - 0] INFO  statemachine.DatanodeStateMachine (DatanodeStateMachine.java:lambda$startDaemon$0(350)) - Ozone container server started.
2019-09-05 07:35:46,844 | INFO  | SCMAudit | user=jenkins1000 | ip=192.168.36.69 | op=SEND_HEARTBEAT {datanodeUUID=cbc4e215-9e19-470f-b262-a66375af609e, command=[commandType: closeContainerCommand closeContainerCommandProto { containerID: 1 pipelineID { id: "914be1f7-a49a-4d55-96c7-275862eaf019" } cmdId: 1 force: false } ]} | ret=SUCCESS |  
2019-09-05 07:35:46,938 | INFO  | SCMAudit | user=jenkins1000 | ip=192.168.36.69 | op=SEND_HEARTBEAT {datanodeUUID=5822af17-ba6a-443c-803e-51bf9a574bd0, command=[]} | ret=SUCCESS |  
2019-09-05 07:35:47,224 | INFO  | SCMAudit | user=jenkins1000 | ip=192.168.36.69 | op=SEND_HEARTBEAT {datanodeUUID=618caef6-a8cd-4e5c-bc39-325bb83fc273, command=[]} | ret=SUCCESS |  
2019-09-05 07:35:47,454 | INFO  | SCMAudit | user=jenkins1000 | ip=192.168.36.69 | op=SEND_HEARTBEAT {datanodeUUID=017b796d-3321-494b-8d8c-e766a57787fe, command=[]} | ret=SUCCESS |  
2019-09-05 07:35:47,693 | INFO  | SCMAudit | user=jenkins1000 | ip=192.168.36.69 | op=SEND_HEARTBEAT {datanodeUUID=d8846d25-1678-4df1-8bff-f38eb3492905, command=[]} | ret=SUCCESS |  
2019-09-05 07:35:47,820 | INFO  | SCMAudit | user=jenkins1000 | ip=192.168.36.69 | op=SEND_HEARTBEAT {datanodeUUID=cbc4e215-9e19-470f-b262-a66375af609e, command=[]} | ret=SUCCESS |  
2019-09-05 07:35:47,865 | INFO  | SCMAudit | user=jenkins1000 | ip=192.168.36.69 | op=SEND_HEARTBEAT {datanodeUUID=cbc4e215-9e19-470f-b262-a66375af609e, command=[]} | ret=SUCCESS |  
2019-09-05 07:35:47,938 | INFO  | SCMAudit | user=jenkins1000 | ip=192.168.36.69 | op=SEND_HEARTBEAT {datanodeUUID=5822af17-ba6a-443c-803e-51bf9a574bd0, command=[]} | ret=SUCCESS |  
2019-09-05 07:35:48,224 | INFO  | SCMAudit | user=jenkins1000 | ip=192.168.36.69 | op=SEND_HEARTBEAT {datanodeUUID=618caef6-a8cd-4e5c-bc39-325bb83fc273, command=[]} | ret=SUCCESS |  
2019-09-05 07:35:48,455 | INFO  | SCMAudit | user=jenkins1000 | ip=192.168.36.69 | op=SEND_HEARTBEAT {datanodeUUID=017b796d-3321-494b-8d8c-e766a57787fe, command=[]} | ret=SUCCESS |  
2019-09-05 07:35:48,694 | INFO  | SCMAudit | user=jenkins1000 | ip=192.168.36.69 | op=SEND_HEARTBEAT {datanodeUUID=d8846d25-1678-4df1-8bff-f38eb3492905, command=[]} | ret=SUCCESS |  
2019-09-05 07:35:48,865 | INFO  | SCMAudit | user=jenkins1000 | ip=192.168.36.69 | op=SEND_HEARTBEAT {datanodeUUID=cbc4e215-9e19-470f-b262-a66375af609e, command=[]} | ret=SUCCESS |  
2019-09-05 07:35:48,939 | INFO  | SCMAudit | user=jenkins1000 | ip=192.168.36.69 | op=SEND_HEARTBEAT {datanodeUUID=5822af17-ba6a-443c-803e-51bf9a574bd0, command=[]} | ret=SUCCESS |  
2019-09-05 07:35:49,224 | INFO  | SCMAudit | user=jenkins1000 | ip=192.168.36.69 | op=SEND_HEARTBEAT {datanodeUUID=618caef6-a8cd-4e5c-bc39-325bb83fc273, command=[]} | ret=SUCCESS |  
2019-09-05 07:35:49,455 | INFO  | SCMAudit | user=jenkins1000 | ip=192.168.36.69 | op=SEND_HEARTBEAT {datanodeUUID=017b796d-3321-494b-8d8c-e766a57787fe, command=[]} | ret=SUCCESS |  
2019-09-05 07:35:49,695 | INFO  | SCMAudit | user=jenkins1000 | ip=192.168.36.69 | op=SEND_HEARTBEAT {datanodeUUID=d8846d25-1678-4df1-8bff-f38eb3492905, command=[]} | ret=SUCCESS |  
2019-09-05 07:35:49,865 | INFO  | SCMAudit | user=jenkins1000 | ip=192.168.36.69 | op=SEND_HEARTBEAT {datanodeUUID=cbc4e215-9e19-470f-b262-a66375af609e, command=[]} | ret=SUCCESS |  
2019-09-05 07:35:49,938 | INFO  | SCMAudit | user=jenkins1000 | ip=192.168.36.69 | op=SEND_HEARTBEAT {datanodeUUID=5822af17-ba6a-443c-803e-51bf9a574bd0, command=[]} | ret=SUCCESS |  
2019-09-05 07:35:50,224 | INFO  | SCMAudit | user=jenkins1000 | ip=192.168.36.69 | op=SEND_HEARTBEAT {datanodeUUID=618caef6-a8cd-4e5c-bc39-325bb83fc273, command=[]} | ret=SUCCESS |  
2019-09-05 07:35:50,455 | INFO  | SCMAudit | user=jenkins1000 | ip=192.168.36.69 | op=SEND_HEARTBEAT {datanodeUUID=017b796d-3321-494b-8d8c-e766a57787fe, command=[]} | ret=SUCCESS |  
2019-09-05 07:35:50,695 | INFO  | SCMAudit | user=jenkins1000 | ip=192.168.36.69 | op=SEND_HEARTBEAT {datanodeUUID=d8846d25-1678-4df1-8bff-f38eb3492905, command=[]} | ret=SUCCESS |  
2019-09-05 07:35:50,866 | INFO  | SCMAudit | user=jenkins1000 | ip=192.168.36.69 | op=SEND_HEARTBEAT {datanodeUUID=cbc4e215-9e19-470f-b262-a66375af609e, command=[]} | ret=SUCCESS |  
2019-09-05 07:35:50,917 [EventQueue-StaleNodeForStaleNodeHandler] INFO  node.StaleNodeHandler (StaleNodeHandler.java:onMessage(58)) - Datanode 216f763b-3e68-44a6-8a6b-4b7681664146{ip: 192.168.36.69, host: pr-hdds-1571-lfg7x-4139639749, networkLocation: /default-rack, certSerialId: null} moved to stale state. Finalizing its pipelines [PipelineID=0cf20a7b-f193-4a1a-9360-193ed8ad1d8f, PipelineID=914be1f7-a49a-4d55-96c7-275862eaf019]
2019-09-05 07:35:50,917 [EventQueue-StaleNodeForStaleNodeHandler] INFO  pipeline.SCMPipelineManager (SCMPipelineManager.java:finalizeAndDestroyPipeline(309)) - destroying pipeline:Pipeline[ Id: 0cf20a7b-f193-4a1a-9360-193ed8ad1d8f, Nodes: 216f763b-3e68-44a6-8a6b-4b7681664146{ip: 192.168.36.69, host: pr-hdds-1571-lfg7x-4139639749, networkLocation: /default-rack, certSerialId: null}, Type:RATIS, Factor:ONE, State:OPEN]
2019-09-05 07:35:50,918 [EventQueue-StaleNodeForStaleNodeHandler] INFO  pipeline.PipelineStateManager (PipelineStateManager.java:finalizePipeline(123)) - Pipeline Pipeline[ Id: 0cf20a7b-f193-4a1a-9360-193ed8ad1d8f, Nodes: 216f763b-3e68-44a6-8a6b-4b7681664146{ip: 192.168.36.69, host: pr-hdds-1571-lfg7x-4139639749, networkLocation: /default-rack, certSerialId: null}, Type:RATIS, Factor:ONE, State:CLOSED] moved to CLOSED state
2019-09-05 07:35:50,918 [EventQueue-StaleNodeForStaleNodeHandler] INFO  pipeline.SCMPipelineManager (SCMPipelineManager.java:finalizeAndDestroyPipeline(309)) - destroying pipeline:Pipeline[ Id: 914be1f7-a49a-4d55-96c7-275862eaf019, Nodes: 7a080ec0-19ca-4af1-b3b9-6aaba7a45b53{ip: 192.168.36.69, host: pr-hdds-1571-lfg7x-4139639749, networkLocation: /default-rack, certSerialId: null}216f763b-3e68-44a6-8a6b-4b7681664146{ip: 192.168.36.69, host: pr-hdds-1571-lfg7x-4139639749, networkLocation: /default-rack, certSerialId: null}cbc4e215-9e19-470f-b262-a66375af609e{ip: 192.168.36.69, host: pr-hdds-1571-lfg7x-4139639749, networkLocation: /default-rack, certSerialId: null}, Type:RATIS, Factor:THREE, State:CLOSED]
2019-09-05 07:35:50,938 | INFO  | SCMAudit | user=jenkins1000 | ip=192.168.36.69 | op=SEND_HEARTBEAT {datanodeUUID=5822af17-ba6a-443c-803e-51bf9a574bd0, command=[]} | ret=SUCCESS |  
2019-09-05 07:35:51,224 | INFO  | SCMAudit | user=jenkins1000 | ip=192.168.36.69 | op=SEND_HEARTBEAT {datanodeUUID=618caef6-a8cd-4e5c-bc39-325bb83fc273, command=[]} | ret=SUCCESS |  
2019-09-05 07:35:51,455 | INFO  | SCMAudit | user=jenkins1000 | ip=192.168.36.69 | op=SEND_HEARTBEAT {datanodeUUID=017b796d-3321-494b-8d8c-e766a57787fe, command=[]} | ret=SUCCESS |  
2019-09-05 07:35:51,543 [main] INFO  ozoneimpl.OzoneContainer (OzoneContainer.java:stop(199)) - Attempting to stop container services.
2019-09-05 07:35:51,544 [main] INFO  impl.RaftServerProxy (RaftServerProxy.java:lambda$close$4(314)) - 216f763b-3e68-44a6-8a6b-4b7681664146: close
2019-09-05 07:35:51,544 [main] INFO  impl.RaftServerImpl (RaftServerImpl.java:lambda$shutdown$3(245)) - 216f763b-3e68-44a6-8a6b-4b7681664146: shutdown group-193ED8AD1D8F
2019-09-05 07:35:51,545 [main] INFO  util.JmxRegister (JmxRegister.java:unregister(73)) - Successfully un-registered JMX Bean with object name Ratis:service=RaftServer,group=group-193ED8AD1D8F,id=216f763b-3e68-44a6-8a6b-4b7681664146
2019-09-05 07:35:51,545 [main] INFO  impl.RoleInfo (RoleInfo.java:shutdownLeaderState(104)) - 216f763b-3e68-44a6-8a6b-4b7681664146: shutdown LeaderState
2019-09-05 07:35:51,545 [main] INFO  impl.PendingRequests (PendingRequests.java:sendNotLeaderResponses(202)) - 216f763b-3e68-44a6-8a6b-4b7681664146-PendingRequests: sendNotLeaderResponses
2019-09-05 07:35:51,546 [main] INFO  impl.StateMachineUpdater (StateMachineUpdater.java:stopAndJoin(115)) - StateMachineUpdater:216f763b-3e68-44a6-8a6b-4b7681664146:group-193ED8AD1D8F: set stopIndex = 0
2019-09-05 07:35:51,546 [main] INFO  impl.RaftServerImpl (ServerState.java:close(394)) - 216f763b-3e68-44a6-8a6b-4b7681664146:group-193ED8AD1D8F closes. The last applied log index is 0
2019-09-05 07:35:51,547 [216f763b-3e68-44a6-8a6b-4b7681664146-SegmentedRaftLogWorker:Storage Directory /workdir/hadoop-ozone/integration-test/target/test-dir/MiniOzoneClusterImpl-a91fc67d-f8c9-4dc9-8b91-6f02eb894b3b/datanode-3/data/ratis/0cf20a7b-f193-4a1a-9360-193ed8ad1d8f] INFO  segmented.SegmentedRaftLogWorker (SegmentedRaftLogWorker.java:run(313)) - 216f763b-3e68-44a6-8a6b-4b7681664146-SegmentedRaftLogWorker:Storage Directory /workdir/hadoop-ozone/integration-test/target/test-dir/MiniOzoneClusterImpl-a91fc67d-f8c9-4dc9-8b91-6f02eb894b3b/datanode-3/data/ratis/0cf20a7b-f193-4a1a-9360-193ed8ad1d8f was interrupted, exiting. There are 0 tasks remaining in the queue.
2019-09-05 07:35:51,550 [main] INFO  segmented.SegmentedRaftLogWorker (SegmentedRaftLogWorker.java:close(228)) - 216f763b-3e68-44a6-8a6b-4b7681664146-SegmentedRaftLogWorker:Storage Directory /workdir/hadoop-ozone/integration-test/target/test-dir/MiniOzoneClusterImpl-a91fc67d-f8c9-4dc9-8b91-6f02eb894b3b/datanode-3/data/ratis/0cf20a7b-f193-4a1a-9360-193ed8ad1d8f close()
2019-09-05 07:35:51,553 [main] INFO  impl.RaftServerImpl (RaftServerImpl.java:lambda$shutdown$3(245)) - 216f763b-3e68-44a6-8a6b-4b7681664146: shutdown group-275862EAF019
2019-09-05 07:35:51,553 [main] INFO  util.JmxRegister (JmxRegister.java:unregister(73)) - Successfully un-registered JMX Bean with object name Ratis:service=RaftServer,group=group-275862EAF019,id=216f763b-3e68-44a6-8a6b-4b7681664146
2019-09-05 07:35:51,554 [main] INFO  impl.RoleInfo (RoleInfo.java:shutdownFollowerState(121)) - 216f763b-3e68-44a6-8a6b-4b7681664146: shutdown FollowerState
2019-09-05 07:35:51,554 [main] INFO  impl.StateMachineUpdater (StateMachineUpdater.java:stopAndJoin(115)) - StateMachineUpdater:216f763b-3e68-44a6-8a6b-4b7681664146:group-275862EAF019: set stopIndex = 15
2019-09-05 07:35:51,554 [Thread-326] INFO  impl.FollowerState (FollowerState.java:run(114)) - 216f763b-3e68-44a6-8a6b-4b7681664146: FollowerState was interrupted: java.lang.InterruptedException: sleep interrupted
2019-09-05 07:35:51,554 [StateMachineUpdater:216f763b-3e68-44a6-8a6b-4b7681664146:group-275862EAF019] INFO  ratis.ContainerStateMachine (ContainerStateMachine.java:takeSnapshot(283)) - group-275862EAF019: Taking a snapshot at:(t:1, i:13) file /workdir/hadoop-ozone/integration-test/target/test-dir/MiniOzoneClusterImpl-a91fc67d-f8c9-4dc9-8b91-6f02eb894b3b/datanode-3/data/ratis/914be1f7-a49a-4d55-96c7-275862eaf019/sm/snapshot.1_13
2019-09-05 07:35:51,569 [StateMachineUpdater:216f763b-3e68-44a6-8a6b-4b7681664146:group-275862EAF019] INFO  ratis.ContainerStateMachine (ContainerStateMachine.java:takeSnapshot(294)) - group-275862EAF019: Finished taking a snapshot at:(t:1, i:13) file:/workdir/hadoop-ozone/integration-test/target/test-dir/MiniOzoneClusterImpl-a91fc67d-f8c9-4dc9-8b91-6f02eb894b3b/datanode-3/data/ratis/914be1f7-a49a-4d55-96c7-275862eaf019/sm/snapshot.1_13 time:15
2019-09-05 07:35:51,569 [StateMachineUpdater:216f763b-3e68-44a6-8a6b-4b7681664146:group-275862EAF019] INFO  impl.StateMachineUpdater (StateMachineUpdater.java:takeSnapshot(242)) - StateMachineUpdater:216f763b-3e68-44a6-8a6b-4b7681664146:group-275862EAF019: Took a snapshot at index 13
2019-09-05 07:35:51,569 [StateMachineUpdater:216f763b-3e68-44a6-8a6b-4b7681664146:group-275862EAF019] INFO  impl.StateMachineUpdater (StateMachineUpdater.java:lambda$new$0(80)) - StateMachineUpdater:216f763b-3e68-44a6-8a6b-4b7681664146:group-275862EAF019: snapshotIndex: updateIncreasingly -1 -> 13
2019-09-05 07:35:51,570 [main] INFO  impl.RaftServerImpl (ServerState.java:close(394)) - 216f763b-3e68-44a6-8a6b-4b7681664146:group-275862EAF019 closes. The last applied log index is 15
2019-09-05 07:35:51,571 [216f763b-3e68-44a6-8a6b-4b7681664146-SegmentedRaftLogWorker:Storage Directory /workdir/hadoop-ozone/integration-test/target/test-dir/MiniOzoneClusterImpl-a91fc67d-f8c9-4dc9-8b91-6f02eb894b3b/datanode-3/data/ratis/914be1f7-a49a-4d55-96c7-275862eaf019] INFO  segmented.SegmentedRaftLogWorker (SegmentedRaftLogWorker.java:run(313)) - 216f763b-3e68-44a6-8a6b-4b7681664146-SegmentedRaftLogWorker:Storage Directory /workdir/hadoop-ozone/integration-test/target/test-dir/MiniOzoneClusterImpl-a91fc67d-f8c9-4dc9-8b91-6f02eb894b3b/datanode-3/data/ratis/914be1f7-a49a-4d55-96c7-275862eaf019 was interrupted, exiting. There are 0 tasks remaining in the queue.
2019-09-05 07:35:51,573 [main] INFO  segmented.SegmentedRaftLogWorker (SegmentedRaftLogWorker.java:close(228)) - 216f763b-3e68-44a6-8a6b-4b7681664146-SegmentedRaftLogWorker:Storage Directory /workdir/hadoop-ozone/integration-test/target/test-dir/MiniOzoneClusterImpl-a91fc67d-f8c9-4dc9-8b91-6f02eb894b3b/datanode-3/data/ratis/914be1f7-a49a-4d55-96c7-275862eaf019 close()
2019-09-05 07:35:51,576 [main] INFO  server.GrpcService (GrpcService.java:closeImpl(155)) - 216f763b-3e68-44a6-8a6b-4b7681664146: shutdown server with port 46568 now
2019-09-05 07:35:51,576 [main] INFO  server.GrpcService (GrpcService.java:closeImpl(163)) - 216f763b-3e68-44a6-8a6b-4b7681664146: shutdown server with port 46568 successfully
2019-09-05 07:35:51,578 [main] INFO  utils.BackgroundService (BackgroundService.java:shutdown(148)) - Shutting down service BlockDeletingService
2019-09-05 07:35:51,579 [refreshUsed-/workdir/hadoop-ozone/integration-test/target/test-dir/MiniOzoneClusterImpl-a91fc67d-f8c9-4dc9-8b91-6f02eb894b3b/datanode-3/data/containers] WARN  fs.CachingGetSpaceUsed (CachingGetSpaceUsed.java:run(183)) - Thread Interrupted waiting to refresh disk information: sleep interrupted
2019-09-05 07:35:51,601 [main] INFO  statemachine.DatanodeStateMachine (DatanodeStateMachine.java:stopDaemon(395)) - Ozone container server stopped.
2019-09-05 07:35:51,602 [main] INFO  handler.ContextHandler (ContextHandler.java:doStop(910)) - Stopped o.e.j.w.WebAppContext@6889f56f{/,null,UNAVAILABLE}{/hddsDatanode}
2019-09-05 07:35:51,603 [main] INFO  server.AbstractConnector (AbstractConnector.java:doStop(318)) - Stopped ServerConnector@231b35fb{HTTP/1.1,[http/1.1]}{0.0.0.0:0}
2019-09-05 07:35:51,603 [main] INFO  handler.ContextHandler (ContextHandler.java:doStop(910)) - Stopped o.e.j.s.ServletContextHandler@5a2ae1ab{/static,jar:file:/home/user/.m2/repository/org/apache/hadoop/hadoop-hdds-container-service/0.5.0-SNAPSHOT/hadoop-hdds-container-service-0.5.0-SNAPSHOT.jar!/webapps/static,UNAVAILABLE}
2019-09-05 07:35:51,604 [main] INFO  handler.ContextHandler (ContextHandler.java:doStop(910)) - Stopped o.e.j.s.ServletContextHandler@2b6fb197{/logs,file:///workdir/hadoop-ozone/integration-test/target/log,UNAVAILABLE}
2019-09-05 07:35:51,695 | INFO  | SCMAudit | user=jenkins1000 | ip=192.168.36.69 | op=SEND_HEARTBEAT {datanodeUUID=d8846d25-1678-4df1-8bff-f38eb3492905, command=[]} | ret=SUCCESS |  
2019-09-05 07:35:51,865 | INFO  | SCMAudit | user=jenkins1000 | ip=192.168.36.69 | op=SEND_HEARTBEAT {datanodeUUID=cbc4e215-9e19-470f-b262-a66375af609e, command=[]} | ret=SUCCESS |  
2019-09-05 07:35:51,938 | INFO  | SCMAudit | user=jenkins1000 | ip=192.168.36.69 | op=SEND_HEARTBEAT {datanodeUUID=5822af17-ba6a-443c-803e-51bf9a574bd0, command=[]} | ret=SUCCESS |  
2019-09-05 07:35:52,224 | INFO  | SCMAudit | user=jenkins1000 | ip=192.168.36.69 | op=SEND_HEARTBEAT {datanodeUUID=618caef6-a8cd-4e5c-bc39-325bb83fc273, command=[]} | ret=SUCCESS |  
2019-09-05 07:35:52,456 | INFO  | SCMAudit | user=jenkins1000 | ip=192.168.36.69 | op=SEND_HEARTBEAT {datanodeUUID=017b796d-3321-494b-8d8c-e766a57787fe, command=[]} | ret=SUCCESS |  
2019-09-05 07:35:52,696 | INFO  | SCMAudit | user=jenkins1000 | ip=192.168.36.69 | op=SEND_HEARTBEAT {datanodeUUID=d8846d25-1678-4df1-8bff-f38eb3492905, command=[]} | ret=SUCCESS |  
2019-09-05 07:35:52,866 | INFO  | SCMAudit | user=jenkins1000 | ip=192.168.36.69 | op=SEND_HEARTBEAT {datanodeUUID=cbc4e215-9e19-470f-b262-a66375af609e, command=[]} | ret=SUCCESS |  
2019-09-05 07:35:52,939 | INFO  | SCMAudit | user=jenkins1000 | ip=192.168.36.69 | op=SEND_HEARTBEAT {datanodeUUID=5822af17-ba6a-443c-803e-51bf9a574bd0, command=[]} | ret=SUCCESS |  
2019-09-05 07:35:53,225 | INFO  | SCMAudit | user=jenkins1000 | ip=192.168.36.69 | op=SEND_HEARTBEAT {datanodeUUID=618caef6-a8cd-4e5c-bc39-325bb83fc273, command=[]} | ret=SUCCESS |  
2019-09-05 07:35:53,456 | INFO  | SCMAudit | user=jenkins1000 | ip=192.168.36.69 | op=SEND_HEARTBEAT {datanodeUUID=017b796d-3321-494b-8d8c-e766a57787fe, command=[]} | ret=SUCCESS |  
2019-09-05 07:35:53,696 | INFO  | SCMAudit | user=jenkins1000 | ip=192.168.36.69 | op=SEND_HEARTBEAT {datanodeUUID=d8846d25-1678-4df1-8bff-f38eb3492905, command=[]} | ret=SUCCESS |  
2019-09-05 07:35:53,865 | INFO  | SCMAudit | user=jenkins1000 | ip=192.168.36.69 | op=SEND_HEARTBEAT {datanodeUUID=cbc4e215-9e19-470f-b262-a66375af609e, command=[]} | ret=SUCCESS |  
2019-09-05 07:35:53,938 | INFO  | SCMAudit | user=jenkins1000 | ip=192.168.36.69 | op=SEND_HEARTBEAT {datanodeUUID=5822af17-ba6a-443c-803e-51bf9a574bd0, command=[]} | ret=SUCCESS |  
2019-09-05 07:35:54,224 | INFO  | SCMAudit | user=jenkins1000 | ip=192.168.36.69 | op=SEND_HEARTBEAT {datanodeUUID=618caef6-a8cd-4e5c-bc39-325bb83fc273, command=[]} | ret=SUCCESS |  
2019-09-05 07:35:54,456 | INFO  | SCMAudit | user=jenkins1000 | ip=192.168.36.69 | op=SEND_HEARTBEAT {datanodeUUID=017b796d-3321-494b-8d8c-e766a57787fe, command=[]} | ret=SUCCESS |  
2019-09-05 07:35:54,661 [grpc-default-executor-5] INFO  client.GrpcClientProtocolClient (GrpcClientProtocolClient.java:onNext(255)) - client-B40F40CC564F->cbc4e215-9e19-470f-b262-a66375af609e: receive RaftClientReply:client-B40F40CC564F->cbc4e215-9e19-470f-b262-a66375af609e@group-275862EAF019, cid=22, FAILED org.apache.ratis.protocol.NotLeaderException: Server cbc4e215-9e19-470f-b262-a66375af609e is not the leader (7a080ec0-19ca-4af1-b3b9-6aaba7a45b53:192.168.36.69:43350). Request must be sent to leader., logIndex=0, commits[cbc4e215-9e19-470f-b262-a66375af609e:c15, 216f763b-3e68-44a6-8a6b-4b7681664146:c15, 7a080ec0-19ca-4af1-b3b9-6aaba7a45b53:c15]
2019-09-05 07:35:54,696 | INFO  | SCMAudit | user=jenkins1000 | ip=192.168.36.69 | op=SEND_HEARTBEAT {datanodeUUID=d8846d25-1678-4df1-8bff-f38eb3492905, command=[]} | ret=SUCCESS |  
2019-09-05 07:35:54,865 | INFO  | SCMAudit | user=jenkins1000 | ip=192.168.36.69 | op=SEND_HEARTBEAT {datanodeUUID=cbc4e215-9e19-470f-b262-a66375af609e, command=[]} | ret=SUCCESS |  
2019-09-05 07:35:54,938 | INFO  | SCMAudit | user=jenkins1000 | ip=192.168.36.69 | op=SEND_HEARTBEAT {datanodeUUID=5822af17-ba6a-443c-803e-51bf9a574bd0, command=[]} | ret=SUCCESS |  
2019-09-05 07:35:55,224 | INFO  | SCMAudit | user=jenkins1000 | ip=192.168.36.69 | op=SEND_HEARTBEAT {datanodeUUID=618caef6-a8cd-4e5c-bc39-325bb83fc273, command=[]} | ret=SUCCESS |  
2019-09-05 07:35:55,364 [Thread-327] INFO  impl.FollowerState (FollowerState.java:run(106)) - cbc4e215-9e19-470f-b262-a66375af609e:group-275862EAF019 changes to CANDIDATE, lastRpcTime:9018, electionTimeout:5157ms
2019-09-05 07:35:55,364 [Thread-327] INFO  impl.RoleInfo (RoleInfo.java:shutdownFollowerState(121)) - cbc4e215-9e19-470f-b262-a66375af609e: shutdown FollowerState
2019-09-05 07:35:55,364 [Thread-327] INFO  impl.RaftServerImpl (RaftServerImpl.java:setRole(171)) - cbc4e215-9e19-470f-b262-a66375af609e:group-275862EAF019 changes role from FOLLOWER to CANDIDATE at term 1 for changeToCandidate
2019-09-05 07:35:55,365 [Thread-327] INFO  impl.RoleInfo (RoleInfo.java:updateAndGet(143)) - cbc4e215-9e19-470f-b262-a66375af609e: start LeaderElection
2019-09-05 07:35:55,367 [cbc4e215-9e19-470f-b262-a66375af609e:group-275862EAF019:LeaderElection13] INFO  impl.RaftServerImpl (ServerState.java:setLeader(263)) - cbc4e215-9e19-470f-b262-a66375af609e:group-275862EAF019 change Leader from 7a080ec0-19ca-4af1-b3b9-6aaba7a45b53 to null at term 1 for initElection
2019-09-05 07:35:55,418 [cbc4e215-9e19-470f-b262-a66375af609e:group-275862EAF019:LeaderElection13] INFO  impl.LeaderElection (LeaderElection.java:askForVotes(181)) - cbc4e215-9e19-470f-b262-a66375af609e:group-275862EAF019:LeaderElection13: begin an election at term 2 for 0: [216f763b-3e68-44a6-8a6b-4b7681664146:192.168.36.69:46568, 7a080ec0-19ca-4af1-b3b9-6aaba7a45b53:192.168.36.69:43350, cbc4e215-9e19-470f-b262-a66375af609e:192.168.36.69:44389], old=null
2019-09-05 07:35:55,430 [cbc4e215-9e19-470f-b262-a66375af609e:group-275862EAF019:LeaderElection13] INFO  impl.LeaderElection (LogUtils.java:infoOrTrace(149)) - cbc4e215-9e19-470f-b262-a66375af609e:group-275862EAF019:LeaderElection13 got exception when requesting votes: {}
java.util.concurrent.ExecutionException: org.apache.ratis.thirdparty.io.grpc.StatusRuntimeException: UNAVAILABLE: io exception
	at java.util.concurrent.FutureTask.report(FutureTask.java:122)
	at java.util.concurrent.FutureTask.get(FutureTask.java:192)
	at org.apache.ratis.server.impl.LeaderElection.waitForResults(LeaderElection.java:262)
	at org.apache.ratis.server.impl.LeaderElection.askForVotes(LeaderElection.java:200)
	at org.apache.ratis.server.impl.LeaderElection.run(LeaderElection.java:130)
	at java.lang.Thread.run(Thread.java:748)
Caused by: org.apache.ratis.thirdparty.io.grpc.StatusRuntimeException: UNAVAILABLE: io exception
	at org.apache.ratis.thirdparty.io.grpc.stub.ClientCalls.toStatusRuntimeException(ClientCalls.java:233)
	at org.apache.ratis.thirdparty.io.grpc.stub.ClientCalls.getUnchecked(ClientCalls.java:214)
	at org.apache.ratis.thirdparty.io.grpc.stub.ClientCalls.blockingUnaryCall(ClientCalls.java:139)
	at org.apache.ratis.proto.grpc.RaftServerProtocolServiceGrpc$RaftServerProtocolServiceBlockingStub.requestVote(RaftServerProtocolServiceGrpc.java:265)
	at org.apache.ratis.grpc.server.GrpcServerProtocolClient.requestVote(GrpcServerProtocolClient.java:83)
	at org.apache.ratis.grpc.server.GrpcService.requestVote(GrpcService.java:195)
	at org.apache.ratis.server.impl.LeaderElection.lambda$submitRequests$1(LeaderElection.java:237)
	at java.util.concurrent.FutureTask.run(FutureTask.java:266)
	at java.util.concurrent.Executors$RunnableAdapter.call(Executors.java:511)
	at java.util.concurrent.FutureTask.run(FutureTask.java:266)
	at java.util.concurrent.ThreadPoolExecutor.runWorker(ThreadPoolExecutor.java:1149)
	at java.util.concurrent.ThreadPoolExecutor$Worker.run(ThreadPoolExecutor.java:624)
	... 1 more
Caused by: org.apache.ratis.thirdparty.io.netty.channel.AbstractChannel$AnnotatedConnectException: Connection refused: /192.168.36.69:46568
	at sun.nio.ch.SocketChannelImpl.checkConnect(Native Method)
	at sun.nio.ch.SocketChannelImpl.finishConnect(SocketChannelImpl.java:717)
	at org.apache.ratis.thirdparty.io.netty.channel.socket.nio.NioSocketChannel.doFinishConnect(NioSocketChannel.java:327)
	at org.apache.ratis.thirdparty.io.netty.channel.nio.AbstractNioChannel$AbstractNioUnsafe.finishConnect(AbstractNioChannel.java:340)
	at org.apache.ratis.thirdparty.io.netty.channel.nio.NioEventLoop.processSelectedKey(NioEventLoop.java:632)
	at org.apache.ratis.thirdparty.io.netty.channel.nio.NioEventLoop.processSelectedKeysOptimized(NioEventLoop.java:579)
	at org.apache.ratis.thirdparty.io.netty.channel.nio.NioEventLoop.processSelectedKeys(NioEventLoop.java:496)
	at org.apache.ratis.thirdparty.io.netty.channel.nio.NioEventLoop.run(NioEventLoop.java:458)
	at org.apache.ratis.thirdparty.io.netty.util.concurrent.SingleThreadEventExecutor$5.run(SingleThreadEventExecutor.java:897)
	at org.apache.ratis.thirdparty.io.netty.util.concurrent.FastThreadLocalRunnable.run(FastThreadLocalRunnable.java:30)
	... 1 more
Caused by: java.net.ConnectException: Connection refused
	... 11 more
2019-09-05 07:35:55,433 [cbc4e215-9e19-470f-b262-a66375af609e:group-275862EAF019:LeaderElection13] INFO  impl.LeaderElection (LogUtils.java:infoOrTrace(149)) - cbc4e215-9e19-470f-b262-a66375af609e:group-275862EAF019:LeaderElection13 got exception when requesting votes: {}
java.util.concurrent.ExecutionException: org.apache.ratis.thirdparty.io.grpc.StatusRuntimeException: UNAVAILABLE: io exception
	at java.util.concurrent.FutureTask.report(FutureTask.java:122)
	at java.util.concurrent.FutureTask.get(FutureTask.java:192)
	at org.apache.ratis.server.impl.LeaderElection.waitForResults(LeaderElection.java:262)
	at org.apache.ratis.server.impl.LeaderElection.askForVotes(LeaderElection.java:200)
	at org.apache.ratis.server.impl.LeaderElection.run(LeaderElection.java:130)
	at java.lang.Thread.run(Thread.java:748)
Caused by: org.apache.ratis.thirdparty.io.grpc.StatusRuntimeException: UNAVAILABLE: io exception
	at org.apache.ratis.thirdparty.io.grpc.stub.ClientCalls.toStatusRuntimeException(ClientCalls.java:233)
	at org.apache.ratis.thirdparty.io.grpc.stub.ClientCalls.getUnchecked(ClientCalls.java:214)
	at org.apache.ratis.thirdparty.io.grpc.stub.ClientCalls.blockingUnaryCall(ClientCalls.java:139)
	at org.apache.ratis.proto.grpc.RaftServerProtocolServiceGrpc$RaftServerProtocolServiceBlockingStub.requestVote(RaftServerProtocolServiceGrpc.java:265)
	at org.apache.ratis.grpc.server.GrpcServerProtocolClient.requestVote(GrpcServerProtocolClient.java:83)
	at org.apache.ratis.grpc.server.GrpcService.requestVote(GrpcService.java:195)
	at org.apache.ratis.server.impl.LeaderElection.lambda$submitRequests$1(LeaderElection.java:237)
	at java.util.concurrent.FutureTask.run(FutureTask.java:266)
	at java.util.concurrent.Executors$RunnableAdapter.call(Executors.java:511)
	at java.util.concurrent.FutureTask.run(FutureTask.java:266)
	at java.util.concurrent.ThreadPoolExecutor.runWorker(ThreadPoolExecutor.java:1149)
	at java.util.concurrent.ThreadPoolExecutor$Worker.run(ThreadPoolExecutor.java:624)
	... 1 more
Caused by: org.apache.ratis.thirdparty.io.netty.channel.AbstractChannel$AnnotatedConnectException: Connection refused: /192.168.36.69:43350
	at sun.nio.ch.SocketChannelImpl.checkConnect(Native Method)
	at sun.nio.ch.SocketChannelImpl.finishConnect(SocketChannelImpl.java:717)
	at org.apache.ratis.thirdparty.io.netty.channel.socket.nio.NioSocketChannel.doFinishConnect(NioSocketChannel.java:327)
	at org.apache.ratis.thirdparty.io.netty.channel.nio.AbstractNioChannel$AbstractNioUnsafe.finishConnect(AbstractNioChannel.java:340)
	at org.apache.ratis.thirdparty.io.netty.channel.nio.NioEventLoop.processSelectedKey(NioEventLoop.java:632)
	at org.apache.ratis.thirdparty.io.netty.channel.nio.NioEventLoop.processSelectedKeysOptimized(NioEventLoop.java:579)
	at org.apache.ratis.thirdparty.io.netty.channel.nio.NioEventLoop.processSelectedKeys(NioEventLoop.java:496)
	at org.apache.ratis.thirdparty.io.netty.channel.nio.NioEventLoop.run(NioEventLoop.java:458)
	at org.apache.ratis.thirdparty.io.netty.util.concurrent.SingleThreadEventExecutor$5.run(SingleThreadEventExecutor.java:897)
	at org.apache.ratis.thirdparty.io.netty.util.concurrent.FastThreadLocalRunnable.run(FastThreadLocalRunnable.java:30)
	... 1 more
Caused by: java.net.ConnectException: Connection refused
	... 11 more
2019-09-05 07:35:55,435 [cbc4e215-9e19-470f-b262-a66375af609e:group-275862EAF019:LeaderElection13] INFO  impl.LeaderElection (LeaderElection.java:logAndReturn(56)) - cbc4e215-9e19-470f-b262-a66375af609e:group-275862EAF019:LeaderElection13: Election REJECTED; received 0 response(s) [] and 2 exception(s); cbc4e215-9e19-470f-b262-a66375af609e:t2, leader=null, voted=cbc4e215-9e19-470f-b262-a66375af609e, raftlog=cbc4e215-9e19-470f-b262-a66375af609e-SegmentedRaftLog:OPENED:c15,f15,i15, conf=0: [216f763b-3e68-44a6-8a6b-4b7681664146:192.168.36.69:46568, 7a080ec0-19ca-4af1-b3b9-6aaba7a45b53:192.168.36.69:43350, cbc4e215-9e19-470f-b262-a66375af609e:192.168.36.69:44389], old=null
2019-09-05 07:35:55,435 [cbc4e215-9e19-470f-b262-a66375af609e:group-275862EAF019:LeaderElection13] INFO  impl.LeaderElection (LogUtils.java:infoOrTrace(149)) -   Exception 0: {}
java.util.concurrent.ExecutionException: org.apache.ratis.thirdparty.io.grpc.StatusRuntimeException: UNAVAILABLE: io exception
	at java.util.concurrent.FutureTask.report(FutureTask.java:122)
	at java.util.concurrent.FutureTask.get(FutureTask.java:192)
	at org.apache.ratis.server.impl.LeaderElection.waitForResults(LeaderElection.java:262)
	at org.apache.ratis.server.impl.LeaderElection.askForVotes(LeaderElection.java:200)
	at org.apache.ratis.server.impl.LeaderElection.run(LeaderElection.java:130)
	at java.lang.Thread.run(Thread.java:748)
Caused by: org.apache.ratis.thirdparty.io.grpc.StatusRuntimeException: UNAVAILABLE: io exception
	at org.apache.ratis.thirdparty.io.grpc.stub.ClientCalls.toStatusRuntimeException(ClientCalls.java:233)
	at org.apache.ratis.thirdparty.io.grpc.stub.ClientCalls.getUnchecked(ClientCalls.java:214)
	at org.apache.ratis.thirdparty.io.grpc.stub.ClientCalls.blockingUnaryCall(ClientCalls.java:139)
	at org.apache.ratis.proto.grpc.RaftServerProtocolServiceGrpc$RaftServerProtocolServiceBlockingStub.requestVote(RaftServerProtocolServiceGrpc.java:265)
	at org.apache.ratis.grpc.server.GrpcServerProtocolClient.requestVote(GrpcServerProtocolClient.java:83)
	at org.apache.ratis.grpc.server.GrpcService.requestVote(GrpcService.java:195)
	at org.apache.ratis.server.impl.LeaderElection.lambda$submitRequests$1(LeaderElection.java:237)
	at java.util.concurrent.FutureTask.run(FutureTask.java:266)
	at java.util.concurrent.Executors$RunnableAdapter.call(Executors.java:511)
	at java.util.concurrent.FutureTask.run(FutureTask.java:266)
	at java.util.concurrent.ThreadPoolExecutor.runWorker(ThreadPoolExecutor.java:1149)
	at java.util.concurrent.ThreadPoolExecutor$Worker.run(ThreadPoolExecutor.java:624)
	... 1 more
Caused by: org.apache.ratis.thirdparty.io.netty.channel.AbstractChannel$AnnotatedConnectException: Connection refused: /192.168.36.69:46568
	at sun.nio.ch.SocketChannelImpl.checkConnect(Native Method)
	at sun.nio.ch.SocketChannelImpl.finishConnect(SocketChannelImpl.java:717)
	at org.apache.ratis.thirdparty.io.netty.channel.socket.nio.NioSocketChannel.doFinishConnect(NioSocketChannel.java:327)
	at org.apache.ratis.thirdparty.io.netty.channel.nio.AbstractNioChannel$AbstractNioUnsafe.finishConnect(AbstractNioChannel.java:340)
	at org.apache.ratis.thirdparty.io.netty.channel.nio.NioEventLoop.processSelectedKey(NioEventLoop.java:632)
	at org.apache.ratis.thirdparty.io.netty.channel.nio.NioEventLoop.processSelectedKeysOptimized(NioEventLoop.java:579)
	at org.apache.ratis.thirdparty.io.netty.channel.nio.NioEventLoop.processSelectedKeys(NioEventLoop.java:496)
	at org.apache.ratis.thirdparty.io.netty.channel.nio.NioEventLoop.run(NioEventLoop.java:458)
	at org.apache.ratis.thirdparty.io.netty.util.concurrent.SingleThreadEventExecutor$5.run(SingleThreadEventExecutor.java:897)
	at org.apache.ratis.thirdparty.io.netty.util.concurrent.FastThreadLocalRunnable.run(FastThreadLocalRunnable.java:30)
	... 1 more
Caused by: java.net.ConnectException: Connection refused
	... 11 more
2019-09-05 07:35:55,436 [cbc4e215-9e19-470f-b262-a66375af609e:group-275862EAF019:LeaderElection13] INFO  impl.LeaderElection (LogUtils.java:infoOrTrace(149)) -   Exception 1: {}
java.util.concurrent.ExecutionException: org.apache.ratis.thirdparty.io.grpc.StatusRuntimeException: UNAVAILABLE: io exception
	at java.util.concurrent.FutureTask.report(FutureTask.java:122)
	at java.util.concurrent.FutureTask.get(FutureTask.java:192)
	at org.apache.ratis.server.impl.LeaderElection.waitForResults(LeaderElection.java:262)
	at org.apache.ratis.server.impl.LeaderElection.askForVotes(LeaderElection.java:200)
	at org.apache.ratis.server.impl.LeaderElection.run(LeaderElection.java:130)
	at java.lang.Thread.run(Thread.java:748)
Caused by: org.apache.ratis.thirdparty.io.grpc.StatusRuntimeException: UNAVAILABLE: io exception
	at org.apache.ratis.thirdparty.io.grpc.stub.ClientCalls.toStatusRuntimeException(ClientCalls.java:233)
	at org.apache.ratis.thirdparty.io.grpc.stub.ClientCalls.getUnchecked(ClientCalls.java:214)
	at org.apache.ratis.thirdparty.io.grpc.stub.ClientCalls.blockingUnaryCall(ClientCalls.java:139)
	at org.apache.ratis.proto.grpc.RaftServerProtocolServiceGrpc$RaftServerProtocolServiceBlockingStub.requestVote(RaftServerProtocolServiceGrpc.java:265)
	at org.apache.ratis.grpc.server.GrpcServerProtocolClient.requestVote(GrpcServerProtocolClient.java:83)
	at org.apache.ratis.grpc.server.GrpcService.requestVote(GrpcService.java:195)
	at org.apache.ratis.server.impl.LeaderElection.lambda$submitRequests$1(LeaderElection.java:237)
	at java.util.concurrent.FutureTask.run(FutureTask.java:266)
	at java.util.concurrent.Executors$RunnableAdapter.call(Executors.java:511)
	at java.util.concurrent.FutureTask.run(FutureTask.java:266)
	at java.util.concurrent.ThreadPoolExecutor.runWorker(ThreadPoolExecutor.java:1149)
	at java.util.concurrent.ThreadPoolExecutor$Worker.run(ThreadPoolExecutor.java:624)
	... 1 more
Caused by: org.apache.ratis.thirdparty.io.netty.channel.AbstractChannel$AnnotatedConnectException: Connection refused: /192.168.36.69:43350
	at sun.nio.ch.SocketChannelImpl.checkConnect(Native Method)
	at sun.nio.ch.SocketChannelImpl.finishConnect(SocketChannelImpl.java:717)
	at org.apache.ratis.thirdparty.io.netty.channel.socket.nio.NioSocketChannel.doFinishConnect(NioSocketChannel.java:327)
	at org.apache.ratis.thirdparty.io.netty.channel.nio.AbstractNioChannel$AbstractNioUnsafe.finishConnect(AbstractNioChannel.java:340)
	at org.apache.ratis.thirdparty.io.netty.channel.nio.NioEventLoop.processSelectedKey(NioEventLoop.java:632)
	at org.apache.ratis.thirdparty.io.netty.channel.nio.NioEventLoop.processSelectedKeysOptimized(NioEventLoop.java:579)
	at org.apache.ratis.thirdparty.io.netty.channel.nio.NioEventLoop.processSelectedKeys(NioEventLoop.java:496)
	at org.apache.ratis.thirdparty.io.netty.channel.nio.NioEventLoop.run(NioEventLoop.java:458)
	at org.apache.ratis.thirdparty.io.netty.util.concurrent.SingleThreadEventExecutor$5.run(SingleThreadEventExecutor.java:897)
	at org.apache.ratis.thirdparty.io.netty.util.concurrent.FastThreadLocalRunnable.run(FastThreadLocalRunnable.java:30)
	... 1 more
Caused by: java.net.ConnectException: Connection refused
	... 11 more
2019-09-05 07:35:55,436 [cbc4e215-9e19-470f-b262-a66375af609e:group-275862EAF019:LeaderElection13] INFO  impl.RaftServerImpl (RaftServerImpl.java:setRole(171)) - cbc4e215-9e19-470f-b262-a66375af609e:group-275862EAF019 changes role from CANDIDATE to FOLLOWER at term 2 for DISCOVERED_A_NEW_TERM
2019-09-05 07:35:55,436 [cbc4e215-9e19-470f-b262-a66375af609e:group-275862EAF019:LeaderElection13] INFO  impl.RoleInfo (RoleInfo.java:shutdownLeaderElection(134)) - cbc4e215-9e19-470f-b262-a66375af609e: shutdown LeaderElection
2019-09-05 07:35:55,438 [cbc4e215-9e19-470f-b262-a66375af609e:group-275862EAF019:LeaderElection13] INFO  impl.RoleInfo (RoleInfo.java:updateAndGet(143)) - cbc4e215-9e19-470f-b262-a66375af609e: start FollowerState
2019-09-05 07:35:55,457 | INFO  | SCMAudit | user=jenkins1000 | ip=192.168.36.69 | op=SEND_HEARTBEAT {datanodeUUID=017b796d-3321-494b-8d8c-e766a57787fe, command=[]} | ret=SUCCESS |  
2019-09-05 07:35:55,696 | INFO  | SCMAudit | user=jenkins1000 | ip=192.168.36.69 | op=SEND_HEARTBEAT {datanodeUUID=d8846d25-1678-4df1-8bff-f38eb3492905, command=[]} | ret=SUCCESS |  
2019-09-05 07:35:55,866 | INFO  | SCMAudit | user=jenkins1000 | ip=192.168.36.69 | op=SEND_HEARTBEAT {datanodeUUID=cbc4e215-9e19-470f-b262-a66375af609e, command=[]} | ret=SUCCESS |  
2019-09-05 07:35:55,938 | INFO  | SCMAudit | user=jenkins1000 | ip=192.168.36.69 | op=SEND_HEARTBEAT {datanodeUUID=5822af17-ba6a-443c-803e-51bf9a574bd0, command=[]} | ret=SUCCESS |  
2019-09-05 07:35:56,225 | INFO  | SCMAudit | user=jenkins1000 | ip=192.168.36.69 | op=SEND_HEARTBEAT {datanodeUUID=618caef6-a8cd-4e5c-bc39-325bb83fc273, command=[]} | ret=SUCCESS |  
2019-09-05 07:35:56,456 | INFO  | SCMAudit | user=jenkins1000 | ip=192.168.36.69 | op=SEND_HEARTBEAT {datanodeUUID=017b796d-3321-494b-8d8c-e766a57787fe, command=[]} | ret=SUCCESS |  
2019-09-05 07:35:56,696 | INFO  | SCMAudit | user=jenkins1000 | ip=192.168.36.69 | op=SEND_HEARTBEAT {datanodeUUID=d8846d25-1678-4df1-8bff-f38eb3492905, command=[]} | ret=SUCCESS |  
2019-09-05 07:35:56,865 | INFO  | SCMAudit | user=jenkins1000 | ip=192.168.36.69 | op=SEND_HEARTBEAT {datanodeUUID=cbc4e215-9e19-470f-b262-a66375af609e, command=[]} | ret=SUCCESS |  
2019-09-05 07:35:56,938 | INFO  | SCMAudit | user=jenkins1000 | ip=192.168.36.69 | op=SEND_HEARTBEAT {datanodeUUID=5822af17-ba6a-443c-803e-51bf9a574bd0, command=[]} | ret=SUCCESS |  
2019-09-05 07:35:57,224 | INFO  | SCMAudit | user=jenkins1000 | ip=192.168.36.69 | op=SEND_HEARTBEAT {datanodeUUID=618caef6-a8cd-4e5c-bc39-325bb83fc273, command=[]} | ret=SUCCESS |  
2019-09-05 07:35:57,456 | INFO  | SCMAudit | user=jenkins1000 | ip=192.168.36.69 | op=SEND_HEARTBEAT {datanodeUUID=017b796d-3321-494b-8d8c-e766a57787fe, command=[]} | ret=SUCCESS |  
2019-09-05 07:35:57,696 | INFO  | SCMAudit | user=jenkins1000 | ip=192.168.36.69 | op=SEND_HEARTBEAT {datanodeUUID=d8846d25-1678-4df1-8bff-f38eb3492905, command=[]} | ret=SUCCESS |  
2019-09-05 07:35:57,865 | INFO  | SCMAudit | user=jenkins1000 | ip=192.168.36.69 | op=SEND_HEARTBEAT {datanodeUUID=cbc4e215-9e19-470f-b262-a66375af609e, command=[]} | ret=SUCCESS |  
2019-09-05 07:35:57,938 | INFO  | SCMAudit | user=jenkins1000 | ip=192.168.36.69 | op=SEND_HEARTBEAT {datanodeUUID=5822af17-ba6a-443c-803e-51bf9a574bd0, command=[]} | ret=SUCCESS |  
2019-09-05 07:35:58,224 | INFO  | SCMAudit | user=jenkins1000 | ip=192.168.36.69 | op=SEND_HEARTBEAT {datanodeUUID=618caef6-a8cd-4e5c-bc39-325bb83fc273, command=[]} | ret=SUCCESS |  
2019-09-05 07:35:58,456 | INFO  | SCMAudit | user=jenkins1000 | ip=192.168.36.69 | op=SEND_HEARTBEAT {datanodeUUID=017b796d-3321-494b-8d8c-e766a57787fe, command=[]} | ret=SUCCESS |  
2019-09-05 07:35:58,696 | INFO  | SCMAudit | user=jenkins1000 | ip=192.168.36.69 | op=SEND_HEARTBEAT {datanodeUUID=d8846d25-1678-4df1-8bff-f38eb3492905, command=[]} | ret=SUCCESS |  
2019-09-05 07:35:58,725 [grpc-default-executor-0] INFO  client.GrpcClientProtocolClient (GrpcClientProtocolClient.java:onNext(255)) - client-B40F40CC564F->cbc4e215-9e19-470f-b262-a66375af609e: receive RaftClientReply:client-B40F40CC564F->cbc4e215-9e19-470f-b262-a66375af609e@group-275862EAF019, cid=22, FAILED org.apache.ratis.protocol.NotLeaderException: Server cbc4e215-9e19-470f-b262-a66375af609e is not the leader (null). Request must be sent to leader., logIndex=0, commits[cbc4e215-9e19-470f-b262-a66375af609e:c15, 216f763b-3e68-44a6-8a6b-4b7681664146:c15, 7a080ec0-19ca-4af1-b3b9-6aaba7a45b53:c15]
2019-09-05 07:35:58,865 | INFO  | SCMAudit | user=jenkins1000 | ip=192.168.36.69 | op=SEND_HEARTBEAT {datanodeUUID=cbc4e215-9e19-470f-b262-a66375af609e, command=[]} | ret=SUCCESS |  
2019-09-05 07:35:58,939 | INFO  | SCMAudit | user=jenkins1000 | ip=192.168.36.69 | op=SEND_HEARTBEAT {datanodeUUID=5822af17-ba6a-443c-803e-51bf9a574bd0, command=[]} | ret=SUCCESS |  
2019-09-05 07:35:59,225 | INFO  | SCMAudit | user=jenkins1000 | ip=192.168.36.69 | op=SEND_HEARTBEAT {datanodeUUID=618caef6-a8cd-4e5c-bc39-325bb83fc273, command=[]} | ret=SUCCESS |  
2019-09-05 07:35:59,456 | INFO  | SCMAudit | user=jenkins1000 | ip=192.168.36.69 | op=SEND_HEARTBEAT {datanodeUUID=017b796d-3321-494b-8d8c-e766a57787fe, command=[]} | ret=SUCCESS |  
2019-09-05 07:35:59,698 | INFO  | SCMAudit | user=jenkins1000 | ip=192.168.36.69 | op=SEND_HEARTBEAT {datanodeUUID=d8846d25-1678-4df1-8bff-f38eb3492905, command=[]} | ret=SUCCESS |  
2019-09-05 07:35:59,865 | INFO  | SCMAudit | user=jenkins1000 | ip=192.168.36.69 | op=SEND_HEARTBEAT {datanodeUUID=cbc4e215-9e19-470f-b262-a66375af609e, command=[]} | ret=SUCCESS |  
2019-09-05 07:35:59,938 | INFO  | SCMAudit | user=jenkins1000 | ip=192.168.36.69 | op=SEND_HEARTBEAT {datanodeUUID=5822af17-ba6a-443c-803e-51bf9a574bd0, command=[]} | ret=SUCCESS |  
2019-09-05 07:36:00,225 | INFO  | SCMAudit | user=jenkins1000 | ip=192.168.36.69 | op=SEND_HEARTBEAT {datanodeUUID=618caef6-a8cd-4e5c-bc39-325bb83fc273, command=[]} | ret=SUCCESS |  
2019-09-05 07:36:00,456 | INFO  | SCMAudit | user=jenkins1000 | ip=192.168.36.69 | op=SEND_HEARTBEAT {datanodeUUID=017b796d-3321-494b-8d8c-e766a57787fe, command=[]} | ret=SUCCESS |  
2019-09-05 07:36:00,571 [Thread-422] INFO  impl.FollowerState (FollowerState.java:run(106)) - cbc4e215-9e19-470f-b262-a66375af609e:group-275862EAF019 changes to CANDIDATE, lastRpcTime:5133, electionTimeout:5132ms
2019-09-05 07:36:00,571 [Thread-422] INFO  impl.RoleInfo (RoleInfo.java:shutdownFollowerState(121)) - cbc4e215-9e19-470f-b262-a66375af609e: shutdown FollowerState
2019-09-05 07:36:00,571 [Thread-422] INFO  impl.RaftServerImpl (RaftServerImpl.java:setRole(171)) - cbc4e215-9e19-470f-b262-a66375af609e:group-275862EAF019 changes role from FOLLOWER to CANDIDATE at term 2 for changeToCandidate
2019-09-05 07:36:00,572 [Thread-422] INFO  impl.RoleInfo (RoleInfo.java:updateAndGet(143)) - cbc4e215-9e19-470f-b262-a66375af609e: start LeaderElection
2019-09-05 07:36:00,625 [cbc4e215-9e19-470f-b262-a66375af609e:group-275862EAF019:LeaderElection14] INFO  impl.LeaderElection (LeaderElection.java:askForVotes(181)) - cbc4e215-9e19-470f-b262-a66375af609e:group-275862EAF019:LeaderElection14: begin an election at term 3 for 0: [216f763b-3e68-44a6-8a6b-4b7681664146:192.168.36.69:46568, 7a080ec0-19ca-4af1-b3b9-6aaba7a45b53:192.168.36.69:43350, cbc4e215-9e19-470f-b262-a66375af609e:192.168.36.69:44389], old=null
2019-09-05 07:36:00,626 [cbc4e215-9e19-470f-b262-a66375af609e:group-275862EAF019:LeaderElection14] INFO  impl.LeaderElection (LogUtils.java:infoOrTrace(149)) - cbc4e215-9e19-470f-b262-a66375af609e:group-275862EAF019:LeaderElection14 got exception when requesting votes: {}
java.util.concurrent.ExecutionException: org.apache.ratis.thirdparty.io.grpc.StatusRuntimeException: UNAVAILABLE: io exception
	at java.util.concurrent.FutureTask.report(FutureTask.java:122)
	at java.util.concurrent.FutureTask.get(FutureTask.java:192)
	at org.apache.ratis.server.impl.LeaderElection.waitForResults(LeaderElection.java:262)
	at org.apache.ratis.server.impl.LeaderElection.askForVotes(LeaderElection.java:200)
	at org.apache.ratis.server.impl.LeaderElection.run(LeaderElection.java:130)
	at java.lang.Thread.run(Thread.java:748)
Caused by: org.apache.ratis.thirdparty.io.grpc.StatusRuntimeException: UNAVAILABLE: io exception
	at org.apache.ratis.thirdparty.io.grpc.stub.ClientCalls.toStatusRuntimeException(ClientCalls.java:233)
	at org.apache.ratis.thirdparty.io.grpc.stub.ClientCalls.getUnchecked(ClientCalls.java:214)
	at org.apache.ratis.thirdparty.io.grpc.stub.ClientCalls.blockingUnaryCall(ClientCalls.java:139)
	at org.apache.ratis.proto.grpc.RaftServerProtocolServiceGrpc$RaftServerProtocolServiceBlockingStub.requestVote(RaftServerProtocolServiceGrpc.java:265)
	at org.apache.ratis.grpc.server.GrpcServerProtocolClient.requestVote(GrpcServerProtocolClient.java:83)
	at org.apache.ratis.grpc.server.GrpcService.requestVote(GrpcService.java:195)
	at org.apache.ratis.server.impl.LeaderElection.lambda$submitRequests$1(LeaderElection.java:237)
	at java.util.concurrent.FutureTask.run(FutureTask.java:266)
	at java.util.concurrent.Executors$RunnableAdapter.call(Executors.java:511)
	at java.util.concurrent.FutureTask.run(FutureTask.java:266)
	at java.util.concurrent.ThreadPoolExecutor.runWorker(ThreadPoolExecutor.java:1149)
	at java.util.concurrent.ThreadPoolExecutor$Worker.run(ThreadPoolExecutor.java:624)
	... 1 more
Caused by: org.apache.ratis.thirdparty.io.netty.channel.AbstractChannel$AnnotatedConnectException: Connection refused: /192.168.36.69:46568
	at sun.nio.ch.SocketChannelImpl.checkConnect(Native Method)
	at sun.nio.ch.SocketChannelImpl.finishConnect(SocketChannelImpl.java:717)
	at org.apache.ratis.thirdparty.io.netty.channel.socket.nio.NioSocketChannel.doFinishConnect(NioSocketChannel.java:327)
	at org.apache.ratis.thirdparty.io.netty.channel.nio.AbstractNioChannel$AbstractNioUnsafe.finishConnect(AbstractNioChannel.java:340)
	at org.apache.ratis.thirdparty.io.netty.channel.nio.NioEventLoop.processSelectedKey(NioEventLoop.java:632)
	at org.apache.ratis.thirdparty.io.netty.channel.nio.NioEventLoop.processSelectedKeysOptimized(NioEventLoop.java:579)
	at org.apache.ratis.thirdparty.io.netty.channel.nio.NioEventLoop.processSelectedKeys(NioEventLoop.java:496)
	at org.apache.ratis.thirdparty.io.netty.channel.nio.NioEventLoop.run(NioEventLoop.java:458)
	at org.apache.ratis.thirdparty.io.netty.util.concurrent.SingleThreadEventExecutor$5.run(SingleThreadEventExecutor.java:897)
	at org.apache.ratis.thirdparty.io.netty.util.concurrent.FastThreadLocalRunnable.run(FastThreadLocalRunnable.java:30)
	... 1 more
Caused by: java.net.ConnectException: Connection refused
	... 11 more
2019-09-05 07:36:00,630 [cbc4e215-9e19-470f-b262-a66375af609e:group-275862EAF019:LeaderElection14] INFO  impl.LeaderElection (LogUtils.java:infoOrTrace(149)) - cbc4e215-9e19-470f-b262-a66375af609e:group-275862EAF019:LeaderElection14 got exception when requesting votes: {}
java.util.concurrent.ExecutionException: org.apache.ratis.thirdparty.io.grpc.StatusRuntimeException: UNAVAILABLE: io exception
	at java.util.concurrent.FutureTask.report(FutureTask.java:122)
	at java.util.concurrent.FutureTask.get(FutureTask.java:192)
	at org.apache.ratis.server.impl.LeaderElection.waitForResults(LeaderElection.java:262)
	at org.apache.ratis.server.impl.LeaderElection.askForVotes(LeaderElection.java:200)
	at org.apache.ratis.server.impl.LeaderElection.run(LeaderElection.java:130)
	at java.lang.Thread.run(Thread.java:748)
Caused by: org.apache.ratis.thirdparty.io.grpc.StatusRuntimeException: UNAVAILABLE: io exception
	at org.apache.ratis.thirdparty.io.grpc.stub.ClientCalls.toStatusRuntimeException(ClientCalls.java:233)
	at org.apache.ratis.thirdparty.io.grpc.stub.ClientCalls.getUnchecked(ClientCalls.java:214)
	at org.apache.ratis.thirdparty.io.grpc.stub.ClientCalls.blockingUnaryCall(ClientCalls.java:139)
	at org.apache.ratis.proto.grpc.RaftServerProtocolServiceGrpc$RaftServerProtocolServiceBlockingStub.requestVote(RaftServerProtocolServiceGrpc.java:265)
	at org.apache.ratis.grpc.server.GrpcServerProtocolClient.requestVote(GrpcServerProtocolClient.java:83)
	at org.apache.ratis.grpc.server.GrpcService.requestVote(GrpcService.java:195)
	at org.apache.ratis.server.impl.LeaderElection.lambda$submitRequests$1(LeaderElection.java:237)
	at java.util.concurrent.FutureTask.run(FutureTask.java:266)
	at java.util.concurrent.Executors$RunnableAdapter.call(Executors.java:511)
	at java.util.concurrent.FutureTask.run(FutureTask.java:266)
	at java.util.concurrent.ThreadPoolExecutor.runWorker(ThreadPoolExecutor.java:1149)
	at java.util.concurrent.ThreadPoolExecutor$Worker.run(ThreadPoolExecutor.java:624)
	... 1 more
Caused by: org.apache.ratis.thirdparty.io.netty.channel.AbstractChannel$AnnotatedConnectException: Connection refused: /192.168.36.69:43350
	at sun.nio.ch.SocketChannelImpl.checkConnect(Native Method)
	at sun.nio.ch.SocketChannelImpl.finishConnect(SocketChannelImpl.java:717)
	at org.apache.ratis.thirdparty.io.netty.channel.socket.nio.NioSocketChannel.doFinishConnect(NioSocketChannel.java:327)
	at org.apache.ratis.thirdparty.io.netty.channel.nio.AbstractNioChannel$AbstractNioUnsafe.finishConnect(AbstractNioChannel.java:340)
	at org.apache.ratis.thirdparty.io.netty.channel.nio.NioEventLoop.processSelectedKey(NioEventLoop.java:632)
	at org.apache.ratis.thirdparty.io.netty.channel.nio.NioEventLoop.processSelectedKeysOptimized(NioEventLoop.java:579)
	at org.apache.ratis.thirdparty.io.netty.channel.nio.NioEventLoop.processSelectedKeys(NioEventLoop.java:496)
	at org.apache.ratis.thirdparty.io.netty.channel.nio.NioEventLoop.run(NioEventLoop.java:458)
	at org.apache.ratis.thirdparty.io.netty.util.concurrent.SingleThreadEventExecutor$5.run(SingleThreadEventExecutor.java:897)
	at org.apache.ratis.thirdparty.io.netty.util.concurrent.FastThreadLocalRunnable.run(FastThreadLocalRunnable.java:30)
	... 1 more
Caused by: java.net.ConnectException: Connection refused
	... 11 more
2019-09-05 07:36:00,632 [cbc4e215-9e19-470f-b262-a66375af609e:group-275862EAF019:LeaderElection14] INFO  impl.LeaderElection (LeaderElection.java:logAndReturn(56)) - cbc4e215-9e19-470f-b262-a66375af609e:group-275862EAF019:LeaderElection14: Election REJECTED; received 0 response(s) [] and 2 exception(s); cbc4e215-9e19-470f-b262-a66375af609e:t3, leader=null, voted=cbc4e215-9e19-470f-b262-a66375af609e, raftlog=cbc4e215-9e19-470f-b262-a66375af609e-SegmentedRaftLog:OPENED:c15,f15,i15, conf=0: [216f763b-3e68-44a6-8a6b-4b7681664146:192.168.36.69:46568, 7a080ec0-19ca-4af1-b3b9-6aaba7a45b53:192.168.36.69:43350, cbc4e215-9e19-470f-b262-a66375af609e:192.168.36.69:44389], old=null
2019-09-05 07:36:00,632 [cbc4e215-9e19-470f-b262-a66375af609e:group-275862EAF019:LeaderElection14] INFO  impl.LeaderElection (LogUtils.java:infoOrTrace(149)) -   Exception 0: {}
java.util.concurrent.ExecutionException: org.apache.ratis.thirdparty.io.grpc.StatusRuntimeException: UNAVAILABLE: io exception
	at java.util.concurrent.FutureTask.report(FutureTask.java:122)
	at java.util.concurrent.FutureTask.get(FutureTask.java:192)
	at org.apache.ratis.server.impl.LeaderElection.waitForResults(LeaderElection.java:262)
	at org.apache.ratis.server.impl.LeaderElection.askForVotes(LeaderElection.java:200)
	at org.apache.ratis.server.impl.LeaderElection.run(LeaderElection.java:130)
	at java.lang.Thread.run(Thread.java:748)
Caused by: org.apache.ratis.thirdparty.io.grpc.StatusRuntimeException: UNAVAILABLE: io exception
	at org.apache.ratis.thirdparty.io.grpc.stub.ClientCalls.toStatusRuntimeException(ClientCalls.java:233)
	at org.apache.ratis.thirdparty.io.grpc.stub.ClientCalls.getUnchecked(ClientCalls.java:214)
	at org.apache.ratis.thirdparty.io.grpc.stub.ClientCalls.blockingUnaryCall(ClientCalls.java:139)
	at org.apache.ratis.proto.grpc.RaftServerProtocolServiceGrpc$RaftServerProtocolServiceBlockingStub.requestVote(RaftServerProtocolServiceGrpc.java:265)
	at org.apache.ratis.grpc.server.GrpcServerProtocolClient.requestVote(GrpcServerProtocolClient.java:83)
	at org.apache.ratis.grpc.server.GrpcService.requestVote(GrpcService.java:195)
	at org.apache.ratis.server.impl.LeaderElection.lambda$submitRequests$1(LeaderElection.java:237)
	at java.util.concurrent.FutureTask.run(FutureTask.java:266)
	at java.util.concurrent.Executors$RunnableAdapter.call(Executors.java:511)
	at java.util.concurrent.FutureTask.run(FutureTask.java:266)
	at java.util.concurrent.ThreadPoolExecutor.runWorker(ThreadPoolExecutor.java:1149)
	at java.util.concurrent.ThreadPoolExecutor$Worker.run(ThreadPoolExecutor.java:624)
	... 1 more
Caused by: org.apache.ratis.thirdparty.io.netty.channel.AbstractChannel$AnnotatedConnectException: Connection refused: /192.168.36.69:46568
	at sun.nio.ch.SocketChannelImpl.checkConnect(Native Method)
	at sun.nio.ch.SocketChannelImpl.finishConnect(SocketChannelImpl.java:717)
	at org.apache.ratis.thirdparty.io.netty.channel.socket.nio.NioSocketChannel.doFinishConnect(NioSocketChannel.java:327)
	at org.apache.ratis.thirdparty.io.netty.channel.nio.AbstractNioChannel$AbstractNioUnsafe.finishConnect(AbstractNioChannel.java:340)
	at org.apache.ratis.thirdparty.io.netty.channel.nio.NioEventLoop.processSelectedKey(NioEventLoop.java:632)
	at org.apache.ratis.thirdparty.io.netty.channel.nio.NioEventLoop.processSelectedKeysOptimized(NioEventLoop.java:579)
	at org.apache.ratis.thirdparty.io.netty.channel.nio.NioEventLoop.processSelectedKeys(NioEventLoop.java:496)
	at org.apache.ratis.thirdparty.io.netty.channel.nio.NioEventLoop.run(NioEventLoop.java:458)
	at org.apache.ratis.thirdparty.io.netty.util.concurrent.SingleThreadEventExecutor$5.run(SingleThreadEventExecutor.java:897)
	at org.apache.ratis.thirdparty.io.netty.util.concurrent.FastThreadLocalRunnable.run(FastThreadLocalRunnable.java:30)
	... 1 more
Caused by: java.net.ConnectException: Connection refused
	... 11 more
2019-09-05 07:36:00,634 [cbc4e215-9e19-470f-b262-a66375af609e:group-275862EAF019:LeaderElection14] INFO  impl.LeaderElection (LogUtils.java:infoOrTrace(149)) -   Exception 1: {}
java.util.concurrent.ExecutionException: org.apache.ratis.thirdparty.io.grpc.StatusRuntimeException: UNAVAILABLE: io exception
	at java.util.concurrent.FutureTask.report(FutureTask.java:122)
	at java.util.concurrent.FutureTask.get(FutureTask.java:192)
	at org.apache.ratis.server.impl.LeaderElection.waitForResults(LeaderElection.java:262)
	at org.apache.ratis.server.impl.LeaderElection.askForVotes(LeaderElection.java:200)
	at org.apache.ratis.server.impl.LeaderElection.run(LeaderElection.java:130)
	at java.lang.Thread.run(Thread.java:748)
Caused by: org.apache.ratis.thirdparty.io.grpc.StatusRuntimeException: UNAVAILABLE: io exception
	at org.apache.ratis.thirdparty.io.grpc.stub.ClientCalls.toStatusRuntimeException(ClientCalls.java:233)
	at org.apache.ratis.thirdparty.io.grpc.stub.ClientCalls.getUnchecked(ClientCalls.java:214)
	at org.apache.ratis.thirdparty.io.grpc.stub.ClientCalls.blockingUnaryCall(ClientCalls.java:139)
	at org.apache.ratis.proto.grpc.RaftServerProtocolServiceGrpc$RaftServerProtocolServiceBlockingStub.requestVote(RaftServerProtocolServiceGrpc.java:265)
	at org.apache.ratis.grpc.server.GrpcServerProtocolClient.requestVote(GrpcServerProtocolClient.java:83)
	at org.apache.ratis.grpc.server.GrpcService.requestVote(GrpcService.java:195)
	at org.apache.ratis.server.impl.LeaderElection.lambda$submitRequests$1(LeaderElection.java:237)
	at java.util.concurrent.FutureTask.run(FutureTask.java:266)
	at java.util.concurrent.Executors$RunnableAdapter.call(Executors.java:511)
	at java.util.concurrent.FutureTask.run(FutureTask.java:266)
	at java.util.concurrent.ThreadPoolExecutor.runWorker(ThreadPoolExecutor.java:1149)
	at java.util.concurrent.ThreadPoolExecutor$Worker.run(ThreadPoolExecutor.java:624)
	... 1 more
Caused by: org.apache.ratis.thirdparty.io.netty.channel.AbstractChannel$AnnotatedConnectException: Connection refused: /192.168.36.69:43350
	at sun.nio.ch.SocketChannelImpl.checkConnect(Native Method)
	at sun.nio.ch.SocketChannelImpl.finishConnect(SocketChannelImpl.java:717)
	at org.apache.ratis.thirdparty.io.netty.channel.socket.nio.NioSocketChannel.doFinishConnect(NioSocketChannel.java:327)
	at org.apache.ratis.thirdparty.io.netty.channel.nio.AbstractNioChannel$AbstractNioUnsafe.finishConnect(AbstractNioChannel.java:340)
	at org.apache.ratis.thirdparty.io.netty.channel.nio.NioEventLoop.processSelectedKey(NioEventLoop.java:632)
	at org.apache.ratis.thirdparty.io.netty.channel.nio.NioEventLoop.processSelectedKeysOptimized(NioEventLoop.java:579)
	at org.apache.ratis.thirdparty.io.netty.channel.nio.NioEventLoop.processSelectedKeys(NioEventLoop.java:496)
	at org.apache.ratis.thirdparty.io.netty.channel.nio.NioEventLoop.run(NioEventLoop.java:458)
	at org.apache.ratis.thirdparty.io.netty.util.concurrent.SingleThreadEventExecutor$5.run(SingleThreadEventExecutor.java:897)
	at org.apache.ratis.thirdparty.io.netty.util.concurrent.FastThreadLocalRunnable.run(FastThreadLocalRunnable.java:30)
	... 1 more
Caused by: java.net.ConnectException: Connection refused
	... 11 more
2019-09-05 07:36:00,635 [cbc4e215-9e19-470f-b262-a66375af609e:group-275862EAF019:LeaderElection14] INFO  impl.RaftServerImpl (RaftServerImpl.java:setRole(171)) - cbc4e215-9e19-470f-b262-a66375af609e:group-275862EAF019 changes role from CANDIDATE to FOLLOWER at term 3 for DISCOVERED_A_NEW_TERM
2019-09-05 07:36:00,635 [cbc4e215-9e19-470f-b262-a66375af609e:group-275862EAF019:LeaderElection14] INFO  impl.RoleInfo (RoleInfo.java:shutdownLeaderElection(134)) - cbc4e215-9e19-470f-b262-a66375af609e: shutdown LeaderElection
2019-09-05 07:36:00,637 [cbc4e215-9e19-470f-b262-a66375af609e:group-275862EAF019:LeaderElection14] INFO  impl.RoleInfo (RoleInfo.java:updateAndGet(143)) - cbc4e215-9e19-470f-b262-a66375af609e: start FollowerState
2019-09-05 07:36:00,696 | INFO  | SCMAudit | user=jenkins1000 | ip=192.168.36.69 | op=SEND_HEARTBEAT {datanodeUUID=d8846d25-1678-4df1-8bff-f38eb3492905, command=[]} | ret=SUCCESS |  
2019-09-05 07:36:00,866 | INFO  | SCMAudit | user=jenkins1000 | ip=192.168.36.69 | op=SEND_HEARTBEAT {datanodeUUID=cbc4e215-9e19-470f-b262-a66375af609e, command=[]} | ret=SUCCESS |  
2019-09-05 07:36:00,938 | INFO  | SCMAudit | user=jenkins1000 | ip=192.168.36.69 | op=SEND_HEARTBEAT {datanodeUUID=5822af17-ba6a-443c-803e-51bf9a574bd0, command=[]} | ret=SUCCESS |  
2019-09-05 07:36:01,225 | INFO  | SCMAudit | user=jenkins1000 | ip=192.168.36.69 | op=SEND_HEARTBEAT {datanodeUUID=618caef6-a8cd-4e5c-bc39-325bb83fc273, command=[]} | ret=SUCCESS |  
2019-09-05 07:36:01,456 | INFO  | SCMAudit | user=jenkins1000 | ip=192.168.36.69 | op=SEND_HEARTBEAT {datanodeUUID=017b796d-3321-494b-8d8c-e766a57787fe, command=[]} | ret=SUCCESS |  
2019-09-05 07:36:01,696 | INFO  | SCMAudit | user=jenkins1000 | ip=192.168.36.69 | op=SEND_HEARTBEAT {datanodeUUID=d8846d25-1678-4df1-8bff-f38eb3492905, command=[]} | ret=SUCCESS |  
2019-09-05 07:36:01,866 | INFO  | SCMAudit | user=jenkins1000 | ip=192.168.36.69 | op=SEND_HEARTBEAT {datanodeUUID=cbc4e215-9e19-470f-b262-a66375af609e, command=[]} | ret=SUCCESS |  
2019-09-05 07:36:01,938 | INFO  | SCMAudit | user=jenkins1000 | ip=192.168.36.69 | op=SEND_HEARTBEAT {datanodeUUID=5822af17-ba6a-443c-803e-51bf9a574bd0, command=[]} | ret=SUCCESS |  
2019-09-05 07:36:02,225 | INFO  | SCMAudit | user=jenkins1000 | ip=192.168.36.69 | op=SEND_HEARTBEAT {datanodeUUID=618caef6-a8cd-4e5c-bc39-325bb83fc273, command=[]} | ret=SUCCESS |  
2019-09-05 07:36:02,457 | INFO  | SCMAudit | user=jenkins1000 | ip=192.168.36.69 | op=SEND_HEARTBEAT {datanodeUUID=017b796d-3321-494b-8d8c-e766a57787fe, command=[]} | ret=SUCCESS |  
2019-09-05 07:36:02,696 | INFO  | SCMAudit | user=jenkins1000 | ip=192.168.36.69 | op=SEND_HEARTBEAT {datanodeUUID=d8846d25-1678-4df1-8bff-f38eb3492905, command=[]} | ret=SUCCESS |  
2019-09-05 07:36:02,779 [grpc-default-executor-5] INFO  client.GrpcClientProtocolClient (GrpcClientProtocolClient.java:onNext(255)) - client-B40F40CC564F->cbc4e215-9e19-470f-b262-a66375af609e: receive RaftClientReply:client-B40F40CC564F->cbc4e215-9e19-470f-b262-a66375af609e@group-275862EAF019, cid=22, FAILED org.apache.ratis.protocol.NotLeaderException: Server cbc4e215-9e19-470f-b262-a66375af609e is not the leader (null). Request must be sent to leader., logIndex=0, commits[cbc4e215-9e19-470f-b262-a66375af609e:c15, 216f763b-3e68-44a6-8a6b-4b7681664146:c15, 7a080ec0-19ca-4af1-b3b9-6aaba7a45b53:c15]
2019-09-05 07:36:02,866 | INFO  | SCMAudit | user=jenkins1000 | ip=192.168.36.69 | op=SEND_HEARTBEAT {datanodeUUID=cbc4e215-9e19-470f-b262-a66375af609e, command=[]} | ret=SUCCESS |  
2019-09-05 07:36:02,939 | INFO  | SCMAudit | user=jenkins1000 | ip=192.168.36.69 | op=SEND_HEARTBEAT {datanodeUUID=5822af17-ba6a-443c-803e-51bf9a574bd0, command=[]} | ret=SUCCESS |  
2019-09-05 07:36:03,225 | INFO  | SCMAudit | user=jenkins1000 | ip=192.168.36.69 | op=SEND_HEARTBEAT {datanodeUUID=618caef6-a8cd-4e5c-bc39-325bb83fc273, command=[]} | ret=SUCCESS |  
2019-09-05 07:36:03,457 | INFO  | SCMAudit | user=jenkins1000 | ip=192.168.36.69 | op=SEND_HEARTBEAT {datanodeUUID=017b796d-3321-494b-8d8c-e766a57787fe, command=[]} | ret=SUCCESS |  
2019-09-05 07:36:03,697 | INFO  | SCMAudit | user=jenkins1000 | ip=192.168.36.69 | op=SEND_HEARTBEAT {datanodeUUID=d8846d25-1678-4df1-8bff-f38eb3492905, command=[]} | ret=SUCCESS |  
2019-09-05 07:36:03,866 | INFO  | SCMAudit | user=jenkins1000 | ip=192.168.36.69 | op=SEND_HEARTBEAT {datanodeUUID=cbc4e215-9e19-470f-b262-a66375af609e, command=[]} | ret=SUCCESS |  
2019-09-05 07:36:03,938 | INFO  | SCMAudit | user=jenkins1000 | ip=192.168.36.69 | op=SEND_HEARTBEAT {datanodeUUID=5822af17-ba6a-443c-803e-51bf9a574bd0, command=[]} | ret=SUCCESS |  
2019-09-05 07:36:04,225 | INFO  | SCMAudit | user=jenkins1000 | ip=192.168.36.69 | op=SEND_HEARTBEAT {datanodeUUID=618caef6-a8cd-4e5c-bc39-325bb83fc273, command=[]} | ret=SUCCESS |  
2019-09-05 07:36:04,457 | INFO  | SCMAudit | user=jenkins1000 | ip=192.168.36.69 | op=SEND_HEARTBEAT {datanodeUUID=017b796d-3321-494b-8d8c-e766a57787fe, command=[]} | ret=SUCCESS |  
2019-09-05 07:36:04,697 | INFO  | SCMAudit | user=jenkins1000 | ip=192.168.36.69 | op=SEND_HEARTBEAT {datanodeUUID=d8846d25-1678-4df1-8bff-f38eb3492905, command=[]} | ret=SUCCESS |  
2019-09-05 07:36:04,817 [grpc-default-executor-5] INFO  client.GrpcClientProtocolClient (GrpcClientProtocolClient.java:onNext(255)) - client-B40F40CC564F->cbc4e215-9e19-470f-b262-a66375af609e: receive RaftClientReply:client-B40F40CC564F->cbc4e215-9e19-470f-b262-a66375af609e@group-275862EAF019, cid=22, FAILED org.apache.ratis.protocol.NotLeaderException: Server cbc4e215-9e19-470f-b262-a66375af609e is not the leader (null). Request must be sent to leader., logIndex=0, commits[cbc4e215-9e19-470f-b262-a66375af609e:c15, 216f763b-3e68-44a6-8a6b-4b7681664146:c15, 7a080ec0-19ca-4af1-b3b9-6aaba7a45b53:c15]
2019-09-05 07:36:04,866 | INFO  | SCMAudit | user=jenkins1000 | ip=192.168.36.69 | op=SEND_HEARTBEAT {datanodeUUID=cbc4e215-9e19-470f-b262-a66375af609e, command=[]} | ret=SUCCESS |  
2019-09-05 07:36:04,938 | INFO  | SCMAudit | user=jenkins1000 | ip=192.168.36.69 | op=SEND_HEARTBEAT {datanodeUUID=5822af17-ba6a-443c-803e-51bf9a574bd0, command=[]} | ret=SUCCESS |  
2019-09-05 07:36:05,225 | INFO  | SCMAudit | user=jenkins1000 | ip=192.168.36.69 | op=SEND_HEARTBEAT {datanodeUUID=618caef6-a8cd-4e5c-bc39-325bb83fc273, command=[]} | ret=SUCCESS |  
2019-09-05 07:36:05,458 | INFO  | SCMAudit | user=jenkins1000 | ip=192.168.36.69 | op=SEND_HEARTBEAT {datanodeUUID=017b796d-3321-494b-8d8c-e766a57787fe, command=[]} | ret=SUCCESS |  
2019-09-05 07:36:05,697 | INFO  | SCMAudit | user=jenkins1000 | ip=192.168.36.69 | op=SEND_HEARTBEAT {datanodeUUID=d8846d25-1678-4df1-8bff-f38eb3492905, command=[]} | ret=SUCCESS |  
2019-09-05 07:36:05,720 [Thread-444] INFO  impl.FollowerState (FollowerState.java:run(106)) - cbc4e215-9e19-470f-b262-a66375af609e:group-275862EAF019 changes to CANDIDATE, lastRpcTime:5083, electionTimeout:5081ms
2019-09-05 07:36:05,721 [Thread-444] INFO  impl.RoleInfo (RoleInfo.java:shutdownFollowerState(121)) - cbc4e215-9e19-470f-b262-a66375af609e: shutdown FollowerState
2019-09-05 07:36:05,721 [Thread-444] INFO  impl.RaftServerImpl (RaftServerImpl.java:setRole(171)) - cbc4e215-9e19-470f-b262-a66375af609e:group-275862EAF019 changes role from FOLLOWER to CANDIDATE at term 3 for changeToCandidate
2019-09-05 07:36:05,721 [Thread-444] INFO  impl.RoleInfo (RoleInfo.java:updateAndGet(143)) - cbc4e215-9e19-470f-b262-a66375af609e: start LeaderElection
2019-09-05 07:36:05,774 [cbc4e215-9e19-470f-b262-a66375af609e:group-275862EAF019:LeaderElection15] INFO  impl.LeaderElection (LeaderElection.java:askForVotes(181)) - cbc4e215-9e19-470f-b262-a66375af609e:group-275862EAF019:LeaderElection15: begin an election at term 4 for 0: [216f763b-3e68-44a6-8a6b-4b7681664146:192.168.36.69:46568, 7a080ec0-19ca-4af1-b3b9-6aaba7a45b53:192.168.36.69:43350, cbc4e215-9e19-470f-b262-a66375af609e:192.168.36.69:44389], old=null
2019-09-05 07:36:05,776 [cbc4e215-9e19-470f-b262-a66375af609e:group-275862EAF019:LeaderElection15] INFO  impl.LeaderElection (LogUtils.java:infoOrTrace(149)) - cbc4e215-9e19-470f-b262-a66375af609e:group-275862EAF019:LeaderElection15 got exception when requesting votes: {}
java.util.concurrent.ExecutionException: org.apache.ratis.thirdparty.io.grpc.StatusRuntimeException: UNAVAILABLE: io exception
	at java.util.concurrent.FutureTask.report(FutureTask.java:122)
	at java.util.concurrent.FutureTask.get(FutureTask.java:192)
	at org.apache.ratis.server.impl.LeaderElection.waitForResults(LeaderElection.java:262)
	at org.apache.ratis.server.impl.LeaderElection.askForVotes(LeaderElection.java:200)
	at org.apache.ratis.server.impl.LeaderElection.run(LeaderElection.java:130)
	at java.lang.Thread.run(Thread.java:748)
Caused by: org.apache.ratis.thirdparty.io.grpc.StatusRuntimeException: UNAVAILABLE: io exception
	at org.apache.ratis.thirdparty.io.grpc.stub.ClientCalls.toStatusRuntimeException(ClientCalls.java:233)
	at org.apache.ratis.thirdparty.io.grpc.stub.ClientCalls.getUnchecked(ClientCalls.java:214)
	at org.apache.ratis.thirdparty.io.grpc.stub.ClientCalls.blockingUnaryCall(ClientCalls.java:139)
	at org.apache.ratis.proto.grpc.RaftServerProtocolServiceGrpc$RaftServerProtocolServiceBlockingStub.requestVote(RaftServerProtocolServiceGrpc.java:265)
	at org.apache.ratis.grpc.server.GrpcServerProtocolClient.requestVote(GrpcServerProtocolClient.java:83)
	at org.apache.ratis.grpc.server.GrpcService.requestVote(GrpcService.java:195)
	at org.apache.ratis.server.impl.LeaderElection.lambda$submitRequests$1(LeaderElection.java:237)
	at java.util.concurrent.FutureTask.run(FutureTask.java:266)
	at java.util.concurrent.Executors$RunnableAdapter.call(Executors.java:511)
	at java.util.concurrent.FutureTask.run(FutureTask.java:266)
	at java.util.concurrent.ThreadPoolExecutor.runWorker(ThreadPoolExecutor.java:1149)
	at java.util.concurrent.ThreadPoolExecutor$Worker.run(ThreadPoolExecutor.java:624)
	... 1 more
Caused by: org.apache.ratis.thirdparty.io.netty.channel.AbstractChannel$AnnotatedConnectException: Connection refused: /192.168.36.69:46568
	at sun.nio.ch.SocketChannelImpl.checkConnect(Native Method)
	at sun.nio.ch.SocketChannelImpl.finishConnect(SocketChannelImpl.java:717)
	at org.apache.ratis.thirdparty.io.netty.channel.socket.nio.NioSocketChannel.doFinishConnect(NioSocketChannel.java:327)
	at org.apache.ratis.thirdparty.io.netty.channel.nio.AbstractNioChannel$AbstractNioUnsafe.finishConnect(AbstractNioChannel.java:340)
	at org.apache.ratis.thirdparty.io.netty.channel.nio.NioEventLoop.processSelectedKey(NioEventLoop.java:632)
	at org.apache.ratis.thirdparty.io.netty.channel.nio.NioEventLoop.processSelectedKeysOptimized(NioEventLoop.java:579)
	at org.apache.ratis.thirdparty.io.netty.channel.nio.NioEventLoop.processSelectedKeys(NioEventLoop.java:496)
	at org.apache.ratis.thirdparty.io.netty.channel.nio.NioEventLoop.run(NioEventLoop.java:458)
	at org.apache.ratis.thirdparty.io.netty.util.concurrent.SingleThreadEventExecutor$5.run(SingleThreadEventExecutor.java:897)
	at org.apache.ratis.thirdparty.io.netty.util.concurrent.FastThreadLocalRunnable.run(FastThreadLocalRunnable.java:30)
	... 1 more
Caused by: java.net.ConnectException: Connection refused
	... 11 more
2019-09-05 07:36:05,778 [cbc4e215-9e19-470f-b262-a66375af609e:group-275862EAF019:LeaderElection15] INFO  impl.LeaderElection (LogUtils.java:infoOrTrace(149)) - cbc4e215-9e19-470f-b262-a66375af609e:group-275862EAF019:LeaderElection15 got exception when requesting votes: {}
java.util.concurrent.ExecutionException: org.apache.ratis.thirdparty.io.grpc.StatusRuntimeException: UNAVAILABLE: io exception
	at java.util.concurrent.FutureTask.report(FutureTask.java:122)
	at java.util.concurrent.FutureTask.get(FutureTask.java:192)
	at org.apache.ratis.server.impl.LeaderElection.waitForResults(LeaderElection.java:262)
	at org.apache.ratis.server.impl.LeaderElection.askForVotes(LeaderElection.java:200)
	at org.apache.ratis.server.impl.LeaderElection.run(LeaderElection.java:130)
	at java.lang.Thread.run(Thread.java:748)
Caused by: org.apache.ratis.thirdparty.io.grpc.StatusRuntimeException: UNAVAILABLE: io exception
	at org.apache.ratis.thirdparty.io.grpc.stub.ClientCalls.toStatusRuntimeException(ClientCalls.java:233)
	at org.apache.ratis.thirdparty.io.grpc.stub.ClientCalls.getUnchecked(ClientCalls.java:214)
	at org.apache.ratis.thirdparty.io.grpc.stub.ClientCalls.blockingUnaryCall(ClientCalls.java:139)
	at org.apache.ratis.proto.grpc.RaftServerProtocolServiceGrpc$RaftServerProtocolServiceBlockingStub.requestVote(RaftServerProtocolServiceGrpc.java:265)
	at org.apache.ratis.grpc.server.GrpcServerProtocolClient.requestVote(GrpcServerProtocolClient.java:83)
	at org.apache.ratis.grpc.server.GrpcService.requestVote(GrpcService.java:195)
	at org.apache.ratis.server.impl.LeaderElection.lambda$submitRequests$1(LeaderElection.java:237)
	at java.util.concurrent.FutureTask.run(FutureTask.java:266)
	at java.util.concurrent.Executors$RunnableAdapter.call(Executors.java:511)
	at java.util.concurrent.FutureTask.run(FutureTask.java:266)
	at java.util.concurrent.ThreadPoolExecutor.runWorker(ThreadPoolExecutor.java:1149)
	at java.util.concurrent.ThreadPoolExecutor$Worker.run(ThreadPoolExecutor.java:624)
	... 1 more
Caused by: org.apache.ratis.thirdparty.io.netty.channel.AbstractChannel$AnnotatedConnectException: Connection refused: /192.168.36.69:43350
	at sun.nio.ch.SocketChannelImpl.checkConnect(Native Method)
	at sun.nio.ch.SocketChannelImpl.finishConnect(SocketChannelImpl.java:717)
	at org.apache.ratis.thirdparty.io.netty.channel.socket.nio.NioSocketChannel.doFinishConnect(NioSocketChannel.java:327)
	at org.apache.ratis.thirdparty.io.netty.channel.nio.AbstractNioChannel$AbstractNioUnsafe.finishConnect(AbstractNioChannel.java:340)
	at org.apache.ratis.thirdparty.io.netty.channel.nio.NioEventLoop.processSelectedKey(NioEventLoop.java:632)
	at org.apache.ratis.thirdparty.io.netty.channel.nio.NioEventLoop.processSelectedKeysOptimized(NioEventLoop.java:579)
	at org.apache.ratis.thirdparty.io.netty.channel.nio.NioEventLoop.processSelectedKeys(NioEventLoop.java:496)
	at org.apache.ratis.thirdparty.io.netty.channel.nio.NioEventLoop.run(NioEventLoop.java:458)
	at org.apache.ratis.thirdparty.io.netty.util.concurrent.SingleThreadEventExecutor$5.run(SingleThreadEventExecutor.java:897)
	at org.apache.ratis.thirdparty.io.netty.util.concurrent.FastThreadLocalRunnable.run(FastThreadLocalRunnable.java:30)
	... 1 more
Caused by: java.net.ConnectException: Connection refused
	... 11 more
2019-09-05 07:36:05,781 [cbc4e215-9e19-470f-b262-a66375af609e:group-275862EAF019:LeaderElection15] INFO  impl.LeaderElection (LeaderElection.java:logAndReturn(56)) - cbc4e215-9e19-470f-b262-a66375af609e:group-275862EAF019:LeaderElection15: Election REJECTED; received 0 response(s) [] and 2 exception(s); cbc4e215-9e19-470f-b262-a66375af609e:t4, leader=null, voted=cbc4e215-9e19-470f-b262-a66375af609e, raftlog=cbc4e215-9e19-470f-b262-a66375af609e-SegmentedRaftLog:OPENED:c15,f15,i15, conf=0: [216f763b-3e68-44a6-8a6b-4b7681664146:192.168.36.69:46568, 7a080ec0-19ca-4af1-b3b9-6aaba7a45b53:192.168.36.69:43350, cbc4e215-9e19-470f-b262-a66375af609e:192.168.36.69:44389], old=null
2019-09-05 07:36:05,781 [cbc4e215-9e19-470f-b262-a66375af609e:group-275862EAF019:LeaderElection15] INFO  impl.LeaderElection (LogUtils.java:infoOrTrace(149)) -   Exception 0: {}
java.util.concurrent.ExecutionException: org.apache.ratis.thirdparty.io.grpc.StatusRuntimeException: UNAVAILABLE: io exception
	at java.util.concurrent.FutureTask.report(FutureTask.java:122)
	at java.util.concurrent.FutureTask.get(FutureTask.java:192)
	at org.apache.ratis.server.impl.LeaderElection.waitForResults(LeaderElection.java:262)
	at org.apache.ratis.server.impl.LeaderElection.askForVotes(LeaderElection.java:200)
	at org.apache.ratis.server.impl.LeaderElection.run(LeaderElection.java:130)
	at java.lang.Thread.run(Thread.java:748)
Caused by: org.apache.ratis.thirdparty.io.grpc.StatusRuntimeException: UNAVAILABLE: io exception
	at org.apache.ratis.thirdparty.io.grpc.stub.ClientCalls.toStatusRuntimeException(ClientCalls.java:233)
	at org.apache.ratis.thirdparty.io.grpc.stub.ClientCalls.getUnchecked(ClientCalls.java:214)
	at org.apache.ratis.thirdparty.io.grpc.stub.ClientCalls.blockingUnaryCall(ClientCalls.java:139)
	at org.apache.ratis.proto.grpc.RaftServerProtocolServiceGrpc$RaftServerProtocolServiceBlockingStub.requestVote(RaftServerProtocolServiceGrpc.java:265)
	at org.apache.ratis.grpc.server.GrpcServerProtocolClient.requestVote(GrpcServerProtocolClient.java:83)
	at org.apache.ratis.grpc.server.GrpcService.requestVote(GrpcService.java:195)
	at org.apache.ratis.server.impl.LeaderElection.lambda$submitRequests$1(LeaderElection.java:237)
	at java.util.concurrent.FutureTask.run(FutureTask.java:266)
	at java.util.concurrent.Executors$RunnableAdapter.call(Executors.java:511)
	at java.util.concurrent.FutureTask.run(FutureTask.java:266)
	at java.util.concurrent.ThreadPoolExecutor.runWorker(ThreadPoolExecutor.java:1149)
	at java.util.concurrent.ThreadPoolExecutor$Worker.run(ThreadPoolExecutor.java:624)
	... 1 more
Caused by: org.apache.ratis.thirdparty.io.netty.channel.AbstractChannel$AnnotatedConnectException: Connection refused: /192.168.36.69:46568
	at sun.nio.ch.SocketChannelImpl.checkConnect(Native Method)
	at sun.nio.ch.SocketChannelImpl.finishConnect(SocketChannelImpl.java:717)
	at org.apache.ratis.thirdparty.io.netty.channel.socket.nio.NioSocketChannel.doFinishConnect(NioSocketChannel.java:327)
	at org.apache.ratis.thirdparty.io.netty.channel.nio.AbstractNioChannel$AbstractNioUnsafe.finishConnect(AbstractNioChannel.java:340)
	at org.apache.ratis.thirdparty.io.netty.channel.nio.NioEventLoop.processSelectedKey(NioEventLoop.java:632)
	at org.apache.ratis.thirdparty.io.netty.channel.nio.NioEventLoop.processSelectedKeysOptimized(NioEventLoop.java:579)
	at org.apache.ratis.thirdparty.io.netty.channel.nio.NioEventLoop.processSelectedKeys(NioEventLoop.java:496)
	at org.apache.ratis.thirdparty.io.netty.channel.nio.NioEventLoop.run(NioEventLoop.java:458)
	at org.apache.ratis.thirdparty.io.netty.util.concurrent.SingleThreadEventExecutor$5.run(SingleThreadEventExecutor.java:897)
	at org.apache.ratis.thirdparty.io.netty.util.concurrent.FastThreadLocalRunnable.run(FastThreadLocalRunnable.java:30)
	... 1 more
Caused by: java.net.ConnectException: Connection refused
	... 11 more
2019-09-05 07:36:05,781 [cbc4e215-9e19-470f-b262-a66375af609e:group-275862EAF019:LeaderElection15] INFO  impl.LeaderElection (LogUtils.java:infoOrTrace(149)) -   Exception 1: {}
java.util.concurrent.ExecutionException: org.apache.ratis.thirdparty.io.grpc.StatusRuntimeException: UNAVAILABLE: io exception
	at java.util.concurrent.FutureTask.report(FutureTask.java:122)
	at java.util.concurrent.FutureTask.get(FutureTask.java:192)
	at org.apache.ratis.server.impl.LeaderElection.waitForResults(LeaderElection.java:262)
	at org.apache.ratis.server.impl.LeaderElection.askForVotes(LeaderElection.java:200)
	at org.apache.ratis.server.impl.LeaderElection.run(LeaderElection.java:130)
	at java.lang.Thread.run(Thread.java:748)
Caused by: org.apache.ratis.thirdparty.io.grpc.StatusRuntimeException: UNAVAILABLE: io exception
	at org.apache.ratis.thirdparty.io.grpc.stub.ClientCalls.toStatusRuntimeException(ClientCalls.java:233)
	at org.apache.ratis.thirdparty.io.grpc.stub.ClientCalls.getUnchecked(ClientCalls.java:214)
	at org.apache.ratis.thirdparty.io.grpc.stub.ClientCalls.blockingUnaryCall(ClientCalls.java:139)
	at org.apache.ratis.proto.grpc.RaftServerProtocolServiceGrpc$RaftServerProtocolServiceBlockingStub.requestVote(RaftServerProtocolServiceGrpc.java:265)
	at org.apache.ratis.grpc.server.GrpcServerProtocolClient.requestVote(GrpcServerProtocolClient.java:83)
	at org.apache.ratis.grpc.server.GrpcService.requestVote(GrpcService.java:195)
	at org.apache.ratis.server.impl.LeaderElection.lambda$submitRequests$1(LeaderElection.java:237)
	at java.util.concurrent.FutureTask.run(FutureTask.java:266)
	at java.util.concurrent.Executors$RunnableAdapter.call(Executors.java:511)
	at java.util.concurrent.FutureTask.run(FutureTask.java:266)
	at java.util.concurrent.ThreadPoolExecutor.runWorker(ThreadPoolExecutor.java:1149)
	at java.util.concurrent.ThreadPoolExecutor$Worker.run(ThreadPoolExecutor.java:624)
	... 1 more
Caused by: org.apache.ratis.thirdparty.io.netty.channel.AbstractChannel$AnnotatedConnectException: Connection refused: /192.168.36.69:43350
	at sun.nio.ch.SocketChannelImpl.checkConnect(Native Method)
	at sun.nio.ch.SocketChannelImpl.finishConnect(SocketChannelImpl.java:717)
	at org.apache.ratis.thirdparty.io.netty.channel.socket.nio.NioSocketChannel.doFinishConnect(NioSocketChannel.java:327)
	at org.apache.ratis.thirdparty.io.netty.channel.nio.AbstractNioChannel$AbstractNioUnsafe.finishConnect(AbstractNioChannel.java:340)
	at org.apache.ratis.thirdparty.io.netty.channel.nio.NioEventLoop.processSelectedKey(NioEventLoop.java:632)
	at org.apache.ratis.thirdparty.io.netty.channel.nio.NioEventLoop.processSelectedKeysOptimized(NioEventLoop.java:579)
	at org.apache.ratis.thirdparty.io.netty.channel.nio.NioEventLoop.processSelectedKeys(NioEventLoop.java:496)
	at org.apache.ratis.thirdparty.io.netty.channel.nio.NioEventLoop.run(NioEventLoop.java:458)
	at org.apache.ratis.thirdparty.io.netty.util.concurrent.SingleThreadEventExecutor$5.run(SingleThreadEventExecutor.java:897)
	at org.apache.ratis.thirdparty.io.netty.util.concurrent.FastThreadLocalRunnable.run(FastThreadLocalRunnable.java:30)
	... 1 more
Caused by: java.net.ConnectException: Connection refused
	... 11 more
2019-09-05 07:36:05,782 [cbc4e215-9e19-470f-b262-a66375af609e:group-275862EAF019:LeaderElection15] INFO  impl.RaftServerImpl (RaftServerImpl.java:setRole(171)) - cbc4e215-9e19-470f-b262-a66375af609e:group-275862EAF019 changes role from CANDIDATE to FOLLOWER at term 4 for DISCOVERED_A_NEW_TERM
2019-09-05 07:36:05,784 [cbc4e215-9e19-470f-b262-a66375af609e:group-275862EAF019:LeaderElection15] INFO  impl.RoleInfo (RoleInfo.java:shutdownLeaderElection(134)) - cbc4e215-9e19-470f-b262-a66375af609e: shutdown LeaderElection
2019-09-05 07:36:05,784 [cbc4e215-9e19-470f-b262-a66375af609e:group-275862EAF019:LeaderElection15] INFO  impl.RoleInfo (RoleInfo.java:updateAndGet(143)) - cbc4e215-9e19-470f-b262-a66375af609e: start FollowerState
2019-09-05 07:36:05,865 | INFO  | SCMAudit | user=jenkins1000 | ip=192.168.36.69 | op=SEND_HEARTBEAT {datanodeUUID=cbc4e215-9e19-470f-b262-a66375af609e, command=[]} | ret=SUCCESS |  
2019-09-05 07:36:05,938 | INFO  | SCMAudit | user=jenkins1000 | ip=192.168.36.69 | op=SEND_HEARTBEAT {datanodeUUID=5822af17-ba6a-443c-803e-51bf9a574bd0, command=[]} | ret=SUCCESS |  
2019-09-05 07:36:06,225 | INFO  | SCMAudit | user=jenkins1000 | ip=192.168.36.69 | op=SEND_HEARTBEAT {datanodeUUID=618caef6-a8cd-4e5c-bc39-325bb83fc273, command=[]} | ret=SUCCESS |  
2019-09-05 07:36:06,458 | INFO  | SCMAudit | user=jenkins1000 | ip=192.168.36.69 | op=SEND_HEARTBEAT {datanodeUUID=017b796d-3321-494b-8d8c-e766a57787fe, command=[]} | ret=SUCCESS |  
2019-09-05 07:36:06,697 | INFO  | SCMAudit | user=jenkins1000 | ip=192.168.36.69 | op=SEND_HEARTBEAT {datanodeUUID=d8846d25-1678-4df1-8bff-f38eb3492905, command=[]} | ret=SUCCESS |  
2019-09-05 07:36:06,866 | INFO  | SCMAudit | user=jenkins1000 | ip=192.168.36.69 | op=SEND_HEARTBEAT {datanodeUUID=cbc4e215-9e19-470f-b262-a66375af609e, command=[]} | ret=SUCCESS |  
2019-09-05 07:36:06,942 | INFO  | SCMAudit | user=jenkins1000 | ip=192.168.36.69 | op=SEND_HEARTBEAT {datanodeUUID=5822af17-ba6a-443c-803e-51bf9a574bd0, command=[]} | ret=SUCCESS |  
2019-09-05 07:36:07,225 | INFO  | SCMAudit | user=jenkins1000 | ip=192.168.36.69 | op=SEND_HEARTBEAT {datanodeUUID=618caef6-a8cd-4e5c-bc39-325bb83fc273, command=[]} | ret=SUCCESS |  
2019-09-05 07:36:07,459 | INFO  | SCMAudit | user=jenkins1000 | ip=192.168.36.69 | op=SEND_HEARTBEAT {datanodeUUID=017b796d-3321-494b-8d8c-e766a57787fe, command=[]} | ret=SUCCESS |  
2019-09-05 07:36:07,697 | INFO  | SCMAudit | user=jenkins1000 | ip=192.168.36.69 | op=SEND_HEARTBEAT {datanodeUUID=d8846d25-1678-4df1-8bff-f38eb3492905, command=[]} | ret=SUCCESS |  
2019-09-05 07:36:07,866 | INFO  | SCMAudit | user=jenkins1000 | ip=192.168.36.69 | op=SEND_HEARTBEAT {datanodeUUID=cbc4e215-9e19-470f-b262-a66375af609e, command=[]} | ret=SUCCESS |  
2019-09-05 07:36:07,939 | INFO  | SCMAudit | user=jenkins1000 | ip=192.168.36.69 | op=SEND_HEARTBEAT {datanodeUUID=5822af17-ba6a-443c-803e-51bf9a574bd0, command=[]} | ret=SUCCESS |  
2019-09-05 07:36:08,225 | INFO  | SCMAudit | user=jenkins1000 | ip=192.168.36.69 | op=SEND_HEARTBEAT {datanodeUUID=618caef6-a8cd-4e5c-bc39-325bb83fc273, command=[]} | ret=SUCCESS |  
2019-09-05 07:36:08,459 | INFO  | SCMAudit | user=jenkins1000 | ip=192.168.36.69 | op=SEND_HEARTBEAT {datanodeUUID=017b796d-3321-494b-8d8c-e766a57787fe, command=[]} | ret=SUCCESS |  
2019-09-05 07:36:08,696 | INFO  | SCMAudit | user=jenkins1000 | ip=192.168.36.69 | op=SEND_HEARTBEAT {datanodeUUID=d8846d25-1678-4df1-8bff-f38eb3492905, command=[]} | ret=SUCCESS |  
2019-09-05 07:36:08,865 [grpc-default-executor-0] INFO  client.GrpcClientProtocolClient (GrpcClientProtocolClient.java:onNext(255)) - client-B40F40CC564F->cbc4e215-9e19-470f-b262-a66375af609e: receive RaftClientReply:client-B40F40CC564F->cbc4e215-9e19-470f-b262-a66375af609e@group-275862EAF019, cid=22, FAILED org.apache.ratis.protocol.NotLeaderException: Server cbc4e215-9e19-470f-b262-a66375af609e is not the leader (null). Request must be sent to leader., logIndex=0, commits[cbc4e215-9e19-470f-b262-a66375af609e:c15, 216f763b-3e68-44a6-8a6b-4b7681664146:c15, 7a080ec0-19ca-4af1-b3b9-6aaba7a45b53:c15]
2019-09-05 07:36:08,871 | INFO  | SCMAudit | user=jenkins1000 | ip=192.168.36.69 | op=SEND_HEARTBEAT {datanodeUUID=cbc4e215-9e19-470f-b262-a66375af609e, command=[]} | ret=SUCCESS |  
2019-09-05 07:36:08,939 | INFO  | SCMAudit | user=jenkins1000 | ip=192.168.36.69 | op=SEND_HEARTBEAT {datanodeUUID=5822af17-ba6a-443c-803e-51bf9a574bd0, command=[]} | ret=SUCCESS |  
2019-09-05 07:36:09,225 | INFO  | SCMAudit | user=jenkins1000 | ip=192.168.36.69 | op=SEND_HEARTBEAT {datanodeUUID=618caef6-a8cd-4e5c-bc39-325bb83fc273, command=[]} | ret=SUCCESS |  
2019-09-05 07:36:09,459 | INFO  | SCMAudit | user=jenkins1000 | ip=192.168.36.69 | op=SEND_HEARTBEAT {datanodeUUID=017b796d-3321-494b-8d8c-e766a57787fe, command=[]} | ret=SUCCESS |  
2019-09-05 07:36:09,698 | INFO  | SCMAudit | user=jenkins1000 | ip=192.168.36.69 | op=SEND_HEARTBEAT {datanodeUUID=d8846d25-1678-4df1-8bff-f38eb3492905, command=[]} | ret=SUCCESS |  
2019-09-05 07:36:09,868 | INFO  | SCMAudit | user=jenkins1000 | ip=192.168.36.69 | op=SEND_HEARTBEAT {datanodeUUID=cbc4e215-9e19-470f-b262-a66375af609e, command=[]} | ret=SUCCESS |  
2019-09-05 07:36:09,939 | INFO  | SCMAudit | user=jenkins1000 | ip=192.168.36.69 | op=SEND_HEARTBEAT {datanodeUUID=5822af17-ba6a-443c-803e-51bf9a574bd0, command=[]} | ret=SUCCESS |  
2019-09-05 07:36:10,225 | INFO  | SCMAudit | user=jenkins1000 | ip=192.168.36.69 | op=SEND_HEARTBEAT {datanodeUUID=618caef6-a8cd-4e5c-bc39-325bb83fc273, command=[]} | ret=SUCCESS |  
2019-09-05 07:36:10,460 | INFO  | SCMAudit | user=jenkins1000 | ip=192.168.36.69 | op=SEND_HEARTBEAT {datanodeUUID=017b796d-3321-494b-8d8c-e766a57787fe, command=[]} | ret=SUCCESS |  
2019-09-05 07:36:10,697 | INFO  | SCMAudit | user=jenkins1000 | ip=192.168.36.69 | op=SEND_HEARTBEAT {datanodeUUID=d8846d25-1678-4df1-8bff-f38eb3492905, command=[]} | ret=SUCCESS |  
2019-09-05 07:36:10,868 | INFO  | SCMAudit | user=jenkins1000 | ip=192.168.36.69 | op=SEND_HEARTBEAT {datanodeUUID=cbc4e215-9e19-470f-b262-a66375af609e, command=[]} | ret=SUCCESS |  
2019-09-05 07:36:10,891 [grpc-default-executor-4] INFO  client.GrpcClientProtocolClient (GrpcClientProtocolClient.java:onNext(255)) - client-B40F40CC564F->cbc4e215-9e19-470f-b262-a66375af609e: receive RaftClientReply:client-B40F40CC564F->cbc4e215-9e19-470f-b262-a66375af609e@group-275862EAF019, cid=22, FAILED org.apache.ratis.protocol.NotLeaderException: Server cbc4e215-9e19-470f-b262-a66375af609e is not the leader (null). Request must be sent to leader., logIndex=0, commits[cbc4e215-9e19-470f-b262-a66375af609e:c15, 216f763b-3e68-44a6-8a6b-4b7681664146:c15, 7a080ec0-19ca-4af1-b3b9-6aaba7a45b53:c15]
2019-09-05 07:36:10,924 [Thread-465] INFO  impl.FollowerState (FollowerState.java:run(106)) - cbc4e215-9e19-470f-b262-a66375af609e:group-275862EAF019 changes to CANDIDATE, lastRpcTime:5139, electionTimeout:5138ms
2019-09-05 07:36:10,924 [Thread-465] INFO  impl.RoleInfo (RoleInfo.java:shutdownFollowerState(121)) - cbc4e215-9e19-470f-b262-a66375af609e: shutdown FollowerState
2019-09-05 07:36:10,924 [Thread-465] INFO  impl.RaftServerImpl (RaftServerImpl.java:setRole(171)) - cbc4e215-9e19-470f-b262-a66375af609e:group-275862EAF019 changes role from FOLLOWER to CANDIDATE at term 4 for changeToCandidate
2019-09-05 07:36:10,924 [Thread-465] INFO  impl.RoleInfo (RoleInfo.java:updateAndGet(143)) - cbc4e215-9e19-470f-b262-a66375af609e: start LeaderElection
2019-09-05 07:36:10,940 | INFO  | SCMAudit | user=jenkins1000 | ip=192.168.36.69 | op=SEND_HEARTBEAT {datanodeUUID=5822af17-ba6a-443c-803e-51bf9a574bd0, command=[]} | ret=SUCCESS |  
2019-09-05 07:36:10,968 [cbc4e215-9e19-470f-b262-a66375af609e:group-275862EAF019:LeaderElection16] INFO  impl.LeaderElection (LeaderElection.java:askForVotes(181)) - cbc4e215-9e19-470f-b262-a66375af609e:group-275862EAF019:LeaderElection16: begin an election at term 5 for 0: [216f763b-3e68-44a6-8a6b-4b7681664146:192.168.36.69:46568, 7a080ec0-19ca-4af1-b3b9-6aaba7a45b53:192.168.36.69:43350, cbc4e215-9e19-470f-b262-a66375af609e:192.168.36.69:44389], old=null
2019-09-05 07:36:10,969 [cbc4e215-9e19-470f-b262-a66375af609e:group-275862EAF019:LeaderElection16] INFO  impl.LeaderElection (LogUtils.java:infoOrTrace(149)) - cbc4e215-9e19-470f-b262-a66375af609e:group-275862EAF019:LeaderElection16 got exception when requesting votes: {}
java.util.concurrent.ExecutionException: org.apache.ratis.thirdparty.io.grpc.StatusRuntimeException: UNAVAILABLE: io exception
	at java.util.concurrent.FutureTask.report(FutureTask.java:122)
	at java.util.concurrent.FutureTask.get(FutureTask.java:192)
	at org.apache.ratis.server.impl.LeaderElection.waitForResults(LeaderElection.java:262)
	at org.apache.ratis.server.impl.LeaderElection.askForVotes(LeaderElection.java:200)
	at org.apache.ratis.server.impl.LeaderElection.run(LeaderElection.java:130)
	at java.lang.Thread.run(Thread.java:748)
Caused by: org.apache.ratis.thirdparty.io.grpc.StatusRuntimeException: UNAVAILABLE: io exception
	at org.apache.ratis.thirdparty.io.grpc.stub.ClientCalls.toStatusRuntimeException(ClientCalls.java:233)
	at org.apache.ratis.thirdparty.io.grpc.stub.ClientCalls.getUnchecked(ClientCalls.java:214)
	at org.apache.ratis.thirdparty.io.grpc.stub.ClientCalls.blockingUnaryCall(ClientCalls.java:139)
	at org.apache.ratis.proto.grpc.RaftServerProtocolServiceGrpc$RaftServerProtocolServiceBlockingStub.requestVote(RaftServerProtocolServiceGrpc.java:265)
	at org.apache.ratis.grpc.server.GrpcServerProtocolClient.requestVote(GrpcServerProtocolClient.java:83)
	at org.apache.ratis.grpc.server.GrpcService.requestVote(GrpcService.java:195)
	at org.apache.ratis.server.impl.LeaderElection.lambda$submitRequests$1(LeaderElection.java:237)
	at java.util.concurrent.FutureTask.run(FutureTask.java:266)
	at java.util.concurrent.Executors$RunnableAdapter.call(Executors.java:511)
	at java.util.concurrent.FutureTask.run(FutureTask.java:266)
	at java.util.concurrent.ThreadPoolExecutor.runWorker(ThreadPoolExecutor.java:1149)
	at java.util.concurrent.ThreadPoolExecutor$Worker.run(ThreadPoolExecutor.java:624)
	... 1 more
Caused by: org.apache.ratis.thirdparty.io.netty.channel.AbstractChannel$AnnotatedConnectException: Connection refused: /192.168.36.69:46568
	at sun.nio.ch.SocketChannelImpl.checkConnect(Native Method)
	at sun.nio.ch.SocketChannelImpl.finishConnect(SocketChannelImpl.java:717)
	at org.apache.ratis.thirdparty.io.netty.channel.socket.nio.NioSocketChannel.doFinishConnect(NioSocketChannel.java:327)
	at org.apache.ratis.thirdparty.io.netty.channel.nio.AbstractNioChannel$AbstractNioUnsafe.finishConnect(AbstractNioChannel.java:340)
	at org.apache.ratis.thirdparty.io.netty.channel.nio.NioEventLoop.processSelectedKey(NioEventLoop.java:632)
	at org.apache.ratis.thirdparty.io.netty.channel.nio.NioEventLoop.processSelectedKeysOptimized(NioEventLoop.java:579)
	at org.apache.ratis.thirdparty.io.netty.channel.nio.NioEventLoop.processSelectedKeys(NioEventLoop.java:496)
	at org.apache.ratis.thirdparty.io.netty.channel.nio.NioEventLoop.run(NioEventLoop.java:458)
	at org.apache.ratis.thirdparty.io.netty.util.concurrent.SingleThreadEventExecutor$5.run(SingleThreadEventExecutor.java:897)
	at org.apache.ratis.thirdparty.io.netty.util.concurrent.FastThreadLocalRunnable.run(FastThreadLocalRunnable.java:30)
	... 1 more
Caused by: java.net.ConnectException: Connection refused
	... 11 more
2019-09-05 07:36:10,972 [cbc4e215-9e19-470f-b262-a66375af609e:group-275862EAF019:LeaderElection16] INFO  impl.LeaderElection (LogUtils.java:infoOrTrace(149)) - cbc4e215-9e19-470f-b262-a66375af609e:group-275862EAF019:LeaderElection16 got exception when requesting votes: {}
java.util.concurrent.ExecutionException: org.apache.ratis.thirdparty.io.grpc.StatusRuntimeException: UNAVAILABLE: io exception
	at java.util.concurrent.FutureTask.report(FutureTask.java:122)
	at java.util.concurrent.FutureTask.get(FutureTask.java:192)
	at org.apache.ratis.server.impl.LeaderElection.waitForResults(LeaderElection.java:262)
	at org.apache.ratis.server.impl.LeaderElection.askForVotes(LeaderElection.java:200)
	at org.apache.ratis.server.impl.LeaderElection.run(LeaderElection.java:130)
	at java.lang.Thread.run(Thread.java:748)
Caused by: org.apache.ratis.thirdparty.io.grpc.StatusRuntimeException: UNAVAILABLE: io exception
	at org.apache.ratis.thirdparty.io.grpc.stub.ClientCalls.toStatusRuntimeException(ClientCalls.java:233)
	at org.apache.ratis.thirdparty.io.grpc.stub.ClientCalls.getUnchecked(ClientCalls.java:214)
	at org.apache.ratis.thirdparty.io.grpc.stub.ClientCalls.blockingUnaryCall(ClientCalls.java:139)
	at org.apache.ratis.proto.grpc.RaftServerProtocolServiceGrpc$RaftServerProtocolServiceBlockingStub.requestVote(RaftServerProtocolServiceGrpc.java:265)
	at org.apache.ratis.grpc.server.GrpcServerProtocolClient.requestVote(GrpcServerProtocolClient.java:83)
	at org.apache.ratis.grpc.server.GrpcService.requestVote(GrpcService.java:195)
	at org.apache.ratis.server.impl.LeaderElection.lambda$submitRequests$1(LeaderElection.java:237)
	at java.util.concurrent.FutureTask.run(FutureTask.java:266)
	at java.util.concurrent.Executors$RunnableAdapter.call(Executors.java:511)
	at java.util.concurrent.FutureTask.run(FutureTask.java:266)
	at java.util.concurrent.ThreadPoolExecutor.runWorker(ThreadPoolExecutor.java:1149)
	at java.util.concurrent.ThreadPoolExecutor$Worker.run(ThreadPoolExecutor.java:624)
	... 1 more
Caused by: org.apache.ratis.thirdparty.io.netty.channel.AbstractChannel$AnnotatedConnectException: Connection refused: /192.168.36.69:43350
	at sun.nio.ch.SocketChannelImpl.checkConnect(Native Method)
	at sun.nio.ch.SocketChannelImpl.finishConnect(SocketChannelImpl.java:717)
	at org.apache.ratis.thirdparty.io.netty.channel.socket.nio.NioSocketChannel.doFinishConnect(NioSocketChannel.java:327)
	at org.apache.ratis.thirdparty.io.netty.channel.nio.AbstractNioChannel$AbstractNioUnsafe.finishConnect(AbstractNioChannel.java:340)
	at org.apache.ratis.thirdparty.io.netty.channel.nio.NioEventLoop.processSelectedKey(NioEventLoop.java:632)
	at org.apache.ratis.thirdparty.io.netty.channel.nio.NioEventLoop.processSelectedKeysOptimized(NioEventLoop.java:579)
	at org.apache.ratis.thirdparty.io.netty.channel.nio.NioEventLoop.processSelectedKeys(NioEventLoop.java:496)
	at org.apache.ratis.thirdparty.io.netty.channel.nio.NioEventLoop.run(NioEventLoop.java:458)
	at org.apache.ratis.thirdparty.io.netty.util.concurrent.SingleThreadEventExecutor$5.run(SingleThreadEventExecutor.java:897)
	at org.apache.ratis.thirdparty.io.netty.util.concurrent.FastThreadLocalRunnable.run(FastThreadLocalRunnable.java:30)
	... 1 more
Caused by: java.net.ConnectException: Connection refused
	... 11 more
2019-09-05 07:36:10,974 [cbc4e215-9e19-470f-b262-a66375af609e:group-275862EAF019:LeaderElection16] INFO  impl.LeaderElection (LeaderElection.java:logAndReturn(56)) - cbc4e215-9e19-470f-b262-a66375af609e:group-275862EAF019:LeaderElection16: Election REJECTED; received 0 response(s) [] and 2 exception(s); cbc4e215-9e19-470f-b262-a66375af609e:t5, leader=null, voted=cbc4e215-9e19-470f-b262-a66375af609e, raftlog=cbc4e215-9e19-470f-b262-a66375af609e-SegmentedRaftLog:OPENED:c15,f15,i15, conf=0: [216f763b-3e68-44a6-8a6b-4b7681664146:192.168.36.69:46568, 7a080ec0-19ca-4af1-b3b9-6aaba7a45b53:192.168.36.69:43350, cbc4e215-9e19-470f-b262-a66375af609e:192.168.36.69:44389], old=null
2019-09-05 07:36:10,974 [cbc4e215-9e19-470f-b262-a66375af609e:group-275862EAF019:LeaderElection16] INFO  impl.LeaderElection (LogUtils.java:infoOrTrace(149)) -   Exception 0: {}
java.util.concurrent.ExecutionException: org.apache.ratis.thirdparty.io.grpc.StatusRuntimeException: UNAVAILABLE: io exception
	at java.util.concurrent.FutureTask.report(FutureTask.java:122)
	at java.util.concurrent.FutureTask.get(FutureTask.java:192)
	at org.apache.ratis.server.impl.LeaderElection.waitForResults(LeaderElection.java:262)
	at org.apache.ratis.server.impl.LeaderElection.askForVotes(LeaderElection.java:200)
	at org.apache.ratis.server.impl.LeaderElection.run(LeaderElection.java:130)
	at java.lang.Thread.run(Thread.java:748)
Caused by: org.apache.ratis.thirdparty.io.grpc.StatusRuntimeException: UNAVAILABLE: io exception
	at org.apache.ratis.thirdparty.io.grpc.stub.ClientCalls.toStatusRuntimeException(ClientCalls.java:233)
	at org.apache.ratis.thirdparty.io.grpc.stub.ClientCalls.getUnchecked(ClientCalls.java:214)
	at org.apache.ratis.thirdparty.io.grpc.stub.ClientCalls.blockingUnaryCall(ClientCalls.java:139)
	at org.apache.ratis.proto.grpc.RaftServerProtocolServiceGrpc$RaftServerProtocolServiceBlockingStub.requestVote(RaftServerProtocolServiceGrpc.java:265)
	at org.apache.ratis.grpc.server.GrpcServerProtocolClient.requestVote(GrpcServerProtocolClient.java:83)
	at org.apache.ratis.grpc.server.GrpcService.requestVote(GrpcService.java:195)
	at org.apache.ratis.server.impl.LeaderElection.lambda$submitRequests$1(LeaderElection.java:237)
	at java.util.concurrent.FutureTask.run(FutureTask.java:266)
	at java.util.concurrent.Executors$RunnableAdapter.call(Executors.java:511)
	at java.util.concurrent.FutureTask.run(FutureTask.java:266)
	at java.util.concurrent.ThreadPoolExecutor.runWorker(ThreadPoolExecutor.java:1149)
	at java.util.concurrent.ThreadPoolExecutor$Worker.run(ThreadPoolExecutor.java:624)
	... 1 more
Caused by: org.apache.ratis.thirdparty.io.netty.channel.AbstractChannel$AnnotatedConnectException: Connection refused: /192.168.36.69:46568
	at sun.nio.ch.SocketChannelImpl.checkConnect(Native Method)
	at sun.nio.ch.SocketChannelImpl.finishConnect(SocketChannelImpl.java:717)
	at org.apache.ratis.thirdparty.io.netty.channel.socket.nio.NioSocketChannel.doFinishConnect(NioSocketChannel.java:327)
	at org.apache.ratis.thirdparty.io.netty.channel.nio.AbstractNioChannel$AbstractNioUnsafe.finishConnect(AbstractNioChannel.java:340)
	at org.apache.ratis.thirdparty.io.netty.channel.nio.NioEventLoop.processSelectedKey(NioEventLoop.java:632)
	at org.apache.ratis.thirdparty.io.netty.channel.nio.NioEventLoop.processSelectedKeysOptimized(NioEventLoop.java:579)
	at org.apache.ratis.thirdparty.io.netty.channel.nio.NioEventLoop.processSelectedKeys(NioEventLoop.java:496)
	at org.apache.ratis.thirdparty.io.netty.channel.nio.NioEventLoop.run(NioEventLoop.java:458)
	at org.apache.ratis.thirdparty.io.netty.util.concurrent.SingleThreadEventExecutor$5.run(SingleThreadEventExecutor.java:897)
	at org.apache.ratis.thirdparty.io.netty.util.concurrent.FastThreadLocalRunnable.run(FastThreadLocalRunnable.java:30)
	... 1 more
Caused by: java.net.ConnectException: Connection refused
	... 11 more
2019-09-05 07:36:10,974 [cbc4e215-9e19-470f-b262-a66375af609e:group-275862EAF019:LeaderElection16] INFO  impl.LeaderElection (LogUtils.java:infoOrTrace(149)) -   Exception 1: {}
java.util.concurrent.ExecutionException: org.apache.ratis.thirdparty.io.grpc.StatusRuntimeException: UNAVAILABLE: io exception
	at java.util.concurrent.FutureTask.report(FutureTask.java:122)
	at java.util.concurrent.FutureTask.get(FutureTask.java:192)
	at org.apache.ratis.server.impl.LeaderElection.waitForResults(LeaderElection.java:262)
	at org.apache.ratis.server.impl.LeaderElection.askForVotes(LeaderElection.java:200)
	at org.apache.ratis.server.impl.LeaderElection.run(LeaderElection.java:130)
	at java.lang.Thread.run(Thread.java:748)
Caused by: org.apache.ratis.thirdparty.io.grpc.StatusRuntimeException: UNAVAILABLE: io exception
	at org.apache.ratis.thirdparty.io.grpc.stub.ClientCalls.toStatusRuntimeException(ClientCalls.java:233)
	at org.apache.ratis.thirdparty.io.grpc.stub.ClientCalls.getUnchecked(ClientCalls.java:214)
	at org.apache.ratis.thirdparty.io.grpc.stub.ClientCalls.blockingUnaryCall(ClientCalls.java:139)
	at org.apache.ratis.proto.grpc.RaftServerProtocolServiceGrpc$RaftServerProtocolServiceBlockingStub.requestVote(RaftServerProtocolServiceGrpc.java:265)
	at org.apache.ratis.grpc.server.GrpcServerProtocolClient.requestVote(GrpcServerProtocolClient.java:83)
	at org.apache.ratis.grpc.server.GrpcService.requestVote(GrpcService.java:195)
	at org.apache.ratis.server.impl.LeaderElection.lambda$submitRequests$1(LeaderElection.java:237)
	at java.util.concurrent.FutureTask.run(FutureTask.java:266)
	at java.util.concurrent.Executors$RunnableAdapter.call(Executors.java:511)
	at java.util.concurrent.FutureTask.run(FutureTask.java:266)
	at java.util.concurrent.ThreadPoolExecutor.runWorker(ThreadPoolExecutor.java:1149)
	at java.util.concurrent.ThreadPoolExecutor$Worker.run(ThreadPoolExecutor.java:624)
	... 1 more
Caused by: org.apache.ratis.thirdparty.io.netty.channel.AbstractChannel$AnnotatedConnectException: Connection refused: /192.168.36.69:43350
	at sun.nio.ch.SocketChannelImpl.checkConnect(Native Method)
	at sun.nio.ch.SocketChannelImpl.finishConnect(SocketChannelImpl.java:717)
	at org.apache.ratis.thirdparty.io.netty.channel.socket.nio.NioSocketChannel.doFinishConnect(NioSocketChannel.java:327)
	at org.apache.ratis.thirdparty.io.netty.channel.nio.AbstractNioChannel$AbstractNioUnsafe.finishConnect(AbstractNioChannel.java:340)
	at org.apache.ratis.thirdparty.io.netty.channel.nio.NioEventLoop.processSelectedKey(NioEventLoop.java:632)
	at org.apache.ratis.thirdparty.io.netty.channel.nio.NioEventLoop.processSelectedKeysOptimized(NioEventLoop.java:579)
	at org.apache.ratis.thirdparty.io.netty.channel.nio.NioEventLoop.processSelectedKeys(NioEventLoop.java:496)
	at org.apache.ratis.thirdparty.io.netty.channel.nio.NioEventLoop.run(NioEventLoop.java:458)
	at org.apache.ratis.thirdparty.io.netty.util.concurrent.SingleThreadEventExecutor$5.run(SingleThreadEventExecutor.java:897)
	at org.apache.ratis.thirdparty.io.netty.util.concurrent.FastThreadLocalRunnable.run(FastThreadLocalRunnable.java:30)
	... 1 more
Caused by: java.net.ConnectException: Connection refused
	... 11 more
2019-09-05 07:36:10,975 [cbc4e215-9e19-470f-b262-a66375af609e:group-275862EAF019:LeaderElection16] INFO  impl.RaftServerImpl (RaftServerImpl.java:setRole(171)) - cbc4e215-9e19-470f-b262-a66375af609e:group-275862EAF019 changes role from CANDIDATE to FOLLOWER at term 5 for DISCOVERED_A_NEW_TERM
2019-09-05 07:36:10,977 [cbc4e215-9e19-470f-b262-a66375af609e:group-275862EAF019:LeaderElection16] INFO  impl.RoleInfo (RoleInfo.java:shutdownLeaderElection(134)) - cbc4e215-9e19-470f-b262-a66375af609e: shutdown LeaderElection
2019-09-05 07:36:10,977 [cbc4e215-9e19-470f-b262-a66375af609e:group-275862EAF019:LeaderElection16] INFO  impl.RoleInfo (RoleInfo.java:updateAndGet(143)) - cbc4e215-9e19-470f-b262-a66375af609e: start FollowerState
2019-09-05 07:36:11,226 | INFO  | SCMAudit | user=jenkins1000 | ip=192.168.36.69 | op=SEND_HEARTBEAT {datanodeUUID=618caef6-a8cd-4e5c-bc39-325bb83fc273, command=[]} | ret=SUCCESS |  
2019-09-05 07:36:11,459 | INFO  | SCMAudit | user=jenkins1000 | ip=192.168.36.69 | op=SEND_HEARTBEAT {datanodeUUID=017b796d-3321-494b-8d8c-e766a57787fe, command=[]} | ret=SUCCESS |  
2019-09-05 07:36:11,697 | INFO  | SCMAudit | user=jenkins1000 | ip=192.168.36.69 | op=SEND_HEARTBEAT {datanodeUUID=d8846d25-1678-4df1-8bff-f38eb3492905, command=[]} | ret=SUCCESS |  
2019-09-05 07:36:11,867 | INFO  | SCMAudit | user=jenkins1000 | ip=192.168.36.69 | op=SEND_HEARTBEAT {datanodeUUID=cbc4e215-9e19-470f-b262-a66375af609e, command=[]} | ret=SUCCESS |  
2019-09-05 07:36:11,940 | INFO  | SCMAudit | user=jenkins1000 | ip=192.168.36.69 | op=SEND_HEARTBEAT {datanodeUUID=5822af17-ba6a-443c-803e-51bf9a574bd0, command=[]} | ret=SUCCESS |  
2019-09-05 07:36:12,225 | INFO  | SCMAudit | user=jenkins1000 | ip=192.168.36.69 | op=SEND_HEARTBEAT {datanodeUUID=618caef6-a8cd-4e5c-bc39-325bb83fc273, command=[]} | ret=SUCCESS |  
2019-09-05 07:36:12,460 | INFO  | SCMAudit | user=jenkins1000 | ip=192.168.36.69 | op=SEND_HEARTBEAT {datanodeUUID=017b796d-3321-494b-8d8c-e766a57787fe, command=[]} | ret=SUCCESS |  
2019-09-05 07:36:12,698 | INFO  | SCMAudit | user=jenkins1000 | ip=192.168.36.69 | op=SEND_HEARTBEAT {datanodeUUID=d8846d25-1678-4df1-8bff-f38eb3492905, command=[]} | ret=SUCCESS |  
2019-09-05 07:36:12,868 | INFO  | SCMAudit | user=jenkins1000 | ip=192.168.36.69 | op=SEND_HEARTBEAT {datanodeUUID=cbc4e215-9e19-470f-b262-a66375af609e, command=[]} | ret=SUCCESS |  
2019-09-05 07:36:12,919 [grpc-default-executor-0] INFO  client.GrpcClientProtocolClient (GrpcClientProtocolClient.java:onNext(255)) - client-B40F40CC564F->cbc4e215-9e19-470f-b262-a66375af609e: receive RaftClientReply:client-B40F40CC564F->cbc4e215-9e19-470f-b262-a66375af609e@group-275862EAF019, cid=22, FAILED org.apache.ratis.protocol.NotLeaderException: Server cbc4e215-9e19-470f-b262-a66375af609e is not the leader (null). Request must be sent to leader., logIndex=0, commits[cbc4e215-9e19-470f-b262-a66375af609e:c15, 216f763b-3e68-44a6-8a6b-4b7681664146:c15, 7a080ec0-19ca-4af1-b3b9-6aaba7a45b53:c15]
2019-09-05 07:36:12,940 | INFO  | SCMAudit | user=jenkins1000 | ip=192.168.36.69 | op=SEND_HEARTBEAT {datanodeUUID=5822af17-ba6a-443c-803e-51bf9a574bd0, command=[]} | ret=SUCCESS |  
2019-09-05 07:36:13,225 | INFO  | SCMAudit | user=jenkins1000 | ip=192.168.36.69 | op=SEND_HEARTBEAT {datanodeUUID=618caef6-a8cd-4e5c-bc39-325bb83fc273, command=[]} | ret=SUCCESS |  
2019-09-05 07:36:13,459 | INFO  | SCMAudit | user=jenkins1000 | ip=192.168.36.69 | op=SEND_HEARTBEAT {datanodeUUID=017b796d-3321-494b-8d8c-e766a57787fe, command=[]} | ret=SUCCESS |  
2019-09-05 07:36:13,698 | INFO  | SCMAudit | user=jenkins1000 | ip=192.168.36.69 | op=SEND_HEARTBEAT {datanodeUUID=d8846d25-1678-4df1-8bff-f38eb3492905, command=[]} | ret=SUCCESS |  
2019-09-05 07:36:13,868 | INFO  | SCMAudit | user=jenkins1000 | ip=192.168.36.69 | op=SEND_HEARTBEAT {datanodeUUID=cbc4e215-9e19-470f-b262-a66375af609e, command=[]} | ret=SUCCESS |  
2019-09-05 07:36:13,941 | INFO  | SCMAudit | user=jenkins1000 | ip=192.168.36.69 | op=SEND_HEARTBEAT {datanodeUUID=5822af17-ba6a-443c-803e-51bf9a574bd0, command=[]} | ret=SUCCESS |  
2019-09-05 07:36:14,225 | INFO  | SCMAudit | user=jenkins1000 | ip=192.168.36.69 | op=SEND_HEARTBEAT {datanodeUUID=618caef6-a8cd-4e5c-bc39-325bb83fc273, command=[]} | ret=SUCCESS |  
2019-09-05 07:36:14,460 | INFO  | SCMAudit | user=jenkins1000 | ip=192.168.36.69 | op=SEND_HEARTBEAT {datanodeUUID=017b796d-3321-494b-8d8c-e766a57787fe, command=[]} | ret=SUCCESS |  
2019-09-05 07:36:14,698 | INFO  | SCMAudit | user=jenkins1000 | ip=192.168.36.69 | op=SEND_HEARTBEAT {datanodeUUID=d8846d25-1678-4df1-8bff-f38eb3492905, command=[]} | ret=SUCCESS |  
2019-09-05 07:36:14,868 | INFO  | SCMAudit | user=jenkins1000 | ip=192.168.36.69 | op=SEND_HEARTBEAT {datanodeUUID=cbc4e215-9e19-470f-b262-a66375af609e, command=[]} | ret=SUCCESS |  
2019-09-05 07:36:14,946 | INFO  | SCMAudit | user=jenkins1000 | ip=192.168.36.69 | op=SEND_HEARTBEAT {datanodeUUID=5822af17-ba6a-443c-803e-51bf9a574bd0, command=[]} | ret=SUCCESS |  
2019-09-05 07:36:15,225 | INFO  | SCMAudit | user=jenkins1000 | ip=192.168.36.69 | op=SEND_HEARTBEAT {datanodeUUID=618caef6-a8cd-4e5c-bc39-325bb83fc273, command=[]} | ret=SUCCESS |  
2019-09-05 07:36:15,460 | INFO  | SCMAudit | user=jenkins1000 | ip=192.168.36.69 | op=SEND_HEARTBEAT {datanodeUUID=017b796d-3321-494b-8d8c-e766a57787fe, command=[]} | ret=SUCCESS |  
2019-09-05 07:36:15,698 | INFO  | SCMAudit | user=jenkins1000 | ip=192.168.36.69 | op=SEND_HEARTBEAT {datanodeUUID=d8846d25-1678-4df1-8bff-f38eb3492905, command=[]} | ret=SUCCESS |  
2019-09-05 07:36:15,868 | INFO  | SCMAudit | user=jenkins1000 | ip=192.168.36.69 | op=SEND_HEARTBEAT {datanodeUUID=cbc4e215-9e19-470f-b262-a66375af609e, command=[]} | ret=SUCCESS |  
2019-09-05 07:36:15,943 | INFO  | SCMAudit | user=jenkins1000 | ip=192.168.36.69 | op=SEND_HEARTBEAT {datanodeUUID=5822af17-ba6a-443c-803e-51bf9a574bd0, command=[]} | ret=SUCCESS |  
2019-09-05 07:36:16,059 [Thread-486] INFO  impl.FollowerState (FollowerState.java:run(106)) - cbc4e215-9e19-470f-b262-a66375af609e:group-275862EAF019 changes to CANDIDATE, lastRpcTime:5082, electionTimeout:5080ms
2019-09-05 07:36:16,059 [Thread-486] INFO  impl.RoleInfo (RoleInfo.java:shutdownFollowerState(121)) - cbc4e215-9e19-470f-b262-a66375af609e: shutdown FollowerState
2019-09-05 07:36:16,060 [Thread-486] INFO  impl.RaftServerImpl (RaftServerImpl.java:setRole(171)) - cbc4e215-9e19-470f-b262-a66375af609e:group-275862EAF019 changes role from FOLLOWER to CANDIDATE at term 5 for changeToCandidate
2019-09-05 07:36:16,060 [Thread-486] INFO  impl.RoleInfo (RoleInfo.java:updateAndGet(143)) - cbc4e215-9e19-470f-b262-a66375af609e: start LeaderElection
2019-09-05 07:36:16,168 [cbc4e215-9e19-470f-b262-a66375af609e:group-275862EAF019:LeaderElection17] INFO  impl.LeaderElection (LeaderElection.java:askForVotes(181)) - cbc4e215-9e19-470f-b262-a66375af609e:group-275862EAF019:LeaderElection17: begin an election at term 6 for 0: [216f763b-3e68-44a6-8a6b-4b7681664146:192.168.36.69:46568, 7a080ec0-19ca-4af1-b3b9-6aaba7a45b53:192.168.36.69:43350, cbc4e215-9e19-470f-b262-a66375af609e:192.168.36.69:44389], old=null
2019-09-05 07:36:16,169 [cbc4e215-9e19-470f-b262-a66375af609e:group-275862EAF019:LeaderElection17] INFO  impl.LeaderElection (LogUtils.java:infoOrTrace(149)) - cbc4e215-9e19-470f-b262-a66375af609e:group-275862EAF019:LeaderElection17 got exception when requesting votes: {}
java.util.concurrent.ExecutionException: org.apache.ratis.thirdparty.io.grpc.StatusRuntimeException: UNAVAILABLE: io exception
	at java.util.concurrent.FutureTask.report(FutureTask.java:122)
	at java.util.concurrent.FutureTask.get(FutureTask.java:192)
	at org.apache.ratis.server.impl.LeaderElection.waitForResults(LeaderElection.java:262)
	at org.apache.ratis.server.impl.LeaderElection.askForVotes(LeaderElection.java:200)
	at org.apache.ratis.server.impl.LeaderElection.run(LeaderElection.java:130)
	at java.lang.Thread.run(Thread.java:748)
Caused by: org.apache.ratis.thirdparty.io.grpc.StatusRuntimeException: UNAVAILABLE: io exception
	at org.apache.ratis.thirdparty.io.grpc.stub.ClientCalls.toStatusRuntimeException(ClientCalls.java:233)
	at org.apache.ratis.thirdparty.io.grpc.stub.ClientCalls.getUnchecked(ClientCalls.java:214)
	at org.apache.ratis.thirdparty.io.grpc.stub.ClientCalls.blockingUnaryCall(ClientCalls.java:139)
	at org.apache.ratis.proto.grpc.RaftServerProtocolServiceGrpc$RaftServerProtocolServiceBlockingStub.requestVote(RaftServerProtocolServiceGrpc.java:265)
	at org.apache.ratis.grpc.server.GrpcServerProtocolClient.requestVote(GrpcServerProtocolClient.java:83)
	at org.apache.ratis.grpc.server.GrpcService.requestVote(GrpcService.java:195)
	at org.apache.ratis.server.impl.LeaderElection.lambda$submitRequests$1(LeaderElection.java:237)
	at java.util.concurrent.FutureTask.run(FutureTask.java:266)
	at java.util.concurrent.Executors$RunnableAdapter.call(Executors.java:511)
	at java.util.concurrent.FutureTask.run(FutureTask.java:266)
	at java.util.concurrent.ThreadPoolExecutor.runWorker(ThreadPoolExecutor.java:1149)
	at java.util.concurrent.ThreadPoolExecutor$Worker.run(ThreadPoolExecutor.java:624)
	... 1 more
Caused by: org.apache.ratis.thirdparty.io.netty.channel.AbstractChannel$AnnotatedConnectException: Connection refused: /192.168.36.69:46568
	at sun.nio.ch.SocketChannelImpl.checkConnect(Native Method)
	at sun.nio.ch.SocketChannelImpl.finishConnect(SocketChannelImpl.java:717)
	at org.apache.ratis.thirdparty.io.netty.channel.socket.nio.NioSocketChannel.doFinishConnect(NioSocketChannel.java:327)
	at org.apache.ratis.thirdparty.io.netty.channel.nio.AbstractNioChannel$AbstractNioUnsafe.finishConnect(AbstractNioChannel.java:340)
	at org.apache.ratis.thirdparty.io.netty.channel.nio.NioEventLoop.processSelectedKey(NioEventLoop.java:632)
	at org.apache.ratis.thirdparty.io.netty.channel.nio.NioEventLoop.processSelectedKeysOptimized(NioEventLoop.java:579)
	at org.apache.ratis.thirdparty.io.netty.channel.nio.NioEventLoop.processSelectedKeys(NioEventLoop.java:496)
	at org.apache.ratis.thirdparty.io.netty.channel.nio.NioEventLoop.run(NioEventLoop.java:458)
	at org.apache.ratis.thirdparty.io.netty.util.concurrent.SingleThreadEventExecutor$5.run(SingleThreadEventExecutor.java:897)
	at org.apache.ratis.thirdparty.io.netty.util.concurrent.FastThreadLocalRunnable.run(FastThreadLocalRunnable.java:30)
	... 1 more
Caused by: java.net.ConnectException: Connection refused
	... 11 more
2019-09-05 07:36:16,173 [cbc4e215-9e19-470f-b262-a66375af609e:group-275862EAF019:LeaderElection17] INFO  impl.LeaderElection (LogUtils.java:infoOrTrace(149)) - cbc4e215-9e19-470f-b262-a66375af609e:group-275862EAF019:LeaderElection17 got exception when requesting votes: {}
java.util.concurrent.ExecutionException: org.apache.ratis.thirdparty.io.grpc.StatusRuntimeException: UNAVAILABLE: io exception
	at java.util.concurrent.FutureTask.report(FutureTask.java:122)
	at java.util.concurrent.FutureTask.get(FutureTask.java:192)
	at org.apache.ratis.server.impl.LeaderElection.waitForResults(LeaderElection.java:262)
	at org.apache.ratis.server.impl.LeaderElection.askForVotes(LeaderElection.java:200)
	at org.apache.ratis.server.impl.LeaderElection.run(LeaderElection.java:130)
	at java.lang.Thread.run(Thread.java:748)
Caused by: org.apache.ratis.thirdparty.io.grpc.StatusRuntimeException: UNAVAILABLE: io exception
	at org.apache.ratis.thirdparty.io.grpc.stub.ClientCalls.toStatusRuntimeException(ClientCalls.java:233)
	at org.apache.ratis.thirdparty.io.grpc.stub.ClientCalls.getUnchecked(ClientCalls.java:214)
	at org.apache.ratis.thirdparty.io.grpc.stub.ClientCalls.blockingUnaryCall(ClientCalls.java:139)
	at org.apache.ratis.proto.grpc.RaftServerProtocolServiceGrpc$RaftServerProtocolServiceBlockingStub.requestVote(RaftServerProtocolServiceGrpc.java:265)
	at org.apache.ratis.grpc.server.GrpcServerProtocolClient.requestVote(GrpcServerProtocolClient.java:83)
	at org.apache.ratis.grpc.server.GrpcService.requestVote(GrpcService.java:195)
	at org.apache.ratis.server.impl.LeaderElection.lambda$submitRequests$1(LeaderElection.java:237)
	at java.util.concurrent.FutureTask.run(FutureTask.java:266)
	at java.util.concurrent.Executors$RunnableAdapter.call(Executors.java:511)
	at java.util.concurrent.FutureTask.run(FutureTask.java:266)
	at java.util.concurrent.ThreadPoolExecutor.runWorker(ThreadPoolExecutor.java:1149)
	at java.util.concurrent.ThreadPoolExecutor$Worker.run(ThreadPoolExecutor.java:624)
	... 1 more
Caused by: org.apache.ratis.thirdparty.io.netty.channel.AbstractChannel$AnnotatedConnectException: Connection refused: /192.168.36.69:43350
	at sun.nio.ch.SocketChannelImpl.checkConnect(Native Method)
	at sun.nio.ch.SocketChannelImpl.finishConnect(SocketChannelImpl.java:717)
	at org.apache.ratis.thirdparty.io.netty.channel.socket.nio.NioSocketChannel.doFinishConnect(NioSocketChannel.java:327)
	at org.apache.ratis.thirdparty.io.netty.channel.nio.AbstractNioChannel$AbstractNioUnsafe.finishConnect(AbstractNioChannel.java:340)
	at org.apache.ratis.thirdparty.io.netty.channel.nio.NioEventLoop.processSelectedKey(NioEventLoop.java:632)
	at org.apache.ratis.thirdparty.io.netty.channel.nio.NioEventLoop.processSelectedKeysOptimized(NioEventLoop.java:579)
	at org.apache.ratis.thirdparty.io.netty.channel.nio.NioEventLoop.processSelectedKeys(NioEventLoop.java:496)
	at org.apache.ratis.thirdparty.io.netty.channel.nio.NioEventLoop.run(NioEventLoop.java:458)
	at org.apache.ratis.thirdparty.io.netty.util.concurrent.SingleThreadEventExecutor$5.run(SingleThreadEventExecutor.java:897)
	at org.apache.ratis.thirdparty.io.netty.util.concurrent.FastThreadLocalRunnable.run(FastThreadLocalRunnable.java:30)
	... 1 more
Caused by: java.net.ConnectException: Connection refused
	... 11 more
2019-09-05 07:36:16,176 [cbc4e215-9e19-470f-b262-a66375af609e:group-275862EAF019:LeaderElection17] INFO  impl.LeaderElection (LeaderElection.java:logAndReturn(56)) - cbc4e215-9e19-470f-b262-a66375af609e:group-275862EAF019:LeaderElection17: Election REJECTED; received 0 response(s) [] and 2 exception(s); cbc4e215-9e19-470f-b262-a66375af609e:t6, leader=null, voted=cbc4e215-9e19-470f-b262-a66375af609e, raftlog=cbc4e215-9e19-470f-b262-a66375af609e-SegmentedRaftLog:OPENED:c15,f15,i15, conf=0: [216f763b-3e68-44a6-8a6b-4b7681664146:192.168.36.69:46568, 7a080ec0-19ca-4af1-b3b9-6aaba7a45b53:192.168.36.69:43350, cbc4e215-9e19-470f-b262-a66375af609e:192.168.36.69:44389], old=null
2019-09-05 07:36:16,176 [cbc4e215-9e19-470f-b262-a66375af609e:group-275862EAF019:LeaderElection17] INFO  impl.LeaderElection (LogUtils.java:infoOrTrace(149)) -   Exception 0: {}
java.util.concurrent.ExecutionException: org.apache.ratis.thirdparty.io.grpc.StatusRuntimeException: UNAVAILABLE: io exception
	at java.util.concurrent.FutureTask.report(FutureTask.java:122)
	at java.util.concurrent.FutureTask.get(FutureTask.java:192)
	at org.apache.ratis.server.impl.LeaderElection.waitForResults(LeaderElection.java:262)
	at org.apache.ratis.server.impl.LeaderElection.askForVotes(LeaderElection.java:200)
	at org.apache.ratis.server.impl.LeaderElection.run(LeaderElection.java:130)
	at java.lang.Thread.run(Thread.java:748)
Caused by: org.apache.ratis.thirdparty.io.grpc.StatusRuntimeException: UNAVAILABLE: io exception
	at org.apache.ratis.thirdparty.io.grpc.stub.ClientCalls.toStatusRuntimeException(ClientCalls.java:233)
	at org.apache.ratis.thirdparty.io.grpc.stub.ClientCalls.getUnchecked(ClientCalls.java:214)
	at org.apache.ratis.thirdparty.io.grpc.stub.ClientCalls.blockingUnaryCall(ClientCalls.java:139)
	at org.apache.ratis.proto.grpc.RaftServerProtocolServiceGrpc$RaftServerProtocolServiceBlockingStub.requestVote(RaftServerProtocolServiceGrpc.java:265)
	at org.apache.ratis.grpc.server.GrpcServerProtocolClient.requestVote(GrpcServerProtocolClient.java:83)
	at org.apache.ratis.grpc.server.GrpcService.requestVote(GrpcService.java:195)
	at org.apache.ratis.server.impl.LeaderElection.lambda$submitRequests$1(LeaderElection.java:237)
	at java.util.concurrent.FutureTask.run(FutureTask.java:266)
	at java.util.concurrent.Executors$RunnableAdapter.call(Executors.java:511)
	at java.util.concurrent.FutureTask.run(FutureTask.java:266)
	at java.util.concurrent.ThreadPoolExecutor.runWorker(ThreadPoolExecutor.java:1149)
	at java.util.concurrent.ThreadPoolExecutor$Worker.run(ThreadPoolExecutor.java:624)
	... 1 more
Caused by: org.apache.ratis.thirdparty.io.netty.channel.AbstractChannel$AnnotatedConnectException: Connection refused: /192.168.36.69:46568
	at sun.nio.ch.SocketChannelImpl.checkConnect(Native Method)
	at sun.nio.ch.SocketChannelImpl.finishConnect(SocketChannelImpl.java:717)
	at org.apache.ratis.thirdparty.io.netty.channel.socket.nio.NioSocketChannel.doFinishConnect(NioSocketChannel.java:327)
	at org.apache.ratis.thirdparty.io.netty.channel.nio.AbstractNioChannel$AbstractNioUnsafe.finishConnect(AbstractNioChannel.java:340)
	at org.apache.ratis.thirdparty.io.netty.channel.nio.NioEventLoop.processSelectedKey(NioEventLoop.java:632)
	at org.apache.ratis.thirdparty.io.netty.channel.nio.NioEventLoop.processSelectedKeysOptimized(NioEventLoop.java:579)
	at org.apache.ratis.thirdparty.io.netty.channel.nio.NioEventLoop.processSelectedKeys(NioEventLoop.java:496)
	at org.apache.ratis.thirdparty.io.netty.channel.nio.NioEventLoop.run(NioEventLoop.java:458)
	at org.apache.ratis.thirdparty.io.netty.util.concurrent.SingleThreadEventExecutor$5.run(SingleThreadEventExecutor.java:897)
	at org.apache.ratis.thirdparty.io.netty.util.concurrent.FastThreadLocalRunnable.run(FastThreadLocalRunnable.java:30)
	... 1 more
Caused by: java.net.ConnectException: Connection refused
	... 11 more
2019-09-05 07:36:16,177 [cbc4e215-9e19-470f-b262-a66375af609e:group-275862EAF019:LeaderElection17] INFO  impl.LeaderElection (LogUtils.java:infoOrTrace(149)) -   Exception 1: {}
java.util.concurrent.ExecutionException: org.apache.ratis.thirdparty.io.grpc.StatusRuntimeException: UNAVAILABLE: io exception
	at java.util.concurrent.FutureTask.report(FutureTask.java:122)
	at java.util.concurrent.FutureTask.get(FutureTask.java:192)
	at org.apache.ratis.server.impl.LeaderElection.waitForResults(LeaderElection.java:262)
	at org.apache.ratis.server.impl.LeaderElection.askForVotes(LeaderElection.java:200)
	at org.apache.ratis.server.impl.LeaderElection.run(LeaderElection.java:130)
	at java.lang.Thread.run(Thread.java:748)
Caused by: org.apache.ratis.thirdparty.io.grpc.StatusRuntimeException: UNAVAILABLE: io exception
	at org.apache.ratis.thirdparty.io.grpc.stub.ClientCalls.toStatusRuntimeException(ClientCalls.java:233)
	at org.apache.ratis.thirdparty.io.grpc.stub.ClientCalls.getUnchecked(ClientCalls.java:214)
	at org.apache.ratis.thirdparty.io.grpc.stub.ClientCalls.blockingUnaryCall(ClientCalls.java:139)
	at org.apache.ratis.proto.grpc.RaftServerProtocolServiceGrpc$RaftServerProtocolServiceBlockingStub.requestVote(RaftServerProtocolServiceGrpc.java:265)
	at org.apache.ratis.grpc.server.GrpcServerProtocolClient.requestVote(GrpcServerProtocolClient.java:83)
	at org.apache.ratis.grpc.server.GrpcService.requestVote(GrpcService.java:195)
	at org.apache.ratis.server.impl.LeaderElection.lambda$submitRequests$1(LeaderElection.java:237)
	at java.util.concurrent.FutureTask.run(FutureTask.java:266)
	at java.util.concurrent.Executors$RunnableAdapter.call(Executors.java:511)
	at java.util.concurrent.FutureTask.run(FutureTask.java:266)
	at java.util.concurrent.ThreadPoolExecutor.runWorker(ThreadPoolExecutor.java:1149)
	at java.util.concurrent.ThreadPoolExecutor$Worker.run(ThreadPoolExecutor.java:624)
	... 1 more
Caused by: org.apache.ratis.thirdparty.io.netty.channel.AbstractChannel$AnnotatedConnectException: Connection refused: /192.168.36.69:43350
	at sun.nio.ch.SocketChannelImpl.checkConnect(Native Method)
	at sun.nio.ch.SocketChannelImpl.finishConnect(SocketChannelImpl.java:717)
	at org.apache.ratis.thirdparty.io.netty.channel.socket.nio.NioSocketChannel.doFinishConnect(NioSocketChannel.java:327)
	at org.apache.ratis.thirdparty.io.netty.channel.nio.AbstractNioChannel$AbstractNioUnsafe.finishConnect(AbstractNioChannel.java:340)
	at org.apache.ratis.thirdparty.io.netty.channel.nio.NioEventLoop.processSelectedKey(NioEventLoop.java:632)
	at org.apache.ratis.thirdparty.io.netty.channel.nio.NioEventLoop.processSelectedKeysOptimized(NioEventLoop.java:579)
	at org.apache.ratis.thirdparty.io.netty.channel.nio.NioEventLoop.processSelectedKeys(NioEventLoop.java:496)
	at org.apache.ratis.thirdparty.io.netty.channel.nio.NioEventLoop.run(NioEventLoop.java:458)
	at org.apache.ratis.thirdparty.io.netty.util.concurrent.SingleThreadEventExecutor$5.run(SingleThreadEventExecutor.java:897)
	at org.apache.ratis.thirdparty.io.netty.util.concurrent.FastThreadLocalRunnable.run(FastThreadLocalRunnable.java:30)
	... 1 more
Caused by: java.net.ConnectException: Connection refused
	... 11 more
2019-09-05 07:36:16,177 [cbc4e215-9e19-470f-b262-a66375af609e:group-275862EAF019:LeaderElection17] INFO  impl.RaftServerImpl (RaftServerImpl.java:setRole(171)) - cbc4e215-9e19-470f-b262-a66375af609e:group-275862EAF019 changes role from CANDIDATE to FOLLOWER at term 6 for DISCOVERED_A_NEW_TERM
2019-09-05 07:36:16,180 [cbc4e215-9e19-470f-b262-a66375af609e:group-275862EAF019:LeaderElection17] INFO  impl.RoleInfo (RoleInfo.java:shutdownLeaderElection(134)) - cbc4e215-9e19-470f-b262-a66375af609e: shutdown LeaderElection
2019-09-05 07:36:16,180 [cbc4e215-9e19-470f-b262-a66375af609e:group-275862EAF019:LeaderElection17] INFO  impl.RoleInfo (RoleInfo.java:updateAndGet(143)) - cbc4e215-9e19-470f-b262-a66375af609e: start FollowerState
2019-09-05 07:36:16,250 | INFO  | SCMAudit | user=jenkins1000 | ip=192.168.36.69 | op=SEND_HEARTBEAT {datanodeUUID=618caef6-a8cd-4e5c-bc39-325bb83fc273, command=[]} | ret=SUCCESS |  
2019-09-05 07:36:16,460 | INFO  | SCMAudit | user=jenkins1000 | ip=192.168.36.69 | op=SEND_HEARTBEAT {datanodeUUID=017b796d-3321-494b-8d8c-e766a57787fe, command=[]} | ret=SUCCESS |  
2019-09-05 07:36:16,698 | INFO  | SCMAudit | user=jenkins1000 | ip=192.168.36.69 | op=SEND_HEARTBEAT {datanodeUUID=d8846d25-1678-4df1-8bff-f38eb3492905, command=[]} | ret=SUCCESS |  
2019-09-05 07:36:16,868 | INFO  | SCMAudit | user=jenkins1000 | ip=192.168.36.69 | op=SEND_HEARTBEAT {datanodeUUID=cbc4e215-9e19-470f-b262-a66375af609e, command=[]} | ret=SUCCESS |  
2019-09-05 07:36:16,943 | INFO  | SCMAudit | user=jenkins1000 | ip=192.168.36.69 | op=SEND_HEARTBEAT {datanodeUUID=5822af17-ba6a-443c-803e-51bf9a574bd0, command=[]} | ret=SUCCESS |  
2019-09-05 07:36:16,971 [grpc-default-executor-0] INFO  client.GrpcClientProtocolClient (GrpcClientProtocolClient.java:onNext(255)) - client-B40F40CC564F->cbc4e215-9e19-470f-b262-a66375af609e: receive RaftClientReply:client-B40F40CC564F->cbc4e215-9e19-470f-b262-a66375af609e@group-275862EAF019, cid=22, FAILED org.apache.ratis.protocol.NotLeaderException: Server cbc4e215-9e19-470f-b262-a66375af609e is not the leader (null). Request must be sent to leader., logIndex=0, commits[cbc4e215-9e19-470f-b262-a66375af609e:c15, 216f763b-3e68-44a6-8a6b-4b7681664146:c15, 7a080ec0-19ca-4af1-b3b9-6aaba7a45b53:c15]
2019-09-05 07:36:17,250 | INFO  | SCMAudit | user=jenkins1000 | ip=192.168.36.69 | op=SEND_HEARTBEAT {datanodeUUID=618caef6-a8cd-4e5c-bc39-325bb83fc273, command=[]} | ret=SUCCESS |  
2019-09-05 07:36:17,460 | INFO  | SCMAudit | user=jenkins1000 | ip=192.168.36.69 | op=SEND_HEARTBEAT {datanodeUUID=017b796d-3321-494b-8d8c-e766a57787fe, command=[]} | ret=SUCCESS |  
2019-09-05 07:36:17,698 | INFO  | SCMAudit | user=jenkins1000 | ip=192.168.36.69 | op=SEND_HEARTBEAT {datanodeUUID=d8846d25-1678-4df1-8bff-f38eb3492905, command=[]} | ret=SUCCESS |  
2019-09-05 07:36:17,868 | INFO  | SCMAudit | user=jenkins1000 | ip=192.168.36.69 | op=SEND_HEARTBEAT {datanodeUUID=cbc4e215-9e19-470f-b262-a66375af609e, command=[]} | ret=SUCCESS |  
2019-09-05 07:36:17,943 | INFO  | SCMAudit | user=jenkins1000 | ip=192.168.36.69 | op=SEND_HEARTBEAT {datanodeUUID=5822af17-ba6a-443c-803e-51bf9a574bd0, command=[]} | ret=SUCCESS |  
2019-09-05 07:36:18,250 | INFO  | SCMAudit | user=jenkins1000 | ip=192.168.36.69 | op=SEND_HEARTBEAT {datanodeUUID=618caef6-a8cd-4e5c-bc39-325bb83fc273, command=[]} | ret=SUCCESS |  
2019-09-05 07:36:18,460 | INFO  | SCMAudit | user=jenkins1000 | ip=192.168.36.69 | op=SEND_HEARTBEAT {datanodeUUID=017b796d-3321-494b-8d8c-e766a57787fe, command=[]} | ret=SUCCESS |  
2019-09-05 07:36:18,700 | INFO  | SCMAudit | user=jenkins1000 | ip=192.168.36.69 | op=SEND_HEARTBEAT {datanodeUUID=d8846d25-1678-4df1-8bff-f38eb3492905, command=[]} | ret=SUCCESS |  
2019-09-05 07:36:18,868 | INFO  | SCMAudit | user=jenkins1000 | ip=192.168.36.69 | op=SEND_HEARTBEAT {datanodeUUID=cbc4e215-9e19-470f-b262-a66375af609e, command=[]} | ret=SUCCESS |  
2019-09-05 07:36:18,943 | INFO  | SCMAudit | user=jenkins1000 | ip=192.168.36.69 | op=SEND_HEARTBEAT {datanodeUUID=5822af17-ba6a-443c-803e-51bf9a574bd0, command=[]} | ret=SUCCESS |  
2019-09-05 07:36:19,251 | INFO  | SCMAudit | user=jenkins1000 | ip=192.168.36.69 | op=SEND_HEARTBEAT {datanodeUUID=618caef6-a8cd-4e5c-bc39-325bb83fc273, command=[]} | ret=SUCCESS |  
2019-09-05 07:36:19,460 | INFO  | SCMAudit | user=jenkins1000 | ip=192.168.36.69 | op=SEND_HEARTBEAT {datanodeUUID=017b796d-3321-494b-8d8c-e766a57787fe, command=[]} | ret=SUCCESS |  
2019-09-05 07:36:19,700 | INFO  | SCMAudit | user=jenkins1000 | ip=192.168.36.69 | op=SEND_HEARTBEAT {datanodeUUID=d8846d25-1678-4df1-8bff-f38eb3492905, command=[]} | ret=SUCCESS |  
2019-09-05 07:36:19,868 | INFO  | SCMAudit | user=jenkins1000 | ip=192.168.36.69 | op=SEND_HEARTBEAT {datanodeUUID=cbc4e215-9e19-470f-b262-a66375af609e, command=[]} | ret=SUCCESS |  
2019-09-05 07:36:19,943 | INFO  | SCMAudit | user=jenkins1000 | ip=192.168.36.69 | op=SEND_HEARTBEAT {datanodeUUID=5822af17-ba6a-443c-803e-51bf9a574bd0, command=[]} | ret=SUCCESS |  
2019-09-05 07:36:20,009 [grpc-default-executor-0] INFO  client.GrpcClientProtocolClient (GrpcClientProtocolClient.java:onNext(255)) - client-B40F40CC564F->cbc4e215-9e19-470f-b262-a66375af609e: receive RaftClientReply:client-B40F40CC564F->cbc4e215-9e19-470f-b262-a66375af609e@group-275862EAF019, cid=22, FAILED org.apache.ratis.protocol.NotLeaderException: Server cbc4e215-9e19-470f-b262-a66375af609e is not the leader (null). Request must be sent to leader., logIndex=0, commits[cbc4e215-9e19-470f-b262-a66375af609e:c15, 216f763b-3e68-44a6-8a6b-4b7681664146:c15, 7a080ec0-19ca-4af1-b3b9-6aaba7a45b53:c15]
2019-09-05 07:36:20,250 | INFO  | SCMAudit | user=jenkins1000 | ip=192.168.36.69 | op=SEND_HEARTBEAT {datanodeUUID=618caef6-a8cd-4e5c-bc39-325bb83fc273, command=[]} | ret=SUCCESS |  
2019-09-05 07:36:20,460 | INFO  | SCMAudit | user=jenkins1000 | ip=192.168.36.69 | op=SEND_HEARTBEAT {datanodeUUID=017b796d-3321-494b-8d8c-e766a57787fe, command=[]} | ret=SUCCESS |  
2019-09-05 07:36:20,701 | INFO  | SCMAudit | user=jenkins1000 | ip=192.168.36.69 | op=SEND_HEARTBEAT {datanodeUUID=d8846d25-1678-4df1-8bff-f38eb3492905, command=[]} | ret=SUCCESS |  
2019-09-05 07:36:20,868 | INFO  | SCMAudit | user=jenkins1000 | ip=192.168.36.69 | op=SEND_HEARTBEAT {datanodeUUID=cbc4e215-9e19-470f-b262-a66375af609e, command=[]} | ret=SUCCESS |  
2019-09-05 07:36:20,944 | INFO  | SCMAudit | user=jenkins1000 | ip=192.168.36.69 | op=SEND_HEARTBEAT {datanodeUUID=5822af17-ba6a-443c-803e-51bf9a574bd0, command=[]} | ret=SUCCESS |  
2019-09-05 07:36:21,250 | INFO  | SCMAudit | user=jenkins1000 | ip=192.168.36.69 | op=SEND_HEARTBEAT {datanodeUUID=618caef6-a8cd-4e5c-bc39-325bb83fc273, command=[]} | ret=SUCCESS |  
2019-09-05 07:36:21,372 [Thread-505] INFO  impl.FollowerState (FollowerState.java:run(106)) - cbc4e215-9e19-470f-b262-a66375af609e:group-275862EAF019 changes to CANDIDATE, lastRpcTime:5192, electionTimeout:5189ms
2019-09-05 07:36:21,373 [Thread-505] INFO  impl.RoleInfo (RoleInfo.java:shutdownFollowerState(121)) - cbc4e215-9e19-470f-b262-a66375af609e: shutdown FollowerState
2019-09-05 07:36:21,373 [Thread-505] INFO  impl.RaftServerImpl (RaftServerImpl.java:setRole(171)) - cbc4e215-9e19-470f-b262-a66375af609e:group-275862EAF019 changes role from FOLLOWER to CANDIDATE at term 6 for changeToCandidate
2019-09-05 07:36:21,373 [Thread-505] INFO  impl.RoleInfo (RoleInfo.java:updateAndGet(143)) - cbc4e215-9e19-470f-b262-a66375af609e: start LeaderElection
2019-09-05 07:36:21,396 [cbc4e215-9e19-470f-b262-a66375af609e:group-275862EAF019:LeaderElection18] INFO  impl.LeaderElection (LeaderElection.java:askForVotes(181)) - cbc4e215-9e19-470f-b262-a66375af609e:group-275862EAF019:LeaderElection18: begin an election at term 7 for 0: [216f763b-3e68-44a6-8a6b-4b7681664146:192.168.36.69:46568, 7a080ec0-19ca-4af1-b3b9-6aaba7a45b53:192.168.36.69:43350, cbc4e215-9e19-470f-b262-a66375af609e:192.168.36.69:44389], old=null
2019-09-05 07:36:21,397 [cbc4e215-9e19-470f-b262-a66375af609e:group-275862EAF019:LeaderElection18] INFO  impl.LeaderElection (LogUtils.java:infoOrTrace(149)) - cbc4e215-9e19-470f-b262-a66375af609e:group-275862EAF019:LeaderElection18 got exception when requesting votes: {}
java.util.concurrent.ExecutionException: org.apache.ratis.thirdparty.io.grpc.StatusRuntimeException: UNAVAILABLE: io exception
	at java.util.concurrent.FutureTask.report(FutureTask.java:122)
	at java.util.concurrent.FutureTask.get(FutureTask.java:192)
	at org.apache.ratis.server.impl.LeaderElection.waitForResults(LeaderElection.java:262)
	at org.apache.ratis.server.impl.LeaderElection.askForVotes(LeaderElection.java:200)
	at org.apache.ratis.server.impl.LeaderElection.run(LeaderElection.java:130)
	at java.lang.Thread.run(Thread.java:748)
Caused by: org.apache.ratis.thirdparty.io.grpc.StatusRuntimeException: UNAVAILABLE: io exception
	at org.apache.ratis.thirdparty.io.grpc.stub.ClientCalls.toStatusRuntimeException(ClientCalls.java:233)
	at org.apache.ratis.thirdparty.io.grpc.stub.ClientCalls.getUnchecked(ClientCalls.java:214)
	at org.apache.ratis.thirdparty.io.grpc.stub.ClientCalls.blockingUnaryCall(ClientCalls.java:139)
	at org.apache.ratis.proto.grpc.RaftServerProtocolServiceGrpc$RaftServerProtocolServiceBlockingStub.requestVote(RaftServerProtocolServiceGrpc.java:265)
	at org.apache.ratis.grpc.server.GrpcServerProtocolClient.requestVote(GrpcServerProtocolClient.java:83)
	at org.apache.ratis.grpc.server.GrpcService.requestVote(GrpcService.java:195)
	at org.apache.ratis.server.impl.LeaderElection.lambda$submitRequests$1(LeaderElection.java:237)
	at java.util.concurrent.FutureTask.run(FutureTask.java:266)
	at java.util.concurrent.Executors$RunnableAdapter.call(Executors.java:511)
	at java.util.concurrent.FutureTask.run(FutureTask.java:266)
	at java.util.concurrent.ThreadPoolExecutor.runWorker(ThreadPoolExecutor.java:1149)
	at java.util.concurrent.ThreadPoolExecutor$Worker.run(ThreadPoolExecutor.java:624)
	... 1 more
Caused by: org.apache.ratis.thirdparty.io.netty.channel.AbstractChannel$AnnotatedConnectException: Connection refused: /192.168.36.69:43350
	at sun.nio.ch.SocketChannelImpl.checkConnect(Native Method)
	at sun.nio.ch.SocketChannelImpl.finishConnect(SocketChannelImpl.java:717)
	at org.apache.ratis.thirdparty.io.netty.channel.socket.nio.NioSocketChannel.doFinishConnect(NioSocketChannel.java:327)
	at org.apache.ratis.thirdparty.io.netty.channel.nio.AbstractNioChannel$AbstractNioUnsafe.finishConnect(AbstractNioChannel.java:340)
	at org.apache.ratis.thirdparty.io.netty.channel.nio.NioEventLoop.processSelectedKey(NioEventLoop.java:632)
	at org.apache.ratis.thirdparty.io.netty.channel.nio.NioEventLoop.processSelectedKeysOptimized(NioEventLoop.java:579)
	at org.apache.ratis.thirdparty.io.netty.channel.nio.NioEventLoop.processSelectedKeys(NioEventLoop.java:496)
	at org.apache.ratis.thirdparty.io.netty.channel.nio.NioEventLoop.run(NioEventLoop.java:458)
	at org.apache.ratis.thirdparty.io.netty.util.concurrent.SingleThreadEventExecutor$5.run(SingleThreadEventExecutor.java:897)
	at org.apache.ratis.thirdparty.io.netty.util.concurrent.FastThreadLocalRunnable.run(FastThreadLocalRunnable.java:30)
	... 1 more
Caused by: java.net.ConnectException: Connection refused
	... 11 more
2019-09-05 07:36:21,400 [cbc4e215-9e19-470f-b262-a66375af609e:group-275862EAF019:LeaderElection18] INFO  impl.LeaderElection (LogUtils.java:infoOrTrace(149)) - cbc4e215-9e19-470f-b262-a66375af609e:group-275862EAF019:LeaderElection18 got exception when requesting votes: {}
java.util.concurrent.ExecutionException: org.apache.ratis.thirdparty.io.grpc.StatusRuntimeException: UNAVAILABLE: io exception
	at java.util.concurrent.FutureTask.report(FutureTask.java:122)
	at java.util.concurrent.FutureTask.get(FutureTask.java:192)
	at org.apache.ratis.server.impl.LeaderElection.waitForResults(LeaderElection.java:262)
	at org.apache.ratis.server.impl.LeaderElection.askForVotes(LeaderElection.java:200)
	at org.apache.ratis.server.impl.LeaderElection.run(LeaderElection.java:130)
	at java.lang.Thread.run(Thread.java:748)
Caused by: org.apache.ratis.thirdparty.io.grpc.StatusRuntimeException: UNAVAILABLE: io exception
	at org.apache.ratis.thirdparty.io.grpc.stub.ClientCalls.toStatusRuntimeException(ClientCalls.java:233)
	at org.apache.ratis.thirdparty.io.grpc.stub.ClientCalls.getUnchecked(ClientCalls.java:214)
	at org.apache.ratis.thirdparty.io.grpc.stub.ClientCalls.blockingUnaryCall(ClientCalls.java:139)
	at org.apache.ratis.proto.grpc.RaftServerProtocolServiceGrpc$RaftServerProtocolServiceBlockingStub.requestVote(RaftServerProtocolServiceGrpc.java:265)
	at org.apache.ratis.grpc.server.GrpcServerProtocolClient.requestVote(GrpcServerProtocolClient.java:83)
	at org.apache.ratis.grpc.server.GrpcService.requestVote(GrpcService.java:195)
	at org.apache.ratis.server.impl.LeaderElection.lambda$submitRequests$1(LeaderElection.java:237)
	at java.util.concurrent.FutureTask.run(FutureTask.java:266)
	at java.util.concurrent.Executors$RunnableAdapter.call(Executors.java:511)
	at java.util.concurrent.FutureTask.run(FutureTask.java:266)
	at java.util.concurrent.ThreadPoolExecutor.runWorker(ThreadPoolExecutor.java:1149)
	at java.util.concurrent.ThreadPoolExecutor$Worker.run(ThreadPoolExecutor.java:624)
	... 1 more
Caused by: org.apache.ratis.thirdparty.io.netty.channel.AbstractChannel$AnnotatedConnectException: Connection refused: /192.168.36.69:46568
	at sun.nio.ch.SocketChannelImpl.checkConnect(Native Method)
	at sun.nio.ch.SocketChannelImpl.finishConnect(SocketChannelImpl.java:717)
	at org.apache.ratis.thirdparty.io.netty.channel.socket.nio.NioSocketChannel.doFinishConnect(NioSocketChannel.java:327)
	at org.apache.ratis.thirdparty.io.netty.channel.nio.AbstractNioChannel$AbstractNioUnsafe.finishConnect(AbstractNioChannel.java:340)
	at org.apache.ratis.thirdparty.io.netty.channel.nio.NioEventLoop.processSelectedKey(NioEventLoop.java:632)
	at org.apache.ratis.thirdparty.io.netty.channel.nio.NioEventLoop.processSelectedKeysOptimized(NioEventLoop.java:579)
	at org.apache.ratis.thirdparty.io.netty.channel.nio.NioEventLoop.processSelectedKeys(NioEventLoop.java:496)
	at org.apache.ratis.thirdparty.io.netty.channel.nio.NioEventLoop.run(NioEventLoop.java:458)
	at org.apache.ratis.thirdparty.io.netty.util.concurrent.SingleThreadEventExecutor$5.run(SingleThreadEventExecutor.java:897)
	at org.apache.ratis.thirdparty.io.netty.util.concurrent.FastThreadLocalRunnable.run(FastThreadLocalRunnable.java:30)
	... 1 more
Caused by: java.net.ConnectException: Connection refused
	... 11 more
2019-09-05 07:36:21,401 [cbc4e215-9e19-470f-b262-a66375af609e:group-275862EAF019:LeaderElection18] INFO  impl.LeaderElection (LeaderElection.java:logAndReturn(56)) - cbc4e215-9e19-470f-b262-a66375af609e:group-275862EAF019:LeaderElection18: Election REJECTED; received 0 response(s) [] and 2 exception(s); cbc4e215-9e19-470f-b262-a66375af609e:t7, leader=null, voted=cbc4e215-9e19-470f-b262-a66375af609e, raftlog=cbc4e215-9e19-470f-b262-a66375af609e-SegmentedRaftLog:OPENED:c15,f15,i15, conf=0: [216f763b-3e68-44a6-8a6b-4b7681664146:192.168.36.69:46568, 7a080ec0-19ca-4af1-b3b9-6aaba7a45b53:192.168.36.69:43350, cbc4e215-9e19-470f-b262-a66375af609e:192.168.36.69:44389], old=null
2019-09-05 07:36:21,401 [cbc4e215-9e19-470f-b262-a66375af609e:group-275862EAF019:LeaderElection18] INFO  impl.LeaderElection (LogUtils.java:infoOrTrace(149)) -   Exception 0: {}
java.util.concurrent.ExecutionException: org.apache.ratis.thirdparty.io.grpc.StatusRuntimeException: UNAVAILABLE: io exception
	at java.util.concurrent.FutureTask.report(FutureTask.java:122)
	at java.util.concurrent.FutureTask.get(FutureTask.java:192)
	at org.apache.ratis.server.impl.LeaderElection.waitForResults(LeaderElection.java:262)
	at org.apache.ratis.server.impl.LeaderElection.askForVotes(LeaderElection.java:200)
	at org.apache.ratis.server.impl.LeaderElection.run(LeaderElection.java:130)
	at java.lang.Thread.run(Thread.java:748)
Caused by: org.apache.ratis.thirdparty.io.grpc.StatusRuntimeException: UNAVAILABLE: io exception
	at org.apache.ratis.thirdparty.io.grpc.stub.ClientCalls.toStatusRuntimeException(ClientCalls.java:233)
	at org.apache.ratis.thirdparty.io.grpc.stub.ClientCalls.getUnchecked(ClientCalls.java:214)
	at org.apache.ratis.thirdparty.io.grpc.stub.ClientCalls.blockingUnaryCall(ClientCalls.java:139)
	at org.apache.ratis.proto.grpc.RaftServerProtocolServiceGrpc$RaftServerProtocolServiceBlockingStub.requestVote(RaftServerProtocolServiceGrpc.java:265)
	at org.apache.ratis.grpc.server.GrpcServerProtocolClient.requestVote(GrpcServerProtocolClient.java:83)
	at org.apache.ratis.grpc.server.GrpcService.requestVote(GrpcService.java:195)
	at org.apache.ratis.server.impl.LeaderElection.lambda$submitRequests$1(LeaderElection.java:237)
	at java.util.concurrent.FutureTask.run(FutureTask.java:266)
	at java.util.concurrent.Executors$RunnableAdapter.call(Executors.java:511)
	at java.util.concurrent.FutureTask.run(FutureTask.java:266)
	at java.util.concurrent.ThreadPoolExecutor.runWorker(ThreadPoolExecutor.java:1149)
	at java.util.concurrent.ThreadPoolExecutor$Worker.run(ThreadPoolExecutor.java:624)
	... 1 more
Caused by: org.apache.ratis.thirdparty.io.netty.channel.AbstractChannel$AnnotatedConnectException: Connection refused: /192.168.36.69:43350
	at sun.nio.ch.SocketChannelImpl.checkConnect(Native Method)
	at sun.nio.ch.SocketChannelImpl.finishConnect(SocketChannelImpl.java:717)
	at org.apache.ratis.thirdparty.io.netty.channel.socket.nio.NioSocketChannel.doFinishConnect(NioSocketChannel.java:327)
	at org.apache.ratis.thirdparty.io.netty.channel.nio.AbstractNioChannel$AbstractNioUnsafe.finishConnect(AbstractNioChannel.java:340)
	at org.apache.ratis.thirdparty.io.netty.channel.nio.NioEventLoop.processSelectedKey(NioEventLoop.java:632)
	at org.apache.ratis.thirdparty.io.netty.channel.nio.NioEventLoop.processSelectedKeysOptimized(NioEventLoop.java:579)
	at org.apache.ratis.thirdparty.io.netty.channel.nio.NioEventLoop.processSelectedKeys(NioEventLoop.java:496)
	at org.apache.ratis.thirdparty.io.netty.channel.nio.NioEventLoop.run(NioEventLoop.java:458)
	at org.apache.ratis.thirdparty.io.netty.util.concurrent.SingleThreadEventExecutor$5.run(SingleThreadEventExecutor.java:897)
	at org.apache.ratis.thirdparty.io.netty.util.concurrent.FastThreadLocalRunnable.run(FastThreadLocalRunnable.java:30)
	... 1 more
Caused by: java.net.ConnectException: Connection refused
	... 11 more
2019-09-05 07:36:21,402 [cbc4e215-9e19-470f-b262-a66375af609e:group-275862EAF019:LeaderElection18] INFO  impl.LeaderElection (LogUtils.java:infoOrTrace(149)) -   Exception 1: {}
java.util.concurrent.ExecutionException: org.apache.ratis.thirdparty.io.grpc.StatusRuntimeException: UNAVAILABLE: io exception
	at java.util.concurrent.FutureTask.report(FutureTask.java:122)
	at java.util.concurrent.FutureTask.get(FutureTask.java:192)
	at org.apache.ratis.server.impl.LeaderElection.waitForResults(LeaderElection.java:262)
	at org.apache.ratis.server.impl.LeaderElection.askForVotes(LeaderElection.java:200)
	at org.apache.ratis.server.impl.LeaderElection.run(LeaderElection.java:130)
	at java.lang.Thread.run(Thread.java:748)
Caused by: org.apache.ratis.thirdparty.io.grpc.StatusRuntimeException: UNAVAILABLE: io exception
	at org.apache.ratis.thirdparty.io.grpc.stub.ClientCalls.toStatusRuntimeException(ClientCalls.java:233)
	at org.apache.ratis.thirdparty.io.grpc.stub.ClientCalls.getUnchecked(ClientCalls.java:214)
	at org.apache.ratis.thirdparty.io.grpc.stub.ClientCalls.blockingUnaryCall(ClientCalls.java:139)
	at org.apache.ratis.proto.grpc.RaftServerProtocolServiceGrpc$RaftServerProtocolServiceBlockingStub.requestVote(RaftServerProtocolServiceGrpc.java:265)
	at org.apache.ratis.grpc.server.GrpcServerProtocolClient.requestVote(GrpcServerProtocolClient.java:83)
	at org.apache.ratis.grpc.server.GrpcService.requestVote(GrpcService.java:195)
	at org.apache.ratis.server.impl.LeaderElection.lambda$submitRequests$1(LeaderElection.java:237)
	at java.util.concurrent.FutureTask.run(FutureTask.java:266)
	at java.util.concurrent.Executors$RunnableAdapter.call(Executors.java:511)
	at java.util.concurrent.FutureTask.run(FutureTask.java:266)
	at java.util.concurrent.ThreadPoolExecutor.runWorker(ThreadPoolExecutor.java:1149)
	at java.util.concurrent.ThreadPoolExecutor$Worker.run(ThreadPoolExecutor.java:624)
	... 1 more
Caused by: org.apache.ratis.thirdparty.io.netty.channel.AbstractChannel$AnnotatedConnectException: Connection refused: /192.168.36.69:46568
	at sun.nio.ch.SocketChannelImpl.checkConnect(Native Method)
	at sun.nio.ch.SocketChannelImpl.finishConnect(SocketChannelImpl.java:717)
	at org.apache.ratis.thirdparty.io.netty.channel.socket.nio.NioSocketChannel.doFinishConnect(NioSocketChannel.java:327)
	at org.apache.ratis.thirdparty.io.netty.channel.nio.AbstractNioChannel$AbstractNioUnsafe.finishConnect(AbstractNioChannel.java:340)
	at org.apache.ratis.thirdparty.io.netty.channel.nio.NioEventLoop.processSelectedKey(NioEventLoop.java:632)
	at org.apache.ratis.thirdparty.io.netty.channel.nio.NioEventLoop.processSelectedKeysOptimized(NioEventLoop.java:579)
	at org.apache.ratis.thirdparty.io.netty.channel.nio.NioEventLoop.processSelectedKeys(NioEventLoop.java:496)
	at org.apache.ratis.thirdparty.io.netty.channel.nio.NioEventLoop.run(NioEventLoop.java:458)
	at org.apache.ratis.thirdparty.io.netty.util.concurrent.SingleThreadEventExecutor$5.run(SingleThreadEventExecutor.java:897)
	at org.apache.ratis.thirdparty.io.netty.util.concurrent.FastThreadLocalRunnable.run(FastThreadLocalRunnable.java:30)
	... 1 more
Caused by: java.net.ConnectException: Connection refused
	... 11 more
2019-09-05 07:36:21,402 [cbc4e215-9e19-470f-b262-a66375af609e:group-275862EAF019:LeaderElection18] INFO  impl.RaftServerImpl (RaftServerImpl.java:setRole(171)) - cbc4e215-9e19-470f-b262-a66375af609e:group-275862EAF019 changes role from CANDIDATE to FOLLOWER at term 7 for DISCOVERED_A_NEW_TERM
2019-09-05 07:36:21,403 [cbc4e215-9e19-470f-b262-a66375af609e:group-275862EAF019:LeaderElection18] INFO  impl.RoleInfo (RoleInfo.java:shutdownLeaderElection(134)) - cbc4e215-9e19-470f-b262-a66375af609e: shutdown LeaderElection
2019-09-05 07:36:21,403 [cbc4e215-9e19-470f-b262-a66375af609e:group-275862EAF019:LeaderElection18] INFO  impl.RoleInfo (RoleInfo.java:updateAndGet(143)) - cbc4e215-9e19-470f-b262-a66375af609e: start FollowerState
2019-09-05 07:36:21,461 | INFO  | SCMAudit | user=jenkins1000 | ip=192.168.36.69 | op=SEND_HEARTBEAT {datanodeUUID=017b796d-3321-494b-8d8c-e766a57787fe, command=[]} | ret=SUCCESS |  
2019-09-05 07:36:21,700 | INFO  | SCMAudit | user=jenkins1000 | ip=192.168.36.69 | op=SEND_HEARTBEAT {datanodeUUID=d8846d25-1678-4df1-8bff-f38eb3492905, command=[]} | ret=SUCCESS |  
2019-09-05 07:36:21,868 | INFO  | SCMAudit | user=jenkins1000 | ip=192.168.36.69 | op=SEND_HEARTBEAT {datanodeUUID=cbc4e215-9e19-470f-b262-a66375af609e, command=[]} | ret=SUCCESS |  
2019-09-05 07:36:21,944 | INFO  | SCMAudit | user=jenkins1000 | ip=192.168.36.69 | op=SEND_HEARTBEAT {datanodeUUID=5822af17-ba6a-443c-803e-51bf9a574bd0, command=[]} | ret=SUCCESS |  
2019-09-05 07:36:22,250 | INFO  | SCMAudit | user=jenkins1000 | ip=192.168.36.69 | op=SEND_HEARTBEAT {datanodeUUID=618caef6-a8cd-4e5c-bc39-325bb83fc273, command=[]} | ret=SUCCESS |  
2019-09-05 07:36:22,460 | INFO  | SCMAudit | user=jenkins1000 | ip=192.168.36.69 | op=SEND_HEARTBEAT {datanodeUUID=017b796d-3321-494b-8d8c-e766a57787fe, command=[]} | ret=SUCCESS |  
2019-09-05 07:36:22,699 | INFO  | SCMAudit | user=jenkins1000 | ip=192.168.36.69 | op=SEND_HEARTBEAT {datanodeUUID=d8846d25-1678-4df1-8bff-f38eb3492905, command=[]} | ret=SUCCESS |  
2019-09-05 07:36:22,868 | INFO  | SCMAudit | user=jenkins1000 | ip=192.168.36.69 | op=SEND_HEARTBEAT {datanodeUUID=cbc4e215-9e19-470f-b262-a66375af609e, command=[]} | ret=SUCCESS |  
2019-09-05 07:36:22,944 | INFO  | SCMAudit | user=jenkins1000 | ip=192.168.36.69 | op=SEND_HEARTBEAT {datanodeUUID=5822af17-ba6a-443c-803e-51bf9a574bd0, command=[]} | ret=SUCCESS |  
2019-09-05 07:36:23,045 [grpc-default-executor-0] INFO  client.GrpcClientProtocolClient (GrpcClientProtocolClient.java:onNext(255)) - client-B40F40CC564F->cbc4e215-9e19-470f-b262-a66375af609e: receive RaftClientReply:client-B40F40CC564F->cbc4e215-9e19-470f-b262-a66375af609e@group-275862EAF019, cid=22, FAILED org.apache.ratis.protocol.NotLeaderException: Server cbc4e215-9e19-470f-b262-a66375af609e is not the leader (null). Request must be sent to leader., logIndex=0, commits[cbc4e215-9e19-470f-b262-a66375af609e:c15, 216f763b-3e68-44a6-8a6b-4b7681664146:c15, 7a080ec0-19ca-4af1-b3b9-6aaba7a45b53:c15]
2019-09-05 07:36:23,250 | INFO  | SCMAudit | user=jenkins1000 | ip=192.168.36.69 | op=SEND_HEARTBEAT {datanodeUUID=618caef6-a8cd-4e5c-bc39-325bb83fc273, command=[]} | ret=SUCCESS |  
2019-09-05 07:36:23,460 | INFO  | SCMAudit | user=jenkins1000 | ip=192.168.36.69 | op=SEND_HEARTBEAT {datanodeUUID=017b796d-3321-494b-8d8c-e766a57787fe, command=[]} | ret=SUCCESS |  
2019-09-05 07:36:23,700 | INFO  | SCMAudit | user=jenkins1000 | ip=192.168.36.69 | op=SEND_HEARTBEAT {datanodeUUID=d8846d25-1678-4df1-8bff-f38eb3492905, command=[]} | ret=SUCCESS |  
2019-09-05 07:36:23,869 | INFO  | SCMAudit | user=jenkins1000 | ip=192.168.36.69 | op=SEND_HEARTBEAT {datanodeUUID=cbc4e215-9e19-470f-b262-a66375af609e, command=[]} | ret=SUCCESS |  
2019-09-05 07:36:23,944 | INFO  | SCMAudit | user=jenkins1000 | ip=192.168.36.69 | op=SEND_HEARTBEAT {datanodeUUID=5822af17-ba6a-443c-803e-51bf9a574bd0, command=[]} | ret=SUCCESS |  
2019-09-05 07:36:24,250 | INFO  | SCMAudit | user=jenkins1000 | ip=192.168.36.69 | op=SEND_HEARTBEAT {datanodeUUID=618caef6-a8cd-4e5c-bc39-325bb83fc273, command=[]} | ret=SUCCESS |  
2019-09-05 07:36:24,460 | INFO  | SCMAudit | user=jenkins1000 | ip=192.168.36.69 | op=SEND_HEARTBEAT {datanodeUUID=017b796d-3321-494b-8d8c-e766a57787fe, command=[]} | ret=SUCCESS |  
2019-09-05 07:36:24,700 | INFO  | SCMAudit | user=jenkins1000 | ip=192.168.36.69 | op=SEND_HEARTBEAT {datanodeUUID=d8846d25-1678-4df1-8bff-f38eb3492905, command=[]} | ret=SUCCESS |  
2019-09-05 07:36:24,869 | INFO  | SCMAudit | user=jenkins1000 | ip=192.168.36.69 | op=SEND_HEARTBEAT {datanodeUUID=cbc4e215-9e19-470f-b262-a66375af609e, command=[]} | ret=SUCCESS |  
2019-09-05 07:36:24,945 | INFO  | SCMAudit | user=jenkins1000 | ip=192.168.36.69 | op=SEND_HEARTBEAT {datanodeUUID=5822af17-ba6a-443c-803e-51bf9a574bd0, command=[]} | ret=SUCCESS |  
2019-09-05 07:36:25,086 [grpc-default-executor-0] INFO  client.GrpcClientProtocolClient (GrpcClientProtocolClient.java:onNext(255)) - client-B40F40CC564F->cbc4e215-9e19-470f-b262-a66375af609e: receive RaftClientReply:client-B40F40CC564F->cbc4e215-9e19-470f-b262-a66375af609e@group-275862EAF019, cid=22, FAILED org.apache.ratis.protocol.NotLeaderException: Server cbc4e215-9e19-470f-b262-a66375af609e is not the leader (null). Request must be sent to leader., logIndex=0, commits[cbc4e215-9e19-470f-b262-a66375af609e:c15, 216f763b-3e68-44a6-8a6b-4b7681664146:c15, 7a080ec0-19ca-4af1-b3b9-6aaba7a45b53:c15]
2019-09-05 07:36:25,251 | INFO  | SCMAudit | user=jenkins1000 | ip=192.168.36.69 | op=SEND_HEARTBEAT {datanodeUUID=618caef6-a8cd-4e5c-bc39-325bb83fc273, command=[]} | ret=SUCCESS |  
2019-09-05 07:36:25,460 | INFO  | SCMAudit | user=jenkins1000 | ip=192.168.36.69 | op=SEND_HEARTBEAT {datanodeUUID=017b796d-3321-494b-8d8c-e766a57787fe, command=[]} | ret=SUCCESS |  
2019-09-05 07:36:25,700 | INFO  | SCMAudit | user=jenkins1000 | ip=192.168.36.69 | op=SEND_HEARTBEAT {datanodeUUID=d8846d25-1678-4df1-8bff-f38eb3492905, command=[]} | ret=SUCCESS |  
2019-09-05 07:36:25,870 | INFO  | SCMAudit | user=jenkins1000 | ip=192.168.36.69 | op=SEND_HEARTBEAT {datanodeUUID=cbc4e215-9e19-470f-b262-a66375af609e, command=[]} | ret=SUCCESS |  
2019-09-05 07:36:25,944 | INFO  | SCMAudit | user=jenkins1000 | ip=192.168.36.69 | op=SEND_HEARTBEAT {datanodeUUID=5822af17-ba6a-443c-803e-51bf9a574bd0, command=[]} | ret=SUCCESS |  
2019-09-05 07:36:26,251 | INFO  | SCMAudit | user=jenkins1000 | ip=192.168.36.69 | op=SEND_HEARTBEAT {datanodeUUID=618caef6-a8cd-4e5c-bc39-325bb83fc273, command=[]} | ret=SUCCESS |  
2019-09-05 07:36:26,460 | INFO  | SCMAudit | user=jenkins1000 | ip=192.168.36.69 | op=SEND_HEARTBEAT {datanodeUUID=017b796d-3321-494b-8d8c-e766a57787fe, command=[]} | ret=SUCCESS |  
2019-09-05 07:36:26,498 [Thread-525] INFO  impl.FollowerState (FollowerState.java:run(106)) - cbc4e215-9e19-470f-b262-a66375af609e:group-275862EAF019 changes to CANDIDATE, lastRpcTime:5094, electionTimeout:5093ms
2019-09-05 07:36:26,498 [Thread-525] INFO  impl.RoleInfo (RoleInfo.java:shutdownFollowerState(121)) - cbc4e215-9e19-470f-b262-a66375af609e: shutdown FollowerState
2019-09-05 07:36:26,498 [Thread-525] INFO  impl.RaftServerImpl (RaftServerImpl.java:setRole(171)) - cbc4e215-9e19-470f-b262-a66375af609e:group-275862EAF019 changes role from FOLLOWER to CANDIDATE at term 7 for changeToCandidate
2019-09-05 07:36:26,498 [Thread-525] INFO  impl.RoleInfo (RoleInfo.java:updateAndGet(143)) - cbc4e215-9e19-470f-b262-a66375af609e: start LeaderElection
2019-09-05 07:36:26,526 [cbc4e215-9e19-470f-b262-a66375af609e:group-275862EAF019:LeaderElection19] INFO  impl.LeaderElection (LeaderElection.java:askForVotes(181)) - cbc4e215-9e19-470f-b262-a66375af609e:group-275862EAF019:LeaderElection19: begin an election at term 8 for 0: [216f763b-3e68-44a6-8a6b-4b7681664146:192.168.36.69:46568, 7a080ec0-19ca-4af1-b3b9-6aaba7a45b53:192.168.36.69:43350, cbc4e215-9e19-470f-b262-a66375af609e:192.168.36.69:44389], old=null
2019-09-05 07:36:26,527 [cbc4e215-9e19-470f-b262-a66375af609e:group-275862EAF019:LeaderElection19] INFO  impl.LeaderElection (LogUtils.java:infoOrTrace(149)) - cbc4e215-9e19-470f-b262-a66375af609e:group-275862EAF019:LeaderElection19 got exception when requesting votes: {}
java.util.concurrent.ExecutionException: org.apache.ratis.thirdparty.io.grpc.StatusRuntimeException: UNAVAILABLE: io exception
	at java.util.concurrent.FutureTask.report(FutureTask.java:122)
	at java.util.concurrent.FutureTask.get(FutureTask.java:192)
	at org.apache.ratis.server.impl.LeaderElection.waitForResults(LeaderElection.java:262)
	at org.apache.ratis.server.impl.LeaderElection.askForVotes(LeaderElection.java:200)
	at org.apache.ratis.server.impl.LeaderElection.run(LeaderElection.java:130)
	at java.lang.Thread.run(Thread.java:748)
Caused by: org.apache.ratis.thirdparty.io.grpc.StatusRuntimeException: UNAVAILABLE: io exception
	at org.apache.ratis.thirdparty.io.grpc.stub.ClientCalls.toStatusRuntimeException(ClientCalls.java:233)
	at org.apache.ratis.thirdparty.io.grpc.stub.ClientCalls.getUnchecked(ClientCalls.java:214)
	at org.apache.ratis.thirdparty.io.grpc.stub.ClientCalls.blockingUnaryCall(ClientCalls.java:139)
	at org.apache.ratis.proto.grpc.RaftServerProtocolServiceGrpc$RaftServerProtocolServiceBlockingStub.requestVote(RaftServerProtocolServiceGrpc.java:265)
	at org.apache.ratis.grpc.server.GrpcServerProtocolClient.requestVote(GrpcServerProtocolClient.java:83)
	at org.apache.ratis.grpc.server.GrpcService.requestVote(GrpcService.java:195)
	at org.apache.ratis.server.impl.LeaderElection.lambda$submitRequests$1(LeaderElection.java:237)
	at java.util.concurrent.FutureTask.run(FutureTask.java:266)
	at java.util.concurrent.Executors$RunnableAdapter.call(Executors.java:511)
	at java.util.concurrent.FutureTask.run(FutureTask.java:266)
	at java.util.concurrent.ThreadPoolExecutor.runWorker(ThreadPoolExecutor.java:1149)
	at java.util.concurrent.ThreadPoolExecutor$Worker.run(ThreadPoolExecutor.java:624)
	... 1 more
Caused by: org.apache.ratis.thirdparty.io.netty.channel.AbstractChannel$AnnotatedConnectException: Connection refused: /192.168.36.69:43350
	at sun.nio.ch.SocketChannelImpl.checkConnect(Native Method)
	at sun.nio.ch.SocketChannelImpl.finishConnect(SocketChannelImpl.java:717)
	at org.apache.ratis.thirdparty.io.netty.channel.socket.nio.NioSocketChannel.doFinishConnect(NioSocketChannel.java:327)
	at org.apache.ratis.thirdparty.io.netty.channel.nio.AbstractNioChannel$AbstractNioUnsafe.finishConnect(AbstractNioChannel.java:340)
	at org.apache.ratis.thirdparty.io.netty.channel.nio.NioEventLoop.processSelectedKey(NioEventLoop.java:632)
	at org.apache.ratis.thirdparty.io.netty.channel.nio.NioEventLoop.processSelectedKeysOptimized(NioEventLoop.java:579)
	at org.apache.ratis.thirdparty.io.netty.channel.nio.NioEventLoop.processSelectedKeys(NioEventLoop.java:496)
	at org.apache.ratis.thirdparty.io.netty.channel.nio.NioEventLoop.run(NioEventLoop.java:458)
	at org.apache.ratis.thirdparty.io.netty.util.concurrent.SingleThreadEventExecutor$5.run(SingleThreadEventExecutor.java:897)
	at org.apache.ratis.thirdparty.io.netty.util.concurrent.FastThreadLocalRunnable.run(FastThreadLocalRunnable.java:30)
	... 1 more
Caused by: java.net.ConnectException: Connection refused
	... 11 more
2019-09-05 07:36:26,530 [cbc4e215-9e19-470f-b262-a66375af609e:group-275862EAF019:LeaderElection19] INFO  impl.LeaderElection (LogUtils.java:infoOrTrace(149)) - cbc4e215-9e19-470f-b262-a66375af609e:group-275862EAF019:LeaderElection19 got exception when requesting votes: {}
java.util.concurrent.ExecutionException: org.apache.ratis.thirdparty.io.grpc.StatusRuntimeException: UNAVAILABLE: io exception
	at java.util.concurrent.FutureTask.report(FutureTask.java:122)
	at java.util.concurrent.FutureTask.get(FutureTask.java:192)
	at org.apache.ratis.server.impl.LeaderElection.waitForResults(LeaderElection.java:262)
	at org.apache.ratis.server.impl.LeaderElection.askForVotes(LeaderElection.java:200)
	at org.apache.ratis.server.impl.LeaderElection.run(LeaderElection.java:130)
	at java.lang.Thread.run(Thread.java:748)
Caused by: org.apache.ratis.thirdparty.io.grpc.StatusRuntimeException: UNAVAILABLE: io exception
	at org.apache.ratis.thirdparty.io.grpc.stub.ClientCalls.toStatusRuntimeException(ClientCalls.java:233)
	at org.apache.ratis.thirdparty.io.grpc.stub.ClientCalls.getUnchecked(ClientCalls.java:214)
	at org.apache.ratis.thirdparty.io.grpc.stub.ClientCalls.blockingUnaryCall(ClientCalls.java:139)
	at org.apache.ratis.proto.grpc.RaftServerProtocolServiceGrpc$RaftServerProtocolServiceBlockingStub.requestVote(RaftServerProtocolServiceGrpc.java:265)
	at org.apache.ratis.grpc.server.GrpcServerProtocolClient.requestVote(GrpcServerProtocolClient.java:83)
	at org.apache.ratis.grpc.server.GrpcService.requestVote(GrpcService.java:195)
	at org.apache.ratis.server.impl.LeaderElection.lambda$submitRequests$1(LeaderElection.java:237)
	at java.util.concurrent.FutureTask.run(FutureTask.java:266)
	at java.util.concurrent.Executors$RunnableAdapter.call(Executors.java:511)
	at java.util.concurrent.FutureTask.run(FutureTask.java:266)
	at java.util.concurrent.ThreadPoolExecutor.runWorker(ThreadPoolExecutor.java:1149)
	at java.util.concurrent.ThreadPoolExecutor$Worker.run(ThreadPoolExecutor.java:624)
	... 1 more
Caused by: org.apache.ratis.thirdparty.io.netty.channel.AbstractChannel$AnnotatedConnectException: Connection refused: /192.168.36.69:46568
	at sun.nio.ch.SocketChannelImpl.checkConnect(Native Method)
	at sun.nio.ch.SocketChannelImpl.finishConnect(SocketChannelImpl.java:717)
	at org.apache.ratis.thirdparty.io.netty.channel.socket.nio.NioSocketChannel.doFinishConnect(NioSocketChannel.java:327)
	at org.apache.ratis.thirdparty.io.netty.channel.nio.AbstractNioChannel$AbstractNioUnsafe.finishConnect(AbstractNioChannel.java:340)
	at org.apache.ratis.thirdparty.io.netty.channel.nio.NioEventLoop.processSelectedKey(NioEventLoop.java:632)
	at org.apache.ratis.thirdparty.io.netty.channel.nio.NioEventLoop.processSelectedKeysOptimized(NioEventLoop.java:579)
	at org.apache.ratis.thirdparty.io.netty.channel.nio.NioEventLoop.processSelectedKeys(NioEventLoop.java:496)
	at org.apache.ratis.thirdparty.io.netty.channel.nio.NioEventLoop.run(NioEventLoop.java:458)
	at org.apache.ratis.thirdparty.io.netty.util.concurrent.SingleThreadEventExecutor$5.run(SingleThreadEventExecutor.java:897)
	at org.apache.ratis.thirdparty.io.netty.util.concurrent.FastThreadLocalRunnable.run(FastThreadLocalRunnable.java:30)
	... 1 more
Caused by: java.net.ConnectException: Connection refused
	... 11 more
2019-09-05 07:36:26,532 [cbc4e215-9e19-470f-b262-a66375af609e:group-275862EAF019:LeaderElection19] INFO  impl.LeaderElection (LeaderElection.java:logAndReturn(56)) - cbc4e215-9e19-470f-b262-a66375af609e:group-275862EAF019:LeaderElection19: Election REJECTED; received 0 response(s) [] and 2 exception(s); cbc4e215-9e19-470f-b262-a66375af609e:t8, leader=null, voted=cbc4e215-9e19-470f-b262-a66375af609e, raftlog=cbc4e215-9e19-470f-b262-a66375af609e-SegmentedRaftLog:OPENED:c15,f15,i15, conf=0: [216f763b-3e68-44a6-8a6b-4b7681664146:192.168.36.69:46568, 7a080ec0-19ca-4af1-b3b9-6aaba7a45b53:192.168.36.69:43350, cbc4e215-9e19-470f-b262-a66375af609e:192.168.36.69:44389], old=null
2019-09-05 07:36:26,532 [cbc4e215-9e19-470f-b262-a66375af609e:group-275862EAF019:LeaderElection19] INFO  impl.LeaderElection (LogUtils.java:infoOrTrace(149)) -   Exception 0: {}
java.util.concurrent.ExecutionException: org.apache.ratis.thirdparty.io.grpc.StatusRuntimeException: UNAVAILABLE: io exception
	at java.util.concurrent.FutureTask.report(FutureTask.java:122)
	at java.util.concurrent.FutureTask.get(FutureTask.java:192)
	at org.apache.ratis.server.impl.LeaderElection.waitForResults(LeaderElection.java:262)
	at org.apache.ratis.server.impl.LeaderElection.askForVotes(LeaderElection.java:200)
	at org.apache.ratis.server.impl.LeaderElection.run(LeaderElection.java:130)
	at java.lang.Thread.run(Thread.java:748)
Caused by: org.apache.ratis.thirdparty.io.grpc.StatusRuntimeException: UNAVAILABLE: io exception
	at org.apache.ratis.thirdparty.io.grpc.stub.ClientCalls.toStatusRuntimeException(ClientCalls.java:233)
	at org.apache.ratis.thirdparty.io.grpc.stub.ClientCalls.getUnchecked(ClientCalls.java:214)
	at org.apache.ratis.thirdparty.io.grpc.stub.ClientCalls.blockingUnaryCall(ClientCalls.java:139)
	at org.apache.ratis.proto.grpc.RaftServerProtocolServiceGrpc$RaftServerProtocolServiceBlockingStub.requestVote(RaftServerProtocolServiceGrpc.java:265)
	at org.apache.ratis.grpc.server.GrpcServerProtocolClient.requestVote(GrpcServerProtocolClient.java:83)
	at org.apache.ratis.grpc.server.GrpcService.requestVote(GrpcService.java:195)
	at org.apache.ratis.server.impl.LeaderElection.lambda$submitRequests$1(LeaderElection.java:237)
	at java.util.concurrent.FutureTask.run(FutureTask.java:266)
	at java.util.concurrent.Executors$RunnableAdapter.call(Executors.java:511)
	at java.util.concurrent.FutureTask.run(FutureTask.java:266)
	at java.util.concurrent.ThreadPoolExecutor.runWorker(ThreadPoolExecutor.java:1149)
	at java.util.concurrent.ThreadPoolExecutor$Worker.run(ThreadPoolExecutor.java:624)
	... 1 more
Caused by: org.apache.ratis.thirdparty.io.netty.channel.AbstractChannel$AnnotatedConnectException: Connection refused: /192.168.36.69:43350
	at sun.nio.ch.SocketChannelImpl.checkConnect(Native Method)
	at sun.nio.ch.SocketChannelImpl.finishConnect(SocketChannelImpl.java:717)
	at org.apache.ratis.thirdparty.io.netty.channel.socket.nio.NioSocketChannel.doFinishConnect(NioSocketChannel.java:327)
	at org.apache.ratis.thirdparty.io.netty.channel.nio.AbstractNioChannel$AbstractNioUnsafe.finishConnect(AbstractNioChannel.java:340)
	at org.apache.ratis.thirdparty.io.netty.channel.nio.NioEventLoop.processSelectedKey(NioEventLoop.java:632)
	at org.apache.ratis.thirdparty.io.netty.channel.nio.NioEventLoop.processSelectedKeysOptimized(NioEventLoop.java:579)
	at org.apache.ratis.thirdparty.io.netty.channel.nio.NioEventLoop.processSelectedKeys(NioEventLoop.java:496)
	at org.apache.ratis.thirdparty.io.netty.channel.nio.NioEventLoop.run(NioEventLoop.java:458)
	at org.apache.ratis.thirdparty.io.netty.util.concurrent.SingleThreadEventExecutor$5.run(SingleThreadEventExecutor.java:897)
	at org.apache.ratis.thirdparty.io.netty.util.concurrent.FastThreadLocalRunnable.run(FastThreadLocalRunnable.java:30)
	... 1 more
Caused by: java.net.ConnectException: Connection refused
	... 11 more
2019-09-05 07:36:26,532 [cbc4e215-9e19-470f-b262-a66375af609e:group-275862EAF019:LeaderElection19] INFO  impl.LeaderElection (LogUtils.java:infoOrTrace(149)) -   Exception 1: {}
java.util.concurrent.ExecutionException: org.apache.ratis.thirdparty.io.grpc.StatusRuntimeException: UNAVAILABLE: io exception
	at java.util.concurrent.FutureTask.report(FutureTask.java:122)
	at java.util.concurrent.FutureTask.get(FutureTask.java:192)
	at org.apache.ratis.server.impl.LeaderElection.waitForResults(LeaderElection.java:262)
	at org.apache.ratis.server.impl.LeaderElection.askForVotes(LeaderElection.java:200)
	at org.apache.ratis.server.impl.LeaderElection.run(LeaderElection.java:130)
	at java.lang.Thread.run(Thread.java:748)
Caused by: org.apache.ratis.thirdparty.io.grpc.StatusRuntimeException: UNAVAILABLE: io exception
	at org.apache.ratis.thirdparty.io.grpc.stub.ClientCalls.toStatusRuntimeException(ClientCalls.java:233)
	at org.apache.ratis.thirdparty.io.grpc.stub.ClientCalls.getUnchecked(ClientCalls.java:214)
	at org.apache.ratis.thirdparty.io.grpc.stub.ClientCalls.blockingUnaryCall(ClientCalls.java:139)
	at org.apache.ratis.proto.grpc.RaftServerProtocolServiceGrpc$RaftServerProtocolServiceBlockingStub.requestVote(RaftServerProtocolServiceGrpc.java:265)
	at org.apache.ratis.grpc.server.GrpcServerProtocolClient.requestVote(GrpcServerProtocolClient.java:83)
	at org.apache.ratis.grpc.server.GrpcService.requestVote(GrpcService.java:195)
	at org.apache.ratis.server.impl.LeaderElection.lambda$submitRequests$1(LeaderElection.java:237)
	at java.util.concurrent.FutureTask.run(FutureTask.java:266)
	at java.util.concurrent.Executors$RunnableAdapter.call(Executors.java:511)
	at java.util.concurrent.FutureTask.run(FutureTask.java:266)
	at java.util.concurrent.ThreadPoolExecutor.runWorker(ThreadPoolExecutor.java:1149)
	at java.util.concurrent.ThreadPoolExecutor$Worker.run(ThreadPoolExecutor.java:624)
	... 1 more
Caused by: org.apache.ratis.thirdparty.io.netty.channel.AbstractChannel$AnnotatedConnectException: Connection refused: /192.168.36.69:46568
	at sun.nio.ch.SocketChannelImpl.checkConnect(Native Method)
	at sun.nio.ch.SocketChannelImpl.finishConnect(SocketChannelImpl.java:717)
	at org.apache.ratis.thirdparty.io.netty.channel.socket.nio.NioSocketChannel.doFinishConnect(NioSocketChannel.java:327)
	at org.apache.ratis.thirdparty.io.netty.channel.nio.AbstractNioChannel$AbstractNioUnsafe.finishConnect(AbstractNioChannel.java:340)
	at org.apache.ratis.thirdparty.io.netty.channel.nio.NioEventLoop.processSelectedKey(NioEventLoop.java:632)
	at org.apache.ratis.thirdparty.io.netty.channel.nio.NioEventLoop.processSelectedKeysOptimized(NioEventLoop.java:579)
	at org.apache.ratis.thirdparty.io.netty.channel.nio.NioEventLoop.processSelectedKeys(NioEventLoop.java:496)
	at org.apache.ratis.thirdparty.io.netty.channel.nio.NioEventLoop.run(NioEventLoop.java:458)
	at org.apache.ratis.thirdparty.io.netty.util.concurrent.SingleThreadEventExecutor$5.run(SingleThreadEventExecutor.java:897)
	at org.apache.ratis.thirdparty.io.netty.util.concurrent.FastThreadLocalRunnable.run(FastThreadLocalRunnable.java:30)
	... 1 more
Caused by: java.net.ConnectException: Connection refused
	... 11 more
2019-09-05 07:36:26,533 [cbc4e215-9e19-470f-b262-a66375af609e:group-275862EAF019:LeaderElection19] INFO  impl.RaftServerImpl (RaftServerImpl.java:setRole(171)) - cbc4e215-9e19-470f-b262-a66375af609e:group-275862EAF019 changes role from CANDIDATE to FOLLOWER at term 8 for DISCOVERED_A_NEW_TERM
2019-09-05 07:36:26,534 [cbc4e215-9e19-470f-b262-a66375af609e:group-275862EAF019:LeaderElection19] INFO  impl.RoleInfo (RoleInfo.java:shutdownLeaderElection(134)) - cbc4e215-9e19-470f-b262-a66375af609e: shutdown LeaderElection
2019-09-05 07:36:26,536 [cbc4e215-9e19-470f-b262-a66375af609e:group-275862EAF019:LeaderElection19] INFO  impl.RoleInfo (RoleInfo.java:updateAndGet(143)) - cbc4e215-9e19-470f-b262-a66375af609e: start FollowerState
2019-09-05 07:36:26,700 | INFO  | SCMAudit | user=jenkins1000 | ip=192.168.36.69 | op=SEND_HEARTBEAT {datanodeUUID=d8846d25-1678-4df1-8bff-f38eb3492905, command=[]} | ret=SUCCESS |  
2019-09-05 07:36:26,870 | INFO  | SCMAudit | user=jenkins1000 | ip=192.168.36.69 | op=SEND_HEARTBEAT {datanodeUUID=cbc4e215-9e19-470f-b262-a66375af609e, command=[]} | ret=SUCCESS |  
2019-09-05 07:36:26,945 | INFO  | SCMAudit | user=jenkins1000 | ip=192.168.36.69 | op=SEND_HEARTBEAT {datanodeUUID=5822af17-ba6a-443c-803e-51bf9a574bd0, command=[]} | ret=SUCCESS |  
2019-09-05 07:36:27,251 | INFO  | SCMAudit | user=jenkins1000 | ip=192.168.36.69 | op=SEND_HEARTBEAT {datanodeUUID=618caef6-a8cd-4e5c-bc39-325bb83fc273, command=[]} | ret=SUCCESS |  
2019-09-05 07:36:27,460 | INFO  | SCMAudit | user=jenkins1000 | ip=192.168.36.69 | op=SEND_HEARTBEAT {datanodeUUID=017b796d-3321-494b-8d8c-e766a57787fe, command=[]} | ret=SUCCESS |  
2019-09-05 07:36:27,700 | INFO  | SCMAudit | user=jenkins1000 | ip=192.168.36.69 | op=SEND_HEARTBEAT {datanodeUUID=d8846d25-1678-4df1-8bff-f38eb3492905, command=[]} | ret=SUCCESS |  
2019-09-05 07:36:27,870 | INFO  | SCMAudit | user=jenkins1000 | ip=192.168.36.69 | op=SEND_HEARTBEAT {datanodeUUID=cbc4e215-9e19-470f-b262-a66375af609e, command=[]} | ret=SUCCESS |  
2019-09-05 07:36:27,945 | INFO  | SCMAudit | user=jenkins1000 | ip=192.168.36.69 | op=SEND_HEARTBEAT {datanodeUUID=5822af17-ba6a-443c-803e-51bf9a574bd0, command=[]} | ret=SUCCESS |  
2019-09-05 07:36:28,252 | INFO  | SCMAudit | user=jenkins1000 | ip=192.168.36.69 | op=SEND_HEARTBEAT {datanodeUUID=618caef6-a8cd-4e5c-bc39-325bb83fc273, command=[]} | ret=SUCCESS |  
2019-09-05 07:36:28,460 | INFO  | SCMAudit | user=jenkins1000 | ip=192.168.36.69 | op=SEND_HEARTBEAT {datanodeUUID=017b796d-3321-494b-8d8c-e766a57787fe, command=[]} | ret=SUCCESS |  
2019-09-05 07:36:28,700 | INFO  | SCMAudit | user=jenkins1000 | ip=192.168.36.69 | op=SEND_HEARTBEAT {datanodeUUID=d8846d25-1678-4df1-8bff-f38eb3492905, command=[]} | ret=SUCCESS |  
2019-09-05 07:36:28,871 | INFO  | SCMAudit | user=jenkins1000 | ip=192.168.36.69 | op=SEND_HEARTBEAT {datanodeUUID=cbc4e215-9e19-470f-b262-a66375af609e, command=[]} | ret=SUCCESS |  
2019-09-05 07:36:28,945 | INFO  | SCMAudit | user=jenkins1000 | ip=192.168.36.69 | op=SEND_HEARTBEAT {datanodeUUID=5822af17-ba6a-443c-803e-51bf9a574bd0, command=[]} | ret=SUCCESS |  
2019-09-05 07:36:29,136 [grpc-default-executor-0] INFO  client.GrpcClientProtocolClient (GrpcClientProtocolClient.java:onNext(255)) - client-B40F40CC564F->cbc4e215-9e19-470f-b262-a66375af609e: receive RaftClientReply:client-B40F40CC564F->cbc4e215-9e19-470f-b262-a66375af609e@group-275862EAF019, cid=22, FAILED org.apache.ratis.protocol.NotLeaderException: Server cbc4e215-9e19-470f-b262-a66375af609e is not the leader (null). Request must be sent to leader., logIndex=0, commits[cbc4e215-9e19-470f-b262-a66375af609e:c15, 216f763b-3e68-44a6-8a6b-4b7681664146:c15, 7a080ec0-19ca-4af1-b3b9-6aaba7a45b53:c15]
2019-09-05 07:36:29,251 | INFO  | SCMAudit | user=jenkins1000 | ip=192.168.36.69 | op=SEND_HEARTBEAT {datanodeUUID=618caef6-a8cd-4e5c-bc39-325bb83fc273, command=[]} | ret=SUCCESS |  
2019-09-05 07:36:29,461 | INFO  | SCMAudit | user=jenkins1000 | ip=192.168.36.69 | op=SEND_HEARTBEAT {datanodeUUID=017b796d-3321-494b-8d8c-e766a57787fe, command=[]} | ret=SUCCESS |  
2019-09-05 07:36:29,700 | INFO  | SCMAudit | user=jenkins1000 | ip=192.168.36.69 | op=SEND_HEARTBEAT {datanodeUUID=d8846d25-1678-4df1-8bff-f38eb3492905, command=[]} | ret=SUCCESS |  
2019-09-05 07:36:29,870 | INFO  | SCMAudit | user=jenkins1000 | ip=192.168.36.69 | op=SEND_HEARTBEAT {datanodeUUID=cbc4e215-9e19-470f-b262-a66375af609e, command=[]} | ret=SUCCESS |  
2019-09-05 07:36:29,945 | INFO  | SCMAudit | user=jenkins1000 | ip=192.168.36.69 | op=SEND_HEARTBEAT {datanodeUUID=5822af17-ba6a-443c-803e-51bf9a574bd0, command=[]} | ret=SUCCESS |  
2019-09-05 07:36:30,251 | INFO  | SCMAudit | user=jenkins1000 | ip=192.168.36.69 | op=SEND_HEARTBEAT {datanodeUUID=618caef6-a8cd-4e5c-bc39-325bb83fc273, command=[]} | ret=SUCCESS |  
2019-09-05 07:36:30,460 | INFO  | SCMAudit | user=jenkins1000 | ip=192.168.36.69 | op=SEND_HEARTBEAT {datanodeUUID=017b796d-3321-494b-8d8c-e766a57787fe, command=[]} | ret=SUCCESS |  
2019-09-05 07:36:30,700 | INFO  | SCMAudit | user=jenkins1000 | ip=192.168.36.69 | op=SEND_HEARTBEAT {datanodeUUID=d8846d25-1678-4df1-8bff-f38eb3492905, command=[]} | ret=SUCCESS |  
2019-09-05 07:36:30,870 | INFO  | SCMAudit | user=jenkins1000 | ip=192.168.36.69 | op=SEND_HEARTBEAT {datanodeUUID=cbc4e215-9e19-470f-b262-a66375af609e, command=[]} | ret=SUCCESS |  
2019-09-05 07:36:30,946 | INFO  | SCMAudit | user=jenkins1000 | ip=192.168.36.69 | op=SEND_HEARTBEAT {datanodeUUID=5822af17-ba6a-443c-803e-51bf9a574bd0, command=[]} | ret=SUCCESS |  
2019-09-05 07:36:31,251 | INFO  | SCMAudit | user=jenkins1000 | ip=192.168.36.69 | op=SEND_HEARTBEAT {datanodeUUID=618caef6-a8cd-4e5c-bc39-325bb83fc273, command=[]} | ret=SUCCESS |  
2019-09-05 07:36:31,460 | INFO  | SCMAudit | user=jenkins1000 | ip=192.168.36.69 | op=SEND_HEARTBEAT {datanodeUUID=017b796d-3321-494b-8d8c-e766a57787fe, command=[]} | ret=SUCCESS |  
2019-09-05 07:36:31,655 [Thread-545] INFO  impl.FollowerState (FollowerState.java:run(106)) - cbc4e215-9e19-470f-b262-a66375af609e:group-275862EAF019 changes to CANDIDATE, lastRpcTime:5119, electionTimeout:5117ms
2019-09-05 07:36:31,655 [Thread-545] INFO  impl.RoleInfo (RoleInfo.java:shutdownFollowerState(121)) - cbc4e215-9e19-470f-b262-a66375af609e: shutdown FollowerState
2019-09-05 07:36:31,656 [Thread-545] INFO  impl.RaftServerImpl (RaftServerImpl.java:setRole(171)) - cbc4e215-9e19-470f-b262-a66375af609e:group-275862EAF019 changes role from FOLLOWER to CANDIDATE at term 8 for changeToCandidate
2019-09-05 07:36:31,656 [Thread-545] INFO  impl.RoleInfo (RoleInfo.java:updateAndGet(143)) - cbc4e215-9e19-470f-b262-a66375af609e: start LeaderElection
2019-09-05 07:36:31,688 [cbc4e215-9e19-470f-b262-a66375af609e:group-275862EAF019:LeaderElection20] INFO  impl.LeaderElection (LeaderElection.java:askForVotes(181)) - cbc4e215-9e19-470f-b262-a66375af609e:group-275862EAF019:LeaderElection20: begin an election at term 9 for 0: [216f763b-3e68-44a6-8a6b-4b7681664146:192.168.36.69:46568, 7a080ec0-19ca-4af1-b3b9-6aaba7a45b53:192.168.36.69:43350, cbc4e215-9e19-470f-b262-a66375af609e:192.168.36.69:44389], old=null
2019-09-05 07:36:31,690 [cbc4e215-9e19-470f-b262-a66375af609e:group-275862EAF019:LeaderElection20] INFO  impl.LeaderElection (LogUtils.java:infoOrTrace(149)) - cbc4e215-9e19-470f-b262-a66375af609e:group-275862EAF019:LeaderElection20 got exception when requesting votes: {}
java.util.concurrent.ExecutionException: org.apache.ratis.thirdparty.io.grpc.StatusRuntimeException: UNAVAILABLE: io exception
	at java.util.concurrent.FutureTask.report(FutureTask.java:122)
	at java.util.concurrent.FutureTask.get(FutureTask.java:192)
	at org.apache.ratis.server.impl.LeaderElection.waitForResults(LeaderElection.java:262)
	at org.apache.ratis.server.impl.LeaderElection.askForVotes(LeaderElection.java:200)
	at org.apache.ratis.server.impl.LeaderElection.run(LeaderElection.java:130)
	at java.lang.Thread.run(Thread.java:748)
Caused by: org.apache.ratis.thirdparty.io.grpc.StatusRuntimeException: UNAVAILABLE: io exception
	at org.apache.ratis.thirdparty.io.grpc.stub.ClientCalls.toStatusRuntimeException(ClientCalls.java:233)
	at org.apache.ratis.thirdparty.io.grpc.stub.ClientCalls.getUnchecked(ClientCalls.java:214)
	at org.apache.ratis.thirdparty.io.grpc.stub.ClientCalls.blockingUnaryCall(ClientCalls.java:139)
	at org.apache.ratis.proto.grpc.RaftServerProtocolServiceGrpc$RaftServerProtocolServiceBlockingStub.requestVote(RaftServerProtocolServiceGrpc.java:265)
	at org.apache.ratis.grpc.server.GrpcServerProtocolClient.requestVote(GrpcServerProtocolClient.java:83)
	at org.apache.ratis.grpc.server.GrpcService.requestVote(GrpcService.java:195)
	at org.apache.ratis.server.impl.LeaderElection.lambda$submitRequests$1(LeaderElection.java:237)
	at java.util.concurrent.FutureTask.run(FutureTask.java:266)
	at java.util.concurrent.Executors$RunnableAdapter.call(Executors.java:511)
	at java.util.concurrent.FutureTask.run(FutureTask.java:266)
	at java.util.concurrent.ThreadPoolExecutor.runWorker(ThreadPoolExecutor.java:1149)
	at java.util.concurrent.ThreadPoolExecutor$Worker.run(ThreadPoolExecutor.java:624)
	... 1 more
Caused by: org.apache.ratis.thirdparty.io.netty.channel.AbstractChannel$AnnotatedConnectException: Connection refused: /192.168.36.69:46568
	at sun.nio.ch.SocketChannelImpl.checkConnect(Native Method)
	at sun.nio.ch.SocketChannelImpl.finishConnect(SocketChannelImpl.java:717)
	at org.apache.ratis.thirdparty.io.netty.channel.socket.nio.NioSocketChannel.doFinishConnect(NioSocketChannel.java:327)
	at org.apache.ratis.thirdparty.io.netty.channel.nio.AbstractNioChannel$AbstractNioUnsafe.finishConnect(AbstractNioChannel.java:340)
	at org.apache.ratis.thirdparty.io.netty.channel.nio.NioEventLoop.processSelectedKey(NioEventLoop.java:632)
	at org.apache.ratis.thirdparty.io.netty.channel.nio.NioEventLoop.processSelectedKeysOptimized(NioEventLoop.java:579)
	at org.apache.ratis.thirdparty.io.netty.channel.nio.NioEventLoop.processSelectedKeys(NioEventLoop.java:496)
	at org.apache.ratis.thirdparty.io.netty.channel.nio.NioEventLoop.run(NioEventLoop.java:458)
	at org.apache.ratis.thirdparty.io.netty.util.concurrent.SingleThreadEventExecutor$5.run(SingleThreadEventExecutor.java:897)
	at org.apache.ratis.thirdparty.io.netty.util.concurrent.FastThreadLocalRunnable.run(FastThreadLocalRunnable.java:30)
	... 1 more
Caused by: java.net.ConnectException: Connection refused
	... 11 more
2019-09-05 07:36:31,693 [cbc4e215-9e19-470f-b262-a66375af609e:group-275862EAF019:LeaderElection20] INFO  impl.LeaderElection (LogUtils.java:infoOrTrace(149)) - cbc4e215-9e19-470f-b262-a66375af609e:group-275862EAF019:LeaderElection20 got exception when requesting votes: {}
java.util.concurrent.ExecutionException: org.apache.ratis.thirdparty.io.grpc.StatusRuntimeException: UNAVAILABLE: io exception
	at java.util.concurrent.FutureTask.report(FutureTask.java:122)
	at java.util.concurrent.FutureTask.get(FutureTask.java:192)
	at org.apache.ratis.server.impl.LeaderElection.waitForResults(LeaderElection.java:262)
	at org.apache.ratis.server.impl.LeaderElection.askForVotes(LeaderElection.java:200)
	at org.apache.ratis.server.impl.LeaderElection.run(LeaderElection.java:130)
	at java.lang.Thread.run(Thread.java:748)
Caused by: org.apache.ratis.thirdparty.io.grpc.StatusRuntimeException: UNAVAILABLE: io exception
	at org.apache.ratis.thirdparty.io.grpc.stub.ClientCalls.toStatusRuntimeException(ClientCalls.java:233)
	at org.apache.ratis.thirdparty.io.grpc.stub.ClientCalls.getUnchecked(ClientCalls.java:214)
	at org.apache.ratis.thirdparty.io.grpc.stub.ClientCalls.blockingUnaryCall(ClientCalls.java:139)
	at org.apache.ratis.proto.grpc.RaftServerProtocolServiceGrpc$RaftServerProtocolServiceBlockingStub.requestVote(RaftServerProtocolServiceGrpc.java:265)
	at org.apache.ratis.grpc.server.GrpcServerProtocolClient.requestVote(GrpcServerProtocolClient.java:83)
	at org.apache.ratis.grpc.server.GrpcService.requestVote(GrpcService.java:195)
	at org.apache.ratis.server.impl.LeaderElection.lambda$submitRequests$1(LeaderElection.java:237)
	at java.util.concurrent.FutureTask.run(FutureTask.java:266)
	at java.util.concurrent.Executors$RunnableAdapter.call(Executors.java:511)
	at java.util.concurrent.FutureTask.run(FutureTask.java:266)
	at java.util.concurrent.ThreadPoolExecutor.runWorker(ThreadPoolExecutor.java:1149)
	at java.util.concurrent.ThreadPoolExecutor$Worker.run(ThreadPoolExecutor.java:624)
	... 1 more
Caused by: org.apache.ratis.thirdparty.io.netty.channel.AbstractChannel$AnnotatedConnectException: Connection refused: /192.168.36.69:43350
	at sun.nio.ch.SocketChannelImpl.checkConnect(Native Method)
	at sun.nio.ch.SocketChannelImpl.finishConnect(SocketChannelImpl.java:717)
	at org.apache.ratis.thirdparty.io.netty.channel.socket.nio.NioSocketChannel.doFinishConnect(NioSocketChannel.java:327)
	at org.apache.ratis.thirdparty.io.netty.channel.nio.AbstractNioChannel$AbstractNioUnsafe.finishConnect(AbstractNioChannel.java:340)
	at org.apache.ratis.thirdparty.io.netty.channel.nio.NioEventLoop.processSelectedKey(NioEventLoop.java:632)
	at org.apache.ratis.thirdparty.io.netty.channel.nio.NioEventLoop.processSelectedKeysOptimized(NioEventLoop.java:579)
	at org.apache.ratis.thirdparty.io.netty.channel.nio.NioEventLoop.processSelectedKeys(NioEventLoop.java:496)
	at org.apache.ratis.thirdparty.io.netty.channel.nio.NioEventLoop.run(NioEventLoop.java:458)
	at org.apache.ratis.thirdparty.io.netty.util.concurrent.SingleThreadEventExecutor$5.run(SingleThreadEventExecutor.java:897)
	at org.apache.ratis.thirdparty.io.netty.util.concurrent.FastThreadLocalRunnable.run(FastThreadLocalRunnable.java:30)
	... 1 more
Caused by: java.net.ConnectException: Connection refused
	... 11 more
2019-09-05 07:36:31,696 [cbc4e215-9e19-470f-b262-a66375af609e:group-275862EAF019:LeaderElection20] INFO  impl.LeaderElection (LeaderElection.java:logAndReturn(56)) - cbc4e215-9e19-470f-b262-a66375af609e:group-275862EAF019:LeaderElection20: Election REJECTED; received 0 response(s) [] and 2 exception(s); cbc4e215-9e19-470f-b262-a66375af609e:t9, leader=null, voted=cbc4e215-9e19-470f-b262-a66375af609e, raftlog=cbc4e215-9e19-470f-b262-a66375af609e-SegmentedRaftLog:OPENED:c15,f15,i15, conf=0: [216f763b-3e68-44a6-8a6b-4b7681664146:192.168.36.69:46568, 7a080ec0-19ca-4af1-b3b9-6aaba7a45b53:192.168.36.69:43350, cbc4e215-9e19-470f-b262-a66375af609e:192.168.36.69:44389], old=null
2019-09-05 07:36:31,696 [cbc4e215-9e19-470f-b262-a66375af609e:group-275862EAF019:LeaderElection20] INFO  impl.LeaderElection (LogUtils.java:infoOrTrace(149)) -   Exception 0: {}
java.util.concurrent.ExecutionException: org.apache.ratis.thirdparty.io.grpc.StatusRuntimeException: UNAVAILABLE: io exception
	at java.util.concurrent.FutureTask.report(FutureTask.java:122)
	at java.util.concurrent.FutureTask.get(FutureTask.java:192)
	at org.apache.ratis.server.impl.LeaderElection.waitForResults(LeaderElection.java:262)
	at org.apache.ratis.server.impl.LeaderElection.askForVotes(LeaderElection.java:200)
	at org.apache.ratis.server.impl.LeaderElection.run(LeaderElection.java:130)
	at java.lang.Thread.run(Thread.java:748)
Caused by: org.apache.ratis.thirdparty.io.grpc.StatusRuntimeException: UNAVAILABLE: io exception
	at org.apache.ratis.thirdparty.io.grpc.stub.ClientCalls.toStatusRuntimeException(ClientCalls.java:233)
	at org.apache.ratis.thirdparty.io.grpc.stub.ClientCalls.getUnchecked(ClientCalls.java:214)
	at org.apache.ratis.thirdparty.io.grpc.stub.ClientCalls.blockingUnaryCall(ClientCalls.java:139)
	at org.apache.ratis.proto.grpc.RaftServerProtocolServiceGrpc$RaftServerProtocolServiceBlockingStub.requestVote(RaftServerProtocolServiceGrpc.java:265)
	at org.apache.ratis.grpc.server.GrpcServerProtocolClient.requestVote(GrpcServerProtocolClient.java:83)
	at org.apache.ratis.grpc.server.GrpcService.requestVote(GrpcService.java:195)
	at org.apache.ratis.server.impl.LeaderElection.lambda$submitRequests$1(LeaderElection.java:237)
	at java.util.concurrent.FutureTask.run(FutureTask.java:266)
	at java.util.concurrent.Executors$RunnableAdapter.call(Executors.java:511)
	at java.util.concurrent.FutureTask.run(FutureTask.java:266)
	at java.util.concurrent.ThreadPoolExecutor.runWorker(ThreadPoolExecutor.java:1149)
	at java.util.concurrent.ThreadPoolExecutor$Worker.run(ThreadPoolExecutor.java:624)
	... 1 more
Caused by: org.apache.ratis.thirdparty.io.netty.channel.AbstractChannel$AnnotatedConnectException: Connection refused: /192.168.36.69:46568
	at sun.nio.ch.SocketChannelImpl.checkConnect(Native Method)
	at sun.nio.ch.SocketChannelImpl.finishConnect(SocketChannelImpl.java:717)
	at org.apache.ratis.thirdparty.io.netty.channel.socket.nio.NioSocketChannel.doFinishConnect(NioSocketChannel.java:327)
	at org.apache.ratis.thirdparty.io.netty.channel.nio.AbstractNioChannel$AbstractNioUnsafe.finishConnect(AbstractNioChannel.java:340)
	at org.apache.ratis.thirdparty.io.netty.channel.nio.NioEventLoop.processSelectedKey(NioEventLoop.java:632)
	at org.apache.ratis.thirdparty.io.netty.channel.nio.NioEventLoop.processSelectedKeysOptimized(NioEventLoop.java:579)
	at org.apache.ratis.thirdparty.io.netty.channel.nio.NioEventLoop.processSelectedKeys(NioEventLoop.java:496)
	at org.apache.ratis.thirdparty.io.netty.channel.nio.NioEventLoop.run(NioEventLoop.java:458)
	at org.apache.ratis.thirdparty.io.netty.util.concurrent.SingleThreadEventExecutor$5.run(SingleThreadEventExecutor.java:897)
	at org.apache.ratis.thirdparty.io.netty.util.concurrent.FastThreadLocalRunnable.run(FastThreadLocalRunnable.java:30)
	... 1 more
Caused by: java.net.ConnectException: Connection refused
	... 11 more
2019-09-05 07:36:31,696 [cbc4e215-9e19-470f-b262-a66375af609e:group-275862EAF019:LeaderElection20] INFO  impl.LeaderElection (LogUtils.java:infoOrTrace(149)) -   Exception 1: {}
java.util.concurrent.ExecutionException: org.apache.ratis.thirdparty.io.grpc.StatusRuntimeException: UNAVAILABLE: io exception
	at java.util.concurrent.FutureTask.report(FutureTask.java:122)
	at java.util.concurrent.FutureTask.get(FutureTask.java:192)
	at org.apache.ratis.server.impl.LeaderElection.waitForResults(LeaderElection.java:262)
	at org.apache.ratis.server.impl.LeaderElection.askForVotes(LeaderElection.java:200)
	at org.apache.ratis.server.impl.LeaderElection.run(LeaderElection.java:130)
	at java.lang.Thread.run(Thread.java:748)
Caused by: org.apache.ratis.thirdparty.io.grpc.StatusRuntimeException: UNAVAILABLE: io exception
	at org.apache.ratis.thirdparty.io.grpc.stub.ClientCalls.toStatusRuntimeException(ClientCalls.java:233)
	at org.apache.ratis.thirdparty.io.grpc.stub.ClientCalls.getUnchecked(ClientCalls.java:214)
	at org.apache.ratis.thirdparty.io.grpc.stub.ClientCalls.blockingUnaryCall(ClientCalls.java:139)
	at org.apache.ratis.proto.grpc.RaftServerProtocolServiceGrpc$RaftServerProtocolServiceBlockingStub.requestVote(RaftServerProtocolServiceGrpc.java:265)
	at org.apache.ratis.grpc.server.GrpcServerProtocolClient.requestVote(GrpcServerProtocolClient.java:83)
	at org.apache.ratis.grpc.server.GrpcService.requestVote(GrpcService.java:195)
	at org.apache.ratis.server.impl.LeaderElection.lambda$submitRequests$1(LeaderElection.java:237)
	at java.util.concurrent.FutureTask.run(FutureTask.java:266)
	at java.util.concurrent.Executors$RunnableAdapter.call(Executors.java:511)
	at java.util.concurrent.FutureTask.run(FutureTask.java:266)
	at java.util.concurrent.ThreadPoolExecutor.runWorker(ThreadPoolExecutor.java:1149)
	at java.util.concurrent.ThreadPoolExecutor$Worker.run(ThreadPoolExecutor.java:624)
	... 1 more
Caused by: org.apache.ratis.thirdparty.io.netty.channel.AbstractChannel$AnnotatedConnectException: Connection refused: /192.168.36.69:43350
	at sun.nio.ch.SocketChannelImpl.checkConnect(Native Method)
	at sun.nio.ch.SocketChannelImpl.finishConnect(SocketChannelImpl.java:717)
	at org.apache.ratis.thirdparty.io.netty.channel.socket.nio.NioSocketChannel.doFinishConnect(NioSocketChannel.java:327)
	at org.apache.ratis.thirdparty.io.netty.channel.nio.AbstractNioChannel$AbstractNioUnsafe.finishConnect(AbstractNioChannel.java:340)
	at org.apache.ratis.thirdparty.io.netty.channel.nio.NioEventLoop.processSelectedKey(NioEventLoop.java:632)
	at org.apache.ratis.thirdparty.io.netty.channel.nio.NioEventLoop.processSelectedKeysOptimized(NioEventLoop.java:579)
	at org.apache.ratis.thirdparty.io.netty.channel.nio.NioEventLoop.processSelectedKeys(NioEventLoop.java:496)
	at org.apache.ratis.thirdparty.io.netty.channel.nio.NioEventLoop.run(NioEventLoop.java:458)
	at org.apache.ratis.thirdparty.io.netty.util.concurrent.SingleThreadEventExecutor$5.run(SingleThreadEventExecutor.java:897)
	at org.apache.ratis.thirdparty.io.netty.util.concurrent.FastThreadLocalRunnable.run(FastThreadLocalRunnable.java:30)
	... 1 more
Caused by: java.net.ConnectException: Connection refused
	... 11 more
2019-09-05 07:36:31,697 [cbc4e215-9e19-470f-b262-a66375af609e:group-275862EAF019:LeaderElection20] INFO  impl.RaftServerImpl (RaftServerImpl.java:setRole(171)) - cbc4e215-9e19-470f-b262-a66375af609e:group-275862EAF019 changes role from CANDIDATE to FOLLOWER at term 9 for DISCOVERED_A_NEW_TERM
2019-09-05 07:36:31,699 [cbc4e215-9e19-470f-b262-a66375af609e:group-275862EAF019:LeaderElection20] INFO  impl.RoleInfo (RoleInfo.java:shutdownLeaderElection(134)) - cbc4e215-9e19-470f-b262-a66375af609e: shutdown LeaderElection
2019-09-05 07:36:31,700 [cbc4e215-9e19-470f-b262-a66375af609e:group-275862EAF019:LeaderElection20] INFO  impl.RoleInfo (RoleInfo.java:updateAndGet(143)) - cbc4e215-9e19-470f-b262-a66375af609e: start FollowerState
2019-09-05 07:36:31,704 | INFO  | SCMAudit | user=jenkins1000 | ip=192.168.36.69 | op=SEND_HEARTBEAT {datanodeUUID=d8846d25-1678-4df1-8bff-f38eb3492905, command=[]} | ret=SUCCESS |  
2019-09-05 07:36:31,870 | INFO  | SCMAudit | user=jenkins1000 | ip=192.168.36.69 | op=SEND_HEARTBEAT {datanodeUUID=cbc4e215-9e19-470f-b262-a66375af609e, command=[]} | ret=SUCCESS |  
2019-09-05 07:36:31,946 | INFO  | SCMAudit | user=jenkins1000 | ip=192.168.36.69 | op=SEND_HEARTBEAT {datanodeUUID=5822af17-ba6a-443c-803e-51bf9a574bd0, command=[]} | ret=SUCCESS |  
2019-09-05 07:36:32,251 | INFO  | SCMAudit | user=jenkins1000 | ip=192.168.36.69 | op=SEND_HEARTBEAT {datanodeUUID=618caef6-a8cd-4e5c-bc39-325bb83fc273, command=[]} | ret=SUCCESS |  
2019-09-05 07:36:32,460 | INFO  | SCMAudit | user=jenkins1000 | ip=192.168.36.69 | op=SEND_HEARTBEAT {datanodeUUID=017b796d-3321-494b-8d8c-e766a57787fe, command=[]} | ret=SUCCESS |  
2019-09-05 07:36:32,700 | INFO  | SCMAudit | user=jenkins1000 | ip=192.168.36.69 | op=SEND_HEARTBEAT {datanodeUUID=d8846d25-1678-4df1-8bff-f38eb3492905, command=[]} | ret=SUCCESS |  
2019-09-05 07:36:32,871 | INFO  | SCMAudit | user=jenkins1000 | ip=192.168.36.69 | op=SEND_HEARTBEAT {datanodeUUID=cbc4e215-9e19-470f-b262-a66375af609e, command=[]} | ret=SUCCESS |  
2019-09-05 07:36:32,946 | INFO  | SCMAudit | user=jenkins1000 | ip=192.168.36.69 | op=SEND_HEARTBEAT {datanodeUUID=5822af17-ba6a-443c-803e-51bf9a574bd0, command=[]} | ret=SUCCESS |  
2019-09-05 07:36:33,160 [grpc-default-executor-5] INFO  client.GrpcClientProtocolClient (GrpcClientProtocolClient.java:onNext(255)) - client-B40F40CC564F->cbc4e215-9e19-470f-b262-a66375af609e: receive RaftClientReply:client-B40F40CC564F->cbc4e215-9e19-470f-b262-a66375af609e@group-275862EAF019, cid=22, FAILED org.apache.ratis.protocol.NotLeaderException: Server cbc4e215-9e19-470f-b262-a66375af609e is not the leader (null). Request must be sent to leader., logIndex=0, commits[cbc4e215-9e19-470f-b262-a66375af609e:c15, 216f763b-3e68-44a6-8a6b-4b7681664146:c15, 7a080ec0-19ca-4af1-b3b9-6aaba7a45b53:c15]
2019-09-05 07:36:33,252 | INFO  | SCMAudit | user=jenkins1000 | ip=192.168.36.69 | op=SEND_HEARTBEAT {datanodeUUID=618caef6-a8cd-4e5c-bc39-325bb83fc273, command=[]} | ret=SUCCESS |  
2019-09-05 07:36:33,461 | INFO  | SCMAudit | user=jenkins1000 | ip=192.168.36.69 | op=SEND_HEARTBEAT {datanodeUUID=017b796d-3321-494b-8d8c-e766a57787fe, command=[]} | ret=SUCCESS |  
2019-09-05 07:36:33,700 | INFO  | SCMAudit | user=jenkins1000 | ip=192.168.36.69 | op=SEND_HEARTBEAT {datanodeUUID=d8846d25-1678-4df1-8bff-f38eb3492905, command=[]} | ret=SUCCESS |  
2019-09-05 07:36:33,872 | INFO  | SCMAudit | user=jenkins1000 | ip=192.168.36.69 | op=SEND_HEARTBEAT {datanodeUUID=cbc4e215-9e19-470f-b262-a66375af609e, command=[]} | ret=SUCCESS |  
2019-09-05 07:36:33,946 | INFO  | SCMAudit | user=jenkins1000 | ip=192.168.36.69 | op=SEND_HEARTBEAT {datanodeUUID=5822af17-ba6a-443c-803e-51bf9a574bd0, command=[]} | ret=SUCCESS |  
2019-09-05 07:36:34,251 | INFO  | SCMAudit | user=jenkins1000 | ip=192.168.36.69 | op=SEND_HEARTBEAT {datanodeUUID=618caef6-a8cd-4e5c-bc39-325bb83fc273, command=[]} | ret=SUCCESS |  
2019-09-05 07:36:34,461 | INFO  | SCMAudit | user=jenkins1000 | ip=192.168.36.69 | op=SEND_HEARTBEAT {datanodeUUID=017b796d-3321-494b-8d8c-e766a57787fe, command=[]} | ret=SUCCESS |  
2019-09-05 07:36:34,700 | INFO  | SCMAudit | user=jenkins1000 | ip=192.168.36.69 | op=SEND_HEARTBEAT {datanodeUUID=d8846d25-1678-4df1-8bff-f38eb3492905, command=[]} | ret=SUCCESS |  
2019-09-05 07:36:34,872 | INFO  | SCMAudit | user=jenkins1000 | ip=192.168.36.69 | op=SEND_HEARTBEAT {datanodeUUID=cbc4e215-9e19-470f-b262-a66375af609e, command=[]} | ret=SUCCESS |  
2019-09-05 07:36:34,946 | INFO  | SCMAudit | user=jenkins1000 | ip=192.168.36.69 | op=SEND_HEARTBEAT {datanodeUUID=5822af17-ba6a-443c-803e-51bf9a574bd0, command=[]} | ret=SUCCESS |  
2019-09-05 07:36:35,182 [grpc-default-executor-0] INFO  client.GrpcClientProtocolClient (GrpcClientProtocolClient.java:onNext(255)) - client-B40F40CC564F->cbc4e215-9e19-470f-b262-a66375af609e: receive RaftClientReply:client-B40F40CC564F->cbc4e215-9e19-470f-b262-a66375af609e@group-275862EAF019, cid=22, FAILED org.apache.ratis.protocol.NotLeaderException: Server cbc4e215-9e19-470f-b262-a66375af609e is not the leader (null). Request must be sent to leader., logIndex=0, commits[cbc4e215-9e19-470f-b262-a66375af609e:c15, 216f763b-3e68-44a6-8a6b-4b7681664146:c15, 7a080ec0-19ca-4af1-b3b9-6aaba7a45b53:c15]
2019-09-05 07:36:35,251 | INFO  | SCMAudit | user=jenkins1000 | ip=192.168.36.69 | op=SEND_HEARTBEAT {datanodeUUID=618caef6-a8cd-4e5c-bc39-325bb83fc273, command=[]} | ret=SUCCESS |  
2019-09-05 07:36:35,461 | INFO  | SCMAudit | user=jenkins1000 | ip=192.168.36.69 | op=SEND_HEARTBEAT {datanodeUUID=017b796d-3321-494b-8d8c-e766a57787fe, command=[]} | ret=SUCCESS |  
2019-09-05 07:36:35,701 | INFO  | SCMAudit | user=jenkins1000 | ip=192.168.36.69 | op=SEND_HEARTBEAT {datanodeUUID=d8846d25-1678-4df1-8bff-f38eb3492905, command=[]} | ret=SUCCESS |  
2019-09-05 07:36:35,873 | INFO  | SCMAudit | user=jenkins1000 | ip=192.168.36.69 | op=SEND_HEARTBEAT {datanodeUUID=cbc4e215-9e19-470f-b262-a66375af609e, command=[]} | ret=SUCCESS |  
2019-09-05 07:36:35,947 | INFO  | SCMAudit | user=jenkins1000 | ip=192.168.36.69 | op=SEND_HEARTBEAT {datanodeUUID=5822af17-ba6a-443c-803e-51bf9a574bd0, command=[]} | ret=SUCCESS |  
2019-09-05 07:36:36,251 | INFO  | SCMAudit | user=jenkins1000 | ip=192.168.36.69 | op=SEND_HEARTBEAT {datanodeUUID=618caef6-a8cd-4e5c-bc39-325bb83fc273, command=[]} | ret=SUCCESS |  
2019-09-05 07:36:36,461 | INFO  | SCMAudit | user=jenkins1000 | ip=192.168.36.69 | op=SEND_HEARTBEAT {datanodeUUID=017b796d-3321-494b-8d8c-e766a57787fe, command=[]} | ret=SUCCESS |  
2019-09-05 07:36:36,701 | INFO  | SCMAudit | user=jenkins1000 | ip=192.168.36.69 | op=SEND_HEARTBEAT {datanodeUUID=d8846d25-1678-4df1-8bff-f38eb3492905, command=[]} | ret=SUCCESS |  
2019-09-05 07:36:36,824 [Thread-570] INFO  impl.FollowerState (FollowerState.java:run(106)) - cbc4e215-9e19-470f-b262-a66375af609e:group-275862EAF019 changes to CANDIDATE, lastRpcTime:5124, electionTimeout:5122ms
2019-09-05 07:36:36,825 [Thread-570] INFO  impl.RoleInfo (RoleInfo.java:shutdownFollowerState(121)) - cbc4e215-9e19-470f-b262-a66375af609e: shutdown FollowerState
2019-09-05 07:36:36,825 [Thread-570] INFO  impl.RaftServerImpl (RaftServerImpl.java:setRole(171)) - cbc4e215-9e19-470f-b262-a66375af609e:group-275862EAF019 changes role from FOLLOWER to CANDIDATE at term 9 for changeToCandidate
2019-09-05 07:36:36,825 [Thread-570] INFO  impl.RoleInfo (RoleInfo.java:updateAndGet(143)) - cbc4e215-9e19-470f-b262-a66375af609e: start LeaderElection
2019-09-05 07:36:36,837 [cbc4e215-9e19-470f-b262-a66375af609e:group-275862EAF019:LeaderElection21] INFO  impl.LeaderElection (LeaderElection.java:askForVotes(181)) - cbc4e215-9e19-470f-b262-a66375af609e:group-275862EAF019:LeaderElection21: begin an election at term 10 for 0: [216f763b-3e68-44a6-8a6b-4b7681664146:192.168.36.69:46568, 7a080ec0-19ca-4af1-b3b9-6aaba7a45b53:192.168.36.69:43350, cbc4e215-9e19-470f-b262-a66375af609e:192.168.36.69:44389], old=null
2019-09-05 07:36:36,838 [cbc4e215-9e19-470f-b262-a66375af609e:group-275862EAF019:LeaderElection21] INFO  impl.LeaderElection (LogUtils.java:infoOrTrace(149)) - cbc4e215-9e19-470f-b262-a66375af609e:group-275862EAF019:LeaderElection21 got exception when requesting votes: {}
java.util.concurrent.ExecutionException: org.apache.ratis.thirdparty.io.grpc.StatusRuntimeException: UNAVAILABLE: io exception
	at java.util.concurrent.FutureTask.report(FutureTask.java:122)
	at java.util.concurrent.FutureTask.get(FutureTask.java:192)
	at org.apache.ratis.server.impl.LeaderElection.waitForResults(LeaderElection.java:262)
	at org.apache.ratis.server.impl.LeaderElection.askForVotes(LeaderElection.java:200)
	at org.apache.ratis.server.impl.LeaderElection.run(LeaderElection.java:130)
	at java.lang.Thread.run(Thread.java:748)
Caused by: org.apache.ratis.thirdparty.io.grpc.StatusRuntimeException: UNAVAILABLE: io exception
	at org.apache.ratis.thirdparty.io.grpc.stub.ClientCalls.toStatusRuntimeException(ClientCalls.java:233)
	at org.apache.ratis.thirdparty.io.grpc.stub.ClientCalls.getUnchecked(ClientCalls.java:214)
	at org.apache.ratis.thirdparty.io.grpc.stub.ClientCalls.blockingUnaryCall(ClientCalls.java:139)
	at org.apache.ratis.proto.grpc.RaftServerProtocolServiceGrpc$RaftServerProtocolServiceBlockingStub.requestVote(RaftServerProtocolServiceGrpc.java:265)
	at org.apache.ratis.grpc.server.GrpcServerProtocolClient.requestVote(GrpcServerProtocolClient.java:83)
	at org.apache.ratis.grpc.server.GrpcService.requestVote(GrpcService.java:195)
	at org.apache.ratis.server.impl.LeaderElection.lambda$submitRequests$1(LeaderElection.java:237)
	at java.util.concurrent.FutureTask.run(FutureTask.java:266)
	at java.util.concurrent.Executors$RunnableAdapter.call(Executors.java:511)
	at java.util.concurrent.FutureTask.run(FutureTask.java:266)
	at java.util.concurrent.ThreadPoolExecutor.runWorker(ThreadPoolExecutor.java:1149)
	at java.util.concurrent.ThreadPoolExecutor$Worker.run(ThreadPoolExecutor.java:624)
	... 1 more
Caused by: org.apache.ratis.thirdparty.io.netty.channel.AbstractChannel$AnnotatedConnectException: Connection refused: /192.168.36.69:46568
	at sun.nio.ch.SocketChannelImpl.checkConnect(Native Method)
	at sun.nio.ch.SocketChannelImpl.finishConnect(SocketChannelImpl.java:717)
	at org.apache.ratis.thirdparty.io.netty.channel.socket.nio.NioSocketChannel.doFinishConnect(NioSocketChannel.java:327)
	at org.apache.ratis.thirdparty.io.netty.channel.nio.AbstractNioChannel$AbstractNioUnsafe.finishConnect(AbstractNioChannel.java:340)
	at org.apache.ratis.thirdparty.io.netty.channel.nio.NioEventLoop.processSelectedKey(NioEventLoop.java:632)
	at org.apache.ratis.thirdparty.io.netty.channel.nio.NioEventLoop.processSelectedKeysOptimized(NioEventLoop.java:579)
	at org.apache.ratis.thirdparty.io.netty.channel.nio.NioEventLoop.processSelectedKeys(NioEventLoop.java:496)
	at org.apache.ratis.thirdparty.io.netty.channel.nio.NioEventLoop.run(NioEventLoop.java:458)
	at org.apache.ratis.thirdparty.io.netty.util.concurrent.SingleThreadEventExecutor$5.run(SingleThreadEventExecutor.java:897)
	at org.apache.ratis.thirdparty.io.netty.util.concurrent.FastThreadLocalRunnable.run(FastThreadLocalRunnable.java:30)
	... 1 more
Caused by: java.net.ConnectException: Connection refused
	... 11 more
2019-09-05 07:36:36,841 [cbc4e215-9e19-470f-b262-a66375af609e:group-275862EAF019:LeaderElection21] INFO  impl.LeaderElection (LogUtils.java:infoOrTrace(149)) - cbc4e215-9e19-470f-b262-a66375af609e:group-275862EAF019:LeaderElection21 got exception when requesting votes: {}
java.util.concurrent.ExecutionException: org.apache.ratis.thirdparty.io.grpc.StatusRuntimeException: UNAVAILABLE: io exception
	at java.util.concurrent.FutureTask.report(FutureTask.java:122)
	at java.util.concurrent.FutureTask.get(FutureTask.java:192)
	at org.apache.ratis.server.impl.LeaderElection.waitForResults(LeaderElection.java:262)
	at org.apache.ratis.server.impl.LeaderElection.askForVotes(LeaderElection.java:200)
	at org.apache.ratis.server.impl.LeaderElection.run(LeaderElection.java:130)
	at java.lang.Thread.run(Thread.java:748)
Caused by: org.apache.ratis.thirdparty.io.grpc.StatusRuntimeException: UNAVAILABLE: io exception
	at org.apache.ratis.thirdparty.io.grpc.stub.ClientCalls.toStatusRuntimeException(ClientCalls.java:233)
	at org.apache.ratis.thirdparty.io.grpc.stub.ClientCalls.getUnchecked(ClientCalls.java:214)
	at org.apache.ratis.thirdparty.io.grpc.stub.ClientCalls.blockingUnaryCall(ClientCalls.java:139)
	at org.apache.ratis.proto.grpc.RaftServerProtocolServiceGrpc$RaftServerProtocolServiceBlockingStub.requestVote(RaftServerProtocolServiceGrpc.java:265)
	at org.apache.ratis.grpc.server.GrpcServerProtocolClient.requestVote(GrpcServerProtocolClient.java:83)
	at org.apache.ratis.grpc.server.GrpcService.requestVote(GrpcService.java:195)
	at org.apache.ratis.server.impl.LeaderElection.lambda$submitRequests$1(LeaderElection.java:237)
	at java.util.concurrent.FutureTask.run(FutureTask.java:266)
	at java.util.concurrent.Executors$RunnableAdapter.call(Executors.java:511)
	at java.util.concurrent.FutureTask.run(FutureTask.java:266)
	at java.util.concurrent.ThreadPoolExecutor.runWorker(ThreadPoolExecutor.java:1149)
	at java.util.concurrent.ThreadPoolExecutor$Worker.run(ThreadPoolExecutor.java:624)
	... 1 more
Caused by: org.apache.ratis.thirdparty.io.netty.channel.AbstractChannel$AnnotatedConnectException: Connection refused: /192.168.36.69:43350
	at sun.nio.ch.SocketChannelImpl.checkConnect(Native Method)
	at sun.nio.ch.SocketChannelImpl.finishConnect(SocketChannelImpl.java:717)
	at org.apache.ratis.thirdparty.io.netty.channel.socket.nio.NioSocketChannel.doFinishConnect(NioSocketChannel.java:327)
	at org.apache.ratis.thirdparty.io.netty.channel.nio.AbstractNioChannel$AbstractNioUnsafe.finishConnect(AbstractNioChannel.java:340)
	at org.apache.ratis.thirdparty.io.netty.channel.nio.NioEventLoop.processSelectedKey(NioEventLoop.java:632)
	at org.apache.ratis.thirdparty.io.netty.channel.nio.NioEventLoop.processSelectedKeysOptimized(NioEventLoop.java:579)
	at org.apache.ratis.thirdparty.io.netty.channel.nio.NioEventLoop.processSelectedKeys(NioEventLoop.java:496)
	at org.apache.ratis.thirdparty.io.netty.channel.nio.NioEventLoop.run(NioEventLoop.java:458)
	at org.apache.ratis.thirdparty.io.netty.util.concurrent.SingleThreadEventExecutor$5.run(SingleThreadEventExecutor.java:897)
	at org.apache.ratis.thirdparty.io.netty.util.concurrent.FastThreadLocalRunnable.run(FastThreadLocalRunnable.java:30)
	... 1 more
Caused by: java.net.ConnectException: Connection refused
	... 11 more
2019-09-05 07:36:36,843 [cbc4e215-9e19-470f-b262-a66375af609e:group-275862EAF019:LeaderElection21] INFO  impl.LeaderElection (LeaderElection.java:logAndReturn(56)) - cbc4e215-9e19-470f-b262-a66375af609e:group-275862EAF019:LeaderElection21: Election REJECTED; received 0 response(s) [] and 2 exception(s); cbc4e215-9e19-470f-b262-a66375af609e:t10, leader=null, voted=cbc4e215-9e19-470f-b262-a66375af609e, raftlog=cbc4e215-9e19-470f-b262-a66375af609e-SegmentedRaftLog:OPENED:c15,f15,i15, conf=0: [216f763b-3e68-44a6-8a6b-4b7681664146:192.168.36.69:46568, 7a080ec0-19ca-4af1-b3b9-6aaba7a45b53:192.168.36.69:43350, cbc4e215-9e19-470f-b262-a66375af609e:192.168.36.69:44389], old=null
2019-09-05 07:36:36,843 [cbc4e215-9e19-470f-b262-a66375af609e:group-275862EAF019:LeaderElection21] INFO  impl.LeaderElection (LogUtils.java:infoOrTrace(149)) -   Exception 0: {}
java.util.concurrent.ExecutionException: org.apache.ratis.thirdparty.io.grpc.StatusRuntimeException: UNAVAILABLE: io exception
	at java.util.concurrent.FutureTask.report(FutureTask.java:122)
	at java.util.concurrent.FutureTask.get(FutureTask.java:192)
	at org.apache.ratis.server.impl.LeaderElection.waitForResults(LeaderElection.java:262)
	at org.apache.ratis.server.impl.LeaderElection.askForVotes(LeaderElection.java:200)
	at org.apache.ratis.server.impl.LeaderElection.run(LeaderElection.java:130)
	at java.lang.Thread.run(Thread.java:748)
Caused by: org.apache.ratis.thirdparty.io.grpc.StatusRuntimeException: UNAVAILABLE: io exception
	at org.apache.ratis.thirdparty.io.grpc.stub.ClientCalls.toStatusRuntimeException(ClientCalls.java:233)
	at org.apache.ratis.thirdparty.io.grpc.stub.ClientCalls.getUnchecked(ClientCalls.java:214)
	at org.apache.ratis.thirdparty.io.grpc.stub.ClientCalls.blockingUnaryCall(ClientCalls.java:139)
	at org.apache.ratis.proto.grpc.RaftServerProtocolServiceGrpc$RaftServerProtocolServiceBlockingStub.requestVote(RaftServerProtocolServiceGrpc.java:265)
	at org.apache.ratis.grpc.server.GrpcServerProtocolClient.requestVote(GrpcServerProtocolClient.java:83)
	at org.apache.ratis.grpc.server.GrpcService.requestVote(GrpcService.java:195)
	at org.apache.ratis.server.impl.LeaderElection.lambda$submitRequests$1(LeaderElection.java:237)
	at java.util.concurrent.FutureTask.run(FutureTask.java:266)
	at java.util.concurrent.Executors$RunnableAdapter.call(Executors.java:511)
	at java.util.concurrent.FutureTask.run(FutureTask.java:266)
	at java.util.concurrent.ThreadPoolExecutor.runWorker(ThreadPoolExecutor.java:1149)
	at java.util.concurrent.ThreadPoolExecutor$Worker.run(ThreadPoolExecutor.java:624)
	... 1 more
Caused by: org.apache.ratis.thirdparty.io.netty.channel.AbstractChannel$AnnotatedConnectException: Connection refused: /192.168.36.69:46568
	at sun.nio.ch.SocketChannelImpl.checkConnect(Native Method)
	at sun.nio.ch.SocketChannelImpl.finishConnect(SocketChannelImpl.java:717)
	at org.apache.ratis.thirdparty.io.netty.channel.socket.nio.NioSocketChannel.doFinishConnect(NioSocketChannel.java:327)
	at org.apache.ratis.thirdparty.io.netty.channel.nio.AbstractNioChannel$AbstractNioUnsafe.finishConnect(AbstractNioChannel.java:340)
	at org.apache.ratis.thirdparty.io.netty.channel.nio.NioEventLoop.processSelectedKey(NioEventLoop.java:632)
	at org.apache.ratis.thirdparty.io.netty.channel.nio.NioEventLoop.processSelectedKeysOptimized(NioEventLoop.java:579)
	at org.apache.ratis.thirdparty.io.netty.channel.nio.NioEventLoop.processSelectedKeys(NioEventLoop.java:496)
	at org.apache.ratis.thirdparty.io.netty.channel.nio.NioEventLoop.run(NioEventLoop.java:458)
	at org.apache.ratis.thirdparty.io.netty.util.concurrent.SingleThreadEventExecutor$5.run(SingleThreadEventExecutor.java:897)
	at org.apache.ratis.thirdparty.io.netty.util.concurrent.FastThreadLocalRunnable.run(FastThreadLocalRunnable.java:30)
	... 1 more
Caused by: java.net.ConnectException: Connection refused
	... 11 more
2019-09-05 07:36:36,843 [cbc4e215-9e19-470f-b262-a66375af609e:group-275862EAF019:LeaderElection21] INFO  impl.LeaderElection (LogUtils.java:infoOrTrace(149)) -   Exception 1: {}
java.util.concurrent.ExecutionException: org.apache.ratis.thirdparty.io.grpc.StatusRuntimeException: UNAVAILABLE: io exception
	at java.util.concurrent.FutureTask.report(FutureTask.java:122)
	at java.util.concurrent.FutureTask.get(FutureTask.java:192)
	at org.apache.ratis.server.impl.LeaderElection.waitForResults(LeaderElection.java:262)
	at org.apache.ratis.server.impl.LeaderElection.askForVotes(LeaderElection.java:200)
	at org.apache.ratis.server.impl.LeaderElection.run(LeaderElection.java:130)
	at java.lang.Thread.run(Thread.java:748)
Caused by: org.apache.ratis.thirdparty.io.grpc.StatusRuntimeException: UNAVAILABLE: io exception
	at org.apache.ratis.thirdparty.io.grpc.stub.ClientCalls.toStatusRuntimeException(ClientCalls.java:233)
	at org.apache.ratis.thirdparty.io.grpc.stub.ClientCalls.getUnchecked(ClientCalls.java:214)
	at org.apache.ratis.thirdparty.io.grpc.stub.ClientCalls.blockingUnaryCall(ClientCalls.java:139)
	at org.apache.ratis.proto.grpc.RaftServerProtocolServiceGrpc$RaftServerProtocolServiceBlockingStub.requestVote(RaftServerProtocolServiceGrpc.java:265)
	at org.apache.ratis.grpc.server.GrpcServerProtocolClient.requestVote(GrpcServerProtocolClient.java:83)
	at org.apache.ratis.grpc.server.GrpcService.requestVote(GrpcService.java:195)
	at org.apache.ratis.server.impl.LeaderElection.lambda$submitRequests$1(LeaderElection.java:237)
	at java.util.concurrent.FutureTask.run(FutureTask.java:266)
	at java.util.concurrent.Executors$RunnableAdapter.call(Executors.java:511)
	at java.util.concurrent.FutureTask.run(FutureTask.java:266)
	at java.util.concurrent.ThreadPoolExecutor.runWorker(ThreadPoolExecutor.java:1149)
	at java.util.concurrent.ThreadPoolExecutor$Worker.run(ThreadPoolExecutor.java:624)
	... 1 more
Caused by: org.apache.ratis.thirdparty.io.netty.channel.AbstractChannel$AnnotatedConnectException: Connection refused: /192.168.36.69:43350
	at sun.nio.ch.SocketChannelImpl.checkConnect(Native Method)
	at sun.nio.ch.SocketChannelImpl.finishConnect(SocketChannelImpl.java:717)
	at org.apache.ratis.thirdparty.io.netty.channel.socket.nio.NioSocketChannel.doFinishConnect(NioSocketChannel.java:327)
	at org.apache.ratis.thirdparty.io.netty.channel.nio.AbstractNioChannel$AbstractNioUnsafe.finishConnect(AbstractNioChannel.java:340)
	at org.apache.ratis.thirdparty.io.netty.channel.nio.NioEventLoop.processSelectedKey(NioEventLoop.java:632)
	at org.apache.ratis.thirdparty.io.netty.channel.nio.NioEventLoop.processSelectedKeysOptimized(NioEventLoop.java:579)
	at org.apache.ratis.thirdparty.io.netty.channel.nio.NioEventLoop.processSelectedKeys(NioEventLoop.java:496)
	at org.apache.ratis.thirdparty.io.netty.channel.nio.NioEventLoop.run(NioEventLoop.java:458)
	at org.apache.ratis.thirdparty.io.netty.util.concurrent.SingleThreadEventExecutor$5.run(SingleThreadEventExecutor.java:897)
	at org.apache.ratis.thirdparty.io.netty.util.concurrent.FastThreadLocalRunnable.run(FastThreadLocalRunnable.java:30)
	... 1 more
Caused by: java.net.ConnectException: Connection refused
	... 11 more
2019-09-05 07:36:36,844 [cbc4e215-9e19-470f-b262-a66375af609e:group-275862EAF019:LeaderElection21] INFO  impl.RaftServerImpl (RaftServerImpl.java:setRole(171)) - cbc4e215-9e19-470f-b262-a66375af609e:group-275862EAF019 changes role from CANDIDATE to FOLLOWER at term 10 for DISCOVERED_A_NEW_TERM
2019-09-05 07:36:36,848 [cbc4e215-9e19-470f-b262-a66375af609e:group-275862EAF019:LeaderElection21] INFO  impl.RoleInfo (RoleInfo.java:shutdownLeaderElection(134)) - cbc4e215-9e19-470f-b262-a66375af609e: shutdown LeaderElection
2019-09-05 07:36:36,848 [cbc4e215-9e19-470f-b262-a66375af609e:group-275862EAF019:LeaderElection21] INFO  impl.RoleInfo (RoleInfo.java:updateAndGet(143)) - cbc4e215-9e19-470f-b262-a66375af609e: start FollowerState
2019-09-05 07:36:36,872 | INFO  | SCMAudit | user=jenkins1000 | ip=192.168.36.69 | op=SEND_HEARTBEAT {datanodeUUID=cbc4e215-9e19-470f-b262-a66375af609e, command=[]} | ret=SUCCESS |  
2019-09-05 07:36:36,947 | INFO  | SCMAudit | user=jenkins1000 | ip=192.168.36.69 | op=SEND_HEARTBEAT {datanodeUUID=5822af17-ba6a-443c-803e-51bf9a574bd0, command=[]} | ret=SUCCESS |  
2019-09-05 07:36:37,197 [grpc-default-executor-5] INFO  client.GrpcClientProtocolClient (GrpcClientProtocolClient.java:onNext(255)) - client-B40F40CC564F->cbc4e215-9e19-470f-b262-a66375af609e: receive RaftClientReply:client-B40F40CC564F->cbc4e215-9e19-470f-b262-a66375af609e@group-275862EAF019, cid=22, FAILED org.apache.ratis.protocol.NotLeaderException: Server cbc4e215-9e19-470f-b262-a66375af609e is not the leader (null). Request must be sent to leader., logIndex=0, commits[cbc4e215-9e19-470f-b262-a66375af609e:c15, 216f763b-3e68-44a6-8a6b-4b7681664146:c15, 7a080ec0-19ca-4af1-b3b9-6aaba7a45b53:c15]
2019-09-05 07:36:37,251 | INFO  | SCMAudit | user=jenkins1000 | ip=192.168.36.69 | op=SEND_HEARTBEAT {datanodeUUID=618caef6-a8cd-4e5c-bc39-325bb83fc273, command=[]} | ret=SUCCESS |  
2019-09-05 07:36:37,460 | INFO  | SCMAudit | user=jenkins1000 | ip=192.168.36.69 | op=SEND_HEARTBEAT {datanodeUUID=017b796d-3321-494b-8d8c-e766a57787fe, command=[]} | ret=SUCCESS |  
2019-09-05 07:36:37,701 | INFO  | SCMAudit | user=jenkins1000 | ip=192.168.36.69 | op=SEND_HEARTBEAT {datanodeUUID=d8846d25-1678-4df1-8bff-f38eb3492905, command=[]} | ret=SUCCESS |  
2019-09-05 07:36:37,873 | INFO  | SCMAudit | user=jenkins1000 | ip=192.168.36.69 | op=SEND_HEARTBEAT {datanodeUUID=cbc4e215-9e19-470f-b262-a66375af609e, command=[]} | ret=SUCCESS |  
2019-09-05 07:36:37,946 | INFO  | SCMAudit | user=jenkins1000 | ip=192.168.36.69 | op=SEND_HEARTBEAT {datanodeUUID=5822af17-ba6a-443c-803e-51bf9a574bd0, command=[]} | ret=SUCCESS |  
2019-09-05 07:36:38,251 | INFO  | SCMAudit | user=jenkins1000 | ip=192.168.36.69 | op=SEND_HEARTBEAT {datanodeUUID=618caef6-a8cd-4e5c-bc39-325bb83fc273, command=[]} | ret=SUCCESS |  
2019-09-05 07:36:38,461 | INFO  | SCMAudit | user=jenkins1000 | ip=192.168.36.69 | op=SEND_HEARTBEAT {datanodeUUID=017b796d-3321-494b-8d8c-e766a57787fe, command=[]} | ret=SUCCESS |  
2019-09-05 07:36:38,701 | INFO  | SCMAudit | user=jenkins1000 | ip=192.168.36.69 | op=SEND_HEARTBEAT {datanodeUUID=d8846d25-1678-4df1-8bff-f38eb3492905, command=[]} | ret=SUCCESS |  
2019-09-05 07:36:38,872 | INFO  | SCMAudit | user=jenkins1000 | ip=192.168.36.69 | op=SEND_HEARTBEAT {datanodeUUID=cbc4e215-9e19-470f-b262-a66375af609e, command=[]} | ret=SUCCESS |  
2019-09-05 07:36:38,947 | INFO  | SCMAudit | user=jenkins1000 | ip=192.168.36.69 | op=SEND_HEARTBEAT {datanodeUUID=5822af17-ba6a-443c-803e-51bf9a574bd0, command=[]} | ret=SUCCESS |  
2019-09-05 07:36:39,251 | INFO  | SCMAudit | user=jenkins1000 | ip=192.168.36.69 | op=SEND_HEARTBEAT {datanodeUUID=618caef6-a8cd-4e5c-bc39-325bb83fc273, command=[]} | ret=SUCCESS |  
2019-09-05 07:36:39,461 | INFO  | SCMAudit | user=jenkins1000 | ip=192.168.36.69 | op=SEND_HEARTBEAT {datanodeUUID=017b796d-3321-494b-8d8c-e766a57787fe, command=[]} | ret=SUCCESS |  
2019-09-05 07:36:39,701 | INFO  | SCMAudit | user=jenkins1000 | ip=192.168.36.69 | op=SEND_HEARTBEAT {datanodeUUID=d8846d25-1678-4df1-8bff-f38eb3492905, command=[]} | ret=SUCCESS |  
2019-09-05 07:36:39,873 | INFO  | SCMAudit | user=jenkins1000 | ip=192.168.36.69 | op=SEND_HEARTBEAT {datanodeUUID=cbc4e215-9e19-470f-b262-a66375af609e, command=[]} | ret=SUCCESS |  
2019-09-05 07:36:39,947 | INFO  | SCMAudit | user=jenkins1000 | ip=192.168.36.69 | op=SEND_HEARTBEAT {datanodeUUID=5822af17-ba6a-443c-803e-51bf9a574bd0, command=[]} | ret=SUCCESS |  
2019-09-05 07:36:40,213 [grpc-default-executor-4] INFO  client.GrpcClientProtocolClient (GrpcClientProtocolClient.java:onNext(255)) - client-B40F40CC564F->cbc4e215-9e19-470f-b262-a66375af609e: receive RaftClientReply:client-B40F40CC564F->cbc4e215-9e19-470f-b262-a66375af609e@group-275862EAF019, cid=22, FAILED org.apache.ratis.protocol.NotLeaderException: Server cbc4e215-9e19-470f-b262-a66375af609e is not the leader (null). Request must be sent to leader., logIndex=0, commits[cbc4e215-9e19-470f-b262-a66375af609e:c15, 216f763b-3e68-44a6-8a6b-4b7681664146:c15, 7a080ec0-19ca-4af1-b3b9-6aaba7a45b53:c15]
2019-09-05 07:36:40,250 | INFO  | SCMAudit | user=jenkins1000 | ip=192.168.36.69 | op=SEND_HEARTBEAT {datanodeUUID=618caef6-a8cd-4e5c-bc39-325bb83fc273, command=[]} | ret=SUCCESS |  
2019-09-05 07:36:40,461 | INFO  | SCMAudit | user=jenkins1000 | ip=192.168.36.69 | op=SEND_HEARTBEAT {datanodeUUID=017b796d-3321-494b-8d8c-e766a57787fe, command=[]} | ret=SUCCESS |  
2019-09-05 07:36:40,701 | INFO  | SCMAudit | user=jenkins1000 | ip=192.168.36.69 | op=SEND_HEARTBEAT {datanodeUUID=d8846d25-1678-4df1-8bff-f38eb3492905, command=[]} | ret=SUCCESS |  
2019-09-05 07:36:40,873 | INFO  | SCMAudit | user=jenkins1000 | ip=192.168.36.69 | op=SEND_HEARTBEAT {datanodeUUID=cbc4e215-9e19-470f-b262-a66375af609e, command=[]} | ret=SUCCESS |  
2019-09-05 07:36:40,946 | INFO  | SCMAudit | user=jenkins1000 | ip=192.168.36.69 | op=SEND_HEARTBEAT {datanodeUUID=5822af17-ba6a-443c-803e-51bf9a574bd0, command=[]} | ret=SUCCESS |  
2019-09-05 07:36:41,253 | INFO  | SCMAudit | user=jenkins1000 | ip=192.168.36.69 | op=SEND_HEARTBEAT {datanodeUUID=618caef6-a8cd-4e5c-bc39-325bb83fc273, command=[]} | ret=SUCCESS |  
2019-09-05 07:36:41,462 | INFO  | SCMAudit | user=jenkins1000 | ip=192.168.36.69 | op=SEND_HEARTBEAT {datanodeUUID=017b796d-3321-494b-8d8c-e766a57787fe, command=[]} | ret=SUCCESS |  
2019-09-05 07:36:41,711 | INFO  | SCMAudit | user=jenkins1000 | ip=192.168.36.69 | op=SEND_HEARTBEAT {datanodeUUID=d8846d25-1678-4df1-8bff-f38eb3492905, command=[]} | ret=SUCCESS |  
2019-09-05 07:36:41,873 | INFO  | SCMAudit | user=jenkins1000 | ip=192.168.36.69 | op=SEND_HEARTBEAT {datanodeUUID=cbc4e215-9e19-470f-b262-a66375af609e, command=[]} | ret=SUCCESS |  
2019-09-05 07:36:41,947 | INFO  | SCMAudit | user=jenkins1000 | ip=192.168.36.69 | op=SEND_HEARTBEAT {datanodeUUID=5822af17-ba6a-443c-803e-51bf9a574bd0, command=[]} | ret=SUCCESS |  
2019-09-05 07:36:42,039 [Thread-590] INFO  impl.FollowerState (FollowerState.java:run(106)) - cbc4e215-9e19-470f-b262-a66375af609e:group-275862EAF019 changes to CANDIDATE, lastRpcTime:5191, electionTimeout:5189ms
2019-09-05 07:36:42,040 [Thread-590] INFO  impl.RoleInfo (RoleInfo.java:shutdownFollowerState(121)) - cbc4e215-9e19-470f-b262-a66375af609e: shutdown FollowerState
2019-09-05 07:36:42,040 [Thread-590] INFO  impl.RaftServerImpl (RaftServerImpl.java:setRole(171)) - cbc4e215-9e19-470f-b262-a66375af609e:group-275862EAF019 changes role from FOLLOWER to CANDIDATE at term 10 for changeToCandidate
2019-09-05 07:36:42,040 [Thread-590] INFO  impl.RoleInfo (RoleInfo.java:updateAndGet(143)) - cbc4e215-9e19-470f-b262-a66375af609e: start LeaderElection
2019-09-05 07:36:42,080 [cbc4e215-9e19-470f-b262-a66375af609e:group-275862EAF019:LeaderElection22] INFO  impl.LeaderElection (LeaderElection.java:askForVotes(181)) - cbc4e215-9e19-470f-b262-a66375af609e:group-275862EAF019:LeaderElection22: begin an election at term 11 for 0: [216f763b-3e68-44a6-8a6b-4b7681664146:192.168.36.69:46568, 7a080ec0-19ca-4af1-b3b9-6aaba7a45b53:192.168.36.69:43350, cbc4e215-9e19-470f-b262-a66375af609e:192.168.36.69:44389], old=null
2019-09-05 07:36:42,081 [cbc4e215-9e19-470f-b262-a66375af609e:group-275862EAF019:LeaderElection22] INFO  impl.LeaderElection (LogUtils.java:infoOrTrace(149)) - cbc4e215-9e19-470f-b262-a66375af609e:group-275862EAF019:LeaderElection22 got exception when requesting votes: {}
java.util.concurrent.ExecutionException: org.apache.ratis.thirdparty.io.grpc.StatusRuntimeException: UNAVAILABLE: io exception
	at java.util.concurrent.FutureTask.report(FutureTask.java:122)
	at java.util.concurrent.FutureTask.get(FutureTask.java:192)
	at org.apache.ratis.server.impl.LeaderElection.waitForResults(LeaderElection.java:262)
	at org.apache.ratis.server.impl.LeaderElection.askForVotes(LeaderElection.java:200)
	at org.apache.ratis.server.impl.LeaderElection.run(LeaderElection.java:130)
	at java.lang.Thread.run(Thread.java:748)
Caused by: org.apache.ratis.thirdparty.io.grpc.StatusRuntimeException: UNAVAILABLE: io exception
	at org.apache.ratis.thirdparty.io.grpc.stub.ClientCalls.toStatusRuntimeException(ClientCalls.java:233)
	at org.apache.ratis.thirdparty.io.grpc.stub.ClientCalls.getUnchecked(ClientCalls.java:214)
	at org.apache.ratis.thirdparty.io.grpc.stub.ClientCalls.blockingUnaryCall(ClientCalls.java:139)
	at org.apache.ratis.proto.grpc.RaftServerProtocolServiceGrpc$RaftServerProtocolServiceBlockingStub.requestVote(RaftServerProtocolServiceGrpc.java:265)
	at org.apache.ratis.grpc.server.GrpcServerProtocolClient.requestVote(GrpcServerProtocolClient.java:83)
	at org.apache.ratis.grpc.server.GrpcService.requestVote(GrpcService.java:195)
	at org.apache.ratis.server.impl.LeaderElection.lambda$submitRequests$1(LeaderElection.java:237)
	at java.util.concurrent.FutureTask.run(FutureTask.java:266)
	at java.util.concurrent.Executors$RunnableAdapter.call(Executors.java:511)
	at java.util.concurrent.FutureTask.run(FutureTask.java:266)
	at java.util.concurrent.ThreadPoolExecutor.runWorker(ThreadPoolExecutor.java:1149)
	at java.util.concurrent.ThreadPoolExecutor$Worker.run(ThreadPoolExecutor.java:624)
	... 1 more
Caused by: org.apache.ratis.thirdparty.io.netty.channel.AbstractChannel$AnnotatedConnectException: Connection refused: /192.168.36.69:43350
	at sun.nio.ch.SocketChannelImpl.checkConnect(Native Method)
	at sun.nio.ch.SocketChannelImpl.finishConnect(SocketChannelImpl.java:717)
	at org.apache.ratis.thirdparty.io.netty.channel.socket.nio.NioSocketChannel.doFinishConnect(NioSocketChannel.java:327)
	at org.apache.ratis.thirdparty.io.netty.channel.nio.AbstractNioChannel$AbstractNioUnsafe.finishConnect(AbstractNioChannel.java:340)
	at org.apache.ratis.thirdparty.io.netty.channel.nio.NioEventLoop.processSelectedKey(NioEventLoop.java:632)
	at org.apache.ratis.thirdparty.io.netty.channel.nio.NioEventLoop.processSelectedKeysOptimized(NioEventLoop.java:579)
	at org.apache.ratis.thirdparty.io.netty.channel.nio.NioEventLoop.processSelectedKeys(NioEventLoop.java:496)
	at org.apache.ratis.thirdparty.io.netty.channel.nio.NioEventLoop.run(NioEventLoop.java:458)
	at org.apache.ratis.thirdparty.io.netty.util.concurrent.SingleThreadEventExecutor$5.run(SingleThreadEventExecutor.java:897)
	at org.apache.ratis.thirdparty.io.netty.util.concurrent.FastThreadLocalRunnable.run(FastThreadLocalRunnable.java:30)
	... 1 more
Caused by: java.net.ConnectException: Connection refused
	... 11 more
2019-09-05 07:36:42,085 [cbc4e215-9e19-470f-b262-a66375af609e:group-275862EAF019:LeaderElection22] INFO  impl.LeaderElection (LogUtils.java:infoOrTrace(149)) - cbc4e215-9e19-470f-b262-a66375af609e:group-275862EAF019:LeaderElection22 got exception when requesting votes: {}
java.util.concurrent.ExecutionException: org.apache.ratis.thirdparty.io.grpc.StatusRuntimeException: UNAVAILABLE: io exception
	at java.util.concurrent.FutureTask.report(FutureTask.java:122)
	at java.util.concurrent.FutureTask.get(FutureTask.java:192)
	at org.apache.ratis.server.impl.LeaderElection.waitForResults(LeaderElection.java:262)
	at org.apache.ratis.server.impl.LeaderElection.askForVotes(LeaderElection.java:200)
	at org.apache.ratis.server.impl.LeaderElection.run(LeaderElection.java:130)
	at java.lang.Thread.run(Thread.java:748)
Caused by: org.apache.ratis.thirdparty.io.grpc.StatusRuntimeException: UNAVAILABLE: io exception
	at org.apache.ratis.thirdparty.io.grpc.stub.ClientCalls.toStatusRuntimeException(ClientCalls.java:233)
	at org.apache.ratis.thirdparty.io.grpc.stub.ClientCalls.getUnchecked(ClientCalls.java:214)
	at org.apache.ratis.thirdparty.io.grpc.stub.ClientCalls.blockingUnaryCall(ClientCalls.java:139)
	at org.apache.ratis.proto.grpc.RaftServerProtocolServiceGrpc$RaftServerProtocolServiceBlockingStub.requestVote(RaftServerProtocolServiceGrpc.java:265)
	at org.apache.ratis.grpc.server.GrpcServerProtocolClient.requestVote(GrpcServerProtocolClient.java:83)
	at org.apache.ratis.grpc.server.GrpcService.requestVote(GrpcService.java:195)
	at org.apache.ratis.server.impl.LeaderElection.lambda$submitRequests$1(LeaderElection.java:237)
	at java.util.concurrent.FutureTask.run(FutureTask.java:266)
	at java.util.concurrent.Executors$RunnableAdapter.call(Executors.java:511)
	at java.util.concurrent.FutureTask.run(FutureTask.java:266)
	at java.util.concurrent.ThreadPoolExecutor.runWorker(ThreadPoolExecutor.java:1149)
	at java.util.concurrent.ThreadPoolExecutor$Worker.run(ThreadPoolExecutor.java:624)
	... 1 more
Caused by: org.apache.ratis.thirdparty.io.netty.channel.AbstractChannel$AnnotatedConnectException: Connection refused: /192.168.36.69:46568
	at sun.nio.ch.SocketChannelImpl.checkConnect(Native Method)
	at sun.nio.ch.SocketChannelImpl.finishConnect(SocketChannelImpl.java:717)
	at org.apache.ratis.thirdparty.io.netty.channel.socket.nio.NioSocketChannel.doFinishConnect(NioSocketChannel.java:327)
	at org.apache.ratis.thirdparty.io.netty.channel.nio.AbstractNioChannel$AbstractNioUnsafe.finishConnect(AbstractNioChannel.java:340)
	at org.apache.ratis.thirdparty.io.netty.channel.nio.NioEventLoop.processSelectedKey(NioEventLoop.java:632)
	at org.apache.ratis.thirdparty.io.netty.channel.nio.NioEventLoop.processSelectedKeysOptimized(NioEventLoop.java:579)
	at org.apache.ratis.thirdparty.io.netty.channel.nio.NioEventLoop.processSelectedKeys(NioEventLoop.java:496)
	at org.apache.ratis.thirdparty.io.netty.channel.nio.NioEventLoop.run(NioEventLoop.java:458)
	at org.apache.ratis.thirdparty.io.netty.util.concurrent.SingleThreadEventExecutor$5.run(SingleThreadEventExecutor.java:897)
	at org.apache.ratis.thirdparty.io.netty.util.concurrent.FastThreadLocalRunnable.run(FastThreadLocalRunnable.java:30)
	... 1 more
Caused by: java.net.ConnectException: Connection refused
	... 11 more
2019-09-05 07:36:42,096 [cbc4e215-9e19-470f-b262-a66375af609e:group-275862EAF019:LeaderElection22] INFO  impl.LeaderElection (LeaderElection.java:logAndReturn(56)) - cbc4e215-9e19-470f-b262-a66375af609e:group-275862EAF019:LeaderElection22: Election REJECTED; received 0 response(s) [] and 2 exception(s); cbc4e215-9e19-470f-b262-a66375af609e:t11, leader=null, voted=cbc4e215-9e19-470f-b262-a66375af609e, raftlog=cbc4e215-9e19-470f-b262-a66375af609e-SegmentedRaftLog:OPENED:c15,f15,i15, conf=0: [216f763b-3e68-44a6-8a6b-4b7681664146:192.168.36.69:46568, 7a080ec0-19ca-4af1-b3b9-6aaba7a45b53:192.168.36.69:43350, cbc4e215-9e19-470f-b262-a66375af609e:192.168.36.69:44389], old=null
2019-09-05 07:36:42,096 [cbc4e215-9e19-470f-b262-a66375af609e:group-275862EAF019:LeaderElection22] INFO  impl.LeaderElection (LogUtils.java:infoOrTrace(149)) -   Exception 0: {}
java.util.concurrent.ExecutionException: org.apache.ratis.thirdparty.io.grpc.StatusRuntimeException: UNAVAILABLE: io exception
	at java.util.concurrent.FutureTask.report(FutureTask.java:122)
	at java.util.concurrent.FutureTask.get(FutureTask.java:192)
	at org.apache.ratis.server.impl.LeaderElection.waitForResults(LeaderElection.java:262)
	at org.apache.ratis.server.impl.LeaderElection.askForVotes(LeaderElection.java:200)
	at org.apache.ratis.server.impl.LeaderElection.run(LeaderElection.java:130)
	at java.lang.Thread.run(Thread.java:748)
Caused by: org.apache.ratis.thirdparty.io.grpc.StatusRuntimeException: UNAVAILABLE: io exception
	at org.apache.ratis.thirdparty.io.grpc.stub.ClientCalls.toStatusRuntimeException(ClientCalls.java:233)
	at org.apache.ratis.thirdparty.io.grpc.stub.ClientCalls.getUnchecked(ClientCalls.java:214)
	at org.apache.ratis.thirdparty.io.grpc.stub.ClientCalls.blockingUnaryCall(ClientCalls.java:139)
	at org.apache.ratis.proto.grpc.RaftServerProtocolServiceGrpc$RaftServerProtocolServiceBlockingStub.requestVote(RaftServerProtocolServiceGrpc.java:265)
	at org.apache.ratis.grpc.server.GrpcServerProtocolClient.requestVote(GrpcServerProtocolClient.java:83)
	at org.apache.ratis.grpc.server.GrpcService.requestVote(GrpcService.java:195)
	at org.apache.ratis.server.impl.LeaderElection.lambda$submitRequests$1(LeaderElection.java:237)
	at java.util.concurrent.FutureTask.run(FutureTask.java:266)
	at java.util.concurrent.Executors$RunnableAdapter.call(Executors.java:511)
	at java.util.concurrent.FutureTask.run(FutureTask.java:266)
	at java.util.concurrent.ThreadPoolExecutor.runWorker(ThreadPoolExecutor.java:1149)
	at java.util.concurrent.ThreadPoolExecutor$Worker.run(ThreadPoolExecutor.java:624)
	... 1 more
Caused by: org.apache.ratis.thirdparty.io.netty.channel.AbstractChannel$AnnotatedConnectException: Connection refused: /192.168.36.69:43350
	at sun.nio.ch.SocketChannelImpl.checkConnect(Native Method)
	at sun.nio.ch.SocketChannelImpl.finishConnect(SocketChannelImpl.java:717)
	at org.apache.ratis.thirdparty.io.netty.channel.socket.nio.NioSocketChannel.doFinishConnect(NioSocketChannel.java:327)
	at org.apache.ratis.thirdparty.io.netty.channel.nio.AbstractNioChannel$AbstractNioUnsafe.finishConnect(AbstractNioChannel.java:340)
	at org.apache.ratis.thirdparty.io.netty.channel.nio.NioEventLoop.processSelectedKey(NioEventLoop.java:632)
	at org.apache.ratis.thirdparty.io.netty.channel.nio.NioEventLoop.processSelectedKeysOptimized(NioEventLoop.java:579)
	at org.apache.ratis.thirdparty.io.netty.channel.nio.NioEventLoop.processSelectedKeys(NioEventLoop.java:496)
	at org.apache.ratis.thirdparty.io.netty.channel.nio.NioEventLoop.run(NioEventLoop.java:458)
	at org.apache.ratis.thirdparty.io.netty.util.concurrent.SingleThreadEventExecutor$5.run(SingleThreadEventExecutor.java:897)
	at org.apache.ratis.thirdparty.io.netty.util.concurrent.FastThreadLocalRunnable.run(FastThreadLocalRunnable.java:30)
	... 1 more
Caused by: java.net.ConnectException: Connection refused
	... 11 more
2019-09-05 07:36:42,097 [cbc4e215-9e19-470f-b262-a66375af609e:group-275862EAF019:LeaderElection22] INFO  impl.LeaderElection (LogUtils.java:infoOrTrace(149)) -   Exception 1: {}
java.util.concurrent.ExecutionException: org.apache.ratis.thirdparty.io.grpc.StatusRuntimeException: UNAVAILABLE: io exception
	at java.util.concurrent.FutureTask.report(FutureTask.java:122)
	at java.util.concurrent.FutureTask.get(FutureTask.java:192)
	at org.apache.ratis.server.impl.LeaderElection.waitForResults(LeaderElection.java:262)
	at org.apache.ratis.server.impl.LeaderElection.askForVotes(LeaderElection.java:200)
	at org.apache.ratis.server.impl.LeaderElection.run(LeaderElection.java:130)
	at java.lang.Thread.run(Thread.java:748)
Caused by: org.apache.ratis.thirdparty.io.grpc.StatusRuntimeException: UNAVAILABLE: io exception
	at org.apache.ratis.thirdparty.io.grpc.stub.ClientCalls.toStatusRuntimeException(ClientCalls.java:233)
	at org.apache.ratis.thirdparty.io.grpc.stub.ClientCalls.getUnchecked(ClientCalls.java:214)
	at org.apache.ratis.thirdparty.io.grpc.stub.ClientCalls.blockingUnaryCall(ClientCalls.java:139)
	at org.apache.ratis.proto.grpc.RaftServerProtocolServiceGrpc$RaftServerProtocolServiceBlockingStub.requestVote(RaftServerProtocolServiceGrpc.java:265)
	at org.apache.ratis.grpc.server.GrpcServerProtocolClient.requestVote(GrpcServerProtocolClient.java:83)
	at org.apache.ratis.grpc.server.GrpcService.requestVote(GrpcService.java:195)
	at org.apache.ratis.server.impl.LeaderElection.lambda$submitRequests$1(LeaderElection.java:237)
	at java.util.concurrent.FutureTask.run(FutureTask.java:266)
	at java.util.concurrent.Executors$RunnableAdapter.call(Executors.java:511)
	at java.util.concurrent.FutureTask.run(FutureTask.java:266)
	at java.util.concurrent.ThreadPoolExecutor.runWorker(ThreadPoolExecutor.java:1149)
	at java.util.concurrent.ThreadPoolExecutor$Worker.run(ThreadPoolExecutor.java:624)
	... 1 more
Caused by: org.apache.ratis.thirdparty.io.netty.channel.AbstractChannel$AnnotatedConnectException: Connection refused: /192.168.36.69:46568
	at sun.nio.ch.SocketChannelImpl.checkConnect(Native Method)
	at sun.nio.ch.SocketChannelImpl.finishConnect(SocketChannelImpl.java:717)
	at org.apache.ratis.thirdparty.io.netty.channel.socket.nio.NioSocketChannel.doFinishConnect(NioSocketChannel.java:327)
	at org.apache.ratis.thirdparty.io.netty.channel.nio.AbstractNioChannel$AbstractNioUnsafe.finishConnect(AbstractNioChannel.java:340)
	at org.apache.ratis.thirdparty.io.netty.channel.nio.NioEventLoop.processSelectedKey(NioEventLoop.java:632)
	at org.apache.ratis.thirdparty.io.netty.channel.nio.NioEventLoop.processSelectedKeysOptimized(NioEventLoop.java:579)
	at org.apache.ratis.thirdparty.io.netty.channel.nio.NioEventLoop.processSelectedKeys(NioEventLoop.java:496)
	at org.apache.ratis.thirdparty.io.netty.channel.nio.NioEventLoop.run(NioEventLoop.java:458)
	at org.apache.ratis.thirdparty.io.netty.util.concurrent.SingleThreadEventExecutor$5.run(SingleThreadEventExecutor.java:897)
	at org.apache.ratis.thirdparty.io.netty.util.concurrent.FastThreadLocalRunnable.run(FastThreadLocalRunnable.java:30)
	... 1 more
Caused by: java.net.ConnectException: Connection refused
	... 11 more
2019-09-05 07:36:42,097 [cbc4e215-9e19-470f-b262-a66375af609e:group-275862EAF019:LeaderElection22] INFO  impl.RaftServerImpl (RaftServerImpl.java:setRole(171)) - cbc4e215-9e19-470f-b262-a66375af609e:group-275862EAF019 changes role from CANDIDATE to FOLLOWER at term 11 for DISCOVERED_A_NEW_TERM
2019-09-05 07:36:42,101 [cbc4e215-9e19-470f-b262-a66375af609e:group-275862EAF019:LeaderElection22] INFO  impl.RoleInfo (RoleInfo.java:shutdownLeaderElection(134)) - cbc4e215-9e19-470f-b262-a66375af609e: shutdown LeaderElection
2019-09-05 07:36:42,102 [cbc4e215-9e19-470f-b262-a66375af609e:group-275862EAF019:LeaderElection22] INFO  impl.RoleInfo (RoleInfo.java:updateAndGet(143)) - cbc4e215-9e19-470f-b262-a66375af609e: start FollowerState
2019-09-05 07:36:42,232 [grpc-default-executor-5] INFO  client.GrpcClientProtocolClient (GrpcClientProtocolClient.java:onNext(255)) - client-B40F40CC564F->cbc4e215-9e19-470f-b262-a66375af609e: receive RaftClientReply:client-B40F40CC564F->cbc4e215-9e19-470f-b262-a66375af609e@group-275862EAF019, cid=22, FAILED org.apache.ratis.protocol.NotLeaderException: Server cbc4e215-9e19-470f-b262-a66375af609e is not the leader (null). Request must be sent to leader., logIndex=0, commits[cbc4e215-9e19-470f-b262-a66375af609e:c15, 216f763b-3e68-44a6-8a6b-4b7681664146:c15, 7a080ec0-19ca-4af1-b3b9-6aaba7a45b53:c15]
2019-09-05 07:36:42,250 | INFO  | SCMAudit | user=jenkins1000 | ip=192.168.36.69 | op=SEND_HEARTBEAT {datanodeUUID=618caef6-a8cd-4e5c-bc39-325bb83fc273, command=[]} | ret=SUCCESS |  
2019-09-05 07:36:42,462 | INFO  | SCMAudit | user=jenkins1000 | ip=192.168.36.69 | op=SEND_HEARTBEAT {datanodeUUID=017b796d-3321-494b-8d8c-e766a57787fe, command=[]} | ret=SUCCESS |  
2019-09-05 07:36:42,701 | INFO  | SCMAudit | user=jenkins1000 | ip=192.168.36.69 | op=SEND_HEARTBEAT {datanodeUUID=d8846d25-1678-4df1-8bff-f38eb3492905, command=[]} | ret=SUCCESS |  
2019-09-05 07:36:42,873 | INFO  | SCMAudit | user=jenkins1000 | ip=192.168.36.69 | op=SEND_HEARTBEAT {datanodeUUID=cbc4e215-9e19-470f-b262-a66375af609e, command=[]} | ret=SUCCESS |  
2019-09-05 07:36:42,946 | INFO  | SCMAudit | user=jenkins1000 | ip=192.168.36.69 | op=SEND_HEARTBEAT {datanodeUUID=5822af17-ba6a-443c-803e-51bf9a574bd0, command=[]} | ret=SUCCESS |  
2019-09-05 07:36:43,251 | INFO  | SCMAudit | user=jenkins1000 | ip=192.168.36.69 | op=SEND_HEARTBEAT {datanodeUUID=618caef6-a8cd-4e5c-bc39-325bb83fc273, command=[]} | ret=SUCCESS |  
2019-09-05 07:36:43,462 | INFO  | SCMAudit | user=jenkins1000 | ip=192.168.36.69 | op=SEND_HEARTBEAT {datanodeUUID=017b796d-3321-494b-8d8c-e766a57787fe, command=[]} | ret=SUCCESS |  
2019-09-05 07:36:43,702 | INFO  | SCMAudit | user=jenkins1000 | ip=192.168.36.69 | op=SEND_HEARTBEAT {datanodeUUID=d8846d25-1678-4df1-8bff-f38eb3492905, command=[]} | ret=SUCCESS |  
2019-09-05 07:36:43,873 | INFO  | SCMAudit | user=jenkins1000 | ip=192.168.36.69 | op=SEND_HEARTBEAT {datanodeUUID=cbc4e215-9e19-470f-b262-a66375af609e, command=[]} | ret=SUCCESS |  
2019-09-05 07:36:43,947 | INFO  | SCMAudit | user=jenkins1000 | ip=192.168.36.69 | op=SEND_HEARTBEAT {datanodeUUID=5822af17-ba6a-443c-803e-51bf9a574bd0, command=[]} | ret=SUCCESS |  
2019-09-05 07:36:44,250 | INFO  | SCMAudit | user=jenkins1000 | ip=192.168.36.69 | op=SEND_HEARTBEAT {datanodeUUID=618caef6-a8cd-4e5c-bc39-325bb83fc273, command=[]} | ret=SUCCESS |  
2019-09-05 07:36:44,463 | INFO  | SCMAudit | user=jenkins1000 | ip=192.168.36.69 | op=SEND_HEARTBEAT {datanodeUUID=017b796d-3321-494b-8d8c-e766a57787fe, command=[]} | ret=SUCCESS |  
2019-09-05 07:36:44,701 | INFO  | SCMAudit | user=jenkins1000 | ip=192.168.36.69 | op=SEND_HEARTBEAT {datanodeUUID=d8846d25-1678-4df1-8bff-f38eb3492905, command=[]} | ret=SUCCESS |  
2019-09-05 07:36:44,873 | INFO  | SCMAudit | user=jenkins1000 | ip=192.168.36.69 | op=SEND_HEARTBEAT {datanodeUUID=cbc4e215-9e19-470f-b262-a66375af609e, command=[]} | ret=SUCCESS |  
2019-09-05 07:36:44,947 | INFO  | SCMAudit | user=jenkins1000 | ip=192.168.36.69 | op=SEND_HEARTBEAT {datanodeUUID=5822af17-ba6a-443c-803e-51bf9a574bd0, command=[]} | ret=SUCCESS |  
2019-09-05 07:36:45,251 | INFO  | SCMAudit | user=jenkins1000 | ip=192.168.36.69 | op=SEND_HEARTBEAT {datanodeUUID=618caef6-a8cd-4e5c-bc39-325bb83fc273, command=[]} | ret=SUCCESS |  
2019-09-05 07:36:45,462 | INFO  | SCMAudit | user=jenkins1000 | ip=192.168.36.69 | op=SEND_HEARTBEAT {datanodeUUID=017b796d-3321-494b-8d8c-e766a57787fe, command=[]} | ret=SUCCESS |  
2019-09-05 07:36:45,702 | INFO  | SCMAudit | user=jenkins1000 | ip=192.168.36.69 | op=SEND_HEARTBEAT {datanodeUUID=d8846d25-1678-4df1-8bff-f38eb3492905, command=[]} | ret=SUCCESS |  
2019-09-05 07:36:45,873 | INFO  | SCMAudit | user=jenkins1000 | ip=192.168.36.69 | op=SEND_HEARTBEAT {datanodeUUID=cbc4e215-9e19-470f-b262-a66375af609e, command=[]} | ret=SUCCESS |  
2019-09-05 07:36:45,947 | INFO  | SCMAudit | user=jenkins1000 | ip=192.168.36.69 | op=SEND_HEARTBEAT {datanodeUUID=5822af17-ba6a-443c-803e-51bf9a574bd0, command=[]} | ret=SUCCESS |  
2019-09-05 07:36:46,251 | INFO  | SCMAudit | user=jenkins1000 | ip=192.168.36.69 | op=SEND_HEARTBEAT {datanodeUUID=618caef6-a8cd-4e5c-bc39-325bb83fc273, command=[]} | ret=SUCCESS |  
2019-09-05 07:36:46,258 [grpc-default-executor-5] INFO  client.GrpcClientProtocolClient (GrpcClientProtocolClient.java:onNext(255)) - client-B40F40CC564F->cbc4e215-9e19-470f-b262-a66375af609e: receive RaftClientReply:client-B40F40CC564F->cbc4e215-9e19-470f-b262-a66375af609e@group-275862EAF019, cid=22, FAILED org.apache.ratis.protocol.NotLeaderException: Server cbc4e215-9e19-470f-b262-a66375af609e is not the leader (null). Request must be sent to leader., logIndex=0, commits[cbc4e215-9e19-470f-b262-a66375af609e:c15, 216f763b-3e68-44a6-8a6b-4b7681664146:c15, 7a080ec0-19ca-4af1-b3b9-6aaba7a45b53:c15]
2019-09-05 07:36:46,463 | INFO  | SCMAudit | user=jenkins1000 | ip=192.168.36.69 | op=SEND_HEARTBEAT {datanodeUUID=017b796d-3321-494b-8d8c-e766a57787fe, command=[]} | ret=SUCCESS |  
2019-09-05 07:36:46,701 | INFO  | SCMAudit | user=jenkins1000 | ip=192.168.36.69 | op=SEND_HEARTBEAT {datanodeUUID=d8846d25-1678-4df1-8bff-f38eb3492905, command=[]} | ret=SUCCESS |  
2019-09-05 07:36:46,873 | INFO  | SCMAudit | user=jenkins1000 | ip=192.168.36.69 | op=SEND_HEARTBEAT {datanodeUUID=cbc4e215-9e19-470f-b262-a66375af609e, command=[]} | ret=SUCCESS |  
2019-09-05 07:36:46,946 | INFO  | SCMAudit | user=jenkins1000 | ip=192.168.36.69 | op=SEND_HEARTBEAT {datanodeUUID=5822af17-ba6a-443c-803e-51bf9a574bd0, command=[]} | ret=SUCCESS |  
2019-09-05 07:36:47,252 | INFO  | SCMAudit | user=jenkins1000 | ip=192.168.36.69 | op=SEND_HEARTBEAT {datanodeUUID=618caef6-a8cd-4e5c-bc39-325bb83fc273, command=[]} | ret=SUCCESS |  
2019-09-05 07:36:47,301 [Thread-610] INFO  impl.FollowerState (FollowerState.java:run(106)) - cbc4e215-9e19-470f-b262-a66375af609e:group-275862EAF019 changes to CANDIDATE, lastRpcTime:5198, electionTimeout:5198ms
2019-09-05 07:36:47,301 [Thread-610] INFO  impl.RoleInfo (RoleInfo.java:shutdownFollowerState(121)) - cbc4e215-9e19-470f-b262-a66375af609e: shutdown FollowerState
2019-09-05 07:36:47,301 [Thread-610] INFO  impl.RaftServerImpl (RaftServerImpl.java:setRole(171)) - cbc4e215-9e19-470f-b262-a66375af609e:group-275862EAF019 changes role from FOLLOWER to CANDIDATE at term 11 for changeToCandidate
2019-09-05 07:36:47,301 [Thread-610] INFO  impl.RoleInfo (RoleInfo.java:updateAndGet(143)) - cbc4e215-9e19-470f-b262-a66375af609e: start LeaderElection
2019-09-05 07:36:47,350 [cbc4e215-9e19-470f-b262-a66375af609e:group-275862EAF019:LeaderElection23] INFO  impl.LeaderElection (LeaderElection.java:askForVotes(181)) - cbc4e215-9e19-470f-b262-a66375af609e:group-275862EAF019:LeaderElection23: begin an election at term 12 for 0: [216f763b-3e68-44a6-8a6b-4b7681664146:192.168.36.69:46568, 7a080ec0-19ca-4af1-b3b9-6aaba7a45b53:192.168.36.69:43350, cbc4e215-9e19-470f-b262-a66375af609e:192.168.36.69:44389], old=null
2019-09-05 07:36:47,352 [cbc4e215-9e19-470f-b262-a66375af609e:group-275862EAF019:LeaderElection23] INFO  impl.LeaderElection (LogUtils.java:infoOrTrace(149)) - cbc4e215-9e19-470f-b262-a66375af609e:group-275862EAF019:LeaderElection23 got exception when requesting votes: {}
java.util.concurrent.ExecutionException: org.apache.ratis.thirdparty.io.grpc.StatusRuntimeException: UNAVAILABLE: io exception
	at java.util.concurrent.FutureTask.report(FutureTask.java:122)
	at java.util.concurrent.FutureTask.get(FutureTask.java:192)
	at org.apache.ratis.server.impl.LeaderElection.waitForResults(LeaderElection.java:262)
	at org.apache.ratis.server.impl.LeaderElection.askForVotes(LeaderElection.java:200)
	at org.apache.ratis.server.impl.LeaderElection.run(LeaderElection.java:130)
	at java.lang.Thread.run(Thread.java:748)
Caused by: org.apache.ratis.thirdparty.io.grpc.StatusRuntimeException: UNAVAILABLE: io exception
	at org.apache.ratis.thirdparty.io.grpc.stub.ClientCalls.toStatusRuntimeException(ClientCalls.java:233)
	at org.apache.ratis.thirdparty.io.grpc.stub.ClientCalls.getUnchecked(ClientCalls.java:214)
	at org.apache.ratis.thirdparty.io.grpc.stub.ClientCalls.blockingUnaryCall(ClientCalls.java:139)
	at org.apache.ratis.proto.grpc.RaftServerProtocolServiceGrpc$RaftServerProtocolServiceBlockingStub.requestVote(RaftServerProtocolServiceGrpc.java:265)
	at org.apache.ratis.grpc.server.GrpcServerProtocolClient.requestVote(GrpcServerProtocolClient.java:83)
	at org.apache.ratis.grpc.server.GrpcService.requestVote(GrpcService.java:195)
	at org.apache.ratis.server.impl.LeaderElection.lambda$submitRequests$1(LeaderElection.java:237)
	at java.util.concurrent.FutureTask.run(FutureTask.java:266)
	at java.util.concurrent.Executors$RunnableAdapter.call(Executors.java:511)
	at java.util.concurrent.FutureTask.run(FutureTask.java:266)
	at java.util.concurrent.ThreadPoolExecutor.runWorker(ThreadPoolExecutor.java:1149)
	at java.util.concurrent.ThreadPoolExecutor$Worker.run(ThreadPoolExecutor.java:624)
	... 1 more
Caused by: org.apache.ratis.thirdparty.io.netty.channel.AbstractChannel$AnnotatedConnectException: Connection refused: /192.168.36.69:46568
	at sun.nio.ch.SocketChannelImpl.checkConnect(Native Method)
	at sun.nio.ch.SocketChannelImpl.finishConnect(SocketChannelImpl.java:717)
	at org.apache.ratis.thirdparty.io.netty.channel.socket.nio.NioSocketChannel.doFinishConnect(NioSocketChannel.java:327)
	at org.apache.ratis.thirdparty.io.netty.channel.nio.AbstractNioChannel$AbstractNioUnsafe.finishConnect(AbstractNioChannel.java:340)
	at org.apache.ratis.thirdparty.io.netty.channel.nio.NioEventLoop.processSelectedKey(NioEventLoop.java:632)
	at org.apache.ratis.thirdparty.io.netty.channel.nio.NioEventLoop.processSelectedKeysOptimized(NioEventLoop.java:579)
	at org.apache.ratis.thirdparty.io.netty.channel.nio.NioEventLoop.processSelectedKeys(NioEventLoop.java:496)
	at org.apache.ratis.thirdparty.io.netty.channel.nio.NioEventLoop.run(NioEventLoop.java:458)
	at org.apache.ratis.thirdparty.io.netty.util.concurrent.SingleThreadEventExecutor$5.run(SingleThreadEventExecutor.java:897)
	at org.apache.ratis.thirdparty.io.netty.util.concurrent.FastThreadLocalRunnable.run(FastThreadLocalRunnable.java:30)
	... 1 more
Caused by: java.net.ConnectException: Connection refused
	... 11 more
2019-09-05 07:36:47,354 [cbc4e215-9e19-470f-b262-a66375af609e:group-275862EAF019:LeaderElection23] INFO  impl.LeaderElection (LogUtils.java:infoOrTrace(149)) - cbc4e215-9e19-470f-b262-a66375af609e:group-275862EAF019:LeaderElection23 got exception when requesting votes: {}
java.util.concurrent.ExecutionException: org.apache.ratis.thirdparty.io.grpc.StatusRuntimeException: UNAVAILABLE: io exception
	at java.util.concurrent.FutureTask.report(FutureTask.java:122)
	at java.util.concurrent.FutureTask.get(FutureTask.java:192)
	at org.apache.ratis.server.impl.LeaderElection.waitForResults(LeaderElection.java:262)
	at org.apache.ratis.server.impl.LeaderElection.askForVotes(LeaderElection.java:200)
	at org.apache.ratis.server.impl.LeaderElection.run(LeaderElection.java:130)
	at java.lang.Thread.run(Thread.java:748)
Caused by: org.apache.ratis.thirdparty.io.grpc.StatusRuntimeException: UNAVAILABLE: io exception
	at org.apache.ratis.thirdparty.io.grpc.stub.ClientCalls.toStatusRuntimeException(ClientCalls.java:233)
	at org.apache.ratis.thirdparty.io.grpc.stub.ClientCalls.getUnchecked(ClientCalls.java:214)
	at org.apache.ratis.thirdparty.io.grpc.stub.ClientCalls.blockingUnaryCall(ClientCalls.java:139)
	at org.apache.ratis.proto.grpc.RaftServerProtocolServiceGrpc$RaftServerProtocolServiceBlockingStub.requestVote(RaftServerProtocolServiceGrpc.java:265)
	at org.apache.ratis.grpc.server.GrpcServerProtocolClient.requestVote(GrpcServerProtocolClient.java:83)
	at org.apache.ratis.grpc.server.GrpcService.requestVote(GrpcService.java:195)
	at org.apache.ratis.server.impl.LeaderElection.lambda$submitRequests$1(LeaderElection.java:237)
	at java.util.concurrent.FutureTask.run(FutureTask.java:266)
	at java.util.concurrent.Executors$RunnableAdapter.call(Executors.java:511)
	at java.util.concurrent.FutureTask.run(FutureTask.java:266)
	at java.util.concurrent.ThreadPoolExecutor.runWorker(ThreadPoolExecutor.java:1149)
	at java.util.concurrent.ThreadPoolExecutor$Worker.run(ThreadPoolExecutor.java:624)
	... 1 more
Caused by: org.apache.ratis.thirdparty.io.netty.channel.AbstractChannel$AnnotatedConnectException: Connection refused: /192.168.36.69:43350
	at sun.nio.ch.SocketChannelImpl.checkConnect(Native Method)
	at sun.nio.ch.SocketChannelImpl.finishConnect(SocketChannelImpl.java:717)
	at org.apache.ratis.thirdparty.io.netty.channel.socket.nio.NioSocketChannel.doFinishConnect(NioSocketChannel.java:327)
	at org.apache.ratis.thirdparty.io.netty.channel.nio.AbstractNioChannel$AbstractNioUnsafe.finishConnect(AbstractNioChannel.java:340)
	at org.apache.ratis.thirdparty.io.netty.channel.nio.NioEventLoop.processSelectedKey(NioEventLoop.java:632)
	at org.apache.ratis.thirdparty.io.netty.channel.nio.NioEventLoop.processSelectedKeysOptimized(NioEventLoop.java:579)
	at org.apache.ratis.thirdparty.io.netty.channel.nio.NioEventLoop.processSelectedKeys(NioEventLoop.java:496)
	at org.apache.ratis.thirdparty.io.netty.channel.nio.NioEventLoop.run(NioEventLoop.java:458)
	at org.apache.ratis.thirdparty.io.netty.util.concurrent.SingleThreadEventExecutor$5.run(SingleThreadEventExecutor.java:897)
	at org.apache.ratis.thirdparty.io.netty.util.concurrent.FastThreadLocalRunnable.run(FastThreadLocalRunnable.java:30)
	... 1 more
Caused by: java.net.ConnectException: Connection refused
	... 11 more
2019-09-05 07:36:47,356 [cbc4e215-9e19-470f-b262-a66375af609e:group-275862EAF019:LeaderElection23] INFO  impl.LeaderElection (LeaderElection.java:logAndReturn(56)) - cbc4e215-9e19-470f-b262-a66375af609e:group-275862EAF019:LeaderElection23: Election REJECTED; received 0 response(s) [] and 2 exception(s); cbc4e215-9e19-470f-b262-a66375af609e:t12, leader=null, voted=cbc4e215-9e19-470f-b262-a66375af609e, raftlog=cbc4e215-9e19-470f-b262-a66375af609e-SegmentedRaftLog:OPENED:c15,f15,i15, conf=0: [216f763b-3e68-44a6-8a6b-4b7681664146:192.168.36.69:46568, 7a080ec0-19ca-4af1-b3b9-6aaba7a45b53:192.168.36.69:43350, cbc4e215-9e19-470f-b262-a66375af609e:192.168.36.69:44389], old=null
2019-09-05 07:36:47,356 [cbc4e215-9e19-470f-b262-a66375af609e:group-275862EAF019:LeaderElection23] INFO  impl.LeaderElection (LogUtils.java:infoOrTrace(149)) -   Exception 0: {}
java.util.concurrent.ExecutionException: org.apache.ratis.thirdparty.io.grpc.StatusRuntimeException: UNAVAILABLE: io exception
	at java.util.concurrent.FutureTask.report(FutureTask.java:122)
	at java.util.concurrent.FutureTask.get(FutureTask.java:192)
	at org.apache.ratis.server.impl.LeaderElection.waitForResults(LeaderElection.java:262)
	at org.apache.ratis.server.impl.LeaderElection.askForVotes(LeaderElection.java:200)
	at org.apache.ratis.server.impl.LeaderElection.run(LeaderElection.java:130)
	at java.lang.Thread.run(Thread.java:748)
Caused by: org.apache.ratis.thirdparty.io.grpc.StatusRuntimeException: UNAVAILABLE: io exception
	at org.apache.ratis.thirdparty.io.grpc.stub.ClientCalls.toStatusRuntimeException(ClientCalls.java:233)
	at org.apache.ratis.thirdparty.io.grpc.stub.ClientCalls.getUnchecked(ClientCalls.java:214)
	at org.apache.ratis.thirdparty.io.grpc.stub.ClientCalls.blockingUnaryCall(ClientCalls.java:139)
	at org.apache.ratis.proto.grpc.RaftServerProtocolServiceGrpc$RaftServerProtocolServiceBlockingStub.requestVote(RaftServerProtocolServiceGrpc.java:265)
	at org.apache.ratis.grpc.server.GrpcServerProtocolClient.requestVote(GrpcServerProtocolClient.java:83)
	at org.apache.ratis.grpc.server.GrpcService.requestVote(GrpcService.java:195)
	at org.apache.ratis.server.impl.LeaderElection.lambda$submitRequests$1(LeaderElection.java:237)
	at java.util.concurrent.FutureTask.run(FutureTask.java:266)
	at java.util.concurrent.Executors$RunnableAdapter.call(Executors.java:511)
	at java.util.concurrent.FutureTask.run(FutureTask.java:266)
	at java.util.concurrent.ThreadPoolExecutor.runWorker(ThreadPoolExecutor.java:1149)
	at java.util.concurrent.ThreadPoolExecutor$Worker.run(ThreadPoolExecutor.java:624)
	... 1 more
Caused by: org.apache.ratis.thirdparty.io.netty.channel.AbstractChannel$AnnotatedConnectException: Connection refused: /192.168.36.69:46568
	at sun.nio.ch.SocketChannelImpl.checkConnect(Native Method)
	at sun.nio.ch.SocketChannelImpl.finishConnect(SocketChannelImpl.java:717)
	at org.apache.ratis.thirdparty.io.netty.channel.socket.nio.NioSocketChannel.doFinishConnect(NioSocketChannel.java:327)
	at org.apache.ratis.thirdparty.io.netty.channel.nio.AbstractNioChannel$AbstractNioUnsafe.finishConnect(AbstractNioChannel.java:340)
	at org.apache.ratis.thirdparty.io.netty.channel.nio.NioEventLoop.processSelectedKey(NioEventLoop.java:632)
	at org.apache.ratis.thirdparty.io.netty.channel.nio.NioEventLoop.processSelectedKeysOptimized(NioEventLoop.java:579)
	at org.apache.ratis.thirdparty.io.netty.channel.nio.NioEventLoop.processSelectedKeys(NioEventLoop.java:496)
	at org.apache.ratis.thirdparty.io.netty.channel.nio.NioEventLoop.run(NioEventLoop.java:458)
	at org.apache.ratis.thirdparty.io.netty.util.concurrent.SingleThreadEventExecutor$5.run(SingleThreadEventExecutor.java:897)
	at org.apache.ratis.thirdparty.io.netty.util.concurrent.FastThreadLocalRunnable.run(FastThreadLocalRunnable.java:30)
	... 1 more
Caused by: java.net.ConnectException: Connection refused
	... 11 more
2019-09-05 07:36:47,356 [cbc4e215-9e19-470f-b262-a66375af609e:group-275862EAF019:LeaderElection23] INFO  impl.LeaderElection (LogUtils.java:infoOrTrace(149)) -   Exception 1: {}
java.util.concurrent.ExecutionException: org.apache.ratis.thirdparty.io.grpc.StatusRuntimeException: UNAVAILABLE: io exception
	at java.util.concurrent.FutureTask.report(FutureTask.java:122)
	at java.util.concurrent.FutureTask.get(FutureTask.java:192)
	at org.apache.ratis.server.impl.LeaderElection.waitForResults(LeaderElection.java:262)
	at org.apache.ratis.server.impl.LeaderElection.askForVotes(LeaderElection.java:200)
	at org.apache.ratis.server.impl.LeaderElection.run(LeaderElection.java:130)
	at java.lang.Thread.run(Thread.java:748)
Caused by: org.apache.ratis.thirdparty.io.grpc.StatusRuntimeException: UNAVAILABLE: io exception
	at org.apache.ratis.thirdparty.io.grpc.stub.ClientCalls.toStatusRuntimeException(ClientCalls.java:233)
	at org.apache.ratis.thirdparty.io.grpc.stub.ClientCalls.getUnchecked(ClientCalls.java:214)
	at org.apache.ratis.thirdparty.io.grpc.stub.ClientCalls.blockingUnaryCall(ClientCalls.java:139)
	at org.apache.ratis.proto.grpc.RaftServerProtocolServiceGrpc$RaftServerProtocolServiceBlockingStub.requestVote(RaftServerProtocolServiceGrpc.java:265)
	at org.apache.ratis.grpc.server.GrpcServerProtocolClient.requestVote(GrpcServerProtocolClient.java:83)
	at org.apache.ratis.grpc.server.GrpcService.requestVote(GrpcService.java:195)
	at org.apache.ratis.server.impl.LeaderElection.lambda$submitRequests$1(LeaderElection.java:237)
	at java.util.concurrent.FutureTask.run(FutureTask.java:266)
	at java.util.concurrent.Executors$RunnableAdapter.call(Executors.java:511)
	at java.util.concurrent.FutureTask.run(FutureTask.java:266)
	at java.util.concurrent.ThreadPoolExecutor.runWorker(ThreadPoolExecutor.java:1149)
	at java.util.concurrent.ThreadPoolExecutor$Worker.run(ThreadPoolExecutor.java:624)
	... 1 more
Caused by: org.apache.ratis.thirdparty.io.netty.channel.AbstractChannel$AnnotatedConnectException: Connection refused: /192.168.36.69:43350
	at sun.nio.ch.SocketChannelImpl.checkConnect(Native Method)
	at sun.nio.ch.SocketChannelImpl.finishConnect(SocketChannelImpl.java:717)
	at org.apache.ratis.thirdparty.io.netty.channel.socket.nio.NioSocketChannel.doFinishConnect(NioSocketChannel.java:327)
	at org.apache.ratis.thirdparty.io.netty.channel.nio.AbstractNioChannel$AbstractNioUnsafe.finishConnect(AbstractNioChannel.java:340)
	at org.apache.ratis.thirdparty.io.netty.channel.nio.NioEventLoop.processSelectedKey(NioEventLoop.java:632)
	at org.apache.ratis.thirdparty.io.netty.channel.nio.NioEventLoop.processSelectedKeysOptimized(NioEventLoop.java:579)
	at org.apache.ratis.thirdparty.io.netty.channel.nio.NioEventLoop.processSelectedKeys(NioEventLoop.java:496)
	at org.apache.ratis.thirdparty.io.netty.channel.nio.NioEventLoop.run(NioEventLoop.java:458)
	at org.apache.ratis.thirdparty.io.netty.util.concurrent.SingleThreadEventExecutor$5.run(SingleThreadEventExecutor.java:897)
	at org.apache.ratis.thirdparty.io.netty.util.concurrent.FastThreadLocalRunnable.run(FastThreadLocalRunnable.java:30)
	... 1 more
Caused by: java.net.ConnectException: Connection refused
	... 11 more
2019-09-05 07:36:47,356 [cbc4e215-9e19-470f-b262-a66375af609e:group-275862EAF019:LeaderElection23] INFO  impl.RaftServerImpl (RaftServerImpl.java:setRole(171)) - cbc4e215-9e19-470f-b262-a66375af609e:group-275862EAF019 changes role from CANDIDATE to FOLLOWER at term 12 for DISCOVERED_A_NEW_TERM
2019-09-05 07:36:47,358 [cbc4e215-9e19-470f-b262-a66375af609e:group-275862EAF019:LeaderElection23] INFO  impl.RoleInfo (RoleInfo.java:shutdownLeaderElection(134)) - cbc4e215-9e19-470f-b262-a66375af609e: shutdown LeaderElection
2019-09-05 07:36:47,358 [cbc4e215-9e19-470f-b262-a66375af609e:group-275862EAF019:LeaderElection23] INFO  impl.RoleInfo (RoleInfo.java:updateAndGet(143)) - cbc4e215-9e19-470f-b262-a66375af609e: start FollowerState
2019-09-05 07:36:47,462 | INFO  | SCMAudit | user=jenkins1000 | ip=192.168.36.69 | op=SEND_HEARTBEAT {datanodeUUID=017b796d-3321-494b-8d8c-e766a57787fe, command=[]} | ret=SUCCESS |  
2019-09-05 07:36:47,702 | INFO  | SCMAudit | user=jenkins1000 | ip=192.168.36.69 | op=SEND_HEARTBEAT {datanodeUUID=d8846d25-1678-4df1-8bff-f38eb3492905, command=[]} | ret=SUCCESS |  
2019-09-05 07:36:47,873 | INFO  | SCMAudit | user=jenkins1000 | ip=192.168.36.69 | op=SEND_HEARTBEAT {datanodeUUID=cbc4e215-9e19-470f-b262-a66375af609e, command=[]} | ret=SUCCESS |  
2019-09-05 07:36:47,948 | INFO  | SCMAudit | user=jenkins1000 | ip=192.168.36.69 | op=SEND_HEARTBEAT {datanodeUUID=5822af17-ba6a-443c-803e-51bf9a574bd0, command=[]} | ret=SUCCESS |  
2019-09-05 07:36:48,251 | INFO  | SCMAudit | user=jenkins1000 | ip=192.168.36.69 | op=SEND_HEARTBEAT {datanodeUUID=618caef6-a8cd-4e5c-bc39-325bb83fc273, command=[]} | ret=SUCCESS |  
2019-09-05 07:36:48,463 | INFO  | SCMAudit | user=jenkins1000 | ip=192.168.36.69 | op=SEND_HEARTBEAT {datanodeUUID=017b796d-3321-494b-8d8c-e766a57787fe, command=[]} | ret=SUCCESS |  
2019-09-05 07:36:48,702 | INFO  | SCMAudit | user=jenkins1000 | ip=192.168.36.69 | op=SEND_HEARTBEAT {datanodeUUID=d8846d25-1678-4df1-8bff-f38eb3492905, command=[]} | ret=SUCCESS |  
2019-09-05 07:36:48,873 | INFO  | SCMAudit | user=jenkins1000 | ip=192.168.36.69 | op=SEND_HEARTBEAT {datanodeUUID=cbc4e215-9e19-470f-b262-a66375af609e, command=[]} | ret=SUCCESS |  
2019-09-05 07:36:48,947 | INFO  | SCMAudit | user=jenkins1000 | ip=192.168.36.69 | op=SEND_HEARTBEAT {datanodeUUID=5822af17-ba6a-443c-803e-51bf9a574bd0, command=[]} | ret=SUCCESS |  
2019-09-05 07:36:49,252 | INFO  | SCMAudit | user=jenkins1000 | ip=192.168.36.69 | op=SEND_HEARTBEAT {datanodeUUID=618caef6-a8cd-4e5c-bc39-325bb83fc273, command=[]} | ret=SUCCESS |  
2019-09-05 07:36:49,463 | INFO  | SCMAudit | user=jenkins1000 | ip=192.168.36.69 | op=SEND_HEARTBEAT {datanodeUUID=017b796d-3321-494b-8d8c-e766a57787fe, command=[]} | ret=SUCCESS |  
2019-09-05 07:36:49,702 | INFO  | SCMAudit | user=jenkins1000 | ip=192.168.36.69 | op=SEND_HEARTBEAT {datanodeUUID=d8846d25-1678-4df1-8bff-f38eb3492905, command=[]} | ret=SUCCESS |  
2019-09-05 07:36:49,873 | INFO  | SCMAudit | user=jenkins1000 | ip=192.168.36.69 | op=SEND_HEARTBEAT {datanodeUUID=cbc4e215-9e19-470f-b262-a66375af609e, command=[]} | ret=SUCCESS |  
2019-09-05 07:36:49,947 | INFO  | SCMAudit | user=jenkins1000 | ip=192.168.36.69 | op=SEND_HEARTBEAT {datanodeUUID=5822af17-ba6a-443c-803e-51bf9a574bd0, command=[]} | ret=SUCCESS |  
2019-09-05 07:36:50,252 | INFO  | SCMAudit | user=jenkins1000 | ip=192.168.36.69 | op=SEND_HEARTBEAT {datanodeUUID=618caef6-a8cd-4e5c-bc39-325bb83fc273, command=[]} | ret=SUCCESS |  
2019-09-05 07:36:50,286 [grpc-default-executor-4] INFO  client.GrpcClientProtocolClient (GrpcClientProtocolClient.java:onNext(255)) - client-B40F40CC564F->cbc4e215-9e19-470f-b262-a66375af609e: receive RaftClientReply:client-B40F40CC564F->cbc4e215-9e19-470f-b262-a66375af609e@group-275862EAF019, cid=22, FAILED org.apache.ratis.protocol.NotLeaderException: Server cbc4e215-9e19-470f-b262-a66375af609e is not the leader (null). Request must be sent to leader., logIndex=0, commits[cbc4e215-9e19-470f-b262-a66375af609e:c15, 216f763b-3e68-44a6-8a6b-4b7681664146:c15, 7a080ec0-19ca-4af1-b3b9-6aaba7a45b53:c15]
2019-09-05 07:36:50,463 | INFO  | SCMAudit | user=jenkins1000 | ip=192.168.36.69 | op=SEND_HEARTBEAT {datanodeUUID=017b796d-3321-494b-8d8c-e766a57787fe, command=[]} | ret=SUCCESS |  
2019-09-05 07:36:50,702 | INFO  | SCMAudit | user=jenkins1000 | ip=192.168.36.69 | op=SEND_HEARTBEAT {datanodeUUID=d8846d25-1678-4df1-8bff-f38eb3492905, command=[]} | ret=SUCCESS |  
2019-09-05 07:36:50,874 | INFO  | SCMAudit | user=jenkins1000 | ip=192.168.36.69 | op=SEND_HEARTBEAT {datanodeUUID=cbc4e215-9e19-470f-b262-a66375af609e, command=[]} | ret=SUCCESS |  
2019-09-05 07:36:50,947 | INFO  | SCMAudit | user=jenkins1000 | ip=192.168.36.69 | op=SEND_HEARTBEAT {datanodeUUID=5822af17-ba6a-443c-803e-51bf9a574bd0, command=[]} | ret=SUCCESS |  
2019-09-05 07:36:51,252 | INFO  | SCMAudit | user=jenkins1000 | ip=192.168.36.69 | op=SEND_HEARTBEAT {datanodeUUID=618caef6-a8cd-4e5c-bc39-325bb83fc273, command=[]} | ret=SUCCESS |  
2019-09-05 07:36:51,463 | INFO  | SCMAudit | user=jenkins1000 | ip=192.168.36.69 | op=SEND_HEARTBEAT {datanodeUUID=017b796d-3321-494b-8d8c-e766a57787fe, command=[]} | ret=SUCCESS |  
2019-09-05 07:36:51,702 | INFO  | SCMAudit | user=jenkins1000 | ip=192.168.36.69 | op=SEND_HEARTBEAT {datanodeUUID=d8846d25-1678-4df1-8bff-f38eb3492905, command=[]} | ret=SUCCESS |  
2019-09-05 07:36:51,875 | INFO  | SCMAudit | user=jenkins1000 | ip=192.168.36.69 | op=SEND_HEARTBEAT {datanodeUUID=cbc4e215-9e19-470f-b262-a66375af609e, command=[]} | ret=SUCCESS |  
2019-09-05 07:36:51,916 [RatisPipelineUtilsThread] WARN  pipeline.RatisPipelineUtils (RatisPipelineUtils.java:destroyPipeline(66)) - Pipeline destroy failed for pipeline=PipelineID=2b82bd86-e43c-4759-b1dc-a43bf23dd728 dn=7a080ec0-19ca-4af1-b3b9-6aaba7a45b53{ip: 192.168.36.69, host: pr-hdds-1571-lfg7x-4139639749, networkLocation: /default-rack, certSerialId: null}
2019-09-05 07:36:51,917 [RatisPipelineUtilsThread] INFO  pipeline.PipelineStateManager (PipelineStateManager.java:removePipeline(108)) - Pipeline Pipeline[ Id: 2b82bd86-e43c-4759-b1dc-a43bf23dd728, Nodes: 7a080ec0-19ca-4af1-b3b9-6aaba7a45b53{ip: 192.168.36.69, host: pr-hdds-1571-lfg7x-4139639749, networkLocation: /default-rack, certSerialId: null}, Type:RATIS, Factor:ONE, State:CLOSED] removed from db
2019-09-05 07:36:51,922 [RatisPipelineUtilsThread] WARN  pipeline.RatisPipelineUtils (RatisPipelineUtils.java:destroyPipeline(66)) - Pipeline destroy failed for pipeline=PipelineID=914be1f7-a49a-4d55-96c7-275862eaf019 dn=7a080ec0-19ca-4af1-b3b9-6aaba7a45b53{ip: 192.168.36.69, host: pr-hdds-1571-lfg7x-4139639749, networkLocation: /default-rack, certSerialId: null}
2019-09-05 07:36:51,924 [RatisPipelineUtilsThread] WARN  pipeline.RatisPipelineUtils (RatisPipelineUtils.java:destroyPipeline(66)) - Pipeline destroy failed for pipeline=PipelineID=914be1f7-a49a-4d55-96c7-275862eaf019 dn=216f763b-3e68-44a6-8a6b-4b7681664146{ip: 192.168.36.69, host: pr-hdds-1571-lfg7x-4139639749, networkLocation: /default-rack, certSerialId: null}
2019-09-05 07:36:51,932 [grpc-default-executor-5] INFO  impl.RaftServerProxy (RaftServerProxy.java:remove(95)) - cbc4e215-9e19-470f-b262-a66375af609e: remove FOLLOWER group-275862EAF019 cbc4e215-9e19-470f-b262-a66375af609e:t12, leader=null, voted=cbc4e215-9e19-470f-b262-a66375af609e, raftlog=cbc4e215-9e19-470f-b262-a66375af609e-SegmentedRaftLog:OPENED:c15,f15,i15, conf=0: [216f763b-3e68-44a6-8a6b-4b7681664146:192.168.36.69:46568, 7a080ec0-19ca-4af1-b3b9-6aaba7a45b53:192.168.36.69:43350, cbc4e215-9e19-470f-b262-a66375af609e:192.168.36.69:44389], old=null RUNNING
2019-09-05 07:36:51,936 [grpc-default-executor-5] INFO  impl.RaftServerImpl (RaftServerImpl.java:lambda$shutdown$3(245)) - cbc4e215-9e19-470f-b262-a66375af609e: shutdown group-275862EAF019
2019-09-05 07:36:51,937 [grpc-default-executor-5] INFO  util.JmxRegister (JmxRegister.java:unregister(73)) - Successfully un-registered JMX Bean with object name Ratis:service=RaftServer,group=group-275862EAF019,id=cbc4e215-9e19-470f-b262-a66375af609e
2019-09-05 07:36:51,937 [grpc-default-executor-5] INFO  impl.RoleInfo (RoleInfo.java:shutdownFollowerState(121)) - cbc4e215-9e19-470f-b262-a66375af609e: shutdown FollowerState
2019-09-05 07:36:51,937 [grpc-default-executor-5] INFO  impl.StateMachineUpdater (StateMachineUpdater.java:stopAndJoin(115)) - StateMachineUpdater:cbc4e215-9e19-470f-b262-a66375af609e:group-275862EAF019: set stopIndex = 15
2019-09-05 07:36:51,937 [Thread-632] INFO  impl.FollowerState (FollowerState.java:run(114)) - cbc4e215-9e19-470f-b262-a66375af609e: FollowerState was interrupted: java.lang.InterruptedException: sleep interrupted
2019-09-05 07:36:51,937 [StateMachineUpdater:cbc4e215-9e19-470f-b262-a66375af609e:group-275862EAF019] INFO  ratis.ContainerStateMachine (ContainerStateMachine.java:takeSnapshot(283)) - group-275862EAF019: Taking a snapshot at:(t:1, i:13) file /workdir/hadoop-ozone/integration-test/target/test-dir/MiniOzoneClusterImpl-a91fc67d-f8c9-4dc9-8b91-6f02eb894b3b/datanode-5/data/ratis/914be1f7-a49a-4d55-96c7-275862eaf019/sm/snapshot.1_13
2019-09-05 07:36:51,947 | INFO  | SCMAudit | user=jenkins1000 | ip=192.168.36.69 | op=SEND_HEARTBEAT {datanodeUUID=5822af17-ba6a-443c-803e-51bf9a574bd0, command=[]} | ret=SUCCESS |  
2019-09-05 07:36:51,992 [StateMachineUpdater:cbc4e215-9e19-470f-b262-a66375af609e:group-275862EAF019] INFO  ratis.ContainerStateMachine (ContainerStateMachine.java:takeSnapshot(294)) - group-275862EAF019: Finished taking a snapshot at:(t:1, i:13) file:/workdir/hadoop-ozone/integration-test/target/test-dir/MiniOzoneClusterImpl-a91fc67d-f8c9-4dc9-8b91-6f02eb894b3b/datanode-5/data/ratis/914be1f7-a49a-4d55-96c7-275862eaf019/sm/snapshot.1_13 time:54
2019-09-05 07:36:51,992 [StateMachineUpdater:cbc4e215-9e19-470f-b262-a66375af609e:group-275862EAF019] INFO  impl.StateMachineUpdater (StateMachineUpdater.java:takeSnapshot(242)) - StateMachineUpdater:cbc4e215-9e19-470f-b262-a66375af609e:group-275862EAF019: Took a snapshot at index 13
2019-09-05 07:36:51,992 [StateMachineUpdater:cbc4e215-9e19-470f-b262-a66375af609e:group-275862EAF019] INFO  impl.StateMachineUpdater (StateMachineUpdater.java:lambda$new$0(80)) - StateMachineUpdater:cbc4e215-9e19-470f-b262-a66375af609e:group-275862EAF019: snapshotIndex: updateIncreasingly -1 -> 13
2019-09-05 07:36:51,992 [grpc-default-executor-5] INFO  impl.RaftServerImpl (ServerState.java:close(394)) - cbc4e215-9e19-470f-b262-a66375af609e:group-275862EAF019 closes. The last applied log index is 15
2019-09-05 07:36:51,993 [cbc4e215-9e19-470f-b262-a66375af609e-SegmentedRaftLogWorker:Storage Directory /workdir/hadoop-ozone/integration-test/target/test-dir/MiniOzoneClusterImpl-a91fc67d-f8c9-4dc9-8b91-6f02eb894b3b/datanode-5/data/ratis/914be1f7-a49a-4d55-96c7-275862eaf019] INFO  segmented.SegmentedRaftLogWorker (SegmentedRaftLogWorker.java:run(313)) - cbc4e215-9e19-470f-b262-a66375af609e-SegmentedRaftLogWorker:Storage Directory /workdir/hadoop-ozone/integration-test/target/test-dir/MiniOzoneClusterImpl-a91fc67d-f8c9-4dc9-8b91-6f02eb894b3b/datanode-5/data/ratis/914be1f7-a49a-4d55-96c7-275862eaf019 was interrupted, exiting. There are 0 tasks remaining in the queue.
2019-09-05 07:36:51,996 [grpc-default-executor-5] INFO  segmented.SegmentedRaftLogWorker (SegmentedRaftLogWorker.java:close(228)) - cbc4e215-9e19-470f-b262-a66375af609e-SegmentedRaftLogWorker:Storage Directory /workdir/hadoop-ozone/integration-test/target/test-dir/MiniOzoneClusterImpl-a91fc67d-f8c9-4dc9-8b91-6f02eb894b3b/datanode-5/data/ratis/914be1f7-a49a-4d55-96c7-275862eaf019 close()
2019-09-05 07:36:52,007 [RatisPipelineUtilsThread] INFO  pipeline.PipelineStateManager (PipelineStateManager.java:removePipeline(108)) - Pipeline Pipeline[ Id: 914be1f7-a49a-4d55-96c7-275862eaf019, Nodes: 7a080ec0-19ca-4af1-b3b9-6aaba7a45b53{ip: 192.168.36.69, host: pr-hdds-1571-lfg7x-4139639749, networkLocation: /default-rack, certSerialId: null}216f763b-3e68-44a6-8a6b-4b7681664146{ip: 192.168.36.69, host: pr-hdds-1571-lfg7x-4139639749, networkLocation: /default-rack, certSerialId: null}cbc4e215-9e19-470f-b262-a66375af609e{ip: 192.168.36.69, host: pr-hdds-1571-lfg7x-4139639749, networkLocation: /default-rack, certSerialId: null}, Type:RATIS, Factor:THREE, State:CLOSED] removed from db
2019-09-05 07:36:52,252 | INFO  | SCMAudit | user=jenkins1000 | ip=192.168.36.69 | op=SEND_HEARTBEAT {datanodeUUID=618caef6-a8cd-4e5c-bc39-325bb83fc273, command=[]} | ret=SUCCESS |  
2019-09-05 07:36:52,367 [main] WARN  io.KeyOutputStream (KeyOutputStream.java:handleException(276)) - Encountered exception java.io.IOException: Unexpected Storage Container Exception: java.util.concurrent.CompletionException: java.util.concurrent.CompletionException: org.apache.ratis.protocol.GroupMismatchException: cbc4e215-9e19-470f-b262-a66375af609e: group-275862EAF019 not found. on the pipeline Pipeline[ Id: 914be1f7-a49a-4d55-96c7-275862eaf019, Nodes: 7a080ec0-19ca-4af1-b3b9-6aaba7a45b53{ip: 192.168.36.69, host: pr-hdds-1571-lfg7x-4139639749, networkLocation: /default-rack, certSerialId: null}216f763b-3e68-44a6-8a6b-4b7681664146{ip: 192.168.36.69, host: pr-hdds-1571-lfg7x-4139639749, networkLocation: /default-rack, certSerialId: null}cbc4e215-9e19-470f-b262-a66375af609e{ip: 192.168.36.69, host: pr-hdds-1571-lfg7x-4139639749, networkLocation: /default-rack, certSerialId: null}, Type:RATIS, Factor:THREE, State:OPEN]. The last committed block length is 450, uncommitted data length is 350 retry count 0
2019-09-05 07:36:52,411 | INFO  | SCMAudit | user=jenkins1000 | ip=192.168.36.69 | op=ALLOCATE_BLOCK {owner=4fd416a3-31f3-4489-a327-1d72dd21e7ce, size=800, type=RATIS, factor=THREE} | ret=SUCCESS |  
2019-09-05 07:36:52,413 | INFO  | OMAudit | user=jenkins1000 | ip=127.0.0.1 | op=ALLOCATE_BLOCK {volume=testblockoutputstream, bucket=testblockoutputstream, key=2ff7bf57-ee98-4e8b-a9c1-9590cc2884db, dataSize=0, replicationType=null, replicationFactor=null, keyLocationInfo=null, clientID=102738751265243136} | ret=SUCCESS |  
2019-09-05 07:36:52,463 | INFO  | SCMAudit | user=jenkins1000 | ip=192.168.36.69 | op=SEND_HEARTBEAT {datanodeUUID=017b796d-3321-494b-8d8c-e766a57787fe, command=[]} | ret=SUCCESS |  
2019-09-05 07:36:52,703 | INFO  | SCMAudit | user=jenkins1000 | ip=192.168.36.69 | op=SEND_HEARTBEAT {datanodeUUID=d8846d25-1678-4df1-8bff-f38eb3492905, command=[]} | ret=SUCCESS |  
2019-09-05 07:36:52,873 | INFO  | SCMAudit | user=jenkins1000 | ip=192.168.36.69 | op=SEND_HEARTBEAT {datanodeUUID=cbc4e215-9e19-470f-b262-a66375af609e, command=[]} | ret=SUCCESS |  
2019-09-05 07:36:52,946 | INFO  | SCMAudit | user=jenkins1000 | ip=192.168.36.69 | op=SEND_HEARTBEAT {datanodeUUID=5822af17-ba6a-443c-803e-51bf9a574bd0, command=[]} | ret=SUCCESS |  
2019-09-05 07:36:53,065 | INFO  | DNAudit | user=null | ip=null | op=WRITE_CHUNK {blockData=conID: 2 locID: 102738756397301762 bcsId: 0} | ret=SUCCESS |  
2019-09-05 07:36:53,065 | INFO  | DNAudit | user=null | ip=null | op=WRITE_CHUNK {blockData=conID: 2 locID: 102738756397301762 bcsId: 0} | ret=SUCCESS |  
2019-09-05 07:36:53,065 | INFO  | DNAudit | user=null | ip=null | op=WRITE_CHUNK {blockData=conID: 2 locID: 102738756397301762 bcsId: 0} | ret=SUCCESS |  
2019-09-05 07:36:53,065 | INFO  | SCMAudit | user=jenkins1000 | ip=192.168.36.69 | op=SEND_HEARTBEAT {datanodeUUID=d8846d25-1678-4df1-8bff-f38eb3492905, command=[]} | ret=SUCCESS |  
2019-09-05 07:36:53,065 | INFO  | SCMAudit | user=jenkins1000 | ip=192.168.36.69 | op=SEND_HEARTBEAT {datanodeUUID=618caef6-a8cd-4e5c-bc39-325bb83fc273, command=[]} | ret=SUCCESS |  
2019-09-05 07:36:53,065 | INFO  | SCMAudit | user=jenkins1000 | ip=192.168.36.69 | op=SEND_HEARTBEAT {datanodeUUID=5822af17-ba6a-443c-803e-51bf9a574bd0, command=[]} | ret=SUCCESS |  
2019-09-05 07:36:53,110 | INFO  | DNAudit | user=null | ip=null | op=WRITE_CHUNK {blockData=conID: 2 locID: 102738756397301762 bcsId: 0} | ret=SUCCESS |  
2019-09-05 07:36:53,119 [grpc-default-executor-5] INFO  client.GrpcClientProtocolClient (GrpcClientProtocolClient.java:onNext(255)) - client-F03CB0126482->618caef6-a8cd-4e5c-bc39-325bb83fc273: receive RaftClientReply:client-F03CB0126482->618caef6-a8cd-4e5c-bc39-325bb83fc273@group-C92E3FDB7DCF, cid=32, SUCCESS, logIndex=1, commits[618caef6-a8cd-4e5c-bc39-325bb83fc273:c1, 5822af17-ba6a-443c-803e-51bf9a574bd0:c0, d8846d25-1678-4df1-8bff-f38eb3492905:c0]
2019-09-05 07:36:53,125 | INFO  | DNAudit | user=null | ip=null | op=WRITE_CHUNK {blockData=conID: 2 locID: 102738756397301762 bcsId: 0} | ret=SUCCESS |  
2019-09-05 07:36:53,127 | INFO  | DNAudit | user=null | ip=null | op=WRITE_CHUNK {blockData=conID: 2 locID: 102738756397301762 bcsId: 0} | ret=SUCCESS |  
2019-09-05 07:36:53,127 | INFO  | DNAudit | user=null | ip=null | op=WRITE_CHUNK {blockData=conID: 2 locID: 102738756397301762 bcsId: 0} | ret=SUCCESS |  
2019-09-05 07:36:53,127 | INFO  | DNAudit | user=null | ip=null | op=WRITE_CHUNK {blockData=conID: 2 locID: 102738756397301762 bcsId: 0} | ret=SUCCESS |  
2019-09-05 07:36:53,128 | INFO  | DNAudit | user=null | ip=null | op=WRITE_CHUNK {blockData=conID: 2 locID: 102738756397301762 bcsId: 0} | ret=SUCCESS |  
2019-09-05 07:36:53,129 | INFO  | DNAudit | user=null | ip=null | op=WRITE_CHUNK {blockData=conID: 2 locID: 102738756397301762 bcsId: 0} | ret=SUCCESS |  
2019-09-05 07:36:53,129 | INFO  | DNAudit | user=null | ip=null | op=WRITE_CHUNK {blockData=conID: 2 locID: 102738756397301762 bcsId: 0} | ret=SUCCESS |  
2019-09-05 07:36:53,130 | INFO  | DNAudit | user=null | ip=null | op=WRITE_CHUNK {blockData=conID: 2 locID: 102738756397301762 bcsId: 0} | ret=SUCCESS |  
2019-09-05 07:36:53,130 | INFO  | DNAudit | user=null | ip=null | op=WRITE_CHUNK {blockData=conID: 2 locID: 102738756397301762 bcsId: 0} | ret=SUCCESS |  
2019-09-05 07:36:53,348 | INFO  | DNAudit | user=null | ip=null | op=WRITE_CHUNK {blockData=conID: 2 locID: 102738756397301762 bcsId: 0} | ret=SUCCESS |  
2019-09-05 07:36:53,348 | INFO  | DNAudit | user=null | ip=null | op=WRITE_CHUNK {blockData=conID: 2 locID: 102738756397301762 bcsId: 0} | ret=SUCCESS |  
2019-09-05 07:36:53,443 | INFO  | DNAudit | user=null | ip=null | op=WRITE_CHUNK {blockData=conID: 2 locID: 102738756397301762 bcsId: 0} | ret=SUCCESS |  
2019-09-05 07:36:53,454 [grpc-default-executor-6] INFO  client.GrpcClientProtocolClient (GrpcClientProtocolClient.java:onNext(255)) - client-F03CB0126482->618caef6-a8cd-4e5c-bc39-325bb83fc273: receive RaftClientReply:client-F03CB0126482->618caef6-a8cd-4e5c-bc39-325bb83fc273@group-C92E3FDB7DCF, cid=33, SUCCESS, logIndex=3, commits[618caef6-a8cd-4e5c-bc39-325bb83fc273:c5, 5822af17-ba6a-443c-803e-51bf9a574bd0:c1, d8846d25-1678-4df1-8bff-f38eb3492905:c1]
2019-09-05 07:36:53,462 | INFO  | SCMAudit | user=jenkins1000 | ip=192.168.36.69 | op=SEND_HEARTBEAT {datanodeUUID=017b796d-3321-494b-8d8c-e766a57787fe, command=[]} | ret=SUCCESS |  
2019-09-05 07:36:53,510 | INFO  | DNAudit | user=null | ip=null | op=WRITE_CHUNK {blockData=conID: 2 locID: 102738756397301762 bcsId: 0} | ret=SUCCESS |  
2019-09-05 07:36:53,510 | INFO  | DNAudit | user=null | ip=null | op=WRITE_CHUNK {blockData=conID: 2 locID: 102738756397301762 bcsId: 0} | ret=SUCCESS |  
2019-09-05 07:36:53,804 | INFO  | DNAudit | user=null | ip=null | op=PUT_BLOCK {blockData=[blockId=conID: 2 locID: 102738756397301762 bcsId: 0,size=200]} | ret=SUCCESS |  
2019-09-05 07:36:53,818 | INFO  | DNAudit | user=null | ip=null | op=WRITE_CHUNK {blockData=conID: 2 locID: 102738756397301762 bcsId: 0} | ret=SUCCESS |  
2019-09-05 07:36:53,819 [grpc-default-executor-7] INFO  client.GrpcClientProtocolClient (GrpcClientProtocolClient.java:onNext(255)) - client-F03CB0126482->618caef6-a8cd-4e5c-bc39-325bb83fc273: receive RaftClientReply:client-F03CB0126482->618caef6-a8cd-4e5c-bc39-325bb83fc273@group-C92E3FDB7DCF, cid=34, SUCCESS, logIndex=4, commits[618caef6-a8cd-4e5c-bc39-325bb83fc273:c12, 5822af17-ba6a-443c-803e-51bf9a574bd0:c7, d8846d25-1678-4df1-8bff-f38eb3492905:c7]
2019-09-05 07:36:53,820 | INFO  | DNAudit | user=null | ip=null | op=WRITE_CHUNK {blockData=conID: 2 locID: 102738756397301762 bcsId: 0} | ret=SUCCESS |  
2019-09-05 07:36:53,821 [grpc-default-executor-7] INFO  client.GrpcClientProtocolClient (GrpcClientProtocolClient.java:onNext(255)) - client-F03CB0126482->618caef6-a8cd-4e5c-bc39-325bb83fc273: receive RaftClientReply:client-F03CB0126482->618caef6-a8cd-4e5c-bc39-325bb83fc273@group-C92E3FDB7DCF, cid=35, SUCCESS, logIndex=5, commits[618caef6-a8cd-4e5c-bc39-325bb83fc273:c12, 5822af17-ba6a-443c-803e-51bf9a574bd0:c7, d8846d25-1678-4df1-8bff-f38eb3492905:c7]
2019-09-05 07:36:53,824 [grpc-default-executor-7] INFO  client.GrpcClientProtocolClient (GrpcClientProtocolClient.java:onNext(255)) - client-F03CB0126482->618caef6-a8cd-4e5c-bc39-325bb83fc273: receive RaftClientReply:client-F03CB0126482->618caef6-a8cd-4e5c-bc39-325bb83fc273@group-C92E3FDB7DCF, cid=36, SUCCESS, logIndex=6, commits[618caef6-a8cd-4e5c-bc39-325bb83fc273:c12, 5822af17-ba6a-443c-803e-51bf9a574bd0:c7, d8846d25-1678-4df1-8bff-f38eb3492905:c7]
2019-09-05 07:36:53,873 | INFO  | SCMAudit | user=jenkins1000 | ip=192.168.36.69 | op=SEND_HEARTBEAT {datanodeUUID=cbc4e215-9e19-470f-b262-a66375af609e, command=[]} | ret=SUCCESS |  
2019-09-05 07:36:54,061 | INFO  | SCMAudit | user=jenkins1000 | ip=192.168.36.69 | op=SEND_HEARTBEAT {datanodeUUID=618caef6-a8cd-4e5c-bc39-325bb83fc273, command=[]} | ret=SUCCESS |  
2019-09-05 07:36:54,061 | INFO  | SCMAudit | user=jenkins1000 | ip=192.168.36.69 | op=SEND_HEARTBEAT {datanodeUUID=d8846d25-1678-4df1-8bff-f38eb3492905, command=[]} | ret=SUCCESS |  
2019-09-05 07:36:54,061 | INFO  | SCMAudit | user=jenkins1000 | ip=192.168.36.69 | op=SEND_HEARTBEAT {datanodeUUID=5822af17-ba6a-443c-803e-51bf9a574bd0, command=[]} | ret=SUCCESS |  
2019-09-05 07:36:54,126 | INFO  | DNAudit | user=null | ip=null | op=PUT_BLOCK {blockData=[blockId=conID: 2 locID: 102738756397301762 bcsId: 0,size=200]} | ret=SUCCESS |  
2019-09-05 07:36:54,127 | INFO  | DNAudit | user=null | ip=null | op=WRITE_CHUNK {blockData=conID: 2 locID: 102738756397301762 bcsId: 0} | ret=SUCCESS |  
2019-09-05 07:36:54,128 | INFO  | DNAudit | user=null | ip=null | op=WRITE_CHUNK {blockData=conID: 2 locID: 102738756397301762 bcsId: 0} | ret=SUCCESS |  
2019-09-05 07:36:54,463 | INFO  | SCMAudit | user=jenkins1000 | ip=192.168.36.69 | op=SEND_HEARTBEAT {datanodeUUID=017b796d-3321-494b-8d8c-e766a57787fe, command=[]} | ret=SUCCESS |  
2019-09-05 07:36:54,474 | INFO  | DNAudit | user=null | ip=null | op=PUT_BLOCK {blockData=[blockId=conID: 2 locID: 102738756397301762 bcsId: 0,size=400]} | ret=SUCCESS |  
2019-09-05 07:36:54,474 | INFO  | DNAudit | user=null | ip=null | op=PUT_BLOCK {blockData=[blockId=conID: 2 locID: 102738756397301762 bcsId: 0,size=400]} | ret=SUCCESS |  
2019-09-05 07:36:54,477 [grpc-default-executor-7] INFO  client.GrpcClientProtocolClient (GrpcClientProtocolClient.java:onNext(255)) - client-F03CB0126482->618caef6-a8cd-4e5c-bc39-325bb83fc273: receive RaftClientReply:client-F03CB0126482->618caef6-a8cd-4e5c-bc39-325bb83fc273@group-C92E3FDB7DCF, cid=37, SUCCESS, logIndex=7, commits[618caef6-a8cd-4e5c-bc39-325bb83fc273:c12, 5822af17-ba6a-443c-803e-51bf9a574bd0:c7, d8846d25-1678-4df1-8bff-f38eb3492905:c7]
2019-09-05 07:36:54,482 | INFO  | DNAudit | user=null | ip=null | op=WRITE_CHUNK {blockData=conID: 2 locID: 102738756397301762 bcsId: 7} | ret=SUCCESS |  
2019-09-05 07:36:54,484 | INFO  | DNAudit | user=null | ip=null | op=WRITE_CHUNK {blockData=conID: 2 locID: 102738756397301762 bcsId: 7} | ret=SUCCESS |  
2019-09-05 07:36:54,485 | INFO  | DNAudit | user=null | ip=null | op=WRITE_CHUNK {blockData=conID: 2 locID: 102738756397301762 bcsId: 7} | ret=SUCCESS |  
2019-09-05 07:36:54,514 | INFO  | DNAudit | user=null | ip=null | op=WRITE_CHUNK {blockData=conID: 2 locID: 102738756397301762 bcsId: 7} | ret=SUCCESS |  
2019-09-05 07:36:54,515 [grpc-default-executor-7] INFO  client.GrpcClientProtocolClient (GrpcClientProtocolClient.java:onNext(255)) - client-F03CB0126482->618caef6-a8cd-4e5c-bc39-325bb83fc273: receive RaftClientReply:client-F03CB0126482->618caef6-a8cd-4e5c-bc39-325bb83fc273@group-C92E3FDB7DCF, cid=38, SUCCESS, logIndex=13, commits[618caef6-a8cd-4e5c-bc39-325bb83fc273:c13, 5822af17-ba6a-443c-803e-51bf9a574bd0:c12, d8846d25-1678-4df1-8bff-f38eb3492905:c12]
2019-09-05 07:36:54,526 | INFO  | DNAudit | user=null | ip=null | op=PUT_BLOCK {blockData=[blockId=conID: 2 locID: 102738756397301762 bcsId: 0,size=200]} | ret=SUCCESS |  
2019-09-05 07:36:54,527 | INFO  | DNAudit | user=null | ip=null | op=WRITE_CHUNK {blockData=conID: 2 locID: 102738756397301762 bcsId: 0} | ret=SUCCESS |  
2019-09-05 07:36:54,528 | INFO  | DNAudit | user=null | ip=null | op=WRITE_CHUNK {blockData=conID: 2 locID: 102738756397301762 bcsId: 0} | ret=SUCCESS |  
2019-09-05 07:36:54,529 | INFO  | DNAudit | user=null | ip=null | op=PUT_BLOCK {blockData=[blockId=conID: 2 locID: 102738756397301762 bcsId: 0,size=400]} | ret=SUCCESS |  
2019-09-05 07:36:54,550 | INFO  | DNAudit | user=null | ip=null | op=WRITE_CHUNK {blockData=conID: 2 locID: 102738756397301762 bcsId: 7} | ret=SUCCESS |  
2019-09-05 07:36:54,551 | INFO  | DNAudit | user=null | ip=null | op=WRITE_CHUNK {blockData=conID: 2 locID: 102738756397301762 bcsId: 7} | ret=SUCCESS |  
2019-09-05 07:36:54,551 | INFO  | DNAudit | user=null | ip=null | op=PUT_BLOCK {blockData=[blockId=conID: 2 locID: 102738756397301762 bcsId: 0,size=450]} | ret=SUCCESS |  
2019-09-05 07:36:54,553 [grpc-default-executor-6] INFO  client.GrpcClientProtocolClient (GrpcClientProtocolClient.java:onNext(255)) - client-F03CB0126482->618caef6-a8cd-4e5c-bc39-325bb83fc273: receive RaftClientReply:client-F03CB0126482->618caef6-a8cd-4e5c-bc39-325bb83fc273@group-C92E3FDB7DCF, cid=39, SUCCESS, logIndex=14, commits[618caef6-a8cd-4e5c-bc39-325bb83fc273:c14, 5822af17-ba6a-443c-803e-51bf9a574bd0:c12, d8846d25-1678-4df1-8bff-f38eb3492905:c12]
2019-09-05 07:36:54,873 | INFO  | SCMAudit | user=jenkins1000 | ip=192.168.36.69 | op=SEND_HEARTBEAT {datanodeUUID=cbc4e215-9e19-470f-b262-a66375af609e, command=[]} | ret=SUCCESS |  
2019-09-05 07:36:55,061 | INFO  | SCMAudit | user=jenkins1000 | ip=192.168.36.69 | op=SEND_HEARTBEAT {datanodeUUID=5822af17-ba6a-443c-803e-51bf9a574bd0, command=[]} | ret=SUCCESS |  
2019-09-05 07:36:55,061 | INFO  | SCMAudit | user=jenkins1000 | ip=192.168.36.69 | op=SEND_HEARTBEAT {datanodeUUID=d8846d25-1678-4df1-8bff-f38eb3492905, command=[]} | ret=SUCCESS |  
2019-09-05 07:36:55,061 | INFO  | SCMAudit | user=jenkins1000 | ip=192.168.36.69 | op=SEND_HEARTBEAT {datanodeUUID=618caef6-a8cd-4e5c-bc39-325bb83fc273, command=[]} | ret=SUCCESS |  
2019-09-05 07:36:55,464 | INFO  | SCMAudit | user=jenkins1000 | ip=192.168.36.69 | op=SEND_HEARTBEAT {datanodeUUID=017b796d-3321-494b-8d8c-e766a57787fe, command=[]} | ret=SUCCESS |  
2019-09-05 07:36:55,562 [main] WARN  scm.XceiverClientRatis (XceiverClientRatis.java:watchForCommit(262)) - 3 way commit failed on pipeline Pipeline[ Id: 4d0a58e4-5e13-4756-b8fc-c92e3fdb7dcf, Nodes: 618caef6-a8cd-4e5c-bc39-325bb83fc273{ip: 192.168.36.69, host: pr-hdds-1571-lfg7x-4139639749, networkLocation: /default-rack, certSerialId: null}d8846d25-1678-4df1-8bff-f38eb3492905{ip: 192.168.36.69, host: pr-hdds-1571-lfg7x-4139639749, networkLocation: /default-rack, certSerialId: null}5822af17-ba6a-443c-803e-51bf9a574bd0{ip: 192.168.36.69, host: pr-hdds-1571-lfg7x-4139639749, networkLocation: /default-rack, certSerialId: null}, Type:RATIS, Factor:THREE, State:OPEN]
java.util.concurrent.TimeoutException
	at java.util.concurrent.CompletableFuture.timedGet(CompletableFuture.java:1771)
	at java.util.concurrent.CompletableFuture.get(CompletableFuture.java:1915)
	at org.apache.hadoop.hdds.scm.XceiverClientRatis.watchForCommit(XceiverClientRatis.java:259)
	at org.apache.hadoop.hdds.scm.storage.CommitWatcher.watchForCommit(CommitWatcher.java:194)
	at org.apache.hadoop.hdds.scm.storage.CommitWatcher.watchOnLastIndex(CommitWatcher.java:157)
	at org.apache.hadoop.hdds.scm.storage.BlockOutputStream.watchForCommit(BlockOutputStream.java:347)
	at org.apache.hadoop.hdds.scm.storage.BlockOutputStream.handleFlush(BlockOutputStream.java:479)
	at org.apache.hadoop.hdds.scm.storage.BlockOutputStream.flush(BlockOutputStream.java:428)
	at org.apache.hadoop.ozone.client.io.BlockOutputStreamEntry.flush(BlockOutputStreamEntry.java:136)
	at org.apache.hadoop.ozone.client.io.KeyOutputStream.handleFlushOrClose(KeyOutputStream.java:442)
	at org.apache.hadoop.ozone.client.io.KeyOutputStream.flush(KeyOutputStream.java:396)
	at org.apache.hadoop.ozone.client.io.OzoneOutputStream.flush(OzoneOutputStream.java:54)
	at org.apache.hadoop.ozone.client.rpc.TestBlockOutputStreamWithFailures.test2DatanodesFailure(TestBlockOutputStreamWithFailures.java:502)
	at sun.reflect.NativeMethodAccessorImpl.invoke0(Native Method)
	at sun.reflect.NativeMethodAccessorImpl.invoke(NativeMethodAccessorImpl.java:62)
	at sun.reflect.DelegatingMethodAccessorImpl.invoke(DelegatingMethodAccessorImpl.java:43)
	at java.lang.reflect.Method.invoke(Method.java:498)
	at org.junit.runners.model.FrameworkMethod$1.runReflectiveCall(FrameworkMethod.java:47)
	at org.junit.internal.runners.model.ReflectiveCallable.run(ReflectiveCallable.java:12)
	at org.junit.runners.model.FrameworkMethod.invokeExplosively(FrameworkMethod.java:44)
	at org.junit.internal.runners.statements.InvokeMethod.evaluate(InvokeMethod.java:17)
	at org.junit.internal.runners.statements.RunBefores.evaluate(RunBefores.java:26)
	at org.junit.internal.runners.statements.RunAfters.evaluate(RunAfters.java:27)
	at org.junit.runners.ParentRunner.runLeaf(ParentRunner.java:271)
	at org.junit.runners.BlockJUnit4ClassRunner.runChild(BlockJUnit4ClassRunner.java:70)
	at org.junit.runners.BlockJUnit4ClassRunner.runChild(BlockJUnit4ClassRunner.java:50)
	at org.junit.runners.ParentRunner$3.run(ParentRunner.java:238)
	at org.junit.runners.ParentRunner$1.schedule(ParentRunner.java:63)
	at org.junit.runners.ParentRunner.runChildren(ParentRunner.java:236)
	at org.junit.runners.ParentRunner.access$000(ParentRunner.java:53)
	at org.junit.runners.ParentRunner$2.evaluate(ParentRunner.java:229)
	at org.junit.runners.ParentRunner.run(ParentRunner.java:309)
	at org.apache.maven.surefire.junit4.JUnit4Provider.execute(JUnit4Provider.java:365)
	at org.apache.maven.surefire.junit4.JUnit4Provider.executeWithRerun(JUnit4Provider.java:273)
	at org.apache.maven.surefire.junit4.JUnit4Provider.executeTestSet(JUnit4Provider.java:238)
	at org.apache.maven.surefire.junit4.JUnit4Provider.invoke(JUnit4Provider.java:159)
	at org.apache.maven.surefire.booter.ForkedBooter.invokeProviderInSameClassLoader(ForkedBooter.java:384)
	at org.apache.maven.surefire.booter.ForkedBooter.runSuitesInProcess(ForkedBooter.java:345)
	at org.apache.maven.surefire.booter.ForkedBooter.execute(ForkedBooter.java:126)
	at org.apache.maven.surefire.booter.ForkedBooter.main(ForkedBooter.java:418)
2019-09-05 07:36:55,873 | INFO  | SCMAudit | user=jenkins1000 | ip=192.168.36.69 | op=SEND_HEARTBEAT {datanodeUUID=cbc4e215-9e19-470f-b262-a66375af609e, command=[]} | ret=SUCCESS |  
2019-09-05 07:36:56,061 | INFO  | SCMAudit | user=jenkins1000 | ip=192.168.36.69 | op=SEND_HEARTBEAT {datanodeUUID=5822af17-ba6a-443c-803e-51bf9a574bd0, command=[]} | ret=SUCCESS |  
2019-09-05 07:36:56,061 | INFO  | SCMAudit | user=jenkins1000 | ip=192.168.36.69 | op=SEND_HEARTBEAT {datanodeUUID=d8846d25-1678-4df1-8bff-f38eb3492905, command=[]} | ret=SUCCESS |  
2019-09-05 07:36:56,061 | INFO  | SCMAudit | user=jenkins1000 | ip=192.168.36.69 | op=SEND_HEARTBEAT {datanodeUUID=618caef6-a8cd-4e5c-bc39-325bb83fc273, command=[]} | ret=SUCCESS |  
2019-09-05 07:36:56,464 | INFO  | SCMAudit | user=jenkins1000 | ip=192.168.36.69 | op=SEND_HEARTBEAT {datanodeUUID=017b796d-3321-494b-8d8c-e766a57787fe, command=[]} | ret=SUCCESS |  
2019-09-05 07:36:56,564 [main] WARN  storage.CommitWatcher (CommitWatcher.java:watchForCommit(203)) - watchForCommit failed for index 14
java.util.concurrent.TimeoutException
	at java.util.concurrent.CompletableFuture.timedGet(CompletableFuture.java:1771)
	at java.util.concurrent.CompletableFuture.get(CompletableFuture.java:1915)
	at org.apache.hadoop.hdds.scm.XceiverClientRatis.watchForCommit(XceiverClientRatis.java:268)
	at org.apache.hadoop.hdds.scm.storage.CommitWatcher.watchForCommit(CommitWatcher.java:194)
	at org.apache.hadoop.hdds.scm.storage.CommitWatcher.watchOnLastIndex(CommitWatcher.java:157)
	at org.apache.hadoop.hdds.scm.storage.BlockOutputStream.watchForCommit(BlockOutputStream.java:347)
	at org.apache.hadoop.hdds.scm.storage.BlockOutputStream.handleFlush(BlockOutputStream.java:479)
	at org.apache.hadoop.hdds.scm.storage.BlockOutputStream.flush(BlockOutputStream.java:428)
	at org.apache.hadoop.ozone.client.io.BlockOutputStreamEntry.flush(BlockOutputStreamEntry.java:136)
	at org.apache.hadoop.ozone.client.io.KeyOutputStream.handleFlushOrClose(KeyOutputStream.java:442)
	at org.apache.hadoop.ozone.client.io.KeyOutputStream.flush(KeyOutputStream.java:396)
	at org.apache.hadoop.ozone.client.io.OzoneOutputStream.flush(OzoneOutputStream.java:54)
	at org.apache.hadoop.ozone.client.rpc.TestBlockOutputStreamWithFailures.test2DatanodesFailure(TestBlockOutputStreamWithFailures.java:502)
	at sun.reflect.NativeMethodAccessorImpl.invoke0(Native Method)
	at sun.reflect.NativeMethodAccessorImpl.invoke(NativeMethodAccessorImpl.java:62)
	at sun.reflect.DelegatingMethodAccessorImpl.invoke(DelegatingMethodAccessorImpl.java:43)
	at java.lang.reflect.Method.invoke(Method.java:498)
	at org.junit.runners.model.FrameworkMethod$1.runReflectiveCall(FrameworkMethod.java:47)
	at org.junit.internal.runners.model.ReflectiveCallable.run(ReflectiveCallable.java:12)
	at org.junit.runners.model.FrameworkMethod.invokeExplosively(FrameworkMethod.java:44)
	at org.junit.internal.runners.statements.InvokeMethod.evaluate(InvokeMethod.java:17)
	at org.junit.internal.runners.statements.RunBefores.evaluate(RunBefores.java:26)
	at org.junit.internal.runners.statements.RunAfters.evaluate(RunAfters.java:27)
	at org.junit.runners.ParentRunner.runLeaf(ParentRunner.java:271)
	at org.junit.runners.BlockJUnit4ClassRunner.runChild(BlockJUnit4ClassRunner.java:70)
	at org.junit.runners.BlockJUnit4ClassRunner.runChild(BlockJUnit4ClassRunner.java:50)
	at org.junit.runners.ParentRunner$3.run(ParentRunner.java:238)
	at org.junit.runners.ParentRunner$1.schedule(ParentRunner.java:63)
	at org.junit.runners.ParentRunner.runChildren(ParentRunner.java:236)
	at org.junit.runners.ParentRunner.access$000(ParentRunner.java:53)
	at org.junit.runners.ParentRunner$2.evaluate(ParentRunner.java:229)
	at org.junit.runners.ParentRunner.run(ParentRunner.java:309)
	at org.apache.maven.surefire.junit4.JUnit4Provider.execute(JUnit4Provider.java:365)
	at org.apache.maven.surefire.junit4.JUnit4Provider.executeWithRerun(JUnit4Provider.java:273)
	at org.apache.maven.surefire.junit4.JUnit4Provider.executeTestSet(JUnit4Provider.java:238)
	at org.apache.maven.surefire.junit4.JUnit4Provider.invoke(JUnit4Provider.java:159)
	at org.apache.maven.surefire.booter.ForkedBooter.invokeProviderInSameClassLoader(ForkedBooter.java:384)
	at org.apache.maven.surefire.booter.ForkedBooter.runSuitesInProcess(ForkedBooter.java:345)
	at org.apache.maven.surefire.booter.ForkedBooter.execute(ForkedBooter.java:126)
	at org.apache.maven.surefire.booter.ForkedBooter.main(ForkedBooter.java:418)
2019-09-05 07:36:56,566 [main] WARN  io.KeyOutputStream (KeyOutputStream.java:handleException(276)) - Encountered exception java.io.IOException: Unexpected Storage Container Exception: java.io.IOException: Unexpected Storage Container Exception: java.util.concurrent.TimeoutException on the pipeline Pipeline[ Id: 4d0a58e4-5e13-4756-b8fc-c92e3fdb7dcf, Nodes: 618caef6-a8cd-4e5c-bc39-325bb83fc273{ip: 192.168.36.69, host: pr-hdds-1571-lfg7x-4139639749, networkLocation: /default-rack, certSerialId: null}d8846d25-1678-4df1-8bff-f38eb3492905{ip: 192.168.36.69, host: pr-hdds-1571-lfg7x-4139639749, networkLocation: /default-rack, certSerialId: null}5822af17-ba6a-443c-803e-51bf9a574bd0{ip: 192.168.36.69, host: pr-hdds-1571-lfg7x-4139639749, networkLocation: /default-rack, certSerialId: null}, Type:RATIS, Factor:THREE, State:OPEN]. The last committed block length is 400, uncommitted data length is 50 retry count 0
2019-09-05 07:36:56,577 [IPC Server handler 10 on 39617] WARN  block.BlockManagerImpl (BlockManagerImpl.java:allocateBlock(192)) - Pipeline creation failed for type:RATIS factor:THREE. Retrying get pipelines call once.
org.apache.hadoop.hdds.scm.pipeline.InsufficientDatanodesException: Cannot create pipeline of factor 3 using 2 nodes.
	at org.apache.hadoop.hdds.scm.pipeline.RatisPipelineProvider.create(RatisPipelineProvider.java:151)
	at org.apache.hadoop.hdds.scm.pipeline.PipelineFactory.create(PipelineFactory.java:57)
	at org.apache.hadoop.hdds.scm.pipeline.SCMPipelineManager.createPipeline(SCMPipelineManager.java:149)
	at org.apache.hadoop.hdds.scm.block.BlockManagerImpl.allocateBlock(BlockManagerImpl.java:190)
	at org.apache.hadoop.hdds.scm.server.SCMBlockProtocolServer.allocateBlock(SCMBlockProtocolServer.java:175)
	at org.apache.hadoop.ozone.protocolPB.ScmBlockLocationProtocolServerSideTranslatorPB.allocateScmBlock(ScmBlockLocationProtocolServerSideTranslatorPB.java:153)
	at org.apache.hadoop.ozone.protocolPB.ScmBlockLocationProtocolServerSideTranslatorPB.send(ScmBlockLocationProtocolServerSideTranslatorPB.java:112)
	at org.apache.hadoop.hdds.protocol.proto.ScmBlockLocationProtocolProtos$ScmBlockLocationProtocolService$2.callBlockingMethod(ScmBlockLocationProtocolProtos.java:13157)
	at org.apache.hadoop.ipc.ProtobufRpcEngine$Server$ProtoBufRpcInvoker.call(ProtobufRpcEngine.java:524)
	at org.apache.hadoop.ipc.RPC$Server.call(RPC.java:1025)
	at org.apache.hadoop.ipc.Server$RpcCall.run(Server.java:876)
	at org.apache.hadoop.ipc.Server$RpcCall.run(Server.java:822)
	at java.security.AccessController.doPrivileged(Native Method)
	at javax.security.auth.Subject.doAs(Subject.java:422)
	at org.apache.hadoop.security.UserGroupInformation.doAs(UserGroupInformation.java:1730)
	at org.apache.hadoop.ipc.Server$Handler.run(Server.java:2682)
2019-09-05 07:36:56,578 [IPC Server handler 10 on 39617] INFO  block.BlockManagerImpl (BlockManagerImpl.java:allocateBlock(198)) - Could not find available pipeline of type:RATIS and factor:THREE even after retrying
2019-09-05 07:36:56,578 [IPC Server handler 10 on 39617] ERROR block.BlockManagerImpl (BlockManagerImpl.java:allocateBlock(222)) - Unable to allocate a block for the size: 800, type: RATIS, factor: THREE
2019-09-05 07:36:56,578 | INFO  | SCMAudit | user=jenkins1000 | ip=192.168.36.69 | op=ALLOCATE_BLOCK {owner=4fd416a3-31f3-4489-a327-1d72dd21e7ce, size=800, type=RATIS, factor=THREE} | ret=SUCCESS |  
2019-09-05 07:36:56,583 | ERROR | OMAudit | user=jenkins1000 | ip=127.0.0.1 | op=ALLOCATE_BLOCK {volume=testblockoutputstream, bucket=testblockoutputstream, key=2ff7bf57-ee98-4e8b-a9c1-9590cc2884db, dataSize=0, replicationType=null, replicationFactor=null, keyLocationInfo=null, clientID=102738751265243136} | ret=FAILURE | org.apache.hadoop.hdds.scm.exceptions.SCMException: Allocated 0 blocks. Requested 1 blocks
	at org.apache.hadoop.hdds.scm.protocolPB.ScmBlockLocationProtocolClientSideTranslatorPB.handleError(ScmBlockLocationProtocolClientSideTranslatorPB.java:118)
	at org.apache.hadoop.hdds.scm.protocolPB.ScmBlockLocationProtocolClientSideTranslatorPB.allocateBlock(ScmBlockLocationProtocolClientSideTranslatorPB.java:156) 
2019-09-05 07:36:56,590 [main] ERROR io.BlockOutputStreamEntryPool (BlockOutputStreamEntryPool.java:allocateBlockIfNeeded(299)) - Try to allocate more blocks for write failed, already allocated 0 blocks for this write.
INTERNAL_ERROR org.apache.hadoop.ozone.om.exceptions.OMException: Allocated 0 blocks. Requested 1 blocks
	at org.apache.hadoop.ozone.om.protocolPB.OzoneManagerProtocolClientSideTranslatorPB.handleError(OzoneManagerProtocolClientSideTranslatorPB.java:725)
	at org.apache.hadoop.ozone.om.protocolPB.OzoneManagerProtocolClientSideTranslatorPB.allocateBlock(OzoneManagerProtocolClientSideTranslatorPB.java:757)
	at org.apache.hadoop.ozone.client.io.BlockOutputStreamEntryPool.allocateNewBlock(BlockOutputStreamEntryPool.java:248)
	at org.apache.hadoop.ozone.client.io.BlockOutputStreamEntryPool.allocateBlockIfNeeded(BlockOutputStreamEntryPool.java:296)
	at org.apache.hadoop.ozone.client.io.KeyOutputStream.handleWrite(KeyOutputStream.java:201)
	at org.apache.hadoop.ozone.client.io.KeyOutputStream.handleRetry(KeyOutputStream.java:376)
	at org.apache.hadoop.ozone.client.io.KeyOutputStream.handleException(KeyOutputStream.java:325)
	at org.apache.hadoop.ozone.client.io.KeyOutputStream.handleFlushOrClose(KeyOutputStream.java:448)
	at org.apache.hadoop.ozone.client.io.KeyOutputStream.flush(KeyOutputStream.java:396)
	at org.apache.hadoop.ozone.client.io.OzoneOutputStream.flush(OzoneOutputStream.java:54)
	at org.apache.hadoop.ozone.client.rpc.TestBlockOutputStreamWithFailures.test2DatanodesFailure(TestBlockOutputStreamWithFailures.java:502)
	at sun.reflect.NativeMethodAccessorImpl.invoke0(Native Method)
	at sun.reflect.NativeMethodAccessorImpl.invoke(NativeMethodAccessorImpl.java:62)
	at sun.reflect.DelegatingMethodAccessorImpl.invoke(DelegatingMethodAccessorImpl.java:43)
	at java.lang.reflect.Method.invoke(Method.java:498)
	at org.junit.runners.model.FrameworkMethod$1.runReflectiveCall(FrameworkMethod.java:47)
	at org.junit.internal.runners.model.ReflectiveCallable.run(ReflectiveCallable.java:12)
	at org.junit.runners.model.FrameworkMethod.invokeExplosively(FrameworkMethod.java:44)
	at org.junit.internal.runners.statements.InvokeMethod.evaluate(InvokeMethod.java:17)
	at org.junit.internal.runners.statements.RunBefores.evaluate(RunBefores.java:26)
	at org.junit.internal.runners.statements.RunAfters.evaluate(RunAfters.java:27)
	at org.junit.runners.ParentRunner.runLeaf(ParentRunner.java:271)
	at org.junit.runners.BlockJUnit4ClassRunner.runChild(BlockJUnit4ClassRunner.java:70)
	at org.junit.runners.BlockJUnit4ClassRunner.runChild(BlockJUnit4ClassRunner.java:50)
	at org.junit.runners.ParentRunner$3.run(ParentRunner.java:238)
	at org.junit.runners.ParentRunner$1.schedule(ParentRunner.java:63)
	at org.junit.runners.ParentRunner.runChildren(ParentRunner.java:236)
	at org.junit.runners.ParentRunner.access$000(ParentRunner.java:53)
	at org.junit.runners.ParentRunner$2.evaluate(ParentRunner.java:229)
	at org.junit.runners.ParentRunner.run(ParentRunner.java:309)
	at org.apache.maven.surefire.junit4.JUnit4Provider.execute(JUnit4Provider.java:365)
	at org.apache.maven.surefire.junit4.JUnit4Provider.executeWithRerun(JUnit4Provider.java:273)
	at org.apache.maven.surefire.junit4.JUnit4Provider.executeTestSet(JUnit4Provider.java:238)
	at org.apache.maven.surefire.junit4.JUnit4Provider.invoke(JUnit4Provider.java:159)
	at org.apache.maven.surefire.booter.ForkedBooter.invokeProviderInSameClassLoader(ForkedBooter.java:384)
	at org.apache.maven.surefire.booter.ForkedBooter.runSuitesInProcess(ForkedBooter.java:345)
	at org.apache.maven.surefire.booter.ForkedBooter.execute(ForkedBooter.java:126)
	at org.apache.maven.surefire.booter.ForkedBooter.main(ForkedBooter.java:418)
2019-09-05 07:36:56,591 [main] INFO  ozone.MiniOzoneClusterImpl (MiniOzoneClusterImpl.java:shutdown(321)) - Shutting down the Mini Ozone Cluster
2019-09-05 07:36:56,591 | INFO  | SCMAudit | user=null | ip=null | op=GET_SCM_INFO null | ret=SUCCESS |  
2019-09-05 07:36:56,592 [main] INFO  ozone.MiniOzoneClusterImpl (MiniOzoneClusterImpl.java:stop(336)) - Stopping the Mini Ozone Cluster
2019-09-05 07:36:56,592 [main] INFO  ozone.MiniOzoneClusterImpl (MiniOzoneClusterImpl.java:stop(338)) - Stopping the OzoneManager
2019-09-05 07:36:56,592 [main] INFO  ipc.Server (Server.java:stop(3082)) - Stopping server on 41429
2019-09-05 07:36:56,604 [IPC Server listener on 41429] INFO  ipc.Server (Server.java:run(1185)) - Stopping IPC Server listener on 41429
2019-09-05 07:36:56,608 [main] INFO  ratis.OzoneManagerDoubleBuffer (OzoneManagerDoubleBuffer.java:stop(248)) - Stopping OMDoubleBuffer flush thread
2019-09-05 07:36:56,614 [IPC Server Responder] INFO  ipc.Server (Server.java:run(1319)) - Stopping IPC Server Responder
2019-09-05 07:36:56,616 [OMDoubleBufferFlushThread] INFO  ratis.OzoneManagerDoubleBuffer (OzoneManagerDoubleBuffer.java:flushTransactions(191)) - OMDoubleBuffer flush thread OMDoubleBufferFlushThread is interrupted and will exit. OMDoubleBufferFlushThread
2019-09-05 07:36:56,632 [main] INFO  utils.BackgroundService (BackgroundService.java:shutdown(148)) - Shutting down service KeyDeletingService
2019-09-05 07:36:56,646 [main] INFO  handler.ContextHandler (ContextHandler.java:doStop(910)) - Stopped o.e.j.w.WebAppContext@40d10481{/,null,UNAVAILABLE}{/ozoneManager}
2019-09-05 07:36:56,648 [main] INFO  server.AbstractConnector (AbstractConnector.java:doStop(318)) - Stopped ServerConnector@60dd3c23{HTTP/1.1,[http/1.1]}{0.0.0.0:0}
2019-09-05 07:36:56,649 [main] INFO  handler.ContextHandler (ContextHandler.java:doStop(910)) - Stopped o.e.j.s.ServletContextHandler@736f3e9e{/static,file:///workdir/hadoop-ozone/integration-test/target/test-classes/webapps/static,UNAVAILABLE}
2019-09-05 07:36:56,650 [main] INFO  handler.ContextHandler (ContextHandler.java:doStop(910)) - Stopped o.e.j.s.ServletContextHandler@49dbaaf3{/logs,file:///workdir/hadoop-ozone/integration-test/target/log,UNAVAILABLE}
2019-09-05 07:36:56,655 [main] INFO  ozone.MiniOzoneClusterImpl (MiniOzoneClusterImpl.java:stop(344)) - Shutting the HddsDatanodes
2019-09-05 07:36:56,656 [main] INFO  datanode.ObjectStoreHandler (ObjectStoreHandler.java:close(155)) - Closing ObjectStoreHandler.
2019-09-05 07:36:56,656 [ForkJoinPool.commonPool-worker-0] INFO  datanode.ObjectStoreHandler (ObjectStoreHandler.java:close(155)) - Closing ObjectStoreHandler.
2019-09-05 07:36:56,659 [main] INFO  ozone.HddsDatanodeService (HddsDatanodeService.java:stop(451)) - Stopped plug-in org.apache.hadoop.ozone.web.OzoneHddsDatanodeService@693f2213
2019-09-05 07:36:56,659 [ForkJoinPool.commonPool-worker-0] INFO  ozone.HddsDatanodeService (HddsDatanodeService.java:stop(451)) - Stopped plug-in org.apache.hadoop.ozone.web.OzoneHddsDatanodeService@501957bf
2019-09-05 07:36:56,873 | INFO  | SCMAudit | user=jenkins1000 | ip=192.168.36.69 | op=SEND_HEARTBEAT {datanodeUUID=cbc4e215-9e19-470f-b262-a66375af609e, command=[]} | ret=SUCCESS |  
2019-09-05 07:36:56,923 [RatisPipelineUtilsThread] WARN  pipeline.RatisPipelineUtils (RatisPipelineUtils.java:destroyPipeline(66)) - Pipeline destroy failed for pipeline=PipelineID=0cf20a7b-f193-4a1a-9360-193ed8ad1d8f dn=216f763b-3e68-44a6-8a6b-4b7681664146{ip: 192.168.36.69, host: pr-hdds-1571-lfg7x-4139639749, networkLocation: /default-rack, certSerialId: null}
2019-09-05 07:36:56,923 [RatisPipelineUtilsThread] INFO  pipeline.PipelineStateManager (PipelineStateManager.java:removePipeline(108)) - Pipeline Pipeline[ Id: 0cf20a7b-f193-4a1a-9360-193ed8ad1d8f, Nodes: 216f763b-3e68-44a6-8a6b-4b7681664146{ip: 192.168.36.69, host: pr-hdds-1571-lfg7x-4139639749, networkLocation: /default-rack, certSerialId: null}, Type:RATIS, Factor:ONE, State:CLOSED] removed from db
2019-09-05 07:36:56,926 [RatisPipelineUtilsThread] WARN  pipeline.RatisPipelineUtils (RatisPipelineUtils.java:destroyPipeline(66)) - Pipeline destroy failed for pipeline=PipelineID=914be1f7-a49a-4d55-96c7-275862eaf019 dn=7a080ec0-19ca-4af1-b3b9-6aaba7a45b53{ip: 192.168.36.69, host: pr-hdds-1571-lfg7x-4139639749, networkLocation: /default-rack, certSerialId: null}
2019-09-05 07:36:56,929 [RatisPipelineUtilsThread] WARN  pipeline.RatisPipelineUtils (RatisPipelineUtils.java:destroyPipeline(66)) - Pipeline destroy failed for pipeline=PipelineID=914be1f7-a49a-4d55-96c7-275862eaf019 dn=216f763b-3e68-44a6-8a6b-4b7681664146{ip: 192.168.36.69, host: pr-hdds-1571-lfg7x-4139639749, networkLocation: /default-rack, certSerialId: null}
2019-09-05 07:36:56,937 [grpc-default-executor-6] INFO  impl.RaftServerProxy (RaftServerProxy.java:remove(95)) - cbc4e215-9e19-470f-b262-a66375af609e: remove group-275862EAF019:null
2019-09-05 07:36:56,947 [RatisPipelineUtilsThread] WARN  pipeline.RatisPipelineUtils (RatisPipelineUtils.java:destroyPipeline(66)) - Pipeline destroy failed for pipeline=PipelineID=914be1f7-a49a-4d55-96c7-275862eaf019 dn=cbc4e215-9e19-470f-b262-a66375af609e{ip: 192.168.36.69, host: pr-hdds-1571-lfg7x-4139639749, networkLocation: /default-rack, certSerialId: null}
2019-09-05 07:36:56,947 [RatisPipelineUtilsThread] ERROR pipeline.SCMPipelineManager (Scheduler.java:lambda$schedule$1(70)) - Destroy pipeline failed for pipeline:Pipeline[ Id: 914be1f7-a49a-4d55-96c7-275862eaf019, Nodes: 7a080ec0-19ca-4af1-b3b9-6aaba7a45b53{ip: 192.168.36.69, host: pr-hdds-1571-lfg7x-4139639749, networkLocation: /default-rack, certSerialId: null}216f763b-3e68-44a6-8a6b-4b7681664146{ip: 192.168.36.69, host: pr-hdds-1571-lfg7x-4139639749, networkLocation: /default-rack, certSerialId: null}cbc4e215-9e19-470f-b262-a66375af609e{ip: 192.168.36.69, host: pr-hdds-1571-lfg7x-4139639749, networkLocation: /default-rack, certSerialId: null}, Type:RATIS, Factor:THREE, State:CLOSED]
org.apache.hadoop.hdds.scm.pipeline.PipelineNotFoundException: PipelineID=914be1f7-a49a-4d55-96c7-275862eaf019 not found
	at org.apache.hadoop.hdds.scm.pipeline.PipelineStateMap.getPipeline(PipelineStateMap.java:132)
	at org.apache.hadoop.hdds.scm.pipeline.PipelineStateMap.removePipeline(PipelineStateMap.java:322)
	at org.apache.hadoop.hdds.scm.pipeline.PipelineStateManager.removePipeline(PipelineStateManager.java:107)
	at org.apache.hadoop.hdds.scm.pipeline.SCMPipelineManager.removePipeline(SCMPipelineManager.java:397)
	at org.apache.hadoop.hdds.scm.pipeline.SCMPipelineManager.destroyPipeline(SCMPipelineManager.java:383)
	at org.apache.hadoop.hdds.scm.pipeline.SCMPipelineManager.lambda$finalizeAndDestroyPipeline$0(SCMPipelineManager.java:316)
	at org.apache.hadoop.utils.Scheduler.lambda$schedule$1(Scheduler.java:68)
	at java.util.concurrent.Executors$RunnableAdapter.call(Executors.java:511)
	at java.util.concurrent.FutureTask.run(FutureTask.java:266)
	at java.util.concurrent.ScheduledThreadPoolExecutor$ScheduledFutureTask.access$201(ScheduledThreadPoolExecutor.java:180)
	at java.util.concurrent.ScheduledThreadPoolExecutor$ScheduledFutureTask.run(ScheduledThreadPoolExecutor.java:293)
	at java.util.concurrent.ThreadPoolExecutor.runWorker(ThreadPoolExecutor.java:1149)
	at java.util.concurrent.ThreadPoolExecutor$Worker.run(ThreadPoolExecutor.java:624)
	at java.lang.Thread.run(Thread.java:748)
2019-09-05 07:36:57,060 [Datanode State Machine Thread - 0] INFO  statemachine.DatanodeStateMachine (DatanodeStateMachine.java:lambda$startDaemon$0(350)) - Ozone container server started.
2019-09-05 07:36:57,060 [Datanode State Machine Thread - 0] INFO  statemachine.DatanodeStateMachine (DatanodeStateMachine.java:lambda$startDaemon$0(350)) - Ozone container server started.
2019-09-05 07:36:57,061 | INFO  | SCMAudit | user=jenkins1000 | ip=192.168.36.69 | op=SEND_HEARTBEAT {datanodeUUID=d8846d25-1678-4df1-8bff-f38eb3492905, command=[]} | ret=SUCCESS |  
2019-09-05 07:36:57,211 [grpc-default-executor-6] INFO  client.GrpcClientProtocolClient (GrpcClientProtocolClient.java:onNext(255)) - client-F03CB0126482->618caef6-a8cd-4e5c-bc39-325bb83fc273: receive RaftClientReply:client-F03CB0126482->618caef6-a8cd-4e5c-bc39-325bb83fc273@group-C92E3FDB7DCF, cid=41, SUCCESS, logIndex=0, commits[618caef6-a8cd-4e5c-bc39-325bb83fc273:c16, 5822af17-ba6a-443c-803e-51bf9a574bd0:c13, d8846d25-1678-4df1-8bff-f38eb3492905:c16]
2019-09-05 07:36:57,211 [grpc-default-executor-6] INFO  client.GrpcClientProtocolClient (GrpcClientProtocolClient.java:onNext(255)) - client-F03CB0126482->618caef6-a8cd-4e5c-bc39-325bb83fc273: receive RaftClientReply:client-F03CB0126482->618caef6-a8cd-4e5c-bc39-325bb83fc273@group-C92E3FDB7DCF, cid=40, SUCCESS, logIndex=0, commits[618caef6-a8cd-4e5c-bc39-325bb83fc273:c16, 5822af17-ba6a-443c-803e-51bf9a574bd0:c16, d8846d25-1678-4df1-8bff-f38eb3492905:c16]
2019-09-05 07:36:57,464 | INFO  | SCMAudit | user=jenkins1000 | ip=192.168.36.69 | op=SEND_HEARTBEAT {datanodeUUID=017b796d-3321-494b-8d8c-e766a57787fe, command=[]} | ret=SUCCESS |  
2019-09-05 07:36:57,873 | INFO  | SCMAudit | user=jenkins1000 | ip=192.168.36.69 | op=SEND_HEARTBEAT {datanodeUUID=cbc4e215-9e19-470f-b262-a66375af609e, command=[]} | ret=SUCCESS |  
2019-09-05 07:36:58,061 | INFO  | SCMAudit | user=jenkins1000 | ip=192.168.36.69 | op=SEND_HEARTBEAT {datanodeUUID=d8846d25-1678-4df1-8bff-f38eb3492905, command=[]} | ret=SUCCESS |  
2019-09-05 07:36:58,464 | INFO  | SCMAudit | user=jenkins1000 | ip=192.168.36.69 | op=SEND_HEARTBEAT {datanodeUUID=017b796d-3321-494b-8d8c-e766a57787fe, command=[]} | ret=SUCCESS |  
2019-09-05 07:36:58,873 | INFO  | SCMAudit | user=jenkins1000 | ip=192.168.36.69 | op=SEND_HEARTBEAT {datanodeUUID=cbc4e215-9e19-470f-b262-a66375af609e, command=[]} | ret=SUCCESS |  
2019-09-05 07:36:59,062 | INFO  | SCMAudit | user=jenkins1000 | ip=192.168.36.69 | op=SEND_HEARTBEAT {datanodeUUID=d8846d25-1678-4df1-8bff-f38eb3492905, command=[]} | ret=SUCCESS |  
2019-09-05 07:36:59,464 | INFO  | SCMAudit | user=jenkins1000 | ip=192.168.36.69 | op=SEND_HEARTBEAT {datanodeUUID=017b796d-3321-494b-8d8c-e766a57787fe, command=[]} | ret=SUCCESS |  
2019-09-05 07:36:59,873 | INFO  | SCMAudit | user=jenkins1000 | ip=192.168.36.69 | op=SEND_HEARTBEAT {datanodeUUID=cbc4e215-9e19-470f-b262-a66375af609e, command=[]} | ret=SUCCESS |  
2019-09-05 07:37:00,061 | INFO  | SCMAudit | user=jenkins1000 | ip=192.168.36.69 | op=SEND_HEARTBEAT {datanodeUUID=d8846d25-1678-4df1-8bff-f38eb3492905, command=[]} | ret=SUCCESS |  
2019-09-05 07:37:00,464 | INFO  | SCMAudit | user=jenkins1000 | ip=192.168.36.69 | op=SEND_HEARTBEAT {datanodeUUID=017b796d-3321-494b-8d8c-e766a57787fe, command=[]} | ret=SUCCESS |  
2019-09-05 07:37:00,873 | INFO  | SCMAudit | user=jenkins1000 | ip=192.168.36.69 | op=SEND_HEARTBEAT {datanodeUUID=cbc4e215-9e19-470f-b262-a66375af609e, command=[]} | ret=SUCCESS |  
2019-09-05 07:37:01,061 | INFO  | SCMAudit | user=jenkins1000 | ip=192.168.36.69 | op=SEND_HEARTBEAT {datanodeUUID=d8846d25-1678-4df1-8bff-f38eb3492905, command=[]} | ret=SUCCESS |  
2019-09-05 07:37:01,139 [EventQueue-StaleNodeForStaleNodeHandler] INFO  node.StaleNodeHandler (StaleNodeHandler.java:onMessage(58)) - Datanode 618caef6-a8cd-4e5c-bc39-325bb83fc273{ip: 192.168.36.69, host: pr-hdds-1571-lfg7x-4139639749, networkLocation: /default-rack, certSerialId: null} moved to stale state. Finalizing its pipelines [PipelineID=0aa93389-44d9-42b7-b250-c2fb971d5f68, PipelineID=4d0a58e4-5e13-4756-b8fc-c92e3fdb7dcf]
2019-09-05 07:37:01,140 [EventQueue-StaleNodeForStaleNodeHandler] INFO  pipeline.SCMPipelineManager (SCMPipelineManager.java:finalizeAndDestroyPipeline(309)) - destroying pipeline:Pipeline[ Id: 0aa93389-44d9-42b7-b250-c2fb971d5f68, Nodes: 618caef6-a8cd-4e5c-bc39-325bb83fc273{ip: 192.168.36.69, host: pr-hdds-1571-lfg7x-4139639749, networkLocation: /default-rack, certSerialId: null}, Type:RATIS, Factor:ONE, State:OPEN]
2019-09-05 07:37:01,140 [EventQueue-StaleNodeForStaleNodeHandler] INFO  pipeline.PipelineStateManager (PipelineStateManager.java:finalizePipeline(123)) - Pipeline Pipeline[ Id: 0aa93389-44d9-42b7-b250-c2fb971d5f68, Nodes: 618caef6-a8cd-4e5c-bc39-325bb83fc273{ip: 192.168.36.69, host: pr-hdds-1571-lfg7x-4139639749, networkLocation: /default-rack, certSerialId: null}, Type:RATIS, Factor:ONE, State:CLOSED] moved to CLOSED state
2019-09-05 07:37:01,140 [EventQueue-StaleNodeForStaleNodeHandler] INFO  pipeline.SCMPipelineManager (SCMPipelineManager.java:finalizeAndDestroyPipeline(309)) - destroying pipeline:Pipeline[ Id: 4d0a58e4-5e13-4756-b8fc-c92e3fdb7dcf, Nodes: 618caef6-a8cd-4e5c-bc39-325bb83fc273{ip: 192.168.36.69, host: pr-hdds-1571-lfg7x-4139639749, networkLocation: /default-rack, certSerialId: null}d8846d25-1678-4df1-8bff-f38eb3492905{ip: 192.168.36.69, host: pr-hdds-1571-lfg7x-4139639749, networkLocation: /default-rack, certSerialId: null}5822af17-ba6a-443c-803e-51bf9a574bd0{ip: 192.168.36.69, host: pr-hdds-1571-lfg7x-4139639749, networkLocation: /default-rack, certSerialId: null}, Type:RATIS, Factor:THREE, State:OPEN]
2019-09-05 07:37:01,140 [EventQueue-StaleNodeForStaleNodeHandler] INFO  pipeline.PipelineStateManager (PipelineStateManager.java:finalizePipeline(123)) - Pipeline Pipeline[ Id: 4d0a58e4-5e13-4756-b8fc-c92e3fdb7dcf, Nodes: 618caef6-a8cd-4e5c-bc39-325bb83fc273{ip: 192.168.36.69, host: pr-hdds-1571-lfg7x-4139639749, networkLocation: /default-rack, certSerialId: null}d8846d25-1678-4df1-8bff-f38eb3492905{ip: 192.168.36.69, host: pr-hdds-1571-lfg7x-4139639749, networkLocation: /default-rack, certSerialId: null}5822af17-ba6a-443c-803e-51bf9a574bd0{ip: 192.168.36.69, host: pr-hdds-1571-lfg7x-4139639749, networkLocation: /default-rack, certSerialId: null}, Type:RATIS, Factor:THREE, State:CLOSED] moved to CLOSED state
2019-09-05 07:37:01,140 [EventQueue-StaleNodeForStaleNodeHandler] INFO  node.StaleNodeHandler (StaleNodeHandler.java:onMessage(58)) - Datanode 5822af17-ba6a-443c-803e-51bf9a574bd0{ip: 192.168.36.69, host: pr-hdds-1571-lfg7x-4139639749, networkLocation: /default-rack, certSerialId: null} moved to stale state. Finalizing its pipelines [PipelineID=c7ee228a-a0b7-4e0f-b145-ac26640c4cd3, PipelineID=4d0a58e4-5e13-4756-b8fc-c92e3fdb7dcf]
2019-09-05 07:37:01,141 [EventQueue-StaleNodeForStaleNodeHandler] INFO  pipeline.SCMPipelineManager (SCMPipelineManager.java:finalizeAndDestroyPipeline(309)) - destroying pipeline:Pipeline[ Id: c7ee228a-a0b7-4e0f-b145-ac26640c4cd3, Nodes: 5822af17-ba6a-443c-803e-51bf9a574bd0{ip: 192.168.36.69, host: pr-hdds-1571-lfg7x-4139639749, networkLocation: /default-rack, certSerialId: null}, Type:RATIS, Factor:ONE, State:OPEN]
2019-09-05 07:37:01,141 [EventQueue-CloseContainerForCloseContainerEventHandler] INFO  container.CloseContainerEventHandler (CloseContainerEventHandler.java:onMessage(61)) - Close container Event triggered for container : #2
2019-09-05 07:37:01,141 [EventQueue-StaleNodeForStaleNodeHandler] INFO  pipeline.PipelineStateManager (PipelineStateManager.java:finalizePipeline(123)) - Pipeline Pipeline[ Id: c7ee228a-a0b7-4e0f-b145-ac26640c4cd3, Nodes: 5822af17-ba6a-443c-803e-51bf9a574bd0{ip: 192.168.36.69, host: pr-hdds-1571-lfg7x-4139639749, networkLocation: /default-rack, certSerialId: null}, Type:RATIS, Factor:ONE, State:CLOSED] moved to CLOSED state
2019-09-05 07:37:01,141 [EventQueue-StaleNodeForStaleNodeHandler] INFO  pipeline.SCMPipelineManager (SCMPipelineManager.java:finalizeAndDestroyPipeline(309)) - destroying pipeline:Pipeline[ Id: 4d0a58e4-5e13-4756-b8fc-c92e3fdb7dcf, Nodes: 618caef6-a8cd-4e5c-bc39-325bb83fc273{ip: 192.168.36.69, host: pr-hdds-1571-lfg7x-4139639749, networkLocation: /default-rack, certSerialId: null}d8846d25-1678-4df1-8bff-f38eb3492905{ip: 192.168.36.69, host: pr-hdds-1571-lfg7x-4139639749, networkLocation: /default-rack, certSerialId: null}5822af17-ba6a-443c-803e-51bf9a574bd0{ip: 192.168.36.69, host: pr-hdds-1571-lfg7x-4139639749, networkLocation: /default-rack, certSerialId: null}, Type:RATIS, Factor:THREE, State:CLOSED]
2019-09-05 07:37:01,142 [EventQueue-CloseContainerForCloseContainerEventHandler] INFO  container.CloseContainerEventHandler (CloseContainerEventHandler.java:onMessage(61)) - Close container Event triggered for container : #2
2019-09-05 07:37:01,464 | INFO  | SCMAudit | user=jenkins1000 | ip=192.168.36.69 | op=SEND_HEARTBEAT {datanodeUUID=017b796d-3321-494b-8d8c-e766a57787fe, command=[]} | ret=SUCCESS |  
2019-09-05 07:37:01,662 [main] INFO  ozoneimpl.OzoneContainer (OzoneContainer.java:stop(199)) - Attempting to stop container services.
2019-09-05 07:37:01,662 [ForkJoinPool.commonPool-worker-0] INFO  ozoneimpl.OzoneContainer (OzoneContainer.java:stop(199)) - Attempting to stop container services.
2019-09-05 07:37:01,663 [main] INFO  impl.RaftServerProxy (RaftServerProxy.java:lambda$close$4(314)) - 5822af17-ba6a-443c-803e-51bf9a574bd0: close
2019-09-05 07:37:01,664 [ForkJoinPool.commonPool-worker-0] INFO  impl.RaftServerProxy (RaftServerProxy.java:lambda$close$4(314)) - 618caef6-a8cd-4e5c-bc39-325bb83fc273: close
2019-09-05 07:37:01,664 [main] INFO  impl.RaftServerImpl (RaftServerImpl.java:lambda$shutdown$3(245)) - 5822af17-ba6a-443c-803e-51bf9a574bd0: shutdown group-AC26640C4CD3
2019-09-05 07:37:01,664 [ForkJoinPool.commonPool-worker-0] INFO  impl.RaftServerImpl (RaftServerImpl.java:lambda$shutdown$3(245)) - 618caef6-a8cd-4e5c-bc39-325bb83fc273: shutdown group-C2FB971D5F68
2019-09-05 07:37:01,665 [main] INFO  util.JmxRegister (JmxRegister.java:unregister(73)) - Successfully un-registered JMX Bean with object name Ratis:service=RaftServer,group=group-AC26640C4CD3,id=5822af17-ba6a-443c-803e-51bf9a574bd0
2019-09-05 07:37:01,665 [main] INFO  impl.RoleInfo (RoleInfo.java:shutdownLeaderState(104)) - 5822af17-ba6a-443c-803e-51bf9a574bd0: shutdown LeaderState
2019-09-05 07:37:01,665 [ForkJoinPool.commonPool-worker-0] INFO  util.JmxRegister (JmxRegister.java:unregister(73)) - Successfully un-registered JMX Bean with object name Ratis:service=RaftServer,group=group-C2FB971D5F68,id=618caef6-a8cd-4e5c-bc39-325bb83fc273
2019-09-05 07:37:01,666 [main] INFO  impl.PendingRequests (PendingRequests.java:sendNotLeaderResponses(202)) - 5822af17-ba6a-443c-803e-51bf9a574bd0-PendingRequests: sendNotLeaderResponses
2019-09-05 07:37:01,666 [ForkJoinPool.commonPool-worker-0] INFO  impl.RoleInfo (RoleInfo.java:shutdownLeaderState(104)) - 618caef6-a8cd-4e5c-bc39-325bb83fc273: shutdown LeaderState
2019-09-05 07:37:01,666 [main] INFO  impl.StateMachineUpdater (StateMachineUpdater.java:stopAndJoin(115)) - StateMachineUpdater:5822af17-ba6a-443c-803e-51bf9a574bd0:group-AC26640C4CD3: set stopIndex = 0
2019-09-05 07:37:01,667 [ForkJoinPool.commonPool-worker-0] INFO  impl.PendingRequests (PendingRequests.java:sendNotLeaderResponses(202)) - 618caef6-a8cd-4e5c-bc39-325bb83fc273-PendingRequests: sendNotLeaderResponses
2019-09-05 07:37:01,672 [main] INFO  impl.RaftServerImpl (ServerState.java:close(394)) - 5822af17-ba6a-443c-803e-51bf9a574bd0:group-AC26640C4CD3 closes. The last applied log index is 0
2019-09-05 07:37:01,673 [ForkJoinPool.commonPool-worker-0] INFO  impl.StateMachineUpdater (StateMachineUpdater.java:stopAndJoin(115)) - StateMachineUpdater:618caef6-a8cd-4e5c-bc39-325bb83fc273:group-C2FB971D5F68: set stopIndex = 0
2019-09-05 07:37:01,673 [ForkJoinPool.commonPool-worker-0] INFO  impl.RaftServerImpl (ServerState.java:close(394)) - 618caef6-a8cd-4e5c-bc39-325bb83fc273:group-C2FB971D5F68 closes. The last applied log index is 0
2019-09-05 07:37:01,673 [5822af17-ba6a-443c-803e-51bf9a574bd0-SegmentedRaftLogWorker:Storage Directory /workdir/hadoop-ozone/integration-test/target/test-dir/MiniOzoneClusterImpl-a91fc67d-f8c9-4dc9-8b91-6f02eb894b3b/datanode-4/data/ratis/c7ee228a-a0b7-4e0f-b145-ac26640c4cd3] INFO  segmented.SegmentedRaftLogWorker (SegmentedRaftLogWorker.java:run(313)) - 5822af17-ba6a-443c-803e-51bf9a574bd0-SegmentedRaftLogWorker:Storage Directory /workdir/hadoop-ozone/integration-test/target/test-dir/MiniOzoneClusterImpl-a91fc67d-f8c9-4dc9-8b91-6f02eb894b3b/datanode-4/data/ratis/c7ee228a-a0b7-4e0f-b145-ac26640c4cd3 was interrupted, exiting. There are 0 tasks remaining in the queue.
2019-09-05 07:37:01,674 [618caef6-a8cd-4e5c-bc39-325bb83fc273-SegmentedRaftLogWorker:Storage Directory /workdir/hadoop-ozone/integration-test/target/test-dir/MiniOzoneClusterImpl-a91fc67d-f8c9-4dc9-8b91-6f02eb894b3b/datanode-1/data/ratis/0aa93389-44d9-42b7-b250-c2fb971d5f68] INFO  segmented.SegmentedRaftLogWorker (SegmentedRaftLogWorker.java:run(313)) - 618caef6-a8cd-4e5c-bc39-325bb83fc273-SegmentedRaftLogWorker:Storage Directory /workdir/hadoop-ozone/integration-test/target/test-dir/MiniOzoneClusterImpl-a91fc67d-f8c9-4dc9-8b91-6f02eb894b3b/datanode-1/data/ratis/0aa93389-44d9-42b7-b250-c2fb971d5f68 was interrupted, exiting. There are 0 tasks remaining in the queue.
2019-09-05 07:37:01,677 [main] INFO  segmented.SegmentedRaftLogWorker (SegmentedRaftLogWorker.java:close(228)) - 5822af17-ba6a-443c-803e-51bf9a574bd0-SegmentedRaftLogWorker:Storage Directory /workdir/hadoop-ozone/integration-test/target/test-dir/MiniOzoneClusterImpl-a91fc67d-f8c9-4dc9-8b91-6f02eb894b3b/datanode-4/data/ratis/c7ee228a-a0b7-4e0f-b145-ac26640c4cd3 close()
2019-09-05 07:37:01,679 [ForkJoinPool.commonPool-worker-0] INFO  segmented.SegmentedRaftLogWorker (SegmentedRaftLogWorker.java:close(228)) - 618caef6-a8cd-4e5c-bc39-325bb83fc273-SegmentedRaftLogWorker:Storage Directory /workdir/hadoop-ozone/integration-test/target/test-dir/MiniOzoneClusterImpl-a91fc67d-f8c9-4dc9-8b91-6f02eb894b3b/datanode-1/data/ratis/0aa93389-44d9-42b7-b250-c2fb971d5f68 close()
2019-09-05 07:37:01,682 [main] INFO  impl.RaftServerImpl (RaftServerImpl.java:lambda$shutdown$3(245)) - 5822af17-ba6a-443c-803e-51bf9a574bd0: shutdown group-C92E3FDB7DCF
2019-09-05 07:37:01,685 [ForkJoinPool.commonPool-worker-0] INFO  impl.RaftServerImpl (RaftServerImpl.java:lambda$shutdown$3(245)) - 618caef6-a8cd-4e5c-bc39-325bb83fc273: shutdown group-C92E3FDB7DCF
2019-09-05 07:37:01,685 [main] INFO  util.JmxRegister (JmxRegister.java:unregister(73)) - Successfully un-registered JMX Bean with object name Ratis:service=RaftServer,group=group-C92E3FDB7DCF,id=5822af17-ba6a-443c-803e-51bf9a574bd0
2019-09-05 07:37:01,686 [ForkJoinPool.commonPool-worker-0] INFO  util.JmxRegister (JmxRegister.java:unregister(73)) - Successfully un-registered JMX Bean with object name Ratis:service=RaftServer,group=group-C92E3FDB7DCF,id=618caef6-a8cd-4e5c-bc39-325bb83fc273
2019-09-05 07:37:01,686 [main] INFO  impl.RoleInfo (RoleInfo.java:shutdownFollowerState(121)) - 5822af17-ba6a-443c-803e-51bf9a574bd0: shutdown FollowerState
2019-09-05 07:37:01,686 [ForkJoinPool.commonPool-worker-0] INFO  impl.RoleInfo (RoleInfo.java:shutdownLeaderState(104)) - 618caef6-a8cd-4e5c-bc39-325bb83fc273: shutdown LeaderState
2019-09-05 07:37:01,687 [StateMachineUpdater:5822af17-ba6a-443c-803e-51bf9a574bd0:group-C92E3FDB7DCF] INFO  ratis.ContainerStateMachine (ContainerStateMachine.java:takeSnapshot(283)) - group-C92E3FDB7DCF: Taking a snapshot at:(t:2, i:13) file /workdir/hadoop-ozone/integration-test/target/test-dir/MiniOzoneClusterImpl-a91fc67d-f8c9-4dc9-8b91-6f02eb894b3b/datanode-4/data/ratis/4d0a58e4-5e13-4756-b8fc-c92e3fdb7dcf/sm/snapshot.2_13
2019-09-05 07:37:01,687 [Thread-393] INFO  impl.FollowerState (FollowerState.java:run(114)) - 5822af17-ba6a-443c-803e-51bf9a574bd0: FollowerState was interrupted: java.lang.InterruptedException: sleep interrupted
2019-09-05 07:37:01,686 [main] INFO  impl.StateMachineUpdater (StateMachineUpdater.java:stopAndJoin(115)) - StateMachineUpdater:5822af17-ba6a-443c-803e-51bf9a574bd0:group-C92E3FDB7DCF: set stopIndex = 16
2019-09-05 07:37:01,690 [org.apache.ratis.server.impl.LogAppender$AppenderDaemon$$Lambda$470/1767030991@eedbfa1] WARN  server.GrpcLogAppender (GrpcLogAppender.java:mayWait(143)) - GrpcLogAppender(618caef6-a8cd-4e5c-bc39-325bb83fc273->5822af17-ba6a-443c-803e-51bf9a574bd0): Wait interrupted by java.lang.InterruptedException
2019-09-05 07:37:01,690 [org.apache.ratis.server.impl.LogAppender$AppenderDaemon$$Lambda$470/1767030991@4bef2018] WARN  server.GrpcLogAppender (GrpcLogAppender.java:mayWait(143)) - GrpcLogAppender(618caef6-a8cd-4e5c-bc39-325bb83fc273->d8846d25-1678-4df1-8bff-f38eb3492905): Wait interrupted by java.lang.InterruptedException
2019-09-05 07:37:01,689 [ForkJoinPool.commonPool-worker-0] INFO  impl.PendingRequests (PendingRequests.java:sendNotLeaderResponses(202)) - 618caef6-a8cd-4e5c-bc39-325bb83fc273-PendingRequests: sendNotLeaderResponses
2019-09-05 07:37:01,693 [grpc-default-executor-7] INFO  server.GrpcServerProtocolService (GrpcServerProtocolService.java:onCompleted(104)) - d8846d25-1678-4df1-8bff-f38eb3492905: appendEntries completed
2019-09-05 07:37:01,693 [StateMachineUpdater:618caef6-a8cd-4e5c-bc39-325bb83fc273:group-C92E3FDB7DCF] INFO  ratis.ContainerStateMachine (ContainerStateMachine.java:takeSnapshot(283)) - group-C92E3FDB7DCF: Taking a snapshot at:(t:2, i:14) file /workdir/hadoop-ozone/integration-test/target/test-dir/MiniOzoneClusterImpl-a91fc67d-f8c9-4dc9-8b91-6f02eb894b3b/datanode-1/data/ratis/4d0a58e4-5e13-4756-b8fc-c92e3fdb7dcf/sm/snapshot.2_14
2019-09-05 07:37:01,693 [grpc-default-executor-6] INFO  server.GrpcServerProtocolService (GrpcServerProtocolService.java:onCompleted(104)) - 5822af17-ba6a-443c-803e-51bf9a574bd0: appendEntries completed
2019-09-05 07:37:01,693 [ForkJoinPool.commonPool-worker-0] INFO  impl.StateMachineUpdater (StateMachineUpdater.java:stopAndJoin(115)) - StateMachineUpdater:618caef6-a8cd-4e5c-bc39-325bb83fc273:group-C92E3FDB7DCF: set stopIndex = 16
2019-09-05 07:37:01,697 [grpc-default-executor-7] INFO  server.GrpcLogAppender (GrpcLogAppender.java:onCompleted(292)) - 618caef6-a8cd-4e5c-bc39-325bb83fc273->d8846d25-1678-4df1-8bff-f38eb3492905: follower responses appendEntries COMPLETED
2019-09-05 07:37:01,699 [grpc-default-executor-7] INFO  impl.FollowerInfo (FollowerInfo.java:lambda$new$0(50)) - 618caef6-a8cd-4e5c-bc39-325bb83fc273->d8846d25-1678-4df1-8bff-f38eb3492905: nextIndex: updateUnconditionally 17 -> 16
2019-09-05 07:37:01,699 [grpc-default-executor-5] INFO  server.GrpcLogAppender (GrpcLogAppender.java:onCompleted(292)) - 618caef6-a8cd-4e5c-bc39-325bb83fc273->5822af17-ba6a-443c-803e-51bf9a574bd0: follower responses appendEntries COMPLETED
2019-09-05 07:37:01,699 [grpc-default-executor-5] INFO  impl.FollowerInfo (FollowerInfo.java:lambda$new$0(50)) - 618caef6-a8cd-4e5c-bc39-325bb83fc273->5822af17-ba6a-443c-803e-51bf9a574bd0: nextIndex: updateUnconditionally 17 -> 16
2019-09-05 07:37:01,873 | INFO  | SCMAudit | user=jenkins1000 | ip=192.168.36.69 | op=SEND_HEARTBEAT {datanodeUUID=cbc4e215-9e19-470f-b262-a66375af609e, command=[]} | ret=SUCCESS |  
2019-09-05 07:37:02,062 | INFO  | SCMAudit | user=jenkins1000 | ip=192.168.36.69 | op=SEND_HEARTBEAT {datanodeUUID=d8846d25-1678-4df1-8bff-f38eb3492905, command=[commandType: closeContainerCommand closeContainerCommandProto { containerID: 2 pipelineID { id: "4d0a58e4-5e13-4756-b8fc-c92e3fdb7dcf" } cmdId: 2 force: false } , commandType: closeContainerCommand closeContainerCommandProto { containerID: 2 pipelineID { id: "4d0a58e4-5e13-4756-b8fc-c92e3fdb7dcf" } cmdId: 2 force: false } ]} | ret=SUCCESS |  
2019-09-05 07:37:02,464 | INFO  | SCMAudit | user=jenkins1000 | ip=192.168.36.69 | op=SEND_HEARTBEAT {datanodeUUID=017b796d-3321-494b-8d8c-e766a57787fe, command=[]} | ret=SUCCESS |  
2019-09-05 07:37:02,583 [StateMachineUpdater:5822af17-ba6a-443c-803e-51bf9a574bd0:group-C92E3FDB7DCF] INFO  ratis.ContainerStateMachine (ContainerStateMachine.java:takeSnapshot(294)) - group-C92E3FDB7DCF: Finished taking a snapshot at:(t:2, i:13) file:/workdir/hadoop-ozone/integration-test/target/test-dir/MiniOzoneClusterImpl-a91fc67d-f8c9-4dc9-8b91-6f02eb894b3b/datanode-4/data/ratis/4d0a58e4-5e13-4756-b8fc-c92e3fdb7dcf/sm/snapshot.2_13 time:896
2019-09-05 07:37:02,583 [StateMachineUpdater:618caef6-a8cd-4e5c-bc39-325bb83fc273:group-C92E3FDB7DCF] INFO  ratis.ContainerStateMachine (ContainerStateMachine.java:takeSnapshot(294)) - group-C92E3FDB7DCF: Finished taking a snapshot at:(t:2, i:14) file:/workdir/hadoop-ozone/integration-test/target/test-dir/MiniOzoneClusterImpl-a91fc67d-f8c9-4dc9-8b91-6f02eb894b3b/datanode-1/data/ratis/4d0a58e4-5e13-4756-b8fc-c92e3fdb7dcf/sm/snapshot.2_14 time:889
2019-09-05 07:37:02,583 [StateMachineUpdater:618caef6-a8cd-4e5c-bc39-325bb83fc273:group-C92E3FDB7DCF] INFO  impl.StateMachineUpdater (StateMachineUpdater.java:takeSnapshot(242)) - StateMachineUpdater:618caef6-a8cd-4e5c-bc39-325bb83fc273:group-C92E3FDB7DCF: Took a snapshot at index 14
2019-09-05 07:37:02,583 [StateMachineUpdater:5822af17-ba6a-443c-803e-51bf9a574bd0:group-C92E3FDB7DCF] INFO  impl.StateMachineUpdater (StateMachineUpdater.java:takeSnapshot(242)) - StateMachineUpdater:5822af17-ba6a-443c-803e-51bf9a574bd0:group-C92E3FDB7DCF: Took a snapshot at index 13
2019-09-05 07:37:02,583 [StateMachineUpdater:618caef6-a8cd-4e5c-bc39-325bb83fc273:group-C92E3FDB7DCF] INFO  impl.StateMachineUpdater (StateMachineUpdater.java:lambda$new$0(80)) - StateMachineUpdater:618caef6-a8cd-4e5c-bc39-325bb83fc273:group-C92E3FDB7DCF: snapshotIndex: updateIncreasingly -1 -> 14
2019-09-05 07:37:02,583 [StateMachineUpdater:5822af17-ba6a-443c-803e-51bf9a574bd0:group-C92E3FDB7DCF] INFO  impl.StateMachineUpdater (StateMachineUpdater.java:lambda$new$0(80)) - StateMachineUpdater:5822af17-ba6a-443c-803e-51bf9a574bd0:group-C92E3FDB7DCF: snapshotIndex: updateIncreasingly -1 -> 13
2019-09-05 07:37:02,584 [ForkJoinPool.commonPool-worker-0] INFO  impl.RaftServerImpl (ServerState.java:close(394)) - 618caef6-a8cd-4e5c-bc39-325bb83fc273:group-C92E3FDB7DCF closes. The last applied log index is 16
2019-09-05 07:37:02,584 [main] INFO  impl.RaftServerImpl (ServerState.java:close(394)) - 5822af17-ba6a-443c-803e-51bf9a574bd0:group-C92E3FDB7DCF closes. The last applied log index is 16
2019-09-05 07:37:02,584 [618caef6-a8cd-4e5c-bc39-325bb83fc273-SegmentedRaftLogWorker:Storage Directory /workdir/hadoop-ozone/integration-test/target/test-dir/MiniOzoneClusterImpl-a91fc67d-f8c9-4dc9-8b91-6f02eb894b3b/datanode-1/data/ratis/4d0a58e4-5e13-4756-b8fc-c92e3fdb7dcf] INFO  segmented.SegmentedRaftLogWorker (SegmentedRaftLogWorker.java:run(313)) - 618caef6-a8cd-4e5c-bc39-325bb83fc273-SegmentedRaftLogWorker:Storage Directory /workdir/hadoop-ozone/integration-test/target/test-dir/MiniOzoneClusterImpl-a91fc67d-f8c9-4dc9-8b91-6f02eb894b3b/datanode-1/data/ratis/4d0a58e4-5e13-4756-b8fc-c92e3fdb7dcf was interrupted, exiting. There are 0 tasks remaining in the queue.
2019-09-05 07:37:02,585 [5822af17-ba6a-443c-803e-51bf9a574bd0-SegmentedRaftLogWorker:Storage Directory /workdir/hadoop-ozone/integration-test/target/test-dir/MiniOzoneClusterImpl-a91fc67d-f8c9-4dc9-8b91-6f02eb894b3b/datanode-4/data/ratis/4d0a58e4-5e13-4756-b8fc-c92e3fdb7dcf] INFO  segmented.SegmentedRaftLogWorker (SegmentedRaftLogWorker.java:run(313)) - 5822af17-ba6a-443c-803e-51bf9a574bd0-SegmentedRaftLogWorker:Storage Directory /workdir/hadoop-ozone/integration-test/target/test-dir/MiniOzoneClusterImpl-a91fc67d-f8c9-4dc9-8b91-6f02eb894b3b/datanode-4/data/ratis/4d0a58e4-5e13-4756-b8fc-c92e3fdb7dcf was interrupted, exiting. There are 0 tasks remaining in the queue.
2019-09-05 07:37:02,589 [ForkJoinPool.commonPool-worker-0] INFO  segmented.SegmentedRaftLogWorker (SegmentedRaftLogWorker.java:close(228)) - 618caef6-a8cd-4e5c-bc39-325bb83fc273-SegmentedRaftLogWorker:Storage Directory /workdir/hadoop-ozone/integration-test/target/test-dir/MiniOzoneClusterImpl-a91fc67d-f8c9-4dc9-8b91-6f02eb894b3b/datanode-1/data/ratis/4d0a58e4-5e13-4756-b8fc-c92e3fdb7dcf close()
2019-09-05 07:37:02,589 [main] INFO  segmented.SegmentedRaftLogWorker (SegmentedRaftLogWorker.java:close(228)) - 5822af17-ba6a-443c-803e-51bf9a574bd0-SegmentedRaftLogWorker:Storage Directory /workdir/hadoop-ozone/integration-test/target/test-dir/MiniOzoneClusterImpl-a91fc67d-f8c9-4dc9-8b91-6f02eb894b3b/datanode-4/data/ratis/4d0a58e4-5e13-4756-b8fc-c92e3fdb7dcf close()
2019-09-05 07:37:02,593 [ForkJoinPool.commonPool-worker-0] INFO  server.GrpcService (GrpcService.java:closeImpl(155)) - 618caef6-a8cd-4e5c-bc39-325bb83fc273: shutdown server with port 42795 now
2019-09-05 07:37:02,596 [main] INFO  server.GrpcService (GrpcService.java:closeImpl(155)) - 5822af17-ba6a-443c-803e-51bf9a574bd0: shutdown server with port 45253 now
2019-09-05 07:37:02,598 [grpc-default-executor-7] WARN  client.GrpcClientProtocolService (LogUtils.java:warn(134)) - 1-UnorderedRequestStreamObserver1: onError: org.apache.ratis.thirdparty.io.grpc.StatusRuntimeException: CANCELLED: cancelled before receiving half close
2019-09-05 07:37:02,600 [main] INFO  server.GrpcService (GrpcService.java:closeImpl(163)) - 5822af17-ba6a-443c-803e-51bf9a574bd0: shutdown server with port 45253 successfully
2019-09-05 07:37:02,600 [ForkJoinPool.commonPool-worker-0] INFO  server.GrpcService (GrpcService.java:closeImpl(163)) - 618caef6-a8cd-4e5c-bc39-325bb83fc273: shutdown server with port 42795 successfully
2019-09-05 07:37:02,601 [main] INFO  utils.BackgroundService (BackgroundService.java:shutdown(148)) - Shutting down service BlockDeletingService
2019-09-05 07:37:02,604 [refreshUsed-/workdir/hadoop-ozone/integration-test/target/test-dir/MiniOzoneClusterImpl-a91fc67d-f8c9-4dc9-8b91-6f02eb894b3b/datanode-4/data/containers] WARN  fs.CachingGetSpaceUsed (CachingGetSpaceUsed.java:run(183)) - Thread Interrupted waiting to refresh disk information: sleep interrupted
2019-09-05 07:37:02,606 [ForkJoinPool.commonPool-worker-0] INFO  utils.BackgroundService (BackgroundService.java:shutdown(148)) - Shutting down service BlockDeletingService
2019-09-05 07:37:02,608 [refreshUsed-/workdir/hadoop-ozone/integration-test/target/test-dir/MiniOzoneClusterImpl-a91fc67d-f8c9-4dc9-8b91-6f02eb894b3b/datanode-1/data/containers] WARN  fs.CachingGetSpaceUsed (CachingGetSpaceUsed.java:run(183)) - Thread Interrupted waiting to refresh disk information: sleep interrupted
2019-09-05 07:37:02,626 [main] INFO  statemachine.DatanodeStateMachine (DatanodeStateMachine.java:stopDaemon(395)) - Ozone container server stopped.
2019-09-05 07:37:02,631 [ForkJoinPool.commonPool-worker-0] INFO  statemachine.DatanodeStateMachine (DatanodeStateMachine.java:stopDaemon(395)) - Ozone container server stopped.
2019-09-05 07:37:02,634 [main] INFO  handler.ContextHandler (ContextHandler.java:doStop(910)) - Stopped o.e.j.w.WebAppContext@5520f675{/,null,UNAVAILABLE}{/hddsDatanode}
2019-09-05 07:37:02,635 [ForkJoinPool.commonPool-worker-0] INFO  handler.ContextHandler (ContextHandler.java:doStop(910)) - Stopped o.e.j.w.WebAppContext@1f536481{/,null,UNAVAILABLE}{/hddsDatanode}
2019-09-05 07:37:02,635 [main] INFO  server.AbstractConnector (AbstractConnector.java:doStop(318)) - Stopped ServerConnector@2d237460{HTTP/1.1,[http/1.1]}{0.0.0.0:0}
2019-09-05 07:37:02,636 [ForkJoinPool.commonPool-worker-0] INFO  server.AbstractConnector (AbstractConnector.java:doStop(318)) - Stopped ServerConnector@5234b61a{HTTP/1.1,[http/1.1]}{0.0.0.0:0}
2019-09-05 07:37:02,636 [main] INFO  handler.ContextHandler (ContextHandler.java:doStop(910)) - Stopped o.e.j.s.ServletContextHandler@7a36c83a{/static,jar:file:/home/user/.m2/repository/org/apache/hadoop/hadoop-hdds-container-service/0.5.0-SNAPSHOT/hadoop-hdds-container-service-0.5.0-SNAPSHOT.jar!/webapps/static,UNAVAILABLE}
2019-09-05 07:37:02,637 [ForkJoinPool.commonPool-worker-0] INFO  handler.ContextHandler (ContextHandler.java:doStop(910)) - Stopped o.e.j.s.ServletContextHandler@43d65a81{/static,jar:file:/home/user/.m2/repository/org/apache/hadoop/hadoop-hdds-container-service/0.5.0-SNAPSHOT/hadoop-hdds-container-service-0.5.0-SNAPSHOT.jar!/webapps/static,UNAVAILABLE}
2019-09-05 07:37:02,637 [main] INFO  handler.ContextHandler (ContextHandler.java:doStop(910)) - Stopped o.e.j.s.ServletContextHandler@6321a5aa{/logs,file:///workdir/hadoop-ozone/integration-test/target/log,UNAVAILABLE}
2019-09-05 07:37:02,638 [ForkJoinPool.commonPool-worker-0] INFO  handler.ContextHandler (ContextHandler.java:doStop(910)) - Stopped o.e.j.s.ServletContextHandler@22ead351{/logs,file:///workdir/hadoop-ozone/integration-test/target/log,UNAVAILABLE}
2019-09-05 07:37:02,640 [ForkJoinPool.commonPool-worker-0] INFO  datanode.ObjectStoreHandler (ObjectStoreHandler.java:close(155)) - Closing ObjectStoreHandler.
2019-09-05 07:37:02,640 [main] INFO  datanode.ObjectStoreHandler (ObjectStoreHandler.java:close(155)) - Closing ObjectStoreHandler.
2019-09-05 07:37:02,640 [ForkJoinPool.commonPool-worker-0] INFO  ozone.HddsDatanodeService (HddsDatanodeService.java:stop(451)) - Stopped plug-in org.apache.hadoop.ozone.web.OzoneHddsDatanodeService@70881123
2019-09-05 07:37:02,641 [main] INFO  ozone.HddsDatanodeService (HddsDatanodeService.java:stop(451)) - Stopped plug-in org.apache.hadoop.ozone.web.OzoneHddsDatanodeService@7f8c3646
2019-09-05 07:37:02,873 | INFO  | SCMAudit | user=jenkins1000 | ip=192.168.36.69 | op=SEND_HEARTBEAT {datanodeUUID=cbc4e215-9e19-470f-b262-a66375af609e, command=[]} | ret=SUCCESS |  
2019-09-05 07:37:03,060 [Datanode State Machine Thread - 0] INFO  statemachine.DatanodeStateMachine (DatanodeStateMachine.java:lambda$startDaemon$0(350)) - Ozone container server started.
2019-09-05 07:37:03,463 [Datanode State Machine Thread - 0] INFO  statemachine.DatanodeStateMachine (DatanodeStateMachine.java:lambda$startDaemon$0(350)) - Ozone container server started.
2019-09-05 07:37:03,873 | INFO  | SCMAudit | user=jenkins1000 | ip=192.168.36.69 | op=SEND_HEARTBEAT {datanodeUUID=cbc4e215-9e19-470f-b262-a66375af609e, command=[]} | ret=SUCCESS |  
2019-09-05 07:37:04,873 | INFO  | SCMAudit | user=jenkins1000 | ip=192.168.36.69 | op=SEND_HEARTBEAT {datanodeUUID=cbc4e215-9e19-470f-b262-a66375af609e, command=[]} | ret=SUCCESS |  
2019-09-05 07:37:05,873 | INFO  | SCMAudit | user=jenkins1000 | ip=192.168.36.69 | op=SEND_HEARTBEAT {datanodeUUID=cbc4e215-9e19-470f-b262-a66375af609e, command=[]} | ret=SUCCESS |  
2019-09-05 07:37:06,839 [Thread-392] INFO  impl.FollowerState (FollowerState.java:run(106)) - d8846d25-1678-4df1-8bff-f38eb3492905:group-C92E3FDB7DCF changes to CANDIDATE, lastRpcTime:7129, electionTimeout:5058ms
2019-09-05 07:37:06,839 [Thread-392] INFO  impl.RoleInfo (RoleInfo.java:shutdownFollowerState(121)) - d8846d25-1678-4df1-8bff-f38eb3492905: shutdown FollowerState
2019-09-05 07:37:06,839 [Thread-392] INFO  impl.RaftServerImpl (RaftServerImpl.java:setRole(171)) - d8846d25-1678-4df1-8bff-f38eb3492905:group-C92E3FDB7DCF changes role from FOLLOWER to CANDIDATE at term 2 for changeToCandidate
2019-09-05 07:37:06,840 [Thread-392] INFO  impl.RoleInfo (RoleInfo.java:updateAndGet(143)) - d8846d25-1678-4df1-8bff-f38eb3492905: start LeaderElection
2019-09-05 07:37:06,840 [d8846d25-1678-4df1-8bff-f38eb3492905:group-C92E3FDB7DCF:LeaderElection24] INFO  impl.RaftServerImpl (ServerState.java:setLeader(263)) - d8846d25-1678-4df1-8bff-f38eb3492905:group-C92E3FDB7DCF change Leader from 618caef6-a8cd-4e5c-bc39-325bb83fc273 to null at term 2 for initElection
2019-09-05 07:37:06,873 | INFO  | SCMAudit | user=jenkins1000 | ip=192.168.36.69 | op=SEND_HEARTBEAT {datanodeUUID=cbc4e215-9e19-470f-b262-a66375af609e, command=[]} | ret=SUCCESS |  
2019-09-05 07:37:06,882 [d8846d25-1678-4df1-8bff-f38eb3492905:group-C92E3FDB7DCF:LeaderElection24] INFO  impl.LeaderElection (LeaderElection.java:askForVotes(181)) - d8846d25-1678-4df1-8bff-f38eb3492905:group-C92E3FDB7DCF:LeaderElection24: begin an election at term 3 for 0: [618caef6-a8cd-4e5c-bc39-325bb83fc273:192.168.36.69:42795, 5822af17-ba6a-443c-803e-51bf9a574bd0:192.168.36.69:45253, d8846d25-1678-4df1-8bff-f38eb3492905:192.168.36.69:44539], old=null
2019-09-05 07:37:06,886 [d8846d25-1678-4df1-8bff-f38eb3492905:group-C92E3FDB7DCF:LeaderElection24] INFO  impl.LeaderElection (LogUtils.java:infoOrTrace(149)) - d8846d25-1678-4df1-8bff-f38eb3492905:group-C92E3FDB7DCF:LeaderElection24 got exception when requesting votes: {}
java.util.concurrent.ExecutionException: org.apache.ratis.thirdparty.io.grpc.StatusRuntimeException: UNAVAILABLE: io exception
	at java.util.concurrent.FutureTask.report(FutureTask.java:122)
	at java.util.concurrent.FutureTask.get(FutureTask.java:192)
	at org.apache.ratis.server.impl.LeaderElection.waitForResults(LeaderElection.java:262)
	at org.apache.ratis.server.impl.LeaderElection.askForVotes(LeaderElection.java:200)
	at org.apache.ratis.server.impl.LeaderElection.run(LeaderElection.java:130)
	at java.lang.Thread.run(Thread.java:748)
Caused by: org.apache.ratis.thirdparty.io.grpc.StatusRuntimeException: UNAVAILABLE: io exception
	at org.apache.ratis.thirdparty.io.grpc.stub.ClientCalls.toStatusRuntimeException(ClientCalls.java:233)
	at org.apache.ratis.thirdparty.io.grpc.stub.ClientCalls.getUnchecked(ClientCalls.java:214)
	at org.apache.ratis.thirdparty.io.grpc.stub.ClientCalls.blockingUnaryCall(ClientCalls.java:139)
	at org.apache.ratis.proto.grpc.RaftServerProtocolServiceGrpc$RaftServerProtocolServiceBlockingStub.requestVote(RaftServerProtocolServiceGrpc.java:265)
	at org.apache.ratis.grpc.server.GrpcServerProtocolClient.requestVote(GrpcServerProtocolClient.java:83)
	at org.apache.ratis.grpc.server.GrpcService.requestVote(GrpcService.java:195)
	at org.apache.ratis.server.impl.LeaderElection.lambda$submitRequests$1(LeaderElection.java:237)
	at java.util.concurrent.FutureTask.run(FutureTask.java:266)
	at java.util.concurrent.Executors$RunnableAdapter.call(Executors.java:511)
	at java.util.concurrent.FutureTask.run(FutureTask.java:266)
	at java.util.concurrent.ThreadPoolExecutor.runWorker(ThreadPoolExecutor.java:1149)
	at java.util.concurrent.ThreadPoolExecutor$Worker.run(ThreadPoolExecutor.java:624)
	... 1 more
Caused by: org.apache.ratis.thirdparty.io.netty.channel.AbstractChannel$AnnotatedConnectException: Connection refused: /192.168.36.69:42795
	at sun.nio.ch.SocketChannelImpl.checkConnect(Native Method)
	at sun.nio.ch.SocketChannelImpl.finishConnect(SocketChannelImpl.java:717)
	at org.apache.ratis.thirdparty.io.netty.channel.socket.nio.NioSocketChannel.doFinishConnect(NioSocketChannel.java:327)
	at org.apache.ratis.thirdparty.io.netty.channel.nio.AbstractNioChannel$AbstractNioUnsafe.finishConnect(AbstractNioChannel.java:340)
	at org.apache.ratis.thirdparty.io.netty.channel.nio.NioEventLoop.processSelectedKey(NioEventLoop.java:632)
	at org.apache.ratis.thirdparty.io.netty.channel.nio.NioEventLoop.processSelectedKeysOptimized(NioEventLoop.java:579)
	at org.apache.ratis.thirdparty.io.netty.channel.nio.NioEventLoop.processSelectedKeys(NioEventLoop.java:496)
	at org.apache.ratis.thirdparty.io.netty.channel.nio.NioEventLoop.run(NioEventLoop.java:458)
	at org.apache.ratis.thirdparty.io.netty.util.concurrent.SingleThreadEventExecutor$5.run(SingleThreadEventExecutor.java:897)
	at org.apache.ratis.thirdparty.io.netty.util.concurrent.FastThreadLocalRunnable.run(FastThreadLocalRunnable.java:30)
	... 1 more
Caused by: java.net.ConnectException: Connection refused
	... 11 more
2019-09-05 07:37:06,889 [d8846d25-1678-4df1-8bff-f38eb3492905:group-C92E3FDB7DCF:LeaderElection24] INFO  impl.LeaderElection (LogUtils.java:infoOrTrace(149)) - d8846d25-1678-4df1-8bff-f38eb3492905:group-C92E3FDB7DCF:LeaderElection24 got exception when requesting votes: {}
java.util.concurrent.ExecutionException: org.apache.ratis.thirdparty.io.grpc.StatusRuntimeException: UNAVAILABLE: io exception
	at java.util.concurrent.FutureTask.report(FutureTask.java:122)
	at java.util.concurrent.FutureTask.get(FutureTask.java:192)
	at org.apache.ratis.server.impl.LeaderElection.waitForResults(LeaderElection.java:262)
	at org.apache.ratis.server.impl.LeaderElection.askForVotes(LeaderElection.java:200)
	at org.apache.ratis.server.impl.LeaderElection.run(LeaderElection.java:130)
	at java.lang.Thread.run(Thread.java:748)
Caused by: org.apache.ratis.thirdparty.io.grpc.StatusRuntimeException: UNAVAILABLE: io exception
	at org.apache.ratis.thirdparty.io.grpc.stub.ClientCalls.toStatusRuntimeException(ClientCalls.java:233)
	at org.apache.ratis.thirdparty.io.grpc.stub.ClientCalls.getUnchecked(ClientCalls.java:214)
	at org.apache.ratis.thirdparty.io.grpc.stub.ClientCalls.blockingUnaryCall(ClientCalls.java:139)
	at org.apache.ratis.proto.grpc.RaftServerProtocolServiceGrpc$RaftServerProtocolServiceBlockingStub.requestVote(RaftServerProtocolServiceGrpc.java:265)
	at org.apache.ratis.grpc.server.GrpcServerProtocolClient.requestVote(GrpcServerProtocolClient.java:83)
	at org.apache.ratis.grpc.server.GrpcService.requestVote(GrpcService.java:195)
	at org.apache.ratis.server.impl.LeaderElection.lambda$submitRequests$1(LeaderElection.java:237)
	at java.util.concurrent.FutureTask.run(FutureTask.java:266)
	at java.util.concurrent.Executors$RunnableAdapter.call(Executors.java:511)
	at java.util.concurrent.FutureTask.run(FutureTask.java:266)
	at java.util.concurrent.ThreadPoolExecutor.runWorker(ThreadPoolExecutor.java:1149)
	at java.util.concurrent.ThreadPoolExecutor$Worker.run(ThreadPoolExecutor.java:624)
	... 1 more
Caused by: org.apache.ratis.thirdparty.io.netty.channel.AbstractChannel$AnnotatedConnectException: Connection refused: /192.168.36.69:45253
	at sun.nio.ch.SocketChannelImpl.checkConnect(Native Method)
	at sun.nio.ch.SocketChannelImpl.finishConnect(SocketChannelImpl.java:717)
	at org.apache.ratis.thirdparty.io.netty.channel.socket.nio.NioSocketChannel.doFinishConnect(NioSocketChannel.java:327)
	at org.apache.ratis.thirdparty.io.netty.channel.nio.AbstractNioChannel$AbstractNioUnsafe.finishConnect(AbstractNioChannel.java:340)
	at org.apache.ratis.thirdparty.io.netty.channel.nio.NioEventLoop.processSelectedKey(NioEventLoop.java:632)
	at org.apache.ratis.thirdparty.io.netty.channel.nio.NioEventLoop.processSelectedKeysOptimized(NioEventLoop.java:579)
	at org.apache.ratis.thirdparty.io.netty.channel.nio.NioEventLoop.processSelectedKeys(NioEventLoop.java:496)
	at org.apache.ratis.thirdparty.io.netty.channel.nio.NioEventLoop.run(NioEventLoop.java:458)
	at org.apache.ratis.thirdparty.io.netty.util.concurrent.SingleThreadEventExecutor$5.run(SingleThreadEventExecutor.java:897)
	at org.apache.ratis.thirdparty.io.netty.util.concurrent.FastThreadLocalRunnable.run(FastThreadLocalRunnable.java:30)
	... 1 more
Caused by: java.net.ConnectException: Connection refused
	... 11 more
2019-09-05 07:37:06,891 [d8846d25-1678-4df1-8bff-f38eb3492905:group-C92E3FDB7DCF:LeaderElection24] INFO  impl.LeaderElection (LeaderElection.java:logAndReturn(56)) - d8846d25-1678-4df1-8bff-f38eb3492905:group-C92E3FDB7DCF:LeaderElection24: Election REJECTED; received 0 response(s) [] and 2 exception(s); d8846d25-1678-4df1-8bff-f38eb3492905:t3, leader=null, voted=d8846d25-1678-4df1-8bff-f38eb3492905, raftlog=d8846d25-1678-4df1-8bff-f38eb3492905-SegmentedRaftLog:OPENED:c16,f16,i16, conf=0: [618caef6-a8cd-4e5c-bc39-325bb83fc273:192.168.36.69:42795, 5822af17-ba6a-443c-803e-51bf9a574bd0:192.168.36.69:45253, d8846d25-1678-4df1-8bff-f38eb3492905:192.168.36.69:44539], old=null
2019-09-05 07:37:06,891 [d8846d25-1678-4df1-8bff-f38eb3492905:group-C92E3FDB7DCF:LeaderElection24] INFO  impl.LeaderElection (LogUtils.java:infoOrTrace(149)) -   Exception 0: {}
java.util.concurrent.ExecutionException: org.apache.ratis.thirdparty.io.grpc.StatusRuntimeException: UNAVAILABLE: io exception
	at java.util.concurrent.FutureTask.report(FutureTask.java:122)
	at java.util.concurrent.FutureTask.get(FutureTask.java:192)
	at org.apache.ratis.server.impl.LeaderElection.waitForResults(LeaderElection.java:262)
	at org.apache.ratis.server.impl.LeaderElection.askForVotes(LeaderElection.java:200)
	at org.apache.ratis.server.impl.LeaderElection.run(LeaderElection.java:130)
	at java.lang.Thread.run(Thread.java:748)
Caused by: org.apache.ratis.thirdparty.io.grpc.StatusRuntimeException: UNAVAILABLE: io exception
	at org.apache.ratis.thirdparty.io.grpc.stub.ClientCalls.toStatusRuntimeException(ClientCalls.java:233)
	at org.apache.ratis.thirdparty.io.grpc.stub.ClientCalls.getUnchecked(ClientCalls.java:214)
	at org.apache.ratis.thirdparty.io.grpc.stub.ClientCalls.blockingUnaryCall(ClientCalls.java:139)
	at org.apache.ratis.proto.grpc.RaftServerProtocolServiceGrpc$RaftServerProtocolServiceBlockingStub.requestVote(RaftServerProtocolServiceGrpc.java:265)
	at org.apache.ratis.grpc.server.GrpcServerProtocolClient.requestVote(GrpcServerProtocolClient.java:83)
	at org.apache.ratis.grpc.server.GrpcService.requestVote(GrpcService.java:195)
	at org.apache.ratis.server.impl.LeaderElection.lambda$submitRequests$1(LeaderElection.java:237)
	at java.util.concurrent.FutureTask.run(FutureTask.java:266)
	at java.util.concurrent.Executors$RunnableAdapter.call(Executors.java:511)
	at java.util.concurrent.FutureTask.run(FutureTask.java:266)
	at java.util.concurrent.ThreadPoolExecutor.runWorker(ThreadPoolExecutor.java:1149)
	at java.util.concurrent.ThreadPoolExecutor$Worker.run(ThreadPoolExecutor.java:624)
	... 1 more
Caused by: org.apache.ratis.thirdparty.io.netty.channel.AbstractChannel$AnnotatedConnectException: Connection refused: /192.168.36.69:42795
	at sun.nio.ch.SocketChannelImpl.checkConnect(Native Method)
	at sun.nio.ch.SocketChannelImpl.finishConnect(SocketChannelImpl.java:717)
	at org.apache.ratis.thirdparty.io.netty.channel.socket.nio.NioSocketChannel.doFinishConnect(NioSocketChannel.java:327)
	at org.apache.ratis.thirdparty.io.netty.channel.nio.AbstractNioChannel$AbstractNioUnsafe.finishConnect(AbstractNioChannel.java:340)
	at org.apache.ratis.thirdparty.io.netty.channel.nio.NioEventLoop.processSelectedKey(NioEventLoop.java:632)
	at org.apache.ratis.thirdparty.io.netty.channel.nio.NioEventLoop.processSelectedKeysOptimized(NioEventLoop.java:579)
	at org.apache.ratis.thirdparty.io.netty.channel.nio.NioEventLoop.processSelectedKeys(NioEventLoop.java:496)
	at org.apache.ratis.thirdparty.io.netty.channel.nio.NioEventLoop.run(NioEventLoop.java:458)
	at org.apache.ratis.thirdparty.io.netty.util.concurrent.SingleThreadEventExecutor$5.run(SingleThreadEventExecutor.java:897)
	at org.apache.ratis.thirdparty.io.netty.util.concurrent.FastThreadLocalRunnable.run(FastThreadLocalRunnable.java:30)
	... 1 more
Caused by: java.net.ConnectException: Connection refused
	... 11 more
2019-09-05 07:37:06,891 [d8846d25-1678-4df1-8bff-f38eb3492905:group-C92E3FDB7DCF:LeaderElection24] INFO  impl.LeaderElection (LogUtils.java:infoOrTrace(149)) -   Exception 1: {}
java.util.concurrent.ExecutionException: org.apache.ratis.thirdparty.io.grpc.StatusRuntimeException: UNAVAILABLE: io exception
	at java.util.concurrent.FutureTask.report(FutureTask.java:122)
	at java.util.concurrent.FutureTask.get(FutureTask.java:192)
	at org.apache.ratis.server.impl.LeaderElection.waitForResults(LeaderElection.java:262)
	at org.apache.ratis.server.impl.LeaderElection.askForVotes(LeaderElection.java:200)
	at org.apache.ratis.server.impl.LeaderElection.run(LeaderElection.java:130)
	at java.lang.Thread.run(Thread.java:748)
Caused by: org.apache.ratis.thirdparty.io.grpc.StatusRuntimeException: UNAVAILABLE: io exception
	at org.apache.ratis.thirdparty.io.grpc.stub.ClientCalls.toStatusRuntimeException(ClientCalls.java:233)
	at org.apache.ratis.thirdparty.io.grpc.stub.ClientCalls.getUnchecked(ClientCalls.java:214)
	at org.apache.ratis.thirdparty.io.grpc.stub.ClientCalls.blockingUnaryCall(ClientCalls.java:139)
	at org.apache.ratis.proto.grpc.RaftServerProtocolServiceGrpc$RaftServerProtocolServiceBlockingStub.requestVote(RaftServerProtocolServiceGrpc.java:265)
	at org.apache.ratis.grpc.server.GrpcServerProtocolClient.requestVote(GrpcServerProtocolClient.java:83)
	at org.apache.ratis.grpc.server.GrpcService.requestVote(GrpcService.java:195)
	at org.apache.ratis.server.impl.LeaderElection.lambda$submitRequests$1(LeaderElection.java:237)
	at java.util.concurrent.FutureTask.run(FutureTask.java:266)
	at java.util.concurrent.Executors$RunnableAdapter.call(Executors.java:511)
	at java.util.concurrent.FutureTask.run(FutureTask.java:266)
	at java.util.concurrent.ThreadPoolExecutor.runWorker(ThreadPoolExecutor.java:1149)
	at java.util.concurrent.ThreadPoolExecutor$Worker.run(ThreadPoolExecutor.java:624)
	... 1 more
Caused by: org.apache.ratis.thirdparty.io.netty.channel.AbstractChannel$AnnotatedConnectException: Connection refused: /192.168.36.69:45253
	at sun.nio.ch.SocketChannelImpl.checkConnect(Native Method)
	at sun.nio.ch.SocketChannelImpl.finishConnect(SocketChannelImpl.java:717)
	at org.apache.ratis.thirdparty.io.netty.channel.socket.nio.NioSocketChannel.doFinishConnect(NioSocketChannel.java:327)
	at org.apache.ratis.thirdparty.io.netty.channel.nio.AbstractNioChannel$AbstractNioUnsafe.finishConnect(AbstractNioChannel.java:340)
	at org.apache.ratis.thirdparty.io.netty.channel.nio.NioEventLoop.processSelectedKey(NioEventLoop.java:632)
	at org.apache.ratis.thirdparty.io.netty.channel.nio.NioEventLoop.processSelectedKeysOptimized(NioEventLoop.java:579)
	at org.apache.ratis.thirdparty.io.netty.channel.nio.NioEventLoop.processSelectedKeys(NioEventLoop.java:496)
	at org.apache.ratis.thirdparty.io.netty.channel.nio.NioEventLoop.run(NioEventLoop.java:458)
	at org.apache.ratis.thirdparty.io.netty.util.concurrent.SingleThreadEventExecutor$5.run(SingleThreadEventExecutor.java:897)
	at org.apache.ratis.thirdparty.io.netty.util.concurrent.FastThreadLocalRunnable.run(FastThreadLocalRunnable.java:30)
	... 1 more
Caused by: java.net.ConnectException: Connection refused
	... 11 more
2019-09-05 07:37:06,892 [d8846d25-1678-4df1-8bff-f38eb3492905:group-C92E3FDB7DCF:LeaderElection24] INFO  impl.RaftServerImpl (RaftServerImpl.java:setRole(171)) - d8846d25-1678-4df1-8bff-f38eb3492905:group-C92E3FDB7DCF changes role from CANDIDATE to FOLLOWER at term 3 for DISCOVERED_A_NEW_TERM
2019-09-05 07:37:06,893 [d8846d25-1678-4df1-8bff-f38eb3492905:group-C92E3FDB7DCF:LeaderElection24] INFO  impl.RoleInfo (RoleInfo.java:shutdownLeaderElection(134)) - d8846d25-1678-4df1-8bff-f38eb3492905: shutdown LeaderElection
2019-09-05 07:37:06,893 [d8846d25-1678-4df1-8bff-f38eb3492905:group-C92E3FDB7DCF:LeaderElection24] INFO  impl.RoleInfo (RoleInfo.java:updateAndGet(143)) - d8846d25-1678-4df1-8bff-f38eb3492905: start FollowerState
2019-09-05 07:37:07,150 [EventQueue-StaleNodeForStaleNodeHandler] INFO  node.StaleNodeHandler (StaleNodeHandler.java:onMessage(58)) - Datanode d8846d25-1678-4df1-8bff-f38eb3492905{ip: 192.168.36.69, host: pr-hdds-1571-lfg7x-4139639749, networkLocation: /default-rack, certSerialId: null} moved to stale state. Finalizing its pipelines [PipelineID=bc03e065-6b94-43d9-bee3-923559199f9c, PipelineID=4d0a58e4-5e13-4756-b8fc-c92e3fdb7dcf]
2019-09-05 07:37:07,150 [EventQueue-StaleNodeForStaleNodeHandler] INFO  pipeline.SCMPipelineManager (SCMPipelineManager.java:finalizeAndDestroyPipeline(309)) - destroying pipeline:Pipeline[ Id: bc03e065-6b94-43d9-bee3-923559199f9c, Nodes: d8846d25-1678-4df1-8bff-f38eb3492905{ip: 192.168.36.69, host: pr-hdds-1571-lfg7x-4139639749, networkLocation: /default-rack, certSerialId: null}, Type:RATIS, Factor:ONE, State:OPEN]
2019-09-05 07:37:07,151 [EventQueue-StaleNodeForStaleNodeHandler] INFO  pipeline.PipelineStateManager (PipelineStateManager.java:finalizePipeline(123)) - Pipeline Pipeline[ Id: bc03e065-6b94-43d9-bee3-923559199f9c, Nodes: d8846d25-1678-4df1-8bff-f38eb3492905{ip: 192.168.36.69, host: pr-hdds-1571-lfg7x-4139639749, networkLocation: /default-rack, certSerialId: null}, Type:RATIS, Factor:ONE, State:CLOSED] moved to CLOSED state
2019-09-05 07:37:07,151 [EventQueue-StaleNodeForStaleNodeHandler] INFO  pipeline.SCMPipelineManager (SCMPipelineManager.java:finalizeAndDestroyPipeline(309)) - destroying pipeline:Pipeline[ Id: 4d0a58e4-5e13-4756-b8fc-c92e3fdb7dcf, Nodes: 618caef6-a8cd-4e5c-bc39-325bb83fc273{ip: 192.168.36.69, host: pr-hdds-1571-lfg7x-4139639749, networkLocation: /default-rack, certSerialId: null}d8846d25-1678-4df1-8bff-f38eb3492905{ip: 192.168.36.69, host: pr-hdds-1571-lfg7x-4139639749, networkLocation: /default-rack, certSerialId: null}5822af17-ba6a-443c-803e-51bf9a574bd0{ip: 192.168.36.69, host: pr-hdds-1571-lfg7x-4139639749, networkLocation: /default-rack, certSerialId: null}, Type:RATIS, Factor:THREE, State:CLOSED]
2019-09-05 07:37:07,551 [EventQueue-StaleNodeForStaleNodeHandler] INFO  node.StaleNodeHandler (StaleNodeHandler.java:onMessage(58)) - Datanode 017b796d-3321-494b-8d8c-e766a57787fe{ip: 192.168.36.69, host: pr-hdds-1571-lfg7x-4139639749, networkLocation: /default-rack, certSerialId: null} moved to stale state. Finalizing its pipelines [PipelineID=82af3f85-600b-4266-a430-a0c604f43a5a]
2019-09-05 07:37:07,551 [EventQueue-StaleNodeForStaleNodeHandler] INFO  pipeline.SCMPipelineManager (SCMPipelineManager.java:finalizeAndDestroyPipeline(309)) - destroying pipeline:Pipeline[ Id: 82af3f85-600b-4266-a430-a0c604f43a5a, Nodes: 017b796d-3321-494b-8d8c-e766a57787fe{ip: 192.168.36.69, host: pr-hdds-1571-lfg7x-4139639749, networkLocation: /default-rack, certSerialId: null}, Type:RATIS, Factor:ONE, State:OPEN]
2019-09-05 07:37:07,551 [EventQueue-StaleNodeForStaleNodeHandler] INFO  pipeline.PipelineStateManager (PipelineStateManager.java:finalizePipeline(123)) - Pipeline Pipeline[ Id: 82af3f85-600b-4266-a430-a0c604f43a5a, Nodes: 017b796d-3321-494b-8d8c-e766a57787fe{ip: 192.168.36.69, host: pr-hdds-1571-lfg7x-4139639749, networkLocation: /default-rack, certSerialId: null}, Type:RATIS, Factor:ONE, State:CLOSED] moved to CLOSED state
2019-09-05 07:37:07,641 [ForkJoinPool.commonPool-worker-0] INFO  ozoneimpl.OzoneContainer (OzoneContainer.java:stop(199)) - Attempting to stop container services.
2019-09-05 07:37:07,642 [main] INFO  ozoneimpl.OzoneContainer (OzoneContainer.java:stop(199)) - Attempting to stop container services.
2019-09-05 07:37:07,642 [ForkJoinPool.commonPool-worker-0] INFO  impl.RaftServerProxy (RaftServerProxy.java:lambda$close$4(314)) - d8846d25-1678-4df1-8bff-f38eb3492905: close
2019-09-05 07:37:07,642 [main] INFO  impl.RaftServerProxy (RaftServerProxy.java:lambda$close$4(314)) - 017b796d-3321-494b-8d8c-e766a57787fe: close
2019-09-05 07:37:07,642 [ForkJoinPool.commonPool-worker-0] INFO  impl.RaftServerImpl (RaftServerImpl.java:lambda$shutdown$3(245)) - d8846d25-1678-4df1-8bff-f38eb3492905: shutdown group-923559199F9C
2019-09-05 07:37:07,643 [main] INFO  impl.RaftServerImpl (RaftServerImpl.java:lambda$shutdown$3(245)) - 017b796d-3321-494b-8d8c-e766a57787fe: shutdown group-A0C604F43A5A
2019-09-05 07:37:07,643 [ForkJoinPool.commonPool-worker-0] INFO  util.JmxRegister (JmxRegister.java:unregister(73)) - Successfully un-registered JMX Bean with object name Ratis:service=RaftServer,group=group-923559199F9C,id=d8846d25-1678-4df1-8bff-f38eb3492905
2019-09-05 07:37:07,643 [main] INFO  util.JmxRegister (JmxRegister.java:unregister(73)) - Successfully un-registered JMX Bean with object name Ratis:service=RaftServer,group=group-A0C604F43A5A,id=017b796d-3321-494b-8d8c-e766a57787fe
2019-09-05 07:37:07,643 [ForkJoinPool.commonPool-worker-0] INFO  impl.RoleInfo (RoleInfo.java:shutdownLeaderState(104)) - d8846d25-1678-4df1-8bff-f38eb3492905: shutdown LeaderState
2019-09-05 07:37:07,644 [main] INFO  impl.RoleInfo (RoleInfo.java:shutdownLeaderState(104)) - 017b796d-3321-494b-8d8c-e766a57787fe: shutdown LeaderState
2019-09-05 07:37:07,644 [ForkJoinPool.commonPool-worker-0] INFO  impl.PendingRequests (PendingRequests.java:sendNotLeaderResponses(202)) - d8846d25-1678-4df1-8bff-f38eb3492905-PendingRequests: sendNotLeaderResponses
2019-09-05 07:37:07,644 [main] INFO  impl.PendingRequests (PendingRequests.java:sendNotLeaderResponses(202)) - 017b796d-3321-494b-8d8c-e766a57787fe-PendingRequests: sendNotLeaderResponses
2019-09-05 07:37:07,645 [ForkJoinPool.commonPool-worker-0] INFO  impl.StateMachineUpdater (StateMachineUpdater.java:stopAndJoin(115)) - StateMachineUpdater:d8846d25-1678-4df1-8bff-f38eb3492905:group-923559199F9C: set stopIndex = 0
2019-09-05 07:37:07,645 [main] INFO  impl.StateMachineUpdater (StateMachineUpdater.java:stopAndJoin(115)) - StateMachineUpdater:017b796d-3321-494b-8d8c-e766a57787fe:group-A0C604F43A5A: set stopIndex = 0
2019-09-05 07:37:07,645 [ForkJoinPool.commonPool-worker-0] INFO  impl.RaftServerImpl (ServerState.java:close(394)) - d8846d25-1678-4df1-8bff-f38eb3492905:group-923559199F9C closes. The last applied log index is 0
2019-09-05 07:37:07,647 [main] INFO  impl.RaftServerImpl (ServerState.java:close(394)) - 017b796d-3321-494b-8d8c-e766a57787fe:group-A0C604F43A5A closes. The last applied log index is 0
2019-09-05 07:37:07,648 [d8846d25-1678-4df1-8bff-f38eb3492905-SegmentedRaftLogWorker:Storage Directory /workdir/hadoop-ozone/integration-test/target/test-dir/MiniOzoneClusterImpl-a91fc67d-f8c9-4dc9-8b91-6f02eb894b3b/datanode-2/data/ratis/bc03e065-6b94-43d9-bee3-923559199f9c] INFO  segmented.SegmentedRaftLogWorker (SegmentedRaftLogWorker.java:run(313)) - d8846d25-1678-4df1-8bff-f38eb3492905-SegmentedRaftLogWorker:Storage Directory /workdir/hadoop-ozone/integration-test/target/test-dir/MiniOzoneClusterImpl-a91fc67d-f8c9-4dc9-8b91-6f02eb894b3b/datanode-2/data/ratis/bc03e065-6b94-43d9-bee3-923559199f9c was interrupted, exiting. There are 0 tasks remaining in the queue.
2019-09-05 07:37:07,650 [ForkJoinPool.commonPool-worker-0] INFO  segmented.SegmentedRaftLogWorker (SegmentedRaftLogWorker.java:close(228)) - d8846d25-1678-4df1-8bff-f38eb3492905-SegmentedRaftLogWorker:Storage Directory /workdir/hadoop-ozone/integration-test/target/test-dir/MiniOzoneClusterImpl-a91fc67d-f8c9-4dc9-8b91-6f02eb894b3b/datanode-2/data/ratis/bc03e065-6b94-43d9-bee3-923559199f9c close()
2019-09-05 07:37:07,656 [017b796d-3321-494b-8d8c-e766a57787fe-SegmentedRaftLogWorker:Storage Directory /workdir/hadoop-ozone/integration-test/target/test-dir/MiniOzoneClusterImpl-a91fc67d-f8c9-4dc9-8b91-6f02eb894b3b/datanode-6/data/ratis/82af3f85-600b-4266-a430-a0c604f43a5a] INFO  segmented.SegmentedRaftLogWorker (SegmentedRaftLogWorker.java:run(313)) - 017b796d-3321-494b-8d8c-e766a57787fe-SegmentedRaftLogWorker:Storage Directory /workdir/hadoop-ozone/integration-test/target/test-dir/MiniOzoneClusterImpl-a91fc67d-f8c9-4dc9-8b91-6f02eb894b3b/datanode-6/data/ratis/82af3f85-600b-4266-a430-a0c604f43a5a was interrupted, exiting. There are 0 tasks remaining in the queue.
2019-09-05 07:37:07,658 [ForkJoinPool.commonPool-worker-0] INFO  impl.RaftServerImpl (RaftServerImpl.java:lambda$shutdown$3(245)) - d8846d25-1678-4df1-8bff-f38eb3492905: shutdown group-C92E3FDB7DCF
2019-09-05 07:37:07,659 [main] INFO  segmented.SegmentedRaftLogWorker (SegmentedRaftLogWorker.java:close(228)) - 017b796d-3321-494b-8d8c-e766a57787fe-SegmentedRaftLogWorker:Storage Directory /workdir/hadoop-ozone/integration-test/target/test-dir/MiniOzoneClusterImpl-a91fc67d-f8c9-4dc9-8b91-6f02eb894b3b/datanode-6/data/ratis/82af3f85-600b-4266-a430-a0c604f43a5a close()
2019-09-05 07:37:07,659 [ForkJoinPool.commonPool-worker-0] INFO  util.JmxRegister (JmxRegister.java:unregister(73)) - Successfully un-registered JMX Bean with object name Ratis:service=RaftServer,group=group-C92E3FDB7DCF,id=d8846d25-1678-4df1-8bff-f38eb3492905
2019-09-05 07:37:07,660 [ForkJoinPool.commonPool-worker-0] INFO  impl.RoleInfo (RoleInfo.java:shutdownFollowerState(121)) - d8846d25-1678-4df1-8bff-f38eb3492905: shutdown FollowerState
2019-09-05 07:37:07,660 [ForkJoinPool.commonPool-worker-0] INFO  impl.StateMachineUpdater (StateMachineUpdater.java:stopAndJoin(115)) - StateMachineUpdater:d8846d25-1678-4df1-8bff-f38eb3492905:group-C92E3FDB7DCF: set stopIndex = 16
2019-09-05 07:37:07,663 [StateMachineUpdater:d8846d25-1678-4df1-8bff-f38eb3492905:group-C92E3FDB7DCF] INFO  ratis.ContainerStateMachine (ContainerStateMachine.java:takeSnapshot(283)) - group-C92E3FDB7DCF: Taking a snapshot at:(t:2, i:13) file /workdir/hadoop-ozone/integration-test/target/test-dir/MiniOzoneClusterImpl-a91fc67d-f8c9-4dc9-8b91-6f02eb894b3b/datanode-2/data/ratis/4d0a58e4-5e13-4756-b8fc-c92e3fdb7dcf/sm/snapshot.2_13
2019-09-05 07:37:07,663 [Thread-714] INFO  impl.FollowerState (FollowerState.java:run(114)) - d8846d25-1678-4df1-8bff-f38eb3492905: FollowerState was interrupted: java.lang.InterruptedException: sleep interrupted
2019-09-05 07:37:07,663 [main] INFO  server.GrpcService (GrpcService.java:closeImpl(155)) - 017b796d-3321-494b-8d8c-e766a57787fe: shutdown server with port 40416 now
2019-09-05 07:37:07,668 [main] INFO  server.GrpcService (GrpcService.java:closeImpl(163)) - 017b796d-3321-494b-8d8c-e766a57787fe: shutdown server with port 40416 successfully
2019-09-05 07:37:07,670 [main] INFO  utils.BackgroundService (BackgroundService.java:shutdown(148)) - Shutting down service BlockDeletingService
2019-09-05 07:37:07,674 [refreshUsed-/workdir/hadoop-ozone/integration-test/target/test-dir/MiniOzoneClusterImpl-a91fc67d-f8c9-4dc9-8b91-6f02eb894b3b/datanode-6/data/containers] WARN  fs.CachingGetSpaceUsed (CachingGetSpaceUsed.java:run(183)) - Thread Interrupted waiting to refresh disk information: sleep interrupted
2019-09-05 07:37:07,688 [main] INFO  statemachine.DatanodeStateMachine (DatanodeStateMachine.java:stopDaemon(395)) - Ozone container server stopped.
2019-09-05 07:37:07,689 [main] INFO  handler.ContextHandler (ContextHandler.java:doStop(910)) - Stopped o.e.j.w.WebAppContext@6ee37ca7{/,null,UNAVAILABLE}{/hddsDatanode}
2019-09-05 07:37:07,690 [main] INFO  server.AbstractConnector (AbstractConnector.java:doStop(318)) - Stopped ServerConnector@6775c0d1{HTTP/1.1,[http/1.1]}{0.0.0.0:0}
2019-09-05 07:37:07,690 [main] INFO  handler.ContextHandler (ContextHandler.java:doStop(910)) - Stopped o.e.j.s.ServletContextHandler@76e6c070{/static,jar:file:/home/user/.m2/repository/org/apache/hadoop/hadoop-hdds-container-service/0.5.0-SNAPSHOT/hadoop-hdds-container-service-0.5.0-SNAPSHOT.jar!/webapps/static,UNAVAILABLE}
2019-09-05 07:37:07,690 [main] INFO  handler.ContextHandler (ContextHandler.java:doStop(910)) - Stopped o.e.j.s.ServletContextHandler@6a7a1a0d{/logs,file:///workdir/hadoop-ozone/integration-test/target/log,UNAVAILABLE}
2019-09-05 07:37:07,692 [main] INFO  datanode.ObjectStoreHandler (ObjectStoreHandler.java:close(155)) - Closing ObjectStoreHandler.
2019-09-05 07:37:07,692 [main] INFO  ozone.HddsDatanodeService (HddsDatanodeService.java:stop(451)) - Stopped plug-in org.apache.hadoop.ozone.web.OzoneHddsDatanodeService@6e8f2094
2019-09-05 07:37:07,715 [StateMachineUpdater:d8846d25-1678-4df1-8bff-f38eb3492905:group-C92E3FDB7DCF] INFO  ratis.ContainerStateMachine (ContainerStateMachine.java:takeSnapshot(294)) - group-C92E3FDB7DCF: Finished taking a snapshot at:(t:2, i:13) file:/workdir/hadoop-ozone/integration-test/target/test-dir/MiniOzoneClusterImpl-a91fc67d-f8c9-4dc9-8b91-6f02eb894b3b/datanode-2/data/ratis/4d0a58e4-5e13-4756-b8fc-c92e3fdb7dcf/sm/snapshot.2_13 time:52
2019-09-05 07:37:07,715 [StateMachineUpdater:d8846d25-1678-4df1-8bff-f38eb3492905:group-C92E3FDB7DCF] INFO  impl.StateMachineUpdater (StateMachineUpdater.java:takeSnapshot(242)) - StateMachineUpdater:d8846d25-1678-4df1-8bff-f38eb3492905:group-C92E3FDB7DCF: Took a snapshot at index 13
2019-09-05 07:37:07,715 [StateMachineUpdater:d8846d25-1678-4df1-8bff-f38eb3492905:group-C92E3FDB7DCF] INFO  impl.StateMachineUpdater (StateMachineUpdater.java:lambda$new$0(80)) - StateMachineUpdater:d8846d25-1678-4df1-8bff-f38eb3492905:group-C92E3FDB7DCF: snapshotIndex: updateIncreasingly -1 -> 13
2019-09-05 07:37:07,716 [ForkJoinPool.commonPool-worker-0] INFO  impl.RaftServerImpl (ServerState.java:close(394)) - d8846d25-1678-4df1-8bff-f38eb3492905:group-C92E3FDB7DCF closes. The last applied log index is 16
2019-09-05 07:37:07,716 [d8846d25-1678-4df1-8bff-f38eb3492905-SegmentedRaftLogWorker:Storage Directory /workdir/hadoop-ozone/integration-test/target/test-dir/MiniOzoneClusterImpl-a91fc67d-f8c9-4dc9-8b91-6f02eb894b3b/datanode-2/data/ratis/4d0a58e4-5e13-4756-b8fc-c92e3fdb7dcf] INFO  segmented.SegmentedRaftLogWorker (SegmentedRaftLogWorker.java:run(313)) - d8846d25-1678-4df1-8bff-f38eb3492905-SegmentedRaftLogWorker:Storage Directory /workdir/hadoop-ozone/integration-test/target/test-dir/MiniOzoneClusterImpl-a91fc67d-f8c9-4dc9-8b91-6f02eb894b3b/datanode-2/data/ratis/4d0a58e4-5e13-4756-b8fc-c92e3fdb7dcf was interrupted, exiting. There are 0 tasks remaining in the queue.
2019-09-05 07:37:07,716 [ForkJoinPool.commonPool-worker-0] INFO  segmented.SegmentedRaftLogWorker (SegmentedRaftLogWorker.java:close(228)) - d8846d25-1678-4df1-8bff-f38eb3492905-SegmentedRaftLogWorker:Storage Directory /workdir/hadoop-ozone/integration-test/target/test-dir/MiniOzoneClusterImpl-a91fc67d-f8c9-4dc9-8b91-6f02eb894b3b/datanode-2/data/ratis/4d0a58e4-5e13-4756-b8fc-c92e3fdb7dcf close()
2019-09-05 07:37:07,718 [ForkJoinPool.commonPool-worker-0] INFO  server.GrpcService (GrpcService.java:closeImpl(155)) - d8846d25-1678-4df1-8bff-f38eb3492905: shutdown server with port 44539 now
2019-09-05 07:37:07,718 [ForkJoinPool.commonPool-worker-0] INFO  server.GrpcService (GrpcService.java:closeImpl(163)) - d8846d25-1678-4df1-8bff-f38eb3492905: shutdown server with port 44539 successfully
2019-09-05 07:37:07,719 [ForkJoinPool.commonPool-worker-0] INFO  utils.BackgroundService (BackgroundService.java:shutdown(148)) - Shutting down service BlockDeletingService
2019-09-05 07:37:07,720 [refreshUsed-/workdir/hadoop-ozone/integration-test/target/test-dir/MiniOzoneClusterImpl-a91fc67d-f8c9-4dc9-8b91-6f02eb894b3b/datanode-2/data/containers] WARN  fs.CachingGetSpaceUsed (CachingGetSpaceUsed.java:run(183)) - Thread Interrupted waiting to refresh disk information: sleep interrupted
2019-09-05 07:37:07,739 [ForkJoinPool.commonPool-worker-0] INFO  statemachine.DatanodeStateMachine (DatanodeStateMachine.java:stopDaemon(395)) - Ozone container server stopped.
2019-09-05 07:37:07,742 [ForkJoinPool.commonPool-worker-0] INFO  handler.ContextHandler (ContextHandler.java:doStop(910)) - Stopped o.e.j.w.WebAppContext@291a4791{/,null,UNAVAILABLE}{/hddsDatanode}
2019-09-05 07:37:07,742 [ForkJoinPool.commonPool-worker-0] INFO  server.AbstractConnector (AbstractConnector.java:doStop(318)) - Stopped ServerConnector@5b1e88f{HTTP/1.1,[http/1.1]}{0.0.0.0:0}
2019-09-05 07:37:07,743 [ForkJoinPool.commonPool-worker-0] INFO  handler.ContextHandler (ContextHandler.java:doStop(910)) - Stopped o.e.j.s.ServletContextHandler@7abeabe9{/static,jar:file:/home/user/.m2/repository/org/apache/hadoop/hadoop-hdds-container-service/0.5.0-SNAPSHOT/hadoop-hdds-container-service-0.5.0-SNAPSHOT.jar!/webapps/static,UNAVAILABLE}
2019-09-05 07:37:07,744 [ForkJoinPool.commonPool-worker-0] INFO  handler.ContextHandler (ContextHandler.java:doStop(910)) - Stopped o.e.j.s.ServletContextHandler@251c8145{/logs,file:///workdir/hadoop-ozone/integration-test/target/log,UNAVAILABLE}
2019-09-05 07:37:07,747 | INFO  | DNAudit | user=null | ip=null | op=PUT_BLOCK {blockData=[blockId=conID: 2 locID: 102738756397301762 bcsId: 0,size=450]} | ret=SUCCESS |  
2019-09-05 07:37:07,747 | INFO  | DNAudit | user=null | ip=null | op=PUT_BLOCK {blockData=[blockId=conID: 2 locID: 102738756397301762 bcsId: 0,size=450]} | ret=SUCCESS |  
2019-09-05 07:37:07,872 [Datanode State Machine Thread - 0] INFO  statemachine.DatanodeStateMachine (DatanodeStateMachine.java:lambda$startDaemon$0(350)) - Ozone container server started.
2019-09-05 07:37:11,966 [EventQueue-StaleNodeForStaleNodeHandler] INFO  node.StaleNodeHandler (StaleNodeHandler.java:onMessage(58)) - Datanode cbc4e215-9e19-470f-b262-a66375af609e{ip: 192.168.36.69, host: pr-hdds-1571-lfg7x-4139639749, networkLocation: /default-rack, certSerialId: null} moved to stale state. Finalizing its pipelines [PipelineID=d3d34444-4812-4613-80b0-799c4da6c7bc]
2019-09-05 07:37:11,966 [EventQueue-StaleNodeForStaleNodeHandler] INFO  pipeline.SCMPipelineManager (SCMPipelineManager.java:finalizeAndDestroyPipeline(309)) - destroying pipeline:Pipeline[ Id: d3d34444-4812-4613-80b0-799c4da6c7bc, Nodes: cbc4e215-9e19-470f-b262-a66375af609e{ip: 192.168.36.69, host: pr-hdds-1571-lfg7x-4139639749, networkLocation: /default-rack, certSerialId: null}, Type:RATIS, Factor:ONE, State:OPEN]
2019-09-05 07:37:11,966 [EventQueue-StaleNodeForStaleNodeHandler] INFO  pipeline.PipelineStateManager (PipelineStateManager.java:finalizePipeline(123)) - Pipeline Pipeline[ Id: d3d34444-4812-4613-80b0-799c4da6c7bc, Nodes: cbc4e215-9e19-470f-b262-a66375af609e{ip: 192.168.36.69, host: pr-hdds-1571-lfg7x-4139639749, networkLocation: /default-rack, certSerialId: null}, Type:RATIS, Factor:ONE, State:CLOSED] moved to CLOSED state
2019-09-05 07:37:12,693 [main] INFO  ozoneimpl.OzoneContainer (OzoneContainer.java:stop(199)) - Attempting to stop container services.
2019-09-05 07:37:12,694 [main] INFO  impl.RaftServerProxy (RaftServerProxy.java:lambda$close$4(314)) - cbc4e215-9e19-470f-b262-a66375af609e: close
2019-09-05 07:37:12,694 [main] INFO  impl.RaftServerImpl (RaftServerImpl.java:lambda$shutdown$3(245)) - cbc4e215-9e19-470f-b262-a66375af609e: shutdown group-799C4DA6C7BC
2019-09-05 07:37:12,695 [main] INFO  util.JmxRegister (JmxRegister.java:unregister(73)) - Successfully un-registered JMX Bean with object name Ratis:service=RaftServer,group=group-799C4DA6C7BC,id=cbc4e215-9e19-470f-b262-a66375af609e
2019-09-05 07:37:12,695 [main] INFO  impl.RoleInfo (RoleInfo.java:shutdownLeaderState(104)) - cbc4e215-9e19-470f-b262-a66375af609e: shutdown LeaderState
2019-09-05 07:37:12,696 [main] INFO  impl.PendingRequests (PendingRequests.java:sendNotLeaderResponses(202)) - cbc4e215-9e19-470f-b262-a66375af609e-PendingRequests: sendNotLeaderResponses
2019-09-05 07:37:12,696 [main] INFO  impl.StateMachineUpdater (StateMachineUpdater.java:stopAndJoin(115)) - StateMachineUpdater:cbc4e215-9e19-470f-b262-a66375af609e:group-799C4DA6C7BC: set stopIndex = 0
2019-09-05 07:37:12,697 [main] INFO  impl.RaftServerImpl (ServerState.java:close(394)) - cbc4e215-9e19-470f-b262-a66375af609e:group-799C4DA6C7BC closes. The last applied log index is 0
2019-09-05 07:37:12,697 [cbc4e215-9e19-470f-b262-a66375af609e-SegmentedRaftLogWorker:Storage Directory /workdir/hadoop-ozone/integration-test/target/test-dir/MiniOzoneClusterImpl-a91fc67d-f8c9-4dc9-8b91-6f02eb894b3b/datanode-5/data/ratis/d3d34444-4812-4613-80b0-799c4da6c7bc] INFO  segmented.SegmentedRaftLogWorker (SegmentedRaftLogWorker.java:run(313)) - cbc4e215-9e19-470f-b262-a66375af609e-SegmentedRaftLogWorker:Storage Directory /workdir/hadoop-ozone/integration-test/target/test-dir/MiniOzoneClusterImpl-a91fc67d-f8c9-4dc9-8b91-6f02eb894b3b/datanode-5/data/ratis/d3d34444-4812-4613-80b0-799c4da6c7bc was interrupted, exiting. There are 0 tasks remaining in the queue.
2019-09-05 07:37:12,698 [main] INFO  segmented.SegmentedRaftLogWorker (SegmentedRaftLogWorker.java:close(228)) - cbc4e215-9e19-470f-b262-a66375af609e-SegmentedRaftLogWorker:Storage Directory /workdir/hadoop-ozone/integration-test/target/test-dir/MiniOzoneClusterImpl-a91fc67d-f8c9-4dc9-8b91-6f02eb894b3b/datanode-5/data/ratis/d3d34444-4812-4613-80b0-799c4da6c7bc close()
2019-09-05 07:37:12,700 [main] INFO  server.GrpcService (GrpcService.java:closeImpl(155)) - cbc4e215-9e19-470f-b262-a66375af609e: shutdown server with port 44389 now
2019-09-05 07:37:12,700 [main] INFO  server.GrpcService (GrpcService.java:closeImpl(163)) - cbc4e215-9e19-470f-b262-a66375af609e: shutdown server with port 44389 successfully
2019-09-05 07:37:12,705 [main] INFO  utils.BackgroundService (BackgroundService.java:shutdown(148)) - Shutting down service BlockDeletingService
2019-09-05 07:37:12,707 [refreshUsed-/workdir/hadoop-ozone/integration-test/target/test-dir/MiniOzoneClusterImpl-a91fc67d-f8c9-4dc9-8b91-6f02eb894b3b/datanode-5/data/containers] WARN  fs.CachingGetSpaceUsed (CachingGetSpaceUsed.java:run(183)) - Thread Interrupted waiting to refresh disk information: sleep interrupted
2019-09-05 07:37:12,725 [main] INFO  statemachine.DatanodeStateMachine (DatanodeStateMachine.java:stopDaemon(395)) - Ozone container server stopped.
2019-09-05 07:37:12,726 [main] INFO  handler.ContextHandler (ContextHandler.java:doStop(910)) - Stopped o.e.j.w.WebAppContext@2a484710{/,null,UNAVAILABLE}{/hddsDatanode}
2019-09-05 07:37:12,727 [main] INFO  server.AbstractConnector (AbstractConnector.java:doStop(318)) - Stopped ServerConnector@661e1399{HTTP/1.1,[http/1.1]}{0.0.0.0:0}
2019-09-05 07:37:12,727 [main] INFO  handler.ContextHandler (ContextHandler.java:doStop(910)) - Stopped o.e.j.s.ServletContextHandler@5d7f8467{/static,jar:file:/home/user/.m2/repository/org/apache/hadoop/hadoop-hdds-container-service/0.5.0-SNAPSHOT/hadoop-hdds-container-service-0.5.0-SNAPSHOT.jar!/webapps/static,UNAVAILABLE}
2019-09-05 07:37:12,728 [main] INFO  handler.ContextHandler (ContextHandler.java:doStop(910)) - Stopped o.e.j.s.ServletContextHandler@4f5c30b1{/logs,file:///workdir/hadoop-ozone/integration-test/target/log,UNAVAILABLE}
2019-09-05 07:37:12,729 [main] INFO  ozone.MiniOzoneClusterImpl (MiniOzoneClusterImpl.java:stop(353)) - Stopping the StorageContainerManager
2019-09-05 07:37:12,729 [main] INFO  server.StorageContainerManager (StorageContainerManager.java:stop(797)) - Stopping Replication Manager Service.
2019-09-05 07:37:12,729 [main] INFO  container.ReplicationManager (ReplicationManager.java:stop(192)) - Stopping Replication Monitor Thread.
2019-09-05 07:37:12,730 [main] INFO  server.StorageContainerManager (StorageContainerManager.java:stop(804)) - Stopping Lease Manager of the command watchers
2019-09-05 07:37:12,730 [main] INFO  server.StorageContainerManager (StorageContainerManager.java:stop(811)) - Stopping datanode service RPC server
2019-09-05 07:37:12,730 [main] INFO  server.SCMDatanodeProtocolServer (SCMDatanodeProtocolServer.java:stop(367)) - Stopping the RPC server for DataNodes
2019-09-05 07:37:12,730 [main] INFO  ipc.Server (Server.java:stop(3082)) - Stopping server on 37204
2019-09-05 07:37:12,732 [IPC Server listener on 37204] INFO  ipc.Server (Server.java:run(1185)) - Stopping IPC Server listener on 37204
2019-09-05 07:37:12,732 [IPC Server Responder] INFO  ipc.Server (Server.java:run(1319)) - Stopping IPC Server Responder
2019-09-05 07:37:12,767 [SCM Heartbeat Processing Thread - 0] WARN  node.NodeStateManager (NodeStateManager.java:scheduleNextHealthCheck(655)) - Current Thread is interrupted, shutting down HB processing thread for Node Manager.
2019-09-05 07:37:12,767 [main] INFO  server.StorageContainerManager (StorageContainerManager.java:stop(819)) - Stopping block service RPC server
2019-09-05 07:37:12,768 [main] INFO  server.SCMBlockProtocolServer (SCMBlockProtocolServer.java:stop(148)) - Stopping the RPC server for Block Protocol
2019-09-05 07:37:12,768 [main] INFO  ipc.Server (Server.java:stop(3082)) - Stopping server on 39617
2019-09-05 07:37:12,769 [IPC Server listener on 39617] INFO  ipc.Server (Server.java:run(1185)) - Stopping IPC Server listener on 39617
2019-09-05 07:37:12,769 [main] INFO  server.StorageContainerManager (StorageContainerManager.java:stop(826)) - Stopping the StorageContainerLocationProtocol RPC server
2019-09-05 07:37:12,770 [IPC Server Responder] INFO  ipc.Server (Server.java:run(1319)) - Stopping IPC Server Responder
2019-09-05 07:37:12,770 [main] INFO  server.SCMClientProtocolServer (SCMClientProtocolServer.java:stop(159)) - Stopping the RPC server for Client Protocol
2019-09-05 07:37:12,771 [main] INFO  ipc.Server (Server.java:stop(3082)) - Stopping server on 34040
2019-09-05 07:37:12,773 [IPC Server listener on 34040] INFO  ipc.Server (Server.java:run(1185)) - Stopping IPC Server listener on 34040
2019-09-05 07:37:12,773 [main] INFO  server.StorageContainerManager (StorageContainerManager.java:stop(833)) - Stopping Storage Container Manager HTTP server.
2019-09-05 07:37:12,773 [IPC Server Responder] INFO  ipc.Server (Server.java:run(1319)) - Stopping IPC Server Responder
2019-09-05 07:37:12,775 [main] INFO  handler.ContextHandler (ContextHandler.java:doStop(910)) - Stopped o.e.j.w.WebAppContext@48f5bde6{/,null,UNAVAILABLE}{/scm}
2019-09-05 07:37:12,776 [main] INFO  server.AbstractConnector (AbstractConnector.java:doStop(318)) - Stopped ServerConnector@6d511b5f{HTTP/1.1,[http/1.1]}{0.0.0.0:0}
2019-09-05 07:37:12,776 [main] INFO  handler.ContextHandler (ContextHandler.java:doStop(910)) - Stopped o.e.j.s.ServletContextHandler@5c530d1e{/static,file:///workdir/hadoop-ozone/integration-test/target/test-classes/webapps/static,UNAVAILABLE}
2019-09-05 07:37:12,777 [main] INFO  handler.ContextHandler (ContextHandler.java:doStop(910)) - Stopped o.e.j.s.ServletContextHandler@5286c33a{/logs,file:///workdir/hadoop-ozone/integration-test/target/log,UNAVAILABLE}
2019-09-05 07:37:12,778 [main] INFO  server.StorageContainerManager (StorageContainerManager.java:stop(844)) - Stopping Block Manager Service.
2019-09-05 07:37:12,778 [main] INFO  utils.BackgroundService (BackgroundService.java:shutdown(148)) - Shutting down service SCMBlockDeletingService
2019-09-05 07:37:12,779 [main] INFO  utils.BackgroundService (BackgroundService.java:shutdown(148)) - Shutting down service SCMBlockDeletingService
2019-09-05 07:37:12,779 [main] INFO  server.StorageContainerManager (StorageContainerManager.java:stop(866)) - Stopping SCM Event Queue.
2019-09-05 07:37:12,787 [main] INFO  impl.MetricsSystemImpl (MetricsSystemImpl.java:stop(210)) - Stopping XceiverClientMetrics metrics system...
2019-09-05 07:37:12,795 [main] INFO  impl.MetricsSystemImpl (MetricsSystemImpl.java:stop(216)) - XceiverClientMetrics metrics system stopped.
]]></system-out>
    <system-err><![CDATA[Sep 05, 2019 7:35:27 AM com.sun.jersey.server.impl.application.WebApplicationImpl _initiate
INFO: Initiating Jersey application, version 'Jersey: 1.19 02/11/2015 03:25 AM'
Sep 05, 2019 7:35:28 AM com.sun.jersey.server.impl.application.WebApplicationImpl _initiate
INFO: Initiating Jersey application, version 'Jersey: 1.19 02/11/2015 03:25 AM'
Sep 05, 2019 7:35:28 AM com.sun.jersey.server.impl.application.WebApplicationImpl _initiate
INFO: Initiating Jersey application, version 'Jersey: 1.19 02/11/2015 03:25 AM'
Sep 05, 2019 7:35:28 AM com.sun.jersey.server.impl.application.WebApplicationImpl _initiate
INFO: Initiating Jersey application, version 'Jersey: 1.19 02/11/2015 03:25 AM'
Sep 05, 2019 7:35:28 AM com.sun.jersey.server.impl.application.WebApplicationImpl _initiate
INFO: Initiating Jersey application, version 'Jersey: 1.19 02/11/2015 03:25 AM'
Sep 05, 2019 7:35:28 AM com.sun.jersey.server.impl.application.WebApplicationImpl _initiate
INFO: Initiating Jersey application, version 'Jersey: 1.19 02/11/2015 03:25 AM'
Sep 05, 2019 7:35:29 AM com.sun.jersey.server.impl.application.WebApplicationImpl _initiate
INFO: Initiating Jersey application, version 'Jersey: 1.19 02/11/2015 03:25 AM'
]]></system-err>
  </testcase>
  <testcase name="testDatanodeFailureWithPreAllocation" classname="org.apache.hadoop.ozone.client.rpc.TestBlockOutputStreamWithFailures" time="230.048"/>
  <testcase name="testDatanodeFailureWithSingleNodeRatis" classname="org.apache.hadoop.ozone.client.rpc.TestBlockOutputStreamWithFailures" time="226.522"/>
  <testcase name="testWatchForCommitWithSingleNodeRatis" classname="org.apache.hadoop.ozone.client.rpc.TestBlockOutputStreamWithFailures" time="35.219"/>
  <testcase name="testWatchForCommitDatanodeFailure" classname="org.apache.hadoop.ozone.client.rpc.TestBlockOutputStreamWithFailures" time="35.978"/>
  <testcase name="testFailureWithPrimeSizedData" classname="org.apache.hadoop.ozone.client.rpc.TestBlockOutputStreamWithFailures" time="36.157"/>
  <testcase name="testWatchForCommitWithCloseContainerException" classname="org.apache.hadoop.ozone.client.rpc.TestBlockOutputStreamWithFailures" time="37.45"/>
  <testcase name="testExceptionDuringClose" classname="org.apache.hadoop.ozone.client.rpc.TestBlockOutputStreamWithFailures" time="35.978">
    <failure message="expected:&lt;88&gt; but was:&lt;90&gt;" type="java.lang.AssertionError"><![CDATA[java.lang.AssertionError: expected:<88> but was:<90>
	at org.junit.Assert.fail(Assert.java:88)
	at org.junit.Assert.failNotEquals(Assert.java:743)
	at org.junit.Assert.assertEquals(Assert.java:118)
	at org.junit.Assert.assertEquals(Assert.java:555)
	at org.junit.Assert.assertEquals(Assert.java:542)
	at org.apache.hadoop.ozone.client.rpc.TestBlockOutputStreamWithFailures.testExceptionDuringClose(TestBlockOutputStreamWithFailures.java:726)
	at sun.reflect.NativeMethodAccessorImpl.invoke0(Native Method)
	at sun.reflect.NativeMethodAccessorImpl.invoke(NativeMethodAccessorImpl.java:62)
	at sun.reflect.DelegatingMethodAccessorImpl.invoke(DelegatingMethodAccessorImpl.java:43)
	at java.lang.reflect.Method.invoke(Method.java:498)
	at org.junit.runners.model.FrameworkMethod$1.runReflectiveCall(FrameworkMethod.java:47)
	at org.junit.internal.runners.model.ReflectiveCallable.run(ReflectiveCallable.java:12)
	at org.junit.runners.model.FrameworkMethod.invokeExplosively(FrameworkMethod.java:44)
	at org.junit.internal.runners.statements.InvokeMethod.evaluate(InvokeMethod.java:17)
	at org.junit.internal.runners.statements.RunBefores.evaluate(RunBefores.java:26)
	at org.junit.internal.runners.statements.RunAfters.evaluate(RunAfters.java:27)
	at org.junit.runners.ParentRunner.runLeaf(ParentRunner.java:271)
	at org.junit.runners.BlockJUnit4ClassRunner.runChild(BlockJUnit4ClassRunner.java:70)
	at org.junit.runners.BlockJUnit4ClassRunner.runChild(BlockJUnit4ClassRunner.java:50)
	at org.junit.runners.ParentRunner$3.run(ParentRunner.java:238)
	at org.junit.runners.ParentRunner$1.schedule(ParentRunner.java:63)
	at org.junit.runners.ParentRunner.runChildren(ParentRunner.java:236)
	at org.junit.runners.ParentRunner.access$000(ParentRunner.java:53)
	at org.junit.runners.ParentRunner$2.evaluate(ParentRunner.java:229)
	at org.junit.runners.ParentRunner.run(ParentRunner.java:309)
	at org.apache.maven.surefire.junit4.JUnit4Provider.execute(JUnit4Provider.java:365)
	at org.apache.maven.surefire.junit4.JUnit4Provider.executeWithRerun(JUnit4Provider.java:273)
	at org.apache.maven.surefire.junit4.JUnit4Provider.executeTestSet(JUnit4Provider.java:238)
	at org.apache.maven.surefire.junit4.JUnit4Provider.invoke(JUnit4Provider.java:159)
	at org.apache.maven.surefire.booter.ForkedBooter.invokeProviderInSameClassLoader(ForkedBooter.java:384)
	at org.apache.maven.surefire.booter.ForkedBooter.runSuitesInProcess(ForkedBooter.java:345)
	at org.apache.maven.surefire.booter.ForkedBooter.execute(ForkedBooter.java:126)
	at org.apache.maven.surefire.booter.ForkedBooter.main(ForkedBooter.java:418)
]]></failure>
    <system-out><![CDATA[2019-09-05 07:47:14,245 [main] WARN  server.ServerUtils (ServerUtils.java:getScmDbDir(145)) - ozone.scm.db.dirs is not configured. We recommend adding this setting. Falling back to ozone.metadata.dirs instead.
2019-09-05 07:47:14,274 [main] WARN  server.ServerUtils (ServerUtils.java:getScmDbDir(145)) - ozone.scm.db.dirs is not configured. We recommend adding this setting. Falling back to ozone.metadata.dirs instead.
2019-09-05 07:47:14,275 [main] WARN  server.ServerUtils (ServerUtils.java:getScmDbDir(145)) - ozone.scm.db.dirs is not configured. We recommend adding this setting. Falling back to ozone.metadata.dirs instead.
2019-09-05 07:47:14,275 [main] INFO  db.DBStoreBuilder (DBStoreBuilder.java:addTable(110)) - using custom profile for table: deletedBlocks
2019-09-05 07:47:14,275 [main] INFO  db.DBStoreBuilder (DBStoreBuilder.java:processTables(161)) - Using default column profile:DBProfile.DISK for Table:deletedBlocks
2019-09-05 07:47:14,275 [main] INFO  db.DBStoreBuilder (DBStoreBuilder.java:addTable(110)) - using custom profile for table: validCerts
2019-09-05 07:47:14,276 [main] INFO  db.DBStoreBuilder (DBStoreBuilder.java:processTables(161)) - Using default column profile:DBProfile.DISK for Table:validCerts
2019-09-05 07:47:14,276 [main] INFO  db.DBStoreBuilder (DBStoreBuilder.java:addTable(110)) - using custom profile for table: revokedCerts
2019-09-05 07:47:14,276 [main] INFO  db.DBStoreBuilder (DBStoreBuilder.java:processTables(161)) - Using default column profile:DBProfile.DISK for Table:revokedCerts
2019-09-05 07:47:14,276 [main] INFO  db.DBStoreBuilder (DBStoreBuilder.java:addTable(110)) - using custom profile for table: default
2019-09-05 07:47:14,276 [main] INFO  db.DBStoreBuilder (DBStoreBuilder.java:processTables(167)) - Using default column profile:DBProfile.DISK for Table:default
2019-09-05 07:47:14,276 [main] INFO  db.DBStoreBuilder (DBStoreBuilder.java:getDbProfile(198)) - Using default options. DBProfile.DISK
2019-09-05 07:47:14,636 [main] INFO  net.NodeSchemaLoader (NodeSchemaLoader.java:loadSchemaFromFile(125)) - Loading file from sun.misc.CompoundEnumeration@77f3bb3f
2019-09-05 07:47:14,636 [main] INFO  net.NodeSchemaLoader (NodeSchemaLoader.java:loadSchema(171)) - Loading network topology layer schema file
2019-09-05 07:47:14,641 [main] INFO  node.SCMNodeManager (SCMNodeManager.java:<init>(121)) - Entering startup safe mode.
2019-09-05 07:47:14,642 [main] INFO  algorithms.ContainerPlacementPolicyFactory (ContainerPlacementPolicyFactory.java:getPolicy(56)) - Create container placement policy of type org.apache.hadoop.hdds.scm.container.placement.algorithms.SCMContainerPlacementRandom
2019-09-05 07:47:14,642 [main] WARN  server.ServerUtils (ServerUtils.java:getScmDbDir(145)) - ozone.scm.db.dirs is not configured. We recommend adding this setting. Falling back to ozone.metadata.dirs instead.
2019-09-05 07:47:14,761 [main] INFO  pipeline.SCMPipelineManager (SCMPipelineManager.java:initializePipelineState(126)) - No pipeline exists in current db
2019-09-05 07:47:14,761 [main] WARN  server.ServerUtils (ServerUtils.java:getScmDbDir(145)) - ozone.scm.db.dirs is not configured. We recommend adding this setting. Falling back to ozone.metadata.dirs instead.
2019-09-05 07:47:14,939 [main] WARN  events.EventQueue (EventQueue.java:fireEvent(175)) - No event handler registered for event TypedEvent{payloadType=SafeModeStatus, name='SafeModeStatus'}
2019-09-05 07:47:14,939 [main] INFO  ipc.CallQueueManager (CallQueueManager.java:<init>(84)) - Using callQueue: class java.util.concurrent.LinkedBlockingQueue, queueCapacity: 2000, scheduler: class org.apache.hadoop.ipc.DefaultRpcScheduler, ipcBackoff: false.
2019-09-05 07:47:14,940 [Socket Reader #1 for port 39700] INFO  ipc.Server (Server.java:run(1074)) - Starting Socket Reader #1 for port 39700
2019-09-05 07:47:14,942 [main] INFO  ipc.CallQueueManager (CallQueueManager.java:<init>(84)) - Using callQueue: class java.util.concurrent.LinkedBlockingQueue, queueCapacity: 2000, scheduler: class org.apache.hadoop.ipc.DefaultRpcScheduler, ipcBackoff: false.
2019-09-05 07:47:14,942 [Socket Reader #1 for port 33925] INFO  ipc.Server (Server.java:run(1074)) - Starting Socket Reader #1 for port 33925
2019-09-05 07:47:14,946 [main] INFO  ipc.CallQueueManager (CallQueueManager.java:<init>(84)) - Using callQueue: class java.util.concurrent.LinkedBlockingQueue, queueCapacity: 2000, scheduler: class org.apache.hadoop.ipc.DefaultRpcScheduler, ipcBackoff: false.
2019-09-05 07:47:14,946 [Socket Reader #1 for port 33281] INFO  ipc.Server (Server.java:run(1074)) - Starting Socket Reader #1 for port 33281
2019-09-05 07:47:14,949 [main] INFO  hdfs.DFSUtil (DFSUtil.java:httpServerTemplateForNNAndJN(1641)) - Starting Web-server for scm at: http://0.0.0.0:0
2019-09-05 07:47:14,951 [main] INFO  server.AuthenticationFilter (AuthenticationFilter.java:constructSecretProvider(240)) - Unable to initialize FileSignerSecretProvider, falling back to use random secrets.
2019-09-05 07:47:14,952 [main] WARN  http.HttpRequestLog (HttpRequestLog.java:getRequestLog(97)) - Jetty request log can only be enabled using Log4j
2019-09-05 07:47:14,954 [main] INFO  http.HttpServer2 (HttpServer2.java:addGlobalFilter(975)) - Added global filter 'safety' (class=org.apache.hadoop.http.HttpServer2$QuotingInputFilter)
2019-09-05 07:47:14,955 [main] INFO  http.HttpServer2 (HttpServer2.java:addFilter(948)) - Added filter static_user_filter (class=org.apache.hadoop.http.lib.StaticUserWebFilter$StaticUserFilter) to context scm
2019-09-05 07:47:14,955 [main] INFO  http.HttpServer2 (HttpServer2.java:addFilter(958)) - Added filter static_user_filter (class=org.apache.hadoop.http.lib.StaticUserWebFilter$StaticUserFilter) to context logs
2019-09-05 07:47:14,955 [main] INFO  http.HttpServer2 (HttpServer2.java:addFilter(958)) - Added filter static_user_filter (class=org.apache.hadoop.http.lib.StaticUserWebFilter$StaticUserFilter) to context static
2019-09-05 07:47:14,958 [main] INFO  server.StorageContainerManager (StorageContainerManager.java:start(759)) - StorageContainerLocationProtocol RPC server is listening at /0.0.0.0:33281
2019-09-05 07:47:14,961 [main] WARN  impl.MetricsConfig (MetricsConfig.java:loadFirst(134)) - Cannot locate configuration: tried hadoop-metrics2-storagecontainermanager.properties,hadoop-metrics2.properties
2019-09-05 07:47:14,962 [main] INFO  impl.MetricsSystemImpl (MetricsSystemImpl.java:startTimer(374)) - Scheduled Metric snapshot period at 10 second(s).
2019-09-05 07:47:14,963 [main] INFO  impl.MetricsSystemImpl (MetricsSystemImpl.java:start(191)) - StorageContainerManager metrics system started
2019-09-05 07:47:15,077 [main] INFO  server.SCMClientProtocolServer (SCMClientProtocolServer.java:start(151)) - RPC server for Client  is listening at /0.0.0.0:33281
2019-09-05 07:47:15,078 [IPC Server Responder] INFO  ipc.Server (Server.java:run(1314)) - IPC Server Responder: starting
2019-09-05 07:47:15,078 [IPC Server listener on 33281] INFO  ipc.Server (Server.java:run(1153)) - IPC Server listener on 33281: starting
2019-09-05 07:47:15,081 [main] INFO  server.StorageContainerManager (StorageContainerManager.java:start(769)) - ScmBlockLocationProtocol RPC server is listening at /0.0.0.0:33925
2019-09-05 07:47:15,082 [main] INFO  server.SCMBlockProtocolServer (SCMBlockProtocolServer.java:start(140)) - RPC server for Block Protocol is listening at /0.0.0.0:33925
2019-09-05 07:47:15,082 [IPC Server Responder] INFO  ipc.Server (Server.java:run(1314)) - IPC Server Responder: starting
2019-09-05 07:47:15,082 [IPC Server listener on 33925] INFO  ipc.Server (Server.java:run(1153)) - IPC Server listener on 33925: starting
2019-09-05 07:47:15,086 [main] INFO  server.StorageContainerManager (StorageContainerManager.java:start(773)) - ScmDatanodeProtocl RPC server is listening at /0.0.0.0:39700
2019-09-05 07:47:15,086 [main] INFO  server.SCMDatanodeProtocolServer (SCMDatanodeProtocolServer.java:start(191)) - RPC server for DataNodes is listening at /0.0.0.0:39700
2019-09-05 07:47:15,086 [IPC Server Responder] INFO  ipc.Server (Server.java:run(1314)) - IPC Server Responder: starting
2019-09-05 07:47:15,088 [IPC Server listener on 39700] INFO  ipc.Server (Server.java:run(1153)) - IPC Server listener on 39700: starting
2019-09-05 07:47:15,094 [main] INFO  http.HttpServer2 (HttpServer2.java:bindListener(1191)) - Jetty bound to port 36830
2019-09-05 07:47:15,094 [main] INFO  server.Server (Server.java:doStart(351)) - jetty-9.3.24.v20180605, build timestamp: 2018-06-05T17:11:56Z, git hash: 84205aa28f11a4f31f2a3b86d1bba2cc8ab69827
2019-09-05 07:47:15,096 [main] INFO  handler.ContextHandler (ContextHandler.java:doStart(781)) - Started o.e.j.s.ServletContextHandler@47d6d2a7{/logs,file:///workdir/hadoop-ozone/integration-test/target/log,AVAILABLE}
2019-09-05 07:47:15,096 [main] INFO  handler.ContextHandler (ContextHandler.java:doStart(781)) - Started o.e.j.s.ServletContextHandler@95d1ba6{/static,file:///workdir/hadoop-ozone/integration-test/target/test-classes/webapps/static,AVAILABLE}
2019-09-05 07:47:15,100 [main] INFO  handler.ContextHandler (ContextHandler.java:doStart(781)) - Started o.e.j.w.WebAppContext@579c15a7{/,file:///workdir/hadoop-ozone/integration-test/target/test-classes/webapps/scm/,AVAILABLE}{/scm}
2019-09-05 07:47:15,100 [main] INFO  server.AbstractConnector (AbstractConnector.java:doStart(278)) - Started ServerConnector@1a29c848{HTTP/1.1,[http/1.1]}{0.0.0.0:36830}
2019-09-05 07:47:15,103 [main] INFO  server.Server (Server.java:doStart(419)) - Started @715653ms
2019-09-05 07:47:15,105 [main] INFO  server.BaseHttpServer (BaseHttpServer.java:updateConnectorAddress(213)) - HTTP server of SCM is listening at http://0.0.0.0:36830
2019-09-05 07:47:15,107 [main] WARN  server.ServerUtils (ServerUtils.java:getDBPath(222)) - ozone.om.db.dirs is not configured. We recommend adding this setting. Falling back to ozone.metadata.dirs instead.
2019-09-05 07:47:15,107 [org.apache.hadoop.util.JvmPauseMonitor$Monitor@331d645a] INFO  util.JvmPauseMonitor (JvmPauseMonitor.java:run(188)) - Starting JVM pause monitor
2019-09-05 07:47:15,136 [main] WARN  server.ServerUtils (ServerUtils.java:getDBPath(222)) - ozone.om.db.dirs is not configured. We recommend adding this setting. Falling back to ozone.metadata.dirs instead.
2019-09-05 07:47:15,136 [main] WARN  server.ServerUtils (ServerUtils.java:getDBPath(222)) - ozone.om.db.dirs is not configured. We recommend adding this setting. Falling back to ozone.metadata.dirs instead.
2019-09-05 07:47:15,137 [main] INFO  om.OzoneManager (OzoneManager.java:setOMNodeDetails(645)) - OM Service ID is not set. Setting it to the default ID: omServiceIdDefault
2019-09-05 07:47:15,137 [main] INFO  om.OzoneManager (OzoneManager.java:setOMNodeDetails(651)) - OM Node ID is not set. Setting it to the OmStorage's OmID: 978e92e5-6059-4368-bce5-14a87bcd86aa
2019-09-05 07:47:15,137 [main] INFO  om.OzoneManager (OzoneManager.java:loadOMHAConfigs(602)) - Found matching OM address with OMServiceId: null, OMNodeId: null, RPC Address: localhost:0 and Ratis port: 9872
2019-09-05 07:47:15,143 | INFO  | SCMAudit | user=jenkins1000 | ip=192.168.36.69 | op=GET_SCM_INFO null | ret=SUCCESS |  
2019-09-05 07:47:15,145 [main] WARN  server.ServerUtils (ServerUtils.java:getDBPath(222)) - ozone.om.db.dirs is not configured. We recommend adding this setting. Falling back to ozone.metadata.dirs instead.
2019-09-05 07:47:15,146 [main] INFO  db.DBStoreBuilder (DBStoreBuilder.java:addTable(110)) - using custom profile for table: userTable
2019-09-05 07:47:15,146 [main] INFO  db.DBStoreBuilder (DBStoreBuilder.java:processTables(161)) - Using default column profile:DBProfile.DISK for Table:userTable
2019-09-05 07:47:15,147 [main] INFO  db.DBStoreBuilder (DBStoreBuilder.java:addTable(110)) - using custom profile for table: volumeTable
2019-09-05 07:47:15,147 [main] INFO  db.DBStoreBuilder (DBStoreBuilder.java:processTables(161)) - Using default column profile:DBProfile.DISK for Table:volumeTable
2019-09-05 07:47:15,147 [main] INFO  db.DBStoreBuilder (DBStoreBuilder.java:addTable(110)) - using custom profile for table: bucketTable
2019-09-05 07:47:15,147 [main] INFO  db.DBStoreBuilder (DBStoreBuilder.java:processTables(161)) - Using default column profile:DBProfile.DISK for Table:bucketTable
2019-09-05 07:47:15,147 [main] INFO  db.DBStoreBuilder (DBStoreBuilder.java:addTable(110)) - using custom profile for table: keyTable
2019-09-05 07:47:15,148 [main] INFO  db.DBStoreBuilder (DBStoreBuilder.java:processTables(161)) - Using default column profile:DBProfile.DISK for Table:keyTable
2019-09-05 07:47:15,148 [main] INFO  db.DBStoreBuilder (DBStoreBuilder.java:addTable(110)) - using custom profile for table: deletedTable
2019-09-05 07:47:15,148 [main] INFO  db.DBStoreBuilder (DBStoreBuilder.java:processTables(161)) - Using default column profile:DBProfile.DISK for Table:deletedTable
2019-09-05 07:47:15,148 [main] INFO  db.DBStoreBuilder (DBStoreBuilder.java:addTable(110)) - using custom profile for table: openKeyTable
2019-09-05 07:47:15,148 [main] INFO  db.DBStoreBuilder (DBStoreBuilder.java:processTables(161)) - Using default column profile:DBProfile.DISK for Table:openKeyTable
2019-09-05 07:47:15,148 [main] INFO  db.DBStoreBuilder (DBStoreBuilder.java:addTable(110)) - using custom profile for table: s3Table
2019-09-05 07:47:15,149 [main] INFO  db.DBStoreBuilder (DBStoreBuilder.java:processTables(161)) - Using default column profile:DBProfile.DISK for Table:s3Table
2019-09-05 07:47:15,149 [main] INFO  db.DBStoreBuilder (DBStoreBuilder.java:addTable(110)) - using custom profile for table: multipartInfoTable
2019-09-05 07:47:15,149 [main] INFO  db.DBStoreBuilder (DBStoreBuilder.java:processTables(161)) - Using default column profile:DBProfile.DISK for Table:multipartInfoTable
2019-09-05 07:47:15,149 [main] INFO  db.DBStoreBuilder (DBStoreBuilder.java:addTable(110)) - using custom profile for table: dTokenTable
2019-09-05 07:47:15,149 [main] INFO  db.DBStoreBuilder (DBStoreBuilder.java:processTables(161)) - Using default column profile:DBProfile.DISK for Table:dTokenTable
2019-09-05 07:47:15,149 [main] INFO  db.DBStoreBuilder (DBStoreBuilder.java:addTable(110)) - using custom profile for table: s3SecretTable
2019-09-05 07:47:15,149 [main] INFO  db.DBStoreBuilder (DBStoreBuilder.java:processTables(161)) - Using default column profile:DBProfile.DISK for Table:s3SecretTable
2019-09-05 07:47:15,150 [main] INFO  db.DBStoreBuilder (DBStoreBuilder.java:addTable(110)) - using custom profile for table: prefixTable
2019-09-05 07:47:15,150 [main] INFO  db.DBStoreBuilder (DBStoreBuilder.java:processTables(161)) - Using default column profile:DBProfile.DISK for Table:prefixTable
2019-09-05 07:47:15,150 [main] INFO  db.DBStoreBuilder (DBStoreBuilder.java:addTable(110)) - using custom profile for table: default
2019-09-05 07:47:15,150 [main] INFO  db.DBStoreBuilder (DBStoreBuilder.java:processTables(167)) - Using default column profile:DBProfile.DISK for Table:default
2019-09-05 07:47:15,150 [main] INFO  db.DBStoreBuilder (DBStoreBuilder.java:getDbProfile(198)) - Using default options. DBProfile.DISK
2019-09-05 07:47:16,145 [main] INFO  ipc.CallQueueManager (CallQueueManager.java:<init>(84)) - Using callQueue: class java.util.concurrent.LinkedBlockingQueue, queueCapacity: 2000, scheduler: class org.apache.hadoop.ipc.DefaultRpcScheduler, ipcBackoff: false.
2019-09-05 07:47:16,146 [Socket Reader #1 for port 45294] INFO  ipc.Server (Server.java:run(1074)) - Starting Socket Reader #1 for port 45294
2019-09-05 07:47:16,158 [main] INFO  om.OzoneManager (OzoneManager.java:start(1256)) - OzoneManager RPC server is listening at localhost/127.0.0.1:45294
2019-09-05 07:47:16,159 [main] INFO  impl.MetricsSystemImpl (MetricsSystemImpl.java:init(158)) - OzoneManager metrics system started (again)
2019-09-05 07:47:16,159 [IPC Server Responder] INFO  ipc.Server (Server.java:run(1314)) - IPC Server Responder: starting
2019-09-05 07:47:16,159 [IPC Server listener on 45294] INFO  ipc.Server (Server.java:run(1153)) - IPC Server listener on 45294: starting
2019-09-05 07:47:16,164 [main] INFO  hdfs.DFSUtil (DFSUtil.java:httpServerTemplateForNNAndJN(1641)) - Starting Web-server for ozoneManager at: http://0.0.0.0:0
2019-09-05 07:47:16,166 [main] INFO  server.AuthenticationFilter (AuthenticationFilter.java:constructSecretProvider(240)) - Unable to initialize FileSignerSecretProvider, falling back to use random secrets.
2019-09-05 07:47:16,166 [main] WARN  http.HttpRequestLog (HttpRequestLog.java:getRequestLog(97)) - Jetty request log can only be enabled using Log4j
2019-09-05 07:47:16,168 [main] INFO  http.HttpServer2 (HttpServer2.java:addGlobalFilter(975)) - Added global filter 'safety' (class=org.apache.hadoop.http.HttpServer2$QuotingInputFilter)
2019-09-05 07:47:16,169 [main] INFO  http.HttpServer2 (HttpServer2.java:addFilter(948)) - Added filter static_user_filter (class=org.apache.hadoop.http.lib.StaticUserWebFilter$StaticUserFilter) to context ozoneManager
2019-09-05 07:47:16,169 [main] INFO  http.HttpServer2 (HttpServer2.java:addFilter(958)) - Added filter static_user_filter (class=org.apache.hadoop.http.lib.StaticUserWebFilter$StaticUserFilter) to context logs
2019-09-05 07:47:16,169 [main] INFO  http.HttpServer2 (HttpServer2.java:addFilter(958)) - Added filter static_user_filter (class=org.apache.hadoop.http.lib.StaticUserWebFilter$StaticUserFilter) to context static
2019-09-05 07:47:16,170 [main] INFO  http.HttpServer2 (HttpServer2.java:bindListener(1191)) - Jetty bound to port 43661
2019-09-05 07:47:16,170 [main] INFO  server.Server (Server.java:doStart(351)) - jetty-9.3.24.v20180605, build timestamp: 2018-06-05T17:11:56Z, git hash: 84205aa28f11a4f31f2a3b86d1bba2cc8ab69827
2019-09-05 07:47:16,171 [main] INFO  handler.ContextHandler (ContextHandler.java:doStart(781)) - Started o.e.j.s.ServletContextHandler@219acda9{/logs,file:///workdir/hadoop-ozone/integration-test/target/log,AVAILABLE}
2019-09-05 07:47:16,171 [main] INFO  handler.ContextHandler (ContextHandler.java:doStart(781)) - Started o.e.j.s.ServletContextHandler@5b9037b6{/static,file:///workdir/hadoop-ozone/integration-test/target/test-classes/webapps/static,AVAILABLE}
2019-09-05 07:47:16,175 [main] INFO  handler.ContextHandler (ContextHandler.java:doStart(781)) - Started o.e.j.w.WebAppContext@1fa67a80{/,file:///workdir/hadoop-ozone/integration-test/target/test-classes/webapps/ozoneManager/,AVAILABLE}{/ozoneManager}
2019-09-05 07:47:16,175 [main] INFO  server.AbstractConnector (AbstractConnector.java:doStart(278)) - Started ServerConnector@6448679f{HTTP/1.1,[http/1.1]}{0.0.0.0:43661}
2019-09-05 07:47:16,176 [main] INFO  server.Server (Server.java:doStart(419)) - Started @716727ms
2019-09-05 07:47:16,177 [main] INFO  server.BaseHttpServer (BaseHttpServer.java:updateConnectorAddress(213)) - HTTP server of OZONEMANAGER is listening at http://0.0.0.0:43661
2019-09-05 07:47:16,189 [main] INFO  impl.MetricsSystemImpl (MetricsSystemImpl.java:init(158)) - HddsDatanode metrics system started (again)
2019-09-05 07:47:16,192 [main] INFO  ozone.HddsDatanodeService (HddsDatanodeService.java:start(184)) - HddsDatanodeService host:pr-hdds-1571-lfg7x-4139639749 ip:192.168.36.69
2019-09-05 07:47:16,203 [main] INFO  volume.HddsVolume (HddsVolume.java:<init>(176)) - Creating Volume: /workdir/hadoop-ozone/integration-test/target/test-dir/MiniOzoneClusterImpl-a7b65b7d-2f78-4bad-aae3-c6d6f5d380da/datanode-0/data/containers/hdds of  storage type : DISK and capacity : 1482555576320
2019-09-05 07:47:16,203 [main] INFO  volume.VolumeSet (VolumeSet.java:initializeVolumeSet(170)) - Added Volume : /workdir/hadoop-ozone/integration-test/target/test-dir/MiniOzoneClusterImpl-a7b65b7d-2f78-4bad-aae3-c6d6f5d380da/datanode-0/data/containers/hdds to VolumeSet
2019-09-05 07:47:16,203 [main] INFO  volume.ThrottledAsyncChecker (ThrottledAsyncChecker.java:schedule(140)) - Scheduling a check for org.apache.hadoop.ozone.container.common.volume.HddsVolume@4288d7b6
2019-09-05 07:47:16,204 [main] INFO  volume.HddsVolumeChecker (HddsVolumeChecker.java:checkAllVolumes(203)) - Scheduled health check for volume org.apache.hadoop.ozone.container.common.volume.HddsVolume@4288d7b6
2019-09-05 07:47:16,216 [main] INFO  impl.RaftServerProxy (ConfUtils.java:logGet(43)) - raft.rpc.type = GRPC (default)
2019-09-05 07:47:16,217 [main] INFO  grpc.GrpcFactory (GrpcFactory.java:checkPooledByteBufAllocatorUseCacheForAllThreads(45)) - PERFORMANCE WARNING: useCacheForAllThreads is true that may cause Netty to create a lot garbage objects and, as a result, trigger GC.
	It is recommended to disable useCacheForAllThreads by setting -Dorg.apache.ratis.thirdparty.io.netty.allocator.useCacheForAllThreads=false in command line.
2019-09-05 07:47:16,217 [main] INFO  grpc.GrpcConfigKeys$Server (ConfUtils.java:logGet(43)) - raft.grpc.server.port = 0 (default)
2019-09-05 07:47:16,217 [main] INFO  server.GrpcService (ConfUtils.java:logGet(43)) - raft.grpc.message.size.max = 33570816 (custom)
2019-09-05 07:47:16,217 [main] INFO  server.RaftServerConfigKeys (ConfUtils.java:logGet(43)) - raft.server.log.appender.buffer.byte-limit = 33554432 (custom)
2019-09-05 07:47:16,217 [main] INFO  server.GrpcService (ConfUtils.java:logGet(43)) - raft.grpc.flow.control.window = 1MB (=1048576) (default)
2019-09-05 07:47:16,218 [main] INFO  server.RaftServerConfigKeys (ConfUtils.java:logGet(43)) - raft.server.rpc.request.timeout = 3000ms (default)
2019-09-05 07:47:16,218 [main] INFO  server.RaftServerConfigKeys (ConfUtils.java:logGet(43)) - raft.server.storage.dir = [/workdir/hadoop-ozone/integration-test/target/test-dir/MiniOzoneClusterImpl-a7b65b7d-2f78-4bad-aae3-c6d6f5d380da/datanode-0/data/ratis] (custom)
2019-09-05 07:47:16,218 [main] INFO  replication.SimpleContainerDownloader (SimpleContainerDownloader.java:<init>(72)) - Starting container downloader service to copy containers to replicate.
2019-09-05 07:47:16,219 [main] INFO  hdfs.DFSUtil (DFSUtil.java:httpServerTemplateForNNAndJN(1641)) - Starting Web-server for hddsDatanode at: http://0.0.0.0:0
2019-09-05 07:47:16,221 [main] INFO  server.AuthenticationFilter (AuthenticationFilter.java:constructSecretProvider(240)) - Unable to initialize FileSignerSecretProvider, falling back to use random secrets.
2019-09-05 07:47:16,221 [main] WARN  http.HttpRequestLog (HttpRequestLog.java:getRequestLog(97)) - Jetty request log can only be enabled using Log4j
2019-09-05 07:47:16,222 [main] INFO  http.HttpServer2 (HttpServer2.java:addGlobalFilter(975)) - Added global filter 'safety' (class=org.apache.hadoop.http.HttpServer2$QuotingInputFilter)
2019-09-05 07:47:16,223 [main] INFO  http.HttpServer2 (HttpServer2.java:addFilter(948)) - Added filter static_user_filter (class=org.apache.hadoop.http.lib.StaticUserWebFilter$StaticUserFilter) to context hddsDatanode
2019-09-05 07:47:16,223 [main] INFO  http.HttpServer2 (HttpServer2.java:addFilter(958)) - Added filter static_user_filter (class=org.apache.hadoop.http.lib.StaticUserWebFilter$StaticUserFilter) to context static
2019-09-05 07:47:16,223 [main] INFO  http.HttpServer2 (HttpServer2.java:addFilter(958)) - Added filter static_user_filter (class=org.apache.hadoop.http.lib.StaticUserWebFilter$StaticUserFilter) to context logs
2019-09-05 07:47:16,223 [main] INFO  http.HttpServer2 (HttpServer2.java:bindListener(1191)) - Jetty bound to port 36744
2019-09-05 07:47:16,224 [main] INFO  server.Server (Server.java:doStart(351)) - jetty-9.3.24.v20180605, build timestamp: 2018-06-05T17:11:56Z, git hash: 84205aa28f11a4f31f2a3b86d1bba2cc8ab69827
2019-09-05 07:47:16,225 [main] INFO  handler.ContextHandler (ContextHandler.java:doStart(781)) - Started o.e.j.s.ServletContextHandler@5a79e98e{/logs,file:///workdir/hadoop-ozone/integration-test/target/log,AVAILABLE}
2019-09-05 07:47:16,226 [main] INFO  handler.ContextHandler (ContextHandler.java:doStart(781)) - Started o.e.j.s.ServletContextHandler@1fb77d8{/static,jar:file:/home/user/.m2/repository/org/apache/hadoop/hadoop-hdds-container-service/0.5.0-SNAPSHOT/hadoop-hdds-container-service-0.5.0-SNAPSHOT.jar!/webapps/static,AVAILABLE}
2019-09-05 07:47:16,253 [main] INFO  handler.ContextHandler (ContextHandler.java:doStart(781)) - Started o.e.j.w.WebAppContext@6e4dfd4d{/,file:///tmp/jetty-0.0.0.0-36744-hddsDatanode-_-any-7817505657288619586.dir/webapp/,AVAILABLE}{/hddsDatanode}
2019-09-05 07:47:16,253 [main] INFO  server.AbstractConnector (AbstractConnector.java:doStart(278)) - Started ServerConnector@2d86f17b{HTTP/1.1,[http/1.1]}{0.0.0.0:36744}
2019-09-05 07:47:16,255 [main] INFO  server.Server (Server.java:doStart(419)) - Started @716804ms
2019-09-05 07:47:16,255 [main] INFO  server.BaseHttpServer (BaseHttpServer.java:updateConnectorAddress(213)) - HTTP server of HDDSDATANODE is listening at http://0.0.0.0:36744
2019-09-05 07:47:16,394 | INFO  | ObjectStoreRestHttpServer | Listening HDDS REST traffic on /0.0.0.0:35430 |  
2019-09-05 07:47:16,394 [main] INFO  ozone.HddsDatanodeService (HddsDatanodeService.java:startPlugins(395)) - Started plug-in org.apache.hadoop.ozone.web.OzoneHddsDatanodeService@3f008bb6
2019-09-05 07:47:16,394 [main] INFO  impl.MetricsSystemImpl (MetricsSystemImpl.java:init(158)) - HddsDatanode metrics system started (again)
2019-09-05 07:47:16,397 [main] INFO  ozone.HddsDatanodeService (HddsDatanodeService.java:start(184)) - HddsDatanodeService host:pr-hdds-1571-lfg7x-4139639749 ip:192.168.36.69
2019-09-05 07:47:16,401 [org.apache.hadoop.util.JvmPauseMonitor$Monitor@643890d4] INFO  util.JvmPauseMonitor (JvmPauseMonitor.java:run(188)) - Starting JVM pause monitor
2019-09-05 07:47:16,403 [Datanode State Machine Thread - 0] INFO  datanode.InitDatanodeState (InitDatanodeState.java:persistContainerDatanodeDetails(140)) - DatanodeDetails is persisted to /workdir/hadoop-ozone/integration-test/target/test-dir/MiniOzoneClusterImpl-a7b65b7d-2f78-4bad-aae3-c6d6f5d380da/datanode-0/meta/datanode.id
2019-09-05 07:47:16,413 [main] INFO  volume.HddsVolume (HddsVolume.java:<init>(176)) - Creating Volume: /workdir/hadoop-ozone/integration-test/target/test-dir/MiniOzoneClusterImpl-a7b65b7d-2f78-4bad-aae3-c6d6f5d380da/datanode-1/data/containers/hdds of  storage type : DISK and capacity : 1482555576320
2019-09-05 07:47:16,413 [main] INFO  volume.VolumeSet (VolumeSet.java:initializeVolumeSet(170)) - Added Volume : /workdir/hadoop-ozone/integration-test/target/test-dir/MiniOzoneClusterImpl-a7b65b7d-2f78-4bad-aae3-c6d6f5d380da/datanode-1/data/containers/hdds to VolumeSet
2019-09-05 07:47:16,414 [main] INFO  volume.ThrottledAsyncChecker (ThrottledAsyncChecker.java:schedule(140)) - Scheduling a check for org.apache.hadoop.ozone.container.common.volume.HddsVolume@6ac9b6d
2019-09-05 07:47:16,414 [main] INFO  volume.HddsVolumeChecker (HddsVolumeChecker.java:checkAllVolumes(203)) - Scheduled health check for volume org.apache.hadoop.ozone.container.common.volume.HddsVolume@6ac9b6d
2019-09-05 07:47:16,429 [main] INFO  impl.RaftServerProxy (ConfUtils.java:logGet(43)) - raft.rpc.type = GRPC (default)
2019-09-05 07:47:16,429 [main] INFO  grpc.GrpcFactory (GrpcFactory.java:checkPooledByteBufAllocatorUseCacheForAllThreads(45)) - PERFORMANCE WARNING: useCacheForAllThreads is true that may cause Netty to create a lot garbage objects and, as a result, trigger GC.
	It is recommended to disable useCacheForAllThreads by setting -Dorg.apache.ratis.thirdparty.io.netty.allocator.useCacheForAllThreads=false in command line.
2019-09-05 07:47:16,429 [main] INFO  grpc.GrpcConfigKeys$Server (ConfUtils.java:logGet(43)) - raft.grpc.server.port = 0 (default)
2019-09-05 07:47:16,429 [main] INFO  server.GrpcService (ConfUtils.java:logGet(43)) - raft.grpc.message.size.max = 33570816 (custom)
2019-09-05 07:47:16,429 [main] INFO  server.RaftServerConfigKeys (ConfUtils.java:logGet(43)) - raft.server.log.appender.buffer.byte-limit = 33554432 (custom)
2019-09-05 07:47:16,430 [main] INFO  server.GrpcService (ConfUtils.java:logGet(43)) - raft.grpc.flow.control.window = 1MB (=1048576) (default)
2019-09-05 07:47:16,430 [main] INFO  server.RaftServerConfigKeys (ConfUtils.java:logGet(43)) - raft.server.rpc.request.timeout = 3000ms (default)
2019-09-05 07:47:16,430 [main] INFO  server.RaftServerConfigKeys (ConfUtils.java:logGet(43)) - raft.server.storage.dir = [/workdir/hadoop-ozone/integration-test/target/test-dir/MiniOzoneClusterImpl-a7b65b7d-2f78-4bad-aae3-c6d6f5d380da/datanode-1/data/ratis] (custom)
2019-09-05 07:47:16,431 [main] INFO  replication.SimpleContainerDownloader (SimpleContainerDownloader.java:<init>(72)) - Starting container downloader service to copy containers to replicate.
2019-09-05 07:47:16,432 [main] INFO  hdfs.DFSUtil (DFSUtil.java:httpServerTemplateForNNAndJN(1641)) - Starting Web-server for hddsDatanode at: http://0.0.0.0:0
2019-09-05 07:47:16,433 [main] INFO  server.AuthenticationFilter (AuthenticationFilter.java:constructSecretProvider(240)) - Unable to initialize FileSignerSecretProvider, falling back to use random secrets.
2019-09-05 07:47:16,433 [main] WARN  http.HttpRequestLog (HttpRequestLog.java:getRequestLog(97)) - Jetty request log can only be enabled using Log4j
2019-09-05 07:47:16,435 [main] INFO  http.HttpServer2 (HttpServer2.java:addGlobalFilter(975)) - Added global filter 'safety' (class=org.apache.hadoop.http.HttpServer2$QuotingInputFilter)
2019-09-05 07:47:16,435 [main] INFO  http.HttpServer2 (HttpServer2.java:addFilter(948)) - Added filter static_user_filter (class=org.apache.hadoop.http.lib.StaticUserWebFilter$StaticUserFilter) to context hddsDatanode
2019-09-05 07:47:16,435 [main] INFO  http.HttpServer2 (HttpServer2.java:addFilter(958)) - Added filter static_user_filter (class=org.apache.hadoop.http.lib.StaticUserWebFilter$StaticUserFilter) to context logs
2019-09-05 07:47:16,435 [main] INFO  http.HttpServer2 (HttpServer2.java:addFilter(958)) - Added filter static_user_filter (class=org.apache.hadoop.http.lib.StaticUserWebFilter$StaticUserFilter) to context static
2019-09-05 07:47:16,436 [main] INFO  http.HttpServer2 (HttpServer2.java:bindListener(1191)) - Jetty bound to port 44300
2019-09-05 07:47:16,436 [main] INFO  server.Server (Server.java:doStart(351)) - jetty-9.3.24.v20180605, build timestamp: 2018-06-05T17:11:56Z, git hash: 84205aa28f11a4f31f2a3b86d1bba2cc8ab69827
2019-09-05 07:47:16,437 [main] INFO  handler.ContextHandler (ContextHandler.java:doStart(781)) - Started o.e.j.s.ServletContextHandler@7ebd31df{/logs,file:///workdir/hadoop-ozone/integration-test/target/log,AVAILABLE}
2019-09-05 07:47:16,438 [main] INFO  handler.ContextHandler (ContextHandler.java:doStart(781)) - Started o.e.j.s.ServletContextHandler@73ff16a1{/static,jar:file:/home/user/.m2/repository/org/apache/hadoop/hadoop-hdds-container-service/0.5.0-SNAPSHOT/hadoop-hdds-container-service-0.5.0-SNAPSHOT.jar!/webapps/static,AVAILABLE}
2019-09-05 07:47:16,464 [main] INFO  handler.ContextHandler (ContextHandler.java:doStart(781)) - Started o.e.j.w.WebAppContext@6ee9fcac{/,file:///tmp/jetty-0.0.0.0-44300-hddsDatanode-_-any-3662690656172791949.dir/webapp/,AVAILABLE}{/hddsDatanode}
2019-09-05 07:47:16,465 [main] INFO  server.AbstractConnector (AbstractConnector.java:doStart(278)) - Started ServerConnector@488897ef{HTTP/1.1,[http/1.1]}{0.0.0.0:44300}
2019-09-05 07:47:16,466 [main] INFO  server.Server (Server.java:doStart(419)) - Started @717017ms
2019-09-05 07:47:16,467 [main] INFO  server.BaseHttpServer (BaseHttpServer.java:updateConnectorAddress(213)) - HTTP server of HDDSDATANODE is listening at http://0.0.0.0:44300
2019-09-05 07:47:16,604 | INFO  | ObjectStoreRestHttpServer | Listening HDDS REST traffic on /0.0.0.0:35952 |  
2019-09-05 07:47:16,604 [main] INFO  ozone.HddsDatanodeService (HddsDatanodeService.java:startPlugins(395)) - Started plug-in org.apache.hadoop.ozone.web.OzoneHddsDatanodeService@3934574f
2019-09-05 07:47:16,605 [main] INFO  impl.MetricsSystemImpl (MetricsSystemImpl.java:init(158)) - HddsDatanode metrics system started (again)
2019-09-05 07:47:16,609 [org.apache.hadoop.util.JvmPauseMonitor$Monitor@2e43a5a4] INFO  util.JvmPauseMonitor (JvmPauseMonitor.java:run(188)) - Starting JVM pause monitor
2019-09-05 07:47:16,609 [main] INFO  ozone.HddsDatanodeService (HddsDatanodeService.java:start(184)) - HddsDatanodeService host:pr-hdds-1571-lfg7x-4139639749 ip:192.168.36.69
2019-09-05 07:47:16,610 [Datanode State Machine Thread - 0] INFO  datanode.InitDatanodeState (InitDatanodeState.java:persistContainerDatanodeDetails(140)) - DatanodeDetails is persisted to /workdir/hadoop-ozone/integration-test/target/test-dir/MiniOzoneClusterImpl-a7b65b7d-2f78-4bad-aae3-c6d6f5d380da/datanode-1/meta/datanode.id
2019-09-05 07:47:16,622 [main] INFO  volume.HddsVolume (HddsVolume.java:<init>(176)) - Creating Volume: /workdir/hadoop-ozone/integration-test/target/test-dir/MiniOzoneClusterImpl-a7b65b7d-2f78-4bad-aae3-c6d6f5d380da/datanode-2/data/containers/hdds of  storage type : DISK and capacity : 1482555576320
2019-09-05 07:47:16,622 [main] INFO  volume.VolumeSet (VolumeSet.java:initializeVolumeSet(170)) - Added Volume : /workdir/hadoop-ozone/integration-test/target/test-dir/MiniOzoneClusterImpl-a7b65b7d-2f78-4bad-aae3-c6d6f5d380da/datanode-2/data/containers/hdds to VolumeSet
2019-09-05 07:47:16,622 [main] INFO  volume.ThrottledAsyncChecker (ThrottledAsyncChecker.java:schedule(140)) - Scheduling a check for org.apache.hadoop.ozone.container.common.volume.HddsVolume@3b3d7eb6
2019-09-05 07:47:16,623 [main] INFO  volume.HddsVolumeChecker (HddsVolumeChecker.java:checkAllVolumes(203)) - Scheduled health check for volume org.apache.hadoop.ozone.container.common.volume.HddsVolume@3b3d7eb6
2019-09-05 07:47:16,637 [main] INFO  impl.RaftServerProxy (ConfUtils.java:logGet(43)) - raft.rpc.type = GRPC (default)
2019-09-05 07:47:16,638 [main] INFO  grpc.GrpcFactory (GrpcFactory.java:checkPooledByteBufAllocatorUseCacheForAllThreads(45)) - PERFORMANCE WARNING: useCacheForAllThreads is true that may cause Netty to create a lot garbage objects and, as a result, trigger GC.
	It is recommended to disable useCacheForAllThreads by setting -Dorg.apache.ratis.thirdparty.io.netty.allocator.useCacheForAllThreads=false in command line.
2019-09-05 07:47:16,638 [main] INFO  grpc.GrpcConfigKeys$Server (ConfUtils.java:logGet(43)) - raft.grpc.server.port = 0 (default)
2019-09-05 07:47:16,638 [main] INFO  server.GrpcService (ConfUtils.java:logGet(43)) - raft.grpc.message.size.max = 33570816 (custom)
2019-09-05 07:47:16,638 [main] INFO  server.RaftServerConfigKeys (ConfUtils.java:logGet(43)) - raft.server.log.appender.buffer.byte-limit = 33554432 (custom)
2019-09-05 07:47:16,638 [main] INFO  server.GrpcService (ConfUtils.java:logGet(43)) - raft.grpc.flow.control.window = 1MB (=1048576) (default)
2019-09-05 07:47:16,639 [main] INFO  server.RaftServerConfigKeys (ConfUtils.java:logGet(43)) - raft.server.rpc.request.timeout = 3000ms (default)
2019-09-05 07:47:16,639 [main] INFO  server.RaftServerConfigKeys (ConfUtils.java:logGet(43)) - raft.server.storage.dir = [/workdir/hadoop-ozone/integration-test/target/test-dir/MiniOzoneClusterImpl-a7b65b7d-2f78-4bad-aae3-c6d6f5d380da/datanode-2/data/ratis] (custom)
2019-09-05 07:47:16,639 [main] INFO  replication.SimpleContainerDownloader (SimpleContainerDownloader.java:<init>(72)) - Starting container downloader service to copy containers to replicate.
2019-09-05 07:47:16,640 [main] INFO  hdfs.DFSUtil (DFSUtil.java:httpServerTemplateForNNAndJN(1641)) - Starting Web-server for hddsDatanode at: http://0.0.0.0:0
2019-09-05 07:47:16,642 [main] INFO  server.AuthenticationFilter (AuthenticationFilter.java:constructSecretProvider(240)) - Unable to initialize FileSignerSecretProvider, falling back to use random secrets.
2019-09-05 07:47:16,642 [main] WARN  http.HttpRequestLog (HttpRequestLog.java:getRequestLog(97)) - Jetty request log can only be enabled using Log4j
2019-09-05 07:47:16,643 [main] INFO  http.HttpServer2 (HttpServer2.java:addGlobalFilter(975)) - Added global filter 'safety' (class=org.apache.hadoop.http.HttpServer2$QuotingInputFilter)
2019-09-05 07:47:16,644 [main] INFO  http.HttpServer2 (HttpServer2.java:addFilter(948)) - Added filter static_user_filter (class=org.apache.hadoop.http.lib.StaticUserWebFilter$StaticUserFilter) to context hddsDatanode
2019-09-05 07:47:16,644 [main] INFO  http.HttpServer2 (HttpServer2.java:addFilter(958)) - Added filter static_user_filter (class=org.apache.hadoop.http.lib.StaticUserWebFilter$StaticUserFilter) to context static
2019-09-05 07:47:16,644 [main] INFO  http.HttpServer2 (HttpServer2.java:addFilter(958)) - Added filter static_user_filter (class=org.apache.hadoop.http.lib.StaticUserWebFilter$StaticUserFilter) to context logs
2019-09-05 07:47:16,645 [main] INFO  http.HttpServer2 (HttpServer2.java:bindListener(1191)) - Jetty bound to port 39377
2019-09-05 07:47:16,645 [main] INFO  server.Server (Server.java:doStart(351)) - jetty-9.3.24.v20180605, build timestamp: 2018-06-05T17:11:56Z, git hash: 84205aa28f11a4f31f2a3b86d1bba2cc8ab69827
2019-09-05 07:47:16,646 [main] INFO  handler.ContextHandler (ContextHandler.java:doStart(781)) - Started o.e.j.s.ServletContextHandler@28d4c7ec{/logs,file:///workdir/hadoop-ozone/integration-test/target/log,AVAILABLE}
2019-09-05 07:47:16,647 [main] INFO  handler.ContextHandler (ContextHandler.java:doStart(781)) - Started o.e.j.s.ServletContextHandler@5baa759a{/static,jar:file:/home/user/.m2/repository/org/apache/hadoop/hadoop-hdds-container-service/0.5.0-SNAPSHOT/hadoop-hdds-container-service-0.5.0-SNAPSHOT.jar!/webapps/static,AVAILABLE}
2019-09-05 07:47:16,674 [main] INFO  handler.ContextHandler (ContextHandler.java:doStart(781)) - Started o.e.j.w.WebAppContext@3f098695{/,file:///tmp/jetty-0.0.0.0-39377-hddsDatanode-_-any-2295716495285916134.dir/webapp/,AVAILABLE}{/hddsDatanode}
2019-09-05 07:47:16,675 [main] INFO  server.AbstractConnector (AbstractConnector.java:doStart(278)) - Started ServerConnector@620992a8{HTTP/1.1,[http/1.1]}{0.0.0.0:39377}
2019-09-05 07:47:16,676 [main] INFO  server.Server (Server.java:doStart(419)) - Started @717227ms
2019-09-05 07:47:16,677 [main] INFO  server.BaseHttpServer (BaseHttpServer.java:updateConnectorAddress(213)) - HTTP server of HDDSDATANODE is listening at http://0.0.0.0:39377
2019-09-05 07:47:16,812 | INFO  | ObjectStoreRestHttpServer | Listening HDDS REST traffic on /0.0.0.0:34600 |  
2019-09-05 07:47:16,812 [main] INFO  ozone.HddsDatanodeService (HddsDatanodeService.java:startPlugins(395)) - Started plug-in org.apache.hadoop.ozone.web.OzoneHddsDatanodeService@54077082
2019-09-05 07:47:16,813 [main] INFO  impl.MetricsSystemImpl (MetricsSystemImpl.java:init(158)) - HddsDatanode metrics system started (again)
2019-09-05 07:47:16,816 [org.apache.hadoop.util.JvmPauseMonitor$Monitor@53bf6381] INFO  util.JvmPauseMonitor (JvmPauseMonitor.java:run(188)) - Starting JVM pause monitor
2019-09-05 07:47:16,817 [main] INFO  ozone.HddsDatanodeService (HddsDatanodeService.java:start(184)) - HddsDatanodeService host:pr-hdds-1571-lfg7x-4139639749 ip:192.168.36.69
2019-09-05 07:47:16,818 [Datanode State Machine Thread - 0] INFO  datanode.InitDatanodeState (InitDatanodeState.java:persistContainerDatanodeDetails(140)) - DatanodeDetails is persisted to /workdir/hadoop-ozone/integration-test/target/test-dir/MiniOzoneClusterImpl-a7b65b7d-2f78-4bad-aae3-c6d6f5d380da/datanode-2/meta/datanode.id
2019-09-05 07:47:16,827 [main] INFO  volume.HddsVolume (HddsVolume.java:<init>(176)) - Creating Volume: /workdir/hadoop-ozone/integration-test/target/test-dir/MiniOzoneClusterImpl-a7b65b7d-2f78-4bad-aae3-c6d6f5d380da/datanode-3/data/containers/hdds of  storage type : DISK and capacity : 1482555576320
2019-09-05 07:47:16,827 [main] INFO  volume.VolumeSet (VolumeSet.java:initializeVolumeSet(170)) - Added Volume : /workdir/hadoop-ozone/integration-test/target/test-dir/MiniOzoneClusterImpl-a7b65b7d-2f78-4bad-aae3-c6d6f5d380da/datanode-3/data/containers/hdds to VolumeSet
2019-09-05 07:47:16,827 [main] INFO  volume.ThrottledAsyncChecker (ThrottledAsyncChecker.java:schedule(140)) - Scheduling a check for org.apache.hadoop.ozone.container.common.volume.HddsVolume@40e0213c
2019-09-05 07:47:16,827 [main] INFO  volume.HddsVolumeChecker (HddsVolumeChecker.java:checkAllVolumes(203)) - Scheduled health check for volume org.apache.hadoop.ozone.container.common.volume.HddsVolume@40e0213c
2019-09-05 07:47:16,840 [main] INFO  impl.RaftServerProxy (ConfUtils.java:logGet(43)) - raft.rpc.type = GRPC (default)
2019-09-05 07:47:16,840 [main] INFO  grpc.GrpcFactory (GrpcFactory.java:checkPooledByteBufAllocatorUseCacheForAllThreads(45)) - PERFORMANCE WARNING: useCacheForAllThreads is true that may cause Netty to create a lot garbage objects and, as a result, trigger GC.
	It is recommended to disable useCacheForAllThreads by setting -Dorg.apache.ratis.thirdparty.io.netty.allocator.useCacheForAllThreads=false in command line.
2019-09-05 07:47:16,840 [main] INFO  grpc.GrpcConfigKeys$Server (ConfUtils.java:logGet(43)) - raft.grpc.server.port = 0 (default)
2019-09-05 07:47:16,840 [main] INFO  server.GrpcService (ConfUtils.java:logGet(43)) - raft.grpc.message.size.max = 33570816 (custom)
2019-09-05 07:47:16,840 [main] INFO  server.RaftServerConfigKeys (ConfUtils.java:logGet(43)) - raft.server.log.appender.buffer.byte-limit = 33554432 (custom)
2019-09-05 07:47:16,841 [main] INFO  server.GrpcService (ConfUtils.java:logGet(43)) - raft.grpc.flow.control.window = 1MB (=1048576) (default)
2019-09-05 07:47:16,841 [main] INFO  server.RaftServerConfigKeys (ConfUtils.java:logGet(43)) - raft.server.rpc.request.timeout = 3000ms (default)
2019-09-05 07:47:16,841 [main] INFO  server.RaftServerConfigKeys (ConfUtils.java:logGet(43)) - raft.server.storage.dir = [/workdir/hadoop-ozone/integration-test/target/test-dir/MiniOzoneClusterImpl-a7b65b7d-2f78-4bad-aae3-c6d6f5d380da/datanode-3/data/ratis] (custom)
2019-09-05 07:47:16,842 [main] INFO  replication.SimpleContainerDownloader (SimpleContainerDownloader.java:<init>(72)) - Starting container downloader service to copy containers to replicate.
2019-09-05 07:47:16,842 [main] INFO  hdfs.DFSUtil (DFSUtil.java:httpServerTemplateForNNAndJN(1641)) - Starting Web-server for hddsDatanode at: http://0.0.0.0:0
2019-09-05 07:47:16,844 [main] INFO  server.AuthenticationFilter (AuthenticationFilter.java:constructSecretProvider(240)) - Unable to initialize FileSignerSecretProvider, falling back to use random secrets.
2019-09-05 07:47:16,845 [main] WARN  http.HttpRequestLog (HttpRequestLog.java:getRequestLog(97)) - Jetty request log can only be enabled using Log4j
2019-09-05 07:47:16,846 [main] INFO  http.HttpServer2 (HttpServer2.java:addGlobalFilter(975)) - Added global filter 'safety' (class=org.apache.hadoop.http.HttpServer2$QuotingInputFilter)
2019-09-05 07:47:16,847 [main] INFO  http.HttpServer2 (HttpServer2.java:addFilter(948)) - Added filter static_user_filter (class=org.apache.hadoop.http.lib.StaticUserWebFilter$StaticUserFilter) to context hddsDatanode
2019-09-05 07:47:16,847 [main] INFO  http.HttpServer2 (HttpServer2.java:addFilter(958)) - Added filter static_user_filter (class=org.apache.hadoop.http.lib.StaticUserWebFilter$StaticUserFilter) to context static
2019-09-05 07:47:16,847 [main] INFO  http.HttpServer2 (HttpServer2.java:addFilter(958)) - Added filter static_user_filter (class=org.apache.hadoop.http.lib.StaticUserWebFilter$StaticUserFilter) to context logs
2019-09-05 07:47:16,848 [main] INFO  http.HttpServer2 (HttpServer2.java:bindListener(1191)) - Jetty bound to port 38588
2019-09-05 07:47:16,848 [main] INFO  server.Server (Server.java:doStart(351)) - jetty-9.3.24.v20180605, build timestamp: 2018-06-05T17:11:56Z, git hash: 84205aa28f11a4f31f2a3b86d1bba2cc8ab69827
2019-09-05 07:47:16,849 [main] INFO  handler.ContextHandler (ContextHandler.java:doStart(781)) - Started o.e.j.s.ServletContextHandler@29ac632a{/logs,file:///workdir/hadoop-ozone/integration-test/target/log,AVAILABLE}
2019-09-05 07:47:16,850 [main] INFO  handler.ContextHandler (ContextHandler.java:doStart(781)) - Started o.e.j.s.ServletContextHandler@3cc9957d{/static,jar:file:/home/user/.m2/repository/org/apache/hadoop/hadoop-hdds-container-service/0.5.0-SNAPSHOT/hadoop-hdds-container-service-0.5.0-SNAPSHOT.jar!/webapps/static,AVAILABLE}
2019-09-05 07:47:16,881 [main] INFO  handler.ContextHandler (ContextHandler.java:doStart(781)) - Started o.e.j.w.WebAppContext@307fe491{/,file:///tmp/jetty-0.0.0.0-38588-hddsDatanode-_-any-4531556247184631953.dir/webapp/,AVAILABLE}{/hddsDatanode}
2019-09-05 07:47:16,882 [main] INFO  server.AbstractConnector (AbstractConnector.java:doStart(278)) - Started ServerConnector@6f9de548{HTTP/1.1,[http/1.1]}{0.0.0.0:38588}
2019-09-05 07:47:16,883 [main] INFO  server.Server (Server.java:doStart(419)) - Started @717434ms
2019-09-05 07:47:16,884 [main] INFO  server.BaseHttpServer (BaseHttpServer.java:updateConnectorAddress(213)) - HTTP server of HDDSDATANODE is listening at http://0.0.0.0:38588
2019-09-05 07:47:17,007 | INFO  | ObjectStoreRestHttpServer | Listening HDDS REST traffic on /0.0.0.0:36281 |  
2019-09-05 07:47:17,007 [main] INFO  ozone.HddsDatanodeService (HddsDatanodeService.java:startPlugins(395)) - Started plug-in org.apache.hadoop.ozone.web.OzoneHddsDatanodeService@1fee3a40
2019-09-05 07:47:17,007 [main] INFO  impl.MetricsSystemImpl (MetricsSystemImpl.java:init(158)) - HddsDatanode metrics system started (again)
2019-09-05 07:47:17,011 [org.apache.hadoop.util.JvmPauseMonitor$Monitor@2f3b9fed] INFO  util.JvmPauseMonitor (JvmPauseMonitor.java:run(188)) - Starting JVM pause monitor
2019-09-05 07:47:17,011 [main] INFO  ozone.HddsDatanodeService (HddsDatanodeService.java:start(184)) - HddsDatanodeService host:pr-hdds-1571-lfg7x-4139639749 ip:192.168.36.69
2019-09-05 07:47:17,012 [Datanode State Machine Thread - 0] INFO  datanode.InitDatanodeState (InitDatanodeState.java:persistContainerDatanodeDetails(140)) - DatanodeDetails is persisted to /workdir/hadoop-ozone/integration-test/target/test-dir/MiniOzoneClusterImpl-a7b65b7d-2f78-4bad-aae3-c6d6f5d380da/datanode-3/meta/datanode.id
2019-09-05 07:47:17,022 [main] INFO  volume.HddsVolume (HddsVolume.java:<init>(176)) - Creating Volume: /workdir/hadoop-ozone/integration-test/target/test-dir/MiniOzoneClusterImpl-a7b65b7d-2f78-4bad-aae3-c6d6f5d380da/datanode-4/data/containers/hdds of  storage type : DISK and capacity : 1482555576320
2019-09-05 07:47:17,022 [main] INFO  volume.VolumeSet (VolumeSet.java:initializeVolumeSet(170)) - Added Volume : /workdir/hadoop-ozone/integration-test/target/test-dir/MiniOzoneClusterImpl-a7b65b7d-2f78-4bad-aae3-c6d6f5d380da/datanode-4/data/containers/hdds to VolumeSet
2019-09-05 07:47:17,022 [main] INFO  volume.ThrottledAsyncChecker (ThrottledAsyncChecker.java:schedule(140)) - Scheduling a check for org.apache.hadoop.ozone.container.common.volume.HddsVolume@7aa5de8c
2019-09-05 07:47:17,022 [main] INFO  volume.HddsVolumeChecker (HddsVolumeChecker.java:checkAllVolumes(203)) - Scheduled health check for volume org.apache.hadoop.ozone.container.common.volume.HddsVolume@7aa5de8c
2019-09-05 07:47:17,035 [main] INFO  impl.RaftServerProxy (ConfUtils.java:logGet(43)) - raft.rpc.type = GRPC (default)
2019-09-05 07:47:17,036 [main] INFO  grpc.GrpcFactory (GrpcFactory.java:checkPooledByteBufAllocatorUseCacheForAllThreads(45)) - PERFORMANCE WARNING: useCacheForAllThreads is true that may cause Netty to create a lot garbage objects and, as a result, trigger GC.
	It is recommended to disable useCacheForAllThreads by setting -Dorg.apache.ratis.thirdparty.io.netty.allocator.useCacheForAllThreads=false in command line.
2019-09-05 07:47:17,036 [main] INFO  grpc.GrpcConfigKeys$Server (ConfUtils.java:logGet(43)) - raft.grpc.server.port = 0 (default)
2019-09-05 07:47:17,036 [main] INFO  server.GrpcService (ConfUtils.java:logGet(43)) - raft.grpc.message.size.max = 33570816 (custom)
2019-09-05 07:47:17,036 [main] INFO  server.RaftServerConfigKeys (ConfUtils.java:logGet(43)) - raft.server.log.appender.buffer.byte-limit = 33554432 (custom)
2019-09-05 07:47:17,036 [main] INFO  server.GrpcService (ConfUtils.java:logGet(43)) - raft.grpc.flow.control.window = 1MB (=1048576) (default)
2019-09-05 07:47:17,037 [main] INFO  server.RaftServerConfigKeys (ConfUtils.java:logGet(43)) - raft.server.rpc.request.timeout = 3000ms (default)
2019-09-05 07:47:17,037 [main] INFO  server.RaftServerConfigKeys (ConfUtils.java:logGet(43)) - raft.server.storage.dir = [/workdir/hadoop-ozone/integration-test/target/test-dir/MiniOzoneClusterImpl-a7b65b7d-2f78-4bad-aae3-c6d6f5d380da/datanode-4/data/ratis] (custom)
2019-09-05 07:47:17,038 [main] INFO  replication.SimpleContainerDownloader (SimpleContainerDownloader.java:<init>(72)) - Starting container downloader service to copy containers to replicate.
2019-09-05 07:47:17,038 [main] INFO  hdfs.DFSUtil (DFSUtil.java:httpServerTemplateForNNAndJN(1641)) - Starting Web-server for hddsDatanode at: http://0.0.0.0:0
2019-09-05 07:47:17,040 [main] INFO  server.AuthenticationFilter (AuthenticationFilter.java:constructSecretProvider(240)) - Unable to initialize FileSignerSecretProvider, falling back to use random secrets.
2019-09-05 07:47:17,040 [main] WARN  http.HttpRequestLog (HttpRequestLog.java:getRequestLog(97)) - Jetty request log can only be enabled using Log4j
2019-09-05 07:47:17,041 [main] INFO  http.HttpServer2 (HttpServer2.java:addGlobalFilter(975)) - Added global filter 'safety' (class=org.apache.hadoop.http.HttpServer2$QuotingInputFilter)
2019-09-05 07:47:17,042 [main] INFO  http.HttpServer2 (HttpServer2.java:addFilter(948)) - Added filter static_user_filter (class=org.apache.hadoop.http.lib.StaticUserWebFilter$StaticUserFilter) to context hddsDatanode
2019-09-05 07:47:17,042 [main] INFO  http.HttpServer2 (HttpServer2.java:addFilter(958)) - Added filter static_user_filter (class=org.apache.hadoop.http.lib.StaticUserWebFilter$StaticUserFilter) to context static
2019-09-05 07:47:17,042 [main] INFO  http.HttpServer2 (HttpServer2.java:addFilter(958)) - Added filter static_user_filter (class=org.apache.hadoop.http.lib.StaticUserWebFilter$StaticUserFilter) to context logs
2019-09-05 07:47:17,043 [main] INFO  http.HttpServer2 (HttpServer2.java:bindListener(1191)) - Jetty bound to port 40317
2019-09-05 07:47:17,043 [main] INFO  server.Server (Server.java:doStart(351)) - jetty-9.3.24.v20180605, build timestamp: 2018-06-05T17:11:56Z, git hash: 84205aa28f11a4f31f2a3b86d1bba2cc8ab69827
2019-09-05 07:47:17,044 [main] INFO  handler.ContextHandler (ContextHandler.java:doStart(781)) - Started o.e.j.s.ServletContextHandler@11105fbe{/logs,file:///workdir/hadoop-ozone/integration-test/target/log,AVAILABLE}
2019-09-05 07:47:17,045 [main] INFO  handler.ContextHandler (ContextHandler.java:doStart(781)) - Started o.e.j.s.ServletContextHandler@361a1ec3{/static,jar:file:/home/user/.m2/repository/org/apache/hadoop/hadoop-hdds-container-service/0.5.0-SNAPSHOT/hadoop-hdds-container-service-0.5.0-SNAPSHOT.jar!/webapps/static,AVAILABLE}
2019-09-05 07:47:17,072 [main] INFO  handler.ContextHandler (ContextHandler.java:doStart(781)) - Started o.e.j.w.WebAppContext@75e39b41{/,file:///tmp/jetty-0.0.0.0-40317-hddsDatanode-_-any-8043786032516216482.dir/webapp/,AVAILABLE}{/hddsDatanode}
2019-09-05 07:47:17,073 [main] INFO  server.AbstractConnector (AbstractConnector.java:doStart(278)) - Started ServerConnector@5fddd0fc{HTTP/1.1,[http/1.1]}{0.0.0.0:40317}
2019-09-05 07:47:17,074 [main] INFO  server.Server (Server.java:doStart(419)) - Started @717624ms
2019-09-05 07:47:17,075 [main] INFO  server.BaseHttpServer (BaseHttpServer.java:updateConnectorAddress(213)) - HTTP server of HDDSDATANODE is listening at http://0.0.0.0:40317
2019-09-05 07:47:17,204 | INFO  | ObjectStoreRestHttpServer | Listening HDDS REST traffic on /0.0.0.0:40355 |  
2019-09-05 07:47:17,204 [main] INFO  ozone.HddsDatanodeService (HddsDatanodeService.java:startPlugins(395)) - Started plug-in org.apache.hadoop.ozone.web.OzoneHddsDatanodeService@6f6cad25
2019-09-05 07:47:17,204 [main] INFO  impl.MetricsSystemImpl (MetricsSystemImpl.java:init(158)) - HddsDatanode metrics system started (again)
2019-09-05 07:47:17,208 [org.apache.hadoop.util.JvmPauseMonitor$Monitor@359814ea] INFO  util.JvmPauseMonitor (JvmPauseMonitor.java:run(188)) - Starting JVM pause monitor
2019-09-05 07:47:17,209 [main] INFO  ozone.HddsDatanodeService (HddsDatanodeService.java:start(184)) - HddsDatanodeService host:pr-hdds-1571-lfg7x-4139639749 ip:192.168.36.69
2019-09-05 07:47:17,210 [Datanode State Machine Thread - 0] INFO  datanode.InitDatanodeState (InitDatanodeState.java:persistContainerDatanodeDetails(140)) - DatanodeDetails is persisted to /workdir/hadoop-ozone/integration-test/target/test-dir/MiniOzoneClusterImpl-a7b65b7d-2f78-4bad-aae3-c6d6f5d380da/datanode-4/meta/datanode.id
2019-09-05 07:47:17,224 [main] INFO  volume.HddsVolume (HddsVolume.java:<init>(176)) - Creating Volume: /workdir/hadoop-ozone/integration-test/target/test-dir/MiniOzoneClusterImpl-a7b65b7d-2f78-4bad-aae3-c6d6f5d380da/datanode-5/data/containers/hdds of  storage type : DISK and capacity : 1482555576320
2019-09-05 07:47:17,224 [main] INFO  volume.VolumeSet (VolumeSet.java:initializeVolumeSet(170)) - Added Volume : /workdir/hadoop-ozone/integration-test/target/test-dir/MiniOzoneClusterImpl-a7b65b7d-2f78-4bad-aae3-c6d6f5d380da/datanode-5/data/containers/hdds to VolumeSet
2019-09-05 07:47:17,224 [main] INFO  volume.ThrottledAsyncChecker (ThrottledAsyncChecker.java:schedule(140)) - Scheduling a check for org.apache.hadoop.ozone.container.common.volume.HddsVolume@564519de
2019-09-05 07:47:17,225 [main] INFO  volume.HddsVolumeChecker (HddsVolumeChecker.java:checkAllVolumes(203)) - Scheduled health check for volume org.apache.hadoop.ozone.container.common.volume.HddsVolume@564519de
2019-09-05 07:47:17,245 [main] INFO  impl.RaftServerProxy (ConfUtils.java:logGet(43)) - raft.rpc.type = GRPC (default)
2019-09-05 07:47:17,245 [main] INFO  grpc.GrpcFactory (GrpcFactory.java:checkPooledByteBufAllocatorUseCacheForAllThreads(45)) - PERFORMANCE WARNING: useCacheForAllThreads is true that may cause Netty to create a lot garbage objects and, as a result, trigger GC.
	It is recommended to disable useCacheForAllThreads by setting -Dorg.apache.ratis.thirdparty.io.netty.allocator.useCacheForAllThreads=false in command line.
2019-09-05 07:47:17,245 [main] INFO  grpc.GrpcConfigKeys$Server (ConfUtils.java:logGet(43)) - raft.grpc.server.port = 0 (default)
2019-09-05 07:47:17,246 [main] INFO  server.GrpcService (ConfUtils.java:logGet(43)) - raft.grpc.message.size.max = 33570816 (custom)
2019-09-05 07:47:17,246 [main] INFO  server.RaftServerConfigKeys (ConfUtils.java:logGet(43)) - raft.server.log.appender.buffer.byte-limit = 33554432 (custom)
2019-09-05 07:47:17,246 [main] INFO  server.GrpcService (ConfUtils.java:logGet(43)) - raft.grpc.flow.control.window = 1MB (=1048576) (default)
2019-09-05 07:47:17,246 [main] INFO  server.RaftServerConfigKeys (ConfUtils.java:logGet(43)) - raft.server.rpc.request.timeout = 3000ms (default)
2019-09-05 07:47:17,247 [main] INFO  server.RaftServerConfigKeys (ConfUtils.java:logGet(43)) - raft.server.storage.dir = [/workdir/hadoop-ozone/integration-test/target/test-dir/MiniOzoneClusterImpl-a7b65b7d-2f78-4bad-aae3-c6d6f5d380da/datanode-5/data/ratis] (custom)
2019-09-05 07:47:17,248 [main] INFO  replication.SimpleContainerDownloader (SimpleContainerDownloader.java:<init>(72)) - Starting container downloader service to copy containers to replicate.
2019-09-05 07:47:17,250 [main] INFO  hdfs.DFSUtil (DFSUtil.java:httpServerTemplateForNNAndJN(1641)) - Starting Web-server for hddsDatanode at: http://0.0.0.0:0
2019-09-05 07:47:17,251 [main] INFO  server.AuthenticationFilter (AuthenticationFilter.java:constructSecretProvider(240)) - Unable to initialize FileSignerSecretProvider, falling back to use random secrets.
2019-09-05 07:47:17,251 [main] WARN  http.HttpRequestLog (HttpRequestLog.java:getRequestLog(97)) - Jetty request log can only be enabled using Log4j
2019-09-05 07:47:17,252 [main] INFO  http.HttpServer2 (HttpServer2.java:addGlobalFilter(975)) - Added global filter 'safety' (class=org.apache.hadoop.http.HttpServer2$QuotingInputFilter)
2019-09-05 07:47:17,253 [main] INFO  http.HttpServer2 (HttpServer2.java:addFilter(948)) - Added filter static_user_filter (class=org.apache.hadoop.http.lib.StaticUserWebFilter$StaticUserFilter) to context hddsDatanode
2019-09-05 07:47:17,253 [main] INFO  http.HttpServer2 (HttpServer2.java:addFilter(958)) - Added filter static_user_filter (class=org.apache.hadoop.http.lib.StaticUserWebFilter$StaticUserFilter) to context static
2019-09-05 07:47:17,253 [main] INFO  http.HttpServer2 (HttpServer2.java:addFilter(958)) - Added filter static_user_filter (class=org.apache.hadoop.http.lib.StaticUserWebFilter$StaticUserFilter) to context logs
2019-09-05 07:47:17,254 [main] INFO  http.HttpServer2 (HttpServer2.java:bindListener(1191)) - Jetty bound to port 39766
2019-09-05 07:47:17,254 [main] INFO  server.Server (Server.java:doStart(351)) - jetty-9.3.24.v20180605, build timestamp: 2018-06-05T17:11:56Z, git hash: 84205aa28f11a4f31f2a3b86d1bba2cc8ab69827
2019-09-05 07:47:17,255 [main] INFO  handler.ContextHandler (ContextHandler.java:doStart(781)) - Started o.e.j.s.ServletContextHandler@21032dfd{/logs,file:///workdir/hadoop-ozone/integration-test/target/log,AVAILABLE}
2019-09-05 07:47:17,256 [main] INFO  handler.ContextHandler (ContextHandler.java:doStart(781)) - Started o.e.j.s.ServletContextHandler@6a68754{/static,jar:file:/home/user/.m2/repository/org/apache/hadoop/hadoop-hdds-container-service/0.5.0-SNAPSHOT/hadoop-hdds-container-service-0.5.0-SNAPSHOT.jar!/webapps/static,AVAILABLE}
2019-09-05 07:47:17,282 [main] INFO  handler.ContextHandler (ContextHandler.java:doStart(781)) - Started o.e.j.w.WebAppContext@3fe94bea{/,file:///tmp/jetty-0.0.0.0-39766-hddsDatanode-_-any-3165623160793491473.dir/webapp/,AVAILABLE}{/hddsDatanode}
2019-09-05 07:47:17,282 [main] INFO  server.AbstractConnector (AbstractConnector.java:doStart(278)) - Started ServerConnector@4dbea3be{HTTP/1.1,[http/1.1]}{0.0.0.0:39766}
2019-09-05 07:47:17,284 [main] INFO  server.Server (Server.java:doStart(419)) - Started @717835ms
2019-09-05 07:47:17,285 [main] INFO  server.BaseHttpServer (BaseHttpServer.java:updateConnectorAddress(213)) - HTTP server of HDDSDATANODE is listening at http://0.0.0.0:39766
2019-09-05 07:47:17,654 | INFO  | ObjectStoreRestHttpServer | Listening HDDS REST traffic on /0.0.0.0:43834 |  
2019-09-05 07:47:17,654 [main] INFO  ozone.HddsDatanodeService (HddsDatanodeService.java:startPlugins(395)) - Started plug-in org.apache.hadoop.ozone.web.OzoneHddsDatanodeService@58f6dab9
2019-09-05 07:47:17,655 [main] INFO  impl.MetricsSystemImpl (MetricsSystemImpl.java:init(158)) - HddsDatanode metrics system started (again)
2019-09-05 07:47:17,664 [org.apache.hadoop.util.JvmPauseMonitor$Monitor@3ff575b4] INFO  util.JvmPauseMonitor (JvmPauseMonitor.java:run(188)) - Starting JVM pause monitor
2019-09-05 07:47:17,665 [main] INFO  ozone.HddsDatanodeService (HddsDatanodeService.java:start(184)) - HddsDatanodeService host:pr-hdds-1571-lfg7x-4139639749 ip:192.168.36.69
2019-09-05 07:47:17,665 [Datanode State Machine Thread - 0] INFO  datanode.InitDatanodeState (InitDatanodeState.java:persistContainerDatanodeDetails(140)) - DatanodeDetails is persisted to /workdir/hadoop-ozone/integration-test/target/test-dir/MiniOzoneClusterImpl-a7b65b7d-2f78-4bad-aae3-c6d6f5d380da/datanode-5/meta/datanode.id
2019-09-05 07:47:17,681 [main] INFO  volume.HddsVolume (HddsVolume.java:<init>(176)) - Creating Volume: /workdir/hadoop-ozone/integration-test/target/test-dir/MiniOzoneClusterImpl-a7b65b7d-2f78-4bad-aae3-c6d6f5d380da/datanode-6/data/containers/hdds of  storage type : DISK and capacity : 1482555576320
2019-09-05 07:47:17,682 [main] INFO  volume.VolumeSet (VolumeSet.java:initializeVolumeSet(170)) - Added Volume : /workdir/hadoop-ozone/integration-test/target/test-dir/MiniOzoneClusterImpl-a7b65b7d-2f78-4bad-aae3-c6d6f5d380da/datanode-6/data/containers/hdds to VolumeSet
2019-09-05 07:47:17,682 [main] INFO  volume.ThrottledAsyncChecker (ThrottledAsyncChecker.java:schedule(140)) - Scheduling a check for org.apache.hadoop.ozone.container.common.volume.HddsVolume@7acc95a2
2019-09-05 07:47:17,682 [main] INFO  volume.HddsVolumeChecker (HddsVolumeChecker.java:checkAllVolumes(203)) - Scheduled health check for volume org.apache.hadoop.ozone.container.common.volume.HddsVolume@7acc95a2
2019-09-05 07:47:17,697 [main] INFO  impl.RaftServerProxy (ConfUtils.java:logGet(43)) - raft.rpc.type = GRPC (default)
2019-09-05 07:47:17,697 [main] INFO  grpc.GrpcFactory (GrpcFactory.java:checkPooledByteBufAllocatorUseCacheForAllThreads(45)) - PERFORMANCE WARNING: useCacheForAllThreads is true that may cause Netty to create a lot garbage objects and, as a result, trigger GC.
	It is recommended to disable useCacheForAllThreads by setting -Dorg.apache.ratis.thirdparty.io.netty.allocator.useCacheForAllThreads=false in command line.
2019-09-05 07:47:17,697 [main] INFO  grpc.GrpcConfigKeys$Server (ConfUtils.java:logGet(43)) - raft.grpc.server.port = 0 (default)
2019-09-05 07:47:17,697 [main] INFO  server.GrpcService (ConfUtils.java:logGet(43)) - raft.grpc.message.size.max = 33570816 (custom)
2019-09-05 07:47:17,698 [main] INFO  server.RaftServerConfigKeys (ConfUtils.java:logGet(43)) - raft.server.log.appender.buffer.byte-limit = 33554432 (custom)
2019-09-05 07:47:17,698 [main] INFO  server.GrpcService (ConfUtils.java:logGet(43)) - raft.grpc.flow.control.window = 1MB (=1048576) (default)
2019-09-05 07:47:17,698 [main] INFO  server.RaftServerConfigKeys (ConfUtils.java:logGet(43)) - raft.server.rpc.request.timeout = 3000ms (default)
2019-09-05 07:47:17,698 [main] INFO  server.RaftServerConfigKeys (ConfUtils.java:logGet(43)) - raft.server.storage.dir = [/workdir/hadoop-ozone/integration-test/target/test-dir/MiniOzoneClusterImpl-a7b65b7d-2f78-4bad-aae3-c6d6f5d380da/datanode-6/data/ratis] (custom)
2019-09-05 07:47:17,699 [main] INFO  replication.SimpleContainerDownloader (SimpleContainerDownloader.java:<init>(72)) - Starting container downloader service to copy containers to replicate.
2019-09-05 07:47:17,700 [main] INFO  hdfs.DFSUtil (DFSUtil.java:httpServerTemplateForNNAndJN(1641)) - Starting Web-server for hddsDatanode at: http://0.0.0.0:0
2019-09-05 07:47:17,701 [main] INFO  server.AuthenticationFilter (AuthenticationFilter.java:constructSecretProvider(240)) - Unable to initialize FileSignerSecretProvider, falling back to use random secrets.
2019-09-05 07:47:17,701 [main] WARN  http.HttpRequestLog (HttpRequestLog.java:getRequestLog(97)) - Jetty request log can only be enabled using Log4j
2019-09-05 07:47:17,702 [main] INFO  http.HttpServer2 (HttpServer2.java:addGlobalFilter(975)) - Added global filter 'safety' (class=org.apache.hadoop.http.HttpServer2$QuotingInputFilter)
2019-09-05 07:47:17,703 [main] INFO  http.HttpServer2 (HttpServer2.java:addFilter(948)) - Added filter static_user_filter (class=org.apache.hadoop.http.lib.StaticUserWebFilter$StaticUserFilter) to context hddsDatanode
2019-09-05 07:47:17,703 [main] INFO  http.HttpServer2 (HttpServer2.java:addFilter(958)) - Added filter static_user_filter (class=org.apache.hadoop.http.lib.StaticUserWebFilter$StaticUserFilter) to context logs
2019-09-05 07:47:17,703 [main] INFO  http.HttpServer2 (HttpServer2.java:addFilter(958)) - Added filter static_user_filter (class=org.apache.hadoop.http.lib.StaticUserWebFilter$StaticUserFilter) to context static
2019-09-05 07:47:17,703 [main] INFO  http.HttpServer2 (HttpServer2.java:bindListener(1191)) - Jetty bound to port 43965
2019-09-05 07:47:17,704 [main] INFO  server.Server (Server.java:doStart(351)) - jetty-9.3.24.v20180605, build timestamp: 2018-06-05T17:11:56Z, git hash: 84205aa28f11a4f31f2a3b86d1bba2cc8ab69827
2019-09-05 07:47:17,705 [main] INFO  handler.ContextHandler (ContextHandler.java:doStart(781)) - Started o.e.j.s.ServletContextHandler@306ea73f{/logs,file:///workdir/hadoop-ozone/integration-test/target/log,AVAILABLE}
2019-09-05 07:47:17,706 [main] INFO  handler.ContextHandler (ContextHandler.java:doStart(781)) - Started o.e.j.s.ServletContextHandler@dfa6f48{/static,jar:file:/home/user/.m2/repository/org/apache/hadoop/hadoop-hdds-container-service/0.5.0-SNAPSHOT/hadoop-hdds-container-service-0.5.0-SNAPSHOT.jar!/webapps/static,AVAILABLE}
2019-09-05 07:47:17,747 [main] INFO  handler.ContextHandler (ContextHandler.java:doStart(781)) - Started o.e.j.w.WebAppContext@61e23a44{/,file:///tmp/jetty-0.0.0.0-43965-hddsDatanode-_-any-390981271779063841.dir/webapp/,AVAILABLE}{/hddsDatanode}
2019-09-05 07:47:17,747 [main] INFO  server.AbstractConnector (AbstractConnector.java:doStart(278)) - Started ServerConnector@283dd82a{HTTP/1.1,[http/1.1]}{0.0.0.0:43965}
2019-09-05 07:47:17,749 [main] INFO  server.Server (Server.java:doStart(419)) - Started @718299ms
2019-09-05 07:47:17,749 [main] INFO  server.BaseHttpServer (BaseHttpServer.java:updateConnectorAddress(213)) - HTTP server of HDDSDATANODE is listening at http://0.0.0.0:43965
2019-09-05 07:47:17,864 | INFO  | ObjectStoreRestHttpServer | Listening HDDS REST traffic on /0.0.0.0:33574 |  
2019-09-05 07:47:17,865 [main] INFO  ozone.HddsDatanodeService (HddsDatanodeService.java:startPlugins(395)) - Started plug-in org.apache.hadoop.ozone.web.OzoneHddsDatanodeService@5b7e6e2d
2019-09-05 07:47:17,865 [main] INFO  ozone.MiniOzoneClusterImpl (MiniOzoneClusterImpl.java:lambda$waitForClusterToBeReady$0(142)) - Waiting for cluster to be ready. Got 0 of 7 DN Heartbeats.
2019-09-05 07:47:17,866 [org.apache.hadoop.util.JvmPauseMonitor$Monitor@48af3569] INFO  util.JvmPauseMonitor (JvmPauseMonitor.java:run(188)) - Starting JVM pause monitor
2019-09-05 07:47:17,867 [Datanode State Machine Thread - 0] INFO  datanode.InitDatanodeState (InitDatanodeState.java:persistContainerDatanodeDetails(140)) - DatanodeDetails is persisted to /workdir/hadoop-ozone/integration-test/target/test-dir/MiniOzoneClusterImpl-a7b65b7d-2f78-4bad-aae3-c6d6f5d380da/datanode-6/meta/datanode.id
2019-09-05 07:47:18,405 | INFO  | SCMAudit | user=jenkins1000 | ip=192.168.36.69 | op=GET_VERSION null | ret=SUCCESS |  
2019-09-05 07:47:18,467 [Datanode State Machine Thread - 0] INFO  ozoneimpl.OzoneContainer (OzoneContainer.java:start(186)) - Attempting to start container services.
2019-09-05 07:47:18,468 [Datanode State Machine Thread - 0] INFO  ozoneimpl.OzoneContainer (OzoneContainer.java:startContainerScrub(160)) - Background container scrubber has been disabled by hdds.containerscrub.enabled
2019-09-05 07:47:18,468 [Datanode State Machine Thread - 0] INFO  ratis.XceiverServerRatis (XceiverServerRatis.java:start(404)) - Starting XceiverServerRatis cb859eed-419a-492b-9d90-62a140ca4152 at port 0
2019-09-05 07:47:18,473 [Datanode State Machine Thread - 0] INFO  impl.RaftServerProxy (RaftServerProxy.java:lambda$start$3(299)) - cb859eed-419a-492b-9d90-62a140ca4152: start RPC server
2019-09-05 07:47:18,478 [Datanode State Machine Thread - 0] INFO  server.GrpcService (GrpcService.java:startImpl(149)) - cb859eed-419a-492b-9d90-62a140ca4152: GrpcService started, listening on 0.0.0.0/0.0.0.0:34107
2019-09-05 07:47:18,478 [Datanode State Machine Thread - 0] INFO  ratis.XceiverServerRatis (XceiverServerRatis.java:start(414)) - XceiverServerRatis cb859eed-419a-492b-9d90-62a140ca4152 is started using port 34107
2019-09-05 07:47:18,478 [Datanode State Machine Thread - 0] INFO  server.XceiverServerGrpc (XceiverServerGrpc.java:start(163)) - XceiverServerGrpc cb859eed-419a-492b-9d90-62a140ca4152 is started using port 42089
2019-09-05 07:47:18,610 | INFO  | SCMAudit | user=jenkins1000 | ip=192.168.36.69 | op=GET_VERSION null | ret=SUCCESS |  
2019-09-05 07:47:18,623 [Datanode State Machine Thread - 0] INFO  ozoneimpl.OzoneContainer (OzoneContainer.java:start(186)) - Attempting to start container services.
2019-09-05 07:47:18,623 [Datanode State Machine Thread - 0] INFO  ozoneimpl.OzoneContainer (OzoneContainer.java:startContainerScrub(160)) - Background container scrubber has been disabled by hdds.containerscrub.enabled
2019-09-05 07:47:18,623 [Datanode State Machine Thread - 0] INFO  ratis.XceiverServerRatis (XceiverServerRatis.java:start(404)) - Starting XceiverServerRatis dce6a79c-87ca-48bd-bf9f-990cc252ad10 at port 0
2019-09-05 07:47:18,628 [Datanode State Machine Thread - 0] INFO  impl.RaftServerProxy (RaftServerProxy.java:lambda$start$3(299)) - dce6a79c-87ca-48bd-bf9f-990cc252ad10: start RPC server
2019-09-05 07:47:18,630 [Datanode State Machine Thread - 0] INFO  server.GrpcService (GrpcService.java:startImpl(149)) - dce6a79c-87ca-48bd-bf9f-990cc252ad10: GrpcService started, listening on 0.0.0.0/0.0.0.0:41260
2019-09-05 07:47:18,630 [Datanode State Machine Thread - 0] INFO  ratis.XceiverServerRatis (XceiverServerRatis.java:start(414)) - XceiverServerRatis dce6a79c-87ca-48bd-bf9f-990cc252ad10 is started using port 41260
2019-09-05 07:47:18,631 [Datanode State Machine Thread - 0] INFO  server.XceiverServerGrpc (XceiverServerGrpc.java:start(163)) - XceiverServerGrpc dce6a79c-87ca-48bd-bf9f-990cc252ad10 is started using port 36199
2019-09-05 07:47:18,817 | INFO  | SCMAudit | user=jenkins1000 | ip=192.168.36.69 | op=GET_VERSION null | ret=SUCCESS |  
2019-09-05 07:47:18,865 [main] INFO  ozone.MiniOzoneClusterImpl (MiniOzoneClusterImpl.java:lambda$waitForClusterToBeReady$0(142)) - Waiting for cluster to be ready. Got 0 of 7 DN Heartbeats.
2019-09-05 07:47:18,896 [Datanode State Machine Thread - 0] INFO  ozoneimpl.OzoneContainer (OzoneContainer.java:start(186)) - Attempting to start container services.
2019-09-05 07:47:18,896 [Datanode State Machine Thread - 0] INFO  ozoneimpl.OzoneContainer (OzoneContainer.java:startContainerScrub(160)) - Background container scrubber has been disabled by hdds.containerscrub.enabled
2019-09-05 07:47:18,896 [Datanode State Machine Thread - 0] INFO  ratis.XceiverServerRatis (XceiverServerRatis.java:start(404)) - Starting XceiverServerRatis 9498405f-0a9d-49d4-805a-bb615e968bfe at port 0
2019-09-05 07:47:18,903 [Datanode State Machine Thread - 0] INFO  impl.RaftServerProxy (RaftServerProxy.java:lambda$start$3(299)) - 9498405f-0a9d-49d4-805a-bb615e968bfe: start RPC server
2019-09-05 07:47:18,904 [Datanode State Machine Thread - 0] INFO  server.GrpcService (GrpcService.java:startImpl(149)) - 9498405f-0a9d-49d4-805a-bb615e968bfe: GrpcService started, listening on 0.0.0.0/0.0.0.0:43708
2019-09-05 07:47:18,904 [Datanode State Machine Thread - 0] INFO  ratis.XceiverServerRatis (XceiverServerRatis.java:start(414)) - XceiverServerRatis 9498405f-0a9d-49d4-805a-bb615e968bfe is started using port 43708
2019-09-05 07:47:18,912 [Datanode State Machine Thread - 0] INFO  server.XceiverServerGrpc (XceiverServerGrpc.java:start(163)) - XceiverServerGrpc 9498405f-0a9d-49d4-805a-bb615e968bfe is started using port 45725
2019-09-05 07:47:19,012 | INFO  | SCMAudit | user=jenkins1000 | ip=192.168.36.69 | op=GET_VERSION null | ret=SUCCESS |  
2019-09-05 07:47:19,045 [Datanode State Machine Thread - 0] INFO  ozoneimpl.OzoneContainer (OzoneContainer.java:start(186)) - Attempting to start container services.
2019-09-05 07:47:19,045 [Datanode State Machine Thread - 0] INFO  ozoneimpl.OzoneContainer (OzoneContainer.java:startContainerScrub(160)) - Background container scrubber has been disabled by hdds.containerscrub.enabled
2019-09-05 07:47:19,045 [Datanode State Machine Thread - 0] INFO  ratis.XceiverServerRatis (XceiverServerRatis.java:start(404)) - Starting XceiverServerRatis 6d8a3bc5-9c47-4ffc-a54e-68d957b6d223 at port 0
2019-09-05 07:47:19,051 [Datanode State Machine Thread - 0] INFO  impl.RaftServerProxy (RaftServerProxy.java:lambda$start$3(299)) - 6d8a3bc5-9c47-4ffc-a54e-68d957b6d223: start RPC server
2019-09-05 07:47:19,055 [Datanode State Machine Thread - 0] INFO  server.GrpcService (GrpcService.java:startImpl(149)) - 6d8a3bc5-9c47-4ffc-a54e-68d957b6d223: GrpcService started, listening on 0.0.0.0/0.0.0.0:33364
2019-09-05 07:47:19,055 [Datanode State Machine Thread - 0] INFO  ratis.XceiverServerRatis (XceiverServerRatis.java:start(414)) - XceiverServerRatis 6d8a3bc5-9c47-4ffc-a54e-68d957b6d223 is started using port 33364
2019-09-05 07:47:19,055 [Datanode State Machine Thread - 0] INFO  server.XceiverServerGrpc (XceiverServerGrpc.java:start(163)) - XceiverServerGrpc 6d8a3bc5-9c47-4ffc-a54e-68d957b6d223 is started using port 40286
2019-09-05 07:47:19,209 | INFO  | SCMAudit | user=jenkins1000 | ip=192.168.36.69 | op=GET_VERSION null | ret=SUCCESS |  
2019-09-05 07:47:19,231 [Datanode State Machine Thread - 0] INFO  ozoneimpl.OzoneContainer (OzoneContainer.java:start(186)) - Attempting to start container services.
2019-09-05 07:47:19,232 [Datanode State Machine Thread - 0] INFO  ozoneimpl.OzoneContainer (OzoneContainer.java:startContainerScrub(160)) - Background container scrubber has been disabled by hdds.containerscrub.enabled
2019-09-05 07:47:19,232 [Datanode State Machine Thread - 0] INFO  ratis.XceiverServerRatis (XceiverServerRatis.java:start(404)) - Starting XceiverServerRatis 52e1b467-e57b-4fcf-a518-bc87fcf908db at port 0
2019-09-05 07:47:19,236 [Datanode State Machine Thread - 0] INFO  impl.RaftServerProxy (RaftServerProxy.java:lambda$start$3(299)) - 52e1b467-e57b-4fcf-a518-bc87fcf908db: start RPC server
2019-09-05 07:47:19,236 [Datanode State Machine Thread - 0] INFO  server.GrpcService (GrpcService.java:startImpl(149)) - 52e1b467-e57b-4fcf-a518-bc87fcf908db: GrpcService started, listening on 0.0.0.0/0.0.0.0:45469
2019-09-05 07:47:19,237 [Datanode State Machine Thread - 0] INFO  ratis.XceiverServerRatis (XceiverServerRatis.java:start(414)) - XceiverServerRatis 52e1b467-e57b-4fcf-a518-bc87fcf908db is started using port 45469
2019-09-05 07:47:19,237 [Datanode State Machine Thread - 0] INFO  server.XceiverServerGrpc (XceiverServerGrpc.java:start(163)) - XceiverServerGrpc 52e1b467-e57b-4fcf-a518-bc87fcf908db is started using port 36033
2019-09-05 07:47:19,664 | INFO  | SCMAudit | user=jenkins1000 | ip=192.168.36.69 | op=GET_VERSION null | ret=SUCCESS |  
2019-09-05 07:47:19,678 [Datanode State Machine Thread - 0] INFO  ozoneimpl.OzoneContainer (OzoneContainer.java:start(186)) - Attempting to start container services.
2019-09-05 07:47:19,678 [Datanode State Machine Thread - 0] INFO  ozoneimpl.OzoneContainer (OzoneContainer.java:startContainerScrub(160)) - Background container scrubber has been disabled by hdds.containerscrub.enabled
2019-09-05 07:47:19,678 [Datanode State Machine Thread - 0] INFO  ratis.XceiverServerRatis (XceiverServerRatis.java:start(404)) - Starting XceiverServerRatis e4f00552-71e6-4733-a812-14497e905a56 at port 0
2019-09-05 07:47:19,684 [Datanode State Machine Thread - 0] INFO  impl.RaftServerProxy (RaftServerProxy.java:lambda$start$3(299)) - e4f00552-71e6-4733-a812-14497e905a56: start RPC server
2019-09-05 07:47:19,685 [Datanode State Machine Thread - 0] INFO  server.GrpcService (GrpcService.java:startImpl(149)) - e4f00552-71e6-4733-a812-14497e905a56: GrpcService started, listening on 0.0.0.0/0.0.0.0:40521
2019-09-05 07:47:19,685 [Datanode State Machine Thread - 0] INFO  ratis.XceiverServerRatis (XceiverServerRatis.java:start(414)) - XceiverServerRatis e4f00552-71e6-4733-a812-14497e905a56 is started using port 40521
2019-09-05 07:47:19,685 [Datanode State Machine Thread - 0] INFO  server.XceiverServerGrpc (XceiverServerGrpc.java:start(163)) - XceiverServerGrpc e4f00552-71e6-4733-a812-14497e905a56 is started using port 34193
2019-09-05 07:47:19,866 [main] INFO  ozone.MiniOzoneClusterImpl (MiniOzoneClusterImpl.java:lambda$waitForClusterToBeReady$0(142)) - Waiting for cluster to be ready. Got 0 of 7 DN Heartbeats.
2019-09-05 07:47:19,867 | INFO  | SCMAudit | user=jenkins1000 | ip=192.168.36.69 | op=GET_VERSION null | ret=SUCCESS |  
2019-09-05 07:47:19,895 [Datanode State Machine Thread - 0] INFO  ozoneimpl.OzoneContainer (OzoneContainer.java:start(186)) - Attempting to start container services.
2019-09-05 07:47:19,895 [Datanode State Machine Thread - 0] INFO  ozoneimpl.OzoneContainer (OzoneContainer.java:startContainerScrub(160)) - Background container scrubber has been disabled by hdds.containerscrub.enabled
2019-09-05 07:47:19,895 [Datanode State Machine Thread - 0] INFO  ratis.XceiverServerRatis (XceiverServerRatis.java:start(404)) - Starting XceiverServerRatis 17ccb7c8-19aa-444e-a887-cfea9581dea6 at port 0
2019-09-05 07:47:19,901 [Datanode State Machine Thread - 0] INFO  impl.RaftServerProxy (RaftServerProxy.java:lambda$start$3(299)) - 17ccb7c8-19aa-444e-a887-cfea9581dea6: start RPC server
2019-09-05 07:47:19,901 [Datanode State Machine Thread - 0] INFO  server.GrpcService (GrpcService.java:startImpl(149)) - 17ccb7c8-19aa-444e-a887-cfea9581dea6: GrpcService started, listening on 0.0.0.0/0.0.0.0:37746
2019-09-05 07:47:19,902 [Datanode State Machine Thread - 0] INFO  ratis.XceiverServerRatis (XceiverServerRatis.java:start(414)) - XceiverServerRatis 17ccb7c8-19aa-444e-a887-cfea9581dea6 is started using port 37746
2019-09-05 07:47:19,902 [Datanode State Machine Thread - 0] INFO  server.XceiverServerGrpc (XceiverServerGrpc.java:start(163)) - XceiverServerGrpc 17ccb7c8-19aa-444e-a887-cfea9581dea6 is started using port 34602
2019-09-05 07:47:20,413 [IPC Server handler 1 on 39700] INFO  net.NetworkTopology (NetworkTopologyImpl.java:add(110)) - Added a new node: /default-rack/cb859eed-419a-492b-9d90-62a140ca4152
2019-09-05 07:47:20,416 [IPC Server handler 1 on 39700] INFO  node.SCMNodeManager (SCMNodeManager.java:register(273)) - Registered Data node : cb859eed-419a-492b-9d90-62a140ca4152{ip: 192.168.36.69, host: pr-hdds-1571-lfg7x-4139639749, networkLocation: /default-rack, certSerialId: null}
2019-09-05 07:47:20,417 | INFO  | SCMAudit | user=jenkins1000 | ip=192.168.36.69 | op=REGISTER {datanodeDetails=cb859eed-419a-492b-9d90-62a140ca4152{ip: 192.168.36.69, host: pr-hdds-1571-lfg7x-4139639749, networkLocation: /default-rack, certSerialId: null}} | ret=SUCCESS |  
2019-09-05 07:47:20,417 [EventQueue-NodeRegistrationContainerReportForDataNodeSafeModeRule] INFO  safemode.SCMSafeModeManager (DataNodeSafeModeRule.java:process(71)) - SCM in safe mode. 1 DataNodes registered, 1 required.
2019-09-05 07:47:20,419 [EventQueue-NodeRegistrationContainerReportForDataNodeSafeModeRule] INFO  safemode.SCMSafeModeManager (SCMSafeModeManager.java:validateSafeModeExitRules(177)) - ScmSafeModeManager, all rules are successfully validated
2019-09-05 07:47:20,419 [EventQueue-NodeRegistrationContainerReportForDataNodeSafeModeRule] INFO  safemode.SCMSafeModeManager (SCMSafeModeManager.java:exitSafeMode(193)) - SCM exiting safe mode.
2019-09-05 07:47:20,447 [grpc-default-executor-7] INFO  impl.RaftServerProxy (RaftServerProxy.java:addNew(89)) - cb859eed-419a-492b-9d90-62a140ca4152: addNew group-EFFEDB84E6DA:[cb859eed-419a-492b-9d90-62a140ca4152:192.168.36.69:34107] returns group-EFFEDB84E6DA:java.util.concurrent.CompletableFuture@599946dc[Not completed]
2019-09-05 07:47:20,448 [pool-730-thread-1] INFO  impl.RaftServerImpl (RaftServerImpl.java:<init>(93)) - cb859eed-419a-492b-9d90-62a140ca4152: new RaftServerImpl for group-EFFEDB84E6DA:[cb859eed-419a-492b-9d90-62a140ca4152:192.168.36.69:34107] with ContainerStateMachine:uninitialized
2019-09-05 07:47:20,448 [pool-730-thread-1] INFO  server.RaftServerConfigKeys (ConfUtils.java:logGet(43)) - raft.server.rpc.timeout.min = 5s (custom)
2019-09-05 07:47:20,448 [pool-730-thread-1] INFO  server.RaftServerConfigKeys (ConfUtils.java:logGet(43)) - raft.server.rpc.timeout.max = 5200ms (custom)
2019-09-05 07:47:20,448 [pool-730-thread-1] INFO  server.RaftServerConfigKeys (ConfUtils.java:logGet(43)) - raft.server.rpcslowness.timeout = 120s (custom)
2019-09-05 07:47:20,448 [pool-730-thread-1] INFO  server.RaftServerConfigKeys (ConfUtils.java:logGet(43)) - raft.server.sleep.deviation.threshold = 300 (default)
2019-09-05 07:47:20,448 [pool-730-thread-1] INFO  server.RaftServerConfigKeys (ConfUtils.java:logGet(43)) - raft.server.log.appender.install.snapshot.enabled = false (custom)
2019-09-05 07:47:20,448 [pool-730-thread-1] INFO  impl.RaftServerImpl (ServerState.java:<init>(105)) - cb859eed-419a-492b-9d90-62a140ca4152:group-EFFEDB84E6DA ConfigurationManager, init=-1: [cb859eed-419a-492b-9d90-62a140ca4152:192.168.36.69:34107], old=null, confs=<EMPTY_MAP>
2019-09-05 07:47:20,448 [pool-730-thread-1] INFO  server.RaftServerConfigKeys (ConfUtils.java:logGet(43)) - raft.server.storage.dir = [/workdir/hadoop-ozone/integration-test/target/test-dir/MiniOzoneClusterImpl-a7b65b7d-2f78-4bad-aae3-c6d6f5d380da/datanode-0/data/ratis] (custom)
2019-09-05 07:47:20,449 [pool-730-thread-1] INFO  storage.RaftStorageDirectory (RaftStorageDirectory.java:analyzeStorage(246)) - The storage directory /workdir/hadoop-ozone/integration-test/target/test-dir/MiniOzoneClusterImpl-a7b65b7d-2f78-4bad-aae3-c6d6f5d380da/datanode-0/data/ratis/c6eb91e9-4e15-4f8e-8967-effedb84e6da does not exist. Creating ...
2019-09-05 07:47:20,470 [pool-730-thread-1] INFO  storage.RaftStorageDirectory (RaftStorageDirectory.java:tryLock(328)) - Lock on /workdir/hadoop-ozone/integration-test/target/test-dir/MiniOzoneClusterImpl-a7b65b7d-2f78-4bad-aae3-c6d6f5d380da/datanode-0/data/ratis/c6eb91e9-4e15-4f8e-8967-effedb84e6da/in_use.lock acquired by nodename 22460@pr-hdds-1571-lfg7x-4139639749
2019-09-05 07:47:20,503 [pool-730-thread-1] INFO  storage.RaftStorage (RaftStorage.java:format(72)) - Storage directory /workdir/hadoop-ozone/integration-test/target/test-dir/MiniOzoneClusterImpl-a7b65b7d-2f78-4bad-aae3-c6d6f5d380da/datanode-0/data/ratis/c6eb91e9-4e15-4f8e-8967-effedb84e6da has been successfully formatted.
2019-09-05 07:47:20,503 [pool-730-thread-1] INFO  ratis.ContainerStateMachine (ContainerStateMachine.java:loadSnapshot(226)) - group-EFFEDB84E6DA: The snapshot info is null. Setting the last applied indexto:(t:0, i:~)
2019-09-05 07:47:20,503 [pool-730-thread-1] INFO  server.RaftServerConfigKeys (ConfUtils.java:logGet(43)) - raft.server.leader.election.timeout = 120s (custom)
2019-09-05 07:47:20,503 [pool-730-thread-1] INFO  server.RaftServerConfigKeys (ConfUtils.java:logGet(43)) - raft.server.log.use.memory = false (default)
2019-09-05 07:47:20,503 [pool-730-thread-1] INFO  server.RaftServerConfigKeys (ConfUtils.java:logGet(43)) - raft.server.log.purge.gap = 1000000 (custom)
2019-09-05 07:47:20,503 [pool-730-thread-1] INFO  server.RaftServerConfigKeys (ConfUtils.java:logGet(43)) - raft.server.log.appender.buffer.byte-limit = 33554432 (custom)
2019-09-05 07:47:20,503 [pool-730-thread-1] INFO  server.RaftServerConfigKeys (ConfUtils.java:logGet(43)) - raft.server.log.segment.size.max = 1048576 (custom)
2019-09-05 07:47:20,504 [pool-730-thread-1] INFO  server.RaftServerConfigKeys (ConfUtils.java:logGet(43)) - raft.server.log.segment.cache.num.max = 2 (custom)
2019-09-05 07:47:20,504 [pool-730-thread-1] INFO  segmented.SegmentedRaftLogWorker (SegmentedRaftLogWorker.java:<init>(172)) - new cb859eed-419a-492b-9d90-62a140ca4152-SegmentedRaftLogWorker:Storage Directory /workdir/hadoop-ozone/integration-test/target/test-dir/MiniOzoneClusterImpl-a7b65b7d-2f78-4bad-aae3-c6d6f5d380da/datanode-0/data/ratis/c6eb91e9-4e15-4f8e-8967-effedb84e6da for RaftStorage:Storage Directory /workdir/hadoop-ozone/integration-test/target/test-dir/MiniOzoneClusterImpl-a7b65b7d-2f78-4bad-aae3-c6d6f5d380da/datanode-0/data/ratis/c6eb91e9-4e15-4f8e-8967-effedb84e6da
2019-09-05 07:47:20,504 [pool-730-thread-1] INFO  server.RaftServerConfigKeys (ConfUtils.java:logGet(43)) - raft.server.log.queue.byte-limit = 2147483647 (custom)
2019-09-05 07:47:20,504 [pool-730-thread-1] INFO  server.RaftServerConfigKeys (ConfUtils.java:logGet(43)) - raft.server.log.queue.element-limit = 1024 (custom)
2019-09-05 07:47:20,504 [pool-730-thread-1] INFO  server.RaftServerConfigKeys (ConfUtils.java:logGet(43)) - raft.server.log.segment.size.max = 1048576 (custom)
2019-09-05 07:47:20,504 [pool-730-thread-1] INFO  server.RaftServerConfigKeys (ConfUtils.java:logGet(43)) - raft.server.log.preallocated.size = 16384 (custom)
2019-09-05 07:47:20,504 [pool-730-thread-1] INFO  server.RaftServerConfigKeys (ConfUtils.java:logGet(43)) - raft.server.log.write.buffer.size = 33554432 (custom)
2019-09-05 07:47:20,504 [pool-730-thread-1] INFO  server.RaftServerConfigKeys (ConfUtils.java:logGet(43)) - raft.server.log.force.sync.num = 128 (default)
2019-09-05 07:47:20,504 [pool-730-thread-1] INFO  server.RaftServerConfigKeys (ConfUtils.java:logGet(43)) - raft.server.log.statemachine.data.sync = true (default)
2019-09-05 07:47:20,505 [pool-730-thread-1] INFO  server.RaftServerConfigKeys (ConfUtils.java:logGet(43)) - raft.server.log.statemachine.data.sync.timeout = 10s (default)
2019-09-05 07:47:20,505 [pool-730-thread-1] INFO  server.RaftServerConfigKeys (ConfUtils.java:logGet(43)) - raft.server.log.statemachine.data.sync.timeout.retry = -1 (default)
2019-09-05 07:47:20,505 [pool-730-thread-1] INFO  server.RaftServerConfigKeys (ConfUtils.java:logGet(43)) - raft.server.log.statemachine.data.caching.enabled = true (custom)
2019-09-05 07:47:20,505 [pool-730-thread-1] INFO  segmented.SegmentedRaftLogWorker (SegmentedRaftLogWorker.java:lambda$new$0(132)) - cb859eed-419a-492b-9d90-62a140ca4152-SegmentedRaftLogWorker:Storage Directory /workdir/hadoop-ozone/integration-test/target/test-dir/MiniOzoneClusterImpl-a7b65b7d-2f78-4bad-aae3-c6d6f5d380da/datanode-0/data/ratis/c6eb91e9-4e15-4f8e-8967-effedb84e6da: flushIndex: setUnconditionally 0 -> -1
2019-09-05 07:47:20,505 [pool-730-thread-1] INFO  server.RaftServerConfigKeys (ConfUtils.java:logGet(43)) - raft.server.snapshot.auto.trigger.enabled = true (custom)
2019-09-05 07:47:20,505 [pool-730-thread-1] INFO  server.RaftServerConfigKeys (ConfUtils.java:logGet(43)) - raft.server.snapshot.auto.trigger.threshold = 10000 (custom)
2019-09-05 07:47:20,505 [pool-730-thread-1] INFO  server.RaftServerConfigKeys (ConfUtils.java:logGet(43)) - raft.server.retrycache.expirytime = 600000ms (custom)
2019-09-05 07:47:20,506 [pool-730-thread-1] INFO  impl.RaftServerImpl (RaftServerImpl.java:start(180)) - cb859eed-419a-492b-9d90-62a140ca4152: start group-EFFEDB84E6DA
2019-09-05 07:47:20,506 [pool-730-thread-1] INFO  impl.RaftServerImpl (RaftServerImpl.java:setRole(171)) - cb859eed-419a-492b-9d90-62a140ca4152:group-EFFEDB84E6DA changes role from null to FOLLOWER at term 0 for startAsFollower
2019-09-05 07:47:20,506 [pool-730-thread-1] INFO  impl.RoleInfo (RoleInfo.java:updateAndGet(143)) - cb859eed-419a-492b-9d90-62a140ca4152: start FollowerState
2019-09-05 07:47:20,506 [pool-730-thread-1] INFO  util.JmxRegister (JmxRegister.java:tryRegister(44)) - Successfully registered JMX Bean with object name Ratis:service=RaftServer,group=group-EFFEDB84E6DA,id=cb859eed-419a-492b-9d90-62a140ca4152
2019-09-05 07:47:20,565 [RatisPipelineUtilsThread] INFO  pipeline.PipelineStateManager (PipelineStateManager.java:addPipeline(56)) - Created pipeline Pipeline[ Id: c6eb91e9-4e15-4f8e-8967-effedb84e6da, Nodes: cb859eed-419a-492b-9d90-62a140ca4152{ip: 192.168.36.69, host: pr-hdds-1571-lfg7x-4139639749, networkLocation: /default-rack, certSerialId: null}, Type:RATIS, Factor:ONE, State:OPEN]
2019-09-05 07:47:20,610 [IPC Server handler 3 on 39700] INFO  net.NetworkTopology (NetworkTopologyImpl.java:add(110)) - Added a new node: /default-rack/dce6a79c-87ca-48bd-bf9f-990cc252ad10
2019-09-05 07:47:20,610 [IPC Server handler 3 on 39700] INFO  node.SCMNodeManager (SCMNodeManager.java:register(273)) - Registered Data node : dce6a79c-87ca-48bd-bf9f-990cc252ad10{ip: 192.168.36.69, host: pr-hdds-1571-lfg7x-4139639749, networkLocation: /default-rack, certSerialId: null}
2019-09-05 07:47:20,611 | INFO  | SCMAudit | user=jenkins1000 | ip=192.168.36.69 | op=REGISTER {datanodeDetails=dce6a79c-87ca-48bd-bf9f-990cc252ad10{ip: 192.168.36.69, host: pr-hdds-1571-lfg7x-4139639749, networkLocation: /default-rack, certSerialId: null}} | ret=SUCCESS |  
2019-09-05 07:47:20,617 [grpc-default-executor-7] INFO  impl.RaftServerProxy (RaftServerProxy.java:addNew(89)) - dce6a79c-87ca-48bd-bf9f-990cc252ad10: addNew group-37AE2145E625:[dce6a79c-87ca-48bd-bf9f-990cc252ad10:192.168.36.69:41260] returns group-37AE2145E625:java.util.concurrent.CompletableFuture@3284ac8e[Not completed]
2019-09-05 07:47:20,618 [pool-741-thread-1] INFO  impl.RaftServerImpl (RaftServerImpl.java:<init>(93)) - dce6a79c-87ca-48bd-bf9f-990cc252ad10: new RaftServerImpl for group-37AE2145E625:[dce6a79c-87ca-48bd-bf9f-990cc252ad10:192.168.36.69:41260] with ContainerStateMachine:uninitialized
2019-09-05 07:47:20,618 [pool-741-thread-1] INFO  server.RaftServerConfigKeys (ConfUtils.java:logGet(43)) - raft.server.rpc.timeout.min = 5s (custom)
2019-09-05 07:47:20,618 [pool-741-thread-1] INFO  server.RaftServerConfigKeys (ConfUtils.java:logGet(43)) - raft.server.rpc.timeout.max = 5200ms (custom)
2019-09-05 07:47:20,618 [pool-741-thread-1] INFO  server.RaftServerConfigKeys (ConfUtils.java:logGet(43)) - raft.server.rpcslowness.timeout = 120s (custom)
2019-09-05 07:47:20,618 [pool-741-thread-1] INFO  server.RaftServerConfigKeys (ConfUtils.java:logGet(43)) - raft.server.sleep.deviation.threshold = 300 (default)
2019-09-05 07:47:20,618 [pool-741-thread-1] INFO  server.RaftServerConfigKeys (ConfUtils.java:logGet(43)) - raft.server.log.appender.install.snapshot.enabled = false (custom)
2019-09-05 07:47:20,618 [pool-741-thread-1] INFO  impl.RaftServerImpl (ServerState.java:<init>(105)) - dce6a79c-87ca-48bd-bf9f-990cc252ad10:group-37AE2145E625 ConfigurationManager, init=-1: [dce6a79c-87ca-48bd-bf9f-990cc252ad10:192.168.36.69:41260], old=null, confs=<EMPTY_MAP>
2019-09-05 07:47:20,618 [pool-741-thread-1] INFO  server.RaftServerConfigKeys (ConfUtils.java:logGet(43)) - raft.server.storage.dir = [/workdir/hadoop-ozone/integration-test/target/test-dir/MiniOzoneClusterImpl-a7b65b7d-2f78-4bad-aae3-c6d6f5d380da/datanode-1/data/ratis] (custom)
2019-09-05 07:47:20,619 [pool-741-thread-1] INFO  storage.RaftStorageDirectory (RaftStorageDirectory.java:analyzeStorage(246)) - The storage directory /workdir/hadoop-ozone/integration-test/target/test-dir/MiniOzoneClusterImpl-a7b65b7d-2f78-4bad-aae3-c6d6f5d380da/datanode-1/data/ratis/37e76c68-501f-4c42-b3dc-37ae2145e625 does not exist. Creating ...
2019-09-05 07:47:20,636 [pool-741-thread-1] INFO  storage.RaftStorageDirectory (RaftStorageDirectory.java:tryLock(328)) - Lock on /workdir/hadoop-ozone/integration-test/target/test-dir/MiniOzoneClusterImpl-a7b65b7d-2f78-4bad-aae3-c6d6f5d380da/datanode-1/data/ratis/37e76c68-501f-4c42-b3dc-37ae2145e625/in_use.lock acquired by nodename 22460@pr-hdds-1571-lfg7x-4139639749
2019-09-05 07:47:20,664 [pool-741-thread-1] INFO  storage.RaftStorage (RaftStorage.java:format(72)) - Storage directory /workdir/hadoop-ozone/integration-test/target/test-dir/MiniOzoneClusterImpl-a7b65b7d-2f78-4bad-aae3-c6d6f5d380da/datanode-1/data/ratis/37e76c68-501f-4c42-b3dc-37ae2145e625 has been successfully formatted.
2019-09-05 07:47:20,664 [pool-741-thread-1] INFO  ratis.ContainerStateMachine (ContainerStateMachine.java:loadSnapshot(226)) - group-37AE2145E625: The snapshot info is null. Setting the last applied indexto:(t:0, i:~)
2019-09-05 07:47:20,664 [pool-741-thread-1] INFO  server.RaftServerConfigKeys (ConfUtils.java:logGet(43)) - raft.server.leader.election.timeout = 120s (custom)
2019-09-05 07:47:20,664 [pool-741-thread-1] INFO  server.RaftServerConfigKeys (ConfUtils.java:logGet(43)) - raft.server.log.use.memory = false (default)
2019-09-05 07:47:20,664 [pool-741-thread-1] INFO  server.RaftServerConfigKeys (ConfUtils.java:logGet(43)) - raft.server.log.purge.gap = 1000000 (custom)
2019-09-05 07:47:20,665 [pool-741-thread-1] INFO  server.RaftServerConfigKeys (ConfUtils.java:logGet(43)) - raft.server.log.appender.buffer.byte-limit = 33554432 (custom)
2019-09-05 07:47:20,665 [pool-741-thread-1] INFO  server.RaftServerConfigKeys (ConfUtils.java:logGet(43)) - raft.server.log.segment.size.max = 1048576 (custom)
2019-09-05 07:47:20,665 [pool-741-thread-1] INFO  server.RaftServerConfigKeys (ConfUtils.java:logGet(43)) - raft.server.log.segment.cache.num.max = 2 (custom)
2019-09-05 07:47:20,665 [pool-741-thread-1] INFO  segmented.SegmentedRaftLogWorker (SegmentedRaftLogWorker.java:<init>(172)) - new dce6a79c-87ca-48bd-bf9f-990cc252ad10-SegmentedRaftLogWorker:Storage Directory /workdir/hadoop-ozone/integration-test/target/test-dir/MiniOzoneClusterImpl-a7b65b7d-2f78-4bad-aae3-c6d6f5d380da/datanode-1/data/ratis/37e76c68-501f-4c42-b3dc-37ae2145e625 for RaftStorage:Storage Directory /workdir/hadoop-ozone/integration-test/target/test-dir/MiniOzoneClusterImpl-a7b65b7d-2f78-4bad-aae3-c6d6f5d380da/datanode-1/data/ratis/37e76c68-501f-4c42-b3dc-37ae2145e625
2019-09-05 07:47:20,665 [pool-741-thread-1] INFO  server.RaftServerConfigKeys (ConfUtils.java:logGet(43)) - raft.server.log.queue.byte-limit = 2147483647 (custom)
2019-09-05 07:47:20,665 [pool-741-thread-1] INFO  server.RaftServerConfigKeys (ConfUtils.java:logGet(43)) - raft.server.log.queue.element-limit = 1024 (custom)
2019-09-05 07:47:20,665 [pool-741-thread-1] INFO  server.RaftServerConfigKeys (ConfUtils.java:logGet(43)) - raft.server.log.segment.size.max = 1048576 (custom)
2019-09-05 07:47:20,665 [pool-741-thread-1] INFO  server.RaftServerConfigKeys (ConfUtils.java:logGet(43)) - raft.server.log.preallocated.size = 16384 (custom)
2019-09-05 07:47:20,666 [pool-741-thread-1] INFO  server.RaftServerConfigKeys (ConfUtils.java:logGet(43)) - raft.server.log.write.buffer.size = 33554432 (custom)
2019-09-05 07:47:20,666 [pool-741-thread-1] INFO  server.RaftServerConfigKeys (ConfUtils.java:logGet(43)) - raft.server.log.force.sync.num = 128 (default)
2019-09-05 07:47:20,666 [pool-741-thread-1] INFO  server.RaftServerConfigKeys (ConfUtils.java:logGet(43)) - raft.server.log.statemachine.data.sync = true (default)
2019-09-05 07:47:20,666 [pool-741-thread-1] INFO  server.RaftServerConfigKeys (ConfUtils.java:logGet(43)) - raft.server.log.statemachine.data.sync.timeout = 10s (default)
2019-09-05 07:47:20,666 [pool-741-thread-1] INFO  server.RaftServerConfigKeys (ConfUtils.java:logGet(43)) - raft.server.log.statemachine.data.sync.timeout.retry = -1 (default)
2019-09-05 07:47:20,666 [pool-741-thread-1] INFO  server.RaftServerConfigKeys (ConfUtils.java:logGet(43)) - raft.server.log.statemachine.data.caching.enabled = true (custom)
2019-09-05 07:47:20,666 [pool-741-thread-1] INFO  segmented.SegmentedRaftLogWorker (SegmentedRaftLogWorker.java:lambda$new$0(132)) - dce6a79c-87ca-48bd-bf9f-990cc252ad10-SegmentedRaftLogWorker:Storage Directory /workdir/hadoop-ozone/integration-test/target/test-dir/MiniOzoneClusterImpl-a7b65b7d-2f78-4bad-aae3-c6d6f5d380da/datanode-1/data/ratis/37e76c68-501f-4c42-b3dc-37ae2145e625: flushIndex: setUnconditionally 0 -> -1
2019-09-05 07:47:20,667 [pool-741-thread-1] INFO  server.RaftServerConfigKeys (ConfUtils.java:logGet(43)) - raft.server.snapshot.auto.trigger.enabled = true (custom)
2019-09-05 07:47:20,667 [pool-741-thread-1] INFO  server.RaftServerConfigKeys (ConfUtils.java:logGet(43)) - raft.server.snapshot.auto.trigger.threshold = 10000 (custom)
2019-09-05 07:47:20,667 [pool-741-thread-1] INFO  server.RaftServerConfigKeys (ConfUtils.java:logGet(43)) - raft.server.retrycache.expirytime = 600000ms (custom)
2019-09-05 07:47:20,667 [pool-741-thread-1] INFO  impl.RaftServerImpl (RaftServerImpl.java:start(180)) - dce6a79c-87ca-48bd-bf9f-990cc252ad10: start group-37AE2145E625
2019-09-05 07:47:20,667 [pool-741-thread-1] INFO  impl.RaftServerImpl (RaftServerImpl.java:setRole(171)) - dce6a79c-87ca-48bd-bf9f-990cc252ad10:group-37AE2145E625 changes role from null to FOLLOWER at term 0 for startAsFollower
2019-09-05 07:47:20,667 [pool-741-thread-1] INFO  impl.RoleInfo (RoleInfo.java:updateAndGet(143)) - dce6a79c-87ca-48bd-bf9f-990cc252ad10: start FollowerState
2019-09-05 07:47:20,667 [pool-741-thread-1] INFO  util.JmxRegister (JmxRegister.java:tryRegister(44)) - Successfully registered JMX Bean with object name Ratis:service=RaftServer,group=group-37AE2145E625,id=dce6a79c-87ca-48bd-bf9f-990cc252ad10
2019-09-05 07:47:20,669 [RatisPipelineUtilsThread] INFO  pipeline.PipelineStateManager (PipelineStateManager.java:addPipeline(56)) - Created pipeline Pipeline[ Id: 37e76c68-501f-4c42-b3dc-37ae2145e625, Nodes: dce6a79c-87ca-48bd-bf9f-990cc252ad10{ip: 192.168.36.69, host: pr-hdds-1571-lfg7x-4139639749, networkLocation: /default-rack, certSerialId: null}, Type:RATIS, Factor:ONE, State:OPEN]
2019-09-05 07:47:20,817 [IPC Server handler 2 on 39700] INFO  net.NetworkTopology (NetworkTopologyImpl.java:add(110)) - Added a new node: /default-rack/9498405f-0a9d-49d4-805a-bb615e968bfe
2019-09-05 07:47:20,818 [IPC Server handler 2 on 39700] INFO  node.SCMNodeManager (SCMNodeManager.java:register(273)) - Registered Data node : 9498405f-0a9d-49d4-805a-bb615e968bfe{ip: 192.168.36.69, host: pr-hdds-1571-lfg7x-4139639749, networkLocation: /default-rack, certSerialId: null}
2019-09-05 07:47:20,818 | INFO  | SCMAudit | user=jenkins1000 | ip=192.168.36.69 | op=REGISTER {datanodeDetails=9498405f-0a9d-49d4-805a-bb615e968bfe{ip: 192.168.36.69, host: pr-hdds-1571-lfg7x-4139639749, networkLocation: /default-rack, certSerialId: null}} | ret=SUCCESS |  
2019-09-05 07:47:20,825 [grpc-default-executor-7] INFO  impl.RaftServerProxy (RaftServerProxy.java:addNew(89)) - 9498405f-0a9d-49d4-805a-bb615e968bfe: addNew group-6D806FEEB2D6:[9498405f-0a9d-49d4-805a-bb615e968bfe:192.168.36.69:43708] returns group-6D806FEEB2D6:java.util.concurrent.CompletableFuture@3e68bf4a[Not completed]
2019-09-05 07:47:20,826 [pool-752-thread-1] INFO  impl.RaftServerImpl (RaftServerImpl.java:<init>(93)) - 9498405f-0a9d-49d4-805a-bb615e968bfe: new RaftServerImpl for group-6D806FEEB2D6:[9498405f-0a9d-49d4-805a-bb615e968bfe:192.168.36.69:43708] with ContainerStateMachine:uninitialized
2019-09-05 07:47:20,826 [pool-752-thread-1] INFO  server.RaftServerConfigKeys (ConfUtils.java:logGet(43)) - raft.server.rpc.timeout.min = 5s (custom)
2019-09-05 07:47:20,826 [pool-752-thread-1] INFO  server.RaftServerConfigKeys (ConfUtils.java:logGet(43)) - raft.server.rpc.timeout.max = 5200ms (custom)
2019-09-05 07:47:20,826 [pool-752-thread-1] INFO  server.RaftServerConfigKeys (ConfUtils.java:logGet(43)) - raft.server.rpcslowness.timeout = 120s (custom)
2019-09-05 07:47:20,826 [pool-752-thread-1] INFO  server.RaftServerConfigKeys (ConfUtils.java:logGet(43)) - raft.server.sleep.deviation.threshold = 300 (default)
2019-09-05 07:47:20,826 [pool-752-thread-1] INFO  server.RaftServerConfigKeys (ConfUtils.java:logGet(43)) - raft.server.log.appender.install.snapshot.enabled = false (custom)
2019-09-05 07:47:20,826 [pool-752-thread-1] INFO  impl.RaftServerImpl (ServerState.java:<init>(105)) - 9498405f-0a9d-49d4-805a-bb615e968bfe:group-6D806FEEB2D6 ConfigurationManager, init=-1: [9498405f-0a9d-49d4-805a-bb615e968bfe:192.168.36.69:43708], old=null, confs=<EMPTY_MAP>
2019-09-05 07:47:20,826 [pool-752-thread-1] INFO  server.RaftServerConfigKeys (ConfUtils.java:logGet(43)) - raft.server.storage.dir = [/workdir/hadoop-ozone/integration-test/target/test-dir/MiniOzoneClusterImpl-a7b65b7d-2f78-4bad-aae3-c6d6f5d380da/datanode-2/data/ratis] (custom)
2019-09-05 07:47:20,827 [pool-752-thread-1] INFO  storage.RaftStorageDirectory (RaftStorageDirectory.java:analyzeStorage(246)) - The storage directory /workdir/hadoop-ozone/integration-test/target/test-dir/MiniOzoneClusterImpl-a7b65b7d-2f78-4bad-aae3-c6d6f5d380da/datanode-2/data/ratis/7c962cf5-2561-488d-acba-6d806feeb2d6 does not exist. Creating ...
2019-09-05 07:47:20,843 [pool-752-thread-1] INFO  storage.RaftStorageDirectory (RaftStorageDirectory.java:tryLock(328)) - Lock on /workdir/hadoop-ozone/integration-test/target/test-dir/MiniOzoneClusterImpl-a7b65b7d-2f78-4bad-aae3-c6d6f5d380da/datanode-2/data/ratis/7c962cf5-2561-488d-acba-6d806feeb2d6/in_use.lock acquired by nodename 22460@pr-hdds-1571-lfg7x-4139639749
2019-09-05 07:47:20,866 [main] INFO  ozone.MiniOzoneClusterImpl (MiniOzoneClusterImpl.java:lambda$waitForClusterToBeReady$0(142)) - Waiting for cluster to be ready. Got 3 of 7 DN Heartbeats.
2019-09-05 07:47:20,872 [pool-752-thread-1] INFO  storage.RaftStorage (RaftStorage.java:format(72)) - Storage directory /workdir/hadoop-ozone/integration-test/target/test-dir/MiniOzoneClusterImpl-a7b65b7d-2f78-4bad-aae3-c6d6f5d380da/datanode-2/data/ratis/7c962cf5-2561-488d-acba-6d806feeb2d6 has been successfully formatted.
2019-09-05 07:47:20,872 [pool-752-thread-1] INFO  ratis.ContainerStateMachine (ContainerStateMachine.java:loadSnapshot(226)) - group-6D806FEEB2D6: The snapshot info is null. Setting the last applied indexto:(t:0, i:~)
2019-09-05 07:47:20,872 [pool-752-thread-1] INFO  server.RaftServerConfigKeys (ConfUtils.java:logGet(43)) - raft.server.leader.election.timeout = 120s (custom)
2019-09-05 07:47:20,872 [pool-752-thread-1] INFO  server.RaftServerConfigKeys (ConfUtils.java:logGet(43)) - raft.server.log.use.memory = false (default)
2019-09-05 07:47:20,873 [pool-752-thread-1] INFO  server.RaftServerConfigKeys (ConfUtils.java:logGet(43)) - raft.server.log.purge.gap = 1000000 (custom)
2019-09-05 07:47:20,873 [pool-752-thread-1] INFO  server.RaftServerConfigKeys (ConfUtils.java:logGet(43)) - raft.server.log.appender.buffer.byte-limit = 33554432 (custom)
2019-09-05 07:47:20,873 [pool-752-thread-1] INFO  server.RaftServerConfigKeys (ConfUtils.java:logGet(43)) - raft.server.log.segment.size.max = 1048576 (custom)
2019-09-05 07:47:20,873 [pool-752-thread-1] INFO  server.RaftServerConfigKeys (ConfUtils.java:logGet(43)) - raft.server.log.segment.cache.num.max = 2 (custom)
2019-09-05 07:47:20,873 [pool-752-thread-1] INFO  segmented.SegmentedRaftLogWorker (SegmentedRaftLogWorker.java:<init>(172)) - new 9498405f-0a9d-49d4-805a-bb615e968bfe-SegmentedRaftLogWorker:Storage Directory /workdir/hadoop-ozone/integration-test/target/test-dir/MiniOzoneClusterImpl-a7b65b7d-2f78-4bad-aae3-c6d6f5d380da/datanode-2/data/ratis/7c962cf5-2561-488d-acba-6d806feeb2d6 for RaftStorage:Storage Directory /workdir/hadoop-ozone/integration-test/target/test-dir/MiniOzoneClusterImpl-a7b65b7d-2f78-4bad-aae3-c6d6f5d380da/datanode-2/data/ratis/7c962cf5-2561-488d-acba-6d806feeb2d6
2019-09-05 07:47:20,873 [pool-752-thread-1] INFO  server.RaftServerConfigKeys (ConfUtils.java:logGet(43)) - raft.server.log.queue.byte-limit = 2147483647 (custom)
2019-09-05 07:47:20,874 [pool-752-thread-1] INFO  server.RaftServerConfigKeys (ConfUtils.java:logGet(43)) - raft.server.log.queue.element-limit = 1024 (custom)
2019-09-05 07:47:20,874 [pool-752-thread-1] INFO  server.RaftServerConfigKeys (ConfUtils.java:logGet(43)) - raft.server.log.segment.size.max = 1048576 (custom)
2019-09-05 07:47:20,874 [pool-752-thread-1] INFO  server.RaftServerConfigKeys (ConfUtils.java:logGet(43)) - raft.server.log.preallocated.size = 16384 (custom)
2019-09-05 07:47:20,874 [pool-752-thread-1] INFO  server.RaftServerConfigKeys (ConfUtils.java:logGet(43)) - raft.server.log.write.buffer.size = 33554432 (custom)
2019-09-05 07:47:20,874 [pool-752-thread-1] INFO  server.RaftServerConfigKeys (ConfUtils.java:logGet(43)) - raft.server.log.force.sync.num = 128 (default)
2019-09-05 07:47:20,874 [pool-752-thread-1] INFO  server.RaftServerConfigKeys (ConfUtils.java:logGet(43)) - raft.server.log.statemachine.data.sync = true (default)
2019-09-05 07:47:20,874 [pool-752-thread-1] INFO  server.RaftServerConfigKeys (ConfUtils.java:logGet(43)) - raft.server.log.statemachine.data.sync.timeout = 10s (default)
2019-09-05 07:47:20,874 [pool-752-thread-1] INFO  server.RaftServerConfigKeys (ConfUtils.java:logGet(43)) - raft.server.log.statemachine.data.sync.timeout.retry = -1 (default)
2019-09-05 07:47:20,875 [pool-752-thread-1] INFO  server.RaftServerConfigKeys (ConfUtils.java:logGet(43)) - raft.server.log.statemachine.data.caching.enabled = true (custom)
2019-09-05 07:47:20,875 [pool-752-thread-1] INFO  segmented.SegmentedRaftLogWorker (SegmentedRaftLogWorker.java:lambda$new$0(132)) - 9498405f-0a9d-49d4-805a-bb615e968bfe-SegmentedRaftLogWorker:Storage Directory /workdir/hadoop-ozone/integration-test/target/test-dir/MiniOzoneClusterImpl-a7b65b7d-2f78-4bad-aae3-c6d6f5d380da/datanode-2/data/ratis/7c962cf5-2561-488d-acba-6d806feeb2d6: flushIndex: setUnconditionally 0 -> -1
2019-09-05 07:47:20,875 [pool-752-thread-1] INFO  server.RaftServerConfigKeys (ConfUtils.java:logGet(43)) - raft.server.snapshot.auto.trigger.enabled = true (custom)
2019-09-05 07:47:20,875 [pool-752-thread-1] INFO  server.RaftServerConfigKeys (ConfUtils.java:logGet(43)) - raft.server.snapshot.auto.trigger.threshold = 10000 (custom)
2019-09-05 07:47:20,875 [pool-752-thread-1] INFO  server.RaftServerConfigKeys (ConfUtils.java:logGet(43)) - raft.server.retrycache.expirytime = 600000ms (custom)
2019-09-05 07:47:20,875 [pool-752-thread-1] INFO  impl.RaftServerImpl (RaftServerImpl.java:start(180)) - 9498405f-0a9d-49d4-805a-bb615e968bfe: start group-6D806FEEB2D6
2019-09-05 07:47:20,875 [pool-752-thread-1] INFO  impl.RaftServerImpl (RaftServerImpl.java:setRole(171)) - 9498405f-0a9d-49d4-805a-bb615e968bfe:group-6D806FEEB2D6 changes role from null to FOLLOWER at term 0 for startAsFollower
2019-09-05 07:47:20,876 [pool-752-thread-1] INFO  impl.RoleInfo (RoleInfo.java:updateAndGet(143)) - 9498405f-0a9d-49d4-805a-bb615e968bfe: start FollowerState
2019-09-05 07:47:20,876 [pool-752-thread-1] INFO  util.JmxRegister (JmxRegister.java:tryRegister(44)) - Successfully registered JMX Bean with object name Ratis:service=RaftServer,group=group-6D806FEEB2D6,id=9498405f-0a9d-49d4-805a-bb615e968bfe
2019-09-05 07:47:20,878 [RatisPipelineUtilsThread] INFO  pipeline.PipelineStateManager (PipelineStateManager.java:addPipeline(56)) - Created pipeline Pipeline[ Id: 7c962cf5-2561-488d-acba-6d806feeb2d6, Nodes: 9498405f-0a9d-49d4-805a-bb615e968bfe{ip: 192.168.36.69, host: pr-hdds-1571-lfg7x-4139639749, networkLocation: /default-rack, certSerialId: null}, Type:RATIS, Factor:ONE, State:OPEN]
2019-09-05 07:47:20,890 [grpc-default-executor-11] INFO  impl.RaftServerProxy (RaftServerProxy.java:addNew(89)) - cb859eed-419a-492b-9d90-62a140ca4152: addNew group-CB620DEF28F8:[cb859eed-419a-492b-9d90-62a140ca4152:192.168.36.69:34107, 9498405f-0a9d-49d4-805a-bb615e968bfe:192.168.36.69:43708, dce6a79c-87ca-48bd-bf9f-990cc252ad10:192.168.36.69:41260] returns group-CB620DEF28F8:java.util.concurrent.CompletableFuture@5caabf8a[Not completed]
2019-09-05 07:47:20,890 [grpc-default-executor-7] INFO  impl.RaftServerProxy (RaftServerProxy.java:addNew(89)) - 9498405f-0a9d-49d4-805a-bb615e968bfe: addNew group-CB620DEF28F8:[cb859eed-419a-492b-9d90-62a140ca4152:192.168.36.69:34107, 9498405f-0a9d-49d4-805a-bb615e968bfe:192.168.36.69:43708, dce6a79c-87ca-48bd-bf9f-990cc252ad10:192.168.36.69:41260] returns group-CB620DEF28F8:java.util.concurrent.CompletableFuture@4ddea7c1[Not completed]
2019-09-05 07:47:20,890 [grpc-default-executor-12] INFO  impl.RaftServerProxy (RaftServerProxy.java:addNew(89)) - dce6a79c-87ca-48bd-bf9f-990cc252ad10: addNew group-CB620DEF28F8:[cb859eed-419a-492b-9d90-62a140ca4152:192.168.36.69:34107, 9498405f-0a9d-49d4-805a-bb615e968bfe:192.168.36.69:43708, dce6a79c-87ca-48bd-bf9f-990cc252ad10:192.168.36.69:41260] returns group-CB620DEF28F8:java.util.concurrent.CompletableFuture@6c25d55f[Not completed]
2019-09-05 07:47:20,891 [pool-741-thread-1] INFO  impl.RaftServerImpl (RaftServerImpl.java:<init>(93)) - dce6a79c-87ca-48bd-bf9f-990cc252ad10: new RaftServerImpl for group-CB620DEF28F8:[cb859eed-419a-492b-9d90-62a140ca4152:192.168.36.69:34107, 9498405f-0a9d-49d4-805a-bb615e968bfe:192.168.36.69:43708, dce6a79c-87ca-48bd-bf9f-990cc252ad10:192.168.36.69:41260] with ContainerStateMachine:uninitialized
2019-09-05 07:47:20,891 [pool-741-thread-1] INFO  server.RaftServerConfigKeys (ConfUtils.java:logGet(43)) - raft.server.rpc.timeout.min = 5s (custom)
2019-09-05 07:47:20,891 [pool-741-thread-1] INFO  server.RaftServerConfigKeys (ConfUtils.java:logGet(43)) - raft.server.rpc.timeout.max = 5200ms (custom)
2019-09-05 07:47:20,891 [pool-741-thread-1] INFO  server.RaftServerConfigKeys (ConfUtils.java:logGet(43)) - raft.server.rpcslowness.timeout = 120s (custom)
2019-09-05 07:47:20,891 [pool-741-thread-1] INFO  server.RaftServerConfigKeys (ConfUtils.java:logGet(43)) - raft.server.sleep.deviation.threshold = 300 (default)
2019-09-05 07:47:20,891 [pool-730-thread-1] INFO  impl.RaftServerImpl (RaftServerImpl.java:<init>(93)) - cb859eed-419a-492b-9d90-62a140ca4152: new RaftServerImpl for group-CB620DEF28F8:[cb859eed-419a-492b-9d90-62a140ca4152:192.168.36.69:34107, 9498405f-0a9d-49d4-805a-bb615e968bfe:192.168.36.69:43708, dce6a79c-87ca-48bd-bf9f-990cc252ad10:192.168.36.69:41260] with ContainerStateMachine:uninitialized
2019-09-05 07:47:20,891 [pool-741-thread-1] INFO  server.RaftServerConfigKeys (ConfUtils.java:logGet(43)) - raft.server.log.appender.install.snapshot.enabled = false (custom)
2019-09-05 07:47:20,892 [pool-730-thread-1] INFO  server.RaftServerConfigKeys (ConfUtils.java:logGet(43)) - raft.server.rpc.timeout.min = 5s (custom)
2019-09-05 07:47:20,892 [pool-741-thread-1] INFO  impl.RaftServerImpl (ServerState.java:<init>(105)) - dce6a79c-87ca-48bd-bf9f-990cc252ad10:group-CB620DEF28F8 ConfigurationManager, init=-1: [cb859eed-419a-492b-9d90-62a140ca4152:192.168.36.69:34107, 9498405f-0a9d-49d4-805a-bb615e968bfe:192.168.36.69:43708, dce6a79c-87ca-48bd-bf9f-990cc252ad10:192.168.36.69:41260], old=null, confs=<EMPTY_MAP>
2019-09-05 07:47:20,892 [pool-752-thread-1] INFO  impl.RaftServerImpl (RaftServerImpl.java:<init>(93)) - 9498405f-0a9d-49d4-805a-bb615e968bfe: new RaftServerImpl for group-CB620DEF28F8:[cb859eed-419a-492b-9d90-62a140ca4152:192.168.36.69:34107, 9498405f-0a9d-49d4-805a-bb615e968bfe:192.168.36.69:43708, dce6a79c-87ca-48bd-bf9f-990cc252ad10:192.168.36.69:41260] with ContainerStateMachine:uninitialized
2019-09-05 07:47:20,892 [pool-730-thread-1] INFO  server.RaftServerConfigKeys (ConfUtils.java:logGet(43)) - raft.server.rpc.timeout.max = 5200ms (custom)
2019-09-05 07:47:20,892 [pool-752-thread-1] INFO  server.RaftServerConfigKeys (ConfUtils.java:logGet(43)) - raft.server.rpc.timeout.min = 5s (custom)
2019-09-05 07:47:20,892 [pool-741-thread-1] INFO  server.RaftServerConfigKeys (ConfUtils.java:logGet(43)) - raft.server.storage.dir = [/workdir/hadoop-ozone/integration-test/target/test-dir/MiniOzoneClusterImpl-a7b65b7d-2f78-4bad-aae3-c6d6f5d380da/datanode-1/data/ratis] (custom)
2019-09-05 07:47:20,892 [pool-752-thread-1] INFO  server.RaftServerConfigKeys (ConfUtils.java:logGet(43)) - raft.server.rpc.timeout.max = 5200ms (custom)
2019-09-05 07:47:20,892 [pool-730-thread-1] INFO  server.RaftServerConfigKeys (ConfUtils.java:logGet(43)) - raft.server.rpcslowness.timeout = 120s (custom)
2019-09-05 07:47:20,893 [pool-741-thread-1] INFO  storage.RaftStorageDirectory (RaftStorageDirectory.java:analyzeStorage(246)) - The storage directory /workdir/hadoop-ozone/integration-test/target/test-dir/MiniOzoneClusterImpl-a7b65b7d-2f78-4bad-aae3-c6d6f5d380da/datanode-1/data/ratis/02120de9-c8f9-4931-95de-cb620def28f8 does not exist. Creating ...
2019-09-05 07:47:20,892 [pool-752-thread-1] INFO  server.RaftServerConfigKeys (ConfUtils.java:logGet(43)) - raft.server.rpcslowness.timeout = 120s (custom)
2019-09-05 07:47:20,893 [pool-730-thread-1] INFO  server.RaftServerConfigKeys (ConfUtils.java:logGet(43)) - raft.server.sleep.deviation.threshold = 300 (default)
2019-09-05 07:47:20,893 [pool-752-thread-1] INFO  server.RaftServerConfigKeys (ConfUtils.java:logGet(43)) - raft.server.sleep.deviation.threshold = 300 (default)
2019-09-05 07:47:20,893 [pool-730-thread-1] INFO  server.RaftServerConfigKeys (ConfUtils.java:logGet(43)) - raft.server.log.appender.install.snapshot.enabled = false (custom)
2019-09-05 07:47:20,893 [pool-752-thread-1] INFO  server.RaftServerConfigKeys (ConfUtils.java:logGet(43)) - raft.server.log.appender.install.snapshot.enabled = false (custom)
2019-09-05 07:47:20,893 [pool-730-thread-1] INFO  impl.RaftServerImpl (ServerState.java:<init>(105)) - cb859eed-419a-492b-9d90-62a140ca4152:group-CB620DEF28F8 ConfigurationManager, init=-1: [cb859eed-419a-492b-9d90-62a140ca4152:192.168.36.69:34107, 9498405f-0a9d-49d4-805a-bb615e968bfe:192.168.36.69:43708, dce6a79c-87ca-48bd-bf9f-990cc252ad10:192.168.36.69:41260], old=null, confs=<EMPTY_MAP>
2019-09-05 07:47:20,893 [pool-752-thread-1] INFO  impl.RaftServerImpl (ServerState.java:<init>(105)) - 9498405f-0a9d-49d4-805a-bb615e968bfe:group-CB620DEF28F8 ConfigurationManager, init=-1: [cb859eed-419a-492b-9d90-62a140ca4152:192.168.36.69:34107, 9498405f-0a9d-49d4-805a-bb615e968bfe:192.168.36.69:43708, dce6a79c-87ca-48bd-bf9f-990cc252ad10:192.168.36.69:41260], old=null, confs=<EMPTY_MAP>
2019-09-05 07:47:20,893 [pool-730-thread-1] INFO  server.RaftServerConfigKeys (ConfUtils.java:logGet(43)) - raft.server.storage.dir = [/workdir/hadoop-ozone/integration-test/target/test-dir/MiniOzoneClusterImpl-a7b65b7d-2f78-4bad-aae3-c6d6f5d380da/datanode-0/data/ratis] (custom)
2019-09-05 07:47:20,894 [pool-752-thread-1] INFO  server.RaftServerConfigKeys (ConfUtils.java:logGet(43)) - raft.server.storage.dir = [/workdir/hadoop-ozone/integration-test/target/test-dir/MiniOzoneClusterImpl-a7b65b7d-2f78-4bad-aae3-c6d6f5d380da/datanode-2/data/ratis] (custom)
2019-09-05 07:47:20,894 [pool-730-thread-1] INFO  storage.RaftStorageDirectory (RaftStorageDirectory.java:analyzeStorage(246)) - The storage directory /workdir/hadoop-ozone/integration-test/target/test-dir/MiniOzoneClusterImpl-a7b65b7d-2f78-4bad-aae3-c6d6f5d380da/datanode-0/data/ratis/02120de9-c8f9-4931-95de-cb620def28f8 does not exist. Creating ...
2019-09-05 07:47:20,894 [pool-752-thread-1] INFO  storage.RaftStorageDirectory (RaftStorageDirectory.java:analyzeStorage(246)) - The storage directory /workdir/hadoop-ozone/integration-test/target/test-dir/MiniOzoneClusterImpl-a7b65b7d-2f78-4bad-aae3-c6d6f5d380da/datanode-2/data/ratis/02120de9-c8f9-4931-95de-cb620def28f8 does not exist. Creating ...
2019-09-05 07:47:20,951 [pool-730-thread-1] INFO  storage.RaftStorageDirectory (RaftStorageDirectory.java:tryLock(328)) - Lock on /workdir/hadoop-ozone/integration-test/target/test-dir/MiniOzoneClusterImpl-a7b65b7d-2f78-4bad-aae3-c6d6f5d380da/datanode-0/data/ratis/02120de9-c8f9-4931-95de-cb620def28f8/in_use.lock acquired by nodename 22460@pr-hdds-1571-lfg7x-4139639749
2019-09-05 07:47:20,951 [pool-741-thread-1] INFO  storage.RaftStorageDirectory (RaftStorageDirectory.java:tryLock(328)) - Lock on /workdir/hadoop-ozone/integration-test/target/test-dir/MiniOzoneClusterImpl-a7b65b7d-2f78-4bad-aae3-c6d6f5d380da/datanode-1/data/ratis/02120de9-c8f9-4931-95de-cb620def28f8/in_use.lock acquired by nodename 22460@pr-hdds-1571-lfg7x-4139639749
2019-09-05 07:47:20,951 [pool-752-thread-1] INFO  storage.RaftStorageDirectory (RaftStorageDirectory.java:tryLock(328)) - Lock on /workdir/hadoop-ozone/integration-test/target/test-dir/MiniOzoneClusterImpl-a7b65b7d-2f78-4bad-aae3-c6d6f5d380da/datanode-2/data/ratis/02120de9-c8f9-4931-95de-cb620def28f8/in_use.lock acquired by nodename 22460@pr-hdds-1571-lfg7x-4139639749
2019-09-05 07:47:20,987 [pool-730-thread-1] INFO  storage.RaftStorage (RaftStorage.java:format(72)) - Storage directory /workdir/hadoop-ozone/integration-test/target/test-dir/MiniOzoneClusterImpl-a7b65b7d-2f78-4bad-aae3-c6d6f5d380da/datanode-0/data/ratis/02120de9-c8f9-4931-95de-cb620def28f8 has been successfully formatted.
2019-09-05 07:47:20,987 [pool-752-thread-1] INFO  storage.RaftStorage (RaftStorage.java:format(72)) - Storage directory /workdir/hadoop-ozone/integration-test/target/test-dir/MiniOzoneClusterImpl-a7b65b7d-2f78-4bad-aae3-c6d6f5d380da/datanode-2/data/ratis/02120de9-c8f9-4931-95de-cb620def28f8 has been successfully formatted.
2019-09-05 07:47:20,987 [pool-741-thread-1] INFO  storage.RaftStorage (RaftStorage.java:format(72)) - Storage directory /workdir/hadoop-ozone/integration-test/target/test-dir/MiniOzoneClusterImpl-a7b65b7d-2f78-4bad-aae3-c6d6f5d380da/datanode-1/data/ratis/02120de9-c8f9-4931-95de-cb620def28f8 has been successfully formatted.
2019-09-05 07:47:20,988 [pool-752-thread-1] INFO  ratis.ContainerStateMachine (ContainerStateMachine.java:loadSnapshot(226)) - group-CB620DEF28F8: The snapshot info is null. Setting the last applied indexto:(t:0, i:~)
2019-09-05 07:47:20,988 [pool-730-thread-1] INFO  ratis.ContainerStateMachine (ContainerStateMachine.java:loadSnapshot(226)) - group-CB620DEF28F8: The snapshot info is null. Setting the last applied indexto:(t:0, i:~)
2019-09-05 07:47:20,988 [pool-752-thread-1] INFO  server.RaftServerConfigKeys (ConfUtils.java:logGet(43)) - raft.server.leader.election.timeout = 120s (custom)
2019-09-05 07:47:20,989 [pool-752-thread-1] INFO  server.RaftServerConfigKeys (ConfUtils.java:logGet(43)) - raft.server.log.use.memory = false (default)
2019-09-05 07:47:20,988 [pool-741-thread-1] INFO  ratis.ContainerStateMachine (ContainerStateMachine.java:loadSnapshot(226)) - group-CB620DEF28F8: The snapshot info is null. Setting the last applied indexto:(t:0, i:~)
2019-09-05 07:47:20,989 [pool-752-thread-1] INFO  server.RaftServerConfigKeys (ConfUtils.java:logGet(43)) - raft.server.log.purge.gap = 1000000 (custom)
2019-09-05 07:47:20,988 [pool-730-thread-1] INFO  server.RaftServerConfigKeys (ConfUtils.java:logGet(43)) - raft.server.leader.election.timeout = 120s (custom)
2019-09-05 07:47:20,989 [pool-752-thread-1] INFO  server.RaftServerConfigKeys (ConfUtils.java:logGet(43)) - raft.server.log.appender.buffer.byte-limit = 33554432 (custom)
2019-09-05 07:47:20,989 [pool-741-thread-1] INFO  server.RaftServerConfigKeys (ConfUtils.java:logGet(43)) - raft.server.leader.election.timeout = 120s (custom)
2019-09-05 07:47:20,989 [pool-752-thread-1] INFO  server.RaftServerConfigKeys (ConfUtils.java:logGet(43)) - raft.server.log.segment.size.max = 1048576 (custom)
2019-09-05 07:47:20,989 [pool-730-thread-1] INFO  server.RaftServerConfigKeys (ConfUtils.java:logGet(43)) - raft.server.log.use.memory = false (default)
2019-09-05 07:47:20,990 [pool-752-thread-1] INFO  server.RaftServerConfigKeys (ConfUtils.java:logGet(43)) - raft.server.log.segment.cache.num.max = 2 (custom)
2019-09-05 07:47:20,990 [pool-741-thread-1] INFO  server.RaftServerConfigKeys (ConfUtils.java:logGet(43)) - raft.server.log.use.memory = false (default)
2019-09-05 07:47:20,990 [pool-752-thread-1] INFO  segmented.SegmentedRaftLogWorker (SegmentedRaftLogWorker.java:<init>(172)) - new 9498405f-0a9d-49d4-805a-bb615e968bfe-SegmentedRaftLogWorker:Storage Directory /workdir/hadoop-ozone/integration-test/target/test-dir/MiniOzoneClusterImpl-a7b65b7d-2f78-4bad-aae3-c6d6f5d380da/datanode-2/data/ratis/02120de9-c8f9-4931-95de-cb620def28f8 for RaftStorage:Storage Directory /workdir/hadoop-ozone/integration-test/target/test-dir/MiniOzoneClusterImpl-a7b65b7d-2f78-4bad-aae3-c6d6f5d380da/datanode-2/data/ratis/02120de9-c8f9-4931-95de-cb620def28f8
2019-09-05 07:47:20,990 [pool-730-thread-1] INFO  server.RaftServerConfigKeys (ConfUtils.java:logGet(43)) - raft.server.log.purge.gap = 1000000 (custom)
2019-09-05 07:47:20,990 [pool-752-thread-1] INFO  server.RaftServerConfigKeys (ConfUtils.java:logGet(43)) - raft.server.log.queue.byte-limit = 2147483647 (custom)
2019-09-05 07:47:20,991 [pool-752-thread-1] INFO  server.RaftServerConfigKeys (ConfUtils.java:logGet(43)) - raft.server.log.queue.element-limit = 1024 (custom)
2019-09-05 07:47:20,990 [pool-741-thread-1] INFO  server.RaftServerConfigKeys (ConfUtils.java:logGet(43)) - raft.server.log.purge.gap = 1000000 (custom)
2019-09-05 07:47:20,991 [pool-752-thread-1] INFO  server.RaftServerConfigKeys (ConfUtils.java:logGet(43)) - raft.server.log.segment.size.max = 1048576 (custom)
2019-09-05 07:47:20,990 [pool-730-thread-1] INFO  server.RaftServerConfigKeys (ConfUtils.java:logGet(43)) - raft.server.log.appender.buffer.byte-limit = 33554432 (custom)
2019-09-05 07:47:20,991 [pool-752-thread-1] INFO  server.RaftServerConfigKeys (ConfUtils.java:logGet(43)) - raft.server.log.preallocated.size = 16384 (custom)
2019-09-05 07:47:20,991 [pool-741-thread-1] INFO  server.RaftServerConfigKeys (ConfUtils.java:logGet(43)) - raft.server.log.appender.buffer.byte-limit = 33554432 (custom)
2019-09-05 07:47:20,991 [pool-752-thread-1] INFO  server.RaftServerConfigKeys (ConfUtils.java:logGet(43)) - raft.server.log.write.buffer.size = 33554432 (custom)
2019-09-05 07:47:20,991 [pool-730-thread-1] INFO  server.RaftServerConfigKeys (ConfUtils.java:logGet(43)) - raft.server.log.segment.size.max = 1048576 (custom)
2019-09-05 07:47:20,992 [pool-752-thread-1] INFO  server.RaftServerConfigKeys (ConfUtils.java:logGet(43)) - raft.server.log.force.sync.num = 128 (default)
2019-09-05 07:47:20,992 [pool-741-thread-1] INFO  server.RaftServerConfigKeys (ConfUtils.java:logGet(43)) - raft.server.log.segment.size.max = 1048576 (custom)
2019-09-05 07:47:20,992 [pool-752-thread-1] INFO  server.RaftServerConfigKeys (ConfUtils.java:logGet(43)) - raft.server.log.statemachine.data.sync = true (default)
2019-09-05 07:47:20,992 [pool-730-thread-1] INFO  server.RaftServerConfigKeys (ConfUtils.java:logGet(43)) - raft.server.log.segment.cache.num.max = 2 (custom)
2019-09-05 07:47:20,992 [pool-752-thread-1] INFO  server.RaftServerConfigKeys (ConfUtils.java:logGet(43)) - raft.server.log.statemachine.data.sync.timeout = 10s (default)
2019-09-05 07:47:20,992 [pool-741-thread-1] INFO  server.RaftServerConfigKeys (ConfUtils.java:logGet(43)) - raft.server.log.segment.cache.num.max = 2 (custom)
2019-09-05 07:47:20,993 [pool-752-thread-1] INFO  server.RaftServerConfigKeys (ConfUtils.java:logGet(43)) - raft.server.log.statemachine.data.sync.timeout.retry = -1 (default)
2019-09-05 07:47:20,993 [pool-730-thread-1] INFO  segmented.SegmentedRaftLogWorker (SegmentedRaftLogWorker.java:<init>(172)) - new cb859eed-419a-492b-9d90-62a140ca4152-SegmentedRaftLogWorker:Storage Directory /workdir/hadoop-ozone/integration-test/target/test-dir/MiniOzoneClusterImpl-a7b65b7d-2f78-4bad-aae3-c6d6f5d380da/datanode-0/data/ratis/02120de9-c8f9-4931-95de-cb620def28f8 for RaftStorage:Storage Directory /workdir/hadoop-ozone/integration-test/target/test-dir/MiniOzoneClusterImpl-a7b65b7d-2f78-4bad-aae3-c6d6f5d380da/datanode-0/data/ratis/02120de9-c8f9-4931-95de-cb620def28f8
2019-09-05 07:47:20,993 [pool-752-thread-1] INFO  server.RaftServerConfigKeys (ConfUtils.java:logGet(43)) - raft.server.log.statemachine.data.caching.enabled = true (custom)
2019-09-05 07:47:20,993 [pool-741-thread-1] INFO  segmented.SegmentedRaftLogWorker (SegmentedRaftLogWorker.java:<init>(172)) - new dce6a79c-87ca-48bd-bf9f-990cc252ad10-SegmentedRaftLogWorker:Storage Directory /workdir/hadoop-ozone/integration-test/target/test-dir/MiniOzoneClusterImpl-a7b65b7d-2f78-4bad-aae3-c6d6f5d380da/datanode-1/data/ratis/02120de9-c8f9-4931-95de-cb620def28f8 for RaftStorage:Storage Directory /workdir/hadoop-ozone/integration-test/target/test-dir/MiniOzoneClusterImpl-a7b65b7d-2f78-4bad-aae3-c6d6f5d380da/datanode-1/data/ratis/02120de9-c8f9-4931-95de-cb620def28f8
2019-09-05 07:47:20,993 [pool-730-thread-1] INFO  server.RaftServerConfigKeys (ConfUtils.java:logGet(43)) - raft.server.log.queue.byte-limit = 2147483647 (custom)
2019-09-05 07:47:20,993 [pool-752-thread-1] INFO  segmented.SegmentedRaftLogWorker (SegmentedRaftLogWorker.java:lambda$new$0(132)) - 9498405f-0a9d-49d4-805a-bb615e968bfe-SegmentedRaftLogWorker:Storage Directory /workdir/hadoop-ozone/integration-test/target/test-dir/MiniOzoneClusterImpl-a7b65b7d-2f78-4bad-aae3-c6d6f5d380da/datanode-2/data/ratis/02120de9-c8f9-4931-95de-cb620def28f8: flushIndex: setUnconditionally 0 -> -1
2019-09-05 07:47:20,993 [pool-741-thread-1] INFO  server.RaftServerConfigKeys (ConfUtils.java:logGet(43)) - raft.server.log.queue.byte-limit = 2147483647 (custom)
2019-09-05 07:47:20,994 [pool-730-thread-1] INFO  server.RaftServerConfigKeys (ConfUtils.java:logGet(43)) - raft.server.log.queue.element-limit = 1024 (custom)
2019-09-05 07:47:20,994 [pool-752-thread-1] INFO  server.RaftServerConfigKeys (ConfUtils.java:logGet(43)) - raft.server.snapshot.auto.trigger.enabled = true (custom)
2019-09-05 07:47:20,994 [pool-741-thread-1] INFO  server.RaftServerConfigKeys (ConfUtils.java:logGet(43)) - raft.server.log.queue.element-limit = 1024 (custom)
2019-09-05 07:47:20,994 [pool-752-thread-1] INFO  server.RaftServerConfigKeys (ConfUtils.java:logGet(43)) - raft.server.snapshot.auto.trigger.threshold = 10000 (custom)
2019-09-05 07:47:20,994 [pool-730-thread-1] INFO  server.RaftServerConfigKeys (ConfUtils.java:logGet(43)) - raft.server.log.segment.size.max = 1048576 (custom)
2019-09-05 07:47:20,995 [pool-752-thread-1] INFO  server.RaftServerConfigKeys (ConfUtils.java:logGet(43)) - raft.server.retrycache.expirytime = 600000ms (custom)
2019-09-05 07:47:20,994 [pool-741-thread-1] INFO  server.RaftServerConfigKeys (ConfUtils.java:logGet(43)) - raft.server.log.segment.size.max = 1048576 (custom)
2019-09-05 07:47:20,995 [pool-752-thread-1] INFO  impl.RaftServerImpl (RaftServerImpl.java:start(180)) - 9498405f-0a9d-49d4-805a-bb615e968bfe: start group-CB620DEF28F8
2019-09-05 07:47:20,995 [pool-752-thread-1] INFO  impl.RaftServerImpl (RaftServerImpl.java:setRole(171)) - 9498405f-0a9d-49d4-805a-bb615e968bfe:group-CB620DEF28F8 changes role from null to FOLLOWER at term 0 for startAsFollower
2019-09-05 07:47:20,995 [pool-730-thread-1] INFO  server.RaftServerConfigKeys (ConfUtils.java:logGet(43)) - raft.server.log.preallocated.size = 16384 (custom)
2019-09-05 07:47:20,995 [pool-752-thread-1] INFO  impl.RoleInfo (RoleInfo.java:updateAndGet(143)) - 9498405f-0a9d-49d4-805a-bb615e968bfe: start FollowerState
2019-09-05 07:47:20,995 [pool-741-thread-1] INFO  server.RaftServerConfigKeys (ConfUtils.java:logGet(43)) - raft.server.log.preallocated.size = 16384 (custom)
2019-09-05 07:47:20,995 [pool-730-thread-1] INFO  server.RaftServerConfigKeys (ConfUtils.java:logGet(43)) - raft.server.log.write.buffer.size = 33554432 (custom)
2019-09-05 07:47:20,996 [pool-752-thread-1] INFO  util.JmxRegister (JmxRegister.java:tryRegister(44)) - Successfully registered JMX Bean with object name Ratis:service=RaftServer,group=group-CB620DEF28F8,id=9498405f-0a9d-49d4-805a-bb615e968bfe
2019-09-05 07:47:20,996 [pool-741-thread-1] INFO  server.RaftServerConfigKeys (ConfUtils.java:logGet(43)) - raft.server.log.write.buffer.size = 33554432 (custom)
2019-09-05 07:47:20,996 [pool-730-thread-1] INFO  server.RaftServerConfigKeys (ConfUtils.java:logGet(43)) - raft.server.log.force.sync.num = 128 (default)
2019-09-05 07:47:20,996 [pool-741-thread-1] INFO  server.RaftServerConfigKeys (ConfUtils.java:logGet(43)) - raft.server.log.force.sync.num = 128 (default)
2019-09-05 07:47:20,996 [pool-730-thread-1] INFO  server.RaftServerConfigKeys (ConfUtils.java:logGet(43)) - raft.server.log.statemachine.data.sync = true (default)
2019-09-05 07:47:20,996 [pool-741-thread-1] INFO  server.RaftServerConfigKeys (ConfUtils.java:logGet(43)) - raft.server.log.statemachine.data.sync = true (default)
2019-09-05 07:47:20,997 [pool-730-thread-1] INFO  server.RaftServerConfigKeys (ConfUtils.java:logGet(43)) - raft.server.log.statemachine.data.sync.timeout = 10s (default)
2019-09-05 07:47:20,997 [pool-741-thread-1] INFO  server.RaftServerConfigKeys (ConfUtils.java:logGet(43)) - raft.server.log.statemachine.data.sync.timeout = 10s (default)
2019-09-05 07:47:20,997 [pool-730-thread-1] INFO  server.RaftServerConfigKeys (ConfUtils.java:logGet(43)) - raft.server.log.statemachine.data.sync.timeout.retry = -1 (default)
2019-09-05 07:47:20,997 [pool-741-thread-1] INFO  server.RaftServerConfigKeys (ConfUtils.java:logGet(43)) - raft.server.log.statemachine.data.sync.timeout.retry = -1 (default)
2019-09-05 07:47:20,997 [pool-730-thread-1] INFO  server.RaftServerConfigKeys (ConfUtils.java:logGet(43)) - raft.server.log.statemachine.data.caching.enabled = true (custom)
2019-09-05 07:47:20,997 [pool-741-thread-1] INFO  server.RaftServerConfigKeys (ConfUtils.java:logGet(43)) - raft.server.log.statemachine.data.caching.enabled = true (custom)
2019-09-05 07:47:20,998 [pool-730-thread-1] INFO  segmented.SegmentedRaftLogWorker (SegmentedRaftLogWorker.java:lambda$new$0(132)) - cb859eed-419a-492b-9d90-62a140ca4152-SegmentedRaftLogWorker:Storage Directory /workdir/hadoop-ozone/integration-test/target/test-dir/MiniOzoneClusterImpl-a7b65b7d-2f78-4bad-aae3-c6d6f5d380da/datanode-0/data/ratis/02120de9-c8f9-4931-95de-cb620def28f8: flushIndex: setUnconditionally 0 -> -1
2019-09-05 07:47:20,998 [pool-741-thread-1] INFO  segmented.SegmentedRaftLogWorker (SegmentedRaftLogWorker.java:lambda$new$0(132)) - dce6a79c-87ca-48bd-bf9f-990cc252ad10-SegmentedRaftLogWorker:Storage Directory /workdir/hadoop-ozone/integration-test/target/test-dir/MiniOzoneClusterImpl-a7b65b7d-2f78-4bad-aae3-c6d6f5d380da/datanode-1/data/ratis/02120de9-c8f9-4931-95de-cb620def28f8: flushIndex: setUnconditionally 0 -> -1
2019-09-05 07:47:20,998 [pool-730-thread-1] INFO  server.RaftServerConfigKeys (ConfUtils.java:logGet(43)) - raft.server.snapshot.auto.trigger.enabled = true (custom)
2019-09-05 07:47:20,998 [pool-741-thread-1] INFO  server.RaftServerConfigKeys (ConfUtils.java:logGet(43)) - raft.server.snapshot.auto.trigger.enabled = true (custom)
2019-09-05 07:47:20,998 [pool-730-thread-1] INFO  server.RaftServerConfigKeys (ConfUtils.java:logGet(43)) - raft.server.snapshot.auto.trigger.threshold = 10000 (custom)
2019-09-05 07:47:20,998 [pool-741-thread-1] INFO  server.RaftServerConfigKeys (ConfUtils.java:logGet(43)) - raft.server.snapshot.auto.trigger.threshold = 10000 (custom)
2019-09-05 07:47:20,998 [pool-730-thread-1] INFO  server.RaftServerConfigKeys (ConfUtils.java:logGet(43)) - raft.server.retrycache.expirytime = 600000ms (custom)
2019-09-05 07:47:20,999 [pool-741-thread-1] INFO  server.RaftServerConfigKeys (ConfUtils.java:logGet(43)) - raft.server.retrycache.expirytime = 600000ms (custom)
2019-09-05 07:47:20,999 [pool-730-thread-1] INFO  impl.RaftServerImpl (RaftServerImpl.java:start(180)) - cb859eed-419a-492b-9d90-62a140ca4152: start group-CB620DEF28F8
2019-09-05 07:47:20,999 [pool-741-thread-1] INFO  impl.RaftServerImpl (RaftServerImpl.java:start(180)) - dce6a79c-87ca-48bd-bf9f-990cc252ad10: start group-CB620DEF28F8
2019-09-05 07:47:20,999 [pool-730-thread-1] INFO  impl.RaftServerImpl (RaftServerImpl.java:setRole(171)) - cb859eed-419a-492b-9d90-62a140ca4152:group-CB620DEF28F8 changes role from null to FOLLOWER at term 0 for startAsFollower
2019-09-05 07:47:20,999 [pool-741-thread-1] INFO  impl.RaftServerImpl (RaftServerImpl.java:setRole(171)) - dce6a79c-87ca-48bd-bf9f-990cc252ad10:group-CB620DEF28F8 changes role from null to FOLLOWER at term 0 for startAsFollower
2019-09-05 07:47:20,999 [pool-730-thread-1] INFO  impl.RoleInfo (RoleInfo.java:updateAndGet(143)) - cb859eed-419a-492b-9d90-62a140ca4152: start FollowerState
2019-09-05 07:47:20,999 [pool-741-thread-1] INFO  impl.RoleInfo (RoleInfo.java:updateAndGet(143)) - dce6a79c-87ca-48bd-bf9f-990cc252ad10: start FollowerState
2019-09-05 07:47:21,000 [pool-730-thread-1] INFO  util.JmxRegister (JmxRegister.java:tryRegister(44)) - Successfully registered JMX Bean with object name Ratis:service=RaftServer,group=group-CB620DEF28F8,id=cb859eed-419a-492b-9d90-62a140ca4152
2019-09-05 07:47:21,000 [pool-741-thread-1] INFO  util.JmxRegister (JmxRegister.java:tryRegister(44)) - Successfully registered JMX Bean with object name Ratis:service=RaftServer,group=group-CB620DEF28F8,id=dce6a79c-87ca-48bd-bf9f-990cc252ad10
2019-09-05 07:47:21,003 [RatisPipelineUtilsThread] INFO  pipeline.PipelineStateManager (PipelineStateManager.java:addPipeline(56)) - Created pipeline Pipeline[ Id: 02120de9-c8f9-4931-95de-cb620def28f8, Nodes: cb859eed-419a-492b-9d90-62a140ca4152{ip: 192.168.36.69, host: pr-hdds-1571-lfg7x-4139639749, networkLocation: /default-rack, certSerialId: null}dce6a79c-87ca-48bd-bf9f-990cc252ad10{ip: 192.168.36.69, host: pr-hdds-1571-lfg7x-4139639749, networkLocation: /default-rack, certSerialId: null}9498405f-0a9d-49d4-805a-bb615e968bfe{ip: 192.168.36.69, host: pr-hdds-1571-lfg7x-4139639749, networkLocation: /default-rack, certSerialId: null}, Type:RATIS, Factor:THREE, State:OPEN]
2019-09-05 07:47:21,012 [IPC Server handler 4 on 39700] INFO  net.NetworkTopology (NetworkTopologyImpl.java:add(110)) - Added a new node: /default-rack/6d8a3bc5-9c47-4ffc-a54e-68d957b6d223
2019-09-05 07:47:21,012 [IPC Server handler 4 on 39700] INFO  node.SCMNodeManager (SCMNodeManager.java:register(273)) - Registered Data node : 6d8a3bc5-9c47-4ffc-a54e-68d957b6d223{ip: 192.168.36.69, host: pr-hdds-1571-lfg7x-4139639749, networkLocation: /default-rack, certSerialId: null}
2019-09-05 07:47:21,012 | INFO  | SCMAudit | user=jenkins1000 | ip=192.168.36.69 | op=REGISTER {datanodeDetails=6d8a3bc5-9c47-4ffc-a54e-68d957b6d223{ip: 192.168.36.69, host: pr-hdds-1571-lfg7x-4139639749, networkLocation: /default-rack, certSerialId: null}} | ret=SUCCESS |  
2019-09-05 07:47:21,019 [grpc-default-executor-12] INFO  impl.RaftServerProxy (RaftServerProxy.java:addNew(89)) - 6d8a3bc5-9c47-4ffc-a54e-68d957b6d223: addNew group-B237CFA25109:[6d8a3bc5-9c47-4ffc-a54e-68d957b6d223:192.168.36.69:33364] returns group-B237CFA25109:java.util.concurrent.CompletableFuture@5eb2ac0b[Not completed]
2019-09-05 07:47:21,020 [pool-763-thread-1] INFO  impl.RaftServerImpl (RaftServerImpl.java:<init>(93)) - 6d8a3bc5-9c47-4ffc-a54e-68d957b6d223: new RaftServerImpl for group-B237CFA25109:[6d8a3bc5-9c47-4ffc-a54e-68d957b6d223:192.168.36.69:33364] with ContainerStateMachine:uninitialized
2019-09-05 07:47:21,020 [pool-763-thread-1] INFO  server.RaftServerConfigKeys (ConfUtils.java:logGet(43)) - raft.server.rpc.timeout.min = 5s (custom)
2019-09-05 07:47:21,021 [pool-763-thread-1] INFO  server.RaftServerConfigKeys (ConfUtils.java:logGet(43)) - raft.server.rpc.timeout.max = 5200ms (custom)
2019-09-05 07:47:21,021 [pool-763-thread-1] INFO  server.RaftServerConfigKeys (ConfUtils.java:logGet(43)) - raft.server.rpcslowness.timeout = 120s (custom)
2019-09-05 07:47:21,021 [pool-763-thread-1] INFO  server.RaftServerConfigKeys (ConfUtils.java:logGet(43)) - raft.server.sleep.deviation.threshold = 300 (default)
2019-09-05 07:47:21,021 [pool-763-thread-1] INFO  server.RaftServerConfigKeys (ConfUtils.java:logGet(43)) - raft.server.log.appender.install.snapshot.enabled = false (custom)
2019-09-05 07:47:21,021 [pool-763-thread-1] INFO  impl.RaftServerImpl (ServerState.java:<init>(105)) - 6d8a3bc5-9c47-4ffc-a54e-68d957b6d223:group-B237CFA25109 ConfigurationManager, init=-1: [6d8a3bc5-9c47-4ffc-a54e-68d957b6d223:192.168.36.69:33364], old=null, confs=<EMPTY_MAP>
2019-09-05 07:47:21,021 [pool-763-thread-1] INFO  server.RaftServerConfigKeys (ConfUtils.java:logGet(43)) - raft.server.storage.dir = [/workdir/hadoop-ozone/integration-test/target/test-dir/MiniOzoneClusterImpl-a7b65b7d-2f78-4bad-aae3-c6d6f5d380da/datanode-3/data/ratis] (custom)
2019-09-05 07:47:21,021 [pool-763-thread-1] INFO  storage.RaftStorageDirectory (RaftStorageDirectory.java:analyzeStorage(246)) - The storage directory /workdir/hadoop-ozone/integration-test/target/test-dir/MiniOzoneClusterImpl-a7b65b7d-2f78-4bad-aae3-c6d6f5d380da/datanode-3/data/ratis/85a2eacd-805d-4c49-a42d-b237cfa25109 does not exist. Creating ...
2019-09-05 07:47:21,027 [pool-763-thread-1] INFO  storage.RaftStorageDirectory (RaftStorageDirectory.java:tryLock(328)) - Lock on /workdir/hadoop-ozone/integration-test/target/test-dir/MiniOzoneClusterImpl-a7b65b7d-2f78-4bad-aae3-c6d6f5d380da/datanode-3/data/ratis/85a2eacd-805d-4c49-a42d-b237cfa25109/in_use.lock acquired by nodename 22460@pr-hdds-1571-lfg7x-4139639749
2019-09-05 07:47:21,039 [pool-763-thread-1] INFO  storage.RaftStorage (RaftStorage.java:format(72)) - Storage directory /workdir/hadoop-ozone/integration-test/target/test-dir/MiniOzoneClusterImpl-a7b65b7d-2f78-4bad-aae3-c6d6f5d380da/datanode-3/data/ratis/85a2eacd-805d-4c49-a42d-b237cfa25109 has been successfully formatted.
2019-09-05 07:47:21,040 [pool-763-thread-1] INFO  ratis.ContainerStateMachine (ContainerStateMachine.java:loadSnapshot(226)) - group-B237CFA25109: The snapshot info is null. Setting the last applied indexto:(t:0, i:~)
2019-09-05 07:47:21,040 [pool-763-thread-1] INFO  server.RaftServerConfigKeys (ConfUtils.java:logGet(43)) - raft.server.leader.election.timeout = 120s (custom)
2019-09-05 07:47:21,040 [pool-763-thread-1] INFO  server.RaftServerConfigKeys (ConfUtils.java:logGet(43)) - raft.server.log.use.memory = false (default)
2019-09-05 07:47:21,040 [pool-763-thread-1] INFO  server.RaftServerConfigKeys (ConfUtils.java:logGet(43)) - raft.server.log.purge.gap = 1000000 (custom)
2019-09-05 07:47:21,040 [pool-763-thread-1] INFO  server.RaftServerConfigKeys (ConfUtils.java:logGet(43)) - raft.server.log.appender.buffer.byte-limit = 33554432 (custom)
2019-09-05 07:47:21,040 [pool-763-thread-1] INFO  server.RaftServerConfigKeys (ConfUtils.java:logGet(43)) - raft.server.log.segment.size.max = 1048576 (custom)
2019-09-05 07:47:21,040 [pool-763-thread-1] INFO  server.RaftServerConfigKeys (ConfUtils.java:logGet(43)) - raft.server.log.segment.cache.num.max = 2 (custom)
2019-09-05 07:47:21,041 [pool-763-thread-1] INFO  segmented.SegmentedRaftLogWorker (SegmentedRaftLogWorker.java:<init>(172)) - new 6d8a3bc5-9c47-4ffc-a54e-68d957b6d223-SegmentedRaftLogWorker:Storage Directory /workdir/hadoop-ozone/integration-test/target/test-dir/MiniOzoneClusterImpl-a7b65b7d-2f78-4bad-aae3-c6d6f5d380da/datanode-3/data/ratis/85a2eacd-805d-4c49-a42d-b237cfa25109 for RaftStorage:Storage Directory /workdir/hadoop-ozone/integration-test/target/test-dir/MiniOzoneClusterImpl-a7b65b7d-2f78-4bad-aae3-c6d6f5d380da/datanode-3/data/ratis/85a2eacd-805d-4c49-a42d-b237cfa25109
2019-09-05 07:47:21,041 [pool-763-thread-1] INFO  server.RaftServerConfigKeys (ConfUtils.java:logGet(43)) - raft.server.log.queue.byte-limit = 2147483647 (custom)
2019-09-05 07:47:21,041 [pool-763-thread-1] INFO  server.RaftServerConfigKeys (ConfUtils.java:logGet(43)) - raft.server.log.queue.element-limit = 1024 (custom)
2019-09-05 07:47:21,041 [pool-763-thread-1] INFO  server.RaftServerConfigKeys (ConfUtils.java:logGet(43)) - raft.server.log.segment.size.max = 1048576 (custom)
2019-09-05 07:47:21,041 [pool-763-thread-1] INFO  server.RaftServerConfigKeys (ConfUtils.java:logGet(43)) - raft.server.log.preallocated.size = 16384 (custom)
2019-09-05 07:47:21,041 [pool-763-thread-1] INFO  server.RaftServerConfigKeys (ConfUtils.java:logGet(43)) - raft.server.log.write.buffer.size = 33554432 (custom)
2019-09-05 07:47:21,041 [pool-763-thread-1] INFO  server.RaftServerConfigKeys (ConfUtils.java:logGet(43)) - raft.server.log.force.sync.num = 128 (default)
2019-09-05 07:47:21,041 [pool-763-thread-1] INFO  server.RaftServerConfigKeys (ConfUtils.java:logGet(43)) - raft.server.log.statemachine.data.sync = true (default)
2019-09-05 07:47:21,042 [pool-763-thread-1] INFO  server.RaftServerConfigKeys (ConfUtils.java:logGet(43)) - raft.server.log.statemachine.data.sync.timeout = 10s (default)
2019-09-05 07:47:21,042 [pool-763-thread-1] INFO  server.RaftServerConfigKeys (ConfUtils.java:logGet(43)) - raft.server.log.statemachine.data.sync.timeout.retry = -1 (default)
2019-09-05 07:47:21,042 [pool-763-thread-1] INFO  server.RaftServerConfigKeys (ConfUtils.java:logGet(43)) - raft.server.log.statemachine.data.caching.enabled = true (custom)
2019-09-05 07:47:21,042 [pool-763-thread-1] INFO  segmented.SegmentedRaftLogWorker (SegmentedRaftLogWorker.java:lambda$new$0(132)) - 6d8a3bc5-9c47-4ffc-a54e-68d957b6d223-SegmentedRaftLogWorker:Storage Directory /workdir/hadoop-ozone/integration-test/target/test-dir/MiniOzoneClusterImpl-a7b65b7d-2f78-4bad-aae3-c6d6f5d380da/datanode-3/data/ratis/85a2eacd-805d-4c49-a42d-b237cfa25109: flushIndex: setUnconditionally 0 -> -1
2019-09-05 07:47:21,043 [pool-763-thread-1] INFO  server.RaftServerConfigKeys (ConfUtils.java:logGet(43)) - raft.server.snapshot.auto.trigger.enabled = true (custom)
2019-09-05 07:47:21,043 [pool-763-thread-1] INFO  server.RaftServerConfigKeys (ConfUtils.java:logGet(43)) - raft.server.snapshot.auto.trigger.threshold = 10000 (custom)
2019-09-05 07:47:21,043 [pool-763-thread-1] INFO  server.RaftServerConfigKeys (ConfUtils.java:logGet(43)) - raft.server.retrycache.expirytime = 600000ms (custom)
2019-09-05 07:47:21,043 [pool-763-thread-1] INFO  impl.RaftServerImpl (RaftServerImpl.java:start(180)) - 6d8a3bc5-9c47-4ffc-a54e-68d957b6d223: start group-B237CFA25109
2019-09-05 07:47:21,043 [pool-763-thread-1] INFO  impl.RaftServerImpl (RaftServerImpl.java:setRole(171)) - 6d8a3bc5-9c47-4ffc-a54e-68d957b6d223:group-B237CFA25109 changes role from null to FOLLOWER at term 0 for startAsFollower
2019-09-05 07:47:21,043 [pool-763-thread-1] INFO  impl.RoleInfo (RoleInfo.java:updateAndGet(143)) - 6d8a3bc5-9c47-4ffc-a54e-68d957b6d223: start FollowerState
2019-09-05 07:47:21,043 [pool-763-thread-1] INFO  util.JmxRegister (JmxRegister.java:tryRegister(44)) - Successfully registered JMX Bean with object name Ratis:service=RaftServer,group=group-B237CFA25109,id=6d8a3bc5-9c47-4ffc-a54e-68d957b6d223
2019-09-05 07:47:21,046 [RatisPipelineUtilsThread] INFO  pipeline.PipelineStateManager (PipelineStateManager.java:addPipeline(56)) - Created pipeline Pipeline[ Id: 85a2eacd-805d-4c49-a42d-b237cfa25109, Nodes: 6d8a3bc5-9c47-4ffc-a54e-68d957b6d223{ip: 192.168.36.69, host: pr-hdds-1571-lfg7x-4139639749, networkLocation: /default-rack, certSerialId: null}, Type:RATIS, Factor:ONE, State:OPEN]
2019-09-05 07:47:21,210 [IPC Server handler 1 on 39700] INFO  net.NetworkTopology (NetworkTopologyImpl.java:add(110)) - Added a new node: /default-rack/52e1b467-e57b-4fcf-a518-bc87fcf908db
2019-09-05 07:47:21,210 [IPC Server handler 1 on 39700] INFO  node.SCMNodeManager (SCMNodeManager.java:register(273)) - Registered Data node : 52e1b467-e57b-4fcf-a518-bc87fcf908db{ip: 192.168.36.69, host: pr-hdds-1571-lfg7x-4139639749, networkLocation: /default-rack, certSerialId: null}
2019-09-05 07:47:21,210 | INFO  | SCMAudit | user=jenkins1000 | ip=192.168.36.69 | op=REGISTER {datanodeDetails=52e1b467-e57b-4fcf-a518-bc87fcf908db{ip: 192.168.36.69, host: pr-hdds-1571-lfg7x-4139639749, networkLocation: /default-rack, certSerialId: null}} | ret=SUCCESS |  
2019-09-05 07:47:21,219 [grpc-default-executor-12] INFO  impl.RaftServerProxy (RaftServerProxy.java:addNew(89)) - 52e1b467-e57b-4fcf-a518-bc87fcf908db: addNew group-FF39A74F7941:[52e1b467-e57b-4fcf-a518-bc87fcf908db:192.168.36.69:45469] returns group-FF39A74F7941:java.util.concurrent.CompletableFuture@4d37202b[Not completed]
2019-09-05 07:47:21,220 [pool-774-thread-1] INFO  impl.RaftServerImpl (RaftServerImpl.java:<init>(93)) - 52e1b467-e57b-4fcf-a518-bc87fcf908db: new RaftServerImpl for group-FF39A74F7941:[52e1b467-e57b-4fcf-a518-bc87fcf908db:192.168.36.69:45469] with ContainerStateMachine:uninitialized
2019-09-05 07:47:21,221 [pool-774-thread-1] INFO  server.RaftServerConfigKeys (ConfUtils.java:logGet(43)) - raft.server.rpc.timeout.min = 5s (custom)
2019-09-05 07:47:21,221 [pool-774-thread-1] INFO  server.RaftServerConfigKeys (ConfUtils.java:logGet(43)) - raft.server.rpc.timeout.max = 5200ms (custom)
2019-09-05 07:47:21,221 [pool-774-thread-1] INFO  server.RaftServerConfigKeys (ConfUtils.java:logGet(43)) - raft.server.rpcslowness.timeout = 120s (custom)
2019-09-05 07:47:21,221 [pool-774-thread-1] INFO  server.RaftServerConfigKeys (ConfUtils.java:logGet(43)) - raft.server.sleep.deviation.threshold = 300 (default)
2019-09-05 07:47:21,221 [pool-774-thread-1] INFO  server.RaftServerConfigKeys (ConfUtils.java:logGet(43)) - raft.server.log.appender.install.snapshot.enabled = false (custom)
2019-09-05 07:47:21,221 [pool-774-thread-1] INFO  impl.RaftServerImpl (ServerState.java:<init>(105)) - 52e1b467-e57b-4fcf-a518-bc87fcf908db:group-FF39A74F7941 ConfigurationManager, init=-1: [52e1b467-e57b-4fcf-a518-bc87fcf908db:192.168.36.69:45469], old=null, confs=<EMPTY_MAP>
2019-09-05 07:47:21,222 [pool-774-thread-1] INFO  server.RaftServerConfigKeys (ConfUtils.java:logGet(43)) - raft.server.storage.dir = [/workdir/hadoop-ozone/integration-test/target/test-dir/MiniOzoneClusterImpl-a7b65b7d-2f78-4bad-aae3-c6d6f5d380da/datanode-4/data/ratis] (custom)
2019-09-05 07:47:21,222 [pool-774-thread-1] INFO  storage.RaftStorageDirectory (RaftStorageDirectory.java:analyzeStorage(246)) - The storage directory /workdir/hadoop-ozone/integration-test/target/test-dir/MiniOzoneClusterImpl-a7b65b7d-2f78-4bad-aae3-c6d6f5d380da/datanode-4/data/ratis/fa5bbc4c-81bd-4b61-b2e1-ff39a74f7941 does not exist. Creating ...
2019-09-05 07:47:21,240 [pool-774-thread-1] INFO  storage.RaftStorageDirectory (RaftStorageDirectory.java:tryLock(328)) - Lock on /workdir/hadoop-ozone/integration-test/target/test-dir/MiniOzoneClusterImpl-a7b65b7d-2f78-4bad-aae3-c6d6f5d380da/datanode-4/data/ratis/fa5bbc4c-81bd-4b61-b2e1-ff39a74f7941/in_use.lock acquired by nodename 22460@pr-hdds-1571-lfg7x-4139639749
2019-09-05 07:47:21,264 [pool-774-thread-1] INFO  storage.RaftStorage (RaftStorage.java:format(72)) - Storage directory /workdir/hadoop-ozone/integration-test/target/test-dir/MiniOzoneClusterImpl-a7b65b7d-2f78-4bad-aae3-c6d6f5d380da/datanode-4/data/ratis/fa5bbc4c-81bd-4b61-b2e1-ff39a74f7941 has been successfully formatted.
2019-09-05 07:47:21,264 [pool-774-thread-1] INFO  ratis.ContainerStateMachine (ContainerStateMachine.java:loadSnapshot(226)) - group-FF39A74F7941: The snapshot info is null. Setting the last applied indexto:(t:0, i:~)
2019-09-05 07:47:21,265 [pool-774-thread-1] INFO  server.RaftServerConfigKeys (ConfUtils.java:logGet(43)) - raft.server.leader.election.timeout = 120s (custom)
2019-09-05 07:47:21,265 [pool-774-thread-1] INFO  server.RaftServerConfigKeys (ConfUtils.java:logGet(43)) - raft.server.log.use.memory = false (default)
2019-09-05 07:47:21,265 [pool-774-thread-1] INFO  server.RaftServerConfigKeys (ConfUtils.java:logGet(43)) - raft.server.log.purge.gap = 1000000 (custom)
2019-09-05 07:47:21,265 [pool-774-thread-1] INFO  server.RaftServerConfigKeys (ConfUtils.java:logGet(43)) - raft.server.log.appender.buffer.byte-limit = 33554432 (custom)
2019-09-05 07:47:21,265 [pool-774-thread-1] INFO  server.RaftServerConfigKeys (ConfUtils.java:logGet(43)) - raft.server.log.segment.size.max = 1048576 (custom)
2019-09-05 07:47:21,265 [pool-774-thread-1] INFO  server.RaftServerConfigKeys (ConfUtils.java:logGet(43)) - raft.server.log.segment.cache.num.max = 2 (custom)
2019-09-05 07:47:21,265 [pool-774-thread-1] INFO  segmented.SegmentedRaftLogWorker (SegmentedRaftLogWorker.java:<init>(172)) - new 52e1b467-e57b-4fcf-a518-bc87fcf908db-SegmentedRaftLogWorker:Storage Directory /workdir/hadoop-ozone/integration-test/target/test-dir/MiniOzoneClusterImpl-a7b65b7d-2f78-4bad-aae3-c6d6f5d380da/datanode-4/data/ratis/fa5bbc4c-81bd-4b61-b2e1-ff39a74f7941 for RaftStorage:Storage Directory /workdir/hadoop-ozone/integration-test/target/test-dir/MiniOzoneClusterImpl-a7b65b7d-2f78-4bad-aae3-c6d6f5d380da/datanode-4/data/ratis/fa5bbc4c-81bd-4b61-b2e1-ff39a74f7941
2019-09-05 07:47:21,266 [pool-774-thread-1] INFO  server.RaftServerConfigKeys (ConfUtils.java:logGet(43)) - raft.server.log.queue.byte-limit = 2147483647 (custom)
2019-09-05 07:47:21,266 [pool-774-thread-1] INFO  server.RaftServerConfigKeys (ConfUtils.java:logGet(43)) - raft.server.log.queue.element-limit = 1024 (custom)
2019-09-05 07:47:21,266 [pool-774-thread-1] INFO  server.RaftServerConfigKeys (ConfUtils.java:logGet(43)) - raft.server.log.segment.size.max = 1048576 (custom)
2019-09-05 07:47:21,266 [pool-774-thread-1] INFO  server.RaftServerConfigKeys (ConfUtils.java:logGet(43)) - raft.server.log.preallocated.size = 16384 (custom)
2019-09-05 07:47:21,266 [pool-774-thread-1] INFO  server.RaftServerConfigKeys (ConfUtils.java:logGet(43)) - raft.server.log.write.buffer.size = 33554432 (custom)
2019-09-05 07:47:21,267 [pool-774-thread-1] INFO  server.RaftServerConfigKeys (ConfUtils.java:logGet(43)) - raft.server.log.force.sync.num = 128 (default)
2019-09-05 07:47:21,267 [pool-774-thread-1] INFO  server.RaftServerConfigKeys (ConfUtils.java:logGet(43)) - raft.server.log.statemachine.data.sync = true (default)
2019-09-05 07:47:21,267 [pool-774-thread-1] INFO  server.RaftServerConfigKeys (ConfUtils.java:logGet(43)) - raft.server.log.statemachine.data.sync.timeout = 10s (default)
2019-09-05 07:47:21,267 [pool-774-thread-1] INFO  server.RaftServerConfigKeys (ConfUtils.java:logGet(43)) - raft.server.log.statemachine.data.sync.timeout.retry = -1 (default)
2019-09-05 07:47:21,267 [pool-774-thread-1] INFO  server.RaftServerConfigKeys (ConfUtils.java:logGet(43)) - raft.server.log.statemachine.data.caching.enabled = true (custom)
2019-09-05 07:47:21,268 [pool-774-thread-1] INFO  segmented.SegmentedRaftLogWorker (SegmentedRaftLogWorker.java:lambda$new$0(132)) - 52e1b467-e57b-4fcf-a518-bc87fcf908db-SegmentedRaftLogWorker:Storage Directory /workdir/hadoop-ozone/integration-test/target/test-dir/MiniOzoneClusterImpl-a7b65b7d-2f78-4bad-aae3-c6d6f5d380da/datanode-4/data/ratis/fa5bbc4c-81bd-4b61-b2e1-ff39a74f7941: flushIndex: setUnconditionally 0 -> -1
2019-09-05 07:47:21,268 [pool-774-thread-1] INFO  server.RaftServerConfigKeys (ConfUtils.java:logGet(43)) - raft.server.snapshot.auto.trigger.enabled = true (custom)
2019-09-05 07:47:21,268 [pool-774-thread-1] INFO  server.RaftServerConfigKeys (ConfUtils.java:logGet(43)) - raft.server.snapshot.auto.trigger.threshold = 10000 (custom)
2019-09-05 07:47:21,268 [pool-774-thread-1] INFO  server.RaftServerConfigKeys (ConfUtils.java:logGet(43)) - raft.server.retrycache.expirytime = 600000ms (custom)
2019-09-05 07:47:21,269 [pool-774-thread-1] INFO  impl.RaftServerImpl (RaftServerImpl.java:start(180)) - 52e1b467-e57b-4fcf-a518-bc87fcf908db: start group-FF39A74F7941
2019-09-05 07:47:21,269 [pool-774-thread-1] INFO  impl.RaftServerImpl (RaftServerImpl.java:setRole(171)) - 52e1b467-e57b-4fcf-a518-bc87fcf908db:group-FF39A74F7941 changes role from null to FOLLOWER at term 0 for startAsFollower
2019-09-05 07:47:21,269 [pool-774-thread-1] INFO  impl.RoleInfo (RoleInfo.java:updateAndGet(143)) - 52e1b467-e57b-4fcf-a518-bc87fcf908db: start FollowerState
2019-09-05 07:47:21,269 [pool-774-thread-1] INFO  util.JmxRegister (JmxRegister.java:tryRegister(44)) - Successfully registered JMX Bean with object name Ratis:service=RaftServer,group=group-FF39A74F7941,id=52e1b467-e57b-4fcf-a518-bc87fcf908db
2019-09-05 07:47:21,272 [RatisPipelineUtilsThread] INFO  pipeline.PipelineStateManager (PipelineStateManager.java:addPipeline(56)) - Created pipeline Pipeline[ Id: fa5bbc4c-81bd-4b61-b2e1-ff39a74f7941, Nodes: 52e1b467-e57b-4fcf-a518-bc87fcf908db{ip: 192.168.36.69, host: pr-hdds-1571-lfg7x-4139639749, networkLocation: /default-rack, certSerialId: null}, Type:RATIS, Factor:ONE, State:OPEN]
2019-09-05 07:47:21,666 [IPC Server handler 2 on 39700] INFO  net.NetworkTopology (NetworkTopologyImpl.java:add(110)) - Added a new node: /default-rack/e4f00552-71e6-4733-a812-14497e905a56
2019-09-05 07:47:21,666 [IPC Server handler 2 on 39700] INFO  node.SCMNodeManager (SCMNodeManager.java:register(273)) - Registered Data node : e4f00552-71e6-4733-a812-14497e905a56{ip: 192.168.36.69, host: pr-hdds-1571-lfg7x-4139639749, networkLocation: /default-rack, certSerialId: null}
2019-09-05 07:47:21,666 | INFO  | SCMAudit | user=jenkins1000 | ip=192.168.36.69 | op=REGISTER {datanodeDetails=e4f00552-71e6-4733-a812-14497e905a56{ip: 192.168.36.69, host: pr-hdds-1571-lfg7x-4139639749, networkLocation: /default-rack, certSerialId: null}} | ret=SUCCESS |  
2019-09-05 07:47:21,674 [grpc-default-executor-12] INFO  impl.RaftServerProxy (RaftServerProxy.java:addNew(89)) - e4f00552-71e6-4733-a812-14497e905a56: addNew group-23C38DAE0840:[e4f00552-71e6-4733-a812-14497e905a56:192.168.36.69:40521] returns group-23C38DAE0840:java.util.concurrent.CompletableFuture@3dbb5041[Not completed]
2019-09-05 07:47:21,675 [pool-785-thread-1] INFO  impl.RaftServerImpl (RaftServerImpl.java:<init>(93)) - e4f00552-71e6-4733-a812-14497e905a56: new RaftServerImpl for group-23C38DAE0840:[e4f00552-71e6-4733-a812-14497e905a56:192.168.36.69:40521] with ContainerStateMachine:uninitialized
2019-09-05 07:47:21,675 [pool-785-thread-1] INFO  server.RaftServerConfigKeys (ConfUtils.java:logGet(43)) - raft.server.rpc.timeout.min = 5s (custom)
2019-09-05 07:47:21,675 [pool-785-thread-1] INFO  server.RaftServerConfigKeys (ConfUtils.java:logGet(43)) - raft.server.rpc.timeout.max = 5200ms (custom)
2019-09-05 07:47:21,675 [pool-785-thread-1] INFO  server.RaftServerConfigKeys (ConfUtils.java:logGet(43)) - raft.server.rpcslowness.timeout = 120s (custom)
2019-09-05 07:47:21,675 [pool-785-thread-1] INFO  server.RaftServerConfigKeys (ConfUtils.java:logGet(43)) - raft.server.sleep.deviation.threshold = 300 (default)
2019-09-05 07:47:21,675 [pool-785-thread-1] INFO  server.RaftServerConfigKeys (ConfUtils.java:logGet(43)) - raft.server.log.appender.install.snapshot.enabled = false (custom)
2019-09-05 07:47:21,675 [pool-785-thread-1] INFO  impl.RaftServerImpl (ServerState.java:<init>(105)) - e4f00552-71e6-4733-a812-14497e905a56:group-23C38DAE0840 ConfigurationManager, init=-1: [e4f00552-71e6-4733-a812-14497e905a56:192.168.36.69:40521], old=null, confs=<EMPTY_MAP>
2019-09-05 07:47:21,676 [pool-785-thread-1] INFO  server.RaftServerConfigKeys (ConfUtils.java:logGet(43)) - raft.server.storage.dir = [/workdir/hadoop-ozone/integration-test/target/test-dir/MiniOzoneClusterImpl-a7b65b7d-2f78-4bad-aae3-c6d6f5d380da/datanode-5/data/ratis] (custom)
2019-09-05 07:47:21,676 [pool-785-thread-1] INFO  storage.RaftStorageDirectory (RaftStorageDirectory.java:analyzeStorage(246)) - The storage directory /workdir/hadoop-ozone/integration-test/target/test-dir/MiniOzoneClusterImpl-a7b65b7d-2f78-4bad-aae3-c6d6f5d380da/datanode-5/data/ratis/14051ce5-eb1d-4f76-8d11-23c38dae0840 does not exist. Creating ...
2019-09-05 07:47:21,699 [pool-785-thread-1] INFO  storage.RaftStorageDirectory (RaftStorageDirectory.java:tryLock(328)) - Lock on /workdir/hadoop-ozone/integration-test/target/test-dir/MiniOzoneClusterImpl-a7b65b7d-2f78-4bad-aae3-c6d6f5d380da/datanode-5/data/ratis/14051ce5-eb1d-4f76-8d11-23c38dae0840/in_use.lock acquired by nodename 22460@pr-hdds-1571-lfg7x-4139639749
2019-09-05 07:47:21,712 [pool-785-thread-1] INFO  storage.RaftStorage (RaftStorage.java:format(72)) - Storage directory /workdir/hadoop-ozone/integration-test/target/test-dir/MiniOzoneClusterImpl-a7b65b7d-2f78-4bad-aae3-c6d6f5d380da/datanode-5/data/ratis/14051ce5-eb1d-4f76-8d11-23c38dae0840 has been successfully formatted.
2019-09-05 07:47:21,712 [pool-785-thread-1] INFO  ratis.ContainerStateMachine (ContainerStateMachine.java:loadSnapshot(226)) - group-23C38DAE0840: The snapshot info is null. Setting the last applied indexto:(t:0, i:~)
2019-09-05 07:47:21,712 [pool-785-thread-1] INFO  server.RaftServerConfigKeys (ConfUtils.java:logGet(43)) - raft.server.leader.election.timeout = 120s (custom)
2019-09-05 07:47:21,712 [pool-785-thread-1] INFO  server.RaftServerConfigKeys (ConfUtils.java:logGet(43)) - raft.server.log.use.memory = false (default)
2019-09-05 07:47:21,712 [pool-785-thread-1] INFO  server.RaftServerConfigKeys (ConfUtils.java:logGet(43)) - raft.server.log.purge.gap = 1000000 (custom)
2019-09-05 07:47:21,712 [pool-785-thread-1] INFO  server.RaftServerConfigKeys (ConfUtils.java:logGet(43)) - raft.server.log.appender.buffer.byte-limit = 33554432 (custom)
2019-09-05 07:47:21,713 [pool-785-thread-1] INFO  server.RaftServerConfigKeys (ConfUtils.java:logGet(43)) - raft.server.log.segment.size.max = 1048576 (custom)
2019-09-05 07:47:21,713 [pool-785-thread-1] INFO  server.RaftServerConfigKeys (ConfUtils.java:logGet(43)) - raft.server.log.segment.cache.num.max = 2 (custom)
2019-09-05 07:47:21,713 [pool-785-thread-1] INFO  segmented.SegmentedRaftLogWorker (SegmentedRaftLogWorker.java:<init>(172)) - new e4f00552-71e6-4733-a812-14497e905a56-SegmentedRaftLogWorker:Storage Directory /workdir/hadoop-ozone/integration-test/target/test-dir/MiniOzoneClusterImpl-a7b65b7d-2f78-4bad-aae3-c6d6f5d380da/datanode-5/data/ratis/14051ce5-eb1d-4f76-8d11-23c38dae0840 for RaftStorage:Storage Directory /workdir/hadoop-ozone/integration-test/target/test-dir/MiniOzoneClusterImpl-a7b65b7d-2f78-4bad-aae3-c6d6f5d380da/datanode-5/data/ratis/14051ce5-eb1d-4f76-8d11-23c38dae0840
2019-09-05 07:47:21,713 [pool-785-thread-1] INFO  server.RaftServerConfigKeys (ConfUtils.java:logGet(43)) - raft.server.log.queue.byte-limit = 2147483647 (custom)
2019-09-05 07:47:21,713 [pool-785-thread-1] INFO  server.RaftServerConfigKeys (ConfUtils.java:logGet(43)) - raft.server.log.queue.element-limit = 1024 (custom)
2019-09-05 07:47:21,713 [pool-785-thread-1] INFO  server.RaftServerConfigKeys (ConfUtils.java:logGet(43)) - raft.server.log.segment.size.max = 1048576 (custom)
2019-09-05 07:47:21,714 [pool-785-thread-1] INFO  server.RaftServerConfigKeys (ConfUtils.java:logGet(43)) - raft.server.log.preallocated.size = 16384 (custom)
2019-09-05 07:47:21,714 [pool-785-thread-1] INFO  server.RaftServerConfigKeys (ConfUtils.java:logGet(43)) - raft.server.log.write.buffer.size = 33554432 (custom)
2019-09-05 07:47:21,714 [pool-785-thread-1] INFO  server.RaftServerConfigKeys (ConfUtils.java:logGet(43)) - raft.server.log.force.sync.num = 128 (default)
2019-09-05 07:47:21,714 [pool-785-thread-1] INFO  server.RaftServerConfigKeys (ConfUtils.java:logGet(43)) - raft.server.log.statemachine.data.sync = true (default)
2019-09-05 07:47:21,714 [pool-785-thread-1] INFO  server.RaftServerConfigKeys (ConfUtils.java:logGet(43)) - raft.server.log.statemachine.data.sync.timeout = 10s (default)
2019-09-05 07:47:21,714 [pool-785-thread-1] INFO  server.RaftServerConfigKeys (ConfUtils.java:logGet(43)) - raft.server.log.statemachine.data.sync.timeout.retry = -1 (default)
2019-09-05 07:47:21,714 [pool-785-thread-1] INFO  server.RaftServerConfigKeys (ConfUtils.java:logGet(43)) - raft.server.log.statemachine.data.caching.enabled = true (custom)
2019-09-05 07:47:21,715 [pool-785-thread-1] INFO  segmented.SegmentedRaftLogWorker (SegmentedRaftLogWorker.java:lambda$new$0(132)) - e4f00552-71e6-4733-a812-14497e905a56-SegmentedRaftLogWorker:Storage Directory /workdir/hadoop-ozone/integration-test/target/test-dir/MiniOzoneClusterImpl-a7b65b7d-2f78-4bad-aae3-c6d6f5d380da/datanode-5/data/ratis/14051ce5-eb1d-4f76-8d11-23c38dae0840: flushIndex: setUnconditionally 0 -> -1
2019-09-05 07:47:21,715 [pool-785-thread-1] INFO  server.RaftServerConfigKeys (ConfUtils.java:logGet(43)) - raft.server.snapshot.auto.trigger.enabled = true (custom)
2019-09-05 07:47:21,715 [pool-785-thread-1] INFO  server.RaftServerConfigKeys (ConfUtils.java:logGet(43)) - raft.server.snapshot.auto.trigger.threshold = 10000 (custom)
2019-09-05 07:47:21,715 [pool-785-thread-1] INFO  server.RaftServerConfigKeys (ConfUtils.java:logGet(43)) - raft.server.retrycache.expirytime = 600000ms (custom)
2019-09-05 07:47:21,715 [pool-785-thread-1] INFO  impl.RaftServerImpl (RaftServerImpl.java:start(180)) - e4f00552-71e6-4733-a812-14497e905a56: start group-23C38DAE0840
2019-09-05 07:47:21,715 [pool-785-thread-1] INFO  impl.RaftServerImpl (RaftServerImpl.java:setRole(171)) - e4f00552-71e6-4733-a812-14497e905a56:group-23C38DAE0840 changes role from null to FOLLOWER at term 0 for startAsFollower
2019-09-05 07:47:21,716 [pool-785-thread-1] INFO  impl.RoleInfo (RoleInfo.java:updateAndGet(143)) - e4f00552-71e6-4733-a812-14497e905a56: start FollowerState
2019-09-05 07:47:21,716 [pool-785-thread-1] INFO  util.JmxRegister (JmxRegister.java:tryRegister(44)) - Successfully registered JMX Bean with object name Ratis:service=RaftServer,group=group-23C38DAE0840,id=e4f00552-71e6-4733-a812-14497e905a56
2019-09-05 07:47:21,718 [RatisPipelineUtilsThread] INFO  pipeline.PipelineStateManager (PipelineStateManager.java:addPipeline(56)) - Created pipeline Pipeline[ Id: 14051ce5-eb1d-4f76-8d11-23c38dae0840, Nodes: e4f00552-71e6-4733-a812-14497e905a56{ip: 192.168.36.69, host: pr-hdds-1571-lfg7x-4139639749, networkLocation: /default-rack, certSerialId: null}, Type:RATIS, Factor:ONE, State:OPEN]
2019-09-05 07:47:21,735 [grpc-default-executor-7] INFO  impl.RaftServerProxy (RaftServerProxy.java:addNew(89)) - 52e1b467-e57b-4fcf-a518-bc87fcf908db: addNew group-6A11792535A5:[e4f00552-71e6-4733-a812-14497e905a56:192.168.36.69:40521, 52e1b467-e57b-4fcf-a518-bc87fcf908db:192.168.36.69:45469, 6d8a3bc5-9c47-4ffc-a54e-68d957b6d223:192.168.36.69:33364] returns group-6A11792535A5:java.util.concurrent.CompletableFuture@288f90ef[Not completed]
2019-09-05 07:47:21,735 [grpc-default-executor-12] INFO  impl.RaftServerProxy (RaftServerProxy.java:addNew(89)) - e4f00552-71e6-4733-a812-14497e905a56: addNew group-6A11792535A5:[e4f00552-71e6-4733-a812-14497e905a56:192.168.36.69:40521, 52e1b467-e57b-4fcf-a518-bc87fcf908db:192.168.36.69:45469, 6d8a3bc5-9c47-4ffc-a54e-68d957b6d223:192.168.36.69:33364] returns group-6A11792535A5:java.util.concurrent.CompletableFuture@3fda4a67[Not completed]
2019-09-05 07:47:21,735 [grpc-default-executor-11] INFO  impl.RaftServerProxy (RaftServerProxy.java:addNew(89)) - 6d8a3bc5-9c47-4ffc-a54e-68d957b6d223: addNew group-6A11792535A5:[e4f00552-71e6-4733-a812-14497e905a56:192.168.36.69:40521, 52e1b467-e57b-4fcf-a518-bc87fcf908db:192.168.36.69:45469, 6d8a3bc5-9c47-4ffc-a54e-68d957b6d223:192.168.36.69:33364] returns group-6A11792535A5:java.util.concurrent.CompletableFuture@1d97b5b1[Not completed]
2019-09-05 07:47:21,737 [pool-774-thread-1] INFO  impl.RaftServerImpl (RaftServerImpl.java:<init>(93)) - 52e1b467-e57b-4fcf-a518-bc87fcf908db: new RaftServerImpl for group-6A11792535A5:[e4f00552-71e6-4733-a812-14497e905a56:192.168.36.69:40521, 52e1b467-e57b-4fcf-a518-bc87fcf908db:192.168.36.69:45469, 6d8a3bc5-9c47-4ffc-a54e-68d957b6d223:192.168.36.69:33364] with ContainerStateMachine:uninitialized
2019-09-05 07:47:21,737 [pool-774-thread-1] INFO  server.RaftServerConfigKeys (ConfUtils.java:logGet(43)) - raft.server.rpc.timeout.min = 5s (custom)
2019-09-05 07:47:21,737 [pool-774-thread-1] INFO  server.RaftServerConfigKeys (ConfUtils.java:logGet(43)) - raft.server.rpc.timeout.max = 5200ms (custom)
2019-09-05 07:47:21,737 [pool-774-thread-1] INFO  server.RaftServerConfigKeys (ConfUtils.java:logGet(43)) - raft.server.rpcslowness.timeout = 120s (custom)
2019-09-05 07:47:21,737 [pool-763-thread-1] INFO  impl.RaftServerImpl (RaftServerImpl.java:<init>(93)) - 6d8a3bc5-9c47-4ffc-a54e-68d957b6d223: new RaftServerImpl for group-6A11792535A5:[e4f00552-71e6-4733-a812-14497e905a56:192.168.36.69:40521, 52e1b467-e57b-4fcf-a518-bc87fcf908db:192.168.36.69:45469, 6d8a3bc5-9c47-4ffc-a54e-68d957b6d223:192.168.36.69:33364] with ContainerStateMachine:uninitialized
2019-09-05 07:47:21,737 [pool-774-thread-1] INFO  server.RaftServerConfigKeys (ConfUtils.java:logGet(43)) - raft.server.sleep.deviation.threshold = 300 (default)
2019-09-05 07:47:21,737 [pool-785-thread-1] INFO  impl.RaftServerImpl (RaftServerImpl.java:<init>(93)) - e4f00552-71e6-4733-a812-14497e905a56: new RaftServerImpl for group-6A11792535A5:[e4f00552-71e6-4733-a812-14497e905a56:192.168.36.69:40521, 52e1b467-e57b-4fcf-a518-bc87fcf908db:192.168.36.69:45469, 6d8a3bc5-9c47-4ffc-a54e-68d957b6d223:192.168.36.69:33364] with ContainerStateMachine:uninitialized
2019-09-05 07:47:21,737 [pool-763-thread-1] INFO  server.RaftServerConfigKeys (ConfUtils.java:logGet(43)) - raft.server.rpc.timeout.min = 5s (custom)
2019-09-05 07:47:21,738 [pool-785-thread-1] INFO  server.RaftServerConfigKeys (ConfUtils.java:logGet(43)) - raft.server.rpc.timeout.min = 5s (custom)
2019-09-05 07:47:21,738 [pool-774-thread-1] INFO  server.RaftServerConfigKeys (ConfUtils.java:logGet(43)) - raft.server.log.appender.install.snapshot.enabled = false (custom)
2019-09-05 07:47:21,738 [pool-785-thread-1] INFO  server.RaftServerConfigKeys (ConfUtils.java:logGet(43)) - raft.server.rpc.timeout.max = 5200ms (custom)
2019-09-05 07:47:21,738 [pool-785-thread-1] INFO  server.RaftServerConfigKeys (ConfUtils.java:logGet(43)) - raft.server.rpcslowness.timeout = 120s (custom)
2019-09-05 07:47:21,738 [pool-763-thread-1] INFO  server.RaftServerConfigKeys (ConfUtils.java:logGet(43)) - raft.server.rpc.timeout.max = 5200ms (custom)
2019-09-05 07:47:21,738 [pool-785-thread-1] INFO  server.RaftServerConfigKeys (ConfUtils.java:logGet(43)) - raft.server.sleep.deviation.threshold = 300 (default)
2019-09-05 07:47:21,738 [pool-774-thread-1] INFO  impl.RaftServerImpl (ServerState.java:<init>(105)) - 52e1b467-e57b-4fcf-a518-bc87fcf908db:group-6A11792535A5 ConfigurationManager, init=-1: [e4f00552-71e6-4733-a812-14497e905a56:192.168.36.69:40521, 52e1b467-e57b-4fcf-a518-bc87fcf908db:192.168.36.69:45469, 6d8a3bc5-9c47-4ffc-a54e-68d957b6d223:192.168.36.69:33364], old=null, confs=<EMPTY_MAP>
2019-09-05 07:47:21,739 [pool-785-thread-1] INFO  server.RaftServerConfigKeys (ConfUtils.java:logGet(43)) - raft.server.log.appender.install.snapshot.enabled = false (custom)
2019-09-05 07:47:21,738 [pool-763-thread-1] INFO  server.RaftServerConfigKeys (ConfUtils.java:logGet(43)) - raft.server.rpcslowness.timeout = 120s (custom)
2019-09-05 07:47:21,739 [pool-785-thread-1] INFO  impl.RaftServerImpl (ServerState.java:<init>(105)) - e4f00552-71e6-4733-a812-14497e905a56:group-6A11792535A5 ConfigurationManager, init=-1: [e4f00552-71e6-4733-a812-14497e905a56:192.168.36.69:40521, 52e1b467-e57b-4fcf-a518-bc87fcf908db:192.168.36.69:45469, 6d8a3bc5-9c47-4ffc-a54e-68d957b6d223:192.168.36.69:33364], old=null, confs=<EMPTY_MAP>
2019-09-05 07:47:21,739 [pool-774-thread-1] INFO  server.RaftServerConfigKeys (ConfUtils.java:logGet(43)) - raft.server.storage.dir = [/workdir/hadoop-ozone/integration-test/target/test-dir/MiniOzoneClusterImpl-a7b65b7d-2f78-4bad-aae3-c6d6f5d380da/datanode-4/data/ratis] (custom)
2019-09-05 07:47:21,739 [pool-785-thread-1] INFO  server.RaftServerConfigKeys (ConfUtils.java:logGet(43)) - raft.server.storage.dir = [/workdir/hadoop-ozone/integration-test/target/test-dir/MiniOzoneClusterImpl-a7b65b7d-2f78-4bad-aae3-c6d6f5d380da/datanode-5/data/ratis] (custom)
2019-09-05 07:47:21,739 [pool-763-thread-1] INFO  server.RaftServerConfigKeys (ConfUtils.java:logGet(43)) - raft.server.sleep.deviation.threshold = 300 (default)
2019-09-05 07:47:21,739 [pool-785-thread-1] INFO  storage.RaftStorageDirectory (RaftStorageDirectory.java:analyzeStorage(246)) - The storage directory /workdir/hadoop-ozone/integration-test/target/test-dir/MiniOzoneClusterImpl-a7b65b7d-2f78-4bad-aae3-c6d6f5d380da/datanode-5/data/ratis/b28257cf-550b-4f41-843b-6a11792535a5 does not exist. Creating ...
2019-09-05 07:47:21,739 [pool-774-thread-1] INFO  storage.RaftStorageDirectory (RaftStorageDirectory.java:analyzeStorage(246)) - The storage directory /workdir/hadoop-ozone/integration-test/target/test-dir/MiniOzoneClusterImpl-a7b65b7d-2f78-4bad-aae3-c6d6f5d380da/datanode-4/data/ratis/b28257cf-550b-4f41-843b-6a11792535a5 does not exist. Creating ...
2019-09-05 07:47:21,740 [pool-763-thread-1] INFO  server.RaftServerConfigKeys (ConfUtils.java:logGet(43)) - raft.server.log.appender.install.snapshot.enabled = false (custom)
2019-09-05 07:47:21,740 [pool-763-thread-1] INFO  impl.RaftServerImpl (ServerState.java:<init>(105)) - 6d8a3bc5-9c47-4ffc-a54e-68d957b6d223:group-6A11792535A5 ConfigurationManager, init=-1: [e4f00552-71e6-4733-a812-14497e905a56:192.168.36.69:40521, 52e1b467-e57b-4fcf-a518-bc87fcf908db:192.168.36.69:45469, 6d8a3bc5-9c47-4ffc-a54e-68d957b6d223:192.168.36.69:33364], old=null, confs=<EMPTY_MAP>
2019-09-05 07:47:21,740 [pool-763-thread-1] INFO  server.RaftServerConfigKeys (ConfUtils.java:logGet(43)) - raft.server.storage.dir = [/workdir/hadoop-ozone/integration-test/target/test-dir/MiniOzoneClusterImpl-a7b65b7d-2f78-4bad-aae3-c6d6f5d380da/datanode-3/data/ratis] (custom)
2019-09-05 07:47:21,741 [pool-763-thread-1] INFO  storage.RaftStorageDirectory (RaftStorageDirectory.java:analyzeStorage(246)) - The storage directory /workdir/hadoop-ozone/integration-test/target/test-dir/MiniOzoneClusterImpl-a7b65b7d-2f78-4bad-aae3-c6d6f5d380da/datanode-3/data/ratis/b28257cf-550b-4f41-843b-6a11792535a5 does not exist. Creating ...
2019-09-05 07:47:21,752 [pool-785-thread-1] INFO  storage.RaftStorageDirectory (RaftStorageDirectory.java:tryLock(328)) - Lock on /workdir/hadoop-ozone/integration-test/target/test-dir/MiniOzoneClusterImpl-a7b65b7d-2f78-4bad-aae3-c6d6f5d380da/datanode-5/data/ratis/b28257cf-550b-4f41-843b-6a11792535a5/in_use.lock acquired by nodename 22460@pr-hdds-1571-lfg7x-4139639749
2019-09-05 07:47:21,752 [pool-774-thread-1] INFO  storage.RaftStorageDirectory (RaftStorageDirectory.java:tryLock(328)) - Lock on /workdir/hadoop-ozone/integration-test/target/test-dir/MiniOzoneClusterImpl-a7b65b7d-2f78-4bad-aae3-c6d6f5d380da/datanode-4/data/ratis/b28257cf-550b-4f41-843b-6a11792535a5/in_use.lock acquired by nodename 22460@pr-hdds-1571-lfg7x-4139639749
2019-09-05 07:47:21,752 [pool-763-thread-1] INFO  storage.RaftStorageDirectory (RaftStorageDirectory.java:tryLock(328)) - Lock on /workdir/hadoop-ozone/integration-test/target/test-dir/MiniOzoneClusterImpl-a7b65b7d-2f78-4bad-aae3-c6d6f5d380da/datanode-3/data/ratis/b28257cf-550b-4f41-843b-6a11792535a5/in_use.lock acquired by nodename 22460@pr-hdds-1571-lfg7x-4139639749
2019-09-05 07:47:21,767 [pool-774-thread-1] INFO  storage.RaftStorage (RaftStorage.java:format(72)) - Storage directory /workdir/hadoop-ozone/integration-test/target/test-dir/MiniOzoneClusterImpl-a7b65b7d-2f78-4bad-aae3-c6d6f5d380da/datanode-4/data/ratis/b28257cf-550b-4f41-843b-6a11792535a5 has been successfully formatted.
2019-09-05 07:47:21,767 [pool-763-thread-1] INFO  storage.RaftStorage (RaftStorage.java:format(72)) - Storage directory /workdir/hadoop-ozone/integration-test/target/test-dir/MiniOzoneClusterImpl-a7b65b7d-2f78-4bad-aae3-c6d6f5d380da/datanode-3/data/ratis/b28257cf-550b-4f41-843b-6a11792535a5 has been successfully formatted.
2019-09-05 07:47:21,768 [pool-774-thread-1] INFO  ratis.ContainerStateMachine (ContainerStateMachine.java:loadSnapshot(226)) - group-6A11792535A5: The snapshot info is null. Setting the last applied indexto:(t:0, i:~)
2019-09-05 07:47:21,767 [pool-785-thread-1] INFO  storage.RaftStorage (RaftStorage.java:format(72)) - Storage directory /workdir/hadoop-ozone/integration-test/target/test-dir/MiniOzoneClusterImpl-a7b65b7d-2f78-4bad-aae3-c6d6f5d380da/datanode-5/data/ratis/b28257cf-550b-4f41-843b-6a11792535a5 has been successfully formatted.
2019-09-05 07:47:21,768 [pool-774-thread-1] INFO  server.RaftServerConfigKeys (ConfUtils.java:logGet(43)) - raft.server.leader.election.timeout = 120s (custom)
2019-09-05 07:47:21,768 [pool-763-thread-1] INFO  ratis.ContainerStateMachine (ContainerStateMachine.java:loadSnapshot(226)) - group-6A11792535A5: The snapshot info is null. Setting the last applied indexto:(t:0, i:~)
2019-09-05 07:47:21,768 [pool-774-thread-1] INFO  server.RaftServerConfigKeys (ConfUtils.java:logGet(43)) - raft.server.log.use.memory = false (default)
2019-09-05 07:47:21,768 [pool-785-thread-1] INFO  ratis.ContainerStateMachine (ContainerStateMachine.java:loadSnapshot(226)) - group-6A11792535A5: The snapshot info is null. Setting the last applied indexto:(t:0, i:~)
2019-09-05 07:47:21,768 [pool-774-thread-1] INFO  server.RaftServerConfigKeys (ConfUtils.java:logGet(43)) - raft.server.log.purge.gap = 1000000 (custom)
2019-09-05 07:47:21,768 [pool-763-thread-1] INFO  server.RaftServerConfigKeys (ConfUtils.java:logGet(43)) - raft.server.leader.election.timeout = 120s (custom)
2019-09-05 07:47:21,769 [pool-774-thread-1] INFO  server.RaftServerConfigKeys (ConfUtils.java:logGet(43)) - raft.server.log.appender.buffer.byte-limit = 33554432 (custom)
2019-09-05 07:47:21,768 [pool-785-thread-1] INFO  server.RaftServerConfigKeys (ConfUtils.java:logGet(43)) - raft.server.leader.election.timeout = 120s (custom)
2019-09-05 07:47:21,769 [pool-774-thread-1] INFO  server.RaftServerConfigKeys (ConfUtils.java:logGet(43)) - raft.server.log.segment.size.max = 1048576 (custom)
2019-09-05 07:47:21,769 [pool-763-thread-1] INFO  server.RaftServerConfigKeys (ConfUtils.java:logGet(43)) - raft.server.log.use.memory = false (default)
2019-09-05 07:47:21,769 [pool-774-thread-1] INFO  server.RaftServerConfigKeys (ConfUtils.java:logGet(43)) - raft.server.log.segment.cache.num.max = 2 (custom)
2019-09-05 07:47:21,769 [pool-785-thread-1] INFO  server.RaftServerConfigKeys (ConfUtils.java:logGet(43)) - raft.server.log.use.memory = false (default)
2019-09-05 07:47:21,769 [pool-774-thread-1] INFO  segmented.SegmentedRaftLogWorker (SegmentedRaftLogWorker.java:<init>(172)) - new 52e1b467-e57b-4fcf-a518-bc87fcf908db-SegmentedRaftLogWorker:Storage Directory /workdir/hadoop-ozone/integration-test/target/test-dir/MiniOzoneClusterImpl-a7b65b7d-2f78-4bad-aae3-c6d6f5d380da/datanode-4/data/ratis/b28257cf-550b-4f41-843b-6a11792535a5 for RaftStorage:Storage Directory /workdir/hadoop-ozone/integration-test/target/test-dir/MiniOzoneClusterImpl-a7b65b7d-2f78-4bad-aae3-c6d6f5d380da/datanode-4/data/ratis/b28257cf-550b-4f41-843b-6a11792535a5
2019-09-05 07:47:21,769 [pool-763-thread-1] INFO  server.RaftServerConfigKeys (ConfUtils.java:logGet(43)) - raft.server.log.purge.gap = 1000000 (custom)
2019-09-05 07:47:21,770 [pool-774-thread-1] INFO  server.RaftServerConfigKeys (ConfUtils.java:logGet(43)) - raft.server.log.queue.byte-limit = 2147483647 (custom)
2019-09-05 07:47:21,770 [pool-774-thread-1] INFO  server.RaftServerConfigKeys (ConfUtils.java:logGet(43)) - raft.server.log.queue.element-limit = 1024 (custom)
2019-09-05 07:47:21,769 [pool-785-thread-1] INFO  server.RaftServerConfigKeys (ConfUtils.java:logGet(43)) - raft.server.log.purge.gap = 1000000 (custom)
2019-09-05 07:47:21,770 [pool-774-thread-1] INFO  server.RaftServerConfigKeys (ConfUtils.java:logGet(43)) - raft.server.log.segment.size.max = 1048576 (custom)
2019-09-05 07:47:21,770 [pool-763-thread-1] INFO  server.RaftServerConfigKeys (ConfUtils.java:logGet(43)) - raft.server.log.appender.buffer.byte-limit = 33554432 (custom)
2019-09-05 07:47:21,770 [pool-774-thread-1] INFO  server.RaftServerConfigKeys (ConfUtils.java:logGet(43)) - raft.server.log.preallocated.size = 16384 (custom)
2019-09-05 07:47:21,770 [pool-785-thread-1] INFO  server.RaftServerConfigKeys (ConfUtils.java:logGet(43)) - raft.server.log.appender.buffer.byte-limit = 33554432 (custom)
2019-09-05 07:47:21,770 [pool-774-thread-1] INFO  server.RaftServerConfigKeys (ConfUtils.java:logGet(43)) - raft.server.log.write.buffer.size = 33554432 (custom)
2019-09-05 07:47:21,770 [pool-763-thread-1] INFO  server.RaftServerConfigKeys (ConfUtils.java:logGet(43)) - raft.server.log.segment.size.max = 1048576 (custom)
2019-09-05 07:47:21,771 [pool-774-thread-1] INFO  server.RaftServerConfigKeys (ConfUtils.java:logGet(43)) - raft.server.log.force.sync.num = 128 (default)
2019-09-05 07:47:21,771 [pool-774-thread-1] INFO  server.RaftServerConfigKeys (ConfUtils.java:logGet(43)) - raft.server.log.statemachine.data.sync = true (default)
2019-09-05 07:47:21,771 [pool-785-thread-1] INFO  server.RaftServerConfigKeys (ConfUtils.java:logGet(43)) - raft.server.log.segment.size.max = 1048576 (custom)
2019-09-05 07:47:21,771 [pool-774-thread-1] INFO  server.RaftServerConfigKeys (ConfUtils.java:logGet(43)) - raft.server.log.statemachine.data.sync.timeout = 10s (default)
2019-09-05 07:47:21,771 [pool-763-thread-1] INFO  server.RaftServerConfigKeys (ConfUtils.java:logGet(43)) - raft.server.log.segment.cache.num.max = 2 (custom)
2019-09-05 07:47:21,771 [pool-774-thread-1] INFO  server.RaftServerConfigKeys (ConfUtils.java:logGet(43)) - raft.server.log.statemachine.data.sync.timeout.retry = -1 (default)
2019-09-05 07:47:21,771 [pool-785-thread-1] INFO  server.RaftServerConfigKeys (ConfUtils.java:logGet(43)) - raft.server.log.segment.cache.num.max = 2 (custom)
2019-09-05 07:47:21,772 [pool-774-thread-1] INFO  server.RaftServerConfigKeys (ConfUtils.java:logGet(43)) - raft.server.log.statemachine.data.caching.enabled = true (custom)
2019-09-05 07:47:21,772 [pool-763-thread-1] INFO  segmented.SegmentedRaftLogWorker (SegmentedRaftLogWorker.java:<init>(172)) - new 6d8a3bc5-9c47-4ffc-a54e-68d957b6d223-SegmentedRaftLogWorker:Storage Directory /workdir/hadoop-ozone/integration-test/target/test-dir/MiniOzoneClusterImpl-a7b65b7d-2f78-4bad-aae3-c6d6f5d380da/datanode-3/data/ratis/b28257cf-550b-4f41-843b-6a11792535a5 for RaftStorage:Storage Directory /workdir/hadoop-ozone/integration-test/target/test-dir/MiniOzoneClusterImpl-a7b65b7d-2f78-4bad-aae3-c6d6f5d380da/datanode-3/data/ratis/b28257cf-550b-4f41-843b-6a11792535a5
2019-09-05 07:47:21,772 [pool-785-thread-1] INFO  segmented.SegmentedRaftLogWorker (SegmentedRaftLogWorker.java:<init>(172)) - new e4f00552-71e6-4733-a812-14497e905a56-SegmentedRaftLogWorker:Storage Directory /workdir/hadoop-ozone/integration-test/target/test-dir/MiniOzoneClusterImpl-a7b65b7d-2f78-4bad-aae3-c6d6f5d380da/datanode-5/data/ratis/b28257cf-550b-4f41-843b-6a11792535a5 for RaftStorage:Storage Directory /workdir/hadoop-ozone/integration-test/target/test-dir/MiniOzoneClusterImpl-a7b65b7d-2f78-4bad-aae3-c6d6f5d380da/datanode-5/data/ratis/b28257cf-550b-4f41-843b-6a11792535a5
2019-09-05 07:47:21,772 [pool-774-thread-1] INFO  segmented.SegmentedRaftLogWorker (SegmentedRaftLogWorker.java:lambda$new$0(132)) - 52e1b467-e57b-4fcf-a518-bc87fcf908db-SegmentedRaftLogWorker:Storage Directory /workdir/hadoop-ozone/integration-test/target/test-dir/MiniOzoneClusterImpl-a7b65b7d-2f78-4bad-aae3-c6d6f5d380da/datanode-4/data/ratis/b28257cf-550b-4f41-843b-6a11792535a5: flushIndex: setUnconditionally 0 -> -1
2019-09-05 07:47:21,772 [pool-763-thread-1] INFO  server.RaftServerConfigKeys (ConfUtils.java:logGet(43)) - raft.server.log.queue.byte-limit = 2147483647 (custom)
2019-09-05 07:47:21,772 [pool-785-thread-1] INFO  server.RaftServerConfigKeys (ConfUtils.java:logGet(43)) - raft.server.log.queue.byte-limit = 2147483647 (custom)
2019-09-05 07:47:21,772 [pool-774-thread-1] INFO  server.RaftServerConfigKeys (ConfUtils.java:logGet(43)) - raft.server.snapshot.auto.trigger.enabled = true (custom)
2019-09-05 07:47:21,772 [pool-763-thread-1] INFO  server.RaftServerConfigKeys (ConfUtils.java:logGet(43)) - raft.server.log.queue.element-limit = 1024 (custom)
2019-09-05 07:47:21,773 [pool-774-thread-1] INFO  server.RaftServerConfigKeys (ConfUtils.java:logGet(43)) - raft.server.snapshot.auto.trigger.threshold = 10000 (custom)
2019-09-05 07:47:21,773 [pool-785-thread-1] INFO  server.RaftServerConfigKeys (ConfUtils.java:logGet(43)) - raft.server.log.queue.element-limit = 1024 (custom)
2019-09-05 07:47:21,773 [pool-774-thread-1] INFO  server.RaftServerConfigKeys (ConfUtils.java:logGet(43)) - raft.server.retrycache.expirytime = 600000ms (custom)
2019-09-05 07:47:21,773 [pool-763-thread-1] INFO  server.RaftServerConfigKeys (ConfUtils.java:logGet(43)) - raft.server.log.segment.size.max = 1048576 (custom)
2019-09-05 07:47:21,773 [pool-774-thread-1] INFO  impl.RaftServerImpl (RaftServerImpl.java:start(180)) - 52e1b467-e57b-4fcf-a518-bc87fcf908db: start group-6A11792535A5
2019-09-05 07:47:21,773 [pool-785-thread-1] INFO  server.RaftServerConfigKeys (ConfUtils.java:logGet(43)) - raft.server.log.segment.size.max = 1048576 (custom)
2019-09-05 07:47:21,773 [pool-774-thread-1] INFO  impl.RaftServerImpl (RaftServerImpl.java:setRole(171)) - 52e1b467-e57b-4fcf-a518-bc87fcf908db:group-6A11792535A5 changes role from null to FOLLOWER at term 0 for startAsFollower
2019-09-05 07:47:21,773 [pool-763-thread-1] INFO  server.RaftServerConfigKeys (ConfUtils.java:logGet(43)) - raft.server.log.preallocated.size = 16384 (custom)
2019-09-05 07:47:21,774 [pool-774-thread-1] INFO  impl.RoleInfo (RoleInfo.java:updateAndGet(143)) - 52e1b467-e57b-4fcf-a518-bc87fcf908db: start FollowerState
2019-09-05 07:47:21,773 [pool-785-thread-1] INFO  server.RaftServerConfigKeys (ConfUtils.java:logGet(43)) - raft.server.log.preallocated.size = 16384 (custom)
2019-09-05 07:47:21,774 [pool-785-thread-1] INFO  server.RaftServerConfigKeys (ConfUtils.java:logGet(43)) - raft.server.log.write.buffer.size = 33554432 (custom)
2019-09-05 07:47:21,774 [pool-774-thread-1] INFO  util.JmxRegister (JmxRegister.java:tryRegister(44)) - Successfully registered JMX Bean with object name Ratis:service=RaftServer,group=group-6A11792535A5,id=52e1b467-e57b-4fcf-a518-bc87fcf908db
2019-09-05 07:47:21,774 [pool-763-thread-1] INFO  server.RaftServerConfigKeys (ConfUtils.java:logGet(43)) - raft.server.log.write.buffer.size = 33554432 (custom)
2019-09-05 07:47:21,774 [pool-785-thread-1] INFO  server.RaftServerConfigKeys (ConfUtils.java:logGet(43)) - raft.server.log.force.sync.num = 128 (default)
2019-09-05 07:47:21,774 [pool-763-thread-1] INFO  server.RaftServerConfigKeys (ConfUtils.java:logGet(43)) - raft.server.log.force.sync.num = 128 (default)
2019-09-05 07:47:21,774 [pool-785-thread-1] INFO  server.RaftServerConfigKeys (ConfUtils.java:logGet(43)) - raft.server.log.statemachine.data.sync = true (default)
2019-09-05 07:47:21,775 [pool-763-thread-1] INFO  server.RaftServerConfigKeys (ConfUtils.java:logGet(43)) - raft.server.log.statemachine.data.sync = true (default)
2019-09-05 07:47:21,775 [pool-785-thread-1] INFO  server.RaftServerConfigKeys (ConfUtils.java:logGet(43)) - raft.server.log.statemachine.data.sync.timeout = 10s (default)
2019-09-05 07:47:21,775 [pool-763-thread-1] INFO  server.RaftServerConfigKeys (ConfUtils.java:logGet(43)) - raft.server.log.statemachine.data.sync.timeout = 10s (default)
2019-09-05 07:47:21,775 [pool-785-thread-1] INFO  server.RaftServerConfigKeys (ConfUtils.java:logGet(43)) - raft.server.log.statemachine.data.sync.timeout.retry = -1 (default)
2019-09-05 07:47:21,775 [pool-763-thread-1] INFO  server.RaftServerConfigKeys (ConfUtils.java:logGet(43)) - raft.server.log.statemachine.data.sync.timeout.retry = -1 (default)
2019-09-05 07:47:21,775 [pool-785-thread-1] INFO  server.RaftServerConfigKeys (ConfUtils.java:logGet(43)) - raft.server.log.statemachine.data.caching.enabled = true (custom)
2019-09-05 07:47:21,775 [pool-763-thread-1] INFO  server.RaftServerConfigKeys (ConfUtils.java:logGet(43)) - raft.server.log.statemachine.data.caching.enabled = true (custom)
2019-09-05 07:47:21,776 [pool-785-thread-1] INFO  segmented.SegmentedRaftLogWorker (SegmentedRaftLogWorker.java:lambda$new$0(132)) - e4f00552-71e6-4733-a812-14497e905a56-SegmentedRaftLogWorker:Storage Directory /workdir/hadoop-ozone/integration-test/target/test-dir/MiniOzoneClusterImpl-a7b65b7d-2f78-4bad-aae3-c6d6f5d380da/datanode-5/data/ratis/b28257cf-550b-4f41-843b-6a11792535a5: flushIndex: setUnconditionally 0 -> -1
2019-09-05 07:47:21,776 [pool-763-thread-1] INFO  segmented.SegmentedRaftLogWorker (SegmentedRaftLogWorker.java:lambda$new$0(132)) - 6d8a3bc5-9c47-4ffc-a54e-68d957b6d223-SegmentedRaftLogWorker:Storage Directory /workdir/hadoop-ozone/integration-test/target/test-dir/MiniOzoneClusterImpl-a7b65b7d-2f78-4bad-aae3-c6d6f5d380da/datanode-3/data/ratis/b28257cf-550b-4f41-843b-6a11792535a5: flushIndex: setUnconditionally 0 -> -1
2019-09-05 07:47:21,776 [pool-785-thread-1] INFO  server.RaftServerConfigKeys (ConfUtils.java:logGet(43)) - raft.server.snapshot.auto.trigger.enabled = true (custom)
2019-09-05 07:47:21,776 [pool-785-thread-1] INFO  server.RaftServerConfigKeys (ConfUtils.java:logGet(43)) - raft.server.snapshot.auto.trigger.threshold = 10000 (custom)
2019-09-05 07:47:21,776 [pool-763-thread-1] INFO  server.RaftServerConfigKeys (ConfUtils.java:logGet(43)) - raft.server.snapshot.auto.trigger.enabled = true (custom)
2019-09-05 07:47:21,776 [pool-785-thread-1] INFO  server.RaftServerConfigKeys (ConfUtils.java:logGet(43)) - raft.server.retrycache.expirytime = 600000ms (custom)
2019-09-05 07:47:21,776 [pool-763-thread-1] INFO  server.RaftServerConfigKeys (ConfUtils.java:logGet(43)) - raft.server.snapshot.auto.trigger.threshold = 10000 (custom)
2019-09-05 07:47:21,777 [pool-785-thread-1] INFO  impl.RaftServerImpl (RaftServerImpl.java:start(180)) - e4f00552-71e6-4733-a812-14497e905a56: start group-6A11792535A5
2019-09-05 07:47:21,777 [pool-763-thread-1] INFO  server.RaftServerConfigKeys (ConfUtils.java:logGet(43)) - raft.server.retrycache.expirytime = 600000ms (custom)
2019-09-05 07:47:21,777 [pool-785-thread-1] INFO  impl.RaftServerImpl (RaftServerImpl.java:setRole(171)) - e4f00552-71e6-4733-a812-14497e905a56:group-6A11792535A5 changes role from null to FOLLOWER at term 0 for startAsFollower
2019-09-05 07:47:21,777 [pool-763-thread-1] INFO  impl.RaftServerImpl (RaftServerImpl.java:start(180)) - 6d8a3bc5-9c47-4ffc-a54e-68d957b6d223: start group-6A11792535A5
2019-09-05 07:47:21,777 [pool-785-thread-1] INFO  impl.RoleInfo (RoleInfo.java:updateAndGet(143)) - e4f00552-71e6-4733-a812-14497e905a56: start FollowerState
2019-09-05 07:47:21,777 [pool-763-thread-1] INFO  impl.RaftServerImpl (RaftServerImpl.java:setRole(171)) - 6d8a3bc5-9c47-4ffc-a54e-68d957b6d223:group-6A11792535A5 changes role from null to FOLLOWER at term 0 for startAsFollower
2019-09-05 07:47:21,777 [pool-763-thread-1] INFO  impl.RoleInfo (RoleInfo.java:updateAndGet(143)) - 6d8a3bc5-9c47-4ffc-a54e-68d957b6d223: start FollowerState
2019-09-05 07:47:21,777 [pool-785-thread-1] INFO  util.JmxRegister (JmxRegister.java:tryRegister(44)) - Successfully registered JMX Bean with object name Ratis:service=RaftServer,group=group-6A11792535A5,id=e4f00552-71e6-4733-a812-14497e905a56
2019-09-05 07:47:21,778 [pool-763-thread-1] INFO  util.JmxRegister (JmxRegister.java:tryRegister(44)) - Successfully registered JMX Bean with object name Ratis:service=RaftServer,group=group-6A11792535A5,id=6d8a3bc5-9c47-4ffc-a54e-68d957b6d223
2019-09-05 07:47:21,780 [RatisPipelineUtilsThread] INFO  pipeline.PipelineStateManager (PipelineStateManager.java:addPipeline(56)) - Created pipeline Pipeline[ Id: b28257cf-550b-4f41-843b-6a11792535a5, Nodes: 6d8a3bc5-9c47-4ffc-a54e-68d957b6d223{ip: 192.168.36.69, host: pr-hdds-1571-lfg7x-4139639749, networkLocation: /default-rack, certSerialId: null}e4f00552-71e6-4733-a812-14497e905a56{ip: 192.168.36.69, host: pr-hdds-1571-lfg7x-4139639749, networkLocation: /default-rack, certSerialId: null}52e1b467-e57b-4fcf-a518-bc87fcf908db{ip: 192.168.36.69, host: pr-hdds-1571-lfg7x-4139639749, networkLocation: /default-rack, certSerialId: null}, Type:RATIS, Factor:THREE, State:OPEN]
2019-09-05 07:47:21,867 [main] INFO  ozone.MiniOzoneClusterImpl (MiniOzoneClusterImpl.java:lambda$waitForClusterToBeReady$0(142)) - Waiting for cluster to be ready. Got 6 of 7 DN Heartbeats.
2019-09-05 07:47:21,868 [IPC Server handler 4 on 39700] INFO  net.NetworkTopology (NetworkTopologyImpl.java:add(110)) - Added a new node: /default-rack/17ccb7c8-19aa-444e-a887-cfea9581dea6
2019-09-05 07:47:21,868 [IPC Server handler 4 on 39700] INFO  node.SCMNodeManager (SCMNodeManager.java:register(273)) - Registered Data node : 17ccb7c8-19aa-444e-a887-cfea9581dea6{ip: 192.168.36.69, host: pr-hdds-1571-lfg7x-4139639749, networkLocation: /default-rack, certSerialId: null}
2019-09-05 07:47:21,871 | INFO  | SCMAudit | user=jenkins1000 | ip=192.168.36.69 | op=REGISTER {datanodeDetails=17ccb7c8-19aa-444e-a887-cfea9581dea6{ip: 192.168.36.69, host: pr-hdds-1571-lfg7x-4139639749, networkLocation: /default-rack, certSerialId: null}} | ret=SUCCESS |  
2019-09-05 07:47:21,877 [grpc-default-executor-11] INFO  impl.RaftServerProxy (RaftServerProxy.java:addNew(89)) - 17ccb7c8-19aa-444e-a887-cfea9581dea6: addNew group-69A4AA0F7C97:[17ccb7c8-19aa-444e-a887-cfea9581dea6:192.168.36.69:37746] returns group-69A4AA0F7C97:java.util.concurrent.CompletableFuture@5da246c6[Not completed]
2019-09-05 07:47:21,878 [pool-796-thread-1] INFO  impl.RaftServerImpl (RaftServerImpl.java:<init>(93)) - 17ccb7c8-19aa-444e-a887-cfea9581dea6: new RaftServerImpl for group-69A4AA0F7C97:[17ccb7c8-19aa-444e-a887-cfea9581dea6:192.168.36.69:37746] with ContainerStateMachine:uninitialized
2019-09-05 07:47:21,878 [pool-796-thread-1] INFO  server.RaftServerConfigKeys (ConfUtils.java:logGet(43)) - raft.server.rpc.timeout.min = 5s (custom)
2019-09-05 07:47:21,878 [pool-796-thread-1] INFO  server.RaftServerConfigKeys (ConfUtils.java:logGet(43)) - raft.server.rpc.timeout.max = 5200ms (custom)
2019-09-05 07:47:21,878 [pool-796-thread-1] INFO  server.RaftServerConfigKeys (ConfUtils.java:logGet(43)) - raft.server.rpcslowness.timeout = 120s (custom)
2019-09-05 07:47:21,878 [pool-796-thread-1] INFO  server.RaftServerConfigKeys (ConfUtils.java:logGet(43)) - raft.server.sleep.deviation.threshold = 300 (default)
2019-09-05 07:47:21,879 [pool-796-thread-1] INFO  server.RaftServerConfigKeys (ConfUtils.java:logGet(43)) - raft.server.log.appender.install.snapshot.enabled = false (custom)
2019-09-05 07:47:21,879 [pool-796-thread-1] INFO  impl.RaftServerImpl (ServerState.java:<init>(105)) - 17ccb7c8-19aa-444e-a887-cfea9581dea6:group-69A4AA0F7C97 ConfigurationManager, init=-1: [17ccb7c8-19aa-444e-a887-cfea9581dea6:192.168.36.69:37746], old=null, confs=<EMPTY_MAP>
2019-09-05 07:47:21,879 [pool-796-thread-1] INFO  server.RaftServerConfigKeys (ConfUtils.java:logGet(43)) - raft.server.storage.dir = [/workdir/hadoop-ozone/integration-test/target/test-dir/MiniOzoneClusterImpl-a7b65b7d-2f78-4bad-aae3-c6d6f5d380da/datanode-6/data/ratis] (custom)
2019-09-05 07:47:21,879 [pool-796-thread-1] INFO  storage.RaftStorageDirectory (RaftStorageDirectory.java:analyzeStorage(246)) - The storage directory /workdir/hadoop-ozone/integration-test/target/test-dir/MiniOzoneClusterImpl-a7b65b7d-2f78-4bad-aae3-c6d6f5d380da/datanode-6/data/ratis/efa62ac2-02c8-4100-b642-69a4aa0f7c97 does not exist. Creating ...
2019-09-05 07:47:21,908 [pool-796-thread-1] INFO  storage.RaftStorageDirectory (RaftStorageDirectory.java:tryLock(328)) - Lock on /workdir/hadoop-ozone/integration-test/target/test-dir/MiniOzoneClusterImpl-a7b65b7d-2f78-4bad-aae3-c6d6f5d380da/datanode-6/data/ratis/efa62ac2-02c8-4100-b642-69a4aa0f7c97/in_use.lock acquired by nodename 22460@pr-hdds-1571-lfg7x-4139639749
2019-09-05 07:47:21,934 [pool-796-thread-1] INFO  storage.RaftStorage (RaftStorage.java:format(72)) - Storage directory /workdir/hadoop-ozone/integration-test/target/test-dir/MiniOzoneClusterImpl-a7b65b7d-2f78-4bad-aae3-c6d6f5d380da/datanode-6/data/ratis/efa62ac2-02c8-4100-b642-69a4aa0f7c97 has been successfully formatted.
2019-09-05 07:47:21,935 [pool-796-thread-1] INFO  ratis.ContainerStateMachine (ContainerStateMachine.java:loadSnapshot(226)) - group-69A4AA0F7C97: The snapshot info is null. Setting the last applied indexto:(t:0, i:~)
2019-09-05 07:47:21,935 [pool-796-thread-1] INFO  server.RaftServerConfigKeys (ConfUtils.java:logGet(43)) - raft.server.leader.election.timeout = 120s (custom)
2019-09-05 07:47:21,935 [pool-796-thread-1] INFO  server.RaftServerConfigKeys (ConfUtils.java:logGet(43)) - raft.server.log.use.memory = false (default)
2019-09-05 07:47:21,935 [pool-796-thread-1] INFO  server.RaftServerConfigKeys (ConfUtils.java:logGet(43)) - raft.server.log.purge.gap = 1000000 (custom)
2019-09-05 07:47:21,935 [pool-796-thread-1] INFO  server.RaftServerConfigKeys (ConfUtils.java:logGet(43)) - raft.server.log.appender.buffer.byte-limit = 33554432 (custom)
2019-09-05 07:47:21,935 [pool-796-thread-1] INFO  server.RaftServerConfigKeys (ConfUtils.java:logGet(43)) - raft.server.log.segment.size.max = 1048576 (custom)
2019-09-05 07:47:21,935 [pool-796-thread-1] INFO  server.RaftServerConfigKeys (ConfUtils.java:logGet(43)) - raft.server.log.segment.cache.num.max = 2 (custom)
2019-09-05 07:47:21,935 [pool-796-thread-1] INFO  segmented.SegmentedRaftLogWorker (SegmentedRaftLogWorker.java:<init>(172)) - new 17ccb7c8-19aa-444e-a887-cfea9581dea6-SegmentedRaftLogWorker:Storage Directory /workdir/hadoop-ozone/integration-test/target/test-dir/MiniOzoneClusterImpl-a7b65b7d-2f78-4bad-aae3-c6d6f5d380da/datanode-6/data/ratis/efa62ac2-02c8-4100-b642-69a4aa0f7c97 for RaftStorage:Storage Directory /workdir/hadoop-ozone/integration-test/target/test-dir/MiniOzoneClusterImpl-a7b65b7d-2f78-4bad-aae3-c6d6f5d380da/datanode-6/data/ratis/efa62ac2-02c8-4100-b642-69a4aa0f7c97
2019-09-05 07:47:21,935 [pool-796-thread-1] INFO  server.RaftServerConfigKeys (ConfUtils.java:logGet(43)) - raft.server.log.queue.byte-limit = 2147483647 (custom)
2019-09-05 07:47:21,936 [pool-796-thread-1] INFO  server.RaftServerConfigKeys (ConfUtils.java:logGet(43)) - raft.server.log.queue.element-limit = 1024 (custom)
2019-09-05 07:47:21,936 [pool-796-thread-1] INFO  server.RaftServerConfigKeys (ConfUtils.java:logGet(43)) - raft.server.log.segment.size.max = 1048576 (custom)
2019-09-05 07:47:21,936 [pool-796-thread-1] INFO  server.RaftServerConfigKeys (ConfUtils.java:logGet(43)) - raft.server.log.preallocated.size = 16384 (custom)
2019-09-05 07:47:21,936 [pool-796-thread-1] INFO  server.RaftServerConfigKeys (ConfUtils.java:logGet(43)) - raft.server.log.write.buffer.size = 33554432 (custom)
2019-09-05 07:47:21,936 [pool-796-thread-1] INFO  server.RaftServerConfigKeys (ConfUtils.java:logGet(43)) - raft.server.log.force.sync.num = 128 (default)
2019-09-05 07:47:21,936 [pool-796-thread-1] INFO  server.RaftServerConfigKeys (ConfUtils.java:logGet(43)) - raft.server.log.statemachine.data.sync = true (default)
2019-09-05 07:47:21,936 [pool-796-thread-1] INFO  server.RaftServerConfigKeys (ConfUtils.java:logGet(43)) - raft.server.log.statemachine.data.sync.timeout = 10s (default)
2019-09-05 07:47:21,936 [pool-796-thread-1] INFO  server.RaftServerConfigKeys (ConfUtils.java:logGet(43)) - raft.server.log.statemachine.data.sync.timeout.retry = -1 (default)
2019-09-05 07:47:21,937 [pool-796-thread-1] INFO  server.RaftServerConfigKeys (ConfUtils.java:logGet(43)) - raft.server.log.statemachine.data.caching.enabled = true (custom)
2019-09-05 07:47:21,937 [pool-796-thread-1] INFO  segmented.SegmentedRaftLogWorker (SegmentedRaftLogWorker.java:lambda$new$0(132)) - 17ccb7c8-19aa-444e-a887-cfea9581dea6-SegmentedRaftLogWorker:Storage Directory /workdir/hadoop-ozone/integration-test/target/test-dir/MiniOzoneClusterImpl-a7b65b7d-2f78-4bad-aae3-c6d6f5d380da/datanode-6/data/ratis/efa62ac2-02c8-4100-b642-69a4aa0f7c97: flushIndex: setUnconditionally 0 -> -1
2019-09-05 07:47:21,937 [pool-796-thread-1] INFO  server.RaftServerConfigKeys (ConfUtils.java:logGet(43)) - raft.server.snapshot.auto.trigger.enabled = true (custom)
2019-09-05 07:47:21,937 [pool-796-thread-1] INFO  server.RaftServerConfigKeys (ConfUtils.java:logGet(43)) - raft.server.snapshot.auto.trigger.threshold = 10000 (custom)
2019-09-05 07:47:21,937 [pool-796-thread-1] INFO  server.RaftServerConfigKeys (ConfUtils.java:logGet(43)) - raft.server.retrycache.expirytime = 600000ms (custom)
2019-09-05 07:47:21,938 [pool-796-thread-1] INFO  impl.RaftServerImpl (RaftServerImpl.java:start(180)) - 17ccb7c8-19aa-444e-a887-cfea9581dea6: start group-69A4AA0F7C97
2019-09-05 07:47:21,938 [pool-796-thread-1] INFO  impl.RaftServerImpl (RaftServerImpl.java:setRole(171)) - 17ccb7c8-19aa-444e-a887-cfea9581dea6:group-69A4AA0F7C97 changes role from null to FOLLOWER at term 0 for startAsFollower
2019-09-05 07:47:21,938 [pool-796-thread-1] INFO  impl.RoleInfo (RoleInfo.java:updateAndGet(143)) - 17ccb7c8-19aa-444e-a887-cfea9581dea6: start FollowerState
2019-09-05 07:47:21,938 [pool-796-thread-1] INFO  util.JmxRegister (JmxRegister.java:tryRegister(44)) - Successfully registered JMX Bean with object name Ratis:service=RaftServer,group=group-69A4AA0F7C97,id=17ccb7c8-19aa-444e-a887-cfea9581dea6
2019-09-05 07:47:21,940 [RatisPipelineUtilsThread] INFO  pipeline.PipelineStateManager (PipelineStateManager.java:addPipeline(56)) - Created pipeline Pipeline[ Id: efa62ac2-02c8-4100-b642-69a4aa0f7c97, Nodes: 17ccb7c8-19aa-444e-a887-cfea9581dea6{ip: 192.168.36.69, host: pr-hdds-1571-lfg7x-4139639749, networkLocation: /default-rack, certSerialId: null}, Type:RATIS, Factor:ONE, State:OPEN]
2019-09-05 07:47:22,401 | INFO  | SCMAudit | user=jenkins1000 | ip=192.168.36.69 | op=SEND_HEARTBEAT {datanodeUUID=cb859eed-419a-492b-9d90-62a140ca4152, command=[]} | ret=SUCCESS |  
2019-09-05 07:47:22,610 | INFO  | SCMAudit | user=jenkins1000 | ip=192.168.36.69 | op=SEND_HEARTBEAT {datanodeUUID=dce6a79c-87ca-48bd-bf9f-990cc252ad10, command=[]} | ret=SUCCESS |  
2019-09-05 07:47:22,817 | INFO  | SCMAudit | user=jenkins1000 | ip=192.168.36.69 | op=SEND_HEARTBEAT {datanodeUUID=9498405f-0a9d-49d4-805a-bb615e968bfe, command=[]} | ret=SUCCESS |  
2019-09-05 07:47:22,867 [main] INFO  ozone.MiniOzoneClusterImpl (MiniOzoneClusterImpl.java:lambda$waitForClusterToBeReady$0(142)) - Cluster is ready. Got 7 of 7 DN Heartbeats.
2019-09-05 07:47:22,917 [main] INFO  rpc.RpcClient (RpcClient.java:createVolume(293)) - Creating Volume: testblockoutputstream, with jenkins1000 as owner.
2019-09-05 07:47:22,948 | INFO  | OMAudit | user=jenkins1000 | ip=127.0.0.1 | op=CREATE_VOLUME {admin=jenkins1000, owner=jenkins1000, volume=testblockoutputstream, creationTime=1567669642919, quotaInBytes=1152921504606846976} | ret=SUCCESS |  
2019-09-05 07:47:22,955 | INFO  | OMAudit | user=jenkins1000 | ip=127.0.0.1 | op=READ_VOLUME {volume=testblockoutputstream} | ret=SUCCESS |  
2019-09-05 07:47:22,956 [main] INFO  rpc.RpcClient (RpcClient.java:createBucket(432)) - Creating Bucket: testblockoutputstream/testblockoutputstream, with Versioning false and Storage Type set to DISK and Encryption set to false 
2019-09-05 07:47:22,960 | INFO  | OMAudit | user=jenkins1000 | ip=127.0.0.1 | op=CREATE_BUCKET {volume=testblockoutputstream, bucket=testblockoutputstream, acls=[user:jenkins1000:a[ACCESS], group:default:a[ACCESS]], isVersionEnabled=false, storageType=DISK, creationTime=0} | ret=SUCCESS |  
2019-09-05 07:47:22,961 | INFO  | OMAudit | user=jenkins1000 | ip=127.0.0.1 | op=READ_VOLUME {volume=testblockoutputstream} | ret=SUCCESS |  
2019-09-05 07:47:22,963 | INFO  | OMAudit | user=jenkins1000 | ip=127.0.0.1 | op=READ_BUCKET {volume=testblockoutputstream, bucket=testblockoutputstream} | ret=SUCCESS |  
2019-09-05 07:47:22,990 | INFO  | SCMAudit | user=jenkins1000 | ip=192.168.36.69 | op=ALLOCATE_BLOCK {owner=978e92e5-6059-4368-bce5-14a87bcd86aa, size=800, type=RATIS, factor=THREE} | ret=SUCCESS |  
2019-09-05 07:47:22,992 | INFO  | OMAudit | user=jenkins1000 | ip=127.0.0.1 | op=ALLOCATE_KEY {volume=testblockoutputstream, bucket=testblockoutputstream, key=ff9cf983-0628-4988-bedb-74319efc1b31, dataSize=0, replicationType=RATIS, replicationFactor=THREE, keyLocationInfo=null} | ret=SUCCESS |  
2019-09-05 07:47:23,004 [grpc-default-executor-7] INFO  client.GrpcClientProtocolClient (GrpcClientProtocolClient.java:onNext(255)) - client-ADA4DD947952->cb859eed-419a-492b-9d90-62a140ca4152: receive RaftClientReply:client-ADA4DD947952->cb859eed-419a-492b-9d90-62a140ca4152@group-CB620DEF28F8, cid=274, FAILED org.apache.ratis.protocol.NotLeaderException: Server cb859eed-419a-492b-9d90-62a140ca4152 is not the leader (null). Request must be sent to leader., logIndex=0, commits[cb859eed-419a-492b-9d90-62a140ca4152:c-1]
2019-09-05 07:47:23,012 | INFO  | SCMAudit | user=jenkins1000 | ip=192.168.36.69 | op=SEND_HEARTBEAT {datanodeUUID=6d8a3bc5-9c47-4ffc-a54e-68d957b6d223, command=[]} | ret=SUCCESS |  
2019-09-05 07:47:23,209 | INFO  | SCMAudit | user=jenkins1000 | ip=192.168.36.69 | op=SEND_HEARTBEAT {datanodeUUID=52e1b467-e57b-4fcf-a518-bc87fcf908db, command=[]} | ret=SUCCESS |  
2019-09-05 07:47:23,402 | INFO  | SCMAudit | user=jenkins1000 | ip=192.168.36.69 | op=SEND_HEARTBEAT {datanodeUUID=cb859eed-419a-492b-9d90-62a140ca4152, command=[]} | ret=SUCCESS |  
2019-09-05 07:47:23,420 [Thread-4847] INFO  container.ReplicationManager (ReplicationManager.java:start(151)) - Starting Replication Monitor Thread.
2019-09-05 07:47:23,425 [ReplicationMonitor] INFO  container.ReplicationManager (ReplicationManager.java:run(214)) - Replication Monitor Thread took 0 milliseconds for processing 1 containers.
2019-09-05 07:47:23,610 | INFO  | SCMAudit | user=jenkins1000 | ip=192.168.36.69 | op=SEND_HEARTBEAT {datanodeUUID=dce6a79c-87ca-48bd-bf9f-990cc252ad10, command=[]} | ret=SUCCESS |  
2019-09-05 07:47:23,665 | INFO  | SCMAudit | user=jenkins1000 | ip=192.168.36.69 | op=SEND_HEARTBEAT {datanodeUUID=e4f00552-71e6-4733-a812-14497e905a56, command=[]} | ret=SUCCESS |  
2019-09-05 07:47:23,817 | INFO  | SCMAudit | user=jenkins1000 | ip=192.168.36.69 | op=SEND_HEARTBEAT {datanodeUUID=9498405f-0a9d-49d4-805a-bb615e968bfe, command=[]} | ret=SUCCESS |  
2019-09-05 07:47:23,867 | INFO  | SCMAudit | user=jenkins1000 | ip=192.168.36.69 | op=SEND_HEARTBEAT {datanodeUUID=17ccb7c8-19aa-444e-a887-cfea9581dea6, command=[]} | ret=SUCCESS |  
2019-09-05 07:47:24,016 | INFO  | SCMAudit | user=jenkins1000 | ip=192.168.36.69 | op=SEND_HEARTBEAT {datanodeUUID=6d8a3bc5-9c47-4ffc-a54e-68d957b6d223, command=[]} | ret=SUCCESS |  
2019-09-05 07:47:24,017 [grpc-default-executor-7] INFO  client.GrpcClientProtocolClient (GrpcClientProtocolClient.java:onNext(255)) - client-ADA4DD947952->dce6a79c-87ca-48bd-bf9f-990cc252ad10: receive RaftClientReply:client-ADA4DD947952->dce6a79c-87ca-48bd-bf9f-990cc252ad10@group-CB620DEF28F8, cid=274, FAILED org.apache.ratis.protocol.NotLeaderException: Server dce6a79c-87ca-48bd-bf9f-990cc252ad10 is not the leader (null). Request must be sent to leader., logIndex=0, commits[dce6a79c-87ca-48bd-bf9f-990cc252ad10:c-1]
2019-09-05 07:47:24,209 | INFO  | SCMAudit | user=jenkins1000 | ip=192.168.36.69 | op=SEND_HEARTBEAT {datanodeUUID=52e1b467-e57b-4fcf-a518-bc87fcf908db, command=[]} | ret=SUCCESS |  
2019-09-05 07:47:24,402 | INFO  | SCMAudit | user=jenkins1000 | ip=192.168.36.69 | op=SEND_HEARTBEAT {datanodeUUID=cb859eed-419a-492b-9d90-62a140ca4152, command=[]} | ret=SUCCESS |  
2019-09-05 07:47:24,609 | INFO  | SCMAudit | user=jenkins1000 | ip=192.168.36.69 | op=SEND_HEARTBEAT {datanodeUUID=dce6a79c-87ca-48bd-bf9f-990cc252ad10, command=[]} | ret=SUCCESS |  
2019-09-05 07:47:24,665 | INFO  | SCMAudit | user=jenkins1000 | ip=192.168.36.69 | op=SEND_HEARTBEAT {datanodeUUID=e4f00552-71e6-4733-a812-14497e905a56, command=[]} | ret=SUCCESS |  
2019-09-05 07:47:24,817 | INFO  | SCMAudit | user=jenkins1000 | ip=192.168.36.69 | op=SEND_HEARTBEAT {datanodeUUID=9498405f-0a9d-49d4-805a-bb615e968bfe, command=[]} | ret=SUCCESS |  
2019-09-05 07:47:24,867 | INFO  | SCMAudit | user=jenkins1000 | ip=192.168.36.69 | op=SEND_HEARTBEAT {datanodeUUID=17ccb7c8-19aa-444e-a887-cfea9581dea6, command=[]} | ret=SUCCESS |  
2019-09-05 07:47:25,015 | INFO  | SCMAudit | user=jenkins1000 | ip=192.168.36.69 | op=SEND_HEARTBEAT {datanodeUUID=6d8a3bc5-9c47-4ffc-a54e-68d957b6d223, command=[]} | ret=SUCCESS |  
2019-09-05 07:47:25,026 [grpc-default-executor-12] INFO  client.GrpcClientProtocolClient (GrpcClientProtocolClient.java:onNext(255)) - client-ADA4DD947952->cb859eed-419a-492b-9d90-62a140ca4152: receive RaftClientReply:client-ADA4DD947952->cb859eed-419a-492b-9d90-62a140ca4152@group-CB620DEF28F8, cid=274, FAILED org.apache.ratis.protocol.NotLeaderException: Server cb859eed-419a-492b-9d90-62a140ca4152 is not the leader (null). Request must be sent to leader., logIndex=0, commits[cb859eed-419a-492b-9d90-62a140ca4152:c-1]
2019-09-05 07:47:25,209 | INFO  | SCMAudit | user=jenkins1000 | ip=192.168.36.69 | op=SEND_HEARTBEAT {datanodeUUID=52e1b467-e57b-4fcf-a518-bc87fcf908db, command=[]} | ret=SUCCESS |  
2019-09-05 07:47:25,401 | INFO  | SCMAudit | user=jenkins1000 | ip=192.168.36.69 | op=SEND_HEARTBEAT {datanodeUUID=cb859eed-419a-492b-9d90-62a140ca4152, command=[]} | ret=SUCCESS |  
2019-09-05 07:47:25,610 | INFO  | SCMAudit | user=jenkins1000 | ip=192.168.36.69 | op=SEND_HEARTBEAT {datanodeUUID=dce6a79c-87ca-48bd-bf9f-990cc252ad10, command=[]} | ret=SUCCESS |  
2019-09-05 07:47:25,641 [Thread-4849] INFO  impl.FollowerState (FollowerState.java:run(106)) - cb859eed-419a-492b-9d90-62a140ca4152:group-EFFEDB84E6DA changes to CANDIDATE, lastRpcTime:5135, electionTimeout:5135ms
2019-09-05 07:47:25,641 [Thread-4849] INFO  impl.RoleInfo (RoleInfo.java:shutdownFollowerState(121)) - cb859eed-419a-492b-9d90-62a140ca4152: shutdown FollowerState
2019-09-05 07:47:25,641 [Thread-4849] INFO  impl.RaftServerImpl (RaftServerImpl.java:setRole(171)) - cb859eed-419a-492b-9d90-62a140ca4152:group-EFFEDB84E6DA changes role from FOLLOWER to CANDIDATE at term 0 for changeToCandidate
2019-09-05 07:47:25,641 [Thread-4849] INFO  impl.RoleInfo (RoleInfo.java:updateAndGet(143)) - cb859eed-419a-492b-9d90-62a140ca4152: start LeaderElection
2019-09-05 07:47:25,663 [cb859eed-419a-492b-9d90-62a140ca4152:group-EFFEDB84E6DA:LeaderElection104] INFO  impl.LeaderElection (LeaderElection.java:askForVotes(181)) - cb859eed-419a-492b-9d90-62a140ca4152:group-EFFEDB84E6DA:LeaderElection104: begin an election at term 1 for -1: [cb859eed-419a-492b-9d90-62a140ca4152:192.168.36.69:34107], old=null
2019-09-05 07:47:25,663 [cb859eed-419a-492b-9d90-62a140ca4152:group-EFFEDB84E6DA:LeaderElection104] INFO  impl.RoleInfo (RoleInfo.java:shutdownLeaderElection(134)) - cb859eed-419a-492b-9d90-62a140ca4152: shutdown LeaderElection
2019-09-05 07:47:25,663 [cb859eed-419a-492b-9d90-62a140ca4152:group-EFFEDB84E6DA:LeaderElection104] INFO  impl.RaftServerImpl (RaftServerImpl.java:setRole(171)) - cb859eed-419a-492b-9d90-62a140ca4152:group-EFFEDB84E6DA changes role from CANDIDATE to LEADER at term 1 for changeToLeader
2019-09-05 07:47:25,663 [cb859eed-419a-492b-9d90-62a140ca4152:group-EFFEDB84E6DA:LeaderElection104] INFO  impl.RaftServerImpl (ServerState.java:setLeader(263)) - cb859eed-419a-492b-9d90-62a140ca4152:group-EFFEDB84E6DA change Leader from null to cb859eed-419a-492b-9d90-62a140ca4152 at term 1 for becomeLeader, leader elected after 5160ms
2019-09-05 07:47:25,664 [cb859eed-419a-492b-9d90-62a140ca4152:group-EFFEDB84E6DA:LeaderElection104] INFO  server.RaftServerConfigKeys (ConfUtils.java:logGet(43)) - raft.server.staging.catchup.gap = 1000 (default)
2019-09-05 07:47:25,664 [cb859eed-419a-492b-9d90-62a140ca4152:group-EFFEDB84E6DA:LeaderElection104] INFO  server.RaftServerConfigKeys (ConfUtils.java:logGet(43)) - raft.server.rpc.sleep.time = 25ms (default)
2019-09-05 07:47:25,664 [cb859eed-419a-492b-9d90-62a140ca4152:group-EFFEDB84E6DA:LeaderElection104] INFO  server.RaftServerConfigKeys (ConfUtils.java:logGet(43)) - raft.server.write.element-limit = 4096 (default)
2019-09-05 07:47:25,664 [cb859eed-419a-492b-9d90-62a140ca4152:group-EFFEDB84E6DA:LeaderElection104] INFO  server.RaftServerConfigKeys (ConfUtils.java:logGet(43)) - raft.server.watch.timeout = 10s (default)
2019-09-05 07:47:25,664 [cb859eed-419a-492b-9d90-62a140ca4152:group-EFFEDB84E6DA:LeaderElection104] INFO  server.RaftServerConfigKeys (ConfUtils.java:logGet(43)) - raft.server.watch.timeout.denomination = 1s (default)
2019-09-05 07:47:25,664 [cb859eed-419a-492b-9d90-62a140ca4152:group-EFFEDB84E6DA:LeaderElection104] INFO  server.RaftServerConfigKeys (ConfUtils.java:logGet(43)) - raft.server.watch.element-limit = 65536 (default)
2019-09-05 07:47:25,664 [cb859eed-419a-492b-9d90-62a140ca4152:group-EFFEDB84E6DA:LeaderElection104] INFO  impl.RoleInfo (RoleInfo.java:updateAndGet(143)) - cb859eed-419a-492b-9d90-62a140ca4152: start LeaderState
2019-09-05 07:47:25,664 [cb859eed-419a-492b-9d90-62a140ca4152:group-EFFEDB84E6DA:LeaderElection104] INFO  segmented.SegmentedRaftLogWorker (SegmentedRaftLogWorker.java:startLogSegment(380)) - cb859eed-419a-492b-9d90-62a140ca4152-SegmentedRaftLogWorker:Storage Directory /workdir/hadoop-ozone/integration-test/target/test-dir/MiniOzoneClusterImpl-a7b65b7d-2f78-4bad-aae3-c6d6f5d380da/datanode-0/data/ratis/c6eb91e9-4e15-4f8e-8967-effedb84e6da: Starting segment from index:0
2019-09-05 07:47:25,665 [cb859eed-419a-492b-9d90-62a140ca4152:group-EFFEDB84E6DA:LeaderElection104] INFO  impl.RaftServerImpl (ServerState.java:setRaftConf(361)) - cb859eed-419a-492b-9d90-62a140ca4152:group-EFFEDB84E6DA set configuration 0: [cb859eed-419a-492b-9d90-62a140ca4152:192.168.36.69:34107], old=null at 0
2019-09-05 07:47:25,665 | INFO  | SCMAudit | user=jenkins1000 | ip=192.168.36.69 | op=SEND_HEARTBEAT {datanodeUUID=e4f00552-71e6-4733-a812-14497e905a56, command=[]} | ret=SUCCESS |  
2019-09-05 07:47:25,716 [cb859eed-419a-492b-9d90-62a140ca4152-SegmentedRaftLogWorker:Storage Directory /workdir/hadoop-ozone/integration-test/target/test-dir/MiniOzoneClusterImpl-a7b65b7d-2f78-4bad-aae3-c6d6f5d380da/datanode-0/data/ratis/c6eb91e9-4e15-4f8e-8967-effedb84e6da] INFO  segmented.SegmentedRaftLogWorker (SegmentedRaftLogWorker.java:execute(569)) - cb859eed-419a-492b-9d90-62a140ca4152-SegmentedRaftLogWorker:Storage Directory /workdir/hadoop-ozone/integration-test/target/test-dir/MiniOzoneClusterImpl-a7b65b7d-2f78-4bad-aae3-c6d6f5d380da/datanode-0/data/ratis/c6eb91e9-4e15-4f8e-8967-effedb84e6da: created new log segment /workdir/hadoop-ozone/integration-test/target/test-dir/MiniOzoneClusterImpl-a7b65b7d-2f78-4bad-aae3-c6d6f5d380da/datanode-0/data/ratis/c6eb91e9-4e15-4f8e-8967-effedb84e6da/current/log_inprogress_0
2019-09-05 07:47:25,770 [Thread-4852] INFO  impl.FollowerState (FollowerState.java:run(106)) - dce6a79c-87ca-48bd-bf9f-990cc252ad10:group-37AE2145E625 changes to CANDIDATE, lastRpcTime:5102, electionTimeout:5102ms
2019-09-05 07:47:25,770 [Thread-4852] INFO  impl.RoleInfo (RoleInfo.java:shutdownFollowerState(121)) - dce6a79c-87ca-48bd-bf9f-990cc252ad10: shutdown FollowerState
2019-09-05 07:47:25,770 [Thread-4852] INFO  impl.RaftServerImpl (RaftServerImpl.java:setRole(171)) - dce6a79c-87ca-48bd-bf9f-990cc252ad10:group-37AE2145E625 changes role from FOLLOWER to CANDIDATE at term 0 for changeToCandidate
2019-09-05 07:47:25,770 [Thread-4852] INFO  impl.RoleInfo (RoleInfo.java:updateAndGet(143)) - dce6a79c-87ca-48bd-bf9f-990cc252ad10: start LeaderElection
2019-09-05 07:47:25,790 [dce6a79c-87ca-48bd-bf9f-990cc252ad10:group-37AE2145E625:LeaderElection105] INFO  impl.LeaderElection (LeaderElection.java:askForVotes(181)) - dce6a79c-87ca-48bd-bf9f-990cc252ad10:group-37AE2145E625:LeaderElection105: begin an election at term 1 for -1: [dce6a79c-87ca-48bd-bf9f-990cc252ad10:192.168.36.69:41260], old=null
2019-09-05 07:47:25,790 [dce6a79c-87ca-48bd-bf9f-990cc252ad10:group-37AE2145E625:LeaderElection105] INFO  impl.RoleInfo (RoleInfo.java:shutdownLeaderElection(134)) - dce6a79c-87ca-48bd-bf9f-990cc252ad10: shutdown LeaderElection
2019-09-05 07:47:25,790 [dce6a79c-87ca-48bd-bf9f-990cc252ad10:group-37AE2145E625:LeaderElection105] INFO  impl.RaftServerImpl (RaftServerImpl.java:setRole(171)) - dce6a79c-87ca-48bd-bf9f-990cc252ad10:group-37AE2145E625 changes role from CANDIDATE to LEADER at term 1 for changeToLeader
2019-09-05 07:47:25,790 [dce6a79c-87ca-48bd-bf9f-990cc252ad10:group-37AE2145E625:LeaderElection105] INFO  impl.RaftServerImpl (ServerState.java:setLeader(263)) - dce6a79c-87ca-48bd-bf9f-990cc252ad10:group-37AE2145E625 change Leader from null to dce6a79c-87ca-48bd-bf9f-990cc252ad10 at term 1 for becomeLeader, leader elected after 5125ms
2019-09-05 07:47:25,790 [dce6a79c-87ca-48bd-bf9f-990cc252ad10:group-37AE2145E625:LeaderElection105] INFO  server.RaftServerConfigKeys (ConfUtils.java:logGet(43)) - raft.server.staging.catchup.gap = 1000 (default)
2019-09-05 07:47:25,790 [dce6a79c-87ca-48bd-bf9f-990cc252ad10:group-37AE2145E625:LeaderElection105] INFO  server.RaftServerConfigKeys (ConfUtils.java:logGet(43)) - raft.server.rpc.sleep.time = 25ms (default)
2019-09-05 07:47:25,790 [dce6a79c-87ca-48bd-bf9f-990cc252ad10:group-37AE2145E625:LeaderElection105] INFO  server.RaftServerConfigKeys (ConfUtils.java:logGet(43)) - raft.server.write.element-limit = 4096 (default)
2019-09-05 07:47:25,791 [dce6a79c-87ca-48bd-bf9f-990cc252ad10:group-37AE2145E625:LeaderElection105] INFO  server.RaftServerConfigKeys (ConfUtils.java:logGet(43)) - raft.server.watch.timeout = 10s (default)
2019-09-05 07:47:25,791 [dce6a79c-87ca-48bd-bf9f-990cc252ad10:group-37AE2145E625:LeaderElection105] INFO  server.RaftServerConfigKeys (ConfUtils.java:logGet(43)) - raft.server.watch.timeout.denomination = 1s (default)
2019-09-05 07:47:25,791 [dce6a79c-87ca-48bd-bf9f-990cc252ad10:group-37AE2145E625:LeaderElection105] INFO  server.RaftServerConfigKeys (ConfUtils.java:logGet(43)) - raft.server.watch.element-limit = 65536 (default)
2019-09-05 07:47:25,791 [dce6a79c-87ca-48bd-bf9f-990cc252ad10:group-37AE2145E625:LeaderElection105] INFO  impl.RoleInfo (RoleInfo.java:updateAndGet(143)) - dce6a79c-87ca-48bd-bf9f-990cc252ad10: start LeaderState
2019-09-05 07:47:25,791 [dce6a79c-87ca-48bd-bf9f-990cc252ad10:group-37AE2145E625:LeaderElection105] INFO  segmented.SegmentedRaftLogWorker (SegmentedRaftLogWorker.java:startLogSegment(380)) - dce6a79c-87ca-48bd-bf9f-990cc252ad10-SegmentedRaftLogWorker:Storage Directory /workdir/hadoop-ozone/integration-test/target/test-dir/MiniOzoneClusterImpl-a7b65b7d-2f78-4bad-aae3-c6d6f5d380da/datanode-1/data/ratis/37e76c68-501f-4c42-b3dc-37ae2145e625: Starting segment from index:0
2019-09-05 07:47:25,791 [dce6a79c-87ca-48bd-bf9f-990cc252ad10:group-37AE2145E625:LeaderElection105] INFO  impl.RaftServerImpl (ServerState.java:setRaftConf(361)) - dce6a79c-87ca-48bd-bf9f-990cc252ad10:group-37AE2145E625 set configuration 0: [dce6a79c-87ca-48bd-bf9f-990cc252ad10:192.168.36.69:41260], old=null at 0
2019-09-05 07:47:25,818 | INFO  | SCMAudit | user=jenkins1000 | ip=192.168.36.69 | op=SEND_HEARTBEAT {datanodeUUID=9498405f-0a9d-49d4-805a-bb615e968bfe, command=[]} | ret=SUCCESS |  
2019-09-05 07:47:25,834 [dce6a79c-87ca-48bd-bf9f-990cc252ad10-SegmentedRaftLogWorker:Storage Directory /workdir/hadoop-ozone/integration-test/target/test-dir/MiniOzoneClusterImpl-a7b65b7d-2f78-4bad-aae3-c6d6f5d380da/datanode-1/data/ratis/37e76c68-501f-4c42-b3dc-37ae2145e625] INFO  segmented.SegmentedRaftLogWorker (SegmentedRaftLogWorker.java:execute(569)) - dce6a79c-87ca-48bd-bf9f-990cc252ad10-SegmentedRaftLogWorker:Storage Directory /workdir/hadoop-ozone/integration-test/target/test-dir/MiniOzoneClusterImpl-a7b65b7d-2f78-4bad-aae3-c6d6f5d380da/datanode-1/data/ratis/37e76c68-501f-4c42-b3dc-37ae2145e625: created new log segment /workdir/hadoop-ozone/integration-test/target/test-dir/MiniOzoneClusterImpl-a7b65b7d-2f78-4bad-aae3-c6d6f5d380da/datanode-1/data/ratis/37e76c68-501f-4c42-b3dc-37ae2145e625/current/log_inprogress_0
2019-09-05 07:47:25,867 | INFO  | SCMAudit | user=jenkins1000 | ip=192.168.36.69 | op=SEND_HEARTBEAT {datanodeUUID=17ccb7c8-19aa-444e-a887-cfea9581dea6, command=[]} | ret=SUCCESS |  
2019-09-05 07:47:25,975 [Thread-4855] INFO  impl.FollowerState (FollowerState.java:run(106)) - 9498405f-0a9d-49d4-805a-bb615e968bfe:group-6D806FEEB2D6 changes to CANDIDATE, lastRpcTime:5099, electionTimeout:5099ms
2019-09-05 07:47:25,975 [Thread-4855] INFO  impl.RoleInfo (RoleInfo.java:shutdownFollowerState(121)) - 9498405f-0a9d-49d4-805a-bb615e968bfe: shutdown FollowerState
2019-09-05 07:47:25,975 [Thread-4855] INFO  impl.RaftServerImpl (RaftServerImpl.java:setRole(171)) - 9498405f-0a9d-49d4-805a-bb615e968bfe:group-6D806FEEB2D6 changes role from FOLLOWER to CANDIDATE at term 0 for changeToCandidate
2019-09-05 07:47:25,975 [Thread-4855] INFO  impl.RoleInfo (RoleInfo.java:updateAndGet(143)) - 9498405f-0a9d-49d4-805a-bb615e968bfe: start LeaderElection
2019-09-05 07:47:25,995 [9498405f-0a9d-49d4-805a-bb615e968bfe:group-6D806FEEB2D6:LeaderElection106] INFO  impl.LeaderElection (LeaderElection.java:askForVotes(181)) - 9498405f-0a9d-49d4-805a-bb615e968bfe:group-6D806FEEB2D6:LeaderElection106: begin an election at term 1 for -1: [9498405f-0a9d-49d4-805a-bb615e968bfe:192.168.36.69:43708], old=null
2019-09-05 07:47:25,995 [9498405f-0a9d-49d4-805a-bb615e968bfe:group-6D806FEEB2D6:LeaderElection106] INFO  impl.RoleInfo (RoleInfo.java:shutdownLeaderElection(134)) - 9498405f-0a9d-49d4-805a-bb615e968bfe: shutdown LeaderElection
2019-09-05 07:47:25,995 [9498405f-0a9d-49d4-805a-bb615e968bfe:group-6D806FEEB2D6:LeaderElection106] INFO  impl.RaftServerImpl (RaftServerImpl.java:setRole(171)) - 9498405f-0a9d-49d4-805a-bb615e968bfe:group-6D806FEEB2D6 changes role from CANDIDATE to LEADER at term 1 for changeToLeader
2019-09-05 07:47:25,995 [9498405f-0a9d-49d4-805a-bb615e968bfe:group-6D806FEEB2D6:LeaderElection106] INFO  impl.RaftServerImpl (ServerState.java:setLeader(263)) - 9498405f-0a9d-49d4-805a-bb615e968bfe:group-6D806FEEB2D6 change Leader from null to 9498405f-0a9d-49d4-805a-bb615e968bfe at term 1 for becomeLeader, leader elected after 5122ms
2019-09-05 07:47:25,995 [9498405f-0a9d-49d4-805a-bb615e968bfe:group-6D806FEEB2D6:LeaderElection106] INFO  server.RaftServerConfigKeys (ConfUtils.java:logGet(43)) - raft.server.staging.catchup.gap = 1000 (default)
2019-09-05 07:47:25,996 [9498405f-0a9d-49d4-805a-bb615e968bfe:group-6D806FEEB2D6:LeaderElection106] INFO  server.RaftServerConfigKeys (ConfUtils.java:logGet(43)) - raft.server.rpc.sleep.time = 25ms (default)
2019-09-05 07:47:25,996 [9498405f-0a9d-49d4-805a-bb615e968bfe:group-6D806FEEB2D6:LeaderElection106] INFO  server.RaftServerConfigKeys (ConfUtils.java:logGet(43)) - raft.server.write.element-limit = 4096 (default)
2019-09-05 07:47:25,996 [9498405f-0a9d-49d4-805a-bb615e968bfe:group-6D806FEEB2D6:LeaderElection106] INFO  server.RaftServerConfigKeys (ConfUtils.java:logGet(43)) - raft.server.watch.timeout = 10s (default)
2019-09-05 07:47:25,996 [9498405f-0a9d-49d4-805a-bb615e968bfe:group-6D806FEEB2D6:LeaderElection106] INFO  server.RaftServerConfigKeys (ConfUtils.java:logGet(43)) - raft.server.watch.timeout.denomination = 1s (default)
2019-09-05 07:47:25,996 [9498405f-0a9d-49d4-805a-bb615e968bfe:group-6D806FEEB2D6:LeaderElection106] INFO  server.RaftServerConfigKeys (ConfUtils.java:logGet(43)) - raft.server.watch.element-limit = 65536 (default)
2019-09-05 07:47:25,996 [9498405f-0a9d-49d4-805a-bb615e968bfe:group-6D806FEEB2D6:LeaderElection106] INFO  impl.RoleInfo (RoleInfo.java:updateAndGet(143)) - 9498405f-0a9d-49d4-805a-bb615e968bfe: start LeaderState
2019-09-05 07:47:25,997 [9498405f-0a9d-49d4-805a-bb615e968bfe:group-6D806FEEB2D6:LeaderElection106] INFO  segmented.SegmentedRaftLogWorker (SegmentedRaftLogWorker.java:startLogSegment(380)) - 9498405f-0a9d-49d4-805a-bb615e968bfe-SegmentedRaftLogWorker:Storage Directory /workdir/hadoop-ozone/integration-test/target/test-dir/MiniOzoneClusterImpl-a7b65b7d-2f78-4bad-aae3-c6d6f5d380da/datanode-2/data/ratis/7c962cf5-2561-488d-acba-6d806feeb2d6: Starting segment from index:0
2019-09-05 07:47:25,997 [9498405f-0a9d-49d4-805a-bb615e968bfe:group-6D806FEEB2D6:LeaderElection106] INFO  impl.RaftServerImpl (ServerState.java:setRaftConf(361)) - 9498405f-0a9d-49d4-805a-bb615e968bfe:group-6D806FEEB2D6 set configuration 0: [9498405f-0a9d-49d4-805a-bb615e968bfe:192.168.36.69:43708], old=null at 0
2019-09-05 07:47:26,015 | INFO  | SCMAudit | user=jenkins1000 | ip=192.168.36.69 | op=SEND_HEARTBEAT {datanodeUUID=6d8a3bc5-9c47-4ffc-a54e-68d957b6d223, command=[]} | ret=SUCCESS |  
2019-09-05 07:47:26,034 [grpc-default-executor-7] INFO  client.GrpcClientProtocolClient (GrpcClientProtocolClient.java:onNext(255)) - client-ADA4DD947952->dce6a79c-87ca-48bd-bf9f-990cc252ad10: receive RaftClientReply:client-ADA4DD947952->dce6a79c-87ca-48bd-bf9f-990cc252ad10@group-CB620DEF28F8, cid=274, FAILED org.apache.ratis.protocol.NotLeaderException: Server dce6a79c-87ca-48bd-bf9f-990cc252ad10 is not the leader (null). Request must be sent to leader., logIndex=0, commits[dce6a79c-87ca-48bd-bf9f-990cc252ad10:c-1]
2019-09-05 07:47:26,036 [Thread-4858] INFO  impl.FollowerState (FollowerState.java:run(106)) - 9498405f-0a9d-49d4-805a-bb615e968bfe:group-CB620DEF28F8 changes to CANDIDATE, lastRpcTime:5041, electionTimeout:5040ms
2019-09-05 07:47:26,037 [Thread-4858] INFO  impl.RoleInfo (RoleInfo.java:shutdownFollowerState(121)) - 9498405f-0a9d-49d4-805a-bb615e968bfe: shutdown FollowerState
2019-09-05 07:47:26,037 [Thread-4858] INFO  impl.RaftServerImpl (RaftServerImpl.java:setRole(171)) - 9498405f-0a9d-49d4-805a-bb615e968bfe:group-CB620DEF28F8 changes role from FOLLOWER to CANDIDATE at term 0 for changeToCandidate
2019-09-05 07:47:26,037 [Thread-4858] INFO  impl.RoleInfo (RoleInfo.java:updateAndGet(143)) - 9498405f-0a9d-49d4-805a-bb615e968bfe: start LeaderElection
2019-09-05 07:47:26,068 [9498405f-0a9d-49d4-805a-bb615e968bfe-SegmentedRaftLogWorker:Storage Directory /workdir/hadoop-ozone/integration-test/target/test-dir/MiniOzoneClusterImpl-a7b65b7d-2f78-4bad-aae3-c6d6f5d380da/datanode-2/data/ratis/7c962cf5-2561-488d-acba-6d806feeb2d6] INFO  segmented.SegmentedRaftLogWorker (SegmentedRaftLogWorker.java:execute(569)) - 9498405f-0a9d-49d4-805a-bb615e968bfe-SegmentedRaftLogWorker:Storage Directory /workdir/hadoop-ozone/integration-test/target/test-dir/MiniOzoneClusterImpl-a7b65b7d-2f78-4bad-aae3-c6d6f5d380da/datanode-2/data/ratis/7c962cf5-2561-488d-acba-6d806feeb2d6: created new log segment /workdir/hadoop-ozone/integration-test/target/test-dir/MiniOzoneClusterImpl-a7b65b7d-2f78-4bad-aae3-c6d6f5d380da/datanode-2/data/ratis/7c962cf5-2561-488d-acba-6d806feeb2d6/current/log_inprogress_0
2019-09-05 07:47:26,068 [9498405f-0a9d-49d4-805a-bb615e968bfe:group-CB620DEF28F8:LeaderElection107] INFO  impl.LeaderElection (LeaderElection.java:askForVotes(181)) - 9498405f-0a9d-49d4-805a-bb615e968bfe:group-CB620DEF28F8:LeaderElection107: begin an election at term 1 for -1: [cb859eed-419a-492b-9d90-62a140ca4152:192.168.36.69:34107, 9498405f-0a9d-49d4-805a-bb615e968bfe:192.168.36.69:43708, dce6a79c-87ca-48bd-bf9f-990cc252ad10:192.168.36.69:41260], old=null
2019-09-05 07:47:26,072 [grpc-default-executor-7] INFO  impl.RaftServerImpl (RaftServerImpl.java:setRole(171)) - dce6a79c-87ca-48bd-bf9f-990cc252ad10:group-CB620DEF28F8 changes role from FOLLOWER to FOLLOWER at term 1 for recognizeCandidate:9498405f-0a9d-49d4-805a-bb615e968bfe
2019-09-05 07:47:26,072 [grpc-default-executor-7] INFO  impl.RoleInfo (RoleInfo.java:shutdownFollowerState(121)) - dce6a79c-87ca-48bd-bf9f-990cc252ad10: shutdown FollowerState
2019-09-05 07:47:26,072 [grpc-default-executor-12] INFO  impl.RaftServerImpl (RaftServerImpl.java:setRole(171)) - cb859eed-419a-492b-9d90-62a140ca4152:group-CB620DEF28F8 changes role from FOLLOWER to FOLLOWER at term 1 for recognizeCandidate:9498405f-0a9d-49d4-805a-bb615e968bfe
2019-09-05 07:47:26,072 [Thread-4863] INFO  impl.FollowerState (FollowerState.java:run(114)) - dce6a79c-87ca-48bd-bf9f-990cc252ad10: FollowerState was interrupted: java.lang.InterruptedException: sleep interrupted
2019-09-05 07:47:26,072 [grpc-default-executor-7] INFO  impl.RoleInfo (RoleInfo.java:updateAndGet(143)) - dce6a79c-87ca-48bd-bf9f-990cc252ad10: start FollowerState
2019-09-05 07:47:26,072 [grpc-default-executor-12] INFO  impl.RoleInfo (RoleInfo.java:shutdownFollowerState(121)) - cb859eed-419a-492b-9d90-62a140ca4152: shutdown FollowerState
2019-09-05 07:47:26,073 [grpc-default-executor-12] INFO  impl.RoleInfo (RoleInfo.java:updateAndGet(143)) - cb859eed-419a-492b-9d90-62a140ca4152: start FollowerState
2019-09-05 07:47:26,073 [Thread-4862] INFO  impl.FollowerState (FollowerState.java:run(114)) - cb859eed-419a-492b-9d90-62a140ca4152: FollowerState was interrupted: java.lang.InterruptedException: sleep interrupted
2019-09-05 07:47:26,088 [9498405f-0a9d-49d4-805a-bb615e968bfe:group-CB620DEF28F8:LeaderElection107] INFO  impl.LeaderElection (LeaderElection.java:logAndReturn(56)) - 9498405f-0a9d-49d4-805a-bb615e968bfe:group-CB620DEF28F8:LeaderElection107: Election PASSED; received 1 response(s) [9498405f-0a9d-49d4-805a-bb615e968bfe<-cb859eed-419a-492b-9d90-62a140ca4152#0:OK-t1] and 0 exception(s); 9498405f-0a9d-49d4-805a-bb615e968bfe:t1, leader=null, voted=9498405f-0a9d-49d4-805a-bb615e968bfe, raftlog=9498405f-0a9d-49d4-805a-bb615e968bfe-SegmentedRaftLog:OPENED:c-1,f-1,i0, conf=-1: [cb859eed-419a-492b-9d90-62a140ca4152:192.168.36.69:34107, 9498405f-0a9d-49d4-805a-bb615e968bfe:192.168.36.69:43708, dce6a79c-87ca-48bd-bf9f-990cc252ad10:192.168.36.69:41260], old=null
2019-09-05 07:47:26,089 [9498405f-0a9d-49d4-805a-bb615e968bfe:group-CB620DEF28F8:LeaderElection107] INFO  impl.RoleInfo (RoleInfo.java:shutdownLeaderElection(134)) - 9498405f-0a9d-49d4-805a-bb615e968bfe: shutdown LeaderElection
2019-09-05 07:47:26,089 [9498405f-0a9d-49d4-805a-bb615e968bfe:group-CB620DEF28F8:LeaderElection107] INFO  impl.RaftServerImpl (RaftServerImpl.java:setRole(171)) - 9498405f-0a9d-49d4-805a-bb615e968bfe:group-CB620DEF28F8 changes role from CANDIDATE to LEADER at term 1 for changeToLeader
2019-09-05 07:47:26,089 [9498405f-0a9d-49d4-805a-bb615e968bfe:group-CB620DEF28F8:LeaderElection107] INFO  impl.RaftServerImpl (ServerState.java:setLeader(263)) - 9498405f-0a9d-49d4-805a-bb615e968bfe:group-CB620DEF28F8 change Leader from null to 9498405f-0a9d-49d4-805a-bb615e968bfe at term 1 for becomeLeader, leader elected after 5100ms
2019-09-05 07:47:26,089 [9498405f-0a9d-49d4-805a-bb615e968bfe:group-CB620DEF28F8:LeaderElection107] INFO  server.RaftServerConfigKeys (ConfUtils.java:logGet(43)) - raft.server.staging.catchup.gap = 1000 (default)
2019-09-05 07:47:26,089 [9498405f-0a9d-49d4-805a-bb615e968bfe:group-CB620DEF28F8:LeaderElection107] INFO  server.RaftServerConfigKeys (ConfUtils.java:logGet(43)) - raft.server.rpc.sleep.time = 25ms (default)
2019-09-05 07:47:26,089 [9498405f-0a9d-49d4-805a-bb615e968bfe:group-CB620DEF28F8:LeaderElection107] INFO  server.RaftServerConfigKeys (ConfUtils.java:logGet(43)) - raft.server.write.element-limit = 4096 (default)
2019-09-05 07:47:26,089 [9498405f-0a9d-49d4-805a-bb615e968bfe:group-CB620DEF28F8:LeaderElection107] INFO  server.RaftServerConfigKeys (ConfUtils.java:logGet(43)) - raft.server.watch.timeout = 10s (default)
2019-09-05 07:47:26,089 [9498405f-0a9d-49d4-805a-bb615e968bfe:group-CB620DEF28F8:LeaderElection107] INFO  server.RaftServerConfigKeys (ConfUtils.java:logGet(43)) - raft.server.watch.timeout.denomination = 1s (default)
2019-09-05 07:47:26,090 [9498405f-0a9d-49d4-805a-bb615e968bfe:group-CB620DEF28F8:LeaderElection107] INFO  server.RaftServerConfigKeys (ConfUtils.java:logGet(43)) - raft.server.watch.element-limit = 65536 (default)
2019-09-05 07:47:26,090 [9498405f-0a9d-49d4-805a-bb615e968bfe:group-CB620DEF28F8:LeaderElection107] INFO  server.RaftServerConfigKeys (ConfUtils.java:logGet(43)) - raft.server.log.appender.snapshot.chunk.size.max = 16MB (=16777216) (default)
2019-09-05 07:47:26,090 [9498405f-0a9d-49d4-805a-bb615e968bfe:group-CB620DEF28F8:LeaderElection107] INFO  server.RaftServerConfigKeys (ConfUtils.java:logGet(43)) - raft.server.log.appender.buffer.byte-limit = 33554432 (custom)
2019-09-05 07:47:26,090 [9498405f-0a9d-49d4-805a-bb615e968bfe:group-CB620DEF28F8:LeaderElection107] INFO  server.RaftServerConfigKeys (ConfUtils.java:logGet(43)) - raft.server.log.appender.buffer.element-limit = 1 (custom)
2019-09-05 07:47:26,090 [9498405f-0a9d-49d4-805a-bb615e968bfe:group-CB620DEF28F8:LeaderElection107] INFO  grpc.GrpcConfigKeys$Server (ConfUtils.java:logGet(43)) - raft.grpc.server.leader.outstanding.appends.max = 128 (default)
2019-09-05 07:47:26,091 [9498405f-0a9d-49d4-805a-bb615e968bfe:group-CB620DEF28F8:LeaderElection107] INFO  server.RaftServerConfigKeys (ConfUtils.java:logGet(43)) - raft.server.rpc.request.timeout = 3000ms (default)
2019-09-05 07:47:26,091 [9498405f-0a9d-49d4-805a-bb615e968bfe:group-CB620DEF28F8:LeaderElection107] INFO  server.RaftServerConfigKeys (ConfUtils.java:logGet(43)) - raft.server.log.appender.install.snapshot.enabled = false (custom)
2019-09-05 07:47:26,091 [9498405f-0a9d-49d4-805a-bb615e968bfe:group-CB620DEF28F8:LeaderElection107] INFO  server.RaftServerConfigKeys (ConfUtils.java:logGet(43)) - raft.server.log.appender.snapshot.chunk.size.max = 16MB (=16777216) (default)
2019-09-05 07:47:26,091 [9498405f-0a9d-49d4-805a-bb615e968bfe:group-CB620DEF28F8:LeaderElection107] INFO  server.RaftServerConfigKeys (ConfUtils.java:logGet(43)) - raft.server.log.appender.buffer.byte-limit = 33554432 (custom)
2019-09-05 07:47:26,091 [9498405f-0a9d-49d4-805a-bb615e968bfe:group-CB620DEF28F8:LeaderElection107] INFO  server.RaftServerConfigKeys (ConfUtils.java:logGet(43)) - raft.server.log.appender.buffer.element-limit = 1 (custom)
2019-09-05 07:47:26,091 [9498405f-0a9d-49d4-805a-bb615e968bfe:group-CB620DEF28F8:LeaderElection107] INFO  grpc.GrpcConfigKeys$Server (ConfUtils.java:logGet(43)) - raft.grpc.server.leader.outstanding.appends.max = 128 (default)
2019-09-05 07:47:26,092 [9498405f-0a9d-49d4-805a-bb615e968bfe:group-CB620DEF28F8:LeaderElection107] INFO  server.RaftServerConfigKeys (ConfUtils.java:logGet(43)) - raft.server.rpc.request.timeout = 3000ms (default)
2019-09-05 07:47:26,092 [9498405f-0a9d-49d4-805a-bb615e968bfe:group-CB620DEF28F8:LeaderElection107] INFO  server.RaftServerConfigKeys (ConfUtils.java:logGet(43)) - raft.server.log.appender.install.snapshot.enabled = false (custom)
2019-09-05 07:47:26,092 [9498405f-0a9d-49d4-805a-bb615e968bfe:group-CB620DEF28F8:LeaderElection107] INFO  impl.RoleInfo (RoleInfo.java:updateAndGet(143)) - 9498405f-0a9d-49d4-805a-bb615e968bfe: start LeaderState
2019-09-05 07:47:26,092 [9498405f-0a9d-49d4-805a-bb615e968bfe:group-CB620DEF28F8:LeaderElection107] INFO  segmented.SegmentedRaftLogWorker (SegmentedRaftLogWorker.java:startLogSegment(380)) - 9498405f-0a9d-49d4-805a-bb615e968bfe-SegmentedRaftLogWorker:Storage Directory /workdir/hadoop-ozone/integration-test/target/test-dir/MiniOzoneClusterImpl-a7b65b7d-2f78-4bad-aae3-c6d6f5d380da/datanode-2/data/ratis/02120de9-c8f9-4931-95de-cb620def28f8: Starting segment from index:0
2019-09-05 07:47:26,093 [9498405f-0a9d-49d4-805a-bb615e968bfe:group-CB620DEF28F8:LeaderElection107] INFO  impl.RaftServerImpl (ServerState.java:setRaftConf(361)) - 9498405f-0a9d-49d4-805a-bb615e968bfe:group-CB620DEF28F8 set configuration 0: [cb859eed-419a-492b-9d90-62a140ca4152:192.168.36.69:34107, 9498405f-0a9d-49d4-805a-bb615e968bfe:192.168.36.69:43708, dce6a79c-87ca-48bd-bf9f-990cc252ad10:192.168.36.69:41260], old=null at 0
2019-09-05 07:47:26,128 [grpc-default-executor-12] INFO  impl.RaftServerImpl (ServerState.java:setLeader(263)) - dce6a79c-87ca-48bd-bf9f-990cc252ad10:group-CB620DEF28F8 change Leader from null to 9498405f-0a9d-49d4-805a-bb615e968bfe at term 1 for appendEntries, leader elected after 5138ms
2019-09-05 07:47:26,130 [grpc-default-executor-7] INFO  impl.RaftServerImpl (ServerState.java:setLeader(263)) - cb859eed-419a-492b-9d90-62a140ca4152:group-CB620DEF28F8 change Leader from null to 9498405f-0a9d-49d4-805a-bb615e968bfe at term 1 for appendEntries, leader elected after 5141ms
2019-09-05 07:47:26,132 [grpc-default-executor-7] INFO  impl.RaftServerImpl (ServerState.java:setRaftConf(361)) - dce6a79c-87ca-48bd-bf9f-990cc252ad10:group-CB620DEF28F8 set configuration 0: [cb859eed-419a-492b-9d90-62a140ca4152:192.168.36.69:34107, 9498405f-0a9d-49d4-805a-bb615e968bfe:192.168.36.69:43708, dce6a79c-87ca-48bd-bf9f-990cc252ad10:192.168.36.69:41260], old=null at 0
2019-09-05 07:47:26,132 [grpc-default-executor-7] INFO  segmented.SegmentedRaftLogWorker (SegmentedRaftLogWorker.java:startLogSegment(380)) - dce6a79c-87ca-48bd-bf9f-990cc252ad10-SegmentedRaftLogWorker:Storage Directory /workdir/hadoop-ozone/integration-test/target/test-dir/MiniOzoneClusterImpl-a7b65b7d-2f78-4bad-aae3-c6d6f5d380da/datanode-1/data/ratis/02120de9-c8f9-4931-95de-cb620def28f8: Starting segment from index:0
2019-09-05 07:47:26,132 [grpc-default-executor-12] INFO  impl.RaftServerImpl (ServerState.java:setRaftConf(361)) - cb859eed-419a-492b-9d90-62a140ca4152:group-CB620DEF28F8 set configuration 0: [cb859eed-419a-492b-9d90-62a140ca4152:192.168.36.69:34107, 9498405f-0a9d-49d4-805a-bb615e968bfe:192.168.36.69:43708, dce6a79c-87ca-48bd-bf9f-990cc252ad10:192.168.36.69:41260], old=null at 0
2019-09-05 07:47:26,132 [grpc-default-executor-12] INFO  segmented.SegmentedRaftLogWorker (SegmentedRaftLogWorker.java:startLogSegment(380)) - cb859eed-419a-492b-9d90-62a140ca4152-SegmentedRaftLogWorker:Storage Directory /workdir/hadoop-ozone/integration-test/target/test-dir/MiniOzoneClusterImpl-a7b65b7d-2f78-4bad-aae3-c6d6f5d380da/datanode-0/data/ratis/02120de9-c8f9-4931-95de-cb620def28f8: Starting segment from index:0
2019-09-05 07:47:26,144 [9498405f-0a9d-49d4-805a-bb615e968bfe-SegmentedRaftLogWorker:Storage Directory /workdir/hadoop-ozone/integration-test/target/test-dir/MiniOzoneClusterImpl-a7b65b7d-2f78-4bad-aae3-c6d6f5d380da/datanode-2/data/ratis/02120de9-c8f9-4931-95de-cb620def28f8] INFO  segmented.SegmentedRaftLogWorker (SegmentedRaftLogWorker.java:execute(569)) - 9498405f-0a9d-49d4-805a-bb615e968bfe-SegmentedRaftLogWorker:Storage Directory /workdir/hadoop-ozone/integration-test/target/test-dir/MiniOzoneClusterImpl-a7b65b7d-2f78-4bad-aae3-c6d6f5d380da/datanode-2/data/ratis/02120de9-c8f9-4931-95de-cb620def28f8: created new log segment /workdir/hadoop-ozone/integration-test/target/test-dir/MiniOzoneClusterImpl-a7b65b7d-2f78-4bad-aae3-c6d6f5d380da/datanode-2/data/ratis/02120de9-c8f9-4931-95de-cb620def28f8/current/log_inprogress_0
2019-09-05 07:47:26,197 [dce6a79c-87ca-48bd-bf9f-990cc252ad10-SegmentedRaftLogWorker:Storage Directory /workdir/hadoop-ozone/integration-test/target/test-dir/MiniOzoneClusterImpl-a7b65b7d-2f78-4bad-aae3-c6d6f5d380da/datanode-1/data/ratis/02120de9-c8f9-4931-95de-cb620def28f8] INFO  segmented.SegmentedRaftLogWorker (SegmentedRaftLogWorker.java:execute(569)) - dce6a79c-87ca-48bd-bf9f-990cc252ad10-SegmentedRaftLogWorker:Storage Directory /workdir/hadoop-ozone/integration-test/target/test-dir/MiniOzoneClusterImpl-a7b65b7d-2f78-4bad-aae3-c6d6f5d380da/datanode-1/data/ratis/02120de9-c8f9-4931-95de-cb620def28f8: created new log segment /workdir/hadoop-ozone/integration-test/target/test-dir/MiniOzoneClusterImpl-a7b65b7d-2f78-4bad-aae3-c6d6f5d380da/datanode-1/data/ratis/02120de9-c8f9-4931-95de-cb620def28f8/current/log_inprogress_0
2019-09-05 07:47:26,197 [cb859eed-419a-492b-9d90-62a140ca4152-SegmentedRaftLogWorker:Storage Directory /workdir/hadoop-ozone/integration-test/target/test-dir/MiniOzoneClusterImpl-a7b65b7d-2f78-4bad-aae3-c6d6f5d380da/datanode-0/data/ratis/02120de9-c8f9-4931-95de-cb620def28f8] INFO  segmented.SegmentedRaftLogWorker (SegmentedRaftLogWorker.java:execute(569)) - cb859eed-419a-492b-9d90-62a140ca4152-SegmentedRaftLogWorker:Storage Directory /workdir/hadoop-ozone/integration-test/target/test-dir/MiniOzoneClusterImpl-a7b65b7d-2f78-4bad-aae3-c6d6f5d380da/datanode-0/data/ratis/02120de9-c8f9-4931-95de-cb620def28f8: created new log segment /workdir/hadoop-ozone/integration-test/target/test-dir/MiniOzoneClusterImpl-a7b65b7d-2f78-4bad-aae3-c6d6f5d380da/datanode-0/data/ratis/02120de9-c8f9-4931-95de-cb620def28f8/current/log_inprogress_0
2019-09-05 07:47:26,208 | INFO  | SCMAudit | user=jenkins1000 | ip=192.168.36.69 | op=SEND_HEARTBEAT {datanodeUUID=52e1b467-e57b-4fcf-a518-bc87fcf908db, command=[]} | ret=SUCCESS |  
2019-09-05 07:47:26,242 [Thread-4867] INFO  impl.FollowerState (FollowerState.java:run(106)) - 6d8a3bc5-9c47-4ffc-a54e-68d957b6d223:group-B237CFA25109 changes to CANDIDATE, lastRpcTime:5198, electionTimeout:5198ms
2019-09-05 07:47:26,242 [Thread-4867] INFO  impl.RoleInfo (RoleInfo.java:shutdownFollowerState(121)) - 6d8a3bc5-9c47-4ffc-a54e-68d957b6d223: shutdown FollowerState
2019-09-05 07:47:26,242 [Thread-4867] INFO  impl.RaftServerImpl (RaftServerImpl.java:setRole(171)) - 6d8a3bc5-9c47-4ffc-a54e-68d957b6d223:group-B237CFA25109 changes role from FOLLOWER to CANDIDATE at term 0 for changeToCandidate
2019-09-05 07:47:26,242 [Thread-4867] INFO  impl.RoleInfo (RoleInfo.java:updateAndGet(143)) - 6d8a3bc5-9c47-4ffc-a54e-68d957b6d223: start LeaderElection
2019-09-05 07:47:26,268 [6d8a3bc5-9c47-4ffc-a54e-68d957b6d223:group-B237CFA25109:LeaderElection108] INFO  impl.LeaderElection (LeaderElection.java:askForVotes(181)) - 6d8a3bc5-9c47-4ffc-a54e-68d957b6d223:group-B237CFA25109:LeaderElection108: begin an election at term 1 for -1: [6d8a3bc5-9c47-4ffc-a54e-68d957b6d223:192.168.36.69:33364], old=null
2019-09-05 07:47:26,268 [6d8a3bc5-9c47-4ffc-a54e-68d957b6d223:group-B237CFA25109:LeaderElection108] INFO  impl.RoleInfo (RoleInfo.java:shutdownLeaderElection(134)) - 6d8a3bc5-9c47-4ffc-a54e-68d957b6d223: shutdown LeaderElection
2019-09-05 07:47:26,268 [6d8a3bc5-9c47-4ffc-a54e-68d957b6d223:group-B237CFA25109:LeaderElection108] INFO  impl.RaftServerImpl (RaftServerImpl.java:setRole(171)) - 6d8a3bc5-9c47-4ffc-a54e-68d957b6d223:group-B237CFA25109 changes role from CANDIDATE to LEADER at term 1 for changeToLeader
2019-09-05 07:47:26,268 [6d8a3bc5-9c47-4ffc-a54e-68d957b6d223:group-B237CFA25109:LeaderElection108] INFO  impl.RaftServerImpl (ServerState.java:setLeader(263)) - 6d8a3bc5-9c47-4ffc-a54e-68d957b6d223:group-B237CFA25109 change Leader from null to 6d8a3bc5-9c47-4ffc-a54e-68d957b6d223 at term 1 for becomeLeader, leader elected after 5228ms
2019-09-05 07:47:26,269 [6d8a3bc5-9c47-4ffc-a54e-68d957b6d223:group-B237CFA25109:LeaderElection108] INFO  server.RaftServerConfigKeys (ConfUtils.java:logGet(43)) - raft.server.staging.catchup.gap = 1000 (default)
2019-09-05 07:47:26,269 [6d8a3bc5-9c47-4ffc-a54e-68d957b6d223:group-B237CFA25109:LeaderElection108] INFO  server.RaftServerConfigKeys (ConfUtils.java:logGet(43)) - raft.server.rpc.sleep.time = 25ms (default)
2019-09-05 07:47:26,269 [6d8a3bc5-9c47-4ffc-a54e-68d957b6d223:group-B237CFA25109:LeaderElection108] INFO  server.RaftServerConfigKeys (ConfUtils.java:logGet(43)) - raft.server.write.element-limit = 4096 (default)
2019-09-05 07:47:26,269 [6d8a3bc5-9c47-4ffc-a54e-68d957b6d223:group-B237CFA25109:LeaderElection108] INFO  server.RaftServerConfigKeys (ConfUtils.java:logGet(43)) - raft.server.watch.timeout = 10s (default)
2019-09-05 07:47:26,269 [6d8a3bc5-9c47-4ffc-a54e-68d957b6d223:group-B237CFA25109:LeaderElection108] INFO  server.RaftServerConfigKeys (ConfUtils.java:logGet(43)) - raft.server.watch.timeout.denomination = 1s (default)
2019-09-05 07:47:26,269 [6d8a3bc5-9c47-4ffc-a54e-68d957b6d223:group-B237CFA25109:LeaderElection108] INFO  server.RaftServerConfigKeys (ConfUtils.java:logGet(43)) - raft.server.watch.element-limit = 65536 (default)
2019-09-05 07:47:26,269 [6d8a3bc5-9c47-4ffc-a54e-68d957b6d223:group-B237CFA25109:LeaderElection108] INFO  impl.RoleInfo (RoleInfo.java:updateAndGet(143)) - 6d8a3bc5-9c47-4ffc-a54e-68d957b6d223: start LeaderState
2019-09-05 07:47:26,270 [6d8a3bc5-9c47-4ffc-a54e-68d957b6d223:group-B237CFA25109:LeaderElection108] INFO  segmented.SegmentedRaftLogWorker (SegmentedRaftLogWorker.java:startLogSegment(380)) - 6d8a3bc5-9c47-4ffc-a54e-68d957b6d223-SegmentedRaftLogWorker:Storage Directory /workdir/hadoop-ozone/integration-test/target/test-dir/MiniOzoneClusterImpl-a7b65b7d-2f78-4bad-aae3-c6d6f5d380da/datanode-3/data/ratis/85a2eacd-805d-4c49-a42d-b237cfa25109: Starting segment from index:0
2019-09-05 07:47:26,270 [6d8a3bc5-9c47-4ffc-a54e-68d957b6d223:group-B237CFA25109:LeaderElection108] INFO  impl.RaftServerImpl (ServerState.java:setRaftConf(361)) - 6d8a3bc5-9c47-4ffc-a54e-68d957b6d223:group-B237CFA25109 set configuration 0: [6d8a3bc5-9c47-4ffc-a54e-68d957b6d223:192.168.36.69:33364], old=null at 0
2019-09-05 07:47:26,327 [6d8a3bc5-9c47-4ffc-a54e-68d957b6d223-SegmentedRaftLogWorker:Storage Directory /workdir/hadoop-ozone/integration-test/target/test-dir/MiniOzoneClusterImpl-a7b65b7d-2f78-4bad-aae3-c6d6f5d380da/datanode-3/data/ratis/85a2eacd-805d-4c49-a42d-b237cfa25109] INFO  segmented.SegmentedRaftLogWorker (SegmentedRaftLogWorker.java:execute(569)) - 6d8a3bc5-9c47-4ffc-a54e-68d957b6d223-SegmentedRaftLogWorker:Storage Directory /workdir/hadoop-ozone/integration-test/target/test-dir/MiniOzoneClusterImpl-a7b65b7d-2f78-4bad-aae3-c6d6f5d380da/datanode-3/data/ratis/85a2eacd-805d-4c49-a42d-b237cfa25109: created new log segment /workdir/hadoop-ozone/integration-test/target/test-dir/MiniOzoneClusterImpl-a7b65b7d-2f78-4bad-aae3-c6d6f5d380da/datanode-3/data/ratis/85a2eacd-805d-4c49-a42d-b237cfa25109/current/log_inprogress_0
2019-09-05 07:47:26,401 | INFO  | SCMAudit | user=jenkins1000 | ip=192.168.36.69 | op=SEND_HEARTBEAT {datanodeUUID=cb859eed-419a-492b-9d90-62a140ca4152, command=[]} | ret=SUCCESS |  
2019-09-05 07:47:26,435 [Thread-4870] INFO  impl.FollowerState (FollowerState.java:run(106)) - 52e1b467-e57b-4fcf-a518-bc87fcf908db:group-FF39A74F7941 changes to CANDIDATE, lastRpcTime:5165, electionTimeout:5165ms
2019-09-05 07:47:26,435 [Thread-4870] INFO  impl.RoleInfo (RoleInfo.java:shutdownFollowerState(121)) - 52e1b467-e57b-4fcf-a518-bc87fcf908db: shutdown FollowerState
2019-09-05 07:47:26,435 [Thread-4870] INFO  impl.RaftServerImpl (RaftServerImpl.java:setRole(171)) - 52e1b467-e57b-4fcf-a518-bc87fcf908db:group-FF39A74F7941 changes role from FOLLOWER to CANDIDATE at term 0 for changeToCandidate
2019-09-05 07:47:26,435 [Thread-4870] INFO  impl.RoleInfo (RoleInfo.java:updateAndGet(143)) - 52e1b467-e57b-4fcf-a518-bc87fcf908db: start LeaderElection
2019-09-05 07:47:26,454 [52e1b467-e57b-4fcf-a518-bc87fcf908db:group-FF39A74F7941:LeaderElection109] INFO  impl.LeaderElection (LeaderElection.java:askForVotes(181)) - 52e1b467-e57b-4fcf-a518-bc87fcf908db:group-FF39A74F7941:LeaderElection109: begin an election at term 1 for -1: [52e1b467-e57b-4fcf-a518-bc87fcf908db:192.168.36.69:45469], old=null
2019-09-05 07:47:26,454 [52e1b467-e57b-4fcf-a518-bc87fcf908db:group-FF39A74F7941:LeaderElection109] INFO  impl.RoleInfo (RoleInfo.java:shutdownLeaderElection(134)) - 52e1b467-e57b-4fcf-a518-bc87fcf908db: shutdown LeaderElection
2019-09-05 07:47:26,454 [52e1b467-e57b-4fcf-a518-bc87fcf908db:group-FF39A74F7941:LeaderElection109] INFO  impl.RaftServerImpl (RaftServerImpl.java:setRole(171)) - 52e1b467-e57b-4fcf-a518-bc87fcf908db:group-FF39A74F7941 changes role from CANDIDATE to LEADER at term 1 for changeToLeader
2019-09-05 07:47:26,454 [52e1b467-e57b-4fcf-a518-bc87fcf908db:group-FF39A74F7941:LeaderElection109] INFO  impl.RaftServerImpl (ServerState.java:setLeader(263)) - 52e1b467-e57b-4fcf-a518-bc87fcf908db:group-FF39A74F7941 change Leader from null to 52e1b467-e57b-4fcf-a518-bc87fcf908db at term 1 for becomeLeader, leader elected after 5189ms
2019-09-05 07:47:26,454 [52e1b467-e57b-4fcf-a518-bc87fcf908db:group-FF39A74F7941:LeaderElection109] INFO  server.RaftServerConfigKeys (ConfUtils.java:logGet(43)) - raft.server.staging.catchup.gap = 1000 (default)
2019-09-05 07:47:26,455 [52e1b467-e57b-4fcf-a518-bc87fcf908db:group-FF39A74F7941:LeaderElection109] INFO  server.RaftServerConfigKeys (ConfUtils.java:logGet(43)) - raft.server.rpc.sleep.time = 25ms (default)
2019-09-05 07:47:26,455 [52e1b467-e57b-4fcf-a518-bc87fcf908db:group-FF39A74F7941:LeaderElection109] INFO  server.RaftServerConfigKeys (ConfUtils.java:logGet(43)) - raft.server.write.element-limit = 4096 (default)
2019-09-05 07:47:26,455 [52e1b467-e57b-4fcf-a518-bc87fcf908db:group-FF39A74F7941:LeaderElection109] INFO  server.RaftServerConfigKeys (ConfUtils.java:logGet(43)) - raft.server.watch.timeout = 10s (default)
2019-09-05 07:47:26,455 [52e1b467-e57b-4fcf-a518-bc87fcf908db:group-FF39A74F7941:LeaderElection109] INFO  server.RaftServerConfigKeys (ConfUtils.java:logGet(43)) - raft.server.watch.timeout.denomination = 1s (default)
2019-09-05 07:47:26,455 [52e1b467-e57b-4fcf-a518-bc87fcf908db:group-FF39A74F7941:LeaderElection109] INFO  server.RaftServerConfigKeys (ConfUtils.java:logGet(43)) - raft.server.watch.element-limit = 65536 (default)
2019-09-05 07:47:26,455 [52e1b467-e57b-4fcf-a518-bc87fcf908db:group-FF39A74F7941:LeaderElection109] INFO  impl.RoleInfo (RoleInfo.java:updateAndGet(143)) - 52e1b467-e57b-4fcf-a518-bc87fcf908db: start LeaderState
2019-09-05 07:47:26,456 [52e1b467-e57b-4fcf-a518-bc87fcf908db:group-FF39A74F7941:LeaderElection109] INFO  segmented.SegmentedRaftLogWorker (SegmentedRaftLogWorker.java:startLogSegment(380)) - 52e1b467-e57b-4fcf-a518-bc87fcf908db-SegmentedRaftLogWorker:Storage Directory /workdir/hadoop-ozone/integration-test/target/test-dir/MiniOzoneClusterImpl-a7b65b7d-2f78-4bad-aae3-c6d6f5d380da/datanode-4/data/ratis/fa5bbc4c-81bd-4b61-b2e1-ff39a74f7941: Starting segment from index:0
2019-09-05 07:47:26,456 [52e1b467-e57b-4fcf-a518-bc87fcf908db:group-FF39A74F7941:LeaderElection109] INFO  impl.RaftServerImpl (ServerState.java:setRaftConf(361)) - 52e1b467-e57b-4fcf-a518-bc87fcf908db:group-FF39A74F7941 set configuration 0: [52e1b467-e57b-4fcf-a518-bc87fcf908db:192.168.36.69:45469], old=null at 0
2019-09-05 07:47:26,511 [52e1b467-e57b-4fcf-a518-bc87fcf908db-SegmentedRaftLogWorker:Storage Directory /workdir/hadoop-ozone/integration-test/target/test-dir/MiniOzoneClusterImpl-a7b65b7d-2f78-4bad-aae3-c6d6f5d380da/datanode-4/data/ratis/fa5bbc4c-81bd-4b61-b2e1-ff39a74f7941] INFO  segmented.SegmentedRaftLogWorker (SegmentedRaftLogWorker.java:execute(569)) - 52e1b467-e57b-4fcf-a518-bc87fcf908db-SegmentedRaftLogWorker:Storage Directory /workdir/hadoop-ozone/integration-test/target/test-dir/MiniOzoneClusterImpl-a7b65b7d-2f78-4bad-aae3-c6d6f5d380da/datanode-4/data/ratis/fa5bbc4c-81bd-4b61-b2e1-ff39a74f7941: created new log segment /workdir/hadoop-ozone/integration-test/target/test-dir/MiniOzoneClusterImpl-a7b65b7d-2f78-4bad-aae3-c6d6f5d380da/datanode-4/data/ratis/fa5bbc4c-81bd-4b61-b2e1-ff39a74f7941/current/log_inprogress_0
2019-09-05 07:47:26,610 | INFO  | SCMAudit | user=jenkins1000 | ip=192.168.36.69 | op=SEND_HEARTBEAT {datanodeUUID=dce6a79c-87ca-48bd-bf9f-990cc252ad10, command=[]} | ret=SUCCESS |  
2019-09-05 07:47:26,665 | INFO  | SCMAudit | user=jenkins1000 | ip=192.168.36.69 | op=SEND_HEARTBEAT {datanodeUUID=e4f00552-71e6-4733-a812-14497e905a56, command=[]} | ret=SUCCESS |  
2019-09-05 07:47:26,764 [Thread-4873] INFO  impl.FollowerState (FollowerState.java:run(106)) - e4f00552-71e6-4733-a812-14497e905a56:group-23C38DAE0840 changes to CANDIDATE, lastRpcTime:5048, electionTimeout:5048ms
2019-09-05 07:47:26,764 [Thread-4873] INFO  impl.RoleInfo (RoleInfo.java:shutdownFollowerState(121)) - e4f00552-71e6-4733-a812-14497e905a56: shutdown FollowerState
2019-09-05 07:47:26,764 [Thread-4873] INFO  impl.RaftServerImpl (RaftServerImpl.java:setRole(171)) - e4f00552-71e6-4733-a812-14497e905a56:group-23C38DAE0840 changes role from FOLLOWER to CANDIDATE at term 0 for changeToCandidate
2019-09-05 07:47:26,764 [Thread-4873] INFO  impl.RoleInfo (RoleInfo.java:updateAndGet(143)) - e4f00552-71e6-4733-a812-14497e905a56: start LeaderElection
2019-09-05 07:47:26,790 [e4f00552-71e6-4733-a812-14497e905a56:group-23C38DAE0840:LeaderElection110] INFO  impl.LeaderElection (LeaderElection.java:askForVotes(181)) - e4f00552-71e6-4733-a812-14497e905a56:group-23C38DAE0840:LeaderElection110: begin an election at term 1 for -1: [e4f00552-71e6-4733-a812-14497e905a56:192.168.36.69:40521], old=null
2019-09-05 07:47:26,790 [e4f00552-71e6-4733-a812-14497e905a56:group-23C38DAE0840:LeaderElection110] INFO  impl.RoleInfo (RoleInfo.java:shutdownLeaderElection(134)) - e4f00552-71e6-4733-a812-14497e905a56: shutdown LeaderElection
2019-09-05 07:47:26,790 [e4f00552-71e6-4733-a812-14497e905a56:group-23C38DAE0840:LeaderElection110] INFO  impl.RaftServerImpl (RaftServerImpl.java:setRole(171)) - e4f00552-71e6-4733-a812-14497e905a56:group-23C38DAE0840 changes role from CANDIDATE to LEADER at term 1 for changeToLeader
2019-09-05 07:47:26,790 [e4f00552-71e6-4733-a812-14497e905a56:group-23C38DAE0840:LeaderElection110] INFO  impl.RaftServerImpl (ServerState.java:setLeader(263)) - e4f00552-71e6-4733-a812-14497e905a56:group-23C38DAE0840 change Leader from null to e4f00552-71e6-4733-a812-14497e905a56 at term 1 for becomeLeader, leader elected after 5078ms
2019-09-05 07:47:26,790 [e4f00552-71e6-4733-a812-14497e905a56:group-23C38DAE0840:LeaderElection110] INFO  server.RaftServerConfigKeys (ConfUtils.java:logGet(43)) - raft.server.staging.catchup.gap = 1000 (default)
2019-09-05 07:47:26,791 [e4f00552-71e6-4733-a812-14497e905a56:group-23C38DAE0840:LeaderElection110] INFO  server.RaftServerConfigKeys (ConfUtils.java:logGet(43)) - raft.server.rpc.sleep.time = 25ms (default)
2019-09-05 07:47:26,791 [e4f00552-71e6-4733-a812-14497e905a56:group-23C38DAE0840:LeaderElection110] INFO  server.RaftServerConfigKeys (ConfUtils.java:logGet(43)) - raft.server.write.element-limit = 4096 (default)
2019-09-05 07:47:26,791 [e4f00552-71e6-4733-a812-14497e905a56:group-23C38DAE0840:LeaderElection110] INFO  server.RaftServerConfigKeys (ConfUtils.java:logGet(43)) - raft.server.watch.timeout = 10s (default)
2019-09-05 07:47:26,791 [e4f00552-71e6-4733-a812-14497e905a56:group-23C38DAE0840:LeaderElection110] INFO  server.RaftServerConfigKeys (ConfUtils.java:logGet(43)) - raft.server.watch.timeout.denomination = 1s (default)
2019-09-05 07:47:26,791 [e4f00552-71e6-4733-a812-14497e905a56:group-23C38DAE0840:LeaderElection110] INFO  server.RaftServerConfigKeys (ConfUtils.java:logGet(43)) - raft.server.watch.element-limit = 65536 (default)
2019-09-05 07:47:26,791 [e4f00552-71e6-4733-a812-14497e905a56:group-23C38DAE0840:LeaderElection110] INFO  impl.RoleInfo (RoleInfo.java:updateAndGet(143)) - e4f00552-71e6-4733-a812-14497e905a56: start LeaderState
2019-09-05 07:47:26,792 [e4f00552-71e6-4733-a812-14497e905a56:group-23C38DAE0840:LeaderElection110] INFO  segmented.SegmentedRaftLogWorker (SegmentedRaftLogWorker.java:startLogSegment(380)) - e4f00552-71e6-4733-a812-14497e905a56-SegmentedRaftLogWorker:Storage Directory /workdir/hadoop-ozone/integration-test/target/test-dir/MiniOzoneClusterImpl-a7b65b7d-2f78-4bad-aae3-c6d6f5d380da/datanode-5/data/ratis/14051ce5-eb1d-4f76-8d11-23c38dae0840: Starting segment from index:0
2019-09-05 07:47:26,792 [e4f00552-71e6-4733-a812-14497e905a56:group-23C38DAE0840:LeaderElection110] INFO  impl.RaftServerImpl (ServerState.java:setRaftConf(361)) - e4f00552-71e6-4733-a812-14497e905a56:group-23C38DAE0840 set configuration 0: [e4f00552-71e6-4733-a812-14497e905a56:192.168.36.69:40521], old=null at 0
2019-09-05 07:47:26,814 [Thread-4880] INFO  impl.FollowerState (FollowerState.java:run(106)) - e4f00552-71e6-4733-a812-14497e905a56:group-6A11792535A5 changes to CANDIDATE, lastRpcTime:5037, electionTimeout:5037ms
2019-09-05 07:47:26,815 [Thread-4880] INFO  impl.RoleInfo (RoleInfo.java:shutdownFollowerState(121)) - e4f00552-71e6-4733-a812-14497e905a56: shutdown FollowerState
2019-09-05 07:47:26,815 [Thread-4880] INFO  impl.RaftServerImpl (RaftServerImpl.java:setRole(171)) - e4f00552-71e6-4733-a812-14497e905a56:group-6A11792535A5 changes role from FOLLOWER to CANDIDATE at term 0 for changeToCandidate
2019-09-05 07:47:26,815 [Thread-4880] INFO  impl.RoleInfo (RoleInfo.java:updateAndGet(143)) - e4f00552-71e6-4733-a812-14497e905a56: start LeaderElection
2019-09-05 07:47:26,834 [Thread-4881] INFO  impl.FollowerState (FollowerState.java:run(106)) - 6d8a3bc5-9c47-4ffc-a54e-68d957b6d223:group-6A11792535A5 changes to CANDIDATE, lastRpcTime:5056, electionTimeout:5046ms
2019-09-05 07:47:26,834 [Thread-4881] INFO  impl.RoleInfo (RoleInfo.java:shutdownFollowerState(121)) - 6d8a3bc5-9c47-4ffc-a54e-68d957b6d223: shutdown FollowerState
2019-09-05 07:47:26,835 [Thread-4881] INFO  impl.RaftServerImpl (RaftServerImpl.java:setRole(171)) - 6d8a3bc5-9c47-4ffc-a54e-68d957b6d223:group-6A11792535A5 changes role from FOLLOWER to CANDIDATE at term 0 for changeToCandidate
2019-09-05 07:47:26,835 [Thread-4881] INFO  impl.RoleInfo (RoleInfo.java:updateAndGet(143)) - 6d8a3bc5-9c47-4ffc-a54e-68d957b6d223: start LeaderElection
2019-09-05 07:47:26,835 | INFO  | SCMAudit | user=jenkins1000 | ip=192.168.36.69 | op=SEND_HEARTBEAT {datanodeUUID=9498405f-0a9d-49d4-805a-bb615e968bfe, command=[]} | ret=SUCCESS |  
2019-09-05 07:47:26,855 [e4f00552-71e6-4733-a812-14497e905a56-SegmentedRaftLogWorker:Storage Directory /workdir/hadoop-ozone/integration-test/target/test-dir/MiniOzoneClusterImpl-a7b65b7d-2f78-4bad-aae3-c6d6f5d380da/datanode-5/data/ratis/14051ce5-eb1d-4f76-8d11-23c38dae0840] INFO  segmented.SegmentedRaftLogWorker (SegmentedRaftLogWorker.java:execute(569)) - e4f00552-71e6-4733-a812-14497e905a56-SegmentedRaftLogWorker:Storage Directory /workdir/hadoop-ozone/integration-test/target/test-dir/MiniOzoneClusterImpl-a7b65b7d-2f78-4bad-aae3-c6d6f5d380da/datanode-5/data/ratis/14051ce5-eb1d-4f76-8d11-23c38dae0840: created new log segment /workdir/hadoop-ozone/integration-test/target/test-dir/MiniOzoneClusterImpl-a7b65b7d-2f78-4bad-aae3-c6d6f5d380da/datanode-5/data/ratis/14051ce5-eb1d-4f76-8d11-23c38dae0840/current/log_inprogress_0
2019-09-05 07:47:26,855 [e4f00552-71e6-4733-a812-14497e905a56:group-6A11792535A5:LeaderElection111] INFO  impl.LeaderElection (LeaderElection.java:askForVotes(181)) - e4f00552-71e6-4733-a812-14497e905a56:group-6A11792535A5:LeaderElection111: begin an election at term 1 for -1: [e4f00552-71e6-4733-a812-14497e905a56:192.168.36.69:40521, 52e1b467-e57b-4fcf-a518-bc87fcf908db:192.168.36.69:45469, 6d8a3bc5-9c47-4ffc-a54e-68d957b6d223:192.168.36.69:33364], old=null
2019-09-05 07:47:26,855 [6d8a3bc5-9c47-4ffc-a54e-68d957b6d223:group-6A11792535A5:LeaderElection112] INFO  impl.LeaderElection (LeaderElection.java:askForVotes(181)) - 6d8a3bc5-9c47-4ffc-a54e-68d957b6d223:group-6A11792535A5:LeaderElection112: begin an election at term 1 for -1: [e4f00552-71e6-4733-a812-14497e905a56:192.168.36.69:40521, 52e1b467-e57b-4fcf-a518-bc87fcf908db:192.168.36.69:45469, 6d8a3bc5-9c47-4ffc-a54e-68d957b6d223:192.168.36.69:33364], old=null
2019-09-05 07:47:26,863 [grpc-default-executor-11] INFO  impl.RaftServerImpl (RaftServerImpl.java:setRole(171)) - 52e1b467-e57b-4fcf-a518-bc87fcf908db:group-6A11792535A5 changes role from FOLLOWER to FOLLOWER at term 1 for recognizeCandidate:e4f00552-71e6-4733-a812-14497e905a56
2019-09-05 07:47:26,864 [grpc-default-executor-11] INFO  impl.RoleInfo (RoleInfo.java:shutdownFollowerState(121)) - 52e1b467-e57b-4fcf-a518-bc87fcf908db: shutdown FollowerState
2019-09-05 07:47:26,864 [grpc-default-executor-11] INFO  impl.RoleInfo (RoleInfo.java:updateAndGet(143)) - 52e1b467-e57b-4fcf-a518-bc87fcf908db: start FollowerState
2019-09-05 07:47:26,864 [Thread-4876] INFO  impl.FollowerState (FollowerState.java:run(114)) - 52e1b467-e57b-4fcf-a518-bc87fcf908db: FollowerState was interrupted: java.lang.InterruptedException: sleep interrupted
2019-09-05 07:47:26,867 | INFO  | SCMAudit | user=jenkins1000 | ip=192.168.36.69 | op=SEND_HEARTBEAT {datanodeUUID=17ccb7c8-19aa-444e-a887-cfea9581dea6, command=[]} | ret=SUCCESS |  
2019-09-05 07:47:26,882 [e4f00552-71e6-4733-a812-14497e905a56:group-6A11792535A5:LeaderElection111] INFO  impl.LeaderElection (LeaderElection.java:logAndReturn(56)) - e4f00552-71e6-4733-a812-14497e905a56:group-6A11792535A5:LeaderElection111: Election PASSED; received 2 response(s) [e4f00552-71e6-4733-a812-14497e905a56<-52e1b467-e57b-4fcf-a518-bc87fcf908db#0:OK-t1, e4f00552-71e6-4733-a812-14497e905a56<-6d8a3bc5-9c47-4ffc-a54e-68d957b6d223#0:FAIL-t1] and 0 exception(s); e4f00552-71e6-4733-a812-14497e905a56:t1, leader=null, voted=e4f00552-71e6-4733-a812-14497e905a56, raftlog=e4f00552-71e6-4733-a812-14497e905a56-SegmentedRaftLog:OPENED:c-1,f-1,i0, conf=-1: [e4f00552-71e6-4733-a812-14497e905a56:192.168.36.69:40521, 52e1b467-e57b-4fcf-a518-bc87fcf908db:192.168.36.69:45469, 6d8a3bc5-9c47-4ffc-a54e-68d957b6d223:192.168.36.69:33364], old=null
2019-09-05 07:47:26,882 [6d8a3bc5-9c47-4ffc-a54e-68d957b6d223:group-6A11792535A5:LeaderElection112] INFO  impl.LeaderElection (LeaderElection.java:logAndReturn(56)) - 6d8a3bc5-9c47-4ffc-a54e-68d957b6d223:group-6A11792535A5:LeaderElection112: Election REJECTED; received 2 response(s) [6d8a3bc5-9c47-4ffc-a54e-68d957b6d223<-e4f00552-71e6-4733-a812-14497e905a56#0:FAIL-t1, 6d8a3bc5-9c47-4ffc-a54e-68d957b6d223<-52e1b467-e57b-4fcf-a518-bc87fcf908db#0:FAIL-t1] and 0 exception(s); 6d8a3bc5-9c47-4ffc-a54e-68d957b6d223:t1, leader=null, voted=6d8a3bc5-9c47-4ffc-a54e-68d957b6d223, raftlog=6d8a3bc5-9c47-4ffc-a54e-68d957b6d223-SegmentedRaftLog:OPENED:c-1,f-1,i0, conf=-1: [e4f00552-71e6-4733-a812-14497e905a56:192.168.36.69:40521, 52e1b467-e57b-4fcf-a518-bc87fcf908db:192.168.36.69:45469, 6d8a3bc5-9c47-4ffc-a54e-68d957b6d223:192.168.36.69:33364], old=null
2019-09-05 07:47:26,882 [e4f00552-71e6-4733-a812-14497e905a56:group-6A11792535A5:LeaderElection111] INFO  impl.RoleInfo (RoleInfo.java:shutdownLeaderElection(134)) - e4f00552-71e6-4733-a812-14497e905a56: shutdown LeaderElection
2019-09-05 07:47:26,882 [6d8a3bc5-9c47-4ffc-a54e-68d957b6d223:group-6A11792535A5:LeaderElection112] INFO  impl.RaftServerImpl (RaftServerImpl.java:setRole(171)) - 6d8a3bc5-9c47-4ffc-a54e-68d957b6d223:group-6A11792535A5 changes role from CANDIDATE to FOLLOWER at term 1 for DISCOVERED_A_NEW_TERM
2019-09-05 07:47:26,882 [e4f00552-71e6-4733-a812-14497e905a56:group-6A11792535A5:LeaderElection111] INFO  impl.RaftServerImpl (RaftServerImpl.java:setRole(171)) - e4f00552-71e6-4733-a812-14497e905a56:group-6A11792535A5 changes role from CANDIDATE to LEADER at term 1 for changeToLeader
2019-09-05 07:47:26,883 [6d8a3bc5-9c47-4ffc-a54e-68d957b6d223:group-6A11792535A5:LeaderElection112] INFO  impl.RoleInfo (RoleInfo.java:shutdownLeaderElection(134)) - 6d8a3bc5-9c47-4ffc-a54e-68d957b6d223: shutdown LeaderElection
2019-09-05 07:47:26,883 [e4f00552-71e6-4733-a812-14497e905a56:group-6A11792535A5:LeaderElection111] INFO  impl.RaftServerImpl (ServerState.java:setLeader(263)) - e4f00552-71e6-4733-a812-14497e905a56:group-6A11792535A5 change Leader from null to e4f00552-71e6-4733-a812-14497e905a56 at term 1 for becomeLeader, leader elected after 5114ms
2019-09-05 07:47:26,883 [6d8a3bc5-9c47-4ffc-a54e-68d957b6d223:group-6A11792535A5:LeaderElection112] INFO  impl.RoleInfo (RoleInfo.java:updateAndGet(143)) - 6d8a3bc5-9c47-4ffc-a54e-68d957b6d223: start FollowerState
2019-09-05 07:47:26,883 [e4f00552-71e6-4733-a812-14497e905a56:group-6A11792535A5:LeaderElection111] INFO  server.RaftServerConfigKeys (ConfUtils.java:logGet(43)) - raft.server.staging.catchup.gap = 1000 (default)
2019-09-05 07:47:26,883 [e4f00552-71e6-4733-a812-14497e905a56:group-6A11792535A5:LeaderElection111] INFO  server.RaftServerConfigKeys (ConfUtils.java:logGet(43)) - raft.server.rpc.sleep.time = 25ms (default)
2019-09-05 07:47:26,883 [e4f00552-71e6-4733-a812-14497e905a56:group-6A11792535A5:LeaderElection111] INFO  server.RaftServerConfigKeys (ConfUtils.java:logGet(43)) - raft.server.write.element-limit = 4096 (default)
2019-09-05 07:47:26,883 [e4f00552-71e6-4733-a812-14497e905a56:group-6A11792535A5:LeaderElection111] INFO  server.RaftServerConfigKeys (ConfUtils.java:logGet(43)) - raft.server.watch.timeout = 10s (default)
2019-09-05 07:47:26,883 [e4f00552-71e6-4733-a812-14497e905a56:group-6A11792535A5:LeaderElection111] INFO  server.RaftServerConfigKeys (ConfUtils.java:logGet(43)) - raft.server.watch.timeout.denomination = 1s (default)
2019-09-05 07:47:26,883 [e4f00552-71e6-4733-a812-14497e905a56:group-6A11792535A5:LeaderElection111] INFO  server.RaftServerConfigKeys (ConfUtils.java:logGet(43)) - raft.server.watch.element-limit = 65536 (default)
2019-09-05 07:47:26,884 [e4f00552-71e6-4733-a812-14497e905a56:group-6A11792535A5:LeaderElection111] INFO  server.RaftServerConfigKeys (ConfUtils.java:logGet(43)) - raft.server.log.appender.snapshot.chunk.size.max = 16MB (=16777216) (default)
2019-09-05 07:47:26,884 [e4f00552-71e6-4733-a812-14497e905a56:group-6A11792535A5:LeaderElection111] INFO  server.RaftServerConfigKeys (ConfUtils.java:logGet(43)) - raft.server.log.appender.buffer.byte-limit = 33554432 (custom)
2019-09-05 07:47:26,884 [e4f00552-71e6-4733-a812-14497e905a56:group-6A11792535A5:LeaderElection111] INFO  server.RaftServerConfigKeys (ConfUtils.java:logGet(43)) - raft.server.log.appender.buffer.element-limit = 1 (custom)
2019-09-05 07:47:26,884 [e4f00552-71e6-4733-a812-14497e905a56:group-6A11792535A5:LeaderElection111] INFO  grpc.GrpcConfigKeys$Server (ConfUtils.java:logGet(43)) - raft.grpc.server.leader.outstanding.appends.max = 128 (default)
2019-09-05 07:47:26,884 [e4f00552-71e6-4733-a812-14497e905a56:group-6A11792535A5:LeaderElection111] INFO  server.RaftServerConfigKeys (ConfUtils.java:logGet(43)) - raft.server.rpc.request.timeout = 3000ms (default)
2019-09-05 07:47:26,884 [e4f00552-71e6-4733-a812-14497e905a56:group-6A11792535A5:LeaderElection111] INFO  server.RaftServerConfigKeys (ConfUtils.java:logGet(43)) - raft.server.log.appender.install.snapshot.enabled = false (custom)
2019-09-05 07:47:26,884 [e4f00552-71e6-4733-a812-14497e905a56:group-6A11792535A5:LeaderElection111] INFO  server.RaftServerConfigKeys (ConfUtils.java:logGet(43)) - raft.server.log.appender.snapshot.chunk.size.max = 16MB (=16777216) (default)
2019-09-05 07:47:26,885 [e4f00552-71e6-4733-a812-14497e905a56:group-6A11792535A5:LeaderElection111] INFO  server.RaftServerConfigKeys (ConfUtils.java:logGet(43)) - raft.server.log.appender.buffer.byte-limit = 33554432 (custom)
2019-09-05 07:47:26,885 [e4f00552-71e6-4733-a812-14497e905a56:group-6A11792535A5:LeaderElection111] INFO  server.RaftServerConfigKeys (ConfUtils.java:logGet(43)) - raft.server.log.appender.buffer.element-limit = 1 (custom)
2019-09-05 07:47:26,885 [e4f00552-71e6-4733-a812-14497e905a56:group-6A11792535A5:LeaderElection111] INFO  grpc.GrpcConfigKeys$Server (ConfUtils.java:logGet(43)) - raft.grpc.server.leader.outstanding.appends.max = 128 (default)
2019-09-05 07:47:26,885 [e4f00552-71e6-4733-a812-14497e905a56:group-6A11792535A5:LeaderElection111] INFO  server.RaftServerConfigKeys (ConfUtils.java:logGet(43)) - raft.server.rpc.request.timeout = 3000ms (default)
2019-09-05 07:47:26,885 [e4f00552-71e6-4733-a812-14497e905a56:group-6A11792535A5:LeaderElection111] INFO  server.RaftServerConfigKeys (ConfUtils.java:logGet(43)) - raft.server.log.appender.install.snapshot.enabled = false (custom)
2019-09-05 07:47:26,885 [e4f00552-71e6-4733-a812-14497e905a56:group-6A11792535A5:LeaderElection111] INFO  impl.RoleInfo (RoleInfo.java:updateAndGet(143)) - e4f00552-71e6-4733-a812-14497e905a56: start LeaderState
2019-09-05 07:47:26,885 [e4f00552-71e6-4733-a812-14497e905a56:group-6A11792535A5:LeaderElection111] INFO  segmented.SegmentedRaftLogWorker (SegmentedRaftLogWorker.java:startLogSegment(380)) - e4f00552-71e6-4733-a812-14497e905a56-SegmentedRaftLogWorker:Storage Directory /workdir/hadoop-ozone/integration-test/target/test-dir/MiniOzoneClusterImpl-a7b65b7d-2f78-4bad-aae3-c6d6f5d380da/datanode-5/data/ratis/b28257cf-550b-4f41-843b-6a11792535a5: Starting segment from index:0
2019-09-05 07:47:26,886 [e4f00552-71e6-4733-a812-14497e905a56:group-6A11792535A5:LeaderElection111] INFO  impl.RaftServerImpl (ServerState.java:setRaftConf(361)) - e4f00552-71e6-4733-a812-14497e905a56:group-6A11792535A5 set configuration 0: [e4f00552-71e6-4733-a812-14497e905a56:192.168.36.69:40521, 52e1b467-e57b-4fcf-a518-bc87fcf908db:192.168.36.69:45469, 6d8a3bc5-9c47-4ffc-a54e-68d957b6d223:192.168.36.69:33364], old=null at 0
2019-09-05 07:47:26,887 [grpc-default-executor-11] INFO  impl.RaftServerImpl (ServerState.java:setLeader(263)) - 52e1b467-e57b-4fcf-a518-bc87fcf908db:group-6A11792535A5 change Leader from null to e4f00552-71e6-4733-a812-14497e905a56 at term 1 for appendEntries, leader elected after 5119ms
2019-09-05 07:47:26,887 [grpc-default-executor-5] INFO  impl.RaftServerImpl (ServerState.java:setLeader(263)) - 6d8a3bc5-9c47-4ffc-a54e-68d957b6d223:group-6A11792535A5 change Leader from null to e4f00552-71e6-4733-a812-14497e905a56 at term 1 for appendEntries, leader elected after 5118ms
2019-09-05 07:47:26,889 [grpc-default-executor-11] INFO  impl.RaftServerImpl (ServerState.java:setRaftConf(361)) - 52e1b467-e57b-4fcf-a518-bc87fcf908db:group-6A11792535A5 set configuration 0: [e4f00552-71e6-4733-a812-14497e905a56:192.168.36.69:40521, 52e1b467-e57b-4fcf-a518-bc87fcf908db:192.168.36.69:45469, 6d8a3bc5-9c47-4ffc-a54e-68d957b6d223:192.168.36.69:33364], old=null at 0
2019-09-05 07:47:26,889 [grpc-default-executor-5] INFO  impl.RaftServerImpl (ServerState.java:setRaftConf(361)) - 6d8a3bc5-9c47-4ffc-a54e-68d957b6d223:group-6A11792535A5 set configuration 0: [e4f00552-71e6-4733-a812-14497e905a56:192.168.36.69:40521, 52e1b467-e57b-4fcf-a518-bc87fcf908db:192.168.36.69:45469, 6d8a3bc5-9c47-4ffc-a54e-68d957b6d223:192.168.36.69:33364], old=null at 0
2019-09-05 07:47:26,889 [grpc-default-executor-11] INFO  segmented.SegmentedRaftLogWorker (SegmentedRaftLogWorker.java:startLogSegment(380)) - 52e1b467-e57b-4fcf-a518-bc87fcf908db-SegmentedRaftLogWorker:Storage Directory /workdir/hadoop-ozone/integration-test/target/test-dir/MiniOzoneClusterImpl-a7b65b7d-2f78-4bad-aae3-c6d6f5d380da/datanode-4/data/ratis/b28257cf-550b-4f41-843b-6a11792535a5: Starting segment from index:0
2019-09-05 07:47:26,889 [grpc-default-executor-5] INFO  segmented.SegmentedRaftLogWorker (SegmentedRaftLogWorker.java:startLogSegment(380)) - 6d8a3bc5-9c47-4ffc-a54e-68d957b6d223-SegmentedRaftLogWorker:Storage Directory /workdir/hadoop-ozone/integration-test/target/test-dir/MiniOzoneClusterImpl-a7b65b7d-2f78-4bad-aae3-c6d6f5d380da/datanode-3/data/ratis/b28257cf-550b-4f41-843b-6a11792535a5: Starting segment from index:0
2019-09-05 07:47:26,933 [e4f00552-71e6-4733-a812-14497e905a56-SegmentedRaftLogWorker:Storage Directory /workdir/hadoop-ozone/integration-test/target/test-dir/MiniOzoneClusterImpl-a7b65b7d-2f78-4bad-aae3-c6d6f5d380da/datanode-5/data/ratis/b28257cf-550b-4f41-843b-6a11792535a5] INFO  segmented.SegmentedRaftLogWorker (SegmentedRaftLogWorker.java:execute(569)) - e4f00552-71e6-4733-a812-14497e905a56-SegmentedRaftLogWorker:Storage Directory /workdir/hadoop-ozone/integration-test/target/test-dir/MiniOzoneClusterImpl-a7b65b7d-2f78-4bad-aae3-c6d6f5d380da/datanode-5/data/ratis/b28257cf-550b-4f41-843b-6a11792535a5: created new log segment /workdir/hadoop-ozone/integration-test/target/test-dir/MiniOzoneClusterImpl-a7b65b7d-2f78-4bad-aae3-c6d6f5d380da/datanode-5/data/ratis/b28257cf-550b-4f41-843b-6a11792535a5/current/log_inprogress_0
2019-09-05 07:47:26,933 [52e1b467-e57b-4fcf-a518-bc87fcf908db-SegmentedRaftLogWorker:Storage Directory /workdir/hadoop-ozone/integration-test/target/test-dir/MiniOzoneClusterImpl-a7b65b7d-2f78-4bad-aae3-c6d6f5d380da/datanode-4/data/ratis/b28257cf-550b-4f41-843b-6a11792535a5] INFO  segmented.SegmentedRaftLogWorker (SegmentedRaftLogWorker.java:execute(569)) - 52e1b467-e57b-4fcf-a518-bc87fcf908db-SegmentedRaftLogWorker:Storage Directory /workdir/hadoop-ozone/integration-test/target/test-dir/MiniOzoneClusterImpl-a7b65b7d-2f78-4bad-aae3-c6d6f5d380da/datanode-4/data/ratis/b28257cf-550b-4f41-843b-6a11792535a5: created new log segment /workdir/hadoop-ozone/integration-test/target/test-dir/MiniOzoneClusterImpl-a7b65b7d-2f78-4bad-aae3-c6d6f5d380da/datanode-4/data/ratis/b28257cf-550b-4f41-843b-6a11792535a5/current/log_inprogress_0
2019-09-05 07:47:26,947 [6d8a3bc5-9c47-4ffc-a54e-68d957b6d223-SegmentedRaftLogWorker:Storage Directory /workdir/hadoop-ozone/integration-test/target/test-dir/MiniOzoneClusterImpl-a7b65b7d-2f78-4bad-aae3-c6d6f5d380da/datanode-3/data/ratis/b28257cf-550b-4f41-843b-6a11792535a5] INFO  segmented.SegmentedRaftLogWorker (SegmentedRaftLogWorker.java:execute(569)) - 6d8a3bc5-9c47-4ffc-a54e-68d957b6d223-SegmentedRaftLogWorker:Storage Directory /workdir/hadoop-ozone/integration-test/target/test-dir/MiniOzoneClusterImpl-a7b65b7d-2f78-4bad-aae3-c6d6f5d380da/datanode-3/data/ratis/b28257cf-550b-4f41-843b-6a11792535a5: created new log segment /workdir/hadoop-ozone/integration-test/target/test-dir/MiniOzoneClusterImpl-a7b65b7d-2f78-4bad-aae3-c6d6f5d380da/datanode-3/data/ratis/b28257cf-550b-4f41-843b-6a11792535a5/current/log_inprogress_0
2019-09-05 07:47:27,015 | INFO  | SCMAudit | user=jenkins1000 | ip=192.168.36.69 | op=SEND_HEARTBEAT {datanodeUUID=6d8a3bc5-9c47-4ffc-a54e-68d957b6d223, command=[]} | ret=SUCCESS |  
2019-09-05 07:47:27,122 [Thread-4885] INFO  impl.FollowerState (FollowerState.java:run(106)) - 17ccb7c8-19aa-444e-a887-cfea9581dea6:group-69A4AA0F7C97 changes to CANDIDATE, lastRpcTime:5184, electionTimeout:5184ms
2019-09-05 07:47:27,122 [Thread-4885] INFO  impl.RoleInfo (RoleInfo.java:shutdownFollowerState(121)) - 17ccb7c8-19aa-444e-a887-cfea9581dea6: shutdown FollowerState
2019-09-05 07:47:27,123 [Thread-4885] INFO  impl.RaftServerImpl (RaftServerImpl.java:setRole(171)) - 17ccb7c8-19aa-444e-a887-cfea9581dea6:group-69A4AA0F7C97 changes role from FOLLOWER to CANDIDATE at term 0 for changeToCandidate
2019-09-05 07:47:27,123 [Thread-4885] INFO  impl.RoleInfo (RoleInfo.java:updateAndGet(143)) - 17ccb7c8-19aa-444e-a887-cfea9581dea6: start LeaderElection
2019-09-05 07:47:27,143 [17ccb7c8-19aa-444e-a887-cfea9581dea6:group-69A4AA0F7C97:LeaderElection113] INFO  impl.LeaderElection (LeaderElection.java:askForVotes(181)) - 17ccb7c8-19aa-444e-a887-cfea9581dea6:group-69A4AA0F7C97:LeaderElection113: begin an election at term 1 for -1: [17ccb7c8-19aa-444e-a887-cfea9581dea6:192.168.36.69:37746], old=null
2019-09-05 07:47:27,143 [17ccb7c8-19aa-444e-a887-cfea9581dea6:group-69A4AA0F7C97:LeaderElection113] INFO  impl.RoleInfo (RoleInfo.java:shutdownLeaderElection(134)) - 17ccb7c8-19aa-444e-a887-cfea9581dea6: shutdown LeaderElection
2019-09-05 07:47:27,143 [17ccb7c8-19aa-444e-a887-cfea9581dea6:group-69A4AA0F7C97:LeaderElection113] INFO  impl.RaftServerImpl (RaftServerImpl.java:setRole(171)) - 17ccb7c8-19aa-444e-a887-cfea9581dea6:group-69A4AA0F7C97 changes role from CANDIDATE to LEADER at term 1 for changeToLeader
2019-09-05 07:47:27,143 [17ccb7c8-19aa-444e-a887-cfea9581dea6:group-69A4AA0F7C97:LeaderElection113] INFO  impl.RaftServerImpl (ServerState.java:setLeader(263)) - 17ccb7c8-19aa-444e-a887-cfea9581dea6:group-69A4AA0F7C97 change Leader from null to 17ccb7c8-19aa-444e-a887-cfea9581dea6 at term 1 for becomeLeader, leader elected after 5208ms
2019-09-05 07:47:27,144 [17ccb7c8-19aa-444e-a887-cfea9581dea6:group-69A4AA0F7C97:LeaderElection113] INFO  server.RaftServerConfigKeys (ConfUtils.java:logGet(43)) - raft.server.staging.catchup.gap = 1000 (default)
2019-09-05 07:47:27,144 [17ccb7c8-19aa-444e-a887-cfea9581dea6:group-69A4AA0F7C97:LeaderElection113] INFO  server.RaftServerConfigKeys (ConfUtils.java:logGet(43)) - raft.server.rpc.sleep.time = 25ms (default)
2019-09-05 07:47:27,144 [17ccb7c8-19aa-444e-a887-cfea9581dea6:group-69A4AA0F7C97:LeaderElection113] INFO  server.RaftServerConfigKeys (ConfUtils.java:logGet(43)) - raft.server.write.element-limit = 4096 (default)
2019-09-05 07:47:27,144 [17ccb7c8-19aa-444e-a887-cfea9581dea6:group-69A4AA0F7C97:LeaderElection113] INFO  server.RaftServerConfigKeys (ConfUtils.java:logGet(43)) - raft.server.watch.timeout = 10s (default)
2019-09-05 07:47:27,144 [17ccb7c8-19aa-444e-a887-cfea9581dea6:group-69A4AA0F7C97:LeaderElection113] INFO  server.RaftServerConfigKeys (ConfUtils.java:logGet(43)) - raft.server.watch.timeout.denomination = 1s (default)
2019-09-05 07:47:27,144 [17ccb7c8-19aa-444e-a887-cfea9581dea6:group-69A4AA0F7C97:LeaderElection113] INFO  server.RaftServerConfigKeys (ConfUtils.java:logGet(43)) - raft.server.watch.element-limit = 65536 (default)
2019-09-05 07:47:27,145 [17ccb7c8-19aa-444e-a887-cfea9581dea6:group-69A4AA0F7C97:LeaderElection113] INFO  impl.RoleInfo (RoleInfo.java:updateAndGet(143)) - 17ccb7c8-19aa-444e-a887-cfea9581dea6: start LeaderState
2019-09-05 07:47:27,145 [17ccb7c8-19aa-444e-a887-cfea9581dea6:group-69A4AA0F7C97:LeaderElection113] INFO  segmented.SegmentedRaftLogWorker (SegmentedRaftLogWorker.java:startLogSegment(380)) - 17ccb7c8-19aa-444e-a887-cfea9581dea6-SegmentedRaftLogWorker:Storage Directory /workdir/hadoop-ozone/integration-test/target/test-dir/MiniOzoneClusterImpl-a7b65b7d-2f78-4bad-aae3-c6d6f5d380da/datanode-6/data/ratis/efa62ac2-02c8-4100-b642-69a4aa0f7c97: Starting segment from index:0
2019-09-05 07:47:27,145 [17ccb7c8-19aa-444e-a887-cfea9581dea6:group-69A4AA0F7C97:LeaderElection113] INFO  impl.RaftServerImpl (ServerState.java:setRaftConf(361)) - 17ccb7c8-19aa-444e-a887-cfea9581dea6:group-69A4AA0F7C97 set configuration 0: [17ccb7c8-19aa-444e-a887-cfea9581dea6:192.168.36.69:37746], old=null at 0
2019-09-05 07:47:27,208 | INFO  | SCMAudit | user=jenkins1000 | ip=192.168.36.69 | op=SEND_HEARTBEAT {datanodeUUID=52e1b467-e57b-4fcf-a518-bc87fcf908db, command=[]} | ret=SUCCESS |  
2019-09-05 07:47:27,211 [17ccb7c8-19aa-444e-a887-cfea9581dea6-SegmentedRaftLogWorker:Storage Directory /workdir/hadoop-ozone/integration-test/target/test-dir/MiniOzoneClusterImpl-a7b65b7d-2f78-4bad-aae3-c6d6f5d380da/datanode-6/data/ratis/efa62ac2-02c8-4100-b642-69a4aa0f7c97] INFO  segmented.SegmentedRaftLogWorker (SegmentedRaftLogWorker.java:execute(569)) - 17ccb7c8-19aa-444e-a887-cfea9581dea6-SegmentedRaftLogWorker:Storage Directory /workdir/hadoop-ozone/integration-test/target/test-dir/MiniOzoneClusterImpl-a7b65b7d-2f78-4bad-aae3-c6d6f5d380da/datanode-6/data/ratis/efa62ac2-02c8-4100-b642-69a4aa0f7c97: created new log segment /workdir/hadoop-ozone/integration-test/target/test-dir/MiniOzoneClusterImpl-a7b65b7d-2f78-4bad-aae3-c6d6f5d380da/datanode-6/data/ratis/efa62ac2-02c8-4100-b642-69a4aa0f7c97/current/log_inprogress_0
2019-09-05 07:47:27,212 | INFO  | DNAudit | user=null | ip=null | op=WRITE_CHUNK {blockData=conID: 1 locID: 102738797722992663 bcsId: 0} | ret=SUCCESS |  
2019-09-05 07:47:27,213 | INFO  | SCMAudit | user=jenkins1000 | ip=192.168.36.69 | op=SEND_HEARTBEAT {datanodeUUID=cb859eed-419a-492b-9d90-62a140ca4152, command=[]} | ret=SUCCESS |  
2019-09-05 07:47:27,254 | INFO  | DNAudit | user=null | ip=null | op=WRITE_CHUNK {blockData=conID: 1 locID: 102738797722992663 bcsId: 0} | ret=SUCCESS |  
2019-09-05 07:47:27,254 | INFO  | DNAudit | user=null | ip=null | op=WRITE_CHUNK {blockData=conID: 1 locID: 102738797722992663 bcsId: 0} | ret=SUCCESS |  
2019-09-05 07:47:27,255 | INFO  | SCMAudit | user=jenkins1000 | ip=192.168.36.69 | op=SEND_HEARTBEAT {datanodeUUID=9498405f-0a9d-49d4-805a-bb615e968bfe, command=[]} | ret=SUCCESS |  
2019-09-05 07:47:27,255 | INFO  | SCMAudit | user=jenkins1000 | ip=192.168.36.69 | op=SEND_HEARTBEAT {datanodeUUID=dce6a79c-87ca-48bd-bf9f-990cc252ad10, command=[]} | ret=SUCCESS |  
2019-09-05 07:47:27,262 | INFO  | DNAudit | user=null | ip=null | op=WRITE_CHUNK {blockData=conID: 1 locID: 102738797722992663 bcsId: 0} | ret=SUCCESS |  
2019-09-05 07:47:27,267 [grpc-default-executor-7] INFO  client.GrpcClientProtocolClient (GrpcClientProtocolClient.java:onNext(255)) - client-ADA4DD947952->9498405f-0a9d-49d4-805a-bb615e968bfe: receive RaftClientReply:client-ADA4DD947952->9498405f-0a9d-49d4-805a-bb615e968bfe@group-CB620DEF28F8, cid=274, SUCCESS, logIndex=1, commits[9498405f-0a9d-49d4-805a-bb615e968bfe:c1, cb859eed-419a-492b-9d90-62a140ca4152:c0, dce6a79c-87ca-48bd-bf9f-990cc252ad10:c0]
2019-09-05 07:47:27,271 | INFO  | DNAudit | user=null | ip=null | op=WRITE_CHUNK {blockData=conID: 1 locID: 102738797722992663 bcsId: 0} | ret=SUCCESS |  
2019-09-05 07:47:27,271 | INFO  | DNAudit | user=null | ip=null | op=WRITE_CHUNK {blockData=conID: 1 locID: 102738797722992663 bcsId: 0} | ret=SUCCESS |  
2019-09-05 07:47:27,271 | INFO  | DNAudit | user=null | ip=null | op=WRITE_CHUNK {blockData=conID: 1 locID: 102738797722992663 bcsId: 0} | ret=SUCCESS |  
2019-09-05 07:47:27,272 | INFO  | DNAudit | user=null | ip=null | op=WRITE_CHUNK {blockData=conID: 1 locID: 102738797722992663 bcsId: 0} | ret=SUCCESS |  
2019-09-05 07:47:27,272 | INFO  | DNAudit | user=null | ip=null | op=WRITE_CHUNK {blockData=conID: 1 locID: 102738797722992663 bcsId: 0} | ret=SUCCESS |  
2019-09-05 07:47:27,286 | INFO  | DNAudit | user=null | ip=null | op=WRITE_CHUNK {blockData=conID: 1 locID: 102738797722992663 bcsId: 0} | ret=SUCCESS |  
2019-09-05 07:47:27,289 [grpc-default-executor-12] INFO  client.GrpcClientProtocolClient (GrpcClientProtocolClient.java:onNext(255)) - client-ADA4DD947952->9498405f-0a9d-49d4-805a-bb615e968bfe: receive RaftClientReply:client-ADA4DD947952->9498405f-0a9d-49d4-805a-bb615e968bfe@group-CB620DEF28F8, cid=275, SUCCESS, logIndex=3, commits[9498405f-0a9d-49d4-805a-bb615e968bfe:c3, cb859eed-419a-492b-9d90-62a140ca4152:c2, dce6a79c-87ca-48bd-bf9f-990cc252ad10:c2]
2019-09-05 07:47:27,290 | INFO  | DNAudit | user=null | ip=null | op=WRITE_CHUNK {blockData=conID: 1 locID: 102738797722992663 bcsId: 0} | ret=SUCCESS |  
2019-09-05 07:47:27,290 | INFO  | DNAudit | user=null | ip=null | op=WRITE_CHUNK {blockData=conID: 1 locID: 102738797722992663 bcsId: 0} | ret=SUCCESS |  
2019-09-05 07:47:27,374 | INFO  | DNAudit | user=null | ip=null | op=PUT_BLOCK {blockData=[blockId=conID: 1 locID: 102738797722992663 bcsId: 0,size=167]} | ret=SUCCESS |  
2019-09-05 07:47:27,375 [grpc-default-executor-12] INFO  client.GrpcClientProtocolClient (GrpcClientProtocolClient.java:onNext(255)) - client-ADA4DD947952->9498405f-0a9d-49d4-805a-bb615e968bfe: receive RaftClientReply:client-ADA4DD947952->9498405f-0a9d-49d4-805a-bb615e968bfe@group-CB620DEF28F8, cid=276, SUCCESS, logIndex=4, commits[9498405f-0a9d-49d4-805a-bb615e968bfe:c6, cb859eed-419a-492b-9d90-62a140ca4152:c3, dce6a79c-87ca-48bd-bf9f-990cc252ad10:c3]
2019-09-05 07:47:27,665 | INFO  | SCMAudit | user=jenkins1000 | ip=192.168.36.69 | op=SEND_HEARTBEAT {datanodeUUID=e4f00552-71e6-4733-a812-14497e905a56, command=[]} | ret=SUCCESS |  
2019-09-05 07:47:27,867 | INFO  | SCMAudit | user=jenkins1000 | ip=192.168.36.69 | op=SEND_HEARTBEAT {datanodeUUID=17ccb7c8-19aa-444e-a887-cfea9581dea6, command=[]} | ret=SUCCESS |  
2019-09-05 07:47:28,015 | INFO  | SCMAudit | user=jenkins1000 | ip=192.168.36.69 | op=SEND_HEARTBEAT {datanodeUUID=6d8a3bc5-9c47-4ffc-a54e-68d957b6d223, command=[]} | ret=SUCCESS |  
2019-09-05 07:47:28,208 | INFO  | SCMAudit | user=jenkins1000 | ip=192.168.36.69 | op=SEND_HEARTBEAT {datanodeUUID=52e1b467-e57b-4fcf-a518-bc87fcf908db, command=[]} | ret=SUCCESS |  
2019-09-05 07:47:28,212 | INFO  | SCMAudit | user=jenkins1000 | ip=192.168.36.69 | op=SEND_HEARTBEAT {datanodeUUID=cb859eed-419a-492b-9d90-62a140ca4152, command=[]} | ret=SUCCESS |  
2019-09-05 07:47:28,254 | INFO  | SCMAudit | user=jenkins1000 | ip=192.168.36.69 | op=SEND_HEARTBEAT {datanodeUUID=9498405f-0a9d-49d4-805a-bb615e968bfe, command=[]} | ret=SUCCESS |  
2019-09-05 07:47:28,254 | INFO  | SCMAudit | user=jenkins1000 | ip=192.168.36.69 | op=SEND_HEARTBEAT {datanodeUUID=dce6a79c-87ca-48bd-bf9f-990cc252ad10, command=[]} | ret=SUCCESS |  
2019-09-05 07:47:28,376 [main] WARN  scm.XceiverClientRatis (XceiverClientRatis.java:watchForCommit(262)) - 3 way commit failed on pipeline Pipeline[ Id: 02120de9-c8f9-4931-95de-cb620def28f8, Nodes: cb859eed-419a-492b-9d90-62a140ca4152{ip: 192.168.36.69, host: pr-hdds-1571-lfg7x-4139639749, networkLocation: /default-rack, certSerialId: null}dce6a79c-87ca-48bd-bf9f-990cc252ad10{ip: 192.168.36.69, host: pr-hdds-1571-lfg7x-4139639749, networkLocation: /default-rack, certSerialId: null}9498405f-0a9d-49d4-805a-bb615e968bfe{ip: 192.168.36.69, host: pr-hdds-1571-lfg7x-4139639749, networkLocation: /default-rack, certSerialId: null}, Type:RATIS, Factor:THREE, State:OPEN]
java.util.concurrent.TimeoutException
	at java.util.concurrent.CompletableFuture.timedGet(CompletableFuture.java:1771)
	at java.util.concurrent.CompletableFuture.get(CompletableFuture.java:1915)
	at org.apache.hadoop.hdds.scm.XceiverClientRatis.watchForCommit(XceiverClientRatis.java:259)
	at org.apache.hadoop.hdds.scm.storage.CommitWatcher.watchForCommit(CommitWatcher.java:194)
	at org.apache.hadoop.hdds.scm.storage.CommitWatcher.watchOnLastIndex(CommitWatcher.java:157)
	at org.apache.hadoop.hdds.scm.storage.BlockOutputStream.watchForCommit(BlockOutputStream.java:347)
	at org.apache.hadoop.hdds.scm.storage.BlockOutputStream.handleFlush(BlockOutputStream.java:479)
	at org.apache.hadoop.hdds.scm.storage.BlockOutputStream.flush(BlockOutputStream.java:428)
	at org.apache.hadoop.ozone.client.io.BlockOutputStreamEntry.flush(BlockOutputStreamEntry.java:136)
	at org.apache.hadoop.ozone.client.io.KeyOutputStream.handleFlushOrClose(KeyOutputStream.java:442)
	at org.apache.hadoop.ozone.client.io.KeyOutputStream.flush(KeyOutputStream.java:396)
	at org.apache.hadoop.ozone.client.io.OzoneOutputStream.flush(OzoneOutputStream.java:54)
	at org.apache.hadoop.ozone.client.rpc.TestBlockOutputStreamWithFailures.testExceptionDuringClose(TestBlockOutputStreamWithFailures.java:720)
	at sun.reflect.NativeMethodAccessorImpl.invoke0(Native Method)
	at sun.reflect.NativeMethodAccessorImpl.invoke(NativeMethodAccessorImpl.java:62)
	at sun.reflect.DelegatingMethodAccessorImpl.invoke(DelegatingMethodAccessorImpl.java:43)
	at java.lang.reflect.Method.invoke(Method.java:498)
	at org.junit.runners.model.FrameworkMethod$1.runReflectiveCall(FrameworkMethod.java:47)
	at org.junit.internal.runners.model.ReflectiveCallable.run(ReflectiveCallable.java:12)
	at org.junit.runners.model.FrameworkMethod.invokeExplosively(FrameworkMethod.java:44)
	at org.junit.internal.runners.statements.InvokeMethod.evaluate(InvokeMethod.java:17)
	at org.junit.internal.runners.statements.RunBefores.evaluate(RunBefores.java:26)
	at org.junit.internal.runners.statements.RunAfters.evaluate(RunAfters.java:27)
	at org.junit.runners.ParentRunner.runLeaf(ParentRunner.java:271)
	at org.junit.runners.BlockJUnit4ClassRunner.runChild(BlockJUnit4ClassRunner.java:70)
	at org.junit.runners.BlockJUnit4ClassRunner.runChild(BlockJUnit4ClassRunner.java:50)
	at org.junit.runners.ParentRunner$3.run(ParentRunner.java:238)
	at org.junit.runners.ParentRunner$1.schedule(ParentRunner.java:63)
	at org.junit.runners.ParentRunner.runChildren(ParentRunner.java:236)
	at org.junit.runners.ParentRunner.access$000(ParentRunner.java:53)
	at org.junit.runners.ParentRunner$2.evaluate(ParentRunner.java:229)
	at org.junit.runners.ParentRunner.run(ParentRunner.java:309)
	at org.apache.maven.surefire.junit4.JUnit4Provider.execute(JUnit4Provider.java:365)
	at org.apache.maven.surefire.junit4.JUnit4Provider.executeWithRerun(JUnit4Provider.java:273)
	at org.apache.maven.surefire.junit4.JUnit4Provider.executeTestSet(JUnit4Provider.java:238)
	at org.apache.maven.surefire.junit4.JUnit4Provider.invoke(JUnit4Provider.java:159)
	at org.apache.maven.surefire.booter.ForkedBooter.invokeProviderInSameClassLoader(ForkedBooter.java:384)
	at org.apache.maven.surefire.booter.ForkedBooter.runSuitesInProcess(ForkedBooter.java:345)
	at org.apache.maven.surefire.booter.ForkedBooter.execute(ForkedBooter.java:126)
	at org.apache.maven.surefire.booter.ForkedBooter.main(ForkedBooter.java:418)
2019-09-05 07:47:28,665 | INFO  | SCMAudit | user=jenkins1000 | ip=192.168.36.69 | op=SEND_HEARTBEAT {datanodeUUID=e4f00552-71e6-4733-a812-14497e905a56, command=[]} | ret=SUCCESS |  
2019-09-05 07:47:28,867 | INFO  | SCMAudit | user=jenkins1000 | ip=192.168.36.69 | op=SEND_HEARTBEAT {datanodeUUID=17ccb7c8-19aa-444e-a887-cfea9581dea6, command=[]} | ret=SUCCESS |  
2019-09-05 07:47:29,015 | INFO  | SCMAudit | user=jenkins1000 | ip=192.168.36.69 | op=SEND_HEARTBEAT {datanodeUUID=6d8a3bc5-9c47-4ffc-a54e-68d957b6d223, command=[]} | ret=SUCCESS |  
2019-09-05 07:47:29,209 | INFO  | SCMAudit | user=jenkins1000 | ip=192.168.36.69 | op=SEND_HEARTBEAT {datanodeUUID=52e1b467-e57b-4fcf-a518-bc87fcf908db, command=[]} | ret=SUCCESS |  
2019-09-05 07:47:29,212 | INFO  | SCMAudit | user=jenkins1000 | ip=192.168.36.69 | op=SEND_HEARTBEAT {datanodeUUID=cb859eed-419a-492b-9d90-62a140ca4152, command=[]} | ret=SUCCESS |  
2019-09-05 07:47:29,254 | INFO  | SCMAudit | user=jenkins1000 | ip=192.168.36.69 | op=SEND_HEARTBEAT {datanodeUUID=dce6a79c-87ca-48bd-bf9f-990cc252ad10, command=[]} | ret=SUCCESS |  
2019-09-05 07:47:29,254 | INFO  | SCMAudit | user=jenkins1000 | ip=192.168.36.69 | op=SEND_HEARTBEAT {datanodeUUID=9498405f-0a9d-49d4-805a-bb615e968bfe, command=[]} | ret=SUCCESS |  
2019-09-05 07:47:29,379 [main] WARN  storage.CommitWatcher (CommitWatcher.java:watchForCommit(203)) - watchForCommit failed for index 4
java.util.concurrent.TimeoutException
	at java.util.concurrent.CompletableFuture.timedGet(CompletableFuture.java:1771)
	at java.util.concurrent.CompletableFuture.get(CompletableFuture.java:1915)
	at org.apache.hadoop.hdds.scm.XceiverClientRatis.watchForCommit(XceiverClientRatis.java:268)
	at org.apache.hadoop.hdds.scm.storage.CommitWatcher.watchForCommit(CommitWatcher.java:194)
	at org.apache.hadoop.hdds.scm.storage.CommitWatcher.watchOnLastIndex(CommitWatcher.java:157)
	at org.apache.hadoop.hdds.scm.storage.BlockOutputStream.watchForCommit(BlockOutputStream.java:347)
	at org.apache.hadoop.hdds.scm.storage.BlockOutputStream.handleFlush(BlockOutputStream.java:479)
	at org.apache.hadoop.hdds.scm.storage.BlockOutputStream.flush(BlockOutputStream.java:428)
	at org.apache.hadoop.ozone.client.io.BlockOutputStreamEntry.flush(BlockOutputStreamEntry.java:136)
	at org.apache.hadoop.ozone.client.io.KeyOutputStream.handleFlushOrClose(KeyOutputStream.java:442)
	at org.apache.hadoop.ozone.client.io.KeyOutputStream.flush(KeyOutputStream.java:396)
	at org.apache.hadoop.ozone.client.io.OzoneOutputStream.flush(OzoneOutputStream.java:54)
	at org.apache.hadoop.ozone.client.rpc.TestBlockOutputStreamWithFailures.testExceptionDuringClose(TestBlockOutputStreamWithFailures.java:720)
	at sun.reflect.NativeMethodAccessorImpl.invoke0(Native Method)
	at sun.reflect.NativeMethodAccessorImpl.invoke(NativeMethodAccessorImpl.java:62)
	at sun.reflect.DelegatingMethodAccessorImpl.invoke(DelegatingMethodAccessorImpl.java:43)
	at java.lang.reflect.Method.invoke(Method.java:498)
	at org.junit.runners.model.FrameworkMethod$1.runReflectiveCall(FrameworkMethod.java:47)
	at org.junit.internal.runners.model.ReflectiveCallable.run(ReflectiveCallable.java:12)
	at org.junit.runners.model.FrameworkMethod.invokeExplosively(FrameworkMethod.java:44)
	at org.junit.internal.runners.statements.InvokeMethod.evaluate(InvokeMethod.java:17)
	at org.junit.internal.runners.statements.RunBefores.evaluate(RunBefores.java:26)
	at org.junit.internal.runners.statements.RunAfters.evaluate(RunAfters.java:27)
	at org.junit.runners.ParentRunner.runLeaf(ParentRunner.java:271)
	at org.junit.runners.BlockJUnit4ClassRunner.runChild(BlockJUnit4ClassRunner.java:70)
	at org.junit.runners.BlockJUnit4ClassRunner.runChild(BlockJUnit4ClassRunner.java:50)
	at org.junit.runners.ParentRunner$3.run(ParentRunner.java:238)
	at org.junit.runners.ParentRunner$1.schedule(ParentRunner.java:63)
	at org.junit.runners.ParentRunner.runChildren(ParentRunner.java:236)
	at org.junit.runners.ParentRunner.access$000(ParentRunner.java:53)
	at org.junit.runners.ParentRunner$2.evaluate(ParentRunner.java:229)
	at org.junit.runners.ParentRunner.run(ParentRunner.java:309)
	at org.apache.maven.surefire.junit4.JUnit4Provider.execute(JUnit4Provider.java:365)
	at org.apache.maven.surefire.junit4.JUnit4Provider.executeWithRerun(JUnit4Provider.java:273)
	at org.apache.maven.surefire.junit4.JUnit4Provider.executeTestSet(JUnit4Provider.java:238)
	at org.apache.maven.surefire.junit4.JUnit4Provider.invoke(JUnit4Provider.java:159)
	at org.apache.maven.surefire.booter.ForkedBooter.invokeProviderInSameClassLoader(ForkedBooter.java:384)
	at org.apache.maven.surefire.booter.ForkedBooter.runSuitesInProcess(ForkedBooter.java:345)
	at org.apache.maven.surefire.booter.ForkedBooter.execute(ForkedBooter.java:126)
	at org.apache.maven.surefire.booter.ForkedBooter.main(ForkedBooter.java:418)
2019-09-05 07:47:29,380 [main] WARN  io.KeyOutputStream (KeyOutputStream.java:handleException(276)) - Encountered exception java.io.IOException: Unexpected Storage Container Exception: java.io.IOException: Unexpected Storage Container Exception: java.util.concurrent.TimeoutException on the pipeline Pipeline[ Id: 02120de9-c8f9-4931-95de-cb620def28f8, Nodes: cb859eed-419a-492b-9d90-62a140ca4152{ip: 192.168.36.69, host: pr-hdds-1571-lfg7x-4139639749, networkLocation: /default-rack, certSerialId: null}dce6a79c-87ca-48bd-bf9f-990cc252ad10{ip: 192.168.36.69, host: pr-hdds-1571-lfg7x-4139639749, networkLocation: /default-rack, certSerialId: null}9498405f-0a9d-49d4-805a-bb615e968bfe{ip: 192.168.36.69, host: pr-hdds-1571-lfg7x-4139639749, networkLocation: /default-rack, certSerialId: null}, Type:RATIS, Factor:THREE, State:OPEN]. The last committed block length is 0, uncommitted data length is 167 retry count 0
2019-09-05 07:47:29,384 | INFO  | SCMAudit | user=jenkins1000 | ip=192.168.36.69 | op=ALLOCATE_BLOCK {owner=978e92e5-6059-4368-bce5-14a87bcd86aa, size=800, type=RATIS, factor=THREE} | ret=SUCCESS |  
2019-09-05 07:47:29,385 | INFO  | OMAudit | user=jenkins1000 | ip=127.0.0.1 | op=ALLOCATE_BLOCK {volume=testblockoutputstream, bucket=testblockoutputstream, key=ff9cf983-0628-4988-bedb-74319efc1b31, dataSize=0, replicationType=null, replicationFactor=null, keyLocationInfo=null, clientID=102738797721354262} | ret=SUCCESS |  
2019-09-05 07:47:29,394 [grpc-default-executor-12] INFO  client.GrpcClientProtocolClient (GrpcClientProtocolClient.java:onNext(255)) - client-34A5EA0509C4->6d8a3bc5-9c47-4ffc-a54e-68d957b6d223: receive RaftClientReply:client-34A5EA0509C4->6d8a3bc5-9c47-4ffc-a54e-68d957b6d223@group-6A11792535A5, cid=279, FAILED org.apache.ratis.protocol.NotLeaderException: Server 6d8a3bc5-9c47-4ffc-a54e-68d957b6d223 is not the leader (e4f00552-71e6-4733-a812-14497e905a56:192.168.36.69:40521). Request must be sent to leader., logIndex=0, commits[6d8a3bc5-9c47-4ffc-a54e-68d957b6d223:c-1, e4f00552-71e6-4733-a812-14497e905a56:c-1, 52e1b467-e57b-4fcf-a518-bc87fcf908db:c-1]
2019-09-05 07:47:29,612 | INFO  | DNAudit | user=null | ip=null | op=WRITE_CHUNK {blockData=conID: 2 locID: 102738798142029848 bcsId: 0} | ret=SUCCESS |  
2019-09-05 07:47:29,612 | INFO  | DNAudit | user=null | ip=null | op=WRITE_CHUNK {blockData=conID: 2 locID: 102738798142029848 bcsId: 0} | ret=SUCCESS |  
2019-09-05 07:47:29,612 | INFO  | DNAudit | user=null | ip=null | op=WRITE_CHUNK {blockData=conID: 2 locID: 102738798142029848 bcsId: 0} | ret=SUCCESS |  
2019-09-05 07:47:29,612 | INFO  | SCMAudit | user=jenkins1000 | ip=192.168.36.69 | op=SEND_HEARTBEAT {datanodeUUID=6d8a3bc5-9c47-4ffc-a54e-68d957b6d223, command=[]} | ret=SUCCESS |  
2019-09-05 07:47:29,612 | INFO  | SCMAudit | user=jenkins1000 | ip=192.168.36.69 | op=SEND_HEARTBEAT {datanodeUUID=e4f00552-71e6-4733-a812-14497e905a56, command=[]} | ret=SUCCESS |  
2019-09-05 07:47:29,612 | INFO  | SCMAudit | user=jenkins1000 | ip=192.168.36.69 | op=SEND_HEARTBEAT {datanodeUUID=52e1b467-e57b-4fcf-a518-bc87fcf908db, command=[]} | ret=SUCCESS |  
2019-09-05 07:47:29,626 | INFO  | DNAudit | user=null | ip=null | op=WRITE_CHUNK {blockData=conID: 2 locID: 102738798142029848 bcsId: 0} | ret=SUCCESS |  
2019-09-05 07:47:29,631 [grpc-default-executor-7] INFO  client.GrpcClientProtocolClient (GrpcClientProtocolClient.java:onNext(255)) - client-34A5EA0509C4->e4f00552-71e6-4733-a812-14497e905a56: receive RaftClientReply:client-34A5EA0509C4->e4f00552-71e6-4733-a812-14497e905a56@group-6A11792535A5, cid=279, SUCCESS, logIndex=1, commits[e4f00552-71e6-4733-a812-14497e905a56:c1, 52e1b467-e57b-4fcf-a518-bc87fcf908db:c-1, 6d8a3bc5-9c47-4ffc-a54e-68d957b6d223:c0]
2019-09-05 07:47:29,637 | INFO  | DNAudit | user=null | ip=null | op=WRITE_CHUNK {blockData=conID: 2 locID: 102738798142029848 bcsId: 0} | ret=SUCCESS |  
2019-09-05 07:47:29,638 | INFO  | DNAudit | user=null | ip=null | op=WRITE_CHUNK {blockData=conID: 2 locID: 102738798142029848 bcsId: 0} | ret=SUCCESS |  
2019-09-05 07:47:29,638 | INFO  | DNAudit | user=null | ip=null | op=WRITE_CHUNK {blockData=conID: 2 locID: 102738798142029848 bcsId: 0} | ret=SUCCESS |  
2019-09-05 07:47:29,638 | INFO  | DNAudit | user=null | ip=null | op=WRITE_CHUNK {blockData=conID: 2 locID: 102738798142029848 bcsId: 0} | ret=SUCCESS |  
2019-09-05 07:47:29,650 | INFO  | DNAudit | user=null | ip=null | op=WRITE_CHUNK {blockData=conID: 2 locID: 102738798142029848 bcsId: 0} | ret=SUCCESS |  
2019-09-05 07:47:29,655 | INFO  | DNAudit | user=null | ip=null | op=WRITE_CHUNK {blockData=conID: 2 locID: 102738798142029848 bcsId: 0} | ret=SUCCESS |  
2019-09-05 07:47:29,655 [grpc-default-executor-12] INFO  client.GrpcClientProtocolClient (GrpcClientProtocolClient.java:onNext(255)) - client-34A5EA0509C4->e4f00552-71e6-4733-a812-14497e905a56: receive RaftClientReply:client-34A5EA0509C4->e4f00552-71e6-4733-a812-14497e905a56@group-6A11792535A5, cid=280, SUCCESS, logIndex=3, commits[e4f00552-71e6-4733-a812-14497e905a56:c4, 52e1b467-e57b-4fcf-a518-bc87fcf908db:c0, 6d8a3bc5-9c47-4ffc-a54e-68d957b6d223:c1]
2019-09-05 07:47:29,664 | INFO  | DNAudit | user=null | ip=null | op=WRITE_CHUNK {blockData=conID: 2 locID: 102738798142029848 bcsId: 0} | ret=SUCCESS |  
2019-09-05 07:47:29,666 | INFO  | DNAudit | user=null | ip=null | op=WRITE_CHUNK {blockData=conID: 2 locID: 102738798142029848 bcsId: 0} | ret=SUCCESS |  
2019-09-05 07:47:29,748 | INFO  | DNAudit | user=null | ip=null | op=PUT_BLOCK {blockData=[blockId=conID: 2 locID: 102738798142029848 bcsId: 0,size=167]} | ret=SUCCESS |  
2019-09-05 07:47:29,749 [grpc-default-executor-7] INFO  client.GrpcClientProtocolClient (GrpcClientProtocolClient.java:onNext(255)) - client-34A5EA0509C4->e4f00552-71e6-4733-a812-14497e905a56: receive RaftClientReply:client-34A5EA0509C4->e4f00552-71e6-4733-a812-14497e905a56@group-6A11792535A5, cid=281, SUCCESS, logIndex=4, commits[e4f00552-71e6-4733-a812-14497e905a56:c6, 52e1b467-e57b-4fcf-a518-bc87fcf908db:c4, 6d8a3bc5-9c47-4ffc-a54e-68d957b6d223:c4]
2019-09-05 07:47:29,750 [main] INFO  ozone.MiniOzoneClusterImpl (MiniOzoneClusterImpl.java:shutdown(321)) - Shutting down the Mini Ozone Cluster
2019-09-05 07:47:29,751 | INFO  | SCMAudit | user=null | ip=null | op=GET_SCM_INFO null | ret=SUCCESS |  
2019-09-05 07:47:29,751 [main] INFO  ozone.MiniOzoneClusterImpl (MiniOzoneClusterImpl.java:stop(336)) - Stopping the Mini Ozone Cluster
2019-09-05 07:47:29,751 [main] INFO  ozone.MiniOzoneClusterImpl (MiniOzoneClusterImpl.java:stop(338)) - Stopping the OzoneManager
2019-09-05 07:47:29,751 [main] INFO  ipc.Server (Server.java:stop(3082)) - Stopping server on 45294
2019-09-05 07:47:29,758 [main] INFO  ratis.OzoneManagerDoubleBuffer (OzoneManagerDoubleBuffer.java:stop(248)) - Stopping OMDoubleBuffer flush thread
2019-09-05 07:47:29,758 [IPC Server Responder] INFO  ipc.Server (Server.java:run(1319)) - Stopping IPC Server Responder
2019-09-05 07:47:29,758 [IPC Server listener on 45294] INFO  ipc.Server (Server.java:run(1185)) - Stopping IPC Server listener on 45294
2019-09-05 07:47:29,767 [OMDoubleBufferFlushThread] INFO  ratis.OzoneManagerDoubleBuffer (OzoneManagerDoubleBuffer.java:flushTransactions(191)) - OMDoubleBuffer flush thread OMDoubleBufferFlushThread is interrupted and will exit. OMDoubleBufferFlushThread
2019-09-05 07:47:29,777 [main] INFO  utils.BackgroundService (BackgroundService.java:shutdown(148)) - Shutting down service KeyDeletingService
2019-09-05 07:47:29,793 [main] INFO  handler.ContextHandler (ContextHandler.java:doStop(910)) - Stopped o.e.j.w.WebAppContext@1fa67a80{/,null,UNAVAILABLE}{/ozoneManager}
2019-09-05 07:47:29,794 [main] INFO  server.AbstractConnector (AbstractConnector.java:doStop(318)) - Stopped ServerConnector@6448679f{HTTP/1.1,[http/1.1]}{0.0.0.0:0}
2019-09-05 07:47:29,794 [main] INFO  handler.ContextHandler (ContextHandler.java:doStop(910)) - Stopped o.e.j.s.ServletContextHandler@5b9037b6{/static,file:///workdir/hadoop-ozone/integration-test/target/test-classes/webapps/static,UNAVAILABLE}
2019-09-05 07:47:29,797 [main] INFO  handler.ContextHandler (ContextHandler.java:doStop(910)) - Stopped o.e.j.s.ServletContextHandler@219acda9{/logs,file:///workdir/hadoop-ozone/integration-test/target/log,UNAVAILABLE}
2019-09-05 07:47:29,798 [grpc-default-executor-7] INFO  client.GrpcClientProtocolClient (GrpcClientProtocolClient.java:onNext(255)) - client-ADA4DD947952->9498405f-0a9d-49d4-805a-bb615e968bfe: receive RaftClientReply:client-ADA4DD947952->9498405f-0a9d-49d4-805a-bb615e968bfe@group-CB620DEF28F8, cid=278, SUCCESS, logIndex=0, commits[9498405f-0a9d-49d4-805a-bb615e968bfe:c6, cb859eed-419a-492b-9d90-62a140ca4152:c3, dce6a79c-87ca-48bd-bf9f-990cc252ad10:c6]
2019-09-05 07:47:29,798 [grpc-default-executor-7] INFO  client.GrpcClientProtocolClient (GrpcClientProtocolClient.java:onNext(255)) - client-ADA4DD947952->9498405f-0a9d-49d4-805a-bb615e968bfe: receive RaftClientReply:client-ADA4DD947952->9498405f-0a9d-49d4-805a-bb615e968bfe@group-CB620DEF28F8, cid=277, SUCCESS, logIndex=0, commits[9498405f-0a9d-49d4-805a-bb615e968bfe:c6, cb859eed-419a-492b-9d90-62a140ca4152:c6, dce6a79c-87ca-48bd-bf9f-990cc252ad10:c6]
2019-09-05 07:47:29,800 [main] INFO  ozone.MiniOzoneClusterImpl (MiniOzoneClusterImpl.java:stop(344)) - Shutting the HddsDatanodes
2019-09-05 07:47:29,801 [main] INFO  datanode.ObjectStoreHandler (ObjectStoreHandler.java:close(155)) - Closing ObjectStoreHandler.
2019-09-05 07:47:29,801 [ForkJoinPool.commonPool-worker-1] INFO  datanode.ObjectStoreHandler (ObjectStoreHandler.java:close(155)) - Closing ObjectStoreHandler.
2019-09-05 07:47:29,801 [main] INFO  ozone.HddsDatanodeService (HddsDatanodeService.java:stop(451)) - Stopped plug-in org.apache.hadoop.ozone.web.OzoneHddsDatanodeService@6f6cad25
2019-09-05 07:47:29,801 [ForkJoinPool.commonPool-worker-1] INFO  ozone.HddsDatanodeService (HddsDatanodeService.java:stop(451)) - Stopped plug-in org.apache.hadoop.ozone.web.OzoneHddsDatanodeService@3934574f
2019-09-05 07:47:29,850 | INFO  | DNAudit | user=null | ip=null | op=PUT_BLOCK {blockData=[blockId=conID: 2 locID: 102738798142029848 bcsId: 0,size=167]} | ret=SUCCESS |  
2019-09-05 07:47:29,867 | INFO  | SCMAudit | user=jenkins1000 | ip=192.168.36.69 | op=SEND_HEARTBEAT {datanodeUUID=17ccb7c8-19aa-444e-a887-cfea9581dea6, command=[]} | ret=SUCCESS |  
2019-09-05 07:47:29,975 | INFO  | DNAudit | user=null | ip=null | op=PUT_BLOCK {blockData=[blockId=conID: 2 locID: 102738798142029848 bcsId: 0,size=167]} | ret=SUCCESS |  
2019-09-05 07:47:30,135 | INFO  | DNAudit | user=null | ip=null | op=PUT_BLOCK {blockData=[blockId=conID: 1 locID: 102738797722992663 bcsId: 0,size=167]} | ret=SUCCESS |  
2019-09-05 07:47:30,213 | INFO  | SCMAudit | user=jenkins1000 | ip=192.168.36.69 | op=SEND_HEARTBEAT {datanodeUUID=cb859eed-419a-492b-9d90-62a140ca4152, command=[]} | ret=SUCCESS |  
2019-09-05 07:47:30,229 | INFO  | DNAudit | user=null | ip=null | op=PUT_BLOCK {blockData=[blockId=conID: 1 locID: 102738797722992663 bcsId: 0,size=167]} | ret=SUCCESS |  
2019-09-05 07:47:30,254 [Datanode State Machine Thread - 0] INFO  statemachine.DatanodeStateMachine (DatanodeStateMachine.java:lambda$startDaemon$0(350)) - Ozone container server started.
2019-09-05 07:47:30,254 | INFO  | SCMAudit | user=jenkins1000 | ip=192.168.36.69 | op=SEND_HEARTBEAT {datanodeUUID=9498405f-0a9d-49d4-805a-bb615e968bfe, command=[]} | ret=SUCCESS |  
2019-09-05 07:47:30,610 [Datanode State Machine Thread - 0] INFO  statemachine.DatanodeStateMachine (DatanodeStateMachine.java:lambda$startDaemon$0(350)) - Ozone container server started.
2019-09-05 07:47:30,611 | INFO  | SCMAudit | user=jenkins1000 | ip=192.168.36.69 | op=SEND_HEARTBEAT {datanodeUUID=6d8a3bc5-9c47-4ffc-a54e-68d957b6d223, command=[]} | ret=SUCCESS |  
2019-09-05 07:47:30,611 | INFO  | SCMAudit | user=jenkins1000 | ip=192.168.36.69 | op=SEND_HEARTBEAT {datanodeUUID=e4f00552-71e6-4733-a812-14497e905a56, command=[]} | ret=SUCCESS |  
2019-09-05 07:47:30,867 | INFO  | SCMAudit | user=jenkins1000 | ip=192.168.36.69 | op=SEND_HEARTBEAT {datanodeUUID=17ccb7c8-19aa-444e-a887-cfea9581dea6, command=[]} | ret=SUCCESS |  
2019-09-05 07:47:31,213 | INFO  | SCMAudit | user=jenkins1000 | ip=192.168.36.69 | op=SEND_HEARTBEAT {datanodeUUID=cb859eed-419a-492b-9d90-62a140ca4152, command=[]} | ret=SUCCESS |  
2019-09-05 07:47:31,254 | INFO  | SCMAudit | user=jenkins1000 | ip=192.168.36.69 | op=SEND_HEARTBEAT {datanodeUUID=9498405f-0a9d-49d4-805a-bb615e968bfe, command=[]} | ret=SUCCESS |  
2019-09-05 07:47:31,612 | INFO  | SCMAudit | user=jenkins1000 | ip=192.168.36.69 | op=SEND_HEARTBEAT {datanodeUUID=6d8a3bc5-9c47-4ffc-a54e-68d957b6d223, command=[]} | ret=SUCCESS |  
2019-09-05 07:47:31,612 | INFO  | SCMAudit | user=jenkins1000 | ip=192.168.36.69 | op=SEND_HEARTBEAT {datanodeUUID=e4f00552-71e6-4733-a812-14497e905a56, command=[]} | ret=SUCCESS |  
2019-09-05 07:47:31,867 | INFO  | SCMAudit | user=jenkins1000 | ip=192.168.36.69 | op=SEND_HEARTBEAT {datanodeUUID=17ccb7c8-19aa-444e-a887-cfea9581dea6, command=[]} | ret=SUCCESS |  
2019-09-05 07:47:32,212 | INFO  | SCMAudit | user=jenkins1000 | ip=192.168.36.69 | op=SEND_HEARTBEAT {datanodeUUID=cb859eed-419a-492b-9d90-62a140ca4152, command=[]} | ret=SUCCESS |  
2019-09-05 07:47:32,254 | INFO  | SCMAudit | user=jenkins1000 | ip=192.168.36.69 | op=SEND_HEARTBEAT {datanodeUUID=9498405f-0a9d-49d4-805a-bb615e968bfe, command=[]} | ret=SUCCESS |  
2019-09-05 07:47:32,612 | INFO  | SCMAudit | user=jenkins1000 | ip=192.168.36.69 | op=SEND_HEARTBEAT {datanodeUUID=e4f00552-71e6-4733-a812-14497e905a56, command=[]} | ret=SUCCESS |  
2019-09-05 07:47:32,612 | INFO  | SCMAudit | user=jenkins1000 | ip=192.168.36.69 | op=SEND_HEARTBEAT {datanodeUUID=6d8a3bc5-9c47-4ffc-a54e-68d957b6d223, command=[]} | ret=SUCCESS |  
2019-09-05 07:47:32,868 | INFO  | SCMAudit | user=jenkins1000 | ip=192.168.36.69 | op=SEND_HEARTBEAT {datanodeUUID=17ccb7c8-19aa-444e-a887-cfea9581dea6, command=[]} | ret=SUCCESS |  
2019-09-05 07:47:33,212 | INFO  | SCMAudit | user=jenkins1000 | ip=192.168.36.69 | op=SEND_HEARTBEAT {datanodeUUID=cb859eed-419a-492b-9d90-62a140ca4152, command=[]} | ret=SUCCESS |  
2019-09-05 07:47:33,254 | INFO  | SCMAudit | user=jenkins1000 | ip=192.168.36.69 | op=SEND_HEARTBEAT {datanodeUUID=9498405f-0a9d-49d4-805a-bb615e968bfe, command=[]} | ret=SUCCESS |  
2019-09-05 07:47:33,611 | INFO  | SCMAudit | user=jenkins1000 | ip=192.168.36.69 | op=SEND_HEARTBEAT {datanodeUUID=e4f00552-71e6-4733-a812-14497e905a56, command=[]} | ret=SUCCESS |  
2019-09-05 07:47:33,612 | INFO  | SCMAudit | user=jenkins1000 | ip=192.168.36.69 | op=SEND_HEARTBEAT {datanodeUUID=6d8a3bc5-9c47-4ffc-a54e-68d957b6d223, command=[]} | ret=SUCCESS |  
2019-09-05 07:47:33,868 | INFO  | SCMAudit | user=jenkins1000 | ip=192.168.36.69 | op=SEND_HEARTBEAT {datanodeUUID=17ccb7c8-19aa-444e-a887-cfea9581dea6, command=[]} | ret=SUCCESS |  
2019-09-05 07:47:34,212 | INFO  | SCMAudit | user=jenkins1000 | ip=192.168.36.69 | op=SEND_HEARTBEAT {datanodeUUID=cb859eed-419a-492b-9d90-62a140ca4152, command=[]} | ret=SUCCESS |  
2019-09-05 07:47:34,254 | INFO  | SCMAudit | user=jenkins1000 | ip=192.168.36.69 | op=SEND_HEARTBEAT {datanodeUUID=9498405f-0a9d-49d4-805a-bb615e968bfe, command=[]} | ret=SUCCESS |  
2019-09-05 07:47:34,344 [EventQueue-StaleNodeForStaleNodeHandler] INFO  node.StaleNodeHandler (StaleNodeHandler.java:onMessage(58)) - Datanode dce6a79c-87ca-48bd-bf9f-990cc252ad10{ip: 192.168.36.69, host: pr-hdds-1571-lfg7x-4139639749, networkLocation: /default-rack, certSerialId: null} moved to stale state. Finalizing its pipelines [PipelineID=37e76c68-501f-4c42-b3dc-37ae2145e625, PipelineID=02120de9-c8f9-4931-95de-cb620def28f8]
2019-09-05 07:47:34,344 [EventQueue-StaleNodeForStaleNodeHandler] INFO  pipeline.SCMPipelineManager (SCMPipelineManager.java:finalizeAndDestroyPipeline(309)) - destroying pipeline:Pipeline[ Id: 37e76c68-501f-4c42-b3dc-37ae2145e625, Nodes: dce6a79c-87ca-48bd-bf9f-990cc252ad10{ip: 192.168.36.69, host: pr-hdds-1571-lfg7x-4139639749, networkLocation: /default-rack, certSerialId: null}, Type:RATIS, Factor:ONE, State:OPEN]
2019-09-05 07:47:34,344 [EventQueue-StaleNodeForStaleNodeHandler] INFO  pipeline.PipelineStateManager (PipelineStateManager.java:finalizePipeline(123)) - Pipeline Pipeline[ Id: 37e76c68-501f-4c42-b3dc-37ae2145e625, Nodes: dce6a79c-87ca-48bd-bf9f-990cc252ad10{ip: 192.168.36.69, host: pr-hdds-1571-lfg7x-4139639749, networkLocation: /default-rack, certSerialId: null}, Type:RATIS, Factor:ONE, State:CLOSED] moved to CLOSED state
2019-09-05 07:47:34,345 [EventQueue-StaleNodeForStaleNodeHandler] INFO  pipeline.SCMPipelineManager (SCMPipelineManager.java:finalizeAndDestroyPipeline(309)) - destroying pipeline:Pipeline[ Id: 02120de9-c8f9-4931-95de-cb620def28f8, Nodes: cb859eed-419a-492b-9d90-62a140ca4152{ip: 192.168.36.69, host: pr-hdds-1571-lfg7x-4139639749, networkLocation: /default-rack, certSerialId: null}dce6a79c-87ca-48bd-bf9f-990cc252ad10{ip: 192.168.36.69, host: pr-hdds-1571-lfg7x-4139639749, networkLocation: /default-rack, certSerialId: null}9498405f-0a9d-49d4-805a-bb615e968bfe{ip: 192.168.36.69, host: pr-hdds-1571-lfg7x-4139639749, networkLocation: /default-rack, certSerialId: null}, Type:RATIS, Factor:THREE, State:OPEN]
2019-09-05 07:47:34,345 [EventQueue-StaleNodeForStaleNodeHandler] INFO  pipeline.PipelineStateManager (PipelineStateManager.java:finalizePipeline(123)) - Pipeline Pipeline[ Id: 02120de9-c8f9-4931-95de-cb620def28f8, Nodes: cb859eed-419a-492b-9d90-62a140ca4152{ip: 192.168.36.69, host: pr-hdds-1571-lfg7x-4139639749, networkLocation: /default-rack, certSerialId: null}dce6a79c-87ca-48bd-bf9f-990cc252ad10{ip: 192.168.36.69, host: pr-hdds-1571-lfg7x-4139639749, networkLocation: /default-rack, certSerialId: null}9498405f-0a9d-49d4-805a-bb615e968bfe{ip: 192.168.36.69, host: pr-hdds-1571-lfg7x-4139639749, networkLocation: /default-rack, certSerialId: null}, Type:RATIS, Factor:THREE, State:CLOSED] moved to CLOSED state
2019-09-05 07:47:34,345 [EventQueue-CloseContainerForCloseContainerEventHandler] INFO  container.CloseContainerEventHandler (CloseContainerEventHandler.java:onMessage(61)) - Close container Event triggered for container : #1
2019-09-05 07:47:34,611 | INFO  | SCMAudit | user=jenkins1000 | ip=192.168.36.69 | op=SEND_HEARTBEAT {datanodeUUID=e4f00552-71e6-4733-a812-14497e905a56, command=[]} | ret=SUCCESS |  
2019-09-05 07:47:34,613 | INFO  | SCMAudit | user=jenkins1000 | ip=192.168.36.69 | op=SEND_HEARTBEAT {datanodeUUID=6d8a3bc5-9c47-4ffc-a54e-68d957b6d223, command=[]} | ret=SUCCESS |  
2019-09-05 07:47:34,644 [EventQueue-StaleNodeForStaleNodeHandler] INFO  node.StaleNodeHandler (StaleNodeHandler.java:onMessage(58)) - Datanode 52e1b467-e57b-4fcf-a518-bc87fcf908db{ip: 192.168.36.69, host: pr-hdds-1571-lfg7x-4139639749, networkLocation: /default-rack, certSerialId: null} moved to stale state. Finalizing its pipelines [PipelineID=fa5bbc4c-81bd-4b61-b2e1-ff39a74f7941, PipelineID=b28257cf-550b-4f41-843b-6a11792535a5]
2019-09-05 07:47:34,644 [EventQueue-StaleNodeForStaleNodeHandler] INFO  pipeline.SCMPipelineManager (SCMPipelineManager.java:finalizeAndDestroyPipeline(309)) - destroying pipeline:Pipeline[ Id: fa5bbc4c-81bd-4b61-b2e1-ff39a74f7941, Nodes: 52e1b467-e57b-4fcf-a518-bc87fcf908db{ip: 192.168.36.69, host: pr-hdds-1571-lfg7x-4139639749, networkLocation: /default-rack, certSerialId: null}, Type:RATIS, Factor:ONE, State:OPEN]
2019-09-05 07:47:34,645 [EventQueue-StaleNodeForStaleNodeHandler] INFO  pipeline.PipelineStateManager (PipelineStateManager.java:finalizePipeline(123)) - Pipeline Pipeline[ Id: fa5bbc4c-81bd-4b61-b2e1-ff39a74f7941, Nodes: 52e1b467-e57b-4fcf-a518-bc87fcf908db{ip: 192.168.36.69, host: pr-hdds-1571-lfg7x-4139639749, networkLocation: /default-rack, certSerialId: null}, Type:RATIS, Factor:ONE, State:CLOSED] moved to CLOSED state
2019-09-05 07:47:34,645 [EventQueue-StaleNodeForStaleNodeHandler] INFO  pipeline.SCMPipelineManager (SCMPipelineManager.java:finalizeAndDestroyPipeline(309)) - destroying pipeline:Pipeline[ Id: b28257cf-550b-4f41-843b-6a11792535a5, Nodes: 6d8a3bc5-9c47-4ffc-a54e-68d957b6d223{ip: 192.168.36.69, host: pr-hdds-1571-lfg7x-4139639749, networkLocation: /default-rack, certSerialId: null}e4f00552-71e6-4733-a812-14497e905a56{ip: 192.168.36.69, host: pr-hdds-1571-lfg7x-4139639749, networkLocation: /default-rack, certSerialId: null}52e1b467-e57b-4fcf-a518-bc87fcf908db{ip: 192.168.36.69, host: pr-hdds-1571-lfg7x-4139639749, networkLocation: /default-rack, certSerialId: null}, Type:RATIS, Factor:THREE, State:OPEN]
2019-09-05 07:47:34,645 [EventQueue-StaleNodeForStaleNodeHandler] INFO  pipeline.PipelineStateManager (PipelineStateManager.java:finalizePipeline(123)) - Pipeline Pipeline[ Id: b28257cf-550b-4f41-843b-6a11792535a5, Nodes: 6d8a3bc5-9c47-4ffc-a54e-68d957b6d223{ip: 192.168.36.69, host: pr-hdds-1571-lfg7x-4139639749, networkLocation: /default-rack, certSerialId: null}e4f00552-71e6-4733-a812-14497e905a56{ip: 192.168.36.69, host: pr-hdds-1571-lfg7x-4139639749, networkLocation: /default-rack, certSerialId: null}52e1b467-e57b-4fcf-a518-bc87fcf908db{ip: 192.168.36.69, host: pr-hdds-1571-lfg7x-4139639749, networkLocation: /default-rack, certSerialId: null}, Type:RATIS, Factor:THREE, State:CLOSED] moved to CLOSED state
2019-09-05 07:47:34,645 [EventQueue-CloseContainerForCloseContainerEventHandler] INFO  container.CloseContainerEventHandler (CloseContainerEventHandler.java:onMessage(61)) - Close container Event triggered for container : #2
2019-09-05 07:47:34,802 [main] INFO  ozoneimpl.OzoneContainer (OzoneContainer.java:stop(199)) - Attempting to stop container services.
2019-09-05 07:47:34,802 [ForkJoinPool.commonPool-worker-1] INFO  ozoneimpl.OzoneContainer (OzoneContainer.java:stop(199)) - Attempting to stop container services.
2019-09-05 07:47:34,802 [main] INFO  impl.RaftServerProxy (RaftServerProxy.java:lambda$close$4(314)) - 52e1b467-e57b-4fcf-a518-bc87fcf908db: close
2019-09-05 07:47:34,802 [ForkJoinPool.commonPool-worker-1] INFO  impl.RaftServerProxy (RaftServerProxy.java:lambda$close$4(314)) - dce6a79c-87ca-48bd-bf9f-990cc252ad10: close
2019-09-05 07:47:34,802 [main] INFO  impl.RaftServerImpl (RaftServerImpl.java:lambda$shutdown$3(245)) - 52e1b467-e57b-4fcf-a518-bc87fcf908db: shutdown group-FF39A74F7941
2019-09-05 07:47:34,803 [ForkJoinPool.commonPool-worker-1] INFO  impl.RaftServerImpl (RaftServerImpl.java:lambda$shutdown$3(245)) - dce6a79c-87ca-48bd-bf9f-990cc252ad10: shutdown group-37AE2145E625
2019-09-05 07:47:34,803 [main] INFO  util.JmxRegister (JmxRegister.java:unregister(73)) - Successfully un-registered JMX Bean with object name Ratis:service=RaftServer,group=group-FF39A74F7941,id=52e1b467-e57b-4fcf-a518-bc87fcf908db
2019-09-05 07:47:34,803 [ForkJoinPool.commonPool-worker-1] INFO  util.JmxRegister (JmxRegister.java:unregister(73)) - Successfully un-registered JMX Bean with object name Ratis:service=RaftServer,group=group-37AE2145E625,id=dce6a79c-87ca-48bd-bf9f-990cc252ad10
2019-09-05 07:47:34,803 [main] INFO  impl.RoleInfo (RoleInfo.java:shutdownLeaderState(104)) - 52e1b467-e57b-4fcf-a518-bc87fcf908db: shutdown LeaderState
2019-09-05 07:47:34,803 [ForkJoinPool.commonPool-worker-1] INFO  impl.RoleInfo (RoleInfo.java:shutdownLeaderState(104)) - dce6a79c-87ca-48bd-bf9f-990cc252ad10: shutdown LeaderState
2019-09-05 07:47:34,804 [main] INFO  impl.PendingRequests (PendingRequests.java:sendNotLeaderResponses(202)) - 52e1b467-e57b-4fcf-a518-bc87fcf908db-PendingRequests: sendNotLeaderResponses
2019-09-05 07:47:34,804 [ForkJoinPool.commonPool-worker-1] INFO  impl.PendingRequests (PendingRequests.java:sendNotLeaderResponses(202)) - dce6a79c-87ca-48bd-bf9f-990cc252ad10-PendingRequests: sendNotLeaderResponses
2019-09-05 07:47:34,804 [main] INFO  impl.StateMachineUpdater (StateMachineUpdater.java:stopAndJoin(115)) - StateMachineUpdater:52e1b467-e57b-4fcf-a518-bc87fcf908db:group-FF39A74F7941: set stopIndex = 0
2019-09-05 07:47:34,804 [ForkJoinPool.commonPool-worker-1] INFO  impl.StateMachineUpdater (StateMachineUpdater.java:stopAndJoin(115)) - StateMachineUpdater:dce6a79c-87ca-48bd-bf9f-990cc252ad10:group-37AE2145E625: set stopIndex = 0
2019-09-05 07:47:34,804 [main] INFO  impl.RaftServerImpl (ServerState.java:close(394)) - 52e1b467-e57b-4fcf-a518-bc87fcf908db:group-FF39A74F7941 closes. The last applied log index is 0
2019-09-05 07:47:34,805 [ForkJoinPool.commonPool-worker-1] INFO  impl.RaftServerImpl (ServerState.java:close(394)) - dce6a79c-87ca-48bd-bf9f-990cc252ad10:group-37AE2145E625 closes. The last applied log index is 0
2019-09-05 07:47:34,805 [52e1b467-e57b-4fcf-a518-bc87fcf908db-SegmentedRaftLogWorker:Storage Directory /workdir/hadoop-ozone/integration-test/target/test-dir/MiniOzoneClusterImpl-a7b65b7d-2f78-4bad-aae3-c6d6f5d380da/datanode-4/data/ratis/fa5bbc4c-81bd-4b61-b2e1-ff39a74f7941] INFO  segmented.SegmentedRaftLogWorker (SegmentedRaftLogWorker.java:run(313)) - 52e1b467-e57b-4fcf-a518-bc87fcf908db-SegmentedRaftLogWorker:Storage Directory /workdir/hadoop-ozone/integration-test/target/test-dir/MiniOzoneClusterImpl-a7b65b7d-2f78-4bad-aae3-c6d6f5d380da/datanode-4/data/ratis/fa5bbc4c-81bd-4b61-b2e1-ff39a74f7941 was interrupted, exiting. There are 0 tasks remaining in the queue.
2019-09-05 07:47:34,805 [dce6a79c-87ca-48bd-bf9f-990cc252ad10-SegmentedRaftLogWorker:Storage Directory /workdir/hadoop-ozone/integration-test/target/test-dir/MiniOzoneClusterImpl-a7b65b7d-2f78-4bad-aae3-c6d6f5d380da/datanode-1/data/ratis/37e76c68-501f-4c42-b3dc-37ae2145e625] INFO  segmented.SegmentedRaftLogWorker (SegmentedRaftLogWorker.java:run(313)) - dce6a79c-87ca-48bd-bf9f-990cc252ad10-SegmentedRaftLogWorker:Storage Directory /workdir/hadoop-ozone/integration-test/target/test-dir/MiniOzoneClusterImpl-a7b65b7d-2f78-4bad-aae3-c6d6f5d380da/datanode-1/data/ratis/37e76c68-501f-4c42-b3dc-37ae2145e625 was interrupted, exiting. There are 0 tasks remaining in the queue.
2019-09-05 07:47:34,811 [main] INFO  segmented.SegmentedRaftLogWorker (SegmentedRaftLogWorker.java:close(228)) - 52e1b467-e57b-4fcf-a518-bc87fcf908db-SegmentedRaftLogWorker:Storage Directory /workdir/hadoop-ozone/integration-test/target/test-dir/MiniOzoneClusterImpl-a7b65b7d-2f78-4bad-aae3-c6d6f5d380da/datanode-4/data/ratis/fa5bbc4c-81bd-4b61-b2e1-ff39a74f7941 close()
2019-09-05 07:47:34,811 [ForkJoinPool.commonPool-worker-1] INFO  segmented.SegmentedRaftLogWorker (SegmentedRaftLogWorker.java:close(228)) - dce6a79c-87ca-48bd-bf9f-990cc252ad10-SegmentedRaftLogWorker:Storage Directory /workdir/hadoop-ozone/integration-test/target/test-dir/MiniOzoneClusterImpl-a7b65b7d-2f78-4bad-aae3-c6d6f5d380da/datanode-1/data/ratis/37e76c68-501f-4c42-b3dc-37ae2145e625 close()
2019-09-05 07:47:34,815 [main] INFO  impl.RaftServerImpl (RaftServerImpl.java:lambda$shutdown$3(245)) - 52e1b467-e57b-4fcf-a518-bc87fcf908db: shutdown group-6A11792535A5
2019-09-05 07:47:34,819 [ForkJoinPool.commonPool-worker-1] INFO  impl.RaftServerImpl (RaftServerImpl.java:lambda$shutdown$3(245)) - dce6a79c-87ca-48bd-bf9f-990cc252ad10: shutdown group-CB620DEF28F8
2019-09-05 07:47:34,819 [main] INFO  util.JmxRegister (JmxRegister.java:unregister(73)) - Successfully un-registered JMX Bean with object name Ratis:service=RaftServer,group=group-6A11792535A5,id=52e1b467-e57b-4fcf-a518-bc87fcf908db
2019-09-05 07:47:34,820 [main] INFO  impl.RoleInfo (RoleInfo.java:shutdownFollowerState(121)) - 52e1b467-e57b-4fcf-a518-bc87fcf908db: shutdown FollowerState
2019-09-05 07:47:34,819 [ForkJoinPool.commonPool-worker-1] INFO  util.JmxRegister (JmxRegister.java:unregister(73)) - Successfully un-registered JMX Bean with object name Ratis:service=RaftServer,group=group-CB620DEF28F8,id=dce6a79c-87ca-48bd-bf9f-990cc252ad10
2019-09-05 07:47:34,820 [Thread-4934] INFO  impl.FollowerState (FollowerState.java:run(114)) - 52e1b467-e57b-4fcf-a518-bc87fcf908db: FollowerState was interrupted: java.lang.InterruptedException: sleep interrupted
2019-09-05 07:47:34,820 [StateMachineUpdater:52e1b467-e57b-4fcf-a518-bc87fcf908db:group-6A11792535A5] INFO  ratis.ContainerStateMachine (ContainerStateMachine.java:takeSnapshot(283)) - group-6A11792535A5: Taking a snapshot at:(t:1, i:4) file /workdir/hadoop-ozone/integration-test/target/test-dir/MiniOzoneClusterImpl-a7b65b7d-2f78-4bad-aae3-c6d6f5d380da/datanode-4/data/ratis/b28257cf-550b-4f41-843b-6a11792535a5/sm/snapshot.1_4
2019-09-05 07:47:34,820 [main] INFO  impl.StateMachineUpdater (StateMachineUpdater.java:stopAndJoin(115)) - StateMachineUpdater:52e1b467-e57b-4fcf-a518-bc87fcf908db:group-6A11792535A5: set stopIndex = 6
2019-09-05 07:47:34,820 [ForkJoinPool.commonPool-worker-1] INFO  impl.RoleInfo (RoleInfo.java:shutdownFollowerState(121)) - dce6a79c-87ca-48bd-bf9f-990cc252ad10: shutdown FollowerState
2019-09-05 07:47:34,823 [ForkJoinPool.commonPool-worker-1] INFO  impl.StateMachineUpdater (StateMachineUpdater.java:stopAndJoin(115)) - StateMachineUpdater:dce6a79c-87ca-48bd-bf9f-990cc252ad10:group-CB620DEF28F8: set stopIndex = 6
2019-09-05 07:47:34,823 [StateMachineUpdater:dce6a79c-87ca-48bd-bf9f-990cc252ad10:group-CB620DEF28F8] INFO  ratis.ContainerStateMachine (ContainerStateMachine.java:takeSnapshot(283)) - group-CB620DEF28F8: Taking a snapshot at:(t:1, i:6) file /workdir/hadoop-ozone/integration-test/target/test-dir/MiniOzoneClusterImpl-a7b65b7d-2f78-4bad-aae3-c6d6f5d380da/datanode-1/data/ratis/02120de9-c8f9-4931-95de-cb620def28f8/sm/snapshot.1_6
2019-09-05 07:47:34,823 [Thread-4911] INFO  impl.FollowerState (FollowerState.java:run(114)) - dce6a79c-87ca-48bd-bf9f-990cc252ad10: FollowerState was interrupted: java.lang.InterruptedException: sleep interrupted
2019-09-05 07:47:34,847 [StateMachineUpdater:52e1b467-e57b-4fcf-a518-bc87fcf908db:group-6A11792535A5] INFO  ratis.ContainerStateMachine (ContainerStateMachine.java:takeSnapshot(294)) - group-6A11792535A5: Finished taking a snapshot at:(t:1, i:4) file:/workdir/hadoop-ozone/integration-test/target/test-dir/MiniOzoneClusterImpl-a7b65b7d-2f78-4bad-aae3-c6d6f5d380da/datanode-4/data/ratis/b28257cf-550b-4f41-843b-6a11792535a5/sm/snapshot.1_4 time:26
2019-09-05 07:47:34,847 [StateMachineUpdater:dce6a79c-87ca-48bd-bf9f-990cc252ad10:group-CB620DEF28F8] INFO  ratis.ContainerStateMachine (ContainerStateMachine.java:takeSnapshot(294)) - group-CB620DEF28F8: Finished taking a snapshot at:(t:1, i:6) file:/workdir/hadoop-ozone/integration-test/target/test-dir/MiniOzoneClusterImpl-a7b65b7d-2f78-4bad-aae3-c6d6f5d380da/datanode-1/data/ratis/02120de9-c8f9-4931-95de-cb620def28f8/sm/snapshot.1_6 time:24
2019-09-05 07:47:34,847 [StateMachineUpdater:52e1b467-e57b-4fcf-a518-bc87fcf908db:group-6A11792535A5] INFO  impl.StateMachineUpdater (StateMachineUpdater.java:takeSnapshot(242)) - StateMachineUpdater:52e1b467-e57b-4fcf-a518-bc87fcf908db:group-6A11792535A5: Took a snapshot at index 4
2019-09-05 07:47:34,847 [StateMachineUpdater:dce6a79c-87ca-48bd-bf9f-990cc252ad10:group-CB620DEF28F8] INFO  impl.StateMachineUpdater (StateMachineUpdater.java:takeSnapshot(242)) - StateMachineUpdater:dce6a79c-87ca-48bd-bf9f-990cc252ad10:group-CB620DEF28F8: Took a snapshot at index 6
2019-09-05 07:47:34,847 [StateMachineUpdater:52e1b467-e57b-4fcf-a518-bc87fcf908db:group-6A11792535A5] INFO  impl.StateMachineUpdater (StateMachineUpdater.java:lambda$new$0(80)) - StateMachineUpdater:52e1b467-e57b-4fcf-a518-bc87fcf908db:group-6A11792535A5: snapshotIndex: updateIncreasingly -1 -> 4
2019-09-05 07:47:34,847 [StateMachineUpdater:dce6a79c-87ca-48bd-bf9f-990cc252ad10:group-CB620DEF28F8] INFO  impl.StateMachineUpdater (StateMachineUpdater.java:lambda$new$0(80)) - StateMachineUpdater:dce6a79c-87ca-48bd-bf9f-990cc252ad10:group-CB620DEF28F8: snapshotIndex: updateIncreasingly -1 -> 6
2019-09-05 07:47:34,847 [main] INFO  impl.RaftServerImpl (ServerState.java:close(394)) - 52e1b467-e57b-4fcf-a518-bc87fcf908db:group-6A11792535A5 closes. The last applied log index is 6
2019-09-05 07:47:34,848 [ForkJoinPool.commonPool-worker-1] INFO  impl.RaftServerImpl (ServerState.java:close(394)) - dce6a79c-87ca-48bd-bf9f-990cc252ad10:group-CB620DEF28F8 closes. The last applied log index is 6
2019-09-05 07:47:34,848 [52e1b467-e57b-4fcf-a518-bc87fcf908db-SegmentedRaftLogWorker:Storage Directory /workdir/hadoop-ozone/integration-test/target/test-dir/MiniOzoneClusterImpl-a7b65b7d-2f78-4bad-aae3-c6d6f5d380da/datanode-4/data/ratis/b28257cf-550b-4f41-843b-6a11792535a5] INFO  segmented.SegmentedRaftLogWorker (SegmentedRaftLogWorker.java:run(313)) - 52e1b467-e57b-4fcf-a518-bc87fcf908db-SegmentedRaftLogWorker:Storage Directory /workdir/hadoop-ozone/integration-test/target/test-dir/MiniOzoneClusterImpl-a7b65b7d-2f78-4bad-aae3-c6d6f5d380da/datanode-4/data/ratis/b28257cf-550b-4f41-843b-6a11792535a5 was interrupted, exiting. There are 0 tasks remaining in the queue.
2019-09-05 07:47:34,848 [dce6a79c-87ca-48bd-bf9f-990cc252ad10-SegmentedRaftLogWorker:Storage Directory /workdir/hadoop-ozone/integration-test/target/test-dir/MiniOzoneClusterImpl-a7b65b7d-2f78-4bad-aae3-c6d6f5d380da/datanode-1/data/ratis/02120de9-c8f9-4931-95de-cb620def28f8] INFO  segmented.SegmentedRaftLogWorker (SegmentedRaftLogWorker.java:run(313)) - dce6a79c-87ca-48bd-bf9f-990cc252ad10-SegmentedRaftLogWorker:Storage Directory /workdir/hadoop-ozone/integration-test/target/test-dir/MiniOzoneClusterImpl-a7b65b7d-2f78-4bad-aae3-c6d6f5d380da/datanode-1/data/ratis/02120de9-c8f9-4931-95de-cb620def28f8 was interrupted, exiting. There are 0 tasks remaining in the queue.
2019-09-05 07:47:34,853 [main] INFO  segmented.SegmentedRaftLogWorker (SegmentedRaftLogWorker.java:close(228)) - 52e1b467-e57b-4fcf-a518-bc87fcf908db-SegmentedRaftLogWorker:Storage Directory /workdir/hadoop-ozone/integration-test/target/test-dir/MiniOzoneClusterImpl-a7b65b7d-2f78-4bad-aae3-c6d6f5d380da/datanode-4/data/ratis/b28257cf-550b-4f41-843b-6a11792535a5 close()
2019-09-05 07:47:34,853 [ForkJoinPool.commonPool-worker-1] INFO  segmented.SegmentedRaftLogWorker (SegmentedRaftLogWorker.java:close(228)) - dce6a79c-87ca-48bd-bf9f-990cc252ad10-SegmentedRaftLogWorker:Storage Directory /workdir/hadoop-ozone/integration-test/target/test-dir/MiniOzoneClusterImpl-a7b65b7d-2f78-4bad-aae3-c6d6f5d380da/datanode-1/data/ratis/02120de9-c8f9-4931-95de-cb620def28f8 close()
2019-09-05 07:47:34,857 [main] INFO  server.GrpcService (GrpcService.java:closeImpl(155)) - 52e1b467-e57b-4fcf-a518-bc87fcf908db: shutdown server with port 45469 now
2019-09-05 07:47:34,861 [ForkJoinPool.commonPool-worker-1] INFO  server.GrpcService (GrpcService.java:closeImpl(155)) - dce6a79c-87ca-48bd-bf9f-990cc252ad10: shutdown server with port 41260 now
2019-09-05 07:47:34,862 [grpc-default-executor-12] WARN  server.GrpcServerProtocolService (LogUtils.java:warn(134)) - 52e1b467-e57b-4fcf-a518-bc87fcf908db: appendEntries onError: org.apache.ratis.thirdparty.io.grpc.StatusRuntimeException: CANCELLED: cancelled before receiving half close
2019-09-05 07:47:34,862 [main] INFO  server.GrpcService (GrpcService.java:closeImpl(163)) - 52e1b467-e57b-4fcf-a518-bc87fcf908db: shutdown server with port 45469 successfully
2019-09-05 07:47:34,862 [ForkJoinPool.commonPool-worker-1] INFO  server.GrpcService (GrpcService.java:closeImpl(163)) - dce6a79c-87ca-48bd-bf9f-990cc252ad10: shutdown server with port 41260 successfully
2019-09-05 07:47:34,862 [grpc-default-executor-5] WARN  server.GrpcServerProtocolService (LogUtils.java:warn(134)) - dce6a79c-87ca-48bd-bf9f-990cc252ad10: appendEntries onError: org.apache.ratis.thirdparty.io.grpc.StatusRuntimeException: CANCELLED: cancelled before receiving half close
2019-09-05 07:47:34,862 [grpc-default-executor-11] WARN  server.GrpcLogAppender (LogUtils.java:warn(134)) - 9498405f-0a9d-49d4-805a-bb615e968bfe->dce6a79c-87ca-48bd-bf9f-990cc252ad10: Failed appendEntries: org.apache.ratis.thirdparty.io.grpc.StatusRuntimeException: CANCELLED: HTTP/2 error code: CANCEL
Received Rst Stream
2019-09-05 07:47:34,862 [grpc-default-executor-8] WARN  server.GrpcLogAppender (LogUtils.java:warn(134)) - e4f00552-71e6-4733-a812-14497e905a56->52e1b467-e57b-4fcf-a518-bc87fcf908db: Failed appendEntries: org.apache.ratis.thirdparty.io.grpc.StatusRuntimeException: CANCELLED: HTTP/2 error code: CANCEL
Received Rst Stream
2019-09-05 07:47:34,863 [grpc-default-executor-11] INFO  impl.FollowerInfo (FollowerInfo.java:lambda$new$0(50)) - 9498405f-0a9d-49d4-805a-bb615e968bfe->dce6a79c-87ca-48bd-bf9f-990cc252ad10: nextIndex: updateUnconditionally 7 -> 6
2019-09-05 07:47:34,864 [grpc-default-executor-8] INFO  impl.FollowerInfo (FollowerInfo.java:lambda$new$0(50)) - e4f00552-71e6-4733-a812-14497e905a56->52e1b467-e57b-4fcf-a518-bc87fcf908db: nextIndex: updateUnconditionally 7 -> 6
2019-09-05 07:47:34,864 [ForkJoinPool.commonPool-worker-1] INFO  utils.BackgroundService (BackgroundService.java:shutdown(148)) - Shutting down service BlockDeletingService
2019-09-05 07:47:34,864 [main] INFO  utils.BackgroundService (BackgroundService.java:shutdown(148)) - Shutting down service BlockDeletingService
2019-09-05 07:47:34,866 [refreshUsed-/workdir/hadoop-ozone/integration-test/target/test-dir/MiniOzoneClusterImpl-a7b65b7d-2f78-4bad-aae3-c6d6f5d380da/datanode-1/data/containers] WARN  fs.CachingGetSpaceUsed (CachingGetSpaceUsed.java:run(183)) - Thread Interrupted waiting to refresh disk information: sleep interrupted
2019-09-05 07:47:34,866 [refreshUsed-/workdir/hadoop-ozone/integration-test/target/test-dir/MiniOzoneClusterImpl-a7b65b7d-2f78-4bad-aae3-c6d6f5d380da/datanode-4/data/containers] WARN  fs.CachingGetSpaceUsed (CachingGetSpaceUsed.java:run(183)) - Thread Interrupted waiting to refresh disk information: sleep interrupted
2019-09-05 07:47:34,869 | INFO  | SCMAudit | user=jenkins1000 | ip=192.168.36.69 | op=SEND_HEARTBEAT {datanodeUUID=17ccb7c8-19aa-444e-a887-cfea9581dea6, command=[]} | ret=SUCCESS |  
2019-09-05 07:47:34,894 [ForkJoinPool.commonPool-worker-1] INFO  statemachine.DatanodeStateMachine (DatanodeStateMachine.java:stopDaemon(395)) - Ozone container server stopped.
2019-09-05 07:47:34,902 [ForkJoinPool.commonPool-worker-1] INFO  handler.ContextHandler (ContextHandler.java:doStop(910)) - Stopped o.e.j.w.WebAppContext@6ee9fcac{/,null,UNAVAILABLE}{/hddsDatanode}
2019-09-05 07:47:34,903 [main] INFO  statemachine.DatanodeStateMachine (DatanodeStateMachine.java:stopDaemon(395)) - Ozone container server stopped.
2019-09-05 07:47:34,904 [ForkJoinPool.commonPool-worker-1] INFO  server.AbstractConnector (AbstractConnector.java:doStop(318)) - Stopped ServerConnector@488897ef{HTTP/1.1,[http/1.1]}{0.0.0.0:0}
2019-09-05 07:47:34,906 [ForkJoinPool.commonPool-worker-1] INFO  handler.ContextHandler (ContextHandler.java:doStop(910)) - Stopped o.e.j.s.ServletContextHandler@73ff16a1{/static,jar:file:/home/user/.m2/repository/org/apache/hadoop/hadoop-hdds-container-service/0.5.0-SNAPSHOT/hadoop-hdds-container-service-0.5.0-SNAPSHOT.jar!/webapps/static,UNAVAILABLE}
2019-09-05 07:47:34,906 [main] INFO  handler.ContextHandler (ContextHandler.java:doStop(910)) - Stopped o.e.j.w.WebAppContext@75e39b41{/,null,UNAVAILABLE}{/hddsDatanode}
2019-09-05 07:47:34,908 [ForkJoinPool.commonPool-worker-1] INFO  handler.ContextHandler (ContextHandler.java:doStop(910)) - Stopped o.e.j.s.ServletContextHandler@7ebd31df{/logs,file:///workdir/hadoop-ozone/integration-test/target/log,UNAVAILABLE}
2019-09-05 07:47:34,908 [main] INFO  server.AbstractConnector (AbstractConnector.java:doStop(318)) - Stopped ServerConnector@5fddd0fc{HTTP/1.1,[http/1.1]}{0.0.0.0:0}
2019-09-05 07:47:34,909 [main] INFO  handler.ContextHandler (ContextHandler.java:doStop(910)) - Stopped o.e.j.s.ServletContextHandler@361a1ec3{/static,jar:file:/home/user/.m2/repository/org/apache/hadoop/hadoop-hdds-container-service/0.5.0-SNAPSHOT/hadoop-hdds-container-service-0.5.0-SNAPSHOT.jar!/webapps/static,UNAVAILABLE}
2019-09-05 07:47:34,909 [ForkJoinPool.commonPool-worker-1] INFO  datanode.ObjectStoreHandler (ObjectStoreHandler.java:close(155)) - Closing ObjectStoreHandler.
2019-09-05 07:47:34,909 [main] INFO  handler.ContextHandler (ContextHandler.java:doStop(910)) - Stopped o.e.j.s.ServletContextHandler@11105fbe{/logs,file:///workdir/hadoop-ozone/integration-test/target/log,UNAVAILABLE}
2019-09-05 07:47:34,910 [ForkJoinPool.commonPool-worker-1] INFO  ozone.HddsDatanodeService (HddsDatanodeService.java:stop(451)) - Stopped plug-in org.apache.hadoop.ozone.web.OzoneHddsDatanodeService@54077082
2019-09-05 07:47:34,910 [main] INFO  datanode.ObjectStoreHandler (ObjectStoreHandler.java:close(155)) - Closing ObjectStoreHandler.
2019-09-05 07:47:34,911 [main] INFO  ozone.HddsDatanodeService (HddsDatanodeService.java:stop(451)) - Stopped plug-in org.apache.hadoop.ozone.web.OzoneHddsDatanodeService@1fee3a40
2019-09-05 07:47:35,213 | INFO  | SCMAudit | user=jenkins1000 | ip=192.168.36.69 | op=SEND_HEARTBEAT {datanodeUUID=cb859eed-419a-492b-9d90-62a140ca4152, command=[commandType: closeContainerCommand closeContainerCommandProto { containerID: 1 pipelineID { id: "02120de9-c8f9-4931-95de-cb620def28f8" } cmdId: 1 force: false } ]} | ret=SUCCESS |  
2019-09-05 07:47:35,254 [Datanode State Machine Thread - 0] INFO  statemachine.DatanodeStateMachine (DatanodeStateMachine.java:lambda$startDaemon$0(350)) - Ozone container server started.
2019-09-05 07:47:35,612 | INFO  | SCMAudit | user=jenkins1000 | ip=192.168.36.69 | op=SEND_HEARTBEAT {datanodeUUID=e4f00552-71e6-4733-a812-14497e905a56, command=[commandType: closeContainerCommand closeContainerCommandProto { containerID: 2 pipelineID { id: "b28257cf-550b-4f41-843b-6a11792535a5" } cmdId: 2 force: false } ]} | ret=SUCCESS |  
2019-09-05 07:47:35,613 [Datanode State Machine Thread - 0] INFO  statemachine.DatanodeStateMachine (DatanodeStateMachine.java:lambda$startDaemon$0(350)) - Ozone container server started.
2019-09-05 07:47:35,868 | INFO  | SCMAudit | user=jenkins1000 | ip=192.168.36.69 | op=SEND_HEARTBEAT {datanodeUUID=17ccb7c8-19aa-444e-a887-cfea9581dea6, command=[]} | ret=SUCCESS |  
2019-09-05 07:47:36,212 | INFO  | SCMAudit | user=jenkins1000 | ip=192.168.36.69 | op=SEND_HEARTBEAT {datanodeUUID=cb859eed-419a-492b-9d90-62a140ca4152, command=[]} | ret=SUCCESS |  
2019-09-05 07:47:36,612 | INFO  | SCMAudit | user=jenkins1000 | ip=192.168.36.69 | op=SEND_HEARTBEAT {datanodeUUID=e4f00552-71e6-4733-a812-14497e905a56, command=[]} | ret=SUCCESS |  
2019-09-05 07:47:36,644 | INFO  | SCMAudit | user=jenkins1000 | ip=192.168.36.69 | op=SEND_HEARTBEAT {datanodeUUID=e4f00552-71e6-4733-a812-14497e905a56, command=[]} | ret=SUCCESS |  
2019-09-05 07:47:36,646 [grpc-default-executor-11] WARN  server.GrpcLogAppender (LogUtils.java:warn(134)) - e4f00552-71e6-4733-a812-14497e905a56->52e1b467-e57b-4fcf-a518-bc87fcf908db: Failed appendEntries: org.apache.ratis.thirdparty.io.grpc.StatusRuntimeException: UNAVAILABLE: io exception
2019-09-05 07:47:36,646 [grpc-default-executor-11] INFO  impl.FollowerInfo (FollowerInfo.java:lambda$new$0(50)) - e4f00552-71e6-4733-a812-14497e905a56->52e1b467-e57b-4fcf-a518-bc87fcf908db: nextIndex: updateUnconditionally 7 -> 6
2019-09-05 07:47:36,658 [grpc-default-executor-5] WARN  server.GrpcLogAppender (LogUtils.java:warn(134)) - e4f00552-71e6-4733-a812-14497e905a56->52e1b467-e57b-4fcf-a518-bc87fcf908db: Failed appendEntries: org.apache.ratis.thirdparty.io.grpc.StatusRuntimeException: UNAVAILABLE: io exception
2019-09-05 07:47:36,658 [grpc-default-executor-5] INFO  impl.FollowerInfo (FollowerInfo.java:lambda$new$0(50)) - e4f00552-71e6-4733-a812-14497e905a56->52e1b467-e57b-4fcf-a518-bc87fcf908db: nextIndex: updateUnconditionally 7 -> 6
2019-09-05 07:47:36,673 [grpc-default-executor-11] WARN  server.GrpcLogAppender (LogUtils.java:warn(134)) - e4f00552-71e6-4733-a812-14497e905a56->52e1b467-e57b-4fcf-a518-bc87fcf908db: Failed appendEntries: org.apache.ratis.thirdparty.io.grpc.StatusRuntimeException: UNAVAILABLE: io exception
2019-09-05 07:47:36,673 [grpc-default-executor-11] INFO  impl.FollowerInfo (FollowerInfo.java:lambda$new$0(50)) - e4f00552-71e6-4733-a812-14497e905a56->52e1b467-e57b-4fcf-a518-bc87fcf908db: nextIndex: updateUnconditionally 7 -> 6
2019-09-05 07:47:36,703 [RatisApplyTransactionExecutor 2] INFO  interfaces.Container (KeyValueContainer.java:flushAndSyncDB(382)) - Container 2 is synced with bcsId 4.
2019-09-05 07:47:36,704 [RatisApplyTransactionExecutor 2] INFO  interfaces.Container (KeyValueContainer.java:flushAndSyncDB(382)) - Container 2 is synced with bcsId 4.
2019-09-05 07:47:36,723 [RatisApplyTransactionExecutor 2] INFO  interfaces.Container (KeyValueContainer.java:flushAndSyncDB(382)) - Container 2 is synced with bcsId 4.
2019-09-05 07:47:36,724 [RatisApplyTransactionExecutor 2] INFO  interfaces.Container (KeyValueContainer.java:flushAndSyncDB(382)) - Container 2 is synced with bcsId 4.
2019-09-05 07:47:36,724 | INFO  | DNAudit | user=null | ip=null | op=CLOSE_CONTAINER {containerID=2} | ret=SUCCESS |  
2019-09-05 07:47:36,725 | INFO  | SCMAudit | user=jenkins1000 | ip=192.168.36.69 | op=SEND_HEARTBEAT {datanodeUUID=e4f00552-71e6-4733-a812-14497e905a56, command=[]} | ret=SUCCESS |  
2019-09-05 07:47:36,725 [EventQueue-IncrementalContainerReportForIncrementalContainerReportHandler] INFO  container.IncrementalContainerReportHandler (AbstractContainerReportHandler.java:updateContainerState(176)) - Moving container #2 to CLOSED state, datanode e4f00552-71e6-4733-a812-14497e905a56{ip: 192.168.36.69, host: pr-hdds-1571-lfg7x-4139639749, networkLocation: /default-rack, certSerialId: null} reported CLOSED replica.
2019-09-05 07:47:36,756 | INFO  | DNAudit | user=null | ip=null | op=CLOSE_CONTAINER {containerID=2} | ret=SUCCESS |  
2019-09-05 07:47:36,868 | INFO  | SCMAudit | user=jenkins1000 | ip=192.168.36.69 | op=SEND_HEARTBEAT {datanodeUUID=17ccb7c8-19aa-444e-a887-cfea9581dea6, command=[]} | ret=SUCCESS |  
2019-09-05 07:47:37,212 | INFO  | SCMAudit | user=jenkins1000 | ip=192.168.36.69 | op=SEND_HEARTBEAT {datanodeUUID=cb859eed-419a-492b-9d90-62a140ca4152, command=[]} | ret=SUCCESS |  
2019-09-05 07:47:37,226 | INFO  | SCMAudit | user=jenkins1000 | ip=192.168.36.69 | op=SEND_HEARTBEAT {datanodeUUID=cb859eed-419a-492b-9d90-62a140ca4152, command=[]} | ret=SUCCESS |  
2019-09-05 07:47:37,299 [grpc-default-executor-8] WARN  server.GrpcLogAppender (LogUtils.java:warn(134)) - 9498405f-0a9d-49d4-805a-bb615e968bfe->dce6a79c-87ca-48bd-bf9f-990cc252ad10: Failed appendEntries: org.apache.ratis.thirdparty.io.grpc.StatusRuntimeException: UNAVAILABLE: io exception
2019-09-05 07:47:37,300 [grpc-default-executor-8] INFO  impl.FollowerInfo (FollowerInfo.java:lambda$new$0(50)) - 9498405f-0a9d-49d4-805a-bb615e968bfe->dce6a79c-87ca-48bd-bf9f-990cc252ad10: nextIndex: updateUnconditionally 6 -> 5
2019-09-05 07:47:37,725 | INFO  | SCMAudit | user=jenkins1000 | ip=192.168.36.69 | op=SEND_HEARTBEAT {datanodeUUID=e4f00552-71e6-4733-a812-14497e905a56, command=[]} | ret=SUCCESS |  
2019-09-05 07:47:37,867 | INFO  | SCMAudit | user=jenkins1000 | ip=192.168.36.69 | op=SEND_HEARTBEAT {datanodeUUID=17ccb7c8-19aa-444e-a887-cfea9581dea6, command=[]} | ret=SUCCESS |  
2019-09-05 07:47:38,226 | INFO  | SCMAudit | user=jenkins1000 | ip=192.168.36.69 | op=SEND_HEARTBEAT {datanodeUUID=cb859eed-419a-492b-9d90-62a140ca4152, command=[]} | ret=SUCCESS |  
2019-09-05 07:47:38,725 | INFO  | SCMAudit | user=jenkins1000 | ip=192.168.36.69 | op=SEND_HEARTBEAT {datanodeUUID=e4f00552-71e6-4733-a812-14497e905a56, command=[]} | ret=SUCCESS |  
2019-09-05 07:47:38,867 | INFO  | SCMAudit | user=jenkins1000 | ip=192.168.36.69 | op=SEND_HEARTBEAT {datanodeUUID=17ccb7c8-19aa-444e-a887-cfea9581dea6, command=[]} | ret=SUCCESS |  
2019-09-05 07:47:39,173 [grpc-default-executor-12] WARN  server.GrpcLogAppender (LogUtils.java:warn(134)) - e4f00552-71e6-4733-a812-14497e905a56->52e1b467-e57b-4fcf-a518-bc87fcf908db: Failed appendEntries: org.apache.ratis.thirdparty.io.grpc.StatusRuntimeException: UNAVAILABLE: io exception
2019-09-05 07:47:39,174 [grpc-default-executor-12] INFO  impl.FollowerInfo (FollowerInfo.java:lambda$new$0(50)) - e4f00552-71e6-4733-a812-14497e905a56->52e1b467-e57b-4fcf-a518-bc87fcf908db: nextIndex: updateUnconditionally 6 -> 5
2019-09-05 07:47:39,226 | INFO  | SCMAudit | user=jenkins1000 | ip=192.168.36.69 | op=SEND_HEARTBEAT {datanodeUUID=cb859eed-419a-492b-9d90-62a140ca4152, command=[]} | ret=SUCCESS |  
2019-09-05 07:47:39,350 [EventQueue-StaleNodeForStaleNodeHandler] INFO  node.StaleNodeHandler (StaleNodeHandler.java:onMessage(58)) - Datanode 9498405f-0a9d-49d4-805a-bb615e968bfe{ip: 192.168.36.69, host: pr-hdds-1571-lfg7x-4139639749, networkLocation: /default-rack, certSerialId: null} moved to stale state. Finalizing its pipelines [PipelineID=02120de9-c8f9-4931-95de-cb620def28f8, PipelineID=7c962cf5-2561-488d-acba-6d806feeb2d6]
2019-09-05 07:47:39,350 [EventQueue-StaleNodeForStaleNodeHandler] INFO  pipeline.SCMPipelineManager (SCMPipelineManager.java:finalizeAndDestroyPipeline(309)) - destroying pipeline:Pipeline[ Id: 02120de9-c8f9-4931-95de-cb620def28f8, Nodes: cb859eed-419a-492b-9d90-62a140ca4152{ip: 192.168.36.69, host: pr-hdds-1571-lfg7x-4139639749, networkLocation: /default-rack, certSerialId: null}dce6a79c-87ca-48bd-bf9f-990cc252ad10{ip: 192.168.36.69, host: pr-hdds-1571-lfg7x-4139639749, networkLocation: /default-rack, certSerialId: null}9498405f-0a9d-49d4-805a-bb615e968bfe{ip: 192.168.36.69, host: pr-hdds-1571-lfg7x-4139639749, networkLocation: /default-rack, certSerialId: null}, Type:RATIS, Factor:THREE, State:CLOSED]
2019-09-05 07:47:39,351 [EventQueue-StaleNodeForStaleNodeHandler] INFO  pipeline.SCMPipelineManager (SCMPipelineManager.java:finalizeAndDestroyPipeline(309)) - destroying pipeline:Pipeline[ Id: 7c962cf5-2561-488d-acba-6d806feeb2d6, Nodes: 9498405f-0a9d-49d4-805a-bb615e968bfe{ip: 192.168.36.69, host: pr-hdds-1571-lfg7x-4139639749, networkLocation: /default-rack, certSerialId: null}, Type:RATIS, Factor:ONE, State:OPEN]
2019-09-05 07:47:39,351 [EventQueue-StaleNodeForStaleNodeHandler] INFO  pipeline.PipelineStateManager (PipelineStateManager.java:finalizePipeline(123)) - Pipeline Pipeline[ Id: 7c962cf5-2561-488d-acba-6d806feeb2d6, Nodes: 9498405f-0a9d-49d4-805a-bb615e968bfe{ip: 192.168.36.69, host: pr-hdds-1571-lfg7x-4139639749, networkLocation: /default-rack, certSerialId: null}, Type:RATIS, Factor:ONE, State:CLOSED] moved to CLOSED state
2019-09-05 07:47:39,651 [EventQueue-StaleNodeForStaleNodeHandler] INFO  node.StaleNodeHandler (StaleNodeHandler.java:onMessage(58)) - Datanode 6d8a3bc5-9c47-4ffc-a54e-68d957b6d223{ip: 192.168.36.69, host: pr-hdds-1571-lfg7x-4139639749, networkLocation: /default-rack, certSerialId: null} moved to stale state. Finalizing its pipelines [PipelineID=85a2eacd-805d-4c49-a42d-b237cfa25109, PipelineID=b28257cf-550b-4f41-843b-6a11792535a5]
2019-09-05 07:47:39,651 [EventQueue-StaleNodeForStaleNodeHandler] INFO  pipeline.SCMPipelineManager (SCMPipelineManager.java:finalizeAndDestroyPipeline(309)) - destroying pipeline:Pipeline[ Id: 85a2eacd-805d-4c49-a42d-b237cfa25109, Nodes: 6d8a3bc5-9c47-4ffc-a54e-68d957b6d223{ip: 192.168.36.69, host: pr-hdds-1571-lfg7x-4139639749, networkLocation: /default-rack, certSerialId: null}, Type:RATIS, Factor:ONE, State:OPEN]
2019-09-05 07:47:39,651 [EventQueue-StaleNodeForStaleNodeHandler] INFO  pipeline.PipelineStateManager (PipelineStateManager.java:finalizePipeline(123)) - Pipeline Pipeline[ Id: 85a2eacd-805d-4c49-a42d-b237cfa25109, Nodes: 6d8a3bc5-9c47-4ffc-a54e-68d957b6d223{ip: 192.168.36.69, host: pr-hdds-1571-lfg7x-4139639749, networkLocation: /default-rack, certSerialId: null}, Type:RATIS, Factor:ONE, State:CLOSED] moved to CLOSED state
2019-09-05 07:47:39,651 [EventQueue-StaleNodeForStaleNodeHandler] INFO  pipeline.SCMPipelineManager (SCMPipelineManager.java:finalizeAndDestroyPipeline(309)) - destroying pipeline:Pipeline[ Id: b28257cf-550b-4f41-843b-6a11792535a5, Nodes: 6d8a3bc5-9c47-4ffc-a54e-68d957b6d223{ip: 192.168.36.69, host: pr-hdds-1571-lfg7x-4139639749, networkLocation: /default-rack, certSerialId: null}e4f00552-71e6-4733-a812-14497e905a56{ip: 192.168.36.69, host: pr-hdds-1571-lfg7x-4139639749, networkLocation: /default-rack, certSerialId: null}52e1b467-e57b-4fcf-a518-bc87fcf908db{ip: 192.168.36.69, host: pr-hdds-1571-lfg7x-4139639749, networkLocation: /default-rack, certSerialId: null}, Type:RATIS, Factor:THREE, State:CLOSED]
2019-09-05 07:47:39,725 | INFO  | SCMAudit | user=jenkins1000 | ip=192.168.36.69 | op=SEND_HEARTBEAT {datanodeUUID=e4f00552-71e6-4733-a812-14497e905a56, command=[]} | ret=SUCCESS |  
2019-09-05 07:47:39,800 [grpc-default-executor-8] WARN  server.GrpcLogAppender (LogUtils.java:warn(134)) - 9498405f-0a9d-49d4-805a-bb615e968bfe->dce6a79c-87ca-48bd-bf9f-990cc252ad10: Failed appendEntries: org.apache.ratis.thirdparty.io.grpc.StatusRuntimeException: UNAVAILABLE: io exception
2019-09-05 07:47:39,801 [grpc-default-executor-8] INFO  impl.FollowerInfo (FollowerInfo.java:lambda$new$0(50)) - 9498405f-0a9d-49d4-805a-bb615e968bfe->dce6a79c-87ca-48bd-bf9f-990cc252ad10: nextIndex: updateUnconditionally 5 -> 4
2019-09-05 07:47:39,867 | INFO  | SCMAudit | user=jenkins1000 | ip=192.168.36.69 | op=SEND_HEARTBEAT {datanodeUUID=17ccb7c8-19aa-444e-a887-cfea9581dea6, command=[]} | ret=SUCCESS |  
2019-09-05 07:47:39,911 [ForkJoinPool.commonPool-worker-1] INFO  ozoneimpl.OzoneContainer (OzoneContainer.java:stop(199)) - Attempting to stop container services.
2019-09-05 07:47:39,911 [ForkJoinPool.commonPool-worker-1] INFO  impl.RaftServerProxy (RaftServerProxy.java:lambda$close$4(314)) - 9498405f-0a9d-49d4-805a-bb615e968bfe: close
2019-09-05 07:47:39,911 [ForkJoinPool.commonPool-worker-1] INFO  impl.RaftServerImpl (RaftServerImpl.java:lambda$shutdown$3(245)) - 9498405f-0a9d-49d4-805a-bb615e968bfe: shutdown group-CB620DEF28F8
2019-09-05 07:47:39,911 [main] INFO  ozoneimpl.OzoneContainer (OzoneContainer.java:stop(199)) - Attempting to stop container services.
2019-09-05 07:47:39,912 [ForkJoinPool.commonPool-worker-1] INFO  util.JmxRegister (JmxRegister.java:unregister(73)) - Successfully un-registered JMX Bean with object name Ratis:service=RaftServer,group=group-CB620DEF28F8,id=9498405f-0a9d-49d4-805a-bb615e968bfe
2019-09-05 07:47:39,912 [main] INFO  impl.RaftServerProxy (RaftServerProxy.java:lambda$close$4(314)) - 6d8a3bc5-9c47-4ffc-a54e-68d957b6d223: close
2019-09-05 07:47:39,912 [ForkJoinPool.commonPool-worker-1] INFO  impl.RoleInfo (RoleInfo.java:shutdownLeaderState(104)) - 9498405f-0a9d-49d4-805a-bb615e968bfe: shutdown LeaderState
2019-09-05 07:47:39,913 [main] INFO  impl.RaftServerImpl (RaftServerImpl.java:lambda$shutdown$3(245)) - 6d8a3bc5-9c47-4ffc-a54e-68d957b6d223: shutdown group-B237CFA25109
2019-09-05 07:47:39,916 [org.apache.ratis.server.impl.LogAppender$AppenderDaemon$$Lambda$470/1767030991@177cc260] WARN  server.GrpcLogAppender (GrpcLogAppender.java:mayWait(143)) - GrpcLogAppender(9498405f-0a9d-49d4-805a-bb615e968bfe->dce6a79c-87ca-48bd-bf9f-990cc252ad10): Wait interrupted by java.lang.InterruptedException
2019-09-05 07:47:39,916 [org.apache.ratis.server.impl.LogAppender$AppenderDaemon$$Lambda$470/1767030991@527e464b] WARN  server.GrpcLogAppender (GrpcLogAppender.java:mayWait(143)) - GrpcLogAppender(9498405f-0a9d-49d4-805a-bb615e968bfe->cb859eed-419a-492b-9d90-62a140ca4152): Wait interrupted by java.lang.InterruptedException
2019-09-05 07:47:39,916 [ForkJoinPool.commonPool-worker-1] INFO  impl.PendingRequests (PendingRequests.java:sendNotLeaderResponses(202)) - 9498405f-0a9d-49d4-805a-bb615e968bfe-PendingRequests: sendNotLeaderResponses
2019-09-05 07:47:39,917 [main] INFO  util.JmxRegister (JmxRegister.java:unregister(73)) - Successfully un-registered JMX Bean with object name Ratis:service=RaftServer,group=group-B237CFA25109,id=6d8a3bc5-9c47-4ffc-a54e-68d957b6d223
2019-09-05 07:47:39,917 [grpc-default-executor-12] INFO  server.GrpcServerProtocolService (GrpcServerProtocolService.java:onCompleted(104)) - cb859eed-419a-492b-9d90-62a140ca4152: appendEntries completed
2019-09-05 07:47:39,920 [StateMachineUpdater:9498405f-0a9d-49d4-805a-bb615e968bfe:group-CB620DEF28F8] INFO  ratis.ContainerStateMachine (ContainerStateMachine.java:takeSnapshot(283)) - group-CB620DEF28F8: Taking a snapshot at:(t:1, i:6) file /workdir/hadoop-ozone/integration-test/target/test-dir/MiniOzoneClusterImpl-a7b65b7d-2f78-4bad-aae3-c6d6f5d380da/datanode-2/data/ratis/02120de9-c8f9-4931-95de-cb620def28f8/sm/snapshot.1_6
2019-09-05 07:47:39,920 [main] INFO  impl.RoleInfo (RoleInfo.java:shutdownLeaderState(104)) - 6d8a3bc5-9c47-4ffc-a54e-68d957b6d223: shutdown LeaderState
2019-09-05 07:47:39,920 [ForkJoinPool.commonPool-worker-1] INFO  impl.StateMachineUpdater (StateMachineUpdater.java:stopAndJoin(115)) - StateMachineUpdater:9498405f-0a9d-49d4-805a-bb615e968bfe:group-CB620DEF28F8: set stopIndex = 6
2019-09-05 07:47:39,920 [main] INFO  impl.PendingRequests (PendingRequests.java:sendNotLeaderResponses(202)) - 6d8a3bc5-9c47-4ffc-a54e-68d957b6d223-PendingRequests: sendNotLeaderResponses
2019-09-05 07:47:39,920 [grpc-default-executor-8] INFO  server.GrpcLogAppender (GrpcLogAppender.java:onCompleted(292)) - 9498405f-0a9d-49d4-805a-bb615e968bfe->cb859eed-419a-492b-9d90-62a140ca4152: follower responses appendEntries COMPLETED
2019-09-05 07:47:39,921 [main] INFO  impl.StateMachineUpdater (StateMachineUpdater.java:stopAndJoin(115)) - StateMachineUpdater:6d8a3bc5-9c47-4ffc-a54e-68d957b6d223:group-B237CFA25109: set stopIndex = 0
2019-09-05 07:47:39,921 [grpc-default-executor-8] INFO  impl.FollowerInfo (FollowerInfo.java:lambda$new$0(50)) - 9498405f-0a9d-49d4-805a-bb615e968bfe->cb859eed-419a-492b-9d90-62a140ca4152: nextIndex: updateUnconditionally 7 -> 6
2019-09-05 07:47:39,922 [main] INFO  impl.RaftServerImpl (ServerState.java:close(394)) - 6d8a3bc5-9c47-4ffc-a54e-68d957b6d223:group-B237CFA25109 closes. The last applied log index is 0
2019-09-05 07:47:39,922 [6d8a3bc5-9c47-4ffc-a54e-68d957b6d223-SegmentedRaftLogWorker:Storage Directory /workdir/hadoop-ozone/integration-test/target/test-dir/MiniOzoneClusterImpl-a7b65b7d-2f78-4bad-aae3-c6d6f5d380da/datanode-3/data/ratis/85a2eacd-805d-4c49-a42d-b237cfa25109] INFO  segmented.SegmentedRaftLogWorker (SegmentedRaftLogWorker.java:run(313)) - 6d8a3bc5-9c47-4ffc-a54e-68d957b6d223-SegmentedRaftLogWorker:Storage Directory /workdir/hadoop-ozone/integration-test/target/test-dir/MiniOzoneClusterImpl-a7b65b7d-2f78-4bad-aae3-c6d6f5d380da/datanode-3/data/ratis/85a2eacd-805d-4c49-a42d-b237cfa25109 was interrupted, exiting. There are 0 tasks remaining in the queue.
2019-09-05 07:47:39,933 [main] INFO  segmented.SegmentedRaftLogWorker (SegmentedRaftLogWorker.java:close(228)) - 6d8a3bc5-9c47-4ffc-a54e-68d957b6d223-SegmentedRaftLogWorker:Storage Directory /workdir/hadoop-ozone/integration-test/target/test-dir/MiniOzoneClusterImpl-a7b65b7d-2f78-4bad-aae3-c6d6f5d380da/datanode-3/data/ratis/85a2eacd-805d-4c49-a42d-b237cfa25109 close()
2019-09-05 07:47:39,935 [main] INFO  impl.RaftServerImpl (RaftServerImpl.java:lambda$shutdown$3(245)) - 6d8a3bc5-9c47-4ffc-a54e-68d957b6d223: shutdown group-6A11792535A5
2019-09-05 07:47:39,935 [StateMachineUpdater:9498405f-0a9d-49d4-805a-bb615e968bfe:group-CB620DEF28F8] INFO  ratis.ContainerStateMachine (ContainerStateMachine.java:takeSnapshot(294)) - group-CB620DEF28F8: Finished taking a snapshot at:(t:1, i:6) file:/workdir/hadoop-ozone/integration-test/target/test-dir/MiniOzoneClusterImpl-a7b65b7d-2f78-4bad-aae3-c6d6f5d380da/datanode-2/data/ratis/02120de9-c8f9-4931-95de-cb620def28f8/sm/snapshot.1_6 time:16
2019-09-05 07:47:39,936 [main] INFO  util.JmxRegister (JmxRegister.java:unregister(73)) - Successfully un-registered JMX Bean with object name Ratis:service=RaftServer,group=group-6A11792535A5,id=6d8a3bc5-9c47-4ffc-a54e-68d957b6d223
2019-09-05 07:47:39,936 [main] INFO  impl.RoleInfo (RoleInfo.java:shutdownFollowerState(121)) - 6d8a3bc5-9c47-4ffc-a54e-68d957b6d223: shutdown FollowerState
2019-09-05 07:47:39,936 [StateMachineUpdater:9498405f-0a9d-49d4-805a-bb615e968bfe:group-CB620DEF28F8] INFO  impl.StateMachineUpdater (StateMachineUpdater.java:takeSnapshot(242)) - StateMachineUpdater:9498405f-0a9d-49d4-805a-bb615e968bfe:group-CB620DEF28F8: Took a snapshot at index 6
2019-09-05 07:47:39,937 [Thread-4935] INFO  impl.FollowerState (FollowerState.java:run(114)) - 6d8a3bc5-9c47-4ffc-a54e-68d957b6d223: FollowerState was interrupted: java.lang.InterruptedException: sleep interrupted
2019-09-05 07:47:39,936 [main] INFO  impl.StateMachineUpdater (StateMachineUpdater.java:stopAndJoin(115)) - StateMachineUpdater:6d8a3bc5-9c47-4ffc-a54e-68d957b6d223:group-6A11792535A5: set stopIndex = 8
2019-09-05 07:47:39,937 [StateMachineUpdater:6d8a3bc5-9c47-4ffc-a54e-68d957b6d223:group-6A11792535A5] INFO  ratis.ContainerStateMachine (ContainerStateMachine.java:takeSnapshot(283)) - group-6A11792535A5: Taking a snapshot at:(t:1, i:7) file /workdir/hadoop-ozone/integration-test/target/test-dir/MiniOzoneClusterImpl-a7b65b7d-2f78-4bad-aae3-c6d6f5d380da/datanode-3/data/ratis/b28257cf-550b-4f41-843b-6a11792535a5/sm/snapshot.1_7
2019-09-05 07:47:39,937 [StateMachineUpdater:9498405f-0a9d-49d4-805a-bb615e968bfe:group-CB620DEF28F8] INFO  impl.StateMachineUpdater (StateMachineUpdater.java:lambda$new$0(80)) - StateMachineUpdater:9498405f-0a9d-49d4-805a-bb615e968bfe:group-CB620DEF28F8: snapshotIndex: updateIncreasingly -1 -> 6
2019-09-05 07:47:39,939 [ForkJoinPool.commonPool-worker-1] INFO  impl.RaftServerImpl (ServerState.java:close(394)) - 9498405f-0a9d-49d4-805a-bb615e968bfe:group-CB620DEF28F8 closes. The last applied log index is 6
2019-09-05 07:47:39,939 [9498405f-0a9d-49d4-805a-bb615e968bfe-SegmentedRaftLogWorker:Storage Directory /workdir/hadoop-ozone/integration-test/target/test-dir/MiniOzoneClusterImpl-a7b65b7d-2f78-4bad-aae3-c6d6f5d380da/datanode-2/data/ratis/02120de9-c8f9-4931-95de-cb620def28f8] INFO  segmented.SegmentedRaftLogWorker (SegmentedRaftLogWorker.java:run(313)) - 9498405f-0a9d-49d4-805a-bb615e968bfe-SegmentedRaftLogWorker:Storage Directory /workdir/hadoop-ozone/integration-test/target/test-dir/MiniOzoneClusterImpl-a7b65b7d-2f78-4bad-aae3-c6d6f5d380da/datanode-2/data/ratis/02120de9-c8f9-4931-95de-cb620def28f8 was interrupted, exiting. There are 0 tasks remaining in the queue.
2019-09-05 07:47:39,940 [ForkJoinPool.commonPool-worker-1] INFO  segmented.SegmentedRaftLogWorker (SegmentedRaftLogWorker.java:close(228)) - 9498405f-0a9d-49d4-805a-bb615e968bfe-SegmentedRaftLogWorker:Storage Directory /workdir/hadoop-ozone/integration-test/target/test-dir/MiniOzoneClusterImpl-a7b65b7d-2f78-4bad-aae3-c6d6f5d380da/datanode-2/data/ratis/02120de9-c8f9-4931-95de-cb620def28f8 close()
2019-09-05 07:47:39,943 [ForkJoinPool.commonPool-worker-1] INFO  impl.RaftServerImpl (RaftServerImpl.java:lambda$shutdown$3(245)) - 9498405f-0a9d-49d4-805a-bb615e968bfe: shutdown group-6D806FEEB2D6
2019-09-05 07:47:39,943 [ForkJoinPool.commonPool-worker-1] INFO  util.JmxRegister (JmxRegister.java:unregister(73)) - Successfully un-registered JMX Bean with object name Ratis:service=RaftServer,group=group-6D806FEEB2D6,id=9498405f-0a9d-49d4-805a-bb615e968bfe
2019-09-05 07:47:39,943 [ForkJoinPool.commonPool-worker-1] INFO  impl.RoleInfo (RoleInfo.java:shutdownLeaderState(104)) - 9498405f-0a9d-49d4-805a-bb615e968bfe: shutdown LeaderState
2019-09-05 07:47:39,943 [ForkJoinPool.commonPool-worker-1] INFO  impl.PendingRequests (PendingRequests.java:sendNotLeaderResponses(202)) - 9498405f-0a9d-49d4-805a-bb615e968bfe-PendingRequests: sendNotLeaderResponses
2019-09-05 07:47:39,943 [ForkJoinPool.commonPool-worker-1] INFO  impl.StateMachineUpdater (StateMachineUpdater.java:stopAndJoin(115)) - StateMachineUpdater:9498405f-0a9d-49d4-805a-bb615e968bfe:group-6D806FEEB2D6: set stopIndex = 0
2019-09-05 07:47:39,944 [ForkJoinPool.commonPool-worker-1] INFO  impl.RaftServerImpl (ServerState.java:close(394)) - 9498405f-0a9d-49d4-805a-bb615e968bfe:group-6D806FEEB2D6 closes. The last applied log index is 0
2019-09-05 07:47:39,944 [9498405f-0a9d-49d4-805a-bb615e968bfe-SegmentedRaftLogWorker:Storage Directory /workdir/hadoop-ozone/integration-test/target/test-dir/MiniOzoneClusterImpl-a7b65b7d-2f78-4bad-aae3-c6d6f5d380da/datanode-2/data/ratis/7c962cf5-2561-488d-acba-6d806feeb2d6] INFO  segmented.SegmentedRaftLogWorker (SegmentedRaftLogWorker.java:run(313)) - 9498405f-0a9d-49d4-805a-bb615e968bfe-SegmentedRaftLogWorker:Storage Directory /workdir/hadoop-ozone/integration-test/target/test-dir/MiniOzoneClusterImpl-a7b65b7d-2f78-4bad-aae3-c6d6f5d380da/datanode-2/data/ratis/7c962cf5-2561-488d-acba-6d806feeb2d6 was interrupted, exiting. There are 0 tasks remaining in the queue.
2019-09-05 07:47:39,945 [ForkJoinPool.commonPool-worker-1] INFO  segmented.SegmentedRaftLogWorker (SegmentedRaftLogWorker.java:close(228)) - 9498405f-0a9d-49d4-805a-bb615e968bfe-SegmentedRaftLogWorker:Storage Directory /workdir/hadoop-ozone/integration-test/target/test-dir/MiniOzoneClusterImpl-a7b65b7d-2f78-4bad-aae3-c6d6f5d380da/datanode-2/data/ratis/7c962cf5-2561-488d-acba-6d806feeb2d6 close()
2019-09-05 07:47:39,947 [ForkJoinPool.commonPool-worker-1] INFO  server.GrpcService (GrpcService.java:closeImpl(155)) - 9498405f-0a9d-49d4-805a-bb615e968bfe: shutdown server with port 43708 now
2019-09-05 07:47:39,949 [grpc-default-executor-12] WARN  client.GrpcClientProtocolService (LogUtils.java:warn(134)) - 1-UnorderedRequestStreamObserver1: onError: org.apache.ratis.thirdparty.io.grpc.StatusRuntimeException: CANCELLED: cancelled before receiving half close
2019-09-05 07:47:39,949 [ForkJoinPool.commonPool-worker-1] INFO  server.GrpcService (GrpcService.java:closeImpl(163)) - 9498405f-0a9d-49d4-805a-bb615e968bfe: shutdown server with port 43708 successfully
2019-09-05 07:47:39,952 [ForkJoinPool.commonPool-worker-1] INFO  utils.BackgroundService (BackgroundService.java:shutdown(148)) - Shutting down service BlockDeletingService
2019-09-05 07:47:39,954 [refreshUsed-/workdir/hadoop-ozone/integration-test/target/test-dir/MiniOzoneClusterImpl-a7b65b7d-2f78-4bad-aae3-c6d6f5d380da/datanode-2/data/containers] WARN  fs.CachingGetSpaceUsed (CachingGetSpaceUsed.java:run(183)) - Thread Interrupted waiting to refresh disk information: sleep interrupted
2019-09-05 07:47:39,967 [ForkJoinPool.commonPool-worker-1] INFO  statemachine.DatanodeStateMachine (DatanodeStateMachine.java:stopDaemon(395)) - Ozone container server stopped.
2019-09-05 07:47:39,969 [StateMachineUpdater:6d8a3bc5-9c47-4ffc-a54e-68d957b6d223:group-6A11792535A5] INFO  ratis.ContainerStateMachine (ContainerStateMachine.java:takeSnapshot(294)) - group-6A11792535A5: Finished taking a snapshot at:(t:1, i:7) file:/workdir/hadoop-ozone/integration-test/target/test-dir/MiniOzoneClusterImpl-a7b65b7d-2f78-4bad-aae3-c6d6f5d380da/datanode-3/data/ratis/b28257cf-550b-4f41-843b-6a11792535a5/sm/snapshot.1_7 time:32
2019-09-05 07:47:39,970 [StateMachineUpdater:6d8a3bc5-9c47-4ffc-a54e-68d957b6d223:group-6A11792535A5] INFO  impl.StateMachineUpdater (StateMachineUpdater.java:takeSnapshot(242)) - StateMachineUpdater:6d8a3bc5-9c47-4ffc-a54e-68d957b6d223:group-6A11792535A5: Took a snapshot at index 7
2019-09-05 07:47:39,970 [StateMachineUpdater:6d8a3bc5-9c47-4ffc-a54e-68d957b6d223:group-6A11792535A5] INFO  impl.StateMachineUpdater (StateMachineUpdater.java:lambda$new$0(80)) - StateMachineUpdater:6d8a3bc5-9c47-4ffc-a54e-68d957b6d223:group-6A11792535A5: snapshotIndex: updateIncreasingly -1 -> 7
2019-09-05 07:47:39,970 [main] INFO  impl.RaftServerImpl (ServerState.java:close(394)) - 6d8a3bc5-9c47-4ffc-a54e-68d957b6d223:group-6A11792535A5 closes. The last applied log index is 8
2019-09-05 07:47:39,971 [ForkJoinPool.commonPool-worker-1] INFO  handler.ContextHandler (ContextHandler.java:doStop(910)) - Stopped o.e.j.w.WebAppContext@3f098695{/,null,UNAVAILABLE}{/hddsDatanode}
2019-09-05 07:47:39,972 [6d8a3bc5-9c47-4ffc-a54e-68d957b6d223-SegmentedRaftLogWorker:Storage Directory /workdir/hadoop-ozone/integration-test/target/test-dir/MiniOzoneClusterImpl-a7b65b7d-2f78-4bad-aae3-c6d6f5d380da/datanode-3/data/ratis/b28257cf-550b-4f41-843b-6a11792535a5] INFO  segmented.SegmentedRaftLogWorker (SegmentedRaftLogWorker.java:run(313)) - 6d8a3bc5-9c47-4ffc-a54e-68d957b6d223-SegmentedRaftLogWorker:Storage Directory /workdir/hadoop-ozone/integration-test/target/test-dir/MiniOzoneClusterImpl-a7b65b7d-2f78-4bad-aae3-c6d6f5d380da/datanode-3/data/ratis/b28257cf-550b-4f41-843b-6a11792535a5 was interrupted, exiting. There are 0 tasks remaining in the queue.
2019-09-05 07:47:39,973 [main] INFO  segmented.SegmentedRaftLogWorker (SegmentedRaftLogWorker.java:close(228)) - 6d8a3bc5-9c47-4ffc-a54e-68d957b6d223-SegmentedRaftLogWorker:Storage Directory /workdir/hadoop-ozone/integration-test/target/test-dir/MiniOzoneClusterImpl-a7b65b7d-2f78-4bad-aae3-c6d6f5d380da/datanode-3/data/ratis/b28257cf-550b-4f41-843b-6a11792535a5 close()
2019-09-05 07:47:39,973 [ForkJoinPool.commonPool-worker-1] INFO  server.AbstractConnector (AbstractConnector.java:doStop(318)) - Stopped ServerConnector@620992a8{HTTP/1.1,[http/1.1]}{0.0.0.0:0}
2019-09-05 07:47:39,982 [main] INFO  server.GrpcService (GrpcService.java:closeImpl(155)) - 6d8a3bc5-9c47-4ffc-a54e-68d957b6d223: shutdown server with port 33364 now
2019-09-05 07:47:39,984 [ForkJoinPool.commonPool-worker-1] INFO  handler.ContextHandler (ContextHandler.java:doStop(910)) - Stopped o.e.j.s.ServletContextHandler@5baa759a{/static,jar:file:/home/user/.m2/repository/org/apache/hadoop/hadoop-hdds-container-service/0.5.0-SNAPSHOT/hadoop-hdds-container-service-0.5.0-SNAPSHOT.jar!/webapps/static,UNAVAILABLE}
2019-09-05 07:47:39,985 [ForkJoinPool.commonPool-worker-1] INFO  handler.ContextHandler (ContextHandler.java:doStop(910)) - Stopped o.e.j.s.ServletContextHandler@28d4c7ec{/logs,file:///workdir/hadoop-ozone/integration-test/target/log,UNAVAILABLE}
2019-09-05 07:47:39,985 [grpc-default-executor-8] WARN  server.GrpcServerProtocolService (LogUtils.java:warn(134)) - 6d8a3bc5-9c47-4ffc-a54e-68d957b6d223: appendEntries onError: org.apache.ratis.thirdparty.io.grpc.StatusRuntimeException: CANCELLED: cancelled before receiving half close
2019-09-05 07:47:39,986 [main] INFO  server.GrpcService (GrpcService.java:closeImpl(163)) - 6d8a3bc5-9c47-4ffc-a54e-68d957b6d223: shutdown server with port 33364 successfully
2019-09-05 07:47:39,986 [grpc-default-executor-12] WARN  server.GrpcLogAppender (LogUtils.java:warn(134)) - e4f00552-71e6-4733-a812-14497e905a56->6d8a3bc5-9c47-4ffc-a54e-68d957b6d223: Failed appendEntries: org.apache.ratis.thirdparty.io.grpc.StatusRuntimeException: CANCELLED: HTTP/2 error code: CANCEL
Received Rst Stream
2019-09-05 07:47:39,986 [ForkJoinPool.commonPool-worker-1] INFO  datanode.ObjectStoreHandler (ObjectStoreHandler.java:close(155)) - Closing ObjectStoreHandler.
2019-09-05 07:47:39,986 [grpc-default-executor-12] INFO  impl.FollowerInfo (FollowerInfo.java:lambda$new$0(50)) - e4f00552-71e6-4733-a812-14497e905a56->6d8a3bc5-9c47-4ffc-a54e-68d957b6d223: nextIndex: updateUnconditionally 9 -> 8
2019-09-05 07:47:39,986 [ForkJoinPool.commonPool-worker-1] INFO  ozone.HddsDatanodeService (HddsDatanodeService.java:stop(451)) - Stopped plug-in org.apache.hadoop.ozone.web.OzoneHddsDatanodeService@3f008bb6
2019-09-05 07:47:39,987 [main] INFO  utils.BackgroundService (BackgroundService.java:shutdown(148)) - Shutting down service BlockDeletingService
2019-09-05 07:47:39,988 [refreshUsed-/workdir/hadoop-ozone/integration-test/target/test-dir/MiniOzoneClusterImpl-a7b65b7d-2f78-4bad-aae3-c6d6f5d380da/datanode-3/data/containers] WARN  fs.CachingGetSpaceUsed (CachingGetSpaceUsed.java:run(183)) - Thread Interrupted waiting to refresh disk information: sleep interrupted
2019-09-05 07:47:40,005 [main] INFO  statemachine.DatanodeStateMachine (DatanodeStateMachine.java:stopDaemon(395)) - Ozone container server stopped.
2019-09-05 07:47:40,006 [main] INFO  handler.ContextHandler (ContextHandler.java:doStop(910)) - Stopped o.e.j.w.WebAppContext@307fe491{/,null,UNAVAILABLE}{/hddsDatanode}
2019-09-05 07:47:40,007 [main] INFO  server.AbstractConnector (AbstractConnector.java:doStop(318)) - Stopped ServerConnector@6f9de548{HTTP/1.1,[http/1.1]}{0.0.0.0:0}
2019-09-05 07:47:40,007 [main] INFO  handler.ContextHandler (ContextHandler.java:doStop(910)) - Stopped o.e.j.s.ServletContextHandler@3cc9957d{/static,jar:file:/home/user/.m2/repository/org/apache/hadoop/hadoop-hdds-container-service/0.5.0-SNAPSHOT/hadoop-hdds-container-service-0.5.0-SNAPSHOT.jar!/webapps/static,UNAVAILABLE}
2019-09-05 07:47:40,007 [main] INFO  handler.ContextHandler (ContextHandler.java:doStop(910)) - Stopped o.e.j.s.ServletContextHandler@29ac632a{/logs,file:///workdir/hadoop-ozone/integration-test/target/log,UNAVAILABLE}
2019-09-05 07:47:40,008 [main] INFO  datanode.ObjectStoreHandler (ObjectStoreHandler.java:close(155)) - Closing ObjectStoreHandler.
2019-09-05 07:47:40,008 [main] INFO  ozone.HddsDatanodeService (HddsDatanodeService.java:stop(451)) - Stopped plug-in org.apache.hadoop.ozone.web.OzoneHddsDatanodeService@5b7e6e2d
2019-09-05 07:47:40,225 [Datanode State Machine Thread - 0] INFO  statemachine.DatanodeStateMachine (DatanodeStateMachine.java:lambda$startDaemon$0(350)) - Ozone container server started.
2019-09-05 07:47:40,725 | INFO  | SCMAudit | user=jenkins1000 | ip=192.168.36.69 | op=SEND_HEARTBEAT {datanodeUUID=e4f00552-71e6-4733-a812-14497e905a56, command=[]} | ret=SUCCESS |  
2019-09-05 07:47:40,867 [Datanode State Machine Thread - 0] INFO  statemachine.DatanodeStateMachine (DatanodeStateMachine.java:lambda$startDaemon$0(350)) - Ozone container server started.
2019-09-05 07:47:41,674 [grpc-default-executor-12] WARN  server.GrpcLogAppender (LogUtils.java:warn(134)) - e4f00552-71e6-4733-a812-14497e905a56->52e1b467-e57b-4fcf-a518-bc87fcf908db: Failed appendEntries: org.apache.ratis.thirdparty.io.grpc.StatusRuntimeException: UNAVAILABLE: io exception
2019-09-05 07:47:41,674 [grpc-default-executor-11] WARN  server.GrpcLogAppender (LogUtils.java:warn(134)) - e4f00552-71e6-4733-a812-14497e905a56->6d8a3bc5-9c47-4ffc-a54e-68d957b6d223: Failed appendEntries: org.apache.ratis.thirdparty.io.grpc.StatusRuntimeException: UNAVAILABLE: io exception
2019-09-05 07:47:41,675 [grpc-default-executor-12] INFO  impl.FollowerInfo (FollowerInfo.java:lambda$new$0(50)) - e4f00552-71e6-4733-a812-14497e905a56->52e1b467-e57b-4fcf-a518-bc87fcf908db: nextIndex: updateUnconditionally 5 -> 4
2019-09-05 07:47:41,675 [grpc-default-executor-11] INFO  impl.FollowerInfo (FollowerInfo.java:lambda$new$0(50)) - e4f00552-71e6-4733-a812-14497e905a56->6d8a3bc5-9c47-4ffc-a54e-68d957b6d223: nextIndex: updateUnconditionally 8 -> 7
2019-09-05 07:47:41,726 | INFO  | SCMAudit | user=jenkins1000 | ip=192.168.36.69 | op=SEND_HEARTBEAT {datanodeUUID=e4f00552-71e6-4733-a812-14497e905a56, command=[]} | ret=SUCCESS |  
2019-09-05 07:47:42,726 | INFO  | SCMAudit | user=jenkins1000 | ip=192.168.36.69 | op=SEND_HEARTBEAT {datanodeUUID=e4f00552-71e6-4733-a812-14497e905a56, command=[]} | ret=SUCCESS |  
2019-09-05 07:47:43,726 | INFO  | SCMAudit | user=jenkins1000 | ip=192.168.36.69 | op=SEND_HEARTBEAT {datanodeUUID=e4f00552-71e6-4733-a812-14497e905a56, command=[]} | ret=SUCCESS |  
2019-09-05 07:47:44,175 [grpc-default-executor-8] WARN  server.GrpcLogAppender (LogUtils.java:warn(134)) - e4f00552-71e6-4733-a812-14497e905a56->52e1b467-e57b-4fcf-a518-bc87fcf908db: Failed appendEntries: org.apache.ratis.thirdparty.io.grpc.StatusRuntimeException: UNAVAILABLE: io exception
2019-09-05 07:47:44,175 [grpc-default-executor-11] WARN  server.GrpcLogAppender (LogUtils.java:warn(134)) - e4f00552-71e6-4733-a812-14497e905a56->6d8a3bc5-9c47-4ffc-a54e-68d957b6d223: Failed appendEntries: org.apache.ratis.thirdparty.io.grpc.StatusRuntimeException: UNAVAILABLE: io exception
2019-09-05 07:47:44,175 [grpc-default-executor-8] INFO  impl.FollowerInfo (FollowerInfo.java:lambda$new$0(50)) - e4f00552-71e6-4733-a812-14497e905a56->52e1b467-e57b-4fcf-a518-bc87fcf908db: nextIndex: updateUnconditionally 4 -> 3
2019-09-05 07:47:44,175 [grpc-default-executor-11] INFO  impl.FollowerInfo (FollowerInfo.java:lambda$new$0(50)) - e4f00552-71e6-4733-a812-14497e905a56->6d8a3bc5-9c47-4ffc-a54e-68d957b6d223: nextIndex: updateUnconditionally 7 -> 6
2019-09-05 07:47:44,257 [EventQueue-StaleNodeForStaleNodeHandler] INFO  node.StaleNodeHandler (StaleNodeHandler.java:onMessage(58)) - Datanode cb859eed-419a-492b-9d90-62a140ca4152{ip: 192.168.36.69, host: pr-hdds-1571-lfg7x-4139639749, networkLocation: /default-rack, certSerialId: null} moved to stale state. Finalizing its pipelines [PipelineID=02120de9-c8f9-4931-95de-cb620def28f8, PipelineID=c6eb91e9-4e15-4f8e-8967-effedb84e6da]
2019-09-05 07:47:44,257 [EventQueue-StaleNodeForStaleNodeHandler] INFO  pipeline.SCMPipelineManager (SCMPipelineManager.java:finalizeAndDestroyPipeline(309)) - destroying pipeline:Pipeline[ Id: 02120de9-c8f9-4931-95de-cb620def28f8, Nodes: cb859eed-419a-492b-9d90-62a140ca4152{ip: 192.168.36.69, host: pr-hdds-1571-lfg7x-4139639749, networkLocation: /default-rack, certSerialId: null}dce6a79c-87ca-48bd-bf9f-990cc252ad10{ip: 192.168.36.69, host: pr-hdds-1571-lfg7x-4139639749, networkLocation: /default-rack, certSerialId: null}9498405f-0a9d-49d4-805a-bb615e968bfe{ip: 192.168.36.69, host: pr-hdds-1571-lfg7x-4139639749, networkLocation: /default-rack, certSerialId: null}, Type:RATIS, Factor:THREE, State:CLOSED]
2019-09-05 07:47:44,257 [EventQueue-StaleNodeForStaleNodeHandler] INFO  pipeline.SCMPipelineManager (SCMPipelineManager.java:finalizeAndDestroyPipeline(309)) - destroying pipeline:Pipeline[ Id: c6eb91e9-4e15-4f8e-8967-effedb84e6da, Nodes: cb859eed-419a-492b-9d90-62a140ca4152{ip: 192.168.36.69, host: pr-hdds-1571-lfg7x-4139639749, networkLocation: /default-rack, certSerialId: null}, Type:RATIS, Factor:ONE, State:OPEN]
2019-09-05 07:47:44,257 [EventQueue-StaleNodeForStaleNodeHandler] INFO  pipeline.PipelineStateManager (PipelineStateManager.java:finalizePipeline(123)) - Pipeline Pipeline[ Id: c6eb91e9-4e15-4f8e-8967-effedb84e6da, Nodes: cb859eed-419a-492b-9d90-62a140ca4152{ip: 192.168.36.69, host: pr-hdds-1571-lfg7x-4139639749, networkLocation: /default-rack, certSerialId: null}, Type:RATIS, Factor:ONE, State:CLOSED] moved to CLOSED state
2019-09-05 07:47:44,727 | INFO  | SCMAudit | user=jenkins1000 | ip=192.168.36.69 | op=SEND_HEARTBEAT {datanodeUUID=e4f00552-71e6-4733-a812-14497e905a56, command=[]} | ret=SUCCESS |  
2019-09-05 07:47:44,958 [EventQueue-StaleNodeForStaleNodeHandler] INFO  node.StaleNodeHandler (StaleNodeHandler.java:onMessage(58)) - Datanode 17ccb7c8-19aa-444e-a887-cfea9581dea6{ip: 192.168.36.69, host: pr-hdds-1571-lfg7x-4139639749, networkLocation: /default-rack, certSerialId: null} moved to stale state. Finalizing its pipelines [PipelineID=efa62ac2-02c8-4100-b642-69a4aa0f7c97]
2019-09-05 07:47:44,958 [EventQueue-StaleNodeForStaleNodeHandler] INFO  pipeline.SCMPipelineManager (SCMPipelineManager.java:finalizeAndDestroyPipeline(309)) - destroying pipeline:Pipeline[ Id: efa62ac2-02c8-4100-b642-69a4aa0f7c97, Nodes: 17ccb7c8-19aa-444e-a887-cfea9581dea6{ip: 192.168.36.69, host: pr-hdds-1571-lfg7x-4139639749, networkLocation: /default-rack, certSerialId: null}, Type:RATIS, Factor:ONE, State:OPEN]
2019-09-05 07:47:44,958 [EventQueue-StaleNodeForStaleNodeHandler] INFO  pipeline.PipelineStateManager (PipelineStateManager.java:finalizePipeline(123)) - Pipeline Pipeline[ Id: efa62ac2-02c8-4100-b642-69a4aa0f7c97, Nodes: 17ccb7c8-19aa-444e-a887-cfea9581dea6{ip: 192.168.36.69, host: pr-hdds-1571-lfg7x-4139639749, networkLocation: /default-rack, certSerialId: null}, Type:RATIS, Factor:ONE, State:CLOSED] moved to CLOSED state
2019-09-05 07:47:44,988 [ForkJoinPool.commonPool-worker-1] INFO  ozoneimpl.OzoneContainer (OzoneContainer.java:stop(199)) - Attempting to stop container services.
2019-09-05 07:47:44,988 [ForkJoinPool.commonPool-worker-1] INFO  impl.RaftServerProxy (RaftServerProxy.java:lambda$close$4(314)) - cb859eed-419a-492b-9d90-62a140ca4152: close
2019-09-05 07:47:44,988 [ForkJoinPool.commonPool-worker-1] INFO  impl.RaftServerImpl (RaftServerImpl.java:lambda$shutdown$3(245)) - cb859eed-419a-492b-9d90-62a140ca4152: shutdown group-CB620DEF28F8
2019-09-05 07:47:44,988 [ForkJoinPool.commonPool-worker-1] INFO  util.JmxRegister (JmxRegister.java:unregister(73)) - Successfully un-registered JMX Bean with object name Ratis:service=RaftServer,group=group-CB620DEF28F8,id=cb859eed-419a-492b-9d90-62a140ca4152
2019-09-05 07:47:44,988 [ForkJoinPool.commonPool-worker-1] INFO  impl.RoleInfo (RoleInfo.java:shutdownFollowerState(121)) - cb859eed-419a-492b-9d90-62a140ca4152: shutdown FollowerState
2019-09-05 07:47:44,989 [ForkJoinPool.commonPool-worker-1] INFO  impl.StateMachineUpdater (StateMachineUpdater.java:stopAndJoin(115)) - StateMachineUpdater:cb859eed-419a-492b-9d90-62a140ca4152:group-CB620DEF28F8: set stopIndex = 6
2019-09-05 07:47:44,989 [Thread-4912] INFO  impl.FollowerState (FollowerState.java:run(114)) - cb859eed-419a-492b-9d90-62a140ca4152: FollowerState was interrupted: java.lang.InterruptedException: sleep interrupted
2019-09-05 07:47:44,989 [StateMachineUpdater:cb859eed-419a-492b-9d90-62a140ca4152:group-CB620DEF28F8] INFO  ratis.ContainerStateMachine (ContainerStateMachine.java:takeSnapshot(283)) - group-CB620DEF28F8: Taking a snapshot at:(t:1, i:6) file /workdir/hadoop-ozone/integration-test/target/test-dir/MiniOzoneClusterImpl-a7b65b7d-2f78-4bad-aae3-c6d6f5d380da/datanode-0/data/ratis/02120de9-c8f9-4931-95de-cb620def28f8/sm/snapshot.1_6
2019-09-05 07:47:45,009 [main] INFO  ozoneimpl.OzoneContainer (OzoneContainer.java:stop(199)) - Attempting to stop container services.
2019-09-05 07:47:45,010 [main] INFO  impl.RaftServerProxy (RaftServerProxy.java:lambda$close$4(314)) - 17ccb7c8-19aa-444e-a887-cfea9581dea6: close
2019-09-05 07:47:45,010 [main] INFO  impl.RaftServerImpl (RaftServerImpl.java:lambda$shutdown$3(245)) - 17ccb7c8-19aa-444e-a887-cfea9581dea6: shutdown group-69A4AA0F7C97
2019-09-05 07:47:45,010 [main] INFO  util.JmxRegister (JmxRegister.java:unregister(73)) - Successfully un-registered JMX Bean with object name Ratis:service=RaftServer,group=group-69A4AA0F7C97,id=17ccb7c8-19aa-444e-a887-cfea9581dea6
2019-09-05 07:47:45,011 [main] INFO  impl.RoleInfo (RoleInfo.java:shutdownLeaderState(104)) - 17ccb7c8-19aa-444e-a887-cfea9581dea6: shutdown LeaderState
2019-09-05 07:47:45,011 [main] INFO  impl.PendingRequests (PendingRequests.java:sendNotLeaderResponses(202)) - 17ccb7c8-19aa-444e-a887-cfea9581dea6-PendingRequests: sendNotLeaderResponses
2019-09-05 07:47:45,012 [main] INFO  impl.StateMachineUpdater (StateMachineUpdater.java:stopAndJoin(115)) - StateMachineUpdater:17ccb7c8-19aa-444e-a887-cfea9581dea6:group-69A4AA0F7C97: set stopIndex = 0
2019-09-05 07:47:45,012 [main] INFO  impl.RaftServerImpl (ServerState.java:close(394)) - 17ccb7c8-19aa-444e-a887-cfea9581dea6:group-69A4AA0F7C97 closes. The last applied log index is 0
2019-09-05 07:47:45,012 [17ccb7c8-19aa-444e-a887-cfea9581dea6-SegmentedRaftLogWorker:Storage Directory /workdir/hadoop-ozone/integration-test/target/test-dir/MiniOzoneClusterImpl-a7b65b7d-2f78-4bad-aae3-c6d6f5d380da/datanode-6/data/ratis/efa62ac2-02c8-4100-b642-69a4aa0f7c97] INFO  segmented.SegmentedRaftLogWorker (SegmentedRaftLogWorker.java:run(313)) - 17ccb7c8-19aa-444e-a887-cfea9581dea6-SegmentedRaftLogWorker:Storage Directory /workdir/hadoop-ozone/integration-test/target/test-dir/MiniOzoneClusterImpl-a7b65b7d-2f78-4bad-aae3-c6d6f5d380da/datanode-6/data/ratis/efa62ac2-02c8-4100-b642-69a4aa0f7c97 was interrupted, exiting. There are 0 tasks remaining in the queue.
2019-09-05 07:47:45,017 [main] INFO  segmented.SegmentedRaftLogWorker (SegmentedRaftLogWorker.java:close(228)) - 17ccb7c8-19aa-444e-a887-cfea9581dea6-SegmentedRaftLogWorker:Storage Directory /workdir/hadoop-ozone/integration-test/target/test-dir/MiniOzoneClusterImpl-a7b65b7d-2f78-4bad-aae3-c6d6f5d380da/datanode-6/data/ratis/efa62ac2-02c8-4100-b642-69a4aa0f7c97 close()
2019-09-05 07:47:45,019 [StateMachineUpdater:cb859eed-419a-492b-9d90-62a140ca4152:group-CB620DEF28F8] INFO  ratis.ContainerStateMachine (ContainerStateMachine.java:takeSnapshot(294)) - group-CB620DEF28F8: Finished taking a snapshot at:(t:1, i:6) file:/workdir/hadoop-ozone/integration-test/target/test-dir/MiniOzoneClusterImpl-a7b65b7d-2f78-4bad-aae3-c6d6f5d380da/datanode-0/data/ratis/02120de9-c8f9-4931-95de-cb620def28f8/sm/snapshot.1_6 time:30
2019-09-05 07:47:45,019 [main] INFO  server.GrpcService (GrpcService.java:closeImpl(155)) - 17ccb7c8-19aa-444e-a887-cfea9581dea6: shutdown server with port 37746 now
2019-09-05 07:47:45,019 [StateMachineUpdater:cb859eed-419a-492b-9d90-62a140ca4152:group-CB620DEF28F8] INFO  impl.StateMachineUpdater (StateMachineUpdater.java:takeSnapshot(242)) - StateMachineUpdater:cb859eed-419a-492b-9d90-62a140ca4152:group-CB620DEF28F8: Took a snapshot at index 6
2019-09-05 07:47:45,019 [StateMachineUpdater:cb859eed-419a-492b-9d90-62a140ca4152:group-CB620DEF28F8] INFO  impl.StateMachineUpdater (StateMachineUpdater.java:lambda$new$0(80)) - StateMachineUpdater:cb859eed-419a-492b-9d90-62a140ca4152:group-CB620DEF28F8: snapshotIndex: updateIncreasingly -1 -> 6
2019-09-05 07:47:45,019 [main] INFO  server.GrpcService (GrpcService.java:closeImpl(163)) - 17ccb7c8-19aa-444e-a887-cfea9581dea6: shutdown server with port 37746 successfully
2019-09-05 07:47:45,019 [ForkJoinPool.commonPool-worker-1] INFO  impl.RaftServerImpl (ServerState.java:close(394)) - cb859eed-419a-492b-9d90-62a140ca4152:group-CB620DEF28F8 closes. The last applied log index is 6
2019-09-05 07:47:45,020 [cb859eed-419a-492b-9d90-62a140ca4152-SegmentedRaftLogWorker:Storage Directory /workdir/hadoop-ozone/integration-test/target/test-dir/MiniOzoneClusterImpl-a7b65b7d-2f78-4bad-aae3-c6d6f5d380da/datanode-0/data/ratis/02120de9-c8f9-4931-95de-cb620def28f8] INFO  segmented.SegmentedRaftLogWorker (SegmentedRaftLogWorker.java:run(313)) - cb859eed-419a-492b-9d90-62a140ca4152-SegmentedRaftLogWorker:Storage Directory /workdir/hadoop-ozone/integration-test/target/test-dir/MiniOzoneClusterImpl-a7b65b7d-2f78-4bad-aae3-c6d6f5d380da/datanode-0/data/ratis/02120de9-c8f9-4931-95de-cb620def28f8 was interrupted, exiting. There are 0 tasks remaining in the queue.
2019-09-05 07:47:45,021 [ForkJoinPool.commonPool-worker-1] INFO  segmented.SegmentedRaftLogWorker (SegmentedRaftLogWorker.java:close(228)) - cb859eed-419a-492b-9d90-62a140ca4152-SegmentedRaftLogWorker:Storage Directory /workdir/hadoop-ozone/integration-test/target/test-dir/MiniOzoneClusterImpl-a7b65b7d-2f78-4bad-aae3-c6d6f5d380da/datanode-0/data/ratis/02120de9-c8f9-4931-95de-cb620def28f8 close()
2019-09-05 07:47:45,026 [ForkJoinPool.commonPool-worker-1] INFO  impl.RaftServerImpl (RaftServerImpl.java:lambda$shutdown$3(245)) - cb859eed-419a-492b-9d90-62a140ca4152: shutdown group-EFFEDB84E6DA
2019-09-05 07:47:45,026 [main] INFO  utils.BackgroundService (BackgroundService.java:shutdown(148)) - Shutting down service BlockDeletingService
2019-09-05 07:47:45,026 [ForkJoinPool.commonPool-worker-1] INFO  util.JmxRegister (JmxRegister.java:unregister(73)) - Successfully un-registered JMX Bean with object name Ratis:service=RaftServer,group=group-EFFEDB84E6DA,id=cb859eed-419a-492b-9d90-62a140ca4152
2019-09-05 07:47:45,027 [ForkJoinPool.commonPool-worker-1] INFO  impl.RoleInfo (RoleInfo.java:shutdownLeaderState(104)) - cb859eed-419a-492b-9d90-62a140ca4152: shutdown LeaderState
2019-09-05 07:47:45,027 [ForkJoinPool.commonPool-worker-1] INFO  impl.PendingRequests (PendingRequests.java:sendNotLeaderResponses(202)) - cb859eed-419a-492b-9d90-62a140ca4152-PendingRequests: sendNotLeaderResponses
2019-09-05 07:47:45,027 [refreshUsed-/workdir/hadoop-ozone/integration-test/target/test-dir/MiniOzoneClusterImpl-a7b65b7d-2f78-4bad-aae3-c6d6f5d380da/datanode-6/data/containers] WARN  fs.CachingGetSpaceUsed (CachingGetSpaceUsed.java:run(183)) - Thread Interrupted waiting to refresh disk information: sleep interrupted
2019-09-05 07:47:45,028 [ForkJoinPool.commonPool-worker-1] INFO  impl.StateMachineUpdater (StateMachineUpdater.java:stopAndJoin(115)) - StateMachineUpdater:cb859eed-419a-492b-9d90-62a140ca4152:group-EFFEDB84E6DA: set stopIndex = 0
2019-09-05 07:47:45,028 [ForkJoinPool.commonPool-worker-1] INFO  impl.RaftServerImpl (ServerState.java:close(394)) - cb859eed-419a-492b-9d90-62a140ca4152:group-EFFEDB84E6DA closes. The last applied log index is 0
2019-09-05 07:47:45,028 [cb859eed-419a-492b-9d90-62a140ca4152-SegmentedRaftLogWorker:Storage Directory /workdir/hadoop-ozone/integration-test/target/test-dir/MiniOzoneClusterImpl-a7b65b7d-2f78-4bad-aae3-c6d6f5d380da/datanode-0/data/ratis/c6eb91e9-4e15-4f8e-8967-effedb84e6da] INFO  segmented.SegmentedRaftLogWorker (SegmentedRaftLogWorker.java:run(313)) - cb859eed-419a-492b-9d90-62a140ca4152-SegmentedRaftLogWorker:Storage Directory /workdir/hadoop-ozone/integration-test/target/test-dir/MiniOzoneClusterImpl-a7b65b7d-2f78-4bad-aae3-c6d6f5d380da/datanode-0/data/ratis/c6eb91e9-4e15-4f8e-8967-effedb84e6da was interrupted, exiting. There are 0 tasks remaining in the queue.
2019-09-05 07:47:45,029 [ForkJoinPool.commonPool-worker-1] INFO  segmented.SegmentedRaftLogWorker (SegmentedRaftLogWorker.java:close(228)) - cb859eed-419a-492b-9d90-62a140ca4152-SegmentedRaftLogWorker:Storage Directory /workdir/hadoop-ozone/integration-test/target/test-dir/MiniOzoneClusterImpl-a7b65b7d-2f78-4bad-aae3-c6d6f5d380da/datanode-0/data/ratis/c6eb91e9-4e15-4f8e-8967-effedb84e6da close()
2019-09-05 07:47:45,030 [ForkJoinPool.commonPool-worker-1] INFO  server.GrpcService (GrpcService.java:closeImpl(155)) - cb859eed-419a-492b-9d90-62a140ca4152: shutdown server with port 34107 now
2019-09-05 07:47:45,030 [ForkJoinPool.commonPool-worker-1] INFO  server.GrpcService (GrpcService.java:closeImpl(163)) - cb859eed-419a-492b-9d90-62a140ca4152: shutdown server with port 34107 successfully
2019-09-05 07:47:45,031 [ForkJoinPool.commonPool-worker-1] INFO  utils.BackgroundService (BackgroundService.java:shutdown(148)) - Shutting down service BlockDeletingService
2019-09-05 07:47:45,031 [refreshUsed-/workdir/hadoop-ozone/integration-test/target/test-dir/MiniOzoneClusterImpl-a7b65b7d-2f78-4bad-aae3-c6d6f5d380da/datanode-0/data/containers] WARN  fs.CachingGetSpaceUsed (CachingGetSpaceUsed.java:run(183)) - Thread Interrupted waiting to refresh disk information: sleep interrupted
2019-09-05 07:47:45,043 [main] INFO  statemachine.DatanodeStateMachine (DatanodeStateMachine.java:stopDaemon(395)) - Ozone container server stopped.
2019-09-05 07:47:45,044 [main] INFO  handler.ContextHandler (ContextHandler.java:doStop(910)) - Stopped o.e.j.w.WebAppContext@61e23a44{/,null,UNAVAILABLE}{/hddsDatanode}
2019-09-05 07:47:45,045 [main] INFO  server.AbstractConnector (AbstractConnector.java:doStop(318)) - Stopped ServerConnector@283dd82a{HTTP/1.1,[http/1.1]}{0.0.0.0:0}
2019-09-05 07:47:45,046 [ForkJoinPool.commonPool-worker-1] INFO  statemachine.DatanodeStateMachine (DatanodeStateMachine.java:stopDaemon(395)) - Ozone container server stopped.
2019-09-05 07:47:45,046 [main] INFO  handler.ContextHandler (ContextHandler.java:doStop(910)) - Stopped o.e.j.s.ServletContextHandler@dfa6f48{/static,jar:file:/home/user/.m2/repository/org/apache/hadoop/hadoop-hdds-container-service/0.5.0-SNAPSHOT/hadoop-hdds-container-service-0.5.0-SNAPSHOT.jar!/webapps/static,UNAVAILABLE}
2019-09-05 07:47:45,048 [main] INFO  handler.ContextHandler (ContextHandler.java:doStop(910)) - Stopped o.e.j.s.ServletContextHandler@306ea73f{/logs,file:///workdir/hadoop-ozone/integration-test/target/log,UNAVAILABLE}
2019-09-05 07:47:45,049 [ForkJoinPool.commonPool-worker-1] INFO  handler.ContextHandler (ContextHandler.java:doStop(910)) - Stopped o.e.j.w.WebAppContext@6e4dfd4d{/,null,UNAVAILABLE}{/hddsDatanode}
2019-09-05 07:47:45,049 [main] INFO  datanode.ObjectStoreHandler (ObjectStoreHandler.java:close(155)) - Closing ObjectStoreHandler.
2019-09-05 07:47:45,050 [ForkJoinPool.commonPool-worker-1] INFO  server.AbstractConnector (AbstractConnector.java:doStop(318)) - Stopped ServerConnector@2d86f17b{HTTP/1.1,[http/1.1]}{0.0.0.0:0}
2019-09-05 07:47:45,050 [main] INFO  ozone.HddsDatanodeService (HddsDatanodeService.java:stop(451)) - Stopped plug-in org.apache.hadoop.ozone.web.OzoneHddsDatanodeService@58f6dab9
2019-09-05 07:47:45,053 [ForkJoinPool.commonPool-worker-1] INFO  handler.ContextHandler (ContextHandler.java:doStop(910)) - Stopped o.e.j.s.ServletContextHandler@1fb77d8{/static,jar:file:/home/user/.m2/repository/org/apache/hadoop/hadoop-hdds-container-service/0.5.0-SNAPSHOT/hadoop-hdds-container-service-0.5.0-SNAPSHOT.jar!/webapps/static,UNAVAILABLE}
2019-09-05 07:47:45,053 [ForkJoinPool.commonPool-worker-1] INFO  handler.ContextHandler (ContextHandler.java:doStop(910)) - Stopped o.e.j.s.ServletContextHandler@5a79e98e{/logs,file:///workdir/hadoop-ozone/integration-test/target/log,UNAVAILABLE}
2019-09-05 07:47:45,725 [Datanode State Machine Thread - 0] INFO  statemachine.DatanodeStateMachine (DatanodeStateMachine.java:lambda$startDaemon$0(350)) - Ozone container server started.
2019-09-05 07:47:46,676 [grpc-default-executor-8] WARN  server.GrpcLogAppender (LogUtils.java:warn(134)) - e4f00552-71e6-4733-a812-14497e905a56->52e1b467-e57b-4fcf-a518-bc87fcf908db: Failed appendEntries: org.apache.ratis.thirdparty.io.grpc.StatusRuntimeException: UNAVAILABLE: io exception
2019-09-05 07:47:46,676 [grpc-default-executor-12] WARN  server.GrpcLogAppender (LogUtils.java:warn(134)) - e4f00552-71e6-4733-a812-14497e905a56->6d8a3bc5-9c47-4ffc-a54e-68d957b6d223: Failed appendEntries: org.apache.ratis.thirdparty.io.grpc.StatusRuntimeException: UNAVAILABLE: io exception
2019-09-05 07:47:46,676 [grpc-default-executor-8] INFO  impl.FollowerInfo (FollowerInfo.java:lambda$new$0(50)) - e4f00552-71e6-4733-a812-14497e905a56->52e1b467-e57b-4fcf-a518-bc87fcf908db: nextIndex: updateUnconditionally 3 -> 2
2019-09-05 07:47:46,677 [grpc-default-executor-12] INFO  impl.FollowerInfo (FollowerInfo.java:lambda$new$0(50)) - e4f00552-71e6-4733-a812-14497e905a56->6d8a3bc5-9c47-4ffc-a54e-68d957b6d223: nextIndex: updateUnconditionally 6 -> 5
2019-09-05 07:47:49,176 [grpc-default-executor-11] WARN  server.GrpcLogAppender (LogUtils.java:warn(134)) - e4f00552-71e6-4733-a812-14497e905a56->52e1b467-e57b-4fcf-a518-bc87fcf908db: Failed appendEntries: org.apache.ratis.thirdparty.io.grpc.StatusRuntimeException: UNAVAILABLE: io exception
2019-09-05 07:47:49,176 [grpc-default-executor-7] WARN  server.GrpcLogAppender (LogUtils.java:warn(134)) - e4f00552-71e6-4733-a812-14497e905a56->6d8a3bc5-9c47-4ffc-a54e-68d957b6d223: Failed appendEntries: org.apache.ratis.thirdparty.io.grpc.StatusRuntimeException: UNAVAILABLE: io exception
2019-09-05 07:47:49,176 [grpc-default-executor-11] INFO  impl.FollowerInfo (FollowerInfo.java:lambda$new$0(50)) - e4f00552-71e6-4733-a812-14497e905a56->52e1b467-e57b-4fcf-a518-bc87fcf908db: nextIndex: updateUnconditionally 2 -> 1
2019-09-05 07:47:49,176 [grpc-default-executor-7] INFO  impl.FollowerInfo (FollowerInfo.java:lambda$new$0(50)) - e4f00552-71e6-4733-a812-14497e905a56->6d8a3bc5-9c47-4ffc-a54e-68d957b6d223: nextIndex: updateUnconditionally 5 -> 4
2019-09-05 07:47:49,763 [EventQueue-StaleNodeForStaleNodeHandler] INFO  node.StaleNodeHandler (StaleNodeHandler.java:onMessage(58)) - Datanode e4f00552-71e6-4733-a812-14497e905a56{ip: 192.168.36.69, host: pr-hdds-1571-lfg7x-4139639749, networkLocation: /default-rack, certSerialId: null} moved to stale state. Finalizing its pipelines [PipelineID=14051ce5-eb1d-4f76-8d11-23c38dae0840, PipelineID=b28257cf-550b-4f41-843b-6a11792535a5]
2019-09-05 07:47:49,764 [EventQueue-StaleNodeForStaleNodeHandler] INFO  pipeline.SCMPipelineManager (SCMPipelineManager.java:finalizeAndDestroyPipeline(309)) - destroying pipeline:Pipeline[ Id: 14051ce5-eb1d-4f76-8d11-23c38dae0840, Nodes: e4f00552-71e6-4733-a812-14497e905a56{ip: 192.168.36.69, host: pr-hdds-1571-lfg7x-4139639749, networkLocation: /default-rack, certSerialId: null}, Type:RATIS, Factor:ONE, State:OPEN]
2019-09-05 07:47:49,764 [EventQueue-StaleNodeForStaleNodeHandler] INFO  pipeline.PipelineStateManager (PipelineStateManager.java:finalizePipeline(123)) - Pipeline Pipeline[ Id: 14051ce5-eb1d-4f76-8d11-23c38dae0840, Nodes: e4f00552-71e6-4733-a812-14497e905a56{ip: 192.168.36.69, host: pr-hdds-1571-lfg7x-4139639749, networkLocation: /default-rack, certSerialId: null}, Type:RATIS, Factor:ONE, State:CLOSED] moved to CLOSED state
2019-09-05 07:47:49,764 [EventQueue-StaleNodeForStaleNodeHandler] INFO  pipeline.SCMPipelineManager (SCMPipelineManager.java:finalizeAndDestroyPipeline(309)) - destroying pipeline:Pipeline[ Id: b28257cf-550b-4f41-843b-6a11792535a5, Nodes: 6d8a3bc5-9c47-4ffc-a54e-68d957b6d223{ip: 192.168.36.69, host: pr-hdds-1571-lfg7x-4139639749, networkLocation: /default-rack, certSerialId: null}e4f00552-71e6-4733-a812-14497e905a56{ip: 192.168.36.69, host: pr-hdds-1571-lfg7x-4139639749, networkLocation: /default-rack, certSerialId: null}52e1b467-e57b-4fcf-a518-bc87fcf908db{ip: 192.168.36.69, host: pr-hdds-1571-lfg7x-4139639749, networkLocation: /default-rack, certSerialId: null}, Type:RATIS, Factor:THREE, State:CLOSED]
2019-09-05 07:47:50,053 [main] INFO  ozoneimpl.OzoneContainer (OzoneContainer.java:stop(199)) - Attempting to stop container services.
2019-09-05 07:47:50,054 [main] INFO  impl.RaftServerProxy (RaftServerProxy.java:lambda$close$4(314)) - e4f00552-71e6-4733-a812-14497e905a56: close
2019-09-05 07:47:50,055 [main] INFO  impl.RaftServerImpl (RaftServerImpl.java:lambda$shutdown$3(245)) - e4f00552-71e6-4733-a812-14497e905a56: shutdown group-23C38DAE0840
2019-09-05 07:47:50,055 [ForkJoinPool.commonPool-worker-0] INFO  impl.RaftServerImpl (RaftServerImpl.java:lambda$shutdown$3(245)) - e4f00552-71e6-4733-a812-14497e905a56: shutdown group-6A11792535A5
2019-09-05 07:47:50,055 [main] INFO  util.JmxRegister (JmxRegister.java:unregister(73)) - Successfully un-registered JMX Bean with object name Ratis:service=RaftServer,group=group-23C38DAE0840,id=e4f00552-71e6-4733-a812-14497e905a56
2019-09-05 07:47:50,056 [main] INFO  impl.RoleInfo (RoleInfo.java:shutdownLeaderState(104)) - e4f00552-71e6-4733-a812-14497e905a56: shutdown LeaderState
2019-09-05 07:47:50,056 [ForkJoinPool.commonPool-worker-0] INFO  util.JmxRegister (JmxRegister.java:unregister(73)) - Successfully un-registered JMX Bean with object name Ratis:service=RaftServer,group=group-6A11792535A5,id=e4f00552-71e6-4733-a812-14497e905a56
2019-09-05 07:47:50,057 [main] INFO  impl.PendingRequests (PendingRequests.java:sendNotLeaderResponses(202)) - e4f00552-71e6-4733-a812-14497e905a56-PendingRequests: sendNotLeaderResponses
2019-09-05 07:47:50,057 [ForkJoinPool.commonPool-worker-0] INFO  impl.RoleInfo (RoleInfo.java:shutdownLeaderState(104)) - e4f00552-71e6-4733-a812-14497e905a56: shutdown LeaderState
2019-09-05 07:47:50,057 [main] INFO  impl.StateMachineUpdater (StateMachineUpdater.java:stopAndJoin(115)) - StateMachineUpdater:e4f00552-71e6-4733-a812-14497e905a56:group-23C38DAE0840: set stopIndex = 0
2019-09-05 07:47:50,060 [org.apache.ratis.server.impl.LogAppender$AppenderDaemon$$Lambda$470/1767030991@7c4fa61b] WARN  server.GrpcLogAppender (GrpcLogAppender.java:mayWait(143)) - GrpcLogAppender(e4f00552-71e6-4733-a812-14497e905a56->52e1b467-e57b-4fcf-a518-bc87fcf908db): Wait interrupted by java.lang.InterruptedException
2019-09-05 07:47:50,060 [org.apache.ratis.server.impl.LogAppender$AppenderDaemon$$Lambda$470/1767030991@394d27f6] WARN  server.GrpcLogAppender (GrpcLogAppender.java:mayWait(143)) - GrpcLogAppender(e4f00552-71e6-4733-a812-14497e905a56->6d8a3bc5-9c47-4ffc-a54e-68d957b6d223): Wait interrupted by java.lang.InterruptedException
2019-09-05 07:47:50,060 [ForkJoinPool.commonPool-worker-0] INFO  impl.PendingRequests (PendingRequests.java:sendNotLeaderResponses(202)) - e4f00552-71e6-4733-a812-14497e905a56-PendingRequests: sendNotLeaderResponses
2019-09-05 07:47:50,060 [main] INFO  impl.RaftServerImpl (ServerState.java:close(394)) - e4f00552-71e6-4733-a812-14497e905a56:group-23C38DAE0840 closes. The last applied log index is 0
2019-09-05 07:47:50,065 [ForkJoinPool.commonPool-worker-0] INFO  impl.StateMachineUpdater (StateMachineUpdater.java:stopAndJoin(115)) - StateMachineUpdater:e4f00552-71e6-4733-a812-14497e905a56:group-6A11792535A5: set stopIndex = 8
2019-09-05 07:47:50,065 [e4f00552-71e6-4733-a812-14497e905a56-SegmentedRaftLogWorker:Storage Directory /workdir/hadoop-ozone/integration-test/target/test-dir/MiniOzoneClusterImpl-a7b65b7d-2f78-4bad-aae3-c6d6f5d380da/datanode-5/data/ratis/14051ce5-eb1d-4f76-8d11-23c38dae0840] INFO  segmented.SegmentedRaftLogWorker (SegmentedRaftLogWorker.java:run(313)) - e4f00552-71e6-4733-a812-14497e905a56-SegmentedRaftLogWorker:Storage Directory /workdir/hadoop-ozone/integration-test/target/test-dir/MiniOzoneClusterImpl-a7b65b7d-2f78-4bad-aae3-c6d6f5d380da/datanode-5/data/ratis/14051ce5-eb1d-4f76-8d11-23c38dae0840 was interrupted, exiting. There are 0 tasks remaining in the queue.
2019-09-05 07:47:50,065 [StateMachineUpdater:e4f00552-71e6-4733-a812-14497e905a56:group-6A11792535A5] INFO  ratis.ContainerStateMachine (ContainerStateMachine.java:takeSnapshot(283)) - group-6A11792535A5: Taking a snapshot at:(t:1, i:8) file /workdir/hadoop-ozone/integration-test/target/test-dir/MiniOzoneClusterImpl-a7b65b7d-2f78-4bad-aae3-c6d6f5d380da/datanode-5/data/ratis/b28257cf-550b-4f41-843b-6a11792535a5/sm/snapshot.1_8
2019-09-05 07:47:50,065 [main] INFO  segmented.SegmentedRaftLogWorker (SegmentedRaftLogWorker.java:close(228)) - e4f00552-71e6-4733-a812-14497e905a56-SegmentedRaftLogWorker:Storage Directory /workdir/hadoop-ozone/integration-test/target/test-dir/MiniOzoneClusterImpl-a7b65b7d-2f78-4bad-aae3-c6d6f5d380da/datanode-5/data/ratis/14051ce5-eb1d-4f76-8d11-23c38dae0840 close()
2019-09-05 07:47:50,092 [StateMachineUpdater:e4f00552-71e6-4733-a812-14497e905a56:group-6A11792535A5] INFO  ratis.ContainerStateMachine (ContainerStateMachine.java:takeSnapshot(294)) - group-6A11792535A5: Finished taking a snapshot at:(t:1, i:8) file:/workdir/hadoop-ozone/integration-test/target/test-dir/MiniOzoneClusterImpl-a7b65b7d-2f78-4bad-aae3-c6d6f5d380da/datanode-5/data/ratis/b28257cf-550b-4f41-843b-6a11792535a5/sm/snapshot.1_8 time:27
2019-09-05 07:47:50,092 [StateMachineUpdater:e4f00552-71e6-4733-a812-14497e905a56:group-6A11792535A5] INFO  impl.StateMachineUpdater (StateMachineUpdater.java:takeSnapshot(242)) - StateMachineUpdater:e4f00552-71e6-4733-a812-14497e905a56:group-6A11792535A5: Took a snapshot at index 8
2019-09-05 07:47:50,092 [StateMachineUpdater:e4f00552-71e6-4733-a812-14497e905a56:group-6A11792535A5] INFO  impl.StateMachineUpdater (StateMachineUpdater.java:lambda$new$0(80)) - StateMachineUpdater:e4f00552-71e6-4733-a812-14497e905a56:group-6A11792535A5: snapshotIndex: updateIncreasingly -1 -> 8
2019-09-05 07:47:50,093 [ForkJoinPool.commonPool-worker-0] INFO  impl.RaftServerImpl (ServerState.java:close(394)) - e4f00552-71e6-4733-a812-14497e905a56:group-6A11792535A5 closes. The last applied log index is 8
2019-09-05 07:47:50,093 [e4f00552-71e6-4733-a812-14497e905a56-SegmentedRaftLogWorker:Storage Directory /workdir/hadoop-ozone/integration-test/target/test-dir/MiniOzoneClusterImpl-a7b65b7d-2f78-4bad-aae3-c6d6f5d380da/datanode-5/data/ratis/b28257cf-550b-4f41-843b-6a11792535a5] INFO  segmented.SegmentedRaftLogWorker (SegmentedRaftLogWorker.java:run(313)) - e4f00552-71e6-4733-a812-14497e905a56-SegmentedRaftLogWorker:Storage Directory /workdir/hadoop-ozone/integration-test/target/test-dir/MiniOzoneClusterImpl-a7b65b7d-2f78-4bad-aae3-c6d6f5d380da/datanode-5/data/ratis/b28257cf-550b-4f41-843b-6a11792535a5 was interrupted, exiting. There are 0 tasks remaining in the queue.
2019-09-05 07:47:50,093 [ForkJoinPool.commonPool-worker-0] INFO  segmented.SegmentedRaftLogWorker (SegmentedRaftLogWorker.java:close(228)) - e4f00552-71e6-4733-a812-14497e905a56-SegmentedRaftLogWorker:Storage Directory /workdir/hadoop-ozone/integration-test/target/test-dir/MiniOzoneClusterImpl-a7b65b7d-2f78-4bad-aae3-c6d6f5d380da/datanode-5/data/ratis/b28257cf-550b-4f41-843b-6a11792535a5 close()
2019-09-05 07:47:50,093 [main] INFO  server.GrpcService (GrpcService.java:closeImpl(155)) - e4f00552-71e6-4733-a812-14497e905a56: shutdown server with port 40521 now
2019-09-05 07:47:50,094 [main] INFO  server.GrpcService (GrpcService.java:closeImpl(163)) - e4f00552-71e6-4733-a812-14497e905a56: shutdown server with port 40521 successfully
2019-09-05 07:47:50,096 [main] INFO  utils.BackgroundService (BackgroundService.java:shutdown(148)) - Shutting down service BlockDeletingService
2019-09-05 07:47:50,097 [refreshUsed-/workdir/hadoop-ozone/integration-test/target/test-dir/MiniOzoneClusterImpl-a7b65b7d-2f78-4bad-aae3-c6d6f5d380da/datanode-5/data/containers] WARN  fs.CachingGetSpaceUsed (CachingGetSpaceUsed.java:run(183)) - Thread Interrupted waiting to refresh disk information: sleep interrupted
2019-09-05 07:47:50,117 [main] INFO  statemachine.DatanodeStateMachine (DatanodeStateMachine.java:stopDaemon(395)) - Ozone container server stopped.
2019-09-05 07:47:50,118 [main] INFO  handler.ContextHandler (ContextHandler.java:doStop(910)) - Stopped o.e.j.w.WebAppContext@3fe94bea{/,null,UNAVAILABLE}{/hddsDatanode}
2019-09-05 07:47:50,119 [main] INFO  server.AbstractConnector (AbstractConnector.java:doStop(318)) - Stopped ServerConnector@4dbea3be{HTTP/1.1,[http/1.1]}{0.0.0.0:0}
2019-09-05 07:47:50,119 [main] INFO  handler.ContextHandler (ContextHandler.java:doStop(910)) - Stopped o.e.j.s.ServletContextHandler@6a68754{/static,jar:file:/home/user/.m2/repository/org/apache/hadoop/hadoop-hdds-container-service/0.5.0-SNAPSHOT/hadoop-hdds-container-service-0.5.0-SNAPSHOT.jar!/webapps/static,UNAVAILABLE}
2019-09-05 07:47:50,120 [main] INFO  handler.ContextHandler (ContextHandler.java:doStop(910)) - Stopped o.e.j.s.ServletContextHandler@21032dfd{/logs,file:///workdir/hadoop-ozone/integration-test/target/log,UNAVAILABLE}
2019-09-05 07:47:50,120 [main] INFO  ozone.MiniOzoneClusterImpl (MiniOzoneClusterImpl.java:stop(353)) - Stopping the StorageContainerManager
2019-09-05 07:47:50,121 [main] INFO  server.StorageContainerManager (StorageContainerManager.java:stop(797)) - Stopping Replication Manager Service.
2019-09-05 07:47:50,121 [main] INFO  container.ReplicationManager (ReplicationManager.java:stop(192)) - Stopping Replication Monitor Thread.
2019-09-05 07:47:50,121 [main] INFO  server.StorageContainerManager (StorageContainerManager.java:stop(804)) - Stopping Lease Manager of the command watchers
2019-09-05 07:47:50,121 [main] INFO  server.StorageContainerManager (StorageContainerManager.java:stop(811)) - Stopping datanode service RPC server
2019-09-05 07:47:50,121 [main] INFO  server.SCMDatanodeProtocolServer (SCMDatanodeProtocolServer.java:stop(367)) - Stopping the RPC server for DataNodes
2019-09-05 07:47:50,121 [main] INFO  ipc.Server (Server.java:stop(3082)) - Stopping server on 39700
2019-09-05 07:47:50,124 [IPC Server listener on 39700] INFO  ipc.Server (Server.java:run(1185)) - Stopping IPC Server listener on 39700
2019-09-05 07:47:50,124 [IPC Server Responder] INFO  ipc.Server (Server.java:run(1319)) - Stopping IPC Server Responder
2019-09-05 07:47:50,164 [SCM Heartbeat Processing Thread - 0] WARN  node.NodeStateManager (NodeStateManager.java:scheduleNextHealthCheck(655)) - Current Thread is interrupted, shutting down HB processing thread for Node Manager.
2019-09-05 07:47:50,165 [main] INFO  server.StorageContainerManager (StorageContainerManager.java:stop(819)) - Stopping block service RPC server
2019-09-05 07:47:50,165 [main] INFO  server.SCMBlockProtocolServer (SCMBlockProtocolServer.java:stop(148)) - Stopping the RPC server for Block Protocol
2019-09-05 07:47:50,165 [main] INFO  ipc.Server (Server.java:stop(3082)) - Stopping server on 33925
2019-09-05 07:47:50,167 [IPC Server listener on 33925] INFO  ipc.Server (Server.java:run(1185)) - Stopping IPC Server listener on 33925
2019-09-05 07:47:50,167 [main] INFO  server.StorageContainerManager (StorageContainerManager.java:stop(826)) - Stopping the StorageContainerLocationProtocol RPC server
2019-09-05 07:47:50,170 [main] INFO  server.SCMClientProtocolServer (SCMClientProtocolServer.java:stop(159)) - Stopping the RPC server for Client Protocol
2019-09-05 07:47:50,168 [IPC Server Responder] INFO  ipc.Server (Server.java:run(1319)) - Stopping IPC Server Responder
2019-09-05 07:47:50,171 [main] INFO  ipc.Server (Server.java:stop(3082)) - Stopping server on 33281
2019-09-05 07:47:50,172 [IPC Server listener on 33281] INFO  ipc.Server (Server.java:run(1185)) - Stopping IPC Server listener on 33281
2019-09-05 07:47:50,172 [IPC Server Responder] INFO  ipc.Server (Server.java:run(1319)) - Stopping IPC Server Responder
2019-09-05 07:47:50,172 [main] INFO  server.StorageContainerManager (StorageContainerManager.java:stop(833)) - Stopping Storage Container Manager HTTP server.
2019-09-05 07:47:50,174 [main] INFO  handler.ContextHandler (ContextHandler.java:doStop(910)) - Stopped o.e.j.w.WebAppContext@579c15a7{/,null,UNAVAILABLE}{/scm}
2019-09-05 07:47:50,175 [main] INFO  server.AbstractConnector (AbstractConnector.java:doStop(318)) - Stopped ServerConnector@1a29c848{HTTP/1.1,[http/1.1]}{0.0.0.0:0}
2019-09-05 07:47:50,175 [main] INFO  handler.ContextHandler (ContextHandler.java:doStop(910)) - Stopped o.e.j.s.ServletContextHandler@95d1ba6{/static,file:///workdir/hadoop-ozone/integration-test/target/test-classes/webapps/static,UNAVAILABLE}
2019-09-05 07:47:50,176 [main] INFO  handler.ContextHandler (ContextHandler.java:doStop(910)) - Stopped o.e.j.s.ServletContextHandler@47d6d2a7{/logs,file:///workdir/hadoop-ozone/integration-test/target/log,UNAVAILABLE}
2019-09-05 07:47:50,176 [main] INFO  server.StorageContainerManager (StorageContainerManager.java:stop(844)) - Stopping Block Manager Service.
2019-09-05 07:47:50,176 [main] INFO  utils.BackgroundService (BackgroundService.java:shutdown(148)) - Shutting down service SCMBlockDeletingService
2019-09-05 07:47:50,177 [main] INFO  utils.BackgroundService (BackgroundService.java:shutdown(148)) - Shutting down service SCMBlockDeletingService
2019-09-05 07:47:50,177 [main] INFO  server.StorageContainerManager (StorageContainerManager.java:stop(866)) - Stopping SCM Event Queue.
2019-09-05 07:47:50,181 [main] INFO  impl.MetricsSystemImpl (MetricsSystemImpl.java:stop(210)) - Stopping HddsDatanode metrics system...
2019-09-05 07:47:50,189 [main] INFO  impl.MetricsSystemImpl (MetricsSystemImpl.java:stop(216)) - HddsDatanode metrics system stopped.
]]></system-out>
    <system-err><![CDATA[Sep 05, 2019 7:47:16 AM com.sun.jersey.server.impl.application.WebApplicationImpl _initiate
INFO: Initiating Jersey application, version 'Jersey: 1.19 02/11/2015 03:25 AM'
Sep 05, 2019 7:47:16 AM com.sun.jersey.server.impl.application.WebApplicationImpl _initiate
INFO: Initiating Jersey application, version 'Jersey: 1.19 02/11/2015 03:25 AM'
Sep 05, 2019 7:47:16 AM com.sun.jersey.server.impl.application.WebApplicationImpl _initiate
INFO: Initiating Jersey application, version 'Jersey: 1.19 02/11/2015 03:25 AM'
Sep 05, 2019 7:47:16 AM com.sun.jersey.server.impl.application.WebApplicationImpl _initiate
INFO: Initiating Jersey application, version 'Jersey: 1.19 02/11/2015 03:25 AM'
Sep 05, 2019 7:47:17 AM com.sun.jersey.server.impl.application.WebApplicationImpl _initiate
INFO: Initiating Jersey application, version 'Jersey: 1.19 02/11/2015 03:25 AM'
Sep 05, 2019 7:47:17 AM com.sun.jersey.server.impl.application.WebApplicationImpl _initiate
INFO: Initiating Jersey application, version 'Jersey: 1.19 02/11/2015 03:25 AM'
Sep 05, 2019 7:47:17 AM com.sun.jersey.server.impl.application.WebApplicationImpl _initiate
INFO: Initiating Jersey application, version 'Jersey: 1.19 02/11/2015 03:25 AM'
Sep 05, 2019 7:47:20 AM org.apache.ratis.thirdparty.io.grpc.internal.ManagedChannelOrphanWrapper$ManagedChannelReference cleanQueue
SEVERE: *~*~*~ Channel ManagedChannelImpl{logId=3625, target=192.168.36.69:38589} was not shutdown properly!!! ~*~*~*
    Make sure to call shutdown()/shutdownNow() and wait until awaitTermination() returns true.
java.lang.RuntimeException: ManagedChannel allocation site
	at org.apache.ratis.thirdparty.io.grpc.internal.ManagedChannelOrphanWrapper$ManagedChannelReference.<init>(ManagedChannelOrphanWrapper.java:103)
	at org.apache.ratis.thirdparty.io.grpc.internal.ManagedChannelOrphanWrapper.<init>(ManagedChannelOrphanWrapper.java:53)
	at org.apache.ratis.thirdparty.io.grpc.internal.ManagedChannelOrphanWrapper.<init>(ManagedChannelOrphanWrapper.java:44)
	at org.apache.ratis.thirdparty.io.grpc.internal.AbstractManagedChannelImplBuilder.build(AbstractManagedChannelImplBuilder.java:411)
	at org.apache.hadoop.hdds.scm.XceiverClientGrpc.connectToDatanode(XceiverClientGrpc.java:175)
	at org.apache.hadoop.hdds.scm.XceiverClientGrpc.reconnect(XceiverClientGrpc.java:423)
	at org.apache.hadoop.hdds.scm.XceiverClientGrpc.sendCommandAsync(XceiverClientGrpc.java:372)
	at org.apache.hadoop.hdds.scm.XceiverClientGrpc.sendCommandWithRetry(XceiverClientGrpc.java:285)
	at org.apache.hadoop.hdds.scm.XceiverClientGrpc.sendCommandWithTraceIDAndRetry(XceiverClientGrpc.java:251)
	at org.apache.hadoop.hdds.scm.XceiverClientGrpc.sendCommand(XceiverClientGrpc.java:234)
	at org.apache.hadoop.hdds.scm.storage.ContainerProtocolCalls.readChunk(ContainerProtocolCalls.java:245)
	at org.apache.hadoop.hdds.scm.storage.ChunkInputStream.readChunk(ChunkInputStream.java:335)
	at org.apache.hadoop.hdds.scm.storage.ChunkInputStream.readChunkFromContainer(ChunkInputStream.java:307)
	at org.apache.hadoop.hdds.scm.storage.ChunkInputStream.prepareRead(ChunkInputStream.java:259)
	at org.apache.hadoop.hdds.scm.storage.ChunkInputStream.read(ChunkInputStream.java:144)
	at org.apache.hadoop.hdds.scm.storage.BlockInputStream.read(BlockInputStream.java:239)
	at org.apache.hadoop.ozone.client.io.KeyInputStream.read(KeyInputStream.java:171)
	at org.apache.hadoop.ozone.client.io.OzoneInputStream.read(OzoneInputStream.java:47)
	at java.io.InputStream.read(InputStream.java:101)
	at org.apache.hadoop.ozone.container.ContainerTestHelper.validateData(ContainerTestHelper.java:713)
	at org.apache.hadoop.ozone.client.rpc.TestBlockOutputStreamWithFailures.validateData(TestBlockOutputStreamWithFailures.java:1216)
	at org.apache.hadoop.ozone.client.rpc.TestBlockOutputStreamWithFailures.testWatchForCommitWithCloseContainerException(TestBlockOutputStreamWithFailures.java:260)
	at sun.reflect.NativeMethodAccessorImpl.invoke0(Native Method)
	at sun.reflect.NativeMethodAccessorImpl.invoke(NativeMethodAccessorImpl.java:62)
	at sun.reflect.DelegatingMethodAccessorImpl.invoke(DelegatingMethodAccessorImpl.java:43)
	at java.lang.reflect.Method.invoke(Method.java:498)
	at org.junit.runners.model.FrameworkMethod$1.runReflectiveCall(FrameworkMethod.java:47)
	at org.junit.internal.runners.model.ReflectiveCallable.run(ReflectiveCallable.java:12)
	at org.junit.runners.model.FrameworkMethod.invokeExplosively(FrameworkMethod.java:44)
	at org.junit.internal.runners.statements.InvokeMethod.evaluate(InvokeMethod.java:17)
	at org.junit.internal.runners.statements.RunBefores.evaluate(RunBefores.java:26)
	at org.junit.internal.runners.statements.RunAfters.evaluate(RunAfters.java:27)
	at org.junit.runners.ParentRunner.runLeaf(ParentRunner.java:271)
	at org.junit.runners.BlockJUnit4ClassRunner.runChild(BlockJUnit4ClassRunner.java:70)
	at org.junit.runners.BlockJUnit4ClassRunner.runChild(BlockJUnit4ClassRunner.java:50)
	at org.junit.runners.ParentRunner$3.run(ParentRunner.java:238)
	at org.junit.runners.ParentRunner$1.schedule(ParentRunner.java:63)
	at org.junit.runners.ParentRunner.runChildren(ParentRunner.java:236)
	at org.junit.runners.ParentRunner.access$000(ParentRunner.java:53)
	at org.junit.runners.ParentRunner$2.evaluate(ParentRunner.java:229)
	at org.junit.runners.ParentRunner.run(ParentRunner.java:309)
	at org.apache.maven.surefire.junit4.JUnit4Provider.execute(JUnit4Provider.java:365)
	at org.apache.maven.surefire.junit4.JUnit4Provider.executeWithRerun(JUnit4Provider.java:273)
	at org.apache.maven.surefire.junit4.JUnit4Provider.executeTestSet(JUnit4Provider.java:238)
	at org.apache.maven.surefire.junit4.JUnit4Provider.invoke(JUnit4Provider.java:159)
	at org.apache.maven.surefire.booter.ForkedBooter.invokeProviderInSameClassLoader(ForkedBooter.java:384)
	at org.apache.maven.surefire.booter.ForkedBooter.runSuitesInProcess(ForkedBooter.java:345)
	at org.apache.maven.surefire.booter.ForkedBooter.execute(ForkedBooter.java:126)
	at org.apache.maven.surefire.booter.ForkedBooter.main(ForkedBooter.java:418)

Sep 05, 2019 7:47:20 AM org.apache.ratis.thirdparty.io.grpc.internal.ManagedChannelOrphanWrapper$ManagedChannelReference cleanQueue
SEVERE: *~*~*~ Channel ManagedChannelImpl{logId=3630, target=192.168.36.69:43462} was not shutdown properly!!! ~*~*~*
    Make sure to call shutdown()/shutdownNow() and wait until awaitTermination() returns true.
java.lang.RuntimeException: ManagedChannel allocation site
	at org.apache.ratis.thirdparty.io.grpc.internal.ManagedChannelOrphanWrapper$ManagedChannelReference.<init>(ManagedChannelOrphanWrapper.java:103)
	at org.apache.ratis.thirdparty.io.grpc.internal.ManagedChannelOrphanWrapper.<init>(ManagedChannelOrphanWrapper.java:53)
	at org.apache.ratis.thirdparty.io.grpc.internal.ManagedChannelOrphanWrapper.<init>(ManagedChannelOrphanWrapper.java:44)
	at org.apache.ratis.thirdparty.io.grpc.internal.AbstractManagedChannelImplBuilder.build(AbstractManagedChannelImplBuilder.java:411)
	at org.apache.hadoop.hdds.scm.XceiverClientGrpc.connectToDatanode(XceiverClientGrpc.java:175)
	at org.apache.hadoop.hdds.scm.XceiverClientGrpc.reconnect(XceiverClientGrpc.java:423)
	at org.apache.hadoop.hdds.scm.XceiverClientGrpc.sendCommandAsync(XceiverClientGrpc.java:372)
	at org.apache.hadoop.hdds.scm.XceiverClientGrpc.sendCommandWithRetry(XceiverClientGrpc.java:285)
	at org.apache.hadoop.hdds.scm.XceiverClientGrpc.sendCommandWithTraceIDAndRetry(XceiverClientGrpc.java:251)
	at org.apache.hadoop.hdds.scm.XceiverClientGrpc.sendCommand(XceiverClientGrpc.java:234)
	at org.apache.hadoop.hdds.scm.storage.ContainerProtocolCalls.getBlock(ContainerProtocolCalls.java:118)
	at org.apache.hadoop.hdds.scm.storage.BlockInputStream.getChunkInfos(BlockInputStream.java:167)
	at org.apache.hadoop.hdds.scm.storage.BlockInputStream.initialize(BlockInputStream.java:118)
	at org.apache.hadoop.hdds.scm.storage.BlockInputStream.read(BlockInputStream.java:222)
	at org.apache.hadoop.ozone.client.io.KeyInputStream.read(KeyInputStream.java:171)
	at org.apache.hadoop.ozone.client.io.OzoneInputStream.read(OzoneInputStream.java:47)
	at java.io.InputStream.read(InputStream.java:101)
	at org.apache.hadoop.ozone.container.ContainerTestHelper.validateData(ContainerTestHelper.java:713)
	at org.apache.hadoop.ozone.client.rpc.TestBlockOutputStreamWithFailures.validateData(TestBlockOutputStreamWithFailures.java:1216)
	at org.apache.hadoop.ozone.client.rpc.TestBlockOutputStreamWithFailures.testWatchForCommitWithCloseContainerException(TestBlockOutputStreamWithFailures.java:260)
	at sun.reflect.NativeMethodAccessorImpl.invoke0(Native Method)
	at sun.reflect.NativeMethodAccessorImpl.invoke(NativeMethodAccessorImpl.java:62)
	at sun.reflect.DelegatingMethodAccessorImpl.invoke(DelegatingMethodAccessorImpl.java:43)
	at java.lang.reflect.Method.invoke(Method.java:498)
	at org.junit.runners.model.FrameworkMethod$1.runReflectiveCall(FrameworkMethod.java:47)
	at org.junit.internal.runners.model.ReflectiveCallable.run(ReflectiveCallable.java:12)
	at org.junit.runners.model.FrameworkMethod.invokeExplosively(FrameworkMethod.java:44)
	at org.junit.internal.runners.statements.InvokeMethod.evaluate(InvokeMethod.java:17)
	at org.junit.internal.runners.statements.RunBefores.evaluate(RunBefores.java:26)
	at org.junit.internal.runners.statements.RunAfters.evaluate(RunAfters.java:27)
	at org.junit.runners.ParentRunner.runLeaf(ParentRunner.java:271)
	at org.junit.runners.BlockJUnit4ClassRunner.runChild(BlockJUnit4ClassRunner.java:70)
	at org.junit.runners.BlockJUnit4ClassRunner.runChild(BlockJUnit4ClassRunner.java:50)
	at org.junit.runners.ParentRunner$3.run(ParentRunner.java:238)
	at org.junit.runners.ParentRunner$1.schedule(ParentRunner.java:63)
	at org.junit.runners.ParentRunner.runChildren(ParentRunner.java:236)
	at org.junit.runners.ParentRunner.access$000(ParentRunner.java:53)
	at org.junit.runners.ParentRunner$2.evaluate(ParentRunner.java:229)
	at org.junit.runners.ParentRunner.run(ParentRunner.java:309)
	at org.apache.maven.surefire.junit4.JUnit4Provider.execute(JUnit4Provider.java:365)
	at org.apache.maven.surefire.junit4.JUnit4Provider.executeWithRerun(JUnit4Provider.java:273)
	at org.apache.maven.surefire.junit4.JUnit4Provider.executeTestSet(JUnit4Provider.java:238)
	at org.apache.maven.surefire.junit4.JUnit4Provider.invoke(JUnit4Provider.java:159)
	at org.apache.maven.surefire.booter.ForkedBooter.invokeProviderInSameClassLoader(ForkedBooter.java:384)
	at org.apache.maven.surefire.booter.ForkedBooter.runSuitesInProcess(ForkedBooter.java:345)
	at org.apache.maven.surefire.booter.ForkedBooter.execute(ForkedBooter.java:126)
	at org.apache.maven.surefire.booter.ForkedBooter.main(ForkedBooter.java:418)

Sep 05, 2019 7:47:20 AM org.apache.ratis.thirdparty.io.grpc.internal.ManagedChannelOrphanWrapper$ManagedChannelReference cleanQueue
SEVERE: *~*~*~ Channel ManagedChannelImpl{logId=3620, target=192.168.36.69:41452} was not shutdown properly!!! ~*~*~*
    Make sure to call shutdown()/shutdownNow() and wait until awaitTermination() returns true.
java.lang.RuntimeException: ManagedChannel allocation site
	at org.apache.ratis.thirdparty.io.grpc.internal.ManagedChannelOrphanWrapper$ManagedChannelReference.<init>(ManagedChannelOrphanWrapper.java:103)
	at org.apache.ratis.thirdparty.io.grpc.internal.ManagedChannelOrphanWrapper.<init>(ManagedChannelOrphanWrapper.java:53)
	at org.apache.ratis.thirdparty.io.grpc.internal.ManagedChannelOrphanWrapper.<init>(ManagedChannelOrphanWrapper.java:44)
	at org.apache.ratis.thirdparty.io.grpc.internal.AbstractManagedChannelImplBuilder.build(AbstractManagedChannelImplBuilder.java:411)
	at org.apache.hadoop.hdds.scm.XceiverClientGrpc.connectToDatanode(XceiverClientGrpc.java:175)
	at org.apache.hadoop.hdds.scm.XceiverClientGrpc.reconnect(XceiverClientGrpc.java:423)
	at org.apache.hadoop.hdds.scm.XceiverClientGrpc.sendCommandAsync(XceiverClientGrpc.java:372)
	at org.apache.hadoop.hdds.scm.XceiverClientGrpc.sendCommandWithRetry(XceiverClientGrpc.java:285)
	at org.apache.hadoop.hdds.scm.XceiverClientGrpc.sendCommandWithTraceIDAndRetry(XceiverClientGrpc.java:251)
	at org.apache.hadoop.hdds.scm.XceiverClientGrpc.sendCommand(XceiverClientGrpc.java:234)
	at org.apache.hadoop.hdds.scm.storage.ContainerProtocolCalls.readChunk(ContainerProtocolCalls.java:245)
	at org.apache.hadoop.hdds.scm.storage.ChunkInputStream.readChunk(ChunkInputStream.java:335)
	at org.apache.hadoop.hdds.scm.storage.ChunkInputStream.readChunkFromContainer(ChunkInputStream.java:307)
	at org.apache.hadoop.hdds.scm.storage.ChunkInputStream.prepareRead(ChunkInputStream.java:259)
	at org.apache.hadoop.hdds.scm.storage.ChunkInputStream.read(ChunkInputStream.java:144)
	at org.apache.hadoop.hdds.scm.storage.BlockInputStream.read(BlockInputStream.java:239)
	at org.apache.hadoop.ozone.client.io.KeyInputStream.read(KeyInputStream.java:171)
	at org.apache.hadoop.ozone.client.io.OzoneInputStream.read(OzoneInputStream.java:47)
	at java.io.InputStream.read(InputStream.java:101)
	at org.apache.hadoop.ozone.container.ContainerTestHelper.validateData(ContainerTestHelper.java:713)
	at org.apache.hadoop.ozone.client.rpc.TestBlockOutputStreamWithFailures.validateData(TestBlockOutputStreamWithFailures.java:1216)
	at org.apache.hadoop.ozone.client.rpc.TestBlockOutputStreamWithFailures.testWatchForCommitWithCloseContainerException(TestBlockOutputStreamWithFailures.java:260)
	at sun.reflect.NativeMethodAccessorImpl.invoke0(Native Method)
	at sun.reflect.NativeMethodAccessorImpl.invoke(NativeMethodAccessorImpl.java:62)
	at sun.reflect.DelegatingMethodAccessorImpl.invoke(DelegatingMethodAccessorImpl.java:43)
	at java.lang.reflect.Method.invoke(Method.java:498)
	at org.junit.runners.model.FrameworkMethod$1.runReflectiveCall(FrameworkMethod.java:47)
	at org.junit.internal.runners.model.ReflectiveCallable.run(ReflectiveCallable.java:12)
	at org.junit.runners.model.FrameworkMethod.invokeExplosively(FrameworkMethod.java:44)
	at org.junit.internal.runners.statements.InvokeMethod.evaluate(InvokeMethod.java:17)
	at org.junit.internal.runners.statements.RunBefores.evaluate(RunBefores.java:26)
	at org.junit.internal.runners.statements.RunAfters.evaluate(RunAfters.java:27)
	at org.junit.runners.ParentRunner.runLeaf(ParentRunner.java:271)
	at org.junit.runners.BlockJUnit4ClassRunner.runChild(BlockJUnit4ClassRunner.java:70)
	at org.junit.runners.BlockJUnit4ClassRunner.runChild(BlockJUnit4ClassRunner.java:50)
	at org.junit.runners.ParentRunner$3.run(ParentRunner.java:238)
	at org.junit.runners.ParentRunner$1.schedule(ParentRunner.java:63)
	at org.junit.runners.ParentRunner.runChildren(ParentRunner.java:236)
	at org.junit.runners.ParentRunner.access$000(ParentRunner.java:53)
	at org.junit.runners.ParentRunner$2.evaluate(ParentRunner.java:229)
	at org.junit.runners.ParentRunner.run(ParentRunner.java:309)
	at org.apache.maven.surefire.junit4.JUnit4Provider.execute(JUnit4Provider.java:365)
	at org.apache.maven.surefire.junit4.JUnit4Provider.executeWithRerun(JUnit4Provider.java:273)
	at org.apache.maven.surefire.junit4.JUnit4Provider.executeTestSet(JUnit4Provider.java:238)
	at org.apache.maven.surefire.junit4.JUnit4Provider.invoke(JUnit4Provider.java:159)
	at org.apache.maven.surefire.booter.ForkedBooter.invokeProviderInSameClassLoader(ForkedBooter.java:384)
	at org.apache.maven.surefire.booter.ForkedBooter.runSuitesInProcess(ForkedBooter.java:345)
	at org.apache.maven.surefire.booter.ForkedBooter.execute(ForkedBooter.java:126)
	at org.apache.maven.surefire.booter.ForkedBooter.main(ForkedBooter.java:418)

Sep 05, 2019 7:47:20 AM org.apache.ratis.thirdparty.io.grpc.internal.ManagedChannelOrphanWrapper$ManagedChannelReference cleanQueue
SEVERE: *~*~*~ Channel ManagedChannelImpl{logId=3609, target=192.168.36.69:42374} was not shutdown properly!!! ~*~*~*
    Make sure to call shutdown()/shutdownNow() and wait until awaitTermination() returns true.
java.lang.RuntimeException: ManagedChannel allocation site
	at org.apache.ratis.thirdparty.io.grpc.internal.ManagedChannelOrphanWrapper$ManagedChannelReference.<init>(ManagedChannelOrphanWrapper.java:103)
	at org.apache.ratis.thirdparty.io.grpc.internal.ManagedChannelOrphanWrapper.<init>(ManagedChannelOrphanWrapper.java:53)
	at org.apache.ratis.thirdparty.io.grpc.internal.ManagedChannelOrphanWrapper.<init>(ManagedChannelOrphanWrapper.java:44)
	at org.apache.ratis.thirdparty.io.grpc.internal.AbstractManagedChannelImplBuilder.build(AbstractManagedChannelImplBuilder.java:411)
	at org.apache.ratis.grpc.client.GrpcClientProtocolClient.<init>(GrpcClientProtocolClient.java:119)
	at org.apache.ratis.grpc.client.GrpcClientRpc.lambda$new$0(GrpcClientRpc.java:55)
	at org.apache.ratis.util.PeerProxyMap$PeerAndProxy.lambda$getProxy$0(PeerProxyMap.java:61)
	at org.apache.ratis.util.LifeCycle.startAndTransition(LifeCycle.java:202)
	at org.apache.ratis.util.PeerProxyMap$PeerAndProxy.getProxy(PeerProxyMap.java:60)
	at org.apache.ratis.util.PeerProxyMap.getProxy(PeerProxyMap.java:107)
	at org.apache.ratis.grpc.client.GrpcClientRpc.sendRequestAsync(GrpcClientRpc.java:66)
	at org.apache.ratis.client.impl.OrderedAsync.sendRequest(OrderedAsync.java:208)
	at org.apache.ratis.client.impl.OrderedAsync.sendRequestWithRetry(OrderedAsync.java:169)
	at org.apache.ratis.util.SlidingWindow$Client.sendOrDelayRequest(SlidingWindow.java:278)
	at org.apache.ratis.util.SlidingWindow$Client.retry(SlidingWindow.java:294)
	at org.apache.ratis.client.impl.OrderedAsync.lambda$scheduleWithTimeout$7(OrderedAsync.java:195)
	at org.apache.ratis.util.TimeoutScheduler.lambda$onTimeout$0(TimeoutScheduler.java:85)
	at org.apache.ratis.util.TimeoutScheduler.lambda$onTimeout$1(TimeoutScheduler.java:104)
	at org.apache.ratis.util.LogUtils.runAndLog(LogUtils.java:50)
	at org.apache.ratis.util.LogUtils$1.run(LogUtils.java:91)
	at java.util.concurrent.Executors$RunnableAdapter.call(Executors.java:511)
	at java.util.concurrent.FutureTask.run(FutureTask.java:266)
	at java.util.concurrent.ScheduledThreadPoolExecutor$ScheduledFutureTask.access$201(ScheduledThreadPoolExecutor.java:180)
	at java.util.concurrent.ScheduledThreadPoolExecutor$ScheduledFutureTask.run(ScheduledThreadPoolExecutor.java:293)
	at java.util.concurrent.ThreadPoolExecutor.runWorker(ThreadPoolExecutor.java:1149)
	at java.util.concurrent.ThreadPoolExecutor$Worker.run(ThreadPoolExecutor.java:624)
	at java.lang.Thread.run(Thread.java:748)

Sep 05, 2019 7:47:20 AM org.apache.ratis.thirdparty.io.grpc.internal.ManagedChannelOrphanWrapper$ManagedChannelReference cleanQueue
SEVERE: *~*~*~ Channel ManagedChannelImpl{logId=3635, target=192.168.36.69:41452} was not shutdown properly!!! ~*~*~*
    Make sure to call shutdown()/shutdownNow() and wait until awaitTermination() returns true.
java.lang.RuntimeException: ManagedChannel allocation site
	at org.apache.ratis.thirdparty.io.grpc.internal.ManagedChannelOrphanWrapper$ManagedChannelReference.<init>(ManagedChannelOrphanWrapper.java:103)
	at org.apache.ratis.thirdparty.io.grpc.internal.ManagedChannelOrphanWrapper.<init>(ManagedChannelOrphanWrapper.java:53)
	at org.apache.ratis.thirdparty.io.grpc.internal.ManagedChannelOrphanWrapper.<init>(ManagedChannelOrphanWrapper.java:44)
	at org.apache.ratis.thirdparty.io.grpc.internal.AbstractManagedChannelImplBuilder.build(AbstractManagedChannelImplBuilder.java:411)
	at org.apache.hadoop.hdds.scm.XceiverClientGrpc.connectToDatanode(XceiverClientGrpc.java:175)
	at org.apache.hadoop.hdds.scm.XceiverClientGrpc.reconnect(XceiverClientGrpc.java:423)
	at org.apache.hadoop.hdds.scm.XceiverClientGrpc.sendCommandAsync(XceiverClientGrpc.java:372)
	at org.apache.hadoop.hdds.scm.XceiverClientGrpc.sendCommandWithRetry(XceiverClientGrpc.java:285)
	at org.apache.hadoop.hdds.scm.XceiverClientGrpc.sendCommandWithTraceIDAndRetry(XceiverClientGrpc.java:251)
	at org.apache.hadoop.hdds.scm.XceiverClientGrpc.sendCommand(XceiverClientGrpc.java:234)
	at org.apache.hadoop.hdds.scm.storage.ContainerProtocolCalls.readChunk(ContainerProtocolCalls.java:245)
	at org.apache.hadoop.hdds.scm.storage.ChunkInputStream.readChunk(ChunkInputStream.java:335)
	at org.apache.hadoop.hdds.scm.storage.ChunkInputStream.readChunkFromContainer(ChunkInputStream.java:307)
	at org.apache.hadoop.hdds.scm.storage.ChunkInputStream.prepareRead(ChunkInputStream.java:259)
	at org.apache.hadoop.hdds.scm.storage.ChunkInputStream.read(ChunkInputStream.java:144)
	at org.apache.hadoop.hdds.scm.storage.BlockInputStream.read(BlockInputStream.java:239)
	at org.apache.hadoop.ozone.client.io.KeyInputStream.read(KeyInputStream.java:171)
	at org.apache.hadoop.ozone.client.io.OzoneInputStream.read(OzoneInputStream.java:47)
	at java.io.InputStream.read(InputStream.java:101)
	at org.apache.hadoop.ozone.container.ContainerTestHelper.validateData(ContainerTestHelper.java:713)
	at org.apache.hadoop.ozone.client.rpc.TestBlockOutputStreamWithFailures.validateData(TestBlockOutputStreamWithFailures.java:1216)
	at org.apache.hadoop.ozone.client.rpc.TestBlockOutputStreamWithFailures.testWatchForCommitWithCloseContainerException(TestBlockOutputStreamWithFailures.java:260)
	at sun.reflect.NativeMethodAccessorImpl.invoke0(Native Method)
	at sun.reflect.NativeMethodAccessorImpl.invoke(NativeMethodAccessorImpl.java:62)
	at sun.reflect.DelegatingMethodAccessorImpl.invoke(DelegatingMethodAccessorImpl.java:43)
	at java.lang.reflect.Method.invoke(Method.java:498)
	at org.junit.runners.model.FrameworkMethod$1.runReflectiveCall(FrameworkMethod.java:47)
	at org.junit.internal.runners.model.ReflectiveCallable.run(ReflectiveCallable.java:12)
	at org.junit.runners.model.FrameworkMethod.invokeExplosively(FrameworkMethod.java:44)
	at org.junit.internal.runners.statements.InvokeMethod.evaluate(InvokeMethod.java:17)
	at org.junit.internal.runners.statements.RunBefores.evaluate(RunBefores.java:26)
	at org.junit.internal.runners.statements.RunAfters.evaluate(RunAfters.java:27)
	at org.junit.runners.ParentRunner.runLeaf(ParentRunner.java:271)
	at org.junit.runners.BlockJUnit4ClassRunner.runChild(BlockJUnit4ClassRunner.java:70)
	at org.junit.runners.BlockJUnit4ClassRunner.runChild(BlockJUnit4ClassRunner.java:50)
	at org.junit.runners.ParentRunner$3.run(ParentRunner.java:238)
	at org.junit.runners.ParentRunner$1.schedule(ParentRunner.java:63)
	at org.junit.runners.ParentRunner.runChildren(ParentRunner.java:236)
	at org.junit.runners.ParentRunner.access$000(ParentRunner.java:53)
	at org.junit.runners.ParentRunner$2.evaluate(ParentRunner.java:229)
	at org.junit.runners.ParentRunner.run(ParentRunner.java:309)
	at org.apache.maven.surefire.junit4.JUnit4Provider.execute(JUnit4Provider.java:365)
	at org.apache.maven.surefire.junit4.JUnit4Provider.executeWithRerun(JUnit4Provider.java:273)
	at org.apache.maven.surefire.junit4.JUnit4Provider.executeTestSet(JUnit4Provider.java:238)
	at org.apache.maven.surefire.junit4.JUnit4Provider.invoke(JUnit4Provider.java:159)
	at org.apache.maven.surefire.booter.ForkedBooter.invokeProviderInSameClassLoader(ForkedBooter.java:384)
	at org.apache.maven.surefire.booter.ForkedBooter.runSuitesInProcess(ForkedBooter.java:345)
	at org.apache.maven.surefire.booter.ForkedBooter.execute(ForkedBooter.java:126)
	at org.apache.maven.surefire.booter.ForkedBooter.main(ForkedBooter.java:418)

Sep 05, 2019 7:47:20 AM org.apache.ratis.thirdparty.io.grpc.internal.ManagedChannelOrphanWrapper$ManagedChannelReference cleanQueue
SEVERE: *~*~*~ Channel ManagedChannelImpl{logId=3615, target=192.168.36.69:43462} was not shutdown properly!!! ~*~*~*
    Make sure to call shutdown()/shutdownNow() and wait until awaitTermination() returns true.
java.lang.RuntimeException: ManagedChannel allocation site
	at org.apache.ratis.thirdparty.io.grpc.internal.ManagedChannelOrphanWrapper$ManagedChannelReference.<init>(ManagedChannelOrphanWrapper.java:103)
	at org.apache.ratis.thirdparty.io.grpc.internal.ManagedChannelOrphanWrapper.<init>(ManagedChannelOrphanWrapper.java:53)
	at org.apache.ratis.thirdparty.io.grpc.internal.ManagedChannelOrphanWrapper.<init>(ManagedChannelOrphanWrapper.java:44)
	at org.apache.ratis.thirdparty.io.grpc.internal.AbstractManagedChannelImplBuilder.build(AbstractManagedChannelImplBuilder.java:411)
	at org.apache.hadoop.hdds.scm.XceiverClientGrpc.connectToDatanode(XceiverClientGrpc.java:175)
	at org.apache.hadoop.hdds.scm.XceiverClientGrpc.reconnect(XceiverClientGrpc.java:423)
	at org.apache.hadoop.hdds.scm.XceiverClientGrpc.sendCommandAsync(XceiverClientGrpc.java:372)
	at org.apache.hadoop.hdds.scm.XceiverClientGrpc.sendCommandWithRetry(XceiverClientGrpc.java:285)
	at org.apache.hadoop.hdds.scm.XceiverClientGrpc.sendCommandWithTraceIDAndRetry(XceiverClientGrpc.java:251)
	at org.apache.hadoop.hdds.scm.XceiverClientGrpc.sendCommand(XceiverClientGrpc.java:234)
	at org.apache.hadoop.hdds.scm.storage.ContainerProtocolCalls.getBlock(ContainerProtocolCalls.java:118)
	at org.apache.hadoop.hdds.scm.storage.BlockInputStream.getChunkInfos(BlockInputStream.java:167)
	at org.apache.hadoop.hdds.scm.storage.BlockInputStream.initialize(BlockInputStream.java:118)
	at org.apache.hadoop.hdds.scm.storage.BlockInputStream.read(BlockInputStream.java:222)
	at org.apache.hadoop.ozone.client.io.KeyInputStream.read(KeyInputStream.java:171)
	at org.apache.hadoop.ozone.client.io.OzoneInputStream.read(OzoneInputStream.java:47)
	at java.io.InputStream.read(InputStream.java:101)
	at org.apache.hadoop.ozone.container.ContainerTestHelper.validateData(ContainerTestHelper.java:713)
	at org.apache.hadoop.ozone.client.rpc.TestBlockOutputStreamWithFailures.validateData(TestBlockOutputStreamWithFailures.java:1216)
	at org.apache.hadoop.ozone.client.rpc.TestBlockOutputStreamWithFailures.testWatchForCommitWithCloseContainerException(TestBlockOutputStreamWithFailures.java:260)
	at sun.reflect.NativeMethodAccessorImpl.invoke0(Native Method)
	at sun.reflect.NativeMethodAccessorImpl.invoke(NativeMethodAccessorImpl.java:62)
	at sun.reflect.DelegatingMethodAccessorImpl.invoke(DelegatingMethodAccessorImpl.java:43)
	at java.lang.reflect.Method.invoke(Method.java:498)
	at org.junit.runners.model.FrameworkMethod$1.runReflectiveCall(FrameworkMethod.java:47)
	at org.junit.internal.runners.model.ReflectiveCallable.run(ReflectiveCallable.java:12)
	at org.junit.runners.model.FrameworkMethod.invokeExplosively(FrameworkMethod.java:44)
	at org.junit.internal.runners.statements.InvokeMethod.evaluate(InvokeMethod.java:17)
	at org.junit.internal.runners.statements.RunBefores.evaluate(RunBefores.java:26)
	at org.junit.internal.runners.statements.RunAfters.evaluate(RunAfters.java:27)
	at org.junit.runners.ParentRunner.runLeaf(ParentRunner.java:271)
	at org.junit.runners.BlockJUnit4ClassRunner.runChild(BlockJUnit4ClassRunner.java:70)
	at org.junit.runners.BlockJUnit4ClassRunner.runChild(BlockJUnit4ClassRunner.java:50)
	at org.junit.runners.ParentRunner$3.run(ParentRunner.java:238)
	at org.junit.runners.ParentRunner$1.schedule(ParentRunner.java:63)
	at org.junit.runners.ParentRunner.runChildren(ParentRunner.java:236)
	at org.junit.runners.ParentRunner.access$000(ParentRunner.java:53)
	at org.junit.runners.ParentRunner$2.evaluate(ParentRunner.java:229)
	at org.junit.runners.ParentRunner.run(ParentRunner.java:309)
	at org.apache.maven.surefire.junit4.JUnit4Provider.execute(JUnit4Provider.java:365)
	at org.apache.maven.surefire.junit4.JUnit4Provider.executeWithRerun(JUnit4Provider.java:273)
	at org.apache.maven.surefire.junit4.JUnit4Provider.executeTestSet(JUnit4Provider.java:238)
	at org.apache.maven.surefire.junit4.JUnit4Provider.invoke(JUnit4Provider.java:159)
	at org.apache.maven.surefire.booter.ForkedBooter.invokeProviderInSameClassLoader(ForkedBooter.java:384)
	at org.apache.maven.surefire.booter.ForkedBooter.runSuitesInProcess(ForkedBooter.java:345)
	at org.apache.maven.surefire.booter.ForkedBooter.execute(ForkedBooter.java:126)
	at org.apache.maven.surefire.booter.ForkedBooter.main(ForkedBooter.java:418)

Sep 05, 2019 7:47:20 AM org.apache.ratis.thirdparty.io.grpc.internal.ManagedChannelOrphanWrapper$ManagedChannelReference cleanQueue
SEVERE: *~*~*~ Channel ManagedChannelImpl{logId=3640, target=192.168.36.69:38589} was not shutdown properly!!! ~*~*~*
    Make sure to call shutdown()/shutdownNow() and wait until awaitTermination() returns true.
java.lang.RuntimeException: ManagedChannel allocation site
	at org.apache.ratis.thirdparty.io.grpc.internal.ManagedChannelOrphanWrapper$ManagedChannelReference.<init>(ManagedChannelOrphanWrapper.java:103)
	at org.apache.ratis.thirdparty.io.grpc.internal.ManagedChannelOrphanWrapper.<init>(ManagedChannelOrphanWrapper.java:53)
	at org.apache.ratis.thirdparty.io.grpc.internal.ManagedChannelOrphanWrapper.<init>(ManagedChannelOrphanWrapper.java:44)
	at org.apache.ratis.thirdparty.io.grpc.internal.AbstractManagedChannelImplBuilder.build(AbstractManagedChannelImplBuilder.java:411)
	at org.apache.hadoop.hdds.scm.XceiverClientGrpc.connectToDatanode(XceiverClientGrpc.java:175)
	at org.apache.hadoop.hdds.scm.XceiverClientGrpc.reconnect(XceiverClientGrpc.java:423)
	at org.apache.hadoop.hdds.scm.XceiverClientGrpc.sendCommandAsync(XceiverClientGrpc.java:372)
	at org.apache.hadoop.hdds.scm.XceiverClientGrpc.sendCommandWithRetry(XceiverClientGrpc.java:285)
	at org.apache.hadoop.hdds.scm.XceiverClientGrpc.sendCommandWithTraceIDAndRetry(XceiverClientGrpc.java:251)
	at org.apache.hadoop.hdds.scm.XceiverClientGrpc.sendCommand(XceiverClientGrpc.java:234)
	at org.apache.hadoop.hdds.scm.storage.ContainerProtocolCalls.readChunk(ContainerProtocolCalls.java:245)
	at org.apache.hadoop.hdds.scm.storage.ChunkInputStream.readChunk(ChunkInputStream.java:335)
	at org.apache.hadoop.hdds.scm.storage.ChunkInputStream.readChunkFromContainer(ChunkInputStream.java:307)
	at org.apache.hadoop.hdds.scm.storage.ChunkInputStream.prepareRead(ChunkInputStream.java:259)
	at org.apache.hadoop.hdds.scm.storage.ChunkInputStream.read(ChunkInputStream.java:144)
	at org.apache.hadoop.hdds.scm.storage.BlockInputStream.read(BlockInputStream.java:239)
	at org.apache.hadoop.ozone.client.io.KeyInputStream.read(KeyInputStream.java:171)
	at org.apache.hadoop.ozone.client.io.OzoneInputStream.read(OzoneInputStream.java:47)
	at java.io.InputStream.read(InputStream.java:101)
	at org.apache.hadoop.ozone.container.ContainerTestHelper.validateData(ContainerTestHelper.java:713)
	at org.apache.hadoop.ozone.client.rpc.TestBlockOutputStreamWithFailures.validateData(TestBlockOutputStreamWithFailures.java:1216)
	at org.apache.hadoop.ozone.client.rpc.TestBlockOutputStreamWithFailures.testWatchForCommitWithCloseContainerException(TestBlockOutputStreamWithFailures.java:260)
	at sun.reflect.NativeMethodAccessorImpl.invoke0(Native Method)
	at sun.reflect.NativeMethodAccessorImpl.invoke(NativeMethodAccessorImpl.java:62)
	at sun.reflect.DelegatingMethodAccessorImpl.invoke(DelegatingMethodAccessorImpl.java:43)
	at java.lang.reflect.Method.invoke(Method.java:498)
	at org.junit.runners.model.FrameworkMethod$1.runReflectiveCall(FrameworkMethod.java:47)
	at org.junit.internal.runners.model.ReflectiveCallable.run(ReflectiveCallable.java:12)
	at org.junit.runners.model.FrameworkMethod.invokeExplosively(FrameworkMethod.java:44)
	at org.junit.internal.runners.statements.InvokeMethod.evaluate(InvokeMethod.java:17)
	at org.junit.internal.runners.statements.RunBefores.evaluate(RunBefores.java:26)
	at org.junit.internal.runners.statements.RunAfters.evaluate(RunAfters.java:27)
	at org.junit.runners.ParentRunner.runLeaf(ParentRunner.java:271)
	at org.junit.runners.BlockJUnit4ClassRunner.runChild(BlockJUnit4ClassRunner.java:70)
	at org.junit.runners.BlockJUnit4ClassRunner.runChild(BlockJUnit4ClassRunner.java:50)
	at org.junit.runners.ParentRunner$3.run(ParentRunner.java:238)
	at org.junit.runners.ParentRunner$1.schedule(ParentRunner.java:63)
	at org.junit.runners.ParentRunner.runChildren(ParentRunner.java:236)
	at org.junit.runners.ParentRunner.access$000(ParentRunner.java:53)
	at org.junit.runners.ParentRunner$2.evaluate(ParentRunner.java:229)
	at org.junit.runners.ParentRunner.run(ParentRunner.java:309)
	at org.apache.maven.surefire.junit4.JUnit4Provider.execute(JUnit4Provider.java:365)
	at org.apache.maven.surefire.junit4.JUnit4Provider.executeWithRerun(JUnit4Provider.java:273)
	at org.apache.maven.surefire.junit4.JUnit4Provider.executeTestSet(JUnit4Provider.java:238)
	at org.apache.maven.surefire.junit4.JUnit4Provider.invoke(JUnit4Provider.java:159)
	at org.apache.maven.surefire.booter.ForkedBooter.invokeProviderInSameClassLoader(ForkedBooter.java:384)
	at org.apache.maven.surefire.booter.ForkedBooter.runSuitesInProcess(ForkedBooter.java:345)
	at org.apache.maven.surefire.booter.ForkedBooter.execute(ForkedBooter.java:126)
	at org.apache.maven.surefire.booter.ForkedBooter.main(ForkedBooter.java:418)

]]></system-err>
  </testcase>
</testsuite>