<?xml version="1.0" encoding="UTF-8"?>
<testsuite xmlns:xsi="http://www.w3.org/2001/XMLSchema-instance" xsi:noNamespaceSchemaLocation="https://maven.apache.org/surefire/maven-surefire-plugin/xsd/surefire-test-report.xsd" name="org.apache.hadoop.ozone.om.TestOzoneManagerHA" time="823.032" tests="25" errors="1" skipped="0" failures="0">
  <properties>
    <property name="awt.toolkit" value="sun.awt.X11.XToolkit"/>
    <property name="file.encoding.pkg" value="sun.io"/>
    <property name="java.specification.version" value="1.8"/>
    <property name="sun.cpu.isalist" value=""/>
    <property name="sun.jnu.encoding" value="UTF-8"/>
    <property name="java.class.path" value="/workdir/hadoop-ozone/integration-test/target/test-classes:/workdir/hadoop-ozone/integration-test/target/classes:/home/user/.m2/repository/org/apache/hadoop/hadoop-ozone-common/0.5.0-SNAPSHOT/hadoop-ozone-common-0.5.0-SNAPSHOT.jar:/home/user/.m2/repository/org/apache/commons/commons-compress/1.4.1/commons-compress-1.4.1.jar:/home/user/.m2/repository/org/tukaani/xz/1.0/xz-1.0.jar:/home/user/.m2/repository/org/apache/hadoop/hadoop-common/3.2.0/hadoop-common-3.2.0.jar:/home/user/.m2/repository/org/apache/hadoop/hadoop-hdfs/3.2.0/hadoop-hdfs-3.2.0.jar:/home/user/.m2/repository/org/apache/hadoop/hadoop-hdfs-client/3.2.0/hadoop-hdfs-client-3.2.0.jar:/home/user/.m2/repository/com/fasterxml/jackson/core/jackson-annotations/2.9.5/jackson-annotations-2.9.5.jar:/home/user/.m2/repository/org/apache/hadoop/hadoop-hdds-common/0.5.0-SNAPSHOT/hadoop-hdds-common-0.5.0-SNAPSHOT.jar:/home/user/.m2/repository/javax/annotation/javax.annotation-api/1.2/javax.annotation-api-1.2.jar:/home/user/.m2/repository/org/apache/ratis/ratis-server/0.4.0-2337318-SNAPSHOT/ratis-server-0.4.0-2337318-SNAPSHOT.jar:/home/user/.m2/repository/org/apache/ratis/ratis-thirdparty-misc/0.2.0/ratis-thirdparty-misc-0.2.0.jar:/home/user/.m2/repository/org/apache/ratis/ratis-proto/0.4.0-2337318-SNAPSHOT/ratis-proto-0.4.0-2337318-SNAPSHOT.jar:/home/user/.m2/repository/org/apache/ratis/ratis-common/0.4.0-2337318-SNAPSHOT/ratis-common-0.4.0-2337318-SNAPSHOT.jar:/home/user/.m2/repository/org/apache/ratis/ratis-client/0.4.0-2337318-SNAPSHOT/ratis-client-0.4.0-2337318-SNAPSHOT.jar:/home/user/.m2/repository/org/apache/ratis/ratis-metrics/0.4.0-2337318-SNAPSHOT/ratis-metrics-0.4.0-2337318-SNAPSHOT.jar:/home/user/.m2/repository/org/apache/ratis/ratis-netty/0.4.0-2337318-SNAPSHOT/ratis-netty-0.4.0-2337318-SNAPSHOT.jar:/home/user/.m2/repository/org/apache/ratis/ratis-grpc/0.4.0-2337318-SNAPSHOT/ratis-grpc-0.4.0-2337318-SNAPSHOT.jar:/home/user/.m2/repository/org/rocksdb/rocksdbjni/6.0.1/rocksdbjni-6.0.1.jar:/home/user/.m2/repository/org/apache/logging/log4j/log4j-api/2.11.0/log4j-api-2.11.0.jar:/home/user/.m2/repository/org/apache/logging/log4j/log4j-core/2.11.0/log4j-core-2.11.0.jar:/home/user/.m2/repository/com/lmax/disruptor/3.4.2/disruptor-3.4.2.jar:/home/user/.m2/repository/org/apache/commons/commons-pool2/2.6.0/commons-pool2-2.6.0.jar:/home/user/.m2/repository/org/bouncycastle/bcpkix-jdk15on/1.60/bcpkix-jdk15on-1.60.jar:/home/user/.m2/repository/commons-validator/commons-validator/1.6/commons-validator-1.6.jar:/home/user/.m2/repository/commons-digester/commons-digester/1.8.1/commons-digester-1.8.1.jar:/home/user/.m2/repository/io/jaegertracing/jaeger-client/0.33.1/jaeger-client-0.33.1.jar:/home/user/.m2/repository/io/jaegertracing/jaeger-thrift/0.33.1/jaeger-thrift-0.33.1.jar:/home/user/.m2/repository/org/apache/thrift/libthrift/0.11.0/libthrift-0.11.0.jar:/home/user/.m2/repository/com/squareup/okhttp3/okhttp/3.9.0/okhttp-3.9.0.jar:/home/user/.m2/repository/com/squareup/okio/okio/1.13.0/okio-1.13.0.jar:/home/user/.m2/repository/io/jaegertracing/jaeger-core/0.33.1/jaeger-core-0.33.1.jar:/home/user/.m2/repository/io/jaegertracing/jaeger-tracerresolver/0.33.1/jaeger-tracerresolver-0.33.1.jar:/home/user/.m2/repository/io/opentracing/contrib/opentracing-tracerresolver/0.1.5/opentracing-tracerresolver-0.1.5.jar:/home/user/.m2/repository/io/opentracing/opentracing-util/0.31.0/opentracing-util-0.31.0.jar:/home/user/.m2/repository/io/opentracing/opentracing-api/0.31.0/opentracing-api-0.31.0.jar:/home/user/.m2/repository/io/opentracing/opentracing-noop/0.31.0/opentracing-noop-0.31.0.jar:/home/user/.m2/repository/org/apache/hadoop/hadoop-hdds-server-framework/0.5.0-SNAPSHOT/hadoop-hdds-server-framework-0.5.0-SNAPSHOT.jar:/home/user/.m2/repository/org/apache/hadoop/hadoop-hdds-container-service/0.5.0-SNAPSHOT/hadoop-hdds-container-service-0.5.0-SNAPSHOT.jar:/home/user/.m2/repository/org/apache/hadoop/hadoop-hdds-client/0.5.0-SNAPSHOT/hadoop-hdds-client-0.5.0-SNAPSHOT.jar:/home/user/.m2/repository/org/apache/hadoop/hadoop-hdds-tools/0.5.0-SNAPSHOT/hadoop-hdds-tools-0.5.0-SNAPSHOT.jar:/home/user/.m2/repository/org/apache/hadoop/hadoop-hdds-server-scm/0.5.0-SNAPSHOT/hadoop-hdds-server-scm-0.5.0-SNAPSHOT.jar:/home/user/.m2/repository/org/apache/hadoop/hadoop-hdds-docs/0.5.0-SNAPSHOT/hadoop-hdds-docs-0.5.0-SNAPSHOT.jar:/home/user/.m2/repository/io/dropwizard/metrics/metrics-core/3.2.4/metrics-core-3.2.4.jar:/home/user/.m2/repository/org/hamcrest/hamcrest-all/1.3/hamcrest-all-1.3.jar:/home/user/.m2/repository/org/bouncycastle/bcprov-jdk15on/1.60/bcprov-jdk15on-1.60.jar:/home/user/.m2/repository/info/picocli/picocli/3.9.6/picocli-3.9.6.jar:/home/user/.m2/repository/com/google/protobuf/protobuf-java/2.5.0/protobuf-java-2.5.0.jar:/home/user/.m2/repository/com/google/guava/guava/11.0.2/guava-11.0.2.jar:/home/user/.m2/repository/org/apache/hadoop/hadoop-ozone-ozone-manager/0.5.0-SNAPSHOT/hadoop-ozone-ozone-manager-0.5.0-SNAPSHOT.jar:/home/user/.m2/repository/org/apache/hadoop/hadoop-minikdc/3.2.0/hadoop-minikdc-3.2.0.jar:/home/user/.m2/repository/commons-io/commons-io/2.5/commons-io-2.5.jar:/home/user/.m2/repository/org/apache/kerby/kerb-simplekdc/1.0.1/kerb-simplekdc-1.0.1.jar:/home/user/.m2/repository/org/apache/kerby/kerb-client/1.0.1/kerb-client-1.0.1.jar:/home/user/.m2/repository/org/apache/kerby/kerby-config/1.0.1/kerby-config-1.0.1.jar:/home/user/.m2/repository/org/apache/kerby/kerb-core/1.0.1/kerb-core-1.0.1.jar:/home/user/.m2/repository/org/apache/kerby/kerby-pkix/1.0.1/kerby-pkix-1.0.1.jar:/home/user/.m2/repository/org/apache/kerby/kerby-asn1/1.0.1/kerby-asn1-1.0.1.jar:/home/user/.m2/repository/org/apache/kerby/kerby-util/1.0.1/kerby-util-1.0.1.jar:/home/user/.m2/repository/org/apache/kerby/kerb-common/1.0.1/kerb-common-1.0.1.jar:/home/user/.m2/repository/org/apache/kerby/kerb-crypto/1.0.1/kerb-crypto-1.0.1.jar:/home/user/.m2/repository/org/apache/kerby/kerb-util/1.0.1/kerb-util-1.0.1.jar:/home/user/.m2/repository/org/apache/kerby/token-provider/1.0.1/token-provider-1.0.1.jar:/home/user/.m2/repository/org/apache/kerby/kerb-admin/1.0.1/kerb-admin-1.0.1.jar:/home/user/.m2/repository/org/apache/kerby/kerb-server/1.0.1/kerb-server-1.0.1.jar:/home/user/.m2/repository/org/apache/kerby/kerb-identity/1.0.1/kerb-identity-1.0.1.jar:/home/user/.m2/repository/org/apache/kerby/kerby-xdr/1.0.1/kerby-xdr-1.0.1.jar:/home/user/.m2/repository/org/slf4j/slf4j-log4j12/1.7.25/slf4j-log4j12-1.7.25.jar:/home/user/.m2/repository/org/apache/hadoop/hadoop-ozone-objectstore-service/0.5.0-SNAPSHOT/hadoop-ozone-objectstore-service-0.5.0-SNAPSHOT.jar:/home/user/.m2/repository/org/apache/hadoop/hadoop-ozone-s3gateway/0.5.0-SNAPSHOT/hadoop-ozone-s3gateway-0.5.0-SNAPSHOT.jar:/home/user/.m2/repository/org/jboss/weld/servlet/weld-servlet/2.4.7.Final/weld-servlet-2.4.7.Final.jar:/home/user/.m2/repository/org/glassfish/jersey/containers/jersey-container-servlet-core/2.27/jersey-container-servlet-core-2.27.jar:/home/user/.m2/repository/org/glassfish/hk2/external/javax.inject/2.5.0-b42/javax.inject-2.5.0-b42.jar:/home/user/.m2/repository/org/glassfish/jersey/core/jersey-common/2.27/jersey-common-2.27.jar:/home/user/.m2/repository/org/glassfish/hk2/osgi-resource-locator/1.0.1/osgi-resource-locator-1.0.1.jar:/home/user/.m2/repository/javax/ws/rs/javax.ws.rs-api/2.1/javax.ws.rs-api-2.1.jar:/home/user/.m2/repository/org/glassfish/jersey/ext/cdi/jersey-cdi1x/2.27/jersey-cdi1x-2.27.jar:/home/user/.m2/repository/org/glassfish/jersey/inject/jersey-hk2/2.27/jersey-hk2-2.27.jar:/home/user/.m2/repository/org/glassfish/hk2/hk2-locator/2.5.0-b42/hk2-locator-2.5.0-b42.jar:/home/user/.m2/repository/org/javassist/javassist/3.22.0-CR2/javassist-3.22.0-CR2.jar:/home/user/.m2/repository/org/glassfish/hk2/hk2-api/2.5.0/hk2-api-2.5.0.jar:/home/user/.m2/repository/org/glassfish/hk2/external/jakarta.inject/2.5.0/jakarta.inject-2.5.0.jar:/home/user/.m2/repository/org/glassfish/hk2/hk2-utils/2.5.0/hk2-utils-2.5.0.jar:/home/user/.m2/repository/jakarta/annotation/jakarta.annotation-api/1.3.4/jakarta.annotation-api-1.3.4.jar:/home/user/.m2/repository/org/glassfish/hk2/external/aopalliance-repackaged/2.5.0/aopalliance-repackaged-2.5.0.jar:/home/user/.m2/repository/com/fasterxml/jackson/dataformat/jackson-dataformat-xml/2.9.0/jackson-dataformat-xml-2.9.0.jar:/home/user/.m2/repository/com/fasterxml/jackson/core/jackson-core/2.9.5/jackson-core-2.9.5.jar:/home/user/.m2/repository/com/fasterxml/jackson/module/jackson-module-jaxb-annotations/2.9.5/jackson-module-jaxb-annotations-2.9.5.jar:/home/user/.m2/repository/javax/enterprise/cdi-api/1.2/cdi-api-1.2.jar:/home/user/.m2/repository/javax/el/javax.el-api/3.0.0/javax.el-api-3.0.0.jar:/home/user/.m2/repository/javax/interceptor/javax.interceptor-api/1.2/javax.interceptor-api-1.2.jar:/home/user/.m2/repository/javax/inject/javax.inject/1/javax.inject-1.jar:/home/user/.m2/repository/com/sun/xml/bind/jaxb-impl/2.3.0.1/jaxb-impl-2.3.0.1.jar:/home/user/.m2/repository/com/sun/xml/bind/jaxb-core/2.3.0.1/jaxb-core-2.3.0.1.jar:/home/user/.m2/repository/javax/xml/bind/jaxb-api/2.3.0/jaxb-api-2.3.0.jar:/home/user/.m2/repository/javax/activation/activation/1.1.1/activation-1.1.1.jar:/home/user/.m2/repository/org/apache/hadoop/hadoop-ozone-csi/0.5.0-SNAPSHOT/hadoop-ozone-csi-0.5.0-SNAPSHOT.jar:/home/user/.m2/repository/com/google/protobuf/protobuf-java-util/3.5.1/protobuf-java-util-3.5.1.jar:/home/user/.m2/repository/org/apache/hadoop/hadoop-hdds-config/0.5.0-SNAPSHOT/hadoop-hdds-config-0.5.0-SNAPSHOT.jar:/home/user/.m2/repository/io/grpc/grpc-netty/1.17.1/grpc-netty-1.17.1.jar:/home/user/.m2/repository/io/grpc/grpc-core/1.17.1/grpc-core-1.17.1.jar:/home/user/.m2/repository/io/grpc/grpc-context/1.17.1/grpc-context-1.17.1.jar:/home/user/.m2/repository/com/google/errorprone/error_prone_annotations/2.2.0/error_prone_annotations-2.2.0.jar:/home/user/.m2/repository/org/codehaus/mojo/animal-sniffer-annotations/1.17/animal-sniffer-annotations-1.17.jar:/home/user/.m2/repository/io/opencensus/opencensus-api/0.17.0/opencensus-api-0.17.0.jar:/home/user/.m2/repository/io/opencensus/opencensus-contrib-grpc-metrics/0.17.0/opencensus-contrib-grpc-metrics-0.17.0.jar:/home/user/.m2/repository/io/netty/netty-codec-http2/4.1.30.Final/netty-codec-http2-4.1.30.Final.jar:/home/user/.m2/repository/io/netty/netty-codec-http/4.1.30.Final/netty-codec-http-4.1.30.Final.jar:/home/user/.m2/repository/io/netty/netty-codec/4.1.30.Final/netty-codec-4.1.30.Final.jar:/home/user/.m2/repository/io/netty/netty-handler/4.1.30.Final/netty-handler-4.1.30.Final.jar:/home/user/.m2/repository/io/netty/netty-handler-proxy/4.1.30.Final/netty-handler-proxy-4.1.30.Final.jar:/home/user/.m2/repository/io/netty/netty-codec-socks/4.1.30.Final/netty-codec-socks-4.1.30.Final.jar:/home/user/.m2/repository/io/netty/netty-transport-native-epoll/4.1.30.Final/netty-transport-native-epoll-4.1.30.Final.jar:/home/user/.m2/repository/io/netty/netty-common/4.1.30.Final/netty-common-4.1.30.Final.jar:/home/user/.m2/repository/io/netty/netty-buffer/4.1.30.Final/netty-buffer-4.1.30.Final.jar:/home/user/.m2/repository/io/netty/netty-transport/4.1.30.Final/netty-transport-4.1.30.Final.jar:/home/user/.m2/repository/io/netty/netty-resolver/4.1.30.Final/netty-resolver-4.1.30.Final.jar:/home/user/.m2/repository/io/netty/netty-transport-native-unix-common/4.1.30.Final/netty-transport-native-unix-common-4.1.30.Final.jar:/home/user/.m2/repository/io/grpc/grpc-protobuf/1.17.1/grpc-protobuf-1.17.1.jar:/home/user/.m2/repository/com/google/api/grpc/proto-google-common-protos/1.0.0/proto-google-common-protos-1.0.0.jar:/home/user/.m2/repository/io/grpc/grpc-protobuf-lite/1.17.1/grpc-protobuf-lite-1.17.1.jar:/home/user/.m2/repository/io/grpc/grpc-stub/1.17.1/grpc-stub-1.17.1.jar:/home/user/.m2/repository/org/apache/hadoop/hadoop-ozone-recon/0.5.0-SNAPSHOT/hadoop-ozone-recon-0.5.0-SNAPSHOT.jar:/home/user/.m2/repository/org/apache/hadoop/hadoop-ozone-reconcodegen/0.5.0-SNAPSHOT/hadoop-ozone-reconcodegen-0.5.0-SNAPSHOT.jar:/home/user/.m2/repository/com/google/inject/extensions/guice-multibindings/4.0/guice-multibindings-4.0.jar:/home/user/.m2/repository/com/google/inject/guice/4.0/guice-4.0.jar:/home/user/.m2/repository/aopalliance/aopalliance/1.0/aopalliance-1.0.jar:/home/user/.m2/repository/com/google/inject/extensions/guice-servlet/4.0/guice-servlet-4.0.jar:/home/user/.m2/repository/org/glassfish/jersey/containers/jersey-container-servlet/2.27/jersey-container-servlet-2.27.jar:/home/user/.m2/repository/org/glassfish/hk2/guice-bridge/2.5.0/guice-bridge-2.5.0.jar:/home/user/.m2/repository/org/glassfish/jersey/core/jersey-server/2.27/jersey-server-2.27.jar:/home/user/.m2/repository/org/glassfish/jersey/core/jersey-client/2.27/jersey-client-2.27.jar:/home/user/.m2/repository/org/glassfish/jersey/media/jersey-media-jaxb/2.27/jersey-media-jaxb-2.27.jar:/home/user/.m2/repository/javax/validation/validation-api/1.1.0.Final/validation-api-1.1.0.Final.jar:/home/user/.m2/repository/org/glassfish/jersey/media/jersey-media-json-jackson/2.27/jersey-media-json-jackson-2.27.jar:/home/user/.m2/repository/org/glassfish/jersey/ext/jersey-entity-filtering/2.27/jersey-entity-filtering-2.27.jar:/home/user/.m2/repository/com/google/inject/extensions/guice-assistedinject/4.0/guice-assistedinject-4.0.jar:/home/user/.m2/repository/org/jooq/jooq/3.11.10/jooq-3.11.10.jar:/home/user/.m2/repository/org/jooq/jooq-meta/3.11.10/jooq-meta-3.11.10.jar:/home/user/.m2/repository/org/jooq/jooq-codegen/3.11.10/jooq-codegen-3.11.10.jar:/home/user/.m2/repository/com/jolbox/bonecp/0.8.0.RELEASE/bonecp-0.8.0.RELEASE.jar:/home/user/.m2/repository/org/xerial/sqlite-jdbc/3.25.2/sqlite-jdbc-3.25.2.jar:/home/user/.m2/repository/org/springframework/spring-jdbc/5.1.3.RELEASE/spring-jdbc-5.1.3.RELEASE.jar:/home/user/.m2/repository/org/springframework/spring-beans/5.1.3.RELEASE/spring-beans-5.1.3.RELEASE.jar:/home/user/.m2/repository/org/springframework/spring-core/5.1.3.RELEASE/spring-core-5.1.3.RELEASE.jar:/home/user/.m2/repository/org/springframework/spring-jcl/5.1.3.RELEASE/spring-jcl-5.1.3.RELEASE.jar:/home/user/.m2/repository/org/springframework/spring-tx/5.1.3.RELEASE/spring-tx-5.1.3.RELEASE.jar:/home/user/.m2/repository/org/apache/hadoop/hadoop-ozone-client/0.5.0-SNAPSHOT/hadoop-ozone-client-0.5.0-SNAPSHOT.jar:/home/user/.m2/repository/commons-lang/commons-lang/2.6/commons-lang-2.6.jar:/home/user/.m2/repository/org/apache/hadoop/hadoop-ozone-ozone-manager/0.5.0-SNAPSHOT/hadoop-ozone-ozone-manager-0.5.0-SNAPSHOT-tests.jar:/home/user/.m2/repository/junit/junit/4.11/junit-4.11.jar:/home/user/.m2/repository/org/hamcrest/hamcrest-core/1.3/hamcrest-core-1.3.jar:/home/user/.m2/repository/org/openjdk/jmh/jmh-core/1.19/jmh-core-1.19.jar:/home/user/.m2/repository/net/sf/jopt-simple/jopt-simple/4.6/jopt-simple-4.6.jar:/home/user/.m2/repository/org/apache/commons/commons-math3/3.1.1/commons-math3-3.1.1.jar:/home/user/.m2/repository/org/openjdk/jmh/jmh-generator-annprocess/1.19/jmh-generator-annprocess-1.19.jar:/home/user/.m2/repository/org/mockito/mockito-all/1.8.5/mockito-all-1.8.5.jar:/home/user/.m2/repository/org/apache/hadoop/hadoop-kms/3.2.0/hadoop-kms-3.2.0.jar:/home/user/.m2/repository/org/apache/hadoop/hadoop-auth/3.2.0/hadoop-auth-3.2.0.jar:/home/user/.m2/repository/com/nimbusds/nimbus-jose-jwt/4.41.1/nimbus-jose-jwt-4.41.1.jar:/home/user/.m2/repository/com/github/stephenc/jcip/jcip-annotations/1.0-1/jcip-annotations-1.0-1.jar:/home/user/.m2/repository/net/minidev/json-smart/2.3/json-smart-2.3.jar:/home/user/.m2/repository/net/minidev/accessors-smart/1.2/accessors-smart-1.2.jar:/home/user/.m2/repository/org/ow2/asm/asm/5.0.4/asm-5.0.4.jar:/home/user/.m2/repository/org/apache/curator/curator-framework/2.12.0/curator-framework-2.12.0.jar:/home/user/.m2/repository/com/sun/jersey/jersey-core/1.19/jersey-core-1.19.jar:/home/user/.m2/repository/javax/ws/rs/jsr311-api/1.1.1/jsr311-api-1.1.1.jar:/home/user/.m2/repository/com/sun/jersey/jersey-server/1.19/jersey-server-1.19.jar:/home/user/.m2/repository/javax/servlet/javax.servlet-api/3.1.0/javax.servlet-api-3.1.0.jar:/home/user/.m2/repository/org/eclipse/jetty/jetty-server/9.3.24.v20180605/jetty-server-9.3.24.v20180605.jar:/home/user/.m2/repository/org/eclipse/jetty/jetty-http/9.3.24.v20180605/jetty-http-9.3.24.v20180605.jar:/home/user/.m2/repository/org/eclipse/jetty/jetty-io/9.3.24.v20180605/jetty-io-9.3.24.v20180605.jar:/home/user/.m2/repository/org/eclipse/jetty/jetty-webapp/9.3.24.v20180605/jetty-webapp-9.3.24.v20180605.jar:/home/user/.m2/repository/org/eclipse/jetty/jetty-xml/9.3.24.v20180605/jetty-xml-9.3.24.v20180605.jar:/home/user/.m2/repository/log4j/log4j/1.2.17/log4j-1.2.17.jar:/home/user/.m2/repository/org/slf4j/slf4j-api/1.7.25/slf4j-api-1.7.25.jar:/home/user/.m2/repository/org/slf4j/jul-to-slf4j/1.7.25/jul-to-slf4j-1.7.25.jar:/home/user/.m2/repository/org/eclipse/jetty/jetty-util/9.3.24.v20180605/jetty-util-9.3.24.v20180605.jar:/home/user/.m2/repository/com/fasterxml/jackson/core/jackson-databind/2.9.5/jackson-databind-2.9.5.jar:/home/user/.m2/repository/org/apache/hadoop/hadoop-kms/3.2.0/hadoop-kms-3.2.0-tests.jar:/home/user/.m2/repository/org/apache/hadoop/hadoop-hdds-server-scm/0.5.0-SNAPSHOT/hadoop-hdds-server-scm-0.5.0-SNAPSHOT-tests.jar:/home/user/.m2/repository/org/apache/hadoop/hadoop-hdds-container-service/0.5.0-SNAPSHOT/hadoop-hdds-container-service-0.5.0-SNAPSHOT-tests.jar:/home/user/.m2/repository/org/yaml/snakeyaml/1.16/snakeyaml-1.16.jar:/home/user/.m2/repository/org/apache/hadoop/hadoop-common/3.2.0/hadoop-common-3.2.0-tests.jar:/home/user/.m2/repository/org/apache/hadoop/hadoop-annotations/3.2.0/hadoop-annotations-3.2.0.jar:/usr/lib/jvm/java-1.8-openjdk/jre/../lib/tools.jar:/home/user/.m2/repository/commons-cli/commons-cli/1.2/commons-cli-1.2.jar:/home/user/.m2/repository/org/apache/httpcomponents/httpclient/4.5.2/httpclient-4.5.2.jar:/home/user/.m2/repository/org/apache/httpcomponents/httpcore/4.4.4/httpcore-4.4.4.jar:/home/user/.m2/repository/commons-codec/commons-codec/1.11/commons-codec-1.11.jar:/home/user/.m2/repository/commons-net/commons-net/3.6/commons-net-3.6.jar:/home/user/.m2/repository/commons-collections/commons-collections/3.2.2/commons-collections-3.2.2.jar:/home/user/.m2/repository/org/eclipse/jetty/jetty-servlet/9.3.24.v20180605/jetty-servlet-9.3.24.v20180605.jar:/home/user/.m2/repository/org/eclipse/jetty/jetty-security/9.3.24.v20180605/jetty-security-9.3.24.v20180605.jar:/home/user/.m2/repository/javax/servlet/jsp/jsp-api/2.1/jsp-api-2.1.jar:/home/user/.m2/repository/com/sun/jersey/jersey-servlet/1.19/jersey-servlet-1.19.jar:/home/user/.m2/repository/com/sun/jersey/jersey-json/1.19/jersey-json-1.19.jar:/home/user/.m2/repository/org/codehaus/jettison/jettison/1.1/jettison-1.1.jar:/home/user/.m2/repository/org/codehaus/jackson/jackson-core-asl/1.9.13/jackson-core-asl-1.9.13.jar:/home/user/.m2/repository/org/codehaus/jackson/jackson-mapper-asl/1.9.13/jackson-mapper-asl-1.9.13.jar:/home/user/.m2/repository/org/codehaus/jackson/jackson-jaxrs/1.9.13/jackson-jaxrs-1.9.13.jar:/home/user/.m2/repository/org/codehaus/jackson/jackson-xc/1.9.13/jackson-xc-1.9.13.jar:/home/user/.m2/repository/commons-logging/commons-logging/1.1.3/commons-logging-1.1.3.jar:/home/user/.m2/repository/commons-beanutils/commons-beanutils/1.9.3/commons-beanutils-1.9.3.jar:/home/user/.m2/repository/org/apache/commons/commons-configuration2/2.1.1/commons-configuration2-2.1.1.jar:/home/user/.m2/repository/org/apache/commons/commons-lang3/3.7/commons-lang3-3.7.jar:/home/user/.m2/repository/org/apache/commons/commons-text/1.4/commons-text-1.4.jar:/home/user/.m2/repository/org/apache/avro/avro/1.7.7/avro-1.7.7.jar:/home/user/.m2/repository/com/thoughtworks/paranamer/paranamer/2.3/paranamer-2.3.jar:/home/user/.m2/repository/org/xerial/snappy/snappy-java/1.0.5/snappy-java-1.0.5.jar:/home/user/.m2/repository/com/google/re2j/re2j/1.1/re2j-1.1.jar:/home/user/.m2/repository/com/google/code/gson/gson/2.2.4/gson-2.2.4.jar:/home/user/.m2/repository/com/jcraft/jsch/0.1.54/jsch-0.1.54.jar:/home/user/.m2/repository/org/apache/curator/curator-client/2.12.0/curator-client-2.12.0.jar:/home/user/.m2/repository/org/apache/curator/curator-recipes/2.12.0/curator-recipes-2.12.0.jar:/home/user/.m2/repository/com/google/code/findbugs/jsr305/3.0.0/jsr305-3.0.0.jar:/home/user/.m2/repository/org/apache/htrace/htrace-core4/4.1.0-incubating/htrace-core4-4.1.0-incubating.jar:/home/user/.m2/repository/org/apache/zookeeper/zookeeper/3.4.13/zookeeper-3.4.13.jar:/home/user/.m2/repository/org/apache/yetus/audience-annotations/0.5.0/audience-annotations-0.5.0.jar:/home/user/.m2/repository/org/codehaus/woodstox/stax2-api/3.1.4/stax2-api-3.1.4.jar:/home/user/.m2/repository/com/fasterxml/woodstox/woodstox-core/5.0.3/woodstox-core-5.0.3.jar:/home/user/.m2/repository/dnsjava/dnsjava/2.1.7/dnsjava-2.1.7.jar:/home/user/.m2/repository/org/apache/hadoop/hadoop-hdfs/3.2.0/hadoop-hdfs-3.2.0-tests.jar:/home/user/.m2/repository/org/eclipse/jetty/jetty-util-ajax/9.3.24.v20180605/jetty-util-ajax-9.3.24.v20180605.jar:/home/user/.m2/repository/commons-daemon/commons-daemon/1.0.13/commons-daemon-1.0.13.jar:/home/user/.m2/repository/io/netty/netty/3.10.5.Final/netty-3.10.5.Final.jar:/home/user/.m2/repository/io/netty/netty-all/4.0.52.Final/netty-all-4.0.52.Final.jar:/home/user/.m2/repository/org/fusesource/leveldbjni/leveldbjni-all/1.8/leveldbjni-all-1.8.jar:"/>
    <property name="java.vm.vendor" value="IcedTea"/>
    <property name="sun.arch.data.model" value="64"/>
    <property name="test.build.dir" value="/workdir/hadoop-ozone/integration-test/target/test-dir"/>
    <property name="test.cache.data" value=""/>
    <property name="java.vendor.url" value="https://icedtea.classpath.org"/>
    <property name="user.timezone" value=""/>
    <property name="java.vm.specification.version" value="1.8"/>
    <property name="os.name" value="Linux"/>
    <property name="test.build.data" value="/workdir/hadoop-ozone/integration-test/target/test-dir"/>
    <property name="user.country" value="US"/>
    <property name="sun.java.launcher" value="SUN_STANDARD"/>
    <property name="sun.boot.library.path" value="/usr/lib/jvm/java-1.8-openjdk/jre/lib/amd64"/>
    <property name="sun.java.command" value="/workdir/hadoop-ozone/integration-test/target/surefire/surefirebooter4459595696039194115.jar /workdir/hadoop-ozone/integration-test/target/surefire 2019-09-05T07-22-41_289-jvmRun1 surefire8117928952271488526tmp surefire_465341806541647624630tmp"/>
    <property name="test" value="!TestMiniChaosOzoneCluster"/>
    <property name="surefire.test.class.path" value="/workdir/hadoop-ozone/integration-test/target/test-classes:/workdir/hadoop-ozone/integration-test/target/classes:/home/user/.m2/repository/org/apache/hadoop/hadoop-ozone-common/0.5.0-SNAPSHOT/hadoop-ozone-common-0.5.0-SNAPSHOT.jar:/home/user/.m2/repository/org/apache/commons/commons-compress/1.4.1/commons-compress-1.4.1.jar:/home/user/.m2/repository/org/tukaani/xz/1.0/xz-1.0.jar:/home/user/.m2/repository/org/apache/hadoop/hadoop-common/3.2.0/hadoop-common-3.2.0.jar:/home/user/.m2/repository/org/apache/hadoop/hadoop-hdfs/3.2.0/hadoop-hdfs-3.2.0.jar:/home/user/.m2/repository/org/apache/hadoop/hadoop-hdfs-client/3.2.0/hadoop-hdfs-client-3.2.0.jar:/home/user/.m2/repository/com/fasterxml/jackson/core/jackson-annotations/2.9.5/jackson-annotations-2.9.5.jar:/home/user/.m2/repository/org/apache/hadoop/hadoop-hdds-common/0.5.0-SNAPSHOT/hadoop-hdds-common-0.5.0-SNAPSHOT.jar:/home/user/.m2/repository/javax/annotation/javax.annotation-api/1.2/javax.annotation-api-1.2.jar:/home/user/.m2/repository/org/apache/ratis/ratis-server/0.4.0-2337318-SNAPSHOT/ratis-server-0.4.0-2337318-SNAPSHOT.jar:/home/user/.m2/repository/org/apache/ratis/ratis-thirdparty-misc/0.2.0/ratis-thirdparty-misc-0.2.0.jar:/home/user/.m2/repository/org/apache/ratis/ratis-proto/0.4.0-2337318-SNAPSHOT/ratis-proto-0.4.0-2337318-SNAPSHOT.jar:/home/user/.m2/repository/org/apache/ratis/ratis-common/0.4.0-2337318-SNAPSHOT/ratis-common-0.4.0-2337318-SNAPSHOT.jar:/home/user/.m2/repository/org/apache/ratis/ratis-client/0.4.0-2337318-SNAPSHOT/ratis-client-0.4.0-2337318-SNAPSHOT.jar:/home/user/.m2/repository/org/apache/ratis/ratis-metrics/0.4.0-2337318-SNAPSHOT/ratis-metrics-0.4.0-2337318-SNAPSHOT.jar:/home/user/.m2/repository/org/apache/ratis/ratis-netty/0.4.0-2337318-SNAPSHOT/ratis-netty-0.4.0-2337318-SNAPSHOT.jar:/home/user/.m2/repository/org/apache/ratis/ratis-grpc/0.4.0-2337318-SNAPSHOT/ratis-grpc-0.4.0-2337318-SNAPSHOT.jar:/home/user/.m2/repository/org/rocksdb/rocksdbjni/6.0.1/rocksdbjni-6.0.1.jar:/home/user/.m2/repository/org/apache/logging/log4j/log4j-api/2.11.0/log4j-api-2.11.0.jar:/home/user/.m2/repository/org/apache/logging/log4j/log4j-core/2.11.0/log4j-core-2.11.0.jar:/home/user/.m2/repository/com/lmax/disruptor/3.4.2/disruptor-3.4.2.jar:/home/user/.m2/repository/org/apache/commons/commons-pool2/2.6.0/commons-pool2-2.6.0.jar:/home/user/.m2/repository/org/bouncycastle/bcpkix-jdk15on/1.60/bcpkix-jdk15on-1.60.jar:/home/user/.m2/repository/commons-validator/commons-validator/1.6/commons-validator-1.6.jar:/home/user/.m2/repository/commons-digester/commons-digester/1.8.1/commons-digester-1.8.1.jar:/home/user/.m2/repository/io/jaegertracing/jaeger-client/0.33.1/jaeger-client-0.33.1.jar:/home/user/.m2/repository/io/jaegertracing/jaeger-thrift/0.33.1/jaeger-thrift-0.33.1.jar:/home/user/.m2/repository/org/apache/thrift/libthrift/0.11.0/libthrift-0.11.0.jar:/home/user/.m2/repository/com/squareup/okhttp3/okhttp/3.9.0/okhttp-3.9.0.jar:/home/user/.m2/repository/com/squareup/okio/okio/1.13.0/okio-1.13.0.jar:/home/user/.m2/repository/io/jaegertracing/jaeger-core/0.33.1/jaeger-core-0.33.1.jar:/home/user/.m2/repository/io/jaegertracing/jaeger-tracerresolver/0.33.1/jaeger-tracerresolver-0.33.1.jar:/home/user/.m2/repository/io/opentracing/contrib/opentracing-tracerresolver/0.1.5/opentracing-tracerresolver-0.1.5.jar:/home/user/.m2/repository/io/opentracing/opentracing-util/0.31.0/opentracing-util-0.31.0.jar:/home/user/.m2/repository/io/opentracing/opentracing-api/0.31.0/opentracing-api-0.31.0.jar:/home/user/.m2/repository/io/opentracing/opentracing-noop/0.31.0/opentracing-noop-0.31.0.jar:/home/user/.m2/repository/org/apache/hadoop/hadoop-hdds-server-framework/0.5.0-SNAPSHOT/hadoop-hdds-server-framework-0.5.0-SNAPSHOT.jar:/home/user/.m2/repository/org/apache/hadoop/hadoop-hdds-container-service/0.5.0-SNAPSHOT/hadoop-hdds-container-service-0.5.0-SNAPSHOT.jar:/home/user/.m2/repository/org/apache/hadoop/hadoop-hdds-client/0.5.0-SNAPSHOT/hadoop-hdds-client-0.5.0-SNAPSHOT.jar:/home/user/.m2/repository/org/apache/hadoop/hadoop-hdds-tools/0.5.0-SNAPSHOT/hadoop-hdds-tools-0.5.0-SNAPSHOT.jar:/home/user/.m2/repository/org/apache/hadoop/hadoop-hdds-server-scm/0.5.0-SNAPSHOT/hadoop-hdds-server-scm-0.5.0-SNAPSHOT.jar:/home/user/.m2/repository/org/apache/hadoop/hadoop-hdds-docs/0.5.0-SNAPSHOT/hadoop-hdds-docs-0.5.0-SNAPSHOT.jar:/home/user/.m2/repository/io/dropwizard/metrics/metrics-core/3.2.4/metrics-core-3.2.4.jar:/home/user/.m2/repository/org/hamcrest/hamcrest-all/1.3/hamcrest-all-1.3.jar:/home/user/.m2/repository/org/bouncycastle/bcprov-jdk15on/1.60/bcprov-jdk15on-1.60.jar:/home/user/.m2/repository/info/picocli/picocli/3.9.6/picocli-3.9.6.jar:/home/user/.m2/repository/com/google/protobuf/protobuf-java/2.5.0/protobuf-java-2.5.0.jar:/home/user/.m2/repository/com/google/guava/guava/11.0.2/guava-11.0.2.jar:/home/user/.m2/repository/org/apache/hadoop/hadoop-ozone-ozone-manager/0.5.0-SNAPSHOT/hadoop-ozone-ozone-manager-0.5.0-SNAPSHOT.jar:/home/user/.m2/repository/org/apache/hadoop/hadoop-minikdc/3.2.0/hadoop-minikdc-3.2.0.jar:/home/user/.m2/repository/commons-io/commons-io/2.5/commons-io-2.5.jar:/home/user/.m2/repository/org/apache/kerby/kerb-simplekdc/1.0.1/kerb-simplekdc-1.0.1.jar:/home/user/.m2/repository/org/apache/kerby/kerb-client/1.0.1/kerb-client-1.0.1.jar:/home/user/.m2/repository/org/apache/kerby/kerby-config/1.0.1/kerby-config-1.0.1.jar:/home/user/.m2/repository/org/apache/kerby/kerb-core/1.0.1/kerb-core-1.0.1.jar:/home/user/.m2/repository/org/apache/kerby/kerby-pkix/1.0.1/kerby-pkix-1.0.1.jar:/home/user/.m2/repository/org/apache/kerby/kerby-asn1/1.0.1/kerby-asn1-1.0.1.jar:/home/user/.m2/repository/org/apache/kerby/kerby-util/1.0.1/kerby-util-1.0.1.jar:/home/user/.m2/repository/org/apache/kerby/kerb-common/1.0.1/kerb-common-1.0.1.jar:/home/user/.m2/repository/org/apache/kerby/kerb-crypto/1.0.1/kerb-crypto-1.0.1.jar:/home/user/.m2/repository/org/apache/kerby/kerb-util/1.0.1/kerb-util-1.0.1.jar:/home/user/.m2/repository/org/apache/kerby/token-provider/1.0.1/token-provider-1.0.1.jar:/home/user/.m2/repository/org/apache/kerby/kerb-admin/1.0.1/kerb-admin-1.0.1.jar:/home/user/.m2/repository/org/apache/kerby/kerb-server/1.0.1/kerb-server-1.0.1.jar:/home/user/.m2/repository/org/apache/kerby/kerb-identity/1.0.1/kerb-identity-1.0.1.jar:/home/user/.m2/repository/org/apache/kerby/kerby-xdr/1.0.1/kerby-xdr-1.0.1.jar:/home/user/.m2/repository/org/slf4j/slf4j-log4j12/1.7.25/slf4j-log4j12-1.7.25.jar:/home/user/.m2/repository/org/apache/hadoop/hadoop-ozone-objectstore-service/0.5.0-SNAPSHOT/hadoop-ozone-objectstore-service-0.5.0-SNAPSHOT.jar:/home/user/.m2/repository/org/apache/hadoop/hadoop-ozone-s3gateway/0.5.0-SNAPSHOT/hadoop-ozone-s3gateway-0.5.0-SNAPSHOT.jar:/home/user/.m2/repository/org/jboss/weld/servlet/weld-servlet/2.4.7.Final/weld-servlet-2.4.7.Final.jar:/home/user/.m2/repository/org/glassfish/jersey/containers/jersey-container-servlet-core/2.27/jersey-container-servlet-core-2.27.jar:/home/user/.m2/repository/org/glassfish/hk2/external/javax.inject/2.5.0-b42/javax.inject-2.5.0-b42.jar:/home/user/.m2/repository/org/glassfish/jersey/core/jersey-common/2.27/jersey-common-2.27.jar:/home/user/.m2/repository/org/glassfish/hk2/osgi-resource-locator/1.0.1/osgi-resource-locator-1.0.1.jar:/home/user/.m2/repository/javax/ws/rs/javax.ws.rs-api/2.1/javax.ws.rs-api-2.1.jar:/home/user/.m2/repository/org/glassfish/jersey/ext/cdi/jersey-cdi1x/2.27/jersey-cdi1x-2.27.jar:/home/user/.m2/repository/org/glassfish/jersey/inject/jersey-hk2/2.27/jersey-hk2-2.27.jar:/home/user/.m2/repository/org/glassfish/hk2/hk2-locator/2.5.0-b42/hk2-locator-2.5.0-b42.jar:/home/user/.m2/repository/org/javassist/javassist/3.22.0-CR2/javassist-3.22.0-CR2.jar:/home/user/.m2/repository/org/glassfish/hk2/hk2-api/2.5.0/hk2-api-2.5.0.jar:/home/user/.m2/repository/org/glassfish/hk2/external/jakarta.inject/2.5.0/jakarta.inject-2.5.0.jar:/home/user/.m2/repository/org/glassfish/hk2/hk2-utils/2.5.0/hk2-utils-2.5.0.jar:/home/user/.m2/repository/jakarta/annotation/jakarta.annotation-api/1.3.4/jakarta.annotation-api-1.3.4.jar:/home/user/.m2/repository/org/glassfish/hk2/external/aopalliance-repackaged/2.5.0/aopalliance-repackaged-2.5.0.jar:/home/user/.m2/repository/com/fasterxml/jackson/dataformat/jackson-dataformat-xml/2.9.0/jackson-dataformat-xml-2.9.0.jar:/home/user/.m2/repository/com/fasterxml/jackson/core/jackson-core/2.9.5/jackson-core-2.9.5.jar:/home/user/.m2/repository/com/fasterxml/jackson/module/jackson-module-jaxb-annotations/2.9.5/jackson-module-jaxb-annotations-2.9.5.jar:/home/user/.m2/repository/javax/enterprise/cdi-api/1.2/cdi-api-1.2.jar:/home/user/.m2/repository/javax/el/javax.el-api/3.0.0/javax.el-api-3.0.0.jar:/home/user/.m2/repository/javax/interceptor/javax.interceptor-api/1.2/javax.interceptor-api-1.2.jar:/home/user/.m2/repository/javax/inject/javax.inject/1/javax.inject-1.jar:/home/user/.m2/repository/com/sun/xml/bind/jaxb-impl/2.3.0.1/jaxb-impl-2.3.0.1.jar:/home/user/.m2/repository/com/sun/xml/bind/jaxb-core/2.3.0.1/jaxb-core-2.3.0.1.jar:/home/user/.m2/repository/javax/xml/bind/jaxb-api/2.3.0/jaxb-api-2.3.0.jar:/home/user/.m2/repository/javax/activation/activation/1.1.1/activation-1.1.1.jar:/home/user/.m2/repository/org/apache/hadoop/hadoop-ozone-csi/0.5.0-SNAPSHOT/hadoop-ozone-csi-0.5.0-SNAPSHOT.jar:/home/user/.m2/repository/com/google/protobuf/protobuf-java-util/3.5.1/protobuf-java-util-3.5.1.jar:/home/user/.m2/repository/org/apache/hadoop/hadoop-hdds-config/0.5.0-SNAPSHOT/hadoop-hdds-config-0.5.0-SNAPSHOT.jar:/home/user/.m2/repository/io/grpc/grpc-netty/1.17.1/grpc-netty-1.17.1.jar:/home/user/.m2/repository/io/grpc/grpc-core/1.17.1/grpc-core-1.17.1.jar:/home/user/.m2/repository/io/grpc/grpc-context/1.17.1/grpc-context-1.17.1.jar:/home/user/.m2/repository/com/google/errorprone/error_prone_annotations/2.2.0/error_prone_annotations-2.2.0.jar:/home/user/.m2/repository/org/codehaus/mojo/animal-sniffer-annotations/1.17/animal-sniffer-annotations-1.17.jar:/home/user/.m2/repository/io/opencensus/opencensus-api/0.17.0/opencensus-api-0.17.0.jar:/home/user/.m2/repository/io/opencensus/opencensus-contrib-grpc-metrics/0.17.0/opencensus-contrib-grpc-metrics-0.17.0.jar:/home/user/.m2/repository/io/netty/netty-codec-http2/4.1.30.Final/netty-codec-http2-4.1.30.Final.jar:/home/user/.m2/repository/io/netty/netty-codec-http/4.1.30.Final/netty-codec-http-4.1.30.Final.jar:/home/user/.m2/repository/io/netty/netty-codec/4.1.30.Final/netty-codec-4.1.30.Final.jar:/home/user/.m2/repository/io/netty/netty-handler/4.1.30.Final/netty-handler-4.1.30.Final.jar:/home/user/.m2/repository/io/netty/netty-handler-proxy/4.1.30.Final/netty-handler-proxy-4.1.30.Final.jar:/home/user/.m2/repository/io/netty/netty-codec-socks/4.1.30.Final/netty-codec-socks-4.1.30.Final.jar:/home/user/.m2/repository/io/netty/netty-transport-native-epoll/4.1.30.Final/netty-transport-native-epoll-4.1.30.Final.jar:/home/user/.m2/repository/io/netty/netty-common/4.1.30.Final/netty-common-4.1.30.Final.jar:/home/user/.m2/repository/io/netty/netty-buffer/4.1.30.Final/netty-buffer-4.1.30.Final.jar:/home/user/.m2/repository/io/netty/netty-transport/4.1.30.Final/netty-transport-4.1.30.Final.jar:/home/user/.m2/repository/io/netty/netty-resolver/4.1.30.Final/netty-resolver-4.1.30.Final.jar:/home/user/.m2/repository/io/netty/netty-transport-native-unix-common/4.1.30.Final/netty-transport-native-unix-common-4.1.30.Final.jar:/home/user/.m2/repository/io/grpc/grpc-protobuf/1.17.1/grpc-protobuf-1.17.1.jar:/home/user/.m2/repository/com/google/api/grpc/proto-google-common-protos/1.0.0/proto-google-common-protos-1.0.0.jar:/home/user/.m2/repository/io/grpc/grpc-protobuf-lite/1.17.1/grpc-protobuf-lite-1.17.1.jar:/home/user/.m2/repository/io/grpc/grpc-stub/1.17.1/grpc-stub-1.17.1.jar:/home/user/.m2/repository/org/apache/hadoop/hadoop-ozone-recon/0.5.0-SNAPSHOT/hadoop-ozone-recon-0.5.0-SNAPSHOT.jar:/home/user/.m2/repository/org/apache/hadoop/hadoop-ozone-reconcodegen/0.5.0-SNAPSHOT/hadoop-ozone-reconcodegen-0.5.0-SNAPSHOT.jar:/home/user/.m2/repository/com/google/inject/extensions/guice-multibindings/4.0/guice-multibindings-4.0.jar:/home/user/.m2/repository/com/google/inject/guice/4.0/guice-4.0.jar:/home/user/.m2/repository/aopalliance/aopalliance/1.0/aopalliance-1.0.jar:/home/user/.m2/repository/com/google/inject/extensions/guice-servlet/4.0/guice-servlet-4.0.jar:/home/user/.m2/repository/org/glassfish/jersey/containers/jersey-container-servlet/2.27/jersey-container-servlet-2.27.jar:/home/user/.m2/repository/org/glassfish/hk2/guice-bridge/2.5.0/guice-bridge-2.5.0.jar:/home/user/.m2/repository/org/glassfish/jersey/core/jersey-server/2.27/jersey-server-2.27.jar:/home/user/.m2/repository/org/glassfish/jersey/core/jersey-client/2.27/jersey-client-2.27.jar:/home/user/.m2/repository/org/glassfish/jersey/media/jersey-media-jaxb/2.27/jersey-media-jaxb-2.27.jar:/home/user/.m2/repository/javax/validation/validation-api/1.1.0.Final/validation-api-1.1.0.Final.jar:/home/user/.m2/repository/org/glassfish/jersey/media/jersey-media-json-jackson/2.27/jersey-media-json-jackson-2.27.jar:/home/user/.m2/repository/org/glassfish/jersey/ext/jersey-entity-filtering/2.27/jersey-entity-filtering-2.27.jar:/home/user/.m2/repository/com/google/inject/extensions/guice-assistedinject/4.0/guice-assistedinject-4.0.jar:/home/user/.m2/repository/org/jooq/jooq/3.11.10/jooq-3.11.10.jar:/home/user/.m2/repository/org/jooq/jooq-meta/3.11.10/jooq-meta-3.11.10.jar:/home/user/.m2/repository/org/jooq/jooq-codegen/3.11.10/jooq-codegen-3.11.10.jar:/home/user/.m2/repository/com/jolbox/bonecp/0.8.0.RELEASE/bonecp-0.8.0.RELEASE.jar:/home/user/.m2/repository/org/xerial/sqlite-jdbc/3.25.2/sqlite-jdbc-3.25.2.jar:/home/user/.m2/repository/org/springframework/spring-jdbc/5.1.3.RELEASE/spring-jdbc-5.1.3.RELEASE.jar:/home/user/.m2/repository/org/springframework/spring-beans/5.1.3.RELEASE/spring-beans-5.1.3.RELEASE.jar:/home/user/.m2/repository/org/springframework/spring-core/5.1.3.RELEASE/spring-core-5.1.3.RELEASE.jar:/home/user/.m2/repository/org/springframework/spring-jcl/5.1.3.RELEASE/spring-jcl-5.1.3.RELEASE.jar:/home/user/.m2/repository/org/springframework/spring-tx/5.1.3.RELEASE/spring-tx-5.1.3.RELEASE.jar:/home/user/.m2/repository/org/apache/hadoop/hadoop-ozone-client/0.5.0-SNAPSHOT/hadoop-ozone-client-0.5.0-SNAPSHOT.jar:/home/user/.m2/repository/commons-lang/commons-lang/2.6/commons-lang-2.6.jar:/home/user/.m2/repository/org/apache/hadoop/hadoop-ozone-ozone-manager/0.5.0-SNAPSHOT/hadoop-ozone-ozone-manager-0.5.0-SNAPSHOT-tests.jar:/home/user/.m2/repository/junit/junit/4.11/junit-4.11.jar:/home/user/.m2/repository/org/hamcrest/hamcrest-core/1.3/hamcrest-core-1.3.jar:/home/user/.m2/repository/org/openjdk/jmh/jmh-core/1.19/jmh-core-1.19.jar:/home/user/.m2/repository/net/sf/jopt-simple/jopt-simple/4.6/jopt-simple-4.6.jar:/home/user/.m2/repository/org/apache/commons/commons-math3/3.1.1/commons-math3-3.1.1.jar:/home/user/.m2/repository/org/openjdk/jmh/jmh-generator-annprocess/1.19/jmh-generator-annprocess-1.19.jar:/home/user/.m2/repository/org/mockito/mockito-all/1.8.5/mockito-all-1.8.5.jar:/home/user/.m2/repository/org/apache/hadoop/hadoop-kms/3.2.0/hadoop-kms-3.2.0.jar:/home/user/.m2/repository/org/apache/hadoop/hadoop-auth/3.2.0/hadoop-auth-3.2.0.jar:/home/user/.m2/repository/com/nimbusds/nimbus-jose-jwt/4.41.1/nimbus-jose-jwt-4.41.1.jar:/home/user/.m2/repository/com/github/stephenc/jcip/jcip-annotations/1.0-1/jcip-annotations-1.0-1.jar:/home/user/.m2/repository/net/minidev/json-smart/2.3/json-smart-2.3.jar:/home/user/.m2/repository/net/minidev/accessors-smart/1.2/accessors-smart-1.2.jar:/home/user/.m2/repository/org/ow2/asm/asm/5.0.4/asm-5.0.4.jar:/home/user/.m2/repository/org/apache/curator/curator-framework/2.12.0/curator-framework-2.12.0.jar:/home/user/.m2/repository/com/sun/jersey/jersey-core/1.19/jersey-core-1.19.jar:/home/user/.m2/repository/javax/ws/rs/jsr311-api/1.1.1/jsr311-api-1.1.1.jar:/home/user/.m2/repository/com/sun/jersey/jersey-server/1.19/jersey-server-1.19.jar:/home/user/.m2/repository/javax/servlet/javax.servlet-api/3.1.0/javax.servlet-api-3.1.0.jar:/home/user/.m2/repository/org/eclipse/jetty/jetty-server/9.3.24.v20180605/jetty-server-9.3.24.v20180605.jar:/home/user/.m2/repository/org/eclipse/jetty/jetty-http/9.3.24.v20180605/jetty-http-9.3.24.v20180605.jar:/home/user/.m2/repository/org/eclipse/jetty/jetty-io/9.3.24.v20180605/jetty-io-9.3.24.v20180605.jar:/home/user/.m2/repository/org/eclipse/jetty/jetty-webapp/9.3.24.v20180605/jetty-webapp-9.3.24.v20180605.jar:/home/user/.m2/repository/org/eclipse/jetty/jetty-xml/9.3.24.v20180605/jetty-xml-9.3.24.v20180605.jar:/home/user/.m2/repository/log4j/log4j/1.2.17/log4j-1.2.17.jar:/home/user/.m2/repository/org/slf4j/slf4j-api/1.7.25/slf4j-api-1.7.25.jar:/home/user/.m2/repository/org/slf4j/jul-to-slf4j/1.7.25/jul-to-slf4j-1.7.25.jar:/home/user/.m2/repository/org/eclipse/jetty/jetty-util/9.3.24.v20180605/jetty-util-9.3.24.v20180605.jar:/home/user/.m2/repository/com/fasterxml/jackson/core/jackson-databind/2.9.5/jackson-databind-2.9.5.jar:/home/user/.m2/repository/org/apache/hadoop/hadoop-kms/3.2.0/hadoop-kms-3.2.0-tests.jar:/home/user/.m2/repository/org/apache/hadoop/hadoop-hdds-server-scm/0.5.0-SNAPSHOT/hadoop-hdds-server-scm-0.5.0-SNAPSHOT-tests.jar:/home/user/.m2/repository/org/apache/hadoop/hadoop-hdds-container-service/0.5.0-SNAPSHOT/hadoop-hdds-container-service-0.5.0-SNAPSHOT-tests.jar:/home/user/.m2/repository/org/yaml/snakeyaml/1.16/snakeyaml-1.16.jar:/home/user/.m2/repository/org/apache/hadoop/hadoop-common/3.2.0/hadoop-common-3.2.0-tests.jar:/home/user/.m2/repository/org/apache/hadoop/hadoop-annotations/3.2.0/hadoop-annotations-3.2.0.jar:/usr/lib/jvm/java-1.8-openjdk/jre/../lib/tools.jar:/home/user/.m2/repository/commons-cli/commons-cli/1.2/commons-cli-1.2.jar:/home/user/.m2/repository/org/apache/httpcomponents/httpclient/4.5.2/httpclient-4.5.2.jar:/home/user/.m2/repository/org/apache/httpcomponents/httpcore/4.4.4/httpcore-4.4.4.jar:/home/user/.m2/repository/commons-codec/commons-codec/1.11/commons-codec-1.11.jar:/home/user/.m2/repository/commons-net/commons-net/3.6/commons-net-3.6.jar:/home/user/.m2/repository/commons-collections/commons-collections/3.2.2/commons-collections-3.2.2.jar:/home/user/.m2/repository/org/eclipse/jetty/jetty-servlet/9.3.24.v20180605/jetty-servlet-9.3.24.v20180605.jar:/home/user/.m2/repository/org/eclipse/jetty/jetty-security/9.3.24.v20180605/jetty-security-9.3.24.v20180605.jar:/home/user/.m2/repository/javax/servlet/jsp/jsp-api/2.1/jsp-api-2.1.jar:/home/user/.m2/repository/com/sun/jersey/jersey-servlet/1.19/jersey-servlet-1.19.jar:/home/user/.m2/repository/com/sun/jersey/jersey-json/1.19/jersey-json-1.19.jar:/home/user/.m2/repository/org/codehaus/jettison/jettison/1.1/jettison-1.1.jar:/home/user/.m2/repository/org/codehaus/jackson/jackson-core-asl/1.9.13/jackson-core-asl-1.9.13.jar:/home/user/.m2/repository/org/codehaus/jackson/jackson-mapper-asl/1.9.13/jackson-mapper-asl-1.9.13.jar:/home/user/.m2/repository/org/codehaus/jackson/jackson-jaxrs/1.9.13/jackson-jaxrs-1.9.13.jar:/home/user/.m2/repository/org/codehaus/jackson/jackson-xc/1.9.13/jackson-xc-1.9.13.jar:/home/user/.m2/repository/commons-logging/commons-logging/1.1.3/commons-logging-1.1.3.jar:/home/user/.m2/repository/commons-beanutils/commons-beanutils/1.9.3/commons-beanutils-1.9.3.jar:/home/user/.m2/repository/org/apache/commons/commons-configuration2/2.1.1/commons-configuration2-2.1.1.jar:/home/user/.m2/repository/org/apache/commons/commons-lang3/3.7/commons-lang3-3.7.jar:/home/user/.m2/repository/org/apache/commons/commons-text/1.4/commons-text-1.4.jar:/home/user/.m2/repository/org/apache/avro/avro/1.7.7/avro-1.7.7.jar:/home/user/.m2/repository/com/thoughtworks/paranamer/paranamer/2.3/paranamer-2.3.jar:/home/user/.m2/repository/org/xerial/snappy/snappy-java/1.0.5/snappy-java-1.0.5.jar:/home/user/.m2/repository/com/google/re2j/re2j/1.1/re2j-1.1.jar:/home/user/.m2/repository/com/google/code/gson/gson/2.2.4/gson-2.2.4.jar:/home/user/.m2/repository/com/jcraft/jsch/0.1.54/jsch-0.1.54.jar:/home/user/.m2/repository/org/apache/curator/curator-client/2.12.0/curator-client-2.12.0.jar:/home/user/.m2/repository/org/apache/curator/curator-recipes/2.12.0/curator-recipes-2.12.0.jar:/home/user/.m2/repository/com/google/code/findbugs/jsr305/3.0.0/jsr305-3.0.0.jar:/home/user/.m2/repository/org/apache/htrace/htrace-core4/4.1.0-incubating/htrace-core4-4.1.0-incubating.jar:/home/user/.m2/repository/org/apache/zookeeper/zookeeper/3.4.13/zookeeper-3.4.13.jar:/home/user/.m2/repository/org/apache/yetus/audience-annotations/0.5.0/audience-annotations-0.5.0.jar:/home/user/.m2/repository/org/codehaus/woodstox/stax2-api/3.1.4/stax2-api-3.1.4.jar:/home/user/.m2/repository/com/fasterxml/woodstox/woodstox-core/5.0.3/woodstox-core-5.0.3.jar:/home/user/.m2/repository/dnsjava/dnsjava/2.1.7/dnsjava-2.1.7.jar:/home/user/.m2/repository/org/apache/hadoop/hadoop-hdfs/3.2.0/hadoop-hdfs-3.2.0-tests.jar:/home/user/.m2/repository/org/eclipse/jetty/jetty-util-ajax/9.3.24.v20180605/jetty-util-ajax-9.3.24.v20180605.jar:/home/user/.m2/repository/commons-daemon/commons-daemon/1.0.13/commons-daemon-1.0.13.jar:/home/user/.m2/repository/io/netty/netty/3.10.5.Final/netty-3.10.5.Final.jar:/home/user/.m2/repository/io/netty/netty-all/4.0.52.Final/netty-all-4.0.52.Final.jar:/home/user/.m2/repository/org/fusesource/leveldbjni/leveldbjni-all/1.8/leveldbjni-all-1.8.jar:"/>
    <property name="sun.cpu.endian" value="little"/>
    <property name="user.home" value="/home/user"/>
    <property name="user.language" value="en"/>
    <property name="java.specification.vendor" value="Oracle Corporation"/>
    <property name="java.home" value="/usr/lib/jvm/java-1.8-openjdk/jre"/>
    <property name="java.security.krb5.conf" value="/workdir/hadoop-ozone/integration-test/target/test-classes/krb5.conf"/>
    <property name="basedir" value="/workdir/hadoop-ozone/integration-test"/>
    <property name="file.separator" value="/"/>
    <property name="line.separator" value="&#10;"/>
    <property name="java.vm.specification.vendor" value="Oracle Corporation"/>
    <property name="java.specification.name" value="Java Platform API Specification"/>
    <property name="java.awt.graphicsenv" value="sun.awt.X11GraphicsEnvironment"/>
    <property name="surefire.real.class.path" value="/workdir/hadoop-ozone/integration-test/target/surefire/surefirebooter4459595696039194115.jar"/>
    <property name="hadoop.log.dir" value="/workdir/hadoop-ozone/integration-test/target/log"/>
    <property name="sun.boot.class.path" value="/usr/lib/jvm/java-1.8-openjdk/jre/lib/resources.jar:/usr/lib/jvm/java-1.8-openjdk/jre/lib/rt.jar:/usr/lib/jvm/java-1.8-openjdk/jre/lib/sunrsasign.jar:/usr/lib/jvm/java-1.8-openjdk/jre/lib/jsse.jar:/usr/lib/jvm/java-1.8-openjdk/jre/lib/jce.jar:/usr/lib/jvm/java-1.8-openjdk/jre/lib/charsets.jar:/usr/lib/jvm/java-1.8-openjdk/jre/lib/jfr.jar:/usr/lib/jvm/java-1.8-openjdk/jre/classes"/>
    <property name="sun.management.compiler" value="HotSpot 64-Bit Tiered Compilers"/>
    <property name="java.runtime.version" value="1.8.0_212-b04"/>
    <property name="java.net.preferIPv4Stack" value="true"/>
    <property name="user.name" value="jenkins1000"/>
    <property name="path.separator" value=":"/>
    <property name="java.security.egd" value="file:///dev/urandom"/>
    <property name="os.version" value="3.10.0-957.12.2.el7.x86_64"/>
    <property name="java.endorsed.dirs" value="/usr/lib/jvm/java-1.8-openjdk/jre/lib/endorsed"/>
    <property name="java.runtime.name" value="OpenJDK Runtime Environment"/>
    <property name="file.encoding" value="UTF-8"/>
    <property name="java.vm.name" value="OpenJDK 64-Bit Server VM"/>
    <property name="test.build.webapps" value=""/>
    <property name="localRepository" value="/home/user/.m2/repository"/>
    <property name="java.vendor.url.bug" value="https://icedtea.classpath.org/bugzilla"/>
    <property name="java.io.tmpdir" value="/tmp"/>
    <property name="require.test.libhadoop" value=""/>
    <property name="java.version" value="1.8.0_212"/>
    <property name="user.dir" value="/workdir/hadoop-ozone/integration-test"/>
    <property name="os.arch" value="amd64"/>
    <property name="java.vm.specification.name" value="Java Virtual Machine Specification"/>
    <property name="test.build.classes" value="/workdir/hadoop-ozone/integration-test/target/test-classes"/>
    <property name="java.awt.printerjob" value="sun.print.PSPrinterJob"/>
    <property name="sun.os.patch.level" value="unknown"/>
    <property name="hadoop.tmp.dir" value="/workdir/hadoop-ozone/integration-test/target/tmp"/>
    <property name="java.library.path" value="/usr/lib/jvm/java-1.8-openjdk/jre/lib/amd64/server:/usr/lib/jvm/java-1.8-openjdk/jre/lib/amd64:/usr/lib/jvm/java-1.8-openjdk/jre/../lib/amd64:/workdir/hadoop-ozone/integration-test/target/native/target/usr/local/lib:/workdir/hadoop-ozone/integration-test/../../hadoop-common-project/hadoop-common/target/native/target/usr/local/lib:/usr/java/packages/lib/amd64:/usr/lib64:/lib64:/lib:/usr/lib"/>
    <property name="java.vm.info" value="mixed mode"/>
    <property name="java.vendor" value="IcedTea"/>
    <property name="java.vm.version" value="25.212-b04"/>
    <property name="java.ext.dirs" value="/usr/lib/jvm/java-1.8-openjdk/jre/lib/ext:/usr/java/packages/lib/ext"/>
    <property name="sun.io.unicode.encoding" value="UnicodeLittle"/>
    <property name="java.class.version" value="52.0"/>
  </properties>
  <testcase name="testMultipartUpload" classname="org.apache.hadoop.ozone.om.TestOzoneManagerHA" time="27.649"/>
  <testcase name="testOMRatisSnapshot" classname="org.apache.hadoop.ozone.om.TestOzoneManagerHA" time="17.657"/>
  <testcase name="testFileOperationsWithRecursive" classname="org.apache.hadoop.ozone.om.TestOzoneManagerHA" time="22.88"/>
  <testcase name="testOMRetryProxy" classname="org.apache.hadoop.ozone.om.TestOzoneManagerHA" time="115.432"/>
  <testcase name="testOMProxyProviderFailoverToCurrentLeader" classname="org.apache.hadoop.ozone.om.TestOzoneManagerHA" time="16.617"/>
  <testcase name="testAddBucketAcl" classname="org.apache.hadoop.ozone.om.TestOzoneManagerHA" time="14.682"/>
  <testcase name="testMultipartUploadWithOneOmNodeDown" classname="org.apache.hadoop.ozone.om.TestOzoneManagerHA" time="20.105"/>
  <testcase name="testAllBucketOperations" classname="org.apache.hadoop.ozone.om.TestOzoneManagerHA" time="15.084"/>
  <testcase name="testOMProxyProviderFailoverOnConnectionFailure" classname="org.apache.hadoop.ozone.om.TestOzoneManagerHA" time="17.734"/>
  <testcase name="testAllOMNodesRunning" classname="org.apache.hadoop.ozone.om.TestOzoneManagerHA" time="15.915"/>
  <testcase name="testRemoveBucketAcl" classname="org.apache.hadoop.ozone.om.TestOzoneManagerHA" time="15.584"/>
  <testcase name="testAddPrefixAcl" classname="org.apache.hadoop.ozone.om.TestOzoneManagerHA" time="13.685"/>
  <testcase name="testReadRequest" classname="org.apache.hadoop.ozone.om.TestOzoneManagerHA" time="15.347"/>
  <testcase name="testRemoveKeyAcl" classname="org.apache.hadoop.ozone.om.TestOzoneManagerHA" time="15.144"/>
  <testcase name="testAllVolumeOperations" classname="org.apache.hadoop.ozone.om.TestOzoneManagerHA" time="15.17"/>
  <testcase name="testSetBucketAcl" classname="org.apache.hadoop.ozone.om.TestOzoneManagerHA" time="15.128"/>
  <testcase name="testAddKeyAcl" classname="org.apache.hadoop.ozone.om.TestOzoneManagerHA" time="15.464"/>
  <testcase name="testFileOperationsWithNonRecursive" classname="org.apache.hadoop.ozone.om.TestOzoneManagerHA" time="22.847"/>
  <testcase name="testOMProxyProviderInitialization" classname="org.apache.hadoop.ozone.om.TestOzoneManagerHA" time="15.203"/>
  <testcase name="testRemovePrefixAcl" classname="org.apache.hadoop.ozone.om.TestOzoneManagerHA" time="17.574"/>
  <testcase name="testOneOMNodeDown" classname="org.apache.hadoop.ozone.om.TestOzoneManagerHA" time="19.91"/>
  <testcase name="testSetKeyAcl" classname="org.apache.hadoop.ozone.om.TestOzoneManagerHA" time="15.756"/>
  <testcase name="testTwoOMNodesDown" classname="org.apache.hadoop.ozone.om.TestOzoneManagerHA" time="300.055">
    <error message="test timed out after 300000 milliseconds" type="java.lang.Exception">java.lang.Exception: test timed out after 300000 milliseconds
	at java.lang.Object.wait(Native Method)
	at java.lang.Object.wait(Object.java:502)
	at org.apache.hadoop.util.concurrent.AsyncGet$Util.wait(AsyncGet.java:59)
	at org.apache.hadoop.ipc.Client.getRpcResponse(Client.java:1499)
	at org.apache.hadoop.ipc.Client.call(Client.java:1457)
	at org.apache.hadoop.ipc.Client.call(Client.java:1367)
	at org.apache.hadoop.ipc.ProtobufRpcEngine$Invoker.invoke(ProtobufRpcEngine.java:228)
	at org.apache.hadoop.ipc.ProtobufRpcEngine$Invoker.invoke(ProtobufRpcEngine.java:116)
	at com.sun.proxy.$Proxy48.submitRequest(Unknown Source)
	at sun.reflect.GeneratedMethodAccessor30.invoke(Unknown Source)
	at sun.reflect.DelegatingMethodAccessorImpl.invoke(DelegatingMethodAccessorImpl.java:43)
	at java.lang.reflect.Method.invoke(Method.java:498)
	at org.apache.hadoop.io.retry.RetryInvocationHandler.invokeMethod(RetryInvocationHandler.java:422)
	at org.apache.hadoop.io.retry.RetryInvocationHandler$Call.invokeMethod(RetryInvocationHandler.java:165)
	at org.apache.hadoop.io.retry.RetryInvocationHandler$Call.invoke(RetryInvocationHandler.java:157)
	at org.apache.hadoop.io.retry.RetryInvocationHandler$Call.invokeOnce(RetryInvocationHandler.java:95)
	at org.apache.hadoop.io.retry.RetryInvocationHandler.invoke(RetryInvocationHandler.java:359)
	at com.sun.proxy.$Proxy48.submitRequest(Unknown Source)
	at sun.reflect.GeneratedMethodAccessor29.invoke(Unknown Source)
	at sun.reflect.DelegatingMethodAccessorImpl.invoke(DelegatingMethodAccessorImpl.java:43)
	at java.lang.reflect.Method.invoke(Method.java:498)
	at org.apache.hadoop.hdds.tracing.TraceAllMethod.invoke(TraceAllMethod.java:66)
	at com.sun.proxy.$Proxy48.submitRequest(Unknown Source)
	at org.apache.hadoop.ozone.om.protocolPB.OzoneManagerProtocolClientSideTranslatorPB.submitRequest(OzoneManagerProtocolClientSideTranslatorPB.java:331)
	at org.apache.hadoop.ozone.om.protocolPB.OzoneManagerProtocolClientSideTranslatorPB.createVolume(OzoneManagerProtocolClientSideTranslatorPB.java:364)
	at org.apache.hadoop.ozone.client.rpc.RpcClient.createVolume(RpcClient.java:298)
	at sun.reflect.GeneratedMethodAccessor154.invoke(Unknown Source)
	at sun.reflect.DelegatingMethodAccessorImpl.invoke(DelegatingMethodAccessorImpl.java:43)
	at java.lang.reflect.Method.invoke(Method.java:498)
	at org.apache.hadoop.ozone.client.OzoneClientInvocationHandler.invoke(OzoneClientInvocationHandler.java:54)
	at com.sun.proxy.$Proxy99.createVolume(Unknown Source)
	at sun.reflect.GeneratedMethodAccessor153.invoke(Unknown Source)
	at sun.reflect.DelegatingMethodAccessorImpl.invoke(DelegatingMethodAccessorImpl.java:43)
	at java.lang.reflect.Method.invoke(Method.java:498)
	at org.apache.hadoop.hdds.tracing.TraceAllMethod.invoke(TraceAllMethod.java:66)
	at com.sun.proxy.$Proxy99.createVolume(Unknown Source)
	at org.apache.hadoop.ozone.client.ObjectStore.createVolume(ObjectStore.java:102)
	at org.apache.hadoop.ozone.om.TestOzoneManagerHA.createVolumeTest(TestOzoneManagerHA.java:586)
	at org.apache.hadoop.ozone.om.TestOzoneManagerHA.testTwoOMNodesDown(TestOzoneManagerHA.java:262)
	at sun.reflect.NativeMethodAccessorImpl.invoke0(Native Method)
	at sun.reflect.NativeMethodAccessorImpl.invoke(NativeMethodAccessorImpl.java:62)
	at sun.reflect.DelegatingMethodAccessorImpl.invoke(DelegatingMethodAccessorImpl.java:43)
	at java.lang.reflect.Method.invoke(Method.java:498)
	at org.junit.runners.model.FrameworkMethod$1.runReflectiveCall(FrameworkMethod.java:47)
	at org.junit.internal.runners.model.ReflectiveCallable.run(ReflectiveCallable.java:12)
	at org.junit.runners.model.FrameworkMethod.invokeExplosively(FrameworkMethod.java:44)
	at org.junit.internal.runners.statements.InvokeMethod.evaluate(InvokeMethod.java:17)
	at org.junit.internal.runners.statements.RunBefores.evaluate(RunBefores.java:26)
	at org.junit.internal.runners.statements.RunAfters.evaluate(RunAfters.java:27)
	at org.junit.rules.ExpectedException$ExpectedExceptionStatement.evaluate(ExpectedException.java:168)
	at org.junit.internal.runners.statements.FailOnTimeout$StatementThread.run(FailOnTimeout.java:74)
</error>
    <system-out><![CDATA[2019-09-05 08:28:46,334 [Thread-7228] WARN  server.ServerUtils (ServerUtils.java:getScmDbDir(145)) - ozone.scm.db.dirs is not configured. We recommend adding this setting. Falling back to ozone.metadata.dirs instead.
2019-09-05 08:28:46,371 [Thread-7228] WARN  server.ServerUtils (ServerUtils.java:getScmDbDir(145)) - ozone.scm.db.dirs is not configured. We recommend adding this setting. Falling back to ozone.metadata.dirs instead.
2019-09-05 08:28:46,371 [Thread-7228] WARN  server.ServerUtils (ServerUtils.java:getScmDbDir(145)) - ozone.scm.db.dirs is not configured. We recommend adding this setting. Falling back to ozone.metadata.dirs instead.
2019-09-05 08:28:46,372 [Thread-7228] INFO  db.DBStoreBuilder (DBStoreBuilder.java:addTable(110)) - using custom profile for table: deletedBlocks
2019-09-05 08:28:46,372 [Thread-7228] INFO  db.DBStoreBuilder (DBStoreBuilder.java:processTables(161)) - Using default column profile:DBProfile.DISK for Table:deletedBlocks
2019-09-05 08:28:46,372 [Thread-7228] INFO  db.DBStoreBuilder (DBStoreBuilder.java:addTable(110)) - using custom profile for table: validCerts
2019-09-05 08:28:46,373 [Thread-7228] INFO  db.DBStoreBuilder (DBStoreBuilder.java:processTables(161)) - Using default column profile:DBProfile.DISK for Table:validCerts
2019-09-05 08:28:46,373 [Thread-7228] INFO  db.DBStoreBuilder (DBStoreBuilder.java:addTable(110)) - using custom profile for table: revokedCerts
2019-09-05 08:28:46,373 [Thread-7228] INFO  db.DBStoreBuilder (DBStoreBuilder.java:processTables(161)) - Using default column profile:DBProfile.DISK for Table:revokedCerts
2019-09-05 08:28:46,373 [Thread-7228] INFO  db.DBStoreBuilder (DBStoreBuilder.java:addTable(110)) - using custom profile for table: default
2019-09-05 08:28:46,373 [Thread-7228] INFO  db.DBStoreBuilder (DBStoreBuilder.java:processTables(167)) - Using default column profile:DBProfile.DISK for Table:default
2019-09-05 08:28:46,373 [Thread-7228] INFO  db.DBStoreBuilder (DBStoreBuilder.java:getDbProfile(198)) - Using default options. DBProfile.DISK
2019-09-05 08:28:46,729 [Thread-7228] INFO  net.NodeSchemaLoader (NodeSchemaLoader.java:loadSchemaFromFile(125)) - Loading file from sun.misc.CompoundEnumeration@723ec802
2019-09-05 08:28:46,729 [Thread-7228] INFO  net.NodeSchemaLoader (NodeSchemaLoader.java:loadSchema(171)) - Loading network topology layer schema file
2019-09-05 08:28:46,733 [Thread-7228] WARN  server.ServerUtils (ServerUtils.java:sanitizeUserArgs(70)) - ozone.scm.stale.node.interval value = 300000 is larger than max = 100000 based on the key value of ozone.scm.heartbeat.thread.interval, reset to the max value 100000.
2019-09-05 08:28:46,734 [Thread-7228] WARN  server.ServerUtils (ServerUtils.java:sanitizeUserArgs(70)) - ozone.scm.stale.node.interval value = 300000 is larger than max = 100000 based on the key value of ozone.scm.heartbeat.thread.interval, reset to the max value 100000.
2019-09-05 08:28:46,734 [Thread-7228] INFO  node.SCMNodeManager (SCMNodeManager.java:<init>(121)) - Entering startup safe mode.
2019-09-05 08:28:46,734 [Thread-7228] INFO  algorithms.ContainerPlacementPolicyFactory (ContainerPlacementPolicyFactory.java:getPolicy(56)) - Create container placement policy of type org.apache.hadoop.hdds.scm.container.placement.algorithms.SCMContainerPlacementRandom
2019-09-05 08:28:46,735 [Thread-7228] WARN  server.ServerUtils (ServerUtils.java:getScmDbDir(145)) - ozone.scm.db.dirs is not configured. We recommend adding this setting. Falling back to ozone.metadata.dirs instead.
2019-09-05 08:28:46,844 [Thread-7228] INFO  pipeline.SCMPipelineManager (SCMPipelineManager.java:initializePipelineState(126)) - No pipeline exists in current db
2019-09-05 08:28:46,845 [Thread-7228] WARN  server.ServerUtils (ServerUtils.java:getScmDbDir(145)) - ozone.scm.db.dirs is not configured. We recommend adding this setting. Falling back to ozone.metadata.dirs instead.
2019-09-05 08:28:46,985 [Thread-7228] WARN  events.EventQueue (EventQueue.java:fireEvent(175)) - No event handler registered for event TypedEvent{payloadType=SafeModeStatus, name='SafeModeStatus'}
2019-09-05 08:28:46,986 [Thread-7228] INFO  ipc.CallQueueManager (CallQueueManager.java:<init>(84)) - Using callQueue: class java.util.concurrent.LinkedBlockingQueue, queueCapacity: 2000, scheduler: class org.apache.hadoop.ipc.DefaultRpcScheduler, ipcBackoff: false.
2019-09-05 08:28:46,987 [Socket Reader #1 for port 43195] INFO  ipc.Server (Server.java:run(1074)) - Starting Socket Reader #1 for port 43195
2019-09-05 08:28:46,991 [Thread-7228] INFO  ipc.CallQueueManager (CallQueueManager.java:<init>(84)) - Using callQueue: class java.util.concurrent.LinkedBlockingQueue, queueCapacity: 2000, scheduler: class org.apache.hadoop.ipc.DefaultRpcScheduler, ipcBackoff: false.
2019-09-05 08:28:46,992 [Socket Reader #1 for port 34062] INFO  ipc.Server (Server.java:run(1074)) - Starting Socket Reader #1 for port 34062
2019-09-05 08:28:46,995 [Thread-7228] INFO  ipc.CallQueueManager (CallQueueManager.java:<init>(84)) - Using callQueue: class java.util.concurrent.LinkedBlockingQueue, queueCapacity: 2000, scheduler: class org.apache.hadoop.ipc.DefaultRpcScheduler, ipcBackoff: false.
2019-09-05 08:28:46,995 [Socket Reader #1 for port 37169] INFO  ipc.Server (Server.java:run(1074)) - Starting Socket Reader #1 for port 37169
2019-09-05 08:28:47,000 [Thread-7228] INFO  hdfs.DFSUtil (DFSUtil.java:httpServerTemplateForNNAndJN(1641)) - Starting Web-server for scm at: http://0.0.0.0:0
2019-09-05 08:28:47,002 [Thread-7228] INFO  server.AuthenticationFilter (AuthenticationFilter.java:constructSecretProvider(240)) - Unable to initialize FileSignerSecretProvider, falling back to use random secrets.
2019-09-05 08:28:47,003 [Thread-7228] WARN  http.HttpRequestLog (HttpRequestLog.java:getRequestLog(97)) - Jetty request log can only be enabled using Log4j
2019-09-05 08:28:47,005 [Thread-7228] INFO  http.HttpServer2 (HttpServer2.java:addGlobalFilter(975)) - Added global filter 'safety' (class=org.apache.hadoop.http.HttpServer2$QuotingInputFilter)
2019-09-05 08:28:47,006 [Thread-7228] INFO  http.HttpServer2 (HttpServer2.java:addFilter(948)) - Added filter static_user_filter (class=org.apache.hadoop.http.lib.StaticUserWebFilter$StaticUserFilter) to context scm
2019-09-05 08:28:47,006 [Thread-7228] INFO  http.HttpServer2 (HttpServer2.java:addFilter(958)) - Added filter static_user_filter (class=org.apache.hadoop.http.lib.StaticUserWebFilter$StaticUserFilter) to context static
2019-09-05 08:28:47,006 [Thread-7228] INFO  http.HttpServer2 (HttpServer2.java:addFilter(958)) - Added filter static_user_filter (class=org.apache.hadoop.http.lib.StaticUserWebFilter$StaticUserFilter) to context logs
2019-09-05 08:28:47,008 [Thread-7228] INFO  server.StorageContainerManager (StorageContainerManager.java:start(759)) - StorageContainerLocationProtocol RPC server is listening at /0.0.0.0:37169
2019-09-05 08:28:47,012 [Thread-7228] WARN  impl.MetricsConfig (MetricsConfig.java:loadFirst(134)) - Cannot locate configuration: tried hadoop-metrics2-storagecontainermanager.properties,hadoop-metrics2.properties
2019-09-05 08:28:47,013 [Thread-7228] INFO  impl.MetricsSystemImpl (MetricsSystemImpl.java:startTimer(374)) - Scheduled Metric snapshot period at 10 second(s).
2019-09-05 08:28:47,013 [Thread-7228] INFO  impl.MetricsSystemImpl (MetricsSystemImpl.java:start(191)) - StorageContainerManager metrics system started
2019-09-05 08:28:47,443 [Thread-7228] INFO  server.SCMClientProtocolServer (SCMClientProtocolServer.java:start(151)) - RPC server for Client  is listening at /0.0.0.0:37169
2019-09-05 08:28:47,444 [IPC Server Responder] INFO  ipc.Server (Server.java:run(1314)) - IPC Server Responder: starting
2019-09-05 08:28:47,444 [IPC Server listener on 37169] INFO  ipc.Server (Server.java:run(1153)) - IPC Server listener on 37169: starting
2019-09-05 08:28:47,450 [Thread-7228] INFO  server.StorageContainerManager (StorageContainerManager.java:start(769)) - ScmBlockLocationProtocol RPC server is listening at /0.0.0.0:34062
2019-09-05 08:28:47,450 [Thread-7228] INFO  server.SCMBlockProtocolServer (SCMBlockProtocolServer.java:start(140)) - RPC server for Block Protocol is listening at /0.0.0.0:34062
2019-09-05 08:28:47,450 [IPC Server Responder] INFO  ipc.Server (Server.java:run(1314)) - IPC Server Responder: starting
2019-09-05 08:28:47,450 [IPC Server listener on 34062] INFO  ipc.Server (Server.java:run(1153)) - IPC Server listener on 34062: starting
2019-09-05 08:28:47,455 [Thread-7228] INFO  server.StorageContainerManager (StorageContainerManager.java:start(773)) - ScmDatanodeProtocl RPC server is listening at /0.0.0.0:43195
2019-09-05 08:28:47,455 [Thread-7228] INFO  server.SCMDatanodeProtocolServer (SCMDatanodeProtocolServer.java:start(191)) - RPC server for DataNodes is listening at /0.0.0.0:43195
2019-09-05 08:28:47,455 [IPC Server Responder] INFO  ipc.Server (Server.java:run(1314)) - IPC Server Responder: starting
2019-09-05 08:28:47,456 [IPC Server listener on 43195] INFO  ipc.Server (Server.java:run(1153)) - IPC Server listener on 43195: starting
2019-09-05 08:28:47,461 [Thread-7228] INFO  http.HttpServer2 (HttpServer2.java:bindListener(1191)) - Jetty bound to port 46828
2019-09-05 08:28:47,461 [Thread-7228] INFO  server.Server (Server.java:doStart(351)) - jetty-9.3.24.v20180605, build timestamp: 2018-06-05T17:11:56Z, git hash: 84205aa28f11a4f31f2a3b86d1bba2cc8ab69827
2019-09-05 08:28:47,462 [Thread-7228] INFO  handler.ContextHandler (ContextHandler.java:doStart(781)) - Started o.e.j.s.ServletContextHandler@2d1b8ab5{/logs,file:///workdir/hadoop-ozone/integration-test/target/log,AVAILABLE}
2019-09-05 08:28:47,463 [Thread-7228] INFO  handler.ContextHandler (ContextHandler.java:doStart(781)) - Started o.e.j.s.ServletContextHandler@6cf372c6{/static,file:///workdir/hadoop-ozone/integration-test/target/test-classes/webapps/static,AVAILABLE}
2019-09-05 08:28:47,466 [Thread-7228] INFO  handler.ContextHandler (ContextHandler.java:doStart(781)) - Started o.e.j.w.WebAppContext@bcec653{/,file:///workdir/hadoop-ozone/integration-test/target/test-classes/webapps/scm/,AVAILABLE}{/scm}
2019-09-05 08:28:47,466 [Thread-7228] INFO  server.AbstractConnector (AbstractConnector.java:doStart(278)) - Started ServerConnector@348e5bf{HTTP/1.1,[http/1.1]}{0.0.0.0:46828}
2019-09-05 08:28:47,469 [Thread-7228] INFO  server.Server (Server.java:doStart(419)) - Started @482318ms
2019-09-05 08:28:47,470 [Thread-7228] INFO  server.BaseHttpServer (BaseHttpServer.java:updateConnectorAddress(213)) - HTTP server of SCM is listening at http://0.0.0.0:46828
2019-09-05 08:28:47,472 [org.apache.hadoop.util.JvmPauseMonitor$Monitor@26cc0e29] INFO  util.JvmPauseMonitor (JvmPauseMonitor.java:run(188)) - Starting JVM pause monitor
2019-09-05 08:28:47,473 [Thread-7228] WARN  server.ServerUtils (ServerUtils.java:getDBPath(222)) - ozone.om.db.dirs is not configured. We recommend adding this setting. Falling back to ozone.metadata.dirs instead.
2019-09-05 08:28:47,495 [Thread-7228] WARN  server.ServerUtils (ServerUtils.java:getDBPath(222)) - ozone.om.db.dirs is not configured. We recommend adding this setting. Falling back to ozone.metadata.dirs instead.
2019-09-05 08:28:47,496 [Thread-7228] WARN  server.ServerUtils (ServerUtils.java:getDBPath(222)) - ozone.om.db.dirs is not configured. We recommend adding this setting. Falling back to ozone.metadata.dirs instead.
2019-09-05 08:28:47,496 [Thread-7228] INFO  om.OzoneManager (OzoneManager.java:setOMNodeSpecificConfigs(691)) - Setting configuration key ozone.om.http-address with value of key ozone.om.http-address.omNode-1: 127.0.0.1:13010
2019-09-05 08:28:47,496 [Thread-7228] INFO  om.OzoneManager (OzoneManager.java:setOMNodeSpecificConfigs(691)) - Setting configuration key ozone.om.https-address with value of key ozone.om.https-address.omNode-1: 127.0.0.1:13011
2019-09-05 08:28:47,497 [Thread-7228] INFO  om.OzoneManager (OzoneManager.java:loadOMHAConfigs(602)) - Found matching OM address with OMServiceId: om-service-test1, OMNodeId: omNode-1, RPC Address: localhost:13008 and Ratis port: 13012
2019-09-05 08:28:47,514 | INFO  | SCMAudit | user=jenkins1000 | ip=192.168.36.69 | op=GET_SCM_INFO null | ret=SUCCESS |  
2019-09-05 08:28:47,518 [Thread-7228] WARN  server.ServerUtils (ServerUtils.java:getDBPath(222)) - ozone.om.db.dirs is not configured. We recommend adding this setting. Falling back to ozone.metadata.dirs instead.
2019-09-05 08:28:47,518 [Thread-7228] INFO  db.DBStoreBuilder (DBStoreBuilder.java:addTable(110)) - using custom profile for table: userTable
2019-09-05 08:28:47,518 [Thread-7228] INFO  db.DBStoreBuilder (DBStoreBuilder.java:processTables(161)) - Using default column profile:DBProfile.DISK for Table:userTable
2019-09-05 08:28:47,518 [Thread-7228] INFO  db.DBStoreBuilder (DBStoreBuilder.java:addTable(110)) - using custom profile for table: volumeTable
2019-09-05 08:28:47,519 [Thread-7228] INFO  db.DBStoreBuilder (DBStoreBuilder.java:processTables(161)) - Using default column profile:DBProfile.DISK for Table:volumeTable
2019-09-05 08:28:47,519 [Thread-7228] INFO  db.DBStoreBuilder (DBStoreBuilder.java:addTable(110)) - using custom profile for table: bucketTable
2019-09-05 08:28:47,519 [Thread-7228] INFO  db.DBStoreBuilder (DBStoreBuilder.java:processTables(161)) - Using default column profile:DBProfile.DISK for Table:bucketTable
2019-09-05 08:28:47,519 [Thread-7228] INFO  db.DBStoreBuilder (DBStoreBuilder.java:addTable(110)) - using custom profile for table: keyTable
2019-09-05 08:28:47,519 [Thread-7228] INFO  db.DBStoreBuilder (DBStoreBuilder.java:processTables(161)) - Using default column profile:DBProfile.DISK for Table:keyTable
2019-09-05 08:28:47,519 [Thread-7228] INFO  db.DBStoreBuilder (DBStoreBuilder.java:addTable(110)) - using custom profile for table: deletedTable
2019-09-05 08:28:47,519 [Thread-7228] INFO  db.DBStoreBuilder (DBStoreBuilder.java:processTables(161)) - Using default column profile:DBProfile.DISK for Table:deletedTable
2019-09-05 08:28:47,520 [Thread-7228] INFO  db.DBStoreBuilder (DBStoreBuilder.java:addTable(110)) - using custom profile for table: openKeyTable
2019-09-05 08:28:47,520 [Thread-7228] INFO  db.DBStoreBuilder (DBStoreBuilder.java:processTables(161)) - Using default column profile:DBProfile.DISK for Table:openKeyTable
2019-09-05 08:28:47,520 [Thread-7228] INFO  db.DBStoreBuilder (DBStoreBuilder.java:addTable(110)) - using custom profile for table: s3Table
2019-09-05 08:28:47,520 [Thread-7228] INFO  db.DBStoreBuilder (DBStoreBuilder.java:processTables(161)) - Using default column profile:DBProfile.DISK for Table:s3Table
2019-09-05 08:28:47,520 [Thread-7228] INFO  db.DBStoreBuilder (DBStoreBuilder.java:addTable(110)) - using custom profile for table: multipartInfoTable
2019-09-05 08:28:47,520 [Thread-7228] INFO  db.DBStoreBuilder (DBStoreBuilder.java:processTables(161)) - Using default column profile:DBProfile.DISK for Table:multipartInfoTable
2019-09-05 08:28:47,521 [Thread-7228] INFO  db.DBStoreBuilder (DBStoreBuilder.java:addTable(110)) - using custom profile for table: dTokenTable
2019-09-05 08:28:47,521 [Thread-7228] INFO  db.DBStoreBuilder (DBStoreBuilder.java:processTables(161)) - Using default column profile:DBProfile.DISK for Table:dTokenTable
2019-09-05 08:28:47,521 [Thread-7228] INFO  db.DBStoreBuilder (DBStoreBuilder.java:addTable(110)) - using custom profile for table: s3SecretTable
2019-09-05 08:28:47,521 [Thread-7228] INFO  db.DBStoreBuilder (DBStoreBuilder.java:processTables(161)) - Using default column profile:DBProfile.DISK for Table:s3SecretTable
2019-09-05 08:28:47,521 [Thread-7228] INFO  db.DBStoreBuilder (DBStoreBuilder.java:addTable(110)) - using custom profile for table: prefixTable
2019-09-05 08:28:47,521 [Thread-7228] INFO  db.DBStoreBuilder (DBStoreBuilder.java:processTables(161)) - Using default column profile:DBProfile.DISK for Table:prefixTable
2019-09-05 08:28:47,521 [Thread-7228] INFO  db.DBStoreBuilder (DBStoreBuilder.java:addTable(110)) - using custom profile for table: default
2019-09-05 08:28:47,522 [Thread-7228] INFO  db.DBStoreBuilder (DBStoreBuilder.java:processTables(167)) - Using default column profile:DBProfile.DISK for Table:default
2019-09-05 08:28:47,522 [Thread-7228] INFO  db.DBStoreBuilder (DBStoreBuilder.java:getDbProfile(198)) - Using default options. DBProfile.DISK
2019-09-05 08:28:48,427 [Thread-7228] WARN  scm.HddsServerUtil (HddsServerUtil.java:getDefaultRatisDirectory(354)) - Storage directory for Ratis is not configured. It is a good idea to map this to an SSD disk. Falling back to ozone.metadata.dirs
2019-09-05 08:28:48,431 [KeyDeletingService#0] WARN  utils.BackgroundService (BackgroundService.java:lambda$run$0(135)) - Background task fails to execute, retrying in next interval
java.util.concurrent.ExecutionException: java.lang.NullPointerException
	at java.util.concurrent.FutureTask.report(FutureTask.java:122)
	at java.util.concurrent.FutureTask.get(FutureTask.java:206)
	at org.apache.hadoop.utils.BackgroundService$PeriodicalTask.lambda$run$0(BackgroundService.java:129)
	at java.util.stream.ForEachOps$ForEachOp$OfRef.accept(ForEachOps.java:184)
	at java.util.ArrayList$ArrayListSpliterator.forEachRemaining(ArrayList.java:1382)
	at java.util.stream.AbstractPipeline.copyInto(AbstractPipeline.java:482)
	at java.util.stream.ForEachOps$ForEachTask.compute(ForEachOps.java:291)
	at java.util.concurrent.CountedCompleter.exec(CountedCompleter.java:731)
	at java.util.concurrent.ForkJoinTask.doExec(ForkJoinTask.java:289)
	at java.util.concurrent.ForkJoinTask.doInvoke(ForkJoinTask.java:401)
	at java.util.concurrent.ForkJoinTask.invoke(ForkJoinTask.java:734)
	at java.util.stream.ForEachOps$ForEachOp.evaluateParallel(ForEachOps.java:160)
	at java.util.stream.ForEachOps$ForEachOp$OfRef.evaluateParallel(ForEachOps.java:174)
	at java.util.stream.AbstractPipeline.evaluate(AbstractPipeline.java:233)
	at java.util.stream.ReferencePipeline.forEach(ReferencePipeline.java:418)
	at java.util.stream.ReferencePipeline$Head.forEach(ReferencePipeline.java:583)
	at org.apache.hadoop.utils.BackgroundService$PeriodicalTask.run(BackgroundService.java:125)
	at java.util.concurrent.Executors$RunnableAdapter.call(Executors.java:511)
	at java.util.concurrent.FutureTask.runAndReset(FutureTask.java:308)
	at java.util.concurrent.ScheduledThreadPoolExecutor$ScheduledFutureTask.access$301(ScheduledThreadPoolExecutor.java:180)
	at java.util.concurrent.ScheduledThreadPoolExecutor$ScheduledFutureTask.run(ScheduledThreadPoolExecutor.java:294)
	at java.util.concurrent.ThreadPoolExecutor.runWorker(ThreadPoolExecutor.java:1149)
	at java.util.concurrent.ThreadPoolExecutor$Worker.run(ThreadPoolExecutor.java:624)
	at java.lang.Thread.run(Thread.java:748)
Caused by: java.lang.NullPointerException
	at org.apache.hadoop.ozone.om.OzoneManager.isLeader(OzoneManager.java:3406)
	at org.apache.hadoop.ozone.om.KeyDeletingService.shouldRun(KeyDeletingService.java:120)
	at org.apache.hadoop.ozone.om.KeyDeletingService.access$100(KeyDeletingService.java:58)
	at org.apache.hadoop.ozone.om.KeyDeletingService$KeyDeletingTask.call(KeyDeletingService.java:149)
	at org.apache.hadoop.ozone.om.KeyDeletingService$KeyDeletingTask.call(KeyDeletingService.java:137)
	at java.util.concurrent.FutureTask.run(FutureTask.java:266)
	at java.util.concurrent.Executors$RunnableAdapter.call(Executors.java:511)
	at java.util.concurrent.FutureTask.run(FutureTask.java:266)
	at java.util.concurrent.Executors$RunnableAdapter.call(Executors.java:511)
	at java.util.concurrent.FutureTask.run(FutureTask.java:266)
	at java.util.concurrent.ScheduledThreadPoolExecutor$ScheduledFutureTask.access$201(ScheduledThreadPoolExecutor.java:180)
	at java.util.concurrent.ScheduledThreadPoolExecutor$ScheduledFutureTask.run(ScheduledThreadPoolExecutor.java:293)
	... 3 more
2019-09-05 08:28:48,431 [Thread-7228] INFO  ratis.OzoneManagerRatisServer (OzoneManagerRatisServer.java:<init>(241)) - Instantiating OM Ratis server with GroupID: om-service-test1 and Raft Peers: localhost:13012, localhost:13018, localhost:13024
2019-09-05 08:28:48,434 [Thread-7228] INFO  impl.RaftServerProxy (ConfUtils.java:logGet(43)) - raft.rpc.type = GRPC (default)
2019-09-05 08:28:48,434 [Thread-7228] INFO  grpc.GrpcFactory (GrpcFactory.java:checkPooledByteBufAllocatorUseCacheForAllThreads(45)) - PERFORMANCE WARNING: useCacheForAllThreads is true that may cause Netty to create a lot garbage objects and, as a result, trigger GC.
	It is recommended to disable useCacheForAllThreads by setting -Dorg.apache.ratis.thirdparty.io.netty.allocator.useCacheForAllThreads=false in command line.
2019-09-05 08:28:48,434 [Thread-7228] INFO  grpc.GrpcConfigKeys$Server (ConfUtils.java:logGet(43)) - raft.grpc.server.port = 13012 (custom)
2019-09-05 08:28:48,434 [Thread-7228] INFO  server.GrpcService (ConfUtils.java:logGet(43)) - raft.grpc.message.size.max = 33554432 (custom)
2019-09-05 08:28:48,435 [Thread-7228] INFO  server.RaftServerConfigKeys (ConfUtils.java:logGet(43)) - raft.server.log.appender.buffer.byte-limit = 33554432 (custom)
2019-09-05 08:28:48,435 [Thread-7228] INFO  server.GrpcService (ConfUtils.java:logGet(43)) - raft.grpc.flow.control.window = 1MB (=1048576) (default)
2019-09-05 08:28:48,435 [Thread-7228] INFO  server.RaftServerConfigKeys (ConfUtils.java:logGet(43)) - raft.server.rpc.request.timeout = 3000ms (default)
2019-09-05 08:28:48,435 [Thread-7228] INFO  server.RaftServerConfigKeys (ConfUtils.java:logGet(43)) - raft.server.storage.dir = [/workdir/hadoop-ozone/integration-test/target/test-dir/MiniOzoneClusterImpl-e0d84eed-451a-4624-af13-1b9bd6e78dbd/omNode-1/ratis] (custom)
2019-09-05 08:28:48,436 [Thread-7228] INFO  impl.RaftServerProxy (RaftServerProxy.java:addNew(89)) - omNode-1: addNew group-523986131536:[omNode-3:localhost:13024, omNode-1:localhost:13012, omNode-2:localhost:13018] returns group-523986131536:java.util.concurrent.CompletableFuture@d17c4fa[Not completed]
2019-09-05 08:28:48,436 [pool-1495-thread-1] INFO  impl.RaftServerImpl (RaftServerImpl.java:<init>(93)) - omNode-1: new RaftServerImpl for group-523986131536:[omNode-3:localhost:13024, omNode-1:localhost:13012, omNode-2:localhost:13018] with OzoneManagerStateMachine:uninitialized
2019-09-05 08:28:48,436 [Thread-7228] INFO  om.OzoneManager (OzoneManager.java:initializeRatisServer(1398)) - OzoneManager Ratis server initialized at port 13012
2019-09-05 08:28:48,436 [pool-1495-thread-1] INFO  server.RaftServerConfigKeys (ConfUtils.java:logGet(43)) - raft.server.rpc.timeout.min = 1s (custom)
2019-09-05 08:28:48,436 [Thread-7228] WARN  scm.HddsServerUtil (HddsServerUtil.java:getDefaultRatisDirectory(354)) - Storage directory for Ratis is not configured. It is a good idea to map this to an SSD disk. Falling back to ozone.metadata.dirs
2019-09-05 08:28:48,436 [pool-1495-thread-1] INFO  server.RaftServerConfigKeys (ConfUtils.java:logGet(43)) - raft.server.rpc.timeout.max = 1200ms (custom)
2019-09-05 08:28:48,436 [Thread-7228] WARN  scm.HddsServerUtil (HddsServerUtil.java:getDefaultRatisDirectory(354)) - Storage directory for Ratis is not configured. It is a good idea to map this to an SSD disk. Falling back to ozone.metadata.dirs
2019-09-05 08:28:48,436 [pool-1495-thread-1] INFO  server.RaftServerConfigKeys (ConfUtils.java:logGet(43)) - raft.server.rpcslowness.timeout = 2s (custom)
2019-09-05 08:28:48,436 [pool-1495-thread-1] INFO  server.RaftServerConfigKeys (ConfUtils.java:logGet(43)) - raft.server.sleep.deviation.threshold = 300 (default)
2019-09-05 08:28:48,436 [Thread-7228] INFO  snapshot.OzoneManagerSnapshotProvider (OzoneManagerSnapshotProvider.java:<init>(81)) - Initializing OM Snapshot Provider
2019-09-05 08:28:48,437 [pool-1495-thread-1] INFO  server.RaftServerConfigKeys (ConfUtils.java:logGet(43)) - raft.server.log.appender.install.snapshot.enabled = false (custom)
2019-09-05 08:28:48,437 [pool-1495-thread-1] INFO  impl.RaftServerImpl (ServerState.java:<init>(105)) - omNode-1:group-523986131536 ConfigurationManager, init=-1: [omNode-3:localhost:13024, omNode-1:localhost:13012, omNode-2:localhost:13018], old=null, confs=<EMPTY_MAP>
2019-09-05 08:28:48,437 [pool-1495-thread-1] INFO  server.RaftServerConfigKeys (ConfUtils.java:logGet(43)) - raft.server.storage.dir = [/workdir/hadoop-ozone/integration-test/target/test-dir/MiniOzoneClusterImpl-e0d84eed-451a-4624-af13-1b9bd6e78dbd/omNode-1/ratis] (custom)
2019-09-05 08:28:48,437 [pool-1495-thread-1] INFO  storage.RaftStorageDirectory (RaftStorageDirectory.java:analyzeStorage(246)) - The storage directory /workdir/hadoop-ozone/integration-test/target/test-dir/MiniOzoneClusterImpl-e0d84eed-451a-4624-af13-1b9bd6e78dbd/omNode-1/ratis/c9bc4cf4-3bc3-3c60-a66b-523986131536 does not exist. Creating ...
2019-09-05 08:28:48,438 [Thread-7228] INFO  ipc.CallQueueManager (CallQueueManager.java:<init>(84)) - Using callQueue: class java.util.concurrent.LinkedBlockingQueue, queueCapacity: 2000, scheduler: class org.apache.hadoop.ipc.DefaultRpcScheduler, ipcBackoff: false.
2019-09-05 08:28:48,438 [Socket Reader #1 for port 13008] INFO  ipc.Server (Server.java:run(1074)) - Starting Socket Reader #1 for port 13008
2019-09-05 08:28:48,454 [Thread-7228] INFO  om.OzoneManager (OzoneManager.java:start(1256)) - OzoneManager RPC server is listening at localhost/127.0.0.1:13008
2019-09-05 08:28:48,454 [Thread-7228] INFO  impl.MetricsSystemImpl (MetricsSystemImpl.java:init(158)) - OzoneManager metrics system started (again)
2019-09-05 08:28:48,455 [Thread-7228] INFO  ratis.OzoneManagerRatisServer (OzoneManagerRatisServer.java:start(331)) - Starting OzoneManagerRatisServer omNode-1 at port 13012
2019-09-05 08:28:48,463 [pool-1495-thread-1] INFO  storage.RaftStorageDirectory (RaftStorageDirectory.java:tryLock(328)) - Lock on /workdir/hadoop-ozone/integration-test/target/test-dir/MiniOzoneClusterImpl-e0d84eed-451a-4624-af13-1b9bd6e78dbd/omNode-1/ratis/c9bc4cf4-3bc3-3c60-a66b-523986131536/in_use.lock acquired by nodename 23500@pr-hdds-1571-lfg7x-4139639749
2019-09-05 08:28:48,505 [pool-1495-thread-1] INFO  storage.RaftStorage (RaftStorage.java:format(72)) - Storage directory /workdir/hadoop-ozone/integration-test/target/test-dir/MiniOzoneClusterImpl-e0d84eed-451a-4624-af13-1b9bd6e78dbd/omNode-1/ratis/c9bc4cf4-3bc3-3c60-a66b-523986131536 has been successfully formatted.
2019-09-05 08:28:48,505 [pool-1495-thread-1] INFO  server.RaftServerConfigKeys (ConfUtils.java:logGet(43)) - raft.server.leader.election.timeout = 2s (custom)
2019-09-05 08:28:48,505 [pool-1495-thread-1] INFO  server.RaftServerConfigKeys (ConfUtils.java:logGet(43)) - raft.server.log.use.memory = false (default)
2019-09-05 08:28:48,505 [pool-1495-thread-1] INFO  server.RaftServerConfigKeys (ConfUtils.java:logGet(43)) - raft.server.log.purge.gap = 50 (custom)
2019-09-05 08:28:48,506 [pool-1495-thread-1] INFO  server.RaftServerConfigKeys (ConfUtils.java:logGet(43)) - raft.server.log.appender.buffer.byte-limit = 33554432 (custom)
2019-09-05 08:28:48,506 [pool-1495-thread-1] INFO  server.RaftServerConfigKeys (ConfUtils.java:logGet(43)) - raft.server.log.segment.size.max = 16384 (custom)
2019-09-05 08:28:48,506 [pool-1495-thread-1] INFO  server.RaftServerConfigKeys (ConfUtils.java:logGet(43)) - raft.server.log.segment.cache.num.max = 2 (custom)
2019-09-05 08:28:48,506 [pool-1495-thread-1] INFO  segmented.SegmentedRaftLogWorker (SegmentedRaftLogWorker.java:<init>(172)) - new omNode-1-SegmentedRaftLogWorker:Storage Directory /workdir/hadoop-ozone/integration-test/target/test-dir/MiniOzoneClusterImpl-e0d84eed-451a-4624-af13-1b9bd6e78dbd/omNode-1/ratis/c9bc4cf4-3bc3-3c60-a66b-523986131536 for RaftStorage:Storage Directory /workdir/hadoop-ozone/integration-test/target/test-dir/MiniOzoneClusterImpl-e0d84eed-451a-4624-af13-1b9bd6e78dbd/omNode-1/ratis/c9bc4cf4-3bc3-3c60-a66b-523986131536
2019-09-05 08:28:48,506 [pool-1495-thread-1] INFO  server.RaftServerConfigKeys (ConfUtils.java:logGet(43)) - raft.server.log.queue.byte-limit = 64MB (=67108864) (default)
2019-09-05 08:28:48,507 [pool-1495-thread-1] INFO  server.RaftServerConfigKeys (ConfUtils.java:logGet(43)) - raft.server.log.queue.element-limit = 4096 (default)
2019-09-05 08:28:48,507 [pool-1495-thread-1] INFO  server.RaftServerConfigKeys (ConfUtils.java:logGet(43)) - raft.server.log.segment.size.max = 16384 (custom)
2019-09-05 08:28:48,507 [pool-1495-thread-1] INFO  server.RaftServerConfigKeys (ConfUtils.java:logGet(43)) - raft.server.log.preallocated.size = 16384 (custom)
2019-09-05 08:28:48,507 [pool-1495-thread-1] INFO  server.RaftServerConfigKeys (ConfUtils.java:logGet(43)) - raft.server.log.write.buffer.size = 64KB (=65536) (default)
2019-09-05 08:28:48,507 [pool-1495-thread-1] INFO  server.RaftServerConfigKeys (ConfUtils.java:logGet(43)) - raft.server.log.force.sync.num = 128 (default)
2019-09-05 08:28:48,507 [pool-1495-thread-1] INFO  server.RaftServerConfigKeys (ConfUtils.java:logGet(43)) - raft.server.log.statemachine.data.sync = true (default)
2019-09-05 08:28:48,508 [pool-1495-thread-1] INFO  server.RaftServerConfigKeys (ConfUtils.java:logGet(43)) - raft.server.log.statemachine.data.sync.timeout = 10s (default)
2019-09-05 08:28:48,508 [pool-1495-thread-1] INFO  server.RaftServerConfigKeys (ConfUtils.java:logGet(43)) - raft.server.log.statemachine.data.sync.timeout.retry = -1 (default)
2019-09-05 08:28:48,508 [pool-1495-thread-1] INFO  server.RaftServerConfigKeys (ConfUtils.java:logGet(43)) - raft.server.log.statemachine.data.caching.enabled = false (default)
2019-09-05 08:28:48,508 [pool-1495-thread-1] INFO  segmented.SegmentedRaftLogWorker (SegmentedRaftLogWorker.java:lambda$new$0(132)) - omNode-1-SegmentedRaftLogWorker:Storage Directory /workdir/hadoop-ozone/integration-test/target/test-dir/MiniOzoneClusterImpl-e0d84eed-451a-4624-af13-1b9bd6e78dbd/omNode-1/ratis/c9bc4cf4-3bc3-3c60-a66b-523986131536: flushIndex: setUnconditionally 0 -> -1
2019-09-05 08:28:48,509 [pool-1495-thread-1] INFO  server.RaftServerConfigKeys (ConfUtils.java:logGet(43)) - raft.server.snapshot.auto.trigger.enabled = true (custom)
2019-09-05 08:28:48,509 [pool-1495-thread-1] INFO  server.RaftServerConfigKeys (ConfUtils.java:logGet(43)) - raft.server.snapshot.auto.trigger.threshold = 50 (custom)
2019-09-05 08:28:48,509 [pool-1495-thread-1] INFO  server.RaftServerConfigKeys (ConfUtils.java:logGet(43)) - raft.server.retrycache.expirytime = 600000ms (custom)
2019-09-05 08:28:48,509 [Thread-7228] INFO  impl.RaftServerImpl (RaftServerImpl.java:start(180)) - omNode-1: start group-523986131536
2019-09-05 08:28:48,513 [Thread-7228] INFO  impl.RaftServerImpl (RaftServerImpl.java:setRole(171)) - omNode-1:group-523986131536 changes role from null to FOLLOWER at term 0 for startAsFollower
2019-09-05 08:28:48,513 [Thread-7228] INFO  impl.RoleInfo (RoleInfo.java:updateAndGet(143)) - omNode-1: start FollowerState
2019-09-05 08:28:48,514 [Thread-7228] INFO  util.JmxRegister (JmxRegister.java:tryRegister(44)) - Successfully registered JMX Bean with object name Ratis:service=RaftServer,group=group-523986131536,id=omNode-1
2019-09-05 08:28:48,514 [Thread-7228] INFO  impl.RaftServerProxy (RaftServerProxy.java:lambda$start$3(299)) - omNode-1: start RPC server
2019-09-05 08:28:48,516 [Thread-7228] INFO  server.GrpcService (GrpcService.java:startImpl(149)) - omNode-1: GrpcService started, listening on 0.0.0.0/0.0.0.0:13012
2019-09-05 08:28:48,517 [IPC Server Responder] INFO  ipc.Server (Server.java:run(1314)) - IPC Server Responder: starting
2019-09-05 08:28:48,517 [IPC Server listener on 13008] INFO  ipc.Server (Server.java:run(1153)) - IPC Server listener on 13008: starting
2019-09-05 08:28:48,527 [Thread-7228] INFO  hdfs.DFSUtil (DFSUtil.java:httpServerTemplateForNNAndJN(1641)) - Starting Web-server for ozoneManager at: http://0.0.0.0:13010
2019-09-05 08:28:48,528 [Thread-7228] INFO  server.AuthenticationFilter (AuthenticationFilter.java:constructSecretProvider(240)) - Unable to initialize FileSignerSecretProvider, falling back to use random secrets.
2019-09-05 08:28:48,529 [Thread-7228] WARN  http.HttpRequestLog (HttpRequestLog.java:getRequestLog(97)) - Jetty request log can only be enabled using Log4j
2019-09-05 08:28:48,531 [Thread-7228] INFO  http.HttpServer2 (HttpServer2.java:addGlobalFilter(975)) - Added global filter 'safety' (class=org.apache.hadoop.http.HttpServer2$QuotingInputFilter)
2019-09-05 08:28:48,532 [Thread-7228] INFO  http.HttpServer2 (HttpServer2.java:addFilter(948)) - Added filter static_user_filter (class=org.apache.hadoop.http.lib.StaticUserWebFilter$StaticUserFilter) to context ozoneManager
2019-09-05 08:28:48,532 [Thread-7228] INFO  http.HttpServer2 (HttpServer2.java:addFilter(958)) - Added filter static_user_filter (class=org.apache.hadoop.http.lib.StaticUserWebFilter$StaticUserFilter) to context logs
2019-09-05 08:28:48,532 [Thread-7228] INFO  http.HttpServer2 (HttpServer2.java:addFilter(958)) - Added filter static_user_filter (class=org.apache.hadoop.http.lib.StaticUserWebFilter$StaticUserFilter) to context static
2019-09-05 08:28:48,533 [Thread-7228] INFO  http.HttpServer2 (HttpServer2.java:bindListener(1191)) - Jetty bound to port 13010
2019-09-05 08:28:48,533 [Thread-7228] INFO  server.Server (Server.java:doStart(351)) - jetty-9.3.24.v20180605, build timestamp: 2018-06-05T17:11:56Z, git hash: 84205aa28f11a4f31f2a3b86d1bba2cc8ab69827
2019-09-05 08:28:48,535 [Thread-7228] INFO  handler.ContextHandler (ContextHandler.java:doStart(781)) - Started o.e.j.s.ServletContextHandler@5f518ae3{/logs,file:///workdir/hadoop-ozone/integration-test/target/log,AVAILABLE}
2019-09-05 08:28:48,536 [Thread-7228] INFO  handler.ContextHandler (ContextHandler.java:doStart(781)) - Started o.e.j.s.ServletContextHandler@566f05d0{/static,file:///workdir/hadoop-ozone/integration-test/target/test-classes/webapps/static,AVAILABLE}
2019-09-05 08:28:48,540 [Thread-7228] INFO  handler.ContextHandler (ContextHandler.java:doStart(781)) - Started o.e.j.w.WebAppContext@35796d98{/,file:///workdir/hadoop-ozone/integration-test/target/test-classes/webapps/ozoneManager/,AVAILABLE}{/ozoneManager}
2019-09-05 08:28:48,541 [Thread-7228] INFO  server.AbstractConnector (AbstractConnector.java:doStart(278)) - Started ServerConnector@36a2a19e{HTTP/1.1,[http/1.1]}{0.0.0.0:13010}
2019-09-05 08:28:48,543 [Thread-7228] INFO  server.Server (Server.java:doStart(419)) - Started @483394ms
2019-09-05 08:28:48,543 [Thread-7228] INFO  server.BaseHttpServer (BaseHttpServer.java:updateConnectorAddress(213)) - HTTP server of OZONEMANAGER is listening at http://0.0.0.0:13010
2019-09-05 08:28:48,544 [Thread-7228] INFO  ozone.MiniOzoneHAClusterImpl (MiniOzoneHAClusterImpl.java:createOMService(259)) - Started OzoneManager RPC server at localhost/127.0.0.1:13008
2019-09-05 08:28:48,544 [Thread-7228] WARN  server.ServerUtils (ServerUtils.java:getDBPath(222)) - ozone.om.db.dirs is not configured. We recommend adding this setting. Falling back to ozone.metadata.dirs instead.
2019-09-05 08:28:48,572 [Thread-7228] WARN  server.ServerUtils (ServerUtils.java:getDBPath(222)) - ozone.om.db.dirs is not configured. We recommend adding this setting. Falling back to ozone.metadata.dirs instead.
2019-09-05 08:28:48,572 [Thread-7228] WARN  server.ServerUtils (ServerUtils.java:getDBPath(222)) - ozone.om.db.dirs is not configured. We recommend adding this setting. Falling back to ozone.metadata.dirs instead.
2019-09-05 08:28:48,573 [Thread-7228] INFO  om.OzoneManager (OzoneManager.java:setOMNodeSpecificConfigs(691)) - Setting configuration key ozone.om.http-address with value of key ozone.om.http-address.omNode-2: 127.0.0.1:13016
2019-09-05 08:28:48,573 [Thread-7228] INFO  om.OzoneManager (OzoneManager.java:setOMNodeSpecificConfigs(691)) - Setting configuration key ozone.om.https-address with value of key ozone.om.https-address.omNode-2: 127.0.0.1:13017
2019-09-05 08:28:48,573 [Thread-7228] INFO  om.OzoneManager (OzoneManager.java:loadOMHAConfigs(602)) - Found matching OM address with OMServiceId: om-service-test1, OMNodeId: omNode-2, RPC Address: localhost:13014 and Ratis port: 13018
2019-09-05 08:28:48,578 | INFO  | SCMAudit | user=jenkins1000 | ip=192.168.36.69 | op=GET_SCM_INFO null | ret=SUCCESS |  
2019-09-05 08:28:48,583 [Thread-7228] WARN  server.ServerUtils (ServerUtils.java:getDBPath(222)) - ozone.om.db.dirs is not configured. We recommend adding this setting. Falling back to ozone.metadata.dirs instead.
2019-09-05 08:28:48,584 [Thread-7228] INFO  db.DBStoreBuilder (DBStoreBuilder.java:addTable(110)) - using custom profile for table: userTable
2019-09-05 08:28:48,584 [Thread-7228] INFO  db.DBStoreBuilder (DBStoreBuilder.java:processTables(161)) - Using default column profile:DBProfile.DISK for Table:userTable
2019-09-05 08:28:48,584 [Thread-7228] INFO  db.DBStoreBuilder (DBStoreBuilder.java:addTable(110)) - using custom profile for table: volumeTable
2019-09-05 08:28:48,584 [Thread-7228] INFO  db.DBStoreBuilder (DBStoreBuilder.java:processTables(161)) - Using default column profile:DBProfile.DISK for Table:volumeTable
2019-09-05 08:28:48,584 [Thread-7228] INFO  db.DBStoreBuilder (DBStoreBuilder.java:addTable(110)) - using custom profile for table: bucketTable
2019-09-05 08:28:48,584 [Thread-7228] INFO  db.DBStoreBuilder (DBStoreBuilder.java:processTables(161)) - Using default column profile:DBProfile.DISK for Table:bucketTable
2019-09-05 08:28:48,585 [Thread-7228] INFO  db.DBStoreBuilder (DBStoreBuilder.java:addTable(110)) - using custom profile for table: keyTable
2019-09-05 08:28:48,585 [Thread-7228] INFO  db.DBStoreBuilder (DBStoreBuilder.java:processTables(161)) - Using default column profile:DBProfile.DISK for Table:keyTable
2019-09-05 08:28:48,585 [Thread-7228] INFO  db.DBStoreBuilder (DBStoreBuilder.java:addTable(110)) - using custom profile for table: deletedTable
2019-09-05 08:28:48,585 [Thread-7228] INFO  db.DBStoreBuilder (DBStoreBuilder.java:processTables(161)) - Using default column profile:DBProfile.DISK for Table:deletedTable
2019-09-05 08:28:48,585 [Thread-7228] INFO  db.DBStoreBuilder (DBStoreBuilder.java:addTable(110)) - using custom profile for table: openKeyTable
2019-09-05 08:28:48,585 [Thread-7228] INFO  db.DBStoreBuilder (DBStoreBuilder.java:processTables(161)) - Using default column profile:DBProfile.DISK for Table:openKeyTable
2019-09-05 08:28:48,585 [Thread-7228] INFO  db.DBStoreBuilder (DBStoreBuilder.java:addTable(110)) - using custom profile for table: s3Table
2019-09-05 08:28:48,586 [Thread-7228] INFO  db.DBStoreBuilder (DBStoreBuilder.java:processTables(161)) - Using default column profile:DBProfile.DISK for Table:s3Table
2019-09-05 08:28:48,586 [Thread-7228] INFO  db.DBStoreBuilder (DBStoreBuilder.java:addTable(110)) - using custom profile for table: multipartInfoTable
2019-09-05 08:28:48,586 [Thread-7228] INFO  db.DBStoreBuilder (DBStoreBuilder.java:processTables(161)) - Using default column profile:DBProfile.DISK for Table:multipartInfoTable
2019-09-05 08:28:48,586 [Thread-7228] INFO  db.DBStoreBuilder (DBStoreBuilder.java:addTable(110)) - using custom profile for table: dTokenTable
2019-09-05 08:28:48,586 [Thread-7228] INFO  db.DBStoreBuilder (DBStoreBuilder.java:processTables(161)) - Using default column profile:DBProfile.DISK for Table:dTokenTable
2019-09-05 08:28:48,586 [Thread-7228] INFO  db.DBStoreBuilder (DBStoreBuilder.java:addTable(110)) - using custom profile for table: s3SecretTable
2019-09-05 08:28:48,586 [Thread-7228] INFO  db.DBStoreBuilder (DBStoreBuilder.java:processTables(161)) - Using default column profile:DBProfile.DISK for Table:s3SecretTable
2019-09-05 08:28:48,587 [Thread-7228] INFO  db.DBStoreBuilder (DBStoreBuilder.java:addTable(110)) - using custom profile for table: prefixTable
2019-09-05 08:28:48,587 [Thread-7228] INFO  db.DBStoreBuilder (DBStoreBuilder.java:processTables(161)) - Using default column profile:DBProfile.DISK for Table:prefixTable
2019-09-05 08:28:48,587 [Thread-7228] INFO  db.DBStoreBuilder (DBStoreBuilder.java:addTable(110)) - using custom profile for table: default
2019-09-05 08:28:48,587 [Thread-7228] INFO  db.DBStoreBuilder (DBStoreBuilder.java:processTables(167)) - Using default column profile:DBProfile.DISK for Table:default
2019-09-05 08:28:48,587 [Thread-7228] INFO  db.DBStoreBuilder (DBStoreBuilder.java:getDbProfile(198)) - Using default options. DBProfile.DISK
2019-09-05 08:28:49,423 [Thread-7228] WARN  scm.HddsServerUtil (HddsServerUtil.java:getDefaultRatisDirectory(354)) - Storage directory for Ratis is not configured. It is a good idea to map this to an SSD disk. Falling back to ozone.metadata.dirs
2019-09-05 08:28:49,427 [KeyDeletingService#0] WARN  utils.BackgroundService (BackgroundService.java:lambda$run$0(135)) - Background task fails to execute, retrying in next interval
java.util.concurrent.ExecutionException: java.lang.NullPointerException
	at java.util.concurrent.FutureTask.report(FutureTask.java:122)
	at java.util.concurrent.FutureTask.get(FutureTask.java:206)
	at org.apache.hadoop.utils.BackgroundService$PeriodicalTask.lambda$run$0(BackgroundService.java:129)
	at java.util.stream.ForEachOps$ForEachOp$OfRef.accept(ForEachOps.java:184)
	at java.util.ArrayList$ArrayListSpliterator.forEachRemaining(ArrayList.java:1382)
	at java.util.stream.AbstractPipeline.copyInto(AbstractPipeline.java:482)
	at java.util.stream.ForEachOps$ForEachTask.compute(ForEachOps.java:291)
	at java.util.concurrent.CountedCompleter.exec(CountedCompleter.java:731)
	at java.util.concurrent.ForkJoinTask.doExec(ForkJoinTask.java:289)
	at java.util.concurrent.ForkJoinTask.doInvoke(ForkJoinTask.java:401)
	at java.util.concurrent.ForkJoinTask.invoke(ForkJoinTask.java:734)
	at java.util.stream.ForEachOps$ForEachOp.evaluateParallel(ForEachOps.java:160)
	at java.util.stream.ForEachOps$ForEachOp$OfRef.evaluateParallel(ForEachOps.java:174)
	at java.util.stream.AbstractPipeline.evaluate(AbstractPipeline.java:233)
	at java.util.stream.ReferencePipeline.forEach(ReferencePipeline.java:418)
	at java.util.stream.ReferencePipeline$Head.forEach(ReferencePipeline.java:583)
	at org.apache.hadoop.utils.BackgroundService$PeriodicalTask.run(BackgroundService.java:125)
	at java.util.concurrent.Executors$RunnableAdapter.call(Executors.java:511)
	at java.util.concurrent.FutureTask.runAndReset(FutureTask.java:308)
	at java.util.concurrent.ScheduledThreadPoolExecutor$ScheduledFutureTask.access$301(ScheduledThreadPoolExecutor.java:180)
	at java.util.concurrent.ScheduledThreadPoolExecutor$ScheduledFutureTask.run(ScheduledThreadPoolExecutor.java:294)
	at java.util.concurrent.ThreadPoolExecutor.runWorker(ThreadPoolExecutor.java:1149)
	at java.util.concurrent.ThreadPoolExecutor$Worker.run(ThreadPoolExecutor.java:624)
	at java.lang.Thread.run(Thread.java:748)
Caused by: java.lang.NullPointerException
	at org.apache.hadoop.ozone.om.OzoneManager.isLeader(OzoneManager.java:3406)
	at org.apache.hadoop.ozone.om.KeyDeletingService.shouldRun(KeyDeletingService.java:120)
	at org.apache.hadoop.ozone.om.KeyDeletingService.access$100(KeyDeletingService.java:58)
	at org.apache.hadoop.ozone.om.KeyDeletingService$KeyDeletingTask.call(KeyDeletingService.java:149)
	at org.apache.hadoop.ozone.om.KeyDeletingService$KeyDeletingTask.call(KeyDeletingService.java:137)
	at java.util.concurrent.FutureTask.run(FutureTask.java:266)
	at java.util.concurrent.Executors$RunnableAdapter.call(Executors.java:511)
	at java.util.concurrent.FutureTask.run(FutureTask.java:266)
	at java.util.concurrent.Executors$RunnableAdapter.call(Executors.java:511)
	at java.util.concurrent.FutureTask.run(FutureTask.java:266)
	at java.util.concurrent.ScheduledThreadPoolExecutor$ScheduledFutureTask.access$201(ScheduledThreadPoolExecutor.java:180)
	at java.util.concurrent.ScheduledThreadPoolExecutor$ScheduledFutureTask.run(ScheduledThreadPoolExecutor.java:293)
	... 3 more
2019-09-05 08:28:49,428 [Thread-7228] INFO  ratis.OzoneManagerRatisServer (OzoneManagerRatisServer.java:<init>(241)) - Instantiating OM Ratis server with GroupID: om-service-test1 and Raft Peers: localhost:13018, localhost:13012, localhost:13024
2019-09-05 08:28:49,438 [Thread-7228] INFO  impl.RaftServerProxy (ConfUtils.java:logGet(43)) - raft.rpc.type = GRPC (default)
2019-09-05 08:28:49,438 [Thread-7228] INFO  grpc.GrpcFactory (GrpcFactory.java:checkPooledByteBufAllocatorUseCacheForAllThreads(45)) - PERFORMANCE WARNING: useCacheForAllThreads is true that may cause Netty to create a lot garbage objects and, as a result, trigger GC.
	It is recommended to disable useCacheForAllThreads by setting -Dorg.apache.ratis.thirdparty.io.netty.allocator.useCacheForAllThreads=false in command line.
2019-09-05 08:28:49,438 [Thread-7228] INFO  grpc.GrpcConfigKeys$Server (ConfUtils.java:logGet(43)) - raft.grpc.server.port = 13018 (custom)
2019-09-05 08:28:49,439 [Thread-7228] INFO  server.GrpcService (ConfUtils.java:logGet(43)) - raft.grpc.message.size.max = 33554432 (custom)
2019-09-05 08:28:49,439 [Thread-7228] INFO  server.RaftServerConfigKeys (ConfUtils.java:logGet(43)) - raft.server.log.appender.buffer.byte-limit = 33554432 (custom)
2019-09-05 08:28:49,439 [Thread-7228] INFO  server.GrpcService (ConfUtils.java:logGet(43)) - raft.grpc.flow.control.window = 1MB (=1048576) (default)
2019-09-05 08:28:49,439 [Thread-7228] INFO  server.RaftServerConfigKeys (ConfUtils.java:logGet(43)) - raft.server.rpc.request.timeout = 3000ms (default)
2019-09-05 08:28:49,440 [Thread-7228] INFO  server.RaftServerConfigKeys (ConfUtils.java:logGet(43)) - raft.server.storage.dir = [/workdir/hadoop-ozone/integration-test/target/test-dir/MiniOzoneClusterImpl-e0d84eed-451a-4624-af13-1b9bd6e78dbd/omNode-2/ratis] (custom)
2019-09-05 08:28:49,440 [Thread-7228] INFO  impl.RaftServerProxy (RaftServerProxy.java:addNew(89)) - omNode-2: addNew group-523986131536:[omNode-3:localhost:13024, omNode-1:localhost:13012, omNode-2:localhost:13018] returns group-523986131536:java.util.concurrent.CompletableFuture@65d69adb[Not completed]
2019-09-05 08:28:49,441 [pool-1511-thread-1] INFO  impl.RaftServerImpl (RaftServerImpl.java:<init>(93)) - omNode-2: new RaftServerImpl for group-523986131536:[omNode-3:localhost:13024, omNode-1:localhost:13012, omNode-2:localhost:13018] with OzoneManagerStateMachine:uninitialized
2019-09-05 08:28:49,441 [Thread-7228] INFO  om.OzoneManager (OzoneManager.java:initializeRatisServer(1398)) - OzoneManager Ratis server initialized at port 13018
2019-09-05 08:28:49,441 [pool-1511-thread-1] INFO  server.RaftServerConfigKeys (ConfUtils.java:logGet(43)) - raft.server.rpc.timeout.min = 1s (custom)
2019-09-05 08:28:49,441 [Thread-7228] WARN  scm.HddsServerUtil (HddsServerUtil.java:getDefaultRatisDirectory(354)) - Storage directory for Ratis is not configured. It is a good idea to map this to an SSD disk. Falling back to ozone.metadata.dirs
2019-09-05 08:28:49,441 [pool-1511-thread-1] INFO  server.RaftServerConfigKeys (ConfUtils.java:logGet(43)) - raft.server.rpc.timeout.max = 1200ms (custom)
2019-09-05 08:28:49,441 [pool-1511-thread-1] INFO  server.RaftServerConfigKeys (ConfUtils.java:logGet(43)) - raft.server.rpcslowness.timeout = 2s (custom)
2019-09-05 08:28:49,442 [Thread-7228] WARN  scm.HddsServerUtil (HddsServerUtil.java:getDefaultRatisDirectory(354)) - Storage directory for Ratis is not configured. It is a good idea to map this to an SSD disk. Falling back to ozone.metadata.dirs
2019-09-05 08:28:49,442 [pool-1511-thread-1] INFO  server.RaftServerConfigKeys (ConfUtils.java:logGet(43)) - raft.server.sleep.deviation.threshold = 300 (default)
2019-09-05 08:28:49,442 [pool-1511-thread-1] INFO  server.RaftServerConfigKeys (ConfUtils.java:logGet(43)) - raft.server.log.appender.install.snapshot.enabled = false (custom)
2019-09-05 08:28:49,442 [Thread-7228] INFO  snapshot.OzoneManagerSnapshotProvider (OzoneManagerSnapshotProvider.java:<init>(81)) - Initializing OM Snapshot Provider
2019-09-05 08:28:49,442 [pool-1511-thread-1] INFO  impl.RaftServerImpl (ServerState.java:<init>(105)) - omNode-2:group-523986131536 ConfigurationManager, init=-1: [omNode-3:localhost:13024, omNode-1:localhost:13012, omNode-2:localhost:13018], old=null, confs=<EMPTY_MAP>
2019-09-05 08:28:49,442 [pool-1511-thread-1] INFO  server.RaftServerConfigKeys (ConfUtils.java:logGet(43)) - raft.server.storage.dir = [/workdir/hadoop-ozone/integration-test/target/test-dir/MiniOzoneClusterImpl-e0d84eed-451a-4624-af13-1b9bd6e78dbd/omNode-2/ratis] (custom)
2019-09-05 08:28:49,443 [pool-1511-thread-1] INFO  storage.RaftStorageDirectory (RaftStorageDirectory.java:analyzeStorage(246)) - The storage directory /workdir/hadoop-ozone/integration-test/target/test-dir/MiniOzoneClusterImpl-e0d84eed-451a-4624-af13-1b9bd6e78dbd/omNode-2/ratis/c9bc4cf4-3bc3-3c60-a66b-523986131536 does not exist. Creating ...
2019-09-05 08:28:49,444 [Thread-7228] INFO  ipc.CallQueueManager (CallQueueManager.java:<init>(84)) - Using callQueue: class java.util.concurrent.LinkedBlockingQueue, queueCapacity: 2000, scheduler: class org.apache.hadoop.ipc.DefaultRpcScheduler, ipcBackoff: false.
2019-09-05 08:28:49,445 [Socket Reader #1 for port 13014] INFO  ipc.Server (Server.java:run(1074)) - Starting Socket Reader #1 for port 13014
2019-09-05 08:28:49,469 [Thread-7228] INFO  om.OzoneManager (OzoneManager.java:start(1256)) - OzoneManager RPC server is listening at localhost/127.0.0.1:13014
2019-09-05 08:28:49,469 [Thread-7228] INFO  impl.MetricsSystemImpl (MetricsSystemImpl.java:init(158)) - OzoneManager metrics system started (again)
2019-09-05 08:28:49,469 [Thread-7228] INFO  ratis.OzoneManagerRatisServer (OzoneManagerRatisServer.java:start(331)) - Starting OzoneManagerRatisServer omNode-2 at port 13018
2019-09-05 08:28:49,539 [pool-1511-thread-1] INFO  storage.RaftStorageDirectory (RaftStorageDirectory.java:tryLock(328)) - Lock on /workdir/hadoop-ozone/integration-test/target/test-dir/MiniOzoneClusterImpl-e0d84eed-451a-4624-af13-1b9bd6e78dbd/omNode-2/ratis/c9bc4cf4-3bc3-3c60-a66b-523986131536/in_use.lock acquired by nodename 23500@pr-hdds-1571-lfg7x-4139639749
2019-09-05 08:28:49,572 [Thread-7330] INFO  impl.FollowerState (FollowerState.java:run(106)) - omNode-1:group-523986131536 changes to CANDIDATE, lastRpcTime:1058, electionTimeout:1058ms
2019-09-05 08:28:49,572 [Thread-7330] INFO  impl.RoleInfo (RoleInfo.java:shutdownFollowerState(121)) - omNode-1: shutdown FollowerState
2019-09-05 08:28:49,572 [Thread-7330] INFO  impl.RaftServerImpl (RaftServerImpl.java:setRole(171)) - omNode-1:group-523986131536 changes role from FOLLOWER to CANDIDATE at term 0 for changeToCandidate
2019-09-05 08:28:49,573 [Thread-7330] INFO  impl.RoleInfo (RoleInfo.java:updateAndGet(143)) - omNode-1: start LeaderElection
2019-09-05 08:28:49,829 [pool-1511-thread-1] INFO  storage.RaftStorage (RaftStorage.java:format(72)) - Storage directory /workdir/hadoop-ozone/integration-test/target/test-dir/MiniOzoneClusterImpl-e0d84eed-451a-4624-af13-1b9bd6e78dbd/omNode-2/ratis/c9bc4cf4-3bc3-3c60-a66b-523986131536 has been successfully formatted.
2019-09-05 08:28:49,829 [omNode-1:group-523986131536:LeaderElection88] INFO  impl.LeaderElection (LeaderElection.java:askForVotes(181)) - omNode-1:group-523986131536:LeaderElection88: begin an election at term 1 for -1: [omNode-3:localhost:13024, omNode-1:localhost:13012, omNode-2:localhost:13018], old=null
2019-09-05 08:28:49,829 [pool-1511-thread-1] INFO  server.RaftServerConfigKeys (ConfUtils.java:logGet(43)) - raft.server.leader.election.timeout = 2s (custom)
2019-09-05 08:28:49,829 [pool-1511-thread-1] INFO  server.RaftServerConfigKeys (ConfUtils.java:logGet(43)) - raft.server.log.use.memory = false (default)
2019-09-05 08:28:49,830 [pool-1511-thread-1] INFO  server.RaftServerConfigKeys (ConfUtils.java:logGet(43)) - raft.server.log.purge.gap = 50 (custom)
2019-09-05 08:28:49,830 [pool-1511-thread-1] INFO  server.RaftServerConfigKeys (ConfUtils.java:logGet(43)) - raft.server.log.appender.buffer.byte-limit = 33554432 (custom)
2019-09-05 08:28:49,830 [pool-1511-thread-1] INFO  server.RaftServerConfigKeys (ConfUtils.java:logGet(43)) - raft.server.log.segment.size.max = 16384 (custom)
2019-09-05 08:28:49,830 [pool-1511-thread-1] INFO  server.RaftServerConfigKeys (ConfUtils.java:logGet(43)) - raft.server.log.segment.cache.num.max = 2 (custom)
2019-09-05 08:28:49,830 [pool-1511-thread-1] INFO  segmented.SegmentedRaftLogWorker (SegmentedRaftLogWorker.java:<init>(172)) - new omNode-2-SegmentedRaftLogWorker:Storage Directory /workdir/hadoop-ozone/integration-test/target/test-dir/MiniOzoneClusterImpl-e0d84eed-451a-4624-af13-1b9bd6e78dbd/omNode-2/ratis/c9bc4cf4-3bc3-3c60-a66b-523986131536 for RaftStorage:Storage Directory /workdir/hadoop-ozone/integration-test/target/test-dir/MiniOzoneClusterImpl-e0d84eed-451a-4624-af13-1b9bd6e78dbd/omNode-2/ratis/c9bc4cf4-3bc3-3c60-a66b-523986131536
2019-09-05 08:28:49,831 [pool-1511-thread-1] INFO  server.RaftServerConfigKeys (ConfUtils.java:logGet(43)) - raft.server.log.queue.byte-limit = 64MB (=67108864) (default)
2019-09-05 08:28:49,831 [pool-1511-thread-1] INFO  server.RaftServerConfigKeys (ConfUtils.java:logGet(43)) - raft.server.log.queue.element-limit = 4096 (default)
2019-09-05 08:28:49,831 [pool-1511-thread-1] INFO  server.RaftServerConfigKeys (ConfUtils.java:logGet(43)) - raft.server.log.segment.size.max = 16384 (custom)
2019-09-05 08:28:49,831 [pool-1511-thread-1] INFO  server.RaftServerConfigKeys (ConfUtils.java:logGet(43)) - raft.server.log.preallocated.size = 16384 (custom)
2019-09-05 08:28:49,831 [pool-1511-thread-1] INFO  server.RaftServerConfigKeys (ConfUtils.java:logGet(43)) - raft.server.log.write.buffer.size = 64KB (=65536) (default)
2019-09-05 08:28:49,831 [pool-1511-thread-1] INFO  server.RaftServerConfigKeys (ConfUtils.java:logGet(43)) - raft.server.log.force.sync.num = 128 (default)
2019-09-05 08:28:49,832 [pool-1511-thread-1] INFO  server.RaftServerConfigKeys (ConfUtils.java:logGet(43)) - raft.server.log.statemachine.data.sync = true (default)
2019-09-05 08:28:49,832 [pool-1511-thread-1] INFO  server.RaftServerConfigKeys (ConfUtils.java:logGet(43)) - raft.server.log.statemachine.data.sync.timeout = 10s (default)
2019-09-05 08:28:49,832 [pool-1511-thread-1] INFO  server.RaftServerConfigKeys (ConfUtils.java:logGet(43)) - raft.server.log.statemachine.data.sync.timeout.retry = -1 (default)
2019-09-05 08:28:49,832 [pool-1511-thread-1] INFO  server.RaftServerConfigKeys (ConfUtils.java:logGet(43)) - raft.server.log.statemachine.data.caching.enabled = false (default)
2019-09-05 08:28:49,832 [pool-1511-thread-1] INFO  segmented.SegmentedRaftLogWorker (SegmentedRaftLogWorker.java:lambda$new$0(132)) - omNode-2-SegmentedRaftLogWorker:Storage Directory /workdir/hadoop-ozone/integration-test/target/test-dir/MiniOzoneClusterImpl-e0d84eed-451a-4624-af13-1b9bd6e78dbd/omNode-2/ratis/c9bc4cf4-3bc3-3c60-a66b-523986131536: flushIndex: setUnconditionally 0 -> -1
2019-09-05 08:28:49,833 [omNode-1:group-523986131536:LeaderElection88] INFO  impl.LeaderElection (LogUtils.java:infoOrTrace(149)) - omNode-1:group-523986131536:LeaderElection88 got exception when requesting votes: {}
java.util.concurrent.ExecutionException: org.apache.ratis.thirdparty.io.grpc.StatusRuntimeException: UNAVAILABLE: io exception
	at java.util.concurrent.FutureTask.report(FutureTask.java:122)
	at java.util.concurrent.FutureTask.get(FutureTask.java:192)
	at org.apache.ratis.server.impl.LeaderElection.waitForResults(LeaderElection.java:262)
	at org.apache.ratis.server.impl.LeaderElection.askForVotes(LeaderElection.java:200)
	at org.apache.ratis.server.impl.LeaderElection.run(LeaderElection.java:130)
	at java.lang.Thread.run(Thread.java:748)
Caused by: org.apache.ratis.thirdparty.io.grpc.StatusRuntimeException: UNAVAILABLE: io exception
	at org.apache.ratis.thirdparty.io.grpc.stub.ClientCalls.toStatusRuntimeException(ClientCalls.java:233)
	at org.apache.ratis.thirdparty.io.grpc.stub.ClientCalls.getUnchecked(ClientCalls.java:214)
	at org.apache.ratis.thirdparty.io.grpc.stub.ClientCalls.blockingUnaryCall(ClientCalls.java:139)
	at org.apache.ratis.proto.grpc.RaftServerProtocolServiceGrpc$RaftServerProtocolServiceBlockingStub.requestVote(RaftServerProtocolServiceGrpc.java:265)
	at org.apache.ratis.grpc.server.GrpcServerProtocolClient.requestVote(GrpcServerProtocolClient.java:83)
	at org.apache.ratis.grpc.server.GrpcService.requestVote(GrpcService.java:195)
	at org.apache.ratis.server.impl.LeaderElection.lambda$submitRequests$1(LeaderElection.java:237)
	at java.util.concurrent.FutureTask.run(FutureTask.java:266)
	at java.util.concurrent.Executors$RunnableAdapter.call(Executors.java:511)
	at java.util.concurrent.FutureTask.run(FutureTask.java:266)
	at java.util.concurrent.ThreadPoolExecutor.runWorker(ThreadPoolExecutor.java:1149)
	at java.util.concurrent.ThreadPoolExecutor$Worker.run(ThreadPoolExecutor.java:624)
	... 1 more
Caused by: org.apache.ratis.thirdparty.io.netty.channel.AbstractChannel$AnnotatedConnectException: Connection refused: localhost/127.0.0.1:13024
	at sun.nio.ch.SocketChannelImpl.checkConnect(Native Method)
	at sun.nio.ch.SocketChannelImpl.finishConnect(SocketChannelImpl.java:717)
	at org.apache.ratis.thirdparty.io.netty.channel.socket.nio.NioSocketChannel.doFinishConnect(NioSocketChannel.java:327)
	at org.apache.ratis.thirdparty.io.netty.channel.nio.AbstractNioChannel$AbstractNioUnsafe.finishConnect(AbstractNioChannel.java:340)
	at org.apache.ratis.thirdparty.io.netty.channel.nio.NioEventLoop.processSelectedKey(NioEventLoop.java:632)
	at org.apache.ratis.thirdparty.io.netty.channel.nio.NioEventLoop.processSelectedKeysOptimized(NioEventLoop.java:579)
	at org.apache.ratis.thirdparty.io.netty.channel.nio.NioEventLoop.processSelectedKeys(NioEventLoop.java:496)
	at org.apache.ratis.thirdparty.io.netty.channel.nio.NioEventLoop.run(NioEventLoop.java:458)
	at org.apache.ratis.thirdparty.io.netty.util.concurrent.SingleThreadEventExecutor$5.run(SingleThreadEventExecutor.java:897)
	at org.apache.ratis.thirdparty.io.netty.util.concurrent.FastThreadLocalRunnable.run(FastThreadLocalRunnable.java:30)
	... 1 more
Caused by: java.net.ConnectException: Connection refused
	... 11 more
2019-09-05 08:28:49,833 [pool-1511-thread-1] INFO  server.RaftServerConfigKeys (ConfUtils.java:logGet(43)) - raft.server.snapshot.auto.trigger.enabled = true (custom)
2019-09-05 08:28:49,837 [omNode-1:group-523986131536:LeaderElection88] INFO  impl.LeaderElection (LogUtils.java:infoOrTrace(149)) - omNode-1:group-523986131536:LeaderElection88 got exception when requesting votes: {}
java.util.concurrent.ExecutionException: org.apache.ratis.thirdparty.io.grpc.StatusRuntimeException: UNAVAILABLE: io exception
	at java.util.concurrent.FutureTask.report(FutureTask.java:122)
	at java.util.concurrent.FutureTask.get(FutureTask.java:192)
	at org.apache.ratis.server.impl.LeaderElection.waitForResults(LeaderElection.java:262)
	at org.apache.ratis.server.impl.LeaderElection.askForVotes(LeaderElection.java:200)
	at org.apache.ratis.server.impl.LeaderElection.run(LeaderElection.java:130)
	at java.lang.Thread.run(Thread.java:748)
Caused by: org.apache.ratis.thirdparty.io.grpc.StatusRuntimeException: UNAVAILABLE: io exception
	at org.apache.ratis.thirdparty.io.grpc.stub.ClientCalls.toStatusRuntimeException(ClientCalls.java:233)
	at org.apache.ratis.thirdparty.io.grpc.stub.ClientCalls.getUnchecked(ClientCalls.java:214)
	at org.apache.ratis.thirdparty.io.grpc.stub.ClientCalls.blockingUnaryCall(ClientCalls.java:139)
	at org.apache.ratis.proto.grpc.RaftServerProtocolServiceGrpc$RaftServerProtocolServiceBlockingStub.requestVote(RaftServerProtocolServiceGrpc.java:265)
	at org.apache.ratis.grpc.server.GrpcServerProtocolClient.requestVote(GrpcServerProtocolClient.java:83)
	at org.apache.ratis.grpc.server.GrpcService.requestVote(GrpcService.java:195)
	at org.apache.ratis.server.impl.LeaderElection.lambda$submitRequests$1(LeaderElection.java:237)
	at java.util.concurrent.FutureTask.run(FutureTask.java:266)
	at java.util.concurrent.Executors$RunnableAdapter.call(Executors.java:511)
	at java.util.concurrent.FutureTask.run(FutureTask.java:266)
	at java.util.concurrent.ThreadPoolExecutor.runWorker(ThreadPoolExecutor.java:1149)
	at java.util.concurrent.ThreadPoolExecutor$Worker.run(ThreadPoolExecutor.java:624)
	... 1 more
Caused by: org.apache.ratis.thirdparty.io.netty.channel.AbstractChannel$AnnotatedConnectException: Connection refused: localhost/127.0.0.1:13018
	at sun.nio.ch.SocketChannelImpl.checkConnect(Native Method)
	at sun.nio.ch.SocketChannelImpl.finishConnect(SocketChannelImpl.java:717)
	at org.apache.ratis.thirdparty.io.netty.channel.socket.nio.NioSocketChannel.doFinishConnect(NioSocketChannel.java:327)
	at org.apache.ratis.thirdparty.io.netty.channel.nio.AbstractNioChannel$AbstractNioUnsafe.finishConnect(AbstractNioChannel.java:340)
	at org.apache.ratis.thirdparty.io.netty.channel.nio.NioEventLoop.processSelectedKey(NioEventLoop.java:632)
	at org.apache.ratis.thirdparty.io.netty.channel.nio.NioEventLoop.processSelectedKeysOptimized(NioEventLoop.java:579)
	at org.apache.ratis.thirdparty.io.netty.channel.nio.NioEventLoop.processSelectedKeys(NioEventLoop.java:496)
	at org.apache.ratis.thirdparty.io.netty.channel.nio.NioEventLoop.run(NioEventLoop.java:458)
	at org.apache.ratis.thirdparty.io.netty.util.concurrent.SingleThreadEventExecutor$5.run(SingleThreadEventExecutor.java:897)
	at org.apache.ratis.thirdparty.io.netty.util.concurrent.FastThreadLocalRunnable.run(FastThreadLocalRunnable.java:30)
	... 1 more
Caused by: java.net.ConnectException: Connection refused
	... 11 more
2019-09-05 08:28:49,837 [pool-1511-thread-1] INFO  server.RaftServerConfigKeys (ConfUtils.java:logGet(43)) - raft.server.snapshot.auto.trigger.threshold = 50 (custom)
2019-09-05 08:28:49,840 [omNode-1:group-523986131536:LeaderElection88] INFO  impl.LeaderElection (LeaderElection.java:logAndReturn(56)) - omNode-1:group-523986131536:LeaderElection88: Election REJECTED; received 0 response(s) [] and 2 exception(s); omNode-1:t1, leader=null, voted=omNode-1, raftlog=omNode-1-SegmentedRaftLog:OPENED:c-1,f-1,i0, conf=-1: [omNode-3:localhost:13024, omNode-1:localhost:13012, omNode-2:localhost:13018], old=null
2019-09-05 08:28:49,840 [pool-1511-thread-1] INFO  server.RaftServerConfigKeys (ConfUtils.java:logGet(43)) - raft.server.retrycache.expirytime = 600000ms (custom)
2019-09-05 08:28:49,840 [omNode-1:group-523986131536:LeaderElection88] INFO  impl.LeaderElection (LogUtils.java:infoOrTrace(149)) -   Exception 0: {}
java.util.concurrent.ExecutionException: org.apache.ratis.thirdparty.io.grpc.StatusRuntimeException: UNAVAILABLE: io exception
	at java.util.concurrent.FutureTask.report(FutureTask.java:122)
	at java.util.concurrent.FutureTask.get(FutureTask.java:192)
	at org.apache.ratis.server.impl.LeaderElection.waitForResults(LeaderElection.java:262)
	at org.apache.ratis.server.impl.LeaderElection.askForVotes(LeaderElection.java:200)
	at org.apache.ratis.server.impl.LeaderElection.run(LeaderElection.java:130)
	at java.lang.Thread.run(Thread.java:748)
Caused by: org.apache.ratis.thirdparty.io.grpc.StatusRuntimeException: UNAVAILABLE: io exception
	at org.apache.ratis.thirdparty.io.grpc.stub.ClientCalls.toStatusRuntimeException(ClientCalls.java:233)
	at org.apache.ratis.thirdparty.io.grpc.stub.ClientCalls.getUnchecked(ClientCalls.java:214)
	at org.apache.ratis.thirdparty.io.grpc.stub.ClientCalls.blockingUnaryCall(ClientCalls.java:139)
	at org.apache.ratis.proto.grpc.RaftServerProtocolServiceGrpc$RaftServerProtocolServiceBlockingStub.requestVote(RaftServerProtocolServiceGrpc.java:265)
	at org.apache.ratis.grpc.server.GrpcServerProtocolClient.requestVote(GrpcServerProtocolClient.java:83)
	at org.apache.ratis.grpc.server.GrpcService.requestVote(GrpcService.java:195)
	at org.apache.ratis.server.impl.LeaderElection.lambda$submitRequests$1(LeaderElection.java:237)
	at java.util.concurrent.FutureTask.run(FutureTask.java:266)
	at java.util.concurrent.Executors$RunnableAdapter.call(Executors.java:511)
	at java.util.concurrent.FutureTask.run(FutureTask.java:266)
	at java.util.concurrent.ThreadPoolExecutor.runWorker(ThreadPoolExecutor.java:1149)
	at java.util.concurrent.ThreadPoolExecutor$Worker.run(ThreadPoolExecutor.java:624)
	... 1 more
Caused by: org.apache.ratis.thirdparty.io.netty.channel.AbstractChannel$AnnotatedConnectException: Connection refused: localhost/127.0.0.1:13024
	at sun.nio.ch.SocketChannelImpl.checkConnect(Native Method)
	at sun.nio.ch.SocketChannelImpl.finishConnect(SocketChannelImpl.java:717)
	at org.apache.ratis.thirdparty.io.netty.channel.socket.nio.NioSocketChannel.doFinishConnect(NioSocketChannel.java:327)
	at org.apache.ratis.thirdparty.io.netty.channel.nio.AbstractNioChannel$AbstractNioUnsafe.finishConnect(AbstractNioChannel.java:340)
	at org.apache.ratis.thirdparty.io.netty.channel.nio.NioEventLoop.processSelectedKey(NioEventLoop.java:632)
	at org.apache.ratis.thirdparty.io.netty.channel.nio.NioEventLoop.processSelectedKeysOptimized(NioEventLoop.java:579)
	at org.apache.ratis.thirdparty.io.netty.channel.nio.NioEventLoop.processSelectedKeys(NioEventLoop.java:496)
	at org.apache.ratis.thirdparty.io.netty.channel.nio.NioEventLoop.run(NioEventLoop.java:458)
	at org.apache.ratis.thirdparty.io.netty.util.concurrent.SingleThreadEventExecutor$5.run(SingleThreadEventExecutor.java:897)
	at org.apache.ratis.thirdparty.io.netty.util.concurrent.FastThreadLocalRunnable.run(FastThreadLocalRunnable.java:30)
	... 1 more
Caused by: java.net.ConnectException: Connection refused
	... 11 more
2019-09-05 08:28:49,841 [Thread-7228] INFO  impl.RaftServerImpl (RaftServerImpl.java:start(180)) - omNode-2: start group-523986131536
2019-09-05 08:28:49,841 [omNode-1:group-523986131536:LeaderElection88] INFO  impl.LeaderElection (LogUtils.java:infoOrTrace(149)) -   Exception 1: {}
java.util.concurrent.ExecutionException: org.apache.ratis.thirdparty.io.grpc.StatusRuntimeException: UNAVAILABLE: io exception
	at java.util.concurrent.FutureTask.report(FutureTask.java:122)
	at java.util.concurrent.FutureTask.get(FutureTask.java:192)
	at org.apache.ratis.server.impl.LeaderElection.waitForResults(LeaderElection.java:262)
	at org.apache.ratis.server.impl.LeaderElection.askForVotes(LeaderElection.java:200)
	at org.apache.ratis.server.impl.LeaderElection.run(LeaderElection.java:130)
	at java.lang.Thread.run(Thread.java:748)
Caused by: org.apache.ratis.thirdparty.io.grpc.StatusRuntimeException: UNAVAILABLE: io exception
	at org.apache.ratis.thirdparty.io.grpc.stub.ClientCalls.toStatusRuntimeException(ClientCalls.java:233)
	at org.apache.ratis.thirdparty.io.grpc.stub.ClientCalls.getUnchecked(ClientCalls.java:214)
	at org.apache.ratis.thirdparty.io.grpc.stub.ClientCalls.blockingUnaryCall(ClientCalls.java:139)
	at org.apache.ratis.proto.grpc.RaftServerProtocolServiceGrpc$RaftServerProtocolServiceBlockingStub.requestVote(RaftServerProtocolServiceGrpc.java:265)
	at org.apache.ratis.grpc.server.GrpcServerProtocolClient.requestVote(GrpcServerProtocolClient.java:83)
	at org.apache.ratis.grpc.server.GrpcService.requestVote(GrpcService.java:195)
	at org.apache.ratis.server.impl.LeaderElection.lambda$submitRequests$1(LeaderElection.java:237)
	at java.util.concurrent.FutureTask.run(FutureTask.java:266)
	at java.util.concurrent.Executors$RunnableAdapter.call(Executors.java:511)
	at java.util.concurrent.FutureTask.run(FutureTask.java:266)
	at java.util.concurrent.ThreadPoolExecutor.runWorker(ThreadPoolExecutor.java:1149)
	at java.util.concurrent.ThreadPoolExecutor$Worker.run(ThreadPoolExecutor.java:624)
	... 1 more
Caused by: org.apache.ratis.thirdparty.io.netty.channel.AbstractChannel$AnnotatedConnectException: Connection refused: localhost/127.0.0.1:13018
	at sun.nio.ch.SocketChannelImpl.checkConnect(Native Method)
	at sun.nio.ch.SocketChannelImpl.finishConnect(SocketChannelImpl.java:717)
	at org.apache.ratis.thirdparty.io.netty.channel.socket.nio.NioSocketChannel.doFinishConnect(NioSocketChannel.java:327)
	at org.apache.ratis.thirdparty.io.netty.channel.nio.AbstractNioChannel$AbstractNioUnsafe.finishConnect(AbstractNioChannel.java:340)
	at org.apache.ratis.thirdparty.io.netty.channel.nio.NioEventLoop.processSelectedKey(NioEventLoop.java:632)
	at org.apache.ratis.thirdparty.io.netty.channel.nio.NioEventLoop.processSelectedKeysOptimized(NioEventLoop.java:579)
	at org.apache.ratis.thirdparty.io.netty.channel.nio.NioEventLoop.processSelectedKeys(NioEventLoop.java:496)
	at org.apache.ratis.thirdparty.io.netty.channel.nio.NioEventLoop.run(NioEventLoop.java:458)
	at org.apache.ratis.thirdparty.io.netty.util.concurrent.SingleThreadEventExecutor$5.run(SingleThreadEventExecutor.java:897)
	at org.apache.ratis.thirdparty.io.netty.util.concurrent.FastThreadLocalRunnable.run(FastThreadLocalRunnable.java:30)
	... 1 more
Caused by: java.net.ConnectException: Connection refused
	... 11 more
2019-09-05 08:28:49,843 [Thread-7228] INFO  impl.RaftServerImpl (RaftServerImpl.java:setRole(171)) - omNode-2:group-523986131536 changes role from null to FOLLOWER at term 0 for startAsFollower
2019-09-05 08:28:49,844 [omNode-1:group-523986131536:LeaderElection88] INFO  impl.RaftServerImpl (RaftServerImpl.java:setRole(171)) - omNode-1:group-523986131536 changes role from CANDIDATE to FOLLOWER at term 1 for DISCOVERED_A_NEW_TERM
2019-09-05 08:28:49,844 [Thread-7228] INFO  impl.RoleInfo (RoleInfo.java:updateAndGet(143)) - omNode-2: start FollowerState
2019-09-05 08:28:49,844 [omNode-1:group-523986131536:LeaderElection88] INFO  impl.RoleInfo (RoleInfo.java:shutdownLeaderElection(134)) - omNode-1: shutdown LeaderElection
2019-09-05 08:28:49,844 [omNode-1:group-523986131536:LeaderElection88] INFO  impl.RoleInfo (RoleInfo.java:updateAndGet(143)) - omNode-1: start FollowerState
2019-09-05 08:28:49,845 [Thread-7228] INFO  util.JmxRegister (JmxRegister.java:tryRegister(44)) - Successfully registered JMX Bean with object name Ratis:service=RaftServer,group=group-523986131536,id=omNode-2
2019-09-05 08:28:49,845 [Thread-7228] INFO  impl.RaftServerProxy (RaftServerProxy.java:lambda$start$3(299)) - omNode-2: start RPC server
2019-09-05 08:28:49,846 [Thread-7228] INFO  server.GrpcService (GrpcService.java:startImpl(149)) - omNode-2: GrpcService started, listening on 0.0.0.0/0.0.0.0:13018
2019-09-05 08:28:49,847 [IPC Server Responder] INFO  ipc.Server (Server.java:run(1314)) - IPC Server Responder: starting
2019-09-05 08:28:49,847 [IPC Server listener on 13014] INFO  ipc.Server (Server.java:run(1153)) - IPC Server listener on 13014: starting
2019-09-05 08:28:49,857 [Thread-7228] INFO  hdfs.DFSUtil (DFSUtil.java:httpServerTemplateForNNAndJN(1641)) - Starting Web-server for ozoneManager at: http://0.0.0.0:13016
2019-09-05 08:28:49,858 [Thread-7228] INFO  server.AuthenticationFilter (AuthenticationFilter.java:constructSecretProvider(240)) - Unable to initialize FileSignerSecretProvider, falling back to use random secrets.
2019-09-05 08:28:49,859 [Thread-7228] WARN  http.HttpRequestLog (HttpRequestLog.java:getRequestLog(97)) - Jetty request log can only be enabled using Log4j
2019-09-05 08:28:49,861 [Thread-7228] INFO  http.HttpServer2 (HttpServer2.java:addGlobalFilter(975)) - Added global filter 'safety' (class=org.apache.hadoop.http.HttpServer2$QuotingInputFilter)
2019-09-05 08:28:49,861 [Thread-7228] INFO  http.HttpServer2 (HttpServer2.java:addFilter(948)) - Added filter static_user_filter (class=org.apache.hadoop.http.lib.StaticUserWebFilter$StaticUserFilter) to context ozoneManager
2019-09-05 08:28:49,861 [Thread-7228] INFO  http.HttpServer2 (HttpServer2.java:addFilter(958)) - Added filter static_user_filter (class=org.apache.hadoop.http.lib.StaticUserWebFilter$StaticUserFilter) to context static
2019-09-05 08:28:49,862 [Thread-7228] INFO  http.HttpServer2 (HttpServer2.java:addFilter(958)) - Added filter static_user_filter (class=org.apache.hadoop.http.lib.StaticUserWebFilter$StaticUserFilter) to context logs
2019-09-05 08:28:49,863 [Thread-7228] INFO  http.HttpServer2 (HttpServer2.java:bindListener(1191)) - Jetty bound to port 13016
2019-09-05 08:28:49,863 [Thread-7228] INFO  server.Server (Server.java:doStart(351)) - jetty-9.3.24.v20180605, build timestamp: 2018-06-05T17:11:56Z, git hash: 84205aa28f11a4f31f2a3b86d1bba2cc8ab69827
2019-09-05 08:28:49,865 [Thread-7228] INFO  handler.ContextHandler (ContextHandler.java:doStart(781)) - Started o.e.j.s.ServletContextHandler@62946cc2{/logs,file:///workdir/hadoop-ozone/integration-test/target/log,AVAILABLE}
2019-09-05 08:28:49,865 [Thread-7228] INFO  handler.ContextHandler (ContextHandler.java:doStart(781)) - Started o.e.j.s.ServletContextHandler@29d48d67{/static,file:///workdir/hadoop-ozone/integration-test/target/test-classes/webapps/static,AVAILABLE}
2019-09-05 08:28:49,869 [Thread-7228] INFO  handler.ContextHandler (ContextHandler.java:doStart(781)) - Started o.e.j.w.WebAppContext@7773093f{/,file:///workdir/hadoop-ozone/integration-test/target/test-classes/webapps/ozoneManager/,AVAILABLE}{/ozoneManager}
2019-09-05 08:28:49,870 [Thread-7228] INFO  server.AbstractConnector (AbstractConnector.java:doStart(278)) - Started ServerConnector@1a1561f5{HTTP/1.1,[http/1.1]}{0.0.0.0:13016}
2019-09-05 08:28:49,872 [Thread-7228] INFO  server.Server (Server.java:doStart(419)) - Started @484724ms
2019-09-05 08:28:49,873 [Thread-7228] INFO  server.BaseHttpServer (BaseHttpServer.java:updateConnectorAddress(213)) - HTTP server of OZONEMANAGER is listening at http://0.0.0.0:13016
2019-09-05 08:28:49,873 [Thread-7228] INFO  ozone.MiniOzoneHAClusterImpl (MiniOzoneHAClusterImpl.java:createOMService(259)) - Started OzoneManager RPC server at localhost/127.0.0.1:13014
2019-09-05 08:28:49,874 [Thread-7228] WARN  server.ServerUtils (ServerUtils.java:getDBPath(222)) - ozone.om.db.dirs is not configured. We recommend adding this setting. Falling back to ozone.metadata.dirs instead.
2019-09-05 08:28:49,904 [Thread-7228] WARN  server.ServerUtils (ServerUtils.java:getDBPath(222)) - ozone.om.db.dirs is not configured. We recommend adding this setting. Falling back to ozone.metadata.dirs instead.
2019-09-05 08:28:49,905 [Thread-7228] WARN  server.ServerUtils (ServerUtils.java:getDBPath(222)) - ozone.om.db.dirs is not configured. We recommend adding this setting. Falling back to ozone.metadata.dirs instead.
2019-09-05 08:28:49,905 [Thread-7228] INFO  om.OzoneManager (OzoneManager.java:setOMNodeSpecificConfigs(691)) - Setting configuration key ozone.om.http-address with value of key ozone.om.http-address.omNode-3: 127.0.0.1:13022
2019-09-05 08:28:49,905 [Thread-7228] INFO  om.OzoneManager (OzoneManager.java:setOMNodeSpecificConfigs(691)) - Setting configuration key ozone.om.https-address with value of key ozone.om.https-address.omNode-3: 127.0.0.1:13023
2019-09-05 08:28:49,906 [Thread-7228] INFO  om.OzoneManager (OzoneManager.java:loadOMHAConfigs(602)) - Found matching OM address with OMServiceId: om-service-test1, OMNodeId: omNode-3, RPC Address: localhost:13020 and Ratis port: 13024
2019-09-05 08:28:49,907 | INFO  | SCMAudit | user=jenkins1000 | ip=192.168.36.69 | op=GET_SCM_INFO null | ret=SUCCESS |  
2019-09-05 08:28:49,912 [Thread-7228] WARN  server.ServerUtils (ServerUtils.java:getDBPath(222)) - ozone.om.db.dirs is not configured. We recommend adding this setting. Falling back to ozone.metadata.dirs instead.
2019-09-05 08:28:49,912 [Thread-7228] INFO  db.DBStoreBuilder (DBStoreBuilder.java:addTable(110)) - using custom profile for table: userTable
2019-09-05 08:28:49,912 [Thread-7228] INFO  db.DBStoreBuilder (DBStoreBuilder.java:processTables(161)) - Using default column profile:DBProfile.DISK for Table:userTable
2019-09-05 08:28:49,912 [Thread-7228] INFO  db.DBStoreBuilder (DBStoreBuilder.java:addTable(110)) - using custom profile for table: volumeTable
2019-09-05 08:28:49,913 [Thread-7228] INFO  db.DBStoreBuilder (DBStoreBuilder.java:processTables(161)) - Using default column profile:DBProfile.DISK for Table:volumeTable
2019-09-05 08:28:49,913 [Thread-7228] INFO  db.DBStoreBuilder (DBStoreBuilder.java:addTable(110)) - using custom profile for table: bucketTable
2019-09-05 08:28:49,913 [Thread-7228] INFO  db.DBStoreBuilder (DBStoreBuilder.java:processTables(161)) - Using default column profile:DBProfile.DISK for Table:bucketTable
2019-09-05 08:28:49,913 [Thread-7228] INFO  db.DBStoreBuilder (DBStoreBuilder.java:addTable(110)) - using custom profile for table: keyTable
2019-09-05 08:28:49,913 [Thread-7228] INFO  db.DBStoreBuilder (DBStoreBuilder.java:processTables(161)) - Using default column profile:DBProfile.DISK for Table:keyTable
2019-09-05 08:28:49,913 [Thread-7228] INFO  db.DBStoreBuilder (DBStoreBuilder.java:addTable(110)) - using custom profile for table: deletedTable
2019-09-05 08:28:49,913 [Thread-7228] INFO  db.DBStoreBuilder (DBStoreBuilder.java:processTables(161)) - Using default column profile:DBProfile.DISK for Table:deletedTable
2019-09-05 08:28:49,914 [Thread-7228] INFO  db.DBStoreBuilder (DBStoreBuilder.java:addTable(110)) - using custom profile for table: openKeyTable
2019-09-05 08:28:49,914 [Thread-7228] INFO  db.DBStoreBuilder (DBStoreBuilder.java:processTables(161)) - Using default column profile:DBProfile.DISK for Table:openKeyTable
2019-09-05 08:28:49,914 [Thread-7228] INFO  db.DBStoreBuilder (DBStoreBuilder.java:addTable(110)) - using custom profile for table: s3Table
2019-09-05 08:28:49,914 [Thread-7228] INFO  db.DBStoreBuilder (DBStoreBuilder.java:processTables(161)) - Using default column profile:DBProfile.DISK for Table:s3Table
2019-09-05 08:28:49,914 [Thread-7228] INFO  db.DBStoreBuilder (DBStoreBuilder.java:addTable(110)) - using custom profile for table: multipartInfoTable
2019-09-05 08:28:49,914 [Thread-7228] INFO  db.DBStoreBuilder (DBStoreBuilder.java:processTables(161)) - Using default column profile:DBProfile.DISK for Table:multipartInfoTable
2019-09-05 08:28:49,915 [Thread-7228] INFO  db.DBStoreBuilder (DBStoreBuilder.java:addTable(110)) - using custom profile for table: dTokenTable
2019-09-05 08:28:49,915 [Thread-7228] INFO  db.DBStoreBuilder (DBStoreBuilder.java:processTables(161)) - Using default column profile:DBProfile.DISK for Table:dTokenTable
2019-09-05 08:28:49,915 [Thread-7228] INFO  db.DBStoreBuilder (DBStoreBuilder.java:addTable(110)) - using custom profile for table: s3SecretTable
2019-09-05 08:28:49,915 [Thread-7228] INFO  db.DBStoreBuilder (DBStoreBuilder.java:processTables(161)) - Using default column profile:DBProfile.DISK for Table:s3SecretTable
2019-09-05 08:28:49,915 [Thread-7228] INFO  db.DBStoreBuilder (DBStoreBuilder.java:addTable(110)) - using custom profile for table: prefixTable
2019-09-05 08:28:49,915 [Thread-7228] INFO  db.DBStoreBuilder (DBStoreBuilder.java:processTables(161)) - Using default column profile:DBProfile.DISK for Table:prefixTable
2019-09-05 08:28:49,916 [Thread-7228] INFO  db.DBStoreBuilder (DBStoreBuilder.java:addTable(110)) - using custom profile for table: default
2019-09-05 08:28:49,916 [Thread-7228] INFO  db.DBStoreBuilder (DBStoreBuilder.java:processTables(167)) - Using default column profile:DBProfile.DISK for Table:default
2019-09-05 08:28:49,916 [Thread-7228] INFO  db.DBStoreBuilder (DBStoreBuilder.java:getDbProfile(198)) - Using default options. DBProfile.DISK
2019-09-05 08:28:50,866 [Thread-7372] INFO  impl.FollowerState (FollowerState.java:run(106)) - omNode-2:group-523986131536 changes to CANDIDATE, lastRpcTime:1021, electionTimeout:1021ms
2019-09-05 08:28:50,866 [Thread-7372] INFO  impl.RoleInfo (RoleInfo.java:shutdownFollowerState(121)) - omNode-2: shutdown FollowerState
2019-09-05 08:28:50,866 [Thread-7372] INFO  impl.RaftServerImpl (RaftServerImpl.java:setRole(171)) - omNode-2:group-523986131536 changes role from FOLLOWER to CANDIDATE at term 0 for changeToCandidate
2019-09-05 08:28:50,866 [Thread-7372] INFO  impl.RoleInfo (RoleInfo.java:updateAndGet(143)) - omNode-2: start LeaderElection
2019-09-05 08:28:50,900 [omNode-2:group-523986131536:LeaderElection89] INFO  impl.LeaderElection (LeaderElection.java:askForVotes(181)) - omNode-2:group-523986131536:LeaderElection89: begin an election at term 1 for -1: [omNode-3:localhost:13024, omNode-1:localhost:13012, omNode-2:localhost:13018], old=null
2019-09-05 08:28:50,903 [omNode-2:group-523986131536:LeaderElection89] INFO  impl.LeaderElection (LogUtils.java:infoOrTrace(149)) - omNode-2:group-523986131536:LeaderElection89 got exception when requesting votes: {}
java.util.concurrent.ExecutionException: org.apache.ratis.thirdparty.io.grpc.StatusRuntimeException: UNAVAILABLE: io exception
	at java.util.concurrent.FutureTask.report(FutureTask.java:122)
	at java.util.concurrent.FutureTask.get(FutureTask.java:192)
	at org.apache.ratis.server.impl.LeaderElection.waitForResults(LeaderElection.java:262)
	at org.apache.ratis.server.impl.LeaderElection.askForVotes(LeaderElection.java:200)
	at org.apache.ratis.server.impl.LeaderElection.run(LeaderElection.java:130)
	at java.lang.Thread.run(Thread.java:748)
Caused by: org.apache.ratis.thirdparty.io.grpc.StatusRuntimeException: UNAVAILABLE: io exception
	at org.apache.ratis.thirdparty.io.grpc.stub.ClientCalls.toStatusRuntimeException(ClientCalls.java:233)
	at org.apache.ratis.thirdparty.io.grpc.stub.ClientCalls.getUnchecked(ClientCalls.java:214)
	at org.apache.ratis.thirdparty.io.grpc.stub.ClientCalls.blockingUnaryCall(ClientCalls.java:139)
	at org.apache.ratis.proto.grpc.RaftServerProtocolServiceGrpc$RaftServerProtocolServiceBlockingStub.requestVote(RaftServerProtocolServiceGrpc.java:265)
	at org.apache.ratis.grpc.server.GrpcServerProtocolClient.requestVote(GrpcServerProtocolClient.java:83)
	at org.apache.ratis.grpc.server.GrpcService.requestVote(GrpcService.java:195)
	at org.apache.ratis.server.impl.LeaderElection.lambda$submitRequests$1(LeaderElection.java:237)
	at java.util.concurrent.FutureTask.run(FutureTask.java:266)
	at java.util.concurrent.Executors$RunnableAdapter.call(Executors.java:511)
	at java.util.concurrent.FutureTask.run(FutureTask.java:266)
	at java.util.concurrent.ThreadPoolExecutor.runWorker(ThreadPoolExecutor.java:1149)
	at java.util.concurrent.ThreadPoolExecutor$Worker.run(ThreadPoolExecutor.java:624)
	... 1 more
Caused by: org.apache.ratis.thirdparty.io.netty.channel.AbstractChannel$AnnotatedConnectException: Connection refused: localhost/127.0.0.1:13024
	at sun.nio.ch.SocketChannelImpl.checkConnect(Native Method)
	at sun.nio.ch.SocketChannelImpl.finishConnect(SocketChannelImpl.java:717)
	at org.apache.ratis.thirdparty.io.netty.channel.socket.nio.NioSocketChannel.doFinishConnect(NioSocketChannel.java:327)
	at org.apache.ratis.thirdparty.io.netty.channel.nio.AbstractNioChannel$AbstractNioUnsafe.finishConnect(AbstractNioChannel.java:340)
	at org.apache.ratis.thirdparty.io.netty.channel.nio.NioEventLoop.processSelectedKey(NioEventLoop.java:632)
	at org.apache.ratis.thirdparty.io.netty.channel.nio.NioEventLoop.processSelectedKeysOptimized(NioEventLoop.java:579)
	at org.apache.ratis.thirdparty.io.netty.channel.nio.NioEventLoop.processSelectedKeys(NioEventLoop.java:496)
	at org.apache.ratis.thirdparty.io.netty.channel.nio.NioEventLoop.run(NioEventLoop.java:458)
	at org.apache.ratis.thirdparty.io.netty.util.concurrent.SingleThreadEventExecutor$5.run(SingleThreadEventExecutor.java:897)
	at org.apache.ratis.thirdparty.io.netty.util.concurrent.FastThreadLocalRunnable.run(FastThreadLocalRunnable.java:30)
	... 1 more
Caused by: java.net.ConnectException: Connection refused
	... 11 more
2019-09-05 08:28:50,913 [omNode-2:group-523986131536:LeaderElection89] INFO  impl.LeaderElection (LeaderElection.java:logAndReturn(56)) - omNode-2:group-523986131536:LeaderElection89: Election REJECTED; received 1 response(s) [omNode-2<-omNode-1#0:FAIL-t1] and 1 exception(s); omNode-2:t1, leader=null, voted=omNode-2, raftlog=omNode-2-SegmentedRaftLog:OPENED:c-1,f-1,i0, conf=-1: [omNode-3:localhost:13024, omNode-1:localhost:13012, omNode-2:localhost:13018], old=null
2019-09-05 08:28:50,913 [omNode-2:group-523986131536:LeaderElection89] INFO  impl.LeaderElection (LogUtils.java:infoOrTrace(149)) -   Exception 0: {}
java.util.concurrent.ExecutionException: org.apache.ratis.thirdparty.io.grpc.StatusRuntimeException: UNAVAILABLE: io exception
	at java.util.concurrent.FutureTask.report(FutureTask.java:122)
	at java.util.concurrent.FutureTask.get(FutureTask.java:192)
	at org.apache.ratis.server.impl.LeaderElection.waitForResults(LeaderElection.java:262)
	at org.apache.ratis.server.impl.LeaderElection.askForVotes(LeaderElection.java:200)
	at org.apache.ratis.server.impl.LeaderElection.run(LeaderElection.java:130)
	at java.lang.Thread.run(Thread.java:748)
Caused by: org.apache.ratis.thirdparty.io.grpc.StatusRuntimeException: UNAVAILABLE: io exception
	at org.apache.ratis.thirdparty.io.grpc.stub.ClientCalls.toStatusRuntimeException(ClientCalls.java:233)
	at org.apache.ratis.thirdparty.io.grpc.stub.ClientCalls.getUnchecked(ClientCalls.java:214)
	at org.apache.ratis.thirdparty.io.grpc.stub.ClientCalls.blockingUnaryCall(ClientCalls.java:139)
	at org.apache.ratis.proto.grpc.RaftServerProtocolServiceGrpc$RaftServerProtocolServiceBlockingStub.requestVote(RaftServerProtocolServiceGrpc.java:265)
	at org.apache.ratis.grpc.server.GrpcServerProtocolClient.requestVote(GrpcServerProtocolClient.java:83)
	at org.apache.ratis.grpc.server.GrpcService.requestVote(GrpcService.java:195)
	at org.apache.ratis.server.impl.LeaderElection.lambda$submitRequests$1(LeaderElection.java:237)
	at java.util.concurrent.FutureTask.run(FutureTask.java:266)
	at java.util.concurrent.Executors$RunnableAdapter.call(Executors.java:511)
	at java.util.concurrent.FutureTask.run(FutureTask.java:266)
	at java.util.concurrent.ThreadPoolExecutor.runWorker(ThreadPoolExecutor.java:1149)
	at java.util.concurrent.ThreadPoolExecutor$Worker.run(ThreadPoolExecutor.java:624)
	... 1 more
Caused by: org.apache.ratis.thirdparty.io.netty.channel.AbstractChannel$AnnotatedConnectException: Connection refused: localhost/127.0.0.1:13024
	at sun.nio.ch.SocketChannelImpl.checkConnect(Native Method)
	at sun.nio.ch.SocketChannelImpl.finishConnect(SocketChannelImpl.java:717)
	at org.apache.ratis.thirdparty.io.netty.channel.socket.nio.NioSocketChannel.doFinishConnect(NioSocketChannel.java:327)
	at org.apache.ratis.thirdparty.io.netty.channel.nio.AbstractNioChannel$AbstractNioUnsafe.finishConnect(AbstractNioChannel.java:340)
	at org.apache.ratis.thirdparty.io.netty.channel.nio.NioEventLoop.processSelectedKey(NioEventLoop.java:632)
	at org.apache.ratis.thirdparty.io.netty.channel.nio.NioEventLoop.processSelectedKeysOptimized(NioEventLoop.java:579)
	at org.apache.ratis.thirdparty.io.netty.channel.nio.NioEventLoop.processSelectedKeys(NioEventLoop.java:496)
	at org.apache.ratis.thirdparty.io.netty.channel.nio.NioEventLoop.run(NioEventLoop.java:458)
	at org.apache.ratis.thirdparty.io.netty.util.concurrent.SingleThreadEventExecutor$5.run(SingleThreadEventExecutor.java:897)
	at org.apache.ratis.thirdparty.io.netty.util.concurrent.FastThreadLocalRunnable.run(FastThreadLocalRunnable.java:30)
	... 1 more
Caused by: java.net.ConnectException: Connection refused
	... 11 more
2019-09-05 08:28:50,914 [omNode-2:group-523986131536:LeaderElection89] INFO  impl.RaftServerImpl (RaftServerImpl.java:setRole(171)) - omNode-2:group-523986131536 changes role from CANDIDATE to FOLLOWER at term 1 for DISCOVERED_A_NEW_TERM
2019-09-05 08:28:50,914 [omNode-2:group-523986131536:LeaderElection89] INFO  impl.RoleInfo (RoleInfo.java:shutdownLeaderElection(134)) - omNode-2: shutdown LeaderElection
2019-09-05 08:28:50,914 [omNode-2:group-523986131536:LeaderElection89] INFO  impl.RoleInfo (RoleInfo.java:updateAndGet(143)) - omNode-2: start FollowerState
2019-09-05 08:28:50,931 [Thread-7373] INFO  impl.FollowerState (FollowerState.java:run(106)) - omNode-1:group-523986131536 changes to CANDIDATE, lastRpcTime:1086, electionTimeout:1086ms
2019-09-05 08:28:50,931 [Thread-7373] INFO  impl.RoleInfo (RoleInfo.java:shutdownFollowerState(121)) - omNode-1: shutdown FollowerState
2019-09-05 08:28:50,931 [Thread-7373] INFO  impl.RaftServerImpl (RaftServerImpl.java:setRole(171)) - omNode-1:group-523986131536 changes role from FOLLOWER to CANDIDATE at term 1 for changeToCandidate
2019-09-05 08:28:50,931 [Thread-7373] INFO  impl.RoleInfo (RoleInfo.java:updateAndGet(143)) - omNode-1: start LeaderElection
2019-09-05 08:28:50,962 [Thread-7228] WARN  scm.HddsServerUtil (HddsServerUtil.java:getDefaultRatisDirectory(354)) - Storage directory for Ratis is not configured. It is a good idea to map this to an SSD disk. Falling back to ozone.metadata.dirs
2019-09-05 08:28:50,966 [KeyDeletingService#0] WARN  utils.BackgroundService (BackgroundService.java:lambda$run$0(135)) - Background task fails to execute, retrying in next interval
java.util.concurrent.ExecutionException: java.lang.NullPointerException
	at java.util.concurrent.FutureTask.report(FutureTask.java:122)
	at java.util.concurrent.FutureTask.get(FutureTask.java:206)
	at org.apache.hadoop.utils.BackgroundService$PeriodicalTask.lambda$run$0(BackgroundService.java:129)
	at java.util.stream.ForEachOps$ForEachOp$OfRef.accept(ForEachOps.java:184)
	at java.util.ArrayList$ArrayListSpliterator.forEachRemaining(ArrayList.java:1382)
	at java.util.stream.AbstractPipeline.copyInto(AbstractPipeline.java:482)
	at java.util.stream.ForEachOps$ForEachTask.compute(ForEachOps.java:291)
	at java.util.concurrent.CountedCompleter.exec(CountedCompleter.java:731)
	at java.util.concurrent.ForkJoinTask.doExec(ForkJoinTask.java:289)
	at java.util.concurrent.ForkJoinTask.doInvoke(ForkJoinTask.java:401)
	at java.util.concurrent.ForkJoinTask.invoke(ForkJoinTask.java:734)
	at java.util.stream.ForEachOps$ForEachOp.evaluateParallel(ForEachOps.java:160)
	at java.util.stream.ForEachOps$ForEachOp$OfRef.evaluateParallel(ForEachOps.java:174)
	at java.util.stream.AbstractPipeline.evaluate(AbstractPipeline.java:233)
	at java.util.stream.ReferencePipeline.forEach(ReferencePipeline.java:418)
	at java.util.stream.ReferencePipeline$Head.forEach(ReferencePipeline.java:583)
	at org.apache.hadoop.utils.BackgroundService$PeriodicalTask.run(BackgroundService.java:125)
	at java.util.concurrent.Executors$RunnableAdapter.call(Executors.java:511)
	at java.util.concurrent.FutureTask.runAndReset(FutureTask.java:308)
	at java.util.concurrent.ScheduledThreadPoolExecutor$ScheduledFutureTask.access$301(ScheduledThreadPoolExecutor.java:180)
	at java.util.concurrent.ScheduledThreadPoolExecutor$ScheduledFutureTask.run(ScheduledThreadPoolExecutor.java:294)
	at java.util.concurrent.ThreadPoolExecutor.runWorker(ThreadPoolExecutor.java:1149)
	at java.util.concurrent.ThreadPoolExecutor$Worker.run(ThreadPoolExecutor.java:624)
	at java.lang.Thread.run(Thread.java:748)
Caused by: java.lang.NullPointerException
	at org.apache.hadoop.ozone.om.OzoneManager.isLeader(OzoneManager.java:3406)
	at org.apache.hadoop.ozone.om.KeyDeletingService.shouldRun(KeyDeletingService.java:120)
	at org.apache.hadoop.ozone.om.KeyDeletingService.access$100(KeyDeletingService.java:58)
	at org.apache.hadoop.ozone.om.KeyDeletingService$KeyDeletingTask.call(KeyDeletingService.java:149)
	at org.apache.hadoop.ozone.om.KeyDeletingService$KeyDeletingTask.call(KeyDeletingService.java:137)
	at java.util.concurrent.FutureTask.run(FutureTask.java:266)
	at java.util.concurrent.Executors$RunnableAdapter.call(Executors.java:511)
	at java.util.concurrent.FutureTask.run(FutureTask.java:266)
	at java.util.concurrent.Executors$RunnableAdapter.call(Executors.java:511)
	at java.util.concurrent.FutureTask.run(FutureTask.java:266)
	at java.util.concurrent.ScheduledThreadPoolExecutor$ScheduledFutureTask.access$201(ScheduledThreadPoolExecutor.java:180)
	at java.util.concurrent.ScheduledThreadPoolExecutor$ScheduledFutureTask.run(ScheduledThreadPoolExecutor.java:293)
	... 3 more
2019-09-05 08:28:50,966 [Thread-7228] INFO  ratis.OzoneManagerRatisServer (OzoneManagerRatisServer.java:<init>(241)) - Instantiating OM Ratis server with GroupID: om-service-test1 and Raft Peers: localhost:13024, localhost:13012, localhost:13018
2019-09-05 08:28:50,969 [omNode-1:group-523986131536:LeaderElection90] INFO  impl.LeaderElection (LeaderElection.java:askForVotes(181)) - omNode-1:group-523986131536:LeaderElection90: begin an election at term 2 for -1: [omNode-3:localhost:13024, omNode-1:localhost:13012, omNode-2:localhost:13018], old=null
2019-09-05 08:28:50,970 [Thread-7228] INFO  impl.RaftServerProxy (ConfUtils.java:logGet(43)) - raft.rpc.type = GRPC (default)
2019-09-05 08:28:50,970 [Thread-7228] INFO  grpc.GrpcFactory (GrpcFactory.java:checkPooledByteBufAllocatorUseCacheForAllThreads(45)) - PERFORMANCE WARNING: useCacheForAllThreads is true that may cause Netty to create a lot garbage objects and, as a result, trigger GC.
	It is recommended to disable useCacheForAllThreads by setting -Dorg.apache.ratis.thirdparty.io.netty.allocator.useCacheForAllThreads=false in command line.
2019-09-05 08:28:50,970 [Thread-7228] INFO  grpc.GrpcConfigKeys$Server (ConfUtils.java:logGet(43)) - raft.grpc.server.port = 13024 (custom)
2019-09-05 08:28:50,970 [omNode-1:group-523986131536:LeaderElection90] INFO  impl.LeaderElection (LogUtils.java:infoOrTrace(149)) - omNode-1:group-523986131536:LeaderElection90 got exception when requesting votes: {}
java.util.concurrent.ExecutionException: org.apache.ratis.thirdparty.io.grpc.StatusRuntimeException: UNAVAILABLE: io exception
	at java.util.concurrent.FutureTask.report(FutureTask.java:122)
	at java.util.concurrent.FutureTask.get(FutureTask.java:192)
	at org.apache.ratis.server.impl.LeaderElection.waitForResults(LeaderElection.java:262)
	at org.apache.ratis.server.impl.LeaderElection.askForVotes(LeaderElection.java:200)
	at org.apache.ratis.server.impl.LeaderElection.run(LeaderElection.java:130)
	at java.lang.Thread.run(Thread.java:748)
Caused by: org.apache.ratis.thirdparty.io.grpc.StatusRuntimeException: UNAVAILABLE: io exception
	at org.apache.ratis.thirdparty.io.grpc.stub.ClientCalls.toStatusRuntimeException(ClientCalls.java:233)
	at org.apache.ratis.thirdparty.io.grpc.stub.ClientCalls.getUnchecked(ClientCalls.java:214)
	at org.apache.ratis.thirdparty.io.grpc.stub.ClientCalls.blockingUnaryCall(ClientCalls.java:139)
	at org.apache.ratis.proto.grpc.RaftServerProtocolServiceGrpc$RaftServerProtocolServiceBlockingStub.requestVote(RaftServerProtocolServiceGrpc.java:265)
	at org.apache.ratis.grpc.server.GrpcServerProtocolClient.requestVote(GrpcServerProtocolClient.java:83)
	at org.apache.ratis.grpc.server.GrpcService.requestVote(GrpcService.java:195)
	at org.apache.ratis.server.impl.LeaderElection.lambda$submitRequests$1(LeaderElection.java:237)
	at java.util.concurrent.FutureTask.run(FutureTask.java:266)
	at java.util.concurrent.Executors$RunnableAdapter.call(Executors.java:511)
	at java.util.concurrent.FutureTask.run(FutureTask.java:266)
	at java.util.concurrent.ThreadPoolExecutor.runWorker(ThreadPoolExecutor.java:1149)
	at java.util.concurrent.ThreadPoolExecutor$Worker.run(ThreadPoolExecutor.java:624)
	... 1 more
Caused by: org.apache.ratis.thirdparty.io.netty.channel.AbstractChannel$AnnotatedConnectException: Connection refused: localhost/127.0.0.1:13024
	at sun.nio.ch.SocketChannelImpl.checkConnect(Native Method)
	at sun.nio.ch.SocketChannelImpl.finishConnect(SocketChannelImpl.java:717)
	at org.apache.ratis.thirdparty.io.netty.channel.socket.nio.NioSocketChannel.doFinishConnect(NioSocketChannel.java:327)
	at org.apache.ratis.thirdparty.io.netty.channel.nio.AbstractNioChannel$AbstractNioUnsafe.finishConnect(AbstractNioChannel.java:340)
	at org.apache.ratis.thirdparty.io.netty.channel.nio.NioEventLoop.processSelectedKey(NioEventLoop.java:632)
	at org.apache.ratis.thirdparty.io.netty.channel.nio.NioEventLoop.processSelectedKeysOptimized(NioEventLoop.java:579)
	at org.apache.ratis.thirdparty.io.netty.channel.nio.NioEventLoop.processSelectedKeys(NioEventLoop.java:496)
	at org.apache.ratis.thirdparty.io.netty.channel.nio.NioEventLoop.run(NioEventLoop.java:458)
	at org.apache.ratis.thirdparty.io.netty.util.concurrent.SingleThreadEventExecutor$5.run(SingleThreadEventExecutor.java:897)
	at org.apache.ratis.thirdparty.io.netty.util.concurrent.FastThreadLocalRunnable.run(FastThreadLocalRunnable.java:30)
	... 1 more
Caused by: java.net.ConnectException: Connection refused
	... 11 more
2019-09-05 08:28:50,971 [Thread-7228] INFO  server.GrpcService (ConfUtils.java:logGet(43)) - raft.grpc.message.size.max = 33554432 (custom)
2019-09-05 08:28:50,974 [omNode-1:group-523986131536:LeaderElection90] INFO  impl.LeaderElection (LogUtils.java:infoOrTrace(149)) - omNode-1:group-523986131536:LeaderElection90 got exception when requesting votes: {}
java.util.concurrent.ExecutionException: org.apache.ratis.thirdparty.io.grpc.StatusRuntimeException: UNAVAILABLE: io exception
	at java.util.concurrent.FutureTask.report(FutureTask.java:122)
	at java.util.concurrent.FutureTask.get(FutureTask.java:192)
	at org.apache.ratis.server.impl.LeaderElection.waitForResults(LeaderElection.java:262)
	at org.apache.ratis.server.impl.LeaderElection.askForVotes(LeaderElection.java:200)
	at org.apache.ratis.server.impl.LeaderElection.run(LeaderElection.java:130)
	at java.lang.Thread.run(Thread.java:748)
Caused by: org.apache.ratis.thirdparty.io.grpc.StatusRuntimeException: UNAVAILABLE: io exception
	at org.apache.ratis.thirdparty.io.grpc.stub.ClientCalls.toStatusRuntimeException(ClientCalls.java:233)
	at org.apache.ratis.thirdparty.io.grpc.stub.ClientCalls.getUnchecked(ClientCalls.java:214)
	at org.apache.ratis.thirdparty.io.grpc.stub.ClientCalls.blockingUnaryCall(ClientCalls.java:139)
	at org.apache.ratis.proto.grpc.RaftServerProtocolServiceGrpc$RaftServerProtocolServiceBlockingStub.requestVote(RaftServerProtocolServiceGrpc.java:265)
	at org.apache.ratis.grpc.server.GrpcServerProtocolClient.requestVote(GrpcServerProtocolClient.java:83)
	at org.apache.ratis.grpc.server.GrpcService.requestVote(GrpcService.java:195)
	at org.apache.ratis.server.impl.LeaderElection.lambda$submitRequests$1(LeaderElection.java:237)
	at java.util.concurrent.FutureTask.run(FutureTask.java:266)
	at java.util.concurrent.Executors$RunnableAdapter.call(Executors.java:511)
	at java.util.concurrent.FutureTask.run(FutureTask.java:266)
	at java.util.concurrent.ThreadPoolExecutor.runWorker(ThreadPoolExecutor.java:1149)
	at java.util.concurrent.ThreadPoolExecutor$Worker.run(ThreadPoolExecutor.java:624)
	... 1 more
Caused by: org.apache.ratis.thirdparty.io.netty.channel.AbstractChannel$AnnotatedConnectException: Connection refused: localhost/127.0.0.1:13018
	at sun.nio.ch.SocketChannelImpl.checkConnect(Native Method)
	at sun.nio.ch.SocketChannelImpl.finishConnect(SocketChannelImpl.java:717)
	at org.apache.ratis.thirdparty.io.netty.channel.socket.nio.NioSocketChannel.doFinishConnect(NioSocketChannel.java:327)
	at org.apache.ratis.thirdparty.io.netty.channel.nio.AbstractNioChannel$AbstractNioUnsafe.finishConnect(AbstractNioChannel.java:340)
	at org.apache.ratis.thirdparty.io.netty.channel.nio.NioEventLoop.processSelectedKey(NioEventLoop.java:632)
	at org.apache.ratis.thirdparty.io.netty.channel.nio.NioEventLoop.processSelectedKeysOptimized(NioEventLoop.java:579)
	at org.apache.ratis.thirdparty.io.netty.channel.nio.NioEventLoop.processSelectedKeys(NioEventLoop.java:496)
	at org.apache.ratis.thirdparty.io.netty.channel.nio.NioEventLoop.run(NioEventLoop.java:458)
	at org.apache.ratis.thirdparty.io.netty.util.concurrent.SingleThreadEventExecutor$5.run(SingleThreadEventExecutor.java:897)
	at org.apache.ratis.thirdparty.io.netty.util.concurrent.FastThreadLocalRunnable.run(FastThreadLocalRunnable.java:30)
	... 1 more
Caused by: java.net.ConnectException: Connection refused
	... 11 more
2019-09-05 08:28:50,975 [Thread-7228] INFO  server.RaftServerConfigKeys (ConfUtils.java:logGet(43)) - raft.server.log.appender.buffer.byte-limit = 33554432 (custom)
2019-09-05 08:28:50,977 [omNode-1:group-523986131536:LeaderElection90] INFO  impl.LeaderElection (LeaderElection.java:logAndReturn(56)) - omNode-1:group-523986131536:LeaderElection90: Election REJECTED; received 0 response(s) [] and 2 exception(s); omNode-1:t2, leader=null, voted=omNode-1, raftlog=omNode-1-SegmentedRaftLog:OPENED:c-1,f-1,i0, conf=-1: [omNode-3:localhost:13024, omNode-1:localhost:13012, omNode-2:localhost:13018], old=null
2019-09-05 08:28:50,978 [Thread-7228] INFO  server.GrpcService (ConfUtils.java:logGet(43)) - raft.grpc.flow.control.window = 1MB (=1048576) (default)
2019-09-05 08:28:50,978 [omNode-1:group-523986131536:LeaderElection90] INFO  impl.LeaderElection (LogUtils.java:infoOrTrace(149)) -   Exception 0: {}
java.util.concurrent.ExecutionException: org.apache.ratis.thirdparty.io.grpc.StatusRuntimeException: UNAVAILABLE: io exception
	at java.util.concurrent.FutureTask.report(FutureTask.java:122)
	at java.util.concurrent.FutureTask.get(FutureTask.java:192)
	at org.apache.ratis.server.impl.LeaderElection.waitForResults(LeaderElection.java:262)
	at org.apache.ratis.server.impl.LeaderElection.askForVotes(LeaderElection.java:200)
	at org.apache.ratis.server.impl.LeaderElection.run(LeaderElection.java:130)
	at java.lang.Thread.run(Thread.java:748)
Caused by: org.apache.ratis.thirdparty.io.grpc.StatusRuntimeException: UNAVAILABLE: io exception
	at org.apache.ratis.thirdparty.io.grpc.stub.ClientCalls.toStatusRuntimeException(ClientCalls.java:233)
	at org.apache.ratis.thirdparty.io.grpc.stub.ClientCalls.getUnchecked(ClientCalls.java:214)
	at org.apache.ratis.thirdparty.io.grpc.stub.ClientCalls.blockingUnaryCall(ClientCalls.java:139)
	at org.apache.ratis.proto.grpc.RaftServerProtocolServiceGrpc$RaftServerProtocolServiceBlockingStub.requestVote(RaftServerProtocolServiceGrpc.java:265)
	at org.apache.ratis.grpc.server.GrpcServerProtocolClient.requestVote(GrpcServerProtocolClient.java:83)
	at org.apache.ratis.grpc.server.GrpcService.requestVote(GrpcService.java:195)
	at org.apache.ratis.server.impl.LeaderElection.lambda$submitRequests$1(LeaderElection.java:237)
	at java.util.concurrent.FutureTask.run(FutureTask.java:266)
	at java.util.concurrent.Executors$RunnableAdapter.call(Executors.java:511)
	at java.util.concurrent.FutureTask.run(FutureTask.java:266)
	at java.util.concurrent.ThreadPoolExecutor.runWorker(ThreadPoolExecutor.java:1149)
	at java.util.concurrent.ThreadPoolExecutor$Worker.run(ThreadPoolExecutor.java:624)
	... 1 more
Caused by: org.apache.ratis.thirdparty.io.netty.channel.AbstractChannel$AnnotatedConnectException: Connection refused: localhost/127.0.0.1:13024
	at sun.nio.ch.SocketChannelImpl.checkConnect(Native Method)
	at sun.nio.ch.SocketChannelImpl.finishConnect(SocketChannelImpl.java:717)
	at org.apache.ratis.thirdparty.io.netty.channel.socket.nio.NioSocketChannel.doFinishConnect(NioSocketChannel.java:327)
	at org.apache.ratis.thirdparty.io.netty.channel.nio.AbstractNioChannel$AbstractNioUnsafe.finishConnect(AbstractNioChannel.java:340)
	at org.apache.ratis.thirdparty.io.netty.channel.nio.NioEventLoop.processSelectedKey(NioEventLoop.java:632)
	at org.apache.ratis.thirdparty.io.netty.channel.nio.NioEventLoop.processSelectedKeysOptimized(NioEventLoop.java:579)
	at org.apache.ratis.thirdparty.io.netty.channel.nio.NioEventLoop.processSelectedKeys(NioEventLoop.java:496)
	at org.apache.ratis.thirdparty.io.netty.channel.nio.NioEventLoop.run(NioEventLoop.java:458)
	at org.apache.ratis.thirdparty.io.netty.util.concurrent.SingleThreadEventExecutor$5.run(SingleThreadEventExecutor.java:897)
	at org.apache.ratis.thirdparty.io.netty.util.concurrent.FastThreadLocalRunnable.run(FastThreadLocalRunnable.java:30)
	... 1 more
Caused by: java.net.ConnectException: Connection refused
	... 11 more
2019-09-05 08:28:50,978 [omNode-1:group-523986131536:LeaderElection90] INFO  impl.LeaderElection (LogUtils.java:infoOrTrace(149)) -   Exception 1: {}
java.util.concurrent.ExecutionException: org.apache.ratis.thirdparty.io.grpc.StatusRuntimeException: UNAVAILABLE: io exception
	at java.util.concurrent.FutureTask.report(FutureTask.java:122)
	at java.util.concurrent.FutureTask.get(FutureTask.java:192)
	at org.apache.ratis.server.impl.LeaderElection.waitForResults(LeaderElection.java:262)
	at org.apache.ratis.server.impl.LeaderElection.askForVotes(LeaderElection.java:200)
	at org.apache.ratis.server.impl.LeaderElection.run(LeaderElection.java:130)
	at java.lang.Thread.run(Thread.java:748)
Caused by: org.apache.ratis.thirdparty.io.grpc.StatusRuntimeException: UNAVAILABLE: io exception
	at org.apache.ratis.thirdparty.io.grpc.stub.ClientCalls.toStatusRuntimeException(ClientCalls.java:233)
	at org.apache.ratis.thirdparty.io.grpc.stub.ClientCalls.getUnchecked(ClientCalls.java:214)
	at org.apache.ratis.thirdparty.io.grpc.stub.ClientCalls.blockingUnaryCall(ClientCalls.java:139)
	at org.apache.ratis.proto.grpc.RaftServerProtocolServiceGrpc$RaftServerProtocolServiceBlockingStub.requestVote(RaftServerProtocolServiceGrpc.java:265)
	at org.apache.ratis.grpc.server.GrpcServerProtocolClient.requestVote(GrpcServerProtocolClient.java:83)
	at org.apache.ratis.grpc.server.GrpcService.requestVote(GrpcService.java:195)
	at org.apache.ratis.server.impl.LeaderElection.lambda$submitRequests$1(LeaderElection.java:237)
	at java.util.concurrent.FutureTask.run(FutureTask.java:266)
	at java.util.concurrent.Executors$RunnableAdapter.call(Executors.java:511)
	at java.util.concurrent.FutureTask.run(FutureTask.java:266)
	at java.util.concurrent.ThreadPoolExecutor.runWorker(ThreadPoolExecutor.java:1149)
	at java.util.concurrent.ThreadPoolExecutor$Worker.run(ThreadPoolExecutor.java:624)
	... 1 more
Caused by: org.apache.ratis.thirdparty.io.netty.channel.AbstractChannel$AnnotatedConnectException: Connection refused: localhost/127.0.0.1:13018
	at sun.nio.ch.SocketChannelImpl.checkConnect(Native Method)
	at sun.nio.ch.SocketChannelImpl.finishConnect(SocketChannelImpl.java:717)
	at org.apache.ratis.thirdparty.io.netty.channel.socket.nio.NioSocketChannel.doFinishConnect(NioSocketChannel.java:327)
	at org.apache.ratis.thirdparty.io.netty.channel.nio.AbstractNioChannel$AbstractNioUnsafe.finishConnect(AbstractNioChannel.java:340)
	at org.apache.ratis.thirdparty.io.netty.channel.nio.NioEventLoop.processSelectedKey(NioEventLoop.java:632)
	at org.apache.ratis.thirdparty.io.netty.channel.nio.NioEventLoop.processSelectedKeysOptimized(NioEventLoop.java:579)
	at org.apache.ratis.thirdparty.io.netty.channel.nio.NioEventLoop.processSelectedKeys(NioEventLoop.java:496)
	at org.apache.ratis.thirdparty.io.netty.channel.nio.NioEventLoop.run(NioEventLoop.java:458)
	at org.apache.ratis.thirdparty.io.netty.util.concurrent.SingleThreadEventExecutor$5.run(SingleThreadEventExecutor.java:897)
	at org.apache.ratis.thirdparty.io.netty.util.concurrent.FastThreadLocalRunnable.run(FastThreadLocalRunnable.java:30)
	... 1 more
Caused by: java.net.ConnectException: Connection refused
	... 11 more
2019-09-05 08:28:50,978 [Thread-7228] INFO  server.RaftServerConfigKeys (ConfUtils.java:logGet(43)) - raft.server.rpc.request.timeout = 3000ms (default)
2019-09-05 08:28:50,979 [omNode-1:group-523986131536:LeaderElection90] INFO  impl.RaftServerImpl (RaftServerImpl.java:setRole(171)) - omNode-1:group-523986131536 changes role from CANDIDATE to FOLLOWER at term 2 for DISCOVERED_A_NEW_TERM
2019-09-05 08:28:50,979 [omNode-1:group-523986131536:LeaderElection90] INFO  impl.RoleInfo (RoleInfo.java:shutdownLeaderElection(134)) - omNode-1: shutdown LeaderElection
2019-09-05 08:28:50,979 [omNode-1:group-523986131536:LeaderElection90] INFO  impl.RoleInfo (RoleInfo.java:updateAndGet(143)) - omNode-1: start FollowerState
2019-09-05 08:28:50,979 [Thread-7228] INFO  server.RaftServerConfigKeys (ConfUtils.java:logGet(43)) - raft.server.storage.dir = [/workdir/hadoop-ozone/integration-test/target/test-dir/MiniOzoneClusterImpl-e0d84eed-451a-4624-af13-1b9bd6e78dbd/omNode-3/ratis] (custom)
2019-09-05 08:28:50,980 [Thread-7228] INFO  impl.RaftServerProxy (RaftServerProxy.java:addNew(89)) - omNode-3: addNew group-523986131536:[omNode-3:localhost:13024, omNode-1:localhost:13012, omNode-2:localhost:13018] returns group-523986131536:java.util.concurrent.CompletableFuture@4805e12c[Not completed]
2019-09-05 08:28:50,980 [pool-1527-thread-1] INFO  impl.RaftServerImpl (RaftServerImpl.java:<init>(93)) - omNode-3: new RaftServerImpl for group-523986131536:[omNode-3:localhost:13024, omNode-1:localhost:13012, omNode-2:localhost:13018] with OzoneManagerStateMachine:uninitialized
2019-09-05 08:28:50,980 [Thread-7228] INFO  om.OzoneManager (OzoneManager.java:initializeRatisServer(1398)) - OzoneManager Ratis server initialized at port 13024
2019-09-05 08:28:50,980 [pool-1527-thread-1] INFO  server.RaftServerConfigKeys (ConfUtils.java:logGet(43)) - raft.server.rpc.timeout.min = 1s (custom)
2019-09-05 08:28:50,981 [Thread-7228] WARN  scm.HddsServerUtil (HddsServerUtil.java:getDefaultRatisDirectory(354)) - Storage directory for Ratis is not configured. It is a good idea to map this to an SSD disk. Falling back to ozone.metadata.dirs
2019-09-05 08:28:50,981 [pool-1527-thread-1] INFO  server.RaftServerConfigKeys (ConfUtils.java:logGet(43)) - raft.server.rpc.timeout.max = 1200ms (custom)
2019-09-05 08:28:50,981 [pool-1527-thread-1] INFO  server.RaftServerConfigKeys (ConfUtils.java:logGet(43)) - raft.server.rpcslowness.timeout = 2s (custom)
2019-09-05 08:28:50,981 [Thread-7228] WARN  scm.HddsServerUtil (HddsServerUtil.java:getDefaultRatisDirectory(354)) - Storage directory for Ratis is not configured. It is a good idea to map this to an SSD disk. Falling back to ozone.metadata.dirs
2019-09-05 08:28:50,981 [pool-1527-thread-1] INFO  server.RaftServerConfigKeys (ConfUtils.java:logGet(43)) - raft.server.sleep.deviation.threshold = 300 (default)
2019-09-05 08:28:50,981 [pool-1527-thread-1] INFO  server.RaftServerConfigKeys (ConfUtils.java:logGet(43)) - raft.server.log.appender.install.snapshot.enabled = false (custom)
2019-09-05 08:28:50,981 [Thread-7228] INFO  snapshot.OzoneManagerSnapshotProvider (OzoneManagerSnapshotProvider.java:<init>(81)) - Initializing OM Snapshot Provider
2019-09-05 08:28:50,982 [pool-1527-thread-1] INFO  impl.RaftServerImpl (ServerState.java:<init>(105)) - omNode-3:group-523986131536 ConfigurationManager, init=-1: [omNode-3:localhost:13024, omNode-1:localhost:13012, omNode-2:localhost:13018], old=null, confs=<EMPTY_MAP>
2019-09-05 08:28:50,982 [pool-1527-thread-1] INFO  server.RaftServerConfigKeys (ConfUtils.java:logGet(43)) - raft.server.storage.dir = [/workdir/hadoop-ozone/integration-test/target/test-dir/MiniOzoneClusterImpl-e0d84eed-451a-4624-af13-1b9bd6e78dbd/omNode-3/ratis] (custom)
2019-09-05 08:28:50,982 [pool-1527-thread-1] INFO  storage.RaftStorageDirectory (RaftStorageDirectory.java:analyzeStorage(246)) - The storage directory /workdir/hadoop-ozone/integration-test/target/test-dir/MiniOzoneClusterImpl-e0d84eed-451a-4624-af13-1b9bd6e78dbd/omNode-3/ratis/c9bc4cf4-3bc3-3c60-a66b-523986131536 does not exist. Creating ...
2019-09-05 08:28:50,983 [Thread-7228] INFO  ipc.CallQueueManager (CallQueueManager.java:<init>(84)) - Using callQueue: class java.util.concurrent.LinkedBlockingQueue, queueCapacity: 2000, scheduler: class org.apache.hadoop.ipc.DefaultRpcScheduler, ipcBackoff: false.
2019-09-05 08:28:50,984 [Socket Reader #1 for port 13020] INFO  ipc.Server (Server.java:run(1074)) - Starting Socket Reader #1 for port 13020
2019-09-05 08:28:51,003 [Thread-7228] INFO  om.OzoneManager (OzoneManager.java:start(1256)) - OzoneManager RPC server is listening at localhost/127.0.0.1:13020
2019-09-05 08:28:51,003 [Thread-7228] INFO  impl.MetricsSystemImpl (MetricsSystemImpl.java:init(158)) - OzoneManager metrics system started (again)
2019-09-05 08:28:51,003 [Thread-7228] INFO  ratis.OzoneManagerRatisServer (OzoneManagerRatisServer.java:start(331)) - Starting OzoneManagerRatisServer omNode-3 at port 13024
2019-09-05 08:28:51,009 [pool-1527-thread-1] INFO  storage.RaftStorageDirectory (RaftStorageDirectory.java:tryLock(328)) - Lock on /workdir/hadoop-ozone/integration-test/target/test-dir/MiniOzoneClusterImpl-e0d84eed-451a-4624-af13-1b9bd6e78dbd/omNode-3/ratis/c9bc4cf4-3bc3-3c60-a66b-523986131536/in_use.lock acquired by nodename 23500@pr-hdds-1571-lfg7x-4139639749
2019-09-05 08:28:51,043 [pool-1527-thread-1] INFO  storage.RaftStorage (RaftStorage.java:format(72)) - Storage directory /workdir/hadoop-ozone/integration-test/target/test-dir/MiniOzoneClusterImpl-e0d84eed-451a-4624-af13-1b9bd6e78dbd/omNode-3/ratis/c9bc4cf4-3bc3-3c60-a66b-523986131536 has been successfully formatted.
2019-09-05 08:28:51,043 [pool-1527-thread-1] INFO  server.RaftServerConfigKeys (ConfUtils.java:logGet(43)) - raft.server.leader.election.timeout = 2s (custom)
2019-09-05 08:28:51,044 [pool-1527-thread-1] INFO  server.RaftServerConfigKeys (ConfUtils.java:logGet(43)) - raft.server.log.use.memory = false (default)
2019-09-05 08:28:51,044 [pool-1527-thread-1] INFO  server.RaftServerConfigKeys (ConfUtils.java:logGet(43)) - raft.server.log.purge.gap = 50 (custom)
2019-09-05 08:28:51,044 [pool-1527-thread-1] INFO  server.RaftServerConfigKeys (ConfUtils.java:logGet(43)) - raft.server.log.appender.buffer.byte-limit = 33554432 (custom)
2019-09-05 08:28:51,044 [pool-1527-thread-1] INFO  server.RaftServerConfigKeys (ConfUtils.java:logGet(43)) - raft.server.log.segment.size.max = 16384 (custom)
2019-09-05 08:28:51,044 [pool-1527-thread-1] INFO  server.RaftServerConfigKeys (ConfUtils.java:logGet(43)) - raft.server.log.segment.cache.num.max = 2 (custom)
2019-09-05 08:28:51,044 [pool-1527-thread-1] INFO  segmented.SegmentedRaftLogWorker (SegmentedRaftLogWorker.java:<init>(172)) - new omNode-3-SegmentedRaftLogWorker:Storage Directory /workdir/hadoop-ozone/integration-test/target/test-dir/MiniOzoneClusterImpl-e0d84eed-451a-4624-af13-1b9bd6e78dbd/omNode-3/ratis/c9bc4cf4-3bc3-3c60-a66b-523986131536 for RaftStorage:Storage Directory /workdir/hadoop-ozone/integration-test/target/test-dir/MiniOzoneClusterImpl-e0d84eed-451a-4624-af13-1b9bd6e78dbd/omNode-3/ratis/c9bc4cf4-3bc3-3c60-a66b-523986131536
2019-09-05 08:28:51,045 [pool-1527-thread-1] INFO  server.RaftServerConfigKeys (ConfUtils.java:logGet(43)) - raft.server.log.queue.byte-limit = 64MB (=67108864) (default)
2019-09-05 08:28:51,045 [pool-1527-thread-1] INFO  server.RaftServerConfigKeys (ConfUtils.java:logGet(43)) - raft.server.log.queue.element-limit = 4096 (default)
2019-09-05 08:28:51,045 [pool-1527-thread-1] INFO  server.RaftServerConfigKeys (ConfUtils.java:logGet(43)) - raft.server.log.segment.size.max = 16384 (custom)
2019-09-05 08:28:51,046 [pool-1527-thread-1] INFO  server.RaftServerConfigKeys (ConfUtils.java:logGet(43)) - raft.server.log.preallocated.size = 16384 (custom)
2019-09-05 08:28:51,046 [pool-1527-thread-1] INFO  server.RaftServerConfigKeys (ConfUtils.java:logGet(43)) - raft.server.log.write.buffer.size = 64KB (=65536) (default)
2019-09-05 08:28:51,046 [pool-1527-thread-1] INFO  server.RaftServerConfigKeys (ConfUtils.java:logGet(43)) - raft.server.log.force.sync.num = 128 (default)
2019-09-05 08:28:51,046 [pool-1527-thread-1] INFO  server.RaftServerConfigKeys (ConfUtils.java:logGet(43)) - raft.server.log.statemachine.data.sync = true (default)
2019-09-05 08:28:51,047 [pool-1527-thread-1] INFO  server.RaftServerConfigKeys (ConfUtils.java:logGet(43)) - raft.server.log.statemachine.data.sync.timeout = 10s (default)
2019-09-05 08:28:51,047 [pool-1527-thread-1] INFO  server.RaftServerConfigKeys (ConfUtils.java:logGet(43)) - raft.server.log.statemachine.data.sync.timeout.retry = -1 (default)
2019-09-05 08:28:51,047 [pool-1527-thread-1] INFO  server.RaftServerConfigKeys (ConfUtils.java:logGet(43)) - raft.server.log.statemachine.data.caching.enabled = false (default)
2019-09-05 08:28:51,048 [pool-1527-thread-1] INFO  segmented.SegmentedRaftLogWorker (SegmentedRaftLogWorker.java:lambda$new$0(132)) - omNode-3-SegmentedRaftLogWorker:Storage Directory /workdir/hadoop-ozone/integration-test/target/test-dir/MiniOzoneClusterImpl-e0d84eed-451a-4624-af13-1b9bd6e78dbd/omNode-3/ratis/c9bc4cf4-3bc3-3c60-a66b-523986131536: flushIndex: setUnconditionally 0 -> -1
2019-09-05 08:28:51,048 [pool-1527-thread-1] INFO  server.RaftServerConfigKeys (ConfUtils.java:logGet(43)) - raft.server.snapshot.auto.trigger.enabled = true (custom)
2019-09-05 08:28:51,049 [pool-1527-thread-1] INFO  server.RaftServerConfigKeys (ConfUtils.java:logGet(43)) - raft.server.snapshot.auto.trigger.threshold = 50 (custom)
2019-09-05 08:28:51,049 [pool-1527-thread-1] INFO  server.RaftServerConfigKeys (ConfUtils.java:logGet(43)) - raft.server.retrycache.expirytime = 600000ms (custom)
2019-09-05 08:28:51,049 [Thread-7228] INFO  impl.RaftServerImpl (RaftServerImpl.java:start(180)) - omNode-3: start group-523986131536
2019-09-05 08:28:51,052 [Thread-7228] INFO  impl.RaftServerImpl (RaftServerImpl.java:setRole(171)) - omNode-3:group-523986131536 changes role from null to FOLLOWER at term 0 for startAsFollower
2019-09-05 08:28:51,053 [Thread-7228] INFO  impl.RoleInfo (RoleInfo.java:updateAndGet(143)) - omNode-3: start FollowerState
2019-09-05 08:28:51,053 [Thread-7228] INFO  util.JmxRegister (JmxRegister.java:tryRegister(44)) - Successfully registered JMX Bean with object name Ratis:service=RaftServer,group=group-523986131536,id=omNode-3
2019-09-05 08:28:51,054 [Thread-7228] INFO  impl.RaftServerProxy (RaftServerProxy.java:lambda$start$3(299)) - omNode-3: start RPC server
2019-09-05 08:28:51,055 [Thread-7228] INFO  server.GrpcService (GrpcService.java:startImpl(149)) - omNode-3: GrpcService started, listening on 0.0.0.0/0.0.0.0:13024
2019-09-05 08:28:51,056 [IPC Server Responder] INFO  ipc.Server (Server.java:run(1314)) - IPC Server Responder: starting
2019-09-05 08:28:51,061 [IPC Server listener on 13020] INFO  ipc.Server (Server.java:run(1153)) - IPC Server listener on 13020: starting
2019-09-05 08:28:51,092 [Thread-7228] INFO  hdfs.DFSUtil (DFSUtil.java:httpServerTemplateForNNAndJN(1641)) - Starting Web-server for ozoneManager at: http://0.0.0.0:13022
2019-09-05 08:28:51,094 [Thread-7228] INFO  server.AuthenticationFilter (AuthenticationFilter.java:constructSecretProvider(240)) - Unable to initialize FileSignerSecretProvider, falling back to use random secrets.
2019-09-05 08:28:51,094 [Thread-7228] WARN  http.HttpRequestLog (HttpRequestLog.java:getRequestLog(97)) - Jetty request log can only be enabled using Log4j
2019-09-05 08:28:51,096 [Thread-7228] INFO  http.HttpServer2 (HttpServer2.java:addGlobalFilter(975)) - Added global filter 'safety' (class=org.apache.hadoop.http.HttpServer2$QuotingInputFilter)
2019-09-05 08:28:51,097 [Thread-7228] INFO  http.HttpServer2 (HttpServer2.java:addFilter(948)) - Added filter static_user_filter (class=org.apache.hadoop.http.lib.StaticUserWebFilter$StaticUserFilter) to context ozoneManager
2019-09-05 08:28:51,097 [Thread-7228] INFO  http.HttpServer2 (HttpServer2.java:addFilter(958)) - Added filter static_user_filter (class=org.apache.hadoop.http.lib.StaticUserWebFilter$StaticUserFilter) to context static
2019-09-05 08:28:51,097 [Thread-7228] INFO  http.HttpServer2 (HttpServer2.java:addFilter(958)) - Added filter static_user_filter (class=org.apache.hadoop.http.lib.StaticUserWebFilter$StaticUserFilter) to context logs
2019-09-05 08:28:51,098 [Thread-7228] INFO  http.HttpServer2 (HttpServer2.java:bindListener(1191)) - Jetty bound to port 13022
2019-09-05 08:28:51,098 [Thread-7228] INFO  server.Server (Server.java:doStart(351)) - jetty-9.3.24.v20180605, build timestamp: 2018-06-05T17:11:56Z, git hash: 84205aa28f11a4f31f2a3b86d1bba2cc8ab69827
2019-09-05 08:28:51,100 [Thread-7228] INFO  handler.ContextHandler (ContextHandler.java:doStart(781)) - Started o.e.j.s.ServletContextHandler@22ea04b7{/logs,file:///workdir/hadoop-ozone/integration-test/target/log,AVAILABLE}
2019-09-05 08:28:51,101 [Thread-7228] INFO  handler.ContextHandler (ContextHandler.java:doStart(781)) - Started o.e.j.s.ServletContextHandler@56fd9228{/static,file:///workdir/hadoop-ozone/integration-test/target/test-classes/webapps/static,AVAILABLE}
2019-09-05 08:28:51,106 [Thread-7228] INFO  handler.ContextHandler (ContextHandler.java:doStart(781)) - Started o.e.j.w.WebAppContext@9faf3c2{/,file:///workdir/hadoop-ozone/integration-test/target/test-classes/webapps/ozoneManager/,AVAILABLE}{/ozoneManager}
2019-09-05 08:28:51,106 [Thread-7228] INFO  server.AbstractConnector (AbstractConnector.java:doStart(278)) - Started ServerConnector@63cfa011{HTTP/1.1,[http/1.1]}{0.0.0.0:13022}
2019-09-05 08:28:51,110 [Thread-7228] INFO  server.Server (Server.java:doStart(419)) - Started @485962ms
2019-09-05 08:28:51,111 [Thread-7228] INFO  server.BaseHttpServer (BaseHttpServer.java:updateConnectorAddress(213)) - HTTP server of OZONEMANAGER is listening at http://0.0.0.0:13022
2019-09-05 08:28:51,111 [Thread-7228] INFO  ozone.MiniOzoneHAClusterImpl (MiniOzoneHAClusterImpl.java:createOMService(259)) - Started OzoneManager RPC server at localhost/127.0.0.1:13020
2019-09-05 08:28:51,115 [Thread-7228] INFO  impl.MetricsSystemImpl (MetricsSystemImpl.java:init(158)) - HddsDatanode metrics system started (again)
2019-09-05 08:28:51,136 [Thread-7228] INFO  ozone.HddsDatanodeService (HddsDatanodeService.java:start(184)) - HddsDatanodeService host:pr-hdds-1571-lfg7x-4139639749 ip:192.168.36.69
2019-09-05 08:28:51,147 [Thread-7228] INFO  volume.HddsVolume (HddsVolume.java:<init>(176)) - Creating Volume: /workdir/hadoop-ozone/integration-test/target/test-dir/MiniOzoneClusterImpl-e0d84eed-451a-4624-af13-1b9bd6e78dbd/datanode-0/data/containers/hdds of  storage type : DISK and capacity : 1482555576320
2019-09-05 08:28:51,147 [Thread-7228] INFO  volume.VolumeSet (VolumeSet.java:initializeVolumeSet(170)) - Added Volume : /workdir/hadoop-ozone/integration-test/target/test-dir/MiniOzoneClusterImpl-e0d84eed-451a-4624-af13-1b9bd6e78dbd/datanode-0/data/containers/hdds to VolumeSet
2019-09-05 08:28:51,148 [Thread-7228] INFO  volume.ThrottledAsyncChecker (ThrottledAsyncChecker.java:schedule(140)) - Scheduling a check for org.apache.hadoop.ozone.container.common.volume.HddsVolume@161354c
2019-09-05 08:28:51,148 [Thread-7228] INFO  volume.HddsVolumeChecker (HddsVolumeChecker.java:checkAllVolumes(203)) - Scheduled health check for volume org.apache.hadoop.ozone.container.common.volume.HddsVolume@161354c
2019-09-05 08:28:51,167 [Thread-7228] INFO  impl.RaftServerProxy (ConfUtils.java:logGet(43)) - raft.rpc.type = GRPC (default)
2019-09-05 08:28:51,168 [Thread-7228] INFO  grpc.GrpcFactory (GrpcFactory.java:checkPooledByteBufAllocatorUseCacheForAllThreads(45)) - PERFORMANCE WARNING: useCacheForAllThreads is true that may cause Netty to create a lot garbage objects and, as a result, trigger GC.
	It is recommended to disable useCacheForAllThreads by setting -Dorg.apache.ratis.thirdparty.io.netty.allocator.useCacheForAllThreads=false in command line.
2019-09-05 08:28:51,168 [Thread-7228] INFO  grpc.GrpcConfigKeys$Server (ConfUtils.java:logGet(43)) - raft.grpc.server.port = 0 (default)
2019-09-05 08:28:51,168 [Thread-7228] INFO  server.GrpcService (ConfUtils.java:logGet(43)) - raft.grpc.message.size.max = 33570816 (custom)
2019-09-05 08:28:51,168 [Thread-7228] INFO  server.RaftServerConfigKeys (ConfUtils.java:logGet(43)) - raft.server.log.appender.buffer.byte-limit = 33554432 (custom)
2019-09-05 08:28:51,168 [Thread-7228] INFO  server.GrpcService (ConfUtils.java:logGet(43)) - raft.grpc.flow.control.window = 1MB (=1048576) (default)
2019-09-05 08:28:51,168 [Thread-7228] INFO  server.RaftServerConfigKeys (ConfUtils.java:logGet(43)) - raft.server.rpc.request.timeout = 3000ms (default)
2019-09-05 08:28:51,169 [Thread-7228] INFO  server.RaftServerConfigKeys (ConfUtils.java:logGet(43)) - raft.server.storage.dir = [/workdir/hadoop-ozone/integration-test/target/test-dir/MiniOzoneClusterImpl-e0d84eed-451a-4624-af13-1b9bd6e78dbd/datanode-0/data/ratis] (custom)
2019-09-05 08:28:51,169 [Thread-7228] INFO  replication.SimpleContainerDownloader (SimpleContainerDownloader.java:<init>(72)) - Starting container downloader service to copy containers to replicate.
2019-09-05 08:28:51,170 [Thread-7228] INFO  hdfs.DFSUtil (DFSUtil.java:httpServerTemplateForNNAndJN(1641)) - Starting Web-server for hddsDatanode at: http://0.0.0.0:0
2019-09-05 08:28:51,172 [Thread-7228] INFO  server.AuthenticationFilter (AuthenticationFilter.java:constructSecretProvider(240)) - Unable to initialize FileSignerSecretProvider, falling back to use random secrets.
2019-09-05 08:28:51,172 [Thread-7228] WARN  http.HttpRequestLog (HttpRequestLog.java:getRequestLog(97)) - Jetty request log can only be enabled using Log4j
2019-09-05 08:28:51,173 [Thread-7228] INFO  http.HttpServer2 (HttpServer2.java:addGlobalFilter(975)) - Added global filter 'safety' (class=org.apache.hadoop.http.HttpServer2$QuotingInputFilter)
2019-09-05 08:28:51,174 [Thread-7228] INFO  http.HttpServer2 (HttpServer2.java:addFilter(948)) - Added filter static_user_filter (class=org.apache.hadoop.http.lib.StaticUserWebFilter$StaticUserFilter) to context hddsDatanode
2019-09-05 08:28:51,174 [Thread-7228] INFO  http.HttpServer2 (HttpServer2.java:addFilter(958)) - Added filter static_user_filter (class=org.apache.hadoop.http.lib.StaticUserWebFilter$StaticUserFilter) to context static
2019-09-05 08:28:51,174 [Thread-7228] INFO  http.HttpServer2 (HttpServer2.java:addFilter(958)) - Added filter static_user_filter (class=org.apache.hadoop.http.lib.StaticUserWebFilter$StaticUserFilter) to context logs
2019-09-05 08:28:51,174 [Thread-7228] INFO  http.HttpServer2 (HttpServer2.java:bindListener(1191)) - Jetty bound to port 45363
2019-09-05 08:28:51,175 [Thread-7228] INFO  server.Server (Server.java:doStart(351)) - jetty-9.3.24.v20180605, build timestamp: 2018-06-05T17:11:56Z, git hash: 84205aa28f11a4f31f2a3b86d1bba2cc8ab69827
2019-09-05 08:28:51,176 [Thread-7228] INFO  handler.ContextHandler (ContextHandler.java:doStart(781)) - Started o.e.j.s.ServletContextHandler@3e239cd{/logs,file:///workdir/hadoop-ozone/integration-test/target/log,AVAILABLE}
2019-09-05 08:28:51,177 [Thread-7228] INFO  handler.ContextHandler (ContextHandler.java:doStart(781)) - Started o.e.j.s.ServletContextHandler@7e66734c{/static,jar:file:/home/user/.m2/repository/org/apache/hadoop/hadoop-hdds-container-service/0.5.0-SNAPSHOT/hadoop-hdds-container-service-0.5.0-SNAPSHOT.jar!/webapps/static,AVAILABLE}
2019-09-05 08:28:51,207 [Thread-7228] INFO  handler.ContextHandler (ContextHandler.java:doStart(781)) - Started o.e.j.w.WebAppContext@2ada00cb{/,file:///tmp/jetty-0.0.0.0-45363-hddsDatanode-_-any-6570980196032809162.dir/webapp/,AVAILABLE}{/hddsDatanode}
2019-09-05 08:28:51,208 [Thread-7228] INFO  server.AbstractConnector (AbstractConnector.java:doStart(278)) - Started ServerConnector@1523261b{HTTP/1.1,[http/1.1]}{0.0.0.0:45363}
2019-09-05 08:28:51,208 [Thread-7228] INFO  server.Server (Server.java:doStart(419)) - Started @486060ms
2019-09-05 08:28:51,211 [Thread-7228] INFO  server.BaseHttpServer (BaseHttpServer.java:updateConnectorAddress(213)) - HTTP server of HDDSDATANODE is listening at http://0.0.0.0:45363
2019-09-05 08:28:51,343 | INFO  | ObjectStoreRestHttpServer | Listening HDDS REST traffic on /0.0.0.0:44784 |  
2019-09-05 08:28:51,344 [Thread-7228] INFO  ozone.HddsDatanodeService (HddsDatanodeService.java:startPlugins(395)) - Started plug-in org.apache.hadoop.ozone.web.OzoneHddsDatanodeService@405b3ef0
2019-09-05 08:28:51,344 [Thread-7228] INFO  ozone.MiniOzoneClusterImpl (MiniOzoneClusterImpl.java:lambda$waitForClusterToBeReady$0(142)) - Waiting for cluster to be ready. Got 0 of 1 DN Heartbeats.
2019-09-05 08:28:51,346 [org.apache.hadoop.util.JvmPauseMonitor$Monitor@4675b7c5] INFO  util.JvmPauseMonitor (JvmPauseMonitor.java:run(188)) - Starting JVM pause monitor
2019-09-05 08:28:51,347 [Datanode State Machine Thread - 0] INFO  datanode.InitDatanodeState (InitDatanodeState.java:persistContainerDatanodeDetails(140)) - DatanodeDetails is persisted to /workdir/hadoop-ozone/integration-test/target/test-dir/MiniOzoneClusterImpl-e0d84eed-451a-4624-af13-1b9bd6e78dbd/datanode-0/meta/datanode.id
2019-09-05 08:28:52,016 [Thread-7407] INFO  impl.FollowerState (FollowerState.java:run(106)) - omNode-2:group-523986131536 changes to CANDIDATE, lastRpcTime:1101, electionTimeout:1101ms
2019-09-05 08:28:52,016 [Thread-7407] INFO  impl.RoleInfo (RoleInfo.java:shutdownFollowerState(121)) - omNode-2: shutdown FollowerState
2019-09-05 08:28:52,016 [Thread-7407] INFO  impl.RaftServerImpl (RaftServerImpl.java:setRole(171)) - omNode-2:group-523986131536 changes role from FOLLOWER to CANDIDATE at term 1 for changeToCandidate
2019-09-05 08:28:52,017 [Thread-7407] INFO  impl.RoleInfo (RoleInfo.java:updateAndGet(143)) - omNode-2: start LeaderElection
2019-09-05 08:28:52,052 [omNode-2:group-523986131536:LeaderElection91] INFO  impl.LeaderElection (LeaderElection.java:askForVotes(181)) - omNode-2:group-523986131536:LeaderElection91: begin an election at term 2 for -1: [omNode-3:localhost:13024, omNode-1:localhost:13012, omNode-2:localhost:13018], old=null
2019-09-05 08:28:52,059 [grpc-default-executor-8] INFO  impl.RaftServerImpl (RaftServerImpl.java:setRole(171)) - omNode-3:group-523986131536 changes role from FOLLOWER to FOLLOWER at term 2 for recognizeCandidate:omNode-2
2019-09-05 08:28:52,059 [grpc-default-executor-8] INFO  impl.RoleInfo (RoleInfo.java:shutdownFollowerState(121)) - omNode-3: shutdown FollowerState
2019-09-05 08:28:52,059 [grpc-default-executor-8] INFO  impl.RoleInfo (RoleInfo.java:updateAndGet(143)) - omNode-3: start FollowerState
2019-09-05 08:28:52,060 [Thread-7420] INFO  impl.FollowerState (FollowerState.java:run(114)) - omNode-3: FollowerState was interrupted: java.lang.InterruptedException: sleep interrupted
2019-09-05 08:28:52,083 [Thread-7414] INFO  impl.FollowerState (FollowerState.java:run(106)) - omNode-1:group-523986131536 changes to CANDIDATE, lastRpcTime:1103, electionTimeout:1103ms
2019-09-05 08:28:52,083 [Thread-7414] INFO  impl.RoleInfo (RoleInfo.java:shutdownFollowerState(121)) - omNode-1: shutdown FollowerState
2019-09-05 08:28:52,083 [Thread-7414] INFO  impl.RaftServerImpl (RaftServerImpl.java:setRole(171)) - omNode-1:group-523986131536 changes role from FOLLOWER to CANDIDATE at term 2 for changeToCandidate
2019-09-05 08:28:52,084 [Thread-7414] INFO  impl.RoleInfo (RoleInfo.java:updateAndGet(143)) - omNode-1: start LeaderElection
2019-09-05 08:28:52,104 [omNode-2:group-523986131536:LeaderElection91] INFO  impl.LeaderElection (LeaderElection.java:logAndReturn(56)) - omNode-2:group-523986131536:LeaderElection91: Election PASSED; received 2 response(s) [omNode-2<-omNode-3#0:OK-t2, omNode-2<-omNode-1#0:FAIL-t2] and 0 exception(s); omNode-2:t2, leader=null, voted=omNode-2, raftlog=omNode-2-SegmentedRaftLog:OPENED:c-1,f-1,i0, conf=-1: [omNode-3:localhost:13024, omNode-1:localhost:13012, omNode-2:localhost:13018], old=null
2019-09-05 08:28:52,104 [omNode-2:group-523986131536:LeaderElection91] INFO  impl.RoleInfo (RoleInfo.java:shutdownLeaderElection(134)) - omNode-2: shutdown LeaderElection
2019-09-05 08:28:52,104 [omNode-2:group-523986131536:LeaderElection91] INFO  impl.RaftServerImpl (RaftServerImpl.java:setRole(171)) - omNode-2:group-523986131536 changes role from CANDIDATE to LEADER at term 2 for changeToLeader
2019-09-05 08:28:52,104 [omNode-2:group-523986131536:LeaderElection91] INFO  impl.RaftServerImpl (ServerState.java:setLeader(263)) - omNode-2:group-523986131536 change Leader from null to omNode-2 at term 2 for becomeLeader, leader elected after 2275ms
2019-09-05 08:28:52,104 [omNode-2:group-523986131536:LeaderElection91] INFO  server.RaftServerConfigKeys (ConfUtils.java:logGet(43)) - raft.server.staging.catchup.gap = 1000 (default)
2019-09-05 08:28:52,105 [omNode-2:group-523986131536:LeaderElection91] INFO  server.RaftServerConfigKeys (ConfUtils.java:logGet(43)) - raft.server.rpc.sleep.time = 25ms (default)
2019-09-05 08:28:52,105 [omNode-2:group-523986131536:LeaderElection91] INFO  server.RaftServerConfigKeys (ConfUtils.java:logGet(43)) - raft.server.write.element-limit = 4096 (default)
2019-09-05 08:28:52,105 [omNode-2:group-523986131536:LeaderElection91] INFO  server.RaftServerConfigKeys (ConfUtils.java:logGet(43)) - raft.server.watch.timeout = 10s (default)
2019-09-05 08:28:52,105 [omNode-2:group-523986131536:LeaderElection91] INFO  server.RaftServerConfigKeys (ConfUtils.java:logGet(43)) - raft.server.watch.timeout.denomination = 1s (default)
2019-09-05 08:28:52,105 [omNode-2:group-523986131536:LeaderElection91] INFO  server.RaftServerConfigKeys (ConfUtils.java:logGet(43)) - raft.server.watch.element-limit = 65536 (default)
2019-09-05 08:28:52,106 [omNode-2:group-523986131536:LeaderElection91] INFO  server.RaftServerConfigKeys (ConfUtils.java:logGet(43)) - raft.server.log.appender.snapshot.chunk.size.max = 16MB (=16777216) (default)
2019-09-05 08:28:52,106 [omNode-2:group-523986131536:LeaderElection91] INFO  server.RaftServerConfigKeys (ConfUtils.java:logGet(43)) - raft.server.log.appender.buffer.byte-limit = 33554432 (custom)
2019-09-05 08:28:52,106 [omNode-2:group-523986131536:LeaderElection91] INFO  server.RaftServerConfigKeys (ConfUtils.java:logGet(43)) - raft.server.log.appender.buffer.element-limit = 1024 (custom)
2019-09-05 08:28:52,106 [omNode-2:group-523986131536:LeaderElection91] INFO  grpc.GrpcConfigKeys$Server (ConfUtils.java:logGet(43)) - raft.grpc.server.leader.outstanding.appends.max = 128 (default)
2019-09-05 08:28:52,107 [omNode-2:group-523986131536:LeaderElection91] INFO  server.RaftServerConfigKeys (ConfUtils.java:logGet(43)) - raft.server.rpc.request.timeout = 3000ms (default)
2019-09-05 08:28:52,107 [omNode-2:group-523986131536:LeaderElection91] INFO  server.RaftServerConfigKeys (ConfUtils.java:logGet(43)) - raft.server.log.appender.install.snapshot.enabled = false (custom)
2019-09-05 08:28:52,107 [omNode-2:group-523986131536:LeaderElection91] INFO  server.RaftServerConfigKeys (ConfUtils.java:logGet(43)) - raft.server.log.appender.snapshot.chunk.size.max = 16MB (=16777216) (default)
2019-09-05 08:28:52,107 [omNode-2:group-523986131536:LeaderElection91] INFO  server.RaftServerConfigKeys (ConfUtils.java:logGet(43)) - raft.server.log.appender.buffer.byte-limit = 33554432 (custom)
2019-09-05 08:28:52,107 [omNode-2:group-523986131536:LeaderElection91] INFO  server.RaftServerConfigKeys (ConfUtils.java:logGet(43)) - raft.server.log.appender.buffer.element-limit = 1024 (custom)
2019-09-05 08:28:52,108 [omNode-2:group-523986131536:LeaderElection91] INFO  grpc.GrpcConfigKeys$Server (ConfUtils.java:logGet(43)) - raft.grpc.server.leader.outstanding.appends.max = 128 (default)
2019-09-05 08:28:52,108 [omNode-2:group-523986131536:LeaderElection91] INFO  server.RaftServerConfigKeys (ConfUtils.java:logGet(43)) - raft.server.rpc.request.timeout = 3000ms (default)
2019-09-05 08:28:52,108 [omNode-2:group-523986131536:LeaderElection91] INFO  server.RaftServerConfigKeys (ConfUtils.java:logGet(43)) - raft.server.log.appender.install.snapshot.enabled = false (custom)
2019-09-05 08:28:52,108 [omNode-2:group-523986131536:LeaderElection91] INFO  impl.RoleInfo (RoleInfo.java:updateAndGet(143)) - omNode-2: start LeaderState
2019-09-05 08:28:52,109 [omNode-2:group-523986131536:LeaderElection91] INFO  segmented.SegmentedRaftLogWorker (SegmentedRaftLogWorker.java:startLogSegment(380)) - omNode-2-SegmentedRaftLogWorker:Storage Directory /workdir/hadoop-ozone/integration-test/target/test-dir/MiniOzoneClusterImpl-e0d84eed-451a-4624-af13-1b9bd6e78dbd/omNode-2/ratis/c9bc4cf4-3bc3-3c60-a66b-523986131536: Starting segment from index:0
2019-09-05 08:28:52,110 [omNode-2:group-523986131536:LeaderElection91] INFO  impl.RaftServerImpl (ServerState.java:setRaftConf(361)) - omNode-2:group-523986131536 set configuration 0: [omNode-3:localhost:13024, omNode-1:localhost:13012, omNode-2:localhost:13018], old=null at 0
2019-09-05 08:28:52,111 [omNode-1:group-523986131536:LeaderElection92] INFO  impl.LeaderElection (LeaderElection.java:askForVotes(181)) - omNode-1:group-523986131536:LeaderElection92: begin an election at term 3 for -1: [omNode-3:localhost:13024, omNode-1:localhost:13012, omNode-2:localhost:13018], old=null
2019-09-05 08:28:52,111 [grpc-default-executor-8] INFO  impl.RaftServerImpl (ServerState.java:setLeader(263)) - omNode-3:group-523986131536 change Leader from null to omNode-2 at term 2 for appendEntries, leader elected after 1068ms
2019-09-05 08:28:52,112 [omNode-1:group-523986131536:LeaderElection92] INFO  impl.LeaderElection (LogUtils.java:infoOrTrace(149)) - omNode-1:group-523986131536:LeaderElection92 got exception when requesting votes: {}
java.util.concurrent.ExecutionException: org.apache.ratis.thirdparty.io.grpc.StatusRuntimeException: UNAVAILABLE: io exception
	at java.util.concurrent.FutureTask.report(FutureTask.java:122)
	at java.util.concurrent.FutureTask.get(FutureTask.java:192)
	at org.apache.ratis.server.impl.LeaderElection.waitForResults(LeaderElection.java:262)
	at org.apache.ratis.server.impl.LeaderElection.askForVotes(LeaderElection.java:200)
	at org.apache.ratis.server.impl.LeaderElection.run(LeaderElection.java:130)
	at java.lang.Thread.run(Thread.java:748)
Caused by: org.apache.ratis.thirdparty.io.grpc.StatusRuntimeException: UNAVAILABLE: io exception
	at org.apache.ratis.thirdparty.io.grpc.stub.ClientCalls.toStatusRuntimeException(ClientCalls.java:233)
	at org.apache.ratis.thirdparty.io.grpc.stub.ClientCalls.getUnchecked(ClientCalls.java:214)
	at org.apache.ratis.thirdparty.io.grpc.stub.ClientCalls.blockingUnaryCall(ClientCalls.java:139)
	at org.apache.ratis.proto.grpc.RaftServerProtocolServiceGrpc$RaftServerProtocolServiceBlockingStub.requestVote(RaftServerProtocolServiceGrpc.java:265)
	at org.apache.ratis.grpc.server.GrpcServerProtocolClient.requestVote(GrpcServerProtocolClient.java:83)
	at org.apache.ratis.grpc.server.GrpcService.requestVote(GrpcService.java:195)
	at org.apache.ratis.server.impl.LeaderElection.lambda$submitRequests$1(LeaderElection.java:237)
	at java.util.concurrent.FutureTask.run(FutureTask.java:266)
	at java.util.concurrent.Executors$RunnableAdapter.call(Executors.java:511)
	at java.util.concurrent.FutureTask.run(FutureTask.java:266)
	at java.util.concurrent.ThreadPoolExecutor.runWorker(ThreadPoolExecutor.java:1149)
	at java.util.concurrent.ThreadPoolExecutor$Worker.run(ThreadPoolExecutor.java:624)
	... 1 more
Caused by: org.apache.ratis.thirdparty.io.netty.channel.AbstractChannel$AnnotatedConnectException: Connection refused: localhost/127.0.0.1:13024
	at sun.nio.ch.SocketChannelImpl.checkConnect(Native Method)
	at sun.nio.ch.SocketChannelImpl.finishConnect(SocketChannelImpl.java:717)
	at org.apache.ratis.thirdparty.io.netty.channel.socket.nio.NioSocketChannel.doFinishConnect(NioSocketChannel.java:327)
	at org.apache.ratis.thirdparty.io.netty.channel.nio.AbstractNioChannel$AbstractNioUnsafe.finishConnect(AbstractNioChannel.java:340)
	at org.apache.ratis.thirdparty.io.netty.channel.nio.NioEventLoop.processSelectedKey(NioEventLoop.java:632)
	at org.apache.ratis.thirdparty.io.netty.channel.nio.NioEventLoop.processSelectedKeysOptimized(NioEventLoop.java:579)
	at org.apache.ratis.thirdparty.io.netty.channel.nio.NioEventLoop.processSelectedKeys(NioEventLoop.java:496)
	at org.apache.ratis.thirdparty.io.netty.channel.nio.NioEventLoop.run(NioEventLoop.java:458)
	at org.apache.ratis.thirdparty.io.netty.util.concurrent.SingleThreadEventExecutor$5.run(SingleThreadEventExecutor.java:897)
	at org.apache.ratis.thirdparty.io.netty.util.concurrent.FastThreadLocalRunnable.run(FastThreadLocalRunnable.java:30)
	... 1 more
Caused by: java.net.ConnectException: Connection refused
	... 11 more
2019-09-05 08:28:52,118 [grpc-default-executor-8] INFO  impl.RaftServerImpl (ServerState.java:setRaftConf(361)) - omNode-3:group-523986131536 set configuration 0: [omNode-3:localhost:13024, omNode-1:localhost:13012, omNode-2:localhost:13018], old=null at 0
2019-09-05 08:28:52,120 [Thread-7470] INFO  impl.RaftServerImpl (ServerState.java:setLeader(263)) - omNode-2:group-523986131536 change Leader from omNode-2 to null at term 3 for updateCurrentTerm
2019-09-05 08:28:52,120 [Thread-7470] INFO  impl.RaftServerImpl (RaftServerImpl.java:setRole(171)) - omNode-2:group-523986131536 changes role from LEADER to FOLLOWER at term 3 for stepDown
2019-09-05 08:28:52,120 [grpc-default-executor-8] INFO  segmented.SegmentedRaftLogWorker (SegmentedRaftLogWorker.java:startLogSegment(380)) - omNode-3-SegmentedRaftLogWorker:Storage Directory /workdir/hadoop-ozone/integration-test/target/test-dir/MiniOzoneClusterImpl-e0d84eed-451a-4624-af13-1b9bd6e78dbd/omNode-3/ratis/c9bc4cf4-3bc3-3c60-a66b-523986131536: Starting segment from index:0
2019-09-05 08:28:52,120 [Thread-7470] INFO  impl.RoleInfo (RoleInfo.java:shutdownLeaderState(104)) - omNode-2: shutdown LeaderState
2019-09-05 08:28:52,124 [org.apache.ratis.server.impl.LogAppender$AppenderDaemon$$Lambda$225/1477420544@47a7b98f] WARN  server.GrpcLogAppender (GrpcLogAppender.java:mayWait(143)) - GrpcLogAppender(omNode-2->omNode-1): Wait interrupted by java.lang.InterruptedException
2019-09-05 08:28:52,124 [org.apache.ratis.server.impl.LogAppender$AppenderDaemon$$Lambda$225/1477420544@2a527bf] WARN  server.GrpcLogAppender (GrpcLogAppender.java:mayWait(143)) - GrpcLogAppender(omNode-2->omNode-3): Wait interrupted by java.lang.InterruptedException
2019-09-05 08:28:52,124 [Thread-7470] INFO  impl.PendingRequests (PendingRequests.java:sendNotLeaderResponses(202)) - omNode-2-PendingRequests: sendNotLeaderResponses
2019-09-05 08:28:52,124 [grpc-default-executor-8] INFO  server.GrpcServerProtocolService (GrpcServerProtocolService.java:onCompleted(104)) - omNode-1: appendEntries completed
2019-09-05 08:28:52,125 [grpc-default-executor-7] INFO  server.GrpcServerProtocolService (GrpcServerProtocolService.java:onCompleted(104)) - omNode-3: appendEntries completed
2019-09-05 08:28:52,125 [grpc-default-executor-8] INFO  server.GrpcLogAppender (GrpcLogAppender.java:onCompleted(292)) - omNode-2->omNode-1: follower responses appendEntries COMPLETED
2019-09-05 08:28:52,125 [Thread-7470] INFO  impl.RoleInfo (RoleInfo.java:updateAndGet(143)) - omNode-2: start FollowerState
2019-09-05 08:28:52,125 [grpc-default-executor-7] INFO  server.GrpcLogAppender (GrpcLogAppender.java:onCompleted(292)) - omNode-2->omNode-3: follower responses appendEntries COMPLETED
2019-09-05 08:28:52,126 [grpc-default-executor-8] INFO  impl.FollowerInfo (FollowerInfo.java:lambda$new$0(50)) - omNode-2->omNode-1: nextIndex: updateUnconditionally 0 -> 0
2019-09-05 08:28:52,126 [grpc-default-executor-7] INFO  impl.FollowerInfo (FollowerInfo.java:lambda$new$0(50)) - omNode-2->omNode-3: nextIndex: updateUnconditionally 1 -> 0
2019-09-05 08:28:52,136 [omNode-2-SegmentedRaftLogWorker:Storage Directory /workdir/hadoop-ozone/integration-test/target/test-dir/MiniOzoneClusterImpl-e0d84eed-451a-4624-af13-1b9bd6e78dbd/omNode-2/ratis/c9bc4cf4-3bc3-3c60-a66b-523986131536] INFO  segmented.SegmentedRaftLogWorker (SegmentedRaftLogWorker.java:execute(569)) - omNode-2-SegmentedRaftLogWorker:Storage Directory /workdir/hadoop-ozone/integration-test/target/test-dir/MiniOzoneClusterImpl-e0d84eed-451a-4624-af13-1b9bd6e78dbd/omNode-2/ratis/c9bc4cf4-3bc3-3c60-a66b-523986131536: created new log segment /workdir/hadoop-ozone/integration-test/target/test-dir/MiniOzoneClusterImpl-e0d84eed-451a-4624-af13-1b9bd6e78dbd/omNode-2/ratis/c9bc4cf4-3bc3-3c60-a66b-523986131536/current/log_inprogress_0
2019-09-05 08:28:52,153 [omNode-3-SegmentedRaftLogWorker:Storage Directory /workdir/hadoop-ozone/integration-test/target/test-dir/MiniOzoneClusterImpl-e0d84eed-451a-4624-af13-1b9bd6e78dbd/omNode-3/ratis/c9bc4cf4-3bc3-3c60-a66b-523986131536] INFO  segmented.SegmentedRaftLogWorker (SegmentedRaftLogWorker.java:execute(569)) - omNode-3-SegmentedRaftLogWorker:Storage Directory /workdir/hadoop-ozone/integration-test/target/test-dir/MiniOzoneClusterImpl-e0d84eed-451a-4624-af13-1b9bd6e78dbd/omNode-3/ratis/c9bc4cf4-3bc3-3c60-a66b-523986131536: created new log segment /workdir/hadoop-ozone/integration-test/target/test-dir/MiniOzoneClusterImpl-e0d84eed-451a-4624-af13-1b9bd6e78dbd/omNode-3/ratis/c9bc4cf4-3bc3-3c60-a66b-523986131536/current/log_inprogress_0
2019-09-05 08:28:52,154 [grpc-default-executor-4] INFO  impl.RaftServerImpl (RaftServerImpl.java:setRole(171)) - omNode-2:group-523986131536 changes role from FOLLOWER to FOLLOWER at term 3 for recognizeCandidate:omNode-1
2019-09-05 08:28:52,155 [grpc-default-executor-4] INFO  impl.RoleInfo (RoleInfo.java:shutdownFollowerState(121)) - omNode-2: shutdown FollowerState
2019-09-05 08:28:52,156 [grpc-default-executor-4] INFO  impl.RoleInfo (RoleInfo.java:updateAndGet(143)) - omNode-2: start FollowerState
2019-09-05 08:28:52,156 [Thread-7479] INFO  impl.FollowerState (FollowerState.java:run(114)) - omNode-2: FollowerState was interrupted: java.lang.InterruptedException: sleep interrupted
2019-09-05 08:28:52,158 [omNode-1:group-523986131536:LeaderElection92] INFO  impl.LeaderElection (LeaderElection.java:logAndReturn(56)) - omNode-1:group-523986131536:LeaderElection92: Election REJECTED; received 1 response(s) [omNode-1<-omNode-2#0:FAIL-t3] and 1 exception(s); omNode-1:t3, leader=null, voted=omNode-1, raftlog=omNode-1-SegmentedRaftLog:OPENED:c-1,f-1,i0, conf=-1: [omNode-3:localhost:13024, omNode-1:localhost:13012, omNode-2:localhost:13018], old=null
2019-09-05 08:28:52,158 [omNode-1:group-523986131536:LeaderElection92] INFO  impl.LeaderElection (LogUtils.java:infoOrTrace(149)) -   Exception 0: {}
java.util.concurrent.ExecutionException: org.apache.ratis.thirdparty.io.grpc.StatusRuntimeException: UNAVAILABLE: io exception
	at java.util.concurrent.FutureTask.report(FutureTask.java:122)
	at java.util.concurrent.FutureTask.get(FutureTask.java:192)
	at org.apache.ratis.server.impl.LeaderElection.waitForResults(LeaderElection.java:262)
	at org.apache.ratis.server.impl.LeaderElection.askForVotes(LeaderElection.java:200)
	at org.apache.ratis.server.impl.LeaderElection.run(LeaderElection.java:130)
	at java.lang.Thread.run(Thread.java:748)
Caused by: org.apache.ratis.thirdparty.io.grpc.StatusRuntimeException: UNAVAILABLE: io exception
	at org.apache.ratis.thirdparty.io.grpc.stub.ClientCalls.toStatusRuntimeException(ClientCalls.java:233)
	at org.apache.ratis.thirdparty.io.grpc.stub.ClientCalls.getUnchecked(ClientCalls.java:214)
	at org.apache.ratis.thirdparty.io.grpc.stub.ClientCalls.blockingUnaryCall(ClientCalls.java:139)
	at org.apache.ratis.proto.grpc.RaftServerProtocolServiceGrpc$RaftServerProtocolServiceBlockingStub.requestVote(RaftServerProtocolServiceGrpc.java:265)
	at org.apache.ratis.grpc.server.GrpcServerProtocolClient.requestVote(GrpcServerProtocolClient.java:83)
	at org.apache.ratis.grpc.server.GrpcService.requestVote(GrpcService.java:195)
	at org.apache.ratis.server.impl.LeaderElection.lambda$submitRequests$1(LeaderElection.java:237)
	at java.util.concurrent.FutureTask.run(FutureTask.java:266)
	at java.util.concurrent.Executors$RunnableAdapter.call(Executors.java:511)
	at java.util.concurrent.FutureTask.run(FutureTask.java:266)
	at java.util.concurrent.ThreadPoolExecutor.runWorker(ThreadPoolExecutor.java:1149)
	at java.util.concurrent.ThreadPoolExecutor$Worker.run(ThreadPoolExecutor.java:624)
	... 1 more
Caused by: org.apache.ratis.thirdparty.io.netty.channel.AbstractChannel$AnnotatedConnectException: Connection refused: localhost/127.0.0.1:13024
	at sun.nio.ch.SocketChannelImpl.checkConnect(Native Method)
	at sun.nio.ch.SocketChannelImpl.finishConnect(SocketChannelImpl.java:717)
	at org.apache.ratis.thirdparty.io.netty.channel.socket.nio.NioSocketChannel.doFinishConnect(NioSocketChannel.java:327)
	at org.apache.ratis.thirdparty.io.netty.channel.nio.AbstractNioChannel$AbstractNioUnsafe.finishConnect(AbstractNioChannel.java:340)
	at org.apache.ratis.thirdparty.io.netty.channel.nio.NioEventLoop.processSelectedKey(NioEventLoop.java:632)
	at org.apache.ratis.thirdparty.io.netty.channel.nio.NioEventLoop.processSelectedKeysOptimized(NioEventLoop.java:579)
	at org.apache.ratis.thirdparty.io.netty.channel.nio.NioEventLoop.processSelectedKeys(NioEventLoop.java:496)
	at org.apache.ratis.thirdparty.io.netty.channel.nio.NioEventLoop.run(NioEventLoop.java:458)
	at org.apache.ratis.thirdparty.io.netty.util.concurrent.SingleThreadEventExecutor$5.run(SingleThreadEventExecutor.java:897)
	at org.apache.ratis.thirdparty.io.netty.util.concurrent.FastThreadLocalRunnable.run(FastThreadLocalRunnable.java:30)
	... 1 more
Caused by: java.net.ConnectException: Connection refused
	... 11 more
2019-09-05 08:28:52,159 [omNode-1:group-523986131536:LeaderElection92] INFO  impl.RaftServerImpl (RaftServerImpl.java:setRole(171)) - omNode-1:group-523986131536 changes role from CANDIDATE to FOLLOWER at term 3 for DISCOVERED_A_NEW_TERM
2019-09-05 08:28:52,159 [omNode-1:group-523986131536:LeaderElection92] INFO  impl.RoleInfo (RoleInfo.java:shutdownLeaderElection(134)) - omNode-1: shutdown LeaderElection
2019-09-05 08:28:52,159 [omNode-1:group-523986131536:LeaderElection92] INFO  impl.RoleInfo (RoleInfo.java:updateAndGet(143)) - omNode-1: start FollowerState
2019-09-05 08:28:52,344 [Thread-7228] INFO  ozone.MiniOzoneClusterImpl (MiniOzoneClusterImpl.java:lambda$waitForClusterToBeReady$0(142)) - Waiting for cluster to be ready. Got 0 of 1 DN Heartbeats.
2019-09-05 08:28:53,236 [Thread-7482] INFO  impl.FollowerState (FollowerState.java:run(106)) - omNode-1:group-523986131536 changes to CANDIDATE, lastRpcTime:1076, electionTimeout:1076ms
2019-09-05 08:28:53,236 [Thread-7482] INFO  impl.RoleInfo (RoleInfo.java:shutdownFollowerState(121)) - omNode-1: shutdown FollowerState
2019-09-05 08:28:53,236 [Thread-7482] INFO  impl.RaftServerImpl (RaftServerImpl.java:setRole(171)) - omNode-1:group-523986131536 changes role from FOLLOWER to CANDIDATE at term 3 for changeToCandidate
2019-09-05 08:28:53,236 [Thread-7482] INFO  impl.RoleInfo (RoleInfo.java:updateAndGet(143)) - omNode-1: start LeaderElection
2019-09-05 08:28:53,271 [omNode-1:group-523986131536:LeaderElection93] INFO  impl.LeaderElection (LeaderElection.java:askForVotes(181)) - omNode-1:group-523986131536:LeaderElection93: begin an election at term 4 for -1: [omNode-3:localhost:13024, omNode-1:localhost:13012, omNode-2:localhost:13018], old=null
2019-09-05 08:28:53,278 [grpc-default-executor-7] INFO  impl.RaftServerImpl (ServerState.java:setLeader(263)) - omNode-3:group-523986131536 change Leader from omNode-2 to null at term 4 for updateCurrentTerm
2019-09-05 08:28:53,279 [grpc-default-executor-7] INFO  impl.RaftServerImpl (RaftServerImpl.java:setRole(171)) - omNode-3:group-523986131536 changes role from FOLLOWER to FOLLOWER at term 4 for recognizeCandidate:omNode-1
2019-09-05 08:28:53,278 [grpc-default-executor-4] INFO  impl.RaftServerImpl (RaftServerImpl.java:setRole(171)) - omNode-2:group-523986131536 changes role from FOLLOWER to FOLLOWER at term 4 for recognizeCandidate:omNode-1
2019-09-05 08:28:53,279 [grpc-default-executor-7] INFO  impl.RoleInfo (RoleInfo.java:shutdownFollowerState(121)) - omNode-3: shutdown FollowerState
2019-09-05 08:28:53,279 [grpc-default-executor-4] INFO  impl.RoleInfo (RoleInfo.java:shutdownFollowerState(121)) - omNode-2: shutdown FollowerState
2019-09-05 08:28:53,279 [grpc-default-executor-7] INFO  impl.RoleInfo (RoleInfo.java:updateAndGet(143)) - omNode-3: start FollowerState
2019-09-05 08:28:53,279 [grpc-default-executor-4] INFO  impl.RoleInfo (RoleInfo.java:updateAndGet(143)) - omNode-2: start FollowerState
2019-09-05 08:28:53,279 [Thread-7468] INFO  impl.FollowerState (FollowerState.java:run(114)) - omNode-3: FollowerState was interrupted: java.lang.InterruptedException: sleep interrupted
2019-09-05 08:28:53,279 [Thread-7481] INFO  impl.FollowerState (FollowerState.java:run(114)) - omNode-2: FollowerState was interrupted: java.lang.InterruptedException: sleep interrupted
2019-09-05 08:28:53,299 [omNode-1:group-523986131536:LeaderElection93] INFO  impl.LeaderElection (LeaderElection.java:logAndReturn(56)) - omNode-1:group-523986131536:LeaderElection93: Election REJECTED; received 2 response(s) [omNode-1<-omNode-3#0:FAIL-t4, omNode-1<-omNode-2#0:FAIL-t4] and 0 exception(s); omNode-1:t4, leader=null, voted=omNode-1, raftlog=omNode-1-SegmentedRaftLog:OPENED:c-1,f-1,i0, conf=-1: [omNode-3:localhost:13024, omNode-1:localhost:13012, omNode-2:localhost:13018], old=null
2019-09-05 08:28:53,299 [omNode-1:group-523986131536:LeaderElection93] INFO  impl.RaftServerImpl (RaftServerImpl.java:setRole(171)) - omNode-1:group-523986131536 changes role from CANDIDATE to FOLLOWER at term 4 for DISCOVERED_A_NEW_TERM
2019-09-05 08:28:53,299 [omNode-1:group-523986131536:LeaderElection93] INFO  impl.RoleInfo (RoleInfo.java:shutdownLeaderElection(134)) - omNode-1: shutdown LeaderElection
2019-09-05 08:28:53,300 [omNode-1:group-523986131536:LeaderElection93] INFO  impl.RoleInfo (RoleInfo.java:updateAndGet(143)) - omNode-1: start FollowerState
2019-09-05 08:28:53,345 [Thread-7228] INFO  ozone.MiniOzoneClusterImpl (MiniOzoneClusterImpl.java:lambda$waitForClusterToBeReady$0(142)) - Waiting for cluster to be ready. Got 0 of 1 DN Heartbeats.
2019-09-05 08:28:53,354 | INFO  | SCMAudit | user=jenkins1000 | ip=192.168.36.69 | op=GET_VERSION null | ret=SUCCESS |  
2019-09-05 08:28:53,383 [Datanode State Machine Thread - 0] INFO  ozoneimpl.OzoneContainer (OzoneContainer.java:start(186)) - Attempting to start container services.
2019-09-05 08:28:53,383 [Datanode State Machine Thread - 0] INFO  ozoneimpl.OzoneContainer (OzoneContainer.java:startContainerScrub(160)) - Background container scrubber has been disabled by hdds.containerscrub.enabled
2019-09-05 08:28:53,383 [Datanode State Machine Thread - 0] INFO  ratis.XceiverServerRatis (XceiverServerRatis.java:start(404)) - Starting XceiverServerRatis baa0ac9c-d259-45b0-b366-08e52759ad0f at port 0
2019-09-05 08:28:53,390 [Datanode State Machine Thread - 0] INFO  impl.RaftServerProxy (RaftServerProxy.java:lambda$start$3(299)) - baa0ac9c-d259-45b0-b366-08e52759ad0f: start RPC server
2019-09-05 08:28:53,391 [Datanode State Machine Thread - 0] INFO  server.GrpcService (GrpcService.java:startImpl(149)) - baa0ac9c-d259-45b0-b366-08e52759ad0f: GrpcService started, listening on 0.0.0.0/0.0.0.0:40120
2019-09-05 08:28:53,391 [Datanode State Machine Thread - 0] INFO  ratis.XceiverServerRatis (XceiverServerRatis.java:start(414)) - XceiverServerRatis baa0ac9c-d259-45b0-b366-08e52759ad0f is started using port 40120
2019-09-05 08:28:53,403 [Datanode State Machine Thread - 0] INFO  server.XceiverServerGrpc (XceiverServerGrpc.java:start(163)) - XceiverServerGrpc baa0ac9c-d259-45b0-b366-08e52759ad0f is started using port 41053
2019-09-05 08:28:54,345 [Thread-7228] INFO  ozone.MiniOzoneClusterImpl (MiniOzoneClusterImpl.java:lambda$waitForClusterToBeReady$0(142)) - Waiting for cluster to be ready. Got 0 of 1 DN Heartbeats.
2019-09-05 08:28:54,407 [Thread-7488] INFO  impl.FollowerState (FollowerState.java:run(106)) - omNode-3:group-523986131536 changes to CANDIDATE, lastRpcTime:1127, electionTimeout:1124ms
2019-09-05 08:28:54,407 [Thread-7488] INFO  impl.RoleInfo (RoleInfo.java:shutdownFollowerState(121)) - omNode-3: shutdown FollowerState
2019-09-05 08:28:54,407 [Thread-7488] INFO  impl.RaftServerImpl (RaftServerImpl.java:setRole(171)) - omNode-3:group-523986131536 changes role from FOLLOWER to CANDIDATE at term 4 for changeToCandidate
2019-09-05 08:28:54,408 [Thread-7488] INFO  impl.RoleInfo (RoleInfo.java:updateAndGet(143)) - omNode-3: start LeaderElection
2019-09-05 08:28:54,434 [omNode-3:group-523986131536:LeaderElection94] INFO  impl.LeaderElection (LeaderElection.java:askForVotes(181)) - omNode-3:group-523986131536:LeaderElection94: begin an election at term 5 for 0: [omNode-3:localhost:13024, omNode-1:localhost:13012, omNode-2:localhost:13018], old=null
2019-09-05 08:28:54,451 [grpc-default-executor-7] INFO  impl.RaftServerImpl (RaftServerImpl.java:setRole(171)) - omNode-1:group-523986131536 changes role from FOLLOWER to FOLLOWER at term 5 for recognizeCandidate:omNode-3
2019-09-05 08:28:54,451 [grpc-default-executor-4] INFO  impl.RaftServerImpl (RaftServerImpl.java:setRole(171)) - omNode-2:group-523986131536 changes role from FOLLOWER to FOLLOWER at term 5 for recognizeCandidate:omNode-3
2019-09-05 08:28:54,451 [grpc-default-executor-7] INFO  impl.RoleInfo (RoleInfo.java:shutdownFollowerState(121)) - omNode-1: shutdown FollowerState
2019-09-05 08:28:54,451 [grpc-default-executor-4] INFO  impl.RoleInfo (RoleInfo.java:shutdownFollowerState(121)) - omNode-2: shutdown FollowerState
2019-09-05 08:28:54,452 [grpc-default-executor-7] INFO  impl.RoleInfo (RoleInfo.java:updateAndGet(143)) - omNode-1: start FollowerState
2019-09-05 08:28:54,452 [Thread-7490] INFO  impl.FollowerState (FollowerState.java:run(114)) - omNode-1: FollowerState was interrupted: java.lang.InterruptedException: sleep interrupted
2019-09-05 08:28:54,452 [grpc-default-executor-4] INFO  impl.RoleInfo (RoleInfo.java:updateAndGet(143)) - omNode-2: start FollowerState
2019-09-05 08:28:54,452 [Thread-7489] INFO  impl.FollowerState (FollowerState.java:run(114)) - omNode-2: FollowerState was interrupted: java.lang.InterruptedException: sleep interrupted
2019-09-05 08:28:54,481 [omNode-3:group-523986131536:LeaderElection94] INFO  impl.LeaderElection (LeaderElection.java:logAndReturn(56)) - omNode-3:group-523986131536:LeaderElection94: Election PASSED; received 1 response(s) [omNode-3<-omNode-1#0:OK-t5] and 0 exception(s); omNode-3:t5, leader=null, voted=omNode-3, raftlog=omNode-3-SegmentedRaftLog:OPENED:c-1,f0,i0, conf=0: [omNode-3:localhost:13024, omNode-1:localhost:13012, omNode-2:localhost:13018], old=null
2019-09-05 08:28:54,481 [omNode-3:group-523986131536:LeaderElection94] INFO  impl.RoleInfo (RoleInfo.java:shutdownLeaderElection(134)) - omNode-3: shutdown LeaderElection
2019-09-05 08:28:54,481 [omNode-3:group-523986131536:LeaderElection94] INFO  impl.RaftServerImpl (RaftServerImpl.java:setRole(171)) - omNode-3:group-523986131536 changes role from CANDIDATE to LEADER at term 5 for changeToLeader
2019-09-05 08:28:54,482 [omNode-3:group-523986131536:LeaderElection94] INFO  impl.RaftServerImpl (ServerState.java:setLeader(263)) - omNode-3:group-523986131536 change Leader from null to omNode-3 at term 5 for becomeLeader, leader elected after 1203ms
2019-09-05 08:28:54,482 [omNode-3:group-523986131536:LeaderElection94] INFO  server.RaftServerConfigKeys (ConfUtils.java:logGet(43)) - raft.server.staging.catchup.gap = 1000 (default)
2019-09-05 08:28:54,482 [omNode-3:group-523986131536:LeaderElection94] INFO  server.RaftServerConfigKeys (ConfUtils.java:logGet(43)) - raft.server.rpc.sleep.time = 25ms (default)
2019-09-05 08:28:54,482 [omNode-3:group-523986131536:LeaderElection94] INFO  server.RaftServerConfigKeys (ConfUtils.java:logGet(43)) - raft.server.write.element-limit = 4096 (default)
2019-09-05 08:28:54,482 [omNode-3:group-523986131536:LeaderElection94] INFO  server.RaftServerConfigKeys (ConfUtils.java:logGet(43)) - raft.server.watch.timeout = 10s (default)
2019-09-05 08:28:54,482 [omNode-3:group-523986131536:LeaderElection94] INFO  server.RaftServerConfigKeys (ConfUtils.java:logGet(43)) - raft.server.watch.timeout.denomination = 1s (default)
2019-09-05 08:28:54,482 [omNode-3:group-523986131536:LeaderElection94] INFO  server.RaftServerConfigKeys (ConfUtils.java:logGet(43)) - raft.server.watch.element-limit = 65536 (default)
2019-09-05 08:28:54,483 [omNode-3:group-523986131536:LeaderElection94] INFO  server.RaftServerConfigKeys (ConfUtils.java:logGet(43)) - raft.server.log.appender.snapshot.chunk.size.max = 16MB (=16777216) (default)
2019-09-05 08:28:54,483 [omNode-3:group-523986131536:LeaderElection94] INFO  server.RaftServerConfigKeys (ConfUtils.java:logGet(43)) - raft.server.log.appender.buffer.byte-limit = 33554432 (custom)
2019-09-05 08:28:54,483 [omNode-3:group-523986131536:LeaderElection94] INFO  server.RaftServerConfigKeys (ConfUtils.java:logGet(43)) - raft.server.log.appender.buffer.element-limit = 1024 (custom)
2019-09-05 08:28:54,483 [omNode-3:group-523986131536:LeaderElection94] INFO  grpc.GrpcConfigKeys$Server (ConfUtils.java:logGet(43)) - raft.grpc.server.leader.outstanding.appends.max = 128 (default)
2019-09-05 08:28:54,483 [omNode-3:group-523986131536:LeaderElection94] INFO  server.RaftServerConfigKeys (ConfUtils.java:logGet(43)) - raft.server.rpc.request.timeout = 3000ms (default)
2019-09-05 08:28:54,484 [omNode-3:group-523986131536:LeaderElection94] INFO  server.RaftServerConfigKeys (ConfUtils.java:logGet(43)) - raft.server.log.appender.install.snapshot.enabled = false (custom)
2019-09-05 08:28:54,484 [omNode-3:group-523986131536:LeaderElection94] INFO  server.RaftServerConfigKeys (ConfUtils.java:logGet(43)) - raft.server.log.appender.snapshot.chunk.size.max = 16MB (=16777216) (default)
2019-09-05 08:28:54,484 [omNode-3:group-523986131536:LeaderElection94] INFO  server.RaftServerConfigKeys (ConfUtils.java:logGet(43)) - raft.server.log.appender.buffer.byte-limit = 33554432 (custom)
2019-09-05 08:28:54,484 [omNode-3:group-523986131536:LeaderElection94] INFO  server.RaftServerConfigKeys (ConfUtils.java:logGet(43)) - raft.server.log.appender.buffer.element-limit = 1024 (custom)
2019-09-05 08:28:54,484 [omNode-3:group-523986131536:LeaderElection94] INFO  grpc.GrpcConfigKeys$Server (ConfUtils.java:logGet(43)) - raft.grpc.server.leader.outstanding.appends.max = 128 (default)
2019-09-05 08:28:54,485 [omNode-3:group-523986131536:LeaderElection94] INFO  server.RaftServerConfigKeys (ConfUtils.java:logGet(43)) - raft.server.rpc.request.timeout = 3000ms (default)
2019-09-05 08:28:54,485 [omNode-3:group-523986131536:LeaderElection94] INFO  server.RaftServerConfigKeys (ConfUtils.java:logGet(43)) - raft.server.log.appender.install.snapshot.enabled = false (custom)
2019-09-05 08:28:54,485 [omNode-3:group-523986131536:LeaderElection94] INFO  impl.RoleInfo (RoleInfo.java:updateAndGet(143)) - omNode-3: start LeaderState
2019-09-05 08:28:54,485 [omNode-3:group-523986131536:LeaderElection94] INFO  segmented.SegmentedRaftLogWorker (SegmentedRaftLogWorker.java:rollLogSegment(385)) - omNode-3-SegmentedRaftLogWorker:Storage Directory /workdir/hadoop-ozone/integration-test/target/test-dir/MiniOzoneClusterImpl-e0d84eed-451a-4624-af13-1b9bd6e78dbd/omNode-3/ratis/c9bc4cf4-3bc3-3c60-a66b-523986131536: Rolling segment log-0_0 to index:0
2019-09-05 08:28:54,486 [omNode-3-SegmentedRaftLogWorker:Storage Directory /workdir/hadoop-ozone/integration-test/target/test-dir/MiniOzoneClusterImpl-e0d84eed-451a-4624-af13-1b9bd6e78dbd/omNode-3/ratis/c9bc4cf4-3bc3-3c60-a66b-523986131536] INFO  segmented.SegmentedRaftLogWorker (SegmentedRaftLogWorker.java:execute(526)) - omNode-3-SegmentedRaftLogWorker:Storage Directory /workdir/hadoop-ozone/integration-test/target/test-dir/MiniOzoneClusterImpl-e0d84eed-451a-4624-af13-1b9bd6e78dbd/omNode-3/ratis/c9bc4cf4-3bc3-3c60-a66b-523986131536: Rolled log segment from /workdir/hadoop-ozone/integration-test/target/test-dir/MiniOzoneClusterImpl-e0d84eed-451a-4624-af13-1b9bd6e78dbd/omNode-3/ratis/c9bc4cf4-3bc3-3c60-a66b-523986131536/current/log_inprogress_0 to /workdir/hadoop-ozone/integration-test/target/test-dir/MiniOzoneClusterImpl-e0d84eed-451a-4624-af13-1b9bd6e78dbd/omNode-3/ratis/c9bc4cf4-3bc3-3c60-a66b-523986131536/current/log_0-0
2019-09-05 08:28:54,486 [omNode-3:group-523986131536:LeaderElection94] INFO  impl.RaftServerImpl (ServerState.java:setRaftConf(361)) - omNode-3:group-523986131536 set configuration 1: [omNode-3:localhost:13024, omNode-1:localhost:13012, omNode-2:localhost:13018], old=null at 1
2019-09-05 08:28:54,487 [grpc-default-executor-7] INFO  impl.RaftServerImpl (ServerState.java:setLeader(263)) - omNode-1:group-523986131536 change Leader from null to omNode-3 at term 5 for appendEntries, leader elected after 5982ms
2019-09-05 08:28:54,488 [grpc-default-executor-4] INFO  impl.RaftServerImpl (ServerState.java:setLeader(263)) - omNode-2:group-523986131536 change Leader from null to omNode-3 at term 5 for appendEntries, leader elected after 2367ms
2019-09-05 08:28:54,488 [grpc-default-executor-7] INFO  impl.RaftServerImpl (RaftServerImpl.java:checkInconsistentAppendEntries(999)) - omNode-1: Failed appendEntries as previous log entry ((t:2, i:0)) is not found
2019-09-05 08:28:54,488 [grpc-default-executor-7] INFO  impl.RaftServerImpl (RaftServerImpl.java:checkInconsistentAppendEntries(972)) - omNode-1: inconsistency entries. Reply:omNode-3<-omNode-1#0:FAIL,INCONSISTENCY,nextIndex:0,term:5,followerCommit:-1
2019-09-05 08:28:54,489 [grpc-default-executor-7] INFO  impl.FollowerInfo (FollowerInfo.java:lambda$new$0(50)) - omNode-3->omNode-1: nextIndex: updateUnconditionally 1 -> 0
2019-09-05 08:28:54,490 [grpc-default-executor-7] INFO  impl.RaftServerImpl (ServerState.java:setRaftConf(361)) - omNode-2:group-523986131536 set configuration 1: [omNode-3:localhost:13024, omNode-1:localhost:13012, omNode-2:localhost:13018], old=null at 1
2019-09-05 08:28:54,490 [grpc-default-executor-4] INFO  impl.RaftServerImpl (ServerState.java:setRaftConf(361)) - omNode-1:group-523986131536 set configuration 0: [omNode-3:localhost:13024, omNode-1:localhost:13012, omNode-2:localhost:13018], old=null at 0
2019-09-05 08:28:54,490 [grpc-default-executor-7] INFO  segmented.SegmentedRaftLogWorker (SegmentedRaftLogWorker.java:rollLogSegment(385)) - omNode-2-SegmentedRaftLogWorker:Storage Directory /workdir/hadoop-ozone/integration-test/target/test-dir/MiniOzoneClusterImpl-e0d84eed-451a-4624-af13-1b9bd6e78dbd/omNode-2/ratis/c9bc4cf4-3bc3-3c60-a66b-523986131536: Rolling segment log-0_0 to index:0
2019-09-05 08:28:54,490 [grpc-default-executor-4] INFO  impl.RaftServerImpl (ServerState.java:setRaftConf(361)) - omNode-1:group-523986131536 set configuration 1: [omNode-3:localhost:13024, omNode-1:localhost:13012, omNode-2:localhost:13018], old=null at 1
2019-09-05 08:28:54,490 [grpc-default-executor-4] INFO  segmented.SegmentedRaftLogWorker (SegmentedRaftLogWorker.java:startLogSegment(380)) - omNode-1-SegmentedRaftLogWorker:Storage Directory /workdir/hadoop-ozone/integration-test/target/test-dir/MiniOzoneClusterImpl-e0d84eed-451a-4624-af13-1b9bd6e78dbd/omNode-1/ratis/c9bc4cf4-3bc3-3c60-a66b-523986131536: Starting segment from index:0
2019-09-05 08:28:54,491 [omNode-2-SegmentedRaftLogWorker:Storage Directory /workdir/hadoop-ozone/integration-test/target/test-dir/MiniOzoneClusterImpl-e0d84eed-451a-4624-af13-1b9bd6e78dbd/omNode-2/ratis/c9bc4cf4-3bc3-3c60-a66b-523986131536] INFO  segmented.SegmentedRaftLogWorker (SegmentedRaftLogWorker.java:execute(526)) - omNode-2-SegmentedRaftLogWorker:Storage Directory /workdir/hadoop-ozone/integration-test/target/test-dir/MiniOzoneClusterImpl-e0d84eed-451a-4624-af13-1b9bd6e78dbd/omNode-2/ratis/c9bc4cf4-3bc3-3c60-a66b-523986131536: Rolled log segment from /workdir/hadoop-ozone/integration-test/target/test-dir/MiniOzoneClusterImpl-e0d84eed-451a-4624-af13-1b9bd6e78dbd/omNode-2/ratis/c9bc4cf4-3bc3-3c60-a66b-523986131536/current/log_inprogress_0 to /workdir/hadoop-ozone/integration-test/target/test-dir/MiniOzoneClusterImpl-e0d84eed-451a-4624-af13-1b9bd6e78dbd/omNode-2/ratis/c9bc4cf4-3bc3-3c60-a66b-523986131536/current/log_0-0
2019-09-05 08:28:54,491 [grpc-default-executor-4] INFO  segmented.SegmentedRaftLogWorker (SegmentedRaftLogWorker.java:rollLogSegment(385)) - omNode-1-SegmentedRaftLogWorker:Storage Directory /workdir/hadoop-ozone/integration-test/target/test-dir/MiniOzoneClusterImpl-e0d84eed-451a-4624-af13-1b9bd6e78dbd/omNode-1/ratis/c9bc4cf4-3bc3-3c60-a66b-523986131536: Rolling segment log-0_0 to index:0
2019-09-05 08:28:54,521 [omNode-2-SegmentedRaftLogWorker:Storage Directory /workdir/hadoop-ozone/integration-test/target/test-dir/MiniOzoneClusterImpl-e0d84eed-451a-4624-af13-1b9bd6e78dbd/omNode-2/ratis/c9bc4cf4-3bc3-3c60-a66b-523986131536] INFO  segmented.SegmentedRaftLogWorker (SegmentedRaftLogWorker.java:execute(569)) - omNode-2-SegmentedRaftLogWorker:Storage Directory /workdir/hadoop-ozone/integration-test/target/test-dir/MiniOzoneClusterImpl-e0d84eed-451a-4624-af13-1b9bd6e78dbd/omNode-2/ratis/c9bc4cf4-3bc3-3c60-a66b-523986131536: created new log segment /workdir/hadoop-ozone/integration-test/target/test-dir/MiniOzoneClusterImpl-e0d84eed-451a-4624-af13-1b9bd6e78dbd/omNode-2/ratis/c9bc4cf4-3bc3-3c60-a66b-523986131536/current/log_inprogress_1
2019-09-05 08:28:54,521 [omNode-1-SegmentedRaftLogWorker:Storage Directory /workdir/hadoop-ozone/integration-test/target/test-dir/MiniOzoneClusterImpl-e0d84eed-451a-4624-af13-1b9bd6e78dbd/omNode-1/ratis/c9bc4cf4-3bc3-3c60-a66b-523986131536] INFO  segmented.SegmentedRaftLogWorker (SegmentedRaftLogWorker.java:execute(569)) - omNode-1-SegmentedRaftLogWorker:Storage Directory /workdir/hadoop-ozone/integration-test/target/test-dir/MiniOzoneClusterImpl-e0d84eed-451a-4624-af13-1b9bd6e78dbd/omNode-1/ratis/c9bc4cf4-3bc3-3c60-a66b-523986131536: created new log segment /workdir/hadoop-ozone/integration-test/target/test-dir/MiniOzoneClusterImpl-e0d84eed-451a-4624-af13-1b9bd6e78dbd/omNode-1/ratis/c9bc4cf4-3bc3-3c60-a66b-523986131536/current/log_inprogress_0
2019-09-05 08:28:54,521 [omNode-3-SegmentedRaftLogWorker:Storage Directory /workdir/hadoop-ozone/integration-test/target/test-dir/MiniOzoneClusterImpl-e0d84eed-451a-4624-af13-1b9bd6e78dbd/omNode-3/ratis/c9bc4cf4-3bc3-3c60-a66b-523986131536] INFO  segmented.SegmentedRaftLogWorker (SegmentedRaftLogWorker.java:execute(569)) - omNode-3-SegmentedRaftLogWorker:Storage Directory /workdir/hadoop-ozone/integration-test/target/test-dir/MiniOzoneClusterImpl-e0d84eed-451a-4624-af13-1b9bd6e78dbd/omNode-3/ratis/c9bc4cf4-3bc3-3c60-a66b-523986131536: created new log segment /workdir/hadoop-ozone/integration-test/target/test-dir/MiniOzoneClusterImpl-e0d84eed-451a-4624-af13-1b9bd6e78dbd/omNode-3/ratis/c9bc4cf4-3bc3-3c60-a66b-523986131536/current/log_inprogress_1
2019-09-05 08:28:54,537 [omNode-1-SegmentedRaftLogWorker:Storage Directory /workdir/hadoop-ozone/integration-test/target/test-dir/MiniOzoneClusterImpl-e0d84eed-451a-4624-af13-1b9bd6e78dbd/omNode-1/ratis/c9bc4cf4-3bc3-3c60-a66b-523986131536] INFO  segmented.SegmentedRaftLogWorker (SegmentedRaftLogWorker.java:execute(526)) - omNode-1-SegmentedRaftLogWorker:Storage Directory /workdir/hadoop-ozone/integration-test/target/test-dir/MiniOzoneClusterImpl-e0d84eed-451a-4624-af13-1b9bd6e78dbd/omNode-1/ratis/c9bc4cf4-3bc3-3c60-a66b-523986131536: Rolled log segment from /workdir/hadoop-ozone/integration-test/target/test-dir/MiniOzoneClusterImpl-e0d84eed-451a-4624-af13-1b9bd6e78dbd/omNode-1/ratis/c9bc4cf4-3bc3-3c60-a66b-523986131536/current/log_inprogress_0 to /workdir/hadoop-ozone/integration-test/target/test-dir/MiniOzoneClusterImpl-e0d84eed-451a-4624-af13-1b9bd6e78dbd/omNode-1/ratis/c9bc4cf4-3bc3-3c60-a66b-523986131536/current/log_0-0
2019-09-05 08:28:54,575 [omNode-1-SegmentedRaftLogWorker:Storage Directory /workdir/hadoop-ozone/integration-test/target/test-dir/MiniOzoneClusterImpl-e0d84eed-451a-4624-af13-1b9bd6e78dbd/omNode-1/ratis/c9bc4cf4-3bc3-3c60-a66b-523986131536] INFO  segmented.SegmentedRaftLogWorker (SegmentedRaftLogWorker.java:execute(569)) - omNode-1-SegmentedRaftLogWorker:Storage Directory /workdir/hadoop-ozone/integration-test/target/test-dir/MiniOzoneClusterImpl-e0d84eed-451a-4624-af13-1b9bd6e78dbd/omNode-1/ratis/c9bc4cf4-3bc3-3c60-a66b-523986131536: created new log segment /workdir/hadoop-ozone/integration-test/target/test-dir/MiniOzoneClusterImpl-e0d84eed-451a-4624-af13-1b9bd6e78dbd/omNode-1/ratis/c9bc4cf4-3bc3-3c60-a66b-523986131536/current/log_inprogress_1
2019-09-05 08:28:55,346 [Thread-7228] INFO  ozone.MiniOzoneClusterImpl (MiniOzoneClusterImpl.java:lambda$waitForClusterToBeReady$0(142)) - Waiting for cluster to be ready. Got 0 of 1 DN Heartbeats.
2019-09-05 08:28:55,352 [IPC Server handler 0 on 43195] INFO  net.NetworkTopology (NetworkTopologyImpl.java:add(110)) - Added a new node: /default-rack/baa0ac9c-d259-45b0-b366-08e52759ad0f
2019-09-05 08:28:55,352 [IPC Server handler 0 on 43195] INFO  node.SCMNodeManager (SCMNodeManager.java:register(273)) - Registered Data node : baa0ac9c-d259-45b0-b366-08e52759ad0f{ip: 192.168.36.69, host: pr-hdds-1571-lfg7x-4139639749, networkLocation: /default-rack, certSerialId: null}
2019-09-05 08:28:55,356 | INFO  | SCMAudit | user=jenkins1000 | ip=192.168.36.69 | op=REGISTER {datanodeDetails=baa0ac9c-d259-45b0-b366-08e52759ad0f{ip: 192.168.36.69, host: pr-hdds-1571-lfg7x-4139639749, networkLocation: /default-rack, certSerialId: null}} | ret=SUCCESS |  
2019-09-05 08:28:55,356 [EventQueue-NodeRegistrationContainerReportForDataNodeSafeModeRule] INFO  safemode.SCMSafeModeManager (DataNodeSafeModeRule.java:process(71)) - SCM in safe mode. 1 DataNodes registered, 1 required.
2019-09-05 08:28:55,359 [EventQueue-NodeRegistrationContainerReportForDataNodeSafeModeRule] INFO  safemode.SCMSafeModeManager (SCMSafeModeManager.java:validateSafeModeExitRules(177)) - ScmSafeModeManager, all rules are successfully validated
2019-09-05 08:28:55,359 [EventQueue-NodeRegistrationContainerReportForDataNodeSafeModeRule] INFO  safemode.SCMSafeModeManager (SCMSafeModeManager.java:exitSafeMode(193)) - SCM exiting safe mode.
2019-09-05 08:28:55,369 [grpc-default-executor-7] INFO  impl.RaftServerProxy (RaftServerProxy.java:addNew(89)) - baa0ac9c-d259-45b0-b366-08e52759ad0f: addNew group-1C54FEF5077B:[baa0ac9c-d259-45b0-b366-08e52759ad0f:192.168.36.69:40120] returns group-1C54FEF5077B:java.util.concurrent.CompletableFuture@597db8c0[Not completed]
2019-09-05 08:28:55,371 [pool-1535-thread-1] INFO  impl.RaftServerImpl (RaftServerImpl.java:<init>(93)) - baa0ac9c-d259-45b0-b366-08e52759ad0f: new RaftServerImpl for group-1C54FEF5077B:[baa0ac9c-d259-45b0-b366-08e52759ad0f:192.168.36.69:40120] with ContainerStateMachine:uninitialized
2019-09-05 08:28:55,371 [pool-1535-thread-1] INFO  server.RaftServerConfigKeys (ConfUtils.java:logGet(43)) - raft.server.rpc.timeout.min = 5s (custom)
2019-09-05 08:28:55,371 [pool-1535-thread-1] INFO  server.RaftServerConfigKeys (ConfUtils.java:logGet(43)) - raft.server.rpc.timeout.max = 5200ms (custom)
2019-09-05 08:28:55,371 [pool-1535-thread-1] INFO  server.RaftServerConfigKeys (ConfUtils.java:logGet(43)) - raft.server.rpcslowness.timeout = 120s (custom)
2019-09-05 08:28:55,371 [pool-1535-thread-1] INFO  server.RaftServerConfigKeys (ConfUtils.java:logGet(43)) - raft.server.sleep.deviation.threshold = 300 (default)
2019-09-05 08:28:55,371 [pool-1535-thread-1] INFO  server.RaftServerConfigKeys (ConfUtils.java:logGet(43)) - raft.server.log.appender.install.snapshot.enabled = false (custom)
2019-09-05 08:28:55,371 [pool-1535-thread-1] INFO  impl.RaftServerImpl (ServerState.java:<init>(105)) - baa0ac9c-d259-45b0-b366-08e52759ad0f:group-1C54FEF5077B ConfigurationManager, init=-1: [baa0ac9c-d259-45b0-b366-08e52759ad0f:192.168.36.69:40120], old=null, confs=<EMPTY_MAP>
2019-09-05 08:28:55,372 [pool-1535-thread-1] INFO  server.RaftServerConfigKeys (ConfUtils.java:logGet(43)) - raft.server.storage.dir = [/workdir/hadoop-ozone/integration-test/target/test-dir/MiniOzoneClusterImpl-e0d84eed-451a-4624-af13-1b9bd6e78dbd/datanode-0/data/ratis] (custom)
2019-09-05 08:28:55,372 [pool-1535-thread-1] INFO  storage.RaftStorageDirectory (RaftStorageDirectory.java:analyzeStorage(246)) - The storage directory /workdir/hadoop-ozone/integration-test/target/test-dir/MiniOzoneClusterImpl-e0d84eed-451a-4624-af13-1b9bd6e78dbd/datanode-0/data/ratis/1b431a83-0974-406c-81ac-1c54fef5077b does not exist. Creating ...
2019-09-05 08:28:55,395 [pool-1535-thread-1] INFO  storage.RaftStorageDirectory (RaftStorageDirectory.java:tryLock(328)) - Lock on /workdir/hadoop-ozone/integration-test/target/test-dir/MiniOzoneClusterImpl-e0d84eed-451a-4624-af13-1b9bd6e78dbd/datanode-0/data/ratis/1b431a83-0974-406c-81ac-1c54fef5077b/in_use.lock acquired by nodename 23500@pr-hdds-1571-lfg7x-4139639749
2019-09-05 08:28:55,425 [pool-1535-thread-1] INFO  storage.RaftStorage (RaftStorage.java:format(72)) - Storage directory /workdir/hadoop-ozone/integration-test/target/test-dir/MiniOzoneClusterImpl-e0d84eed-451a-4624-af13-1b9bd6e78dbd/datanode-0/data/ratis/1b431a83-0974-406c-81ac-1c54fef5077b has been successfully formatted.
2019-09-05 08:28:55,425 [pool-1535-thread-1] INFO  ratis.ContainerStateMachine (ContainerStateMachine.java:loadSnapshot(226)) - group-1C54FEF5077B: The snapshot info is null. Setting the last applied indexto:(t:0, i:~)
2019-09-05 08:28:55,425 [pool-1535-thread-1] INFO  server.RaftServerConfigKeys (ConfUtils.java:logGet(43)) - raft.server.leader.election.timeout = 120s (custom)
2019-09-05 08:28:55,425 [pool-1535-thread-1] INFO  server.RaftServerConfigKeys (ConfUtils.java:logGet(43)) - raft.server.log.use.memory = false (default)
2019-09-05 08:28:55,425 [pool-1535-thread-1] INFO  server.RaftServerConfigKeys (ConfUtils.java:logGet(43)) - raft.server.log.purge.gap = 1000000 (custom)
2019-09-05 08:28:55,426 [pool-1535-thread-1] INFO  server.RaftServerConfigKeys (ConfUtils.java:logGet(43)) - raft.server.log.appender.buffer.byte-limit = 33554432 (custom)
2019-09-05 08:28:55,426 [pool-1535-thread-1] INFO  server.RaftServerConfigKeys (ConfUtils.java:logGet(43)) - raft.server.log.segment.size.max = 1048576 (custom)
2019-09-05 08:28:55,426 [pool-1535-thread-1] INFO  server.RaftServerConfigKeys (ConfUtils.java:logGet(43)) - raft.server.log.segment.cache.num.max = 2 (custom)
2019-09-05 08:28:55,426 [pool-1535-thread-1] INFO  segmented.SegmentedRaftLogWorker (SegmentedRaftLogWorker.java:<init>(172)) - new baa0ac9c-d259-45b0-b366-08e52759ad0f-SegmentedRaftLogWorker:Storage Directory /workdir/hadoop-ozone/integration-test/target/test-dir/MiniOzoneClusterImpl-e0d84eed-451a-4624-af13-1b9bd6e78dbd/datanode-0/data/ratis/1b431a83-0974-406c-81ac-1c54fef5077b for RaftStorage:Storage Directory /workdir/hadoop-ozone/integration-test/target/test-dir/MiniOzoneClusterImpl-e0d84eed-451a-4624-af13-1b9bd6e78dbd/datanode-0/data/ratis/1b431a83-0974-406c-81ac-1c54fef5077b
2019-09-05 08:28:55,426 [pool-1535-thread-1] INFO  server.RaftServerConfigKeys (ConfUtils.java:logGet(43)) - raft.server.log.queue.byte-limit = 2147483647 (custom)
2019-09-05 08:28:55,426 [pool-1535-thread-1] INFO  server.RaftServerConfigKeys (ConfUtils.java:logGet(43)) - raft.server.log.queue.element-limit = 1024 (custom)
2019-09-05 08:28:55,427 [pool-1535-thread-1] INFO  server.RaftServerConfigKeys (ConfUtils.java:logGet(43)) - raft.server.log.segment.size.max = 1048576 (custom)
2019-09-05 08:28:55,427 [pool-1535-thread-1] INFO  server.RaftServerConfigKeys (ConfUtils.java:logGet(43)) - raft.server.log.preallocated.size = 16384 (custom)
2019-09-05 08:28:55,427 [pool-1535-thread-1] INFO  server.RaftServerConfigKeys (ConfUtils.java:logGet(43)) - raft.server.log.write.buffer.size = 33554432 (custom)
2019-09-05 08:28:55,427 [pool-1535-thread-1] INFO  server.RaftServerConfigKeys (ConfUtils.java:logGet(43)) - raft.server.log.force.sync.num = 128 (default)
2019-09-05 08:28:55,427 [pool-1535-thread-1] INFO  server.RaftServerConfigKeys (ConfUtils.java:logGet(43)) - raft.server.log.statemachine.data.sync = true (default)
2019-09-05 08:28:55,427 [pool-1535-thread-1] INFO  server.RaftServerConfigKeys (ConfUtils.java:logGet(43)) - raft.server.log.statemachine.data.sync.timeout = 10s (default)
2019-09-05 08:28:55,427 [pool-1535-thread-1] INFO  server.RaftServerConfigKeys (ConfUtils.java:logGet(43)) - raft.server.log.statemachine.data.sync.timeout.retry = -1 (default)
2019-09-05 08:28:55,428 [pool-1535-thread-1] INFO  server.RaftServerConfigKeys (ConfUtils.java:logGet(43)) - raft.server.log.statemachine.data.caching.enabled = true (custom)
2019-09-05 08:28:55,428 [pool-1535-thread-1] INFO  segmented.SegmentedRaftLogWorker (SegmentedRaftLogWorker.java:lambda$new$0(132)) - baa0ac9c-d259-45b0-b366-08e52759ad0f-SegmentedRaftLogWorker:Storage Directory /workdir/hadoop-ozone/integration-test/target/test-dir/MiniOzoneClusterImpl-e0d84eed-451a-4624-af13-1b9bd6e78dbd/datanode-0/data/ratis/1b431a83-0974-406c-81ac-1c54fef5077b: flushIndex: setUnconditionally 0 -> -1
2019-09-05 08:28:55,428 [pool-1535-thread-1] INFO  server.RaftServerConfigKeys (ConfUtils.java:logGet(43)) - raft.server.snapshot.auto.trigger.enabled = true (custom)
2019-09-05 08:28:55,428 [pool-1535-thread-1] INFO  server.RaftServerConfigKeys (ConfUtils.java:logGet(43)) - raft.server.snapshot.auto.trigger.threshold = 10000 (custom)
2019-09-05 08:28:55,429 [pool-1535-thread-1] INFO  server.RaftServerConfigKeys (ConfUtils.java:logGet(43)) - raft.server.retrycache.expirytime = 600000ms (custom)
2019-09-05 08:28:55,429 [pool-1535-thread-1] INFO  impl.RaftServerImpl (RaftServerImpl.java:start(180)) - baa0ac9c-d259-45b0-b366-08e52759ad0f: start group-1C54FEF5077B
2019-09-05 08:28:55,429 [pool-1535-thread-1] INFO  impl.RaftServerImpl (RaftServerImpl.java:setRole(171)) - baa0ac9c-d259-45b0-b366-08e52759ad0f:group-1C54FEF5077B changes role from null to FOLLOWER at term 0 for startAsFollower
2019-09-05 08:28:55,429 [pool-1535-thread-1] INFO  impl.RoleInfo (RoleInfo.java:updateAndGet(143)) - baa0ac9c-d259-45b0-b366-08e52759ad0f: start FollowerState
2019-09-05 08:28:55,429 [pool-1535-thread-1] INFO  util.JmxRegister (JmxRegister.java:tryRegister(44)) - Successfully registered JMX Bean with object name Ratis:service=RaftServer,group=group-1C54FEF5077B,id=baa0ac9c-d259-45b0-b366-08e52759ad0f
2019-09-05 08:28:55,473 [RatisPipelineUtilsThread] INFO  pipeline.PipelineStateManager (PipelineStateManager.java:addPipeline(56)) - Created pipeline Pipeline[ Id: 1b431a83-0974-406c-81ac-1c54fef5077b, Nodes: baa0ac9c-d259-45b0-b366-08e52759ad0f{ip: 192.168.36.69, host: pr-hdds-1571-lfg7x-4139639749, networkLocation: /default-rack, certSerialId: null}, Type:RATIS, Factor:ONE, State:OPEN]
2019-09-05 08:28:56,346 [Thread-7228] INFO  ozone.MiniOzoneClusterImpl (MiniOzoneClusterImpl.java:lambda$waitForClusterToBeReady$0(142)) - Cluster is ready. Got 1 of 1 DN Heartbeats.
2019-09-05 08:28:56,364 [IPC Server handler 0 on 13008] INFO  ipc.Server (Server.java:logException(2726)) - IPC Server handler 0 on 13008, call Call#630 Retry#0 org.apache.hadoop.ozone.om.protocol.OzoneManagerProtocol.submitRequest from 127.0.0.1:57344
org.apache.hadoop.ozone.om.exceptions.NotLeaderException: OM omNode-1 is not the leader. Could not determine the leader node.
	at org.apache.hadoop.ozone.protocolPB.OzoneManagerProtocolServerSideTranslatorPB.createNotLeaderException(OzoneManagerProtocolServerSideTranslatorPB.java:183)
	at org.apache.hadoop.ozone.protocolPB.OzoneManagerProtocolServerSideTranslatorPB.submitReadRequestToOM(OzoneManagerProtocolServerSideTranslatorPB.java:172)
	at org.apache.hadoop.ozone.protocolPB.OzoneManagerProtocolServerSideTranslatorPB.submitRequest(OzoneManagerProtocolServerSideTranslatorPB.java:94)
	at org.apache.hadoop.ozone.protocol.proto.OzoneManagerProtocolProtos$OzoneManagerService$2.callBlockingMethod(OzoneManagerProtocolProtos.java)
	at org.apache.hadoop.ipc.ProtobufRpcEngine$Server$ProtoBufRpcInvoker.call(ProtobufRpcEngine.java:524)
	at org.apache.hadoop.ipc.RPC$Server.call(RPC.java:1025)
	at org.apache.hadoop.ipc.Server$RpcCall.run(Server.java:876)
	at org.apache.hadoop.ipc.Server$RpcCall.run(Server.java:822)
	at java.security.AccessController.doPrivileged(Native Method)
	at javax.security.auth.Subject.doAs(Subject.java:422)
	at org.apache.hadoop.security.UserGroupInformation.doAs(UserGroupInformation.java:1730)
	at org.apache.hadoop.ipc.Server$Handler.run(Server.java:2682)
2019-09-05 08:28:56,377 [IPC Server handler 0 on 13014] INFO  ipc.Server (Server.java:logException(2726)) - IPC Server handler 0 on 13014, call Call#630 Retry#1 org.apache.hadoop.ozone.om.protocol.OzoneManagerProtocol.submitRequest from 127.0.0.1:34564
org.apache.hadoop.ozone.om.exceptions.NotLeaderException: OM omNode-2 is not the leader. Could not determine the leader node.
	at org.apache.hadoop.ozone.protocolPB.OzoneManagerProtocolServerSideTranslatorPB.createNotLeaderException(OzoneManagerProtocolServerSideTranslatorPB.java:183)
	at org.apache.hadoop.ozone.protocolPB.OzoneManagerProtocolServerSideTranslatorPB.submitReadRequestToOM(OzoneManagerProtocolServerSideTranslatorPB.java:172)
	at org.apache.hadoop.ozone.protocolPB.OzoneManagerProtocolServerSideTranslatorPB.submitRequest(OzoneManagerProtocolServerSideTranslatorPB.java:94)
	at org.apache.hadoop.ozone.protocol.proto.OzoneManagerProtocolProtos$OzoneManagerService$2.callBlockingMethod(OzoneManagerProtocolProtos.java)
	at org.apache.hadoop.ipc.ProtobufRpcEngine$Server$ProtoBufRpcInvoker.call(ProtobufRpcEngine.java:524)
	at org.apache.hadoop.ipc.RPC$Server.call(RPC.java:1025)
	at org.apache.hadoop.ipc.Server$RpcCall.run(Server.java:876)
	at org.apache.hadoop.ipc.Server$RpcCall.run(Server.java:822)
	at java.security.AccessController.doPrivileged(Native Method)
	at javax.security.auth.Subject.doAs(Subject.java:422)
	at org.apache.hadoop.security.UserGroupInformation.doAs(UserGroupInformation.java:1730)
	at org.apache.hadoop.ipc.Server$Handler.run(Server.java:2682)
2019-09-05 08:28:56,380 [Thread-7228] INFO  retry.RetryInvocationHandler (RetryInvocationHandler.java:log(411)) - com.google.protobuf.ServiceException: org.apache.hadoop.ipc.RemoteException(org.apache.hadoop.ozone.om.exceptions.NotLeaderException): OM omNode-2 is not the leader. Could not determine the leader node.
	at org.apache.hadoop.ozone.protocolPB.OzoneManagerProtocolServerSideTranslatorPB.createNotLeaderException(OzoneManagerProtocolServerSideTranslatorPB.java:183)
	at org.apache.hadoop.ozone.protocolPB.OzoneManagerProtocolServerSideTranslatorPB.submitReadRequestToOM(OzoneManagerProtocolServerSideTranslatorPB.java:172)
	at org.apache.hadoop.ozone.protocolPB.OzoneManagerProtocolServerSideTranslatorPB.submitRequest(OzoneManagerProtocolServerSideTranslatorPB.java:94)
	at org.apache.hadoop.ozone.protocol.proto.OzoneManagerProtocolProtos$OzoneManagerService$2.callBlockingMethod(OzoneManagerProtocolProtos.java)
	at org.apache.hadoop.ipc.ProtobufRpcEngine$Server$ProtoBufRpcInvoker.call(ProtobufRpcEngine.java:524)
	at org.apache.hadoop.ipc.RPC$Server.call(RPC.java:1025)
	at org.apache.hadoop.ipc.Server$RpcCall.run(Server.java:876)
	at org.apache.hadoop.ipc.Server$RpcCall.run(Server.java:822)
	at java.security.AccessController.doPrivileged(Native Method)
	at javax.security.auth.Subject.doAs(Subject.java:422)
	at org.apache.hadoop.security.UserGroupInformation.doAs(UserGroupInformation.java:1730)
	at org.apache.hadoop.ipc.Server$Handler.run(Server.java:2682)
, while invoking $Proxy48.submitRequest over nodeId=omNode-2,nodeAddress=127.0.0.1:13014 after 1 failover attempts. Trying to failover immediately.
2019-09-05 08:28:56,410 [Thread-7228] INFO  ipc.Server (Server.java:stop(3082)) - Stopping server on 13008
2019-09-05 08:28:56,415 [IPC Server listener on 13008] INFO  ipc.Server (Server.java:run(1185)) - Stopping IPC Server listener on 13008
2019-09-05 08:28:56,415 [IPC Server Responder] INFO  ipc.Server (Server.java:run(1319)) - Stopping IPC Server Responder
2019-09-05 08:28:56,415 [Thread-7228] INFO  impl.RaftServerProxy (RaftServerProxy.java:lambda$close$4(314)) - omNode-1: close
2019-09-05 08:28:56,419 [Thread-7228] INFO  impl.RaftServerImpl (RaftServerImpl.java:lambda$shutdown$3(245)) - omNode-1: shutdown group-523986131536
2019-09-05 08:28:56,419 [Thread-7228] INFO  util.JmxRegister (JmxRegister.java:unregister(73)) - Successfully un-registered JMX Bean with object name Ratis:service=RaftServer,group=group-523986131536,id=omNode-1
2019-09-05 08:28:56,419 [Thread-7228] INFO  impl.RoleInfo (RoleInfo.java:shutdownFollowerState(121)) - omNode-1: shutdown FollowerState
2019-09-05 08:28:56,420 [Thread-7228] INFO  impl.StateMachineUpdater (StateMachineUpdater.java:stopAndJoin(115)) - StateMachineUpdater:omNode-1:group-523986131536: set stopIndex = 2
2019-09-05 08:28:56,420 [Thread-7497] INFO  impl.FollowerState (FollowerState.java:run(114)) - omNode-1: FollowerState was interrupted: java.lang.InterruptedException: sleep interrupted
2019-09-05 08:28:56,420 [StateMachineUpdater:omNode-1:group-523986131536] INFO  ratis.OzoneManagerStateMachine (OzoneManagerStateMachine.java:takeSnapshot(254)) - Saving Ratis snapshot on the OM.
2019-09-05 08:28:56,423 [StateMachineUpdater:omNode-1:group-523986131536] INFO  ratis.OMRatisSnapshotInfo (OMRatisSnapshotInfo.java:saveRatisSnapshotToDisk(107)) - Saved Ratis Snapshot on the OM with snapshotIndex -1
2019-09-05 08:28:56,424 [Thread-7228] INFO  impl.RaftServerImpl (ServerState.java:close(394)) - omNode-1:group-523986131536 closes. The last applied log index is 2
2019-09-05 08:28:56,424 [omNode-1-SegmentedRaftLogWorker:Storage Directory /workdir/hadoop-ozone/integration-test/target/test-dir/MiniOzoneClusterImpl-e0d84eed-451a-4624-af13-1b9bd6e78dbd/omNode-1/ratis/c9bc4cf4-3bc3-3c60-a66b-523986131536] INFO  segmented.SegmentedRaftLogWorker (SegmentedRaftLogWorker.java:run(313)) - omNode-1-SegmentedRaftLogWorker:Storage Directory /workdir/hadoop-ozone/integration-test/target/test-dir/MiniOzoneClusterImpl-e0d84eed-451a-4624-af13-1b9bd6e78dbd/omNode-1/ratis/c9bc4cf4-3bc3-3c60-a66b-523986131536 was interrupted, exiting. There are 0 tasks remaining in the queue.
2019-09-05 08:28:56,427 [Thread-7228] INFO  segmented.SegmentedRaftLogWorker (SegmentedRaftLogWorker.java:close(228)) - omNode-1-SegmentedRaftLogWorker:Storage Directory /workdir/hadoop-ozone/integration-test/target/test-dir/MiniOzoneClusterImpl-e0d84eed-451a-4624-af13-1b9bd6e78dbd/omNode-1/ratis/c9bc4cf4-3bc3-3c60-a66b-523986131536 close()
2019-09-05 08:28:56,431 [Thread-7228] INFO  server.GrpcService (GrpcService.java:closeImpl(155)) - omNode-1: shutdown server with port 13012 now
2019-09-05 08:28:56,432 [grpc-default-executor-4] WARN  server.GrpcServerProtocolService (LogUtils.java:warn(134)) - omNode-1: appendEntries onError: org.apache.ratis.thirdparty.io.grpc.StatusRuntimeException: CANCELLED: cancelled before receiving half close
2019-09-05 08:28:56,432 [Thread-7228] INFO  server.GrpcService (GrpcService.java:closeImpl(163)) - omNode-1: shutdown server with port 13012 successfully
2019-09-05 08:28:56,434 [Thread-7228] INFO  ratis.OzoneManagerDoubleBuffer (OzoneManagerDoubleBuffer.java:stop(248)) - Stopping OMDoubleBuffer flush thread
2019-09-05 08:28:56,434 [grpc-default-executor-7] WARN  server.GrpcLogAppender (LogUtils.java:warn(134)) - omNode-3->omNode-1: Failed appendEntries: org.apache.ratis.thirdparty.io.grpc.StatusRuntimeException: CANCELLED: HTTP/2 error code: CANCEL
Received Rst Stream
2019-09-05 08:28:56,435 [OMDoubleBufferFlushThread] INFO  ratis.OzoneManagerDoubleBuffer (OzoneManagerDoubleBuffer.java:flushTransactions(191)) - OMDoubleBuffer flush thread OMDoubleBufferFlushThread is interrupted and will exit. OMDoubleBufferFlushThread
2019-09-05 08:28:56,435 [Thread-7228] INFO  utils.BackgroundService (BackgroundService.java:shutdown(148)) - Shutting down service KeyDeletingService
2019-09-05 08:28:56,435 [grpc-default-executor-7] INFO  impl.FollowerInfo (FollowerInfo.java:lambda$new$0(50)) - omNode-3->omNode-1: nextIndex: updateUnconditionally 3 -> 2
2019-09-05 08:28:56,436 [Thread-7228] INFO  handler.ContextHandler (ContextHandler.java:doStop(910)) - Stopped o.e.j.w.WebAppContext@35796d98{/,null,UNAVAILABLE}{/ozoneManager}
2019-09-05 08:28:56,437 [Thread-7228] INFO  server.AbstractConnector (AbstractConnector.java:doStop(318)) - Stopped ServerConnector@36a2a19e{HTTP/1.1,[http/1.1]}{0.0.0.0:13010}
2019-09-05 08:28:56,438 [Thread-7228] INFO  handler.ContextHandler (ContextHandler.java:doStop(910)) - Stopped o.e.j.s.ServletContextHandler@566f05d0{/static,file:///workdir/hadoop-ozone/integration-test/target/test-classes/webapps/static,UNAVAILABLE}
2019-09-05 08:28:56,438 [Thread-7228] INFO  handler.ContextHandler (ContextHandler.java:doStop(910)) - Stopped o.e.j.s.ServletContextHandler@5f518ae3{/logs,file:///workdir/hadoop-ozone/integration-test/target/log,UNAVAILABLE}
2019-09-05 08:28:56,441 [Thread-7228] INFO  ipc.Server (Server.java:stop(3082)) - Stopping server on 13014
2019-09-05 08:28:56,448 [IPC Server listener on 13014] INFO  ipc.Server (Server.java:run(1185)) - Stopping IPC Server listener on 13014
2019-09-05 08:28:56,449 [IPC Server Responder] INFO  ipc.Server (Server.java:run(1319)) - Stopping IPC Server Responder
2019-09-05 08:28:56,449 [Thread-7228] INFO  impl.RaftServerProxy (RaftServerProxy.java:lambda$close$4(314)) - omNode-2: close
2019-09-05 08:28:56,453 [Thread-7228] INFO  impl.RaftServerImpl (RaftServerImpl.java:lambda$shutdown$3(245)) - omNode-2: shutdown group-523986131536
2019-09-05 08:28:56,453 [Thread-7228] INFO  util.JmxRegister (JmxRegister.java:unregister(73)) - Successfully un-registered JMX Bean with object name Ratis:service=RaftServer,group=group-523986131536,id=omNode-2
2019-09-05 08:28:56,454 [Thread-7228] INFO  impl.RoleInfo (RoleInfo.java:shutdownFollowerState(121)) - omNode-2: shutdown FollowerState
2019-09-05 08:28:56,454 [Thread-7228] INFO  impl.StateMachineUpdater (StateMachineUpdater.java:stopAndJoin(115)) - StateMachineUpdater:omNode-2:group-523986131536: set stopIndex = 2
2019-09-05 08:28:56,454 [StateMachineUpdater:omNode-2:group-523986131536] INFO  ratis.OzoneManagerStateMachine (OzoneManagerStateMachine.java:takeSnapshot(254)) - Saving Ratis snapshot on the OM.
2019-09-05 08:28:56,454 [Thread-7498] INFO  impl.FollowerState (FollowerState.java:run(114)) - omNode-2: FollowerState was interrupted: java.lang.InterruptedException: sleep interrupted
2019-09-05 08:28:56,458 [StateMachineUpdater:omNode-2:group-523986131536] INFO  ratis.OMRatisSnapshotInfo (OMRatisSnapshotInfo.java:saveRatisSnapshotToDisk(107)) - Saved Ratis Snapshot on the OM with snapshotIndex -1
2019-09-05 08:28:56,458 [Thread-7228] INFO  impl.RaftServerImpl (ServerState.java:close(394)) - omNode-2:group-523986131536 closes. The last applied log index is 2
2019-09-05 08:28:56,459 [omNode-2-SegmentedRaftLogWorker:Storage Directory /workdir/hadoop-ozone/integration-test/target/test-dir/MiniOzoneClusterImpl-e0d84eed-451a-4624-af13-1b9bd6e78dbd/omNode-2/ratis/c9bc4cf4-3bc3-3c60-a66b-523986131536] INFO  segmented.SegmentedRaftLogWorker (SegmentedRaftLogWorker.java:run(313)) - omNode-2-SegmentedRaftLogWorker:Storage Directory /workdir/hadoop-ozone/integration-test/target/test-dir/MiniOzoneClusterImpl-e0d84eed-451a-4624-af13-1b9bd6e78dbd/omNode-2/ratis/c9bc4cf4-3bc3-3c60-a66b-523986131536 was interrupted, exiting. There are 0 tasks remaining in the queue.
2019-09-05 08:28:56,461 [Thread-7228] INFO  segmented.SegmentedRaftLogWorker (SegmentedRaftLogWorker.java:close(228)) - omNode-2-SegmentedRaftLogWorker:Storage Directory /workdir/hadoop-ozone/integration-test/target/test-dir/MiniOzoneClusterImpl-e0d84eed-451a-4624-af13-1b9bd6e78dbd/omNode-2/ratis/c9bc4cf4-3bc3-3c60-a66b-523986131536 close()
2019-09-05 08:28:56,476 [Thread-7228] INFO  server.GrpcService (GrpcService.java:closeImpl(155)) - omNode-2: shutdown server with port 13018 now
2019-09-05 08:28:56,480 [grpc-default-executor-4] WARN  server.GrpcServerProtocolService (LogUtils.java:warn(134)) - omNode-2: appendEntries onError: org.apache.ratis.thirdparty.io.grpc.StatusRuntimeException: CANCELLED: cancelled before receiving half close
2019-09-05 08:28:56,480 [Thread-7228] INFO  server.GrpcService (GrpcService.java:closeImpl(163)) - omNode-2: shutdown server with port 13018 successfully
2019-09-05 08:28:56,480 [grpc-default-executor-4] WARN  server.GrpcLogAppender (LogUtils.java:warn(134)) - omNode-3->omNode-2: Failed appendEntries: org.apache.ratis.thirdparty.io.grpc.StatusRuntimeException: CANCELLED: HTTP/2 error code: CANCEL
Received Rst Stream
2019-09-05 08:28:56,480 [Thread-7228] INFO  ratis.OzoneManagerDoubleBuffer (OzoneManagerDoubleBuffer.java:stop(248)) - Stopping OMDoubleBuffer flush thread
2019-09-05 08:28:56,481 [OMDoubleBufferFlushThread] INFO  ratis.OzoneManagerDoubleBuffer (OzoneManagerDoubleBuffer.java:flushTransactions(191)) - OMDoubleBuffer flush thread OMDoubleBufferFlushThread is interrupted and will exit. OMDoubleBufferFlushThread
2019-09-05 08:28:56,481 [grpc-default-executor-4] INFO  impl.FollowerInfo (FollowerInfo.java:lambda$new$0(50)) - omNode-3->omNode-2: nextIndex: updateUnconditionally 3 -> 2
2019-09-05 08:28:56,481 [Thread-7228] INFO  utils.BackgroundService (BackgroundService.java:shutdown(148)) - Shutting down service KeyDeletingService
2019-09-05 08:28:56,482 [Thread-7228] INFO  handler.ContextHandler (ContextHandler.java:doStop(910)) - Stopped o.e.j.w.WebAppContext@7773093f{/,null,UNAVAILABLE}{/ozoneManager}
2019-09-05 08:28:56,482 [Thread-7228] INFO  server.AbstractConnector (AbstractConnector.java:doStop(318)) - Stopped ServerConnector@1a1561f5{HTTP/1.1,[http/1.1]}{0.0.0.0:13016}
2019-09-05 08:28:56,483 [Thread-7228] INFO  handler.ContextHandler (ContextHandler.java:doStop(910)) - Stopped o.e.j.s.ServletContextHandler@29d48d67{/static,file:///workdir/hadoop-ozone/integration-test/target/test-classes/webapps/static,UNAVAILABLE}
2019-09-05 08:28:56,483 [Thread-7228] INFO  handler.ContextHandler (ContextHandler.java:doStop(910)) - Stopped o.e.j.s.ServletContextHandler@62946cc2{/logs,file:///workdir/hadoop-ozone/integration-test/target/log,UNAVAILABLE}
2019-09-05 08:28:56,560 [grpc-default-executor-4] WARN  server.GrpcLogAppender (LogUtils.java:warn(134)) - omNode-3->omNode-2: Failed appendEntries: org.apache.ratis.thirdparty.io.grpc.StatusRuntimeException: UNAVAILABLE: io exception
2019-09-05 08:28:56,560 [grpc-default-executor-4] INFO  impl.FollowerInfo (FollowerInfo.java:lambda$new$0(50)) - omNode-3->omNode-2: nextIndex: updateUnconditionally 2 -> 1
2019-09-05 08:28:56,593 [grpc-default-executor-8] WARN  server.GrpcLogAppender (LogUtils.java:warn(134)) - omNode-3->omNode-1: Failed appendEntries: org.apache.ratis.thirdparty.io.grpc.StatusRuntimeException: UNAVAILABLE: io exception
2019-09-05 08:28:56,594 [grpc-default-executor-8] INFO  impl.FollowerInfo (FollowerInfo.java:lambda$new$0(50)) - omNode-3->omNode-1: nextIndex: updateUnconditionally 2 -> 1
2019-09-05 08:28:57,061 [grpc-default-executor-7] WARN  server.GrpcLogAppender (LogUtils.java:warn(134)) - omNode-3->omNode-2: Failed appendEntries: org.apache.ratis.thirdparty.io.grpc.StatusRuntimeException: UNAVAILABLE: io exception
2019-09-05 08:28:57,062 [grpc-default-executor-7] INFO  impl.FollowerInfo (FollowerInfo.java:lambda$new$0(50)) - omNode-3->omNode-2: nextIndex: updateUnconditionally 1 -> 0
2019-09-05 08:28:57,099 [grpc-default-executor-7] WARN  server.GrpcLogAppender (LogUtils.java:warn(134)) - omNode-3->omNode-1: Failed appendEntries: org.apache.ratis.thirdparty.io.grpc.StatusRuntimeException: UNAVAILABLE: io exception
2019-09-05 08:28:57,099 [grpc-default-executor-7] INFO  impl.FollowerInfo (FollowerInfo.java:lambda$new$0(50)) - omNode-3->omNode-1: nextIndex: updateUnconditionally 1 -> 0
2019-09-05 08:28:57,348 | INFO  | SCMAudit | user=jenkins1000 | ip=192.168.36.69 | op=SEND_HEARTBEAT {datanodeUUID=baa0ac9c-d259-45b0-b366-08e52759ad0f, command=[]} | ret=SUCCESS |  
2019-09-05 08:28:57,562 [grpc-default-executor-7] WARN  server.GrpcLogAppender (LogUtils.java:warn(134)) - omNode-3->omNode-2: Failed appendEntries: org.apache.ratis.thirdparty.io.grpc.StatusRuntimeException: UNAVAILABLE: io exception
2019-09-05 08:28:57,562 [grpc-default-executor-7] INFO  impl.FollowerInfo (FollowerInfo.java:lambda$new$0(50)) - omNode-3->omNode-2: nextIndex: updateUnconditionally 0 -> 0
2019-09-05 08:28:57,595 [grpc-default-executor-8] WARN  server.GrpcLogAppender (LogUtils.java:warn(134)) - omNode-3->omNode-1: Failed appendEntries: org.apache.ratis.thirdparty.io.grpc.StatusRuntimeException: UNAVAILABLE: io exception
2019-09-05 08:28:57,595 [grpc-default-executor-8] INFO  impl.FollowerInfo (FollowerInfo.java:lambda$new$0(50)) - omNode-3->omNode-1: nextIndex: updateUnconditionally 0 -> 0
2019-09-05 08:28:58,063 [grpc-default-executor-8] WARN  server.GrpcLogAppender (LogUtils.java:warn(134)) - omNode-3->omNode-2: Failed appendEntries: org.apache.ratis.thirdparty.io.grpc.StatusRuntimeException: UNAVAILABLE: io exception
2019-09-05 08:28:58,064 [grpc-default-executor-8] INFO  impl.FollowerInfo (FollowerInfo.java:lambda$new$0(50)) - omNode-3->omNode-2: nextIndex: updateUnconditionally 0 -> 0
2019-09-05 08:28:58,095 [grpc-default-executor-8] WARN  server.GrpcLogAppender (LogUtils.java:warn(134)) - omNode-3->omNode-1: Failed appendEntries: org.apache.ratis.thirdparty.io.grpc.StatusRuntimeException: UNAVAILABLE: io exception
2019-09-05 08:28:58,096 [grpc-default-executor-8] INFO  impl.FollowerInfo (FollowerInfo.java:lambda$new$0(50)) - omNode-3->omNode-1: nextIndex: updateUnconditionally 0 -> 0
2019-09-05 08:28:58,347 | INFO  | SCMAudit | user=jenkins1000 | ip=192.168.36.69 | op=SEND_HEARTBEAT {datanodeUUID=baa0ac9c-d259-45b0-b366-08e52759ad0f, command=[]} | ret=SUCCESS |  
2019-09-05 08:28:58,360 [Thread-7518] INFO  container.ReplicationManager (ReplicationManager.java:start(151)) - Starting Replication Monitor Thread.
2019-09-05 08:28:58,365 [ReplicationMonitor] INFO  container.ReplicationManager (ReplicationManager.java:run(214)) - Replication Monitor Thread took 0 milliseconds for processing 0 containers.
2019-09-05 08:28:58,564 [grpc-default-executor-8] WARN  server.GrpcLogAppender (LogUtils.java:warn(134)) - omNode-3->omNode-2: Failed appendEntries: org.apache.ratis.thirdparty.io.grpc.StatusRuntimeException: UNAVAILABLE: io exception
2019-09-05 08:28:58,564 [grpc-default-executor-8] INFO  impl.FollowerInfo (FollowerInfo.java:lambda$new$0(50)) - omNode-3->omNode-2: nextIndex: updateUnconditionally 0 -> 0
2019-09-05 08:28:58,597 [grpc-default-executor-4] WARN  server.GrpcLogAppender (LogUtils.java:warn(134)) - omNode-3->omNode-1: Failed appendEntries: org.apache.ratis.thirdparty.io.grpc.StatusRuntimeException: UNAVAILABLE: io exception
2019-09-05 08:28:58,597 [grpc-default-executor-4] INFO  impl.FollowerInfo (FollowerInfo.java:lambda$new$0(50)) - omNode-3->omNode-1: nextIndex: updateUnconditionally 0 -> 0
2019-09-05 08:28:59,068 [grpc-default-executor-7] WARN  server.GrpcLogAppender (LogUtils.java:warn(134)) - omNode-3->omNode-2: Failed appendEntries: org.apache.ratis.thirdparty.io.grpc.StatusRuntimeException: UNAVAILABLE: io exception
2019-09-05 08:28:59,069 [grpc-default-executor-7] INFO  impl.FollowerInfo (FollowerInfo.java:lambda$new$0(50)) - omNode-3->omNode-2: nextIndex: updateUnconditionally 0 -> 0
2019-09-05 08:28:59,097 [grpc-default-executor-7] WARN  server.GrpcLogAppender (LogUtils.java:warn(134)) - omNode-3->omNode-1: Failed appendEntries: org.apache.ratis.thirdparty.io.grpc.StatusRuntimeException: UNAVAILABLE: io exception
2019-09-05 08:28:59,098 [grpc-default-executor-7] INFO  impl.FollowerInfo (FollowerInfo.java:lambda$new$0(50)) - omNode-3->omNode-1: nextIndex: updateUnconditionally 0 -> 0
2019-09-05 08:28:59,348 | INFO  | SCMAudit | user=jenkins1000 | ip=192.168.36.69 | op=SEND_HEARTBEAT {datanodeUUID=baa0ac9c-d259-45b0-b366-08e52759ad0f, command=[]} | ret=SUCCESS |  
2019-09-05 08:28:59,567 [grpc-default-executor-7] WARN  server.GrpcLogAppender (LogUtils.java:warn(134)) - omNode-3->omNode-2: Failed appendEntries: org.apache.ratis.thirdparty.io.grpc.StatusRuntimeException: UNAVAILABLE: io exception
2019-09-05 08:28:59,568 [grpc-default-executor-7] INFO  impl.FollowerInfo (FollowerInfo.java:lambda$new$0(50)) - omNode-3->omNode-2: nextIndex: updateUnconditionally 0 -> 0
2019-09-05 08:28:59,598 [grpc-default-executor-8] WARN  server.GrpcLogAppender (LogUtils.java:warn(134)) - omNode-3->omNode-1: Failed appendEntries: org.apache.ratis.thirdparty.io.grpc.StatusRuntimeException: UNAVAILABLE: io exception
2019-09-05 08:28:59,598 [grpc-default-executor-8] INFO  impl.FollowerInfo (FollowerInfo.java:lambda$new$0(50)) - omNode-3->omNode-1: nextIndex: updateUnconditionally 0 -> 0
2019-09-05 08:29:00,069 [grpc-default-executor-8] WARN  server.GrpcLogAppender (LogUtils.java:warn(134)) - omNode-3->omNode-2: Failed appendEntries: org.apache.ratis.thirdparty.io.grpc.StatusRuntimeException: UNAVAILABLE: io exception
2019-09-05 08:29:00,069 [grpc-default-executor-8] INFO  impl.FollowerInfo (FollowerInfo.java:lambda$new$0(50)) - omNode-3->omNode-2: nextIndex: updateUnconditionally 0 -> 0
2019-09-05 08:29:00,098 [grpc-default-executor-4] WARN  server.GrpcLogAppender (LogUtils.java:warn(134)) - omNode-3->omNode-1: Failed appendEntries: org.apache.ratis.thirdparty.io.grpc.StatusRuntimeException: UNAVAILABLE: io exception
2019-09-05 08:29:00,099 [grpc-default-executor-4] INFO  impl.FollowerInfo (FollowerInfo.java:lambda$new$0(50)) - omNode-3->omNode-1: nextIndex: updateUnconditionally 0 -> 0
2019-09-05 08:29:00,347 | INFO  | SCMAudit | user=jenkins1000 | ip=192.168.36.69 | op=SEND_HEARTBEAT {datanodeUUID=baa0ac9c-d259-45b0-b366-08e52759ad0f, command=[]} | ret=SUCCESS |  
2019-09-05 08:29:00,509 [Thread-7228] INFO  rpc.RpcClient (RpcClient.java:createVolume(293)) - Creating Volume: volume08518, with user04416 as owner.
2019-09-05 08:29:00,515 [grpc-default-executor-4] WARN  server.GrpcLogAppender (LogUtils.java:warn(134)) - omNode-3->omNode-2: Failed appendEntries: org.apache.ratis.thirdparty.io.grpc.StatusRuntimeException: UNAVAILABLE: io exception
2019-09-05 08:29:00,516 [grpc-default-executor-8] WARN  server.GrpcLogAppender (LogUtils.java:warn(134)) - omNode-3->omNode-1: Failed appendEntries: org.apache.ratis.thirdparty.io.grpc.StatusRuntimeException: UNAVAILABLE: io exception
2019-09-05 08:29:00,516 [grpc-default-executor-4] INFO  impl.FollowerInfo (FollowerInfo.java:lambda$new$0(50)) - omNode-3->omNode-2: nextIndex: updateUnconditionally 4 -> 3
2019-09-05 08:29:00,516 [grpc-default-executor-8] INFO  impl.FollowerInfo (FollowerInfo.java:lambda$new$0(50)) - omNode-3->omNode-1: nextIndex: updateUnconditionally 4 -> 3
2019-09-05 08:29:00,622 [Thread-7520] INFO  impl.FollowerState (FollowerState.java:run(106)) - baa0ac9c-d259-45b0-b366-08e52759ad0f:group-1C54FEF5077B changes to CANDIDATE, lastRpcTime:5192, electionTimeout:5192ms
2019-09-05 08:29:00,622 [Thread-7520] INFO  impl.RoleInfo (RoleInfo.java:shutdownFollowerState(121)) - baa0ac9c-d259-45b0-b366-08e52759ad0f: shutdown FollowerState
2019-09-05 08:29:00,622 [Thread-7520] INFO  impl.RaftServerImpl (RaftServerImpl.java:setRole(171)) - baa0ac9c-d259-45b0-b366-08e52759ad0f:group-1C54FEF5077B changes role from FOLLOWER to CANDIDATE at term 0 for changeToCandidate
2019-09-05 08:29:00,622 [Thread-7520] INFO  impl.RoleInfo (RoleInfo.java:updateAndGet(143)) - baa0ac9c-d259-45b0-b366-08e52759ad0f: start LeaderElection
2019-09-05 08:29:00,651 [baa0ac9c-d259-45b0-b366-08e52759ad0f:group-1C54FEF5077B:LeaderElection95] INFO  impl.LeaderElection (LeaderElection.java:askForVotes(181)) - baa0ac9c-d259-45b0-b366-08e52759ad0f:group-1C54FEF5077B:LeaderElection95: begin an election at term 1 for -1: [baa0ac9c-d259-45b0-b366-08e52759ad0f:192.168.36.69:40120], old=null
2019-09-05 08:29:00,652 [baa0ac9c-d259-45b0-b366-08e52759ad0f:group-1C54FEF5077B:LeaderElection95] INFO  impl.RoleInfo (RoleInfo.java:shutdownLeaderElection(134)) - baa0ac9c-d259-45b0-b366-08e52759ad0f: shutdown LeaderElection
2019-09-05 08:29:00,652 [baa0ac9c-d259-45b0-b366-08e52759ad0f:group-1C54FEF5077B:LeaderElection95] INFO  impl.RaftServerImpl (RaftServerImpl.java:setRole(171)) - baa0ac9c-d259-45b0-b366-08e52759ad0f:group-1C54FEF5077B changes role from CANDIDATE to LEADER at term 1 for changeToLeader
2019-09-05 08:29:00,652 [baa0ac9c-d259-45b0-b366-08e52759ad0f:group-1C54FEF5077B:LeaderElection95] INFO  impl.RaftServerImpl (ServerState.java:setLeader(263)) - baa0ac9c-d259-45b0-b366-08e52759ad0f:group-1C54FEF5077B change Leader from null to baa0ac9c-d259-45b0-b366-08e52759ad0f at term 1 for becomeLeader, leader elected after 5226ms
2019-09-05 08:29:00,652 [baa0ac9c-d259-45b0-b366-08e52759ad0f:group-1C54FEF5077B:LeaderElection95] INFO  server.RaftServerConfigKeys (ConfUtils.java:logGet(43)) - raft.server.staging.catchup.gap = 1000 (default)
2019-09-05 08:29:00,653 [baa0ac9c-d259-45b0-b366-08e52759ad0f:group-1C54FEF5077B:LeaderElection95] INFO  server.RaftServerConfigKeys (ConfUtils.java:logGet(43)) - raft.server.rpc.sleep.time = 25ms (default)
2019-09-05 08:29:00,653 [baa0ac9c-d259-45b0-b366-08e52759ad0f:group-1C54FEF5077B:LeaderElection95] INFO  server.RaftServerConfigKeys (ConfUtils.java:logGet(43)) - raft.server.write.element-limit = 4096 (default)
2019-09-05 08:29:00,653 [baa0ac9c-d259-45b0-b366-08e52759ad0f:group-1C54FEF5077B:LeaderElection95] INFO  server.RaftServerConfigKeys (ConfUtils.java:logGet(43)) - raft.server.watch.timeout = 10s (default)
2019-09-05 08:29:00,653 [baa0ac9c-d259-45b0-b366-08e52759ad0f:group-1C54FEF5077B:LeaderElection95] INFO  server.RaftServerConfigKeys (ConfUtils.java:logGet(43)) - raft.server.watch.timeout.denomination = 1s (default)
2019-09-05 08:29:00,653 [baa0ac9c-d259-45b0-b366-08e52759ad0f:group-1C54FEF5077B:LeaderElection95] INFO  server.RaftServerConfigKeys (ConfUtils.java:logGet(43)) - raft.server.watch.element-limit = 65536 (default)
2019-09-05 08:29:00,654 [baa0ac9c-d259-45b0-b366-08e52759ad0f:group-1C54FEF5077B:LeaderElection95] INFO  impl.RoleInfo (RoleInfo.java:updateAndGet(143)) - baa0ac9c-d259-45b0-b366-08e52759ad0f: start LeaderState
2019-09-05 08:29:00,654 [baa0ac9c-d259-45b0-b366-08e52759ad0f:group-1C54FEF5077B:LeaderElection95] INFO  segmented.SegmentedRaftLogWorker (SegmentedRaftLogWorker.java:startLogSegment(380)) - baa0ac9c-d259-45b0-b366-08e52759ad0f-SegmentedRaftLogWorker:Storage Directory /workdir/hadoop-ozone/integration-test/target/test-dir/MiniOzoneClusterImpl-e0d84eed-451a-4624-af13-1b9bd6e78dbd/datanode-0/data/ratis/1b431a83-0974-406c-81ac-1c54fef5077b: Starting segment from index:0
2019-09-05 08:29:00,655 [baa0ac9c-d259-45b0-b366-08e52759ad0f:group-1C54FEF5077B:LeaderElection95] INFO  impl.RaftServerImpl (ServerState.java:setRaftConf(361)) - baa0ac9c-d259-45b0-b366-08e52759ad0f:group-1C54FEF5077B set configuration 0: [baa0ac9c-d259-45b0-b366-08e52759ad0f:192.168.36.69:40120], old=null at 0
2019-09-05 08:29:00,708 [baa0ac9c-d259-45b0-b366-08e52759ad0f-SegmentedRaftLogWorker:Storage Directory /workdir/hadoop-ozone/integration-test/target/test-dir/MiniOzoneClusterImpl-e0d84eed-451a-4624-af13-1b9bd6e78dbd/datanode-0/data/ratis/1b431a83-0974-406c-81ac-1c54fef5077b] INFO  segmented.SegmentedRaftLogWorker (SegmentedRaftLogWorker.java:execute(569)) - baa0ac9c-d259-45b0-b366-08e52759ad0f-SegmentedRaftLogWorker:Storage Directory /workdir/hadoop-ozone/integration-test/target/test-dir/MiniOzoneClusterImpl-e0d84eed-451a-4624-af13-1b9bd6e78dbd/datanode-0/data/ratis/1b431a83-0974-406c-81ac-1c54fef5077b: created new log segment /workdir/hadoop-ozone/integration-test/target/test-dir/MiniOzoneClusterImpl-e0d84eed-451a-4624-af13-1b9bd6e78dbd/datanode-0/data/ratis/1b431a83-0974-406c-81ac-1c54fef5077b/current/log_inprogress_0
2019-09-05 08:29:01,016 [grpc-default-executor-8] WARN  server.GrpcLogAppender (LogUtils.java:warn(134)) - omNode-3->omNode-2: Failed appendEntries: org.apache.ratis.thirdparty.io.grpc.StatusRuntimeException: UNAVAILABLE: io exception
2019-09-05 08:29:01,016 [grpc-default-executor-9] WARN  server.GrpcLogAppender (LogUtils.java:warn(134)) - omNode-3->omNode-1: Failed appendEntries: org.apache.ratis.thirdparty.io.grpc.StatusRuntimeException: UNAVAILABLE: io exception
2019-09-05 08:29:01,017 [grpc-default-executor-8] INFO  impl.FollowerInfo (FollowerInfo.java:lambda$new$0(50)) - omNode-3->omNode-2: nextIndex: updateUnconditionally 3 -> 2
2019-09-05 08:29:01,017 [grpc-default-executor-9] INFO  impl.FollowerInfo (FollowerInfo.java:lambda$new$0(50)) - omNode-3->omNode-1: nextIndex: updateUnconditionally 3 -> 2
2019-09-05 08:29:01,347 | INFO  | SCMAudit | user=jenkins1000 | ip=192.168.36.69 | op=SEND_HEARTBEAT {datanodeUUID=baa0ac9c-d259-45b0-b366-08e52759ad0f, command=[]} | ret=SUCCESS |  
2019-09-05 08:29:01,517 [grpc-default-executor-9] WARN  server.GrpcLogAppender (LogUtils.java:warn(134)) - omNode-3->omNode-2: Failed appendEntries: org.apache.ratis.thirdparty.io.grpc.StatusRuntimeException: UNAVAILABLE: io exception
2019-09-05 08:29:01,518 [grpc-default-executor-10] WARN  server.GrpcLogAppender (LogUtils.java:warn(134)) - omNode-3->omNode-1: Failed appendEntries: org.apache.ratis.thirdparty.io.grpc.StatusRuntimeException: UNAVAILABLE: io exception
2019-09-05 08:29:01,518 [grpc-default-executor-9] INFO  impl.FollowerInfo (FollowerInfo.java:lambda$new$0(50)) - omNode-3->omNode-2: nextIndex: updateUnconditionally 2 -> 1
2019-09-05 08:29:01,518 [grpc-default-executor-10] INFO  impl.FollowerInfo (FollowerInfo.java:lambda$new$0(50)) - omNode-3->omNode-1: nextIndex: updateUnconditionally 2 -> 1
2019-09-05 08:29:02,018 [grpc-default-executor-4] WARN  server.GrpcLogAppender (LogUtils.java:warn(134)) - omNode-3->omNode-2: Failed appendEntries: org.apache.ratis.thirdparty.io.grpc.StatusRuntimeException: UNAVAILABLE: io exception
2019-09-05 08:29:02,018 [grpc-default-executor-8] WARN  server.GrpcLogAppender (LogUtils.java:warn(134)) - omNode-3->omNode-1: Failed appendEntries: org.apache.ratis.thirdparty.io.grpc.StatusRuntimeException: UNAVAILABLE: io exception
2019-09-05 08:29:02,019 [grpc-default-executor-4] INFO  impl.FollowerInfo (FollowerInfo.java:lambda$new$0(50)) - omNode-3->omNode-2: nextIndex: updateUnconditionally 1 -> 0
2019-09-05 08:29:02,019 [grpc-default-executor-8] INFO  impl.FollowerInfo (FollowerInfo.java:lambda$new$0(50)) - omNode-3->omNode-1: nextIndex: updateUnconditionally 1 -> 0
2019-09-05 08:29:02,348 | INFO  | SCMAudit | user=jenkins1000 | ip=192.168.36.69 | op=SEND_HEARTBEAT {datanodeUUID=baa0ac9c-d259-45b0-b366-08e52759ad0f, command=[]} | ret=SUCCESS |  
2019-09-05 08:29:02,519 [grpc-default-executor-8] WARN  server.GrpcLogAppender (LogUtils.java:warn(134)) - omNode-3->omNode-1: Failed appendEntries: org.apache.ratis.thirdparty.io.grpc.StatusRuntimeException: UNAVAILABLE: io exception
2019-09-05 08:29:02,519 [grpc-default-executor-4] WARN  server.GrpcLogAppender (LogUtils.java:warn(134)) - omNode-3->omNode-2: Failed appendEntries: org.apache.ratis.thirdparty.io.grpc.StatusRuntimeException: UNAVAILABLE: io exception
2019-09-05 08:29:02,519 [grpc-default-executor-8] INFO  impl.FollowerInfo (FollowerInfo.java:lambda$new$0(50)) - omNode-3->omNode-1: nextIndex: updateUnconditionally 0 -> 0
2019-09-05 08:29:02,519 [grpc-default-executor-4] INFO  impl.FollowerInfo (FollowerInfo.java:lambda$new$0(50)) - omNode-3->omNode-2: nextIndex: updateUnconditionally 0 -> 0
2019-09-05 08:29:03,020 [grpc-default-executor-9] WARN  server.GrpcLogAppender (LogUtils.java:warn(134)) - omNode-3->omNode-1: Failed appendEntries: org.apache.ratis.thirdparty.io.grpc.StatusRuntimeException: UNAVAILABLE: io exception
2019-09-05 08:29:03,020 [grpc-default-executor-7] WARN  server.GrpcLogAppender (LogUtils.java:warn(134)) - omNode-3->omNode-2: Failed appendEntries: org.apache.ratis.thirdparty.io.grpc.StatusRuntimeException: UNAVAILABLE: io exception
2019-09-05 08:29:03,020 [grpc-default-executor-9] INFO  impl.FollowerInfo (FollowerInfo.java:lambda$new$0(50)) - omNode-3->omNode-1: nextIndex: updateUnconditionally 0 -> 0
2019-09-05 08:29:03,021 [grpc-default-executor-7] INFO  impl.FollowerInfo (FollowerInfo.java:lambda$new$0(50)) - omNode-3->omNode-2: nextIndex: updateUnconditionally 0 -> 0
2019-09-05 08:29:03,348 | INFO  | SCMAudit | user=jenkins1000 | ip=192.168.36.69 | op=SEND_HEARTBEAT {datanodeUUID=baa0ac9c-d259-45b0-b366-08e52759ad0f, command=[]} | ret=SUCCESS |  
2019-09-05 08:29:03,521 [grpc-default-executor-9] WARN  server.GrpcLogAppender (LogUtils.java:warn(134)) - omNode-3->omNode-1: Failed appendEntries: org.apache.ratis.thirdparty.io.grpc.StatusRuntimeException: UNAVAILABLE: io exception
2019-09-05 08:29:03,521 [grpc-default-executor-10] WARN  server.GrpcLogAppender (LogUtils.java:warn(134)) - omNode-3->omNode-2: Failed appendEntries: org.apache.ratis.thirdparty.io.grpc.StatusRuntimeException: UNAVAILABLE: io exception
2019-09-05 08:29:03,521 [grpc-default-executor-9] INFO  impl.FollowerInfo (FollowerInfo.java:lambda$new$0(50)) - omNode-3->omNode-1: nextIndex: updateUnconditionally 0 -> 0
2019-09-05 08:29:03,521 [grpc-default-executor-10] INFO  impl.FollowerInfo (FollowerInfo.java:lambda$new$0(50)) - omNode-3->omNode-2: nextIndex: updateUnconditionally 0 -> 0
2019-09-05 08:29:04,022 [grpc-default-executor-10] WARN  server.GrpcLogAppender (LogUtils.java:warn(134)) - omNode-3->omNode-2: Failed appendEntries: org.apache.ratis.thirdparty.io.grpc.StatusRuntimeException: UNAVAILABLE: io exception
2019-09-05 08:29:04,023 [grpc-default-executor-4] WARN  server.GrpcLogAppender (LogUtils.java:warn(134)) - omNode-3->omNode-1: Failed appendEntries: org.apache.ratis.thirdparty.io.grpc.StatusRuntimeException: UNAVAILABLE: io exception
2019-09-05 08:29:04,024 [grpc-default-executor-10] INFO  impl.FollowerInfo (FollowerInfo.java:lambda$new$0(50)) - omNode-3->omNode-2: nextIndex: updateUnconditionally 0 -> 0
2019-09-05 08:29:04,024 [grpc-default-executor-4] INFO  impl.FollowerInfo (FollowerInfo.java:lambda$new$0(50)) - omNode-3->omNode-1: nextIndex: updateUnconditionally 0 -> 0
2019-09-05 08:29:04,351 | INFO  | SCMAudit | user=jenkins1000 | ip=192.168.36.69 | op=SEND_HEARTBEAT {datanodeUUID=baa0ac9c-d259-45b0-b366-08e52759ad0f, command=[]} | ret=SUCCESS |  
2019-09-05 08:29:04,525 [grpc-default-executor-8] WARN  server.GrpcLogAppender (LogUtils.java:warn(134)) - omNode-3->omNode-2: Failed appendEntries: org.apache.ratis.thirdparty.io.grpc.StatusRuntimeException: UNAVAILABLE: io exception
2019-09-05 08:29:04,525 [grpc-default-executor-7] WARN  server.GrpcLogAppender (LogUtils.java:warn(134)) - omNode-3->omNode-1: Failed appendEntries: org.apache.ratis.thirdparty.io.grpc.StatusRuntimeException: UNAVAILABLE: io exception
2019-09-05 08:29:04,526 [grpc-default-executor-8] INFO  impl.FollowerInfo (FollowerInfo.java:lambda$new$0(50)) - omNode-3->omNode-2: nextIndex: updateUnconditionally 0 -> 0
2019-09-05 08:29:04,526 [grpc-default-executor-7] INFO  impl.FollowerInfo (FollowerInfo.java:lambda$new$0(50)) - omNode-3->omNode-1: nextIndex: updateUnconditionally 0 -> 0
2019-09-05 08:29:05,025 [grpc-default-executor-7] WARN  server.GrpcLogAppender (LogUtils.java:warn(134)) - omNode-3->omNode-1: Failed appendEntries: org.apache.ratis.thirdparty.io.grpc.StatusRuntimeException: UNAVAILABLE: io exception
2019-09-05 08:29:05,025 [grpc-default-executor-10] WARN  server.GrpcLogAppender (LogUtils.java:warn(134)) - omNode-3->omNode-2: Failed appendEntries: org.apache.ratis.thirdparty.io.grpc.StatusRuntimeException: UNAVAILABLE: io exception
2019-09-05 08:29:05,025 [grpc-default-executor-7] INFO  impl.FollowerInfo (FollowerInfo.java:lambda$new$0(50)) - omNode-3->omNode-1: nextIndex: updateUnconditionally 0 -> 0
2019-09-05 08:29:05,025 [grpc-default-executor-10] INFO  impl.FollowerInfo (FollowerInfo.java:lambda$new$0(50)) - omNode-3->omNode-2: nextIndex: updateUnconditionally 0 -> 0
2019-09-05 08:29:05,349 | INFO  | SCMAudit | user=jenkins1000 | ip=192.168.36.69 | op=SEND_HEARTBEAT {datanodeUUID=baa0ac9c-d259-45b0-b366-08e52759ad0f, command=[]} | ret=SUCCESS |  
2019-09-05 08:29:05,526 [grpc-default-executor-7] WARN  server.GrpcLogAppender (LogUtils.java:warn(134)) - omNode-3->omNode-2: Failed appendEntries: org.apache.ratis.thirdparty.io.grpc.StatusRuntimeException: UNAVAILABLE: io exception
2019-09-05 08:29:05,526 [grpc-default-executor-10] WARN  server.GrpcLogAppender (LogUtils.java:warn(134)) - omNode-3->omNode-1: Failed appendEntries: org.apache.ratis.thirdparty.io.grpc.StatusRuntimeException: UNAVAILABLE: io exception
2019-09-05 08:29:05,526 [grpc-default-executor-7] INFO  impl.FollowerInfo (FollowerInfo.java:lambda$new$0(50)) - omNode-3->omNode-2: nextIndex: updateUnconditionally 0 -> 0
2019-09-05 08:29:05,527 [grpc-default-executor-10] INFO  impl.FollowerInfo (FollowerInfo.java:lambda$new$0(50)) - omNode-3->omNode-1: nextIndex: updateUnconditionally 0 -> 0
2019-09-05 08:29:06,027 [grpc-default-executor-10] WARN  server.GrpcLogAppender (LogUtils.java:warn(134)) - omNode-3->omNode-1: Failed appendEntries: org.apache.ratis.thirdparty.io.grpc.StatusRuntimeException: UNAVAILABLE: io exception
2019-09-05 08:29:06,027 [grpc-default-executor-7] WARN  server.GrpcLogAppender (LogUtils.java:warn(134)) - omNode-3->omNode-2: Failed appendEntries: org.apache.ratis.thirdparty.io.grpc.StatusRuntimeException: UNAVAILABLE: io exception
2019-09-05 08:29:06,027 [grpc-default-executor-10] INFO  impl.FollowerInfo (FollowerInfo.java:lambda$new$0(50)) - omNode-3->omNode-1: nextIndex: updateUnconditionally 0 -> 0
2019-09-05 08:29:06,028 [grpc-default-executor-7] INFO  impl.FollowerInfo (FollowerInfo.java:lambda$new$0(50)) - omNode-3->omNode-2: nextIndex: updateUnconditionally 0 -> 0
2019-09-05 08:29:06,349 | INFO  | SCMAudit | user=jenkins1000 | ip=192.168.36.69 | op=SEND_HEARTBEAT {datanodeUUID=baa0ac9c-d259-45b0-b366-08e52759ad0f, command=[]} | ret=SUCCESS |  
2019-09-05 08:29:06,528 [grpc-default-executor-4] WARN  server.GrpcLogAppender (LogUtils.java:warn(134)) - omNode-3->omNode-1: Failed appendEntries: org.apache.ratis.thirdparty.io.grpc.StatusRuntimeException: UNAVAILABLE: io exception
2019-09-05 08:29:06,528 [grpc-default-executor-10] WARN  server.GrpcLogAppender (LogUtils.java:warn(134)) - omNode-3->omNode-2: Failed appendEntries: org.apache.ratis.thirdparty.io.grpc.StatusRuntimeException: UNAVAILABLE: io exception
2019-09-05 08:29:06,528 [grpc-default-executor-4] INFO  impl.FollowerInfo (FollowerInfo.java:lambda$new$0(50)) - omNode-3->omNode-1: nextIndex: updateUnconditionally 0 -> 0
2019-09-05 08:29:06,528 [grpc-default-executor-10] INFO  impl.FollowerInfo (FollowerInfo.java:lambda$new$0(50)) - omNode-3->omNode-2: nextIndex: updateUnconditionally 0 -> 0
2019-09-05 08:29:07,028 [grpc-default-executor-10] WARN  server.GrpcLogAppender (LogUtils.java:warn(134)) - omNode-3->omNode-2: Failed appendEntries: org.apache.ratis.thirdparty.io.grpc.StatusRuntimeException: UNAVAILABLE: io exception
2019-09-05 08:29:07,028 [grpc-default-executor-4] WARN  server.GrpcLogAppender (LogUtils.java:warn(134)) - omNode-3->omNode-1: Failed appendEntries: org.apache.ratis.thirdparty.io.grpc.StatusRuntimeException: UNAVAILABLE: io exception
2019-09-05 08:29:07,028 [grpc-default-executor-10] INFO  impl.FollowerInfo (FollowerInfo.java:lambda$new$0(50)) - omNode-3->omNode-2: nextIndex: updateUnconditionally 0 -> 0
2019-09-05 08:29:07,029 [grpc-default-executor-4] INFO  impl.FollowerInfo (FollowerInfo.java:lambda$new$0(50)) - omNode-3->omNode-1: nextIndex: updateUnconditionally 0 -> 0
2019-09-05 08:29:07,349 | INFO  | SCMAudit | user=jenkins1000 | ip=192.168.36.69 | op=SEND_HEARTBEAT {datanodeUUID=baa0ac9c-d259-45b0-b366-08e52759ad0f, command=[]} | ret=SUCCESS |  
2019-09-05 08:29:07,529 [grpc-default-executor-4] WARN  server.GrpcLogAppender (LogUtils.java:warn(134)) - omNode-3->omNode-1: Failed appendEntries: org.apache.ratis.thirdparty.io.grpc.StatusRuntimeException: UNAVAILABLE: io exception
2019-09-05 08:29:07,529 [grpc-default-executor-8] WARN  server.GrpcLogAppender (LogUtils.java:warn(134)) - omNode-3->omNode-2: Failed appendEntries: org.apache.ratis.thirdparty.io.grpc.StatusRuntimeException: UNAVAILABLE: io exception
2019-09-05 08:29:07,529 [grpc-default-executor-4] INFO  impl.FollowerInfo (FollowerInfo.java:lambda$new$0(50)) - omNode-3->omNode-1: nextIndex: updateUnconditionally 0 -> 0
2019-09-05 08:29:07,529 [grpc-default-executor-8] INFO  impl.FollowerInfo (FollowerInfo.java:lambda$new$0(50)) - omNode-3->omNode-2: nextIndex: updateUnconditionally 0 -> 0
2019-09-05 08:29:08,030 [grpc-default-executor-4] WARN  server.GrpcLogAppender (LogUtils.java:warn(134)) - omNode-3->omNode-1: Failed appendEntries: org.apache.ratis.thirdparty.io.grpc.StatusRuntimeException: UNAVAILABLE: io exception
2019-09-05 08:29:08,030 [grpc-default-executor-10] WARN  server.GrpcLogAppender (LogUtils.java:warn(134)) - omNode-3->omNode-2: Failed appendEntries: org.apache.ratis.thirdparty.io.grpc.StatusRuntimeException: UNAVAILABLE: io exception
2019-09-05 08:29:08,031 [grpc-default-executor-4] INFO  impl.FollowerInfo (FollowerInfo.java:lambda$new$0(50)) - omNode-3->omNode-1: nextIndex: updateUnconditionally 0 -> 0
2019-09-05 08:29:08,031 [grpc-default-executor-10] INFO  impl.FollowerInfo (FollowerInfo.java:lambda$new$0(50)) - omNode-3->omNode-2: nextIndex: updateUnconditionally 0 -> 0
2019-09-05 08:29:08,349 | INFO  | SCMAudit | user=jenkins1000 | ip=192.168.36.69 | op=SEND_HEARTBEAT {datanodeUUID=baa0ac9c-d259-45b0-b366-08e52759ad0f, command=[]} | ret=SUCCESS |  
2019-09-05 08:29:08,531 [grpc-default-executor-4] WARN  server.GrpcLogAppender (LogUtils.java:warn(134)) - omNode-3->omNode-1: Failed appendEntries: org.apache.ratis.thirdparty.io.grpc.StatusRuntimeException: UNAVAILABLE: io exception
2019-09-05 08:29:08,531 [grpc-default-executor-9] WARN  server.GrpcLogAppender (LogUtils.java:warn(134)) - omNode-3->omNode-2: Failed appendEntries: org.apache.ratis.thirdparty.io.grpc.StatusRuntimeException: UNAVAILABLE: io exception
2019-09-05 08:29:08,531 [grpc-default-executor-4] INFO  impl.FollowerInfo (FollowerInfo.java:lambda$new$0(50)) - omNode-3->omNode-1: nextIndex: updateUnconditionally 0 -> 0
2019-09-05 08:29:08,531 [grpc-default-executor-9] INFO  impl.FollowerInfo (FollowerInfo.java:lambda$new$0(50)) - omNode-3->omNode-2: nextIndex: updateUnconditionally 0 -> 0
2019-09-05 08:29:09,032 [grpc-default-executor-7] WARN  server.GrpcLogAppender (LogUtils.java:warn(134)) - omNode-3->omNode-2: Failed appendEntries: org.apache.ratis.thirdparty.io.grpc.StatusRuntimeException: UNAVAILABLE: io exception
2019-09-05 08:29:09,032 [grpc-default-executor-8] WARN  server.GrpcLogAppender (LogUtils.java:warn(134)) - omNode-3->omNode-1: Failed appendEntries: org.apache.ratis.thirdparty.io.grpc.StatusRuntimeException: UNAVAILABLE: io exception
2019-09-05 08:29:09,033 [grpc-default-executor-7] INFO  impl.FollowerInfo (FollowerInfo.java:lambda$new$0(50)) - omNode-3->omNode-2: nextIndex: updateUnconditionally 0 -> 0
2019-09-05 08:29:09,033 [grpc-default-executor-8] INFO  impl.FollowerInfo (FollowerInfo.java:lambda$new$0(50)) - omNode-3->omNode-1: nextIndex: updateUnconditionally 0 -> 0
2019-09-05 08:29:09,350 | INFO  | SCMAudit | user=jenkins1000 | ip=192.168.36.69 | op=SEND_HEARTBEAT {datanodeUUID=baa0ac9c-d259-45b0-b366-08e52759ad0f, command=[]} | ret=SUCCESS |  
2019-09-05 08:29:09,533 [grpc-default-executor-10] WARN  server.GrpcLogAppender (LogUtils.java:warn(134)) - omNode-3->omNode-1: Failed appendEntries: org.apache.ratis.thirdparty.io.grpc.StatusRuntimeException: UNAVAILABLE: io exception
2019-09-05 08:29:09,533 [grpc-default-executor-7] WARN  server.GrpcLogAppender (LogUtils.java:warn(134)) - omNode-3->omNode-2: Failed appendEntries: org.apache.ratis.thirdparty.io.grpc.StatusRuntimeException: UNAVAILABLE: io exception
2019-09-05 08:29:09,534 [grpc-default-executor-10] INFO  impl.FollowerInfo (FollowerInfo.java:lambda$new$0(50)) - omNode-3->omNode-1: nextIndex: updateUnconditionally 0 -> 0
2019-09-05 08:29:09,534 [grpc-default-executor-7] INFO  impl.FollowerInfo (FollowerInfo.java:lambda$new$0(50)) - omNode-3->omNode-2: nextIndex: updateUnconditionally 0 -> 0
2019-09-05 08:29:10,033 [grpc-default-executor-7] WARN  server.GrpcLogAppender (LogUtils.java:warn(134)) - omNode-3->omNode-2: Failed appendEntries: org.apache.ratis.thirdparty.io.grpc.StatusRuntimeException: UNAVAILABLE: io exception
2019-09-05 08:29:10,033 [grpc-default-executor-4] WARN  server.GrpcLogAppender (LogUtils.java:warn(134)) - omNode-3->omNode-1: Failed appendEntries: org.apache.ratis.thirdparty.io.grpc.StatusRuntimeException: UNAVAILABLE: io exception
2019-09-05 08:29:10,034 [grpc-default-executor-7] INFO  impl.FollowerInfo (FollowerInfo.java:lambda$new$0(50)) - omNode-3->omNode-2: nextIndex: updateUnconditionally 0 -> 0
2019-09-05 08:29:10,034 [grpc-default-executor-4] INFO  impl.FollowerInfo (FollowerInfo.java:lambda$new$0(50)) - omNode-3->omNode-1: nextIndex: updateUnconditionally 0 -> 0
2019-09-05 08:29:10,350 | INFO  | SCMAudit | user=jenkins1000 | ip=192.168.36.69 | op=SEND_HEARTBEAT {datanodeUUID=baa0ac9c-d259-45b0-b366-08e52759ad0f, command=[]} | ret=SUCCESS |  
2019-09-05 08:29:10,534 [grpc-default-executor-10] WARN  server.GrpcLogAppender (LogUtils.java:warn(134)) - omNode-3->omNode-1: Failed appendEntries: org.apache.ratis.thirdparty.io.grpc.StatusRuntimeException: UNAVAILABLE: io exception
2019-09-05 08:29:10,535 [grpc-default-executor-10] INFO  impl.FollowerInfo (FollowerInfo.java:lambda$new$0(50)) - omNode-3->omNode-1: nextIndex: updateUnconditionally 0 -> 0
2019-09-05 08:29:10,535 [grpc-default-executor-11] WARN  server.GrpcLogAppender (LogUtils.java:warn(134)) - omNode-3->omNode-2: Failed appendEntries: org.apache.ratis.thirdparty.io.grpc.StatusRuntimeException: UNAVAILABLE: io exception
2019-09-05 08:29:10,535 [grpc-default-executor-11] INFO  impl.FollowerInfo (FollowerInfo.java:lambda$new$0(50)) - omNode-3->omNode-2: nextIndex: updateUnconditionally 0 -> 0
2019-09-05 08:29:11,036 [grpc-default-executor-8] WARN  server.GrpcLogAppender (LogUtils.java:warn(134)) - omNode-3->omNode-2: Failed appendEntries: org.apache.ratis.thirdparty.io.grpc.StatusRuntimeException: UNAVAILABLE: io exception
2019-09-05 08:29:11,037 [grpc-default-executor-8] INFO  impl.FollowerInfo (FollowerInfo.java:lambda$new$0(50)) - omNode-3->omNode-2: nextIndex: updateUnconditionally 0 -> 0
2019-09-05 08:29:11,037 [grpc-default-executor-4] WARN  server.GrpcLogAppender (LogUtils.java:warn(134)) - omNode-3->omNode-1: Failed appendEntries: org.apache.ratis.thirdparty.io.grpc.StatusRuntimeException: UNAVAILABLE: io exception
2019-09-05 08:29:11,037 [grpc-default-executor-4] INFO  impl.FollowerInfo (FollowerInfo.java:lambda$new$0(50)) - omNode-3->omNode-1: nextIndex: updateUnconditionally 0 -> 0
2019-09-05 08:29:11,352 | INFO  | SCMAudit | user=jenkins1000 | ip=192.168.36.69 | op=SEND_HEARTBEAT {datanodeUUID=baa0ac9c-d259-45b0-b366-08e52759ad0f, command=[]} | ret=SUCCESS |  
2019-09-05 08:29:11,537 [grpc-default-executor-9] WARN  server.GrpcLogAppender (LogUtils.java:warn(134)) - omNode-3->omNode-2: Failed appendEntries: org.apache.ratis.thirdparty.io.grpc.StatusRuntimeException: UNAVAILABLE: io exception
2019-09-05 08:29:11,537 [grpc-default-executor-8] WARN  server.GrpcLogAppender (LogUtils.java:warn(134)) - omNode-3->omNode-1: Failed appendEntries: org.apache.ratis.thirdparty.io.grpc.StatusRuntimeException: UNAVAILABLE: io exception
2019-09-05 08:29:11,537 [grpc-default-executor-9] INFO  impl.FollowerInfo (FollowerInfo.java:lambda$new$0(50)) - omNode-3->omNode-2: nextIndex: updateUnconditionally 0 -> 0
2019-09-05 08:29:11,538 [grpc-default-executor-8] INFO  impl.FollowerInfo (FollowerInfo.java:lambda$new$0(50)) - omNode-3->omNode-1: nextIndex: updateUnconditionally 0 -> 0
2019-09-05 08:29:12,037 [grpc-default-executor-8] WARN  server.GrpcLogAppender (LogUtils.java:warn(134)) - omNode-3->omNode-2: Failed appendEntries: org.apache.ratis.thirdparty.io.grpc.StatusRuntimeException: UNAVAILABLE: io exception
2019-09-05 08:29:12,037 [grpc-default-executor-4] WARN  server.GrpcLogAppender (LogUtils.java:warn(134)) - omNode-3->omNode-1: Failed appendEntries: org.apache.ratis.thirdparty.io.grpc.StatusRuntimeException: UNAVAILABLE: io exception
2019-09-05 08:29:12,038 [grpc-default-executor-8] INFO  impl.FollowerInfo (FollowerInfo.java:lambda$new$0(50)) - omNode-3->omNode-2: nextIndex: updateUnconditionally 0 -> 0
2019-09-05 08:29:12,038 [grpc-default-executor-4] INFO  impl.FollowerInfo (FollowerInfo.java:lambda$new$0(50)) - omNode-3->omNode-1: nextIndex: updateUnconditionally 0 -> 0
2019-09-05 08:29:12,351 | INFO  | SCMAudit | user=jenkins1000 | ip=192.168.36.69 | op=SEND_HEARTBEAT {datanodeUUID=baa0ac9c-d259-45b0-b366-08e52759ad0f, command=[]} | ret=SUCCESS |  
2019-09-05 08:29:12,538 [grpc-default-executor-8] WARN  server.GrpcLogAppender (LogUtils.java:warn(134)) - omNode-3->omNode-1: Failed appendEntries: org.apache.ratis.thirdparty.io.grpc.StatusRuntimeException: UNAVAILABLE: io exception
2019-09-05 08:29:12,538 [grpc-default-executor-10] WARN  server.GrpcLogAppender (LogUtils.java:warn(134)) - omNode-3->omNode-2: Failed appendEntries: org.apache.ratis.thirdparty.io.grpc.StatusRuntimeException: UNAVAILABLE: io exception
2019-09-05 08:29:12,539 [grpc-default-executor-8] INFO  impl.FollowerInfo (FollowerInfo.java:lambda$new$0(50)) - omNode-3->omNode-1: nextIndex: updateUnconditionally 0 -> 0
2019-09-05 08:29:12,539 [grpc-default-executor-10] INFO  impl.FollowerInfo (FollowerInfo.java:lambda$new$0(50)) - omNode-3->omNode-2: nextIndex: updateUnconditionally 0 -> 0
2019-09-05 08:29:13,039 [grpc-default-executor-8] WARN  server.GrpcLogAppender (LogUtils.java:warn(134)) - omNode-3->omNode-2: Failed appendEntries: org.apache.ratis.thirdparty.io.grpc.StatusRuntimeException: UNAVAILABLE: io exception
2019-09-05 08:29:13,039 [grpc-default-executor-10] WARN  server.GrpcLogAppender (LogUtils.java:warn(134)) - omNode-3->omNode-1: Failed appendEntries: org.apache.ratis.thirdparty.io.grpc.StatusRuntimeException: UNAVAILABLE: io exception
2019-09-05 08:29:13,040 [grpc-default-executor-8] INFO  impl.FollowerInfo (FollowerInfo.java:lambda$new$0(50)) - omNode-3->omNode-2: nextIndex: updateUnconditionally 0 -> 0
2019-09-05 08:29:13,040 [grpc-default-executor-10] INFO  impl.FollowerInfo (FollowerInfo.java:lambda$new$0(50)) - omNode-3->omNode-1: nextIndex: updateUnconditionally 0 -> 0
2019-09-05 08:29:13,351 | INFO  | SCMAudit | user=jenkins1000 | ip=192.168.36.69 | op=SEND_HEARTBEAT {datanodeUUID=baa0ac9c-d259-45b0-b366-08e52759ad0f, command=[]} | ret=SUCCESS |  
2019-09-05 08:29:13,540 [grpc-default-executor-10] WARN  server.GrpcLogAppender (LogUtils.java:warn(134)) - omNode-3->omNode-1: Failed appendEntries: org.apache.ratis.thirdparty.io.grpc.StatusRuntimeException: UNAVAILABLE: io exception
2019-09-05 08:29:13,540 [grpc-default-executor-11] WARN  server.GrpcLogAppender (LogUtils.java:warn(134)) - omNode-3->omNode-2: Failed appendEntries: org.apache.ratis.thirdparty.io.grpc.StatusRuntimeException: UNAVAILABLE: io exception
2019-09-05 08:29:13,541 [grpc-default-executor-10] INFO  impl.FollowerInfo (FollowerInfo.java:lambda$new$0(50)) - omNode-3->omNode-1: nextIndex: updateUnconditionally 0 -> 0
2019-09-05 08:29:13,541 [grpc-default-executor-11] INFO  impl.FollowerInfo (FollowerInfo.java:lambda$new$0(50)) - omNode-3->omNode-2: nextIndex: updateUnconditionally 0 -> 0
2019-09-05 08:29:14,041 [grpc-default-executor-9] WARN  server.GrpcLogAppender (LogUtils.java:warn(134)) - omNode-3->omNode-2: Failed appendEntries: org.apache.ratis.thirdparty.io.grpc.StatusRuntimeException: UNAVAILABLE: io exception
2019-09-05 08:29:14,041 [grpc-default-executor-10] WARN  server.GrpcLogAppender (LogUtils.java:warn(134)) - omNode-3->omNode-1: Failed appendEntries: org.apache.ratis.thirdparty.io.grpc.StatusRuntimeException: UNAVAILABLE: io exception
2019-09-05 08:29:14,042 [grpc-default-executor-9] INFO  impl.FollowerInfo (FollowerInfo.java:lambda$new$0(50)) - omNode-3->omNode-2: nextIndex: updateUnconditionally 0 -> 0
2019-09-05 08:29:14,042 [grpc-default-executor-10] INFO  impl.FollowerInfo (FollowerInfo.java:lambda$new$0(50)) - omNode-3->omNode-1: nextIndex: updateUnconditionally 0 -> 0
2019-09-05 08:29:14,351 | INFO  | SCMAudit | user=jenkins1000 | ip=192.168.36.69 | op=SEND_HEARTBEAT {datanodeUUID=baa0ac9c-d259-45b0-b366-08e52759ad0f, command=[]} | ret=SUCCESS |  
2019-09-05 08:29:14,542 [grpc-default-executor-11] WARN  server.GrpcLogAppender (LogUtils.java:warn(134)) - omNode-3->omNode-1: Failed appendEntries: org.apache.ratis.thirdparty.io.grpc.StatusRuntimeException: UNAVAILABLE: io exception
2019-09-05 08:29:14,542 [grpc-default-executor-10] WARN  server.GrpcLogAppender (LogUtils.java:warn(134)) - omNode-3->omNode-2: Failed appendEntries: org.apache.ratis.thirdparty.io.grpc.StatusRuntimeException: UNAVAILABLE: io exception
2019-09-05 08:29:14,543 [grpc-default-executor-11] INFO  impl.FollowerInfo (FollowerInfo.java:lambda$new$0(50)) - omNode-3->omNode-1: nextIndex: updateUnconditionally 0 -> 0
2019-09-05 08:29:14,543 [grpc-default-executor-10] INFO  impl.FollowerInfo (FollowerInfo.java:lambda$new$0(50)) - omNode-3->omNode-2: nextIndex: updateUnconditionally 0 -> 0
2019-09-05 08:29:15,043 [grpc-default-executor-7] WARN  server.GrpcLogAppender (LogUtils.java:warn(134)) - omNode-3->omNode-2: Failed appendEntries: org.apache.ratis.thirdparty.io.grpc.StatusRuntimeException: UNAVAILABLE: io exception
2019-09-05 08:29:15,043 [grpc-default-executor-8] WARN  server.GrpcLogAppender (LogUtils.java:warn(134)) - omNode-3->omNode-1: Failed appendEntries: org.apache.ratis.thirdparty.io.grpc.StatusRuntimeException: UNAVAILABLE: io exception
2019-09-05 08:29:15,044 [grpc-default-executor-7] INFO  impl.FollowerInfo (FollowerInfo.java:lambda$new$0(50)) - omNode-3->omNode-2: nextIndex: updateUnconditionally 0 -> 0
2019-09-05 08:29:15,044 [grpc-default-executor-8] INFO  impl.FollowerInfo (FollowerInfo.java:lambda$new$0(50)) - omNode-3->omNode-1: nextIndex: updateUnconditionally 0 -> 0
2019-09-05 08:29:15,351 | INFO  | SCMAudit | user=jenkins1000 | ip=192.168.36.69 | op=SEND_HEARTBEAT {datanodeUUID=baa0ac9c-d259-45b0-b366-08e52759ad0f, command=[]} | ret=SUCCESS |  
2019-09-05 08:29:15,544 [grpc-default-executor-7] WARN  server.GrpcLogAppender (LogUtils.java:warn(134)) - omNode-3->omNode-2: Failed appendEntries: org.apache.ratis.thirdparty.io.grpc.StatusRuntimeException: UNAVAILABLE: io exception
2019-09-05 08:29:15,544 [grpc-default-executor-10] WARN  server.GrpcLogAppender (LogUtils.java:warn(134)) - omNode-3->omNode-1: Failed appendEntries: org.apache.ratis.thirdparty.io.grpc.StatusRuntimeException: UNAVAILABLE: io exception
2019-09-05 08:29:15,544 [grpc-default-executor-7] INFO  impl.FollowerInfo (FollowerInfo.java:lambda$new$0(50)) - omNode-3->omNode-2: nextIndex: updateUnconditionally 0 -> 0
2019-09-05 08:29:15,545 [grpc-default-executor-10] INFO  impl.FollowerInfo (FollowerInfo.java:lambda$new$0(50)) - omNode-3->omNode-1: nextIndex: updateUnconditionally 0 -> 0
2019-09-05 08:29:16,045 [grpc-default-executor-7] WARN  server.GrpcLogAppender (LogUtils.java:warn(134)) - omNode-3->omNode-1: Failed appendEntries: org.apache.ratis.thirdparty.io.grpc.StatusRuntimeException: UNAVAILABLE: io exception
2019-09-05 08:29:16,045 [grpc-default-executor-10] WARN  server.GrpcLogAppender (LogUtils.java:warn(134)) - omNode-3->omNode-2: Failed appendEntries: org.apache.ratis.thirdparty.io.grpc.StatusRuntimeException: UNAVAILABLE: io exception
2019-09-05 08:29:16,045 [grpc-default-executor-7] INFO  impl.FollowerInfo (FollowerInfo.java:lambda$new$0(50)) - omNode-3->omNode-1: nextIndex: updateUnconditionally 0 -> 0
2019-09-05 08:29:16,046 [grpc-default-executor-10] INFO  impl.FollowerInfo (FollowerInfo.java:lambda$new$0(50)) - omNode-3->omNode-2: nextIndex: updateUnconditionally 0 -> 0
2019-09-05 08:29:16,352 | INFO  | SCMAudit | user=jenkins1000 | ip=192.168.36.69 | op=SEND_HEARTBEAT {datanodeUUID=baa0ac9c-d259-45b0-b366-08e52759ad0f, command=[]} | ret=SUCCESS |  
2019-09-05 08:29:16,546 [grpc-default-executor-7] WARN  server.GrpcLogAppender (LogUtils.java:warn(134)) - omNode-3->omNode-1: Failed appendEntries: org.apache.ratis.thirdparty.io.grpc.StatusRuntimeException: UNAVAILABLE: io exception
2019-09-05 08:29:16,546 [grpc-default-executor-4] WARN  server.GrpcLogAppender (LogUtils.java:warn(134)) - omNode-3->omNode-2: Failed appendEntries: org.apache.ratis.thirdparty.io.grpc.StatusRuntimeException: UNAVAILABLE: io exception
2019-09-05 08:29:16,546 [grpc-default-executor-7] INFO  impl.FollowerInfo (FollowerInfo.java:lambda$new$0(50)) - omNode-3->omNode-1: nextIndex: updateUnconditionally 0 -> 0
2019-09-05 08:29:16,546 [grpc-default-executor-4] INFO  impl.FollowerInfo (FollowerInfo.java:lambda$new$0(50)) - omNode-3->omNode-2: nextIndex: updateUnconditionally 0 -> 0
2019-09-05 08:29:17,046 [grpc-default-executor-4] WARN  server.GrpcLogAppender (LogUtils.java:warn(134)) - omNode-3->omNode-2: Failed appendEntries: org.apache.ratis.thirdparty.io.grpc.StatusRuntimeException: UNAVAILABLE: io exception
2019-09-05 08:29:17,046 [grpc-default-executor-7] WARN  server.GrpcLogAppender (LogUtils.java:warn(134)) - omNode-3->omNode-1: Failed appendEntries: org.apache.ratis.thirdparty.io.grpc.StatusRuntimeException: UNAVAILABLE: io exception
2019-09-05 08:29:17,047 [grpc-default-executor-4] INFO  impl.FollowerInfo (FollowerInfo.java:lambda$new$0(50)) - omNode-3->omNode-2: nextIndex: updateUnconditionally 0 -> 0
2019-09-05 08:29:17,047 [grpc-default-executor-7] INFO  impl.FollowerInfo (FollowerInfo.java:lambda$new$0(50)) - omNode-3->omNode-1: nextIndex: updateUnconditionally 0 -> 0
2019-09-05 08:29:17,352 | INFO  | SCMAudit | user=jenkins1000 | ip=192.168.36.69 | op=SEND_HEARTBEAT {datanodeUUID=baa0ac9c-d259-45b0-b366-08e52759ad0f, command=[]} | ret=SUCCESS |  
2019-09-05 08:29:17,547 [grpc-default-executor-7] WARN  server.GrpcLogAppender (LogUtils.java:warn(134)) - omNode-3->omNode-1: Failed appendEntries: org.apache.ratis.thirdparty.io.grpc.StatusRuntimeException: UNAVAILABLE: io exception
2019-09-05 08:29:17,547 [grpc-default-executor-4] WARN  server.GrpcLogAppender (LogUtils.java:warn(134)) - omNode-3->omNode-2: Failed appendEntries: org.apache.ratis.thirdparty.io.grpc.StatusRuntimeException: UNAVAILABLE: io exception
2019-09-05 08:29:17,548 [grpc-default-executor-7] INFO  impl.FollowerInfo (FollowerInfo.java:lambda$new$0(50)) - omNode-3->omNode-1: nextIndex: updateUnconditionally 0 -> 0
2019-09-05 08:29:17,548 [grpc-default-executor-4] INFO  impl.FollowerInfo (FollowerInfo.java:lambda$new$0(50)) - omNode-3->omNode-2: nextIndex: updateUnconditionally 0 -> 0
2019-09-05 08:29:18,048 [grpc-default-executor-11] WARN  server.GrpcLogAppender (LogUtils.java:warn(134)) - omNode-3->omNode-2: Failed appendEntries: org.apache.ratis.thirdparty.io.grpc.StatusRuntimeException: UNAVAILABLE: io exception
2019-09-05 08:29:18,048 [grpc-default-executor-4] WARN  server.GrpcLogAppender (LogUtils.java:warn(134)) - omNode-3->omNode-1: Failed appendEntries: org.apache.ratis.thirdparty.io.grpc.StatusRuntimeException: UNAVAILABLE: io exception
2019-09-05 08:29:18,048 [grpc-default-executor-11] INFO  impl.FollowerInfo (FollowerInfo.java:lambda$new$0(50)) - omNode-3->omNode-2: nextIndex: updateUnconditionally 0 -> 0
2019-09-05 08:29:18,049 [grpc-default-executor-4] INFO  impl.FollowerInfo (FollowerInfo.java:lambda$new$0(50)) - omNode-3->omNode-1: nextIndex: updateUnconditionally 0 -> 0
2019-09-05 08:29:18,352 | INFO  | SCMAudit | user=jenkins1000 | ip=192.168.36.69 | op=SEND_HEARTBEAT {datanodeUUID=baa0ac9c-d259-45b0-b366-08e52759ad0f, command=[]} | ret=SUCCESS |  
2019-09-05 08:29:18,548 [grpc-default-executor-11] WARN  server.GrpcLogAppender (LogUtils.java:warn(134)) - omNode-3->omNode-1: Failed appendEntries: org.apache.ratis.thirdparty.io.grpc.StatusRuntimeException: UNAVAILABLE: io exception
2019-09-05 08:29:18,548 [grpc-default-executor-8] WARN  server.GrpcLogAppender (LogUtils.java:warn(134)) - omNode-3->omNode-2: Failed appendEntries: org.apache.ratis.thirdparty.io.grpc.StatusRuntimeException: UNAVAILABLE: io exception
2019-09-05 08:29:18,549 [grpc-default-executor-11] INFO  impl.FollowerInfo (FollowerInfo.java:lambda$new$0(50)) - omNode-3->omNode-1: nextIndex: updateUnconditionally 0 -> 0
2019-09-05 08:29:18,549 [grpc-default-executor-8] INFO  impl.FollowerInfo (FollowerInfo.java:lambda$new$0(50)) - omNode-3->omNode-2: nextIndex: updateUnconditionally 0 -> 0
2019-09-05 08:29:19,050 [grpc-default-executor-8] WARN  server.GrpcLogAppender (LogUtils.java:warn(134)) - omNode-3->omNode-1: Failed appendEntries: org.apache.ratis.thirdparty.io.grpc.StatusRuntimeException: UNAVAILABLE: io exception
2019-09-05 08:29:19,050 [grpc-default-executor-10] WARN  server.GrpcLogAppender (LogUtils.java:warn(134)) - omNode-3->omNode-2: Failed appendEntries: org.apache.ratis.thirdparty.io.grpc.StatusRuntimeException: UNAVAILABLE: io exception
2019-09-05 08:29:19,050 [grpc-default-executor-8] INFO  impl.FollowerInfo (FollowerInfo.java:lambda$new$0(50)) - omNode-3->omNode-1: nextIndex: updateUnconditionally 0 -> 0
2019-09-05 08:29:19,050 [grpc-default-executor-10] INFO  impl.FollowerInfo (FollowerInfo.java:lambda$new$0(50)) - omNode-3->omNode-2: nextIndex: updateUnconditionally 0 -> 0
2019-09-05 08:29:19,352 | INFO  | SCMAudit | user=jenkins1000 | ip=192.168.36.69 | op=SEND_HEARTBEAT {datanodeUUID=baa0ac9c-d259-45b0-b366-08e52759ad0f, command=[]} | ret=SUCCESS |  
2019-09-05 08:29:19,550 [grpc-default-executor-8] WARN  server.GrpcLogAppender (LogUtils.java:warn(134)) - omNode-3->omNode-2: Failed appendEntries: org.apache.ratis.thirdparty.io.grpc.StatusRuntimeException: UNAVAILABLE: io exception
2019-09-05 08:29:19,550 [grpc-default-executor-4] WARN  server.GrpcLogAppender (LogUtils.java:warn(134)) - omNode-3->omNode-1: Failed appendEntries: org.apache.ratis.thirdparty.io.grpc.StatusRuntimeException: UNAVAILABLE: io exception
2019-09-05 08:29:19,551 [grpc-default-executor-8] INFO  impl.FollowerInfo (FollowerInfo.java:lambda$new$0(50)) - omNode-3->omNode-2: nextIndex: updateUnconditionally 0 -> 0
2019-09-05 08:29:19,551 [grpc-default-executor-4] INFO  impl.FollowerInfo (FollowerInfo.java:lambda$new$0(50)) - omNode-3->omNode-1: nextIndex: updateUnconditionally 0 -> 0
2019-09-05 08:29:20,051 [grpc-default-executor-7] WARN  server.GrpcLogAppender (LogUtils.java:warn(134)) - omNode-3->omNode-2: Failed appendEntries: org.apache.ratis.thirdparty.io.grpc.StatusRuntimeException: UNAVAILABLE: io exception
2019-09-05 08:29:20,051 [grpc-default-executor-8] WARN  server.GrpcLogAppender (LogUtils.java:warn(134)) - omNode-3->omNode-1: Failed appendEntries: org.apache.ratis.thirdparty.io.grpc.StatusRuntimeException: UNAVAILABLE: io exception
2019-09-05 08:29:20,052 [grpc-default-executor-7] INFO  impl.FollowerInfo (FollowerInfo.java:lambda$new$0(50)) - omNode-3->omNode-2: nextIndex: updateUnconditionally 0 -> 0
2019-09-05 08:29:20,052 [grpc-default-executor-8] INFO  impl.FollowerInfo (FollowerInfo.java:lambda$new$0(50)) - omNode-3->omNode-1: nextIndex: updateUnconditionally 0 -> 0
2019-09-05 08:29:20,352 | INFO  | SCMAudit | user=jenkins1000 | ip=192.168.36.69 | op=SEND_HEARTBEAT {datanodeUUID=baa0ac9c-d259-45b0-b366-08e52759ad0f, command=[]} | ret=SUCCESS |  
2019-09-05 08:29:20,552 [grpc-default-executor-7] WARN  server.GrpcLogAppender (LogUtils.java:warn(134)) - omNode-3->omNode-2: Failed appendEntries: org.apache.ratis.thirdparty.io.grpc.StatusRuntimeException: UNAVAILABLE: io exception
2019-09-05 08:29:20,552 [grpc-default-executor-10] WARN  server.GrpcLogAppender (LogUtils.java:warn(134)) - omNode-3->omNode-1: Failed appendEntries: org.apache.ratis.thirdparty.io.grpc.StatusRuntimeException: UNAVAILABLE: io exception
2019-09-05 08:29:20,553 [grpc-default-executor-7] INFO  impl.FollowerInfo (FollowerInfo.java:lambda$new$0(50)) - omNode-3->omNode-2: nextIndex: updateUnconditionally 0 -> 0
2019-09-05 08:29:20,553 [grpc-default-executor-10] INFO  impl.FollowerInfo (FollowerInfo.java:lambda$new$0(50)) - omNode-3->omNode-1: nextIndex: updateUnconditionally 0 -> 0
2019-09-05 08:29:21,054 [grpc-default-executor-10] WARN  server.GrpcLogAppender (LogUtils.java:warn(134)) - omNode-3->omNode-1: Failed appendEntries: org.apache.ratis.thirdparty.io.grpc.StatusRuntimeException: UNAVAILABLE: io exception
2019-09-05 08:29:21,055 [grpc-default-executor-10] INFO  impl.FollowerInfo (FollowerInfo.java:lambda$new$0(50)) - omNode-3->omNode-1: nextIndex: updateUnconditionally 0 -> 0
2019-09-05 08:29:21,056 [grpc-default-executor-4] WARN  server.GrpcLogAppender (LogUtils.java:warn(134)) - omNode-3->omNode-2: Failed appendEntries: org.apache.ratis.thirdparty.io.grpc.StatusRuntimeException: UNAVAILABLE: io exception
2019-09-05 08:29:21,057 [grpc-default-executor-4] INFO  impl.FollowerInfo (FollowerInfo.java:lambda$new$0(50)) - omNode-3->omNode-2: nextIndex: updateUnconditionally 0 -> 0
2019-09-05 08:29:21,352 | INFO  | SCMAudit | user=jenkins1000 | ip=192.168.36.69 | op=SEND_HEARTBEAT {datanodeUUID=baa0ac9c-d259-45b0-b366-08e52759ad0f, command=[]} | ret=SUCCESS |  
2019-09-05 08:29:21,554 [grpc-default-executor-4] WARN  server.GrpcLogAppender (LogUtils.java:warn(134)) - omNode-3->omNode-1: Failed appendEntries: org.apache.ratis.thirdparty.io.grpc.StatusRuntimeException: UNAVAILABLE: io exception
2019-09-05 08:29:21,554 [grpc-default-executor-4] INFO  impl.FollowerInfo (FollowerInfo.java:lambda$new$0(50)) - omNode-3->omNode-1: nextIndex: updateUnconditionally 0 -> 0
2019-09-05 08:29:21,557 [grpc-default-executor-10] WARN  server.GrpcLogAppender (LogUtils.java:warn(134)) - omNode-3->omNode-2: Failed appendEntries: org.apache.ratis.thirdparty.io.grpc.StatusRuntimeException: UNAVAILABLE: io exception
2019-09-05 08:29:21,557 [grpc-default-executor-10] INFO  impl.FollowerInfo (FollowerInfo.java:lambda$new$0(50)) - omNode-3->omNode-2: nextIndex: updateUnconditionally 0 -> 0
2019-09-05 08:29:22,055 [grpc-default-executor-10] WARN  server.GrpcLogAppender (LogUtils.java:warn(134)) - omNode-3->omNode-1: Failed appendEntries: org.apache.ratis.thirdparty.io.grpc.StatusRuntimeException: UNAVAILABLE: io exception
2019-09-05 08:29:22,056 [grpc-default-executor-10] INFO  impl.FollowerInfo (FollowerInfo.java:lambda$new$0(50)) - omNode-3->omNode-1: nextIndex: updateUnconditionally 0 -> 0
2019-09-05 08:29:22,063 [grpc-default-executor-7] WARN  server.GrpcLogAppender (LogUtils.java:warn(134)) - omNode-3->omNode-2: Failed appendEntries: org.apache.ratis.thirdparty.io.grpc.StatusRuntimeException: UNAVAILABLE: io exception
2019-09-05 08:29:22,064 [grpc-default-executor-7] INFO  impl.FollowerInfo (FollowerInfo.java:lambda$new$0(50)) - omNode-3->omNode-2: nextIndex: updateUnconditionally 0 -> 0
2019-09-05 08:29:22,353 | INFO  | SCMAudit | user=jenkins1000 | ip=192.168.36.69 | op=SEND_HEARTBEAT {datanodeUUID=baa0ac9c-d259-45b0-b366-08e52759ad0f, command=[]} | ret=SUCCESS |  
2019-09-05 08:29:22,556 [grpc-default-executor-7] WARN  server.GrpcLogAppender (LogUtils.java:warn(134)) - omNode-3->omNode-1: Failed appendEntries: org.apache.ratis.thirdparty.io.grpc.StatusRuntimeException: UNAVAILABLE: io exception
2019-09-05 08:29:22,556 [grpc-default-executor-7] INFO  impl.FollowerInfo (FollowerInfo.java:lambda$new$0(50)) - omNode-3->omNode-1: nextIndex: updateUnconditionally 0 -> 0
2019-09-05 08:29:22,558 [grpc-default-executor-7] WARN  server.GrpcLogAppender (LogUtils.java:warn(134)) - omNode-3->omNode-2: Failed appendEntries: org.apache.ratis.thirdparty.io.grpc.StatusRuntimeException: UNAVAILABLE: io exception
2019-09-05 08:29:22,558 [grpc-default-executor-7] INFO  impl.FollowerInfo (FollowerInfo.java:lambda$new$0(50)) - omNode-3->omNode-2: nextIndex: updateUnconditionally 0 -> 0
2019-09-05 08:29:23,057 [grpc-default-executor-7] WARN  server.GrpcLogAppender (LogUtils.java:warn(134)) - omNode-3->omNode-1: Failed appendEntries: org.apache.ratis.thirdparty.io.grpc.StatusRuntimeException: UNAVAILABLE: io exception
2019-09-05 08:29:23,057 [grpc-default-executor-7] INFO  impl.FollowerInfo (FollowerInfo.java:lambda$new$0(50)) - omNode-3->omNode-1: nextIndex: updateUnconditionally 0 -> 0
2019-09-05 08:29:23,058 [grpc-default-executor-4] WARN  server.GrpcLogAppender (LogUtils.java:warn(134)) - omNode-3->omNode-2: Failed appendEntries: org.apache.ratis.thirdparty.io.grpc.StatusRuntimeException: UNAVAILABLE: io exception
2019-09-05 08:29:23,059 [grpc-default-executor-4] INFO  impl.FollowerInfo (FollowerInfo.java:lambda$new$0(50)) - omNode-3->omNode-2: nextIndex: updateUnconditionally 0 -> 0
2019-09-05 08:29:23,352 | INFO  | SCMAudit | user=jenkins1000 | ip=192.168.36.69 | op=SEND_HEARTBEAT {datanodeUUID=baa0ac9c-d259-45b0-b366-08e52759ad0f, command=[]} | ret=SUCCESS |  
2019-09-05 08:29:23,558 [grpc-default-executor-4] WARN  server.GrpcLogAppender (LogUtils.java:warn(134)) - omNode-3->omNode-1: Failed appendEntries: org.apache.ratis.thirdparty.io.grpc.StatusRuntimeException: UNAVAILABLE: io exception
2019-09-05 08:29:23,558 [grpc-default-executor-4] INFO  impl.FollowerInfo (FollowerInfo.java:lambda$new$0(50)) - omNode-3->omNode-1: nextIndex: updateUnconditionally 0 -> 0
2019-09-05 08:29:23,560 [grpc-default-executor-7] WARN  server.GrpcLogAppender (LogUtils.java:warn(134)) - omNode-3->omNode-2: Failed appendEntries: org.apache.ratis.thirdparty.io.grpc.StatusRuntimeException: UNAVAILABLE: io exception
2019-09-05 08:29:23,560 [grpc-default-executor-7] INFO  impl.FollowerInfo (FollowerInfo.java:lambda$new$0(50)) - omNode-3->omNode-2: nextIndex: updateUnconditionally 0 -> 0
2019-09-05 08:29:24,059 [grpc-default-executor-4] WARN  server.GrpcLogAppender (LogUtils.java:warn(134)) - omNode-3->omNode-1: Failed appendEntries: org.apache.ratis.thirdparty.io.grpc.StatusRuntimeException: UNAVAILABLE: io exception
2019-09-05 08:29:24,060 [grpc-default-executor-4] INFO  impl.FollowerInfo (FollowerInfo.java:lambda$new$0(50)) - omNode-3->omNode-1: nextIndex: updateUnconditionally 0 -> 0
2019-09-05 08:29:24,060 [grpc-default-executor-10] WARN  server.GrpcLogAppender (LogUtils.java:warn(134)) - omNode-3->omNode-2: Failed appendEntries: org.apache.ratis.thirdparty.io.grpc.StatusRuntimeException: UNAVAILABLE: io exception
2019-09-05 08:29:24,061 [grpc-default-executor-10] INFO  impl.FollowerInfo (FollowerInfo.java:lambda$new$0(50)) - omNode-3->omNode-2: nextIndex: updateUnconditionally 0 -> 0
2019-09-05 08:29:24,352 | INFO  | SCMAudit | user=jenkins1000 | ip=192.168.36.69 | op=SEND_HEARTBEAT {datanodeUUID=baa0ac9c-d259-45b0-b366-08e52759ad0f, command=[]} | ret=SUCCESS |  
2019-09-05 08:29:24,560 [grpc-default-executor-8] WARN  server.GrpcLogAppender (LogUtils.java:warn(134)) - omNode-3->omNode-1: Failed appendEntries: org.apache.ratis.thirdparty.io.grpc.StatusRuntimeException: UNAVAILABLE: io exception
2019-09-05 08:29:24,561 [grpc-default-executor-8] INFO  impl.FollowerInfo (FollowerInfo.java:lambda$new$0(50)) - omNode-3->omNode-1: nextIndex: updateUnconditionally 0 -> 0
2019-09-05 08:29:24,561 [grpc-default-executor-4] WARN  server.GrpcLogAppender (LogUtils.java:warn(134)) - omNode-3->omNode-2: Failed appendEntries: org.apache.ratis.thirdparty.io.grpc.StatusRuntimeException: UNAVAILABLE: io exception
2019-09-05 08:29:24,562 [grpc-default-executor-4] INFO  impl.FollowerInfo (FollowerInfo.java:lambda$new$0(50)) - omNode-3->omNode-2: nextIndex: updateUnconditionally 0 -> 0
2019-09-05 08:29:25,061 [grpc-default-executor-4] WARN  server.GrpcLogAppender (LogUtils.java:warn(134)) - omNode-3->omNode-1: Failed appendEntries: org.apache.ratis.thirdparty.io.grpc.StatusRuntimeException: UNAVAILABLE: io exception
2019-09-05 08:29:25,062 [grpc-default-executor-4] INFO  impl.FollowerInfo (FollowerInfo.java:lambda$new$0(50)) - omNode-3->omNode-1: nextIndex: updateUnconditionally 0 -> 0
2019-09-05 08:29:25,062 [grpc-default-executor-7] WARN  server.GrpcLogAppender (LogUtils.java:warn(134)) - omNode-3->omNode-2: Failed appendEntries: org.apache.ratis.thirdparty.io.grpc.StatusRuntimeException: UNAVAILABLE: io exception
2019-09-05 08:29:25,062 [grpc-default-executor-7] INFO  impl.FollowerInfo (FollowerInfo.java:lambda$new$0(50)) - omNode-3->omNode-2: nextIndex: updateUnconditionally 0 -> 0
2019-09-05 08:29:25,353 | INFO  | SCMAudit | user=jenkins1000 | ip=192.168.36.69 | op=SEND_HEARTBEAT {datanodeUUID=baa0ac9c-d259-45b0-b366-08e52759ad0f, command=[]} | ret=SUCCESS |  
2019-09-05 08:29:25,562 [grpc-default-executor-4] WARN  server.GrpcLogAppender (LogUtils.java:warn(134)) - omNode-3->omNode-1: Failed appendEntries: org.apache.ratis.thirdparty.io.grpc.StatusRuntimeException: UNAVAILABLE: io exception
2019-09-05 08:29:25,562 [grpc-default-executor-7] WARN  server.GrpcLogAppender (LogUtils.java:warn(134)) - omNode-3->omNode-2: Failed appendEntries: org.apache.ratis.thirdparty.io.grpc.StatusRuntimeException: UNAVAILABLE: io exception
2019-09-05 08:29:25,563 [grpc-default-executor-4] INFO  impl.FollowerInfo (FollowerInfo.java:lambda$new$0(50)) - omNode-3->omNode-1: nextIndex: updateUnconditionally 0 -> 0
2019-09-05 08:29:25,563 [grpc-default-executor-7] INFO  impl.FollowerInfo (FollowerInfo.java:lambda$new$0(50)) - omNode-3->omNode-2: nextIndex: updateUnconditionally 0 -> 0
2019-09-05 08:29:26,063 [grpc-default-executor-4] WARN  server.GrpcLogAppender (LogUtils.java:warn(134)) - omNode-3->omNode-1: Failed appendEntries: org.apache.ratis.thirdparty.io.grpc.StatusRuntimeException: UNAVAILABLE: io exception
2019-09-05 08:29:26,063 [grpc-default-executor-10] WARN  server.GrpcLogAppender (LogUtils.java:warn(134)) - omNode-3->omNode-2: Failed appendEntries: org.apache.ratis.thirdparty.io.grpc.StatusRuntimeException: UNAVAILABLE: io exception
2019-09-05 08:29:26,064 [grpc-default-executor-4] INFO  impl.FollowerInfo (FollowerInfo.java:lambda$new$0(50)) - omNode-3->omNode-1: nextIndex: updateUnconditionally 0 -> 0
2019-09-05 08:29:26,064 [grpc-default-executor-10] INFO  impl.FollowerInfo (FollowerInfo.java:lambda$new$0(50)) - omNode-3->omNode-2: nextIndex: updateUnconditionally 0 -> 0
2019-09-05 08:29:26,353 | INFO  | SCMAudit | user=jenkins1000 | ip=192.168.36.69 | op=SEND_HEARTBEAT {datanodeUUID=baa0ac9c-d259-45b0-b366-08e52759ad0f, command=[]} | ret=SUCCESS |  
2019-09-05 08:29:26,563 [grpc-default-executor-4] WARN  server.GrpcLogAppender (LogUtils.java:warn(134)) - omNode-3->omNode-1: Failed appendEntries: org.apache.ratis.thirdparty.io.grpc.StatusRuntimeException: UNAVAILABLE: io exception
2019-09-05 08:29:26,563 [grpc-default-executor-7] WARN  server.GrpcLogAppender (LogUtils.java:warn(134)) - omNode-3->omNode-2: Failed appendEntries: org.apache.ratis.thirdparty.io.grpc.StatusRuntimeException: UNAVAILABLE: io exception
2019-09-05 08:29:26,564 [grpc-default-executor-4] INFO  impl.FollowerInfo (FollowerInfo.java:lambda$new$0(50)) - omNode-3->omNode-1: nextIndex: updateUnconditionally 0 -> 0
2019-09-05 08:29:26,564 [grpc-default-executor-7] INFO  impl.FollowerInfo (FollowerInfo.java:lambda$new$0(50)) - omNode-3->omNode-2: nextIndex: updateUnconditionally 0 -> 0
2019-09-05 08:29:27,064 [grpc-default-executor-4] WARN  server.GrpcLogAppender (LogUtils.java:warn(134)) - omNode-3->omNode-2: Failed appendEntries: org.apache.ratis.thirdparty.io.grpc.StatusRuntimeException: UNAVAILABLE: io exception
2019-09-05 08:29:27,064 [grpc-default-executor-7] WARN  server.GrpcLogAppender (LogUtils.java:warn(134)) - omNode-3->omNode-1: Failed appendEntries: org.apache.ratis.thirdparty.io.grpc.StatusRuntimeException: UNAVAILABLE: io exception
2019-09-05 08:29:27,065 [grpc-default-executor-4] INFO  impl.FollowerInfo (FollowerInfo.java:lambda$new$0(50)) - omNode-3->omNode-2: nextIndex: updateUnconditionally 0 -> 0
2019-09-05 08:29:27,065 [grpc-default-executor-7] INFO  impl.FollowerInfo (FollowerInfo.java:lambda$new$0(50)) - omNode-3->omNode-1: nextIndex: updateUnconditionally 0 -> 0
2019-09-05 08:29:27,352 | INFO  | SCMAudit | user=jenkins1000 | ip=192.168.36.69 | op=SEND_HEARTBEAT {datanodeUUID=baa0ac9c-d259-45b0-b366-08e52759ad0f, command=[]} | ret=SUCCESS |  
2019-09-05 08:29:27,565 [grpc-default-executor-4] WARN  server.GrpcLogAppender (LogUtils.java:warn(134)) - omNode-3->omNode-1: Failed appendEntries: org.apache.ratis.thirdparty.io.grpc.StatusRuntimeException: UNAVAILABLE: io exception
2019-09-05 08:29:27,565 [grpc-default-executor-7] WARN  server.GrpcLogAppender (LogUtils.java:warn(134)) - omNode-3->omNode-2: Failed appendEntries: org.apache.ratis.thirdparty.io.grpc.StatusRuntimeException: UNAVAILABLE: io exception
2019-09-05 08:29:27,566 [grpc-default-executor-4] INFO  impl.FollowerInfo (FollowerInfo.java:lambda$new$0(50)) - omNode-3->omNode-1: nextIndex: updateUnconditionally 0 -> 0
2019-09-05 08:29:27,566 [grpc-default-executor-7] INFO  impl.FollowerInfo (FollowerInfo.java:lambda$new$0(50)) - omNode-3->omNode-2: nextIndex: updateUnconditionally 0 -> 0
2019-09-05 08:29:28,067 [grpc-default-executor-4] WARN  server.GrpcLogAppender (LogUtils.java:warn(134)) - omNode-3->omNode-1: Failed appendEntries: org.apache.ratis.thirdparty.io.grpc.StatusRuntimeException: UNAVAILABLE: io exception
2019-09-05 08:29:28,067 [grpc-default-executor-11] WARN  server.GrpcLogAppender (LogUtils.java:warn(134)) - omNode-3->omNode-2: Failed appendEntries: org.apache.ratis.thirdparty.io.grpc.StatusRuntimeException: UNAVAILABLE: io exception
2019-09-05 08:29:28,067 [grpc-default-executor-4] INFO  impl.FollowerInfo (FollowerInfo.java:lambda$new$0(50)) - omNode-3->omNode-1: nextIndex: updateUnconditionally 0 -> 0
2019-09-05 08:29:28,067 [grpc-default-executor-11] INFO  impl.FollowerInfo (FollowerInfo.java:lambda$new$0(50)) - omNode-3->omNode-2: nextIndex: updateUnconditionally 0 -> 0
2019-09-05 08:29:28,353 | INFO  | SCMAudit | user=jenkins1000 | ip=192.168.36.69 | op=SEND_HEARTBEAT {datanodeUUID=baa0ac9c-d259-45b0-b366-08e52759ad0f, command=[]} | ret=SUCCESS |  
2019-09-05 08:29:28,567 [grpc-default-executor-8] WARN  server.GrpcLogAppender (LogUtils.java:warn(134)) - omNode-3->omNode-1: Failed appendEntries: org.apache.ratis.thirdparty.io.grpc.StatusRuntimeException: UNAVAILABLE: io exception
2019-09-05 08:29:28,567 [grpc-default-executor-4] WARN  server.GrpcLogAppender (LogUtils.java:warn(134)) - omNode-3->omNode-2: Failed appendEntries: org.apache.ratis.thirdparty.io.grpc.StatusRuntimeException: UNAVAILABLE: io exception
2019-09-05 08:29:28,568 [grpc-default-executor-8] INFO  impl.FollowerInfo (FollowerInfo.java:lambda$new$0(50)) - omNode-3->omNode-1: nextIndex: updateUnconditionally 0 -> 0
2019-09-05 08:29:28,568 [grpc-default-executor-4] INFO  impl.FollowerInfo (FollowerInfo.java:lambda$new$0(50)) - omNode-3->omNode-2: nextIndex: updateUnconditionally 0 -> 0
2019-09-05 08:29:29,068 [grpc-default-executor-4] WARN  server.GrpcLogAppender (LogUtils.java:warn(134)) - omNode-3->omNode-2: Failed appendEntries: org.apache.ratis.thirdparty.io.grpc.StatusRuntimeException: UNAVAILABLE: io exception
2019-09-05 08:29:29,068 [grpc-default-executor-8] WARN  server.GrpcLogAppender (LogUtils.java:warn(134)) - omNode-3->omNode-1: Failed appendEntries: org.apache.ratis.thirdparty.io.grpc.StatusRuntimeException: UNAVAILABLE: io exception
2019-09-05 08:29:29,068 [grpc-default-executor-4] INFO  impl.FollowerInfo (FollowerInfo.java:lambda$new$0(50)) - omNode-3->omNode-2: nextIndex: updateUnconditionally 0 -> 0
2019-09-05 08:29:29,069 [grpc-default-executor-8] INFO  impl.FollowerInfo (FollowerInfo.java:lambda$new$0(50)) - omNode-3->omNode-1: nextIndex: updateUnconditionally 0 -> 0
2019-09-05 08:29:29,353 | INFO  | SCMAudit | user=jenkins1000 | ip=192.168.36.69 | op=SEND_HEARTBEAT {datanodeUUID=baa0ac9c-d259-45b0-b366-08e52759ad0f, command=[]} | ret=SUCCESS |  
2019-09-05 08:29:29,570 [grpc-default-executor-8] WARN  server.GrpcLogAppender (LogUtils.java:warn(134)) - omNode-3->omNode-1: Failed appendEntries: org.apache.ratis.thirdparty.io.grpc.StatusRuntimeException: UNAVAILABLE: io exception
2019-09-05 08:29:29,570 [grpc-default-executor-10] WARN  server.GrpcLogAppender (LogUtils.java:warn(134)) - omNode-3->omNode-2: Failed appendEntries: org.apache.ratis.thirdparty.io.grpc.StatusRuntimeException: UNAVAILABLE: io exception
2019-09-05 08:29:29,570 [grpc-default-executor-8] INFO  impl.FollowerInfo (FollowerInfo.java:lambda$new$0(50)) - omNode-3->omNode-1: nextIndex: updateUnconditionally 0 -> 0
2019-09-05 08:29:29,570 [grpc-default-executor-10] INFO  impl.FollowerInfo (FollowerInfo.java:lambda$new$0(50)) - omNode-3->omNode-2: nextIndex: updateUnconditionally 0 -> 0
2019-09-05 08:29:30,071 [grpc-default-executor-8] WARN  server.GrpcLogAppender (LogUtils.java:warn(134)) - omNode-3->omNode-2: Failed appendEntries: org.apache.ratis.thirdparty.io.grpc.StatusRuntimeException: UNAVAILABLE: io exception
2019-09-05 08:29:30,071 [grpc-default-executor-10] WARN  server.GrpcLogAppender (LogUtils.java:warn(134)) - omNode-3->omNode-1: Failed appendEntries: org.apache.ratis.thirdparty.io.grpc.StatusRuntimeException: UNAVAILABLE: io exception
2019-09-05 08:29:30,071 [grpc-default-executor-8] INFO  impl.FollowerInfo (FollowerInfo.java:lambda$new$0(50)) - omNode-3->omNode-2: nextIndex: updateUnconditionally 0 -> 0
2019-09-05 08:29:30,071 [grpc-default-executor-10] INFO  impl.FollowerInfo (FollowerInfo.java:lambda$new$0(50)) - omNode-3->omNode-1: nextIndex: updateUnconditionally 0 -> 0
2019-09-05 08:29:30,353 | INFO  | SCMAudit | user=jenkins1000 | ip=192.168.36.69 | op=SEND_HEARTBEAT {datanodeUUID=baa0ac9c-d259-45b0-b366-08e52759ad0f, command=[]} | ret=SUCCESS |  
2019-09-05 08:29:30,571 [grpc-default-executor-11] WARN  server.GrpcLogAppender (LogUtils.java:warn(134)) - omNode-3->omNode-2: Failed appendEntries: org.apache.ratis.thirdparty.io.grpc.StatusRuntimeException: UNAVAILABLE: io exception
2019-09-05 08:29:30,571 [grpc-default-executor-10] WARN  server.GrpcLogAppender (LogUtils.java:warn(134)) - omNode-3->omNode-1: Failed appendEntries: org.apache.ratis.thirdparty.io.grpc.StatusRuntimeException: UNAVAILABLE: io exception
2019-09-05 08:29:30,571 [grpc-default-executor-11] INFO  impl.FollowerInfo (FollowerInfo.java:lambda$new$0(50)) - omNode-3->omNode-2: nextIndex: updateUnconditionally 0 -> 0
2019-09-05 08:29:30,572 [grpc-default-executor-10] INFO  impl.FollowerInfo (FollowerInfo.java:lambda$new$0(50)) - omNode-3->omNode-1: nextIndex: updateUnconditionally 0 -> 0
2019-09-05 08:29:31,072 [grpc-default-executor-7] WARN  server.GrpcLogAppender (LogUtils.java:warn(134)) - omNode-3->omNode-2: Failed appendEntries: org.apache.ratis.thirdparty.io.grpc.StatusRuntimeException: UNAVAILABLE: io exception
2019-09-05 08:29:31,072 [grpc-default-executor-8] WARN  server.GrpcLogAppender (LogUtils.java:warn(134)) - omNode-3->omNode-1: Failed appendEntries: org.apache.ratis.thirdparty.io.grpc.StatusRuntimeException: UNAVAILABLE: io exception
2019-09-05 08:29:31,072 [grpc-default-executor-7] INFO  impl.FollowerInfo (FollowerInfo.java:lambda$new$0(50)) - omNode-3->omNode-2: nextIndex: updateUnconditionally 0 -> 0
2019-09-05 08:29:31,072 [grpc-default-executor-8] INFO  impl.FollowerInfo (FollowerInfo.java:lambda$new$0(50)) - omNode-3->omNode-1: nextIndex: updateUnconditionally 0 -> 0
2019-09-05 08:29:31,353 | INFO  | SCMAudit | user=jenkins1000 | ip=192.168.36.69 | op=SEND_HEARTBEAT {datanodeUUID=baa0ac9c-d259-45b0-b366-08e52759ad0f, command=[]} | ret=SUCCESS |  
2019-09-05 08:29:31,573 [grpc-default-executor-4] WARN  server.GrpcLogAppender (LogUtils.java:warn(134)) - omNode-3->omNode-1: Failed appendEntries: org.apache.ratis.thirdparty.io.grpc.StatusRuntimeException: UNAVAILABLE: io exception
2019-09-05 08:29:31,573 [grpc-default-executor-8] WARN  server.GrpcLogAppender (LogUtils.java:warn(134)) - omNode-3->omNode-2: Failed appendEntries: org.apache.ratis.thirdparty.io.grpc.StatusRuntimeException: UNAVAILABLE: io exception
2019-09-05 08:29:31,573 [grpc-default-executor-4] INFO  impl.FollowerInfo (FollowerInfo.java:lambda$new$0(50)) - omNode-3->omNode-1: nextIndex: updateUnconditionally 0 -> 0
2019-09-05 08:29:31,573 [grpc-default-executor-8] INFO  impl.FollowerInfo (FollowerInfo.java:lambda$new$0(50)) - omNode-3->omNode-2: nextIndex: updateUnconditionally 0 -> 0
2019-09-05 08:29:32,073 [grpc-default-executor-4] WARN  server.GrpcLogAppender (LogUtils.java:warn(134)) - omNode-3->omNode-1: Failed appendEntries: org.apache.ratis.thirdparty.io.grpc.StatusRuntimeException: UNAVAILABLE: io exception
2019-09-05 08:29:32,073 [grpc-default-executor-4] INFO  impl.FollowerInfo (FollowerInfo.java:lambda$new$0(50)) - omNode-3->omNode-1: nextIndex: updateUnconditionally 0 -> 0
2019-09-05 08:29:32,075 [grpc-default-executor-10] WARN  server.GrpcLogAppender (LogUtils.java:warn(134)) - omNode-3->omNode-2: Failed appendEntries: org.apache.ratis.thirdparty.io.grpc.StatusRuntimeException: UNAVAILABLE: io exception
2019-09-05 08:29:32,075 [grpc-default-executor-10] INFO  impl.FollowerInfo (FollowerInfo.java:lambda$new$0(50)) - omNode-3->omNode-2: nextIndex: updateUnconditionally 0 -> 0
2019-09-05 08:29:32,353 | INFO  | SCMAudit | user=jenkins1000 | ip=192.168.36.69 | op=SEND_HEARTBEAT {datanodeUUID=baa0ac9c-d259-45b0-b366-08e52759ad0f, command=[]} | ret=SUCCESS |  
2019-09-05 08:29:32,574 [grpc-default-executor-8] WARN  server.GrpcLogAppender (LogUtils.java:warn(134)) - omNode-3->omNode-1: Failed appendEntries: org.apache.ratis.thirdparty.io.grpc.StatusRuntimeException: UNAVAILABLE: io exception
2019-09-05 08:29:32,574 [grpc-default-executor-11] WARN  server.GrpcLogAppender (LogUtils.java:warn(134)) - omNode-3->omNode-2: Failed appendEntries: org.apache.ratis.thirdparty.io.grpc.StatusRuntimeException: UNAVAILABLE: io exception
2019-09-05 08:29:32,574 [grpc-default-executor-8] INFO  impl.FollowerInfo (FollowerInfo.java:lambda$new$0(50)) - omNode-3->omNode-1: nextIndex: updateUnconditionally 0 -> 0
2019-09-05 08:29:32,575 [grpc-default-executor-11] INFO  impl.FollowerInfo (FollowerInfo.java:lambda$new$0(50)) - omNode-3->omNode-2: nextIndex: updateUnconditionally 0 -> 0
2019-09-05 08:29:33,075 [grpc-default-executor-8] WARN  server.GrpcLogAppender (LogUtils.java:warn(134)) - omNode-3->omNode-2: Failed appendEntries: org.apache.ratis.thirdparty.io.grpc.StatusRuntimeException: UNAVAILABLE: io exception
2019-09-05 08:29:33,075 [grpc-default-executor-7] WARN  server.GrpcLogAppender (LogUtils.java:warn(134)) - omNode-3->omNode-1: Failed appendEntries: org.apache.ratis.thirdparty.io.grpc.StatusRuntimeException: UNAVAILABLE: io exception
2019-09-05 08:29:33,075 [grpc-default-executor-8] INFO  impl.FollowerInfo (FollowerInfo.java:lambda$new$0(50)) - omNode-3->omNode-2: nextIndex: updateUnconditionally 0 -> 0
2019-09-05 08:29:33,075 [grpc-default-executor-7] INFO  impl.FollowerInfo (FollowerInfo.java:lambda$new$0(50)) - omNode-3->omNode-1: nextIndex: updateUnconditionally 0 -> 0
2019-09-05 08:29:33,354 | INFO  | SCMAudit | user=jenkins1000 | ip=192.168.36.69 | op=SEND_HEARTBEAT {datanodeUUID=baa0ac9c-d259-45b0-b366-08e52759ad0f, command=[]} | ret=SUCCESS |  
2019-09-05 08:29:33,576 [grpc-default-executor-7] WARN  server.GrpcLogAppender (LogUtils.java:warn(134)) - omNode-3->omNode-1: Failed appendEntries: org.apache.ratis.thirdparty.io.grpc.StatusRuntimeException: UNAVAILABLE: io exception
2019-09-05 08:29:33,576 [grpc-default-executor-10] WARN  server.GrpcLogAppender (LogUtils.java:warn(134)) - omNode-3->omNode-2: Failed appendEntries: org.apache.ratis.thirdparty.io.grpc.StatusRuntimeException: UNAVAILABLE: io exception
2019-09-05 08:29:33,576 [grpc-default-executor-7] INFO  impl.FollowerInfo (FollowerInfo.java:lambda$new$0(50)) - omNode-3->omNode-1: nextIndex: updateUnconditionally 0 -> 0
2019-09-05 08:29:33,577 [grpc-default-executor-10] INFO  impl.FollowerInfo (FollowerInfo.java:lambda$new$0(50)) - omNode-3->omNode-2: nextIndex: updateUnconditionally 0 -> 0
2019-09-05 08:29:34,076 [grpc-default-executor-7] WARN  server.GrpcLogAppender (LogUtils.java:warn(134)) - omNode-3->omNode-2: Failed appendEntries: org.apache.ratis.thirdparty.io.grpc.StatusRuntimeException: UNAVAILABLE: io exception
2019-09-05 08:29:34,076 [grpc-default-executor-10] WARN  server.GrpcLogAppender (LogUtils.java:warn(134)) - omNode-3->omNode-1: Failed appendEntries: org.apache.ratis.thirdparty.io.grpc.StatusRuntimeException: UNAVAILABLE: io exception
2019-09-05 08:29:34,077 [grpc-default-executor-7] INFO  impl.FollowerInfo (FollowerInfo.java:lambda$new$0(50)) - omNode-3->omNode-2: nextIndex: updateUnconditionally 0 -> 0
2019-09-05 08:29:34,077 [grpc-default-executor-10] INFO  impl.FollowerInfo (FollowerInfo.java:lambda$new$0(50)) - omNode-3->omNode-1: nextIndex: updateUnconditionally 0 -> 0
2019-09-05 08:29:34,354 | INFO  | SCMAudit | user=jenkins1000 | ip=192.168.36.69 | op=SEND_HEARTBEAT {datanodeUUID=baa0ac9c-d259-45b0-b366-08e52759ad0f, command=[]} | ret=SUCCESS |  
2019-09-05 08:29:34,577 [grpc-default-executor-4] WARN  server.GrpcLogAppender (LogUtils.java:warn(134)) - omNode-3->omNode-2: Failed appendEntries: org.apache.ratis.thirdparty.io.grpc.StatusRuntimeException: UNAVAILABLE: io exception
2019-09-05 08:29:34,577 [grpc-default-executor-11] WARN  server.GrpcLogAppender (LogUtils.java:warn(134)) - omNode-3->omNode-1: Failed appendEntries: org.apache.ratis.thirdparty.io.grpc.StatusRuntimeException: UNAVAILABLE: io exception
2019-09-05 08:29:34,577 [grpc-default-executor-4] INFO  impl.FollowerInfo (FollowerInfo.java:lambda$new$0(50)) - omNode-3->omNode-2: nextIndex: updateUnconditionally 0 -> 0
2019-09-05 08:29:34,578 [grpc-default-executor-11] INFO  impl.FollowerInfo (FollowerInfo.java:lambda$new$0(50)) - omNode-3->omNode-1: nextIndex: updateUnconditionally 0 -> 0
2019-09-05 08:29:35,077 [grpc-default-executor-11] WARN  server.GrpcLogAppender (LogUtils.java:warn(134)) - omNode-3->omNode-1: Failed appendEntries: org.apache.ratis.thirdparty.io.grpc.StatusRuntimeException: UNAVAILABLE: io exception
2019-09-05 08:29:35,077 [grpc-default-executor-10] WARN  server.GrpcLogAppender (LogUtils.java:warn(134)) - omNode-3->omNode-2: Failed appendEntries: org.apache.ratis.thirdparty.io.grpc.StatusRuntimeException: UNAVAILABLE: io exception
2019-09-05 08:29:35,078 [grpc-default-executor-11] INFO  impl.FollowerInfo (FollowerInfo.java:lambda$new$0(50)) - omNode-3->omNode-1: nextIndex: updateUnconditionally 0 -> 0
2019-09-05 08:29:35,078 [grpc-default-executor-10] INFO  impl.FollowerInfo (FollowerInfo.java:lambda$new$0(50)) - omNode-3->omNode-2: nextIndex: updateUnconditionally 0 -> 0
2019-09-05 08:29:35,355 | INFO  | SCMAudit | user=jenkins1000 | ip=192.168.36.69 | op=SEND_HEARTBEAT {datanodeUUID=baa0ac9c-d259-45b0-b366-08e52759ad0f, command=[]} | ret=SUCCESS |  
2019-09-05 08:29:35,579 [grpc-default-executor-11] WARN  server.GrpcLogAppender (LogUtils.java:warn(134)) - omNode-3->omNode-1: Failed appendEntries: org.apache.ratis.thirdparty.io.grpc.StatusRuntimeException: UNAVAILABLE: io exception
2019-09-05 08:29:35,579 [grpc-default-executor-7] WARN  server.GrpcLogAppender (LogUtils.java:warn(134)) - omNode-3->omNode-2: Failed appendEntries: org.apache.ratis.thirdparty.io.grpc.StatusRuntimeException: UNAVAILABLE: io exception
2019-09-05 08:29:35,579 [grpc-default-executor-11] INFO  impl.FollowerInfo (FollowerInfo.java:lambda$new$0(50)) - omNode-3->omNode-1: nextIndex: updateUnconditionally 0 -> 0
2019-09-05 08:29:35,580 [grpc-default-executor-7] INFO  impl.FollowerInfo (FollowerInfo.java:lambda$new$0(50)) - omNode-3->omNode-2: nextIndex: updateUnconditionally 0 -> 0
2019-09-05 08:29:36,079 [grpc-default-executor-7] WARN  server.GrpcLogAppender (LogUtils.java:warn(134)) - omNode-3->omNode-1: Failed appendEntries: org.apache.ratis.thirdparty.io.grpc.StatusRuntimeException: UNAVAILABLE: io exception
2019-09-05 08:29:36,079 [grpc-default-executor-10] WARN  server.GrpcLogAppender (LogUtils.java:warn(134)) - omNode-3->omNode-2: Failed appendEntries: org.apache.ratis.thirdparty.io.grpc.StatusRuntimeException: UNAVAILABLE: io exception
2019-09-05 08:29:36,080 [grpc-default-executor-7] INFO  impl.FollowerInfo (FollowerInfo.java:lambda$new$0(50)) - omNode-3->omNode-1: nextIndex: updateUnconditionally 0 -> 0
2019-09-05 08:29:36,080 [grpc-default-executor-10] INFO  impl.FollowerInfo (FollowerInfo.java:lambda$new$0(50)) - omNode-3->omNode-2: nextIndex: updateUnconditionally 0 -> 0
2019-09-05 08:29:36,356 | INFO  | SCMAudit | user=jenkins1000 | ip=192.168.36.69 | op=SEND_HEARTBEAT {datanodeUUID=baa0ac9c-d259-45b0-b366-08e52759ad0f, command=[]} | ret=SUCCESS |  
2019-09-05 08:29:36,580 [grpc-default-executor-4] WARN  server.GrpcLogAppender (LogUtils.java:warn(134)) - omNode-3->omNode-1: Failed appendEntries: org.apache.ratis.thirdparty.io.grpc.StatusRuntimeException: UNAVAILABLE: io exception
2019-09-05 08:29:36,580 [grpc-default-executor-7] WARN  server.GrpcLogAppender (LogUtils.java:warn(134)) - omNode-3->omNode-2: Failed appendEntries: org.apache.ratis.thirdparty.io.grpc.StatusRuntimeException: UNAVAILABLE: io exception
2019-09-05 08:29:36,580 [grpc-default-executor-4] INFO  impl.FollowerInfo (FollowerInfo.java:lambda$new$0(50)) - omNode-3->omNode-1: nextIndex: updateUnconditionally 0 -> 0
2019-09-05 08:29:36,581 [grpc-default-executor-7] INFO  impl.FollowerInfo (FollowerInfo.java:lambda$new$0(50)) - omNode-3->omNode-2: nextIndex: updateUnconditionally 0 -> 0
2019-09-05 08:29:37,081 [grpc-default-executor-11] WARN  server.GrpcLogAppender (LogUtils.java:warn(134)) - omNode-3->omNode-1: Failed appendEntries: org.apache.ratis.thirdparty.io.grpc.StatusRuntimeException: UNAVAILABLE: io exception
2019-09-05 08:29:37,081 [grpc-default-executor-4] WARN  server.GrpcLogAppender (LogUtils.java:warn(134)) - omNode-3->omNode-2: Failed appendEntries: org.apache.ratis.thirdparty.io.grpc.StatusRuntimeException: UNAVAILABLE: io exception
2019-09-05 08:29:37,082 [grpc-default-executor-11] INFO  impl.FollowerInfo (FollowerInfo.java:lambda$new$0(50)) - omNode-3->omNode-1: nextIndex: updateUnconditionally 0 -> 0
2019-09-05 08:29:37,082 [grpc-default-executor-4] INFO  impl.FollowerInfo (FollowerInfo.java:lambda$new$0(50)) - omNode-3->omNode-2: nextIndex: updateUnconditionally 0 -> 0
2019-09-05 08:29:37,356 | INFO  | SCMAudit | user=jenkins1000 | ip=192.168.36.69 | op=SEND_HEARTBEAT {datanodeUUID=baa0ac9c-d259-45b0-b366-08e52759ad0f, command=[]} | ret=SUCCESS |  
2019-09-05 08:29:37,581 [grpc-default-executor-7] WARN  server.GrpcLogAppender (LogUtils.java:warn(134)) - omNode-3->omNode-1: Failed appendEntries: org.apache.ratis.thirdparty.io.grpc.StatusRuntimeException: UNAVAILABLE: io exception
2019-09-05 08:29:37,582 [grpc-default-executor-4] WARN  server.GrpcLogAppender (LogUtils.java:warn(134)) - omNode-3->omNode-2: Failed appendEntries: org.apache.ratis.thirdparty.io.grpc.StatusRuntimeException: UNAVAILABLE: io exception
2019-09-05 08:29:37,582 [grpc-default-executor-7] INFO  impl.FollowerInfo (FollowerInfo.java:lambda$new$0(50)) - omNode-3->omNode-1: nextIndex: updateUnconditionally 0 -> 0
2019-09-05 08:29:37,582 [grpc-default-executor-4] INFO  impl.FollowerInfo (FollowerInfo.java:lambda$new$0(50)) - omNode-3->omNode-2: nextIndex: updateUnconditionally 0 -> 0
2019-09-05 08:29:38,082 [grpc-default-executor-4] WARN  server.GrpcLogAppender (LogUtils.java:warn(134)) - omNode-3->omNode-2: Failed appendEntries: org.apache.ratis.thirdparty.io.grpc.StatusRuntimeException: UNAVAILABLE: io exception
2019-09-05 08:29:38,082 [grpc-default-executor-7] WARN  server.GrpcLogAppender (LogUtils.java:warn(134)) - omNode-3->omNode-1: Failed appendEntries: org.apache.ratis.thirdparty.io.grpc.StatusRuntimeException: UNAVAILABLE: io exception
2019-09-05 08:29:38,082 [grpc-default-executor-4] INFO  impl.FollowerInfo (FollowerInfo.java:lambda$new$0(50)) - omNode-3->omNode-2: nextIndex: updateUnconditionally 0 -> 0
2019-09-05 08:29:38,082 [grpc-default-executor-7] INFO  impl.FollowerInfo (FollowerInfo.java:lambda$new$0(50)) - omNode-3->omNode-1: nextIndex: updateUnconditionally 0 -> 0
2019-09-05 08:29:38,356 | INFO  | SCMAudit | user=jenkins1000 | ip=192.168.36.69 | op=SEND_HEARTBEAT {datanodeUUID=baa0ac9c-d259-45b0-b366-08e52759ad0f, command=[]} | ret=SUCCESS |  
2019-09-05 08:29:38,583 [grpc-default-executor-4] WARN  server.GrpcLogAppender (LogUtils.java:warn(134)) - omNode-3->omNode-1: Failed appendEntries: org.apache.ratis.thirdparty.io.grpc.StatusRuntimeException: UNAVAILABLE: io exception
2019-09-05 08:29:38,583 [grpc-default-executor-7] WARN  server.GrpcLogAppender (LogUtils.java:warn(134)) - omNode-3->omNode-2: Failed appendEntries: org.apache.ratis.thirdparty.io.grpc.StatusRuntimeException: UNAVAILABLE: io exception
2019-09-05 08:29:38,583 [grpc-default-executor-4] INFO  impl.FollowerInfo (FollowerInfo.java:lambda$new$0(50)) - omNode-3->omNode-1: nextIndex: updateUnconditionally 0 -> 0
2019-09-05 08:29:38,583 [grpc-default-executor-7] INFO  impl.FollowerInfo (FollowerInfo.java:lambda$new$0(50)) - omNode-3->omNode-2: nextIndex: updateUnconditionally 0 -> 0
2019-09-05 08:29:39,084 [grpc-default-executor-4] WARN  server.GrpcLogAppender (LogUtils.java:warn(134)) - omNode-3->omNode-2: Failed appendEntries: org.apache.ratis.thirdparty.io.grpc.StatusRuntimeException: UNAVAILABLE: io exception
2019-09-05 08:29:39,084 [grpc-default-executor-7] WARN  server.GrpcLogAppender (LogUtils.java:warn(134)) - omNode-3->omNode-1: Failed appendEntries: org.apache.ratis.thirdparty.io.grpc.StatusRuntimeException: UNAVAILABLE: io exception
2019-09-05 08:29:39,085 [grpc-default-executor-4] INFO  impl.FollowerInfo (FollowerInfo.java:lambda$new$0(50)) - omNode-3->omNode-2: nextIndex: updateUnconditionally 0 -> 0
2019-09-05 08:29:39,085 [grpc-default-executor-7] INFO  impl.FollowerInfo (FollowerInfo.java:lambda$new$0(50)) - omNode-3->omNode-1: nextIndex: updateUnconditionally 0 -> 0
2019-09-05 08:29:39,356 | INFO  | SCMAudit | user=jenkins1000 | ip=192.168.36.69 | op=SEND_HEARTBEAT {datanodeUUID=baa0ac9c-d259-45b0-b366-08e52759ad0f, command=[]} | ret=SUCCESS |  
2019-09-05 08:29:39,584 [grpc-default-executor-4] WARN  server.GrpcLogAppender (LogUtils.java:warn(134)) - omNode-3->omNode-2: Failed appendEntries: org.apache.ratis.thirdparty.io.grpc.StatusRuntimeException: UNAVAILABLE: io exception
2019-09-05 08:29:39,585 [grpc-default-executor-7] WARN  server.GrpcLogAppender (LogUtils.java:warn(134)) - omNode-3->omNode-1: Failed appendEntries: org.apache.ratis.thirdparty.io.grpc.StatusRuntimeException: UNAVAILABLE: io exception
2019-09-05 08:29:39,585 [grpc-default-executor-4] INFO  impl.FollowerInfo (FollowerInfo.java:lambda$new$0(50)) - omNode-3->omNode-2: nextIndex: updateUnconditionally 0 -> 0
2019-09-05 08:29:39,585 [grpc-default-executor-7] INFO  impl.FollowerInfo (FollowerInfo.java:lambda$new$0(50)) - omNode-3->omNode-1: nextIndex: updateUnconditionally 0 -> 0
2019-09-05 08:29:40,085 [grpc-default-executor-7] WARN  server.GrpcLogAppender (LogUtils.java:warn(134)) - omNode-3->omNode-2: Failed appendEntries: org.apache.ratis.thirdparty.io.grpc.StatusRuntimeException: UNAVAILABLE: io exception
2019-09-05 08:29:40,085 [grpc-default-executor-10] WARN  server.GrpcLogAppender (LogUtils.java:warn(134)) - omNode-3->omNode-1: Failed appendEntries: org.apache.ratis.thirdparty.io.grpc.StatusRuntimeException: UNAVAILABLE: io exception
2019-09-05 08:29:40,086 [grpc-default-executor-7] INFO  impl.FollowerInfo (FollowerInfo.java:lambda$new$0(50)) - omNode-3->omNode-2: nextIndex: updateUnconditionally 0 -> 0
2019-09-05 08:29:40,086 [grpc-default-executor-10] INFO  impl.FollowerInfo (FollowerInfo.java:lambda$new$0(50)) - omNode-3->omNode-1: nextIndex: updateUnconditionally 0 -> 0
2019-09-05 08:29:40,356 | INFO  | SCMAudit | user=jenkins1000 | ip=192.168.36.69 | op=SEND_HEARTBEAT {datanodeUUID=baa0ac9c-d259-45b0-b366-08e52759ad0f, command=[]} | ret=SUCCESS |  
2019-09-05 08:29:40,586 [grpc-default-executor-8] WARN  server.GrpcLogAppender (LogUtils.java:warn(134)) - omNode-3->omNode-2: Failed appendEntries: org.apache.ratis.thirdparty.io.grpc.StatusRuntimeException: UNAVAILABLE: io exception
2019-09-05 08:29:40,586 [grpc-default-executor-10] WARN  server.GrpcLogAppender (LogUtils.java:warn(134)) - omNode-3->omNode-1: Failed appendEntries: org.apache.ratis.thirdparty.io.grpc.StatusRuntimeException: UNAVAILABLE: io exception
2019-09-05 08:29:40,587 [grpc-default-executor-8] INFO  impl.FollowerInfo (FollowerInfo.java:lambda$new$0(50)) - omNode-3->omNode-2: nextIndex: updateUnconditionally 0 -> 0
2019-09-05 08:29:40,587 [grpc-default-executor-10] INFO  impl.FollowerInfo (FollowerInfo.java:lambda$new$0(50)) - omNode-3->omNode-1: nextIndex: updateUnconditionally 0 -> 0
2019-09-05 08:29:41,087 [grpc-default-executor-10] WARN  server.GrpcLogAppender (LogUtils.java:warn(134)) - omNode-3->omNode-2: Failed appendEntries: org.apache.ratis.thirdparty.io.grpc.StatusRuntimeException: UNAVAILABLE: io exception
2019-09-05 08:29:41,087 [grpc-default-executor-11] WARN  server.GrpcLogAppender (LogUtils.java:warn(134)) - omNode-3->omNode-1: Failed appendEntries: org.apache.ratis.thirdparty.io.grpc.StatusRuntimeException: UNAVAILABLE: io exception
2019-09-05 08:29:41,088 [grpc-default-executor-10] INFO  impl.FollowerInfo (FollowerInfo.java:lambda$new$0(50)) - omNode-3->omNode-2: nextIndex: updateUnconditionally 0 -> 0
2019-09-05 08:29:41,088 [grpc-default-executor-11] INFO  impl.FollowerInfo (FollowerInfo.java:lambda$new$0(50)) - omNode-3->omNode-1: nextIndex: updateUnconditionally 0 -> 0
2019-09-05 08:29:41,357 | INFO  | SCMAudit | user=jenkins1000 | ip=192.168.36.69 | op=SEND_HEARTBEAT {datanodeUUID=baa0ac9c-d259-45b0-b366-08e52759ad0f, command=[]} | ret=SUCCESS |  
2019-09-05 08:29:41,588 [grpc-default-executor-4] WARN  server.GrpcLogAppender (LogUtils.java:warn(134)) - omNode-3->omNode-1: Failed appendEntries: org.apache.ratis.thirdparty.io.grpc.StatusRuntimeException: UNAVAILABLE: io exception
2019-09-05 08:29:41,588 [grpc-default-executor-9] WARN  server.GrpcLogAppender (LogUtils.java:warn(134)) - omNode-3->omNode-2: Failed appendEntries: org.apache.ratis.thirdparty.io.grpc.StatusRuntimeException: UNAVAILABLE: io exception
2019-09-05 08:29:41,589 [grpc-default-executor-4] INFO  impl.FollowerInfo (FollowerInfo.java:lambda$new$0(50)) - omNode-3->omNode-1: nextIndex: updateUnconditionally 0 -> 0
2019-09-05 08:29:41,589 [grpc-default-executor-9] INFO  impl.FollowerInfo (FollowerInfo.java:lambda$new$0(50)) - omNode-3->omNode-2: nextIndex: updateUnconditionally 0 -> 0
2019-09-05 08:29:42,089 [grpc-default-executor-8] WARN  server.GrpcLogAppender (LogUtils.java:warn(134)) - omNode-3->omNode-2: Failed appendEntries: org.apache.ratis.thirdparty.io.grpc.StatusRuntimeException: UNAVAILABLE: io exception
2019-09-05 08:29:42,089 [grpc-default-executor-10] WARN  server.GrpcLogAppender (LogUtils.java:warn(134)) - omNode-3->omNode-1: Failed appendEntries: org.apache.ratis.thirdparty.io.grpc.StatusRuntimeException: UNAVAILABLE: io exception
2019-09-05 08:29:42,089 [grpc-default-executor-8] INFO  impl.FollowerInfo (FollowerInfo.java:lambda$new$0(50)) - omNode-3->omNode-2: nextIndex: updateUnconditionally 0 -> 0
2019-09-05 08:29:42,090 [grpc-default-executor-10] INFO  impl.FollowerInfo (FollowerInfo.java:lambda$new$0(50)) - omNode-3->omNode-1: nextIndex: updateUnconditionally 0 -> 0
2019-09-05 08:29:42,357 | INFO  | SCMAudit | user=jenkins1000 | ip=192.168.36.69 | op=SEND_HEARTBEAT {datanodeUUID=baa0ac9c-d259-45b0-b366-08e52759ad0f, command=[]} | ret=SUCCESS |  
2019-09-05 08:29:42,590 [grpc-default-executor-9] WARN  server.GrpcLogAppender (LogUtils.java:warn(134)) - omNode-3->omNode-1: Failed appendEntries: org.apache.ratis.thirdparty.io.grpc.StatusRuntimeException: UNAVAILABLE: io exception
2019-09-05 08:29:42,590 [grpc-default-executor-7] WARN  server.GrpcLogAppender (LogUtils.java:warn(134)) - omNode-3->omNode-2: Failed appendEntries: org.apache.ratis.thirdparty.io.grpc.StatusRuntimeException: UNAVAILABLE: io exception
2019-09-05 08:29:42,590 [grpc-default-executor-9] INFO  impl.FollowerInfo (FollowerInfo.java:lambda$new$0(50)) - omNode-3->omNode-1: nextIndex: updateUnconditionally 0 -> 0
2019-09-05 08:29:42,590 [grpc-default-executor-7] INFO  impl.FollowerInfo (FollowerInfo.java:lambda$new$0(50)) - omNode-3->omNode-2: nextIndex: updateUnconditionally 0 -> 0
2019-09-05 08:29:43,090 [grpc-default-executor-7] WARN  server.GrpcLogAppender (LogUtils.java:warn(134)) - omNode-3->omNode-2: Failed appendEntries: org.apache.ratis.thirdparty.io.grpc.StatusRuntimeException: UNAVAILABLE: io exception
2019-09-05 08:29:43,090 [grpc-default-executor-8] WARN  server.GrpcLogAppender (LogUtils.java:warn(134)) - omNode-3->omNode-1: Failed appendEntries: org.apache.ratis.thirdparty.io.grpc.StatusRuntimeException: UNAVAILABLE: io exception
2019-09-05 08:29:43,091 [grpc-default-executor-7] INFO  impl.FollowerInfo (FollowerInfo.java:lambda$new$0(50)) - omNode-3->omNode-2: nextIndex: updateUnconditionally 0 -> 0
2019-09-05 08:29:43,091 [grpc-default-executor-8] INFO  impl.FollowerInfo (FollowerInfo.java:lambda$new$0(50)) - omNode-3->omNode-1: nextIndex: updateUnconditionally 0 -> 0
2019-09-05 08:29:43,358 | INFO  | SCMAudit | user=jenkins1000 | ip=192.168.36.69 | op=SEND_HEARTBEAT {datanodeUUID=baa0ac9c-d259-45b0-b366-08e52759ad0f, command=[]} | ret=SUCCESS |  
2019-09-05 08:29:43,591 [grpc-default-executor-7] WARN  server.GrpcLogAppender (LogUtils.java:warn(134)) - omNode-3->omNode-2: Failed appendEntries: org.apache.ratis.thirdparty.io.grpc.StatusRuntimeException: UNAVAILABLE: io exception
2019-09-05 08:29:43,591 [grpc-default-executor-10] WARN  server.GrpcLogAppender (LogUtils.java:warn(134)) - omNode-3->omNode-1: Failed appendEntries: org.apache.ratis.thirdparty.io.grpc.StatusRuntimeException: UNAVAILABLE: io exception
2019-09-05 08:29:43,592 [grpc-default-executor-7] INFO  impl.FollowerInfo (FollowerInfo.java:lambda$new$0(50)) - omNode-3->omNode-2: nextIndex: updateUnconditionally 0 -> 0
2019-09-05 08:29:43,592 [grpc-default-executor-10] INFO  impl.FollowerInfo (FollowerInfo.java:lambda$new$0(50)) - omNode-3->omNode-1: nextIndex: updateUnconditionally 0 -> 0
2019-09-05 08:29:44,092 [grpc-default-executor-8] WARN  server.GrpcLogAppender (LogUtils.java:warn(134)) - omNode-3->omNode-2: Failed appendEntries: org.apache.ratis.thirdparty.io.grpc.StatusRuntimeException: UNAVAILABLE: io exception
2019-09-05 08:29:44,092 [grpc-default-executor-9] WARN  server.GrpcLogAppender (LogUtils.java:warn(134)) - omNode-3->omNode-1: Failed appendEntries: org.apache.ratis.thirdparty.io.grpc.StatusRuntimeException: UNAVAILABLE: io exception
2019-09-05 08:29:44,093 [grpc-default-executor-8] INFO  impl.FollowerInfo (FollowerInfo.java:lambda$new$0(50)) - omNode-3->omNode-2: nextIndex: updateUnconditionally 0 -> 0
2019-09-05 08:29:44,093 [grpc-default-executor-9] INFO  impl.FollowerInfo (FollowerInfo.java:lambda$new$0(50)) - omNode-3->omNode-1: nextIndex: updateUnconditionally 0 -> 0
2019-09-05 08:29:44,358 | INFO  | SCMAudit | user=jenkins1000 | ip=192.168.36.69 | op=SEND_HEARTBEAT {datanodeUUID=baa0ac9c-d259-45b0-b366-08e52759ad0f, command=[]} | ret=SUCCESS |  
2019-09-05 08:29:44,595 [grpc-default-executor-9] WARN  server.GrpcLogAppender (LogUtils.java:warn(134)) - omNode-3->omNode-1: Failed appendEntries: org.apache.ratis.thirdparty.io.grpc.StatusRuntimeException: UNAVAILABLE: io exception
2019-09-05 08:29:44,595 [grpc-default-executor-8] WARN  server.GrpcLogAppender (LogUtils.java:warn(134)) - omNode-3->omNode-2: Failed appendEntries: org.apache.ratis.thirdparty.io.grpc.StatusRuntimeException: UNAVAILABLE: io exception
2019-09-05 08:29:44,595 [grpc-default-executor-9] INFO  impl.FollowerInfo (FollowerInfo.java:lambda$new$0(50)) - omNode-3->omNode-1: nextIndex: updateUnconditionally 0 -> 0
2019-09-05 08:29:44,595 [grpc-default-executor-8] INFO  impl.FollowerInfo (FollowerInfo.java:lambda$new$0(50)) - omNode-3->omNode-2: nextIndex: updateUnconditionally 0 -> 0
2019-09-05 08:29:45,095 [grpc-default-executor-4] WARN  server.GrpcLogAppender (LogUtils.java:warn(134)) - omNode-3->omNode-1: Failed appendEntries: org.apache.ratis.thirdparty.io.grpc.StatusRuntimeException: UNAVAILABLE: io exception
2019-09-05 08:29:45,095 [grpc-default-executor-10] WARN  server.GrpcLogAppender (LogUtils.java:warn(134)) - omNode-3->omNode-2: Failed appendEntries: org.apache.ratis.thirdparty.io.grpc.StatusRuntimeException: UNAVAILABLE: io exception
2019-09-05 08:29:45,096 [grpc-default-executor-4] INFO  impl.FollowerInfo (FollowerInfo.java:lambda$new$0(50)) - omNode-3->omNode-1: nextIndex: updateUnconditionally 0 -> 0
2019-09-05 08:29:45,096 [grpc-default-executor-10] INFO  impl.FollowerInfo (FollowerInfo.java:lambda$new$0(50)) - omNode-3->omNode-2: nextIndex: updateUnconditionally 0 -> 0
2019-09-05 08:29:45,359 | INFO  | SCMAudit | user=jenkins1000 | ip=192.168.36.69 | op=SEND_HEARTBEAT {datanodeUUID=baa0ac9c-d259-45b0-b366-08e52759ad0f, command=[]} | ret=SUCCESS |  
2019-09-05 08:29:45,596 [grpc-default-executor-10] WARN  server.GrpcLogAppender (LogUtils.java:warn(134)) - omNode-3->omNode-1: Failed appendEntries: org.apache.ratis.thirdparty.io.grpc.StatusRuntimeException: UNAVAILABLE: io exception
2019-09-05 08:29:45,596 [grpc-default-executor-9] WARN  server.GrpcLogAppender (LogUtils.java:warn(134)) - omNode-3->omNode-2: Failed appendEntries: org.apache.ratis.thirdparty.io.grpc.StatusRuntimeException: UNAVAILABLE: io exception
2019-09-05 08:29:45,596 [grpc-default-executor-10] INFO  impl.FollowerInfo (FollowerInfo.java:lambda$new$0(50)) - omNode-3->omNode-1: nextIndex: updateUnconditionally 0 -> 0
2019-09-05 08:29:45,597 [grpc-default-executor-9] INFO  impl.FollowerInfo (FollowerInfo.java:lambda$new$0(50)) - omNode-3->omNode-2: nextIndex: updateUnconditionally 0 -> 0
2019-09-05 08:29:46,097 [grpc-default-executor-9] WARN  server.GrpcLogAppender (LogUtils.java:warn(134)) - omNode-3->omNode-2: Failed appendEntries: org.apache.ratis.thirdparty.io.grpc.StatusRuntimeException: UNAVAILABLE: io exception
2019-09-05 08:29:46,097 [grpc-default-executor-10] WARN  server.GrpcLogAppender (LogUtils.java:warn(134)) - omNode-3->omNode-1: Failed appendEntries: org.apache.ratis.thirdparty.io.grpc.StatusRuntimeException: UNAVAILABLE: io exception
2019-09-05 08:29:46,097 [grpc-default-executor-9] INFO  impl.FollowerInfo (FollowerInfo.java:lambda$new$0(50)) - omNode-3->omNode-2: nextIndex: updateUnconditionally 0 -> 0
2019-09-05 08:29:46,097 [grpc-default-executor-10] INFO  impl.FollowerInfo (FollowerInfo.java:lambda$new$0(50)) - omNode-3->omNode-1: nextIndex: updateUnconditionally 0 -> 0
2019-09-05 08:29:46,358 | INFO  | SCMAudit | user=jenkins1000 | ip=192.168.36.69 | op=SEND_HEARTBEAT {datanodeUUID=baa0ac9c-d259-45b0-b366-08e52759ad0f, command=[]} | ret=SUCCESS |  
2019-09-05 08:29:46,598 [grpc-default-executor-10] WARN  server.GrpcLogAppender (LogUtils.java:warn(134)) - omNode-3->omNode-2: Failed appendEntries: org.apache.ratis.thirdparty.io.grpc.StatusRuntimeException: UNAVAILABLE: io exception
2019-09-05 08:29:46,598 [grpc-default-executor-4] WARN  server.GrpcLogAppender (LogUtils.java:warn(134)) - omNode-3->omNode-1: Failed appendEntries: org.apache.ratis.thirdparty.io.grpc.StatusRuntimeException: UNAVAILABLE: io exception
2019-09-05 08:29:46,598 [grpc-default-executor-10] INFO  impl.FollowerInfo (FollowerInfo.java:lambda$new$0(50)) - omNode-3->omNode-2: nextIndex: updateUnconditionally 0 -> 0
2019-09-05 08:29:46,599 [grpc-default-executor-4] INFO  impl.FollowerInfo (FollowerInfo.java:lambda$new$0(50)) - omNode-3->omNode-1: nextIndex: updateUnconditionally 0 -> 0
2019-09-05 08:29:47,098 [grpc-default-executor-11] WARN  server.GrpcLogAppender (LogUtils.java:warn(134)) - omNode-3->omNode-2: Failed appendEntries: org.apache.ratis.thirdparty.io.grpc.StatusRuntimeException: UNAVAILABLE: io exception
2019-09-05 08:29:47,098 [grpc-default-executor-8] WARN  server.GrpcLogAppender (LogUtils.java:warn(134)) - omNode-3->omNode-1: Failed appendEntries: org.apache.ratis.thirdparty.io.grpc.StatusRuntimeException: UNAVAILABLE: io exception
2019-09-05 08:29:47,099 [grpc-default-executor-11] INFO  impl.FollowerInfo (FollowerInfo.java:lambda$new$0(50)) - omNode-3->omNode-2: nextIndex: updateUnconditionally 0 -> 0
2019-09-05 08:29:47,099 [grpc-default-executor-8] INFO  impl.FollowerInfo (FollowerInfo.java:lambda$new$0(50)) - omNode-3->omNode-1: nextIndex: updateUnconditionally 0 -> 0
2019-09-05 08:29:47,358 | INFO  | SCMAudit | user=jenkins1000 | ip=192.168.36.69 | op=SEND_HEARTBEAT {datanodeUUID=baa0ac9c-d259-45b0-b366-08e52759ad0f, command=[]} | ret=SUCCESS |  
2019-09-05 08:29:47,599 [grpc-default-executor-10] WARN  server.GrpcLogAppender (LogUtils.java:warn(134)) - omNode-3->omNode-1: Failed appendEntries: org.apache.ratis.thirdparty.io.grpc.StatusRuntimeException: UNAVAILABLE: io exception
2019-09-05 08:29:47,599 [grpc-default-executor-8] WARN  server.GrpcLogAppender (LogUtils.java:warn(134)) - omNode-3->omNode-2: Failed appendEntries: org.apache.ratis.thirdparty.io.grpc.StatusRuntimeException: UNAVAILABLE: io exception
2019-09-05 08:29:47,599 [grpc-default-executor-10] INFO  impl.FollowerInfo (FollowerInfo.java:lambda$new$0(50)) - omNode-3->omNode-1: nextIndex: updateUnconditionally 0 -> 0
2019-09-05 08:29:47,599 [grpc-default-executor-8] INFO  impl.FollowerInfo (FollowerInfo.java:lambda$new$0(50)) - omNode-3->omNode-2: nextIndex: updateUnconditionally 0 -> 0
2019-09-05 08:29:48,100 [grpc-default-executor-10] WARN  server.GrpcLogAppender (LogUtils.java:warn(134)) - omNode-3->omNode-2: Failed appendEntries: org.apache.ratis.thirdparty.io.grpc.StatusRuntimeException: UNAVAILABLE: io exception
2019-09-05 08:29:48,100 [grpc-default-executor-8] WARN  server.GrpcLogAppender (LogUtils.java:warn(134)) - omNode-3->omNode-1: Failed appendEntries: org.apache.ratis.thirdparty.io.grpc.StatusRuntimeException: UNAVAILABLE: io exception
2019-09-05 08:29:48,100 [grpc-default-executor-10] INFO  impl.FollowerInfo (FollowerInfo.java:lambda$new$0(50)) - omNode-3->omNode-2: nextIndex: updateUnconditionally 0 -> 0
2019-09-05 08:29:48,100 [grpc-default-executor-8] INFO  impl.FollowerInfo (FollowerInfo.java:lambda$new$0(50)) - omNode-3->omNode-1: nextIndex: updateUnconditionally 0 -> 0
2019-09-05 08:29:48,358 | INFO  | SCMAudit | user=jenkins1000 | ip=192.168.36.69 | op=SEND_HEARTBEAT {datanodeUUID=baa0ac9c-d259-45b0-b366-08e52759ad0f, command=[]} | ret=SUCCESS |  
2019-09-05 08:29:48,600 [grpc-default-executor-11] WARN  server.GrpcLogAppender (LogUtils.java:warn(134)) - omNode-3->omNode-2: Failed appendEntries: org.apache.ratis.thirdparty.io.grpc.StatusRuntimeException: UNAVAILABLE: io exception
2019-09-05 08:29:48,600 [grpc-default-executor-9] WARN  server.GrpcLogAppender (LogUtils.java:warn(134)) - omNode-3->omNode-1: Failed appendEntries: org.apache.ratis.thirdparty.io.grpc.StatusRuntimeException: UNAVAILABLE: io exception
2019-09-05 08:29:48,601 [grpc-default-executor-11] INFO  impl.FollowerInfo (FollowerInfo.java:lambda$new$0(50)) - omNode-3->omNode-2: nextIndex: updateUnconditionally 0 -> 0
2019-09-05 08:29:48,601 [grpc-default-executor-9] INFO  impl.FollowerInfo (FollowerInfo.java:lambda$new$0(50)) - omNode-3->omNode-1: nextIndex: updateUnconditionally 0 -> 0
2019-09-05 08:29:49,101 [grpc-default-executor-11] WARN  server.GrpcLogAppender (LogUtils.java:warn(134)) - omNode-3->omNode-2: Failed appendEntries: org.apache.ratis.thirdparty.io.grpc.StatusRuntimeException: UNAVAILABLE: io exception
2019-09-05 08:29:49,101 [grpc-default-executor-9] WARN  server.GrpcLogAppender (LogUtils.java:warn(134)) - omNode-3->omNode-1: Failed appendEntries: org.apache.ratis.thirdparty.io.grpc.StatusRuntimeException: UNAVAILABLE: io exception
2019-09-05 08:29:49,102 [grpc-default-executor-11] INFO  impl.FollowerInfo (FollowerInfo.java:lambda$new$0(50)) - omNode-3->omNode-2: nextIndex: updateUnconditionally 0 -> 0
2019-09-05 08:29:49,102 [grpc-default-executor-9] INFO  impl.FollowerInfo (FollowerInfo.java:lambda$new$0(50)) - omNode-3->omNode-1: nextIndex: updateUnconditionally 0 -> 0
2019-09-05 08:29:49,358 | INFO  | SCMAudit | user=jenkins1000 | ip=192.168.36.69 | op=SEND_HEARTBEAT {datanodeUUID=baa0ac9c-d259-45b0-b366-08e52759ad0f, command=[]} | ret=SUCCESS |  
2019-09-05 08:29:49,602 [grpc-default-executor-4] WARN  server.GrpcLogAppender (LogUtils.java:warn(134)) - omNode-3->omNode-1: Failed appendEntries: org.apache.ratis.thirdparty.io.grpc.StatusRuntimeException: UNAVAILABLE: io exception
2019-09-05 08:29:49,602 [grpc-default-executor-9] WARN  server.GrpcLogAppender (LogUtils.java:warn(134)) - omNode-3->omNode-2: Failed appendEntries: org.apache.ratis.thirdparty.io.grpc.StatusRuntimeException: UNAVAILABLE: io exception
2019-09-05 08:29:49,602 [grpc-default-executor-4] INFO  impl.FollowerInfo (FollowerInfo.java:lambda$new$0(50)) - omNode-3->omNode-1: nextIndex: updateUnconditionally 0 -> 0
2019-09-05 08:29:49,603 [grpc-default-executor-9] INFO  impl.FollowerInfo (FollowerInfo.java:lambda$new$0(50)) - omNode-3->omNode-2: nextIndex: updateUnconditionally 0 -> 0
2019-09-05 08:29:50,103 [grpc-default-executor-8] WARN  server.GrpcLogAppender (LogUtils.java:warn(134)) - omNode-3->omNode-2: Failed appendEntries: org.apache.ratis.thirdparty.io.grpc.StatusRuntimeException: UNAVAILABLE: io exception
2019-09-05 08:29:50,103 [grpc-default-executor-4] WARN  server.GrpcLogAppender (LogUtils.java:warn(134)) - omNode-3->omNode-1: Failed appendEntries: org.apache.ratis.thirdparty.io.grpc.StatusRuntimeException: UNAVAILABLE: io exception
2019-09-05 08:29:50,104 [grpc-default-executor-8] INFO  impl.FollowerInfo (FollowerInfo.java:lambda$new$0(50)) - omNode-3->omNode-2: nextIndex: updateUnconditionally 0 -> 0
2019-09-05 08:29:50,104 [grpc-default-executor-4] INFO  impl.FollowerInfo (FollowerInfo.java:lambda$new$0(50)) - omNode-3->omNode-1: nextIndex: updateUnconditionally 0 -> 0
2019-09-05 08:29:50,358 | INFO  | SCMAudit | user=jenkins1000 | ip=192.168.36.69 | op=SEND_HEARTBEAT {datanodeUUID=baa0ac9c-d259-45b0-b366-08e52759ad0f, command=[]} | ret=SUCCESS |  
2019-09-05 08:29:50,604 [grpc-default-executor-9] WARN  server.GrpcLogAppender (LogUtils.java:warn(134)) - omNode-3->omNode-2: Failed appendEntries: org.apache.ratis.thirdparty.io.grpc.StatusRuntimeException: UNAVAILABLE: io exception
2019-09-05 08:29:50,604 [grpc-default-executor-10] WARN  server.GrpcLogAppender (LogUtils.java:warn(134)) - omNode-3->omNode-1: Failed appendEntries: org.apache.ratis.thirdparty.io.grpc.StatusRuntimeException: UNAVAILABLE: io exception
2019-09-05 08:29:50,604 [grpc-default-executor-9] INFO  impl.FollowerInfo (FollowerInfo.java:lambda$new$0(50)) - omNode-3->omNode-2: nextIndex: updateUnconditionally 0 -> 0
2019-09-05 08:29:50,605 [grpc-default-executor-10] INFO  impl.FollowerInfo (FollowerInfo.java:lambda$new$0(50)) - omNode-3->omNode-1: nextIndex: updateUnconditionally 0 -> 0
2019-09-05 08:29:51,104 [grpc-default-executor-9] WARN  server.GrpcLogAppender (LogUtils.java:warn(134)) - omNode-3->omNode-2: Failed appendEntries: org.apache.ratis.thirdparty.io.grpc.StatusRuntimeException: UNAVAILABLE: io exception
2019-09-05 08:29:51,104 [grpc-default-executor-8] WARN  server.GrpcLogAppender (LogUtils.java:warn(134)) - omNode-3->omNode-1: Failed appendEntries: org.apache.ratis.thirdparty.io.grpc.StatusRuntimeException: UNAVAILABLE: io exception
2019-09-05 08:29:51,105 [grpc-default-executor-9] INFO  impl.FollowerInfo (FollowerInfo.java:lambda$new$0(50)) - omNode-3->omNode-2: nextIndex: updateUnconditionally 0 -> 0
2019-09-05 08:29:51,105 [grpc-default-executor-8] INFO  impl.FollowerInfo (FollowerInfo.java:lambda$new$0(50)) - omNode-3->omNode-1: nextIndex: updateUnconditionally 0 -> 0
2019-09-05 08:29:51,359 | INFO  | SCMAudit | user=jenkins1000 | ip=192.168.36.69 | op=SEND_HEARTBEAT {datanodeUUID=baa0ac9c-d259-45b0-b366-08e52759ad0f, command=[]} | ret=SUCCESS |  
2019-09-05 08:29:51,605 [grpc-default-executor-11] WARN  server.GrpcLogAppender (LogUtils.java:warn(134)) - omNode-3->omNode-2: Failed appendEntries: org.apache.ratis.thirdparty.io.grpc.StatusRuntimeException: UNAVAILABLE: io exception
2019-09-05 08:29:51,605 [grpc-default-executor-7] WARN  server.GrpcLogAppender (LogUtils.java:warn(134)) - omNode-3->omNode-1: Failed appendEntries: org.apache.ratis.thirdparty.io.grpc.StatusRuntimeException: UNAVAILABLE: io exception
2019-09-05 08:29:51,605 [grpc-default-executor-11] INFO  impl.FollowerInfo (FollowerInfo.java:lambda$new$0(50)) - omNode-3->omNode-2: nextIndex: updateUnconditionally 0 -> 0
2019-09-05 08:29:51,606 [grpc-default-executor-7] INFO  impl.FollowerInfo (FollowerInfo.java:lambda$new$0(50)) - omNode-3->omNode-1: nextIndex: updateUnconditionally 0 -> 0
2019-09-05 08:29:52,106 [grpc-default-executor-7] WARN  server.GrpcLogAppender (LogUtils.java:warn(134)) - omNode-3->omNode-1: Failed appendEntries: org.apache.ratis.thirdparty.io.grpc.StatusRuntimeException: UNAVAILABLE: io exception
2019-09-05 08:29:52,106 [grpc-default-executor-9] WARN  server.GrpcLogAppender (LogUtils.java:warn(134)) - omNode-3->omNode-2: Failed appendEntries: org.apache.ratis.thirdparty.io.grpc.StatusRuntimeException: UNAVAILABLE: io exception
2019-09-05 08:29:52,106 [grpc-default-executor-7] INFO  impl.FollowerInfo (FollowerInfo.java:lambda$new$0(50)) - omNode-3->omNode-1: nextIndex: updateUnconditionally 0 -> 0
2019-09-05 08:29:52,107 [grpc-default-executor-9] INFO  impl.FollowerInfo (FollowerInfo.java:lambda$new$0(50)) - omNode-3->omNode-2: nextIndex: updateUnconditionally 0 -> 0
2019-09-05 08:29:52,358 | INFO  | SCMAudit | user=jenkins1000 | ip=192.168.36.69 | op=SEND_HEARTBEAT {datanodeUUID=baa0ac9c-d259-45b0-b366-08e52759ad0f, command=[]} | ret=SUCCESS |  
2019-09-05 08:29:52,607 [grpc-default-executor-7] WARN  server.GrpcLogAppender (LogUtils.java:warn(134)) - omNode-3->omNode-1: Failed appendEntries: org.apache.ratis.thirdparty.io.grpc.StatusRuntimeException: UNAVAILABLE: io exception
2019-09-05 08:29:52,607 [grpc-default-executor-9] WARN  server.GrpcLogAppender (LogUtils.java:warn(134)) - omNode-3->omNode-2: Failed appendEntries: org.apache.ratis.thirdparty.io.grpc.StatusRuntimeException: UNAVAILABLE: io exception
2019-09-05 08:29:52,607 [grpc-default-executor-7] INFO  impl.FollowerInfo (FollowerInfo.java:lambda$new$0(50)) - omNode-3->omNode-1: nextIndex: updateUnconditionally 0 -> 0
2019-09-05 08:29:52,607 [grpc-default-executor-9] INFO  impl.FollowerInfo (FollowerInfo.java:lambda$new$0(50)) - omNode-3->omNode-2: nextIndex: updateUnconditionally 0 -> 0
2019-09-05 08:29:53,107 [grpc-default-executor-9] WARN  server.GrpcLogAppender (LogUtils.java:warn(134)) - omNode-3->omNode-1: Failed appendEntries: org.apache.ratis.thirdparty.io.grpc.StatusRuntimeException: UNAVAILABLE: io exception
2019-09-05 08:29:53,107 [grpc-default-executor-7] WARN  server.GrpcLogAppender (LogUtils.java:warn(134)) - omNode-3->omNode-2: Failed appendEntries: org.apache.ratis.thirdparty.io.grpc.StatusRuntimeException: UNAVAILABLE: io exception
2019-09-05 08:29:53,108 [grpc-default-executor-9] INFO  impl.FollowerInfo (FollowerInfo.java:lambda$new$0(50)) - omNode-3->omNode-1: nextIndex: updateUnconditionally 0 -> 0
2019-09-05 08:29:53,108 [grpc-default-executor-7] INFO  impl.FollowerInfo (FollowerInfo.java:lambda$new$0(50)) - omNode-3->omNode-2: nextIndex: updateUnconditionally 0 -> 0
2019-09-05 08:29:53,359 | INFO  | SCMAudit | user=jenkins1000 | ip=192.168.36.69 | op=SEND_HEARTBEAT {datanodeUUID=baa0ac9c-d259-45b0-b366-08e52759ad0f, command=[]} | ret=SUCCESS |  
2019-09-05 08:29:53,609 [grpc-default-executor-7] WARN  server.GrpcLogAppender (LogUtils.java:warn(134)) - omNode-3->omNode-2: Failed appendEntries: org.apache.ratis.thirdparty.io.grpc.StatusRuntimeException: UNAVAILABLE: io exception
2019-09-05 08:29:53,609 [grpc-default-executor-8] WARN  server.GrpcLogAppender (LogUtils.java:warn(134)) - omNode-3->omNode-1: Failed appendEntries: org.apache.ratis.thirdparty.io.grpc.StatusRuntimeException: UNAVAILABLE: io exception
2019-09-05 08:29:53,609 [grpc-default-executor-7] INFO  impl.FollowerInfo (FollowerInfo.java:lambda$new$0(50)) - omNode-3->omNode-2: nextIndex: updateUnconditionally 0 -> 0
2019-09-05 08:29:53,609 [grpc-default-executor-8] INFO  impl.FollowerInfo (FollowerInfo.java:lambda$new$0(50)) - omNode-3->omNode-1: nextIndex: updateUnconditionally 0 -> 0
2019-09-05 08:29:54,109 [grpc-default-executor-7] WARN  server.GrpcLogAppender (LogUtils.java:warn(134)) - omNode-3->omNode-1: Failed appendEntries: org.apache.ratis.thirdparty.io.grpc.StatusRuntimeException: UNAVAILABLE: io exception
2019-09-05 08:29:54,109 [grpc-default-executor-9] WARN  server.GrpcLogAppender (LogUtils.java:warn(134)) - omNode-3->omNode-2: Failed appendEntries: org.apache.ratis.thirdparty.io.grpc.StatusRuntimeException: UNAVAILABLE: io exception
2019-09-05 08:29:54,110 [grpc-default-executor-7] INFO  impl.FollowerInfo (FollowerInfo.java:lambda$new$0(50)) - omNode-3->omNode-1: nextIndex: updateUnconditionally 0 -> 0
2019-09-05 08:29:54,110 [grpc-default-executor-9] INFO  impl.FollowerInfo (FollowerInfo.java:lambda$new$0(50)) - omNode-3->omNode-2: nextIndex: updateUnconditionally 0 -> 0
2019-09-05 08:29:54,359 | INFO  | SCMAudit | user=jenkins1000 | ip=192.168.36.69 | op=SEND_HEARTBEAT {datanodeUUID=baa0ac9c-d259-45b0-b366-08e52759ad0f, command=[]} | ret=SUCCESS |  
2019-09-05 08:29:54,610 [grpc-default-executor-7] WARN  server.GrpcLogAppender (LogUtils.java:warn(134)) - omNode-3->omNode-1: Failed appendEntries: org.apache.ratis.thirdparty.io.grpc.StatusRuntimeException: UNAVAILABLE: io exception
2019-09-05 08:29:54,610 [grpc-default-executor-9] WARN  server.GrpcLogAppender (LogUtils.java:warn(134)) - omNode-3->omNode-2: Failed appendEntries: org.apache.ratis.thirdparty.io.grpc.StatusRuntimeException: UNAVAILABLE: io exception
2019-09-05 08:29:54,611 [grpc-default-executor-7] INFO  impl.FollowerInfo (FollowerInfo.java:lambda$new$0(50)) - omNode-3->omNode-1: nextIndex: updateUnconditionally 0 -> 0
2019-09-05 08:29:54,611 [grpc-default-executor-9] INFO  impl.FollowerInfo (FollowerInfo.java:lambda$new$0(50)) - omNode-3->omNode-2: nextIndex: updateUnconditionally 0 -> 0
2019-09-05 08:29:55,111 [grpc-default-executor-11] WARN  server.GrpcLogAppender (LogUtils.java:warn(134)) - omNode-3->omNode-1: Failed appendEntries: org.apache.ratis.thirdparty.io.grpc.StatusRuntimeException: UNAVAILABLE: io exception
2019-09-05 08:29:55,111 [grpc-default-executor-10] WARN  server.GrpcLogAppender (LogUtils.java:warn(134)) - omNode-3->omNode-2: Failed appendEntries: org.apache.ratis.thirdparty.io.grpc.StatusRuntimeException: UNAVAILABLE: io exception
2019-09-05 08:29:55,111 [grpc-default-executor-11] INFO  impl.FollowerInfo (FollowerInfo.java:lambda$new$0(50)) - omNode-3->omNode-1: nextIndex: updateUnconditionally 0 -> 0
2019-09-05 08:29:55,111 [grpc-default-executor-10] INFO  impl.FollowerInfo (FollowerInfo.java:lambda$new$0(50)) - omNode-3->omNode-2: nextIndex: updateUnconditionally 0 -> 0
2019-09-05 08:29:55,359 | INFO  | SCMAudit | user=jenkins1000 | ip=192.168.36.69 | op=SEND_HEARTBEAT {datanodeUUID=baa0ac9c-d259-45b0-b366-08e52759ad0f, command=[]} | ret=SUCCESS |  
2019-09-05 08:29:55,611 [grpc-default-executor-8] WARN  server.GrpcLogAppender (LogUtils.java:warn(134)) - omNode-3->omNode-2: Failed appendEntries: org.apache.ratis.thirdparty.io.grpc.StatusRuntimeException: UNAVAILABLE: io exception
2019-09-05 08:29:55,611 [grpc-default-executor-11] WARN  server.GrpcLogAppender (LogUtils.java:warn(134)) - omNode-3->omNode-1: Failed appendEntries: org.apache.ratis.thirdparty.io.grpc.StatusRuntimeException: UNAVAILABLE: io exception
2019-09-05 08:29:55,612 [grpc-default-executor-8] INFO  impl.FollowerInfo (FollowerInfo.java:lambda$new$0(50)) - omNode-3->omNode-2: nextIndex: updateUnconditionally 0 -> 0
2019-09-05 08:29:55,612 [grpc-default-executor-11] INFO  impl.FollowerInfo (FollowerInfo.java:lambda$new$0(50)) - omNode-3->omNode-1: nextIndex: updateUnconditionally 0 -> 0
2019-09-05 08:29:56,112 [grpc-default-executor-11] WARN  server.GrpcLogAppender (LogUtils.java:warn(134)) - omNode-3->omNode-2: Failed appendEntries: org.apache.ratis.thirdparty.io.grpc.StatusRuntimeException: UNAVAILABLE: io exception
2019-09-05 08:29:56,112 [grpc-default-executor-7] WARN  server.GrpcLogAppender (LogUtils.java:warn(134)) - omNode-3->omNode-1: Failed appendEntries: org.apache.ratis.thirdparty.io.grpc.StatusRuntimeException: UNAVAILABLE: io exception
2019-09-05 08:29:56,113 [grpc-default-executor-11] INFO  impl.FollowerInfo (FollowerInfo.java:lambda$new$0(50)) - omNode-3->omNode-2: nextIndex: updateUnconditionally 0 -> 0
2019-09-05 08:29:56,113 [grpc-default-executor-7] INFO  impl.FollowerInfo (FollowerInfo.java:lambda$new$0(50)) - omNode-3->omNode-1: nextIndex: updateUnconditionally 0 -> 0
2019-09-05 08:29:56,358 | INFO  | SCMAudit | user=jenkins1000 | ip=192.168.36.69 | op=SEND_HEARTBEAT {datanodeUUID=baa0ac9c-d259-45b0-b366-08e52759ad0f, command=[]} | ret=SUCCESS |  
2019-09-05 08:29:56,613 [grpc-default-executor-11] WARN  server.GrpcLogAppender (LogUtils.java:warn(134)) - omNode-3->omNode-1: Failed appendEntries: org.apache.ratis.thirdparty.io.grpc.StatusRuntimeException: UNAVAILABLE: io exception
2019-09-05 08:29:56,613 [grpc-default-executor-7] WARN  server.GrpcLogAppender (LogUtils.java:warn(134)) - omNode-3->omNode-2: Failed appendEntries: org.apache.ratis.thirdparty.io.grpc.StatusRuntimeException: UNAVAILABLE: io exception
2019-09-05 08:29:56,613 [grpc-default-executor-11] INFO  impl.FollowerInfo (FollowerInfo.java:lambda$new$0(50)) - omNode-3->omNode-1: nextIndex: updateUnconditionally 0 -> 0
2019-09-05 08:29:56,613 [grpc-default-executor-7] INFO  impl.FollowerInfo (FollowerInfo.java:lambda$new$0(50)) - omNode-3->omNode-2: nextIndex: updateUnconditionally 0 -> 0
2019-09-05 08:29:57,113 [grpc-default-executor-7] WARN  server.GrpcLogAppender (LogUtils.java:warn(134)) - omNode-3->omNode-2: Failed appendEntries: org.apache.ratis.thirdparty.io.grpc.StatusRuntimeException: UNAVAILABLE: io exception
2019-09-05 08:29:57,113 [grpc-default-executor-8] WARN  server.GrpcLogAppender (LogUtils.java:warn(134)) - omNode-3->omNode-1: Failed appendEntries: org.apache.ratis.thirdparty.io.grpc.StatusRuntimeException: UNAVAILABLE: io exception
2019-09-05 08:29:57,113 [grpc-default-executor-7] INFO  impl.FollowerInfo (FollowerInfo.java:lambda$new$0(50)) - omNode-3->omNode-2: nextIndex: updateUnconditionally 0 -> 0
2019-09-05 08:29:57,113 [grpc-default-executor-8] INFO  impl.FollowerInfo (FollowerInfo.java:lambda$new$0(50)) - omNode-3->omNode-1: nextIndex: updateUnconditionally 0 -> 0
2019-09-05 08:29:57,360 | INFO  | SCMAudit | user=jenkins1000 | ip=192.168.36.69 | op=SEND_HEARTBEAT {datanodeUUID=baa0ac9c-d259-45b0-b366-08e52759ad0f, command=[]} | ret=SUCCESS |  
2019-09-05 08:29:57,614 [grpc-default-executor-8] WARN  server.GrpcLogAppender (LogUtils.java:warn(134)) - omNode-3->omNode-1: Failed appendEntries: org.apache.ratis.thirdparty.io.grpc.StatusRuntimeException: UNAVAILABLE: io exception
2019-09-05 08:29:57,614 [grpc-default-executor-10] WARN  server.GrpcLogAppender (LogUtils.java:warn(134)) - omNode-3->omNode-2: Failed appendEntries: org.apache.ratis.thirdparty.io.grpc.StatusRuntimeException: UNAVAILABLE: io exception
2019-09-05 08:29:57,614 [grpc-default-executor-8] INFO  impl.FollowerInfo (FollowerInfo.java:lambda$new$0(50)) - omNode-3->omNode-1: nextIndex: updateUnconditionally 0 -> 0
2019-09-05 08:29:57,615 [grpc-default-executor-10] INFO  impl.FollowerInfo (FollowerInfo.java:lambda$new$0(50)) - omNode-3->omNode-2: nextIndex: updateUnconditionally 0 -> 0
2019-09-05 08:29:58,115 [grpc-default-executor-8] WARN  server.GrpcLogAppender (LogUtils.java:warn(134)) - omNode-3->omNode-2: Failed appendEntries: org.apache.ratis.thirdparty.io.grpc.StatusRuntimeException: UNAVAILABLE: io exception
2019-09-05 08:29:58,115 [grpc-default-executor-11] WARN  server.GrpcLogAppender (LogUtils.java:warn(134)) - omNode-3->omNode-1: Failed appendEntries: org.apache.ratis.thirdparty.io.grpc.StatusRuntimeException: UNAVAILABLE: io exception
2019-09-05 08:29:58,116 [grpc-default-executor-8] INFO  impl.FollowerInfo (FollowerInfo.java:lambda$new$0(50)) - omNode-3->omNode-2: nextIndex: updateUnconditionally 0 -> 0
2019-09-05 08:29:58,116 [grpc-default-executor-11] INFO  impl.FollowerInfo (FollowerInfo.java:lambda$new$0(50)) - omNode-3->omNode-1: nextIndex: updateUnconditionally 0 -> 0
2019-09-05 08:29:58,361 | INFO  | SCMAudit | user=jenkins1000 | ip=192.168.36.69 | op=SEND_HEARTBEAT {datanodeUUID=baa0ac9c-d259-45b0-b366-08e52759ad0f, command=[]} | ret=SUCCESS |  
2019-09-05 08:29:58,615 [grpc-default-executor-8] WARN  server.GrpcLogAppender (LogUtils.java:warn(134)) - omNode-3->omNode-2: Failed appendEntries: org.apache.ratis.thirdparty.io.grpc.StatusRuntimeException: UNAVAILABLE: io exception
2019-09-05 08:29:58,615 [grpc-default-executor-11] WARN  server.GrpcLogAppender (LogUtils.java:warn(134)) - omNode-3->omNode-1: Failed appendEntries: org.apache.ratis.thirdparty.io.grpc.StatusRuntimeException: UNAVAILABLE: io exception
2019-09-05 08:29:58,616 [grpc-default-executor-8] INFO  impl.FollowerInfo (FollowerInfo.java:lambda$new$0(50)) - omNode-3->omNode-2: nextIndex: updateUnconditionally 0 -> 0
2019-09-05 08:29:58,616 [grpc-default-executor-11] INFO  impl.FollowerInfo (FollowerInfo.java:lambda$new$0(50)) - omNode-3->omNode-1: nextIndex: updateUnconditionally 0 -> 0
2019-09-05 08:29:59,116 [grpc-default-executor-8] WARN  server.GrpcLogAppender (LogUtils.java:warn(134)) - omNode-3->omNode-2: Failed appendEntries: org.apache.ratis.thirdparty.io.grpc.StatusRuntimeException: UNAVAILABLE: io exception
2019-09-05 08:29:59,116 [grpc-default-executor-11] WARN  server.GrpcLogAppender (LogUtils.java:warn(134)) - omNode-3->omNode-1: Failed appendEntries: org.apache.ratis.thirdparty.io.grpc.StatusRuntimeException: UNAVAILABLE: io exception
2019-09-05 08:29:59,116 [grpc-default-executor-8] INFO  impl.FollowerInfo (FollowerInfo.java:lambda$new$0(50)) - omNode-3->omNode-2: nextIndex: updateUnconditionally 0 -> 0
2019-09-05 08:29:59,117 [grpc-default-executor-11] INFO  impl.FollowerInfo (FollowerInfo.java:lambda$new$0(50)) - omNode-3->omNode-1: nextIndex: updateUnconditionally 0 -> 0
2019-09-05 08:29:59,361 | INFO  | SCMAudit | user=jenkins1000 | ip=192.168.36.69 | op=SEND_HEARTBEAT {datanodeUUID=baa0ac9c-d259-45b0-b366-08e52759ad0f, command=[]} | ret=SUCCESS |  
2019-09-05 08:29:59,618 [grpc-default-executor-8] WARN  server.GrpcLogAppender (LogUtils.java:warn(134)) - omNode-3->omNode-2: Failed appendEntries: org.apache.ratis.thirdparty.io.grpc.StatusRuntimeException: UNAVAILABLE: io exception
2019-09-05 08:29:59,618 [grpc-default-executor-7] WARN  server.GrpcLogAppender (LogUtils.java:warn(134)) - omNode-3->omNode-1: Failed appendEntries: org.apache.ratis.thirdparty.io.grpc.StatusRuntimeException: UNAVAILABLE: io exception
2019-09-05 08:29:59,619 [grpc-default-executor-8] INFO  impl.FollowerInfo (FollowerInfo.java:lambda$new$0(50)) - omNode-3->omNode-2: nextIndex: updateUnconditionally 0 -> 0
2019-09-05 08:29:59,619 [grpc-default-executor-7] INFO  impl.FollowerInfo (FollowerInfo.java:lambda$new$0(50)) - omNode-3->omNode-1: nextIndex: updateUnconditionally 0 -> 0
2019-09-05 08:30:00,118 [grpc-default-executor-9] WARN  server.GrpcLogAppender (LogUtils.java:warn(134)) - omNode-3->omNode-1: Failed appendEntries: org.apache.ratis.thirdparty.io.grpc.StatusRuntimeException: UNAVAILABLE: io exception
2019-09-05 08:30:00,119 [grpc-default-executor-7] WARN  server.GrpcLogAppender (LogUtils.java:warn(134)) - omNode-3->omNode-2: Failed appendEntries: org.apache.ratis.thirdparty.io.grpc.StatusRuntimeException: UNAVAILABLE: io exception
2019-09-05 08:30:00,119 [grpc-default-executor-9] INFO  impl.FollowerInfo (FollowerInfo.java:lambda$new$0(50)) - omNode-3->omNode-1: nextIndex: updateUnconditionally 0 -> 0
2019-09-05 08:30:00,119 [grpc-default-executor-7] INFO  impl.FollowerInfo (FollowerInfo.java:lambda$new$0(50)) - omNode-3->omNode-2: nextIndex: updateUnconditionally 0 -> 0
2019-09-05 08:30:00,362 | INFO  | SCMAudit | user=jenkins1000 | ip=192.168.36.69 | op=SEND_HEARTBEAT {datanodeUUID=baa0ac9c-d259-45b0-b366-08e52759ad0f, command=[]} | ret=SUCCESS |  
2019-09-05 08:30:00,619 [grpc-default-executor-9] WARN  server.GrpcLogAppender (LogUtils.java:warn(134)) - omNode-3->omNode-1: Failed appendEntries: org.apache.ratis.thirdparty.io.grpc.StatusRuntimeException: UNAVAILABLE: io exception
2019-09-05 08:30:00,619 [grpc-default-executor-10] WARN  server.GrpcLogAppender (LogUtils.java:warn(134)) - omNode-3->omNode-2: Failed appendEntries: org.apache.ratis.thirdparty.io.grpc.StatusRuntimeException: UNAVAILABLE: io exception
2019-09-05 08:30:00,619 [grpc-default-executor-9] INFO  impl.FollowerInfo (FollowerInfo.java:lambda$new$0(50)) - omNode-3->omNode-1: nextIndex: updateUnconditionally 0 -> 0
2019-09-05 08:30:00,620 [grpc-default-executor-10] INFO  impl.FollowerInfo (FollowerInfo.java:lambda$new$0(50)) - omNode-3->omNode-2: nextIndex: updateUnconditionally 0 -> 0
2019-09-05 08:30:01,120 [grpc-default-executor-10] WARN  server.GrpcLogAppender (LogUtils.java:warn(134)) - omNode-3->omNode-1: Failed appendEntries: org.apache.ratis.thirdparty.io.grpc.StatusRuntimeException: UNAVAILABLE: io exception
2019-09-05 08:30:01,120 [grpc-default-executor-9] WARN  server.GrpcLogAppender (LogUtils.java:warn(134)) - omNode-3->omNode-2: Failed appendEntries: org.apache.ratis.thirdparty.io.grpc.StatusRuntimeException: UNAVAILABLE: io exception
2019-09-05 08:30:01,120 [grpc-default-executor-10] INFO  impl.FollowerInfo (FollowerInfo.java:lambda$new$0(50)) - omNode-3->omNode-1: nextIndex: updateUnconditionally 0 -> 0
2019-09-05 08:30:01,120 [grpc-default-executor-9] INFO  impl.FollowerInfo (FollowerInfo.java:lambda$new$0(50)) - omNode-3->omNode-2: nextIndex: updateUnconditionally 0 -> 0
2019-09-05 08:30:01,366 | INFO  | SCMAudit | user=jenkins1000 | ip=192.168.36.69 | op=SEND_HEARTBEAT {datanodeUUID=baa0ac9c-d259-45b0-b366-08e52759ad0f, command=[]} | ret=SUCCESS |  
2019-09-05 08:30:01,621 [grpc-default-executor-8] WARN  server.GrpcLogAppender (LogUtils.java:warn(134)) - omNode-3->omNode-1: Failed appendEntries: org.apache.ratis.thirdparty.io.grpc.StatusRuntimeException: UNAVAILABLE: io exception
2019-09-05 08:30:01,621 [grpc-default-executor-7] WARN  server.GrpcLogAppender (LogUtils.java:warn(134)) - omNode-3->omNode-2: Failed appendEntries: org.apache.ratis.thirdparty.io.grpc.StatusRuntimeException: UNAVAILABLE: io exception
2019-09-05 08:30:01,622 [grpc-default-executor-8] INFO  impl.FollowerInfo (FollowerInfo.java:lambda$new$0(50)) - omNode-3->omNode-1: nextIndex: updateUnconditionally 0 -> 0
2019-09-05 08:30:01,622 [grpc-default-executor-7] INFO  impl.FollowerInfo (FollowerInfo.java:lambda$new$0(50)) - omNode-3->omNode-2: nextIndex: updateUnconditionally 0 -> 0
2019-09-05 08:30:02,122 [grpc-default-executor-11] WARN  server.GrpcLogAppender (LogUtils.java:warn(134)) - omNode-3->omNode-1: Failed appendEntries: org.apache.ratis.thirdparty.io.grpc.StatusRuntimeException: UNAVAILABLE: io exception
2019-09-05 08:30:02,122 [grpc-default-executor-10] WARN  server.GrpcLogAppender (LogUtils.java:warn(134)) - omNode-3->omNode-2: Failed appendEntries: org.apache.ratis.thirdparty.io.grpc.StatusRuntimeException: UNAVAILABLE: io exception
2019-09-05 08:30:02,122 [grpc-default-executor-11] INFO  impl.FollowerInfo (FollowerInfo.java:lambda$new$0(50)) - omNode-3->omNode-1: nextIndex: updateUnconditionally 0 -> 0
2019-09-05 08:30:02,122 [grpc-default-executor-10] INFO  impl.FollowerInfo (FollowerInfo.java:lambda$new$0(50)) - omNode-3->omNode-2: nextIndex: updateUnconditionally 0 -> 0
2019-09-05 08:30:02,361 | INFO  | SCMAudit | user=jenkins1000 | ip=192.168.36.69 | op=SEND_HEARTBEAT {datanodeUUID=baa0ac9c-d259-45b0-b366-08e52759ad0f, command=[]} | ret=SUCCESS |  
2019-09-05 08:30:02,622 [grpc-default-executor-10] WARN  server.GrpcLogAppender (LogUtils.java:warn(134)) - omNode-3->omNode-1: Failed appendEntries: org.apache.ratis.thirdparty.io.grpc.StatusRuntimeException: UNAVAILABLE: io exception
2019-09-05 08:30:02,622 [grpc-default-executor-11] WARN  server.GrpcLogAppender (LogUtils.java:warn(134)) - omNode-3->omNode-2: Failed appendEntries: org.apache.ratis.thirdparty.io.grpc.StatusRuntimeException: UNAVAILABLE: io exception
2019-09-05 08:30:02,622 [grpc-default-executor-10] INFO  impl.FollowerInfo (FollowerInfo.java:lambda$new$0(50)) - omNode-3->omNode-1: nextIndex: updateUnconditionally 0 -> 0
2019-09-05 08:30:02,623 [grpc-default-executor-11] INFO  impl.FollowerInfo (FollowerInfo.java:lambda$new$0(50)) - omNode-3->omNode-2: nextIndex: updateUnconditionally 0 -> 0
2019-09-05 08:30:03,123 [grpc-default-executor-9] WARN  server.GrpcLogAppender (LogUtils.java:warn(134)) - omNode-3->omNode-2: Failed appendEntries: org.apache.ratis.thirdparty.io.grpc.StatusRuntimeException: UNAVAILABLE: io exception
2019-09-05 08:30:03,123 [grpc-default-executor-7] WARN  server.GrpcLogAppender (LogUtils.java:warn(134)) - omNode-3->omNode-1: Failed appendEntries: org.apache.ratis.thirdparty.io.grpc.StatusRuntimeException: UNAVAILABLE: io exception
2019-09-05 08:30:03,123 [grpc-default-executor-9] INFO  impl.FollowerInfo (FollowerInfo.java:lambda$new$0(50)) - omNode-3->omNode-2: nextIndex: updateUnconditionally 0 -> 0
2019-09-05 08:30:03,124 [grpc-default-executor-7] INFO  impl.FollowerInfo (FollowerInfo.java:lambda$new$0(50)) - omNode-3->omNode-1: nextIndex: updateUnconditionally 0 -> 0
2019-09-05 08:30:03,361 | INFO  | SCMAudit | user=jenkins1000 | ip=192.168.36.69 | op=SEND_HEARTBEAT {datanodeUUID=baa0ac9c-d259-45b0-b366-08e52759ad0f, command=[]} | ret=SUCCESS |  
2019-09-05 08:30:03,628 [grpc-default-executor-8] WARN  server.GrpcLogAppender (LogUtils.java:warn(134)) - omNode-3->omNode-2: Failed appendEntries: org.apache.ratis.thirdparty.io.grpc.StatusRuntimeException: UNAVAILABLE: io exception
2019-09-05 08:30:03,628 [grpc-default-executor-7] WARN  server.GrpcLogAppender (LogUtils.java:warn(134)) - omNode-3->omNode-1: Failed appendEntries: org.apache.ratis.thirdparty.io.grpc.StatusRuntimeException: UNAVAILABLE: io exception
2019-09-05 08:30:03,629 [grpc-default-executor-8] INFO  impl.FollowerInfo (FollowerInfo.java:lambda$new$0(50)) - omNode-3->omNode-2: nextIndex: updateUnconditionally 0 -> 0
2019-09-05 08:30:03,629 [grpc-default-executor-7] INFO  impl.FollowerInfo (FollowerInfo.java:lambda$new$0(50)) - omNode-3->omNode-1: nextIndex: updateUnconditionally 0 -> 0
2019-09-05 08:30:04,126 [grpc-default-executor-11] WARN  server.GrpcLogAppender (LogUtils.java:warn(134)) - omNode-3->omNode-1: Failed appendEntries: org.apache.ratis.thirdparty.io.grpc.StatusRuntimeException: UNAVAILABLE: io exception
2019-09-05 08:30:04,126 [grpc-default-executor-9] WARN  server.GrpcLogAppender (LogUtils.java:warn(134)) - omNode-3->omNode-2: Failed appendEntries: org.apache.ratis.thirdparty.io.grpc.StatusRuntimeException: UNAVAILABLE: io exception
2019-09-05 08:30:04,127 [grpc-default-executor-11] INFO  impl.FollowerInfo (FollowerInfo.java:lambda$new$0(50)) - omNode-3->omNode-1: nextIndex: updateUnconditionally 0 -> 0
2019-09-05 08:30:04,127 [grpc-default-executor-9] INFO  impl.FollowerInfo (FollowerInfo.java:lambda$new$0(50)) - omNode-3->omNode-2: nextIndex: updateUnconditionally 0 -> 0
2019-09-05 08:30:04,361 | INFO  | SCMAudit | user=jenkins1000 | ip=192.168.36.69 | op=SEND_HEARTBEAT {datanodeUUID=baa0ac9c-d259-45b0-b366-08e52759ad0f, command=[]} | ret=SUCCESS |  
2019-09-05 08:30:04,627 [grpc-default-executor-7] WARN  server.GrpcLogAppender (LogUtils.java:warn(134)) - omNode-3->omNode-2: Failed appendEntries: org.apache.ratis.thirdparty.io.grpc.StatusRuntimeException: UNAVAILABLE: io exception
2019-09-05 08:30:04,627 [grpc-default-executor-11] WARN  server.GrpcLogAppender (LogUtils.java:warn(134)) - omNode-3->omNode-1: Failed appendEntries: org.apache.ratis.thirdparty.io.grpc.StatusRuntimeException: UNAVAILABLE: io exception
2019-09-05 08:30:04,627 [grpc-default-executor-7] INFO  impl.FollowerInfo (FollowerInfo.java:lambda$new$0(50)) - omNode-3->omNode-2: nextIndex: updateUnconditionally 0 -> 0
2019-09-05 08:30:04,628 [grpc-default-executor-11] INFO  impl.FollowerInfo (FollowerInfo.java:lambda$new$0(50)) - omNode-3->omNode-1: nextIndex: updateUnconditionally 0 -> 0
2019-09-05 08:30:05,127 [grpc-default-executor-11] WARN  server.GrpcLogAppender (LogUtils.java:warn(134)) - omNode-3->omNode-2: Failed appendEntries: org.apache.ratis.thirdparty.io.grpc.StatusRuntimeException: UNAVAILABLE: io exception
2019-09-05 08:30:05,127 [grpc-default-executor-9] WARN  server.GrpcLogAppender (LogUtils.java:warn(134)) - omNode-3->omNode-1: Failed appendEntries: org.apache.ratis.thirdparty.io.grpc.StatusRuntimeException: UNAVAILABLE: io exception
2019-09-05 08:30:05,127 [grpc-default-executor-11] INFO  impl.FollowerInfo (FollowerInfo.java:lambda$new$0(50)) - omNode-3->omNode-2: nextIndex: updateUnconditionally 0 -> 0
2019-09-05 08:30:05,128 [grpc-default-executor-9] INFO  impl.FollowerInfo (FollowerInfo.java:lambda$new$0(50)) - omNode-3->omNode-1: nextIndex: updateUnconditionally 0 -> 0
2019-09-05 08:30:05,361 | INFO  | SCMAudit | user=jenkins1000 | ip=192.168.36.69 | op=SEND_HEARTBEAT {datanodeUUID=baa0ac9c-d259-45b0-b366-08e52759ad0f, command=[]} | ret=SUCCESS |  
2019-09-05 08:30:05,628 [grpc-default-executor-8] WARN  server.GrpcLogAppender (LogUtils.java:warn(134)) - omNode-3->omNode-1: Failed appendEntries: org.apache.ratis.thirdparty.io.grpc.StatusRuntimeException: UNAVAILABLE: io exception
2019-09-05 08:30:05,628 [grpc-default-executor-7] WARN  server.GrpcLogAppender (LogUtils.java:warn(134)) - omNode-3->omNode-2: Failed appendEntries: org.apache.ratis.thirdparty.io.grpc.StatusRuntimeException: UNAVAILABLE: io exception
2019-09-05 08:30:05,629 [grpc-default-executor-8] INFO  impl.FollowerInfo (FollowerInfo.java:lambda$new$0(50)) - omNode-3->omNode-1: nextIndex: updateUnconditionally 0 -> 0
2019-09-05 08:30:05,629 [grpc-default-executor-7] INFO  impl.FollowerInfo (FollowerInfo.java:lambda$new$0(50)) - omNode-3->omNode-2: nextIndex: updateUnconditionally 0 -> 0
2019-09-05 08:30:06,128 [grpc-default-executor-10] WARN  server.GrpcLogAppender (LogUtils.java:warn(134)) - omNode-3->omNode-2: Failed appendEntries: org.apache.ratis.thirdparty.io.grpc.StatusRuntimeException: UNAVAILABLE: io exception
2019-09-05 08:30:06,128 [grpc-default-executor-8] WARN  server.GrpcLogAppender (LogUtils.java:warn(134)) - omNode-3->omNode-1: Failed appendEntries: org.apache.ratis.thirdparty.io.grpc.StatusRuntimeException: UNAVAILABLE: io exception
2019-09-05 08:30:06,129 [grpc-default-executor-10] INFO  impl.FollowerInfo (FollowerInfo.java:lambda$new$0(50)) - omNode-3->omNode-2: nextIndex: updateUnconditionally 0 -> 0
2019-09-05 08:30:06,129 [grpc-default-executor-8] INFO  impl.FollowerInfo (FollowerInfo.java:lambda$new$0(50)) - omNode-3->omNode-1: nextIndex: updateUnconditionally 0 -> 0
2019-09-05 08:30:06,361 | INFO  | SCMAudit | user=jenkins1000 | ip=192.168.36.69 | op=SEND_HEARTBEAT {datanodeUUID=baa0ac9c-d259-45b0-b366-08e52759ad0f, command=[]} | ret=SUCCESS |  
2019-09-05 08:30:06,629 [grpc-default-executor-8] WARN  server.GrpcLogAppender (LogUtils.java:warn(134)) - omNode-3->omNode-1: Failed appendEntries: org.apache.ratis.thirdparty.io.grpc.StatusRuntimeException: UNAVAILABLE: io exception
2019-09-05 08:30:06,629 [grpc-default-executor-9] WARN  server.GrpcLogAppender (LogUtils.java:warn(134)) - omNode-3->omNode-2: Failed appendEntries: org.apache.ratis.thirdparty.io.grpc.StatusRuntimeException: UNAVAILABLE: io exception
2019-09-05 08:30:06,630 [grpc-default-executor-8] INFO  impl.FollowerInfo (FollowerInfo.java:lambda$new$0(50)) - omNode-3->omNode-1: nextIndex: updateUnconditionally 0 -> 0
2019-09-05 08:30:06,630 [grpc-default-executor-9] INFO  impl.FollowerInfo (FollowerInfo.java:lambda$new$0(50)) - omNode-3->omNode-2: nextIndex: updateUnconditionally 0 -> 0
2019-09-05 08:30:07,130 [grpc-default-executor-10] WARN  server.GrpcLogAppender (LogUtils.java:warn(134)) - omNode-3->omNode-2: Failed appendEntries: org.apache.ratis.thirdparty.io.grpc.StatusRuntimeException: UNAVAILABLE: io exception
2019-09-05 08:30:07,130 [grpc-default-executor-11] WARN  server.GrpcLogAppender (LogUtils.java:warn(134)) - omNode-3->omNode-1: Failed appendEntries: org.apache.ratis.thirdparty.io.grpc.StatusRuntimeException: UNAVAILABLE: io exception
2019-09-05 08:30:07,130 [grpc-default-executor-10] INFO  impl.FollowerInfo (FollowerInfo.java:lambda$new$0(50)) - omNode-3->omNode-2: nextIndex: updateUnconditionally 0 -> 0
2019-09-05 08:30:07,130 [grpc-default-executor-11] INFO  impl.FollowerInfo (FollowerInfo.java:lambda$new$0(50)) - omNode-3->omNode-1: nextIndex: updateUnconditionally 0 -> 0
2019-09-05 08:30:07,362 | INFO  | SCMAudit | user=jenkins1000 | ip=192.168.36.69 | op=SEND_HEARTBEAT {datanodeUUID=baa0ac9c-d259-45b0-b366-08e52759ad0f, command=[]} | ret=SUCCESS |  
2019-09-05 08:30:07,631 [grpc-default-executor-11] WARN  server.GrpcLogAppender (LogUtils.java:warn(134)) - omNode-3->omNode-1: Failed appendEntries: org.apache.ratis.thirdparty.io.grpc.StatusRuntimeException: UNAVAILABLE: io exception
2019-09-05 08:30:07,631 [grpc-default-executor-10] WARN  server.GrpcLogAppender (LogUtils.java:warn(134)) - omNode-3->omNode-2: Failed appendEntries: org.apache.ratis.thirdparty.io.grpc.StatusRuntimeException: UNAVAILABLE: io exception
2019-09-05 08:30:07,631 [grpc-default-executor-11] INFO  impl.FollowerInfo (FollowerInfo.java:lambda$new$0(50)) - omNode-3->omNode-1: nextIndex: updateUnconditionally 0 -> 0
2019-09-05 08:30:07,631 [grpc-default-executor-10] INFO  impl.FollowerInfo (FollowerInfo.java:lambda$new$0(50)) - omNode-3->omNode-2: nextIndex: updateUnconditionally 0 -> 0
2019-09-05 08:30:08,131 [grpc-default-executor-9] WARN  server.GrpcLogAppender (LogUtils.java:warn(134)) - omNode-3->omNode-1: Failed appendEntries: org.apache.ratis.thirdparty.io.grpc.StatusRuntimeException: UNAVAILABLE: io exception
2019-09-05 08:30:08,132 [grpc-default-executor-8] WARN  server.GrpcLogAppender (LogUtils.java:warn(134)) - omNode-3->omNode-2: Failed appendEntries: org.apache.ratis.thirdparty.io.grpc.StatusRuntimeException: UNAVAILABLE: io exception
2019-09-05 08:30:08,132 [grpc-default-executor-9] INFO  impl.FollowerInfo (FollowerInfo.java:lambda$new$0(50)) - omNode-3->omNode-1: nextIndex: updateUnconditionally 0 -> 0
2019-09-05 08:30:08,132 [grpc-default-executor-8] INFO  impl.FollowerInfo (FollowerInfo.java:lambda$new$0(50)) - omNode-3->omNode-2: nextIndex: updateUnconditionally 0 -> 0
2019-09-05 08:30:08,362 | INFO  | SCMAudit | user=jenkins1000 | ip=192.168.36.69 | op=SEND_HEARTBEAT {datanodeUUID=baa0ac9c-d259-45b0-b366-08e52759ad0f, command=[]} | ret=SUCCESS |  
2019-09-05 08:30:08,632 [grpc-default-executor-7] WARN  server.GrpcLogAppender (LogUtils.java:warn(134)) - omNode-3->omNode-2: Failed appendEntries: org.apache.ratis.thirdparty.io.grpc.StatusRuntimeException: UNAVAILABLE: io exception
2019-09-05 08:30:08,632 [grpc-default-executor-4] WARN  server.GrpcLogAppender (LogUtils.java:warn(134)) - omNode-3->omNode-1: Failed appendEntries: org.apache.ratis.thirdparty.io.grpc.StatusRuntimeException: UNAVAILABLE: io exception
2019-09-05 08:30:08,632 [grpc-default-executor-7] INFO  impl.FollowerInfo (FollowerInfo.java:lambda$new$0(50)) - omNode-3->omNode-2: nextIndex: updateUnconditionally 0 -> 0
2019-09-05 08:30:08,633 [grpc-default-executor-4] INFO  impl.FollowerInfo (FollowerInfo.java:lambda$new$0(50)) - omNode-3->omNode-1: nextIndex: updateUnconditionally 0 -> 0
2019-09-05 08:30:09,133 [grpc-default-executor-4] WARN  server.GrpcLogAppender (LogUtils.java:warn(134)) - omNode-3->omNode-2: Failed appendEntries: org.apache.ratis.thirdparty.io.grpc.StatusRuntimeException: UNAVAILABLE: io exception
2019-09-05 08:30:09,133 [grpc-default-executor-11] WARN  server.GrpcLogAppender (LogUtils.java:warn(134)) - omNode-3->omNode-1: Failed appendEntries: org.apache.ratis.thirdparty.io.grpc.StatusRuntimeException: UNAVAILABLE: io exception
2019-09-05 08:30:09,133 [grpc-default-executor-4] INFO  impl.FollowerInfo (FollowerInfo.java:lambda$new$0(50)) - omNode-3->omNode-2: nextIndex: updateUnconditionally 0 -> 0
2019-09-05 08:30:09,133 [grpc-default-executor-11] INFO  impl.FollowerInfo (FollowerInfo.java:lambda$new$0(50)) - omNode-3->omNode-1: nextIndex: updateUnconditionally 0 -> 0
2019-09-05 08:30:09,362 | INFO  | SCMAudit | user=jenkins1000 | ip=192.168.36.69 | op=SEND_HEARTBEAT {datanodeUUID=baa0ac9c-d259-45b0-b366-08e52759ad0f, command=[]} | ret=SUCCESS |  
2019-09-05 08:30:09,634 [grpc-default-executor-9] WARN  server.GrpcLogAppender (LogUtils.java:warn(134)) - omNode-3->omNode-1: Failed appendEntries: org.apache.ratis.thirdparty.io.grpc.StatusRuntimeException: UNAVAILABLE: io exception
2019-09-05 08:30:09,634 [grpc-default-executor-4] WARN  server.GrpcLogAppender (LogUtils.java:warn(134)) - omNode-3->omNode-2: Failed appendEntries: org.apache.ratis.thirdparty.io.grpc.StatusRuntimeException: UNAVAILABLE: io exception
2019-09-05 08:30:09,634 [grpc-default-executor-9] INFO  impl.FollowerInfo (FollowerInfo.java:lambda$new$0(50)) - omNode-3->omNode-1: nextIndex: updateUnconditionally 0 -> 0
2019-09-05 08:30:09,635 [grpc-default-executor-4] INFO  impl.FollowerInfo (FollowerInfo.java:lambda$new$0(50)) - omNode-3->omNode-2: nextIndex: updateUnconditionally 0 -> 0
2019-09-05 08:30:10,134 [grpc-default-executor-4] WARN  server.GrpcLogAppender (LogUtils.java:warn(134)) - omNode-3->omNode-2: Failed appendEntries: org.apache.ratis.thirdparty.io.grpc.StatusRuntimeException: UNAVAILABLE: io exception
2019-09-05 08:30:10,134 [grpc-default-executor-9] WARN  server.GrpcLogAppender (LogUtils.java:warn(134)) - omNode-3->omNode-1: Failed appendEntries: org.apache.ratis.thirdparty.io.grpc.StatusRuntimeException: UNAVAILABLE: io exception
2019-09-05 08:30:10,135 [grpc-default-executor-4] INFO  impl.FollowerInfo (FollowerInfo.java:lambda$new$0(50)) - omNode-3->omNode-2: nextIndex: updateUnconditionally 0 -> 0
2019-09-05 08:30:10,135 [grpc-default-executor-9] INFO  impl.FollowerInfo (FollowerInfo.java:lambda$new$0(50)) - omNode-3->omNode-1: nextIndex: updateUnconditionally 0 -> 0
2019-09-05 08:30:10,362 | INFO  | SCMAudit | user=jenkins1000 | ip=192.168.36.69 | op=SEND_HEARTBEAT {datanodeUUID=baa0ac9c-d259-45b0-b366-08e52759ad0f, command=[]} | ret=SUCCESS |  
2019-09-05 08:30:10,635 [grpc-default-executor-4] WARN  server.GrpcLogAppender (LogUtils.java:warn(134)) - omNode-3->omNode-1: Failed appendEntries: org.apache.ratis.thirdparty.io.grpc.StatusRuntimeException: UNAVAILABLE: io exception
2019-09-05 08:30:10,635 [grpc-default-executor-9] WARN  server.GrpcLogAppender (LogUtils.java:warn(134)) - omNode-3->omNode-2: Failed appendEntries: org.apache.ratis.thirdparty.io.grpc.StatusRuntimeException: UNAVAILABLE: io exception
2019-09-05 08:30:10,636 [grpc-default-executor-4] INFO  impl.FollowerInfo (FollowerInfo.java:lambda$new$0(50)) - omNode-3->omNode-1: nextIndex: updateUnconditionally 0 -> 0
2019-09-05 08:30:10,636 [grpc-default-executor-9] INFO  impl.FollowerInfo (FollowerInfo.java:lambda$new$0(50)) - omNode-3->omNode-2: nextIndex: updateUnconditionally 0 -> 0
2019-09-05 08:30:11,135 [grpc-default-executor-11] WARN  server.GrpcLogAppender (LogUtils.java:warn(134)) - omNode-3->omNode-2: Failed appendEntries: org.apache.ratis.thirdparty.io.grpc.StatusRuntimeException: UNAVAILABLE: io exception
2019-09-05 08:30:11,135 [grpc-default-executor-4] WARN  server.GrpcLogAppender (LogUtils.java:warn(134)) - omNode-3->omNode-1: Failed appendEntries: org.apache.ratis.thirdparty.io.grpc.StatusRuntimeException: UNAVAILABLE: io exception
2019-09-05 08:30:11,136 [grpc-default-executor-11] INFO  impl.FollowerInfo (FollowerInfo.java:lambda$new$0(50)) - omNode-3->omNode-2: nextIndex: updateUnconditionally 0 -> 0
2019-09-05 08:30:11,136 [grpc-default-executor-4] INFO  impl.FollowerInfo (FollowerInfo.java:lambda$new$0(50)) - omNode-3->omNode-1: nextIndex: updateUnconditionally 0 -> 0
2019-09-05 08:30:11,363 | INFO  | SCMAudit | user=jenkins1000 | ip=192.168.36.69 | op=SEND_HEARTBEAT {datanodeUUID=baa0ac9c-d259-45b0-b366-08e52759ad0f, command=[]} | ret=SUCCESS |  
2019-09-05 08:30:11,636 [grpc-default-executor-11] WARN  server.GrpcLogAppender (LogUtils.java:warn(134)) - omNode-3->omNode-2: Failed appendEntries: org.apache.ratis.thirdparty.io.grpc.StatusRuntimeException: UNAVAILABLE: io exception
2019-09-05 08:30:11,636 [grpc-default-executor-4] WARN  server.GrpcLogAppender (LogUtils.java:warn(134)) - omNode-3->omNode-1: Failed appendEntries: org.apache.ratis.thirdparty.io.grpc.StatusRuntimeException: UNAVAILABLE: io exception
2019-09-05 08:30:11,637 [grpc-default-executor-11] INFO  impl.FollowerInfo (FollowerInfo.java:lambda$new$0(50)) - omNode-3->omNode-2: nextIndex: updateUnconditionally 0 -> 0
2019-09-05 08:30:11,637 [grpc-default-executor-4] INFO  impl.FollowerInfo (FollowerInfo.java:lambda$new$0(50)) - omNode-3->omNode-1: nextIndex: updateUnconditionally 0 -> 0
2019-09-05 08:30:12,137 [grpc-default-executor-10] WARN  server.GrpcLogAppender (LogUtils.java:warn(134)) - omNode-3->omNode-1: Failed appendEntries: org.apache.ratis.thirdparty.io.grpc.StatusRuntimeException: UNAVAILABLE: io exception
2019-09-05 08:30:12,137 [grpc-default-executor-11] WARN  server.GrpcLogAppender (LogUtils.java:warn(134)) - omNode-3->omNode-2: Failed appendEntries: org.apache.ratis.thirdparty.io.grpc.StatusRuntimeException: UNAVAILABLE: io exception
2019-09-05 08:30:12,138 [grpc-default-executor-10] INFO  impl.FollowerInfo (FollowerInfo.java:lambda$new$0(50)) - omNode-3->omNode-1: nextIndex: updateUnconditionally 0 -> 0
2019-09-05 08:30:12,138 [grpc-default-executor-11] INFO  impl.FollowerInfo (FollowerInfo.java:lambda$new$0(50)) - omNode-3->omNode-2: nextIndex: updateUnconditionally 0 -> 0
2019-09-05 08:30:12,362 | INFO  | SCMAudit | user=jenkins1000 | ip=192.168.36.69 | op=SEND_HEARTBEAT {datanodeUUID=baa0ac9c-d259-45b0-b366-08e52759ad0f, command=[]} | ret=SUCCESS |  
2019-09-05 08:30:12,638 [grpc-default-executor-9] WARN  server.GrpcLogAppender (LogUtils.java:warn(134)) - omNode-3->omNode-1: Failed appendEntries: org.apache.ratis.thirdparty.io.grpc.StatusRuntimeException: UNAVAILABLE: io exception
2019-09-05 08:30:12,638 [grpc-default-executor-7] WARN  server.GrpcLogAppender (LogUtils.java:warn(134)) - omNode-3->omNode-2: Failed appendEntries: org.apache.ratis.thirdparty.io.grpc.StatusRuntimeException: UNAVAILABLE: io exception
2019-09-05 08:30:12,638 [grpc-default-executor-9] INFO  impl.FollowerInfo (FollowerInfo.java:lambda$new$0(50)) - omNode-3->omNode-1: nextIndex: updateUnconditionally 0 -> 0
2019-09-05 08:30:12,638 [grpc-default-executor-7] INFO  impl.FollowerInfo (FollowerInfo.java:lambda$new$0(50)) - omNode-3->omNode-2: nextIndex: updateUnconditionally 0 -> 0
2019-09-05 08:30:13,139 [grpc-default-executor-4] WARN  server.GrpcLogAppender (LogUtils.java:warn(134)) - omNode-3->omNode-1: Failed appendEntries: org.apache.ratis.thirdparty.io.grpc.StatusRuntimeException: UNAVAILABLE: io exception
2019-09-05 08:30:13,139 [grpc-default-executor-7] WARN  server.GrpcLogAppender (LogUtils.java:warn(134)) - omNode-3->omNode-2: Failed appendEntries: org.apache.ratis.thirdparty.io.grpc.StatusRuntimeException: UNAVAILABLE: io exception
2019-09-05 08:30:13,139 [grpc-default-executor-4] INFO  impl.FollowerInfo (FollowerInfo.java:lambda$new$0(50)) - omNode-3->omNode-1: nextIndex: updateUnconditionally 0 -> 0
2019-09-05 08:30:13,139 [grpc-default-executor-7] INFO  impl.FollowerInfo (FollowerInfo.java:lambda$new$0(50)) - omNode-3->omNode-2: nextIndex: updateUnconditionally 0 -> 0
2019-09-05 08:30:13,364 | INFO  | SCMAudit | user=jenkins1000 | ip=192.168.36.69 | op=SEND_HEARTBEAT {datanodeUUID=baa0ac9c-d259-45b0-b366-08e52759ad0f, command=[]} | ret=SUCCESS |  
2019-09-05 08:30:13,639 [grpc-default-executor-10] WARN  server.GrpcLogAppender (LogUtils.java:warn(134)) - omNode-3->omNode-1: Failed appendEntries: org.apache.ratis.thirdparty.io.grpc.StatusRuntimeException: UNAVAILABLE: io exception
2019-09-05 08:30:13,639 [grpc-default-executor-7] WARN  server.GrpcLogAppender (LogUtils.java:warn(134)) - omNode-3->omNode-2: Failed appendEntries: org.apache.ratis.thirdparty.io.grpc.StatusRuntimeException: UNAVAILABLE: io exception
2019-09-05 08:30:13,640 [grpc-default-executor-10] INFO  impl.FollowerInfo (FollowerInfo.java:lambda$new$0(50)) - omNode-3->omNode-1: nextIndex: updateUnconditionally 0 -> 0
2019-09-05 08:30:13,640 [grpc-default-executor-7] INFO  impl.FollowerInfo (FollowerInfo.java:lambda$new$0(50)) - omNode-3->omNode-2: nextIndex: updateUnconditionally 0 -> 0
2019-09-05 08:30:14,140 [grpc-default-executor-11] WARN  server.GrpcLogAppender (LogUtils.java:warn(134)) - omNode-3->omNode-1: Failed appendEntries: org.apache.ratis.thirdparty.io.grpc.StatusRuntimeException: UNAVAILABLE: io exception
2019-09-05 08:30:14,140 [grpc-default-executor-7] WARN  server.GrpcLogAppender (LogUtils.java:warn(134)) - omNode-3->omNode-2: Failed appendEntries: org.apache.ratis.thirdparty.io.grpc.StatusRuntimeException: UNAVAILABLE: io exception
2019-09-05 08:30:14,141 [grpc-default-executor-11] INFO  impl.FollowerInfo (FollowerInfo.java:lambda$new$0(50)) - omNode-3->omNode-1: nextIndex: updateUnconditionally 0 -> 0
2019-09-05 08:30:14,141 [grpc-default-executor-7] INFO  impl.FollowerInfo (FollowerInfo.java:lambda$new$0(50)) - omNode-3->omNode-2: nextIndex: updateUnconditionally 0 -> 0
2019-09-05 08:30:14,363 | INFO  | SCMAudit | user=jenkins1000 | ip=192.168.36.69 | op=SEND_HEARTBEAT {datanodeUUID=baa0ac9c-d259-45b0-b366-08e52759ad0f, command=[]} | ret=SUCCESS |  
2019-09-05 08:30:14,641 [grpc-default-executor-7] WARN  server.GrpcLogAppender (LogUtils.java:warn(134)) - omNode-3->omNode-1: Failed appendEntries: org.apache.ratis.thirdparty.io.grpc.StatusRuntimeException: UNAVAILABLE: io exception
2019-09-05 08:30:14,641 [grpc-default-executor-11] WARN  server.GrpcLogAppender (LogUtils.java:warn(134)) - omNode-3->omNode-2: Failed appendEntries: org.apache.ratis.thirdparty.io.grpc.StatusRuntimeException: UNAVAILABLE: io exception
2019-09-05 08:30:14,641 [grpc-default-executor-7] INFO  impl.FollowerInfo (FollowerInfo.java:lambda$new$0(50)) - omNode-3->omNode-1: nextIndex: updateUnconditionally 0 -> 0
2019-09-05 08:30:14,642 [grpc-default-executor-11] INFO  impl.FollowerInfo (FollowerInfo.java:lambda$new$0(50)) - omNode-3->omNode-2: nextIndex: updateUnconditionally 0 -> 0
2019-09-05 08:30:15,142 [grpc-default-executor-10] WARN  server.GrpcLogAppender (LogUtils.java:warn(134)) - omNode-3->omNode-1: Failed appendEntries: org.apache.ratis.thirdparty.io.grpc.StatusRuntimeException: UNAVAILABLE: io exception
2019-09-05 08:30:15,142 [grpc-default-executor-9] WARN  server.GrpcLogAppender (LogUtils.java:warn(134)) - omNode-3->omNode-2: Failed appendEntries: org.apache.ratis.thirdparty.io.grpc.StatusRuntimeException: UNAVAILABLE: io exception
2019-09-05 08:30:15,142 [grpc-default-executor-10] INFO  impl.FollowerInfo (FollowerInfo.java:lambda$new$0(50)) - omNode-3->omNode-1: nextIndex: updateUnconditionally 0 -> 0
2019-09-05 08:30:15,142 [grpc-default-executor-9] INFO  impl.FollowerInfo (FollowerInfo.java:lambda$new$0(50)) - omNode-3->omNode-2: nextIndex: updateUnconditionally 0 -> 0
2019-09-05 08:30:15,363 | INFO  | SCMAudit | user=jenkins1000 | ip=192.168.36.69 | op=SEND_HEARTBEAT {datanodeUUID=baa0ac9c-d259-45b0-b366-08e52759ad0f, command=[]} | ret=SUCCESS |  
2019-09-05 08:30:15,643 [grpc-default-executor-11] WARN  server.GrpcLogAppender (LogUtils.java:warn(134)) - omNode-3->omNode-1: Failed appendEntries: org.apache.ratis.thirdparty.io.grpc.StatusRuntimeException: UNAVAILABLE: io exception
2019-09-05 08:30:15,643 [grpc-default-executor-10] WARN  server.GrpcLogAppender (LogUtils.java:warn(134)) - omNode-3->omNode-2: Failed appendEntries: org.apache.ratis.thirdparty.io.grpc.StatusRuntimeException: UNAVAILABLE: io exception
2019-09-05 08:30:15,643 [grpc-default-executor-11] INFO  impl.FollowerInfo (FollowerInfo.java:lambda$new$0(50)) - omNode-3->omNode-1: nextIndex: updateUnconditionally 0 -> 0
2019-09-05 08:30:15,643 [grpc-default-executor-10] INFO  impl.FollowerInfo (FollowerInfo.java:lambda$new$0(50)) - omNode-3->omNode-2: nextIndex: updateUnconditionally 0 -> 0
2019-09-05 08:30:16,143 [grpc-default-executor-4] WARN  server.GrpcLogAppender (LogUtils.java:warn(134)) - omNode-3->omNode-1: Failed appendEntries: org.apache.ratis.thirdparty.io.grpc.StatusRuntimeException: UNAVAILABLE: io exception
2019-09-05 08:30:16,143 [grpc-default-executor-8] WARN  server.GrpcLogAppender (LogUtils.java:warn(134)) - omNode-3->omNode-2: Failed appendEntries: org.apache.ratis.thirdparty.io.grpc.StatusRuntimeException: UNAVAILABLE: io exception
2019-09-05 08:30:16,144 [grpc-default-executor-4] INFO  impl.FollowerInfo (FollowerInfo.java:lambda$new$0(50)) - omNode-3->omNode-1: nextIndex: updateUnconditionally 0 -> 0
2019-09-05 08:30:16,144 [grpc-default-executor-8] INFO  impl.FollowerInfo (FollowerInfo.java:lambda$new$0(50)) - omNode-3->omNode-2: nextIndex: updateUnconditionally 0 -> 0
2019-09-05 08:30:16,364 | INFO  | SCMAudit | user=jenkins1000 | ip=192.168.36.69 | op=SEND_HEARTBEAT {datanodeUUID=baa0ac9c-d259-45b0-b366-08e52759ad0f, command=[]} | ret=SUCCESS |  
2019-09-05 08:30:16,644 [grpc-default-executor-4] WARN  server.GrpcLogAppender (LogUtils.java:warn(134)) - omNode-3->omNode-2: Failed appendEntries: org.apache.ratis.thirdparty.io.grpc.StatusRuntimeException: UNAVAILABLE: io exception
2019-09-05 08:30:16,644 [grpc-default-executor-10] WARN  server.GrpcLogAppender (LogUtils.java:warn(134)) - omNode-3->omNode-1: Failed appendEntries: org.apache.ratis.thirdparty.io.grpc.StatusRuntimeException: UNAVAILABLE: io exception
2019-09-05 08:30:16,645 [grpc-default-executor-4] INFO  impl.FollowerInfo (FollowerInfo.java:lambda$new$0(50)) - omNode-3->omNode-2: nextIndex: updateUnconditionally 0 -> 0
2019-09-05 08:30:16,645 [grpc-default-executor-10] INFO  impl.FollowerInfo (FollowerInfo.java:lambda$new$0(50)) - omNode-3->omNode-1: nextIndex: updateUnconditionally 0 -> 0
2019-09-05 08:30:17,145 [grpc-default-executor-11] WARN  server.GrpcLogAppender (LogUtils.java:warn(134)) - omNode-3->omNode-2: Failed appendEntries: org.apache.ratis.thirdparty.io.grpc.StatusRuntimeException: UNAVAILABLE: io exception
2019-09-05 08:30:17,145 [grpc-default-executor-10] WARN  server.GrpcLogAppender (LogUtils.java:warn(134)) - omNode-3->omNode-1: Failed appendEntries: org.apache.ratis.thirdparty.io.grpc.StatusRuntimeException: UNAVAILABLE: io exception
2019-09-05 08:30:17,145 [grpc-default-executor-11] INFO  impl.FollowerInfo (FollowerInfo.java:lambda$new$0(50)) - omNode-3->omNode-2: nextIndex: updateUnconditionally 0 -> 0
2019-09-05 08:30:17,146 [grpc-default-executor-10] INFO  impl.FollowerInfo (FollowerInfo.java:lambda$new$0(50)) - omNode-3->omNode-1: nextIndex: updateUnconditionally 0 -> 0
2019-09-05 08:30:17,363 | INFO  | SCMAudit | user=jenkins1000 | ip=192.168.36.69 | op=SEND_HEARTBEAT {datanodeUUID=baa0ac9c-d259-45b0-b366-08e52759ad0f, command=[]} | ret=SUCCESS |  
2019-09-05 08:30:17,645 [grpc-default-executor-9] WARN  server.GrpcLogAppender (LogUtils.java:warn(134)) - omNode-3->omNode-1: Failed appendEntries: org.apache.ratis.thirdparty.io.grpc.StatusRuntimeException: UNAVAILABLE: io exception
2019-09-05 08:30:17,645 [grpc-default-executor-10] WARN  server.GrpcLogAppender (LogUtils.java:warn(134)) - omNode-3->omNode-2: Failed appendEntries: org.apache.ratis.thirdparty.io.grpc.StatusRuntimeException: UNAVAILABLE: io exception
2019-09-05 08:30:17,646 [grpc-default-executor-9] INFO  impl.FollowerInfo (FollowerInfo.java:lambda$new$0(50)) - omNode-3->omNode-1: nextIndex: updateUnconditionally 0 -> 0
2019-09-05 08:30:17,646 [grpc-default-executor-10] INFO  impl.FollowerInfo (FollowerInfo.java:lambda$new$0(50)) - omNode-3->omNode-2: nextIndex: updateUnconditionally 0 -> 0
2019-09-05 08:30:18,146 [grpc-default-executor-4] WARN  server.GrpcLogAppender (LogUtils.java:warn(134)) - omNode-3->omNode-2: Failed appendEntries: org.apache.ratis.thirdparty.io.grpc.StatusRuntimeException: UNAVAILABLE: io exception
2019-09-05 08:30:18,146 [grpc-default-executor-7] WARN  server.GrpcLogAppender (LogUtils.java:warn(134)) - omNode-3->omNode-1: Failed appendEntries: org.apache.ratis.thirdparty.io.grpc.StatusRuntimeException: UNAVAILABLE: io exception
2019-09-05 08:30:18,146 [grpc-default-executor-4] INFO  impl.FollowerInfo (FollowerInfo.java:lambda$new$0(50)) - omNode-3->omNode-2: nextIndex: updateUnconditionally 0 -> 0
2019-09-05 08:30:18,146 [grpc-default-executor-7] INFO  impl.FollowerInfo (FollowerInfo.java:lambda$new$0(50)) - omNode-3->omNode-1: nextIndex: updateUnconditionally 0 -> 0
2019-09-05 08:30:18,363 | INFO  | SCMAudit | user=jenkins1000 | ip=192.168.36.69 | op=SEND_HEARTBEAT {datanodeUUID=baa0ac9c-d259-45b0-b366-08e52759ad0f, command=[]} | ret=SUCCESS |  
2019-09-05 08:30:18,646 [grpc-default-executor-7] WARN  server.GrpcLogAppender (LogUtils.java:warn(134)) - omNode-3->omNode-1: Failed appendEntries: org.apache.ratis.thirdparty.io.grpc.StatusRuntimeException: UNAVAILABLE: io exception
2019-09-05 08:30:18,646 [grpc-default-executor-9] WARN  server.GrpcLogAppender (LogUtils.java:warn(134)) - omNode-3->omNode-2: Failed appendEntries: org.apache.ratis.thirdparty.io.grpc.StatusRuntimeException: UNAVAILABLE: io exception
2019-09-05 08:30:18,646 [grpc-default-executor-7] INFO  impl.FollowerInfo (FollowerInfo.java:lambda$new$0(50)) - omNode-3->omNode-1: nextIndex: updateUnconditionally 0 -> 0
2019-09-05 08:30:18,646 [grpc-default-executor-9] INFO  impl.FollowerInfo (FollowerInfo.java:lambda$new$0(50)) - omNode-3->omNode-2: nextIndex: updateUnconditionally 0 -> 0
2019-09-05 08:30:19,147 [grpc-default-executor-7] WARN  server.GrpcLogAppender (LogUtils.java:warn(134)) - omNode-3->omNode-2: Failed appendEntries: org.apache.ratis.thirdparty.io.grpc.StatusRuntimeException: UNAVAILABLE: io exception
2019-09-05 08:30:19,147 [grpc-default-executor-4] WARN  server.GrpcLogAppender (LogUtils.java:warn(134)) - omNode-3->omNode-1: Failed appendEntries: org.apache.ratis.thirdparty.io.grpc.StatusRuntimeException: UNAVAILABLE: io exception
2019-09-05 08:30:19,147 [grpc-default-executor-7] INFO  impl.FollowerInfo (FollowerInfo.java:lambda$new$0(50)) - omNode-3->omNode-2: nextIndex: updateUnconditionally 0 -> 0
2019-09-05 08:30:19,147 [grpc-default-executor-4] INFO  impl.FollowerInfo (FollowerInfo.java:lambda$new$0(50)) - omNode-3->omNode-1: nextIndex: updateUnconditionally 0 -> 0
2019-09-05 08:30:19,363 | INFO  | SCMAudit | user=jenkins1000 | ip=192.168.36.69 | op=SEND_HEARTBEAT {datanodeUUID=baa0ac9c-d259-45b0-b366-08e52759ad0f, command=[]} | ret=SUCCESS |  
2019-09-05 08:30:19,648 [grpc-default-executor-8] WARN  server.GrpcLogAppender (LogUtils.java:warn(134)) - omNode-3->omNode-2: Failed appendEntries: org.apache.ratis.thirdparty.io.grpc.StatusRuntimeException: UNAVAILABLE: io exception
2019-09-05 08:30:19,648 [grpc-default-executor-4] WARN  server.GrpcLogAppender (LogUtils.java:warn(134)) - omNode-3->omNode-1: Failed appendEntries: org.apache.ratis.thirdparty.io.grpc.StatusRuntimeException: UNAVAILABLE: io exception
2019-09-05 08:30:19,649 [grpc-default-executor-8] INFO  impl.FollowerInfo (FollowerInfo.java:lambda$new$0(50)) - omNode-3->omNode-2: nextIndex: updateUnconditionally 0 -> 0
2019-09-05 08:30:19,649 [grpc-default-executor-4] INFO  impl.FollowerInfo (FollowerInfo.java:lambda$new$0(50)) - omNode-3->omNode-1: nextIndex: updateUnconditionally 0 -> 0
2019-09-05 08:30:20,148 [grpc-default-executor-4] WARN  server.GrpcLogAppender (LogUtils.java:warn(134)) - omNode-3->omNode-2: Failed appendEntries: org.apache.ratis.thirdparty.io.grpc.StatusRuntimeException: UNAVAILABLE: io exception
2019-09-05 08:30:20,148 [grpc-default-executor-7] WARN  server.GrpcLogAppender (LogUtils.java:warn(134)) - omNode-3->omNode-1: Failed appendEntries: org.apache.ratis.thirdparty.io.grpc.StatusRuntimeException: UNAVAILABLE: io exception
2019-09-05 08:30:20,149 [grpc-default-executor-4] INFO  impl.FollowerInfo (FollowerInfo.java:lambda$new$0(50)) - omNode-3->omNode-2: nextIndex: updateUnconditionally 0 -> 0
2019-09-05 08:30:20,149 [grpc-default-executor-7] INFO  impl.FollowerInfo (FollowerInfo.java:lambda$new$0(50)) - omNode-3->omNode-1: nextIndex: updateUnconditionally 0 -> 0
2019-09-05 08:30:20,362 | INFO  | SCMAudit | user=jenkins1000 | ip=192.168.36.69 | op=SEND_HEARTBEAT {datanodeUUID=baa0ac9c-d259-45b0-b366-08e52759ad0f, command=[]} | ret=SUCCESS |  
2019-09-05 08:30:20,649 [grpc-default-executor-9] WARN  server.GrpcLogAppender (LogUtils.java:warn(134)) - omNode-3->omNode-2: Failed appendEntries: org.apache.ratis.thirdparty.io.grpc.StatusRuntimeException: UNAVAILABLE: io exception
2019-09-05 08:30:20,649 [grpc-default-executor-8] WARN  server.GrpcLogAppender (LogUtils.java:warn(134)) - omNode-3->omNode-1: Failed appendEntries: org.apache.ratis.thirdparty.io.grpc.StatusRuntimeException: UNAVAILABLE: io exception
2019-09-05 08:30:20,649 [grpc-default-executor-9] INFO  impl.FollowerInfo (FollowerInfo.java:lambda$new$0(50)) - omNode-3->omNode-2: nextIndex: updateUnconditionally 0 -> 0
2019-09-05 08:30:20,649 [grpc-default-executor-8] INFO  impl.FollowerInfo (FollowerInfo.java:lambda$new$0(50)) - omNode-3->omNode-1: nextIndex: updateUnconditionally 0 -> 0
2019-09-05 08:30:21,150 [grpc-default-executor-8] WARN  server.GrpcLogAppender (LogUtils.java:warn(134)) - omNode-3->omNode-2: Failed appendEntries: org.apache.ratis.thirdparty.io.grpc.StatusRuntimeException: UNAVAILABLE: io exception
2019-09-05 08:30:21,150 [grpc-default-executor-4] WARN  server.GrpcLogAppender (LogUtils.java:warn(134)) - omNode-3->omNode-1: Failed appendEntries: org.apache.ratis.thirdparty.io.grpc.StatusRuntimeException: UNAVAILABLE: io exception
2019-09-05 08:30:21,150 [grpc-default-executor-8] INFO  impl.FollowerInfo (FollowerInfo.java:lambda$new$0(50)) - omNode-3->omNode-2: nextIndex: updateUnconditionally 0 -> 0
2019-09-05 08:30:21,150 [grpc-default-executor-4] INFO  impl.FollowerInfo (FollowerInfo.java:lambda$new$0(50)) - omNode-3->omNode-1: nextIndex: updateUnconditionally 0 -> 0
2019-09-05 08:30:21,363 | INFO  | SCMAudit | user=jenkins1000 | ip=192.168.36.69 | op=SEND_HEARTBEAT {datanodeUUID=baa0ac9c-d259-45b0-b366-08e52759ad0f, command=[]} | ret=SUCCESS |  
2019-09-05 08:30:21,650 [grpc-default-executor-7] WARN  server.GrpcLogAppender (LogUtils.java:warn(134)) - omNode-3->omNode-1: Failed appendEntries: org.apache.ratis.thirdparty.io.grpc.StatusRuntimeException: UNAVAILABLE: io exception
2019-09-05 08:30:21,650 [grpc-default-executor-4] WARN  server.GrpcLogAppender (LogUtils.java:warn(134)) - omNode-3->omNode-2: Failed appendEntries: org.apache.ratis.thirdparty.io.grpc.StatusRuntimeException: UNAVAILABLE: io exception
2019-09-05 08:30:21,650 [grpc-default-executor-7] INFO  impl.FollowerInfo (FollowerInfo.java:lambda$new$0(50)) - omNode-3->omNode-1: nextIndex: updateUnconditionally 0 -> 0
2019-09-05 08:30:21,650 [grpc-default-executor-4] INFO  impl.FollowerInfo (FollowerInfo.java:lambda$new$0(50)) - omNode-3->omNode-2: nextIndex: updateUnconditionally 0 -> 0
2019-09-05 08:30:22,151 [grpc-default-executor-8] WARN  server.GrpcLogAppender (LogUtils.java:warn(134)) - omNode-3->omNode-2: Failed appendEntries: org.apache.ratis.thirdparty.io.grpc.StatusRuntimeException: UNAVAILABLE: io exception
2019-09-05 08:30:22,151 [grpc-default-executor-9] WARN  server.GrpcLogAppender (LogUtils.java:warn(134)) - omNode-3->omNode-1: Failed appendEntries: org.apache.ratis.thirdparty.io.grpc.StatusRuntimeException: UNAVAILABLE: io exception
2019-09-05 08:30:22,151 [grpc-default-executor-8] INFO  impl.FollowerInfo (FollowerInfo.java:lambda$new$0(50)) - omNode-3->omNode-2: nextIndex: updateUnconditionally 0 -> 0
2019-09-05 08:30:22,151 [grpc-default-executor-9] INFO  impl.FollowerInfo (FollowerInfo.java:lambda$new$0(50)) - omNode-3->omNode-1: nextIndex: updateUnconditionally 0 -> 0
2019-09-05 08:30:22,364 | INFO  | SCMAudit | user=jenkins1000 | ip=192.168.36.69 | op=SEND_HEARTBEAT {datanodeUUID=baa0ac9c-d259-45b0-b366-08e52759ad0f, command=[]} | ret=SUCCESS |  
2019-09-05 08:30:22,651 [grpc-default-executor-9] WARN  server.GrpcLogAppender (LogUtils.java:warn(134)) - omNode-3->omNode-1: Failed appendEntries: org.apache.ratis.thirdparty.io.grpc.StatusRuntimeException: UNAVAILABLE: io exception
2019-09-05 08:30:22,651 [grpc-default-executor-8] WARN  server.GrpcLogAppender (LogUtils.java:warn(134)) - omNode-3->omNode-2: Failed appendEntries: org.apache.ratis.thirdparty.io.grpc.StatusRuntimeException: UNAVAILABLE: io exception
2019-09-05 08:30:22,652 [grpc-default-executor-9] INFO  impl.FollowerInfo (FollowerInfo.java:lambda$new$0(50)) - omNode-3->omNode-1: nextIndex: updateUnconditionally 0 -> 0
2019-09-05 08:30:22,652 [grpc-default-executor-8] INFO  impl.FollowerInfo (FollowerInfo.java:lambda$new$0(50)) - omNode-3->omNode-2: nextIndex: updateUnconditionally 0 -> 0
2019-09-05 08:30:23,152 [grpc-default-executor-9] WARN  server.GrpcLogAppender (LogUtils.java:warn(134)) - omNode-3->omNode-2: Failed appendEntries: org.apache.ratis.thirdparty.io.grpc.StatusRuntimeException: UNAVAILABLE: io exception
2019-09-05 08:30:23,152 [grpc-default-executor-8] WARN  server.GrpcLogAppender (LogUtils.java:warn(134)) - omNode-3->omNode-1: Failed appendEntries: org.apache.ratis.thirdparty.io.grpc.StatusRuntimeException: UNAVAILABLE: io exception
2019-09-05 08:30:23,152 [grpc-default-executor-9] INFO  impl.FollowerInfo (FollowerInfo.java:lambda$new$0(50)) - omNode-3->omNode-2: nextIndex: updateUnconditionally 0 -> 0
2019-09-05 08:30:23,152 [grpc-default-executor-8] INFO  impl.FollowerInfo (FollowerInfo.java:lambda$new$0(50)) - omNode-3->omNode-1: nextIndex: updateUnconditionally 0 -> 0
2019-09-05 08:30:23,364 | INFO  | SCMAudit | user=jenkins1000 | ip=192.168.36.69 | op=SEND_HEARTBEAT {datanodeUUID=baa0ac9c-d259-45b0-b366-08e52759ad0f, command=[]} | ret=SUCCESS |  
2019-09-05 08:30:23,652 [grpc-default-executor-9] WARN  server.GrpcLogAppender (LogUtils.java:warn(134)) - omNode-3->omNode-1: Failed appendEntries: org.apache.ratis.thirdparty.io.grpc.StatusRuntimeException: UNAVAILABLE: io exception
2019-09-05 08:30:23,652 [grpc-default-executor-7] WARN  server.GrpcLogAppender (LogUtils.java:warn(134)) - omNode-3->omNode-2: Failed appendEntries: org.apache.ratis.thirdparty.io.grpc.StatusRuntimeException: UNAVAILABLE: io exception
2019-09-05 08:30:23,652 [grpc-default-executor-9] INFO  impl.FollowerInfo (FollowerInfo.java:lambda$new$0(50)) - omNode-3->omNode-1: nextIndex: updateUnconditionally 0 -> 0
2019-09-05 08:30:23,653 [grpc-default-executor-7] INFO  impl.FollowerInfo (FollowerInfo.java:lambda$new$0(50)) - omNode-3->omNode-2: nextIndex: updateUnconditionally 0 -> 0
2019-09-05 08:30:24,153 [grpc-default-executor-9] WARN  server.GrpcLogAppender (LogUtils.java:warn(134)) - omNode-3->omNode-2: Failed appendEntries: org.apache.ratis.thirdparty.io.grpc.StatusRuntimeException: UNAVAILABLE: io exception
2019-09-05 08:30:24,153 [grpc-default-executor-4] WARN  server.GrpcLogAppender (LogUtils.java:warn(134)) - omNode-3->omNode-1: Failed appendEntries: org.apache.ratis.thirdparty.io.grpc.StatusRuntimeException: UNAVAILABLE: io exception
2019-09-05 08:30:24,153 [grpc-default-executor-9] INFO  impl.FollowerInfo (FollowerInfo.java:lambda$new$0(50)) - omNode-3->omNode-2: nextIndex: updateUnconditionally 0 -> 0
2019-09-05 08:30:24,154 [grpc-default-executor-4] INFO  impl.FollowerInfo (FollowerInfo.java:lambda$new$0(50)) - omNode-3->omNode-1: nextIndex: updateUnconditionally 0 -> 0
2019-09-05 08:30:24,365 | INFO  | SCMAudit | user=jenkins1000 | ip=192.168.36.69 | op=SEND_HEARTBEAT {datanodeUUID=baa0ac9c-d259-45b0-b366-08e52759ad0f, command=[]} | ret=SUCCESS |  
2019-09-05 08:30:24,654 [grpc-default-executor-9] WARN  server.GrpcLogAppender (LogUtils.java:warn(134)) - omNode-3->omNode-1: Failed appendEntries: org.apache.ratis.thirdparty.io.grpc.StatusRuntimeException: UNAVAILABLE: io exception
2019-09-05 08:30:24,654 [grpc-default-executor-4] WARN  server.GrpcLogAppender (LogUtils.java:warn(134)) - omNode-3->omNode-2: Failed appendEntries: org.apache.ratis.thirdparty.io.grpc.StatusRuntimeException: UNAVAILABLE: io exception
2019-09-05 08:30:24,654 [grpc-default-executor-9] INFO  impl.FollowerInfo (FollowerInfo.java:lambda$new$0(50)) - omNode-3->omNode-1: nextIndex: updateUnconditionally 0 -> 0
2019-09-05 08:30:24,654 [grpc-default-executor-4] INFO  impl.FollowerInfo (FollowerInfo.java:lambda$new$0(50)) - omNode-3->omNode-2: nextIndex: updateUnconditionally 0 -> 0
2019-09-05 08:30:25,154 [grpc-default-executor-8] WARN  server.GrpcLogAppender (LogUtils.java:warn(134)) - omNode-3->omNode-1: Failed appendEntries: org.apache.ratis.thirdparty.io.grpc.StatusRuntimeException: UNAVAILABLE: io exception
2019-09-05 08:30:25,154 [grpc-default-executor-9] WARN  server.GrpcLogAppender (LogUtils.java:warn(134)) - omNode-3->omNode-2: Failed appendEntries: org.apache.ratis.thirdparty.io.grpc.StatusRuntimeException: UNAVAILABLE: io exception
2019-09-05 08:30:25,154 [grpc-default-executor-8] INFO  impl.FollowerInfo (FollowerInfo.java:lambda$new$0(50)) - omNode-3->omNode-1: nextIndex: updateUnconditionally 0 -> 0
2019-09-05 08:30:25,155 [grpc-default-executor-9] INFO  impl.FollowerInfo (FollowerInfo.java:lambda$new$0(50)) - omNode-3->omNode-2: nextIndex: updateUnconditionally 0 -> 0
2019-09-05 08:30:25,365 | INFO  | SCMAudit | user=jenkins1000 | ip=192.168.36.69 | op=SEND_HEARTBEAT {datanodeUUID=baa0ac9c-d259-45b0-b366-08e52759ad0f, command=[]} | ret=SUCCESS |  
2019-09-05 08:30:25,655 [grpc-default-executor-9] WARN  server.GrpcLogAppender (LogUtils.java:warn(134)) - omNode-3->omNode-1: Failed appendEntries: org.apache.ratis.thirdparty.io.grpc.StatusRuntimeException: UNAVAILABLE: io exception
2019-09-05 08:30:25,655 [grpc-default-executor-7] WARN  server.GrpcLogAppender (LogUtils.java:warn(134)) - omNode-3->omNode-2: Failed appendEntries: org.apache.ratis.thirdparty.io.grpc.StatusRuntimeException: UNAVAILABLE: io exception
2019-09-05 08:30:25,655 [grpc-default-executor-9] INFO  impl.FollowerInfo (FollowerInfo.java:lambda$new$0(50)) - omNode-3->omNode-1: nextIndex: updateUnconditionally 0 -> 0
2019-09-05 08:30:25,655 [grpc-default-executor-7] INFO  impl.FollowerInfo (FollowerInfo.java:lambda$new$0(50)) - omNode-3->omNode-2: nextIndex: updateUnconditionally 0 -> 0
2019-09-05 08:30:26,155 [grpc-default-executor-7] WARN  server.GrpcLogAppender (LogUtils.java:warn(134)) - omNode-3->omNode-1: Failed appendEntries: org.apache.ratis.thirdparty.io.grpc.StatusRuntimeException: UNAVAILABLE: io exception
2019-09-05 08:30:26,155 [grpc-default-executor-8] WARN  server.GrpcLogAppender (LogUtils.java:warn(134)) - omNode-3->omNode-2: Failed appendEntries: org.apache.ratis.thirdparty.io.grpc.StatusRuntimeException: UNAVAILABLE: io exception
2019-09-05 08:30:26,156 [grpc-default-executor-7] INFO  impl.FollowerInfo (FollowerInfo.java:lambda$new$0(50)) - omNode-3->omNode-1: nextIndex: updateUnconditionally 0 -> 0
2019-09-05 08:30:26,156 [grpc-default-executor-8] INFO  impl.FollowerInfo (FollowerInfo.java:lambda$new$0(50)) - omNode-3->omNode-2: nextIndex: updateUnconditionally 0 -> 0
2019-09-05 08:30:26,365 | INFO  | SCMAudit | user=jenkins1000 | ip=192.168.36.69 | op=SEND_HEARTBEAT {datanodeUUID=baa0ac9c-d259-45b0-b366-08e52759ad0f, command=[]} | ret=SUCCESS |  
2019-09-05 08:30:26,656 [grpc-default-executor-4] WARN  server.GrpcLogAppender (LogUtils.java:warn(134)) - omNode-3->omNode-1: Failed appendEntries: org.apache.ratis.thirdparty.io.grpc.StatusRuntimeException: UNAVAILABLE: io exception
2019-09-05 08:30:26,656 [grpc-default-executor-7] WARN  server.GrpcLogAppender (LogUtils.java:warn(134)) - omNode-3->omNode-2: Failed appendEntries: org.apache.ratis.thirdparty.io.grpc.StatusRuntimeException: UNAVAILABLE: io exception
2019-09-05 08:30:26,657 [grpc-default-executor-4] INFO  impl.FollowerInfo (FollowerInfo.java:lambda$new$0(50)) - omNode-3->omNode-1: nextIndex: updateUnconditionally 0 -> 0
2019-09-05 08:30:26,657 [grpc-default-executor-7] INFO  impl.FollowerInfo (FollowerInfo.java:lambda$new$0(50)) - omNode-3->omNode-2: nextIndex: updateUnconditionally 0 -> 0
2019-09-05 08:30:27,157 [grpc-default-executor-11] WARN  server.GrpcLogAppender (LogUtils.java:warn(134)) - omNode-3->omNode-2: Failed appendEntries: org.apache.ratis.thirdparty.io.grpc.StatusRuntimeException: UNAVAILABLE: io exception
2019-09-05 08:30:27,157 [grpc-default-executor-9] WARN  server.GrpcLogAppender (LogUtils.java:warn(134)) - omNode-3->omNode-1: Failed appendEntries: org.apache.ratis.thirdparty.io.grpc.StatusRuntimeException: UNAVAILABLE: io exception
2019-09-05 08:30:27,157 [grpc-default-executor-11] INFO  impl.FollowerInfo (FollowerInfo.java:lambda$new$0(50)) - omNode-3->omNode-2: nextIndex: updateUnconditionally 0 -> 0
2019-09-05 08:30:27,157 [grpc-default-executor-9] INFO  impl.FollowerInfo (FollowerInfo.java:lambda$new$0(50)) - omNode-3->omNode-1: nextIndex: updateUnconditionally 0 -> 0
2019-09-05 08:30:27,365 | INFO  | SCMAudit | user=jenkins1000 | ip=192.168.36.69 | op=SEND_HEARTBEAT {datanodeUUID=baa0ac9c-d259-45b0-b366-08e52759ad0f, command=[]} | ret=SUCCESS |  
2019-09-05 08:30:27,657 [grpc-default-executor-8] WARN  server.GrpcLogAppender (LogUtils.java:warn(134)) - omNode-3->omNode-1: Failed appendEntries: org.apache.ratis.thirdparty.io.grpc.StatusRuntimeException: UNAVAILABLE: io exception
2019-09-05 08:30:27,657 [grpc-default-executor-7] WARN  server.GrpcLogAppender (LogUtils.java:warn(134)) - omNode-3->omNode-2: Failed appendEntries: org.apache.ratis.thirdparty.io.grpc.StatusRuntimeException: UNAVAILABLE: io exception
2019-09-05 08:30:27,658 [grpc-default-executor-8] INFO  impl.FollowerInfo (FollowerInfo.java:lambda$new$0(50)) - omNode-3->omNode-1: nextIndex: updateUnconditionally 0 -> 0
2019-09-05 08:30:27,658 [grpc-default-executor-7] INFO  impl.FollowerInfo (FollowerInfo.java:lambda$new$0(50)) - omNode-3->omNode-2: nextIndex: updateUnconditionally 0 -> 0
2019-09-05 08:30:28,158 [grpc-default-executor-9] WARN  server.GrpcLogAppender (LogUtils.java:warn(134)) - omNode-3->omNode-2: Failed appendEntries: org.apache.ratis.thirdparty.io.grpc.StatusRuntimeException: UNAVAILABLE: io exception
2019-09-05 08:30:28,158 [grpc-default-executor-11] WARN  server.GrpcLogAppender (LogUtils.java:warn(134)) - omNode-3->omNode-1: Failed appendEntries: org.apache.ratis.thirdparty.io.grpc.StatusRuntimeException: UNAVAILABLE: io exception
2019-09-05 08:30:28,159 [grpc-default-executor-9] INFO  impl.FollowerInfo (FollowerInfo.java:lambda$new$0(50)) - omNode-3->omNode-2: nextIndex: updateUnconditionally 0 -> 0
2019-09-05 08:30:28,159 [grpc-default-executor-11] INFO  impl.FollowerInfo (FollowerInfo.java:lambda$new$0(50)) - omNode-3->omNode-1: nextIndex: updateUnconditionally 0 -> 0
2019-09-05 08:30:28,365 | INFO  | SCMAudit | user=jenkins1000 | ip=192.168.36.69 | op=SEND_HEARTBEAT {datanodeUUID=baa0ac9c-d259-45b0-b366-08e52759ad0f, command=[]} | ret=SUCCESS |  
2019-09-05 08:30:28,659 [grpc-default-executor-9] WARN  server.GrpcLogAppender (LogUtils.java:warn(134)) - omNode-3->omNode-2: Failed appendEntries: org.apache.ratis.thirdparty.io.grpc.StatusRuntimeException: UNAVAILABLE: io exception
2019-09-05 08:30:28,659 [grpc-default-executor-8] WARN  server.GrpcLogAppender (LogUtils.java:warn(134)) - omNode-3->omNode-1: Failed appendEntries: org.apache.ratis.thirdparty.io.grpc.StatusRuntimeException: UNAVAILABLE: io exception
2019-09-05 08:30:28,659 [grpc-default-executor-9] INFO  impl.FollowerInfo (FollowerInfo.java:lambda$new$0(50)) - omNode-3->omNode-2: nextIndex: updateUnconditionally 0 -> 0
2019-09-05 08:30:28,659 [grpc-default-executor-8] INFO  impl.FollowerInfo (FollowerInfo.java:lambda$new$0(50)) - omNode-3->omNode-1: nextIndex: updateUnconditionally 0 -> 0
2019-09-05 08:30:29,159 [grpc-default-executor-7] WARN  server.GrpcLogAppender (LogUtils.java:warn(134)) - omNode-3->omNode-2: Failed appendEntries: org.apache.ratis.thirdparty.io.grpc.StatusRuntimeException: UNAVAILABLE: io exception
2019-09-05 08:30:29,159 [grpc-default-executor-8] WARN  server.GrpcLogAppender (LogUtils.java:warn(134)) - omNode-3->omNode-1: Failed appendEntries: org.apache.ratis.thirdparty.io.grpc.StatusRuntimeException: UNAVAILABLE: io exception
2019-09-05 08:30:29,159 [grpc-default-executor-7] INFO  impl.FollowerInfo (FollowerInfo.java:lambda$new$0(50)) - omNode-3->omNode-2: nextIndex: updateUnconditionally 0 -> 0
2019-09-05 08:30:29,160 [grpc-default-executor-8] INFO  impl.FollowerInfo (FollowerInfo.java:lambda$new$0(50)) - omNode-3->omNode-1: nextIndex: updateUnconditionally 0 -> 0
2019-09-05 08:30:29,364 | INFO  | SCMAudit | user=jenkins1000 | ip=192.168.36.69 | op=SEND_HEARTBEAT {datanodeUUID=baa0ac9c-d259-45b0-b366-08e52759ad0f, command=[]} | ret=SUCCESS |  
2019-09-05 08:30:29,659 [grpc-default-executor-11] WARN  server.GrpcLogAppender (LogUtils.java:warn(134)) - omNode-3->omNode-1: Failed appendEntries: org.apache.ratis.thirdparty.io.grpc.StatusRuntimeException: UNAVAILABLE: io exception
2019-09-05 08:30:29,660 [grpc-default-executor-8] WARN  server.GrpcLogAppender (LogUtils.java:warn(134)) - omNode-3->omNode-2: Failed appendEntries: org.apache.ratis.thirdparty.io.grpc.StatusRuntimeException: UNAVAILABLE: io exception
2019-09-05 08:30:29,660 [grpc-default-executor-11] INFO  impl.FollowerInfo (FollowerInfo.java:lambda$new$0(50)) - omNode-3->omNode-1: nextIndex: updateUnconditionally 0 -> 0
2019-09-05 08:30:29,660 [grpc-default-executor-8] INFO  impl.FollowerInfo (FollowerInfo.java:lambda$new$0(50)) - omNode-3->omNode-2: nextIndex: updateUnconditionally 0 -> 0
2019-09-05 08:30:30,161 [grpc-default-executor-8] WARN  server.GrpcLogAppender (LogUtils.java:warn(134)) - omNode-3->omNode-2: Failed appendEntries: org.apache.ratis.thirdparty.io.grpc.StatusRuntimeException: UNAVAILABLE: io exception
2019-09-05 08:30:30,161 [grpc-default-executor-11] WARN  server.GrpcLogAppender (LogUtils.java:warn(134)) - omNode-3->omNode-1: Failed appendEntries: org.apache.ratis.thirdparty.io.grpc.StatusRuntimeException: UNAVAILABLE: io exception
2019-09-05 08:30:30,161 [grpc-default-executor-8] INFO  impl.FollowerInfo (FollowerInfo.java:lambda$new$0(50)) - omNode-3->omNode-2: nextIndex: updateUnconditionally 0 -> 0
2019-09-05 08:30:30,161 [grpc-default-executor-11] INFO  impl.FollowerInfo (FollowerInfo.java:lambda$new$0(50)) - omNode-3->omNode-1: nextIndex: updateUnconditionally 0 -> 0
2019-09-05 08:30:30,365 | INFO  | SCMAudit | user=jenkins1000 | ip=192.168.36.69 | op=SEND_HEARTBEAT {datanodeUUID=baa0ac9c-d259-45b0-b366-08e52759ad0f, command=[]} | ret=SUCCESS |  
2019-09-05 08:30:30,661 [grpc-default-executor-11] WARN  server.GrpcLogAppender (LogUtils.java:warn(134)) - omNode-3->omNode-2: Failed appendEntries: org.apache.ratis.thirdparty.io.grpc.StatusRuntimeException: UNAVAILABLE: io exception
2019-09-05 08:30:30,661 [grpc-default-executor-9] WARN  server.GrpcLogAppender (LogUtils.java:warn(134)) - omNode-3->omNode-1: Failed appendEntries: org.apache.ratis.thirdparty.io.grpc.StatusRuntimeException: UNAVAILABLE: io exception
2019-09-05 08:30:30,662 [grpc-default-executor-11] INFO  impl.FollowerInfo (FollowerInfo.java:lambda$new$0(50)) - omNode-3->omNode-2: nextIndex: updateUnconditionally 0 -> 0
2019-09-05 08:30:30,662 [grpc-default-executor-9] INFO  impl.FollowerInfo (FollowerInfo.java:lambda$new$0(50)) - omNode-3->omNode-1: nextIndex: updateUnconditionally 0 -> 0
2019-09-05 08:30:31,443 [grpc-default-executor-10] WARN  server.GrpcLogAppender (LogUtils.java:warn(134)) - omNode-3->omNode-2: Failed appendEntries: org.apache.ratis.thirdparty.io.grpc.StatusRuntimeException: UNAVAILABLE: io exception
2019-09-05 08:30:31,443 [grpc-default-executor-8] WARN  server.GrpcLogAppender (LogUtils.java:warn(134)) - omNode-3->omNode-1: Failed appendEntries: org.apache.ratis.thirdparty.io.grpc.StatusRuntimeException: UNAVAILABLE: io exception
2019-09-05 08:30:31,443 | INFO  | SCMAudit | user=jenkins1000 | ip=192.168.36.69 | op=SEND_HEARTBEAT {datanodeUUID=baa0ac9c-d259-45b0-b366-08e52759ad0f, command=[]} | ret=SUCCESS |  
2019-09-05 08:30:31,443 [grpc-default-executor-10] INFO  impl.FollowerInfo (FollowerInfo.java:lambda$new$0(50)) - omNode-3->omNode-2: nextIndex: updateUnconditionally 0 -> 0
2019-09-05 08:30:31,443 [grpc-default-executor-8] INFO  impl.FollowerInfo (FollowerInfo.java:lambda$new$0(50)) - omNode-3->omNode-1: nextIndex: updateUnconditionally 0 -> 0
2019-09-05 08:30:31,669 [grpc-default-executor-10] WARN  server.GrpcLogAppender (LogUtils.java:warn(134)) - omNode-3->omNode-2: Failed appendEntries: org.apache.ratis.thirdparty.io.grpc.StatusRuntimeException: UNAVAILABLE: io exception
2019-09-05 08:30:31,669 [grpc-default-executor-10] INFO  impl.FollowerInfo (FollowerInfo.java:lambda$new$0(50)) - omNode-3->omNode-2: nextIndex: updateUnconditionally 0 -> 0
2019-09-05 08:30:31,669 [grpc-default-executor-11] WARN  server.GrpcLogAppender (LogUtils.java:warn(134)) - omNode-3->omNode-1: Failed appendEntries: org.apache.ratis.thirdparty.io.grpc.StatusRuntimeException: UNAVAILABLE: io exception
2019-09-05 08:30:31,670 [grpc-default-executor-11] INFO  impl.FollowerInfo (FollowerInfo.java:lambda$new$0(50)) - omNode-3->omNode-1: nextIndex: updateUnconditionally 0 -> 0
2019-09-05 08:30:32,169 [grpc-default-executor-8] WARN  server.GrpcLogAppender (LogUtils.java:warn(134)) - omNode-3->omNode-2: Failed appendEntries: org.apache.ratis.thirdparty.io.grpc.StatusRuntimeException: UNAVAILABLE: io exception
2019-09-05 08:30:32,170 [grpc-default-executor-9] WARN  server.GrpcLogAppender (LogUtils.java:warn(134)) - omNode-3->omNode-1: Failed appendEntries: org.apache.ratis.thirdparty.io.grpc.StatusRuntimeException: UNAVAILABLE: io exception
2019-09-05 08:30:32,170 [grpc-default-executor-8] INFO  impl.FollowerInfo (FollowerInfo.java:lambda$new$0(50)) - omNode-3->omNode-2: nextIndex: updateUnconditionally 0 -> 0
2019-09-05 08:30:32,170 [grpc-default-executor-9] INFO  impl.FollowerInfo (FollowerInfo.java:lambda$new$0(50)) - omNode-3->omNode-1: nextIndex: updateUnconditionally 0 -> 0
2019-09-05 08:30:32,432 | INFO  | SCMAudit | user=jenkins1000 | ip=192.168.36.69 | op=SEND_HEARTBEAT {datanodeUUID=baa0ac9c-d259-45b0-b366-08e52759ad0f, command=[]} | ret=SUCCESS |  
2019-09-05 08:30:32,670 [grpc-default-executor-8] WARN  server.GrpcLogAppender (LogUtils.java:warn(134)) - omNode-3->omNode-2: Failed appendEntries: org.apache.ratis.thirdparty.io.grpc.StatusRuntimeException: UNAVAILABLE: io exception
2019-09-05 08:30:32,670 [grpc-default-executor-9] WARN  server.GrpcLogAppender (LogUtils.java:warn(134)) - omNode-3->omNode-1: Failed appendEntries: org.apache.ratis.thirdparty.io.grpc.StatusRuntimeException: UNAVAILABLE: io exception
2019-09-05 08:30:32,671 [grpc-default-executor-8] INFO  impl.FollowerInfo (FollowerInfo.java:lambda$new$0(50)) - omNode-3->omNode-2: nextIndex: updateUnconditionally 0 -> 0
2019-09-05 08:30:32,671 [grpc-default-executor-9] INFO  impl.FollowerInfo (FollowerInfo.java:lambda$new$0(50)) - omNode-3->omNode-1: nextIndex: updateUnconditionally 0 -> 0
2019-09-05 08:30:33,171 [grpc-default-executor-10] WARN  server.GrpcLogAppender (LogUtils.java:warn(134)) - omNode-3->omNode-2: Failed appendEntries: org.apache.ratis.thirdparty.io.grpc.StatusRuntimeException: UNAVAILABLE: io exception
2019-09-05 08:30:33,171 [grpc-default-executor-11] WARN  server.GrpcLogAppender (LogUtils.java:warn(134)) - omNode-3->omNode-1: Failed appendEntries: org.apache.ratis.thirdparty.io.grpc.StatusRuntimeException: UNAVAILABLE: io exception
2019-09-05 08:30:33,171 [grpc-default-executor-10] INFO  impl.FollowerInfo (FollowerInfo.java:lambda$new$0(50)) - omNode-3->omNode-2: nextIndex: updateUnconditionally 0 -> 0
2019-09-05 08:30:33,171 [grpc-default-executor-11] INFO  impl.FollowerInfo (FollowerInfo.java:lambda$new$0(50)) - omNode-3->omNode-1: nextIndex: updateUnconditionally 0 -> 0
2019-09-05 08:30:33,432 | INFO  | SCMAudit | user=jenkins1000 | ip=192.168.36.69 | op=SEND_HEARTBEAT {datanodeUUID=baa0ac9c-d259-45b0-b366-08e52759ad0f, command=[]} | ret=SUCCESS |  
2019-09-05 08:30:33,673 [grpc-default-executor-4] WARN  server.GrpcLogAppender (LogUtils.java:warn(134)) - omNode-3->omNode-2: Failed appendEntries: org.apache.ratis.thirdparty.io.grpc.StatusRuntimeException: UNAVAILABLE: io exception
2019-09-05 08:30:33,673 [grpc-default-executor-7] WARN  server.GrpcLogAppender (LogUtils.java:warn(134)) - omNode-3->omNode-1: Failed appendEntries: org.apache.ratis.thirdparty.io.grpc.StatusRuntimeException: UNAVAILABLE: io exception
2019-09-05 08:30:33,674 [grpc-default-executor-4] INFO  impl.FollowerInfo (FollowerInfo.java:lambda$new$0(50)) - omNode-3->omNode-2: nextIndex: updateUnconditionally 0 -> 0
2019-09-05 08:30:33,674 [grpc-default-executor-7] INFO  impl.FollowerInfo (FollowerInfo.java:lambda$new$0(50)) - omNode-3->omNode-1: nextIndex: updateUnconditionally 0 -> 0
2019-09-05 08:30:34,173 [grpc-default-executor-4] WARN  server.GrpcLogAppender (LogUtils.java:warn(134)) - omNode-3->omNode-2: Failed appendEntries: org.apache.ratis.thirdparty.io.grpc.StatusRuntimeException: UNAVAILABLE: io exception
2019-09-05 08:30:34,173 [grpc-default-executor-9] WARN  server.GrpcLogAppender (LogUtils.java:warn(134)) - omNode-3->omNode-1: Failed appendEntries: org.apache.ratis.thirdparty.io.grpc.StatusRuntimeException: UNAVAILABLE: io exception
2019-09-05 08:30:34,174 [grpc-default-executor-4] INFO  impl.FollowerInfo (FollowerInfo.java:lambda$new$0(50)) - omNode-3->omNode-2: nextIndex: updateUnconditionally 0 -> 0
2019-09-05 08:30:34,174 [grpc-default-executor-9] INFO  impl.FollowerInfo (FollowerInfo.java:lambda$new$0(50)) - omNode-3->omNode-1: nextIndex: updateUnconditionally 0 -> 0
2019-09-05 08:30:34,432 | INFO  | SCMAudit | user=jenkins1000 | ip=192.168.36.69 | op=SEND_HEARTBEAT {datanodeUUID=baa0ac9c-d259-45b0-b366-08e52759ad0f, command=[]} | ret=SUCCESS |  
2019-09-05 08:30:34,676 [grpc-default-executor-7] WARN  server.GrpcLogAppender (LogUtils.java:warn(134)) - omNode-3->omNode-2: Failed appendEntries: org.apache.ratis.thirdparty.io.grpc.StatusRuntimeException: UNAVAILABLE: io exception
2019-09-05 08:30:34,676 [grpc-default-executor-9] WARN  server.GrpcLogAppender (LogUtils.java:warn(134)) - omNode-3->omNode-1: Failed appendEntries: org.apache.ratis.thirdparty.io.grpc.StatusRuntimeException: UNAVAILABLE: io exception
2019-09-05 08:30:34,677 [grpc-default-executor-7] INFO  impl.FollowerInfo (FollowerInfo.java:lambda$new$0(50)) - omNode-3->omNode-2: nextIndex: updateUnconditionally 0 -> 0
2019-09-05 08:30:34,677 [grpc-default-executor-9] INFO  impl.FollowerInfo (FollowerInfo.java:lambda$new$0(50)) - omNode-3->omNode-1: nextIndex: updateUnconditionally 0 -> 0
2019-09-05 08:30:35,177 [grpc-default-executor-11] WARN  server.GrpcLogAppender (LogUtils.java:warn(134)) - omNode-3->omNode-2: Failed appendEntries: org.apache.ratis.thirdparty.io.grpc.StatusRuntimeException: UNAVAILABLE: io exception
2019-09-05 08:30:35,177 [grpc-default-executor-8] WARN  server.GrpcLogAppender (LogUtils.java:warn(134)) - omNode-3->omNode-1: Failed appendEntries: org.apache.ratis.thirdparty.io.grpc.StatusRuntimeException: UNAVAILABLE: io exception
2019-09-05 08:30:35,177 [grpc-default-executor-11] INFO  impl.FollowerInfo (FollowerInfo.java:lambda$new$0(50)) - omNode-3->omNode-2: nextIndex: updateUnconditionally 0 -> 0
2019-09-05 08:30:35,177 [grpc-default-executor-8] INFO  impl.FollowerInfo (FollowerInfo.java:lambda$new$0(50)) - omNode-3->omNode-1: nextIndex: updateUnconditionally 0 -> 0
2019-09-05 08:30:35,432 | INFO  | SCMAudit | user=jenkins1000 | ip=192.168.36.69 | op=SEND_HEARTBEAT {datanodeUUID=baa0ac9c-d259-45b0-b366-08e52759ad0f, command=[]} | ret=SUCCESS |  
2019-09-05 08:30:35,680 [grpc-default-executor-4] WARN  server.GrpcLogAppender (LogUtils.java:warn(134)) - omNode-3->omNode-1: Failed appendEntries: org.apache.ratis.thirdparty.io.grpc.StatusRuntimeException: UNAVAILABLE: io exception
2019-09-05 08:30:35,681 [grpc-default-executor-10] WARN  server.GrpcLogAppender (LogUtils.java:warn(134)) - omNode-3->omNode-2: Failed appendEntries: org.apache.ratis.thirdparty.io.grpc.StatusRuntimeException: UNAVAILABLE: io exception
2019-09-05 08:30:35,681 [grpc-default-executor-4] INFO  impl.FollowerInfo (FollowerInfo.java:lambda$new$0(50)) - omNode-3->omNode-1: nextIndex: updateUnconditionally 0 -> 0
2019-09-05 08:30:35,681 [grpc-default-executor-10] INFO  impl.FollowerInfo (FollowerInfo.java:lambda$new$0(50)) - omNode-3->omNode-2: nextIndex: updateUnconditionally 0 -> 0
2019-09-05 08:30:36,181 [grpc-default-executor-9] WARN  server.GrpcLogAppender (LogUtils.java:warn(134)) - omNode-3->omNode-1: Failed appendEntries: org.apache.ratis.thirdparty.io.grpc.StatusRuntimeException: UNAVAILABLE: io exception
2019-09-05 08:30:36,181 [grpc-default-executor-4] WARN  server.GrpcLogAppender (LogUtils.java:warn(134)) - omNode-3->omNode-2: Failed appendEntries: org.apache.ratis.thirdparty.io.grpc.StatusRuntimeException: UNAVAILABLE: io exception
2019-09-05 08:30:36,181 [grpc-default-executor-9] INFO  impl.FollowerInfo (FollowerInfo.java:lambda$new$0(50)) - omNode-3->omNode-1: nextIndex: updateUnconditionally 0 -> 0
2019-09-05 08:30:36,181 [grpc-default-executor-4] INFO  impl.FollowerInfo (FollowerInfo.java:lambda$new$0(50)) - omNode-3->omNode-2: nextIndex: updateUnconditionally 0 -> 0
2019-09-05 08:30:36,432 | INFO  | SCMAudit | user=jenkins1000 | ip=192.168.36.69 | op=SEND_HEARTBEAT {datanodeUUID=baa0ac9c-d259-45b0-b366-08e52759ad0f, command=[]} | ret=SUCCESS |  
2019-09-05 08:30:36,683 [grpc-default-executor-8] WARN  server.GrpcLogAppender (LogUtils.java:warn(134)) - omNode-3->omNode-2: Failed appendEntries: org.apache.ratis.thirdparty.io.grpc.StatusRuntimeException: UNAVAILABLE: io exception
2019-09-05 08:30:36,683 [grpc-default-executor-10] WARN  server.GrpcLogAppender (LogUtils.java:warn(134)) - omNode-3->omNode-1: Failed appendEntries: org.apache.ratis.thirdparty.io.grpc.StatusRuntimeException: UNAVAILABLE: io exception
2019-09-05 08:30:36,684 [grpc-default-executor-8] INFO  impl.FollowerInfo (FollowerInfo.java:lambda$new$0(50)) - omNode-3->omNode-2: nextIndex: updateUnconditionally 0 -> 0
2019-09-05 08:30:36,684 [grpc-default-executor-10] INFO  impl.FollowerInfo (FollowerInfo.java:lambda$new$0(50)) - omNode-3->omNode-1: nextIndex: updateUnconditionally 0 -> 0
2019-09-05 08:30:37,184 [grpc-default-executor-8] WARN  server.GrpcLogAppender (LogUtils.java:warn(134)) - omNode-3->omNode-1: Failed appendEntries: org.apache.ratis.thirdparty.io.grpc.StatusRuntimeException: UNAVAILABLE: io exception
2019-09-05 08:30:37,184 [grpc-default-executor-10] WARN  server.GrpcLogAppender (LogUtils.java:warn(134)) - omNode-3->omNode-2: Failed appendEntries: org.apache.ratis.thirdparty.io.grpc.StatusRuntimeException: UNAVAILABLE: io exception
2019-09-05 08:30:37,185 [grpc-default-executor-8] INFO  impl.FollowerInfo (FollowerInfo.java:lambda$new$0(50)) - omNode-3->omNode-1: nextIndex: updateUnconditionally 0 -> 0
2019-09-05 08:30:37,185 [grpc-default-executor-10] INFO  impl.FollowerInfo (FollowerInfo.java:lambda$new$0(50)) - omNode-3->omNode-2: nextIndex: updateUnconditionally 0 -> 0
2019-09-05 08:30:37,432 | INFO  | SCMAudit | user=jenkins1000 | ip=192.168.36.69 | op=SEND_HEARTBEAT {datanodeUUID=baa0ac9c-d259-45b0-b366-08e52759ad0f, command=[]} | ret=SUCCESS |  
2019-09-05 08:30:37,687 [grpc-default-executor-9] WARN  server.GrpcLogAppender (LogUtils.java:warn(134)) - omNode-3->omNode-1: Failed appendEntries: org.apache.ratis.thirdparty.io.grpc.StatusRuntimeException: UNAVAILABLE: io exception
2019-09-05 08:30:37,687 [grpc-default-executor-10] WARN  server.GrpcLogAppender (LogUtils.java:warn(134)) - omNode-3->omNode-2: Failed appendEntries: org.apache.ratis.thirdparty.io.grpc.StatusRuntimeException: UNAVAILABLE: io exception
2019-09-05 08:30:37,688 [grpc-default-executor-9] INFO  impl.FollowerInfo (FollowerInfo.java:lambda$new$0(50)) - omNode-3->omNode-1: nextIndex: updateUnconditionally 0 -> 0
2019-09-05 08:30:37,688 [grpc-default-executor-10] INFO  impl.FollowerInfo (FollowerInfo.java:lambda$new$0(50)) - omNode-3->omNode-2: nextIndex: updateUnconditionally 0 -> 0
2019-09-05 08:30:38,188 [grpc-default-executor-7] WARN  server.GrpcLogAppender (LogUtils.java:warn(134)) - omNode-3->omNode-2: Failed appendEntries: org.apache.ratis.thirdparty.io.grpc.StatusRuntimeException: UNAVAILABLE: io exception
2019-09-05 08:30:38,188 [grpc-default-executor-8] WARN  server.GrpcLogAppender (LogUtils.java:warn(134)) - omNode-3->omNode-1: Failed appendEntries: org.apache.ratis.thirdparty.io.grpc.StatusRuntimeException: UNAVAILABLE: io exception
2019-09-05 08:30:38,189 [grpc-default-executor-7] INFO  impl.FollowerInfo (FollowerInfo.java:lambda$new$0(50)) - omNode-3->omNode-2: nextIndex: updateUnconditionally 0 -> 0
2019-09-05 08:30:38,189 [grpc-default-executor-8] INFO  impl.FollowerInfo (FollowerInfo.java:lambda$new$0(50)) - omNode-3->omNode-1: nextIndex: updateUnconditionally 0 -> 0
2019-09-05 08:30:38,432 | INFO  | SCMAudit | user=jenkins1000 | ip=192.168.36.69 | op=SEND_HEARTBEAT {datanodeUUID=baa0ac9c-d259-45b0-b366-08e52759ad0f, command=[]} | ret=SUCCESS |  
2019-09-05 08:30:38,688 [grpc-default-executor-7] WARN  server.GrpcLogAppender (LogUtils.java:warn(134)) - omNode-3->omNode-2: Failed appendEntries: org.apache.ratis.thirdparty.io.grpc.StatusRuntimeException: UNAVAILABLE: io exception
2019-09-05 08:30:38,688 [grpc-default-executor-9] WARN  server.GrpcLogAppender (LogUtils.java:warn(134)) - omNode-3->omNode-1: Failed appendEntries: org.apache.ratis.thirdparty.io.grpc.StatusRuntimeException: UNAVAILABLE: io exception
2019-09-05 08:30:38,689 [grpc-default-executor-7] INFO  impl.FollowerInfo (FollowerInfo.java:lambda$new$0(50)) - omNode-3->omNode-2: nextIndex: updateUnconditionally 0 -> 0
2019-09-05 08:30:38,689 [grpc-default-executor-9] INFO  impl.FollowerInfo (FollowerInfo.java:lambda$new$0(50)) - omNode-3->omNode-1: nextIndex: updateUnconditionally 0 -> 0
2019-09-05 08:30:39,189 [grpc-default-executor-11] WARN  server.GrpcLogAppender (LogUtils.java:warn(134)) - omNode-3->omNode-2: Failed appendEntries: org.apache.ratis.thirdparty.io.grpc.StatusRuntimeException: UNAVAILABLE: io exception
2019-09-05 08:30:39,189 [grpc-default-executor-9] WARN  server.GrpcLogAppender (LogUtils.java:warn(134)) - omNode-3->omNode-1: Failed appendEntries: org.apache.ratis.thirdparty.io.grpc.StatusRuntimeException: UNAVAILABLE: io exception
2019-09-05 08:30:39,190 [grpc-default-executor-11] INFO  impl.FollowerInfo (FollowerInfo.java:lambda$new$0(50)) - omNode-3->omNode-2: nextIndex: updateUnconditionally 0 -> 0
2019-09-05 08:30:39,190 [grpc-default-executor-9] INFO  impl.FollowerInfo (FollowerInfo.java:lambda$new$0(50)) - omNode-3->omNode-1: nextIndex: updateUnconditionally 0 -> 0
2019-09-05 08:30:39,432 | INFO  | SCMAudit | user=jenkins1000 | ip=192.168.36.69 | op=SEND_HEARTBEAT {datanodeUUID=baa0ac9c-d259-45b0-b366-08e52759ad0f, command=[]} | ret=SUCCESS |  
2019-09-05 08:30:39,689 [grpc-default-executor-7] WARN  server.GrpcLogAppender (LogUtils.java:warn(134)) - omNode-3->omNode-1: Failed appendEntries: org.apache.ratis.thirdparty.io.grpc.StatusRuntimeException: UNAVAILABLE: io exception
2019-09-05 08:30:39,689 [grpc-default-executor-4] WARN  server.GrpcLogAppender (LogUtils.java:warn(134)) - omNode-3->omNode-2: Failed appendEntries: org.apache.ratis.thirdparty.io.grpc.StatusRuntimeException: UNAVAILABLE: io exception
2019-09-05 08:30:39,690 [grpc-default-executor-7] INFO  impl.FollowerInfo (FollowerInfo.java:lambda$new$0(50)) - omNode-3->omNode-1: nextIndex: updateUnconditionally 0 -> 0
2019-09-05 08:30:39,690 [grpc-default-executor-4] INFO  impl.FollowerInfo (FollowerInfo.java:lambda$new$0(50)) - omNode-3->omNode-2: nextIndex: updateUnconditionally 0 -> 0
2019-09-05 08:30:40,190 [grpc-default-executor-11] WARN  server.GrpcLogAppender (LogUtils.java:warn(134)) - omNode-3->omNode-2: Failed appendEntries: org.apache.ratis.thirdparty.io.grpc.StatusRuntimeException: UNAVAILABLE: io exception
2019-09-05 08:30:40,190 [grpc-default-executor-9] WARN  server.GrpcLogAppender (LogUtils.java:warn(134)) - omNode-3->omNode-1: Failed appendEntries: org.apache.ratis.thirdparty.io.grpc.StatusRuntimeException: UNAVAILABLE: io exception
2019-09-05 08:30:40,191 [grpc-default-executor-11] INFO  impl.FollowerInfo (FollowerInfo.java:lambda$new$0(50)) - omNode-3->omNode-2: nextIndex: updateUnconditionally 0 -> 0
2019-09-05 08:30:40,191 [grpc-default-executor-9] INFO  impl.FollowerInfo (FollowerInfo.java:lambda$new$0(50)) - omNode-3->omNode-1: nextIndex: updateUnconditionally 0 -> 0
2019-09-05 08:30:40,432 | INFO  | SCMAudit | user=jenkins1000 | ip=192.168.36.69 | op=SEND_HEARTBEAT {datanodeUUID=baa0ac9c-d259-45b0-b366-08e52759ad0f, command=[]} | ret=SUCCESS |  
2019-09-05 08:30:40,690 [grpc-default-executor-8] WARN  server.GrpcLogAppender (LogUtils.java:warn(134)) - omNode-3->omNode-2: Failed appendEntries: org.apache.ratis.thirdparty.io.grpc.StatusRuntimeException: UNAVAILABLE: io exception
2019-09-05 08:30:40,690 [grpc-default-executor-9] WARN  server.GrpcLogAppender (LogUtils.java:warn(134)) - omNode-3->omNode-1: Failed appendEntries: org.apache.ratis.thirdparty.io.grpc.StatusRuntimeException: UNAVAILABLE: io exception
2019-09-05 08:30:40,691 [grpc-default-executor-8] INFO  impl.FollowerInfo (FollowerInfo.java:lambda$new$0(50)) - omNode-3->omNode-2: nextIndex: updateUnconditionally 0 -> 0
2019-09-05 08:30:40,691 [grpc-default-executor-9] INFO  impl.FollowerInfo (FollowerInfo.java:lambda$new$0(50)) - omNode-3->omNode-1: nextIndex: updateUnconditionally 0 -> 0
2019-09-05 08:30:41,191 [grpc-default-executor-10] WARN  server.GrpcLogAppender (LogUtils.java:warn(134)) - omNode-3->omNode-1: Failed appendEntries: org.apache.ratis.thirdparty.io.grpc.StatusRuntimeException: UNAVAILABLE: io exception
2019-09-05 08:30:41,191 [grpc-default-executor-11] WARN  server.GrpcLogAppender (LogUtils.java:warn(134)) - omNode-3->omNode-2: Failed appendEntries: org.apache.ratis.thirdparty.io.grpc.StatusRuntimeException: UNAVAILABLE: io exception
2019-09-05 08:30:41,192 [grpc-default-executor-10] INFO  impl.FollowerInfo (FollowerInfo.java:lambda$new$0(50)) - omNode-3->omNode-1: nextIndex: updateUnconditionally 0 -> 0
2019-09-05 08:30:41,192 [grpc-default-executor-11] INFO  impl.FollowerInfo (FollowerInfo.java:lambda$new$0(50)) - omNode-3->omNode-2: nextIndex: updateUnconditionally 0 -> 0
2019-09-05 08:30:41,433 | INFO  | SCMAudit | user=jenkins1000 | ip=192.168.36.69 | op=SEND_HEARTBEAT {datanodeUUID=baa0ac9c-d259-45b0-b366-08e52759ad0f, command=[]} | ret=SUCCESS |  
2019-09-05 08:30:41,692 [grpc-default-executor-8] WARN  server.GrpcLogAppender (LogUtils.java:warn(134)) - omNode-3->omNode-2: Failed appendEntries: org.apache.ratis.thirdparty.io.grpc.StatusRuntimeException: UNAVAILABLE: io exception
2019-09-05 08:30:41,692 [grpc-default-executor-7] WARN  server.GrpcLogAppender (LogUtils.java:warn(134)) - omNode-3->omNode-1: Failed appendEntries: org.apache.ratis.thirdparty.io.grpc.StatusRuntimeException: UNAVAILABLE: io exception
2019-09-05 08:30:41,692 [grpc-default-executor-8] INFO  impl.FollowerInfo (FollowerInfo.java:lambda$new$0(50)) - omNode-3->omNode-2: nextIndex: updateUnconditionally 0 -> 0
2019-09-05 08:30:41,693 [grpc-default-executor-7] INFO  impl.FollowerInfo (FollowerInfo.java:lambda$new$0(50)) - omNode-3->omNode-1: nextIndex: updateUnconditionally 0 -> 0
2019-09-05 08:30:42,193 [grpc-default-executor-11] WARN  server.GrpcLogAppender (LogUtils.java:warn(134)) - omNode-3->omNode-1: Failed appendEntries: org.apache.ratis.thirdparty.io.grpc.StatusRuntimeException: UNAVAILABLE: io exception
2019-09-05 08:30:42,193 [grpc-default-executor-8] WARN  server.GrpcLogAppender (LogUtils.java:warn(134)) - omNode-3->omNode-2: Failed appendEntries: org.apache.ratis.thirdparty.io.grpc.StatusRuntimeException: UNAVAILABLE: io exception
2019-09-05 08:30:42,193 [grpc-default-executor-11] INFO  impl.FollowerInfo (FollowerInfo.java:lambda$new$0(50)) - omNode-3->omNode-1: nextIndex: updateUnconditionally 0 -> 0
2019-09-05 08:30:42,194 [grpc-default-executor-8] INFO  impl.FollowerInfo (FollowerInfo.java:lambda$new$0(50)) - omNode-3->omNode-2: nextIndex: updateUnconditionally 0 -> 0
2019-09-05 08:30:42,433 | INFO  | SCMAudit | user=jenkins1000 | ip=192.168.36.69 | op=SEND_HEARTBEAT {datanodeUUID=baa0ac9c-d259-45b0-b366-08e52759ad0f, command=[]} | ret=SUCCESS |  
2019-09-05 08:30:42,693 [grpc-default-executor-4] WARN  server.GrpcLogAppender (LogUtils.java:warn(134)) - omNode-3->omNode-2: Failed appendEntries: org.apache.ratis.thirdparty.io.grpc.StatusRuntimeException: UNAVAILABLE: io exception
2019-09-05 08:30:42,693 [grpc-default-executor-7] WARN  server.GrpcLogAppender (LogUtils.java:warn(134)) - omNode-3->omNode-1: Failed appendEntries: org.apache.ratis.thirdparty.io.grpc.StatusRuntimeException: UNAVAILABLE: io exception
2019-09-05 08:30:42,693 [grpc-default-executor-4] INFO  impl.FollowerInfo (FollowerInfo.java:lambda$new$0(50)) - omNode-3->omNode-2: nextIndex: updateUnconditionally 0 -> 0
2019-09-05 08:30:42,694 [grpc-default-executor-7] INFO  impl.FollowerInfo (FollowerInfo.java:lambda$new$0(50)) - omNode-3->omNode-1: nextIndex: updateUnconditionally 0 -> 0
2019-09-05 08:30:43,194 [grpc-default-executor-9] WARN  server.GrpcLogAppender (LogUtils.java:warn(134)) - omNode-3->omNode-1: Failed appendEntries: org.apache.ratis.thirdparty.io.grpc.StatusRuntimeException: UNAVAILABLE: io exception
2019-09-05 08:30:43,194 [grpc-default-executor-4] WARN  server.GrpcLogAppender (LogUtils.java:warn(134)) - omNode-3->omNode-2: Failed appendEntries: org.apache.ratis.thirdparty.io.grpc.StatusRuntimeException: UNAVAILABLE: io exception
2019-09-05 08:30:43,194 [grpc-default-executor-9] INFO  impl.FollowerInfo (FollowerInfo.java:lambda$new$0(50)) - omNode-3->omNode-1: nextIndex: updateUnconditionally 0 -> 0
2019-09-05 08:30:43,194 [grpc-default-executor-4] INFO  impl.FollowerInfo (FollowerInfo.java:lambda$new$0(50)) - omNode-3->omNode-2: nextIndex: updateUnconditionally 0 -> 0
2019-09-05 08:30:43,433 | INFO  | SCMAudit | user=jenkins1000 | ip=192.168.36.69 | op=SEND_HEARTBEAT {datanodeUUID=baa0ac9c-d259-45b0-b366-08e52759ad0f, command=[]} | ret=SUCCESS |  
2019-09-05 08:30:43,694 [grpc-default-executor-9] WARN  server.GrpcLogAppender (LogUtils.java:warn(134)) - omNode-3->omNode-1: Failed appendEntries: org.apache.ratis.thirdparty.io.grpc.StatusRuntimeException: UNAVAILABLE: io exception
2019-09-05 08:30:43,694 [grpc-default-executor-7] WARN  server.GrpcLogAppender (LogUtils.java:warn(134)) - omNode-3->omNode-2: Failed appendEntries: org.apache.ratis.thirdparty.io.grpc.StatusRuntimeException: UNAVAILABLE: io exception
2019-09-05 08:30:43,695 [grpc-default-executor-9] INFO  impl.FollowerInfo (FollowerInfo.java:lambda$new$0(50)) - omNode-3->omNode-1: nextIndex: updateUnconditionally 0 -> 0
2019-09-05 08:30:43,695 [grpc-default-executor-7] INFO  impl.FollowerInfo (FollowerInfo.java:lambda$new$0(50)) - omNode-3->omNode-2: nextIndex: updateUnconditionally 0 -> 0
2019-09-05 08:30:44,195 [grpc-default-executor-10] WARN  server.GrpcLogAppender (LogUtils.java:warn(134)) - omNode-3->omNode-2: Failed appendEntries: org.apache.ratis.thirdparty.io.grpc.StatusRuntimeException: UNAVAILABLE: io exception
2019-09-05 08:30:44,195 [grpc-default-executor-7] WARN  server.GrpcLogAppender (LogUtils.java:warn(134)) - omNode-3->omNode-1: Failed appendEntries: org.apache.ratis.thirdparty.io.grpc.StatusRuntimeException: UNAVAILABLE: io exception
2019-09-05 08:30:44,195 [grpc-default-executor-10] INFO  impl.FollowerInfo (FollowerInfo.java:lambda$new$0(50)) - omNode-3->omNode-2: nextIndex: updateUnconditionally 0 -> 0
2019-09-05 08:30:44,196 [grpc-default-executor-7] INFO  impl.FollowerInfo (FollowerInfo.java:lambda$new$0(50)) - omNode-3->omNode-1: nextIndex: updateUnconditionally 0 -> 0
2019-09-05 08:30:44,433 | INFO  | SCMAudit | user=jenkins1000 | ip=192.168.36.69 | op=SEND_HEARTBEAT {datanodeUUID=baa0ac9c-d259-45b0-b366-08e52759ad0f, command=[]} | ret=SUCCESS |  
2019-09-05 08:30:44,696 [grpc-default-executor-8] WARN  server.GrpcLogAppender (LogUtils.java:warn(134)) - omNode-3->omNode-2: Failed appendEntries: org.apache.ratis.thirdparty.io.grpc.StatusRuntimeException: UNAVAILABLE: io exception
2019-09-05 08:30:44,696 [grpc-default-executor-11] WARN  server.GrpcLogAppender (LogUtils.java:warn(134)) - omNode-3->omNode-1: Failed appendEntries: org.apache.ratis.thirdparty.io.grpc.StatusRuntimeException: UNAVAILABLE: io exception
2019-09-05 08:30:44,697 [grpc-default-executor-8] INFO  impl.FollowerInfo (FollowerInfo.java:lambda$new$0(50)) - omNode-3->omNode-2: nextIndex: updateUnconditionally 0 -> 0
2019-09-05 08:30:44,697 [grpc-default-executor-11] INFO  impl.FollowerInfo (FollowerInfo.java:lambda$new$0(50)) - omNode-3->omNode-1: nextIndex: updateUnconditionally 0 -> 0
2019-09-05 08:30:45,197 [grpc-default-executor-4] WARN  server.GrpcLogAppender (LogUtils.java:warn(134)) - omNode-3->omNode-1: Failed appendEntries: org.apache.ratis.thirdparty.io.grpc.StatusRuntimeException: UNAVAILABLE: io exception
2019-09-05 08:30:45,197 [grpc-default-executor-8] WARN  server.GrpcLogAppender (LogUtils.java:warn(134)) - omNode-3->omNode-2: Failed appendEntries: org.apache.ratis.thirdparty.io.grpc.StatusRuntimeException: UNAVAILABLE: io exception
2019-09-05 08:30:45,198 [grpc-default-executor-4] INFO  impl.FollowerInfo (FollowerInfo.java:lambda$new$0(50)) - omNode-3->omNode-1: nextIndex: updateUnconditionally 0 -> 0
2019-09-05 08:30:45,198 [grpc-default-executor-8] INFO  impl.FollowerInfo (FollowerInfo.java:lambda$new$0(50)) - omNode-3->omNode-2: nextIndex: updateUnconditionally 0 -> 0
2019-09-05 08:30:45,435 | INFO  | SCMAudit | user=jenkins1000 | ip=192.168.36.69 | op=SEND_HEARTBEAT {datanodeUUID=baa0ac9c-d259-45b0-b366-08e52759ad0f, command=[]} | ret=SUCCESS |  
2019-09-05 08:30:45,697 [grpc-default-executor-11] WARN  server.GrpcLogAppender (LogUtils.java:warn(134)) - omNode-3->omNode-2: Failed appendEntries: org.apache.ratis.thirdparty.io.grpc.StatusRuntimeException: UNAVAILABLE: io exception
2019-09-05 08:30:45,697 [grpc-default-executor-7] WARN  server.GrpcLogAppender (LogUtils.java:warn(134)) - omNode-3->omNode-1: Failed appendEntries: org.apache.ratis.thirdparty.io.grpc.StatusRuntimeException: UNAVAILABLE: io exception
2019-09-05 08:30:45,697 [grpc-default-executor-11] INFO  impl.FollowerInfo (FollowerInfo.java:lambda$new$0(50)) - omNode-3->omNode-2: nextIndex: updateUnconditionally 0 -> 0
2019-09-05 08:30:45,698 [grpc-default-executor-7] INFO  impl.FollowerInfo (FollowerInfo.java:lambda$new$0(50)) - omNode-3->omNode-1: nextIndex: updateUnconditionally 0 -> 0
2019-09-05 08:30:46,198 [grpc-default-executor-7] WARN  server.GrpcLogAppender (LogUtils.java:warn(134)) - omNode-3->omNode-2: Failed appendEntries: org.apache.ratis.thirdparty.io.grpc.StatusRuntimeException: UNAVAILABLE: io exception
2019-09-05 08:30:46,198 [grpc-default-executor-11] WARN  server.GrpcLogAppender (LogUtils.java:warn(134)) - omNode-3->omNode-1: Failed appendEntries: org.apache.ratis.thirdparty.io.grpc.StatusRuntimeException: UNAVAILABLE: io exception
2019-09-05 08:30:46,198 [grpc-default-executor-7] INFO  impl.FollowerInfo (FollowerInfo.java:lambda$new$0(50)) - omNode-3->omNode-2: nextIndex: updateUnconditionally 0 -> 0
2019-09-05 08:30:46,199 [grpc-default-executor-11] INFO  impl.FollowerInfo (FollowerInfo.java:lambda$new$0(50)) - omNode-3->omNode-1: nextIndex: updateUnconditionally 0 -> 0
2019-09-05 08:30:46,434 | INFO  | SCMAudit | user=jenkins1000 | ip=192.168.36.69 | op=SEND_HEARTBEAT {datanodeUUID=baa0ac9c-d259-45b0-b366-08e52759ad0f, command=[]} | ret=SUCCESS |  
2019-09-05 08:30:46,698 [grpc-default-executor-4] WARN  server.GrpcLogAppender (LogUtils.java:warn(134)) - omNode-3->omNode-2: Failed appendEntries: org.apache.ratis.thirdparty.io.grpc.StatusRuntimeException: UNAVAILABLE: io exception
2019-09-05 08:30:46,698 [grpc-default-executor-9] WARN  server.GrpcLogAppender (LogUtils.java:warn(134)) - omNode-3->omNode-1: Failed appendEntries: org.apache.ratis.thirdparty.io.grpc.StatusRuntimeException: UNAVAILABLE: io exception
2019-09-05 08:30:46,699 [grpc-default-executor-4] INFO  impl.FollowerInfo (FollowerInfo.java:lambda$new$0(50)) - omNode-3->omNode-2: nextIndex: updateUnconditionally 0 -> 0
2019-09-05 08:30:46,699 [grpc-default-executor-9] INFO  impl.FollowerInfo (FollowerInfo.java:lambda$new$0(50)) - omNode-3->omNode-1: nextIndex: updateUnconditionally 0 -> 0
2019-09-05 08:30:47,199 [grpc-default-executor-11] WARN  server.GrpcLogAppender (LogUtils.java:warn(134)) - omNode-3->omNode-1: Failed appendEntries: org.apache.ratis.thirdparty.io.grpc.StatusRuntimeException: UNAVAILABLE: io exception
2019-09-05 08:30:47,199 [grpc-default-executor-8] WARN  server.GrpcLogAppender (LogUtils.java:warn(134)) - omNode-3->omNode-2: Failed appendEntries: org.apache.ratis.thirdparty.io.grpc.StatusRuntimeException: UNAVAILABLE: io exception
2019-09-05 08:30:47,199 [grpc-default-executor-11] INFO  impl.FollowerInfo (FollowerInfo.java:lambda$new$0(50)) - omNode-3->omNode-1: nextIndex: updateUnconditionally 0 -> 0
2019-09-05 08:30:47,200 [grpc-default-executor-8] INFO  impl.FollowerInfo (FollowerInfo.java:lambda$new$0(50)) - omNode-3->omNode-2: nextIndex: updateUnconditionally 0 -> 0
2019-09-05 08:30:47,434 | INFO  | SCMAudit | user=jenkins1000 | ip=192.168.36.69 | op=SEND_HEARTBEAT {datanodeUUID=baa0ac9c-d259-45b0-b366-08e52759ad0f, command=[]} | ret=SUCCESS |  
2019-09-05 08:30:47,700 [grpc-default-executor-11] WARN  server.GrpcLogAppender (LogUtils.java:warn(134)) - omNode-3->omNode-2: Failed appendEntries: org.apache.ratis.thirdparty.io.grpc.StatusRuntimeException: UNAVAILABLE: io exception
2019-09-05 08:30:47,700 [grpc-default-executor-7] WARN  server.GrpcLogAppender (LogUtils.java:warn(134)) - omNode-3->omNode-1: Failed appendEntries: org.apache.ratis.thirdparty.io.grpc.StatusRuntimeException: UNAVAILABLE: io exception
2019-09-05 08:30:47,700 [grpc-default-executor-11] INFO  impl.FollowerInfo (FollowerInfo.java:lambda$new$0(50)) - omNode-3->omNode-2: nextIndex: updateUnconditionally 0 -> 0
2019-09-05 08:30:47,700 [grpc-default-executor-7] INFO  impl.FollowerInfo (FollowerInfo.java:lambda$new$0(50)) - omNode-3->omNode-1: nextIndex: updateUnconditionally 0 -> 0
2019-09-05 08:30:48,200 [grpc-default-executor-11] WARN  server.GrpcLogAppender (LogUtils.java:warn(134)) - omNode-3->omNode-2: Failed appendEntries: org.apache.ratis.thirdparty.io.grpc.StatusRuntimeException: UNAVAILABLE: io exception
2019-09-05 08:30:48,200 [grpc-default-executor-4] WARN  server.GrpcLogAppender (LogUtils.java:warn(134)) - omNode-3->omNode-1: Failed appendEntries: org.apache.ratis.thirdparty.io.grpc.StatusRuntimeException: UNAVAILABLE: io exception
2019-09-05 08:30:48,200 [grpc-default-executor-11] INFO  impl.FollowerInfo (FollowerInfo.java:lambda$new$0(50)) - omNode-3->omNode-2: nextIndex: updateUnconditionally 0 -> 0
2019-09-05 08:30:48,200 [grpc-default-executor-4] INFO  impl.FollowerInfo (FollowerInfo.java:lambda$new$0(50)) - omNode-3->omNode-1: nextIndex: updateUnconditionally 0 -> 0
2019-09-05 08:30:48,433 | INFO  | SCMAudit | user=jenkins1000 | ip=192.168.36.69 | op=SEND_HEARTBEAT {datanodeUUID=baa0ac9c-d259-45b0-b366-08e52759ad0f, command=[]} | ret=SUCCESS |  
2019-09-05 08:30:48,700 [grpc-default-executor-8] WARN  server.GrpcLogAppender (LogUtils.java:warn(134)) - omNode-3->omNode-1: Failed appendEntries: org.apache.ratis.thirdparty.io.grpc.StatusRuntimeException: UNAVAILABLE: io exception
2019-09-05 08:30:48,700 [grpc-default-executor-4] WARN  server.GrpcLogAppender (LogUtils.java:warn(134)) - omNode-3->omNode-2: Failed appendEntries: org.apache.ratis.thirdparty.io.grpc.StatusRuntimeException: UNAVAILABLE: io exception
2019-09-05 08:30:48,701 [grpc-default-executor-8] INFO  impl.FollowerInfo (FollowerInfo.java:lambda$new$0(50)) - omNode-3->omNode-1: nextIndex: updateUnconditionally 0 -> 0
2019-09-05 08:30:48,701 [grpc-default-executor-4] INFO  impl.FollowerInfo (FollowerInfo.java:lambda$new$0(50)) - omNode-3->omNode-2: nextIndex: updateUnconditionally 0 -> 0
2019-09-05 08:30:49,202 [grpc-default-executor-9] WARN  server.GrpcLogAppender (LogUtils.java:warn(134)) - omNode-3->omNode-1: Failed appendEntries: org.apache.ratis.thirdparty.io.grpc.StatusRuntimeException: UNAVAILABLE: io exception
2019-09-05 08:30:49,202 [grpc-default-executor-10] WARN  server.GrpcLogAppender (LogUtils.java:warn(134)) - omNode-3->omNode-2: Failed appendEntries: org.apache.ratis.thirdparty.io.grpc.StatusRuntimeException: UNAVAILABLE: io exception
2019-09-05 08:30:49,202 [grpc-default-executor-9] INFO  impl.FollowerInfo (FollowerInfo.java:lambda$new$0(50)) - omNode-3->omNode-1: nextIndex: updateUnconditionally 0 -> 0
2019-09-05 08:30:49,203 [grpc-default-executor-10] INFO  impl.FollowerInfo (FollowerInfo.java:lambda$new$0(50)) - omNode-3->omNode-2: nextIndex: updateUnconditionally 0 -> 0
2019-09-05 08:30:49,434 | INFO  | SCMAudit | user=jenkins1000 | ip=192.168.36.69 | op=SEND_HEARTBEAT {datanodeUUID=baa0ac9c-d259-45b0-b366-08e52759ad0f, command=[]} | ret=SUCCESS |  
2019-09-05 08:30:49,703 [grpc-default-executor-7] WARN  server.GrpcLogAppender (LogUtils.java:warn(134)) - omNode-3->omNode-1: Failed appendEntries: org.apache.ratis.thirdparty.io.grpc.StatusRuntimeException: UNAVAILABLE: io exception
2019-09-05 08:30:49,703 [grpc-default-executor-11] WARN  server.GrpcLogAppender (LogUtils.java:warn(134)) - omNode-3->omNode-2: Failed appendEntries: org.apache.ratis.thirdparty.io.grpc.StatusRuntimeException: UNAVAILABLE: io exception
2019-09-05 08:30:49,703 [grpc-default-executor-7] INFO  impl.FollowerInfo (FollowerInfo.java:lambda$new$0(50)) - omNode-3->omNode-1: nextIndex: updateUnconditionally 0 -> 0
2019-09-05 08:30:49,703 [grpc-default-executor-11] INFO  impl.FollowerInfo (FollowerInfo.java:lambda$new$0(50)) - omNode-3->omNode-2: nextIndex: updateUnconditionally 0 -> 0
2019-09-05 08:30:50,203 [grpc-default-executor-11] WARN  server.GrpcLogAppender (LogUtils.java:warn(134)) - omNode-3->omNode-1: Failed appendEntries: org.apache.ratis.thirdparty.io.grpc.StatusRuntimeException: UNAVAILABLE: io exception
2019-09-05 08:30:50,203 [grpc-default-executor-7] WARN  server.GrpcLogAppender (LogUtils.java:warn(134)) - omNode-3->omNode-2: Failed appendEntries: org.apache.ratis.thirdparty.io.grpc.StatusRuntimeException: UNAVAILABLE: io exception
2019-09-05 08:30:50,203 [grpc-default-executor-11] INFO  impl.FollowerInfo (FollowerInfo.java:lambda$new$0(50)) - omNode-3->omNode-1: nextIndex: updateUnconditionally 0 -> 0
2019-09-05 08:30:50,203 [grpc-default-executor-7] INFO  impl.FollowerInfo (FollowerInfo.java:lambda$new$0(50)) - omNode-3->omNode-2: nextIndex: updateUnconditionally 0 -> 0
2019-09-05 08:30:50,434 | INFO  | SCMAudit | user=jenkins1000 | ip=192.168.36.69 | op=SEND_HEARTBEAT {datanodeUUID=baa0ac9c-d259-45b0-b366-08e52759ad0f, command=[]} | ret=SUCCESS |  
2019-09-05 08:30:50,706 [grpc-default-executor-11] WARN  server.GrpcLogAppender (LogUtils.java:warn(134)) - omNode-3->omNode-1: Failed appendEntries: org.apache.ratis.thirdparty.io.grpc.StatusRuntimeException: UNAVAILABLE: io exception
2019-09-05 08:30:50,706 [grpc-default-executor-4] WARN  server.GrpcLogAppender (LogUtils.java:warn(134)) - omNode-3->omNode-2: Failed appendEntries: org.apache.ratis.thirdparty.io.grpc.StatusRuntimeException: UNAVAILABLE: io exception
2019-09-05 08:30:50,706 [grpc-default-executor-11] INFO  impl.FollowerInfo (FollowerInfo.java:lambda$new$0(50)) - omNode-3->omNode-1: nextIndex: updateUnconditionally 0 -> 0
2019-09-05 08:30:50,706 [grpc-default-executor-4] INFO  impl.FollowerInfo (FollowerInfo.java:lambda$new$0(50)) - omNode-3->omNode-2: nextIndex: updateUnconditionally 0 -> 0
2019-09-05 08:30:51,206 [grpc-default-executor-7] WARN  server.GrpcLogAppender (LogUtils.java:warn(134)) - omNode-3->omNode-2: Failed appendEntries: org.apache.ratis.thirdparty.io.grpc.StatusRuntimeException: UNAVAILABLE: io exception
2019-09-05 08:30:51,206 [grpc-default-executor-11] WARN  server.GrpcLogAppender (LogUtils.java:warn(134)) - omNode-3->omNode-1: Failed appendEntries: org.apache.ratis.thirdparty.io.grpc.StatusRuntimeException: UNAVAILABLE: io exception
2019-09-05 08:30:51,207 [grpc-default-executor-7] INFO  impl.FollowerInfo (FollowerInfo.java:lambda$new$0(50)) - omNode-3->omNode-2: nextIndex: updateUnconditionally 0 -> 0
2019-09-05 08:30:51,207 [grpc-default-executor-11] INFO  impl.FollowerInfo (FollowerInfo.java:lambda$new$0(50)) - omNode-3->omNode-1: nextIndex: updateUnconditionally 0 -> 0
2019-09-05 08:30:51,435 | INFO  | SCMAudit | user=jenkins1000 | ip=192.168.36.69 | op=SEND_HEARTBEAT {datanodeUUID=baa0ac9c-d259-45b0-b366-08e52759ad0f, command=[]} | ret=SUCCESS |  
2019-09-05 08:30:51,707 [grpc-default-executor-10] WARN  server.GrpcLogAppender (LogUtils.java:warn(134)) - omNode-3->omNode-1: Failed appendEntries: org.apache.ratis.thirdparty.io.grpc.StatusRuntimeException: UNAVAILABLE: io exception
2019-09-05 08:30:51,707 [grpc-default-executor-7] WARN  server.GrpcLogAppender (LogUtils.java:warn(134)) - omNode-3->omNode-2: Failed appendEntries: org.apache.ratis.thirdparty.io.grpc.StatusRuntimeException: UNAVAILABLE: io exception
2019-09-05 08:30:51,708 [grpc-default-executor-10] INFO  impl.FollowerInfo (FollowerInfo.java:lambda$new$0(50)) - omNode-3->omNode-1: nextIndex: updateUnconditionally 0 -> 0
2019-09-05 08:30:51,708 [grpc-default-executor-7] INFO  impl.FollowerInfo (FollowerInfo.java:lambda$new$0(50)) - omNode-3->omNode-2: nextIndex: updateUnconditionally 0 -> 0
2019-09-05 08:30:52,208 [grpc-default-executor-8] WARN  server.GrpcLogAppender (LogUtils.java:warn(134)) - omNode-3->omNode-1: Failed appendEntries: org.apache.ratis.thirdparty.io.grpc.StatusRuntimeException: UNAVAILABLE: io exception
2019-09-05 08:30:52,208 [grpc-default-executor-11] WARN  server.GrpcLogAppender (LogUtils.java:warn(134)) - omNode-3->omNode-2: Failed appendEntries: org.apache.ratis.thirdparty.io.grpc.StatusRuntimeException: UNAVAILABLE: io exception
2019-09-05 08:30:52,208 [grpc-default-executor-8] INFO  impl.FollowerInfo (FollowerInfo.java:lambda$new$0(50)) - omNode-3->omNode-1: nextIndex: updateUnconditionally 0 -> 0
2019-09-05 08:30:52,208 [grpc-default-executor-11] INFO  impl.FollowerInfo (FollowerInfo.java:lambda$new$0(50)) - omNode-3->omNode-2: nextIndex: updateUnconditionally 0 -> 0
2019-09-05 08:30:52,434 | INFO  | SCMAudit | user=jenkins1000 | ip=192.168.36.69 | op=SEND_HEARTBEAT {datanodeUUID=baa0ac9c-d259-45b0-b366-08e52759ad0f, command=[]} | ret=SUCCESS |  
2019-09-05 08:30:52,708 [grpc-default-executor-10] WARN  server.GrpcLogAppender (LogUtils.java:warn(134)) - omNode-3->omNode-2: Failed appendEntries: org.apache.ratis.thirdparty.io.grpc.StatusRuntimeException: UNAVAILABLE: io exception
2019-09-05 08:30:52,708 [grpc-default-executor-4] WARN  server.GrpcLogAppender (LogUtils.java:warn(134)) - omNode-3->omNode-1: Failed appendEntries: org.apache.ratis.thirdparty.io.grpc.StatusRuntimeException: UNAVAILABLE: io exception
2019-09-05 08:30:52,709 [grpc-default-executor-10] INFO  impl.FollowerInfo (FollowerInfo.java:lambda$new$0(50)) - omNode-3->omNode-2: nextIndex: updateUnconditionally 0 -> 0
2019-09-05 08:30:52,709 [grpc-default-executor-4] INFO  impl.FollowerInfo (FollowerInfo.java:lambda$new$0(50)) - omNode-3->omNode-1: nextIndex: updateUnconditionally 0 -> 0
2019-09-05 08:30:53,209 [grpc-default-executor-8] WARN  server.GrpcLogAppender (LogUtils.java:warn(134)) - omNode-3->omNode-1: Failed appendEntries: org.apache.ratis.thirdparty.io.grpc.StatusRuntimeException: UNAVAILABLE: io exception
2019-09-05 08:30:53,209 [grpc-default-executor-9] WARN  server.GrpcLogAppender (LogUtils.java:warn(134)) - omNode-3->omNode-2: Failed appendEntries: org.apache.ratis.thirdparty.io.grpc.StatusRuntimeException: UNAVAILABLE: io exception
2019-09-05 08:30:53,209 [grpc-default-executor-8] INFO  impl.FollowerInfo (FollowerInfo.java:lambda$new$0(50)) - omNode-3->omNode-1: nextIndex: updateUnconditionally 0 -> 0
2019-09-05 08:30:53,209 [grpc-default-executor-9] INFO  impl.FollowerInfo (FollowerInfo.java:lambda$new$0(50)) - omNode-3->omNode-2: nextIndex: updateUnconditionally 0 -> 0
2019-09-05 08:30:53,434 | INFO  | SCMAudit | user=jenkins1000 | ip=192.168.36.69 | op=SEND_HEARTBEAT {datanodeUUID=baa0ac9c-d259-45b0-b366-08e52759ad0f, command=[]} | ret=SUCCESS |  
2019-09-05 08:30:53,709 [grpc-default-executor-9] WARN  server.GrpcLogAppender (LogUtils.java:warn(134)) - omNode-3->omNode-1: Failed appendEntries: org.apache.ratis.thirdparty.io.grpc.StatusRuntimeException: UNAVAILABLE: io exception
2019-09-05 08:30:53,709 [grpc-default-executor-10] WARN  server.GrpcLogAppender (LogUtils.java:warn(134)) - omNode-3->omNode-2: Failed appendEntries: org.apache.ratis.thirdparty.io.grpc.StatusRuntimeException: UNAVAILABLE: io exception
2019-09-05 08:30:53,710 [grpc-default-executor-9] INFO  impl.FollowerInfo (FollowerInfo.java:lambda$new$0(50)) - omNode-3->omNode-1: nextIndex: updateUnconditionally 0 -> 0
2019-09-05 08:30:53,710 [grpc-default-executor-10] INFO  impl.FollowerInfo (FollowerInfo.java:lambda$new$0(50)) - omNode-3->omNode-2: nextIndex: updateUnconditionally 0 -> 0
2019-09-05 08:30:54,210 [grpc-default-executor-8] WARN  server.GrpcLogAppender (LogUtils.java:warn(134)) - omNode-3->omNode-1: Failed appendEntries: org.apache.ratis.thirdparty.io.grpc.StatusRuntimeException: UNAVAILABLE: io exception
2019-09-05 08:30:54,210 [grpc-default-executor-11] WARN  server.GrpcLogAppender (LogUtils.java:warn(134)) - omNode-3->omNode-2: Failed appendEntries: org.apache.ratis.thirdparty.io.grpc.StatusRuntimeException: UNAVAILABLE: io exception
2019-09-05 08:30:54,210 [grpc-default-executor-8] INFO  impl.FollowerInfo (FollowerInfo.java:lambda$new$0(50)) - omNode-3->omNode-1: nextIndex: updateUnconditionally 0 -> 0
2019-09-05 08:30:54,210 [grpc-default-executor-11] INFO  impl.FollowerInfo (FollowerInfo.java:lambda$new$0(50)) - omNode-3->omNode-2: nextIndex: updateUnconditionally 0 -> 0
2019-09-05 08:30:54,435 | INFO  | SCMAudit | user=jenkins1000 | ip=192.168.36.69 | op=SEND_HEARTBEAT {datanodeUUID=baa0ac9c-d259-45b0-b366-08e52759ad0f, command=[]} | ret=SUCCESS |  
2019-09-05 08:30:54,711 [grpc-default-executor-9] WARN  server.GrpcLogAppender (LogUtils.java:warn(134)) - omNode-3->omNode-2: Failed appendEntries: org.apache.ratis.thirdparty.io.grpc.StatusRuntimeException: UNAVAILABLE: io exception
2019-09-05 08:30:54,711 [grpc-default-executor-10] WARN  server.GrpcLogAppender (LogUtils.java:warn(134)) - omNode-3->omNode-1: Failed appendEntries: org.apache.ratis.thirdparty.io.grpc.StatusRuntimeException: UNAVAILABLE: io exception
2019-09-05 08:30:54,712 [grpc-default-executor-9] INFO  impl.FollowerInfo (FollowerInfo.java:lambda$new$0(50)) - omNode-3->omNode-2: nextIndex: updateUnconditionally 0 -> 0
2019-09-05 08:30:54,712 [grpc-default-executor-10] INFO  impl.FollowerInfo (FollowerInfo.java:lambda$new$0(50)) - omNode-3->omNode-1: nextIndex: updateUnconditionally 0 -> 0
2019-09-05 08:30:55,212 [grpc-default-executor-4] WARN  server.GrpcLogAppender (LogUtils.java:warn(134)) - omNode-3->omNode-2: Failed appendEntries: org.apache.ratis.thirdparty.io.grpc.StatusRuntimeException: UNAVAILABLE: io exception
2019-09-05 08:30:55,212 [grpc-default-executor-11] WARN  server.GrpcLogAppender (LogUtils.java:warn(134)) - omNode-3->omNode-1: Failed appendEntries: org.apache.ratis.thirdparty.io.grpc.StatusRuntimeException: UNAVAILABLE: io exception
2019-09-05 08:30:55,212 [grpc-default-executor-4] INFO  impl.FollowerInfo (FollowerInfo.java:lambda$new$0(50)) - omNode-3->omNode-2: nextIndex: updateUnconditionally 0 -> 0
2019-09-05 08:30:55,213 [grpc-default-executor-11] INFO  impl.FollowerInfo (FollowerInfo.java:lambda$new$0(50)) - omNode-3->omNode-1: nextIndex: updateUnconditionally 0 -> 0
2019-09-05 08:30:55,435 | INFO  | SCMAudit | user=jenkins1000 | ip=192.168.36.69 | op=SEND_HEARTBEAT {datanodeUUID=baa0ac9c-d259-45b0-b366-08e52759ad0f, command=[]} | ret=SUCCESS |  
2019-09-05 08:30:55,712 [grpc-default-executor-8] WARN  server.GrpcLogAppender (LogUtils.java:warn(134)) - omNode-3->omNode-2: Failed appendEntries: org.apache.ratis.thirdparty.io.grpc.StatusRuntimeException: UNAVAILABLE: io exception
2019-09-05 08:30:55,712 [grpc-default-executor-9] WARN  server.GrpcLogAppender (LogUtils.java:warn(134)) - omNode-3->omNode-1: Failed appendEntries: org.apache.ratis.thirdparty.io.grpc.StatusRuntimeException: UNAVAILABLE: io exception
2019-09-05 08:30:55,712 [grpc-default-executor-8] INFO  impl.FollowerInfo (FollowerInfo.java:lambda$new$0(50)) - omNode-3->omNode-2: nextIndex: updateUnconditionally 0 -> 0
2019-09-05 08:30:55,713 [grpc-default-executor-9] INFO  impl.FollowerInfo (FollowerInfo.java:lambda$new$0(50)) - omNode-3->omNode-1: nextIndex: updateUnconditionally 0 -> 0
2019-09-05 08:30:56,213 [grpc-default-executor-8] WARN  server.GrpcLogAppender (LogUtils.java:warn(134)) - omNode-3->omNode-2: Failed appendEntries: org.apache.ratis.thirdparty.io.grpc.StatusRuntimeException: UNAVAILABLE: io exception
2019-09-05 08:30:56,213 [grpc-default-executor-11] WARN  server.GrpcLogAppender (LogUtils.java:warn(134)) - omNode-3->omNode-1: Failed appendEntries: org.apache.ratis.thirdparty.io.grpc.StatusRuntimeException: UNAVAILABLE: io exception
2019-09-05 08:30:56,213 [grpc-default-executor-8] INFO  impl.FollowerInfo (FollowerInfo.java:lambda$new$0(50)) - omNode-3->omNode-2: nextIndex: updateUnconditionally 0 -> 0
2019-09-05 08:30:56,213 [grpc-default-executor-11] INFO  impl.FollowerInfo (FollowerInfo.java:lambda$new$0(50)) - omNode-3->omNode-1: nextIndex: updateUnconditionally 0 -> 0
2019-09-05 08:30:56,435 | INFO  | SCMAudit | user=jenkins1000 | ip=192.168.36.69 | op=SEND_HEARTBEAT {datanodeUUID=baa0ac9c-d259-45b0-b366-08e52759ad0f, command=[]} | ret=SUCCESS |  
2019-09-05 08:30:56,713 [grpc-default-executor-11] WARN  server.GrpcLogAppender (LogUtils.java:warn(134)) - omNode-3->omNode-1: Failed appendEntries: org.apache.ratis.thirdparty.io.grpc.StatusRuntimeException: UNAVAILABLE: io exception
2019-09-05 08:30:56,713 [grpc-default-executor-7] WARN  server.GrpcLogAppender (LogUtils.java:warn(134)) - omNode-3->omNode-2: Failed appendEntries: org.apache.ratis.thirdparty.io.grpc.StatusRuntimeException: UNAVAILABLE: io exception
2019-09-05 08:30:56,714 [grpc-default-executor-11] INFO  impl.FollowerInfo (FollowerInfo.java:lambda$new$0(50)) - omNode-3->omNode-1: nextIndex: updateUnconditionally 0 -> 0
2019-09-05 08:30:56,714 [grpc-default-executor-7] INFO  impl.FollowerInfo (FollowerInfo.java:lambda$new$0(50)) - omNode-3->omNode-2: nextIndex: updateUnconditionally 0 -> 0
2019-09-05 08:30:57,214 [grpc-default-executor-8] WARN  server.GrpcLogAppender (LogUtils.java:warn(134)) - omNode-3->omNode-2: Failed appendEntries: org.apache.ratis.thirdparty.io.grpc.StatusRuntimeException: UNAVAILABLE: io exception
2019-09-05 08:30:57,214 [grpc-default-executor-9] WARN  server.GrpcLogAppender (LogUtils.java:warn(134)) - omNode-3->omNode-1: Failed appendEntries: org.apache.ratis.thirdparty.io.grpc.StatusRuntimeException: UNAVAILABLE: io exception
2019-09-05 08:30:57,215 [grpc-default-executor-8] INFO  impl.FollowerInfo (FollowerInfo.java:lambda$new$0(50)) - omNode-3->omNode-2: nextIndex: updateUnconditionally 0 -> 0
2019-09-05 08:30:57,215 [grpc-default-executor-9] INFO  impl.FollowerInfo (FollowerInfo.java:lambda$new$0(50)) - omNode-3->omNode-1: nextIndex: updateUnconditionally 0 -> 0
2019-09-05 08:30:57,435 | INFO  | SCMAudit | user=jenkins1000 | ip=192.168.36.69 | op=SEND_HEARTBEAT {datanodeUUID=baa0ac9c-d259-45b0-b366-08e52759ad0f, command=[]} | ret=SUCCESS |  
2019-09-05 08:30:57,715 [grpc-default-executor-9] WARN  server.GrpcLogAppender (LogUtils.java:warn(134)) - omNode-3->omNode-1: Failed appendEntries: org.apache.ratis.thirdparty.io.grpc.StatusRuntimeException: UNAVAILABLE: io exception
2019-09-05 08:30:57,715 [grpc-default-executor-7] WARN  server.GrpcLogAppender (LogUtils.java:warn(134)) - omNode-3->omNode-2: Failed appendEntries: org.apache.ratis.thirdparty.io.grpc.StatusRuntimeException: UNAVAILABLE: io exception
2019-09-05 08:30:57,715 [grpc-default-executor-9] INFO  impl.FollowerInfo (FollowerInfo.java:lambda$new$0(50)) - omNode-3->omNode-1: nextIndex: updateUnconditionally 0 -> 0
2019-09-05 08:30:57,715 [grpc-default-executor-7] INFO  impl.FollowerInfo (FollowerInfo.java:lambda$new$0(50)) - omNode-3->omNode-2: nextIndex: updateUnconditionally 0 -> 0
2019-09-05 08:30:58,215 [grpc-default-executor-10] WARN  server.GrpcLogAppender (LogUtils.java:warn(134)) - omNode-3->omNode-2: Failed appendEntries: org.apache.ratis.thirdparty.io.grpc.StatusRuntimeException: UNAVAILABLE: io exception
2019-09-05 08:30:58,215 [grpc-default-executor-8] WARN  server.GrpcLogAppender (LogUtils.java:warn(134)) - omNode-3->omNode-1: Failed appendEntries: org.apache.ratis.thirdparty.io.grpc.StatusRuntimeException: UNAVAILABLE: io exception
2019-09-05 08:30:58,215 [grpc-default-executor-10] INFO  impl.FollowerInfo (FollowerInfo.java:lambda$new$0(50)) - omNode-3->omNode-2: nextIndex: updateUnconditionally 0 -> 0
2019-09-05 08:30:58,216 [grpc-default-executor-8] INFO  impl.FollowerInfo (FollowerInfo.java:lambda$new$0(50)) - omNode-3->omNode-1: nextIndex: updateUnconditionally 0 -> 0
2019-09-05 08:30:58,434 | INFO  | SCMAudit | user=jenkins1000 | ip=192.168.36.69 | op=SEND_HEARTBEAT {datanodeUUID=baa0ac9c-d259-45b0-b366-08e52759ad0f, command=[]} | ret=SUCCESS |  
2019-09-05 08:30:58,716 [grpc-default-executor-10] WARN  server.GrpcLogAppender (LogUtils.java:warn(134)) - omNode-3->omNode-2: Failed appendEntries: org.apache.ratis.thirdparty.io.grpc.StatusRuntimeException: UNAVAILABLE: io exception
2019-09-05 08:30:58,716 [grpc-default-executor-4] WARN  server.GrpcLogAppender (LogUtils.java:warn(134)) - omNode-3->omNode-1: Failed appendEntries: org.apache.ratis.thirdparty.io.grpc.StatusRuntimeException: UNAVAILABLE: io exception
2019-09-05 08:30:58,716 [grpc-default-executor-10] INFO  impl.FollowerInfo (FollowerInfo.java:lambda$new$0(50)) - omNode-3->omNode-2: nextIndex: updateUnconditionally 0 -> 0
2019-09-05 08:30:58,716 [grpc-default-executor-4] INFO  impl.FollowerInfo (FollowerInfo.java:lambda$new$0(50)) - omNode-3->omNode-1: nextIndex: updateUnconditionally 0 -> 0
2019-09-05 08:30:59,216 [grpc-default-executor-8] WARN  server.GrpcLogAppender (LogUtils.java:warn(134)) - omNode-3->omNode-2: Failed appendEntries: org.apache.ratis.thirdparty.io.grpc.StatusRuntimeException: UNAVAILABLE: io exception
2019-09-05 08:30:59,216 [grpc-default-executor-4] WARN  server.GrpcLogAppender (LogUtils.java:warn(134)) - omNode-3->omNode-1: Failed appendEntries: org.apache.ratis.thirdparty.io.grpc.StatusRuntimeException: UNAVAILABLE: io exception
2019-09-05 08:30:59,217 [grpc-default-executor-8] INFO  impl.FollowerInfo (FollowerInfo.java:lambda$new$0(50)) - omNode-3->omNode-2: nextIndex: updateUnconditionally 0 -> 0
2019-09-05 08:30:59,217 [grpc-default-executor-4] INFO  impl.FollowerInfo (FollowerInfo.java:lambda$new$0(50)) - omNode-3->omNode-1: nextIndex: updateUnconditionally 0 -> 0
2019-09-05 08:30:59,435 | INFO  | SCMAudit | user=jenkins1000 | ip=192.168.36.69 | op=SEND_HEARTBEAT {datanodeUUID=baa0ac9c-d259-45b0-b366-08e52759ad0f, command=[]} | ret=SUCCESS |  
2019-09-05 08:30:59,717 [grpc-default-executor-9] WARN  server.GrpcLogAppender (LogUtils.java:warn(134)) - omNode-3->omNode-2: Failed appendEntries: org.apache.ratis.thirdparty.io.grpc.StatusRuntimeException: UNAVAILABLE: io exception
2019-09-05 08:30:59,717 [grpc-default-executor-10] WARN  server.GrpcLogAppender (LogUtils.java:warn(134)) - omNode-3->omNode-1: Failed appendEntries: org.apache.ratis.thirdparty.io.grpc.StatusRuntimeException: UNAVAILABLE: io exception
2019-09-05 08:30:59,717 [grpc-default-executor-9] INFO  impl.FollowerInfo (FollowerInfo.java:lambda$new$0(50)) - omNode-3->omNode-2: nextIndex: updateUnconditionally 0 -> 0
2019-09-05 08:30:59,718 [grpc-default-executor-10] INFO  impl.FollowerInfo (FollowerInfo.java:lambda$new$0(50)) - omNode-3->omNode-1: nextIndex: updateUnconditionally 0 -> 0
2019-09-05 08:31:00,217 [grpc-default-executor-7] WARN  server.GrpcLogAppender (LogUtils.java:warn(134)) - omNode-3->omNode-1: Failed appendEntries: org.apache.ratis.thirdparty.io.grpc.StatusRuntimeException: UNAVAILABLE: io exception
2019-09-05 08:31:00,217 [grpc-default-executor-11] WARN  server.GrpcLogAppender (LogUtils.java:warn(134)) - omNode-3->omNode-2: Failed appendEntries: org.apache.ratis.thirdparty.io.grpc.StatusRuntimeException: UNAVAILABLE: io exception
2019-09-05 08:31:00,217 [grpc-default-executor-7] INFO  impl.FollowerInfo (FollowerInfo.java:lambda$new$0(50)) - omNode-3->omNode-1: nextIndex: updateUnconditionally 0 -> 0
2019-09-05 08:31:00,218 [grpc-default-executor-11] INFO  impl.FollowerInfo (FollowerInfo.java:lambda$new$0(50)) - omNode-3->omNode-2: nextIndex: updateUnconditionally 0 -> 0
2019-09-05 08:31:00,435 | INFO  | SCMAudit | user=jenkins1000 | ip=192.168.36.69 | op=SEND_HEARTBEAT {datanodeUUID=baa0ac9c-d259-45b0-b366-08e52759ad0f, command=[]} | ret=SUCCESS |  
2019-09-05 08:31:00,718 [grpc-default-executor-11] WARN  server.GrpcLogAppender (LogUtils.java:warn(134)) - omNode-3->omNode-2: Failed appendEntries: org.apache.ratis.thirdparty.io.grpc.StatusRuntimeException: UNAVAILABLE: io exception
2019-09-05 08:31:00,718 [grpc-default-executor-10] WARN  server.GrpcLogAppender (LogUtils.java:warn(134)) - omNode-3->omNode-1: Failed appendEntries: org.apache.ratis.thirdparty.io.grpc.StatusRuntimeException: UNAVAILABLE: io exception
2019-09-05 08:31:00,718 [grpc-default-executor-11] INFO  impl.FollowerInfo (FollowerInfo.java:lambda$new$0(50)) - omNode-3->omNode-2: nextIndex: updateUnconditionally 0 -> 0
2019-09-05 08:31:00,719 [grpc-default-executor-10] INFO  impl.FollowerInfo (FollowerInfo.java:lambda$new$0(50)) - omNode-3->omNode-1: nextIndex: updateUnconditionally 0 -> 0
2019-09-05 08:31:01,219 [grpc-default-executor-11] WARN  server.GrpcLogAppender (LogUtils.java:warn(134)) - omNode-3->omNode-2: Failed appendEntries: org.apache.ratis.thirdparty.io.grpc.StatusRuntimeException: UNAVAILABLE: io exception
2019-09-05 08:31:01,219 [grpc-default-executor-4] WARN  server.GrpcLogAppender (LogUtils.java:warn(134)) - omNode-3->omNode-1: Failed appendEntries: org.apache.ratis.thirdparty.io.grpc.StatusRuntimeException: UNAVAILABLE: io exception
2019-09-05 08:31:01,219 [grpc-default-executor-11] INFO  impl.FollowerInfo (FollowerInfo.java:lambda$new$0(50)) - omNode-3->omNode-2: nextIndex: updateUnconditionally 0 -> 0
2019-09-05 08:31:01,219 [grpc-default-executor-4] INFO  impl.FollowerInfo (FollowerInfo.java:lambda$new$0(50)) - omNode-3->omNode-1: nextIndex: updateUnconditionally 0 -> 0
2019-09-05 08:31:01,435 | INFO  | SCMAudit | user=jenkins1000 | ip=192.168.36.69 | op=SEND_HEARTBEAT {datanodeUUID=baa0ac9c-d259-45b0-b366-08e52759ad0f, command=[]} | ret=SUCCESS |  
2019-09-05 08:31:01,719 [grpc-default-executor-7] WARN  server.GrpcLogAppender (LogUtils.java:warn(134)) - omNode-3->omNode-2: Failed appendEntries: org.apache.ratis.thirdparty.io.grpc.StatusRuntimeException: UNAVAILABLE: io exception
2019-09-05 08:31:01,719 [grpc-default-executor-4] WARN  server.GrpcLogAppender (LogUtils.java:warn(134)) - omNode-3->omNode-1: Failed appendEntries: org.apache.ratis.thirdparty.io.grpc.StatusRuntimeException: UNAVAILABLE: io exception
2019-09-05 08:31:01,719 [grpc-default-executor-7] INFO  impl.FollowerInfo (FollowerInfo.java:lambda$new$0(50)) - omNode-3->omNode-2: nextIndex: updateUnconditionally 0 -> 0
2019-09-05 08:31:01,720 [grpc-default-executor-4] INFO  impl.FollowerInfo (FollowerInfo.java:lambda$new$0(50)) - omNode-3->omNode-1: nextIndex: updateUnconditionally 0 -> 0
2019-09-05 08:31:02,220 [grpc-default-executor-8] WARN  server.GrpcLogAppender (LogUtils.java:warn(134)) - omNode-3->omNode-1: Failed appendEntries: org.apache.ratis.thirdparty.io.grpc.StatusRuntimeException: UNAVAILABLE: io exception
2019-09-05 08:31:02,220 [grpc-default-executor-10] WARN  server.GrpcLogAppender (LogUtils.java:warn(134)) - omNode-3->omNode-2: Failed appendEntries: org.apache.ratis.thirdparty.io.grpc.StatusRuntimeException: UNAVAILABLE: io exception
2019-09-05 08:31:02,220 [grpc-default-executor-8] INFO  impl.FollowerInfo (FollowerInfo.java:lambda$new$0(50)) - omNode-3->omNode-1: nextIndex: updateUnconditionally 0 -> 0
2019-09-05 08:31:02,220 [grpc-default-executor-10] INFO  impl.FollowerInfo (FollowerInfo.java:lambda$new$0(50)) - omNode-3->omNode-2: nextIndex: updateUnconditionally 0 -> 0
2019-09-05 08:31:02,435 | INFO  | SCMAudit | user=jenkins1000 | ip=192.168.36.69 | op=SEND_HEARTBEAT {datanodeUUID=baa0ac9c-d259-45b0-b366-08e52759ad0f, command=[]} | ret=SUCCESS |  
2019-09-05 08:31:02,720 [grpc-default-executor-10] WARN  server.GrpcLogAppender (LogUtils.java:warn(134)) - omNode-3->omNode-1: Failed appendEntries: org.apache.ratis.thirdparty.io.grpc.StatusRuntimeException: UNAVAILABLE: io exception
2019-09-05 08:31:02,720 [grpc-default-executor-11] WARN  server.GrpcLogAppender (LogUtils.java:warn(134)) - omNode-3->omNode-2: Failed appendEntries: org.apache.ratis.thirdparty.io.grpc.StatusRuntimeException: UNAVAILABLE: io exception
2019-09-05 08:31:02,721 [grpc-default-executor-10] INFO  impl.FollowerInfo (FollowerInfo.java:lambda$new$0(50)) - omNode-3->omNode-1: nextIndex: updateUnconditionally 0 -> 0
2019-09-05 08:31:02,721 [grpc-default-executor-11] INFO  impl.FollowerInfo (FollowerInfo.java:lambda$new$0(50)) - omNode-3->omNode-2: nextIndex: updateUnconditionally 0 -> 0
2019-09-05 08:31:03,221 [grpc-default-executor-7] WARN  server.GrpcLogAppender (LogUtils.java:warn(134)) - omNode-3->omNode-2: Failed appendEntries: org.apache.ratis.thirdparty.io.grpc.StatusRuntimeException: UNAVAILABLE: io exception
2019-09-05 08:31:03,221 [grpc-default-executor-9] WARN  server.GrpcLogAppender (LogUtils.java:warn(134)) - omNode-3->omNode-1: Failed appendEntries: org.apache.ratis.thirdparty.io.grpc.StatusRuntimeException: UNAVAILABLE: io exception
2019-09-05 08:31:03,221 [grpc-default-executor-7] INFO  impl.FollowerInfo (FollowerInfo.java:lambda$new$0(50)) - omNode-3->omNode-2: nextIndex: updateUnconditionally 0 -> 0
2019-09-05 08:31:03,222 [grpc-default-executor-9] INFO  impl.FollowerInfo (FollowerInfo.java:lambda$new$0(50)) - omNode-3->omNode-1: nextIndex: updateUnconditionally 0 -> 0
2019-09-05 08:31:03,435 | INFO  | SCMAudit | user=jenkins1000 | ip=192.168.36.69 | op=SEND_HEARTBEAT {datanodeUUID=baa0ac9c-d259-45b0-b366-08e52759ad0f, command=[]} | ret=SUCCESS |  
2019-09-05 08:31:03,722 [grpc-default-executor-7] WARN  server.GrpcLogAppender (LogUtils.java:warn(134)) - omNode-3->omNode-1: Failed appendEntries: org.apache.ratis.thirdparty.io.grpc.StatusRuntimeException: UNAVAILABLE: io exception
2019-09-05 08:31:03,722 [grpc-default-executor-9] WARN  server.GrpcLogAppender (LogUtils.java:warn(134)) - omNode-3->omNode-2: Failed appendEntries: org.apache.ratis.thirdparty.io.grpc.StatusRuntimeException: UNAVAILABLE: io exception
2019-09-05 08:31:03,722 [grpc-default-executor-7] INFO  impl.FollowerInfo (FollowerInfo.java:lambda$new$0(50)) - omNode-3->omNode-1: nextIndex: updateUnconditionally 0 -> 0
2019-09-05 08:31:03,722 [grpc-default-executor-9] INFO  impl.FollowerInfo (FollowerInfo.java:lambda$new$0(50)) - omNode-3->omNode-2: nextIndex: updateUnconditionally 0 -> 0
2019-09-05 08:31:04,222 [grpc-default-executor-10] WARN  server.GrpcLogAppender (LogUtils.java:warn(134)) - omNode-3->omNode-1: Failed appendEntries: org.apache.ratis.thirdparty.io.grpc.StatusRuntimeException: UNAVAILABLE: io exception
2019-09-05 08:31:04,222 [grpc-default-executor-11] WARN  server.GrpcLogAppender (LogUtils.java:warn(134)) - omNode-3->omNode-2: Failed appendEntries: org.apache.ratis.thirdparty.io.grpc.StatusRuntimeException: UNAVAILABLE: io exception
2019-09-05 08:31:04,222 [grpc-default-executor-10] INFO  impl.FollowerInfo (FollowerInfo.java:lambda$new$0(50)) - omNode-3->omNode-1: nextIndex: updateUnconditionally 0 -> 0
2019-09-05 08:31:04,223 [grpc-default-executor-11] INFO  impl.FollowerInfo (FollowerInfo.java:lambda$new$0(50)) - omNode-3->omNode-2: nextIndex: updateUnconditionally 0 -> 0
2019-09-05 08:31:04,435 | INFO  | SCMAudit | user=jenkins1000 | ip=192.168.36.69 | op=SEND_HEARTBEAT {datanodeUUID=baa0ac9c-d259-45b0-b366-08e52759ad0f, command=[]} | ret=SUCCESS |  
2019-09-05 08:31:04,723 [grpc-default-executor-4] WARN  server.GrpcLogAppender (LogUtils.java:warn(134)) - omNode-3->omNode-1: Failed appendEntries: org.apache.ratis.thirdparty.io.grpc.StatusRuntimeException: UNAVAILABLE: io exception
2019-09-05 08:31:04,723 [grpc-default-executor-7] WARN  server.GrpcLogAppender (LogUtils.java:warn(134)) - omNode-3->omNode-2: Failed appendEntries: org.apache.ratis.thirdparty.io.grpc.StatusRuntimeException: UNAVAILABLE: io exception
2019-09-05 08:31:04,724 [grpc-default-executor-4] INFO  impl.FollowerInfo (FollowerInfo.java:lambda$new$0(50)) - omNode-3->omNode-1: nextIndex: updateUnconditionally 0 -> 0
2019-09-05 08:31:04,724 [grpc-default-executor-7] INFO  impl.FollowerInfo (FollowerInfo.java:lambda$new$0(50)) - omNode-3->omNode-2: nextIndex: updateUnconditionally 0 -> 0
2019-09-05 08:31:05,224 [grpc-default-executor-11] WARN  server.GrpcLogAppender (LogUtils.java:warn(134)) - omNode-3->omNode-2: Failed appendEntries: org.apache.ratis.thirdparty.io.grpc.StatusRuntimeException: UNAVAILABLE: io exception
2019-09-05 08:31:05,224 [grpc-default-executor-4] WARN  server.GrpcLogAppender (LogUtils.java:warn(134)) - omNode-3->omNode-1: Failed appendEntries: org.apache.ratis.thirdparty.io.grpc.StatusRuntimeException: UNAVAILABLE: io exception
2019-09-05 08:31:05,224 [grpc-default-executor-11] INFO  impl.FollowerInfo (FollowerInfo.java:lambda$new$0(50)) - omNode-3->omNode-2: nextIndex: updateUnconditionally 0 -> 0
2019-09-05 08:31:05,224 [grpc-default-executor-4] INFO  impl.FollowerInfo (FollowerInfo.java:lambda$new$0(50)) - omNode-3->omNode-1: nextIndex: updateUnconditionally 0 -> 0
2019-09-05 08:31:05,435 | INFO  | SCMAudit | user=jenkins1000 | ip=192.168.36.69 | op=SEND_HEARTBEAT {datanodeUUID=baa0ac9c-d259-45b0-b366-08e52759ad0f, command=[]} | ret=SUCCESS |  
2019-09-05 08:31:05,724 [grpc-default-executor-7] WARN  server.GrpcLogAppender (LogUtils.java:warn(134)) - omNode-3->omNode-1: Failed appendEntries: org.apache.ratis.thirdparty.io.grpc.StatusRuntimeException: UNAVAILABLE: io exception
2019-09-05 08:31:05,724 [grpc-default-executor-8] WARN  server.GrpcLogAppender (LogUtils.java:warn(134)) - omNode-3->omNode-2: Failed appendEntries: org.apache.ratis.thirdparty.io.grpc.StatusRuntimeException: UNAVAILABLE: io exception
2019-09-05 08:31:05,724 [grpc-default-executor-7] INFO  impl.FollowerInfo (FollowerInfo.java:lambda$new$0(50)) - omNode-3->omNode-1: nextIndex: updateUnconditionally 0 -> 0
2019-09-05 08:31:05,725 [grpc-default-executor-8] INFO  impl.FollowerInfo (FollowerInfo.java:lambda$new$0(50)) - omNode-3->omNode-2: nextIndex: updateUnconditionally 0 -> 0
2019-09-05 08:31:06,225 [grpc-default-executor-7] WARN  server.GrpcLogAppender (LogUtils.java:warn(134)) - omNode-3->omNode-2: Failed appendEntries: org.apache.ratis.thirdparty.io.grpc.StatusRuntimeException: UNAVAILABLE: io exception
2019-09-05 08:31:06,225 [grpc-default-executor-10] WARN  server.GrpcLogAppender (LogUtils.java:warn(134)) - omNode-3->omNode-1: Failed appendEntries: org.apache.ratis.thirdparty.io.grpc.StatusRuntimeException: UNAVAILABLE: io exception
2019-09-05 08:31:06,225 [grpc-default-executor-7] INFO  impl.FollowerInfo (FollowerInfo.java:lambda$new$0(50)) - omNode-3->omNode-2: nextIndex: updateUnconditionally 0 -> 0
2019-09-05 08:31:06,226 [grpc-default-executor-10] INFO  impl.FollowerInfo (FollowerInfo.java:lambda$new$0(50)) - omNode-3->omNode-1: nextIndex: updateUnconditionally 0 -> 0
2019-09-05 08:31:06,435 | INFO  | SCMAudit | user=jenkins1000 | ip=192.168.36.69 | op=SEND_HEARTBEAT {datanodeUUID=baa0ac9c-d259-45b0-b366-08e52759ad0f, command=[]} | ret=SUCCESS |  
2019-09-05 08:31:06,725 [grpc-default-executor-7] WARN  server.GrpcLogAppender (LogUtils.java:warn(134)) - omNode-3->omNode-1: Failed appendEntries: org.apache.ratis.thirdparty.io.grpc.StatusRuntimeException: UNAVAILABLE: io exception
2019-09-05 08:31:06,725 [grpc-default-executor-4] WARN  server.GrpcLogAppender (LogUtils.java:warn(134)) - omNode-3->omNode-2: Failed appendEntries: org.apache.ratis.thirdparty.io.grpc.StatusRuntimeException: UNAVAILABLE: io exception
2019-09-05 08:31:06,726 [grpc-default-executor-7] INFO  impl.FollowerInfo (FollowerInfo.java:lambda$new$0(50)) - omNode-3->omNode-1: nextIndex: updateUnconditionally 0 -> 0
2019-09-05 08:31:06,726 [grpc-default-executor-4] INFO  impl.FollowerInfo (FollowerInfo.java:lambda$new$0(50)) - omNode-3->omNode-2: nextIndex: updateUnconditionally 0 -> 0
2019-09-05 08:31:07,226 [grpc-default-executor-8] WARN  server.GrpcLogAppender (LogUtils.java:warn(134)) - omNode-3->omNode-1: Failed appendEntries: org.apache.ratis.thirdparty.io.grpc.StatusRuntimeException: UNAVAILABLE: io exception
2019-09-05 08:31:07,226 [grpc-default-executor-4] WARN  server.GrpcLogAppender (LogUtils.java:warn(134)) - omNode-3->omNode-2: Failed appendEntries: org.apache.ratis.thirdparty.io.grpc.StatusRuntimeException: UNAVAILABLE: io exception
2019-09-05 08:31:07,226 [grpc-default-executor-8] INFO  impl.FollowerInfo (FollowerInfo.java:lambda$new$0(50)) - omNode-3->omNode-1: nextIndex: updateUnconditionally 0 -> 0
2019-09-05 08:31:07,227 [grpc-default-executor-4] INFO  impl.FollowerInfo (FollowerInfo.java:lambda$new$0(50)) - omNode-3->omNode-2: nextIndex: updateUnconditionally 0 -> 0
2019-09-05 08:31:07,434 | INFO  | SCMAudit | user=jenkins1000 | ip=192.168.36.69 | op=SEND_HEARTBEAT {datanodeUUID=baa0ac9c-d259-45b0-b366-08e52759ad0f, command=[]} | ret=SUCCESS |  
2019-09-05 08:31:07,727 [grpc-default-executor-9] WARN  server.GrpcLogAppender (LogUtils.java:warn(134)) - omNode-3->omNode-2: Failed appendEntries: org.apache.ratis.thirdparty.io.grpc.StatusRuntimeException: UNAVAILABLE: io exception
2019-09-05 08:31:07,727 [grpc-default-executor-9] INFO  impl.FollowerInfo (FollowerInfo.java:lambda$new$0(50)) - omNode-3->omNode-2: nextIndex: updateUnconditionally 0 -> 0
2019-09-05 08:31:07,727 [grpc-default-executor-9] WARN  server.GrpcLogAppender (LogUtils.java:warn(134)) - omNode-3->omNode-1: Failed appendEntries: org.apache.ratis.thirdparty.io.grpc.StatusRuntimeException: UNAVAILABLE: io exception
2019-09-05 08:31:07,728 [grpc-default-executor-9] INFO  impl.FollowerInfo (FollowerInfo.java:lambda$new$0(50)) - omNode-3->omNode-1: nextIndex: updateUnconditionally 0 -> 0
2019-09-05 08:31:08,227 [grpc-default-executor-8] WARN  server.GrpcLogAppender (LogUtils.java:warn(134)) - omNode-3->omNode-1: Failed appendEntries: org.apache.ratis.thirdparty.io.grpc.StatusRuntimeException: UNAVAILABLE: io exception
2019-09-05 08:31:08,227 [grpc-default-executor-7] WARN  server.GrpcLogAppender (LogUtils.java:warn(134)) - omNode-3->omNode-2: Failed appendEntries: org.apache.ratis.thirdparty.io.grpc.StatusRuntimeException: UNAVAILABLE: io exception
2019-09-05 08:31:08,228 [grpc-default-executor-8] INFO  impl.FollowerInfo (FollowerInfo.java:lambda$new$0(50)) - omNode-3->omNode-1: nextIndex: updateUnconditionally 0 -> 0
2019-09-05 08:31:08,228 [grpc-default-executor-7] INFO  impl.FollowerInfo (FollowerInfo.java:lambda$new$0(50)) - omNode-3->omNode-2: nextIndex: updateUnconditionally 0 -> 0
2019-09-05 08:31:08,435 | INFO  | SCMAudit | user=jenkins1000 | ip=192.168.36.69 | op=SEND_HEARTBEAT {datanodeUUID=baa0ac9c-d259-45b0-b366-08e52759ad0f, command=[]} | ret=SUCCESS |  
2019-09-05 08:31:08,728 [grpc-default-executor-9] WARN  server.GrpcLogAppender (LogUtils.java:warn(134)) - omNode-3->omNode-2: Failed appendEntries: org.apache.ratis.thirdparty.io.grpc.StatusRuntimeException: UNAVAILABLE: io exception
2019-09-05 08:31:08,728 [grpc-default-executor-11] WARN  server.GrpcLogAppender (LogUtils.java:warn(134)) - omNode-3->omNode-1: Failed appendEntries: org.apache.ratis.thirdparty.io.grpc.StatusRuntimeException: UNAVAILABLE: io exception
2019-09-05 08:31:08,729 [grpc-default-executor-9] INFO  impl.FollowerInfo (FollowerInfo.java:lambda$new$0(50)) - omNode-3->omNode-2: nextIndex: updateUnconditionally 0 -> 0
2019-09-05 08:31:08,729 [grpc-default-executor-11] INFO  impl.FollowerInfo (FollowerInfo.java:lambda$new$0(50)) - omNode-3->omNode-1: nextIndex: updateUnconditionally 0 -> 0
2019-09-05 08:31:09,228 [grpc-default-executor-7] WARN  server.GrpcLogAppender (LogUtils.java:warn(134)) - omNode-3->omNode-2: Failed appendEntries: org.apache.ratis.thirdparty.io.grpc.StatusRuntimeException: UNAVAILABLE: io exception
2019-09-05 08:31:09,228 [grpc-default-executor-8] WARN  server.GrpcLogAppender (LogUtils.java:warn(134)) - omNode-3->omNode-1: Failed appendEntries: org.apache.ratis.thirdparty.io.grpc.StatusRuntimeException: UNAVAILABLE: io exception
2019-09-05 08:31:09,228 [grpc-default-executor-7] INFO  impl.FollowerInfo (FollowerInfo.java:lambda$new$0(50)) - omNode-3->omNode-2: nextIndex: updateUnconditionally 0 -> 0
2019-09-05 08:31:09,229 [grpc-default-executor-8] INFO  impl.FollowerInfo (FollowerInfo.java:lambda$new$0(50)) - omNode-3->omNode-1: nextIndex: updateUnconditionally 0 -> 0
2019-09-05 08:31:09,435 | INFO  | SCMAudit | user=jenkins1000 | ip=192.168.36.69 | op=SEND_HEARTBEAT {datanodeUUID=baa0ac9c-d259-45b0-b366-08e52759ad0f, command=[]} | ret=SUCCESS |  
2019-09-05 08:31:09,729 [grpc-default-executor-7] WARN  server.GrpcLogAppender (LogUtils.java:warn(134)) - omNode-3->omNode-2: Failed appendEntries: org.apache.ratis.thirdparty.io.grpc.StatusRuntimeException: UNAVAILABLE: io exception
2019-09-05 08:31:09,729 [grpc-default-executor-4] WARN  server.GrpcLogAppender (LogUtils.java:warn(134)) - omNode-3->omNode-1: Failed appendEntries: org.apache.ratis.thirdparty.io.grpc.StatusRuntimeException: UNAVAILABLE: io exception
2019-09-05 08:31:09,729 [grpc-default-executor-7] INFO  impl.FollowerInfo (FollowerInfo.java:lambda$new$0(50)) - omNode-3->omNode-2: nextIndex: updateUnconditionally 0 -> 0
2019-09-05 08:31:09,730 [grpc-default-executor-4] INFO  impl.FollowerInfo (FollowerInfo.java:lambda$new$0(50)) - omNode-3->omNode-1: nextIndex: updateUnconditionally 0 -> 0
2019-09-05 08:31:10,230 [grpc-default-executor-9] WARN  server.GrpcLogAppender (LogUtils.java:warn(134)) - omNode-3->omNode-1: Failed appendEntries: org.apache.ratis.thirdparty.io.grpc.StatusRuntimeException: UNAVAILABLE: io exception
2019-09-05 08:31:10,230 [grpc-default-executor-7] WARN  server.GrpcLogAppender (LogUtils.java:warn(134)) - omNode-3->omNode-2: Failed appendEntries: org.apache.ratis.thirdparty.io.grpc.StatusRuntimeException: UNAVAILABLE: io exception
2019-09-05 08:31:10,230 [grpc-default-executor-9] INFO  impl.FollowerInfo (FollowerInfo.java:lambda$new$0(50)) - omNode-3->omNode-1: nextIndex: updateUnconditionally 0 -> 0
2019-09-05 08:31:10,230 [grpc-default-executor-7] INFO  impl.FollowerInfo (FollowerInfo.java:lambda$new$0(50)) - omNode-3->omNode-2: nextIndex: updateUnconditionally 0 -> 0
2019-09-05 08:31:10,436 | INFO  | SCMAudit | user=jenkins1000 | ip=192.168.36.69 | op=SEND_HEARTBEAT {datanodeUUID=baa0ac9c-d259-45b0-b366-08e52759ad0f, command=[]} | ret=SUCCESS |  
2019-09-05 08:31:10,730 [grpc-default-executor-11] WARN  server.GrpcLogAppender (LogUtils.java:warn(134)) - omNode-3->omNode-2: Failed appendEntries: org.apache.ratis.thirdparty.io.grpc.StatusRuntimeException: UNAVAILABLE: io exception
2019-09-05 08:31:10,730 [grpc-default-executor-8] WARN  server.GrpcLogAppender (LogUtils.java:warn(134)) - omNode-3->omNode-1: Failed appendEntries: org.apache.ratis.thirdparty.io.grpc.StatusRuntimeException: UNAVAILABLE: io exception
2019-09-05 08:31:10,731 [grpc-default-executor-11] INFO  impl.FollowerInfo (FollowerInfo.java:lambda$new$0(50)) - omNode-3->omNode-2: nextIndex: updateUnconditionally 0 -> 0
2019-09-05 08:31:10,731 [grpc-default-executor-8] INFO  impl.FollowerInfo (FollowerInfo.java:lambda$new$0(50)) - omNode-3->omNode-1: nextIndex: updateUnconditionally 0 -> 0
2019-09-05 08:31:11,231 [grpc-default-executor-4] WARN  server.GrpcLogAppender (LogUtils.java:warn(134)) - omNode-3->omNode-1: Failed appendEntries: org.apache.ratis.thirdparty.io.grpc.StatusRuntimeException: UNAVAILABLE: io exception
2019-09-05 08:31:11,231 [grpc-default-executor-7] WARN  server.GrpcLogAppender (LogUtils.java:warn(134)) - omNode-3->omNode-2: Failed appendEntries: org.apache.ratis.thirdparty.io.grpc.StatusRuntimeException: UNAVAILABLE: io exception
2019-09-05 08:31:11,231 [grpc-default-executor-4] INFO  impl.FollowerInfo (FollowerInfo.java:lambda$new$0(50)) - omNode-3->omNode-1: nextIndex: updateUnconditionally 0 -> 0
2019-09-05 08:31:11,231 [grpc-default-executor-7] INFO  impl.FollowerInfo (FollowerInfo.java:lambda$new$0(50)) - omNode-3->omNode-2: nextIndex: updateUnconditionally 0 -> 0
2019-09-05 08:31:11,436 | INFO  | SCMAudit | user=jenkins1000 | ip=192.168.36.69 | op=SEND_HEARTBEAT {datanodeUUID=baa0ac9c-d259-45b0-b366-08e52759ad0f, command=[]} | ret=SUCCESS |  
2019-09-05 08:31:11,731 [grpc-default-executor-4] WARN  server.GrpcLogAppender (LogUtils.java:warn(134)) - omNode-3->omNode-1: Failed appendEntries: org.apache.ratis.thirdparty.io.grpc.StatusRuntimeException: UNAVAILABLE: io exception
2019-09-05 08:31:11,731 [grpc-default-executor-7] WARN  server.GrpcLogAppender (LogUtils.java:warn(134)) - omNode-3->omNode-2: Failed appendEntries: org.apache.ratis.thirdparty.io.grpc.StatusRuntimeException: UNAVAILABLE: io exception
2019-09-05 08:31:11,732 [grpc-default-executor-4] INFO  impl.FollowerInfo (FollowerInfo.java:lambda$new$0(50)) - omNode-3->omNode-1: nextIndex: updateUnconditionally 0 -> 0
2019-09-05 08:31:11,732 [grpc-default-executor-7] INFO  impl.FollowerInfo (FollowerInfo.java:lambda$new$0(50)) - omNode-3->omNode-2: nextIndex: updateUnconditionally 0 -> 0
2019-09-05 08:31:12,232 [grpc-default-executor-4] WARN  server.GrpcLogAppender (LogUtils.java:warn(134)) - omNode-3->omNode-2: Failed appendEntries: org.apache.ratis.thirdparty.io.grpc.StatusRuntimeException: UNAVAILABLE: io exception
2019-09-05 08:31:12,232 [grpc-default-executor-9] WARN  server.GrpcLogAppender (LogUtils.java:warn(134)) - omNode-3->omNode-1: Failed appendEntries: org.apache.ratis.thirdparty.io.grpc.StatusRuntimeException: UNAVAILABLE: io exception
2019-09-05 08:31:12,233 [grpc-default-executor-4] INFO  impl.FollowerInfo (FollowerInfo.java:lambda$new$0(50)) - omNode-3->omNode-2: nextIndex: updateUnconditionally 0 -> 0
2019-09-05 08:31:12,233 [grpc-default-executor-9] INFO  impl.FollowerInfo (FollowerInfo.java:lambda$new$0(50)) - omNode-3->omNode-1: nextIndex: updateUnconditionally 0 -> 0
2019-09-05 08:31:12,436 | INFO  | SCMAudit | user=jenkins1000 | ip=192.168.36.69 | op=SEND_HEARTBEAT {datanodeUUID=baa0ac9c-d259-45b0-b366-08e52759ad0f, command=[]} | ret=SUCCESS |  
2019-09-05 08:31:12,733 [grpc-default-executor-7] WARN  server.GrpcLogAppender (LogUtils.java:warn(134)) - omNode-3->omNode-1: Failed appendEntries: org.apache.ratis.thirdparty.io.grpc.StatusRuntimeException: UNAVAILABLE: io exception
2019-09-05 08:31:12,733 [grpc-default-executor-8] WARN  server.GrpcLogAppender (LogUtils.java:warn(134)) - omNode-3->omNode-2: Failed appendEntries: org.apache.ratis.thirdparty.io.grpc.StatusRuntimeException: UNAVAILABLE: io exception
2019-09-05 08:31:12,733 [grpc-default-executor-7] INFO  impl.FollowerInfo (FollowerInfo.java:lambda$new$0(50)) - omNode-3->omNode-1: nextIndex: updateUnconditionally 0 -> 0
2019-09-05 08:31:12,734 [grpc-default-executor-8] INFO  impl.FollowerInfo (FollowerInfo.java:lambda$new$0(50)) - omNode-3->omNode-2: nextIndex: updateUnconditionally 0 -> 0
2019-09-05 08:31:13,233 [grpc-default-executor-8] WARN  server.GrpcLogAppender (LogUtils.java:warn(134)) - omNode-3->omNode-2: Failed appendEntries: org.apache.ratis.thirdparty.io.grpc.StatusRuntimeException: UNAVAILABLE: io exception
2019-09-05 08:31:13,233 [grpc-default-executor-4] WARN  server.GrpcLogAppender (LogUtils.java:warn(134)) - omNode-3->omNode-1: Failed appendEntries: org.apache.ratis.thirdparty.io.grpc.StatusRuntimeException: UNAVAILABLE: io exception
2019-09-05 08:31:13,233 [grpc-default-executor-8] INFO  impl.FollowerInfo (FollowerInfo.java:lambda$new$0(50)) - omNode-3->omNode-2: nextIndex: updateUnconditionally 0 -> 0
2019-09-05 08:31:13,234 [grpc-default-executor-4] INFO  impl.FollowerInfo (FollowerInfo.java:lambda$new$0(50)) - omNode-3->omNode-1: nextIndex: updateUnconditionally 0 -> 0
2019-09-05 08:31:13,436 | INFO  | SCMAudit | user=jenkins1000 | ip=192.168.36.69 | op=SEND_HEARTBEAT {datanodeUUID=baa0ac9c-d259-45b0-b366-08e52759ad0f, command=[]} | ret=SUCCESS |  
2019-09-05 08:31:13,734 [grpc-default-executor-4] WARN  server.GrpcLogAppender (LogUtils.java:warn(134)) - omNode-3->omNode-1: Failed appendEntries: org.apache.ratis.thirdparty.io.grpc.StatusRuntimeException: UNAVAILABLE: io exception
2019-09-05 08:31:13,734 [grpc-default-executor-9] WARN  server.GrpcLogAppender (LogUtils.java:warn(134)) - omNode-3->omNode-2: Failed appendEntries: org.apache.ratis.thirdparty.io.grpc.StatusRuntimeException: UNAVAILABLE: io exception
2019-09-05 08:31:13,734 [grpc-default-executor-4] INFO  impl.FollowerInfo (FollowerInfo.java:lambda$new$0(50)) - omNode-3->omNode-1: nextIndex: updateUnconditionally 0 -> 0
2019-09-05 08:31:13,735 [grpc-default-executor-9] INFO  impl.FollowerInfo (FollowerInfo.java:lambda$new$0(50)) - omNode-3->omNode-2: nextIndex: updateUnconditionally 0 -> 0
2019-09-05 08:31:14,234 [grpc-default-executor-8] WARN  server.GrpcLogAppender (LogUtils.java:warn(134)) - omNode-3->omNode-1: Failed appendEntries: org.apache.ratis.thirdparty.io.grpc.StatusRuntimeException: UNAVAILABLE: io exception
2019-09-05 08:31:14,234 [grpc-default-executor-4] WARN  server.GrpcLogAppender (LogUtils.java:warn(134)) - omNode-3->omNode-2: Failed appendEntries: org.apache.ratis.thirdparty.io.grpc.StatusRuntimeException: UNAVAILABLE: io exception
2019-09-05 08:31:14,235 [grpc-default-executor-8] INFO  impl.FollowerInfo (FollowerInfo.java:lambda$new$0(50)) - omNode-3->omNode-1: nextIndex: updateUnconditionally 0 -> 0
2019-09-05 08:31:14,235 [grpc-default-executor-4] INFO  impl.FollowerInfo (FollowerInfo.java:lambda$new$0(50)) - omNode-3->omNode-2: nextIndex: updateUnconditionally 0 -> 0
2019-09-05 08:31:14,435 | INFO  | SCMAudit | user=jenkins1000 | ip=192.168.36.69 | op=SEND_HEARTBEAT {datanodeUUID=baa0ac9c-d259-45b0-b366-08e52759ad0f, command=[]} | ret=SUCCESS |  
2019-09-05 08:31:14,735 [grpc-default-executor-11] WARN  server.GrpcLogAppender (LogUtils.java:warn(134)) - omNode-3->omNode-2: Failed appendEntries: org.apache.ratis.thirdparty.io.grpc.StatusRuntimeException: UNAVAILABLE: io exception
2019-09-05 08:31:14,735 [grpc-default-executor-9] WARN  server.GrpcLogAppender (LogUtils.java:warn(134)) - omNode-3->omNode-1: Failed appendEntries: org.apache.ratis.thirdparty.io.grpc.StatusRuntimeException: UNAVAILABLE: io exception
2019-09-05 08:31:14,735 [grpc-default-executor-11] INFO  impl.FollowerInfo (FollowerInfo.java:lambda$new$0(50)) - omNode-3->omNode-2: nextIndex: updateUnconditionally 0 -> 0
2019-09-05 08:31:14,736 [grpc-default-executor-9] INFO  impl.FollowerInfo (FollowerInfo.java:lambda$new$0(50)) - omNode-3->omNode-1: nextIndex: updateUnconditionally 0 -> 0
2019-09-05 08:31:15,235 [grpc-default-executor-10] WARN  server.GrpcLogAppender (LogUtils.java:warn(134)) - omNode-3->omNode-1: Failed appendEntries: org.apache.ratis.thirdparty.io.grpc.StatusRuntimeException: UNAVAILABLE: io exception
2019-09-05 08:31:15,235 [grpc-default-executor-4] WARN  server.GrpcLogAppender (LogUtils.java:warn(134)) - omNode-3->omNode-2: Failed appendEntries: org.apache.ratis.thirdparty.io.grpc.StatusRuntimeException: UNAVAILABLE: io exception
2019-09-05 08:31:15,236 [grpc-default-executor-10] INFO  impl.FollowerInfo (FollowerInfo.java:lambda$new$0(50)) - omNode-3->omNode-1: nextIndex: updateUnconditionally 0 -> 0
2019-09-05 08:31:15,236 [grpc-default-executor-4] INFO  impl.FollowerInfo (FollowerInfo.java:lambda$new$0(50)) - omNode-3->omNode-2: nextIndex: updateUnconditionally 0 -> 0
2019-09-05 08:31:15,436 | INFO  | SCMAudit | user=jenkins1000 | ip=192.168.36.69 | op=SEND_HEARTBEAT {datanodeUUID=baa0ac9c-d259-45b0-b366-08e52759ad0f, command=[]} | ret=SUCCESS |  
2019-09-05 08:31:15,736 [grpc-default-executor-7] WARN  server.GrpcLogAppender (LogUtils.java:warn(134)) - omNode-3->omNode-1: Failed appendEntries: org.apache.ratis.thirdparty.io.grpc.StatusRuntimeException: UNAVAILABLE: io exception
2019-09-05 08:31:15,736 [grpc-default-executor-4] WARN  server.GrpcLogAppender (LogUtils.java:warn(134)) - omNode-3->omNode-2: Failed appendEntries: org.apache.ratis.thirdparty.io.grpc.StatusRuntimeException: UNAVAILABLE: io exception
2019-09-05 08:31:15,736 [grpc-default-executor-7] INFO  impl.FollowerInfo (FollowerInfo.java:lambda$new$0(50)) - omNode-3->omNode-1: nextIndex: updateUnconditionally 0 -> 0
2019-09-05 08:31:15,737 [grpc-default-executor-4] INFO  impl.FollowerInfo (FollowerInfo.java:lambda$new$0(50)) - omNode-3->omNode-2: nextIndex: updateUnconditionally 0 -> 0
2019-09-05 08:31:16,237 [grpc-default-executor-9] WARN  server.GrpcLogAppender (LogUtils.java:warn(134)) - omNode-3->omNode-1: Failed appendEntries: org.apache.ratis.thirdparty.io.grpc.StatusRuntimeException: UNAVAILABLE: io exception
2019-09-05 08:31:16,237 [grpc-default-executor-11] WARN  server.GrpcLogAppender (LogUtils.java:warn(134)) - omNode-3->omNode-2: Failed appendEntries: org.apache.ratis.thirdparty.io.grpc.StatusRuntimeException: UNAVAILABLE: io exception
2019-09-05 08:31:16,237 [grpc-default-executor-9] INFO  impl.FollowerInfo (FollowerInfo.java:lambda$new$0(50)) - omNode-3->omNode-1: nextIndex: updateUnconditionally 0 -> 0
2019-09-05 08:31:16,238 [grpc-default-executor-11] INFO  impl.FollowerInfo (FollowerInfo.java:lambda$new$0(50)) - omNode-3->omNode-2: nextIndex: updateUnconditionally 0 -> 0
2019-09-05 08:31:16,436 | INFO  | SCMAudit | user=jenkins1000 | ip=192.168.36.69 | op=SEND_HEARTBEAT {datanodeUUID=baa0ac9c-d259-45b0-b366-08e52759ad0f, command=[]} | ret=SUCCESS |  
2019-09-05 08:31:16,738 [grpc-default-executor-8] WARN  server.GrpcLogAppender (LogUtils.java:warn(134)) - omNode-3->omNode-1: Failed appendEntries: org.apache.ratis.thirdparty.io.grpc.StatusRuntimeException: UNAVAILABLE: io exception
2019-09-05 08:31:16,738 [grpc-default-executor-7] WARN  server.GrpcLogAppender (LogUtils.java:warn(134)) - omNode-3->omNode-2: Failed appendEntries: org.apache.ratis.thirdparty.io.grpc.StatusRuntimeException: UNAVAILABLE: io exception
2019-09-05 08:31:16,738 [grpc-default-executor-8] INFO  impl.FollowerInfo (FollowerInfo.java:lambda$new$0(50)) - omNode-3->omNode-1: nextIndex: updateUnconditionally 0 -> 0
2019-09-05 08:31:16,738 [grpc-default-executor-7] INFO  impl.FollowerInfo (FollowerInfo.java:lambda$new$0(50)) - omNode-3->omNode-2: nextIndex: updateUnconditionally 0 -> 0
2019-09-05 08:31:17,240 [grpc-default-executor-8] WARN  server.GrpcLogAppender (LogUtils.java:warn(134)) - omNode-3->omNode-1: Failed appendEntries: org.apache.ratis.thirdparty.io.grpc.StatusRuntimeException: UNAVAILABLE: io exception
2019-09-05 08:31:17,240 [grpc-default-executor-8] INFO  impl.FollowerInfo (FollowerInfo.java:lambda$new$0(50)) - omNode-3->omNode-1: nextIndex: updateUnconditionally 0 -> 0
2019-09-05 08:31:17,240 [grpc-default-executor-11] WARN  server.GrpcLogAppender (LogUtils.java:warn(134)) - omNode-3->omNode-2: Failed appendEntries: org.apache.ratis.thirdparty.io.grpc.StatusRuntimeException: UNAVAILABLE: io exception
2019-09-05 08:31:17,241 [grpc-default-executor-11] INFO  impl.FollowerInfo (FollowerInfo.java:lambda$new$0(50)) - omNode-3->omNode-2: nextIndex: updateUnconditionally 0 -> 0
2019-09-05 08:31:17,436 | INFO  | SCMAudit | user=jenkins1000 | ip=192.168.36.69 | op=SEND_HEARTBEAT {datanodeUUID=baa0ac9c-d259-45b0-b366-08e52759ad0f, command=[]} | ret=SUCCESS |  
2019-09-05 08:31:17,739 [grpc-default-executor-7] WARN  server.GrpcLogAppender (LogUtils.java:warn(134)) - omNode-3->omNode-2: Failed appendEntries: org.apache.ratis.thirdparty.io.grpc.StatusRuntimeException: UNAVAILABLE: io exception
2019-09-05 08:31:17,740 [grpc-default-executor-4] WARN  server.GrpcLogAppender (LogUtils.java:warn(134)) - omNode-3->omNode-1: Failed appendEntries: org.apache.ratis.thirdparty.io.grpc.StatusRuntimeException: UNAVAILABLE: io exception
2019-09-05 08:31:17,740 [grpc-default-executor-7] INFO  impl.FollowerInfo (FollowerInfo.java:lambda$new$0(50)) - omNode-3->omNode-2: nextIndex: updateUnconditionally 0 -> 0
2019-09-05 08:31:17,741 [grpc-default-executor-4] INFO  impl.FollowerInfo (FollowerInfo.java:lambda$new$0(50)) - omNode-3->omNode-1: nextIndex: updateUnconditionally 0 -> 0
2019-09-05 08:31:18,240 [grpc-default-executor-9] WARN  server.GrpcLogAppender (LogUtils.java:warn(134)) - omNode-3->omNode-2: Failed appendEntries: org.apache.ratis.thirdparty.io.grpc.StatusRuntimeException: UNAVAILABLE: io exception
2019-09-05 08:31:18,240 [grpc-default-executor-11] WARN  server.GrpcLogAppender (LogUtils.java:warn(134)) - omNode-3->omNode-1: Failed appendEntries: org.apache.ratis.thirdparty.io.grpc.StatusRuntimeException: UNAVAILABLE: io exception
2019-09-05 08:31:18,240 [grpc-default-executor-9] INFO  impl.FollowerInfo (FollowerInfo.java:lambda$new$0(50)) - omNode-3->omNode-2: nextIndex: updateUnconditionally 0 -> 0
2019-09-05 08:31:18,240 [grpc-default-executor-11] INFO  impl.FollowerInfo (FollowerInfo.java:lambda$new$0(50)) - omNode-3->omNode-1: nextIndex: updateUnconditionally 0 -> 0
2019-09-05 08:31:18,437 | INFO  | SCMAudit | user=jenkins1000 | ip=192.168.36.69 | op=SEND_HEARTBEAT {datanodeUUID=baa0ac9c-d259-45b0-b366-08e52759ad0f, command=[]} | ret=SUCCESS |  
2019-09-05 08:31:18,740 [grpc-default-executor-4] WARN  server.GrpcLogAppender (LogUtils.java:warn(134)) - omNode-3->omNode-2: Failed appendEntries: org.apache.ratis.thirdparty.io.grpc.StatusRuntimeException: UNAVAILABLE: io exception
2019-09-05 08:31:18,740 [grpc-default-executor-10] WARN  server.GrpcLogAppender (LogUtils.java:warn(134)) - omNode-3->omNode-1: Failed appendEntries: org.apache.ratis.thirdparty.io.grpc.StatusRuntimeException: UNAVAILABLE: io exception
2019-09-05 08:31:18,740 [grpc-default-executor-4] INFO  impl.FollowerInfo (FollowerInfo.java:lambda$new$0(50)) - omNode-3->omNode-2: nextIndex: updateUnconditionally 0 -> 0
2019-09-05 08:31:18,741 [grpc-default-executor-10] INFO  impl.FollowerInfo (FollowerInfo.java:lambda$new$0(50)) - omNode-3->omNode-1: nextIndex: updateUnconditionally 0 -> 0
2019-09-05 08:31:19,240 [grpc-default-executor-4] WARN  server.GrpcLogAppender (LogUtils.java:warn(134)) - omNode-3->omNode-1: Failed appendEntries: org.apache.ratis.thirdparty.io.grpc.StatusRuntimeException: UNAVAILABLE: io exception
2019-09-05 08:31:19,240 [grpc-default-executor-8] WARN  server.GrpcLogAppender (LogUtils.java:warn(134)) - omNode-3->omNode-2: Failed appendEntries: org.apache.ratis.thirdparty.io.grpc.StatusRuntimeException: UNAVAILABLE: io exception
2019-09-05 08:31:19,241 [grpc-default-executor-4] INFO  impl.FollowerInfo (FollowerInfo.java:lambda$new$0(50)) - omNode-3->omNode-1: nextIndex: updateUnconditionally 0 -> 0
2019-09-05 08:31:19,241 [grpc-default-executor-8] INFO  impl.FollowerInfo (FollowerInfo.java:lambda$new$0(50)) - omNode-3->omNode-2: nextIndex: updateUnconditionally 0 -> 0
2019-09-05 08:31:19,436 | INFO  | SCMAudit | user=jenkins1000 | ip=192.168.36.69 | op=SEND_HEARTBEAT {datanodeUUID=baa0ac9c-d259-45b0-b366-08e52759ad0f, command=[]} | ret=SUCCESS |  
2019-09-05 08:31:19,741 [grpc-default-executor-9] WARN  server.GrpcLogAppender (LogUtils.java:warn(134)) - omNode-3->omNode-1: Failed appendEntries: org.apache.ratis.thirdparty.io.grpc.StatusRuntimeException: UNAVAILABLE: io exception
2019-09-05 08:31:19,741 [grpc-default-executor-8] WARN  server.GrpcLogAppender (LogUtils.java:warn(134)) - omNode-3->omNode-2: Failed appendEntries: org.apache.ratis.thirdparty.io.grpc.StatusRuntimeException: UNAVAILABLE: io exception
2019-09-05 08:31:19,742 [grpc-default-executor-9] INFO  impl.FollowerInfo (FollowerInfo.java:lambda$new$0(50)) - omNode-3->omNode-1: nextIndex: updateUnconditionally 0 -> 0
2019-09-05 08:31:19,742 [grpc-default-executor-8] INFO  impl.FollowerInfo (FollowerInfo.java:lambda$new$0(50)) - omNode-3->omNode-2: nextIndex: updateUnconditionally 0 -> 0
2019-09-05 08:31:20,242 [grpc-default-executor-11] WARN  server.GrpcLogAppender (LogUtils.java:warn(134)) - omNode-3->omNode-1: Failed appendEntries: org.apache.ratis.thirdparty.io.grpc.StatusRuntimeException: UNAVAILABLE: io exception
2019-09-05 08:31:20,242 [grpc-default-executor-7] WARN  server.GrpcLogAppender (LogUtils.java:warn(134)) - omNode-3->omNode-2: Failed appendEntries: org.apache.ratis.thirdparty.io.grpc.StatusRuntimeException: UNAVAILABLE: io exception
2019-09-05 08:31:20,243 [grpc-default-executor-11] INFO  impl.FollowerInfo (FollowerInfo.java:lambda$new$0(50)) - omNode-3->omNode-1: nextIndex: updateUnconditionally 0 -> 0
2019-09-05 08:31:20,243 [grpc-default-executor-7] INFO  impl.FollowerInfo (FollowerInfo.java:lambda$new$0(50)) - omNode-3->omNode-2: nextIndex: updateUnconditionally 0 -> 0
2019-09-05 08:31:20,437 | INFO  | SCMAudit | user=jenkins1000 | ip=192.168.36.69 | op=SEND_HEARTBEAT {datanodeUUID=baa0ac9c-d259-45b0-b366-08e52759ad0f, command=[]} | ret=SUCCESS |  
2019-09-05 08:31:20,742 [grpc-default-executor-9] WARN  server.GrpcLogAppender (LogUtils.java:warn(134)) - omNode-3->omNode-1: Failed appendEntries: org.apache.ratis.thirdparty.io.grpc.StatusRuntimeException: UNAVAILABLE: io exception
2019-09-05 08:31:20,742 [grpc-default-executor-11] WARN  server.GrpcLogAppender (LogUtils.java:warn(134)) - omNode-3->omNode-2: Failed appendEntries: org.apache.ratis.thirdparty.io.grpc.StatusRuntimeException: UNAVAILABLE: io exception
2019-09-05 08:31:20,743 [grpc-default-executor-9] INFO  impl.FollowerInfo (FollowerInfo.java:lambda$new$0(50)) - omNode-3->omNode-1: nextIndex: updateUnconditionally 0 -> 0
2019-09-05 08:31:20,743 [grpc-default-executor-11] INFO  impl.FollowerInfo (FollowerInfo.java:lambda$new$0(50)) - omNode-3->omNode-2: nextIndex: updateUnconditionally 0 -> 0
2019-09-05 08:31:21,243 [grpc-default-executor-9] WARN  server.GrpcLogAppender (LogUtils.java:warn(134)) - omNode-3->omNode-1: Failed appendEntries: org.apache.ratis.thirdparty.io.grpc.StatusRuntimeException: UNAVAILABLE: io exception
2019-09-05 08:31:21,243 [grpc-default-executor-10] WARN  server.GrpcLogAppender (LogUtils.java:warn(134)) - omNode-3->omNode-2: Failed appendEntries: org.apache.ratis.thirdparty.io.grpc.StatusRuntimeException: UNAVAILABLE: io exception
2019-09-05 08:31:21,243 [grpc-default-executor-9] INFO  impl.FollowerInfo (FollowerInfo.java:lambda$new$0(50)) - omNode-3->omNode-1: nextIndex: updateUnconditionally 0 -> 0
2019-09-05 08:31:21,244 [grpc-default-executor-10] INFO  impl.FollowerInfo (FollowerInfo.java:lambda$new$0(50)) - omNode-3->omNode-2: nextIndex: updateUnconditionally 0 -> 0
2019-09-05 08:31:21,437 | INFO  | SCMAudit | user=jenkins1000 | ip=192.168.36.69 | op=SEND_HEARTBEAT {datanodeUUID=baa0ac9c-d259-45b0-b366-08e52759ad0f, command=[]} | ret=SUCCESS |  
2019-09-05 08:31:21,744 [grpc-default-executor-11] WARN  server.GrpcLogAppender (LogUtils.java:warn(134)) - omNode-3->omNode-1: Failed appendEntries: org.apache.ratis.thirdparty.io.grpc.StatusRuntimeException: UNAVAILABLE: io exception
2019-09-05 08:31:21,744 [grpc-default-executor-4] WARN  server.GrpcLogAppender (LogUtils.java:warn(134)) - omNode-3->omNode-2: Failed appendEntries: org.apache.ratis.thirdparty.io.grpc.StatusRuntimeException: UNAVAILABLE: io exception
2019-09-05 08:31:21,744 [grpc-default-executor-11] INFO  impl.FollowerInfo (FollowerInfo.java:lambda$new$0(50)) - omNode-3->omNode-1: nextIndex: updateUnconditionally 0 -> 0
2019-09-05 08:31:21,744 [grpc-default-executor-4] INFO  impl.FollowerInfo (FollowerInfo.java:lambda$new$0(50)) - omNode-3->omNode-2: nextIndex: updateUnconditionally 0 -> 0
2019-09-05 08:31:22,244 [grpc-default-executor-7] WARN  server.GrpcLogAppender (LogUtils.java:warn(134)) - omNode-3->omNode-2: Failed appendEntries: org.apache.ratis.thirdparty.io.grpc.StatusRuntimeException: UNAVAILABLE: io exception
2019-09-05 08:31:22,244 [grpc-default-executor-10] WARN  server.GrpcLogAppender (LogUtils.java:warn(134)) - omNode-3->omNode-1: Failed appendEntries: org.apache.ratis.thirdparty.io.grpc.StatusRuntimeException: UNAVAILABLE: io exception
2019-09-05 08:31:22,245 [grpc-default-executor-7] INFO  impl.FollowerInfo (FollowerInfo.java:lambda$new$0(50)) - omNode-3->omNode-2: nextIndex: updateUnconditionally 0 -> 0
2019-09-05 08:31:22,245 [grpc-default-executor-10] INFO  impl.FollowerInfo (FollowerInfo.java:lambda$new$0(50)) - omNode-3->omNode-1: nextIndex: updateUnconditionally 0 -> 0
2019-09-05 08:31:22,437 | INFO  | SCMAudit | user=jenkins1000 | ip=192.168.36.69 | op=SEND_HEARTBEAT {datanodeUUID=baa0ac9c-d259-45b0-b366-08e52759ad0f, command=[]} | ret=SUCCESS |  
2019-09-05 08:31:22,745 [grpc-default-executor-4] WARN  server.GrpcLogAppender (LogUtils.java:warn(134)) - omNode-3->omNode-1: Failed appendEntries: org.apache.ratis.thirdparty.io.grpc.StatusRuntimeException: UNAVAILABLE: io exception
2019-09-05 08:31:22,745 [grpc-default-executor-10] WARN  server.GrpcLogAppender (LogUtils.java:warn(134)) - omNode-3->omNode-2: Failed appendEntries: org.apache.ratis.thirdparty.io.grpc.StatusRuntimeException: UNAVAILABLE: io exception
2019-09-05 08:31:22,745 [grpc-default-executor-4] INFO  impl.FollowerInfo (FollowerInfo.java:lambda$new$0(50)) - omNode-3->omNode-1: nextIndex: updateUnconditionally 0 -> 0
2019-09-05 08:31:22,745 [grpc-default-executor-10] INFO  impl.FollowerInfo (FollowerInfo.java:lambda$new$0(50)) - omNode-3->omNode-2: nextIndex: updateUnconditionally 0 -> 0
2019-09-05 08:31:23,245 [grpc-default-executor-11] WARN  server.GrpcLogAppender (LogUtils.java:warn(134)) - omNode-3->omNode-2: Failed appendEntries: org.apache.ratis.thirdparty.io.grpc.StatusRuntimeException: UNAVAILABLE: io exception
2019-09-05 08:31:23,245 [grpc-default-executor-7] WARN  server.GrpcLogAppender (LogUtils.java:warn(134)) - omNode-3->omNode-1: Failed appendEntries: org.apache.ratis.thirdparty.io.grpc.StatusRuntimeException: UNAVAILABLE: io exception
2019-09-05 08:31:23,245 [grpc-default-executor-11] INFO  impl.FollowerInfo (FollowerInfo.java:lambda$new$0(50)) - omNode-3->omNode-2: nextIndex: updateUnconditionally 0 -> 0
2019-09-05 08:31:23,246 [grpc-default-executor-7] INFO  impl.FollowerInfo (FollowerInfo.java:lambda$new$0(50)) - omNode-3->omNode-1: nextIndex: updateUnconditionally 0 -> 0
2019-09-05 08:31:23,437 | INFO  | SCMAudit | user=jenkins1000 | ip=192.168.36.69 | op=SEND_HEARTBEAT {datanodeUUID=baa0ac9c-d259-45b0-b366-08e52759ad0f, command=[]} | ret=SUCCESS |  
2019-09-05 08:31:23,746 [grpc-default-executor-9] WARN  server.GrpcLogAppender (LogUtils.java:warn(134)) - omNode-3->omNode-1: Failed appendEntries: org.apache.ratis.thirdparty.io.grpc.StatusRuntimeException: UNAVAILABLE: io exception
2019-09-05 08:31:23,747 [grpc-default-executor-9] INFO  impl.FollowerInfo (FollowerInfo.java:lambda$new$0(50)) - omNode-3->omNode-1: nextIndex: updateUnconditionally 0 -> 0
2019-09-05 08:31:23,751 [grpc-default-executor-11] WARN  server.GrpcLogAppender (LogUtils.java:warn(134)) - omNode-3->omNode-2: Failed appendEntries: org.apache.ratis.thirdparty.io.grpc.StatusRuntimeException: UNAVAILABLE: io exception
2019-09-05 08:31:23,751 [grpc-default-executor-11] INFO  impl.FollowerInfo (FollowerInfo.java:lambda$new$0(50)) - omNode-3->omNode-2: nextIndex: updateUnconditionally 0 -> 0
2019-09-05 08:31:24,246 [grpc-default-executor-7] WARN  server.GrpcLogAppender (LogUtils.java:warn(134)) - omNode-3->omNode-1: Failed appendEntries: org.apache.ratis.thirdparty.io.grpc.StatusRuntimeException: UNAVAILABLE: io exception
2019-09-05 08:31:24,247 [grpc-default-executor-7] INFO  impl.FollowerInfo (FollowerInfo.java:lambda$new$0(50)) - omNode-3->omNode-1: nextIndex: updateUnconditionally 0 -> 0
2019-09-05 08:31:24,251 [grpc-default-executor-11] WARN  server.GrpcLogAppender (LogUtils.java:warn(134)) - omNode-3->omNode-2: Failed appendEntries: org.apache.ratis.thirdparty.io.grpc.StatusRuntimeException: UNAVAILABLE: io exception
2019-09-05 08:31:24,252 [grpc-default-executor-11] INFO  impl.FollowerInfo (FollowerInfo.java:lambda$new$0(50)) - omNode-3->omNode-2: nextIndex: updateUnconditionally 0 -> 0
2019-09-05 08:31:24,438 | INFO  | SCMAudit | user=jenkins1000 | ip=192.168.36.69 | op=SEND_HEARTBEAT {datanodeUUID=baa0ac9c-d259-45b0-b366-08e52759ad0f, command=[]} | ret=SUCCESS |  
2019-09-05 08:31:24,751 [grpc-default-executor-11] WARN  server.GrpcLogAppender (LogUtils.java:warn(134)) - omNode-3->omNode-1: Failed appendEntries: org.apache.ratis.thirdparty.io.grpc.StatusRuntimeException: UNAVAILABLE: io exception
2019-09-05 08:31:24,751 [grpc-default-executor-11] INFO  impl.FollowerInfo (FollowerInfo.java:lambda$new$0(50)) - omNode-3->omNode-1: nextIndex: updateUnconditionally 0 -> 0
2019-09-05 08:31:24,752 [grpc-default-executor-7] WARN  server.GrpcLogAppender (LogUtils.java:warn(134)) - omNode-3->omNode-2: Failed appendEntries: org.apache.ratis.thirdparty.io.grpc.StatusRuntimeException: UNAVAILABLE: io exception
2019-09-05 08:31:24,752 [grpc-default-executor-7] INFO  impl.FollowerInfo (FollowerInfo.java:lambda$new$0(50)) - omNode-3->omNode-2: nextIndex: updateUnconditionally 0 -> 0
2019-09-05 08:31:25,251 [grpc-default-executor-9] WARN  server.GrpcLogAppender (LogUtils.java:warn(134)) - omNode-3->omNode-1: Failed appendEntries: org.apache.ratis.thirdparty.io.grpc.StatusRuntimeException: UNAVAILABLE: io exception
2019-09-05 08:31:25,251 [grpc-default-executor-9] INFO  impl.FollowerInfo (FollowerInfo.java:lambda$new$0(50)) - omNode-3->omNode-1: nextIndex: updateUnconditionally 0 -> 0
2019-09-05 08:31:25,252 [grpc-default-executor-7] WARN  server.GrpcLogAppender (LogUtils.java:warn(134)) - omNode-3->omNode-2: Failed appendEntries: org.apache.ratis.thirdparty.io.grpc.StatusRuntimeException: UNAVAILABLE: io exception
2019-09-05 08:31:25,252 [grpc-default-executor-7] INFO  impl.FollowerInfo (FollowerInfo.java:lambda$new$0(50)) - omNode-3->omNode-2: nextIndex: updateUnconditionally 0 -> 0
2019-09-05 08:31:25,439 | INFO  | SCMAudit | user=jenkins1000 | ip=192.168.36.69 | op=SEND_HEARTBEAT {datanodeUUID=baa0ac9c-d259-45b0-b366-08e52759ad0f, command=[]} | ret=SUCCESS |  
2019-09-05 08:31:25,752 [grpc-default-executor-4] WARN  server.GrpcLogAppender (LogUtils.java:warn(134)) - omNode-3->omNode-1: Failed appendEntries: org.apache.ratis.thirdparty.io.grpc.StatusRuntimeException: UNAVAILABLE: io exception
2019-09-05 08:31:25,752 [grpc-default-executor-4] INFO  impl.FollowerInfo (FollowerInfo.java:lambda$new$0(50)) - omNode-3->omNode-1: nextIndex: updateUnconditionally 0 -> 0
2019-09-05 08:31:25,753 [grpc-default-executor-9] WARN  server.GrpcLogAppender (LogUtils.java:warn(134)) - omNode-3->omNode-2: Failed appendEntries: org.apache.ratis.thirdparty.io.grpc.StatusRuntimeException: UNAVAILABLE: io exception
2019-09-05 08:31:25,753 [grpc-default-executor-9] INFO  impl.FollowerInfo (FollowerInfo.java:lambda$new$0(50)) - omNode-3->omNode-2: nextIndex: updateUnconditionally 0 -> 0
2019-09-05 08:31:26,252 [grpc-default-executor-7] WARN  server.GrpcLogAppender (LogUtils.java:warn(134)) - omNode-3->omNode-1: Failed appendEntries: org.apache.ratis.thirdparty.io.grpc.StatusRuntimeException: UNAVAILABLE: io exception
2019-09-05 08:31:26,253 [grpc-default-executor-7] INFO  impl.FollowerInfo (FollowerInfo.java:lambda$new$0(50)) - omNode-3->omNode-1: nextIndex: updateUnconditionally 0 -> 0
2019-09-05 08:31:26,253 [grpc-default-executor-11] WARN  server.GrpcLogAppender (LogUtils.java:warn(134)) - omNode-3->omNode-2: Failed appendEntries: org.apache.ratis.thirdparty.io.grpc.StatusRuntimeException: UNAVAILABLE: io exception
2019-09-05 08:31:26,254 [grpc-default-executor-11] INFO  impl.FollowerInfo (FollowerInfo.java:lambda$new$0(50)) - omNode-3->omNode-2: nextIndex: updateUnconditionally 0 -> 0
2019-09-05 08:31:26,438 | INFO  | SCMAudit | user=jenkins1000 | ip=192.168.36.69 | op=SEND_HEARTBEAT {datanodeUUID=baa0ac9c-d259-45b0-b366-08e52759ad0f, command=[]} | ret=SUCCESS |  
2019-09-05 08:31:26,752 [grpc-default-executor-11] WARN  server.GrpcLogAppender (LogUtils.java:warn(134)) - omNode-3->omNode-1: Failed appendEntries: org.apache.ratis.thirdparty.io.grpc.StatusRuntimeException: UNAVAILABLE: io exception
2019-09-05 08:31:26,752 [grpc-default-executor-11] INFO  impl.FollowerInfo (FollowerInfo.java:lambda$new$0(50)) - omNode-3->omNode-1: nextIndex: updateUnconditionally 0 -> 0
2019-09-05 08:31:26,753 [grpc-default-executor-4] WARN  server.GrpcLogAppender (LogUtils.java:warn(134)) - omNode-3->omNode-2: Failed appendEntries: org.apache.ratis.thirdparty.io.grpc.StatusRuntimeException: UNAVAILABLE: io exception
2019-09-05 08:31:26,754 [grpc-default-executor-4] INFO  impl.FollowerInfo (FollowerInfo.java:lambda$new$0(50)) - omNode-3->omNode-2: nextIndex: updateUnconditionally 0 -> 0
2019-09-05 08:31:27,253 [grpc-default-executor-4] WARN  server.GrpcLogAppender (LogUtils.java:warn(134)) - omNode-3->omNode-1: Failed appendEntries: org.apache.ratis.thirdparty.io.grpc.StatusRuntimeException: UNAVAILABLE: io exception
2019-09-05 08:31:27,254 [grpc-default-executor-4] INFO  impl.FollowerInfo (FollowerInfo.java:lambda$new$0(50)) - omNode-3->omNode-1: nextIndex: updateUnconditionally 0 -> 0
2019-09-05 08:31:27,254 [grpc-default-executor-9] WARN  server.GrpcLogAppender (LogUtils.java:warn(134)) - omNode-3->omNode-2: Failed appendEntries: org.apache.ratis.thirdparty.io.grpc.StatusRuntimeException: UNAVAILABLE: io exception
2019-09-05 08:31:27,254 [grpc-default-executor-9] INFO  impl.FollowerInfo (FollowerInfo.java:lambda$new$0(50)) - omNode-3->omNode-2: nextIndex: updateUnconditionally 0 -> 0
2019-09-05 08:31:27,438 | INFO  | SCMAudit | user=jenkins1000 | ip=192.168.36.69 | op=SEND_HEARTBEAT {datanodeUUID=baa0ac9c-d259-45b0-b366-08e52759ad0f, command=[]} | ret=SUCCESS |  
2019-09-05 08:31:27,754 [grpc-default-executor-7] WARN  server.GrpcLogAppender (LogUtils.java:warn(134)) - omNode-3->omNode-1: Failed appendEntries: org.apache.ratis.thirdparty.io.grpc.StatusRuntimeException: UNAVAILABLE: io exception
2019-09-05 08:31:27,754 [grpc-default-executor-11] WARN  server.GrpcLogAppender (LogUtils.java:warn(134)) - omNode-3->omNode-2: Failed appendEntries: org.apache.ratis.thirdparty.io.grpc.StatusRuntimeException: UNAVAILABLE: io exception
2019-09-05 08:31:27,754 [grpc-default-executor-7] INFO  impl.FollowerInfo (FollowerInfo.java:lambda$new$0(50)) - omNode-3->omNode-1: nextIndex: updateUnconditionally 0 -> 0
2019-09-05 08:31:27,755 [grpc-default-executor-11] INFO  impl.FollowerInfo (FollowerInfo.java:lambda$new$0(50)) - omNode-3->omNode-2: nextIndex: updateUnconditionally 0 -> 0
2019-09-05 08:31:28,254 [grpc-default-executor-11] WARN  server.GrpcLogAppender (LogUtils.java:warn(134)) - omNode-3->omNode-1: Failed appendEntries: org.apache.ratis.thirdparty.io.grpc.StatusRuntimeException: UNAVAILABLE: io exception
2019-09-05 08:31:28,255 [grpc-default-executor-11] INFO  impl.FollowerInfo (FollowerInfo.java:lambda$new$0(50)) - omNode-3->omNode-1: nextIndex: updateUnconditionally 0 -> 0
2019-09-05 08:31:28,256 [grpc-default-executor-9] WARN  server.GrpcLogAppender (LogUtils.java:warn(134)) - omNode-3->omNode-2: Failed appendEntries: org.apache.ratis.thirdparty.io.grpc.StatusRuntimeException: UNAVAILABLE: io exception
2019-09-05 08:31:28,256 [grpc-default-executor-9] INFO  impl.FollowerInfo (FollowerInfo.java:lambda$new$0(50)) - omNode-3->omNode-2: nextIndex: updateUnconditionally 0 -> 0
2019-09-05 08:31:28,439 | INFO  | SCMAudit | user=jenkins1000 | ip=192.168.36.69 | op=SEND_HEARTBEAT {datanodeUUID=baa0ac9c-d259-45b0-b366-08e52759ad0f, command=[]} | ret=SUCCESS |  
2019-09-05 08:31:28,755 [grpc-default-executor-11] WARN  server.GrpcLogAppender (LogUtils.java:warn(134)) - omNode-3->omNode-2: Failed appendEntries: org.apache.ratis.thirdparty.io.grpc.StatusRuntimeException: UNAVAILABLE: io exception
2019-09-05 08:31:28,755 [grpc-default-executor-10] WARN  server.GrpcLogAppender (LogUtils.java:warn(134)) - omNode-3->omNode-1: Failed appendEntries: org.apache.ratis.thirdparty.io.grpc.StatusRuntimeException: UNAVAILABLE: io exception
2019-09-05 08:31:28,755 [grpc-default-executor-11] INFO  impl.FollowerInfo (FollowerInfo.java:lambda$new$0(50)) - omNode-3->omNode-2: nextIndex: updateUnconditionally 0 -> 0
2019-09-05 08:31:28,756 [grpc-default-executor-10] INFO  impl.FollowerInfo (FollowerInfo.java:lambda$new$0(50)) - omNode-3->omNode-1: nextIndex: updateUnconditionally 0 -> 0
2019-09-05 08:31:29,255 [grpc-default-executor-10] WARN  server.GrpcLogAppender (LogUtils.java:warn(134)) - omNode-3->omNode-1: Failed appendEntries: org.apache.ratis.thirdparty.io.grpc.StatusRuntimeException: UNAVAILABLE: io exception
2019-09-05 08:31:29,255 [grpc-default-executor-4] WARN  server.GrpcLogAppender (LogUtils.java:warn(134)) - omNode-3->omNode-2: Failed appendEntries: org.apache.ratis.thirdparty.io.grpc.StatusRuntimeException: UNAVAILABLE: io exception
2019-09-05 08:31:29,256 [grpc-default-executor-10] INFO  impl.FollowerInfo (FollowerInfo.java:lambda$new$0(50)) - omNode-3->omNode-1: nextIndex: updateUnconditionally 0 -> 0
2019-09-05 08:31:29,256 [grpc-default-executor-4] INFO  impl.FollowerInfo (FollowerInfo.java:lambda$new$0(50)) - omNode-3->omNode-2: nextIndex: updateUnconditionally 0 -> 0
2019-09-05 08:31:29,439 | INFO  | SCMAudit | user=jenkins1000 | ip=192.168.36.69 | op=SEND_HEARTBEAT {datanodeUUID=baa0ac9c-d259-45b0-b366-08e52759ad0f, command=[]} | ret=SUCCESS |  
2019-09-05 08:31:29,756 [grpc-default-executor-8] WARN  server.GrpcLogAppender (LogUtils.java:warn(134)) - omNode-3->omNode-2: Failed appendEntries: org.apache.ratis.thirdparty.io.grpc.StatusRuntimeException: UNAVAILABLE: io exception
2019-09-05 08:31:29,756 [grpc-default-executor-7] WARN  server.GrpcLogAppender (LogUtils.java:warn(134)) - omNode-3->omNode-1: Failed appendEntries: org.apache.ratis.thirdparty.io.grpc.StatusRuntimeException: UNAVAILABLE: io exception
2019-09-05 08:31:29,756 [grpc-default-executor-8] INFO  impl.FollowerInfo (FollowerInfo.java:lambda$new$0(50)) - omNode-3->omNode-2: nextIndex: updateUnconditionally 0 -> 0
2019-09-05 08:31:29,756 [grpc-default-executor-7] INFO  impl.FollowerInfo (FollowerInfo.java:lambda$new$0(50)) - omNode-3->omNode-1: nextIndex: updateUnconditionally 0 -> 0
2019-09-05 08:31:30,256 [grpc-default-executor-7] WARN  server.GrpcLogAppender (LogUtils.java:warn(134)) - omNode-3->omNode-2: Failed appendEntries: org.apache.ratis.thirdparty.io.grpc.StatusRuntimeException: UNAVAILABLE: io exception
2019-09-05 08:31:30,256 [grpc-default-executor-8] WARN  server.GrpcLogAppender (LogUtils.java:warn(134)) - omNode-3->omNode-1: Failed appendEntries: org.apache.ratis.thirdparty.io.grpc.StatusRuntimeException: UNAVAILABLE: io exception
2019-09-05 08:31:30,257 [grpc-default-executor-7] INFO  impl.FollowerInfo (FollowerInfo.java:lambda$new$0(50)) - omNode-3->omNode-2: nextIndex: updateUnconditionally 0 -> 0
2019-09-05 08:31:30,257 [grpc-default-executor-8] INFO  impl.FollowerInfo (FollowerInfo.java:lambda$new$0(50)) - omNode-3->omNode-1: nextIndex: updateUnconditionally 0 -> 0
2019-09-05 08:31:30,439 | INFO  | SCMAudit | user=jenkins1000 | ip=192.168.36.69 | op=SEND_HEARTBEAT {datanodeUUID=baa0ac9c-d259-45b0-b366-08e52759ad0f, command=[]} | ret=SUCCESS |  
2019-09-05 08:31:30,757 [grpc-default-executor-9] WARN  server.GrpcLogAppender (LogUtils.java:warn(134)) - omNode-3->omNode-2: Failed appendEntries: org.apache.ratis.thirdparty.io.grpc.StatusRuntimeException: UNAVAILABLE: io exception
2019-09-05 08:31:30,757 [grpc-default-executor-4] WARN  server.GrpcLogAppender (LogUtils.java:warn(134)) - omNode-3->omNode-1: Failed appendEntries: org.apache.ratis.thirdparty.io.grpc.StatusRuntimeException: UNAVAILABLE: io exception
2019-09-05 08:31:30,757 [grpc-default-executor-9] INFO  impl.FollowerInfo (FollowerInfo.java:lambda$new$0(50)) - omNode-3->omNode-2: nextIndex: updateUnconditionally 0 -> 0
2019-09-05 08:31:30,758 [grpc-default-executor-4] INFO  impl.FollowerInfo (FollowerInfo.java:lambda$new$0(50)) - omNode-3->omNode-1: nextIndex: updateUnconditionally 0 -> 0
2019-09-05 08:31:31,258 [grpc-default-executor-8] WARN  server.GrpcLogAppender (LogUtils.java:warn(134)) - omNode-3->omNode-2: Failed appendEntries: org.apache.ratis.thirdparty.io.grpc.StatusRuntimeException: UNAVAILABLE: io exception
2019-09-05 08:31:31,258 [grpc-default-executor-7] WARN  server.GrpcLogAppender (LogUtils.java:warn(134)) - omNode-3->omNode-1: Failed appendEntries: org.apache.ratis.thirdparty.io.grpc.StatusRuntimeException: UNAVAILABLE: io exception
2019-09-05 08:31:31,258 [grpc-default-executor-8] INFO  impl.FollowerInfo (FollowerInfo.java:lambda$new$0(50)) - omNode-3->omNode-2: nextIndex: updateUnconditionally 0 -> 0
2019-09-05 08:31:31,259 [grpc-default-executor-7] INFO  impl.FollowerInfo (FollowerInfo.java:lambda$new$0(50)) - omNode-3->omNode-1: nextIndex: updateUnconditionally 0 -> 0
2019-09-05 08:31:31,439 | INFO  | SCMAudit | user=jenkins1000 | ip=192.168.36.69 | op=SEND_HEARTBEAT {datanodeUUID=baa0ac9c-d259-45b0-b366-08e52759ad0f, command=[]} | ret=SUCCESS |  
2019-09-05 08:31:31,758 [grpc-default-executor-11] WARN  server.GrpcLogAppender (LogUtils.java:warn(134)) - omNode-3->omNode-1: Failed appendEntries: org.apache.ratis.thirdparty.io.grpc.StatusRuntimeException: UNAVAILABLE: io exception
2019-09-05 08:31:31,758 [grpc-default-executor-4] WARN  server.GrpcLogAppender (LogUtils.java:warn(134)) - omNode-3->omNode-2: Failed appendEntries: org.apache.ratis.thirdparty.io.grpc.StatusRuntimeException: UNAVAILABLE: io exception
2019-09-05 08:31:31,758 [grpc-default-executor-11] INFO  impl.FollowerInfo (FollowerInfo.java:lambda$new$0(50)) - omNode-3->omNode-1: nextIndex: updateUnconditionally 0 -> 0
2019-09-05 08:31:31,759 [grpc-default-executor-4] INFO  impl.FollowerInfo (FollowerInfo.java:lambda$new$0(50)) - omNode-3->omNode-2: nextIndex: updateUnconditionally 0 -> 0
2019-09-05 08:31:32,258 [grpc-default-executor-4] WARN  server.GrpcLogAppender (LogUtils.java:warn(134)) - omNode-3->omNode-2: Failed appendEntries: org.apache.ratis.thirdparty.io.grpc.StatusRuntimeException: UNAVAILABLE: io exception
2019-09-05 08:31:32,258 [grpc-default-executor-8] WARN  server.GrpcLogAppender (LogUtils.java:warn(134)) - omNode-3->omNode-1: Failed appendEntries: org.apache.ratis.thirdparty.io.grpc.StatusRuntimeException: UNAVAILABLE: io exception
2019-09-05 08:31:32,259 [grpc-default-executor-4] INFO  impl.FollowerInfo (FollowerInfo.java:lambda$new$0(50)) - omNode-3->omNode-2: nextIndex: updateUnconditionally 0 -> 0
2019-09-05 08:31:32,259 [grpc-default-executor-8] INFO  impl.FollowerInfo (FollowerInfo.java:lambda$new$0(50)) - omNode-3->omNode-1: nextIndex: updateUnconditionally 0 -> 0
2019-09-05 08:31:32,439 | INFO  | SCMAudit | user=jenkins1000 | ip=192.168.36.69 | op=SEND_HEARTBEAT {datanodeUUID=baa0ac9c-d259-45b0-b366-08e52759ad0f, command=[]} | ret=SUCCESS |  
2019-09-05 08:31:32,759 [grpc-default-executor-11] WARN  server.GrpcLogAppender (LogUtils.java:warn(134)) - omNode-3->omNode-2: Failed appendEntries: org.apache.ratis.thirdparty.io.grpc.StatusRuntimeException: UNAVAILABLE: io exception
2019-09-05 08:31:32,759 [grpc-default-executor-4] WARN  server.GrpcLogAppender (LogUtils.java:warn(134)) - omNode-3->omNode-1: Failed appendEntries: org.apache.ratis.thirdparty.io.grpc.StatusRuntimeException: UNAVAILABLE: io exception
2019-09-05 08:31:32,760 [grpc-default-executor-11] INFO  impl.FollowerInfo (FollowerInfo.java:lambda$new$0(50)) - omNode-3->omNode-2: nextIndex: updateUnconditionally 0 -> 0
2019-09-05 08:31:32,760 [grpc-default-executor-4] INFO  impl.FollowerInfo (FollowerInfo.java:lambda$new$0(50)) - omNode-3->omNode-1: nextIndex: updateUnconditionally 0 -> 0
2019-09-05 08:31:33,260 [grpc-default-executor-7] WARN  server.GrpcLogAppender (LogUtils.java:warn(134)) - omNode-3->omNode-1: Failed appendEntries: org.apache.ratis.thirdparty.io.grpc.StatusRuntimeException: UNAVAILABLE: io exception
2019-09-05 08:31:33,260 [grpc-default-executor-9] WARN  server.GrpcLogAppender (LogUtils.java:warn(134)) - omNode-3->omNode-2: Failed appendEntries: org.apache.ratis.thirdparty.io.grpc.StatusRuntimeException: UNAVAILABLE: io exception
2019-09-05 08:31:33,260 [grpc-default-executor-7] INFO  impl.FollowerInfo (FollowerInfo.java:lambda$new$0(50)) - omNode-3->omNode-1: nextIndex: updateUnconditionally 0 -> 0
2019-09-05 08:31:33,260 [grpc-default-executor-9] INFO  impl.FollowerInfo (FollowerInfo.java:lambda$new$0(50)) - omNode-3->omNode-2: nextIndex: updateUnconditionally 0 -> 0
2019-09-05 08:31:33,440 | INFO  | SCMAudit | user=jenkins1000 | ip=192.168.36.69 | op=SEND_HEARTBEAT {datanodeUUID=baa0ac9c-d259-45b0-b366-08e52759ad0f, command=[]} | ret=SUCCESS |  
2019-09-05 08:31:33,760 [grpc-default-executor-7] WARN  server.GrpcLogAppender (LogUtils.java:warn(134)) - omNode-3->omNode-2: Failed appendEntries: org.apache.ratis.thirdparty.io.grpc.StatusRuntimeException: UNAVAILABLE: io exception
2019-09-05 08:31:33,760 [grpc-default-executor-9] WARN  server.GrpcLogAppender (LogUtils.java:warn(134)) - omNode-3->omNode-1: Failed appendEntries: org.apache.ratis.thirdparty.io.grpc.StatusRuntimeException: UNAVAILABLE: io exception
2019-09-05 08:31:33,760 [grpc-default-executor-7] INFO  impl.FollowerInfo (FollowerInfo.java:lambda$new$0(50)) - omNode-3->omNode-2: nextIndex: updateUnconditionally 0 -> 0
2019-09-05 08:31:33,761 [grpc-default-executor-9] INFO  impl.FollowerInfo (FollowerInfo.java:lambda$new$0(50)) - omNode-3->omNode-1: nextIndex: updateUnconditionally 0 -> 0
2019-09-05 08:31:34,261 [grpc-default-executor-4] WARN  server.GrpcLogAppender (LogUtils.java:warn(134)) - omNode-3->omNode-2: Failed appendEntries: org.apache.ratis.thirdparty.io.grpc.StatusRuntimeException: UNAVAILABLE: io exception
2019-09-05 08:31:34,261 [grpc-default-executor-11] WARN  server.GrpcLogAppender (LogUtils.java:warn(134)) - omNode-3->omNode-1: Failed appendEntries: org.apache.ratis.thirdparty.io.grpc.StatusRuntimeException: UNAVAILABLE: io exception
2019-09-05 08:31:34,261 [grpc-default-executor-4] INFO  impl.FollowerInfo (FollowerInfo.java:lambda$new$0(50)) - omNode-3->omNode-2: nextIndex: updateUnconditionally 0 -> 0
2019-09-05 08:31:34,262 [grpc-default-executor-11] INFO  impl.FollowerInfo (FollowerInfo.java:lambda$new$0(50)) - omNode-3->omNode-1: nextIndex: updateUnconditionally 0 -> 0
2019-09-05 08:31:34,439 | INFO  | SCMAudit | user=jenkins1000 | ip=192.168.36.69 | op=SEND_HEARTBEAT {datanodeUUID=baa0ac9c-d259-45b0-b366-08e52759ad0f, command=[]} | ret=SUCCESS |  
2019-09-05 08:31:34,762 [grpc-default-executor-11] WARN  server.GrpcLogAppender (LogUtils.java:warn(134)) - omNode-3->omNode-2: Failed appendEntries: org.apache.ratis.thirdparty.io.grpc.StatusRuntimeException: UNAVAILABLE: io exception
2019-09-05 08:31:34,762 [grpc-default-executor-9] WARN  server.GrpcLogAppender (LogUtils.java:warn(134)) - omNode-3->omNode-1: Failed appendEntries: org.apache.ratis.thirdparty.io.grpc.StatusRuntimeException: UNAVAILABLE: io exception
2019-09-05 08:31:34,762 [grpc-default-executor-11] INFO  impl.FollowerInfo (FollowerInfo.java:lambda$new$0(50)) - omNode-3->omNode-2: nextIndex: updateUnconditionally 0 -> 0
2019-09-05 08:31:34,762 [grpc-default-executor-9] INFO  impl.FollowerInfo (FollowerInfo.java:lambda$new$0(50)) - omNode-3->omNode-1: nextIndex: updateUnconditionally 0 -> 0
2019-09-05 08:31:35,262 [grpc-default-executor-7] WARN  server.GrpcLogAppender (LogUtils.java:warn(134)) - omNode-3->omNode-2: Failed appendEntries: org.apache.ratis.thirdparty.io.grpc.StatusRuntimeException: UNAVAILABLE: io exception
2019-09-05 08:31:35,262 [grpc-default-executor-9] WARN  server.GrpcLogAppender (LogUtils.java:warn(134)) - omNode-3->omNode-1: Failed appendEntries: org.apache.ratis.thirdparty.io.grpc.StatusRuntimeException: UNAVAILABLE: io exception
2019-09-05 08:31:35,262 [grpc-default-executor-7] INFO  impl.FollowerInfo (FollowerInfo.java:lambda$new$0(50)) - omNode-3->omNode-2: nextIndex: updateUnconditionally 0 -> 0
2019-09-05 08:31:35,262 [grpc-default-executor-9] INFO  impl.FollowerInfo (FollowerInfo.java:lambda$new$0(50)) - omNode-3->omNode-1: nextIndex: updateUnconditionally 0 -> 0
2019-09-05 08:31:35,439 | INFO  | SCMAudit | user=jenkins1000 | ip=192.168.36.69 | op=SEND_HEARTBEAT {datanodeUUID=baa0ac9c-d259-45b0-b366-08e52759ad0f, command=[]} | ret=SUCCESS |  
2019-09-05 08:31:35,763 [grpc-default-executor-4] WARN  server.GrpcLogAppender (LogUtils.java:warn(134)) - omNode-3->omNode-1: Failed appendEntries: org.apache.ratis.thirdparty.io.grpc.StatusRuntimeException: UNAVAILABLE: io exception
2019-09-05 08:31:35,763 [grpc-default-executor-10] WARN  server.GrpcLogAppender (LogUtils.java:warn(134)) - omNode-3->omNode-2: Failed appendEntries: org.apache.ratis.thirdparty.io.grpc.StatusRuntimeException: UNAVAILABLE: io exception
2019-09-05 08:31:35,763 [grpc-default-executor-4] INFO  impl.FollowerInfo (FollowerInfo.java:lambda$new$0(50)) - omNode-3->omNode-1: nextIndex: updateUnconditionally 0 -> 0
2019-09-05 08:31:35,764 [grpc-default-executor-10] INFO  impl.FollowerInfo (FollowerInfo.java:lambda$new$0(50)) - omNode-3->omNode-2: nextIndex: updateUnconditionally 0 -> 0
2019-09-05 08:31:36,263 [grpc-default-executor-11] WARN  server.GrpcLogAppender (LogUtils.java:warn(134)) - omNode-3->omNode-2: Failed appendEntries: org.apache.ratis.thirdparty.io.grpc.StatusRuntimeException: UNAVAILABLE: io exception
2019-09-05 08:31:36,263 [grpc-default-executor-10] WARN  server.GrpcLogAppender (LogUtils.java:warn(134)) - omNode-3->omNode-1: Failed appendEntries: org.apache.ratis.thirdparty.io.grpc.StatusRuntimeException: UNAVAILABLE: io exception
2019-09-05 08:31:36,263 [grpc-default-executor-11] INFO  impl.FollowerInfo (FollowerInfo.java:lambda$new$0(50)) - omNode-3->omNode-2: nextIndex: updateUnconditionally 0 -> 0
2019-09-05 08:31:36,264 [grpc-default-executor-10] INFO  impl.FollowerInfo (FollowerInfo.java:lambda$new$0(50)) - omNode-3->omNode-1: nextIndex: updateUnconditionally 0 -> 0
2019-09-05 08:31:36,439 | INFO  | SCMAudit | user=jenkins1000 | ip=192.168.36.69 | op=SEND_HEARTBEAT {datanodeUUID=baa0ac9c-d259-45b0-b366-08e52759ad0f, command=[]} | ret=SUCCESS |  
2019-09-05 08:31:36,764 [grpc-default-executor-4] WARN  server.GrpcLogAppender (LogUtils.java:warn(134)) - omNode-3->omNode-1: Failed appendEntries: org.apache.ratis.thirdparty.io.grpc.StatusRuntimeException: UNAVAILABLE: io exception
2019-09-05 08:31:36,764 [grpc-default-executor-8] WARN  server.GrpcLogAppender (LogUtils.java:warn(134)) - omNode-3->omNode-2: Failed appendEntries: org.apache.ratis.thirdparty.io.grpc.StatusRuntimeException: UNAVAILABLE: io exception
2019-09-05 08:31:36,764 [grpc-default-executor-4] INFO  impl.FollowerInfo (FollowerInfo.java:lambda$new$0(50)) - omNode-3->omNode-1: nextIndex: updateUnconditionally 0 -> 0
2019-09-05 08:31:36,765 [grpc-default-executor-8] INFO  impl.FollowerInfo (FollowerInfo.java:lambda$new$0(50)) - omNode-3->omNode-2: nextIndex: updateUnconditionally 0 -> 0
2019-09-05 08:31:37,265 [grpc-default-executor-8] WARN  server.GrpcLogAppender (LogUtils.java:warn(134)) - omNode-3->omNode-2: Failed appendEntries: org.apache.ratis.thirdparty.io.grpc.StatusRuntimeException: UNAVAILABLE: io exception
2019-09-05 08:31:37,265 [grpc-default-executor-7] WARN  server.GrpcLogAppender (LogUtils.java:warn(134)) - omNode-3->omNode-1: Failed appendEntries: org.apache.ratis.thirdparty.io.grpc.StatusRuntimeException: UNAVAILABLE: io exception
2019-09-05 08:31:37,265 [grpc-default-executor-8] INFO  impl.FollowerInfo (FollowerInfo.java:lambda$new$0(50)) - omNode-3->omNode-2: nextIndex: updateUnconditionally 0 -> 0
2019-09-05 08:31:37,265 [grpc-default-executor-7] INFO  impl.FollowerInfo (FollowerInfo.java:lambda$new$0(50)) - omNode-3->omNode-1: nextIndex: updateUnconditionally 0 -> 0
2019-09-05 08:31:37,439 | INFO  | SCMAudit | user=jenkins1000 | ip=192.168.36.69 | op=SEND_HEARTBEAT {datanodeUUID=baa0ac9c-d259-45b0-b366-08e52759ad0f, command=[]} | ret=SUCCESS |  
2019-09-05 08:31:37,765 [grpc-default-executor-4] WARN  server.GrpcLogAppender (LogUtils.java:warn(134)) - omNode-3->omNode-1: Failed appendEntries: org.apache.ratis.thirdparty.io.grpc.StatusRuntimeException: UNAVAILABLE: io exception
2019-09-05 08:31:37,765 [grpc-default-executor-11] WARN  server.GrpcLogAppender (LogUtils.java:warn(134)) - omNode-3->omNode-2: Failed appendEntries: org.apache.ratis.thirdparty.io.grpc.StatusRuntimeException: UNAVAILABLE: io exception
2019-09-05 08:31:37,765 [grpc-default-executor-4] INFO  impl.FollowerInfo (FollowerInfo.java:lambda$new$0(50)) - omNode-3->omNode-1: nextIndex: updateUnconditionally 0 -> 0
2019-09-05 08:31:37,765 [grpc-default-executor-11] INFO  impl.FollowerInfo (FollowerInfo.java:lambda$new$0(50)) - omNode-3->omNode-2: nextIndex: updateUnconditionally 0 -> 0
2019-09-05 08:31:38,265 [grpc-default-executor-8] WARN  server.GrpcLogAppender (LogUtils.java:warn(134)) - omNode-3->omNode-2: Failed appendEntries: org.apache.ratis.thirdparty.io.grpc.StatusRuntimeException: UNAVAILABLE: io exception
2019-09-05 08:31:38,266 [grpc-default-executor-7] WARN  server.GrpcLogAppender (LogUtils.java:warn(134)) - omNode-3->omNode-1: Failed appendEntries: org.apache.ratis.thirdparty.io.grpc.StatusRuntimeException: UNAVAILABLE: io exception
2019-09-05 08:31:38,266 [grpc-default-executor-8] INFO  impl.FollowerInfo (FollowerInfo.java:lambda$new$0(50)) - omNode-3->omNode-2: nextIndex: updateUnconditionally 0 -> 0
2019-09-05 08:31:38,266 [grpc-default-executor-7] INFO  impl.FollowerInfo (FollowerInfo.java:lambda$new$0(50)) - omNode-3->omNode-1: nextIndex: updateUnconditionally 0 -> 0
2019-09-05 08:31:38,439 | INFO  | SCMAudit | user=jenkins1000 | ip=192.168.36.69 | op=SEND_HEARTBEAT {datanodeUUID=baa0ac9c-d259-45b0-b366-08e52759ad0f, command=[]} | ret=SUCCESS |  
2019-09-05 08:31:38,766 [grpc-default-executor-7] WARN  server.GrpcLogAppender (LogUtils.java:warn(134)) - omNode-3->omNode-1: Failed appendEntries: org.apache.ratis.thirdparty.io.grpc.StatusRuntimeException: UNAVAILABLE: io exception
2019-09-05 08:31:38,766 [grpc-default-executor-11] WARN  server.GrpcLogAppender (LogUtils.java:warn(134)) - omNode-3->omNode-2: Failed appendEntries: org.apache.ratis.thirdparty.io.grpc.StatusRuntimeException: UNAVAILABLE: io exception
2019-09-05 08:31:38,766 [grpc-default-executor-7] INFO  impl.FollowerInfo (FollowerInfo.java:lambda$new$0(50)) - omNode-3->omNode-1: nextIndex: updateUnconditionally 0 -> 0
2019-09-05 08:31:38,766 [grpc-default-executor-11] INFO  impl.FollowerInfo (FollowerInfo.java:lambda$new$0(50)) - omNode-3->omNode-2: nextIndex: updateUnconditionally 0 -> 0
2019-09-05 08:31:39,266 [grpc-default-executor-7] WARN  server.GrpcLogAppender (LogUtils.java:warn(134)) - omNode-3->omNode-1: Failed appendEntries: org.apache.ratis.thirdparty.io.grpc.StatusRuntimeException: UNAVAILABLE: io exception
2019-09-05 08:31:39,266 [grpc-default-executor-8] WARN  server.GrpcLogAppender (LogUtils.java:warn(134)) - omNode-3->omNode-2: Failed appendEntries: org.apache.ratis.thirdparty.io.grpc.StatusRuntimeException: UNAVAILABLE: io exception
2019-09-05 08:31:39,267 [grpc-default-executor-7] INFO  impl.FollowerInfo (FollowerInfo.java:lambda$new$0(50)) - omNode-3->omNode-1: nextIndex: updateUnconditionally 0 -> 0
2019-09-05 08:31:39,267 [grpc-default-executor-8] INFO  impl.FollowerInfo (FollowerInfo.java:lambda$new$0(50)) - omNode-3->omNode-2: nextIndex: updateUnconditionally 0 -> 0
2019-09-05 08:31:39,440 | INFO  | SCMAudit | user=jenkins1000 | ip=192.168.36.69 | op=SEND_HEARTBEAT {datanodeUUID=baa0ac9c-d259-45b0-b366-08e52759ad0f, command=[]} | ret=SUCCESS |  
2019-09-05 08:31:39,767 [grpc-default-executor-9] WARN  server.GrpcLogAppender (LogUtils.java:warn(134)) - omNode-3->omNode-2: Failed appendEntries: org.apache.ratis.thirdparty.io.grpc.StatusRuntimeException: UNAVAILABLE: io exception
2019-09-05 08:31:39,767 [grpc-default-executor-8] WARN  server.GrpcLogAppender (LogUtils.java:warn(134)) - omNode-3->omNode-1: Failed appendEntries: org.apache.ratis.thirdparty.io.grpc.StatusRuntimeException: UNAVAILABLE: io exception
2019-09-05 08:31:39,767 [grpc-default-executor-9] INFO  impl.FollowerInfo (FollowerInfo.java:lambda$new$0(50)) - omNode-3->omNode-2: nextIndex: updateUnconditionally 0 -> 0
2019-09-05 08:31:39,768 [grpc-default-executor-8] INFO  impl.FollowerInfo (FollowerInfo.java:lambda$new$0(50)) - omNode-3->omNode-1: nextIndex: updateUnconditionally 0 -> 0
2019-09-05 08:31:40,269 [grpc-default-executor-11] WARN  server.GrpcLogAppender (LogUtils.java:warn(134)) - omNode-3->omNode-2: Failed appendEntries: org.apache.ratis.thirdparty.io.grpc.StatusRuntimeException: UNAVAILABLE: io exception
2019-09-05 08:31:40,269 [grpc-default-executor-9] WARN  server.GrpcLogAppender (LogUtils.java:warn(134)) - omNode-3->omNode-1: Failed appendEntries: org.apache.ratis.thirdparty.io.grpc.StatusRuntimeException: UNAVAILABLE: io exception
2019-09-05 08:31:40,270 [grpc-default-executor-11] INFO  impl.FollowerInfo (FollowerInfo.java:lambda$new$0(50)) - omNode-3->omNode-2: nextIndex: updateUnconditionally 0 -> 0
2019-09-05 08:31:40,270 [grpc-default-executor-9] INFO  impl.FollowerInfo (FollowerInfo.java:lambda$new$0(50)) - omNode-3->omNode-1: nextIndex: updateUnconditionally 0 -> 0
2019-09-05 08:31:40,441 | INFO  | SCMAudit | user=jenkins1000 | ip=192.168.36.69 | op=SEND_HEARTBEAT {datanodeUUID=baa0ac9c-d259-45b0-b366-08e52759ad0f, command=[]} | ret=SUCCESS |  
2019-09-05 08:31:40,769 [grpc-default-executor-9] WARN  server.GrpcLogAppender (LogUtils.java:warn(134)) - omNode-3->omNode-2: Failed appendEntries: org.apache.ratis.thirdparty.io.grpc.StatusRuntimeException: UNAVAILABLE: io exception
2019-09-05 08:31:40,769 [grpc-default-executor-4] WARN  server.GrpcLogAppender (LogUtils.java:warn(134)) - omNode-3->omNode-1: Failed appendEntries: org.apache.ratis.thirdparty.io.grpc.StatusRuntimeException: UNAVAILABLE: io exception
2019-09-05 08:31:40,770 [grpc-default-executor-9] INFO  impl.FollowerInfo (FollowerInfo.java:lambda$new$0(50)) - omNode-3->omNode-2: nextIndex: updateUnconditionally 0 -> 0
2019-09-05 08:31:40,770 [grpc-default-executor-4] INFO  impl.FollowerInfo (FollowerInfo.java:lambda$new$0(50)) - omNode-3->omNode-1: nextIndex: updateUnconditionally 0 -> 0
2019-09-05 08:31:41,269 [grpc-default-executor-7] WARN  server.GrpcLogAppender (LogUtils.java:warn(134)) - omNode-3->omNode-2: Failed appendEntries: org.apache.ratis.thirdparty.io.grpc.StatusRuntimeException: UNAVAILABLE: io exception
2019-09-05 08:31:41,269 [grpc-default-executor-8] WARN  server.GrpcLogAppender (LogUtils.java:warn(134)) - omNode-3->omNode-1: Failed appendEntries: org.apache.ratis.thirdparty.io.grpc.StatusRuntimeException: UNAVAILABLE: io exception
2019-09-05 08:31:41,270 [grpc-default-executor-7] INFO  impl.FollowerInfo (FollowerInfo.java:lambda$new$0(50)) - omNode-3->omNode-2: nextIndex: updateUnconditionally 0 -> 0
2019-09-05 08:31:41,270 [grpc-default-executor-8] INFO  impl.FollowerInfo (FollowerInfo.java:lambda$new$0(50)) - omNode-3->omNode-1: nextIndex: updateUnconditionally 0 -> 0
2019-09-05 08:31:41,441 | INFO  | SCMAudit | user=jenkins1000 | ip=192.168.36.69 | op=SEND_HEARTBEAT {datanodeUUID=baa0ac9c-d259-45b0-b366-08e52759ad0f, command=[]} | ret=SUCCESS |  
2019-09-05 08:31:41,770 [grpc-default-executor-11] WARN  server.GrpcLogAppender (LogUtils.java:warn(134)) - omNode-3->omNode-1: Failed appendEntries: org.apache.ratis.thirdparty.io.grpc.StatusRuntimeException: UNAVAILABLE: io exception
2019-09-05 08:31:41,770 [grpc-default-executor-9] WARN  server.GrpcLogAppender (LogUtils.java:warn(134)) - omNode-3->omNode-2: Failed appendEntries: org.apache.ratis.thirdparty.io.grpc.StatusRuntimeException: UNAVAILABLE: io exception
2019-09-05 08:31:41,771 [grpc-default-executor-11] INFO  impl.FollowerInfo (FollowerInfo.java:lambda$new$0(50)) - omNode-3->omNode-1: nextIndex: updateUnconditionally 0 -> 0
2019-09-05 08:31:41,771 [grpc-default-executor-9] INFO  impl.FollowerInfo (FollowerInfo.java:lambda$new$0(50)) - omNode-3->omNode-2: nextIndex: updateUnconditionally 0 -> 0
2019-09-05 08:31:42,271 [grpc-default-executor-8] WARN  server.GrpcLogAppender (LogUtils.java:warn(134)) - omNode-3->omNode-1: Failed appendEntries: org.apache.ratis.thirdparty.io.grpc.StatusRuntimeException: UNAVAILABLE: io exception
2019-09-05 08:31:42,271 [grpc-default-executor-9] WARN  server.GrpcLogAppender (LogUtils.java:warn(134)) - omNode-3->omNode-2: Failed appendEntries: org.apache.ratis.thirdparty.io.grpc.StatusRuntimeException: UNAVAILABLE: io exception
2019-09-05 08:31:42,271 [grpc-default-executor-8] INFO  impl.FollowerInfo (FollowerInfo.java:lambda$new$0(50)) - omNode-3->omNode-1: nextIndex: updateUnconditionally 0 -> 0
2019-09-05 08:31:42,271 [grpc-default-executor-9] INFO  impl.FollowerInfo (FollowerInfo.java:lambda$new$0(50)) - omNode-3->omNode-2: nextIndex: updateUnconditionally 0 -> 0
2019-09-05 08:31:42,441 | INFO  | SCMAudit | user=jenkins1000 | ip=192.168.36.69 | op=SEND_HEARTBEAT {datanodeUUID=baa0ac9c-d259-45b0-b366-08e52759ad0f, command=[]} | ret=SUCCESS |  
2019-09-05 08:31:42,771 [grpc-default-executor-8] WARN  server.GrpcLogAppender (LogUtils.java:warn(134)) - omNode-3->omNode-2: Failed appendEntries: org.apache.ratis.thirdparty.io.grpc.StatusRuntimeException: UNAVAILABLE: io exception
2019-09-05 08:31:42,771 [grpc-default-executor-9] WARN  server.GrpcLogAppender (LogUtils.java:warn(134)) - omNode-3->omNode-1: Failed appendEntries: org.apache.ratis.thirdparty.io.grpc.StatusRuntimeException: UNAVAILABLE: io exception
2019-09-05 08:31:42,772 [grpc-default-executor-8] INFO  impl.FollowerInfo (FollowerInfo.java:lambda$new$0(50)) - omNode-3->omNode-2: nextIndex: updateUnconditionally 0 -> 0
2019-09-05 08:31:42,772 [grpc-default-executor-9] INFO  impl.FollowerInfo (FollowerInfo.java:lambda$new$0(50)) - omNode-3->omNode-1: nextIndex: updateUnconditionally 0 -> 0
2019-09-05 08:31:43,271 [grpc-default-executor-11] WARN  server.GrpcLogAppender (LogUtils.java:warn(134)) - omNode-3->omNode-1: Failed appendEntries: org.apache.ratis.thirdparty.io.grpc.StatusRuntimeException: UNAVAILABLE: io exception
2019-09-05 08:31:43,272 [grpc-default-executor-10] WARN  server.GrpcLogAppender (LogUtils.java:warn(134)) - omNode-3->omNode-2: Failed appendEntries: org.apache.ratis.thirdparty.io.grpc.StatusRuntimeException: UNAVAILABLE: io exception
2019-09-05 08:31:43,272 [grpc-default-executor-11] INFO  impl.FollowerInfo (FollowerInfo.java:lambda$new$0(50)) - omNode-3->omNode-1: nextIndex: updateUnconditionally 0 -> 0
2019-09-05 08:31:43,272 [grpc-default-executor-10] INFO  impl.FollowerInfo (FollowerInfo.java:lambda$new$0(50)) - omNode-3->omNode-2: nextIndex: updateUnconditionally 0 -> 0
2019-09-05 08:31:43,441 | INFO  | SCMAudit | user=jenkins1000 | ip=192.168.36.69 | op=SEND_HEARTBEAT {datanodeUUID=baa0ac9c-d259-45b0-b366-08e52759ad0f, command=[]} | ret=SUCCESS |  
2019-09-05 08:31:43,772 [grpc-default-executor-9] WARN  server.GrpcLogAppender (LogUtils.java:warn(134)) - omNode-3->omNode-1: Failed appendEntries: org.apache.ratis.thirdparty.io.grpc.StatusRuntimeException: UNAVAILABLE: io exception
2019-09-05 08:31:43,772 [grpc-default-executor-10] WARN  server.GrpcLogAppender (LogUtils.java:warn(134)) - omNode-3->omNode-2: Failed appendEntries: org.apache.ratis.thirdparty.io.grpc.StatusRuntimeException: UNAVAILABLE: io exception
2019-09-05 08:31:43,773 [grpc-default-executor-9] INFO  impl.FollowerInfo (FollowerInfo.java:lambda$new$0(50)) - omNode-3->omNode-1: nextIndex: updateUnconditionally 0 -> 0
2019-09-05 08:31:43,773 [grpc-default-executor-10] INFO  impl.FollowerInfo (FollowerInfo.java:lambda$new$0(50)) - omNode-3->omNode-2: nextIndex: updateUnconditionally 0 -> 0
2019-09-05 08:31:44,273 [grpc-default-executor-7] WARN  server.GrpcLogAppender (LogUtils.java:warn(134)) - omNode-3->omNode-1: Failed appendEntries: org.apache.ratis.thirdparty.io.grpc.StatusRuntimeException: UNAVAILABLE: io exception
2019-09-05 08:31:44,273 [grpc-default-executor-11] WARN  server.GrpcLogAppender (LogUtils.java:warn(134)) - omNode-3->omNode-2: Failed appendEntries: org.apache.ratis.thirdparty.io.grpc.StatusRuntimeException: UNAVAILABLE: io exception
2019-09-05 08:31:44,273 [grpc-default-executor-7] INFO  impl.FollowerInfo (FollowerInfo.java:lambda$new$0(50)) - omNode-3->omNode-1: nextIndex: updateUnconditionally 0 -> 0
2019-09-05 08:31:44,274 [grpc-default-executor-11] INFO  impl.FollowerInfo (FollowerInfo.java:lambda$new$0(50)) - omNode-3->omNode-2: nextIndex: updateUnconditionally 0 -> 0
2019-09-05 08:31:44,441 | INFO  | SCMAudit | user=jenkins1000 | ip=192.168.36.69 | op=SEND_HEARTBEAT {datanodeUUID=baa0ac9c-d259-45b0-b366-08e52759ad0f, command=[]} | ret=SUCCESS |  
2019-09-05 08:31:44,774 [grpc-default-executor-7] WARN  server.GrpcLogAppender (LogUtils.java:warn(134)) - omNode-3->omNode-1: Failed appendEntries: org.apache.ratis.thirdparty.io.grpc.StatusRuntimeException: UNAVAILABLE: io exception
2019-09-05 08:31:44,774 [grpc-default-executor-8] WARN  server.GrpcLogAppender (LogUtils.java:warn(134)) - omNode-3->omNode-2: Failed appendEntries: org.apache.ratis.thirdparty.io.grpc.StatusRuntimeException: UNAVAILABLE: io exception
2019-09-05 08:31:44,774 [grpc-default-executor-7] INFO  impl.FollowerInfo (FollowerInfo.java:lambda$new$0(50)) - omNode-3->omNode-1: nextIndex: updateUnconditionally 0 -> 0
2019-09-05 08:31:44,774 [grpc-default-executor-8] INFO  impl.FollowerInfo (FollowerInfo.java:lambda$new$0(50)) - omNode-3->omNode-2: nextIndex: updateUnconditionally 0 -> 0
2019-09-05 08:31:45,274 [grpc-default-executor-11] WARN  server.GrpcLogAppender (LogUtils.java:warn(134)) - omNode-3->omNode-2: Failed appendEntries: org.apache.ratis.thirdparty.io.grpc.StatusRuntimeException: UNAVAILABLE: io exception
2019-09-05 08:31:45,274 [grpc-default-executor-8] WARN  server.GrpcLogAppender (LogUtils.java:warn(134)) - omNode-3->omNode-1: Failed appendEntries: org.apache.ratis.thirdparty.io.grpc.StatusRuntimeException: UNAVAILABLE: io exception
2019-09-05 08:31:45,274 [grpc-default-executor-11] INFO  impl.FollowerInfo (FollowerInfo.java:lambda$new$0(50)) - omNode-3->omNode-2: nextIndex: updateUnconditionally 0 -> 0
2019-09-05 08:31:45,275 [grpc-default-executor-8] INFO  impl.FollowerInfo (FollowerInfo.java:lambda$new$0(50)) - omNode-3->omNode-1: nextIndex: updateUnconditionally 0 -> 0
2019-09-05 08:31:45,441 | INFO  | SCMAudit | user=jenkins1000 | ip=192.168.36.69 | op=SEND_HEARTBEAT {datanodeUUID=baa0ac9c-d259-45b0-b366-08e52759ad0f, command=[]} | ret=SUCCESS |  
2019-09-05 08:31:45,775 [grpc-default-executor-9] WARN  server.GrpcLogAppender (LogUtils.java:warn(134)) - omNode-3->omNode-2: Failed appendEntries: org.apache.ratis.thirdparty.io.grpc.StatusRuntimeException: UNAVAILABLE: io exception
2019-09-05 08:31:45,775 [grpc-default-executor-8] WARN  server.GrpcLogAppender (LogUtils.java:warn(134)) - omNode-3->omNode-1: Failed appendEntries: org.apache.ratis.thirdparty.io.grpc.StatusRuntimeException: UNAVAILABLE: io exception
2019-09-05 08:31:45,775 [grpc-default-executor-9] INFO  impl.FollowerInfo (FollowerInfo.java:lambda$new$0(50)) - omNode-3->omNode-2: nextIndex: updateUnconditionally 0 -> 0
2019-09-05 08:31:45,775 [grpc-default-executor-8] INFO  impl.FollowerInfo (FollowerInfo.java:lambda$new$0(50)) - omNode-3->omNode-1: nextIndex: updateUnconditionally 0 -> 0
2019-09-05 08:31:46,275 [grpc-default-executor-11] WARN  server.GrpcLogAppender (LogUtils.java:warn(134)) - omNode-3->omNode-1: Failed appendEntries: org.apache.ratis.thirdparty.io.grpc.StatusRuntimeException: UNAVAILABLE: io exception
2019-09-05 08:31:46,275 [grpc-default-executor-4] WARN  server.GrpcLogAppender (LogUtils.java:warn(134)) - omNode-3->omNode-2: Failed appendEntries: org.apache.ratis.thirdparty.io.grpc.StatusRuntimeException: UNAVAILABLE: io exception
2019-09-05 08:31:46,275 [grpc-default-executor-11] INFO  impl.FollowerInfo (FollowerInfo.java:lambda$new$0(50)) - omNode-3->omNode-1: nextIndex: updateUnconditionally 0 -> 0
2019-09-05 08:31:46,276 [grpc-default-executor-4] INFO  impl.FollowerInfo (FollowerInfo.java:lambda$new$0(50)) - omNode-3->omNode-2: nextIndex: updateUnconditionally 0 -> 0
2019-09-05 08:31:46,441 | INFO  | SCMAudit | user=jenkins1000 | ip=192.168.36.69 | op=SEND_HEARTBEAT {datanodeUUID=baa0ac9c-d259-45b0-b366-08e52759ad0f, command=[]} | ret=SUCCESS |  
2019-09-05 08:31:46,776 [grpc-default-executor-7] WARN  server.GrpcLogAppender (LogUtils.java:warn(134)) - omNode-3->omNode-1: Failed appendEntries: org.apache.ratis.thirdparty.io.grpc.StatusRuntimeException: UNAVAILABLE: io exception
2019-09-05 08:31:46,776 [grpc-default-executor-10] WARN  server.GrpcLogAppender (LogUtils.java:warn(134)) - omNode-3->omNode-2: Failed appendEntries: org.apache.ratis.thirdparty.io.grpc.StatusRuntimeException: UNAVAILABLE: io exception
2019-09-05 08:31:46,776 [grpc-default-executor-7] INFO  impl.FollowerInfo (FollowerInfo.java:lambda$new$0(50)) - omNode-3->omNode-1: nextIndex: updateUnconditionally 0 -> 0
2019-09-05 08:31:46,776 [grpc-default-executor-10] INFO  impl.FollowerInfo (FollowerInfo.java:lambda$new$0(50)) - omNode-3->omNode-2: nextIndex: updateUnconditionally 0 -> 0
2019-09-05 08:31:47,276 [grpc-default-executor-4] WARN  server.GrpcLogAppender (LogUtils.java:warn(134)) - omNode-3->omNode-2: Failed appendEntries: org.apache.ratis.thirdparty.io.grpc.StatusRuntimeException: UNAVAILABLE: io exception
2019-09-05 08:31:47,276 [grpc-default-executor-7] WARN  server.GrpcLogAppender (LogUtils.java:warn(134)) - omNode-3->omNode-1: Failed appendEntries: org.apache.ratis.thirdparty.io.grpc.StatusRuntimeException: UNAVAILABLE: io exception
2019-09-05 08:31:47,276 [grpc-default-executor-4] INFO  impl.FollowerInfo (FollowerInfo.java:lambda$new$0(50)) - omNode-3->omNode-2: nextIndex: updateUnconditionally 0 -> 0
2019-09-05 08:31:47,276 [grpc-default-executor-7] INFO  impl.FollowerInfo (FollowerInfo.java:lambda$new$0(50)) - omNode-3->omNode-1: nextIndex: updateUnconditionally 0 -> 0
2019-09-05 08:31:47,441 | INFO  | SCMAudit | user=jenkins1000 | ip=192.168.36.69 | op=SEND_HEARTBEAT {datanodeUUID=baa0ac9c-d259-45b0-b366-08e52759ad0f, command=[]} | ret=SUCCESS |  
2019-09-05 08:31:47,777 [grpc-default-executor-8] WARN  server.GrpcLogAppender (LogUtils.java:warn(134)) - omNode-3->omNode-1: Failed appendEntries: org.apache.ratis.thirdparty.io.grpc.StatusRuntimeException: UNAVAILABLE: io exception
2019-09-05 08:31:47,777 [grpc-default-executor-11] WARN  server.GrpcLogAppender (LogUtils.java:warn(134)) - omNode-3->omNode-2: Failed appendEntries: org.apache.ratis.thirdparty.io.grpc.StatusRuntimeException: UNAVAILABLE: io exception
2019-09-05 08:31:47,777 [grpc-default-executor-8] INFO  impl.FollowerInfo (FollowerInfo.java:lambda$new$0(50)) - omNode-3->omNode-1: nextIndex: updateUnconditionally 0 -> 0
2019-09-05 08:31:47,777 [grpc-default-executor-11] INFO  impl.FollowerInfo (FollowerInfo.java:lambda$new$0(50)) - omNode-3->omNode-2: nextIndex: updateUnconditionally 0 -> 0
2019-09-05 08:31:48,278 [grpc-default-executor-11] WARN  server.GrpcLogAppender (LogUtils.java:warn(134)) - omNode-3->omNode-1: Failed appendEntries: org.apache.ratis.thirdparty.io.grpc.StatusRuntimeException: UNAVAILABLE: io exception
2019-09-05 08:31:48,278 [grpc-default-executor-7] WARN  server.GrpcLogAppender (LogUtils.java:warn(134)) - omNode-3->omNode-2: Failed appendEntries: org.apache.ratis.thirdparty.io.grpc.StatusRuntimeException: UNAVAILABLE: io exception
2019-09-05 08:31:48,278 [grpc-default-executor-11] INFO  impl.FollowerInfo (FollowerInfo.java:lambda$new$0(50)) - omNode-3->omNode-1: nextIndex: updateUnconditionally 0 -> 0
2019-09-05 08:31:48,278 [grpc-default-executor-7] INFO  impl.FollowerInfo (FollowerInfo.java:lambda$new$0(50)) - omNode-3->omNode-2: nextIndex: updateUnconditionally 0 -> 0
2019-09-05 08:31:48,440 | INFO  | SCMAudit | user=jenkins1000 | ip=192.168.36.69 | op=SEND_HEARTBEAT {datanodeUUID=baa0ac9c-d259-45b0-b366-08e52759ad0f, command=[]} | ret=SUCCESS |  
2019-09-05 08:31:48,778 [grpc-default-executor-8] WARN  server.GrpcLogAppender (LogUtils.java:warn(134)) - omNode-3->omNode-2: Failed appendEntries: org.apache.ratis.thirdparty.io.grpc.StatusRuntimeException: UNAVAILABLE: io exception
2019-09-05 08:31:48,778 [grpc-default-executor-7] WARN  server.GrpcLogAppender (LogUtils.java:warn(134)) - omNode-3->omNode-1: Failed appendEntries: org.apache.ratis.thirdparty.io.grpc.StatusRuntimeException: UNAVAILABLE: io exception
2019-09-05 08:31:48,778 [grpc-default-executor-8] INFO  impl.FollowerInfo (FollowerInfo.java:lambda$new$0(50)) - omNode-3->omNode-2: nextIndex: updateUnconditionally 0 -> 0
2019-09-05 08:31:48,779 [grpc-default-executor-7] INFO  impl.FollowerInfo (FollowerInfo.java:lambda$new$0(50)) - omNode-3->omNode-1: nextIndex: updateUnconditionally 0 -> 0
2019-09-05 08:31:49,279 [grpc-default-executor-10] WARN  server.GrpcLogAppender (LogUtils.java:warn(134)) - omNode-3->omNode-1: Failed appendEntries: org.apache.ratis.thirdparty.io.grpc.StatusRuntimeException: UNAVAILABLE: io exception
2019-09-05 08:31:49,279 [grpc-default-executor-8] WARN  server.GrpcLogAppender (LogUtils.java:warn(134)) - omNode-3->omNode-2: Failed appendEntries: org.apache.ratis.thirdparty.io.grpc.StatusRuntimeException: UNAVAILABLE: io exception
2019-09-05 08:31:49,279 [grpc-default-executor-10] INFO  impl.FollowerInfo (FollowerInfo.java:lambda$new$0(50)) - omNode-3->omNode-1: nextIndex: updateUnconditionally 0 -> 0
2019-09-05 08:31:49,280 [grpc-default-executor-8] INFO  impl.FollowerInfo (FollowerInfo.java:lambda$new$0(50)) - omNode-3->omNode-2: nextIndex: updateUnconditionally 0 -> 0
2019-09-05 08:31:49,441 | INFO  | SCMAudit | user=jenkins1000 | ip=192.168.36.69 | op=SEND_HEARTBEAT {datanodeUUID=baa0ac9c-d259-45b0-b366-08e52759ad0f, command=[]} | ret=SUCCESS |  
2019-09-05 08:31:49,779 [grpc-default-executor-7] WARN  server.GrpcLogAppender (LogUtils.java:warn(134)) - omNode-3->omNode-2: Failed appendEntries: org.apache.ratis.thirdparty.io.grpc.StatusRuntimeException: UNAVAILABLE: io exception
2019-09-05 08:31:49,779 [grpc-default-executor-10] WARN  server.GrpcLogAppender (LogUtils.java:warn(134)) - omNode-3->omNode-1: Failed appendEntries: org.apache.ratis.thirdparty.io.grpc.StatusRuntimeException: UNAVAILABLE: io exception
2019-09-05 08:31:49,780 [grpc-default-executor-7] INFO  impl.FollowerInfo (FollowerInfo.java:lambda$new$0(50)) - omNode-3->omNode-2: nextIndex: updateUnconditionally 0 -> 0
2019-09-05 08:31:49,780 [grpc-default-executor-10] INFO  impl.FollowerInfo (FollowerInfo.java:lambda$new$0(50)) - omNode-3->omNode-1: nextIndex: updateUnconditionally 0 -> 0
2019-09-05 08:31:50,280 [grpc-default-executor-11] WARN  server.GrpcLogAppender (LogUtils.java:warn(134)) - omNode-3->omNode-1: Failed appendEntries: org.apache.ratis.thirdparty.io.grpc.StatusRuntimeException: UNAVAILABLE: io exception
2019-09-05 08:31:50,280 [grpc-default-executor-8] WARN  server.GrpcLogAppender (LogUtils.java:warn(134)) - omNode-3->omNode-2: Failed appendEntries: org.apache.ratis.thirdparty.io.grpc.StatusRuntimeException: UNAVAILABLE: io exception
2019-09-05 08:31:50,281 [grpc-default-executor-11] INFO  impl.FollowerInfo (FollowerInfo.java:lambda$new$0(50)) - omNode-3->omNode-1: nextIndex: updateUnconditionally 0 -> 0
2019-09-05 08:31:50,281 [grpc-default-executor-8] INFO  impl.FollowerInfo (FollowerInfo.java:lambda$new$0(50)) - omNode-3->omNode-2: nextIndex: updateUnconditionally 0 -> 0
2019-09-05 08:31:50,441 | INFO  | SCMAudit | user=jenkins1000 | ip=192.168.36.69 | op=SEND_HEARTBEAT {datanodeUUID=baa0ac9c-d259-45b0-b366-08e52759ad0f, command=[]} | ret=SUCCESS |  
2019-09-05 08:31:50,781 [grpc-default-executor-4] WARN  server.GrpcLogAppender (LogUtils.java:warn(134)) - omNode-3->omNode-2: Failed appendEntries: org.apache.ratis.thirdparty.io.grpc.StatusRuntimeException: UNAVAILABLE: io exception
2019-09-05 08:31:50,781 [grpc-default-executor-9] WARN  server.GrpcLogAppender (LogUtils.java:warn(134)) - omNode-3->omNode-1: Failed appendEntries: org.apache.ratis.thirdparty.io.grpc.StatusRuntimeException: UNAVAILABLE: io exception
2019-09-05 08:31:50,781 [grpc-default-executor-4] INFO  impl.FollowerInfo (FollowerInfo.java:lambda$new$0(50)) - omNode-3->omNode-2: nextIndex: updateUnconditionally 0 -> 0
2019-09-05 08:31:50,781 [grpc-default-executor-9] INFO  impl.FollowerInfo (FollowerInfo.java:lambda$new$0(50)) - omNode-3->omNode-1: nextIndex: updateUnconditionally 0 -> 0
2019-09-05 08:31:51,281 [grpc-default-executor-4] WARN  server.GrpcLogAppender (LogUtils.java:warn(134)) - omNode-3->omNode-1: Failed appendEntries: org.apache.ratis.thirdparty.io.grpc.StatusRuntimeException: UNAVAILABLE: io exception
2019-09-05 08:31:51,281 [grpc-default-executor-7] WARN  server.GrpcLogAppender (LogUtils.java:warn(134)) - omNode-3->omNode-2: Failed appendEntries: org.apache.ratis.thirdparty.io.grpc.StatusRuntimeException: UNAVAILABLE: io exception
2019-09-05 08:31:51,281 [grpc-default-executor-4] INFO  impl.FollowerInfo (FollowerInfo.java:lambda$new$0(50)) - omNode-3->omNode-1: nextIndex: updateUnconditionally 0 -> 0
2019-09-05 08:31:51,282 [grpc-default-executor-7] INFO  impl.FollowerInfo (FollowerInfo.java:lambda$new$0(50)) - omNode-3->omNode-2: nextIndex: updateUnconditionally 0 -> 0
2019-09-05 08:31:51,441 | INFO  | SCMAudit | user=jenkins1000 | ip=192.168.36.69 | op=SEND_HEARTBEAT {datanodeUUID=baa0ac9c-d259-45b0-b366-08e52759ad0f, command=[]} | ret=SUCCESS |  
2019-09-05 08:31:51,782 [grpc-default-executor-11] WARN  server.GrpcLogAppender (LogUtils.java:warn(134)) - omNode-3->omNode-1: Failed appendEntries: org.apache.ratis.thirdparty.io.grpc.StatusRuntimeException: UNAVAILABLE: io exception
2019-09-05 08:31:51,782 [grpc-default-executor-10] WARN  server.GrpcLogAppender (LogUtils.java:warn(134)) - omNode-3->omNode-2: Failed appendEntries: org.apache.ratis.thirdparty.io.grpc.StatusRuntimeException: UNAVAILABLE: io exception
2019-09-05 08:31:51,782 [grpc-default-executor-11] INFO  impl.FollowerInfo (FollowerInfo.java:lambda$new$0(50)) - omNode-3->omNode-1: nextIndex: updateUnconditionally 0 -> 0
2019-09-05 08:31:51,783 [grpc-default-executor-10] INFO  impl.FollowerInfo (FollowerInfo.java:lambda$new$0(50)) - omNode-3->omNode-2: nextIndex: updateUnconditionally 0 -> 0
2019-09-05 08:31:52,283 [grpc-default-executor-11] WARN  server.GrpcLogAppender (LogUtils.java:warn(134)) - omNode-3->omNode-1: Failed appendEntries: org.apache.ratis.thirdparty.io.grpc.StatusRuntimeException: UNAVAILABLE: io exception
2019-09-05 08:31:52,283 [grpc-default-executor-9] WARN  server.GrpcLogAppender (LogUtils.java:warn(134)) - omNode-3->omNode-2: Failed appendEntries: org.apache.ratis.thirdparty.io.grpc.StatusRuntimeException: UNAVAILABLE: io exception
2019-09-05 08:31:52,283 [grpc-default-executor-11] INFO  impl.FollowerInfo (FollowerInfo.java:lambda$new$0(50)) - omNode-3->omNode-1: nextIndex: updateUnconditionally 0 -> 0
2019-09-05 08:31:52,283 [grpc-default-executor-9] INFO  impl.FollowerInfo (FollowerInfo.java:lambda$new$0(50)) - omNode-3->omNode-2: nextIndex: updateUnconditionally 0 -> 0
2019-09-05 08:31:52,440 | INFO  | SCMAudit | user=jenkins1000 | ip=192.168.36.69 | op=SEND_HEARTBEAT {datanodeUUID=baa0ac9c-d259-45b0-b366-08e52759ad0f, command=[]} | ret=SUCCESS |  
2019-09-05 08:31:52,783 [grpc-default-executor-8] WARN  server.GrpcLogAppender (LogUtils.java:warn(134)) - omNode-3->omNode-1: Failed appendEntries: org.apache.ratis.thirdparty.io.grpc.StatusRuntimeException: UNAVAILABLE: io exception
2019-09-05 08:31:52,783 [grpc-default-executor-7] WARN  server.GrpcLogAppender (LogUtils.java:warn(134)) - omNode-3->omNode-2: Failed appendEntries: org.apache.ratis.thirdparty.io.grpc.StatusRuntimeException: UNAVAILABLE: io exception
2019-09-05 08:31:52,783 [grpc-default-executor-8] INFO  impl.FollowerInfo (FollowerInfo.java:lambda$new$0(50)) - omNode-3->omNode-1: nextIndex: updateUnconditionally 0 -> 0
2019-09-05 08:31:52,784 [grpc-default-executor-7] INFO  impl.FollowerInfo (FollowerInfo.java:lambda$new$0(50)) - omNode-3->omNode-2: nextIndex: updateUnconditionally 0 -> 0
2019-09-05 08:31:53,283 [grpc-default-executor-11] WARN  server.GrpcLogAppender (LogUtils.java:warn(134)) - omNode-3->omNode-2: Failed appendEntries: org.apache.ratis.thirdparty.io.grpc.StatusRuntimeException: UNAVAILABLE: io exception
2019-09-05 08:31:53,283 [grpc-default-executor-8] WARN  server.GrpcLogAppender (LogUtils.java:warn(134)) - omNode-3->omNode-1: Failed appendEntries: org.apache.ratis.thirdparty.io.grpc.StatusRuntimeException: UNAVAILABLE: io exception
2019-09-05 08:31:53,284 [grpc-default-executor-11] INFO  impl.FollowerInfo (FollowerInfo.java:lambda$new$0(50)) - omNode-3->omNode-2: nextIndex: updateUnconditionally 0 -> 0
2019-09-05 08:31:53,284 [grpc-default-executor-8] INFO  impl.FollowerInfo (FollowerInfo.java:lambda$new$0(50)) - omNode-3->omNode-1: nextIndex: updateUnconditionally 0 -> 0
2019-09-05 08:31:53,441 | INFO  | SCMAudit | user=jenkins1000 | ip=192.168.36.69 | op=SEND_HEARTBEAT {datanodeUUID=baa0ac9c-d259-45b0-b366-08e52759ad0f, command=[]} | ret=SUCCESS |  
2019-09-05 08:31:53,784 [grpc-default-executor-9] WARN  server.GrpcLogAppender (LogUtils.java:warn(134)) - omNode-3->omNode-1: Failed appendEntries: org.apache.ratis.thirdparty.io.grpc.StatusRuntimeException: UNAVAILABLE: io exception
2019-09-05 08:31:53,784 [grpc-default-executor-10] WARN  server.GrpcLogAppender (LogUtils.java:warn(134)) - omNode-3->omNode-2: Failed appendEntries: org.apache.ratis.thirdparty.io.grpc.StatusRuntimeException: UNAVAILABLE: io exception
2019-09-05 08:31:53,784 [grpc-default-executor-9] INFO  impl.FollowerInfo (FollowerInfo.java:lambda$new$0(50)) - omNode-3->omNode-1: nextIndex: updateUnconditionally 0 -> 0
2019-09-05 08:31:53,785 [grpc-default-executor-10] INFO  impl.FollowerInfo (FollowerInfo.java:lambda$new$0(50)) - omNode-3->omNode-2: nextIndex: updateUnconditionally 0 -> 0
2019-09-05 08:31:54,286 [grpc-default-executor-4] WARN  server.GrpcLogAppender (LogUtils.java:warn(134)) - omNode-3->omNode-2: Failed appendEntries: org.apache.ratis.thirdparty.io.grpc.StatusRuntimeException: UNAVAILABLE: io exception
2019-09-05 08:31:54,286 [grpc-default-executor-11] WARN  server.GrpcLogAppender (LogUtils.java:warn(134)) - omNode-3->omNode-1: Failed appendEntries: org.apache.ratis.thirdparty.io.grpc.StatusRuntimeException: UNAVAILABLE: io exception
2019-09-05 08:31:54,286 [grpc-default-executor-4] INFO  impl.FollowerInfo (FollowerInfo.java:lambda$new$0(50)) - omNode-3->omNode-2: nextIndex: updateUnconditionally 0 -> 0
2019-09-05 08:31:54,286 [grpc-default-executor-11] INFO  impl.FollowerInfo (FollowerInfo.java:lambda$new$0(50)) - omNode-3->omNode-1: nextIndex: updateUnconditionally 0 -> 0
2019-09-05 08:31:54,442 | INFO  | SCMAudit | user=jenkins1000 | ip=192.168.36.69 | op=SEND_HEARTBEAT {datanodeUUID=baa0ac9c-d259-45b0-b366-08e52759ad0f, command=[]} | ret=SUCCESS |  
2019-09-05 08:31:54,786 [grpc-default-executor-11] WARN  server.GrpcLogAppender (LogUtils.java:warn(134)) - omNode-3->omNode-1: Failed appendEntries: org.apache.ratis.thirdparty.io.grpc.StatusRuntimeException: UNAVAILABLE: io exception
2019-09-05 08:31:54,786 [grpc-default-executor-4] WARN  server.GrpcLogAppender (LogUtils.java:warn(134)) - omNode-3->omNode-2: Failed appendEntries: org.apache.ratis.thirdparty.io.grpc.StatusRuntimeException: UNAVAILABLE: io exception
2019-09-05 08:31:54,786 [grpc-default-executor-11] INFO  impl.FollowerInfo (FollowerInfo.java:lambda$new$0(50)) - omNode-3->omNode-1: nextIndex: updateUnconditionally 0 -> 0
2019-09-05 08:31:54,786 [grpc-default-executor-4] INFO  impl.FollowerInfo (FollowerInfo.java:lambda$new$0(50)) - omNode-3->omNode-2: nextIndex: updateUnconditionally 0 -> 0
2019-09-05 08:31:55,286 [grpc-default-executor-8] WARN  server.GrpcLogAppender (LogUtils.java:warn(134)) - omNode-3->omNode-2: Failed appendEntries: org.apache.ratis.thirdparty.io.grpc.StatusRuntimeException: UNAVAILABLE: io exception
2019-09-05 08:31:55,286 [grpc-default-executor-11] WARN  server.GrpcLogAppender (LogUtils.java:warn(134)) - omNode-3->omNode-1: Failed appendEntries: org.apache.ratis.thirdparty.io.grpc.StatusRuntimeException: UNAVAILABLE: io exception
2019-09-05 08:31:55,287 [grpc-default-executor-8] INFO  impl.FollowerInfo (FollowerInfo.java:lambda$new$0(50)) - omNode-3->omNode-2: nextIndex: updateUnconditionally 0 -> 0
2019-09-05 08:31:55,287 [grpc-default-executor-11] INFO  impl.FollowerInfo (FollowerInfo.java:lambda$new$0(50)) - omNode-3->omNode-1: nextIndex: updateUnconditionally 0 -> 0
2019-09-05 08:31:55,440 | INFO  | SCMAudit | user=jenkins1000 | ip=192.168.36.69 | op=SEND_HEARTBEAT {datanodeUUID=baa0ac9c-d259-45b0-b366-08e52759ad0f, command=[]} | ret=SUCCESS |  
2019-09-05 08:31:55,786 [grpc-default-executor-4] WARN  server.GrpcLogAppender (LogUtils.java:warn(134)) - omNode-3->omNode-1: Failed appendEntries: org.apache.ratis.thirdparty.io.grpc.StatusRuntimeException: UNAVAILABLE: io exception
2019-09-05 08:31:55,786 [grpc-default-executor-8] WARN  server.GrpcLogAppender (LogUtils.java:warn(134)) - omNode-3->omNode-2: Failed appendEntries: org.apache.ratis.thirdparty.io.grpc.StatusRuntimeException: UNAVAILABLE: io exception
2019-09-05 08:31:55,787 [grpc-default-executor-4] INFO  impl.FollowerInfo (FollowerInfo.java:lambda$new$0(50)) - omNode-3->omNode-1: nextIndex: updateUnconditionally 0 -> 0
2019-09-05 08:31:55,787 [grpc-default-executor-8] INFO  impl.FollowerInfo (FollowerInfo.java:lambda$new$0(50)) - omNode-3->omNode-2: nextIndex: updateUnconditionally 0 -> 0
2019-09-05 08:31:56,287 [grpc-default-executor-11] WARN  server.GrpcLogAppender (LogUtils.java:warn(134)) - omNode-3->omNode-2: Failed appendEntries: org.apache.ratis.thirdparty.io.grpc.StatusRuntimeException: UNAVAILABLE: io exception
2019-09-05 08:31:56,287 [grpc-default-executor-7] WARN  server.GrpcLogAppender (LogUtils.java:warn(134)) - omNode-3->omNode-1: Failed appendEntries: org.apache.ratis.thirdparty.io.grpc.StatusRuntimeException: UNAVAILABLE: io exception
2019-09-05 08:31:56,288 [grpc-default-executor-11] INFO  impl.FollowerInfo (FollowerInfo.java:lambda$new$0(50)) - omNode-3->omNode-2: nextIndex: updateUnconditionally 0 -> 0
2019-09-05 08:31:56,288 [grpc-default-executor-7] INFO  impl.FollowerInfo (FollowerInfo.java:lambda$new$0(50)) - omNode-3->omNode-1: nextIndex: updateUnconditionally 0 -> 0
2019-09-05 08:31:56,441 | INFO  | SCMAudit | user=jenkins1000 | ip=192.168.36.69 | op=SEND_HEARTBEAT {datanodeUUID=baa0ac9c-d259-45b0-b366-08e52759ad0f, command=[]} | ret=SUCCESS |  
2019-09-05 08:31:56,788 [grpc-default-executor-4] WARN  server.GrpcLogAppender (LogUtils.java:warn(134)) - omNode-3->omNode-2: Failed appendEntries: org.apache.ratis.thirdparty.io.grpc.StatusRuntimeException: UNAVAILABLE: io exception
2019-09-05 08:31:56,788 [grpc-default-executor-9] WARN  server.GrpcLogAppender (LogUtils.java:warn(134)) - omNode-3->omNode-1: Failed appendEntries: org.apache.ratis.thirdparty.io.grpc.StatusRuntimeException: UNAVAILABLE: io exception
2019-09-05 08:31:56,788 [grpc-default-executor-4] INFO  impl.FollowerInfo (FollowerInfo.java:lambda$new$0(50)) - omNode-3->omNode-2: nextIndex: updateUnconditionally 0 -> 0
2019-09-05 08:31:56,788 [grpc-default-executor-9] INFO  impl.FollowerInfo (FollowerInfo.java:lambda$new$0(50)) - omNode-3->omNode-1: nextIndex: updateUnconditionally 0 -> 0
2019-09-05 08:31:57,289 [grpc-default-executor-10] WARN  server.GrpcLogAppender (LogUtils.java:warn(134)) - omNode-3->omNode-1: Failed appendEntries: org.apache.ratis.thirdparty.io.grpc.StatusRuntimeException: UNAVAILABLE: io exception
2019-09-05 08:31:57,289 [grpc-default-executor-8] WARN  server.GrpcLogAppender (LogUtils.java:warn(134)) - omNode-3->omNode-2: Failed appendEntries: org.apache.ratis.thirdparty.io.grpc.StatusRuntimeException: UNAVAILABLE: io exception
2019-09-05 08:31:57,289 [grpc-default-executor-10] INFO  impl.FollowerInfo (FollowerInfo.java:lambda$new$0(50)) - omNode-3->omNode-1: nextIndex: updateUnconditionally 0 -> 0
2019-09-05 08:31:57,289 [grpc-default-executor-8] INFO  impl.FollowerInfo (FollowerInfo.java:lambda$new$0(50)) - omNode-3->omNode-2: nextIndex: updateUnconditionally 0 -> 0
2019-09-05 08:31:57,441 | INFO  | SCMAudit | user=jenkins1000 | ip=192.168.36.69 | op=SEND_HEARTBEAT {datanodeUUID=baa0ac9c-d259-45b0-b366-08e52759ad0f, command=[]} | ret=SUCCESS |  
2019-09-05 08:31:57,789 [grpc-default-executor-10] WARN  server.GrpcLogAppender (LogUtils.java:warn(134)) - omNode-3->omNode-2: Failed appendEntries: org.apache.ratis.thirdparty.io.grpc.StatusRuntimeException: UNAVAILABLE: io exception
2019-09-05 08:31:57,789 [grpc-default-executor-7] WARN  server.GrpcLogAppender (LogUtils.java:warn(134)) - omNode-3->omNode-1: Failed appendEntries: org.apache.ratis.thirdparty.io.grpc.StatusRuntimeException: UNAVAILABLE: io exception
2019-09-05 08:31:57,790 [grpc-default-executor-10] INFO  impl.FollowerInfo (FollowerInfo.java:lambda$new$0(50)) - omNode-3->omNode-2: nextIndex: updateUnconditionally 0 -> 0
2019-09-05 08:31:57,790 [grpc-default-executor-7] INFO  impl.FollowerInfo (FollowerInfo.java:lambda$new$0(50)) - omNode-3->omNode-1: nextIndex: updateUnconditionally 0 -> 0
2019-09-05 08:31:58,289 [grpc-default-executor-7] WARN  server.GrpcLogAppender (LogUtils.java:warn(134)) - omNode-3->omNode-1: Failed appendEntries: org.apache.ratis.thirdparty.io.grpc.StatusRuntimeException: UNAVAILABLE: io exception
2019-09-05 08:31:58,289 [grpc-default-executor-9] WARN  server.GrpcLogAppender (LogUtils.java:warn(134)) - omNode-3->omNode-2: Failed appendEntries: org.apache.ratis.thirdparty.io.grpc.StatusRuntimeException: UNAVAILABLE: io exception
2019-09-05 08:31:58,290 [grpc-default-executor-7] INFO  impl.FollowerInfo (FollowerInfo.java:lambda$new$0(50)) - omNode-3->omNode-1: nextIndex: updateUnconditionally 0 -> 0
2019-09-05 08:31:58,290 [grpc-default-executor-9] INFO  impl.FollowerInfo (FollowerInfo.java:lambda$new$0(50)) - omNode-3->omNode-2: nextIndex: updateUnconditionally 0 -> 0
2019-09-05 08:31:58,441 | INFO  | SCMAudit | user=jenkins1000 | ip=192.168.36.69 | op=SEND_HEARTBEAT {datanodeUUID=baa0ac9c-d259-45b0-b366-08e52759ad0f, command=[]} | ret=SUCCESS |  
2019-09-05 08:31:58,790 [grpc-default-executor-4] WARN  server.GrpcLogAppender (LogUtils.java:warn(134)) - omNode-3->omNode-2: Failed appendEntries: org.apache.ratis.thirdparty.io.grpc.StatusRuntimeException: UNAVAILABLE: io exception
2019-09-05 08:31:58,790 [grpc-default-executor-11] WARN  server.GrpcLogAppender (LogUtils.java:warn(134)) - omNode-3->omNode-1: Failed appendEntries: org.apache.ratis.thirdparty.io.grpc.StatusRuntimeException: UNAVAILABLE: io exception
2019-09-05 08:31:58,790 [grpc-default-executor-4] INFO  impl.FollowerInfo (FollowerInfo.java:lambda$new$0(50)) - omNode-3->omNode-2: nextIndex: updateUnconditionally 0 -> 0
2019-09-05 08:31:58,790 [grpc-default-executor-11] INFO  impl.FollowerInfo (FollowerInfo.java:lambda$new$0(50)) - omNode-3->omNode-1: nextIndex: updateUnconditionally 0 -> 0
2019-09-05 08:31:59,291 [grpc-default-executor-4] WARN  server.GrpcLogAppender (LogUtils.java:warn(134)) - omNode-3->omNode-1: Failed appendEntries: org.apache.ratis.thirdparty.io.grpc.StatusRuntimeException: UNAVAILABLE: io exception
2019-09-05 08:31:59,291 [grpc-default-executor-11] WARN  server.GrpcLogAppender (LogUtils.java:warn(134)) - omNode-3->omNode-2: Failed appendEntries: org.apache.ratis.thirdparty.io.grpc.StatusRuntimeException: UNAVAILABLE: io exception
2019-09-05 08:31:59,291 [grpc-default-executor-4] INFO  impl.FollowerInfo (FollowerInfo.java:lambda$new$0(50)) - omNode-3->omNode-1: nextIndex: updateUnconditionally 0 -> 0
2019-09-05 08:31:59,291 [grpc-default-executor-11] INFO  impl.FollowerInfo (FollowerInfo.java:lambda$new$0(50)) - omNode-3->omNode-2: nextIndex: updateUnconditionally 0 -> 0
2019-09-05 08:31:59,441 | INFO  | SCMAudit | user=jenkins1000 | ip=192.168.36.69 | op=SEND_HEARTBEAT {datanodeUUID=baa0ac9c-d259-45b0-b366-08e52759ad0f, command=[]} | ret=SUCCESS |  
2019-09-05 08:31:59,791 [grpc-default-executor-10] WARN  server.GrpcLogAppender (LogUtils.java:warn(134)) - omNode-3->omNode-1: Failed appendEntries: org.apache.ratis.thirdparty.io.grpc.StatusRuntimeException: UNAVAILABLE: io exception
2019-09-05 08:31:59,791 [grpc-default-executor-9] WARN  server.GrpcLogAppender (LogUtils.java:warn(134)) - omNode-3->omNode-2: Failed appendEntries: org.apache.ratis.thirdparty.io.grpc.StatusRuntimeException: UNAVAILABLE: io exception
2019-09-05 08:31:59,792 [grpc-default-executor-10] INFO  impl.FollowerInfo (FollowerInfo.java:lambda$new$0(50)) - omNode-3->omNode-1: nextIndex: updateUnconditionally 0 -> 0
2019-09-05 08:31:59,792 [grpc-default-executor-9] INFO  impl.FollowerInfo (FollowerInfo.java:lambda$new$0(50)) - omNode-3->omNode-2: nextIndex: updateUnconditionally 0 -> 0
2019-09-05 08:32:00,292 [grpc-default-executor-10] WARN  server.GrpcLogAppender (LogUtils.java:warn(134)) - omNode-3->omNode-1: Failed appendEntries: org.apache.ratis.thirdparty.io.grpc.StatusRuntimeException: UNAVAILABLE: io exception
2019-09-05 08:32:00,292 [grpc-default-executor-7] WARN  server.GrpcLogAppender (LogUtils.java:warn(134)) - omNode-3->omNode-2: Failed appendEntries: org.apache.ratis.thirdparty.io.grpc.StatusRuntimeException: UNAVAILABLE: io exception
2019-09-05 08:32:00,292 [grpc-default-executor-10] INFO  impl.FollowerInfo (FollowerInfo.java:lambda$new$0(50)) - omNode-3->omNode-1: nextIndex: updateUnconditionally 0 -> 0
2019-09-05 08:32:00,292 [grpc-default-executor-7] INFO  impl.FollowerInfo (FollowerInfo.java:lambda$new$0(50)) - omNode-3->omNode-2: nextIndex: updateUnconditionally 0 -> 0
2019-09-05 08:32:00,441 | INFO  | SCMAudit | user=jenkins1000 | ip=192.168.36.69 | op=SEND_HEARTBEAT {datanodeUUID=baa0ac9c-d259-45b0-b366-08e52759ad0f, command=[]} | ret=SUCCESS |  
2019-09-05 08:32:00,792 [grpc-default-executor-11] WARN  server.GrpcLogAppender (LogUtils.java:warn(134)) - omNode-3->omNode-2: Failed appendEntries: org.apache.ratis.thirdparty.io.grpc.StatusRuntimeException: UNAVAILABLE: io exception
2019-09-05 08:32:00,792 [grpc-default-executor-7] WARN  server.GrpcLogAppender (LogUtils.java:warn(134)) - omNode-3->omNode-1: Failed appendEntries: org.apache.ratis.thirdparty.io.grpc.StatusRuntimeException: UNAVAILABLE: io exception
2019-09-05 08:32:00,793 [grpc-default-executor-11] INFO  impl.FollowerInfo (FollowerInfo.java:lambda$new$0(50)) - omNode-3->omNode-2: nextIndex: updateUnconditionally 0 -> 0
2019-09-05 08:32:00,793 [grpc-default-executor-7] INFO  impl.FollowerInfo (FollowerInfo.java:lambda$new$0(50)) - omNode-3->omNode-1: nextIndex: updateUnconditionally 0 -> 0
2019-09-05 08:32:01,293 [grpc-default-executor-4] WARN  server.GrpcLogAppender (LogUtils.java:warn(134)) - omNode-3->omNode-1: Failed appendEntries: org.apache.ratis.thirdparty.io.grpc.StatusRuntimeException: UNAVAILABLE: io exception
2019-09-05 08:32:01,293 [grpc-default-executor-8] WARN  server.GrpcLogAppender (LogUtils.java:warn(134)) - omNode-3->omNode-2: Failed appendEntries: org.apache.ratis.thirdparty.io.grpc.StatusRuntimeException: UNAVAILABLE: io exception
2019-09-05 08:32:01,294 [grpc-default-executor-4] INFO  impl.FollowerInfo (FollowerInfo.java:lambda$new$0(50)) - omNode-3->omNode-1: nextIndex: updateUnconditionally 0 -> 0
2019-09-05 08:32:01,294 [grpc-default-executor-8] INFO  impl.FollowerInfo (FollowerInfo.java:lambda$new$0(50)) - omNode-3->omNode-2: nextIndex: updateUnconditionally 0 -> 0
2019-09-05 08:32:01,441 | INFO  | SCMAudit | user=jenkins1000 | ip=192.168.36.69 | op=SEND_HEARTBEAT {datanodeUUID=baa0ac9c-d259-45b0-b366-08e52759ad0f, command=[]} | ret=SUCCESS |  
2019-09-05 08:32:01,793 [grpc-default-executor-10] WARN  server.GrpcLogAppender (LogUtils.java:warn(134)) - omNode-3->omNode-2: Failed appendEntries: org.apache.ratis.thirdparty.io.grpc.StatusRuntimeException: UNAVAILABLE: io exception
2019-09-05 08:32:01,793 [grpc-default-executor-8] WARN  server.GrpcLogAppender (LogUtils.java:warn(134)) - omNode-3->omNode-1: Failed appendEntries: org.apache.ratis.thirdparty.io.grpc.StatusRuntimeException: UNAVAILABLE: io exception
2019-09-05 08:32:01,794 [grpc-default-executor-10] INFO  impl.FollowerInfo (FollowerInfo.java:lambda$new$0(50)) - omNode-3->omNode-2: nextIndex: updateUnconditionally 0 -> 0
2019-09-05 08:32:01,794 [grpc-default-executor-8] INFO  impl.FollowerInfo (FollowerInfo.java:lambda$new$0(50)) - omNode-3->omNode-1: nextIndex: updateUnconditionally 0 -> 0
2019-09-05 08:32:02,294 [grpc-default-executor-11] WARN  server.GrpcLogAppender (LogUtils.java:warn(134)) - omNode-3->omNode-2: Failed appendEntries: org.apache.ratis.thirdparty.io.grpc.StatusRuntimeException: UNAVAILABLE: io exception
2019-09-05 08:32:02,294 [grpc-default-executor-4] WARN  server.GrpcLogAppender (LogUtils.java:warn(134)) - omNode-3->omNode-1: Failed appendEntries: org.apache.ratis.thirdparty.io.grpc.StatusRuntimeException: UNAVAILABLE: io exception
2019-09-05 08:32:02,294 [grpc-default-executor-11] INFO  impl.FollowerInfo (FollowerInfo.java:lambda$new$0(50)) - omNode-3->omNode-2: nextIndex: updateUnconditionally 0 -> 0
2019-09-05 08:32:02,294 [grpc-default-executor-4] INFO  impl.FollowerInfo (FollowerInfo.java:lambda$new$0(50)) - omNode-3->omNode-1: nextIndex: updateUnconditionally 0 -> 0
2019-09-05 08:32:02,440 | INFO  | SCMAudit | user=jenkins1000 | ip=192.168.36.69 | op=SEND_HEARTBEAT {datanodeUUID=baa0ac9c-d259-45b0-b366-08e52759ad0f, command=[]} | ret=SUCCESS |  
2019-09-05 08:32:02,794 [grpc-default-executor-9] WARN  server.GrpcLogAppender (LogUtils.java:warn(134)) - omNode-3->omNode-2: Failed appendEntries: org.apache.ratis.thirdparty.io.grpc.StatusRuntimeException: UNAVAILABLE: io exception
2019-09-05 08:32:02,794 [grpc-default-executor-11] WARN  server.GrpcLogAppender (LogUtils.java:warn(134)) - omNode-3->omNode-1: Failed appendEntries: org.apache.ratis.thirdparty.io.grpc.StatusRuntimeException: UNAVAILABLE: io exception
2019-09-05 08:32:02,795 [grpc-default-executor-9] INFO  impl.FollowerInfo (FollowerInfo.java:lambda$new$0(50)) - omNode-3->omNode-2: nextIndex: updateUnconditionally 0 -> 0
2019-09-05 08:32:02,795 [grpc-default-executor-11] INFO  impl.FollowerInfo (FollowerInfo.java:lambda$new$0(50)) - omNode-3->omNode-1: nextIndex: updateUnconditionally 0 -> 0
2019-09-05 08:32:03,295 [grpc-default-executor-4] WARN  server.GrpcLogAppender (LogUtils.java:warn(134)) - omNode-3->omNode-2: Failed appendEntries: org.apache.ratis.thirdparty.io.grpc.StatusRuntimeException: UNAVAILABLE: io exception
2019-09-05 08:32:03,295 [grpc-default-executor-7] WARN  server.GrpcLogAppender (LogUtils.java:warn(134)) - omNode-3->omNode-1: Failed appendEntries: org.apache.ratis.thirdparty.io.grpc.StatusRuntimeException: UNAVAILABLE: io exception
2019-09-05 08:32:03,295 [grpc-default-executor-4] INFO  impl.FollowerInfo (FollowerInfo.java:lambda$new$0(50)) - omNode-3->omNode-2: nextIndex: updateUnconditionally 0 -> 0
2019-09-05 08:32:03,296 [grpc-default-executor-7] INFO  impl.FollowerInfo (FollowerInfo.java:lambda$new$0(50)) - omNode-3->omNode-1: nextIndex: updateUnconditionally 0 -> 0
2019-09-05 08:32:03,441 | INFO  | SCMAudit | user=jenkins1000 | ip=192.168.36.69 | op=SEND_HEARTBEAT {datanodeUUID=baa0ac9c-d259-45b0-b366-08e52759ad0f, command=[]} | ret=SUCCESS |  
2019-09-05 08:32:03,796 [grpc-default-executor-7] WARN  server.GrpcLogAppender (LogUtils.java:warn(134)) - omNode-3->omNode-1: Failed appendEntries: org.apache.ratis.thirdparty.io.grpc.StatusRuntimeException: UNAVAILABLE: io exception
2019-09-05 08:32:03,796 [grpc-default-executor-8] WARN  server.GrpcLogAppender (LogUtils.java:warn(134)) - omNode-3->omNode-2: Failed appendEntries: org.apache.ratis.thirdparty.io.grpc.StatusRuntimeException: UNAVAILABLE: io exception
2019-09-05 08:32:03,796 [grpc-default-executor-7] INFO  impl.FollowerInfo (FollowerInfo.java:lambda$new$0(50)) - omNode-3->omNode-1: nextIndex: updateUnconditionally 0 -> 0
2019-09-05 08:32:03,796 [grpc-default-executor-8] INFO  impl.FollowerInfo (FollowerInfo.java:lambda$new$0(50)) - omNode-3->omNode-2: nextIndex: updateUnconditionally 0 -> 0
2019-09-05 08:32:04,296 [grpc-default-executor-11] WARN  server.GrpcLogAppender (LogUtils.java:warn(134)) - omNode-3->omNode-1: Failed appendEntries: org.apache.ratis.thirdparty.io.grpc.StatusRuntimeException: UNAVAILABLE: io exception
2019-09-05 08:32:04,296 [grpc-default-executor-10] WARN  server.GrpcLogAppender (LogUtils.java:warn(134)) - omNode-3->omNode-2: Failed appendEntries: org.apache.ratis.thirdparty.io.grpc.StatusRuntimeException: UNAVAILABLE: io exception
2019-09-05 08:32:04,297 [grpc-default-executor-11] INFO  impl.FollowerInfo (FollowerInfo.java:lambda$new$0(50)) - omNode-3->omNode-1: nextIndex: updateUnconditionally 0 -> 0
2019-09-05 08:32:04,297 [grpc-default-executor-10] INFO  impl.FollowerInfo (FollowerInfo.java:lambda$new$0(50)) - omNode-3->omNode-2: nextIndex: updateUnconditionally 0 -> 0
2019-09-05 08:32:04,441 | INFO  | SCMAudit | user=jenkins1000 | ip=192.168.36.69 | op=SEND_HEARTBEAT {datanodeUUID=baa0ac9c-d259-45b0-b366-08e52759ad0f, command=[]} | ret=SUCCESS |  
2019-09-05 08:32:04,797 [grpc-default-executor-9] WARN  server.GrpcLogAppender (LogUtils.java:warn(134)) - omNode-3->omNode-2: Failed appendEntries: org.apache.ratis.thirdparty.io.grpc.StatusRuntimeException: UNAVAILABLE: io exception
2019-09-05 08:32:04,797 [grpc-default-executor-4] WARN  server.GrpcLogAppender (LogUtils.java:warn(134)) - omNode-3->omNode-1: Failed appendEntries: org.apache.ratis.thirdparty.io.grpc.StatusRuntimeException: UNAVAILABLE: io exception
2019-09-05 08:32:04,797 [grpc-default-executor-9] INFO  impl.FollowerInfo (FollowerInfo.java:lambda$new$0(50)) - omNode-3->omNode-2: nextIndex: updateUnconditionally 0 -> 0
2019-09-05 08:32:04,798 [grpc-default-executor-4] INFO  impl.FollowerInfo (FollowerInfo.java:lambda$new$0(50)) - omNode-3->omNode-1: nextIndex: updateUnconditionally 0 -> 0
2019-09-05 08:32:05,298 [grpc-default-executor-9] WARN  server.GrpcLogAppender (LogUtils.java:warn(134)) - omNode-3->omNode-2: Failed appendEntries: org.apache.ratis.thirdparty.io.grpc.StatusRuntimeException: UNAVAILABLE: io exception
2019-09-05 08:32:05,298 [grpc-default-executor-4] WARN  server.GrpcLogAppender (LogUtils.java:warn(134)) - omNode-3->omNode-1: Failed appendEntries: org.apache.ratis.thirdparty.io.grpc.StatusRuntimeException: UNAVAILABLE: io exception
2019-09-05 08:32:05,299 [grpc-default-executor-9] INFO  impl.FollowerInfo (FollowerInfo.java:lambda$new$0(50)) - omNode-3->omNode-2: nextIndex: updateUnconditionally 0 -> 0
2019-09-05 08:32:05,299 [grpc-default-executor-4] INFO  impl.FollowerInfo (FollowerInfo.java:lambda$new$0(50)) - omNode-3->omNode-1: nextIndex: updateUnconditionally 0 -> 0
2019-09-05 08:32:05,443 | INFO  | SCMAudit | user=jenkins1000 | ip=192.168.36.69 | op=SEND_HEARTBEAT {datanodeUUID=baa0ac9c-d259-45b0-b366-08e52759ad0f, command=[]} | ret=SUCCESS |  
2019-09-05 08:32:05,798 [grpc-default-executor-4] WARN  server.GrpcLogAppender (LogUtils.java:warn(134)) - omNode-3->omNode-1: Failed appendEntries: org.apache.ratis.thirdparty.io.grpc.StatusRuntimeException: UNAVAILABLE: io exception
2019-09-05 08:32:05,798 [grpc-default-executor-9] WARN  server.GrpcLogAppender (LogUtils.java:warn(134)) - omNode-3->omNode-2: Failed appendEntries: org.apache.ratis.thirdparty.io.grpc.StatusRuntimeException: UNAVAILABLE: io exception
2019-09-05 08:32:05,798 [grpc-default-executor-4] INFO  impl.FollowerInfo (FollowerInfo.java:lambda$new$0(50)) - omNode-3->omNode-1: nextIndex: updateUnconditionally 0 -> 0
2019-09-05 08:32:05,799 [grpc-default-executor-9] INFO  impl.FollowerInfo (FollowerInfo.java:lambda$new$0(50)) - omNode-3->omNode-2: nextIndex: updateUnconditionally 0 -> 0
2019-09-05 08:32:06,302 [grpc-default-executor-10] WARN  server.GrpcLogAppender (LogUtils.java:warn(134)) - omNode-3->omNode-2: Failed appendEntries: org.apache.ratis.thirdparty.io.grpc.StatusRuntimeException: UNAVAILABLE: io exception
2019-09-05 08:32:06,302 [grpc-default-executor-4] WARN  server.GrpcLogAppender (LogUtils.java:warn(134)) - omNode-3->omNode-1: Failed appendEntries: org.apache.ratis.thirdparty.io.grpc.StatusRuntimeException: UNAVAILABLE: io exception
2019-09-05 08:32:06,302 [grpc-default-executor-10] INFO  impl.FollowerInfo (FollowerInfo.java:lambda$new$0(50)) - omNode-3->omNode-2: nextIndex: updateUnconditionally 0 -> 0
2019-09-05 08:32:06,303 [grpc-default-executor-4] INFO  impl.FollowerInfo (FollowerInfo.java:lambda$new$0(50)) - omNode-3->omNode-1: nextIndex: updateUnconditionally 0 -> 0
2019-09-05 08:32:06,443 | INFO  | SCMAudit | user=jenkins1000 | ip=192.168.36.69 | op=SEND_HEARTBEAT {datanodeUUID=baa0ac9c-d259-45b0-b366-08e52759ad0f, command=[]} | ret=SUCCESS |  
2019-09-05 08:32:06,801 [grpc-default-executor-4] WARN  server.GrpcLogAppender (LogUtils.java:warn(134)) - omNode-3->omNode-1: Failed appendEntries: org.apache.ratis.thirdparty.io.grpc.StatusRuntimeException: UNAVAILABLE: io exception
2019-09-05 08:32:06,801 [grpc-default-executor-10] WARN  server.GrpcLogAppender (LogUtils.java:warn(134)) - omNode-3->omNode-2: Failed appendEntries: org.apache.ratis.thirdparty.io.grpc.StatusRuntimeException: UNAVAILABLE: io exception
2019-09-05 08:32:06,801 [grpc-default-executor-4] INFO  impl.FollowerInfo (FollowerInfo.java:lambda$new$0(50)) - omNode-3->omNode-1: nextIndex: updateUnconditionally 0 -> 0
2019-09-05 08:32:06,801 [grpc-default-executor-10] INFO  impl.FollowerInfo (FollowerInfo.java:lambda$new$0(50)) - omNode-3->omNode-2: nextIndex: updateUnconditionally 0 -> 0
2019-09-05 08:32:07,301 [grpc-default-executor-4] WARN  server.GrpcLogAppender (LogUtils.java:warn(134)) - omNode-3->omNode-2: Failed appendEntries: org.apache.ratis.thirdparty.io.grpc.StatusRuntimeException: UNAVAILABLE: io exception
2019-09-05 08:32:07,301 [grpc-default-executor-10] WARN  server.GrpcLogAppender (LogUtils.java:warn(134)) - omNode-3->omNode-1: Failed appendEntries: org.apache.ratis.thirdparty.io.grpc.StatusRuntimeException: UNAVAILABLE: io exception
2019-09-05 08:32:07,302 [grpc-default-executor-4] INFO  impl.FollowerInfo (FollowerInfo.java:lambda$new$0(50)) - omNode-3->omNode-2: nextIndex: updateUnconditionally 0 -> 0
2019-09-05 08:32:07,302 [grpc-default-executor-10] INFO  impl.FollowerInfo (FollowerInfo.java:lambda$new$0(50)) - omNode-3->omNode-1: nextIndex: updateUnconditionally 0 -> 0
2019-09-05 08:32:07,443 | INFO  | SCMAudit | user=jenkins1000 | ip=192.168.36.69 | op=SEND_HEARTBEAT {datanodeUUID=baa0ac9c-d259-45b0-b366-08e52759ad0f, command=[]} | ret=SUCCESS |  
2019-09-05 08:32:07,801 [grpc-default-executor-8] WARN  server.GrpcLogAppender (LogUtils.java:warn(134)) - omNode-3->omNode-2: Failed appendEntries: org.apache.ratis.thirdparty.io.grpc.StatusRuntimeException: UNAVAILABLE: io exception
2019-09-05 08:32:07,801 [grpc-default-executor-10] WARN  server.GrpcLogAppender (LogUtils.java:warn(134)) - omNode-3->omNode-1: Failed appendEntries: org.apache.ratis.thirdparty.io.grpc.StatusRuntimeException: UNAVAILABLE: io exception
2019-09-05 08:32:07,802 [grpc-default-executor-8] INFO  impl.FollowerInfo (FollowerInfo.java:lambda$new$0(50)) - omNode-3->omNode-2: nextIndex: updateUnconditionally 0 -> 0
2019-09-05 08:32:07,802 [grpc-default-executor-10] INFO  impl.FollowerInfo (FollowerInfo.java:lambda$new$0(50)) - omNode-3->omNode-1: nextIndex: updateUnconditionally 0 -> 0
2019-09-05 08:32:08,302 [grpc-default-executor-4] WARN  server.GrpcLogAppender (LogUtils.java:warn(134)) - omNode-3->omNode-2: Failed appendEntries: org.apache.ratis.thirdparty.io.grpc.StatusRuntimeException: UNAVAILABLE: io exception
2019-09-05 08:32:08,302 [grpc-default-executor-7] WARN  server.GrpcLogAppender (LogUtils.java:warn(134)) - omNode-3->omNode-1: Failed appendEntries: org.apache.ratis.thirdparty.io.grpc.StatusRuntimeException: UNAVAILABLE: io exception
2019-09-05 08:32:08,302 [grpc-default-executor-4] INFO  impl.FollowerInfo (FollowerInfo.java:lambda$new$0(50)) - omNode-3->omNode-2: nextIndex: updateUnconditionally 0 -> 0
2019-09-05 08:32:08,303 [grpc-default-executor-7] INFO  impl.FollowerInfo (FollowerInfo.java:lambda$new$0(50)) - omNode-3->omNode-1: nextIndex: updateUnconditionally 0 -> 0
2019-09-05 08:32:08,442 | INFO  | SCMAudit | user=jenkins1000 | ip=192.168.36.69 | op=SEND_HEARTBEAT {datanodeUUID=baa0ac9c-d259-45b0-b366-08e52759ad0f, command=[]} | ret=SUCCESS |  
2019-09-05 08:32:08,802 [grpc-default-executor-9] WARN  server.GrpcLogAppender (LogUtils.java:warn(134)) - omNode-3->omNode-1: Failed appendEntries: org.apache.ratis.thirdparty.io.grpc.StatusRuntimeException: UNAVAILABLE: io exception
2019-09-05 08:32:08,802 [grpc-default-executor-11] WARN  server.GrpcLogAppender (LogUtils.java:warn(134)) - omNode-3->omNode-2: Failed appendEntries: org.apache.ratis.thirdparty.io.grpc.StatusRuntimeException: UNAVAILABLE: io exception
2019-09-05 08:32:08,803 [grpc-default-executor-9] INFO  impl.FollowerInfo (FollowerInfo.java:lambda$new$0(50)) - omNode-3->omNode-1: nextIndex: updateUnconditionally 0 -> 0
2019-09-05 08:32:08,803 [grpc-default-executor-11] INFO  impl.FollowerInfo (FollowerInfo.java:lambda$new$0(50)) - omNode-3->omNode-2: nextIndex: updateUnconditionally 0 -> 0
2019-09-05 08:32:09,303 [grpc-default-executor-11] WARN  server.GrpcLogAppender (LogUtils.java:warn(134)) - omNode-3->omNode-2: Failed appendEntries: org.apache.ratis.thirdparty.io.grpc.StatusRuntimeException: UNAVAILABLE: io exception
2019-09-05 08:32:09,303 [grpc-default-executor-9] WARN  server.GrpcLogAppender (LogUtils.java:warn(134)) - omNode-3->omNode-1: Failed appendEntries: org.apache.ratis.thirdparty.io.grpc.StatusRuntimeException: UNAVAILABLE: io exception
2019-09-05 08:32:09,304 [grpc-default-executor-11] INFO  impl.FollowerInfo (FollowerInfo.java:lambda$new$0(50)) - omNode-3->omNode-2: nextIndex: updateUnconditionally 0 -> 0
2019-09-05 08:32:09,304 [grpc-default-executor-9] INFO  impl.FollowerInfo (FollowerInfo.java:lambda$new$0(50)) - omNode-3->omNode-1: nextIndex: updateUnconditionally 0 -> 0
2019-09-05 08:32:09,442 | INFO  | SCMAudit | user=jenkins1000 | ip=192.168.36.69 | op=SEND_HEARTBEAT {datanodeUUID=baa0ac9c-d259-45b0-b366-08e52759ad0f, command=[]} | ret=SUCCESS |  
2019-09-05 08:32:09,804 [grpc-default-executor-10] WARN  server.GrpcLogAppender (LogUtils.java:warn(134)) - omNode-3->omNode-2: Failed appendEntries: org.apache.ratis.thirdparty.io.grpc.StatusRuntimeException: UNAVAILABLE: io exception
2019-09-05 08:32:09,804 [grpc-default-executor-11] WARN  server.GrpcLogAppender (LogUtils.java:warn(134)) - omNode-3->omNode-1: Failed appendEntries: org.apache.ratis.thirdparty.io.grpc.StatusRuntimeException: UNAVAILABLE: io exception
2019-09-05 08:32:09,804 [grpc-default-executor-10] INFO  impl.FollowerInfo (FollowerInfo.java:lambda$new$0(50)) - omNode-3->omNode-2: nextIndex: updateUnconditionally 0 -> 0
2019-09-05 08:32:09,804 [grpc-default-executor-11] INFO  impl.FollowerInfo (FollowerInfo.java:lambda$new$0(50)) - omNode-3->omNode-1: nextIndex: updateUnconditionally 0 -> 0
2019-09-05 08:32:10,304 [grpc-default-executor-9] WARN  server.GrpcLogAppender (LogUtils.java:warn(134)) - omNode-3->omNode-2: Failed appendEntries: org.apache.ratis.thirdparty.io.grpc.StatusRuntimeException: UNAVAILABLE: io exception
2019-09-05 08:32:10,304 [grpc-default-executor-8] WARN  server.GrpcLogAppender (LogUtils.java:warn(134)) - omNode-3->omNode-1: Failed appendEntries: org.apache.ratis.thirdparty.io.grpc.StatusRuntimeException: UNAVAILABLE: io exception
2019-09-05 08:32:10,304 [grpc-default-executor-9] INFO  impl.FollowerInfo (FollowerInfo.java:lambda$new$0(50)) - omNode-3->omNode-2: nextIndex: updateUnconditionally 0 -> 0
2019-09-05 08:32:10,304 [grpc-default-executor-8] INFO  impl.FollowerInfo (FollowerInfo.java:lambda$new$0(50)) - omNode-3->omNode-1: nextIndex: updateUnconditionally 0 -> 0
2019-09-05 08:32:10,442 | INFO  | SCMAudit | user=jenkins1000 | ip=192.168.36.69 | op=SEND_HEARTBEAT {datanodeUUID=baa0ac9c-d259-45b0-b366-08e52759ad0f, command=[]} | ret=SUCCESS |  
2019-09-05 08:32:10,805 [grpc-default-executor-8] WARN  server.GrpcLogAppender (LogUtils.java:warn(134)) - omNode-3->omNode-1: Failed appendEntries: org.apache.ratis.thirdparty.io.grpc.StatusRuntimeException: UNAVAILABLE: io exception
2019-09-05 08:32:10,805 [grpc-default-executor-11] WARN  server.GrpcLogAppender (LogUtils.java:warn(134)) - omNode-3->omNode-2: Failed appendEntries: org.apache.ratis.thirdparty.io.grpc.StatusRuntimeException: UNAVAILABLE: io exception
2019-09-05 08:32:10,805 [grpc-default-executor-8] INFO  impl.FollowerInfo (FollowerInfo.java:lambda$new$0(50)) - omNode-3->omNode-1: nextIndex: updateUnconditionally 0 -> 0
2019-09-05 08:32:10,805 [grpc-default-executor-11] INFO  impl.FollowerInfo (FollowerInfo.java:lambda$new$0(50)) - omNode-3->omNode-2: nextIndex: updateUnconditionally 0 -> 0
2019-09-05 08:32:11,306 [grpc-default-executor-4] WARN  server.GrpcLogAppender (LogUtils.java:warn(134)) - omNode-3->omNode-2: Failed appendEntries: org.apache.ratis.thirdparty.io.grpc.StatusRuntimeException: UNAVAILABLE: io exception
2019-09-05 08:32:11,306 [grpc-default-executor-7] WARN  server.GrpcLogAppender (LogUtils.java:warn(134)) - omNode-3->omNode-1: Failed appendEntries: org.apache.ratis.thirdparty.io.grpc.StatusRuntimeException: UNAVAILABLE: io exception
2019-09-05 08:32:11,306 [grpc-default-executor-4] INFO  impl.FollowerInfo (FollowerInfo.java:lambda$new$0(50)) - omNode-3->omNode-2: nextIndex: updateUnconditionally 0 -> 0
2019-09-05 08:32:11,306 [grpc-default-executor-7] INFO  impl.FollowerInfo (FollowerInfo.java:lambda$new$0(50)) - omNode-3->omNode-1: nextIndex: updateUnconditionally 0 -> 0
2019-09-05 08:32:11,442 | INFO  | SCMAudit | user=jenkins1000 | ip=192.168.36.69 | op=SEND_HEARTBEAT {datanodeUUID=baa0ac9c-d259-45b0-b366-08e52759ad0f, command=[]} | ret=SUCCESS |  
2019-09-05 08:32:11,806 [grpc-default-executor-11] WARN  server.GrpcLogAppender (LogUtils.java:warn(134)) - omNode-3->omNode-1: Failed appendEntries: org.apache.ratis.thirdparty.io.grpc.StatusRuntimeException: UNAVAILABLE: io exception
2019-09-05 08:32:11,806 [grpc-default-executor-9] WARN  server.GrpcLogAppender (LogUtils.java:warn(134)) - omNode-3->omNode-2: Failed appendEntries: org.apache.ratis.thirdparty.io.grpc.StatusRuntimeException: UNAVAILABLE: io exception
2019-09-05 08:32:11,806 [grpc-default-executor-11] INFO  impl.FollowerInfo (FollowerInfo.java:lambda$new$0(50)) - omNode-3->omNode-1: nextIndex: updateUnconditionally 0 -> 0
2019-09-05 08:32:11,806 [grpc-default-executor-9] INFO  impl.FollowerInfo (FollowerInfo.java:lambda$new$0(50)) - omNode-3->omNode-2: nextIndex: updateUnconditionally 0 -> 0
2019-09-05 08:32:12,306 [grpc-default-executor-9] WARN  server.GrpcLogAppender (LogUtils.java:warn(134)) - omNode-3->omNode-2: Failed appendEntries: org.apache.ratis.thirdparty.io.grpc.StatusRuntimeException: UNAVAILABLE: io exception
2019-09-05 08:32:12,306 [grpc-default-executor-8] WARN  server.GrpcLogAppender (LogUtils.java:warn(134)) - omNode-3->omNode-1: Failed appendEntries: org.apache.ratis.thirdparty.io.grpc.StatusRuntimeException: UNAVAILABLE: io exception
2019-09-05 08:32:12,307 [grpc-default-executor-9] INFO  impl.FollowerInfo (FollowerInfo.java:lambda$new$0(50)) - omNode-3->omNode-2: nextIndex: updateUnconditionally 0 -> 0
2019-09-05 08:32:12,307 [grpc-default-executor-8] INFO  impl.FollowerInfo (FollowerInfo.java:lambda$new$0(50)) - omNode-3->omNode-1: nextIndex: updateUnconditionally 0 -> 0
2019-09-05 08:32:12,442 | INFO  | SCMAudit | user=jenkins1000 | ip=192.168.36.69 | op=SEND_HEARTBEAT {datanodeUUID=baa0ac9c-d259-45b0-b366-08e52759ad0f, command=[]} | ret=SUCCESS |  
2019-09-05 08:32:12,807 [grpc-default-executor-9] WARN  server.GrpcLogAppender (LogUtils.java:warn(134)) - omNode-3->omNode-1: Failed appendEntries: org.apache.ratis.thirdparty.io.grpc.StatusRuntimeException: UNAVAILABLE: io exception
2019-09-05 08:32:12,807 [grpc-default-executor-11] WARN  server.GrpcLogAppender (LogUtils.java:warn(134)) - omNode-3->omNode-2: Failed appendEntries: org.apache.ratis.thirdparty.io.grpc.StatusRuntimeException: UNAVAILABLE: io exception
2019-09-05 08:32:12,808 [grpc-default-executor-9] INFO  impl.FollowerInfo (FollowerInfo.java:lambda$new$0(50)) - omNode-3->omNode-1: nextIndex: updateUnconditionally 0 -> 0
2019-09-05 08:32:12,808 [grpc-default-executor-11] INFO  impl.FollowerInfo (FollowerInfo.java:lambda$new$0(50)) - omNode-3->omNode-2: nextIndex: updateUnconditionally 0 -> 0
2019-09-05 08:32:13,307 [grpc-default-executor-11] WARN  server.GrpcLogAppender (LogUtils.java:warn(134)) - omNode-3->omNode-2: Failed appendEntries: org.apache.ratis.thirdparty.io.grpc.StatusRuntimeException: UNAVAILABLE: io exception
2019-09-05 08:32:13,307 [grpc-default-executor-9] WARN  server.GrpcLogAppender (LogUtils.java:warn(134)) - omNode-3->omNode-1: Failed appendEntries: org.apache.ratis.thirdparty.io.grpc.StatusRuntimeException: UNAVAILABLE: io exception
2019-09-05 08:32:13,308 [grpc-default-executor-11] INFO  impl.FollowerInfo (FollowerInfo.java:lambda$new$0(50)) - omNode-3->omNode-2: nextIndex: updateUnconditionally 0 -> 0
2019-09-05 08:32:13,308 [grpc-default-executor-9] INFO  impl.FollowerInfo (FollowerInfo.java:lambda$new$0(50)) - omNode-3->omNode-1: nextIndex: updateUnconditionally 0 -> 0
2019-09-05 08:32:13,442 | INFO  | SCMAudit | user=jenkins1000 | ip=192.168.36.69 | op=SEND_HEARTBEAT {datanodeUUID=baa0ac9c-d259-45b0-b366-08e52759ad0f, command=[]} | ret=SUCCESS |  
2019-09-05 08:32:13,808 [grpc-default-executor-8] WARN  server.GrpcLogAppender (LogUtils.java:warn(134)) - omNode-3->omNode-1: Failed appendEntries: org.apache.ratis.thirdparty.io.grpc.StatusRuntimeException: UNAVAILABLE: io exception
2019-09-05 08:32:13,808 [grpc-default-executor-7] WARN  server.GrpcLogAppender (LogUtils.java:warn(134)) - omNode-3->omNode-2: Failed appendEntries: org.apache.ratis.thirdparty.io.grpc.StatusRuntimeException: UNAVAILABLE: io exception
2019-09-05 08:32:13,808 [grpc-default-executor-8] INFO  impl.FollowerInfo (FollowerInfo.java:lambda$new$0(50)) - omNode-3->omNode-1: nextIndex: updateUnconditionally 0 -> 0
2019-09-05 08:32:13,809 [grpc-default-executor-7] INFO  impl.FollowerInfo (FollowerInfo.java:lambda$new$0(50)) - omNode-3->omNode-2: nextIndex: updateUnconditionally 0 -> 0
2019-09-05 08:32:14,308 [grpc-default-executor-4] WARN  server.GrpcLogAppender (LogUtils.java:warn(134)) - omNode-3->omNode-1: Failed appendEntries: org.apache.ratis.thirdparty.io.grpc.StatusRuntimeException: UNAVAILABLE: io exception
2019-09-05 08:32:14,308 [grpc-default-executor-8] WARN  server.GrpcLogAppender (LogUtils.java:warn(134)) - omNode-3->omNode-2: Failed appendEntries: org.apache.ratis.thirdparty.io.grpc.StatusRuntimeException: UNAVAILABLE: io exception
2019-09-05 08:32:14,309 [grpc-default-executor-4] INFO  impl.FollowerInfo (FollowerInfo.java:lambda$new$0(50)) - omNode-3->omNode-1: nextIndex: updateUnconditionally 0 -> 0
2019-09-05 08:32:14,309 [grpc-default-executor-8] INFO  impl.FollowerInfo (FollowerInfo.java:lambda$new$0(50)) - omNode-3->omNode-2: nextIndex: updateUnconditionally 0 -> 0
2019-09-05 08:32:14,442 | INFO  | SCMAudit | user=jenkins1000 | ip=192.168.36.69 | op=SEND_HEARTBEAT {datanodeUUID=baa0ac9c-d259-45b0-b366-08e52759ad0f, command=[]} | ret=SUCCESS |  
2019-09-05 08:32:14,809 [grpc-default-executor-4] WARN  server.GrpcLogAppender (LogUtils.java:warn(134)) - omNode-3->omNode-2: Failed appendEntries: org.apache.ratis.thirdparty.io.grpc.StatusRuntimeException: UNAVAILABLE: io exception
2019-09-05 08:32:14,809 [grpc-default-executor-11] WARN  server.GrpcLogAppender (LogUtils.java:warn(134)) - omNode-3->omNode-1: Failed appendEntries: org.apache.ratis.thirdparty.io.grpc.StatusRuntimeException: UNAVAILABLE: io exception
2019-09-05 08:32:14,810 [grpc-default-executor-4] INFO  impl.FollowerInfo (FollowerInfo.java:lambda$new$0(50)) - omNode-3->omNode-2: nextIndex: updateUnconditionally 0 -> 0
2019-09-05 08:32:14,810 [grpc-default-executor-11] INFO  impl.FollowerInfo (FollowerInfo.java:lambda$new$0(50)) - omNode-3->omNode-1: nextIndex: updateUnconditionally 0 -> 0
2019-09-05 08:32:15,310 [grpc-default-executor-9] WARN  server.GrpcLogAppender (LogUtils.java:warn(134)) - omNode-3->omNode-1: Failed appendEntries: org.apache.ratis.thirdparty.io.grpc.StatusRuntimeException: UNAVAILABLE: io exception
2019-09-05 08:32:15,310 [grpc-default-executor-10] WARN  server.GrpcLogAppender (LogUtils.java:warn(134)) - omNode-3->omNode-2: Failed appendEntries: org.apache.ratis.thirdparty.io.grpc.StatusRuntimeException: UNAVAILABLE: io exception
2019-09-05 08:32:15,310 [grpc-default-executor-9] INFO  impl.FollowerInfo (FollowerInfo.java:lambda$new$0(50)) - omNode-3->omNode-1: nextIndex: updateUnconditionally 0 -> 0
2019-09-05 08:32:15,311 [grpc-default-executor-10] INFO  impl.FollowerInfo (FollowerInfo.java:lambda$new$0(50)) - omNode-3->omNode-2: nextIndex: updateUnconditionally 0 -> 0
2019-09-05 08:32:15,442 | INFO  | SCMAudit | user=jenkins1000 | ip=192.168.36.69 | op=SEND_HEARTBEAT {datanodeUUID=baa0ac9c-d259-45b0-b366-08e52759ad0f, command=[]} | ret=SUCCESS |  
2019-09-05 08:32:15,810 [grpc-default-executor-9] WARN  server.GrpcLogAppender (LogUtils.java:warn(134)) - omNode-3->omNode-2: Failed appendEntries: org.apache.ratis.thirdparty.io.grpc.StatusRuntimeException: UNAVAILABLE: io exception
2019-09-05 08:32:15,810 [grpc-default-executor-11] WARN  server.GrpcLogAppender (LogUtils.java:warn(134)) - omNode-3->omNode-1: Failed appendEntries: org.apache.ratis.thirdparty.io.grpc.StatusRuntimeException: UNAVAILABLE: io exception
2019-09-05 08:32:15,811 [grpc-default-executor-9] INFO  impl.FollowerInfo (FollowerInfo.java:lambda$new$0(50)) - omNode-3->omNode-2: nextIndex: updateUnconditionally 0 -> 0
2019-09-05 08:32:15,811 [grpc-default-executor-11] INFO  impl.FollowerInfo (FollowerInfo.java:lambda$new$0(50)) - omNode-3->omNode-1: nextIndex: updateUnconditionally 0 -> 0
2019-09-05 08:32:16,312 [grpc-default-executor-11] WARN  server.GrpcLogAppender (LogUtils.java:warn(134)) - omNode-3->omNode-1: Failed appendEntries: org.apache.ratis.thirdparty.io.grpc.StatusRuntimeException: UNAVAILABLE: io exception
2019-09-05 08:32:16,312 [grpc-default-executor-9] WARN  server.GrpcLogAppender (LogUtils.java:warn(134)) - omNode-3->omNode-2: Failed appendEntries: org.apache.ratis.thirdparty.io.grpc.StatusRuntimeException: UNAVAILABLE: io exception
2019-09-05 08:32:16,312 [grpc-default-executor-11] INFO  impl.FollowerInfo (FollowerInfo.java:lambda$new$0(50)) - omNode-3->omNode-1: nextIndex: updateUnconditionally 0 -> 0
2019-09-05 08:32:16,312 [grpc-default-executor-9] INFO  impl.FollowerInfo (FollowerInfo.java:lambda$new$0(50)) - omNode-3->omNode-2: nextIndex: updateUnconditionally 0 -> 0
2019-09-05 08:32:16,442 | INFO  | SCMAudit | user=jenkins1000 | ip=192.168.36.69 | op=SEND_HEARTBEAT {datanodeUUID=baa0ac9c-d259-45b0-b366-08e52759ad0f, command=[]} | ret=SUCCESS |  
2019-09-05 08:32:16,812 [grpc-default-executor-10] WARN  server.GrpcLogAppender (LogUtils.java:warn(134)) - omNode-3->omNode-1: Failed appendEntries: org.apache.ratis.thirdparty.io.grpc.StatusRuntimeException: UNAVAILABLE: io exception
2019-09-05 08:32:16,812 [grpc-default-executor-8] WARN  server.GrpcLogAppender (LogUtils.java:warn(134)) - omNode-3->omNode-2: Failed appendEntries: org.apache.ratis.thirdparty.io.grpc.StatusRuntimeException: UNAVAILABLE: io exception
2019-09-05 08:32:16,812 [grpc-default-executor-10] INFO  impl.FollowerInfo (FollowerInfo.java:lambda$new$0(50)) - omNode-3->omNode-1: nextIndex: updateUnconditionally 0 -> 0
2019-09-05 08:32:16,812 [grpc-default-executor-8] INFO  impl.FollowerInfo (FollowerInfo.java:lambda$new$0(50)) - omNode-3->omNode-2: nextIndex: updateUnconditionally 0 -> 0
2019-09-05 08:32:17,312 [grpc-default-executor-7] WARN  server.GrpcLogAppender (LogUtils.java:warn(134)) - omNode-3->omNode-2: Failed appendEntries: org.apache.ratis.thirdparty.io.grpc.StatusRuntimeException: UNAVAILABLE: io exception
2019-09-05 08:32:17,312 [grpc-default-executor-10] WARN  server.GrpcLogAppender (LogUtils.java:warn(134)) - omNode-3->omNode-1: Failed appendEntries: org.apache.ratis.thirdparty.io.grpc.StatusRuntimeException: UNAVAILABLE: io exception
2019-09-05 08:32:17,313 [grpc-default-executor-7] INFO  impl.FollowerInfo (FollowerInfo.java:lambda$new$0(50)) - omNode-3->omNode-2: nextIndex: updateUnconditionally 0 -> 0
2019-09-05 08:32:17,313 [grpc-default-executor-10] INFO  impl.FollowerInfo (FollowerInfo.java:lambda$new$0(50)) - omNode-3->omNode-1: nextIndex: updateUnconditionally 0 -> 0
2019-09-05 08:32:17,443 | INFO  | SCMAudit | user=jenkins1000 | ip=192.168.36.69 | op=SEND_HEARTBEAT {datanodeUUID=baa0ac9c-d259-45b0-b366-08e52759ad0f, command=[]} | ret=SUCCESS |  
2019-09-05 08:32:17,813 [grpc-default-executor-7] WARN  server.GrpcLogAppender (LogUtils.java:warn(134)) - omNode-3->omNode-2: Failed appendEntries: org.apache.ratis.thirdparty.io.grpc.StatusRuntimeException: UNAVAILABLE: io exception
2019-09-05 08:32:17,813 [grpc-default-executor-11] WARN  server.GrpcLogAppender (LogUtils.java:warn(134)) - omNode-3->omNode-1: Failed appendEntries: org.apache.ratis.thirdparty.io.grpc.StatusRuntimeException: UNAVAILABLE: io exception
2019-09-05 08:32:17,813 [grpc-default-executor-7] INFO  impl.FollowerInfo (FollowerInfo.java:lambda$new$0(50)) - omNode-3->omNode-2: nextIndex: updateUnconditionally 0 -> 0
2019-09-05 08:32:17,813 [grpc-default-executor-11] INFO  impl.FollowerInfo (FollowerInfo.java:lambda$new$0(50)) - omNode-3->omNode-1: nextIndex: updateUnconditionally 0 -> 0
2019-09-05 08:32:18,313 [grpc-default-executor-11] WARN  server.GrpcLogAppender (LogUtils.java:warn(134)) - omNode-3->omNode-1: Failed appendEntries: org.apache.ratis.thirdparty.io.grpc.StatusRuntimeException: UNAVAILABLE: io exception
2019-09-05 08:32:18,313 [grpc-default-executor-8] WARN  server.GrpcLogAppender (LogUtils.java:warn(134)) - omNode-3->omNode-2: Failed appendEntries: org.apache.ratis.thirdparty.io.grpc.StatusRuntimeException: UNAVAILABLE: io exception
2019-09-05 08:32:18,314 [grpc-default-executor-11] INFO  impl.FollowerInfo (FollowerInfo.java:lambda$new$0(50)) - omNode-3->omNode-1: nextIndex: updateUnconditionally 0 -> 0
2019-09-05 08:32:18,314 [grpc-default-executor-8] INFO  impl.FollowerInfo (FollowerInfo.java:lambda$new$0(50)) - omNode-3->omNode-2: nextIndex: updateUnconditionally 0 -> 0
2019-09-05 08:32:18,443 | INFO  | SCMAudit | user=jenkins1000 | ip=192.168.36.69 | op=SEND_HEARTBEAT {datanodeUUID=baa0ac9c-d259-45b0-b366-08e52759ad0f, command=[]} | ret=SUCCESS |  
2019-09-05 08:32:18,814 [grpc-default-executor-11] WARN  server.GrpcLogAppender (LogUtils.java:warn(134)) - omNode-3->omNode-1: Failed appendEntries: org.apache.ratis.thirdparty.io.grpc.StatusRuntimeException: UNAVAILABLE: io exception
2019-09-05 08:32:18,814 [grpc-default-executor-8] WARN  server.GrpcLogAppender (LogUtils.java:warn(134)) - omNode-3->omNode-2: Failed appendEntries: org.apache.ratis.thirdparty.io.grpc.StatusRuntimeException: UNAVAILABLE: io exception
2019-09-05 08:32:18,815 [grpc-default-executor-11] INFO  impl.FollowerInfo (FollowerInfo.java:lambda$new$0(50)) - omNode-3->omNode-1: nextIndex: updateUnconditionally 0 -> 0
2019-09-05 08:32:18,815 [grpc-default-executor-8] INFO  impl.FollowerInfo (FollowerInfo.java:lambda$new$0(50)) - omNode-3->omNode-2: nextIndex: updateUnconditionally 0 -> 0
2019-09-05 08:32:19,315 [grpc-default-executor-8] WARN  server.GrpcLogAppender (LogUtils.java:warn(134)) - omNode-3->omNode-1: Failed appendEntries: org.apache.ratis.thirdparty.io.grpc.StatusRuntimeException: UNAVAILABLE: io exception
2019-09-05 08:32:19,315 [grpc-default-executor-9] WARN  server.GrpcLogAppender (LogUtils.java:warn(134)) - omNode-3->omNode-2: Failed appendEntries: org.apache.ratis.thirdparty.io.grpc.StatusRuntimeException: UNAVAILABLE: io exception
2019-09-05 08:32:19,315 [grpc-default-executor-8] INFO  impl.FollowerInfo (FollowerInfo.java:lambda$new$0(50)) - omNode-3->omNode-1: nextIndex: updateUnconditionally 0 -> 0
2019-09-05 08:32:19,316 [grpc-default-executor-9] INFO  impl.FollowerInfo (FollowerInfo.java:lambda$new$0(50)) - omNode-3->omNode-2: nextIndex: updateUnconditionally 0 -> 0
2019-09-05 08:32:19,443 | INFO  | SCMAudit | user=jenkins1000 | ip=192.168.36.69 | op=SEND_HEARTBEAT {datanodeUUID=baa0ac9c-d259-45b0-b366-08e52759ad0f, command=[]} | ret=SUCCESS |  
2019-09-05 08:32:19,815 [grpc-default-executor-11] WARN  server.GrpcLogAppender (LogUtils.java:warn(134)) - omNode-3->omNode-1: Failed appendEntries: org.apache.ratis.thirdparty.io.grpc.StatusRuntimeException: UNAVAILABLE: io exception
2019-09-05 08:32:19,815 [grpc-default-executor-4] WARN  server.GrpcLogAppender (LogUtils.java:warn(134)) - omNode-3->omNode-2: Failed appendEntries: org.apache.ratis.thirdparty.io.grpc.StatusRuntimeException: UNAVAILABLE: io exception
2019-09-05 08:32:19,816 [grpc-default-executor-11] INFO  impl.FollowerInfo (FollowerInfo.java:lambda$new$0(50)) - omNode-3->omNode-1: nextIndex: updateUnconditionally 0 -> 0
2019-09-05 08:32:19,816 [grpc-default-executor-4] INFO  impl.FollowerInfo (FollowerInfo.java:lambda$new$0(50)) - omNode-3->omNode-2: nextIndex: updateUnconditionally 0 -> 0
2019-09-05 08:32:20,316 [grpc-default-executor-4] WARN  server.GrpcLogAppender (LogUtils.java:warn(134)) - omNode-3->omNode-2: Failed appendEntries: org.apache.ratis.thirdparty.io.grpc.StatusRuntimeException: UNAVAILABLE: io exception
2019-09-05 08:32:20,316 [grpc-default-executor-10] WARN  server.GrpcLogAppender (LogUtils.java:warn(134)) - omNode-3->omNode-1: Failed appendEntries: org.apache.ratis.thirdparty.io.grpc.StatusRuntimeException: UNAVAILABLE: io exception
2019-09-05 08:32:20,317 [grpc-default-executor-4] INFO  impl.FollowerInfo (FollowerInfo.java:lambda$new$0(50)) - omNode-3->omNode-2: nextIndex: updateUnconditionally 0 -> 0
2019-09-05 08:32:20,317 [grpc-default-executor-10] INFO  impl.FollowerInfo (FollowerInfo.java:lambda$new$0(50)) - omNode-3->omNode-1: nextIndex: updateUnconditionally 0 -> 0
2019-09-05 08:32:20,443 | INFO  | SCMAudit | user=jenkins1000 | ip=192.168.36.69 | op=SEND_HEARTBEAT {datanodeUUID=baa0ac9c-d259-45b0-b366-08e52759ad0f, command=[]} | ret=SUCCESS |  
2019-09-05 08:32:20,817 [grpc-default-executor-7] WARN  server.GrpcLogAppender (LogUtils.java:warn(134)) - omNode-3->omNode-2: Failed appendEntries: org.apache.ratis.thirdparty.io.grpc.StatusRuntimeException: UNAVAILABLE: io exception
2019-09-05 08:32:20,817 [grpc-default-executor-9] WARN  server.GrpcLogAppender (LogUtils.java:warn(134)) - omNode-3->omNode-1: Failed appendEntries: org.apache.ratis.thirdparty.io.grpc.StatusRuntimeException: UNAVAILABLE: io exception
2019-09-05 08:32:20,817 [grpc-default-executor-7] INFO  impl.FollowerInfo (FollowerInfo.java:lambda$new$0(50)) - omNode-3->omNode-2: nextIndex: updateUnconditionally 0 -> 0
2019-09-05 08:32:20,817 [grpc-default-executor-9] INFO  impl.FollowerInfo (FollowerInfo.java:lambda$new$0(50)) - omNode-3->omNode-1: nextIndex: updateUnconditionally 0 -> 0
2019-09-05 08:32:21,317 [grpc-default-executor-9] WARN  server.GrpcLogAppender (LogUtils.java:warn(134)) - omNode-3->omNode-1: Failed appendEntries: org.apache.ratis.thirdparty.io.grpc.StatusRuntimeException: UNAVAILABLE: io exception
2019-09-05 08:32:21,317 [grpc-default-executor-7] WARN  server.GrpcLogAppender (LogUtils.java:warn(134)) - omNode-3->omNode-2: Failed appendEntries: org.apache.ratis.thirdparty.io.grpc.StatusRuntimeException: UNAVAILABLE: io exception
2019-09-05 08:32:21,317 [grpc-default-executor-9] INFO  impl.FollowerInfo (FollowerInfo.java:lambda$new$0(50)) - omNode-3->omNode-1: nextIndex: updateUnconditionally 0 -> 0
2019-09-05 08:32:21,317 [grpc-default-executor-7] INFO  impl.FollowerInfo (FollowerInfo.java:lambda$new$0(50)) - omNode-3->omNode-2: nextIndex: updateUnconditionally 0 -> 0
2019-09-05 08:32:21,443 | INFO  | SCMAudit | user=jenkins1000 | ip=192.168.36.69 | op=SEND_HEARTBEAT {datanodeUUID=baa0ac9c-d259-45b0-b366-08e52759ad0f, command=[]} | ret=SUCCESS |  
2019-09-05 08:32:21,818 [grpc-default-executor-8] WARN  server.GrpcLogAppender (LogUtils.java:warn(134)) - omNode-3->omNode-2: Failed appendEntries: org.apache.ratis.thirdparty.io.grpc.StatusRuntimeException: UNAVAILABLE: io exception
2019-09-05 08:32:21,818 [grpc-default-executor-10] WARN  server.GrpcLogAppender (LogUtils.java:warn(134)) - omNode-3->omNode-1: Failed appendEntries: org.apache.ratis.thirdparty.io.grpc.StatusRuntimeException: UNAVAILABLE: io exception
2019-09-05 08:32:21,818 [grpc-default-executor-8] INFO  impl.FollowerInfo (FollowerInfo.java:lambda$new$0(50)) - omNode-3->omNode-2: nextIndex: updateUnconditionally 0 -> 0
2019-09-05 08:32:21,818 [grpc-default-executor-10] INFO  impl.FollowerInfo (FollowerInfo.java:lambda$new$0(50)) - omNode-3->omNode-1: nextIndex: updateUnconditionally 0 -> 0
2019-09-05 08:32:22,319 [grpc-default-executor-7] WARN  server.GrpcLogAppender (LogUtils.java:warn(134)) - omNode-3->omNode-2: Failed appendEntries: org.apache.ratis.thirdparty.io.grpc.StatusRuntimeException: UNAVAILABLE: io exception
2019-09-05 08:32:22,319 [grpc-default-executor-10] WARN  server.GrpcLogAppender (LogUtils.java:warn(134)) - omNode-3->omNode-1: Failed appendEntries: org.apache.ratis.thirdparty.io.grpc.StatusRuntimeException: UNAVAILABLE: io exception
2019-09-05 08:32:22,319 [grpc-default-executor-7] INFO  impl.FollowerInfo (FollowerInfo.java:lambda$new$0(50)) - omNode-3->omNode-2: nextIndex: updateUnconditionally 0 -> 0
2019-09-05 08:32:22,319 [grpc-default-executor-10] INFO  impl.FollowerInfo (FollowerInfo.java:lambda$new$0(50)) - omNode-3->omNode-1: nextIndex: updateUnconditionally 0 -> 0
2019-09-05 08:32:22,444 | INFO  | SCMAudit | user=jenkins1000 | ip=192.168.36.69 | op=SEND_HEARTBEAT {datanodeUUID=baa0ac9c-d259-45b0-b366-08e52759ad0f, command=[]} | ret=SUCCESS |  
2019-09-05 08:32:22,819 [grpc-default-executor-9] WARN  server.GrpcLogAppender (LogUtils.java:warn(134)) - omNode-3->omNode-1: Failed appendEntries: org.apache.ratis.thirdparty.io.grpc.StatusRuntimeException: UNAVAILABLE: io exception
2019-09-05 08:32:22,819 [grpc-default-executor-11] WARN  server.GrpcLogAppender (LogUtils.java:warn(134)) - omNode-3->omNode-2: Failed appendEntries: org.apache.ratis.thirdparty.io.grpc.StatusRuntimeException: UNAVAILABLE: io exception
2019-09-05 08:32:22,819 [grpc-default-executor-9] INFO  impl.FollowerInfo (FollowerInfo.java:lambda$new$0(50)) - omNode-3->omNode-1: nextIndex: updateUnconditionally 0 -> 0
2019-09-05 08:32:22,819 [grpc-default-executor-11] INFO  impl.FollowerInfo (FollowerInfo.java:lambda$new$0(50)) - omNode-3->omNode-2: nextIndex: updateUnconditionally 0 -> 0
2019-09-05 08:32:23,319 [grpc-default-executor-11] WARN  server.GrpcLogAppender (LogUtils.java:warn(134)) - omNode-3->omNode-2: Failed appendEntries: org.apache.ratis.thirdparty.io.grpc.StatusRuntimeException: UNAVAILABLE: io exception
2019-09-05 08:32:23,319 [grpc-default-executor-8] WARN  server.GrpcLogAppender (LogUtils.java:warn(134)) - omNode-3->omNode-1: Failed appendEntries: org.apache.ratis.thirdparty.io.grpc.StatusRuntimeException: UNAVAILABLE: io exception
2019-09-05 08:32:23,319 [grpc-default-executor-11] INFO  impl.FollowerInfo (FollowerInfo.java:lambda$new$0(50)) - omNode-3->omNode-2: nextIndex: updateUnconditionally 0 -> 0
2019-09-05 08:32:23,320 [grpc-default-executor-8] INFO  impl.FollowerInfo (FollowerInfo.java:lambda$new$0(50)) - omNode-3->omNode-1: nextIndex: updateUnconditionally 0 -> 0
2019-09-05 08:32:23,444 | INFO  | SCMAudit | user=jenkins1000 | ip=192.168.36.69 | op=SEND_HEARTBEAT {datanodeUUID=baa0ac9c-d259-45b0-b366-08e52759ad0f, command=[]} | ret=SUCCESS |  
2019-09-05 08:32:23,820 [grpc-default-executor-11] WARN  server.GrpcLogAppender (LogUtils.java:warn(134)) - omNode-3->omNode-1: Failed appendEntries: org.apache.ratis.thirdparty.io.grpc.StatusRuntimeException: UNAVAILABLE: io exception
2019-09-05 08:32:23,820 [grpc-default-executor-7] WARN  server.GrpcLogAppender (LogUtils.java:warn(134)) - omNode-3->omNode-2: Failed appendEntries: org.apache.ratis.thirdparty.io.grpc.StatusRuntimeException: UNAVAILABLE: io exception
2019-09-05 08:32:23,820 [grpc-default-executor-11] INFO  impl.FollowerInfo (FollowerInfo.java:lambda$new$0(50)) - omNode-3->omNode-1: nextIndex: updateUnconditionally 0 -> 0
2019-09-05 08:32:23,821 [grpc-default-executor-7] INFO  impl.FollowerInfo (FollowerInfo.java:lambda$new$0(50)) - omNode-3->omNode-2: nextIndex: updateUnconditionally 0 -> 0
2019-09-05 08:32:24,321 [grpc-default-executor-11] WARN  server.GrpcLogAppender (LogUtils.java:warn(134)) - omNode-3->omNode-1: Failed appendEntries: org.apache.ratis.thirdparty.io.grpc.StatusRuntimeException: UNAVAILABLE: io exception
2019-09-05 08:32:24,321 [grpc-default-executor-8] WARN  server.GrpcLogAppender (LogUtils.java:warn(134)) - omNode-3->omNode-2: Failed appendEntries: org.apache.ratis.thirdparty.io.grpc.StatusRuntimeException: UNAVAILABLE: io exception
2019-09-05 08:32:24,321 [grpc-default-executor-11] INFO  impl.FollowerInfo (FollowerInfo.java:lambda$new$0(50)) - omNode-3->omNode-1: nextIndex: updateUnconditionally 0 -> 0
2019-09-05 08:32:24,322 [grpc-default-executor-8] INFO  impl.FollowerInfo (FollowerInfo.java:lambda$new$0(50)) - omNode-3->omNode-2: nextIndex: updateUnconditionally 0 -> 0
2019-09-05 08:32:24,444 | INFO  | SCMAudit | user=jenkins1000 | ip=192.168.36.69 | op=SEND_HEARTBEAT {datanodeUUID=baa0ac9c-d259-45b0-b366-08e52759ad0f, command=[]} | ret=SUCCESS |  
2019-09-05 08:32:24,821 [grpc-default-executor-7] WARN  server.GrpcLogAppender (LogUtils.java:warn(134)) - omNode-3->omNode-2: Failed appendEntries: org.apache.ratis.thirdparty.io.grpc.StatusRuntimeException: UNAVAILABLE: io exception
2019-09-05 08:32:24,821 [grpc-default-executor-10] WARN  server.GrpcLogAppender (LogUtils.java:warn(134)) - omNode-3->omNode-1: Failed appendEntries: org.apache.ratis.thirdparty.io.grpc.StatusRuntimeException: UNAVAILABLE: io exception
2019-09-05 08:32:24,822 [grpc-default-executor-7] INFO  impl.FollowerInfo (FollowerInfo.java:lambda$new$0(50)) - omNode-3->omNode-2: nextIndex: updateUnconditionally 0 -> 0
2019-09-05 08:32:24,822 [grpc-default-executor-10] INFO  impl.FollowerInfo (FollowerInfo.java:lambda$new$0(50)) - omNode-3->omNode-1: nextIndex: updateUnconditionally 0 -> 0
2019-09-05 08:32:25,322 [grpc-default-executor-11] WARN  server.GrpcLogAppender (LogUtils.java:warn(134)) - omNode-3->omNode-2: Failed appendEntries: org.apache.ratis.thirdparty.io.grpc.StatusRuntimeException: UNAVAILABLE: io exception
2019-09-05 08:32:25,322 [grpc-default-executor-8] WARN  server.GrpcLogAppender (LogUtils.java:warn(134)) - omNode-3->omNode-1: Failed appendEntries: org.apache.ratis.thirdparty.io.grpc.StatusRuntimeException: UNAVAILABLE: io exception
2019-09-05 08:32:25,322 [grpc-default-executor-11] INFO  impl.FollowerInfo (FollowerInfo.java:lambda$new$0(50)) - omNode-3->omNode-2: nextIndex: updateUnconditionally 0 -> 0
2019-09-05 08:32:25,322 [grpc-default-executor-8] INFO  impl.FollowerInfo (FollowerInfo.java:lambda$new$0(50)) - omNode-3->omNode-1: nextIndex: updateUnconditionally 0 -> 0
2019-09-05 08:32:25,444 | INFO  | SCMAudit | user=jenkins1000 | ip=192.168.36.69 | op=SEND_HEARTBEAT {datanodeUUID=baa0ac9c-d259-45b0-b366-08e52759ad0f, command=[]} | ret=SUCCESS |  
2019-09-05 08:32:25,822 [grpc-default-executor-8] WARN  server.GrpcLogAppender (LogUtils.java:warn(134)) - omNode-3->omNode-1: Failed appendEntries: org.apache.ratis.thirdparty.io.grpc.StatusRuntimeException: UNAVAILABLE: io exception
2019-09-05 08:32:25,823 [grpc-default-executor-7] WARN  server.GrpcLogAppender (LogUtils.java:warn(134)) - omNode-3->omNode-2: Failed appendEntries: org.apache.ratis.thirdparty.io.grpc.StatusRuntimeException: UNAVAILABLE: io exception
2019-09-05 08:32:25,823 [grpc-default-executor-8] INFO  impl.FollowerInfo (FollowerInfo.java:lambda$new$0(50)) - omNode-3->omNode-1: nextIndex: updateUnconditionally 0 -> 0
2019-09-05 08:32:25,823 [grpc-default-executor-7] INFO  impl.FollowerInfo (FollowerInfo.java:lambda$new$0(50)) - omNode-3->omNode-2: nextIndex: updateUnconditionally 0 -> 0
2019-09-05 08:32:26,323 [grpc-default-executor-9] WARN  server.GrpcLogAppender (LogUtils.java:warn(134)) - omNode-3->omNode-2: Failed appendEntries: org.apache.ratis.thirdparty.io.grpc.StatusRuntimeException: UNAVAILABLE: io exception
2019-09-05 08:32:26,323 [grpc-default-executor-11] WARN  server.GrpcLogAppender (LogUtils.java:warn(134)) - omNode-3->omNode-1: Failed appendEntries: org.apache.ratis.thirdparty.io.grpc.StatusRuntimeException: UNAVAILABLE: io exception
2019-09-05 08:32:26,323 [grpc-default-executor-9] INFO  impl.FollowerInfo (FollowerInfo.java:lambda$new$0(50)) - omNode-3->omNode-2: nextIndex: updateUnconditionally 0 -> 0
2019-09-05 08:32:26,324 [grpc-default-executor-11] INFO  impl.FollowerInfo (FollowerInfo.java:lambda$new$0(50)) - omNode-3->omNode-1: nextIndex: updateUnconditionally 0 -> 0
2019-09-05 08:32:26,444 | INFO  | SCMAudit | user=jenkins1000 | ip=192.168.36.69 | op=SEND_HEARTBEAT {datanodeUUID=baa0ac9c-d259-45b0-b366-08e52759ad0f, command=[]} | ret=SUCCESS |  
2019-09-05 08:32:26,823 [grpc-default-executor-9] WARN  server.GrpcLogAppender (LogUtils.java:warn(134)) - omNode-3->omNode-1: Failed appendEntries: org.apache.ratis.thirdparty.io.grpc.StatusRuntimeException: UNAVAILABLE: io exception
2019-09-05 08:32:26,823 [grpc-default-executor-7] WARN  server.GrpcLogAppender (LogUtils.java:warn(134)) - omNode-3->omNode-2: Failed appendEntries: org.apache.ratis.thirdparty.io.grpc.StatusRuntimeException: UNAVAILABLE: io exception
2019-09-05 08:32:26,824 [grpc-default-executor-9] INFO  impl.FollowerInfo (FollowerInfo.java:lambda$new$0(50)) - omNode-3->omNode-1: nextIndex: updateUnconditionally 0 -> 0
2019-09-05 08:32:26,824 [grpc-default-executor-7] INFO  impl.FollowerInfo (FollowerInfo.java:lambda$new$0(50)) - omNode-3->omNode-2: nextIndex: updateUnconditionally 0 -> 0
2019-09-05 08:32:27,324 [grpc-default-executor-8] WARN  server.GrpcLogAppender (LogUtils.java:warn(134)) - omNode-3->omNode-1: Failed appendEntries: org.apache.ratis.thirdparty.io.grpc.StatusRuntimeException: UNAVAILABLE: io exception
2019-09-05 08:32:27,324 [grpc-default-executor-4] WARN  server.GrpcLogAppender (LogUtils.java:warn(134)) - omNode-3->omNode-2: Failed appendEntries: org.apache.ratis.thirdparty.io.grpc.StatusRuntimeException: UNAVAILABLE: io exception
2019-09-05 08:32:27,324 [grpc-default-executor-8] INFO  impl.FollowerInfo (FollowerInfo.java:lambda$new$0(50)) - omNode-3->omNode-1: nextIndex: updateUnconditionally 0 -> 0
2019-09-05 08:32:27,324 [grpc-default-executor-4] INFO  impl.FollowerInfo (FollowerInfo.java:lambda$new$0(50)) - omNode-3->omNode-2: nextIndex: updateUnconditionally 0 -> 0
2019-09-05 08:32:27,444 | INFO  | SCMAudit | user=jenkins1000 | ip=192.168.36.69 | op=SEND_HEARTBEAT {datanodeUUID=baa0ac9c-d259-45b0-b366-08e52759ad0f, command=[]} | ret=SUCCESS |  
2019-09-05 08:32:27,825 [grpc-default-executor-4] WARN  server.GrpcLogAppender (LogUtils.java:warn(134)) - omNode-3->omNode-1: Failed appendEntries: org.apache.ratis.thirdparty.io.grpc.StatusRuntimeException: UNAVAILABLE: io exception
2019-09-05 08:32:27,825 [grpc-default-executor-8] WARN  server.GrpcLogAppender (LogUtils.java:warn(134)) - omNode-3->omNode-2: Failed appendEntries: org.apache.ratis.thirdparty.io.grpc.StatusRuntimeException: UNAVAILABLE: io exception
2019-09-05 08:32:27,825 [grpc-default-executor-4] INFO  impl.FollowerInfo (FollowerInfo.java:lambda$new$0(50)) - omNode-3->omNode-1: nextIndex: updateUnconditionally 0 -> 0
2019-09-05 08:32:27,825 [grpc-default-executor-8] INFO  impl.FollowerInfo (FollowerInfo.java:lambda$new$0(50)) - omNode-3->omNode-2: nextIndex: updateUnconditionally 0 -> 0
2019-09-05 08:32:28,325 [grpc-default-executor-11] WARN  server.GrpcLogAppender (LogUtils.java:warn(134)) - omNode-3->omNode-1: Failed appendEntries: org.apache.ratis.thirdparty.io.grpc.StatusRuntimeException: UNAVAILABLE: io exception
2019-09-05 08:32:28,325 [grpc-default-executor-4] WARN  server.GrpcLogAppender (LogUtils.java:warn(134)) - omNode-3->omNode-2: Failed appendEntries: org.apache.ratis.thirdparty.io.grpc.StatusRuntimeException: UNAVAILABLE: io exception
2019-09-05 08:32:28,325 [grpc-default-executor-11] INFO  impl.FollowerInfo (FollowerInfo.java:lambda$new$0(50)) - omNode-3->omNode-1: nextIndex: updateUnconditionally 0 -> 0
2019-09-05 08:32:28,326 [grpc-default-executor-4] INFO  impl.FollowerInfo (FollowerInfo.java:lambda$new$0(50)) - omNode-3->omNode-2: nextIndex: updateUnconditionally 0 -> 0
2019-09-05 08:32:28,444 | INFO  | SCMAudit | user=jenkins1000 | ip=192.168.36.69 | op=SEND_HEARTBEAT {datanodeUUID=baa0ac9c-d259-45b0-b366-08e52759ad0f, command=[]} | ret=SUCCESS |  
2019-09-05 08:32:28,825 [grpc-default-executor-9] WARN  server.GrpcLogAppender (LogUtils.java:warn(134)) - omNode-3->omNode-2: Failed appendEntries: org.apache.ratis.thirdparty.io.grpc.StatusRuntimeException: UNAVAILABLE: io exception
2019-09-05 08:32:28,826 [grpc-default-executor-7] WARN  server.GrpcLogAppender (LogUtils.java:warn(134)) - omNode-3->omNode-1: Failed appendEntries: org.apache.ratis.thirdparty.io.grpc.StatusRuntimeException: UNAVAILABLE: io exception
2019-09-05 08:32:28,826 [grpc-default-executor-9] INFO  impl.FollowerInfo (FollowerInfo.java:lambda$new$0(50)) - omNode-3->omNode-2: nextIndex: updateUnconditionally 0 -> 0
2019-09-05 08:32:28,826 [grpc-default-executor-7] INFO  impl.FollowerInfo (FollowerInfo.java:lambda$new$0(50)) - omNode-3->omNode-1: nextIndex: updateUnconditionally 0 -> 0
2019-09-05 08:32:29,326 [grpc-default-executor-10] WARN  server.GrpcLogAppender (LogUtils.java:warn(134)) - omNode-3->omNode-1: Failed appendEntries: org.apache.ratis.thirdparty.io.grpc.StatusRuntimeException: UNAVAILABLE: io exception
2019-09-05 08:32:29,326 [grpc-default-executor-8] WARN  server.GrpcLogAppender (LogUtils.java:warn(134)) - omNode-3->omNode-2: Failed appendEntries: org.apache.ratis.thirdparty.io.grpc.StatusRuntimeException: UNAVAILABLE: io exception
2019-09-05 08:32:29,327 [grpc-default-executor-10] INFO  impl.FollowerInfo (FollowerInfo.java:lambda$new$0(50)) - omNode-3->omNode-1: nextIndex: updateUnconditionally 0 -> 0
2019-09-05 08:32:29,327 [grpc-default-executor-8] INFO  impl.FollowerInfo (FollowerInfo.java:lambda$new$0(50)) - omNode-3->omNode-2: nextIndex: updateUnconditionally 0 -> 0
2019-09-05 08:32:29,444 | INFO  | SCMAudit | user=jenkins1000 | ip=192.168.36.69 | op=SEND_HEARTBEAT {datanodeUUID=baa0ac9c-d259-45b0-b366-08e52759ad0f, command=[]} | ret=SUCCESS |  
2019-09-05 08:32:29,828 [grpc-default-executor-4] WARN  server.GrpcLogAppender (LogUtils.java:warn(134)) - omNode-3->omNode-2: Failed appendEntries: org.apache.ratis.thirdparty.io.grpc.StatusRuntimeException: UNAVAILABLE: io exception
2019-09-05 08:32:29,828 [grpc-default-executor-7] WARN  server.GrpcLogAppender (LogUtils.java:warn(134)) - omNode-3->omNode-1: Failed appendEntries: org.apache.ratis.thirdparty.io.grpc.StatusRuntimeException: UNAVAILABLE: io exception
2019-09-05 08:32:29,828 [grpc-default-executor-4] INFO  impl.FollowerInfo (FollowerInfo.java:lambda$new$0(50)) - omNode-3->omNode-2: nextIndex: updateUnconditionally 0 -> 0
2019-09-05 08:32:29,828 [grpc-default-executor-7] INFO  impl.FollowerInfo (FollowerInfo.java:lambda$new$0(50)) - omNode-3->omNode-1: nextIndex: updateUnconditionally 0 -> 0
2019-09-05 08:32:30,328 [grpc-default-executor-11] WARN  server.GrpcLogAppender (LogUtils.java:warn(134)) - omNode-3->omNode-2: Failed appendEntries: org.apache.ratis.thirdparty.io.grpc.StatusRuntimeException: UNAVAILABLE: io exception
2019-09-05 08:32:30,328 [grpc-default-executor-4] WARN  server.GrpcLogAppender (LogUtils.java:warn(134)) - omNode-3->omNode-1: Failed appendEntries: org.apache.ratis.thirdparty.io.grpc.StatusRuntimeException: UNAVAILABLE: io exception
2019-09-05 08:32:30,329 [grpc-default-executor-11] INFO  impl.FollowerInfo (FollowerInfo.java:lambda$new$0(50)) - omNode-3->omNode-2: nextIndex: updateUnconditionally 0 -> 0
2019-09-05 08:32:30,329 [grpc-default-executor-4] INFO  impl.FollowerInfo (FollowerInfo.java:lambda$new$0(50)) - omNode-3->omNode-1: nextIndex: updateUnconditionally 0 -> 0
2019-09-05 08:32:30,444 | INFO  | SCMAudit | user=jenkins1000 | ip=192.168.36.69 | op=SEND_HEARTBEAT {datanodeUUID=baa0ac9c-d259-45b0-b366-08e52759ad0f, command=[]} | ret=SUCCESS |  
2019-09-05 08:32:30,828 [grpc-default-executor-8] WARN  server.GrpcLogAppender (LogUtils.java:warn(134)) - omNode-3->omNode-1: Failed appendEntries: org.apache.ratis.thirdparty.io.grpc.StatusRuntimeException: UNAVAILABLE: io exception
2019-09-05 08:32:30,828 [grpc-default-executor-10] WARN  server.GrpcLogAppender (LogUtils.java:warn(134)) - omNode-3->omNode-2: Failed appendEntries: org.apache.ratis.thirdparty.io.grpc.StatusRuntimeException: UNAVAILABLE: io exception
2019-09-05 08:32:30,829 [grpc-default-executor-8] INFO  impl.FollowerInfo (FollowerInfo.java:lambda$new$0(50)) - omNode-3->omNode-1: nextIndex: updateUnconditionally 0 -> 0
2019-09-05 08:32:30,829 [grpc-default-executor-10] INFO  impl.FollowerInfo (FollowerInfo.java:lambda$new$0(50)) - omNode-3->omNode-2: nextIndex: updateUnconditionally 0 -> 0
2019-09-05 08:32:31,329 [grpc-default-executor-7] WARN  server.GrpcLogAppender (LogUtils.java:warn(134)) - omNode-3->omNode-2: Failed appendEntries: org.apache.ratis.thirdparty.io.grpc.StatusRuntimeException: UNAVAILABLE: io exception
2019-09-05 08:32:31,329 [grpc-default-executor-9] WARN  server.GrpcLogAppender (LogUtils.java:warn(134)) - omNode-3->omNode-1: Failed appendEntries: org.apache.ratis.thirdparty.io.grpc.StatusRuntimeException: UNAVAILABLE: io exception
2019-09-05 08:32:31,330 [grpc-default-executor-7] INFO  impl.FollowerInfo (FollowerInfo.java:lambda$new$0(50)) - omNode-3->omNode-2: nextIndex: updateUnconditionally 0 -> 0
2019-09-05 08:32:31,330 [grpc-default-executor-9] INFO  impl.FollowerInfo (FollowerInfo.java:lambda$new$0(50)) - omNode-3->omNode-1: nextIndex: updateUnconditionally 0 -> 0
2019-09-05 08:32:31,444 | INFO  | SCMAudit | user=jenkins1000 | ip=192.168.36.69 | op=SEND_HEARTBEAT {datanodeUUID=baa0ac9c-d259-45b0-b366-08e52759ad0f, command=[]} | ret=SUCCESS |  
2019-09-05 08:32:31,830 [grpc-default-executor-7] WARN  server.GrpcLogAppender (LogUtils.java:warn(134)) - omNode-3->omNode-1: Failed appendEntries: org.apache.ratis.thirdparty.io.grpc.StatusRuntimeException: UNAVAILABLE: io exception
2019-09-05 08:32:31,830 [grpc-default-executor-9] WARN  server.GrpcLogAppender (LogUtils.java:warn(134)) - omNode-3->omNode-2: Failed appendEntries: org.apache.ratis.thirdparty.io.grpc.StatusRuntimeException: UNAVAILABLE: io exception
2019-09-05 08:32:31,830 [grpc-default-executor-7] INFO  impl.FollowerInfo (FollowerInfo.java:lambda$new$0(50)) - omNode-3->omNode-1: nextIndex: updateUnconditionally 0 -> 0
2019-09-05 08:32:31,830 [grpc-default-executor-9] INFO  impl.FollowerInfo (FollowerInfo.java:lambda$new$0(50)) - omNode-3->omNode-2: nextIndex: updateUnconditionally 0 -> 0
2019-09-05 08:32:32,330 [grpc-default-executor-11] WARN  server.GrpcLogAppender (LogUtils.java:warn(134)) - omNode-3->omNode-2: Failed appendEntries: org.apache.ratis.thirdparty.io.grpc.StatusRuntimeException: UNAVAILABLE: io exception
2019-09-05 08:32:32,330 [grpc-default-executor-4] WARN  server.GrpcLogAppender (LogUtils.java:warn(134)) - omNode-3->omNode-1: Failed appendEntries: org.apache.ratis.thirdparty.io.grpc.StatusRuntimeException: UNAVAILABLE: io exception
2019-09-05 08:32:32,331 [grpc-default-executor-11] INFO  impl.FollowerInfo (FollowerInfo.java:lambda$new$0(50)) - omNode-3->omNode-2: nextIndex: updateUnconditionally 0 -> 0
2019-09-05 08:32:32,331 [grpc-default-executor-4] INFO  impl.FollowerInfo (FollowerInfo.java:lambda$new$0(50)) - omNode-3->omNode-1: nextIndex: updateUnconditionally 0 -> 0
2019-09-05 08:32:32,444 | INFO  | SCMAudit | user=jenkins1000 | ip=192.168.36.69 | op=SEND_HEARTBEAT {datanodeUUID=baa0ac9c-d259-45b0-b366-08e52759ad0f, command=[]} | ret=SUCCESS |  
2019-09-05 08:32:32,830 [grpc-default-executor-8] WARN  server.GrpcLogAppender (LogUtils.java:warn(134)) - omNode-3->omNode-2: Failed appendEntries: org.apache.ratis.thirdparty.io.grpc.StatusRuntimeException: UNAVAILABLE: io exception
2019-09-05 08:32:32,830 [grpc-default-executor-10] WARN  server.GrpcLogAppender (LogUtils.java:warn(134)) - omNode-3->omNode-1: Failed appendEntries: org.apache.ratis.thirdparty.io.grpc.StatusRuntimeException: UNAVAILABLE: io exception
2019-09-05 08:32:32,831 [grpc-default-executor-8] INFO  impl.FollowerInfo (FollowerInfo.java:lambda$new$0(50)) - omNode-3->omNode-2: nextIndex: updateUnconditionally 0 -> 0
2019-09-05 08:32:32,831 [grpc-default-executor-10] INFO  impl.FollowerInfo (FollowerInfo.java:lambda$new$0(50)) - omNode-3->omNode-1: nextIndex: updateUnconditionally 0 -> 0
2019-09-05 08:32:33,332 [grpc-default-executor-11] WARN  server.GrpcLogAppender (LogUtils.java:warn(134)) - omNode-3->omNode-2: Failed appendEntries: org.apache.ratis.thirdparty.io.grpc.StatusRuntimeException: UNAVAILABLE: io exception
2019-09-05 08:32:33,332 [grpc-default-executor-4] WARN  server.GrpcLogAppender (LogUtils.java:warn(134)) - omNode-3->omNode-1: Failed appendEntries: org.apache.ratis.thirdparty.io.grpc.StatusRuntimeException: UNAVAILABLE: io exception
2019-09-05 08:32:33,332 [grpc-default-executor-11] INFO  impl.FollowerInfo (FollowerInfo.java:lambda$new$0(50)) - omNode-3->omNode-2: nextIndex: updateUnconditionally 0 -> 0
2019-09-05 08:32:33,332 [grpc-default-executor-4] INFO  impl.FollowerInfo (FollowerInfo.java:lambda$new$0(50)) - omNode-3->omNode-1: nextIndex: updateUnconditionally 0 -> 0
2019-09-05 08:32:33,445 | INFO  | SCMAudit | user=jenkins1000 | ip=192.168.36.69 | op=SEND_HEARTBEAT {datanodeUUID=baa0ac9c-d259-45b0-b366-08e52759ad0f, command=[]} | ret=SUCCESS |  
2019-09-05 08:32:33,832 [grpc-default-executor-9] WARN  server.GrpcLogAppender (LogUtils.java:warn(134)) - omNode-3->omNode-2: Failed appendEntries: org.apache.ratis.thirdparty.io.grpc.StatusRuntimeException: UNAVAILABLE: io exception
2019-09-05 08:32:33,832 [grpc-default-executor-7] WARN  server.GrpcLogAppender (LogUtils.java:warn(134)) - omNode-3->omNode-1: Failed appendEntries: org.apache.ratis.thirdparty.io.grpc.StatusRuntimeException: UNAVAILABLE: io exception
2019-09-05 08:32:33,832 [grpc-default-executor-9] INFO  impl.FollowerInfo (FollowerInfo.java:lambda$new$0(50)) - omNode-3->omNode-2: nextIndex: updateUnconditionally 0 -> 0
2019-09-05 08:32:33,833 [grpc-default-executor-7] INFO  impl.FollowerInfo (FollowerInfo.java:lambda$new$0(50)) - omNode-3->omNode-1: nextIndex: updateUnconditionally 0 -> 0
2019-09-05 08:32:34,333 [grpc-default-executor-8] WARN  server.GrpcLogAppender (LogUtils.java:warn(134)) - omNode-3->omNode-1: Failed appendEntries: org.apache.ratis.thirdparty.io.grpc.StatusRuntimeException: UNAVAILABLE: io exception
2019-09-05 08:32:34,333 [grpc-default-executor-10] WARN  server.GrpcLogAppender (LogUtils.java:warn(134)) - omNode-3->omNode-2: Failed appendEntries: org.apache.ratis.thirdparty.io.grpc.StatusRuntimeException: UNAVAILABLE: io exception
2019-09-05 08:32:34,333 [grpc-default-executor-8] INFO  impl.FollowerInfo (FollowerInfo.java:lambda$new$0(50)) - omNode-3->omNode-1: nextIndex: updateUnconditionally 0 -> 0
2019-09-05 08:32:34,334 [grpc-default-executor-10] INFO  impl.FollowerInfo (FollowerInfo.java:lambda$new$0(50)) - omNode-3->omNode-2: nextIndex: updateUnconditionally 0 -> 0
2019-09-05 08:32:34,445 | INFO  | SCMAudit | user=jenkins1000 | ip=192.168.36.69 | op=SEND_HEARTBEAT {datanodeUUID=baa0ac9c-d259-45b0-b366-08e52759ad0f, command=[]} | ret=SUCCESS |  
2019-09-05 08:32:34,833 [grpc-default-executor-4] WARN  server.GrpcLogAppender (LogUtils.java:warn(134)) - omNode-3->omNode-2: Failed appendEntries: org.apache.ratis.thirdparty.io.grpc.StatusRuntimeException: UNAVAILABLE: io exception
2019-09-05 08:32:34,833 [grpc-default-executor-9] WARN  server.GrpcLogAppender (LogUtils.java:warn(134)) - omNode-3->omNode-1: Failed appendEntries: org.apache.ratis.thirdparty.io.grpc.StatusRuntimeException: UNAVAILABLE: io exception
2019-09-05 08:32:34,833 [grpc-default-executor-4] INFO  impl.FollowerInfo (FollowerInfo.java:lambda$new$0(50)) - omNode-3->omNode-2: nextIndex: updateUnconditionally 0 -> 0
2019-09-05 08:32:34,833 [grpc-default-executor-9] INFO  impl.FollowerInfo (FollowerInfo.java:lambda$new$0(50)) - omNode-3->omNode-1: nextIndex: updateUnconditionally 0 -> 0
2019-09-05 08:32:35,334 [grpc-default-executor-7] WARN  server.GrpcLogAppender (LogUtils.java:warn(134)) - omNode-3->omNode-2: Failed appendEntries: org.apache.ratis.thirdparty.io.grpc.StatusRuntimeException: UNAVAILABLE: io exception
2019-09-05 08:32:35,334 [grpc-default-executor-11] WARN  server.GrpcLogAppender (LogUtils.java:warn(134)) - omNode-3->omNode-1: Failed appendEntries: org.apache.ratis.thirdparty.io.grpc.StatusRuntimeException: UNAVAILABLE: io exception
2019-09-05 08:32:35,335 [grpc-default-executor-7] INFO  impl.FollowerInfo (FollowerInfo.java:lambda$new$0(50)) - omNode-3->omNode-2: nextIndex: updateUnconditionally 0 -> 0
2019-09-05 08:32:35,335 [grpc-default-executor-11] INFO  impl.FollowerInfo (FollowerInfo.java:lambda$new$0(50)) - omNode-3->omNode-1: nextIndex: updateUnconditionally 0 -> 0
2019-09-05 08:32:35,445 | INFO  | SCMAudit | user=jenkins1000 | ip=192.168.36.69 | op=SEND_HEARTBEAT {datanodeUUID=baa0ac9c-d259-45b0-b366-08e52759ad0f, command=[]} | ret=SUCCESS |  
2019-09-05 08:32:35,834 [grpc-default-executor-8] WARN  server.GrpcLogAppender (LogUtils.java:warn(134)) - omNode-3->omNode-2: Failed appendEntries: org.apache.ratis.thirdparty.io.grpc.StatusRuntimeException: UNAVAILABLE: io exception
2019-09-05 08:32:35,834 [grpc-default-executor-11] WARN  server.GrpcLogAppender (LogUtils.java:warn(134)) - omNode-3->omNode-1: Failed appendEntries: org.apache.ratis.thirdparty.io.grpc.StatusRuntimeException: UNAVAILABLE: io exception
2019-09-05 08:32:35,835 [grpc-default-executor-8] INFO  impl.FollowerInfo (FollowerInfo.java:lambda$new$0(50)) - omNode-3->omNode-2: nextIndex: updateUnconditionally 0 -> 0
2019-09-05 08:32:35,835 [grpc-default-executor-11] INFO  impl.FollowerInfo (FollowerInfo.java:lambda$new$0(50)) - omNode-3->omNode-1: nextIndex: updateUnconditionally 0 -> 0
2019-09-05 08:32:36,335 [grpc-default-executor-8] WARN  server.GrpcLogAppender (LogUtils.java:warn(134)) - omNode-3->omNode-2: Failed appendEntries: org.apache.ratis.thirdparty.io.grpc.StatusRuntimeException: UNAVAILABLE: io exception
2019-09-05 08:32:36,335 [grpc-default-executor-4] WARN  server.GrpcLogAppender (LogUtils.java:warn(134)) - omNode-3->omNode-1: Failed appendEntries: org.apache.ratis.thirdparty.io.grpc.StatusRuntimeException: UNAVAILABLE: io exception
2019-09-05 08:32:36,335 [grpc-default-executor-8] INFO  impl.FollowerInfo (FollowerInfo.java:lambda$new$0(50)) - omNode-3->omNode-2: nextIndex: updateUnconditionally 0 -> 0
2019-09-05 08:32:36,335 [grpc-default-executor-4] INFO  impl.FollowerInfo (FollowerInfo.java:lambda$new$0(50)) - omNode-3->omNode-1: nextIndex: updateUnconditionally 0 -> 0
2019-09-05 08:32:36,445 | INFO  | SCMAudit | user=jenkins1000 | ip=192.168.36.69 | op=SEND_HEARTBEAT {datanodeUUID=baa0ac9c-d259-45b0-b366-08e52759ad0f, command=[]} | ret=SUCCESS |  
2019-09-05 08:32:36,835 [grpc-default-executor-4] WARN  server.GrpcLogAppender (LogUtils.java:warn(134)) - omNode-3->omNode-2: Failed appendEntries: org.apache.ratis.thirdparty.io.grpc.StatusRuntimeException: UNAVAILABLE: io exception
2019-09-05 08:32:36,835 [grpc-default-executor-11] WARN  server.GrpcLogAppender (LogUtils.java:warn(134)) - omNode-3->omNode-1: Failed appendEntries: org.apache.ratis.thirdparty.io.grpc.StatusRuntimeException: UNAVAILABLE: io exception
2019-09-05 08:32:36,835 [grpc-default-executor-4] INFO  impl.FollowerInfo (FollowerInfo.java:lambda$new$0(50)) - omNode-3->omNode-2: nextIndex: updateUnconditionally 0 -> 0
2019-09-05 08:32:36,836 [grpc-default-executor-11] INFO  impl.FollowerInfo (FollowerInfo.java:lambda$new$0(50)) - omNode-3->omNode-1: nextIndex: updateUnconditionally 0 -> 0
2019-09-05 08:32:37,336 [grpc-default-executor-8] WARN  server.GrpcLogAppender (LogUtils.java:warn(134)) - omNode-3->omNode-2: Failed appendEntries: org.apache.ratis.thirdparty.io.grpc.StatusRuntimeException: UNAVAILABLE: io exception
2019-09-05 08:32:37,336 [grpc-default-executor-11] WARN  server.GrpcLogAppender (LogUtils.java:warn(134)) - omNode-3->omNode-1: Failed appendEntries: org.apache.ratis.thirdparty.io.grpc.StatusRuntimeException: UNAVAILABLE: io exception
2019-09-05 08:32:37,336 [grpc-default-executor-8] INFO  impl.FollowerInfo (FollowerInfo.java:lambda$new$0(50)) - omNode-3->omNode-2: nextIndex: updateUnconditionally 0 -> 0
2019-09-05 08:32:37,336 [grpc-default-executor-11] INFO  impl.FollowerInfo (FollowerInfo.java:lambda$new$0(50)) - omNode-3->omNode-1: nextIndex: updateUnconditionally 0 -> 0
2019-09-05 08:32:37,444 | INFO  | SCMAudit | user=jenkins1000 | ip=192.168.36.69 | op=SEND_HEARTBEAT {datanodeUUID=baa0ac9c-d259-45b0-b366-08e52759ad0f, command=[]} | ret=SUCCESS |  
2019-09-05 08:32:37,836 [grpc-default-executor-8] WARN  server.GrpcLogAppender (LogUtils.java:warn(134)) - omNode-3->omNode-1: Failed appendEntries: org.apache.ratis.thirdparty.io.grpc.StatusRuntimeException: UNAVAILABLE: io exception
2019-09-05 08:32:37,836 [grpc-default-executor-9] WARN  server.GrpcLogAppender (LogUtils.java:warn(134)) - omNode-3->omNode-2: Failed appendEntries: org.apache.ratis.thirdparty.io.grpc.StatusRuntimeException: UNAVAILABLE: io exception
2019-09-05 08:32:37,837 [grpc-default-executor-8] INFO  impl.FollowerInfo (FollowerInfo.java:lambda$new$0(50)) - omNode-3->omNode-1: nextIndex: updateUnconditionally 0 -> 0
2019-09-05 08:32:37,837 [grpc-default-executor-9] INFO  impl.FollowerInfo (FollowerInfo.java:lambda$new$0(50)) - omNode-3->omNode-2: nextIndex: updateUnconditionally 0 -> 0
2019-09-05 08:32:38,337 [grpc-default-executor-9] WARN  server.GrpcLogAppender (LogUtils.java:warn(134)) - omNode-3->omNode-1: Failed appendEntries: org.apache.ratis.thirdparty.io.grpc.StatusRuntimeException: UNAVAILABLE: io exception
2019-09-05 08:32:38,337 [grpc-default-executor-7] WARN  server.GrpcLogAppender (LogUtils.java:warn(134)) - omNode-3->omNode-2: Failed appendEntries: org.apache.ratis.thirdparty.io.grpc.StatusRuntimeException: UNAVAILABLE: io exception
2019-09-05 08:32:38,337 [grpc-default-executor-9] INFO  impl.FollowerInfo (FollowerInfo.java:lambda$new$0(50)) - omNode-3->omNode-1: nextIndex: updateUnconditionally 0 -> 0
2019-09-05 08:32:38,337 [grpc-default-executor-7] INFO  impl.FollowerInfo (FollowerInfo.java:lambda$new$0(50)) - omNode-3->omNode-2: nextIndex: updateUnconditionally 0 -> 0
2019-09-05 08:32:38,445 | INFO  | SCMAudit | user=jenkins1000 | ip=192.168.36.69 | op=SEND_HEARTBEAT {datanodeUUID=baa0ac9c-d259-45b0-b366-08e52759ad0f, command=[]} | ret=SUCCESS |  
2019-09-05 08:32:38,837 [grpc-default-executor-9] WARN  server.GrpcLogAppender (LogUtils.java:warn(134)) - omNode-3->omNode-2: Failed appendEntries: org.apache.ratis.thirdparty.io.grpc.StatusRuntimeException: UNAVAILABLE: io exception
2019-09-05 08:32:38,837 [grpc-default-executor-8] WARN  server.GrpcLogAppender (LogUtils.java:warn(134)) - omNode-3->omNode-1: Failed appendEntries: org.apache.ratis.thirdparty.io.grpc.StatusRuntimeException: UNAVAILABLE: io exception
2019-09-05 08:32:38,837 [grpc-default-executor-9] INFO  impl.FollowerInfo (FollowerInfo.java:lambda$new$0(50)) - omNode-3->omNode-2: nextIndex: updateUnconditionally 0 -> 0
2019-09-05 08:32:38,838 [grpc-default-executor-8] INFO  impl.FollowerInfo (FollowerInfo.java:lambda$new$0(50)) - omNode-3->omNode-1: nextIndex: updateUnconditionally 0 -> 0
2019-09-05 08:32:39,338 [grpc-default-executor-9] WARN  server.GrpcLogAppender (LogUtils.java:warn(134)) - omNode-3->omNode-1: Failed appendEntries: org.apache.ratis.thirdparty.io.grpc.StatusRuntimeException: UNAVAILABLE: io exception
2019-09-05 08:32:39,338 [grpc-default-executor-4] WARN  server.GrpcLogAppender (LogUtils.java:warn(134)) - omNode-3->omNode-2: Failed appendEntries: org.apache.ratis.thirdparty.io.grpc.StatusRuntimeException: UNAVAILABLE: io exception
2019-09-05 08:32:39,339 [grpc-default-executor-9] INFO  impl.FollowerInfo (FollowerInfo.java:lambda$new$0(50)) - omNode-3->omNode-1: nextIndex: updateUnconditionally 0 -> 0
2019-09-05 08:32:39,339 [grpc-default-executor-4] INFO  impl.FollowerInfo (FollowerInfo.java:lambda$new$0(50)) - omNode-3->omNode-2: nextIndex: updateUnconditionally 0 -> 0
2019-09-05 08:32:39,445 | INFO  | SCMAudit | user=jenkins1000 | ip=192.168.36.69 | op=SEND_HEARTBEAT {datanodeUUID=baa0ac9c-d259-45b0-b366-08e52759ad0f, command=[]} | ret=SUCCESS |  
2019-09-05 08:32:39,839 [grpc-default-executor-9] WARN  server.GrpcLogAppender (LogUtils.java:warn(134)) - omNode-3->omNode-2: Failed appendEntries: org.apache.ratis.thirdparty.io.grpc.StatusRuntimeException: UNAVAILABLE: io exception
2019-09-05 08:32:39,839 [grpc-default-executor-4] WARN  server.GrpcLogAppender (LogUtils.java:warn(134)) - omNode-3->omNode-1: Failed appendEntries: org.apache.ratis.thirdparty.io.grpc.StatusRuntimeException: UNAVAILABLE: io exception
2019-09-05 08:32:39,839 [grpc-default-executor-9] INFO  impl.FollowerInfo (FollowerInfo.java:lambda$new$0(50)) - omNode-3->omNode-2: nextIndex: updateUnconditionally 0 -> 0
2019-09-05 08:32:39,839 [grpc-default-executor-4] INFO  impl.FollowerInfo (FollowerInfo.java:lambda$new$0(50)) - omNode-3->omNode-1: nextIndex: updateUnconditionally 0 -> 0
2019-09-05 08:32:40,339 [grpc-default-executor-10] WARN  server.GrpcLogAppender (LogUtils.java:warn(134)) - omNode-3->omNode-2: Failed appendEntries: org.apache.ratis.thirdparty.io.grpc.StatusRuntimeException: UNAVAILABLE: io exception
2019-09-05 08:32:40,339 [grpc-default-executor-11] WARN  server.GrpcLogAppender (LogUtils.java:warn(134)) - omNode-3->omNode-1: Failed appendEntries: org.apache.ratis.thirdparty.io.grpc.StatusRuntimeException: UNAVAILABLE: io exception
2019-09-05 08:32:40,339 [grpc-default-executor-10] INFO  impl.FollowerInfo (FollowerInfo.java:lambda$new$0(50)) - omNode-3->omNode-2: nextIndex: updateUnconditionally 0 -> 0
2019-09-05 08:32:40,340 [grpc-default-executor-11] INFO  impl.FollowerInfo (FollowerInfo.java:lambda$new$0(50)) - omNode-3->omNode-1: nextIndex: updateUnconditionally 0 -> 0
2019-09-05 08:32:40,446 | INFO  | SCMAudit | user=jenkins1000 | ip=192.168.36.69 | op=SEND_HEARTBEAT {datanodeUUID=baa0ac9c-d259-45b0-b366-08e52759ad0f, command=[]} | ret=SUCCESS |  
2019-09-05 08:32:40,840 [grpc-default-executor-11] WARN  server.GrpcLogAppender (LogUtils.java:warn(134)) - omNode-3->omNode-1: Failed appendEntries: org.apache.ratis.thirdparty.io.grpc.StatusRuntimeException: UNAVAILABLE: io exception
2019-09-05 08:32:40,840 [grpc-default-executor-7] WARN  server.GrpcLogAppender (LogUtils.java:warn(134)) - omNode-3->omNode-2: Failed appendEntries: org.apache.ratis.thirdparty.io.grpc.StatusRuntimeException: UNAVAILABLE: io exception
2019-09-05 08:32:40,840 [grpc-default-executor-11] INFO  impl.FollowerInfo (FollowerInfo.java:lambda$new$0(50)) - omNode-3->omNode-1: nextIndex: updateUnconditionally 0 -> 0
2019-09-05 08:32:40,841 [grpc-default-executor-7] INFO  impl.FollowerInfo (FollowerInfo.java:lambda$new$0(50)) - omNode-3->omNode-2: nextIndex: updateUnconditionally 0 -> 0
2019-09-05 08:32:41,341 [grpc-default-executor-11] WARN  server.GrpcLogAppender (LogUtils.java:warn(134)) - omNode-3->omNode-1: Failed appendEntries: org.apache.ratis.thirdparty.io.grpc.StatusRuntimeException: UNAVAILABLE: io exception
2019-09-05 08:32:41,341 [grpc-default-executor-7] WARN  server.GrpcLogAppender (LogUtils.java:warn(134)) - omNode-3->omNode-2: Failed appendEntries: org.apache.ratis.thirdparty.io.grpc.StatusRuntimeException: UNAVAILABLE: io exception
2019-09-05 08:32:41,341 [grpc-default-executor-11] INFO  impl.FollowerInfo (FollowerInfo.java:lambda$new$0(50)) - omNode-3->omNode-1: nextIndex: updateUnconditionally 0 -> 0
2019-09-05 08:32:41,342 [grpc-default-executor-7] INFO  impl.FollowerInfo (FollowerInfo.java:lambda$new$0(50)) - omNode-3->omNode-2: nextIndex: updateUnconditionally 0 -> 0
2019-09-05 08:32:41,446 | INFO  | SCMAudit | user=jenkins1000 | ip=192.168.36.69 | op=SEND_HEARTBEAT {datanodeUUID=baa0ac9c-d259-45b0-b366-08e52759ad0f, command=[]} | ret=SUCCESS |  
2019-09-05 08:32:41,841 [grpc-default-executor-11] WARN  server.GrpcLogAppender (LogUtils.java:warn(134)) - omNode-3->omNode-2: Failed appendEntries: org.apache.ratis.thirdparty.io.grpc.StatusRuntimeException: UNAVAILABLE: io exception
2019-09-05 08:32:41,841 [grpc-default-executor-4] WARN  server.GrpcLogAppender (LogUtils.java:warn(134)) - omNode-3->omNode-1: Failed appendEntries: org.apache.ratis.thirdparty.io.grpc.StatusRuntimeException: UNAVAILABLE: io exception
2019-09-05 08:32:41,841 [grpc-default-executor-11] INFO  impl.FollowerInfo (FollowerInfo.java:lambda$new$0(50)) - omNode-3->omNode-2: nextIndex: updateUnconditionally 0 -> 0
2019-09-05 08:32:41,841 [grpc-default-executor-4] INFO  impl.FollowerInfo (FollowerInfo.java:lambda$new$0(50)) - omNode-3->omNode-1: nextIndex: updateUnconditionally 0 -> 0
2019-09-05 08:32:42,342 [grpc-default-executor-8] WARN  server.GrpcLogAppender (LogUtils.java:warn(134)) - omNode-3->omNode-1: Failed appendEntries: org.apache.ratis.thirdparty.io.grpc.StatusRuntimeException: UNAVAILABLE: io exception
2019-09-05 08:32:42,342 [grpc-default-executor-9] WARN  server.GrpcLogAppender (LogUtils.java:warn(134)) - omNode-3->omNode-2: Failed appendEntries: org.apache.ratis.thirdparty.io.grpc.StatusRuntimeException: UNAVAILABLE: io exception
2019-09-05 08:32:42,342 [grpc-default-executor-8] INFO  impl.FollowerInfo (FollowerInfo.java:lambda$new$0(50)) - omNode-3->omNode-1: nextIndex: updateUnconditionally 0 -> 0
2019-09-05 08:32:42,342 [grpc-default-executor-9] INFO  impl.FollowerInfo (FollowerInfo.java:lambda$new$0(50)) - omNode-3->omNode-2: nextIndex: updateUnconditionally 0 -> 0
2019-09-05 08:32:42,447 | INFO  | SCMAudit | user=jenkins1000 | ip=192.168.36.69 | op=SEND_HEARTBEAT {datanodeUUID=baa0ac9c-d259-45b0-b366-08e52759ad0f, command=[]} | ret=SUCCESS |  
2019-09-05 08:32:42,842 [grpc-default-executor-7] WARN  server.GrpcLogAppender (LogUtils.java:warn(134)) - omNode-3->omNode-2: Failed appendEntries: org.apache.ratis.thirdparty.io.grpc.StatusRuntimeException: UNAVAILABLE: io exception
2019-09-05 08:32:42,842 [grpc-default-executor-10] WARN  server.GrpcLogAppender (LogUtils.java:warn(134)) - omNode-3->omNode-1: Failed appendEntries: org.apache.ratis.thirdparty.io.grpc.StatusRuntimeException: UNAVAILABLE: io exception
2019-09-05 08:32:42,843 [grpc-default-executor-7] INFO  impl.FollowerInfo (FollowerInfo.java:lambda$new$0(50)) - omNode-3->omNode-2: nextIndex: updateUnconditionally 0 -> 0
2019-09-05 08:32:42,843 [grpc-default-executor-10] INFO  impl.FollowerInfo (FollowerInfo.java:lambda$new$0(50)) - omNode-3->omNode-1: nextIndex: updateUnconditionally 0 -> 0
2019-09-05 08:32:43,343 [grpc-default-executor-10] WARN  server.GrpcLogAppender (LogUtils.java:warn(134)) - omNode-3->omNode-1: Failed appendEntries: org.apache.ratis.thirdparty.io.grpc.StatusRuntimeException: UNAVAILABLE: io exception
2019-09-05 08:32:43,343 [grpc-default-executor-8] WARN  server.GrpcLogAppender (LogUtils.java:warn(134)) - omNode-3->omNode-2: Failed appendEntries: org.apache.ratis.thirdparty.io.grpc.StatusRuntimeException: UNAVAILABLE: io exception
2019-09-05 08:32:43,343 [grpc-default-executor-10] INFO  impl.FollowerInfo (FollowerInfo.java:lambda$new$0(50)) - omNode-3->omNode-1: nextIndex: updateUnconditionally 0 -> 0
2019-09-05 08:32:43,344 [grpc-default-executor-8] INFO  impl.FollowerInfo (FollowerInfo.java:lambda$new$0(50)) - omNode-3->omNode-2: nextIndex: updateUnconditionally 0 -> 0
2019-09-05 08:32:43,447 | INFO  | SCMAudit | user=jenkins1000 | ip=192.168.36.69 | op=SEND_HEARTBEAT {datanodeUUID=baa0ac9c-d259-45b0-b366-08e52759ad0f, command=[]} | ret=SUCCESS |  
2019-09-05 08:32:43,843 [grpc-default-executor-10] WARN  server.GrpcLogAppender (LogUtils.java:warn(134)) - omNode-3->omNode-2: Failed appendEntries: org.apache.ratis.thirdparty.io.grpc.StatusRuntimeException: UNAVAILABLE: io exception
2019-09-05 08:32:43,843 [grpc-default-executor-4] WARN  server.GrpcLogAppender (LogUtils.java:warn(134)) - omNode-3->omNode-1: Failed appendEntries: org.apache.ratis.thirdparty.io.grpc.StatusRuntimeException: UNAVAILABLE: io exception
2019-09-05 08:32:43,844 [grpc-default-executor-10] INFO  impl.FollowerInfo (FollowerInfo.java:lambda$new$0(50)) - omNode-3->omNode-2: nextIndex: updateUnconditionally 0 -> 0
2019-09-05 08:32:43,844 [grpc-default-executor-4] INFO  impl.FollowerInfo (FollowerInfo.java:lambda$new$0(50)) - omNode-3->omNode-1: nextIndex: updateUnconditionally 0 -> 0
2019-09-05 08:32:44,344 [grpc-default-executor-9] WARN  server.GrpcLogAppender (LogUtils.java:warn(134)) - omNode-3->omNode-2: Failed appendEntries: org.apache.ratis.thirdparty.io.grpc.StatusRuntimeException: UNAVAILABLE: io exception
2019-09-05 08:32:44,344 [grpc-default-executor-7] WARN  server.GrpcLogAppender (LogUtils.java:warn(134)) - omNode-3->omNode-1: Failed appendEntries: org.apache.ratis.thirdparty.io.grpc.StatusRuntimeException: UNAVAILABLE: io exception
2019-09-05 08:32:44,344 [grpc-default-executor-9] INFO  impl.FollowerInfo (FollowerInfo.java:lambda$new$0(50)) - omNode-3->omNode-2: nextIndex: updateUnconditionally 0 -> 0
2019-09-05 08:32:44,345 [grpc-default-executor-7] INFO  impl.FollowerInfo (FollowerInfo.java:lambda$new$0(50)) - omNode-3->omNode-1: nextIndex: updateUnconditionally 0 -> 0
2019-09-05 08:32:44,447 | INFO  | SCMAudit | user=jenkins1000 | ip=192.168.36.69 | op=SEND_HEARTBEAT {datanodeUUID=baa0ac9c-d259-45b0-b366-08e52759ad0f, command=[]} | ret=SUCCESS |  
2019-09-05 08:32:44,845 [grpc-default-executor-7] WARN  server.GrpcLogAppender (LogUtils.java:warn(134)) - omNode-3->omNode-1: Failed appendEntries: org.apache.ratis.thirdparty.io.grpc.StatusRuntimeException: UNAVAILABLE: io exception
2019-09-05 08:32:44,845 [grpc-default-executor-7] INFO  impl.FollowerInfo (FollowerInfo.java:lambda$new$0(50)) - omNode-3->omNode-1: nextIndex: updateUnconditionally 0 -> 0
2019-09-05 08:32:44,848 [grpc-default-executor-4] WARN  server.GrpcLogAppender (LogUtils.java:warn(134)) - omNode-3->omNode-2: Failed appendEntries: org.apache.ratis.thirdparty.io.grpc.StatusRuntimeException: UNAVAILABLE: io exception
2019-09-05 08:32:44,848 [grpc-default-executor-4] INFO  impl.FollowerInfo (FollowerInfo.java:lambda$new$0(50)) - omNode-3->omNode-2: nextIndex: updateUnconditionally 0 -> 0
2019-09-05 08:32:45,345 [grpc-default-executor-7] WARN  server.GrpcLogAppender (LogUtils.java:warn(134)) - omNode-3->omNode-1: Failed appendEntries: org.apache.ratis.thirdparty.io.grpc.StatusRuntimeException: UNAVAILABLE: io exception
2019-09-05 08:32:45,346 [grpc-default-executor-7] INFO  impl.FollowerInfo (FollowerInfo.java:lambda$new$0(50)) - omNode-3->omNode-1: nextIndex: updateUnconditionally 0 -> 0
2019-09-05 08:32:45,348 [grpc-default-executor-9] WARN  server.GrpcLogAppender (LogUtils.java:warn(134)) - omNode-3->omNode-2: Failed appendEntries: org.apache.ratis.thirdparty.io.grpc.StatusRuntimeException: UNAVAILABLE: io exception
2019-09-05 08:32:45,349 [grpc-default-executor-9] INFO  impl.FollowerInfo (FollowerInfo.java:lambda$new$0(50)) - omNode-3->omNode-2: nextIndex: updateUnconditionally 0 -> 0
2019-09-05 08:32:45,447 | INFO  | SCMAudit | user=jenkins1000 | ip=192.168.36.69 | op=SEND_HEARTBEAT {datanodeUUID=baa0ac9c-d259-45b0-b366-08e52759ad0f, command=[]} | ret=SUCCESS |  
2019-09-05 08:32:45,846 [grpc-default-executor-4] WARN  server.GrpcLogAppender (LogUtils.java:warn(134)) - omNode-3->omNode-1: Failed appendEntries: org.apache.ratis.thirdparty.io.grpc.StatusRuntimeException: UNAVAILABLE: io exception
2019-09-05 08:32:45,846 [grpc-default-executor-4] INFO  impl.FollowerInfo (FollowerInfo.java:lambda$new$0(50)) - omNode-3->omNode-1: nextIndex: updateUnconditionally 0 -> 0
2019-09-05 08:32:45,849 [grpc-default-executor-7] WARN  server.GrpcLogAppender (LogUtils.java:warn(134)) - omNode-3->omNode-2: Failed appendEntries: org.apache.ratis.thirdparty.io.grpc.StatusRuntimeException: UNAVAILABLE: io exception
2019-09-05 08:32:45,849 [grpc-default-executor-7] INFO  impl.FollowerInfo (FollowerInfo.java:lambda$new$0(50)) - omNode-3->omNode-2: nextIndex: updateUnconditionally 0 -> 0
2019-09-05 08:32:46,347 [grpc-default-executor-9] WARN  server.GrpcLogAppender (LogUtils.java:warn(134)) - omNode-3->omNode-1: Failed appendEntries: org.apache.ratis.thirdparty.io.grpc.StatusRuntimeException: UNAVAILABLE: io exception
2019-09-05 08:32:46,347 [grpc-default-executor-9] INFO  impl.FollowerInfo (FollowerInfo.java:lambda$new$0(50)) - omNode-3->omNode-1: nextIndex: updateUnconditionally 0 -> 0
2019-09-05 08:32:46,349 [grpc-default-executor-7] WARN  server.GrpcLogAppender (LogUtils.java:warn(134)) - omNode-3->omNode-2: Failed appendEntries: org.apache.ratis.thirdparty.io.grpc.StatusRuntimeException: UNAVAILABLE: io exception
2019-09-05 08:32:46,349 [grpc-default-executor-7] INFO  impl.FollowerInfo (FollowerInfo.java:lambda$new$0(50)) - omNode-3->omNode-2: nextIndex: updateUnconditionally 0 -> 0
2019-09-05 08:32:46,447 | INFO  | SCMAudit | user=jenkins1000 | ip=192.168.36.69 | op=SEND_HEARTBEAT {datanodeUUID=baa0ac9c-d259-45b0-b366-08e52759ad0f, command=[]} | ret=SUCCESS |  
2019-09-05 08:32:46,847 [grpc-default-executor-9] WARN  server.GrpcLogAppender (LogUtils.java:warn(134)) - omNode-3->omNode-1: Failed appendEntries: org.apache.ratis.thirdparty.io.grpc.StatusRuntimeException: UNAVAILABLE: io exception
2019-09-05 08:32:46,848 [grpc-default-executor-9] INFO  impl.FollowerInfo (FollowerInfo.java:lambda$new$0(50)) - omNode-3->omNode-1: nextIndex: updateUnconditionally 0 -> 0
2019-09-05 08:32:46,850 [grpc-default-executor-4] WARN  server.GrpcLogAppender (LogUtils.java:warn(134)) - omNode-3->omNode-2: Failed appendEntries: org.apache.ratis.thirdparty.io.grpc.StatusRuntimeException: UNAVAILABLE: io exception
2019-09-05 08:32:46,850 [grpc-default-executor-4] INFO  impl.FollowerInfo (FollowerInfo.java:lambda$new$0(50)) - omNode-3->omNode-2: nextIndex: updateUnconditionally 0 -> 0
2019-09-05 08:32:47,348 [grpc-default-executor-4] WARN  server.GrpcLogAppender (LogUtils.java:warn(134)) - omNode-3->omNode-1: Failed appendEntries: org.apache.ratis.thirdparty.io.grpc.StatusRuntimeException: UNAVAILABLE: io exception
2019-09-05 08:32:47,348 [grpc-default-executor-4] INFO  impl.FollowerInfo (FollowerInfo.java:lambda$new$0(50)) - omNode-3->omNode-1: nextIndex: updateUnconditionally 0 -> 0
2019-09-05 08:32:47,350 [grpc-default-executor-7] WARN  server.GrpcLogAppender (LogUtils.java:warn(134)) - omNode-3->omNode-2: Failed appendEntries: org.apache.ratis.thirdparty.io.grpc.StatusRuntimeException: UNAVAILABLE: io exception
2019-09-05 08:32:47,350 [grpc-default-executor-7] INFO  impl.FollowerInfo (FollowerInfo.java:lambda$new$0(50)) - omNode-3->omNode-2: nextIndex: updateUnconditionally 0 -> 0
2019-09-05 08:32:47,446 | INFO  | SCMAudit | user=jenkins1000 | ip=192.168.36.69 | op=SEND_HEARTBEAT {datanodeUUID=baa0ac9c-d259-45b0-b366-08e52759ad0f, command=[]} | ret=SUCCESS |  
2019-09-05 08:32:47,848 [grpc-default-executor-4] WARN  server.GrpcLogAppender (LogUtils.java:warn(134)) - omNode-3->omNode-1: Failed appendEntries: org.apache.ratis.thirdparty.io.grpc.StatusRuntimeException: UNAVAILABLE: io exception
2019-09-05 08:32:47,848 [grpc-default-executor-4] INFO  impl.FollowerInfo (FollowerInfo.java:lambda$new$0(50)) - omNode-3->omNode-1: nextIndex: updateUnconditionally 0 -> 0
2019-09-05 08:32:47,850 [grpc-default-executor-4] WARN  server.GrpcLogAppender (LogUtils.java:warn(134)) - omNode-3->omNode-2: Failed appendEntries: org.apache.ratis.thirdparty.io.grpc.StatusRuntimeException: UNAVAILABLE: io exception
2019-09-05 08:32:47,850 [grpc-default-executor-4] INFO  impl.FollowerInfo (FollowerInfo.java:lambda$new$0(50)) - omNode-3->omNode-2: nextIndex: updateUnconditionally 0 -> 0
2019-09-05 08:32:48,349 [grpc-default-executor-4] WARN  server.GrpcLogAppender (LogUtils.java:warn(134)) - omNode-3->omNode-1: Failed appendEntries: org.apache.ratis.thirdparty.io.grpc.StatusRuntimeException: UNAVAILABLE: io exception
2019-09-05 08:32:48,349 [grpc-default-executor-4] INFO  impl.FollowerInfo (FollowerInfo.java:lambda$new$0(50)) - omNode-3->omNode-1: nextIndex: updateUnconditionally 0 -> 0
2019-09-05 08:32:48,350 [grpc-default-executor-9] WARN  server.GrpcLogAppender (LogUtils.java:warn(134)) - omNode-3->omNode-2: Failed appendEntries: org.apache.ratis.thirdparty.io.grpc.StatusRuntimeException: UNAVAILABLE: io exception
2019-09-05 08:32:48,350 [grpc-default-executor-9] INFO  impl.FollowerInfo (FollowerInfo.java:lambda$new$0(50)) - omNode-3->omNode-2: nextIndex: updateUnconditionally 0 -> 0
2019-09-05 08:32:48,447 | INFO  | SCMAudit | user=jenkins1000 | ip=192.168.36.69 | op=SEND_HEARTBEAT {datanodeUUID=baa0ac9c-d259-45b0-b366-08e52759ad0f, command=[]} | ret=SUCCESS |  
2019-09-05 08:32:48,849 [grpc-default-executor-9] WARN  server.GrpcLogAppender (LogUtils.java:warn(134)) - omNode-3->omNode-1: Failed appendEntries: org.apache.ratis.thirdparty.io.grpc.StatusRuntimeException: UNAVAILABLE: io exception
2019-09-05 08:32:48,850 [grpc-default-executor-9] INFO  impl.FollowerInfo (FollowerInfo.java:lambda$new$0(50)) - omNode-3->omNode-1: nextIndex: updateUnconditionally 0 -> 0
2019-09-05 08:32:48,851 [grpc-default-executor-7] WARN  server.GrpcLogAppender (LogUtils.java:warn(134)) - omNode-3->omNode-2: Failed appendEntries: org.apache.ratis.thirdparty.io.grpc.StatusRuntimeException: UNAVAILABLE: io exception
2019-09-05 08:32:48,851 [grpc-default-executor-7] INFO  impl.FollowerInfo (FollowerInfo.java:lambda$new$0(50)) - omNode-3->omNode-2: nextIndex: updateUnconditionally 0 -> 0
2019-09-05 08:32:49,350 [grpc-default-executor-10] WARN  server.GrpcLogAppender (LogUtils.java:warn(134)) - omNode-3->omNode-1: Failed appendEntries: org.apache.ratis.thirdparty.io.grpc.StatusRuntimeException: UNAVAILABLE: io exception
2019-09-05 08:32:49,351 [grpc-default-executor-10] INFO  impl.FollowerInfo (FollowerInfo.java:lambda$new$0(50)) - omNode-3->omNode-1: nextIndex: updateUnconditionally 0 -> 0
2019-09-05 08:32:49,351 [grpc-default-executor-7] WARN  server.GrpcLogAppender (LogUtils.java:warn(134)) - omNode-3->omNode-2: Failed appendEntries: org.apache.ratis.thirdparty.io.grpc.StatusRuntimeException: UNAVAILABLE: io exception
2019-09-05 08:32:49,351 [grpc-default-executor-7] INFO  impl.FollowerInfo (FollowerInfo.java:lambda$new$0(50)) - omNode-3->omNode-2: nextIndex: updateUnconditionally 0 -> 0
2019-09-05 08:32:49,447 | INFO  | SCMAudit | user=jenkins1000 | ip=192.168.36.69 | op=SEND_HEARTBEAT {datanodeUUID=baa0ac9c-d259-45b0-b366-08e52759ad0f, command=[]} | ret=SUCCESS |  
2019-09-05 08:32:49,851 [grpc-default-executor-4] WARN  server.GrpcLogAppender (LogUtils.java:warn(134)) - omNode-3->omNode-1: Failed appendEntries: org.apache.ratis.thirdparty.io.grpc.StatusRuntimeException: UNAVAILABLE: io exception
2019-09-05 08:32:49,851 [grpc-default-executor-10] WARN  server.GrpcLogAppender (LogUtils.java:warn(134)) - omNode-3->omNode-2: Failed appendEntries: org.apache.ratis.thirdparty.io.grpc.StatusRuntimeException: UNAVAILABLE: io exception
2019-09-05 08:32:49,851 [grpc-default-executor-4] INFO  impl.FollowerInfo (FollowerInfo.java:lambda$new$0(50)) - omNode-3->omNode-1: nextIndex: updateUnconditionally 0 -> 0
2019-09-05 08:32:49,851 [grpc-default-executor-10] INFO  impl.FollowerInfo (FollowerInfo.java:lambda$new$0(50)) - omNode-3->omNode-2: nextIndex: updateUnconditionally 0 -> 0
2019-09-05 08:32:50,351 [grpc-default-executor-10] WARN  server.GrpcLogAppender (LogUtils.java:warn(134)) - omNode-3->omNode-1: Failed appendEntries: org.apache.ratis.thirdparty.io.grpc.StatusRuntimeException: UNAVAILABLE: io exception
2019-09-05 08:32:50,352 [grpc-default-executor-9] WARN  server.GrpcLogAppender (LogUtils.java:warn(134)) - omNode-3->omNode-2: Failed appendEntries: org.apache.ratis.thirdparty.io.grpc.StatusRuntimeException: UNAVAILABLE: io exception
2019-09-05 08:32:50,352 [grpc-default-executor-10] INFO  impl.FollowerInfo (FollowerInfo.java:lambda$new$0(50)) - omNode-3->omNode-1: nextIndex: updateUnconditionally 0 -> 0
2019-09-05 08:32:50,352 [grpc-default-executor-9] INFO  impl.FollowerInfo (FollowerInfo.java:lambda$new$0(50)) - omNode-3->omNode-2: nextIndex: updateUnconditionally 0 -> 0
2019-09-05 08:32:50,447 | INFO  | SCMAudit | user=jenkins1000 | ip=192.168.36.69 | op=SEND_HEARTBEAT {datanodeUUID=baa0ac9c-d259-45b0-b366-08e52759ad0f, command=[]} | ret=SUCCESS |  
2019-09-05 08:32:50,852 [grpc-default-executor-8] WARN  server.GrpcLogAppender (LogUtils.java:warn(134)) - omNode-3->omNode-1: Failed appendEntries: org.apache.ratis.thirdparty.io.grpc.StatusRuntimeException: UNAVAILABLE: io exception
2019-09-05 08:32:50,852 [grpc-default-executor-10] WARN  server.GrpcLogAppender (LogUtils.java:warn(134)) - omNode-3->omNode-2: Failed appendEntries: org.apache.ratis.thirdparty.io.grpc.StatusRuntimeException: UNAVAILABLE: io exception
2019-09-05 08:32:50,852 [grpc-default-executor-8] INFO  impl.FollowerInfo (FollowerInfo.java:lambda$new$0(50)) - omNode-3->omNode-1: nextIndex: updateUnconditionally 0 -> 0
2019-09-05 08:32:50,853 [grpc-default-executor-10] INFO  impl.FollowerInfo (FollowerInfo.java:lambda$new$0(50)) - omNode-3->omNode-2: nextIndex: updateUnconditionally 0 -> 0
2019-09-05 08:32:51,353 [grpc-default-executor-8] WARN  server.GrpcLogAppender (LogUtils.java:warn(134)) - omNode-3->omNode-2: Failed appendEntries: org.apache.ratis.thirdparty.io.grpc.StatusRuntimeException: UNAVAILABLE: io exception
2019-09-05 08:32:51,353 [grpc-default-executor-9] WARN  server.GrpcLogAppender (LogUtils.java:warn(134)) - omNode-3->omNode-1: Failed appendEntries: org.apache.ratis.thirdparty.io.grpc.StatusRuntimeException: UNAVAILABLE: io exception
2019-09-05 08:32:51,353 [grpc-default-executor-8] INFO  impl.FollowerInfo (FollowerInfo.java:lambda$new$0(50)) - omNode-3->omNode-2: nextIndex: updateUnconditionally 0 -> 0
2019-09-05 08:32:51,353 [grpc-default-executor-9] INFO  impl.FollowerInfo (FollowerInfo.java:lambda$new$0(50)) - omNode-3->omNode-1: nextIndex: updateUnconditionally 0 -> 0
2019-09-05 08:32:51,447 | INFO  | SCMAudit | user=jenkins1000 | ip=192.168.36.69 | op=SEND_HEARTBEAT {datanodeUUID=baa0ac9c-d259-45b0-b366-08e52759ad0f, command=[]} | ret=SUCCESS |  
2019-09-05 08:32:51,853 [grpc-default-executor-10] WARN  server.GrpcLogAppender (LogUtils.java:warn(134)) - omNode-3->omNode-2: Failed appendEntries: org.apache.ratis.thirdparty.io.grpc.StatusRuntimeException: UNAVAILABLE: io exception
2019-09-05 08:32:51,853 [grpc-default-executor-4] WARN  server.GrpcLogAppender (LogUtils.java:warn(134)) - omNode-3->omNode-1: Failed appendEntries: org.apache.ratis.thirdparty.io.grpc.StatusRuntimeException: UNAVAILABLE: io exception
2019-09-05 08:32:51,853 [grpc-default-executor-10] INFO  impl.FollowerInfo (FollowerInfo.java:lambda$new$0(50)) - omNode-3->omNode-2: nextIndex: updateUnconditionally 0 -> 0
2019-09-05 08:32:51,854 [grpc-default-executor-4] INFO  impl.FollowerInfo (FollowerInfo.java:lambda$new$0(50)) - omNode-3->omNode-1: nextIndex: updateUnconditionally 0 -> 0
2019-09-05 08:32:52,354 [grpc-default-executor-7] WARN  server.GrpcLogAppender (LogUtils.java:warn(134)) - omNode-3->omNode-2: Failed appendEntries: org.apache.ratis.thirdparty.io.grpc.StatusRuntimeException: UNAVAILABLE: io exception
2019-09-05 08:32:52,354 [grpc-default-executor-11] WARN  server.GrpcLogAppender (LogUtils.java:warn(134)) - omNode-3->omNode-1: Failed appendEntries: org.apache.ratis.thirdparty.io.grpc.StatusRuntimeException: UNAVAILABLE: io exception
2019-09-05 08:32:52,354 [grpc-default-executor-7] INFO  impl.FollowerInfo (FollowerInfo.java:lambda$new$0(50)) - omNode-3->omNode-2: nextIndex: updateUnconditionally 0 -> 0
2019-09-05 08:32:52,355 [grpc-default-executor-11] INFO  impl.FollowerInfo (FollowerInfo.java:lambda$new$0(50)) - omNode-3->omNode-1: nextIndex: updateUnconditionally 0 -> 0
2019-09-05 08:32:52,447 | INFO  | SCMAudit | user=jenkins1000 | ip=192.168.36.69 | op=SEND_HEARTBEAT {datanodeUUID=baa0ac9c-d259-45b0-b366-08e52759ad0f, command=[]} | ret=SUCCESS |  
2019-09-05 08:32:52,854 [grpc-default-executor-9] WARN  server.GrpcLogAppender (LogUtils.java:warn(134)) - omNode-3->omNode-2: Failed appendEntries: org.apache.ratis.thirdparty.io.grpc.StatusRuntimeException: UNAVAILABLE: io exception
2019-09-05 08:32:52,854 [grpc-default-executor-8] WARN  server.GrpcLogAppender (LogUtils.java:warn(134)) - omNode-3->omNode-1: Failed appendEntries: org.apache.ratis.thirdparty.io.grpc.StatusRuntimeException: UNAVAILABLE: io exception
2019-09-05 08:32:52,854 [grpc-default-executor-9] INFO  impl.FollowerInfo (FollowerInfo.java:lambda$new$0(50)) - omNode-3->omNode-2: nextIndex: updateUnconditionally 0 -> 0
2019-09-05 08:32:52,855 [grpc-default-executor-8] INFO  impl.FollowerInfo (FollowerInfo.java:lambda$new$0(50)) - omNode-3->omNode-1: nextIndex: updateUnconditionally 0 -> 0
2019-09-05 08:32:53,355 [grpc-default-executor-10] WARN  server.GrpcLogAppender (LogUtils.java:warn(134)) - omNode-3->omNode-2: Failed appendEntries: org.apache.ratis.thirdparty.io.grpc.StatusRuntimeException: UNAVAILABLE: io exception
2019-09-05 08:32:53,355 [grpc-default-executor-4] WARN  server.GrpcLogAppender (LogUtils.java:warn(134)) - omNode-3->omNode-1: Failed appendEntries: org.apache.ratis.thirdparty.io.grpc.StatusRuntimeException: UNAVAILABLE: io exception
2019-09-05 08:32:53,355 [grpc-default-executor-10] INFO  impl.FollowerInfo (FollowerInfo.java:lambda$new$0(50)) - omNode-3->omNode-2: nextIndex: updateUnconditionally 0 -> 0
2019-09-05 08:32:53,355 [grpc-default-executor-4] INFO  impl.FollowerInfo (FollowerInfo.java:lambda$new$0(50)) - omNode-3->omNode-1: nextIndex: updateUnconditionally 0 -> 0
2019-09-05 08:32:53,446 | INFO  | SCMAudit | user=jenkins1000 | ip=192.168.36.69 | op=SEND_HEARTBEAT {datanodeUUID=baa0ac9c-d259-45b0-b366-08e52759ad0f, command=[]} | ret=SUCCESS |  
2019-09-05 08:32:53,855 [grpc-default-executor-10] WARN  server.GrpcLogAppender (LogUtils.java:warn(134)) - omNode-3->omNode-2: Failed appendEntries: org.apache.ratis.thirdparty.io.grpc.StatusRuntimeException: UNAVAILABLE: io exception
2019-09-05 08:32:53,855 [grpc-default-executor-11] WARN  server.GrpcLogAppender (LogUtils.java:warn(134)) - omNode-3->omNode-1: Failed appendEntries: org.apache.ratis.thirdparty.io.grpc.StatusRuntimeException: UNAVAILABLE: io exception
2019-09-05 08:32:53,855 [grpc-default-executor-10] INFO  impl.FollowerInfo (FollowerInfo.java:lambda$new$0(50)) - omNode-3->omNode-2: nextIndex: updateUnconditionally 0 -> 0
2019-09-05 08:32:53,855 [grpc-default-executor-11] INFO  impl.FollowerInfo (FollowerInfo.java:lambda$new$0(50)) - omNode-3->omNode-1: nextIndex: updateUnconditionally 0 -> 0
2019-09-05 08:32:54,356 [grpc-default-executor-8] WARN  server.GrpcLogAppender (LogUtils.java:warn(134)) - omNode-3->omNode-2: Failed appendEntries: org.apache.ratis.thirdparty.io.grpc.StatusRuntimeException: UNAVAILABLE: io exception
2019-09-05 08:32:54,356 [grpc-default-executor-7] WARN  server.GrpcLogAppender (LogUtils.java:warn(134)) - omNode-3->omNode-1: Failed appendEntries: org.apache.ratis.thirdparty.io.grpc.StatusRuntimeException: UNAVAILABLE: io exception
2019-09-05 08:32:54,357 [grpc-default-executor-8] INFO  impl.FollowerInfo (FollowerInfo.java:lambda$new$0(50)) - omNode-3->omNode-2: nextIndex: updateUnconditionally 0 -> 0
2019-09-05 08:32:54,357 [grpc-default-executor-7] INFO  impl.FollowerInfo (FollowerInfo.java:lambda$new$0(50)) - omNode-3->omNode-1: nextIndex: updateUnconditionally 0 -> 0
2019-09-05 08:32:54,447 | INFO  | SCMAudit | user=jenkins1000 | ip=192.168.36.69 | op=SEND_HEARTBEAT {datanodeUUID=baa0ac9c-d259-45b0-b366-08e52759ad0f, command=[]} | ret=SUCCESS |  
2019-09-05 08:32:54,856 [grpc-default-executor-11] WARN  server.GrpcLogAppender (LogUtils.java:warn(134)) - omNode-3->omNode-1: Failed appendEntries: org.apache.ratis.thirdparty.io.grpc.StatusRuntimeException: UNAVAILABLE: io exception
2019-09-05 08:32:54,856 [grpc-default-executor-10] WARN  server.GrpcLogAppender (LogUtils.java:warn(134)) - omNode-3->omNode-2: Failed appendEntries: org.apache.ratis.thirdparty.io.grpc.StatusRuntimeException: UNAVAILABLE: io exception
2019-09-05 08:32:54,857 [grpc-default-executor-11] INFO  impl.FollowerInfo (FollowerInfo.java:lambda$new$0(50)) - omNode-3->omNode-1: nextIndex: updateUnconditionally 0 -> 0
2019-09-05 08:32:54,857 [grpc-default-executor-10] INFO  impl.FollowerInfo (FollowerInfo.java:lambda$new$0(50)) - omNode-3->omNode-2: nextIndex: updateUnconditionally 0 -> 0
2019-09-05 08:32:55,357 [grpc-default-executor-7] WARN  server.GrpcLogAppender (LogUtils.java:warn(134)) - omNode-3->omNode-1: Failed appendEntries: org.apache.ratis.thirdparty.io.grpc.StatusRuntimeException: UNAVAILABLE: io exception
2019-09-05 08:32:55,357 [grpc-default-executor-9] WARN  server.GrpcLogAppender (LogUtils.java:warn(134)) - omNode-3->omNode-2: Failed appendEntries: org.apache.ratis.thirdparty.io.grpc.StatusRuntimeException: UNAVAILABLE: io exception
2019-09-05 08:32:55,357 [grpc-default-executor-7] INFO  impl.FollowerInfo (FollowerInfo.java:lambda$new$0(50)) - omNode-3->omNode-1: nextIndex: updateUnconditionally 0 -> 0
2019-09-05 08:32:55,357 [grpc-default-executor-9] INFO  impl.FollowerInfo (FollowerInfo.java:lambda$new$0(50)) - omNode-3->omNode-2: nextIndex: updateUnconditionally 0 -> 0
2019-09-05 08:32:55,447 | INFO  | SCMAudit | user=jenkins1000 | ip=192.168.36.69 | op=SEND_HEARTBEAT {datanodeUUID=baa0ac9c-d259-45b0-b366-08e52759ad0f, command=[]} | ret=SUCCESS |  
2019-09-05 08:32:55,857 [grpc-default-executor-8] WARN  server.GrpcLogAppender (LogUtils.java:warn(134)) - omNode-3->omNode-1: Failed appendEntries: org.apache.ratis.thirdparty.io.grpc.StatusRuntimeException: UNAVAILABLE: io exception
2019-09-05 08:32:55,857 [grpc-default-executor-4] WARN  server.GrpcLogAppender (LogUtils.java:warn(134)) - omNode-3->omNode-2: Failed appendEntries: org.apache.ratis.thirdparty.io.grpc.StatusRuntimeException: UNAVAILABLE: io exception
2019-09-05 08:32:55,858 [grpc-default-executor-8] INFO  impl.FollowerInfo (FollowerInfo.java:lambda$new$0(50)) - omNode-3->omNode-1: nextIndex: updateUnconditionally 0 -> 0
2019-09-05 08:32:55,858 [grpc-default-executor-4] INFO  impl.FollowerInfo (FollowerInfo.java:lambda$new$0(50)) - omNode-3->omNode-2: nextIndex: updateUnconditionally 0 -> 0
2019-09-05 08:32:56,358 [grpc-default-executor-11] WARN  server.GrpcLogAppender (LogUtils.java:warn(134)) - omNode-3->omNode-2: Failed appendEntries: org.apache.ratis.thirdparty.io.grpc.StatusRuntimeException: UNAVAILABLE: io exception
2019-09-05 08:32:56,358 [grpc-default-executor-7] WARN  server.GrpcLogAppender (LogUtils.java:warn(134)) - omNode-3->omNode-1: Failed appendEntries: org.apache.ratis.thirdparty.io.grpc.StatusRuntimeException: UNAVAILABLE: io exception
2019-09-05 08:32:56,359 [grpc-default-executor-11] INFO  impl.FollowerInfo (FollowerInfo.java:lambda$new$0(50)) - omNode-3->omNode-2: nextIndex: updateUnconditionally 0 -> 0
2019-09-05 08:32:56,359 [grpc-default-executor-7] INFO  impl.FollowerInfo (FollowerInfo.java:lambda$new$0(50)) - omNode-3->omNode-1: nextIndex: updateUnconditionally 0 -> 0
2019-09-05 08:32:56,447 | INFO  | SCMAudit | user=jenkins1000 | ip=192.168.36.69 | op=SEND_HEARTBEAT {datanodeUUID=baa0ac9c-d259-45b0-b366-08e52759ad0f, command=[]} | ret=SUCCESS |  
2019-09-05 08:32:56,858 [grpc-default-executor-4] WARN  server.GrpcLogAppender (LogUtils.java:warn(134)) - omNode-3->omNode-2: Failed appendEntries: org.apache.ratis.thirdparty.io.grpc.StatusRuntimeException: UNAVAILABLE: io exception
2019-09-05 08:32:56,859 [grpc-default-executor-11] WARN  server.GrpcLogAppender (LogUtils.java:warn(134)) - omNode-3->omNode-1: Failed appendEntries: org.apache.ratis.thirdparty.io.grpc.StatusRuntimeException: UNAVAILABLE: io exception
2019-09-05 08:32:56,859 [grpc-default-executor-4] INFO  impl.FollowerInfo (FollowerInfo.java:lambda$new$0(50)) - omNode-3->omNode-2: nextIndex: updateUnconditionally 0 -> 0
2019-09-05 08:32:56,859 [grpc-default-executor-11] INFO  impl.FollowerInfo (FollowerInfo.java:lambda$new$0(50)) - omNode-3->omNode-1: nextIndex: updateUnconditionally 0 -> 0
2019-09-05 08:32:57,359 [grpc-default-executor-8] WARN  server.GrpcLogAppender (LogUtils.java:warn(134)) - omNode-3->omNode-2: Failed appendEntries: org.apache.ratis.thirdparty.io.grpc.StatusRuntimeException: UNAVAILABLE: io exception
2019-09-05 08:32:57,359 [grpc-default-executor-11] WARN  server.GrpcLogAppender (LogUtils.java:warn(134)) - omNode-3->omNode-1: Failed appendEntries: org.apache.ratis.thirdparty.io.grpc.StatusRuntimeException: UNAVAILABLE: io exception
2019-09-05 08:32:57,359 [grpc-default-executor-8] INFO  impl.FollowerInfo (FollowerInfo.java:lambda$new$0(50)) - omNode-3->omNode-2: nextIndex: updateUnconditionally 0 -> 0
2019-09-05 08:32:57,360 [grpc-default-executor-11] INFO  impl.FollowerInfo (FollowerInfo.java:lambda$new$0(50)) - omNode-3->omNode-1: nextIndex: updateUnconditionally 0 -> 0
2019-09-05 08:32:57,447 | INFO  | SCMAudit | user=jenkins1000 | ip=192.168.36.69 | op=SEND_HEARTBEAT {datanodeUUID=baa0ac9c-d259-45b0-b366-08e52759ad0f, command=[]} | ret=SUCCESS |  
2019-09-05 08:32:57,859 [grpc-default-executor-4] WARN  server.GrpcLogAppender (LogUtils.java:warn(134)) - omNode-3->omNode-2: Failed appendEntries: org.apache.ratis.thirdparty.io.grpc.StatusRuntimeException: UNAVAILABLE: io exception
2019-09-05 08:32:57,859 [grpc-default-executor-10] WARN  server.GrpcLogAppender (LogUtils.java:warn(134)) - omNode-3->omNode-1: Failed appendEntries: org.apache.ratis.thirdparty.io.grpc.StatusRuntimeException: UNAVAILABLE: io exception
2019-09-05 08:32:57,860 [grpc-default-executor-4] INFO  impl.FollowerInfo (FollowerInfo.java:lambda$new$0(50)) - omNode-3->omNode-2: nextIndex: updateUnconditionally 0 -> 0
2019-09-05 08:32:57,860 [grpc-default-executor-10] INFO  impl.FollowerInfo (FollowerInfo.java:lambda$new$0(50)) - omNode-3->omNode-1: nextIndex: updateUnconditionally 0 -> 0
2019-09-05 08:32:58,360 [grpc-default-executor-7] WARN  server.GrpcLogAppender (LogUtils.java:warn(134)) - omNode-3->omNode-1: Failed appendEntries: org.apache.ratis.thirdparty.io.grpc.StatusRuntimeException: UNAVAILABLE: io exception
2019-09-05 08:32:58,360 [grpc-default-executor-11] WARN  server.GrpcLogAppender (LogUtils.java:warn(134)) - omNode-3->omNode-2: Failed appendEntries: org.apache.ratis.thirdparty.io.grpc.StatusRuntimeException: UNAVAILABLE: io exception
2019-09-05 08:32:58,360 [grpc-default-executor-7] INFO  impl.FollowerInfo (FollowerInfo.java:lambda$new$0(50)) - omNode-3->omNode-1: nextIndex: updateUnconditionally 0 -> 0
2019-09-05 08:32:58,361 [grpc-default-executor-11] INFO  impl.FollowerInfo (FollowerInfo.java:lambda$new$0(50)) - omNode-3->omNode-2: nextIndex: updateUnconditionally 0 -> 0
2019-09-05 08:32:58,447 | INFO  | SCMAudit | user=jenkins1000 | ip=192.168.36.69 | op=SEND_HEARTBEAT {datanodeUUID=baa0ac9c-d259-45b0-b366-08e52759ad0f, command=[]} | ret=SUCCESS |  
2019-09-05 08:32:58,861 [grpc-default-executor-9] WARN  server.GrpcLogAppender (LogUtils.java:warn(134)) - omNode-3->omNode-2: Failed appendEntries: org.apache.ratis.thirdparty.io.grpc.StatusRuntimeException: UNAVAILABLE: io exception
2019-09-05 08:32:58,861 [grpc-default-executor-4] WARN  server.GrpcLogAppender (LogUtils.java:warn(134)) - omNode-3->omNode-1: Failed appendEntries: org.apache.ratis.thirdparty.io.grpc.StatusRuntimeException: UNAVAILABLE: io exception
2019-09-05 08:32:58,861 [grpc-default-executor-9] INFO  impl.FollowerInfo (FollowerInfo.java:lambda$new$0(50)) - omNode-3->omNode-2: nextIndex: updateUnconditionally 0 -> 0
2019-09-05 08:32:58,862 [grpc-default-executor-4] INFO  impl.FollowerInfo (FollowerInfo.java:lambda$new$0(50)) - omNode-3->omNode-1: nextIndex: updateUnconditionally 0 -> 0
2019-09-05 08:32:59,361 [grpc-default-executor-7] WARN  server.GrpcLogAppender (LogUtils.java:warn(134)) - omNode-3->omNode-2: Failed appendEntries: org.apache.ratis.thirdparty.io.grpc.StatusRuntimeException: UNAVAILABLE: io exception
2019-09-05 08:32:59,361 [grpc-default-executor-11] WARN  server.GrpcLogAppender (LogUtils.java:warn(134)) - omNode-3->omNode-1: Failed appendEntries: org.apache.ratis.thirdparty.io.grpc.StatusRuntimeException: UNAVAILABLE: io exception
2019-09-05 08:32:59,361 [grpc-default-executor-7] INFO  impl.FollowerInfo (FollowerInfo.java:lambda$new$0(50)) - omNode-3->omNode-2: nextIndex: updateUnconditionally 0 -> 0
2019-09-05 08:32:59,362 [grpc-default-executor-11] INFO  impl.FollowerInfo (FollowerInfo.java:lambda$new$0(50)) - omNode-3->omNode-1: nextIndex: updateUnconditionally 0 -> 0
2019-09-05 08:32:59,447 | INFO  | SCMAudit | user=jenkins1000 | ip=192.168.36.69 | op=SEND_HEARTBEAT {datanodeUUID=baa0ac9c-d259-45b0-b366-08e52759ad0f, command=[]} | ret=SUCCESS |  
2019-09-05 08:32:59,862 [grpc-default-executor-10] WARN  server.GrpcLogAppender (LogUtils.java:warn(134)) - omNode-3->omNode-1: Failed appendEntries: org.apache.ratis.thirdparty.io.grpc.StatusRuntimeException: UNAVAILABLE: io exception
2019-09-05 08:32:59,862 [grpc-default-executor-8] WARN  server.GrpcLogAppender (LogUtils.java:warn(134)) - omNode-3->omNode-2: Failed appendEntries: org.apache.ratis.thirdparty.io.grpc.StatusRuntimeException: UNAVAILABLE: io exception
2019-09-05 08:32:59,862 [grpc-default-executor-10] INFO  impl.FollowerInfo (FollowerInfo.java:lambda$new$0(50)) - omNode-3->omNode-1: nextIndex: updateUnconditionally 0 -> 0
2019-09-05 08:32:59,862 [grpc-default-executor-8] INFO  impl.FollowerInfo (FollowerInfo.java:lambda$new$0(50)) - omNode-3->omNode-2: nextIndex: updateUnconditionally 0 -> 0
2019-09-05 08:33:00,363 [grpc-default-executor-11] WARN  server.GrpcLogAppender (LogUtils.java:warn(134)) - omNode-3->omNode-2: Failed appendEntries: org.apache.ratis.thirdparty.io.grpc.StatusRuntimeException: UNAVAILABLE: io exception
2019-09-05 08:33:00,363 [grpc-default-executor-9] WARN  server.GrpcLogAppender (LogUtils.java:warn(134)) - omNode-3->omNode-1: Failed appendEntries: org.apache.ratis.thirdparty.io.grpc.StatusRuntimeException: UNAVAILABLE: io exception
2019-09-05 08:33:00,363 [grpc-default-executor-11] INFO  impl.FollowerInfo (FollowerInfo.java:lambda$new$0(50)) - omNode-3->omNode-2: nextIndex: updateUnconditionally 0 -> 0
2019-09-05 08:33:00,363 [grpc-default-executor-9] INFO  impl.FollowerInfo (FollowerInfo.java:lambda$new$0(50)) - omNode-3->omNode-1: nextIndex: updateUnconditionally 0 -> 0
2019-09-05 08:33:00,447 | INFO  | SCMAudit | user=jenkins1000 | ip=192.168.36.69 | op=SEND_HEARTBEAT {datanodeUUID=baa0ac9c-d259-45b0-b366-08e52759ad0f, command=[]} | ret=SUCCESS |  
2019-09-05 08:33:00,863 [grpc-default-executor-9] WARN  server.GrpcLogAppender (LogUtils.java:warn(134)) - omNode-3->omNode-1: Failed appendEntries: org.apache.ratis.thirdparty.io.grpc.StatusRuntimeException: UNAVAILABLE: io exception
2019-09-05 08:33:00,863 [grpc-default-executor-7] WARN  server.GrpcLogAppender (LogUtils.java:warn(134)) - omNode-3->omNode-2: Failed appendEntries: org.apache.ratis.thirdparty.io.grpc.StatusRuntimeException: UNAVAILABLE: io exception
2019-09-05 08:33:00,863 [grpc-default-executor-9] INFO  impl.FollowerInfo (FollowerInfo.java:lambda$new$0(50)) - omNode-3->omNode-1: nextIndex: updateUnconditionally 0 -> 0
2019-09-05 08:33:00,864 [grpc-default-executor-7] INFO  impl.FollowerInfo (FollowerInfo.java:lambda$new$0(50)) - omNode-3->omNode-2: nextIndex: updateUnconditionally 0 -> 0
2019-09-05 08:33:01,364 [grpc-default-executor-11] WARN  server.GrpcLogAppender (LogUtils.java:warn(134)) - omNode-3->omNode-1: Failed appendEntries: org.apache.ratis.thirdparty.io.grpc.StatusRuntimeException: UNAVAILABLE: io exception
2019-09-05 08:33:01,364 [grpc-default-executor-4] WARN  server.GrpcLogAppender (LogUtils.java:warn(134)) - omNode-3->omNode-2: Failed appendEntries: org.apache.ratis.thirdparty.io.grpc.StatusRuntimeException: UNAVAILABLE: io exception
2019-09-05 08:33:01,364 [grpc-default-executor-11] INFO  impl.FollowerInfo (FollowerInfo.java:lambda$new$0(50)) - omNode-3->omNode-1: nextIndex: updateUnconditionally 0 -> 0
2019-09-05 08:33:01,364 [grpc-default-executor-4] INFO  impl.FollowerInfo (FollowerInfo.java:lambda$new$0(50)) - omNode-3->omNode-2: nextIndex: updateUnconditionally 0 -> 0
2019-09-05 08:33:01,448 | INFO  | SCMAudit | user=jenkins1000 | ip=192.168.36.69 | op=SEND_HEARTBEAT {datanodeUUID=baa0ac9c-d259-45b0-b366-08e52759ad0f, command=[]} | ret=SUCCESS |  
2019-09-05 08:33:01,864 [grpc-default-executor-7] WARN  server.GrpcLogAppender (LogUtils.java:warn(134)) - omNode-3->omNode-2: Failed appendEntries: org.apache.ratis.thirdparty.io.grpc.StatusRuntimeException: UNAVAILABLE: io exception
2019-09-05 08:33:01,864 [grpc-default-executor-8] WARN  server.GrpcLogAppender (LogUtils.java:warn(134)) - omNode-3->omNode-1: Failed appendEntries: org.apache.ratis.thirdparty.io.grpc.StatusRuntimeException: UNAVAILABLE: io exception
2019-09-05 08:33:01,865 [grpc-default-executor-7] INFO  impl.FollowerInfo (FollowerInfo.java:lambda$new$0(50)) - omNode-3->omNode-2: nextIndex: updateUnconditionally 0 -> 0
2019-09-05 08:33:01,865 [grpc-default-executor-8] INFO  impl.FollowerInfo (FollowerInfo.java:lambda$new$0(50)) - omNode-3->omNode-1: nextIndex: updateUnconditionally 0 -> 0
2019-09-05 08:33:02,365 [grpc-default-executor-9] WARN  server.GrpcLogAppender (LogUtils.java:warn(134)) - omNode-3->omNode-1: Failed appendEntries: org.apache.ratis.thirdparty.io.grpc.StatusRuntimeException: UNAVAILABLE: io exception
2019-09-05 08:33:02,365 [grpc-default-executor-10] WARN  server.GrpcLogAppender (LogUtils.java:warn(134)) - omNode-3->omNode-2: Failed appendEntries: org.apache.ratis.thirdparty.io.grpc.StatusRuntimeException: UNAVAILABLE: io exception
2019-09-05 08:33:02,365 [grpc-default-executor-9] INFO  impl.FollowerInfo (FollowerInfo.java:lambda$new$0(50)) - omNode-3->omNode-1: nextIndex: updateUnconditionally 0 -> 0
2019-09-05 08:33:02,366 [grpc-default-executor-10] INFO  impl.FollowerInfo (FollowerInfo.java:lambda$new$0(50)) - omNode-3->omNode-2: nextIndex: updateUnconditionally 0 -> 0
2019-09-05 08:33:02,449 | INFO  | SCMAudit | user=jenkins1000 | ip=192.168.36.69 | op=SEND_HEARTBEAT {datanodeUUID=baa0ac9c-d259-45b0-b366-08e52759ad0f, command=[]} | ret=SUCCESS |  
2019-09-05 08:33:02,865 [grpc-default-executor-10] WARN  server.GrpcLogAppender (LogUtils.java:warn(134)) - omNode-3->omNode-2: Failed appendEntries: org.apache.ratis.thirdparty.io.grpc.StatusRuntimeException: UNAVAILABLE: io exception
2019-09-05 08:33:02,865 [grpc-default-executor-7] WARN  server.GrpcLogAppender (LogUtils.java:warn(134)) - omNode-3->omNode-1: Failed appendEntries: org.apache.ratis.thirdparty.io.grpc.StatusRuntimeException: UNAVAILABLE: io exception
2019-09-05 08:33:02,866 [grpc-default-executor-10] INFO  impl.FollowerInfo (FollowerInfo.java:lambda$new$0(50)) - omNode-3->omNode-2: nextIndex: updateUnconditionally 0 -> 0
2019-09-05 08:33:02,866 [grpc-default-executor-7] INFO  impl.FollowerInfo (FollowerInfo.java:lambda$new$0(50)) - omNode-3->omNode-1: nextIndex: updateUnconditionally 0 -> 0
2019-09-05 08:33:03,366 [grpc-default-executor-11] WARN  server.GrpcLogAppender (LogUtils.java:warn(134)) - omNode-3->omNode-2: Failed appendEntries: org.apache.ratis.thirdparty.io.grpc.StatusRuntimeException: UNAVAILABLE: io exception
2019-09-05 08:33:03,366 [grpc-default-executor-4] WARN  server.GrpcLogAppender (LogUtils.java:warn(134)) - omNode-3->omNode-1: Failed appendEntries: org.apache.ratis.thirdparty.io.grpc.StatusRuntimeException: UNAVAILABLE: io exception
2019-09-05 08:33:03,366 [grpc-default-executor-11] INFO  impl.FollowerInfo (FollowerInfo.java:lambda$new$0(50)) - omNode-3->omNode-2: nextIndex: updateUnconditionally 0 -> 0
2019-09-05 08:33:03,367 [grpc-default-executor-4] INFO  impl.FollowerInfo (FollowerInfo.java:lambda$new$0(50)) - omNode-3->omNode-1: nextIndex: updateUnconditionally 0 -> 0
2019-09-05 08:33:03,448 | INFO  | SCMAudit | user=jenkins1000 | ip=192.168.36.69 | op=SEND_HEARTBEAT {datanodeUUID=baa0ac9c-d259-45b0-b366-08e52759ad0f, command=[]} | ret=SUCCESS |  
2019-09-05 08:33:03,867 [grpc-default-executor-9] WARN  server.GrpcLogAppender (LogUtils.java:warn(134)) - omNode-3->omNode-2: Failed appendEntries: org.apache.ratis.thirdparty.io.grpc.StatusRuntimeException: UNAVAILABLE: io exception
2019-09-05 08:33:03,867 [grpc-default-executor-11] WARN  server.GrpcLogAppender (LogUtils.java:warn(134)) - omNode-3->omNode-1: Failed appendEntries: org.apache.ratis.thirdparty.io.grpc.StatusRuntimeException: UNAVAILABLE: io exception
2019-09-05 08:33:03,867 [grpc-default-executor-9] INFO  impl.FollowerInfo (FollowerInfo.java:lambda$new$0(50)) - omNode-3->omNode-2: nextIndex: updateUnconditionally 0 -> 0
2019-09-05 08:33:03,867 [grpc-default-executor-11] INFO  impl.FollowerInfo (FollowerInfo.java:lambda$new$0(50)) - omNode-3->omNode-1: nextIndex: updateUnconditionally 0 -> 0
2019-09-05 08:33:04,367 [grpc-default-executor-8] WARN  server.GrpcLogAppender (LogUtils.java:warn(134)) - omNode-3->omNode-1: Failed appendEntries: org.apache.ratis.thirdparty.io.grpc.StatusRuntimeException: UNAVAILABLE: io exception
2019-09-05 08:33:04,367 [grpc-default-executor-10] WARN  server.GrpcLogAppender (LogUtils.java:warn(134)) - omNode-3->omNode-2: Failed appendEntries: org.apache.ratis.thirdparty.io.grpc.StatusRuntimeException: UNAVAILABLE: io exception
2019-09-05 08:33:04,368 [grpc-default-executor-8] INFO  impl.FollowerInfo (FollowerInfo.java:lambda$new$0(50)) - omNode-3->omNode-1: nextIndex: updateUnconditionally 0 -> 0
2019-09-05 08:33:04,368 [grpc-default-executor-10] INFO  impl.FollowerInfo (FollowerInfo.java:lambda$new$0(50)) - omNode-3->omNode-2: nextIndex: updateUnconditionally 0 -> 0
2019-09-05 08:33:04,448 | INFO  | SCMAudit | user=jenkins1000 | ip=192.168.36.69 | op=SEND_HEARTBEAT {datanodeUUID=baa0ac9c-d259-45b0-b366-08e52759ad0f, command=[]} | ret=SUCCESS |  
2019-09-05 08:33:04,868 [grpc-default-executor-7] WARN  server.GrpcLogAppender (LogUtils.java:warn(134)) - omNode-3->omNode-2: Failed appendEntries: org.apache.ratis.thirdparty.io.grpc.StatusRuntimeException: UNAVAILABLE: io exception
2019-09-05 08:33:04,868 [grpc-default-executor-10] WARN  server.GrpcLogAppender (LogUtils.java:warn(134)) - omNode-3->omNode-1: Failed appendEntries: org.apache.ratis.thirdparty.io.grpc.StatusRuntimeException: UNAVAILABLE: io exception
2019-09-05 08:33:04,868 [grpc-default-executor-7] INFO  impl.FollowerInfo (FollowerInfo.java:lambda$new$0(50)) - omNode-3->omNode-2: nextIndex: updateUnconditionally 0 -> 0
2019-09-05 08:33:04,868 [grpc-default-executor-10] INFO  impl.FollowerInfo (FollowerInfo.java:lambda$new$0(50)) - omNode-3->omNode-1: nextIndex: updateUnconditionally 0 -> 0
2019-09-05 08:33:05,368 [grpc-default-executor-7] WARN  server.GrpcLogAppender (LogUtils.java:warn(134)) - omNode-3->omNode-1: Failed appendEntries: org.apache.ratis.thirdparty.io.grpc.StatusRuntimeException: UNAVAILABLE: io exception
2019-09-05 08:33:05,368 [grpc-default-executor-9] WARN  server.GrpcLogAppender (LogUtils.java:warn(134)) - omNode-3->omNode-2: Failed appendEntries: org.apache.ratis.thirdparty.io.grpc.StatusRuntimeException: UNAVAILABLE: io exception
2019-09-05 08:33:05,369 [grpc-default-executor-7] INFO  impl.FollowerInfo (FollowerInfo.java:lambda$new$0(50)) - omNode-3->omNode-1: nextIndex: updateUnconditionally 0 -> 0
2019-09-05 08:33:05,369 [grpc-default-executor-9] INFO  impl.FollowerInfo (FollowerInfo.java:lambda$new$0(50)) - omNode-3->omNode-2: nextIndex: updateUnconditionally 0 -> 0
2019-09-05 08:33:05,449 | INFO  | SCMAudit | user=jenkins1000 | ip=192.168.36.69 | op=SEND_HEARTBEAT {datanodeUUID=baa0ac9c-d259-45b0-b366-08e52759ad0f, command=[]} | ret=SUCCESS |  
2019-09-05 08:33:05,869 [grpc-default-executor-7] WARN  server.GrpcLogAppender (LogUtils.java:warn(134)) - omNode-3->omNode-1: Failed appendEntries: org.apache.ratis.thirdparty.io.grpc.StatusRuntimeException: UNAVAILABLE: io exception
2019-09-05 08:33:05,869 [grpc-default-executor-9] WARN  server.GrpcLogAppender (LogUtils.java:warn(134)) - omNode-3->omNode-2: Failed appendEntries: org.apache.ratis.thirdparty.io.grpc.StatusRuntimeException: UNAVAILABLE: io exception
2019-09-05 08:33:05,870 [grpc-default-executor-7] INFO  impl.FollowerInfo (FollowerInfo.java:lambda$new$0(50)) - omNode-3->omNode-1: nextIndex: updateUnconditionally 0 -> 0
2019-09-05 08:33:05,870 [grpc-default-executor-9] INFO  impl.FollowerInfo (FollowerInfo.java:lambda$new$0(50)) - omNode-3->omNode-2: nextIndex: updateUnconditionally 0 -> 0
2019-09-05 08:33:06,370 [grpc-default-executor-10] WARN  server.GrpcLogAppender (LogUtils.java:warn(134)) - omNode-3->omNode-2: Failed appendEntries: org.apache.ratis.thirdparty.io.grpc.StatusRuntimeException: UNAVAILABLE: io exception
2019-09-05 08:33:06,370 [grpc-default-executor-4] WARN  server.GrpcLogAppender (LogUtils.java:warn(134)) - omNode-3->omNode-1: Failed appendEntries: org.apache.ratis.thirdparty.io.grpc.StatusRuntimeException: UNAVAILABLE: io exception
2019-09-05 08:33:06,371 [grpc-default-executor-10] INFO  impl.FollowerInfo (FollowerInfo.java:lambda$new$0(50)) - omNode-3->omNode-2: nextIndex: updateUnconditionally 0 -> 0
2019-09-05 08:33:06,371 [grpc-default-executor-4] INFO  impl.FollowerInfo (FollowerInfo.java:lambda$new$0(50)) - omNode-3->omNode-1: nextIndex: updateUnconditionally 0 -> 0
2019-09-05 08:33:06,449 | INFO  | SCMAudit | user=jenkins1000 | ip=192.168.36.69 | op=SEND_HEARTBEAT {datanodeUUID=baa0ac9c-d259-45b0-b366-08e52759ad0f, command=[]} | ret=SUCCESS |  
2019-09-05 08:33:06,871 [grpc-default-executor-4] WARN  server.GrpcLogAppender (LogUtils.java:warn(134)) - omNode-3->omNode-2: Failed appendEntries: org.apache.ratis.thirdparty.io.grpc.StatusRuntimeException: UNAVAILABLE: io exception
2019-09-05 08:33:06,871 [grpc-default-executor-11] WARN  server.GrpcLogAppender (LogUtils.java:warn(134)) - omNode-3->omNode-1: Failed appendEntries: org.apache.ratis.thirdparty.io.grpc.StatusRuntimeException: UNAVAILABLE: io exception
2019-09-05 08:33:06,871 [grpc-default-executor-4] INFO  impl.FollowerInfo (FollowerInfo.java:lambda$new$0(50)) - omNode-3->omNode-2: nextIndex: updateUnconditionally 0 -> 0
2019-09-05 08:33:06,871 [grpc-default-executor-11] INFO  impl.FollowerInfo (FollowerInfo.java:lambda$new$0(50)) - omNode-3->omNode-1: nextIndex: updateUnconditionally 0 -> 0
2019-09-05 08:33:07,371 [grpc-default-executor-7] WARN  server.GrpcLogAppender (LogUtils.java:warn(134)) - omNode-3->omNode-2: Failed appendEntries: org.apache.ratis.thirdparty.io.grpc.StatusRuntimeException: UNAVAILABLE: io exception
2019-09-05 08:33:07,371 [grpc-default-executor-11] WARN  server.GrpcLogAppender (LogUtils.java:warn(134)) - omNode-3->omNode-1: Failed appendEntries: org.apache.ratis.thirdparty.io.grpc.StatusRuntimeException: UNAVAILABLE: io exception
2019-09-05 08:33:07,371 [grpc-default-executor-7] INFO  impl.FollowerInfo (FollowerInfo.java:lambda$new$0(50)) - omNode-3->omNode-2: nextIndex: updateUnconditionally 0 -> 0
2019-09-05 08:33:07,372 [grpc-default-executor-11] INFO  impl.FollowerInfo (FollowerInfo.java:lambda$new$0(50)) - omNode-3->omNode-1: nextIndex: updateUnconditionally 0 -> 0
2019-09-05 08:33:07,449 | INFO  | SCMAudit | user=jenkins1000 | ip=192.168.36.69 | op=SEND_HEARTBEAT {datanodeUUID=baa0ac9c-d259-45b0-b366-08e52759ad0f, command=[]} | ret=SUCCESS |  
2019-09-05 08:33:07,872 [grpc-default-executor-8] WARN  server.GrpcLogAppender (LogUtils.java:warn(134)) - omNode-3->omNode-2: Failed appendEntries: org.apache.ratis.thirdparty.io.grpc.StatusRuntimeException: UNAVAILABLE: io exception
2019-09-05 08:33:07,872 [grpc-default-executor-9] WARN  server.GrpcLogAppender (LogUtils.java:warn(134)) - omNode-3->omNode-1: Failed appendEntries: org.apache.ratis.thirdparty.io.grpc.StatusRuntimeException: UNAVAILABLE: io exception
2019-09-05 08:33:07,872 [grpc-default-executor-8] INFO  impl.FollowerInfo (FollowerInfo.java:lambda$new$0(50)) - omNode-3->omNode-2: nextIndex: updateUnconditionally 0 -> 0
2019-09-05 08:33:07,872 [grpc-default-executor-9] INFO  impl.FollowerInfo (FollowerInfo.java:lambda$new$0(50)) - omNode-3->omNode-1: nextIndex: updateUnconditionally 0 -> 0
2019-09-05 08:33:08,372 [grpc-default-executor-7] WARN  server.GrpcLogAppender (LogUtils.java:warn(134)) - omNode-3->omNode-2: Failed appendEntries: org.apache.ratis.thirdparty.io.grpc.StatusRuntimeException: UNAVAILABLE: io exception
2019-09-05 08:33:08,372 [grpc-default-executor-9] WARN  server.GrpcLogAppender (LogUtils.java:warn(134)) - omNode-3->omNode-1: Failed appendEntries: org.apache.ratis.thirdparty.io.grpc.StatusRuntimeException: UNAVAILABLE: io exception
2019-09-05 08:33:08,372 [grpc-default-executor-7] INFO  impl.FollowerInfo (FollowerInfo.java:lambda$new$0(50)) - omNode-3->omNode-2: nextIndex: updateUnconditionally 0 -> 0
2019-09-05 08:33:08,372 [grpc-default-executor-9] INFO  impl.FollowerInfo (FollowerInfo.java:lambda$new$0(50)) - omNode-3->omNode-1: nextIndex: updateUnconditionally 0 -> 0
2019-09-05 08:33:08,450 | INFO  | SCMAudit | user=jenkins1000 | ip=192.168.36.69 | op=SEND_HEARTBEAT {datanodeUUID=baa0ac9c-d259-45b0-b366-08e52759ad0f, command=[]} | ret=SUCCESS |  
2019-09-05 08:33:08,873 [grpc-default-executor-10] WARN  server.GrpcLogAppender (LogUtils.java:warn(134)) - omNode-3->omNode-1: Failed appendEntries: org.apache.ratis.thirdparty.io.grpc.StatusRuntimeException: UNAVAILABLE: io exception
2019-09-05 08:33:08,873 [grpc-default-executor-8] WARN  server.GrpcLogAppender (LogUtils.java:warn(134)) - omNode-3->omNode-2: Failed appendEntries: org.apache.ratis.thirdparty.io.grpc.StatusRuntimeException: UNAVAILABLE: io exception
2019-09-05 08:33:08,873 [grpc-default-executor-10] INFO  impl.FollowerInfo (FollowerInfo.java:lambda$new$0(50)) - omNode-3->omNode-1: nextIndex: updateUnconditionally 0 -> 0
2019-09-05 08:33:08,873 [grpc-default-executor-8] INFO  impl.FollowerInfo (FollowerInfo.java:lambda$new$0(50)) - omNode-3->omNode-2: nextIndex: updateUnconditionally 0 -> 0
2019-09-05 08:33:09,373 [grpc-default-executor-10] WARN  server.GrpcLogAppender (LogUtils.java:warn(134)) - omNode-3->omNode-1: Failed appendEntries: org.apache.ratis.thirdparty.io.grpc.StatusRuntimeException: UNAVAILABLE: io exception
2019-09-05 08:33:09,373 [grpc-default-executor-9] WARN  server.GrpcLogAppender (LogUtils.java:warn(134)) - omNode-3->omNode-2: Failed appendEntries: org.apache.ratis.thirdparty.io.grpc.StatusRuntimeException: UNAVAILABLE: io exception
2019-09-05 08:33:09,374 [grpc-default-executor-10] INFO  impl.FollowerInfo (FollowerInfo.java:lambda$new$0(50)) - omNode-3->omNode-1: nextIndex: updateUnconditionally 0 -> 0
2019-09-05 08:33:09,374 [grpc-default-executor-9] INFO  impl.FollowerInfo (FollowerInfo.java:lambda$new$0(50)) - omNode-3->omNode-2: nextIndex: updateUnconditionally 0 -> 0
2019-09-05 08:33:09,450 | INFO  | SCMAudit | user=jenkins1000 | ip=192.168.36.69 | op=SEND_HEARTBEAT {datanodeUUID=baa0ac9c-d259-45b0-b366-08e52759ad0f, command=[]} | ret=SUCCESS |  
2019-09-05 08:33:09,874 [grpc-default-executor-10] WARN  server.GrpcLogAppender (LogUtils.java:warn(134)) - omNode-3->omNode-2: Failed appendEntries: org.apache.ratis.thirdparty.io.grpc.StatusRuntimeException: UNAVAILABLE: io exception
2019-09-05 08:33:09,874 [grpc-default-executor-9] WARN  server.GrpcLogAppender (LogUtils.java:warn(134)) - omNode-3->omNode-1: Failed appendEntries: org.apache.ratis.thirdparty.io.grpc.StatusRuntimeException: UNAVAILABLE: io exception
2019-09-05 08:33:09,874 [grpc-default-executor-10] INFO  impl.FollowerInfo (FollowerInfo.java:lambda$new$0(50)) - omNode-3->omNode-2: nextIndex: updateUnconditionally 0 -> 0
2019-09-05 08:33:09,875 [grpc-default-executor-9] INFO  impl.FollowerInfo (FollowerInfo.java:lambda$new$0(50)) - omNode-3->omNode-1: nextIndex: updateUnconditionally 0 -> 0
2019-09-05 08:33:10,375 [grpc-default-executor-8] WARN  server.GrpcLogAppender (LogUtils.java:warn(134)) - omNode-3->omNode-1: Failed appendEntries: org.apache.ratis.thirdparty.io.grpc.StatusRuntimeException: UNAVAILABLE: io exception
2019-09-05 08:33:10,376 [grpc-default-executor-8] INFO  impl.FollowerInfo (FollowerInfo.java:lambda$new$0(50)) - omNode-3->omNode-1: nextIndex: updateUnconditionally 0 -> 0
2019-09-05 08:33:10,377 [grpc-default-executor-10] WARN  server.GrpcLogAppender (LogUtils.java:warn(134)) - omNode-3->omNode-2: Failed appendEntries: org.apache.ratis.thirdparty.io.grpc.StatusRuntimeException: UNAVAILABLE: io exception
2019-09-05 08:33:10,377 [grpc-default-executor-10] INFO  impl.FollowerInfo (FollowerInfo.java:lambda$new$0(50)) - omNode-3->omNode-2: nextIndex: updateUnconditionally 0 -> 0
2019-09-05 08:33:10,451 | INFO  | SCMAudit | user=jenkins1000 | ip=192.168.36.69 | op=SEND_HEARTBEAT {datanodeUUID=baa0ac9c-d259-45b0-b366-08e52759ad0f, command=[]} | ret=SUCCESS |  
2019-09-05 08:33:10,875 [grpc-default-executor-10] WARN  server.GrpcLogAppender (LogUtils.java:warn(134)) - omNode-3->omNode-2: Failed appendEntries: org.apache.ratis.thirdparty.io.grpc.StatusRuntimeException: UNAVAILABLE: io exception
2019-09-05 08:33:10,875 [grpc-default-executor-11] WARN  server.GrpcLogAppender (LogUtils.java:warn(134)) - omNode-3->omNode-1: Failed appendEntries: org.apache.ratis.thirdparty.io.grpc.StatusRuntimeException: UNAVAILABLE: io exception
2019-09-05 08:33:10,876 [grpc-default-executor-10] INFO  impl.FollowerInfo (FollowerInfo.java:lambda$new$0(50)) - omNode-3->omNode-2: nextIndex: updateUnconditionally 0 -> 0
2019-09-05 08:33:10,876 [grpc-default-executor-11] INFO  impl.FollowerInfo (FollowerInfo.java:lambda$new$0(50)) - omNode-3->omNode-1: nextIndex: updateUnconditionally 0 -> 0
2019-09-05 08:33:11,376 [grpc-default-executor-10] WARN  server.GrpcLogAppender (LogUtils.java:warn(134)) - omNode-3->omNode-1: Failed appendEntries: org.apache.ratis.thirdparty.io.grpc.StatusRuntimeException: UNAVAILABLE: io exception
2019-09-05 08:33:11,376 [grpc-default-executor-11] WARN  server.GrpcLogAppender (LogUtils.java:warn(134)) - omNode-3->omNode-2: Failed appendEntries: org.apache.ratis.thirdparty.io.grpc.StatusRuntimeException: UNAVAILABLE: io exception
2019-09-05 08:33:11,376 [grpc-default-executor-10] INFO  impl.FollowerInfo (FollowerInfo.java:lambda$new$0(50)) - omNode-3->omNode-1: nextIndex: updateUnconditionally 0 -> 0
2019-09-05 08:33:11,377 [grpc-default-executor-11] INFO  impl.FollowerInfo (FollowerInfo.java:lambda$new$0(50)) - omNode-3->omNode-2: nextIndex: updateUnconditionally 0 -> 0
2019-09-05 08:33:11,450 | INFO  | SCMAudit | user=jenkins1000 | ip=192.168.36.69 | op=SEND_HEARTBEAT {datanodeUUID=baa0ac9c-d259-45b0-b366-08e52759ad0f, command=[]} | ret=SUCCESS |  
2019-09-05 08:33:11,876 [grpc-default-executor-8] WARN  server.GrpcLogAppender (LogUtils.java:warn(134)) - omNode-3->omNode-2: Failed appendEntries: org.apache.ratis.thirdparty.io.grpc.StatusRuntimeException: UNAVAILABLE: io exception
2019-09-05 08:33:11,877 [grpc-default-executor-9] WARN  server.GrpcLogAppender (LogUtils.java:warn(134)) - omNode-3->omNode-1: Failed appendEntries: org.apache.ratis.thirdparty.io.grpc.StatusRuntimeException: UNAVAILABLE: io exception
2019-09-05 08:33:11,877 [grpc-default-executor-8] INFO  impl.FollowerInfo (FollowerInfo.java:lambda$new$0(50)) - omNode-3->omNode-2: nextIndex: updateUnconditionally 0 -> 0
2019-09-05 08:33:11,877 [grpc-default-executor-9] INFO  impl.FollowerInfo (FollowerInfo.java:lambda$new$0(50)) - omNode-3->omNode-1: nextIndex: updateUnconditionally 0 -> 0
2019-09-05 08:33:12,377 [grpc-default-executor-4] WARN  server.GrpcLogAppender (LogUtils.java:warn(134)) - omNode-3->omNode-2: Failed appendEntries: org.apache.ratis.thirdparty.io.grpc.StatusRuntimeException: UNAVAILABLE: io exception
2019-09-05 08:33:12,377 [grpc-default-executor-8] WARN  server.GrpcLogAppender (LogUtils.java:warn(134)) - omNode-3->omNode-1: Failed appendEntries: org.apache.ratis.thirdparty.io.grpc.StatusRuntimeException: UNAVAILABLE: io exception
2019-09-05 08:33:12,377 [grpc-default-executor-4] INFO  impl.FollowerInfo (FollowerInfo.java:lambda$new$0(50)) - omNode-3->omNode-2: nextIndex: updateUnconditionally 0 -> 0
2019-09-05 08:33:12,377 [grpc-default-executor-8] INFO  impl.FollowerInfo (FollowerInfo.java:lambda$new$0(50)) - omNode-3->omNode-1: nextIndex: updateUnconditionally 0 -> 0
2019-09-05 08:33:12,450 | INFO  | SCMAudit | user=jenkins1000 | ip=192.168.36.69 | op=SEND_HEARTBEAT {datanodeUUID=baa0ac9c-d259-45b0-b366-08e52759ad0f, command=[]} | ret=SUCCESS |  
2019-09-05 08:33:12,877 [grpc-default-executor-10] WARN  server.GrpcLogAppender (LogUtils.java:warn(134)) - omNode-3->omNode-1: Failed appendEntries: org.apache.ratis.thirdparty.io.grpc.StatusRuntimeException: UNAVAILABLE: io exception
2019-09-05 08:33:12,877 [grpc-default-executor-11] WARN  server.GrpcLogAppender (LogUtils.java:warn(134)) - omNode-3->omNode-2: Failed appendEntries: org.apache.ratis.thirdparty.io.grpc.StatusRuntimeException: UNAVAILABLE: io exception
2019-09-05 08:33:12,877 [grpc-default-executor-10] INFO  impl.FollowerInfo (FollowerInfo.java:lambda$new$0(50)) - omNode-3->omNode-1: nextIndex: updateUnconditionally 0 -> 0
2019-09-05 08:33:12,878 [grpc-default-executor-11] INFO  impl.FollowerInfo (FollowerInfo.java:lambda$new$0(50)) - omNode-3->omNode-2: nextIndex: updateUnconditionally 0 -> 0
2019-09-05 08:33:13,378 [grpc-default-executor-9] WARN  server.GrpcLogAppender (LogUtils.java:warn(134)) - omNode-3->omNode-1: Failed appendEntries: org.apache.ratis.thirdparty.io.grpc.StatusRuntimeException: UNAVAILABLE: io exception
2019-09-05 08:33:13,378 [grpc-default-executor-7] WARN  server.GrpcLogAppender (LogUtils.java:warn(134)) - omNode-3->omNode-2: Failed appendEntries: org.apache.ratis.thirdparty.io.grpc.StatusRuntimeException: UNAVAILABLE: io exception
2019-09-05 08:33:13,379 [grpc-default-executor-9] INFO  impl.FollowerInfo (FollowerInfo.java:lambda$new$0(50)) - omNode-3->omNode-1: nextIndex: updateUnconditionally 0 -> 0
2019-09-05 08:33:13,379 [grpc-default-executor-7] INFO  impl.FollowerInfo (FollowerInfo.java:lambda$new$0(50)) - omNode-3->omNode-2: nextIndex: updateUnconditionally 0 -> 0
2019-09-05 08:33:13,451 | INFO  | SCMAudit | user=jenkins1000 | ip=192.168.36.69 | op=SEND_HEARTBEAT {datanodeUUID=baa0ac9c-d259-45b0-b366-08e52759ad0f, command=[]} | ret=SUCCESS |  
2019-09-05 08:33:13,879 [grpc-default-executor-7] WARN  server.GrpcLogAppender (LogUtils.java:warn(134)) - omNode-3->omNode-1: Failed appendEntries: org.apache.ratis.thirdparty.io.grpc.StatusRuntimeException: UNAVAILABLE: io exception
2019-09-05 08:33:13,879 [grpc-default-executor-8] WARN  server.GrpcLogAppender (LogUtils.java:warn(134)) - omNode-3->omNode-2: Failed appendEntries: org.apache.ratis.thirdparty.io.grpc.StatusRuntimeException: UNAVAILABLE: io exception
2019-09-05 08:33:13,879 [grpc-default-executor-7] INFO  impl.FollowerInfo (FollowerInfo.java:lambda$new$0(50)) - omNode-3->omNode-1: nextIndex: updateUnconditionally 0 -> 0
2019-09-05 08:33:13,879 [grpc-default-executor-8] INFO  impl.FollowerInfo (FollowerInfo.java:lambda$new$0(50)) - omNode-3->omNode-2: nextIndex: updateUnconditionally 0 -> 0
2019-09-05 08:33:14,379 [grpc-default-executor-8] WARN  server.GrpcLogAppender (LogUtils.java:warn(134)) - omNode-3->omNode-2: Failed appendEntries: org.apache.ratis.thirdparty.io.grpc.StatusRuntimeException: UNAVAILABLE: io exception
2019-09-05 08:33:14,379 [grpc-default-executor-7] WARN  server.GrpcLogAppender (LogUtils.java:warn(134)) - omNode-3->omNode-1: Failed appendEntries: org.apache.ratis.thirdparty.io.grpc.StatusRuntimeException: UNAVAILABLE: io exception
2019-09-05 08:33:14,380 [grpc-default-executor-8] INFO  impl.FollowerInfo (FollowerInfo.java:lambda$new$0(50)) - omNode-3->omNode-2: nextIndex: updateUnconditionally 0 -> 0
2019-09-05 08:33:14,380 [grpc-default-executor-7] INFO  impl.FollowerInfo (FollowerInfo.java:lambda$new$0(50)) - omNode-3->omNode-1: nextIndex: updateUnconditionally 0 -> 0
2019-09-05 08:33:14,451 | INFO  | SCMAudit | user=jenkins1000 | ip=192.168.36.69 | op=SEND_HEARTBEAT {datanodeUUID=baa0ac9c-d259-45b0-b366-08e52759ad0f, command=[]} | ret=SUCCESS |  
2019-09-05 08:33:14,880 [grpc-default-executor-9] WARN  server.GrpcLogAppender (LogUtils.java:warn(134)) - omNode-3->omNode-1: Failed appendEntries: org.apache.ratis.thirdparty.io.grpc.StatusRuntimeException: UNAVAILABLE: io exception
2019-09-05 08:33:14,880 [grpc-default-executor-8] WARN  server.GrpcLogAppender (LogUtils.java:warn(134)) - omNode-3->omNode-2: Failed appendEntries: org.apache.ratis.thirdparty.io.grpc.StatusRuntimeException: UNAVAILABLE: io exception
2019-09-05 08:33:14,880 [grpc-default-executor-9] INFO  impl.FollowerInfo (FollowerInfo.java:lambda$new$0(50)) - omNode-3->omNode-1: nextIndex: updateUnconditionally 0 -> 0
2019-09-05 08:33:14,880 [grpc-default-executor-8] INFO  impl.FollowerInfo (FollowerInfo.java:lambda$new$0(50)) - omNode-3->omNode-2: nextIndex: updateUnconditionally 0 -> 0
2019-09-05 08:33:15,381 [grpc-default-executor-4] WARN  server.GrpcLogAppender (LogUtils.java:warn(134)) - omNode-3->omNode-2: Failed appendEntries: org.apache.ratis.thirdparty.io.grpc.StatusRuntimeException: UNAVAILABLE: io exception
2019-09-05 08:33:15,381 [grpc-default-executor-9] WARN  server.GrpcLogAppender (LogUtils.java:warn(134)) - omNode-3->omNode-1: Failed appendEntries: org.apache.ratis.thirdparty.io.grpc.StatusRuntimeException: UNAVAILABLE: io exception
2019-09-05 08:33:15,381 [grpc-default-executor-4] INFO  impl.FollowerInfo (FollowerInfo.java:lambda$new$0(50)) - omNode-3->omNode-2: nextIndex: updateUnconditionally 0 -> 0
2019-09-05 08:33:15,381 [grpc-default-executor-9] INFO  impl.FollowerInfo (FollowerInfo.java:lambda$new$0(50)) - omNode-3->omNode-1: nextIndex: updateUnconditionally 0 -> 0
2019-09-05 08:33:15,451 | INFO  | SCMAudit | user=jenkins1000 | ip=192.168.36.69 | op=SEND_HEARTBEAT {datanodeUUID=baa0ac9c-d259-45b0-b366-08e52759ad0f, command=[]} | ret=SUCCESS |  
2019-09-05 08:33:15,881 [grpc-default-executor-11] WARN  server.GrpcLogAppender (LogUtils.java:warn(134)) - omNode-3->omNode-2: Failed appendEntries: org.apache.ratis.thirdparty.io.grpc.StatusRuntimeException: UNAVAILABLE: io exception
2019-09-05 08:33:15,881 [grpc-default-executor-9] WARN  server.GrpcLogAppender (LogUtils.java:warn(134)) - omNode-3->omNode-1: Failed appendEntries: org.apache.ratis.thirdparty.io.grpc.StatusRuntimeException: UNAVAILABLE: io exception
2019-09-05 08:33:15,881 [grpc-default-executor-11] INFO  impl.FollowerInfo (FollowerInfo.java:lambda$new$0(50)) - omNode-3->omNode-2: nextIndex: updateUnconditionally 0 -> 0
2019-09-05 08:33:15,881 [grpc-default-executor-9] INFO  impl.FollowerInfo (FollowerInfo.java:lambda$new$0(50)) - omNode-3->omNode-1: nextIndex: updateUnconditionally 0 -> 0
2019-09-05 08:33:16,382 [grpc-default-executor-4] WARN  server.GrpcLogAppender (LogUtils.java:warn(134)) - omNode-3->omNode-2: Failed appendEntries: org.apache.ratis.thirdparty.io.grpc.StatusRuntimeException: UNAVAILABLE: io exception
2019-09-05 08:33:16,382 [grpc-default-executor-11] WARN  server.GrpcLogAppender (LogUtils.java:warn(134)) - omNode-3->omNode-1: Failed appendEntries: org.apache.ratis.thirdparty.io.grpc.StatusRuntimeException: UNAVAILABLE: io exception
2019-09-05 08:33:16,382 [grpc-default-executor-4] INFO  impl.FollowerInfo (FollowerInfo.java:lambda$new$0(50)) - omNode-3->omNode-2: nextIndex: updateUnconditionally 0 -> 0
2019-09-05 08:33:16,382 [grpc-default-executor-11] INFO  impl.FollowerInfo (FollowerInfo.java:lambda$new$0(50)) - omNode-3->omNode-1: nextIndex: updateUnconditionally 0 -> 0
2019-09-05 08:33:16,450 | INFO  | SCMAudit | user=jenkins1000 | ip=192.168.36.69 | op=SEND_HEARTBEAT {datanodeUUID=baa0ac9c-d259-45b0-b366-08e52759ad0f, command=[]} | ret=SUCCESS |  
2019-09-05 08:33:16,882 [grpc-default-executor-9] WARN  server.GrpcLogAppender (LogUtils.java:warn(134)) - omNode-3->omNode-2: Failed appendEntries: org.apache.ratis.thirdparty.io.grpc.StatusRuntimeException: UNAVAILABLE: io exception
2019-09-05 08:33:16,882 [grpc-default-executor-11] WARN  server.GrpcLogAppender (LogUtils.java:warn(134)) - omNode-3->omNode-1: Failed appendEntries: org.apache.ratis.thirdparty.io.grpc.StatusRuntimeException: UNAVAILABLE: io exception
2019-09-05 08:33:16,883 [grpc-default-executor-9] INFO  impl.FollowerInfo (FollowerInfo.java:lambda$new$0(50)) - omNode-3->omNode-2: nextIndex: updateUnconditionally 0 -> 0
2019-09-05 08:33:16,883 [grpc-default-executor-11] INFO  impl.FollowerInfo (FollowerInfo.java:lambda$new$0(50)) - omNode-3->omNode-1: nextIndex: updateUnconditionally 0 -> 0
2019-09-05 08:33:17,383 [grpc-default-executor-4] WARN  server.GrpcLogAppender (LogUtils.java:warn(134)) - omNode-3->omNode-2: Failed appendEntries: org.apache.ratis.thirdparty.io.grpc.StatusRuntimeException: UNAVAILABLE: io exception
2019-09-05 08:33:17,383 [grpc-default-executor-11] WARN  server.GrpcLogAppender (LogUtils.java:warn(134)) - omNode-3->omNode-1: Failed appendEntries: org.apache.ratis.thirdparty.io.grpc.StatusRuntimeException: UNAVAILABLE: io exception
2019-09-05 08:33:17,384 [grpc-default-executor-4] INFO  impl.FollowerInfo (FollowerInfo.java:lambda$new$0(50)) - omNode-3->omNode-2: nextIndex: updateUnconditionally 0 -> 0
2019-09-05 08:33:17,384 [grpc-default-executor-11] INFO  impl.FollowerInfo (FollowerInfo.java:lambda$new$0(50)) - omNode-3->omNode-1: nextIndex: updateUnconditionally 0 -> 0
2019-09-05 08:33:17,451 | INFO  | SCMAudit | user=jenkins1000 | ip=192.168.36.69 | op=SEND_HEARTBEAT {datanodeUUID=baa0ac9c-d259-45b0-b366-08e52759ad0f, command=[]} | ret=SUCCESS |  
2019-09-05 08:33:17,883 [grpc-default-executor-7] WARN  server.GrpcLogAppender (LogUtils.java:warn(134)) - omNode-3->omNode-2: Failed appendEntries: org.apache.ratis.thirdparty.io.grpc.StatusRuntimeException: UNAVAILABLE: io exception
2019-09-05 08:33:17,883 [grpc-default-executor-11] WARN  server.GrpcLogAppender (LogUtils.java:warn(134)) - omNode-3->omNode-1: Failed appendEntries: org.apache.ratis.thirdparty.io.grpc.StatusRuntimeException: UNAVAILABLE: io exception
2019-09-05 08:33:17,884 [grpc-default-executor-7] INFO  impl.FollowerInfo (FollowerInfo.java:lambda$new$0(50)) - omNode-3->omNode-2: nextIndex: updateUnconditionally 0 -> 0
2019-09-05 08:33:17,884 [grpc-default-executor-11] INFO  impl.FollowerInfo (FollowerInfo.java:lambda$new$0(50)) - omNode-3->omNode-1: nextIndex: updateUnconditionally 0 -> 0
2019-09-05 08:33:18,384 [grpc-default-executor-10] WARN  server.GrpcLogAppender (LogUtils.java:warn(134)) - omNode-3->omNode-2: Failed appendEntries: org.apache.ratis.thirdparty.io.grpc.StatusRuntimeException: UNAVAILABLE: io exception
2019-09-05 08:33:18,384 [grpc-default-executor-9] WARN  server.GrpcLogAppender (LogUtils.java:warn(134)) - omNode-3->omNode-1: Failed appendEntries: org.apache.ratis.thirdparty.io.grpc.StatusRuntimeException: UNAVAILABLE: io exception
2019-09-05 08:33:18,384 [grpc-default-executor-10] INFO  impl.FollowerInfo (FollowerInfo.java:lambda$new$0(50)) - omNode-3->omNode-2: nextIndex: updateUnconditionally 0 -> 0
2019-09-05 08:33:18,384 [grpc-default-executor-9] INFO  impl.FollowerInfo (FollowerInfo.java:lambda$new$0(50)) - omNode-3->omNode-1: nextIndex: updateUnconditionally 0 -> 0
2019-09-05 08:33:18,450 | INFO  | SCMAudit | user=jenkins1000 | ip=192.168.36.69 | op=SEND_HEARTBEAT {datanodeUUID=baa0ac9c-d259-45b0-b366-08e52759ad0f, command=[]} | ret=SUCCESS |  
2019-09-05 08:33:18,884 [grpc-default-executor-7] WARN  server.GrpcLogAppender (LogUtils.java:warn(134)) - omNode-3->omNode-1: Failed appendEntries: org.apache.ratis.thirdparty.io.grpc.StatusRuntimeException: UNAVAILABLE: io exception
2019-09-05 08:33:18,885 [grpc-default-executor-8] WARN  server.GrpcLogAppender (LogUtils.java:warn(134)) - omNode-3->omNode-2: Failed appendEntries: org.apache.ratis.thirdparty.io.grpc.StatusRuntimeException: UNAVAILABLE: io exception
2019-09-05 08:33:18,885 [grpc-default-executor-7] INFO  impl.FollowerInfo (FollowerInfo.java:lambda$new$0(50)) - omNode-3->omNode-1: nextIndex: updateUnconditionally 0 -> 0
2019-09-05 08:33:18,885 [grpc-default-executor-8] INFO  impl.FollowerInfo (FollowerInfo.java:lambda$new$0(50)) - omNode-3->omNode-2: nextIndex: updateUnconditionally 0 -> 0
2019-09-05 08:33:19,385 [grpc-default-executor-11] WARN  server.GrpcLogAppender (LogUtils.java:warn(134)) - omNode-3->omNode-2: Failed appendEntries: org.apache.ratis.thirdparty.io.grpc.StatusRuntimeException: UNAVAILABLE: io exception
2019-09-05 08:33:19,385 [grpc-default-executor-10] WARN  server.GrpcLogAppender (LogUtils.java:warn(134)) - omNode-3->omNode-1: Failed appendEntries: org.apache.ratis.thirdparty.io.grpc.StatusRuntimeException: UNAVAILABLE: io exception
2019-09-05 08:33:19,385 [grpc-default-executor-11] INFO  impl.FollowerInfo (FollowerInfo.java:lambda$new$0(50)) - omNode-3->omNode-2: nextIndex: updateUnconditionally 0 -> 0
2019-09-05 08:33:19,386 [grpc-default-executor-10] INFO  impl.FollowerInfo (FollowerInfo.java:lambda$new$0(50)) - omNode-3->omNode-1: nextIndex: updateUnconditionally 0 -> 0
2019-09-05 08:33:19,451 | INFO  | SCMAudit | user=jenkins1000 | ip=192.168.36.69 | op=SEND_HEARTBEAT {datanodeUUID=baa0ac9c-d259-45b0-b366-08e52759ad0f, command=[]} | ret=SUCCESS |  
2019-09-05 08:33:19,885 [grpc-default-executor-11] WARN  server.GrpcLogAppender (LogUtils.java:warn(134)) - omNode-3->omNode-1: Failed appendEntries: org.apache.ratis.thirdparty.io.grpc.StatusRuntimeException: UNAVAILABLE: io exception
2019-09-05 08:33:19,885 [grpc-default-executor-7] WARN  server.GrpcLogAppender (LogUtils.java:warn(134)) - omNode-3->omNode-2: Failed appendEntries: org.apache.ratis.thirdparty.io.grpc.StatusRuntimeException: UNAVAILABLE: io exception
2019-09-05 08:33:19,886 [grpc-default-executor-11] INFO  impl.FollowerInfo (FollowerInfo.java:lambda$new$0(50)) - omNode-3->omNode-1: nextIndex: updateUnconditionally 0 -> 0
2019-09-05 08:33:19,886 [grpc-default-executor-7] INFO  impl.FollowerInfo (FollowerInfo.java:lambda$new$0(50)) - omNode-3->omNode-2: nextIndex: updateUnconditionally 0 -> 0
2019-09-05 08:33:20,386 [grpc-default-executor-11] WARN  server.GrpcLogAppender (LogUtils.java:warn(134)) - omNode-3->omNode-2: Failed appendEntries: org.apache.ratis.thirdparty.io.grpc.StatusRuntimeException: UNAVAILABLE: io exception
2019-09-05 08:33:20,386 [grpc-default-executor-9] WARN  server.GrpcLogAppender (LogUtils.java:warn(134)) - omNode-3->omNode-1: Failed appendEntries: org.apache.ratis.thirdparty.io.grpc.StatusRuntimeException: UNAVAILABLE: io exception
2019-09-05 08:33:20,387 [grpc-default-executor-11] INFO  impl.FollowerInfo (FollowerInfo.java:lambda$new$0(50)) - omNode-3->omNode-2: nextIndex: updateUnconditionally 0 -> 0
2019-09-05 08:33:20,387 [grpc-default-executor-9] INFO  impl.FollowerInfo (FollowerInfo.java:lambda$new$0(50)) - omNode-3->omNode-1: nextIndex: updateUnconditionally 0 -> 0
2019-09-05 08:33:20,451 | INFO  | SCMAudit | user=jenkins1000 | ip=192.168.36.69 | op=SEND_HEARTBEAT {datanodeUUID=baa0ac9c-d259-45b0-b366-08e52759ad0f, command=[]} | ret=SUCCESS |  
2019-09-05 08:33:20,887 [grpc-default-executor-10] WARN  server.GrpcLogAppender (LogUtils.java:warn(134)) - omNode-3->omNode-1: Failed appendEntries: org.apache.ratis.thirdparty.io.grpc.StatusRuntimeException: UNAVAILABLE: io exception
2019-09-05 08:33:20,887 [grpc-default-executor-8] WARN  server.GrpcLogAppender (LogUtils.java:warn(134)) - omNode-3->omNode-2: Failed appendEntries: org.apache.ratis.thirdparty.io.grpc.StatusRuntimeException: UNAVAILABLE: io exception
2019-09-05 08:33:20,887 [grpc-default-executor-10] INFO  impl.FollowerInfo (FollowerInfo.java:lambda$new$0(50)) - omNode-3->omNode-1: nextIndex: updateUnconditionally 0 -> 0
2019-09-05 08:33:20,888 [grpc-default-executor-8] INFO  impl.FollowerInfo (FollowerInfo.java:lambda$new$0(50)) - omNode-3->omNode-2: nextIndex: updateUnconditionally 0 -> 0
2019-09-05 08:33:21,387 [grpc-default-executor-10] WARN  server.GrpcLogAppender (LogUtils.java:warn(134)) - omNode-3->omNode-1: Failed appendEntries: org.apache.ratis.thirdparty.io.grpc.StatusRuntimeException: UNAVAILABLE: io exception
2019-09-05 08:33:21,387 [grpc-default-executor-11] WARN  server.GrpcLogAppender (LogUtils.java:warn(134)) - omNode-3->omNode-2: Failed appendEntries: org.apache.ratis.thirdparty.io.grpc.StatusRuntimeException: UNAVAILABLE: io exception
2019-09-05 08:33:21,388 [grpc-default-executor-10] INFO  impl.FollowerInfo (FollowerInfo.java:lambda$new$0(50)) - omNode-3->omNode-1: nextIndex: updateUnconditionally 0 -> 0
2019-09-05 08:33:21,388 [grpc-default-executor-11] INFO  impl.FollowerInfo (FollowerInfo.java:lambda$new$0(50)) - omNode-3->omNode-2: nextIndex: updateUnconditionally 0 -> 0
2019-09-05 08:33:21,452 | INFO  | SCMAudit | user=jenkins1000 | ip=192.168.36.69 | op=SEND_HEARTBEAT {datanodeUUID=baa0ac9c-d259-45b0-b366-08e52759ad0f, command=[]} | ret=SUCCESS |  
2019-09-05 08:33:21,888 [grpc-default-executor-8] WARN  server.GrpcLogAppender (LogUtils.java:warn(134)) - omNode-3->omNode-2: Failed appendEntries: org.apache.ratis.thirdparty.io.grpc.StatusRuntimeException: UNAVAILABLE: io exception
2019-09-05 08:33:21,888 [grpc-default-executor-11] WARN  server.GrpcLogAppender (LogUtils.java:warn(134)) - omNode-3->omNode-1: Failed appendEntries: org.apache.ratis.thirdparty.io.grpc.StatusRuntimeException: UNAVAILABLE: io exception
2019-09-05 08:33:21,888 [grpc-default-executor-8] INFO  impl.FollowerInfo (FollowerInfo.java:lambda$new$0(50)) - omNode-3->omNode-2: nextIndex: updateUnconditionally 0 -> 0
2019-09-05 08:33:21,888 [grpc-default-executor-11] INFO  impl.FollowerInfo (FollowerInfo.java:lambda$new$0(50)) - omNode-3->omNode-1: nextIndex: updateUnconditionally 0 -> 0
2019-09-05 08:33:22,389 [grpc-default-executor-7] WARN  server.GrpcLogAppender (LogUtils.java:warn(134)) - omNode-3->omNode-2: Failed appendEntries: org.apache.ratis.thirdparty.io.grpc.StatusRuntimeException: UNAVAILABLE: io exception
2019-09-05 08:33:22,389 [grpc-default-executor-10] WARN  server.GrpcLogAppender (LogUtils.java:warn(134)) - omNode-3->omNode-1: Failed appendEntries: org.apache.ratis.thirdparty.io.grpc.StatusRuntimeException: UNAVAILABLE: io exception
2019-09-05 08:33:22,389 [grpc-default-executor-7] INFO  impl.FollowerInfo (FollowerInfo.java:lambda$new$0(50)) - omNode-3->omNode-2: nextIndex: updateUnconditionally 0 -> 0
2019-09-05 08:33:22,389 [grpc-default-executor-10] INFO  impl.FollowerInfo (FollowerInfo.java:lambda$new$0(50)) - omNode-3->omNode-1: nextIndex: updateUnconditionally 0 -> 0
2019-09-05 08:33:22,452 | INFO  | SCMAudit | user=jenkins1000 | ip=192.168.36.69 | op=SEND_HEARTBEAT {datanodeUUID=baa0ac9c-d259-45b0-b366-08e52759ad0f, command=[]} | ret=SUCCESS |  
2019-09-05 08:33:22,889 [grpc-default-executor-10] WARN  server.GrpcLogAppender (LogUtils.java:warn(134)) - omNode-3->omNode-2: Failed appendEntries: org.apache.ratis.thirdparty.io.grpc.StatusRuntimeException: UNAVAILABLE: io exception
2019-09-05 08:33:22,889 [grpc-default-executor-8] WARN  server.GrpcLogAppender (LogUtils.java:warn(134)) - omNode-3->omNode-1: Failed appendEntries: org.apache.ratis.thirdparty.io.grpc.StatusRuntimeException: UNAVAILABLE: io exception
2019-09-05 08:33:22,890 [grpc-default-executor-10] INFO  impl.FollowerInfo (FollowerInfo.java:lambda$new$0(50)) - omNode-3->omNode-2: nextIndex: updateUnconditionally 0 -> 0
2019-09-05 08:33:22,891 [grpc-default-executor-8] INFO  impl.FollowerInfo (FollowerInfo.java:lambda$new$0(50)) - omNode-3->omNode-1: nextIndex: updateUnconditionally 0 -> 0
2019-09-05 08:33:23,390 [grpc-default-executor-4] WARN  server.GrpcLogAppender (LogUtils.java:warn(134)) - omNode-3->omNode-1: Failed appendEntries: org.apache.ratis.thirdparty.io.grpc.StatusRuntimeException: UNAVAILABLE: io exception
2019-09-05 08:33:23,390 [grpc-default-executor-9] WARN  server.GrpcLogAppender (LogUtils.java:warn(134)) - omNode-3->omNode-2: Failed appendEntries: org.apache.ratis.thirdparty.io.grpc.StatusRuntimeException: UNAVAILABLE: io exception
2019-09-05 08:33:23,391 [grpc-default-executor-4] INFO  impl.FollowerInfo (FollowerInfo.java:lambda$new$0(50)) - omNode-3->omNode-1: nextIndex: updateUnconditionally 0 -> 0
2019-09-05 08:33:23,391 [grpc-default-executor-9] INFO  impl.FollowerInfo (FollowerInfo.java:lambda$new$0(50)) - omNode-3->omNode-2: nextIndex: updateUnconditionally 0 -> 0
2019-09-05 08:33:23,452 | INFO  | SCMAudit | user=jenkins1000 | ip=192.168.36.69 | op=SEND_HEARTBEAT {datanodeUUID=baa0ac9c-d259-45b0-b366-08e52759ad0f, command=[]} | ret=SUCCESS |  
2019-09-05 08:33:23,890 [grpc-default-executor-7] WARN  server.GrpcLogAppender (LogUtils.java:warn(134)) - omNode-3->omNode-2: Failed appendEntries: org.apache.ratis.thirdparty.io.grpc.StatusRuntimeException: UNAVAILABLE: io exception
2019-09-05 08:33:23,890 [grpc-default-executor-11] WARN  server.GrpcLogAppender (LogUtils.java:warn(134)) - omNode-3->omNode-1: Failed appendEntries: org.apache.ratis.thirdparty.io.grpc.StatusRuntimeException: UNAVAILABLE: io exception
2019-09-05 08:33:23,891 [grpc-default-executor-7] INFO  impl.FollowerInfo (FollowerInfo.java:lambda$new$0(50)) - omNode-3->omNode-2: nextIndex: updateUnconditionally 0 -> 0
2019-09-05 08:33:23,891 [grpc-default-executor-11] INFO  impl.FollowerInfo (FollowerInfo.java:lambda$new$0(50)) - omNode-3->omNode-1: nextIndex: updateUnconditionally 0 -> 0
2019-09-05 08:33:24,391 [grpc-default-executor-11] WARN  server.GrpcLogAppender (LogUtils.java:warn(134)) - omNode-3->omNode-1: Failed appendEntries: org.apache.ratis.thirdparty.io.grpc.StatusRuntimeException: UNAVAILABLE: io exception
2019-09-05 08:33:24,391 [grpc-default-executor-4] WARN  server.GrpcLogAppender (LogUtils.java:warn(134)) - omNode-3->omNode-2: Failed appendEntries: org.apache.ratis.thirdparty.io.grpc.StatusRuntimeException: UNAVAILABLE: io exception
2019-09-05 08:33:24,392 [grpc-default-executor-11] INFO  impl.FollowerInfo (FollowerInfo.java:lambda$new$0(50)) - omNode-3->omNode-1: nextIndex: updateUnconditionally 0 -> 0
2019-09-05 08:33:24,392 [grpc-default-executor-4] INFO  impl.FollowerInfo (FollowerInfo.java:lambda$new$0(50)) - omNode-3->omNode-2: nextIndex: updateUnconditionally 0 -> 0
2019-09-05 08:33:24,452 | INFO  | SCMAudit | user=jenkins1000 | ip=192.168.36.69 | op=SEND_HEARTBEAT {datanodeUUID=baa0ac9c-d259-45b0-b366-08e52759ad0f, command=[]} | ret=SUCCESS |  
2019-09-05 08:33:24,892 [grpc-default-executor-9] WARN  server.GrpcLogAppender (LogUtils.java:warn(134)) - omNode-3->omNode-2: Failed appendEntries: org.apache.ratis.thirdparty.io.grpc.StatusRuntimeException: UNAVAILABLE: io exception
2019-09-05 08:33:24,892 [grpc-default-executor-8] WARN  server.GrpcLogAppender (LogUtils.java:warn(134)) - omNode-3->omNode-1: Failed appendEntries: org.apache.ratis.thirdparty.io.grpc.StatusRuntimeException: UNAVAILABLE: io exception
2019-09-05 08:33:24,892 [grpc-default-executor-9] INFO  impl.FollowerInfo (FollowerInfo.java:lambda$new$0(50)) - omNode-3->omNode-2: nextIndex: updateUnconditionally 0 -> 0
2019-09-05 08:33:24,893 [grpc-default-executor-8] INFO  impl.FollowerInfo (FollowerInfo.java:lambda$new$0(50)) - omNode-3->omNode-1: nextIndex: updateUnconditionally 0 -> 0
2019-09-05 08:33:25,392 [grpc-default-executor-11] WARN  server.GrpcLogAppender (LogUtils.java:warn(134)) - omNode-3->omNode-1: Failed appendEntries: org.apache.ratis.thirdparty.io.grpc.StatusRuntimeException: UNAVAILABLE: io exception
2019-09-05 08:33:25,392 [grpc-default-executor-4] WARN  server.GrpcLogAppender (LogUtils.java:warn(134)) - omNode-3->omNode-2: Failed appendEntries: org.apache.ratis.thirdparty.io.grpc.StatusRuntimeException: UNAVAILABLE: io exception
2019-09-05 08:33:25,394 [grpc-default-executor-11] INFO  impl.FollowerInfo (FollowerInfo.java:lambda$new$0(50)) - omNode-3->omNode-1: nextIndex: updateUnconditionally 0 -> 0
2019-09-05 08:33:25,394 [grpc-default-executor-4] INFO  impl.FollowerInfo (FollowerInfo.java:lambda$new$0(50)) - omNode-3->omNode-2: nextIndex: updateUnconditionally 0 -> 0
2019-09-05 08:33:25,452 | INFO  | SCMAudit | user=jenkins1000 | ip=192.168.36.69 | op=SEND_HEARTBEAT {datanodeUUID=baa0ac9c-d259-45b0-b366-08e52759ad0f, command=[]} | ret=SUCCESS |  
2019-09-05 08:33:25,893 [grpc-default-executor-7] WARN  server.GrpcLogAppender (LogUtils.java:warn(134)) - omNode-3->omNode-1: Failed appendEntries: org.apache.ratis.thirdparty.io.grpc.StatusRuntimeException: UNAVAILABLE: io exception
2019-09-05 08:33:25,893 [grpc-default-executor-4] WARN  server.GrpcLogAppender (LogUtils.java:warn(134)) - omNode-3->omNode-2: Failed appendEntries: org.apache.ratis.thirdparty.io.grpc.StatusRuntimeException: UNAVAILABLE: io exception
2019-09-05 08:33:25,894 [grpc-default-executor-7] INFO  impl.FollowerInfo (FollowerInfo.java:lambda$new$0(50)) - omNode-3->omNode-1: nextIndex: updateUnconditionally 0 -> 0
2019-09-05 08:33:25,894 [grpc-default-executor-4] INFO  impl.FollowerInfo (FollowerInfo.java:lambda$new$0(50)) - omNode-3->omNode-2: nextIndex: updateUnconditionally 0 -> 0
2019-09-05 08:33:26,394 [grpc-default-executor-10] WARN  server.GrpcLogAppender (LogUtils.java:warn(134)) - omNode-3->omNode-2: Failed appendEntries: org.apache.ratis.thirdparty.io.grpc.StatusRuntimeException: UNAVAILABLE: io exception
2019-09-05 08:33:26,394 [grpc-default-executor-11] WARN  server.GrpcLogAppender (LogUtils.java:warn(134)) - omNode-3->omNode-1: Failed appendEntries: org.apache.ratis.thirdparty.io.grpc.StatusRuntimeException: UNAVAILABLE: io exception
2019-09-05 08:33:26,395 [grpc-default-executor-10] INFO  impl.FollowerInfo (FollowerInfo.java:lambda$new$0(50)) - omNode-3->omNode-2: nextIndex: updateUnconditionally 0 -> 0
2019-09-05 08:33:26,395 [grpc-default-executor-11] INFO  impl.FollowerInfo (FollowerInfo.java:lambda$new$0(50)) - omNode-3->omNode-1: nextIndex: updateUnconditionally 0 -> 0
2019-09-05 08:33:26,452 | INFO  | SCMAudit | user=jenkins1000 | ip=192.168.36.69 | op=SEND_HEARTBEAT {datanodeUUID=baa0ac9c-d259-45b0-b366-08e52759ad0f, command=[]} | ret=SUCCESS |  
2019-09-05 08:33:26,894 [grpc-default-executor-4] WARN  server.GrpcLogAppender (LogUtils.java:warn(134)) - omNode-3->omNode-2: Failed appendEntries: org.apache.ratis.thirdparty.io.grpc.StatusRuntimeException: UNAVAILABLE: io exception
2019-09-05 08:33:26,894 [grpc-default-executor-7] WARN  server.GrpcLogAppender (LogUtils.java:warn(134)) - omNode-3->omNode-1: Failed appendEntries: org.apache.ratis.thirdparty.io.grpc.StatusRuntimeException: UNAVAILABLE: io exception
2019-09-05 08:33:26,895 [grpc-default-executor-4] INFO  impl.FollowerInfo (FollowerInfo.java:lambda$new$0(50)) - omNode-3->omNode-2: nextIndex: updateUnconditionally 0 -> 0
2019-09-05 08:33:26,895 [grpc-default-executor-7] INFO  impl.FollowerInfo (FollowerInfo.java:lambda$new$0(50)) - omNode-3->omNode-1: nextIndex: updateUnconditionally 0 -> 0
2019-09-05 08:33:27,396 [grpc-default-executor-9] WARN  server.GrpcLogAppender (LogUtils.java:warn(134)) - omNode-3->omNode-2: Failed appendEntries: org.apache.ratis.thirdparty.io.grpc.StatusRuntimeException: UNAVAILABLE: io exception
2019-09-05 08:33:27,396 [grpc-default-executor-10] WARN  server.GrpcLogAppender (LogUtils.java:warn(134)) - omNode-3->omNode-1: Failed appendEntries: org.apache.ratis.thirdparty.io.grpc.StatusRuntimeException: UNAVAILABLE: io exception
2019-09-05 08:33:27,397 [grpc-default-executor-9] INFO  impl.FollowerInfo (FollowerInfo.java:lambda$new$0(50)) - omNode-3->omNode-2: nextIndex: updateUnconditionally 0 -> 0
2019-09-05 08:33:27,397 [grpc-default-executor-10] INFO  impl.FollowerInfo (FollowerInfo.java:lambda$new$0(50)) - omNode-3->omNode-1: nextIndex: updateUnconditionally 0 -> 0
2019-09-05 08:33:27,452 | INFO  | SCMAudit | user=jenkins1000 | ip=192.168.36.69 | op=SEND_HEARTBEAT {datanodeUUID=baa0ac9c-d259-45b0-b366-08e52759ad0f, command=[]} | ret=SUCCESS |  
2019-09-05 08:33:27,897 [grpc-default-executor-4] WARN  server.GrpcLogAppender (LogUtils.java:warn(134)) - omNode-3->omNode-2: Failed appendEntries: org.apache.ratis.thirdparty.io.grpc.StatusRuntimeException: UNAVAILABLE: io exception
2019-09-05 08:33:27,897 [grpc-default-executor-8] WARN  server.GrpcLogAppender (LogUtils.java:warn(134)) - omNode-3->omNode-1: Failed appendEntries: org.apache.ratis.thirdparty.io.grpc.StatusRuntimeException: UNAVAILABLE: io exception
2019-09-05 08:33:27,897 [grpc-default-executor-4] INFO  impl.FollowerInfo (FollowerInfo.java:lambda$new$0(50)) - omNode-3->omNode-2: nextIndex: updateUnconditionally 0 -> 0
2019-09-05 08:33:27,897 [grpc-default-executor-8] INFO  impl.FollowerInfo (FollowerInfo.java:lambda$new$0(50)) - omNode-3->omNode-1: nextIndex: updateUnconditionally 0 -> 0
2019-09-05 08:33:28,397 [grpc-default-executor-4] WARN  server.GrpcLogAppender (LogUtils.java:warn(134)) - omNode-3->omNode-2: Failed appendEntries: org.apache.ratis.thirdparty.io.grpc.StatusRuntimeException: UNAVAILABLE: io exception
2019-09-05 08:33:28,397 [grpc-default-executor-10] WARN  server.GrpcLogAppender (LogUtils.java:warn(134)) - omNode-3->omNode-1: Failed appendEntries: org.apache.ratis.thirdparty.io.grpc.StatusRuntimeException: UNAVAILABLE: io exception
2019-09-05 08:33:28,397 [grpc-default-executor-4] INFO  impl.FollowerInfo (FollowerInfo.java:lambda$new$0(50)) - omNode-3->omNode-2: nextIndex: updateUnconditionally 0 -> 0
2019-09-05 08:33:28,398 [grpc-default-executor-10] INFO  impl.FollowerInfo (FollowerInfo.java:lambda$new$0(50)) - omNode-3->omNode-1: nextIndex: updateUnconditionally 0 -> 0
2019-09-05 08:33:28,451 | INFO  | SCMAudit | user=jenkins1000 | ip=192.168.36.69 | op=SEND_HEARTBEAT {datanodeUUID=baa0ac9c-d259-45b0-b366-08e52759ad0f, command=[]} | ret=SUCCESS |  
2019-09-05 08:33:28,898 [grpc-default-executor-9] WARN  server.GrpcLogAppender (LogUtils.java:warn(134)) - omNode-3->omNode-1: Failed appendEntries: org.apache.ratis.thirdparty.io.grpc.StatusRuntimeException: UNAVAILABLE: io exception
2019-09-05 08:33:28,898 [grpc-default-executor-10] WARN  server.GrpcLogAppender (LogUtils.java:warn(134)) - omNode-3->omNode-2: Failed appendEntries: org.apache.ratis.thirdparty.io.grpc.StatusRuntimeException: UNAVAILABLE: io exception
2019-09-05 08:33:28,898 [grpc-default-executor-9] INFO  impl.FollowerInfo (FollowerInfo.java:lambda$new$0(50)) - omNode-3->omNode-1: nextIndex: updateUnconditionally 0 -> 0
2019-09-05 08:33:28,898 [grpc-default-executor-10] INFO  impl.FollowerInfo (FollowerInfo.java:lambda$new$0(50)) - omNode-3->omNode-2: nextIndex: updateUnconditionally 0 -> 0
2019-09-05 08:33:29,398 [grpc-default-executor-4] WARN  server.GrpcLogAppender (LogUtils.java:warn(134)) - omNode-3->omNode-1: Failed appendEntries: org.apache.ratis.thirdparty.io.grpc.StatusRuntimeException: UNAVAILABLE: io exception
2019-09-05 08:33:29,398 [grpc-default-executor-11] WARN  server.GrpcLogAppender (LogUtils.java:warn(134)) - omNode-3->omNode-2: Failed appendEntries: org.apache.ratis.thirdparty.io.grpc.StatusRuntimeException: UNAVAILABLE: io exception
2019-09-05 08:33:29,398 [grpc-default-executor-4] INFO  impl.FollowerInfo (FollowerInfo.java:lambda$new$0(50)) - omNode-3->omNode-1: nextIndex: updateUnconditionally 0 -> 0
2019-09-05 08:33:29,399 [grpc-default-executor-11] INFO  impl.FollowerInfo (FollowerInfo.java:lambda$new$0(50)) - omNode-3->omNode-2: nextIndex: updateUnconditionally 0 -> 0
2019-09-05 08:33:29,452 | INFO  | SCMAudit | user=jenkins1000 | ip=192.168.36.69 | op=SEND_HEARTBEAT {datanodeUUID=baa0ac9c-d259-45b0-b366-08e52759ad0f, command=[]} | ret=SUCCESS |  
2019-09-05 08:33:29,899 [grpc-default-executor-4] WARN  server.GrpcLogAppender (LogUtils.java:warn(134)) - omNode-3->omNode-2: Failed appendEntries: org.apache.ratis.thirdparty.io.grpc.StatusRuntimeException: UNAVAILABLE: io exception
2019-09-05 08:33:29,899 [grpc-default-executor-11] WARN  server.GrpcLogAppender (LogUtils.java:warn(134)) - omNode-3->omNode-1: Failed appendEntries: org.apache.ratis.thirdparty.io.grpc.StatusRuntimeException: UNAVAILABLE: io exception
2019-09-05 08:33:29,899 [grpc-default-executor-4] INFO  impl.FollowerInfo (FollowerInfo.java:lambda$new$0(50)) - omNode-3->omNode-2: nextIndex: updateUnconditionally 0 -> 0
2019-09-05 08:33:29,899 [grpc-default-executor-11] INFO  impl.FollowerInfo (FollowerInfo.java:lambda$new$0(50)) - omNode-3->omNode-1: nextIndex: updateUnconditionally 0 -> 0
2019-09-05 08:33:30,399 [grpc-default-executor-9] WARN  server.GrpcLogAppender (LogUtils.java:warn(134)) - omNode-3->omNode-1: Failed appendEntries: org.apache.ratis.thirdparty.io.grpc.StatusRuntimeException: UNAVAILABLE: io exception
2019-09-05 08:33:30,399 [grpc-default-executor-11] WARN  server.GrpcLogAppender (LogUtils.java:warn(134)) - omNode-3->omNode-2: Failed appendEntries: org.apache.ratis.thirdparty.io.grpc.StatusRuntimeException: UNAVAILABLE: io exception
2019-09-05 08:33:30,400 [grpc-default-executor-9] INFO  impl.FollowerInfo (FollowerInfo.java:lambda$new$0(50)) - omNode-3->omNode-1: nextIndex: updateUnconditionally 0 -> 0
2019-09-05 08:33:30,400 [grpc-default-executor-11] INFO  impl.FollowerInfo (FollowerInfo.java:lambda$new$0(50)) - omNode-3->omNode-2: nextIndex: updateUnconditionally 0 -> 0
2019-09-05 08:33:30,452 | INFO  | SCMAudit | user=jenkins1000 | ip=192.168.36.69 | op=SEND_HEARTBEAT {datanodeUUID=baa0ac9c-d259-45b0-b366-08e52759ad0f, command=[]} | ret=SUCCESS |  
2019-09-05 08:33:30,900 [grpc-default-executor-9] WARN  server.GrpcLogAppender (LogUtils.java:warn(134)) - omNode-3->omNode-2: Failed appendEntries: org.apache.ratis.thirdparty.io.grpc.StatusRuntimeException: UNAVAILABLE: io exception
2019-09-05 08:33:30,900 [grpc-default-executor-8] WARN  server.GrpcLogAppender (LogUtils.java:warn(134)) - omNode-3->omNode-1: Failed appendEntries: org.apache.ratis.thirdparty.io.grpc.StatusRuntimeException: UNAVAILABLE: io exception
2019-09-05 08:33:30,900 [grpc-default-executor-9] INFO  impl.FollowerInfo (FollowerInfo.java:lambda$new$0(50)) - omNode-3->omNode-2: nextIndex: updateUnconditionally 0 -> 0
2019-09-05 08:33:30,900 [grpc-default-executor-8] INFO  impl.FollowerInfo (FollowerInfo.java:lambda$new$0(50)) - omNode-3->omNode-1: nextIndex: updateUnconditionally 0 -> 0
2019-09-05 08:33:31,400 [grpc-default-executor-10] WARN  server.GrpcLogAppender (LogUtils.java:warn(134)) - omNode-3->omNode-1: Failed appendEntries: org.apache.ratis.thirdparty.io.grpc.StatusRuntimeException: UNAVAILABLE: io exception
2019-09-05 08:33:31,401 [grpc-default-executor-4] WARN  server.GrpcLogAppender (LogUtils.java:warn(134)) - omNode-3->omNode-2: Failed appendEntries: org.apache.ratis.thirdparty.io.grpc.StatusRuntimeException: UNAVAILABLE: io exception
2019-09-05 08:33:31,401 [grpc-default-executor-10] INFO  impl.FollowerInfo (FollowerInfo.java:lambda$new$0(50)) - omNode-3->omNode-1: nextIndex: updateUnconditionally 0 -> 0
2019-09-05 08:33:31,401 [grpc-default-executor-4] INFO  impl.FollowerInfo (FollowerInfo.java:lambda$new$0(50)) - omNode-3->omNode-2: nextIndex: updateUnconditionally 0 -> 0
2019-09-05 08:33:31,452 | INFO  | SCMAudit | user=jenkins1000 | ip=192.168.36.69 | op=SEND_HEARTBEAT {datanodeUUID=baa0ac9c-d259-45b0-b366-08e52759ad0f, command=[]} | ret=SUCCESS |  
2019-09-05 08:33:31,901 [grpc-default-executor-11] WARN  server.GrpcLogAppender (LogUtils.java:warn(134)) - omNode-3->omNode-2: Failed appendEntries: org.apache.ratis.thirdparty.io.grpc.StatusRuntimeException: UNAVAILABLE: io exception
2019-09-05 08:33:31,901 [grpc-default-executor-7] WARN  server.GrpcLogAppender (LogUtils.java:warn(134)) - omNode-3->omNode-1: Failed appendEntries: org.apache.ratis.thirdparty.io.grpc.StatusRuntimeException: UNAVAILABLE: io exception
2019-09-05 08:33:31,902 [grpc-default-executor-11] INFO  impl.FollowerInfo (FollowerInfo.java:lambda$new$0(50)) - omNode-3->omNode-2: nextIndex: updateUnconditionally 0 -> 0
2019-09-05 08:33:31,902 [grpc-default-executor-7] INFO  impl.FollowerInfo (FollowerInfo.java:lambda$new$0(50)) - omNode-3->omNode-1: nextIndex: updateUnconditionally 0 -> 0
2019-09-05 08:33:32,402 [grpc-default-executor-11] WARN  server.GrpcLogAppender (LogUtils.java:warn(134)) - omNode-3->omNode-1: Failed appendEntries: org.apache.ratis.thirdparty.io.grpc.StatusRuntimeException: UNAVAILABLE: io exception
2019-09-05 08:33:32,402 [grpc-default-executor-8] WARN  server.GrpcLogAppender (LogUtils.java:warn(134)) - omNode-3->omNode-2: Failed appendEntries: org.apache.ratis.thirdparty.io.grpc.StatusRuntimeException: UNAVAILABLE: io exception
2019-09-05 08:33:32,402 [grpc-default-executor-11] INFO  impl.FollowerInfo (FollowerInfo.java:lambda$new$0(50)) - omNode-3->omNode-1: nextIndex: updateUnconditionally 0 -> 0
2019-09-05 08:33:32,402 [grpc-default-executor-8] INFO  impl.FollowerInfo (FollowerInfo.java:lambda$new$0(50)) - omNode-3->omNode-2: nextIndex: updateUnconditionally 0 -> 0
2019-09-05 08:33:32,452 | INFO  | SCMAudit | user=jenkins1000 | ip=192.168.36.69 | op=SEND_HEARTBEAT {datanodeUUID=baa0ac9c-d259-45b0-b366-08e52759ad0f, command=[]} | ret=SUCCESS |  
2019-09-05 08:33:32,902 [grpc-default-executor-7] WARN  server.GrpcLogAppender (LogUtils.java:warn(134)) - omNode-3->omNode-2: Failed appendEntries: org.apache.ratis.thirdparty.io.grpc.StatusRuntimeException: UNAVAILABLE: io exception
2019-09-05 08:33:32,902 [grpc-default-executor-10] WARN  server.GrpcLogAppender (LogUtils.java:warn(134)) - omNode-3->omNode-1: Failed appendEntries: org.apache.ratis.thirdparty.io.grpc.StatusRuntimeException: UNAVAILABLE: io exception
2019-09-05 08:33:32,902 [grpc-default-executor-7] INFO  impl.FollowerInfo (FollowerInfo.java:lambda$new$0(50)) - omNode-3->omNode-2: nextIndex: updateUnconditionally 0 -> 0
2019-09-05 08:33:32,903 [grpc-default-executor-10] INFO  impl.FollowerInfo (FollowerInfo.java:lambda$new$0(50)) - omNode-3->omNode-1: nextIndex: updateUnconditionally 0 -> 0
2019-09-05 08:33:33,403 [grpc-default-executor-7] WARN  server.GrpcLogAppender (LogUtils.java:warn(134)) - omNode-3->omNode-2: Failed appendEntries: org.apache.ratis.thirdparty.io.grpc.StatusRuntimeException: UNAVAILABLE: io exception
2019-09-05 08:33:33,403 [grpc-default-executor-10] WARN  server.GrpcLogAppender (LogUtils.java:warn(134)) - omNode-3->omNode-1: Failed appendEntries: org.apache.ratis.thirdparty.io.grpc.StatusRuntimeException: UNAVAILABLE: io exception
2019-09-05 08:33:33,403 [grpc-default-executor-7] INFO  impl.FollowerInfo (FollowerInfo.java:lambda$new$0(50)) - omNode-3->omNode-2: nextIndex: updateUnconditionally 0 -> 0
2019-09-05 08:33:33,403 [grpc-default-executor-10] INFO  impl.FollowerInfo (FollowerInfo.java:lambda$new$0(50)) - omNode-3->omNode-1: nextIndex: updateUnconditionally 0 -> 0
2019-09-05 08:33:33,451 | INFO  | SCMAudit | user=jenkins1000 | ip=192.168.36.69 | op=SEND_HEARTBEAT {datanodeUUID=baa0ac9c-d259-45b0-b366-08e52759ad0f, command=[]} | ret=SUCCESS |  
2019-09-05 08:33:33,903 [grpc-default-executor-4] WARN  server.GrpcLogAppender (LogUtils.java:warn(134)) - omNode-3->omNode-1: Failed appendEntries: org.apache.ratis.thirdparty.io.grpc.StatusRuntimeException: UNAVAILABLE: io exception
2019-09-05 08:33:33,903 [grpc-default-executor-7] WARN  server.GrpcLogAppender (LogUtils.java:warn(134)) - omNode-3->omNode-2: Failed appendEntries: org.apache.ratis.thirdparty.io.grpc.StatusRuntimeException: UNAVAILABLE: io exception
2019-09-05 08:33:33,904 [grpc-default-executor-4] INFO  impl.FollowerInfo (FollowerInfo.java:lambda$new$0(50)) - omNode-3->omNode-1: nextIndex: updateUnconditionally 0 -> 0
2019-09-05 08:33:33,904 [grpc-default-executor-7] INFO  impl.FollowerInfo (FollowerInfo.java:lambda$new$0(50)) - omNode-3->omNode-2: nextIndex: updateUnconditionally 0 -> 0
2019-09-05 08:33:34,404 [grpc-default-executor-9] WARN  server.GrpcLogAppender (LogUtils.java:warn(134)) - omNode-3->omNode-2: Failed appendEntries: org.apache.ratis.thirdparty.io.grpc.StatusRuntimeException: UNAVAILABLE: io exception
2019-09-05 08:33:34,404 [grpc-default-executor-10] WARN  server.GrpcLogAppender (LogUtils.java:warn(134)) - omNode-3->omNode-1: Failed appendEntries: org.apache.ratis.thirdparty.io.grpc.StatusRuntimeException: UNAVAILABLE: io exception
2019-09-05 08:33:34,405 [grpc-default-executor-9] INFO  impl.FollowerInfo (FollowerInfo.java:lambda$new$0(50)) - omNode-3->omNode-2: nextIndex: updateUnconditionally 0 -> 0
2019-09-05 08:33:34,405 [grpc-default-executor-10] INFO  impl.FollowerInfo (FollowerInfo.java:lambda$new$0(50)) - omNode-3->omNode-1: nextIndex: updateUnconditionally 0 -> 0
2019-09-05 08:33:34,452 | INFO  | SCMAudit | user=jenkins1000 | ip=192.168.36.69 | op=SEND_HEARTBEAT {datanodeUUID=baa0ac9c-d259-45b0-b366-08e52759ad0f, command=[]} | ret=SUCCESS |  
2019-09-05 08:33:34,904 [grpc-default-executor-4] WARN  server.GrpcLogAppender (LogUtils.java:warn(134)) - omNode-3->omNode-1: Failed appendEntries: org.apache.ratis.thirdparty.io.grpc.StatusRuntimeException: UNAVAILABLE: io exception
2019-09-05 08:33:34,904 [grpc-default-executor-10] WARN  server.GrpcLogAppender (LogUtils.java:warn(134)) - omNode-3->omNode-2: Failed appendEntries: org.apache.ratis.thirdparty.io.grpc.StatusRuntimeException: UNAVAILABLE: io exception
2019-09-05 08:33:34,905 [grpc-default-executor-4] INFO  impl.FollowerInfo (FollowerInfo.java:lambda$new$0(50)) - omNode-3->omNode-1: nextIndex: updateUnconditionally 0 -> 0
2019-09-05 08:33:34,905 [grpc-default-executor-10] INFO  impl.FollowerInfo (FollowerInfo.java:lambda$new$0(50)) - omNode-3->omNode-2: nextIndex: updateUnconditionally 0 -> 0
2019-09-05 08:33:35,405 [grpc-default-executor-7] WARN  server.GrpcLogAppender (LogUtils.java:warn(134)) - omNode-3->omNode-2: Failed appendEntries: org.apache.ratis.thirdparty.io.grpc.StatusRuntimeException: UNAVAILABLE: io exception
2019-09-05 08:33:35,405 [grpc-default-executor-9] WARN  server.GrpcLogAppender (LogUtils.java:warn(134)) - omNode-3->omNode-1: Failed appendEntries: org.apache.ratis.thirdparty.io.grpc.StatusRuntimeException: UNAVAILABLE: io exception
2019-09-05 08:33:35,405 [grpc-default-executor-7] INFO  impl.FollowerInfo (FollowerInfo.java:lambda$new$0(50)) - omNode-3->omNode-2: nextIndex: updateUnconditionally 0 -> 0
2019-09-05 08:33:35,405 [grpc-default-executor-9] INFO  impl.FollowerInfo (FollowerInfo.java:lambda$new$0(50)) - omNode-3->omNode-1: nextIndex: updateUnconditionally 0 -> 0
2019-09-05 08:33:35,451 | INFO  | SCMAudit | user=jenkins1000 | ip=192.168.36.69 | op=SEND_HEARTBEAT {datanodeUUID=baa0ac9c-d259-45b0-b366-08e52759ad0f, command=[]} | ret=SUCCESS |  
2019-09-05 08:33:35,905 [grpc-default-executor-11] WARN  server.GrpcLogAppender (LogUtils.java:warn(134)) - omNode-3->omNode-1: Failed appendEntries: org.apache.ratis.thirdparty.io.grpc.StatusRuntimeException: UNAVAILABLE: io exception
2019-09-05 08:33:35,905 [grpc-default-executor-7] WARN  server.GrpcLogAppender (LogUtils.java:warn(134)) - omNode-3->omNode-2: Failed appendEntries: org.apache.ratis.thirdparty.io.grpc.StatusRuntimeException: UNAVAILABLE: io exception
2019-09-05 08:33:35,906 [grpc-default-executor-11] INFO  impl.FollowerInfo (FollowerInfo.java:lambda$new$0(50)) - omNode-3->omNode-1: nextIndex: updateUnconditionally 0 -> 0
2019-09-05 08:33:35,906 [grpc-default-executor-7] INFO  impl.FollowerInfo (FollowerInfo.java:lambda$new$0(50)) - omNode-3->omNode-2: nextIndex: updateUnconditionally 0 -> 0
2019-09-05 08:33:36,406 [grpc-default-executor-4] WARN  server.GrpcLogAppender (LogUtils.java:warn(134)) - omNode-3->omNode-1: Failed appendEntries: org.apache.ratis.thirdparty.io.grpc.StatusRuntimeException: UNAVAILABLE: io exception
2019-09-05 08:33:36,406 [grpc-default-executor-11] WARN  server.GrpcLogAppender (LogUtils.java:warn(134)) - omNode-3->omNode-2: Failed appendEntries: org.apache.ratis.thirdparty.io.grpc.StatusRuntimeException: UNAVAILABLE: io exception
2019-09-05 08:33:36,407 [grpc-default-executor-4] INFO  impl.FollowerInfo (FollowerInfo.java:lambda$new$0(50)) - omNode-3->omNode-1: nextIndex: updateUnconditionally 0 -> 0
2019-09-05 08:33:36,407 [grpc-default-executor-11] INFO  impl.FollowerInfo (FollowerInfo.java:lambda$new$0(50)) - omNode-3->omNode-2: nextIndex: updateUnconditionally 0 -> 0
2019-09-05 08:33:36,452 | INFO  | SCMAudit | user=jenkins1000 | ip=192.168.36.69 | op=SEND_HEARTBEAT {datanodeUUID=baa0ac9c-d259-45b0-b366-08e52759ad0f, command=[]} | ret=SUCCESS |  
2019-09-05 08:33:36,906 [grpc-default-executor-11] WARN  server.GrpcLogAppender (LogUtils.java:warn(134)) - omNode-3->omNode-2: Failed appendEntries: org.apache.ratis.thirdparty.io.grpc.StatusRuntimeException: UNAVAILABLE: io exception
2019-09-05 08:33:36,906 [grpc-default-executor-10] WARN  server.GrpcLogAppender (LogUtils.java:warn(134)) - omNode-3->omNode-1: Failed appendEntries: org.apache.ratis.thirdparty.io.grpc.StatusRuntimeException: UNAVAILABLE: io exception
2019-09-05 08:33:36,907 [grpc-default-executor-11] INFO  impl.FollowerInfo (FollowerInfo.java:lambda$new$0(50)) - omNode-3->omNode-2: nextIndex: updateUnconditionally 0 -> 0
2019-09-05 08:33:36,907 [grpc-default-executor-10] INFO  impl.FollowerInfo (FollowerInfo.java:lambda$new$0(50)) - omNode-3->omNode-1: nextIndex: updateUnconditionally 0 -> 0
2019-09-05 08:33:37,407 [grpc-default-executor-4] WARN  server.GrpcLogAppender (LogUtils.java:warn(134)) - omNode-3->omNode-2: Failed appendEntries: org.apache.ratis.thirdparty.io.grpc.StatusRuntimeException: UNAVAILABLE: io exception
2019-09-05 08:33:37,407 [grpc-default-executor-8] WARN  server.GrpcLogAppender (LogUtils.java:warn(134)) - omNode-3->omNode-1: Failed appendEntries: org.apache.ratis.thirdparty.io.grpc.StatusRuntimeException: UNAVAILABLE: io exception
2019-09-05 08:33:37,407 [grpc-default-executor-4] INFO  impl.FollowerInfo (FollowerInfo.java:lambda$new$0(50)) - omNode-3->omNode-2: nextIndex: updateUnconditionally 0 -> 0
2019-09-05 08:33:37,410 [grpc-default-executor-8] INFO  impl.FollowerInfo (FollowerInfo.java:lambda$new$0(50)) - omNode-3->omNode-1: nextIndex: updateUnconditionally 0 -> 0
2019-09-05 08:33:37,452 | INFO  | SCMAudit | user=jenkins1000 | ip=192.168.36.69 | op=SEND_HEARTBEAT {datanodeUUID=baa0ac9c-d259-45b0-b366-08e52759ad0f, command=[]} | ret=SUCCESS |  
2019-09-05 08:33:37,909 [grpc-default-executor-8] WARN  server.GrpcLogAppender (LogUtils.java:warn(134)) - omNode-3->omNode-2: Failed appendEntries: org.apache.ratis.thirdparty.io.grpc.StatusRuntimeException: UNAVAILABLE: io exception
2019-09-05 08:33:37,909 [grpc-default-executor-8] INFO  impl.FollowerInfo (FollowerInfo.java:lambda$new$0(50)) - omNode-3->omNode-2: nextIndex: updateUnconditionally 0 -> 0
2019-09-05 08:33:37,910 [grpc-default-executor-10] WARN  server.GrpcLogAppender (LogUtils.java:warn(134)) - omNode-3->omNode-1: Failed appendEntries: org.apache.ratis.thirdparty.io.grpc.StatusRuntimeException: UNAVAILABLE: io exception
2019-09-05 08:33:37,910 [grpc-default-executor-10] INFO  impl.FollowerInfo (FollowerInfo.java:lambda$new$0(50)) - omNode-3->omNode-1: nextIndex: updateUnconditionally 0 -> 0
2019-09-05 08:33:38,409 [grpc-default-executor-4] WARN  server.GrpcLogAppender (LogUtils.java:warn(134)) - omNode-3->omNode-2: Failed appendEntries: org.apache.ratis.thirdparty.io.grpc.StatusRuntimeException: UNAVAILABLE: io exception
2019-09-05 08:33:38,409 [grpc-default-executor-4] INFO  impl.FollowerInfo (FollowerInfo.java:lambda$new$0(50)) - omNode-3->omNode-2: nextIndex: updateUnconditionally 0 -> 0
2019-09-05 08:33:38,410 [grpc-default-executor-8] WARN  server.GrpcLogAppender (LogUtils.java:warn(134)) - omNode-3->omNode-1: Failed appendEntries: org.apache.ratis.thirdparty.io.grpc.StatusRuntimeException: UNAVAILABLE: io exception
2019-09-05 08:33:38,411 [grpc-default-executor-8] INFO  impl.FollowerInfo (FollowerInfo.java:lambda$new$0(50)) - omNode-3->omNode-1: nextIndex: updateUnconditionally 0 -> 0
2019-09-05 08:33:38,452 | INFO  | SCMAudit | user=jenkins1000 | ip=192.168.36.69 | op=SEND_HEARTBEAT {datanodeUUID=baa0ac9c-d259-45b0-b366-08e52759ad0f, command=[]} | ret=SUCCESS |  
2019-09-05 08:33:38,909 [grpc-default-executor-8] WARN  server.GrpcLogAppender (LogUtils.java:warn(134)) - omNode-3->omNode-2: Failed appendEntries: org.apache.ratis.thirdparty.io.grpc.StatusRuntimeException: UNAVAILABLE: io exception
2019-09-05 08:33:38,909 [grpc-default-executor-8] INFO  impl.FollowerInfo (FollowerInfo.java:lambda$new$0(50)) - omNode-3->omNode-2: nextIndex: updateUnconditionally 0 -> 0
2019-09-05 08:33:38,910 [grpc-default-executor-8] WARN  server.GrpcLogAppender (LogUtils.java:warn(134)) - omNode-3->omNode-1: Failed appendEntries: org.apache.ratis.thirdparty.io.grpc.StatusRuntimeException: UNAVAILABLE: io exception
2019-09-05 08:33:38,910 [grpc-default-executor-8] INFO  impl.FollowerInfo (FollowerInfo.java:lambda$new$0(50)) - omNode-3->omNode-1: nextIndex: updateUnconditionally 0 -> 0
2019-09-05 08:33:39,411 [grpc-default-executor-4] WARN  server.GrpcLogAppender (LogUtils.java:warn(134)) - omNode-3->omNode-2: Failed appendEntries: org.apache.ratis.thirdparty.io.grpc.StatusRuntimeException: UNAVAILABLE: io exception
2019-09-05 08:33:39,411 [grpc-default-executor-4] INFO  impl.FollowerInfo (FollowerInfo.java:lambda$new$0(50)) - omNode-3->omNode-2: nextIndex: updateUnconditionally 0 -> 0
2019-09-05 08:33:39,411 [grpc-default-executor-11] WARN  server.GrpcLogAppender (LogUtils.java:warn(134)) - omNode-3->omNode-1: Failed appendEntries: org.apache.ratis.thirdparty.io.grpc.StatusRuntimeException: UNAVAILABLE: io exception
2019-09-05 08:33:39,412 [grpc-default-executor-11] INFO  impl.FollowerInfo (FollowerInfo.java:lambda$new$0(50)) - omNode-3->omNode-1: nextIndex: updateUnconditionally 0 -> 0
2019-09-05 08:33:39,452 | INFO  | SCMAudit | user=jenkins1000 | ip=192.168.36.69 | op=SEND_HEARTBEAT {datanodeUUID=baa0ac9c-d259-45b0-b366-08e52759ad0f, command=[]} | ret=SUCCESS |  
2019-09-05 08:33:39,910 [grpc-default-executor-11] WARN  server.GrpcLogAppender (LogUtils.java:warn(134)) - omNode-3->omNode-2: Failed appendEntries: org.apache.ratis.thirdparty.io.grpc.StatusRuntimeException: UNAVAILABLE: io exception
2019-09-05 08:33:39,911 [grpc-default-executor-11] INFO  impl.FollowerInfo (FollowerInfo.java:lambda$new$0(50)) - omNode-3->omNode-2: nextIndex: updateUnconditionally 0 -> 0
2019-09-05 08:33:39,912 [grpc-default-executor-10] WARN  server.GrpcLogAppender (LogUtils.java:warn(134)) - omNode-3->omNode-1: Failed appendEntries: org.apache.ratis.thirdparty.io.grpc.StatusRuntimeException: UNAVAILABLE: io exception
2019-09-05 08:33:39,912 [grpc-default-executor-10] INFO  impl.FollowerInfo (FollowerInfo.java:lambda$new$0(50)) - omNode-3->omNode-1: nextIndex: updateUnconditionally 0 -> 0
2019-09-05 08:33:40,411 [grpc-default-executor-8] WARN  server.GrpcLogAppender (LogUtils.java:warn(134)) - omNode-3->omNode-2: Failed appendEntries: org.apache.ratis.thirdparty.io.grpc.StatusRuntimeException: UNAVAILABLE: io exception
2019-09-05 08:33:40,412 [grpc-default-executor-8] INFO  impl.FollowerInfo (FollowerInfo.java:lambda$new$0(50)) - omNode-3->omNode-2: nextIndex: updateUnconditionally 0 -> 0
2019-09-05 08:33:40,412 [grpc-default-executor-4] WARN  server.GrpcLogAppender (LogUtils.java:warn(134)) - omNode-3->omNode-1: Failed appendEntries: org.apache.ratis.thirdparty.io.grpc.StatusRuntimeException: UNAVAILABLE: io exception
2019-09-05 08:33:40,412 [grpc-default-executor-4] INFO  impl.FollowerInfo (FollowerInfo.java:lambda$new$0(50)) - omNode-3->omNode-1: nextIndex: updateUnconditionally 0 -> 0
2019-09-05 08:33:40,453 | INFO  | SCMAudit | user=jenkins1000 | ip=192.168.36.69 | op=SEND_HEARTBEAT {datanodeUUID=baa0ac9c-d259-45b0-b366-08e52759ad0f, command=[]} | ret=SUCCESS |  
2019-09-05 08:33:40,911 [grpc-default-executor-11] WARN  server.GrpcLogAppender (LogUtils.java:warn(134)) - omNode-3->omNode-2: Failed appendEntries: org.apache.ratis.thirdparty.io.grpc.StatusRuntimeException: UNAVAILABLE: io exception
2019-09-05 08:33:40,912 [grpc-default-executor-11] INFO  impl.FollowerInfo (FollowerInfo.java:lambda$new$0(50)) - omNode-3->omNode-2: nextIndex: updateUnconditionally 0 -> 0
2019-09-05 08:33:40,912 [grpc-default-executor-10] WARN  server.GrpcLogAppender (LogUtils.java:warn(134)) - omNode-3->omNode-1: Failed appendEntries: org.apache.ratis.thirdparty.io.grpc.StatusRuntimeException: UNAVAILABLE: io exception
2019-09-05 08:33:40,912 [grpc-default-executor-10] INFO  impl.FollowerInfo (FollowerInfo.java:lambda$new$0(50)) - omNode-3->omNode-1: nextIndex: updateUnconditionally 0 -> 0
2019-09-05 08:33:41,412 [grpc-default-executor-8] WARN  server.GrpcLogAppender (LogUtils.java:warn(134)) - omNode-3->omNode-2: Failed appendEntries: org.apache.ratis.thirdparty.io.grpc.StatusRuntimeException: UNAVAILABLE: io exception
2019-09-05 08:33:41,413 [grpc-default-executor-4] WARN  server.GrpcLogAppender (LogUtils.java:warn(134)) - omNode-3->omNode-1: Failed appendEntries: org.apache.ratis.thirdparty.io.grpc.StatusRuntimeException: UNAVAILABLE: io exception
2019-09-05 08:33:41,413 [grpc-default-executor-8] INFO  impl.FollowerInfo (FollowerInfo.java:lambda$new$0(50)) - omNode-3->omNode-2: nextIndex: updateUnconditionally 0 -> 0
2019-09-05 08:33:41,413 [grpc-default-executor-4] INFO  impl.FollowerInfo (FollowerInfo.java:lambda$new$0(50)) - omNode-3->omNode-1: nextIndex: updateUnconditionally 0 -> 0
2019-09-05 08:33:41,453 | INFO  | SCMAudit | user=jenkins1000 | ip=192.168.36.69 | op=SEND_HEARTBEAT {datanodeUUID=baa0ac9c-d259-45b0-b366-08e52759ad0f, command=[]} | ret=SUCCESS |  
2019-09-05 08:33:41,913 [grpc-default-executor-8] WARN  server.GrpcLogAppender (LogUtils.java:warn(134)) - omNode-3->omNode-2: Failed appendEntries: org.apache.ratis.thirdparty.io.grpc.StatusRuntimeException: UNAVAILABLE: io exception
2019-09-05 08:33:41,913 [grpc-default-executor-7] WARN  server.GrpcLogAppender (LogUtils.java:warn(134)) - omNode-3->omNode-1: Failed appendEntries: org.apache.ratis.thirdparty.io.grpc.StatusRuntimeException: UNAVAILABLE: io exception
2019-09-05 08:33:41,913 [grpc-default-executor-8] INFO  impl.FollowerInfo (FollowerInfo.java:lambda$new$0(50)) - omNode-3->omNode-2: nextIndex: updateUnconditionally 0 -> 0
2019-09-05 08:33:41,914 [grpc-default-executor-7] INFO  impl.FollowerInfo (FollowerInfo.java:lambda$new$0(50)) - omNode-3->omNode-1: nextIndex: updateUnconditionally 0 -> 0
2019-09-05 08:33:42,414 [grpc-default-executor-7] WARN  server.GrpcLogAppender (LogUtils.java:warn(134)) - omNode-3->omNode-1: Failed appendEntries: org.apache.ratis.thirdparty.io.grpc.StatusRuntimeException: UNAVAILABLE: io exception
2019-09-05 08:33:42,414 [grpc-default-executor-10] WARN  server.GrpcLogAppender (LogUtils.java:warn(134)) - omNode-3->omNode-2: Failed appendEntries: org.apache.ratis.thirdparty.io.grpc.StatusRuntimeException: UNAVAILABLE: io exception
2019-09-05 08:33:42,414 [grpc-default-executor-7] INFO  impl.FollowerInfo (FollowerInfo.java:lambda$new$0(50)) - omNode-3->omNode-1: nextIndex: updateUnconditionally 0 -> 0
2019-09-05 08:33:42,414 [grpc-default-executor-10] INFO  impl.FollowerInfo (FollowerInfo.java:lambda$new$0(50)) - omNode-3->omNode-2: nextIndex: updateUnconditionally 0 -> 0
2019-09-05 08:33:42,454 | INFO  | SCMAudit | user=jenkins1000 | ip=192.168.36.69 | op=SEND_HEARTBEAT {datanodeUUID=baa0ac9c-d259-45b0-b366-08e52759ad0f, command=[]} | ret=SUCCESS |  
2019-09-05 08:33:42,914 [grpc-default-executor-10] WARN  server.GrpcLogAppender (LogUtils.java:warn(134)) - omNode-3->omNode-2: Failed appendEntries: org.apache.ratis.thirdparty.io.grpc.StatusRuntimeException: UNAVAILABLE: io exception
2019-09-05 08:33:42,914 [grpc-default-executor-4] WARN  server.GrpcLogAppender (LogUtils.java:warn(134)) - omNode-3->omNode-1: Failed appendEntries: org.apache.ratis.thirdparty.io.grpc.StatusRuntimeException: UNAVAILABLE: io exception
2019-09-05 08:33:42,914 [grpc-default-executor-10] INFO  impl.FollowerInfo (FollowerInfo.java:lambda$new$0(50)) - omNode-3->omNode-2: nextIndex: updateUnconditionally 0 -> 0
2019-09-05 08:33:42,914 [grpc-default-executor-4] INFO  impl.FollowerInfo (FollowerInfo.java:lambda$new$0(50)) - omNode-3->omNode-1: nextIndex: updateUnconditionally 0 -> 0
2019-09-05 08:33:43,415 [grpc-default-executor-11] WARN  server.GrpcLogAppender (LogUtils.java:warn(134)) - omNode-3->omNode-1: Failed appendEntries: org.apache.ratis.thirdparty.io.grpc.StatusRuntimeException: UNAVAILABLE: io exception
2019-09-05 08:33:43,415 [grpc-default-executor-10] WARN  server.GrpcLogAppender (LogUtils.java:warn(134)) - omNode-3->omNode-2: Failed appendEntries: org.apache.ratis.thirdparty.io.grpc.StatusRuntimeException: UNAVAILABLE: io exception
2019-09-05 08:33:43,415 [grpc-default-executor-11] INFO  impl.FollowerInfo (FollowerInfo.java:lambda$new$0(50)) - omNode-3->omNode-1: nextIndex: updateUnconditionally 0 -> 0
2019-09-05 08:33:43,415 [grpc-default-executor-10] INFO  impl.FollowerInfo (FollowerInfo.java:lambda$new$0(50)) - omNode-3->omNode-2: nextIndex: updateUnconditionally 0 -> 0
2019-09-05 08:33:43,454 | INFO  | SCMAudit | user=jenkins1000 | ip=192.168.36.69 | op=SEND_HEARTBEAT {datanodeUUID=baa0ac9c-d259-45b0-b366-08e52759ad0f, command=[]} | ret=SUCCESS |  
2019-09-05 08:33:43,915 [grpc-default-executor-4] WARN  server.GrpcLogAppender (LogUtils.java:warn(134)) - omNode-3->omNode-2: Failed appendEntries: org.apache.ratis.thirdparty.io.grpc.StatusRuntimeException: UNAVAILABLE: io exception
2019-09-05 08:33:43,915 [grpc-default-executor-10] WARN  server.GrpcLogAppender (LogUtils.java:warn(134)) - omNode-3->omNode-1: Failed appendEntries: org.apache.ratis.thirdparty.io.grpc.StatusRuntimeException: UNAVAILABLE: io exception
2019-09-05 08:33:43,916 [grpc-default-executor-4] INFO  impl.FollowerInfo (FollowerInfo.java:lambda$new$0(50)) - omNode-3->omNode-2: nextIndex: updateUnconditionally 0 -> 0
2019-09-05 08:33:43,916 [grpc-default-executor-10] INFO  impl.FollowerInfo (FollowerInfo.java:lambda$new$0(50)) - omNode-3->omNode-1: nextIndex: updateUnconditionally 0 -> 0
2019-09-05 08:33:44,416 [grpc-default-executor-11] WARN  server.GrpcLogAppender (LogUtils.java:warn(134)) - omNode-3->omNode-1: Failed appendEntries: org.apache.ratis.thirdparty.io.grpc.StatusRuntimeException: UNAVAILABLE: io exception
2019-09-05 08:33:44,416 [grpc-default-executor-7] WARN  server.GrpcLogAppender (LogUtils.java:warn(134)) - omNode-3->omNode-2: Failed appendEntries: org.apache.ratis.thirdparty.io.grpc.StatusRuntimeException: UNAVAILABLE: io exception
2019-09-05 08:33:44,416 [grpc-default-executor-11] INFO  impl.FollowerInfo (FollowerInfo.java:lambda$new$0(50)) - omNode-3->omNode-1: nextIndex: updateUnconditionally 0 -> 0
2019-09-05 08:33:44,416 [grpc-default-executor-7] INFO  impl.FollowerInfo (FollowerInfo.java:lambda$new$0(50)) - omNode-3->omNode-2: nextIndex: updateUnconditionally 0 -> 0
2019-09-05 08:33:44,454 | INFO  | SCMAudit | user=jenkins1000 | ip=192.168.36.69 | op=SEND_HEARTBEAT {datanodeUUID=baa0ac9c-d259-45b0-b366-08e52759ad0f, command=[]} | ret=SUCCESS |  
2019-09-05 08:33:44,916 [grpc-default-executor-11] WARN  server.GrpcLogAppender (LogUtils.java:warn(134)) - omNode-3->omNode-2: Failed appendEntries: org.apache.ratis.thirdparty.io.grpc.StatusRuntimeException: UNAVAILABLE: io exception
2019-09-05 08:33:44,916 [grpc-default-executor-4] WARN  server.GrpcLogAppender (LogUtils.java:warn(134)) - omNode-3->omNode-1: Failed appendEntries: org.apache.ratis.thirdparty.io.grpc.StatusRuntimeException: UNAVAILABLE: io exception
2019-09-05 08:33:44,916 [grpc-default-executor-11] INFO  impl.FollowerInfo (FollowerInfo.java:lambda$new$0(50)) - omNode-3->omNode-2: nextIndex: updateUnconditionally 0 -> 0
2019-09-05 08:33:44,917 [grpc-default-executor-4] INFO  impl.FollowerInfo (FollowerInfo.java:lambda$new$0(50)) - omNode-3->omNode-1: nextIndex: updateUnconditionally 0 -> 0
2019-09-05 08:33:45,417 [grpc-default-executor-8] WARN  server.GrpcLogAppender (LogUtils.java:warn(134)) - omNode-3->omNode-2: Failed appendEntries: org.apache.ratis.thirdparty.io.grpc.StatusRuntimeException: UNAVAILABLE: io exception
2019-09-05 08:33:45,417 [grpc-default-executor-7] WARN  server.GrpcLogAppender (LogUtils.java:warn(134)) - omNode-3->omNode-1: Failed appendEntries: org.apache.ratis.thirdparty.io.grpc.StatusRuntimeException: UNAVAILABLE: io exception
2019-09-05 08:33:45,417 [grpc-default-executor-8] INFO  impl.FollowerInfo (FollowerInfo.java:lambda$new$0(50)) - omNode-3->omNode-2: nextIndex: updateUnconditionally 0 -> 0
2019-09-05 08:33:45,418 [grpc-default-executor-7] INFO  impl.FollowerInfo (FollowerInfo.java:lambda$new$0(50)) - omNode-3->omNode-1: nextIndex: updateUnconditionally 0 -> 0
2019-09-05 08:33:45,454 | INFO  | SCMAudit | user=jenkins1000 | ip=192.168.36.69 | op=SEND_HEARTBEAT {datanodeUUID=baa0ac9c-d259-45b0-b366-08e52759ad0f, command=[]} | ret=SUCCESS |  
2019-09-05 08:33:45,917 [grpc-default-executor-11] WARN  server.GrpcLogAppender (LogUtils.java:warn(134)) - omNode-3->omNode-1: Failed appendEntries: org.apache.ratis.thirdparty.io.grpc.StatusRuntimeException: UNAVAILABLE: io exception
2019-09-05 08:33:45,917 [grpc-default-executor-9] WARN  server.GrpcLogAppender (LogUtils.java:warn(134)) - omNode-3->omNode-2: Failed appendEntries: org.apache.ratis.thirdparty.io.grpc.StatusRuntimeException: UNAVAILABLE: io exception
2019-09-05 08:33:45,918 [grpc-default-executor-11] INFO  impl.FollowerInfo (FollowerInfo.java:lambda$new$0(50)) - omNode-3->omNode-1: nextIndex: updateUnconditionally 0 -> 0
2019-09-05 08:33:45,918 [grpc-default-executor-9] INFO  impl.FollowerInfo (FollowerInfo.java:lambda$new$0(50)) - omNode-3->omNode-2: nextIndex: updateUnconditionally 0 -> 0
2019-09-05 08:33:46,322 [Thread-7228] INFO  ozone.MiniOzoneClusterImpl (MiniOzoneClusterImpl.java:shutdown(321)) - Shutting down the Mini Ozone Cluster
2019-09-05 08:33:46,323 | INFO  | SCMAudit | user=null | ip=null | op=GET_SCM_INFO null | ret=SUCCESS |  
2019-09-05 08:33:46,323 [Thread-7228] INFO  ozone.MiniOzoneHAClusterImpl (MiniOzoneHAClusterImpl.java:stop(132)) - Stopping the OzoneManager omNode-3
2019-09-05 08:33:46,323 [Thread-7228] INFO  ipc.Server (Server.java:stop(3082)) - Stopping server on 13020
2019-09-05 08:33:46,330 [IPC Server listener on 13020] INFO  ipc.Server (Server.java:run(1185)) - Stopping IPC Server listener on 13020
2019-09-05 08:33:46,331 [IPC Server Responder] INFO  ipc.Server (Server.java:run(1319)) - Stopping IPC Server Responder
2019-09-05 08:33:46,334 [IPC Server handler 0 on 13020] INFO  ipc.Server (Server.java:logException(2726)) - IPC Server handler 0 on 13020, call Call#636 Retry#0 org.apache.hadoop.ozone.om.protocol.OzoneManagerProtocol.submitRequest from 127.0.0.1:58550
java.lang.InterruptedException
	at java.util.concurrent.CompletableFuture.reportGet(CompletableFuture.java:347)
	at java.util.concurrent.CompletableFuture.get(CompletableFuture.java:1895)
	at org.apache.hadoop.ozone.om.ratis.OzoneManagerRatisServer.submitRequest(OzoneManagerRatisServer.java:126)
	at org.apache.hadoop.ozone.protocolPB.OzoneManagerProtocolServerSideTranslatorPB.submitRequestToRatis(OzoneManagerProtocolServerSideTranslatorPB.java:163)
	at org.apache.hadoop.ozone.protocolPB.OzoneManagerProtocolServerSideTranslatorPB.submitRequest(OzoneManagerProtocolServerSideTranslatorPB.java:107)
	at org.apache.hadoop.ozone.protocol.proto.OzoneManagerProtocolProtos$OzoneManagerService$2.callBlockingMethod(OzoneManagerProtocolProtos.java)
	at org.apache.hadoop.ipc.ProtobufRpcEngine$Server$ProtoBufRpcInvoker.call(ProtobufRpcEngine.java:524)
	at org.apache.hadoop.ipc.RPC$Server.call(RPC.java:1025)
	at org.apache.hadoop.ipc.Server$RpcCall.run(Server.java:876)
	at org.apache.hadoop.ipc.Server$RpcCall.run(Server.java:822)
	at java.security.AccessController.doPrivileged(Native Method)
	at javax.security.auth.Subject.doAs(Subject.java:422)
	at org.apache.hadoop.security.UserGroupInformation.doAs(UserGroupInformation.java:1730)
	at org.apache.hadoop.ipc.Server$Handler.run(Server.java:2682)
2019-09-05 08:33:46,334 [Thread-7228] WARN  impl.RaftServerProxy (RaftServerProxy.java:close(310)) - omNode-3: Failed to shutdown GRPC server
2019-09-05 08:33:46,335 [Thread-7228] INFO  impl.RaftServerProxy (RaftServerProxy.java:lambda$close$4(314)) - omNode-3: close
2019-09-05 08:33:46,337 [Thread-7228] INFO  impl.RaftServerImpl (RaftServerImpl.java:lambda$shutdown$3(245)) - omNode-3: shutdown group-523986131536
2019-09-05 08:33:46,337 [IPC Server handler 0 on 13020] WARN  ipc.Server (Server.java:processResponse(1523)) - IPC Server handler 0 on 13020, call Call#636 Retry#0 org.apache.hadoop.ozone.om.protocol.OzoneManagerProtocol.submitRequest from 127.0.0.1:58550: output error
2019-09-05 08:33:46,338 [Thread-7228] INFO  util.JmxRegister (JmxRegister.java:unregister(73)) - Successfully un-registered JMX Bean with object name Ratis:service=RaftServer,group=group-523986131536,id=omNode-3
2019-09-05 08:33:46,338 [IPC Server handler 0 on 13020] INFO  ipc.Server (Server.java:run(2695)) - IPC Server handler 0 on 13020 caught an exception
java.nio.channels.ClosedChannelException
	at sun.nio.ch.SocketChannelImpl.ensureWriteOpen(SocketChannelImpl.java:270)
	at sun.nio.ch.SocketChannelImpl.write(SocketChannelImpl.java:461)
	at org.apache.hadoop.ipc.Server.channelWrite(Server.java:3250)
	at org.apache.hadoop.ipc.Server.access$1700(Server.java:137)
	at org.apache.hadoop.ipc.Server$Responder.processResponse(Server.java:1473)
	at org.apache.hadoop.ipc.Server$Responder.doRespond(Server.java:1543)
	at org.apache.hadoop.ipc.Server$Connection.sendResponse(Server.java:2593)
	at org.apache.hadoop.ipc.Server$Connection.access$300(Server.java:1615)
	at org.apache.hadoop.ipc.Server$RpcCall.doResponse(Server.java:940)
	at org.apache.hadoop.ipc.Server$Call.sendResponse(Server.java:774)
	at org.apache.hadoop.ipc.Server$RpcCall.run(Server.java:885)
	at org.apache.hadoop.ipc.Server$RpcCall.run(Server.java:822)
	at java.security.AccessController.doPrivileged(Native Method)
	at javax.security.auth.Subject.doAs(Subject.java:422)
	at org.apache.hadoop.security.UserGroupInformation.doAs(UserGroupInformation.java:1730)
	at org.apache.hadoop.ipc.Server$Handler.run(Server.java:2682)
2019-09-05 08:33:46,338 [Thread-7228] INFO  impl.RoleInfo (RoleInfo.java:shutdownLeaderState(104)) - omNode-3: shutdown LeaderState
2019-09-05 08:33:46,343 [org.apache.ratis.server.impl.LogAppender$AppenderDaemon$$Lambda$225/1477420544@581411cc] WARN  server.GrpcLogAppender (GrpcLogAppender.java:mayWait(143)) - GrpcLogAppender(omNode-3->omNode-1): Wait interrupted by java.lang.InterruptedException
2019-09-05 08:33:46,343 [org.apache.ratis.server.impl.LogAppender$AppenderDaemon$$Lambda$225/1477420544@1d1684aa] WARN  server.GrpcLogAppender (GrpcLogAppender.java:mayWait(143)) - GrpcLogAppender(omNode-3->omNode-2): Wait interrupted by java.lang.InterruptedException
2019-09-05 08:33:46,343 [Thread-7228] INFO  impl.PendingRequests (PendingRequests.java:sendNotLeaderResponses(202)) - omNode-3-PendingRequests: sendNotLeaderResponses
2019-09-05 08:33:46,354 [Thread-7228] INFO  impl.StateMachineUpdater (StateMachineUpdater.java:stopAndJoin(115)) - StateMachineUpdater:omNode-3:group-523986131536: set stopIndex = 2
2019-09-05 08:33:46,355 [StateMachineUpdater:omNode-3:group-523986131536] INFO  ratis.OzoneManagerStateMachine (OzoneManagerStateMachine.java:takeSnapshot(254)) - Saving Ratis snapshot on the OM.
2019-09-05 08:33:46,356 [StateMachineUpdater:omNode-3:group-523986131536] INFO  ratis.OMRatisSnapshotInfo (OMRatisSnapshotInfo.java:saveRatisSnapshotToDisk(107)) - Saved Ratis Snapshot on the OM with snapshotIndex -1
2019-09-05 08:33:46,357 [Thread-7228] INFO  impl.RaftServerImpl (ServerState.java:close(394)) - omNode-3:group-523986131536 closes. The last applied log index is 2
2019-09-05 08:33:46,357 [omNode-3-SegmentedRaftLogWorker:Storage Directory /workdir/hadoop-ozone/integration-test/target/test-dir/MiniOzoneClusterImpl-e0d84eed-451a-4624-af13-1b9bd6e78dbd/omNode-3/ratis/c9bc4cf4-3bc3-3c60-a66b-523986131536] INFO  segmented.SegmentedRaftLogWorker (SegmentedRaftLogWorker.java:run(313)) - omNode-3-SegmentedRaftLogWorker:Storage Directory /workdir/hadoop-ozone/integration-test/target/test-dir/MiniOzoneClusterImpl-e0d84eed-451a-4624-af13-1b9bd6e78dbd/omNode-3/ratis/c9bc4cf4-3bc3-3c60-a66b-523986131536 was interrupted, exiting. There are 0 tasks remaining in the queue.
2019-09-05 08:33:46,360 [Thread-7228] INFO  segmented.SegmentedRaftLogWorker (SegmentedRaftLogWorker.java:close(228)) - omNode-3-SegmentedRaftLogWorker:Storage Directory /workdir/hadoop-ozone/integration-test/target/test-dir/MiniOzoneClusterImpl-e0d84eed-451a-4624-af13-1b9bd6e78dbd/omNode-3/ratis/c9bc4cf4-3bc3-3c60-a66b-523986131536 close()
2019-09-05 08:33:46,363 [Thread-7228] INFO  server.GrpcService (GrpcService.java:closeImpl(155)) - omNode-3: shutdown server with port 13024 now
2019-09-05 08:33:46,364 [Thread-7228] INFO  server.GrpcService (GrpcService.java:closeImpl(163)) - omNode-3: shutdown server with port 13024 successfully
2019-09-05 08:33:46,364 [Thread-7228] INFO  ratis.OzoneManagerDoubleBuffer (OzoneManagerDoubleBuffer.java:stop(248)) - Stopping OMDoubleBuffer flush thread
2019-09-05 08:33:46,364 [OMDoubleBufferFlushThread] INFO  ratis.OzoneManagerDoubleBuffer (OzoneManagerDoubleBuffer.java:flushTransactions(191)) - OMDoubleBuffer flush thread OMDoubleBufferFlushThread is interrupted and will exit. OMDoubleBufferFlushThread
2019-09-05 08:33:46,365 [Thread-7228] INFO  utils.BackgroundService (BackgroundService.java:shutdown(148)) - Shutting down service KeyDeletingService
2019-09-05 08:33:46,367 [Thread-7228] INFO  handler.ContextHandler (ContextHandler.java:doStop(910)) - Stopped o.e.j.w.WebAppContext@9faf3c2{/,null,UNAVAILABLE}{/ozoneManager}
2019-09-05 08:33:46,368 [Thread-7228] INFO  server.AbstractConnector (AbstractConnector.java:doStop(318)) - Stopped ServerConnector@63cfa011{HTTP/1.1,[http/1.1]}{0.0.0.0:13022}
2019-09-05 08:33:46,368 [Thread-7228] INFO  handler.ContextHandler (ContextHandler.java:doStop(910)) - Stopped o.e.j.s.ServletContextHandler@56fd9228{/static,file:///workdir/hadoop-ozone/integration-test/target/test-classes/webapps/static,UNAVAILABLE}
2019-09-05 08:33:46,369 [Thread-7228] INFO  handler.ContextHandler (ContextHandler.java:doStop(910)) - Stopped o.e.j.s.ServletContextHandler@22ea04b7{/logs,file:///workdir/hadoop-ozone/integration-test/target/log,UNAVAILABLE}
]]></system-out>
    <system-err><![CDATA[Sep 05, 2019 8:28:51 AM com.sun.jersey.server.impl.application.WebApplicationImpl _initiate
INFO: Initiating Jersey application, version 'Jersey: 1.19 02/11/2015 03:25 AM'
Sep 05, 2019 8:30:31 AM org.apache.ratis.thirdparty.io.grpc.internal.ManagedChannelOrphanWrapper$ManagedChannelReference cleanQueue
SEVERE: *~*~*~ Channel ManagedChannelImpl{logId=1215, target=192.168.36.69:44158} was not shutdown properly!!! ~*~*~*
    Make sure to call shutdown()/shutdownNow() and wait until awaitTermination() returns true.
java.lang.RuntimeException: ManagedChannel allocation site
	at org.apache.ratis.thirdparty.io.grpc.internal.ManagedChannelOrphanWrapper$ManagedChannelReference.<init>(ManagedChannelOrphanWrapper.java:103)
	at org.apache.ratis.thirdparty.io.grpc.internal.ManagedChannelOrphanWrapper.<init>(ManagedChannelOrphanWrapper.java:53)
	at org.apache.ratis.thirdparty.io.grpc.internal.ManagedChannelOrphanWrapper.<init>(ManagedChannelOrphanWrapper.java:44)
	at org.apache.ratis.thirdparty.io.grpc.internal.AbstractManagedChannelImplBuilder.build(AbstractManagedChannelImplBuilder.java:411)
	at org.apache.hadoop.hdds.scm.XceiverClientGrpc.connectToDatanode(XceiverClientGrpc.java:175)
	at org.apache.hadoop.hdds.scm.XceiverClientGrpc.reconnect(XceiverClientGrpc.java:423)
	at org.apache.hadoop.hdds.scm.XceiverClientGrpc.sendCommandAsync(XceiverClientGrpc.java:372)
	at org.apache.hadoop.hdds.scm.XceiverClientGrpc.sendCommandAsync(XceiverClientGrpc.java:347)
	at org.apache.hadoop.hdds.scm.storage.ContainerProtocolCalls.writeChunkAsync(ContainerProtocolCalls.java:310)
	at org.apache.hadoop.hdds.scm.storage.BlockOutputStream.writeChunkToContainer(BlockOutputStream.java:601)
	at org.apache.hadoop.hdds.scm.storage.BlockOutputStream.writeChunk(BlockOutputStream.java:459)
	at org.apache.hadoop.hdds.scm.storage.BlockOutputStream.handleFlush(BlockOutputStream.java:470)
	at org.apache.hadoop.hdds.scm.storage.BlockOutputStream.close(BlockOutputStream.java:493)
	at org.apache.hadoop.ozone.client.io.BlockOutputStreamEntry.close(BlockOutputStreamEntry.java:143)
	at org.apache.hadoop.ozone.client.io.KeyOutputStream.handleFlushOrClose(KeyOutputStream.java:434)
	at org.apache.hadoop.ozone.client.io.KeyOutputStream.close(KeyOutputStream.java:472)
	at org.apache.hadoop.ozone.client.io.OzoneOutputStream.close(OzoneOutputStream.java:60)
	at org.apache.hadoop.ozone.om.TestOzoneManagerHA.createKeyTest(TestOzoneManagerHA.java:549)
	at org.apache.hadoop.ozone.om.TestOzoneManagerHA.testOneOMNodeDown(TestOzoneManagerHA.java:250)
	at sun.reflect.NativeMethodAccessorImpl.invoke0(Native Method)
	at sun.reflect.NativeMethodAccessorImpl.invoke(NativeMethodAccessorImpl.java:62)
	at sun.reflect.DelegatingMethodAccessorImpl.invoke(DelegatingMethodAccessorImpl.java:43)
	at java.lang.reflect.Method.invoke(Method.java:498)
	at org.junit.runners.model.FrameworkMethod$1.runReflectiveCall(FrameworkMethod.java:47)
	at org.junit.internal.runners.model.ReflectiveCallable.run(ReflectiveCallable.java:12)
	at org.junit.runners.model.FrameworkMethod.invokeExplosively(FrameworkMethod.java:44)
	at org.junit.internal.runners.statements.InvokeMethod.evaluate(InvokeMethod.java:17)
	at org.junit.internal.runners.statements.RunBefores.evaluate(RunBefores.java:26)
	at org.junit.internal.runners.statements.RunAfters.evaluate(RunAfters.java:27)
	at org.junit.rules.ExpectedException$ExpectedExceptionStatement.evaluate(ExpectedException.java:168)
	at org.junit.internal.runners.statements.FailOnTimeout$StatementThread.run(FailOnTimeout.java:74)

Sep 05, 2019 8:30:31 AM org.apache.ratis.thirdparty.io.grpc.internal.ManagedChannelOrphanWrapper$ManagedChannelReference cleanQueue
SEVERE: *~*~*~ Channel ManagedChannelImpl{logId=1282, target=192.168.36.69:34973} was not shutdown properly!!! ~*~*~*
    Make sure to call shutdown()/shutdownNow() and wait until awaitTermination() returns true.
java.lang.RuntimeException: ManagedChannel allocation site
	at org.apache.ratis.thirdparty.io.grpc.internal.ManagedChannelOrphanWrapper$ManagedChannelReference.<init>(ManagedChannelOrphanWrapper.java:103)
	at org.apache.ratis.thirdparty.io.grpc.internal.ManagedChannelOrphanWrapper.<init>(ManagedChannelOrphanWrapper.java:53)
	at org.apache.ratis.thirdparty.io.grpc.internal.ManagedChannelOrphanWrapper.<init>(ManagedChannelOrphanWrapper.java:44)
	at org.apache.ratis.thirdparty.io.grpc.internal.AbstractManagedChannelImplBuilder.build(AbstractManagedChannelImplBuilder.java:411)
	at org.apache.hadoop.hdds.scm.XceiverClientGrpc.connectToDatanode(XceiverClientGrpc.java:175)
	at org.apache.hadoop.hdds.scm.XceiverClientGrpc.reconnect(XceiverClientGrpc.java:423)
	at org.apache.hadoop.hdds.scm.XceiverClientGrpc.sendCommandAsync(XceiverClientGrpc.java:372)
	at org.apache.hadoop.hdds.scm.XceiverClientGrpc.sendCommandAsync(XceiverClientGrpc.java:347)
	at org.apache.hadoop.hdds.scm.storage.ContainerProtocolCalls.writeChunkAsync(ContainerProtocolCalls.java:310)
	at org.apache.hadoop.hdds.scm.storage.BlockOutputStream.writeChunkToContainer(BlockOutputStream.java:601)
	at org.apache.hadoop.hdds.scm.storage.BlockOutputStream.writeChunk(BlockOutputStream.java:459)
	at org.apache.hadoop.hdds.scm.storage.BlockOutputStream.handleFlush(BlockOutputStream.java:470)
	at org.apache.hadoop.hdds.scm.storage.BlockOutputStream.close(BlockOutputStream.java:493)
	at org.apache.hadoop.ozone.client.io.BlockOutputStreamEntry.close(BlockOutputStreamEntry.java:143)
	at org.apache.hadoop.ozone.client.io.KeyOutputStream.handleFlushOrClose(KeyOutputStream.java:434)
	at org.apache.hadoop.ozone.client.io.KeyOutputStream.close(KeyOutputStream.java:472)
	at org.apache.hadoop.ozone.client.io.OzoneOutputStream.close(OzoneOutputStream.java:60)
	at org.apache.hadoop.ozone.om.TestOzoneManagerHA.createKey(TestOzoneManagerHA.java:1141)
	at org.apache.hadoop.ozone.om.TestOzoneManagerHA.testSetKeyAcl(TestOzoneManagerHA.java:893)
	at sun.reflect.NativeMethodAccessorImpl.invoke0(Native Method)
	at sun.reflect.NativeMethodAccessorImpl.invoke(NativeMethodAccessorImpl.java:62)
	at sun.reflect.DelegatingMethodAccessorImpl.invoke(DelegatingMethodAccessorImpl.java:43)
	at java.lang.reflect.Method.invoke(Method.java:498)
	at org.junit.runners.model.FrameworkMethod$1.runReflectiveCall(FrameworkMethod.java:47)
	at org.junit.internal.runners.model.ReflectiveCallable.run(ReflectiveCallable.java:12)
	at org.junit.runners.model.FrameworkMethod.invokeExplosively(FrameworkMethod.java:44)
	at org.junit.internal.runners.statements.InvokeMethod.evaluate(InvokeMethod.java:17)
	at org.junit.internal.runners.statements.RunBefores.evaluate(RunBefores.java:26)
	at org.junit.internal.runners.statements.RunAfters.evaluate(RunAfters.java:27)
	at org.junit.rules.ExpectedException$ExpectedExceptionStatement.evaluate(ExpectedException.java:168)
	at org.junit.internal.runners.statements.FailOnTimeout$StatementThread.run(FailOnTimeout.java:74)

]]></system-err>
  </testcase>
  <testcase name="testSetPrefixAcl" classname="org.apache.hadoop.ozone.om.TestOzoneManagerHA" time="15.214"/>
  <testcase name="testOMRestart" classname="org.apache.hadoop.ozone.om.TestOzoneManagerHA" time="27.063"/>
</testsuite>