<?xml version="1.0" encoding="UTF-8"?>
<testsuite xmlns:xsi="http://www.w3.org/2001/XMLSchema-instance" xsi:noNamespaceSchemaLocation="https://maven.apache.org/surefire/maven-surefire-plugin/xsd/surefire-test-report.xsd" name="org.apache.hadoop.ozone.client.rpc.TestBlockOutputStream" time="607.585" tests="6" errors="0" skipped="0" failures="3">
  <properties>
    <property name="awt.toolkit" value="sun.awt.X11.XToolkit"/>
    <property name="file.encoding.pkg" value="sun.io"/>
    <property name="java.specification.version" value="1.8"/>
    <property name="sun.cpu.isalist" value=""/>
    <property name="sun.jnu.encoding" value="UTF-8"/>
    <property name="java.class.path" value="/workdir/hadoop-ozone/integration-test/target/test-classes:/workdir/hadoop-ozone/integration-test/target/classes:/home/user/.m2/repository/org/apache/hadoop/hadoop-ozone-common/0.5.0-SNAPSHOT/hadoop-ozone-common-0.5.0-SNAPSHOT.jar:/home/user/.m2/repository/org/apache/commons/commons-compress/1.4.1/commons-compress-1.4.1.jar:/home/user/.m2/repository/org/tukaani/xz/1.0/xz-1.0.jar:/home/user/.m2/repository/org/apache/hadoop/hadoop-common/3.2.0/hadoop-common-3.2.0.jar:/home/user/.m2/repository/org/apache/hadoop/hadoop-hdfs/3.2.0/hadoop-hdfs-3.2.0.jar:/home/user/.m2/repository/org/apache/hadoop/hadoop-hdfs-client/3.2.0/hadoop-hdfs-client-3.2.0.jar:/home/user/.m2/repository/com/fasterxml/jackson/core/jackson-annotations/2.9.5/jackson-annotations-2.9.5.jar:/home/user/.m2/repository/org/apache/hadoop/hadoop-hdds-common/0.5.0-SNAPSHOT/hadoop-hdds-common-0.5.0-SNAPSHOT.jar:/home/user/.m2/repository/javax/annotation/javax.annotation-api/1.2/javax.annotation-api-1.2.jar:/home/user/.m2/repository/org/apache/ratis/ratis-server/0.4.0-78e95b9-SNAPSHOT/ratis-server-0.4.0-78e95b9-SNAPSHOT.jar:/home/user/.m2/repository/org/apache/ratis/ratis-thirdparty-misc/0.2.0/ratis-thirdparty-misc-0.2.0.jar:/home/user/.m2/repository/org/apache/ratis/ratis-proto/0.4.0-78e95b9-SNAPSHOT/ratis-proto-0.4.0-78e95b9-SNAPSHOT.jar:/home/user/.m2/repository/org/apache/ratis/ratis-common/0.4.0-78e95b9-SNAPSHOT/ratis-common-0.4.0-78e95b9-SNAPSHOT.jar:/home/user/.m2/repository/org/apache/ratis/ratis-client/0.4.0-78e95b9-SNAPSHOT/ratis-client-0.4.0-78e95b9-SNAPSHOT.jar:/home/user/.m2/repository/org/apache/ratis/ratis-metrics/0.4.0-78e95b9-SNAPSHOT/ratis-metrics-0.4.0-78e95b9-SNAPSHOT.jar:/home/user/.m2/repository/com/github/joshelser/dropwizard-metrics-hadoop-metrics2-reporter/0.1.2/dropwizard-metrics-hadoop-metrics2-reporter-0.1.2.jar:/home/user/.m2/repository/io/dropwizard/metrics/metrics-jvm/3.2.5/metrics-jvm-3.2.5.jar:/home/user/.m2/repository/io/dropwizard/metrics/metrics-ganglia/3.2.5/metrics-ganglia-3.2.5.jar:/home/user/.m2/repository/info/ganglia/gmetric4j/gmetric4j/1.0.7/gmetric4j-1.0.7.jar:/home/user/.m2/repository/org/apache/ratis/ratis-netty/0.4.0-78e95b9-SNAPSHOT/ratis-netty-0.4.0-78e95b9-SNAPSHOT.jar:/home/user/.m2/repository/org/apache/ratis/ratis-grpc/0.4.0-78e95b9-SNAPSHOT/ratis-grpc-0.4.0-78e95b9-SNAPSHOT.jar:/home/user/.m2/repository/org/rocksdb/rocksdbjni/6.0.1/rocksdbjni-6.0.1.jar:/home/user/.m2/repository/org/apache/logging/log4j/log4j-api/2.11.0/log4j-api-2.11.0.jar:/home/user/.m2/repository/org/apache/logging/log4j/log4j-core/2.11.0/log4j-core-2.11.0.jar:/home/user/.m2/repository/com/lmax/disruptor/3.4.2/disruptor-3.4.2.jar:/home/user/.m2/repository/org/apache/commons/commons-pool2/2.6.0/commons-pool2-2.6.0.jar:/home/user/.m2/repository/org/bouncycastle/bcpkix-jdk15on/1.60/bcpkix-jdk15on-1.60.jar:/home/user/.m2/repository/commons-validator/commons-validator/1.6/commons-validator-1.6.jar:/home/user/.m2/repository/commons-digester/commons-digester/1.8.1/commons-digester-1.8.1.jar:/home/user/.m2/repository/io/jaegertracing/jaeger-client/0.33.1/jaeger-client-0.33.1.jar:/home/user/.m2/repository/io/jaegertracing/jaeger-thrift/0.33.1/jaeger-thrift-0.33.1.jar:/home/user/.m2/repository/org/apache/thrift/libthrift/0.11.0/libthrift-0.11.0.jar:/home/user/.m2/repository/com/squareup/okhttp3/okhttp/3.9.0/okhttp-3.9.0.jar:/home/user/.m2/repository/com/squareup/okio/okio/1.13.0/okio-1.13.0.jar:/home/user/.m2/repository/io/jaegertracing/jaeger-core/0.33.1/jaeger-core-0.33.1.jar:/home/user/.m2/repository/io/jaegertracing/jaeger-tracerresolver/0.33.1/jaeger-tracerresolver-0.33.1.jar:/home/user/.m2/repository/io/opentracing/contrib/opentracing-tracerresolver/0.1.5/opentracing-tracerresolver-0.1.5.jar:/home/user/.m2/repository/io/opentracing/opentracing-util/0.31.0/opentracing-util-0.31.0.jar:/home/user/.m2/repository/io/opentracing/opentracing-api/0.31.0/opentracing-api-0.31.0.jar:/home/user/.m2/repository/io/opentracing/opentracing-noop/0.31.0/opentracing-noop-0.31.0.jar:/home/user/.m2/repository/org/apache/hadoop/hadoop-hdds-server-framework/0.5.0-SNAPSHOT/hadoop-hdds-server-framework-0.5.0-SNAPSHOT.jar:/home/user/.m2/repository/org/apache/hadoop/hadoop-hdds-container-service/0.5.0-SNAPSHOT/hadoop-hdds-container-service-0.5.0-SNAPSHOT.jar:/home/user/.m2/repository/org/apache/hadoop/hadoop-hdds-client/0.5.0-SNAPSHOT/hadoop-hdds-client-0.5.0-SNAPSHOT.jar:/home/user/.m2/repository/org/apache/hadoop/hadoop-hdds-tools/0.5.0-SNAPSHOT/hadoop-hdds-tools-0.5.0-SNAPSHOT.jar:/home/user/.m2/repository/org/apache/hadoop/hadoop-hdds-server-scm/0.5.0-SNAPSHOT/hadoop-hdds-server-scm-0.5.0-SNAPSHOT.jar:/home/user/.m2/repository/org/apache/hadoop/hadoop-hdds-docs/0.5.0-SNAPSHOT/hadoop-hdds-docs-0.5.0-SNAPSHOT.jar:/home/user/.m2/repository/io/dropwizard/metrics/metrics-core/3.2.4/metrics-core-3.2.4.jar:/home/user/.m2/repository/org/hamcrest/hamcrest-all/1.3/hamcrest-all-1.3.jar:/home/user/.m2/repository/org/bouncycastle/bcprov-jdk15on/1.60/bcprov-jdk15on-1.60.jar:/home/user/.m2/repository/info/picocli/picocli/3.9.6/picocli-3.9.6.jar:/home/user/.m2/repository/com/google/protobuf/protobuf-java/2.5.0/protobuf-java-2.5.0.jar:/home/user/.m2/repository/com/google/guava/guava/11.0.2/guava-11.0.2.jar:/home/user/.m2/repository/org/apache/hadoop/hadoop-ozone-ozone-manager/0.5.0-SNAPSHOT/hadoop-ozone-ozone-manager-0.5.0-SNAPSHOT.jar:/home/user/.m2/repository/org/apache/hadoop/hadoop-minikdc/3.2.0/hadoop-minikdc-3.2.0.jar:/home/user/.m2/repository/commons-io/commons-io/2.5/commons-io-2.5.jar:/home/user/.m2/repository/org/apache/kerby/kerb-simplekdc/1.0.1/kerb-simplekdc-1.0.1.jar:/home/user/.m2/repository/org/apache/kerby/kerb-client/1.0.1/kerb-client-1.0.1.jar:/home/user/.m2/repository/org/apache/kerby/kerby-config/1.0.1/kerby-config-1.0.1.jar:/home/user/.m2/repository/org/apache/kerby/kerb-core/1.0.1/kerb-core-1.0.1.jar:/home/user/.m2/repository/org/apache/kerby/kerby-pkix/1.0.1/kerby-pkix-1.0.1.jar:/home/user/.m2/repository/org/apache/kerby/kerby-asn1/1.0.1/kerby-asn1-1.0.1.jar:/home/user/.m2/repository/org/apache/kerby/kerby-util/1.0.1/kerby-util-1.0.1.jar:/home/user/.m2/repository/org/apache/kerby/kerb-common/1.0.1/kerb-common-1.0.1.jar:/home/user/.m2/repository/org/apache/kerby/kerb-crypto/1.0.1/kerb-crypto-1.0.1.jar:/home/user/.m2/repository/org/apache/kerby/kerb-util/1.0.1/kerb-util-1.0.1.jar:/home/user/.m2/repository/org/apache/kerby/token-provider/1.0.1/token-provider-1.0.1.jar:/home/user/.m2/repository/org/apache/kerby/kerb-admin/1.0.1/kerb-admin-1.0.1.jar:/home/user/.m2/repository/org/apache/kerby/kerb-server/1.0.1/kerb-server-1.0.1.jar:/home/user/.m2/repository/org/apache/kerby/kerb-identity/1.0.1/kerb-identity-1.0.1.jar:/home/user/.m2/repository/org/apache/kerby/kerby-xdr/1.0.1/kerby-xdr-1.0.1.jar:/home/user/.m2/repository/org/slf4j/slf4j-log4j12/1.7.25/slf4j-log4j12-1.7.25.jar:/home/user/.m2/repository/org/apache/hadoop/hadoop-ozone-s3gateway/0.5.0-SNAPSHOT/hadoop-ozone-s3gateway-0.5.0-SNAPSHOT.jar:/home/user/.m2/repository/org/jboss/weld/servlet/weld-servlet/2.4.7.Final/weld-servlet-2.4.7.Final.jar:/home/user/.m2/repository/org/glassfish/jersey/containers/jersey-container-servlet-core/2.27/jersey-container-servlet-core-2.27.jar:/home/user/.m2/repository/org/glassfish/hk2/external/javax.inject/2.5.0-b42/javax.inject-2.5.0-b42.jar:/home/user/.m2/repository/org/glassfish/jersey/core/jersey-common/2.27/jersey-common-2.27.jar:/home/user/.m2/repository/org/glassfish/hk2/osgi-resource-locator/1.0.1/osgi-resource-locator-1.0.1.jar:/home/user/.m2/repository/javax/ws/rs/javax.ws.rs-api/2.1/javax.ws.rs-api-2.1.jar:/home/user/.m2/repository/org/glassfish/jersey/ext/cdi/jersey-cdi1x/2.27/jersey-cdi1x-2.27.jar:/home/user/.m2/repository/org/glassfish/jersey/inject/jersey-hk2/2.27/jersey-hk2-2.27.jar:/home/user/.m2/repository/org/glassfish/hk2/hk2-locator/2.5.0-b42/hk2-locator-2.5.0-b42.jar:/home/user/.m2/repository/org/javassist/javassist/3.22.0-CR2/javassist-3.22.0-CR2.jar:/home/user/.m2/repository/org/glassfish/hk2/hk2-api/2.5.0/hk2-api-2.5.0.jar:/home/user/.m2/repository/org/glassfish/hk2/external/jakarta.inject/2.5.0/jakarta.inject-2.5.0.jar:/home/user/.m2/repository/org/glassfish/hk2/hk2-utils/2.5.0/hk2-utils-2.5.0.jar:/home/user/.m2/repository/jakarta/annotation/jakarta.annotation-api/1.3.4/jakarta.annotation-api-1.3.4.jar:/home/user/.m2/repository/org/glassfish/hk2/external/aopalliance-repackaged/2.5.0/aopalliance-repackaged-2.5.0.jar:/home/user/.m2/repository/com/fasterxml/jackson/dataformat/jackson-dataformat-xml/2.9.0/jackson-dataformat-xml-2.9.0.jar:/home/user/.m2/repository/com/fasterxml/jackson/core/jackson-core/2.9.5/jackson-core-2.9.5.jar:/home/user/.m2/repository/com/fasterxml/jackson/module/jackson-module-jaxb-annotations/2.9.5/jackson-module-jaxb-annotations-2.9.5.jar:/home/user/.m2/repository/javax/enterprise/cdi-api/1.2/cdi-api-1.2.jar:/home/user/.m2/repository/javax/el/javax.el-api/3.0.0/javax.el-api-3.0.0.jar:/home/user/.m2/repository/javax/interceptor/javax.interceptor-api/1.2/javax.interceptor-api-1.2.jar:/home/user/.m2/repository/javax/inject/javax.inject/1/javax.inject-1.jar:/home/user/.m2/repository/com/sun/xml/bind/jaxb-impl/2.3.0.1/jaxb-impl-2.3.0.1.jar:/home/user/.m2/repository/com/sun/xml/bind/jaxb-core/2.3.0.1/jaxb-core-2.3.0.1.jar:/home/user/.m2/repository/javax/xml/bind/jaxb-api/2.3.0/jaxb-api-2.3.0.jar:/home/user/.m2/repository/javax/activation/activation/1.1.1/activation-1.1.1.jar:/home/user/.m2/repository/org/apache/hadoop/hadoop-ozone-csi/0.5.0-SNAPSHOT/hadoop-ozone-csi-0.5.0-SNAPSHOT.jar:/home/user/.m2/repository/com/google/protobuf/protobuf-java-util/3.5.1/protobuf-java-util-3.5.1.jar:/home/user/.m2/repository/org/apache/hadoop/hadoop-hdds-config/0.5.0-SNAPSHOT/hadoop-hdds-config-0.5.0-SNAPSHOT.jar:/home/user/.m2/repository/io/grpc/grpc-netty/1.17.1/grpc-netty-1.17.1.jar:/home/user/.m2/repository/io/grpc/grpc-core/1.17.1/grpc-core-1.17.1.jar:/home/user/.m2/repository/io/grpc/grpc-context/1.17.1/grpc-context-1.17.1.jar:/home/user/.m2/repository/com/google/errorprone/error_prone_annotations/2.2.0/error_prone_annotations-2.2.0.jar:/home/user/.m2/repository/org/codehaus/mojo/animal-sniffer-annotations/1.17/animal-sniffer-annotations-1.17.jar:/home/user/.m2/repository/io/opencensus/opencensus-api/0.17.0/opencensus-api-0.17.0.jar:/home/user/.m2/repository/io/opencensus/opencensus-contrib-grpc-metrics/0.17.0/opencensus-contrib-grpc-metrics-0.17.0.jar:/home/user/.m2/repository/io/netty/netty-codec-http2/4.1.30.Final/netty-codec-http2-4.1.30.Final.jar:/home/user/.m2/repository/io/netty/netty-codec-http/4.1.30.Final/netty-codec-http-4.1.30.Final.jar:/home/user/.m2/repository/io/netty/netty-codec/4.1.30.Final/netty-codec-4.1.30.Final.jar:/home/user/.m2/repository/io/netty/netty-handler/4.1.30.Final/netty-handler-4.1.30.Final.jar:/home/user/.m2/repository/io/netty/netty-handler-proxy/4.1.30.Final/netty-handler-proxy-4.1.30.Final.jar:/home/user/.m2/repository/io/netty/netty-codec-socks/4.1.30.Final/netty-codec-socks-4.1.30.Final.jar:/home/user/.m2/repository/io/netty/netty-transport-native-epoll/4.1.30.Final/netty-transport-native-epoll-4.1.30.Final.jar:/home/user/.m2/repository/io/netty/netty-common/4.1.30.Final/netty-common-4.1.30.Final.jar:/home/user/.m2/repository/io/netty/netty-buffer/4.1.30.Final/netty-buffer-4.1.30.Final.jar:/home/user/.m2/repository/io/netty/netty-transport/4.1.30.Final/netty-transport-4.1.30.Final.jar:/home/user/.m2/repository/io/netty/netty-resolver/4.1.30.Final/netty-resolver-4.1.30.Final.jar:/home/user/.m2/repository/io/netty/netty-transport-native-unix-common/4.1.30.Final/netty-transport-native-unix-common-4.1.30.Final.jar:/home/user/.m2/repository/io/grpc/grpc-protobuf/1.17.1/grpc-protobuf-1.17.1.jar:/home/user/.m2/repository/com/google/api/grpc/proto-google-common-protos/1.0.0/proto-google-common-protos-1.0.0.jar:/home/user/.m2/repository/io/grpc/grpc-protobuf-lite/1.17.1/grpc-protobuf-lite-1.17.1.jar:/home/user/.m2/repository/io/grpc/grpc-stub/1.17.1/grpc-stub-1.17.1.jar:/home/user/.m2/repository/org/apache/hadoop/hadoop-ozone-recon/0.5.0-SNAPSHOT/hadoop-ozone-recon-0.5.0-SNAPSHOT.jar:/home/user/.m2/repository/org/apache/hadoop/hadoop-ozone-reconcodegen/0.5.0-SNAPSHOT/hadoop-ozone-reconcodegen-0.5.0-SNAPSHOT.jar:/home/user/.m2/repository/com/google/inject/extensions/guice-multibindings/4.0/guice-multibindings-4.0.jar:/home/user/.m2/repository/com/google/inject/guice/4.0/guice-4.0.jar:/home/user/.m2/repository/aopalliance/aopalliance/1.0/aopalliance-1.0.jar:/home/user/.m2/repository/com/google/inject/extensions/guice-servlet/4.0/guice-servlet-4.0.jar:/home/user/.m2/repository/org/glassfish/jersey/containers/jersey-container-servlet/2.27/jersey-container-servlet-2.27.jar:/home/user/.m2/repository/org/glassfish/hk2/guice-bridge/2.5.0/guice-bridge-2.5.0.jar:/home/user/.m2/repository/org/glassfish/jersey/core/jersey-server/2.27/jersey-server-2.27.jar:/home/user/.m2/repository/org/glassfish/jersey/core/jersey-client/2.27/jersey-client-2.27.jar:/home/user/.m2/repository/org/glassfish/jersey/media/jersey-media-jaxb/2.27/jersey-media-jaxb-2.27.jar:/home/user/.m2/repository/javax/validation/validation-api/1.1.0.Final/validation-api-1.1.0.Final.jar:/home/user/.m2/repository/org/glassfish/jersey/media/jersey-media-json-jackson/2.27/jersey-media-json-jackson-2.27.jar:/home/user/.m2/repository/org/glassfish/jersey/ext/jersey-entity-filtering/2.27/jersey-entity-filtering-2.27.jar:/home/user/.m2/repository/com/google/inject/extensions/guice-assistedinject/4.0/guice-assistedinject-4.0.jar:/home/user/.m2/repository/org/jooq/jooq/3.11.10/jooq-3.11.10.jar:/home/user/.m2/repository/org/jooq/jooq-meta/3.11.10/jooq-meta-3.11.10.jar:/home/user/.m2/repository/org/jooq/jooq-codegen/3.11.10/jooq-codegen-3.11.10.jar:/home/user/.m2/repository/com/jolbox/bonecp/0.8.0.RELEASE/bonecp-0.8.0.RELEASE.jar:/home/user/.m2/repository/org/xerial/sqlite-jdbc/3.25.2/sqlite-jdbc-3.25.2.jar:/home/user/.m2/repository/org/springframework/spring-jdbc/5.1.3.RELEASE/spring-jdbc-5.1.3.RELEASE.jar:/home/user/.m2/repository/org/springframework/spring-beans/5.1.3.RELEASE/spring-beans-5.1.3.RELEASE.jar:/home/user/.m2/repository/org/springframework/spring-core/5.1.3.RELEASE/spring-core-5.1.3.RELEASE.jar:/home/user/.m2/repository/org/springframework/spring-jcl/5.1.3.RELEASE/spring-jcl-5.1.3.RELEASE.jar:/home/user/.m2/repository/org/springframework/spring-tx/5.1.3.RELEASE/spring-tx-5.1.3.RELEASE.jar:/home/user/.m2/repository/org/apache/hadoop/hadoop-ozone-client/0.5.0-SNAPSHOT/hadoop-ozone-client-0.5.0-SNAPSHOT.jar:/home/user/.m2/repository/commons-lang/commons-lang/2.6/commons-lang-2.6.jar:/home/user/.m2/repository/org/apache/hadoop/hadoop-ozone-ozone-manager/0.5.0-SNAPSHOT/hadoop-ozone-ozone-manager-0.5.0-SNAPSHOT-tests.jar:/home/user/.m2/repository/junit/junit/4.11/junit-4.11.jar:/home/user/.m2/repository/org/hamcrest/hamcrest-core/1.3/hamcrest-core-1.3.jar:/home/user/.m2/repository/org/openjdk/jmh/jmh-core/1.19/jmh-core-1.19.jar:/home/user/.m2/repository/net/sf/jopt-simple/jopt-simple/4.6/jopt-simple-4.6.jar:/home/user/.m2/repository/org/apache/commons/commons-math3/3.1.1/commons-math3-3.1.1.jar:/home/user/.m2/repository/org/openjdk/jmh/jmh-generator-annprocess/1.19/jmh-generator-annprocess-1.19.jar:/home/user/.m2/repository/org/mockito/mockito-all/1.8.5/mockito-all-1.8.5.jar:/home/user/.m2/repository/org/apache/hadoop/hadoop-kms/3.2.0/hadoop-kms-3.2.0.jar:/home/user/.m2/repository/org/apache/hadoop/hadoop-auth/3.2.0/hadoop-auth-3.2.0.jar:/home/user/.m2/repository/com/nimbusds/nimbus-jose-jwt/4.41.1/nimbus-jose-jwt-4.41.1.jar:/home/user/.m2/repository/com/github/stephenc/jcip/jcip-annotations/1.0-1/jcip-annotations-1.0-1.jar:/home/user/.m2/repository/net/minidev/json-smart/2.3/json-smart-2.3.jar:/home/user/.m2/repository/net/minidev/accessors-smart/1.2/accessors-smart-1.2.jar:/home/user/.m2/repository/org/ow2/asm/asm/5.0.4/asm-5.0.4.jar:/home/user/.m2/repository/org/apache/curator/curator-framework/2.12.0/curator-framework-2.12.0.jar:/home/user/.m2/repository/com/sun/jersey/jersey-core/1.19/jersey-core-1.19.jar:/home/user/.m2/repository/javax/ws/rs/jsr311-api/1.1.1/jsr311-api-1.1.1.jar:/home/user/.m2/repository/com/sun/jersey/jersey-server/1.19/jersey-server-1.19.jar:/home/user/.m2/repository/javax/servlet/javax.servlet-api/3.1.0/javax.servlet-api-3.1.0.jar:/home/user/.m2/repository/org/eclipse/jetty/jetty-server/9.3.24.v20180605/jetty-server-9.3.24.v20180605.jar:/home/user/.m2/repository/org/eclipse/jetty/jetty-http/9.3.24.v20180605/jetty-http-9.3.24.v20180605.jar:/home/user/.m2/repository/org/eclipse/jetty/jetty-io/9.3.24.v20180605/jetty-io-9.3.24.v20180605.jar:/home/user/.m2/repository/org/eclipse/jetty/jetty-webapp/9.3.24.v20180605/jetty-webapp-9.3.24.v20180605.jar:/home/user/.m2/repository/org/eclipse/jetty/jetty-xml/9.3.24.v20180605/jetty-xml-9.3.24.v20180605.jar:/home/user/.m2/repository/log4j/log4j/1.2.17/log4j-1.2.17.jar:/home/user/.m2/repository/org/slf4j/slf4j-api/1.7.25/slf4j-api-1.7.25.jar:/home/user/.m2/repository/org/slf4j/jul-to-slf4j/1.7.25/jul-to-slf4j-1.7.25.jar:/home/user/.m2/repository/org/eclipse/jetty/jetty-util/9.3.24.v20180605/jetty-util-9.3.24.v20180605.jar:/home/user/.m2/repository/com/fasterxml/jackson/core/jackson-databind/2.9.5/jackson-databind-2.9.5.jar:/home/user/.m2/repository/org/apache/hadoop/hadoop-kms/3.2.0/hadoop-kms-3.2.0-tests.jar:/home/user/.m2/repository/org/apache/hadoop/hadoop-hdds-server-scm/0.5.0-SNAPSHOT/hadoop-hdds-server-scm-0.5.0-SNAPSHOT-tests.jar:/home/user/.m2/repository/org/apache/hadoop/hadoop-hdds-container-service/0.5.0-SNAPSHOT/hadoop-hdds-container-service-0.5.0-SNAPSHOT-tests.jar:/home/user/.m2/repository/org/yaml/snakeyaml/1.16/snakeyaml-1.16.jar:/home/user/.m2/repository/org/apache/hadoop/hadoop-common/3.2.0/hadoop-common-3.2.0-tests.jar:/home/user/.m2/repository/org/apache/hadoop/hadoop-annotations/3.2.0/hadoop-annotations-3.2.0.jar:/usr/lib/jvm/java-1.8-openjdk/jre/../lib/tools.jar:/home/user/.m2/repository/commons-cli/commons-cli/1.2/commons-cli-1.2.jar:/home/user/.m2/repository/org/apache/httpcomponents/httpclient/4.5.2/httpclient-4.5.2.jar:/home/user/.m2/repository/org/apache/httpcomponents/httpcore/4.4.4/httpcore-4.4.4.jar:/home/user/.m2/repository/commons-codec/commons-codec/1.11/commons-codec-1.11.jar:/home/user/.m2/repository/commons-net/commons-net/3.6/commons-net-3.6.jar:/home/user/.m2/repository/commons-collections/commons-collections/3.2.2/commons-collections-3.2.2.jar:/home/user/.m2/repository/org/eclipse/jetty/jetty-servlet/9.3.24.v20180605/jetty-servlet-9.3.24.v20180605.jar:/home/user/.m2/repository/org/eclipse/jetty/jetty-security/9.3.24.v20180605/jetty-security-9.3.24.v20180605.jar:/home/user/.m2/repository/javax/servlet/jsp/jsp-api/2.1/jsp-api-2.1.jar:/home/user/.m2/repository/com/sun/jersey/jersey-servlet/1.19/jersey-servlet-1.19.jar:/home/user/.m2/repository/com/sun/jersey/jersey-json/1.19/jersey-json-1.19.jar:/home/user/.m2/repository/org/codehaus/jettison/jettison/1.1/jettison-1.1.jar:/home/user/.m2/repository/org/codehaus/jackson/jackson-core-asl/1.9.13/jackson-core-asl-1.9.13.jar:/home/user/.m2/repository/org/codehaus/jackson/jackson-mapper-asl/1.9.13/jackson-mapper-asl-1.9.13.jar:/home/user/.m2/repository/org/codehaus/jackson/jackson-jaxrs/1.9.13/jackson-jaxrs-1.9.13.jar:/home/user/.m2/repository/org/codehaus/jackson/jackson-xc/1.9.13/jackson-xc-1.9.13.jar:/home/user/.m2/repository/commons-logging/commons-logging/1.1.3/commons-logging-1.1.3.jar:/home/user/.m2/repository/commons-beanutils/commons-beanutils/1.9.3/commons-beanutils-1.9.3.jar:/home/user/.m2/repository/org/apache/commons/commons-configuration2/2.1.1/commons-configuration2-2.1.1.jar:/home/user/.m2/repository/org/apache/commons/commons-lang3/3.7/commons-lang3-3.7.jar:/home/user/.m2/repository/org/apache/commons/commons-text/1.4/commons-text-1.4.jar:/home/user/.m2/repository/org/apache/avro/avro/1.7.7/avro-1.7.7.jar:/home/user/.m2/repository/com/thoughtworks/paranamer/paranamer/2.3/paranamer-2.3.jar:/home/user/.m2/repository/org/xerial/snappy/snappy-java/1.0.5/snappy-java-1.0.5.jar:/home/user/.m2/repository/com/google/re2j/re2j/1.1/re2j-1.1.jar:/home/user/.m2/repository/com/google/code/gson/gson/2.2.4/gson-2.2.4.jar:/home/user/.m2/repository/com/jcraft/jsch/0.1.54/jsch-0.1.54.jar:/home/user/.m2/repository/org/apache/curator/curator-client/2.12.0/curator-client-2.12.0.jar:/home/user/.m2/repository/org/apache/curator/curator-recipes/2.12.0/curator-recipes-2.12.0.jar:/home/user/.m2/repository/com/google/code/findbugs/jsr305/3.0.0/jsr305-3.0.0.jar:/home/user/.m2/repository/org/apache/htrace/htrace-core4/4.1.0-incubating/htrace-core4-4.1.0-incubating.jar:/home/user/.m2/repository/org/apache/zookeeper/zookeeper/3.4.13/zookeeper-3.4.13.jar:/home/user/.m2/repository/org/apache/yetus/audience-annotations/0.5.0/audience-annotations-0.5.0.jar:/home/user/.m2/repository/org/codehaus/woodstox/stax2-api/3.1.4/stax2-api-3.1.4.jar:/home/user/.m2/repository/com/fasterxml/woodstox/woodstox-core/5.0.3/woodstox-core-5.0.3.jar:/home/user/.m2/repository/dnsjava/dnsjava/2.1.7/dnsjava-2.1.7.jar:/home/user/.m2/repository/org/apache/hadoop/hadoop-hdfs/3.2.0/hadoop-hdfs-3.2.0-tests.jar:/home/user/.m2/repository/org/eclipse/jetty/jetty-util-ajax/9.3.24.v20180605/jetty-util-ajax-9.3.24.v20180605.jar:/home/user/.m2/repository/commons-daemon/commons-daemon/1.0.13/commons-daemon-1.0.13.jar:/home/user/.m2/repository/io/netty/netty/3.10.5.Final/netty-3.10.5.Final.jar:/home/user/.m2/repository/io/netty/netty-all/4.0.52.Final/netty-all-4.0.52.Final.jar:/home/user/.m2/repository/org/fusesource/leveldbjni/leveldbjni-all/1.8/leveldbjni-all-1.8.jar:"/>
    <property name="java.vm.vendor" value="IcedTea"/>
    <property name="sun.arch.data.model" value="64"/>
    <property name="test.build.dir" value="/workdir/hadoop-ozone/integration-test/target/test-dir"/>
    <property name="test.cache.data" value=""/>
    <property name="java.vendor.url" value="https://icedtea.classpath.org"/>
    <property name="user.timezone" value=""/>
    <property name="java.vm.specification.version" value="1.8"/>
    <property name="os.name" value="Linux"/>
    <property name="test.build.data" value="/workdir/hadoop-ozone/integration-test/target/test-dir"/>
    <property name="user.country" value="US"/>
    <property name="sun.java.launcher" value="SUN_STANDARD"/>
    <property name="sun.boot.library.path" value="/usr/lib/jvm/java-1.8-openjdk/jre/lib/amd64"/>
    <property name="sun.java.command" value="/workdir/hadoop-ozone/integration-test/target/surefire/surefirebooter7892340502850415144.jar /workdir/hadoop-ozone/integration-test/target/surefire 2019-09-16T20-38-10_095-jvmRun1 surefire4761654585069030739tmp surefire_774538862320561349832tmp"/>
    <property name="test" value="!TestMiniChaosOzoneCluster"/>
    <property name="surefire.test.class.path" value="/workdir/hadoop-ozone/integration-test/target/test-classes:/workdir/hadoop-ozone/integration-test/target/classes:/home/user/.m2/repository/org/apache/hadoop/hadoop-ozone-common/0.5.0-SNAPSHOT/hadoop-ozone-common-0.5.0-SNAPSHOT.jar:/home/user/.m2/repository/org/apache/commons/commons-compress/1.4.1/commons-compress-1.4.1.jar:/home/user/.m2/repository/org/tukaani/xz/1.0/xz-1.0.jar:/home/user/.m2/repository/org/apache/hadoop/hadoop-common/3.2.0/hadoop-common-3.2.0.jar:/home/user/.m2/repository/org/apache/hadoop/hadoop-hdfs/3.2.0/hadoop-hdfs-3.2.0.jar:/home/user/.m2/repository/org/apache/hadoop/hadoop-hdfs-client/3.2.0/hadoop-hdfs-client-3.2.0.jar:/home/user/.m2/repository/com/fasterxml/jackson/core/jackson-annotations/2.9.5/jackson-annotations-2.9.5.jar:/home/user/.m2/repository/org/apache/hadoop/hadoop-hdds-common/0.5.0-SNAPSHOT/hadoop-hdds-common-0.5.0-SNAPSHOT.jar:/home/user/.m2/repository/javax/annotation/javax.annotation-api/1.2/javax.annotation-api-1.2.jar:/home/user/.m2/repository/org/apache/ratis/ratis-server/0.4.0-78e95b9-SNAPSHOT/ratis-server-0.4.0-78e95b9-SNAPSHOT.jar:/home/user/.m2/repository/org/apache/ratis/ratis-thirdparty-misc/0.2.0/ratis-thirdparty-misc-0.2.0.jar:/home/user/.m2/repository/org/apache/ratis/ratis-proto/0.4.0-78e95b9-SNAPSHOT/ratis-proto-0.4.0-78e95b9-SNAPSHOT.jar:/home/user/.m2/repository/org/apache/ratis/ratis-common/0.4.0-78e95b9-SNAPSHOT/ratis-common-0.4.0-78e95b9-SNAPSHOT.jar:/home/user/.m2/repository/org/apache/ratis/ratis-client/0.4.0-78e95b9-SNAPSHOT/ratis-client-0.4.0-78e95b9-SNAPSHOT.jar:/home/user/.m2/repository/org/apache/ratis/ratis-metrics/0.4.0-78e95b9-SNAPSHOT/ratis-metrics-0.4.0-78e95b9-SNAPSHOT.jar:/home/user/.m2/repository/com/github/joshelser/dropwizard-metrics-hadoop-metrics2-reporter/0.1.2/dropwizard-metrics-hadoop-metrics2-reporter-0.1.2.jar:/home/user/.m2/repository/io/dropwizard/metrics/metrics-jvm/3.2.5/metrics-jvm-3.2.5.jar:/home/user/.m2/repository/io/dropwizard/metrics/metrics-ganglia/3.2.5/metrics-ganglia-3.2.5.jar:/home/user/.m2/repository/info/ganglia/gmetric4j/gmetric4j/1.0.7/gmetric4j-1.0.7.jar:/home/user/.m2/repository/org/apache/ratis/ratis-netty/0.4.0-78e95b9-SNAPSHOT/ratis-netty-0.4.0-78e95b9-SNAPSHOT.jar:/home/user/.m2/repository/org/apache/ratis/ratis-grpc/0.4.0-78e95b9-SNAPSHOT/ratis-grpc-0.4.0-78e95b9-SNAPSHOT.jar:/home/user/.m2/repository/org/rocksdb/rocksdbjni/6.0.1/rocksdbjni-6.0.1.jar:/home/user/.m2/repository/org/apache/logging/log4j/log4j-api/2.11.0/log4j-api-2.11.0.jar:/home/user/.m2/repository/org/apache/logging/log4j/log4j-core/2.11.0/log4j-core-2.11.0.jar:/home/user/.m2/repository/com/lmax/disruptor/3.4.2/disruptor-3.4.2.jar:/home/user/.m2/repository/org/apache/commons/commons-pool2/2.6.0/commons-pool2-2.6.0.jar:/home/user/.m2/repository/org/bouncycastle/bcpkix-jdk15on/1.60/bcpkix-jdk15on-1.60.jar:/home/user/.m2/repository/commons-validator/commons-validator/1.6/commons-validator-1.6.jar:/home/user/.m2/repository/commons-digester/commons-digester/1.8.1/commons-digester-1.8.1.jar:/home/user/.m2/repository/io/jaegertracing/jaeger-client/0.33.1/jaeger-client-0.33.1.jar:/home/user/.m2/repository/io/jaegertracing/jaeger-thrift/0.33.1/jaeger-thrift-0.33.1.jar:/home/user/.m2/repository/org/apache/thrift/libthrift/0.11.0/libthrift-0.11.0.jar:/home/user/.m2/repository/com/squareup/okhttp3/okhttp/3.9.0/okhttp-3.9.0.jar:/home/user/.m2/repository/com/squareup/okio/okio/1.13.0/okio-1.13.0.jar:/home/user/.m2/repository/io/jaegertracing/jaeger-core/0.33.1/jaeger-core-0.33.1.jar:/home/user/.m2/repository/io/jaegertracing/jaeger-tracerresolver/0.33.1/jaeger-tracerresolver-0.33.1.jar:/home/user/.m2/repository/io/opentracing/contrib/opentracing-tracerresolver/0.1.5/opentracing-tracerresolver-0.1.5.jar:/home/user/.m2/repository/io/opentracing/opentracing-util/0.31.0/opentracing-util-0.31.0.jar:/home/user/.m2/repository/io/opentracing/opentracing-api/0.31.0/opentracing-api-0.31.0.jar:/home/user/.m2/repository/io/opentracing/opentracing-noop/0.31.0/opentracing-noop-0.31.0.jar:/home/user/.m2/repository/org/apache/hadoop/hadoop-hdds-server-framework/0.5.0-SNAPSHOT/hadoop-hdds-server-framework-0.5.0-SNAPSHOT.jar:/home/user/.m2/repository/org/apache/hadoop/hadoop-hdds-container-service/0.5.0-SNAPSHOT/hadoop-hdds-container-service-0.5.0-SNAPSHOT.jar:/home/user/.m2/repository/org/apache/hadoop/hadoop-hdds-client/0.5.0-SNAPSHOT/hadoop-hdds-client-0.5.0-SNAPSHOT.jar:/home/user/.m2/repository/org/apache/hadoop/hadoop-hdds-tools/0.5.0-SNAPSHOT/hadoop-hdds-tools-0.5.0-SNAPSHOT.jar:/home/user/.m2/repository/org/apache/hadoop/hadoop-hdds-server-scm/0.5.0-SNAPSHOT/hadoop-hdds-server-scm-0.5.0-SNAPSHOT.jar:/home/user/.m2/repository/org/apache/hadoop/hadoop-hdds-docs/0.5.0-SNAPSHOT/hadoop-hdds-docs-0.5.0-SNAPSHOT.jar:/home/user/.m2/repository/io/dropwizard/metrics/metrics-core/3.2.4/metrics-core-3.2.4.jar:/home/user/.m2/repository/org/hamcrest/hamcrest-all/1.3/hamcrest-all-1.3.jar:/home/user/.m2/repository/org/bouncycastle/bcprov-jdk15on/1.60/bcprov-jdk15on-1.60.jar:/home/user/.m2/repository/info/picocli/picocli/3.9.6/picocli-3.9.6.jar:/home/user/.m2/repository/com/google/protobuf/protobuf-java/2.5.0/protobuf-java-2.5.0.jar:/home/user/.m2/repository/com/google/guava/guava/11.0.2/guava-11.0.2.jar:/home/user/.m2/repository/org/apache/hadoop/hadoop-ozone-ozone-manager/0.5.0-SNAPSHOT/hadoop-ozone-ozone-manager-0.5.0-SNAPSHOT.jar:/home/user/.m2/repository/org/apache/hadoop/hadoop-minikdc/3.2.0/hadoop-minikdc-3.2.0.jar:/home/user/.m2/repository/commons-io/commons-io/2.5/commons-io-2.5.jar:/home/user/.m2/repository/org/apache/kerby/kerb-simplekdc/1.0.1/kerb-simplekdc-1.0.1.jar:/home/user/.m2/repository/org/apache/kerby/kerb-client/1.0.1/kerb-client-1.0.1.jar:/home/user/.m2/repository/org/apache/kerby/kerby-config/1.0.1/kerby-config-1.0.1.jar:/home/user/.m2/repository/org/apache/kerby/kerb-core/1.0.1/kerb-core-1.0.1.jar:/home/user/.m2/repository/org/apache/kerby/kerby-pkix/1.0.1/kerby-pkix-1.0.1.jar:/home/user/.m2/repository/org/apache/kerby/kerby-asn1/1.0.1/kerby-asn1-1.0.1.jar:/home/user/.m2/repository/org/apache/kerby/kerby-util/1.0.1/kerby-util-1.0.1.jar:/home/user/.m2/repository/org/apache/kerby/kerb-common/1.0.1/kerb-common-1.0.1.jar:/home/user/.m2/repository/org/apache/kerby/kerb-crypto/1.0.1/kerb-crypto-1.0.1.jar:/home/user/.m2/repository/org/apache/kerby/kerb-util/1.0.1/kerb-util-1.0.1.jar:/home/user/.m2/repository/org/apache/kerby/token-provider/1.0.1/token-provider-1.0.1.jar:/home/user/.m2/repository/org/apache/kerby/kerb-admin/1.0.1/kerb-admin-1.0.1.jar:/home/user/.m2/repository/org/apache/kerby/kerb-server/1.0.1/kerb-server-1.0.1.jar:/home/user/.m2/repository/org/apache/kerby/kerb-identity/1.0.1/kerb-identity-1.0.1.jar:/home/user/.m2/repository/org/apache/kerby/kerby-xdr/1.0.1/kerby-xdr-1.0.1.jar:/home/user/.m2/repository/org/slf4j/slf4j-log4j12/1.7.25/slf4j-log4j12-1.7.25.jar:/home/user/.m2/repository/org/apache/hadoop/hadoop-ozone-s3gateway/0.5.0-SNAPSHOT/hadoop-ozone-s3gateway-0.5.0-SNAPSHOT.jar:/home/user/.m2/repository/org/jboss/weld/servlet/weld-servlet/2.4.7.Final/weld-servlet-2.4.7.Final.jar:/home/user/.m2/repository/org/glassfish/jersey/containers/jersey-container-servlet-core/2.27/jersey-container-servlet-core-2.27.jar:/home/user/.m2/repository/org/glassfish/hk2/external/javax.inject/2.5.0-b42/javax.inject-2.5.0-b42.jar:/home/user/.m2/repository/org/glassfish/jersey/core/jersey-common/2.27/jersey-common-2.27.jar:/home/user/.m2/repository/org/glassfish/hk2/osgi-resource-locator/1.0.1/osgi-resource-locator-1.0.1.jar:/home/user/.m2/repository/javax/ws/rs/javax.ws.rs-api/2.1/javax.ws.rs-api-2.1.jar:/home/user/.m2/repository/org/glassfish/jersey/ext/cdi/jersey-cdi1x/2.27/jersey-cdi1x-2.27.jar:/home/user/.m2/repository/org/glassfish/jersey/inject/jersey-hk2/2.27/jersey-hk2-2.27.jar:/home/user/.m2/repository/org/glassfish/hk2/hk2-locator/2.5.0-b42/hk2-locator-2.5.0-b42.jar:/home/user/.m2/repository/org/javassist/javassist/3.22.0-CR2/javassist-3.22.0-CR2.jar:/home/user/.m2/repository/org/glassfish/hk2/hk2-api/2.5.0/hk2-api-2.5.0.jar:/home/user/.m2/repository/org/glassfish/hk2/external/jakarta.inject/2.5.0/jakarta.inject-2.5.0.jar:/home/user/.m2/repository/org/glassfish/hk2/hk2-utils/2.5.0/hk2-utils-2.5.0.jar:/home/user/.m2/repository/jakarta/annotation/jakarta.annotation-api/1.3.4/jakarta.annotation-api-1.3.4.jar:/home/user/.m2/repository/org/glassfish/hk2/external/aopalliance-repackaged/2.5.0/aopalliance-repackaged-2.5.0.jar:/home/user/.m2/repository/com/fasterxml/jackson/dataformat/jackson-dataformat-xml/2.9.0/jackson-dataformat-xml-2.9.0.jar:/home/user/.m2/repository/com/fasterxml/jackson/core/jackson-core/2.9.5/jackson-core-2.9.5.jar:/home/user/.m2/repository/com/fasterxml/jackson/module/jackson-module-jaxb-annotations/2.9.5/jackson-module-jaxb-annotations-2.9.5.jar:/home/user/.m2/repository/javax/enterprise/cdi-api/1.2/cdi-api-1.2.jar:/home/user/.m2/repository/javax/el/javax.el-api/3.0.0/javax.el-api-3.0.0.jar:/home/user/.m2/repository/javax/interceptor/javax.interceptor-api/1.2/javax.interceptor-api-1.2.jar:/home/user/.m2/repository/javax/inject/javax.inject/1/javax.inject-1.jar:/home/user/.m2/repository/com/sun/xml/bind/jaxb-impl/2.3.0.1/jaxb-impl-2.3.0.1.jar:/home/user/.m2/repository/com/sun/xml/bind/jaxb-core/2.3.0.1/jaxb-core-2.3.0.1.jar:/home/user/.m2/repository/javax/xml/bind/jaxb-api/2.3.0/jaxb-api-2.3.0.jar:/home/user/.m2/repository/javax/activation/activation/1.1.1/activation-1.1.1.jar:/home/user/.m2/repository/org/apache/hadoop/hadoop-ozone-csi/0.5.0-SNAPSHOT/hadoop-ozone-csi-0.5.0-SNAPSHOT.jar:/home/user/.m2/repository/com/google/protobuf/protobuf-java-util/3.5.1/protobuf-java-util-3.5.1.jar:/home/user/.m2/repository/org/apache/hadoop/hadoop-hdds-config/0.5.0-SNAPSHOT/hadoop-hdds-config-0.5.0-SNAPSHOT.jar:/home/user/.m2/repository/io/grpc/grpc-netty/1.17.1/grpc-netty-1.17.1.jar:/home/user/.m2/repository/io/grpc/grpc-core/1.17.1/grpc-core-1.17.1.jar:/home/user/.m2/repository/io/grpc/grpc-context/1.17.1/grpc-context-1.17.1.jar:/home/user/.m2/repository/com/google/errorprone/error_prone_annotations/2.2.0/error_prone_annotations-2.2.0.jar:/home/user/.m2/repository/org/codehaus/mojo/animal-sniffer-annotations/1.17/animal-sniffer-annotations-1.17.jar:/home/user/.m2/repository/io/opencensus/opencensus-api/0.17.0/opencensus-api-0.17.0.jar:/home/user/.m2/repository/io/opencensus/opencensus-contrib-grpc-metrics/0.17.0/opencensus-contrib-grpc-metrics-0.17.0.jar:/home/user/.m2/repository/io/netty/netty-codec-http2/4.1.30.Final/netty-codec-http2-4.1.30.Final.jar:/home/user/.m2/repository/io/netty/netty-codec-http/4.1.30.Final/netty-codec-http-4.1.30.Final.jar:/home/user/.m2/repository/io/netty/netty-codec/4.1.30.Final/netty-codec-4.1.30.Final.jar:/home/user/.m2/repository/io/netty/netty-handler/4.1.30.Final/netty-handler-4.1.30.Final.jar:/home/user/.m2/repository/io/netty/netty-handler-proxy/4.1.30.Final/netty-handler-proxy-4.1.30.Final.jar:/home/user/.m2/repository/io/netty/netty-codec-socks/4.1.30.Final/netty-codec-socks-4.1.30.Final.jar:/home/user/.m2/repository/io/netty/netty-transport-native-epoll/4.1.30.Final/netty-transport-native-epoll-4.1.30.Final.jar:/home/user/.m2/repository/io/netty/netty-common/4.1.30.Final/netty-common-4.1.30.Final.jar:/home/user/.m2/repository/io/netty/netty-buffer/4.1.30.Final/netty-buffer-4.1.30.Final.jar:/home/user/.m2/repository/io/netty/netty-transport/4.1.30.Final/netty-transport-4.1.30.Final.jar:/home/user/.m2/repository/io/netty/netty-resolver/4.1.30.Final/netty-resolver-4.1.30.Final.jar:/home/user/.m2/repository/io/netty/netty-transport-native-unix-common/4.1.30.Final/netty-transport-native-unix-common-4.1.30.Final.jar:/home/user/.m2/repository/io/grpc/grpc-protobuf/1.17.1/grpc-protobuf-1.17.1.jar:/home/user/.m2/repository/com/google/api/grpc/proto-google-common-protos/1.0.0/proto-google-common-protos-1.0.0.jar:/home/user/.m2/repository/io/grpc/grpc-protobuf-lite/1.17.1/grpc-protobuf-lite-1.17.1.jar:/home/user/.m2/repository/io/grpc/grpc-stub/1.17.1/grpc-stub-1.17.1.jar:/home/user/.m2/repository/org/apache/hadoop/hadoop-ozone-recon/0.5.0-SNAPSHOT/hadoop-ozone-recon-0.5.0-SNAPSHOT.jar:/home/user/.m2/repository/org/apache/hadoop/hadoop-ozone-reconcodegen/0.5.0-SNAPSHOT/hadoop-ozone-reconcodegen-0.5.0-SNAPSHOT.jar:/home/user/.m2/repository/com/google/inject/extensions/guice-multibindings/4.0/guice-multibindings-4.0.jar:/home/user/.m2/repository/com/google/inject/guice/4.0/guice-4.0.jar:/home/user/.m2/repository/aopalliance/aopalliance/1.0/aopalliance-1.0.jar:/home/user/.m2/repository/com/google/inject/extensions/guice-servlet/4.0/guice-servlet-4.0.jar:/home/user/.m2/repository/org/glassfish/jersey/containers/jersey-container-servlet/2.27/jersey-container-servlet-2.27.jar:/home/user/.m2/repository/org/glassfish/hk2/guice-bridge/2.5.0/guice-bridge-2.5.0.jar:/home/user/.m2/repository/org/glassfish/jersey/core/jersey-server/2.27/jersey-server-2.27.jar:/home/user/.m2/repository/org/glassfish/jersey/core/jersey-client/2.27/jersey-client-2.27.jar:/home/user/.m2/repository/org/glassfish/jersey/media/jersey-media-jaxb/2.27/jersey-media-jaxb-2.27.jar:/home/user/.m2/repository/javax/validation/validation-api/1.1.0.Final/validation-api-1.1.0.Final.jar:/home/user/.m2/repository/org/glassfish/jersey/media/jersey-media-json-jackson/2.27/jersey-media-json-jackson-2.27.jar:/home/user/.m2/repository/org/glassfish/jersey/ext/jersey-entity-filtering/2.27/jersey-entity-filtering-2.27.jar:/home/user/.m2/repository/com/google/inject/extensions/guice-assistedinject/4.0/guice-assistedinject-4.0.jar:/home/user/.m2/repository/org/jooq/jooq/3.11.10/jooq-3.11.10.jar:/home/user/.m2/repository/org/jooq/jooq-meta/3.11.10/jooq-meta-3.11.10.jar:/home/user/.m2/repository/org/jooq/jooq-codegen/3.11.10/jooq-codegen-3.11.10.jar:/home/user/.m2/repository/com/jolbox/bonecp/0.8.0.RELEASE/bonecp-0.8.0.RELEASE.jar:/home/user/.m2/repository/org/xerial/sqlite-jdbc/3.25.2/sqlite-jdbc-3.25.2.jar:/home/user/.m2/repository/org/springframework/spring-jdbc/5.1.3.RELEASE/spring-jdbc-5.1.3.RELEASE.jar:/home/user/.m2/repository/org/springframework/spring-beans/5.1.3.RELEASE/spring-beans-5.1.3.RELEASE.jar:/home/user/.m2/repository/org/springframework/spring-core/5.1.3.RELEASE/spring-core-5.1.3.RELEASE.jar:/home/user/.m2/repository/org/springframework/spring-jcl/5.1.3.RELEASE/spring-jcl-5.1.3.RELEASE.jar:/home/user/.m2/repository/org/springframework/spring-tx/5.1.3.RELEASE/spring-tx-5.1.3.RELEASE.jar:/home/user/.m2/repository/org/apache/hadoop/hadoop-ozone-client/0.5.0-SNAPSHOT/hadoop-ozone-client-0.5.0-SNAPSHOT.jar:/home/user/.m2/repository/commons-lang/commons-lang/2.6/commons-lang-2.6.jar:/home/user/.m2/repository/org/apache/hadoop/hadoop-ozone-ozone-manager/0.5.0-SNAPSHOT/hadoop-ozone-ozone-manager-0.5.0-SNAPSHOT-tests.jar:/home/user/.m2/repository/junit/junit/4.11/junit-4.11.jar:/home/user/.m2/repository/org/hamcrest/hamcrest-core/1.3/hamcrest-core-1.3.jar:/home/user/.m2/repository/org/openjdk/jmh/jmh-core/1.19/jmh-core-1.19.jar:/home/user/.m2/repository/net/sf/jopt-simple/jopt-simple/4.6/jopt-simple-4.6.jar:/home/user/.m2/repository/org/apache/commons/commons-math3/3.1.1/commons-math3-3.1.1.jar:/home/user/.m2/repository/org/openjdk/jmh/jmh-generator-annprocess/1.19/jmh-generator-annprocess-1.19.jar:/home/user/.m2/repository/org/mockito/mockito-all/1.8.5/mockito-all-1.8.5.jar:/home/user/.m2/repository/org/apache/hadoop/hadoop-kms/3.2.0/hadoop-kms-3.2.0.jar:/home/user/.m2/repository/org/apache/hadoop/hadoop-auth/3.2.0/hadoop-auth-3.2.0.jar:/home/user/.m2/repository/com/nimbusds/nimbus-jose-jwt/4.41.1/nimbus-jose-jwt-4.41.1.jar:/home/user/.m2/repository/com/github/stephenc/jcip/jcip-annotations/1.0-1/jcip-annotations-1.0-1.jar:/home/user/.m2/repository/net/minidev/json-smart/2.3/json-smart-2.3.jar:/home/user/.m2/repository/net/minidev/accessors-smart/1.2/accessors-smart-1.2.jar:/home/user/.m2/repository/org/ow2/asm/asm/5.0.4/asm-5.0.4.jar:/home/user/.m2/repository/org/apache/curator/curator-framework/2.12.0/curator-framework-2.12.0.jar:/home/user/.m2/repository/com/sun/jersey/jersey-core/1.19/jersey-core-1.19.jar:/home/user/.m2/repository/javax/ws/rs/jsr311-api/1.1.1/jsr311-api-1.1.1.jar:/home/user/.m2/repository/com/sun/jersey/jersey-server/1.19/jersey-server-1.19.jar:/home/user/.m2/repository/javax/servlet/javax.servlet-api/3.1.0/javax.servlet-api-3.1.0.jar:/home/user/.m2/repository/org/eclipse/jetty/jetty-server/9.3.24.v20180605/jetty-server-9.3.24.v20180605.jar:/home/user/.m2/repository/org/eclipse/jetty/jetty-http/9.3.24.v20180605/jetty-http-9.3.24.v20180605.jar:/home/user/.m2/repository/org/eclipse/jetty/jetty-io/9.3.24.v20180605/jetty-io-9.3.24.v20180605.jar:/home/user/.m2/repository/org/eclipse/jetty/jetty-webapp/9.3.24.v20180605/jetty-webapp-9.3.24.v20180605.jar:/home/user/.m2/repository/org/eclipse/jetty/jetty-xml/9.3.24.v20180605/jetty-xml-9.3.24.v20180605.jar:/home/user/.m2/repository/log4j/log4j/1.2.17/log4j-1.2.17.jar:/home/user/.m2/repository/org/slf4j/slf4j-api/1.7.25/slf4j-api-1.7.25.jar:/home/user/.m2/repository/org/slf4j/jul-to-slf4j/1.7.25/jul-to-slf4j-1.7.25.jar:/home/user/.m2/repository/org/eclipse/jetty/jetty-util/9.3.24.v20180605/jetty-util-9.3.24.v20180605.jar:/home/user/.m2/repository/com/fasterxml/jackson/core/jackson-databind/2.9.5/jackson-databind-2.9.5.jar:/home/user/.m2/repository/org/apache/hadoop/hadoop-kms/3.2.0/hadoop-kms-3.2.0-tests.jar:/home/user/.m2/repository/org/apache/hadoop/hadoop-hdds-server-scm/0.5.0-SNAPSHOT/hadoop-hdds-server-scm-0.5.0-SNAPSHOT-tests.jar:/home/user/.m2/repository/org/apache/hadoop/hadoop-hdds-container-service/0.5.0-SNAPSHOT/hadoop-hdds-container-service-0.5.0-SNAPSHOT-tests.jar:/home/user/.m2/repository/org/yaml/snakeyaml/1.16/snakeyaml-1.16.jar:/home/user/.m2/repository/org/apache/hadoop/hadoop-common/3.2.0/hadoop-common-3.2.0-tests.jar:/home/user/.m2/repository/org/apache/hadoop/hadoop-annotations/3.2.0/hadoop-annotations-3.2.0.jar:/usr/lib/jvm/java-1.8-openjdk/jre/../lib/tools.jar:/home/user/.m2/repository/commons-cli/commons-cli/1.2/commons-cli-1.2.jar:/home/user/.m2/repository/org/apache/httpcomponents/httpclient/4.5.2/httpclient-4.5.2.jar:/home/user/.m2/repository/org/apache/httpcomponents/httpcore/4.4.4/httpcore-4.4.4.jar:/home/user/.m2/repository/commons-codec/commons-codec/1.11/commons-codec-1.11.jar:/home/user/.m2/repository/commons-net/commons-net/3.6/commons-net-3.6.jar:/home/user/.m2/repository/commons-collections/commons-collections/3.2.2/commons-collections-3.2.2.jar:/home/user/.m2/repository/org/eclipse/jetty/jetty-servlet/9.3.24.v20180605/jetty-servlet-9.3.24.v20180605.jar:/home/user/.m2/repository/org/eclipse/jetty/jetty-security/9.3.24.v20180605/jetty-security-9.3.24.v20180605.jar:/home/user/.m2/repository/javax/servlet/jsp/jsp-api/2.1/jsp-api-2.1.jar:/home/user/.m2/repository/com/sun/jersey/jersey-servlet/1.19/jersey-servlet-1.19.jar:/home/user/.m2/repository/com/sun/jersey/jersey-json/1.19/jersey-json-1.19.jar:/home/user/.m2/repository/org/codehaus/jettison/jettison/1.1/jettison-1.1.jar:/home/user/.m2/repository/org/codehaus/jackson/jackson-core-asl/1.9.13/jackson-core-asl-1.9.13.jar:/home/user/.m2/repository/org/codehaus/jackson/jackson-mapper-asl/1.9.13/jackson-mapper-asl-1.9.13.jar:/home/user/.m2/repository/org/codehaus/jackson/jackson-jaxrs/1.9.13/jackson-jaxrs-1.9.13.jar:/home/user/.m2/repository/org/codehaus/jackson/jackson-xc/1.9.13/jackson-xc-1.9.13.jar:/home/user/.m2/repository/commons-logging/commons-logging/1.1.3/commons-logging-1.1.3.jar:/home/user/.m2/repository/commons-beanutils/commons-beanutils/1.9.3/commons-beanutils-1.9.3.jar:/home/user/.m2/repository/org/apache/commons/commons-configuration2/2.1.1/commons-configuration2-2.1.1.jar:/home/user/.m2/repository/org/apache/commons/commons-lang3/3.7/commons-lang3-3.7.jar:/home/user/.m2/repository/org/apache/commons/commons-text/1.4/commons-text-1.4.jar:/home/user/.m2/repository/org/apache/avro/avro/1.7.7/avro-1.7.7.jar:/home/user/.m2/repository/com/thoughtworks/paranamer/paranamer/2.3/paranamer-2.3.jar:/home/user/.m2/repository/org/xerial/snappy/snappy-java/1.0.5/snappy-java-1.0.5.jar:/home/user/.m2/repository/com/google/re2j/re2j/1.1/re2j-1.1.jar:/home/user/.m2/repository/com/google/code/gson/gson/2.2.4/gson-2.2.4.jar:/home/user/.m2/repository/com/jcraft/jsch/0.1.54/jsch-0.1.54.jar:/home/user/.m2/repository/org/apache/curator/curator-client/2.12.0/curator-client-2.12.0.jar:/home/user/.m2/repository/org/apache/curator/curator-recipes/2.12.0/curator-recipes-2.12.0.jar:/home/user/.m2/repository/com/google/code/findbugs/jsr305/3.0.0/jsr305-3.0.0.jar:/home/user/.m2/repository/org/apache/htrace/htrace-core4/4.1.0-incubating/htrace-core4-4.1.0-incubating.jar:/home/user/.m2/repository/org/apache/zookeeper/zookeeper/3.4.13/zookeeper-3.4.13.jar:/home/user/.m2/repository/org/apache/yetus/audience-annotations/0.5.0/audience-annotations-0.5.0.jar:/home/user/.m2/repository/org/codehaus/woodstox/stax2-api/3.1.4/stax2-api-3.1.4.jar:/home/user/.m2/repository/com/fasterxml/woodstox/woodstox-core/5.0.3/woodstox-core-5.0.3.jar:/home/user/.m2/repository/dnsjava/dnsjava/2.1.7/dnsjava-2.1.7.jar:/home/user/.m2/repository/org/apache/hadoop/hadoop-hdfs/3.2.0/hadoop-hdfs-3.2.0-tests.jar:/home/user/.m2/repository/org/eclipse/jetty/jetty-util-ajax/9.3.24.v20180605/jetty-util-ajax-9.3.24.v20180605.jar:/home/user/.m2/repository/commons-daemon/commons-daemon/1.0.13/commons-daemon-1.0.13.jar:/home/user/.m2/repository/io/netty/netty/3.10.5.Final/netty-3.10.5.Final.jar:/home/user/.m2/repository/io/netty/netty-all/4.0.52.Final/netty-all-4.0.52.Final.jar:/home/user/.m2/repository/org/fusesource/leveldbjni/leveldbjni-all/1.8/leveldbjni-all-1.8.jar:"/>
    <property name="sun.cpu.endian" value="little"/>
    <property name="user.home" value="/home/user"/>
    <property name="user.language" value="en"/>
    <property name="java.specification.vendor" value="Oracle Corporation"/>
    <property name="java.home" value="/usr/lib/jvm/java-1.8-openjdk/jre"/>
    <property name="java.security.krb5.conf" value="/workdir/hadoop-ozone/integration-test/target/test-classes/krb5.conf"/>
    <property name="basedir" value="/workdir/hadoop-ozone/integration-test"/>
    <property name="file.separator" value="/"/>
    <property name="line.separator" value="&#10;"/>
    <property name="java.vm.specification.vendor" value="Oracle Corporation"/>
    <property name="java.specification.name" value="Java Platform API Specification"/>
    <property name="java.awt.graphicsenv" value="sun.awt.X11GraphicsEnvironment"/>
    <property name="surefire.real.class.path" value="/workdir/hadoop-ozone/integration-test/target/surefire/surefirebooter7892340502850415144.jar"/>
    <property name="hadoop.log.dir" value="/workdir/hadoop-ozone/integration-test/target/log"/>
    <property name="sun.boot.class.path" value="/usr/lib/jvm/java-1.8-openjdk/jre/lib/resources.jar:/usr/lib/jvm/java-1.8-openjdk/jre/lib/rt.jar:/usr/lib/jvm/java-1.8-openjdk/jre/lib/sunrsasign.jar:/usr/lib/jvm/java-1.8-openjdk/jre/lib/jsse.jar:/usr/lib/jvm/java-1.8-openjdk/jre/lib/jce.jar:/usr/lib/jvm/java-1.8-openjdk/jre/lib/charsets.jar:/usr/lib/jvm/java-1.8-openjdk/jre/lib/jfr.jar:/usr/lib/jvm/java-1.8-openjdk/jre/classes"/>
    <property name="sun.management.compiler" value="HotSpot 64-Bit Tiered Compilers"/>
    <property name="java.runtime.version" value="1.8.0_212-b04"/>
    <property name="java.net.preferIPv4Stack" value="true"/>
    <property name="user.name" value="jenkins1000"/>
    <property name="path.separator" value=":"/>
    <property name="java.security.egd" value="file:///dev/urandom"/>
    <property name="os.version" value="3.10.0-957.12.2.el7.x86_64"/>
    <property name="java.endorsed.dirs" value="/usr/lib/jvm/java-1.8-openjdk/jre/lib/endorsed"/>
    <property name="java.runtime.name" value="OpenJDK Runtime Environment"/>
    <property name="file.encoding" value="UTF-8"/>
    <property name="java.vm.name" value="OpenJDK 64-Bit Server VM"/>
    <property name="test.build.webapps" value=""/>
    <property name="localRepository" value="/home/user/.m2/repository"/>
    <property name="java.vendor.url.bug" value="https://icedtea.classpath.org/bugzilla"/>
    <property name="java.io.tmpdir" value="/tmp"/>
    <property name="require.test.libhadoop" value=""/>
    <property name="java.version" value="1.8.0_212"/>
    <property name="user.dir" value="/workdir/hadoop-ozone/integration-test"/>
    <property name="os.arch" value="amd64"/>
    <property name="java.vm.specification.name" value="Java Virtual Machine Specification"/>
    <property name="test.build.classes" value="/workdir/hadoop-ozone/integration-test/target/test-classes"/>
    <property name="java.awt.printerjob" value="sun.print.PSPrinterJob"/>
    <property name="sun.os.patch.level" value="unknown"/>
    <property name="hadoop.tmp.dir" value="/workdir/hadoop-ozone/integration-test/target/tmp"/>
    <property name="java.library.path" value="/usr/lib/jvm/java-1.8-openjdk/jre/lib/amd64/server:/usr/lib/jvm/java-1.8-openjdk/jre/lib/amd64:/usr/lib/jvm/java-1.8-openjdk/jre/../lib/amd64:/workdir/hadoop-ozone/integration-test/target/native/target/usr/local/lib:/workdir/hadoop-ozone/integration-test/../../hadoop-common-project/hadoop-common/target/native/target/usr/local/lib:/usr/java/packages/lib/amd64:/usr/lib64:/lib64:/lib:/usr/lib"/>
    <property name="java.vm.info" value="mixed mode"/>
    <property name="java.vendor" value="IcedTea"/>
    <property name="java.vm.version" value="25.212-b04"/>
    <property name="java.ext.dirs" value="/usr/lib/jvm/java-1.8-openjdk/jre/lib/ext:/usr/java/packages/lib/ext"/>
    <property name="sun.io.unicode.encoding" value="UnicodeLittle"/>
    <property name="java.class.version" value="52.0"/>
  </properties>
  <testcase name="testFlushChunk" classname="org.apache.hadoop.ozone.client.rpc.TestBlockOutputStream" time="5.451"/>
  <testcase name="testMultiChunkWrite2" classname="org.apache.hadoop.ozone.client.rpc.TestBlockOutputStream" time="187.703">
    <failure message="expected:&lt;5&gt; but was:&lt;8&gt;" type="java.lang.AssertionError"><![CDATA[java.lang.AssertionError: expected:<5> but was:<8>
	at org.junit.Assert.fail(Assert.java:88)
	at org.junit.Assert.failNotEquals(Assert.java:743)
	at org.junit.Assert.assertEquals(Assert.java:118)
	at org.junit.Assert.assertEquals(Assert.java:555)
	at org.junit.Assert.assertEquals(Assert.java:542)
	at org.apache.hadoop.ozone.client.rpc.TestBlockOutputStream.testMultiChunkWrite2(TestBlockOutputStream.java:466)
	at sun.reflect.NativeMethodAccessorImpl.invoke0(Native Method)
	at sun.reflect.NativeMethodAccessorImpl.invoke(NativeMethodAccessorImpl.java:62)
	at sun.reflect.DelegatingMethodAccessorImpl.invoke(DelegatingMethodAccessorImpl.java:43)
	at java.lang.reflect.Method.invoke(Method.java:498)
	at org.junit.runners.model.FrameworkMethod$1.runReflectiveCall(FrameworkMethod.java:47)
	at org.junit.internal.runners.model.ReflectiveCallable.run(ReflectiveCallable.java:12)
	at org.junit.runners.model.FrameworkMethod.invokeExplosively(FrameworkMethod.java:44)
	at org.junit.internal.runners.statements.InvokeMethod.evaluate(InvokeMethod.java:17)
	at org.junit.runners.ParentRunner.runLeaf(ParentRunner.java:271)
	at org.junit.runners.BlockJUnit4ClassRunner.runChild(BlockJUnit4ClassRunner.java:70)
	at org.junit.runners.BlockJUnit4ClassRunner.runChild(BlockJUnit4ClassRunner.java:50)
	at org.junit.runners.ParentRunner$3.run(ParentRunner.java:238)
	at org.junit.runners.ParentRunner$1.schedule(ParentRunner.java:63)
	at org.junit.runners.ParentRunner.runChildren(ParentRunner.java:236)
	at org.junit.runners.ParentRunner.access$000(ParentRunner.java:53)
	at org.junit.runners.ParentRunner$2.evaluate(ParentRunner.java:229)
	at org.junit.internal.runners.statements.RunBefores.evaluate(RunBefores.java:26)
	at org.junit.internal.runners.statements.RunAfters.evaluate(RunAfters.java:27)
	at org.junit.runners.ParentRunner.run(ParentRunner.java:309)
	at org.apache.maven.surefire.junit4.JUnit4Provider.execute(JUnit4Provider.java:365)
	at org.apache.maven.surefire.junit4.JUnit4Provider.executeWithRerun(JUnit4Provider.java:273)
	at org.apache.maven.surefire.junit4.JUnit4Provider.executeTestSet(JUnit4Provider.java:238)
	at org.apache.maven.surefire.junit4.JUnit4Provider.invoke(JUnit4Provider.java:159)
	at org.apache.maven.surefire.booter.ForkedBooter.invokeProviderInSameClassLoader(ForkedBooter.java:384)
	at org.apache.maven.surefire.booter.ForkedBooter.runSuitesInProcess(ForkedBooter.java:345)
	at org.apache.maven.surefire.booter.ForkedBooter.execute(ForkedBooter.java:126)
	at org.apache.maven.surefire.booter.ForkedBooter.main(ForkedBooter.java:418)
]]></failure>
    <system-out><![CDATA[2019-09-16 22:19:24,156 [java.util.concurrent.ThreadPoolExecutor$Worker@3b767fb5[State = -1, empty queue]] WARN  server.GrpcLogAppender (GrpcLogAppender.java:timeoutAppendRequest(200)) - 5ecabd24-29f4-44ad-af86-ba12f6ac88ae@group-35A7B724CDC7->9d8d98b0-9991-458a-859c-25f8efc1f325-GrpcLogAppender: appendEntries Timeout, request=5ecabd24-29f4-44ad-af86-ba12f6ac88ae->9d8d98b0-9991-458a-859c-25f8efc1f325#8-t1, previous=(t:1, i:6), leaderCommit=6, initializing? false, entries: size=1, first=(t:1, i:7), STATEMACHINELOGENTRY, client-22ACCF61FDFE, cid=16
2019-09-16 22:19:24,156 [java.util.concurrent.ThreadPoolExecutor$Worker@437726ad[State = -1, empty queue]] WARN  server.GrpcLogAppender (GrpcLogAppender.java:timeoutAppendRequest(200)) - 5ecabd24-29f4-44ad-af86-ba12f6ac88ae@group-35A7B724CDC7->0ad894eb-396d-46a7-a4d0-256210dc34c1-GrpcLogAppender: appendEntries Timeout, request=5ecabd24-29f4-44ad-af86-ba12f6ac88ae->0ad894eb-396d-46a7-a4d0-256210dc34c1#8-t1, previous=(t:1, i:6), leaderCommit=6, initializing? false, entries: size=1, first=(t:1, i:7), STATEMACHINELOGENTRY, client-22ACCF61FDFE, cid=16
2019-09-16 22:19:24,163 [java.util.concurrent.ThreadPoolExecutor$Worker@3b767fb5[State = -1, empty queue]] WARN  server.GrpcLogAppender (GrpcLogAppender.java:timeoutAppendRequest(200)) - 5ecabd24-29f4-44ad-af86-ba12f6ac88ae@group-35A7B724CDC7->9d8d98b0-9991-458a-859c-25f8efc1f325-GrpcLogAppender: appendEntries Timeout, request=5ecabd24-29f4-44ad-af86-ba12f6ac88ae->9d8d98b0-9991-458a-859c-25f8efc1f325#9-t1, previous=(t:1, i:7), leaderCommit=6, initializing? false, entries: size=1, first=(t:1, i:8), STATEMACHINELOGENTRY, client-22ACCF61FDFE, cid=17
2019-09-16 22:19:24,164 [java.util.concurrent.ThreadPoolExecutor$Worker@437726ad[State = -1, empty queue]] WARN  server.GrpcLogAppender (GrpcLogAppender.java:timeoutAppendRequest(200)) - 5ecabd24-29f4-44ad-af86-ba12f6ac88ae@group-35A7B724CDC7->0ad894eb-396d-46a7-a4d0-256210dc34c1-GrpcLogAppender: appendEntries Timeout, request=5ecabd24-29f4-44ad-af86-ba12f6ac88ae->0ad894eb-396d-46a7-a4d0-256210dc34c1#9-t1, previous=(t:1, i:7), leaderCommit=6, initializing? false, entries: size=1, first=(t:1, i:8), STATEMACHINELOGENTRY, client-22ACCF61FDFE, cid=17
2019-09-16 22:19:24,166 [java.util.concurrent.ThreadPoolExecutor$Worker@3b767fb5[State = -1, empty queue]] WARN  server.GrpcLogAppender (GrpcLogAppender.java:timeoutAppendRequest(200)) - 5ecabd24-29f4-44ad-af86-ba12f6ac88ae@group-35A7B724CDC7->9d8d98b0-9991-458a-859c-25f8efc1f325-GrpcLogAppender: appendEntries Timeout, request=5ecabd24-29f4-44ad-af86-ba12f6ac88ae->9d8d98b0-9991-458a-859c-25f8efc1f325#10-t1, previous=(t:1, i:8), leaderCommit=6, initializing? false, entries: size=1, first=(t:1, i:9), STATEMACHINELOGENTRY, client-22ACCF61FDFE, cid=18
2019-09-16 22:19:24,169 [java.util.concurrent.ThreadPoolExecutor$Worker@437726ad[State = -1, empty queue]] WARN  server.GrpcLogAppender (GrpcLogAppender.java:timeoutAppendRequest(200)) - 5ecabd24-29f4-44ad-af86-ba12f6ac88ae@group-35A7B724CDC7->0ad894eb-396d-46a7-a4d0-256210dc34c1-GrpcLogAppender: appendEntries Timeout, request=5ecabd24-29f4-44ad-af86-ba12f6ac88ae->0ad894eb-396d-46a7-a4d0-256210dc34c1#10-t1, previous=(t:1, i:8), leaderCommit=6, initializing? false, entries: size=1, first=(t:1, i:9), STATEMACHINELOGENTRY, client-22ACCF61FDFE, cid=18
2019-09-16 22:19:24,172 [java.util.concurrent.ThreadPoolExecutor$Worker@3b767fb5[State = -1, empty queue]] WARN  server.GrpcLogAppender (GrpcLogAppender.java:timeoutAppendRequest(200)) - 5ecabd24-29f4-44ad-af86-ba12f6ac88ae@group-35A7B724CDC7->9d8d98b0-9991-458a-859c-25f8efc1f325-GrpcLogAppender: appendEntries Timeout, request=5ecabd24-29f4-44ad-af86-ba12f6ac88ae->9d8d98b0-9991-458a-859c-25f8efc1f325#11-t1, previous=(t:1, i:9), leaderCommit=6, initializing? false, entries: size=1, first=(t:1, i:10), STATEMACHINELOGENTRY, client-22ACCF61FDFE, cid=19
2019-09-16 22:19:24,174 [java.util.concurrent.ThreadPoolExecutor$Worker@437726ad[State = -1, empty queue]] WARN  server.GrpcLogAppender (GrpcLogAppender.java:timeoutAppendRequest(200)) - 5ecabd24-29f4-44ad-af86-ba12f6ac88ae@group-35A7B724CDC7->0ad894eb-396d-46a7-a4d0-256210dc34c1-GrpcLogAppender: appendEntries Timeout, request=5ecabd24-29f4-44ad-af86-ba12f6ac88ae->0ad894eb-396d-46a7-a4d0-256210dc34c1#11-t1, previous=(t:1, i:9), leaderCommit=6, initializing? false, entries: size=1, first=(t:1, i:10), STATEMACHINELOGENTRY, client-22ACCF61FDFE, cid=19
2019-09-16 22:19:24,176 [java.util.concurrent.ThreadPoolExecutor$Worker@3b767fb5[State = -1, empty queue]] WARN  server.GrpcLogAppender (GrpcLogAppender.java:timeoutAppendRequest(200)) - 5ecabd24-29f4-44ad-af86-ba12f6ac88ae@group-35A7B724CDC7->9d8d98b0-9991-458a-859c-25f8efc1f325-GrpcLogAppender: appendEntries Timeout, request=5ecabd24-29f4-44ad-af86-ba12f6ac88ae->9d8d98b0-9991-458a-859c-25f8efc1f325#12-t1, previous=(t:1, i:10), leaderCommit=6, initializing? false, entries: size=1, first=(t:1, i:11), STATEMACHINELOGENTRY, client-22ACCF61FDFE, cid=20
2019-09-16 22:19:24,179 [java.util.concurrent.ThreadPoolExecutor$Worker@437726ad[State = -1, empty queue]] WARN  server.GrpcLogAppender (GrpcLogAppender.java:timeoutAppendRequest(200)) - 5ecabd24-29f4-44ad-af86-ba12f6ac88ae@group-35A7B724CDC7->0ad894eb-396d-46a7-a4d0-256210dc34c1-GrpcLogAppender: appendEntries Timeout, request=5ecabd24-29f4-44ad-af86-ba12f6ac88ae->0ad894eb-396d-46a7-a4d0-256210dc34c1#12-t1, previous=(t:1, i:10), leaderCommit=6, initializing? false, entries: size=1, first=(t:1, i:11), STATEMACHINELOGENTRY, client-22ACCF61FDFE, cid=20
2019-09-16 22:19:25,415 [Thread-327] INFO  impl.FollowerState (FollowerState.java:run(106)) - f6fe9082-6072-456e-9c3d-4d31cedb190c:group-1FF9B6E207BB changes to CANDIDATE, lastRpcTime:5043, electionTimeout:5038ms
2019-09-16 22:19:25,419 [Thread-327] INFO  impl.RoleInfo (RoleInfo.java:shutdownFollowerState(121)) - f6fe9082-6072-456e-9c3d-4d31cedb190c: shutdown FollowerState
2019-09-16 22:19:25,419 [Thread-327] INFO  impl.RaftServerImpl (RaftServerImpl.java:setRole(174)) - f6fe9082-6072-456e-9c3d-4d31cedb190c@group-1FF9B6E207BB: changes role from  FOLLOWER to CANDIDATE at term 1 for changeToCandidate
2019-09-16 22:19:25,419 [Thread-327] INFO  impl.RoleInfo (RoleInfo.java:updateAndGet(143)) - f6fe9082-6072-456e-9c3d-4d31cedb190c: start LeaderElection
2019-09-16 22:19:25,427 [Thread-324] INFO  impl.FollowerState (FollowerState.java:run(106)) - 38ade514-2648-4754-90d8-f44d77982dc1:group-1FF9B6E207BB changes to CANDIDATE, lastRpcTime:5094, electionTimeout:5090ms
2019-09-16 22:19:25,429 [Thread-324] INFO  impl.RoleInfo (RoleInfo.java:shutdownFollowerState(121)) - 38ade514-2648-4754-90d8-f44d77982dc1: shutdown FollowerState
2019-09-16 22:19:25,429 [Thread-324] INFO  impl.RaftServerImpl (RaftServerImpl.java:setRole(174)) - 38ade514-2648-4754-90d8-f44d77982dc1@group-1FF9B6E207BB: changes role from  FOLLOWER to CANDIDATE at term 1 for changeToCandidate
2019-09-16 22:19:25,430 [Thread-324] INFO  impl.RoleInfo (RoleInfo.java:updateAndGet(143)) - 38ade514-2648-4754-90d8-f44d77982dc1: start LeaderElection
2019-09-16 22:19:25,450 [f6fe9082-6072-456e-9c3d-4d31cedb190c@group-1FF9B6E207BB:LeaderElection12] INFO  impl.LeaderElection (LeaderElection.java:askForVotes(182)) - f6fe9082-6072-456e-9c3d-4d31cedb190c@group-1FF9B6E207BB:LeaderElection12: begin an election at term 2 for -1: [8f746e8d-b680-4b6a-a953-f66a9ce24b31:192.168.151.68:40468, 38ade514-2648-4754-90d8-f44d77982dc1:192.168.151.68:44451, f6fe9082-6072-456e-9c3d-4d31cedb190c:192.168.151.68:37427], old=null
2019-09-16 22:19:25,450 [38ade514-2648-4754-90d8-f44d77982dc1@group-1FF9B6E207BB:LeaderElection13] INFO  impl.LeaderElection (LeaderElection.java:askForVotes(182)) - 38ade514-2648-4754-90d8-f44d77982dc1@group-1FF9B6E207BB:LeaderElection13: begin an election at term 2 for -1: [8f746e8d-b680-4b6a-a953-f66a9ce24b31:192.168.151.68:40468, 38ade514-2648-4754-90d8-f44d77982dc1:192.168.151.68:44451, f6fe9082-6072-456e-9c3d-4d31cedb190c:192.168.151.68:37427], old=null
2019-09-16 22:19:25,456 [grpc-default-executor-5] INFO  impl.RaftServerImpl (RaftServerImpl.java:setRole(174)) - 8f746e8d-b680-4b6a-a953-f66a9ce24b31@group-1FF9B6E207BB: changes role from  FOLLOWER to FOLLOWER at term 2 for recognizeCandidate:38ade514-2648-4754-90d8-f44d77982dc1
2019-09-16 22:19:25,457 [grpc-default-executor-5] INFO  impl.RoleInfo (RoleInfo.java:shutdownFollowerState(121)) - 8f746e8d-b680-4b6a-a953-f66a9ce24b31: shutdown FollowerState
2019-09-16 22:19:25,460 [grpc-default-executor-5] INFO  impl.RoleInfo (RoleInfo.java:updateAndGet(143)) - 8f746e8d-b680-4b6a-a953-f66a9ce24b31: start FollowerState
2019-09-16 22:19:25,460 [Thread-328] INFO  impl.FollowerState (FollowerState.java:run(115)) - 8f746e8d-b680-4b6a-a953-f66a9ce24b31: FollowerState was interrupted: java.lang.InterruptedException: sleep interrupted
2019-09-16 22:19:25,490 [38ade514-2648-4754-90d8-f44d77982dc1@group-1FF9B6E207BB:LeaderElection13] INFO  impl.LeaderElection (LeaderElection.java:logAndReturn(56)) - 38ade514-2648-4754-90d8-f44d77982dc1@group-1FF9B6E207BB:LeaderElection13: Election PASSED; received 2 response(s) [38ade514-2648-4754-90d8-f44d77982dc1<-8f746e8d-b680-4b6a-a953-f66a9ce24b31#0:OK-t2, 38ade514-2648-4754-90d8-f44d77982dc1<-f6fe9082-6072-456e-9c3d-4d31cedb190c#0:FAIL-t2] and 0 exception(s); 38ade514-2648-4754-90d8-f44d77982dc1@group-1FF9B6E207BB:t2, leader=null, voted=38ade514-2648-4754-90d8-f44d77982dc1, raftlog=38ade514-2648-4754-90d8-f44d77982dc1@group-1FF9B6E207BB-SegmentedRaftLog:OPENED:c-1,f-1,i0, conf=-1: [8f746e8d-b680-4b6a-a953-f66a9ce24b31:192.168.151.68:40468, 38ade514-2648-4754-90d8-f44d77982dc1:192.168.151.68:44451, f6fe9082-6072-456e-9c3d-4d31cedb190c:192.168.151.68:37427], old=null
2019-09-16 22:19:25,490 [38ade514-2648-4754-90d8-f44d77982dc1@group-1FF9B6E207BB:LeaderElection13] INFO  impl.RoleInfo (RoleInfo.java:shutdownLeaderElection(134)) - 38ade514-2648-4754-90d8-f44d77982dc1: shutdown LeaderElection
2019-09-16 22:19:25,492 [f6fe9082-6072-456e-9c3d-4d31cedb190c@group-1FF9B6E207BB:LeaderElection12] INFO  impl.LeaderElection (LeaderElection.java:logAndReturn(56)) - f6fe9082-6072-456e-9c3d-4d31cedb190c@group-1FF9B6E207BB:LeaderElection12: Election REJECTED; received 2 response(s) [f6fe9082-6072-456e-9c3d-4d31cedb190c<-38ade514-2648-4754-90d8-f44d77982dc1#0:FAIL-t2, f6fe9082-6072-456e-9c3d-4d31cedb190c<-8f746e8d-b680-4b6a-a953-f66a9ce24b31#0:FAIL-t2] and 0 exception(s); f6fe9082-6072-456e-9c3d-4d31cedb190c@group-1FF9B6E207BB:t2, leader=null, voted=f6fe9082-6072-456e-9c3d-4d31cedb190c, raftlog=f6fe9082-6072-456e-9c3d-4d31cedb190c@group-1FF9B6E207BB-SegmentedRaftLog:OPENED:c-1,f-1,i0, conf=-1: [8f746e8d-b680-4b6a-a953-f66a9ce24b31:192.168.151.68:40468, 38ade514-2648-4754-90d8-f44d77982dc1:192.168.151.68:44451, f6fe9082-6072-456e-9c3d-4d31cedb190c:192.168.151.68:37427], old=null
2019-09-16 22:19:25,495 [38ade514-2648-4754-90d8-f44d77982dc1@group-1FF9B6E207BB:LeaderElection13] INFO  impl.RaftServerImpl (RaftServerImpl.java:setRole(174)) - 38ade514-2648-4754-90d8-f44d77982dc1@group-1FF9B6E207BB: changes role from CANDIDATE to LEADER at term 2 for changeToLeader
2019-09-16 22:19:25,495 [f6fe9082-6072-456e-9c3d-4d31cedb190c@group-1FF9B6E207BB:LeaderElection12] INFO  impl.RaftServerImpl (RaftServerImpl.java:setRole(174)) - f6fe9082-6072-456e-9c3d-4d31cedb190c@group-1FF9B6E207BB: changes role from CANDIDATE to FOLLOWER at term 2 for DISCOVERED_A_NEW_TERM
2019-09-16 22:19:25,497 [38ade514-2648-4754-90d8-f44d77982dc1@group-1FF9B6E207BB:LeaderElection13] INFO  impl.RaftServerImpl (ServerState.java:setLeader(253)) - 38ade514-2648-4754-90d8-f44d77982dc1@group-1FF9B6E207BB: change Leader from null to 38ade514-2648-4754-90d8-f44d77982dc1 at term 2 for becomeLeader, leader elected after 10413ms
2019-09-16 22:19:25,497 [f6fe9082-6072-456e-9c3d-4d31cedb190c@group-1FF9B6E207BB:LeaderElection12] INFO  impl.RoleInfo (RoleInfo.java:shutdownLeaderElection(134)) - f6fe9082-6072-456e-9c3d-4d31cedb190c: shutdown LeaderElection
2019-09-16 22:19:25,498 [f6fe9082-6072-456e-9c3d-4d31cedb190c@group-1FF9B6E207BB:LeaderElection12] INFO  impl.RoleInfo (RoleInfo.java:updateAndGet(143)) - f6fe9082-6072-456e-9c3d-4d31cedb190c: start FollowerState
2019-09-16 22:19:25,498 [38ade514-2648-4754-90d8-f44d77982dc1@group-1FF9B6E207BB:LeaderElection13] INFO  server.RaftServerConfigKeys (ConfUtils.java:logGet(43)) - raft.server.staging.catchup.gap = 1000 (default)
2019-09-16 22:19:25,499 [38ade514-2648-4754-90d8-f44d77982dc1@group-1FF9B6E207BB:LeaderElection13] INFO  server.RaftServerConfigKeys (ConfUtils.java:logGet(43)) - raft.server.rpc.sleep.time = 25ms (default)
2019-09-16 22:19:25,500 [38ade514-2648-4754-90d8-f44d77982dc1@group-1FF9B6E207BB:LeaderElection13] INFO  server.RaftServerConfigKeys (ConfUtils.java:logGet(43)) - raft.server.write.element-limit = 4096 (default)
2019-09-16 22:19:25,500 [38ade514-2648-4754-90d8-f44d77982dc1@group-1FF9B6E207BB:LeaderElection13] INFO  server.RaftServerConfigKeys (ConfUtils.java:logGet(43)) - raft.server.watch.timeout = 10s (default)
2019-09-16 22:19:25,500 [38ade514-2648-4754-90d8-f44d77982dc1@group-1FF9B6E207BB:LeaderElection13] INFO  server.RaftServerConfigKeys (ConfUtils.java:logGet(43)) - raft.server.watch.timeout.denomination = 1s (default)
2019-09-16 22:19:25,500 [38ade514-2648-4754-90d8-f44d77982dc1@group-1FF9B6E207BB:LeaderElection13] INFO  server.RaftServerConfigKeys (ConfUtils.java:logGet(43)) - raft.server.watch.element-limit = 65536 (default)
2019-09-16 22:19:25,503 [38ade514-2648-4754-90d8-f44d77982dc1@group-1FF9B6E207BB:LeaderElection13] INFO  server.RaftServerConfigKeys (ConfUtils.java:logGet(43)) - raft.server.log.appender.snapshot.chunk.size.max = 16MB (=16777216) (default)
2019-09-16 22:19:25,503 [38ade514-2648-4754-90d8-f44d77982dc1@group-1FF9B6E207BB:LeaderElection13] INFO  server.RaftServerConfigKeys (ConfUtils.java:logGet(43)) - raft.server.log.appender.buffer.byte-limit = 33554432 (custom)
2019-09-16 22:19:25,504 [38ade514-2648-4754-90d8-f44d77982dc1@group-1FF9B6E207BB:LeaderElection13] INFO  server.RaftServerConfigKeys (ConfUtils.java:logGet(43)) - raft.server.log.appender.buffer.element-limit = 1 (custom)
2019-09-16 22:19:25,504 [38ade514-2648-4754-90d8-f44d77982dc1@group-1FF9B6E207BB:LeaderElection13] INFO  grpc.GrpcConfigKeys$Server (ConfUtils.java:logGet(43)) - raft.grpc.server.leader.outstanding.appends.max = 128 (default)
2019-09-16 22:19:25,505 [38ade514-2648-4754-90d8-f44d77982dc1@group-1FF9B6E207BB:LeaderElection13] INFO  server.RaftServerConfigKeys (ConfUtils.java:logGet(43)) - raft.server.rpc.request.timeout = 3000ms (default)
2019-09-16 22:19:25,505 [38ade514-2648-4754-90d8-f44d77982dc1@group-1FF9B6E207BB:LeaderElection13] INFO  server.RaftServerConfigKeys (ConfUtils.java:logGet(43)) - raft.server.log.appender.install.snapshot.enabled = false (custom)
2019-09-16 22:19:25,506 [38ade514-2648-4754-90d8-f44d77982dc1@group-1FF9B6E207BB:LeaderElection13] INFO  server.RaftServerConfigKeys (ConfUtils.java:logGet(43)) - raft.server.log.appender.snapshot.chunk.size.max = 16MB (=16777216) (default)
2019-09-16 22:19:25,506 [38ade514-2648-4754-90d8-f44d77982dc1@group-1FF9B6E207BB:LeaderElection13] INFO  server.RaftServerConfigKeys (ConfUtils.java:logGet(43)) - raft.server.log.appender.buffer.byte-limit = 33554432 (custom)
2019-09-16 22:19:25,506 [38ade514-2648-4754-90d8-f44d77982dc1@group-1FF9B6E207BB:LeaderElection13] INFO  server.RaftServerConfigKeys (ConfUtils.java:logGet(43)) - raft.server.log.appender.buffer.element-limit = 1 (custom)
2019-09-16 22:19:25,506 [38ade514-2648-4754-90d8-f44d77982dc1@group-1FF9B6E207BB:LeaderElection13] INFO  grpc.GrpcConfigKeys$Server (ConfUtils.java:logGet(43)) - raft.grpc.server.leader.outstanding.appends.max = 128 (default)
2019-09-16 22:19:25,506 [38ade514-2648-4754-90d8-f44d77982dc1@group-1FF9B6E207BB:LeaderElection13] INFO  server.RaftServerConfigKeys (ConfUtils.java:logGet(43)) - raft.server.rpc.request.timeout = 3000ms (default)
2019-09-16 22:19:25,507 [38ade514-2648-4754-90d8-f44d77982dc1@group-1FF9B6E207BB:LeaderElection13] INFO  server.RaftServerConfigKeys (ConfUtils.java:logGet(43)) - raft.server.log.appender.install.snapshot.enabled = false (custom)
2019-09-16 22:19:25,507 [38ade514-2648-4754-90d8-f44d77982dc1@group-1FF9B6E207BB:LeaderElection13] INFO  impl.RoleInfo (RoleInfo.java:updateAndGet(143)) - 38ade514-2648-4754-90d8-f44d77982dc1: start LeaderState
2019-09-16 22:19:25,507 [38ade514-2648-4754-90d8-f44d77982dc1@group-1FF9B6E207BB:LeaderElection13] INFO  segmented.SegmentedRaftLogWorker (SegmentedRaftLogWorker.java:startLogSegment(380)) - 38ade514-2648-4754-90d8-f44d77982dc1@group-1FF9B6E207BB-SegmentedRaftLogWorker: Starting segment from index:0
2019-09-16 22:19:25,508 [38ade514-2648-4754-90d8-f44d77982dc1@group-1FF9B6E207BB:LeaderElection13] INFO  impl.RaftServerImpl (ServerState.java:setRaftConf(354)) - 38ade514-2648-4754-90d8-f44d77982dc1@group-1FF9B6E207BB: set configuration 0: [8f746e8d-b680-4b6a-a953-f66a9ce24b31:192.168.151.68:40468, 38ade514-2648-4754-90d8-f44d77982dc1:192.168.151.68:44451, f6fe9082-6072-456e-9c3d-4d31cedb190c:192.168.151.68:37427], old=null at 0
2019-09-16 22:19:25,537 [grpc-default-executor-2] INFO  impl.RaftServerImpl (ServerState.java:setLeader(253)) - 8f746e8d-b680-4b6a-a953-f66a9ce24b31@group-1FF9B6E207BB: change Leader from null to 38ade514-2648-4754-90d8-f44d77982dc1 at term 2 for appendEntries, leader elected after 10453ms
2019-09-16 22:19:25,537 [grpc-default-executor-5] INFO  impl.RaftServerImpl (ServerState.java:setLeader(253)) - f6fe9082-6072-456e-9c3d-4d31cedb190c@group-1FF9B6E207BB: change Leader from null to 38ade514-2648-4754-90d8-f44d77982dc1 at term 2 for appendEntries, leader elected after 10453ms
2019-09-16 22:19:25,541 [grpc-default-executor-5] INFO  impl.RaftServerImpl (ServerState.java:setRaftConf(354)) - 8f746e8d-b680-4b6a-a953-f66a9ce24b31@group-1FF9B6E207BB: set configuration 0: [8f746e8d-b680-4b6a-a953-f66a9ce24b31:192.168.151.68:40468, 38ade514-2648-4754-90d8-f44d77982dc1:192.168.151.68:44451, f6fe9082-6072-456e-9c3d-4d31cedb190c:192.168.151.68:37427], old=null at 0
2019-09-16 22:19:25,541 [grpc-default-executor-5] INFO  segmented.SegmentedRaftLogWorker (SegmentedRaftLogWorker.java:startLogSegment(380)) - 8f746e8d-b680-4b6a-a953-f66a9ce24b31@group-1FF9B6E207BB-SegmentedRaftLogWorker: Starting segment from index:0
2019-09-16 22:19:25,542 [grpc-default-executor-2] INFO  impl.RaftServerImpl (ServerState.java:setRaftConf(354)) - f6fe9082-6072-456e-9c3d-4d31cedb190c@group-1FF9B6E207BB: set configuration 0: [8f746e8d-b680-4b6a-a953-f66a9ce24b31:192.168.151.68:40468, 38ade514-2648-4754-90d8-f44d77982dc1:192.168.151.68:44451, f6fe9082-6072-456e-9c3d-4d31cedb190c:192.168.151.68:37427], old=null at 0
2019-09-16 22:19:25,542 [grpc-default-executor-2] INFO  segmented.SegmentedRaftLogWorker (SegmentedRaftLogWorker.java:startLogSegment(380)) - f6fe9082-6072-456e-9c3d-4d31cedb190c@group-1FF9B6E207BB-SegmentedRaftLogWorker: Starting segment from index:0
2019-09-16 22:19:25,547 [38ade514-2648-4754-90d8-f44d77982dc1@group-1FF9B6E207BB-SegmentedRaftLogWorker] INFO  segmented.SegmentedRaftLogWorker (SegmentedRaftLogWorker.java:execute(569)) - 38ade514-2648-4754-90d8-f44d77982dc1@group-1FF9B6E207BB-SegmentedRaftLogWorker: created new log segment /workdir/hadoop-ozone/integration-test/target/test-dir/MiniOzoneClusterImpl-0831896c-8462-4536-87a9-38bb54f03984/datanode-1/data/ratis/88781347-1dc0-45b9-a8dd-1ff9b6e207bb/current/log_inprogress_0
2019-09-16 22:19:25,585 [8f746e8d-b680-4b6a-a953-f66a9ce24b31@group-1FF9B6E207BB-SegmentedRaftLogWorker] INFO  segmented.SegmentedRaftLogWorker (SegmentedRaftLogWorker.java:execute(569)) - 8f746e8d-b680-4b6a-a953-f66a9ce24b31@group-1FF9B6E207BB-SegmentedRaftLogWorker: created new log segment /workdir/hadoop-ozone/integration-test/target/test-dir/MiniOzoneClusterImpl-0831896c-8462-4536-87a9-38bb54f03984/datanode-0/data/ratis/88781347-1dc0-45b9-a8dd-1ff9b6e207bb/current/log_inprogress_0
2019-09-16 22:19:25,585 [f6fe9082-6072-456e-9c3d-4d31cedb190c@group-1FF9B6E207BB-SegmentedRaftLogWorker] INFO  segmented.SegmentedRaftLogWorker (SegmentedRaftLogWorker.java:execute(569)) - f6fe9082-6072-456e-9c3d-4d31cedb190c@group-1FF9B6E207BB-SegmentedRaftLogWorker: created new log segment /workdir/hadoop-ozone/integration-test/target/test-dir/MiniOzoneClusterImpl-0831896c-8462-4536-87a9-38bb54f03984/datanode-6/data/ratis/88781347-1dc0-45b9-a8dd-1ff9b6e207bb/current/log_inprogress_0
2019-09-16 22:19:26,230 [grpc-default-executor-5] INFO  client.GrpcClientProtocolClient (GrpcClientProtocolClient.java:onNext(264)) - client-22ACCF61FDFE->9d8d98b0-9991-458a-859c-25f8efc1f325: receive RaftClientReply:client-22ACCF61FDFE->9d8d98b0-9991-458a-859c-25f8efc1f325@group-35A7B724CDC7, cid=16, FAILED org.apache.ratis.protocol.NotLeaderException: Server 9d8d98b0-9991-458a-859c-25f8efc1f325@group-35A7B724CDC7 is not the leader 5ecabd24-29f4-44ad-af86-ba12f6ac88ae:192.168.151.68:37146, logIndex=0, commits[9d8d98b0-9991-458a-859c-25f8efc1f325:c6, 0ad894eb-396d-46a7-a4d0-256210dc34c1:c4, 5ecabd24-29f4-44ad-af86-ba12f6ac88ae:c6]
2019-09-16 22:19:26,660 [java.util.concurrent.ThreadPoolExecutor$Worker@437726ad[State = -1, empty queue]] WARN  server.GrpcLogAppender (GrpcLogAppender.java:timeoutAppendRequest(200)) - 5ecabd24-29f4-44ad-af86-ba12f6ac88ae@group-35A7B724CDC7->0ad894eb-396d-46a7-a4d0-256210dc34c1-GrpcLogAppender: appendEntries Timeout, request=5ecabd24-29f4-44ad-af86-ba12f6ac88ae->0ad894eb-396d-46a7-a4d0-256210dc34c1#13-t1, previous=(t:1, i:11), leaderCommit=6, initializing? false, entries: <empty>
2019-09-16 22:19:26,660 [java.util.concurrent.ThreadPoolExecutor$Worker@3b767fb5[State = -1, empty queue]] WARN  server.GrpcLogAppender (GrpcLogAppender.java:timeoutAppendRequest(200)) - 5ecabd24-29f4-44ad-af86-ba12f6ac88ae@group-35A7B724CDC7->9d8d98b0-9991-458a-859c-25f8efc1f325-GrpcLogAppender: appendEntries Timeout, request=5ecabd24-29f4-44ad-af86-ba12f6ac88ae->9d8d98b0-9991-458a-859c-25f8efc1f325#13-t1, previous=(t:1, i:11), leaderCommit=6, initializing? false, entries: <empty>
2019-09-16 22:19:29,161 [java.util.concurrent.ThreadPoolExecutor$Worker@3b767fb5[State = -1, empty queue]] WARN  server.GrpcLogAppender (GrpcLogAppender.java:timeoutAppendRequest(200)) - 5ecabd24-29f4-44ad-af86-ba12f6ac88ae@group-35A7B724CDC7->9d8d98b0-9991-458a-859c-25f8efc1f325-GrpcLogAppender: appendEntries Timeout, request=5ecabd24-29f4-44ad-af86-ba12f6ac88ae->9d8d98b0-9991-458a-859c-25f8efc1f325#14-t1, previous=(t:1, i:11), leaderCommit=6, initializing? false, entries: <empty>
2019-09-16 22:19:29,161 [java.util.concurrent.ThreadPoolExecutor$Worker@437726ad[State = -1, empty queue]] WARN  server.GrpcLogAppender (GrpcLogAppender.java:timeoutAppendRequest(200)) - 5ecabd24-29f4-44ad-af86-ba12f6ac88ae@group-35A7B724CDC7->0ad894eb-396d-46a7-a4d0-256210dc34c1-GrpcLogAppender: appendEntries Timeout, request=5ecabd24-29f4-44ad-af86-ba12f6ac88ae->0ad894eb-396d-46a7-a4d0-256210dc34c1#14-t1, previous=(t:1, i:11), leaderCommit=6, initializing? false, entries: <empty>
2019-09-16 22:19:31,285 [grpc-default-executor-5] INFO  client.GrpcClientProtocolClient (GrpcClientProtocolClient.java:onNext(264)) - client-22ACCF61FDFE->0ad894eb-396d-46a7-a4d0-256210dc34c1: receive RaftClientReply:client-22ACCF61FDFE->0ad894eb-396d-46a7-a4d0-256210dc34c1@group-35A7B724CDC7, cid=16, FAILED org.apache.ratis.protocol.NotLeaderException: Server 0ad894eb-396d-46a7-a4d0-256210dc34c1@group-35A7B724CDC7 is not the leader 5ecabd24-29f4-44ad-af86-ba12f6ac88ae:192.168.151.68:37146, logIndex=0, commits[0ad894eb-396d-46a7-a4d0-256210dc34c1:c6, 9d8d98b0-9991-458a-859c-25f8efc1f325:c4, 5ecabd24-29f4-44ad-af86-ba12f6ac88ae:c6]
2019-09-16 22:19:31,295 [5ecabd24-29f4-44ad-af86-ba12f6ac88ae@group-35A7B724CDC7-SegmentedRaftLogWorker] WARN  segmented.SegmentedRaftLogWorker (SegmentedRaftLogWorker.java:getFromFuture(90)) - Timeout 0/~
org.apache.ratis.protocol.TimeoutIOException: Timeout 10s: WriteLog:8: (t:1, i:8), STATEMACHINELOGENTRY, client-22ACCF61FDFE, cid=17-writeStateMachineData
	at org.apache.ratis.util.IOUtils.getFromFuture(IOUtils.java:87)
	at org.apache.ratis.server.raftlog.segmented.SegmentedRaftLogWorker$StateMachineDataPolicy.getFromFuture(SegmentedRaftLogWorker.java:87)
	at org.apache.ratis.server.raftlog.segmented.SegmentedRaftLogWorker$WriteLog.execute(SegmentedRaftLogWorker.java:477)
	at org.apache.ratis.server.raftlog.segmented.SegmentedRaftLogWorker.run(SegmentedRaftLogWorker.java:289)
	at java.lang.Thread.run(Thread.java:748)
Caused by: java.util.concurrent.TimeoutException
	at java.util.concurrent.CompletableFuture.timedGet(CompletableFuture.java:1771)
	at java.util.concurrent.CompletableFuture.get(CompletableFuture.java:1915)
	at org.apache.ratis.util.IOUtils.getFromFuture(IOUtils.java:79)
	... 4 more
2019-09-16 22:19:31,300 [9d8d98b0-9991-458a-859c-25f8efc1f325@group-35A7B724CDC7-SegmentedRaftLogWorker] WARN  segmented.SegmentedRaftLogWorker (SegmentedRaftLogWorker.java:getFromFuture(90)) - Timeout 0/~
org.apache.ratis.protocol.TimeoutIOException: Timeout 10s: WriteLog:8: (t:1, i:8), STATEMACHINELOGENTRY, client-22ACCF61FDFE, cid=17-writeStateMachineData
	at org.apache.ratis.util.IOUtils.getFromFuture(IOUtils.java:87)
	at org.apache.ratis.server.raftlog.segmented.SegmentedRaftLogWorker$StateMachineDataPolicy.getFromFuture(SegmentedRaftLogWorker.java:87)
	at org.apache.ratis.server.raftlog.segmented.SegmentedRaftLogWorker$WriteLog.execute(SegmentedRaftLogWorker.java:477)
	at org.apache.ratis.server.raftlog.segmented.SegmentedRaftLogWorker.run(SegmentedRaftLogWorker.java:289)
	at java.lang.Thread.run(Thread.java:748)
Caused by: java.util.concurrent.TimeoutException
	at java.util.concurrent.CompletableFuture.timedGet(CompletableFuture.java:1771)
	at java.util.concurrent.CompletableFuture.get(CompletableFuture.java:1915)
	at org.apache.ratis.util.IOUtils.getFromFuture(IOUtils.java:79)
	... 4 more
2019-09-16 22:19:31,300 [0ad894eb-396d-46a7-a4d0-256210dc34c1@group-35A7B724CDC7-SegmentedRaftLogWorker] WARN  segmented.SegmentedRaftLogWorker (SegmentedRaftLogWorker.java:getFromFuture(90)) - Timeout 0/~
org.apache.ratis.protocol.TimeoutIOException: Timeout 10s: WriteLog:8: (t:1, i:8), STATEMACHINELOGENTRY, client-22ACCF61FDFE, cid=17-writeStateMachineData
	at org.apache.ratis.util.IOUtils.getFromFuture(IOUtils.java:87)
	at org.apache.ratis.server.raftlog.segmented.SegmentedRaftLogWorker$StateMachineDataPolicy.getFromFuture(SegmentedRaftLogWorker.java:87)
	at org.apache.ratis.server.raftlog.segmented.SegmentedRaftLogWorker$WriteLog.execute(SegmentedRaftLogWorker.java:477)
	at org.apache.ratis.server.raftlog.segmented.SegmentedRaftLogWorker.run(SegmentedRaftLogWorker.java:289)
	at java.lang.Thread.run(Thread.java:748)
Caused by: java.util.concurrent.TimeoutException
	at java.util.concurrent.CompletableFuture.timedGet(CompletableFuture.java:1771)
	at java.util.concurrent.CompletableFuture.get(CompletableFuture.java:1915)
	at org.apache.ratis.util.IOUtils.getFromFuture(IOUtils.java:79)
	... 4 more
2019-09-16 22:19:31,663 [java.util.concurrent.ThreadPoolExecutor$Worker@437726ad[State = -1, empty queue]] WARN  server.GrpcLogAppender (GrpcLogAppender.java:timeoutAppendRequest(200)) - 5ecabd24-29f4-44ad-af86-ba12f6ac88ae@group-35A7B724CDC7->0ad894eb-396d-46a7-a4d0-256210dc34c1-GrpcLogAppender: appendEntries Timeout, request=5ecabd24-29f4-44ad-af86-ba12f6ac88ae->0ad894eb-396d-46a7-a4d0-256210dc34c1#15-t1, previous=(t:1, i:11), leaderCommit=6, initializing? false, entries: <empty>
2019-09-16 22:19:31,663 [java.util.concurrent.ThreadPoolExecutor$Worker@3b767fb5[State = -1, empty queue]] WARN  server.GrpcLogAppender (GrpcLogAppender.java:timeoutAppendRequest(200)) - 5ecabd24-29f4-44ad-af86-ba12f6ac88ae@group-35A7B724CDC7->9d8d98b0-9991-458a-859c-25f8efc1f325-GrpcLogAppender: appendEntries Timeout, request=5ecabd24-29f4-44ad-af86-ba12f6ac88ae->9d8d98b0-9991-458a-859c-25f8efc1f325#15-t1, previous=(t:1, i:11), leaderCommit=6, initializing? false, entries: <empty>
2019-09-16 22:19:34,164 [java.util.concurrent.ThreadPoolExecutor$Worker@3b767fb5[State = -1, empty queue]] WARN  server.GrpcLogAppender (GrpcLogAppender.java:timeoutAppendRequest(200)) - 5ecabd24-29f4-44ad-af86-ba12f6ac88ae@group-35A7B724CDC7->9d8d98b0-9991-458a-859c-25f8efc1f325-GrpcLogAppender: appendEntries Timeout, request=5ecabd24-29f4-44ad-af86-ba12f6ac88ae->9d8d98b0-9991-458a-859c-25f8efc1f325#16-t1, previous=(t:1, i:11), leaderCommit=6, initializing? false, entries: <empty>
2019-09-16 22:19:34,164 [java.util.concurrent.ThreadPoolExecutor$Worker@437726ad[State = -1, empty queue]] WARN  server.GrpcLogAppender (GrpcLogAppender.java:timeoutAppendRequest(200)) - 5ecabd24-29f4-44ad-af86-ba12f6ac88ae@group-35A7B724CDC7->0ad894eb-396d-46a7-a4d0-256210dc34c1-GrpcLogAppender: appendEntries Timeout, request=5ecabd24-29f4-44ad-af86-ba12f6ac88ae->0ad894eb-396d-46a7-a4d0-256210dc34c1#16-t1, previous=(t:1, i:11), leaderCommit=6, initializing? false, entries: <empty>
2019-09-16 22:19:36,341 [grpc-default-executor-5] INFO  client.GrpcClientProtocolClient (GrpcClientProtocolClient.java:onNext(264)) - client-22ACCF61FDFE->9d8d98b0-9991-458a-859c-25f8efc1f325: receive RaftClientReply:client-22ACCF61FDFE->9d8d98b0-9991-458a-859c-25f8efc1f325@group-35A7B724CDC7, cid=16, FAILED org.apache.ratis.protocol.NotLeaderException: Server 9d8d98b0-9991-458a-859c-25f8efc1f325@group-35A7B724CDC7 is not the leader 5ecabd24-29f4-44ad-af86-ba12f6ac88ae:192.168.151.68:37146, logIndex=0, commits[9d8d98b0-9991-458a-859c-25f8efc1f325:c6, 0ad894eb-396d-46a7-a4d0-256210dc34c1:c4, 5ecabd24-29f4-44ad-af86-ba12f6ac88ae:c6]
2019-09-16 22:19:36,665 [java.util.concurrent.ThreadPoolExecutor$Worker@437726ad[State = -1, empty queue]] WARN  server.GrpcLogAppender (GrpcLogAppender.java:timeoutAppendRequest(200)) - 5ecabd24-29f4-44ad-af86-ba12f6ac88ae@group-35A7B724CDC7->0ad894eb-396d-46a7-a4d0-256210dc34c1-GrpcLogAppender: appendEntries Timeout, request=5ecabd24-29f4-44ad-af86-ba12f6ac88ae->0ad894eb-396d-46a7-a4d0-256210dc34c1#17-t1, previous=(t:1, i:11), leaderCommit=6, initializing? false, entries: <empty>
2019-09-16 22:19:36,665 [java.util.concurrent.ThreadPoolExecutor$Worker@3b767fb5[State = -1, empty queue]] WARN  server.GrpcLogAppender (GrpcLogAppender.java:timeoutAppendRequest(200)) - 5ecabd24-29f4-44ad-af86-ba12f6ac88ae@group-35A7B724CDC7->9d8d98b0-9991-458a-859c-25f8efc1f325-GrpcLogAppender: appendEntries Timeout, request=5ecabd24-29f4-44ad-af86-ba12f6ac88ae->9d8d98b0-9991-458a-859c-25f8efc1f325#17-t1, previous=(t:1, i:11), leaderCommit=6, initializing? false, entries: <empty>
2019-09-16 22:19:39,167 [java.util.concurrent.ThreadPoolExecutor$Worker@437726ad[State = -1, empty queue]] WARN  server.GrpcLogAppender (GrpcLogAppender.java:timeoutAppendRequest(200)) - 5ecabd24-29f4-44ad-af86-ba12f6ac88ae@group-35A7B724CDC7->0ad894eb-396d-46a7-a4d0-256210dc34c1-GrpcLogAppender: appendEntries Timeout, request=5ecabd24-29f4-44ad-af86-ba12f6ac88ae->0ad894eb-396d-46a7-a4d0-256210dc34c1#18-t1, previous=(t:1, i:11), leaderCommit=6, initializing? false, entries: <empty>
2019-09-16 22:19:39,167 [java.util.concurrent.ThreadPoolExecutor$Worker@3b767fb5[State = -1, empty queue]] WARN  server.GrpcLogAppender (GrpcLogAppender.java:timeoutAppendRequest(200)) - 5ecabd24-29f4-44ad-af86-ba12f6ac88ae@group-35A7B724CDC7->9d8d98b0-9991-458a-859c-25f8efc1f325-GrpcLogAppender: appendEntries Timeout, request=5ecabd24-29f4-44ad-af86-ba12f6ac88ae->9d8d98b0-9991-458a-859c-25f8efc1f325#18-t1, previous=(t:1, i:11), leaderCommit=6, initializing? false, entries: <empty>
2019-09-16 22:19:41,302 [5ecabd24-29f4-44ad-af86-ba12f6ac88ae@group-35A7B724CDC7-SegmentedRaftLogWorker] WARN  segmented.SegmentedRaftLogWorker (SegmentedRaftLogWorker.java:getFromFuture(90)) - Timeout 1/~
org.apache.ratis.protocol.TimeoutIOException: Timeout 10s: WriteLog:8: (t:1, i:8), STATEMACHINELOGENTRY, client-22ACCF61FDFE, cid=17-writeStateMachineData
	at org.apache.ratis.util.IOUtils.getFromFuture(IOUtils.java:87)
	at org.apache.ratis.server.raftlog.segmented.SegmentedRaftLogWorker$StateMachineDataPolicy.getFromFuture(SegmentedRaftLogWorker.java:87)
	at org.apache.ratis.server.raftlog.segmented.SegmentedRaftLogWorker$WriteLog.execute(SegmentedRaftLogWorker.java:477)
	at org.apache.ratis.server.raftlog.segmented.SegmentedRaftLogWorker.run(SegmentedRaftLogWorker.java:289)
	at java.lang.Thread.run(Thread.java:748)
Caused by: java.util.concurrent.TimeoutException
	at java.util.concurrent.CompletableFuture.timedGet(CompletableFuture.java:1771)
	at java.util.concurrent.CompletableFuture.get(CompletableFuture.java:1915)
	at org.apache.ratis.util.IOUtils.getFromFuture(IOUtils.java:79)
	... 4 more
2019-09-16 22:19:41,304 [9d8d98b0-9991-458a-859c-25f8efc1f325@group-35A7B724CDC7-SegmentedRaftLogWorker] WARN  segmented.SegmentedRaftLogWorker (SegmentedRaftLogWorker.java:getFromFuture(90)) - Timeout 1/~
org.apache.ratis.protocol.TimeoutIOException: Timeout 10s: WriteLog:8: (t:1, i:8), STATEMACHINELOGENTRY, client-22ACCF61FDFE, cid=17-writeStateMachineData
	at org.apache.ratis.util.IOUtils.getFromFuture(IOUtils.java:87)
	at org.apache.ratis.server.raftlog.segmented.SegmentedRaftLogWorker$StateMachineDataPolicy.getFromFuture(SegmentedRaftLogWorker.java:87)
	at org.apache.ratis.server.raftlog.segmented.SegmentedRaftLogWorker$WriteLog.execute(SegmentedRaftLogWorker.java:477)
	at org.apache.ratis.server.raftlog.segmented.SegmentedRaftLogWorker.run(SegmentedRaftLogWorker.java:289)
	at java.lang.Thread.run(Thread.java:748)
Caused by: java.util.concurrent.TimeoutException
	at java.util.concurrent.CompletableFuture.timedGet(CompletableFuture.java:1771)
	at java.util.concurrent.CompletableFuture.get(CompletableFuture.java:1915)
	at org.apache.ratis.util.IOUtils.getFromFuture(IOUtils.java:79)
	... 4 more
2019-09-16 22:19:41,305 [0ad894eb-396d-46a7-a4d0-256210dc34c1@group-35A7B724CDC7-SegmentedRaftLogWorker] WARN  segmented.SegmentedRaftLogWorker (SegmentedRaftLogWorker.java:getFromFuture(90)) - Timeout 1/~
org.apache.ratis.protocol.TimeoutIOException: Timeout 10s: WriteLog:8: (t:1, i:8), STATEMACHINELOGENTRY, client-22ACCF61FDFE, cid=17-writeStateMachineData
	at org.apache.ratis.util.IOUtils.getFromFuture(IOUtils.java:87)
	at org.apache.ratis.server.raftlog.segmented.SegmentedRaftLogWorker$StateMachineDataPolicy.getFromFuture(SegmentedRaftLogWorker.java:87)
	at org.apache.ratis.server.raftlog.segmented.SegmentedRaftLogWorker$WriteLog.execute(SegmentedRaftLogWorker.java:477)
	at org.apache.ratis.server.raftlog.segmented.SegmentedRaftLogWorker.run(SegmentedRaftLogWorker.java:289)
	at java.lang.Thread.run(Thread.java:748)
Caused by: java.util.concurrent.TimeoutException
	at java.util.concurrent.CompletableFuture.timedGet(CompletableFuture.java:1771)
	at java.util.concurrent.CompletableFuture.get(CompletableFuture.java:1915)
	at org.apache.ratis.util.IOUtils.getFromFuture(IOUtils.java:79)
	... 4 more
2019-09-16 22:19:41,380 [grpc-default-executor-2] INFO  client.GrpcClientProtocolClient (GrpcClientProtocolClient.java:onNext(264)) - client-22ACCF61FDFE->0ad894eb-396d-46a7-a4d0-256210dc34c1: receive RaftClientReply:client-22ACCF61FDFE->0ad894eb-396d-46a7-a4d0-256210dc34c1@group-35A7B724CDC7, cid=16, FAILED org.apache.ratis.protocol.NotLeaderException: Server 0ad894eb-396d-46a7-a4d0-256210dc34c1@group-35A7B724CDC7 is not the leader 5ecabd24-29f4-44ad-af86-ba12f6ac88ae:192.168.151.68:37146, logIndex=0, commits[0ad894eb-396d-46a7-a4d0-256210dc34c1:c6, 9d8d98b0-9991-458a-859c-25f8efc1f325:c4, 5ecabd24-29f4-44ad-af86-ba12f6ac88ae:c6]
2019-09-16 22:19:41,668 [java.util.concurrent.ThreadPoolExecutor$Worker@3b767fb5[State = -1, empty queue]] WARN  server.GrpcLogAppender (GrpcLogAppender.java:timeoutAppendRequest(200)) - 5ecabd24-29f4-44ad-af86-ba12f6ac88ae@group-35A7B724CDC7->9d8d98b0-9991-458a-859c-25f8efc1f325-GrpcLogAppender: appendEntries Timeout, request=5ecabd24-29f4-44ad-af86-ba12f6ac88ae->9d8d98b0-9991-458a-859c-25f8efc1f325#19-t1, previous=(t:1, i:11), leaderCommit=6, initializing? false, entries: <empty>
2019-09-16 22:19:41,668 [java.util.concurrent.ThreadPoolExecutor$Worker@437726ad[State = -1, empty queue]] WARN  server.GrpcLogAppender (GrpcLogAppender.java:timeoutAppendRequest(200)) - 5ecabd24-29f4-44ad-af86-ba12f6ac88ae@group-35A7B724CDC7->0ad894eb-396d-46a7-a4d0-256210dc34c1-GrpcLogAppender: appendEntries Timeout, request=5ecabd24-29f4-44ad-af86-ba12f6ac88ae->0ad894eb-396d-46a7-a4d0-256210dc34c1#19-t1, previous=(t:1, i:11), leaderCommit=6, initializing? false, entries: <empty>
2019-09-16 22:19:44,168 [java.util.concurrent.ThreadPoolExecutor$Worker@437726ad[State = -1, empty queue]] WARN  server.GrpcLogAppender (GrpcLogAppender.java:timeoutAppendRequest(200)) - 5ecabd24-29f4-44ad-af86-ba12f6ac88ae@group-35A7B724CDC7->0ad894eb-396d-46a7-a4d0-256210dc34c1-GrpcLogAppender: appendEntries Timeout, request=5ecabd24-29f4-44ad-af86-ba12f6ac88ae->0ad894eb-396d-46a7-a4d0-256210dc34c1#20-t1, previous=(t:1, i:11), leaderCommit=6, initializing? false, entries: <empty>
2019-09-16 22:19:44,168 [java.util.concurrent.ThreadPoolExecutor$Worker@3b767fb5[State = -1, empty queue]] WARN  server.GrpcLogAppender (GrpcLogAppender.java:timeoutAppendRequest(200)) - 5ecabd24-29f4-44ad-af86-ba12f6ac88ae@group-35A7B724CDC7->9d8d98b0-9991-458a-859c-25f8efc1f325-GrpcLogAppender: appendEntries Timeout, request=5ecabd24-29f4-44ad-af86-ba12f6ac88ae->9d8d98b0-9991-458a-859c-25f8efc1f325#20-t1, previous=(t:1, i:11), leaderCommit=6, initializing? false, entries: <empty>
2019-09-16 22:19:46,419 [grpc-default-executor-2] INFO  client.GrpcClientProtocolClient (GrpcClientProtocolClient.java:onNext(264)) - client-22ACCF61FDFE->0ad894eb-396d-46a7-a4d0-256210dc34c1: receive RaftClientReply:client-22ACCF61FDFE->0ad894eb-396d-46a7-a4d0-256210dc34c1@group-35A7B724CDC7, cid=16, FAILED org.apache.ratis.protocol.NotLeaderException: Server 0ad894eb-396d-46a7-a4d0-256210dc34c1@group-35A7B724CDC7 is not the leader 5ecabd24-29f4-44ad-af86-ba12f6ac88ae:192.168.151.68:37146, logIndex=0, commits[0ad894eb-396d-46a7-a4d0-256210dc34c1:c6, 9d8d98b0-9991-458a-859c-25f8efc1f325:c4, 5ecabd24-29f4-44ad-af86-ba12f6ac88ae:c6]
2019-09-16 22:19:46,669 [java.util.concurrent.ThreadPoolExecutor$Worker@437726ad[State = -1, empty queue]] WARN  server.GrpcLogAppender (GrpcLogAppender.java:timeoutAppendRequest(200)) - 5ecabd24-29f4-44ad-af86-ba12f6ac88ae@group-35A7B724CDC7->0ad894eb-396d-46a7-a4d0-256210dc34c1-GrpcLogAppender: appendEntries Timeout, request=5ecabd24-29f4-44ad-af86-ba12f6ac88ae->0ad894eb-396d-46a7-a4d0-256210dc34c1#21-t1, previous=(t:1, i:11), leaderCommit=6, initializing? false, entries: <empty>
2019-09-16 22:19:46,669 [java.util.concurrent.ThreadPoolExecutor$Worker@3b767fb5[State = -1, empty queue]] WARN  server.GrpcLogAppender (GrpcLogAppender.java:timeoutAppendRequest(200)) - 5ecabd24-29f4-44ad-af86-ba12f6ac88ae@group-35A7B724CDC7->9d8d98b0-9991-458a-859c-25f8efc1f325-GrpcLogAppender: appendEntries Timeout, request=5ecabd24-29f4-44ad-af86-ba12f6ac88ae->9d8d98b0-9991-458a-859c-25f8efc1f325#21-t1, previous=(t:1, i:11), leaderCommit=6, initializing? false, entries: <empty>
2019-09-16 22:19:49,170 [java.util.concurrent.ThreadPoolExecutor$Worker@3b767fb5[State = -1, empty queue]] WARN  server.GrpcLogAppender (GrpcLogAppender.java:timeoutAppendRequest(200)) - 5ecabd24-29f4-44ad-af86-ba12f6ac88ae@group-35A7B724CDC7->9d8d98b0-9991-458a-859c-25f8efc1f325-GrpcLogAppender: appendEntries Timeout, request=5ecabd24-29f4-44ad-af86-ba12f6ac88ae->9d8d98b0-9991-458a-859c-25f8efc1f325#22-t1, previous=(t:1, i:11), leaderCommit=6, initializing? false, entries: <empty>
2019-09-16 22:19:49,170 [java.util.concurrent.ThreadPoolExecutor$Worker@437726ad[State = -1, empty queue]] WARN  server.GrpcLogAppender (GrpcLogAppender.java:timeoutAppendRequest(200)) - 5ecabd24-29f4-44ad-af86-ba12f6ac88ae@group-35A7B724CDC7->0ad894eb-396d-46a7-a4d0-256210dc34c1-GrpcLogAppender: appendEntries Timeout, request=5ecabd24-29f4-44ad-af86-ba12f6ac88ae->0ad894eb-396d-46a7-a4d0-256210dc34c1#22-t1, previous=(t:1, i:11), leaderCommit=6, initializing? false, entries: <empty>
2019-09-16 22:19:51,304 [5ecabd24-29f4-44ad-af86-ba12f6ac88ae@group-35A7B724CDC7-SegmentedRaftLogWorker] WARN  segmented.SegmentedRaftLogWorker (SegmentedRaftLogWorker.java:getFromFuture(90)) - Timeout 2/~
org.apache.ratis.protocol.TimeoutIOException: Timeout 10s: WriteLog:8: (t:1, i:8), STATEMACHINELOGENTRY, client-22ACCF61FDFE, cid=17-writeStateMachineData
	at org.apache.ratis.util.IOUtils.getFromFuture(IOUtils.java:87)
	at org.apache.ratis.server.raftlog.segmented.SegmentedRaftLogWorker$StateMachineDataPolicy.getFromFuture(SegmentedRaftLogWorker.java:87)
	at org.apache.ratis.server.raftlog.segmented.SegmentedRaftLogWorker$WriteLog.execute(SegmentedRaftLogWorker.java:477)
	at org.apache.ratis.server.raftlog.segmented.SegmentedRaftLogWorker.run(SegmentedRaftLogWorker.java:289)
	at java.lang.Thread.run(Thread.java:748)
Caused by: java.util.concurrent.TimeoutException
	at java.util.concurrent.CompletableFuture.timedGet(CompletableFuture.java:1771)
	at java.util.concurrent.CompletableFuture.get(CompletableFuture.java:1915)
	at org.apache.ratis.util.IOUtils.getFromFuture(IOUtils.java:79)
	... 4 more
2019-09-16 22:19:51,305 [9d8d98b0-9991-458a-859c-25f8efc1f325@group-35A7B724CDC7-SegmentedRaftLogWorker] WARN  segmented.SegmentedRaftLogWorker (SegmentedRaftLogWorker.java:getFromFuture(90)) - Timeout 2/~
org.apache.ratis.protocol.TimeoutIOException: Timeout 10s: WriteLog:8: (t:1, i:8), STATEMACHINELOGENTRY, client-22ACCF61FDFE, cid=17-writeStateMachineData
	at org.apache.ratis.util.IOUtils.getFromFuture(IOUtils.java:87)
	at org.apache.ratis.server.raftlog.segmented.SegmentedRaftLogWorker$StateMachineDataPolicy.getFromFuture(SegmentedRaftLogWorker.java:87)
	at org.apache.ratis.server.raftlog.segmented.SegmentedRaftLogWorker$WriteLog.execute(SegmentedRaftLogWorker.java:477)
	at org.apache.ratis.server.raftlog.segmented.SegmentedRaftLogWorker.run(SegmentedRaftLogWorker.java:289)
	at java.lang.Thread.run(Thread.java:748)
Caused by: java.util.concurrent.TimeoutException
	at java.util.concurrent.CompletableFuture.timedGet(CompletableFuture.java:1771)
	at java.util.concurrent.CompletableFuture.get(CompletableFuture.java:1915)
	at org.apache.ratis.util.IOUtils.getFromFuture(IOUtils.java:79)
	... 4 more
2019-09-16 22:19:51,306 [0ad894eb-396d-46a7-a4d0-256210dc34c1@group-35A7B724CDC7-SegmentedRaftLogWorker] WARN  segmented.SegmentedRaftLogWorker (SegmentedRaftLogWorker.java:getFromFuture(90)) - Timeout 2/~
org.apache.ratis.protocol.TimeoutIOException: Timeout 10s: WriteLog:8: (t:1, i:8), STATEMACHINELOGENTRY, client-22ACCF61FDFE, cid=17-writeStateMachineData
	at org.apache.ratis.util.IOUtils.getFromFuture(IOUtils.java:87)
	at org.apache.ratis.server.raftlog.segmented.SegmentedRaftLogWorker$StateMachineDataPolicy.getFromFuture(SegmentedRaftLogWorker.java:87)
	at org.apache.ratis.server.raftlog.segmented.SegmentedRaftLogWorker$WriteLog.execute(SegmentedRaftLogWorker.java:477)
	at org.apache.ratis.server.raftlog.segmented.SegmentedRaftLogWorker.run(SegmentedRaftLogWorker.java:289)
	at java.lang.Thread.run(Thread.java:748)
Caused by: java.util.concurrent.TimeoutException
	at java.util.concurrent.CompletableFuture.timedGet(CompletableFuture.java:1771)
	at java.util.concurrent.CompletableFuture.get(CompletableFuture.java:1915)
	at org.apache.ratis.util.IOUtils.getFromFuture(IOUtils.java:79)
	... 4 more
2019-09-16 22:19:51,490 [grpc-default-executor-2] INFO  client.GrpcClientProtocolClient (GrpcClientProtocolClient.java:onNext(264)) - client-22ACCF61FDFE->9d8d98b0-9991-458a-859c-25f8efc1f325: receive RaftClientReply:client-22ACCF61FDFE->9d8d98b0-9991-458a-859c-25f8efc1f325@group-35A7B724CDC7, cid=16, FAILED org.apache.ratis.protocol.NotLeaderException: Server 9d8d98b0-9991-458a-859c-25f8efc1f325@group-35A7B724CDC7 is not the leader 5ecabd24-29f4-44ad-af86-ba12f6ac88ae:192.168.151.68:37146, logIndex=0, commits[9d8d98b0-9991-458a-859c-25f8efc1f325:c6, 0ad894eb-396d-46a7-a4d0-256210dc34c1:c4, 5ecabd24-29f4-44ad-af86-ba12f6ac88ae:c6]
2019-09-16 22:19:51,671 [java.util.concurrent.ThreadPoolExecutor$Worker@3b767fb5[State = -1, empty queue]] WARN  server.GrpcLogAppender (GrpcLogAppender.java:timeoutAppendRequest(200)) - 5ecabd24-29f4-44ad-af86-ba12f6ac88ae@group-35A7B724CDC7->9d8d98b0-9991-458a-859c-25f8efc1f325-GrpcLogAppender: appendEntries Timeout, request=5ecabd24-29f4-44ad-af86-ba12f6ac88ae->9d8d98b0-9991-458a-859c-25f8efc1f325#23-t1, previous=(t:1, i:11), leaderCommit=6, initializing? false, entries: <empty>
2019-09-16 22:19:51,671 [java.util.concurrent.ThreadPoolExecutor$Worker@437726ad[State = -1, empty queue]] WARN  server.GrpcLogAppender (GrpcLogAppender.java:timeoutAppendRequest(200)) - 5ecabd24-29f4-44ad-af86-ba12f6ac88ae@group-35A7B724CDC7->0ad894eb-396d-46a7-a4d0-256210dc34c1-GrpcLogAppender: appendEntries Timeout, request=5ecabd24-29f4-44ad-af86-ba12f6ac88ae->0ad894eb-396d-46a7-a4d0-256210dc34c1#23-t1, previous=(t:1, i:11), leaderCommit=6, initializing? false, entries: <empty>
2019-09-16 22:19:54,173 [java.util.concurrent.ThreadPoolExecutor$Worker@437726ad[State = -1, empty queue]] WARN  server.GrpcLogAppender (GrpcLogAppender.java:timeoutAppendRequest(200)) - 5ecabd24-29f4-44ad-af86-ba12f6ac88ae@group-35A7B724CDC7->0ad894eb-396d-46a7-a4d0-256210dc34c1-GrpcLogAppender: appendEntries Timeout, request=5ecabd24-29f4-44ad-af86-ba12f6ac88ae->0ad894eb-396d-46a7-a4d0-256210dc34c1#24-t1, previous=(t:1, i:11), leaderCommit=6, initializing? false, entries: <empty>
2019-09-16 22:19:54,173 [java.util.concurrent.ThreadPoolExecutor$Worker@3b767fb5[State = -1, empty queue]] WARN  server.GrpcLogAppender (GrpcLogAppender.java:timeoutAppendRequest(200)) - 5ecabd24-29f4-44ad-af86-ba12f6ac88ae@group-35A7B724CDC7->9d8d98b0-9991-458a-859c-25f8efc1f325-GrpcLogAppender: appendEntries Timeout, request=5ecabd24-29f4-44ad-af86-ba12f6ac88ae->9d8d98b0-9991-458a-859c-25f8efc1f325#24-t1, previous=(t:1, i:11), leaderCommit=6, initializing? false, entries: <empty>
2019-09-16 22:19:56,532 [grpc-default-executor-2] INFO  client.GrpcClientProtocolClient (GrpcClientProtocolClient.java:onNext(264)) - client-22ACCF61FDFE->0ad894eb-396d-46a7-a4d0-256210dc34c1: receive RaftClientReply:client-22ACCF61FDFE->0ad894eb-396d-46a7-a4d0-256210dc34c1@group-35A7B724CDC7, cid=16, FAILED org.apache.ratis.protocol.NotLeaderException: Server 0ad894eb-396d-46a7-a4d0-256210dc34c1@group-35A7B724CDC7 is not the leader 5ecabd24-29f4-44ad-af86-ba12f6ac88ae:192.168.151.68:37146, logIndex=0, commits[0ad894eb-396d-46a7-a4d0-256210dc34c1:c6, 9d8d98b0-9991-458a-859c-25f8efc1f325:c4, 5ecabd24-29f4-44ad-af86-ba12f6ac88ae:c6]
2019-09-16 22:19:56,674 [java.util.concurrent.ThreadPoolExecutor$Worker@437726ad[State = -1, empty queue]] WARN  server.GrpcLogAppender (GrpcLogAppender.java:timeoutAppendRequest(200)) - 5ecabd24-29f4-44ad-af86-ba12f6ac88ae@group-35A7B724CDC7->0ad894eb-396d-46a7-a4d0-256210dc34c1-GrpcLogAppender: appendEntries Timeout, request=5ecabd24-29f4-44ad-af86-ba12f6ac88ae->0ad894eb-396d-46a7-a4d0-256210dc34c1#25-t1, previous=(t:1, i:11), leaderCommit=6, initializing? false, entries: <empty>
2019-09-16 22:19:56,674 [java.util.concurrent.ThreadPoolExecutor$Worker@3b767fb5[State = -1, empty queue]] WARN  server.GrpcLogAppender (GrpcLogAppender.java:timeoutAppendRequest(200)) - 5ecabd24-29f4-44ad-af86-ba12f6ac88ae@group-35A7B724CDC7->9d8d98b0-9991-458a-859c-25f8efc1f325-GrpcLogAppender: appendEntries Timeout, request=5ecabd24-29f4-44ad-af86-ba12f6ac88ae->9d8d98b0-9991-458a-859c-25f8efc1f325#25-t1, previous=(t:1, i:11), leaderCommit=6, initializing? false, entries: <empty>
2019-09-16 22:19:59,175 [java.util.concurrent.ThreadPoolExecutor$Worker@437726ad[State = -1, empty queue]] WARN  server.GrpcLogAppender (GrpcLogAppender.java:timeoutAppendRequest(200)) - 5ecabd24-29f4-44ad-af86-ba12f6ac88ae@group-35A7B724CDC7->0ad894eb-396d-46a7-a4d0-256210dc34c1-GrpcLogAppender: appendEntries Timeout, request=5ecabd24-29f4-44ad-af86-ba12f6ac88ae->0ad894eb-396d-46a7-a4d0-256210dc34c1#26-t1, previous=(t:1, i:11), leaderCommit=6, initializing? false, entries: <empty>
2019-09-16 22:19:59,175 [java.util.concurrent.ThreadPoolExecutor$Worker@3b767fb5[State = -1, empty queue]] WARN  server.GrpcLogAppender (GrpcLogAppender.java:timeoutAppendRequest(200)) - 5ecabd24-29f4-44ad-af86-ba12f6ac88ae@group-35A7B724CDC7->9d8d98b0-9991-458a-859c-25f8efc1f325-GrpcLogAppender: appendEntries Timeout, request=5ecabd24-29f4-44ad-af86-ba12f6ac88ae->9d8d98b0-9991-458a-859c-25f8efc1f325#26-t1, previous=(t:1, i:11), leaderCommit=6, initializing? false, entries: <empty>
2019-09-16 22:20:01,306 [5ecabd24-29f4-44ad-af86-ba12f6ac88ae@group-35A7B724CDC7-SegmentedRaftLogWorker] WARN  segmented.SegmentedRaftLogWorker (SegmentedRaftLogWorker.java:getFromFuture(90)) - Timeout 3/~
org.apache.ratis.protocol.TimeoutIOException: Timeout 10s: WriteLog:8: (t:1, i:8), STATEMACHINELOGENTRY, client-22ACCF61FDFE, cid=17-writeStateMachineData
	at org.apache.ratis.util.IOUtils.getFromFuture(IOUtils.java:87)
	at org.apache.ratis.server.raftlog.segmented.SegmentedRaftLogWorker$StateMachineDataPolicy.getFromFuture(SegmentedRaftLogWorker.java:87)
	at org.apache.ratis.server.raftlog.segmented.SegmentedRaftLogWorker$WriteLog.execute(SegmentedRaftLogWorker.java:477)
	at org.apache.ratis.server.raftlog.segmented.SegmentedRaftLogWorker.run(SegmentedRaftLogWorker.java:289)
	at java.lang.Thread.run(Thread.java:748)
Caused by: java.util.concurrent.TimeoutException
	at java.util.concurrent.CompletableFuture.timedGet(CompletableFuture.java:1771)
	at java.util.concurrent.CompletableFuture.get(CompletableFuture.java:1915)
	at org.apache.ratis.util.IOUtils.getFromFuture(IOUtils.java:79)
	... 4 more
2019-09-16 22:20:01,307 [0ad894eb-396d-46a7-a4d0-256210dc34c1@group-35A7B724CDC7-SegmentedRaftLogWorker] WARN  segmented.SegmentedRaftLogWorker (SegmentedRaftLogWorker.java:getFromFuture(90)) - Timeout 3/~
org.apache.ratis.protocol.TimeoutIOException: Timeout 10s: WriteLog:8: (t:1, i:8), STATEMACHINELOGENTRY, client-22ACCF61FDFE, cid=17-writeStateMachineData
	at org.apache.ratis.util.IOUtils.getFromFuture(IOUtils.java:87)
	at org.apache.ratis.server.raftlog.segmented.SegmentedRaftLogWorker$StateMachineDataPolicy.getFromFuture(SegmentedRaftLogWorker.java:87)
	at org.apache.ratis.server.raftlog.segmented.SegmentedRaftLogWorker$WriteLog.execute(SegmentedRaftLogWorker.java:477)
	at org.apache.ratis.server.raftlog.segmented.SegmentedRaftLogWorker.run(SegmentedRaftLogWorker.java:289)
	at java.lang.Thread.run(Thread.java:748)
Caused by: java.util.concurrent.TimeoutException
	at java.util.concurrent.CompletableFuture.timedGet(CompletableFuture.java:1771)
	at java.util.concurrent.CompletableFuture.get(CompletableFuture.java:1915)
	at org.apache.ratis.util.IOUtils.getFromFuture(IOUtils.java:79)
	... 4 more
2019-09-16 22:20:01,306 [9d8d98b0-9991-458a-859c-25f8efc1f325@group-35A7B724CDC7-SegmentedRaftLogWorker] WARN  segmented.SegmentedRaftLogWorker (SegmentedRaftLogWorker.java:getFromFuture(90)) - Timeout 3/~
org.apache.ratis.protocol.TimeoutIOException: Timeout 10s: WriteLog:8: (t:1, i:8), STATEMACHINELOGENTRY, client-22ACCF61FDFE, cid=17-writeStateMachineData
	at org.apache.ratis.util.IOUtils.getFromFuture(IOUtils.java:87)
	at org.apache.ratis.server.raftlog.segmented.SegmentedRaftLogWorker$StateMachineDataPolicy.getFromFuture(SegmentedRaftLogWorker.java:87)
	at org.apache.ratis.server.raftlog.segmented.SegmentedRaftLogWorker$WriteLog.execute(SegmentedRaftLogWorker.java:477)
	at org.apache.ratis.server.raftlog.segmented.SegmentedRaftLogWorker.run(SegmentedRaftLogWorker.java:289)
	at java.lang.Thread.run(Thread.java:748)
Caused by: java.util.concurrent.TimeoutException
	at java.util.concurrent.CompletableFuture.timedGet(CompletableFuture.java:1771)
	at java.util.concurrent.CompletableFuture.get(CompletableFuture.java:1915)
	at org.apache.ratis.util.IOUtils.getFromFuture(IOUtils.java:79)
	... 4 more
2019-09-16 22:20:01,625 [grpc-default-executor-2] INFO  client.GrpcClientProtocolClient (GrpcClientProtocolClient.java:onNext(264)) - client-22ACCF61FDFE->9d8d98b0-9991-458a-859c-25f8efc1f325: receive RaftClientReply:client-22ACCF61FDFE->9d8d98b0-9991-458a-859c-25f8efc1f325@group-35A7B724CDC7, cid=16, FAILED org.apache.ratis.protocol.NotLeaderException: Server 9d8d98b0-9991-458a-859c-25f8efc1f325@group-35A7B724CDC7 is not the leader 5ecabd24-29f4-44ad-af86-ba12f6ac88ae:192.168.151.68:37146, logIndex=0, commits[9d8d98b0-9991-458a-859c-25f8efc1f325:c6, 0ad894eb-396d-46a7-a4d0-256210dc34c1:c4, 5ecabd24-29f4-44ad-af86-ba12f6ac88ae:c6]
2019-09-16 22:20:01,676 [java.util.concurrent.ThreadPoolExecutor$Worker@437726ad[State = -1, empty queue]] WARN  server.GrpcLogAppender (GrpcLogAppender.java:timeoutAppendRequest(200)) - 5ecabd24-29f4-44ad-af86-ba12f6ac88ae@group-35A7B724CDC7->0ad894eb-396d-46a7-a4d0-256210dc34c1-GrpcLogAppender: appendEntries Timeout, request=5ecabd24-29f4-44ad-af86-ba12f6ac88ae->0ad894eb-396d-46a7-a4d0-256210dc34c1#27-t1, previous=(t:1, i:11), leaderCommit=6, initializing? false, entries: <empty>
2019-09-16 22:20:01,676 [java.util.concurrent.ThreadPoolExecutor$Worker@3b767fb5[State = -1, empty queue]] WARN  server.GrpcLogAppender (GrpcLogAppender.java:timeoutAppendRequest(200)) - 5ecabd24-29f4-44ad-af86-ba12f6ac88ae@group-35A7B724CDC7->9d8d98b0-9991-458a-859c-25f8efc1f325-GrpcLogAppender: appendEntries Timeout, request=5ecabd24-29f4-44ad-af86-ba12f6ac88ae->9d8d98b0-9991-458a-859c-25f8efc1f325#27-t1, previous=(t:1, i:11), leaderCommit=6, initializing? false, entries: <empty>
2019-09-16 22:20:04,178 [java.util.concurrent.ThreadPoolExecutor$Worker@3b767fb5[State = -1, empty queue]] WARN  server.GrpcLogAppender (GrpcLogAppender.java:timeoutAppendRequest(200)) - 5ecabd24-29f4-44ad-af86-ba12f6ac88ae@group-35A7B724CDC7->9d8d98b0-9991-458a-859c-25f8efc1f325-GrpcLogAppender: appendEntries Timeout, request=5ecabd24-29f4-44ad-af86-ba12f6ac88ae->9d8d98b0-9991-458a-859c-25f8efc1f325#28-t1, previous=(t:1, i:11), leaderCommit=6, initializing? false, entries: <empty>
2019-09-16 22:20:04,178 [java.util.concurrent.ThreadPoolExecutor$Worker@437726ad[State = -1, empty queue]] WARN  server.GrpcLogAppender (GrpcLogAppender.java:timeoutAppendRequest(200)) - 5ecabd24-29f4-44ad-af86-ba12f6ac88ae@group-35A7B724CDC7->0ad894eb-396d-46a7-a4d0-256210dc34c1-GrpcLogAppender: appendEntries Timeout, request=5ecabd24-29f4-44ad-af86-ba12f6ac88ae->0ad894eb-396d-46a7-a4d0-256210dc34c1#28-t1, previous=(t:1, i:11), leaderCommit=6, initializing? false, entries: <empty>
2019-09-16 22:20:06,681 [java.util.concurrent.ThreadPoolExecutor$Worker@3b767fb5[State = -1, empty queue]] WARN  server.GrpcLogAppender (GrpcLogAppender.java:timeoutAppendRequest(200)) - 5ecabd24-29f4-44ad-af86-ba12f6ac88ae@group-35A7B724CDC7->9d8d98b0-9991-458a-859c-25f8efc1f325-GrpcLogAppender: appendEntries Timeout, request=5ecabd24-29f4-44ad-af86-ba12f6ac88ae->9d8d98b0-9991-458a-859c-25f8efc1f325#29-t1, previous=(t:1, i:11), leaderCommit=6, initializing? false, entries: <empty>
2019-09-16 22:20:06,681 [java.util.concurrent.ThreadPoolExecutor$Worker@437726ad[State = -1, empty queue]] WARN  server.GrpcLogAppender (GrpcLogAppender.java:timeoutAppendRequest(200)) - 5ecabd24-29f4-44ad-af86-ba12f6ac88ae@group-35A7B724CDC7->0ad894eb-396d-46a7-a4d0-256210dc34c1-GrpcLogAppender: appendEntries Timeout, request=5ecabd24-29f4-44ad-af86-ba12f6ac88ae->0ad894eb-396d-46a7-a4d0-256210dc34c1#29-t1, previous=(t:1, i:11), leaderCommit=6, initializing? false, entries: <empty>
2019-09-16 22:20:06,695 [grpc-default-executor-4] INFO  client.GrpcClientProtocolClient (GrpcClientProtocolClient.java:onNext(264)) - client-22ACCF61FDFE->0ad894eb-396d-46a7-a4d0-256210dc34c1: receive RaftClientReply:client-22ACCF61FDFE->0ad894eb-396d-46a7-a4d0-256210dc34c1@group-35A7B724CDC7, cid=16, FAILED org.apache.ratis.protocol.NotLeaderException: Server 0ad894eb-396d-46a7-a4d0-256210dc34c1@group-35A7B724CDC7 is not the leader 5ecabd24-29f4-44ad-af86-ba12f6ac88ae:192.168.151.68:37146, logIndex=0, commits[0ad894eb-396d-46a7-a4d0-256210dc34c1:c6, 9d8d98b0-9991-458a-859c-25f8efc1f325:c4, 5ecabd24-29f4-44ad-af86-ba12f6ac88ae:c6]
2019-09-16 22:20:09,180 [java.util.concurrent.ThreadPoolExecutor$Worker@3b767fb5[State = -1, empty queue]] WARN  server.GrpcLogAppender (GrpcLogAppender.java:timeoutAppendRequest(200)) - 5ecabd24-29f4-44ad-af86-ba12f6ac88ae@group-35A7B724CDC7->9d8d98b0-9991-458a-859c-25f8efc1f325-GrpcLogAppender: appendEntries Timeout, request=5ecabd24-29f4-44ad-af86-ba12f6ac88ae->9d8d98b0-9991-458a-859c-25f8efc1f325#30-t1, previous=(t:1, i:11), leaderCommit=6, initializing? false, entries: <empty>
2019-09-16 22:20:09,180 [java.util.concurrent.ThreadPoolExecutor$Worker@437726ad[State = -1, empty queue]] WARN  server.GrpcLogAppender (GrpcLogAppender.java:timeoutAppendRequest(200)) - 5ecabd24-29f4-44ad-af86-ba12f6ac88ae@group-35A7B724CDC7->0ad894eb-396d-46a7-a4d0-256210dc34c1-GrpcLogAppender: appendEntries Timeout, request=5ecabd24-29f4-44ad-af86-ba12f6ac88ae->0ad894eb-396d-46a7-a4d0-256210dc34c1#30-t1, previous=(t:1, i:11), leaderCommit=6, initializing? false, entries: <empty>
2019-09-16 22:20:11,308 [5ecabd24-29f4-44ad-af86-ba12f6ac88ae@group-35A7B724CDC7-SegmentedRaftLogWorker] WARN  segmented.SegmentedRaftLogWorker (SegmentedRaftLogWorker.java:getFromFuture(90)) - Timeout 4/~
org.apache.ratis.protocol.TimeoutIOException: Timeout 10s: WriteLog:8: (t:1, i:8), STATEMACHINELOGENTRY, client-22ACCF61FDFE, cid=17-writeStateMachineData
	at org.apache.ratis.util.IOUtils.getFromFuture(IOUtils.java:87)
	at org.apache.ratis.server.raftlog.segmented.SegmentedRaftLogWorker$StateMachineDataPolicy.getFromFuture(SegmentedRaftLogWorker.java:87)
	at org.apache.ratis.server.raftlog.segmented.SegmentedRaftLogWorker$WriteLog.execute(SegmentedRaftLogWorker.java:477)
	at org.apache.ratis.server.raftlog.segmented.SegmentedRaftLogWorker.run(SegmentedRaftLogWorker.java:289)
	at java.lang.Thread.run(Thread.java:748)
Caused by: java.util.concurrent.TimeoutException
	at java.util.concurrent.CompletableFuture.timedGet(CompletableFuture.java:1771)
	at java.util.concurrent.CompletableFuture.get(CompletableFuture.java:1915)
	at org.apache.ratis.util.IOUtils.getFromFuture(IOUtils.java:79)
	... 4 more
2019-09-16 22:20:11,308 [0ad894eb-396d-46a7-a4d0-256210dc34c1@group-35A7B724CDC7-SegmentedRaftLogWorker] WARN  segmented.SegmentedRaftLogWorker (SegmentedRaftLogWorker.java:getFromFuture(90)) - Timeout 4/~
org.apache.ratis.protocol.TimeoutIOException: Timeout 10s: WriteLog:8: (t:1, i:8), STATEMACHINELOGENTRY, client-22ACCF61FDFE, cid=17-writeStateMachineData
	at org.apache.ratis.util.IOUtils.getFromFuture(IOUtils.java:87)
	at org.apache.ratis.server.raftlog.segmented.SegmentedRaftLogWorker$StateMachineDataPolicy.getFromFuture(SegmentedRaftLogWorker.java:87)
	at org.apache.ratis.server.raftlog.segmented.SegmentedRaftLogWorker$WriteLog.execute(SegmentedRaftLogWorker.java:477)
	at org.apache.ratis.server.raftlog.segmented.SegmentedRaftLogWorker.run(SegmentedRaftLogWorker.java:289)
	at java.lang.Thread.run(Thread.java:748)
Caused by: java.util.concurrent.TimeoutException
	at java.util.concurrent.CompletableFuture.timedGet(CompletableFuture.java:1771)
	at java.util.concurrent.CompletableFuture.get(CompletableFuture.java:1915)
	at org.apache.ratis.util.IOUtils.getFromFuture(IOUtils.java:79)
	... 4 more
2019-09-16 22:20:11,309 [9d8d98b0-9991-458a-859c-25f8efc1f325@group-35A7B724CDC7-SegmentedRaftLogWorker] WARN  segmented.SegmentedRaftLogWorker (SegmentedRaftLogWorker.java:getFromFuture(90)) - Timeout 4/~
org.apache.ratis.protocol.TimeoutIOException: Timeout 10s: WriteLog:8: (t:1, i:8), STATEMACHINELOGENTRY, client-22ACCF61FDFE, cid=17-writeStateMachineData
	at org.apache.ratis.util.IOUtils.getFromFuture(IOUtils.java:87)
	at org.apache.ratis.server.raftlog.segmented.SegmentedRaftLogWorker$StateMachineDataPolicy.getFromFuture(SegmentedRaftLogWorker.java:87)
	at org.apache.ratis.server.raftlog.segmented.SegmentedRaftLogWorker$WriteLog.execute(SegmentedRaftLogWorker.java:477)
	at org.apache.ratis.server.raftlog.segmented.SegmentedRaftLogWorker.run(SegmentedRaftLogWorker.java:289)
	at java.lang.Thread.run(Thread.java:748)
Caused by: java.util.concurrent.TimeoutException
	at java.util.concurrent.CompletableFuture.timedGet(CompletableFuture.java:1771)
	at java.util.concurrent.CompletableFuture.get(CompletableFuture.java:1915)
	at org.apache.ratis.util.IOUtils.getFromFuture(IOUtils.java:79)
	... 4 more
2019-09-16 22:20:11,680 [java.util.concurrent.ThreadPoolExecutor$Worker@437726ad[State = -1, empty queue]] WARN  server.GrpcLogAppender (GrpcLogAppender.java:timeoutAppendRequest(200)) - 5ecabd24-29f4-44ad-af86-ba12f6ac88ae@group-35A7B724CDC7->0ad894eb-396d-46a7-a4d0-256210dc34c1-GrpcLogAppender: appendEntries Timeout, request=5ecabd24-29f4-44ad-af86-ba12f6ac88ae->0ad894eb-396d-46a7-a4d0-256210dc34c1#31-t1, previous=(t:1, i:11), leaderCommit=6, initializing? false, entries: <empty>
2019-09-16 22:20:11,680 [java.util.concurrent.ThreadPoolExecutor$Worker@3b767fb5[State = -1, empty queue]] WARN  server.GrpcLogAppender (GrpcLogAppender.java:timeoutAppendRequest(200)) - 5ecabd24-29f4-44ad-af86-ba12f6ac88ae@group-35A7B724CDC7->9d8d98b0-9991-458a-859c-25f8efc1f325-GrpcLogAppender: appendEntries Timeout, request=5ecabd24-29f4-44ad-af86-ba12f6ac88ae->9d8d98b0-9991-458a-859c-25f8efc1f325#31-t1, previous=(t:1, i:11), leaderCommit=6, initializing? false, entries: <empty>
2019-09-16 22:20:11,761 [grpc-default-executor-4] INFO  client.GrpcClientProtocolClient (GrpcClientProtocolClient.java:onNext(264)) - client-22ACCF61FDFE->9d8d98b0-9991-458a-859c-25f8efc1f325: receive RaftClientReply:client-22ACCF61FDFE->9d8d98b0-9991-458a-859c-25f8efc1f325@group-35A7B724CDC7, cid=16, FAILED org.apache.ratis.protocol.NotLeaderException: Server 9d8d98b0-9991-458a-859c-25f8efc1f325@group-35A7B724CDC7 is not the leader 5ecabd24-29f4-44ad-af86-ba12f6ac88ae:192.168.151.68:37146, logIndex=0, commits[9d8d98b0-9991-458a-859c-25f8efc1f325:c6, 0ad894eb-396d-46a7-a4d0-256210dc34c1:c4, 5ecabd24-29f4-44ad-af86-ba12f6ac88ae:c6]
2019-09-16 22:20:14,181 [java.util.concurrent.ThreadPoolExecutor$Worker@3b767fb5[State = -1, empty queue]] WARN  server.GrpcLogAppender (GrpcLogAppender.java:timeoutAppendRequest(200)) - 5ecabd24-29f4-44ad-af86-ba12f6ac88ae@group-35A7B724CDC7->9d8d98b0-9991-458a-859c-25f8efc1f325-GrpcLogAppender: appendEntries Timeout, request=5ecabd24-29f4-44ad-af86-ba12f6ac88ae->9d8d98b0-9991-458a-859c-25f8efc1f325#32-t1, previous=(t:1, i:11), leaderCommit=6, initializing? false, entries: <empty>
2019-09-16 22:20:14,181 [java.util.concurrent.ThreadPoolExecutor$Worker@437726ad[State = -1, empty queue]] WARN  server.GrpcLogAppender (GrpcLogAppender.java:timeoutAppendRequest(200)) - 5ecabd24-29f4-44ad-af86-ba12f6ac88ae@group-35A7B724CDC7->0ad894eb-396d-46a7-a4d0-256210dc34c1-GrpcLogAppender: appendEntries Timeout, request=5ecabd24-29f4-44ad-af86-ba12f6ac88ae->0ad894eb-396d-46a7-a4d0-256210dc34c1#32-t1, previous=(t:1, i:11), leaderCommit=6, initializing? false, entries: <empty>
2019-09-16 22:20:16,682 [java.util.concurrent.ThreadPoolExecutor$Worker@437726ad[State = -1, empty queue]] WARN  server.GrpcLogAppender (GrpcLogAppender.java:timeoutAppendRequest(200)) - 5ecabd24-29f4-44ad-af86-ba12f6ac88ae@group-35A7B724CDC7->0ad894eb-396d-46a7-a4d0-256210dc34c1-GrpcLogAppender: appendEntries Timeout, request=5ecabd24-29f4-44ad-af86-ba12f6ac88ae->0ad894eb-396d-46a7-a4d0-256210dc34c1#33-t1, previous=(t:1, i:11), leaderCommit=6, initializing? false, entries: <empty>
2019-09-16 22:20:16,682 [java.util.concurrent.ThreadPoolExecutor$Worker@3b767fb5[State = -1, empty queue]] WARN  server.GrpcLogAppender (GrpcLogAppender.java:timeoutAppendRequest(200)) - 5ecabd24-29f4-44ad-af86-ba12f6ac88ae@group-35A7B724CDC7->9d8d98b0-9991-458a-859c-25f8efc1f325-GrpcLogAppender: appendEntries Timeout, request=5ecabd24-29f4-44ad-af86-ba12f6ac88ae->9d8d98b0-9991-458a-859c-25f8efc1f325#33-t1, previous=(t:1, i:11), leaderCommit=6, initializing? false, entries: <empty>
2019-09-16 22:20:16,810 [grpc-default-executor-2] INFO  client.GrpcClientProtocolClient (GrpcClientProtocolClient.java:onNext(264)) - client-22ACCF61FDFE->0ad894eb-396d-46a7-a4d0-256210dc34c1: receive RaftClientReply:client-22ACCF61FDFE->0ad894eb-396d-46a7-a4d0-256210dc34c1@group-35A7B724CDC7, cid=16, FAILED org.apache.ratis.protocol.NotLeaderException: Server 0ad894eb-396d-46a7-a4d0-256210dc34c1@group-35A7B724CDC7 is not the leader 5ecabd24-29f4-44ad-af86-ba12f6ac88ae:192.168.151.68:37146, logIndex=0, commits[0ad894eb-396d-46a7-a4d0-256210dc34c1:c6, 9d8d98b0-9991-458a-859c-25f8efc1f325:c4, 5ecabd24-29f4-44ad-af86-ba12f6ac88ae:c6]
2019-09-16 22:20:19,183 [java.util.concurrent.ThreadPoolExecutor$Worker@437726ad[State = -1, empty queue]] WARN  server.GrpcLogAppender (GrpcLogAppender.java:timeoutAppendRequest(200)) - 5ecabd24-29f4-44ad-af86-ba12f6ac88ae@group-35A7B724CDC7->0ad894eb-396d-46a7-a4d0-256210dc34c1-GrpcLogAppender: appendEntries Timeout, request=5ecabd24-29f4-44ad-af86-ba12f6ac88ae->0ad894eb-396d-46a7-a4d0-256210dc34c1#34-t1, previous=(t:1, i:11), leaderCommit=6, initializing? false, entries: <empty>
2019-09-16 22:20:19,183 [java.util.concurrent.ThreadPoolExecutor$Worker@3b767fb5[State = -1, empty queue]] WARN  server.GrpcLogAppender (GrpcLogAppender.java:timeoutAppendRequest(200)) - 5ecabd24-29f4-44ad-af86-ba12f6ac88ae@group-35A7B724CDC7->9d8d98b0-9991-458a-859c-25f8efc1f325-GrpcLogAppender: appendEntries Timeout, request=5ecabd24-29f4-44ad-af86-ba12f6ac88ae->9d8d98b0-9991-458a-859c-25f8efc1f325#34-t1, previous=(t:1, i:11), leaderCommit=6, initializing? false, entries: <empty>
2019-09-16 22:20:21,309 [5ecabd24-29f4-44ad-af86-ba12f6ac88ae@group-35A7B724CDC7-SegmentedRaftLogWorker] WARN  segmented.SegmentedRaftLogWorker (SegmentedRaftLogWorker.java:getFromFuture(90)) - Timeout 5/~
org.apache.ratis.protocol.TimeoutIOException: Timeout 10s: WriteLog:8: (t:1, i:8), STATEMACHINELOGENTRY, client-22ACCF61FDFE, cid=17-writeStateMachineData
	at org.apache.ratis.util.IOUtils.getFromFuture(IOUtils.java:87)
	at org.apache.ratis.server.raftlog.segmented.SegmentedRaftLogWorker$StateMachineDataPolicy.getFromFuture(SegmentedRaftLogWorker.java:87)
	at org.apache.ratis.server.raftlog.segmented.SegmentedRaftLogWorker$WriteLog.execute(SegmentedRaftLogWorker.java:477)
	at org.apache.ratis.server.raftlog.segmented.SegmentedRaftLogWorker.run(SegmentedRaftLogWorker.java:289)
	at java.lang.Thread.run(Thread.java:748)
Caused by: java.util.concurrent.TimeoutException
	at java.util.concurrent.CompletableFuture.timedGet(CompletableFuture.java:1771)
	at java.util.concurrent.CompletableFuture.get(CompletableFuture.java:1915)
	at org.apache.ratis.util.IOUtils.getFromFuture(IOUtils.java:79)
	... 4 more
2019-09-16 22:20:21,309 [0ad894eb-396d-46a7-a4d0-256210dc34c1@group-35A7B724CDC7-SegmentedRaftLogWorker] WARN  segmented.SegmentedRaftLogWorker (SegmentedRaftLogWorker.java:getFromFuture(90)) - Timeout 5/~
org.apache.ratis.protocol.TimeoutIOException: Timeout 10s: WriteLog:8: (t:1, i:8), STATEMACHINELOGENTRY, client-22ACCF61FDFE, cid=17-writeStateMachineData
	at org.apache.ratis.util.IOUtils.getFromFuture(IOUtils.java:87)
	at org.apache.ratis.server.raftlog.segmented.SegmentedRaftLogWorker$StateMachineDataPolicy.getFromFuture(SegmentedRaftLogWorker.java:87)
	at org.apache.ratis.server.raftlog.segmented.SegmentedRaftLogWorker$WriteLog.execute(SegmentedRaftLogWorker.java:477)
	at org.apache.ratis.server.raftlog.segmented.SegmentedRaftLogWorker.run(SegmentedRaftLogWorker.java:289)
	at java.lang.Thread.run(Thread.java:748)
Caused by: java.util.concurrent.TimeoutException
	at java.util.concurrent.CompletableFuture.timedGet(CompletableFuture.java:1771)
	at java.util.concurrent.CompletableFuture.get(CompletableFuture.java:1915)
	at org.apache.ratis.util.IOUtils.getFromFuture(IOUtils.java:79)
	... 4 more
2019-09-16 22:20:21,310 [9d8d98b0-9991-458a-859c-25f8efc1f325@group-35A7B724CDC7-SegmentedRaftLogWorker] WARN  segmented.SegmentedRaftLogWorker (SegmentedRaftLogWorker.java:getFromFuture(90)) - Timeout 5/~
org.apache.ratis.protocol.TimeoutIOException: Timeout 10s: WriteLog:8: (t:1, i:8), STATEMACHINELOGENTRY, client-22ACCF61FDFE, cid=17-writeStateMachineData
	at org.apache.ratis.util.IOUtils.getFromFuture(IOUtils.java:87)
	at org.apache.ratis.server.raftlog.segmented.SegmentedRaftLogWorker$StateMachineDataPolicy.getFromFuture(SegmentedRaftLogWorker.java:87)
	at org.apache.ratis.server.raftlog.segmented.SegmentedRaftLogWorker$WriteLog.execute(SegmentedRaftLogWorker.java:477)
	at org.apache.ratis.server.raftlog.segmented.SegmentedRaftLogWorker.run(SegmentedRaftLogWorker.java:289)
	at java.lang.Thread.run(Thread.java:748)
Caused by: java.util.concurrent.TimeoutException
	at java.util.concurrent.CompletableFuture.timedGet(CompletableFuture.java:1771)
	at java.util.concurrent.CompletableFuture.get(CompletableFuture.java:1915)
	at org.apache.ratis.util.IOUtils.getFromFuture(IOUtils.java:79)
	... 4 more
2019-09-16 22:20:21,684 [java.util.concurrent.ThreadPoolExecutor$Worker@437726ad[State = -1, empty queue]] WARN  server.GrpcLogAppender (GrpcLogAppender.java:timeoutAppendRequest(200)) - 5ecabd24-29f4-44ad-af86-ba12f6ac88ae@group-35A7B724CDC7->0ad894eb-396d-46a7-a4d0-256210dc34c1-GrpcLogAppender: appendEntries Timeout, request=5ecabd24-29f4-44ad-af86-ba12f6ac88ae->0ad894eb-396d-46a7-a4d0-256210dc34c1#35-t1, previous=(t:1, i:11), leaderCommit=6, initializing? false, entries: <empty>
2019-09-16 22:20:21,684 [java.util.concurrent.ThreadPoolExecutor$Worker@3b767fb5[State = -1, empty queue]] WARN  server.GrpcLogAppender (GrpcLogAppender.java:timeoutAppendRequest(200)) - 5ecabd24-29f4-44ad-af86-ba12f6ac88ae@group-35A7B724CDC7->9d8d98b0-9991-458a-859c-25f8efc1f325-GrpcLogAppender: appendEntries Timeout, request=5ecabd24-29f4-44ad-af86-ba12f6ac88ae->9d8d98b0-9991-458a-859c-25f8efc1f325#35-t1, previous=(t:1, i:11), leaderCommit=6, initializing? false, entries: <empty>
2019-09-16 22:20:21,867 [grpc-default-executor-5] INFO  client.GrpcClientProtocolClient (GrpcClientProtocolClient.java:onNext(264)) - client-22ACCF61FDFE->9d8d98b0-9991-458a-859c-25f8efc1f325: receive RaftClientReply:client-22ACCF61FDFE->9d8d98b0-9991-458a-859c-25f8efc1f325@group-35A7B724CDC7, cid=16, FAILED org.apache.ratis.protocol.NotLeaderException: Server 9d8d98b0-9991-458a-859c-25f8efc1f325@group-35A7B724CDC7 is not the leader 5ecabd24-29f4-44ad-af86-ba12f6ac88ae:192.168.151.68:37146, logIndex=0, commits[9d8d98b0-9991-458a-859c-25f8efc1f325:c6, 0ad894eb-396d-46a7-a4d0-256210dc34c1:c4, 5ecabd24-29f4-44ad-af86-ba12f6ac88ae:c6]
2019-09-16 22:20:24,185 [java.util.concurrent.ThreadPoolExecutor$Worker@3b767fb5[State = -1, empty queue]] WARN  server.GrpcLogAppender (GrpcLogAppender.java:timeoutAppendRequest(200)) - 5ecabd24-29f4-44ad-af86-ba12f6ac88ae@group-35A7B724CDC7->9d8d98b0-9991-458a-859c-25f8efc1f325-GrpcLogAppender: appendEntries Timeout, request=5ecabd24-29f4-44ad-af86-ba12f6ac88ae->9d8d98b0-9991-458a-859c-25f8efc1f325#36-t1, previous=(t:1, i:11), leaderCommit=6, initializing? false, entries: <empty>
2019-09-16 22:20:24,185 [java.util.concurrent.ThreadPoolExecutor$Worker@437726ad[State = -1, empty queue]] WARN  server.GrpcLogAppender (GrpcLogAppender.java:timeoutAppendRequest(200)) - 5ecabd24-29f4-44ad-af86-ba12f6ac88ae@group-35A7B724CDC7->0ad894eb-396d-46a7-a4d0-256210dc34c1-GrpcLogAppender: appendEntries Timeout, request=5ecabd24-29f4-44ad-af86-ba12f6ac88ae->0ad894eb-396d-46a7-a4d0-256210dc34c1#36-t1, previous=(t:1, i:11), leaderCommit=6, initializing? false, entries: <empty>
2019-09-16 22:20:26,686 [java.util.concurrent.ThreadPoolExecutor$Worker@437726ad[State = -1, empty queue]] WARN  server.GrpcLogAppender (GrpcLogAppender.java:timeoutAppendRequest(200)) - 5ecabd24-29f4-44ad-af86-ba12f6ac88ae@group-35A7B724CDC7->0ad894eb-396d-46a7-a4d0-256210dc34c1-GrpcLogAppender: appendEntries Timeout, request=5ecabd24-29f4-44ad-af86-ba12f6ac88ae->0ad894eb-396d-46a7-a4d0-256210dc34c1#37-t1, previous=(t:1, i:11), leaderCommit=6, initializing? false, entries: <empty>
2019-09-16 22:20:26,686 [java.util.concurrent.ThreadPoolExecutor$Worker@3b767fb5[State = -1, empty queue]] WARN  server.GrpcLogAppender (GrpcLogAppender.java:timeoutAppendRequest(200)) - 5ecabd24-29f4-44ad-af86-ba12f6ac88ae@group-35A7B724CDC7->9d8d98b0-9991-458a-859c-25f8efc1f325-GrpcLogAppender: appendEntries Timeout, request=5ecabd24-29f4-44ad-af86-ba12f6ac88ae->9d8d98b0-9991-458a-859c-25f8efc1f325#37-t1, previous=(t:1, i:11), leaderCommit=6, initializing? false, entries: <empty>
2019-09-16 22:20:26,925 [grpc-default-executor-5] INFO  client.GrpcClientProtocolClient (GrpcClientProtocolClient.java:onNext(264)) - client-22ACCF61FDFE->9d8d98b0-9991-458a-859c-25f8efc1f325: receive RaftClientReply:client-22ACCF61FDFE->9d8d98b0-9991-458a-859c-25f8efc1f325@group-35A7B724CDC7, cid=16, FAILED org.apache.ratis.protocol.NotLeaderException: Server 9d8d98b0-9991-458a-859c-25f8efc1f325@group-35A7B724CDC7 is not the leader 5ecabd24-29f4-44ad-af86-ba12f6ac88ae:192.168.151.68:37146, logIndex=0, commits[9d8d98b0-9991-458a-859c-25f8efc1f325:c6, 0ad894eb-396d-46a7-a4d0-256210dc34c1:c4, 5ecabd24-29f4-44ad-af86-ba12f6ac88ae:c6]
2019-09-16 22:20:29,187 [java.util.concurrent.ThreadPoolExecutor$Worker@437726ad[State = -1, empty queue]] WARN  server.GrpcLogAppender (GrpcLogAppender.java:timeoutAppendRequest(200)) - 5ecabd24-29f4-44ad-af86-ba12f6ac88ae@group-35A7B724CDC7->0ad894eb-396d-46a7-a4d0-256210dc34c1-GrpcLogAppender: appendEntries Timeout, request=5ecabd24-29f4-44ad-af86-ba12f6ac88ae->0ad894eb-396d-46a7-a4d0-256210dc34c1#38-t1, previous=(t:1, i:11), leaderCommit=6, initializing? false, entries: <empty>
2019-09-16 22:20:29,187 [java.util.concurrent.ThreadPoolExecutor$Worker@3b767fb5[State = -1, empty queue]] WARN  server.GrpcLogAppender (GrpcLogAppender.java:timeoutAppendRequest(200)) - 5ecabd24-29f4-44ad-af86-ba12f6ac88ae@group-35A7B724CDC7->9d8d98b0-9991-458a-859c-25f8efc1f325-GrpcLogAppender: appendEntries Timeout, request=5ecabd24-29f4-44ad-af86-ba12f6ac88ae->9d8d98b0-9991-458a-859c-25f8efc1f325#38-t1, previous=(t:1, i:11), leaderCommit=6, initializing? false, entries: <empty>
2019-09-16 22:20:31,311 [5ecabd24-29f4-44ad-af86-ba12f6ac88ae@group-35A7B724CDC7-SegmentedRaftLogWorker] WARN  segmented.SegmentedRaftLogWorker (SegmentedRaftLogWorker.java:getFromFuture(90)) - Timeout 6/~
org.apache.ratis.protocol.TimeoutIOException: Timeout 10s: WriteLog:8: (t:1, i:8), STATEMACHINELOGENTRY, client-22ACCF61FDFE, cid=17-writeStateMachineData
	at org.apache.ratis.util.IOUtils.getFromFuture(IOUtils.java:87)
	at org.apache.ratis.server.raftlog.segmented.SegmentedRaftLogWorker$StateMachineDataPolicy.getFromFuture(SegmentedRaftLogWorker.java:87)
	at org.apache.ratis.server.raftlog.segmented.SegmentedRaftLogWorker$WriteLog.execute(SegmentedRaftLogWorker.java:477)
	at org.apache.ratis.server.raftlog.segmented.SegmentedRaftLogWorker.run(SegmentedRaftLogWorker.java:289)
	at java.lang.Thread.run(Thread.java:748)
Caused by: java.util.concurrent.TimeoutException
	at java.util.concurrent.CompletableFuture.timedGet(CompletableFuture.java:1771)
	at java.util.concurrent.CompletableFuture.get(CompletableFuture.java:1915)
	at org.apache.ratis.util.IOUtils.getFromFuture(IOUtils.java:79)
	... 4 more
2019-09-16 22:20:31,311 [0ad894eb-396d-46a7-a4d0-256210dc34c1@group-35A7B724CDC7-SegmentedRaftLogWorker] WARN  segmented.SegmentedRaftLogWorker (SegmentedRaftLogWorker.java:getFromFuture(90)) - Timeout 6/~
org.apache.ratis.protocol.TimeoutIOException: Timeout 10s: WriteLog:8: (t:1, i:8), STATEMACHINELOGENTRY, client-22ACCF61FDFE, cid=17-writeStateMachineData
	at org.apache.ratis.util.IOUtils.getFromFuture(IOUtils.java:87)
	at org.apache.ratis.server.raftlog.segmented.SegmentedRaftLogWorker$StateMachineDataPolicy.getFromFuture(SegmentedRaftLogWorker.java:87)
	at org.apache.ratis.server.raftlog.segmented.SegmentedRaftLogWorker$WriteLog.execute(SegmentedRaftLogWorker.java:477)
	at org.apache.ratis.server.raftlog.segmented.SegmentedRaftLogWorker.run(SegmentedRaftLogWorker.java:289)
	at java.lang.Thread.run(Thread.java:748)
Caused by: java.util.concurrent.TimeoutException
	at java.util.concurrent.CompletableFuture.timedGet(CompletableFuture.java:1771)
	at java.util.concurrent.CompletableFuture.get(CompletableFuture.java:1915)
	at org.apache.ratis.util.IOUtils.getFromFuture(IOUtils.java:79)
	... 4 more
2019-09-16 22:20:31,330 [9d8d98b0-9991-458a-859c-25f8efc1f325@group-35A7B724CDC7-SegmentedRaftLogWorker] WARN  segmented.SegmentedRaftLogWorker (SegmentedRaftLogWorker.java:getFromFuture(90)) - Timeout 6/~
org.apache.ratis.protocol.TimeoutIOException: Timeout 10s: WriteLog:8: (t:1, i:8), STATEMACHINELOGENTRY, client-22ACCF61FDFE, cid=17-writeStateMachineData
	at org.apache.ratis.util.IOUtils.getFromFuture(IOUtils.java:87)
	at org.apache.ratis.server.raftlog.segmented.SegmentedRaftLogWorker$StateMachineDataPolicy.getFromFuture(SegmentedRaftLogWorker.java:87)
	at org.apache.ratis.server.raftlog.segmented.SegmentedRaftLogWorker$WriteLog.execute(SegmentedRaftLogWorker.java:477)
	at org.apache.ratis.server.raftlog.segmented.SegmentedRaftLogWorker.run(SegmentedRaftLogWorker.java:289)
	at java.lang.Thread.run(Thread.java:748)
Caused by: java.util.concurrent.TimeoutException
	at java.util.concurrent.CompletableFuture.timedGet(CompletableFuture.java:1771)
	at java.util.concurrent.CompletableFuture.get(CompletableFuture.java:1915)
	at org.apache.ratis.util.IOUtils.getFromFuture(IOUtils.java:79)
	... 4 more
2019-09-16 22:20:31,688 [java.util.concurrent.ThreadPoolExecutor$Worker@3b767fb5[State = -1, empty queue]] WARN  server.GrpcLogAppender (GrpcLogAppender.java:timeoutAppendRequest(200)) - 5ecabd24-29f4-44ad-af86-ba12f6ac88ae@group-35A7B724CDC7->9d8d98b0-9991-458a-859c-25f8efc1f325-GrpcLogAppender: appendEntries Timeout, request=5ecabd24-29f4-44ad-af86-ba12f6ac88ae->9d8d98b0-9991-458a-859c-25f8efc1f325#39-t1, previous=(t:1, i:11), leaderCommit=6, initializing? false, entries: <empty>
2019-09-16 22:20:31,688 [java.util.concurrent.ThreadPoolExecutor$Worker@437726ad[State = -1, empty queue]] WARN  server.GrpcLogAppender (GrpcLogAppender.java:timeoutAppendRequest(200)) - 5ecabd24-29f4-44ad-af86-ba12f6ac88ae@group-35A7B724CDC7->0ad894eb-396d-46a7-a4d0-256210dc34c1-GrpcLogAppender: appendEntries Timeout, request=5ecabd24-29f4-44ad-af86-ba12f6ac88ae->0ad894eb-396d-46a7-a4d0-256210dc34c1#39-t1, previous=(t:1, i:11), leaderCommit=6, initializing? false, entries: <empty>
2019-09-16 22:20:32,001 [grpc-default-executor-5] INFO  client.GrpcClientProtocolClient (GrpcClientProtocolClient.java:onNext(264)) - client-22ACCF61FDFE->9d8d98b0-9991-458a-859c-25f8efc1f325: receive RaftClientReply:client-22ACCF61FDFE->9d8d98b0-9991-458a-859c-25f8efc1f325@group-35A7B724CDC7, cid=16, FAILED org.apache.ratis.protocol.NotLeaderException: Server 9d8d98b0-9991-458a-859c-25f8efc1f325@group-35A7B724CDC7 is not the leader 5ecabd24-29f4-44ad-af86-ba12f6ac88ae:192.168.151.68:37146, logIndex=0, commits[9d8d98b0-9991-458a-859c-25f8efc1f325:c6, 0ad894eb-396d-46a7-a4d0-256210dc34c1:c4, 5ecabd24-29f4-44ad-af86-ba12f6ac88ae:c6]
2019-09-16 22:20:34,189 [java.util.concurrent.ThreadPoolExecutor$Worker@3b767fb5[State = -1, empty queue]] WARN  server.GrpcLogAppender (GrpcLogAppender.java:timeoutAppendRequest(200)) - 5ecabd24-29f4-44ad-af86-ba12f6ac88ae@group-35A7B724CDC7->9d8d98b0-9991-458a-859c-25f8efc1f325-GrpcLogAppender: appendEntries Timeout, request=5ecabd24-29f4-44ad-af86-ba12f6ac88ae->9d8d98b0-9991-458a-859c-25f8efc1f325#40-t1, previous=(t:1, i:11), leaderCommit=6, initializing? false, entries: <empty>
2019-09-16 22:20:34,189 [java.util.concurrent.ThreadPoolExecutor$Worker@437726ad[State = -1, empty queue]] WARN  server.GrpcLogAppender (GrpcLogAppender.java:timeoutAppendRequest(200)) - 5ecabd24-29f4-44ad-af86-ba12f6ac88ae@group-35A7B724CDC7->0ad894eb-396d-46a7-a4d0-256210dc34c1-GrpcLogAppender: appendEntries Timeout, request=5ecabd24-29f4-44ad-af86-ba12f6ac88ae->0ad894eb-396d-46a7-a4d0-256210dc34c1#40-t1, previous=(t:1, i:11), leaderCommit=6, initializing? false, entries: <empty>
2019-09-16 22:20:36,691 [java.util.concurrent.ThreadPoolExecutor$Worker@437726ad[State = -1, empty queue]] WARN  server.GrpcLogAppender (GrpcLogAppender.java:timeoutAppendRequest(200)) - 5ecabd24-29f4-44ad-af86-ba12f6ac88ae@group-35A7B724CDC7->0ad894eb-396d-46a7-a4d0-256210dc34c1-GrpcLogAppender: appendEntries Timeout, request=5ecabd24-29f4-44ad-af86-ba12f6ac88ae->0ad894eb-396d-46a7-a4d0-256210dc34c1#41-t1, previous=(t:1, i:11), leaderCommit=6, initializing? false, entries: <empty>
2019-09-16 22:20:36,691 [java.util.concurrent.ThreadPoolExecutor$Worker@3b767fb5[State = -1, empty queue]] WARN  server.GrpcLogAppender (GrpcLogAppender.java:timeoutAppendRequest(200)) - 5ecabd24-29f4-44ad-af86-ba12f6ac88ae@group-35A7B724CDC7->9d8d98b0-9991-458a-859c-25f8efc1f325-GrpcLogAppender: appendEntries Timeout, request=5ecabd24-29f4-44ad-af86-ba12f6ac88ae->9d8d98b0-9991-458a-859c-25f8efc1f325#41-t1, previous=(t:1, i:11), leaderCommit=6, initializing? false, entries: <empty>
2019-09-16 22:20:37,088 [grpc-default-executor-5] INFO  client.GrpcClientProtocolClient (GrpcClientProtocolClient.java:onNext(264)) - client-22ACCF61FDFE->0ad894eb-396d-46a7-a4d0-256210dc34c1: receive RaftClientReply:client-22ACCF61FDFE->0ad894eb-396d-46a7-a4d0-256210dc34c1@group-35A7B724CDC7, cid=16, FAILED org.apache.ratis.protocol.NotLeaderException: Server 0ad894eb-396d-46a7-a4d0-256210dc34c1@group-35A7B724CDC7 is not the leader 5ecabd24-29f4-44ad-af86-ba12f6ac88ae:192.168.151.68:37146, logIndex=0, commits[0ad894eb-396d-46a7-a4d0-256210dc34c1:c6, 9d8d98b0-9991-458a-859c-25f8efc1f325:c4, 5ecabd24-29f4-44ad-af86-ba12f6ac88ae:c6]
2019-09-16 22:20:39,192 [java.util.concurrent.ThreadPoolExecutor$Worker@3b767fb5[State = -1, empty queue]] WARN  server.GrpcLogAppender (GrpcLogAppender.java:timeoutAppendRequest(200)) - 5ecabd24-29f4-44ad-af86-ba12f6ac88ae@group-35A7B724CDC7->9d8d98b0-9991-458a-859c-25f8efc1f325-GrpcLogAppender: appendEntries Timeout, request=5ecabd24-29f4-44ad-af86-ba12f6ac88ae->9d8d98b0-9991-458a-859c-25f8efc1f325#42-t1, previous=(t:1, i:11), leaderCommit=6, initializing? false, entries: <empty>
2019-09-16 22:20:39,192 [java.util.concurrent.ThreadPoolExecutor$Worker@437726ad[State = -1, empty queue]] WARN  server.GrpcLogAppender (GrpcLogAppender.java:timeoutAppendRequest(200)) - 5ecabd24-29f4-44ad-af86-ba12f6ac88ae@group-35A7B724CDC7->0ad894eb-396d-46a7-a4d0-256210dc34c1-GrpcLogAppender: appendEntries Timeout, request=5ecabd24-29f4-44ad-af86-ba12f6ac88ae->0ad894eb-396d-46a7-a4d0-256210dc34c1#42-t1, previous=(t:1, i:11), leaderCommit=6, initializing? false, entries: <empty>
2019-09-16 22:20:41,312 [5ecabd24-29f4-44ad-af86-ba12f6ac88ae@group-35A7B724CDC7-SegmentedRaftLogWorker] WARN  segmented.SegmentedRaftLogWorker (SegmentedRaftLogWorker.java:getFromFuture(90)) - Timeout 7/~
org.apache.ratis.protocol.TimeoutIOException: Timeout 10s: WriteLog:8: (t:1, i:8), STATEMACHINELOGENTRY, client-22ACCF61FDFE, cid=17-writeStateMachineData
	at org.apache.ratis.util.IOUtils.getFromFuture(IOUtils.java:87)
	at org.apache.ratis.server.raftlog.segmented.SegmentedRaftLogWorker$StateMachineDataPolicy.getFromFuture(SegmentedRaftLogWorker.java:87)
	at org.apache.ratis.server.raftlog.segmented.SegmentedRaftLogWorker$WriteLog.execute(SegmentedRaftLogWorker.java:477)
	at org.apache.ratis.server.raftlog.segmented.SegmentedRaftLogWorker.run(SegmentedRaftLogWorker.java:289)
	at java.lang.Thread.run(Thread.java:748)
Caused by: java.util.concurrent.TimeoutException
	at java.util.concurrent.CompletableFuture.timedGet(CompletableFuture.java:1771)
	at java.util.concurrent.CompletableFuture.get(CompletableFuture.java:1915)
	at org.apache.ratis.util.IOUtils.getFromFuture(IOUtils.java:79)
	... 4 more
2019-09-16 22:20:41,331 [0ad894eb-396d-46a7-a4d0-256210dc34c1@group-35A7B724CDC7-SegmentedRaftLogWorker] WARN  segmented.SegmentedRaftLogWorker (SegmentedRaftLogWorker.java:getFromFuture(90)) - Timeout 7/~
org.apache.ratis.protocol.TimeoutIOException: Timeout 10s: WriteLog:8: (t:1, i:8), STATEMACHINELOGENTRY, client-22ACCF61FDFE, cid=17-writeStateMachineData
	at org.apache.ratis.util.IOUtils.getFromFuture(IOUtils.java:87)
	at org.apache.ratis.server.raftlog.segmented.SegmentedRaftLogWorker$StateMachineDataPolicy.getFromFuture(SegmentedRaftLogWorker.java:87)
	at org.apache.ratis.server.raftlog.segmented.SegmentedRaftLogWorker$WriteLog.execute(SegmentedRaftLogWorker.java:477)
	at org.apache.ratis.server.raftlog.segmented.SegmentedRaftLogWorker.run(SegmentedRaftLogWorker.java:289)
	at java.lang.Thread.run(Thread.java:748)
Caused by: java.util.concurrent.TimeoutException
	at java.util.concurrent.CompletableFuture.timedGet(CompletableFuture.java:1771)
	at java.util.concurrent.CompletableFuture.get(CompletableFuture.java:1915)
	at org.apache.ratis.util.IOUtils.getFromFuture(IOUtils.java:79)
	... 4 more
2019-09-16 22:20:41,331 [9d8d98b0-9991-458a-859c-25f8efc1f325@group-35A7B724CDC7-SegmentedRaftLogWorker] WARN  segmented.SegmentedRaftLogWorker (SegmentedRaftLogWorker.java:getFromFuture(90)) - Timeout 7/~
org.apache.ratis.protocol.TimeoutIOException: Timeout 10s: WriteLog:8: (t:1, i:8), STATEMACHINELOGENTRY, client-22ACCF61FDFE, cid=17-writeStateMachineData
	at org.apache.ratis.util.IOUtils.getFromFuture(IOUtils.java:87)
	at org.apache.ratis.server.raftlog.segmented.SegmentedRaftLogWorker$StateMachineDataPolicy.getFromFuture(SegmentedRaftLogWorker.java:87)
	at org.apache.ratis.server.raftlog.segmented.SegmentedRaftLogWorker$WriteLog.execute(SegmentedRaftLogWorker.java:477)
	at org.apache.ratis.server.raftlog.segmented.SegmentedRaftLogWorker.run(SegmentedRaftLogWorker.java:289)
	at java.lang.Thread.run(Thread.java:748)
Caused by: java.util.concurrent.TimeoutException
	at java.util.concurrent.CompletableFuture.timedGet(CompletableFuture.java:1771)
	at java.util.concurrent.CompletableFuture.get(CompletableFuture.java:1915)
	at org.apache.ratis.util.IOUtils.getFromFuture(IOUtils.java:79)
	... 4 more
2019-09-16 22:20:41,692 [java.util.concurrent.ThreadPoolExecutor$Worker@3b767fb5[State = -1, empty queue]] WARN  server.GrpcLogAppender (GrpcLogAppender.java:timeoutAppendRequest(200)) - 5ecabd24-29f4-44ad-af86-ba12f6ac88ae@group-35A7B724CDC7->9d8d98b0-9991-458a-859c-25f8efc1f325-GrpcLogAppender: appendEntries Timeout, request=5ecabd24-29f4-44ad-af86-ba12f6ac88ae->9d8d98b0-9991-458a-859c-25f8efc1f325#43-t1, previous=(t:1, i:11), leaderCommit=6, initializing? false, entries: <empty>
2019-09-16 22:20:41,693 [java.util.concurrent.ThreadPoolExecutor$Worker@437726ad[State = -1, empty queue]] WARN  server.GrpcLogAppender (GrpcLogAppender.java:timeoutAppendRequest(200)) - 5ecabd24-29f4-44ad-af86-ba12f6ac88ae@group-35A7B724CDC7->0ad894eb-396d-46a7-a4d0-256210dc34c1-GrpcLogAppender: appendEntries Timeout, request=5ecabd24-29f4-44ad-af86-ba12f6ac88ae->0ad894eb-396d-46a7-a4d0-256210dc34c1#43-t1, previous=(t:1, i:11), leaderCommit=6, initializing? false, entries: <empty>
2019-09-16 22:20:42,143 [grpc-default-executor-5] INFO  client.GrpcClientProtocolClient (GrpcClientProtocolClient.java:onNext(264)) - client-22ACCF61FDFE->9d8d98b0-9991-458a-859c-25f8efc1f325: receive RaftClientReply:client-22ACCF61FDFE->9d8d98b0-9991-458a-859c-25f8efc1f325@group-35A7B724CDC7, cid=16, FAILED org.apache.ratis.protocol.NotLeaderException: Server 9d8d98b0-9991-458a-859c-25f8efc1f325@group-35A7B724CDC7 is not the leader 5ecabd24-29f4-44ad-af86-ba12f6ac88ae:192.168.151.68:37146, logIndex=0, commits[9d8d98b0-9991-458a-859c-25f8efc1f325:c6, 0ad894eb-396d-46a7-a4d0-256210dc34c1:c4, 5ecabd24-29f4-44ad-af86-ba12f6ac88ae:c6]
2019-09-16 22:20:44,193 [java.util.concurrent.ThreadPoolExecutor$Worker@437726ad[State = -1, empty queue]] WARN  server.GrpcLogAppender (GrpcLogAppender.java:timeoutAppendRequest(200)) - 5ecabd24-29f4-44ad-af86-ba12f6ac88ae@group-35A7B724CDC7->0ad894eb-396d-46a7-a4d0-256210dc34c1-GrpcLogAppender: appendEntries Timeout, request=5ecabd24-29f4-44ad-af86-ba12f6ac88ae->0ad894eb-396d-46a7-a4d0-256210dc34c1#44-t1, previous=(t:1, i:11), leaderCommit=6, initializing? false, entries: <empty>
2019-09-16 22:20:44,193 [java.util.concurrent.ThreadPoolExecutor$Worker@3b767fb5[State = -1, empty queue]] WARN  server.GrpcLogAppender (GrpcLogAppender.java:timeoutAppendRequest(200)) - 5ecabd24-29f4-44ad-af86-ba12f6ac88ae@group-35A7B724CDC7->9d8d98b0-9991-458a-859c-25f8efc1f325-GrpcLogAppender: appendEntries Timeout, request=5ecabd24-29f4-44ad-af86-ba12f6ac88ae->9d8d98b0-9991-458a-859c-25f8efc1f325#44-t1, previous=(t:1, i:11), leaderCommit=6, initializing? false, entries: <empty>
2019-09-16 22:20:46,693 [java.util.concurrent.ThreadPoolExecutor$Worker@3b767fb5[State = -1, empty queue]] WARN  server.GrpcLogAppender (GrpcLogAppender.java:timeoutAppendRequest(200)) - 5ecabd24-29f4-44ad-af86-ba12f6ac88ae@group-35A7B724CDC7->9d8d98b0-9991-458a-859c-25f8efc1f325-GrpcLogAppender: appendEntries Timeout, request=5ecabd24-29f4-44ad-af86-ba12f6ac88ae->9d8d98b0-9991-458a-859c-25f8efc1f325#45-t1, previous=(t:1, i:11), leaderCommit=6, initializing? false, entries: <empty>
2019-09-16 22:20:46,693 [java.util.concurrent.ThreadPoolExecutor$Worker@437726ad[State = -1, empty queue]] WARN  server.GrpcLogAppender (GrpcLogAppender.java:timeoutAppendRequest(200)) - 5ecabd24-29f4-44ad-af86-ba12f6ac88ae@group-35A7B724CDC7->0ad894eb-396d-46a7-a4d0-256210dc34c1-GrpcLogAppender: appendEntries Timeout, request=5ecabd24-29f4-44ad-af86-ba12f6ac88ae->0ad894eb-396d-46a7-a4d0-256210dc34c1#45-t1, previous=(t:1, i:11), leaderCommit=6, initializing? false, entries: <empty>
2019-09-16 22:20:47,196 [grpc-default-executor-4] INFO  client.GrpcClientProtocolClient (GrpcClientProtocolClient.java:onNext(264)) - client-22ACCF61FDFE->0ad894eb-396d-46a7-a4d0-256210dc34c1: receive RaftClientReply:client-22ACCF61FDFE->0ad894eb-396d-46a7-a4d0-256210dc34c1@group-35A7B724CDC7, cid=16, FAILED org.apache.ratis.protocol.NotLeaderException: Server 0ad894eb-396d-46a7-a4d0-256210dc34c1@group-35A7B724CDC7 is not the leader 5ecabd24-29f4-44ad-af86-ba12f6ac88ae:192.168.151.68:37146, logIndex=0, commits[0ad894eb-396d-46a7-a4d0-256210dc34c1:c6, 9d8d98b0-9991-458a-859c-25f8efc1f325:c4, 5ecabd24-29f4-44ad-af86-ba12f6ac88ae:c6]
2019-09-16 22:20:49,194 [java.util.concurrent.ThreadPoolExecutor$Worker@3b767fb5[State = -1, empty queue]] WARN  server.GrpcLogAppender (GrpcLogAppender.java:timeoutAppendRequest(200)) - 5ecabd24-29f4-44ad-af86-ba12f6ac88ae@group-35A7B724CDC7->9d8d98b0-9991-458a-859c-25f8efc1f325-GrpcLogAppender: appendEntries Timeout, request=5ecabd24-29f4-44ad-af86-ba12f6ac88ae->9d8d98b0-9991-458a-859c-25f8efc1f325#46-t1, previous=(t:1, i:11), leaderCommit=6, initializing? false, entries: <empty>
2019-09-16 22:20:49,194 [java.util.concurrent.ThreadPoolExecutor$Worker@437726ad[State = -1, empty queue]] WARN  server.GrpcLogAppender (GrpcLogAppender.java:timeoutAppendRequest(200)) - 5ecabd24-29f4-44ad-af86-ba12f6ac88ae@group-35A7B724CDC7->0ad894eb-396d-46a7-a4d0-256210dc34c1-GrpcLogAppender: appendEntries Timeout, request=5ecabd24-29f4-44ad-af86-ba12f6ac88ae->0ad894eb-396d-46a7-a4d0-256210dc34c1#46-t1, previous=(t:1, i:11), leaderCommit=6, initializing? false, entries: <empty>
2019-09-16 22:20:51,314 [5ecabd24-29f4-44ad-af86-ba12f6ac88ae@group-35A7B724CDC7-SegmentedRaftLogWorker] WARN  segmented.SegmentedRaftLogWorker (SegmentedRaftLogWorker.java:getFromFuture(90)) - Timeout 8/~
org.apache.ratis.protocol.TimeoutIOException: Timeout 10s: WriteLog:8: (t:1, i:8), STATEMACHINELOGENTRY, client-22ACCF61FDFE, cid=17-writeStateMachineData
	at org.apache.ratis.util.IOUtils.getFromFuture(IOUtils.java:87)
	at org.apache.ratis.server.raftlog.segmented.SegmentedRaftLogWorker$StateMachineDataPolicy.getFromFuture(SegmentedRaftLogWorker.java:87)
	at org.apache.ratis.server.raftlog.segmented.SegmentedRaftLogWorker$WriteLog.execute(SegmentedRaftLogWorker.java:477)
	at org.apache.ratis.server.raftlog.segmented.SegmentedRaftLogWorker.run(SegmentedRaftLogWorker.java:289)
	at java.lang.Thread.run(Thread.java:748)
Caused by: java.util.concurrent.TimeoutException
	at java.util.concurrent.CompletableFuture.timedGet(CompletableFuture.java:1771)
	at java.util.concurrent.CompletableFuture.get(CompletableFuture.java:1915)
	at org.apache.ratis.util.IOUtils.getFromFuture(IOUtils.java:79)
	... 4 more
2019-09-16 22:20:51,332 [0ad894eb-396d-46a7-a4d0-256210dc34c1@group-35A7B724CDC7-SegmentedRaftLogWorker] WARN  segmented.SegmentedRaftLogWorker (SegmentedRaftLogWorker.java:getFromFuture(90)) - Timeout 8/~
org.apache.ratis.protocol.TimeoutIOException: Timeout 10s: WriteLog:8: (t:1, i:8), STATEMACHINELOGENTRY, client-22ACCF61FDFE, cid=17-writeStateMachineData
	at org.apache.ratis.util.IOUtils.getFromFuture(IOUtils.java:87)
	at org.apache.ratis.server.raftlog.segmented.SegmentedRaftLogWorker$StateMachineDataPolicy.getFromFuture(SegmentedRaftLogWorker.java:87)
	at org.apache.ratis.server.raftlog.segmented.SegmentedRaftLogWorker$WriteLog.execute(SegmentedRaftLogWorker.java:477)
	at org.apache.ratis.server.raftlog.segmented.SegmentedRaftLogWorker.run(SegmentedRaftLogWorker.java:289)
	at java.lang.Thread.run(Thread.java:748)
Caused by: java.util.concurrent.TimeoutException
	at java.util.concurrent.CompletableFuture.timedGet(CompletableFuture.java:1771)
	at java.util.concurrent.CompletableFuture.get(CompletableFuture.java:1915)
	at org.apache.ratis.util.IOUtils.getFromFuture(IOUtils.java:79)
	... 4 more
2019-09-16 22:20:51,332 [9d8d98b0-9991-458a-859c-25f8efc1f325@group-35A7B724CDC7-SegmentedRaftLogWorker] WARN  segmented.SegmentedRaftLogWorker (SegmentedRaftLogWorker.java:getFromFuture(90)) - Timeout 8/~
org.apache.ratis.protocol.TimeoutIOException: Timeout 10s: WriteLog:8: (t:1, i:8), STATEMACHINELOGENTRY, client-22ACCF61FDFE, cid=17-writeStateMachineData
	at org.apache.ratis.util.IOUtils.getFromFuture(IOUtils.java:87)
	at org.apache.ratis.server.raftlog.segmented.SegmentedRaftLogWorker$StateMachineDataPolicy.getFromFuture(SegmentedRaftLogWorker.java:87)
	at org.apache.ratis.server.raftlog.segmented.SegmentedRaftLogWorker$WriteLog.execute(SegmentedRaftLogWorker.java:477)
	at org.apache.ratis.server.raftlog.segmented.SegmentedRaftLogWorker.run(SegmentedRaftLogWorker.java:289)
	at java.lang.Thread.run(Thread.java:748)
Caused by: java.util.concurrent.TimeoutException
	at java.util.concurrent.CompletableFuture.timedGet(CompletableFuture.java:1771)
	at java.util.concurrent.CompletableFuture.get(CompletableFuture.java:1915)
	at org.apache.ratis.util.IOUtils.getFromFuture(IOUtils.java:79)
	... 4 more
2019-09-16 22:20:51,695 [java.util.concurrent.ThreadPoolExecutor$Worker@3b767fb5[State = -1, empty queue]] WARN  server.GrpcLogAppender (GrpcLogAppender.java:timeoutAppendRequest(200)) - 5ecabd24-29f4-44ad-af86-ba12f6ac88ae@group-35A7B724CDC7->9d8d98b0-9991-458a-859c-25f8efc1f325-GrpcLogAppender: appendEntries Timeout, request=5ecabd24-29f4-44ad-af86-ba12f6ac88ae->9d8d98b0-9991-458a-859c-25f8efc1f325#47-t1, previous=(t:1, i:11), leaderCommit=6, initializing? false, entries: <empty>
2019-09-16 22:20:51,695 [java.util.concurrent.ThreadPoolExecutor$Worker@437726ad[State = -1, empty queue]] WARN  server.GrpcLogAppender (GrpcLogAppender.java:timeoutAppendRequest(200)) - 5ecabd24-29f4-44ad-af86-ba12f6ac88ae@group-35A7B724CDC7->0ad894eb-396d-46a7-a4d0-256210dc34c1-GrpcLogAppender: appendEntries Timeout, request=5ecabd24-29f4-44ad-af86-ba12f6ac88ae->0ad894eb-396d-46a7-a4d0-256210dc34c1#47-t1, previous=(t:1, i:11), leaderCommit=6, initializing? false, entries: <empty>
2019-09-16 22:20:52,274 [grpc-default-executor-4] INFO  client.GrpcClientProtocolClient (GrpcClientProtocolClient.java:onNext(264)) - client-22ACCF61FDFE->0ad894eb-396d-46a7-a4d0-256210dc34c1: receive RaftClientReply:client-22ACCF61FDFE->0ad894eb-396d-46a7-a4d0-256210dc34c1@group-35A7B724CDC7, cid=16, FAILED org.apache.ratis.protocol.NotLeaderException: Server 0ad894eb-396d-46a7-a4d0-256210dc34c1@group-35A7B724CDC7 is not the leader 5ecabd24-29f4-44ad-af86-ba12f6ac88ae:192.168.151.68:37146, logIndex=0, commits[0ad894eb-396d-46a7-a4d0-256210dc34c1:c6, 9d8d98b0-9991-458a-859c-25f8efc1f325:c4, 5ecabd24-29f4-44ad-af86-ba12f6ac88ae:c6]
2019-09-16 22:20:54,196 [java.util.concurrent.ThreadPoolExecutor$Worker@3b767fb5[State = -1, empty queue]] WARN  server.GrpcLogAppender (GrpcLogAppender.java:timeoutAppendRequest(200)) - 5ecabd24-29f4-44ad-af86-ba12f6ac88ae@group-35A7B724CDC7->9d8d98b0-9991-458a-859c-25f8efc1f325-GrpcLogAppender: appendEntries Timeout, request=5ecabd24-29f4-44ad-af86-ba12f6ac88ae->9d8d98b0-9991-458a-859c-25f8efc1f325#48-t1, previous=(t:1, i:11), leaderCommit=6, initializing? false, entries: <empty>
2019-09-16 22:20:54,196 [java.util.concurrent.ThreadPoolExecutor$Worker@437726ad[State = -1, empty queue]] WARN  server.GrpcLogAppender (GrpcLogAppender.java:timeoutAppendRequest(200)) - 5ecabd24-29f4-44ad-af86-ba12f6ac88ae@group-35A7B724CDC7->0ad894eb-396d-46a7-a4d0-256210dc34c1-GrpcLogAppender: appendEntries Timeout, request=5ecabd24-29f4-44ad-af86-ba12f6ac88ae->0ad894eb-396d-46a7-a4d0-256210dc34c1#48-t1, previous=(t:1, i:11), leaderCommit=6, initializing? false, entries: <empty>
2019-09-16 22:20:56,696 [java.util.concurrent.ThreadPoolExecutor$Worker@3b767fb5[State = -1, empty queue]] WARN  server.GrpcLogAppender (GrpcLogAppender.java:timeoutAppendRequest(200)) - 5ecabd24-29f4-44ad-af86-ba12f6ac88ae@group-35A7B724CDC7->9d8d98b0-9991-458a-859c-25f8efc1f325-GrpcLogAppender: appendEntries Timeout, request=5ecabd24-29f4-44ad-af86-ba12f6ac88ae->9d8d98b0-9991-458a-859c-25f8efc1f325#49-t1, previous=(t:1, i:11), leaderCommit=6, initializing? false, entries: <empty>
2019-09-16 22:20:56,697 [java.util.concurrent.ThreadPoolExecutor$Worker@437726ad[State = -1, empty queue]] WARN  server.GrpcLogAppender (GrpcLogAppender.java:timeoutAppendRequest(200)) - 5ecabd24-29f4-44ad-af86-ba12f6ac88ae@group-35A7B724CDC7->0ad894eb-396d-46a7-a4d0-256210dc34c1-GrpcLogAppender: appendEntries Timeout, request=5ecabd24-29f4-44ad-af86-ba12f6ac88ae->0ad894eb-396d-46a7-a4d0-256210dc34c1#49-t1, previous=(t:1, i:11), leaderCommit=6, initializing? false, entries: <empty>
2019-09-16 22:20:57,324 [grpc-default-executor-5] INFO  client.GrpcClientProtocolClient (GrpcClientProtocolClient.java:onNext(264)) - client-22ACCF61FDFE->0ad894eb-396d-46a7-a4d0-256210dc34c1: receive RaftClientReply:client-22ACCF61FDFE->0ad894eb-396d-46a7-a4d0-256210dc34c1@group-35A7B724CDC7, cid=16, FAILED org.apache.ratis.protocol.NotLeaderException: Server 0ad894eb-396d-46a7-a4d0-256210dc34c1@group-35A7B724CDC7 is not the leader 5ecabd24-29f4-44ad-af86-ba12f6ac88ae:192.168.151.68:37146, logIndex=0, commits[0ad894eb-396d-46a7-a4d0-256210dc34c1:c6, 9d8d98b0-9991-458a-859c-25f8efc1f325:c4, 5ecabd24-29f4-44ad-af86-ba12f6ac88ae:c6]
2019-09-16 22:20:59,197 [java.util.concurrent.ThreadPoolExecutor$Worker@3b767fb5[State = -1, empty queue]] WARN  server.GrpcLogAppender (GrpcLogAppender.java:timeoutAppendRequest(200)) - 5ecabd24-29f4-44ad-af86-ba12f6ac88ae@group-35A7B724CDC7->9d8d98b0-9991-458a-859c-25f8efc1f325-GrpcLogAppender: appendEntries Timeout, request=5ecabd24-29f4-44ad-af86-ba12f6ac88ae->9d8d98b0-9991-458a-859c-25f8efc1f325#50-t1, previous=(t:1, i:11), leaderCommit=6, initializing? false, entries: <empty>
2019-09-16 22:20:59,197 [java.util.concurrent.ThreadPoolExecutor$Worker@437726ad[State = -1, empty queue]] WARN  server.GrpcLogAppender (GrpcLogAppender.java:timeoutAppendRequest(200)) - 5ecabd24-29f4-44ad-af86-ba12f6ac88ae@group-35A7B724CDC7->0ad894eb-396d-46a7-a4d0-256210dc34c1-GrpcLogAppender: appendEntries Timeout, request=5ecabd24-29f4-44ad-af86-ba12f6ac88ae->0ad894eb-396d-46a7-a4d0-256210dc34c1#50-t1, previous=(t:1, i:11), leaderCommit=6, initializing? false, entries: <empty>
2019-09-16 22:21:01,315 [5ecabd24-29f4-44ad-af86-ba12f6ac88ae@group-35A7B724CDC7-SegmentedRaftLogWorker] WARN  segmented.SegmentedRaftLogWorker (SegmentedRaftLogWorker.java:getFromFuture(90)) - Timeout 9/~
org.apache.ratis.protocol.TimeoutIOException: Timeout 10s: WriteLog:8: (t:1, i:8), STATEMACHINELOGENTRY, client-22ACCF61FDFE, cid=17-writeStateMachineData
	at org.apache.ratis.util.IOUtils.getFromFuture(IOUtils.java:87)
	at org.apache.ratis.server.raftlog.segmented.SegmentedRaftLogWorker$StateMachineDataPolicy.getFromFuture(SegmentedRaftLogWorker.java:87)
	at org.apache.ratis.server.raftlog.segmented.SegmentedRaftLogWorker$WriteLog.execute(SegmentedRaftLogWorker.java:477)
	at org.apache.ratis.server.raftlog.segmented.SegmentedRaftLogWorker.run(SegmentedRaftLogWorker.java:289)
	at java.lang.Thread.run(Thread.java:748)
Caused by: java.util.concurrent.TimeoutException
	at java.util.concurrent.CompletableFuture.timedGet(CompletableFuture.java:1771)
	at java.util.concurrent.CompletableFuture.get(CompletableFuture.java:1915)
	at org.apache.ratis.util.IOUtils.getFromFuture(IOUtils.java:79)
	... 4 more
2019-09-16 22:21:01,332 [0ad894eb-396d-46a7-a4d0-256210dc34c1@group-35A7B724CDC7-SegmentedRaftLogWorker] WARN  segmented.SegmentedRaftLogWorker (SegmentedRaftLogWorker.java:getFromFuture(90)) - Timeout 9/~
org.apache.ratis.protocol.TimeoutIOException: Timeout 10s: WriteLog:8: (t:1, i:8), STATEMACHINELOGENTRY, client-22ACCF61FDFE, cid=17-writeStateMachineData
	at org.apache.ratis.util.IOUtils.getFromFuture(IOUtils.java:87)
	at org.apache.ratis.server.raftlog.segmented.SegmentedRaftLogWorker$StateMachineDataPolicy.getFromFuture(SegmentedRaftLogWorker.java:87)
	at org.apache.ratis.server.raftlog.segmented.SegmentedRaftLogWorker$WriteLog.execute(SegmentedRaftLogWorker.java:477)
	at org.apache.ratis.server.raftlog.segmented.SegmentedRaftLogWorker.run(SegmentedRaftLogWorker.java:289)
	at java.lang.Thread.run(Thread.java:748)
Caused by: java.util.concurrent.TimeoutException
	at java.util.concurrent.CompletableFuture.timedGet(CompletableFuture.java:1771)
	at java.util.concurrent.CompletableFuture.get(CompletableFuture.java:1915)
	at org.apache.ratis.util.IOUtils.getFromFuture(IOUtils.java:79)
	... 4 more
2019-09-16 22:21:01,333 [9d8d98b0-9991-458a-859c-25f8efc1f325@group-35A7B724CDC7-SegmentedRaftLogWorker] WARN  segmented.SegmentedRaftLogWorker (SegmentedRaftLogWorker.java:getFromFuture(90)) - Timeout 9/~
org.apache.ratis.protocol.TimeoutIOException: Timeout 10s: WriteLog:8: (t:1, i:8), STATEMACHINELOGENTRY, client-22ACCF61FDFE, cid=17-writeStateMachineData
	at org.apache.ratis.util.IOUtils.getFromFuture(IOUtils.java:87)
	at org.apache.ratis.server.raftlog.segmented.SegmentedRaftLogWorker$StateMachineDataPolicy.getFromFuture(SegmentedRaftLogWorker.java:87)
	at org.apache.ratis.server.raftlog.segmented.SegmentedRaftLogWorker$WriteLog.execute(SegmentedRaftLogWorker.java:477)
	at org.apache.ratis.server.raftlog.segmented.SegmentedRaftLogWorker.run(SegmentedRaftLogWorker.java:289)
	at java.lang.Thread.run(Thread.java:748)
Caused by: java.util.concurrent.TimeoutException
	at java.util.concurrent.CompletableFuture.timedGet(CompletableFuture.java:1771)
	at java.util.concurrent.CompletableFuture.get(CompletableFuture.java:1915)
	at org.apache.ratis.util.IOUtils.getFromFuture(IOUtils.java:79)
	... 4 more
2019-09-16 22:21:01,698 [java.util.concurrent.ThreadPoolExecutor$Worker@437726ad[State = -1, empty queue]] WARN  server.GrpcLogAppender (GrpcLogAppender.java:timeoutAppendRequest(200)) - 5ecabd24-29f4-44ad-af86-ba12f6ac88ae@group-35A7B724CDC7->0ad894eb-396d-46a7-a4d0-256210dc34c1-GrpcLogAppender: appendEntries Timeout, request=5ecabd24-29f4-44ad-af86-ba12f6ac88ae->0ad894eb-396d-46a7-a4d0-256210dc34c1#51-t1, previous=(t:1, i:11), leaderCommit=6, initializing? false, entries: <empty>
2019-09-16 22:21:01,698 [java.util.concurrent.ThreadPoolExecutor$Worker@3b767fb5[State = -1, empty queue]] WARN  server.GrpcLogAppender (GrpcLogAppender.java:timeoutAppendRequest(200)) - 5ecabd24-29f4-44ad-af86-ba12f6ac88ae@group-35A7B724CDC7->9d8d98b0-9991-458a-859c-25f8efc1f325-GrpcLogAppender: appendEntries Timeout, request=5ecabd24-29f4-44ad-af86-ba12f6ac88ae->9d8d98b0-9991-458a-859c-25f8efc1f325#51-t1, previous=(t:1, i:11), leaderCommit=6, initializing? false, entries: <empty>
2019-09-16 22:21:02,382 [grpc-default-executor-4] INFO  client.GrpcClientProtocolClient (GrpcClientProtocolClient.java:onNext(264)) - client-22ACCF61FDFE->9d8d98b0-9991-458a-859c-25f8efc1f325: receive RaftClientReply:client-22ACCF61FDFE->9d8d98b0-9991-458a-859c-25f8efc1f325@group-35A7B724CDC7, cid=16, FAILED org.apache.ratis.protocol.NotLeaderException: Server 9d8d98b0-9991-458a-859c-25f8efc1f325@group-35A7B724CDC7 is not the leader 5ecabd24-29f4-44ad-af86-ba12f6ac88ae:192.168.151.68:37146, logIndex=0, commits[9d8d98b0-9991-458a-859c-25f8efc1f325:c6, 0ad894eb-396d-46a7-a4d0-256210dc34c1:c4, 5ecabd24-29f4-44ad-af86-ba12f6ac88ae:c6]
2019-09-16 22:21:04,198 [java.util.concurrent.ThreadPoolExecutor$Worker@437726ad[State = -1, empty queue]] WARN  server.GrpcLogAppender (GrpcLogAppender.java:timeoutAppendRequest(200)) - 5ecabd24-29f4-44ad-af86-ba12f6ac88ae@group-35A7B724CDC7->0ad894eb-396d-46a7-a4d0-256210dc34c1-GrpcLogAppender: appendEntries Timeout, request=5ecabd24-29f4-44ad-af86-ba12f6ac88ae->0ad894eb-396d-46a7-a4d0-256210dc34c1#52-t1, previous=(t:1, i:11), leaderCommit=6, initializing? false, entries: <empty>
2019-09-16 22:21:04,198 [java.util.concurrent.ThreadPoolExecutor$Worker@3b767fb5[State = -1, empty queue]] WARN  server.GrpcLogAppender (GrpcLogAppender.java:timeoutAppendRequest(200)) - 5ecabd24-29f4-44ad-af86-ba12f6ac88ae@group-35A7B724CDC7->9d8d98b0-9991-458a-859c-25f8efc1f325-GrpcLogAppender: appendEntries Timeout, request=5ecabd24-29f4-44ad-af86-ba12f6ac88ae->9d8d98b0-9991-458a-859c-25f8efc1f325#52-t1, previous=(t:1, i:11), leaderCommit=6, initializing? false, entries: <empty>
2019-09-16 22:21:06,699 [java.util.concurrent.ThreadPoolExecutor$Worker@437726ad[State = -1, empty queue]] WARN  server.GrpcLogAppender (GrpcLogAppender.java:timeoutAppendRequest(200)) - 5ecabd24-29f4-44ad-af86-ba12f6ac88ae@group-35A7B724CDC7->0ad894eb-396d-46a7-a4d0-256210dc34c1-GrpcLogAppender: appendEntries Timeout, request=5ecabd24-29f4-44ad-af86-ba12f6ac88ae->0ad894eb-396d-46a7-a4d0-256210dc34c1#53-t1, previous=(t:1, i:11), leaderCommit=6, initializing? false, entries: <empty>
2019-09-16 22:21:06,699 [java.util.concurrent.ThreadPoolExecutor$Worker@3b767fb5[State = -1, empty queue]] WARN  server.GrpcLogAppender (GrpcLogAppender.java:timeoutAppendRequest(200)) - 5ecabd24-29f4-44ad-af86-ba12f6ac88ae@group-35A7B724CDC7->9d8d98b0-9991-458a-859c-25f8efc1f325-GrpcLogAppender: appendEntries Timeout, request=5ecabd24-29f4-44ad-af86-ba12f6ac88ae->9d8d98b0-9991-458a-859c-25f8efc1f325#53-t1, previous=(t:1, i:11), leaderCommit=6, initializing? false, entries: <empty>
2019-09-16 22:21:07,434 [grpc-default-executor-4] INFO  client.GrpcClientProtocolClient (GrpcClientProtocolClient.java:onNext(264)) - client-22ACCF61FDFE->9d8d98b0-9991-458a-859c-25f8efc1f325: receive RaftClientReply:client-22ACCF61FDFE->9d8d98b0-9991-458a-859c-25f8efc1f325@group-35A7B724CDC7, cid=16, FAILED org.apache.ratis.protocol.NotLeaderException: Server 9d8d98b0-9991-458a-859c-25f8efc1f325@group-35A7B724CDC7 is not the leader 5ecabd24-29f4-44ad-af86-ba12f6ac88ae:192.168.151.68:37146, logIndex=0, commits[9d8d98b0-9991-458a-859c-25f8efc1f325:c6, 0ad894eb-396d-46a7-a4d0-256210dc34c1:c4, 5ecabd24-29f4-44ad-af86-ba12f6ac88ae:c6]
2019-09-16 22:21:09,200 [java.util.concurrent.ThreadPoolExecutor$Worker@437726ad[State = -1, empty queue]] WARN  server.GrpcLogAppender (GrpcLogAppender.java:timeoutAppendRequest(200)) - 5ecabd24-29f4-44ad-af86-ba12f6ac88ae@group-35A7B724CDC7->0ad894eb-396d-46a7-a4d0-256210dc34c1-GrpcLogAppender: appendEntries Timeout, request=5ecabd24-29f4-44ad-af86-ba12f6ac88ae->0ad894eb-396d-46a7-a4d0-256210dc34c1#54-t1, previous=(t:1, i:11), leaderCommit=6, initializing? false, entries: <empty>
2019-09-16 22:21:09,200 [java.util.concurrent.ThreadPoolExecutor$Worker@3b767fb5[State = -1, empty queue]] WARN  server.GrpcLogAppender (GrpcLogAppender.java:timeoutAppendRequest(200)) - 5ecabd24-29f4-44ad-af86-ba12f6ac88ae@group-35A7B724CDC7->9d8d98b0-9991-458a-859c-25f8efc1f325-GrpcLogAppender: appendEntries Timeout, request=5ecabd24-29f4-44ad-af86-ba12f6ac88ae->9d8d98b0-9991-458a-859c-25f8efc1f325#54-t1, previous=(t:1, i:11), leaderCommit=6, initializing? false, entries: <empty>
2019-09-16 22:21:11,316 [5ecabd24-29f4-44ad-af86-ba12f6ac88ae@group-35A7B724CDC7-SegmentedRaftLogWorker] WARN  segmented.SegmentedRaftLogWorker (SegmentedRaftLogWorker.java:getFromFuture(90)) - Timeout 10/~
org.apache.ratis.protocol.TimeoutIOException: Timeout 10s: WriteLog:8: (t:1, i:8), STATEMACHINELOGENTRY, client-22ACCF61FDFE, cid=17-writeStateMachineData
	at org.apache.ratis.util.IOUtils.getFromFuture(IOUtils.java:87)
	at org.apache.ratis.server.raftlog.segmented.SegmentedRaftLogWorker$StateMachineDataPolicy.getFromFuture(SegmentedRaftLogWorker.java:87)
	at org.apache.ratis.server.raftlog.segmented.SegmentedRaftLogWorker$WriteLog.execute(SegmentedRaftLogWorker.java:477)
	at org.apache.ratis.server.raftlog.segmented.SegmentedRaftLogWorker.run(SegmentedRaftLogWorker.java:289)
	at java.lang.Thread.run(Thread.java:748)
Caused by: java.util.concurrent.TimeoutException
	at java.util.concurrent.CompletableFuture.timedGet(CompletableFuture.java:1771)
	at java.util.concurrent.CompletableFuture.get(CompletableFuture.java:1915)
	at org.apache.ratis.util.IOUtils.getFromFuture(IOUtils.java:79)
	... 4 more
2019-09-16 22:21:11,333 [0ad894eb-396d-46a7-a4d0-256210dc34c1@group-35A7B724CDC7-SegmentedRaftLogWorker] WARN  segmented.SegmentedRaftLogWorker (SegmentedRaftLogWorker.java:getFromFuture(90)) - Timeout 10/~
org.apache.ratis.protocol.TimeoutIOException: Timeout 10s: WriteLog:8: (t:1, i:8), STATEMACHINELOGENTRY, client-22ACCF61FDFE, cid=17-writeStateMachineData
	at org.apache.ratis.util.IOUtils.getFromFuture(IOUtils.java:87)
	at org.apache.ratis.server.raftlog.segmented.SegmentedRaftLogWorker$StateMachineDataPolicy.getFromFuture(SegmentedRaftLogWorker.java:87)
	at org.apache.ratis.server.raftlog.segmented.SegmentedRaftLogWorker$WriteLog.execute(SegmentedRaftLogWorker.java:477)
	at org.apache.ratis.server.raftlog.segmented.SegmentedRaftLogWorker.run(SegmentedRaftLogWorker.java:289)
	at java.lang.Thread.run(Thread.java:748)
Caused by: java.util.concurrent.TimeoutException
	at java.util.concurrent.CompletableFuture.timedGet(CompletableFuture.java:1771)
	at java.util.concurrent.CompletableFuture.get(CompletableFuture.java:1915)
	at org.apache.ratis.util.IOUtils.getFromFuture(IOUtils.java:79)
	... 4 more
2019-09-16 22:21:11,334 [9d8d98b0-9991-458a-859c-25f8efc1f325@group-35A7B724CDC7-SegmentedRaftLogWorker] WARN  segmented.SegmentedRaftLogWorker (SegmentedRaftLogWorker.java:getFromFuture(90)) - Timeout 10/~
org.apache.ratis.protocol.TimeoutIOException: Timeout 10s: WriteLog:8: (t:1, i:8), STATEMACHINELOGENTRY, client-22ACCF61FDFE, cid=17-writeStateMachineData
	at org.apache.ratis.util.IOUtils.getFromFuture(IOUtils.java:87)
	at org.apache.ratis.server.raftlog.segmented.SegmentedRaftLogWorker$StateMachineDataPolicy.getFromFuture(SegmentedRaftLogWorker.java:87)
	at org.apache.ratis.server.raftlog.segmented.SegmentedRaftLogWorker$WriteLog.execute(SegmentedRaftLogWorker.java:477)
	at org.apache.ratis.server.raftlog.segmented.SegmentedRaftLogWorker.run(SegmentedRaftLogWorker.java:289)
	at java.lang.Thread.run(Thread.java:748)
Caused by: java.util.concurrent.TimeoutException
	at java.util.concurrent.CompletableFuture.timedGet(CompletableFuture.java:1771)
	at java.util.concurrent.CompletableFuture.get(CompletableFuture.java:1915)
	at org.apache.ratis.util.IOUtils.getFromFuture(IOUtils.java:79)
	... 4 more
2019-09-16 22:21:11,700 [java.util.concurrent.ThreadPoolExecutor$Worker@437726ad[State = -1, empty queue]] WARN  server.GrpcLogAppender (GrpcLogAppender.java:timeoutAppendRequest(200)) - 5ecabd24-29f4-44ad-af86-ba12f6ac88ae@group-35A7B724CDC7->0ad894eb-396d-46a7-a4d0-256210dc34c1-GrpcLogAppender: appendEntries Timeout, request=5ecabd24-29f4-44ad-af86-ba12f6ac88ae->0ad894eb-396d-46a7-a4d0-256210dc34c1#55-t1, previous=(t:1, i:11), leaderCommit=6, initializing? false, entries: <empty>
2019-09-16 22:21:11,700 [java.util.concurrent.ThreadPoolExecutor$Worker@3b767fb5[State = -1, empty queue]] WARN  server.GrpcLogAppender (GrpcLogAppender.java:timeoutAppendRequest(200)) - 5ecabd24-29f4-44ad-af86-ba12f6ac88ae@group-35A7B724CDC7->9d8d98b0-9991-458a-859c-25f8efc1f325-GrpcLogAppender: appendEntries Timeout, request=5ecabd24-29f4-44ad-af86-ba12f6ac88ae->9d8d98b0-9991-458a-859c-25f8efc1f325#55-t1, previous=(t:1, i:11), leaderCommit=6, initializing? false, entries: <empty>
2019-09-16 22:21:12,476 [grpc-default-executor-4] INFO  client.GrpcClientProtocolClient (GrpcClientProtocolClient.java:onNext(264)) - client-22ACCF61FDFE->9d8d98b0-9991-458a-859c-25f8efc1f325: receive RaftClientReply:client-22ACCF61FDFE->9d8d98b0-9991-458a-859c-25f8efc1f325@group-35A7B724CDC7, cid=16, FAILED org.apache.ratis.protocol.NotLeaderException: Server 9d8d98b0-9991-458a-859c-25f8efc1f325@group-35A7B724CDC7 is not the leader 5ecabd24-29f4-44ad-af86-ba12f6ac88ae:192.168.151.68:37146, logIndex=0, commits[9d8d98b0-9991-458a-859c-25f8efc1f325:c6, 0ad894eb-396d-46a7-a4d0-256210dc34c1:c4, 5ecabd24-29f4-44ad-af86-ba12f6ac88ae:c6]
2019-09-16 22:21:14,201 [java.util.concurrent.ThreadPoolExecutor$Worker@437726ad[State = -1, empty queue]] WARN  server.GrpcLogAppender (GrpcLogAppender.java:timeoutAppendRequest(200)) - 5ecabd24-29f4-44ad-af86-ba12f6ac88ae@group-35A7B724CDC7->0ad894eb-396d-46a7-a4d0-256210dc34c1-GrpcLogAppender: appendEntries Timeout, request=5ecabd24-29f4-44ad-af86-ba12f6ac88ae->0ad894eb-396d-46a7-a4d0-256210dc34c1#56-t1, previous=(t:1, i:11), leaderCommit=6, initializing? false, entries: <empty>
2019-09-16 22:21:14,201 [java.util.concurrent.ThreadPoolExecutor$Worker@3b767fb5[State = -1, empty queue]] WARN  server.GrpcLogAppender (GrpcLogAppender.java:timeoutAppendRequest(200)) - 5ecabd24-29f4-44ad-af86-ba12f6ac88ae@group-35A7B724CDC7->9d8d98b0-9991-458a-859c-25f8efc1f325-GrpcLogAppender: appendEntries Timeout, request=5ecabd24-29f4-44ad-af86-ba12f6ac88ae->9d8d98b0-9991-458a-859c-25f8efc1f325#56-t1, previous=(t:1, i:11), leaderCommit=6, initializing? false, entries: <empty>
2019-09-16 22:21:16,701 [java.util.concurrent.ThreadPoolExecutor$Worker@3b767fb5[State = -1, empty queue]] WARN  server.GrpcLogAppender (GrpcLogAppender.java:timeoutAppendRequest(200)) - 5ecabd24-29f4-44ad-af86-ba12f6ac88ae@group-35A7B724CDC7->9d8d98b0-9991-458a-859c-25f8efc1f325-GrpcLogAppender: appendEntries Timeout, request=5ecabd24-29f4-44ad-af86-ba12f6ac88ae->9d8d98b0-9991-458a-859c-25f8efc1f325#57-t1, previous=(t:1, i:11), leaderCommit=6, initializing? false, entries: <empty>
2019-09-16 22:21:16,701 [java.util.concurrent.ThreadPoolExecutor$Worker@437726ad[State = -1, empty queue]] WARN  server.GrpcLogAppender (GrpcLogAppender.java:timeoutAppendRequest(200)) - 5ecabd24-29f4-44ad-af86-ba12f6ac88ae@group-35A7B724CDC7->0ad894eb-396d-46a7-a4d0-256210dc34c1-GrpcLogAppender: appendEntries Timeout, request=5ecabd24-29f4-44ad-af86-ba12f6ac88ae->0ad894eb-396d-46a7-a4d0-256210dc34c1#57-t1, previous=(t:1, i:11), leaderCommit=6, initializing? false, entries: <empty>
2019-09-16 22:21:17,552 [grpc-default-executor-4] INFO  client.GrpcClientProtocolClient (GrpcClientProtocolClient.java:onNext(264)) - client-22ACCF61FDFE->9d8d98b0-9991-458a-859c-25f8efc1f325: receive RaftClientReply:client-22ACCF61FDFE->9d8d98b0-9991-458a-859c-25f8efc1f325@group-35A7B724CDC7, cid=16, FAILED org.apache.ratis.protocol.NotLeaderException: Server 9d8d98b0-9991-458a-859c-25f8efc1f325@group-35A7B724CDC7 is not the leader 5ecabd24-29f4-44ad-af86-ba12f6ac88ae:192.168.151.68:37146, logIndex=0, commits[9d8d98b0-9991-458a-859c-25f8efc1f325:c6, 0ad894eb-396d-46a7-a4d0-256210dc34c1:c4, 5ecabd24-29f4-44ad-af86-ba12f6ac88ae:c6]
2019-09-16 22:21:19,202 [java.util.concurrent.ThreadPoolExecutor$Worker@437726ad[State = -1, empty queue]] WARN  server.GrpcLogAppender (GrpcLogAppender.java:timeoutAppendRequest(200)) - 5ecabd24-29f4-44ad-af86-ba12f6ac88ae@group-35A7B724CDC7->0ad894eb-396d-46a7-a4d0-256210dc34c1-GrpcLogAppender: appendEntries Timeout, request=5ecabd24-29f4-44ad-af86-ba12f6ac88ae->0ad894eb-396d-46a7-a4d0-256210dc34c1#58-t1, previous=(t:1, i:11), leaderCommit=6, initializing? false, entries: <empty>
2019-09-16 22:21:19,202 [java.util.concurrent.ThreadPoolExecutor$Worker@3b767fb5[State = -1, empty queue]] WARN  server.GrpcLogAppender (GrpcLogAppender.java:timeoutAppendRequest(200)) - 5ecabd24-29f4-44ad-af86-ba12f6ac88ae@group-35A7B724CDC7->9d8d98b0-9991-458a-859c-25f8efc1f325-GrpcLogAppender: appendEntries Timeout, request=5ecabd24-29f4-44ad-af86-ba12f6ac88ae->9d8d98b0-9991-458a-859c-25f8efc1f325#58-t1, previous=(t:1, i:11), leaderCommit=6, initializing? false, entries: <empty>
2019-09-16 22:21:21,244 [org.apache.ratis.server.impl.LogAppender$AppenderDaemon$$Lambda$514/1412847569@36bc085] ERROR ratis.XceiverServerRatis (XceiverServerRatis.java:triggerPipelineClose(575)) - pipeline Action CLOSE  on pipeline PipelineID=3c82caf2-3cb3-4eb6-867b-35a7b724cdc7.Reason : 5ecabd24-29f4-44ad-af86-ba12f6ac88ae has not seen follower/s 9d8d98b0-9991-458a-859c-25f8efc1f325 for 120331ms 0ad894eb-396d-46a7-a4d0-256210dc34c1 for 120333ms
2019-09-16 22:21:21,244 [org.apache.ratis.server.impl.LogAppender$AppenderDaemon$$Lambda$514/1412847569@6758782b] ERROR ratis.XceiverServerRatis (XceiverServerRatis.java:triggerPipelineClose(575)) - pipeline Action CLOSE  on pipeline PipelineID=3c82caf2-3cb3-4eb6-867b-35a7b724cdc7.Reason : 5ecabd24-29f4-44ad-af86-ba12f6ac88ae has not seen follower/s 9d8d98b0-9991-458a-859c-25f8efc1f325 for 120331ms 0ad894eb-396d-46a7-a4d0-256210dc34c1 for 120333ms
2019-09-16 22:21:21,311 [EventQueue-PipelineActionsForPipelineActionHandler] ERROR pipeline.PipelineActionHandler (PipelineActionHandler.java:onMessage(60)) - Received pipeline action CLOSE for Pipeline[ Id: 3c82caf2-3cb3-4eb6-867b-35a7b724cdc7, Nodes: 5ecabd24-29f4-44ad-af86-ba12f6ac88ae{ip: 192.168.151.68, host: pr-hdds-2135-v26ff-2356241440, networkLocation: /default-rack, certSerialId: null}9d8d98b0-9991-458a-859c-25f8efc1f325{ip: 192.168.151.68, host: pr-hdds-2135-v26ff-2356241440, networkLocation: /default-rack, certSerialId: null}0ad894eb-396d-46a7-a4d0-256210dc34c1{ip: 192.168.151.68, host: pr-hdds-2135-v26ff-2356241440, networkLocation: /default-rack, certSerialId: null}, Type:RATIS, Factor:THREE, State:OPEN] from datanode 5ecabd24-29f4-44ad-af86-ba12f6ac88ae{ip: 192.168.151.68, host: pr-hdds-2135-v26ff-2356241440, networkLocation: /default-rack, certSerialId: null}. Reason : 5ecabd24-29f4-44ad-af86-ba12f6ac88ae has not seen follower/s 9d8d98b0-9991-458a-859c-25f8efc1f325 for 120331ms 0ad894eb-396d-46a7-a4d0-256210dc34c1 for 120333ms
2019-09-16 22:21:21,311 [EventQueue-PipelineActionsForPipelineActionHandler] INFO  pipeline.SCMPipelineManager (SCMPipelineManager.java:finalizeAndDestroyPipeline(311)) - destroying pipeline:Pipeline[ Id: 3c82caf2-3cb3-4eb6-867b-35a7b724cdc7, Nodes: 5ecabd24-29f4-44ad-af86-ba12f6ac88ae{ip: 192.168.151.68, host: pr-hdds-2135-v26ff-2356241440, networkLocation: /default-rack, certSerialId: null}9d8d98b0-9991-458a-859c-25f8efc1f325{ip: 192.168.151.68, host: pr-hdds-2135-v26ff-2356241440, networkLocation: /default-rack, certSerialId: null}0ad894eb-396d-46a7-a4d0-256210dc34c1{ip: 192.168.151.68, host: pr-hdds-2135-v26ff-2356241440, networkLocation: /default-rack, certSerialId: null}, Type:RATIS, Factor:THREE, State:OPEN]
2019-09-16 22:21:21,312 [EventQueue-PipelineActionsForPipelineActionHandler] INFO  pipeline.PipelineStateManager (PipelineStateManager.java:finalizePipeline(123)) - Pipeline Pipeline[ Id: 3c82caf2-3cb3-4eb6-867b-35a7b724cdc7, Nodes: 5ecabd24-29f4-44ad-af86-ba12f6ac88ae{ip: 192.168.151.68, host: pr-hdds-2135-v26ff-2356241440, networkLocation: /default-rack, certSerialId: null}9d8d98b0-9991-458a-859c-25f8efc1f325{ip: 192.168.151.68, host: pr-hdds-2135-v26ff-2356241440, networkLocation: /default-rack, certSerialId: null}0ad894eb-396d-46a7-a4d0-256210dc34c1{ip: 192.168.151.68, host: pr-hdds-2135-v26ff-2356241440, networkLocation: /default-rack, certSerialId: null}, Type:RATIS, Factor:THREE, State:CLOSED] moved to CLOSED state
2019-09-16 22:21:21,315 [EventQueue-CloseContainerForCloseContainerEventHandler] INFO  container.CloseContainerEventHandler (CloseContainerEventHandler.java:onMessage(61)) - Close container Event triggered for container : #1
2019-09-16 22:21:21,320 [5ecabd24-29f4-44ad-af86-ba12f6ac88ae@group-35A7B724CDC7-SegmentedRaftLogWorker] WARN  segmented.SegmentedRaftLogWorker (SegmentedRaftLogWorker.java:getFromFuture(90)) - Timeout 11/~
org.apache.ratis.protocol.TimeoutIOException: Timeout 10s: WriteLog:8: (t:1, i:8), STATEMACHINELOGENTRY, client-22ACCF61FDFE, cid=17-writeStateMachineData
	at org.apache.ratis.util.IOUtils.getFromFuture(IOUtils.java:87)
	at org.apache.ratis.server.raftlog.segmented.SegmentedRaftLogWorker$StateMachineDataPolicy.getFromFuture(SegmentedRaftLogWorker.java:87)
	at org.apache.ratis.server.raftlog.segmented.SegmentedRaftLogWorker$WriteLog.execute(SegmentedRaftLogWorker.java:477)
	at org.apache.ratis.server.raftlog.segmented.SegmentedRaftLogWorker.run(SegmentedRaftLogWorker.java:289)
	at java.lang.Thread.run(Thread.java:748)
Caused by: java.util.concurrent.TimeoutException
	at java.util.concurrent.CompletableFuture.timedGet(CompletableFuture.java:1771)
	at java.util.concurrent.CompletableFuture.get(CompletableFuture.java:1915)
	at org.apache.ratis.util.IOUtils.getFromFuture(IOUtils.java:79)
	... 4 more
2019-09-16 22:21:21,335 [0ad894eb-396d-46a7-a4d0-256210dc34c1@group-35A7B724CDC7-SegmentedRaftLogWorker] WARN  segmented.SegmentedRaftLogWorker (SegmentedRaftLogWorker.java:getFromFuture(90)) - Timeout 11/~
org.apache.ratis.protocol.TimeoutIOException: Timeout 10s: WriteLog:8: (t:1, i:8), STATEMACHINELOGENTRY, client-22ACCF61FDFE, cid=17-writeStateMachineData
	at org.apache.ratis.util.IOUtils.getFromFuture(IOUtils.java:87)
	at org.apache.ratis.server.raftlog.segmented.SegmentedRaftLogWorker$StateMachineDataPolicy.getFromFuture(SegmentedRaftLogWorker.java:87)
	at org.apache.ratis.server.raftlog.segmented.SegmentedRaftLogWorker$WriteLog.execute(SegmentedRaftLogWorker.java:477)
	at org.apache.ratis.server.raftlog.segmented.SegmentedRaftLogWorker.run(SegmentedRaftLogWorker.java:289)
	at java.lang.Thread.run(Thread.java:748)
Caused by: java.util.concurrent.TimeoutException
	at java.util.concurrent.CompletableFuture.timedGet(CompletableFuture.java:1771)
	at java.util.concurrent.CompletableFuture.get(CompletableFuture.java:1915)
	at org.apache.ratis.util.IOUtils.getFromFuture(IOUtils.java:79)
	... 4 more
2019-09-16 22:21:21,335 [9d8d98b0-9991-458a-859c-25f8efc1f325@group-35A7B724CDC7-SegmentedRaftLogWorker] WARN  segmented.SegmentedRaftLogWorker (SegmentedRaftLogWorker.java:getFromFuture(90)) - Timeout 11/~
org.apache.ratis.protocol.TimeoutIOException: Timeout 10s: WriteLog:8: (t:1, i:8), STATEMACHINELOGENTRY, client-22ACCF61FDFE, cid=17-writeStateMachineData
	at org.apache.ratis.util.IOUtils.getFromFuture(IOUtils.java:87)
	at org.apache.ratis.server.raftlog.segmented.SegmentedRaftLogWorker$StateMachineDataPolicy.getFromFuture(SegmentedRaftLogWorker.java:87)
	at org.apache.ratis.server.raftlog.segmented.SegmentedRaftLogWorker$WriteLog.execute(SegmentedRaftLogWorker.java:477)
	at org.apache.ratis.server.raftlog.segmented.SegmentedRaftLogWorker.run(SegmentedRaftLogWorker.java:289)
	at java.lang.Thread.run(Thread.java:748)
Caused by: java.util.concurrent.TimeoutException
	at java.util.concurrent.CompletableFuture.timedGet(CompletableFuture.java:1771)
	at java.util.concurrent.CompletableFuture.get(CompletableFuture.java:1915)
	at org.apache.ratis.util.IOUtils.getFromFuture(IOUtils.java:79)
	... 4 more
2019-09-16 22:21:21,344 [EventQueue-CloseContainerForCloseContainerEventHandler] INFO  container.CloseContainerEventHandler (CloseContainerEventHandler.java:onMessage(61)) - Close container Event triggered for container : #2
2019-09-16 22:21:21,703 [java.util.concurrent.ThreadPoolExecutor$Worker@3b767fb5[State = -1, empty queue]] WARN  server.GrpcLogAppender (GrpcLogAppender.java:timeoutAppendRequest(200)) - 5ecabd24-29f4-44ad-af86-ba12f6ac88ae@group-35A7B724CDC7->9d8d98b0-9991-458a-859c-25f8efc1f325-GrpcLogAppender: appendEntries Timeout, request=5ecabd24-29f4-44ad-af86-ba12f6ac88ae->9d8d98b0-9991-458a-859c-25f8efc1f325#59-t1, previous=(t:1, i:11), leaderCommit=6, initializing? false, entries: <empty>
2019-09-16 22:21:21,703 [java.util.concurrent.ThreadPoolExecutor$Worker@437726ad[State = -1, empty queue]] WARN  server.GrpcLogAppender (GrpcLogAppender.java:timeoutAppendRequest(200)) - 5ecabd24-29f4-44ad-af86-ba12f6ac88ae@group-35A7B724CDC7->0ad894eb-396d-46a7-a4d0-256210dc34c1-GrpcLogAppender: appendEntries Timeout, request=5ecabd24-29f4-44ad-af86-ba12f6ac88ae->0ad894eb-396d-46a7-a4d0-256210dc34c1#59-t1, previous=(t:1, i:11), leaderCommit=6, initializing? false, entries: <empty>
2019-09-16 22:21:22,607 [grpc-default-executor-2] INFO  client.GrpcClientProtocolClient (GrpcClientProtocolClient.java:onNext(264)) - client-22ACCF61FDFE->9d8d98b0-9991-458a-859c-25f8efc1f325: receive RaftClientReply:client-22ACCF61FDFE->9d8d98b0-9991-458a-859c-25f8efc1f325@group-35A7B724CDC7, cid=16, FAILED org.apache.ratis.protocol.NotLeaderException: Server 9d8d98b0-9991-458a-859c-25f8efc1f325@group-35A7B724CDC7 is not the leader 5ecabd24-29f4-44ad-af86-ba12f6ac88ae:192.168.151.68:37146, logIndex=0, commits[9d8d98b0-9991-458a-859c-25f8efc1f325:c6, 0ad894eb-396d-46a7-a4d0-256210dc34c1:c4, 5ecabd24-29f4-44ad-af86-ba12f6ac88ae:c6]
2019-09-16 22:21:23,705 [org.apache.ratis.server.impl.LogAppender$AppenderDaemon$$Lambda$514/1412847569@6758782b] ERROR ratis.XceiverServerRatis (XceiverServerRatis.java:triggerPipelineClose(575)) - pipeline Action CLOSE  on pipeline PipelineID=3c82caf2-3cb3-4eb6-867b-35a7b724cdc7.Reason : 5ecabd24-29f4-44ad-af86-ba12f6ac88ae has not seen follower/s 9d8d98b0-9991-458a-859c-25f8efc1f325 for 122809ms 0ad894eb-396d-46a7-a4d0-256210dc34c1 for 122809ms
2019-09-16 22:21:23,705 [org.apache.ratis.server.impl.LogAppender$AppenderDaemon$$Lambda$514/1412847569@36bc085] ERROR ratis.XceiverServerRatis (XceiverServerRatis.java:triggerPipelineClose(575)) - pipeline Action CLOSE  on pipeline PipelineID=3c82caf2-3cb3-4eb6-867b-35a7b724cdc7.Reason : 5ecabd24-29f4-44ad-af86-ba12f6ac88ae has not seen follower/s 9d8d98b0-9991-458a-859c-25f8efc1f325 for 122809ms 0ad894eb-396d-46a7-a4d0-256210dc34c1 for 122809ms
2019-09-16 22:21:24,204 [java.util.concurrent.ThreadPoolExecutor$Worker@437726ad[State = -1, empty queue]] WARN  server.GrpcLogAppender (GrpcLogAppender.java:timeoutAppendRequest(200)) - 5ecabd24-29f4-44ad-af86-ba12f6ac88ae@group-35A7B724CDC7->0ad894eb-396d-46a7-a4d0-256210dc34c1-GrpcLogAppender: appendEntries Timeout, request=5ecabd24-29f4-44ad-af86-ba12f6ac88ae->0ad894eb-396d-46a7-a4d0-256210dc34c1#60-t1, previous=(t:1, i:11), leaderCommit=6, initializing? false, entries: <empty>
2019-09-16 22:21:24,204 [java.util.concurrent.ThreadPoolExecutor$Worker@3b767fb5[State = -1, empty queue]] WARN  server.GrpcLogAppender (GrpcLogAppender.java:timeoutAppendRequest(200)) - 5ecabd24-29f4-44ad-af86-ba12f6ac88ae@group-35A7B724CDC7->9d8d98b0-9991-458a-859c-25f8efc1f325-GrpcLogAppender: appendEntries Timeout, request=5ecabd24-29f4-44ad-af86-ba12f6ac88ae->9d8d98b0-9991-458a-859c-25f8efc1f325#60-t1, previous=(t:1, i:11), leaderCommit=6, initializing? false, entries: <empty>
2019-09-16 22:21:24,308 [EventQueue-PipelineActionsForPipelineActionHandler] ERROR pipeline.PipelineActionHandler (PipelineActionHandler.java:onMessage(60)) - Received pipeline action CLOSE for Pipeline[ Id: 3c82caf2-3cb3-4eb6-867b-35a7b724cdc7, Nodes: 5ecabd24-29f4-44ad-af86-ba12f6ac88ae{ip: 192.168.151.68, host: pr-hdds-2135-v26ff-2356241440, networkLocation: /default-rack, certSerialId: null}9d8d98b0-9991-458a-859c-25f8efc1f325{ip: 192.168.151.68, host: pr-hdds-2135-v26ff-2356241440, networkLocation: /default-rack, certSerialId: null}0ad894eb-396d-46a7-a4d0-256210dc34c1{ip: 192.168.151.68, host: pr-hdds-2135-v26ff-2356241440, networkLocation: /default-rack, certSerialId: null}, Type:RATIS, Factor:THREE, State:CLOSED] from datanode 5ecabd24-29f4-44ad-af86-ba12f6ac88ae{ip: 192.168.151.68, host: pr-hdds-2135-v26ff-2356241440, networkLocation: /default-rack, certSerialId: null}. Reason : 5ecabd24-29f4-44ad-af86-ba12f6ac88ae has not seen follower/s 9d8d98b0-9991-458a-859c-25f8efc1f325 for 122809ms 0ad894eb-396d-46a7-a4d0-256210dc34c1 for 122809ms
2019-09-16 22:21:24,308 [EventQueue-PipelineActionsForPipelineActionHandler] INFO  pipeline.SCMPipelineManager (SCMPipelineManager.java:finalizeAndDestroyPipeline(311)) - destroying pipeline:Pipeline[ Id: 3c82caf2-3cb3-4eb6-867b-35a7b724cdc7, Nodes: 5ecabd24-29f4-44ad-af86-ba12f6ac88ae{ip: 192.168.151.68, host: pr-hdds-2135-v26ff-2356241440, networkLocation: /default-rack, certSerialId: null}9d8d98b0-9991-458a-859c-25f8efc1f325{ip: 192.168.151.68, host: pr-hdds-2135-v26ff-2356241440, networkLocation: /default-rack, certSerialId: null}0ad894eb-396d-46a7-a4d0-256210dc34c1{ip: 192.168.151.68, host: pr-hdds-2135-v26ff-2356241440, networkLocation: /default-rack, certSerialId: null}, Type:RATIS, Factor:THREE, State:CLOSED]
2019-09-16 22:21:24,321 [org.apache.ratis.server.impl.LogAppender$AppenderDaemon$$Lambda$514/1412847569@36bc085] ERROR ratis.XceiverServerRatis (XceiverServerRatis.java:triggerPipelineClose(575)) - pipeline Action CLOSE  on pipeline PipelineID=3c82caf2-3cb3-4eb6-867b-35a7b724cdc7.Reason : 5ecabd24-29f4-44ad-af86-ba12f6ac88ae has not seen follower/s 9d8d98b0-9991-458a-859c-25f8efc1f325 for 123426ms 0ad894eb-396d-46a7-a4d0-256210dc34c1 for 123425ms
2019-09-16 22:21:24,321 [org.apache.ratis.server.impl.LogAppender$AppenderDaemon$$Lambda$514/1412847569@6758782b] ERROR ratis.XceiverServerRatis (XceiverServerRatis.java:triggerPipelineClose(575)) - pipeline Action CLOSE  on pipeline PipelineID=3c82caf2-3cb3-4eb6-867b-35a7b724cdc7.Reason : 5ecabd24-29f4-44ad-af86-ba12f6ac88ae has not seen follower/s 9d8d98b0-9991-458a-859c-25f8efc1f325 for 123426ms 0ad894eb-396d-46a7-a4d0-256210dc34c1 for 123425ms
2019-09-16 22:21:25,318 [EventQueue-PipelineActionsForPipelineActionHandler] ERROR pipeline.PipelineActionHandler (PipelineActionHandler.java:onMessage(60)) - Received pipeline action CLOSE for Pipeline[ Id: 3c82caf2-3cb3-4eb6-867b-35a7b724cdc7, Nodes: 5ecabd24-29f4-44ad-af86-ba12f6ac88ae{ip: 192.168.151.68, host: pr-hdds-2135-v26ff-2356241440, networkLocation: /default-rack, certSerialId: null}9d8d98b0-9991-458a-859c-25f8efc1f325{ip: 192.168.151.68, host: pr-hdds-2135-v26ff-2356241440, networkLocation: /default-rack, certSerialId: null}0ad894eb-396d-46a7-a4d0-256210dc34c1{ip: 192.168.151.68, host: pr-hdds-2135-v26ff-2356241440, networkLocation: /default-rack, certSerialId: null}, Type:RATIS, Factor:THREE, State:CLOSED] from datanode 5ecabd24-29f4-44ad-af86-ba12f6ac88ae{ip: 192.168.151.68, host: pr-hdds-2135-v26ff-2356241440, networkLocation: /default-rack, certSerialId: null}. Reason : 5ecabd24-29f4-44ad-af86-ba12f6ac88ae has not seen follower/s 9d8d98b0-9991-458a-859c-25f8efc1f325 for 123426ms 0ad894eb-396d-46a7-a4d0-256210dc34c1 for 123425ms
2019-09-16 22:21:25,318 [EventQueue-PipelineActionsForPipelineActionHandler] INFO  pipeline.SCMPipelineManager (SCMPipelineManager.java:finalizeAndDestroyPipeline(311)) - destroying pipeline:Pipeline[ Id: 3c82caf2-3cb3-4eb6-867b-35a7b724cdc7, Nodes: 5ecabd24-29f4-44ad-af86-ba12f6ac88ae{ip: 192.168.151.68, host: pr-hdds-2135-v26ff-2356241440, networkLocation: /default-rack, certSerialId: null}9d8d98b0-9991-458a-859c-25f8efc1f325{ip: 192.168.151.68, host: pr-hdds-2135-v26ff-2356241440, networkLocation: /default-rack, certSerialId: null}0ad894eb-396d-46a7-a4d0-256210dc34c1{ip: 192.168.151.68, host: pr-hdds-2135-v26ff-2356241440, networkLocation: /default-rack, certSerialId: null}, Type:RATIS, Factor:THREE, State:CLOSED]
2019-09-16 22:21:26,705 [java.util.concurrent.ThreadPoolExecutor$Worker@437726ad[State = -1, empty queue]] WARN  server.GrpcLogAppender (GrpcLogAppender.java:timeoutAppendRequest(200)) - 5ecabd24-29f4-44ad-af86-ba12f6ac88ae@group-35A7B724CDC7->0ad894eb-396d-46a7-a4d0-256210dc34c1-GrpcLogAppender: appendEntries Timeout, request=5ecabd24-29f4-44ad-af86-ba12f6ac88ae->0ad894eb-396d-46a7-a4d0-256210dc34c1#61-t1, previous=(t:1, i:11), leaderCommit=6, initializing? false, entries: <empty>
2019-09-16 22:21:26,705 [java.util.concurrent.ThreadPoolExecutor$Worker@3b767fb5[State = -1, empty queue]] WARN  server.GrpcLogAppender (GrpcLogAppender.java:timeoutAppendRequest(200)) - 5ecabd24-29f4-44ad-af86-ba12f6ac88ae@group-35A7B724CDC7->9d8d98b0-9991-458a-859c-25f8efc1f325-GrpcLogAppender: appendEntries Timeout, request=5ecabd24-29f4-44ad-af86-ba12f6ac88ae->9d8d98b0-9991-458a-859c-25f8efc1f325#61-t1, previous=(t:1, i:11), leaderCommit=6, initializing? false, entries: <empty>
2019-09-16 22:21:26,823 [org.apache.ratis.server.impl.LogAppender$AppenderDaemon$$Lambda$514/1412847569@36bc085] ERROR ratis.XceiverServerRatis (XceiverServerRatis.java:triggerPipelineClose(575)) - pipeline Action CLOSE  on pipeline PipelineID=3c82caf2-3cb3-4eb6-867b-35a7b724cdc7.Reason : 5ecabd24-29f4-44ad-af86-ba12f6ac88ae has not seen follower/s 9d8d98b0-9991-458a-859c-25f8efc1f325 for 125927ms 0ad894eb-396d-46a7-a4d0-256210dc34c1 for 125927ms
2019-09-16 22:21:26,823 [org.apache.ratis.server.impl.LogAppender$AppenderDaemon$$Lambda$514/1412847569@6758782b] ERROR ratis.XceiverServerRatis (XceiverServerRatis.java:triggerPipelineClose(575)) - pipeline Action CLOSE  on pipeline PipelineID=3c82caf2-3cb3-4eb6-867b-35a7b724cdc7.Reason : 5ecabd24-29f4-44ad-af86-ba12f6ac88ae has not seen follower/s 9d8d98b0-9991-458a-859c-25f8efc1f325 for 125927ms 0ad894eb-396d-46a7-a4d0-256210dc34c1 for 125927ms
2019-09-16 22:21:27,320 [EventQueue-PipelineActionsForPipelineActionHandler] ERROR pipeline.PipelineActionHandler (PipelineActionHandler.java:onMessage(60)) - Received pipeline action CLOSE for Pipeline[ Id: 3c82caf2-3cb3-4eb6-867b-35a7b724cdc7, Nodes: 5ecabd24-29f4-44ad-af86-ba12f6ac88ae{ip: 192.168.151.68, host: pr-hdds-2135-v26ff-2356241440, networkLocation: /default-rack, certSerialId: null}9d8d98b0-9991-458a-859c-25f8efc1f325{ip: 192.168.151.68, host: pr-hdds-2135-v26ff-2356241440, networkLocation: /default-rack, certSerialId: null}0ad894eb-396d-46a7-a4d0-256210dc34c1{ip: 192.168.151.68, host: pr-hdds-2135-v26ff-2356241440, networkLocation: /default-rack, certSerialId: null}, Type:RATIS, Factor:THREE, State:CLOSED] from datanode 5ecabd24-29f4-44ad-af86-ba12f6ac88ae{ip: 192.168.151.68, host: pr-hdds-2135-v26ff-2356241440, networkLocation: /default-rack, certSerialId: null}. Reason : 5ecabd24-29f4-44ad-af86-ba12f6ac88ae has not seen follower/s 9d8d98b0-9991-458a-859c-25f8efc1f325 for 125927ms 0ad894eb-396d-46a7-a4d0-256210dc34c1 for 125927ms
2019-09-16 22:21:27,321 [EventQueue-PipelineActionsForPipelineActionHandler] INFO  pipeline.SCMPipelineManager (SCMPipelineManager.java:finalizeAndDestroyPipeline(311)) - destroying pipeline:Pipeline[ Id: 3c82caf2-3cb3-4eb6-867b-35a7b724cdc7, Nodes: 5ecabd24-29f4-44ad-af86-ba12f6ac88ae{ip: 192.168.151.68, host: pr-hdds-2135-v26ff-2356241440, networkLocation: /default-rack, certSerialId: null}9d8d98b0-9991-458a-859c-25f8efc1f325{ip: 192.168.151.68, host: pr-hdds-2135-v26ff-2356241440, networkLocation: /default-rack, certSerialId: null}0ad894eb-396d-46a7-a4d0-256210dc34c1{ip: 192.168.151.68, host: pr-hdds-2135-v26ff-2356241440, networkLocation: /default-rack, certSerialId: null}, Type:RATIS, Factor:THREE, State:CLOSED]
2019-09-16 22:21:27,321 [java.util.concurrent.ThreadPoolExecutor$Worker@3b767fb5[State = -1, empty queue]] WARN  server.GrpcLogAppender (GrpcLogAppender.java:timeoutAppendRequest(200)) - 5ecabd24-29f4-44ad-af86-ba12f6ac88ae@group-35A7B724CDC7->9d8d98b0-9991-458a-859c-25f8efc1f325-GrpcLogAppender: appendEntries Timeout, request=5ecabd24-29f4-44ad-af86-ba12f6ac88ae->9d8d98b0-9991-458a-859c-25f8efc1f325#62-t1, previous=(t:1, i:11), leaderCommit=6, initializing? false, entries: size=1, first=(t:1, i:12), STATEMACHINELOGENTRY, client-B8036C53317D, cid=4
2019-09-16 22:21:27,321 [java.util.concurrent.ThreadPoolExecutor$Worker@437726ad[State = -1, empty queue]] WARN  server.GrpcLogAppender (GrpcLogAppender.java:timeoutAppendRequest(200)) - 5ecabd24-29f4-44ad-af86-ba12f6ac88ae@group-35A7B724CDC7->0ad894eb-396d-46a7-a4d0-256210dc34c1-GrpcLogAppender: appendEntries Timeout, request=5ecabd24-29f4-44ad-af86-ba12f6ac88ae->0ad894eb-396d-46a7-a4d0-256210dc34c1#62-t1, previous=(t:1, i:11), leaderCommit=6, initializing? false, entries: size=1, first=(t:1, i:12), STATEMACHINELOGENTRY, client-B8036C53317D, cid=4
2019-09-16 22:21:27,675 [grpc-default-executor-5] INFO  client.GrpcClientProtocolClient (GrpcClientProtocolClient.java:onNext(264)) - client-22ACCF61FDFE->9d8d98b0-9991-458a-859c-25f8efc1f325: receive RaftClientReply:client-22ACCF61FDFE->9d8d98b0-9991-458a-859c-25f8efc1f325@group-35A7B724CDC7, cid=16, FAILED org.apache.ratis.protocol.NotLeaderException: Server 9d8d98b0-9991-458a-859c-25f8efc1f325@group-35A7B724CDC7 is not the leader 5ecabd24-29f4-44ad-af86-ba12f6ac88ae:192.168.151.68:37146, logIndex=0, commits[9d8d98b0-9991-458a-859c-25f8efc1f325:c6, 0ad894eb-396d-46a7-a4d0-256210dc34c1:c4, 5ecabd24-29f4-44ad-af86-ba12f6ac88ae:c6]
2019-09-16 22:21:29,324 [org.apache.ratis.server.impl.LogAppender$AppenderDaemon$$Lambda$514/1412847569@6758782b] ERROR ratis.XceiverServerRatis (XceiverServerRatis.java:triggerPipelineClose(575)) - pipeline Action CLOSE  on pipeline PipelineID=3c82caf2-3cb3-4eb6-867b-35a7b724cdc7.Reason : 5ecabd24-29f4-44ad-af86-ba12f6ac88ae has not seen follower/s 9d8d98b0-9991-458a-859c-25f8efc1f325 for 128429ms 0ad894eb-396d-46a7-a4d0-256210dc34c1 for 128428ms
2019-09-16 22:21:29,324 [org.apache.ratis.server.impl.LogAppender$AppenderDaemon$$Lambda$514/1412847569@36bc085] ERROR ratis.XceiverServerRatis (XceiverServerRatis.java:triggerPipelineClose(575)) - pipeline Action CLOSE  on pipeline PipelineID=3c82caf2-3cb3-4eb6-867b-35a7b724cdc7.Reason : 5ecabd24-29f4-44ad-af86-ba12f6ac88ae has not seen follower/s 9d8d98b0-9991-458a-859c-25f8efc1f325 for 128429ms 0ad894eb-396d-46a7-a4d0-256210dc34c1 for 128428ms
2019-09-16 22:21:29,823 [java.util.concurrent.ThreadPoolExecutor$Worker@437726ad[State = -1, empty queue]] WARN  server.GrpcLogAppender (GrpcLogAppender.java:timeoutAppendRequest(200)) - 5ecabd24-29f4-44ad-af86-ba12f6ac88ae@group-35A7B724CDC7->0ad894eb-396d-46a7-a4d0-256210dc34c1-GrpcLogAppender: appendEntries Timeout, request=5ecabd24-29f4-44ad-af86-ba12f6ac88ae->0ad894eb-396d-46a7-a4d0-256210dc34c1#63-t1, previous=(t:1, i:12), leaderCommit=6, initializing? false, entries: <empty>
2019-09-16 22:21:29,823 [java.util.concurrent.ThreadPoolExecutor$Worker@3b767fb5[State = -1, empty queue]] WARN  server.GrpcLogAppender (GrpcLogAppender.java:timeoutAppendRequest(200)) - 5ecabd24-29f4-44ad-af86-ba12f6ac88ae@group-35A7B724CDC7->9d8d98b0-9991-458a-859c-25f8efc1f325-GrpcLogAppender: appendEntries Timeout, request=5ecabd24-29f4-44ad-af86-ba12f6ac88ae->9d8d98b0-9991-458a-859c-25f8efc1f325#63-t1, previous=(t:1, i:12), leaderCommit=6, initializing? false, entries: <empty>
2019-09-16 22:21:30,318 [EventQueue-PipelineActionsForPipelineActionHandler] ERROR pipeline.PipelineActionHandler (PipelineActionHandler.java:onMessage(60)) - Received pipeline action CLOSE for Pipeline[ Id: 3c82caf2-3cb3-4eb6-867b-35a7b724cdc7, Nodes: 5ecabd24-29f4-44ad-af86-ba12f6ac88ae{ip: 192.168.151.68, host: pr-hdds-2135-v26ff-2356241440, networkLocation: /default-rack, certSerialId: null}9d8d98b0-9991-458a-859c-25f8efc1f325{ip: 192.168.151.68, host: pr-hdds-2135-v26ff-2356241440, networkLocation: /default-rack, certSerialId: null}0ad894eb-396d-46a7-a4d0-256210dc34c1{ip: 192.168.151.68, host: pr-hdds-2135-v26ff-2356241440, networkLocation: /default-rack, certSerialId: null}, Type:RATIS, Factor:THREE, State:CLOSED] from datanode 5ecabd24-29f4-44ad-af86-ba12f6ac88ae{ip: 192.168.151.68, host: pr-hdds-2135-v26ff-2356241440, networkLocation: /default-rack, certSerialId: null}. Reason : 5ecabd24-29f4-44ad-af86-ba12f6ac88ae has not seen follower/s 9d8d98b0-9991-458a-859c-25f8efc1f325 for 128429ms 0ad894eb-396d-46a7-a4d0-256210dc34c1 for 128428ms
2019-09-16 22:21:30,319 [EventQueue-PipelineActionsForPipelineActionHandler] INFO  pipeline.SCMPipelineManager (SCMPipelineManager.java:finalizeAndDestroyPipeline(311)) - destroying pipeline:Pipeline[ Id: 3c82caf2-3cb3-4eb6-867b-35a7b724cdc7, Nodes: 5ecabd24-29f4-44ad-af86-ba12f6ac88ae{ip: 192.168.151.68, host: pr-hdds-2135-v26ff-2356241440, networkLocation: /default-rack, certSerialId: null}9d8d98b0-9991-458a-859c-25f8efc1f325{ip: 192.168.151.68, host: pr-hdds-2135-v26ff-2356241440, networkLocation: /default-rack, certSerialId: null}0ad894eb-396d-46a7-a4d0-256210dc34c1{ip: 192.168.151.68, host: pr-hdds-2135-v26ff-2356241440, networkLocation: /default-rack, certSerialId: null}, Type:RATIS, Factor:THREE, State:CLOSED]
2019-09-16 22:21:31,339 [5ecabd24-29f4-44ad-af86-ba12f6ac88ae@group-35A7B724CDC7-SegmentedRaftLogWorker] WARN  segmented.SegmentedRaftLogWorker (SegmentedRaftLogWorker.java:getFromFuture(90)) - Timeout 12/~
org.apache.ratis.protocol.TimeoutIOException: Timeout 10s: WriteLog:8: (t:1, i:8), STATEMACHINELOGENTRY, client-22ACCF61FDFE, cid=17-writeStateMachineData
	at org.apache.ratis.util.IOUtils.getFromFuture(IOUtils.java:87)
	at org.apache.ratis.server.raftlog.segmented.SegmentedRaftLogWorker$StateMachineDataPolicy.getFromFuture(SegmentedRaftLogWorker.java:87)
	at org.apache.ratis.server.raftlog.segmented.SegmentedRaftLogWorker$WriteLog.execute(SegmentedRaftLogWorker.java:477)
	at org.apache.ratis.server.raftlog.segmented.SegmentedRaftLogWorker.run(SegmentedRaftLogWorker.java:289)
	at java.lang.Thread.run(Thread.java:748)
Caused by: java.util.concurrent.TimeoutException
	at java.util.concurrent.CompletableFuture.timedGet(CompletableFuture.java:1771)
	at java.util.concurrent.CompletableFuture.get(CompletableFuture.java:1915)
	at org.apache.ratis.util.IOUtils.getFromFuture(IOUtils.java:79)
	... 4 more
2019-09-16 22:21:31,344 [0ad894eb-396d-46a7-a4d0-256210dc34c1@group-35A7B724CDC7-SegmentedRaftLogWorker] WARN  segmented.SegmentedRaftLogWorker (SegmentedRaftLogWorker.java:getFromFuture(90)) - Timeout 12/~
org.apache.ratis.protocol.TimeoutIOException: Timeout 10s: WriteLog:8: (t:1, i:8), STATEMACHINELOGENTRY, client-22ACCF61FDFE, cid=17-writeStateMachineData
	at org.apache.ratis.util.IOUtils.getFromFuture(IOUtils.java:87)
	at org.apache.ratis.server.raftlog.segmented.SegmentedRaftLogWorker$StateMachineDataPolicy.getFromFuture(SegmentedRaftLogWorker.java:87)
	at org.apache.ratis.server.raftlog.segmented.SegmentedRaftLogWorker$WriteLog.execute(SegmentedRaftLogWorker.java:477)
	at org.apache.ratis.server.raftlog.segmented.SegmentedRaftLogWorker.run(SegmentedRaftLogWorker.java:289)
	at java.lang.Thread.run(Thread.java:748)
Caused by: java.util.concurrent.TimeoutException
	at java.util.concurrent.CompletableFuture.timedGet(CompletableFuture.java:1771)
	at java.util.concurrent.CompletableFuture.get(CompletableFuture.java:1915)
	at org.apache.ratis.util.IOUtils.getFromFuture(IOUtils.java:79)
	... 4 more
2019-09-16 22:21:31,344 [9d8d98b0-9991-458a-859c-25f8efc1f325@group-35A7B724CDC7-SegmentedRaftLogWorker] WARN  segmented.SegmentedRaftLogWorker (SegmentedRaftLogWorker.java:getFromFuture(90)) - Timeout 12/~
org.apache.ratis.protocol.TimeoutIOException: Timeout 10s: WriteLog:8: (t:1, i:8), STATEMACHINELOGENTRY, client-22ACCF61FDFE, cid=17-writeStateMachineData
	at org.apache.ratis.util.IOUtils.getFromFuture(IOUtils.java:87)
	at org.apache.ratis.server.raftlog.segmented.SegmentedRaftLogWorker$StateMachineDataPolicy.getFromFuture(SegmentedRaftLogWorker.java:87)
	at org.apache.ratis.server.raftlog.segmented.SegmentedRaftLogWorker$WriteLog.execute(SegmentedRaftLogWorker.java:477)
	at org.apache.ratis.server.raftlog.segmented.SegmentedRaftLogWorker.run(SegmentedRaftLogWorker.java:289)
	at java.lang.Thread.run(Thread.java:748)
Caused by: java.util.concurrent.TimeoutException
	at java.util.concurrent.CompletableFuture.timedGet(CompletableFuture.java:1771)
	at java.util.concurrent.CompletableFuture.get(CompletableFuture.java:1915)
	at org.apache.ratis.util.IOUtils.getFromFuture(IOUtils.java:79)
	... 4 more
2019-09-16 22:21:31,825 [org.apache.ratis.server.impl.LogAppender$AppenderDaemon$$Lambda$514/1412847569@36bc085] ERROR ratis.XceiverServerRatis (XceiverServerRatis.java:triggerPipelineClose(575)) - pipeline Action CLOSE  on pipeline PipelineID=3c82caf2-3cb3-4eb6-867b-35a7b724cdc7.Reason : 5ecabd24-29f4-44ad-af86-ba12f6ac88ae has not seen follower/s 9d8d98b0-9991-458a-859c-25f8efc1f325 for 130930ms 0ad894eb-396d-46a7-a4d0-256210dc34c1 for 130929ms
2019-09-16 22:21:31,825 [org.apache.ratis.server.impl.LogAppender$AppenderDaemon$$Lambda$514/1412847569@6758782b] ERROR ratis.XceiverServerRatis (XceiverServerRatis.java:triggerPipelineClose(575)) - pipeline Action CLOSE  on pipeline PipelineID=3c82caf2-3cb3-4eb6-867b-35a7b724cdc7.Reason : 5ecabd24-29f4-44ad-af86-ba12f6ac88ae has not seen follower/s 9d8d98b0-9991-458a-859c-25f8efc1f325 for 130930ms 0ad894eb-396d-46a7-a4d0-256210dc34c1 for 130929ms
2019-09-16 22:21:32,318 [EventQueue-PipelineActionsForPipelineActionHandler] ERROR pipeline.PipelineActionHandler (PipelineActionHandler.java:onMessage(60)) - Received pipeline action CLOSE for Pipeline[ Id: 3c82caf2-3cb3-4eb6-867b-35a7b724cdc7, Nodes: 5ecabd24-29f4-44ad-af86-ba12f6ac88ae{ip: 192.168.151.68, host: pr-hdds-2135-v26ff-2356241440, networkLocation: /default-rack, certSerialId: null}9d8d98b0-9991-458a-859c-25f8efc1f325{ip: 192.168.151.68, host: pr-hdds-2135-v26ff-2356241440, networkLocation: /default-rack, certSerialId: null}0ad894eb-396d-46a7-a4d0-256210dc34c1{ip: 192.168.151.68, host: pr-hdds-2135-v26ff-2356241440, networkLocation: /default-rack, certSerialId: null}, Type:RATIS, Factor:THREE, State:CLOSED] from datanode 5ecabd24-29f4-44ad-af86-ba12f6ac88ae{ip: 192.168.151.68, host: pr-hdds-2135-v26ff-2356241440, networkLocation: /default-rack, certSerialId: null}. Reason : 5ecabd24-29f4-44ad-af86-ba12f6ac88ae has not seen follower/s 9d8d98b0-9991-458a-859c-25f8efc1f325 for 130930ms 0ad894eb-396d-46a7-a4d0-256210dc34c1 for 130929ms
2019-09-16 22:21:32,319 [EventQueue-PipelineActionsForPipelineActionHandler] INFO  pipeline.SCMPipelineManager (SCMPipelineManager.java:finalizeAndDestroyPipeline(311)) - destroying pipeline:Pipeline[ Id: 3c82caf2-3cb3-4eb6-867b-35a7b724cdc7, Nodes: 5ecabd24-29f4-44ad-af86-ba12f6ac88ae{ip: 192.168.151.68, host: pr-hdds-2135-v26ff-2356241440, networkLocation: /default-rack, certSerialId: null}9d8d98b0-9991-458a-859c-25f8efc1f325{ip: 192.168.151.68, host: pr-hdds-2135-v26ff-2356241440, networkLocation: /default-rack, certSerialId: null}0ad894eb-396d-46a7-a4d0-256210dc34c1{ip: 192.168.151.68, host: pr-hdds-2135-v26ff-2356241440, networkLocation: /default-rack, certSerialId: null}, Type:RATIS, Factor:THREE, State:CLOSED]
2019-09-16 22:21:32,324 [java.util.concurrent.ThreadPoolExecutor$Worker@3b767fb5[State = -1, empty queue]] WARN  server.GrpcLogAppender (GrpcLogAppender.java:timeoutAppendRequest(200)) - 5ecabd24-29f4-44ad-af86-ba12f6ac88ae@group-35A7B724CDC7->9d8d98b0-9991-458a-859c-25f8efc1f325-GrpcLogAppender: appendEntries Timeout, request=5ecabd24-29f4-44ad-af86-ba12f6ac88ae->9d8d98b0-9991-458a-859c-25f8efc1f325#64-t1, previous=(t:1, i:12), leaderCommit=6, initializing? false, entries: <empty>
2019-09-16 22:21:32,324 [java.util.concurrent.ThreadPoolExecutor$Worker@437726ad[State = -1, empty queue]] WARN  server.GrpcLogAppender (GrpcLogAppender.java:timeoutAppendRequest(200)) - 5ecabd24-29f4-44ad-af86-ba12f6ac88ae@group-35A7B724CDC7->0ad894eb-396d-46a7-a4d0-256210dc34c1-GrpcLogAppender: appendEntries Timeout, request=5ecabd24-29f4-44ad-af86-ba12f6ac88ae->0ad894eb-396d-46a7-a4d0-256210dc34c1#64-t1, previous=(t:1, i:12), leaderCommit=6, initializing? false, entries: <empty>
2019-09-16 22:21:32,733 [grpc-default-executor-2] INFO  client.GrpcClientProtocolClient (GrpcClientProtocolClient.java:onNext(264)) - client-22ACCF61FDFE->0ad894eb-396d-46a7-a4d0-256210dc34c1: receive RaftClientReply:client-22ACCF61FDFE->0ad894eb-396d-46a7-a4d0-256210dc34c1@group-35A7B724CDC7, cid=16, FAILED org.apache.ratis.protocol.NotLeaderException: Server 0ad894eb-396d-46a7-a4d0-256210dc34c1@group-35A7B724CDC7 is not the leader 5ecabd24-29f4-44ad-af86-ba12f6ac88ae:192.168.151.68:37146, logIndex=0, commits[0ad894eb-396d-46a7-a4d0-256210dc34c1:c6, 9d8d98b0-9991-458a-859c-25f8efc1f325:c4, 5ecabd24-29f4-44ad-af86-ba12f6ac88ae:c6]
2019-09-16 22:21:34,326 [org.apache.ratis.server.impl.LogAppender$AppenderDaemon$$Lambda$514/1412847569@36bc085] ERROR ratis.XceiverServerRatis (XceiverServerRatis.java:triggerPipelineClose(575)) - pipeline Action CLOSE  on pipeline PipelineID=3c82caf2-3cb3-4eb6-867b-35a7b724cdc7.Reason : 5ecabd24-29f4-44ad-af86-ba12f6ac88ae has not seen follower/s 9d8d98b0-9991-458a-859c-25f8efc1f325 for 133431ms 0ad894eb-396d-46a7-a4d0-256210dc34c1 for 133430ms
2019-09-16 22:21:34,326 [org.apache.ratis.server.impl.LogAppender$AppenderDaemon$$Lambda$514/1412847569@6758782b] ERROR ratis.XceiverServerRatis (XceiverServerRatis.java:triggerPipelineClose(575)) - pipeline Action CLOSE  on pipeline PipelineID=3c82caf2-3cb3-4eb6-867b-35a7b724cdc7.Reason : 5ecabd24-29f4-44ad-af86-ba12f6ac88ae has not seen follower/s 9d8d98b0-9991-458a-859c-25f8efc1f325 for 133431ms 0ad894eb-396d-46a7-a4d0-256210dc34c1 for 133430ms
2019-09-16 22:21:34,825 [java.util.concurrent.ThreadPoolExecutor$Worker@437726ad[State = -1, empty queue]] WARN  server.GrpcLogAppender (GrpcLogAppender.java:timeoutAppendRequest(200)) - 5ecabd24-29f4-44ad-af86-ba12f6ac88ae@group-35A7B724CDC7->0ad894eb-396d-46a7-a4d0-256210dc34c1-GrpcLogAppender: appendEntries Timeout, request=5ecabd24-29f4-44ad-af86-ba12f6ac88ae->0ad894eb-396d-46a7-a4d0-256210dc34c1#65-t1, previous=(t:1, i:12), leaderCommit=6, initializing? false, entries: <empty>
2019-09-16 22:21:34,825 [java.util.concurrent.ThreadPoolExecutor$Worker@3b767fb5[State = -1, empty queue]] WARN  server.GrpcLogAppender (GrpcLogAppender.java:timeoutAppendRequest(200)) - 5ecabd24-29f4-44ad-af86-ba12f6ac88ae@group-35A7B724CDC7->9d8d98b0-9991-458a-859c-25f8efc1f325-GrpcLogAppender: appendEntries Timeout, request=5ecabd24-29f4-44ad-af86-ba12f6ac88ae->9d8d98b0-9991-458a-859c-25f8efc1f325#65-t1, previous=(t:1, i:12), leaderCommit=6, initializing? false, entries: <empty>
2019-09-16 22:21:35,318 [EventQueue-PipelineActionsForPipelineActionHandler] ERROR pipeline.PipelineActionHandler (PipelineActionHandler.java:onMessage(60)) - Received pipeline action CLOSE for Pipeline[ Id: 3c82caf2-3cb3-4eb6-867b-35a7b724cdc7, Nodes: 5ecabd24-29f4-44ad-af86-ba12f6ac88ae{ip: 192.168.151.68, host: pr-hdds-2135-v26ff-2356241440, networkLocation: /default-rack, certSerialId: null}9d8d98b0-9991-458a-859c-25f8efc1f325{ip: 192.168.151.68, host: pr-hdds-2135-v26ff-2356241440, networkLocation: /default-rack, certSerialId: null}0ad894eb-396d-46a7-a4d0-256210dc34c1{ip: 192.168.151.68, host: pr-hdds-2135-v26ff-2356241440, networkLocation: /default-rack, certSerialId: null}, Type:RATIS, Factor:THREE, State:CLOSED] from datanode 5ecabd24-29f4-44ad-af86-ba12f6ac88ae{ip: 192.168.151.68, host: pr-hdds-2135-v26ff-2356241440, networkLocation: /default-rack, certSerialId: null}. Reason : 5ecabd24-29f4-44ad-af86-ba12f6ac88ae has not seen follower/s 9d8d98b0-9991-458a-859c-25f8efc1f325 for 133431ms 0ad894eb-396d-46a7-a4d0-256210dc34c1 for 133430ms
2019-09-16 22:21:35,318 [EventQueue-PipelineActionsForPipelineActionHandler] INFO  pipeline.SCMPipelineManager (SCMPipelineManager.java:finalizeAndDestroyPipeline(311)) - destroying pipeline:Pipeline[ Id: 3c82caf2-3cb3-4eb6-867b-35a7b724cdc7, Nodes: 5ecabd24-29f4-44ad-af86-ba12f6ac88ae{ip: 192.168.151.68, host: pr-hdds-2135-v26ff-2356241440, networkLocation: /default-rack, certSerialId: null}9d8d98b0-9991-458a-859c-25f8efc1f325{ip: 192.168.151.68, host: pr-hdds-2135-v26ff-2356241440, networkLocation: /default-rack, certSerialId: null}0ad894eb-396d-46a7-a4d0-256210dc34c1{ip: 192.168.151.68, host: pr-hdds-2135-v26ff-2356241440, networkLocation: /default-rack, certSerialId: null}, Type:RATIS, Factor:THREE, State:CLOSED]
2019-09-16 22:21:36,827 [org.apache.ratis.server.impl.LogAppender$AppenderDaemon$$Lambda$514/1412847569@6758782b] ERROR ratis.XceiverServerRatis (XceiverServerRatis.java:triggerPipelineClose(575)) - pipeline Action CLOSE  on pipeline PipelineID=3c82caf2-3cb3-4eb6-867b-35a7b724cdc7.Reason : 5ecabd24-29f4-44ad-af86-ba12f6ac88ae has not seen follower/s 9d8d98b0-9991-458a-859c-25f8efc1f325 for 135932ms 0ad894eb-396d-46a7-a4d0-256210dc34c1 for 135931ms
2019-09-16 22:21:36,827 [org.apache.ratis.server.impl.LogAppender$AppenderDaemon$$Lambda$514/1412847569@36bc085] ERROR ratis.XceiverServerRatis (XceiverServerRatis.java:triggerPipelineClose(575)) - pipeline Action CLOSE  on pipeline PipelineID=3c82caf2-3cb3-4eb6-867b-35a7b724cdc7.Reason : 5ecabd24-29f4-44ad-af86-ba12f6ac88ae has not seen follower/s 9d8d98b0-9991-458a-859c-25f8efc1f325 for 135932ms 0ad894eb-396d-46a7-a4d0-256210dc34c1 for 135931ms
2019-09-16 22:21:37,318 [EventQueue-PipelineActionsForPipelineActionHandler] ERROR pipeline.PipelineActionHandler (PipelineActionHandler.java:onMessage(60)) - Received pipeline action CLOSE for Pipeline[ Id: 3c82caf2-3cb3-4eb6-867b-35a7b724cdc7, Nodes: 5ecabd24-29f4-44ad-af86-ba12f6ac88ae{ip: 192.168.151.68, host: pr-hdds-2135-v26ff-2356241440, networkLocation: /default-rack, certSerialId: null}9d8d98b0-9991-458a-859c-25f8efc1f325{ip: 192.168.151.68, host: pr-hdds-2135-v26ff-2356241440, networkLocation: /default-rack, certSerialId: null}0ad894eb-396d-46a7-a4d0-256210dc34c1{ip: 192.168.151.68, host: pr-hdds-2135-v26ff-2356241440, networkLocation: /default-rack, certSerialId: null}, Type:RATIS, Factor:THREE, State:CLOSED] from datanode 5ecabd24-29f4-44ad-af86-ba12f6ac88ae{ip: 192.168.151.68, host: pr-hdds-2135-v26ff-2356241440, networkLocation: /default-rack, certSerialId: null}. Reason : 5ecabd24-29f4-44ad-af86-ba12f6ac88ae has not seen follower/s 9d8d98b0-9991-458a-859c-25f8efc1f325 for 135932ms 0ad894eb-396d-46a7-a4d0-256210dc34c1 for 135931ms
2019-09-16 22:21:37,318 [EventQueue-PipelineActionsForPipelineActionHandler] INFO  pipeline.SCMPipelineManager (SCMPipelineManager.java:finalizeAndDestroyPipeline(311)) - destroying pipeline:Pipeline[ Id: 3c82caf2-3cb3-4eb6-867b-35a7b724cdc7, Nodes: 5ecabd24-29f4-44ad-af86-ba12f6ac88ae{ip: 192.168.151.68, host: pr-hdds-2135-v26ff-2356241440, networkLocation: /default-rack, certSerialId: null}9d8d98b0-9991-458a-859c-25f8efc1f325{ip: 192.168.151.68, host: pr-hdds-2135-v26ff-2356241440, networkLocation: /default-rack, certSerialId: null}0ad894eb-396d-46a7-a4d0-256210dc34c1{ip: 192.168.151.68, host: pr-hdds-2135-v26ff-2356241440, networkLocation: /default-rack, certSerialId: null}, Type:RATIS, Factor:THREE, State:CLOSED]
2019-09-16 22:21:37,326 [java.util.concurrent.ThreadPoolExecutor$Worker@3b767fb5[State = -1, empty queue]] WARN  server.GrpcLogAppender (GrpcLogAppender.java:timeoutAppendRequest(200)) - 5ecabd24-29f4-44ad-af86-ba12f6ac88ae@group-35A7B724CDC7->9d8d98b0-9991-458a-859c-25f8efc1f325-GrpcLogAppender: appendEntries Timeout, request=5ecabd24-29f4-44ad-af86-ba12f6ac88ae->9d8d98b0-9991-458a-859c-25f8efc1f325#66-t1, previous=(t:1, i:12), leaderCommit=6, initializing? false, entries: <empty>
2019-09-16 22:21:37,326 [java.util.concurrent.ThreadPoolExecutor$Worker@437726ad[State = -1, empty queue]] WARN  server.GrpcLogAppender (GrpcLogAppender.java:timeoutAppendRequest(200)) - 5ecabd24-29f4-44ad-af86-ba12f6ac88ae@group-35A7B724CDC7->0ad894eb-396d-46a7-a4d0-256210dc34c1-GrpcLogAppender: appendEntries Timeout, request=5ecabd24-29f4-44ad-af86-ba12f6ac88ae->0ad894eb-396d-46a7-a4d0-256210dc34c1#66-t1, previous=(t:1, i:12), leaderCommit=6, initializing? false, entries: <empty>
2019-09-16 22:21:37,802 [grpc-default-executor-5] INFO  client.GrpcClientProtocolClient (GrpcClientProtocolClient.java:onNext(264)) - client-22ACCF61FDFE->9d8d98b0-9991-458a-859c-25f8efc1f325: receive RaftClientReply:client-22ACCF61FDFE->9d8d98b0-9991-458a-859c-25f8efc1f325@group-35A7B724CDC7, cid=16, FAILED org.apache.ratis.protocol.NotLeaderException: Server 9d8d98b0-9991-458a-859c-25f8efc1f325@group-35A7B724CDC7 is not the leader 5ecabd24-29f4-44ad-af86-ba12f6ac88ae:192.168.151.68:37146, logIndex=0, commits[9d8d98b0-9991-458a-859c-25f8efc1f325:c6, 0ad894eb-396d-46a7-a4d0-256210dc34c1:c4, 5ecabd24-29f4-44ad-af86-ba12f6ac88ae:c6]
2019-09-16 22:21:39,328 [org.apache.ratis.server.impl.LogAppender$AppenderDaemon$$Lambda$514/1412847569@6758782b] ERROR ratis.XceiverServerRatis (XceiverServerRatis.java:triggerPipelineClose(575)) - pipeline Action CLOSE  on pipeline PipelineID=3c82caf2-3cb3-4eb6-867b-35a7b724cdc7.Reason : 5ecabd24-29f4-44ad-af86-ba12f6ac88ae has not seen follower/s 9d8d98b0-9991-458a-859c-25f8efc1f325 for 138433ms 0ad894eb-396d-46a7-a4d0-256210dc34c1 for 138432ms
2019-09-16 22:21:39,328 [org.apache.ratis.server.impl.LogAppender$AppenderDaemon$$Lambda$514/1412847569@36bc085] ERROR ratis.XceiverServerRatis (XceiverServerRatis.java:triggerPipelineClose(575)) - pipeline Action CLOSE  on pipeline PipelineID=3c82caf2-3cb3-4eb6-867b-35a7b724cdc7.Reason : 5ecabd24-29f4-44ad-af86-ba12f6ac88ae has not seen follower/s 9d8d98b0-9991-458a-859c-25f8efc1f325 for 138433ms 0ad894eb-396d-46a7-a4d0-256210dc34c1 for 138432ms
2019-09-16 22:21:39,836 [java.util.concurrent.ThreadPoolExecutor$Worker@437726ad[State = -1, empty queue]] WARN  server.GrpcLogAppender (GrpcLogAppender.java:timeoutAppendRequest(200)) - 5ecabd24-29f4-44ad-af86-ba12f6ac88ae@group-35A7B724CDC7->0ad894eb-396d-46a7-a4d0-256210dc34c1-GrpcLogAppender: appendEntries Timeout, request=5ecabd24-29f4-44ad-af86-ba12f6ac88ae->0ad894eb-396d-46a7-a4d0-256210dc34c1#67-t1, previous=(t:1, i:12), leaderCommit=6, initializing? false, entries: <empty>
2019-09-16 22:21:39,836 [java.util.concurrent.ThreadPoolExecutor$Worker@3b767fb5[State = -1, empty queue]] WARN  server.GrpcLogAppender (GrpcLogAppender.java:timeoutAppendRequest(200)) - 5ecabd24-29f4-44ad-af86-ba12f6ac88ae@group-35A7B724CDC7->9d8d98b0-9991-458a-859c-25f8efc1f325-GrpcLogAppender: appendEntries Timeout, request=5ecabd24-29f4-44ad-af86-ba12f6ac88ae->9d8d98b0-9991-458a-859c-25f8efc1f325#67-t1, previous=(t:1, i:12), leaderCommit=6, initializing? false, entries: <empty>
2019-09-16 22:21:40,319 [EventQueue-PipelineActionsForPipelineActionHandler] ERROR pipeline.PipelineActionHandler (PipelineActionHandler.java:onMessage(60)) - Received pipeline action CLOSE for Pipeline[ Id: 3c82caf2-3cb3-4eb6-867b-35a7b724cdc7, Nodes: 5ecabd24-29f4-44ad-af86-ba12f6ac88ae{ip: 192.168.151.68, host: pr-hdds-2135-v26ff-2356241440, networkLocation: /default-rack, certSerialId: null}9d8d98b0-9991-458a-859c-25f8efc1f325{ip: 192.168.151.68, host: pr-hdds-2135-v26ff-2356241440, networkLocation: /default-rack, certSerialId: null}0ad894eb-396d-46a7-a4d0-256210dc34c1{ip: 192.168.151.68, host: pr-hdds-2135-v26ff-2356241440, networkLocation: /default-rack, certSerialId: null}, Type:RATIS, Factor:THREE, State:CLOSED] from datanode 5ecabd24-29f4-44ad-af86-ba12f6ac88ae{ip: 192.168.151.68, host: pr-hdds-2135-v26ff-2356241440, networkLocation: /default-rack, certSerialId: null}. Reason : 5ecabd24-29f4-44ad-af86-ba12f6ac88ae has not seen follower/s 9d8d98b0-9991-458a-859c-25f8efc1f325 for 138433ms 0ad894eb-396d-46a7-a4d0-256210dc34c1 for 138432ms
2019-09-16 22:21:40,319 [EventQueue-PipelineActionsForPipelineActionHandler] INFO  pipeline.SCMPipelineManager (SCMPipelineManager.java:finalizeAndDestroyPipeline(311)) - destroying pipeline:Pipeline[ Id: 3c82caf2-3cb3-4eb6-867b-35a7b724cdc7, Nodes: 5ecabd24-29f4-44ad-af86-ba12f6ac88ae{ip: 192.168.151.68, host: pr-hdds-2135-v26ff-2356241440, networkLocation: /default-rack, certSerialId: null}9d8d98b0-9991-458a-859c-25f8efc1f325{ip: 192.168.151.68, host: pr-hdds-2135-v26ff-2356241440, networkLocation: /default-rack, certSerialId: null}0ad894eb-396d-46a7-a4d0-256210dc34c1{ip: 192.168.151.68, host: pr-hdds-2135-v26ff-2356241440, networkLocation: /default-rack, certSerialId: null}, Type:RATIS, Factor:THREE, State:CLOSED]
2019-09-16 22:21:41,346 [5ecabd24-29f4-44ad-af86-ba12f6ac88ae@group-35A7B724CDC7-SegmentedRaftLogWorker] WARN  segmented.SegmentedRaftLogWorker (SegmentedRaftLogWorker.java:getFromFuture(90)) - Timeout 13/~
org.apache.ratis.protocol.TimeoutIOException: Timeout 10s: WriteLog:8: (t:1, i:8), STATEMACHINELOGENTRY, client-22ACCF61FDFE, cid=17-writeStateMachineData
	at org.apache.ratis.util.IOUtils.getFromFuture(IOUtils.java:87)
	at org.apache.ratis.server.raftlog.segmented.SegmentedRaftLogWorker$StateMachineDataPolicy.getFromFuture(SegmentedRaftLogWorker.java:87)
	at org.apache.ratis.server.raftlog.segmented.SegmentedRaftLogWorker$WriteLog.execute(SegmentedRaftLogWorker.java:477)
	at org.apache.ratis.server.raftlog.segmented.SegmentedRaftLogWorker.run(SegmentedRaftLogWorker.java:289)
	at java.lang.Thread.run(Thread.java:748)
Caused by: java.util.concurrent.TimeoutException
	at java.util.concurrent.CompletableFuture.timedGet(CompletableFuture.java:1771)
	at java.util.concurrent.CompletableFuture.get(CompletableFuture.java:1915)
	at org.apache.ratis.util.IOUtils.getFromFuture(IOUtils.java:79)
	... 4 more
2019-09-16 22:21:41,348 [0ad894eb-396d-46a7-a4d0-256210dc34c1@group-35A7B724CDC7-SegmentedRaftLogWorker] WARN  segmented.SegmentedRaftLogWorker (SegmentedRaftLogWorker.java:getFromFuture(90)) - Timeout 13/~
org.apache.ratis.protocol.TimeoutIOException: Timeout 10s: WriteLog:8: (t:1, i:8), STATEMACHINELOGENTRY, client-22ACCF61FDFE, cid=17-writeStateMachineData
	at org.apache.ratis.util.IOUtils.getFromFuture(IOUtils.java:87)
	at org.apache.ratis.server.raftlog.segmented.SegmentedRaftLogWorker$StateMachineDataPolicy.getFromFuture(SegmentedRaftLogWorker.java:87)
	at org.apache.ratis.server.raftlog.segmented.SegmentedRaftLogWorker$WriteLog.execute(SegmentedRaftLogWorker.java:477)
	at org.apache.ratis.server.raftlog.segmented.SegmentedRaftLogWorker.run(SegmentedRaftLogWorker.java:289)
	at java.lang.Thread.run(Thread.java:748)
Caused by: java.util.concurrent.TimeoutException
	at java.util.concurrent.CompletableFuture.timedGet(CompletableFuture.java:1771)
	at java.util.concurrent.CompletableFuture.get(CompletableFuture.java:1915)
	at org.apache.ratis.util.IOUtils.getFromFuture(IOUtils.java:79)
	... 4 more
2019-09-16 22:21:41,349 [9d8d98b0-9991-458a-859c-25f8efc1f325@group-35A7B724CDC7-SegmentedRaftLogWorker] WARN  segmented.SegmentedRaftLogWorker (SegmentedRaftLogWorker.java:getFromFuture(90)) - Timeout 13/~
org.apache.ratis.protocol.TimeoutIOException: Timeout 10s: WriteLog:8: (t:1, i:8), STATEMACHINELOGENTRY, client-22ACCF61FDFE, cid=17-writeStateMachineData
	at org.apache.ratis.util.IOUtils.getFromFuture(IOUtils.java:87)
	at org.apache.ratis.server.raftlog.segmented.SegmentedRaftLogWorker$StateMachineDataPolicy.getFromFuture(SegmentedRaftLogWorker.java:87)
	at org.apache.ratis.server.raftlog.segmented.SegmentedRaftLogWorker$WriteLog.execute(SegmentedRaftLogWorker.java:477)
	at org.apache.ratis.server.raftlog.segmented.SegmentedRaftLogWorker.run(SegmentedRaftLogWorker.java:289)
	at java.lang.Thread.run(Thread.java:748)
Caused by: java.util.concurrent.TimeoutException
	at java.util.concurrent.CompletableFuture.timedGet(CompletableFuture.java:1771)
	at java.util.concurrent.CompletableFuture.get(CompletableFuture.java:1915)
	at org.apache.ratis.util.IOUtils.getFromFuture(IOUtils.java:79)
	... 4 more
2019-09-16 22:21:41,831 [org.apache.ratis.server.impl.LogAppender$AppenderDaemon$$Lambda$514/1412847569@6758782b] ERROR ratis.XceiverServerRatis (XceiverServerRatis.java:triggerPipelineClose(575)) - pipeline Action CLOSE  on pipeline PipelineID=3c82caf2-3cb3-4eb6-867b-35a7b724cdc7.Reason : 5ecabd24-29f4-44ad-af86-ba12f6ac88ae has not seen follower/s 9d8d98b0-9991-458a-859c-25f8efc1f325 for 140936ms 0ad894eb-396d-46a7-a4d0-256210dc34c1 for 140935ms
2019-09-16 22:21:41,831 [org.apache.ratis.server.impl.LogAppender$AppenderDaemon$$Lambda$514/1412847569@36bc085] ERROR ratis.XceiverServerRatis (XceiverServerRatis.java:triggerPipelineClose(575)) - pipeline Action CLOSE  on pipeline PipelineID=3c82caf2-3cb3-4eb6-867b-35a7b724cdc7.Reason : 5ecabd24-29f4-44ad-af86-ba12f6ac88ae has not seen follower/s 9d8d98b0-9991-458a-859c-25f8efc1f325 for 140936ms 0ad894eb-396d-46a7-a4d0-256210dc34c1 for 140935ms
2019-09-16 22:21:42,319 [EventQueue-PipelineActionsForPipelineActionHandler] ERROR pipeline.PipelineActionHandler (PipelineActionHandler.java:onMessage(60)) - Received pipeline action CLOSE for Pipeline[ Id: 3c82caf2-3cb3-4eb6-867b-35a7b724cdc7, Nodes: 5ecabd24-29f4-44ad-af86-ba12f6ac88ae{ip: 192.168.151.68, host: pr-hdds-2135-v26ff-2356241440, networkLocation: /default-rack, certSerialId: null}9d8d98b0-9991-458a-859c-25f8efc1f325{ip: 192.168.151.68, host: pr-hdds-2135-v26ff-2356241440, networkLocation: /default-rack, certSerialId: null}0ad894eb-396d-46a7-a4d0-256210dc34c1{ip: 192.168.151.68, host: pr-hdds-2135-v26ff-2356241440, networkLocation: /default-rack, certSerialId: null}, Type:RATIS, Factor:THREE, State:CLOSED] from datanode 5ecabd24-29f4-44ad-af86-ba12f6ac88ae{ip: 192.168.151.68, host: pr-hdds-2135-v26ff-2356241440, networkLocation: /default-rack, certSerialId: null}. Reason : 5ecabd24-29f4-44ad-af86-ba12f6ac88ae has not seen follower/s 9d8d98b0-9991-458a-859c-25f8efc1f325 for 140936ms 0ad894eb-396d-46a7-a4d0-256210dc34c1 for 140935ms
2019-09-16 22:21:42,320 [EventQueue-PipelineActionsForPipelineActionHandler] INFO  pipeline.SCMPipelineManager (SCMPipelineManager.java:finalizeAndDestroyPipeline(311)) - destroying pipeline:Pipeline[ Id: 3c82caf2-3cb3-4eb6-867b-35a7b724cdc7, Nodes: 5ecabd24-29f4-44ad-af86-ba12f6ac88ae{ip: 192.168.151.68, host: pr-hdds-2135-v26ff-2356241440, networkLocation: /default-rack, certSerialId: null}9d8d98b0-9991-458a-859c-25f8efc1f325{ip: 192.168.151.68, host: pr-hdds-2135-v26ff-2356241440, networkLocation: /default-rack, certSerialId: null}0ad894eb-396d-46a7-a4d0-256210dc34c1{ip: 192.168.151.68, host: pr-hdds-2135-v26ff-2356241440, networkLocation: /default-rack, certSerialId: null}, Type:RATIS, Factor:THREE, State:CLOSED]
2019-09-16 22:21:42,328 [java.util.concurrent.ThreadPoolExecutor$Worker@3b767fb5[State = -1, empty queue]] WARN  server.GrpcLogAppender (GrpcLogAppender.java:timeoutAppendRequest(200)) - 5ecabd24-29f4-44ad-af86-ba12f6ac88ae@group-35A7B724CDC7->9d8d98b0-9991-458a-859c-25f8efc1f325-GrpcLogAppender: appendEntries Timeout, request=5ecabd24-29f4-44ad-af86-ba12f6ac88ae->9d8d98b0-9991-458a-859c-25f8efc1f325#68-t1, previous=(t:1, i:12), leaderCommit=6, initializing? false, entries: <empty>
2019-09-16 22:21:42,328 [java.util.concurrent.ThreadPoolExecutor$Worker@437726ad[State = -1, empty queue]] WARN  server.GrpcLogAppender (GrpcLogAppender.java:timeoutAppendRequest(200)) - 5ecabd24-29f4-44ad-af86-ba12f6ac88ae@group-35A7B724CDC7->0ad894eb-396d-46a7-a4d0-256210dc34c1-GrpcLogAppender: appendEntries Timeout, request=5ecabd24-29f4-44ad-af86-ba12f6ac88ae->0ad894eb-396d-46a7-a4d0-256210dc34c1#68-t1, previous=(t:1, i:12), leaderCommit=6, initializing? false, entries: <empty>
2019-09-16 22:21:42,869 [grpc-default-executor-2] INFO  client.GrpcClientProtocolClient (GrpcClientProtocolClient.java:onNext(264)) - client-22ACCF61FDFE->0ad894eb-396d-46a7-a4d0-256210dc34c1: receive RaftClientReply:client-22ACCF61FDFE->0ad894eb-396d-46a7-a4d0-256210dc34c1@group-35A7B724CDC7, cid=16, FAILED org.apache.ratis.protocol.NotLeaderException: Server 0ad894eb-396d-46a7-a4d0-256210dc34c1@group-35A7B724CDC7 is not the leader 5ecabd24-29f4-44ad-af86-ba12f6ac88ae:192.168.151.68:37146, logIndex=0, commits[0ad894eb-396d-46a7-a4d0-256210dc34c1:c6, 9d8d98b0-9991-458a-859c-25f8efc1f325:c4, 5ecabd24-29f4-44ad-af86-ba12f6ac88ae:c6]
2019-09-16 22:21:44,332 [org.apache.ratis.server.impl.LogAppender$AppenderDaemon$$Lambda$514/1412847569@6758782b] ERROR ratis.XceiverServerRatis (XceiverServerRatis.java:triggerPipelineClose(575)) - pipeline Action CLOSE  on pipeline PipelineID=3c82caf2-3cb3-4eb6-867b-35a7b724cdc7.Reason : 5ecabd24-29f4-44ad-af86-ba12f6ac88ae has not seen follower/s 9d8d98b0-9991-458a-859c-25f8efc1f325 for 143437ms 0ad894eb-396d-46a7-a4d0-256210dc34c1 for 143436ms
2019-09-16 22:21:44,332 [org.apache.ratis.server.impl.LogAppender$AppenderDaemon$$Lambda$514/1412847569@36bc085] ERROR ratis.XceiverServerRatis (XceiverServerRatis.java:triggerPipelineClose(575)) - pipeline Action CLOSE  on pipeline PipelineID=3c82caf2-3cb3-4eb6-867b-35a7b724cdc7.Reason : 5ecabd24-29f4-44ad-af86-ba12f6ac88ae has not seen follower/s 9d8d98b0-9991-458a-859c-25f8efc1f325 for 143437ms 0ad894eb-396d-46a7-a4d0-256210dc34c1 for 143436ms
2019-09-16 22:21:44,831 [java.util.concurrent.ThreadPoolExecutor$Worker@437726ad[State = -1, empty queue]] WARN  server.GrpcLogAppender (GrpcLogAppender.java:timeoutAppendRequest(200)) - 5ecabd24-29f4-44ad-af86-ba12f6ac88ae@group-35A7B724CDC7->0ad894eb-396d-46a7-a4d0-256210dc34c1-GrpcLogAppender: appendEntries Timeout, request=5ecabd24-29f4-44ad-af86-ba12f6ac88ae->0ad894eb-396d-46a7-a4d0-256210dc34c1#69-t1, previous=(t:1, i:12), leaderCommit=6, initializing? false, entries: <empty>
2019-09-16 22:21:44,831 [java.util.concurrent.ThreadPoolExecutor$Worker@3b767fb5[State = -1, empty queue]] WARN  server.GrpcLogAppender (GrpcLogAppender.java:timeoutAppendRequest(200)) - 5ecabd24-29f4-44ad-af86-ba12f6ac88ae@group-35A7B724CDC7->9d8d98b0-9991-458a-859c-25f8efc1f325-GrpcLogAppender: appendEntries Timeout, request=5ecabd24-29f4-44ad-af86-ba12f6ac88ae->9d8d98b0-9991-458a-859c-25f8efc1f325#69-t1, previous=(t:1, i:12), leaderCommit=6, initializing? false, entries: <empty>
2019-09-16 22:21:45,319 [EventQueue-PipelineActionsForPipelineActionHandler] ERROR pipeline.PipelineActionHandler (PipelineActionHandler.java:onMessage(60)) - Received pipeline action CLOSE for Pipeline[ Id: 3c82caf2-3cb3-4eb6-867b-35a7b724cdc7, Nodes: 5ecabd24-29f4-44ad-af86-ba12f6ac88ae{ip: 192.168.151.68, host: pr-hdds-2135-v26ff-2356241440, networkLocation: /default-rack, certSerialId: null}9d8d98b0-9991-458a-859c-25f8efc1f325{ip: 192.168.151.68, host: pr-hdds-2135-v26ff-2356241440, networkLocation: /default-rack, certSerialId: null}0ad894eb-396d-46a7-a4d0-256210dc34c1{ip: 192.168.151.68, host: pr-hdds-2135-v26ff-2356241440, networkLocation: /default-rack, certSerialId: null}, Type:RATIS, Factor:THREE, State:CLOSED] from datanode 5ecabd24-29f4-44ad-af86-ba12f6ac88ae{ip: 192.168.151.68, host: pr-hdds-2135-v26ff-2356241440, networkLocation: /default-rack, certSerialId: null}. Reason : 5ecabd24-29f4-44ad-af86-ba12f6ac88ae has not seen follower/s 9d8d98b0-9991-458a-859c-25f8efc1f325 for 143437ms 0ad894eb-396d-46a7-a4d0-256210dc34c1 for 143436ms
2019-09-16 22:21:45,319 [EventQueue-PipelineActionsForPipelineActionHandler] INFO  pipeline.SCMPipelineManager (SCMPipelineManager.java:finalizeAndDestroyPipeline(311)) - destroying pipeline:Pipeline[ Id: 3c82caf2-3cb3-4eb6-867b-35a7b724cdc7, Nodes: 5ecabd24-29f4-44ad-af86-ba12f6ac88ae{ip: 192.168.151.68, host: pr-hdds-2135-v26ff-2356241440, networkLocation: /default-rack, certSerialId: null}9d8d98b0-9991-458a-859c-25f8efc1f325{ip: 192.168.151.68, host: pr-hdds-2135-v26ff-2356241440, networkLocation: /default-rack, certSerialId: null}0ad894eb-396d-46a7-a4d0-256210dc34c1{ip: 192.168.151.68, host: pr-hdds-2135-v26ff-2356241440, networkLocation: /default-rack, certSerialId: null}, Type:RATIS, Factor:THREE, State:CLOSED]
2019-09-16 22:21:46,833 [org.apache.ratis.server.impl.LogAppender$AppenderDaemon$$Lambda$514/1412847569@36bc085] ERROR ratis.XceiverServerRatis (XceiverServerRatis.java:triggerPipelineClose(575)) - pipeline Action CLOSE  on pipeline PipelineID=3c82caf2-3cb3-4eb6-867b-35a7b724cdc7.Reason : 5ecabd24-29f4-44ad-af86-ba12f6ac88ae has not seen follower/s 9d8d98b0-9991-458a-859c-25f8efc1f325 for 145938ms 0ad894eb-396d-46a7-a4d0-256210dc34c1 for 145937ms
2019-09-16 22:21:46,833 [org.apache.ratis.server.impl.LogAppender$AppenderDaemon$$Lambda$514/1412847569@6758782b] ERROR ratis.XceiverServerRatis (XceiverServerRatis.java:triggerPipelineClose(575)) - pipeline Action CLOSE  on pipeline PipelineID=3c82caf2-3cb3-4eb6-867b-35a7b724cdc7.Reason : 5ecabd24-29f4-44ad-af86-ba12f6ac88ae has not seen follower/s 9d8d98b0-9991-458a-859c-25f8efc1f325 for 145938ms 0ad894eb-396d-46a7-a4d0-256210dc34c1 for 145937ms
2019-09-16 22:21:47,319 [EventQueue-PipelineActionsForPipelineActionHandler] ERROR pipeline.PipelineActionHandler (PipelineActionHandler.java:onMessage(60)) - Received pipeline action CLOSE for Pipeline[ Id: 3c82caf2-3cb3-4eb6-867b-35a7b724cdc7, Nodes: 5ecabd24-29f4-44ad-af86-ba12f6ac88ae{ip: 192.168.151.68, host: pr-hdds-2135-v26ff-2356241440, networkLocation: /default-rack, certSerialId: null}9d8d98b0-9991-458a-859c-25f8efc1f325{ip: 192.168.151.68, host: pr-hdds-2135-v26ff-2356241440, networkLocation: /default-rack, certSerialId: null}0ad894eb-396d-46a7-a4d0-256210dc34c1{ip: 192.168.151.68, host: pr-hdds-2135-v26ff-2356241440, networkLocation: /default-rack, certSerialId: null}, Type:RATIS, Factor:THREE, State:CLOSED] from datanode 5ecabd24-29f4-44ad-af86-ba12f6ac88ae{ip: 192.168.151.68, host: pr-hdds-2135-v26ff-2356241440, networkLocation: /default-rack, certSerialId: null}. Reason : 5ecabd24-29f4-44ad-af86-ba12f6ac88ae has not seen follower/s 9d8d98b0-9991-458a-859c-25f8efc1f325 for 145938ms 0ad894eb-396d-46a7-a4d0-256210dc34c1 for 145937ms
2019-09-16 22:21:47,320 [EventQueue-PipelineActionsForPipelineActionHandler] INFO  pipeline.SCMPipelineManager (SCMPipelineManager.java:finalizeAndDestroyPipeline(311)) - destroying pipeline:Pipeline[ Id: 3c82caf2-3cb3-4eb6-867b-35a7b724cdc7, Nodes: 5ecabd24-29f4-44ad-af86-ba12f6ac88ae{ip: 192.168.151.68, host: pr-hdds-2135-v26ff-2356241440, networkLocation: /default-rack, certSerialId: null}9d8d98b0-9991-458a-859c-25f8efc1f325{ip: 192.168.151.68, host: pr-hdds-2135-v26ff-2356241440, networkLocation: /default-rack, certSerialId: null}0ad894eb-396d-46a7-a4d0-256210dc34c1{ip: 192.168.151.68, host: pr-hdds-2135-v26ff-2356241440, networkLocation: /default-rack, certSerialId: null}, Type:RATIS, Factor:THREE, State:CLOSED]
2019-09-16 22:21:47,332 [java.util.concurrent.ThreadPoolExecutor$Worker@437726ad[State = -1, empty queue]] WARN  server.GrpcLogAppender (GrpcLogAppender.java:timeoutAppendRequest(200)) - 5ecabd24-29f4-44ad-af86-ba12f6ac88ae@group-35A7B724CDC7->0ad894eb-396d-46a7-a4d0-256210dc34c1-GrpcLogAppender: appendEntries Timeout, request=5ecabd24-29f4-44ad-af86-ba12f6ac88ae->0ad894eb-396d-46a7-a4d0-256210dc34c1#70-t1, previous=(t:1, i:12), leaderCommit=6, initializing? false, entries: <empty>
2019-09-16 22:21:47,332 [java.util.concurrent.ThreadPoolExecutor$Worker@3b767fb5[State = -1, empty queue]] WARN  server.GrpcLogAppender (GrpcLogAppender.java:timeoutAppendRequest(200)) - 5ecabd24-29f4-44ad-af86-ba12f6ac88ae@group-35A7B724CDC7->9d8d98b0-9991-458a-859c-25f8efc1f325-GrpcLogAppender: appendEntries Timeout, request=5ecabd24-29f4-44ad-af86-ba12f6ac88ae->9d8d98b0-9991-458a-859c-25f8efc1f325#70-t1, previous=(t:1, i:12), leaderCommit=6, initializing? false, entries: <empty>
2019-09-16 22:21:47,929 [grpc-default-executor-2] INFO  client.GrpcClientProtocolClient (GrpcClientProtocolClient.java:onNext(264)) - client-22ACCF61FDFE->9d8d98b0-9991-458a-859c-25f8efc1f325: receive RaftClientReply:client-22ACCF61FDFE->9d8d98b0-9991-458a-859c-25f8efc1f325@group-35A7B724CDC7, cid=16, FAILED org.apache.ratis.protocol.NotLeaderException: Server 9d8d98b0-9991-458a-859c-25f8efc1f325@group-35A7B724CDC7 is not the leader 5ecabd24-29f4-44ad-af86-ba12f6ac88ae:192.168.151.68:37146, logIndex=0, commits[9d8d98b0-9991-458a-859c-25f8efc1f325:c6, 0ad894eb-396d-46a7-a4d0-256210dc34c1:c4, 5ecabd24-29f4-44ad-af86-ba12f6ac88ae:c6]
2019-09-16 22:21:49,334 [org.apache.ratis.server.impl.LogAppender$AppenderDaemon$$Lambda$514/1412847569@36bc085] ERROR ratis.XceiverServerRatis (XceiverServerRatis.java:triggerPipelineClose(575)) - pipeline Action CLOSE  on pipeline PipelineID=3c82caf2-3cb3-4eb6-867b-35a7b724cdc7.Reason : 5ecabd24-29f4-44ad-af86-ba12f6ac88ae has not seen follower/s 9d8d98b0-9991-458a-859c-25f8efc1f325 for 148439ms 0ad894eb-396d-46a7-a4d0-256210dc34c1 for 148438ms
2019-09-16 22:21:49,334 [org.apache.ratis.server.impl.LogAppender$AppenderDaemon$$Lambda$514/1412847569@6758782b] ERROR ratis.XceiverServerRatis (XceiverServerRatis.java:triggerPipelineClose(575)) - pipeline Action CLOSE  on pipeline PipelineID=3c82caf2-3cb3-4eb6-867b-35a7b724cdc7.Reason : 5ecabd24-29f4-44ad-af86-ba12f6ac88ae has not seen follower/s 9d8d98b0-9991-458a-859c-25f8efc1f325 for 148439ms 0ad894eb-396d-46a7-a4d0-256210dc34c1 for 148438ms
2019-09-16 22:21:49,834 [java.util.concurrent.ThreadPoolExecutor$Worker@437726ad[State = -1, empty queue]] WARN  server.GrpcLogAppender (GrpcLogAppender.java:timeoutAppendRequest(200)) - 5ecabd24-29f4-44ad-af86-ba12f6ac88ae@group-35A7B724CDC7->0ad894eb-396d-46a7-a4d0-256210dc34c1-GrpcLogAppender: appendEntries Timeout, request=5ecabd24-29f4-44ad-af86-ba12f6ac88ae->0ad894eb-396d-46a7-a4d0-256210dc34c1#71-t1, previous=(t:1, i:12), leaderCommit=6, initializing? false, entries: <empty>
2019-09-16 22:21:49,834 [java.util.concurrent.ThreadPoolExecutor$Worker@3b767fb5[State = -1, empty queue]] WARN  server.GrpcLogAppender (GrpcLogAppender.java:timeoutAppendRequest(200)) - 5ecabd24-29f4-44ad-af86-ba12f6ac88ae@group-35A7B724CDC7->9d8d98b0-9991-458a-859c-25f8efc1f325-GrpcLogAppender: appendEntries Timeout, request=5ecabd24-29f4-44ad-af86-ba12f6ac88ae->9d8d98b0-9991-458a-859c-25f8efc1f325#71-t1, previous=(t:1, i:12), leaderCommit=6, initializing? false, entries: <empty>
2019-09-16 22:21:50,321 [EventQueue-PipelineActionsForPipelineActionHandler] ERROR pipeline.PipelineActionHandler (PipelineActionHandler.java:onMessage(60)) - Received pipeline action CLOSE for Pipeline[ Id: 3c82caf2-3cb3-4eb6-867b-35a7b724cdc7, Nodes: 5ecabd24-29f4-44ad-af86-ba12f6ac88ae{ip: 192.168.151.68, host: pr-hdds-2135-v26ff-2356241440, networkLocation: /default-rack, certSerialId: null}9d8d98b0-9991-458a-859c-25f8efc1f325{ip: 192.168.151.68, host: pr-hdds-2135-v26ff-2356241440, networkLocation: /default-rack, certSerialId: null}0ad894eb-396d-46a7-a4d0-256210dc34c1{ip: 192.168.151.68, host: pr-hdds-2135-v26ff-2356241440, networkLocation: /default-rack, certSerialId: null}, Type:RATIS, Factor:THREE, State:CLOSED] from datanode 5ecabd24-29f4-44ad-af86-ba12f6ac88ae{ip: 192.168.151.68, host: pr-hdds-2135-v26ff-2356241440, networkLocation: /default-rack, certSerialId: null}. Reason : 5ecabd24-29f4-44ad-af86-ba12f6ac88ae has not seen follower/s 9d8d98b0-9991-458a-859c-25f8efc1f325 for 148439ms 0ad894eb-396d-46a7-a4d0-256210dc34c1 for 148438ms
2019-09-16 22:21:50,321 [EventQueue-PipelineActionsForPipelineActionHandler] INFO  pipeline.SCMPipelineManager (SCMPipelineManager.java:finalizeAndDestroyPipeline(311)) - destroying pipeline:Pipeline[ Id: 3c82caf2-3cb3-4eb6-867b-35a7b724cdc7, Nodes: 5ecabd24-29f4-44ad-af86-ba12f6ac88ae{ip: 192.168.151.68, host: pr-hdds-2135-v26ff-2356241440, networkLocation: /default-rack, certSerialId: null}9d8d98b0-9991-458a-859c-25f8efc1f325{ip: 192.168.151.68, host: pr-hdds-2135-v26ff-2356241440, networkLocation: /default-rack, certSerialId: null}0ad894eb-396d-46a7-a4d0-256210dc34c1{ip: 192.168.151.68, host: pr-hdds-2135-v26ff-2356241440, networkLocation: /default-rack, certSerialId: null}, Type:RATIS, Factor:THREE, State:CLOSED]
2019-09-16 22:21:51,347 [5ecabd24-29f4-44ad-af86-ba12f6ac88ae@group-35A7B724CDC7-SegmentedRaftLogWorker] WARN  segmented.SegmentedRaftLogWorker (SegmentedRaftLogWorker.java:getFromFuture(90)) - Timeout 14/~
org.apache.ratis.protocol.TimeoutIOException: Timeout 10s: WriteLog:8: (t:1, i:8), STATEMACHINELOGENTRY, client-22ACCF61FDFE, cid=17-writeStateMachineData
	at org.apache.ratis.util.IOUtils.getFromFuture(IOUtils.java:87)
	at org.apache.ratis.server.raftlog.segmented.SegmentedRaftLogWorker$StateMachineDataPolicy.getFromFuture(SegmentedRaftLogWorker.java:87)
	at org.apache.ratis.server.raftlog.segmented.SegmentedRaftLogWorker$WriteLog.execute(SegmentedRaftLogWorker.java:477)
	at org.apache.ratis.server.raftlog.segmented.SegmentedRaftLogWorker.run(SegmentedRaftLogWorker.java:289)
	at java.lang.Thread.run(Thread.java:748)
Caused by: java.util.concurrent.TimeoutException
	at java.util.concurrent.CompletableFuture.timedGet(CompletableFuture.java:1771)
	at java.util.concurrent.CompletableFuture.get(CompletableFuture.java:1915)
	at org.apache.ratis.util.IOUtils.getFromFuture(IOUtils.java:79)
	... 4 more
2019-09-16 22:21:51,349 [0ad894eb-396d-46a7-a4d0-256210dc34c1@group-35A7B724CDC7-SegmentedRaftLogWorker] WARN  segmented.SegmentedRaftLogWorker (SegmentedRaftLogWorker.java:getFromFuture(90)) - Timeout 14/~
org.apache.ratis.protocol.TimeoutIOException: Timeout 10s: WriteLog:8: (t:1, i:8), STATEMACHINELOGENTRY, client-22ACCF61FDFE, cid=17-writeStateMachineData
	at org.apache.ratis.util.IOUtils.getFromFuture(IOUtils.java:87)
	at org.apache.ratis.server.raftlog.segmented.SegmentedRaftLogWorker$StateMachineDataPolicy.getFromFuture(SegmentedRaftLogWorker.java:87)
	at org.apache.ratis.server.raftlog.segmented.SegmentedRaftLogWorker$WriteLog.execute(SegmentedRaftLogWorker.java:477)
	at org.apache.ratis.server.raftlog.segmented.SegmentedRaftLogWorker.run(SegmentedRaftLogWorker.java:289)
	at java.lang.Thread.run(Thread.java:748)
Caused by: java.util.concurrent.TimeoutException
	at java.util.concurrent.CompletableFuture.timedGet(CompletableFuture.java:1771)
	at java.util.concurrent.CompletableFuture.get(CompletableFuture.java:1915)
	at org.apache.ratis.util.IOUtils.getFromFuture(IOUtils.java:79)
	... 4 more
2019-09-16 22:21:51,349 [9d8d98b0-9991-458a-859c-25f8efc1f325@group-35A7B724CDC7-SegmentedRaftLogWorker] WARN  segmented.SegmentedRaftLogWorker (SegmentedRaftLogWorker.java:getFromFuture(90)) - Timeout 14/~
org.apache.ratis.protocol.TimeoutIOException: Timeout 10s: WriteLog:8: (t:1, i:8), STATEMACHINELOGENTRY, client-22ACCF61FDFE, cid=17-writeStateMachineData
	at org.apache.ratis.util.IOUtils.getFromFuture(IOUtils.java:87)
	at org.apache.ratis.server.raftlog.segmented.SegmentedRaftLogWorker$StateMachineDataPolicy.getFromFuture(SegmentedRaftLogWorker.java:87)
	at org.apache.ratis.server.raftlog.segmented.SegmentedRaftLogWorker$WriteLog.execute(SegmentedRaftLogWorker.java:477)
	at org.apache.ratis.server.raftlog.segmented.SegmentedRaftLogWorker.run(SegmentedRaftLogWorker.java:289)
	at java.lang.Thread.run(Thread.java:748)
Caused by: java.util.concurrent.TimeoutException
	at java.util.concurrent.CompletableFuture.timedGet(CompletableFuture.java:1771)
	at java.util.concurrent.CompletableFuture.get(CompletableFuture.java:1915)
	at org.apache.ratis.util.IOUtils.getFromFuture(IOUtils.java:79)
	... 4 more
2019-09-16 22:21:51,836 [org.apache.ratis.server.impl.LogAppender$AppenderDaemon$$Lambda$514/1412847569@6758782b] ERROR ratis.XceiverServerRatis (XceiverServerRatis.java:triggerPipelineClose(575)) - pipeline Action CLOSE  on pipeline PipelineID=3c82caf2-3cb3-4eb6-867b-35a7b724cdc7.Reason : 5ecabd24-29f4-44ad-af86-ba12f6ac88ae has not seen follower/s 9d8d98b0-9991-458a-859c-25f8efc1f325 for 150940ms 0ad894eb-396d-46a7-a4d0-256210dc34c1 for 150940ms
2019-09-16 22:21:51,836 [org.apache.ratis.server.impl.LogAppender$AppenderDaemon$$Lambda$514/1412847569@36bc085] ERROR ratis.XceiverServerRatis (XceiverServerRatis.java:triggerPipelineClose(575)) - pipeline Action CLOSE  on pipeline PipelineID=3c82caf2-3cb3-4eb6-867b-35a7b724cdc7.Reason : 5ecabd24-29f4-44ad-af86-ba12f6ac88ae has not seen follower/s 9d8d98b0-9991-458a-859c-25f8efc1f325 for 150940ms 0ad894eb-396d-46a7-a4d0-256210dc34c1 for 150940ms
2019-09-16 22:21:52,320 [EventQueue-PipelineActionsForPipelineActionHandler] ERROR pipeline.PipelineActionHandler (PipelineActionHandler.java:onMessage(60)) - Received pipeline action CLOSE for Pipeline[ Id: 3c82caf2-3cb3-4eb6-867b-35a7b724cdc7, Nodes: 5ecabd24-29f4-44ad-af86-ba12f6ac88ae{ip: 192.168.151.68, host: pr-hdds-2135-v26ff-2356241440, networkLocation: /default-rack, certSerialId: null}9d8d98b0-9991-458a-859c-25f8efc1f325{ip: 192.168.151.68, host: pr-hdds-2135-v26ff-2356241440, networkLocation: /default-rack, certSerialId: null}0ad894eb-396d-46a7-a4d0-256210dc34c1{ip: 192.168.151.68, host: pr-hdds-2135-v26ff-2356241440, networkLocation: /default-rack, certSerialId: null}, Type:RATIS, Factor:THREE, State:CLOSED] from datanode 5ecabd24-29f4-44ad-af86-ba12f6ac88ae{ip: 192.168.151.68, host: pr-hdds-2135-v26ff-2356241440, networkLocation: /default-rack, certSerialId: null}. Reason : 5ecabd24-29f4-44ad-af86-ba12f6ac88ae has not seen follower/s 9d8d98b0-9991-458a-859c-25f8efc1f325 for 150940ms 0ad894eb-396d-46a7-a4d0-256210dc34c1 for 150940ms
2019-09-16 22:21:52,321 [EventQueue-PipelineActionsForPipelineActionHandler] INFO  pipeline.SCMPipelineManager (SCMPipelineManager.java:finalizeAndDestroyPipeline(311)) - destroying pipeline:Pipeline[ Id: 3c82caf2-3cb3-4eb6-867b-35a7b724cdc7, Nodes: 5ecabd24-29f4-44ad-af86-ba12f6ac88ae{ip: 192.168.151.68, host: pr-hdds-2135-v26ff-2356241440, networkLocation: /default-rack, certSerialId: null}9d8d98b0-9991-458a-859c-25f8efc1f325{ip: 192.168.151.68, host: pr-hdds-2135-v26ff-2356241440, networkLocation: /default-rack, certSerialId: null}0ad894eb-396d-46a7-a4d0-256210dc34c1{ip: 192.168.151.68, host: pr-hdds-2135-v26ff-2356241440, networkLocation: /default-rack, certSerialId: null}, Type:RATIS, Factor:THREE, State:CLOSED]
2019-09-16 22:21:52,334 [java.util.concurrent.ThreadPoolExecutor$Worker@437726ad[State = -1, empty queue]] WARN  server.GrpcLogAppender (GrpcLogAppender.java:timeoutAppendRequest(200)) - 5ecabd24-29f4-44ad-af86-ba12f6ac88ae@group-35A7B724CDC7->0ad894eb-396d-46a7-a4d0-256210dc34c1-GrpcLogAppender: appendEntries Timeout, request=5ecabd24-29f4-44ad-af86-ba12f6ac88ae->0ad894eb-396d-46a7-a4d0-256210dc34c1#72-t1, previous=(t:1, i:12), leaderCommit=6, initializing? false, entries: <empty>
2019-09-16 22:21:52,334 [java.util.concurrent.ThreadPoolExecutor$Worker@3b767fb5[State = -1, empty queue]] WARN  server.GrpcLogAppender (GrpcLogAppender.java:timeoutAppendRequest(200)) - 5ecabd24-29f4-44ad-af86-ba12f6ac88ae@group-35A7B724CDC7->9d8d98b0-9991-458a-859c-25f8efc1f325-GrpcLogAppender: appendEntries Timeout, request=5ecabd24-29f4-44ad-af86-ba12f6ac88ae->9d8d98b0-9991-458a-859c-25f8efc1f325#72-t1, previous=(t:1, i:12), leaderCommit=6, initializing? false, entries: <empty>
2019-09-16 22:21:52,980 [grpc-default-executor-2] INFO  client.GrpcClientProtocolClient (GrpcClientProtocolClient.java:onNext(264)) - client-22ACCF61FDFE->0ad894eb-396d-46a7-a4d0-256210dc34c1: receive RaftClientReply:client-22ACCF61FDFE->0ad894eb-396d-46a7-a4d0-256210dc34c1@group-35A7B724CDC7, cid=16, FAILED org.apache.ratis.protocol.NotLeaderException: Server 0ad894eb-396d-46a7-a4d0-256210dc34c1@group-35A7B724CDC7 is not the leader 5ecabd24-29f4-44ad-af86-ba12f6ac88ae:192.168.151.68:37146, logIndex=0, commits[0ad894eb-396d-46a7-a4d0-256210dc34c1:c6, 9d8d98b0-9991-458a-859c-25f8efc1f325:c4, 5ecabd24-29f4-44ad-af86-ba12f6ac88ae:c6]
2019-09-16 22:21:54,338 [org.apache.ratis.server.impl.LogAppender$AppenderDaemon$$Lambda$514/1412847569@36bc085] ERROR ratis.XceiverServerRatis (XceiverServerRatis.java:triggerPipelineClose(575)) - pipeline Action CLOSE  on pipeline PipelineID=3c82caf2-3cb3-4eb6-867b-35a7b724cdc7.Reason : 5ecabd24-29f4-44ad-af86-ba12f6ac88ae has not seen follower/s 9d8d98b0-9991-458a-859c-25f8efc1f325 for 153442ms 0ad894eb-396d-46a7-a4d0-256210dc34c1 for 153442ms
2019-09-16 22:21:54,338 [org.apache.ratis.server.impl.LogAppender$AppenderDaemon$$Lambda$514/1412847569@6758782b] ERROR ratis.XceiverServerRatis (XceiverServerRatis.java:triggerPipelineClose(575)) - pipeline Action CLOSE  on pipeline PipelineID=3c82caf2-3cb3-4eb6-867b-35a7b724cdc7.Reason : 5ecabd24-29f4-44ad-af86-ba12f6ac88ae has not seen follower/s 9d8d98b0-9991-458a-859c-25f8efc1f325 for 153442ms 0ad894eb-396d-46a7-a4d0-256210dc34c1 for 153442ms
2019-09-16 22:21:54,836 [java.util.concurrent.ThreadPoolExecutor$Worker@3b767fb5[State = -1, empty queue]] WARN  server.GrpcLogAppender (GrpcLogAppender.java:timeoutAppendRequest(200)) - 5ecabd24-29f4-44ad-af86-ba12f6ac88ae@group-35A7B724CDC7->9d8d98b0-9991-458a-859c-25f8efc1f325-GrpcLogAppender: appendEntries Timeout, request=5ecabd24-29f4-44ad-af86-ba12f6ac88ae->9d8d98b0-9991-458a-859c-25f8efc1f325#73-t1, previous=(t:1, i:12), leaderCommit=6, initializing? false, entries: <empty>
2019-09-16 22:21:54,836 [java.util.concurrent.ThreadPoolExecutor$Worker@437726ad[State = -1, empty queue]] WARN  server.GrpcLogAppender (GrpcLogAppender.java:timeoutAppendRequest(200)) - 5ecabd24-29f4-44ad-af86-ba12f6ac88ae@group-35A7B724CDC7->0ad894eb-396d-46a7-a4d0-256210dc34c1-GrpcLogAppender: appendEntries Timeout, request=5ecabd24-29f4-44ad-af86-ba12f6ac88ae->0ad894eb-396d-46a7-a4d0-256210dc34c1#73-t1, previous=(t:1, i:12), leaderCommit=6, initializing? false, entries: <empty>
2019-09-16 22:21:55,321 [EventQueue-PipelineActionsForPipelineActionHandler] ERROR pipeline.PipelineActionHandler (PipelineActionHandler.java:onMessage(60)) - Received pipeline action CLOSE for Pipeline[ Id: 3c82caf2-3cb3-4eb6-867b-35a7b724cdc7, Nodes: 5ecabd24-29f4-44ad-af86-ba12f6ac88ae{ip: 192.168.151.68, host: pr-hdds-2135-v26ff-2356241440, networkLocation: /default-rack, certSerialId: null}9d8d98b0-9991-458a-859c-25f8efc1f325{ip: 192.168.151.68, host: pr-hdds-2135-v26ff-2356241440, networkLocation: /default-rack, certSerialId: null}0ad894eb-396d-46a7-a4d0-256210dc34c1{ip: 192.168.151.68, host: pr-hdds-2135-v26ff-2356241440, networkLocation: /default-rack, certSerialId: null}, Type:RATIS, Factor:THREE, State:CLOSED] from datanode 5ecabd24-29f4-44ad-af86-ba12f6ac88ae{ip: 192.168.151.68, host: pr-hdds-2135-v26ff-2356241440, networkLocation: /default-rack, certSerialId: null}. Reason : 5ecabd24-29f4-44ad-af86-ba12f6ac88ae has not seen follower/s 9d8d98b0-9991-458a-859c-25f8efc1f325 for 153442ms 0ad894eb-396d-46a7-a4d0-256210dc34c1 for 153442ms
2019-09-16 22:21:55,321 [EventQueue-PipelineActionsForPipelineActionHandler] INFO  pipeline.SCMPipelineManager (SCMPipelineManager.java:finalizeAndDestroyPipeline(311)) - destroying pipeline:Pipeline[ Id: 3c82caf2-3cb3-4eb6-867b-35a7b724cdc7, Nodes: 5ecabd24-29f4-44ad-af86-ba12f6ac88ae{ip: 192.168.151.68, host: pr-hdds-2135-v26ff-2356241440, networkLocation: /default-rack, certSerialId: null}9d8d98b0-9991-458a-859c-25f8efc1f325{ip: 192.168.151.68, host: pr-hdds-2135-v26ff-2356241440, networkLocation: /default-rack, certSerialId: null}0ad894eb-396d-46a7-a4d0-256210dc34c1{ip: 192.168.151.68, host: pr-hdds-2135-v26ff-2356241440, networkLocation: /default-rack, certSerialId: null}, Type:RATIS, Factor:THREE, State:CLOSED]
2019-09-16 22:21:56,838 [org.apache.ratis.server.impl.LogAppender$AppenderDaemon$$Lambda$514/1412847569@6758782b] ERROR ratis.XceiverServerRatis (XceiverServerRatis.java:triggerPipelineClose(575)) - pipeline Action CLOSE  on pipeline PipelineID=3c82caf2-3cb3-4eb6-867b-35a7b724cdc7.Reason : 5ecabd24-29f4-44ad-af86-ba12f6ac88ae has not seen follower/s 9d8d98b0-9991-458a-859c-25f8efc1f325 for 155943ms 0ad894eb-396d-46a7-a4d0-256210dc34c1 for 155942ms
2019-09-16 22:21:56,839 [org.apache.ratis.server.impl.LogAppender$AppenderDaemon$$Lambda$514/1412847569@36bc085] ERROR ratis.XceiverServerRatis (XceiverServerRatis.java:triggerPipelineClose(575)) - pipeline Action CLOSE  on pipeline PipelineID=3c82caf2-3cb3-4eb6-867b-35a7b724cdc7.Reason : 5ecabd24-29f4-44ad-af86-ba12f6ac88ae has not seen follower/s 9d8d98b0-9991-458a-859c-25f8efc1f325 for 155944ms 0ad894eb-396d-46a7-a4d0-256210dc34c1 for 155943ms
2019-09-16 22:21:57,320 [EventQueue-PipelineActionsForPipelineActionHandler] ERROR pipeline.PipelineActionHandler (PipelineActionHandler.java:onMessage(60)) - Received pipeline action CLOSE for Pipeline[ Id: 3c82caf2-3cb3-4eb6-867b-35a7b724cdc7, Nodes: 5ecabd24-29f4-44ad-af86-ba12f6ac88ae{ip: 192.168.151.68, host: pr-hdds-2135-v26ff-2356241440, networkLocation: /default-rack, certSerialId: null}9d8d98b0-9991-458a-859c-25f8efc1f325{ip: 192.168.151.68, host: pr-hdds-2135-v26ff-2356241440, networkLocation: /default-rack, certSerialId: null}0ad894eb-396d-46a7-a4d0-256210dc34c1{ip: 192.168.151.68, host: pr-hdds-2135-v26ff-2356241440, networkLocation: /default-rack, certSerialId: null}, Type:RATIS, Factor:THREE, State:CLOSED] from datanode 5ecabd24-29f4-44ad-af86-ba12f6ac88ae{ip: 192.168.151.68, host: pr-hdds-2135-v26ff-2356241440, networkLocation: /default-rack, certSerialId: null}. Reason : 5ecabd24-29f4-44ad-af86-ba12f6ac88ae has not seen follower/s 9d8d98b0-9991-458a-859c-25f8efc1f325 for 155943ms 0ad894eb-396d-46a7-a4d0-256210dc34c1 for 155942ms
2019-09-16 22:21:57,320 [EventQueue-PipelineActionsForPipelineActionHandler] INFO  pipeline.SCMPipelineManager (SCMPipelineManager.java:finalizeAndDestroyPipeline(311)) - destroying pipeline:Pipeline[ Id: 3c82caf2-3cb3-4eb6-867b-35a7b724cdc7, Nodes: 5ecabd24-29f4-44ad-af86-ba12f6ac88ae{ip: 192.168.151.68, host: pr-hdds-2135-v26ff-2356241440, networkLocation: /default-rack, certSerialId: null}9d8d98b0-9991-458a-859c-25f8efc1f325{ip: 192.168.151.68, host: pr-hdds-2135-v26ff-2356241440, networkLocation: /default-rack, certSerialId: null}0ad894eb-396d-46a7-a4d0-256210dc34c1{ip: 192.168.151.68, host: pr-hdds-2135-v26ff-2356241440, networkLocation: /default-rack, certSerialId: null}, Type:RATIS, Factor:THREE, State:CLOSED]
2019-09-16 22:21:57,337 [java.util.concurrent.ThreadPoolExecutor$Worker@437726ad[State = -1, empty queue]] WARN  server.GrpcLogAppender (GrpcLogAppender.java:timeoutAppendRequest(200)) - 5ecabd24-29f4-44ad-af86-ba12f6ac88ae@group-35A7B724CDC7->0ad894eb-396d-46a7-a4d0-256210dc34c1-GrpcLogAppender: appendEntries Timeout, request=5ecabd24-29f4-44ad-af86-ba12f6ac88ae->0ad894eb-396d-46a7-a4d0-256210dc34c1#74-t1, previous=(t:1, i:12), leaderCommit=6, initializing? false, entries: <empty>
2019-09-16 22:21:57,337 [java.util.concurrent.ThreadPoolExecutor$Worker@3b767fb5[State = -1, empty queue]] WARN  server.GrpcLogAppender (GrpcLogAppender.java:timeoutAppendRequest(200)) - 5ecabd24-29f4-44ad-af86-ba12f6ac88ae@group-35A7B724CDC7->9d8d98b0-9991-458a-859c-25f8efc1f325-GrpcLogAppender: appendEntries Timeout, request=5ecabd24-29f4-44ad-af86-ba12f6ac88ae->9d8d98b0-9991-458a-859c-25f8efc1f325#74-t1, previous=(t:1, i:12), leaderCommit=6, initializing? false, entries: <empty>
2019-09-16 22:21:58,053 [grpc-default-executor-2] INFO  client.GrpcClientProtocolClient (GrpcClientProtocolClient.java:onNext(264)) - client-22ACCF61FDFE->9d8d98b0-9991-458a-859c-25f8efc1f325: receive RaftClientReply:client-22ACCF61FDFE->9d8d98b0-9991-458a-859c-25f8efc1f325@group-35A7B724CDC7, cid=16, FAILED org.apache.ratis.protocol.NotLeaderException: Server 9d8d98b0-9991-458a-859c-25f8efc1f325@group-35A7B724CDC7 is not the leader 5ecabd24-29f4-44ad-af86-ba12f6ac88ae:192.168.151.68:37146, logIndex=0, commits[9d8d98b0-9991-458a-859c-25f8efc1f325:c6, 0ad894eb-396d-46a7-a4d0-256210dc34c1:c4, 5ecabd24-29f4-44ad-af86-ba12f6ac88ae:c6]
2019-09-16 22:21:59,339 [org.apache.ratis.server.impl.LogAppender$AppenderDaemon$$Lambda$514/1412847569@36bc085] ERROR ratis.XceiverServerRatis (XceiverServerRatis.java:triggerPipelineClose(575)) - pipeline Action CLOSE  on pipeline PipelineID=3c82caf2-3cb3-4eb6-867b-35a7b724cdc7.Reason : 5ecabd24-29f4-44ad-af86-ba12f6ac88ae has not seen follower/s 9d8d98b0-9991-458a-859c-25f8efc1f325 for 158444ms 0ad894eb-396d-46a7-a4d0-256210dc34c1 for 158443ms
2019-09-16 22:21:59,339 [org.apache.ratis.server.impl.LogAppender$AppenderDaemon$$Lambda$514/1412847569@6758782b] ERROR ratis.XceiverServerRatis (XceiverServerRatis.java:triggerPipelineClose(575)) - pipeline Action CLOSE  on pipeline PipelineID=3c82caf2-3cb3-4eb6-867b-35a7b724cdc7.Reason : 5ecabd24-29f4-44ad-af86-ba12f6ac88ae has not seen follower/s 9d8d98b0-9991-458a-859c-25f8efc1f325 for 158444ms 0ad894eb-396d-46a7-a4d0-256210dc34c1 for 158443ms
2019-09-16 22:21:59,838 [java.util.concurrent.ThreadPoolExecutor$Worker@437726ad[State = -1, empty queue]] WARN  server.GrpcLogAppender (GrpcLogAppender.java:timeoutAppendRequest(200)) - 5ecabd24-29f4-44ad-af86-ba12f6ac88ae@group-35A7B724CDC7->0ad894eb-396d-46a7-a4d0-256210dc34c1-GrpcLogAppender: appendEntries Timeout, request=5ecabd24-29f4-44ad-af86-ba12f6ac88ae->0ad894eb-396d-46a7-a4d0-256210dc34c1#75-t1, previous=(t:1, i:12), leaderCommit=6, initializing? false, entries: <empty>
2019-09-16 22:21:59,839 [java.util.concurrent.ThreadPoolExecutor$Worker@3b767fb5[State = -1, empty queue]] WARN  server.GrpcLogAppender (GrpcLogAppender.java:timeoutAppendRequest(200)) - 5ecabd24-29f4-44ad-af86-ba12f6ac88ae@group-35A7B724CDC7->9d8d98b0-9991-458a-859c-25f8efc1f325-GrpcLogAppender: appendEntries Timeout, request=5ecabd24-29f4-44ad-af86-ba12f6ac88ae->9d8d98b0-9991-458a-859c-25f8efc1f325#75-t1, previous=(t:1, i:12), leaderCommit=6, initializing? false, entries: <empty>
2019-09-16 22:22:00,320 [EventQueue-PipelineActionsForPipelineActionHandler] ERROR pipeline.PipelineActionHandler (PipelineActionHandler.java:onMessage(60)) - Received pipeline action CLOSE for Pipeline[ Id: 3c82caf2-3cb3-4eb6-867b-35a7b724cdc7, Nodes: 5ecabd24-29f4-44ad-af86-ba12f6ac88ae{ip: 192.168.151.68, host: pr-hdds-2135-v26ff-2356241440, networkLocation: /default-rack, certSerialId: null}9d8d98b0-9991-458a-859c-25f8efc1f325{ip: 192.168.151.68, host: pr-hdds-2135-v26ff-2356241440, networkLocation: /default-rack, certSerialId: null}0ad894eb-396d-46a7-a4d0-256210dc34c1{ip: 192.168.151.68, host: pr-hdds-2135-v26ff-2356241440, networkLocation: /default-rack, certSerialId: null}, Type:RATIS, Factor:THREE, State:CLOSED] from datanode 5ecabd24-29f4-44ad-af86-ba12f6ac88ae{ip: 192.168.151.68, host: pr-hdds-2135-v26ff-2356241440, networkLocation: /default-rack, certSerialId: null}. Reason : 5ecabd24-29f4-44ad-af86-ba12f6ac88ae has not seen follower/s 9d8d98b0-9991-458a-859c-25f8efc1f325 for 158444ms 0ad894eb-396d-46a7-a4d0-256210dc34c1 for 158443ms
2019-09-16 22:22:00,320 [EventQueue-PipelineActionsForPipelineActionHandler] INFO  pipeline.SCMPipelineManager (SCMPipelineManager.java:finalizeAndDestroyPipeline(311)) - destroying pipeline:Pipeline[ Id: 3c82caf2-3cb3-4eb6-867b-35a7b724cdc7, Nodes: 5ecabd24-29f4-44ad-af86-ba12f6ac88ae{ip: 192.168.151.68, host: pr-hdds-2135-v26ff-2356241440, networkLocation: /default-rack, certSerialId: null}9d8d98b0-9991-458a-859c-25f8efc1f325{ip: 192.168.151.68, host: pr-hdds-2135-v26ff-2356241440, networkLocation: /default-rack, certSerialId: null}0ad894eb-396d-46a7-a4d0-256210dc34c1{ip: 192.168.151.68, host: pr-hdds-2135-v26ff-2356241440, networkLocation: /default-rack, certSerialId: null}, Type:RATIS, Factor:THREE, State:CLOSED]
2019-09-16 22:22:01,348 [5ecabd24-29f4-44ad-af86-ba12f6ac88ae@group-35A7B724CDC7-SegmentedRaftLogWorker] WARN  segmented.SegmentedRaftLogWorker (SegmentedRaftLogWorker.java:getFromFuture(90)) - Timeout 15/~
org.apache.ratis.protocol.TimeoutIOException: Timeout 10s: WriteLog:8: (t:1, i:8), STATEMACHINELOGENTRY, client-22ACCF61FDFE, cid=17-writeStateMachineData
	at org.apache.ratis.util.IOUtils.getFromFuture(IOUtils.java:87)
	at org.apache.ratis.server.raftlog.segmented.SegmentedRaftLogWorker$StateMachineDataPolicy.getFromFuture(SegmentedRaftLogWorker.java:87)
	at org.apache.ratis.server.raftlog.segmented.SegmentedRaftLogWorker$WriteLog.execute(SegmentedRaftLogWorker.java:477)
	at org.apache.ratis.server.raftlog.segmented.SegmentedRaftLogWorker.run(SegmentedRaftLogWorker.java:289)
	at java.lang.Thread.run(Thread.java:748)
Caused by: java.util.concurrent.TimeoutException
	at java.util.concurrent.CompletableFuture.timedGet(CompletableFuture.java:1771)
	at java.util.concurrent.CompletableFuture.get(CompletableFuture.java:1915)
	at org.apache.ratis.util.IOUtils.getFromFuture(IOUtils.java:79)
	... 4 more
2019-09-16 22:22:01,350 [0ad894eb-396d-46a7-a4d0-256210dc34c1@group-35A7B724CDC7-SegmentedRaftLogWorker] WARN  segmented.SegmentedRaftLogWorker (SegmentedRaftLogWorker.java:getFromFuture(90)) - Timeout 15/~
org.apache.ratis.protocol.TimeoutIOException: Timeout 10s: WriteLog:8: (t:1, i:8), STATEMACHINELOGENTRY, client-22ACCF61FDFE, cid=17-writeStateMachineData
	at org.apache.ratis.util.IOUtils.getFromFuture(IOUtils.java:87)
	at org.apache.ratis.server.raftlog.segmented.SegmentedRaftLogWorker$StateMachineDataPolicy.getFromFuture(SegmentedRaftLogWorker.java:87)
	at org.apache.ratis.server.raftlog.segmented.SegmentedRaftLogWorker$WriteLog.execute(SegmentedRaftLogWorker.java:477)
	at org.apache.ratis.server.raftlog.segmented.SegmentedRaftLogWorker.run(SegmentedRaftLogWorker.java:289)
	at java.lang.Thread.run(Thread.java:748)
Caused by: java.util.concurrent.TimeoutException
	at java.util.concurrent.CompletableFuture.timedGet(CompletableFuture.java:1771)
	at java.util.concurrent.CompletableFuture.get(CompletableFuture.java:1915)
	at org.apache.ratis.util.IOUtils.getFromFuture(IOUtils.java:79)
	... 4 more
2019-09-16 22:22:01,374 [9d8d98b0-9991-458a-859c-25f8efc1f325@group-35A7B724CDC7-SegmentedRaftLogWorker] WARN  segmented.SegmentedRaftLogWorker (SegmentedRaftLogWorker.java:getFromFuture(90)) - Timeout 15/~
org.apache.ratis.protocol.TimeoutIOException: Timeout 10s: WriteLog:8: (t:1, i:8), STATEMACHINELOGENTRY, client-22ACCF61FDFE, cid=17-writeStateMachineData
	at org.apache.ratis.util.IOUtils.getFromFuture(IOUtils.java:87)
	at org.apache.ratis.server.raftlog.segmented.SegmentedRaftLogWorker$StateMachineDataPolicy.getFromFuture(SegmentedRaftLogWorker.java:87)
	at org.apache.ratis.server.raftlog.segmented.SegmentedRaftLogWorker$WriteLog.execute(SegmentedRaftLogWorker.java:477)
	at org.apache.ratis.server.raftlog.segmented.SegmentedRaftLogWorker.run(SegmentedRaftLogWorker.java:289)
	at java.lang.Thread.run(Thread.java:748)
Caused by: java.util.concurrent.TimeoutException
	at java.util.concurrent.CompletableFuture.timedGet(CompletableFuture.java:1771)
	at java.util.concurrent.CompletableFuture.get(CompletableFuture.java:1915)
	at org.apache.ratis.util.IOUtils.getFromFuture(IOUtils.java:79)
	... 4 more
2019-09-16 22:22:01,840 [org.apache.ratis.server.impl.LogAppender$AppenderDaemon$$Lambda$514/1412847569@36bc085] ERROR ratis.XceiverServerRatis (XceiverServerRatis.java:triggerPipelineClose(575)) - pipeline Action CLOSE  on pipeline PipelineID=3c82caf2-3cb3-4eb6-867b-35a7b724cdc7.Reason : 5ecabd24-29f4-44ad-af86-ba12f6ac88ae has not seen follower/s 9d8d98b0-9991-458a-859c-25f8efc1f325 for 160945ms 0ad894eb-396d-46a7-a4d0-256210dc34c1 for 160944ms
2019-09-16 22:22:01,840 [org.apache.ratis.server.impl.LogAppender$AppenderDaemon$$Lambda$514/1412847569@6758782b] ERROR ratis.XceiverServerRatis (XceiverServerRatis.java:triggerPipelineClose(575)) - pipeline Action CLOSE  on pipeline PipelineID=3c82caf2-3cb3-4eb6-867b-35a7b724cdc7.Reason : 5ecabd24-29f4-44ad-af86-ba12f6ac88ae has not seen follower/s 9d8d98b0-9991-458a-859c-25f8efc1f325 for 160945ms 0ad894eb-396d-46a7-a4d0-256210dc34c1 for 160945ms
2019-09-16 22:22:02,321 [EventQueue-PipelineActionsForPipelineActionHandler] ERROR pipeline.PipelineActionHandler (PipelineActionHandler.java:onMessage(60)) - Received pipeline action CLOSE for Pipeline[ Id: 3c82caf2-3cb3-4eb6-867b-35a7b724cdc7, Nodes: 5ecabd24-29f4-44ad-af86-ba12f6ac88ae{ip: 192.168.151.68, host: pr-hdds-2135-v26ff-2356241440, networkLocation: /default-rack, certSerialId: null}9d8d98b0-9991-458a-859c-25f8efc1f325{ip: 192.168.151.68, host: pr-hdds-2135-v26ff-2356241440, networkLocation: /default-rack, certSerialId: null}0ad894eb-396d-46a7-a4d0-256210dc34c1{ip: 192.168.151.68, host: pr-hdds-2135-v26ff-2356241440, networkLocation: /default-rack, certSerialId: null}, Type:RATIS, Factor:THREE, State:CLOSED] from datanode 5ecabd24-29f4-44ad-af86-ba12f6ac88ae{ip: 192.168.151.68, host: pr-hdds-2135-v26ff-2356241440, networkLocation: /default-rack, certSerialId: null}. Reason : 5ecabd24-29f4-44ad-af86-ba12f6ac88ae has not seen follower/s 9d8d98b0-9991-458a-859c-25f8efc1f325 for 160945ms 0ad894eb-396d-46a7-a4d0-256210dc34c1 for 160944ms
2019-09-16 22:22:02,321 [EventQueue-PipelineActionsForPipelineActionHandler] INFO  pipeline.SCMPipelineManager (SCMPipelineManager.java:finalizeAndDestroyPipeline(311)) - destroying pipeline:Pipeline[ Id: 3c82caf2-3cb3-4eb6-867b-35a7b724cdc7, Nodes: 5ecabd24-29f4-44ad-af86-ba12f6ac88ae{ip: 192.168.151.68, host: pr-hdds-2135-v26ff-2356241440, networkLocation: /default-rack, certSerialId: null}9d8d98b0-9991-458a-859c-25f8efc1f325{ip: 192.168.151.68, host: pr-hdds-2135-v26ff-2356241440, networkLocation: /default-rack, certSerialId: null}0ad894eb-396d-46a7-a4d0-256210dc34c1{ip: 192.168.151.68, host: pr-hdds-2135-v26ff-2356241440, networkLocation: /default-rack, certSerialId: null}, Type:RATIS, Factor:THREE, State:CLOSED]
2019-09-16 22:22:02,339 [java.util.concurrent.ThreadPoolExecutor$Worker@437726ad[State = -1, empty queue]] WARN  server.GrpcLogAppender (GrpcLogAppender.java:timeoutAppendRequest(200)) - 5ecabd24-29f4-44ad-af86-ba12f6ac88ae@group-35A7B724CDC7->0ad894eb-396d-46a7-a4d0-256210dc34c1-GrpcLogAppender: appendEntries Timeout, request=5ecabd24-29f4-44ad-af86-ba12f6ac88ae->0ad894eb-396d-46a7-a4d0-256210dc34c1#76-t1, previous=(t:1, i:12), leaderCommit=6, initializing? false, entries: <empty>
2019-09-16 22:22:02,339 [java.util.concurrent.ThreadPoolExecutor$Worker@3b767fb5[State = -1, empty queue]] WARN  server.GrpcLogAppender (GrpcLogAppender.java:timeoutAppendRequest(200)) - 5ecabd24-29f4-44ad-af86-ba12f6ac88ae@group-35A7B724CDC7->9d8d98b0-9991-458a-859c-25f8efc1f325-GrpcLogAppender: appendEntries Timeout, request=5ecabd24-29f4-44ad-af86-ba12f6ac88ae->9d8d98b0-9991-458a-859c-25f8efc1f325#76-t1, previous=(t:1, i:12), leaderCommit=6, initializing? false, entries: <empty>
2019-09-16 22:22:03,103 [grpc-default-executor-5] INFO  client.GrpcClientProtocolClient (GrpcClientProtocolClient.java:onNext(264)) - client-22ACCF61FDFE->0ad894eb-396d-46a7-a4d0-256210dc34c1: receive RaftClientReply:client-22ACCF61FDFE->0ad894eb-396d-46a7-a4d0-256210dc34c1@group-35A7B724CDC7, cid=16, FAILED org.apache.ratis.protocol.NotLeaderException: Server 0ad894eb-396d-46a7-a4d0-256210dc34c1@group-35A7B724CDC7 is not the leader 5ecabd24-29f4-44ad-af86-ba12f6ac88ae:192.168.151.68:37146, logIndex=0, commits[0ad894eb-396d-46a7-a4d0-256210dc34c1:c6, 9d8d98b0-9991-458a-859c-25f8efc1f325:c4, 5ecabd24-29f4-44ad-af86-ba12f6ac88ae:c6]
2019-09-16 22:22:04,342 [org.apache.ratis.server.impl.LogAppender$AppenderDaemon$$Lambda$514/1412847569@36bc085] ERROR ratis.XceiverServerRatis (XceiverServerRatis.java:triggerPipelineClose(575)) - pipeline Action CLOSE  on pipeline PipelineID=3c82caf2-3cb3-4eb6-867b-35a7b724cdc7.Reason : 5ecabd24-29f4-44ad-af86-ba12f6ac88ae has not seen follower/s 9d8d98b0-9991-458a-859c-25f8efc1f325 for 163447ms 0ad894eb-396d-46a7-a4d0-256210dc34c1 for 163446ms
2019-09-16 22:22:04,342 [org.apache.ratis.server.impl.LogAppender$AppenderDaemon$$Lambda$514/1412847569@6758782b] ERROR ratis.XceiverServerRatis (XceiverServerRatis.java:triggerPipelineClose(575)) - pipeline Action CLOSE  on pipeline PipelineID=3c82caf2-3cb3-4eb6-867b-35a7b724cdc7.Reason : 5ecabd24-29f4-44ad-af86-ba12f6ac88ae has not seen follower/s 9d8d98b0-9991-458a-859c-25f8efc1f325 for 163447ms 0ad894eb-396d-46a7-a4d0-256210dc34c1 for 163446ms
2019-09-16 22:22:04,840 [java.util.concurrent.ThreadPoolExecutor$Worker@3b767fb5[State = -1, empty queue]] WARN  server.GrpcLogAppender (GrpcLogAppender.java:timeoutAppendRequest(200)) - 5ecabd24-29f4-44ad-af86-ba12f6ac88ae@group-35A7B724CDC7->9d8d98b0-9991-458a-859c-25f8efc1f325-GrpcLogAppender: appendEntries Timeout, request=5ecabd24-29f4-44ad-af86-ba12f6ac88ae->9d8d98b0-9991-458a-859c-25f8efc1f325#77-t1, previous=(t:1, i:12), leaderCommit=6, initializing? false, entries: <empty>
2019-09-16 22:22:04,840 [java.util.concurrent.ThreadPoolExecutor$Worker@437726ad[State = -1, empty queue]] WARN  server.GrpcLogAppender (GrpcLogAppender.java:timeoutAppendRequest(200)) - 5ecabd24-29f4-44ad-af86-ba12f6ac88ae@group-35A7B724CDC7->0ad894eb-396d-46a7-a4d0-256210dc34c1-GrpcLogAppender: appendEntries Timeout, request=5ecabd24-29f4-44ad-af86-ba12f6ac88ae->0ad894eb-396d-46a7-a4d0-256210dc34c1#77-t1, previous=(t:1, i:12), leaderCommit=6, initializing? false, entries: <empty>
2019-09-16 22:22:05,321 [EventQueue-PipelineActionsForPipelineActionHandler] ERROR pipeline.PipelineActionHandler (PipelineActionHandler.java:onMessage(60)) - Received pipeline action CLOSE for Pipeline[ Id: 3c82caf2-3cb3-4eb6-867b-35a7b724cdc7, Nodes: 5ecabd24-29f4-44ad-af86-ba12f6ac88ae{ip: 192.168.151.68, host: pr-hdds-2135-v26ff-2356241440, networkLocation: /default-rack, certSerialId: null}9d8d98b0-9991-458a-859c-25f8efc1f325{ip: 192.168.151.68, host: pr-hdds-2135-v26ff-2356241440, networkLocation: /default-rack, certSerialId: null}0ad894eb-396d-46a7-a4d0-256210dc34c1{ip: 192.168.151.68, host: pr-hdds-2135-v26ff-2356241440, networkLocation: /default-rack, certSerialId: null}, Type:RATIS, Factor:THREE, State:CLOSED] from datanode 5ecabd24-29f4-44ad-af86-ba12f6ac88ae{ip: 192.168.151.68, host: pr-hdds-2135-v26ff-2356241440, networkLocation: /default-rack, certSerialId: null}. Reason : 5ecabd24-29f4-44ad-af86-ba12f6ac88ae has not seen follower/s 9d8d98b0-9991-458a-859c-25f8efc1f325 for 163447ms 0ad894eb-396d-46a7-a4d0-256210dc34c1 for 163446ms
2019-09-16 22:22:05,321 [EventQueue-PipelineActionsForPipelineActionHandler] INFO  pipeline.SCMPipelineManager (SCMPipelineManager.java:finalizeAndDestroyPipeline(311)) - destroying pipeline:Pipeline[ Id: 3c82caf2-3cb3-4eb6-867b-35a7b724cdc7, Nodes: 5ecabd24-29f4-44ad-af86-ba12f6ac88ae{ip: 192.168.151.68, host: pr-hdds-2135-v26ff-2356241440, networkLocation: /default-rack, certSerialId: null}9d8d98b0-9991-458a-859c-25f8efc1f325{ip: 192.168.151.68, host: pr-hdds-2135-v26ff-2356241440, networkLocation: /default-rack, certSerialId: null}0ad894eb-396d-46a7-a4d0-256210dc34c1{ip: 192.168.151.68, host: pr-hdds-2135-v26ff-2356241440, networkLocation: /default-rack, certSerialId: null}, Type:RATIS, Factor:THREE, State:CLOSED]
2019-09-16 22:22:06,844 [org.apache.ratis.server.impl.LogAppender$AppenderDaemon$$Lambda$514/1412847569@36bc085] ERROR ratis.XceiverServerRatis (XceiverServerRatis.java:triggerPipelineClose(575)) - pipeline Action CLOSE  on pipeline PipelineID=3c82caf2-3cb3-4eb6-867b-35a7b724cdc7.Reason : 5ecabd24-29f4-44ad-af86-ba12f6ac88ae has not seen follower/s 9d8d98b0-9991-458a-859c-25f8efc1f325 for 165948ms 0ad894eb-396d-46a7-a4d0-256210dc34c1 for 165947ms
2019-09-16 22:22:06,844 [org.apache.ratis.server.impl.LogAppender$AppenderDaemon$$Lambda$514/1412847569@6758782b] ERROR ratis.XceiverServerRatis (XceiverServerRatis.java:triggerPipelineClose(575)) - pipeline Action CLOSE  on pipeline PipelineID=3c82caf2-3cb3-4eb6-867b-35a7b724cdc7.Reason : 5ecabd24-29f4-44ad-af86-ba12f6ac88ae has not seen follower/s 9d8d98b0-9991-458a-859c-25f8efc1f325 for 165948ms 0ad894eb-396d-46a7-a4d0-256210dc34c1 for 165947ms
2019-09-16 22:22:07,321 [EventQueue-PipelineActionsForPipelineActionHandler] ERROR pipeline.PipelineActionHandler (PipelineActionHandler.java:onMessage(60)) - Received pipeline action CLOSE for Pipeline[ Id: 3c82caf2-3cb3-4eb6-867b-35a7b724cdc7, Nodes: 5ecabd24-29f4-44ad-af86-ba12f6ac88ae{ip: 192.168.151.68, host: pr-hdds-2135-v26ff-2356241440, networkLocation: /default-rack, certSerialId: null}9d8d98b0-9991-458a-859c-25f8efc1f325{ip: 192.168.151.68, host: pr-hdds-2135-v26ff-2356241440, networkLocation: /default-rack, certSerialId: null}0ad894eb-396d-46a7-a4d0-256210dc34c1{ip: 192.168.151.68, host: pr-hdds-2135-v26ff-2356241440, networkLocation: /default-rack, certSerialId: null}, Type:RATIS, Factor:THREE, State:CLOSED] from datanode 5ecabd24-29f4-44ad-af86-ba12f6ac88ae{ip: 192.168.151.68, host: pr-hdds-2135-v26ff-2356241440, networkLocation: /default-rack, certSerialId: null}. Reason : 5ecabd24-29f4-44ad-af86-ba12f6ac88ae has not seen follower/s 9d8d98b0-9991-458a-859c-25f8efc1f325 for 165948ms 0ad894eb-396d-46a7-a4d0-256210dc34c1 for 165947ms
2019-09-16 22:22:07,321 [EventQueue-PipelineActionsForPipelineActionHandler] INFO  pipeline.SCMPipelineManager (SCMPipelineManager.java:finalizeAndDestroyPipeline(311)) - destroying pipeline:Pipeline[ Id: 3c82caf2-3cb3-4eb6-867b-35a7b724cdc7, Nodes: 5ecabd24-29f4-44ad-af86-ba12f6ac88ae{ip: 192.168.151.68, host: pr-hdds-2135-v26ff-2356241440, networkLocation: /default-rack, certSerialId: null}9d8d98b0-9991-458a-859c-25f8efc1f325{ip: 192.168.151.68, host: pr-hdds-2135-v26ff-2356241440, networkLocation: /default-rack, certSerialId: null}0ad894eb-396d-46a7-a4d0-256210dc34c1{ip: 192.168.151.68, host: pr-hdds-2135-v26ff-2356241440, networkLocation: /default-rack, certSerialId: null}, Type:RATIS, Factor:THREE, State:CLOSED]
2019-09-16 22:22:07,342 [java.util.concurrent.ThreadPoolExecutor$Worker@437726ad[State = -1, empty queue]] WARN  server.GrpcLogAppender (GrpcLogAppender.java:timeoutAppendRequest(200)) - 5ecabd24-29f4-44ad-af86-ba12f6ac88ae@group-35A7B724CDC7->0ad894eb-396d-46a7-a4d0-256210dc34c1-GrpcLogAppender: appendEntries Timeout, request=5ecabd24-29f4-44ad-af86-ba12f6ac88ae->0ad894eb-396d-46a7-a4d0-256210dc34c1#78-t1, previous=(t:1, i:12), leaderCommit=6, initializing? false, entries: <empty>
2019-09-16 22:22:07,342 [java.util.concurrent.ThreadPoolExecutor$Worker@3b767fb5[State = -1, empty queue]] WARN  server.GrpcLogAppender (GrpcLogAppender.java:timeoutAppendRequest(200)) - 5ecabd24-29f4-44ad-af86-ba12f6ac88ae@group-35A7B724CDC7->9d8d98b0-9991-458a-859c-25f8efc1f325-GrpcLogAppender: appendEntries Timeout, request=5ecabd24-29f4-44ad-af86-ba12f6ac88ae->9d8d98b0-9991-458a-859c-25f8efc1f325#78-t1, previous=(t:1, i:12), leaderCommit=6, initializing? false, entries: <empty>
2019-09-16 22:22:08,159 [grpc-default-executor-5] INFO  client.GrpcClientProtocolClient (GrpcClientProtocolClient.java:onNext(264)) - client-22ACCF61FDFE->0ad894eb-396d-46a7-a4d0-256210dc34c1: receive RaftClientReply:client-22ACCF61FDFE->0ad894eb-396d-46a7-a4d0-256210dc34c1@group-35A7B724CDC7, cid=16, FAILED org.apache.ratis.protocol.NotLeaderException: Server 0ad894eb-396d-46a7-a4d0-256210dc34c1@group-35A7B724CDC7 is not the leader 5ecabd24-29f4-44ad-af86-ba12f6ac88ae:192.168.151.68:37146, logIndex=0, commits[0ad894eb-396d-46a7-a4d0-256210dc34c1:c6, 9d8d98b0-9991-458a-859c-25f8efc1f325:c4, 5ecabd24-29f4-44ad-af86-ba12f6ac88ae:c6]
2019-09-16 22:22:09,344 [org.apache.ratis.server.impl.LogAppender$AppenderDaemon$$Lambda$514/1412847569@36bc085] ERROR ratis.XceiverServerRatis (XceiverServerRatis.java:triggerPipelineClose(575)) - pipeline Action CLOSE  on pipeline PipelineID=3c82caf2-3cb3-4eb6-867b-35a7b724cdc7.Reason : 5ecabd24-29f4-44ad-af86-ba12f6ac88ae has not seen follower/s 9d8d98b0-9991-458a-859c-25f8efc1f325 for 168449ms 0ad894eb-396d-46a7-a4d0-256210dc34c1 for 168448ms
2019-09-16 22:22:09,344 [org.apache.ratis.server.impl.LogAppender$AppenderDaemon$$Lambda$514/1412847569@6758782b] ERROR ratis.XceiverServerRatis (XceiverServerRatis.java:triggerPipelineClose(575)) - pipeline Action CLOSE  on pipeline PipelineID=3c82caf2-3cb3-4eb6-867b-35a7b724cdc7.Reason : 5ecabd24-29f4-44ad-af86-ba12f6ac88ae has not seen follower/s 9d8d98b0-9991-458a-859c-25f8efc1f325 for 168449ms 0ad894eb-396d-46a7-a4d0-256210dc34c1 for 168448ms
2019-09-16 22:22:09,843 [java.util.concurrent.ThreadPoolExecutor$Worker@437726ad[State = -1, empty queue]] WARN  server.GrpcLogAppender (GrpcLogAppender.java:timeoutAppendRequest(200)) - 5ecabd24-29f4-44ad-af86-ba12f6ac88ae@group-35A7B724CDC7->0ad894eb-396d-46a7-a4d0-256210dc34c1-GrpcLogAppender: appendEntries Timeout, request=5ecabd24-29f4-44ad-af86-ba12f6ac88ae->0ad894eb-396d-46a7-a4d0-256210dc34c1#79-t1, previous=(t:1, i:12), leaderCommit=6, initializing? false, entries: <empty>
2019-09-16 22:22:09,843 [java.util.concurrent.ThreadPoolExecutor$Worker@3b767fb5[State = -1, empty queue]] WARN  server.GrpcLogAppender (GrpcLogAppender.java:timeoutAppendRequest(200)) - 5ecabd24-29f4-44ad-af86-ba12f6ac88ae@group-35A7B724CDC7->9d8d98b0-9991-458a-859c-25f8efc1f325-GrpcLogAppender: appendEntries Timeout, request=5ecabd24-29f4-44ad-af86-ba12f6ac88ae->9d8d98b0-9991-458a-859c-25f8efc1f325#79-t1, previous=(t:1, i:12), leaderCommit=6, initializing? false, entries: <empty>
2019-09-16 22:22:10,323 [EventQueue-PipelineActionsForPipelineActionHandler] ERROR pipeline.PipelineActionHandler (PipelineActionHandler.java:onMessage(60)) - Received pipeline action CLOSE for Pipeline[ Id: 3c82caf2-3cb3-4eb6-867b-35a7b724cdc7, Nodes: 5ecabd24-29f4-44ad-af86-ba12f6ac88ae{ip: 192.168.151.68, host: pr-hdds-2135-v26ff-2356241440, networkLocation: /default-rack, certSerialId: null}9d8d98b0-9991-458a-859c-25f8efc1f325{ip: 192.168.151.68, host: pr-hdds-2135-v26ff-2356241440, networkLocation: /default-rack, certSerialId: null}0ad894eb-396d-46a7-a4d0-256210dc34c1{ip: 192.168.151.68, host: pr-hdds-2135-v26ff-2356241440, networkLocation: /default-rack, certSerialId: null}, Type:RATIS, Factor:THREE, State:CLOSED] from datanode 5ecabd24-29f4-44ad-af86-ba12f6ac88ae{ip: 192.168.151.68, host: pr-hdds-2135-v26ff-2356241440, networkLocation: /default-rack, certSerialId: null}. Reason : 5ecabd24-29f4-44ad-af86-ba12f6ac88ae has not seen follower/s 9d8d98b0-9991-458a-859c-25f8efc1f325 for 168449ms 0ad894eb-396d-46a7-a4d0-256210dc34c1 for 168448ms
2019-09-16 22:22:10,324 [EventQueue-PipelineActionsForPipelineActionHandler] INFO  pipeline.SCMPipelineManager (SCMPipelineManager.java:finalizeAndDestroyPipeline(311)) - destroying pipeline:Pipeline[ Id: 3c82caf2-3cb3-4eb6-867b-35a7b724cdc7, Nodes: 5ecabd24-29f4-44ad-af86-ba12f6ac88ae{ip: 192.168.151.68, host: pr-hdds-2135-v26ff-2356241440, networkLocation: /default-rack, certSerialId: null}9d8d98b0-9991-458a-859c-25f8efc1f325{ip: 192.168.151.68, host: pr-hdds-2135-v26ff-2356241440, networkLocation: /default-rack, certSerialId: null}0ad894eb-396d-46a7-a4d0-256210dc34c1{ip: 192.168.151.68, host: pr-hdds-2135-v26ff-2356241440, networkLocation: /default-rack, certSerialId: null}, Type:RATIS, Factor:THREE, State:CLOSED]
2019-09-16 22:22:11,350 [5ecabd24-29f4-44ad-af86-ba12f6ac88ae@group-35A7B724CDC7-SegmentedRaftLogWorker] WARN  segmented.SegmentedRaftLogWorker (SegmentedRaftLogWorker.java:getFromFuture(90)) - Timeout 16/~
org.apache.ratis.protocol.TimeoutIOException: Timeout 10s: WriteLog:8: (t:1, i:8), STATEMACHINELOGENTRY, client-22ACCF61FDFE, cid=17-writeStateMachineData
	at org.apache.ratis.util.IOUtils.getFromFuture(IOUtils.java:87)
	at org.apache.ratis.server.raftlog.segmented.SegmentedRaftLogWorker$StateMachineDataPolicy.getFromFuture(SegmentedRaftLogWorker.java:87)
	at org.apache.ratis.server.raftlog.segmented.SegmentedRaftLogWorker$WriteLog.execute(SegmentedRaftLogWorker.java:477)
	at org.apache.ratis.server.raftlog.segmented.SegmentedRaftLogWorker.run(SegmentedRaftLogWorker.java:289)
	at java.lang.Thread.run(Thread.java:748)
Caused by: java.util.concurrent.TimeoutException
	at java.util.concurrent.CompletableFuture.timedGet(CompletableFuture.java:1771)
	at java.util.concurrent.CompletableFuture.get(CompletableFuture.java:1915)
	at org.apache.ratis.util.IOUtils.getFromFuture(IOUtils.java:79)
	... 4 more
2019-09-16 22:22:11,374 [0ad894eb-396d-46a7-a4d0-256210dc34c1@group-35A7B724CDC7-SegmentedRaftLogWorker] WARN  segmented.SegmentedRaftLogWorker (SegmentedRaftLogWorker.java:getFromFuture(90)) - Timeout 16/~
org.apache.ratis.protocol.TimeoutIOException: Timeout 10s: WriteLog:8: (t:1, i:8), STATEMACHINELOGENTRY, client-22ACCF61FDFE, cid=17-writeStateMachineData
	at org.apache.ratis.util.IOUtils.getFromFuture(IOUtils.java:87)
	at org.apache.ratis.server.raftlog.segmented.SegmentedRaftLogWorker$StateMachineDataPolicy.getFromFuture(SegmentedRaftLogWorker.java:87)
	at org.apache.ratis.server.raftlog.segmented.SegmentedRaftLogWorker$WriteLog.execute(SegmentedRaftLogWorker.java:477)
	at org.apache.ratis.server.raftlog.segmented.SegmentedRaftLogWorker.run(SegmentedRaftLogWorker.java:289)
	at java.lang.Thread.run(Thread.java:748)
Caused by: java.util.concurrent.TimeoutException
	at java.util.concurrent.CompletableFuture.timedGet(CompletableFuture.java:1771)
	at java.util.concurrent.CompletableFuture.get(CompletableFuture.java:1915)
	at org.apache.ratis.util.IOUtils.getFromFuture(IOUtils.java:79)
	... 4 more
2019-09-16 22:22:11,375 [9d8d98b0-9991-458a-859c-25f8efc1f325@group-35A7B724CDC7-SegmentedRaftLogWorker] WARN  segmented.SegmentedRaftLogWorker (SegmentedRaftLogWorker.java:getFromFuture(90)) - Timeout 16/~
org.apache.ratis.protocol.TimeoutIOException: Timeout 10s: WriteLog:8: (t:1, i:8), STATEMACHINELOGENTRY, client-22ACCF61FDFE, cid=17-writeStateMachineData
	at org.apache.ratis.util.IOUtils.getFromFuture(IOUtils.java:87)
	at org.apache.ratis.server.raftlog.segmented.SegmentedRaftLogWorker$StateMachineDataPolicy.getFromFuture(SegmentedRaftLogWorker.java:87)
	at org.apache.ratis.server.raftlog.segmented.SegmentedRaftLogWorker$WriteLog.execute(SegmentedRaftLogWorker.java:477)
	at org.apache.ratis.server.raftlog.segmented.SegmentedRaftLogWorker.run(SegmentedRaftLogWorker.java:289)
	at java.lang.Thread.run(Thread.java:748)
Caused by: java.util.concurrent.TimeoutException
	at java.util.concurrent.CompletableFuture.timedGet(CompletableFuture.java:1771)
	at java.util.concurrent.CompletableFuture.get(CompletableFuture.java:1915)
	at org.apache.ratis.util.IOUtils.getFromFuture(IOUtils.java:79)
	... 4 more
2019-09-16 22:22:11,846 [org.apache.ratis.server.impl.LogAppender$AppenderDaemon$$Lambda$514/1412847569@6758782b] ERROR ratis.XceiverServerRatis (XceiverServerRatis.java:triggerPipelineClose(575)) - pipeline Action CLOSE  on pipeline PipelineID=3c82caf2-3cb3-4eb6-867b-35a7b724cdc7.Reason : 5ecabd24-29f4-44ad-af86-ba12f6ac88ae has not seen follower/s 9d8d98b0-9991-458a-859c-25f8efc1f325 for 170951ms 0ad894eb-396d-46a7-a4d0-256210dc34c1 for 170950ms
2019-09-16 22:22:11,846 [org.apache.ratis.server.impl.LogAppender$AppenderDaemon$$Lambda$514/1412847569@36bc085] ERROR ratis.XceiverServerRatis (XceiverServerRatis.java:triggerPipelineClose(575)) - pipeline Action CLOSE  on pipeline PipelineID=3c82caf2-3cb3-4eb6-867b-35a7b724cdc7.Reason : 5ecabd24-29f4-44ad-af86-ba12f6ac88ae has not seen follower/s 9d8d98b0-9991-458a-859c-25f8efc1f325 for 170951ms 0ad894eb-396d-46a7-a4d0-256210dc34c1 for 170950ms
2019-09-16 22:22:12,322 [EventQueue-PipelineActionsForPipelineActionHandler] ERROR pipeline.PipelineActionHandler (PipelineActionHandler.java:onMessage(60)) - Received pipeline action CLOSE for Pipeline[ Id: 3c82caf2-3cb3-4eb6-867b-35a7b724cdc7, Nodes: 5ecabd24-29f4-44ad-af86-ba12f6ac88ae{ip: 192.168.151.68, host: pr-hdds-2135-v26ff-2356241440, networkLocation: /default-rack, certSerialId: null}9d8d98b0-9991-458a-859c-25f8efc1f325{ip: 192.168.151.68, host: pr-hdds-2135-v26ff-2356241440, networkLocation: /default-rack, certSerialId: null}0ad894eb-396d-46a7-a4d0-256210dc34c1{ip: 192.168.151.68, host: pr-hdds-2135-v26ff-2356241440, networkLocation: /default-rack, certSerialId: null}, Type:RATIS, Factor:THREE, State:CLOSED] from datanode 5ecabd24-29f4-44ad-af86-ba12f6ac88ae{ip: 192.168.151.68, host: pr-hdds-2135-v26ff-2356241440, networkLocation: /default-rack, certSerialId: null}. Reason : 5ecabd24-29f4-44ad-af86-ba12f6ac88ae has not seen follower/s 9d8d98b0-9991-458a-859c-25f8efc1f325 for 170951ms 0ad894eb-396d-46a7-a4d0-256210dc34c1 for 170950ms
2019-09-16 22:22:12,322 [EventQueue-PipelineActionsForPipelineActionHandler] INFO  pipeline.SCMPipelineManager (SCMPipelineManager.java:finalizeAndDestroyPipeline(311)) - destroying pipeline:Pipeline[ Id: 3c82caf2-3cb3-4eb6-867b-35a7b724cdc7, Nodes: 5ecabd24-29f4-44ad-af86-ba12f6ac88ae{ip: 192.168.151.68, host: pr-hdds-2135-v26ff-2356241440, networkLocation: /default-rack, certSerialId: null}9d8d98b0-9991-458a-859c-25f8efc1f325{ip: 192.168.151.68, host: pr-hdds-2135-v26ff-2356241440, networkLocation: /default-rack, certSerialId: null}0ad894eb-396d-46a7-a4d0-256210dc34c1{ip: 192.168.151.68, host: pr-hdds-2135-v26ff-2356241440, networkLocation: /default-rack, certSerialId: null}, Type:RATIS, Factor:THREE, State:CLOSED]
2019-09-16 22:22:12,344 [java.util.concurrent.ThreadPoolExecutor$Worker@437726ad[State = -1, empty queue]] WARN  server.GrpcLogAppender (GrpcLogAppender.java:timeoutAppendRequest(200)) - 5ecabd24-29f4-44ad-af86-ba12f6ac88ae@group-35A7B724CDC7->0ad894eb-396d-46a7-a4d0-256210dc34c1-GrpcLogAppender: appendEntries Timeout, request=5ecabd24-29f4-44ad-af86-ba12f6ac88ae->0ad894eb-396d-46a7-a4d0-256210dc34c1#80-t1, previous=(t:1, i:12), leaderCommit=6, initializing? false, entries: <empty>
2019-09-16 22:22:12,344 [java.util.concurrent.ThreadPoolExecutor$Worker@3b767fb5[State = -1, empty queue]] WARN  server.GrpcLogAppender (GrpcLogAppender.java:timeoutAppendRequest(200)) - 5ecabd24-29f4-44ad-af86-ba12f6ac88ae@group-35A7B724CDC7->9d8d98b0-9991-458a-859c-25f8efc1f325-GrpcLogAppender: appendEntries Timeout, request=5ecabd24-29f4-44ad-af86-ba12f6ac88ae->9d8d98b0-9991-458a-859c-25f8efc1f325#80-t1, previous=(t:1, i:12), leaderCommit=6, initializing? false, entries: <empty>
2019-09-16 22:22:13,222 [grpc-default-executor-2] INFO  client.GrpcClientProtocolClient (GrpcClientProtocolClient.java:onNext(264)) - client-22ACCF61FDFE->9d8d98b0-9991-458a-859c-25f8efc1f325: receive RaftClientReply:client-22ACCF61FDFE->9d8d98b0-9991-458a-859c-25f8efc1f325@group-35A7B724CDC7, cid=16, FAILED org.apache.ratis.protocol.NotLeaderException: Server 9d8d98b0-9991-458a-859c-25f8efc1f325@group-35A7B724CDC7 is not the leader 5ecabd24-29f4-44ad-af86-ba12f6ac88ae:192.168.151.68:37146, logIndex=0, commits[9d8d98b0-9991-458a-859c-25f8efc1f325:c6, 0ad894eb-396d-46a7-a4d0-256210dc34c1:c4, 5ecabd24-29f4-44ad-af86-ba12f6ac88ae:c6]
2019-09-16 22:22:14,346 [org.apache.ratis.server.impl.LogAppender$AppenderDaemon$$Lambda$514/1412847569@36bc085] ERROR ratis.XceiverServerRatis (XceiverServerRatis.java:triggerPipelineClose(575)) - pipeline Action CLOSE  on pipeline PipelineID=3c82caf2-3cb3-4eb6-867b-35a7b724cdc7.Reason : 5ecabd24-29f4-44ad-af86-ba12f6ac88ae has not seen follower/s 9d8d98b0-9991-458a-859c-25f8efc1f325 for 173451ms 0ad894eb-396d-46a7-a4d0-256210dc34c1 for 173450ms
2019-09-16 22:22:14,347 [org.apache.ratis.server.impl.LogAppender$AppenderDaemon$$Lambda$514/1412847569@6758782b] ERROR ratis.XceiverServerRatis (XceiverServerRatis.java:triggerPipelineClose(575)) - pipeline Action CLOSE  on pipeline PipelineID=3c82caf2-3cb3-4eb6-867b-35a7b724cdc7.Reason : 5ecabd24-29f4-44ad-af86-ba12f6ac88ae has not seen follower/s 9d8d98b0-9991-458a-859c-25f8efc1f325 for 173452ms 0ad894eb-396d-46a7-a4d0-256210dc34c1 for 173451ms
2019-09-16 22:22:14,846 [java.util.concurrent.ThreadPoolExecutor$Worker@3b767fb5[State = -1, empty queue]] WARN  server.GrpcLogAppender (GrpcLogAppender.java:timeoutAppendRequest(200)) - 5ecabd24-29f4-44ad-af86-ba12f6ac88ae@group-35A7B724CDC7->9d8d98b0-9991-458a-859c-25f8efc1f325-GrpcLogAppender: appendEntries Timeout, request=5ecabd24-29f4-44ad-af86-ba12f6ac88ae->9d8d98b0-9991-458a-859c-25f8efc1f325#81-t1, previous=(t:1, i:12), leaderCommit=6, initializing? false, entries: <empty>
2019-09-16 22:22:14,846 [java.util.concurrent.ThreadPoolExecutor$Worker@437726ad[State = -1, empty queue]] WARN  server.GrpcLogAppender (GrpcLogAppender.java:timeoutAppendRequest(200)) - 5ecabd24-29f4-44ad-af86-ba12f6ac88ae@group-35A7B724CDC7->0ad894eb-396d-46a7-a4d0-256210dc34c1-GrpcLogAppender: appendEntries Timeout, request=5ecabd24-29f4-44ad-af86-ba12f6ac88ae->0ad894eb-396d-46a7-a4d0-256210dc34c1#81-t1, previous=(t:1, i:12), leaderCommit=6, initializing? false, entries: <empty>
2019-09-16 22:22:15,323 [EventQueue-PipelineActionsForPipelineActionHandler] ERROR pipeline.PipelineActionHandler (PipelineActionHandler.java:onMessage(60)) - Received pipeline action CLOSE for Pipeline[ Id: 3c82caf2-3cb3-4eb6-867b-35a7b724cdc7, Nodes: 5ecabd24-29f4-44ad-af86-ba12f6ac88ae{ip: 192.168.151.68, host: pr-hdds-2135-v26ff-2356241440, networkLocation: /default-rack, certSerialId: null}9d8d98b0-9991-458a-859c-25f8efc1f325{ip: 192.168.151.68, host: pr-hdds-2135-v26ff-2356241440, networkLocation: /default-rack, certSerialId: null}0ad894eb-396d-46a7-a4d0-256210dc34c1{ip: 192.168.151.68, host: pr-hdds-2135-v26ff-2356241440, networkLocation: /default-rack, certSerialId: null}, Type:RATIS, Factor:THREE, State:CLOSED] from datanode 5ecabd24-29f4-44ad-af86-ba12f6ac88ae{ip: 192.168.151.68, host: pr-hdds-2135-v26ff-2356241440, networkLocation: /default-rack, certSerialId: null}. Reason : 5ecabd24-29f4-44ad-af86-ba12f6ac88ae has not seen follower/s 9d8d98b0-9991-458a-859c-25f8efc1f325 for 173451ms 0ad894eb-396d-46a7-a4d0-256210dc34c1 for 173450ms
2019-09-16 22:22:15,324 [EventQueue-PipelineActionsForPipelineActionHandler] INFO  pipeline.SCMPipelineManager (SCMPipelineManager.java:finalizeAndDestroyPipeline(311)) - destroying pipeline:Pipeline[ Id: 3c82caf2-3cb3-4eb6-867b-35a7b724cdc7, Nodes: 5ecabd24-29f4-44ad-af86-ba12f6ac88ae{ip: 192.168.151.68, host: pr-hdds-2135-v26ff-2356241440, networkLocation: /default-rack, certSerialId: null}9d8d98b0-9991-458a-859c-25f8efc1f325{ip: 192.168.151.68, host: pr-hdds-2135-v26ff-2356241440, networkLocation: /default-rack, certSerialId: null}0ad894eb-396d-46a7-a4d0-256210dc34c1{ip: 192.168.151.68, host: pr-hdds-2135-v26ff-2356241440, networkLocation: /default-rack, certSerialId: null}, Type:RATIS, Factor:THREE, State:CLOSED]
2019-09-16 22:22:16,848 [org.apache.ratis.server.impl.LogAppender$AppenderDaemon$$Lambda$514/1412847569@6758782b] ERROR ratis.XceiverServerRatis (XceiverServerRatis.java:triggerPipelineClose(575)) - pipeline Action CLOSE  on pipeline PipelineID=3c82caf2-3cb3-4eb6-867b-35a7b724cdc7.Reason : 5ecabd24-29f4-44ad-af86-ba12f6ac88ae has not seen follower/s 9d8d98b0-9991-458a-859c-25f8efc1f325 for 175953ms 0ad894eb-396d-46a7-a4d0-256210dc34c1 for 175952ms
2019-09-16 22:22:16,848 [org.apache.ratis.server.impl.LogAppender$AppenderDaemon$$Lambda$514/1412847569@36bc085] ERROR ratis.XceiverServerRatis (XceiverServerRatis.java:triggerPipelineClose(575)) - pipeline Action CLOSE  on pipeline PipelineID=3c82caf2-3cb3-4eb6-867b-35a7b724cdc7.Reason : 5ecabd24-29f4-44ad-af86-ba12f6ac88ae has not seen follower/s 9d8d98b0-9991-458a-859c-25f8efc1f325 for 175953ms 0ad894eb-396d-46a7-a4d0-256210dc34c1 for 175952ms
2019-09-16 22:22:17,323 [EventQueue-PipelineActionsForPipelineActionHandler] ERROR pipeline.PipelineActionHandler (PipelineActionHandler.java:onMessage(60)) - Received pipeline action CLOSE for Pipeline[ Id: 3c82caf2-3cb3-4eb6-867b-35a7b724cdc7, Nodes: 5ecabd24-29f4-44ad-af86-ba12f6ac88ae{ip: 192.168.151.68, host: pr-hdds-2135-v26ff-2356241440, networkLocation: /default-rack, certSerialId: null}9d8d98b0-9991-458a-859c-25f8efc1f325{ip: 192.168.151.68, host: pr-hdds-2135-v26ff-2356241440, networkLocation: /default-rack, certSerialId: null}0ad894eb-396d-46a7-a4d0-256210dc34c1{ip: 192.168.151.68, host: pr-hdds-2135-v26ff-2356241440, networkLocation: /default-rack, certSerialId: null}, Type:RATIS, Factor:THREE, State:CLOSED] from datanode 5ecabd24-29f4-44ad-af86-ba12f6ac88ae{ip: 192.168.151.68, host: pr-hdds-2135-v26ff-2356241440, networkLocation: /default-rack, certSerialId: null}. Reason : 5ecabd24-29f4-44ad-af86-ba12f6ac88ae has not seen follower/s 9d8d98b0-9991-458a-859c-25f8efc1f325 for 175953ms 0ad894eb-396d-46a7-a4d0-256210dc34c1 for 175952ms
2019-09-16 22:22:17,323 [EventQueue-PipelineActionsForPipelineActionHandler] INFO  pipeline.SCMPipelineManager (SCMPipelineManager.java:finalizeAndDestroyPipeline(311)) - destroying pipeline:Pipeline[ Id: 3c82caf2-3cb3-4eb6-867b-35a7b724cdc7, Nodes: 5ecabd24-29f4-44ad-af86-ba12f6ac88ae{ip: 192.168.151.68, host: pr-hdds-2135-v26ff-2356241440, networkLocation: /default-rack, certSerialId: null}9d8d98b0-9991-458a-859c-25f8efc1f325{ip: 192.168.151.68, host: pr-hdds-2135-v26ff-2356241440, networkLocation: /default-rack, certSerialId: null}0ad894eb-396d-46a7-a4d0-256210dc34c1{ip: 192.168.151.68, host: pr-hdds-2135-v26ff-2356241440, networkLocation: /default-rack, certSerialId: null}, Type:RATIS, Factor:THREE, State:CLOSED]
2019-09-16 22:22:17,346 [java.util.concurrent.ThreadPoolExecutor$Worker@3b767fb5[State = -1, empty queue]] WARN  server.GrpcLogAppender (GrpcLogAppender.java:timeoutAppendRequest(200)) - 5ecabd24-29f4-44ad-af86-ba12f6ac88ae@group-35A7B724CDC7->9d8d98b0-9991-458a-859c-25f8efc1f325-GrpcLogAppender: appendEntries Timeout, request=5ecabd24-29f4-44ad-af86-ba12f6ac88ae->9d8d98b0-9991-458a-859c-25f8efc1f325#82-t1, previous=(t:1, i:12), leaderCommit=6, initializing? false, entries: <empty>
2019-09-16 22:22:17,347 [java.util.concurrent.ThreadPoolExecutor$Worker@437726ad[State = -1, empty queue]] WARN  server.GrpcLogAppender (GrpcLogAppender.java:timeoutAppendRequest(200)) - 5ecabd24-29f4-44ad-af86-ba12f6ac88ae@group-35A7B724CDC7->0ad894eb-396d-46a7-a4d0-256210dc34c1-GrpcLogAppender: appendEntries Timeout, request=5ecabd24-29f4-44ad-af86-ba12f6ac88ae->0ad894eb-396d-46a7-a4d0-256210dc34c1#82-t1, previous=(t:1, i:12), leaderCommit=6, initializing? false, entries: <empty>
2019-09-16 22:22:18,295 [grpc-default-executor-5] INFO  client.GrpcClientProtocolClient (GrpcClientProtocolClient.java:onNext(264)) - client-22ACCF61FDFE->0ad894eb-396d-46a7-a4d0-256210dc34c1: receive RaftClientReply:client-22ACCF61FDFE->0ad894eb-396d-46a7-a4d0-256210dc34c1@group-35A7B724CDC7, cid=16, FAILED org.apache.ratis.protocol.NotLeaderException: Server 0ad894eb-396d-46a7-a4d0-256210dc34c1@group-35A7B724CDC7 is not the leader 5ecabd24-29f4-44ad-af86-ba12f6ac88ae:192.168.151.68:37146, logIndex=0, commits[0ad894eb-396d-46a7-a4d0-256210dc34c1:c6, 9d8d98b0-9991-458a-859c-25f8efc1f325:c4, 5ecabd24-29f4-44ad-af86-ba12f6ac88ae:c6]
2019-09-16 22:22:19,349 [org.apache.ratis.server.impl.LogAppender$AppenderDaemon$$Lambda$514/1412847569@36bc085] ERROR ratis.XceiverServerRatis (XceiverServerRatis.java:triggerPipelineClose(575)) - pipeline Action CLOSE  on pipeline PipelineID=3c82caf2-3cb3-4eb6-867b-35a7b724cdc7.Reason : 5ecabd24-29f4-44ad-af86-ba12f6ac88ae has not seen follower/s 9d8d98b0-9991-458a-859c-25f8efc1f325 for 178454ms 0ad894eb-396d-46a7-a4d0-256210dc34c1 for 178453ms
2019-09-16 22:22:19,349 [org.apache.ratis.server.impl.LogAppender$AppenderDaemon$$Lambda$514/1412847569@6758782b] ERROR ratis.XceiverServerRatis (XceiverServerRatis.java:triggerPipelineClose(575)) - pipeline Action CLOSE  on pipeline PipelineID=3c82caf2-3cb3-4eb6-867b-35a7b724cdc7.Reason : 5ecabd24-29f4-44ad-af86-ba12f6ac88ae has not seen follower/s 9d8d98b0-9991-458a-859c-25f8efc1f325 for 178454ms 0ad894eb-396d-46a7-a4d0-256210dc34c1 for 178453ms
2019-09-16 22:22:19,848 [java.util.concurrent.ThreadPoolExecutor$Worker@437726ad[State = -1, empty queue]] WARN  server.GrpcLogAppender (GrpcLogAppender.java:timeoutAppendRequest(200)) - 5ecabd24-29f4-44ad-af86-ba12f6ac88ae@group-35A7B724CDC7->0ad894eb-396d-46a7-a4d0-256210dc34c1-GrpcLogAppender: appendEntries Timeout, request=5ecabd24-29f4-44ad-af86-ba12f6ac88ae->0ad894eb-396d-46a7-a4d0-256210dc34c1#83-t1, previous=(t:1, i:12), leaderCommit=6, initializing? false, entries: <empty>
2019-09-16 22:22:19,848 [java.util.concurrent.ThreadPoolExecutor$Worker@3b767fb5[State = -1, empty queue]] WARN  server.GrpcLogAppender (GrpcLogAppender.java:timeoutAppendRequest(200)) - 5ecabd24-29f4-44ad-af86-ba12f6ac88ae@group-35A7B724CDC7->9d8d98b0-9991-458a-859c-25f8efc1f325-GrpcLogAppender: appendEntries Timeout, request=5ecabd24-29f4-44ad-af86-ba12f6ac88ae->9d8d98b0-9991-458a-859c-25f8efc1f325#83-t1, previous=(t:1, i:12), leaderCommit=6, initializing? false, entries: <empty>
2019-09-16 22:22:20,326 [EventQueue-PipelineActionsForPipelineActionHandler] ERROR pipeline.PipelineActionHandler (PipelineActionHandler.java:onMessage(60)) - Received pipeline action CLOSE for Pipeline[ Id: 3c82caf2-3cb3-4eb6-867b-35a7b724cdc7, Nodes: 5ecabd24-29f4-44ad-af86-ba12f6ac88ae{ip: 192.168.151.68, host: pr-hdds-2135-v26ff-2356241440, networkLocation: /default-rack, certSerialId: null}9d8d98b0-9991-458a-859c-25f8efc1f325{ip: 192.168.151.68, host: pr-hdds-2135-v26ff-2356241440, networkLocation: /default-rack, certSerialId: null}0ad894eb-396d-46a7-a4d0-256210dc34c1{ip: 192.168.151.68, host: pr-hdds-2135-v26ff-2356241440, networkLocation: /default-rack, certSerialId: null}, Type:RATIS, Factor:THREE, State:CLOSED] from datanode 5ecabd24-29f4-44ad-af86-ba12f6ac88ae{ip: 192.168.151.68, host: pr-hdds-2135-v26ff-2356241440, networkLocation: /default-rack, certSerialId: null}. Reason : 5ecabd24-29f4-44ad-af86-ba12f6ac88ae has not seen follower/s 9d8d98b0-9991-458a-859c-25f8efc1f325 for 178454ms 0ad894eb-396d-46a7-a4d0-256210dc34c1 for 178453ms
2019-09-16 22:22:20,326 [EventQueue-PipelineActionsForPipelineActionHandler] INFO  pipeline.SCMPipelineManager (SCMPipelineManager.java:finalizeAndDestroyPipeline(311)) - destroying pipeline:Pipeline[ Id: 3c82caf2-3cb3-4eb6-867b-35a7b724cdc7, Nodes: 5ecabd24-29f4-44ad-af86-ba12f6ac88ae{ip: 192.168.151.68, host: pr-hdds-2135-v26ff-2356241440, networkLocation: /default-rack, certSerialId: null}9d8d98b0-9991-458a-859c-25f8efc1f325{ip: 192.168.151.68, host: pr-hdds-2135-v26ff-2356241440, networkLocation: /default-rack, certSerialId: null}0ad894eb-396d-46a7-a4d0-256210dc34c1{ip: 192.168.151.68, host: pr-hdds-2135-v26ff-2356241440, networkLocation: /default-rack, certSerialId: null}, Type:RATIS, Factor:THREE, State:CLOSED]
2019-09-16 22:22:21,351 [5ecabd24-29f4-44ad-af86-ba12f6ac88ae@group-35A7B724CDC7-SegmentedRaftLogWorker] WARN  segmented.SegmentedRaftLogWorker (SegmentedRaftLogWorker.java:getFromFuture(90)) - Timeout 17/~
org.apache.ratis.protocol.TimeoutIOException: Timeout 10s: WriteLog:8: (t:1, i:8), STATEMACHINELOGENTRY, client-22ACCF61FDFE, cid=17-writeStateMachineData
	at org.apache.ratis.util.IOUtils.getFromFuture(IOUtils.java:87)
	at org.apache.ratis.server.raftlog.segmented.SegmentedRaftLogWorker$StateMachineDataPolicy.getFromFuture(SegmentedRaftLogWorker.java:87)
	at org.apache.ratis.server.raftlog.segmented.SegmentedRaftLogWorker$WriteLog.execute(SegmentedRaftLogWorker.java:477)
	at org.apache.ratis.server.raftlog.segmented.SegmentedRaftLogWorker.run(SegmentedRaftLogWorker.java:289)
	at java.lang.Thread.run(Thread.java:748)
Caused by: java.util.concurrent.TimeoutException
	at java.util.concurrent.CompletableFuture.timedGet(CompletableFuture.java:1771)
	at java.util.concurrent.CompletableFuture.get(CompletableFuture.java:1915)
	at org.apache.ratis.util.IOUtils.getFromFuture(IOUtils.java:79)
	... 4 more
2019-09-16 22:22:21,375 [0ad894eb-396d-46a7-a4d0-256210dc34c1@group-35A7B724CDC7-SegmentedRaftLogWorker] WARN  segmented.SegmentedRaftLogWorker (SegmentedRaftLogWorker.java:getFromFuture(90)) - Timeout 17/~
org.apache.ratis.protocol.TimeoutIOException: Timeout 10s: WriteLog:8: (t:1, i:8), STATEMACHINELOGENTRY, client-22ACCF61FDFE, cid=17-writeStateMachineData
	at org.apache.ratis.util.IOUtils.getFromFuture(IOUtils.java:87)
	at org.apache.ratis.server.raftlog.segmented.SegmentedRaftLogWorker$StateMachineDataPolicy.getFromFuture(SegmentedRaftLogWorker.java:87)
	at org.apache.ratis.server.raftlog.segmented.SegmentedRaftLogWorker$WriteLog.execute(SegmentedRaftLogWorker.java:477)
	at org.apache.ratis.server.raftlog.segmented.SegmentedRaftLogWorker.run(SegmentedRaftLogWorker.java:289)
	at java.lang.Thread.run(Thread.java:748)
Caused by: java.util.concurrent.TimeoutException
	at java.util.concurrent.CompletableFuture.timedGet(CompletableFuture.java:1771)
	at java.util.concurrent.CompletableFuture.get(CompletableFuture.java:1915)
	at org.apache.ratis.util.IOUtils.getFromFuture(IOUtils.java:79)
	... 4 more
2019-09-16 22:22:21,375 [9d8d98b0-9991-458a-859c-25f8efc1f325@group-35A7B724CDC7-SegmentedRaftLogWorker] WARN  segmented.SegmentedRaftLogWorker (SegmentedRaftLogWorker.java:getFromFuture(90)) - Timeout 17/~
org.apache.ratis.protocol.TimeoutIOException: Timeout 10s: WriteLog:8: (t:1, i:8), STATEMACHINELOGENTRY, client-22ACCF61FDFE, cid=17-writeStateMachineData
	at org.apache.ratis.util.IOUtils.getFromFuture(IOUtils.java:87)
	at org.apache.ratis.server.raftlog.segmented.SegmentedRaftLogWorker$StateMachineDataPolicy.getFromFuture(SegmentedRaftLogWorker.java:87)
	at org.apache.ratis.server.raftlog.segmented.SegmentedRaftLogWorker$WriteLog.execute(SegmentedRaftLogWorker.java:477)
	at org.apache.ratis.server.raftlog.segmented.SegmentedRaftLogWorker.run(SegmentedRaftLogWorker.java:289)
	at java.lang.Thread.run(Thread.java:748)
Caused by: java.util.concurrent.TimeoutException
	at java.util.concurrent.CompletableFuture.timedGet(CompletableFuture.java:1771)
	at java.util.concurrent.CompletableFuture.get(CompletableFuture.java:1915)
	at org.apache.ratis.util.IOUtils.getFromFuture(IOUtils.java:79)
	... 4 more
2019-09-16 22:22:21,851 [org.apache.ratis.server.impl.LogAppender$AppenderDaemon$$Lambda$514/1412847569@6758782b] ERROR ratis.XceiverServerRatis (XceiverServerRatis.java:triggerPipelineClose(575)) - pipeline Action CLOSE  on pipeline PipelineID=3c82caf2-3cb3-4eb6-867b-35a7b724cdc7.Reason : 5ecabd24-29f4-44ad-af86-ba12f6ac88ae has not seen follower/s 9d8d98b0-9991-458a-859c-25f8efc1f325 for 180955ms 0ad894eb-396d-46a7-a4d0-256210dc34c1 for 180955ms
2019-09-16 22:22:21,851 [org.apache.ratis.server.impl.LogAppender$AppenderDaemon$$Lambda$514/1412847569@36bc085] ERROR ratis.XceiverServerRatis (XceiverServerRatis.java:triggerPipelineClose(575)) - pipeline Action CLOSE  on pipeline PipelineID=3c82caf2-3cb3-4eb6-867b-35a7b724cdc7.Reason : 5ecabd24-29f4-44ad-af86-ba12f6ac88ae has not seen follower/s 9d8d98b0-9991-458a-859c-25f8efc1f325 for 180955ms 0ad894eb-396d-46a7-a4d0-256210dc34c1 for 180955ms
2019-09-16 22:22:22,331 [EventQueue-PipelineActionsForPipelineActionHandler] ERROR pipeline.PipelineActionHandler (PipelineActionHandler.java:onMessage(60)) - Received pipeline action CLOSE for Pipeline[ Id: 3c82caf2-3cb3-4eb6-867b-35a7b724cdc7, Nodes: 5ecabd24-29f4-44ad-af86-ba12f6ac88ae{ip: 192.168.151.68, host: pr-hdds-2135-v26ff-2356241440, networkLocation: /default-rack, certSerialId: null}9d8d98b0-9991-458a-859c-25f8efc1f325{ip: 192.168.151.68, host: pr-hdds-2135-v26ff-2356241440, networkLocation: /default-rack, certSerialId: null}0ad894eb-396d-46a7-a4d0-256210dc34c1{ip: 192.168.151.68, host: pr-hdds-2135-v26ff-2356241440, networkLocation: /default-rack, certSerialId: null}, Type:RATIS, Factor:THREE, State:CLOSED] from datanode 5ecabd24-29f4-44ad-af86-ba12f6ac88ae{ip: 192.168.151.68, host: pr-hdds-2135-v26ff-2356241440, networkLocation: /default-rack, certSerialId: null}. Reason : 5ecabd24-29f4-44ad-af86-ba12f6ac88ae has not seen follower/s 9d8d98b0-9991-458a-859c-25f8efc1f325 for 180955ms 0ad894eb-396d-46a7-a4d0-256210dc34c1 for 180955ms
2019-09-16 22:22:22,331 [EventQueue-PipelineActionsForPipelineActionHandler] INFO  pipeline.SCMPipelineManager (SCMPipelineManager.java:finalizeAndDestroyPipeline(311)) - destroying pipeline:Pipeline[ Id: 3c82caf2-3cb3-4eb6-867b-35a7b724cdc7, Nodes: 5ecabd24-29f4-44ad-af86-ba12f6ac88ae{ip: 192.168.151.68, host: pr-hdds-2135-v26ff-2356241440, networkLocation: /default-rack, certSerialId: null}9d8d98b0-9991-458a-859c-25f8efc1f325{ip: 192.168.151.68, host: pr-hdds-2135-v26ff-2356241440, networkLocation: /default-rack, certSerialId: null}0ad894eb-396d-46a7-a4d0-256210dc34c1{ip: 192.168.151.68, host: pr-hdds-2135-v26ff-2356241440, networkLocation: /default-rack, certSerialId: null}, Type:RATIS, Factor:THREE, State:CLOSED]
2019-09-16 22:22:22,349 [java.util.concurrent.ThreadPoolExecutor$Worker@3b767fb5[State = -1, empty queue]] WARN  server.GrpcLogAppender (GrpcLogAppender.java:timeoutAppendRequest(200)) - 5ecabd24-29f4-44ad-af86-ba12f6ac88ae@group-35A7B724CDC7->9d8d98b0-9991-458a-859c-25f8efc1f325-GrpcLogAppender: appendEntries Timeout, request=5ecabd24-29f4-44ad-af86-ba12f6ac88ae->9d8d98b0-9991-458a-859c-25f8efc1f325#84-t1, previous=(t:1, i:12), leaderCommit=6, initializing? false, entries: <empty>
2019-09-16 22:22:22,349 [java.util.concurrent.ThreadPoolExecutor$Worker@437726ad[State = -1, empty queue]] WARN  server.GrpcLogAppender (GrpcLogAppender.java:timeoutAppendRequest(200)) - 5ecabd24-29f4-44ad-af86-ba12f6ac88ae@group-35A7B724CDC7->0ad894eb-396d-46a7-a4d0-256210dc34c1-GrpcLogAppender: appendEntries Timeout, request=5ecabd24-29f4-44ad-af86-ba12f6ac88ae->0ad894eb-396d-46a7-a4d0-256210dc34c1#84-t1, previous=(t:1, i:12), leaderCommit=6, initializing? false, entries: <empty>
2019-09-16 22:22:23,350 [grpc-default-executor-5] INFO  client.GrpcClientProtocolClient (GrpcClientProtocolClient.java:onNext(264)) - client-22ACCF61FDFE->0ad894eb-396d-46a7-a4d0-256210dc34c1: receive RaftClientReply:client-22ACCF61FDFE->0ad894eb-396d-46a7-a4d0-256210dc34c1@group-35A7B724CDC7, cid=16, FAILED org.apache.ratis.protocol.NotLeaderException: Server 0ad894eb-396d-46a7-a4d0-256210dc34c1@group-35A7B724CDC7 is not the leader 5ecabd24-29f4-44ad-af86-ba12f6ac88ae:192.168.151.68:37146, logIndex=0, commits[0ad894eb-396d-46a7-a4d0-256210dc34c1:c6, 9d8d98b0-9991-458a-859c-25f8efc1f325:c4, 5ecabd24-29f4-44ad-af86-ba12f6ac88ae:c6]
2019-09-16 22:22:24,352 [org.apache.ratis.server.impl.LogAppender$AppenderDaemon$$Lambda$514/1412847569@36bc085] ERROR ratis.XceiverServerRatis (XceiverServerRatis.java:triggerPipelineClose(575)) - pipeline Action CLOSE  on pipeline PipelineID=3c82caf2-3cb3-4eb6-867b-35a7b724cdc7.Reason : 5ecabd24-29f4-44ad-af86-ba12f6ac88ae has not seen follower/s 9d8d98b0-9991-458a-859c-25f8efc1f325 for 183456ms 0ad894eb-396d-46a7-a4d0-256210dc34c1 for 183456ms
2019-09-16 22:22:24,352 [org.apache.ratis.server.impl.LogAppender$AppenderDaemon$$Lambda$514/1412847569@6758782b] ERROR ratis.XceiverServerRatis (XceiverServerRatis.java:triggerPipelineClose(575)) - pipeline Action CLOSE  on pipeline PipelineID=3c82caf2-3cb3-4eb6-867b-35a7b724cdc7.Reason : 5ecabd24-29f4-44ad-af86-ba12f6ac88ae has not seen follower/s 9d8d98b0-9991-458a-859c-25f8efc1f325 for 183456ms 0ad894eb-396d-46a7-a4d0-256210dc34c1 for 183456ms
2019-09-16 22:22:24,851 [java.util.concurrent.ThreadPoolExecutor$Worker@437726ad[State = -1, empty queue]] WARN  server.GrpcLogAppender (GrpcLogAppender.java:timeoutAppendRequest(200)) - 5ecabd24-29f4-44ad-af86-ba12f6ac88ae@group-35A7B724CDC7->0ad894eb-396d-46a7-a4d0-256210dc34c1-GrpcLogAppender: appendEntries Timeout, request=5ecabd24-29f4-44ad-af86-ba12f6ac88ae->0ad894eb-396d-46a7-a4d0-256210dc34c1#85-t1, previous=(t:1, i:12), leaderCommit=6, initializing? false, entries: <empty>
2019-09-16 22:22:24,851 [java.util.concurrent.ThreadPoolExecutor$Worker@3b767fb5[State = -1, empty queue]] WARN  server.GrpcLogAppender (GrpcLogAppender.java:timeoutAppendRequest(200)) - 5ecabd24-29f4-44ad-af86-ba12f6ac88ae@group-35A7B724CDC7->9d8d98b0-9991-458a-859c-25f8efc1f325-GrpcLogAppender: appendEntries Timeout, request=5ecabd24-29f4-44ad-af86-ba12f6ac88ae->9d8d98b0-9991-458a-859c-25f8efc1f325#85-t1, previous=(t:1, i:12), leaderCommit=6, initializing? false, entries: <empty>
2019-09-16 22:22:25,327 [EventQueue-PipelineActionsForPipelineActionHandler] ERROR pipeline.PipelineActionHandler (PipelineActionHandler.java:onMessage(60)) - Received pipeline action CLOSE for Pipeline[ Id: 3c82caf2-3cb3-4eb6-867b-35a7b724cdc7, Nodes: 5ecabd24-29f4-44ad-af86-ba12f6ac88ae{ip: 192.168.151.68, host: pr-hdds-2135-v26ff-2356241440, networkLocation: /default-rack, certSerialId: null}9d8d98b0-9991-458a-859c-25f8efc1f325{ip: 192.168.151.68, host: pr-hdds-2135-v26ff-2356241440, networkLocation: /default-rack, certSerialId: null}0ad894eb-396d-46a7-a4d0-256210dc34c1{ip: 192.168.151.68, host: pr-hdds-2135-v26ff-2356241440, networkLocation: /default-rack, certSerialId: null}, Type:RATIS, Factor:THREE, State:CLOSED] from datanode 5ecabd24-29f4-44ad-af86-ba12f6ac88ae{ip: 192.168.151.68, host: pr-hdds-2135-v26ff-2356241440, networkLocation: /default-rack, certSerialId: null}. Reason : 5ecabd24-29f4-44ad-af86-ba12f6ac88ae has not seen follower/s 9d8d98b0-9991-458a-859c-25f8efc1f325 for 183456ms 0ad894eb-396d-46a7-a4d0-256210dc34c1 for 183456ms
2019-09-16 22:22:25,327 [EventQueue-PipelineActionsForPipelineActionHandler] INFO  pipeline.SCMPipelineManager (SCMPipelineManager.java:finalizeAndDestroyPipeline(311)) - destroying pipeline:Pipeline[ Id: 3c82caf2-3cb3-4eb6-867b-35a7b724cdc7, Nodes: 5ecabd24-29f4-44ad-af86-ba12f6ac88ae{ip: 192.168.151.68, host: pr-hdds-2135-v26ff-2356241440, networkLocation: /default-rack, certSerialId: null}9d8d98b0-9991-458a-859c-25f8efc1f325{ip: 192.168.151.68, host: pr-hdds-2135-v26ff-2356241440, networkLocation: /default-rack, certSerialId: null}0ad894eb-396d-46a7-a4d0-256210dc34c1{ip: 192.168.151.68, host: pr-hdds-2135-v26ff-2356241440, networkLocation: /default-rack, certSerialId: null}, Type:RATIS, Factor:THREE, State:CLOSED]
2019-09-16 22:22:26,852 [org.apache.ratis.server.impl.LogAppender$AppenderDaemon$$Lambda$514/1412847569@6758782b] ERROR ratis.XceiverServerRatis (XceiverServerRatis.java:triggerPipelineClose(575)) - pipeline Action CLOSE  on pipeline PipelineID=3c82caf2-3cb3-4eb6-867b-35a7b724cdc7.Reason : 5ecabd24-29f4-44ad-af86-ba12f6ac88ae has not seen follower/s 9d8d98b0-9991-458a-859c-25f8efc1f325 for 185957ms 0ad894eb-396d-46a7-a4d0-256210dc34c1 for 185956ms
2019-09-16 22:22:26,853 [org.apache.ratis.server.impl.LogAppender$AppenderDaemon$$Lambda$514/1412847569@36bc085] ERROR ratis.XceiverServerRatis (XceiverServerRatis.java:triggerPipelineClose(575)) - pipeline Action CLOSE  on pipeline PipelineID=3c82caf2-3cb3-4eb6-867b-35a7b724cdc7.Reason : 5ecabd24-29f4-44ad-af86-ba12f6ac88ae has not seen follower/s 9d8d98b0-9991-458a-859c-25f8efc1f325 for 185958ms 0ad894eb-396d-46a7-a4d0-256210dc34c1 for 185957ms
2019-09-16 22:22:27,328 [EventQueue-PipelineActionsForPipelineActionHandler] ERROR pipeline.PipelineActionHandler (PipelineActionHandler.java:onMessage(60)) - Received pipeline action CLOSE for Pipeline[ Id: 3c82caf2-3cb3-4eb6-867b-35a7b724cdc7, Nodes: 5ecabd24-29f4-44ad-af86-ba12f6ac88ae{ip: 192.168.151.68, host: pr-hdds-2135-v26ff-2356241440, networkLocation: /default-rack, certSerialId: null}9d8d98b0-9991-458a-859c-25f8efc1f325{ip: 192.168.151.68, host: pr-hdds-2135-v26ff-2356241440, networkLocation: /default-rack, certSerialId: null}0ad894eb-396d-46a7-a4d0-256210dc34c1{ip: 192.168.151.68, host: pr-hdds-2135-v26ff-2356241440, networkLocation: /default-rack, certSerialId: null}, Type:RATIS, Factor:THREE, State:CLOSED] from datanode 5ecabd24-29f4-44ad-af86-ba12f6ac88ae{ip: 192.168.151.68, host: pr-hdds-2135-v26ff-2356241440, networkLocation: /default-rack, certSerialId: null}. Reason : 5ecabd24-29f4-44ad-af86-ba12f6ac88ae has not seen follower/s 9d8d98b0-9991-458a-859c-25f8efc1f325 for 185957ms 0ad894eb-396d-46a7-a4d0-256210dc34c1 for 185956ms
2019-09-16 22:22:27,328 [EventQueue-PipelineActionsForPipelineActionHandler] INFO  pipeline.SCMPipelineManager (SCMPipelineManager.java:finalizeAndDestroyPipeline(311)) - destroying pipeline:Pipeline[ Id: 3c82caf2-3cb3-4eb6-867b-35a7b724cdc7, Nodes: 5ecabd24-29f4-44ad-af86-ba12f6ac88ae{ip: 192.168.151.68, host: pr-hdds-2135-v26ff-2356241440, networkLocation: /default-rack, certSerialId: null}9d8d98b0-9991-458a-859c-25f8efc1f325{ip: 192.168.151.68, host: pr-hdds-2135-v26ff-2356241440, networkLocation: /default-rack, certSerialId: null}0ad894eb-396d-46a7-a4d0-256210dc34c1{ip: 192.168.151.68, host: pr-hdds-2135-v26ff-2356241440, networkLocation: /default-rack, certSerialId: null}, Type:RATIS, Factor:THREE, State:CLOSED]
2019-09-16 22:22:27,352 [java.util.concurrent.ThreadPoolExecutor$Worker@3b767fb5[State = -1, empty queue]] WARN  server.GrpcLogAppender (GrpcLogAppender.java:timeoutAppendRequest(200)) - 5ecabd24-29f4-44ad-af86-ba12f6ac88ae@group-35A7B724CDC7->9d8d98b0-9991-458a-859c-25f8efc1f325-GrpcLogAppender: appendEntries Timeout, request=5ecabd24-29f4-44ad-af86-ba12f6ac88ae->9d8d98b0-9991-458a-859c-25f8efc1f325#86-t1, previous=(t:1, i:12), leaderCommit=6, initializing? false, entries: <empty>
2019-09-16 22:22:27,352 [java.util.concurrent.ThreadPoolExecutor$Worker@437726ad[State = -1, empty queue]] WARN  server.GrpcLogAppender (GrpcLogAppender.java:timeoutAppendRequest(200)) - 5ecabd24-29f4-44ad-af86-ba12f6ac88ae@group-35A7B724CDC7->0ad894eb-396d-46a7-a4d0-256210dc34c1-GrpcLogAppender: appendEntries Timeout, request=5ecabd24-29f4-44ad-af86-ba12f6ac88ae->0ad894eb-396d-46a7-a4d0-256210dc34c1#86-t1, previous=(t:1, i:12), leaderCommit=6, initializing? false, entries: <empty>
2019-09-16 22:22:27,410 [grpc-default-executor-5] INFO  impl.RaftServerProxy (RaftServerProxy.java:remove(95)) - 5ecabd24-29f4-44ad-af86-ba12f6ac88ae: remove    LEADER 5ecabd24-29f4-44ad-af86-ba12f6ac88ae@group-35A7B724CDC7:t1, leader=5ecabd24-29f4-44ad-af86-ba12f6ac88ae, voted=5ecabd24-29f4-44ad-af86-ba12f6ac88ae, raftlog=5ecabd24-29f4-44ad-af86-ba12f6ac88ae@group-35A7B724CDC7-SegmentedRaftLog:OPENED:c6,f6,i12, conf=0: [9d8d98b0-9991-458a-859c-25f8efc1f325:192.168.151.68:46204, 0ad894eb-396d-46a7-a4d0-256210dc34c1:192.168.151.68:43421, 5ecabd24-29f4-44ad-af86-ba12f6ac88ae:192.168.151.68:37146], old=null RUNNING
2019-09-16 22:22:27,416 [grpc-default-executor-5] INFO  impl.RaftServerImpl (RaftServerImpl.java:lambda$shutdown$3(251)) - 5ecabd24-29f4-44ad-af86-ba12f6ac88ae@group-35A7B724CDC7: shutdown
2019-09-16 22:22:27,417 [grpc-default-executor-5] INFO  util.JmxRegister (JmxRegister.java:unregister(73)) - Successfully un-registered JMX Bean with object name Ratis:service=RaftServer,group=group-35A7B724CDC7,id=5ecabd24-29f4-44ad-af86-ba12f6ac88ae
2019-09-16 22:22:27,417 [grpc-default-executor-5] INFO  impl.RoleInfo (RoleInfo.java:shutdownLeaderState(104)) - 5ecabd24-29f4-44ad-af86-ba12f6ac88ae: shutdown LeaderState
2019-09-16 22:22:27,422 [grpc-default-executor-5] INFO  impl.PendingRequests (PendingRequests.java:sendNotLeaderResponses(202)) - 5ecabd24-29f4-44ad-af86-ba12f6ac88ae-PendingRequests: sendNotLeaderResponses
2019-09-16 22:22:27,422 [org.apache.ratis.server.impl.LogAppender$AppenderDaemon$$Lambda$514/1412847569@36bc085] WARN  server.GrpcLogAppender (GrpcLogAppender.java:mayWait(143)) - 5ecabd24-29f4-44ad-af86-ba12f6ac88ae@group-35A7B724CDC7->9d8d98b0-9991-458a-859c-25f8efc1f325-GrpcLogAppender: Wait interrupted by java.lang.InterruptedException
2019-09-16 22:22:27,422 [org.apache.ratis.server.impl.LogAppender$AppenderDaemon$$Lambda$514/1412847569@6758782b] WARN  server.GrpcLogAppender (GrpcLogAppender.java:mayWait(143)) - 5ecabd24-29f4-44ad-af86-ba12f6ac88ae@group-35A7B724CDC7->0ad894eb-396d-46a7-a4d0-256210dc34c1-GrpcLogAppender: Wait interrupted by java.lang.InterruptedException
2019-09-16 22:22:27,426 [grpc-default-executor-2] INFO  server.GrpcServerProtocolService (GrpcServerProtocolService.java:onCompleted(113)) - 9d8d98b0-9991-458a-859c-25f8efc1f325: Completed APPEND_ENTRIES, lastRequest: 5ecabd24-29f4-44ad-af86-ba12f6ac88ae->9d8d98b0-9991-458a-859c-25f8efc1f325#87-t1, previous=(t:1, i:12), leaderCommit=6, initializing? false, entries: <empty>
2019-09-16 22:22:27,426 [grpc-default-executor-4] INFO  server.GrpcServerProtocolService (GrpcServerProtocolService.java:onCompleted(113)) - 0ad894eb-396d-46a7-a4d0-256210dc34c1: Completed APPEND_ENTRIES, lastRequest: 5ecabd24-29f4-44ad-af86-ba12f6ac88ae->0ad894eb-396d-46a7-a4d0-256210dc34c1#87-t1, previous=(t:1, i:12), leaderCommit=6, initializing? false, entries: <empty>
2019-09-16 22:22:27,429 [grpc-default-executor-2] INFO  server.GrpcLogAppender (GrpcLogAppender.java:onCompleted(293)) - 5ecabd24-29f4-44ad-af86-ba12f6ac88ae@group-35A7B724CDC7->0ad894eb-396d-46a7-a4d0-256210dc34c1-AppendLogResponseHandler: follower responses appendEntries COMPLETED
2019-09-16 22:22:27,430 [grpc-default-executor-6] INFO  server.GrpcLogAppender (GrpcLogAppender.java:onCompleted(293)) - 5ecabd24-29f4-44ad-af86-ba12f6ac88ae@group-35A7B724CDC7->9d8d98b0-9991-458a-859c-25f8efc1f325-AppendLogResponseHandler: follower responses appendEntries COMPLETED
2019-09-16 22:22:27,430 [grpc-default-executor-2] INFO  impl.FollowerInfo (FollowerInfo.java:lambda$new$0(51)) - 5ecabd24-29f4-44ad-af86-ba12f6ac88ae@group-35A7B724CDC7->0ad894eb-396d-46a7-a4d0-256210dc34c1: nextIndex: updateUnconditionally 13 -> 7
2019-09-16 22:22:27,431 [grpc-default-executor-6] INFO  impl.FollowerInfo (FollowerInfo.java:lambda$new$0(51)) - 5ecabd24-29f4-44ad-af86-ba12f6ac88ae@group-35A7B724CDC7->9d8d98b0-9991-458a-859c-25f8efc1f325: nextIndex: updateUnconditionally 13 -> 7
2019-09-16 22:22:27,438 [grpc-default-executor-5] INFO  impl.StateMachineUpdater (StateMachineUpdater.java:stopAndJoin(125)) - 5ecabd24-29f4-44ad-af86-ba12f6ac88ae@group-35A7B724CDC7-StateMachineUpdater: set stopIndex = 6
2019-09-16 22:22:27,439 [5ecabd24-29f4-44ad-af86-ba12f6ac88ae@group-35A7B724CDC7-StateMachineUpdater] INFO  ratis.ContainerStateMachine (ContainerStateMachine.java:takeSnapshot(289)) - group-35A7B724CDC7: Taking a snapshot at:(t:1, i:6) file /workdir/hadoop-ozone/integration-test/target/test-dir/MiniOzoneClusterImpl-0831896c-8462-4536-87a9-38bb54f03984/datanode-4/data/ratis/3c82caf2-3cb3-4eb6-867b-35a7b724cdc7/sm/snapshot.1_6
2019-09-16 22:22:27,452 [Command processor thread] ERROR commandhandler.CloseContainerCommandHandler (CloseContainerCommandHandler.java:handle(125)) - Can't close container #2
java.io.IOException: org.apache.ratis.protocol.GroupMismatchException: 5ecabd24-29f4-44ad-af86-ba12f6ac88ae: group-35A7B724CDC7 not found.
	at org.apache.hadoop.ozone.container.common.transport.server.ratis.XceiverServerRatis.submitRequest(XceiverServerRatis.java:502)
	at org.apache.hadoop.ozone.container.common.statemachine.commandhandler.CloseContainerCommandHandler.handle(CloseContainerCommandHandler.java:102)
	at org.apache.hadoop.ozone.container.common.statemachine.commandhandler.CommandDispatcher.handle(CommandDispatcher.java:99)
	at org.apache.hadoop.ozone.container.common.statemachine.DatanodeStateMachine.lambda$initCommandHandlerThread$1(DatanodeStateMachine.java:432)
	at java.lang.Thread.run(Thread.java:748)
Caused by: java.util.concurrent.ExecutionException: org.apache.ratis.protocol.GroupMismatchException: 5ecabd24-29f4-44ad-af86-ba12f6ac88ae: group-35A7B724CDC7 not found.
	at java.util.concurrent.CompletableFuture.reportGet(CompletableFuture.java:357)
	at java.util.concurrent.CompletableFuture.get(CompletableFuture.java:1895)
	at org.apache.hadoop.ozone.container.common.transport.server.ratis.XceiverServerRatis.submitRequest(XceiverServerRatis.java:500)
	... 4 more
Caused by: org.apache.ratis.protocol.GroupMismatchException: 5ecabd24-29f4-44ad-af86-ba12f6ac88ae: group-35A7B724CDC7 not found.
	at org.apache.ratis.server.impl.RaftServerProxy$ImplMap.get(RaftServerProxy.java:122)
	at org.apache.ratis.server.impl.RaftServerProxy.getImplFuture(RaftServerProxy.java:269)
	at org.apache.ratis.server.impl.RaftServerProxy.submitRequest(RaftServerProxy.java:327)
	at org.apache.ratis.server.impl.RaftServerProxy.submitClientRequestAsync(RaftServerProxy.java:333)
	... 5 more
2019-09-16 22:22:27,488 [5ecabd24-29f4-44ad-af86-ba12f6ac88ae@group-35A7B724CDC7-StateMachineUpdater] INFO  ratis.ContainerStateMachine (ContainerStateMachine.java:takeSnapshot(300)) - group-35A7B724CDC7: Finished taking a snapshot at:(t:1, i:6) file:/workdir/hadoop-ozone/integration-test/target/test-dir/MiniOzoneClusterImpl-0831896c-8462-4536-87a9-38bb54f03984/datanode-4/data/ratis/3c82caf2-3cb3-4eb6-867b-35a7b724cdc7/sm/snapshot.1_6 time:49
2019-09-16 22:22:27,495 [5ecabd24-29f4-44ad-af86-ba12f6ac88ae@group-35A7B724CDC7-StateMachineUpdater] INFO  impl.StateMachineUpdater (StateMachineUpdater.java:takeSnapshot(258)) - 5ecabd24-29f4-44ad-af86-ba12f6ac88ae@group-35A7B724CDC7-StateMachineUpdater: Took a snapshot at index 6
2019-09-16 22:22:27,497 [5ecabd24-29f4-44ad-af86-ba12f6ac88ae@group-35A7B724CDC7-StateMachineUpdater] INFO  impl.StateMachineUpdater (StateMachineUpdater.java:lambda$new$0(83)) - 5ecabd24-29f4-44ad-af86-ba12f6ac88ae@group-35A7B724CDC7-StateMachineUpdater: snapshotIndex: updateIncreasingly -1 -> 6
2019-09-16 22:22:27,503 [grpc-default-executor-5] INFO  impl.RaftServerImpl (ServerState.java:close(385)) - 5ecabd24-29f4-44ad-af86-ba12f6ac88ae@group-35A7B724CDC7: closes. applyIndex: 6
2019-09-16 22:22:27,506 [5ecabd24-29f4-44ad-af86-ba12f6ac88ae@group-35A7B724CDC7-SegmentedRaftLogWorker] ERROR ratis.XceiverServerRatis (XceiverServerRatis.java:triggerPipelineClose(575)) - pipeline Action CLOSE  on pipeline PipelineID=3c82caf2-3cb3-4eb6-867b-35a7b724cdc7.Reason : WriteLog:8: (t:1, i:8), STATEMACHINELOGENTRY, client-22ACCF61FDFE, cid=17-writeStateMachineData interrupted.
2019-09-16 22:22:27,509 [EventQueue-PipelineActionsForPipelineActionHandler] ERROR pipeline.PipelineActionHandler (PipelineActionHandler.java:onMessage(60)) - Received pipeline action CLOSE for Pipeline[ Id: 3c82caf2-3cb3-4eb6-867b-35a7b724cdc7, Nodes: 5ecabd24-29f4-44ad-af86-ba12f6ac88ae{ip: 192.168.151.68, host: pr-hdds-2135-v26ff-2356241440, networkLocation: /default-rack, certSerialId: null}9d8d98b0-9991-458a-859c-25f8efc1f325{ip: 192.168.151.68, host: pr-hdds-2135-v26ff-2356241440, networkLocation: /default-rack, certSerialId: null}0ad894eb-396d-46a7-a4d0-256210dc34c1{ip: 192.168.151.68, host: pr-hdds-2135-v26ff-2356241440, networkLocation: /default-rack, certSerialId: null}, Type:RATIS, Factor:THREE, State:CLOSED] from datanode 5ecabd24-29f4-44ad-af86-ba12f6ac88ae{ip: 192.168.151.68, host: pr-hdds-2135-v26ff-2356241440, networkLocation: /default-rack, certSerialId: null}. Reason : WriteLog:8: (t:1, i:8), STATEMACHINELOGENTRY, client-22ACCF61FDFE, cid=17-writeStateMachineData interrupted.
2019-09-16 22:22:27,510 [EventQueue-PipelineActionsForPipelineActionHandler] INFO  pipeline.SCMPipelineManager (SCMPipelineManager.java:finalizeAndDestroyPipeline(311)) - destroying pipeline:Pipeline[ Id: 3c82caf2-3cb3-4eb6-867b-35a7b724cdc7, Nodes: 5ecabd24-29f4-44ad-af86-ba12f6ac88ae{ip: 192.168.151.68, host: pr-hdds-2135-v26ff-2356241440, networkLocation: /default-rack, certSerialId: null}9d8d98b0-9991-458a-859c-25f8efc1f325{ip: 192.168.151.68, host: pr-hdds-2135-v26ff-2356241440, networkLocation: /default-rack, certSerialId: null}0ad894eb-396d-46a7-a4d0-256210dc34c1{ip: 192.168.151.68, host: pr-hdds-2135-v26ff-2356241440, networkLocation: /default-rack, certSerialId: null}, Type:RATIS, Factor:THREE, State:CLOSED]
2019-09-16 22:22:27,520 [grpc-default-executor-5] INFO  segmented.SegmentedRaftLogWorker (SegmentedRaftLogWorker.java:close(228)) - 5ecabd24-29f4-44ad-af86-ba12f6ac88ae@group-35A7B724CDC7-SegmentedRaftLogWorker close()
2019-09-16 22:22:27,543 [grpc-default-executor-5] INFO  interfaces.Container (KeyValueContainer.java:flushAndSyncDB(386)) - Container 1 is synced with bcsId 4.
2019-09-16 22:22:27,543 [grpc-default-executor-5] INFO  interfaces.Container (KeyValueContainer.java:flushAndSyncDB(386)) - Container 1 is synced with bcsId 4.
2019-09-16 22:22:27,561 [EventQueue-IncrementalContainerReportForIncrementalContainerReportHandler] INFO  container.IncrementalContainerReportHandler (AbstractContainerReportHandler.java:updateContainerState(169)) - Moving container #1 to QUASI_CLOSED state, datanode 5ecabd24-29f4-44ad-af86-ba12f6ac88ae{ip: 192.168.151.68, host: pr-hdds-2135-v26ff-2356241440, networkLocation: /default-rack, certSerialId: null} reported QUASI_CLOSED replica.
2019-09-16 22:22:27,629 [grpc-default-executor-5] INFO  interfaces.Container (KeyValueContainer.java:flushAndSyncDB(386)) - Container 2 is synced with bcsId 0.
2019-09-16 22:22:27,630 [grpc-default-executor-5] INFO  interfaces.Container (KeyValueContainer.java:flushAndSyncDB(386)) - Container 2 is synced with bcsId 0.
2019-09-16 22:22:27,637 [EventQueue-IncrementalContainerReportForIncrementalContainerReportHandler] INFO  container.IncrementalContainerReportHandler (AbstractContainerReportHandler.java:updateContainerState(169)) - Moving container #2 to QUASI_CLOSED state, datanode 5ecabd24-29f4-44ad-af86-ba12f6ac88ae{ip: 192.168.151.68, host: pr-hdds-2135-v26ff-2356241440, networkLocation: /default-rack, certSerialId: null} reported QUASI_CLOSED replica.
2019-09-16 22:22:27,650 [grpc-default-executor-5] INFO  impl.RaftServerProxy (RaftServerProxy.java:remove(95)) - 9d8d98b0-9991-458a-859c-25f8efc1f325: remove  FOLLOWER 9d8d98b0-9991-458a-859c-25f8efc1f325@group-35A7B724CDC7:t1, leader=5ecabd24-29f4-44ad-af86-ba12f6ac88ae, voted=5ecabd24-29f4-44ad-af86-ba12f6ac88ae, raftlog=9d8d98b0-9991-458a-859c-25f8efc1f325@group-35A7B724CDC7-SegmentedRaftLog:OPENED:c6,f6,i12, conf=0: [9d8d98b0-9991-458a-859c-25f8efc1f325:192.168.151.68:46204, 0ad894eb-396d-46a7-a4d0-256210dc34c1:192.168.151.68:43421, 5ecabd24-29f4-44ad-af86-ba12f6ac88ae:192.168.151.68:37146], old=null RUNNING
2019-09-16 22:22:27,650 [grpc-default-executor-5] INFO  impl.RaftServerImpl (RaftServerImpl.java:lambda$shutdown$3(251)) - 9d8d98b0-9991-458a-859c-25f8efc1f325@group-35A7B724CDC7: shutdown
2019-09-16 22:22:27,650 [grpc-default-executor-5] INFO  util.JmxRegister (JmxRegister.java:unregister(73)) - Successfully un-registered JMX Bean with object name Ratis:service=RaftServer,group=group-35A7B724CDC7,id=9d8d98b0-9991-458a-859c-25f8efc1f325
2019-09-16 22:22:27,651 [grpc-default-executor-5] INFO  impl.RoleInfo (RoleInfo.java:shutdownFollowerState(121)) - 9d8d98b0-9991-458a-859c-25f8efc1f325: shutdown FollowerState
2019-09-16 22:22:27,651 [grpc-default-executor-5] INFO  impl.StateMachineUpdater (StateMachineUpdater.java:stopAndJoin(125)) - 9d8d98b0-9991-458a-859c-25f8efc1f325@group-35A7B724CDC7-StateMachineUpdater: set stopIndex = 6
2019-09-16 22:22:27,651 [Thread-309] INFO  impl.FollowerState (FollowerState.java:run(115)) - 9d8d98b0-9991-458a-859c-25f8efc1f325: FollowerState was interrupted: java.lang.InterruptedException: sleep interrupted
2019-09-16 22:22:27,653 [9d8d98b0-9991-458a-859c-25f8efc1f325@group-35A7B724CDC7-StateMachineUpdater] INFO  ratis.ContainerStateMachine (ContainerStateMachine.java:takeSnapshot(289)) - group-35A7B724CDC7: Taking a snapshot at:(t:1, i:4) file /workdir/hadoop-ozone/integration-test/target/test-dir/MiniOzoneClusterImpl-0831896c-8462-4536-87a9-38bb54f03984/datanode-3/data/ratis/3c82caf2-3cb3-4eb6-867b-35a7b724cdc7/sm/snapshot.1_4
2019-09-16 22:22:27,656 [9d8d98b0-9991-458a-859c-25f8efc1f325@group-35A7B724CDC7-StateMachineUpdater] INFO  ratis.ContainerStateMachine (ContainerStateMachine.java:takeSnapshot(300)) - group-35A7B724CDC7: Finished taking a snapshot at:(t:1, i:4) file:/workdir/hadoop-ozone/integration-test/target/test-dir/MiniOzoneClusterImpl-0831896c-8462-4536-87a9-38bb54f03984/datanode-3/data/ratis/3c82caf2-3cb3-4eb6-867b-35a7b724cdc7/sm/snapshot.1_4 time:4
2019-09-16 22:22:27,657 [9d8d98b0-9991-458a-859c-25f8efc1f325@group-35A7B724CDC7-StateMachineUpdater] INFO  impl.StateMachineUpdater (StateMachineUpdater.java:takeSnapshot(258)) - 9d8d98b0-9991-458a-859c-25f8efc1f325@group-35A7B724CDC7-StateMachineUpdater: Took a snapshot at index 4
2019-09-16 22:22:27,657 [9d8d98b0-9991-458a-859c-25f8efc1f325@group-35A7B724CDC7-StateMachineUpdater] INFO  impl.StateMachineUpdater (StateMachineUpdater.java:lambda$new$0(83)) - 9d8d98b0-9991-458a-859c-25f8efc1f325@group-35A7B724CDC7-StateMachineUpdater: snapshotIndex: updateIncreasingly -1 -> 4
2019-09-16 22:22:27,657 [9d8d98b0-9991-458a-859c-25f8efc1f325@group-35A7B724CDC7-StateMachineUpdater] INFO  ratis.ContainerStateMachine (ContainerStateMachine.java:takeSnapshot(289)) - group-35A7B724CDC7: Taking a snapshot at:(t:1, i:4) file /workdir/hadoop-ozone/integration-test/target/test-dir/MiniOzoneClusterImpl-0831896c-8462-4536-87a9-38bb54f03984/datanode-3/data/ratis/3c82caf2-3cb3-4eb6-867b-35a7b724cdc7/sm/snapshot.1_4
2019-09-16 22:22:27,660 [9d8d98b0-9991-458a-859c-25f8efc1f325@group-35A7B724CDC7-StateMachineUpdater] INFO  ratis.ContainerStateMachine (ContainerStateMachine.java:takeSnapshot(300)) - group-35A7B724CDC7: Finished taking a snapshot at:(t:1, i:4) file:/workdir/hadoop-ozone/integration-test/target/test-dir/MiniOzoneClusterImpl-0831896c-8462-4536-87a9-38bb54f03984/datanode-3/data/ratis/3c82caf2-3cb3-4eb6-867b-35a7b724cdc7/sm/snapshot.1_4 time:3
2019-09-16 22:22:27,660 [9d8d98b0-9991-458a-859c-25f8efc1f325@group-35A7B724CDC7-StateMachineUpdater] INFO  impl.StateMachineUpdater (StateMachineUpdater.java:takeSnapshot(258)) - 9d8d98b0-9991-458a-859c-25f8efc1f325@group-35A7B724CDC7-StateMachineUpdater: Took a snapshot at index 4
2019-09-16 22:22:27,660 [9d8d98b0-9991-458a-859c-25f8efc1f325@group-35A7B724CDC7-StateMachineUpdater] INFO  impl.StateMachineUpdater (StateMachineUpdater.java:lambda$new$0(83)) - 9d8d98b0-9991-458a-859c-25f8efc1f325@group-35A7B724CDC7-StateMachineUpdater: snapshotIndex: updateIncreasingly 4 -> 4
2019-09-16 22:22:27,661 [grpc-default-executor-5] INFO  impl.RaftServerImpl (ServerState.java:close(385)) - 9d8d98b0-9991-458a-859c-25f8efc1f325@group-35A7B724CDC7: closes. applyIndex: 6
2019-09-16 22:22:27,669 [9d8d98b0-9991-458a-859c-25f8efc1f325@group-35A7B724CDC7-SegmentedRaftLogWorker] ERROR ratis.XceiverServerRatis (XceiverServerRatis.java:triggerPipelineClose(575)) - pipeline Action CLOSE  on pipeline PipelineID=3c82caf2-3cb3-4eb6-867b-35a7b724cdc7.Reason : WriteLog:8: (t:1, i:8), STATEMACHINELOGENTRY, client-22ACCF61FDFE, cid=17-writeStateMachineData interrupted.
2019-09-16 22:22:27,674 [EventQueue-PipelineActionsForPipelineActionHandler] ERROR pipeline.PipelineActionHandler (PipelineActionHandler.java:onMessage(60)) - Received pipeline action CLOSE for Pipeline[ Id: 3c82caf2-3cb3-4eb6-867b-35a7b724cdc7, Nodes: 5ecabd24-29f4-44ad-af86-ba12f6ac88ae{ip: 192.168.151.68, host: pr-hdds-2135-v26ff-2356241440, networkLocation: /default-rack, certSerialId: null}9d8d98b0-9991-458a-859c-25f8efc1f325{ip: 192.168.151.68, host: pr-hdds-2135-v26ff-2356241440, networkLocation: /default-rack, certSerialId: null}0ad894eb-396d-46a7-a4d0-256210dc34c1{ip: 192.168.151.68, host: pr-hdds-2135-v26ff-2356241440, networkLocation: /default-rack, certSerialId: null}, Type:RATIS, Factor:THREE, State:CLOSED] from datanode 9d8d98b0-9991-458a-859c-25f8efc1f325{ip: 192.168.151.68, host: pr-hdds-2135-v26ff-2356241440, networkLocation: /default-rack, certSerialId: null}. Reason : WriteLog:8: (t:1, i:8), STATEMACHINELOGENTRY, client-22ACCF61FDFE, cid=17-writeStateMachineData interrupted.
2019-09-16 22:22:27,674 [EventQueue-PipelineActionsForPipelineActionHandler] INFO  pipeline.SCMPipelineManager (SCMPipelineManager.java:finalizeAndDestroyPipeline(311)) - destroying pipeline:Pipeline[ Id: 3c82caf2-3cb3-4eb6-867b-35a7b724cdc7, Nodes: 5ecabd24-29f4-44ad-af86-ba12f6ac88ae{ip: 192.168.151.68, host: pr-hdds-2135-v26ff-2356241440, networkLocation: /default-rack, certSerialId: null}9d8d98b0-9991-458a-859c-25f8efc1f325{ip: 192.168.151.68, host: pr-hdds-2135-v26ff-2356241440, networkLocation: /default-rack, certSerialId: null}0ad894eb-396d-46a7-a4d0-256210dc34c1{ip: 192.168.151.68, host: pr-hdds-2135-v26ff-2356241440, networkLocation: /default-rack, certSerialId: null}, Type:RATIS, Factor:THREE, State:CLOSED]
2019-09-16 22:22:27,675 [grpc-default-executor-5] INFO  segmented.SegmentedRaftLogWorker (SegmentedRaftLogWorker.java:close(228)) - 9d8d98b0-9991-458a-859c-25f8efc1f325@group-35A7B724CDC7-SegmentedRaftLogWorker close()
2019-09-16 22:22:27,682 [grpc-default-executor-5] INFO  interfaces.Container (KeyValueContainer.java:flushAndSyncDB(386)) - Container 1 is synced with bcsId 4.
2019-09-16 22:22:27,683 [grpc-default-executor-5] INFO  interfaces.Container (KeyValueContainer.java:flushAndSyncDB(386)) - Container 1 is synced with bcsId 4.
2019-09-16 22:22:27,724 [grpc-default-executor-5] INFO  interfaces.Container (KeyValueContainer.java:flushAndSyncDB(386)) - Container 2 is synced with bcsId 0.
2019-09-16 22:22:27,724 [grpc-default-executor-5] INFO  interfaces.Container (KeyValueContainer.java:flushAndSyncDB(386)) - Container 2 is synced with bcsId 0.
2019-09-16 22:22:27,750 [grpc-default-executor-5] INFO  impl.RaftServerProxy (RaftServerProxy.java:remove(95)) - 0ad894eb-396d-46a7-a4d0-256210dc34c1: remove  FOLLOWER 0ad894eb-396d-46a7-a4d0-256210dc34c1@group-35A7B724CDC7:t1, leader=5ecabd24-29f4-44ad-af86-ba12f6ac88ae, voted=5ecabd24-29f4-44ad-af86-ba12f6ac88ae, raftlog=0ad894eb-396d-46a7-a4d0-256210dc34c1@group-35A7B724CDC7-SegmentedRaftLog:OPENED:c6,f6,i12, conf=0: [9d8d98b0-9991-458a-859c-25f8efc1f325:192.168.151.68:46204, 0ad894eb-396d-46a7-a4d0-256210dc34c1:192.168.151.68:43421, 5ecabd24-29f4-44ad-af86-ba12f6ac88ae:192.168.151.68:37146], old=null RUNNING
2019-09-16 22:22:27,750 [grpc-default-executor-5] INFO  impl.RaftServerImpl (RaftServerImpl.java:lambda$shutdown$3(251)) - 0ad894eb-396d-46a7-a4d0-256210dc34c1@group-35A7B724CDC7: shutdown
2019-09-16 22:22:27,750 [grpc-default-executor-5] INFO  util.JmxRegister (JmxRegister.java:unregister(73)) - Successfully un-registered JMX Bean with object name Ratis:service=RaftServer,group=group-35A7B724CDC7,id=0ad894eb-396d-46a7-a4d0-256210dc34c1
2019-09-16 22:22:27,751 [grpc-default-executor-5] INFO  impl.RoleInfo (RoleInfo.java:shutdownFollowerState(121)) - 0ad894eb-396d-46a7-a4d0-256210dc34c1: shutdown FollowerState
2019-09-16 22:22:27,751 [grpc-default-executor-5] INFO  impl.StateMachineUpdater (StateMachineUpdater.java:stopAndJoin(125)) - 0ad894eb-396d-46a7-a4d0-256210dc34c1@group-35A7B724CDC7-StateMachineUpdater: set stopIndex = 6
2019-09-16 22:22:27,751 [0ad894eb-396d-46a7-a4d0-256210dc34c1@group-35A7B724CDC7-StateMachineUpdater] INFO  ratis.ContainerStateMachine (ContainerStateMachine.java:takeSnapshot(289)) - group-35A7B724CDC7: Taking a snapshot at:(t:1, i:4) file /workdir/hadoop-ozone/integration-test/target/test-dir/MiniOzoneClusterImpl-0831896c-8462-4536-87a9-38bb54f03984/datanode-5/data/ratis/3c82caf2-3cb3-4eb6-867b-35a7b724cdc7/sm/snapshot.1_4
2019-09-16 22:22:27,751 [Thread-308] INFO  impl.FollowerState (FollowerState.java:run(115)) - 0ad894eb-396d-46a7-a4d0-256210dc34c1: FollowerState was interrupted: java.lang.InterruptedException: sleep interrupted
2019-09-16 22:22:27,765 [0ad894eb-396d-46a7-a4d0-256210dc34c1@group-35A7B724CDC7-StateMachineUpdater] INFO  ratis.ContainerStateMachine (ContainerStateMachine.java:takeSnapshot(300)) - group-35A7B724CDC7: Finished taking a snapshot at:(t:1, i:4) file:/workdir/hadoop-ozone/integration-test/target/test-dir/MiniOzoneClusterImpl-0831896c-8462-4536-87a9-38bb54f03984/datanode-5/data/ratis/3c82caf2-3cb3-4eb6-867b-35a7b724cdc7/sm/snapshot.1_4 time:15
2019-09-16 22:22:27,766 [0ad894eb-396d-46a7-a4d0-256210dc34c1@group-35A7B724CDC7-StateMachineUpdater] INFO  impl.StateMachineUpdater (StateMachineUpdater.java:takeSnapshot(258)) - 0ad894eb-396d-46a7-a4d0-256210dc34c1@group-35A7B724CDC7-StateMachineUpdater: Took a snapshot at index 4
2019-09-16 22:22:27,766 [0ad894eb-396d-46a7-a4d0-256210dc34c1@group-35A7B724CDC7-StateMachineUpdater] INFO  impl.StateMachineUpdater (StateMachineUpdater.java:lambda$new$0(83)) - 0ad894eb-396d-46a7-a4d0-256210dc34c1@group-35A7B724CDC7-StateMachineUpdater: snapshotIndex: updateIncreasingly -1 -> 4
2019-09-16 22:22:27,766 [0ad894eb-396d-46a7-a4d0-256210dc34c1@group-35A7B724CDC7-StateMachineUpdater] INFO  ratis.ContainerStateMachine (ContainerStateMachine.java:takeSnapshot(289)) - group-35A7B724CDC7: Taking a snapshot at:(t:1, i:4) file /workdir/hadoop-ozone/integration-test/target/test-dir/MiniOzoneClusterImpl-0831896c-8462-4536-87a9-38bb54f03984/datanode-5/data/ratis/3c82caf2-3cb3-4eb6-867b-35a7b724cdc7/sm/snapshot.1_4
2019-09-16 22:22:27,778 [0ad894eb-396d-46a7-a4d0-256210dc34c1@group-35A7B724CDC7-StateMachineUpdater] INFO  ratis.ContainerStateMachine (ContainerStateMachine.java:takeSnapshot(300)) - group-35A7B724CDC7: Finished taking a snapshot at:(t:1, i:4) file:/workdir/hadoop-ozone/integration-test/target/test-dir/MiniOzoneClusterImpl-0831896c-8462-4536-87a9-38bb54f03984/datanode-5/data/ratis/3c82caf2-3cb3-4eb6-867b-35a7b724cdc7/sm/snapshot.1_4 time:12
2019-09-16 22:22:27,779 [0ad894eb-396d-46a7-a4d0-256210dc34c1@group-35A7B724CDC7-StateMachineUpdater] INFO  impl.StateMachineUpdater (StateMachineUpdater.java:takeSnapshot(258)) - 0ad894eb-396d-46a7-a4d0-256210dc34c1@group-35A7B724CDC7-StateMachineUpdater: Took a snapshot at index 4
2019-09-16 22:22:27,779 [0ad894eb-396d-46a7-a4d0-256210dc34c1@group-35A7B724CDC7-StateMachineUpdater] INFO  impl.StateMachineUpdater (StateMachineUpdater.java:lambda$new$0(83)) - 0ad894eb-396d-46a7-a4d0-256210dc34c1@group-35A7B724CDC7-StateMachineUpdater: snapshotIndex: updateIncreasingly 4 -> 4
2019-09-16 22:22:27,779 [grpc-default-executor-5] INFO  impl.RaftServerImpl (ServerState.java:close(385)) - 0ad894eb-396d-46a7-a4d0-256210dc34c1@group-35A7B724CDC7: closes. applyIndex: 6
2019-09-16 22:22:27,780 [0ad894eb-396d-46a7-a4d0-256210dc34c1@group-35A7B724CDC7-SegmentedRaftLogWorker] ERROR ratis.XceiverServerRatis (XceiverServerRatis.java:triggerPipelineClose(575)) - pipeline Action CLOSE  on pipeline PipelineID=3c82caf2-3cb3-4eb6-867b-35a7b724cdc7.Reason : WriteLog:8: (t:1, i:8), STATEMACHINELOGENTRY, client-22ACCF61FDFE, cid=17-writeStateMachineData interrupted.
2019-09-16 22:22:27,786 [EventQueue-PipelineActionsForPipelineActionHandler] ERROR pipeline.PipelineActionHandler (PipelineActionHandler.java:onMessage(60)) - Received pipeline action CLOSE for Pipeline[ Id: 3c82caf2-3cb3-4eb6-867b-35a7b724cdc7, Nodes: 5ecabd24-29f4-44ad-af86-ba12f6ac88ae{ip: 192.168.151.68, host: pr-hdds-2135-v26ff-2356241440, networkLocation: /default-rack, certSerialId: null}9d8d98b0-9991-458a-859c-25f8efc1f325{ip: 192.168.151.68, host: pr-hdds-2135-v26ff-2356241440, networkLocation: /default-rack, certSerialId: null}0ad894eb-396d-46a7-a4d0-256210dc34c1{ip: 192.168.151.68, host: pr-hdds-2135-v26ff-2356241440, networkLocation: /default-rack, certSerialId: null}, Type:RATIS, Factor:THREE, State:CLOSED] from datanode 0ad894eb-396d-46a7-a4d0-256210dc34c1{ip: 192.168.151.68, host: pr-hdds-2135-v26ff-2356241440, networkLocation: /default-rack, certSerialId: null}. Reason : WriteLog:8: (t:1, i:8), STATEMACHINELOGENTRY, client-22ACCF61FDFE, cid=17-writeStateMachineData interrupted.
2019-09-16 22:22:27,786 [EventQueue-PipelineActionsForPipelineActionHandler] INFO  pipeline.SCMPipelineManager (SCMPipelineManager.java:finalizeAndDestroyPipeline(311)) - destroying pipeline:Pipeline[ Id: 3c82caf2-3cb3-4eb6-867b-35a7b724cdc7, Nodes: 5ecabd24-29f4-44ad-af86-ba12f6ac88ae{ip: 192.168.151.68, host: pr-hdds-2135-v26ff-2356241440, networkLocation: /default-rack, certSerialId: null}9d8d98b0-9991-458a-859c-25f8efc1f325{ip: 192.168.151.68, host: pr-hdds-2135-v26ff-2356241440, networkLocation: /default-rack, certSerialId: null}0ad894eb-396d-46a7-a4d0-256210dc34c1{ip: 192.168.151.68, host: pr-hdds-2135-v26ff-2356241440, networkLocation: /default-rack, certSerialId: null}, Type:RATIS, Factor:THREE, State:CLOSED]
2019-09-16 22:22:27,796 [grpc-default-executor-5] INFO  segmented.SegmentedRaftLogWorker (SegmentedRaftLogWorker.java:close(228)) - 0ad894eb-396d-46a7-a4d0-256210dc34c1@group-35A7B724CDC7-SegmentedRaftLogWorker close()
2019-09-16 22:22:27,813 [grpc-default-executor-5] INFO  interfaces.Container (KeyValueContainer.java:flushAndSyncDB(386)) - Container 1 is synced with bcsId 4.
2019-09-16 22:22:27,814 [grpc-default-executor-5] INFO  interfaces.Container (KeyValueContainer.java:flushAndSyncDB(386)) - Container 1 is synced with bcsId 4.
2019-09-16 22:22:27,888 [grpc-default-executor-5] INFO  interfaces.Container (KeyValueContainer.java:flushAndSyncDB(386)) - Container 2 is synced with bcsId 0.
2019-09-16 22:22:27,888 [grpc-default-executor-5] INFO  interfaces.Container (KeyValueContainer.java:flushAndSyncDB(386)) - Container 2 is synced with bcsId 0.
2019-09-16 22:22:27,908 [RatisPipelineUtilsThread] INFO  pipeline.PipelineStateManager (PipelineStateManager.java:removePipeline(108)) - Pipeline Pipeline[ Id: 3c82caf2-3cb3-4eb6-867b-35a7b724cdc7, Nodes: 5ecabd24-29f4-44ad-af86-ba12f6ac88ae{ip: 192.168.151.68, host: pr-hdds-2135-v26ff-2356241440, networkLocation: /default-rack, certSerialId: null}9d8d98b0-9991-458a-859c-25f8efc1f325{ip: 192.168.151.68, host: pr-hdds-2135-v26ff-2356241440, networkLocation: /default-rack, certSerialId: null}0ad894eb-396d-46a7-a4d0-256210dc34c1{ip: 192.168.151.68, host: pr-hdds-2135-v26ff-2356241440, networkLocation: /default-rack, certSerialId: null}, Type:RATIS, Factor:THREE, State:CLOSED] removed from db
2019-09-16 22:22:27,939 [grpc-default-executor-6] INFO  impl.RaftServerProxy (RaftServerProxy.java:addNew(89)) - 9d8d98b0-9991-458a-859c-25f8efc1f325: addNew group-461D11BEE149:[9d8d98b0-9991-458a-859c-25f8efc1f325:192.168.151.68:46204, 0ad894eb-396d-46a7-a4d0-256210dc34c1:192.168.151.68:43421, 5ecabd24-29f4-44ad-af86-ba12f6ac88ae:192.168.151.68:37146] returns group-461D11BEE149:java.util.concurrent.CompletableFuture@3d11c90c[Not completed]
2019-09-16 22:22:27,942 [grpc-default-executor-5] INFO  impl.RaftServerProxy (RaftServerProxy.java:addNew(89)) - 5ecabd24-29f4-44ad-af86-ba12f6ac88ae: addNew group-461D11BEE149:[9d8d98b0-9991-458a-859c-25f8efc1f325:192.168.151.68:46204, 0ad894eb-396d-46a7-a4d0-256210dc34c1:192.168.151.68:43421, 5ecabd24-29f4-44ad-af86-ba12f6ac88ae:192.168.151.68:37146] returns group-461D11BEE149:java.util.concurrent.CompletableFuture@47053d54[Not completed]
2019-09-16 22:22:27,942 [grpc-default-executor-2] INFO  impl.RaftServerProxy (RaftServerProxy.java:addNew(89)) - 0ad894eb-396d-46a7-a4d0-256210dc34c1: addNew group-461D11BEE149:[9d8d98b0-9991-458a-859c-25f8efc1f325:192.168.151.68:46204, 0ad894eb-396d-46a7-a4d0-256210dc34c1:192.168.151.68:43421, 5ecabd24-29f4-44ad-af86-ba12f6ac88ae:192.168.151.68:37146] returns group-461D11BEE149:java.util.concurrent.CompletableFuture@5481d757[Not completed]
2019-09-16 22:22:27,945 [pool-57-thread-1] INFO  impl.RaftServerImpl (RaftServerImpl.java:<init>(95)) - 9d8d98b0-9991-458a-859c-25f8efc1f325: new RaftServerImpl for group-461D11BEE149:[9d8d98b0-9991-458a-859c-25f8efc1f325:192.168.151.68:46204, 0ad894eb-396d-46a7-a4d0-256210dc34c1:192.168.151.68:43421, 5ecabd24-29f4-44ad-af86-ba12f6ac88ae:192.168.151.68:37146] with ContainerStateMachine:uninitialized
2019-09-16 22:22:27,945 [pool-57-thread-1] INFO  server.RaftServerConfigKeys (ConfUtils.java:logGet(43)) - raft.server.rpc.timeout.min = 5s (custom)
2019-09-16 22:22:27,945 [pool-57-thread-1] INFO  server.RaftServerConfigKeys (ConfUtils.java:logGet(43)) - raft.server.rpc.timeout.max = 5200ms (custom)
2019-09-16 22:22:27,945 [pool-57-thread-1] INFO  server.RaftServerConfigKeys (ConfUtils.java:logGet(43)) - raft.server.rpcslowness.timeout = 120s (custom)
2019-09-16 22:22:27,945 [pool-57-thread-1] INFO  server.RaftServerConfigKeys (ConfUtils.java:logGet(43)) - raft.server.sleep.deviation.threshold = 300 (default)
2019-09-16 22:22:27,945 [pool-57-thread-1] INFO  server.RaftServerConfigKeys (ConfUtils.java:logGet(43)) - raft.server.log.appender.install.snapshot.enabled = false (custom)
2019-09-16 22:22:27,946 [pool-57-thread-1] INFO  impl.RaftServerImpl (ServerState.java:<init>(103)) - 9d8d98b0-9991-458a-859c-25f8efc1f325@group-461D11BEE149: ConfigurationManager, init=-1: [9d8d98b0-9991-458a-859c-25f8efc1f325:192.168.151.68:46204, 0ad894eb-396d-46a7-a4d0-256210dc34c1:192.168.151.68:43421, 5ecabd24-29f4-44ad-af86-ba12f6ac88ae:192.168.151.68:37146], old=null, confs=<EMPTY_MAP>
2019-09-16 22:22:27,946 [pool-77-thread-1] INFO  impl.RaftServerImpl (RaftServerImpl.java:<init>(95)) - 0ad894eb-396d-46a7-a4d0-256210dc34c1: new RaftServerImpl for group-461D11BEE149:[9d8d98b0-9991-458a-859c-25f8efc1f325:192.168.151.68:46204, 0ad894eb-396d-46a7-a4d0-256210dc34c1:192.168.151.68:43421, 5ecabd24-29f4-44ad-af86-ba12f6ac88ae:192.168.151.68:37146] with ContainerStateMachine:uninitialized
2019-09-16 22:22:27,946 [pool-77-thread-1] INFO  server.RaftServerConfigKeys (ConfUtils.java:logGet(43)) - raft.server.rpc.timeout.min = 5s (custom)
2019-09-16 22:22:27,946 [pool-57-thread-1] INFO  server.RaftServerConfigKeys (ConfUtils.java:logGet(43)) - raft.server.storage.dir = [/workdir/hadoop-ozone/integration-test/target/test-dir/MiniOzoneClusterImpl-0831896c-8462-4536-87a9-38bb54f03984/datanode-3/data/ratis] (custom)
2019-09-16 22:22:27,946 [pool-77-thread-1] INFO  server.RaftServerConfigKeys (ConfUtils.java:logGet(43)) - raft.server.rpc.timeout.max = 5200ms (custom)
2019-09-16 22:22:27,946 [pool-77-thread-1] INFO  server.RaftServerConfigKeys (ConfUtils.java:logGet(43)) - raft.server.rpcslowness.timeout = 120s (custom)
2019-09-16 22:22:27,947 [pool-77-thread-1] INFO  server.RaftServerConfigKeys (ConfUtils.java:logGet(43)) - raft.server.sleep.deviation.threshold = 300 (default)
2019-09-16 22:22:27,947 [pool-57-thread-1] INFO  storage.RaftStorageDirectory (RaftStorageDirectory.java:analyzeStorage(246)) - The storage directory /workdir/hadoop-ozone/integration-test/target/test-dir/MiniOzoneClusterImpl-0831896c-8462-4536-87a9-38bb54f03984/datanode-3/data/ratis/22865676-56fc-4cfd-9d6e-461d11bee149 does not exist. Creating ...
2019-09-16 22:22:27,947 [pool-77-thread-1] INFO  server.RaftServerConfigKeys (ConfUtils.java:logGet(43)) - raft.server.log.appender.install.snapshot.enabled = false (custom)
2019-09-16 22:22:27,947 [pool-67-thread-1] INFO  impl.RaftServerImpl (RaftServerImpl.java:<init>(95)) - 5ecabd24-29f4-44ad-af86-ba12f6ac88ae: new RaftServerImpl for group-461D11BEE149:[9d8d98b0-9991-458a-859c-25f8efc1f325:192.168.151.68:46204, 0ad894eb-396d-46a7-a4d0-256210dc34c1:192.168.151.68:43421, 5ecabd24-29f4-44ad-af86-ba12f6ac88ae:192.168.151.68:37146] with ContainerStateMachine:uninitialized
2019-09-16 22:22:27,947 [pool-77-thread-1] INFO  impl.RaftServerImpl (ServerState.java:<init>(103)) - 0ad894eb-396d-46a7-a4d0-256210dc34c1@group-461D11BEE149: ConfigurationManager, init=-1: [9d8d98b0-9991-458a-859c-25f8efc1f325:192.168.151.68:46204, 0ad894eb-396d-46a7-a4d0-256210dc34c1:192.168.151.68:43421, 5ecabd24-29f4-44ad-af86-ba12f6ac88ae:192.168.151.68:37146], old=null, confs=<EMPTY_MAP>
2019-09-16 22:22:27,947 [pool-67-thread-1] INFO  server.RaftServerConfigKeys (ConfUtils.java:logGet(43)) - raft.server.rpc.timeout.min = 5s (custom)
2019-09-16 22:22:27,947 [pool-77-thread-1] INFO  server.RaftServerConfigKeys (ConfUtils.java:logGet(43)) - raft.server.storage.dir = [/workdir/hadoop-ozone/integration-test/target/test-dir/MiniOzoneClusterImpl-0831896c-8462-4536-87a9-38bb54f03984/datanode-5/data/ratis] (custom)
2019-09-16 22:22:27,948 [pool-67-thread-1] INFO  server.RaftServerConfigKeys (ConfUtils.java:logGet(43)) - raft.server.rpc.timeout.max = 5200ms (custom)
2019-09-16 22:22:27,948 [pool-67-thread-1] INFO  server.RaftServerConfigKeys (ConfUtils.java:logGet(43)) - raft.server.rpcslowness.timeout = 120s (custom)
2019-09-16 22:22:27,948 [pool-77-thread-1] INFO  storage.RaftStorageDirectory (RaftStorageDirectory.java:analyzeStorage(246)) - The storage directory /workdir/hadoop-ozone/integration-test/target/test-dir/MiniOzoneClusterImpl-0831896c-8462-4536-87a9-38bb54f03984/datanode-5/data/ratis/22865676-56fc-4cfd-9d6e-461d11bee149 does not exist. Creating ...
2019-09-16 22:22:27,948 [pool-67-thread-1] INFO  server.RaftServerConfigKeys (ConfUtils.java:logGet(43)) - raft.server.sleep.deviation.threshold = 300 (default)
2019-09-16 22:22:27,948 [pool-67-thread-1] INFO  server.RaftServerConfigKeys (ConfUtils.java:logGet(43)) - raft.server.log.appender.install.snapshot.enabled = false (custom)
2019-09-16 22:22:27,949 [pool-67-thread-1] INFO  impl.RaftServerImpl (ServerState.java:<init>(103)) - 5ecabd24-29f4-44ad-af86-ba12f6ac88ae@group-461D11BEE149: ConfigurationManager, init=-1: [9d8d98b0-9991-458a-859c-25f8efc1f325:192.168.151.68:46204, 0ad894eb-396d-46a7-a4d0-256210dc34c1:192.168.151.68:43421, 5ecabd24-29f4-44ad-af86-ba12f6ac88ae:192.168.151.68:37146], old=null, confs=<EMPTY_MAP>
2019-09-16 22:22:27,949 [pool-67-thread-1] INFO  server.RaftServerConfigKeys (ConfUtils.java:logGet(43)) - raft.server.storage.dir = [/workdir/hadoop-ozone/integration-test/target/test-dir/MiniOzoneClusterImpl-0831896c-8462-4536-87a9-38bb54f03984/datanode-4/data/ratis] (custom)
2019-09-16 22:22:27,949 [pool-67-thread-1] INFO  storage.RaftStorageDirectory (RaftStorageDirectory.java:analyzeStorage(246)) - The storage directory /workdir/hadoop-ozone/integration-test/target/test-dir/MiniOzoneClusterImpl-0831896c-8462-4536-87a9-38bb54f03984/datanode-4/data/ratis/22865676-56fc-4cfd-9d6e-461d11bee149 does not exist. Creating ...
2019-09-16 22:22:27,961 [pool-77-thread-1] INFO  storage.RaftStorageDirectory (RaftStorageDirectory.java:tryLock(328)) - Lock on /workdir/hadoop-ozone/integration-test/target/test-dir/MiniOzoneClusterImpl-0831896c-8462-4536-87a9-38bb54f03984/datanode-5/data/ratis/22865676-56fc-4cfd-9d6e-461d11bee149/in_use.lock acquired by nodename 30548@pr-hdds-2135-v26ff-2356241440
2019-09-16 22:22:27,962 [pool-67-thread-1] INFO  storage.RaftStorageDirectory (RaftStorageDirectory.java:tryLock(328)) - Lock on /workdir/hadoop-ozone/integration-test/target/test-dir/MiniOzoneClusterImpl-0831896c-8462-4536-87a9-38bb54f03984/datanode-4/data/ratis/22865676-56fc-4cfd-9d6e-461d11bee149/in_use.lock acquired by nodename 30548@pr-hdds-2135-v26ff-2356241440
2019-09-16 22:22:27,962 [pool-57-thread-1] INFO  storage.RaftStorageDirectory (RaftStorageDirectory.java:tryLock(328)) - Lock on /workdir/hadoop-ozone/integration-test/target/test-dir/MiniOzoneClusterImpl-0831896c-8462-4536-87a9-38bb54f03984/datanode-3/data/ratis/22865676-56fc-4cfd-9d6e-461d11bee149/in_use.lock acquired by nodename 30548@pr-hdds-2135-v26ff-2356241440
2019-09-16 22:22:27,984 [pool-77-thread-1] INFO  storage.RaftStorage (RaftStorage.java:format(72)) - Storage directory /workdir/hadoop-ozone/integration-test/target/test-dir/MiniOzoneClusterImpl-0831896c-8462-4536-87a9-38bb54f03984/datanode-5/data/ratis/22865676-56fc-4cfd-9d6e-461d11bee149 has been successfully formatted.
2019-09-16 22:22:27,984 [pool-67-thread-1] INFO  storage.RaftStorage (RaftStorage.java:format(72)) - Storage directory /workdir/hadoop-ozone/integration-test/target/test-dir/MiniOzoneClusterImpl-0831896c-8462-4536-87a9-38bb54f03984/datanode-4/data/ratis/22865676-56fc-4cfd-9d6e-461d11bee149 has been successfully formatted.
2019-09-16 22:22:27,985 [pool-77-thread-1] INFO  ratis.ContainerStateMachine (ContainerStateMachine.java:loadSnapshot(230)) - group-461D11BEE149: The snapshot info is null. Setting the last applied indexto:(t:0, i:~)
2019-09-16 22:22:27,984 [pool-57-thread-1] INFO  storage.RaftStorage (RaftStorage.java:format(72)) - Storage directory /workdir/hadoop-ozone/integration-test/target/test-dir/MiniOzoneClusterImpl-0831896c-8462-4536-87a9-38bb54f03984/datanode-3/data/ratis/22865676-56fc-4cfd-9d6e-461d11bee149 has been successfully formatted.
2019-09-16 22:22:27,985 [pool-77-thread-1] INFO  server.RaftServerConfigKeys (ConfUtils.java:logGet(43)) - raft.server.notification.no-leader.timeout = 120s (custom)
2019-09-16 22:22:27,985 [pool-67-thread-1] INFO  ratis.ContainerStateMachine (ContainerStateMachine.java:loadSnapshot(230)) - group-461D11BEE149: The snapshot info is null. Setting the last applied indexto:(t:0, i:~)
2019-09-16 22:22:27,985 [pool-77-thread-1] INFO  server.RaftServerConfigKeys (ConfUtils.java:logGet(43)) - raft.server.log.use.memory = false (default)
2019-09-16 22:22:27,985 [pool-57-thread-1] INFO  ratis.ContainerStateMachine (ContainerStateMachine.java:loadSnapshot(230)) - group-461D11BEE149: The snapshot info is null. Setting the last applied indexto:(t:0, i:~)
2019-09-16 22:22:27,986 [pool-77-thread-1] INFO  server.RaftServerConfigKeys (ConfUtils.java:logGet(43)) - raft.server.log.purge.gap = 1000000 (custom)
2019-09-16 22:22:27,985 [pool-67-thread-1] INFO  server.RaftServerConfigKeys (ConfUtils.java:logGet(43)) - raft.server.notification.no-leader.timeout = 120s (custom)
2019-09-16 22:22:27,986 [pool-77-thread-1] INFO  server.RaftServerConfigKeys (ConfUtils.java:logGet(43)) - raft.server.log.appender.buffer.byte-limit = 33554432 (custom)
2019-09-16 22:22:27,986 [pool-57-thread-1] INFO  server.RaftServerConfigKeys (ConfUtils.java:logGet(43)) - raft.server.notification.no-leader.timeout = 120s (custom)
2019-09-16 22:22:27,986 [pool-77-thread-1] INFO  server.RaftServerConfigKeys (ConfUtils.java:logGet(43)) - raft.server.log.segment.size.max = 1048576 (custom)
2019-09-16 22:22:27,986 [pool-67-thread-1] INFO  server.RaftServerConfigKeys (ConfUtils.java:logGet(43)) - raft.server.log.use.memory = false (default)
2019-09-16 22:22:27,987 [pool-77-thread-1] INFO  server.RaftServerConfigKeys (ConfUtils.java:logGet(43)) - raft.server.log.segment.cache.num.max = 2 (custom)
2019-09-16 22:22:27,986 [pool-57-thread-1] INFO  server.RaftServerConfigKeys (ConfUtils.java:logGet(43)) - raft.server.log.use.memory = false (default)
2019-09-16 22:22:27,987 [pool-77-thread-1] INFO  segmented.SegmentedRaftLogWorker (SegmentedRaftLogWorker.java:<init>(172)) - new 0ad894eb-396d-46a7-a4d0-256210dc34c1@group-461D11BEE149-SegmentedRaftLogWorker for RaftStorage:Storage Directory /workdir/hadoop-ozone/integration-test/target/test-dir/MiniOzoneClusterImpl-0831896c-8462-4536-87a9-38bb54f03984/datanode-5/data/ratis/22865676-56fc-4cfd-9d6e-461d11bee149
2019-09-16 22:22:27,987 [pool-67-thread-1] INFO  server.RaftServerConfigKeys (ConfUtils.java:logGet(43)) - raft.server.log.purge.gap = 1000000 (custom)
2019-09-16 22:22:27,987 [pool-77-thread-1] INFO  server.RaftServerConfigKeys (ConfUtils.java:logGet(43)) - raft.server.log.queue.byte-limit = 2147483647 (custom)
2019-09-16 22:22:27,987 [pool-57-thread-1] INFO  server.RaftServerConfigKeys (ConfUtils.java:logGet(43)) - raft.server.log.purge.gap = 1000000 (custom)
2019-09-16 22:22:27,988 [pool-77-thread-1] INFO  server.RaftServerConfigKeys (ConfUtils.java:logGet(43)) - raft.server.log.queue.element-limit = 1024 (custom)
2019-09-16 22:22:27,987 [pool-67-thread-1] INFO  server.RaftServerConfigKeys (ConfUtils.java:logGet(43)) - raft.server.log.appender.buffer.byte-limit = 33554432 (custom)
2019-09-16 22:22:27,988 [pool-77-thread-1] INFO  server.RaftServerConfigKeys (ConfUtils.java:logGet(43)) - raft.server.log.segment.size.max = 1048576 (custom)
2019-09-16 22:22:27,988 [pool-57-thread-1] INFO  server.RaftServerConfigKeys (ConfUtils.java:logGet(43)) - raft.server.log.appender.buffer.byte-limit = 33554432 (custom)
2019-09-16 22:22:27,988 [pool-77-thread-1] INFO  server.RaftServerConfigKeys (ConfUtils.java:logGet(43)) - raft.server.log.preallocated.size = 16384 (custom)
2019-09-16 22:22:27,988 [pool-67-thread-1] INFO  server.RaftServerConfigKeys (ConfUtils.java:logGet(43)) - raft.server.log.segment.size.max = 1048576 (custom)
2019-09-16 22:22:27,989 [pool-77-thread-1] INFO  server.RaftServerConfigKeys (ConfUtils.java:logGet(43)) - raft.server.log.write.buffer.size = 33554432 (custom)
2019-09-16 22:22:27,988 [pool-57-thread-1] INFO  server.RaftServerConfigKeys (ConfUtils.java:logGet(43)) - raft.server.log.segment.size.max = 1048576 (custom)
2019-09-16 22:22:27,989 [pool-77-thread-1] INFO  server.RaftServerConfigKeys (ConfUtils.java:logGet(43)) - raft.server.log.force.sync.num = 128 (default)
2019-09-16 22:22:27,989 [pool-67-thread-1] INFO  server.RaftServerConfigKeys (ConfUtils.java:logGet(43)) - raft.server.log.segment.cache.num.max = 2 (custom)
2019-09-16 22:22:27,989 [pool-77-thread-1] INFO  server.RaftServerConfigKeys (ConfUtils.java:logGet(43)) - raft.server.log.statemachine.data.sync = true (default)
2019-09-16 22:22:27,989 [pool-57-thread-1] INFO  server.RaftServerConfigKeys (ConfUtils.java:logGet(43)) - raft.server.log.segment.cache.num.max = 2 (custom)
2019-09-16 22:22:27,990 [pool-77-thread-1] INFO  server.RaftServerConfigKeys (ConfUtils.java:logGet(43)) - raft.server.log.statemachine.data.sync.timeout = 10s (default)
2019-09-16 22:22:27,990 [pool-77-thread-1] INFO  server.RaftServerConfigKeys (ConfUtils.java:logGet(43)) - raft.server.log.statemachine.data.sync.timeout.retry = -1 (default)
2019-09-16 22:22:27,989 [pool-67-thread-1] INFO  segmented.SegmentedRaftLogWorker (SegmentedRaftLogWorker.java:<init>(172)) - new 5ecabd24-29f4-44ad-af86-ba12f6ac88ae@group-461D11BEE149-SegmentedRaftLogWorker for RaftStorage:Storage Directory /workdir/hadoop-ozone/integration-test/target/test-dir/MiniOzoneClusterImpl-0831896c-8462-4536-87a9-38bb54f03984/datanode-4/data/ratis/22865676-56fc-4cfd-9d6e-461d11bee149
2019-09-16 22:22:27,990 [pool-77-thread-1] INFO  server.RaftServerConfigKeys (ConfUtils.java:logGet(43)) - raft.server.log.statemachine.data.caching.enabled = true (custom)
2019-09-16 22:22:27,990 [pool-57-thread-1] INFO  segmented.SegmentedRaftLogWorker (SegmentedRaftLogWorker.java:<init>(172)) - new 9d8d98b0-9991-458a-859c-25f8efc1f325@group-461D11BEE149-SegmentedRaftLogWorker for RaftStorage:Storage Directory /workdir/hadoop-ozone/integration-test/target/test-dir/MiniOzoneClusterImpl-0831896c-8462-4536-87a9-38bb54f03984/datanode-3/data/ratis/22865676-56fc-4cfd-9d6e-461d11bee149
2019-09-16 22:22:27,990 [pool-67-thread-1] INFO  server.RaftServerConfigKeys (ConfUtils.java:logGet(43)) - raft.server.log.queue.byte-limit = 2147483647 (custom)
2019-09-16 22:22:27,991 [pool-77-thread-1] INFO  segmented.SegmentedRaftLogWorker (SegmentedRaftLogWorker.java:lambda$new$0(132)) - 0ad894eb-396d-46a7-a4d0-256210dc34c1@group-461D11BEE149-SegmentedRaftLogWorker: flushIndex: setUnconditionally 0 -> -1
2019-09-16 22:22:27,991 [pool-57-thread-1] INFO  server.RaftServerConfigKeys (ConfUtils.java:logGet(43)) - raft.server.log.queue.byte-limit = 2147483647 (custom)
2019-09-16 22:22:27,991 [pool-57-thread-1] INFO  server.RaftServerConfigKeys (ConfUtils.java:logGet(43)) - raft.server.log.queue.element-limit = 1024 (custom)
2019-09-16 22:22:27,991 [pool-67-thread-1] INFO  server.RaftServerConfigKeys (ConfUtils.java:logGet(43)) - raft.server.log.queue.element-limit = 1024 (custom)
2019-09-16 22:22:27,991 [pool-57-thread-1] INFO  server.RaftServerConfigKeys (ConfUtils.java:logGet(43)) - raft.server.log.segment.size.max = 1048576 (custom)
2019-09-16 22:22:27,991 [pool-77-thread-1] INFO  server.RaftServerConfigKeys (ConfUtils.java:logGet(43)) - raft.server.snapshot.auto.trigger.enabled = true (custom)
2019-09-16 22:22:27,992 [pool-57-thread-1] INFO  server.RaftServerConfigKeys (ConfUtils.java:logGet(43)) - raft.server.log.preallocated.size = 16384 (custom)
2019-09-16 22:22:27,992 [pool-57-thread-1] INFO  server.RaftServerConfigKeys (ConfUtils.java:logGet(43)) - raft.server.log.write.buffer.size = 33554432 (custom)
2019-09-16 22:22:27,992 [pool-67-thread-1] INFO  server.RaftServerConfigKeys (ConfUtils.java:logGet(43)) - raft.server.log.segment.size.max = 1048576 (custom)
2019-09-16 22:22:27,992 [pool-57-thread-1] INFO  server.RaftServerConfigKeys (ConfUtils.java:logGet(43)) - raft.server.log.force.sync.num = 128 (default)
2019-09-16 22:22:27,992 [pool-77-thread-1] INFO  server.RaftServerConfigKeys (ConfUtils.java:logGet(43)) - raft.server.snapshot.auto.trigger.threshold = 10000 (custom)
2019-09-16 22:22:27,993 [pool-57-thread-1] INFO  server.RaftServerConfigKeys (ConfUtils.java:logGet(43)) - raft.server.log.statemachine.data.sync = true (default)
2019-09-16 22:22:27,993 [pool-57-thread-1] INFO  server.RaftServerConfigKeys (ConfUtils.java:logGet(43)) - raft.server.log.statemachine.data.sync.timeout = 10s (default)
2019-09-16 22:22:27,992 [pool-67-thread-1] INFO  server.RaftServerConfigKeys (ConfUtils.java:logGet(43)) - raft.server.log.preallocated.size = 16384 (custom)
2019-09-16 22:22:27,993 [pool-57-thread-1] INFO  server.RaftServerConfigKeys (ConfUtils.java:logGet(43)) - raft.server.log.statemachine.data.sync.timeout.retry = -1 (default)
2019-09-16 22:22:27,993 [pool-77-thread-1] INFO  server.RaftServerConfigKeys (ConfUtils.java:logGet(43)) - raft.server.snapshot.retention.num.files = 5 (custom)
2019-09-16 22:22:27,993 [pool-57-thread-1] INFO  server.RaftServerConfigKeys (ConfUtils.java:logGet(43)) - raft.server.log.statemachine.data.caching.enabled = true (custom)
2019-09-16 22:22:27,993 [pool-67-thread-1] INFO  server.RaftServerConfigKeys (ConfUtils.java:logGet(43)) - raft.server.log.write.buffer.size = 33554432 (custom)
2019-09-16 22:22:27,994 [pool-77-thread-1] INFO  server.RaftServerConfigKeys (ConfUtils.java:logGet(43)) - raft.server.retrycache.expirytime = 600000ms (custom)
2019-09-16 22:22:27,994 [pool-67-thread-1] INFO  server.RaftServerConfigKeys (ConfUtils.java:logGet(43)) - raft.server.log.force.sync.num = 128 (default)
2019-09-16 22:22:27,994 [pool-57-thread-1] INFO  segmented.SegmentedRaftLogWorker (SegmentedRaftLogWorker.java:lambda$new$0(132)) - 9d8d98b0-9991-458a-859c-25f8efc1f325@group-461D11BEE149-SegmentedRaftLogWorker: flushIndex: setUnconditionally 0 -> -1
2019-09-16 22:22:27,994 [pool-67-thread-1] INFO  server.RaftServerConfigKeys (ConfUtils.java:logGet(43)) - raft.server.log.statemachine.data.sync = true (default)
2019-09-16 22:22:27,995 [pool-57-thread-1] INFO  server.RaftServerConfigKeys (ConfUtils.java:logGet(43)) - raft.server.snapshot.auto.trigger.enabled = true (custom)
2019-09-16 22:22:27,995 [pool-67-thread-1] INFO  server.RaftServerConfigKeys (ConfUtils.java:logGet(43)) - raft.server.log.statemachine.data.sync.timeout = 10s (default)
2019-09-16 22:22:27,995 [pool-57-thread-1] INFO  server.RaftServerConfigKeys (ConfUtils.java:logGet(43)) - raft.server.snapshot.auto.trigger.threshold = 10000 (custom)
2019-09-16 22:22:27,995 [pool-67-thread-1] INFO  server.RaftServerConfigKeys (ConfUtils.java:logGet(43)) - raft.server.log.statemachine.data.sync.timeout.retry = -1 (default)
2019-09-16 22:22:27,995 [pool-57-thread-1] INFO  server.RaftServerConfigKeys (ConfUtils.java:logGet(43)) - raft.server.snapshot.retention.num.files = 5 (custom)
2019-09-16 22:22:27,996 [pool-67-thread-1] INFO  server.RaftServerConfigKeys (ConfUtils.java:logGet(43)) - raft.server.log.statemachine.data.caching.enabled = true (custom)
2019-09-16 22:22:27,996 [pool-57-thread-1] INFO  server.RaftServerConfigKeys (ConfUtils.java:logGet(43)) - raft.server.retrycache.expirytime = 600000ms (custom)
2019-09-16 22:22:27,996 [pool-67-thread-1] INFO  segmented.SegmentedRaftLogWorker (SegmentedRaftLogWorker.java:lambda$new$0(132)) - 5ecabd24-29f4-44ad-af86-ba12f6ac88ae@group-461D11BEE149-SegmentedRaftLogWorker: flushIndex: setUnconditionally 0 -> -1
2019-09-16 22:22:27,997 [pool-67-thread-1] INFO  server.RaftServerConfigKeys (ConfUtils.java:logGet(43)) - raft.server.snapshot.auto.trigger.enabled = true (custom)
2019-09-16 22:22:27,997 [pool-67-thread-1] INFO  server.RaftServerConfigKeys (ConfUtils.java:logGet(43)) - raft.server.snapshot.auto.trigger.threshold = 10000 (custom)
2019-09-16 22:22:27,997 [pool-67-thread-1] INFO  server.RaftServerConfigKeys (ConfUtils.java:logGet(43)) - raft.server.snapshot.retention.num.files = 5 (custom)
2019-09-16 22:22:27,997 [pool-67-thread-1] INFO  server.RaftServerConfigKeys (ConfUtils.java:logGet(43)) - raft.server.retrycache.expirytime = 600000ms (custom)
2019-09-16 22:22:27,999 [pool-77-thread-1] INFO  impl.RaftServerImpl (RaftServerImpl.java:start(185)) - 0ad894eb-396d-46a7-a4d0-256210dc34c1@group-461D11BEE149: start as a follower, conf=-1: [9d8d98b0-9991-458a-859c-25f8efc1f325:192.168.151.68:46204, 0ad894eb-396d-46a7-a4d0-256210dc34c1:192.168.151.68:43421, 5ecabd24-29f4-44ad-af86-ba12f6ac88ae:192.168.151.68:37146], old=null
2019-09-16 22:22:27,999 [pool-77-thread-1] INFO  impl.RaftServerImpl (RaftServerImpl.java:setRole(174)) - 0ad894eb-396d-46a7-a4d0-256210dc34c1@group-461D11BEE149: changes role from      null to FOLLOWER at term 0 for startAsFollower
2019-09-16 22:22:27,999 [pool-77-thread-1] INFO  impl.RoleInfo (RoleInfo.java:updateAndGet(143)) - 0ad894eb-396d-46a7-a4d0-256210dc34c1: start FollowerState
2019-09-16 22:22:28,000 [pool-77-thread-1] INFO  util.JmxRegister (JmxRegister.java:tryRegister(44)) - Successfully registered JMX Bean with object name Ratis:service=RaftServer,group=group-461D11BEE149,id=0ad894eb-396d-46a7-a4d0-256210dc34c1
2019-09-16 22:22:28,000 [pool-57-thread-1] INFO  impl.RaftServerImpl (RaftServerImpl.java:start(185)) - 9d8d98b0-9991-458a-859c-25f8efc1f325@group-461D11BEE149: start as a follower, conf=-1: [9d8d98b0-9991-458a-859c-25f8efc1f325:192.168.151.68:46204, 0ad894eb-396d-46a7-a4d0-256210dc34c1:192.168.151.68:43421, 5ecabd24-29f4-44ad-af86-ba12f6ac88ae:192.168.151.68:37146], old=null
2019-09-16 22:22:28,000 [pool-57-thread-1] INFO  impl.RaftServerImpl (RaftServerImpl.java:setRole(174)) - 9d8d98b0-9991-458a-859c-25f8efc1f325@group-461D11BEE149: changes role from      null to FOLLOWER at term 0 for startAsFollower
2019-09-16 22:22:28,000 [pool-57-thread-1] INFO  impl.RoleInfo (RoleInfo.java:updateAndGet(143)) - 9d8d98b0-9991-458a-859c-25f8efc1f325: start FollowerState
2019-09-16 22:22:28,001 [pool-57-thread-1] INFO  util.JmxRegister (JmxRegister.java:tryRegister(44)) - Successfully registered JMX Bean with object name Ratis:service=RaftServer,group=group-461D11BEE149,id=9d8d98b0-9991-458a-859c-25f8efc1f325
2019-09-16 22:22:28,001 [pool-67-thread-1] INFO  impl.RaftServerImpl (RaftServerImpl.java:start(185)) - 5ecabd24-29f4-44ad-af86-ba12f6ac88ae@group-461D11BEE149: start as a follower, conf=-1: [9d8d98b0-9991-458a-859c-25f8efc1f325:192.168.151.68:46204, 0ad894eb-396d-46a7-a4d0-256210dc34c1:192.168.151.68:43421, 5ecabd24-29f4-44ad-af86-ba12f6ac88ae:192.168.151.68:37146], old=null
2019-09-16 22:22:28,001 [pool-67-thread-1] INFO  impl.RaftServerImpl (RaftServerImpl.java:setRole(174)) - 5ecabd24-29f4-44ad-af86-ba12f6ac88ae@group-461D11BEE149: changes role from      null to FOLLOWER at term 0 for startAsFollower
2019-09-16 22:22:28,001 [pool-67-thread-1] INFO  impl.RoleInfo (RoleInfo.java:updateAndGet(143)) - 5ecabd24-29f4-44ad-af86-ba12f6ac88ae: start FollowerState
2019-09-16 22:22:28,005 [pool-67-thread-1] INFO  util.JmxRegister (JmxRegister.java:tryRegister(44)) - Successfully registered JMX Bean with object name Ratis:service=RaftServer,group=group-461D11BEE149,id=5ecabd24-29f4-44ad-af86-ba12f6ac88ae
2019-09-16 22:22:28,012 [RatisPipelineUtilsThread] INFO  pipeline.PipelineStateManager (PipelineStateManager.java:addPipeline(56)) - Created pipeline Pipeline[ Id: 22865676-56fc-4cfd-9d6e-461d11bee149, Nodes: 5ecabd24-29f4-44ad-af86-ba12f6ac88ae{ip: 192.168.151.68, host: pr-hdds-2135-v26ff-2356241440, networkLocation: /default-rack, certSerialId: null}9d8d98b0-9991-458a-859c-25f8efc1f325{ip: 192.168.151.68, host: pr-hdds-2135-v26ff-2356241440, networkLocation: /default-rack, certSerialId: null}0ad894eb-396d-46a7-a4d0-256210dc34c1{ip: 192.168.151.68, host: pr-hdds-2135-v26ff-2356241440, networkLocation: /default-rack, certSerialId: null}, Type:RATIS, Factor:THREE, State:OPEN]
2019-09-16 22:22:28,446 [main] WARN  io.KeyOutputStream (KeyOutputStream.java:handleException(276)) - Encountered exception java.io.IOException: Unexpected Storage Container Exception: java.util.concurrent.CompletionException: java.util.concurrent.CompletionException: org.apache.ratis.protocol.GroupMismatchException: 9d8d98b0-9991-458a-859c-25f8efc1f325: group-35A7B724CDC7 not found. on the pipeline Pipeline[ Id: 3c82caf2-3cb3-4eb6-867b-35a7b724cdc7, Nodes: 5ecabd24-29f4-44ad-af86-ba12f6ac88ae{ip: 192.168.151.68, host: pr-hdds-2135-v26ff-2356241440, networkLocation: /default-rack, certSerialId: null}9d8d98b0-9991-458a-859c-25f8efc1f325{ip: 192.168.151.68, host: pr-hdds-2135-v26ff-2356241440, networkLocation: /default-rack, certSerialId: null}0ad894eb-396d-46a7-a4d0-256210dc34c1{ip: 192.168.151.68, host: pr-hdds-2135-v26ff-2356241440, networkLocation: /default-rack, certSerialId: null}, Type:RATIS, Factor:THREE, State:OPEN]. The last committed block length is 0, uncommitted data length is 250 retry count 0
2019-09-16 22:22:28,520 [grpc-default-executor-5] INFO  client.GrpcClientProtocolClient (GrpcClientProtocolClient.java:onNext(264)) - client-8B0D5E2506A5->8f746e8d-b680-4b6a-a953-f66a9ce24b31: receive RaftClientReply:client-8B0D5E2506A5->8f746e8d-b680-4b6a-a953-f66a9ce24b31@group-1FF9B6E207BB, cid=27, FAILED org.apache.ratis.protocol.NotLeaderException: Server 8f746e8d-b680-4b6a-a953-f66a9ce24b31@group-1FF9B6E207BB is not the leader 38ade514-2648-4754-90d8-f44d77982dc1:192.168.151.68:44451, logIndex=0, commits[8f746e8d-b680-4b6a-a953-f66a9ce24b31:c0, 38ade514-2648-4754-90d8-f44d77982dc1:c0, f6fe9082-6072-456e-9c3d-4d31cedb190c:c0]
2019-09-16 22:22:28,696 [grpc-default-executor-5] INFO  client.GrpcClientProtocolClient (GrpcClientProtocolClient.java:onNext(264)) - client-8B0D5E2506A5->38ade514-2648-4754-90d8-f44d77982dc1: receive RaftClientReply:client-8B0D5E2506A5->38ade514-2648-4754-90d8-f44d77982dc1@group-1FF9B6E207BB, cid=27, SUCCESS, logIndex=1, commits[38ade514-2648-4754-90d8-f44d77982dc1:c1, 8f746e8d-b680-4b6a-a953-f66a9ce24b31:c0, f6fe9082-6072-456e-9c3d-4d31cedb190c:c0]
2019-09-16 22:22:28,738 [grpc-default-executor-2] INFO  client.GrpcClientProtocolClient (GrpcClientProtocolClient.java:onNext(264)) - client-8B0D5E2506A5->38ade514-2648-4754-90d8-f44d77982dc1: receive RaftClientReply:client-8B0D5E2506A5->38ade514-2648-4754-90d8-f44d77982dc1@group-1FF9B6E207BB, cid=28, SUCCESS, logIndex=3, commits[38ade514-2648-4754-90d8-f44d77982dc1:c4, 8f746e8d-b680-4b6a-a953-f66a9ce24b31:c2, f6fe9082-6072-456e-9c3d-4d31cedb190c:c2]
2019-09-16 22:22:28,762 [grpc-default-executor-6] INFO  client.GrpcClientProtocolClient (GrpcClientProtocolClient.java:onNext(264)) - client-8B0D5E2506A5->38ade514-2648-4754-90d8-f44d77982dc1: receive RaftClientReply:client-8B0D5E2506A5->38ade514-2648-4754-90d8-f44d77982dc1@group-1FF9B6E207BB, cid=29, SUCCESS, logIndex=4, commits[38ade514-2648-4754-90d8-f44d77982dc1:c10, 8f746e8d-b680-4b6a-a953-f66a9ce24b31:c6, f6fe9082-6072-456e-9c3d-4d31cedb190c:c6]
2019-09-16 22:22:28,763 [grpc-default-executor-6] INFO  client.GrpcClientProtocolClient (GrpcClientProtocolClient.java:onNext(264)) - client-8B0D5E2506A5->38ade514-2648-4754-90d8-f44d77982dc1: receive RaftClientReply:client-8B0D5E2506A5->38ade514-2648-4754-90d8-f44d77982dc1@group-1FF9B6E207BB, cid=30, SUCCESS, logIndex=5, commits[38ade514-2648-4754-90d8-f44d77982dc1:c10, 8f746e8d-b680-4b6a-a953-f66a9ce24b31:c6, f6fe9082-6072-456e-9c3d-4d31cedb190c:c6]
2019-09-16 22:22:28,812 [grpc-default-executor-6] INFO  client.GrpcClientProtocolClient (GrpcClientProtocolClient.java:onNext(264)) - client-8B0D5E2506A5->38ade514-2648-4754-90d8-f44d77982dc1: receive RaftClientReply:client-8B0D5E2506A5->38ade514-2648-4754-90d8-f44d77982dc1@group-1FF9B6E207BB, cid=31, SUCCESS, logIndex=6, commits[38ade514-2648-4754-90d8-f44d77982dc1:c10, 8f746e8d-b680-4b6a-a953-f66a9ce24b31:c6, f6fe9082-6072-456e-9c3d-4d31cedb190c:c6]
]]></system-out>
  </testcase>
  <testcase name="testMultiChunkWrite" classname="org.apache.hadoop.ozone.client.rpc.TestBlockOutputStream" time="7.957"/>
  <testcase name="testFullBufferCondition" classname="org.apache.hadoop.ozone.client.rpc.TestBlockOutputStream" time="187.083">
    <failure type="java.lang.AssertionError">java.lang.AssertionError
	at org.junit.Assert.fail(Assert.java:86)
	at org.junit.Assert.assertTrue(Assert.java:41)
	at org.junit.Assert.assertTrue(Assert.java:52)
	at org.apache.hadoop.ozone.client.rpc.TestBlockOutputStream.testFullBufferCondition(TestBlockOutputStream.java:515)
	at sun.reflect.NativeMethodAccessorImpl.invoke0(Native Method)
	at sun.reflect.NativeMethodAccessorImpl.invoke(NativeMethodAccessorImpl.java:62)
	at sun.reflect.DelegatingMethodAccessorImpl.invoke(DelegatingMethodAccessorImpl.java:43)
	at java.lang.reflect.Method.invoke(Method.java:498)
	at org.junit.runners.model.FrameworkMethod$1.runReflectiveCall(FrameworkMethod.java:47)
	at org.junit.internal.runners.model.ReflectiveCallable.run(ReflectiveCallable.java:12)
	at org.junit.runners.model.FrameworkMethod.invokeExplosively(FrameworkMethod.java:44)
	at org.junit.internal.runners.statements.InvokeMethod.evaluate(InvokeMethod.java:17)
	at org.junit.runners.ParentRunner.runLeaf(ParentRunner.java:271)
	at org.junit.runners.BlockJUnit4ClassRunner.runChild(BlockJUnit4ClassRunner.java:70)
	at org.junit.runners.BlockJUnit4ClassRunner.runChild(BlockJUnit4ClassRunner.java:50)
	at org.junit.runners.ParentRunner$3.run(ParentRunner.java:238)
	at org.junit.runners.ParentRunner$1.schedule(ParentRunner.java:63)
	at org.junit.runners.ParentRunner.runChildren(ParentRunner.java:236)
	at org.junit.runners.ParentRunner.access$000(ParentRunner.java:53)
	at org.junit.runners.ParentRunner$2.evaluate(ParentRunner.java:229)
	at org.junit.internal.runners.statements.RunBefores.evaluate(RunBefores.java:26)
	at org.junit.internal.runners.statements.RunAfters.evaluate(RunAfters.java:27)
	at org.junit.runners.ParentRunner.run(ParentRunner.java:309)
	at org.apache.maven.surefire.junit4.JUnit4Provider.execute(JUnit4Provider.java:365)
	at org.apache.maven.surefire.junit4.JUnit4Provider.executeWithRerun(JUnit4Provider.java:273)
	at org.apache.maven.surefire.junit4.JUnit4Provider.executeTestSet(JUnit4Provider.java:238)
	at org.apache.maven.surefire.junit4.JUnit4Provider.invoke(JUnit4Provider.java:159)
	at org.apache.maven.surefire.booter.ForkedBooter.invokeProviderInSameClassLoader(ForkedBooter.java:384)
	at org.apache.maven.surefire.booter.ForkedBooter.runSuitesInProcess(ForkedBooter.java:345)
	at org.apache.maven.surefire.booter.ForkedBooter.execute(ForkedBooter.java:126)
	at org.apache.maven.surefire.booter.ForkedBooter.main(ForkedBooter.java:418)
</failure>
    <system-out><![CDATA[2019-09-16 22:22:38,324 [grpc-default-executor-6] INFO  impl.RaftServerProxy (RaftServerProxy.java:remove(95)) - 5ecabd24-29f4-44ad-af86-ba12f6ac88ae: remove group-35A7B724CDC7:null
2019-09-16 22:22:38,333 [RatisPipelineUtilsThread] WARN  pipeline.RatisPipelineUtils (RatisPipelineUtils.java:destroyPipeline(66)) - Pipeline destroy failed for pipeline=PipelineID=3c82caf2-3cb3-4eb6-867b-35a7b724cdc7 dn=5ecabd24-29f4-44ad-af86-ba12f6ac88ae{ip: 192.168.151.68, host: pr-hdds-2135-v26ff-2356241440, networkLocation: /default-rack, certSerialId: null}
2019-09-16 22:22:38,337 [grpc-default-executor-6] INFO  impl.RaftServerProxy (RaftServerProxy.java:remove(95)) - 9d8d98b0-9991-458a-859c-25f8efc1f325: remove group-35A7B724CDC7:null
2019-09-16 22:22:38,344 [RatisPipelineUtilsThread] WARN  pipeline.RatisPipelineUtils (RatisPipelineUtils.java:destroyPipeline(66)) - Pipeline destroy failed for pipeline=PipelineID=3c82caf2-3cb3-4eb6-867b-35a7b724cdc7 dn=9d8d98b0-9991-458a-859c-25f8efc1f325{ip: 192.168.151.68, host: pr-hdds-2135-v26ff-2356241440, networkLocation: /default-rack, certSerialId: null}
2019-09-16 22:22:38,348 [grpc-default-executor-6] INFO  impl.RaftServerProxy (RaftServerProxy.java:remove(95)) - 0ad894eb-396d-46a7-a4d0-256210dc34c1: remove group-35A7B724CDC7:null
2019-09-16 22:22:38,353 [RatisPipelineUtilsThread] WARN  pipeline.RatisPipelineUtils (RatisPipelineUtils.java:destroyPipeline(66)) - Pipeline destroy failed for pipeline=PipelineID=3c82caf2-3cb3-4eb6-867b-35a7b724cdc7 dn=0ad894eb-396d-46a7-a4d0-256210dc34c1{ip: 192.168.151.68, host: pr-hdds-2135-v26ff-2356241440, networkLocation: /default-rack, certSerialId: null}
2019-09-16 22:22:38,354 [RatisPipelineUtilsThread] ERROR pipeline.SCMPipelineManager (Scheduler.java:lambda$schedule$1(70)) - Destroy pipeline failed for pipeline:Pipeline[ Id: 3c82caf2-3cb3-4eb6-867b-35a7b724cdc7, Nodes: 5ecabd24-29f4-44ad-af86-ba12f6ac88ae{ip: 192.168.151.68, host: pr-hdds-2135-v26ff-2356241440, networkLocation: /default-rack, certSerialId: null}9d8d98b0-9991-458a-859c-25f8efc1f325{ip: 192.168.151.68, host: pr-hdds-2135-v26ff-2356241440, networkLocation: /default-rack, certSerialId: null}0ad894eb-396d-46a7-a4d0-256210dc34c1{ip: 192.168.151.68, host: pr-hdds-2135-v26ff-2356241440, networkLocation: /default-rack, certSerialId: null}, Type:RATIS, Factor:THREE, State:CLOSED]
org.apache.hadoop.hdds.scm.pipeline.PipelineNotFoundException: PipelineID=3c82caf2-3cb3-4eb6-867b-35a7b724cdc7 not found
	at org.apache.hadoop.hdds.scm.pipeline.PipelineStateMap.getPipeline(PipelineStateMap.java:132)
	at org.apache.hadoop.hdds.scm.pipeline.PipelineStateMap.removePipeline(PipelineStateMap.java:322)
	at org.apache.hadoop.hdds.scm.pipeline.PipelineStateManager.removePipeline(PipelineStateManager.java:107)
	at org.apache.hadoop.hdds.scm.pipeline.SCMPipelineManager.removePipeline(SCMPipelineManager.java:423)
	at org.apache.hadoop.hdds.scm.pipeline.SCMPipelineManager.destroyPipeline(SCMPipelineManager.java:409)
	at org.apache.hadoop.hdds.scm.pipeline.SCMPipelineManager.lambda$finalizeAndDestroyPipeline$0(SCMPipelineManager.java:318)
	at org.apache.hadoop.utils.Scheduler.lambda$schedule$1(Scheduler.java:68)
	at java.util.concurrent.Executors$RunnableAdapter.call(Executors.java:511)
	at java.util.concurrent.FutureTask.run(FutureTask.java:266)
	at java.util.concurrent.ScheduledThreadPoolExecutor$ScheduledFutureTask.access$201(ScheduledThreadPoolExecutor.java:180)
	at java.util.concurrent.ScheduledThreadPoolExecutor$ScheduledFutureTask.run(ScheduledThreadPoolExecutor.java:293)
	at java.util.concurrent.ThreadPoolExecutor.runWorker(ThreadPoolExecutor.java:1149)
	at java.util.concurrent.ThreadPoolExecutor$Worker.run(ThreadPoolExecutor.java:624)
	at java.lang.Thread.run(Thread.java:748)
2019-09-16 22:22:39,814 [java.util.concurrent.ThreadPoolExecutor$Worker@890ec9d[State = -1, empty queue]] WARN  server.GrpcLogAppender (GrpcLogAppender.java:timeoutAppendRequest(200)) - 9d8d98b0-9991-458a-859c-25f8efc1f325@group-461D11BEE149->0ad894eb-396d-46a7-a4d0-256210dc34c1-GrpcLogAppender: appendEntries Timeout, request=9d8d98b0-9991-458a-859c-25f8efc1f325->0ad894eb-396d-46a7-a4d0-256210dc34c1#9-t1, previous=(t:1, i:6), leaderCommit=6, initializing? false, entries: size=1, first=(t:1, i:7), STATEMACHINELOGENTRY, client-D4E1B6F8AD48, cid=48
2019-09-16 22:22:39,814 [java.util.concurrent.ThreadPoolExecutor$Worker@2e2170a4[State = -1, empty queue]] WARN  server.GrpcLogAppender (GrpcLogAppender.java:timeoutAppendRequest(200)) - 9d8d98b0-9991-458a-859c-25f8efc1f325@group-461D11BEE149->5ecabd24-29f4-44ad-af86-ba12f6ac88ae-GrpcLogAppender: appendEntries Timeout, request=9d8d98b0-9991-458a-859c-25f8efc1f325->5ecabd24-29f4-44ad-af86-ba12f6ac88ae#9-t1, previous=(t:1, i:6), leaderCommit=6, initializing? false, entries: size=1, first=(t:1, i:7), STATEMACHINELOGENTRY, client-D4E1B6F8AD48, cid=48
2019-09-16 22:22:39,814 [java.util.concurrent.ThreadPoolExecutor$Worker@890ec9d[State = -1, empty queue]] WARN  server.GrpcLogAppender (GrpcLogAppender.java:timeoutAppendRequest(200)) - 9d8d98b0-9991-458a-859c-25f8efc1f325@group-461D11BEE149->0ad894eb-396d-46a7-a4d0-256210dc34c1-GrpcLogAppender: appendEntries Timeout, request=9d8d98b0-9991-458a-859c-25f8efc1f325->0ad894eb-396d-46a7-a4d0-256210dc34c1#10-t1, previous=(t:1, i:7), leaderCommit=6, initializing? false, entries: size=1, first=(t:1, i:8), STATEMACHINELOGENTRY, client-D4E1B6F8AD48, cid=49
2019-09-16 22:22:39,814 [java.util.concurrent.ThreadPoolExecutor$Worker@2e2170a4[State = -1, empty queue]] WARN  server.GrpcLogAppender (GrpcLogAppender.java:timeoutAppendRequest(200)) - 9d8d98b0-9991-458a-859c-25f8efc1f325@group-461D11BEE149->5ecabd24-29f4-44ad-af86-ba12f6ac88ae-GrpcLogAppender: appendEntries Timeout, request=9d8d98b0-9991-458a-859c-25f8efc1f325->5ecabd24-29f4-44ad-af86-ba12f6ac88ae#10-t1, previous=(t:1, i:7), leaderCommit=6, initializing? false, entries: size=1, first=(t:1, i:8), STATEMACHINELOGENTRY, client-D4E1B6F8AD48, cid=49
2019-09-16 22:22:39,814 [java.util.concurrent.ThreadPoolExecutor$Worker@890ec9d[State = -1, empty queue]] WARN  server.GrpcLogAppender (GrpcLogAppender.java:timeoutAppendRequest(200)) - 9d8d98b0-9991-458a-859c-25f8efc1f325@group-461D11BEE149->0ad894eb-396d-46a7-a4d0-256210dc34c1-GrpcLogAppender: appendEntries Timeout, request=9d8d98b0-9991-458a-859c-25f8efc1f325->0ad894eb-396d-46a7-a4d0-256210dc34c1#11-t1, previous=(t:1, i:8), leaderCommit=6, initializing? false, entries: size=1, first=(t:1, i:9), STATEMACHINELOGENTRY, client-D4E1B6F8AD48, cid=50
2019-09-16 22:22:39,815 [java.util.concurrent.ThreadPoolExecutor$Worker@2e2170a4[State = -1, empty queue]] WARN  server.GrpcLogAppender (GrpcLogAppender.java:timeoutAppendRequest(200)) - 9d8d98b0-9991-458a-859c-25f8efc1f325@group-461D11BEE149->5ecabd24-29f4-44ad-af86-ba12f6ac88ae-GrpcLogAppender: appendEntries Timeout, request=9d8d98b0-9991-458a-859c-25f8efc1f325->5ecabd24-29f4-44ad-af86-ba12f6ac88ae#11-t1, previous=(t:1, i:8), leaderCommit=6, initializing? false, entries: size=1, first=(t:1, i:9), STATEMACHINELOGENTRY, client-D4E1B6F8AD48, cid=50
2019-09-16 22:22:39,815 [java.util.concurrent.ThreadPoolExecutor$Worker@890ec9d[State = -1, empty queue]] WARN  server.GrpcLogAppender (GrpcLogAppender.java:timeoutAppendRequest(200)) - 9d8d98b0-9991-458a-859c-25f8efc1f325@group-461D11BEE149->0ad894eb-396d-46a7-a4d0-256210dc34c1-GrpcLogAppender: appendEntries Timeout, request=9d8d98b0-9991-458a-859c-25f8efc1f325->0ad894eb-396d-46a7-a4d0-256210dc34c1#12-t1, previous=(t:1, i:9), leaderCommit=6, initializing? false, entries: size=1, first=(t:1, i:10), STATEMACHINELOGENTRY, client-D4E1B6F8AD48, cid=51
2019-09-16 22:22:39,815 [java.util.concurrent.ThreadPoolExecutor$Worker@2e2170a4[State = -1, empty queue]] WARN  server.GrpcLogAppender (GrpcLogAppender.java:timeoutAppendRequest(200)) - 9d8d98b0-9991-458a-859c-25f8efc1f325@group-461D11BEE149->5ecabd24-29f4-44ad-af86-ba12f6ac88ae-GrpcLogAppender: appendEntries Timeout, request=9d8d98b0-9991-458a-859c-25f8efc1f325->5ecabd24-29f4-44ad-af86-ba12f6ac88ae#12-t1, previous=(t:1, i:9), leaderCommit=6, initializing? false, entries: size=1, first=(t:1, i:10), STATEMACHINELOGENTRY, client-D4E1B6F8AD48, cid=51
2019-09-16 22:22:39,817 [java.util.concurrent.ThreadPoolExecutor$Worker@2e2170a4[State = -1, empty queue]] WARN  server.GrpcLogAppender (GrpcLogAppender.java:timeoutAppendRequest(200)) - 9d8d98b0-9991-458a-859c-25f8efc1f325@group-461D11BEE149->5ecabd24-29f4-44ad-af86-ba12f6ac88ae-GrpcLogAppender: appendEntries Timeout, request=9d8d98b0-9991-458a-859c-25f8efc1f325->5ecabd24-29f4-44ad-af86-ba12f6ac88ae#13-t1, previous=(t:1, i:10), leaderCommit=6, initializing? false, entries: size=1, first=(t:1, i:11), STATEMACHINELOGENTRY, client-D4E1B6F8AD48, cid=52
2019-09-16 22:22:39,817 [java.util.concurrent.ThreadPoolExecutor$Worker@890ec9d[State = -1, empty queue]] WARN  server.GrpcLogAppender (GrpcLogAppender.java:timeoutAppendRequest(200)) - 9d8d98b0-9991-458a-859c-25f8efc1f325@group-461D11BEE149->0ad894eb-396d-46a7-a4d0-256210dc34c1-GrpcLogAppender: appendEntries Timeout, request=9d8d98b0-9991-458a-859c-25f8efc1f325->0ad894eb-396d-46a7-a4d0-256210dc34c1#13-t1, previous=(t:1, i:10), leaderCommit=6, initializing? false, entries: size=1, first=(t:1, i:11), STATEMACHINELOGENTRY, client-D4E1B6F8AD48, cid=52
2019-09-16 22:22:39,817 [java.util.concurrent.ThreadPoolExecutor$Worker@2e2170a4[State = -1, empty queue]] WARN  server.GrpcLogAppender (GrpcLogAppender.java:timeoutAppendRequest(200)) - 9d8d98b0-9991-458a-859c-25f8efc1f325@group-461D11BEE149->5ecabd24-29f4-44ad-af86-ba12f6ac88ae-GrpcLogAppender: appendEntries Timeout, request=9d8d98b0-9991-458a-859c-25f8efc1f325->5ecabd24-29f4-44ad-af86-ba12f6ac88ae#14-t1, previous=(t:1, i:11), leaderCommit=6, initializing? false, entries: size=1, first=(t:1, i:12), STATEMACHINELOGENTRY, client-D4E1B6F8AD48, cid=53
2019-09-16 22:22:39,817 [java.util.concurrent.ThreadPoolExecutor$Worker@890ec9d[State = -1, empty queue]] WARN  server.GrpcLogAppender (GrpcLogAppender.java:timeoutAppendRequest(200)) - 9d8d98b0-9991-458a-859c-25f8efc1f325@group-461D11BEE149->0ad894eb-396d-46a7-a4d0-256210dc34c1-GrpcLogAppender: appendEntries Timeout, request=9d8d98b0-9991-458a-859c-25f8efc1f325->0ad894eb-396d-46a7-a4d0-256210dc34c1#14-t1, previous=(t:1, i:11), leaderCommit=6, initializing? false, entries: size=1, first=(t:1, i:12), STATEMACHINELOGENTRY, client-D4E1B6F8AD48, cid=53
2019-09-16 22:22:41,325 [grpc-default-executor-6] INFO  impl.RaftServerProxy (RaftServerProxy.java:remove(95)) - 5ecabd24-29f4-44ad-af86-ba12f6ac88ae: remove group-35A7B724CDC7:null
2019-09-16 22:22:41,332 [RatisPipelineUtilsThread] WARN  pipeline.RatisPipelineUtils (RatisPipelineUtils.java:destroyPipeline(66)) - Pipeline destroy failed for pipeline=PipelineID=3c82caf2-3cb3-4eb6-867b-35a7b724cdc7 dn=5ecabd24-29f4-44ad-af86-ba12f6ac88ae{ip: 192.168.151.68, host: pr-hdds-2135-v26ff-2356241440, networkLocation: /default-rack, certSerialId: null}
2019-09-16 22:22:41,335 [grpc-default-executor-6] INFO  impl.RaftServerProxy (RaftServerProxy.java:remove(95)) - 9d8d98b0-9991-458a-859c-25f8efc1f325: remove group-35A7B724CDC7:null
2019-09-16 22:22:41,340 [RatisPipelineUtilsThread] WARN  pipeline.RatisPipelineUtils (RatisPipelineUtils.java:destroyPipeline(66)) - Pipeline destroy failed for pipeline=PipelineID=3c82caf2-3cb3-4eb6-867b-35a7b724cdc7 dn=9d8d98b0-9991-458a-859c-25f8efc1f325{ip: 192.168.151.68, host: pr-hdds-2135-v26ff-2356241440, networkLocation: /default-rack, certSerialId: null}
2019-09-16 22:22:41,344 [grpc-default-executor-6] INFO  impl.RaftServerProxy (RaftServerProxy.java:remove(95)) - 0ad894eb-396d-46a7-a4d0-256210dc34c1: remove group-35A7B724CDC7:null
2019-09-16 22:22:41,359 [RatisPipelineUtilsThread] WARN  pipeline.RatisPipelineUtils (RatisPipelineUtils.java:destroyPipeline(66)) - Pipeline destroy failed for pipeline=PipelineID=3c82caf2-3cb3-4eb6-867b-35a7b724cdc7 dn=0ad894eb-396d-46a7-a4d0-256210dc34c1{ip: 192.168.151.68, host: pr-hdds-2135-v26ff-2356241440, networkLocation: /default-rack, certSerialId: null}
2019-09-16 22:22:41,360 [RatisPipelineUtilsThread] ERROR pipeline.SCMPipelineManager (Scheduler.java:lambda$schedule$1(70)) - Destroy pipeline failed for pipeline:Pipeline[ Id: 3c82caf2-3cb3-4eb6-867b-35a7b724cdc7, Nodes: 5ecabd24-29f4-44ad-af86-ba12f6ac88ae{ip: 192.168.151.68, host: pr-hdds-2135-v26ff-2356241440, networkLocation: /default-rack, certSerialId: null}9d8d98b0-9991-458a-859c-25f8efc1f325{ip: 192.168.151.68, host: pr-hdds-2135-v26ff-2356241440, networkLocation: /default-rack, certSerialId: null}0ad894eb-396d-46a7-a4d0-256210dc34c1{ip: 192.168.151.68, host: pr-hdds-2135-v26ff-2356241440, networkLocation: /default-rack, certSerialId: null}, Type:RATIS, Factor:THREE, State:CLOSED]
org.apache.hadoop.hdds.scm.pipeline.PipelineNotFoundException: PipelineID=3c82caf2-3cb3-4eb6-867b-35a7b724cdc7 not found
	at org.apache.hadoop.hdds.scm.pipeline.PipelineStateMap.getPipeline(PipelineStateMap.java:132)
	at org.apache.hadoop.hdds.scm.pipeline.PipelineStateMap.removePipeline(PipelineStateMap.java:322)
	at org.apache.hadoop.hdds.scm.pipeline.PipelineStateManager.removePipeline(PipelineStateManager.java:107)
	at org.apache.hadoop.hdds.scm.pipeline.SCMPipelineManager.removePipeline(SCMPipelineManager.java:423)
	at org.apache.hadoop.hdds.scm.pipeline.SCMPipelineManager.destroyPipeline(SCMPipelineManager.java:409)
	at org.apache.hadoop.hdds.scm.pipeline.SCMPipelineManager.lambda$finalizeAndDestroyPipeline$0(SCMPipelineManager.java:318)
	at org.apache.hadoop.utils.Scheduler.lambda$schedule$1(Scheduler.java:68)
	at java.util.concurrent.Executors$RunnableAdapter.call(Executors.java:511)
	at java.util.concurrent.FutureTask.run(FutureTask.java:266)
	at java.util.concurrent.ScheduledThreadPoolExecutor$ScheduledFutureTask.access$201(ScheduledThreadPoolExecutor.java:180)
	at java.util.concurrent.ScheduledThreadPoolExecutor$ScheduledFutureTask.run(ScheduledThreadPoolExecutor.java:293)
	at java.util.concurrent.ThreadPoolExecutor.runWorker(ThreadPoolExecutor.java:1149)
	at java.util.concurrent.ThreadPoolExecutor$Worker.run(ThreadPoolExecutor.java:624)
	at java.lang.Thread.run(Thread.java:748)
2019-09-16 22:22:41,838 [grpc-default-executor-6] INFO  client.GrpcClientProtocolClient (GrpcClientProtocolClient.java:onNext(264)) - client-D4E1B6F8AD48->5ecabd24-29f4-44ad-af86-ba12f6ac88ae: receive RaftClientReply:client-D4E1B6F8AD48->5ecabd24-29f4-44ad-af86-ba12f6ac88ae@group-461D11BEE149, cid=48, FAILED org.apache.ratis.protocol.NotLeaderException: Server 5ecabd24-29f4-44ad-af86-ba12f6ac88ae@group-461D11BEE149 is not the leader 9d8d98b0-9991-458a-859c-25f8efc1f325:192.168.151.68:46204, logIndex=0, commits[5ecabd24-29f4-44ad-af86-ba12f6ac88ae:c6, 9d8d98b0-9991-458a-859c-25f8efc1f325:c6, 0ad894eb-396d-46a7-a4d0-256210dc34c1:c6]
2019-09-16 22:22:42,318 [java.util.concurrent.ThreadPoolExecutor$Worker@890ec9d[State = -1, empty queue]] WARN  server.GrpcLogAppender (GrpcLogAppender.java:timeoutAppendRequest(200)) - 9d8d98b0-9991-458a-859c-25f8efc1f325@group-461D11BEE149->0ad894eb-396d-46a7-a4d0-256210dc34c1-GrpcLogAppender: appendEntries Timeout, request=9d8d98b0-9991-458a-859c-25f8efc1f325->0ad894eb-396d-46a7-a4d0-256210dc34c1#15-t1, previous=(t:1, i:12), leaderCommit=6, initializing? false, entries: <empty>
2019-09-16 22:22:42,318 [java.util.concurrent.ThreadPoolExecutor$Worker@2e2170a4[State = -1, empty queue]] WARN  server.GrpcLogAppender (GrpcLogAppender.java:timeoutAppendRequest(200)) - 9d8d98b0-9991-458a-859c-25f8efc1f325@group-461D11BEE149->5ecabd24-29f4-44ad-af86-ba12f6ac88ae-GrpcLogAppender: appendEntries Timeout, request=9d8d98b0-9991-458a-859c-25f8efc1f325->5ecabd24-29f4-44ad-af86-ba12f6ac88ae#15-t1, previous=(t:1, i:12), leaderCommit=6, initializing? false, entries: <empty>
2019-09-16 22:22:43,324 [grpc-default-executor-5] INFO  impl.RaftServerProxy (RaftServerProxy.java:remove(95)) - 5ecabd24-29f4-44ad-af86-ba12f6ac88ae: remove group-35A7B724CDC7:null
2019-09-16 22:22:43,332 [RatisPipelineUtilsThread] WARN  pipeline.RatisPipelineUtils (RatisPipelineUtils.java:destroyPipeline(66)) - Pipeline destroy failed for pipeline=PipelineID=3c82caf2-3cb3-4eb6-867b-35a7b724cdc7 dn=5ecabd24-29f4-44ad-af86-ba12f6ac88ae{ip: 192.168.151.68, host: pr-hdds-2135-v26ff-2356241440, networkLocation: /default-rack, certSerialId: null}
2019-09-16 22:22:43,336 [grpc-default-executor-5] INFO  impl.RaftServerProxy (RaftServerProxy.java:remove(95)) - 9d8d98b0-9991-458a-859c-25f8efc1f325: remove group-35A7B724CDC7:null
2019-09-16 22:22:43,341 [RatisPipelineUtilsThread] WARN  pipeline.RatisPipelineUtils (RatisPipelineUtils.java:destroyPipeline(66)) - Pipeline destroy failed for pipeline=PipelineID=3c82caf2-3cb3-4eb6-867b-35a7b724cdc7 dn=9d8d98b0-9991-458a-859c-25f8efc1f325{ip: 192.168.151.68, host: pr-hdds-2135-v26ff-2356241440, networkLocation: /default-rack, certSerialId: null}
2019-09-16 22:22:43,345 [grpc-default-executor-5] INFO  impl.RaftServerProxy (RaftServerProxy.java:remove(95)) - 0ad894eb-396d-46a7-a4d0-256210dc34c1: remove group-35A7B724CDC7:null
2019-09-16 22:22:43,350 [RatisPipelineUtilsThread] WARN  pipeline.RatisPipelineUtils (RatisPipelineUtils.java:destroyPipeline(66)) - Pipeline destroy failed for pipeline=PipelineID=3c82caf2-3cb3-4eb6-867b-35a7b724cdc7 dn=0ad894eb-396d-46a7-a4d0-256210dc34c1{ip: 192.168.151.68, host: pr-hdds-2135-v26ff-2356241440, networkLocation: /default-rack, certSerialId: null}
2019-09-16 22:22:43,350 [RatisPipelineUtilsThread] ERROR pipeline.SCMPipelineManager (Scheduler.java:lambda$schedule$1(70)) - Destroy pipeline failed for pipeline:Pipeline[ Id: 3c82caf2-3cb3-4eb6-867b-35a7b724cdc7, Nodes: 5ecabd24-29f4-44ad-af86-ba12f6ac88ae{ip: 192.168.151.68, host: pr-hdds-2135-v26ff-2356241440, networkLocation: /default-rack, certSerialId: null}9d8d98b0-9991-458a-859c-25f8efc1f325{ip: 192.168.151.68, host: pr-hdds-2135-v26ff-2356241440, networkLocation: /default-rack, certSerialId: null}0ad894eb-396d-46a7-a4d0-256210dc34c1{ip: 192.168.151.68, host: pr-hdds-2135-v26ff-2356241440, networkLocation: /default-rack, certSerialId: null}, Type:RATIS, Factor:THREE, State:CLOSED]
org.apache.hadoop.hdds.scm.pipeline.PipelineNotFoundException: PipelineID=3c82caf2-3cb3-4eb6-867b-35a7b724cdc7 not found
	at org.apache.hadoop.hdds.scm.pipeline.PipelineStateMap.getPipeline(PipelineStateMap.java:132)
	at org.apache.hadoop.hdds.scm.pipeline.PipelineStateMap.removePipeline(PipelineStateMap.java:322)
	at org.apache.hadoop.hdds.scm.pipeline.PipelineStateManager.removePipeline(PipelineStateManager.java:107)
	at org.apache.hadoop.hdds.scm.pipeline.SCMPipelineManager.removePipeline(SCMPipelineManager.java:423)
	at org.apache.hadoop.hdds.scm.pipeline.SCMPipelineManager.destroyPipeline(SCMPipelineManager.java:409)
	at org.apache.hadoop.hdds.scm.pipeline.SCMPipelineManager.lambda$finalizeAndDestroyPipeline$0(SCMPipelineManager.java:318)
	at org.apache.hadoop.utils.Scheduler.lambda$schedule$1(Scheduler.java:68)
	at java.util.concurrent.Executors$RunnableAdapter.call(Executors.java:511)
	at java.util.concurrent.FutureTask.run(FutureTask.java:266)
	at java.util.concurrent.ScheduledThreadPoolExecutor$ScheduledFutureTask.access$201(ScheduledThreadPoolExecutor.java:180)
	at java.util.concurrent.ScheduledThreadPoolExecutor$ScheduledFutureTask.run(ScheduledThreadPoolExecutor.java:293)
	at java.util.concurrent.ThreadPoolExecutor.runWorker(ThreadPoolExecutor.java:1149)
	at java.util.concurrent.ThreadPoolExecutor$Worker.run(ThreadPoolExecutor.java:624)
	at java.lang.Thread.run(Thread.java:748)
2019-09-16 22:22:44,819 [java.util.concurrent.ThreadPoolExecutor$Worker@890ec9d[State = -1, empty queue]] WARN  server.GrpcLogAppender (GrpcLogAppender.java:timeoutAppendRequest(200)) - 9d8d98b0-9991-458a-859c-25f8efc1f325@group-461D11BEE149->0ad894eb-396d-46a7-a4d0-256210dc34c1-GrpcLogAppender: appendEntries Timeout, request=9d8d98b0-9991-458a-859c-25f8efc1f325->0ad894eb-396d-46a7-a4d0-256210dc34c1#16-t1, previous=(t:1, i:12), leaderCommit=6, initializing? false, entries: <empty>
2019-09-16 22:22:44,819 [java.util.concurrent.ThreadPoolExecutor$Worker@2e2170a4[State = -1, empty queue]] WARN  server.GrpcLogAppender (GrpcLogAppender.java:timeoutAppendRequest(200)) - 9d8d98b0-9991-458a-859c-25f8efc1f325@group-461D11BEE149->5ecabd24-29f4-44ad-af86-ba12f6ac88ae-GrpcLogAppender: appendEntries Timeout, request=9d8d98b0-9991-458a-859c-25f8efc1f325->5ecabd24-29f4-44ad-af86-ba12f6ac88ae#16-t1, previous=(t:1, i:12), leaderCommit=6, initializing? false, entries: <empty>
2019-09-16 22:22:46,327 [grpc-default-executor-5] INFO  impl.RaftServerProxy (RaftServerProxy.java:remove(95)) - 5ecabd24-29f4-44ad-af86-ba12f6ac88ae: remove group-35A7B724CDC7:null
2019-09-16 22:22:46,335 [RatisPipelineUtilsThread] WARN  pipeline.RatisPipelineUtils (RatisPipelineUtils.java:destroyPipeline(66)) - Pipeline destroy failed for pipeline=PipelineID=3c82caf2-3cb3-4eb6-867b-35a7b724cdc7 dn=5ecabd24-29f4-44ad-af86-ba12f6ac88ae{ip: 192.168.151.68, host: pr-hdds-2135-v26ff-2356241440, networkLocation: /default-rack, certSerialId: null}
2019-09-16 22:22:46,339 [grpc-default-executor-5] INFO  impl.RaftServerProxy (RaftServerProxy.java:remove(95)) - 9d8d98b0-9991-458a-859c-25f8efc1f325: remove group-35A7B724CDC7:null
2019-09-16 22:22:46,346 [RatisPipelineUtilsThread] WARN  pipeline.RatisPipelineUtils (RatisPipelineUtils.java:destroyPipeline(66)) - Pipeline destroy failed for pipeline=PipelineID=3c82caf2-3cb3-4eb6-867b-35a7b724cdc7 dn=9d8d98b0-9991-458a-859c-25f8efc1f325{ip: 192.168.151.68, host: pr-hdds-2135-v26ff-2356241440, networkLocation: /default-rack, certSerialId: null}
2019-09-16 22:22:46,350 [grpc-default-executor-5] INFO  impl.RaftServerProxy (RaftServerProxy.java:remove(95)) - 0ad894eb-396d-46a7-a4d0-256210dc34c1: remove group-35A7B724CDC7:null
2019-09-16 22:22:46,356 [RatisPipelineUtilsThread] WARN  pipeline.RatisPipelineUtils (RatisPipelineUtils.java:destroyPipeline(66)) - Pipeline destroy failed for pipeline=PipelineID=3c82caf2-3cb3-4eb6-867b-35a7b724cdc7 dn=0ad894eb-396d-46a7-a4d0-256210dc34c1{ip: 192.168.151.68, host: pr-hdds-2135-v26ff-2356241440, networkLocation: /default-rack, certSerialId: null}
2019-09-16 22:22:46,357 [RatisPipelineUtilsThread] ERROR pipeline.SCMPipelineManager (Scheduler.java:lambda$schedule$1(70)) - Destroy pipeline failed for pipeline:Pipeline[ Id: 3c82caf2-3cb3-4eb6-867b-35a7b724cdc7, Nodes: 5ecabd24-29f4-44ad-af86-ba12f6ac88ae{ip: 192.168.151.68, host: pr-hdds-2135-v26ff-2356241440, networkLocation: /default-rack, certSerialId: null}9d8d98b0-9991-458a-859c-25f8efc1f325{ip: 192.168.151.68, host: pr-hdds-2135-v26ff-2356241440, networkLocation: /default-rack, certSerialId: null}0ad894eb-396d-46a7-a4d0-256210dc34c1{ip: 192.168.151.68, host: pr-hdds-2135-v26ff-2356241440, networkLocation: /default-rack, certSerialId: null}, Type:RATIS, Factor:THREE, State:CLOSED]
org.apache.hadoop.hdds.scm.pipeline.PipelineNotFoundException: PipelineID=3c82caf2-3cb3-4eb6-867b-35a7b724cdc7 not found
	at org.apache.hadoop.hdds.scm.pipeline.PipelineStateMap.getPipeline(PipelineStateMap.java:132)
	at org.apache.hadoop.hdds.scm.pipeline.PipelineStateMap.removePipeline(PipelineStateMap.java:322)
	at org.apache.hadoop.hdds.scm.pipeline.PipelineStateManager.removePipeline(PipelineStateManager.java:107)
	at org.apache.hadoop.hdds.scm.pipeline.SCMPipelineManager.removePipeline(SCMPipelineManager.java:423)
	at org.apache.hadoop.hdds.scm.pipeline.SCMPipelineManager.destroyPipeline(SCMPipelineManager.java:409)
	at org.apache.hadoop.hdds.scm.pipeline.SCMPipelineManager.lambda$finalizeAndDestroyPipeline$0(SCMPipelineManager.java:318)
	at org.apache.hadoop.utils.Scheduler.lambda$schedule$1(Scheduler.java:68)
	at java.util.concurrent.Executors$RunnableAdapter.call(Executors.java:511)
	at java.util.concurrent.FutureTask.run(FutureTask.java:266)
	at java.util.concurrent.ScheduledThreadPoolExecutor$ScheduledFutureTask.access$201(ScheduledThreadPoolExecutor.java:180)
	at java.util.concurrent.ScheduledThreadPoolExecutor$ScheduledFutureTask.run(ScheduledThreadPoolExecutor.java:293)
	at java.util.concurrent.ThreadPoolExecutor.runWorker(ThreadPoolExecutor.java:1149)
	at java.util.concurrent.ThreadPoolExecutor$Worker.run(ThreadPoolExecutor.java:624)
	at java.lang.Thread.run(Thread.java:748)
2019-09-16 22:22:46,873 [9d8d98b0-9991-458a-859c-25f8efc1f325@group-461D11BEE149-SegmentedRaftLogWorker] WARN  segmented.SegmentedRaftLogWorker (SegmentedRaftLogWorker.java:getFromFuture(90)) - Timeout 0/~
org.apache.ratis.protocol.TimeoutIOException: Timeout 10s: WriteLog:8: (t:1, i:8), STATEMACHINELOGENTRY, client-D4E1B6F8AD48, cid=49-writeStateMachineData
	at org.apache.ratis.util.IOUtils.getFromFuture(IOUtils.java:87)
	at org.apache.ratis.server.raftlog.segmented.SegmentedRaftLogWorker$StateMachineDataPolicy.getFromFuture(SegmentedRaftLogWorker.java:87)
	at org.apache.ratis.server.raftlog.segmented.SegmentedRaftLogWorker$WriteLog.execute(SegmentedRaftLogWorker.java:477)
	at org.apache.ratis.server.raftlog.segmented.SegmentedRaftLogWorker.run(SegmentedRaftLogWorker.java:289)
	at java.lang.Thread.run(Thread.java:748)
Caused by: java.util.concurrent.TimeoutException
	at java.util.concurrent.CompletableFuture.timedGet(CompletableFuture.java:1771)
	at java.util.concurrent.CompletableFuture.get(CompletableFuture.java:1915)
	at org.apache.ratis.util.IOUtils.getFromFuture(IOUtils.java:79)
	... 4 more
2019-09-16 22:22:46,873 [0ad894eb-396d-46a7-a4d0-256210dc34c1@group-461D11BEE149-SegmentedRaftLogWorker] WARN  segmented.SegmentedRaftLogWorker (SegmentedRaftLogWorker.java:getFromFuture(90)) - Timeout 0/~
org.apache.ratis.protocol.TimeoutIOException: Timeout 10s: WriteLog:8: (t:1, i:8), STATEMACHINELOGENTRY, client-D4E1B6F8AD48, cid=49-writeStateMachineData
	at org.apache.ratis.util.IOUtils.getFromFuture(IOUtils.java:87)
	at org.apache.ratis.server.raftlog.segmented.SegmentedRaftLogWorker$StateMachineDataPolicy.getFromFuture(SegmentedRaftLogWorker.java:87)
	at org.apache.ratis.server.raftlog.segmented.SegmentedRaftLogWorker$WriteLog.execute(SegmentedRaftLogWorker.java:477)
	at org.apache.ratis.server.raftlog.segmented.SegmentedRaftLogWorker.run(SegmentedRaftLogWorker.java:289)
	at java.lang.Thread.run(Thread.java:748)
Caused by: java.util.concurrent.TimeoutException
	at java.util.concurrent.CompletableFuture.timedGet(CompletableFuture.java:1771)
	at java.util.concurrent.CompletableFuture.get(CompletableFuture.java:1915)
	at org.apache.ratis.util.IOUtils.getFromFuture(IOUtils.java:79)
	... 4 more
2019-09-16 22:22:46,873 [5ecabd24-29f4-44ad-af86-ba12f6ac88ae@group-461D11BEE149-SegmentedRaftLogWorker] WARN  segmented.SegmentedRaftLogWorker (SegmentedRaftLogWorker.java:getFromFuture(90)) - Timeout 0/~
org.apache.ratis.protocol.TimeoutIOException: Timeout 10s: WriteLog:8: (t:1, i:8), STATEMACHINELOGENTRY, client-D4E1B6F8AD48, cid=49-writeStateMachineData
	at org.apache.ratis.util.IOUtils.getFromFuture(IOUtils.java:87)
	at org.apache.ratis.server.raftlog.segmented.SegmentedRaftLogWorker$StateMachineDataPolicy.getFromFuture(SegmentedRaftLogWorker.java:87)
	at org.apache.ratis.server.raftlog.segmented.SegmentedRaftLogWorker$WriteLog.execute(SegmentedRaftLogWorker.java:477)
	at org.apache.ratis.server.raftlog.segmented.SegmentedRaftLogWorker.run(SegmentedRaftLogWorker.java:289)
	at java.lang.Thread.run(Thread.java:748)
Caused by: java.util.concurrent.TimeoutException
	at java.util.concurrent.CompletableFuture.timedGet(CompletableFuture.java:1771)
	at java.util.concurrent.CompletableFuture.get(CompletableFuture.java:1915)
	at org.apache.ratis.util.IOUtils.getFromFuture(IOUtils.java:79)
	... 4 more
2019-09-16 22:22:46,883 [grpc-default-executor-5] INFO  client.GrpcClientProtocolClient (GrpcClientProtocolClient.java:onNext(264)) - client-D4E1B6F8AD48->0ad894eb-396d-46a7-a4d0-256210dc34c1: receive RaftClientReply:client-D4E1B6F8AD48->0ad894eb-396d-46a7-a4d0-256210dc34c1@group-461D11BEE149, cid=48, FAILED org.apache.ratis.protocol.NotLeaderException: Server 0ad894eb-396d-46a7-a4d0-256210dc34c1@group-461D11BEE149 is not the leader 9d8d98b0-9991-458a-859c-25f8efc1f325:192.168.151.68:46204, logIndex=0, commits[0ad894eb-396d-46a7-a4d0-256210dc34c1:c6, 9d8d98b0-9991-458a-859c-25f8efc1f325:c6, 5ecabd24-29f4-44ad-af86-ba12f6ac88ae:c6]
2019-09-16 22:22:47,320 [java.util.concurrent.ThreadPoolExecutor$Worker@890ec9d[State = -1, empty queue]] WARN  server.GrpcLogAppender (GrpcLogAppender.java:timeoutAppendRequest(200)) - 9d8d98b0-9991-458a-859c-25f8efc1f325@group-461D11BEE149->0ad894eb-396d-46a7-a4d0-256210dc34c1-GrpcLogAppender: appendEntries Timeout, request=9d8d98b0-9991-458a-859c-25f8efc1f325->0ad894eb-396d-46a7-a4d0-256210dc34c1#17-t1, previous=(t:1, i:12), leaderCommit=6, initializing? false, entries: <empty>
2019-09-16 22:22:47,320 [java.util.concurrent.ThreadPoolExecutor$Worker@2e2170a4[State = -1, empty queue]] WARN  server.GrpcLogAppender (GrpcLogAppender.java:timeoutAppendRequest(200)) - 9d8d98b0-9991-458a-859c-25f8efc1f325@group-461D11BEE149->5ecabd24-29f4-44ad-af86-ba12f6ac88ae-GrpcLogAppender: appendEntries Timeout, request=9d8d98b0-9991-458a-859c-25f8efc1f325->5ecabd24-29f4-44ad-af86-ba12f6ac88ae#17-t1, previous=(t:1, i:12), leaderCommit=6, initializing? false, entries: <empty>
2019-09-16 22:22:48,328 [grpc-default-executor-6] INFO  impl.RaftServerProxy (RaftServerProxy.java:remove(95)) - 5ecabd24-29f4-44ad-af86-ba12f6ac88ae: remove group-35A7B724CDC7:null
2019-09-16 22:22:48,342 [RatisPipelineUtilsThread] WARN  pipeline.RatisPipelineUtils (RatisPipelineUtils.java:destroyPipeline(66)) - Pipeline destroy failed for pipeline=PipelineID=3c82caf2-3cb3-4eb6-867b-35a7b724cdc7 dn=5ecabd24-29f4-44ad-af86-ba12f6ac88ae{ip: 192.168.151.68, host: pr-hdds-2135-v26ff-2356241440, networkLocation: /default-rack, certSerialId: null}
2019-09-16 22:22:48,345 [grpc-default-executor-6] INFO  impl.RaftServerProxy (RaftServerProxy.java:remove(95)) - 9d8d98b0-9991-458a-859c-25f8efc1f325: remove group-35A7B724CDC7:null
2019-09-16 22:22:48,351 [RatisPipelineUtilsThread] WARN  pipeline.RatisPipelineUtils (RatisPipelineUtils.java:destroyPipeline(66)) - Pipeline destroy failed for pipeline=PipelineID=3c82caf2-3cb3-4eb6-867b-35a7b724cdc7 dn=9d8d98b0-9991-458a-859c-25f8efc1f325{ip: 192.168.151.68, host: pr-hdds-2135-v26ff-2356241440, networkLocation: /default-rack, certSerialId: null}
2019-09-16 22:22:48,354 [grpc-default-executor-6] INFO  impl.RaftServerProxy (RaftServerProxy.java:remove(95)) - 0ad894eb-396d-46a7-a4d0-256210dc34c1: remove group-35A7B724CDC7:null
2019-09-16 22:22:48,359 [RatisPipelineUtilsThread] WARN  pipeline.RatisPipelineUtils (RatisPipelineUtils.java:destroyPipeline(66)) - Pipeline destroy failed for pipeline=PipelineID=3c82caf2-3cb3-4eb6-867b-35a7b724cdc7 dn=0ad894eb-396d-46a7-a4d0-256210dc34c1{ip: 192.168.151.68, host: pr-hdds-2135-v26ff-2356241440, networkLocation: /default-rack, certSerialId: null}
2019-09-16 22:22:48,360 [RatisPipelineUtilsThread] ERROR pipeline.SCMPipelineManager (Scheduler.java:lambda$schedule$1(70)) - Destroy pipeline failed for pipeline:Pipeline[ Id: 3c82caf2-3cb3-4eb6-867b-35a7b724cdc7, Nodes: 5ecabd24-29f4-44ad-af86-ba12f6ac88ae{ip: 192.168.151.68, host: pr-hdds-2135-v26ff-2356241440, networkLocation: /default-rack, certSerialId: null}9d8d98b0-9991-458a-859c-25f8efc1f325{ip: 192.168.151.68, host: pr-hdds-2135-v26ff-2356241440, networkLocation: /default-rack, certSerialId: null}0ad894eb-396d-46a7-a4d0-256210dc34c1{ip: 192.168.151.68, host: pr-hdds-2135-v26ff-2356241440, networkLocation: /default-rack, certSerialId: null}, Type:RATIS, Factor:THREE, State:CLOSED]
org.apache.hadoop.hdds.scm.pipeline.PipelineNotFoundException: PipelineID=3c82caf2-3cb3-4eb6-867b-35a7b724cdc7 not found
	at org.apache.hadoop.hdds.scm.pipeline.PipelineStateMap.getPipeline(PipelineStateMap.java:132)
	at org.apache.hadoop.hdds.scm.pipeline.PipelineStateMap.removePipeline(PipelineStateMap.java:322)
	at org.apache.hadoop.hdds.scm.pipeline.PipelineStateManager.removePipeline(PipelineStateManager.java:107)
	at org.apache.hadoop.hdds.scm.pipeline.SCMPipelineManager.removePipeline(SCMPipelineManager.java:423)
	at org.apache.hadoop.hdds.scm.pipeline.SCMPipelineManager.destroyPipeline(SCMPipelineManager.java:409)
	at org.apache.hadoop.hdds.scm.pipeline.SCMPipelineManager.lambda$finalizeAndDestroyPipeline$0(SCMPipelineManager.java:318)
	at org.apache.hadoop.utils.Scheduler.lambda$schedule$1(Scheduler.java:68)
	at java.util.concurrent.Executors$RunnableAdapter.call(Executors.java:511)
	at java.util.concurrent.FutureTask.run(FutureTask.java:266)
	at java.util.concurrent.ScheduledThreadPoolExecutor$ScheduledFutureTask.access$201(ScheduledThreadPoolExecutor.java:180)
	at java.util.concurrent.ScheduledThreadPoolExecutor$ScheduledFutureTask.run(ScheduledThreadPoolExecutor.java:293)
	at java.util.concurrent.ThreadPoolExecutor.runWorker(ThreadPoolExecutor.java:1149)
	at java.util.concurrent.ThreadPoolExecutor$Worker.run(ThreadPoolExecutor.java:624)
	at java.lang.Thread.run(Thread.java:748)
2019-09-16 22:22:49,822 [java.util.concurrent.ThreadPoolExecutor$Worker@890ec9d[State = -1, empty queue]] WARN  server.GrpcLogAppender (GrpcLogAppender.java:timeoutAppendRequest(200)) - 9d8d98b0-9991-458a-859c-25f8efc1f325@group-461D11BEE149->0ad894eb-396d-46a7-a4d0-256210dc34c1-GrpcLogAppender: appendEntries Timeout, request=9d8d98b0-9991-458a-859c-25f8efc1f325->0ad894eb-396d-46a7-a4d0-256210dc34c1#18-t1, previous=(t:1, i:12), leaderCommit=6, initializing? false, entries: <empty>
2019-09-16 22:22:49,822 [java.util.concurrent.ThreadPoolExecutor$Worker@2e2170a4[State = -1, empty queue]] WARN  server.GrpcLogAppender (GrpcLogAppender.java:timeoutAppendRequest(200)) - 9d8d98b0-9991-458a-859c-25f8efc1f325@group-461D11BEE149->5ecabd24-29f4-44ad-af86-ba12f6ac88ae-GrpcLogAppender: appendEntries Timeout, request=9d8d98b0-9991-458a-859c-25f8efc1f325->5ecabd24-29f4-44ad-af86-ba12f6ac88ae#18-t1, previous=(t:1, i:12), leaderCommit=6, initializing? false, entries: <empty>
2019-09-16 22:22:51,329 [grpc-default-executor-5] INFO  impl.RaftServerProxy (RaftServerProxy.java:remove(95)) - 5ecabd24-29f4-44ad-af86-ba12f6ac88ae: remove group-35A7B724CDC7:null
2019-09-16 22:22:51,339 [RatisPipelineUtilsThread] WARN  pipeline.RatisPipelineUtils (RatisPipelineUtils.java:destroyPipeline(66)) - Pipeline destroy failed for pipeline=PipelineID=3c82caf2-3cb3-4eb6-867b-35a7b724cdc7 dn=5ecabd24-29f4-44ad-af86-ba12f6ac88ae{ip: 192.168.151.68, host: pr-hdds-2135-v26ff-2356241440, networkLocation: /default-rack, certSerialId: null}
2019-09-16 22:22:51,343 [grpc-default-executor-5] INFO  impl.RaftServerProxy (RaftServerProxy.java:remove(95)) - 9d8d98b0-9991-458a-859c-25f8efc1f325: remove group-35A7B724CDC7:null
2019-09-16 22:22:51,348 [RatisPipelineUtilsThread] WARN  pipeline.RatisPipelineUtils (RatisPipelineUtils.java:destroyPipeline(66)) - Pipeline destroy failed for pipeline=PipelineID=3c82caf2-3cb3-4eb6-867b-35a7b724cdc7 dn=9d8d98b0-9991-458a-859c-25f8efc1f325{ip: 192.168.151.68, host: pr-hdds-2135-v26ff-2356241440, networkLocation: /default-rack, certSerialId: null}
2019-09-16 22:22:51,352 [grpc-default-executor-5] INFO  impl.RaftServerProxy (RaftServerProxy.java:remove(95)) - 0ad894eb-396d-46a7-a4d0-256210dc34c1: remove group-35A7B724CDC7:null
2019-09-16 22:22:51,357 [RatisPipelineUtilsThread] WARN  pipeline.RatisPipelineUtils (RatisPipelineUtils.java:destroyPipeline(66)) - Pipeline destroy failed for pipeline=PipelineID=3c82caf2-3cb3-4eb6-867b-35a7b724cdc7 dn=0ad894eb-396d-46a7-a4d0-256210dc34c1{ip: 192.168.151.68, host: pr-hdds-2135-v26ff-2356241440, networkLocation: /default-rack, certSerialId: null}
2019-09-16 22:22:51,357 [RatisPipelineUtilsThread] ERROR pipeline.SCMPipelineManager (Scheduler.java:lambda$schedule$1(70)) - Destroy pipeline failed for pipeline:Pipeline[ Id: 3c82caf2-3cb3-4eb6-867b-35a7b724cdc7, Nodes: 5ecabd24-29f4-44ad-af86-ba12f6ac88ae{ip: 192.168.151.68, host: pr-hdds-2135-v26ff-2356241440, networkLocation: /default-rack, certSerialId: null}9d8d98b0-9991-458a-859c-25f8efc1f325{ip: 192.168.151.68, host: pr-hdds-2135-v26ff-2356241440, networkLocation: /default-rack, certSerialId: null}0ad894eb-396d-46a7-a4d0-256210dc34c1{ip: 192.168.151.68, host: pr-hdds-2135-v26ff-2356241440, networkLocation: /default-rack, certSerialId: null}, Type:RATIS, Factor:THREE, State:CLOSED]
org.apache.hadoop.hdds.scm.pipeline.PipelineNotFoundException: PipelineID=3c82caf2-3cb3-4eb6-867b-35a7b724cdc7 not found
	at org.apache.hadoop.hdds.scm.pipeline.PipelineStateMap.getPipeline(PipelineStateMap.java:132)
	at org.apache.hadoop.hdds.scm.pipeline.PipelineStateMap.removePipeline(PipelineStateMap.java:322)
	at org.apache.hadoop.hdds.scm.pipeline.PipelineStateManager.removePipeline(PipelineStateManager.java:107)
	at org.apache.hadoop.hdds.scm.pipeline.SCMPipelineManager.removePipeline(SCMPipelineManager.java:423)
	at org.apache.hadoop.hdds.scm.pipeline.SCMPipelineManager.destroyPipeline(SCMPipelineManager.java:409)
	at org.apache.hadoop.hdds.scm.pipeline.SCMPipelineManager.lambda$finalizeAndDestroyPipeline$0(SCMPipelineManager.java:318)
	at org.apache.hadoop.utils.Scheduler.lambda$schedule$1(Scheduler.java:68)
	at java.util.concurrent.Executors$RunnableAdapter.call(Executors.java:511)
	at java.util.concurrent.FutureTask.run(FutureTask.java:266)
	at java.util.concurrent.ScheduledThreadPoolExecutor$ScheduledFutureTask.access$201(ScheduledThreadPoolExecutor.java:180)
	at java.util.concurrent.ScheduledThreadPoolExecutor$ScheduledFutureTask.run(ScheduledThreadPoolExecutor.java:293)
	at java.util.concurrent.ThreadPoolExecutor.runWorker(ThreadPoolExecutor.java:1149)
	at java.util.concurrent.ThreadPoolExecutor$Worker.run(ThreadPoolExecutor.java:624)
	at java.lang.Thread.run(Thread.java:748)
2019-09-16 22:22:51,941 [grpc-default-executor-6] INFO  client.GrpcClientProtocolClient (GrpcClientProtocolClient.java:onNext(264)) - client-D4E1B6F8AD48->5ecabd24-29f4-44ad-af86-ba12f6ac88ae: receive RaftClientReply:client-D4E1B6F8AD48->5ecabd24-29f4-44ad-af86-ba12f6ac88ae@group-461D11BEE149, cid=48, FAILED org.apache.ratis.protocol.NotLeaderException: Server 5ecabd24-29f4-44ad-af86-ba12f6ac88ae@group-461D11BEE149 is not the leader 9d8d98b0-9991-458a-859c-25f8efc1f325:192.168.151.68:46204, logIndex=0, commits[5ecabd24-29f4-44ad-af86-ba12f6ac88ae:c6, 9d8d98b0-9991-458a-859c-25f8efc1f325:c6, 0ad894eb-396d-46a7-a4d0-256210dc34c1:c6]
2019-09-16 22:22:52,324 [java.util.concurrent.ThreadPoolExecutor$Worker@2e2170a4[State = -1, empty queue]] WARN  server.GrpcLogAppender (GrpcLogAppender.java:timeoutAppendRequest(200)) - 9d8d98b0-9991-458a-859c-25f8efc1f325@group-461D11BEE149->5ecabd24-29f4-44ad-af86-ba12f6ac88ae-GrpcLogAppender: appendEntries Timeout, request=9d8d98b0-9991-458a-859c-25f8efc1f325->5ecabd24-29f4-44ad-af86-ba12f6ac88ae#19-t1, previous=(t:1, i:12), leaderCommit=6, initializing? false, entries: <empty>
2019-09-16 22:22:52,324 [java.util.concurrent.ThreadPoolExecutor$Worker@890ec9d[State = -1, empty queue]] WARN  server.GrpcLogAppender (GrpcLogAppender.java:timeoutAppendRequest(200)) - 9d8d98b0-9991-458a-859c-25f8efc1f325@group-461D11BEE149->0ad894eb-396d-46a7-a4d0-256210dc34c1-GrpcLogAppender: appendEntries Timeout, request=9d8d98b0-9991-458a-859c-25f8efc1f325->0ad894eb-396d-46a7-a4d0-256210dc34c1#19-t1, previous=(t:1, i:12), leaderCommit=6, initializing? false, entries: <empty>
2019-09-16 22:22:53,328 [grpc-default-executor-6] INFO  impl.RaftServerProxy (RaftServerProxy.java:remove(95)) - 5ecabd24-29f4-44ad-af86-ba12f6ac88ae: remove group-35A7B724CDC7:null
2019-09-16 22:22:53,336 [RatisPipelineUtilsThread] WARN  pipeline.RatisPipelineUtils (RatisPipelineUtils.java:destroyPipeline(66)) - Pipeline destroy failed for pipeline=PipelineID=3c82caf2-3cb3-4eb6-867b-35a7b724cdc7 dn=5ecabd24-29f4-44ad-af86-ba12f6ac88ae{ip: 192.168.151.68, host: pr-hdds-2135-v26ff-2356241440, networkLocation: /default-rack, certSerialId: null}
2019-09-16 22:22:53,339 [grpc-default-executor-6] INFO  impl.RaftServerProxy (RaftServerProxy.java:remove(95)) - 9d8d98b0-9991-458a-859c-25f8efc1f325: remove group-35A7B724CDC7:null
2019-09-16 22:22:53,345 [RatisPipelineUtilsThread] WARN  pipeline.RatisPipelineUtils (RatisPipelineUtils.java:destroyPipeline(66)) - Pipeline destroy failed for pipeline=PipelineID=3c82caf2-3cb3-4eb6-867b-35a7b724cdc7 dn=9d8d98b0-9991-458a-859c-25f8efc1f325{ip: 192.168.151.68, host: pr-hdds-2135-v26ff-2356241440, networkLocation: /default-rack, certSerialId: null}
2019-09-16 22:22:53,348 [grpc-default-executor-6] INFO  impl.RaftServerProxy (RaftServerProxy.java:remove(95)) - 0ad894eb-396d-46a7-a4d0-256210dc34c1: remove group-35A7B724CDC7:null
2019-09-16 22:22:53,353 [RatisPipelineUtilsThread] WARN  pipeline.RatisPipelineUtils (RatisPipelineUtils.java:destroyPipeline(66)) - Pipeline destroy failed for pipeline=PipelineID=3c82caf2-3cb3-4eb6-867b-35a7b724cdc7 dn=0ad894eb-396d-46a7-a4d0-256210dc34c1{ip: 192.168.151.68, host: pr-hdds-2135-v26ff-2356241440, networkLocation: /default-rack, certSerialId: null}
2019-09-16 22:22:53,354 [RatisPipelineUtilsThread] ERROR pipeline.SCMPipelineManager (Scheduler.java:lambda$schedule$1(70)) - Destroy pipeline failed for pipeline:Pipeline[ Id: 3c82caf2-3cb3-4eb6-867b-35a7b724cdc7, Nodes: 5ecabd24-29f4-44ad-af86-ba12f6ac88ae{ip: 192.168.151.68, host: pr-hdds-2135-v26ff-2356241440, networkLocation: /default-rack, certSerialId: null}9d8d98b0-9991-458a-859c-25f8efc1f325{ip: 192.168.151.68, host: pr-hdds-2135-v26ff-2356241440, networkLocation: /default-rack, certSerialId: null}0ad894eb-396d-46a7-a4d0-256210dc34c1{ip: 192.168.151.68, host: pr-hdds-2135-v26ff-2356241440, networkLocation: /default-rack, certSerialId: null}, Type:RATIS, Factor:THREE, State:CLOSED]
org.apache.hadoop.hdds.scm.pipeline.PipelineNotFoundException: PipelineID=3c82caf2-3cb3-4eb6-867b-35a7b724cdc7 not found
	at org.apache.hadoop.hdds.scm.pipeline.PipelineStateMap.getPipeline(PipelineStateMap.java:132)
	at org.apache.hadoop.hdds.scm.pipeline.PipelineStateMap.removePipeline(PipelineStateMap.java:322)
	at org.apache.hadoop.hdds.scm.pipeline.PipelineStateManager.removePipeline(PipelineStateManager.java:107)
	at org.apache.hadoop.hdds.scm.pipeline.SCMPipelineManager.removePipeline(SCMPipelineManager.java:423)
	at org.apache.hadoop.hdds.scm.pipeline.SCMPipelineManager.destroyPipeline(SCMPipelineManager.java:409)
	at org.apache.hadoop.hdds.scm.pipeline.SCMPipelineManager.lambda$finalizeAndDestroyPipeline$0(SCMPipelineManager.java:318)
	at org.apache.hadoop.utils.Scheduler.lambda$schedule$1(Scheduler.java:68)
	at java.util.concurrent.Executors$RunnableAdapter.call(Executors.java:511)
	at java.util.concurrent.FutureTask.run(FutureTask.java:266)
	at java.util.concurrent.ScheduledThreadPoolExecutor$ScheduledFutureTask.access$201(ScheduledThreadPoolExecutor.java:180)
	at java.util.concurrent.ScheduledThreadPoolExecutor$ScheduledFutureTask.run(ScheduledThreadPoolExecutor.java:293)
	at java.util.concurrent.ThreadPoolExecutor.runWorker(ThreadPoolExecutor.java:1149)
	at java.util.concurrent.ThreadPoolExecutor$Worker.run(ThreadPoolExecutor.java:624)
	at java.lang.Thread.run(Thread.java:748)
2019-09-16 22:22:54,824 [java.util.concurrent.ThreadPoolExecutor$Worker@2e2170a4[State = -1, empty queue]] WARN  server.GrpcLogAppender (GrpcLogAppender.java:timeoutAppendRequest(200)) - 9d8d98b0-9991-458a-859c-25f8efc1f325@group-461D11BEE149->5ecabd24-29f4-44ad-af86-ba12f6ac88ae-GrpcLogAppender: appendEntries Timeout, request=9d8d98b0-9991-458a-859c-25f8efc1f325->5ecabd24-29f4-44ad-af86-ba12f6ac88ae#20-t1, previous=(t:1, i:12), leaderCommit=6, initializing? false, entries: <empty>
2019-09-16 22:22:54,824 [java.util.concurrent.ThreadPoolExecutor$Worker@890ec9d[State = -1, empty queue]] WARN  server.GrpcLogAppender (GrpcLogAppender.java:timeoutAppendRequest(200)) - 9d8d98b0-9991-458a-859c-25f8efc1f325@group-461D11BEE149->0ad894eb-396d-46a7-a4d0-256210dc34c1-GrpcLogAppender: appendEntries Timeout, request=9d8d98b0-9991-458a-859c-25f8efc1f325->0ad894eb-396d-46a7-a4d0-256210dc34c1#20-t1, previous=(t:1, i:12), leaderCommit=6, initializing? false, entries: <empty>
2019-09-16 22:22:56,327 [grpc-default-executor-6] INFO  impl.RaftServerProxy (RaftServerProxy.java:remove(95)) - 5ecabd24-29f4-44ad-af86-ba12f6ac88ae: remove group-35A7B724CDC7:null
2019-09-16 22:22:56,335 [RatisPipelineUtilsThread] WARN  pipeline.RatisPipelineUtils (RatisPipelineUtils.java:destroyPipeline(66)) - Pipeline destroy failed for pipeline=PipelineID=3c82caf2-3cb3-4eb6-867b-35a7b724cdc7 dn=5ecabd24-29f4-44ad-af86-ba12f6ac88ae{ip: 192.168.151.68, host: pr-hdds-2135-v26ff-2356241440, networkLocation: /default-rack, certSerialId: null}
2019-09-16 22:22:56,339 [grpc-default-executor-6] INFO  impl.RaftServerProxy (RaftServerProxy.java:remove(95)) - 9d8d98b0-9991-458a-859c-25f8efc1f325: remove group-35A7B724CDC7:null
2019-09-16 22:22:56,344 [RatisPipelineUtilsThread] WARN  pipeline.RatisPipelineUtils (RatisPipelineUtils.java:destroyPipeline(66)) - Pipeline destroy failed for pipeline=PipelineID=3c82caf2-3cb3-4eb6-867b-35a7b724cdc7 dn=9d8d98b0-9991-458a-859c-25f8efc1f325{ip: 192.168.151.68, host: pr-hdds-2135-v26ff-2356241440, networkLocation: /default-rack, certSerialId: null}
2019-09-16 22:22:56,348 [grpc-default-executor-6] INFO  impl.RaftServerProxy (RaftServerProxy.java:remove(95)) - 0ad894eb-396d-46a7-a4d0-256210dc34c1: remove group-35A7B724CDC7:null
2019-09-16 22:22:56,353 [RatisPipelineUtilsThread] WARN  pipeline.RatisPipelineUtils (RatisPipelineUtils.java:destroyPipeline(66)) - Pipeline destroy failed for pipeline=PipelineID=3c82caf2-3cb3-4eb6-867b-35a7b724cdc7 dn=0ad894eb-396d-46a7-a4d0-256210dc34c1{ip: 192.168.151.68, host: pr-hdds-2135-v26ff-2356241440, networkLocation: /default-rack, certSerialId: null}
2019-09-16 22:22:56,353 [RatisPipelineUtilsThread] ERROR pipeline.SCMPipelineManager (Scheduler.java:lambda$schedule$1(70)) - Destroy pipeline failed for pipeline:Pipeline[ Id: 3c82caf2-3cb3-4eb6-867b-35a7b724cdc7, Nodes: 5ecabd24-29f4-44ad-af86-ba12f6ac88ae{ip: 192.168.151.68, host: pr-hdds-2135-v26ff-2356241440, networkLocation: /default-rack, certSerialId: null}9d8d98b0-9991-458a-859c-25f8efc1f325{ip: 192.168.151.68, host: pr-hdds-2135-v26ff-2356241440, networkLocation: /default-rack, certSerialId: null}0ad894eb-396d-46a7-a4d0-256210dc34c1{ip: 192.168.151.68, host: pr-hdds-2135-v26ff-2356241440, networkLocation: /default-rack, certSerialId: null}, Type:RATIS, Factor:THREE, State:CLOSED]
org.apache.hadoop.hdds.scm.pipeline.PipelineNotFoundException: PipelineID=3c82caf2-3cb3-4eb6-867b-35a7b724cdc7 not found
	at org.apache.hadoop.hdds.scm.pipeline.PipelineStateMap.getPipeline(PipelineStateMap.java:132)
	at org.apache.hadoop.hdds.scm.pipeline.PipelineStateMap.removePipeline(PipelineStateMap.java:322)
	at org.apache.hadoop.hdds.scm.pipeline.PipelineStateManager.removePipeline(PipelineStateManager.java:107)
	at org.apache.hadoop.hdds.scm.pipeline.SCMPipelineManager.removePipeline(SCMPipelineManager.java:423)
	at org.apache.hadoop.hdds.scm.pipeline.SCMPipelineManager.destroyPipeline(SCMPipelineManager.java:409)
	at org.apache.hadoop.hdds.scm.pipeline.SCMPipelineManager.lambda$finalizeAndDestroyPipeline$0(SCMPipelineManager.java:318)
	at org.apache.hadoop.utils.Scheduler.lambda$schedule$1(Scheduler.java:68)
	at java.util.concurrent.Executors$RunnableAdapter.call(Executors.java:511)
	at java.util.concurrent.FutureTask.run(FutureTask.java:266)
	at java.util.concurrent.ScheduledThreadPoolExecutor$ScheduledFutureTask.access$201(ScheduledThreadPoolExecutor.java:180)
	at java.util.concurrent.ScheduledThreadPoolExecutor$ScheduledFutureTask.run(ScheduledThreadPoolExecutor.java:293)
	at java.util.concurrent.ThreadPoolExecutor.runWorker(ThreadPoolExecutor.java:1149)
	at java.util.concurrent.ThreadPoolExecutor$Worker.run(ThreadPoolExecutor.java:624)
	at java.lang.Thread.run(Thread.java:748)
2019-09-16 22:22:56,875 [9d8d98b0-9991-458a-859c-25f8efc1f325@group-461D11BEE149-SegmentedRaftLogWorker] WARN  segmented.SegmentedRaftLogWorker (SegmentedRaftLogWorker.java:getFromFuture(90)) - Timeout 1/~
org.apache.ratis.protocol.TimeoutIOException: Timeout 10s: WriteLog:8: (t:1, i:8), STATEMACHINELOGENTRY, client-D4E1B6F8AD48, cid=49-writeStateMachineData
	at org.apache.ratis.util.IOUtils.getFromFuture(IOUtils.java:87)
	at org.apache.ratis.server.raftlog.segmented.SegmentedRaftLogWorker$StateMachineDataPolicy.getFromFuture(SegmentedRaftLogWorker.java:87)
	at org.apache.ratis.server.raftlog.segmented.SegmentedRaftLogWorker$WriteLog.execute(SegmentedRaftLogWorker.java:477)
	at org.apache.ratis.server.raftlog.segmented.SegmentedRaftLogWorker.run(SegmentedRaftLogWorker.java:289)
	at java.lang.Thread.run(Thread.java:748)
Caused by: java.util.concurrent.TimeoutException
	at java.util.concurrent.CompletableFuture.timedGet(CompletableFuture.java:1771)
	at java.util.concurrent.CompletableFuture.get(CompletableFuture.java:1915)
	at org.apache.ratis.util.IOUtils.getFromFuture(IOUtils.java:79)
	... 4 more
2019-09-16 22:22:56,875 [5ecabd24-29f4-44ad-af86-ba12f6ac88ae@group-461D11BEE149-SegmentedRaftLogWorker] WARN  segmented.SegmentedRaftLogWorker (SegmentedRaftLogWorker.java:getFromFuture(90)) - Timeout 1/~
org.apache.ratis.protocol.TimeoutIOException: Timeout 10s: WriteLog:8: (t:1, i:8), STATEMACHINELOGENTRY, client-D4E1B6F8AD48, cid=49-writeStateMachineData
	at org.apache.ratis.util.IOUtils.getFromFuture(IOUtils.java:87)
	at org.apache.ratis.server.raftlog.segmented.SegmentedRaftLogWorker$StateMachineDataPolicy.getFromFuture(SegmentedRaftLogWorker.java:87)
	at org.apache.ratis.server.raftlog.segmented.SegmentedRaftLogWorker$WriteLog.execute(SegmentedRaftLogWorker.java:477)
	at org.apache.ratis.server.raftlog.segmented.SegmentedRaftLogWorker.run(SegmentedRaftLogWorker.java:289)
	at java.lang.Thread.run(Thread.java:748)
Caused by: java.util.concurrent.TimeoutException
	at java.util.concurrent.CompletableFuture.timedGet(CompletableFuture.java:1771)
	at java.util.concurrent.CompletableFuture.get(CompletableFuture.java:1915)
	at org.apache.ratis.util.IOUtils.getFromFuture(IOUtils.java:79)
	... 4 more
2019-09-16 22:22:56,875 [0ad894eb-396d-46a7-a4d0-256210dc34c1@group-461D11BEE149-SegmentedRaftLogWorker] WARN  segmented.SegmentedRaftLogWorker (SegmentedRaftLogWorker.java:getFromFuture(90)) - Timeout 1/~
org.apache.ratis.protocol.TimeoutIOException: Timeout 10s: WriteLog:8: (t:1, i:8), STATEMACHINELOGENTRY, client-D4E1B6F8AD48, cid=49-writeStateMachineData
	at org.apache.ratis.util.IOUtils.getFromFuture(IOUtils.java:87)
	at org.apache.ratis.server.raftlog.segmented.SegmentedRaftLogWorker$StateMachineDataPolicy.getFromFuture(SegmentedRaftLogWorker.java:87)
	at org.apache.ratis.server.raftlog.segmented.SegmentedRaftLogWorker$WriteLog.execute(SegmentedRaftLogWorker.java:477)
	at org.apache.ratis.server.raftlog.segmented.SegmentedRaftLogWorker.run(SegmentedRaftLogWorker.java:289)
	at java.lang.Thread.run(Thread.java:748)
Caused by: java.util.concurrent.TimeoutException
	at java.util.concurrent.CompletableFuture.timedGet(CompletableFuture.java:1771)
	at java.util.concurrent.CompletableFuture.get(CompletableFuture.java:1915)
	at org.apache.ratis.util.IOUtils.getFromFuture(IOUtils.java:79)
	... 4 more
2019-09-16 22:22:57,000 [grpc-default-executor-5] INFO  client.GrpcClientProtocolClient (GrpcClientProtocolClient.java:onNext(264)) - client-D4E1B6F8AD48->5ecabd24-29f4-44ad-af86-ba12f6ac88ae: receive RaftClientReply:client-D4E1B6F8AD48->5ecabd24-29f4-44ad-af86-ba12f6ac88ae@group-461D11BEE149, cid=48, FAILED org.apache.ratis.protocol.NotLeaderException: Server 5ecabd24-29f4-44ad-af86-ba12f6ac88ae@group-461D11BEE149 is not the leader 9d8d98b0-9991-458a-859c-25f8efc1f325:192.168.151.68:46204, logIndex=0, commits[5ecabd24-29f4-44ad-af86-ba12f6ac88ae:c6, 9d8d98b0-9991-458a-859c-25f8efc1f325:c6, 0ad894eb-396d-46a7-a4d0-256210dc34c1:c6]
2019-09-16 22:22:57,325 [java.util.concurrent.ThreadPoolExecutor$Worker@890ec9d[State = -1, empty queue]] WARN  server.GrpcLogAppender (GrpcLogAppender.java:timeoutAppendRequest(200)) - 9d8d98b0-9991-458a-859c-25f8efc1f325@group-461D11BEE149->0ad894eb-396d-46a7-a4d0-256210dc34c1-GrpcLogAppender: appendEntries Timeout, request=9d8d98b0-9991-458a-859c-25f8efc1f325->0ad894eb-396d-46a7-a4d0-256210dc34c1#21-t1, previous=(t:1, i:12), leaderCommit=6, initializing? false, entries: <empty>
2019-09-16 22:22:57,325 [java.util.concurrent.ThreadPoolExecutor$Worker@2e2170a4[State = -1, empty queue]] WARN  server.GrpcLogAppender (GrpcLogAppender.java:timeoutAppendRequest(200)) - 9d8d98b0-9991-458a-859c-25f8efc1f325@group-461D11BEE149->5ecabd24-29f4-44ad-af86-ba12f6ac88ae-GrpcLogAppender: appendEntries Timeout, request=9d8d98b0-9991-458a-859c-25f8efc1f325->5ecabd24-29f4-44ad-af86-ba12f6ac88ae#21-t1, previous=(t:1, i:12), leaderCommit=6, initializing? false, entries: <empty>
2019-09-16 22:22:58,329 [grpc-default-executor-6] INFO  impl.RaftServerProxy (RaftServerProxy.java:remove(95)) - 5ecabd24-29f4-44ad-af86-ba12f6ac88ae: remove group-35A7B724CDC7:null
2019-09-16 22:22:58,342 [RatisPipelineUtilsThread] WARN  pipeline.RatisPipelineUtils (RatisPipelineUtils.java:destroyPipeline(66)) - Pipeline destroy failed for pipeline=PipelineID=3c82caf2-3cb3-4eb6-867b-35a7b724cdc7 dn=5ecabd24-29f4-44ad-af86-ba12f6ac88ae{ip: 192.168.151.68, host: pr-hdds-2135-v26ff-2356241440, networkLocation: /default-rack, certSerialId: null}
2019-09-16 22:22:58,346 [grpc-default-executor-6] INFO  impl.RaftServerProxy (RaftServerProxy.java:remove(95)) - 9d8d98b0-9991-458a-859c-25f8efc1f325: remove group-35A7B724CDC7:null
2019-09-16 22:22:58,366 [RatisPipelineUtilsThread] WARN  pipeline.RatisPipelineUtils (RatisPipelineUtils.java:destroyPipeline(66)) - Pipeline destroy failed for pipeline=PipelineID=3c82caf2-3cb3-4eb6-867b-35a7b724cdc7 dn=9d8d98b0-9991-458a-859c-25f8efc1f325{ip: 192.168.151.68, host: pr-hdds-2135-v26ff-2356241440, networkLocation: /default-rack, certSerialId: null}
2019-09-16 22:22:58,370 [grpc-default-executor-6] INFO  impl.RaftServerProxy (RaftServerProxy.java:remove(95)) - 0ad894eb-396d-46a7-a4d0-256210dc34c1: remove group-35A7B724CDC7:null
2019-09-16 22:22:58,373 [RatisPipelineUtilsThread] WARN  pipeline.RatisPipelineUtils (RatisPipelineUtils.java:destroyPipeline(66)) - Pipeline destroy failed for pipeline=PipelineID=3c82caf2-3cb3-4eb6-867b-35a7b724cdc7 dn=0ad894eb-396d-46a7-a4d0-256210dc34c1{ip: 192.168.151.68, host: pr-hdds-2135-v26ff-2356241440, networkLocation: /default-rack, certSerialId: null}
2019-09-16 22:22:58,373 [RatisPipelineUtilsThread] ERROR pipeline.SCMPipelineManager (Scheduler.java:lambda$schedule$1(70)) - Destroy pipeline failed for pipeline:Pipeline[ Id: 3c82caf2-3cb3-4eb6-867b-35a7b724cdc7, Nodes: 5ecabd24-29f4-44ad-af86-ba12f6ac88ae{ip: 192.168.151.68, host: pr-hdds-2135-v26ff-2356241440, networkLocation: /default-rack, certSerialId: null}9d8d98b0-9991-458a-859c-25f8efc1f325{ip: 192.168.151.68, host: pr-hdds-2135-v26ff-2356241440, networkLocation: /default-rack, certSerialId: null}0ad894eb-396d-46a7-a4d0-256210dc34c1{ip: 192.168.151.68, host: pr-hdds-2135-v26ff-2356241440, networkLocation: /default-rack, certSerialId: null}, Type:RATIS, Factor:THREE, State:CLOSED]
org.apache.hadoop.hdds.scm.pipeline.PipelineNotFoundException: PipelineID=3c82caf2-3cb3-4eb6-867b-35a7b724cdc7 not found
	at org.apache.hadoop.hdds.scm.pipeline.PipelineStateMap.getPipeline(PipelineStateMap.java:132)
	at org.apache.hadoop.hdds.scm.pipeline.PipelineStateMap.removePipeline(PipelineStateMap.java:322)
	at org.apache.hadoop.hdds.scm.pipeline.PipelineStateManager.removePipeline(PipelineStateManager.java:107)
	at org.apache.hadoop.hdds.scm.pipeline.SCMPipelineManager.removePipeline(SCMPipelineManager.java:423)
	at org.apache.hadoop.hdds.scm.pipeline.SCMPipelineManager.destroyPipeline(SCMPipelineManager.java:409)
	at org.apache.hadoop.hdds.scm.pipeline.SCMPipelineManager.lambda$finalizeAndDestroyPipeline$0(SCMPipelineManager.java:318)
	at org.apache.hadoop.utils.Scheduler.lambda$schedule$1(Scheduler.java:68)
	at java.util.concurrent.Executors$RunnableAdapter.call(Executors.java:511)
	at java.util.concurrent.FutureTask.run(FutureTask.java:266)
	at java.util.concurrent.ScheduledThreadPoolExecutor$ScheduledFutureTask.access$201(ScheduledThreadPoolExecutor.java:180)
	at java.util.concurrent.ScheduledThreadPoolExecutor$ScheduledFutureTask.run(ScheduledThreadPoolExecutor.java:293)
	at java.util.concurrent.ThreadPoolExecutor.runWorker(ThreadPoolExecutor.java:1149)
	at java.util.concurrent.ThreadPoolExecutor$Worker.run(ThreadPoolExecutor.java:624)
	at java.lang.Thread.run(Thread.java:748)
2019-09-16 22:22:59,825 [java.util.concurrent.ThreadPoolExecutor$Worker@890ec9d[State = -1, empty queue]] WARN  server.GrpcLogAppender (GrpcLogAppender.java:timeoutAppendRequest(200)) - 9d8d98b0-9991-458a-859c-25f8efc1f325@group-461D11BEE149->0ad894eb-396d-46a7-a4d0-256210dc34c1-GrpcLogAppender: appendEntries Timeout, request=9d8d98b0-9991-458a-859c-25f8efc1f325->0ad894eb-396d-46a7-a4d0-256210dc34c1#22-t1, previous=(t:1, i:12), leaderCommit=6, initializing? false, entries: <empty>
2019-09-16 22:22:59,825 [java.util.concurrent.ThreadPoolExecutor$Worker@2e2170a4[State = -1, empty queue]] WARN  server.GrpcLogAppender (GrpcLogAppender.java:timeoutAppendRequest(200)) - 9d8d98b0-9991-458a-859c-25f8efc1f325@group-461D11BEE149->5ecabd24-29f4-44ad-af86-ba12f6ac88ae-GrpcLogAppender: appendEntries Timeout, request=9d8d98b0-9991-458a-859c-25f8efc1f325->5ecabd24-29f4-44ad-af86-ba12f6ac88ae#22-t1, previous=(t:1, i:12), leaderCommit=6, initializing? false, entries: <empty>
2019-09-16 22:23:01,328 [grpc-default-executor-6] INFO  impl.RaftServerProxy (RaftServerProxy.java:remove(95)) - 5ecabd24-29f4-44ad-af86-ba12f6ac88ae: remove group-35A7B724CDC7:null
2019-09-16 22:23:01,333 [RatisPipelineUtilsThread] WARN  pipeline.RatisPipelineUtils (RatisPipelineUtils.java:destroyPipeline(66)) - Pipeline destroy failed for pipeline=PipelineID=3c82caf2-3cb3-4eb6-867b-35a7b724cdc7 dn=5ecabd24-29f4-44ad-af86-ba12f6ac88ae{ip: 192.168.151.68, host: pr-hdds-2135-v26ff-2356241440, networkLocation: /default-rack, certSerialId: null}
2019-09-16 22:23:01,336 [grpc-default-executor-6] INFO  impl.RaftServerProxy (RaftServerProxy.java:remove(95)) - 9d8d98b0-9991-458a-859c-25f8efc1f325: remove group-35A7B724CDC7:null
2019-09-16 22:23:01,338 [RatisPipelineUtilsThread] WARN  pipeline.RatisPipelineUtils (RatisPipelineUtils.java:destroyPipeline(66)) - Pipeline destroy failed for pipeline=PipelineID=3c82caf2-3cb3-4eb6-867b-35a7b724cdc7 dn=9d8d98b0-9991-458a-859c-25f8efc1f325{ip: 192.168.151.68, host: pr-hdds-2135-v26ff-2356241440, networkLocation: /default-rack, certSerialId: null}
2019-09-16 22:23:01,341 [grpc-default-executor-6] INFO  impl.RaftServerProxy (RaftServerProxy.java:remove(95)) - 0ad894eb-396d-46a7-a4d0-256210dc34c1: remove group-35A7B724CDC7:null
2019-09-16 22:23:01,344 [RatisPipelineUtilsThread] WARN  pipeline.RatisPipelineUtils (RatisPipelineUtils.java:destroyPipeline(66)) - Pipeline destroy failed for pipeline=PipelineID=3c82caf2-3cb3-4eb6-867b-35a7b724cdc7 dn=0ad894eb-396d-46a7-a4d0-256210dc34c1{ip: 192.168.151.68, host: pr-hdds-2135-v26ff-2356241440, networkLocation: /default-rack, certSerialId: null}
2019-09-16 22:23:01,344 [RatisPipelineUtilsThread] ERROR pipeline.SCMPipelineManager (Scheduler.java:lambda$schedule$1(70)) - Destroy pipeline failed for pipeline:Pipeline[ Id: 3c82caf2-3cb3-4eb6-867b-35a7b724cdc7, Nodes: 5ecabd24-29f4-44ad-af86-ba12f6ac88ae{ip: 192.168.151.68, host: pr-hdds-2135-v26ff-2356241440, networkLocation: /default-rack, certSerialId: null}9d8d98b0-9991-458a-859c-25f8efc1f325{ip: 192.168.151.68, host: pr-hdds-2135-v26ff-2356241440, networkLocation: /default-rack, certSerialId: null}0ad894eb-396d-46a7-a4d0-256210dc34c1{ip: 192.168.151.68, host: pr-hdds-2135-v26ff-2356241440, networkLocation: /default-rack, certSerialId: null}, Type:RATIS, Factor:THREE, State:CLOSED]
org.apache.hadoop.hdds.scm.pipeline.PipelineNotFoundException: PipelineID=3c82caf2-3cb3-4eb6-867b-35a7b724cdc7 not found
	at org.apache.hadoop.hdds.scm.pipeline.PipelineStateMap.getPipeline(PipelineStateMap.java:132)
	at org.apache.hadoop.hdds.scm.pipeline.PipelineStateMap.removePipeline(PipelineStateMap.java:322)
	at org.apache.hadoop.hdds.scm.pipeline.PipelineStateManager.removePipeline(PipelineStateManager.java:107)
	at org.apache.hadoop.hdds.scm.pipeline.SCMPipelineManager.removePipeline(SCMPipelineManager.java:423)
	at org.apache.hadoop.hdds.scm.pipeline.SCMPipelineManager.destroyPipeline(SCMPipelineManager.java:409)
	at org.apache.hadoop.hdds.scm.pipeline.SCMPipelineManager.lambda$finalizeAndDestroyPipeline$0(SCMPipelineManager.java:318)
	at org.apache.hadoop.utils.Scheduler.lambda$schedule$1(Scheduler.java:68)
	at java.util.concurrent.Executors$RunnableAdapter.call(Executors.java:511)
	at java.util.concurrent.FutureTask.run(FutureTask.java:266)
	at java.util.concurrent.ScheduledThreadPoolExecutor$ScheduledFutureTask.access$201(ScheduledThreadPoolExecutor.java:180)
	at java.util.concurrent.ScheduledThreadPoolExecutor$ScheduledFutureTask.run(ScheduledThreadPoolExecutor.java:293)
	at java.util.concurrent.ThreadPoolExecutor.runWorker(ThreadPoolExecutor.java:1149)
	at java.util.concurrent.ThreadPoolExecutor$Worker.run(ThreadPoolExecutor.java:624)
	at java.lang.Thread.run(Thread.java:748)
2019-09-16 22:23:02,066 [grpc-default-executor-6] INFO  client.GrpcClientProtocolClient (GrpcClientProtocolClient.java:onNext(264)) - client-D4E1B6F8AD48->5ecabd24-29f4-44ad-af86-ba12f6ac88ae: receive RaftClientReply:client-D4E1B6F8AD48->5ecabd24-29f4-44ad-af86-ba12f6ac88ae@group-461D11BEE149, cid=48, FAILED org.apache.ratis.protocol.NotLeaderException: Server 5ecabd24-29f4-44ad-af86-ba12f6ac88ae@group-461D11BEE149 is not the leader 9d8d98b0-9991-458a-859c-25f8efc1f325:192.168.151.68:46204, logIndex=0, commits[5ecabd24-29f4-44ad-af86-ba12f6ac88ae:c6, 9d8d98b0-9991-458a-859c-25f8efc1f325:c6, 0ad894eb-396d-46a7-a4d0-256210dc34c1:c6]
2019-09-16 22:23:02,327 [java.util.concurrent.ThreadPoolExecutor$Worker@890ec9d[State = -1, empty queue]] WARN  server.GrpcLogAppender (GrpcLogAppender.java:timeoutAppendRequest(200)) - 9d8d98b0-9991-458a-859c-25f8efc1f325@group-461D11BEE149->0ad894eb-396d-46a7-a4d0-256210dc34c1-GrpcLogAppender: appendEntries Timeout, request=9d8d98b0-9991-458a-859c-25f8efc1f325->0ad894eb-396d-46a7-a4d0-256210dc34c1#23-t1, previous=(t:1, i:12), leaderCommit=6, initializing? false, entries: <empty>
2019-09-16 22:23:02,327 [java.util.concurrent.ThreadPoolExecutor$Worker@2e2170a4[State = -1, empty queue]] WARN  server.GrpcLogAppender (GrpcLogAppender.java:timeoutAppendRequest(200)) - 9d8d98b0-9991-458a-859c-25f8efc1f325@group-461D11BEE149->5ecabd24-29f4-44ad-af86-ba12f6ac88ae-GrpcLogAppender: appendEntries Timeout, request=9d8d98b0-9991-458a-859c-25f8efc1f325->5ecabd24-29f4-44ad-af86-ba12f6ac88ae#23-t1, previous=(t:1, i:12), leaderCommit=6, initializing? false, entries: <empty>
2019-09-16 22:23:03,329 [grpc-default-executor-5] INFO  impl.RaftServerProxy (RaftServerProxy.java:remove(95)) - 5ecabd24-29f4-44ad-af86-ba12f6ac88ae: remove group-35A7B724CDC7:null
2019-09-16 22:23:03,334 [RatisPipelineUtilsThread] WARN  pipeline.RatisPipelineUtils (RatisPipelineUtils.java:destroyPipeline(66)) - Pipeline destroy failed for pipeline=PipelineID=3c82caf2-3cb3-4eb6-867b-35a7b724cdc7 dn=5ecabd24-29f4-44ad-af86-ba12f6ac88ae{ip: 192.168.151.68, host: pr-hdds-2135-v26ff-2356241440, networkLocation: /default-rack, certSerialId: null}
2019-09-16 22:23:03,336 [grpc-default-executor-5] INFO  impl.RaftServerProxy (RaftServerProxy.java:remove(95)) - 9d8d98b0-9991-458a-859c-25f8efc1f325: remove group-35A7B724CDC7:null
2019-09-16 22:23:03,339 [RatisPipelineUtilsThread] WARN  pipeline.RatisPipelineUtils (RatisPipelineUtils.java:destroyPipeline(66)) - Pipeline destroy failed for pipeline=PipelineID=3c82caf2-3cb3-4eb6-867b-35a7b724cdc7 dn=9d8d98b0-9991-458a-859c-25f8efc1f325{ip: 192.168.151.68, host: pr-hdds-2135-v26ff-2356241440, networkLocation: /default-rack, certSerialId: null}
2019-09-16 22:23:03,341 [grpc-default-executor-5] INFO  impl.RaftServerProxy (RaftServerProxy.java:remove(95)) - 0ad894eb-396d-46a7-a4d0-256210dc34c1: remove group-35A7B724CDC7:null
2019-09-16 22:23:03,344 [RatisPipelineUtilsThread] WARN  pipeline.RatisPipelineUtils (RatisPipelineUtils.java:destroyPipeline(66)) - Pipeline destroy failed for pipeline=PipelineID=3c82caf2-3cb3-4eb6-867b-35a7b724cdc7 dn=0ad894eb-396d-46a7-a4d0-256210dc34c1{ip: 192.168.151.68, host: pr-hdds-2135-v26ff-2356241440, networkLocation: /default-rack, certSerialId: null}
2019-09-16 22:23:03,344 [RatisPipelineUtilsThread] ERROR pipeline.SCMPipelineManager (Scheduler.java:lambda$schedule$1(70)) - Destroy pipeline failed for pipeline:Pipeline[ Id: 3c82caf2-3cb3-4eb6-867b-35a7b724cdc7, Nodes: 5ecabd24-29f4-44ad-af86-ba12f6ac88ae{ip: 192.168.151.68, host: pr-hdds-2135-v26ff-2356241440, networkLocation: /default-rack, certSerialId: null}9d8d98b0-9991-458a-859c-25f8efc1f325{ip: 192.168.151.68, host: pr-hdds-2135-v26ff-2356241440, networkLocation: /default-rack, certSerialId: null}0ad894eb-396d-46a7-a4d0-256210dc34c1{ip: 192.168.151.68, host: pr-hdds-2135-v26ff-2356241440, networkLocation: /default-rack, certSerialId: null}, Type:RATIS, Factor:THREE, State:CLOSED]
org.apache.hadoop.hdds.scm.pipeline.PipelineNotFoundException: PipelineID=3c82caf2-3cb3-4eb6-867b-35a7b724cdc7 not found
	at org.apache.hadoop.hdds.scm.pipeline.PipelineStateMap.getPipeline(PipelineStateMap.java:132)
	at org.apache.hadoop.hdds.scm.pipeline.PipelineStateMap.removePipeline(PipelineStateMap.java:322)
	at org.apache.hadoop.hdds.scm.pipeline.PipelineStateManager.removePipeline(PipelineStateManager.java:107)
	at org.apache.hadoop.hdds.scm.pipeline.SCMPipelineManager.removePipeline(SCMPipelineManager.java:423)
	at org.apache.hadoop.hdds.scm.pipeline.SCMPipelineManager.destroyPipeline(SCMPipelineManager.java:409)
	at org.apache.hadoop.hdds.scm.pipeline.SCMPipelineManager.lambda$finalizeAndDestroyPipeline$0(SCMPipelineManager.java:318)
	at org.apache.hadoop.utils.Scheduler.lambda$schedule$1(Scheduler.java:68)
	at java.util.concurrent.Executors$RunnableAdapter.call(Executors.java:511)
	at java.util.concurrent.FutureTask.run(FutureTask.java:266)
	at java.util.concurrent.ScheduledThreadPoolExecutor$ScheduledFutureTask.access$201(ScheduledThreadPoolExecutor.java:180)
	at java.util.concurrent.ScheduledThreadPoolExecutor$ScheduledFutureTask.run(ScheduledThreadPoolExecutor.java:293)
	at java.util.concurrent.ThreadPoolExecutor.runWorker(ThreadPoolExecutor.java:1149)
	at java.util.concurrent.ThreadPoolExecutor$Worker.run(ThreadPoolExecutor.java:624)
	at java.lang.Thread.run(Thread.java:748)
2019-09-16 22:23:04,828 [java.util.concurrent.ThreadPoolExecutor$Worker@2e2170a4[State = -1, empty queue]] WARN  server.GrpcLogAppender (GrpcLogAppender.java:timeoutAppendRequest(200)) - 9d8d98b0-9991-458a-859c-25f8efc1f325@group-461D11BEE149->5ecabd24-29f4-44ad-af86-ba12f6ac88ae-GrpcLogAppender: appendEntries Timeout, request=9d8d98b0-9991-458a-859c-25f8efc1f325->5ecabd24-29f4-44ad-af86-ba12f6ac88ae#24-t1, previous=(t:1, i:12), leaderCommit=6, initializing? false, entries: <empty>
2019-09-16 22:23:04,828 [java.util.concurrent.ThreadPoolExecutor$Worker@890ec9d[State = -1, empty queue]] WARN  server.GrpcLogAppender (GrpcLogAppender.java:timeoutAppendRequest(200)) - 9d8d98b0-9991-458a-859c-25f8efc1f325@group-461D11BEE149->0ad894eb-396d-46a7-a4d0-256210dc34c1-GrpcLogAppender: appendEntries Timeout, request=9d8d98b0-9991-458a-859c-25f8efc1f325->0ad894eb-396d-46a7-a4d0-256210dc34c1#24-t1, previous=(t:1, i:12), leaderCommit=6, initializing? false, entries: <empty>
2019-09-16 22:23:06,329 [grpc-default-executor-6] INFO  impl.RaftServerProxy (RaftServerProxy.java:remove(95)) - 5ecabd24-29f4-44ad-af86-ba12f6ac88ae: remove group-35A7B724CDC7:null
2019-09-16 22:23:06,332 [RatisPipelineUtilsThread] WARN  pipeline.RatisPipelineUtils (RatisPipelineUtils.java:destroyPipeline(66)) - Pipeline destroy failed for pipeline=PipelineID=3c82caf2-3cb3-4eb6-867b-35a7b724cdc7 dn=5ecabd24-29f4-44ad-af86-ba12f6ac88ae{ip: 192.168.151.68, host: pr-hdds-2135-v26ff-2356241440, networkLocation: /default-rack, certSerialId: null}
2019-09-16 22:23:06,335 [grpc-default-executor-6] INFO  impl.RaftServerProxy (RaftServerProxy.java:remove(95)) - 9d8d98b0-9991-458a-859c-25f8efc1f325: remove group-35A7B724CDC7:null
2019-09-16 22:23:06,338 [RatisPipelineUtilsThread] WARN  pipeline.RatisPipelineUtils (RatisPipelineUtils.java:destroyPipeline(66)) - Pipeline destroy failed for pipeline=PipelineID=3c82caf2-3cb3-4eb6-867b-35a7b724cdc7 dn=9d8d98b0-9991-458a-859c-25f8efc1f325{ip: 192.168.151.68, host: pr-hdds-2135-v26ff-2356241440, networkLocation: /default-rack, certSerialId: null}
2019-09-16 22:23:06,341 [grpc-default-executor-6] INFO  impl.RaftServerProxy (RaftServerProxy.java:remove(95)) - 0ad894eb-396d-46a7-a4d0-256210dc34c1: remove group-35A7B724CDC7:null
2019-09-16 22:23:06,343 [RatisPipelineUtilsThread] WARN  pipeline.RatisPipelineUtils (RatisPipelineUtils.java:destroyPipeline(66)) - Pipeline destroy failed for pipeline=PipelineID=3c82caf2-3cb3-4eb6-867b-35a7b724cdc7 dn=0ad894eb-396d-46a7-a4d0-256210dc34c1{ip: 192.168.151.68, host: pr-hdds-2135-v26ff-2356241440, networkLocation: /default-rack, certSerialId: null}
2019-09-16 22:23:06,344 [RatisPipelineUtilsThread] ERROR pipeline.SCMPipelineManager (Scheduler.java:lambda$schedule$1(70)) - Destroy pipeline failed for pipeline:Pipeline[ Id: 3c82caf2-3cb3-4eb6-867b-35a7b724cdc7, Nodes: 5ecabd24-29f4-44ad-af86-ba12f6ac88ae{ip: 192.168.151.68, host: pr-hdds-2135-v26ff-2356241440, networkLocation: /default-rack, certSerialId: null}9d8d98b0-9991-458a-859c-25f8efc1f325{ip: 192.168.151.68, host: pr-hdds-2135-v26ff-2356241440, networkLocation: /default-rack, certSerialId: null}0ad894eb-396d-46a7-a4d0-256210dc34c1{ip: 192.168.151.68, host: pr-hdds-2135-v26ff-2356241440, networkLocation: /default-rack, certSerialId: null}, Type:RATIS, Factor:THREE, State:CLOSED]
org.apache.hadoop.hdds.scm.pipeline.PipelineNotFoundException: PipelineID=3c82caf2-3cb3-4eb6-867b-35a7b724cdc7 not found
	at org.apache.hadoop.hdds.scm.pipeline.PipelineStateMap.getPipeline(PipelineStateMap.java:132)
	at org.apache.hadoop.hdds.scm.pipeline.PipelineStateMap.removePipeline(PipelineStateMap.java:322)
	at org.apache.hadoop.hdds.scm.pipeline.PipelineStateManager.removePipeline(PipelineStateManager.java:107)
	at org.apache.hadoop.hdds.scm.pipeline.SCMPipelineManager.removePipeline(SCMPipelineManager.java:423)
	at org.apache.hadoop.hdds.scm.pipeline.SCMPipelineManager.destroyPipeline(SCMPipelineManager.java:409)
	at org.apache.hadoop.hdds.scm.pipeline.SCMPipelineManager.lambda$finalizeAndDestroyPipeline$0(SCMPipelineManager.java:318)
	at org.apache.hadoop.utils.Scheduler.lambda$schedule$1(Scheduler.java:68)
	at java.util.concurrent.Executors$RunnableAdapter.call(Executors.java:511)
	at java.util.concurrent.FutureTask.run(FutureTask.java:266)
	at java.util.concurrent.ScheduledThreadPoolExecutor$ScheduledFutureTask.access$201(ScheduledThreadPoolExecutor.java:180)
	at java.util.concurrent.ScheduledThreadPoolExecutor$ScheduledFutureTask.run(ScheduledThreadPoolExecutor.java:293)
	at java.util.concurrent.ThreadPoolExecutor.runWorker(ThreadPoolExecutor.java:1149)
	at java.util.concurrent.ThreadPoolExecutor$Worker.run(ThreadPoolExecutor.java:624)
	at java.lang.Thread.run(Thread.java:748)
2019-09-16 22:23:06,877 [9d8d98b0-9991-458a-859c-25f8efc1f325@group-461D11BEE149-SegmentedRaftLogWorker] WARN  segmented.SegmentedRaftLogWorker (SegmentedRaftLogWorker.java:getFromFuture(90)) - Timeout 2/~
org.apache.ratis.protocol.TimeoutIOException: Timeout 10s: WriteLog:8: (t:1, i:8), STATEMACHINELOGENTRY, client-D4E1B6F8AD48, cid=49-writeStateMachineData
	at org.apache.ratis.util.IOUtils.getFromFuture(IOUtils.java:87)
	at org.apache.ratis.server.raftlog.segmented.SegmentedRaftLogWorker$StateMachineDataPolicy.getFromFuture(SegmentedRaftLogWorker.java:87)
	at org.apache.ratis.server.raftlog.segmented.SegmentedRaftLogWorker$WriteLog.execute(SegmentedRaftLogWorker.java:477)
	at org.apache.ratis.server.raftlog.segmented.SegmentedRaftLogWorker.run(SegmentedRaftLogWorker.java:289)
	at java.lang.Thread.run(Thread.java:748)
Caused by: java.util.concurrent.TimeoutException
	at java.util.concurrent.CompletableFuture.timedGet(CompletableFuture.java:1771)
	at java.util.concurrent.CompletableFuture.get(CompletableFuture.java:1915)
	at org.apache.ratis.util.IOUtils.getFromFuture(IOUtils.java:79)
	... 4 more
2019-09-16 22:23:06,877 [5ecabd24-29f4-44ad-af86-ba12f6ac88ae@group-461D11BEE149-SegmentedRaftLogWorker] WARN  segmented.SegmentedRaftLogWorker (SegmentedRaftLogWorker.java:getFromFuture(90)) - Timeout 2/~
org.apache.ratis.protocol.TimeoutIOException: Timeout 10s: WriteLog:8: (t:1, i:8), STATEMACHINELOGENTRY, client-D4E1B6F8AD48, cid=49-writeStateMachineData
	at org.apache.ratis.util.IOUtils.getFromFuture(IOUtils.java:87)
	at org.apache.ratis.server.raftlog.segmented.SegmentedRaftLogWorker$StateMachineDataPolicy.getFromFuture(SegmentedRaftLogWorker.java:87)
	at org.apache.ratis.server.raftlog.segmented.SegmentedRaftLogWorker$WriteLog.execute(SegmentedRaftLogWorker.java:477)
	at org.apache.ratis.server.raftlog.segmented.SegmentedRaftLogWorker.run(SegmentedRaftLogWorker.java:289)
	at java.lang.Thread.run(Thread.java:748)
Caused by: java.util.concurrent.TimeoutException
	at java.util.concurrent.CompletableFuture.timedGet(CompletableFuture.java:1771)
	at java.util.concurrent.CompletableFuture.get(CompletableFuture.java:1915)
	at org.apache.ratis.util.IOUtils.getFromFuture(IOUtils.java:79)
	... 4 more
2019-09-16 22:23:06,878 [0ad894eb-396d-46a7-a4d0-256210dc34c1@group-461D11BEE149-SegmentedRaftLogWorker] WARN  segmented.SegmentedRaftLogWorker (SegmentedRaftLogWorker.java:getFromFuture(90)) - Timeout 2/~
org.apache.ratis.protocol.TimeoutIOException: Timeout 10s: WriteLog:8: (t:1, i:8), STATEMACHINELOGENTRY, client-D4E1B6F8AD48, cid=49-writeStateMachineData
	at org.apache.ratis.util.IOUtils.getFromFuture(IOUtils.java:87)
	at org.apache.ratis.server.raftlog.segmented.SegmentedRaftLogWorker$StateMachineDataPolicy.getFromFuture(SegmentedRaftLogWorker.java:87)
	at org.apache.ratis.server.raftlog.segmented.SegmentedRaftLogWorker$WriteLog.execute(SegmentedRaftLogWorker.java:477)
	at org.apache.ratis.server.raftlog.segmented.SegmentedRaftLogWorker.run(SegmentedRaftLogWorker.java:289)
	at java.lang.Thread.run(Thread.java:748)
Caused by: java.util.concurrent.TimeoutException
	at java.util.concurrent.CompletableFuture.timedGet(CompletableFuture.java:1771)
	at java.util.concurrent.CompletableFuture.get(CompletableFuture.java:1915)
	at org.apache.ratis.util.IOUtils.getFromFuture(IOUtils.java:79)
	... 4 more
2019-09-16 22:23:07,116 [grpc-default-executor-5] INFO  client.GrpcClientProtocolClient (GrpcClientProtocolClient.java:onNext(264)) - client-D4E1B6F8AD48->0ad894eb-396d-46a7-a4d0-256210dc34c1: receive RaftClientReply:client-D4E1B6F8AD48->0ad894eb-396d-46a7-a4d0-256210dc34c1@group-461D11BEE149, cid=48, FAILED org.apache.ratis.protocol.NotLeaderException: Server 0ad894eb-396d-46a7-a4d0-256210dc34c1@group-461D11BEE149 is not the leader 9d8d98b0-9991-458a-859c-25f8efc1f325:192.168.151.68:46204, logIndex=0, commits[0ad894eb-396d-46a7-a4d0-256210dc34c1:c6, 9d8d98b0-9991-458a-859c-25f8efc1f325:c6, 5ecabd24-29f4-44ad-af86-ba12f6ac88ae:c6]
2019-09-16 22:23:07,329 [java.util.concurrent.ThreadPoolExecutor$Worker@890ec9d[State = -1, empty queue]] WARN  server.GrpcLogAppender (GrpcLogAppender.java:timeoutAppendRequest(200)) - 9d8d98b0-9991-458a-859c-25f8efc1f325@group-461D11BEE149->0ad894eb-396d-46a7-a4d0-256210dc34c1-GrpcLogAppender: appendEntries Timeout, request=9d8d98b0-9991-458a-859c-25f8efc1f325->0ad894eb-396d-46a7-a4d0-256210dc34c1#25-t1, previous=(t:1, i:12), leaderCommit=6, initializing? false, entries: <empty>
2019-09-16 22:23:07,329 [java.util.concurrent.ThreadPoolExecutor$Worker@2e2170a4[State = -1, empty queue]] WARN  server.GrpcLogAppender (GrpcLogAppender.java:timeoutAppendRequest(200)) - 9d8d98b0-9991-458a-859c-25f8efc1f325@group-461D11BEE149->5ecabd24-29f4-44ad-af86-ba12f6ac88ae-GrpcLogAppender: appendEntries Timeout, request=9d8d98b0-9991-458a-859c-25f8efc1f325->5ecabd24-29f4-44ad-af86-ba12f6ac88ae#25-t1, previous=(t:1, i:12), leaderCommit=6, initializing? false, entries: <empty>
2019-09-16 22:23:08,330 [grpc-default-executor-6] INFO  impl.RaftServerProxy (RaftServerProxy.java:remove(95)) - 5ecabd24-29f4-44ad-af86-ba12f6ac88ae: remove group-35A7B724CDC7:null
2019-09-16 22:23:08,335 [RatisPipelineUtilsThread] WARN  pipeline.RatisPipelineUtils (RatisPipelineUtils.java:destroyPipeline(66)) - Pipeline destroy failed for pipeline=PipelineID=3c82caf2-3cb3-4eb6-867b-35a7b724cdc7 dn=5ecabd24-29f4-44ad-af86-ba12f6ac88ae{ip: 192.168.151.68, host: pr-hdds-2135-v26ff-2356241440, networkLocation: /default-rack, certSerialId: null}
2019-09-16 22:23:08,339 [grpc-default-executor-6] INFO  impl.RaftServerProxy (RaftServerProxy.java:remove(95)) - 9d8d98b0-9991-458a-859c-25f8efc1f325: remove group-35A7B724CDC7:null
2019-09-16 22:23:08,342 [RatisPipelineUtilsThread] WARN  pipeline.RatisPipelineUtils (RatisPipelineUtils.java:destroyPipeline(66)) - Pipeline destroy failed for pipeline=PipelineID=3c82caf2-3cb3-4eb6-867b-35a7b724cdc7 dn=9d8d98b0-9991-458a-859c-25f8efc1f325{ip: 192.168.151.68, host: pr-hdds-2135-v26ff-2356241440, networkLocation: /default-rack, certSerialId: null}
2019-09-16 22:23:08,346 [grpc-default-executor-6] INFO  impl.RaftServerProxy (RaftServerProxy.java:remove(95)) - 0ad894eb-396d-46a7-a4d0-256210dc34c1: remove group-35A7B724CDC7:null
2019-09-16 22:23:08,348 [RatisPipelineUtilsThread] WARN  pipeline.RatisPipelineUtils (RatisPipelineUtils.java:destroyPipeline(66)) - Pipeline destroy failed for pipeline=PipelineID=3c82caf2-3cb3-4eb6-867b-35a7b724cdc7 dn=0ad894eb-396d-46a7-a4d0-256210dc34c1{ip: 192.168.151.68, host: pr-hdds-2135-v26ff-2356241440, networkLocation: /default-rack, certSerialId: null}
2019-09-16 22:23:08,349 [RatisPipelineUtilsThread] ERROR pipeline.SCMPipelineManager (Scheduler.java:lambda$schedule$1(70)) - Destroy pipeline failed for pipeline:Pipeline[ Id: 3c82caf2-3cb3-4eb6-867b-35a7b724cdc7, Nodes: 5ecabd24-29f4-44ad-af86-ba12f6ac88ae{ip: 192.168.151.68, host: pr-hdds-2135-v26ff-2356241440, networkLocation: /default-rack, certSerialId: null}9d8d98b0-9991-458a-859c-25f8efc1f325{ip: 192.168.151.68, host: pr-hdds-2135-v26ff-2356241440, networkLocation: /default-rack, certSerialId: null}0ad894eb-396d-46a7-a4d0-256210dc34c1{ip: 192.168.151.68, host: pr-hdds-2135-v26ff-2356241440, networkLocation: /default-rack, certSerialId: null}, Type:RATIS, Factor:THREE, State:CLOSED]
org.apache.hadoop.hdds.scm.pipeline.PipelineNotFoundException: PipelineID=3c82caf2-3cb3-4eb6-867b-35a7b724cdc7 not found
	at org.apache.hadoop.hdds.scm.pipeline.PipelineStateMap.getPipeline(PipelineStateMap.java:132)
	at org.apache.hadoop.hdds.scm.pipeline.PipelineStateMap.removePipeline(PipelineStateMap.java:322)
	at org.apache.hadoop.hdds.scm.pipeline.PipelineStateManager.removePipeline(PipelineStateManager.java:107)
	at org.apache.hadoop.hdds.scm.pipeline.SCMPipelineManager.removePipeline(SCMPipelineManager.java:423)
	at org.apache.hadoop.hdds.scm.pipeline.SCMPipelineManager.destroyPipeline(SCMPipelineManager.java:409)
	at org.apache.hadoop.hdds.scm.pipeline.SCMPipelineManager.lambda$finalizeAndDestroyPipeline$0(SCMPipelineManager.java:318)
	at org.apache.hadoop.utils.Scheduler.lambda$schedule$1(Scheduler.java:68)
	at java.util.concurrent.Executors$RunnableAdapter.call(Executors.java:511)
	at java.util.concurrent.FutureTask.run(FutureTask.java:266)
	at java.util.concurrent.ScheduledThreadPoolExecutor$ScheduledFutureTask.access$201(ScheduledThreadPoolExecutor.java:180)
	at java.util.concurrent.ScheduledThreadPoolExecutor$ScheduledFutureTask.run(ScheduledThreadPoolExecutor.java:293)
	at java.util.concurrent.ThreadPoolExecutor.runWorker(ThreadPoolExecutor.java:1149)
	at java.util.concurrent.ThreadPoolExecutor$Worker.run(ThreadPoolExecutor.java:624)
	at java.lang.Thread.run(Thread.java:748)
2019-09-16 22:23:09,829 [java.util.concurrent.ThreadPoolExecutor$Worker@2e2170a4[State = -1, empty queue]] WARN  server.GrpcLogAppender (GrpcLogAppender.java:timeoutAppendRequest(200)) - 9d8d98b0-9991-458a-859c-25f8efc1f325@group-461D11BEE149->5ecabd24-29f4-44ad-af86-ba12f6ac88ae-GrpcLogAppender: appendEntries Timeout, request=9d8d98b0-9991-458a-859c-25f8efc1f325->5ecabd24-29f4-44ad-af86-ba12f6ac88ae#26-t1, previous=(t:1, i:12), leaderCommit=6, initializing? false, entries: <empty>
2019-09-16 22:23:09,829 [java.util.concurrent.ThreadPoolExecutor$Worker@890ec9d[State = -1, empty queue]] WARN  server.GrpcLogAppender (GrpcLogAppender.java:timeoutAppendRequest(200)) - 9d8d98b0-9991-458a-859c-25f8efc1f325@group-461D11BEE149->0ad894eb-396d-46a7-a4d0-256210dc34c1-GrpcLogAppender: appendEntries Timeout, request=9d8d98b0-9991-458a-859c-25f8efc1f325->0ad894eb-396d-46a7-a4d0-256210dc34c1#26-t1, previous=(t:1, i:12), leaderCommit=6, initializing? false, entries: <empty>
2019-09-16 22:23:11,328 [grpc-default-executor-6] INFO  impl.RaftServerProxy (RaftServerProxy.java:remove(95)) - 5ecabd24-29f4-44ad-af86-ba12f6ac88ae: remove group-35A7B724CDC7:null
2019-09-16 22:23:11,331 [RatisPipelineUtilsThread] WARN  pipeline.RatisPipelineUtils (RatisPipelineUtils.java:destroyPipeline(66)) - Pipeline destroy failed for pipeline=PipelineID=3c82caf2-3cb3-4eb6-867b-35a7b724cdc7 dn=5ecabd24-29f4-44ad-af86-ba12f6ac88ae{ip: 192.168.151.68, host: pr-hdds-2135-v26ff-2356241440, networkLocation: /default-rack, certSerialId: null}
2019-09-16 22:23:11,334 [grpc-default-executor-6] INFO  impl.RaftServerProxy (RaftServerProxy.java:remove(95)) - 9d8d98b0-9991-458a-859c-25f8efc1f325: remove group-35A7B724CDC7:null
2019-09-16 22:23:11,337 [RatisPipelineUtilsThread] WARN  pipeline.RatisPipelineUtils (RatisPipelineUtils.java:destroyPipeline(66)) - Pipeline destroy failed for pipeline=PipelineID=3c82caf2-3cb3-4eb6-867b-35a7b724cdc7 dn=9d8d98b0-9991-458a-859c-25f8efc1f325{ip: 192.168.151.68, host: pr-hdds-2135-v26ff-2356241440, networkLocation: /default-rack, certSerialId: null}
2019-09-16 22:23:11,340 [grpc-default-executor-6] INFO  impl.RaftServerProxy (RaftServerProxy.java:remove(95)) - 0ad894eb-396d-46a7-a4d0-256210dc34c1: remove group-35A7B724CDC7:null
2019-09-16 22:23:11,342 [RatisPipelineUtilsThread] WARN  pipeline.RatisPipelineUtils (RatisPipelineUtils.java:destroyPipeline(66)) - Pipeline destroy failed for pipeline=PipelineID=3c82caf2-3cb3-4eb6-867b-35a7b724cdc7 dn=0ad894eb-396d-46a7-a4d0-256210dc34c1{ip: 192.168.151.68, host: pr-hdds-2135-v26ff-2356241440, networkLocation: /default-rack, certSerialId: null}
2019-09-16 22:23:11,342 [RatisPipelineUtilsThread] ERROR pipeline.SCMPipelineManager (Scheduler.java:lambda$schedule$1(70)) - Destroy pipeline failed for pipeline:Pipeline[ Id: 3c82caf2-3cb3-4eb6-867b-35a7b724cdc7, Nodes: 5ecabd24-29f4-44ad-af86-ba12f6ac88ae{ip: 192.168.151.68, host: pr-hdds-2135-v26ff-2356241440, networkLocation: /default-rack, certSerialId: null}9d8d98b0-9991-458a-859c-25f8efc1f325{ip: 192.168.151.68, host: pr-hdds-2135-v26ff-2356241440, networkLocation: /default-rack, certSerialId: null}0ad894eb-396d-46a7-a4d0-256210dc34c1{ip: 192.168.151.68, host: pr-hdds-2135-v26ff-2356241440, networkLocation: /default-rack, certSerialId: null}, Type:RATIS, Factor:THREE, State:CLOSED]
org.apache.hadoop.hdds.scm.pipeline.PipelineNotFoundException: PipelineID=3c82caf2-3cb3-4eb6-867b-35a7b724cdc7 not found
	at org.apache.hadoop.hdds.scm.pipeline.PipelineStateMap.getPipeline(PipelineStateMap.java:132)
	at org.apache.hadoop.hdds.scm.pipeline.PipelineStateMap.removePipeline(PipelineStateMap.java:322)
	at org.apache.hadoop.hdds.scm.pipeline.PipelineStateManager.removePipeline(PipelineStateManager.java:107)
	at org.apache.hadoop.hdds.scm.pipeline.SCMPipelineManager.removePipeline(SCMPipelineManager.java:423)
	at org.apache.hadoop.hdds.scm.pipeline.SCMPipelineManager.destroyPipeline(SCMPipelineManager.java:409)
	at org.apache.hadoop.hdds.scm.pipeline.SCMPipelineManager.lambda$finalizeAndDestroyPipeline$0(SCMPipelineManager.java:318)
	at org.apache.hadoop.utils.Scheduler.lambda$schedule$1(Scheduler.java:68)
	at java.util.concurrent.Executors$RunnableAdapter.call(Executors.java:511)
	at java.util.concurrent.FutureTask.run(FutureTask.java:266)
	at java.util.concurrent.ScheduledThreadPoolExecutor$ScheduledFutureTask.access$201(ScheduledThreadPoolExecutor.java:180)
	at java.util.concurrent.ScheduledThreadPoolExecutor$ScheduledFutureTask.run(ScheduledThreadPoolExecutor.java:293)
	at java.util.concurrent.ThreadPoolExecutor.runWorker(ThreadPoolExecutor.java:1149)
	at java.util.concurrent.ThreadPoolExecutor$Worker.run(ThreadPoolExecutor.java:624)
	at java.lang.Thread.run(Thread.java:748)
2019-09-16 22:23:12,165 [grpc-default-executor-5] INFO  client.GrpcClientProtocolClient (GrpcClientProtocolClient.java:onNext(264)) - client-D4E1B6F8AD48->5ecabd24-29f4-44ad-af86-ba12f6ac88ae: receive RaftClientReply:client-D4E1B6F8AD48->5ecabd24-29f4-44ad-af86-ba12f6ac88ae@group-461D11BEE149, cid=48, FAILED org.apache.ratis.protocol.NotLeaderException: Server 5ecabd24-29f4-44ad-af86-ba12f6ac88ae@group-461D11BEE149 is not the leader 9d8d98b0-9991-458a-859c-25f8efc1f325:192.168.151.68:46204, logIndex=0, commits[5ecabd24-29f4-44ad-af86-ba12f6ac88ae:c6, 9d8d98b0-9991-458a-859c-25f8efc1f325:c6, 0ad894eb-396d-46a7-a4d0-256210dc34c1:c6]
2019-09-16 22:23:12,330 [java.util.concurrent.ThreadPoolExecutor$Worker@2e2170a4[State = -1, empty queue]] WARN  server.GrpcLogAppender (GrpcLogAppender.java:timeoutAppendRequest(200)) - 9d8d98b0-9991-458a-859c-25f8efc1f325@group-461D11BEE149->5ecabd24-29f4-44ad-af86-ba12f6ac88ae-GrpcLogAppender: appendEntries Timeout, request=9d8d98b0-9991-458a-859c-25f8efc1f325->5ecabd24-29f4-44ad-af86-ba12f6ac88ae#27-t1, previous=(t:1, i:12), leaderCommit=6, initializing? false, entries: <empty>
2019-09-16 22:23:12,330 [java.util.concurrent.ThreadPoolExecutor$Worker@890ec9d[State = -1, empty queue]] WARN  server.GrpcLogAppender (GrpcLogAppender.java:timeoutAppendRequest(200)) - 9d8d98b0-9991-458a-859c-25f8efc1f325@group-461D11BEE149->0ad894eb-396d-46a7-a4d0-256210dc34c1-GrpcLogAppender: appendEntries Timeout, request=9d8d98b0-9991-458a-859c-25f8efc1f325->0ad894eb-396d-46a7-a4d0-256210dc34c1#27-t1, previous=(t:1, i:12), leaderCommit=6, initializing? false, entries: <empty>
2019-09-16 22:23:13,328 [grpc-default-executor-6] INFO  impl.RaftServerProxy (RaftServerProxy.java:remove(95)) - 5ecabd24-29f4-44ad-af86-ba12f6ac88ae: remove group-35A7B724CDC7:null
2019-09-16 22:23:13,332 [RatisPipelineUtilsThread] WARN  pipeline.RatisPipelineUtils (RatisPipelineUtils.java:destroyPipeline(66)) - Pipeline destroy failed for pipeline=PipelineID=3c82caf2-3cb3-4eb6-867b-35a7b724cdc7 dn=5ecabd24-29f4-44ad-af86-ba12f6ac88ae{ip: 192.168.151.68, host: pr-hdds-2135-v26ff-2356241440, networkLocation: /default-rack, certSerialId: null}
2019-09-16 22:23:13,334 [grpc-default-executor-6] INFO  impl.RaftServerProxy (RaftServerProxy.java:remove(95)) - 9d8d98b0-9991-458a-859c-25f8efc1f325: remove group-35A7B724CDC7:null
2019-09-16 22:23:13,337 [RatisPipelineUtilsThread] WARN  pipeline.RatisPipelineUtils (RatisPipelineUtils.java:destroyPipeline(66)) - Pipeline destroy failed for pipeline=PipelineID=3c82caf2-3cb3-4eb6-867b-35a7b724cdc7 dn=9d8d98b0-9991-458a-859c-25f8efc1f325{ip: 192.168.151.68, host: pr-hdds-2135-v26ff-2356241440, networkLocation: /default-rack, certSerialId: null}
2019-09-16 22:23:13,339 [grpc-default-executor-6] INFO  impl.RaftServerProxy (RaftServerProxy.java:remove(95)) - 0ad894eb-396d-46a7-a4d0-256210dc34c1: remove group-35A7B724CDC7:null
2019-09-16 22:23:13,341 [RatisPipelineUtilsThread] WARN  pipeline.RatisPipelineUtils (RatisPipelineUtils.java:destroyPipeline(66)) - Pipeline destroy failed for pipeline=PipelineID=3c82caf2-3cb3-4eb6-867b-35a7b724cdc7 dn=0ad894eb-396d-46a7-a4d0-256210dc34c1{ip: 192.168.151.68, host: pr-hdds-2135-v26ff-2356241440, networkLocation: /default-rack, certSerialId: null}
2019-09-16 22:23:13,342 [RatisPipelineUtilsThread] ERROR pipeline.SCMPipelineManager (Scheduler.java:lambda$schedule$1(70)) - Destroy pipeline failed for pipeline:Pipeline[ Id: 3c82caf2-3cb3-4eb6-867b-35a7b724cdc7, Nodes: 5ecabd24-29f4-44ad-af86-ba12f6ac88ae{ip: 192.168.151.68, host: pr-hdds-2135-v26ff-2356241440, networkLocation: /default-rack, certSerialId: null}9d8d98b0-9991-458a-859c-25f8efc1f325{ip: 192.168.151.68, host: pr-hdds-2135-v26ff-2356241440, networkLocation: /default-rack, certSerialId: null}0ad894eb-396d-46a7-a4d0-256210dc34c1{ip: 192.168.151.68, host: pr-hdds-2135-v26ff-2356241440, networkLocation: /default-rack, certSerialId: null}, Type:RATIS, Factor:THREE, State:CLOSED]
org.apache.hadoop.hdds.scm.pipeline.PipelineNotFoundException: PipelineID=3c82caf2-3cb3-4eb6-867b-35a7b724cdc7 not found
	at org.apache.hadoop.hdds.scm.pipeline.PipelineStateMap.getPipeline(PipelineStateMap.java:132)
	at org.apache.hadoop.hdds.scm.pipeline.PipelineStateMap.removePipeline(PipelineStateMap.java:322)
	at org.apache.hadoop.hdds.scm.pipeline.PipelineStateManager.removePipeline(PipelineStateManager.java:107)
	at org.apache.hadoop.hdds.scm.pipeline.SCMPipelineManager.removePipeline(SCMPipelineManager.java:423)
	at org.apache.hadoop.hdds.scm.pipeline.SCMPipelineManager.destroyPipeline(SCMPipelineManager.java:409)
	at org.apache.hadoop.hdds.scm.pipeline.SCMPipelineManager.lambda$finalizeAndDestroyPipeline$0(SCMPipelineManager.java:318)
	at org.apache.hadoop.utils.Scheduler.lambda$schedule$1(Scheduler.java:68)
	at java.util.concurrent.Executors$RunnableAdapter.call(Executors.java:511)
	at java.util.concurrent.FutureTask.run(FutureTask.java:266)
	at java.util.concurrent.ScheduledThreadPoolExecutor$ScheduledFutureTask.access$201(ScheduledThreadPoolExecutor.java:180)
	at java.util.concurrent.ScheduledThreadPoolExecutor$ScheduledFutureTask.run(ScheduledThreadPoolExecutor.java:293)
	at java.util.concurrent.ThreadPoolExecutor.runWorker(ThreadPoolExecutor.java:1149)
	at java.util.concurrent.ThreadPoolExecutor$Worker.run(ThreadPoolExecutor.java:624)
	at java.lang.Thread.run(Thread.java:748)
2019-09-16 22:23:14,831 [java.util.concurrent.ThreadPoolExecutor$Worker@890ec9d[State = -1, empty queue]] WARN  server.GrpcLogAppender (GrpcLogAppender.java:timeoutAppendRequest(200)) - 9d8d98b0-9991-458a-859c-25f8efc1f325@group-461D11BEE149->0ad894eb-396d-46a7-a4d0-256210dc34c1-GrpcLogAppender: appendEntries Timeout, request=9d8d98b0-9991-458a-859c-25f8efc1f325->0ad894eb-396d-46a7-a4d0-256210dc34c1#28-t1, previous=(t:1, i:12), leaderCommit=6, initializing? false, entries: <empty>
2019-09-16 22:23:14,831 [java.util.concurrent.ThreadPoolExecutor$Worker@2e2170a4[State = -1, empty queue]] WARN  server.GrpcLogAppender (GrpcLogAppender.java:timeoutAppendRequest(200)) - 9d8d98b0-9991-458a-859c-25f8efc1f325@group-461D11BEE149->5ecabd24-29f4-44ad-af86-ba12f6ac88ae-GrpcLogAppender: appendEntries Timeout, request=9d8d98b0-9991-458a-859c-25f8efc1f325->5ecabd24-29f4-44ad-af86-ba12f6ac88ae#28-t1, previous=(t:1, i:12), leaderCommit=6, initializing? false, entries: <empty>
2019-09-16 22:23:16,331 [grpc-default-executor-6] INFO  impl.RaftServerProxy (RaftServerProxy.java:remove(95)) - 5ecabd24-29f4-44ad-af86-ba12f6ac88ae: remove group-35A7B724CDC7:null
2019-09-16 22:23:16,334 [RatisPipelineUtilsThread] WARN  pipeline.RatisPipelineUtils (RatisPipelineUtils.java:destroyPipeline(66)) - Pipeline destroy failed for pipeline=PipelineID=3c82caf2-3cb3-4eb6-867b-35a7b724cdc7 dn=5ecabd24-29f4-44ad-af86-ba12f6ac88ae{ip: 192.168.151.68, host: pr-hdds-2135-v26ff-2356241440, networkLocation: /default-rack, certSerialId: null}
2019-09-16 22:23:16,338 [grpc-default-executor-6] INFO  impl.RaftServerProxy (RaftServerProxy.java:remove(95)) - 9d8d98b0-9991-458a-859c-25f8efc1f325: remove group-35A7B724CDC7:null
2019-09-16 22:23:16,340 [RatisPipelineUtilsThread] WARN  pipeline.RatisPipelineUtils (RatisPipelineUtils.java:destroyPipeline(66)) - Pipeline destroy failed for pipeline=PipelineID=3c82caf2-3cb3-4eb6-867b-35a7b724cdc7 dn=9d8d98b0-9991-458a-859c-25f8efc1f325{ip: 192.168.151.68, host: pr-hdds-2135-v26ff-2356241440, networkLocation: /default-rack, certSerialId: null}
2019-09-16 22:23:16,343 [grpc-default-executor-6] INFO  impl.RaftServerProxy (RaftServerProxy.java:remove(95)) - 0ad894eb-396d-46a7-a4d0-256210dc34c1: remove group-35A7B724CDC7:null
2019-09-16 22:23:16,347 [RatisPipelineUtilsThread] WARN  pipeline.RatisPipelineUtils (RatisPipelineUtils.java:destroyPipeline(66)) - Pipeline destroy failed for pipeline=PipelineID=3c82caf2-3cb3-4eb6-867b-35a7b724cdc7 dn=0ad894eb-396d-46a7-a4d0-256210dc34c1{ip: 192.168.151.68, host: pr-hdds-2135-v26ff-2356241440, networkLocation: /default-rack, certSerialId: null}
2019-09-16 22:23:16,347 [RatisPipelineUtilsThread] ERROR pipeline.SCMPipelineManager (Scheduler.java:lambda$schedule$1(70)) - Destroy pipeline failed for pipeline:Pipeline[ Id: 3c82caf2-3cb3-4eb6-867b-35a7b724cdc7, Nodes: 5ecabd24-29f4-44ad-af86-ba12f6ac88ae{ip: 192.168.151.68, host: pr-hdds-2135-v26ff-2356241440, networkLocation: /default-rack, certSerialId: null}9d8d98b0-9991-458a-859c-25f8efc1f325{ip: 192.168.151.68, host: pr-hdds-2135-v26ff-2356241440, networkLocation: /default-rack, certSerialId: null}0ad894eb-396d-46a7-a4d0-256210dc34c1{ip: 192.168.151.68, host: pr-hdds-2135-v26ff-2356241440, networkLocation: /default-rack, certSerialId: null}, Type:RATIS, Factor:THREE, State:CLOSED]
org.apache.hadoop.hdds.scm.pipeline.PipelineNotFoundException: PipelineID=3c82caf2-3cb3-4eb6-867b-35a7b724cdc7 not found
	at org.apache.hadoop.hdds.scm.pipeline.PipelineStateMap.getPipeline(PipelineStateMap.java:132)
	at org.apache.hadoop.hdds.scm.pipeline.PipelineStateMap.removePipeline(PipelineStateMap.java:322)
	at org.apache.hadoop.hdds.scm.pipeline.PipelineStateManager.removePipeline(PipelineStateManager.java:107)
	at org.apache.hadoop.hdds.scm.pipeline.SCMPipelineManager.removePipeline(SCMPipelineManager.java:423)
	at org.apache.hadoop.hdds.scm.pipeline.SCMPipelineManager.destroyPipeline(SCMPipelineManager.java:409)
	at org.apache.hadoop.hdds.scm.pipeline.SCMPipelineManager.lambda$finalizeAndDestroyPipeline$0(SCMPipelineManager.java:318)
	at org.apache.hadoop.utils.Scheduler.lambda$schedule$1(Scheduler.java:68)
	at java.util.concurrent.Executors$RunnableAdapter.call(Executors.java:511)
	at java.util.concurrent.FutureTask.run(FutureTask.java:266)
	at java.util.concurrent.ScheduledThreadPoolExecutor$ScheduledFutureTask.access$201(ScheduledThreadPoolExecutor.java:180)
	at java.util.concurrent.ScheduledThreadPoolExecutor$ScheduledFutureTask.run(ScheduledThreadPoolExecutor.java:293)
	at java.util.concurrent.ThreadPoolExecutor.runWorker(ThreadPoolExecutor.java:1149)
	at java.util.concurrent.ThreadPoolExecutor$Worker.run(ThreadPoolExecutor.java:624)
	at java.lang.Thread.run(Thread.java:748)
2019-09-16 22:23:16,878 [9d8d98b0-9991-458a-859c-25f8efc1f325@group-461D11BEE149-SegmentedRaftLogWorker] WARN  segmented.SegmentedRaftLogWorker (SegmentedRaftLogWorker.java:getFromFuture(90)) - Timeout 3/~
org.apache.ratis.protocol.TimeoutIOException: Timeout 10s: WriteLog:8: (t:1, i:8), STATEMACHINELOGENTRY, client-D4E1B6F8AD48, cid=49-writeStateMachineData
	at org.apache.ratis.util.IOUtils.getFromFuture(IOUtils.java:87)
	at org.apache.ratis.server.raftlog.segmented.SegmentedRaftLogWorker$StateMachineDataPolicy.getFromFuture(SegmentedRaftLogWorker.java:87)
	at org.apache.ratis.server.raftlog.segmented.SegmentedRaftLogWorker$WriteLog.execute(SegmentedRaftLogWorker.java:477)
	at org.apache.ratis.server.raftlog.segmented.SegmentedRaftLogWorker.run(SegmentedRaftLogWorker.java:289)
	at java.lang.Thread.run(Thread.java:748)
Caused by: java.util.concurrent.TimeoutException
	at java.util.concurrent.CompletableFuture.timedGet(CompletableFuture.java:1771)
	at java.util.concurrent.CompletableFuture.get(CompletableFuture.java:1915)
	at org.apache.ratis.util.IOUtils.getFromFuture(IOUtils.java:79)
	... 4 more
2019-09-16 22:23:16,878 [5ecabd24-29f4-44ad-af86-ba12f6ac88ae@group-461D11BEE149-SegmentedRaftLogWorker] WARN  segmented.SegmentedRaftLogWorker (SegmentedRaftLogWorker.java:getFromFuture(90)) - Timeout 3/~
org.apache.ratis.protocol.TimeoutIOException: Timeout 10s: WriteLog:8: (t:1, i:8), STATEMACHINELOGENTRY, client-D4E1B6F8AD48, cid=49-writeStateMachineData
	at org.apache.ratis.util.IOUtils.getFromFuture(IOUtils.java:87)
	at org.apache.ratis.server.raftlog.segmented.SegmentedRaftLogWorker$StateMachineDataPolicy.getFromFuture(SegmentedRaftLogWorker.java:87)
	at org.apache.ratis.server.raftlog.segmented.SegmentedRaftLogWorker$WriteLog.execute(SegmentedRaftLogWorker.java:477)
	at org.apache.ratis.server.raftlog.segmented.SegmentedRaftLogWorker.run(SegmentedRaftLogWorker.java:289)
	at java.lang.Thread.run(Thread.java:748)
Caused by: java.util.concurrent.TimeoutException
	at java.util.concurrent.CompletableFuture.timedGet(CompletableFuture.java:1771)
	at java.util.concurrent.CompletableFuture.get(CompletableFuture.java:1915)
	at org.apache.ratis.util.IOUtils.getFromFuture(IOUtils.java:79)
	... 4 more
2019-09-16 22:23:16,879 [0ad894eb-396d-46a7-a4d0-256210dc34c1@group-461D11BEE149-SegmentedRaftLogWorker] WARN  segmented.SegmentedRaftLogWorker (SegmentedRaftLogWorker.java:getFromFuture(90)) - Timeout 3/~
org.apache.ratis.protocol.TimeoutIOException: Timeout 10s: WriteLog:8: (t:1, i:8), STATEMACHINELOGENTRY, client-D4E1B6F8AD48, cid=49-writeStateMachineData
	at org.apache.ratis.util.IOUtils.getFromFuture(IOUtils.java:87)
	at org.apache.ratis.server.raftlog.segmented.SegmentedRaftLogWorker$StateMachineDataPolicy.getFromFuture(SegmentedRaftLogWorker.java:87)
	at org.apache.ratis.server.raftlog.segmented.SegmentedRaftLogWorker$WriteLog.execute(SegmentedRaftLogWorker.java:477)
	at org.apache.ratis.server.raftlog.segmented.SegmentedRaftLogWorker.run(SegmentedRaftLogWorker.java:289)
	at java.lang.Thread.run(Thread.java:748)
Caused by: java.util.concurrent.TimeoutException
	at java.util.concurrent.CompletableFuture.timedGet(CompletableFuture.java:1771)
	at java.util.concurrent.CompletableFuture.get(CompletableFuture.java:1915)
	at org.apache.ratis.util.IOUtils.getFromFuture(IOUtils.java:79)
	... 4 more
2019-09-16 22:23:17,208 [grpc-default-executor-6] INFO  client.GrpcClientProtocolClient (GrpcClientProtocolClient.java:onNext(264)) - client-D4E1B6F8AD48->5ecabd24-29f4-44ad-af86-ba12f6ac88ae: receive RaftClientReply:client-D4E1B6F8AD48->5ecabd24-29f4-44ad-af86-ba12f6ac88ae@group-461D11BEE149, cid=48, FAILED org.apache.ratis.protocol.NotLeaderException: Server 5ecabd24-29f4-44ad-af86-ba12f6ac88ae@group-461D11BEE149 is not the leader 9d8d98b0-9991-458a-859c-25f8efc1f325:192.168.151.68:46204, logIndex=0, commits[5ecabd24-29f4-44ad-af86-ba12f6ac88ae:c6, 9d8d98b0-9991-458a-859c-25f8efc1f325:c6, 0ad894eb-396d-46a7-a4d0-256210dc34c1:c6]
2019-09-16 22:23:17,332 [java.util.concurrent.ThreadPoolExecutor$Worker@890ec9d[State = -1, empty queue]] WARN  server.GrpcLogAppender (GrpcLogAppender.java:timeoutAppendRequest(200)) - 9d8d98b0-9991-458a-859c-25f8efc1f325@group-461D11BEE149->0ad894eb-396d-46a7-a4d0-256210dc34c1-GrpcLogAppender: appendEntries Timeout, request=9d8d98b0-9991-458a-859c-25f8efc1f325->0ad894eb-396d-46a7-a4d0-256210dc34c1#29-t1, previous=(t:1, i:12), leaderCommit=6, initializing? false, entries: <empty>
2019-09-16 22:23:17,332 [java.util.concurrent.ThreadPoolExecutor$Worker@2e2170a4[State = -1, empty queue]] WARN  server.GrpcLogAppender (GrpcLogAppender.java:timeoutAppendRequest(200)) - 9d8d98b0-9991-458a-859c-25f8efc1f325@group-461D11BEE149->5ecabd24-29f4-44ad-af86-ba12f6ac88ae-GrpcLogAppender: appendEntries Timeout, request=9d8d98b0-9991-458a-859c-25f8efc1f325->5ecabd24-29f4-44ad-af86-ba12f6ac88ae#29-t1, previous=(t:1, i:12), leaderCommit=6, initializing? false, entries: <empty>
2019-09-16 22:23:18,330 [grpc-default-executor-6] INFO  impl.RaftServerProxy (RaftServerProxy.java:remove(95)) - 5ecabd24-29f4-44ad-af86-ba12f6ac88ae: remove group-35A7B724CDC7:null
2019-09-16 22:23:18,334 [RatisPipelineUtilsThread] WARN  pipeline.RatisPipelineUtils (RatisPipelineUtils.java:destroyPipeline(66)) - Pipeline destroy failed for pipeline=PipelineID=3c82caf2-3cb3-4eb6-867b-35a7b724cdc7 dn=5ecabd24-29f4-44ad-af86-ba12f6ac88ae{ip: 192.168.151.68, host: pr-hdds-2135-v26ff-2356241440, networkLocation: /default-rack, certSerialId: null}
2019-09-16 22:23:18,337 [grpc-default-executor-6] INFO  impl.RaftServerProxy (RaftServerProxy.java:remove(95)) - 9d8d98b0-9991-458a-859c-25f8efc1f325: remove group-35A7B724CDC7:null
2019-09-16 22:23:18,339 [RatisPipelineUtilsThread] WARN  pipeline.RatisPipelineUtils (RatisPipelineUtils.java:destroyPipeline(66)) - Pipeline destroy failed for pipeline=PipelineID=3c82caf2-3cb3-4eb6-867b-35a7b724cdc7 dn=9d8d98b0-9991-458a-859c-25f8efc1f325{ip: 192.168.151.68, host: pr-hdds-2135-v26ff-2356241440, networkLocation: /default-rack, certSerialId: null}
2019-09-16 22:23:18,342 [grpc-default-executor-6] INFO  impl.RaftServerProxy (RaftServerProxy.java:remove(95)) - 0ad894eb-396d-46a7-a4d0-256210dc34c1: remove group-35A7B724CDC7:null
2019-09-16 22:23:18,344 [RatisPipelineUtilsThread] WARN  pipeline.RatisPipelineUtils (RatisPipelineUtils.java:destroyPipeline(66)) - Pipeline destroy failed for pipeline=PipelineID=3c82caf2-3cb3-4eb6-867b-35a7b724cdc7 dn=0ad894eb-396d-46a7-a4d0-256210dc34c1{ip: 192.168.151.68, host: pr-hdds-2135-v26ff-2356241440, networkLocation: /default-rack, certSerialId: null}
2019-09-16 22:23:18,345 [RatisPipelineUtilsThread] ERROR pipeline.SCMPipelineManager (Scheduler.java:lambda$schedule$1(70)) - Destroy pipeline failed for pipeline:Pipeline[ Id: 3c82caf2-3cb3-4eb6-867b-35a7b724cdc7, Nodes: 5ecabd24-29f4-44ad-af86-ba12f6ac88ae{ip: 192.168.151.68, host: pr-hdds-2135-v26ff-2356241440, networkLocation: /default-rack, certSerialId: null}9d8d98b0-9991-458a-859c-25f8efc1f325{ip: 192.168.151.68, host: pr-hdds-2135-v26ff-2356241440, networkLocation: /default-rack, certSerialId: null}0ad894eb-396d-46a7-a4d0-256210dc34c1{ip: 192.168.151.68, host: pr-hdds-2135-v26ff-2356241440, networkLocation: /default-rack, certSerialId: null}, Type:RATIS, Factor:THREE, State:CLOSED]
org.apache.hadoop.hdds.scm.pipeline.PipelineNotFoundException: PipelineID=3c82caf2-3cb3-4eb6-867b-35a7b724cdc7 not found
	at org.apache.hadoop.hdds.scm.pipeline.PipelineStateMap.getPipeline(PipelineStateMap.java:132)
	at org.apache.hadoop.hdds.scm.pipeline.PipelineStateMap.removePipeline(PipelineStateMap.java:322)
	at org.apache.hadoop.hdds.scm.pipeline.PipelineStateManager.removePipeline(PipelineStateManager.java:107)
	at org.apache.hadoop.hdds.scm.pipeline.SCMPipelineManager.removePipeline(SCMPipelineManager.java:423)
	at org.apache.hadoop.hdds.scm.pipeline.SCMPipelineManager.destroyPipeline(SCMPipelineManager.java:409)
	at org.apache.hadoop.hdds.scm.pipeline.SCMPipelineManager.lambda$finalizeAndDestroyPipeline$0(SCMPipelineManager.java:318)
	at org.apache.hadoop.utils.Scheduler.lambda$schedule$1(Scheduler.java:68)
	at java.util.concurrent.Executors$RunnableAdapter.call(Executors.java:511)
	at java.util.concurrent.FutureTask.run(FutureTask.java:266)
	at java.util.concurrent.ScheduledThreadPoolExecutor$ScheduledFutureTask.access$201(ScheduledThreadPoolExecutor.java:180)
	at java.util.concurrent.ScheduledThreadPoolExecutor$ScheduledFutureTask.run(ScheduledThreadPoolExecutor.java:293)
	at java.util.concurrent.ThreadPoolExecutor.runWorker(ThreadPoolExecutor.java:1149)
	at java.util.concurrent.ThreadPoolExecutor$Worker.run(ThreadPoolExecutor.java:624)
	at java.lang.Thread.run(Thread.java:748)
2019-09-16 22:23:19,832 [java.util.concurrent.ThreadPoolExecutor$Worker@2e2170a4[State = -1, empty queue]] WARN  server.GrpcLogAppender (GrpcLogAppender.java:timeoutAppendRequest(200)) - 9d8d98b0-9991-458a-859c-25f8efc1f325@group-461D11BEE149->5ecabd24-29f4-44ad-af86-ba12f6ac88ae-GrpcLogAppender: appendEntries Timeout, request=9d8d98b0-9991-458a-859c-25f8efc1f325->5ecabd24-29f4-44ad-af86-ba12f6ac88ae#30-t1, previous=(t:1, i:12), leaderCommit=6, initializing? false, entries: <empty>
2019-09-16 22:23:19,832 [java.util.concurrent.ThreadPoolExecutor$Worker@890ec9d[State = -1, empty queue]] WARN  server.GrpcLogAppender (GrpcLogAppender.java:timeoutAppendRequest(200)) - 9d8d98b0-9991-458a-859c-25f8efc1f325@group-461D11BEE149->0ad894eb-396d-46a7-a4d0-256210dc34c1-GrpcLogAppender: appendEntries Timeout, request=9d8d98b0-9991-458a-859c-25f8efc1f325->0ad894eb-396d-46a7-a4d0-256210dc34c1#30-t1, previous=(t:1, i:12), leaderCommit=6, initializing? false, entries: <empty>
2019-09-16 22:23:21,330 [grpc-default-executor-2] INFO  impl.RaftServerProxy (RaftServerProxy.java:remove(95)) - 5ecabd24-29f4-44ad-af86-ba12f6ac88ae: remove group-35A7B724CDC7:null
2019-09-16 22:23:21,334 [RatisPipelineUtilsThread] WARN  pipeline.RatisPipelineUtils (RatisPipelineUtils.java:destroyPipeline(66)) - Pipeline destroy failed for pipeline=PipelineID=3c82caf2-3cb3-4eb6-867b-35a7b724cdc7 dn=5ecabd24-29f4-44ad-af86-ba12f6ac88ae{ip: 192.168.151.68, host: pr-hdds-2135-v26ff-2356241440, networkLocation: /default-rack, certSerialId: null}
2019-09-16 22:23:21,337 [grpc-default-executor-2] INFO  impl.RaftServerProxy (RaftServerProxy.java:remove(95)) - 9d8d98b0-9991-458a-859c-25f8efc1f325: remove group-35A7B724CDC7:null
2019-09-16 22:23:21,340 [RatisPipelineUtilsThread] WARN  pipeline.RatisPipelineUtils (RatisPipelineUtils.java:destroyPipeline(66)) - Pipeline destroy failed for pipeline=PipelineID=3c82caf2-3cb3-4eb6-867b-35a7b724cdc7 dn=9d8d98b0-9991-458a-859c-25f8efc1f325{ip: 192.168.151.68, host: pr-hdds-2135-v26ff-2356241440, networkLocation: /default-rack, certSerialId: null}
2019-09-16 22:23:21,342 [grpc-default-executor-2] INFO  impl.RaftServerProxy (RaftServerProxy.java:remove(95)) - 0ad894eb-396d-46a7-a4d0-256210dc34c1: remove group-35A7B724CDC7:null
2019-09-16 22:23:21,345 [RatisPipelineUtilsThread] WARN  pipeline.RatisPipelineUtils (RatisPipelineUtils.java:destroyPipeline(66)) - Pipeline destroy failed for pipeline=PipelineID=3c82caf2-3cb3-4eb6-867b-35a7b724cdc7 dn=0ad894eb-396d-46a7-a4d0-256210dc34c1{ip: 192.168.151.68, host: pr-hdds-2135-v26ff-2356241440, networkLocation: /default-rack, certSerialId: null}
2019-09-16 22:23:21,345 [RatisPipelineUtilsThread] ERROR pipeline.SCMPipelineManager (Scheduler.java:lambda$schedule$1(70)) - Destroy pipeline failed for pipeline:Pipeline[ Id: 3c82caf2-3cb3-4eb6-867b-35a7b724cdc7, Nodes: 5ecabd24-29f4-44ad-af86-ba12f6ac88ae{ip: 192.168.151.68, host: pr-hdds-2135-v26ff-2356241440, networkLocation: /default-rack, certSerialId: null}9d8d98b0-9991-458a-859c-25f8efc1f325{ip: 192.168.151.68, host: pr-hdds-2135-v26ff-2356241440, networkLocation: /default-rack, certSerialId: null}0ad894eb-396d-46a7-a4d0-256210dc34c1{ip: 192.168.151.68, host: pr-hdds-2135-v26ff-2356241440, networkLocation: /default-rack, certSerialId: null}, Type:RATIS, Factor:THREE, State:CLOSED]
org.apache.hadoop.hdds.scm.pipeline.PipelineNotFoundException: PipelineID=3c82caf2-3cb3-4eb6-867b-35a7b724cdc7 not found
	at org.apache.hadoop.hdds.scm.pipeline.PipelineStateMap.getPipeline(PipelineStateMap.java:132)
	at org.apache.hadoop.hdds.scm.pipeline.PipelineStateMap.removePipeline(PipelineStateMap.java:322)
	at org.apache.hadoop.hdds.scm.pipeline.PipelineStateManager.removePipeline(PipelineStateManager.java:107)
	at org.apache.hadoop.hdds.scm.pipeline.SCMPipelineManager.removePipeline(SCMPipelineManager.java:423)
	at org.apache.hadoop.hdds.scm.pipeline.SCMPipelineManager.destroyPipeline(SCMPipelineManager.java:409)
	at org.apache.hadoop.hdds.scm.pipeline.SCMPipelineManager.lambda$finalizeAndDestroyPipeline$0(SCMPipelineManager.java:318)
	at org.apache.hadoop.utils.Scheduler.lambda$schedule$1(Scheduler.java:68)
	at java.util.concurrent.Executors$RunnableAdapter.call(Executors.java:511)
	at java.util.concurrent.FutureTask.run(FutureTask.java:266)
	at java.util.concurrent.ScheduledThreadPoolExecutor$ScheduledFutureTask.access$201(ScheduledThreadPoolExecutor.java:180)
	at java.util.concurrent.ScheduledThreadPoolExecutor$ScheduledFutureTask.run(ScheduledThreadPoolExecutor.java:293)
	at java.util.concurrent.ThreadPoolExecutor.runWorker(ThreadPoolExecutor.java:1149)
	at java.util.concurrent.ThreadPoolExecutor$Worker.run(ThreadPoolExecutor.java:624)
	at java.lang.Thread.run(Thread.java:748)
2019-09-16 22:23:22,244 [grpc-default-executor-6] INFO  client.GrpcClientProtocolClient (GrpcClientProtocolClient.java:onNext(264)) - client-D4E1B6F8AD48->5ecabd24-29f4-44ad-af86-ba12f6ac88ae: receive RaftClientReply:client-D4E1B6F8AD48->5ecabd24-29f4-44ad-af86-ba12f6ac88ae@group-461D11BEE149, cid=48, FAILED org.apache.ratis.protocol.NotLeaderException: Server 5ecabd24-29f4-44ad-af86-ba12f6ac88ae@group-461D11BEE149 is not the leader 9d8d98b0-9991-458a-859c-25f8efc1f325:192.168.151.68:46204, logIndex=0, commits[5ecabd24-29f4-44ad-af86-ba12f6ac88ae:c6, 9d8d98b0-9991-458a-859c-25f8efc1f325:c6, 0ad894eb-396d-46a7-a4d0-256210dc34c1:c6]
2019-09-16 22:23:22,333 [java.util.concurrent.ThreadPoolExecutor$Worker@890ec9d[State = -1, empty queue]] WARN  server.GrpcLogAppender (GrpcLogAppender.java:timeoutAppendRequest(200)) - 9d8d98b0-9991-458a-859c-25f8efc1f325@group-461D11BEE149->0ad894eb-396d-46a7-a4d0-256210dc34c1-GrpcLogAppender: appendEntries Timeout, request=9d8d98b0-9991-458a-859c-25f8efc1f325->0ad894eb-396d-46a7-a4d0-256210dc34c1#31-t1, previous=(t:1, i:12), leaderCommit=6, initializing? false, entries: <empty>
2019-09-16 22:23:22,333 [java.util.concurrent.ThreadPoolExecutor$Worker@2e2170a4[State = -1, empty queue]] WARN  server.GrpcLogAppender (GrpcLogAppender.java:timeoutAppendRequest(200)) - 9d8d98b0-9991-458a-859c-25f8efc1f325@group-461D11BEE149->5ecabd24-29f4-44ad-af86-ba12f6ac88ae-GrpcLogAppender: appendEntries Timeout, request=9d8d98b0-9991-458a-859c-25f8efc1f325->5ecabd24-29f4-44ad-af86-ba12f6ac88ae#31-t1, previous=(t:1, i:12), leaderCommit=6, initializing? false, entries: <empty>
2019-09-16 22:23:23,330 [grpc-default-executor-2] INFO  impl.RaftServerProxy (RaftServerProxy.java:remove(95)) - 5ecabd24-29f4-44ad-af86-ba12f6ac88ae: remove group-35A7B724CDC7:null
2019-09-16 22:23:23,334 [RatisPipelineUtilsThread] WARN  pipeline.RatisPipelineUtils (RatisPipelineUtils.java:destroyPipeline(66)) - Pipeline destroy failed for pipeline=PipelineID=3c82caf2-3cb3-4eb6-867b-35a7b724cdc7 dn=5ecabd24-29f4-44ad-af86-ba12f6ac88ae{ip: 192.168.151.68, host: pr-hdds-2135-v26ff-2356241440, networkLocation: /default-rack, certSerialId: null}
2019-09-16 22:23:23,337 [grpc-default-executor-2] INFO  impl.RaftServerProxy (RaftServerProxy.java:remove(95)) - 9d8d98b0-9991-458a-859c-25f8efc1f325: remove group-35A7B724CDC7:null
2019-09-16 22:23:23,339 [RatisPipelineUtilsThread] WARN  pipeline.RatisPipelineUtils (RatisPipelineUtils.java:destroyPipeline(66)) - Pipeline destroy failed for pipeline=PipelineID=3c82caf2-3cb3-4eb6-867b-35a7b724cdc7 dn=9d8d98b0-9991-458a-859c-25f8efc1f325{ip: 192.168.151.68, host: pr-hdds-2135-v26ff-2356241440, networkLocation: /default-rack, certSerialId: null}
2019-09-16 22:23:23,342 [grpc-default-executor-2] INFO  impl.RaftServerProxy (RaftServerProxy.java:remove(95)) - 0ad894eb-396d-46a7-a4d0-256210dc34c1: remove group-35A7B724CDC7:null
2019-09-16 22:23:23,344 [RatisPipelineUtilsThread] WARN  pipeline.RatisPipelineUtils (RatisPipelineUtils.java:destroyPipeline(66)) - Pipeline destroy failed for pipeline=PipelineID=3c82caf2-3cb3-4eb6-867b-35a7b724cdc7 dn=0ad894eb-396d-46a7-a4d0-256210dc34c1{ip: 192.168.151.68, host: pr-hdds-2135-v26ff-2356241440, networkLocation: /default-rack, certSerialId: null}
2019-09-16 22:23:23,345 [RatisPipelineUtilsThread] ERROR pipeline.SCMPipelineManager (Scheduler.java:lambda$schedule$1(70)) - Destroy pipeline failed for pipeline:Pipeline[ Id: 3c82caf2-3cb3-4eb6-867b-35a7b724cdc7, Nodes: 5ecabd24-29f4-44ad-af86-ba12f6ac88ae{ip: 192.168.151.68, host: pr-hdds-2135-v26ff-2356241440, networkLocation: /default-rack, certSerialId: null}9d8d98b0-9991-458a-859c-25f8efc1f325{ip: 192.168.151.68, host: pr-hdds-2135-v26ff-2356241440, networkLocation: /default-rack, certSerialId: null}0ad894eb-396d-46a7-a4d0-256210dc34c1{ip: 192.168.151.68, host: pr-hdds-2135-v26ff-2356241440, networkLocation: /default-rack, certSerialId: null}, Type:RATIS, Factor:THREE, State:CLOSED]
org.apache.hadoop.hdds.scm.pipeline.PipelineNotFoundException: PipelineID=3c82caf2-3cb3-4eb6-867b-35a7b724cdc7 not found
	at org.apache.hadoop.hdds.scm.pipeline.PipelineStateMap.getPipeline(PipelineStateMap.java:132)
	at org.apache.hadoop.hdds.scm.pipeline.PipelineStateMap.removePipeline(PipelineStateMap.java:322)
	at org.apache.hadoop.hdds.scm.pipeline.PipelineStateManager.removePipeline(PipelineStateManager.java:107)
	at org.apache.hadoop.hdds.scm.pipeline.SCMPipelineManager.removePipeline(SCMPipelineManager.java:423)
	at org.apache.hadoop.hdds.scm.pipeline.SCMPipelineManager.destroyPipeline(SCMPipelineManager.java:409)
	at org.apache.hadoop.hdds.scm.pipeline.SCMPipelineManager.lambda$finalizeAndDestroyPipeline$0(SCMPipelineManager.java:318)
	at org.apache.hadoop.utils.Scheduler.lambda$schedule$1(Scheduler.java:68)
	at java.util.concurrent.Executors$RunnableAdapter.call(Executors.java:511)
	at java.util.concurrent.FutureTask.run(FutureTask.java:266)
	at java.util.concurrent.ScheduledThreadPoolExecutor$ScheduledFutureTask.access$201(ScheduledThreadPoolExecutor.java:180)
	at java.util.concurrent.ScheduledThreadPoolExecutor$ScheduledFutureTask.run(ScheduledThreadPoolExecutor.java:293)
	at java.util.concurrent.ThreadPoolExecutor.runWorker(ThreadPoolExecutor.java:1149)
	at java.util.concurrent.ThreadPoolExecutor$Worker.run(ThreadPoolExecutor.java:624)
	at java.lang.Thread.run(Thread.java:748)
2019-09-16 22:23:24,833 [java.util.concurrent.ThreadPoolExecutor$Worker@2e2170a4[State = -1, empty queue]] WARN  server.GrpcLogAppender (GrpcLogAppender.java:timeoutAppendRequest(200)) - 9d8d98b0-9991-458a-859c-25f8efc1f325@group-461D11BEE149->5ecabd24-29f4-44ad-af86-ba12f6ac88ae-GrpcLogAppender: appendEntries Timeout, request=9d8d98b0-9991-458a-859c-25f8efc1f325->5ecabd24-29f4-44ad-af86-ba12f6ac88ae#32-t1, previous=(t:1, i:12), leaderCommit=6, initializing? false, entries: <empty>
2019-09-16 22:23:24,833 [java.util.concurrent.ThreadPoolExecutor$Worker@890ec9d[State = -1, empty queue]] WARN  server.GrpcLogAppender (GrpcLogAppender.java:timeoutAppendRequest(200)) - 9d8d98b0-9991-458a-859c-25f8efc1f325@group-461D11BEE149->0ad894eb-396d-46a7-a4d0-256210dc34c1-GrpcLogAppender: appendEntries Timeout, request=9d8d98b0-9991-458a-859c-25f8efc1f325->0ad894eb-396d-46a7-a4d0-256210dc34c1#32-t1, previous=(t:1, i:12), leaderCommit=6, initializing? false, entries: <empty>
2019-09-16 22:23:26,334 [grpc-default-executor-6] INFO  impl.RaftServerProxy (RaftServerProxy.java:remove(95)) - 5ecabd24-29f4-44ad-af86-ba12f6ac88ae: remove group-35A7B724CDC7:null
2019-09-16 22:23:26,338 [RatisPipelineUtilsThread] WARN  pipeline.RatisPipelineUtils (RatisPipelineUtils.java:destroyPipeline(66)) - Pipeline destroy failed for pipeline=PipelineID=3c82caf2-3cb3-4eb6-867b-35a7b724cdc7 dn=5ecabd24-29f4-44ad-af86-ba12f6ac88ae{ip: 192.168.151.68, host: pr-hdds-2135-v26ff-2356241440, networkLocation: /default-rack, certSerialId: null}
2019-09-16 22:23:26,341 [grpc-default-executor-6] INFO  impl.RaftServerProxy (RaftServerProxy.java:remove(95)) - 9d8d98b0-9991-458a-859c-25f8efc1f325: remove group-35A7B724CDC7:null
2019-09-16 22:23:26,344 [RatisPipelineUtilsThread] WARN  pipeline.RatisPipelineUtils (RatisPipelineUtils.java:destroyPipeline(66)) - Pipeline destroy failed for pipeline=PipelineID=3c82caf2-3cb3-4eb6-867b-35a7b724cdc7 dn=9d8d98b0-9991-458a-859c-25f8efc1f325{ip: 192.168.151.68, host: pr-hdds-2135-v26ff-2356241440, networkLocation: /default-rack, certSerialId: null}
2019-09-16 22:23:26,347 [grpc-default-executor-6] INFO  impl.RaftServerProxy (RaftServerProxy.java:remove(95)) - 0ad894eb-396d-46a7-a4d0-256210dc34c1: remove group-35A7B724CDC7:null
2019-09-16 22:23:26,349 [RatisPipelineUtilsThread] WARN  pipeline.RatisPipelineUtils (RatisPipelineUtils.java:destroyPipeline(66)) - Pipeline destroy failed for pipeline=PipelineID=3c82caf2-3cb3-4eb6-867b-35a7b724cdc7 dn=0ad894eb-396d-46a7-a4d0-256210dc34c1{ip: 192.168.151.68, host: pr-hdds-2135-v26ff-2356241440, networkLocation: /default-rack, certSerialId: null}
2019-09-16 22:23:26,350 [RatisPipelineUtilsThread] ERROR pipeline.SCMPipelineManager (Scheduler.java:lambda$schedule$1(70)) - Destroy pipeline failed for pipeline:Pipeline[ Id: 3c82caf2-3cb3-4eb6-867b-35a7b724cdc7, Nodes: 5ecabd24-29f4-44ad-af86-ba12f6ac88ae{ip: 192.168.151.68, host: pr-hdds-2135-v26ff-2356241440, networkLocation: /default-rack, certSerialId: null}9d8d98b0-9991-458a-859c-25f8efc1f325{ip: 192.168.151.68, host: pr-hdds-2135-v26ff-2356241440, networkLocation: /default-rack, certSerialId: null}0ad894eb-396d-46a7-a4d0-256210dc34c1{ip: 192.168.151.68, host: pr-hdds-2135-v26ff-2356241440, networkLocation: /default-rack, certSerialId: null}, Type:RATIS, Factor:THREE, State:CLOSED]
org.apache.hadoop.hdds.scm.pipeline.PipelineNotFoundException: PipelineID=3c82caf2-3cb3-4eb6-867b-35a7b724cdc7 not found
	at org.apache.hadoop.hdds.scm.pipeline.PipelineStateMap.getPipeline(PipelineStateMap.java:132)
	at org.apache.hadoop.hdds.scm.pipeline.PipelineStateMap.removePipeline(PipelineStateMap.java:322)
	at org.apache.hadoop.hdds.scm.pipeline.PipelineStateManager.removePipeline(PipelineStateManager.java:107)
	at org.apache.hadoop.hdds.scm.pipeline.SCMPipelineManager.removePipeline(SCMPipelineManager.java:423)
	at org.apache.hadoop.hdds.scm.pipeline.SCMPipelineManager.destroyPipeline(SCMPipelineManager.java:409)
	at org.apache.hadoop.hdds.scm.pipeline.SCMPipelineManager.lambda$finalizeAndDestroyPipeline$0(SCMPipelineManager.java:318)
	at org.apache.hadoop.utils.Scheduler.lambda$schedule$1(Scheduler.java:68)
	at java.util.concurrent.Executors$RunnableAdapter.call(Executors.java:511)
	at java.util.concurrent.FutureTask.run(FutureTask.java:266)
	at java.util.concurrent.ScheduledThreadPoolExecutor$ScheduledFutureTask.access$201(ScheduledThreadPoolExecutor.java:180)
	at java.util.concurrent.ScheduledThreadPoolExecutor$ScheduledFutureTask.run(ScheduledThreadPoolExecutor.java:293)
	at java.util.concurrent.ThreadPoolExecutor.runWorker(ThreadPoolExecutor.java:1149)
	at java.util.concurrent.ThreadPoolExecutor$Worker.run(ThreadPoolExecutor.java:624)
	at java.lang.Thread.run(Thread.java:748)
2019-09-16 22:23:26,879 [9d8d98b0-9991-458a-859c-25f8efc1f325@group-461D11BEE149-SegmentedRaftLogWorker] WARN  segmented.SegmentedRaftLogWorker (SegmentedRaftLogWorker.java:getFromFuture(90)) - Timeout 4/~
org.apache.ratis.protocol.TimeoutIOException: Timeout 10s: WriteLog:8: (t:1, i:8), STATEMACHINELOGENTRY, client-D4E1B6F8AD48, cid=49-writeStateMachineData
	at org.apache.ratis.util.IOUtils.getFromFuture(IOUtils.java:87)
	at org.apache.ratis.server.raftlog.segmented.SegmentedRaftLogWorker$StateMachineDataPolicy.getFromFuture(SegmentedRaftLogWorker.java:87)
	at org.apache.ratis.server.raftlog.segmented.SegmentedRaftLogWorker$WriteLog.execute(SegmentedRaftLogWorker.java:477)
	at org.apache.ratis.server.raftlog.segmented.SegmentedRaftLogWorker.run(SegmentedRaftLogWorker.java:289)
	at java.lang.Thread.run(Thread.java:748)
Caused by: java.util.concurrent.TimeoutException
	at java.util.concurrent.CompletableFuture.timedGet(CompletableFuture.java:1771)
	at java.util.concurrent.CompletableFuture.get(CompletableFuture.java:1915)
	at org.apache.ratis.util.IOUtils.getFromFuture(IOUtils.java:79)
	... 4 more
2019-09-16 22:23:26,880 [5ecabd24-29f4-44ad-af86-ba12f6ac88ae@group-461D11BEE149-SegmentedRaftLogWorker] WARN  segmented.SegmentedRaftLogWorker (SegmentedRaftLogWorker.java:getFromFuture(90)) - Timeout 4/~
org.apache.ratis.protocol.TimeoutIOException: Timeout 10s: WriteLog:8: (t:1, i:8), STATEMACHINELOGENTRY, client-D4E1B6F8AD48, cid=49-writeStateMachineData
	at org.apache.ratis.util.IOUtils.getFromFuture(IOUtils.java:87)
	at org.apache.ratis.server.raftlog.segmented.SegmentedRaftLogWorker$StateMachineDataPolicy.getFromFuture(SegmentedRaftLogWorker.java:87)
	at org.apache.ratis.server.raftlog.segmented.SegmentedRaftLogWorker$WriteLog.execute(SegmentedRaftLogWorker.java:477)
	at org.apache.ratis.server.raftlog.segmented.SegmentedRaftLogWorker.run(SegmentedRaftLogWorker.java:289)
	at java.lang.Thread.run(Thread.java:748)
Caused by: java.util.concurrent.TimeoutException
	at java.util.concurrent.CompletableFuture.timedGet(CompletableFuture.java:1771)
	at java.util.concurrent.CompletableFuture.get(CompletableFuture.java:1915)
	at org.apache.ratis.util.IOUtils.getFromFuture(IOUtils.java:79)
	... 4 more
2019-09-16 22:23:26,880 [0ad894eb-396d-46a7-a4d0-256210dc34c1@group-461D11BEE149-SegmentedRaftLogWorker] WARN  segmented.SegmentedRaftLogWorker (SegmentedRaftLogWorker.java:getFromFuture(90)) - Timeout 4/~
org.apache.ratis.protocol.TimeoutIOException: Timeout 10s: WriteLog:8: (t:1, i:8), STATEMACHINELOGENTRY, client-D4E1B6F8AD48, cid=49-writeStateMachineData
	at org.apache.ratis.util.IOUtils.getFromFuture(IOUtils.java:87)
	at org.apache.ratis.server.raftlog.segmented.SegmentedRaftLogWorker$StateMachineDataPolicy.getFromFuture(SegmentedRaftLogWorker.java:87)
	at org.apache.ratis.server.raftlog.segmented.SegmentedRaftLogWorker$WriteLog.execute(SegmentedRaftLogWorker.java:477)
	at org.apache.ratis.server.raftlog.segmented.SegmentedRaftLogWorker.run(SegmentedRaftLogWorker.java:289)
	at java.lang.Thread.run(Thread.java:748)
Caused by: java.util.concurrent.TimeoutException
	at java.util.concurrent.CompletableFuture.timedGet(CompletableFuture.java:1771)
	at java.util.concurrent.CompletableFuture.get(CompletableFuture.java:1915)
	at org.apache.ratis.util.IOUtils.getFromFuture(IOUtils.java:79)
	... 4 more
2019-09-16 22:23:27,276 [grpc-default-executor-5] INFO  client.GrpcClientProtocolClient (GrpcClientProtocolClient.java:onNext(264)) - client-D4E1B6F8AD48->5ecabd24-29f4-44ad-af86-ba12f6ac88ae: receive RaftClientReply:client-D4E1B6F8AD48->5ecabd24-29f4-44ad-af86-ba12f6ac88ae@group-461D11BEE149, cid=48, FAILED org.apache.ratis.protocol.NotLeaderException: Server 5ecabd24-29f4-44ad-af86-ba12f6ac88ae@group-461D11BEE149 is not the leader 9d8d98b0-9991-458a-859c-25f8efc1f325:192.168.151.68:46204, logIndex=0, commits[5ecabd24-29f4-44ad-af86-ba12f6ac88ae:c6, 9d8d98b0-9991-458a-859c-25f8efc1f325:c6, 0ad894eb-396d-46a7-a4d0-256210dc34c1:c6]
2019-09-16 22:23:27,333 [java.util.concurrent.ThreadPoolExecutor$Worker@2e2170a4[State = -1, empty queue]] WARN  server.GrpcLogAppender (GrpcLogAppender.java:timeoutAppendRequest(200)) - 9d8d98b0-9991-458a-859c-25f8efc1f325@group-461D11BEE149->5ecabd24-29f4-44ad-af86-ba12f6ac88ae-GrpcLogAppender: appendEntries Timeout, request=9d8d98b0-9991-458a-859c-25f8efc1f325->5ecabd24-29f4-44ad-af86-ba12f6ac88ae#33-t1, previous=(t:1, i:12), leaderCommit=6, initializing? false, entries: <empty>
2019-09-16 22:23:27,333 [java.util.concurrent.ThreadPoolExecutor$Worker@890ec9d[State = -1, empty queue]] WARN  server.GrpcLogAppender (GrpcLogAppender.java:timeoutAppendRequest(200)) - 9d8d98b0-9991-458a-859c-25f8efc1f325@group-461D11BEE149->0ad894eb-396d-46a7-a4d0-256210dc34c1-GrpcLogAppender: appendEntries Timeout, request=9d8d98b0-9991-458a-859c-25f8efc1f325->0ad894eb-396d-46a7-a4d0-256210dc34c1#33-t1, previous=(t:1, i:12), leaderCommit=6, initializing? false, entries: <empty>
2019-09-16 22:23:28,335 [grpc-default-executor-5] INFO  impl.RaftServerProxy (RaftServerProxy.java:remove(95)) - 5ecabd24-29f4-44ad-af86-ba12f6ac88ae: remove group-35A7B724CDC7:null
2019-09-16 22:23:28,338 [RatisPipelineUtilsThread] WARN  pipeline.RatisPipelineUtils (RatisPipelineUtils.java:destroyPipeline(66)) - Pipeline destroy failed for pipeline=PipelineID=3c82caf2-3cb3-4eb6-867b-35a7b724cdc7 dn=5ecabd24-29f4-44ad-af86-ba12f6ac88ae{ip: 192.168.151.68, host: pr-hdds-2135-v26ff-2356241440, networkLocation: /default-rack, certSerialId: null}
2019-09-16 22:23:28,342 [grpc-default-executor-5] INFO  impl.RaftServerProxy (RaftServerProxy.java:remove(95)) - 9d8d98b0-9991-458a-859c-25f8efc1f325: remove group-35A7B724CDC7:null
2019-09-16 22:23:28,344 [RatisPipelineUtilsThread] WARN  pipeline.RatisPipelineUtils (RatisPipelineUtils.java:destroyPipeline(66)) - Pipeline destroy failed for pipeline=PipelineID=3c82caf2-3cb3-4eb6-867b-35a7b724cdc7 dn=9d8d98b0-9991-458a-859c-25f8efc1f325{ip: 192.168.151.68, host: pr-hdds-2135-v26ff-2356241440, networkLocation: /default-rack, certSerialId: null}
2019-09-16 22:23:28,347 [grpc-default-executor-5] INFO  impl.RaftServerProxy (RaftServerProxy.java:remove(95)) - 0ad894eb-396d-46a7-a4d0-256210dc34c1: remove group-35A7B724CDC7:null
2019-09-16 22:23:28,350 [RatisPipelineUtilsThread] WARN  pipeline.RatisPipelineUtils (RatisPipelineUtils.java:destroyPipeline(66)) - Pipeline destroy failed for pipeline=PipelineID=3c82caf2-3cb3-4eb6-867b-35a7b724cdc7 dn=0ad894eb-396d-46a7-a4d0-256210dc34c1{ip: 192.168.151.68, host: pr-hdds-2135-v26ff-2356241440, networkLocation: /default-rack, certSerialId: null}
2019-09-16 22:23:28,350 [RatisPipelineUtilsThread] ERROR pipeline.SCMPipelineManager (Scheduler.java:lambda$schedule$1(70)) - Destroy pipeline failed for pipeline:Pipeline[ Id: 3c82caf2-3cb3-4eb6-867b-35a7b724cdc7, Nodes: 5ecabd24-29f4-44ad-af86-ba12f6ac88ae{ip: 192.168.151.68, host: pr-hdds-2135-v26ff-2356241440, networkLocation: /default-rack, certSerialId: null}9d8d98b0-9991-458a-859c-25f8efc1f325{ip: 192.168.151.68, host: pr-hdds-2135-v26ff-2356241440, networkLocation: /default-rack, certSerialId: null}0ad894eb-396d-46a7-a4d0-256210dc34c1{ip: 192.168.151.68, host: pr-hdds-2135-v26ff-2356241440, networkLocation: /default-rack, certSerialId: null}, Type:RATIS, Factor:THREE, State:CLOSED]
org.apache.hadoop.hdds.scm.pipeline.PipelineNotFoundException: PipelineID=3c82caf2-3cb3-4eb6-867b-35a7b724cdc7 not found
	at org.apache.hadoop.hdds.scm.pipeline.PipelineStateMap.getPipeline(PipelineStateMap.java:132)
	at org.apache.hadoop.hdds.scm.pipeline.PipelineStateMap.removePipeline(PipelineStateMap.java:322)
	at org.apache.hadoop.hdds.scm.pipeline.PipelineStateManager.removePipeline(PipelineStateManager.java:107)
	at org.apache.hadoop.hdds.scm.pipeline.SCMPipelineManager.removePipeline(SCMPipelineManager.java:423)
	at org.apache.hadoop.hdds.scm.pipeline.SCMPipelineManager.destroyPipeline(SCMPipelineManager.java:409)
	at org.apache.hadoop.hdds.scm.pipeline.SCMPipelineManager.lambda$finalizeAndDestroyPipeline$0(SCMPipelineManager.java:318)
	at org.apache.hadoop.utils.Scheduler.lambda$schedule$1(Scheduler.java:68)
	at java.util.concurrent.Executors$RunnableAdapter.call(Executors.java:511)
	at java.util.concurrent.FutureTask.run(FutureTask.java:266)
	at java.util.concurrent.ScheduledThreadPoolExecutor$ScheduledFutureTask.access$201(ScheduledThreadPoolExecutor.java:180)
	at java.util.concurrent.ScheduledThreadPoolExecutor$ScheduledFutureTask.run(ScheduledThreadPoolExecutor.java:293)
	at java.util.concurrent.ThreadPoolExecutor.runWorker(ThreadPoolExecutor.java:1149)
	at java.util.concurrent.ThreadPoolExecutor$Worker.run(ThreadPoolExecutor.java:624)
	at java.lang.Thread.run(Thread.java:748)
2019-09-16 22:23:29,834 [java.util.concurrent.ThreadPoolExecutor$Worker@2e2170a4[State = -1, empty queue]] WARN  server.GrpcLogAppender (GrpcLogAppender.java:timeoutAppendRequest(200)) - 9d8d98b0-9991-458a-859c-25f8efc1f325@group-461D11BEE149->5ecabd24-29f4-44ad-af86-ba12f6ac88ae-GrpcLogAppender: appendEntries Timeout, request=9d8d98b0-9991-458a-859c-25f8efc1f325->5ecabd24-29f4-44ad-af86-ba12f6ac88ae#34-t1, previous=(t:1, i:12), leaderCommit=6, initializing? false, entries: <empty>
2019-09-16 22:23:29,834 [java.util.concurrent.ThreadPoolExecutor$Worker@890ec9d[State = -1, empty queue]] WARN  server.GrpcLogAppender (GrpcLogAppender.java:timeoutAppendRequest(200)) - 9d8d98b0-9991-458a-859c-25f8efc1f325@group-461D11BEE149->0ad894eb-396d-46a7-a4d0-256210dc34c1-GrpcLogAppender: appendEntries Timeout, request=9d8d98b0-9991-458a-859c-25f8efc1f325->0ad894eb-396d-46a7-a4d0-256210dc34c1#34-t1, previous=(t:1, i:12), leaderCommit=6, initializing? false, entries: <empty>
2019-09-16 22:23:31,332 [grpc-default-executor-6] INFO  impl.RaftServerProxy (RaftServerProxy.java:remove(95)) - 5ecabd24-29f4-44ad-af86-ba12f6ac88ae: remove group-35A7B724CDC7:null
2019-09-16 22:23:31,335 [RatisPipelineUtilsThread] WARN  pipeline.RatisPipelineUtils (RatisPipelineUtils.java:destroyPipeline(66)) - Pipeline destroy failed for pipeline=PipelineID=3c82caf2-3cb3-4eb6-867b-35a7b724cdc7 dn=5ecabd24-29f4-44ad-af86-ba12f6ac88ae{ip: 192.168.151.68, host: pr-hdds-2135-v26ff-2356241440, networkLocation: /default-rack, certSerialId: null}
2019-09-16 22:23:31,338 [grpc-default-executor-5] INFO  impl.RaftServerProxy (RaftServerProxy.java:remove(95)) - 9d8d98b0-9991-458a-859c-25f8efc1f325: remove group-35A7B724CDC7:null
2019-09-16 22:23:31,342 [RatisPipelineUtilsThread] WARN  pipeline.RatisPipelineUtils (RatisPipelineUtils.java:destroyPipeline(66)) - Pipeline destroy failed for pipeline=PipelineID=3c82caf2-3cb3-4eb6-867b-35a7b724cdc7 dn=9d8d98b0-9991-458a-859c-25f8efc1f325{ip: 192.168.151.68, host: pr-hdds-2135-v26ff-2356241440, networkLocation: /default-rack, certSerialId: null}
2019-09-16 22:23:31,345 [grpc-default-executor-5] INFO  impl.RaftServerProxy (RaftServerProxy.java:remove(95)) - 0ad894eb-396d-46a7-a4d0-256210dc34c1: remove group-35A7B724CDC7:null
2019-09-16 22:23:31,348 [RatisPipelineUtilsThread] WARN  pipeline.RatisPipelineUtils (RatisPipelineUtils.java:destroyPipeline(66)) - Pipeline destroy failed for pipeline=PipelineID=3c82caf2-3cb3-4eb6-867b-35a7b724cdc7 dn=0ad894eb-396d-46a7-a4d0-256210dc34c1{ip: 192.168.151.68, host: pr-hdds-2135-v26ff-2356241440, networkLocation: /default-rack, certSerialId: null}
2019-09-16 22:23:31,348 [RatisPipelineUtilsThread] ERROR pipeline.SCMPipelineManager (Scheduler.java:lambda$schedule$1(70)) - Destroy pipeline failed for pipeline:Pipeline[ Id: 3c82caf2-3cb3-4eb6-867b-35a7b724cdc7, Nodes: 5ecabd24-29f4-44ad-af86-ba12f6ac88ae{ip: 192.168.151.68, host: pr-hdds-2135-v26ff-2356241440, networkLocation: /default-rack, certSerialId: null}9d8d98b0-9991-458a-859c-25f8efc1f325{ip: 192.168.151.68, host: pr-hdds-2135-v26ff-2356241440, networkLocation: /default-rack, certSerialId: null}0ad894eb-396d-46a7-a4d0-256210dc34c1{ip: 192.168.151.68, host: pr-hdds-2135-v26ff-2356241440, networkLocation: /default-rack, certSerialId: null}, Type:RATIS, Factor:THREE, State:CLOSED]
org.apache.hadoop.hdds.scm.pipeline.PipelineNotFoundException: PipelineID=3c82caf2-3cb3-4eb6-867b-35a7b724cdc7 not found
	at org.apache.hadoop.hdds.scm.pipeline.PipelineStateMap.getPipeline(PipelineStateMap.java:132)
	at org.apache.hadoop.hdds.scm.pipeline.PipelineStateMap.removePipeline(PipelineStateMap.java:322)
	at org.apache.hadoop.hdds.scm.pipeline.PipelineStateManager.removePipeline(PipelineStateManager.java:107)
	at org.apache.hadoop.hdds.scm.pipeline.SCMPipelineManager.removePipeline(SCMPipelineManager.java:423)
	at org.apache.hadoop.hdds.scm.pipeline.SCMPipelineManager.destroyPipeline(SCMPipelineManager.java:409)
	at org.apache.hadoop.hdds.scm.pipeline.SCMPipelineManager.lambda$finalizeAndDestroyPipeline$0(SCMPipelineManager.java:318)
	at org.apache.hadoop.utils.Scheduler.lambda$schedule$1(Scheduler.java:68)
	at java.util.concurrent.Executors$RunnableAdapter.call(Executors.java:511)
	at java.util.concurrent.FutureTask.run(FutureTask.java:266)
	at java.util.concurrent.ScheduledThreadPoolExecutor$ScheduledFutureTask.access$201(ScheduledThreadPoolExecutor.java:180)
	at java.util.concurrent.ScheduledThreadPoolExecutor$ScheduledFutureTask.run(ScheduledThreadPoolExecutor.java:293)
	at java.util.concurrent.ThreadPoolExecutor.runWorker(ThreadPoolExecutor.java:1149)
	at java.util.concurrent.ThreadPoolExecutor$Worker.run(ThreadPoolExecutor.java:624)
	at java.lang.Thread.run(Thread.java:748)
2019-09-16 22:23:32,316 [grpc-default-executor-6] INFO  client.GrpcClientProtocolClient (GrpcClientProtocolClient.java:onNext(264)) - client-D4E1B6F8AD48->5ecabd24-29f4-44ad-af86-ba12f6ac88ae: receive RaftClientReply:client-D4E1B6F8AD48->5ecabd24-29f4-44ad-af86-ba12f6ac88ae@group-461D11BEE149, cid=48, FAILED org.apache.ratis.protocol.NotLeaderException: Server 5ecabd24-29f4-44ad-af86-ba12f6ac88ae@group-461D11BEE149 is not the leader 9d8d98b0-9991-458a-859c-25f8efc1f325:192.168.151.68:46204, logIndex=0, commits[5ecabd24-29f4-44ad-af86-ba12f6ac88ae:c6, 9d8d98b0-9991-458a-859c-25f8efc1f325:c6, 0ad894eb-396d-46a7-a4d0-256210dc34c1:c6]
2019-09-16 22:23:32,334 [java.util.concurrent.ThreadPoolExecutor$Worker@2e2170a4[State = -1, empty queue]] WARN  server.GrpcLogAppender (GrpcLogAppender.java:timeoutAppendRequest(200)) - 9d8d98b0-9991-458a-859c-25f8efc1f325@group-461D11BEE149->5ecabd24-29f4-44ad-af86-ba12f6ac88ae-GrpcLogAppender: appendEntries Timeout, request=9d8d98b0-9991-458a-859c-25f8efc1f325->5ecabd24-29f4-44ad-af86-ba12f6ac88ae#35-t1, previous=(t:1, i:12), leaderCommit=6, initializing? false, entries: <empty>
2019-09-16 22:23:32,334 [java.util.concurrent.ThreadPoolExecutor$Worker@890ec9d[State = -1, empty queue]] WARN  server.GrpcLogAppender (GrpcLogAppender.java:timeoutAppendRequest(200)) - 9d8d98b0-9991-458a-859c-25f8efc1f325@group-461D11BEE149->0ad894eb-396d-46a7-a4d0-256210dc34c1-GrpcLogAppender: appendEntries Timeout, request=9d8d98b0-9991-458a-859c-25f8efc1f325->0ad894eb-396d-46a7-a4d0-256210dc34c1#35-t1, previous=(t:1, i:12), leaderCommit=6, initializing? false, entries: <empty>
2019-09-16 22:23:33,337 [grpc-default-executor-6] INFO  impl.RaftServerProxy (RaftServerProxy.java:remove(95)) - 5ecabd24-29f4-44ad-af86-ba12f6ac88ae: remove group-35A7B724CDC7:null
2019-09-16 22:23:33,340 [RatisPipelineUtilsThread] WARN  pipeline.RatisPipelineUtils (RatisPipelineUtils.java:destroyPipeline(66)) - Pipeline destroy failed for pipeline=PipelineID=3c82caf2-3cb3-4eb6-867b-35a7b724cdc7 dn=5ecabd24-29f4-44ad-af86-ba12f6ac88ae{ip: 192.168.151.68, host: pr-hdds-2135-v26ff-2356241440, networkLocation: /default-rack, certSerialId: null}
2019-09-16 22:23:33,344 [grpc-default-executor-6] INFO  impl.RaftServerProxy (RaftServerProxy.java:remove(95)) - 9d8d98b0-9991-458a-859c-25f8efc1f325: remove group-35A7B724CDC7:null
2019-09-16 22:23:33,347 [RatisPipelineUtilsThread] WARN  pipeline.RatisPipelineUtils (RatisPipelineUtils.java:destroyPipeline(66)) - Pipeline destroy failed for pipeline=PipelineID=3c82caf2-3cb3-4eb6-867b-35a7b724cdc7 dn=9d8d98b0-9991-458a-859c-25f8efc1f325{ip: 192.168.151.68, host: pr-hdds-2135-v26ff-2356241440, networkLocation: /default-rack, certSerialId: null}
2019-09-16 22:23:33,350 [grpc-default-executor-6] INFO  impl.RaftServerProxy (RaftServerProxy.java:remove(95)) - 0ad894eb-396d-46a7-a4d0-256210dc34c1: remove group-35A7B724CDC7:null
2019-09-16 22:23:33,352 [RatisPipelineUtilsThread] WARN  pipeline.RatisPipelineUtils (RatisPipelineUtils.java:destroyPipeline(66)) - Pipeline destroy failed for pipeline=PipelineID=3c82caf2-3cb3-4eb6-867b-35a7b724cdc7 dn=0ad894eb-396d-46a7-a4d0-256210dc34c1{ip: 192.168.151.68, host: pr-hdds-2135-v26ff-2356241440, networkLocation: /default-rack, certSerialId: null}
2019-09-16 22:23:33,352 [RatisPipelineUtilsThread] ERROR pipeline.SCMPipelineManager (Scheduler.java:lambda$schedule$1(70)) - Destroy pipeline failed for pipeline:Pipeline[ Id: 3c82caf2-3cb3-4eb6-867b-35a7b724cdc7, Nodes: 5ecabd24-29f4-44ad-af86-ba12f6ac88ae{ip: 192.168.151.68, host: pr-hdds-2135-v26ff-2356241440, networkLocation: /default-rack, certSerialId: null}9d8d98b0-9991-458a-859c-25f8efc1f325{ip: 192.168.151.68, host: pr-hdds-2135-v26ff-2356241440, networkLocation: /default-rack, certSerialId: null}0ad894eb-396d-46a7-a4d0-256210dc34c1{ip: 192.168.151.68, host: pr-hdds-2135-v26ff-2356241440, networkLocation: /default-rack, certSerialId: null}, Type:RATIS, Factor:THREE, State:CLOSED]
org.apache.hadoop.hdds.scm.pipeline.PipelineNotFoundException: PipelineID=3c82caf2-3cb3-4eb6-867b-35a7b724cdc7 not found
	at org.apache.hadoop.hdds.scm.pipeline.PipelineStateMap.getPipeline(PipelineStateMap.java:132)
	at org.apache.hadoop.hdds.scm.pipeline.PipelineStateMap.removePipeline(PipelineStateMap.java:322)
	at org.apache.hadoop.hdds.scm.pipeline.PipelineStateManager.removePipeline(PipelineStateManager.java:107)
	at org.apache.hadoop.hdds.scm.pipeline.SCMPipelineManager.removePipeline(SCMPipelineManager.java:423)
	at org.apache.hadoop.hdds.scm.pipeline.SCMPipelineManager.destroyPipeline(SCMPipelineManager.java:409)
	at org.apache.hadoop.hdds.scm.pipeline.SCMPipelineManager.lambda$finalizeAndDestroyPipeline$0(SCMPipelineManager.java:318)
	at org.apache.hadoop.utils.Scheduler.lambda$schedule$1(Scheduler.java:68)
	at java.util.concurrent.Executors$RunnableAdapter.call(Executors.java:511)
	at java.util.concurrent.FutureTask.run(FutureTask.java:266)
	at java.util.concurrent.ScheduledThreadPoolExecutor$ScheduledFutureTask.access$201(ScheduledThreadPoolExecutor.java:180)
	at java.util.concurrent.ScheduledThreadPoolExecutor$ScheduledFutureTask.run(ScheduledThreadPoolExecutor.java:293)
	at java.util.concurrent.ThreadPoolExecutor.runWorker(ThreadPoolExecutor.java:1149)
	at java.util.concurrent.ThreadPoolExecutor$Worker.run(ThreadPoolExecutor.java:624)
	at java.lang.Thread.run(Thread.java:748)
2019-09-16 22:23:33,513 [grpc-default-executor-6] INFO  impl.RaftServerProxy (RaftServerProxy.java:remove(95)) - 5ecabd24-29f4-44ad-af86-ba12f6ac88ae: remove group-35A7B724CDC7:null
2019-09-16 22:23:33,516 [RatisPipelineUtilsThread] WARN  pipeline.RatisPipelineUtils (RatisPipelineUtils.java:destroyPipeline(66)) - Pipeline destroy failed for pipeline=PipelineID=3c82caf2-3cb3-4eb6-867b-35a7b724cdc7 dn=5ecabd24-29f4-44ad-af86-ba12f6ac88ae{ip: 192.168.151.68, host: pr-hdds-2135-v26ff-2356241440, networkLocation: /default-rack, certSerialId: null}
2019-09-16 22:23:33,519 [grpc-default-executor-6] INFO  impl.RaftServerProxy (RaftServerProxy.java:remove(95)) - 9d8d98b0-9991-458a-859c-25f8efc1f325: remove group-35A7B724CDC7:null
2019-09-16 22:23:33,521 [RatisPipelineUtilsThread] WARN  pipeline.RatisPipelineUtils (RatisPipelineUtils.java:destroyPipeline(66)) - Pipeline destroy failed for pipeline=PipelineID=3c82caf2-3cb3-4eb6-867b-35a7b724cdc7 dn=9d8d98b0-9991-458a-859c-25f8efc1f325{ip: 192.168.151.68, host: pr-hdds-2135-v26ff-2356241440, networkLocation: /default-rack, certSerialId: null}
2019-09-16 22:23:33,524 [grpc-default-executor-6] INFO  impl.RaftServerProxy (RaftServerProxy.java:remove(95)) - 0ad894eb-396d-46a7-a4d0-256210dc34c1: remove group-35A7B724CDC7:null
2019-09-16 22:23:33,527 [RatisPipelineUtilsThread] WARN  pipeline.RatisPipelineUtils (RatisPipelineUtils.java:destroyPipeline(66)) - Pipeline destroy failed for pipeline=PipelineID=3c82caf2-3cb3-4eb6-867b-35a7b724cdc7 dn=0ad894eb-396d-46a7-a4d0-256210dc34c1{ip: 192.168.151.68, host: pr-hdds-2135-v26ff-2356241440, networkLocation: /default-rack, certSerialId: null}
2019-09-16 22:23:33,527 [RatisPipelineUtilsThread] ERROR pipeline.SCMPipelineManager (Scheduler.java:lambda$schedule$1(70)) - Destroy pipeline failed for pipeline:Pipeline[ Id: 3c82caf2-3cb3-4eb6-867b-35a7b724cdc7, Nodes: 5ecabd24-29f4-44ad-af86-ba12f6ac88ae{ip: 192.168.151.68, host: pr-hdds-2135-v26ff-2356241440, networkLocation: /default-rack, certSerialId: null}9d8d98b0-9991-458a-859c-25f8efc1f325{ip: 192.168.151.68, host: pr-hdds-2135-v26ff-2356241440, networkLocation: /default-rack, certSerialId: null}0ad894eb-396d-46a7-a4d0-256210dc34c1{ip: 192.168.151.68, host: pr-hdds-2135-v26ff-2356241440, networkLocation: /default-rack, certSerialId: null}, Type:RATIS, Factor:THREE, State:CLOSED]
org.apache.hadoop.hdds.scm.pipeline.PipelineNotFoundException: PipelineID=3c82caf2-3cb3-4eb6-867b-35a7b724cdc7 not found
	at org.apache.hadoop.hdds.scm.pipeline.PipelineStateMap.getPipeline(PipelineStateMap.java:132)
	at org.apache.hadoop.hdds.scm.pipeline.PipelineStateMap.removePipeline(PipelineStateMap.java:322)
	at org.apache.hadoop.hdds.scm.pipeline.PipelineStateManager.removePipeline(PipelineStateManager.java:107)
	at org.apache.hadoop.hdds.scm.pipeline.SCMPipelineManager.removePipeline(SCMPipelineManager.java:423)
	at org.apache.hadoop.hdds.scm.pipeline.SCMPipelineManager.destroyPipeline(SCMPipelineManager.java:409)
	at org.apache.hadoop.hdds.scm.pipeline.SCMPipelineManager.lambda$finalizeAndDestroyPipeline$0(SCMPipelineManager.java:318)
	at org.apache.hadoop.utils.Scheduler.lambda$schedule$1(Scheduler.java:68)
	at java.util.concurrent.Executors$RunnableAdapter.call(Executors.java:511)
	at java.util.concurrent.FutureTask.run(FutureTask.java:266)
	at java.util.concurrent.ScheduledThreadPoolExecutor$ScheduledFutureTask.access$201(ScheduledThreadPoolExecutor.java:180)
	at java.util.concurrent.ScheduledThreadPoolExecutor$ScheduledFutureTask.run(ScheduledThreadPoolExecutor.java:293)
	at java.util.concurrent.ThreadPoolExecutor.runWorker(ThreadPoolExecutor.java:1149)
	at java.util.concurrent.ThreadPoolExecutor$Worker.run(ThreadPoolExecutor.java:624)
	at java.lang.Thread.run(Thread.java:748)
2019-09-16 22:23:33,678 [grpc-default-executor-6] INFO  impl.RaftServerProxy (RaftServerProxy.java:remove(95)) - 5ecabd24-29f4-44ad-af86-ba12f6ac88ae: remove group-35A7B724CDC7:null
2019-09-16 22:23:33,681 [RatisPipelineUtilsThread] WARN  pipeline.RatisPipelineUtils (RatisPipelineUtils.java:destroyPipeline(66)) - Pipeline destroy failed for pipeline=PipelineID=3c82caf2-3cb3-4eb6-867b-35a7b724cdc7 dn=5ecabd24-29f4-44ad-af86-ba12f6ac88ae{ip: 192.168.151.68, host: pr-hdds-2135-v26ff-2356241440, networkLocation: /default-rack, certSerialId: null}
2019-09-16 22:23:33,684 [grpc-default-executor-6] INFO  impl.RaftServerProxy (RaftServerProxy.java:remove(95)) - 9d8d98b0-9991-458a-859c-25f8efc1f325: remove group-35A7B724CDC7:null
2019-09-16 22:23:33,687 [RatisPipelineUtilsThread] WARN  pipeline.RatisPipelineUtils (RatisPipelineUtils.java:destroyPipeline(66)) - Pipeline destroy failed for pipeline=PipelineID=3c82caf2-3cb3-4eb6-867b-35a7b724cdc7 dn=9d8d98b0-9991-458a-859c-25f8efc1f325{ip: 192.168.151.68, host: pr-hdds-2135-v26ff-2356241440, networkLocation: /default-rack, certSerialId: null}
2019-09-16 22:23:33,690 [grpc-default-executor-6] INFO  impl.RaftServerProxy (RaftServerProxy.java:remove(95)) - 0ad894eb-396d-46a7-a4d0-256210dc34c1: remove group-35A7B724CDC7:null
2019-09-16 22:23:33,692 [RatisPipelineUtilsThread] WARN  pipeline.RatisPipelineUtils (RatisPipelineUtils.java:destroyPipeline(66)) - Pipeline destroy failed for pipeline=PipelineID=3c82caf2-3cb3-4eb6-867b-35a7b724cdc7 dn=0ad894eb-396d-46a7-a4d0-256210dc34c1{ip: 192.168.151.68, host: pr-hdds-2135-v26ff-2356241440, networkLocation: /default-rack, certSerialId: null}
2019-09-16 22:23:33,693 [RatisPipelineUtilsThread] ERROR pipeline.SCMPipelineManager (Scheduler.java:lambda$schedule$1(70)) - Destroy pipeline failed for pipeline:Pipeline[ Id: 3c82caf2-3cb3-4eb6-867b-35a7b724cdc7, Nodes: 5ecabd24-29f4-44ad-af86-ba12f6ac88ae{ip: 192.168.151.68, host: pr-hdds-2135-v26ff-2356241440, networkLocation: /default-rack, certSerialId: null}9d8d98b0-9991-458a-859c-25f8efc1f325{ip: 192.168.151.68, host: pr-hdds-2135-v26ff-2356241440, networkLocation: /default-rack, certSerialId: null}0ad894eb-396d-46a7-a4d0-256210dc34c1{ip: 192.168.151.68, host: pr-hdds-2135-v26ff-2356241440, networkLocation: /default-rack, certSerialId: null}, Type:RATIS, Factor:THREE, State:CLOSED]
org.apache.hadoop.hdds.scm.pipeline.PipelineNotFoundException: PipelineID=3c82caf2-3cb3-4eb6-867b-35a7b724cdc7 not found
	at org.apache.hadoop.hdds.scm.pipeline.PipelineStateMap.getPipeline(PipelineStateMap.java:132)
	at org.apache.hadoop.hdds.scm.pipeline.PipelineStateMap.removePipeline(PipelineStateMap.java:322)
	at org.apache.hadoop.hdds.scm.pipeline.PipelineStateManager.removePipeline(PipelineStateManager.java:107)
	at org.apache.hadoop.hdds.scm.pipeline.SCMPipelineManager.removePipeline(SCMPipelineManager.java:423)
	at org.apache.hadoop.hdds.scm.pipeline.SCMPipelineManager.destroyPipeline(SCMPipelineManager.java:409)
	at org.apache.hadoop.hdds.scm.pipeline.SCMPipelineManager.lambda$finalizeAndDestroyPipeline$0(SCMPipelineManager.java:318)
	at org.apache.hadoop.utils.Scheduler.lambda$schedule$1(Scheduler.java:68)
	at java.util.concurrent.Executors$RunnableAdapter.call(Executors.java:511)
	at java.util.concurrent.FutureTask.run(FutureTask.java:266)
	at java.util.concurrent.ScheduledThreadPoolExecutor$ScheduledFutureTask.access$201(ScheduledThreadPoolExecutor.java:180)
	at java.util.concurrent.ScheduledThreadPoolExecutor$ScheduledFutureTask.run(ScheduledThreadPoolExecutor.java:293)
	at java.util.concurrent.ThreadPoolExecutor.runWorker(ThreadPoolExecutor.java:1149)
	at java.util.concurrent.ThreadPoolExecutor$Worker.run(ThreadPoolExecutor.java:624)
	at java.lang.Thread.run(Thread.java:748)
2019-09-16 22:23:33,790 [grpc-default-executor-6] INFO  impl.RaftServerProxy (RaftServerProxy.java:remove(95)) - 5ecabd24-29f4-44ad-af86-ba12f6ac88ae: remove group-35A7B724CDC7:null
2019-09-16 22:23:33,792 [RatisPipelineUtilsThread] WARN  pipeline.RatisPipelineUtils (RatisPipelineUtils.java:destroyPipeline(66)) - Pipeline destroy failed for pipeline=PipelineID=3c82caf2-3cb3-4eb6-867b-35a7b724cdc7 dn=5ecabd24-29f4-44ad-af86-ba12f6ac88ae{ip: 192.168.151.68, host: pr-hdds-2135-v26ff-2356241440, networkLocation: /default-rack, certSerialId: null}
2019-09-16 22:23:33,796 [grpc-default-executor-6] INFO  impl.RaftServerProxy (RaftServerProxy.java:remove(95)) - 9d8d98b0-9991-458a-859c-25f8efc1f325: remove group-35A7B724CDC7:null
2019-09-16 22:23:33,798 [RatisPipelineUtilsThread] WARN  pipeline.RatisPipelineUtils (RatisPipelineUtils.java:destroyPipeline(66)) - Pipeline destroy failed for pipeline=PipelineID=3c82caf2-3cb3-4eb6-867b-35a7b724cdc7 dn=9d8d98b0-9991-458a-859c-25f8efc1f325{ip: 192.168.151.68, host: pr-hdds-2135-v26ff-2356241440, networkLocation: /default-rack, certSerialId: null}
2019-09-16 22:23:33,801 [grpc-default-executor-6] INFO  impl.RaftServerProxy (RaftServerProxy.java:remove(95)) - 0ad894eb-396d-46a7-a4d0-256210dc34c1: remove group-35A7B724CDC7:null
2019-09-16 22:23:33,804 [RatisPipelineUtilsThread] WARN  pipeline.RatisPipelineUtils (RatisPipelineUtils.java:destroyPipeline(66)) - Pipeline destroy failed for pipeline=PipelineID=3c82caf2-3cb3-4eb6-867b-35a7b724cdc7 dn=0ad894eb-396d-46a7-a4d0-256210dc34c1{ip: 192.168.151.68, host: pr-hdds-2135-v26ff-2356241440, networkLocation: /default-rack, certSerialId: null}
2019-09-16 22:23:33,804 [RatisPipelineUtilsThread] ERROR pipeline.SCMPipelineManager (Scheduler.java:lambda$schedule$1(70)) - Destroy pipeline failed for pipeline:Pipeline[ Id: 3c82caf2-3cb3-4eb6-867b-35a7b724cdc7, Nodes: 5ecabd24-29f4-44ad-af86-ba12f6ac88ae{ip: 192.168.151.68, host: pr-hdds-2135-v26ff-2356241440, networkLocation: /default-rack, certSerialId: null}9d8d98b0-9991-458a-859c-25f8efc1f325{ip: 192.168.151.68, host: pr-hdds-2135-v26ff-2356241440, networkLocation: /default-rack, certSerialId: null}0ad894eb-396d-46a7-a4d0-256210dc34c1{ip: 192.168.151.68, host: pr-hdds-2135-v26ff-2356241440, networkLocation: /default-rack, certSerialId: null}, Type:RATIS, Factor:THREE, State:CLOSED]
org.apache.hadoop.hdds.scm.pipeline.PipelineNotFoundException: PipelineID=3c82caf2-3cb3-4eb6-867b-35a7b724cdc7 not found
	at org.apache.hadoop.hdds.scm.pipeline.PipelineStateMap.getPipeline(PipelineStateMap.java:132)
	at org.apache.hadoop.hdds.scm.pipeline.PipelineStateMap.removePipeline(PipelineStateMap.java:322)
	at org.apache.hadoop.hdds.scm.pipeline.PipelineStateManager.removePipeline(PipelineStateManager.java:107)
	at org.apache.hadoop.hdds.scm.pipeline.SCMPipelineManager.removePipeline(SCMPipelineManager.java:423)
	at org.apache.hadoop.hdds.scm.pipeline.SCMPipelineManager.destroyPipeline(SCMPipelineManager.java:409)
	at org.apache.hadoop.hdds.scm.pipeline.SCMPipelineManager.lambda$finalizeAndDestroyPipeline$0(SCMPipelineManager.java:318)
	at org.apache.hadoop.utils.Scheduler.lambda$schedule$1(Scheduler.java:68)
	at java.util.concurrent.Executors$RunnableAdapter.call(Executors.java:511)
	at java.util.concurrent.FutureTask.run(FutureTask.java:266)
	at java.util.concurrent.ScheduledThreadPoolExecutor$ScheduledFutureTask.access$201(ScheduledThreadPoolExecutor.java:180)
	at java.util.concurrent.ScheduledThreadPoolExecutor$ScheduledFutureTask.run(ScheduledThreadPoolExecutor.java:293)
	at java.util.concurrent.ThreadPoolExecutor.runWorker(ThreadPoolExecutor.java:1149)
	at java.util.concurrent.ThreadPoolExecutor$Worker.run(ThreadPoolExecutor.java:624)
	at java.lang.Thread.run(Thread.java:748)
2019-09-16 22:23:34,834 [java.util.concurrent.ThreadPoolExecutor$Worker@2e2170a4[State = -1, empty queue]] WARN  server.GrpcLogAppender (GrpcLogAppender.java:timeoutAppendRequest(200)) - 9d8d98b0-9991-458a-859c-25f8efc1f325@group-461D11BEE149->5ecabd24-29f4-44ad-af86-ba12f6ac88ae-GrpcLogAppender: appendEntries Timeout, request=9d8d98b0-9991-458a-859c-25f8efc1f325->5ecabd24-29f4-44ad-af86-ba12f6ac88ae#36-t1, previous=(t:1, i:12), leaderCommit=6, initializing? false, entries: <empty>
2019-09-16 22:23:34,834 [java.util.concurrent.ThreadPoolExecutor$Worker@890ec9d[State = -1, empty queue]] WARN  server.GrpcLogAppender (GrpcLogAppender.java:timeoutAppendRequest(200)) - 9d8d98b0-9991-458a-859c-25f8efc1f325@group-461D11BEE149->0ad894eb-396d-46a7-a4d0-256210dc34c1-GrpcLogAppender: appendEntries Timeout, request=9d8d98b0-9991-458a-859c-25f8efc1f325->0ad894eb-396d-46a7-a4d0-256210dc34c1#36-t1, previous=(t:1, i:12), leaderCommit=6, initializing? false, entries: <empty>
2019-09-16 22:23:36,880 [9d8d98b0-9991-458a-859c-25f8efc1f325@group-461D11BEE149-SegmentedRaftLogWorker] WARN  segmented.SegmentedRaftLogWorker (SegmentedRaftLogWorker.java:getFromFuture(90)) - Timeout 5/~
org.apache.ratis.protocol.TimeoutIOException: Timeout 10s: WriteLog:8: (t:1, i:8), STATEMACHINELOGENTRY, client-D4E1B6F8AD48, cid=49-writeStateMachineData
	at org.apache.ratis.util.IOUtils.getFromFuture(IOUtils.java:87)
	at org.apache.ratis.server.raftlog.segmented.SegmentedRaftLogWorker$StateMachineDataPolicy.getFromFuture(SegmentedRaftLogWorker.java:87)
	at org.apache.ratis.server.raftlog.segmented.SegmentedRaftLogWorker$WriteLog.execute(SegmentedRaftLogWorker.java:477)
	at org.apache.ratis.server.raftlog.segmented.SegmentedRaftLogWorker.run(SegmentedRaftLogWorker.java:289)
	at java.lang.Thread.run(Thread.java:748)
Caused by: java.util.concurrent.TimeoutException
	at java.util.concurrent.CompletableFuture.timedGet(CompletableFuture.java:1771)
	at java.util.concurrent.CompletableFuture.get(CompletableFuture.java:1915)
	at org.apache.ratis.util.IOUtils.getFromFuture(IOUtils.java:79)
	... 4 more
2019-09-16 22:23:36,881 [5ecabd24-29f4-44ad-af86-ba12f6ac88ae@group-461D11BEE149-SegmentedRaftLogWorker] WARN  segmented.SegmentedRaftLogWorker (SegmentedRaftLogWorker.java:getFromFuture(90)) - Timeout 5/~
org.apache.ratis.protocol.TimeoutIOException: Timeout 10s: WriteLog:8: (t:1, i:8), STATEMACHINELOGENTRY, client-D4E1B6F8AD48, cid=49-writeStateMachineData
	at org.apache.ratis.util.IOUtils.getFromFuture(IOUtils.java:87)
	at org.apache.ratis.server.raftlog.segmented.SegmentedRaftLogWorker$StateMachineDataPolicy.getFromFuture(SegmentedRaftLogWorker.java:87)
	at org.apache.ratis.server.raftlog.segmented.SegmentedRaftLogWorker$WriteLog.execute(SegmentedRaftLogWorker.java:477)
	at org.apache.ratis.server.raftlog.segmented.SegmentedRaftLogWorker.run(SegmentedRaftLogWorker.java:289)
	at java.lang.Thread.run(Thread.java:748)
Caused by: java.util.concurrent.TimeoutException
	at java.util.concurrent.CompletableFuture.timedGet(CompletableFuture.java:1771)
	at java.util.concurrent.CompletableFuture.get(CompletableFuture.java:1915)
	at org.apache.ratis.util.IOUtils.getFromFuture(IOUtils.java:79)
	... 4 more
2019-09-16 22:23:36,881 [0ad894eb-396d-46a7-a4d0-256210dc34c1@group-461D11BEE149-SegmentedRaftLogWorker] WARN  segmented.SegmentedRaftLogWorker (SegmentedRaftLogWorker.java:getFromFuture(90)) - Timeout 5/~
org.apache.ratis.protocol.TimeoutIOException: Timeout 10s: WriteLog:8: (t:1, i:8), STATEMACHINELOGENTRY, client-D4E1B6F8AD48, cid=49-writeStateMachineData
	at org.apache.ratis.util.IOUtils.getFromFuture(IOUtils.java:87)
	at org.apache.ratis.server.raftlog.segmented.SegmentedRaftLogWorker$StateMachineDataPolicy.getFromFuture(SegmentedRaftLogWorker.java:87)
	at org.apache.ratis.server.raftlog.segmented.SegmentedRaftLogWorker$WriteLog.execute(SegmentedRaftLogWorker.java:477)
	at org.apache.ratis.server.raftlog.segmented.SegmentedRaftLogWorker.run(SegmentedRaftLogWorker.java:289)
	at java.lang.Thread.run(Thread.java:748)
Caused by: java.util.concurrent.TimeoutException
	at java.util.concurrent.CompletableFuture.timedGet(CompletableFuture.java:1771)
	at java.util.concurrent.CompletableFuture.get(CompletableFuture.java:1915)
	at org.apache.ratis.util.IOUtils.getFromFuture(IOUtils.java:79)
	... 4 more
2019-09-16 22:23:37,336 [java.util.concurrent.ThreadPoolExecutor$Worker@2e2170a4[State = -1, empty queue]] WARN  server.GrpcLogAppender (GrpcLogAppender.java:timeoutAppendRequest(200)) - 9d8d98b0-9991-458a-859c-25f8efc1f325@group-461D11BEE149->5ecabd24-29f4-44ad-af86-ba12f6ac88ae-GrpcLogAppender: appendEntries Timeout, request=9d8d98b0-9991-458a-859c-25f8efc1f325->5ecabd24-29f4-44ad-af86-ba12f6ac88ae#37-t1, previous=(t:1, i:12), leaderCommit=6, initializing? false, entries: <empty>
2019-09-16 22:23:37,336 [java.util.concurrent.ThreadPoolExecutor$Worker@890ec9d[State = -1, empty queue]] WARN  server.GrpcLogAppender (GrpcLogAppender.java:timeoutAppendRequest(200)) - 9d8d98b0-9991-458a-859c-25f8efc1f325@group-461D11BEE149->0ad894eb-396d-46a7-a4d0-256210dc34c1-GrpcLogAppender: appendEntries Timeout, request=9d8d98b0-9991-458a-859c-25f8efc1f325->0ad894eb-396d-46a7-a4d0-256210dc34c1#37-t1, previous=(t:1, i:12), leaderCommit=6, initializing? false, entries: <empty>
2019-09-16 22:23:37,355 [grpc-default-executor-5] INFO  client.GrpcClientProtocolClient (GrpcClientProtocolClient.java:onNext(264)) - client-D4E1B6F8AD48->0ad894eb-396d-46a7-a4d0-256210dc34c1: receive RaftClientReply:client-D4E1B6F8AD48->0ad894eb-396d-46a7-a4d0-256210dc34c1@group-461D11BEE149, cid=48, FAILED org.apache.ratis.protocol.NotLeaderException: Server 0ad894eb-396d-46a7-a4d0-256210dc34c1@group-461D11BEE149 is not the leader 9d8d98b0-9991-458a-859c-25f8efc1f325:192.168.151.68:46204, logIndex=0, commits[0ad894eb-396d-46a7-a4d0-256210dc34c1:c6, 9d8d98b0-9991-458a-859c-25f8efc1f325:c6, 5ecabd24-29f4-44ad-af86-ba12f6ac88ae:c6]
2019-09-16 22:23:39,836 [java.util.concurrent.ThreadPoolExecutor$Worker@2e2170a4[State = -1, empty queue]] WARN  server.GrpcLogAppender (GrpcLogAppender.java:timeoutAppendRequest(200)) - 9d8d98b0-9991-458a-859c-25f8efc1f325@group-461D11BEE149->5ecabd24-29f4-44ad-af86-ba12f6ac88ae-GrpcLogAppender: appendEntries Timeout, request=9d8d98b0-9991-458a-859c-25f8efc1f325->5ecabd24-29f4-44ad-af86-ba12f6ac88ae#38-t1, previous=(t:1, i:12), leaderCommit=6, initializing? false, entries: <empty>
2019-09-16 22:23:39,836 [java.util.concurrent.ThreadPoolExecutor$Worker@890ec9d[State = -1, empty queue]] WARN  server.GrpcLogAppender (GrpcLogAppender.java:timeoutAppendRequest(200)) - 9d8d98b0-9991-458a-859c-25f8efc1f325@group-461D11BEE149->0ad894eb-396d-46a7-a4d0-256210dc34c1-GrpcLogAppender: appendEntries Timeout, request=9d8d98b0-9991-458a-859c-25f8efc1f325->0ad894eb-396d-46a7-a4d0-256210dc34c1#38-t1, previous=(t:1, i:12), leaderCommit=6, initializing? false, entries: <empty>
2019-09-16 22:23:42,336 [java.util.concurrent.ThreadPoolExecutor$Worker@2e2170a4[State = -1, empty queue]] WARN  server.GrpcLogAppender (GrpcLogAppender.java:timeoutAppendRequest(200)) - 9d8d98b0-9991-458a-859c-25f8efc1f325@group-461D11BEE149->5ecabd24-29f4-44ad-af86-ba12f6ac88ae-GrpcLogAppender: appendEntries Timeout, request=9d8d98b0-9991-458a-859c-25f8efc1f325->5ecabd24-29f4-44ad-af86-ba12f6ac88ae#39-t1, previous=(t:1, i:12), leaderCommit=6, initializing? false, entries: <empty>
2019-09-16 22:23:42,336 [java.util.concurrent.ThreadPoolExecutor$Worker@890ec9d[State = -1, empty queue]] WARN  server.GrpcLogAppender (GrpcLogAppender.java:timeoutAppendRequest(200)) - 9d8d98b0-9991-458a-859c-25f8efc1f325@group-461D11BEE149->0ad894eb-396d-46a7-a4d0-256210dc34c1-GrpcLogAppender: appendEntries Timeout, request=9d8d98b0-9991-458a-859c-25f8efc1f325->0ad894eb-396d-46a7-a4d0-256210dc34c1#39-t1, previous=(t:1, i:12), leaderCommit=6, initializing? false, entries: <empty>
2019-09-16 22:23:42,395 [grpc-default-executor-5] INFO  client.GrpcClientProtocolClient (GrpcClientProtocolClient.java:onNext(264)) - client-D4E1B6F8AD48->5ecabd24-29f4-44ad-af86-ba12f6ac88ae: receive RaftClientReply:client-D4E1B6F8AD48->5ecabd24-29f4-44ad-af86-ba12f6ac88ae@group-461D11BEE149, cid=48, FAILED org.apache.ratis.protocol.NotLeaderException: Server 5ecabd24-29f4-44ad-af86-ba12f6ac88ae@group-461D11BEE149 is not the leader 9d8d98b0-9991-458a-859c-25f8efc1f325:192.168.151.68:46204, logIndex=0, commits[5ecabd24-29f4-44ad-af86-ba12f6ac88ae:c6, 9d8d98b0-9991-458a-859c-25f8efc1f325:c6, 0ad894eb-396d-46a7-a4d0-256210dc34c1:c6]
2019-09-16 22:23:44,837 [java.util.concurrent.ThreadPoolExecutor$Worker@2e2170a4[State = -1, empty queue]] WARN  server.GrpcLogAppender (GrpcLogAppender.java:timeoutAppendRequest(200)) - 9d8d98b0-9991-458a-859c-25f8efc1f325@group-461D11BEE149->5ecabd24-29f4-44ad-af86-ba12f6ac88ae-GrpcLogAppender: appendEntries Timeout, request=9d8d98b0-9991-458a-859c-25f8efc1f325->5ecabd24-29f4-44ad-af86-ba12f6ac88ae#40-t1, previous=(t:1, i:12), leaderCommit=6, initializing? false, entries: <empty>
2019-09-16 22:23:44,837 [java.util.concurrent.ThreadPoolExecutor$Worker@890ec9d[State = -1, empty queue]] WARN  server.GrpcLogAppender (GrpcLogAppender.java:timeoutAppendRequest(200)) - 9d8d98b0-9991-458a-859c-25f8efc1f325@group-461D11BEE149->0ad894eb-396d-46a7-a4d0-256210dc34c1-GrpcLogAppender: appendEntries Timeout, request=9d8d98b0-9991-458a-859c-25f8efc1f325->0ad894eb-396d-46a7-a4d0-256210dc34c1#40-t1, previous=(t:1, i:12), leaderCommit=6, initializing? false, entries: <empty>
2019-09-16 22:23:46,881 [9d8d98b0-9991-458a-859c-25f8efc1f325@group-461D11BEE149-SegmentedRaftLogWorker] WARN  segmented.SegmentedRaftLogWorker (SegmentedRaftLogWorker.java:getFromFuture(90)) - Timeout 6/~
org.apache.ratis.protocol.TimeoutIOException: Timeout 10s: WriteLog:8: (t:1, i:8), STATEMACHINELOGENTRY, client-D4E1B6F8AD48, cid=49-writeStateMachineData
	at org.apache.ratis.util.IOUtils.getFromFuture(IOUtils.java:87)
	at org.apache.ratis.server.raftlog.segmented.SegmentedRaftLogWorker$StateMachineDataPolicy.getFromFuture(SegmentedRaftLogWorker.java:87)
	at org.apache.ratis.server.raftlog.segmented.SegmentedRaftLogWorker$WriteLog.execute(SegmentedRaftLogWorker.java:477)
	at org.apache.ratis.server.raftlog.segmented.SegmentedRaftLogWorker.run(SegmentedRaftLogWorker.java:289)
	at java.lang.Thread.run(Thread.java:748)
Caused by: java.util.concurrent.TimeoutException
	at java.util.concurrent.CompletableFuture.timedGet(CompletableFuture.java:1771)
	at java.util.concurrent.CompletableFuture.get(CompletableFuture.java:1915)
	at org.apache.ratis.util.IOUtils.getFromFuture(IOUtils.java:79)
	... 4 more
2019-09-16 22:23:46,882 [0ad894eb-396d-46a7-a4d0-256210dc34c1@group-461D11BEE149-SegmentedRaftLogWorker] WARN  segmented.SegmentedRaftLogWorker (SegmentedRaftLogWorker.java:getFromFuture(90)) - Timeout 6/~
org.apache.ratis.protocol.TimeoutIOException: Timeout 10s: WriteLog:8: (t:1, i:8), STATEMACHINELOGENTRY, client-D4E1B6F8AD48, cid=49-writeStateMachineData
	at org.apache.ratis.util.IOUtils.getFromFuture(IOUtils.java:87)
	at org.apache.ratis.server.raftlog.segmented.SegmentedRaftLogWorker$StateMachineDataPolicy.getFromFuture(SegmentedRaftLogWorker.java:87)
	at org.apache.ratis.server.raftlog.segmented.SegmentedRaftLogWorker$WriteLog.execute(SegmentedRaftLogWorker.java:477)
	at org.apache.ratis.server.raftlog.segmented.SegmentedRaftLogWorker.run(SegmentedRaftLogWorker.java:289)
	at java.lang.Thread.run(Thread.java:748)
Caused by: java.util.concurrent.TimeoutException
	at java.util.concurrent.CompletableFuture.timedGet(CompletableFuture.java:1771)
	at java.util.concurrent.CompletableFuture.get(CompletableFuture.java:1915)
	at org.apache.ratis.util.IOUtils.getFromFuture(IOUtils.java:79)
	... 4 more
2019-09-16 22:23:46,881 [5ecabd24-29f4-44ad-af86-ba12f6ac88ae@group-461D11BEE149-SegmentedRaftLogWorker] WARN  segmented.SegmentedRaftLogWorker (SegmentedRaftLogWorker.java:getFromFuture(90)) - Timeout 6/~
org.apache.ratis.protocol.TimeoutIOException: Timeout 10s: WriteLog:8: (t:1, i:8), STATEMACHINELOGENTRY, client-D4E1B6F8AD48, cid=49-writeStateMachineData
	at org.apache.ratis.util.IOUtils.getFromFuture(IOUtils.java:87)
	at org.apache.ratis.server.raftlog.segmented.SegmentedRaftLogWorker$StateMachineDataPolicy.getFromFuture(SegmentedRaftLogWorker.java:87)
	at org.apache.ratis.server.raftlog.segmented.SegmentedRaftLogWorker$WriteLog.execute(SegmentedRaftLogWorker.java:477)
	at org.apache.ratis.server.raftlog.segmented.SegmentedRaftLogWorker.run(SegmentedRaftLogWorker.java:289)
	at java.lang.Thread.run(Thread.java:748)
Caused by: java.util.concurrent.TimeoutException
	at java.util.concurrent.CompletableFuture.timedGet(CompletableFuture.java:1771)
	at java.util.concurrent.CompletableFuture.get(CompletableFuture.java:1915)
	at org.apache.ratis.util.IOUtils.getFromFuture(IOUtils.java:79)
	... 4 more
2019-09-16 22:23:47,337 [java.util.concurrent.ThreadPoolExecutor$Worker@890ec9d[State = -1, empty queue]] WARN  server.GrpcLogAppender (GrpcLogAppender.java:timeoutAppendRequest(200)) - 9d8d98b0-9991-458a-859c-25f8efc1f325@group-461D11BEE149->0ad894eb-396d-46a7-a4d0-256210dc34c1-GrpcLogAppender: appendEntries Timeout, request=9d8d98b0-9991-458a-859c-25f8efc1f325->0ad894eb-396d-46a7-a4d0-256210dc34c1#41-t1, previous=(t:1, i:12), leaderCommit=6, initializing? false, entries: <empty>
2019-09-16 22:23:47,337 [java.util.concurrent.ThreadPoolExecutor$Worker@2e2170a4[State = -1, empty queue]] WARN  server.GrpcLogAppender (GrpcLogAppender.java:timeoutAppendRequest(200)) - 9d8d98b0-9991-458a-859c-25f8efc1f325@group-461D11BEE149->5ecabd24-29f4-44ad-af86-ba12f6ac88ae-GrpcLogAppender: appendEntries Timeout, request=9d8d98b0-9991-458a-859c-25f8efc1f325->5ecabd24-29f4-44ad-af86-ba12f6ac88ae#41-t1, previous=(t:1, i:12), leaderCommit=6, initializing? false, entries: <empty>
2019-09-16 22:23:47,470 [grpc-default-executor-6] INFO  client.GrpcClientProtocolClient (GrpcClientProtocolClient.java:onNext(264)) - client-D4E1B6F8AD48->0ad894eb-396d-46a7-a4d0-256210dc34c1: receive RaftClientReply:client-D4E1B6F8AD48->0ad894eb-396d-46a7-a4d0-256210dc34c1@group-461D11BEE149, cid=48, FAILED org.apache.ratis.protocol.NotLeaderException: Server 0ad894eb-396d-46a7-a4d0-256210dc34c1@group-461D11BEE149 is not the leader 9d8d98b0-9991-458a-859c-25f8efc1f325:192.168.151.68:46204, logIndex=0, commits[0ad894eb-396d-46a7-a4d0-256210dc34c1:c6, 9d8d98b0-9991-458a-859c-25f8efc1f325:c6, 5ecabd24-29f4-44ad-af86-ba12f6ac88ae:c6]
2019-09-16 22:23:49,838 [java.util.concurrent.ThreadPoolExecutor$Worker@2e2170a4[State = -1, empty queue]] WARN  server.GrpcLogAppender (GrpcLogAppender.java:timeoutAppendRequest(200)) - 9d8d98b0-9991-458a-859c-25f8efc1f325@group-461D11BEE149->5ecabd24-29f4-44ad-af86-ba12f6ac88ae-GrpcLogAppender: appendEntries Timeout, request=9d8d98b0-9991-458a-859c-25f8efc1f325->5ecabd24-29f4-44ad-af86-ba12f6ac88ae#42-t1, previous=(t:1, i:12), leaderCommit=6, initializing? false, entries: <empty>
2019-09-16 22:23:49,838 [java.util.concurrent.ThreadPoolExecutor$Worker@890ec9d[State = -1, empty queue]] WARN  server.GrpcLogAppender (GrpcLogAppender.java:timeoutAppendRequest(200)) - 9d8d98b0-9991-458a-859c-25f8efc1f325@group-461D11BEE149->0ad894eb-396d-46a7-a4d0-256210dc34c1-GrpcLogAppender: appendEntries Timeout, request=9d8d98b0-9991-458a-859c-25f8efc1f325->0ad894eb-396d-46a7-a4d0-256210dc34c1#42-t1, previous=(t:1, i:12), leaderCommit=6, initializing? false, entries: <empty>
2019-09-16 22:23:52,338 [java.util.concurrent.ThreadPoolExecutor$Worker@2e2170a4[State = -1, empty queue]] WARN  server.GrpcLogAppender (GrpcLogAppender.java:timeoutAppendRequest(200)) - 9d8d98b0-9991-458a-859c-25f8efc1f325@group-461D11BEE149->5ecabd24-29f4-44ad-af86-ba12f6ac88ae-GrpcLogAppender: appendEntries Timeout, request=9d8d98b0-9991-458a-859c-25f8efc1f325->5ecabd24-29f4-44ad-af86-ba12f6ac88ae#43-t1, previous=(t:1, i:12), leaderCommit=6, initializing? false, entries: <empty>
2019-09-16 22:23:52,338 [java.util.concurrent.ThreadPoolExecutor$Worker@890ec9d[State = -1, empty queue]] WARN  server.GrpcLogAppender (GrpcLogAppender.java:timeoutAppendRequest(200)) - 9d8d98b0-9991-458a-859c-25f8efc1f325@group-461D11BEE149->0ad894eb-396d-46a7-a4d0-256210dc34c1-GrpcLogAppender: appendEntries Timeout, request=9d8d98b0-9991-458a-859c-25f8efc1f325->0ad894eb-396d-46a7-a4d0-256210dc34c1#43-t1, previous=(t:1, i:12), leaderCommit=6, initializing? false, entries: <empty>
2019-09-16 22:23:52,508 [grpc-default-executor-5] INFO  client.GrpcClientProtocolClient (GrpcClientProtocolClient.java:onNext(264)) - client-D4E1B6F8AD48->0ad894eb-396d-46a7-a4d0-256210dc34c1: receive RaftClientReply:client-D4E1B6F8AD48->0ad894eb-396d-46a7-a4d0-256210dc34c1@group-461D11BEE149, cid=48, FAILED org.apache.ratis.protocol.NotLeaderException: Server 0ad894eb-396d-46a7-a4d0-256210dc34c1@group-461D11BEE149 is not the leader 9d8d98b0-9991-458a-859c-25f8efc1f325:192.168.151.68:46204, logIndex=0, commits[0ad894eb-396d-46a7-a4d0-256210dc34c1:c6, 9d8d98b0-9991-458a-859c-25f8efc1f325:c6, 5ecabd24-29f4-44ad-af86-ba12f6ac88ae:c6]
2019-09-16 22:23:54,838 [java.util.concurrent.ThreadPoolExecutor$Worker@890ec9d[State = -1, empty queue]] WARN  server.GrpcLogAppender (GrpcLogAppender.java:timeoutAppendRequest(200)) - 9d8d98b0-9991-458a-859c-25f8efc1f325@group-461D11BEE149->0ad894eb-396d-46a7-a4d0-256210dc34c1-GrpcLogAppender: appendEntries Timeout, request=9d8d98b0-9991-458a-859c-25f8efc1f325->0ad894eb-396d-46a7-a4d0-256210dc34c1#44-t1, previous=(t:1, i:12), leaderCommit=6, initializing? false, entries: <empty>
2019-09-16 22:23:54,838 [java.util.concurrent.ThreadPoolExecutor$Worker@2e2170a4[State = -1, empty queue]] WARN  server.GrpcLogAppender (GrpcLogAppender.java:timeoutAppendRequest(200)) - 9d8d98b0-9991-458a-859c-25f8efc1f325@group-461D11BEE149->5ecabd24-29f4-44ad-af86-ba12f6ac88ae-GrpcLogAppender: appendEntries Timeout, request=9d8d98b0-9991-458a-859c-25f8efc1f325->5ecabd24-29f4-44ad-af86-ba12f6ac88ae#44-t1, previous=(t:1, i:12), leaderCommit=6, initializing? false, entries: <empty>
2019-09-16 22:23:56,883 [9d8d98b0-9991-458a-859c-25f8efc1f325@group-461D11BEE149-SegmentedRaftLogWorker] WARN  segmented.SegmentedRaftLogWorker (SegmentedRaftLogWorker.java:getFromFuture(90)) - Timeout 7/~
org.apache.ratis.protocol.TimeoutIOException: Timeout 10s: WriteLog:8: (t:1, i:8), STATEMACHINELOGENTRY, client-D4E1B6F8AD48, cid=49-writeStateMachineData
	at org.apache.ratis.util.IOUtils.getFromFuture(IOUtils.java:87)
	at org.apache.ratis.server.raftlog.segmented.SegmentedRaftLogWorker$StateMachineDataPolicy.getFromFuture(SegmentedRaftLogWorker.java:87)
	at org.apache.ratis.server.raftlog.segmented.SegmentedRaftLogWorker$WriteLog.execute(SegmentedRaftLogWorker.java:477)
	at org.apache.ratis.server.raftlog.segmented.SegmentedRaftLogWorker.run(SegmentedRaftLogWorker.java:289)
	at java.lang.Thread.run(Thread.java:748)
Caused by: java.util.concurrent.TimeoutException
	at java.util.concurrent.CompletableFuture.timedGet(CompletableFuture.java:1771)
	at java.util.concurrent.CompletableFuture.get(CompletableFuture.java:1915)
	at org.apache.ratis.util.IOUtils.getFromFuture(IOUtils.java:79)
	... 4 more
2019-09-16 22:23:56,905 [0ad894eb-396d-46a7-a4d0-256210dc34c1@group-461D11BEE149-SegmentedRaftLogWorker] WARN  segmented.SegmentedRaftLogWorker (SegmentedRaftLogWorker.java:getFromFuture(90)) - Timeout 7/~
org.apache.ratis.protocol.TimeoutIOException: Timeout 10s: WriteLog:8: (t:1, i:8), STATEMACHINELOGENTRY, client-D4E1B6F8AD48, cid=49-writeStateMachineData
	at org.apache.ratis.util.IOUtils.getFromFuture(IOUtils.java:87)
	at org.apache.ratis.server.raftlog.segmented.SegmentedRaftLogWorker$StateMachineDataPolicy.getFromFuture(SegmentedRaftLogWorker.java:87)
	at org.apache.ratis.server.raftlog.segmented.SegmentedRaftLogWorker$WriteLog.execute(SegmentedRaftLogWorker.java:477)
	at org.apache.ratis.server.raftlog.segmented.SegmentedRaftLogWorker.run(SegmentedRaftLogWorker.java:289)
	at java.lang.Thread.run(Thread.java:748)
Caused by: java.util.concurrent.TimeoutException
	at java.util.concurrent.CompletableFuture.timedGet(CompletableFuture.java:1771)
	at java.util.concurrent.CompletableFuture.get(CompletableFuture.java:1915)
	at org.apache.ratis.util.IOUtils.getFromFuture(IOUtils.java:79)
	... 4 more
2019-09-16 22:23:56,905 [5ecabd24-29f4-44ad-af86-ba12f6ac88ae@group-461D11BEE149-SegmentedRaftLogWorker] WARN  segmented.SegmentedRaftLogWorker (SegmentedRaftLogWorker.java:getFromFuture(90)) - Timeout 7/~
org.apache.ratis.protocol.TimeoutIOException: Timeout 10s: WriteLog:8: (t:1, i:8), STATEMACHINELOGENTRY, client-D4E1B6F8AD48, cid=49-writeStateMachineData
	at org.apache.ratis.util.IOUtils.getFromFuture(IOUtils.java:87)
	at org.apache.ratis.server.raftlog.segmented.SegmentedRaftLogWorker$StateMachineDataPolicy.getFromFuture(SegmentedRaftLogWorker.java:87)
	at org.apache.ratis.server.raftlog.segmented.SegmentedRaftLogWorker$WriteLog.execute(SegmentedRaftLogWorker.java:477)
	at org.apache.ratis.server.raftlog.segmented.SegmentedRaftLogWorker.run(SegmentedRaftLogWorker.java:289)
	at java.lang.Thread.run(Thread.java:748)
Caused by: java.util.concurrent.TimeoutException
	at java.util.concurrent.CompletableFuture.timedGet(CompletableFuture.java:1771)
	at java.util.concurrent.CompletableFuture.get(CompletableFuture.java:1915)
	at org.apache.ratis.util.IOUtils.getFromFuture(IOUtils.java:79)
	... 4 more
2019-09-16 22:23:57,339 [java.util.concurrent.ThreadPoolExecutor$Worker@2e2170a4[State = -1, empty queue]] WARN  server.GrpcLogAppender (GrpcLogAppender.java:timeoutAppendRequest(200)) - 9d8d98b0-9991-458a-859c-25f8efc1f325@group-461D11BEE149->5ecabd24-29f4-44ad-af86-ba12f6ac88ae-GrpcLogAppender: appendEntries Timeout, request=9d8d98b0-9991-458a-859c-25f8efc1f325->5ecabd24-29f4-44ad-af86-ba12f6ac88ae#45-t1, previous=(t:1, i:12), leaderCommit=6, initializing? false, entries: <empty>
2019-09-16 22:23:57,339 [java.util.concurrent.ThreadPoolExecutor$Worker@890ec9d[State = -1, empty queue]] WARN  server.GrpcLogAppender (GrpcLogAppender.java:timeoutAppendRequest(200)) - 9d8d98b0-9991-458a-859c-25f8efc1f325@group-461D11BEE149->0ad894eb-396d-46a7-a4d0-256210dc34c1-GrpcLogAppender: appendEntries Timeout, request=9d8d98b0-9991-458a-859c-25f8efc1f325->0ad894eb-396d-46a7-a4d0-256210dc34c1#45-t1, previous=(t:1, i:12), leaderCommit=6, initializing? false, entries: <empty>
2019-09-16 22:23:57,558 [grpc-default-executor-6] INFO  client.GrpcClientProtocolClient (GrpcClientProtocolClient.java:onNext(264)) - client-D4E1B6F8AD48->5ecabd24-29f4-44ad-af86-ba12f6ac88ae: receive RaftClientReply:client-D4E1B6F8AD48->5ecabd24-29f4-44ad-af86-ba12f6ac88ae@group-461D11BEE149, cid=48, FAILED org.apache.ratis.protocol.NotLeaderException: Server 5ecabd24-29f4-44ad-af86-ba12f6ac88ae@group-461D11BEE149 is not the leader 9d8d98b0-9991-458a-859c-25f8efc1f325:192.168.151.68:46204, logIndex=0, commits[5ecabd24-29f4-44ad-af86-ba12f6ac88ae:c6, 9d8d98b0-9991-458a-859c-25f8efc1f325:c6, 0ad894eb-396d-46a7-a4d0-256210dc34c1:c6]
2019-09-16 22:23:59,839 [java.util.concurrent.ThreadPoolExecutor$Worker@2e2170a4[State = -1, empty queue]] WARN  server.GrpcLogAppender (GrpcLogAppender.java:timeoutAppendRequest(200)) - 9d8d98b0-9991-458a-859c-25f8efc1f325@group-461D11BEE149->5ecabd24-29f4-44ad-af86-ba12f6ac88ae-GrpcLogAppender: appendEntries Timeout, request=9d8d98b0-9991-458a-859c-25f8efc1f325->5ecabd24-29f4-44ad-af86-ba12f6ac88ae#46-t1, previous=(t:1, i:12), leaderCommit=6, initializing? false, entries: <empty>
2019-09-16 22:23:59,839 [java.util.concurrent.ThreadPoolExecutor$Worker@890ec9d[State = -1, empty queue]] WARN  server.GrpcLogAppender (GrpcLogAppender.java:timeoutAppendRequest(200)) - 9d8d98b0-9991-458a-859c-25f8efc1f325@group-461D11BEE149->0ad894eb-396d-46a7-a4d0-256210dc34c1-GrpcLogAppender: appendEntries Timeout, request=9d8d98b0-9991-458a-859c-25f8efc1f325->0ad894eb-396d-46a7-a4d0-256210dc34c1#46-t1, previous=(t:1, i:12), leaderCommit=6, initializing? false, entries: <empty>
2019-09-16 22:24:02,340 [java.util.concurrent.ThreadPoolExecutor$Worker@890ec9d[State = -1, empty queue]] WARN  server.GrpcLogAppender (GrpcLogAppender.java:timeoutAppendRequest(200)) - 9d8d98b0-9991-458a-859c-25f8efc1f325@group-461D11BEE149->0ad894eb-396d-46a7-a4d0-256210dc34c1-GrpcLogAppender: appendEntries Timeout, request=9d8d98b0-9991-458a-859c-25f8efc1f325->0ad894eb-396d-46a7-a4d0-256210dc34c1#47-t1, previous=(t:1, i:12), leaderCommit=6, initializing? false, entries: <empty>
2019-09-16 22:24:02,340 [java.util.concurrent.ThreadPoolExecutor$Worker@2e2170a4[State = -1, empty queue]] WARN  server.GrpcLogAppender (GrpcLogAppender.java:timeoutAppendRequest(200)) - 9d8d98b0-9991-458a-859c-25f8efc1f325@group-461D11BEE149->5ecabd24-29f4-44ad-af86-ba12f6ac88ae-GrpcLogAppender: appendEntries Timeout, request=9d8d98b0-9991-458a-859c-25f8efc1f325->5ecabd24-29f4-44ad-af86-ba12f6ac88ae#47-t1, previous=(t:1, i:12), leaderCommit=6, initializing? false, entries: <empty>
2019-09-16 22:24:02,610 [grpc-default-executor-6] INFO  client.GrpcClientProtocolClient (GrpcClientProtocolClient.java:onNext(264)) - client-D4E1B6F8AD48->0ad894eb-396d-46a7-a4d0-256210dc34c1: receive RaftClientReply:client-D4E1B6F8AD48->0ad894eb-396d-46a7-a4d0-256210dc34c1@group-461D11BEE149, cid=48, FAILED org.apache.ratis.protocol.NotLeaderException: Server 0ad894eb-396d-46a7-a4d0-256210dc34c1@group-461D11BEE149 is not the leader 9d8d98b0-9991-458a-859c-25f8efc1f325:192.168.151.68:46204, logIndex=0, commits[0ad894eb-396d-46a7-a4d0-256210dc34c1:c6, 9d8d98b0-9991-458a-859c-25f8efc1f325:c6, 5ecabd24-29f4-44ad-af86-ba12f6ac88ae:c6]
2019-09-16 22:24:04,841 [java.util.concurrent.ThreadPoolExecutor$Worker@2e2170a4[State = -1, empty queue]] WARN  server.GrpcLogAppender (GrpcLogAppender.java:timeoutAppendRequest(200)) - 9d8d98b0-9991-458a-859c-25f8efc1f325@group-461D11BEE149->5ecabd24-29f4-44ad-af86-ba12f6ac88ae-GrpcLogAppender: appendEntries Timeout, request=9d8d98b0-9991-458a-859c-25f8efc1f325->5ecabd24-29f4-44ad-af86-ba12f6ac88ae#48-t1, previous=(t:1, i:12), leaderCommit=6, initializing? false, entries: <empty>
2019-09-16 22:24:04,841 [java.util.concurrent.ThreadPoolExecutor$Worker@890ec9d[State = -1, empty queue]] WARN  server.GrpcLogAppender (GrpcLogAppender.java:timeoutAppendRequest(200)) - 9d8d98b0-9991-458a-859c-25f8efc1f325@group-461D11BEE149->0ad894eb-396d-46a7-a4d0-256210dc34c1-GrpcLogAppender: appendEntries Timeout, request=9d8d98b0-9991-458a-859c-25f8efc1f325->0ad894eb-396d-46a7-a4d0-256210dc34c1#48-t1, previous=(t:1, i:12), leaderCommit=6, initializing? false, entries: <empty>
2019-09-16 22:24:06,885 [9d8d98b0-9991-458a-859c-25f8efc1f325@group-461D11BEE149-SegmentedRaftLogWorker] WARN  segmented.SegmentedRaftLogWorker (SegmentedRaftLogWorker.java:getFromFuture(90)) - Timeout 8/~
org.apache.ratis.protocol.TimeoutIOException: Timeout 10s: WriteLog:8: (t:1, i:8), STATEMACHINELOGENTRY, client-D4E1B6F8AD48, cid=49-writeStateMachineData
	at org.apache.ratis.util.IOUtils.getFromFuture(IOUtils.java:87)
	at org.apache.ratis.server.raftlog.segmented.SegmentedRaftLogWorker$StateMachineDataPolicy.getFromFuture(SegmentedRaftLogWorker.java:87)
	at org.apache.ratis.server.raftlog.segmented.SegmentedRaftLogWorker$WriteLog.execute(SegmentedRaftLogWorker.java:477)
	at org.apache.ratis.server.raftlog.segmented.SegmentedRaftLogWorker.run(SegmentedRaftLogWorker.java:289)
	at java.lang.Thread.run(Thread.java:748)
Caused by: java.util.concurrent.TimeoutException
	at java.util.concurrent.CompletableFuture.timedGet(CompletableFuture.java:1771)
	at java.util.concurrent.CompletableFuture.get(CompletableFuture.java:1915)
	at org.apache.ratis.util.IOUtils.getFromFuture(IOUtils.java:79)
	... 4 more
2019-09-16 22:24:06,906 [0ad894eb-396d-46a7-a4d0-256210dc34c1@group-461D11BEE149-SegmentedRaftLogWorker] WARN  segmented.SegmentedRaftLogWorker (SegmentedRaftLogWorker.java:getFromFuture(90)) - Timeout 8/~
org.apache.ratis.protocol.TimeoutIOException: Timeout 10s: WriteLog:8: (t:1, i:8), STATEMACHINELOGENTRY, client-D4E1B6F8AD48, cid=49-writeStateMachineData
	at org.apache.ratis.util.IOUtils.getFromFuture(IOUtils.java:87)
	at org.apache.ratis.server.raftlog.segmented.SegmentedRaftLogWorker$StateMachineDataPolicy.getFromFuture(SegmentedRaftLogWorker.java:87)
	at org.apache.ratis.server.raftlog.segmented.SegmentedRaftLogWorker$WriteLog.execute(SegmentedRaftLogWorker.java:477)
	at org.apache.ratis.server.raftlog.segmented.SegmentedRaftLogWorker.run(SegmentedRaftLogWorker.java:289)
	at java.lang.Thread.run(Thread.java:748)
Caused by: java.util.concurrent.TimeoutException
	at java.util.concurrent.CompletableFuture.timedGet(CompletableFuture.java:1771)
	at java.util.concurrent.CompletableFuture.get(CompletableFuture.java:1915)
	at org.apache.ratis.util.IOUtils.getFromFuture(IOUtils.java:79)
	... 4 more
2019-09-16 22:24:06,906 [5ecabd24-29f4-44ad-af86-ba12f6ac88ae@group-461D11BEE149-SegmentedRaftLogWorker] WARN  segmented.SegmentedRaftLogWorker (SegmentedRaftLogWorker.java:getFromFuture(90)) - Timeout 8/~
org.apache.ratis.protocol.TimeoutIOException: Timeout 10s: WriteLog:8: (t:1, i:8), STATEMACHINELOGENTRY, client-D4E1B6F8AD48, cid=49-writeStateMachineData
	at org.apache.ratis.util.IOUtils.getFromFuture(IOUtils.java:87)
	at org.apache.ratis.server.raftlog.segmented.SegmentedRaftLogWorker$StateMachineDataPolicy.getFromFuture(SegmentedRaftLogWorker.java:87)
	at org.apache.ratis.server.raftlog.segmented.SegmentedRaftLogWorker$WriteLog.execute(SegmentedRaftLogWorker.java:477)
	at org.apache.ratis.server.raftlog.segmented.SegmentedRaftLogWorker.run(SegmentedRaftLogWorker.java:289)
	at java.lang.Thread.run(Thread.java:748)
Caused by: java.util.concurrent.TimeoutException
	at java.util.concurrent.CompletableFuture.timedGet(CompletableFuture.java:1771)
	at java.util.concurrent.CompletableFuture.get(CompletableFuture.java:1915)
	at org.apache.ratis.util.IOUtils.getFromFuture(IOUtils.java:79)
	... 4 more
2019-09-16 22:24:07,341 [java.util.concurrent.ThreadPoolExecutor$Worker@2e2170a4[State = -1, empty queue]] WARN  server.GrpcLogAppender (GrpcLogAppender.java:timeoutAppendRequest(200)) - 9d8d98b0-9991-458a-859c-25f8efc1f325@group-461D11BEE149->5ecabd24-29f4-44ad-af86-ba12f6ac88ae-GrpcLogAppender: appendEntries Timeout, request=9d8d98b0-9991-458a-859c-25f8efc1f325->5ecabd24-29f4-44ad-af86-ba12f6ac88ae#49-t1, previous=(t:1, i:12), leaderCommit=6, initializing? false, entries: <empty>
2019-09-16 22:24:07,341 [java.util.concurrent.ThreadPoolExecutor$Worker@890ec9d[State = -1, empty queue]] WARN  server.GrpcLogAppender (GrpcLogAppender.java:timeoutAppendRequest(200)) - 9d8d98b0-9991-458a-859c-25f8efc1f325@group-461D11BEE149->0ad894eb-396d-46a7-a4d0-256210dc34c1-GrpcLogAppender: appendEntries Timeout, request=9d8d98b0-9991-458a-859c-25f8efc1f325->0ad894eb-396d-46a7-a4d0-256210dc34c1#49-t1, previous=(t:1, i:12), leaderCommit=6, initializing? false, entries: <empty>
2019-09-16 22:24:07,665 [grpc-default-executor-6] INFO  client.GrpcClientProtocolClient (GrpcClientProtocolClient.java:onNext(264)) - client-D4E1B6F8AD48->0ad894eb-396d-46a7-a4d0-256210dc34c1: receive RaftClientReply:client-D4E1B6F8AD48->0ad894eb-396d-46a7-a4d0-256210dc34c1@group-461D11BEE149, cid=48, FAILED org.apache.ratis.protocol.NotLeaderException: Server 0ad894eb-396d-46a7-a4d0-256210dc34c1@group-461D11BEE149 is not the leader 9d8d98b0-9991-458a-859c-25f8efc1f325:192.168.151.68:46204, logIndex=0, commits[0ad894eb-396d-46a7-a4d0-256210dc34c1:c6, 9d8d98b0-9991-458a-859c-25f8efc1f325:c6, 5ecabd24-29f4-44ad-af86-ba12f6ac88ae:c6]
2019-09-16 22:24:09,841 [java.util.concurrent.ThreadPoolExecutor$Worker@890ec9d[State = -1, empty queue]] WARN  server.GrpcLogAppender (GrpcLogAppender.java:timeoutAppendRequest(200)) - 9d8d98b0-9991-458a-859c-25f8efc1f325@group-461D11BEE149->0ad894eb-396d-46a7-a4d0-256210dc34c1-GrpcLogAppender: appendEntries Timeout, request=9d8d98b0-9991-458a-859c-25f8efc1f325->0ad894eb-396d-46a7-a4d0-256210dc34c1#50-t1, previous=(t:1, i:12), leaderCommit=6, initializing? false, entries: <empty>
2019-09-16 22:24:09,841 [java.util.concurrent.ThreadPoolExecutor$Worker@2e2170a4[State = -1, empty queue]] WARN  server.GrpcLogAppender (GrpcLogAppender.java:timeoutAppendRequest(200)) - 9d8d98b0-9991-458a-859c-25f8efc1f325@group-461D11BEE149->5ecabd24-29f4-44ad-af86-ba12f6ac88ae-GrpcLogAppender: appendEntries Timeout, request=9d8d98b0-9991-458a-859c-25f8efc1f325->5ecabd24-29f4-44ad-af86-ba12f6ac88ae#50-t1, previous=(t:1, i:12), leaderCommit=6, initializing? false, entries: <empty>
2019-09-16 22:24:12,342 [java.util.concurrent.ThreadPoolExecutor$Worker@2e2170a4[State = -1, empty queue]] WARN  server.GrpcLogAppender (GrpcLogAppender.java:timeoutAppendRequest(200)) - 9d8d98b0-9991-458a-859c-25f8efc1f325@group-461D11BEE149->5ecabd24-29f4-44ad-af86-ba12f6ac88ae-GrpcLogAppender: appendEntries Timeout, request=9d8d98b0-9991-458a-859c-25f8efc1f325->5ecabd24-29f4-44ad-af86-ba12f6ac88ae#51-t1, previous=(t:1, i:12), leaderCommit=6, initializing? false, entries: <empty>
2019-09-16 22:24:12,342 [java.util.concurrent.ThreadPoolExecutor$Worker@890ec9d[State = -1, empty queue]] WARN  server.GrpcLogAppender (GrpcLogAppender.java:timeoutAppendRequest(200)) - 9d8d98b0-9991-458a-859c-25f8efc1f325@group-461D11BEE149->0ad894eb-396d-46a7-a4d0-256210dc34c1-GrpcLogAppender: appendEntries Timeout, request=9d8d98b0-9991-458a-859c-25f8efc1f325->0ad894eb-396d-46a7-a4d0-256210dc34c1#51-t1, previous=(t:1, i:12), leaderCommit=6, initializing? false, entries: <empty>
2019-09-16 22:24:12,710 [grpc-default-executor-5] INFO  client.GrpcClientProtocolClient (GrpcClientProtocolClient.java:onNext(264)) - client-D4E1B6F8AD48->5ecabd24-29f4-44ad-af86-ba12f6ac88ae: receive RaftClientReply:client-D4E1B6F8AD48->5ecabd24-29f4-44ad-af86-ba12f6ac88ae@group-461D11BEE149, cid=48, FAILED org.apache.ratis.protocol.NotLeaderException: Server 5ecabd24-29f4-44ad-af86-ba12f6ac88ae@group-461D11BEE149 is not the leader 9d8d98b0-9991-458a-859c-25f8efc1f325:192.168.151.68:46204, logIndex=0, commits[5ecabd24-29f4-44ad-af86-ba12f6ac88ae:c6, 9d8d98b0-9991-458a-859c-25f8efc1f325:c6, 0ad894eb-396d-46a7-a4d0-256210dc34c1:c6]
2019-09-16 22:24:14,842 [java.util.concurrent.ThreadPoolExecutor$Worker@890ec9d[State = -1, empty queue]] WARN  server.GrpcLogAppender (GrpcLogAppender.java:timeoutAppendRequest(200)) - 9d8d98b0-9991-458a-859c-25f8efc1f325@group-461D11BEE149->0ad894eb-396d-46a7-a4d0-256210dc34c1-GrpcLogAppender: appendEntries Timeout, request=9d8d98b0-9991-458a-859c-25f8efc1f325->0ad894eb-396d-46a7-a4d0-256210dc34c1#52-t1, previous=(t:1, i:12), leaderCommit=6, initializing? false, entries: <empty>
2019-09-16 22:24:14,842 [java.util.concurrent.ThreadPoolExecutor$Worker@2e2170a4[State = -1, empty queue]] WARN  server.GrpcLogAppender (GrpcLogAppender.java:timeoutAppendRequest(200)) - 9d8d98b0-9991-458a-859c-25f8efc1f325@group-461D11BEE149->5ecabd24-29f4-44ad-af86-ba12f6ac88ae-GrpcLogAppender: appendEntries Timeout, request=9d8d98b0-9991-458a-859c-25f8efc1f325->5ecabd24-29f4-44ad-af86-ba12f6ac88ae#52-t1, previous=(t:1, i:12), leaderCommit=6, initializing? false, entries: <empty>
2019-09-16 22:24:16,414 [ReplicationMonitor] INFO  container.ReplicationManager (ReplicationManager.java:forceCloseContainer(464)) - Force closing container #1 with BCSID 4, which is in QUASI_CLOSED state.
2019-09-16 22:24:16,417 [ReplicationMonitor] INFO  container.ReplicationManager (ReplicationManager.java:sendCloseCommand(659)) - Sending close container command for container #1 to datanode 9d8d98b0-9991-458a-859c-25f8efc1f325{ip: 192.168.151.68, host: pr-hdds-2135-v26ff-2356241440, networkLocation: /default-rack, certSerialId: null}.
2019-09-16 22:24:16,417 [ReplicationMonitor] INFO  container.ReplicationManager (ReplicationManager.java:sendCloseCommand(659)) - Sending close container command for container #1 to datanode 0ad894eb-396d-46a7-a4d0-256210dc34c1{ip: 192.168.151.68, host: pr-hdds-2135-v26ff-2356241440, networkLocation: /default-rack, certSerialId: null}.
2019-09-16 22:24:16,417 [ReplicationMonitor] INFO  container.ReplicationManager (ReplicationManager.java:sendCloseCommand(659)) - Sending close container command for container #1 to datanode 5ecabd24-29f4-44ad-af86-ba12f6ac88ae{ip: 192.168.151.68, host: pr-hdds-2135-v26ff-2356241440, networkLocation: /default-rack, certSerialId: null}.
2019-09-16 22:24:16,418 [ReplicationMonitor] INFO  container.ReplicationManager (ReplicationManager.java:forceCloseContainer(464)) - Force closing container #2 with BCSID 0, which is in QUASI_CLOSED state.
2019-09-16 22:24:16,418 [ReplicationMonitor] INFO  container.ReplicationManager (ReplicationManager.java:sendCloseCommand(659)) - Sending close container command for container #2 to datanode 5ecabd24-29f4-44ad-af86-ba12f6ac88ae{ip: 192.168.151.68, host: pr-hdds-2135-v26ff-2356241440, networkLocation: /default-rack, certSerialId: null}.
2019-09-16 22:24:16,418 [ReplicationMonitor] INFO  container.ReplicationManager (ReplicationManager.java:sendCloseCommand(659)) - Sending close container command for container #2 to datanode 0ad894eb-396d-46a7-a4d0-256210dc34c1{ip: 192.168.151.68, host: pr-hdds-2135-v26ff-2356241440, networkLocation: /default-rack, certSerialId: null}.
2019-09-16 22:24:16,418 [ReplicationMonitor] INFO  container.ReplicationManager (ReplicationManager.java:sendCloseCommand(659)) - Sending close container command for container #2 to datanode 9d8d98b0-9991-458a-859c-25f8efc1f325{ip: 192.168.151.68, host: pr-hdds-2135-v26ff-2356241440, networkLocation: /default-rack, certSerialId: null}.
2019-09-16 22:24:16,419 [ReplicationMonitor] INFO  container.ReplicationManager (ReplicationManager.java:run(225)) - Replication Monitor Thread took 15 milliseconds for processing 5 containers.
2019-09-16 22:24:16,887 [9d8d98b0-9991-458a-859c-25f8efc1f325@group-461D11BEE149-SegmentedRaftLogWorker] WARN  segmented.SegmentedRaftLogWorker (SegmentedRaftLogWorker.java:getFromFuture(90)) - Timeout 9/~
org.apache.ratis.protocol.TimeoutIOException: Timeout 10s: WriteLog:8: (t:1, i:8), STATEMACHINELOGENTRY, client-D4E1B6F8AD48, cid=49-writeStateMachineData
	at org.apache.ratis.util.IOUtils.getFromFuture(IOUtils.java:87)
	at org.apache.ratis.server.raftlog.segmented.SegmentedRaftLogWorker$StateMachineDataPolicy.getFromFuture(SegmentedRaftLogWorker.java:87)
	at org.apache.ratis.server.raftlog.segmented.SegmentedRaftLogWorker$WriteLog.execute(SegmentedRaftLogWorker.java:477)
	at org.apache.ratis.server.raftlog.segmented.SegmentedRaftLogWorker.run(SegmentedRaftLogWorker.java:289)
	at java.lang.Thread.run(Thread.java:748)
Caused by: java.util.concurrent.TimeoutException
	at java.util.concurrent.CompletableFuture.timedGet(CompletableFuture.java:1771)
	at java.util.concurrent.CompletableFuture.get(CompletableFuture.java:1915)
	at org.apache.ratis.util.IOUtils.getFromFuture(IOUtils.java:79)
	... 4 more
2019-09-16 22:24:16,907 [0ad894eb-396d-46a7-a4d0-256210dc34c1@group-461D11BEE149-SegmentedRaftLogWorker] WARN  segmented.SegmentedRaftLogWorker (SegmentedRaftLogWorker.java:getFromFuture(90)) - Timeout 9/~
org.apache.ratis.protocol.TimeoutIOException: Timeout 10s: WriteLog:8: (t:1, i:8), STATEMACHINELOGENTRY, client-D4E1B6F8AD48, cid=49-writeStateMachineData
	at org.apache.ratis.util.IOUtils.getFromFuture(IOUtils.java:87)
	at org.apache.ratis.server.raftlog.segmented.SegmentedRaftLogWorker$StateMachineDataPolicy.getFromFuture(SegmentedRaftLogWorker.java:87)
	at org.apache.ratis.server.raftlog.segmented.SegmentedRaftLogWorker$WriteLog.execute(SegmentedRaftLogWorker.java:477)
	at org.apache.ratis.server.raftlog.segmented.SegmentedRaftLogWorker.run(SegmentedRaftLogWorker.java:289)
	at java.lang.Thread.run(Thread.java:748)
Caused by: java.util.concurrent.TimeoutException
	at java.util.concurrent.CompletableFuture.timedGet(CompletableFuture.java:1771)
	at java.util.concurrent.CompletableFuture.get(CompletableFuture.java:1915)
	at org.apache.ratis.util.IOUtils.getFromFuture(IOUtils.java:79)
	... 4 more
2019-09-16 22:24:16,907 [5ecabd24-29f4-44ad-af86-ba12f6ac88ae@group-461D11BEE149-SegmentedRaftLogWorker] WARN  segmented.SegmentedRaftLogWorker (SegmentedRaftLogWorker.java:getFromFuture(90)) - Timeout 9/~
org.apache.ratis.protocol.TimeoutIOException: Timeout 10s: WriteLog:8: (t:1, i:8), STATEMACHINELOGENTRY, client-D4E1B6F8AD48, cid=49-writeStateMachineData
	at org.apache.ratis.util.IOUtils.getFromFuture(IOUtils.java:87)
	at org.apache.ratis.server.raftlog.segmented.SegmentedRaftLogWorker$StateMachineDataPolicy.getFromFuture(SegmentedRaftLogWorker.java:87)
	at org.apache.ratis.server.raftlog.segmented.SegmentedRaftLogWorker$WriteLog.execute(SegmentedRaftLogWorker.java:477)
	at org.apache.ratis.server.raftlog.segmented.SegmentedRaftLogWorker.run(SegmentedRaftLogWorker.java:289)
	at java.lang.Thread.run(Thread.java:748)
Caused by: java.util.concurrent.TimeoutException
	at java.util.concurrent.CompletableFuture.timedGet(CompletableFuture.java:1771)
	at java.util.concurrent.CompletableFuture.get(CompletableFuture.java:1915)
	at org.apache.ratis.util.IOUtils.getFromFuture(IOUtils.java:79)
	... 4 more
2019-09-16 22:24:17,343 [java.util.concurrent.ThreadPoolExecutor$Worker@890ec9d[State = -1, empty queue]] WARN  server.GrpcLogAppender (GrpcLogAppender.java:timeoutAppendRequest(200)) - 9d8d98b0-9991-458a-859c-25f8efc1f325@group-461D11BEE149->0ad894eb-396d-46a7-a4d0-256210dc34c1-GrpcLogAppender: appendEntries Timeout, request=9d8d98b0-9991-458a-859c-25f8efc1f325->0ad894eb-396d-46a7-a4d0-256210dc34c1#53-t1, previous=(t:1, i:12), leaderCommit=6, initializing? false, entries: <empty>
2019-09-16 22:24:17,343 [java.util.concurrent.ThreadPoolExecutor$Worker@2e2170a4[State = -1, empty queue]] WARN  server.GrpcLogAppender (GrpcLogAppender.java:timeoutAppendRequest(200)) - 9d8d98b0-9991-458a-859c-25f8efc1f325@group-461D11BEE149->5ecabd24-29f4-44ad-af86-ba12f6ac88ae-GrpcLogAppender: appendEntries Timeout, request=9d8d98b0-9991-458a-859c-25f8efc1f325->5ecabd24-29f4-44ad-af86-ba12f6ac88ae#53-t1, previous=(t:1, i:12), leaderCommit=6, initializing? false, entries: <empty>
2019-09-16 22:24:17,757 [grpc-default-executor-5] INFO  client.GrpcClientProtocolClient (GrpcClientProtocolClient.java:onNext(264)) - client-D4E1B6F8AD48->0ad894eb-396d-46a7-a4d0-256210dc34c1: receive RaftClientReply:client-D4E1B6F8AD48->0ad894eb-396d-46a7-a4d0-256210dc34c1@group-461D11BEE149, cid=48, FAILED org.apache.ratis.protocol.NotLeaderException: Server 0ad894eb-396d-46a7-a4d0-256210dc34c1@group-461D11BEE149 is not the leader 9d8d98b0-9991-458a-859c-25f8efc1f325:192.168.151.68:46204, logIndex=0, commits[0ad894eb-396d-46a7-a4d0-256210dc34c1:c6, 9d8d98b0-9991-458a-859c-25f8efc1f325:c6, 5ecabd24-29f4-44ad-af86-ba12f6ac88ae:c6]
2019-09-16 22:24:17,881 [Command processor thread] INFO  interfaces.Container (KeyValueContainer.java:flushAndSyncDB(386)) - Container 1 is synced with bcsId 4.
2019-09-16 22:24:17,882 [Command processor thread] INFO  interfaces.Container (KeyValueContainer.java:flushAndSyncDB(386)) - Container 1 is synced with bcsId 4.
2019-09-16 22:24:17,882 [Command processor thread] INFO  interfaces.Container (KeyValueContainer.java:flushAndSyncDB(386)) - Container 1 is synced with bcsId 4.
2019-09-16 22:24:17,883 [Command processor thread] INFO  interfaces.Container (KeyValueContainer.java:flushAndSyncDB(386)) - Container 1 is synced with bcsId 4.
2019-09-16 22:24:17,917 [Command processor thread] INFO  interfaces.Container (KeyValueContainer.java:close(335)) - Container 1 is closed with bcsId 4.
2019-09-16 22:24:17,917 [Command processor thread] INFO  interfaces.Container (KeyValueContainer.java:close(335)) - Container 1 is closed with bcsId 4.
2019-09-16 22:24:17,917 [Command processor thread] INFO  interfaces.Container (KeyValueContainer.java:flushAndSyncDB(386)) - Container 2 is synced with bcsId 0.
2019-09-16 22:24:17,917 [Command processor thread] INFO  interfaces.Container (KeyValueContainer.java:flushAndSyncDB(386)) - Container 2 is synced with bcsId 0.
2019-09-16 22:24:17,917 [Command processor thread] INFO  interfaces.Container (KeyValueContainer.java:flushAndSyncDB(386)) - Container 2 is synced with bcsId 0.
2019-09-16 22:24:17,918 [Command processor thread] INFO  interfaces.Container (KeyValueContainer.java:flushAndSyncDB(386)) - Container 2 is synced with bcsId 0.
2019-09-16 22:24:17,918 [EventQueue-IncrementalContainerReportForIncrementalContainerReportHandler] INFO  container.IncrementalContainerReportHandler (AbstractContainerReportHandler.java:updateContainerState(202)) - Moving container #1 to CLOSED state, datanode 5ecabd24-29f4-44ad-af86-ba12f6ac88ae{ip: 192.168.151.68, host: pr-hdds-2135-v26ff-2356241440, networkLocation: /default-rack, certSerialId: null} reported CLOSED replica.
2019-09-16 22:24:17,939 [Command processor thread] INFO  interfaces.Container (KeyValueContainer.java:close(335)) - Container 2 is closed with bcsId 0.
2019-09-16 22:24:17,939 [Command processor thread] INFO  interfaces.Container (KeyValueContainer.java:close(335)) - Container 2 is closed with bcsId 0.
2019-09-16 22:24:17,940 [EventQueue-IncrementalContainerReportForIncrementalContainerReportHandler] INFO  container.IncrementalContainerReportHandler (AbstractContainerReportHandler.java:updateContainerState(202)) - Moving container #2 to CLOSED state, datanode 5ecabd24-29f4-44ad-af86-ba12f6ac88ae{ip: 192.168.151.68, host: pr-hdds-2135-v26ff-2356241440, networkLocation: /default-rack, certSerialId: null} reported CLOSED replica.
2019-09-16 22:24:18,879 [Command processor thread] INFO  interfaces.Container (KeyValueContainer.java:flushAndSyncDB(386)) - Container 1 is synced with bcsId 4.
2019-09-16 22:24:18,879 [Command processor thread] INFO  interfaces.Container (KeyValueContainer.java:flushAndSyncDB(386)) - Container 1 is synced with bcsId 4.
2019-09-16 22:24:18,893 [Command processor thread] INFO  interfaces.Container (KeyValueContainer.java:close(335)) - Container 1 is closed with bcsId 4.
2019-09-16 22:24:18,893 [Command processor thread] INFO  interfaces.Container (KeyValueContainer.java:flushAndSyncDB(386)) - Container 2 is synced with bcsId 0.
2019-09-16 22:24:18,894 [Command processor thread] INFO  interfaces.Container (KeyValueContainer.java:flushAndSyncDB(386)) - Container 2 is synced with bcsId 0.
2019-09-16 22:24:18,911 [Command processor thread] INFO  interfaces.Container (KeyValueContainer.java:close(335)) - Container 2 is closed with bcsId 0.
2019-09-16 22:24:19,843 [java.util.concurrent.ThreadPoolExecutor$Worker@2e2170a4[State = -1, empty queue]] WARN  server.GrpcLogAppender (GrpcLogAppender.java:timeoutAppendRequest(200)) - 9d8d98b0-9991-458a-859c-25f8efc1f325@group-461D11BEE149->5ecabd24-29f4-44ad-af86-ba12f6ac88ae-GrpcLogAppender: appendEntries Timeout, request=9d8d98b0-9991-458a-859c-25f8efc1f325->5ecabd24-29f4-44ad-af86-ba12f6ac88ae#54-t1, previous=(t:1, i:12), leaderCommit=6, initializing? false, entries: <empty>
2019-09-16 22:24:19,843 [java.util.concurrent.ThreadPoolExecutor$Worker@890ec9d[State = -1, empty queue]] WARN  server.GrpcLogAppender (GrpcLogAppender.java:timeoutAppendRequest(200)) - 9d8d98b0-9991-458a-859c-25f8efc1f325@group-461D11BEE149->0ad894eb-396d-46a7-a4d0-256210dc34c1-GrpcLogAppender: appendEntries Timeout, request=9d8d98b0-9991-458a-859c-25f8efc1f325->0ad894eb-396d-46a7-a4d0-256210dc34c1#54-t1, previous=(t:1, i:12), leaderCommit=6, initializing? false, entries: <empty>
2019-09-16 22:24:22,344 [java.util.concurrent.ThreadPoolExecutor$Worker@890ec9d[State = -1, empty queue]] WARN  server.GrpcLogAppender (GrpcLogAppender.java:timeoutAppendRequest(200)) - 9d8d98b0-9991-458a-859c-25f8efc1f325@group-461D11BEE149->0ad894eb-396d-46a7-a4d0-256210dc34c1-GrpcLogAppender: appendEntries Timeout, request=9d8d98b0-9991-458a-859c-25f8efc1f325->0ad894eb-396d-46a7-a4d0-256210dc34c1#55-t1, previous=(t:1, i:12), leaderCommit=6, initializing? false, entries: <empty>
2019-09-16 22:24:22,344 [java.util.concurrent.ThreadPoolExecutor$Worker@2e2170a4[State = -1, empty queue]] WARN  server.GrpcLogAppender (GrpcLogAppender.java:timeoutAppendRequest(200)) - 9d8d98b0-9991-458a-859c-25f8efc1f325@group-461D11BEE149->5ecabd24-29f4-44ad-af86-ba12f6ac88ae-GrpcLogAppender: appendEntries Timeout, request=9d8d98b0-9991-458a-859c-25f8efc1f325->5ecabd24-29f4-44ad-af86-ba12f6ac88ae#55-t1, previous=(t:1, i:12), leaderCommit=6, initializing? false, entries: <empty>
2019-09-16 22:24:22,796 [grpc-default-executor-5] INFO  client.GrpcClientProtocolClient (GrpcClientProtocolClient.java:onNext(264)) - client-D4E1B6F8AD48->5ecabd24-29f4-44ad-af86-ba12f6ac88ae: receive RaftClientReply:client-D4E1B6F8AD48->5ecabd24-29f4-44ad-af86-ba12f6ac88ae@group-461D11BEE149, cid=48, FAILED org.apache.ratis.protocol.NotLeaderException: Server 5ecabd24-29f4-44ad-af86-ba12f6ac88ae@group-461D11BEE149 is not the leader 9d8d98b0-9991-458a-859c-25f8efc1f325:192.168.151.68:46204, logIndex=0, commits[5ecabd24-29f4-44ad-af86-ba12f6ac88ae:c6, 9d8d98b0-9991-458a-859c-25f8efc1f325:c6, 0ad894eb-396d-46a7-a4d0-256210dc34c1:c6]
2019-09-16 22:24:24,844 [java.util.concurrent.ThreadPoolExecutor$Worker@2e2170a4[State = -1, empty queue]] WARN  server.GrpcLogAppender (GrpcLogAppender.java:timeoutAppendRequest(200)) - 9d8d98b0-9991-458a-859c-25f8efc1f325@group-461D11BEE149->5ecabd24-29f4-44ad-af86-ba12f6ac88ae-GrpcLogAppender: appendEntries Timeout, request=9d8d98b0-9991-458a-859c-25f8efc1f325->5ecabd24-29f4-44ad-af86-ba12f6ac88ae#56-t1, previous=(t:1, i:12), leaderCommit=6, initializing? false, entries: <empty>
2019-09-16 22:24:24,844 [java.util.concurrent.ThreadPoolExecutor$Worker@890ec9d[State = -1, empty queue]] WARN  server.GrpcLogAppender (GrpcLogAppender.java:timeoutAppendRequest(200)) - 9d8d98b0-9991-458a-859c-25f8efc1f325@group-461D11BEE149->0ad894eb-396d-46a7-a4d0-256210dc34c1-GrpcLogAppender: appendEntries Timeout, request=9d8d98b0-9991-458a-859c-25f8efc1f325->0ad894eb-396d-46a7-a4d0-256210dc34c1#56-t1, previous=(t:1, i:12), leaderCommit=6, initializing? false, entries: <empty>
2019-09-16 22:24:26,888 [9d8d98b0-9991-458a-859c-25f8efc1f325@group-461D11BEE149-SegmentedRaftLogWorker] WARN  segmented.SegmentedRaftLogWorker (SegmentedRaftLogWorker.java:getFromFuture(90)) - Timeout 10/~
org.apache.ratis.protocol.TimeoutIOException: Timeout 10s: WriteLog:8: (t:1, i:8), STATEMACHINELOGENTRY, client-D4E1B6F8AD48, cid=49-writeStateMachineData
	at org.apache.ratis.util.IOUtils.getFromFuture(IOUtils.java:87)
	at org.apache.ratis.server.raftlog.segmented.SegmentedRaftLogWorker$StateMachineDataPolicy.getFromFuture(SegmentedRaftLogWorker.java:87)
	at org.apache.ratis.server.raftlog.segmented.SegmentedRaftLogWorker$WriteLog.execute(SegmentedRaftLogWorker.java:477)
	at org.apache.ratis.server.raftlog.segmented.SegmentedRaftLogWorker.run(SegmentedRaftLogWorker.java:289)
	at java.lang.Thread.run(Thread.java:748)
Caused by: java.util.concurrent.TimeoutException
	at java.util.concurrent.CompletableFuture.timedGet(CompletableFuture.java:1771)
	at java.util.concurrent.CompletableFuture.get(CompletableFuture.java:1915)
	at org.apache.ratis.util.IOUtils.getFromFuture(IOUtils.java:79)
	... 4 more
2019-09-16 22:24:26,907 [0ad894eb-396d-46a7-a4d0-256210dc34c1@group-461D11BEE149-SegmentedRaftLogWorker] WARN  segmented.SegmentedRaftLogWorker (SegmentedRaftLogWorker.java:getFromFuture(90)) - Timeout 10/~
org.apache.ratis.protocol.TimeoutIOException: Timeout 10s: WriteLog:8: (t:1, i:8), STATEMACHINELOGENTRY, client-D4E1B6F8AD48, cid=49-writeStateMachineData
	at org.apache.ratis.util.IOUtils.getFromFuture(IOUtils.java:87)
	at org.apache.ratis.server.raftlog.segmented.SegmentedRaftLogWorker$StateMachineDataPolicy.getFromFuture(SegmentedRaftLogWorker.java:87)
	at org.apache.ratis.server.raftlog.segmented.SegmentedRaftLogWorker$WriteLog.execute(SegmentedRaftLogWorker.java:477)
	at org.apache.ratis.server.raftlog.segmented.SegmentedRaftLogWorker.run(SegmentedRaftLogWorker.java:289)
	at java.lang.Thread.run(Thread.java:748)
Caused by: java.util.concurrent.TimeoutException
	at java.util.concurrent.CompletableFuture.timedGet(CompletableFuture.java:1771)
	at java.util.concurrent.CompletableFuture.get(CompletableFuture.java:1915)
	at org.apache.ratis.util.IOUtils.getFromFuture(IOUtils.java:79)
	... 4 more
2019-09-16 22:24:26,908 [5ecabd24-29f4-44ad-af86-ba12f6ac88ae@group-461D11BEE149-SegmentedRaftLogWorker] WARN  segmented.SegmentedRaftLogWorker (SegmentedRaftLogWorker.java:getFromFuture(90)) - Timeout 10/~
org.apache.ratis.protocol.TimeoutIOException: Timeout 10s: WriteLog:8: (t:1, i:8), STATEMACHINELOGENTRY, client-D4E1B6F8AD48, cid=49-writeStateMachineData
	at org.apache.ratis.util.IOUtils.getFromFuture(IOUtils.java:87)
	at org.apache.ratis.server.raftlog.segmented.SegmentedRaftLogWorker$StateMachineDataPolicy.getFromFuture(SegmentedRaftLogWorker.java:87)
	at org.apache.ratis.server.raftlog.segmented.SegmentedRaftLogWorker$WriteLog.execute(SegmentedRaftLogWorker.java:477)
	at org.apache.ratis.server.raftlog.segmented.SegmentedRaftLogWorker.run(SegmentedRaftLogWorker.java:289)
	at java.lang.Thread.run(Thread.java:748)
Caused by: java.util.concurrent.TimeoutException
	at java.util.concurrent.CompletableFuture.timedGet(CompletableFuture.java:1771)
	at java.util.concurrent.CompletableFuture.get(CompletableFuture.java:1915)
	at org.apache.ratis.util.IOUtils.getFromFuture(IOUtils.java:79)
	... 4 more
2019-09-16 22:24:27,344 [java.util.concurrent.ThreadPoolExecutor$Worker@890ec9d[State = -1, empty queue]] WARN  server.GrpcLogAppender (GrpcLogAppender.java:timeoutAppendRequest(200)) - 9d8d98b0-9991-458a-859c-25f8efc1f325@group-461D11BEE149->0ad894eb-396d-46a7-a4d0-256210dc34c1-GrpcLogAppender: appendEntries Timeout, request=9d8d98b0-9991-458a-859c-25f8efc1f325->0ad894eb-396d-46a7-a4d0-256210dc34c1#57-t1, previous=(t:1, i:12), leaderCommit=6, initializing? false, entries: <empty>
2019-09-16 22:24:27,344 [java.util.concurrent.ThreadPoolExecutor$Worker@2e2170a4[State = -1, empty queue]] WARN  server.GrpcLogAppender (GrpcLogAppender.java:timeoutAppendRequest(200)) - 9d8d98b0-9991-458a-859c-25f8efc1f325@group-461D11BEE149->5ecabd24-29f4-44ad-af86-ba12f6ac88ae-GrpcLogAppender: appendEntries Timeout, request=9d8d98b0-9991-458a-859c-25f8efc1f325->5ecabd24-29f4-44ad-af86-ba12f6ac88ae#57-t1, previous=(t:1, i:12), leaderCommit=6, initializing? false, entries: <empty>
2019-09-16 22:24:27,849 [grpc-default-executor-6] INFO  client.GrpcClientProtocolClient (GrpcClientProtocolClient.java:onNext(264)) - client-D4E1B6F8AD48->0ad894eb-396d-46a7-a4d0-256210dc34c1: receive RaftClientReply:client-D4E1B6F8AD48->0ad894eb-396d-46a7-a4d0-256210dc34c1@group-461D11BEE149, cid=48, FAILED org.apache.ratis.protocol.NotLeaderException: Server 0ad894eb-396d-46a7-a4d0-256210dc34c1@group-461D11BEE149 is not the leader 9d8d98b0-9991-458a-859c-25f8efc1f325:192.168.151.68:46204, logIndex=0, commits[0ad894eb-396d-46a7-a4d0-256210dc34c1:c6, 9d8d98b0-9991-458a-859c-25f8efc1f325:c6, 5ecabd24-29f4-44ad-af86-ba12f6ac88ae:c6]
2019-09-16 22:24:29,845 [java.util.concurrent.ThreadPoolExecutor$Worker@2e2170a4[State = -1, empty queue]] WARN  server.GrpcLogAppender (GrpcLogAppender.java:timeoutAppendRequest(200)) - 9d8d98b0-9991-458a-859c-25f8efc1f325@group-461D11BEE149->5ecabd24-29f4-44ad-af86-ba12f6ac88ae-GrpcLogAppender: appendEntries Timeout, request=9d8d98b0-9991-458a-859c-25f8efc1f325->5ecabd24-29f4-44ad-af86-ba12f6ac88ae#58-t1, previous=(t:1, i:12), leaderCommit=6, initializing? false, entries: <empty>
2019-09-16 22:24:29,845 [java.util.concurrent.ThreadPoolExecutor$Worker@890ec9d[State = -1, empty queue]] WARN  server.GrpcLogAppender (GrpcLogAppender.java:timeoutAppendRequest(200)) - 9d8d98b0-9991-458a-859c-25f8efc1f325@group-461D11BEE149->0ad894eb-396d-46a7-a4d0-256210dc34c1-GrpcLogAppender: appendEntries Timeout, request=9d8d98b0-9991-458a-859c-25f8efc1f325->0ad894eb-396d-46a7-a4d0-256210dc34c1#58-t1, previous=(t:1, i:12), leaderCommit=6, initializing? false, entries: <empty>
2019-09-16 22:24:32,345 [java.util.concurrent.ThreadPoolExecutor$Worker@2e2170a4[State = -1, empty queue]] WARN  server.GrpcLogAppender (GrpcLogAppender.java:timeoutAppendRequest(200)) - 9d8d98b0-9991-458a-859c-25f8efc1f325@group-461D11BEE149->5ecabd24-29f4-44ad-af86-ba12f6ac88ae-GrpcLogAppender: appendEntries Timeout, request=9d8d98b0-9991-458a-859c-25f8efc1f325->5ecabd24-29f4-44ad-af86-ba12f6ac88ae#59-t1, previous=(t:1, i:12), leaderCommit=6, initializing? false, entries: <empty>
2019-09-16 22:24:32,345 [java.util.concurrent.ThreadPoolExecutor$Worker@890ec9d[State = -1, empty queue]] WARN  server.GrpcLogAppender (GrpcLogAppender.java:timeoutAppendRequest(200)) - 9d8d98b0-9991-458a-859c-25f8efc1f325@group-461D11BEE149->0ad894eb-396d-46a7-a4d0-256210dc34c1-GrpcLogAppender: appendEntries Timeout, request=9d8d98b0-9991-458a-859c-25f8efc1f325->0ad894eb-396d-46a7-a4d0-256210dc34c1#59-t1, previous=(t:1, i:12), leaderCommit=6, initializing? false, entries: <empty>
2019-09-16 22:24:32,890 [grpc-default-executor-6] INFO  client.GrpcClientProtocolClient (GrpcClientProtocolClient.java:onNext(264)) - client-D4E1B6F8AD48->5ecabd24-29f4-44ad-af86-ba12f6ac88ae: receive RaftClientReply:client-D4E1B6F8AD48->5ecabd24-29f4-44ad-af86-ba12f6ac88ae@group-461D11BEE149, cid=48, FAILED org.apache.ratis.protocol.NotLeaderException: Server 5ecabd24-29f4-44ad-af86-ba12f6ac88ae@group-461D11BEE149 is not the leader 9d8d98b0-9991-458a-859c-25f8efc1f325:192.168.151.68:46204, logIndex=0, commits[5ecabd24-29f4-44ad-af86-ba12f6ac88ae:c6, 9d8d98b0-9991-458a-859c-25f8efc1f325:c6, 0ad894eb-396d-46a7-a4d0-256210dc34c1:c6]
2019-09-16 22:24:34,846 [java.util.concurrent.ThreadPoolExecutor$Worker@890ec9d[State = -1, empty queue]] WARN  server.GrpcLogAppender (GrpcLogAppender.java:timeoutAppendRequest(200)) - 9d8d98b0-9991-458a-859c-25f8efc1f325@group-461D11BEE149->0ad894eb-396d-46a7-a4d0-256210dc34c1-GrpcLogAppender: appendEntries Timeout, request=9d8d98b0-9991-458a-859c-25f8efc1f325->0ad894eb-396d-46a7-a4d0-256210dc34c1#60-t1, previous=(t:1, i:12), leaderCommit=6, initializing? false, entries: <empty>
2019-09-16 22:24:34,846 [java.util.concurrent.ThreadPoolExecutor$Worker@2e2170a4[State = -1, empty queue]] WARN  server.GrpcLogAppender (GrpcLogAppender.java:timeoutAppendRequest(200)) - 9d8d98b0-9991-458a-859c-25f8efc1f325@group-461D11BEE149->5ecabd24-29f4-44ad-af86-ba12f6ac88ae-GrpcLogAppender: appendEntries Timeout, request=9d8d98b0-9991-458a-859c-25f8efc1f325->5ecabd24-29f4-44ad-af86-ba12f6ac88ae#60-t1, previous=(t:1, i:12), leaderCommit=6, initializing? false, entries: <empty>
2019-09-16 22:24:36,848 [org.apache.ratis.server.impl.LogAppender$AppenderDaemon$$Lambda$514/1412847569@1a0caeee] ERROR ratis.XceiverServerRatis (XceiverServerRatis.java:triggerPipelineClose(575)) - pipeline Action CLOSE  on pipeline PipelineID=22865676-56fc-4cfd-9d6e-461d11bee149.Reason : 9d8d98b0-9991-458a-859c-25f8efc1f325 has not seen follower/s 0ad894eb-396d-46a7-a4d0-256210dc34c1 for 120188ms 5ecabd24-29f4-44ad-af86-ba12f6ac88ae for 120188ms
2019-09-16 22:24:36,848 [org.apache.ratis.server.impl.LogAppender$AppenderDaemon$$Lambda$514/1412847569@7d9d433c] ERROR ratis.XceiverServerRatis (XceiverServerRatis.java:triggerPipelineClose(575)) - pipeline Action CLOSE  on pipeline PipelineID=22865676-56fc-4cfd-9d6e-461d11bee149.Reason : 9d8d98b0-9991-458a-859c-25f8efc1f325 has not seen follower/s 0ad894eb-396d-46a7-a4d0-256210dc34c1 for 120188ms 5ecabd24-29f4-44ad-af86-ba12f6ac88ae for 120188ms
2019-09-16 22:24:36,889 [9d8d98b0-9991-458a-859c-25f8efc1f325@group-461D11BEE149-SegmentedRaftLogWorker] WARN  segmented.SegmentedRaftLogWorker (SegmentedRaftLogWorker.java:getFromFuture(90)) - Timeout 11/~
org.apache.ratis.protocol.TimeoutIOException: Timeout 10s: WriteLog:8: (t:1, i:8), STATEMACHINELOGENTRY, client-D4E1B6F8AD48, cid=49-writeStateMachineData
	at org.apache.ratis.util.IOUtils.getFromFuture(IOUtils.java:87)
	at org.apache.ratis.server.raftlog.segmented.SegmentedRaftLogWorker$StateMachineDataPolicy.getFromFuture(SegmentedRaftLogWorker.java:87)
	at org.apache.ratis.server.raftlog.segmented.SegmentedRaftLogWorker$WriteLog.execute(SegmentedRaftLogWorker.java:477)
	at org.apache.ratis.server.raftlog.segmented.SegmentedRaftLogWorker.run(SegmentedRaftLogWorker.java:289)
	at java.lang.Thread.run(Thread.java:748)
Caused by: java.util.concurrent.TimeoutException
	at java.util.concurrent.CompletableFuture.timedGet(CompletableFuture.java:1771)
	at java.util.concurrent.CompletableFuture.get(CompletableFuture.java:1915)
	at org.apache.ratis.util.IOUtils.getFromFuture(IOUtils.java:79)
	... 4 more
2019-09-16 22:24:36,908 [0ad894eb-396d-46a7-a4d0-256210dc34c1@group-461D11BEE149-SegmentedRaftLogWorker] WARN  segmented.SegmentedRaftLogWorker (SegmentedRaftLogWorker.java:getFromFuture(90)) - Timeout 11/~
org.apache.ratis.protocol.TimeoutIOException: Timeout 10s: WriteLog:8: (t:1, i:8), STATEMACHINELOGENTRY, client-D4E1B6F8AD48, cid=49-writeStateMachineData
	at org.apache.ratis.util.IOUtils.getFromFuture(IOUtils.java:87)
	at org.apache.ratis.server.raftlog.segmented.SegmentedRaftLogWorker$StateMachineDataPolicy.getFromFuture(SegmentedRaftLogWorker.java:87)
	at org.apache.ratis.server.raftlog.segmented.SegmentedRaftLogWorker$WriteLog.execute(SegmentedRaftLogWorker.java:477)
	at org.apache.ratis.server.raftlog.segmented.SegmentedRaftLogWorker.run(SegmentedRaftLogWorker.java:289)
	at java.lang.Thread.run(Thread.java:748)
Caused by: java.util.concurrent.TimeoutException
	at java.util.concurrent.CompletableFuture.timedGet(CompletableFuture.java:1771)
	at java.util.concurrent.CompletableFuture.get(CompletableFuture.java:1915)
	at org.apache.ratis.util.IOUtils.getFromFuture(IOUtils.java:79)
	... 4 more
2019-09-16 22:24:36,909 [5ecabd24-29f4-44ad-af86-ba12f6ac88ae@group-461D11BEE149-SegmentedRaftLogWorker] WARN  segmented.SegmentedRaftLogWorker (SegmentedRaftLogWorker.java:getFromFuture(90)) - Timeout 11/~
org.apache.ratis.protocol.TimeoutIOException: Timeout 10s: WriteLog:8: (t:1, i:8), STATEMACHINELOGENTRY, client-D4E1B6F8AD48, cid=49-writeStateMachineData
	at org.apache.ratis.util.IOUtils.getFromFuture(IOUtils.java:87)
	at org.apache.ratis.server.raftlog.segmented.SegmentedRaftLogWorker$StateMachineDataPolicy.getFromFuture(SegmentedRaftLogWorker.java:87)
	at org.apache.ratis.server.raftlog.segmented.SegmentedRaftLogWorker$WriteLog.execute(SegmentedRaftLogWorker.java:477)
	at org.apache.ratis.server.raftlog.segmented.SegmentedRaftLogWorker.run(SegmentedRaftLogWorker.java:289)
	at java.lang.Thread.run(Thread.java:748)
Caused by: java.util.concurrent.TimeoutException
	at java.util.concurrent.CompletableFuture.timedGet(CompletableFuture.java:1771)
	at java.util.concurrent.CompletableFuture.get(CompletableFuture.java:1915)
	at org.apache.ratis.util.IOUtils.getFromFuture(IOUtils.java:79)
	... 4 more
2019-09-16 22:24:36,944 [EventQueue-PipelineActionsForPipelineActionHandler] ERROR pipeline.PipelineActionHandler (PipelineActionHandler.java:onMessage(60)) - Received pipeline action CLOSE for Pipeline[ Id: 22865676-56fc-4cfd-9d6e-461d11bee149, Nodes: 5ecabd24-29f4-44ad-af86-ba12f6ac88ae{ip: 192.168.151.68, host: pr-hdds-2135-v26ff-2356241440, networkLocation: /default-rack, certSerialId: null}9d8d98b0-9991-458a-859c-25f8efc1f325{ip: 192.168.151.68, host: pr-hdds-2135-v26ff-2356241440, networkLocation: /default-rack, certSerialId: null}0ad894eb-396d-46a7-a4d0-256210dc34c1{ip: 192.168.151.68, host: pr-hdds-2135-v26ff-2356241440, networkLocation: /default-rack, certSerialId: null}, Type:RATIS, Factor:THREE, State:OPEN] from datanode 9d8d98b0-9991-458a-859c-25f8efc1f325{ip: 192.168.151.68, host: pr-hdds-2135-v26ff-2356241440, networkLocation: /default-rack, certSerialId: null}. Reason : 9d8d98b0-9991-458a-859c-25f8efc1f325 has not seen follower/s 0ad894eb-396d-46a7-a4d0-256210dc34c1 for 120188ms 5ecabd24-29f4-44ad-af86-ba12f6ac88ae for 120188ms
2019-09-16 22:24:36,944 [EventQueue-PipelineActionsForPipelineActionHandler] INFO  pipeline.SCMPipelineManager (SCMPipelineManager.java:finalizeAndDestroyPipeline(311)) - destroying pipeline:Pipeline[ Id: 22865676-56fc-4cfd-9d6e-461d11bee149, Nodes: 5ecabd24-29f4-44ad-af86-ba12f6ac88ae{ip: 192.168.151.68, host: pr-hdds-2135-v26ff-2356241440, networkLocation: /default-rack, certSerialId: null}9d8d98b0-9991-458a-859c-25f8efc1f325{ip: 192.168.151.68, host: pr-hdds-2135-v26ff-2356241440, networkLocation: /default-rack, certSerialId: null}0ad894eb-396d-46a7-a4d0-256210dc34c1{ip: 192.168.151.68, host: pr-hdds-2135-v26ff-2356241440, networkLocation: /default-rack, certSerialId: null}, Type:RATIS, Factor:THREE, State:OPEN]
2019-09-16 22:24:36,944 [EventQueue-PipelineActionsForPipelineActionHandler] INFO  pipeline.PipelineStateManager (PipelineStateManager.java:finalizePipeline(123)) - Pipeline Pipeline[ Id: 22865676-56fc-4cfd-9d6e-461d11bee149, Nodes: 5ecabd24-29f4-44ad-af86-ba12f6ac88ae{ip: 192.168.151.68, host: pr-hdds-2135-v26ff-2356241440, networkLocation: /default-rack, certSerialId: null}9d8d98b0-9991-458a-859c-25f8efc1f325{ip: 192.168.151.68, host: pr-hdds-2135-v26ff-2356241440, networkLocation: /default-rack, certSerialId: null}0ad894eb-396d-46a7-a4d0-256210dc34c1{ip: 192.168.151.68, host: pr-hdds-2135-v26ff-2356241440, networkLocation: /default-rack, certSerialId: null}, Type:RATIS, Factor:THREE, State:CLOSED] moved to CLOSED state
2019-09-16 22:24:36,957 [EventQueue-CloseContainerForCloseContainerEventHandler] INFO  container.CloseContainerEventHandler (CloseContainerEventHandler.java:onMessage(61)) - Close container Event triggered for container : #4
2019-09-16 22:24:36,959 [EventQueue-CloseContainerForCloseContainerEventHandler] INFO  container.CloseContainerEventHandler (CloseContainerEventHandler.java:onMessage(61)) - Close container Event triggered for container : #5
2019-09-16 22:24:37,347 [java.util.concurrent.ThreadPoolExecutor$Worker@890ec9d[State = -1, empty queue]] WARN  server.GrpcLogAppender (GrpcLogAppender.java:timeoutAppendRequest(200)) - 9d8d98b0-9991-458a-859c-25f8efc1f325@group-461D11BEE149->0ad894eb-396d-46a7-a4d0-256210dc34c1-GrpcLogAppender: appendEntries Timeout, request=9d8d98b0-9991-458a-859c-25f8efc1f325->0ad894eb-396d-46a7-a4d0-256210dc34c1#61-t1, previous=(t:1, i:12), leaderCommit=6, initializing? false, entries: <empty>
2019-09-16 22:24:37,347 [java.util.concurrent.ThreadPoolExecutor$Worker@2e2170a4[State = -1, empty queue]] WARN  server.GrpcLogAppender (GrpcLogAppender.java:timeoutAppendRequest(200)) - 9d8d98b0-9991-458a-859c-25f8efc1f325@group-461D11BEE149->5ecabd24-29f4-44ad-af86-ba12f6ac88ae-GrpcLogAppender: appendEntries Timeout, request=9d8d98b0-9991-458a-859c-25f8efc1f325->5ecabd24-29f4-44ad-af86-ba12f6ac88ae#61-t1, previous=(t:1, i:12), leaderCommit=6, initializing? false, entries: <empty>
2019-09-16 22:24:37,953 [grpc-default-executor-5] INFO  client.GrpcClientProtocolClient (GrpcClientProtocolClient.java:onNext(264)) - client-D4E1B6F8AD48->5ecabd24-29f4-44ad-af86-ba12f6ac88ae: receive RaftClientReply:client-D4E1B6F8AD48->5ecabd24-29f4-44ad-af86-ba12f6ac88ae@group-461D11BEE149, cid=48, FAILED org.apache.ratis.protocol.NotLeaderException: Server 5ecabd24-29f4-44ad-af86-ba12f6ac88ae@group-461D11BEE149 is not the leader 9d8d98b0-9991-458a-859c-25f8efc1f325:192.168.151.68:46204, logIndex=0, commits[5ecabd24-29f4-44ad-af86-ba12f6ac88ae:c6, 9d8d98b0-9991-458a-859c-25f8efc1f325:c6, 0ad894eb-396d-46a7-a4d0-256210dc34c1:c6]
2019-09-16 22:24:39,349 [org.apache.ratis.server.impl.LogAppender$AppenderDaemon$$Lambda$514/1412847569@7d9d433c] ERROR ratis.XceiverServerRatis (XceiverServerRatis.java:triggerPipelineClose(575)) - pipeline Action CLOSE  on pipeline PipelineID=22865676-56fc-4cfd-9d6e-461d11bee149.Reason : 9d8d98b0-9991-458a-859c-25f8efc1f325 has not seen follower/s 0ad894eb-396d-46a7-a4d0-256210dc34c1 for 122689ms 5ecabd24-29f4-44ad-af86-ba12f6ac88ae for 122689ms
2019-09-16 22:24:39,349 [org.apache.ratis.server.impl.LogAppender$AppenderDaemon$$Lambda$514/1412847569@1a0caeee] ERROR ratis.XceiverServerRatis (XceiverServerRatis.java:triggerPipelineClose(575)) - pipeline Action CLOSE  on pipeline PipelineID=22865676-56fc-4cfd-9d6e-461d11bee149.Reason : 9d8d98b0-9991-458a-859c-25f8efc1f325 has not seen follower/s 0ad894eb-396d-46a7-a4d0-256210dc34c1 for 122689ms 5ecabd24-29f4-44ad-af86-ba12f6ac88ae for 122689ms
2019-09-16 22:24:39,847 [java.util.concurrent.ThreadPoolExecutor$Worker@890ec9d[State = -1, empty queue]] WARN  server.GrpcLogAppender (GrpcLogAppender.java:timeoutAppendRequest(200)) - 9d8d98b0-9991-458a-859c-25f8efc1f325@group-461D11BEE149->0ad894eb-396d-46a7-a4d0-256210dc34c1-GrpcLogAppender: appendEntries Timeout, request=9d8d98b0-9991-458a-859c-25f8efc1f325->0ad894eb-396d-46a7-a4d0-256210dc34c1#62-t1, previous=(t:1, i:12), leaderCommit=6, initializing? false, entries: <empty>
2019-09-16 22:24:39,847 [java.util.concurrent.ThreadPoolExecutor$Worker@2e2170a4[State = -1, empty queue]] WARN  server.GrpcLogAppender (GrpcLogAppender.java:timeoutAppendRequest(200)) - 9d8d98b0-9991-458a-859c-25f8efc1f325@group-461D11BEE149->5ecabd24-29f4-44ad-af86-ba12f6ac88ae-GrpcLogAppender: appendEntries Timeout, request=9d8d98b0-9991-458a-859c-25f8efc1f325->5ecabd24-29f4-44ad-af86-ba12f6ac88ae#62-t1, previous=(t:1, i:12), leaderCommit=6, initializing? false, entries: <empty>
2019-09-16 22:24:39,943 [EventQueue-PipelineActionsForPipelineActionHandler] ERROR pipeline.PipelineActionHandler (PipelineActionHandler.java:onMessage(60)) - Received pipeline action CLOSE for Pipeline[ Id: 22865676-56fc-4cfd-9d6e-461d11bee149, Nodes: 5ecabd24-29f4-44ad-af86-ba12f6ac88ae{ip: 192.168.151.68, host: pr-hdds-2135-v26ff-2356241440, networkLocation: /default-rack, certSerialId: null}9d8d98b0-9991-458a-859c-25f8efc1f325{ip: 192.168.151.68, host: pr-hdds-2135-v26ff-2356241440, networkLocation: /default-rack, certSerialId: null}0ad894eb-396d-46a7-a4d0-256210dc34c1{ip: 192.168.151.68, host: pr-hdds-2135-v26ff-2356241440, networkLocation: /default-rack, certSerialId: null}, Type:RATIS, Factor:THREE, State:CLOSED] from datanode 9d8d98b0-9991-458a-859c-25f8efc1f325{ip: 192.168.151.68, host: pr-hdds-2135-v26ff-2356241440, networkLocation: /default-rack, certSerialId: null}. Reason : 9d8d98b0-9991-458a-859c-25f8efc1f325 has not seen follower/s 0ad894eb-396d-46a7-a4d0-256210dc34c1 for 122689ms 5ecabd24-29f4-44ad-af86-ba12f6ac88ae for 122689ms
2019-09-16 22:24:39,943 [EventQueue-PipelineActionsForPipelineActionHandler] INFO  pipeline.SCMPipelineManager (SCMPipelineManager.java:finalizeAndDestroyPipeline(311)) - destroying pipeline:Pipeline[ Id: 22865676-56fc-4cfd-9d6e-461d11bee149, Nodes: 5ecabd24-29f4-44ad-af86-ba12f6ac88ae{ip: 192.168.151.68, host: pr-hdds-2135-v26ff-2356241440, networkLocation: /default-rack, certSerialId: null}9d8d98b0-9991-458a-859c-25f8efc1f325{ip: 192.168.151.68, host: pr-hdds-2135-v26ff-2356241440, networkLocation: /default-rack, certSerialId: null}0ad894eb-396d-46a7-a4d0-256210dc34c1{ip: 192.168.151.68, host: pr-hdds-2135-v26ff-2356241440, networkLocation: /default-rack, certSerialId: null}, Type:RATIS, Factor:THREE, State:CLOSED]
2019-09-16 22:24:39,961 [org.apache.ratis.server.impl.LogAppender$AppenderDaemon$$Lambda$514/1412847569@1a0caeee] ERROR ratis.XceiverServerRatis (XceiverServerRatis.java:triggerPipelineClose(575)) - pipeline Action CLOSE  on pipeline PipelineID=22865676-56fc-4cfd-9d6e-461d11bee149.Reason : 9d8d98b0-9991-458a-859c-25f8efc1f325 has not seen follower/s 0ad894eb-396d-46a7-a4d0-256210dc34c1 for 123302ms 5ecabd24-29f4-44ad-af86-ba12f6ac88ae for 123302ms
2019-09-16 22:24:39,961 [org.apache.ratis.server.impl.LogAppender$AppenderDaemon$$Lambda$514/1412847569@7d9d433c] ERROR ratis.XceiverServerRatis (XceiverServerRatis.java:triggerPipelineClose(575)) - pipeline Action CLOSE  on pipeline PipelineID=22865676-56fc-4cfd-9d6e-461d11bee149.Reason : 9d8d98b0-9991-458a-859c-25f8efc1f325 has not seen follower/s 0ad894eb-396d-46a7-a4d0-256210dc34c1 for 123302ms 5ecabd24-29f4-44ad-af86-ba12f6ac88ae for 123302ms
2019-09-16 22:24:40,961 [EventQueue-PipelineActionsForPipelineActionHandler] ERROR pipeline.PipelineActionHandler (PipelineActionHandler.java:onMessage(60)) - Received pipeline action CLOSE for Pipeline[ Id: 22865676-56fc-4cfd-9d6e-461d11bee149, Nodes: 5ecabd24-29f4-44ad-af86-ba12f6ac88ae{ip: 192.168.151.68, host: pr-hdds-2135-v26ff-2356241440, networkLocation: /default-rack, certSerialId: null}9d8d98b0-9991-458a-859c-25f8efc1f325{ip: 192.168.151.68, host: pr-hdds-2135-v26ff-2356241440, networkLocation: /default-rack, certSerialId: null}0ad894eb-396d-46a7-a4d0-256210dc34c1{ip: 192.168.151.68, host: pr-hdds-2135-v26ff-2356241440, networkLocation: /default-rack, certSerialId: null}, Type:RATIS, Factor:THREE, State:CLOSED] from datanode 9d8d98b0-9991-458a-859c-25f8efc1f325{ip: 192.168.151.68, host: pr-hdds-2135-v26ff-2356241440, networkLocation: /default-rack, certSerialId: null}. Reason : 9d8d98b0-9991-458a-859c-25f8efc1f325 has not seen follower/s 0ad894eb-396d-46a7-a4d0-256210dc34c1 for 123302ms 5ecabd24-29f4-44ad-af86-ba12f6ac88ae for 123302ms
2019-09-16 22:24:40,962 [EventQueue-PipelineActionsForPipelineActionHandler] INFO  pipeline.SCMPipelineManager (SCMPipelineManager.java:finalizeAndDestroyPipeline(311)) - destroying pipeline:Pipeline[ Id: 22865676-56fc-4cfd-9d6e-461d11bee149, Nodes: 5ecabd24-29f4-44ad-af86-ba12f6ac88ae{ip: 192.168.151.68, host: pr-hdds-2135-v26ff-2356241440, networkLocation: /default-rack, certSerialId: null}9d8d98b0-9991-458a-859c-25f8efc1f325{ip: 192.168.151.68, host: pr-hdds-2135-v26ff-2356241440, networkLocation: /default-rack, certSerialId: null}0ad894eb-396d-46a7-a4d0-256210dc34c1{ip: 192.168.151.68, host: pr-hdds-2135-v26ff-2356241440, networkLocation: /default-rack, certSerialId: null}, Type:RATIS, Factor:THREE, State:CLOSED]
2019-09-16 22:24:42,349 [java.util.concurrent.ThreadPoolExecutor$Worker@2e2170a4[State = -1, empty queue]] WARN  server.GrpcLogAppender (GrpcLogAppender.java:timeoutAppendRequest(200)) - 9d8d98b0-9991-458a-859c-25f8efc1f325@group-461D11BEE149->5ecabd24-29f4-44ad-af86-ba12f6ac88ae-GrpcLogAppender: appendEntries Timeout, request=9d8d98b0-9991-458a-859c-25f8efc1f325->5ecabd24-29f4-44ad-af86-ba12f6ac88ae#63-t1, previous=(t:1, i:12), leaderCommit=6, initializing? false, entries: <empty>
2019-09-16 22:24:42,349 [java.util.concurrent.ThreadPoolExecutor$Worker@890ec9d[State = -1, empty queue]] WARN  server.GrpcLogAppender (GrpcLogAppender.java:timeoutAppendRequest(200)) - 9d8d98b0-9991-458a-859c-25f8efc1f325@group-461D11BEE149->0ad894eb-396d-46a7-a4d0-256210dc34c1-GrpcLogAppender: appendEntries Timeout, request=9d8d98b0-9991-458a-859c-25f8efc1f325->0ad894eb-396d-46a7-a4d0-256210dc34c1#63-t1, previous=(t:1, i:12), leaderCommit=6, initializing? false, entries: <empty>
2019-09-16 22:24:42,462 [org.apache.ratis.server.impl.LogAppender$AppenderDaemon$$Lambda$514/1412847569@7d9d433c] ERROR ratis.XceiverServerRatis (XceiverServerRatis.java:triggerPipelineClose(575)) - pipeline Action CLOSE  on pipeline PipelineID=22865676-56fc-4cfd-9d6e-461d11bee149.Reason : 9d8d98b0-9991-458a-859c-25f8efc1f325 has not seen follower/s 0ad894eb-396d-46a7-a4d0-256210dc34c1 for 125803ms 5ecabd24-29f4-44ad-af86-ba12f6ac88ae for 125803ms
2019-09-16 22:24:42,462 [org.apache.ratis.server.impl.LogAppender$AppenderDaemon$$Lambda$514/1412847569@1a0caeee] ERROR ratis.XceiverServerRatis (XceiverServerRatis.java:triggerPipelineClose(575)) - pipeline Action CLOSE  on pipeline PipelineID=22865676-56fc-4cfd-9d6e-461d11bee149.Reason : 9d8d98b0-9991-458a-859c-25f8efc1f325 has not seen follower/s 0ad894eb-396d-46a7-a4d0-256210dc34c1 for 125803ms 5ecabd24-29f4-44ad-af86-ba12f6ac88ae for 125803ms
2019-09-16 22:24:42,959 [EventQueue-PipelineActionsForPipelineActionHandler] ERROR pipeline.PipelineActionHandler (PipelineActionHandler.java:onMessage(60)) - Received pipeline action CLOSE for Pipeline[ Id: 22865676-56fc-4cfd-9d6e-461d11bee149, Nodes: 5ecabd24-29f4-44ad-af86-ba12f6ac88ae{ip: 192.168.151.68, host: pr-hdds-2135-v26ff-2356241440, networkLocation: /default-rack, certSerialId: null}9d8d98b0-9991-458a-859c-25f8efc1f325{ip: 192.168.151.68, host: pr-hdds-2135-v26ff-2356241440, networkLocation: /default-rack, certSerialId: null}0ad894eb-396d-46a7-a4d0-256210dc34c1{ip: 192.168.151.68, host: pr-hdds-2135-v26ff-2356241440, networkLocation: /default-rack, certSerialId: null}, Type:RATIS, Factor:THREE, State:CLOSED] from datanode 9d8d98b0-9991-458a-859c-25f8efc1f325{ip: 192.168.151.68, host: pr-hdds-2135-v26ff-2356241440, networkLocation: /default-rack, certSerialId: null}. Reason : 9d8d98b0-9991-458a-859c-25f8efc1f325 has not seen follower/s 0ad894eb-396d-46a7-a4d0-256210dc34c1 for 125803ms 5ecabd24-29f4-44ad-af86-ba12f6ac88ae for 125803ms
2019-09-16 22:24:42,960 [EventQueue-PipelineActionsForPipelineActionHandler] INFO  pipeline.SCMPipelineManager (SCMPipelineManager.java:finalizeAndDestroyPipeline(311)) - destroying pipeline:Pipeline[ Id: 22865676-56fc-4cfd-9d6e-461d11bee149, Nodes: 5ecabd24-29f4-44ad-af86-ba12f6ac88ae{ip: 192.168.151.68, host: pr-hdds-2135-v26ff-2356241440, networkLocation: /default-rack, certSerialId: null}9d8d98b0-9991-458a-859c-25f8efc1f325{ip: 192.168.151.68, host: pr-hdds-2135-v26ff-2356241440, networkLocation: /default-rack, certSerialId: null}0ad894eb-396d-46a7-a4d0-256210dc34c1{ip: 192.168.151.68, host: pr-hdds-2135-v26ff-2356241440, networkLocation: /default-rack, certSerialId: null}, Type:RATIS, Factor:THREE, State:CLOSED]
2019-09-16 22:24:42,962 [java.util.concurrent.ThreadPoolExecutor$Worker@2e2170a4[State = -1, empty queue]] WARN  server.GrpcLogAppender (GrpcLogAppender.java:timeoutAppendRequest(200)) - 9d8d98b0-9991-458a-859c-25f8efc1f325@group-461D11BEE149->5ecabd24-29f4-44ad-af86-ba12f6ac88ae-GrpcLogAppender: appendEntries Timeout, request=9d8d98b0-9991-458a-859c-25f8efc1f325->5ecabd24-29f4-44ad-af86-ba12f6ac88ae#64-t1, previous=(t:1, i:12), leaderCommit=6, initializing? false, entries: size=1, first=(t:1, i:13), STATEMACHINELOGENTRY, client-74078F5C6632, cid=10
2019-09-16 22:24:42,962 [java.util.concurrent.ThreadPoolExecutor$Worker@890ec9d[State = -1, empty queue]] WARN  server.GrpcLogAppender (GrpcLogAppender.java:timeoutAppendRequest(200)) - 9d8d98b0-9991-458a-859c-25f8efc1f325@group-461D11BEE149->0ad894eb-396d-46a7-a4d0-256210dc34c1-GrpcLogAppender: appendEntries Timeout, request=9d8d98b0-9991-458a-859c-25f8efc1f325->0ad894eb-396d-46a7-a4d0-256210dc34c1#64-t1, previous=(t:1, i:12), leaderCommit=6, initializing? false, entries: size=1, first=(t:1, i:13), STATEMACHINELOGENTRY, client-74078F5C6632, cid=10
2019-09-16 22:24:43,000 [grpc-default-executor-5] INFO  client.GrpcClientProtocolClient (GrpcClientProtocolClient.java:onNext(264)) - client-D4E1B6F8AD48->5ecabd24-29f4-44ad-af86-ba12f6ac88ae: receive RaftClientReply:client-D4E1B6F8AD48->5ecabd24-29f4-44ad-af86-ba12f6ac88ae@group-461D11BEE149, cid=48, FAILED org.apache.ratis.protocol.NotLeaderException: Server 5ecabd24-29f4-44ad-af86-ba12f6ac88ae@group-461D11BEE149 is not the leader 9d8d98b0-9991-458a-859c-25f8efc1f325:192.168.151.68:46204, logIndex=0, commits[5ecabd24-29f4-44ad-af86-ba12f6ac88ae:c6, 9d8d98b0-9991-458a-859c-25f8efc1f325:c6, 0ad894eb-396d-46a7-a4d0-256210dc34c1:c6]
2019-09-16 22:24:44,964 [org.apache.ratis.server.impl.LogAppender$AppenderDaemon$$Lambda$514/1412847569@7d9d433c] ERROR ratis.XceiverServerRatis (XceiverServerRatis.java:triggerPipelineClose(575)) - pipeline Action CLOSE  on pipeline PipelineID=22865676-56fc-4cfd-9d6e-461d11bee149.Reason : 9d8d98b0-9991-458a-859c-25f8efc1f325 has not seen follower/s 0ad894eb-396d-46a7-a4d0-256210dc34c1 for 128304ms 5ecabd24-29f4-44ad-af86-ba12f6ac88ae for 128304ms
2019-09-16 22:24:44,964 [org.apache.ratis.server.impl.LogAppender$AppenderDaemon$$Lambda$514/1412847569@1a0caeee] ERROR ratis.XceiverServerRatis (XceiverServerRatis.java:triggerPipelineClose(575)) - pipeline Action CLOSE  on pipeline PipelineID=22865676-56fc-4cfd-9d6e-461d11bee149.Reason : 9d8d98b0-9991-458a-859c-25f8efc1f325 has not seen follower/s 0ad894eb-396d-46a7-a4d0-256210dc34c1 for 128304ms 5ecabd24-29f4-44ad-af86-ba12f6ac88ae for 128304ms
2019-09-16 22:24:45,462 [java.util.concurrent.ThreadPoolExecutor$Worker@890ec9d[State = -1, empty queue]] WARN  server.GrpcLogAppender (GrpcLogAppender.java:timeoutAppendRequest(200)) - 9d8d98b0-9991-458a-859c-25f8efc1f325@group-461D11BEE149->0ad894eb-396d-46a7-a4d0-256210dc34c1-GrpcLogAppender: appendEntries Timeout, request=9d8d98b0-9991-458a-859c-25f8efc1f325->0ad894eb-396d-46a7-a4d0-256210dc34c1#65-t1, previous=(t:1, i:13), leaderCommit=6, initializing? false, entries: <empty>
2019-09-16 22:24:45,462 [java.util.concurrent.ThreadPoolExecutor$Worker@2e2170a4[State = -1, empty queue]] WARN  server.GrpcLogAppender (GrpcLogAppender.java:timeoutAppendRequest(200)) - 9d8d98b0-9991-458a-859c-25f8efc1f325@group-461D11BEE149->5ecabd24-29f4-44ad-af86-ba12f6ac88ae-GrpcLogAppender: appendEntries Timeout, request=9d8d98b0-9991-458a-859c-25f8efc1f325->5ecabd24-29f4-44ad-af86-ba12f6ac88ae#65-t1, previous=(t:1, i:13), leaderCommit=6, initializing? false, entries: <empty>
2019-09-16 22:24:45,961 [EventQueue-PipelineActionsForPipelineActionHandler] ERROR pipeline.PipelineActionHandler (PipelineActionHandler.java:onMessage(60)) - Received pipeline action CLOSE for Pipeline[ Id: 22865676-56fc-4cfd-9d6e-461d11bee149, Nodes: 5ecabd24-29f4-44ad-af86-ba12f6ac88ae{ip: 192.168.151.68, host: pr-hdds-2135-v26ff-2356241440, networkLocation: /default-rack, certSerialId: null}9d8d98b0-9991-458a-859c-25f8efc1f325{ip: 192.168.151.68, host: pr-hdds-2135-v26ff-2356241440, networkLocation: /default-rack, certSerialId: null}0ad894eb-396d-46a7-a4d0-256210dc34c1{ip: 192.168.151.68, host: pr-hdds-2135-v26ff-2356241440, networkLocation: /default-rack, certSerialId: null}, Type:RATIS, Factor:THREE, State:CLOSED] from datanode 9d8d98b0-9991-458a-859c-25f8efc1f325{ip: 192.168.151.68, host: pr-hdds-2135-v26ff-2356241440, networkLocation: /default-rack, certSerialId: null}. Reason : 9d8d98b0-9991-458a-859c-25f8efc1f325 has not seen follower/s 0ad894eb-396d-46a7-a4d0-256210dc34c1 for 128304ms 5ecabd24-29f4-44ad-af86-ba12f6ac88ae for 128304ms
2019-09-16 22:24:45,962 [EventQueue-PipelineActionsForPipelineActionHandler] INFO  pipeline.SCMPipelineManager (SCMPipelineManager.java:finalizeAndDestroyPipeline(311)) - destroying pipeline:Pipeline[ Id: 22865676-56fc-4cfd-9d6e-461d11bee149, Nodes: 5ecabd24-29f4-44ad-af86-ba12f6ac88ae{ip: 192.168.151.68, host: pr-hdds-2135-v26ff-2356241440, networkLocation: /default-rack, certSerialId: null}9d8d98b0-9991-458a-859c-25f8efc1f325{ip: 192.168.151.68, host: pr-hdds-2135-v26ff-2356241440, networkLocation: /default-rack, certSerialId: null}0ad894eb-396d-46a7-a4d0-256210dc34c1{ip: 192.168.151.68, host: pr-hdds-2135-v26ff-2356241440, networkLocation: /default-rack, certSerialId: null}, Type:RATIS, Factor:THREE, State:CLOSED]
2019-09-16 22:24:46,890 [9d8d98b0-9991-458a-859c-25f8efc1f325@group-461D11BEE149-SegmentedRaftLogWorker] WARN  segmented.SegmentedRaftLogWorker (SegmentedRaftLogWorker.java:getFromFuture(90)) - Timeout 12/~
org.apache.ratis.protocol.TimeoutIOException: Timeout 10s: WriteLog:8: (t:1, i:8), STATEMACHINELOGENTRY, client-D4E1B6F8AD48, cid=49-writeStateMachineData
	at org.apache.ratis.util.IOUtils.getFromFuture(IOUtils.java:87)
	at org.apache.ratis.server.raftlog.segmented.SegmentedRaftLogWorker$StateMachineDataPolicy.getFromFuture(SegmentedRaftLogWorker.java:87)
	at org.apache.ratis.server.raftlog.segmented.SegmentedRaftLogWorker$WriteLog.execute(SegmentedRaftLogWorker.java:477)
	at org.apache.ratis.server.raftlog.segmented.SegmentedRaftLogWorker.run(SegmentedRaftLogWorker.java:289)
	at java.lang.Thread.run(Thread.java:748)
Caused by: java.util.concurrent.TimeoutException
	at java.util.concurrent.CompletableFuture.timedGet(CompletableFuture.java:1771)
	at java.util.concurrent.CompletableFuture.get(CompletableFuture.java:1915)
	at org.apache.ratis.util.IOUtils.getFromFuture(IOUtils.java:79)
	... 4 more
2019-09-16 22:24:46,909 [0ad894eb-396d-46a7-a4d0-256210dc34c1@group-461D11BEE149-SegmentedRaftLogWorker] WARN  segmented.SegmentedRaftLogWorker (SegmentedRaftLogWorker.java:getFromFuture(90)) - Timeout 12/~
org.apache.ratis.protocol.TimeoutIOException: Timeout 10s: WriteLog:8: (t:1, i:8), STATEMACHINELOGENTRY, client-D4E1B6F8AD48, cid=49-writeStateMachineData
	at org.apache.ratis.util.IOUtils.getFromFuture(IOUtils.java:87)
	at org.apache.ratis.server.raftlog.segmented.SegmentedRaftLogWorker$StateMachineDataPolicy.getFromFuture(SegmentedRaftLogWorker.java:87)
	at org.apache.ratis.server.raftlog.segmented.SegmentedRaftLogWorker$WriteLog.execute(SegmentedRaftLogWorker.java:477)
	at org.apache.ratis.server.raftlog.segmented.SegmentedRaftLogWorker.run(SegmentedRaftLogWorker.java:289)
	at java.lang.Thread.run(Thread.java:748)
Caused by: java.util.concurrent.TimeoutException
	at java.util.concurrent.CompletableFuture.timedGet(CompletableFuture.java:1771)
	at java.util.concurrent.CompletableFuture.get(CompletableFuture.java:1915)
	at org.apache.ratis.util.IOUtils.getFromFuture(IOUtils.java:79)
	... 4 more
2019-09-16 22:24:46,910 [5ecabd24-29f4-44ad-af86-ba12f6ac88ae@group-461D11BEE149-SegmentedRaftLogWorker] WARN  segmented.SegmentedRaftLogWorker (SegmentedRaftLogWorker.java:getFromFuture(90)) - Timeout 12/~
org.apache.ratis.protocol.TimeoutIOException: Timeout 10s: WriteLog:8: (t:1, i:8), STATEMACHINELOGENTRY, client-D4E1B6F8AD48, cid=49-writeStateMachineData
	at org.apache.ratis.util.IOUtils.getFromFuture(IOUtils.java:87)
	at org.apache.ratis.server.raftlog.segmented.SegmentedRaftLogWorker$StateMachineDataPolicy.getFromFuture(SegmentedRaftLogWorker.java:87)
	at org.apache.ratis.server.raftlog.segmented.SegmentedRaftLogWorker$WriteLog.execute(SegmentedRaftLogWorker.java:477)
	at org.apache.ratis.server.raftlog.segmented.SegmentedRaftLogWorker.run(SegmentedRaftLogWorker.java:289)
	at java.lang.Thread.run(Thread.java:748)
Caused by: java.util.concurrent.TimeoutException
	at java.util.concurrent.CompletableFuture.timedGet(CompletableFuture.java:1771)
	at java.util.concurrent.CompletableFuture.get(CompletableFuture.java:1915)
	at org.apache.ratis.util.IOUtils.getFromFuture(IOUtils.java:79)
	... 4 more
2019-09-16 22:24:47,465 [org.apache.ratis.server.impl.LogAppender$AppenderDaemon$$Lambda$514/1412847569@7d9d433c] ERROR ratis.XceiverServerRatis (XceiverServerRatis.java:triggerPipelineClose(575)) - pipeline Action CLOSE  on pipeline PipelineID=22865676-56fc-4cfd-9d6e-461d11bee149.Reason : 9d8d98b0-9991-458a-859c-25f8efc1f325 has not seen follower/s 0ad894eb-396d-46a7-a4d0-256210dc34c1 for 130805ms 5ecabd24-29f4-44ad-af86-ba12f6ac88ae for 130805ms
2019-09-16 22:24:47,465 [org.apache.ratis.server.impl.LogAppender$AppenderDaemon$$Lambda$514/1412847569@1a0caeee] ERROR ratis.XceiverServerRatis (XceiverServerRatis.java:triggerPipelineClose(575)) - pipeline Action CLOSE  on pipeline PipelineID=22865676-56fc-4cfd-9d6e-461d11bee149.Reason : 9d8d98b0-9991-458a-859c-25f8efc1f325 has not seen follower/s 0ad894eb-396d-46a7-a4d0-256210dc34c1 for 130805ms 5ecabd24-29f4-44ad-af86-ba12f6ac88ae for 130805ms
2019-09-16 22:24:47,961 [EventQueue-PipelineActionsForPipelineActionHandler] ERROR pipeline.PipelineActionHandler (PipelineActionHandler.java:onMessage(60)) - Received pipeline action CLOSE for Pipeline[ Id: 22865676-56fc-4cfd-9d6e-461d11bee149, Nodes: 5ecabd24-29f4-44ad-af86-ba12f6ac88ae{ip: 192.168.151.68, host: pr-hdds-2135-v26ff-2356241440, networkLocation: /default-rack, certSerialId: null}9d8d98b0-9991-458a-859c-25f8efc1f325{ip: 192.168.151.68, host: pr-hdds-2135-v26ff-2356241440, networkLocation: /default-rack, certSerialId: null}0ad894eb-396d-46a7-a4d0-256210dc34c1{ip: 192.168.151.68, host: pr-hdds-2135-v26ff-2356241440, networkLocation: /default-rack, certSerialId: null}, Type:RATIS, Factor:THREE, State:CLOSED] from datanode 9d8d98b0-9991-458a-859c-25f8efc1f325{ip: 192.168.151.68, host: pr-hdds-2135-v26ff-2356241440, networkLocation: /default-rack, certSerialId: null}. Reason : 9d8d98b0-9991-458a-859c-25f8efc1f325 has not seen follower/s 0ad894eb-396d-46a7-a4d0-256210dc34c1 for 130805ms 5ecabd24-29f4-44ad-af86-ba12f6ac88ae for 130805ms
2019-09-16 22:24:47,961 [EventQueue-PipelineActionsForPipelineActionHandler] INFO  pipeline.SCMPipelineManager (SCMPipelineManager.java:finalizeAndDestroyPipeline(311)) - destroying pipeline:Pipeline[ Id: 22865676-56fc-4cfd-9d6e-461d11bee149, Nodes: 5ecabd24-29f4-44ad-af86-ba12f6ac88ae{ip: 192.168.151.68, host: pr-hdds-2135-v26ff-2356241440, networkLocation: /default-rack, certSerialId: null}9d8d98b0-9991-458a-859c-25f8efc1f325{ip: 192.168.151.68, host: pr-hdds-2135-v26ff-2356241440, networkLocation: /default-rack, certSerialId: null}0ad894eb-396d-46a7-a4d0-256210dc34c1{ip: 192.168.151.68, host: pr-hdds-2135-v26ff-2356241440, networkLocation: /default-rack, certSerialId: null}, Type:RATIS, Factor:THREE, State:CLOSED]
2019-09-16 22:24:47,963 [java.util.concurrent.ThreadPoolExecutor$Worker@890ec9d[State = -1, empty queue]] WARN  server.GrpcLogAppender (GrpcLogAppender.java:timeoutAppendRequest(200)) - 9d8d98b0-9991-458a-859c-25f8efc1f325@group-461D11BEE149->0ad894eb-396d-46a7-a4d0-256210dc34c1-GrpcLogAppender: appendEntries Timeout, request=9d8d98b0-9991-458a-859c-25f8efc1f325->0ad894eb-396d-46a7-a4d0-256210dc34c1#66-t1, previous=(t:1, i:13), leaderCommit=6, initializing? false, entries: <empty>
2019-09-16 22:24:47,963 [java.util.concurrent.ThreadPoolExecutor$Worker@2e2170a4[State = -1, empty queue]] WARN  server.GrpcLogAppender (GrpcLogAppender.java:timeoutAppendRequest(200)) - 9d8d98b0-9991-458a-859c-25f8efc1f325@group-461D11BEE149->5ecabd24-29f4-44ad-af86-ba12f6ac88ae-GrpcLogAppender: appendEntries Timeout, request=9d8d98b0-9991-458a-859c-25f8efc1f325->5ecabd24-29f4-44ad-af86-ba12f6ac88ae#66-t1, previous=(t:1, i:13), leaderCommit=6, initializing? false, entries: <empty>
2019-09-16 22:24:48,052 [grpc-default-executor-2] INFO  client.GrpcClientProtocolClient (GrpcClientProtocolClient.java:onNext(264)) - client-D4E1B6F8AD48->5ecabd24-29f4-44ad-af86-ba12f6ac88ae: receive RaftClientReply:client-D4E1B6F8AD48->5ecabd24-29f4-44ad-af86-ba12f6ac88ae@group-461D11BEE149, cid=48, FAILED org.apache.ratis.protocol.NotLeaderException: Server 5ecabd24-29f4-44ad-af86-ba12f6ac88ae@group-461D11BEE149 is not the leader 9d8d98b0-9991-458a-859c-25f8efc1f325:192.168.151.68:46204, logIndex=0, commits[5ecabd24-29f4-44ad-af86-ba12f6ac88ae:c6, 9d8d98b0-9991-458a-859c-25f8efc1f325:c6, 0ad894eb-396d-46a7-a4d0-256210dc34c1:c6]
2019-09-16 22:24:49,966 [org.apache.ratis.server.impl.LogAppender$AppenderDaemon$$Lambda$514/1412847569@7d9d433c] ERROR ratis.XceiverServerRatis (XceiverServerRatis.java:triggerPipelineClose(575)) - pipeline Action CLOSE  on pipeline PipelineID=22865676-56fc-4cfd-9d6e-461d11bee149.Reason : 9d8d98b0-9991-458a-859c-25f8efc1f325 has not seen follower/s 0ad894eb-396d-46a7-a4d0-256210dc34c1 for 133306ms 5ecabd24-29f4-44ad-af86-ba12f6ac88ae for 133307ms
2019-09-16 22:24:49,966 [org.apache.ratis.server.impl.LogAppender$AppenderDaemon$$Lambda$514/1412847569@1a0caeee] ERROR ratis.XceiverServerRatis (XceiverServerRatis.java:triggerPipelineClose(575)) - pipeline Action CLOSE  on pipeline PipelineID=22865676-56fc-4cfd-9d6e-461d11bee149.Reason : 9d8d98b0-9991-458a-859c-25f8efc1f325 has not seen follower/s 0ad894eb-396d-46a7-a4d0-256210dc34c1 for 133306ms 5ecabd24-29f4-44ad-af86-ba12f6ac88ae for 133307ms
2019-09-16 22:24:50,464 [java.util.concurrent.ThreadPoolExecutor$Worker@890ec9d[State = -1, empty queue]] WARN  server.GrpcLogAppender (GrpcLogAppender.java:timeoutAppendRequest(200)) - 9d8d98b0-9991-458a-859c-25f8efc1f325@group-461D11BEE149->0ad894eb-396d-46a7-a4d0-256210dc34c1-GrpcLogAppender: appendEntries Timeout, request=9d8d98b0-9991-458a-859c-25f8efc1f325->0ad894eb-396d-46a7-a4d0-256210dc34c1#67-t1, previous=(t:1, i:13), leaderCommit=6, initializing? false, entries: <empty>
2019-09-16 22:24:50,465 [java.util.concurrent.ThreadPoolExecutor$Worker@2e2170a4[State = -1, empty queue]] WARN  server.GrpcLogAppender (GrpcLogAppender.java:timeoutAppendRequest(200)) - 9d8d98b0-9991-458a-859c-25f8efc1f325@group-461D11BEE149->5ecabd24-29f4-44ad-af86-ba12f6ac88ae-GrpcLogAppender: appendEntries Timeout, request=9d8d98b0-9991-458a-859c-25f8efc1f325->5ecabd24-29f4-44ad-af86-ba12f6ac88ae#67-t1, previous=(t:1, i:13), leaderCommit=6, initializing? false, entries: <empty>
2019-09-16 22:24:50,962 [EventQueue-PipelineActionsForPipelineActionHandler] ERROR pipeline.PipelineActionHandler (PipelineActionHandler.java:onMessage(60)) - Received pipeline action CLOSE for Pipeline[ Id: 22865676-56fc-4cfd-9d6e-461d11bee149, Nodes: 5ecabd24-29f4-44ad-af86-ba12f6ac88ae{ip: 192.168.151.68, host: pr-hdds-2135-v26ff-2356241440, networkLocation: /default-rack, certSerialId: null}9d8d98b0-9991-458a-859c-25f8efc1f325{ip: 192.168.151.68, host: pr-hdds-2135-v26ff-2356241440, networkLocation: /default-rack, certSerialId: null}0ad894eb-396d-46a7-a4d0-256210dc34c1{ip: 192.168.151.68, host: pr-hdds-2135-v26ff-2356241440, networkLocation: /default-rack, certSerialId: null}, Type:RATIS, Factor:THREE, State:CLOSED] from datanode 9d8d98b0-9991-458a-859c-25f8efc1f325{ip: 192.168.151.68, host: pr-hdds-2135-v26ff-2356241440, networkLocation: /default-rack, certSerialId: null}. Reason : 9d8d98b0-9991-458a-859c-25f8efc1f325 has not seen follower/s 0ad894eb-396d-46a7-a4d0-256210dc34c1 for 133306ms 5ecabd24-29f4-44ad-af86-ba12f6ac88ae for 133307ms
2019-09-16 22:24:50,962 [EventQueue-PipelineActionsForPipelineActionHandler] INFO  pipeline.SCMPipelineManager (SCMPipelineManager.java:finalizeAndDestroyPipeline(311)) - destroying pipeline:Pipeline[ Id: 22865676-56fc-4cfd-9d6e-461d11bee149, Nodes: 5ecabd24-29f4-44ad-af86-ba12f6ac88ae{ip: 192.168.151.68, host: pr-hdds-2135-v26ff-2356241440, networkLocation: /default-rack, certSerialId: null}9d8d98b0-9991-458a-859c-25f8efc1f325{ip: 192.168.151.68, host: pr-hdds-2135-v26ff-2356241440, networkLocation: /default-rack, certSerialId: null}0ad894eb-396d-46a7-a4d0-256210dc34c1{ip: 192.168.151.68, host: pr-hdds-2135-v26ff-2356241440, networkLocation: /default-rack, certSerialId: null}, Type:RATIS, Factor:THREE, State:CLOSED]
2019-09-16 22:24:52,467 [org.apache.ratis.server.impl.LogAppender$AppenderDaemon$$Lambda$514/1412847569@1a0caeee] ERROR ratis.XceiverServerRatis (XceiverServerRatis.java:triggerPipelineClose(575)) - pipeline Action CLOSE  on pipeline PipelineID=22865676-56fc-4cfd-9d6e-461d11bee149.Reason : 9d8d98b0-9991-458a-859c-25f8efc1f325 has not seen follower/s 0ad894eb-396d-46a7-a4d0-256210dc34c1 for 135807ms 5ecabd24-29f4-44ad-af86-ba12f6ac88ae for 135807ms
2019-09-16 22:24:52,467 [org.apache.ratis.server.impl.LogAppender$AppenderDaemon$$Lambda$514/1412847569@7d9d433c] ERROR ratis.XceiverServerRatis (XceiverServerRatis.java:triggerPipelineClose(575)) - pipeline Action CLOSE  on pipeline PipelineID=22865676-56fc-4cfd-9d6e-461d11bee149.Reason : 9d8d98b0-9991-458a-859c-25f8efc1f325 has not seen follower/s 0ad894eb-396d-46a7-a4d0-256210dc34c1 for 135807ms 5ecabd24-29f4-44ad-af86-ba12f6ac88ae for 135807ms
2019-09-16 22:24:52,962 [EventQueue-PipelineActionsForPipelineActionHandler] ERROR pipeline.PipelineActionHandler (PipelineActionHandler.java:onMessage(60)) - Received pipeline action CLOSE for Pipeline[ Id: 22865676-56fc-4cfd-9d6e-461d11bee149, Nodes: 5ecabd24-29f4-44ad-af86-ba12f6ac88ae{ip: 192.168.151.68, host: pr-hdds-2135-v26ff-2356241440, networkLocation: /default-rack, certSerialId: null}9d8d98b0-9991-458a-859c-25f8efc1f325{ip: 192.168.151.68, host: pr-hdds-2135-v26ff-2356241440, networkLocation: /default-rack, certSerialId: null}0ad894eb-396d-46a7-a4d0-256210dc34c1{ip: 192.168.151.68, host: pr-hdds-2135-v26ff-2356241440, networkLocation: /default-rack, certSerialId: null}, Type:RATIS, Factor:THREE, State:CLOSED] from datanode 9d8d98b0-9991-458a-859c-25f8efc1f325{ip: 192.168.151.68, host: pr-hdds-2135-v26ff-2356241440, networkLocation: /default-rack, certSerialId: null}. Reason : 9d8d98b0-9991-458a-859c-25f8efc1f325 has not seen follower/s 0ad894eb-396d-46a7-a4d0-256210dc34c1 for 135807ms 5ecabd24-29f4-44ad-af86-ba12f6ac88ae for 135807ms
2019-09-16 22:24:52,963 [EventQueue-PipelineActionsForPipelineActionHandler] INFO  pipeline.SCMPipelineManager (SCMPipelineManager.java:finalizeAndDestroyPipeline(311)) - destroying pipeline:Pipeline[ Id: 22865676-56fc-4cfd-9d6e-461d11bee149, Nodes: 5ecabd24-29f4-44ad-af86-ba12f6ac88ae{ip: 192.168.151.68, host: pr-hdds-2135-v26ff-2356241440, networkLocation: /default-rack, certSerialId: null}9d8d98b0-9991-458a-859c-25f8efc1f325{ip: 192.168.151.68, host: pr-hdds-2135-v26ff-2356241440, networkLocation: /default-rack, certSerialId: null}0ad894eb-396d-46a7-a4d0-256210dc34c1{ip: 192.168.151.68, host: pr-hdds-2135-v26ff-2356241440, networkLocation: /default-rack, certSerialId: null}, Type:RATIS, Factor:THREE, State:CLOSED]
2019-09-16 22:24:52,966 [java.util.concurrent.ThreadPoolExecutor$Worker@2e2170a4[State = -1, empty queue]] WARN  server.GrpcLogAppender (GrpcLogAppender.java:timeoutAppendRequest(200)) - 9d8d98b0-9991-458a-859c-25f8efc1f325@group-461D11BEE149->5ecabd24-29f4-44ad-af86-ba12f6ac88ae-GrpcLogAppender: appendEntries Timeout, request=9d8d98b0-9991-458a-859c-25f8efc1f325->5ecabd24-29f4-44ad-af86-ba12f6ac88ae#68-t1, previous=(t:1, i:13), leaderCommit=6, initializing? false, entries: <empty>
2019-09-16 22:24:52,966 [java.util.concurrent.ThreadPoolExecutor$Worker@890ec9d[State = -1, empty queue]] WARN  server.GrpcLogAppender (GrpcLogAppender.java:timeoutAppendRequest(200)) - 9d8d98b0-9991-458a-859c-25f8efc1f325@group-461D11BEE149->0ad894eb-396d-46a7-a4d0-256210dc34c1-GrpcLogAppender: appendEntries Timeout, request=9d8d98b0-9991-458a-859c-25f8efc1f325->0ad894eb-396d-46a7-a4d0-256210dc34c1#68-t1, previous=(t:1, i:13), leaderCommit=6, initializing? false, entries: <empty>
2019-09-16 22:24:53,092 [grpc-default-executor-6] INFO  client.GrpcClientProtocolClient (GrpcClientProtocolClient.java:onNext(264)) - client-D4E1B6F8AD48->5ecabd24-29f4-44ad-af86-ba12f6ac88ae: receive RaftClientReply:client-D4E1B6F8AD48->5ecabd24-29f4-44ad-af86-ba12f6ac88ae@group-461D11BEE149, cid=48, FAILED org.apache.ratis.protocol.NotLeaderException: Server 5ecabd24-29f4-44ad-af86-ba12f6ac88ae@group-461D11BEE149 is not the leader 9d8d98b0-9991-458a-859c-25f8efc1f325:192.168.151.68:46204, logIndex=0, commits[5ecabd24-29f4-44ad-af86-ba12f6ac88ae:c6, 9d8d98b0-9991-458a-859c-25f8efc1f325:c6, 0ad894eb-396d-46a7-a4d0-256210dc34c1:c6]
2019-09-16 22:24:54,968 [org.apache.ratis.server.impl.LogAppender$AppenderDaemon$$Lambda$514/1412847569@7d9d433c] ERROR ratis.XceiverServerRatis (XceiverServerRatis.java:triggerPipelineClose(575)) - pipeline Action CLOSE  on pipeline PipelineID=22865676-56fc-4cfd-9d6e-461d11bee149.Reason : 9d8d98b0-9991-458a-859c-25f8efc1f325 has not seen follower/s 0ad894eb-396d-46a7-a4d0-256210dc34c1 for 138308ms 5ecabd24-29f4-44ad-af86-ba12f6ac88ae for 138308ms
2019-09-16 22:24:54,968 [org.apache.ratis.server.impl.LogAppender$AppenderDaemon$$Lambda$514/1412847569@1a0caeee] ERROR ratis.XceiverServerRatis (XceiverServerRatis.java:triggerPipelineClose(575)) - pipeline Action CLOSE  on pipeline PipelineID=22865676-56fc-4cfd-9d6e-461d11bee149.Reason : 9d8d98b0-9991-458a-859c-25f8efc1f325 has not seen follower/s 0ad894eb-396d-46a7-a4d0-256210dc34c1 for 138308ms 5ecabd24-29f4-44ad-af86-ba12f6ac88ae for 138308ms
2019-09-16 22:24:55,466 [java.util.concurrent.ThreadPoolExecutor$Worker@2e2170a4[State = -1, empty queue]] WARN  server.GrpcLogAppender (GrpcLogAppender.java:timeoutAppendRequest(200)) - 9d8d98b0-9991-458a-859c-25f8efc1f325@group-461D11BEE149->5ecabd24-29f4-44ad-af86-ba12f6ac88ae-GrpcLogAppender: appendEntries Timeout, request=9d8d98b0-9991-458a-859c-25f8efc1f325->5ecabd24-29f4-44ad-af86-ba12f6ac88ae#69-t1, previous=(t:1, i:13), leaderCommit=6, initializing? false, entries: <empty>
2019-09-16 22:24:55,466 [java.util.concurrent.ThreadPoolExecutor$Worker@890ec9d[State = -1, empty queue]] WARN  server.GrpcLogAppender (GrpcLogAppender.java:timeoutAppendRequest(200)) - 9d8d98b0-9991-458a-859c-25f8efc1f325@group-461D11BEE149->0ad894eb-396d-46a7-a4d0-256210dc34c1-GrpcLogAppender: appendEntries Timeout, request=9d8d98b0-9991-458a-859c-25f8efc1f325->0ad894eb-396d-46a7-a4d0-256210dc34c1#69-t1, previous=(t:1, i:13), leaderCommit=6, initializing? false, entries: <empty>
2019-09-16 22:24:55,962 [EventQueue-PipelineActionsForPipelineActionHandler] ERROR pipeline.PipelineActionHandler (PipelineActionHandler.java:onMessage(60)) - Received pipeline action CLOSE for Pipeline[ Id: 22865676-56fc-4cfd-9d6e-461d11bee149, Nodes: 5ecabd24-29f4-44ad-af86-ba12f6ac88ae{ip: 192.168.151.68, host: pr-hdds-2135-v26ff-2356241440, networkLocation: /default-rack, certSerialId: null}9d8d98b0-9991-458a-859c-25f8efc1f325{ip: 192.168.151.68, host: pr-hdds-2135-v26ff-2356241440, networkLocation: /default-rack, certSerialId: null}0ad894eb-396d-46a7-a4d0-256210dc34c1{ip: 192.168.151.68, host: pr-hdds-2135-v26ff-2356241440, networkLocation: /default-rack, certSerialId: null}, Type:RATIS, Factor:THREE, State:CLOSED] from datanode 9d8d98b0-9991-458a-859c-25f8efc1f325{ip: 192.168.151.68, host: pr-hdds-2135-v26ff-2356241440, networkLocation: /default-rack, certSerialId: null}. Reason : 9d8d98b0-9991-458a-859c-25f8efc1f325 has not seen follower/s 0ad894eb-396d-46a7-a4d0-256210dc34c1 for 138308ms 5ecabd24-29f4-44ad-af86-ba12f6ac88ae for 138308ms
2019-09-16 22:24:55,962 [EventQueue-PipelineActionsForPipelineActionHandler] INFO  pipeline.SCMPipelineManager (SCMPipelineManager.java:finalizeAndDestroyPipeline(311)) - destroying pipeline:Pipeline[ Id: 22865676-56fc-4cfd-9d6e-461d11bee149, Nodes: 5ecabd24-29f4-44ad-af86-ba12f6ac88ae{ip: 192.168.151.68, host: pr-hdds-2135-v26ff-2356241440, networkLocation: /default-rack, certSerialId: null}9d8d98b0-9991-458a-859c-25f8efc1f325{ip: 192.168.151.68, host: pr-hdds-2135-v26ff-2356241440, networkLocation: /default-rack, certSerialId: null}0ad894eb-396d-46a7-a4d0-256210dc34c1{ip: 192.168.151.68, host: pr-hdds-2135-v26ff-2356241440, networkLocation: /default-rack, certSerialId: null}, Type:RATIS, Factor:THREE, State:CLOSED]
2019-09-16 22:24:56,892 [9d8d98b0-9991-458a-859c-25f8efc1f325@group-461D11BEE149-SegmentedRaftLogWorker] WARN  segmented.SegmentedRaftLogWorker (SegmentedRaftLogWorker.java:getFromFuture(90)) - Timeout 13/~
org.apache.ratis.protocol.TimeoutIOException: Timeout 10s: WriteLog:8: (t:1, i:8), STATEMACHINELOGENTRY, client-D4E1B6F8AD48, cid=49-writeStateMachineData
	at org.apache.ratis.util.IOUtils.getFromFuture(IOUtils.java:87)
	at org.apache.ratis.server.raftlog.segmented.SegmentedRaftLogWorker$StateMachineDataPolicy.getFromFuture(SegmentedRaftLogWorker.java:87)
	at org.apache.ratis.server.raftlog.segmented.SegmentedRaftLogWorker$WriteLog.execute(SegmentedRaftLogWorker.java:477)
	at org.apache.ratis.server.raftlog.segmented.SegmentedRaftLogWorker.run(SegmentedRaftLogWorker.java:289)
	at java.lang.Thread.run(Thread.java:748)
Caused by: java.util.concurrent.TimeoutException
	at java.util.concurrent.CompletableFuture.timedGet(CompletableFuture.java:1771)
	at java.util.concurrent.CompletableFuture.get(CompletableFuture.java:1915)
	at org.apache.ratis.util.IOUtils.getFromFuture(IOUtils.java:79)
	... 4 more
2019-09-16 22:24:56,910 [0ad894eb-396d-46a7-a4d0-256210dc34c1@group-461D11BEE149-SegmentedRaftLogWorker] WARN  segmented.SegmentedRaftLogWorker (SegmentedRaftLogWorker.java:getFromFuture(90)) - Timeout 13/~
org.apache.ratis.protocol.TimeoutIOException: Timeout 10s: WriteLog:8: (t:1, i:8), STATEMACHINELOGENTRY, client-D4E1B6F8AD48, cid=49-writeStateMachineData
	at org.apache.ratis.util.IOUtils.getFromFuture(IOUtils.java:87)
	at org.apache.ratis.server.raftlog.segmented.SegmentedRaftLogWorker$StateMachineDataPolicy.getFromFuture(SegmentedRaftLogWorker.java:87)
	at org.apache.ratis.server.raftlog.segmented.SegmentedRaftLogWorker$WriteLog.execute(SegmentedRaftLogWorker.java:477)
	at org.apache.ratis.server.raftlog.segmented.SegmentedRaftLogWorker.run(SegmentedRaftLogWorker.java:289)
	at java.lang.Thread.run(Thread.java:748)
Caused by: java.util.concurrent.TimeoutException
	at java.util.concurrent.CompletableFuture.timedGet(CompletableFuture.java:1771)
	at java.util.concurrent.CompletableFuture.get(CompletableFuture.java:1915)
	at org.apache.ratis.util.IOUtils.getFromFuture(IOUtils.java:79)
	... 4 more
2019-09-16 22:24:56,910 [5ecabd24-29f4-44ad-af86-ba12f6ac88ae@group-461D11BEE149-SegmentedRaftLogWorker] WARN  segmented.SegmentedRaftLogWorker (SegmentedRaftLogWorker.java:getFromFuture(90)) - Timeout 13/~
org.apache.ratis.protocol.TimeoutIOException: Timeout 10s: WriteLog:8: (t:1, i:8), STATEMACHINELOGENTRY, client-D4E1B6F8AD48, cid=49-writeStateMachineData
	at org.apache.ratis.util.IOUtils.getFromFuture(IOUtils.java:87)
	at org.apache.ratis.server.raftlog.segmented.SegmentedRaftLogWorker$StateMachineDataPolicy.getFromFuture(SegmentedRaftLogWorker.java:87)
	at org.apache.ratis.server.raftlog.segmented.SegmentedRaftLogWorker$WriteLog.execute(SegmentedRaftLogWorker.java:477)
	at org.apache.ratis.server.raftlog.segmented.SegmentedRaftLogWorker.run(SegmentedRaftLogWorker.java:289)
	at java.lang.Thread.run(Thread.java:748)
Caused by: java.util.concurrent.TimeoutException
	at java.util.concurrent.CompletableFuture.timedGet(CompletableFuture.java:1771)
	at java.util.concurrent.CompletableFuture.get(CompletableFuture.java:1915)
	at org.apache.ratis.util.IOUtils.getFromFuture(IOUtils.java:79)
	... 4 more
2019-09-16 22:24:57,469 [org.apache.ratis.server.impl.LogAppender$AppenderDaemon$$Lambda$514/1412847569@1a0caeee] ERROR ratis.XceiverServerRatis (XceiverServerRatis.java:triggerPipelineClose(575)) - pipeline Action CLOSE  on pipeline PipelineID=22865676-56fc-4cfd-9d6e-461d11bee149.Reason : 9d8d98b0-9991-458a-859c-25f8efc1f325 has not seen follower/s 0ad894eb-396d-46a7-a4d0-256210dc34c1 for 140809ms 5ecabd24-29f4-44ad-af86-ba12f6ac88ae for 140810ms
2019-09-16 22:24:57,469 [org.apache.ratis.server.impl.LogAppender$AppenderDaemon$$Lambda$514/1412847569@7d9d433c] ERROR ratis.XceiverServerRatis (XceiverServerRatis.java:triggerPipelineClose(575)) - pipeline Action CLOSE  on pipeline PipelineID=22865676-56fc-4cfd-9d6e-461d11bee149.Reason : 9d8d98b0-9991-458a-859c-25f8efc1f325 has not seen follower/s 0ad894eb-396d-46a7-a4d0-256210dc34c1 for 140809ms 5ecabd24-29f4-44ad-af86-ba12f6ac88ae for 140810ms
2019-09-16 22:24:57,962 [EventQueue-PipelineActionsForPipelineActionHandler] ERROR pipeline.PipelineActionHandler (PipelineActionHandler.java:onMessage(60)) - Received pipeline action CLOSE for Pipeline[ Id: 22865676-56fc-4cfd-9d6e-461d11bee149, Nodes: 5ecabd24-29f4-44ad-af86-ba12f6ac88ae{ip: 192.168.151.68, host: pr-hdds-2135-v26ff-2356241440, networkLocation: /default-rack, certSerialId: null}9d8d98b0-9991-458a-859c-25f8efc1f325{ip: 192.168.151.68, host: pr-hdds-2135-v26ff-2356241440, networkLocation: /default-rack, certSerialId: null}0ad894eb-396d-46a7-a4d0-256210dc34c1{ip: 192.168.151.68, host: pr-hdds-2135-v26ff-2356241440, networkLocation: /default-rack, certSerialId: null}, Type:RATIS, Factor:THREE, State:CLOSED] from datanode 9d8d98b0-9991-458a-859c-25f8efc1f325{ip: 192.168.151.68, host: pr-hdds-2135-v26ff-2356241440, networkLocation: /default-rack, certSerialId: null}. Reason : 9d8d98b0-9991-458a-859c-25f8efc1f325 has not seen follower/s 0ad894eb-396d-46a7-a4d0-256210dc34c1 for 140809ms 5ecabd24-29f4-44ad-af86-ba12f6ac88ae for 140810ms
2019-09-16 22:24:57,963 [EventQueue-PipelineActionsForPipelineActionHandler] INFO  pipeline.SCMPipelineManager (SCMPipelineManager.java:finalizeAndDestroyPipeline(311)) - destroying pipeline:Pipeline[ Id: 22865676-56fc-4cfd-9d6e-461d11bee149, Nodes: 5ecabd24-29f4-44ad-af86-ba12f6ac88ae{ip: 192.168.151.68, host: pr-hdds-2135-v26ff-2356241440, networkLocation: /default-rack, certSerialId: null}9d8d98b0-9991-458a-859c-25f8efc1f325{ip: 192.168.151.68, host: pr-hdds-2135-v26ff-2356241440, networkLocation: /default-rack, certSerialId: null}0ad894eb-396d-46a7-a4d0-256210dc34c1{ip: 192.168.151.68, host: pr-hdds-2135-v26ff-2356241440, networkLocation: /default-rack, certSerialId: null}, Type:RATIS, Factor:THREE, State:CLOSED]
2019-09-16 22:24:57,968 [java.util.concurrent.ThreadPoolExecutor$Worker@2e2170a4[State = -1, empty queue]] WARN  server.GrpcLogAppender (GrpcLogAppender.java:timeoutAppendRequest(200)) - 9d8d98b0-9991-458a-859c-25f8efc1f325@group-461D11BEE149->5ecabd24-29f4-44ad-af86-ba12f6ac88ae-GrpcLogAppender: appendEntries Timeout, request=9d8d98b0-9991-458a-859c-25f8efc1f325->5ecabd24-29f4-44ad-af86-ba12f6ac88ae#70-t1, previous=(t:1, i:13), leaderCommit=6, initializing? false, entries: <empty>
2019-09-16 22:24:57,968 [java.util.concurrent.ThreadPoolExecutor$Worker@890ec9d[State = -1, empty queue]] WARN  server.GrpcLogAppender (GrpcLogAppender.java:timeoutAppendRequest(200)) - 9d8d98b0-9991-458a-859c-25f8efc1f325@group-461D11BEE149->0ad894eb-396d-46a7-a4d0-256210dc34c1-GrpcLogAppender: appendEntries Timeout, request=9d8d98b0-9991-458a-859c-25f8efc1f325->0ad894eb-396d-46a7-a4d0-256210dc34c1#70-t1, previous=(t:1, i:13), leaderCommit=6, initializing? false, entries: <empty>
2019-09-16 22:24:58,165 [grpc-default-executor-2] INFO  client.GrpcClientProtocolClient (GrpcClientProtocolClient.java:onNext(264)) - client-D4E1B6F8AD48->5ecabd24-29f4-44ad-af86-ba12f6ac88ae: receive RaftClientReply:client-D4E1B6F8AD48->5ecabd24-29f4-44ad-af86-ba12f6ac88ae@group-461D11BEE149, cid=48, FAILED org.apache.ratis.protocol.NotLeaderException: Server 5ecabd24-29f4-44ad-af86-ba12f6ac88ae@group-461D11BEE149 is not the leader 9d8d98b0-9991-458a-859c-25f8efc1f325:192.168.151.68:46204, logIndex=0, commits[5ecabd24-29f4-44ad-af86-ba12f6ac88ae:c6, 9d8d98b0-9991-458a-859c-25f8efc1f325:c6, 0ad894eb-396d-46a7-a4d0-256210dc34c1:c6]
2019-09-16 22:24:59,971 [org.apache.ratis.server.impl.LogAppender$AppenderDaemon$$Lambda$514/1412847569@7d9d433c] ERROR ratis.XceiverServerRatis (XceiverServerRatis.java:triggerPipelineClose(575)) - pipeline Action CLOSE  on pipeline PipelineID=22865676-56fc-4cfd-9d6e-461d11bee149.Reason : 9d8d98b0-9991-458a-859c-25f8efc1f325 has not seen follower/s 0ad894eb-396d-46a7-a4d0-256210dc34c1 for 143311ms 5ecabd24-29f4-44ad-af86-ba12f6ac88ae for 143311ms
2019-09-16 22:24:59,971 [org.apache.ratis.server.impl.LogAppender$AppenderDaemon$$Lambda$514/1412847569@1a0caeee] ERROR ratis.XceiverServerRatis (XceiverServerRatis.java:triggerPipelineClose(575)) - pipeline Action CLOSE  on pipeline PipelineID=22865676-56fc-4cfd-9d6e-461d11bee149.Reason : 9d8d98b0-9991-458a-859c-25f8efc1f325 has not seen follower/s 0ad894eb-396d-46a7-a4d0-256210dc34c1 for 143311ms 5ecabd24-29f4-44ad-af86-ba12f6ac88ae for 143311ms
2019-09-16 22:25:00,469 [java.util.concurrent.ThreadPoolExecutor$Worker@2e2170a4[State = -1, empty queue]] WARN  server.GrpcLogAppender (GrpcLogAppender.java:timeoutAppendRequest(200)) - 9d8d98b0-9991-458a-859c-25f8efc1f325@group-461D11BEE149->5ecabd24-29f4-44ad-af86-ba12f6ac88ae-GrpcLogAppender: appendEntries Timeout, request=9d8d98b0-9991-458a-859c-25f8efc1f325->5ecabd24-29f4-44ad-af86-ba12f6ac88ae#71-t1, previous=(t:1, i:13), leaderCommit=6, initializing? false, entries: <empty>
2019-09-16 22:25:00,469 [java.util.concurrent.ThreadPoolExecutor$Worker@890ec9d[State = -1, empty queue]] WARN  server.GrpcLogAppender (GrpcLogAppender.java:timeoutAppendRequest(200)) - 9d8d98b0-9991-458a-859c-25f8efc1f325@group-461D11BEE149->0ad894eb-396d-46a7-a4d0-256210dc34c1-GrpcLogAppender: appendEntries Timeout, request=9d8d98b0-9991-458a-859c-25f8efc1f325->0ad894eb-396d-46a7-a4d0-256210dc34c1#71-t1, previous=(t:1, i:13), leaderCommit=6, initializing? false, entries: <empty>
2019-09-16 22:25:00,963 [EventQueue-PipelineActionsForPipelineActionHandler] ERROR pipeline.PipelineActionHandler (PipelineActionHandler.java:onMessage(60)) - Received pipeline action CLOSE for Pipeline[ Id: 22865676-56fc-4cfd-9d6e-461d11bee149, Nodes: 5ecabd24-29f4-44ad-af86-ba12f6ac88ae{ip: 192.168.151.68, host: pr-hdds-2135-v26ff-2356241440, networkLocation: /default-rack, certSerialId: null}9d8d98b0-9991-458a-859c-25f8efc1f325{ip: 192.168.151.68, host: pr-hdds-2135-v26ff-2356241440, networkLocation: /default-rack, certSerialId: null}0ad894eb-396d-46a7-a4d0-256210dc34c1{ip: 192.168.151.68, host: pr-hdds-2135-v26ff-2356241440, networkLocation: /default-rack, certSerialId: null}, Type:RATIS, Factor:THREE, State:CLOSED] from datanode 9d8d98b0-9991-458a-859c-25f8efc1f325{ip: 192.168.151.68, host: pr-hdds-2135-v26ff-2356241440, networkLocation: /default-rack, certSerialId: null}. Reason : 9d8d98b0-9991-458a-859c-25f8efc1f325 has not seen follower/s 0ad894eb-396d-46a7-a4d0-256210dc34c1 for 143311ms 5ecabd24-29f4-44ad-af86-ba12f6ac88ae for 143311ms
2019-09-16 22:25:00,963 [EventQueue-PipelineActionsForPipelineActionHandler] INFO  pipeline.SCMPipelineManager (SCMPipelineManager.java:finalizeAndDestroyPipeline(311)) - destroying pipeline:Pipeline[ Id: 22865676-56fc-4cfd-9d6e-461d11bee149, Nodes: 5ecabd24-29f4-44ad-af86-ba12f6ac88ae{ip: 192.168.151.68, host: pr-hdds-2135-v26ff-2356241440, networkLocation: /default-rack, certSerialId: null}9d8d98b0-9991-458a-859c-25f8efc1f325{ip: 192.168.151.68, host: pr-hdds-2135-v26ff-2356241440, networkLocation: /default-rack, certSerialId: null}0ad894eb-396d-46a7-a4d0-256210dc34c1{ip: 192.168.151.68, host: pr-hdds-2135-v26ff-2356241440, networkLocation: /default-rack, certSerialId: null}, Type:RATIS, Factor:THREE, State:CLOSED]
2019-09-16 22:25:02,471 [org.apache.ratis.server.impl.LogAppender$AppenderDaemon$$Lambda$514/1412847569@7d9d433c] ERROR ratis.XceiverServerRatis (XceiverServerRatis.java:triggerPipelineClose(575)) - pipeline Action CLOSE  on pipeline PipelineID=22865676-56fc-4cfd-9d6e-461d11bee149.Reason : 9d8d98b0-9991-458a-859c-25f8efc1f325 has not seen follower/s 0ad894eb-396d-46a7-a4d0-256210dc34c1 for 145811ms 5ecabd24-29f4-44ad-af86-ba12f6ac88ae for 145811ms
2019-09-16 22:25:02,471 [org.apache.ratis.server.impl.LogAppender$AppenderDaemon$$Lambda$514/1412847569@1a0caeee] ERROR ratis.XceiverServerRatis (XceiverServerRatis.java:triggerPipelineClose(575)) - pipeline Action CLOSE  on pipeline PipelineID=22865676-56fc-4cfd-9d6e-461d11bee149.Reason : 9d8d98b0-9991-458a-859c-25f8efc1f325 has not seen follower/s 0ad894eb-396d-46a7-a4d0-256210dc34c1 for 145811ms 5ecabd24-29f4-44ad-af86-ba12f6ac88ae for 145811ms
2019-09-16 22:25:02,961 [EventQueue-PipelineActionsForPipelineActionHandler] ERROR pipeline.PipelineActionHandler (PipelineActionHandler.java:onMessage(60)) - Received pipeline action CLOSE for Pipeline[ Id: 22865676-56fc-4cfd-9d6e-461d11bee149, Nodes: 5ecabd24-29f4-44ad-af86-ba12f6ac88ae{ip: 192.168.151.68, host: pr-hdds-2135-v26ff-2356241440, networkLocation: /default-rack, certSerialId: null}9d8d98b0-9991-458a-859c-25f8efc1f325{ip: 192.168.151.68, host: pr-hdds-2135-v26ff-2356241440, networkLocation: /default-rack, certSerialId: null}0ad894eb-396d-46a7-a4d0-256210dc34c1{ip: 192.168.151.68, host: pr-hdds-2135-v26ff-2356241440, networkLocation: /default-rack, certSerialId: null}, Type:RATIS, Factor:THREE, State:CLOSED] from datanode 9d8d98b0-9991-458a-859c-25f8efc1f325{ip: 192.168.151.68, host: pr-hdds-2135-v26ff-2356241440, networkLocation: /default-rack, certSerialId: null}. Reason : 9d8d98b0-9991-458a-859c-25f8efc1f325 has not seen follower/s 0ad894eb-396d-46a7-a4d0-256210dc34c1 for 145811ms 5ecabd24-29f4-44ad-af86-ba12f6ac88ae for 145811ms
2019-09-16 22:25:02,962 [EventQueue-PipelineActionsForPipelineActionHandler] INFO  pipeline.SCMPipelineManager (SCMPipelineManager.java:finalizeAndDestroyPipeline(311)) - destroying pipeline:Pipeline[ Id: 22865676-56fc-4cfd-9d6e-461d11bee149, Nodes: 5ecabd24-29f4-44ad-af86-ba12f6ac88ae{ip: 192.168.151.68, host: pr-hdds-2135-v26ff-2356241440, networkLocation: /default-rack, certSerialId: null}9d8d98b0-9991-458a-859c-25f8efc1f325{ip: 192.168.151.68, host: pr-hdds-2135-v26ff-2356241440, networkLocation: /default-rack, certSerialId: null}0ad894eb-396d-46a7-a4d0-256210dc34c1{ip: 192.168.151.68, host: pr-hdds-2135-v26ff-2356241440, networkLocation: /default-rack, certSerialId: null}, Type:RATIS, Factor:THREE, State:CLOSED]
2019-09-16 22:25:02,970 [java.util.concurrent.ThreadPoolExecutor$Worker@2e2170a4[State = -1, empty queue]] WARN  server.GrpcLogAppender (GrpcLogAppender.java:timeoutAppendRequest(200)) - 9d8d98b0-9991-458a-859c-25f8efc1f325@group-461D11BEE149->5ecabd24-29f4-44ad-af86-ba12f6ac88ae-GrpcLogAppender: appendEntries Timeout, request=9d8d98b0-9991-458a-859c-25f8efc1f325->5ecabd24-29f4-44ad-af86-ba12f6ac88ae#72-t1, previous=(t:1, i:13), leaderCommit=6, initializing? false, entries: <empty>
2019-09-16 22:25:02,970 [java.util.concurrent.ThreadPoolExecutor$Worker@890ec9d[State = -1, empty queue]] WARN  server.GrpcLogAppender (GrpcLogAppender.java:timeoutAppendRequest(200)) - 9d8d98b0-9991-458a-859c-25f8efc1f325@group-461D11BEE149->0ad894eb-396d-46a7-a4d0-256210dc34c1-GrpcLogAppender: appendEntries Timeout, request=9d8d98b0-9991-458a-859c-25f8efc1f325->0ad894eb-396d-46a7-a4d0-256210dc34c1#72-t1, previous=(t:1, i:13), leaderCommit=6, initializing? false, entries: <empty>
2019-09-16 22:25:03,200 [grpc-default-executor-6] INFO  client.GrpcClientProtocolClient (GrpcClientProtocolClient.java:onNext(264)) - client-D4E1B6F8AD48->0ad894eb-396d-46a7-a4d0-256210dc34c1: receive RaftClientReply:client-D4E1B6F8AD48->0ad894eb-396d-46a7-a4d0-256210dc34c1@group-461D11BEE149, cid=48, FAILED org.apache.ratis.protocol.NotLeaderException: Server 0ad894eb-396d-46a7-a4d0-256210dc34c1@group-461D11BEE149 is not the leader 9d8d98b0-9991-458a-859c-25f8efc1f325:192.168.151.68:46204, logIndex=0, commits[0ad894eb-396d-46a7-a4d0-256210dc34c1:c6, 9d8d98b0-9991-458a-859c-25f8efc1f325:c6, 5ecabd24-29f4-44ad-af86-ba12f6ac88ae:c6]
2019-09-16 22:25:04,971 [org.apache.ratis.server.impl.LogAppender$AppenderDaemon$$Lambda$514/1412847569@7d9d433c] ERROR ratis.XceiverServerRatis (XceiverServerRatis.java:triggerPipelineClose(575)) - pipeline Action CLOSE  on pipeline PipelineID=22865676-56fc-4cfd-9d6e-461d11bee149.Reason : 9d8d98b0-9991-458a-859c-25f8efc1f325 has not seen follower/s 0ad894eb-396d-46a7-a4d0-256210dc34c1 for 148312ms 5ecabd24-29f4-44ad-af86-ba12f6ac88ae for 148312ms
2019-09-16 22:25:04,971 [org.apache.ratis.server.impl.LogAppender$AppenderDaemon$$Lambda$514/1412847569@1a0caeee] ERROR ratis.XceiverServerRatis (XceiverServerRatis.java:triggerPipelineClose(575)) - pipeline Action CLOSE  on pipeline PipelineID=22865676-56fc-4cfd-9d6e-461d11bee149.Reason : 9d8d98b0-9991-458a-859c-25f8efc1f325 has not seen follower/s 0ad894eb-396d-46a7-a4d0-256210dc34c1 for 148312ms 5ecabd24-29f4-44ad-af86-ba12f6ac88ae for 148312ms
2019-09-16 22:25:05,470 [java.util.concurrent.ThreadPoolExecutor$Worker@2e2170a4[State = -1, empty queue]] WARN  server.GrpcLogAppender (GrpcLogAppender.java:timeoutAppendRequest(200)) - 9d8d98b0-9991-458a-859c-25f8efc1f325@group-461D11BEE149->5ecabd24-29f4-44ad-af86-ba12f6ac88ae-GrpcLogAppender: appendEntries Timeout, request=9d8d98b0-9991-458a-859c-25f8efc1f325->5ecabd24-29f4-44ad-af86-ba12f6ac88ae#73-t1, previous=(t:1, i:13), leaderCommit=6, initializing? false, entries: <empty>
2019-09-16 22:25:05,471 [java.util.concurrent.ThreadPoolExecutor$Worker@890ec9d[State = -1, empty queue]] WARN  server.GrpcLogAppender (GrpcLogAppender.java:timeoutAppendRequest(200)) - 9d8d98b0-9991-458a-859c-25f8efc1f325@group-461D11BEE149->0ad894eb-396d-46a7-a4d0-256210dc34c1-GrpcLogAppender: appendEntries Timeout, request=9d8d98b0-9991-458a-859c-25f8efc1f325->0ad894eb-396d-46a7-a4d0-256210dc34c1#73-t1, previous=(t:1, i:13), leaderCommit=6, initializing? false, entries: <empty>
2019-09-16 22:25:05,961 [EventQueue-PipelineActionsForPipelineActionHandler] ERROR pipeline.PipelineActionHandler (PipelineActionHandler.java:onMessage(60)) - Received pipeline action CLOSE for Pipeline[ Id: 22865676-56fc-4cfd-9d6e-461d11bee149, Nodes: 5ecabd24-29f4-44ad-af86-ba12f6ac88ae{ip: 192.168.151.68, host: pr-hdds-2135-v26ff-2356241440, networkLocation: /default-rack, certSerialId: null}9d8d98b0-9991-458a-859c-25f8efc1f325{ip: 192.168.151.68, host: pr-hdds-2135-v26ff-2356241440, networkLocation: /default-rack, certSerialId: null}0ad894eb-396d-46a7-a4d0-256210dc34c1{ip: 192.168.151.68, host: pr-hdds-2135-v26ff-2356241440, networkLocation: /default-rack, certSerialId: null}, Type:RATIS, Factor:THREE, State:CLOSED] from datanode 9d8d98b0-9991-458a-859c-25f8efc1f325{ip: 192.168.151.68, host: pr-hdds-2135-v26ff-2356241440, networkLocation: /default-rack, certSerialId: null}. Reason : 9d8d98b0-9991-458a-859c-25f8efc1f325 has not seen follower/s 0ad894eb-396d-46a7-a4d0-256210dc34c1 for 148312ms 5ecabd24-29f4-44ad-af86-ba12f6ac88ae for 148312ms
2019-09-16 22:25:05,962 [EventQueue-PipelineActionsForPipelineActionHandler] INFO  pipeline.SCMPipelineManager (SCMPipelineManager.java:finalizeAndDestroyPipeline(311)) - destroying pipeline:Pipeline[ Id: 22865676-56fc-4cfd-9d6e-461d11bee149, Nodes: 5ecabd24-29f4-44ad-af86-ba12f6ac88ae{ip: 192.168.151.68, host: pr-hdds-2135-v26ff-2356241440, networkLocation: /default-rack, certSerialId: null}9d8d98b0-9991-458a-859c-25f8efc1f325{ip: 192.168.151.68, host: pr-hdds-2135-v26ff-2356241440, networkLocation: /default-rack, certSerialId: null}0ad894eb-396d-46a7-a4d0-256210dc34c1{ip: 192.168.151.68, host: pr-hdds-2135-v26ff-2356241440, networkLocation: /default-rack, certSerialId: null}, Type:RATIS, Factor:THREE, State:CLOSED]
2019-09-16 22:25:06,894 [9d8d98b0-9991-458a-859c-25f8efc1f325@group-461D11BEE149-SegmentedRaftLogWorker] WARN  segmented.SegmentedRaftLogWorker (SegmentedRaftLogWorker.java:getFromFuture(90)) - Timeout 14/~
org.apache.ratis.protocol.TimeoutIOException: Timeout 10s: WriteLog:8: (t:1, i:8), STATEMACHINELOGENTRY, client-D4E1B6F8AD48, cid=49-writeStateMachineData
	at org.apache.ratis.util.IOUtils.getFromFuture(IOUtils.java:87)
	at org.apache.ratis.server.raftlog.segmented.SegmentedRaftLogWorker$StateMachineDataPolicy.getFromFuture(SegmentedRaftLogWorker.java:87)
	at org.apache.ratis.server.raftlog.segmented.SegmentedRaftLogWorker$WriteLog.execute(SegmentedRaftLogWorker.java:477)
	at org.apache.ratis.server.raftlog.segmented.SegmentedRaftLogWorker.run(SegmentedRaftLogWorker.java:289)
	at java.lang.Thread.run(Thread.java:748)
Caused by: java.util.concurrent.TimeoutException
	at java.util.concurrent.CompletableFuture.timedGet(CompletableFuture.java:1771)
	at java.util.concurrent.CompletableFuture.get(CompletableFuture.java:1915)
	at org.apache.ratis.util.IOUtils.getFromFuture(IOUtils.java:79)
	... 4 more
2019-09-16 22:25:06,911 [0ad894eb-396d-46a7-a4d0-256210dc34c1@group-461D11BEE149-SegmentedRaftLogWorker] WARN  segmented.SegmentedRaftLogWorker (SegmentedRaftLogWorker.java:getFromFuture(90)) - Timeout 14/~
org.apache.ratis.protocol.TimeoutIOException: Timeout 10s: WriteLog:8: (t:1, i:8), STATEMACHINELOGENTRY, client-D4E1B6F8AD48, cid=49-writeStateMachineData
	at org.apache.ratis.util.IOUtils.getFromFuture(IOUtils.java:87)
	at org.apache.ratis.server.raftlog.segmented.SegmentedRaftLogWorker$StateMachineDataPolicy.getFromFuture(SegmentedRaftLogWorker.java:87)
	at org.apache.ratis.server.raftlog.segmented.SegmentedRaftLogWorker$WriteLog.execute(SegmentedRaftLogWorker.java:477)
	at org.apache.ratis.server.raftlog.segmented.SegmentedRaftLogWorker.run(SegmentedRaftLogWorker.java:289)
	at java.lang.Thread.run(Thread.java:748)
Caused by: java.util.concurrent.TimeoutException
	at java.util.concurrent.CompletableFuture.timedGet(CompletableFuture.java:1771)
	at java.util.concurrent.CompletableFuture.get(CompletableFuture.java:1915)
	at org.apache.ratis.util.IOUtils.getFromFuture(IOUtils.java:79)
	... 4 more
2019-09-16 22:25:06,912 [5ecabd24-29f4-44ad-af86-ba12f6ac88ae@group-461D11BEE149-SegmentedRaftLogWorker] WARN  segmented.SegmentedRaftLogWorker (SegmentedRaftLogWorker.java:getFromFuture(90)) - Timeout 14/~
org.apache.ratis.protocol.TimeoutIOException: Timeout 10s: WriteLog:8: (t:1, i:8), STATEMACHINELOGENTRY, client-D4E1B6F8AD48, cid=49-writeStateMachineData
	at org.apache.ratis.util.IOUtils.getFromFuture(IOUtils.java:87)
	at org.apache.ratis.server.raftlog.segmented.SegmentedRaftLogWorker$StateMachineDataPolicy.getFromFuture(SegmentedRaftLogWorker.java:87)
	at org.apache.ratis.server.raftlog.segmented.SegmentedRaftLogWorker$WriteLog.execute(SegmentedRaftLogWorker.java:477)
	at org.apache.ratis.server.raftlog.segmented.SegmentedRaftLogWorker.run(SegmentedRaftLogWorker.java:289)
	at java.lang.Thread.run(Thread.java:748)
Caused by: java.util.concurrent.TimeoutException
	at java.util.concurrent.CompletableFuture.timedGet(CompletableFuture.java:1771)
	at java.util.concurrent.CompletableFuture.get(CompletableFuture.java:1915)
	at org.apache.ratis.util.IOUtils.getFromFuture(IOUtils.java:79)
	... 4 more
2019-09-16 22:25:07,472 [org.apache.ratis.server.impl.LogAppender$AppenderDaemon$$Lambda$514/1412847569@7d9d433c] ERROR ratis.XceiverServerRatis (XceiverServerRatis.java:triggerPipelineClose(575)) - pipeline Action CLOSE  on pipeline PipelineID=22865676-56fc-4cfd-9d6e-461d11bee149.Reason : 9d8d98b0-9991-458a-859c-25f8efc1f325 has not seen follower/s 0ad894eb-396d-46a7-a4d0-256210dc34c1 for 150813ms 5ecabd24-29f4-44ad-af86-ba12f6ac88ae for 150813ms
2019-09-16 22:25:07,472 [org.apache.ratis.server.impl.LogAppender$AppenderDaemon$$Lambda$514/1412847569@1a0caeee] ERROR ratis.XceiverServerRatis (XceiverServerRatis.java:triggerPipelineClose(575)) - pipeline Action CLOSE  on pipeline PipelineID=22865676-56fc-4cfd-9d6e-461d11bee149.Reason : 9d8d98b0-9991-458a-859c-25f8efc1f325 has not seen follower/s 0ad894eb-396d-46a7-a4d0-256210dc34c1 for 150813ms 5ecabd24-29f4-44ad-af86-ba12f6ac88ae for 150813ms
2019-09-16 22:25:07,961 [EventQueue-PipelineActionsForPipelineActionHandler] ERROR pipeline.PipelineActionHandler (PipelineActionHandler.java:onMessage(60)) - Received pipeline action CLOSE for Pipeline[ Id: 22865676-56fc-4cfd-9d6e-461d11bee149, Nodes: 5ecabd24-29f4-44ad-af86-ba12f6ac88ae{ip: 192.168.151.68, host: pr-hdds-2135-v26ff-2356241440, networkLocation: /default-rack, certSerialId: null}9d8d98b0-9991-458a-859c-25f8efc1f325{ip: 192.168.151.68, host: pr-hdds-2135-v26ff-2356241440, networkLocation: /default-rack, certSerialId: null}0ad894eb-396d-46a7-a4d0-256210dc34c1{ip: 192.168.151.68, host: pr-hdds-2135-v26ff-2356241440, networkLocation: /default-rack, certSerialId: null}, Type:RATIS, Factor:THREE, State:CLOSED] from datanode 9d8d98b0-9991-458a-859c-25f8efc1f325{ip: 192.168.151.68, host: pr-hdds-2135-v26ff-2356241440, networkLocation: /default-rack, certSerialId: null}. Reason : 9d8d98b0-9991-458a-859c-25f8efc1f325 has not seen follower/s 0ad894eb-396d-46a7-a4d0-256210dc34c1 for 150813ms 5ecabd24-29f4-44ad-af86-ba12f6ac88ae for 150813ms
2019-09-16 22:25:07,962 [EventQueue-PipelineActionsForPipelineActionHandler] INFO  pipeline.SCMPipelineManager (SCMPipelineManager.java:finalizeAndDestroyPipeline(311)) - destroying pipeline:Pipeline[ Id: 22865676-56fc-4cfd-9d6e-461d11bee149, Nodes: 5ecabd24-29f4-44ad-af86-ba12f6ac88ae{ip: 192.168.151.68, host: pr-hdds-2135-v26ff-2356241440, networkLocation: /default-rack, certSerialId: null}9d8d98b0-9991-458a-859c-25f8efc1f325{ip: 192.168.151.68, host: pr-hdds-2135-v26ff-2356241440, networkLocation: /default-rack, certSerialId: null}0ad894eb-396d-46a7-a4d0-256210dc34c1{ip: 192.168.151.68, host: pr-hdds-2135-v26ff-2356241440, networkLocation: /default-rack, certSerialId: null}, Type:RATIS, Factor:THREE, State:CLOSED]
2019-09-16 22:25:07,971 [java.util.concurrent.ThreadPoolExecutor$Worker@2e2170a4[State = -1, empty queue]] WARN  server.GrpcLogAppender (GrpcLogAppender.java:timeoutAppendRequest(200)) - 9d8d98b0-9991-458a-859c-25f8efc1f325@group-461D11BEE149->5ecabd24-29f4-44ad-af86-ba12f6ac88ae-GrpcLogAppender: appendEntries Timeout, request=9d8d98b0-9991-458a-859c-25f8efc1f325->5ecabd24-29f4-44ad-af86-ba12f6ac88ae#74-t1, previous=(t:1, i:13), leaderCommit=6, initializing? false, entries: <empty>
2019-09-16 22:25:07,971 [java.util.concurrent.ThreadPoolExecutor$Worker@890ec9d[State = -1, empty queue]] WARN  server.GrpcLogAppender (GrpcLogAppender.java:timeoutAppendRequest(200)) - 9d8d98b0-9991-458a-859c-25f8efc1f325@group-461D11BEE149->0ad894eb-396d-46a7-a4d0-256210dc34c1-GrpcLogAppender: appendEntries Timeout, request=9d8d98b0-9991-458a-859c-25f8efc1f325->0ad894eb-396d-46a7-a4d0-256210dc34c1#74-t1, previous=(t:1, i:13), leaderCommit=6, initializing? false, entries: <empty>
2019-09-16 22:25:08,234 [grpc-default-executor-2] INFO  client.GrpcClientProtocolClient (GrpcClientProtocolClient.java:onNext(264)) - client-D4E1B6F8AD48->5ecabd24-29f4-44ad-af86-ba12f6ac88ae: receive RaftClientReply:client-D4E1B6F8AD48->5ecabd24-29f4-44ad-af86-ba12f6ac88ae@group-461D11BEE149, cid=48, FAILED org.apache.ratis.protocol.NotLeaderException: Server 5ecabd24-29f4-44ad-af86-ba12f6ac88ae@group-461D11BEE149 is not the leader 9d8d98b0-9991-458a-859c-25f8efc1f325:192.168.151.68:46204, logIndex=0, commits[5ecabd24-29f4-44ad-af86-ba12f6ac88ae:c6, 9d8d98b0-9991-458a-859c-25f8efc1f325:c6, 0ad894eb-396d-46a7-a4d0-256210dc34c1:c6]
2019-09-16 22:25:09,973 [org.apache.ratis.server.impl.LogAppender$AppenderDaemon$$Lambda$514/1412847569@7d9d433c] ERROR ratis.XceiverServerRatis (XceiverServerRatis.java:triggerPipelineClose(575)) - pipeline Action CLOSE  on pipeline PipelineID=22865676-56fc-4cfd-9d6e-461d11bee149.Reason : 9d8d98b0-9991-458a-859c-25f8efc1f325 has not seen follower/s 0ad894eb-396d-46a7-a4d0-256210dc34c1 for 153313ms 5ecabd24-29f4-44ad-af86-ba12f6ac88ae for 153313ms
2019-09-16 22:25:09,973 [org.apache.ratis.server.impl.LogAppender$AppenderDaemon$$Lambda$514/1412847569@1a0caeee] ERROR ratis.XceiverServerRatis (XceiverServerRatis.java:triggerPipelineClose(575)) - pipeline Action CLOSE  on pipeline PipelineID=22865676-56fc-4cfd-9d6e-461d11bee149.Reason : 9d8d98b0-9991-458a-859c-25f8efc1f325 has not seen follower/s 0ad894eb-396d-46a7-a4d0-256210dc34c1 for 153313ms 5ecabd24-29f4-44ad-af86-ba12f6ac88ae for 153314ms
2019-09-16 22:25:10,472 [java.util.concurrent.ThreadPoolExecutor$Worker@2e2170a4[State = -1, empty queue]] WARN  server.GrpcLogAppender (GrpcLogAppender.java:timeoutAppendRequest(200)) - 9d8d98b0-9991-458a-859c-25f8efc1f325@group-461D11BEE149->5ecabd24-29f4-44ad-af86-ba12f6ac88ae-GrpcLogAppender: appendEntries Timeout, request=9d8d98b0-9991-458a-859c-25f8efc1f325->5ecabd24-29f4-44ad-af86-ba12f6ac88ae#75-t1, previous=(t:1, i:13), leaderCommit=6, initializing? false, entries: <empty>
2019-09-16 22:25:10,472 [java.util.concurrent.ThreadPoolExecutor$Worker@890ec9d[State = -1, empty queue]] WARN  server.GrpcLogAppender (GrpcLogAppender.java:timeoutAppendRequest(200)) - 9d8d98b0-9991-458a-859c-25f8efc1f325@group-461D11BEE149->0ad894eb-396d-46a7-a4d0-256210dc34c1-GrpcLogAppender: appendEntries Timeout, request=9d8d98b0-9991-458a-859c-25f8efc1f325->0ad894eb-396d-46a7-a4d0-256210dc34c1#75-t1, previous=(t:1, i:13), leaderCommit=6, initializing? false, entries: <empty>
2019-09-16 22:25:10,962 [EventQueue-PipelineActionsForPipelineActionHandler] ERROR pipeline.PipelineActionHandler (PipelineActionHandler.java:onMessage(60)) - Received pipeline action CLOSE for Pipeline[ Id: 22865676-56fc-4cfd-9d6e-461d11bee149, Nodes: 5ecabd24-29f4-44ad-af86-ba12f6ac88ae{ip: 192.168.151.68, host: pr-hdds-2135-v26ff-2356241440, networkLocation: /default-rack, certSerialId: null}9d8d98b0-9991-458a-859c-25f8efc1f325{ip: 192.168.151.68, host: pr-hdds-2135-v26ff-2356241440, networkLocation: /default-rack, certSerialId: null}0ad894eb-396d-46a7-a4d0-256210dc34c1{ip: 192.168.151.68, host: pr-hdds-2135-v26ff-2356241440, networkLocation: /default-rack, certSerialId: null}, Type:RATIS, Factor:THREE, State:CLOSED] from datanode 9d8d98b0-9991-458a-859c-25f8efc1f325{ip: 192.168.151.68, host: pr-hdds-2135-v26ff-2356241440, networkLocation: /default-rack, certSerialId: null}. Reason : 9d8d98b0-9991-458a-859c-25f8efc1f325 has not seen follower/s 0ad894eb-396d-46a7-a4d0-256210dc34c1 for 153313ms 5ecabd24-29f4-44ad-af86-ba12f6ac88ae for 153313ms
2019-09-16 22:25:10,962 [EventQueue-PipelineActionsForPipelineActionHandler] INFO  pipeline.SCMPipelineManager (SCMPipelineManager.java:finalizeAndDestroyPipeline(311)) - destroying pipeline:Pipeline[ Id: 22865676-56fc-4cfd-9d6e-461d11bee149, Nodes: 5ecabd24-29f4-44ad-af86-ba12f6ac88ae{ip: 192.168.151.68, host: pr-hdds-2135-v26ff-2356241440, networkLocation: /default-rack, certSerialId: null}9d8d98b0-9991-458a-859c-25f8efc1f325{ip: 192.168.151.68, host: pr-hdds-2135-v26ff-2356241440, networkLocation: /default-rack, certSerialId: null}0ad894eb-396d-46a7-a4d0-256210dc34c1{ip: 192.168.151.68, host: pr-hdds-2135-v26ff-2356241440, networkLocation: /default-rack, certSerialId: null}, Type:RATIS, Factor:THREE, State:CLOSED]
2019-09-16 22:25:12,474 [org.apache.ratis.server.impl.LogAppender$AppenderDaemon$$Lambda$514/1412847569@1a0caeee] ERROR ratis.XceiverServerRatis (XceiverServerRatis.java:triggerPipelineClose(575)) - pipeline Action CLOSE  on pipeline PipelineID=22865676-56fc-4cfd-9d6e-461d11bee149.Reason : 9d8d98b0-9991-458a-859c-25f8efc1f325 has not seen follower/s 0ad894eb-396d-46a7-a4d0-256210dc34c1 for 155815ms 5ecabd24-29f4-44ad-af86-ba12f6ac88ae for 155815ms
2019-09-16 22:25:12,474 [org.apache.ratis.server.impl.LogAppender$AppenderDaemon$$Lambda$514/1412847569@7d9d433c] ERROR ratis.XceiverServerRatis (XceiverServerRatis.java:triggerPipelineClose(575)) - pipeline Action CLOSE  on pipeline PipelineID=22865676-56fc-4cfd-9d6e-461d11bee149.Reason : 9d8d98b0-9991-458a-859c-25f8efc1f325 has not seen follower/s 0ad894eb-396d-46a7-a4d0-256210dc34c1 for 155815ms 5ecabd24-29f4-44ad-af86-ba12f6ac88ae for 155815ms
2019-09-16 22:25:12,961 [EventQueue-PipelineActionsForPipelineActionHandler] ERROR pipeline.PipelineActionHandler (PipelineActionHandler.java:onMessage(60)) - Received pipeline action CLOSE for Pipeline[ Id: 22865676-56fc-4cfd-9d6e-461d11bee149, Nodes: 5ecabd24-29f4-44ad-af86-ba12f6ac88ae{ip: 192.168.151.68, host: pr-hdds-2135-v26ff-2356241440, networkLocation: /default-rack, certSerialId: null}9d8d98b0-9991-458a-859c-25f8efc1f325{ip: 192.168.151.68, host: pr-hdds-2135-v26ff-2356241440, networkLocation: /default-rack, certSerialId: null}0ad894eb-396d-46a7-a4d0-256210dc34c1{ip: 192.168.151.68, host: pr-hdds-2135-v26ff-2356241440, networkLocation: /default-rack, certSerialId: null}, Type:RATIS, Factor:THREE, State:CLOSED] from datanode 9d8d98b0-9991-458a-859c-25f8efc1f325{ip: 192.168.151.68, host: pr-hdds-2135-v26ff-2356241440, networkLocation: /default-rack, certSerialId: null}. Reason : 9d8d98b0-9991-458a-859c-25f8efc1f325 has not seen follower/s 0ad894eb-396d-46a7-a4d0-256210dc34c1 for 155815ms 5ecabd24-29f4-44ad-af86-ba12f6ac88ae for 155815ms
2019-09-16 22:25:12,962 [EventQueue-PipelineActionsForPipelineActionHandler] INFO  pipeline.SCMPipelineManager (SCMPipelineManager.java:finalizeAndDestroyPipeline(311)) - destroying pipeline:Pipeline[ Id: 22865676-56fc-4cfd-9d6e-461d11bee149, Nodes: 5ecabd24-29f4-44ad-af86-ba12f6ac88ae{ip: 192.168.151.68, host: pr-hdds-2135-v26ff-2356241440, networkLocation: /default-rack, certSerialId: null}9d8d98b0-9991-458a-859c-25f8efc1f325{ip: 192.168.151.68, host: pr-hdds-2135-v26ff-2356241440, networkLocation: /default-rack, certSerialId: null}0ad894eb-396d-46a7-a4d0-256210dc34c1{ip: 192.168.151.68, host: pr-hdds-2135-v26ff-2356241440, networkLocation: /default-rack, certSerialId: null}, Type:RATIS, Factor:THREE, State:CLOSED]
2019-09-16 22:25:12,973 [java.util.concurrent.ThreadPoolExecutor$Worker@2e2170a4[State = -1, empty queue]] WARN  server.GrpcLogAppender (GrpcLogAppender.java:timeoutAppendRequest(200)) - 9d8d98b0-9991-458a-859c-25f8efc1f325@group-461D11BEE149->5ecabd24-29f4-44ad-af86-ba12f6ac88ae-GrpcLogAppender: appendEntries Timeout, request=9d8d98b0-9991-458a-859c-25f8efc1f325->5ecabd24-29f4-44ad-af86-ba12f6ac88ae#76-t1, previous=(t:1, i:13), leaderCommit=6, initializing? false, entries: <empty>
2019-09-16 22:25:12,973 [java.util.concurrent.ThreadPoolExecutor$Worker@890ec9d[State = -1, empty queue]] WARN  server.GrpcLogAppender (GrpcLogAppender.java:timeoutAppendRequest(200)) - 9d8d98b0-9991-458a-859c-25f8efc1f325@group-461D11BEE149->0ad894eb-396d-46a7-a4d0-256210dc34c1-GrpcLogAppender: appendEntries Timeout, request=9d8d98b0-9991-458a-859c-25f8efc1f325->0ad894eb-396d-46a7-a4d0-256210dc34c1#76-t1, previous=(t:1, i:13), leaderCommit=6, initializing? false, entries: <empty>
2019-09-16 22:25:13,296 [grpc-default-executor-2] INFO  client.GrpcClientProtocolClient (GrpcClientProtocolClient.java:onNext(264)) - client-D4E1B6F8AD48->5ecabd24-29f4-44ad-af86-ba12f6ac88ae: receive RaftClientReply:client-D4E1B6F8AD48->5ecabd24-29f4-44ad-af86-ba12f6ac88ae@group-461D11BEE149, cid=48, FAILED org.apache.ratis.protocol.NotLeaderException: Server 5ecabd24-29f4-44ad-af86-ba12f6ac88ae@group-461D11BEE149 is not the leader 9d8d98b0-9991-458a-859c-25f8efc1f325:192.168.151.68:46204, logIndex=0, commits[5ecabd24-29f4-44ad-af86-ba12f6ac88ae:c6, 9d8d98b0-9991-458a-859c-25f8efc1f325:c6, 0ad894eb-396d-46a7-a4d0-256210dc34c1:c6]
2019-09-16 22:25:14,976 [org.apache.ratis.server.impl.LogAppender$AppenderDaemon$$Lambda$514/1412847569@7d9d433c] ERROR ratis.XceiverServerRatis (XceiverServerRatis.java:triggerPipelineClose(575)) - pipeline Action CLOSE  on pipeline PipelineID=22865676-56fc-4cfd-9d6e-461d11bee149.Reason : 9d8d98b0-9991-458a-859c-25f8efc1f325 has not seen follower/s 0ad894eb-396d-46a7-a4d0-256210dc34c1 for 158316ms 5ecabd24-29f4-44ad-af86-ba12f6ac88ae for 158316ms
2019-09-16 22:25:14,976 [org.apache.ratis.server.impl.LogAppender$AppenderDaemon$$Lambda$514/1412847569@1a0caeee] ERROR ratis.XceiverServerRatis (XceiverServerRatis.java:triggerPipelineClose(575)) - pipeline Action CLOSE  on pipeline PipelineID=22865676-56fc-4cfd-9d6e-461d11bee149.Reason : 9d8d98b0-9991-458a-859c-25f8efc1f325 has not seen follower/s 0ad894eb-396d-46a7-a4d0-256210dc34c1 for 158316ms 5ecabd24-29f4-44ad-af86-ba12f6ac88ae for 158316ms
2019-09-16 22:25:15,165 [grpc-default-executor-5] INFO  impl.RaftServerProxy (RaftServerProxy.java:addNew(89)) - 5ecabd24-29f4-44ad-af86-ba12f6ac88ae: addNew group-7F526C56D1E5:[9d8d98b0-9991-458a-859c-25f8efc1f325:192.168.151.68:46204, 0ad894eb-396d-46a7-a4d0-256210dc34c1:192.168.151.68:43421, 5ecabd24-29f4-44ad-af86-ba12f6ac88ae:192.168.151.68:37146] returns group-7F526C56D1E5:java.util.concurrent.CompletableFuture@1fe0356e[Not completed]
2019-09-16 22:25:15,165 [grpc-default-executor-2] INFO  impl.RaftServerProxy (RaftServerProxy.java:addNew(89)) - 0ad894eb-396d-46a7-a4d0-256210dc34c1: addNew group-7F526C56D1E5:[9d8d98b0-9991-458a-859c-25f8efc1f325:192.168.151.68:46204, 0ad894eb-396d-46a7-a4d0-256210dc34c1:192.168.151.68:43421, 5ecabd24-29f4-44ad-af86-ba12f6ac88ae:192.168.151.68:37146] returns group-7F526C56D1E5:java.util.concurrent.CompletableFuture@171210ad[Not completed]
2019-09-16 22:25:15,165 [grpc-default-executor-6] INFO  impl.RaftServerProxy (RaftServerProxy.java:addNew(89)) - 9d8d98b0-9991-458a-859c-25f8efc1f325: addNew group-7F526C56D1E5:[9d8d98b0-9991-458a-859c-25f8efc1f325:192.168.151.68:46204, 0ad894eb-396d-46a7-a4d0-256210dc34c1:192.168.151.68:43421, 5ecabd24-29f4-44ad-af86-ba12f6ac88ae:192.168.151.68:37146] returns group-7F526C56D1E5:java.util.concurrent.CompletableFuture@20bd52c[Not completed]
2019-09-16 22:25:15,171 [pool-77-thread-1] INFO  impl.RaftServerImpl (RaftServerImpl.java:<init>(95)) - 0ad894eb-396d-46a7-a4d0-256210dc34c1: new RaftServerImpl for group-7F526C56D1E5:[9d8d98b0-9991-458a-859c-25f8efc1f325:192.168.151.68:46204, 0ad894eb-396d-46a7-a4d0-256210dc34c1:192.168.151.68:43421, 5ecabd24-29f4-44ad-af86-ba12f6ac88ae:192.168.151.68:37146] with ContainerStateMachine:uninitialized
2019-09-16 22:25:15,172 [pool-77-thread-1] INFO  server.RaftServerConfigKeys (ConfUtils.java:logGet(43)) - raft.server.rpc.timeout.min = 5s (custom)
2019-09-16 22:25:15,172 [pool-77-thread-1] INFO  server.RaftServerConfigKeys (ConfUtils.java:logGet(43)) - raft.server.rpc.timeout.max = 5200ms (custom)
2019-09-16 22:25:15,172 [pool-77-thread-1] INFO  server.RaftServerConfigKeys (ConfUtils.java:logGet(43)) - raft.server.rpcslowness.timeout = 120s (custom)
2019-09-16 22:25:15,172 [pool-67-thread-1] INFO  impl.RaftServerImpl (RaftServerImpl.java:<init>(95)) - 5ecabd24-29f4-44ad-af86-ba12f6ac88ae: new RaftServerImpl for group-7F526C56D1E5:[9d8d98b0-9991-458a-859c-25f8efc1f325:192.168.151.68:46204, 0ad894eb-396d-46a7-a4d0-256210dc34c1:192.168.151.68:43421, 5ecabd24-29f4-44ad-af86-ba12f6ac88ae:192.168.151.68:37146] with ContainerStateMachine:uninitialized
2019-09-16 22:25:15,172 [pool-77-thread-1] INFO  server.RaftServerConfigKeys (ConfUtils.java:logGet(43)) - raft.server.sleep.deviation.threshold = 300 (default)
2019-09-16 22:25:15,172 [pool-67-thread-1] INFO  server.RaftServerConfigKeys (ConfUtils.java:logGet(43)) - raft.server.rpc.timeout.min = 5s (custom)
2019-09-16 22:25:15,173 [pool-77-thread-1] INFO  server.RaftServerConfigKeys (ConfUtils.java:logGet(43)) - raft.server.log.appender.install.snapshot.enabled = false (custom)
2019-09-16 22:25:15,173 [pool-67-thread-1] INFO  server.RaftServerConfigKeys (ConfUtils.java:logGet(43)) - raft.server.rpc.timeout.max = 5200ms (custom)
2019-09-16 22:25:15,173 [pool-77-thread-1] INFO  impl.RaftServerImpl (ServerState.java:<init>(103)) - 0ad894eb-396d-46a7-a4d0-256210dc34c1@group-7F526C56D1E5: ConfigurationManager, init=-1: [9d8d98b0-9991-458a-859c-25f8efc1f325:192.168.151.68:46204, 0ad894eb-396d-46a7-a4d0-256210dc34c1:192.168.151.68:43421, 5ecabd24-29f4-44ad-af86-ba12f6ac88ae:192.168.151.68:37146], old=null, confs=<EMPTY_MAP>
2019-09-16 22:25:15,173 [pool-67-thread-1] INFO  server.RaftServerConfigKeys (ConfUtils.java:logGet(43)) - raft.server.rpcslowness.timeout = 120s (custom)
2019-09-16 22:25:15,173 [pool-57-thread-1] INFO  impl.RaftServerImpl (RaftServerImpl.java:<init>(95)) - 9d8d98b0-9991-458a-859c-25f8efc1f325: new RaftServerImpl for group-7F526C56D1E5:[9d8d98b0-9991-458a-859c-25f8efc1f325:192.168.151.68:46204, 0ad894eb-396d-46a7-a4d0-256210dc34c1:192.168.151.68:43421, 5ecabd24-29f4-44ad-af86-ba12f6ac88ae:192.168.151.68:37146] with ContainerStateMachine:uninitialized
2019-09-16 22:25:15,173 [pool-67-thread-1] INFO  server.RaftServerConfigKeys (ConfUtils.java:logGet(43)) - raft.server.sleep.deviation.threshold = 300 (default)
2019-09-16 22:25:15,173 [pool-57-thread-1] INFO  server.RaftServerConfigKeys (ConfUtils.java:logGet(43)) - raft.server.rpc.timeout.min = 5s (custom)
2019-09-16 22:25:15,173 [pool-77-thread-1] INFO  server.RaftServerConfigKeys (ConfUtils.java:logGet(43)) - raft.server.storage.dir = [/workdir/hadoop-ozone/integration-test/target/test-dir/MiniOzoneClusterImpl-0831896c-8462-4536-87a9-38bb54f03984/datanode-5/data/ratis] (custom)
2019-09-16 22:25:15,174 [pool-57-thread-1] INFO  server.RaftServerConfigKeys (ConfUtils.java:logGet(43)) - raft.server.rpc.timeout.max = 5200ms (custom)
2019-09-16 22:25:15,174 [pool-67-thread-1] INFO  server.RaftServerConfigKeys (ConfUtils.java:logGet(43)) - raft.server.log.appender.install.snapshot.enabled = false (custom)
2019-09-16 22:25:15,174 [pool-57-thread-1] INFO  server.RaftServerConfigKeys (ConfUtils.java:logGet(43)) - raft.server.rpcslowness.timeout = 120s (custom)
2019-09-16 22:25:15,174 [pool-67-thread-1] INFO  impl.RaftServerImpl (ServerState.java:<init>(103)) - 5ecabd24-29f4-44ad-af86-ba12f6ac88ae@group-7F526C56D1E5: ConfigurationManager, init=-1: [9d8d98b0-9991-458a-859c-25f8efc1f325:192.168.151.68:46204, 0ad894eb-396d-46a7-a4d0-256210dc34c1:192.168.151.68:43421, 5ecabd24-29f4-44ad-af86-ba12f6ac88ae:192.168.151.68:37146], old=null, confs=<EMPTY_MAP>
2019-09-16 22:25:15,174 [pool-57-thread-1] INFO  server.RaftServerConfigKeys (ConfUtils.java:logGet(43)) - raft.server.sleep.deviation.threshold = 300 (default)
2019-09-16 22:25:15,175 [pool-77-thread-1] INFO  storage.RaftStorageDirectory (RaftStorageDirectory.java:analyzeStorage(246)) - The storage directory /workdir/hadoop-ozone/integration-test/target/test-dir/MiniOzoneClusterImpl-0831896c-8462-4536-87a9-38bb54f03984/datanode-5/data/ratis/505bc541-8f43-4d7f-bd48-7f526c56d1e5 does not exist. Creating ...
2019-09-16 22:25:15,175 [pool-67-thread-1] INFO  server.RaftServerConfigKeys (ConfUtils.java:logGet(43)) - raft.server.storage.dir = [/workdir/hadoop-ozone/integration-test/target/test-dir/MiniOzoneClusterImpl-0831896c-8462-4536-87a9-38bb54f03984/datanode-4/data/ratis] (custom)
2019-09-16 22:25:15,175 [pool-57-thread-1] INFO  server.RaftServerConfigKeys (ConfUtils.java:logGet(43)) - raft.server.log.appender.install.snapshot.enabled = false (custom)
2019-09-16 22:25:15,175 [pool-57-thread-1] INFO  impl.RaftServerImpl (ServerState.java:<init>(103)) - 9d8d98b0-9991-458a-859c-25f8efc1f325@group-7F526C56D1E5: ConfigurationManager, init=-1: [9d8d98b0-9991-458a-859c-25f8efc1f325:192.168.151.68:46204, 0ad894eb-396d-46a7-a4d0-256210dc34c1:192.168.151.68:43421, 5ecabd24-29f4-44ad-af86-ba12f6ac88ae:192.168.151.68:37146], old=null, confs=<EMPTY_MAP>
2019-09-16 22:25:15,175 [pool-67-thread-1] INFO  storage.RaftStorageDirectory (RaftStorageDirectory.java:analyzeStorage(246)) - The storage directory /workdir/hadoop-ozone/integration-test/target/test-dir/MiniOzoneClusterImpl-0831896c-8462-4536-87a9-38bb54f03984/datanode-4/data/ratis/505bc541-8f43-4d7f-bd48-7f526c56d1e5 does not exist. Creating ...
2019-09-16 22:25:15,175 [pool-57-thread-1] INFO  server.RaftServerConfigKeys (ConfUtils.java:logGet(43)) - raft.server.storage.dir = [/workdir/hadoop-ozone/integration-test/target/test-dir/MiniOzoneClusterImpl-0831896c-8462-4536-87a9-38bb54f03984/datanode-3/data/ratis] (custom)
2019-09-16 22:25:15,176 [pool-57-thread-1] INFO  storage.RaftStorageDirectory (RaftStorageDirectory.java:analyzeStorage(246)) - The storage directory /workdir/hadoop-ozone/integration-test/target/test-dir/MiniOzoneClusterImpl-0831896c-8462-4536-87a9-38bb54f03984/datanode-3/data/ratis/505bc541-8f43-4d7f-bd48-7f526c56d1e5 does not exist. Creating ...
2019-09-16 22:25:15,201 [pool-77-thread-1] INFO  storage.RaftStorageDirectory (RaftStorageDirectory.java:tryLock(328)) - Lock on /workdir/hadoop-ozone/integration-test/target/test-dir/MiniOzoneClusterImpl-0831896c-8462-4536-87a9-38bb54f03984/datanode-5/data/ratis/505bc541-8f43-4d7f-bd48-7f526c56d1e5/in_use.lock acquired by nodename 30548@pr-hdds-2135-v26ff-2356241440
2019-09-16 22:25:15,201 [pool-57-thread-1] INFO  storage.RaftStorageDirectory (RaftStorageDirectory.java:tryLock(328)) - Lock on /workdir/hadoop-ozone/integration-test/target/test-dir/MiniOzoneClusterImpl-0831896c-8462-4536-87a9-38bb54f03984/datanode-3/data/ratis/505bc541-8f43-4d7f-bd48-7f526c56d1e5/in_use.lock acquired by nodename 30548@pr-hdds-2135-v26ff-2356241440
2019-09-16 22:25:15,201 [pool-67-thread-1] INFO  storage.RaftStorageDirectory (RaftStorageDirectory.java:tryLock(328)) - Lock on /workdir/hadoop-ozone/integration-test/target/test-dir/MiniOzoneClusterImpl-0831896c-8462-4536-87a9-38bb54f03984/datanode-4/data/ratis/505bc541-8f43-4d7f-bd48-7f526c56d1e5/in_use.lock acquired by nodename 30548@pr-hdds-2135-v26ff-2356241440
2019-09-16 22:25:15,227 [pool-67-thread-1] INFO  storage.RaftStorage (RaftStorage.java:format(72)) - Storage directory /workdir/hadoop-ozone/integration-test/target/test-dir/MiniOzoneClusterImpl-0831896c-8462-4536-87a9-38bb54f03984/datanode-4/data/ratis/505bc541-8f43-4d7f-bd48-7f526c56d1e5 has been successfully formatted.
2019-09-16 22:25:15,228 [pool-57-thread-1] INFO  storage.RaftStorage (RaftStorage.java:format(72)) - Storage directory /workdir/hadoop-ozone/integration-test/target/test-dir/MiniOzoneClusterImpl-0831896c-8462-4536-87a9-38bb54f03984/datanode-3/data/ratis/505bc541-8f43-4d7f-bd48-7f526c56d1e5 has been successfully formatted.
2019-09-16 22:25:15,228 [pool-77-thread-1] INFO  storage.RaftStorage (RaftStorage.java:format(72)) - Storage directory /workdir/hadoop-ozone/integration-test/target/test-dir/MiniOzoneClusterImpl-0831896c-8462-4536-87a9-38bb54f03984/datanode-5/data/ratis/505bc541-8f43-4d7f-bd48-7f526c56d1e5 has been successfully formatted.
2019-09-16 22:25:15,228 [pool-57-thread-1] INFO  ratis.ContainerStateMachine (ContainerStateMachine.java:loadSnapshot(230)) - group-7F526C56D1E5: The snapshot info is null. Setting the last applied indexto:(t:0, i:~)
2019-09-16 22:25:15,228 [pool-67-thread-1] INFO  ratis.ContainerStateMachine (ContainerStateMachine.java:loadSnapshot(230)) - group-7F526C56D1E5: The snapshot info is null. Setting the last applied indexto:(t:0, i:~)
2019-09-16 22:25:15,228 [pool-57-thread-1] INFO  server.RaftServerConfigKeys (ConfUtils.java:logGet(43)) - raft.server.notification.no-leader.timeout = 120s (custom)
2019-09-16 22:25:15,228 [pool-77-thread-1] INFO  ratis.ContainerStateMachine (ContainerStateMachine.java:loadSnapshot(230)) - group-7F526C56D1E5: The snapshot info is null. Setting the last applied indexto:(t:0, i:~)
2019-09-16 22:25:15,229 [pool-57-thread-1] INFO  server.RaftServerConfigKeys (ConfUtils.java:logGet(43)) - raft.server.log.use.memory = false (default)
2019-09-16 22:25:15,228 [pool-67-thread-1] INFO  server.RaftServerConfigKeys (ConfUtils.java:logGet(43)) - raft.server.notification.no-leader.timeout = 120s (custom)
2019-09-16 22:25:15,229 [pool-57-thread-1] INFO  server.RaftServerConfigKeys (ConfUtils.java:logGet(43)) - raft.server.log.purge.gap = 1000000 (custom)
2019-09-16 22:25:15,229 [pool-77-thread-1] INFO  server.RaftServerConfigKeys (ConfUtils.java:logGet(43)) - raft.server.notification.no-leader.timeout = 120s (custom)
2019-09-16 22:25:15,229 [pool-57-thread-1] INFO  server.RaftServerConfigKeys (ConfUtils.java:logGet(43)) - raft.server.log.appender.buffer.byte-limit = 33554432 (custom)
2019-09-16 22:25:15,229 [pool-67-thread-1] INFO  server.RaftServerConfigKeys (ConfUtils.java:logGet(43)) - raft.server.log.use.memory = false (default)
2019-09-16 22:25:15,230 [pool-57-thread-1] INFO  server.RaftServerConfigKeys (ConfUtils.java:logGet(43)) - raft.server.log.segment.size.max = 1048576 (custom)
2019-09-16 22:25:15,230 [pool-77-thread-1] INFO  server.RaftServerConfigKeys (ConfUtils.java:logGet(43)) - raft.server.log.use.memory = false (default)
2019-09-16 22:25:15,230 [pool-57-thread-1] INFO  server.RaftServerConfigKeys (ConfUtils.java:logGet(43)) - raft.server.log.segment.cache.num.max = 2 (custom)
2019-09-16 22:25:15,230 [pool-67-thread-1] INFO  server.RaftServerConfigKeys (ConfUtils.java:logGet(43)) - raft.server.log.purge.gap = 1000000 (custom)
2019-09-16 22:25:15,230 [pool-57-thread-1] INFO  segmented.SegmentedRaftLogWorker (SegmentedRaftLogWorker.java:<init>(172)) - new 9d8d98b0-9991-458a-859c-25f8efc1f325@group-7F526C56D1E5-SegmentedRaftLogWorker for RaftStorage:Storage Directory /workdir/hadoop-ozone/integration-test/target/test-dir/MiniOzoneClusterImpl-0831896c-8462-4536-87a9-38bb54f03984/datanode-3/data/ratis/505bc541-8f43-4d7f-bd48-7f526c56d1e5
2019-09-16 22:25:15,230 [pool-77-thread-1] INFO  server.RaftServerConfigKeys (ConfUtils.java:logGet(43)) - raft.server.log.purge.gap = 1000000 (custom)
2019-09-16 22:25:15,231 [pool-57-thread-1] INFO  server.RaftServerConfigKeys (ConfUtils.java:logGet(43)) - raft.server.log.queue.byte-limit = 2147483647 (custom)
2019-09-16 22:25:15,231 [pool-67-thread-1] INFO  server.RaftServerConfigKeys (ConfUtils.java:logGet(43)) - raft.server.log.appender.buffer.byte-limit = 33554432 (custom)
2019-09-16 22:25:15,231 [pool-57-thread-1] INFO  server.RaftServerConfigKeys (ConfUtils.java:logGet(43)) - raft.server.log.queue.element-limit = 1024 (custom)
2019-09-16 22:25:15,231 [pool-77-thread-1] INFO  server.RaftServerConfigKeys (ConfUtils.java:logGet(43)) - raft.server.log.appender.buffer.byte-limit = 33554432 (custom)
2019-09-16 22:25:15,232 [pool-57-thread-1] INFO  server.RaftServerConfigKeys (ConfUtils.java:logGet(43)) - raft.server.log.segment.size.max = 1048576 (custom)
2019-09-16 22:25:15,231 [pool-67-thread-1] INFO  server.RaftServerConfigKeys (ConfUtils.java:logGet(43)) - raft.server.log.segment.size.max = 1048576 (custom)
2019-09-16 22:25:15,232 [pool-57-thread-1] INFO  server.RaftServerConfigKeys (ConfUtils.java:logGet(43)) - raft.server.log.preallocated.size = 16384 (custom)
2019-09-16 22:25:15,232 [pool-77-thread-1] INFO  server.RaftServerConfigKeys (ConfUtils.java:logGet(43)) - raft.server.log.segment.size.max = 1048576 (custom)
2019-09-16 22:25:15,232 [pool-57-thread-1] INFO  server.RaftServerConfigKeys (ConfUtils.java:logGet(43)) - raft.server.log.write.buffer.size = 33554432 (custom)
2019-09-16 22:25:15,232 [pool-67-thread-1] INFO  server.RaftServerConfigKeys (ConfUtils.java:logGet(43)) - raft.server.log.segment.cache.num.max = 2 (custom)
2019-09-16 22:25:15,233 [pool-57-thread-1] INFO  server.RaftServerConfigKeys (ConfUtils.java:logGet(43)) - raft.server.log.force.sync.num = 128 (default)
2019-09-16 22:25:15,232 [pool-77-thread-1] INFO  server.RaftServerConfigKeys (ConfUtils.java:logGet(43)) - raft.server.log.segment.cache.num.max = 2 (custom)
2019-09-16 22:25:15,233 [pool-57-thread-1] INFO  server.RaftServerConfigKeys (ConfUtils.java:logGet(43)) - raft.server.log.statemachine.data.sync = true (default)
2019-09-16 22:25:15,233 [pool-67-thread-1] INFO  segmented.SegmentedRaftLogWorker (SegmentedRaftLogWorker.java:<init>(172)) - new 5ecabd24-29f4-44ad-af86-ba12f6ac88ae@group-7F526C56D1E5-SegmentedRaftLogWorker for RaftStorage:Storage Directory /workdir/hadoop-ozone/integration-test/target/test-dir/MiniOzoneClusterImpl-0831896c-8462-4536-87a9-38bb54f03984/datanode-4/data/ratis/505bc541-8f43-4d7f-bd48-7f526c56d1e5
2019-09-16 22:25:15,233 [pool-57-thread-1] INFO  server.RaftServerConfigKeys (ConfUtils.java:logGet(43)) - raft.server.log.statemachine.data.sync.timeout = 10s (default)
2019-09-16 22:25:15,233 [pool-77-thread-1] INFO  segmented.SegmentedRaftLogWorker (SegmentedRaftLogWorker.java:<init>(172)) - new 0ad894eb-396d-46a7-a4d0-256210dc34c1@group-7F526C56D1E5-SegmentedRaftLogWorker for RaftStorage:Storage Directory /workdir/hadoop-ozone/integration-test/target/test-dir/MiniOzoneClusterImpl-0831896c-8462-4536-87a9-38bb54f03984/datanode-5/data/ratis/505bc541-8f43-4d7f-bd48-7f526c56d1e5
2019-09-16 22:25:15,234 [pool-57-thread-1] INFO  server.RaftServerConfigKeys (ConfUtils.java:logGet(43)) - raft.server.log.statemachine.data.sync.timeout.retry = -1 (default)
2019-09-16 22:25:15,234 [pool-67-thread-1] INFO  server.RaftServerConfigKeys (ConfUtils.java:logGet(43)) - raft.server.log.queue.byte-limit = 2147483647 (custom)
2019-09-16 22:25:15,234 [pool-57-thread-1] INFO  server.RaftServerConfigKeys (ConfUtils.java:logGet(43)) - raft.server.log.statemachine.data.caching.enabled = true (custom)
2019-09-16 22:25:15,234 [pool-77-thread-1] INFO  server.RaftServerConfigKeys (ConfUtils.java:logGet(43)) - raft.server.log.queue.byte-limit = 2147483647 (custom)
2019-09-16 22:25:15,234 [pool-67-thread-1] INFO  server.RaftServerConfigKeys (ConfUtils.java:logGet(43)) - raft.server.log.queue.element-limit = 1024 (custom)
2019-09-16 22:25:15,234 [pool-77-thread-1] INFO  server.RaftServerConfigKeys (ConfUtils.java:logGet(43)) - raft.server.log.queue.element-limit = 1024 (custom)
2019-09-16 22:25:15,235 [pool-67-thread-1] INFO  server.RaftServerConfigKeys (ConfUtils.java:logGet(43)) - raft.server.log.segment.size.max = 1048576 (custom)
2019-09-16 22:25:15,235 [pool-57-thread-1] INFO  segmented.SegmentedRaftLogWorker (SegmentedRaftLogWorker.java:lambda$new$0(132)) - 9d8d98b0-9991-458a-859c-25f8efc1f325@group-7F526C56D1E5-SegmentedRaftLogWorker: flushIndex: setUnconditionally 0 -> -1
2019-09-16 22:25:15,235 [pool-67-thread-1] INFO  server.RaftServerConfigKeys (ConfUtils.java:logGet(43)) - raft.server.log.preallocated.size = 16384 (custom)
2019-09-16 22:25:15,235 [pool-77-thread-1] INFO  server.RaftServerConfigKeys (ConfUtils.java:logGet(43)) - raft.server.log.segment.size.max = 1048576 (custom)
2019-09-16 22:25:15,235 [pool-57-thread-1] INFO  server.RaftServerConfigKeys (ConfUtils.java:logGet(43)) - raft.server.snapshot.auto.trigger.enabled = true (custom)
2019-09-16 22:25:15,235 [pool-67-thread-1] INFO  server.RaftServerConfigKeys (ConfUtils.java:logGet(43)) - raft.server.log.write.buffer.size = 33554432 (custom)
2019-09-16 22:25:15,236 [pool-57-thread-1] INFO  server.RaftServerConfigKeys (ConfUtils.java:logGet(43)) - raft.server.snapshot.auto.trigger.threshold = 10000 (custom)
2019-09-16 22:25:15,235 [pool-77-thread-1] INFO  server.RaftServerConfigKeys (ConfUtils.java:logGet(43)) - raft.server.log.preallocated.size = 16384 (custom)
2019-09-16 22:25:15,236 [pool-57-thread-1] INFO  server.RaftServerConfigKeys (ConfUtils.java:logGet(43)) - raft.server.snapshot.retention.num.files = 5 (custom)
2019-09-16 22:25:15,236 [pool-67-thread-1] INFO  server.RaftServerConfigKeys (ConfUtils.java:logGet(43)) - raft.server.log.force.sync.num = 128 (default)
2019-09-16 22:25:15,236 [pool-57-thread-1] INFO  server.RaftServerConfigKeys (ConfUtils.java:logGet(43)) - raft.server.retrycache.expirytime = 600000ms (custom)
2019-09-16 22:25:15,236 [pool-77-thread-1] INFO  server.RaftServerConfigKeys (ConfUtils.java:logGet(43)) - raft.server.log.write.buffer.size = 33554432 (custom)
2019-09-16 22:25:15,237 [pool-77-thread-1] INFO  server.RaftServerConfigKeys (ConfUtils.java:logGet(43)) - raft.server.log.force.sync.num = 128 (default)
2019-09-16 22:25:15,236 [pool-67-thread-1] INFO  server.RaftServerConfigKeys (ConfUtils.java:logGet(43)) - raft.server.log.statemachine.data.sync = true (default)
2019-09-16 22:25:15,237 [pool-77-thread-1] INFO  server.RaftServerConfigKeys (ConfUtils.java:logGet(43)) - raft.server.log.statemachine.data.sync = true (default)
2019-09-16 22:25:15,237 [pool-67-thread-1] INFO  server.RaftServerConfigKeys (ConfUtils.java:logGet(43)) - raft.server.log.statemachine.data.sync.timeout = 10s (default)
2019-09-16 22:25:15,237 [pool-77-thread-1] INFO  server.RaftServerConfigKeys (ConfUtils.java:logGet(43)) - raft.server.log.statemachine.data.sync.timeout = 10s (default)
2019-09-16 22:25:15,237 [pool-67-thread-1] INFO  server.RaftServerConfigKeys (ConfUtils.java:logGet(43)) - raft.server.log.statemachine.data.sync.timeout.retry = -1 (default)
2019-09-16 22:25:15,238 [pool-77-thread-1] INFO  server.RaftServerConfigKeys (ConfUtils.java:logGet(43)) - raft.server.log.statemachine.data.sync.timeout.retry = -1 (default)
2019-09-16 22:25:15,238 [pool-67-thread-1] INFO  server.RaftServerConfigKeys (ConfUtils.java:logGet(43)) - raft.server.log.statemachine.data.caching.enabled = true (custom)
2019-09-16 22:25:15,238 [pool-77-thread-1] INFO  server.RaftServerConfigKeys (ConfUtils.java:logGet(43)) - raft.server.log.statemachine.data.caching.enabled = true (custom)
2019-09-16 22:25:15,238 [pool-67-thread-1] INFO  segmented.SegmentedRaftLogWorker (SegmentedRaftLogWorker.java:lambda$new$0(132)) - 5ecabd24-29f4-44ad-af86-ba12f6ac88ae@group-7F526C56D1E5-SegmentedRaftLogWorker: flushIndex: setUnconditionally 0 -> -1
2019-09-16 22:25:15,238 [pool-77-thread-1] INFO  segmented.SegmentedRaftLogWorker (SegmentedRaftLogWorker.java:lambda$new$0(132)) - 0ad894eb-396d-46a7-a4d0-256210dc34c1@group-7F526C56D1E5-SegmentedRaftLogWorker: flushIndex: setUnconditionally 0 -> -1
2019-09-16 22:25:15,239 [pool-67-thread-1] INFO  server.RaftServerConfigKeys (ConfUtils.java:logGet(43)) - raft.server.snapshot.auto.trigger.enabled = true (custom)
2019-09-16 22:25:15,239 [pool-67-thread-1] INFO  server.RaftServerConfigKeys (ConfUtils.java:logGet(43)) - raft.server.snapshot.auto.trigger.threshold = 10000 (custom)
2019-09-16 22:25:15,239 [pool-77-thread-1] INFO  server.RaftServerConfigKeys (ConfUtils.java:logGet(43)) - raft.server.snapshot.auto.trigger.enabled = true (custom)
2019-09-16 22:25:15,239 [pool-67-thread-1] INFO  server.RaftServerConfigKeys (ConfUtils.java:logGet(43)) - raft.server.snapshot.retention.num.files = 5 (custom)
2019-09-16 22:25:15,239 [pool-77-thread-1] INFO  server.RaftServerConfigKeys (ConfUtils.java:logGet(43)) - raft.server.snapshot.auto.trigger.threshold = 10000 (custom)
2019-09-16 22:25:15,239 [pool-67-thread-1] INFO  server.RaftServerConfigKeys (ConfUtils.java:logGet(43)) - raft.server.retrycache.expirytime = 600000ms (custom)
2019-09-16 22:25:15,239 [pool-77-thread-1] INFO  server.RaftServerConfigKeys (ConfUtils.java:logGet(43)) - raft.server.snapshot.retention.num.files = 5 (custom)
2019-09-16 22:25:15,240 [pool-77-thread-1] INFO  server.RaftServerConfigKeys (ConfUtils.java:logGet(43)) - raft.server.retrycache.expirytime = 600000ms (custom)
2019-09-16 22:25:15,241 [pool-57-thread-1] INFO  impl.RaftServerImpl (RaftServerImpl.java:start(185)) - 9d8d98b0-9991-458a-859c-25f8efc1f325@group-7F526C56D1E5: start as a follower, conf=-1: [9d8d98b0-9991-458a-859c-25f8efc1f325:192.168.151.68:46204, 0ad894eb-396d-46a7-a4d0-256210dc34c1:192.168.151.68:43421, 5ecabd24-29f4-44ad-af86-ba12f6ac88ae:192.168.151.68:37146], old=null
2019-09-16 22:25:15,241 [pool-57-thread-1] INFO  impl.RaftServerImpl (RaftServerImpl.java:setRole(174)) - 9d8d98b0-9991-458a-859c-25f8efc1f325@group-7F526C56D1E5: changes role from      null to FOLLOWER at term 0 for startAsFollower
2019-09-16 22:25:15,241 [pool-57-thread-1] INFO  impl.RoleInfo (RoleInfo.java:updateAndGet(143)) - 9d8d98b0-9991-458a-859c-25f8efc1f325: start FollowerState
2019-09-16 22:25:15,242 [pool-57-thread-1] INFO  util.JmxRegister (JmxRegister.java:tryRegister(44)) - Successfully registered JMX Bean with object name Ratis:service=RaftServer,group=group-7F526C56D1E5,id=9d8d98b0-9991-458a-859c-25f8efc1f325
2019-09-16 22:25:15,243 [pool-67-thread-1] INFO  impl.RaftServerImpl (RaftServerImpl.java:start(185)) - 5ecabd24-29f4-44ad-af86-ba12f6ac88ae@group-7F526C56D1E5: start as a follower, conf=-1: [9d8d98b0-9991-458a-859c-25f8efc1f325:192.168.151.68:46204, 0ad894eb-396d-46a7-a4d0-256210dc34c1:192.168.151.68:43421, 5ecabd24-29f4-44ad-af86-ba12f6ac88ae:192.168.151.68:37146], old=null
2019-09-16 22:25:15,243 [pool-67-thread-1] INFO  impl.RaftServerImpl (RaftServerImpl.java:setRole(174)) - 5ecabd24-29f4-44ad-af86-ba12f6ac88ae@group-7F526C56D1E5: changes role from      null to FOLLOWER at term 0 for startAsFollower
2019-09-16 22:25:15,243 [pool-67-thread-1] INFO  impl.RoleInfo (RoleInfo.java:updateAndGet(143)) - 5ecabd24-29f4-44ad-af86-ba12f6ac88ae: start FollowerState
2019-09-16 22:25:15,243 [pool-77-thread-1] INFO  impl.RaftServerImpl (RaftServerImpl.java:start(185)) - 0ad894eb-396d-46a7-a4d0-256210dc34c1@group-7F526C56D1E5: start as a follower, conf=-1: [9d8d98b0-9991-458a-859c-25f8efc1f325:192.168.151.68:46204, 0ad894eb-396d-46a7-a4d0-256210dc34c1:192.168.151.68:43421, 5ecabd24-29f4-44ad-af86-ba12f6ac88ae:192.168.151.68:37146], old=null
2019-09-16 22:25:15,244 [pool-77-thread-1] INFO  impl.RaftServerImpl (RaftServerImpl.java:setRole(174)) - 0ad894eb-396d-46a7-a4d0-256210dc34c1@group-7F526C56D1E5: changes role from      null to FOLLOWER at term 0 for startAsFollower
2019-09-16 22:25:15,244 [pool-77-thread-1] INFO  impl.RoleInfo (RoleInfo.java:updateAndGet(143)) - 0ad894eb-396d-46a7-a4d0-256210dc34c1: start FollowerState
2019-09-16 22:25:15,244 [pool-67-thread-1] INFO  util.JmxRegister (JmxRegister.java:tryRegister(44)) - Successfully registered JMX Bean with object name Ratis:service=RaftServer,group=group-7F526C56D1E5,id=5ecabd24-29f4-44ad-af86-ba12f6ac88ae
2019-09-16 22:25:15,244 [pool-77-thread-1] INFO  util.JmxRegister (JmxRegister.java:tryRegister(44)) - Successfully registered JMX Bean with object name Ratis:service=RaftServer,group=group-7F526C56D1E5,id=0ad894eb-396d-46a7-a4d0-256210dc34c1
2019-09-16 22:25:15,248 [RatisPipelineUtilsThread] INFO  pipeline.PipelineStateManager (PipelineStateManager.java:addPipeline(56)) - Created pipeline Pipeline[ Id: 505bc541-8f43-4d7f-bd48-7f526c56d1e5, Nodes: 5ecabd24-29f4-44ad-af86-ba12f6ac88ae{ip: 192.168.151.68, host: pr-hdds-2135-v26ff-2356241440, networkLocation: /default-rack, certSerialId: null}9d8d98b0-9991-458a-859c-25f8efc1f325{ip: 192.168.151.68, host: pr-hdds-2135-v26ff-2356241440, networkLocation: /default-rack, certSerialId: null}0ad894eb-396d-46a7-a4d0-256210dc34c1{ip: 192.168.151.68, host: pr-hdds-2135-v26ff-2356241440, networkLocation: /default-rack, certSerialId: null}, Type:RATIS, Factor:THREE, State:OPEN]
2019-09-16 22:25:15,474 [java.util.concurrent.ThreadPoolExecutor$Worker@2e2170a4[State = -1, empty queue]] WARN  server.GrpcLogAppender (GrpcLogAppender.java:timeoutAppendRequest(200)) - 9d8d98b0-9991-458a-859c-25f8efc1f325@group-461D11BEE149->5ecabd24-29f4-44ad-af86-ba12f6ac88ae-GrpcLogAppender: appendEntries Timeout, request=9d8d98b0-9991-458a-859c-25f8efc1f325->5ecabd24-29f4-44ad-af86-ba12f6ac88ae#77-t1, previous=(t:1, i:13), leaderCommit=6, initializing? false, entries: <empty>
2019-09-16 22:25:15,474 [java.util.concurrent.ThreadPoolExecutor$Worker@890ec9d[State = -1, empty queue]] WARN  server.GrpcLogAppender (GrpcLogAppender.java:timeoutAppendRequest(200)) - 9d8d98b0-9991-458a-859c-25f8efc1f325@group-461D11BEE149->0ad894eb-396d-46a7-a4d0-256210dc34c1-GrpcLogAppender: appendEntries Timeout, request=9d8d98b0-9991-458a-859c-25f8efc1f325->0ad894eb-396d-46a7-a4d0-256210dc34c1#77-t1, previous=(t:1, i:13), leaderCommit=6, initializing? false, entries: <empty>
2019-09-16 22:25:15,962 [EventQueue-PipelineActionsForPipelineActionHandler] ERROR pipeline.PipelineActionHandler (PipelineActionHandler.java:onMessage(60)) - Received pipeline action CLOSE for Pipeline[ Id: 22865676-56fc-4cfd-9d6e-461d11bee149, Nodes: 5ecabd24-29f4-44ad-af86-ba12f6ac88ae{ip: 192.168.151.68, host: pr-hdds-2135-v26ff-2356241440, networkLocation: /default-rack, certSerialId: null}9d8d98b0-9991-458a-859c-25f8efc1f325{ip: 192.168.151.68, host: pr-hdds-2135-v26ff-2356241440, networkLocation: /default-rack, certSerialId: null}0ad894eb-396d-46a7-a4d0-256210dc34c1{ip: 192.168.151.68, host: pr-hdds-2135-v26ff-2356241440, networkLocation: /default-rack, certSerialId: null}, Type:RATIS, Factor:THREE, State:CLOSED] from datanode 9d8d98b0-9991-458a-859c-25f8efc1f325{ip: 192.168.151.68, host: pr-hdds-2135-v26ff-2356241440, networkLocation: /default-rack, certSerialId: null}. Reason : 9d8d98b0-9991-458a-859c-25f8efc1f325 has not seen follower/s 0ad894eb-396d-46a7-a4d0-256210dc34c1 for 158316ms 5ecabd24-29f4-44ad-af86-ba12f6ac88ae for 158316ms
2019-09-16 22:25:15,962 [EventQueue-PipelineActionsForPipelineActionHandler] INFO  pipeline.SCMPipelineManager (SCMPipelineManager.java:finalizeAndDestroyPipeline(311)) - destroying pipeline:Pipeline[ Id: 22865676-56fc-4cfd-9d6e-461d11bee149, Nodes: 5ecabd24-29f4-44ad-af86-ba12f6ac88ae{ip: 192.168.151.68, host: pr-hdds-2135-v26ff-2356241440, networkLocation: /default-rack, certSerialId: null}9d8d98b0-9991-458a-859c-25f8efc1f325{ip: 192.168.151.68, host: pr-hdds-2135-v26ff-2356241440, networkLocation: /default-rack, certSerialId: null}0ad894eb-396d-46a7-a4d0-256210dc34c1{ip: 192.168.151.68, host: pr-hdds-2135-v26ff-2356241440, networkLocation: /default-rack, certSerialId: null}, Type:RATIS, Factor:THREE, State:CLOSED]
2019-09-16 22:25:16,895 [9d8d98b0-9991-458a-859c-25f8efc1f325@group-461D11BEE149-SegmentedRaftLogWorker] WARN  segmented.SegmentedRaftLogWorker (SegmentedRaftLogWorker.java:getFromFuture(90)) - Timeout 15/~
org.apache.ratis.protocol.TimeoutIOException: Timeout 10s: WriteLog:8: (t:1, i:8), STATEMACHINELOGENTRY, client-D4E1B6F8AD48, cid=49-writeStateMachineData
	at org.apache.ratis.util.IOUtils.getFromFuture(IOUtils.java:87)
	at org.apache.ratis.server.raftlog.segmented.SegmentedRaftLogWorker$StateMachineDataPolicy.getFromFuture(SegmentedRaftLogWorker.java:87)
	at org.apache.ratis.server.raftlog.segmented.SegmentedRaftLogWorker$WriteLog.execute(SegmentedRaftLogWorker.java:477)
	at org.apache.ratis.server.raftlog.segmented.SegmentedRaftLogWorker.run(SegmentedRaftLogWorker.java:289)
	at java.lang.Thread.run(Thread.java:748)
Caused by: java.util.concurrent.TimeoutException
	at java.util.concurrent.CompletableFuture.timedGet(CompletableFuture.java:1771)
	at java.util.concurrent.CompletableFuture.get(CompletableFuture.java:1915)
	at org.apache.ratis.util.IOUtils.getFromFuture(IOUtils.java:79)
	... 4 more
2019-09-16 22:25:16,912 [0ad894eb-396d-46a7-a4d0-256210dc34c1@group-461D11BEE149-SegmentedRaftLogWorker] WARN  segmented.SegmentedRaftLogWorker (SegmentedRaftLogWorker.java:getFromFuture(90)) - Timeout 15/~
org.apache.ratis.protocol.TimeoutIOException: Timeout 10s: WriteLog:8: (t:1, i:8), STATEMACHINELOGENTRY, client-D4E1B6F8AD48, cid=49-writeStateMachineData
	at org.apache.ratis.util.IOUtils.getFromFuture(IOUtils.java:87)
	at org.apache.ratis.server.raftlog.segmented.SegmentedRaftLogWorker$StateMachineDataPolicy.getFromFuture(SegmentedRaftLogWorker.java:87)
	at org.apache.ratis.server.raftlog.segmented.SegmentedRaftLogWorker$WriteLog.execute(SegmentedRaftLogWorker.java:477)
	at org.apache.ratis.server.raftlog.segmented.SegmentedRaftLogWorker.run(SegmentedRaftLogWorker.java:289)
	at java.lang.Thread.run(Thread.java:748)
Caused by: java.util.concurrent.TimeoutException
	at java.util.concurrent.CompletableFuture.timedGet(CompletableFuture.java:1771)
	at java.util.concurrent.CompletableFuture.get(CompletableFuture.java:1915)
	at org.apache.ratis.util.IOUtils.getFromFuture(IOUtils.java:79)
	... 4 more
2019-09-16 22:25:16,912 [5ecabd24-29f4-44ad-af86-ba12f6ac88ae@group-461D11BEE149-SegmentedRaftLogWorker] WARN  segmented.SegmentedRaftLogWorker (SegmentedRaftLogWorker.java:getFromFuture(90)) - Timeout 15/~
org.apache.ratis.protocol.TimeoutIOException: Timeout 10s: WriteLog:8: (t:1, i:8), STATEMACHINELOGENTRY, client-D4E1B6F8AD48, cid=49-writeStateMachineData
	at org.apache.ratis.util.IOUtils.getFromFuture(IOUtils.java:87)
	at org.apache.ratis.server.raftlog.segmented.SegmentedRaftLogWorker$StateMachineDataPolicy.getFromFuture(SegmentedRaftLogWorker.java:87)
	at org.apache.ratis.server.raftlog.segmented.SegmentedRaftLogWorker$WriteLog.execute(SegmentedRaftLogWorker.java:477)
	at org.apache.ratis.server.raftlog.segmented.SegmentedRaftLogWorker.run(SegmentedRaftLogWorker.java:289)
	at java.lang.Thread.run(Thread.java:748)
Caused by: java.util.concurrent.TimeoutException
	at java.util.concurrent.CompletableFuture.timedGet(CompletableFuture.java:1771)
	at java.util.concurrent.CompletableFuture.get(CompletableFuture.java:1915)
	at org.apache.ratis.util.IOUtils.getFromFuture(IOUtils.java:79)
	... 4 more
2019-09-16 22:25:17,476 [org.apache.ratis.server.impl.LogAppender$AppenderDaemon$$Lambda$514/1412847569@7d9d433c] ERROR ratis.XceiverServerRatis (XceiverServerRatis.java:triggerPipelineClose(575)) - pipeline Action CLOSE  on pipeline PipelineID=22865676-56fc-4cfd-9d6e-461d11bee149.Reason : 9d8d98b0-9991-458a-859c-25f8efc1f325 has not seen follower/s 0ad894eb-396d-46a7-a4d0-256210dc34c1 for 160816ms 5ecabd24-29f4-44ad-af86-ba12f6ac88ae for 160816ms
2019-09-16 22:25:17,476 [org.apache.ratis.server.impl.LogAppender$AppenderDaemon$$Lambda$514/1412847569@1a0caeee] ERROR ratis.XceiverServerRatis (XceiverServerRatis.java:triggerPipelineClose(575)) - pipeline Action CLOSE  on pipeline PipelineID=22865676-56fc-4cfd-9d6e-461d11bee149.Reason : 9d8d98b0-9991-458a-859c-25f8efc1f325 has not seen follower/s 0ad894eb-396d-46a7-a4d0-256210dc34c1 for 160816ms 5ecabd24-29f4-44ad-af86-ba12f6ac88ae for 160817ms
2019-09-16 22:25:17,962 [EventQueue-PipelineActionsForPipelineActionHandler] ERROR pipeline.PipelineActionHandler (PipelineActionHandler.java:onMessage(60)) - Received pipeline action CLOSE for Pipeline[ Id: 22865676-56fc-4cfd-9d6e-461d11bee149, Nodes: 5ecabd24-29f4-44ad-af86-ba12f6ac88ae{ip: 192.168.151.68, host: pr-hdds-2135-v26ff-2356241440, networkLocation: /default-rack, certSerialId: null}9d8d98b0-9991-458a-859c-25f8efc1f325{ip: 192.168.151.68, host: pr-hdds-2135-v26ff-2356241440, networkLocation: /default-rack, certSerialId: null}0ad894eb-396d-46a7-a4d0-256210dc34c1{ip: 192.168.151.68, host: pr-hdds-2135-v26ff-2356241440, networkLocation: /default-rack, certSerialId: null}, Type:RATIS, Factor:THREE, State:CLOSED] from datanode 9d8d98b0-9991-458a-859c-25f8efc1f325{ip: 192.168.151.68, host: pr-hdds-2135-v26ff-2356241440, networkLocation: /default-rack, certSerialId: null}. Reason : 9d8d98b0-9991-458a-859c-25f8efc1f325 has not seen follower/s 0ad894eb-396d-46a7-a4d0-256210dc34c1 for 160816ms 5ecabd24-29f4-44ad-af86-ba12f6ac88ae for 160816ms
2019-09-16 22:25:17,962 [EventQueue-PipelineActionsForPipelineActionHandler] INFO  pipeline.SCMPipelineManager (SCMPipelineManager.java:finalizeAndDestroyPipeline(311)) - destroying pipeline:Pipeline[ Id: 22865676-56fc-4cfd-9d6e-461d11bee149, Nodes: 5ecabd24-29f4-44ad-af86-ba12f6ac88ae{ip: 192.168.151.68, host: pr-hdds-2135-v26ff-2356241440, networkLocation: /default-rack, certSerialId: null}9d8d98b0-9991-458a-859c-25f8efc1f325{ip: 192.168.151.68, host: pr-hdds-2135-v26ff-2356241440, networkLocation: /default-rack, certSerialId: null}0ad894eb-396d-46a7-a4d0-256210dc34c1{ip: 192.168.151.68, host: pr-hdds-2135-v26ff-2356241440, networkLocation: /default-rack, certSerialId: null}, Type:RATIS, Factor:THREE, State:CLOSED]
2019-09-16 22:25:17,975 [java.util.concurrent.ThreadPoolExecutor$Worker@2e2170a4[State = -1, empty queue]] WARN  server.GrpcLogAppender (GrpcLogAppender.java:timeoutAppendRequest(200)) - 9d8d98b0-9991-458a-859c-25f8efc1f325@group-461D11BEE149->5ecabd24-29f4-44ad-af86-ba12f6ac88ae-GrpcLogAppender: appendEntries Timeout, request=9d8d98b0-9991-458a-859c-25f8efc1f325->5ecabd24-29f4-44ad-af86-ba12f6ac88ae#78-t1, previous=(t:1, i:13), leaderCommit=6, initializing? false, entries: <empty>
2019-09-16 22:25:17,975 [java.util.concurrent.ThreadPoolExecutor$Worker@890ec9d[State = -1, empty queue]] WARN  server.GrpcLogAppender (GrpcLogAppender.java:timeoutAppendRequest(200)) - 9d8d98b0-9991-458a-859c-25f8efc1f325@group-461D11BEE149->0ad894eb-396d-46a7-a4d0-256210dc34c1-GrpcLogAppender: appendEntries Timeout, request=9d8d98b0-9991-458a-859c-25f8efc1f325->0ad894eb-396d-46a7-a4d0-256210dc34c1#78-t1, previous=(t:1, i:13), leaderCommit=6, initializing? false, entries: <empty>
2019-09-16 22:25:18,330 [grpc-default-executor-2] INFO  client.GrpcClientProtocolClient (GrpcClientProtocolClient.java:onNext(264)) - client-D4E1B6F8AD48->0ad894eb-396d-46a7-a4d0-256210dc34c1: receive RaftClientReply:client-D4E1B6F8AD48->0ad894eb-396d-46a7-a4d0-256210dc34c1@group-461D11BEE149, cid=48, FAILED org.apache.ratis.protocol.NotLeaderException: Server 0ad894eb-396d-46a7-a4d0-256210dc34c1@group-461D11BEE149 is not the leader 9d8d98b0-9991-458a-859c-25f8efc1f325:192.168.151.68:46204, logIndex=0, commits[0ad894eb-396d-46a7-a4d0-256210dc34c1:c6, 9d8d98b0-9991-458a-859c-25f8efc1f325:c6, 5ecabd24-29f4-44ad-af86-ba12f6ac88ae:c6]
2019-09-16 22:25:19,977 [org.apache.ratis.server.impl.LogAppender$AppenderDaemon$$Lambda$514/1412847569@7d9d433c] ERROR ratis.XceiverServerRatis (XceiverServerRatis.java:triggerPipelineClose(575)) - pipeline Action CLOSE  on pipeline PipelineID=22865676-56fc-4cfd-9d6e-461d11bee149.Reason : 9d8d98b0-9991-458a-859c-25f8efc1f325 has not seen follower/s 0ad894eb-396d-46a7-a4d0-256210dc34c1 for 163317ms 5ecabd24-29f4-44ad-af86-ba12f6ac88ae for 163317ms
2019-09-16 22:25:19,977 [org.apache.ratis.server.impl.LogAppender$AppenderDaemon$$Lambda$514/1412847569@1a0caeee] ERROR ratis.XceiverServerRatis (XceiverServerRatis.java:triggerPipelineClose(575)) - pipeline Action CLOSE  on pipeline PipelineID=22865676-56fc-4cfd-9d6e-461d11bee149.Reason : 9d8d98b0-9991-458a-859c-25f8efc1f325 has not seen follower/s 0ad894eb-396d-46a7-a4d0-256210dc34c1 for 163317ms 5ecabd24-29f4-44ad-af86-ba12f6ac88ae for 163318ms
2019-09-16 22:25:20,290 [Thread-1371] INFO  impl.FollowerState (FollowerState.java:run(106)) - 9d8d98b0-9991-458a-859c-25f8efc1f325:group-7F526C56D1E5 changes to CANDIDATE, lastRpcTime:5048, electionTimeout:5048ms
2019-09-16 22:25:20,290 [Thread-1371] INFO  impl.RoleInfo (RoleInfo.java:shutdownFollowerState(121)) - 9d8d98b0-9991-458a-859c-25f8efc1f325: shutdown FollowerState
2019-09-16 22:25:20,290 [Thread-1371] INFO  impl.RaftServerImpl (RaftServerImpl.java:setRole(174)) - 9d8d98b0-9991-458a-859c-25f8efc1f325@group-7F526C56D1E5: changes role from  FOLLOWER to CANDIDATE at term 0 for changeToCandidate
2019-09-16 22:25:20,291 [Thread-1371] INFO  impl.RoleInfo (RoleInfo.java:updateAndGet(143)) - 9d8d98b0-9991-458a-859c-25f8efc1f325: start LeaderElection
2019-09-16 22:25:20,310 [9d8d98b0-9991-458a-859c-25f8efc1f325@group-7F526C56D1E5:LeaderElection16] INFO  impl.LeaderElection (LeaderElection.java:askForVotes(182)) - 9d8d98b0-9991-458a-859c-25f8efc1f325@group-7F526C56D1E5:LeaderElection16: begin an election at term 1 for -1: [9d8d98b0-9991-458a-859c-25f8efc1f325:192.168.151.68:46204, 0ad894eb-396d-46a7-a4d0-256210dc34c1:192.168.151.68:43421, 5ecabd24-29f4-44ad-af86-ba12f6ac88ae:192.168.151.68:37146], old=null
2019-09-16 22:25:20,316 [grpc-default-executor-2] INFO  impl.RaftServerImpl (RaftServerImpl.java:setRole(174)) - 0ad894eb-396d-46a7-a4d0-256210dc34c1@group-7F526C56D1E5: changes role from  FOLLOWER to FOLLOWER at term 1 for recognizeCandidate:9d8d98b0-9991-458a-859c-25f8efc1f325
2019-09-16 22:25:20,316 [grpc-default-executor-2] INFO  impl.RoleInfo (RoleInfo.java:shutdownFollowerState(121)) - 0ad894eb-396d-46a7-a4d0-256210dc34c1: shutdown FollowerState
2019-09-16 22:25:20,316 [grpc-default-executor-2] INFO  impl.RoleInfo (RoleInfo.java:updateAndGet(143)) - 0ad894eb-396d-46a7-a4d0-256210dc34c1: start FollowerState
2019-09-16 22:25:20,319 [grpc-default-executor-6] INFO  impl.RaftServerImpl (RaftServerImpl.java:setRole(174)) - 5ecabd24-29f4-44ad-af86-ba12f6ac88ae@group-7F526C56D1E5: changes role from  FOLLOWER to FOLLOWER at term 1 for recognizeCandidate:9d8d98b0-9991-458a-859c-25f8efc1f325
2019-09-16 22:25:20,319 [grpc-default-executor-6] INFO  impl.RoleInfo (RoleInfo.java:shutdownFollowerState(121)) - 5ecabd24-29f4-44ad-af86-ba12f6ac88ae: shutdown FollowerState
2019-09-16 22:25:20,319 [Thread-1374] INFO  impl.FollowerState (FollowerState.java:run(115)) - 0ad894eb-396d-46a7-a4d0-256210dc34c1: FollowerState was interrupted: java.lang.InterruptedException: sleep interrupted
2019-09-16 22:25:20,319 [grpc-default-executor-6] INFO  impl.RoleInfo (RoleInfo.java:updateAndGet(143)) - 5ecabd24-29f4-44ad-af86-ba12f6ac88ae: start FollowerState
2019-09-16 22:25:20,319 [Thread-1373] INFO  impl.FollowerState (FollowerState.java:run(115)) - 5ecabd24-29f4-44ad-af86-ba12f6ac88ae: FollowerState was interrupted: java.lang.InterruptedException: sleep interrupted
2019-09-16 22:25:20,350 [9d8d98b0-9991-458a-859c-25f8efc1f325@group-7F526C56D1E5:LeaderElection16] INFO  impl.LeaderElection (LeaderElection.java:logAndReturn(56)) - 9d8d98b0-9991-458a-859c-25f8efc1f325@group-7F526C56D1E5:LeaderElection16: Election PASSED; received 1 response(s) [9d8d98b0-9991-458a-859c-25f8efc1f325<-0ad894eb-396d-46a7-a4d0-256210dc34c1#0:OK-t1] and 0 exception(s); 9d8d98b0-9991-458a-859c-25f8efc1f325@group-7F526C56D1E5:t1, leader=null, voted=9d8d98b0-9991-458a-859c-25f8efc1f325, raftlog=9d8d98b0-9991-458a-859c-25f8efc1f325@group-7F526C56D1E5-SegmentedRaftLog:OPENED:c-1,f-1,i0, conf=-1: [9d8d98b0-9991-458a-859c-25f8efc1f325:192.168.151.68:46204, 0ad894eb-396d-46a7-a4d0-256210dc34c1:192.168.151.68:43421, 5ecabd24-29f4-44ad-af86-ba12f6ac88ae:192.168.151.68:37146], old=null
2019-09-16 22:25:20,351 [9d8d98b0-9991-458a-859c-25f8efc1f325@group-7F526C56D1E5:LeaderElection16] INFO  impl.RoleInfo (RoleInfo.java:shutdownLeaderElection(134)) - 9d8d98b0-9991-458a-859c-25f8efc1f325: shutdown LeaderElection
2019-09-16 22:25:20,351 [9d8d98b0-9991-458a-859c-25f8efc1f325@group-7F526C56D1E5:LeaderElection16] INFO  impl.RaftServerImpl (RaftServerImpl.java:setRole(174)) - 9d8d98b0-9991-458a-859c-25f8efc1f325@group-7F526C56D1E5: changes role from CANDIDATE to LEADER at term 1 for changeToLeader
2019-09-16 22:25:20,353 [9d8d98b0-9991-458a-859c-25f8efc1f325@group-7F526C56D1E5:LeaderElection16] INFO  impl.RaftServerImpl (ServerState.java:setLeader(253)) - 9d8d98b0-9991-458a-859c-25f8efc1f325@group-7F526C56D1E5: change Leader from null to 9d8d98b0-9991-458a-859c-25f8efc1f325 at term 1 for becomeLeader, leader elected after 5124ms
2019-09-16 22:25:20,353 [9d8d98b0-9991-458a-859c-25f8efc1f325@group-7F526C56D1E5:LeaderElection16] INFO  server.RaftServerConfigKeys (ConfUtils.java:logGet(43)) - raft.server.staging.catchup.gap = 1000 (default)
2019-09-16 22:25:20,354 [9d8d98b0-9991-458a-859c-25f8efc1f325@group-7F526C56D1E5:LeaderElection16] INFO  server.RaftServerConfigKeys (ConfUtils.java:logGet(43)) - raft.server.rpc.sleep.time = 25ms (default)
2019-09-16 22:25:20,354 [9d8d98b0-9991-458a-859c-25f8efc1f325@group-7F526C56D1E5:LeaderElection16] INFO  server.RaftServerConfigKeys (ConfUtils.java:logGet(43)) - raft.server.write.element-limit = 4096 (default)
2019-09-16 22:25:20,354 [9d8d98b0-9991-458a-859c-25f8efc1f325@group-7F526C56D1E5:LeaderElection16] INFO  server.RaftServerConfigKeys (ConfUtils.java:logGet(43)) - raft.server.watch.timeout = 10s (default)
2019-09-16 22:25:20,354 [9d8d98b0-9991-458a-859c-25f8efc1f325@group-7F526C56D1E5:LeaderElection16] INFO  server.RaftServerConfigKeys (ConfUtils.java:logGet(43)) - raft.server.watch.timeout.denomination = 1s (default)
2019-09-16 22:25:20,354 [9d8d98b0-9991-458a-859c-25f8efc1f325@group-7F526C56D1E5:LeaderElection16] INFO  server.RaftServerConfigKeys (ConfUtils.java:logGet(43)) - raft.server.watch.element-limit = 65536 (default)
2019-09-16 22:25:20,358 [9d8d98b0-9991-458a-859c-25f8efc1f325@group-7F526C56D1E5:LeaderElection16] INFO  server.RaftServerConfigKeys (ConfUtils.java:logGet(43)) - raft.server.log.appender.snapshot.chunk.size.max = 16MB (=16777216) (default)
2019-09-16 22:25:20,358 [9d8d98b0-9991-458a-859c-25f8efc1f325@group-7F526C56D1E5:LeaderElection16] INFO  server.RaftServerConfigKeys (ConfUtils.java:logGet(43)) - raft.server.log.appender.buffer.byte-limit = 33554432 (custom)
2019-09-16 22:25:20,358 [9d8d98b0-9991-458a-859c-25f8efc1f325@group-7F526C56D1E5:LeaderElection16] INFO  server.RaftServerConfigKeys (ConfUtils.java:logGet(43)) - raft.server.log.appender.buffer.element-limit = 1 (custom)
2019-09-16 22:25:20,359 [9d8d98b0-9991-458a-859c-25f8efc1f325@group-7F526C56D1E5:LeaderElection16] INFO  grpc.GrpcConfigKeys$Server (ConfUtils.java:logGet(43)) - raft.grpc.server.leader.outstanding.appends.max = 128 (default)
2019-09-16 22:25:20,359 [9d8d98b0-9991-458a-859c-25f8efc1f325@group-7F526C56D1E5:LeaderElection16] INFO  server.RaftServerConfigKeys (ConfUtils.java:logGet(43)) - raft.server.rpc.request.timeout = 3000ms (default)
2019-09-16 22:25:20,359 [9d8d98b0-9991-458a-859c-25f8efc1f325@group-7F526C56D1E5:LeaderElection16] INFO  server.RaftServerConfigKeys (ConfUtils.java:logGet(43)) - raft.server.log.appender.install.snapshot.enabled = false (custom)
2019-09-16 22:25:20,359 [9d8d98b0-9991-458a-859c-25f8efc1f325@group-7F526C56D1E5:LeaderElection16] INFO  server.RaftServerConfigKeys (ConfUtils.java:logGet(43)) - raft.server.log.appender.snapshot.chunk.size.max = 16MB (=16777216) (default)
2019-09-16 22:25:20,359 [9d8d98b0-9991-458a-859c-25f8efc1f325@group-7F526C56D1E5:LeaderElection16] INFO  server.RaftServerConfigKeys (ConfUtils.java:logGet(43)) - raft.server.log.appender.buffer.byte-limit = 33554432 (custom)
2019-09-16 22:25:20,360 [9d8d98b0-9991-458a-859c-25f8efc1f325@group-7F526C56D1E5:LeaderElection16] INFO  server.RaftServerConfigKeys (ConfUtils.java:logGet(43)) - raft.server.log.appender.buffer.element-limit = 1 (custom)
2019-09-16 22:25:20,360 [9d8d98b0-9991-458a-859c-25f8efc1f325@group-7F526C56D1E5:LeaderElection16] INFO  grpc.GrpcConfigKeys$Server (ConfUtils.java:logGet(43)) - raft.grpc.server.leader.outstanding.appends.max = 128 (default)
2019-09-16 22:25:20,360 [9d8d98b0-9991-458a-859c-25f8efc1f325@group-7F526C56D1E5:LeaderElection16] INFO  server.RaftServerConfigKeys (ConfUtils.java:logGet(43)) - raft.server.rpc.request.timeout = 3000ms (default)
2019-09-16 22:25:20,360 [9d8d98b0-9991-458a-859c-25f8efc1f325@group-7F526C56D1E5:LeaderElection16] INFO  server.RaftServerConfigKeys (ConfUtils.java:logGet(43)) - raft.server.log.appender.install.snapshot.enabled = false (custom)
2019-09-16 22:25:20,360 [9d8d98b0-9991-458a-859c-25f8efc1f325@group-7F526C56D1E5:LeaderElection16] INFO  impl.RoleInfo (RoleInfo.java:updateAndGet(143)) - 9d8d98b0-9991-458a-859c-25f8efc1f325: start LeaderState
2019-09-16 22:25:20,361 [9d8d98b0-9991-458a-859c-25f8efc1f325@group-7F526C56D1E5:LeaderElection16] INFO  segmented.SegmentedRaftLogWorker (SegmentedRaftLogWorker.java:startLogSegment(380)) - 9d8d98b0-9991-458a-859c-25f8efc1f325@group-7F526C56D1E5-SegmentedRaftLogWorker: Starting segment from index:0
2019-09-16 22:25:20,362 [9d8d98b0-9991-458a-859c-25f8efc1f325@group-7F526C56D1E5:LeaderElection16] INFO  impl.RaftServerImpl (ServerState.java:setRaftConf(354)) - 9d8d98b0-9991-458a-859c-25f8efc1f325@group-7F526C56D1E5: set configuration 0: [9d8d98b0-9991-458a-859c-25f8efc1f325:192.168.151.68:46204, 0ad894eb-396d-46a7-a4d0-256210dc34c1:192.168.151.68:43421, 5ecabd24-29f4-44ad-af86-ba12f6ac88ae:192.168.151.68:37146], old=null at 0
2019-09-16 22:25:20,406 [grpc-default-executor-6] INFO  impl.RaftServerImpl (ServerState.java:setLeader(253)) - 0ad894eb-396d-46a7-a4d0-256210dc34c1@group-7F526C56D1E5: change Leader from null to 9d8d98b0-9991-458a-859c-25f8efc1f325 at term 1 for appendEntries, leader elected after 5176ms
2019-09-16 22:25:20,409 [grpc-default-executor-2] INFO  impl.RaftServerImpl (ServerState.java:setLeader(253)) - 5ecabd24-29f4-44ad-af86-ba12f6ac88ae@group-7F526C56D1E5: change Leader from null to 9d8d98b0-9991-458a-859c-25f8efc1f325 at term 1 for appendEntries, leader elected after 5180ms
2019-09-16 22:25:20,411 [grpc-default-executor-6] INFO  impl.RaftServerImpl (ServerState.java:setRaftConf(354)) - 0ad894eb-396d-46a7-a4d0-256210dc34c1@group-7F526C56D1E5: set configuration 0: [9d8d98b0-9991-458a-859c-25f8efc1f325:192.168.151.68:46204, 0ad894eb-396d-46a7-a4d0-256210dc34c1:192.168.151.68:43421, 5ecabd24-29f4-44ad-af86-ba12f6ac88ae:192.168.151.68:37146], old=null at 0
2019-09-16 22:25:20,411 [grpc-default-executor-6] INFO  segmented.SegmentedRaftLogWorker (SegmentedRaftLogWorker.java:startLogSegment(380)) - 0ad894eb-396d-46a7-a4d0-256210dc34c1@group-7F526C56D1E5-SegmentedRaftLogWorker: Starting segment from index:0
2019-09-16 22:25:20,412 [grpc-default-executor-2] INFO  impl.RaftServerImpl (ServerState.java:setRaftConf(354)) - 5ecabd24-29f4-44ad-af86-ba12f6ac88ae@group-7F526C56D1E5: set configuration 0: [9d8d98b0-9991-458a-859c-25f8efc1f325:192.168.151.68:46204, 0ad894eb-396d-46a7-a4d0-256210dc34c1:192.168.151.68:43421, 5ecabd24-29f4-44ad-af86-ba12f6ac88ae:192.168.151.68:37146], old=null at 0
2019-09-16 22:25:20,412 [grpc-default-executor-2] INFO  segmented.SegmentedRaftLogWorker (SegmentedRaftLogWorker.java:startLogSegment(380)) - 5ecabd24-29f4-44ad-af86-ba12f6ac88ae@group-7F526C56D1E5-SegmentedRaftLogWorker: Starting segment from index:0
2019-09-16 22:25:20,426 [9d8d98b0-9991-458a-859c-25f8efc1f325@group-7F526C56D1E5-SegmentedRaftLogWorker] INFO  segmented.SegmentedRaftLogWorker (SegmentedRaftLogWorker.java:execute(569)) - 9d8d98b0-9991-458a-859c-25f8efc1f325@group-7F526C56D1E5-SegmentedRaftLogWorker: created new log segment /workdir/hadoop-ozone/integration-test/target/test-dir/MiniOzoneClusterImpl-0831896c-8462-4536-87a9-38bb54f03984/datanode-3/data/ratis/505bc541-8f43-4d7f-bd48-7f526c56d1e5/current/log_inprogress_0
2019-09-16 22:25:20,455 [5ecabd24-29f4-44ad-af86-ba12f6ac88ae@group-7F526C56D1E5-SegmentedRaftLogWorker] INFO  segmented.SegmentedRaftLogWorker (SegmentedRaftLogWorker.java:execute(569)) - 5ecabd24-29f4-44ad-af86-ba12f6ac88ae@group-7F526C56D1E5-SegmentedRaftLogWorker: created new log segment /workdir/hadoop-ozone/integration-test/target/test-dir/MiniOzoneClusterImpl-0831896c-8462-4536-87a9-38bb54f03984/datanode-4/data/ratis/505bc541-8f43-4d7f-bd48-7f526c56d1e5/current/log_inprogress_0
2019-09-16 22:25:20,455 [0ad894eb-396d-46a7-a4d0-256210dc34c1@group-7F526C56D1E5-SegmentedRaftLogWorker] INFO  segmented.SegmentedRaftLogWorker (SegmentedRaftLogWorker.java:execute(569)) - 0ad894eb-396d-46a7-a4d0-256210dc34c1@group-7F526C56D1E5-SegmentedRaftLogWorker: created new log segment /workdir/hadoop-ozone/integration-test/target/test-dir/MiniOzoneClusterImpl-0831896c-8462-4536-87a9-38bb54f03984/datanode-5/data/ratis/505bc541-8f43-4d7f-bd48-7f526c56d1e5/current/log_inprogress_0
2019-09-16 22:25:20,476 [java.util.concurrent.ThreadPoolExecutor$Worker@2e2170a4[State = -1, empty queue]] WARN  server.GrpcLogAppender (GrpcLogAppender.java:timeoutAppendRequest(200)) - 9d8d98b0-9991-458a-859c-25f8efc1f325@group-461D11BEE149->5ecabd24-29f4-44ad-af86-ba12f6ac88ae-GrpcLogAppender: appendEntries Timeout, request=9d8d98b0-9991-458a-859c-25f8efc1f325->5ecabd24-29f4-44ad-af86-ba12f6ac88ae#79-t1, previous=(t:1, i:13), leaderCommit=6, initializing? false, entries: <empty>
2019-09-16 22:25:20,476 [java.util.concurrent.ThreadPoolExecutor$Worker@890ec9d[State = -1, empty queue]] WARN  server.GrpcLogAppender (GrpcLogAppender.java:timeoutAppendRequest(200)) - 9d8d98b0-9991-458a-859c-25f8efc1f325@group-461D11BEE149->0ad894eb-396d-46a7-a4d0-256210dc34c1-GrpcLogAppender: appendEntries Timeout, request=9d8d98b0-9991-458a-859c-25f8efc1f325->0ad894eb-396d-46a7-a4d0-256210dc34c1#79-t1, previous=(t:1, i:13), leaderCommit=6, initializing? false, entries: <empty>
2019-09-16 22:25:20,962 [EventQueue-PipelineActionsForPipelineActionHandler] ERROR pipeline.PipelineActionHandler (PipelineActionHandler.java:onMessage(60)) - Received pipeline action CLOSE for Pipeline[ Id: 22865676-56fc-4cfd-9d6e-461d11bee149, Nodes: 5ecabd24-29f4-44ad-af86-ba12f6ac88ae{ip: 192.168.151.68, host: pr-hdds-2135-v26ff-2356241440, networkLocation: /default-rack, certSerialId: null}9d8d98b0-9991-458a-859c-25f8efc1f325{ip: 192.168.151.68, host: pr-hdds-2135-v26ff-2356241440, networkLocation: /default-rack, certSerialId: null}0ad894eb-396d-46a7-a4d0-256210dc34c1{ip: 192.168.151.68, host: pr-hdds-2135-v26ff-2356241440, networkLocation: /default-rack, certSerialId: null}, Type:RATIS, Factor:THREE, State:CLOSED] from datanode 9d8d98b0-9991-458a-859c-25f8efc1f325{ip: 192.168.151.68, host: pr-hdds-2135-v26ff-2356241440, networkLocation: /default-rack, certSerialId: null}. Reason : 9d8d98b0-9991-458a-859c-25f8efc1f325 has not seen follower/s 0ad894eb-396d-46a7-a4d0-256210dc34c1 for 163317ms 5ecabd24-29f4-44ad-af86-ba12f6ac88ae for 163317ms
2019-09-16 22:25:20,962 [EventQueue-PipelineActionsForPipelineActionHandler] INFO  pipeline.SCMPipelineManager (SCMPipelineManager.java:finalizeAndDestroyPipeline(311)) - destroying pipeline:Pipeline[ Id: 22865676-56fc-4cfd-9d6e-461d11bee149, Nodes: 5ecabd24-29f4-44ad-af86-ba12f6ac88ae{ip: 192.168.151.68, host: pr-hdds-2135-v26ff-2356241440, networkLocation: /default-rack, certSerialId: null}9d8d98b0-9991-458a-859c-25f8efc1f325{ip: 192.168.151.68, host: pr-hdds-2135-v26ff-2356241440, networkLocation: /default-rack, certSerialId: null}0ad894eb-396d-46a7-a4d0-256210dc34c1{ip: 192.168.151.68, host: pr-hdds-2135-v26ff-2356241440, networkLocation: /default-rack, certSerialId: null}, Type:RATIS, Factor:THREE, State:CLOSED]
2019-09-16 22:25:22,477 [org.apache.ratis.server.impl.LogAppender$AppenderDaemon$$Lambda$514/1412847569@7d9d433c] ERROR ratis.XceiverServerRatis (XceiverServerRatis.java:triggerPipelineClose(575)) - pipeline Action CLOSE  on pipeline PipelineID=22865676-56fc-4cfd-9d6e-461d11bee149.Reason : 9d8d98b0-9991-458a-859c-25f8efc1f325 has not seen follower/s 0ad894eb-396d-46a7-a4d0-256210dc34c1 for 165818ms 5ecabd24-29f4-44ad-af86-ba12f6ac88ae for 165818ms
2019-09-16 22:25:22,478 [org.apache.ratis.server.impl.LogAppender$AppenderDaemon$$Lambda$514/1412847569@1a0caeee] ERROR ratis.XceiverServerRatis (XceiverServerRatis.java:triggerPipelineClose(575)) - pipeline Action CLOSE  on pipeline PipelineID=22865676-56fc-4cfd-9d6e-461d11bee149.Reason : 9d8d98b0-9991-458a-859c-25f8efc1f325 has not seen follower/s 0ad894eb-396d-46a7-a4d0-256210dc34c1 for 165818ms 5ecabd24-29f4-44ad-af86-ba12f6ac88ae for 165818ms
2019-09-16 22:25:22,962 [EventQueue-PipelineActionsForPipelineActionHandler] ERROR pipeline.PipelineActionHandler (PipelineActionHandler.java:onMessage(60)) - Received pipeline action CLOSE for Pipeline[ Id: 22865676-56fc-4cfd-9d6e-461d11bee149, Nodes: 5ecabd24-29f4-44ad-af86-ba12f6ac88ae{ip: 192.168.151.68, host: pr-hdds-2135-v26ff-2356241440, networkLocation: /default-rack, certSerialId: null}9d8d98b0-9991-458a-859c-25f8efc1f325{ip: 192.168.151.68, host: pr-hdds-2135-v26ff-2356241440, networkLocation: /default-rack, certSerialId: null}0ad894eb-396d-46a7-a4d0-256210dc34c1{ip: 192.168.151.68, host: pr-hdds-2135-v26ff-2356241440, networkLocation: /default-rack, certSerialId: null}, Type:RATIS, Factor:THREE, State:CLOSED] from datanode 9d8d98b0-9991-458a-859c-25f8efc1f325{ip: 192.168.151.68, host: pr-hdds-2135-v26ff-2356241440, networkLocation: /default-rack, certSerialId: null}. Reason : 9d8d98b0-9991-458a-859c-25f8efc1f325 has not seen follower/s 0ad894eb-396d-46a7-a4d0-256210dc34c1 for 165818ms 5ecabd24-29f4-44ad-af86-ba12f6ac88ae for 165818ms
2019-09-16 22:25:22,962 [EventQueue-PipelineActionsForPipelineActionHandler] INFO  pipeline.SCMPipelineManager (SCMPipelineManager.java:finalizeAndDestroyPipeline(311)) - destroying pipeline:Pipeline[ Id: 22865676-56fc-4cfd-9d6e-461d11bee149, Nodes: 5ecabd24-29f4-44ad-af86-ba12f6ac88ae{ip: 192.168.151.68, host: pr-hdds-2135-v26ff-2356241440, networkLocation: /default-rack, certSerialId: null}9d8d98b0-9991-458a-859c-25f8efc1f325{ip: 192.168.151.68, host: pr-hdds-2135-v26ff-2356241440, networkLocation: /default-rack, certSerialId: null}0ad894eb-396d-46a7-a4d0-256210dc34c1{ip: 192.168.151.68, host: pr-hdds-2135-v26ff-2356241440, networkLocation: /default-rack, certSerialId: null}, Type:RATIS, Factor:THREE, State:CLOSED]
2019-09-16 22:25:22,977 [java.util.concurrent.ThreadPoolExecutor$Worker@2e2170a4[State = -1, empty queue]] WARN  server.GrpcLogAppender (GrpcLogAppender.java:timeoutAppendRequest(200)) - 9d8d98b0-9991-458a-859c-25f8efc1f325@group-461D11BEE149->5ecabd24-29f4-44ad-af86-ba12f6ac88ae-GrpcLogAppender: appendEntries Timeout, request=9d8d98b0-9991-458a-859c-25f8efc1f325->5ecabd24-29f4-44ad-af86-ba12f6ac88ae#80-t1, previous=(t:1, i:13), leaderCommit=6, initializing? false, entries: <empty>
2019-09-16 22:25:22,977 [java.util.concurrent.ThreadPoolExecutor$Worker@890ec9d[State = -1, empty queue]] WARN  server.GrpcLogAppender (GrpcLogAppender.java:timeoutAppendRequest(200)) - 9d8d98b0-9991-458a-859c-25f8efc1f325@group-461D11BEE149->0ad894eb-396d-46a7-a4d0-256210dc34c1-GrpcLogAppender: appendEntries Timeout, request=9d8d98b0-9991-458a-859c-25f8efc1f325->0ad894eb-396d-46a7-a4d0-256210dc34c1#80-t1, previous=(t:1, i:13), leaderCommit=6, initializing? false, entries: <empty>
2019-09-16 22:25:23,367 [grpc-default-executor-2] INFO  client.GrpcClientProtocolClient (GrpcClientProtocolClient.java:onNext(264)) - client-D4E1B6F8AD48->0ad894eb-396d-46a7-a4d0-256210dc34c1: receive RaftClientReply:client-D4E1B6F8AD48->0ad894eb-396d-46a7-a4d0-256210dc34c1@group-461D11BEE149, cid=48, FAILED org.apache.ratis.protocol.NotLeaderException: Server 0ad894eb-396d-46a7-a4d0-256210dc34c1@group-461D11BEE149 is not the leader 9d8d98b0-9991-458a-859c-25f8efc1f325:192.168.151.68:46204, logIndex=0, commits[0ad894eb-396d-46a7-a4d0-256210dc34c1:c6, 9d8d98b0-9991-458a-859c-25f8efc1f325:c6, 5ecabd24-29f4-44ad-af86-ba12f6ac88ae:c6]
2019-09-16 22:25:24,978 [org.apache.ratis.server.impl.LogAppender$AppenderDaemon$$Lambda$514/1412847569@7d9d433c] ERROR ratis.XceiverServerRatis (XceiverServerRatis.java:triggerPipelineClose(575)) - pipeline Action CLOSE  on pipeline PipelineID=22865676-56fc-4cfd-9d6e-461d11bee149.Reason : 9d8d98b0-9991-458a-859c-25f8efc1f325 has not seen follower/s 0ad894eb-396d-46a7-a4d0-256210dc34c1 for 168319ms 5ecabd24-29f4-44ad-af86-ba12f6ac88ae for 168319ms
2019-09-16 22:25:24,978 [org.apache.ratis.server.impl.LogAppender$AppenderDaemon$$Lambda$514/1412847569@1a0caeee] ERROR ratis.XceiverServerRatis (XceiverServerRatis.java:triggerPipelineClose(575)) - pipeline Action CLOSE  on pipeline PipelineID=22865676-56fc-4cfd-9d6e-461d11bee149.Reason : 9d8d98b0-9991-458a-859c-25f8efc1f325 has not seen follower/s 0ad894eb-396d-46a7-a4d0-256210dc34c1 for 168319ms 5ecabd24-29f4-44ad-af86-ba12f6ac88ae for 168319ms
2019-09-16 22:25:25,477 [java.util.concurrent.ThreadPoolExecutor$Worker@2e2170a4[State = -1, empty queue]] WARN  server.GrpcLogAppender (GrpcLogAppender.java:timeoutAppendRequest(200)) - 9d8d98b0-9991-458a-859c-25f8efc1f325@group-461D11BEE149->5ecabd24-29f4-44ad-af86-ba12f6ac88ae-GrpcLogAppender: appendEntries Timeout, request=9d8d98b0-9991-458a-859c-25f8efc1f325->5ecabd24-29f4-44ad-af86-ba12f6ac88ae#81-t1, previous=(t:1, i:13), leaderCommit=6, initializing? false, entries: <empty>
2019-09-16 22:25:25,478 [java.util.concurrent.ThreadPoolExecutor$Worker@890ec9d[State = -1, empty queue]] WARN  server.GrpcLogAppender (GrpcLogAppender.java:timeoutAppendRequest(200)) - 9d8d98b0-9991-458a-859c-25f8efc1f325@group-461D11BEE149->0ad894eb-396d-46a7-a4d0-256210dc34c1-GrpcLogAppender: appendEntries Timeout, request=9d8d98b0-9991-458a-859c-25f8efc1f325->0ad894eb-396d-46a7-a4d0-256210dc34c1#81-t1, previous=(t:1, i:13), leaderCommit=6, initializing? false, entries: <empty>
2019-09-16 22:25:25,963 [EventQueue-PipelineActionsForPipelineActionHandler] ERROR pipeline.PipelineActionHandler (PipelineActionHandler.java:onMessage(60)) - Received pipeline action CLOSE for Pipeline[ Id: 22865676-56fc-4cfd-9d6e-461d11bee149, Nodes: 5ecabd24-29f4-44ad-af86-ba12f6ac88ae{ip: 192.168.151.68, host: pr-hdds-2135-v26ff-2356241440, networkLocation: /default-rack, certSerialId: null}9d8d98b0-9991-458a-859c-25f8efc1f325{ip: 192.168.151.68, host: pr-hdds-2135-v26ff-2356241440, networkLocation: /default-rack, certSerialId: null}0ad894eb-396d-46a7-a4d0-256210dc34c1{ip: 192.168.151.68, host: pr-hdds-2135-v26ff-2356241440, networkLocation: /default-rack, certSerialId: null}, Type:RATIS, Factor:THREE, State:CLOSED] from datanode 9d8d98b0-9991-458a-859c-25f8efc1f325{ip: 192.168.151.68, host: pr-hdds-2135-v26ff-2356241440, networkLocation: /default-rack, certSerialId: null}. Reason : 9d8d98b0-9991-458a-859c-25f8efc1f325 has not seen follower/s 0ad894eb-396d-46a7-a4d0-256210dc34c1 for 168319ms 5ecabd24-29f4-44ad-af86-ba12f6ac88ae for 168319ms
2019-09-16 22:25:25,963 [EventQueue-PipelineActionsForPipelineActionHandler] INFO  pipeline.SCMPipelineManager (SCMPipelineManager.java:finalizeAndDestroyPipeline(311)) - destroying pipeline:Pipeline[ Id: 22865676-56fc-4cfd-9d6e-461d11bee149, Nodes: 5ecabd24-29f4-44ad-af86-ba12f6ac88ae{ip: 192.168.151.68, host: pr-hdds-2135-v26ff-2356241440, networkLocation: /default-rack, certSerialId: null}9d8d98b0-9991-458a-859c-25f8efc1f325{ip: 192.168.151.68, host: pr-hdds-2135-v26ff-2356241440, networkLocation: /default-rack, certSerialId: null}0ad894eb-396d-46a7-a4d0-256210dc34c1{ip: 192.168.151.68, host: pr-hdds-2135-v26ff-2356241440, networkLocation: /default-rack, certSerialId: null}, Type:RATIS, Factor:THREE, State:CLOSED]
2019-09-16 22:25:26,896 [9d8d98b0-9991-458a-859c-25f8efc1f325@group-461D11BEE149-SegmentedRaftLogWorker] WARN  segmented.SegmentedRaftLogWorker (SegmentedRaftLogWorker.java:getFromFuture(90)) - Timeout 16/~
org.apache.ratis.protocol.TimeoutIOException: Timeout 10s: WriteLog:8: (t:1, i:8), STATEMACHINELOGENTRY, client-D4E1B6F8AD48, cid=49-writeStateMachineData
	at org.apache.ratis.util.IOUtils.getFromFuture(IOUtils.java:87)
	at org.apache.ratis.server.raftlog.segmented.SegmentedRaftLogWorker$StateMachineDataPolicy.getFromFuture(SegmentedRaftLogWorker.java:87)
	at org.apache.ratis.server.raftlog.segmented.SegmentedRaftLogWorker$WriteLog.execute(SegmentedRaftLogWorker.java:477)
	at org.apache.ratis.server.raftlog.segmented.SegmentedRaftLogWorker.run(SegmentedRaftLogWorker.java:289)
	at java.lang.Thread.run(Thread.java:748)
Caused by: java.util.concurrent.TimeoutException
	at java.util.concurrent.CompletableFuture.timedGet(CompletableFuture.java:1771)
	at java.util.concurrent.CompletableFuture.get(CompletableFuture.java:1915)
	at org.apache.ratis.util.IOUtils.getFromFuture(IOUtils.java:79)
	... 4 more
2019-09-16 22:25:26,937 [0ad894eb-396d-46a7-a4d0-256210dc34c1@group-461D11BEE149-SegmentedRaftLogWorker] WARN  segmented.SegmentedRaftLogWorker (SegmentedRaftLogWorker.java:getFromFuture(90)) - Timeout 16/~
org.apache.ratis.protocol.TimeoutIOException: Timeout 10s: WriteLog:8: (t:1, i:8), STATEMACHINELOGENTRY, client-D4E1B6F8AD48, cid=49-writeStateMachineData
	at org.apache.ratis.util.IOUtils.getFromFuture(IOUtils.java:87)
	at org.apache.ratis.server.raftlog.segmented.SegmentedRaftLogWorker$StateMachineDataPolicy.getFromFuture(SegmentedRaftLogWorker.java:87)
	at org.apache.ratis.server.raftlog.segmented.SegmentedRaftLogWorker$WriteLog.execute(SegmentedRaftLogWorker.java:477)
	at org.apache.ratis.server.raftlog.segmented.SegmentedRaftLogWorker.run(SegmentedRaftLogWorker.java:289)
	at java.lang.Thread.run(Thread.java:748)
Caused by: java.util.concurrent.TimeoutException
	at java.util.concurrent.CompletableFuture.timedGet(CompletableFuture.java:1771)
	at java.util.concurrent.CompletableFuture.get(CompletableFuture.java:1915)
	at org.apache.ratis.util.IOUtils.getFromFuture(IOUtils.java:79)
	... 4 more
2019-09-16 22:25:26,937 [5ecabd24-29f4-44ad-af86-ba12f6ac88ae@group-461D11BEE149-SegmentedRaftLogWorker] WARN  segmented.SegmentedRaftLogWorker (SegmentedRaftLogWorker.java:getFromFuture(90)) - Timeout 16/~
org.apache.ratis.protocol.TimeoutIOException: Timeout 10s: WriteLog:8: (t:1, i:8), STATEMACHINELOGENTRY, client-D4E1B6F8AD48, cid=49-writeStateMachineData
	at org.apache.ratis.util.IOUtils.getFromFuture(IOUtils.java:87)
	at org.apache.ratis.server.raftlog.segmented.SegmentedRaftLogWorker$StateMachineDataPolicy.getFromFuture(SegmentedRaftLogWorker.java:87)
	at org.apache.ratis.server.raftlog.segmented.SegmentedRaftLogWorker$WriteLog.execute(SegmentedRaftLogWorker.java:477)
	at org.apache.ratis.server.raftlog.segmented.SegmentedRaftLogWorker.run(SegmentedRaftLogWorker.java:289)
	at java.lang.Thread.run(Thread.java:748)
Caused by: java.util.concurrent.TimeoutException
	at java.util.concurrent.CompletableFuture.timedGet(CompletableFuture.java:1771)
	at java.util.concurrent.CompletableFuture.get(CompletableFuture.java:1915)
	at org.apache.ratis.util.IOUtils.getFromFuture(IOUtils.java:79)
	... 4 more
2019-09-16 22:25:27,479 [org.apache.ratis.server.impl.LogAppender$AppenderDaemon$$Lambda$514/1412847569@7d9d433c] ERROR ratis.XceiverServerRatis (XceiverServerRatis.java:triggerPipelineClose(575)) - pipeline Action CLOSE  on pipeline PipelineID=22865676-56fc-4cfd-9d6e-461d11bee149.Reason : 9d8d98b0-9991-458a-859c-25f8efc1f325 has not seen follower/s 0ad894eb-396d-46a7-a4d0-256210dc34c1 for 170819ms 5ecabd24-29f4-44ad-af86-ba12f6ac88ae for 170820ms
2019-09-16 22:25:27,479 [org.apache.ratis.server.impl.LogAppender$AppenderDaemon$$Lambda$514/1412847569@1a0caeee] ERROR ratis.XceiverServerRatis (XceiverServerRatis.java:triggerPipelineClose(575)) - pipeline Action CLOSE  on pipeline PipelineID=22865676-56fc-4cfd-9d6e-461d11bee149.Reason : 9d8d98b0-9991-458a-859c-25f8efc1f325 has not seen follower/s 0ad894eb-396d-46a7-a4d0-256210dc34c1 for 170820ms 5ecabd24-29f4-44ad-af86-ba12f6ac88ae for 170820ms
2019-09-16 22:25:27,962 [EventQueue-PipelineActionsForPipelineActionHandler] ERROR pipeline.PipelineActionHandler (PipelineActionHandler.java:onMessage(60)) - Received pipeline action CLOSE for Pipeline[ Id: 22865676-56fc-4cfd-9d6e-461d11bee149, Nodes: 5ecabd24-29f4-44ad-af86-ba12f6ac88ae{ip: 192.168.151.68, host: pr-hdds-2135-v26ff-2356241440, networkLocation: /default-rack, certSerialId: null}9d8d98b0-9991-458a-859c-25f8efc1f325{ip: 192.168.151.68, host: pr-hdds-2135-v26ff-2356241440, networkLocation: /default-rack, certSerialId: null}0ad894eb-396d-46a7-a4d0-256210dc34c1{ip: 192.168.151.68, host: pr-hdds-2135-v26ff-2356241440, networkLocation: /default-rack, certSerialId: null}, Type:RATIS, Factor:THREE, State:CLOSED] from datanode 9d8d98b0-9991-458a-859c-25f8efc1f325{ip: 192.168.151.68, host: pr-hdds-2135-v26ff-2356241440, networkLocation: /default-rack, certSerialId: null}. Reason : 9d8d98b0-9991-458a-859c-25f8efc1f325 has not seen follower/s 0ad894eb-396d-46a7-a4d0-256210dc34c1 for 170819ms 5ecabd24-29f4-44ad-af86-ba12f6ac88ae for 170820ms
2019-09-16 22:25:27,962 [EventQueue-PipelineActionsForPipelineActionHandler] INFO  pipeline.SCMPipelineManager (SCMPipelineManager.java:finalizeAndDestroyPipeline(311)) - destroying pipeline:Pipeline[ Id: 22865676-56fc-4cfd-9d6e-461d11bee149, Nodes: 5ecabd24-29f4-44ad-af86-ba12f6ac88ae{ip: 192.168.151.68, host: pr-hdds-2135-v26ff-2356241440, networkLocation: /default-rack, certSerialId: null}9d8d98b0-9991-458a-859c-25f8efc1f325{ip: 192.168.151.68, host: pr-hdds-2135-v26ff-2356241440, networkLocation: /default-rack, certSerialId: null}0ad894eb-396d-46a7-a4d0-256210dc34c1{ip: 192.168.151.68, host: pr-hdds-2135-v26ff-2356241440, networkLocation: /default-rack, certSerialId: null}, Type:RATIS, Factor:THREE, State:CLOSED]
2019-09-16 22:25:27,978 [java.util.concurrent.ThreadPoolExecutor$Worker@2e2170a4[State = -1, empty queue]] WARN  server.GrpcLogAppender (GrpcLogAppender.java:timeoutAppendRequest(200)) - 9d8d98b0-9991-458a-859c-25f8efc1f325@group-461D11BEE149->5ecabd24-29f4-44ad-af86-ba12f6ac88ae-GrpcLogAppender: appendEntries Timeout, request=9d8d98b0-9991-458a-859c-25f8efc1f325->5ecabd24-29f4-44ad-af86-ba12f6ac88ae#82-t1, previous=(t:1, i:13), leaderCommit=6, initializing? false, entries: <empty>
2019-09-16 22:25:27,978 [java.util.concurrent.ThreadPoolExecutor$Worker@890ec9d[State = -1, empty queue]] WARN  server.GrpcLogAppender (GrpcLogAppender.java:timeoutAppendRequest(200)) - 9d8d98b0-9991-458a-859c-25f8efc1f325@group-461D11BEE149->0ad894eb-396d-46a7-a4d0-256210dc34c1-GrpcLogAppender: appendEntries Timeout, request=9d8d98b0-9991-458a-859c-25f8efc1f325->0ad894eb-396d-46a7-a4d0-256210dc34c1#82-t1, previous=(t:1, i:13), leaderCommit=6, initializing? false, entries: <empty>
2019-09-16 22:25:28,413 [grpc-default-executor-6] INFO  client.GrpcClientProtocolClient (GrpcClientProtocolClient.java:onNext(264)) - client-D4E1B6F8AD48->5ecabd24-29f4-44ad-af86-ba12f6ac88ae: receive RaftClientReply:client-D4E1B6F8AD48->5ecabd24-29f4-44ad-af86-ba12f6ac88ae@group-461D11BEE149, cid=48, FAILED org.apache.ratis.protocol.NotLeaderException: Server 5ecabd24-29f4-44ad-af86-ba12f6ac88ae@group-461D11BEE149 is not the leader 9d8d98b0-9991-458a-859c-25f8efc1f325:192.168.151.68:46204, logIndex=0, commits[5ecabd24-29f4-44ad-af86-ba12f6ac88ae:c6, 9d8d98b0-9991-458a-859c-25f8efc1f325:c6, 0ad894eb-396d-46a7-a4d0-256210dc34c1:c6]
2019-09-16 22:25:29,980 [org.apache.ratis.server.impl.LogAppender$AppenderDaemon$$Lambda$514/1412847569@7d9d433c] ERROR ratis.XceiverServerRatis (XceiverServerRatis.java:triggerPipelineClose(575)) - pipeline Action CLOSE  on pipeline PipelineID=22865676-56fc-4cfd-9d6e-461d11bee149.Reason : 9d8d98b0-9991-458a-859c-25f8efc1f325 has not seen follower/s 0ad894eb-396d-46a7-a4d0-256210dc34c1 for 173320ms 5ecabd24-29f4-44ad-af86-ba12f6ac88ae for 173321ms
2019-09-16 22:25:29,980 [org.apache.ratis.server.impl.LogAppender$AppenderDaemon$$Lambda$514/1412847569@1a0caeee] ERROR ratis.XceiverServerRatis (XceiverServerRatis.java:triggerPipelineClose(575)) - pipeline Action CLOSE  on pipeline PipelineID=22865676-56fc-4cfd-9d6e-461d11bee149.Reason : 9d8d98b0-9991-458a-859c-25f8efc1f325 has not seen follower/s 0ad894eb-396d-46a7-a4d0-256210dc34c1 for 173321ms 5ecabd24-29f4-44ad-af86-ba12f6ac88ae for 173321ms
2019-09-16 22:25:30,479 [java.util.concurrent.ThreadPoolExecutor$Worker@2e2170a4[State = -1, empty queue]] WARN  server.GrpcLogAppender (GrpcLogAppender.java:timeoutAppendRequest(200)) - 9d8d98b0-9991-458a-859c-25f8efc1f325@group-461D11BEE149->5ecabd24-29f4-44ad-af86-ba12f6ac88ae-GrpcLogAppender: appendEntries Timeout, request=9d8d98b0-9991-458a-859c-25f8efc1f325->5ecabd24-29f4-44ad-af86-ba12f6ac88ae#83-t1, previous=(t:1, i:13), leaderCommit=6, initializing? false, entries: <empty>
2019-09-16 22:25:30,479 [java.util.concurrent.ThreadPoolExecutor$Worker@890ec9d[State = -1, empty queue]] WARN  server.GrpcLogAppender (GrpcLogAppender.java:timeoutAppendRequest(200)) - 9d8d98b0-9991-458a-859c-25f8efc1f325@group-461D11BEE149->0ad894eb-396d-46a7-a4d0-256210dc34c1-GrpcLogAppender: appendEntries Timeout, request=9d8d98b0-9991-458a-859c-25f8efc1f325->0ad894eb-396d-46a7-a4d0-256210dc34c1#83-t1, previous=(t:1, i:13), leaderCommit=6, initializing? false, entries: <empty>
2019-09-16 22:25:30,962 [EventQueue-PipelineActionsForPipelineActionHandler] ERROR pipeline.PipelineActionHandler (PipelineActionHandler.java:onMessage(60)) - Received pipeline action CLOSE for Pipeline[ Id: 22865676-56fc-4cfd-9d6e-461d11bee149, Nodes: 5ecabd24-29f4-44ad-af86-ba12f6ac88ae{ip: 192.168.151.68, host: pr-hdds-2135-v26ff-2356241440, networkLocation: /default-rack, certSerialId: null}9d8d98b0-9991-458a-859c-25f8efc1f325{ip: 192.168.151.68, host: pr-hdds-2135-v26ff-2356241440, networkLocation: /default-rack, certSerialId: null}0ad894eb-396d-46a7-a4d0-256210dc34c1{ip: 192.168.151.68, host: pr-hdds-2135-v26ff-2356241440, networkLocation: /default-rack, certSerialId: null}, Type:RATIS, Factor:THREE, State:CLOSED] from datanode 9d8d98b0-9991-458a-859c-25f8efc1f325{ip: 192.168.151.68, host: pr-hdds-2135-v26ff-2356241440, networkLocation: /default-rack, certSerialId: null}. Reason : 9d8d98b0-9991-458a-859c-25f8efc1f325 has not seen follower/s 0ad894eb-396d-46a7-a4d0-256210dc34c1 for 173320ms 5ecabd24-29f4-44ad-af86-ba12f6ac88ae for 173321ms
2019-09-16 22:25:30,962 [EventQueue-PipelineActionsForPipelineActionHandler] INFO  pipeline.SCMPipelineManager (SCMPipelineManager.java:finalizeAndDestroyPipeline(311)) - destroying pipeline:Pipeline[ Id: 22865676-56fc-4cfd-9d6e-461d11bee149, Nodes: 5ecabd24-29f4-44ad-af86-ba12f6ac88ae{ip: 192.168.151.68, host: pr-hdds-2135-v26ff-2356241440, networkLocation: /default-rack, certSerialId: null}9d8d98b0-9991-458a-859c-25f8efc1f325{ip: 192.168.151.68, host: pr-hdds-2135-v26ff-2356241440, networkLocation: /default-rack, certSerialId: null}0ad894eb-396d-46a7-a4d0-256210dc34c1{ip: 192.168.151.68, host: pr-hdds-2135-v26ff-2356241440, networkLocation: /default-rack, certSerialId: null}, Type:RATIS, Factor:THREE, State:CLOSED]
2019-09-16 22:25:32,481 [org.apache.ratis.server.impl.LogAppender$AppenderDaemon$$Lambda$514/1412847569@7d9d433c] ERROR ratis.XceiverServerRatis (XceiverServerRatis.java:triggerPipelineClose(575)) - pipeline Action CLOSE  on pipeline PipelineID=22865676-56fc-4cfd-9d6e-461d11bee149.Reason : 9d8d98b0-9991-458a-859c-25f8efc1f325 has not seen follower/s 0ad894eb-396d-46a7-a4d0-256210dc34c1 for 175821ms 5ecabd24-29f4-44ad-af86-ba12f6ac88ae for 175822ms
2019-09-16 22:25:32,481 [org.apache.ratis.server.impl.LogAppender$AppenderDaemon$$Lambda$514/1412847569@1a0caeee] ERROR ratis.XceiverServerRatis (XceiverServerRatis.java:triggerPipelineClose(575)) - pipeline Action CLOSE  on pipeline PipelineID=22865676-56fc-4cfd-9d6e-461d11bee149.Reason : 9d8d98b0-9991-458a-859c-25f8efc1f325 has not seen follower/s 0ad894eb-396d-46a7-a4d0-256210dc34c1 for 175822ms 5ecabd24-29f4-44ad-af86-ba12f6ac88ae for 175822ms
2019-09-16 22:25:32,962 [EventQueue-PipelineActionsForPipelineActionHandler] ERROR pipeline.PipelineActionHandler (PipelineActionHandler.java:onMessage(60)) - Received pipeline action CLOSE for Pipeline[ Id: 22865676-56fc-4cfd-9d6e-461d11bee149, Nodes: 5ecabd24-29f4-44ad-af86-ba12f6ac88ae{ip: 192.168.151.68, host: pr-hdds-2135-v26ff-2356241440, networkLocation: /default-rack, certSerialId: null}9d8d98b0-9991-458a-859c-25f8efc1f325{ip: 192.168.151.68, host: pr-hdds-2135-v26ff-2356241440, networkLocation: /default-rack, certSerialId: null}0ad894eb-396d-46a7-a4d0-256210dc34c1{ip: 192.168.151.68, host: pr-hdds-2135-v26ff-2356241440, networkLocation: /default-rack, certSerialId: null}, Type:RATIS, Factor:THREE, State:CLOSED] from datanode 9d8d98b0-9991-458a-859c-25f8efc1f325{ip: 192.168.151.68, host: pr-hdds-2135-v26ff-2356241440, networkLocation: /default-rack, certSerialId: null}. Reason : 9d8d98b0-9991-458a-859c-25f8efc1f325 has not seen follower/s 0ad894eb-396d-46a7-a4d0-256210dc34c1 for 175821ms 5ecabd24-29f4-44ad-af86-ba12f6ac88ae for 175822ms
2019-09-16 22:25:32,963 [EventQueue-PipelineActionsForPipelineActionHandler] INFO  pipeline.SCMPipelineManager (SCMPipelineManager.java:finalizeAndDestroyPipeline(311)) - destroying pipeline:Pipeline[ Id: 22865676-56fc-4cfd-9d6e-461d11bee149, Nodes: 5ecabd24-29f4-44ad-af86-ba12f6ac88ae{ip: 192.168.151.68, host: pr-hdds-2135-v26ff-2356241440, networkLocation: /default-rack, certSerialId: null}9d8d98b0-9991-458a-859c-25f8efc1f325{ip: 192.168.151.68, host: pr-hdds-2135-v26ff-2356241440, networkLocation: /default-rack, certSerialId: null}0ad894eb-396d-46a7-a4d0-256210dc34c1{ip: 192.168.151.68, host: pr-hdds-2135-v26ff-2356241440, networkLocation: /default-rack, certSerialId: null}, Type:RATIS, Factor:THREE, State:CLOSED]
2019-09-16 22:25:32,980 [java.util.concurrent.ThreadPoolExecutor$Worker@2e2170a4[State = -1, empty queue]] WARN  server.GrpcLogAppender (GrpcLogAppender.java:timeoutAppendRequest(200)) - 9d8d98b0-9991-458a-859c-25f8efc1f325@group-461D11BEE149->5ecabd24-29f4-44ad-af86-ba12f6ac88ae-GrpcLogAppender: appendEntries Timeout, request=9d8d98b0-9991-458a-859c-25f8efc1f325->5ecabd24-29f4-44ad-af86-ba12f6ac88ae#84-t1, previous=(t:1, i:13), leaderCommit=6, initializing? false, entries: <empty>
2019-09-16 22:25:32,980 [java.util.concurrent.ThreadPoolExecutor$Worker@890ec9d[State = -1, empty queue]] WARN  server.GrpcLogAppender (GrpcLogAppender.java:timeoutAppendRequest(200)) - 9d8d98b0-9991-458a-859c-25f8efc1f325@group-461D11BEE149->0ad894eb-396d-46a7-a4d0-256210dc34c1-GrpcLogAppender: appendEntries Timeout, request=9d8d98b0-9991-458a-859c-25f8efc1f325->0ad894eb-396d-46a7-a4d0-256210dc34c1#84-t1, previous=(t:1, i:13), leaderCommit=6, initializing? false, entries: <empty>
2019-09-16 22:25:33,465 [grpc-default-executor-6] INFO  client.GrpcClientProtocolClient (GrpcClientProtocolClient.java:onNext(264)) - client-D4E1B6F8AD48->0ad894eb-396d-46a7-a4d0-256210dc34c1: receive RaftClientReply:client-D4E1B6F8AD48->0ad894eb-396d-46a7-a4d0-256210dc34c1@group-461D11BEE149, cid=48, FAILED org.apache.ratis.protocol.NotLeaderException: Server 0ad894eb-396d-46a7-a4d0-256210dc34c1@group-461D11BEE149 is not the leader 9d8d98b0-9991-458a-859c-25f8efc1f325:192.168.151.68:46204, logIndex=0, commits[0ad894eb-396d-46a7-a4d0-256210dc34c1:c6, 9d8d98b0-9991-458a-859c-25f8efc1f325:c6, 5ecabd24-29f4-44ad-af86-ba12f6ac88ae:c6]
2019-09-16 22:25:34,982 [org.apache.ratis.server.impl.LogAppender$AppenderDaemon$$Lambda$514/1412847569@7d9d433c] ERROR ratis.XceiverServerRatis (XceiverServerRatis.java:triggerPipelineClose(575)) - pipeline Action CLOSE  on pipeline PipelineID=22865676-56fc-4cfd-9d6e-461d11bee149.Reason : 9d8d98b0-9991-458a-859c-25f8efc1f325 has not seen follower/s 0ad894eb-396d-46a7-a4d0-256210dc34c1 for 178323ms 5ecabd24-29f4-44ad-af86-ba12f6ac88ae for 178323ms
2019-09-16 22:25:34,982 [org.apache.ratis.server.impl.LogAppender$AppenderDaemon$$Lambda$514/1412847569@1a0caeee] ERROR ratis.XceiverServerRatis (XceiverServerRatis.java:triggerPipelineClose(575)) - pipeline Action CLOSE  on pipeline PipelineID=22865676-56fc-4cfd-9d6e-461d11bee149.Reason : 9d8d98b0-9991-458a-859c-25f8efc1f325 has not seen follower/s 0ad894eb-396d-46a7-a4d0-256210dc34c1 for 178323ms 5ecabd24-29f4-44ad-af86-ba12f6ac88ae for 178323ms
2019-09-16 22:25:35,481 [java.util.concurrent.ThreadPoolExecutor$Worker@2e2170a4[State = -1, empty queue]] WARN  server.GrpcLogAppender (GrpcLogAppender.java:timeoutAppendRequest(200)) - 9d8d98b0-9991-458a-859c-25f8efc1f325@group-461D11BEE149->5ecabd24-29f4-44ad-af86-ba12f6ac88ae-GrpcLogAppender: appendEntries Timeout, request=9d8d98b0-9991-458a-859c-25f8efc1f325->5ecabd24-29f4-44ad-af86-ba12f6ac88ae#85-t1, previous=(t:1, i:13), leaderCommit=6, initializing? false, entries: <empty>
2019-09-16 22:25:35,481 [java.util.concurrent.ThreadPoolExecutor$Worker@890ec9d[State = -1, empty queue]] WARN  server.GrpcLogAppender (GrpcLogAppender.java:timeoutAppendRequest(200)) - 9d8d98b0-9991-458a-859c-25f8efc1f325@group-461D11BEE149->0ad894eb-396d-46a7-a4d0-256210dc34c1-GrpcLogAppender: appendEntries Timeout, request=9d8d98b0-9991-458a-859c-25f8efc1f325->0ad894eb-396d-46a7-a4d0-256210dc34c1#85-t1, previous=(t:1, i:13), leaderCommit=6, initializing? false, entries: <empty>
2019-09-16 22:25:35,964 [EventQueue-PipelineActionsForPipelineActionHandler] ERROR pipeline.PipelineActionHandler (PipelineActionHandler.java:onMessage(60)) - Received pipeline action CLOSE for Pipeline[ Id: 22865676-56fc-4cfd-9d6e-461d11bee149, Nodes: 5ecabd24-29f4-44ad-af86-ba12f6ac88ae{ip: 192.168.151.68, host: pr-hdds-2135-v26ff-2356241440, networkLocation: /default-rack, certSerialId: null}9d8d98b0-9991-458a-859c-25f8efc1f325{ip: 192.168.151.68, host: pr-hdds-2135-v26ff-2356241440, networkLocation: /default-rack, certSerialId: null}0ad894eb-396d-46a7-a4d0-256210dc34c1{ip: 192.168.151.68, host: pr-hdds-2135-v26ff-2356241440, networkLocation: /default-rack, certSerialId: null}, Type:RATIS, Factor:THREE, State:CLOSED] from datanode 9d8d98b0-9991-458a-859c-25f8efc1f325{ip: 192.168.151.68, host: pr-hdds-2135-v26ff-2356241440, networkLocation: /default-rack, certSerialId: null}. Reason : 9d8d98b0-9991-458a-859c-25f8efc1f325 has not seen follower/s 0ad894eb-396d-46a7-a4d0-256210dc34c1 for 178323ms 5ecabd24-29f4-44ad-af86-ba12f6ac88ae for 178323ms
2019-09-16 22:25:35,964 [EventQueue-PipelineActionsForPipelineActionHandler] INFO  pipeline.SCMPipelineManager (SCMPipelineManager.java:finalizeAndDestroyPipeline(311)) - destroying pipeline:Pipeline[ Id: 22865676-56fc-4cfd-9d6e-461d11bee149, Nodes: 5ecabd24-29f4-44ad-af86-ba12f6ac88ae{ip: 192.168.151.68, host: pr-hdds-2135-v26ff-2356241440, networkLocation: /default-rack, certSerialId: null}9d8d98b0-9991-458a-859c-25f8efc1f325{ip: 192.168.151.68, host: pr-hdds-2135-v26ff-2356241440, networkLocation: /default-rack, certSerialId: null}0ad894eb-396d-46a7-a4d0-256210dc34c1{ip: 192.168.151.68, host: pr-hdds-2135-v26ff-2356241440, networkLocation: /default-rack, certSerialId: null}, Type:RATIS, Factor:THREE, State:CLOSED]
2019-09-16 22:25:36,897 [9d8d98b0-9991-458a-859c-25f8efc1f325@group-461D11BEE149-SegmentedRaftLogWorker] WARN  segmented.SegmentedRaftLogWorker (SegmentedRaftLogWorker.java:getFromFuture(90)) - Timeout 17/~
org.apache.ratis.protocol.TimeoutIOException: Timeout 10s: WriteLog:8: (t:1, i:8), STATEMACHINELOGENTRY, client-D4E1B6F8AD48, cid=49-writeStateMachineData
	at org.apache.ratis.util.IOUtils.getFromFuture(IOUtils.java:87)
	at org.apache.ratis.server.raftlog.segmented.SegmentedRaftLogWorker$StateMachineDataPolicy.getFromFuture(SegmentedRaftLogWorker.java:87)
	at org.apache.ratis.server.raftlog.segmented.SegmentedRaftLogWorker$WriteLog.execute(SegmentedRaftLogWorker.java:477)
	at org.apache.ratis.server.raftlog.segmented.SegmentedRaftLogWorker.run(SegmentedRaftLogWorker.java:289)
	at java.lang.Thread.run(Thread.java:748)
Caused by: java.util.concurrent.TimeoutException
	at java.util.concurrent.CompletableFuture.timedGet(CompletableFuture.java:1771)
	at java.util.concurrent.CompletableFuture.get(CompletableFuture.java:1915)
	at org.apache.ratis.util.IOUtils.getFromFuture(IOUtils.java:79)
	... 4 more
2019-09-16 22:25:36,938 [0ad894eb-396d-46a7-a4d0-256210dc34c1@group-461D11BEE149-SegmentedRaftLogWorker] WARN  segmented.SegmentedRaftLogWorker (SegmentedRaftLogWorker.java:getFromFuture(90)) - Timeout 17/~
org.apache.ratis.protocol.TimeoutIOException: Timeout 10s: WriteLog:8: (t:1, i:8), STATEMACHINELOGENTRY, client-D4E1B6F8AD48, cid=49-writeStateMachineData
	at org.apache.ratis.util.IOUtils.getFromFuture(IOUtils.java:87)
	at org.apache.ratis.server.raftlog.segmented.SegmentedRaftLogWorker$StateMachineDataPolicy.getFromFuture(SegmentedRaftLogWorker.java:87)
	at org.apache.ratis.server.raftlog.segmented.SegmentedRaftLogWorker$WriteLog.execute(SegmentedRaftLogWorker.java:477)
	at org.apache.ratis.server.raftlog.segmented.SegmentedRaftLogWorker.run(SegmentedRaftLogWorker.java:289)
	at java.lang.Thread.run(Thread.java:748)
Caused by: java.util.concurrent.TimeoutException
	at java.util.concurrent.CompletableFuture.timedGet(CompletableFuture.java:1771)
	at java.util.concurrent.CompletableFuture.get(CompletableFuture.java:1915)
	at org.apache.ratis.util.IOUtils.getFromFuture(IOUtils.java:79)
	... 4 more
2019-09-16 22:25:36,938 [5ecabd24-29f4-44ad-af86-ba12f6ac88ae@group-461D11BEE149-SegmentedRaftLogWorker] WARN  segmented.SegmentedRaftLogWorker (SegmentedRaftLogWorker.java:getFromFuture(90)) - Timeout 17/~
org.apache.ratis.protocol.TimeoutIOException: Timeout 10s: WriteLog:8: (t:1, i:8), STATEMACHINELOGENTRY, client-D4E1B6F8AD48, cid=49-writeStateMachineData
	at org.apache.ratis.util.IOUtils.getFromFuture(IOUtils.java:87)
	at org.apache.ratis.server.raftlog.segmented.SegmentedRaftLogWorker$StateMachineDataPolicy.getFromFuture(SegmentedRaftLogWorker.java:87)
	at org.apache.ratis.server.raftlog.segmented.SegmentedRaftLogWorker$WriteLog.execute(SegmentedRaftLogWorker.java:477)
	at org.apache.ratis.server.raftlog.segmented.SegmentedRaftLogWorker.run(SegmentedRaftLogWorker.java:289)
	at java.lang.Thread.run(Thread.java:748)
Caused by: java.util.concurrent.TimeoutException
	at java.util.concurrent.CompletableFuture.timedGet(CompletableFuture.java:1771)
	at java.util.concurrent.CompletableFuture.get(CompletableFuture.java:1915)
	at org.apache.ratis.util.IOUtils.getFromFuture(IOUtils.java:79)
	... 4 more
2019-09-16 22:25:37,483 [org.apache.ratis.server.impl.LogAppender$AppenderDaemon$$Lambda$514/1412847569@1a0caeee] ERROR ratis.XceiverServerRatis (XceiverServerRatis.java:triggerPipelineClose(575)) - pipeline Action CLOSE  on pipeline PipelineID=22865676-56fc-4cfd-9d6e-461d11bee149.Reason : 9d8d98b0-9991-458a-859c-25f8efc1f325 has not seen follower/s 0ad894eb-396d-46a7-a4d0-256210dc34c1 for 180823ms 5ecabd24-29f4-44ad-af86-ba12f6ac88ae for 180824ms
2019-09-16 22:25:37,483 [org.apache.ratis.server.impl.LogAppender$AppenderDaemon$$Lambda$514/1412847569@7d9d433c] ERROR ratis.XceiverServerRatis (XceiverServerRatis.java:triggerPipelineClose(575)) - pipeline Action CLOSE  on pipeline PipelineID=22865676-56fc-4cfd-9d6e-461d11bee149.Reason : 9d8d98b0-9991-458a-859c-25f8efc1f325 has not seen follower/s 0ad894eb-396d-46a7-a4d0-256210dc34c1 for 180824ms 5ecabd24-29f4-44ad-af86-ba12f6ac88ae for 180824ms
2019-09-16 22:25:37,964 [EventQueue-PipelineActionsForPipelineActionHandler] ERROR pipeline.PipelineActionHandler (PipelineActionHandler.java:onMessage(60)) - Received pipeline action CLOSE for Pipeline[ Id: 22865676-56fc-4cfd-9d6e-461d11bee149, Nodes: 5ecabd24-29f4-44ad-af86-ba12f6ac88ae{ip: 192.168.151.68, host: pr-hdds-2135-v26ff-2356241440, networkLocation: /default-rack, certSerialId: null}9d8d98b0-9991-458a-859c-25f8efc1f325{ip: 192.168.151.68, host: pr-hdds-2135-v26ff-2356241440, networkLocation: /default-rack, certSerialId: null}0ad894eb-396d-46a7-a4d0-256210dc34c1{ip: 192.168.151.68, host: pr-hdds-2135-v26ff-2356241440, networkLocation: /default-rack, certSerialId: null}, Type:RATIS, Factor:THREE, State:CLOSED] from datanode 9d8d98b0-9991-458a-859c-25f8efc1f325{ip: 192.168.151.68, host: pr-hdds-2135-v26ff-2356241440, networkLocation: /default-rack, certSerialId: null}. Reason : 9d8d98b0-9991-458a-859c-25f8efc1f325 has not seen follower/s 0ad894eb-396d-46a7-a4d0-256210dc34c1 for 180823ms 5ecabd24-29f4-44ad-af86-ba12f6ac88ae for 180824ms
2019-09-16 22:25:37,964 [EventQueue-PipelineActionsForPipelineActionHandler] INFO  pipeline.SCMPipelineManager (SCMPipelineManager.java:finalizeAndDestroyPipeline(311)) - destroying pipeline:Pipeline[ Id: 22865676-56fc-4cfd-9d6e-461d11bee149, Nodes: 5ecabd24-29f4-44ad-af86-ba12f6ac88ae{ip: 192.168.151.68, host: pr-hdds-2135-v26ff-2356241440, networkLocation: /default-rack, certSerialId: null}9d8d98b0-9991-458a-859c-25f8efc1f325{ip: 192.168.151.68, host: pr-hdds-2135-v26ff-2356241440, networkLocation: /default-rack, certSerialId: null}0ad894eb-396d-46a7-a4d0-256210dc34c1{ip: 192.168.151.68, host: pr-hdds-2135-v26ff-2356241440, networkLocation: /default-rack, certSerialId: null}, Type:RATIS, Factor:THREE, State:CLOSED]
2019-09-16 22:25:37,982 [java.util.concurrent.ThreadPoolExecutor$Worker@2e2170a4[State = -1, empty queue]] WARN  server.GrpcLogAppender (GrpcLogAppender.java:timeoutAppendRequest(200)) - 9d8d98b0-9991-458a-859c-25f8efc1f325@group-461D11BEE149->5ecabd24-29f4-44ad-af86-ba12f6ac88ae-GrpcLogAppender: appendEntries Timeout, request=9d8d98b0-9991-458a-859c-25f8efc1f325->5ecabd24-29f4-44ad-af86-ba12f6ac88ae#86-t1, previous=(t:1, i:13), leaderCommit=6, initializing? false, entries: <empty>
2019-09-16 22:25:37,982 [java.util.concurrent.ThreadPoolExecutor$Worker@890ec9d[State = -1, empty queue]] WARN  server.GrpcLogAppender (GrpcLogAppender.java:timeoutAppendRequest(200)) - 9d8d98b0-9991-458a-859c-25f8efc1f325@group-461D11BEE149->0ad894eb-396d-46a7-a4d0-256210dc34c1-GrpcLogAppender: appendEntries Timeout, request=9d8d98b0-9991-458a-859c-25f8efc1f325->0ad894eb-396d-46a7-a4d0-256210dc34c1#86-t1, previous=(t:1, i:13), leaderCommit=6, initializing? false, entries: <empty>
2019-09-16 22:25:38,510 [grpc-default-executor-6] INFO  client.GrpcClientProtocolClient (GrpcClientProtocolClient.java:onNext(264)) - client-D4E1B6F8AD48->0ad894eb-396d-46a7-a4d0-256210dc34c1: receive RaftClientReply:client-D4E1B6F8AD48->0ad894eb-396d-46a7-a4d0-256210dc34c1@group-461D11BEE149, cid=48, FAILED org.apache.ratis.protocol.NotLeaderException: Server 0ad894eb-396d-46a7-a4d0-256210dc34c1@group-461D11BEE149 is not the leader 9d8d98b0-9991-458a-859c-25f8efc1f325:192.168.151.68:46204, logIndex=0, commits[0ad894eb-396d-46a7-a4d0-256210dc34c1:c6, 9d8d98b0-9991-458a-859c-25f8efc1f325:c6, 5ecabd24-29f4-44ad-af86-ba12f6ac88ae:c6]
2019-09-16 22:25:39,984 [org.apache.ratis.server.impl.LogAppender$AppenderDaemon$$Lambda$514/1412847569@1a0caeee] ERROR ratis.XceiverServerRatis (XceiverServerRatis.java:triggerPipelineClose(575)) - pipeline Action CLOSE  on pipeline PipelineID=22865676-56fc-4cfd-9d6e-461d11bee149.Reason : 9d8d98b0-9991-458a-859c-25f8efc1f325 has not seen follower/s 0ad894eb-396d-46a7-a4d0-256210dc34c1 for 183324ms 5ecabd24-29f4-44ad-af86-ba12f6ac88ae for 183324ms
2019-09-16 22:25:39,984 [org.apache.ratis.server.impl.LogAppender$AppenderDaemon$$Lambda$514/1412847569@7d9d433c] ERROR ratis.XceiverServerRatis (XceiverServerRatis.java:triggerPipelineClose(575)) - pipeline Action CLOSE  on pipeline PipelineID=22865676-56fc-4cfd-9d6e-461d11bee149.Reason : 9d8d98b0-9991-458a-859c-25f8efc1f325 has not seen follower/s 0ad894eb-396d-46a7-a4d0-256210dc34c1 for 183324ms 5ecabd24-29f4-44ad-af86-ba12f6ac88ae for 183324ms
2019-09-16 22:25:40,483 [java.util.concurrent.ThreadPoolExecutor$Worker@890ec9d[State = -1, empty queue]] WARN  server.GrpcLogAppender (GrpcLogAppender.java:timeoutAppendRequest(200)) - 9d8d98b0-9991-458a-859c-25f8efc1f325@group-461D11BEE149->0ad894eb-396d-46a7-a4d0-256210dc34c1-GrpcLogAppender: appendEntries Timeout, request=9d8d98b0-9991-458a-859c-25f8efc1f325->0ad894eb-396d-46a7-a4d0-256210dc34c1#87-t1, previous=(t:1, i:13), leaderCommit=6, initializing? false, entries: <empty>
2019-09-16 22:25:40,483 [java.util.concurrent.ThreadPoolExecutor$Worker@2e2170a4[State = -1, empty queue]] WARN  server.GrpcLogAppender (GrpcLogAppender.java:timeoutAppendRequest(200)) - 9d8d98b0-9991-458a-859c-25f8efc1f325@group-461D11BEE149->5ecabd24-29f4-44ad-af86-ba12f6ac88ae-GrpcLogAppender: appendEntries Timeout, request=9d8d98b0-9991-458a-859c-25f8efc1f325->5ecabd24-29f4-44ad-af86-ba12f6ac88ae#87-t1, previous=(t:1, i:13), leaderCommit=6, initializing? false, entries: <empty>
2019-09-16 22:25:40,963 [EventQueue-PipelineActionsForPipelineActionHandler] ERROR pipeline.PipelineActionHandler (PipelineActionHandler.java:onMessage(60)) - Received pipeline action CLOSE for Pipeline[ Id: 22865676-56fc-4cfd-9d6e-461d11bee149, Nodes: 5ecabd24-29f4-44ad-af86-ba12f6ac88ae{ip: 192.168.151.68, host: pr-hdds-2135-v26ff-2356241440, networkLocation: /default-rack, certSerialId: null}9d8d98b0-9991-458a-859c-25f8efc1f325{ip: 192.168.151.68, host: pr-hdds-2135-v26ff-2356241440, networkLocation: /default-rack, certSerialId: null}0ad894eb-396d-46a7-a4d0-256210dc34c1{ip: 192.168.151.68, host: pr-hdds-2135-v26ff-2356241440, networkLocation: /default-rack, certSerialId: null}, Type:RATIS, Factor:THREE, State:CLOSED] from datanode 9d8d98b0-9991-458a-859c-25f8efc1f325{ip: 192.168.151.68, host: pr-hdds-2135-v26ff-2356241440, networkLocation: /default-rack, certSerialId: null}. Reason : 9d8d98b0-9991-458a-859c-25f8efc1f325 has not seen follower/s 0ad894eb-396d-46a7-a4d0-256210dc34c1 for 183324ms 5ecabd24-29f4-44ad-af86-ba12f6ac88ae for 183324ms
2019-09-16 22:25:40,964 [EventQueue-PipelineActionsForPipelineActionHandler] INFO  pipeline.SCMPipelineManager (SCMPipelineManager.java:finalizeAndDestroyPipeline(311)) - destroying pipeline:Pipeline[ Id: 22865676-56fc-4cfd-9d6e-461d11bee149, Nodes: 5ecabd24-29f4-44ad-af86-ba12f6ac88ae{ip: 192.168.151.68, host: pr-hdds-2135-v26ff-2356241440, networkLocation: /default-rack, certSerialId: null}9d8d98b0-9991-458a-859c-25f8efc1f325{ip: 192.168.151.68, host: pr-hdds-2135-v26ff-2356241440, networkLocation: /default-rack, certSerialId: null}0ad894eb-396d-46a7-a4d0-256210dc34c1{ip: 192.168.151.68, host: pr-hdds-2135-v26ff-2356241440, networkLocation: /default-rack, certSerialId: null}, Type:RATIS, Factor:THREE, State:CLOSED]
2019-09-16 22:25:42,484 [org.apache.ratis.server.impl.LogAppender$AppenderDaemon$$Lambda$514/1412847569@1a0caeee] ERROR ratis.XceiverServerRatis (XceiverServerRatis.java:triggerPipelineClose(575)) - pipeline Action CLOSE  on pipeline PipelineID=22865676-56fc-4cfd-9d6e-461d11bee149.Reason : 9d8d98b0-9991-458a-859c-25f8efc1f325 has not seen follower/s 0ad894eb-396d-46a7-a4d0-256210dc34c1 for 185825ms 5ecabd24-29f4-44ad-af86-ba12f6ac88ae for 185825ms
2019-09-16 22:25:42,484 [org.apache.ratis.server.impl.LogAppender$AppenderDaemon$$Lambda$514/1412847569@7d9d433c] ERROR ratis.XceiverServerRatis (XceiverServerRatis.java:triggerPipelineClose(575)) - pipeline Action CLOSE  on pipeline PipelineID=22865676-56fc-4cfd-9d6e-461d11bee149.Reason : 9d8d98b0-9991-458a-859c-25f8efc1f325 has not seen follower/s 0ad894eb-396d-46a7-a4d0-256210dc34c1 for 185825ms 5ecabd24-29f4-44ad-af86-ba12f6ac88ae for 185825ms
2019-09-16 22:25:42,963 [grpc-default-executor-2] INFO  impl.RaftServerProxy (RaftServerProxy.java:remove(95)) - 5ecabd24-29f4-44ad-af86-ba12f6ac88ae: remove  FOLLOWER 5ecabd24-29f4-44ad-af86-ba12f6ac88ae@group-461D11BEE149:t1, leader=9d8d98b0-9991-458a-859c-25f8efc1f325, voted=9d8d98b0-9991-458a-859c-25f8efc1f325, raftlog=5ecabd24-29f4-44ad-af86-ba12f6ac88ae@group-461D11BEE149-SegmentedRaftLog:OPENED:c6,f6,i13, conf=0: [9d8d98b0-9991-458a-859c-25f8efc1f325:192.168.151.68:46204, 0ad894eb-396d-46a7-a4d0-256210dc34c1:192.168.151.68:43421, 5ecabd24-29f4-44ad-af86-ba12f6ac88ae:192.168.151.68:37146], old=null RUNNING
2019-09-16 22:25:42,963 [EventQueue-PipelineActionsForPipelineActionHandler] ERROR pipeline.PipelineActionHandler (PipelineActionHandler.java:onMessage(60)) - Received pipeline action CLOSE for Pipeline[ Id: 22865676-56fc-4cfd-9d6e-461d11bee149, Nodes: 5ecabd24-29f4-44ad-af86-ba12f6ac88ae{ip: 192.168.151.68, host: pr-hdds-2135-v26ff-2356241440, networkLocation: /default-rack, certSerialId: null}9d8d98b0-9991-458a-859c-25f8efc1f325{ip: 192.168.151.68, host: pr-hdds-2135-v26ff-2356241440, networkLocation: /default-rack, certSerialId: null}0ad894eb-396d-46a7-a4d0-256210dc34c1{ip: 192.168.151.68, host: pr-hdds-2135-v26ff-2356241440, networkLocation: /default-rack, certSerialId: null}, Type:RATIS, Factor:THREE, State:CLOSED] from datanode 9d8d98b0-9991-458a-859c-25f8efc1f325{ip: 192.168.151.68, host: pr-hdds-2135-v26ff-2356241440, networkLocation: /default-rack, certSerialId: null}. Reason : 9d8d98b0-9991-458a-859c-25f8efc1f325 has not seen follower/s 0ad894eb-396d-46a7-a4d0-256210dc34c1 for 185825ms 5ecabd24-29f4-44ad-af86-ba12f6ac88ae for 185825ms
2019-09-16 22:25:42,963 [grpc-default-executor-2] INFO  impl.RaftServerImpl (RaftServerImpl.java:lambda$shutdown$3(251)) - 5ecabd24-29f4-44ad-af86-ba12f6ac88ae@group-461D11BEE149: shutdown
2019-09-16 22:25:42,963 [EventQueue-PipelineActionsForPipelineActionHandler] INFO  pipeline.SCMPipelineManager (SCMPipelineManager.java:finalizeAndDestroyPipeline(311)) - destroying pipeline:Pipeline[ Id: 22865676-56fc-4cfd-9d6e-461d11bee149, Nodes: 5ecabd24-29f4-44ad-af86-ba12f6ac88ae{ip: 192.168.151.68, host: pr-hdds-2135-v26ff-2356241440, networkLocation: /default-rack, certSerialId: null}9d8d98b0-9991-458a-859c-25f8efc1f325{ip: 192.168.151.68, host: pr-hdds-2135-v26ff-2356241440, networkLocation: /default-rack, certSerialId: null}0ad894eb-396d-46a7-a4d0-256210dc34c1{ip: 192.168.151.68, host: pr-hdds-2135-v26ff-2356241440, networkLocation: /default-rack, certSerialId: null}, Type:RATIS, Factor:THREE, State:CLOSED]
2019-09-16 22:25:42,964 [grpc-default-executor-2] INFO  util.JmxRegister (JmxRegister.java:unregister(73)) - Successfully un-registered JMX Bean with object name Ratis:service=RaftServer,group=group-461D11BEE149,id=5ecabd24-29f4-44ad-af86-ba12f6ac88ae
2019-09-16 22:25:42,964 [grpc-default-executor-2] INFO  impl.RoleInfo (RoleInfo.java:shutdownFollowerState(121)) - 5ecabd24-29f4-44ad-af86-ba12f6ac88ae: shutdown FollowerState
2019-09-16 22:25:42,964 [grpc-default-executor-2] INFO  impl.StateMachineUpdater (StateMachineUpdater.java:stopAndJoin(125)) - 5ecabd24-29f4-44ad-af86-ba12f6ac88ae@group-461D11BEE149-StateMachineUpdater: set stopIndex = 6
2019-09-16 22:25:42,965 [Thread-876] INFO  impl.FollowerState (FollowerState.java:run(115)) - 5ecabd24-29f4-44ad-af86-ba12f6ac88ae: FollowerState was interrupted: java.lang.InterruptedException: sleep interrupted
2019-09-16 22:25:42,965 [5ecabd24-29f4-44ad-af86-ba12f6ac88ae@group-461D11BEE149-StateMachineUpdater] INFO  ratis.ContainerStateMachine (ContainerStateMachine.java:takeSnapshot(289)) - group-461D11BEE149: Taking a snapshot at:(t:1, i:6) file /workdir/hadoop-ozone/integration-test/target/test-dir/MiniOzoneClusterImpl-0831896c-8462-4536-87a9-38bb54f03984/datanode-4/data/ratis/22865676-56fc-4cfd-9d6e-461d11bee149/sm/snapshot.1_6
2019-09-16 22:25:42,983 [5ecabd24-29f4-44ad-af86-ba12f6ac88ae@group-461D11BEE149-StateMachineUpdater] INFO  ratis.ContainerStateMachine (ContainerStateMachine.java:takeSnapshot(300)) - group-461D11BEE149: Finished taking a snapshot at:(t:1, i:6) file:/workdir/hadoop-ozone/integration-test/target/test-dir/MiniOzoneClusterImpl-0831896c-8462-4536-87a9-38bb54f03984/datanode-4/data/ratis/22865676-56fc-4cfd-9d6e-461d11bee149/sm/snapshot.1_6 time:18
2019-09-16 22:25:42,983 [5ecabd24-29f4-44ad-af86-ba12f6ac88ae@group-461D11BEE149-StateMachineUpdater] INFO  impl.StateMachineUpdater (StateMachineUpdater.java:takeSnapshot(258)) - 5ecabd24-29f4-44ad-af86-ba12f6ac88ae@group-461D11BEE149-StateMachineUpdater: Took a snapshot at index 6
2019-09-16 22:25:42,983 [5ecabd24-29f4-44ad-af86-ba12f6ac88ae@group-461D11BEE149-StateMachineUpdater] INFO  impl.StateMachineUpdater (StateMachineUpdater.java:lambda$new$0(83)) - 5ecabd24-29f4-44ad-af86-ba12f6ac88ae@group-461D11BEE149-StateMachineUpdater: snapshotIndex: updateIncreasingly -1 -> 6
2019-09-16 22:25:42,984 [java.util.concurrent.ThreadPoolExecutor$Worker@890ec9d[State = -1, empty queue]] WARN  server.GrpcLogAppender (GrpcLogAppender.java:timeoutAppendRequest(200)) - 9d8d98b0-9991-458a-859c-25f8efc1f325@group-461D11BEE149->0ad894eb-396d-46a7-a4d0-256210dc34c1-GrpcLogAppender: appendEntries Timeout, request=9d8d98b0-9991-458a-859c-25f8efc1f325->0ad894eb-396d-46a7-a4d0-256210dc34c1#88-t1, previous=(t:1, i:13), leaderCommit=6, initializing? false, entries: <empty>
2019-09-16 22:25:42,984 [java.util.concurrent.ThreadPoolExecutor$Worker@2e2170a4[State = -1, empty queue]] WARN  server.GrpcLogAppender (GrpcLogAppender.java:timeoutAppendRequest(200)) - 9d8d98b0-9991-458a-859c-25f8efc1f325@group-461D11BEE149->5ecabd24-29f4-44ad-af86-ba12f6ac88ae-GrpcLogAppender: appendEntries Timeout, request=9d8d98b0-9991-458a-859c-25f8efc1f325->5ecabd24-29f4-44ad-af86-ba12f6ac88ae#88-t1, previous=(t:1, i:13), leaderCommit=6, initializing? false, entries: <empty>
2019-09-16 22:25:42,984 [grpc-default-executor-2] INFO  impl.RaftServerImpl (ServerState.java:close(385)) - 5ecabd24-29f4-44ad-af86-ba12f6ac88ae@group-461D11BEE149: closes. applyIndex: 6
2019-09-16 22:25:42,985 [5ecabd24-29f4-44ad-af86-ba12f6ac88ae@group-461D11BEE149-SegmentedRaftLogWorker] ERROR ratis.XceiverServerRatis (XceiverServerRatis.java:triggerPipelineClose(575)) - pipeline Action CLOSE  on pipeline PipelineID=22865676-56fc-4cfd-9d6e-461d11bee149.Reason : WriteLog:8: (t:1, i:8), STATEMACHINELOGENTRY, client-D4E1B6F8AD48, cid=49-writeStateMachineData interrupted.
2019-09-16 22:25:42,988 [EventQueue-PipelineActionsForPipelineActionHandler] ERROR pipeline.PipelineActionHandler (PipelineActionHandler.java:onMessage(60)) - Received pipeline action CLOSE for Pipeline[ Id: 22865676-56fc-4cfd-9d6e-461d11bee149, Nodes: 5ecabd24-29f4-44ad-af86-ba12f6ac88ae{ip: 192.168.151.68, host: pr-hdds-2135-v26ff-2356241440, networkLocation: /default-rack, certSerialId: null}9d8d98b0-9991-458a-859c-25f8efc1f325{ip: 192.168.151.68, host: pr-hdds-2135-v26ff-2356241440, networkLocation: /default-rack, certSerialId: null}0ad894eb-396d-46a7-a4d0-256210dc34c1{ip: 192.168.151.68, host: pr-hdds-2135-v26ff-2356241440, networkLocation: /default-rack, certSerialId: null}, Type:RATIS, Factor:THREE, State:CLOSED] from datanode 5ecabd24-29f4-44ad-af86-ba12f6ac88ae{ip: 192.168.151.68, host: pr-hdds-2135-v26ff-2356241440, networkLocation: /default-rack, certSerialId: null}. Reason : WriteLog:8: (t:1, i:8), STATEMACHINELOGENTRY, client-D4E1B6F8AD48, cid=49-writeStateMachineData interrupted.
2019-09-16 22:25:42,989 [EventQueue-PipelineActionsForPipelineActionHandler] INFO  pipeline.SCMPipelineManager (SCMPipelineManager.java:finalizeAndDestroyPipeline(311)) - destroying pipeline:Pipeline[ Id: 22865676-56fc-4cfd-9d6e-461d11bee149, Nodes: 5ecabd24-29f4-44ad-af86-ba12f6ac88ae{ip: 192.168.151.68, host: pr-hdds-2135-v26ff-2356241440, networkLocation: /default-rack, certSerialId: null}9d8d98b0-9991-458a-859c-25f8efc1f325{ip: 192.168.151.68, host: pr-hdds-2135-v26ff-2356241440, networkLocation: /default-rack, certSerialId: null}0ad894eb-396d-46a7-a4d0-256210dc34c1{ip: 192.168.151.68, host: pr-hdds-2135-v26ff-2356241440, networkLocation: /default-rack, certSerialId: null}, Type:RATIS, Factor:THREE, State:CLOSED]
2019-09-16 22:25:42,998 [grpc-default-executor-2] INFO  segmented.SegmentedRaftLogWorker (SegmentedRaftLogWorker.java:close(228)) - 5ecabd24-29f4-44ad-af86-ba12f6ac88ae@group-461D11BEE149-SegmentedRaftLogWorker close()
2019-09-16 22:25:43,016 [grpc-default-executor-2] INFO  interfaces.Container (KeyValueContainer.java:flushAndSyncDB(386)) - Container 4 is synced with bcsId 4.
2019-09-16 22:25:43,016 [grpc-default-executor-2] INFO  interfaces.Container (KeyValueContainer.java:flushAndSyncDB(386)) - Container 4 is synced with bcsId 4.
2019-09-16 22:25:43,033 [EventQueue-IncrementalContainerReportForIncrementalContainerReportHandler] INFO  container.IncrementalContainerReportHandler (AbstractContainerReportHandler.java:updateContainerState(169)) - Moving container #4 to QUASI_CLOSED state, datanode 5ecabd24-29f4-44ad-af86-ba12f6ac88ae{ip: 192.168.151.68, host: pr-hdds-2135-v26ff-2356241440, networkLocation: /default-rack, certSerialId: null} reported QUASI_CLOSED replica.
2019-09-16 22:25:43,065 [grpc-default-executor-2] INFO  interfaces.Container (KeyValueContainer.java:flushAndSyncDB(386)) - Container 5 is synced with bcsId 0.
2019-09-16 22:25:43,065 [grpc-default-executor-2] INFO  interfaces.Container (KeyValueContainer.java:flushAndSyncDB(386)) - Container 5 is synced with bcsId 0.
2019-09-16 22:25:43,071 [EventQueue-IncrementalContainerReportForIncrementalContainerReportHandler] INFO  container.IncrementalContainerReportHandler (AbstractContainerReportHandler.java:updateContainerState(169)) - Moving container #5 to QUASI_CLOSED state, datanode 5ecabd24-29f4-44ad-af86-ba12f6ac88ae{ip: 192.168.151.68, host: pr-hdds-2135-v26ff-2356241440, networkLocation: /default-rack, certSerialId: null} reported QUASI_CLOSED replica.
2019-09-16 22:25:43,076 [grpc-default-executor-2] INFO  impl.RaftServerProxy (RaftServerProxy.java:remove(95)) - 9d8d98b0-9991-458a-859c-25f8efc1f325: remove    LEADER 9d8d98b0-9991-458a-859c-25f8efc1f325@group-461D11BEE149:t1, leader=9d8d98b0-9991-458a-859c-25f8efc1f325, voted=9d8d98b0-9991-458a-859c-25f8efc1f325, raftlog=9d8d98b0-9991-458a-859c-25f8efc1f325@group-461D11BEE149-SegmentedRaftLog:OPENED:c6,f6,i13, conf=0: [9d8d98b0-9991-458a-859c-25f8efc1f325:192.168.151.68:46204, 0ad894eb-396d-46a7-a4d0-256210dc34c1:192.168.151.68:43421, 5ecabd24-29f4-44ad-af86-ba12f6ac88ae:192.168.151.68:37146], old=null RUNNING
2019-09-16 22:25:43,076 [grpc-default-executor-2] INFO  impl.RaftServerImpl (RaftServerImpl.java:lambda$shutdown$3(251)) - 9d8d98b0-9991-458a-859c-25f8efc1f325@group-461D11BEE149: shutdown
2019-09-16 22:25:43,076 [grpc-default-executor-2] INFO  util.JmxRegister (JmxRegister.java:unregister(73)) - Successfully un-registered JMX Bean with object name Ratis:service=RaftServer,group=group-461D11BEE149,id=9d8d98b0-9991-458a-859c-25f8efc1f325
2019-09-16 22:25:43,077 [grpc-default-executor-2] INFO  impl.RoleInfo (RoleInfo.java:shutdownLeaderState(104)) - 9d8d98b0-9991-458a-859c-25f8efc1f325: shutdown LeaderState
2019-09-16 22:25:43,082 [grpc-default-executor-2] INFO  impl.PendingRequests (PendingRequests.java:sendNotLeaderResponses(202)) - 9d8d98b0-9991-458a-859c-25f8efc1f325-PendingRequests: sendNotLeaderResponses
2019-09-16 22:25:43,084 [org.apache.ratis.server.impl.LogAppender$AppenderDaemon$$Lambda$514/1412847569@1a0caeee] WARN  server.GrpcLogAppender (GrpcLogAppender.java:mayWait(143)) - 9d8d98b0-9991-458a-859c-25f8efc1f325@group-461D11BEE149->0ad894eb-396d-46a7-a4d0-256210dc34c1-GrpcLogAppender: Wait interrupted by java.lang.InterruptedException
2019-09-16 22:25:43,084 [org.apache.ratis.server.impl.LogAppender$AppenderDaemon$$Lambda$514/1412847569@7d9d433c] WARN  server.GrpcLogAppender (GrpcLogAppender.java:mayWait(143)) - 9d8d98b0-9991-458a-859c-25f8efc1f325@group-461D11BEE149->5ecabd24-29f4-44ad-af86-ba12f6ac88ae-GrpcLogAppender: Wait interrupted by java.lang.InterruptedException
2019-09-16 22:25:43,085 [grpc-default-executor-5] INFO  server.GrpcServerProtocolService (GrpcServerProtocolService.java:onCompleted(113)) - 5ecabd24-29f4-44ad-af86-ba12f6ac88ae: Completed APPEND_ENTRIES, lastRequest: 9d8d98b0-9991-458a-859c-25f8efc1f325->5ecabd24-29f4-44ad-af86-ba12f6ac88ae#89-t1, previous=(t:1, i:13), leaderCommit=6, initializing? false, entries: <empty>
2019-09-16 22:25:43,085 [grpc-default-executor-6] INFO  server.GrpcServerProtocolService (GrpcServerProtocolService.java:onCompleted(113)) - 0ad894eb-396d-46a7-a4d0-256210dc34c1: Completed APPEND_ENTRIES, lastRequest: 9d8d98b0-9991-458a-859c-25f8efc1f325->0ad894eb-396d-46a7-a4d0-256210dc34c1#89-t1, previous=(t:1, i:13), leaderCommit=6, initializing? false, entries: <empty>
2019-09-16 22:25:43,086 [grpc-default-executor-5] INFO  server.GrpcLogAppender (GrpcLogAppender.java:onCompleted(293)) - 9d8d98b0-9991-458a-859c-25f8efc1f325@group-461D11BEE149->5ecabd24-29f4-44ad-af86-ba12f6ac88ae-AppendLogResponseHandler: follower responses appendEntries COMPLETED
2019-09-16 22:25:43,086 [grpc-default-executor-6] INFO  server.GrpcLogAppender (GrpcLogAppender.java:onCompleted(293)) - 9d8d98b0-9991-458a-859c-25f8efc1f325@group-461D11BEE149->0ad894eb-396d-46a7-a4d0-256210dc34c1-AppendLogResponseHandler: follower responses appendEntries COMPLETED
2019-09-16 22:25:43,086 [grpc-default-executor-5] INFO  impl.FollowerInfo (FollowerInfo.java:lambda$new$0(51)) - 9d8d98b0-9991-458a-859c-25f8efc1f325@group-461D11BEE149->5ecabd24-29f4-44ad-af86-ba12f6ac88ae: nextIndex: updateUnconditionally 14 -> 7
2019-09-16 22:25:43,087 [grpc-default-executor-6] INFO  impl.FollowerInfo (FollowerInfo.java:lambda$new$0(51)) - 9d8d98b0-9991-458a-859c-25f8efc1f325@group-461D11BEE149->0ad894eb-396d-46a7-a4d0-256210dc34c1: nextIndex: updateUnconditionally 14 -> 7
2019-09-16 22:25:43,092 [grpc-default-executor-2] INFO  impl.StateMachineUpdater (StateMachineUpdater.java:stopAndJoin(125)) - 9d8d98b0-9991-458a-859c-25f8efc1f325@group-461D11BEE149-StateMachineUpdater: set stopIndex = 6
2019-09-16 22:25:43,092 [9d8d98b0-9991-458a-859c-25f8efc1f325@group-461D11BEE149-StateMachineUpdater] INFO  ratis.ContainerStateMachine (ContainerStateMachine.java:takeSnapshot(289)) - group-461D11BEE149: Taking a snapshot at:(t:1, i:6) file /workdir/hadoop-ozone/integration-test/target/test-dir/MiniOzoneClusterImpl-0831896c-8462-4536-87a9-38bb54f03984/datanode-3/data/ratis/22865676-56fc-4cfd-9d6e-461d11bee149/sm/snapshot.1_6
2019-09-16 22:25:43,094 [grpc-default-executor-8] WARN  server.GrpcLogAppender (LogUtils.java:warn(134)) - 9d8d98b0-9991-458a-859c-25f8efc1f325@group-7F526C56D1E5->5ecabd24-29f4-44ad-af86-ba12f6ac88ae-AppendLogResponseHandler: Failed appendEntries: org.apache.ratis.thirdparty.io.grpc.StatusRuntimeException: UNAVAILABLE: Channel shutdownNow invoked
2019-09-16 22:25:43,094 [grpc-default-executor-7] WARN  server.GrpcLogAppender (LogUtils.java:warn(134)) - 9d8d98b0-9991-458a-859c-25f8efc1f325@group-7F526C56D1E5->0ad894eb-396d-46a7-a4d0-256210dc34c1-AppendLogResponseHandler: Failed appendEntries: org.apache.ratis.thirdparty.io.grpc.StatusRuntimeException: UNAVAILABLE: Channel shutdownNow invoked
2019-09-16 22:25:43,095 [grpc-default-executor-8] INFO  impl.FollowerInfo (FollowerInfo.java:lambda$new$0(51)) - 9d8d98b0-9991-458a-859c-25f8efc1f325@group-7F526C56D1E5->5ecabd24-29f4-44ad-af86-ba12f6ac88ae: nextIndex: updateUnconditionally 1 -> 0
2019-09-16 22:25:43,095 [grpc-default-executor-9] WARN  server.GrpcServerProtocolService (LogUtils.java:warn(134)) - 5ecabd24-29f4-44ad-af86-ba12f6ac88ae: installSnapshot onError, lastRequest: 9d8d98b0-9991-458a-859c-25f8efc1f325->5ecabd24-29f4-44ad-af86-ba12f6ac88ae#10-t1, previous=(t:1, i:0), leaderCommit=0, initializing? false, entries: <empty>: org.apache.ratis.thirdparty.io.grpc.StatusRuntimeException: CANCELLED: cancelled before receiving half close
2019-09-16 22:25:43,095 [grpc-default-executor-7] INFO  impl.FollowerInfo (FollowerInfo.java:lambda$new$0(51)) - 9d8d98b0-9991-458a-859c-25f8efc1f325@group-7F526C56D1E5->0ad894eb-396d-46a7-a4d0-256210dc34c1: nextIndex: updateUnconditionally 1 -> 0
2019-09-16 22:25:43,095 [grpc-default-executor-10] WARN  server.GrpcServerProtocolService (LogUtils.java:warn(134)) - 0ad894eb-396d-46a7-a4d0-256210dc34c1: installSnapshot onError, lastRequest: 9d8d98b0-9991-458a-859c-25f8efc1f325->0ad894eb-396d-46a7-a4d0-256210dc34c1#10-t1, previous=(t:1, i:0), leaderCommit=0, initializing? false, entries: <empty>: org.apache.ratis.thirdparty.io.grpc.StatusRuntimeException: CANCELLED: cancelled before receiving half close
2019-09-16 22:25:43,100 [9d8d98b0-9991-458a-859c-25f8efc1f325@group-461D11BEE149-StateMachineUpdater] INFO  ratis.ContainerStateMachine (ContainerStateMachine.java:takeSnapshot(300)) - group-461D11BEE149: Finished taking a snapshot at:(t:1, i:6) file:/workdir/hadoop-ozone/integration-test/target/test-dir/MiniOzoneClusterImpl-0831896c-8462-4536-87a9-38bb54f03984/datanode-3/data/ratis/22865676-56fc-4cfd-9d6e-461d11bee149/sm/snapshot.1_6 time:8
2019-09-16 22:25:43,101 [9d8d98b0-9991-458a-859c-25f8efc1f325@group-461D11BEE149-StateMachineUpdater] INFO  impl.StateMachineUpdater (StateMachineUpdater.java:takeSnapshot(258)) - 9d8d98b0-9991-458a-859c-25f8efc1f325@group-461D11BEE149-StateMachineUpdater: Took a snapshot at index 6
2019-09-16 22:25:43,101 [9d8d98b0-9991-458a-859c-25f8efc1f325@group-461D11BEE149-StateMachineUpdater] INFO  impl.StateMachineUpdater (StateMachineUpdater.java:lambda$new$0(83)) - 9d8d98b0-9991-458a-859c-25f8efc1f325@group-461D11BEE149-StateMachineUpdater: snapshotIndex: updateIncreasingly -1 -> 6
2019-09-16 22:25:43,101 [grpc-default-executor-2] INFO  impl.RaftServerImpl (ServerState.java:close(385)) - 9d8d98b0-9991-458a-859c-25f8efc1f325@group-461D11BEE149: closes. applyIndex: 6
2019-09-16 22:25:43,101 [Command processor thread] ERROR commandhandler.CloseContainerCommandHandler (CloseContainerCommandHandler.java:handle(125)) - Can't close container #5
java.io.IOException: org.apache.ratis.protocol.GroupMismatchException: 9d8d98b0-9991-458a-859c-25f8efc1f325: group-461D11BEE149 not found.
	at org.apache.hadoop.ozone.container.common.transport.server.ratis.XceiverServerRatis.submitRequest(XceiverServerRatis.java:502)
	at org.apache.hadoop.ozone.container.common.statemachine.commandhandler.CloseContainerCommandHandler.handle(CloseContainerCommandHandler.java:102)
	at org.apache.hadoop.ozone.container.common.statemachine.commandhandler.CommandDispatcher.handle(CommandDispatcher.java:99)
	at org.apache.hadoop.ozone.container.common.statemachine.DatanodeStateMachine.lambda$initCommandHandlerThread$1(DatanodeStateMachine.java:432)
	at java.lang.Thread.run(Thread.java:748)
Caused by: java.util.concurrent.ExecutionException: org.apache.ratis.protocol.GroupMismatchException: 9d8d98b0-9991-458a-859c-25f8efc1f325: group-461D11BEE149 not found.
	at java.util.concurrent.CompletableFuture.reportGet(CompletableFuture.java:357)
	at java.util.concurrent.CompletableFuture.get(CompletableFuture.java:1895)
	at org.apache.hadoop.ozone.container.common.transport.server.ratis.XceiverServerRatis.submitRequest(XceiverServerRatis.java:500)
	... 4 more
Caused by: org.apache.ratis.protocol.GroupMismatchException: 9d8d98b0-9991-458a-859c-25f8efc1f325: group-461D11BEE149 not found.
	at org.apache.ratis.server.impl.RaftServerProxy$ImplMap.get(RaftServerProxy.java:122)
	at org.apache.ratis.server.impl.RaftServerProxy.getImplFuture(RaftServerProxy.java:269)
	at org.apache.ratis.server.impl.RaftServerProxy.submitRequest(RaftServerProxy.java:327)
	at org.apache.ratis.server.impl.RaftServerProxy.submitClientRequestAsync(RaftServerProxy.java:333)
	... 5 more
2019-09-16 22:25:43,104 [9d8d98b0-9991-458a-859c-25f8efc1f325@group-461D11BEE149-SegmentedRaftLogWorker] ERROR ratis.XceiverServerRatis (XceiverServerRatis.java:triggerPipelineClose(575)) - pipeline Action CLOSE  on pipeline PipelineID=22865676-56fc-4cfd-9d6e-461d11bee149.Reason : WriteLog:8: (t:1, i:8), STATEMACHINELOGENTRY, client-D4E1B6F8AD48, cid=49-writeStateMachineData interrupted.
2019-09-16 22:25:43,107 [EventQueue-PipelineActionsForPipelineActionHandler] ERROR pipeline.PipelineActionHandler (PipelineActionHandler.java:onMessage(60)) - Received pipeline action CLOSE for Pipeline[ Id: 22865676-56fc-4cfd-9d6e-461d11bee149, Nodes: 5ecabd24-29f4-44ad-af86-ba12f6ac88ae{ip: 192.168.151.68, host: pr-hdds-2135-v26ff-2356241440, networkLocation: /default-rack, certSerialId: null}9d8d98b0-9991-458a-859c-25f8efc1f325{ip: 192.168.151.68, host: pr-hdds-2135-v26ff-2356241440, networkLocation: /default-rack, certSerialId: null}0ad894eb-396d-46a7-a4d0-256210dc34c1{ip: 192.168.151.68, host: pr-hdds-2135-v26ff-2356241440, networkLocation: /default-rack, certSerialId: null}, Type:RATIS, Factor:THREE, State:CLOSED] from datanode 9d8d98b0-9991-458a-859c-25f8efc1f325{ip: 192.168.151.68, host: pr-hdds-2135-v26ff-2356241440, networkLocation: /default-rack, certSerialId: null}. Reason : WriteLog:8: (t:1, i:8), STATEMACHINELOGENTRY, client-D4E1B6F8AD48, cid=49-writeStateMachineData interrupted.
2019-09-16 22:25:43,107 [EventQueue-PipelineActionsForPipelineActionHandler] INFO  pipeline.SCMPipelineManager (SCMPipelineManager.java:finalizeAndDestroyPipeline(311)) - destroying pipeline:Pipeline[ Id: 22865676-56fc-4cfd-9d6e-461d11bee149, Nodes: 5ecabd24-29f4-44ad-af86-ba12f6ac88ae{ip: 192.168.151.68, host: pr-hdds-2135-v26ff-2356241440, networkLocation: /default-rack, certSerialId: null}9d8d98b0-9991-458a-859c-25f8efc1f325{ip: 192.168.151.68, host: pr-hdds-2135-v26ff-2356241440, networkLocation: /default-rack, certSerialId: null}0ad894eb-396d-46a7-a4d0-256210dc34c1{ip: 192.168.151.68, host: pr-hdds-2135-v26ff-2356241440, networkLocation: /default-rack, certSerialId: null}, Type:RATIS, Factor:THREE, State:CLOSED]
2019-09-16 22:25:43,117 [grpc-default-executor-2] INFO  segmented.SegmentedRaftLogWorker (SegmentedRaftLogWorker.java:close(228)) - 9d8d98b0-9991-458a-859c-25f8efc1f325@group-461D11BEE149-SegmentedRaftLogWorker close()
2019-09-16 22:25:43,125 [grpc-default-executor-2] INFO  interfaces.Container (KeyValueContainer.java:flushAndSyncDB(386)) - Container 4 is synced with bcsId 4.
2019-09-16 22:25:43,125 [grpc-default-executor-2] INFO  interfaces.Container (KeyValueContainer.java:flushAndSyncDB(386)) - Container 4 is synced with bcsId 4.
2019-09-16 22:25:43,158 [grpc-default-executor-2] INFO  interfaces.Container (KeyValueContainer.java:flushAndSyncDB(386)) - Container 5 is synced with bcsId 0.
2019-09-16 22:25:43,158 [grpc-default-executor-2] INFO  interfaces.Container (KeyValueContainer.java:flushAndSyncDB(386)) - Container 5 is synced with bcsId 0.
2019-09-16 22:25:43,168 [grpc-default-executor-2] INFO  impl.RaftServerProxy (RaftServerProxy.java:remove(95)) - 0ad894eb-396d-46a7-a4d0-256210dc34c1: remove  FOLLOWER 0ad894eb-396d-46a7-a4d0-256210dc34c1@group-461D11BEE149:t1, leader=9d8d98b0-9991-458a-859c-25f8efc1f325, voted=0ad894eb-396d-46a7-a4d0-256210dc34c1, raftlog=0ad894eb-396d-46a7-a4d0-256210dc34c1@group-461D11BEE149-SegmentedRaftLog:OPENED:c6,f6,i13, conf=0: [9d8d98b0-9991-458a-859c-25f8efc1f325:192.168.151.68:46204, 0ad894eb-396d-46a7-a4d0-256210dc34c1:192.168.151.68:43421, 5ecabd24-29f4-44ad-af86-ba12f6ac88ae:192.168.151.68:37146], old=null RUNNING
2019-09-16 22:25:43,169 [grpc-default-executor-2] INFO  impl.RaftServerImpl (RaftServerImpl.java:lambda$shutdown$3(251)) - 0ad894eb-396d-46a7-a4d0-256210dc34c1@group-461D11BEE149: shutdown
2019-09-16 22:25:43,169 [grpc-default-executor-2] INFO  util.JmxRegister (JmxRegister.java:unregister(73)) - Successfully un-registered JMX Bean with object name Ratis:service=RaftServer,group=group-461D11BEE149,id=0ad894eb-396d-46a7-a4d0-256210dc34c1
2019-09-16 22:25:43,169 [grpc-default-executor-2] INFO  impl.RoleInfo (RoleInfo.java:shutdownFollowerState(121)) - 0ad894eb-396d-46a7-a4d0-256210dc34c1: shutdown FollowerState
2019-09-16 22:25:43,169 [grpc-default-executor-2] INFO  impl.StateMachineUpdater (StateMachineUpdater.java:stopAndJoin(125)) - 0ad894eb-396d-46a7-a4d0-256210dc34c1@group-461D11BEE149-StateMachineUpdater: set stopIndex = 6
2019-09-16 22:25:43,169 [Thread-877] INFO  impl.FollowerState (FollowerState.java:run(115)) - 0ad894eb-396d-46a7-a4d0-256210dc34c1: FollowerState was interrupted: java.lang.InterruptedException: sleep interrupted
2019-09-16 22:25:43,169 [0ad894eb-396d-46a7-a4d0-256210dc34c1@group-461D11BEE149-StateMachineUpdater] INFO  ratis.ContainerStateMachine (ContainerStateMachine.java:takeSnapshot(289)) - group-461D11BEE149: Taking a snapshot at:(t:1, i:6) file /workdir/hadoop-ozone/integration-test/target/test-dir/MiniOzoneClusterImpl-0831896c-8462-4536-87a9-38bb54f03984/datanode-5/data/ratis/22865676-56fc-4cfd-9d6e-461d11bee149/sm/snapshot.1_6
2019-09-16 22:25:43,175 [0ad894eb-396d-46a7-a4d0-256210dc34c1@group-461D11BEE149-StateMachineUpdater] INFO  ratis.ContainerStateMachine (ContainerStateMachine.java:takeSnapshot(300)) - group-461D11BEE149: Finished taking a snapshot at:(t:1, i:6) file:/workdir/hadoop-ozone/integration-test/target/test-dir/MiniOzoneClusterImpl-0831896c-8462-4536-87a9-38bb54f03984/datanode-5/data/ratis/22865676-56fc-4cfd-9d6e-461d11bee149/sm/snapshot.1_6 time:5
2019-09-16 22:25:43,175 [0ad894eb-396d-46a7-a4d0-256210dc34c1@group-461D11BEE149-StateMachineUpdater] INFO  impl.StateMachineUpdater (StateMachineUpdater.java:takeSnapshot(258)) - 0ad894eb-396d-46a7-a4d0-256210dc34c1@group-461D11BEE149-StateMachineUpdater: Took a snapshot at index 6
2019-09-16 22:25:43,175 [0ad894eb-396d-46a7-a4d0-256210dc34c1@group-461D11BEE149-StateMachineUpdater] INFO  impl.StateMachineUpdater (StateMachineUpdater.java:lambda$new$0(83)) - 0ad894eb-396d-46a7-a4d0-256210dc34c1@group-461D11BEE149-StateMachineUpdater: snapshotIndex: updateIncreasingly -1 -> 6
2019-09-16 22:25:43,176 [grpc-default-executor-2] INFO  impl.RaftServerImpl (ServerState.java:close(385)) - 0ad894eb-396d-46a7-a4d0-256210dc34c1@group-461D11BEE149: closes. applyIndex: 6
2019-09-16 22:25:43,176 [0ad894eb-396d-46a7-a4d0-256210dc34c1@group-461D11BEE149-SegmentedRaftLogWorker] ERROR ratis.XceiverServerRatis (XceiverServerRatis.java:triggerPipelineClose(575)) - pipeline Action CLOSE  on pipeline PipelineID=22865676-56fc-4cfd-9d6e-461d11bee149.Reason : WriteLog:8: (t:1, i:8), STATEMACHINELOGENTRY, client-D4E1B6F8AD48, cid=49-writeStateMachineData interrupted.
2019-09-16 22:25:43,180 [EventQueue-PipelineActionsForPipelineActionHandler] ERROR pipeline.PipelineActionHandler (PipelineActionHandler.java:onMessage(60)) - Received pipeline action CLOSE for Pipeline[ Id: 22865676-56fc-4cfd-9d6e-461d11bee149, Nodes: 5ecabd24-29f4-44ad-af86-ba12f6ac88ae{ip: 192.168.151.68, host: pr-hdds-2135-v26ff-2356241440, networkLocation: /default-rack, certSerialId: null}9d8d98b0-9991-458a-859c-25f8efc1f325{ip: 192.168.151.68, host: pr-hdds-2135-v26ff-2356241440, networkLocation: /default-rack, certSerialId: null}0ad894eb-396d-46a7-a4d0-256210dc34c1{ip: 192.168.151.68, host: pr-hdds-2135-v26ff-2356241440, networkLocation: /default-rack, certSerialId: null}, Type:RATIS, Factor:THREE, State:CLOSED] from datanode 0ad894eb-396d-46a7-a4d0-256210dc34c1{ip: 192.168.151.68, host: pr-hdds-2135-v26ff-2356241440, networkLocation: /default-rack, certSerialId: null}. Reason : WriteLog:8: (t:1, i:8), STATEMACHINELOGENTRY, client-D4E1B6F8AD48, cid=49-writeStateMachineData interrupted.
2019-09-16 22:25:43,180 [EventQueue-PipelineActionsForPipelineActionHandler] INFO  pipeline.SCMPipelineManager (SCMPipelineManager.java:finalizeAndDestroyPipeline(311)) - destroying pipeline:Pipeline[ Id: 22865676-56fc-4cfd-9d6e-461d11bee149, Nodes: 5ecabd24-29f4-44ad-af86-ba12f6ac88ae{ip: 192.168.151.68, host: pr-hdds-2135-v26ff-2356241440, networkLocation: /default-rack, certSerialId: null}9d8d98b0-9991-458a-859c-25f8efc1f325{ip: 192.168.151.68, host: pr-hdds-2135-v26ff-2356241440, networkLocation: /default-rack, certSerialId: null}0ad894eb-396d-46a7-a4d0-256210dc34c1{ip: 192.168.151.68, host: pr-hdds-2135-v26ff-2356241440, networkLocation: /default-rack, certSerialId: null}, Type:RATIS, Factor:THREE, State:CLOSED]
2019-09-16 22:25:43,180 [grpc-default-executor-2] INFO  segmented.SegmentedRaftLogWorker (SegmentedRaftLogWorker.java:close(228)) - 0ad894eb-396d-46a7-a4d0-256210dc34c1@group-461D11BEE149-SegmentedRaftLogWorker close()
2019-09-16 22:25:43,188 [grpc-default-executor-2] INFO  interfaces.Container (KeyValueContainer.java:flushAndSyncDB(386)) - Container 4 is synced with bcsId 4.
2019-09-16 22:25:43,188 [grpc-default-executor-2] INFO  interfaces.Container (KeyValueContainer.java:flushAndSyncDB(386)) - Container 4 is synced with bcsId 4.
2019-09-16 22:25:43,211 [grpc-default-executor-2] INFO  interfaces.Container (KeyValueContainer.java:flushAndSyncDB(386)) - Container 5 is synced with bcsId 0.
2019-09-16 22:25:43,211 [grpc-default-executor-2] INFO  interfaces.Container (KeyValueContainer.java:flushAndSyncDB(386)) - Container 5 is synced with bcsId 0.
2019-09-16 22:25:43,216 [RatisPipelineUtilsThread] INFO  pipeline.PipelineStateManager (PipelineStateManager.java:removePipeline(108)) - Pipeline Pipeline[ Id: 22865676-56fc-4cfd-9d6e-461d11bee149, Nodes: 5ecabd24-29f4-44ad-af86-ba12f6ac88ae{ip: 192.168.151.68, host: pr-hdds-2135-v26ff-2356241440, networkLocation: /default-rack, certSerialId: null}9d8d98b0-9991-458a-859c-25f8efc1f325{ip: 192.168.151.68, host: pr-hdds-2135-v26ff-2356241440, networkLocation: /default-rack, certSerialId: null}0ad894eb-396d-46a7-a4d0-256210dc34c1{ip: 192.168.151.68, host: pr-hdds-2135-v26ff-2356241440, networkLocation: /default-rack, certSerialId: null}, Type:RATIS, Factor:THREE, State:CLOSED] removed from db
2019-09-16 22:25:43,554 [main] WARN  io.KeyOutputStream (KeyOutputStream.java:handleException(276)) - Encountered exception java.io.IOException: Unexpected Storage Container Exception: java.util.concurrent.CompletionException: java.util.concurrent.CompletionException: org.apache.ratis.protocol.GroupMismatchException: 0ad894eb-396d-46a7-a4d0-256210dc34c1: group-461D11BEE149 not found. on the pipeline Pipeline[ Id: 22865676-56fc-4cfd-9d6e-461d11bee149, Nodes: 5ecabd24-29f4-44ad-af86-ba12f6ac88ae{ip: 192.168.151.68, host: pr-hdds-2135-v26ff-2356241440, networkLocation: /default-rack, certSerialId: null}9d8d98b0-9991-458a-859c-25f8efc1f325{ip: 192.168.151.68, host: pr-hdds-2135-v26ff-2356241440, networkLocation: /default-rack, certSerialId: null}0ad894eb-396d-46a7-a4d0-256210dc34c1{ip: 192.168.151.68, host: pr-hdds-2135-v26ff-2356241440, networkLocation: /default-rack, certSerialId: null}, Type:RATIS, Factor:THREE, State:OPEN]. The last committed block length is 0, uncommitted data length is 400 retry count 0
2019-09-16 22:25:43,608 [grpc-default-executor-10] INFO  client.GrpcClientProtocolClient (GrpcClientProtocolClient.java:onNext(264)) - client-36C89A8075D6->8f746e8d-b680-4b6a-a953-f66a9ce24b31: receive RaftClientReply:client-36C89A8075D6->8f746e8d-b680-4b6a-a953-f66a9ce24b31@group-1FF9B6E207BB, cid=138, FAILED org.apache.ratis.protocol.NotLeaderException: Server 8f746e8d-b680-4b6a-a953-f66a9ce24b31@group-1FF9B6E207BB is not the leader 38ade514-2648-4754-90d8-f44d77982dc1:192.168.151.68:44451, logIndex=0, commits[8f746e8d-b680-4b6a-a953-f66a9ce24b31:c10, 38ade514-2648-4754-90d8-f44d77982dc1:c10, f6fe9082-6072-456e-9c3d-4d31cedb190c:c10]
2019-09-16 22:25:43,729 [grpc-default-executor-10] INFO  client.GrpcClientProtocolClient (GrpcClientProtocolClient.java:onNext(264)) - client-36C89A8075D6->38ade514-2648-4754-90d8-f44d77982dc1: receive RaftClientReply:client-36C89A8075D6->38ade514-2648-4754-90d8-f44d77982dc1@group-1FF9B6E207BB, cid=138, SUCCESS, logIndex=11, commits[38ade514-2648-4754-90d8-f44d77982dc1:c11, 8f746e8d-b680-4b6a-a953-f66a9ce24b31:c10, f6fe9082-6072-456e-9c3d-4d31cedb190c:c10]
2019-09-16 22:25:43,746 [grpc-default-executor-10] INFO  client.GrpcClientProtocolClient (GrpcClientProtocolClient.java:onNext(264)) - client-36C89A8075D6->38ade514-2648-4754-90d8-f44d77982dc1: receive RaftClientReply:client-36C89A8075D6->38ade514-2648-4754-90d8-f44d77982dc1@group-1FF9B6E207BB, cid=139, SUCCESS, logIndex=13, commits[38ade514-2648-4754-90d8-f44d77982dc1:c14, 8f746e8d-b680-4b6a-a953-f66a9ce24b31:c12, f6fe9082-6072-456e-9c3d-4d31cedb190c:c12]
2019-09-16 22:25:43,792 [grpc-default-executor-10] INFO  client.GrpcClientProtocolClient (GrpcClientProtocolClient.java:onNext(264)) - client-36C89A8075D6->38ade514-2648-4754-90d8-f44d77982dc1: receive RaftClientReply:client-36C89A8075D6->38ade514-2648-4754-90d8-f44d77982dc1@group-1FF9B6E207BB, cid=140, SUCCESS, logIndex=14, commits[38ade514-2648-4754-90d8-f44d77982dc1:c21, 8f746e8d-b680-4b6a-a953-f66a9ce24b31:c17, f6fe9082-6072-456e-9c3d-4d31cedb190c:c17]
2019-09-16 22:25:43,793 [grpc-default-executor-10] INFO  client.GrpcClientProtocolClient (GrpcClientProtocolClient.java:onNext(264)) - client-36C89A8075D6->38ade514-2648-4754-90d8-f44d77982dc1: receive RaftClientReply:client-36C89A8075D6->38ade514-2648-4754-90d8-f44d77982dc1@group-1FF9B6E207BB, cid=141, SUCCESS, logIndex=15, commits[38ade514-2648-4754-90d8-f44d77982dc1:c21, 8f746e8d-b680-4b6a-a953-f66a9ce24b31:c17, f6fe9082-6072-456e-9c3d-4d31cedb190c:c17]
2019-09-16 22:25:43,793 [grpc-default-executor-10] INFO  client.GrpcClientProtocolClient (GrpcClientProtocolClient.java:onNext(264)) - client-36C89A8075D6->38ade514-2648-4754-90d8-f44d77982dc1: receive RaftClientReply:client-36C89A8075D6->38ade514-2648-4754-90d8-f44d77982dc1@group-1FF9B6E207BB, cid=142, SUCCESS, logIndex=16, commits[38ade514-2648-4754-90d8-f44d77982dc1:c21, 8f746e8d-b680-4b6a-a953-f66a9ce24b31:c17, f6fe9082-6072-456e-9c3d-4d31cedb190c:c17]
2019-09-16 22:25:43,875 [grpc-default-executor-10] INFO  client.GrpcClientProtocolClient (GrpcClientProtocolClient.java:onNext(264)) - client-36C89A8075D6->38ade514-2648-4754-90d8-f44d77982dc1: receive RaftClientReply:client-36C89A8075D6->38ade514-2648-4754-90d8-f44d77982dc1@group-1FF9B6E207BB, cid=143, SUCCESS, logIndex=17, commits[38ade514-2648-4754-90d8-f44d77982dc1:c21, 8f746e8d-b680-4b6a-a953-f66a9ce24b31:c17, f6fe9082-6072-456e-9c3d-4d31cedb190c:c17]
]]></system-out>
    <system-err><![CDATA[Sep 16, 2019 10:25:43 PM org.apache.ratis.thirdparty.io.grpc.internal.SerializingExecutor run
SEVERE: Exception while executing runnable org.apache.ratis.thirdparty.io.grpc.internal.ServerImpl$JumpToApplicationThreadServerStreamListener$1Closed@3231027f
org.apache.ratis.thirdparty.io.grpc.StatusRuntimeException: CANCELLED: call already cancelled
	at org.apache.ratis.thirdparty.io.grpc.Status.asRuntimeException(Status.java:517)
	at org.apache.ratis.thirdparty.io.grpc.stub.ServerCalls$ServerCallStreamObserverImpl.onCompleted(ServerCalls.java:356)
	at org.apache.ratis.grpc.server.GrpcServerProtocolService$ServerRequestStreamObserver.onError(GrpcServerProtocolService.java:121)
	at org.apache.ratis.thirdparty.io.grpc.stub.ServerCalls$StreamingServerCallHandler$StreamingServerCallListener.onCancel(ServerCalls.java:269)
	at org.apache.ratis.thirdparty.io.grpc.internal.ServerCallImpl$ServerStreamListenerImpl.closed(ServerCallImpl.java:293)
	at org.apache.ratis.thirdparty.io.grpc.internal.ServerImpl$JumpToApplicationThreadServerStreamListener$1Closed.runInContext(ServerImpl.java:741)
	at org.apache.ratis.thirdparty.io.grpc.internal.ContextRunnable.run(ContextRunnable.java:37)
	at org.apache.ratis.thirdparty.io.grpc.internal.SerializingExecutor.run(SerializingExecutor.java:123)
	at java.util.concurrent.ThreadPoolExecutor.runWorker(ThreadPoolExecutor.java:1149)
	at java.util.concurrent.ThreadPoolExecutor$Worker.run(ThreadPoolExecutor.java:624)
	at java.lang.Thread.run(Thread.java:748)

Sep 16, 2019 10:25:43 PM org.apache.ratis.thirdparty.io.grpc.internal.SerializingExecutor run
SEVERE: Exception while executing runnable org.apache.ratis.thirdparty.io.grpc.internal.ServerImpl$JumpToApplicationThreadServerStreamListener$1Closed@2c1cab5b
org.apache.ratis.thirdparty.io.grpc.StatusRuntimeException: CANCELLED: call already cancelled
	at org.apache.ratis.thirdparty.io.grpc.Status.asRuntimeException(Status.java:517)
	at org.apache.ratis.thirdparty.io.grpc.stub.ServerCalls$ServerCallStreamObserverImpl.onCompleted(ServerCalls.java:356)
	at org.apache.ratis.grpc.server.GrpcServerProtocolService$ServerRequestStreamObserver.onError(GrpcServerProtocolService.java:121)
	at org.apache.ratis.thirdparty.io.grpc.stub.ServerCalls$StreamingServerCallHandler$StreamingServerCallListener.onCancel(ServerCalls.java:269)
	at org.apache.ratis.thirdparty.io.grpc.internal.ServerCallImpl$ServerStreamListenerImpl.closed(ServerCallImpl.java:293)
	at org.apache.ratis.thirdparty.io.grpc.internal.ServerImpl$JumpToApplicationThreadServerStreamListener$1Closed.runInContext(ServerImpl.java:741)
	at org.apache.ratis.thirdparty.io.grpc.internal.ContextRunnable.run(ContextRunnable.java:37)
	at org.apache.ratis.thirdparty.io.grpc.internal.SerializingExecutor.run(SerializingExecutor.java:123)
	at java.util.concurrent.ThreadPoolExecutor.runWorker(ThreadPoolExecutor.java:1149)
	at java.util.concurrent.ThreadPoolExecutor$Worker.run(ThreadPoolExecutor.java:624)
	at java.lang.Thread.run(Thread.java:748)

]]></system-err>
  </testcase>
  <testcase name="testBufferCaching" classname="org.apache.hadoop.ozone.client.rpc.TestBlockOutputStream" time="0.427"/>
  <testcase name="testWriteWithExceedingMaxBufferLimit" classname="org.apache.hadoop.ozone.client.rpc.TestBlockOutputStream" time="187.366">
    <failure message="expected:&lt;23&gt; but was:&lt;27&gt;" type="java.lang.AssertionError"><![CDATA[java.lang.AssertionError: expected:<23> but was:<27>
	at org.junit.Assert.fail(Assert.java:88)
	at org.junit.Assert.failNotEquals(Assert.java:743)
	at org.junit.Assert.assertEquals(Assert.java:118)
	at org.junit.Assert.assertEquals(Assert.java:555)
	at org.junit.Assert.assertEquals(Assert.java:542)
	at org.apache.hadoop.ozone.client.rpc.TestBlockOutputStream.testWriteWithExceedingMaxBufferLimit(TestBlockOutputStream.java:614)
	at sun.reflect.NativeMethodAccessorImpl.invoke0(Native Method)
	at sun.reflect.NativeMethodAccessorImpl.invoke(NativeMethodAccessorImpl.java:62)
	at sun.reflect.DelegatingMethodAccessorImpl.invoke(DelegatingMethodAccessorImpl.java:43)
	at java.lang.reflect.Method.invoke(Method.java:498)
	at org.junit.runners.model.FrameworkMethod$1.runReflectiveCall(FrameworkMethod.java:47)
	at org.junit.internal.runners.model.ReflectiveCallable.run(ReflectiveCallable.java:12)
	at org.junit.runners.model.FrameworkMethod.invokeExplosively(FrameworkMethod.java:44)
	at org.junit.internal.runners.statements.InvokeMethod.evaluate(InvokeMethod.java:17)
	at org.junit.runners.ParentRunner.runLeaf(ParentRunner.java:271)
	at org.junit.runners.BlockJUnit4ClassRunner.runChild(BlockJUnit4ClassRunner.java:70)
	at org.junit.runners.BlockJUnit4ClassRunner.runChild(BlockJUnit4ClassRunner.java:50)
	at org.junit.runners.ParentRunner$3.run(ParentRunner.java:238)
	at org.junit.runners.ParentRunner$1.schedule(ParentRunner.java:63)
	at org.junit.runners.ParentRunner.runChildren(ParentRunner.java:236)
	at org.junit.runners.ParentRunner.access$000(ParentRunner.java:53)
	at org.junit.runners.ParentRunner$2.evaluate(ParentRunner.java:229)
	at org.junit.internal.runners.statements.RunBefores.evaluate(RunBefores.java:26)
	at org.junit.internal.runners.statements.RunAfters.evaluate(RunAfters.java:27)
	at org.junit.runners.ParentRunner.run(ParentRunner.java:309)
	at org.apache.maven.surefire.junit4.JUnit4Provider.execute(JUnit4Provider.java:365)
	at org.apache.maven.surefire.junit4.JUnit4Provider.executeWithRerun(JUnit4Provider.java:273)
	at org.apache.maven.surefire.junit4.JUnit4Provider.executeTestSet(JUnit4Provider.java:238)
	at org.apache.maven.surefire.junit4.JUnit4Provider.invoke(JUnit4Provider.java:159)
	at org.apache.maven.surefire.booter.ForkedBooter.invokeProviderInSameClassLoader(ForkedBooter.java:384)
	at org.apache.maven.surefire.booter.ForkedBooter.runSuitesInProcess(ForkedBooter.java:345)
	at org.apache.maven.surefire.booter.ForkedBooter.execute(ForkedBooter.java:126)
	at org.apache.maven.surefire.booter.ForkedBooter.main(ForkedBooter.java:418)
]]></failure>
    <system-out><![CDATA[2019-09-16 22:25:45,948 [grpc-default-executor-10] INFO  impl.RaftServerProxy (RaftServerProxy.java:remove(95)) - 5ecabd24-29f4-44ad-af86-ba12f6ac88ae: remove group-461D11BEE149:null
2019-09-16 22:25:45,952 [RatisPipelineUtilsThread] WARN  pipeline.RatisPipelineUtils (RatisPipelineUtils.java:destroyPipeline(66)) - Pipeline destroy failed for pipeline=PipelineID=22865676-56fc-4cfd-9d6e-461d11bee149 dn=5ecabd24-29f4-44ad-af86-ba12f6ac88ae{ip: 192.168.151.68, host: pr-hdds-2135-v26ff-2356241440, networkLocation: /default-rack, certSerialId: null}
2019-09-16 22:25:45,955 [grpc-default-executor-10] INFO  impl.RaftServerProxy (RaftServerProxy.java:remove(95)) - 9d8d98b0-9991-458a-859c-25f8efc1f325: remove group-461D11BEE149:null
2019-09-16 22:25:45,958 [RatisPipelineUtilsThread] WARN  pipeline.RatisPipelineUtils (RatisPipelineUtils.java:destroyPipeline(66)) - Pipeline destroy failed for pipeline=PipelineID=22865676-56fc-4cfd-9d6e-461d11bee149 dn=9d8d98b0-9991-458a-859c-25f8efc1f325{ip: 192.168.151.68, host: pr-hdds-2135-v26ff-2356241440, networkLocation: /default-rack, certSerialId: null}
2019-09-16 22:25:45,961 [grpc-default-executor-10] INFO  impl.RaftServerProxy (RaftServerProxy.java:remove(95)) - 0ad894eb-396d-46a7-a4d0-256210dc34c1: remove group-461D11BEE149:null
2019-09-16 22:25:45,963 [RatisPipelineUtilsThread] WARN  pipeline.RatisPipelineUtils (RatisPipelineUtils.java:destroyPipeline(66)) - Pipeline destroy failed for pipeline=PipelineID=22865676-56fc-4cfd-9d6e-461d11bee149 dn=0ad894eb-396d-46a7-a4d0-256210dc34c1{ip: 192.168.151.68, host: pr-hdds-2135-v26ff-2356241440, networkLocation: /default-rack, certSerialId: null}
2019-09-16 22:25:45,963 [RatisPipelineUtilsThread] ERROR pipeline.SCMPipelineManager (Scheduler.java:lambda$schedule$1(70)) - Destroy pipeline failed for pipeline:Pipeline[ Id: 22865676-56fc-4cfd-9d6e-461d11bee149, Nodes: 5ecabd24-29f4-44ad-af86-ba12f6ac88ae{ip: 192.168.151.68, host: pr-hdds-2135-v26ff-2356241440, networkLocation: /default-rack, certSerialId: null}9d8d98b0-9991-458a-859c-25f8efc1f325{ip: 192.168.151.68, host: pr-hdds-2135-v26ff-2356241440, networkLocation: /default-rack, certSerialId: null}0ad894eb-396d-46a7-a4d0-256210dc34c1{ip: 192.168.151.68, host: pr-hdds-2135-v26ff-2356241440, networkLocation: /default-rack, certSerialId: null}, Type:RATIS, Factor:THREE, State:CLOSED]
org.apache.hadoop.hdds.scm.pipeline.PipelineNotFoundException: PipelineID=22865676-56fc-4cfd-9d6e-461d11bee149 not found
	at org.apache.hadoop.hdds.scm.pipeline.PipelineStateMap.getPipeline(PipelineStateMap.java:132)
	at org.apache.hadoop.hdds.scm.pipeline.PipelineStateMap.removePipeline(PipelineStateMap.java:322)
	at org.apache.hadoop.hdds.scm.pipeline.PipelineStateManager.removePipeline(PipelineStateManager.java:107)
	at org.apache.hadoop.hdds.scm.pipeline.SCMPipelineManager.removePipeline(SCMPipelineManager.java:423)
	at org.apache.hadoop.hdds.scm.pipeline.SCMPipelineManager.destroyPipeline(SCMPipelineManager.java:409)
	at org.apache.hadoop.hdds.scm.pipeline.SCMPipelineManager.lambda$finalizeAndDestroyPipeline$0(SCMPipelineManager.java:318)
	at org.apache.hadoop.utils.Scheduler.lambda$schedule$1(Scheduler.java:68)
	at java.util.concurrent.Executors$RunnableAdapter.call(Executors.java:511)
	at java.util.concurrent.FutureTask.run(FutureTask.java:266)
	at java.util.concurrent.ScheduledThreadPoolExecutor$ScheduledFutureTask.access$201(ScheduledThreadPoolExecutor.java:180)
	at java.util.concurrent.ScheduledThreadPoolExecutor$ScheduledFutureTask.run(ScheduledThreadPoolExecutor.java:293)
	at java.util.concurrent.ThreadPoolExecutor.runWorker(ThreadPoolExecutor.java:1149)
	at java.util.concurrent.ThreadPoolExecutor$Worker.run(ThreadPoolExecutor.java:624)
	at java.lang.Thread.run(Thread.java:748)
2019-09-16 22:25:46,981 [grpc-default-executor-10] INFO  impl.RaftServerProxy (RaftServerProxy.java:remove(95)) - 5ecabd24-29f4-44ad-af86-ba12f6ac88ae: remove group-461D11BEE149:null
2019-09-16 22:25:46,992 [RatisPipelineUtilsThread] WARN  pipeline.RatisPipelineUtils (RatisPipelineUtils.java:destroyPipeline(66)) - Pipeline destroy failed for pipeline=PipelineID=22865676-56fc-4cfd-9d6e-461d11bee149 dn=5ecabd24-29f4-44ad-af86-ba12f6ac88ae{ip: 192.168.151.68, host: pr-hdds-2135-v26ff-2356241440, networkLocation: /default-rack, certSerialId: null}
2019-09-16 22:25:46,995 [grpc-default-executor-10] INFO  impl.RaftServerProxy (RaftServerProxy.java:remove(95)) - 9d8d98b0-9991-458a-859c-25f8efc1f325: remove group-461D11BEE149:null
2019-09-16 22:25:47,004 [RatisPipelineUtilsThread] WARN  pipeline.RatisPipelineUtils (RatisPipelineUtils.java:destroyPipeline(66)) - Pipeline destroy failed for pipeline=PipelineID=22865676-56fc-4cfd-9d6e-461d11bee149 dn=9d8d98b0-9991-458a-859c-25f8efc1f325{ip: 192.168.151.68, host: pr-hdds-2135-v26ff-2356241440, networkLocation: /default-rack, certSerialId: null}
2019-09-16 22:25:47,007 [grpc-default-executor-10] INFO  impl.RaftServerProxy (RaftServerProxy.java:remove(95)) - 0ad894eb-396d-46a7-a4d0-256210dc34c1: remove group-461D11BEE149:null
2019-09-16 22:25:47,017 [RatisPipelineUtilsThread] WARN  pipeline.RatisPipelineUtils (RatisPipelineUtils.java:destroyPipeline(66)) - Pipeline destroy failed for pipeline=PipelineID=22865676-56fc-4cfd-9d6e-461d11bee149 dn=0ad894eb-396d-46a7-a4d0-256210dc34c1{ip: 192.168.151.68, host: pr-hdds-2135-v26ff-2356241440, networkLocation: /default-rack, certSerialId: null}
2019-09-16 22:25:47,017 [RatisPipelineUtilsThread] ERROR pipeline.SCMPipelineManager (Scheduler.java:lambda$schedule$1(70)) - Destroy pipeline failed for pipeline:Pipeline[ Id: 22865676-56fc-4cfd-9d6e-461d11bee149, Nodes: 5ecabd24-29f4-44ad-af86-ba12f6ac88ae{ip: 192.168.151.68, host: pr-hdds-2135-v26ff-2356241440, networkLocation: /default-rack, certSerialId: null}9d8d98b0-9991-458a-859c-25f8efc1f325{ip: 192.168.151.68, host: pr-hdds-2135-v26ff-2356241440, networkLocation: /default-rack, certSerialId: null}0ad894eb-396d-46a7-a4d0-256210dc34c1{ip: 192.168.151.68, host: pr-hdds-2135-v26ff-2356241440, networkLocation: /default-rack, certSerialId: null}, Type:RATIS, Factor:THREE, State:CLOSED]
org.apache.hadoop.hdds.scm.pipeline.PipelineNotFoundException: PipelineID=22865676-56fc-4cfd-9d6e-461d11bee149 not found
	at org.apache.hadoop.hdds.scm.pipeline.PipelineStateMap.getPipeline(PipelineStateMap.java:132)
	at org.apache.hadoop.hdds.scm.pipeline.PipelineStateMap.removePipeline(PipelineStateMap.java:322)
	at org.apache.hadoop.hdds.scm.pipeline.PipelineStateManager.removePipeline(PipelineStateManager.java:107)
	at org.apache.hadoop.hdds.scm.pipeline.SCMPipelineManager.removePipeline(SCMPipelineManager.java:423)
	at org.apache.hadoop.hdds.scm.pipeline.SCMPipelineManager.destroyPipeline(SCMPipelineManager.java:409)
	at org.apache.hadoop.hdds.scm.pipeline.SCMPipelineManager.lambda$finalizeAndDestroyPipeline$0(SCMPipelineManager.java:318)
	at org.apache.hadoop.utils.Scheduler.lambda$schedule$1(Scheduler.java:68)
	at java.util.concurrent.Executors$RunnableAdapter.call(Executors.java:511)
	at java.util.concurrent.FutureTask.run(FutureTask.java:266)
	at java.util.concurrent.ScheduledThreadPoolExecutor$ScheduledFutureTask.access$201(ScheduledThreadPoolExecutor.java:180)
	at java.util.concurrent.ScheduledThreadPoolExecutor$ScheduledFutureTask.run(ScheduledThreadPoolExecutor.java:293)
	at java.util.concurrent.ThreadPoolExecutor.runWorker(ThreadPoolExecutor.java:1149)
	at java.util.concurrent.ThreadPoolExecutor$Worker.run(ThreadPoolExecutor.java:624)
	at java.lang.Thread.run(Thread.java:748)
2019-09-16 22:25:47,323 [java.util.concurrent.ThreadPoolExecutor$Worker@7224147d[State = -1, empty queue]] WARN  server.GrpcLogAppender (GrpcLogAppender.java:timeoutAppendRequest(200)) - 9d8d98b0-9991-458a-859c-25f8efc1f325@group-7F526C56D1E5->0ad894eb-396d-46a7-a4d0-256210dc34c1-GrpcLogAppender: appendEntries Timeout, request=9d8d98b0-9991-458a-859c-25f8efc1f325->0ad894eb-396d-46a7-a4d0-256210dc34c1#16-t1, previous=(t:1, i:4), leaderCommit=4, initializing? false, entries: size=1, first=(t:1, i:5), STATEMACHINELOGENTRY, client-99A751C7AE4E, cid=146
2019-09-16 22:25:47,323 [java.util.concurrent.ThreadPoolExecutor$Worker@46f58b95[State = -1, empty queue]] WARN  server.GrpcLogAppender (GrpcLogAppender.java:timeoutAppendRequest(200)) - 9d8d98b0-9991-458a-859c-25f8efc1f325@group-7F526C56D1E5->5ecabd24-29f4-44ad-af86-ba12f6ac88ae-GrpcLogAppender: appendEntries Timeout, request=9d8d98b0-9991-458a-859c-25f8efc1f325->5ecabd24-29f4-44ad-af86-ba12f6ac88ae#16-t1, previous=(t:1, i:4), leaderCommit=4, initializing? false, entries: size=1, first=(t:1, i:5), STATEMACHINELOGENTRY, client-99A751C7AE4E, cid=146
2019-09-16 22:25:47,323 [java.util.concurrent.ThreadPoolExecutor$Worker@7224147d[State = -1, empty queue]] WARN  server.GrpcLogAppender (GrpcLogAppender.java:timeoutAppendRequest(200)) - 9d8d98b0-9991-458a-859c-25f8efc1f325@group-7F526C56D1E5->0ad894eb-396d-46a7-a4d0-256210dc34c1-GrpcLogAppender: appendEntries Timeout, request=9d8d98b0-9991-458a-859c-25f8efc1f325->0ad894eb-396d-46a7-a4d0-256210dc34c1#17-t1, previous=(t:1, i:5), leaderCommit=4, initializing? false, entries: size=1, first=(t:1, i:6), STATEMACHINELOGENTRY, client-99A751C7AE4E, cid=147
2019-09-16 22:25:47,323 [java.util.concurrent.ThreadPoolExecutor$Worker@46f58b95[State = -1, empty queue]] WARN  server.GrpcLogAppender (GrpcLogAppender.java:timeoutAppendRequest(200)) - 9d8d98b0-9991-458a-859c-25f8efc1f325@group-7F526C56D1E5->5ecabd24-29f4-44ad-af86-ba12f6ac88ae-GrpcLogAppender: appendEntries Timeout, request=9d8d98b0-9991-458a-859c-25f8efc1f325->5ecabd24-29f4-44ad-af86-ba12f6ac88ae#17-t1, previous=(t:1, i:5), leaderCommit=4, initializing? false, entries: size=1, first=(t:1, i:6), STATEMACHINELOGENTRY, client-99A751C7AE4E, cid=147
2019-09-16 22:25:47,323 [java.util.concurrent.ThreadPoolExecutor$Worker@7224147d[State = -1, empty queue]] WARN  server.GrpcLogAppender (GrpcLogAppender.java:timeoutAppendRequest(200)) - 9d8d98b0-9991-458a-859c-25f8efc1f325@group-7F526C56D1E5->0ad894eb-396d-46a7-a4d0-256210dc34c1-GrpcLogAppender: appendEntries Timeout, request=9d8d98b0-9991-458a-859c-25f8efc1f325->0ad894eb-396d-46a7-a4d0-256210dc34c1#18-t1, previous=(t:1, i:6), leaderCommit=4, initializing? false, entries: size=1, first=(t:1, i:7), STATEMACHINELOGENTRY, client-99A751C7AE4E, cid=148
2019-09-16 22:25:47,323 [java.util.concurrent.ThreadPoolExecutor$Worker@46f58b95[State = -1, empty queue]] WARN  server.GrpcLogAppender (GrpcLogAppender.java:timeoutAppendRequest(200)) - 9d8d98b0-9991-458a-859c-25f8efc1f325@group-7F526C56D1E5->5ecabd24-29f4-44ad-af86-ba12f6ac88ae-GrpcLogAppender: appendEntries Timeout, request=9d8d98b0-9991-458a-859c-25f8efc1f325->5ecabd24-29f4-44ad-af86-ba12f6ac88ae#18-t1, previous=(t:1, i:6), leaderCommit=4, initializing? false, entries: size=1, first=(t:1, i:7), STATEMACHINELOGENTRY, client-99A751C7AE4E, cid=148
2019-09-16 22:25:47,324 [java.util.concurrent.ThreadPoolExecutor$Worker@46f58b95[State = -1, empty queue]] WARN  server.GrpcLogAppender (GrpcLogAppender.java:timeoutAppendRequest(200)) - 9d8d98b0-9991-458a-859c-25f8efc1f325@group-7F526C56D1E5->5ecabd24-29f4-44ad-af86-ba12f6ac88ae-GrpcLogAppender: appendEntries Timeout, request=9d8d98b0-9991-458a-859c-25f8efc1f325->5ecabd24-29f4-44ad-af86-ba12f6ac88ae#19-t1, previous=(t:1, i:7), leaderCommit=4, initializing? false, entries: size=1, first=(t:1, i:8), STATEMACHINELOGENTRY, client-99A751C7AE4E, cid=149
2019-09-16 22:25:47,324 [java.util.concurrent.ThreadPoolExecutor$Worker@7224147d[State = -1, empty queue]] WARN  server.GrpcLogAppender (GrpcLogAppender.java:timeoutAppendRequest(200)) - 9d8d98b0-9991-458a-859c-25f8efc1f325@group-7F526C56D1E5->0ad894eb-396d-46a7-a4d0-256210dc34c1-GrpcLogAppender: appendEntries Timeout, request=9d8d98b0-9991-458a-859c-25f8efc1f325->0ad894eb-396d-46a7-a4d0-256210dc34c1#19-t1, previous=(t:1, i:7), leaderCommit=4, initializing? false, entries: size=1, first=(t:1, i:8), STATEMACHINELOGENTRY, client-99A751C7AE4E, cid=149
2019-09-16 22:25:47,325 [java.util.concurrent.ThreadPoolExecutor$Worker@7224147d[State = -1, empty queue]] WARN  server.GrpcLogAppender (GrpcLogAppender.java:timeoutAppendRequest(200)) - 9d8d98b0-9991-458a-859c-25f8efc1f325@group-7F526C56D1E5->0ad894eb-396d-46a7-a4d0-256210dc34c1-GrpcLogAppender: appendEntries Timeout, request=9d8d98b0-9991-458a-859c-25f8efc1f325->0ad894eb-396d-46a7-a4d0-256210dc34c1#20-t1, previous=(t:1, i:8), leaderCommit=4, initializing? false, entries: size=1, first=(t:1, i:9), STATEMACHINELOGENTRY, client-99A751C7AE4E, cid=150
2019-09-16 22:25:47,325 [java.util.concurrent.ThreadPoolExecutor$Worker@7224147d[State = -1, empty queue]] WARN  server.GrpcLogAppender (GrpcLogAppender.java:timeoutAppendRequest(200)) - 9d8d98b0-9991-458a-859c-25f8efc1f325@group-7F526C56D1E5->0ad894eb-396d-46a7-a4d0-256210dc34c1-GrpcLogAppender: appendEntries Timeout, request=9d8d98b0-9991-458a-859c-25f8efc1f325->0ad894eb-396d-46a7-a4d0-256210dc34c1#21-t1, previous=(t:1, i:9), leaderCommit=4, initializing? false, entries: size=1, first=(t:1, i:10), STATEMACHINELOGENTRY, client-99A751C7AE4E, cid=151
2019-09-16 22:25:47,325 [java.util.concurrent.ThreadPoolExecutor$Worker@46f58b95[State = -1, empty queue]] WARN  server.GrpcLogAppender (GrpcLogAppender.java:timeoutAppendRequest(200)) - 9d8d98b0-9991-458a-859c-25f8efc1f325@group-7F526C56D1E5->5ecabd24-29f4-44ad-af86-ba12f6ac88ae-GrpcLogAppender: appendEntries Timeout, request=9d8d98b0-9991-458a-859c-25f8efc1f325->5ecabd24-29f4-44ad-af86-ba12f6ac88ae#20-t1, previous=(t:1, i:8), leaderCommit=4, initializing? false, entries: size=1, first=(t:1, i:9), STATEMACHINELOGENTRY, client-99A751C7AE4E, cid=150
2019-09-16 22:25:47,325 [java.util.concurrent.ThreadPoolExecutor$Worker@46f58b95[State = -1, empty queue]] WARN  server.GrpcLogAppender (GrpcLogAppender.java:timeoutAppendRequest(200)) - 9d8d98b0-9991-458a-859c-25f8efc1f325@group-7F526C56D1E5->5ecabd24-29f4-44ad-af86-ba12f6ac88ae-GrpcLogAppender: appendEntries Timeout, request=9d8d98b0-9991-458a-859c-25f8efc1f325->5ecabd24-29f4-44ad-af86-ba12f6ac88ae#21-t1, previous=(t:1, i:9), leaderCommit=4, initializing? false, entries: size=1, first=(t:1, i:10), STATEMACHINELOGENTRY, client-99A751C7AE4E, cid=151
2019-09-16 22:25:48,964 [grpc-default-executor-10] INFO  impl.RaftServerProxy (RaftServerProxy.java:remove(95)) - 5ecabd24-29f4-44ad-af86-ba12f6ac88ae: remove group-461D11BEE149:null
2019-09-16 22:25:48,966 [RatisPipelineUtilsThread] WARN  pipeline.RatisPipelineUtils (RatisPipelineUtils.java:destroyPipeline(66)) - Pipeline destroy failed for pipeline=PipelineID=22865676-56fc-4cfd-9d6e-461d11bee149 dn=5ecabd24-29f4-44ad-af86-ba12f6ac88ae{ip: 192.168.151.68, host: pr-hdds-2135-v26ff-2356241440, networkLocation: /default-rack, certSerialId: null}
2019-09-16 22:25:48,969 [grpc-default-executor-10] INFO  impl.RaftServerProxy (RaftServerProxy.java:remove(95)) - 9d8d98b0-9991-458a-859c-25f8efc1f325: remove group-461D11BEE149:null
2019-09-16 22:25:48,971 [RatisPipelineUtilsThread] WARN  pipeline.RatisPipelineUtils (RatisPipelineUtils.java:destroyPipeline(66)) - Pipeline destroy failed for pipeline=PipelineID=22865676-56fc-4cfd-9d6e-461d11bee149 dn=9d8d98b0-9991-458a-859c-25f8efc1f325{ip: 192.168.151.68, host: pr-hdds-2135-v26ff-2356241440, networkLocation: /default-rack, certSerialId: null}
2019-09-16 22:25:48,973 [grpc-default-executor-10] INFO  impl.RaftServerProxy (RaftServerProxy.java:remove(95)) - 0ad894eb-396d-46a7-a4d0-256210dc34c1: remove group-461D11BEE149:null
2019-09-16 22:25:48,975 [RatisPipelineUtilsThread] WARN  pipeline.RatisPipelineUtils (RatisPipelineUtils.java:destroyPipeline(66)) - Pipeline destroy failed for pipeline=PipelineID=22865676-56fc-4cfd-9d6e-461d11bee149 dn=0ad894eb-396d-46a7-a4d0-256210dc34c1{ip: 192.168.151.68, host: pr-hdds-2135-v26ff-2356241440, networkLocation: /default-rack, certSerialId: null}
2019-09-16 22:25:48,975 [RatisPipelineUtilsThread] ERROR pipeline.SCMPipelineManager (Scheduler.java:lambda$schedule$1(70)) - Destroy pipeline failed for pipeline:Pipeline[ Id: 22865676-56fc-4cfd-9d6e-461d11bee149, Nodes: 5ecabd24-29f4-44ad-af86-ba12f6ac88ae{ip: 192.168.151.68, host: pr-hdds-2135-v26ff-2356241440, networkLocation: /default-rack, certSerialId: null}9d8d98b0-9991-458a-859c-25f8efc1f325{ip: 192.168.151.68, host: pr-hdds-2135-v26ff-2356241440, networkLocation: /default-rack, certSerialId: null}0ad894eb-396d-46a7-a4d0-256210dc34c1{ip: 192.168.151.68, host: pr-hdds-2135-v26ff-2356241440, networkLocation: /default-rack, certSerialId: null}, Type:RATIS, Factor:THREE, State:CLOSED]
org.apache.hadoop.hdds.scm.pipeline.PipelineNotFoundException: PipelineID=22865676-56fc-4cfd-9d6e-461d11bee149 not found
	at org.apache.hadoop.hdds.scm.pipeline.PipelineStateMap.getPipeline(PipelineStateMap.java:132)
	at org.apache.hadoop.hdds.scm.pipeline.PipelineStateMap.removePipeline(PipelineStateMap.java:322)
	at org.apache.hadoop.hdds.scm.pipeline.PipelineStateManager.removePipeline(PipelineStateManager.java:107)
	at org.apache.hadoop.hdds.scm.pipeline.SCMPipelineManager.removePipeline(SCMPipelineManager.java:423)
	at org.apache.hadoop.hdds.scm.pipeline.SCMPipelineManager.destroyPipeline(SCMPipelineManager.java:409)
	at org.apache.hadoop.hdds.scm.pipeline.SCMPipelineManager.lambda$finalizeAndDestroyPipeline$0(SCMPipelineManager.java:318)
	at org.apache.hadoop.utils.Scheduler.lambda$schedule$1(Scheduler.java:68)
	at java.util.concurrent.Executors$RunnableAdapter.call(Executors.java:511)
	at java.util.concurrent.FutureTask.run(FutureTask.java:266)
	at java.util.concurrent.ScheduledThreadPoolExecutor$ScheduledFutureTask.access$201(ScheduledThreadPoolExecutor.java:180)
	at java.util.concurrent.ScheduledThreadPoolExecutor$ScheduledFutureTask.run(ScheduledThreadPoolExecutor.java:293)
	at java.util.concurrent.ThreadPoolExecutor.runWorker(ThreadPoolExecutor.java:1149)
	at java.util.concurrent.ThreadPoolExecutor$Worker.run(ThreadPoolExecutor.java:624)
	at java.lang.Thread.run(Thread.java:748)
2019-09-16 22:25:49,337 [grpc-default-executor-10] INFO  client.GrpcClientProtocolClient (GrpcClientProtocolClient.java:onNext(264)) - client-99A751C7AE4E->0ad894eb-396d-46a7-a4d0-256210dc34c1: receive RaftClientReply:client-99A751C7AE4E->0ad894eb-396d-46a7-a4d0-256210dc34c1@group-7F526C56D1E5, cid=146, FAILED org.apache.ratis.protocol.NotLeaderException: Server 0ad894eb-396d-46a7-a4d0-256210dc34c1@group-7F526C56D1E5 is not the leader 9d8d98b0-9991-458a-859c-25f8efc1f325:192.168.151.68:46204, logIndex=0, commits[0ad894eb-396d-46a7-a4d0-256210dc34c1:c4, 9d8d98b0-9991-458a-859c-25f8efc1f325:c4, 5ecabd24-29f4-44ad-af86-ba12f6ac88ae:c3]
2019-09-16 22:25:49,826 [java.util.concurrent.ThreadPoolExecutor$Worker@7224147d[State = -1, empty queue]] WARN  server.GrpcLogAppender (GrpcLogAppender.java:timeoutAppendRequest(200)) - 9d8d98b0-9991-458a-859c-25f8efc1f325@group-7F526C56D1E5->0ad894eb-396d-46a7-a4d0-256210dc34c1-GrpcLogAppender: appendEntries Timeout, request=9d8d98b0-9991-458a-859c-25f8efc1f325->0ad894eb-396d-46a7-a4d0-256210dc34c1#22-t1, previous=(t:1, i:10), leaderCommit=4, initializing? false, entries: <empty>
2019-09-16 22:25:49,826 [java.util.concurrent.ThreadPoolExecutor$Worker@46f58b95[State = -1, empty queue]] WARN  server.GrpcLogAppender (GrpcLogAppender.java:timeoutAppendRequest(200)) - 9d8d98b0-9991-458a-859c-25f8efc1f325@group-7F526C56D1E5->5ecabd24-29f4-44ad-af86-ba12f6ac88ae-GrpcLogAppender: appendEntries Timeout, request=9d8d98b0-9991-458a-859c-25f8efc1f325->5ecabd24-29f4-44ad-af86-ba12f6ac88ae#22-t1, previous=(t:1, i:10), leaderCommit=4, initializing? false, entries: <empty>
2019-09-16 22:25:51,966 [grpc-default-executor-10] INFO  impl.RaftServerProxy (RaftServerProxy.java:remove(95)) - 5ecabd24-29f4-44ad-af86-ba12f6ac88ae: remove group-461D11BEE149:null
2019-09-16 22:25:51,970 [RatisPipelineUtilsThread] WARN  pipeline.RatisPipelineUtils (RatisPipelineUtils.java:destroyPipeline(66)) - Pipeline destroy failed for pipeline=PipelineID=22865676-56fc-4cfd-9d6e-461d11bee149 dn=5ecabd24-29f4-44ad-af86-ba12f6ac88ae{ip: 192.168.151.68, host: pr-hdds-2135-v26ff-2356241440, networkLocation: /default-rack, certSerialId: null}
2019-09-16 22:25:51,973 [grpc-default-executor-10] INFO  impl.RaftServerProxy (RaftServerProxy.java:remove(95)) - 9d8d98b0-9991-458a-859c-25f8efc1f325: remove group-461D11BEE149:null
2019-09-16 22:25:51,975 [RatisPipelineUtilsThread] WARN  pipeline.RatisPipelineUtils (RatisPipelineUtils.java:destroyPipeline(66)) - Pipeline destroy failed for pipeline=PipelineID=22865676-56fc-4cfd-9d6e-461d11bee149 dn=9d8d98b0-9991-458a-859c-25f8efc1f325{ip: 192.168.151.68, host: pr-hdds-2135-v26ff-2356241440, networkLocation: /default-rack, certSerialId: null}
2019-09-16 22:25:51,979 [grpc-default-executor-10] INFO  impl.RaftServerProxy (RaftServerProxy.java:remove(95)) - 0ad894eb-396d-46a7-a4d0-256210dc34c1: remove group-461D11BEE149:null
2019-09-16 22:25:51,981 [RatisPipelineUtilsThread] WARN  pipeline.RatisPipelineUtils (RatisPipelineUtils.java:destroyPipeline(66)) - Pipeline destroy failed for pipeline=PipelineID=22865676-56fc-4cfd-9d6e-461d11bee149 dn=0ad894eb-396d-46a7-a4d0-256210dc34c1{ip: 192.168.151.68, host: pr-hdds-2135-v26ff-2356241440, networkLocation: /default-rack, certSerialId: null}
2019-09-16 22:25:51,981 [RatisPipelineUtilsThread] ERROR pipeline.SCMPipelineManager (Scheduler.java:lambda$schedule$1(70)) - Destroy pipeline failed for pipeline:Pipeline[ Id: 22865676-56fc-4cfd-9d6e-461d11bee149, Nodes: 5ecabd24-29f4-44ad-af86-ba12f6ac88ae{ip: 192.168.151.68, host: pr-hdds-2135-v26ff-2356241440, networkLocation: /default-rack, certSerialId: null}9d8d98b0-9991-458a-859c-25f8efc1f325{ip: 192.168.151.68, host: pr-hdds-2135-v26ff-2356241440, networkLocation: /default-rack, certSerialId: null}0ad894eb-396d-46a7-a4d0-256210dc34c1{ip: 192.168.151.68, host: pr-hdds-2135-v26ff-2356241440, networkLocation: /default-rack, certSerialId: null}, Type:RATIS, Factor:THREE, State:CLOSED]
org.apache.hadoop.hdds.scm.pipeline.PipelineNotFoundException: PipelineID=22865676-56fc-4cfd-9d6e-461d11bee149 not found
	at org.apache.hadoop.hdds.scm.pipeline.PipelineStateMap.getPipeline(PipelineStateMap.java:132)
	at org.apache.hadoop.hdds.scm.pipeline.PipelineStateMap.removePipeline(PipelineStateMap.java:322)
	at org.apache.hadoop.hdds.scm.pipeline.PipelineStateManager.removePipeline(PipelineStateManager.java:107)
	at org.apache.hadoop.hdds.scm.pipeline.SCMPipelineManager.removePipeline(SCMPipelineManager.java:423)
	at org.apache.hadoop.hdds.scm.pipeline.SCMPipelineManager.destroyPipeline(SCMPipelineManager.java:409)
	at org.apache.hadoop.hdds.scm.pipeline.SCMPipelineManager.lambda$finalizeAndDestroyPipeline$0(SCMPipelineManager.java:318)
	at org.apache.hadoop.utils.Scheduler.lambda$schedule$1(Scheduler.java:68)
	at java.util.concurrent.Executors$RunnableAdapter.call(Executors.java:511)
	at java.util.concurrent.FutureTask.run(FutureTask.java:266)
	at java.util.concurrent.ScheduledThreadPoolExecutor$ScheduledFutureTask.access$201(ScheduledThreadPoolExecutor.java:180)
	at java.util.concurrent.ScheduledThreadPoolExecutor$ScheduledFutureTask.run(ScheduledThreadPoolExecutor.java:293)
	at java.util.concurrent.ThreadPoolExecutor.runWorker(ThreadPoolExecutor.java:1149)
	at java.util.concurrent.ThreadPoolExecutor$Worker.run(ThreadPoolExecutor.java:624)
	at java.lang.Thread.run(Thread.java:748)
2019-09-16 22:25:52,326 [java.util.concurrent.ThreadPoolExecutor$Worker@46f58b95[State = -1, empty queue]] WARN  server.GrpcLogAppender (GrpcLogAppender.java:timeoutAppendRequest(200)) - 9d8d98b0-9991-458a-859c-25f8efc1f325@group-7F526C56D1E5->5ecabd24-29f4-44ad-af86-ba12f6ac88ae-GrpcLogAppender: appendEntries Timeout, request=9d8d98b0-9991-458a-859c-25f8efc1f325->5ecabd24-29f4-44ad-af86-ba12f6ac88ae#23-t1, previous=(t:1, i:10), leaderCommit=4, initializing? false, entries: <empty>
2019-09-16 22:25:52,326 [java.util.concurrent.ThreadPoolExecutor$Worker@7224147d[State = -1, empty queue]] WARN  server.GrpcLogAppender (GrpcLogAppender.java:timeoutAppendRequest(200)) - 9d8d98b0-9991-458a-859c-25f8efc1f325@group-7F526C56D1E5->0ad894eb-396d-46a7-a4d0-256210dc34c1-GrpcLogAppender: appendEntries Timeout, request=9d8d98b0-9991-458a-859c-25f8efc1f325->0ad894eb-396d-46a7-a4d0-256210dc34c1#23-t1, previous=(t:1, i:10), leaderCommit=4, initializing? false, entries: <empty>
2019-09-16 22:25:53,966 [grpc-default-executor-10] INFO  impl.RaftServerProxy (RaftServerProxy.java:remove(95)) - 5ecabd24-29f4-44ad-af86-ba12f6ac88ae: remove group-461D11BEE149:null
2019-09-16 22:25:53,969 [RatisPipelineUtilsThread] WARN  pipeline.RatisPipelineUtils (RatisPipelineUtils.java:destroyPipeline(66)) - Pipeline destroy failed for pipeline=PipelineID=22865676-56fc-4cfd-9d6e-461d11bee149 dn=5ecabd24-29f4-44ad-af86-ba12f6ac88ae{ip: 192.168.151.68, host: pr-hdds-2135-v26ff-2356241440, networkLocation: /default-rack, certSerialId: null}
2019-09-16 22:25:53,972 [grpc-default-executor-10] INFO  impl.RaftServerProxy (RaftServerProxy.java:remove(95)) - 9d8d98b0-9991-458a-859c-25f8efc1f325: remove group-461D11BEE149:null
2019-09-16 22:25:53,974 [RatisPipelineUtilsThread] WARN  pipeline.RatisPipelineUtils (RatisPipelineUtils.java:destroyPipeline(66)) - Pipeline destroy failed for pipeline=PipelineID=22865676-56fc-4cfd-9d6e-461d11bee149 dn=9d8d98b0-9991-458a-859c-25f8efc1f325{ip: 192.168.151.68, host: pr-hdds-2135-v26ff-2356241440, networkLocation: /default-rack, certSerialId: null}
2019-09-16 22:25:53,977 [grpc-default-executor-10] INFO  impl.RaftServerProxy (RaftServerProxy.java:remove(95)) - 0ad894eb-396d-46a7-a4d0-256210dc34c1: remove group-461D11BEE149:null
2019-09-16 22:25:53,979 [RatisPipelineUtilsThread] WARN  pipeline.RatisPipelineUtils (RatisPipelineUtils.java:destroyPipeline(66)) - Pipeline destroy failed for pipeline=PipelineID=22865676-56fc-4cfd-9d6e-461d11bee149 dn=0ad894eb-396d-46a7-a4d0-256210dc34c1{ip: 192.168.151.68, host: pr-hdds-2135-v26ff-2356241440, networkLocation: /default-rack, certSerialId: null}
2019-09-16 22:25:53,979 [RatisPipelineUtilsThread] ERROR pipeline.SCMPipelineManager (Scheduler.java:lambda$schedule$1(70)) - Destroy pipeline failed for pipeline:Pipeline[ Id: 22865676-56fc-4cfd-9d6e-461d11bee149, Nodes: 5ecabd24-29f4-44ad-af86-ba12f6ac88ae{ip: 192.168.151.68, host: pr-hdds-2135-v26ff-2356241440, networkLocation: /default-rack, certSerialId: null}9d8d98b0-9991-458a-859c-25f8efc1f325{ip: 192.168.151.68, host: pr-hdds-2135-v26ff-2356241440, networkLocation: /default-rack, certSerialId: null}0ad894eb-396d-46a7-a4d0-256210dc34c1{ip: 192.168.151.68, host: pr-hdds-2135-v26ff-2356241440, networkLocation: /default-rack, certSerialId: null}, Type:RATIS, Factor:THREE, State:CLOSED]
org.apache.hadoop.hdds.scm.pipeline.PipelineNotFoundException: PipelineID=22865676-56fc-4cfd-9d6e-461d11bee149 not found
	at org.apache.hadoop.hdds.scm.pipeline.PipelineStateMap.getPipeline(PipelineStateMap.java:132)
	at org.apache.hadoop.hdds.scm.pipeline.PipelineStateMap.removePipeline(PipelineStateMap.java:322)
	at org.apache.hadoop.hdds.scm.pipeline.PipelineStateManager.removePipeline(PipelineStateManager.java:107)
	at org.apache.hadoop.hdds.scm.pipeline.SCMPipelineManager.removePipeline(SCMPipelineManager.java:423)
	at org.apache.hadoop.hdds.scm.pipeline.SCMPipelineManager.destroyPipeline(SCMPipelineManager.java:409)
	at org.apache.hadoop.hdds.scm.pipeline.SCMPipelineManager.lambda$finalizeAndDestroyPipeline$0(SCMPipelineManager.java:318)
	at org.apache.hadoop.utils.Scheduler.lambda$schedule$1(Scheduler.java:68)
	at java.util.concurrent.Executors$RunnableAdapter.call(Executors.java:511)
	at java.util.concurrent.FutureTask.run(FutureTask.java:266)
	at java.util.concurrent.ScheduledThreadPoolExecutor$ScheduledFutureTask.access$201(ScheduledThreadPoolExecutor.java:180)
	at java.util.concurrent.ScheduledThreadPoolExecutor$ScheduledFutureTask.run(ScheduledThreadPoolExecutor.java:293)
	at java.util.concurrent.ThreadPoolExecutor.runWorker(ThreadPoolExecutor.java:1149)
	at java.util.concurrent.ThreadPoolExecutor$Worker.run(ThreadPoolExecutor.java:624)
	at java.lang.Thread.run(Thread.java:748)
2019-09-16 22:25:54,321 [9d8d98b0-9991-458a-859c-25f8efc1f325@group-7F526C56D1E5-SegmentedRaftLogWorker] WARN  segmented.SegmentedRaftLogWorker (SegmentedRaftLogWorker.java:getFromFuture(90)) - Timeout 0/~
org.apache.ratis.protocol.TimeoutIOException: Timeout 10s: WriteLog:5: (t:1, i:5), STATEMACHINELOGENTRY, client-99A751C7AE4E, cid=146-writeStateMachineData
	at org.apache.ratis.util.IOUtils.getFromFuture(IOUtils.java:87)
	at org.apache.ratis.server.raftlog.segmented.SegmentedRaftLogWorker$StateMachineDataPolicy.getFromFuture(SegmentedRaftLogWorker.java:87)
	at org.apache.ratis.server.raftlog.segmented.SegmentedRaftLogWorker$WriteLog.execute(SegmentedRaftLogWorker.java:477)
	at org.apache.ratis.server.raftlog.segmented.SegmentedRaftLogWorker.run(SegmentedRaftLogWorker.java:289)
	at java.lang.Thread.run(Thread.java:748)
Caused by: java.util.concurrent.TimeoutException
	at java.util.concurrent.CompletableFuture.timedGet(CompletableFuture.java:1771)
	at java.util.concurrent.CompletableFuture.get(CompletableFuture.java:1915)
	at org.apache.ratis.util.IOUtils.getFromFuture(IOUtils.java:79)
	... 4 more
2019-09-16 22:25:54,323 [5ecabd24-29f4-44ad-af86-ba12f6ac88ae@group-7F526C56D1E5-SegmentedRaftLogWorker] WARN  segmented.SegmentedRaftLogWorker (SegmentedRaftLogWorker.java:getFromFuture(90)) - Timeout 0/~
org.apache.ratis.protocol.TimeoutIOException: Timeout 10s: WriteLog:5: (t:1, i:5), STATEMACHINELOGENTRY, client-99A751C7AE4E, cid=146-writeStateMachineData
	at org.apache.ratis.util.IOUtils.getFromFuture(IOUtils.java:87)
	at org.apache.ratis.server.raftlog.segmented.SegmentedRaftLogWorker$StateMachineDataPolicy.getFromFuture(SegmentedRaftLogWorker.java:87)
	at org.apache.ratis.server.raftlog.segmented.SegmentedRaftLogWorker$WriteLog.execute(SegmentedRaftLogWorker.java:477)
	at org.apache.ratis.server.raftlog.segmented.SegmentedRaftLogWorker.run(SegmentedRaftLogWorker.java:289)
	at java.lang.Thread.run(Thread.java:748)
Caused by: java.util.concurrent.TimeoutException
	at java.util.concurrent.CompletableFuture.timedGet(CompletableFuture.java:1771)
	at java.util.concurrent.CompletableFuture.get(CompletableFuture.java:1915)
	at org.apache.ratis.util.IOUtils.getFromFuture(IOUtils.java:79)
	... 4 more
2019-09-16 22:25:54,323 [0ad894eb-396d-46a7-a4d0-256210dc34c1@group-7F526C56D1E5-SegmentedRaftLogWorker] WARN  segmented.SegmentedRaftLogWorker (SegmentedRaftLogWorker.java:getFromFuture(90)) - Timeout 0/~
org.apache.ratis.protocol.TimeoutIOException: Timeout 10s: WriteLog:5: (t:1, i:5), STATEMACHINELOGENTRY, client-99A751C7AE4E, cid=146-writeStateMachineData
	at org.apache.ratis.util.IOUtils.getFromFuture(IOUtils.java:87)
	at org.apache.ratis.server.raftlog.segmented.SegmentedRaftLogWorker$StateMachineDataPolicy.getFromFuture(SegmentedRaftLogWorker.java:87)
	at org.apache.ratis.server.raftlog.segmented.SegmentedRaftLogWorker$WriteLog.execute(SegmentedRaftLogWorker.java:477)
	at org.apache.ratis.server.raftlog.segmented.SegmentedRaftLogWorker.run(SegmentedRaftLogWorker.java:289)
	at java.lang.Thread.run(Thread.java:748)
Caused by: java.util.concurrent.TimeoutException
	at java.util.concurrent.CompletableFuture.timedGet(CompletableFuture.java:1771)
	at java.util.concurrent.CompletableFuture.get(CompletableFuture.java:1915)
	at org.apache.ratis.util.IOUtils.getFromFuture(IOUtils.java:79)
	... 4 more
2019-09-16 22:25:54,369 [grpc-default-executor-2] INFO  client.GrpcClientProtocolClient (GrpcClientProtocolClient.java:onNext(264)) - client-99A751C7AE4E->0ad894eb-396d-46a7-a4d0-256210dc34c1: receive RaftClientReply:client-99A751C7AE4E->0ad894eb-396d-46a7-a4d0-256210dc34c1@group-7F526C56D1E5, cid=146, FAILED org.apache.ratis.protocol.NotLeaderException: Server 0ad894eb-396d-46a7-a4d0-256210dc34c1@group-7F526C56D1E5 is not the leader 9d8d98b0-9991-458a-859c-25f8efc1f325:192.168.151.68:46204, logIndex=0, commits[0ad894eb-396d-46a7-a4d0-256210dc34c1:c4, 9d8d98b0-9991-458a-859c-25f8efc1f325:c4, 5ecabd24-29f4-44ad-af86-ba12f6ac88ae:c3]
2019-09-16 22:25:54,826 [java.util.concurrent.ThreadPoolExecutor$Worker@46f58b95[State = -1, empty queue]] WARN  server.GrpcLogAppender (GrpcLogAppender.java:timeoutAppendRequest(200)) - 9d8d98b0-9991-458a-859c-25f8efc1f325@group-7F526C56D1E5->5ecabd24-29f4-44ad-af86-ba12f6ac88ae-GrpcLogAppender: appendEntries Timeout, request=9d8d98b0-9991-458a-859c-25f8efc1f325->5ecabd24-29f4-44ad-af86-ba12f6ac88ae#24-t1, previous=(t:1, i:10), leaderCommit=4, initializing? false, entries: <empty>
2019-09-16 22:25:54,826 [java.util.concurrent.ThreadPoolExecutor$Worker@7224147d[State = -1, empty queue]] WARN  server.GrpcLogAppender (GrpcLogAppender.java:timeoutAppendRequest(200)) - 9d8d98b0-9991-458a-859c-25f8efc1f325@group-7F526C56D1E5->0ad894eb-396d-46a7-a4d0-256210dc34c1-GrpcLogAppender: appendEntries Timeout, request=9d8d98b0-9991-458a-859c-25f8efc1f325->0ad894eb-396d-46a7-a4d0-256210dc34c1#24-t1, previous=(t:1, i:10), leaderCommit=4, initializing? false, entries: <empty>
2019-09-16 22:25:56,974 [grpc-default-executor-9] INFO  impl.RaftServerProxy (RaftServerProxy.java:remove(95)) - 5ecabd24-29f4-44ad-af86-ba12f6ac88ae: remove group-461D11BEE149:null
2019-09-16 22:25:56,988 [RatisPipelineUtilsThread] WARN  pipeline.RatisPipelineUtils (RatisPipelineUtils.java:destroyPipeline(66)) - Pipeline destroy failed for pipeline=PipelineID=22865676-56fc-4cfd-9d6e-461d11bee149 dn=5ecabd24-29f4-44ad-af86-ba12f6ac88ae{ip: 192.168.151.68, host: pr-hdds-2135-v26ff-2356241440, networkLocation: /default-rack, certSerialId: null}
2019-09-16 22:25:56,992 [grpc-default-executor-9] INFO  impl.RaftServerProxy (RaftServerProxy.java:remove(95)) - 9d8d98b0-9991-458a-859c-25f8efc1f325: remove group-461D11BEE149:null
2019-09-16 22:25:57,001 [RatisPipelineUtilsThread] WARN  pipeline.RatisPipelineUtils (RatisPipelineUtils.java:destroyPipeline(66)) - Pipeline destroy failed for pipeline=PipelineID=22865676-56fc-4cfd-9d6e-461d11bee149 dn=9d8d98b0-9991-458a-859c-25f8efc1f325{ip: 192.168.151.68, host: pr-hdds-2135-v26ff-2356241440, networkLocation: /default-rack, certSerialId: null}
2019-09-16 22:25:57,004 [grpc-default-executor-9] INFO  impl.RaftServerProxy (RaftServerProxy.java:remove(95)) - 0ad894eb-396d-46a7-a4d0-256210dc34c1: remove group-461D11BEE149:null
2019-09-16 22:25:57,016 [RatisPipelineUtilsThread] WARN  pipeline.RatisPipelineUtils (RatisPipelineUtils.java:destroyPipeline(66)) - Pipeline destroy failed for pipeline=PipelineID=22865676-56fc-4cfd-9d6e-461d11bee149 dn=0ad894eb-396d-46a7-a4d0-256210dc34c1{ip: 192.168.151.68, host: pr-hdds-2135-v26ff-2356241440, networkLocation: /default-rack, certSerialId: null}
2019-09-16 22:25:57,016 [RatisPipelineUtilsThread] ERROR pipeline.SCMPipelineManager (Scheduler.java:lambda$schedule$1(70)) - Destroy pipeline failed for pipeline:Pipeline[ Id: 22865676-56fc-4cfd-9d6e-461d11bee149, Nodes: 5ecabd24-29f4-44ad-af86-ba12f6ac88ae{ip: 192.168.151.68, host: pr-hdds-2135-v26ff-2356241440, networkLocation: /default-rack, certSerialId: null}9d8d98b0-9991-458a-859c-25f8efc1f325{ip: 192.168.151.68, host: pr-hdds-2135-v26ff-2356241440, networkLocation: /default-rack, certSerialId: null}0ad894eb-396d-46a7-a4d0-256210dc34c1{ip: 192.168.151.68, host: pr-hdds-2135-v26ff-2356241440, networkLocation: /default-rack, certSerialId: null}, Type:RATIS, Factor:THREE, State:CLOSED]
org.apache.hadoop.hdds.scm.pipeline.PipelineNotFoundException: PipelineID=22865676-56fc-4cfd-9d6e-461d11bee149 not found
	at org.apache.hadoop.hdds.scm.pipeline.PipelineStateMap.getPipeline(PipelineStateMap.java:132)
	at org.apache.hadoop.hdds.scm.pipeline.PipelineStateMap.removePipeline(PipelineStateMap.java:322)
	at org.apache.hadoop.hdds.scm.pipeline.PipelineStateManager.removePipeline(PipelineStateManager.java:107)
	at org.apache.hadoop.hdds.scm.pipeline.SCMPipelineManager.removePipeline(SCMPipelineManager.java:423)
	at org.apache.hadoop.hdds.scm.pipeline.SCMPipelineManager.destroyPipeline(SCMPipelineManager.java:409)
	at org.apache.hadoop.hdds.scm.pipeline.SCMPipelineManager.lambda$finalizeAndDestroyPipeline$0(SCMPipelineManager.java:318)
	at org.apache.hadoop.utils.Scheduler.lambda$schedule$1(Scheduler.java:68)
	at java.util.concurrent.Executors$RunnableAdapter.call(Executors.java:511)
	at java.util.concurrent.FutureTask.run(FutureTask.java:266)
	at java.util.concurrent.ScheduledThreadPoolExecutor$ScheduledFutureTask.access$201(ScheduledThreadPoolExecutor.java:180)
	at java.util.concurrent.ScheduledThreadPoolExecutor$ScheduledFutureTask.run(ScheduledThreadPoolExecutor.java:293)
	at java.util.concurrent.ThreadPoolExecutor.runWorker(ThreadPoolExecutor.java:1149)
	at java.util.concurrent.ThreadPoolExecutor$Worker.run(ThreadPoolExecutor.java:624)
	at java.lang.Thread.run(Thread.java:748)
2019-09-16 22:25:57,327 [java.util.concurrent.ThreadPoolExecutor$Worker@7224147d[State = -1, empty queue]] WARN  server.GrpcLogAppender (GrpcLogAppender.java:timeoutAppendRequest(200)) - 9d8d98b0-9991-458a-859c-25f8efc1f325@group-7F526C56D1E5->0ad894eb-396d-46a7-a4d0-256210dc34c1-GrpcLogAppender: appendEntries Timeout, request=9d8d98b0-9991-458a-859c-25f8efc1f325->0ad894eb-396d-46a7-a4d0-256210dc34c1#25-t1, previous=(t:1, i:10), leaderCommit=4, initializing? false, entries: <empty>
2019-09-16 22:25:57,327 [java.util.concurrent.ThreadPoolExecutor$Worker@46f58b95[State = -1, empty queue]] WARN  server.GrpcLogAppender (GrpcLogAppender.java:timeoutAppendRequest(200)) - 9d8d98b0-9991-458a-859c-25f8efc1f325@group-7F526C56D1E5->5ecabd24-29f4-44ad-af86-ba12f6ac88ae-GrpcLogAppender: appendEntries Timeout, request=9d8d98b0-9991-458a-859c-25f8efc1f325->5ecabd24-29f4-44ad-af86-ba12f6ac88ae#25-t1, previous=(t:1, i:10), leaderCommit=4, initializing? false, entries: <empty>
2019-09-16 22:25:58,971 [grpc-default-executor-10] INFO  impl.RaftServerProxy (RaftServerProxy.java:remove(95)) - 5ecabd24-29f4-44ad-af86-ba12f6ac88ae: remove group-461D11BEE149:null
2019-09-16 22:25:58,974 [RatisPipelineUtilsThread] WARN  pipeline.RatisPipelineUtils (RatisPipelineUtils.java:destroyPipeline(66)) - Pipeline destroy failed for pipeline=PipelineID=22865676-56fc-4cfd-9d6e-461d11bee149 dn=5ecabd24-29f4-44ad-af86-ba12f6ac88ae{ip: 192.168.151.68, host: pr-hdds-2135-v26ff-2356241440, networkLocation: /default-rack, certSerialId: null}
2019-09-16 22:25:58,978 [grpc-default-executor-10] INFO  impl.RaftServerProxy (RaftServerProxy.java:remove(95)) - 9d8d98b0-9991-458a-859c-25f8efc1f325: remove group-461D11BEE149:null
2019-09-16 22:25:58,980 [RatisPipelineUtilsThread] WARN  pipeline.RatisPipelineUtils (RatisPipelineUtils.java:destroyPipeline(66)) - Pipeline destroy failed for pipeline=PipelineID=22865676-56fc-4cfd-9d6e-461d11bee149 dn=9d8d98b0-9991-458a-859c-25f8efc1f325{ip: 192.168.151.68, host: pr-hdds-2135-v26ff-2356241440, networkLocation: /default-rack, certSerialId: null}
2019-09-16 22:25:58,982 [grpc-default-executor-10] INFO  impl.RaftServerProxy (RaftServerProxy.java:remove(95)) - 0ad894eb-396d-46a7-a4d0-256210dc34c1: remove group-461D11BEE149:null
2019-09-16 22:25:58,985 [RatisPipelineUtilsThread] WARN  pipeline.RatisPipelineUtils (RatisPipelineUtils.java:destroyPipeline(66)) - Pipeline destroy failed for pipeline=PipelineID=22865676-56fc-4cfd-9d6e-461d11bee149 dn=0ad894eb-396d-46a7-a4d0-256210dc34c1{ip: 192.168.151.68, host: pr-hdds-2135-v26ff-2356241440, networkLocation: /default-rack, certSerialId: null}
2019-09-16 22:25:58,985 [RatisPipelineUtilsThread] ERROR pipeline.SCMPipelineManager (Scheduler.java:lambda$schedule$1(70)) - Destroy pipeline failed for pipeline:Pipeline[ Id: 22865676-56fc-4cfd-9d6e-461d11bee149, Nodes: 5ecabd24-29f4-44ad-af86-ba12f6ac88ae{ip: 192.168.151.68, host: pr-hdds-2135-v26ff-2356241440, networkLocation: /default-rack, certSerialId: null}9d8d98b0-9991-458a-859c-25f8efc1f325{ip: 192.168.151.68, host: pr-hdds-2135-v26ff-2356241440, networkLocation: /default-rack, certSerialId: null}0ad894eb-396d-46a7-a4d0-256210dc34c1{ip: 192.168.151.68, host: pr-hdds-2135-v26ff-2356241440, networkLocation: /default-rack, certSerialId: null}, Type:RATIS, Factor:THREE, State:CLOSED]
org.apache.hadoop.hdds.scm.pipeline.PipelineNotFoundException: PipelineID=22865676-56fc-4cfd-9d6e-461d11bee149 not found
	at org.apache.hadoop.hdds.scm.pipeline.PipelineStateMap.getPipeline(PipelineStateMap.java:132)
	at org.apache.hadoop.hdds.scm.pipeline.PipelineStateMap.removePipeline(PipelineStateMap.java:322)
	at org.apache.hadoop.hdds.scm.pipeline.PipelineStateManager.removePipeline(PipelineStateManager.java:107)
	at org.apache.hadoop.hdds.scm.pipeline.SCMPipelineManager.removePipeline(SCMPipelineManager.java:423)
	at org.apache.hadoop.hdds.scm.pipeline.SCMPipelineManager.destroyPipeline(SCMPipelineManager.java:409)
	at org.apache.hadoop.hdds.scm.pipeline.SCMPipelineManager.lambda$finalizeAndDestroyPipeline$0(SCMPipelineManager.java:318)
	at org.apache.hadoop.utils.Scheduler.lambda$schedule$1(Scheduler.java:68)
	at java.util.concurrent.Executors$RunnableAdapter.call(Executors.java:511)
	at java.util.concurrent.FutureTask.run(FutureTask.java:266)
	at java.util.concurrent.ScheduledThreadPoolExecutor$ScheduledFutureTask.access$201(ScheduledThreadPoolExecutor.java:180)
	at java.util.concurrent.ScheduledThreadPoolExecutor$ScheduledFutureTask.run(ScheduledThreadPoolExecutor.java:293)
	at java.util.concurrent.ThreadPoolExecutor.runWorker(ThreadPoolExecutor.java:1149)
	at java.util.concurrent.ThreadPoolExecutor$Worker.run(ThreadPoolExecutor.java:624)
	at java.lang.Thread.run(Thread.java:748)
2019-09-16 22:25:59,445 [grpc-default-executor-10] INFO  client.GrpcClientProtocolClient (GrpcClientProtocolClient.java:onNext(264)) - client-99A751C7AE4E->5ecabd24-29f4-44ad-af86-ba12f6ac88ae: receive RaftClientReply:client-99A751C7AE4E->5ecabd24-29f4-44ad-af86-ba12f6ac88ae@group-7F526C56D1E5, cid=146, FAILED org.apache.ratis.protocol.NotLeaderException: Server 5ecabd24-29f4-44ad-af86-ba12f6ac88ae@group-7F526C56D1E5 is not the leader 9d8d98b0-9991-458a-859c-25f8efc1f325:192.168.151.68:46204, logIndex=0, commits[5ecabd24-29f4-44ad-af86-ba12f6ac88ae:c4, 9d8d98b0-9991-458a-859c-25f8efc1f325:c4, 0ad894eb-396d-46a7-a4d0-256210dc34c1:c3]
2019-09-16 22:25:59,828 [java.util.concurrent.ThreadPoolExecutor$Worker@7224147d[State = -1, empty queue]] WARN  server.GrpcLogAppender (GrpcLogAppender.java:timeoutAppendRequest(200)) - 9d8d98b0-9991-458a-859c-25f8efc1f325@group-7F526C56D1E5->0ad894eb-396d-46a7-a4d0-256210dc34c1-GrpcLogAppender: appendEntries Timeout, request=9d8d98b0-9991-458a-859c-25f8efc1f325->0ad894eb-396d-46a7-a4d0-256210dc34c1#26-t1, previous=(t:1, i:10), leaderCommit=4, initializing? false, entries: <empty>
2019-09-16 22:25:59,828 [java.util.concurrent.ThreadPoolExecutor$Worker@46f58b95[State = -1, empty queue]] WARN  server.GrpcLogAppender (GrpcLogAppender.java:timeoutAppendRequest(200)) - 9d8d98b0-9991-458a-859c-25f8efc1f325@group-7F526C56D1E5->5ecabd24-29f4-44ad-af86-ba12f6ac88ae-GrpcLogAppender: appendEntries Timeout, request=9d8d98b0-9991-458a-859c-25f8efc1f325->5ecabd24-29f4-44ad-af86-ba12f6ac88ae#26-t1, previous=(t:1, i:10), leaderCommit=4, initializing? false, entries: <empty>
2019-09-16 22:26:01,969 [grpc-default-executor-10] INFO  impl.RaftServerProxy (RaftServerProxy.java:remove(95)) - 5ecabd24-29f4-44ad-af86-ba12f6ac88ae: remove group-461D11BEE149:null
2019-09-16 22:26:01,973 [RatisPipelineUtilsThread] WARN  pipeline.RatisPipelineUtils (RatisPipelineUtils.java:destroyPipeline(66)) - Pipeline destroy failed for pipeline=PipelineID=22865676-56fc-4cfd-9d6e-461d11bee149 dn=5ecabd24-29f4-44ad-af86-ba12f6ac88ae{ip: 192.168.151.68, host: pr-hdds-2135-v26ff-2356241440, networkLocation: /default-rack, certSerialId: null}
2019-09-16 22:26:01,976 [grpc-default-executor-10] INFO  impl.RaftServerProxy (RaftServerProxy.java:remove(95)) - 9d8d98b0-9991-458a-859c-25f8efc1f325: remove group-461D11BEE149:null
2019-09-16 22:26:01,978 [RatisPipelineUtilsThread] WARN  pipeline.RatisPipelineUtils (RatisPipelineUtils.java:destroyPipeline(66)) - Pipeline destroy failed for pipeline=PipelineID=22865676-56fc-4cfd-9d6e-461d11bee149 dn=9d8d98b0-9991-458a-859c-25f8efc1f325{ip: 192.168.151.68, host: pr-hdds-2135-v26ff-2356241440, networkLocation: /default-rack, certSerialId: null}
2019-09-16 22:26:01,981 [grpc-default-executor-10] INFO  impl.RaftServerProxy (RaftServerProxy.java:remove(95)) - 0ad894eb-396d-46a7-a4d0-256210dc34c1: remove group-461D11BEE149:null
2019-09-16 22:26:01,983 [RatisPipelineUtilsThread] WARN  pipeline.RatisPipelineUtils (RatisPipelineUtils.java:destroyPipeline(66)) - Pipeline destroy failed for pipeline=PipelineID=22865676-56fc-4cfd-9d6e-461d11bee149 dn=0ad894eb-396d-46a7-a4d0-256210dc34c1{ip: 192.168.151.68, host: pr-hdds-2135-v26ff-2356241440, networkLocation: /default-rack, certSerialId: null}
2019-09-16 22:26:01,983 [RatisPipelineUtilsThread] ERROR pipeline.SCMPipelineManager (Scheduler.java:lambda$schedule$1(70)) - Destroy pipeline failed for pipeline:Pipeline[ Id: 22865676-56fc-4cfd-9d6e-461d11bee149, Nodes: 5ecabd24-29f4-44ad-af86-ba12f6ac88ae{ip: 192.168.151.68, host: pr-hdds-2135-v26ff-2356241440, networkLocation: /default-rack, certSerialId: null}9d8d98b0-9991-458a-859c-25f8efc1f325{ip: 192.168.151.68, host: pr-hdds-2135-v26ff-2356241440, networkLocation: /default-rack, certSerialId: null}0ad894eb-396d-46a7-a4d0-256210dc34c1{ip: 192.168.151.68, host: pr-hdds-2135-v26ff-2356241440, networkLocation: /default-rack, certSerialId: null}, Type:RATIS, Factor:THREE, State:CLOSED]
org.apache.hadoop.hdds.scm.pipeline.PipelineNotFoundException: PipelineID=22865676-56fc-4cfd-9d6e-461d11bee149 not found
	at org.apache.hadoop.hdds.scm.pipeline.PipelineStateMap.getPipeline(PipelineStateMap.java:132)
	at org.apache.hadoop.hdds.scm.pipeline.PipelineStateMap.removePipeline(PipelineStateMap.java:322)
	at org.apache.hadoop.hdds.scm.pipeline.PipelineStateManager.removePipeline(PipelineStateManager.java:107)
	at org.apache.hadoop.hdds.scm.pipeline.SCMPipelineManager.removePipeline(SCMPipelineManager.java:423)
	at org.apache.hadoop.hdds.scm.pipeline.SCMPipelineManager.destroyPipeline(SCMPipelineManager.java:409)
	at org.apache.hadoop.hdds.scm.pipeline.SCMPipelineManager.lambda$finalizeAndDestroyPipeline$0(SCMPipelineManager.java:318)
	at org.apache.hadoop.utils.Scheduler.lambda$schedule$1(Scheduler.java:68)
	at java.util.concurrent.Executors$RunnableAdapter.call(Executors.java:511)
	at java.util.concurrent.FutureTask.run(FutureTask.java:266)
	at java.util.concurrent.ScheduledThreadPoolExecutor$ScheduledFutureTask.access$201(ScheduledThreadPoolExecutor.java:180)
	at java.util.concurrent.ScheduledThreadPoolExecutor$ScheduledFutureTask.run(ScheduledThreadPoolExecutor.java:293)
	at java.util.concurrent.ThreadPoolExecutor.runWorker(ThreadPoolExecutor.java:1149)
	at java.util.concurrent.ThreadPoolExecutor$Worker.run(ThreadPoolExecutor.java:624)
	at java.lang.Thread.run(Thread.java:748)
2019-09-16 22:26:02,329 [java.util.concurrent.ThreadPoolExecutor$Worker@46f58b95[State = -1, empty queue]] WARN  server.GrpcLogAppender (GrpcLogAppender.java:timeoutAppendRequest(200)) - 9d8d98b0-9991-458a-859c-25f8efc1f325@group-7F526C56D1E5->5ecabd24-29f4-44ad-af86-ba12f6ac88ae-GrpcLogAppender: appendEntries Timeout, request=9d8d98b0-9991-458a-859c-25f8efc1f325->5ecabd24-29f4-44ad-af86-ba12f6ac88ae#27-t1, previous=(t:1, i:10), leaderCommit=4, initializing? false, entries: <empty>
2019-09-16 22:26:02,329 [java.util.concurrent.ThreadPoolExecutor$Worker@7224147d[State = -1, empty queue]] WARN  server.GrpcLogAppender (GrpcLogAppender.java:timeoutAppendRequest(200)) - 9d8d98b0-9991-458a-859c-25f8efc1f325@group-7F526C56D1E5->0ad894eb-396d-46a7-a4d0-256210dc34c1-GrpcLogAppender: appendEntries Timeout, request=9d8d98b0-9991-458a-859c-25f8efc1f325->0ad894eb-396d-46a7-a4d0-256210dc34c1#27-t1, previous=(t:1, i:10), leaderCommit=4, initializing? false, entries: <empty>
2019-09-16 22:26:03,971 [grpc-default-executor-9] INFO  impl.RaftServerProxy (RaftServerProxy.java:remove(95)) - 5ecabd24-29f4-44ad-af86-ba12f6ac88ae: remove group-461D11BEE149:null
2019-09-16 22:26:03,975 [RatisPipelineUtilsThread] WARN  pipeline.RatisPipelineUtils (RatisPipelineUtils.java:destroyPipeline(66)) - Pipeline destroy failed for pipeline=PipelineID=22865676-56fc-4cfd-9d6e-461d11bee149 dn=5ecabd24-29f4-44ad-af86-ba12f6ac88ae{ip: 192.168.151.68, host: pr-hdds-2135-v26ff-2356241440, networkLocation: /default-rack, certSerialId: null}
2019-09-16 22:26:03,978 [grpc-default-executor-10] INFO  impl.RaftServerProxy (RaftServerProxy.java:remove(95)) - 9d8d98b0-9991-458a-859c-25f8efc1f325: remove group-461D11BEE149:null
2019-09-16 22:26:03,981 [RatisPipelineUtilsThread] WARN  pipeline.RatisPipelineUtils (RatisPipelineUtils.java:destroyPipeline(66)) - Pipeline destroy failed for pipeline=PipelineID=22865676-56fc-4cfd-9d6e-461d11bee149 dn=9d8d98b0-9991-458a-859c-25f8efc1f325{ip: 192.168.151.68, host: pr-hdds-2135-v26ff-2356241440, networkLocation: /default-rack, certSerialId: null}
2019-09-16 22:26:03,984 [grpc-default-executor-10] INFO  impl.RaftServerProxy (RaftServerProxy.java:remove(95)) - 0ad894eb-396d-46a7-a4d0-256210dc34c1: remove group-461D11BEE149:null
2019-09-16 22:26:03,988 [RatisPipelineUtilsThread] WARN  pipeline.RatisPipelineUtils (RatisPipelineUtils.java:destroyPipeline(66)) - Pipeline destroy failed for pipeline=PipelineID=22865676-56fc-4cfd-9d6e-461d11bee149 dn=0ad894eb-396d-46a7-a4d0-256210dc34c1{ip: 192.168.151.68, host: pr-hdds-2135-v26ff-2356241440, networkLocation: /default-rack, certSerialId: null}
2019-09-16 22:26:03,988 [RatisPipelineUtilsThread] ERROR pipeline.SCMPipelineManager (Scheduler.java:lambda$schedule$1(70)) - Destroy pipeline failed for pipeline:Pipeline[ Id: 22865676-56fc-4cfd-9d6e-461d11bee149, Nodes: 5ecabd24-29f4-44ad-af86-ba12f6ac88ae{ip: 192.168.151.68, host: pr-hdds-2135-v26ff-2356241440, networkLocation: /default-rack, certSerialId: null}9d8d98b0-9991-458a-859c-25f8efc1f325{ip: 192.168.151.68, host: pr-hdds-2135-v26ff-2356241440, networkLocation: /default-rack, certSerialId: null}0ad894eb-396d-46a7-a4d0-256210dc34c1{ip: 192.168.151.68, host: pr-hdds-2135-v26ff-2356241440, networkLocation: /default-rack, certSerialId: null}, Type:RATIS, Factor:THREE, State:CLOSED]
org.apache.hadoop.hdds.scm.pipeline.PipelineNotFoundException: PipelineID=22865676-56fc-4cfd-9d6e-461d11bee149 not found
	at org.apache.hadoop.hdds.scm.pipeline.PipelineStateMap.getPipeline(PipelineStateMap.java:132)
	at org.apache.hadoop.hdds.scm.pipeline.PipelineStateMap.removePipeline(PipelineStateMap.java:322)
	at org.apache.hadoop.hdds.scm.pipeline.PipelineStateManager.removePipeline(PipelineStateManager.java:107)
	at org.apache.hadoop.hdds.scm.pipeline.SCMPipelineManager.removePipeline(SCMPipelineManager.java:423)
	at org.apache.hadoop.hdds.scm.pipeline.SCMPipelineManager.destroyPipeline(SCMPipelineManager.java:409)
	at org.apache.hadoop.hdds.scm.pipeline.SCMPipelineManager.lambda$finalizeAndDestroyPipeline$0(SCMPipelineManager.java:318)
	at org.apache.hadoop.utils.Scheduler.lambda$schedule$1(Scheduler.java:68)
	at java.util.concurrent.Executors$RunnableAdapter.call(Executors.java:511)
	at java.util.concurrent.FutureTask.run(FutureTask.java:266)
	at java.util.concurrent.ScheduledThreadPoolExecutor$ScheduledFutureTask.access$201(ScheduledThreadPoolExecutor.java:180)
	at java.util.concurrent.ScheduledThreadPoolExecutor$ScheduledFutureTask.run(ScheduledThreadPoolExecutor.java:293)
	at java.util.concurrent.ThreadPoolExecutor.runWorker(ThreadPoolExecutor.java:1149)
	at java.util.concurrent.ThreadPoolExecutor$Worker.run(ThreadPoolExecutor.java:624)
	at java.lang.Thread.run(Thread.java:748)
2019-09-16 22:26:04,322 [9d8d98b0-9991-458a-859c-25f8efc1f325@group-7F526C56D1E5-SegmentedRaftLogWorker] WARN  segmented.SegmentedRaftLogWorker (SegmentedRaftLogWorker.java:getFromFuture(90)) - Timeout 1/~
org.apache.ratis.protocol.TimeoutIOException: Timeout 10s: WriteLog:5: (t:1, i:5), STATEMACHINELOGENTRY, client-99A751C7AE4E, cid=146-writeStateMachineData
	at org.apache.ratis.util.IOUtils.getFromFuture(IOUtils.java:87)
	at org.apache.ratis.server.raftlog.segmented.SegmentedRaftLogWorker$StateMachineDataPolicy.getFromFuture(SegmentedRaftLogWorker.java:87)
	at org.apache.ratis.server.raftlog.segmented.SegmentedRaftLogWorker$WriteLog.execute(SegmentedRaftLogWorker.java:477)
	at org.apache.ratis.server.raftlog.segmented.SegmentedRaftLogWorker.run(SegmentedRaftLogWorker.java:289)
	at java.lang.Thread.run(Thread.java:748)
Caused by: java.util.concurrent.TimeoutException
	at java.util.concurrent.CompletableFuture.timedGet(CompletableFuture.java:1771)
	at java.util.concurrent.CompletableFuture.get(CompletableFuture.java:1915)
	at org.apache.ratis.util.IOUtils.getFromFuture(IOUtils.java:79)
	... 4 more
2019-09-16 22:26:04,324 [5ecabd24-29f4-44ad-af86-ba12f6ac88ae@group-7F526C56D1E5-SegmentedRaftLogWorker] WARN  segmented.SegmentedRaftLogWorker (SegmentedRaftLogWorker.java:getFromFuture(90)) - Timeout 1/~
org.apache.ratis.protocol.TimeoutIOException: Timeout 10s: WriteLog:5: (t:1, i:5), STATEMACHINELOGENTRY, client-99A751C7AE4E, cid=146-writeStateMachineData
	at org.apache.ratis.util.IOUtils.getFromFuture(IOUtils.java:87)
	at org.apache.ratis.server.raftlog.segmented.SegmentedRaftLogWorker$StateMachineDataPolicy.getFromFuture(SegmentedRaftLogWorker.java:87)
	at org.apache.ratis.server.raftlog.segmented.SegmentedRaftLogWorker$WriteLog.execute(SegmentedRaftLogWorker.java:477)
	at org.apache.ratis.server.raftlog.segmented.SegmentedRaftLogWorker.run(SegmentedRaftLogWorker.java:289)
	at java.lang.Thread.run(Thread.java:748)
Caused by: java.util.concurrent.TimeoutException
	at java.util.concurrent.CompletableFuture.timedGet(CompletableFuture.java:1771)
	at java.util.concurrent.CompletableFuture.get(CompletableFuture.java:1915)
	at org.apache.ratis.util.IOUtils.getFromFuture(IOUtils.java:79)
	... 4 more
2019-09-16 22:26:04,324 [0ad894eb-396d-46a7-a4d0-256210dc34c1@group-7F526C56D1E5-SegmentedRaftLogWorker] WARN  segmented.SegmentedRaftLogWorker (SegmentedRaftLogWorker.java:getFromFuture(90)) - Timeout 1/~
org.apache.ratis.protocol.TimeoutIOException: Timeout 10s: WriteLog:5: (t:1, i:5), STATEMACHINELOGENTRY, client-99A751C7AE4E, cid=146-writeStateMachineData
	at org.apache.ratis.util.IOUtils.getFromFuture(IOUtils.java:87)
	at org.apache.ratis.server.raftlog.segmented.SegmentedRaftLogWorker$StateMachineDataPolicy.getFromFuture(SegmentedRaftLogWorker.java:87)
	at org.apache.ratis.server.raftlog.segmented.SegmentedRaftLogWorker$WriteLog.execute(SegmentedRaftLogWorker.java:477)
	at org.apache.ratis.server.raftlog.segmented.SegmentedRaftLogWorker.run(SegmentedRaftLogWorker.java:289)
	at java.lang.Thread.run(Thread.java:748)
Caused by: java.util.concurrent.TimeoutException
	at java.util.concurrent.CompletableFuture.timedGet(CompletableFuture.java:1771)
	at java.util.concurrent.CompletableFuture.get(CompletableFuture.java:1915)
	at org.apache.ratis.util.IOUtils.getFromFuture(IOUtils.java:79)
	... 4 more
2019-09-16 22:26:04,509 [grpc-default-executor-10] INFO  client.GrpcClientProtocolClient (GrpcClientProtocolClient.java:onNext(264)) - client-99A751C7AE4E->5ecabd24-29f4-44ad-af86-ba12f6ac88ae: receive RaftClientReply:client-99A751C7AE4E->5ecabd24-29f4-44ad-af86-ba12f6ac88ae@group-7F526C56D1E5, cid=146, FAILED org.apache.ratis.protocol.NotLeaderException: Server 5ecabd24-29f4-44ad-af86-ba12f6ac88ae@group-7F526C56D1E5 is not the leader 9d8d98b0-9991-458a-859c-25f8efc1f325:192.168.151.68:46204, logIndex=0, commits[5ecabd24-29f4-44ad-af86-ba12f6ac88ae:c4, 9d8d98b0-9991-458a-859c-25f8efc1f325:c4, 0ad894eb-396d-46a7-a4d0-256210dc34c1:c3]
2019-09-16 22:26:04,830 [java.util.concurrent.ThreadPoolExecutor$Worker@46f58b95[State = -1, empty queue]] WARN  server.GrpcLogAppender (GrpcLogAppender.java:timeoutAppendRequest(200)) - 9d8d98b0-9991-458a-859c-25f8efc1f325@group-7F526C56D1E5->5ecabd24-29f4-44ad-af86-ba12f6ac88ae-GrpcLogAppender: appendEntries Timeout, request=9d8d98b0-9991-458a-859c-25f8efc1f325->5ecabd24-29f4-44ad-af86-ba12f6ac88ae#28-t1, previous=(t:1, i:10), leaderCommit=4, initializing? false, entries: <empty>
2019-09-16 22:26:04,830 [java.util.concurrent.ThreadPoolExecutor$Worker@7224147d[State = -1, empty queue]] WARN  server.GrpcLogAppender (GrpcLogAppender.java:timeoutAppendRequest(200)) - 9d8d98b0-9991-458a-859c-25f8efc1f325@group-7F526C56D1E5->0ad894eb-396d-46a7-a4d0-256210dc34c1-GrpcLogAppender: appendEntries Timeout, request=9d8d98b0-9991-458a-859c-25f8efc1f325->0ad894eb-396d-46a7-a4d0-256210dc34c1#28-t1, previous=(t:1, i:10), leaderCommit=4, initializing? false, entries: <empty>
2019-09-16 22:26:06,973 [grpc-default-executor-10] INFO  impl.RaftServerProxy (RaftServerProxy.java:remove(95)) - 5ecabd24-29f4-44ad-af86-ba12f6ac88ae: remove group-461D11BEE149:null
2019-09-16 22:26:06,987 [RatisPipelineUtilsThread] WARN  pipeline.RatisPipelineUtils (RatisPipelineUtils.java:destroyPipeline(66)) - Pipeline destroy failed for pipeline=PipelineID=22865676-56fc-4cfd-9d6e-461d11bee149 dn=5ecabd24-29f4-44ad-af86-ba12f6ac88ae{ip: 192.168.151.68, host: pr-hdds-2135-v26ff-2356241440, networkLocation: /default-rack, certSerialId: null}
2019-09-16 22:26:06,990 [grpc-default-executor-10] INFO  impl.RaftServerProxy (RaftServerProxy.java:remove(95)) - 9d8d98b0-9991-458a-859c-25f8efc1f325: remove group-461D11BEE149:null
2019-09-16 22:26:07,001 [RatisPipelineUtilsThread] WARN  pipeline.RatisPipelineUtils (RatisPipelineUtils.java:destroyPipeline(66)) - Pipeline destroy failed for pipeline=PipelineID=22865676-56fc-4cfd-9d6e-461d11bee149 dn=9d8d98b0-9991-458a-859c-25f8efc1f325{ip: 192.168.151.68, host: pr-hdds-2135-v26ff-2356241440, networkLocation: /default-rack, certSerialId: null}
2019-09-16 22:26:07,005 [grpc-default-executor-10] INFO  impl.RaftServerProxy (RaftServerProxy.java:remove(95)) - 0ad894eb-396d-46a7-a4d0-256210dc34c1: remove group-461D11BEE149:null
2019-09-16 22:26:07,017 [RatisPipelineUtilsThread] WARN  pipeline.RatisPipelineUtils (RatisPipelineUtils.java:destroyPipeline(66)) - Pipeline destroy failed for pipeline=PipelineID=22865676-56fc-4cfd-9d6e-461d11bee149 dn=0ad894eb-396d-46a7-a4d0-256210dc34c1{ip: 192.168.151.68, host: pr-hdds-2135-v26ff-2356241440, networkLocation: /default-rack, certSerialId: null}
2019-09-16 22:26:07,018 [RatisPipelineUtilsThread] ERROR pipeline.SCMPipelineManager (Scheduler.java:lambda$schedule$1(70)) - Destroy pipeline failed for pipeline:Pipeline[ Id: 22865676-56fc-4cfd-9d6e-461d11bee149, Nodes: 5ecabd24-29f4-44ad-af86-ba12f6ac88ae{ip: 192.168.151.68, host: pr-hdds-2135-v26ff-2356241440, networkLocation: /default-rack, certSerialId: null}9d8d98b0-9991-458a-859c-25f8efc1f325{ip: 192.168.151.68, host: pr-hdds-2135-v26ff-2356241440, networkLocation: /default-rack, certSerialId: null}0ad894eb-396d-46a7-a4d0-256210dc34c1{ip: 192.168.151.68, host: pr-hdds-2135-v26ff-2356241440, networkLocation: /default-rack, certSerialId: null}, Type:RATIS, Factor:THREE, State:CLOSED]
org.apache.hadoop.hdds.scm.pipeline.PipelineNotFoundException: PipelineID=22865676-56fc-4cfd-9d6e-461d11bee149 not found
	at org.apache.hadoop.hdds.scm.pipeline.PipelineStateMap.getPipeline(PipelineStateMap.java:132)
	at org.apache.hadoop.hdds.scm.pipeline.PipelineStateMap.removePipeline(PipelineStateMap.java:322)
	at org.apache.hadoop.hdds.scm.pipeline.PipelineStateManager.removePipeline(PipelineStateManager.java:107)
	at org.apache.hadoop.hdds.scm.pipeline.SCMPipelineManager.removePipeline(SCMPipelineManager.java:423)
	at org.apache.hadoop.hdds.scm.pipeline.SCMPipelineManager.destroyPipeline(SCMPipelineManager.java:409)
	at org.apache.hadoop.hdds.scm.pipeline.SCMPipelineManager.lambda$finalizeAndDestroyPipeline$0(SCMPipelineManager.java:318)
	at org.apache.hadoop.utils.Scheduler.lambda$schedule$1(Scheduler.java:68)
	at java.util.concurrent.Executors$RunnableAdapter.call(Executors.java:511)
	at java.util.concurrent.FutureTask.run(FutureTask.java:266)
	at java.util.concurrent.ScheduledThreadPoolExecutor$ScheduledFutureTask.access$201(ScheduledThreadPoolExecutor.java:180)
	at java.util.concurrent.ScheduledThreadPoolExecutor$ScheduledFutureTask.run(ScheduledThreadPoolExecutor.java:293)
	at java.util.concurrent.ThreadPoolExecutor.runWorker(ThreadPoolExecutor.java:1149)
	at java.util.concurrent.ThreadPoolExecutor$Worker.run(ThreadPoolExecutor.java:624)
	at java.lang.Thread.run(Thread.java:748)
2019-09-16 22:26:07,330 [java.util.concurrent.ThreadPoolExecutor$Worker@46f58b95[State = -1, empty queue]] WARN  server.GrpcLogAppender (GrpcLogAppender.java:timeoutAppendRequest(200)) - 9d8d98b0-9991-458a-859c-25f8efc1f325@group-7F526C56D1E5->5ecabd24-29f4-44ad-af86-ba12f6ac88ae-GrpcLogAppender: appendEntries Timeout, request=9d8d98b0-9991-458a-859c-25f8efc1f325->5ecabd24-29f4-44ad-af86-ba12f6ac88ae#29-t1, previous=(t:1, i:10), leaderCommit=4, initializing? false, entries: <empty>
2019-09-16 22:26:07,330 [java.util.concurrent.ThreadPoolExecutor$Worker@7224147d[State = -1, empty queue]] WARN  server.GrpcLogAppender (GrpcLogAppender.java:timeoutAppendRequest(200)) - 9d8d98b0-9991-458a-859c-25f8efc1f325@group-7F526C56D1E5->0ad894eb-396d-46a7-a4d0-256210dc34c1-GrpcLogAppender: appendEntries Timeout, request=9d8d98b0-9991-458a-859c-25f8efc1f325->0ad894eb-396d-46a7-a4d0-256210dc34c1#29-t1, previous=(t:1, i:10), leaderCommit=4, initializing? false, entries: <empty>
2019-09-16 22:26:08,970 [grpc-default-executor-9] INFO  impl.RaftServerProxy (RaftServerProxy.java:remove(95)) - 5ecabd24-29f4-44ad-af86-ba12f6ac88ae: remove group-461D11BEE149:null
2019-09-16 22:26:08,973 [RatisPipelineUtilsThread] WARN  pipeline.RatisPipelineUtils (RatisPipelineUtils.java:destroyPipeline(66)) - Pipeline destroy failed for pipeline=PipelineID=22865676-56fc-4cfd-9d6e-461d11bee149 dn=5ecabd24-29f4-44ad-af86-ba12f6ac88ae{ip: 192.168.151.68, host: pr-hdds-2135-v26ff-2356241440, networkLocation: /default-rack, certSerialId: null}
2019-09-16 22:26:08,976 [grpc-default-executor-9] INFO  impl.RaftServerProxy (RaftServerProxy.java:remove(95)) - 9d8d98b0-9991-458a-859c-25f8efc1f325: remove group-461D11BEE149:null
2019-09-16 22:26:08,979 [RatisPipelineUtilsThread] WARN  pipeline.RatisPipelineUtils (RatisPipelineUtils.java:destroyPipeline(66)) - Pipeline destroy failed for pipeline=PipelineID=22865676-56fc-4cfd-9d6e-461d11bee149 dn=9d8d98b0-9991-458a-859c-25f8efc1f325{ip: 192.168.151.68, host: pr-hdds-2135-v26ff-2356241440, networkLocation: /default-rack, certSerialId: null}
2019-09-16 22:26:08,981 [grpc-default-executor-9] INFO  impl.RaftServerProxy (RaftServerProxy.java:remove(95)) - 0ad894eb-396d-46a7-a4d0-256210dc34c1: remove group-461D11BEE149:null
2019-09-16 22:26:08,983 [RatisPipelineUtilsThread] WARN  pipeline.RatisPipelineUtils (RatisPipelineUtils.java:destroyPipeline(66)) - Pipeline destroy failed for pipeline=PipelineID=22865676-56fc-4cfd-9d6e-461d11bee149 dn=0ad894eb-396d-46a7-a4d0-256210dc34c1{ip: 192.168.151.68, host: pr-hdds-2135-v26ff-2356241440, networkLocation: /default-rack, certSerialId: null}
2019-09-16 22:26:08,984 [RatisPipelineUtilsThread] ERROR pipeline.SCMPipelineManager (Scheduler.java:lambda$schedule$1(70)) - Destroy pipeline failed for pipeline:Pipeline[ Id: 22865676-56fc-4cfd-9d6e-461d11bee149, Nodes: 5ecabd24-29f4-44ad-af86-ba12f6ac88ae{ip: 192.168.151.68, host: pr-hdds-2135-v26ff-2356241440, networkLocation: /default-rack, certSerialId: null}9d8d98b0-9991-458a-859c-25f8efc1f325{ip: 192.168.151.68, host: pr-hdds-2135-v26ff-2356241440, networkLocation: /default-rack, certSerialId: null}0ad894eb-396d-46a7-a4d0-256210dc34c1{ip: 192.168.151.68, host: pr-hdds-2135-v26ff-2356241440, networkLocation: /default-rack, certSerialId: null}, Type:RATIS, Factor:THREE, State:CLOSED]
org.apache.hadoop.hdds.scm.pipeline.PipelineNotFoundException: PipelineID=22865676-56fc-4cfd-9d6e-461d11bee149 not found
	at org.apache.hadoop.hdds.scm.pipeline.PipelineStateMap.getPipeline(PipelineStateMap.java:132)
	at org.apache.hadoop.hdds.scm.pipeline.PipelineStateMap.removePipeline(PipelineStateMap.java:322)
	at org.apache.hadoop.hdds.scm.pipeline.PipelineStateManager.removePipeline(PipelineStateManager.java:107)
	at org.apache.hadoop.hdds.scm.pipeline.SCMPipelineManager.removePipeline(SCMPipelineManager.java:423)
	at org.apache.hadoop.hdds.scm.pipeline.SCMPipelineManager.destroyPipeline(SCMPipelineManager.java:409)
	at org.apache.hadoop.hdds.scm.pipeline.SCMPipelineManager.lambda$finalizeAndDestroyPipeline$0(SCMPipelineManager.java:318)
	at org.apache.hadoop.utils.Scheduler.lambda$schedule$1(Scheduler.java:68)
	at java.util.concurrent.Executors$RunnableAdapter.call(Executors.java:511)
	at java.util.concurrent.FutureTask.run(FutureTask.java:266)
	at java.util.concurrent.ScheduledThreadPoolExecutor$ScheduledFutureTask.access$201(ScheduledThreadPoolExecutor.java:180)
	at java.util.concurrent.ScheduledThreadPoolExecutor$ScheduledFutureTask.run(ScheduledThreadPoolExecutor.java:293)
	at java.util.concurrent.ThreadPoolExecutor.runWorker(ThreadPoolExecutor.java:1149)
	at java.util.concurrent.ThreadPoolExecutor$Worker.run(ThreadPoolExecutor.java:624)
	at java.lang.Thread.run(Thread.java:748)
2019-09-16 22:26:09,567 [grpc-default-executor-10] INFO  client.GrpcClientProtocolClient (GrpcClientProtocolClient.java:onNext(264)) - client-99A751C7AE4E->0ad894eb-396d-46a7-a4d0-256210dc34c1: receive RaftClientReply:client-99A751C7AE4E->0ad894eb-396d-46a7-a4d0-256210dc34c1@group-7F526C56D1E5, cid=146, FAILED org.apache.ratis.protocol.NotLeaderException: Server 0ad894eb-396d-46a7-a4d0-256210dc34c1@group-7F526C56D1E5 is not the leader 9d8d98b0-9991-458a-859c-25f8efc1f325:192.168.151.68:46204, logIndex=0, commits[0ad894eb-396d-46a7-a4d0-256210dc34c1:c4, 9d8d98b0-9991-458a-859c-25f8efc1f325:c4, 5ecabd24-29f4-44ad-af86-ba12f6ac88ae:c3]
2019-09-16 22:26:09,831 [java.util.concurrent.ThreadPoolExecutor$Worker@7224147d[State = -1, empty queue]] WARN  server.GrpcLogAppender (GrpcLogAppender.java:timeoutAppendRequest(200)) - 9d8d98b0-9991-458a-859c-25f8efc1f325@group-7F526C56D1E5->0ad894eb-396d-46a7-a4d0-256210dc34c1-GrpcLogAppender: appendEntries Timeout, request=9d8d98b0-9991-458a-859c-25f8efc1f325->0ad894eb-396d-46a7-a4d0-256210dc34c1#30-t1, previous=(t:1, i:10), leaderCommit=4, initializing? false, entries: <empty>
2019-09-16 22:26:09,831 [java.util.concurrent.ThreadPoolExecutor$Worker@46f58b95[State = -1, empty queue]] WARN  server.GrpcLogAppender (GrpcLogAppender.java:timeoutAppendRequest(200)) - 9d8d98b0-9991-458a-859c-25f8efc1f325@group-7F526C56D1E5->5ecabd24-29f4-44ad-af86-ba12f6ac88ae-GrpcLogAppender: appendEntries Timeout, request=9d8d98b0-9991-458a-859c-25f8efc1f325->5ecabd24-29f4-44ad-af86-ba12f6ac88ae#30-t1, previous=(t:1, i:10), leaderCommit=4, initializing? false, entries: <empty>
2019-09-16 22:26:11,970 [grpc-default-executor-10] INFO  impl.RaftServerProxy (RaftServerProxy.java:remove(95)) - 5ecabd24-29f4-44ad-af86-ba12f6ac88ae: remove group-461D11BEE149:null
2019-09-16 22:26:11,975 [RatisPipelineUtilsThread] WARN  pipeline.RatisPipelineUtils (RatisPipelineUtils.java:destroyPipeline(66)) - Pipeline destroy failed for pipeline=PipelineID=22865676-56fc-4cfd-9d6e-461d11bee149 dn=5ecabd24-29f4-44ad-af86-ba12f6ac88ae{ip: 192.168.151.68, host: pr-hdds-2135-v26ff-2356241440, networkLocation: /default-rack, certSerialId: null}
2019-09-16 22:26:11,978 [grpc-default-executor-10] INFO  impl.RaftServerProxy (RaftServerProxy.java:remove(95)) - 9d8d98b0-9991-458a-859c-25f8efc1f325: remove group-461D11BEE149:null
2019-09-16 22:26:11,980 [RatisPipelineUtilsThread] WARN  pipeline.RatisPipelineUtils (RatisPipelineUtils.java:destroyPipeline(66)) - Pipeline destroy failed for pipeline=PipelineID=22865676-56fc-4cfd-9d6e-461d11bee149 dn=9d8d98b0-9991-458a-859c-25f8efc1f325{ip: 192.168.151.68, host: pr-hdds-2135-v26ff-2356241440, networkLocation: /default-rack, certSerialId: null}
2019-09-16 22:26:11,983 [grpc-default-executor-10] INFO  impl.RaftServerProxy (RaftServerProxy.java:remove(95)) - 0ad894eb-396d-46a7-a4d0-256210dc34c1: remove group-461D11BEE149:null
2019-09-16 22:26:11,985 [RatisPipelineUtilsThread] WARN  pipeline.RatisPipelineUtils (RatisPipelineUtils.java:destroyPipeline(66)) - Pipeline destroy failed for pipeline=PipelineID=22865676-56fc-4cfd-9d6e-461d11bee149 dn=0ad894eb-396d-46a7-a4d0-256210dc34c1{ip: 192.168.151.68, host: pr-hdds-2135-v26ff-2356241440, networkLocation: /default-rack, certSerialId: null}
2019-09-16 22:26:11,985 [RatisPipelineUtilsThread] ERROR pipeline.SCMPipelineManager (Scheduler.java:lambda$schedule$1(70)) - Destroy pipeline failed for pipeline:Pipeline[ Id: 22865676-56fc-4cfd-9d6e-461d11bee149, Nodes: 5ecabd24-29f4-44ad-af86-ba12f6ac88ae{ip: 192.168.151.68, host: pr-hdds-2135-v26ff-2356241440, networkLocation: /default-rack, certSerialId: null}9d8d98b0-9991-458a-859c-25f8efc1f325{ip: 192.168.151.68, host: pr-hdds-2135-v26ff-2356241440, networkLocation: /default-rack, certSerialId: null}0ad894eb-396d-46a7-a4d0-256210dc34c1{ip: 192.168.151.68, host: pr-hdds-2135-v26ff-2356241440, networkLocation: /default-rack, certSerialId: null}, Type:RATIS, Factor:THREE, State:CLOSED]
org.apache.hadoop.hdds.scm.pipeline.PipelineNotFoundException: PipelineID=22865676-56fc-4cfd-9d6e-461d11bee149 not found
	at org.apache.hadoop.hdds.scm.pipeline.PipelineStateMap.getPipeline(PipelineStateMap.java:132)
	at org.apache.hadoop.hdds.scm.pipeline.PipelineStateMap.removePipeline(PipelineStateMap.java:322)
	at org.apache.hadoop.hdds.scm.pipeline.PipelineStateManager.removePipeline(PipelineStateManager.java:107)
	at org.apache.hadoop.hdds.scm.pipeline.SCMPipelineManager.removePipeline(SCMPipelineManager.java:423)
	at org.apache.hadoop.hdds.scm.pipeline.SCMPipelineManager.destroyPipeline(SCMPipelineManager.java:409)
	at org.apache.hadoop.hdds.scm.pipeline.SCMPipelineManager.lambda$finalizeAndDestroyPipeline$0(SCMPipelineManager.java:318)
	at org.apache.hadoop.utils.Scheduler.lambda$schedule$1(Scheduler.java:68)
	at java.util.concurrent.Executors$RunnableAdapter.call(Executors.java:511)
	at java.util.concurrent.FutureTask.run(FutureTask.java:266)
	at java.util.concurrent.ScheduledThreadPoolExecutor$ScheduledFutureTask.access$201(ScheduledThreadPoolExecutor.java:180)
	at java.util.concurrent.ScheduledThreadPoolExecutor$ScheduledFutureTask.run(ScheduledThreadPoolExecutor.java:293)
	at java.util.concurrent.ThreadPoolExecutor.runWorker(ThreadPoolExecutor.java:1149)
	at java.util.concurrent.ThreadPoolExecutor$Worker.run(ThreadPoolExecutor.java:624)
	at java.lang.Thread.run(Thread.java:748)
2019-09-16 22:26:12,332 [java.util.concurrent.ThreadPoolExecutor$Worker@7224147d[State = -1, empty queue]] WARN  server.GrpcLogAppender (GrpcLogAppender.java:timeoutAppendRequest(200)) - 9d8d98b0-9991-458a-859c-25f8efc1f325@group-7F526C56D1E5->0ad894eb-396d-46a7-a4d0-256210dc34c1-GrpcLogAppender: appendEntries Timeout, request=9d8d98b0-9991-458a-859c-25f8efc1f325->0ad894eb-396d-46a7-a4d0-256210dc34c1#31-t1, previous=(t:1, i:10), leaderCommit=4, initializing? false, entries: <empty>
2019-09-16 22:26:12,332 [java.util.concurrent.ThreadPoolExecutor$Worker@46f58b95[State = -1, empty queue]] WARN  server.GrpcLogAppender (GrpcLogAppender.java:timeoutAppendRequest(200)) - 9d8d98b0-9991-458a-859c-25f8efc1f325@group-7F526C56D1E5->5ecabd24-29f4-44ad-af86-ba12f6ac88ae-GrpcLogAppender: appendEntries Timeout, request=9d8d98b0-9991-458a-859c-25f8efc1f325->5ecabd24-29f4-44ad-af86-ba12f6ac88ae#31-t1, previous=(t:1, i:10), leaderCommit=4, initializing? false, entries: <empty>
2019-09-16 22:26:13,967 [grpc-default-executor-2] INFO  impl.RaftServerProxy (RaftServerProxy.java:remove(95)) - 5ecabd24-29f4-44ad-af86-ba12f6ac88ae: remove group-461D11BEE149:null
2019-09-16 22:26:13,971 [RatisPipelineUtilsThread] WARN  pipeline.RatisPipelineUtils (RatisPipelineUtils.java:destroyPipeline(66)) - Pipeline destroy failed for pipeline=PipelineID=22865676-56fc-4cfd-9d6e-461d11bee149 dn=5ecabd24-29f4-44ad-af86-ba12f6ac88ae{ip: 192.168.151.68, host: pr-hdds-2135-v26ff-2356241440, networkLocation: /default-rack, certSerialId: null}
2019-09-16 22:26:13,973 [grpc-default-executor-2] INFO  impl.RaftServerProxy (RaftServerProxy.java:remove(95)) - 9d8d98b0-9991-458a-859c-25f8efc1f325: remove group-461D11BEE149:null
2019-09-16 22:26:13,976 [RatisPipelineUtilsThread] WARN  pipeline.RatisPipelineUtils (RatisPipelineUtils.java:destroyPipeline(66)) - Pipeline destroy failed for pipeline=PipelineID=22865676-56fc-4cfd-9d6e-461d11bee149 dn=9d8d98b0-9991-458a-859c-25f8efc1f325{ip: 192.168.151.68, host: pr-hdds-2135-v26ff-2356241440, networkLocation: /default-rack, certSerialId: null}
2019-09-16 22:26:13,979 [grpc-default-executor-2] INFO  impl.RaftServerProxy (RaftServerProxy.java:remove(95)) - 0ad894eb-396d-46a7-a4d0-256210dc34c1: remove group-461D11BEE149:null
2019-09-16 22:26:13,982 [RatisPipelineUtilsThread] WARN  pipeline.RatisPipelineUtils (RatisPipelineUtils.java:destroyPipeline(66)) - Pipeline destroy failed for pipeline=PipelineID=22865676-56fc-4cfd-9d6e-461d11bee149 dn=0ad894eb-396d-46a7-a4d0-256210dc34c1{ip: 192.168.151.68, host: pr-hdds-2135-v26ff-2356241440, networkLocation: /default-rack, certSerialId: null}
2019-09-16 22:26:13,982 [RatisPipelineUtilsThread] ERROR pipeline.SCMPipelineManager (Scheduler.java:lambda$schedule$1(70)) - Destroy pipeline failed for pipeline:Pipeline[ Id: 22865676-56fc-4cfd-9d6e-461d11bee149, Nodes: 5ecabd24-29f4-44ad-af86-ba12f6ac88ae{ip: 192.168.151.68, host: pr-hdds-2135-v26ff-2356241440, networkLocation: /default-rack, certSerialId: null}9d8d98b0-9991-458a-859c-25f8efc1f325{ip: 192.168.151.68, host: pr-hdds-2135-v26ff-2356241440, networkLocation: /default-rack, certSerialId: null}0ad894eb-396d-46a7-a4d0-256210dc34c1{ip: 192.168.151.68, host: pr-hdds-2135-v26ff-2356241440, networkLocation: /default-rack, certSerialId: null}, Type:RATIS, Factor:THREE, State:CLOSED]
org.apache.hadoop.hdds.scm.pipeline.PipelineNotFoundException: PipelineID=22865676-56fc-4cfd-9d6e-461d11bee149 not found
	at org.apache.hadoop.hdds.scm.pipeline.PipelineStateMap.getPipeline(PipelineStateMap.java:132)
	at org.apache.hadoop.hdds.scm.pipeline.PipelineStateMap.removePipeline(PipelineStateMap.java:322)
	at org.apache.hadoop.hdds.scm.pipeline.PipelineStateManager.removePipeline(PipelineStateManager.java:107)
	at org.apache.hadoop.hdds.scm.pipeline.SCMPipelineManager.removePipeline(SCMPipelineManager.java:423)
	at org.apache.hadoop.hdds.scm.pipeline.SCMPipelineManager.destroyPipeline(SCMPipelineManager.java:409)
	at org.apache.hadoop.hdds.scm.pipeline.SCMPipelineManager.lambda$finalizeAndDestroyPipeline$0(SCMPipelineManager.java:318)
	at org.apache.hadoop.utils.Scheduler.lambda$schedule$1(Scheduler.java:68)
	at java.util.concurrent.Executors$RunnableAdapter.call(Executors.java:511)
	at java.util.concurrent.FutureTask.run(FutureTask.java:266)
	at java.util.concurrent.ScheduledThreadPoolExecutor$ScheduledFutureTask.access$201(ScheduledThreadPoolExecutor.java:180)
	at java.util.concurrent.ScheduledThreadPoolExecutor$ScheduledFutureTask.run(ScheduledThreadPoolExecutor.java:293)
	at java.util.concurrent.ThreadPoolExecutor.runWorker(ThreadPoolExecutor.java:1149)
	at java.util.concurrent.ThreadPoolExecutor$Worker.run(ThreadPoolExecutor.java:624)
	at java.lang.Thread.run(Thread.java:748)
2019-09-16 22:26:14,324 [9d8d98b0-9991-458a-859c-25f8efc1f325@group-7F526C56D1E5-SegmentedRaftLogWorker] WARN  segmented.SegmentedRaftLogWorker (SegmentedRaftLogWorker.java:getFromFuture(90)) - Timeout 2/~
org.apache.ratis.protocol.TimeoutIOException: Timeout 10s: WriteLog:5: (t:1, i:5), STATEMACHINELOGENTRY, client-99A751C7AE4E, cid=146-writeStateMachineData
	at org.apache.ratis.util.IOUtils.getFromFuture(IOUtils.java:87)
	at org.apache.ratis.server.raftlog.segmented.SegmentedRaftLogWorker$StateMachineDataPolicy.getFromFuture(SegmentedRaftLogWorker.java:87)
	at org.apache.ratis.server.raftlog.segmented.SegmentedRaftLogWorker$WriteLog.execute(SegmentedRaftLogWorker.java:477)
	at org.apache.ratis.server.raftlog.segmented.SegmentedRaftLogWorker.run(SegmentedRaftLogWorker.java:289)
	at java.lang.Thread.run(Thread.java:748)
Caused by: java.util.concurrent.TimeoutException
	at java.util.concurrent.CompletableFuture.timedGet(CompletableFuture.java:1771)
	at java.util.concurrent.CompletableFuture.get(CompletableFuture.java:1915)
	at org.apache.ratis.util.IOUtils.getFromFuture(IOUtils.java:79)
	... 4 more
2019-09-16 22:26:14,325 [5ecabd24-29f4-44ad-af86-ba12f6ac88ae@group-7F526C56D1E5-SegmentedRaftLogWorker] WARN  segmented.SegmentedRaftLogWorker (SegmentedRaftLogWorker.java:getFromFuture(90)) - Timeout 2/~
org.apache.ratis.protocol.TimeoutIOException: Timeout 10s: WriteLog:5: (t:1, i:5), STATEMACHINELOGENTRY, client-99A751C7AE4E, cid=146-writeStateMachineData
	at org.apache.ratis.util.IOUtils.getFromFuture(IOUtils.java:87)
	at org.apache.ratis.server.raftlog.segmented.SegmentedRaftLogWorker$StateMachineDataPolicy.getFromFuture(SegmentedRaftLogWorker.java:87)
	at org.apache.ratis.server.raftlog.segmented.SegmentedRaftLogWorker$WriteLog.execute(SegmentedRaftLogWorker.java:477)
	at org.apache.ratis.server.raftlog.segmented.SegmentedRaftLogWorker.run(SegmentedRaftLogWorker.java:289)
	at java.lang.Thread.run(Thread.java:748)
Caused by: java.util.concurrent.TimeoutException
	at java.util.concurrent.CompletableFuture.timedGet(CompletableFuture.java:1771)
	at java.util.concurrent.CompletableFuture.get(CompletableFuture.java:1915)
	at org.apache.ratis.util.IOUtils.getFromFuture(IOUtils.java:79)
	... 4 more
2019-09-16 22:26:14,325 [0ad894eb-396d-46a7-a4d0-256210dc34c1@group-7F526C56D1E5-SegmentedRaftLogWorker] WARN  segmented.SegmentedRaftLogWorker (SegmentedRaftLogWorker.java:getFromFuture(90)) - Timeout 2/~
org.apache.ratis.protocol.TimeoutIOException: Timeout 10s: WriteLog:5: (t:1, i:5), STATEMACHINELOGENTRY, client-99A751C7AE4E, cid=146-writeStateMachineData
	at org.apache.ratis.util.IOUtils.getFromFuture(IOUtils.java:87)
	at org.apache.ratis.server.raftlog.segmented.SegmentedRaftLogWorker$StateMachineDataPolicy.getFromFuture(SegmentedRaftLogWorker.java:87)
	at org.apache.ratis.server.raftlog.segmented.SegmentedRaftLogWorker$WriteLog.execute(SegmentedRaftLogWorker.java:477)
	at org.apache.ratis.server.raftlog.segmented.SegmentedRaftLogWorker.run(SegmentedRaftLogWorker.java:289)
	at java.lang.Thread.run(Thread.java:748)
Caused by: java.util.concurrent.TimeoutException
	at java.util.concurrent.CompletableFuture.timedGet(CompletableFuture.java:1771)
	at java.util.concurrent.CompletableFuture.get(CompletableFuture.java:1915)
	at org.apache.ratis.util.IOUtils.getFromFuture(IOUtils.java:79)
	... 4 more
2019-09-16 22:26:14,609 [grpc-default-executor-2] INFO  client.GrpcClientProtocolClient (GrpcClientProtocolClient.java:onNext(264)) - client-99A751C7AE4E->5ecabd24-29f4-44ad-af86-ba12f6ac88ae: receive RaftClientReply:client-99A751C7AE4E->5ecabd24-29f4-44ad-af86-ba12f6ac88ae@group-7F526C56D1E5, cid=146, FAILED org.apache.ratis.protocol.NotLeaderException: Server 5ecabd24-29f4-44ad-af86-ba12f6ac88ae@group-7F526C56D1E5 is not the leader 9d8d98b0-9991-458a-859c-25f8efc1f325:192.168.151.68:46204, logIndex=0, commits[5ecabd24-29f4-44ad-af86-ba12f6ac88ae:c4, 9d8d98b0-9991-458a-859c-25f8efc1f325:c4, 0ad894eb-396d-46a7-a4d0-256210dc34c1:c3]
2019-09-16 22:26:14,832 [java.util.concurrent.ThreadPoolExecutor$Worker@7224147d[State = -1, empty queue]] WARN  server.GrpcLogAppender (GrpcLogAppender.java:timeoutAppendRequest(200)) - 9d8d98b0-9991-458a-859c-25f8efc1f325@group-7F526C56D1E5->0ad894eb-396d-46a7-a4d0-256210dc34c1-GrpcLogAppender: appendEntries Timeout, request=9d8d98b0-9991-458a-859c-25f8efc1f325->0ad894eb-396d-46a7-a4d0-256210dc34c1#32-t1, previous=(t:1, i:10), leaderCommit=4, initializing? false, entries: <empty>
2019-09-16 22:26:14,832 [java.util.concurrent.ThreadPoolExecutor$Worker@46f58b95[State = -1, empty queue]] WARN  server.GrpcLogAppender (GrpcLogAppender.java:timeoutAppendRequest(200)) - 9d8d98b0-9991-458a-859c-25f8efc1f325@group-7F526C56D1E5->5ecabd24-29f4-44ad-af86-ba12f6ac88ae-GrpcLogAppender: appendEntries Timeout, request=9d8d98b0-9991-458a-859c-25f8efc1f325->5ecabd24-29f4-44ad-af86-ba12f6ac88ae#32-t1, previous=(t:1, i:10), leaderCommit=4, initializing? false, entries: <empty>
2019-09-16 22:26:16,971 [grpc-default-executor-2] INFO  impl.RaftServerProxy (RaftServerProxy.java:remove(95)) - 5ecabd24-29f4-44ad-af86-ba12f6ac88ae: remove group-461D11BEE149:null
2019-09-16 22:26:16,989 [RatisPipelineUtilsThread] WARN  pipeline.RatisPipelineUtils (RatisPipelineUtils.java:destroyPipeline(66)) - Pipeline destroy failed for pipeline=PipelineID=22865676-56fc-4cfd-9d6e-461d11bee149 dn=5ecabd24-29f4-44ad-af86-ba12f6ac88ae{ip: 192.168.151.68, host: pr-hdds-2135-v26ff-2356241440, networkLocation: /default-rack, certSerialId: null}
2019-09-16 22:26:16,992 [grpc-default-executor-2] INFO  impl.RaftServerProxy (RaftServerProxy.java:remove(95)) - 9d8d98b0-9991-458a-859c-25f8efc1f325: remove group-461D11BEE149:null
2019-09-16 22:26:17,002 [RatisPipelineUtilsThread] WARN  pipeline.RatisPipelineUtils (RatisPipelineUtils.java:destroyPipeline(66)) - Pipeline destroy failed for pipeline=PipelineID=22865676-56fc-4cfd-9d6e-461d11bee149 dn=9d8d98b0-9991-458a-859c-25f8efc1f325{ip: 192.168.151.68, host: pr-hdds-2135-v26ff-2356241440, networkLocation: /default-rack, certSerialId: null}
2019-09-16 22:26:17,005 [grpc-default-executor-2] INFO  impl.RaftServerProxy (RaftServerProxy.java:remove(95)) - 0ad894eb-396d-46a7-a4d0-256210dc34c1: remove group-461D11BEE149:null
2019-09-16 22:26:17,016 [RatisPipelineUtilsThread] WARN  pipeline.RatisPipelineUtils (RatisPipelineUtils.java:destroyPipeline(66)) - Pipeline destroy failed for pipeline=PipelineID=22865676-56fc-4cfd-9d6e-461d11bee149 dn=0ad894eb-396d-46a7-a4d0-256210dc34c1{ip: 192.168.151.68, host: pr-hdds-2135-v26ff-2356241440, networkLocation: /default-rack, certSerialId: null}
2019-09-16 22:26:17,017 [RatisPipelineUtilsThread] ERROR pipeline.SCMPipelineManager (Scheduler.java:lambda$schedule$1(70)) - Destroy pipeline failed for pipeline:Pipeline[ Id: 22865676-56fc-4cfd-9d6e-461d11bee149, Nodes: 5ecabd24-29f4-44ad-af86-ba12f6ac88ae{ip: 192.168.151.68, host: pr-hdds-2135-v26ff-2356241440, networkLocation: /default-rack, certSerialId: null}9d8d98b0-9991-458a-859c-25f8efc1f325{ip: 192.168.151.68, host: pr-hdds-2135-v26ff-2356241440, networkLocation: /default-rack, certSerialId: null}0ad894eb-396d-46a7-a4d0-256210dc34c1{ip: 192.168.151.68, host: pr-hdds-2135-v26ff-2356241440, networkLocation: /default-rack, certSerialId: null}, Type:RATIS, Factor:THREE, State:CLOSED]
org.apache.hadoop.hdds.scm.pipeline.PipelineNotFoundException: PipelineID=22865676-56fc-4cfd-9d6e-461d11bee149 not found
	at org.apache.hadoop.hdds.scm.pipeline.PipelineStateMap.getPipeline(PipelineStateMap.java:132)
	at org.apache.hadoop.hdds.scm.pipeline.PipelineStateMap.removePipeline(PipelineStateMap.java:322)
	at org.apache.hadoop.hdds.scm.pipeline.PipelineStateManager.removePipeline(PipelineStateManager.java:107)
	at org.apache.hadoop.hdds.scm.pipeline.SCMPipelineManager.removePipeline(SCMPipelineManager.java:423)
	at org.apache.hadoop.hdds.scm.pipeline.SCMPipelineManager.destroyPipeline(SCMPipelineManager.java:409)
	at org.apache.hadoop.hdds.scm.pipeline.SCMPipelineManager.lambda$finalizeAndDestroyPipeline$0(SCMPipelineManager.java:318)
	at org.apache.hadoop.utils.Scheduler.lambda$schedule$1(Scheduler.java:68)
	at java.util.concurrent.Executors$RunnableAdapter.call(Executors.java:511)
	at java.util.concurrent.FutureTask.run(FutureTask.java:266)
	at java.util.concurrent.ScheduledThreadPoolExecutor$ScheduledFutureTask.access$201(ScheduledThreadPoolExecutor.java:180)
	at java.util.concurrent.ScheduledThreadPoolExecutor$ScheduledFutureTask.run(ScheduledThreadPoolExecutor.java:293)
	at java.util.concurrent.ThreadPoolExecutor.runWorker(ThreadPoolExecutor.java:1149)
	at java.util.concurrent.ThreadPoolExecutor$Worker.run(ThreadPoolExecutor.java:624)
	at java.lang.Thread.run(Thread.java:748)
2019-09-16 22:26:17,333 [java.util.concurrent.ThreadPoolExecutor$Worker@46f58b95[State = -1, empty queue]] WARN  server.GrpcLogAppender (GrpcLogAppender.java:timeoutAppendRequest(200)) - 9d8d98b0-9991-458a-859c-25f8efc1f325@group-7F526C56D1E5->5ecabd24-29f4-44ad-af86-ba12f6ac88ae-GrpcLogAppender: appendEntries Timeout, request=9d8d98b0-9991-458a-859c-25f8efc1f325->5ecabd24-29f4-44ad-af86-ba12f6ac88ae#33-t1, previous=(t:1, i:10), leaderCommit=4, initializing? false, entries: <empty>
2019-09-16 22:26:17,333 [java.util.concurrent.ThreadPoolExecutor$Worker@7224147d[State = -1, empty queue]] WARN  server.GrpcLogAppender (GrpcLogAppender.java:timeoutAppendRequest(200)) - 9d8d98b0-9991-458a-859c-25f8efc1f325@group-7F526C56D1E5->0ad894eb-396d-46a7-a4d0-256210dc34c1-GrpcLogAppender: appendEntries Timeout, request=9d8d98b0-9991-458a-859c-25f8efc1f325->0ad894eb-396d-46a7-a4d0-256210dc34c1#33-t1, previous=(t:1, i:10), leaderCommit=4, initializing? false, entries: <empty>
2019-09-16 22:26:18,970 [grpc-default-executor-9] INFO  impl.RaftServerProxy (RaftServerProxy.java:remove(95)) - 5ecabd24-29f4-44ad-af86-ba12f6ac88ae: remove group-461D11BEE149:null
2019-09-16 22:26:18,973 [RatisPipelineUtilsThread] WARN  pipeline.RatisPipelineUtils (RatisPipelineUtils.java:destroyPipeline(66)) - Pipeline destroy failed for pipeline=PipelineID=22865676-56fc-4cfd-9d6e-461d11bee149 dn=5ecabd24-29f4-44ad-af86-ba12f6ac88ae{ip: 192.168.151.68, host: pr-hdds-2135-v26ff-2356241440, networkLocation: /default-rack, certSerialId: null}
2019-09-16 22:26:18,976 [grpc-default-executor-9] INFO  impl.RaftServerProxy (RaftServerProxy.java:remove(95)) - 9d8d98b0-9991-458a-859c-25f8efc1f325: remove group-461D11BEE149:null
2019-09-16 22:26:18,979 [RatisPipelineUtilsThread] WARN  pipeline.RatisPipelineUtils (RatisPipelineUtils.java:destroyPipeline(66)) - Pipeline destroy failed for pipeline=PipelineID=22865676-56fc-4cfd-9d6e-461d11bee149 dn=9d8d98b0-9991-458a-859c-25f8efc1f325{ip: 192.168.151.68, host: pr-hdds-2135-v26ff-2356241440, networkLocation: /default-rack, certSerialId: null}
2019-09-16 22:26:18,981 [grpc-default-executor-9] INFO  impl.RaftServerProxy (RaftServerProxy.java:remove(95)) - 0ad894eb-396d-46a7-a4d0-256210dc34c1: remove group-461D11BEE149:null
2019-09-16 22:26:18,983 [RatisPipelineUtilsThread] WARN  pipeline.RatisPipelineUtils (RatisPipelineUtils.java:destroyPipeline(66)) - Pipeline destroy failed for pipeline=PipelineID=22865676-56fc-4cfd-9d6e-461d11bee149 dn=0ad894eb-396d-46a7-a4d0-256210dc34c1{ip: 192.168.151.68, host: pr-hdds-2135-v26ff-2356241440, networkLocation: /default-rack, certSerialId: null}
2019-09-16 22:26:18,984 [RatisPipelineUtilsThread] ERROR pipeline.SCMPipelineManager (Scheduler.java:lambda$schedule$1(70)) - Destroy pipeline failed for pipeline:Pipeline[ Id: 22865676-56fc-4cfd-9d6e-461d11bee149, Nodes: 5ecabd24-29f4-44ad-af86-ba12f6ac88ae{ip: 192.168.151.68, host: pr-hdds-2135-v26ff-2356241440, networkLocation: /default-rack, certSerialId: null}9d8d98b0-9991-458a-859c-25f8efc1f325{ip: 192.168.151.68, host: pr-hdds-2135-v26ff-2356241440, networkLocation: /default-rack, certSerialId: null}0ad894eb-396d-46a7-a4d0-256210dc34c1{ip: 192.168.151.68, host: pr-hdds-2135-v26ff-2356241440, networkLocation: /default-rack, certSerialId: null}, Type:RATIS, Factor:THREE, State:CLOSED]
org.apache.hadoop.hdds.scm.pipeline.PipelineNotFoundException: PipelineID=22865676-56fc-4cfd-9d6e-461d11bee149 not found
	at org.apache.hadoop.hdds.scm.pipeline.PipelineStateMap.getPipeline(PipelineStateMap.java:132)
	at org.apache.hadoop.hdds.scm.pipeline.PipelineStateMap.removePipeline(PipelineStateMap.java:322)
	at org.apache.hadoop.hdds.scm.pipeline.PipelineStateManager.removePipeline(PipelineStateManager.java:107)
	at org.apache.hadoop.hdds.scm.pipeline.SCMPipelineManager.removePipeline(SCMPipelineManager.java:423)
	at org.apache.hadoop.hdds.scm.pipeline.SCMPipelineManager.destroyPipeline(SCMPipelineManager.java:409)
	at org.apache.hadoop.hdds.scm.pipeline.SCMPipelineManager.lambda$finalizeAndDestroyPipeline$0(SCMPipelineManager.java:318)
	at org.apache.hadoop.utils.Scheduler.lambda$schedule$1(Scheduler.java:68)
	at java.util.concurrent.Executors$RunnableAdapter.call(Executors.java:511)
	at java.util.concurrent.FutureTask.run(FutureTask.java:266)
	at java.util.concurrent.ScheduledThreadPoolExecutor$ScheduledFutureTask.access$201(ScheduledThreadPoolExecutor.java:180)
	at java.util.concurrent.ScheduledThreadPoolExecutor$ScheduledFutureTask.run(ScheduledThreadPoolExecutor.java:293)
	at java.util.concurrent.ThreadPoolExecutor.runWorker(ThreadPoolExecutor.java:1149)
	at java.util.concurrent.ThreadPoolExecutor$Worker.run(ThreadPoolExecutor.java:624)
	at java.lang.Thread.run(Thread.java:748)
2019-09-16 22:26:19,657 [grpc-default-executor-2] INFO  client.GrpcClientProtocolClient (GrpcClientProtocolClient.java:onNext(264)) - client-99A751C7AE4E->0ad894eb-396d-46a7-a4d0-256210dc34c1: receive RaftClientReply:client-99A751C7AE4E->0ad894eb-396d-46a7-a4d0-256210dc34c1@group-7F526C56D1E5, cid=146, FAILED org.apache.ratis.protocol.NotLeaderException: Server 0ad894eb-396d-46a7-a4d0-256210dc34c1@group-7F526C56D1E5 is not the leader 9d8d98b0-9991-458a-859c-25f8efc1f325:192.168.151.68:46204, logIndex=0, commits[0ad894eb-396d-46a7-a4d0-256210dc34c1:c4, 9d8d98b0-9991-458a-859c-25f8efc1f325:c4, 5ecabd24-29f4-44ad-af86-ba12f6ac88ae:c3]
2019-09-16 22:26:19,834 [java.util.concurrent.ThreadPoolExecutor$Worker@7224147d[State = -1, empty queue]] WARN  server.GrpcLogAppender (GrpcLogAppender.java:timeoutAppendRequest(200)) - 9d8d98b0-9991-458a-859c-25f8efc1f325@group-7F526C56D1E5->0ad894eb-396d-46a7-a4d0-256210dc34c1-GrpcLogAppender: appendEntries Timeout, request=9d8d98b0-9991-458a-859c-25f8efc1f325->0ad894eb-396d-46a7-a4d0-256210dc34c1#34-t1, previous=(t:1, i:10), leaderCommit=4, initializing? false, entries: <empty>
2019-09-16 22:26:19,834 [java.util.concurrent.ThreadPoolExecutor$Worker@46f58b95[State = -1, empty queue]] WARN  server.GrpcLogAppender (GrpcLogAppender.java:timeoutAppendRequest(200)) - 9d8d98b0-9991-458a-859c-25f8efc1f325@group-7F526C56D1E5->5ecabd24-29f4-44ad-af86-ba12f6ac88ae-GrpcLogAppender: appendEntries Timeout, request=9d8d98b0-9991-458a-859c-25f8efc1f325->5ecabd24-29f4-44ad-af86-ba12f6ac88ae#34-t1, previous=(t:1, i:10), leaderCommit=4, initializing? false, entries: <empty>
2019-09-16 22:26:21,973 [grpc-default-executor-10] INFO  impl.RaftServerProxy (RaftServerProxy.java:remove(95)) - 5ecabd24-29f4-44ad-af86-ba12f6ac88ae: remove group-461D11BEE149:null
2019-09-16 22:26:21,978 [RatisPipelineUtilsThread] WARN  pipeline.RatisPipelineUtils (RatisPipelineUtils.java:destroyPipeline(66)) - Pipeline destroy failed for pipeline=PipelineID=22865676-56fc-4cfd-9d6e-461d11bee149 dn=5ecabd24-29f4-44ad-af86-ba12f6ac88ae{ip: 192.168.151.68, host: pr-hdds-2135-v26ff-2356241440, networkLocation: /default-rack, certSerialId: null}
2019-09-16 22:26:21,981 [grpc-default-executor-10] INFO  impl.RaftServerProxy (RaftServerProxy.java:remove(95)) - 9d8d98b0-9991-458a-859c-25f8efc1f325: remove group-461D11BEE149:null
2019-09-16 22:26:21,983 [RatisPipelineUtilsThread] WARN  pipeline.RatisPipelineUtils (RatisPipelineUtils.java:destroyPipeline(66)) - Pipeline destroy failed for pipeline=PipelineID=22865676-56fc-4cfd-9d6e-461d11bee149 dn=9d8d98b0-9991-458a-859c-25f8efc1f325{ip: 192.168.151.68, host: pr-hdds-2135-v26ff-2356241440, networkLocation: /default-rack, certSerialId: null}
2019-09-16 22:26:21,986 [grpc-default-executor-10] INFO  impl.RaftServerProxy (RaftServerProxy.java:remove(95)) - 0ad894eb-396d-46a7-a4d0-256210dc34c1: remove group-461D11BEE149:null
2019-09-16 22:26:21,989 [RatisPipelineUtilsThread] WARN  pipeline.RatisPipelineUtils (RatisPipelineUtils.java:destroyPipeline(66)) - Pipeline destroy failed for pipeline=PipelineID=22865676-56fc-4cfd-9d6e-461d11bee149 dn=0ad894eb-396d-46a7-a4d0-256210dc34c1{ip: 192.168.151.68, host: pr-hdds-2135-v26ff-2356241440, networkLocation: /default-rack, certSerialId: null}
2019-09-16 22:26:21,990 [RatisPipelineUtilsThread] ERROR pipeline.SCMPipelineManager (Scheduler.java:lambda$schedule$1(70)) - Destroy pipeline failed for pipeline:Pipeline[ Id: 22865676-56fc-4cfd-9d6e-461d11bee149, Nodes: 5ecabd24-29f4-44ad-af86-ba12f6ac88ae{ip: 192.168.151.68, host: pr-hdds-2135-v26ff-2356241440, networkLocation: /default-rack, certSerialId: null}9d8d98b0-9991-458a-859c-25f8efc1f325{ip: 192.168.151.68, host: pr-hdds-2135-v26ff-2356241440, networkLocation: /default-rack, certSerialId: null}0ad894eb-396d-46a7-a4d0-256210dc34c1{ip: 192.168.151.68, host: pr-hdds-2135-v26ff-2356241440, networkLocation: /default-rack, certSerialId: null}, Type:RATIS, Factor:THREE, State:CLOSED]
org.apache.hadoop.hdds.scm.pipeline.PipelineNotFoundException: PipelineID=22865676-56fc-4cfd-9d6e-461d11bee149 not found
	at org.apache.hadoop.hdds.scm.pipeline.PipelineStateMap.getPipeline(PipelineStateMap.java:132)
	at org.apache.hadoop.hdds.scm.pipeline.PipelineStateMap.removePipeline(PipelineStateMap.java:322)
	at org.apache.hadoop.hdds.scm.pipeline.PipelineStateManager.removePipeline(PipelineStateManager.java:107)
	at org.apache.hadoop.hdds.scm.pipeline.SCMPipelineManager.removePipeline(SCMPipelineManager.java:423)
	at org.apache.hadoop.hdds.scm.pipeline.SCMPipelineManager.destroyPipeline(SCMPipelineManager.java:409)
	at org.apache.hadoop.hdds.scm.pipeline.SCMPipelineManager.lambda$finalizeAndDestroyPipeline$0(SCMPipelineManager.java:318)
	at org.apache.hadoop.utils.Scheduler.lambda$schedule$1(Scheduler.java:68)
	at java.util.concurrent.Executors$RunnableAdapter.call(Executors.java:511)
	at java.util.concurrent.FutureTask.run(FutureTask.java:266)
	at java.util.concurrent.ScheduledThreadPoolExecutor$ScheduledFutureTask.access$201(ScheduledThreadPoolExecutor.java:180)
	at java.util.concurrent.ScheduledThreadPoolExecutor$ScheduledFutureTask.run(ScheduledThreadPoolExecutor.java:293)
	at java.util.concurrent.ThreadPoolExecutor.runWorker(ThreadPoolExecutor.java:1149)
	at java.util.concurrent.ThreadPoolExecutor$Worker.run(ThreadPoolExecutor.java:624)
	at java.lang.Thread.run(Thread.java:748)
2019-09-16 22:26:22,336 [java.util.concurrent.ThreadPoolExecutor$Worker@46f58b95[State = -1, empty queue]] WARN  server.GrpcLogAppender (GrpcLogAppender.java:timeoutAppendRequest(200)) - 9d8d98b0-9991-458a-859c-25f8efc1f325@group-7F526C56D1E5->5ecabd24-29f4-44ad-af86-ba12f6ac88ae-GrpcLogAppender: appendEntries Timeout, request=9d8d98b0-9991-458a-859c-25f8efc1f325->5ecabd24-29f4-44ad-af86-ba12f6ac88ae#35-t1, previous=(t:1, i:10), leaderCommit=4, initializing? false, entries: <empty>
2019-09-16 22:26:22,336 [java.util.concurrent.ThreadPoolExecutor$Worker@7224147d[State = -1, empty queue]] WARN  server.GrpcLogAppender (GrpcLogAppender.java:timeoutAppendRequest(200)) - 9d8d98b0-9991-458a-859c-25f8efc1f325@group-7F526C56D1E5->0ad894eb-396d-46a7-a4d0-256210dc34c1-GrpcLogAppender: appendEntries Timeout, request=9d8d98b0-9991-458a-859c-25f8efc1f325->0ad894eb-396d-46a7-a4d0-256210dc34c1#35-t1, previous=(t:1, i:10), leaderCommit=4, initializing? false, entries: <empty>
2019-09-16 22:26:23,970 [grpc-default-executor-9] INFO  impl.RaftServerProxy (RaftServerProxy.java:remove(95)) - 5ecabd24-29f4-44ad-af86-ba12f6ac88ae: remove group-461D11BEE149:null
2019-09-16 22:26:23,973 [RatisPipelineUtilsThread] WARN  pipeline.RatisPipelineUtils (RatisPipelineUtils.java:destroyPipeline(66)) - Pipeline destroy failed for pipeline=PipelineID=22865676-56fc-4cfd-9d6e-461d11bee149 dn=5ecabd24-29f4-44ad-af86-ba12f6ac88ae{ip: 192.168.151.68, host: pr-hdds-2135-v26ff-2356241440, networkLocation: /default-rack, certSerialId: null}
2019-09-16 22:26:23,976 [grpc-default-executor-9] INFO  impl.RaftServerProxy (RaftServerProxy.java:remove(95)) - 9d8d98b0-9991-458a-859c-25f8efc1f325: remove group-461D11BEE149:null
2019-09-16 22:26:23,979 [RatisPipelineUtilsThread] WARN  pipeline.RatisPipelineUtils (RatisPipelineUtils.java:destroyPipeline(66)) - Pipeline destroy failed for pipeline=PipelineID=22865676-56fc-4cfd-9d6e-461d11bee149 dn=9d8d98b0-9991-458a-859c-25f8efc1f325{ip: 192.168.151.68, host: pr-hdds-2135-v26ff-2356241440, networkLocation: /default-rack, certSerialId: null}
2019-09-16 22:26:23,982 [grpc-default-executor-9] INFO  impl.RaftServerProxy (RaftServerProxy.java:remove(95)) - 0ad894eb-396d-46a7-a4d0-256210dc34c1: remove group-461D11BEE149:null
2019-09-16 22:26:23,984 [RatisPipelineUtilsThread] WARN  pipeline.RatisPipelineUtils (RatisPipelineUtils.java:destroyPipeline(66)) - Pipeline destroy failed for pipeline=PipelineID=22865676-56fc-4cfd-9d6e-461d11bee149 dn=0ad894eb-396d-46a7-a4d0-256210dc34c1{ip: 192.168.151.68, host: pr-hdds-2135-v26ff-2356241440, networkLocation: /default-rack, certSerialId: null}
2019-09-16 22:26:23,985 [RatisPipelineUtilsThread] ERROR pipeline.SCMPipelineManager (Scheduler.java:lambda$schedule$1(70)) - Destroy pipeline failed for pipeline:Pipeline[ Id: 22865676-56fc-4cfd-9d6e-461d11bee149, Nodes: 5ecabd24-29f4-44ad-af86-ba12f6ac88ae{ip: 192.168.151.68, host: pr-hdds-2135-v26ff-2356241440, networkLocation: /default-rack, certSerialId: null}9d8d98b0-9991-458a-859c-25f8efc1f325{ip: 192.168.151.68, host: pr-hdds-2135-v26ff-2356241440, networkLocation: /default-rack, certSerialId: null}0ad894eb-396d-46a7-a4d0-256210dc34c1{ip: 192.168.151.68, host: pr-hdds-2135-v26ff-2356241440, networkLocation: /default-rack, certSerialId: null}, Type:RATIS, Factor:THREE, State:CLOSED]
org.apache.hadoop.hdds.scm.pipeline.PipelineNotFoundException: PipelineID=22865676-56fc-4cfd-9d6e-461d11bee149 not found
	at org.apache.hadoop.hdds.scm.pipeline.PipelineStateMap.getPipeline(PipelineStateMap.java:132)
	at org.apache.hadoop.hdds.scm.pipeline.PipelineStateMap.removePipeline(PipelineStateMap.java:322)
	at org.apache.hadoop.hdds.scm.pipeline.PipelineStateManager.removePipeline(PipelineStateManager.java:107)
	at org.apache.hadoop.hdds.scm.pipeline.SCMPipelineManager.removePipeline(SCMPipelineManager.java:423)
	at org.apache.hadoop.hdds.scm.pipeline.SCMPipelineManager.destroyPipeline(SCMPipelineManager.java:409)
	at org.apache.hadoop.hdds.scm.pipeline.SCMPipelineManager.lambda$finalizeAndDestroyPipeline$0(SCMPipelineManager.java:318)
	at org.apache.hadoop.utils.Scheduler.lambda$schedule$1(Scheduler.java:68)
	at java.util.concurrent.Executors$RunnableAdapter.call(Executors.java:511)
	at java.util.concurrent.FutureTask.run(FutureTask.java:266)
	at java.util.concurrent.ScheduledThreadPoolExecutor$ScheduledFutureTask.access$201(ScheduledThreadPoolExecutor.java:180)
	at java.util.concurrent.ScheduledThreadPoolExecutor$ScheduledFutureTask.run(ScheduledThreadPoolExecutor.java:293)
	at java.util.concurrent.ThreadPoolExecutor.runWorker(ThreadPoolExecutor.java:1149)
	at java.util.concurrent.ThreadPoolExecutor$Worker.run(ThreadPoolExecutor.java:624)
	at java.lang.Thread.run(Thread.java:748)
2019-09-16 22:26:24,326 [9d8d98b0-9991-458a-859c-25f8efc1f325@group-7F526C56D1E5-SegmentedRaftLogWorker] WARN  segmented.SegmentedRaftLogWorker (SegmentedRaftLogWorker.java:getFromFuture(90)) - Timeout 3/~
org.apache.ratis.protocol.TimeoutIOException: Timeout 10s: WriteLog:5: (t:1, i:5), STATEMACHINELOGENTRY, client-99A751C7AE4E, cid=146-writeStateMachineData
	at org.apache.ratis.util.IOUtils.getFromFuture(IOUtils.java:87)
	at org.apache.ratis.server.raftlog.segmented.SegmentedRaftLogWorker$StateMachineDataPolicy.getFromFuture(SegmentedRaftLogWorker.java:87)
	at org.apache.ratis.server.raftlog.segmented.SegmentedRaftLogWorker$WriteLog.execute(SegmentedRaftLogWorker.java:477)
	at org.apache.ratis.server.raftlog.segmented.SegmentedRaftLogWorker.run(SegmentedRaftLogWorker.java:289)
	at java.lang.Thread.run(Thread.java:748)
Caused by: java.util.concurrent.TimeoutException
	at java.util.concurrent.CompletableFuture.timedGet(CompletableFuture.java:1771)
	at java.util.concurrent.CompletableFuture.get(CompletableFuture.java:1915)
	at org.apache.ratis.util.IOUtils.getFromFuture(IOUtils.java:79)
	... 4 more
2019-09-16 22:26:24,326 [0ad894eb-396d-46a7-a4d0-256210dc34c1@group-7F526C56D1E5-SegmentedRaftLogWorker] WARN  segmented.SegmentedRaftLogWorker (SegmentedRaftLogWorker.java:getFromFuture(90)) - Timeout 3/~
org.apache.ratis.protocol.TimeoutIOException: Timeout 10s: WriteLog:5: (t:1, i:5), STATEMACHINELOGENTRY, client-99A751C7AE4E, cid=146-writeStateMachineData
	at org.apache.ratis.util.IOUtils.getFromFuture(IOUtils.java:87)
	at org.apache.ratis.server.raftlog.segmented.SegmentedRaftLogWorker$StateMachineDataPolicy.getFromFuture(SegmentedRaftLogWorker.java:87)
	at org.apache.ratis.server.raftlog.segmented.SegmentedRaftLogWorker$WriteLog.execute(SegmentedRaftLogWorker.java:477)
	at org.apache.ratis.server.raftlog.segmented.SegmentedRaftLogWorker.run(SegmentedRaftLogWorker.java:289)
	at java.lang.Thread.run(Thread.java:748)
Caused by: java.util.concurrent.TimeoutException
	at java.util.concurrent.CompletableFuture.timedGet(CompletableFuture.java:1771)
	at java.util.concurrent.CompletableFuture.get(CompletableFuture.java:1915)
	at org.apache.ratis.util.IOUtils.getFromFuture(IOUtils.java:79)
	... 4 more
2019-09-16 22:26:24,326 [5ecabd24-29f4-44ad-af86-ba12f6ac88ae@group-7F526C56D1E5-SegmentedRaftLogWorker] WARN  segmented.SegmentedRaftLogWorker (SegmentedRaftLogWorker.java:getFromFuture(90)) - Timeout 3/~
org.apache.ratis.protocol.TimeoutIOException: Timeout 10s: WriteLog:5: (t:1, i:5), STATEMACHINELOGENTRY, client-99A751C7AE4E, cid=146-writeStateMachineData
	at org.apache.ratis.util.IOUtils.getFromFuture(IOUtils.java:87)
	at org.apache.ratis.server.raftlog.segmented.SegmentedRaftLogWorker$StateMachineDataPolicy.getFromFuture(SegmentedRaftLogWorker.java:87)
	at org.apache.ratis.server.raftlog.segmented.SegmentedRaftLogWorker$WriteLog.execute(SegmentedRaftLogWorker.java:477)
	at org.apache.ratis.server.raftlog.segmented.SegmentedRaftLogWorker.run(SegmentedRaftLogWorker.java:289)
	at java.lang.Thread.run(Thread.java:748)
Caused by: java.util.concurrent.TimeoutException
	at java.util.concurrent.CompletableFuture.timedGet(CompletableFuture.java:1771)
	at java.util.concurrent.CompletableFuture.get(CompletableFuture.java:1915)
	at org.apache.ratis.util.IOUtils.getFromFuture(IOUtils.java:79)
	... 4 more
2019-09-16 22:26:24,705 [grpc-default-executor-10] INFO  client.GrpcClientProtocolClient (GrpcClientProtocolClient.java:onNext(264)) - client-99A751C7AE4E->0ad894eb-396d-46a7-a4d0-256210dc34c1: receive RaftClientReply:client-99A751C7AE4E->0ad894eb-396d-46a7-a4d0-256210dc34c1@group-7F526C56D1E5, cid=146, FAILED org.apache.ratis.protocol.NotLeaderException: Server 0ad894eb-396d-46a7-a4d0-256210dc34c1@group-7F526C56D1E5 is not the leader 9d8d98b0-9991-458a-859c-25f8efc1f325:192.168.151.68:46204, logIndex=0, commits[0ad894eb-396d-46a7-a4d0-256210dc34c1:c4, 9d8d98b0-9991-458a-859c-25f8efc1f325:c4, 5ecabd24-29f4-44ad-af86-ba12f6ac88ae:c3]
2019-09-16 22:26:24,836 [java.util.concurrent.ThreadPoolExecutor$Worker@7224147d[State = -1, empty queue]] WARN  server.GrpcLogAppender (GrpcLogAppender.java:timeoutAppendRequest(200)) - 9d8d98b0-9991-458a-859c-25f8efc1f325@group-7F526C56D1E5->0ad894eb-396d-46a7-a4d0-256210dc34c1-GrpcLogAppender: appendEntries Timeout, request=9d8d98b0-9991-458a-859c-25f8efc1f325->0ad894eb-396d-46a7-a4d0-256210dc34c1#36-t1, previous=(t:1, i:10), leaderCommit=4, initializing? false, entries: <empty>
2019-09-16 22:26:24,836 [java.util.concurrent.ThreadPoolExecutor$Worker@46f58b95[State = -1, empty queue]] WARN  server.GrpcLogAppender (GrpcLogAppender.java:timeoutAppendRequest(200)) - 9d8d98b0-9991-458a-859c-25f8efc1f325@group-7F526C56D1E5->5ecabd24-29f4-44ad-af86-ba12f6ac88ae-GrpcLogAppender: appendEntries Timeout, request=9d8d98b0-9991-458a-859c-25f8efc1f325->5ecabd24-29f4-44ad-af86-ba12f6ac88ae#36-t1, previous=(t:1, i:10), leaderCommit=4, initializing? false, entries: <empty>
2019-09-16 22:26:26,970 [grpc-default-executor-9] INFO  impl.RaftServerProxy (RaftServerProxy.java:remove(95)) - 5ecabd24-29f4-44ad-af86-ba12f6ac88ae: remove group-461D11BEE149:null
2019-09-16 22:26:26,981 [RatisPipelineUtilsThread] WARN  pipeline.RatisPipelineUtils (RatisPipelineUtils.java:destroyPipeline(66)) - Pipeline destroy failed for pipeline=PipelineID=22865676-56fc-4cfd-9d6e-461d11bee149 dn=5ecabd24-29f4-44ad-af86-ba12f6ac88ae{ip: 192.168.151.68, host: pr-hdds-2135-v26ff-2356241440, networkLocation: /default-rack, certSerialId: null}
2019-09-16 22:26:26,984 [grpc-default-executor-9] INFO  impl.RaftServerProxy (RaftServerProxy.java:remove(95)) - 9d8d98b0-9991-458a-859c-25f8efc1f325: remove group-461D11BEE149:null
2019-09-16 22:26:26,991 [RatisPipelineUtilsThread] WARN  pipeline.RatisPipelineUtils (RatisPipelineUtils.java:destroyPipeline(66)) - Pipeline destroy failed for pipeline=PipelineID=22865676-56fc-4cfd-9d6e-461d11bee149 dn=9d8d98b0-9991-458a-859c-25f8efc1f325{ip: 192.168.151.68, host: pr-hdds-2135-v26ff-2356241440, networkLocation: /default-rack, certSerialId: null}
2019-09-16 22:26:26,994 [grpc-default-executor-9] INFO  impl.RaftServerProxy (RaftServerProxy.java:remove(95)) - 0ad894eb-396d-46a7-a4d0-256210dc34c1: remove group-461D11BEE149:null
2019-09-16 22:26:27,003 [RatisPipelineUtilsThread] WARN  pipeline.RatisPipelineUtils (RatisPipelineUtils.java:destroyPipeline(66)) - Pipeline destroy failed for pipeline=PipelineID=22865676-56fc-4cfd-9d6e-461d11bee149 dn=0ad894eb-396d-46a7-a4d0-256210dc34c1{ip: 192.168.151.68, host: pr-hdds-2135-v26ff-2356241440, networkLocation: /default-rack, certSerialId: null}
2019-09-16 22:26:27,004 [RatisPipelineUtilsThread] ERROR pipeline.SCMPipelineManager (Scheduler.java:lambda$schedule$1(70)) - Destroy pipeline failed for pipeline:Pipeline[ Id: 22865676-56fc-4cfd-9d6e-461d11bee149, Nodes: 5ecabd24-29f4-44ad-af86-ba12f6ac88ae{ip: 192.168.151.68, host: pr-hdds-2135-v26ff-2356241440, networkLocation: /default-rack, certSerialId: null}9d8d98b0-9991-458a-859c-25f8efc1f325{ip: 192.168.151.68, host: pr-hdds-2135-v26ff-2356241440, networkLocation: /default-rack, certSerialId: null}0ad894eb-396d-46a7-a4d0-256210dc34c1{ip: 192.168.151.68, host: pr-hdds-2135-v26ff-2356241440, networkLocation: /default-rack, certSerialId: null}, Type:RATIS, Factor:THREE, State:CLOSED]
org.apache.hadoop.hdds.scm.pipeline.PipelineNotFoundException: PipelineID=22865676-56fc-4cfd-9d6e-461d11bee149 not found
	at org.apache.hadoop.hdds.scm.pipeline.PipelineStateMap.getPipeline(PipelineStateMap.java:132)
	at org.apache.hadoop.hdds.scm.pipeline.PipelineStateMap.removePipeline(PipelineStateMap.java:322)
	at org.apache.hadoop.hdds.scm.pipeline.PipelineStateManager.removePipeline(PipelineStateManager.java:107)
	at org.apache.hadoop.hdds.scm.pipeline.SCMPipelineManager.removePipeline(SCMPipelineManager.java:423)
	at org.apache.hadoop.hdds.scm.pipeline.SCMPipelineManager.destroyPipeline(SCMPipelineManager.java:409)
	at org.apache.hadoop.hdds.scm.pipeline.SCMPipelineManager.lambda$finalizeAndDestroyPipeline$0(SCMPipelineManager.java:318)
	at org.apache.hadoop.utils.Scheduler.lambda$schedule$1(Scheduler.java:68)
	at java.util.concurrent.Executors$RunnableAdapter.call(Executors.java:511)
	at java.util.concurrent.FutureTask.run(FutureTask.java:266)
	at java.util.concurrent.ScheduledThreadPoolExecutor$ScheduledFutureTask.access$201(ScheduledThreadPoolExecutor.java:180)
	at java.util.concurrent.ScheduledThreadPoolExecutor$ScheduledFutureTask.run(ScheduledThreadPoolExecutor.java:293)
	at java.util.concurrent.ThreadPoolExecutor.runWorker(ThreadPoolExecutor.java:1149)
	at java.util.concurrent.ThreadPoolExecutor$Worker.run(ThreadPoolExecutor.java:624)
	at java.lang.Thread.run(Thread.java:748)
2019-09-16 22:26:27,337 [java.util.concurrent.ThreadPoolExecutor$Worker@7224147d[State = -1, empty queue]] WARN  server.GrpcLogAppender (GrpcLogAppender.java:timeoutAppendRequest(200)) - 9d8d98b0-9991-458a-859c-25f8efc1f325@group-7F526C56D1E5->0ad894eb-396d-46a7-a4d0-256210dc34c1-GrpcLogAppender: appendEntries Timeout, request=9d8d98b0-9991-458a-859c-25f8efc1f325->0ad894eb-396d-46a7-a4d0-256210dc34c1#37-t1, previous=(t:1, i:10), leaderCommit=4, initializing? false, entries: <empty>
2019-09-16 22:26:27,337 [java.util.concurrent.ThreadPoolExecutor$Worker@46f58b95[State = -1, empty queue]] WARN  server.GrpcLogAppender (GrpcLogAppender.java:timeoutAppendRequest(200)) - 9d8d98b0-9991-458a-859c-25f8efc1f325@group-7F526C56D1E5->5ecabd24-29f4-44ad-af86-ba12f6ac88ae-GrpcLogAppender: appendEntries Timeout, request=9d8d98b0-9991-458a-859c-25f8efc1f325->5ecabd24-29f4-44ad-af86-ba12f6ac88ae#37-t1, previous=(t:1, i:10), leaderCommit=4, initializing? false, entries: <empty>
2019-09-16 22:26:28,970 [grpc-default-executor-9] INFO  impl.RaftServerProxy (RaftServerProxy.java:remove(95)) - 5ecabd24-29f4-44ad-af86-ba12f6ac88ae: remove group-461D11BEE149:null
2019-09-16 22:26:28,973 [RatisPipelineUtilsThread] WARN  pipeline.RatisPipelineUtils (RatisPipelineUtils.java:destroyPipeline(66)) - Pipeline destroy failed for pipeline=PipelineID=22865676-56fc-4cfd-9d6e-461d11bee149 dn=5ecabd24-29f4-44ad-af86-ba12f6ac88ae{ip: 192.168.151.68, host: pr-hdds-2135-v26ff-2356241440, networkLocation: /default-rack, certSerialId: null}
2019-09-16 22:26:28,976 [grpc-default-executor-9] INFO  impl.RaftServerProxy (RaftServerProxy.java:remove(95)) - 9d8d98b0-9991-458a-859c-25f8efc1f325: remove group-461D11BEE149:null
2019-09-16 22:26:28,979 [RatisPipelineUtilsThread] WARN  pipeline.RatisPipelineUtils (RatisPipelineUtils.java:destroyPipeline(66)) - Pipeline destroy failed for pipeline=PipelineID=22865676-56fc-4cfd-9d6e-461d11bee149 dn=9d8d98b0-9991-458a-859c-25f8efc1f325{ip: 192.168.151.68, host: pr-hdds-2135-v26ff-2356241440, networkLocation: /default-rack, certSerialId: null}
2019-09-16 22:26:28,981 [grpc-default-executor-9] INFO  impl.RaftServerProxy (RaftServerProxy.java:remove(95)) - 0ad894eb-396d-46a7-a4d0-256210dc34c1: remove group-461D11BEE149:null
2019-09-16 22:26:28,983 [RatisPipelineUtilsThread] WARN  pipeline.RatisPipelineUtils (RatisPipelineUtils.java:destroyPipeline(66)) - Pipeline destroy failed for pipeline=PipelineID=22865676-56fc-4cfd-9d6e-461d11bee149 dn=0ad894eb-396d-46a7-a4d0-256210dc34c1{ip: 192.168.151.68, host: pr-hdds-2135-v26ff-2356241440, networkLocation: /default-rack, certSerialId: null}
2019-09-16 22:26:28,984 [RatisPipelineUtilsThread] ERROR pipeline.SCMPipelineManager (Scheduler.java:lambda$schedule$1(70)) - Destroy pipeline failed for pipeline:Pipeline[ Id: 22865676-56fc-4cfd-9d6e-461d11bee149, Nodes: 5ecabd24-29f4-44ad-af86-ba12f6ac88ae{ip: 192.168.151.68, host: pr-hdds-2135-v26ff-2356241440, networkLocation: /default-rack, certSerialId: null}9d8d98b0-9991-458a-859c-25f8efc1f325{ip: 192.168.151.68, host: pr-hdds-2135-v26ff-2356241440, networkLocation: /default-rack, certSerialId: null}0ad894eb-396d-46a7-a4d0-256210dc34c1{ip: 192.168.151.68, host: pr-hdds-2135-v26ff-2356241440, networkLocation: /default-rack, certSerialId: null}, Type:RATIS, Factor:THREE, State:CLOSED]
org.apache.hadoop.hdds.scm.pipeline.PipelineNotFoundException: PipelineID=22865676-56fc-4cfd-9d6e-461d11bee149 not found
	at org.apache.hadoop.hdds.scm.pipeline.PipelineStateMap.getPipeline(PipelineStateMap.java:132)
	at org.apache.hadoop.hdds.scm.pipeline.PipelineStateMap.removePipeline(PipelineStateMap.java:322)
	at org.apache.hadoop.hdds.scm.pipeline.PipelineStateManager.removePipeline(PipelineStateManager.java:107)
	at org.apache.hadoop.hdds.scm.pipeline.SCMPipelineManager.removePipeline(SCMPipelineManager.java:423)
	at org.apache.hadoop.hdds.scm.pipeline.SCMPipelineManager.destroyPipeline(SCMPipelineManager.java:409)
	at org.apache.hadoop.hdds.scm.pipeline.SCMPipelineManager.lambda$finalizeAndDestroyPipeline$0(SCMPipelineManager.java:318)
	at org.apache.hadoop.utils.Scheduler.lambda$schedule$1(Scheduler.java:68)
	at java.util.concurrent.Executors$RunnableAdapter.call(Executors.java:511)
	at java.util.concurrent.FutureTask.run(FutureTask.java:266)
	at java.util.concurrent.ScheduledThreadPoolExecutor$ScheduledFutureTask.access$201(ScheduledThreadPoolExecutor.java:180)
	at java.util.concurrent.ScheduledThreadPoolExecutor$ScheduledFutureTask.run(ScheduledThreadPoolExecutor.java:293)
	at java.util.concurrent.ThreadPoolExecutor.runWorker(ThreadPoolExecutor.java:1149)
	at java.util.concurrent.ThreadPoolExecutor$Worker.run(ThreadPoolExecutor.java:624)
	at java.lang.Thread.run(Thread.java:748)
2019-09-16 22:26:29,758 [grpc-default-executor-2] INFO  client.GrpcClientProtocolClient (GrpcClientProtocolClient.java:onNext(264)) - client-99A751C7AE4E->5ecabd24-29f4-44ad-af86-ba12f6ac88ae: receive RaftClientReply:client-99A751C7AE4E->5ecabd24-29f4-44ad-af86-ba12f6ac88ae@group-7F526C56D1E5, cid=146, FAILED org.apache.ratis.protocol.NotLeaderException: Server 5ecabd24-29f4-44ad-af86-ba12f6ac88ae@group-7F526C56D1E5 is not the leader 9d8d98b0-9991-458a-859c-25f8efc1f325:192.168.151.68:46204, logIndex=0, commits[5ecabd24-29f4-44ad-af86-ba12f6ac88ae:c4, 9d8d98b0-9991-458a-859c-25f8efc1f325:c4, 0ad894eb-396d-46a7-a4d0-256210dc34c1:c3]
2019-09-16 22:26:29,837 [java.util.concurrent.ThreadPoolExecutor$Worker@46f58b95[State = -1, empty queue]] WARN  server.GrpcLogAppender (GrpcLogAppender.java:timeoutAppendRequest(200)) - 9d8d98b0-9991-458a-859c-25f8efc1f325@group-7F526C56D1E5->5ecabd24-29f4-44ad-af86-ba12f6ac88ae-GrpcLogAppender: appendEntries Timeout, request=9d8d98b0-9991-458a-859c-25f8efc1f325->5ecabd24-29f4-44ad-af86-ba12f6ac88ae#38-t1, previous=(t:1, i:10), leaderCommit=4, initializing? false, entries: <empty>
2019-09-16 22:26:29,837 [java.util.concurrent.ThreadPoolExecutor$Worker@7224147d[State = -1, empty queue]] WARN  server.GrpcLogAppender (GrpcLogAppender.java:timeoutAppendRequest(200)) - 9d8d98b0-9991-458a-859c-25f8efc1f325@group-7F526C56D1E5->0ad894eb-396d-46a7-a4d0-256210dc34c1-GrpcLogAppender: appendEntries Timeout, request=9d8d98b0-9991-458a-859c-25f8efc1f325->0ad894eb-396d-46a7-a4d0-256210dc34c1#38-t1, previous=(t:1, i:10), leaderCommit=4, initializing? false, entries: <empty>
2019-09-16 22:26:31,975 [grpc-default-executor-10] INFO  impl.RaftServerProxy (RaftServerProxy.java:remove(95)) - 5ecabd24-29f4-44ad-af86-ba12f6ac88ae: remove group-461D11BEE149:null
2019-09-16 22:26:31,982 [RatisPipelineUtilsThread] WARN  pipeline.RatisPipelineUtils (RatisPipelineUtils.java:destroyPipeline(66)) - Pipeline destroy failed for pipeline=PipelineID=22865676-56fc-4cfd-9d6e-461d11bee149 dn=5ecabd24-29f4-44ad-af86-ba12f6ac88ae{ip: 192.168.151.68, host: pr-hdds-2135-v26ff-2356241440, networkLocation: /default-rack, certSerialId: null}
2019-09-16 22:26:31,985 [grpc-default-executor-10] INFO  impl.RaftServerProxy (RaftServerProxy.java:remove(95)) - 9d8d98b0-9991-458a-859c-25f8efc1f325: remove group-461D11BEE149:null
2019-09-16 22:26:31,988 [RatisPipelineUtilsThread] WARN  pipeline.RatisPipelineUtils (RatisPipelineUtils.java:destroyPipeline(66)) - Pipeline destroy failed for pipeline=PipelineID=22865676-56fc-4cfd-9d6e-461d11bee149 dn=9d8d98b0-9991-458a-859c-25f8efc1f325{ip: 192.168.151.68, host: pr-hdds-2135-v26ff-2356241440, networkLocation: /default-rack, certSerialId: null}
2019-09-16 22:26:31,990 [grpc-default-executor-10] INFO  impl.RaftServerProxy (RaftServerProxy.java:remove(95)) - 0ad894eb-396d-46a7-a4d0-256210dc34c1: remove group-461D11BEE149:null
2019-09-16 22:26:31,993 [RatisPipelineUtilsThread] WARN  pipeline.RatisPipelineUtils (RatisPipelineUtils.java:destroyPipeline(66)) - Pipeline destroy failed for pipeline=PipelineID=22865676-56fc-4cfd-9d6e-461d11bee149 dn=0ad894eb-396d-46a7-a4d0-256210dc34c1{ip: 192.168.151.68, host: pr-hdds-2135-v26ff-2356241440, networkLocation: /default-rack, certSerialId: null}
2019-09-16 22:26:31,993 [RatisPipelineUtilsThread] ERROR pipeline.SCMPipelineManager (Scheduler.java:lambda$schedule$1(70)) - Destroy pipeline failed for pipeline:Pipeline[ Id: 22865676-56fc-4cfd-9d6e-461d11bee149, Nodes: 5ecabd24-29f4-44ad-af86-ba12f6ac88ae{ip: 192.168.151.68, host: pr-hdds-2135-v26ff-2356241440, networkLocation: /default-rack, certSerialId: null}9d8d98b0-9991-458a-859c-25f8efc1f325{ip: 192.168.151.68, host: pr-hdds-2135-v26ff-2356241440, networkLocation: /default-rack, certSerialId: null}0ad894eb-396d-46a7-a4d0-256210dc34c1{ip: 192.168.151.68, host: pr-hdds-2135-v26ff-2356241440, networkLocation: /default-rack, certSerialId: null}, Type:RATIS, Factor:THREE, State:CLOSED]
org.apache.hadoop.hdds.scm.pipeline.PipelineNotFoundException: PipelineID=22865676-56fc-4cfd-9d6e-461d11bee149 not found
	at org.apache.hadoop.hdds.scm.pipeline.PipelineStateMap.getPipeline(PipelineStateMap.java:132)
	at org.apache.hadoop.hdds.scm.pipeline.PipelineStateMap.removePipeline(PipelineStateMap.java:322)
	at org.apache.hadoop.hdds.scm.pipeline.PipelineStateManager.removePipeline(PipelineStateManager.java:107)
	at org.apache.hadoop.hdds.scm.pipeline.SCMPipelineManager.removePipeline(SCMPipelineManager.java:423)
	at org.apache.hadoop.hdds.scm.pipeline.SCMPipelineManager.destroyPipeline(SCMPipelineManager.java:409)
	at org.apache.hadoop.hdds.scm.pipeline.SCMPipelineManager.lambda$finalizeAndDestroyPipeline$0(SCMPipelineManager.java:318)
	at org.apache.hadoop.utils.Scheduler.lambda$schedule$1(Scheduler.java:68)
	at java.util.concurrent.Executors$RunnableAdapter.call(Executors.java:511)
	at java.util.concurrent.FutureTask.run(FutureTask.java:266)
	at java.util.concurrent.ScheduledThreadPoolExecutor$ScheduledFutureTask.access$201(ScheduledThreadPoolExecutor.java:180)
	at java.util.concurrent.ScheduledThreadPoolExecutor$ScheduledFutureTask.run(ScheduledThreadPoolExecutor.java:293)
	at java.util.concurrent.ThreadPoolExecutor.runWorker(ThreadPoolExecutor.java:1149)
	at java.util.concurrent.ThreadPoolExecutor$Worker.run(ThreadPoolExecutor.java:624)
	at java.lang.Thread.run(Thread.java:748)
2019-09-16 22:26:32,338 [java.util.concurrent.ThreadPoolExecutor$Worker@46f58b95[State = -1, empty queue]] WARN  server.GrpcLogAppender (GrpcLogAppender.java:timeoutAppendRequest(200)) - 9d8d98b0-9991-458a-859c-25f8efc1f325@group-7F526C56D1E5->5ecabd24-29f4-44ad-af86-ba12f6ac88ae-GrpcLogAppender: appendEntries Timeout, request=9d8d98b0-9991-458a-859c-25f8efc1f325->5ecabd24-29f4-44ad-af86-ba12f6ac88ae#39-t1, previous=(t:1, i:10), leaderCommit=4, initializing? false, entries: <empty>
2019-09-16 22:26:32,338 [java.util.concurrent.ThreadPoolExecutor$Worker@7224147d[State = -1, empty queue]] WARN  server.GrpcLogAppender (GrpcLogAppender.java:timeoutAppendRequest(200)) - 9d8d98b0-9991-458a-859c-25f8efc1f325@group-7F526C56D1E5->0ad894eb-396d-46a7-a4d0-256210dc34c1-GrpcLogAppender: appendEntries Timeout, request=9d8d98b0-9991-458a-859c-25f8efc1f325->0ad894eb-396d-46a7-a4d0-256210dc34c1#39-t1, previous=(t:1, i:10), leaderCommit=4, initializing? false, entries: <empty>
2019-09-16 22:26:33,971 [grpc-default-executor-2] INFO  impl.RaftServerProxy (RaftServerProxy.java:remove(95)) - 5ecabd24-29f4-44ad-af86-ba12f6ac88ae: remove group-461D11BEE149:null
2019-09-16 22:26:33,975 [RatisPipelineUtilsThread] WARN  pipeline.RatisPipelineUtils (RatisPipelineUtils.java:destroyPipeline(66)) - Pipeline destroy failed for pipeline=PipelineID=22865676-56fc-4cfd-9d6e-461d11bee149 dn=5ecabd24-29f4-44ad-af86-ba12f6ac88ae{ip: 192.168.151.68, host: pr-hdds-2135-v26ff-2356241440, networkLocation: /default-rack, certSerialId: null}
2019-09-16 22:26:33,978 [grpc-default-executor-2] INFO  impl.RaftServerProxy (RaftServerProxy.java:remove(95)) - 9d8d98b0-9991-458a-859c-25f8efc1f325: remove group-461D11BEE149:null
2019-09-16 22:26:33,980 [RatisPipelineUtilsThread] WARN  pipeline.RatisPipelineUtils (RatisPipelineUtils.java:destroyPipeline(66)) - Pipeline destroy failed for pipeline=PipelineID=22865676-56fc-4cfd-9d6e-461d11bee149 dn=9d8d98b0-9991-458a-859c-25f8efc1f325{ip: 192.168.151.68, host: pr-hdds-2135-v26ff-2356241440, networkLocation: /default-rack, certSerialId: null}
2019-09-16 22:26:33,983 [grpc-default-executor-2] INFO  impl.RaftServerProxy (RaftServerProxy.java:remove(95)) - 0ad894eb-396d-46a7-a4d0-256210dc34c1: remove group-461D11BEE149:null
2019-09-16 22:26:33,985 [RatisPipelineUtilsThread] WARN  pipeline.RatisPipelineUtils (RatisPipelineUtils.java:destroyPipeline(66)) - Pipeline destroy failed for pipeline=PipelineID=22865676-56fc-4cfd-9d6e-461d11bee149 dn=0ad894eb-396d-46a7-a4d0-256210dc34c1{ip: 192.168.151.68, host: pr-hdds-2135-v26ff-2356241440, networkLocation: /default-rack, certSerialId: null}
2019-09-16 22:26:33,986 [RatisPipelineUtilsThread] ERROR pipeline.SCMPipelineManager (Scheduler.java:lambda$schedule$1(70)) - Destroy pipeline failed for pipeline:Pipeline[ Id: 22865676-56fc-4cfd-9d6e-461d11bee149, Nodes: 5ecabd24-29f4-44ad-af86-ba12f6ac88ae{ip: 192.168.151.68, host: pr-hdds-2135-v26ff-2356241440, networkLocation: /default-rack, certSerialId: null}9d8d98b0-9991-458a-859c-25f8efc1f325{ip: 192.168.151.68, host: pr-hdds-2135-v26ff-2356241440, networkLocation: /default-rack, certSerialId: null}0ad894eb-396d-46a7-a4d0-256210dc34c1{ip: 192.168.151.68, host: pr-hdds-2135-v26ff-2356241440, networkLocation: /default-rack, certSerialId: null}, Type:RATIS, Factor:THREE, State:CLOSED]
org.apache.hadoop.hdds.scm.pipeline.PipelineNotFoundException: PipelineID=22865676-56fc-4cfd-9d6e-461d11bee149 not found
	at org.apache.hadoop.hdds.scm.pipeline.PipelineStateMap.getPipeline(PipelineStateMap.java:132)
	at org.apache.hadoop.hdds.scm.pipeline.PipelineStateMap.removePipeline(PipelineStateMap.java:322)
	at org.apache.hadoop.hdds.scm.pipeline.PipelineStateManager.removePipeline(PipelineStateManager.java:107)
	at org.apache.hadoop.hdds.scm.pipeline.SCMPipelineManager.removePipeline(SCMPipelineManager.java:423)
	at org.apache.hadoop.hdds.scm.pipeline.SCMPipelineManager.destroyPipeline(SCMPipelineManager.java:409)
	at org.apache.hadoop.hdds.scm.pipeline.SCMPipelineManager.lambda$finalizeAndDestroyPipeline$0(SCMPipelineManager.java:318)
	at org.apache.hadoop.utils.Scheduler.lambda$schedule$1(Scheduler.java:68)
	at java.util.concurrent.Executors$RunnableAdapter.call(Executors.java:511)
	at java.util.concurrent.FutureTask.run(FutureTask.java:266)
	at java.util.concurrent.ScheduledThreadPoolExecutor$ScheduledFutureTask.access$201(ScheduledThreadPoolExecutor.java:180)
	at java.util.concurrent.ScheduledThreadPoolExecutor$ScheduledFutureTask.run(ScheduledThreadPoolExecutor.java:293)
	at java.util.concurrent.ThreadPoolExecutor.runWorker(ThreadPoolExecutor.java:1149)
	at java.util.concurrent.ThreadPoolExecutor$Worker.run(ThreadPoolExecutor.java:624)
	at java.lang.Thread.run(Thread.java:748)
2019-09-16 22:26:34,327 [9d8d98b0-9991-458a-859c-25f8efc1f325@group-7F526C56D1E5-SegmentedRaftLogWorker] WARN  segmented.SegmentedRaftLogWorker (SegmentedRaftLogWorker.java:getFromFuture(90)) - Timeout 4/~
org.apache.ratis.protocol.TimeoutIOException: Timeout 10s: WriteLog:5: (t:1, i:5), STATEMACHINELOGENTRY, client-99A751C7AE4E, cid=146-writeStateMachineData
	at org.apache.ratis.util.IOUtils.getFromFuture(IOUtils.java:87)
	at org.apache.ratis.server.raftlog.segmented.SegmentedRaftLogWorker$StateMachineDataPolicy.getFromFuture(SegmentedRaftLogWorker.java:87)
	at org.apache.ratis.server.raftlog.segmented.SegmentedRaftLogWorker$WriteLog.execute(SegmentedRaftLogWorker.java:477)
	at org.apache.ratis.server.raftlog.segmented.SegmentedRaftLogWorker.run(SegmentedRaftLogWorker.java:289)
	at java.lang.Thread.run(Thread.java:748)
Caused by: java.util.concurrent.TimeoutException
	at java.util.concurrent.CompletableFuture.timedGet(CompletableFuture.java:1771)
	at java.util.concurrent.CompletableFuture.get(CompletableFuture.java:1915)
	at org.apache.ratis.util.IOUtils.getFromFuture(IOUtils.java:79)
	... 4 more
2019-09-16 22:26:34,328 [0ad894eb-396d-46a7-a4d0-256210dc34c1@group-7F526C56D1E5-SegmentedRaftLogWorker] WARN  segmented.SegmentedRaftLogWorker (SegmentedRaftLogWorker.java:getFromFuture(90)) - Timeout 4/~
org.apache.ratis.protocol.TimeoutIOException: Timeout 10s: WriteLog:5: (t:1, i:5), STATEMACHINELOGENTRY, client-99A751C7AE4E, cid=146-writeStateMachineData
	at org.apache.ratis.util.IOUtils.getFromFuture(IOUtils.java:87)
	at org.apache.ratis.server.raftlog.segmented.SegmentedRaftLogWorker$StateMachineDataPolicy.getFromFuture(SegmentedRaftLogWorker.java:87)
	at org.apache.ratis.server.raftlog.segmented.SegmentedRaftLogWorker$WriteLog.execute(SegmentedRaftLogWorker.java:477)
	at org.apache.ratis.server.raftlog.segmented.SegmentedRaftLogWorker.run(SegmentedRaftLogWorker.java:289)
	at java.lang.Thread.run(Thread.java:748)
Caused by: java.util.concurrent.TimeoutException
	at java.util.concurrent.CompletableFuture.timedGet(CompletableFuture.java:1771)
	at java.util.concurrent.CompletableFuture.get(CompletableFuture.java:1915)
	at org.apache.ratis.util.IOUtils.getFromFuture(IOUtils.java:79)
	... 4 more
2019-09-16 22:26:34,328 [5ecabd24-29f4-44ad-af86-ba12f6ac88ae@group-7F526C56D1E5-SegmentedRaftLogWorker] WARN  segmented.SegmentedRaftLogWorker (SegmentedRaftLogWorker.java:getFromFuture(90)) - Timeout 4/~
org.apache.ratis.protocol.TimeoutIOException: Timeout 10s: WriteLog:5: (t:1, i:5), STATEMACHINELOGENTRY, client-99A751C7AE4E, cid=146-writeStateMachineData
	at org.apache.ratis.util.IOUtils.getFromFuture(IOUtils.java:87)
	at org.apache.ratis.server.raftlog.segmented.SegmentedRaftLogWorker$StateMachineDataPolicy.getFromFuture(SegmentedRaftLogWorker.java:87)
	at org.apache.ratis.server.raftlog.segmented.SegmentedRaftLogWorker$WriteLog.execute(SegmentedRaftLogWorker.java:477)
	at org.apache.ratis.server.raftlog.segmented.SegmentedRaftLogWorker.run(SegmentedRaftLogWorker.java:289)
	at java.lang.Thread.run(Thread.java:748)
Caused by: java.util.concurrent.TimeoutException
	at java.util.concurrent.CompletableFuture.timedGet(CompletableFuture.java:1771)
	at java.util.concurrent.CompletableFuture.get(CompletableFuture.java:1915)
	at org.apache.ratis.util.IOUtils.getFromFuture(IOUtils.java:79)
	... 4 more
2019-09-16 22:26:34,810 [grpc-default-executor-10] INFO  client.GrpcClientProtocolClient (GrpcClientProtocolClient.java:onNext(264)) - client-99A751C7AE4E->5ecabd24-29f4-44ad-af86-ba12f6ac88ae: receive RaftClientReply:client-99A751C7AE4E->5ecabd24-29f4-44ad-af86-ba12f6ac88ae@group-7F526C56D1E5, cid=146, FAILED org.apache.ratis.protocol.NotLeaderException: Server 5ecabd24-29f4-44ad-af86-ba12f6ac88ae@group-7F526C56D1E5 is not the leader 9d8d98b0-9991-458a-859c-25f8efc1f325:192.168.151.68:46204, logIndex=0, commits[5ecabd24-29f4-44ad-af86-ba12f6ac88ae:c4, 9d8d98b0-9991-458a-859c-25f8efc1f325:c4, 0ad894eb-396d-46a7-a4d0-256210dc34c1:c3]
2019-09-16 22:26:34,839 [java.util.concurrent.ThreadPoolExecutor$Worker@7224147d[State = -1, empty queue]] WARN  server.GrpcLogAppender (GrpcLogAppender.java:timeoutAppendRequest(200)) - 9d8d98b0-9991-458a-859c-25f8efc1f325@group-7F526C56D1E5->0ad894eb-396d-46a7-a4d0-256210dc34c1-GrpcLogAppender: appendEntries Timeout, request=9d8d98b0-9991-458a-859c-25f8efc1f325->0ad894eb-396d-46a7-a4d0-256210dc34c1#40-t1, previous=(t:1, i:10), leaderCommit=4, initializing? false, entries: <empty>
2019-09-16 22:26:34,839 [java.util.concurrent.ThreadPoolExecutor$Worker@46f58b95[State = -1, empty queue]] WARN  server.GrpcLogAppender (GrpcLogAppender.java:timeoutAppendRequest(200)) - 9d8d98b0-9991-458a-859c-25f8efc1f325@group-7F526C56D1E5->5ecabd24-29f4-44ad-af86-ba12f6ac88ae-GrpcLogAppender: appendEntries Timeout, request=9d8d98b0-9991-458a-859c-25f8efc1f325->5ecabd24-29f4-44ad-af86-ba12f6ac88ae#40-t1, previous=(t:1, i:10), leaderCommit=4, initializing? false, entries: <empty>
2019-09-16 22:26:36,972 [grpc-default-executor-10] INFO  impl.RaftServerProxy (RaftServerProxy.java:remove(95)) - 5ecabd24-29f4-44ad-af86-ba12f6ac88ae: remove group-461D11BEE149:null
2019-09-16 22:26:36,978 [RatisPipelineUtilsThread] WARN  pipeline.RatisPipelineUtils (RatisPipelineUtils.java:destroyPipeline(66)) - Pipeline destroy failed for pipeline=PipelineID=22865676-56fc-4cfd-9d6e-461d11bee149 dn=5ecabd24-29f4-44ad-af86-ba12f6ac88ae{ip: 192.168.151.68, host: pr-hdds-2135-v26ff-2356241440, networkLocation: /default-rack, certSerialId: null}
2019-09-16 22:26:36,982 [grpc-default-executor-10] INFO  impl.RaftServerProxy (RaftServerProxy.java:remove(95)) - 9d8d98b0-9991-458a-859c-25f8efc1f325: remove group-461D11BEE149:null
2019-09-16 22:26:36,990 [RatisPipelineUtilsThread] WARN  pipeline.RatisPipelineUtils (RatisPipelineUtils.java:destroyPipeline(66)) - Pipeline destroy failed for pipeline=PipelineID=22865676-56fc-4cfd-9d6e-461d11bee149 dn=9d8d98b0-9991-458a-859c-25f8efc1f325{ip: 192.168.151.68, host: pr-hdds-2135-v26ff-2356241440, networkLocation: /default-rack, certSerialId: null}
2019-09-16 22:26:36,993 [grpc-default-executor-10] INFO  impl.RaftServerProxy (RaftServerProxy.java:remove(95)) - 0ad894eb-396d-46a7-a4d0-256210dc34c1: remove group-461D11BEE149:null
2019-09-16 22:26:37,004 [RatisPipelineUtilsThread] WARN  pipeline.RatisPipelineUtils (RatisPipelineUtils.java:destroyPipeline(66)) - Pipeline destroy failed for pipeline=PipelineID=22865676-56fc-4cfd-9d6e-461d11bee149 dn=0ad894eb-396d-46a7-a4d0-256210dc34c1{ip: 192.168.151.68, host: pr-hdds-2135-v26ff-2356241440, networkLocation: /default-rack, certSerialId: null}
2019-09-16 22:26:37,004 [RatisPipelineUtilsThread] ERROR pipeline.SCMPipelineManager (Scheduler.java:lambda$schedule$1(70)) - Destroy pipeline failed for pipeline:Pipeline[ Id: 22865676-56fc-4cfd-9d6e-461d11bee149, Nodes: 5ecabd24-29f4-44ad-af86-ba12f6ac88ae{ip: 192.168.151.68, host: pr-hdds-2135-v26ff-2356241440, networkLocation: /default-rack, certSerialId: null}9d8d98b0-9991-458a-859c-25f8efc1f325{ip: 192.168.151.68, host: pr-hdds-2135-v26ff-2356241440, networkLocation: /default-rack, certSerialId: null}0ad894eb-396d-46a7-a4d0-256210dc34c1{ip: 192.168.151.68, host: pr-hdds-2135-v26ff-2356241440, networkLocation: /default-rack, certSerialId: null}, Type:RATIS, Factor:THREE, State:CLOSED]
org.apache.hadoop.hdds.scm.pipeline.PipelineNotFoundException: PipelineID=22865676-56fc-4cfd-9d6e-461d11bee149 not found
	at org.apache.hadoop.hdds.scm.pipeline.PipelineStateMap.getPipeline(PipelineStateMap.java:132)
	at org.apache.hadoop.hdds.scm.pipeline.PipelineStateMap.removePipeline(PipelineStateMap.java:322)
	at org.apache.hadoop.hdds.scm.pipeline.PipelineStateManager.removePipeline(PipelineStateManager.java:107)
	at org.apache.hadoop.hdds.scm.pipeline.SCMPipelineManager.removePipeline(SCMPipelineManager.java:423)
	at org.apache.hadoop.hdds.scm.pipeline.SCMPipelineManager.destroyPipeline(SCMPipelineManager.java:409)
	at org.apache.hadoop.hdds.scm.pipeline.SCMPipelineManager.lambda$finalizeAndDestroyPipeline$0(SCMPipelineManager.java:318)
	at org.apache.hadoop.utils.Scheduler.lambda$schedule$1(Scheduler.java:68)
	at java.util.concurrent.Executors$RunnableAdapter.call(Executors.java:511)
	at java.util.concurrent.FutureTask.run(FutureTask.java:266)
	at java.util.concurrent.ScheduledThreadPoolExecutor$ScheduledFutureTask.access$201(ScheduledThreadPoolExecutor.java:180)
	at java.util.concurrent.ScheduledThreadPoolExecutor$ScheduledFutureTask.run(ScheduledThreadPoolExecutor.java:293)
	at java.util.concurrent.ThreadPoolExecutor.runWorker(ThreadPoolExecutor.java:1149)
	at java.util.concurrent.ThreadPoolExecutor$Worker.run(ThreadPoolExecutor.java:624)
	at java.lang.Thread.run(Thread.java:748)
2019-09-16 22:26:37,339 [java.util.concurrent.ThreadPoolExecutor$Worker@7224147d[State = -1, empty queue]] WARN  server.GrpcLogAppender (GrpcLogAppender.java:timeoutAppendRequest(200)) - 9d8d98b0-9991-458a-859c-25f8efc1f325@group-7F526C56D1E5->0ad894eb-396d-46a7-a4d0-256210dc34c1-GrpcLogAppender: appendEntries Timeout, request=9d8d98b0-9991-458a-859c-25f8efc1f325->0ad894eb-396d-46a7-a4d0-256210dc34c1#41-t1, previous=(t:1, i:10), leaderCommit=4, initializing? false, entries: <empty>
2019-09-16 22:26:37,339 [java.util.concurrent.ThreadPoolExecutor$Worker@46f58b95[State = -1, empty queue]] WARN  server.GrpcLogAppender (GrpcLogAppender.java:timeoutAppendRequest(200)) - 9d8d98b0-9991-458a-859c-25f8efc1f325@group-7F526C56D1E5->5ecabd24-29f4-44ad-af86-ba12f6ac88ae-GrpcLogAppender: appendEntries Timeout, request=9d8d98b0-9991-458a-859c-25f8efc1f325->5ecabd24-29f4-44ad-af86-ba12f6ac88ae#41-t1, previous=(t:1, i:10), leaderCommit=4, initializing? false, entries: <empty>
2019-09-16 22:26:38,968 [grpc-default-executor-2] INFO  impl.RaftServerProxy (RaftServerProxy.java:remove(95)) - 5ecabd24-29f4-44ad-af86-ba12f6ac88ae: remove group-461D11BEE149:null
2019-09-16 22:26:38,971 [RatisPipelineUtilsThread] WARN  pipeline.RatisPipelineUtils (RatisPipelineUtils.java:destroyPipeline(66)) - Pipeline destroy failed for pipeline=PipelineID=22865676-56fc-4cfd-9d6e-461d11bee149 dn=5ecabd24-29f4-44ad-af86-ba12f6ac88ae{ip: 192.168.151.68, host: pr-hdds-2135-v26ff-2356241440, networkLocation: /default-rack, certSerialId: null}
2019-09-16 22:26:38,973 [grpc-default-executor-2] INFO  impl.RaftServerProxy (RaftServerProxy.java:remove(95)) - 9d8d98b0-9991-458a-859c-25f8efc1f325: remove group-461D11BEE149:null
2019-09-16 22:26:38,975 [RatisPipelineUtilsThread] WARN  pipeline.RatisPipelineUtils (RatisPipelineUtils.java:destroyPipeline(66)) - Pipeline destroy failed for pipeline=PipelineID=22865676-56fc-4cfd-9d6e-461d11bee149 dn=9d8d98b0-9991-458a-859c-25f8efc1f325{ip: 192.168.151.68, host: pr-hdds-2135-v26ff-2356241440, networkLocation: /default-rack, certSerialId: null}
2019-09-16 22:26:38,977 [grpc-default-executor-2] INFO  impl.RaftServerProxy (RaftServerProxy.java:remove(95)) - 0ad894eb-396d-46a7-a4d0-256210dc34c1: remove group-461D11BEE149:null
2019-09-16 22:26:38,979 [RatisPipelineUtilsThread] WARN  pipeline.RatisPipelineUtils (RatisPipelineUtils.java:destroyPipeline(66)) - Pipeline destroy failed for pipeline=PipelineID=22865676-56fc-4cfd-9d6e-461d11bee149 dn=0ad894eb-396d-46a7-a4d0-256210dc34c1{ip: 192.168.151.68, host: pr-hdds-2135-v26ff-2356241440, networkLocation: /default-rack, certSerialId: null}
2019-09-16 22:26:38,979 [RatisPipelineUtilsThread] ERROR pipeline.SCMPipelineManager (Scheduler.java:lambda$schedule$1(70)) - Destroy pipeline failed for pipeline:Pipeline[ Id: 22865676-56fc-4cfd-9d6e-461d11bee149, Nodes: 5ecabd24-29f4-44ad-af86-ba12f6ac88ae{ip: 192.168.151.68, host: pr-hdds-2135-v26ff-2356241440, networkLocation: /default-rack, certSerialId: null}9d8d98b0-9991-458a-859c-25f8efc1f325{ip: 192.168.151.68, host: pr-hdds-2135-v26ff-2356241440, networkLocation: /default-rack, certSerialId: null}0ad894eb-396d-46a7-a4d0-256210dc34c1{ip: 192.168.151.68, host: pr-hdds-2135-v26ff-2356241440, networkLocation: /default-rack, certSerialId: null}, Type:RATIS, Factor:THREE, State:CLOSED]
org.apache.hadoop.hdds.scm.pipeline.PipelineNotFoundException: PipelineID=22865676-56fc-4cfd-9d6e-461d11bee149 not found
	at org.apache.hadoop.hdds.scm.pipeline.PipelineStateMap.getPipeline(PipelineStateMap.java:132)
	at org.apache.hadoop.hdds.scm.pipeline.PipelineStateMap.removePipeline(PipelineStateMap.java:322)
	at org.apache.hadoop.hdds.scm.pipeline.PipelineStateManager.removePipeline(PipelineStateManager.java:107)
	at org.apache.hadoop.hdds.scm.pipeline.SCMPipelineManager.removePipeline(SCMPipelineManager.java:423)
	at org.apache.hadoop.hdds.scm.pipeline.SCMPipelineManager.destroyPipeline(SCMPipelineManager.java:409)
	at org.apache.hadoop.hdds.scm.pipeline.SCMPipelineManager.lambda$finalizeAndDestroyPipeline$0(SCMPipelineManager.java:318)
	at org.apache.hadoop.utils.Scheduler.lambda$schedule$1(Scheduler.java:68)
	at java.util.concurrent.Executors$RunnableAdapter.call(Executors.java:511)
	at java.util.concurrent.FutureTask.run(FutureTask.java:266)
	at java.util.concurrent.ScheduledThreadPoolExecutor$ScheduledFutureTask.access$201(ScheduledThreadPoolExecutor.java:180)
	at java.util.concurrent.ScheduledThreadPoolExecutor$ScheduledFutureTask.run(ScheduledThreadPoolExecutor.java:293)
	at java.util.concurrent.ThreadPoolExecutor.runWorker(ThreadPoolExecutor.java:1149)
	at java.util.concurrent.ThreadPoolExecutor$Worker.run(ThreadPoolExecutor.java:624)
	at java.lang.Thread.run(Thread.java:748)
2019-09-16 22:26:39,840 [java.util.concurrent.ThreadPoolExecutor$Worker@7224147d[State = -1, empty queue]] WARN  server.GrpcLogAppender (GrpcLogAppender.java:timeoutAppendRequest(200)) - 9d8d98b0-9991-458a-859c-25f8efc1f325@group-7F526C56D1E5->0ad894eb-396d-46a7-a4d0-256210dc34c1-GrpcLogAppender: appendEntries Timeout, request=9d8d98b0-9991-458a-859c-25f8efc1f325->0ad894eb-396d-46a7-a4d0-256210dc34c1#42-t1, previous=(t:1, i:10), leaderCommit=4, initializing? false, entries: <empty>
2019-09-16 22:26:39,840 [java.util.concurrent.ThreadPoolExecutor$Worker@46f58b95[State = -1, empty queue]] WARN  server.GrpcLogAppender (GrpcLogAppender.java:timeoutAppendRequest(200)) - 9d8d98b0-9991-458a-859c-25f8efc1f325@group-7F526C56D1E5->5ecabd24-29f4-44ad-af86-ba12f6ac88ae-GrpcLogAppender: appendEntries Timeout, request=9d8d98b0-9991-458a-859c-25f8efc1f325->5ecabd24-29f4-44ad-af86-ba12f6ac88ae#42-t1, previous=(t:1, i:10), leaderCommit=4, initializing? false, entries: <empty>
2019-09-16 22:26:39,857 [grpc-default-executor-2] INFO  client.GrpcClientProtocolClient (GrpcClientProtocolClient.java:onNext(264)) - client-99A751C7AE4E->5ecabd24-29f4-44ad-af86-ba12f6ac88ae: receive RaftClientReply:client-99A751C7AE4E->5ecabd24-29f4-44ad-af86-ba12f6ac88ae@group-7F526C56D1E5, cid=146, FAILED org.apache.ratis.protocol.NotLeaderException: Server 5ecabd24-29f4-44ad-af86-ba12f6ac88ae@group-7F526C56D1E5 is not the leader 9d8d98b0-9991-458a-859c-25f8efc1f325:192.168.151.68:46204, logIndex=0, commits[5ecabd24-29f4-44ad-af86-ba12f6ac88ae:c4, 9d8d98b0-9991-458a-859c-25f8efc1f325:c4, 0ad894eb-396d-46a7-a4d0-256210dc34c1:c3]
2019-09-16 22:26:41,971 [grpc-default-executor-10] INFO  impl.RaftServerProxy (RaftServerProxy.java:remove(95)) - 5ecabd24-29f4-44ad-af86-ba12f6ac88ae: remove group-461D11BEE149:null
2019-09-16 22:26:41,975 [RatisPipelineUtilsThread] WARN  pipeline.RatisPipelineUtils (RatisPipelineUtils.java:destroyPipeline(66)) - Pipeline destroy failed for pipeline=PipelineID=22865676-56fc-4cfd-9d6e-461d11bee149 dn=5ecabd24-29f4-44ad-af86-ba12f6ac88ae{ip: 192.168.151.68, host: pr-hdds-2135-v26ff-2356241440, networkLocation: /default-rack, certSerialId: null}
2019-09-16 22:26:41,978 [grpc-default-executor-10] INFO  impl.RaftServerProxy (RaftServerProxy.java:remove(95)) - 9d8d98b0-9991-458a-859c-25f8efc1f325: remove group-461D11BEE149:null
2019-09-16 22:26:41,980 [RatisPipelineUtilsThread] WARN  pipeline.RatisPipelineUtils (RatisPipelineUtils.java:destroyPipeline(66)) - Pipeline destroy failed for pipeline=PipelineID=22865676-56fc-4cfd-9d6e-461d11bee149 dn=9d8d98b0-9991-458a-859c-25f8efc1f325{ip: 192.168.151.68, host: pr-hdds-2135-v26ff-2356241440, networkLocation: /default-rack, certSerialId: null}
2019-09-16 22:26:41,983 [grpc-default-executor-10] INFO  impl.RaftServerProxy (RaftServerProxy.java:remove(95)) - 0ad894eb-396d-46a7-a4d0-256210dc34c1: remove group-461D11BEE149:null
2019-09-16 22:26:41,985 [RatisPipelineUtilsThread] WARN  pipeline.RatisPipelineUtils (RatisPipelineUtils.java:destroyPipeline(66)) - Pipeline destroy failed for pipeline=PipelineID=22865676-56fc-4cfd-9d6e-461d11bee149 dn=0ad894eb-396d-46a7-a4d0-256210dc34c1{ip: 192.168.151.68, host: pr-hdds-2135-v26ff-2356241440, networkLocation: /default-rack, certSerialId: null}
2019-09-16 22:26:41,985 [RatisPipelineUtilsThread] ERROR pipeline.SCMPipelineManager (Scheduler.java:lambda$schedule$1(70)) - Destroy pipeline failed for pipeline:Pipeline[ Id: 22865676-56fc-4cfd-9d6e-461d11bee149, Nodes: 5ecabd24-29f4-44ad-af86-ba12f6ac88ae{ip: 192.168.151.68, host: pr-hdds-2135-v26ff-2356241440, networkLocation: /default-rack, certSerialId: null}9d8d98b0-9991-458a-859c-25f8efc1f325{ip: 192.168.151.68, host: pr-hdds-2135-v26ff-2356241440, networkLocation: /default-rack, certSerialId: null}0ad894eb-396d-46a7-a4d0-256210dc34c1{ip: 192.168.151.68, host: pr-hdds-2135-v26ff-2356241440, networkLocation: /default-rack, certSerialId: null}, Type:RATIS, Factor:THREE, State:CLOSED]
org.apache.hadoop.hdds.scm.pipeline.PipelineNotFoundException: PipelineID=22865676-56fc-4cfd-9d6e-461d11bee149 not found
	at org.apache.hadoop.hdds.scm.pipeline.PipelineStateMap.getPipeline(PipelineStateMap.java:132)
	at org.apache.hadoop.hdds.scm.pipeline.PipelineStateMap.removePipeline(PipelineStateMap.java:322)
	at org.apache.hadoop.hdds.scm.pipeline.PipelineStateManager.removePipeline(PipelineStateManager.java:107)
	at org.apache.hadoop.hdds.scm.pipeline.SCMPipelineManager.removePipeline(SCMPipelineManager.java:423)
	at org.apache.hadoop.hdds.scm.pipeline.SCMPipelineManager.destroyPipeline(SCMPipelineManager.java:409)
	at org.apache.hadoop.hdds.scm.pipeline.SCMPipelineManager.lambda$finalizeAndDestroyPipeline$0(SCMPipelineManager.java:318)
	at org.apache.hadoop.utils.Scheduler.lambda$schedule$1(Scheduler.java:68)
	at java.util.concurrent.Executors$RunnableAdapter.call(Executors.java:511)
	at java.util.concurrent.FutureTask.run(FutureTask.java:266)
	at java.util.concurrent.ScheduledThreadPoolExecutor$ScheduledFutureTask.access$201(ScheduledThreadPoolExecutor.java:180)
	at java.util.concurrent.ScheduledThreadPoolExecutor$ScheduledFutureTask.run(ScheduledThreadPoolExecutor.java:293)
	at java.util.concurrent.ThreadPoolExecutor.runWorker(ThreadPoolExecutor.java:1149)
	at java.util.concurrent.ThreadPoolExecutor$Worker.run(ThreadPoolExecutor.java:624)
	at java.lang.Thread.run(Thread.java:748)
2019-09-16 22:26:42,340 [java.util.concurrent.ThreadPoolExecutor$Worker@46f58b95[State = -1, empty queue]] WARN  server.GrpcLogAppender (GrpcLogAppender.java:timeoutAppendRequest(200)) - 9d8d98b0-9991-458a-859c-25f8efc1f325@group-7F526C56D1E5->5ecabd24-29f4-44ad-af86-ba12f6ac88ae-GrpcLogAppender: appendEntries Timeout, request=9d8d98b0-9991-458a-859c-25f8efc1f325->5ecabd24-29f4-44ad-af86-ba12f6ac88ae#43-t1, previous=(t:1, i:10), leaderCommit=4, initializing? false, entries: <empty>
2019-09-16 22:26:42,340 [java.util.concurrent.ThreadPoolExecutor$Worker@7224147d[State = -1, empty queue]] WARN  server.GrpcLogAppender (GrpcLogAppender.java:timeoutAppendRequest(200)) - 9d8d98b0-9991-458a-859c-25f8efc1f325@group-7F526C56D1E5->0ad894eb-396d-46a7-a4d0-256210dc34c1-GrpcLogAppender: appendEntries Timeout, request=9d8d98b0-9991-458a-859c-25f8efc1f325->0ad894eb-396d-46a7-a4d0-256210dc34c1#43-t1, previous=(t:1, i:10), leaderCommit=4, initializing? false, entries: <empty>
2019-09-16 22:26:43,970 [grpc-default-executor-10] INFO  impl.RaftServerProxy (RaftServerProxy.java:remove(95)) - 5ecabd24-29f4-44ad-af86-ba12f6ac88ae: remove group-461D11BEE149:null
2019-09-16 22:26:43,973 [RatisPipelineUtilsThread] WARN  pipeline.RatisPipelineUtils (RatisPipelineUtils.java:destroyPipeline(66)) - Pipeline destroy failed for pipeline=PipelineID=22865676-56fc-4cfd-9d6e-461d11bee149 dn=5ecabd24-29f4-44ad-af86-ba12f6ac88ae{ip: 192.168.151.68, host: pr-hdds-2135-v26ff-2356241440, networkLocation: /default-rack, certSerialId: null}
2019-09-16 22:26:43,976 [grpc-default-executor-10] INFO  impl.RaftServerProxy (RaftServerProxy.java:remove(95)) - 9d8d98b0-9991-458a-859c-25f8efc1f325: remove group-461D11BEE149:null
2019-09-16 22:26:43,979 [RatisPipelineUtilsThread] WARN  pipeline.RatisPipelineUtils (RatisPipelineUtils.java:destroyPipeline(66)) - Pipeline destroy failed for pipeline=PipelineID=22865676-56fc-4cfd-9d6e-461d11bee149 dn=9d8d98b0-9991-458a-859c-25f8efc1f325{ip: 192.168.151.68, host: pr-hdds-2135-v26ff-2356241440, networkLocation: /default-rack, certSerialId: null}
2019-09-16 22:26:43,982 [grpc-default-executor-10] INFO  impl.RaftServerProxy (RaftServerProxy.java:remove(95)) - 0ad894eb-396d-46a7-a4d0-256210dc34c1: remove group-461D11BEE149:null
2019-09-16 22:26:43,984 [RatisPipelineUtilsThread] WARN  pipeline.RatisPipelineUtils (RatisPipelineUtils.java:destroyPipeline(66)) - Pipeline destroy failed for pipeline=PipelineID=22865676-56fc-4cfd-9d6e-461d11bee149 dn=0ad894eb-396d-46a7-a4d0-256210dc34c1{ip: 192.168.151.68, host: pr-hdds-2135-v26ff-2356241440, networkLocation: /default-rack, certSerialId: null}
2019-09-16 22:26:43,984 [RatisPipelineUtilsThread] ERROR pipeline.SCMPipelineManager (Scheduler.java:lambda$schedule$1(70)) - Destroy pipeline failed for pipeline:Pipeline[ Id: 22865676-56fc-4cfd-9d6e-461d11bee149, Nodes: 5ecabd24-29f4-44ad-af86-ba12f6ac88ae{ip: 192.168.151.68, host: pr-hdds-2135-v26ff-2356241440, networkLocation: /default-rack, certSerialId: null}9d8d98b0-9991-458a-859c-25f8efc1f325{ip: 192.168.151.68, host: pr-hdds-2135-v26ff-2356241440, networkLocation: /default-rack, certSerialId: null}0ad894eb-396d-46a7-a4d0-256210dc34c1{ip: 192.168.151.68, host: pr-hdds-2135-v26ff-2356241440, networkLocation: /default-rack, certSerialId: null}, Type:RATIS, Factor:THREE, State:CLOSED]
org.apache.hadoop.hdds.scm.pipeline.PipelineNotFoundException: PipelineID=22865676-56fc-4cfd-9d6e-461d11bee149 not found
	at org.apache.hadoop.hdds.scm.pipeline.PipelineStateMap.getPipeline(PipelineStateMap.java:132)
	at org.apache.hadoop.hdds.scm.pipeline.PipelineStateMap.removePipeline(PipelineStateMap.java:322)
	at org.apache.hadoop.hdds.scm.pipeline.PipelineStateManager.removePipeline(PipelineStateManager.java:107)
	at org.apache.hadoop.hdds.scm.pipeline.SCMPipelineManager.removePipeline(SCMPipelineManager.java:423)
	at org.apache.hadoop.hdds.scm.pipeline.SCMPipelineManager.destroyPipeline(SCMPipelineManager.java:409)
	at org.apache.hadoop.hdds.scm.pipeline.SCMPipelineManager.lambda$finalizeAndDestroyPipeline$0(SCMPipelineManager.java:318)
	at org.apache.hadoop.utils.Scheduler.lambda$schedule$1(Scheduler.java:68)
	at java.util.concurrent.Executors$RunnableAdapter.call(Executors.java:511)
	at java.util.concurrent.FutureTask.run(FutureTask.java:266)
	at java.util.concurrent.ScheduledThreadPoolExecutor$ScheduledFutureTask.access$201(ScheduledThreadPoolExecutor.java:180)
	at java.util.concurrent.ScheduledThreadPoolExecutor$ScheduledFutureTask.run(ScheduledThreadPoolExecutor.java:293)
	at java.util.concurrent.ThreadPoolExecutor.runWorker(ThreadPoolExecutor.java:1149)
	at java.util.concurrent.ThreadPoolExecutor$Worker.run(ThreadPoolExecutor.java:624)
	at java.lang.Thread.run(Thread.java:748)
2019-09-16 22:26:44,328 [9d8d98b0-9991-458a-859c-25f8efc1f325@group-7F526C56D1E5-SegmentedRaftLogWorker] WARN  segmented.SegmentedRaftLogWorker (SegmentedRaftLogWorker.java:getFromFuture(90)) - Timeout 5/~
org.apache.ratis.protocol.TimeoutIOException: Timeout 10s: WriteLog:5: (t:1, i:5), STATEMACHINELOGENTRY, client-99A751C7AE4E, cid=146-writeStateMachineData
	at org.apache.ratis.util.IOUtils.getFromFuture(IOUtils.java:87)
	at org.apache.ratis.server.raftlog.segmented.SegmentedRaftLogWorker$StateMachineDataPolicy.getFromFuture(SegmentedRaftLogWorker.java:87)
	at org.apache.ratis.server.raftlog.segmented.SegmentedRaftLogWorker$WriteLog.execute(SegmentedRaftLogWorker.java:477)
	at org.apache.ratis.server.raftlog.segmented.SegmentedRaftLogWorker.run(SegmentedRaftLogWorker.java:289)
	at java.lang.Thread.run(Thread.java:748)
Caused by: java.util.concurrent.TimeoutException
	at java.util.concurrent.CompletableFuture.timedGet(CompletableFuture.java:1771)
	at java.util.concurrent.CompletableFuture.get(CompletableFuture.java:1915)
	at org.apache.ratis.util.IOUtils.getFromFuture(IOUtils.java:79)
	... 4 more
2019-09-16 22:26:44,329 [0ad894eb-396d-46a7-a4d0-256210dc34c1@group-7F526C56D1E5-SegmentedRaftLogWorker] WARN  segmented.SegmentedRaftLogWorker (SegmentedRaftLogWorker.java:getFromFuture(90)) - Timeout 5/~
org.apache.ratis.protocol.TimeoutIOException: Timeout 10s: WriteLog:5: (t:1, i:5), STATEMACHINELOGENTRY, client-99A751C7AE4E, cid=146-writeStateMachineData
	at org.apache.ratis.util.IOUtils.getFromFuture(IOUtils.java:87)
	at org.apache.ratis.server.raftlog.segmented.SegmentedRaftLogWorker$StateMachineDataPolicy.getFromFuture(SegmentedRaftLogWorker.java:87)
	at org.apache.ratis.server.raftlog.segmented.SegmentedRaftLogWorker$WriteLog.execute(SegmentedRaftLogWorker.java:477)
	at org.apache.ratis.server.raftlog.segmented.SegmentedRaftLogWorker.run(SegmentedRaftLogWorker.java:289)
	at java.lang.Thread.run(Thread.java:748)
Caused by: java.util.concurrent.TimeoutException
	at java.util.concurrent.CompletableFuture.timedGet(CompletableFuture.java:1771)
	at java.util.concurrent.CompletableFuture.get(CompletableFuture.java:1915)
	at org.apache.ratis.util.IOUtils.getFromFuture(IOUtils.java:79)
	... 4 more
2019-09-16 22:26:44,329 [5ecabd24-29f4-44ad-af86-ba12f6ac88ae@group-7F526C56D1E5-SegmentedRaftLogWorker] WARN  segmented.SegmentedRaftLogWorker (SegmentedRaftLogWorker.java:getFromFuture(90)) - Timeout 5/~
org.apache.ratis.protocol.TimeoutIOException: Timeout 10s: WriteLog:5: (t:1, i:5), STATEMACHINELOGENTRY, client-99A751C7AE4E, cid=146-writeStateMachineData
	at org.apache.ratis.util.IOUtils.getFromFuture(IOUtils.java:87)
	at org.apache.ratis.server.raftlog.segmented.SegmentedRaftLogWorker$StateMachineDataPolicy.getFromFuture(SegmentedRaftLogWorker.java:87)
	at org.apache.ratis.server.raftlog.segmented.SegmentedRaftLogWorker$WriteLog.execute(SegmentedRaftLogWorker.java:477)
	at org.apache.ratis.server.raftlog.segmented.SegmentedRaftLogWorker.run(SegmentedRaftLogWorker.java:289)
	at java.lang.Thread.run(Thread.java:748)
Caused by: java.util.concurrent.TimeoutException
	at java.util.concurrent.CompletableFuture.timedGet(CompletableFuture.java:1771)
	at java.util.concurrent.CompletableFuture.get(CompletableFuture.java:1915)
	at org.apache.ratis.util.IOUtils.getFromFuture(IOUtils.java:79)
	... 4 more
2019-09-16 22:26:44,841 [java.util.concurrent.ThreadPoolExecutor$Worker@7224147d[State = -1, empty queue]] WARN  server.GrpcLogAppender (GrpcLogAppender.java:timeoutAppendRequest(200)) - 9d8d98b0-9991-458a-859c-25f8efc1f325@group-7F526C56D1E5->0ad894eb-396d-46a7-a4d0-256210dc34c1-GrpcLogAppender: appendEntries Timeout, request=9d8d98b0-9991-458a-859c-25f8efc1f325->0ad894eb-396d-46a7-a4d0-256210dc34c1#44-t1, previous=(t:1, i:10), leaderCommit=4, initializing? false, entries: <empty>
2019-09-16 22:26:44,841 [java.util.concurrent.ThreadPoolExecutor$Worker@46f58b95[State = -1, empty queue]] WARN  server.GrpcLogAppender (GrpcLogAppender.java:timeoutAppendRequest(200)) - 9d8d98b0-9991-458a-859c-25f8efc1f325@group-7F526C56D1E5->5ecabd24-29f4-44ad-af86-ba12f6ac88ae-GrpcLogAppender: appendEntries Timeout, request=9d8d98b0-9991-458a-859c-25f8efc1f325->5ecabd24-29f4-44ad-af86-ba12f6ac88ae#44-t1, previous=(t:1, i:10), leaderCommit=4, initializing? false, entries: <empty>
2019-09-16 22:26:44,893 [grpc-default-executor-10] INFO  client.GrpcClientProtocolClient (GrpcClientProtocolClient.java:onNext(264)) - client-99A751C7AE4E->5ecabd24-29f4-44ad-af86-ba12f6ac88ae: receive RaftClientReply:client-99A751C7AE4E->5ecabd24-29f4-44ad-af86-ba12f6ac88ae@group-7F526C56D1E5, cid=146, FAILED org.apache.ratis.protocol.NotLeaderException: Server 5ecabd24-29f4-44ad-af86-ba12f6ac88ae@group-7F526C56D1E5 is not the leader 9d8d98b0-9991-458a-859c-25f8efc1f325:192.168.151.68:46204, logIndex=0, commits[5ecabd24-29f4-44ad-af86-ba12f6ac88ae:c4, 9d8d98b0-9991-458a-859c-25f8efc1f325:c4, 0ad894eb-396d-46a7-a4d0-256210dc34c1:c3]
2019-09-16 22:26:46,967 [grpc-default-executor-10] INFO  impl.RaftServerProxy (RaftServerProxy.java:remove(95)) - 5ecabd24-29f4-44ad-af86-ba12f6ac88ae: remove group-461D11BEE149:null
2019-09-16 22:26:46,982 [RatisPipelineUtilsThread] WARN  pipeline.RatisPipelineUtils (RatisPipelineUtils.java:destroyPipeline(66)) - Pipeline destroy failed for pipeline=PipelineID=22865676-56fc-4cfd-9d6e-461d11bee149 dn=5ecabd24-29f4-44ad-af86-ba12f6ac88ae{ip: 192.168.151.68, host: pr-hdds-2135-v26ff-2356241440, networkLocation: /default-rack, certSerialId: null}
2019-09-16 22:26:46,984 [grpc-default-executor-10] INFO  impl.RaftServerProxy (RaftServerProxy.java:remove(95)) - 9d8d98b0-9991-458a-859c-25f8efc1f325: remove group-461D11BEE149:null
2019-09-16 22:26:46,996 [RatisPipelineUtilsThread] WARN  pipeline.RatisPipelineUtils (RatisPipelineUtils.java:destroyPipeline(66)) - Pipeline destroy failed for pipeline=PipelineID=22865676-56fc-4cfd-9d6e-461d11bee149 dn=9d8d98b0-9991-458a-859c-25f8efc1f325{ip: 192.168.151.68, host: pr-hdds-2135-v26ff-2356241440, networkLocation: /default-rack, certSerialId: null}
2019-09-16 22:26:46,998 [grpc-default-executor-10] INFO  impl.RaftServerProxy (RaftServerProxy.java:remove(95)) - 0ad894eb-396d-46a7-a4d0-256210dc34c1: remove group-461D11BEE149:null
2019-09-16 22:26:47,011 [RatisPipelineUtilsThread] WARN  pipeline.RatisPipelineUtils (RatisPipelineUtils.java:destroyPipeline(66)) - Pipeline destroy failed for pipeline=PipelineID=22865676-56fc-4cfd-9d6e-461d11bee149 dn=0ad894eb-396d-46a7-a4d0-256210dc34c1{ip: 192.168.151.68, host: pr-hdds-2135-v26ff-2356241440, networkLocation: /default-rack, certSerialId: null}
2019-09-16 22:26:47,011 [RatisPipelineUtilsThread] ERROR pipeline.SCMPipelineManager (Scheduler.java:lambda$schedule$1(70)) - Destroy pipeline failed for pipeline:Pipeline[ Id: 22865676-56fc-4cfd-9d6e-461d11bee149, Nodes: 5ecabd24-29f4-44ad-af86-ba12f6ac88ae{ip: 192.168.151.68, host: pr-hdds-2135-v26ff-2356241440, networkLocation: /default-rack, certSerialId: null}9d8d98b0-9991-458a-859c-25f8efc1f325{ip: 192.168.151.68, host: pr-hdds-2135-v26ff-2356241440, networkLocation: /default-rack, certSerialId: null}0ad894eb-396d-46a7-a4d0-256210dc34c1{ip: 192.168.151.68, host: pr-hdds-2135-v26ff-2356241440, networkLocation: /default-rack, certSerialId: null}, Type:RATIS, Factor:THREE, State:CLOSED]
org.apache.hadoop.hdds.scm.pipeline.PipelineNotFoundException: PipelineID=22865676-56fc-4cfd-9d6e-461d11bee149 not found
	at org.apache.hadoop.hdds.scm.pipeline.PipelineStateMap.getPipeline(PipelineStateMap.java:132)
	at org.apache.hadoop.hdds.scm.pipeline.PipelineStateMap.removePipeline(PipelineStateMap.java:322)
	at org.apache.hadoop.hdds.scm.pipeline.PipelineStateManager.removePipeline(PipelineStateManager.java:107)
	at org.apache.hadoop.hdds.scm.pipeline.SCMPipelineManager.removePipeline(SCMPipelineManager.java:423)
	at org.apache.hadoop.hdds.scm.pipeline.SCMPipelineManager.destroyPipeline(SCMPipelineManager.java:409)
	at org.apache.hadoop.hdds.scm.pipeline.SCMPipelineManager.lambda$finalizeAndDestroyPipeline$0(SCMPipelineManager.java:318)
	at org.apache.hadoop.utils.Scheduler.lambda$schedule$1(Scheduler.java:68)
	at java.util.concurrent.Executors$RunnableAdapter.call(Executors.java:511)
	at java.util.concurrent.FutureTask.run(FutureTask.java:266)
	at java.util.concurrent.ScheduledThreadPoolExecutor$ScheduledFutureTask.access$201(ScheduledThreadPoolExecutor.java:180)
	at java.util.concurrent.ScheduledThreadPoolExecutor$ScheduledFutureTask.run(ScheduledThreadPoolExecutor.java:293)
	at java.util.concurrent.ThreadPoolExecutor.runWorker(ThreadPoolExecutor.java:1149)
	at java.util.concurrent.ThreadPoolExecutor$Worker.run(ThreadPoolExecutor.java:624)
	at java.lang.Thread.run(Thread.java:748)
2019-09-16 22:26:47,341 [java.util.concurrent.ThreadPoolExecutor$Worker@46f58b95[State = -1, empty queue]] WARN  server.GrpcLogAppender (GrpcLogAppender.java:timeoutAppendRequest(200)) - 9d8d98b0-9991-458a-859c-25f8efc1f325@group-7F526C56D1E5->5ecabd24-29f4-44ad-af86-ba12f6ac88ae-GrpcLogAppender: appendEntries Timeout, request=9d8d98b0-9991-458a-859c-25f8efc1f325->5ecabd24-29f4-44ad-af86-ba12f6ac88ae#45-t1, previous=(t:1, i:10), leaderCommit=4, initializing? false, entries: <empty>
2019-09-16 22:26:47,341 [java.util.concurrent.ThreadPoolExecutor$Worker@7224147d[State = -1, empty queue]] WARN  server.GrpcLogAppender (GrpcLogAppender.java:timeoutAppendRequest(200)) - 9d8d98b0-9991-458a-859c-25f8efc1f325@group-7F526C56D1E5->0ad894eb-396d-46a7-a4d0-256210dc34c1-GrpcLogAppender: appendEntries Timeout, request=9d8d98b0-9991-458a-859c-25f8efc1f325->0ad894eb-396d-46a7-a4d0-256210dc34c1#45-t1, previous=(t:1, i:10), leaderCommit=4, initializing? false, entries: <empty>
2019-09-16 22:26:48,968 [grpc-default-executor-10] INFO  impl.RaftServerProxy (RaftServerProxy.java:remove(95)) - 5ecabd24-29f4-44ad-af86-ba12f6ac88ae: remove group-461D11BEE149:null
2019-09-16 22:26:48,970 [RatisPipelineUtilsThread] WARN  pipeline.RatisPipelineUtils (RatisPipelineUtils.java:destroyPipeline(66)) - Pipeline destroy failed for pipeline=PipelineID=22865676-56fc-4cfd-9d6e-461d11bee149 dn=5ecabd24-29f4-44ad-af86-ba12f6ac88ae{ip: 192.168.151.68, host: pr-hdds-2135-v26ff-2356241440, networkLocation: /default-rack, certSerialId: null}
2019-09-16 22:26:48,973 [grpc-default-executor-10] INFO  impl.RaftServerProxy (RaftServerProxy.java:remove(95)) - 9d8d98b0-9991-458a-859c-25f8efc1f325: remove group-461D11BEE149:null
2019-09-16 22:26:48,975 [RatisPipelineUtilsThread] WARN  pipeline.RatisPipelineUtils (RatisPipelineUtils.java:destroyPipeline(66)) - Pipeline destroy failed for pipeline=PipelineID=22865676-56fc-4cfd-9d6e-461d11bee149 dn=9d8d98b0-9991-458a-859c-25f8efc1f325{ip: 192.168.151.68, host: pr-hdds-2135-v26ff-2356241440, networkLocation: /default-rack, certSerialId: null}
2019-09-16 22:26:48,978 [grpc-default-executor-10] INFO  impl.RaftServerProxy (RaftServerProxy.java:remove(95)) - 0ad894eb-396d-46a7-a4d0-256210dc34c1: remove group-461D11BEE149:null
2019-09-16 22:26:48,980 [RatisPipelineUtilsThread] WARN  pipeline.RatisPipelineUtils (RatisPipelineUtils.java:destroyPipeline(66)) - Pipeline destroy failed for pipeline=PipelineID=22865676-56fc-4cfd-9d6e-461d11bee149 dn=0ad894eb-396d-46a7-a4d0-256210dc34c1{ip: 192.168.151.68, host: pr-hdds-2135-v26ff-2356241440, networkLocation: /default-rack, certSerialId: null}
2019-09-16 22:26:48,980 [RatisPipelineUtilsThread] ERROR pipeline.SCMPipelineManager (Scheduler.java:lambda$schedule$1(70)) - Destroy pipeline failed for pipeline:Pipeline[ Id: 22865676-56fc-4cfd-9d6e-461d11bee149, Nodes: 5ecabd24-29f4-44ad-af86-ba12f6ac88ae{ip: 192.168.151.68, host: pr-hdds-2135-v26ff-2356241440, networkLocation: /default-rack, certSerialId: null}9d8d98b0-9991-458a-859c-25f8efc1f325{ip: 192.168.151.68, host: pr-hdds-2135-v26ff-2356241440, networkLocation: /default-rack, certSerialId: null}0ad894eb-396d-46a7-a4d0-256210dc34c1{ip: 192.168.151.68, host: pr-hdds-2135-v26ff-2356241440, networkLocation: /default-rack, certSerialId: null}, Type:RATIS, Factor:THREE, State:CLOSED]
org.apache.hadoop.hdds.scm.pipeline.PipelineNotFoundException: PipelineID=22865676-56fc-4cfd-9d6e-461d11bee149 not found
	at org.apache.hadoop.hdds.scm.pipeline.PipelineStateMap.getPipeline(PipelineStateMap.java:132)
	at org.apache.hadoop.hdds.scm.pipeline.PipelineStateMap.removePipeline(PipelineStateMap.java:322)
	at org.apache.hadoop.hdds.scm.pipeline.PipelineStateManager.removePipeline(PipelineStateManager.java:107)
	at org.apache.hadoop.hdds.scm.pipeline.SCMPipelineManager.removePipeline(SCMPipelineManager.java:423)
	at org.apache.hadoop.hdds.scm.pipeline.SCMPipelineManager.destroyPipeline(SCMPipelineManager.java:409)
	at org.apache.hadoop.hdds.scm.pipeline.SCMPipelineManager.lambda$finalizeAndDestroyPipeline$0(SCMPipelineManager.java:318)
	at org.apache.hadoop.utils.Scheduler.lambda$schedule$1(Scheduler.java:68)
	at java.util.concurrent.Executors$RunnableAdapter.call(Executors.java:511)
	at java.util.concurrent.FutureTask.run(FutureTask.java:266)
	at java.util.concurrent.ScheduledThreadPoolExecutor$ScheduledFutureTask.access$201(ScheduledThreadPoolExecutor.java:180)
	at java.util.concurrent.ScheduledThreadPoolExecutor$ScheduledFutureTask.run(ScheduledThreadPoolExecutor.java:293)
	at java.util.concurrent.ThreadPoolExecutor.runWorker(ThreadPoolExecutor.java:1149)
	at java.util.concurrent.ThreadPoolExecutor$Worker.run(ThreadPoolExecutor.java:624)
	at java.lang.Thread.run(Thread.java:748)
2019-09-16 22:26:48,992 [grpc-default-executor-10] INFO  impl.RaftServerProxy (RaftServerProxy.java:remove(95)) - 5ecabd24-29f4-44ad-af86-ba12f6ac88ae: remove group-461D11BEE149:null
2019-09-16 22:26:48,994 [RatisPipelineUtilsThread] WARN  pipeline.RatisPipelineUtils (RatisPipelineUtils.java:destroyPipeline(66)) - Pipeline destroy failed for pipeline=PipelineID=22865676-56fc-4cfd-9d6e-461d11bee149 dn=5ecabd24-29f4-44ad-af86-ba12f6ac88ae{ip: 192.168.151.68, host: pr-hdds-2135-v26ff-2356241440, networkLocation: /default-rack, certSerialId: null}
2019-09-16 22:26:48,996 [grpc-default-executor-10] INFO  impl.RaftServerProxy (RaftServerProxy.java:remove(95)) - 9d8d98b0-9991-458a-859c-25f8efc1f325: remove group-461D11BEE149:null
2019-09-16 22:26:48,998 [RatisPipelineUtilsThread] WARN  pipeline.RatisPipelineUtils (RatisPipelineUtils.java:destroyPipeline(66)) - Pipeline destroy failed for pipeline=PipelineID=22865676-56fc-4cfd-9d6e-461d11bee149 dn=9d8d98b0-9991-458a-859c-25f8efc1f325{ip: 192.168.151.68, host: pr-hdds-2135-v26ff-2356241440, networkLocation: /default-rack, certSerialId: null}
2019-09-16 22:26:49,000 [grpc-default-executor-10] INFO  impl.RaftServerProxy (RaftServerProxy.java:remove(95)) - 0ad894eb-396d-46a7-a4d0-256210dc34c1: remove group-461D11BEE149:null
2019-09-16 22:26:49,002 [RatisPipelineUtilsThread] WARN  pipeline.RatisPipelineUtils (RatisPipelineUtils.java:destroyPipeline(66)) - Pipeline destroy failed for pipeline=PipelineID=22865676-56fc-4cfd-9d6e-461d11bee149 dn=0ad894eb-396d-46a7-a4d0-256210dc34c1{ip: 192.168.151.68, host: pr-hdds-2135-v26ff-2356241440, networkLocation: /default-rack, certSerialId: null}
2019-09-16 22:26:49,002 [RatisPipelineUtilsThread] ERROR pipeline.SCMPipelineManager (Scheduler.java:lambda$schedule$1(70)) - Destroy pipeline failed for pipeline:Pipeline[ Id: 22865676-56fc-4cfd-9d6e-461d11bee149, Nodes: 5ecabd24-29f4-44ad-af86-ba12f6ac88ae{ip: 192.168.151.68, host: pr-hdds-2135-v26ff-2356241440, networkLocation: /default-rack, certSerialId: null}9d8d98b0-9991-458a-859c-25f8efc1f325{ip: 192.168.151.68, host: pr-hdds-2135-v26ff-2356241440, networkLocation: /default-rack, certSerialId: null}0ad894eb-396d-46a7-a4d0-256210dc34c1{ip: 192.168.151.68, host: pr-hdds-2135-v26ff-2356241440, networkLocation: /default-rack, certSerialId: null}, Type:RATIS, Factor:THREE, State:CLOSED]
org.apache.hadoop.hdds.scm.pipeline.PipelineNotFoundException: PipelineID=22865676-56fc-4cfd-9d6e-461d11bee149 not found
	at org.apache.hadoop.hdds.scm.pipeline.PipelineStateMap.getPipeline(PipelineStateMap.java:132)
	at org.apache.hadoop.hdds.scm.pipeline.PipelineStateMap.removePipeline(PipelineStateMap.java:322)
	at org.apache.hadoop.hdds.scm.pipeline.PipelineStateManager.removePipeline(PipelineStateManager.java:107)
	at org.apache.hadoop.hdds.scm.pipeline.SCMPipelineManager.removePipeline(SCMPipelineManager.java:423)
	at org.apache.hadoop.hdds.scm.pipeline.SCMPipelineManager.destroyPipeline(SCMPipelineManager.java:409)
	at org.apache.hadoop.hdds.scm.pipeline.SCMPipelineManager.lambda$finalizeAndDestroyPipeline$0(SCMPipelineManager.java:318)
	at org.apache.hadoop.utils.Scheduler.lambda$schedule$1(Scheduler.java:68)
	at java.util.concurrent.Executors$RunnableAdapter.call(Executors.java:511)
	at java.util.concurrent.FutureTask.run(FutureTask.java:266)
	at java.util.concurrent.ScheduledThreadPoolExecutor$ScheduledFutureTask.access$201(ScheduledThreadPoolExecutor.java:180)
	at java.util.concurrent.ScheduledThreadPoolExecutor$ScheduledFutureTask.run(ScheduledThreadPoolExecutor.java:293)
	at java.util.concurrent.ThreadPoolExecutor.runWorker(ThreadPoolExecutor.java:1149)
	at java.util.concurrent.ThreadPoolExecutor$Worker.run(ThreadPoolExecutor.java:624)
	at java.lang.Thread.run(Thread.java:748)
2019-09-16 22:26:49,110 [grpc-default-executor-10] INFO  impl.RaftServerProxy (RaftServerProxy.java:remove(95)) - 5ecabd24-29f4-44ad-af86-ba12f6ac88ae: remove group-461D11BEE149:null
2019-09-16 22:26:49,113 [RatisPipelineUtilsThread] WARN  pipeline.RatisPipelineUtils (RatisPipelineUtils.java:destroyPipeline(66)) - Pipeline destroy failed for pipeline=PipelineID=22865676-56fc-4cfd-9d6e-461d11bee149 dn=5ecabd24-29f4-44ad-af86-ba12f6ac88ae{ip: 192.168.151.68, host: pr-hdds-2135-v26ff-2356241440, networkLocation: /default-rack, certSerialId: null}
2019-09-16 22:26:49,116 [grpc-default-executor-10] INFO  impl.RaftServerProxy (RaftServerProxy.java:remove(95)) - 9d8d98b0-9991-458a-859c-25f8efc1f325: remove group-461D11BEE149:null
2019-09-16 22:26:49,120 [RatisPipelineUtilsThread] WARN  pipeline.RatisPipelineUtils (RatisPipelineUtils.java:destroyPipeline(66)) - Pipeline destroy failed for pipeline=PipelineID=22865676-56fc-4cfd-9d6e-461d11bee149 dn=9d8d98b0-9991-458a-859c-25f8efc1f325{ip: 192.168.151.68, host: pr-hdds-2135-v26ff-2356241440, networkLocation: /default-rack, certSerialId: null}
2019-09-16 22:26:49,124 [grpc-default-executor-10] INFO  impl.RaftServerProxy (RaftServerProxy.java:remove(95)) - 0ad894eb-396d-46a7-a4d0-256210dc34c1: remove group-461D11BEE149:null
2019-09-16 22:26:49,126 [RatisPipelineUtilsThread] WARN  pipeline.RatisPipelineUtils (RatisPipelineUtils.java:destroyPipeline(66)) - Pipeline destroy failed for pipeline=PipelineID=22865676-56fc-4cfd-9d6e-461d11bee149 dn=0ad894eb-396d-46a7-a4d0-256210dc34c1{ip: 192.168.151.68, host: pr-hdds-2135-v26ff-2356241440, networkLocation: /default-rack, certSerialId: null}
2019-09-16 22:26:49,126 [RatisPipelineUtilsThread] ERROR pipeline.SCMPipelineManager (Scheduler.java:lambda$schedule$1(70)) - Destroy pipeline failed for pipeline:Pipeline[ Id: 22865676-56fc-4cfd-9d6e-461d11bee149, Nodes: 5ecabd24-29f4-44ad-af86-ba12f6ac88ae{ip: 192.168.151.68, host: pr-hdds-2135-v26ff-2356241440, networkLocation: /default-rack, certSerialId: null}9d8d98b0-9991-458a-859c-25f8efc1f325{ip: 192.168.151.68, host: pr-hdds-2135-v26ff-2356241440, networkLocation: /default-rack, certSerialId: null}0ad894eb-396d-46a7-a4d0-256210dc34c1{ip: 192.168.151.68, host: pr-hdds-2135-v26ff-2356241440, networkLocation: /default-rack, certSerialId: null}, Type:RATIS, Factor:THREE, State:CLOSED]
org.apache.hadoop.hdds.scm.pipeline.PipelineNotFoundException: PipelineID=22865676-56fc-4cfd-9d6e-461d11bee149 not found
	at org.apache.hadoop.hdds.scm.pipeline.PipelineStateMap.getPipeline(PipelineStateMap.java:132)
	at org.apache.hadoop.hdds.scm.pipeline.PipelineStateMap.removePipeline(PipelineStateMap.java:322)
	at org.apache.hadoop.hdds.scm.pipeline.PipelineStateManager.removePipeline(PipelineStateManager.java:107)
	at org.apache.hadoop.hdds.scm.pipeline.SCMPipelineManager.removePipeline(SCMPipelineManager.java:423)
	at org.apache.hadoop.hdds.scm.pipeline.SCMPipelineManager.destroyPipeline(SCMPipelineManager.java:409)
	at org.apache.hadoop.hdds.scm.pipeline.SCMPipelineManager.lambda$finalizeAndDestroyPipeline$0(SCMPipelineManager.java:318)
	at org.apache.hadoop.utils.Scheduler.lambda$schedule$1(Scheduler.java:68)
	at java.util.concurrent.Executors$RunnableAdapter.call(Executors.java:511)
	at java.util.concurrent.FutureTask.run(FutureTask.java:266)
	at java.util.concurrent.ScheduledThreadPoolExecutor$ScheduledFutureTask.access$201(ScheduledThreadPoolExecutor.java:180)
	at java.util.concurrent.ScheduledThreadPoolExecutor$ScheduledFutureTask.run(ScheduledThreadPoolExecutor.java:293)
	at java.util.concurrent.ThreadPoolExecutor.runWorker(ThreadPoolExecutor.java:1149)
	at java.util.concurrent.ThreadPoolExecutor$Worker.run(ThreadPoolExecutor.java:624)
	at java.lang.Thread.run(Thread.java:748)
2019-09-16 22:26:49,183 [grpc-default-executor-10] INFO  impl.RaftServerProxy (RaftServerProxy.java:remove(95)) - 5ecabd24-29f4-44ad-af86-ba12f6ac88ae: remove group-461D11BEE149:null
2019-09-16 22:26:49,185 [RatisPipelineUtilsThread] WARN  pipeline.RatisPipelineUtils (RatisPipelineUtils.java:destroyPipeline(66)) - Pipeline destroy failed for pipeline=PipelineID=22865676-56fc-4cfd-9d6e-461d11bee149 dn=5ecabd24-29f4-44ad-af86-ba12f6ac88ae{ip: 192.168.151.68, host: pr-hdds-2135-v26ff-2356241440, networkLocation: /default-rack, certSerialId: null}
2019-09-16 22:26:49,188 [grpc-default-executor-10] INFO  impl.RaftServerProxy (RaftServerProxy.java:remove(95)) - 9d8d98b0-9991-458a-859c-25f8efc1f325: remove group-461D11BEE149:null
2019-09-16 22:26:49,191 [RatisPipelineUtilsThread] WARN  pipeline.RatisPipelineUtils (RatisPipelineUtils.java:destroyPipeline(66)) - Pipeline destroy failed for pipeline=PipelineID=22865676-56fc-4cfd-9d6e-461d11bee149 dn=9d8d98b0-9991-458a-859c-25f8efc1f325{ip: 192.168.151.68, host: pr-hdds-2135-v26ff-2356241440, networkLocation: /default-rack, certSerialId: null}
2019-09-16 22:26:49,193 [grpc-default-executor-10] INFO  impl.RaftServerProxy (RaftServerProxy.java:remove(95)) - 0ad894eb-396d-46a7-a4d0-256210dc34c1: remove group-461D11BEE149:null
2019-09-16 22:26:49,196 [RatisPipelineUtilsThread] WARN  pipeline.RatisPipelineUtils (RatisPipelineUtils.java:destroyPipeline(66)) - Pipeline destroy failed for pipeline=PipelineID=22865676-56fc-4cfd-9d6e-461d11bee149 dn=0ad894eb-396d-46a7-a4d0-256210dc34c1{ip: 192.168.151.68, host: pr-hdds-2135-v26ff-2356241440, networkLocation: /default-rack, certSerialId: null}
2019-09-16 22:26:49,196 [RatisPipelineUtilsThread] ERROR pipeline.SCMPipelineManager (Scheduler.java:lambda$schedule$1(70)) - Destroy pipeline failed for pipeline:Pipeline[ Id: 22865676-56fc-4cfd-9d6e-461d11bee149, Nodes: 5ecabd24-29f4-44ad-af86-ba12f6ac88ae{ip: 192.168.151.68, host: pr-hdds-2135-v26ff-2356241440, networkLocation: /default-rack, certSerialId: null}9d8d98b0-9991-458a-859c-25f8efc1f325{ip: 192.168.151.68, host: pr-hdds-2135-v26ff-2356241440, networkLocation: /default-rack, certSerialId: null}0ad894eb-396d-46a7-a4d0-256210dc34c1{ip: 192.168.151.68, host: pr-hdds-2135-v26ff-2356241440, networkLocation: /default-rack, certSerialId: null}, Type:RATIS, Factor:THREE, State:CLOSED]
org.apache.hadoop.hdds.scm.pipeline.PipelineNotFoundException: PipelineID=22865676-56fc-4cfd-9d6e-461d11bee149 not found
	at org.apache.hadoop.hdds.scm.pipeline.PipelineStateMap.getPipeline(PipelineStateMap.java:132)
	at org.apache.hadoop.hdds.scm.pipeline.PipelineStateMap.removePipeline(PipelineStateMap.java:322)
	at org.apache.hadoop.hdds.scm.pipeline.PipelineStateManager.removePipeline(PipelineStateManager.java:107)
	at org.apache.hadoop.hdds.scm.pipeline.SCMPipelineManager.removePipeline(SCMPipelineManager.java:423)
	at org.apache.hadoop.hdds.scm.pipeline.SCMPipelineManager.destroyPipeline(SCMPipelineManager.java:409)
	at org.apache.hadoop.hdds.scm.pipeline.SCMPipelineManager.lambda$finalizeAndDestroyPipeline$0(SCMPipelineManager.java:318)
	at org.apache.hadoop.utils.Scheduler.lambda$schedule$1(Scheduler.java:68)
	at java.util.concurrent.Executors$RunnableAdapter.call(Executors.java:511)
	at java.util.concurrent.FutureTask.run(FutureTask.java:266)
	at java.util.concurrent.ScheduledThreadPoolExecutor$ScheduledFutureTask.access$201(ScheduledThreadPoolExecutor.java:180)
	at java.util.concurrent.ScheduledThreadPoolExecutor$ScheduledFutureTask.run(ScheduledThreadPoolExecutor.java:293)
	at java.util.concurrent.ThreadPoolExecutor.runWorker(ThreadPoolExecutor.java:1149)
	at java.util.concurrent.ThreadPoolExecutor$Worker.run(ThreadPoolExecutor.java:624)
	at java.lang.Thread.run(Thread.java:748)
2019-09-16 22:26:49,841 [java.util.concurrent.ThreadPoolExecutor$Worker@46f58b95[State = -1, empty queue]] WARN  server.GrpcLogAppender (GrpcLogAppender.java:timeoutAppendRequest(200)) - 9d8d98b0-9991-458a-859c-25f8efc1f325@group-7F526C56D1E5->5ecabd24-29f4-44ad-af86-ba12f6ac88ae-GrpcLogAppender: appendEntries Timeout, request=9d8d98b0-9991-458a-859c-25f8efc1f325->5ecabd24-29f4-44ad-af86-ba12f6ac88ae#46-t1, previous=(t:1, i:10), leaderCommit=4, initializing? false, entries: <empty>
2019-09-16 22:26:49,841 [java.util.concurrent.ThreadPoolExecutor$Worker@7224147d[State = -1, empty queue]] WARN  server.GrpcLogAppender (GrpcLogAppender.java:timeoutAppendRequest(200)) - 9d8d98b0-9991-458a-859c-25f8efc1f325@group-7F526C56D1E5->0ad894eb-396d-46a7-a4d0-256210dc34c1-GrpcLogAppender: appendEntries Timeout, request=9d8d98b0-9991-458a-859c-25f8efc1f325->0ad894eb-396d-46a7-a4d0-256210dc34c1#46-t1, previous=(t:1, i:10), leaderCommit=4, initializing? false, entries: <empty>
2019-09-16 22:26:49,940 [grpc-default-executor-9] INFO  client.GrpcClientProtocolClient (GrpcClientProtocolClient.java:onNext(264)) - client-99A751C7AE4E->0ad894eb-396d-46a7-a4d0-256210dc34c1: receive RaftClientReply:client-99A751C7AE4E->0ad894eb-396d-46a7-a4d0-256210dc34c1@group-7F526C56D1E5, cid=146, FAILED org.apache.ratis.protocol.NotLeaderException: Server 0ad894eb-396d-46a7-a4d0-256210dc34c1@group-7F526C56D1E5 is not the leader 9d8d98b0-9991-458a-859c-25f8efc1f325:192.168.151.68:46204, logIndex=0, commits[0ad894eb-396d-46a7-a4d0-256210dc34c1:c4, 9d8d98b0-9991-458a-859c-25f8efc1f325:c4, 5ecabd24-29f4-44ad-af86-ba12f6ac88ae:c3]
2019-09-16 22:26:52,342 [java.util.concurrent.ThreadPoolExecutor$Worker@7224147d[State = -1, empty queue]] WARN  server.GrpcLogAppender (GrpcLogAppender.java:timeoutAppendRequest(200)) - 9d8d98b0-9991-458a-859c-25f8efc1f325@group-7F526C56D1E5->0ad894eb-396d-46a7-a4d0-256210dc34c1-GrpcLogAppender: appendEntries Timeout, request=9d8d98b0-9991-458a-859c-25f8efc1f325->0ad894eb-396d-46a7-a4d0-256210dc34c1#47-t1, previous=(t:1, i:10), leaderCommit=4, initializing? false, entries: <empty>
2019-09-16 22:26:52,342 [java.util.concurrent.ThreadPoolExecutor$Worker@46f58b95[State = -1, empty queue]] WARN  server.GrpcLogAppender (GrpcLogAppender.java:timeoutAppendRequest(200)) - 9d8d98b0-9991-458a-859c-25f8efc1f325@group-7F526C56D1E5->5ecabd24-29f4-44ad-af86-ba12f6ac88ae-GrpcLogAppender: appendEntries Timeout, request=9d8d98b0-9991-458a-859c-25f8efc1f325->5ecabd24-29f4-44ad-af86-ba12f6ac88ae#47-t1, previous=(t:1, i:10), leaderCommit=4, initializing? false, entries: <empty>
2019-09-16 22:26:54,329 [9d8d98b0-9991-458a-859c-25f8efc1f325@group-7F526C56D1E5-SegmentedRaftLogWorker] WARN  segmented.SegmentedRaftLogWorker (SegmentedRaftLogWorker.java:getFromFuture(90)) - Timeout 6/~
org.apache.ratis.protocol.TimeoutIOException: Timeout 10s: WriteLog:5: (t:1, i:5), STATEMACHINELOGENTRY, client-99A751C7AE4E, cid=146-writeStateMachineData
	at org.apache.ratis.util.IOUtils.getFromFuture(IOUtils.java:87)
	at org.apache.ratis.server.raftlog.segmented.SegmentedRaftLogWorker$StateMachineDataPolicy.getFromFuture(SegmentedRaftLogWorker.java:87)
	at org.apache.ratis.server.raftlog.segmented.SegmentedRaftLogWorker$WriteLog.execute(SegmentedRaftLogWorker.java:477)
	at org.apache.ratis.server.raftlog.segmented.SegmentedRaftLogWorker.run(SegmentedRaftLogWorker.java:289)
	at java.lang.Thread.run(Thread.java:748)
Caused by: java.util.concurrent.TimeoutException
	at java.util.concurrent.CompletableFuture.timedGet(CompletableFuture.java:1771)
	at java.util.concurrent.CompletableFuture.get(CompletableFuture.java:1915)
	at org.apache.ratis.util.IOUtils.getFromFuture(IOUtils.java:79)
	... 4 more
2019-09-16 22:26:54,330 [0ad894eb-396d-46a7-a4d0-256210dc34c1@group-7F526C56D1E5-SegmentedRaftLogWorker] WARN  segmented.SegmentedRaftLogWorker (SegmentedRaftLogWorker.java:getFromFuture(90)) - Timeout 6/~
org.apache.ratis.protocol.TimeoutIOException: Timeout 10s: WriteLog:5: (t:1, i:5), STATEMACHINELOGENTRY, client-99A751C7AE4E, cid=146-writeStateMachineData
	at org.apache.ratis.util.IOUtils.getFromFuture(IOUtils.java:87)
	at org.apache.ratis.server.raftlog.segmented.SegmentedRaftLogWorker$StateMachineDataPolicy.getFromFuture(SegmentedRaftLogWorker.java:87)
	at org.apache.ratis.server.raftlog.segmented.SegmentedRaftLogWorker$WriteLog.execute(SegmentedRaftLogWorker.java:477)
	at org.apache.ratis.server.raftlog.segmented.SegmentedRaftLogWorker.run(SegmentedRaftLogWorker.java:289)
	at java.lang.Thread.run(Thread.java:748)
Caused by: java.util.concurrent.TimeoutException
	at java.util.concurrent.CompletableFuture.timedGet(CompletableFuture.java:1771)
	at java.util.concurrent.CompletableFuture.get(CompletableFuture.java:1915)
	at org.apache.ratis.util.IOUtils.getFromFuture(IOUtils.java:79)
	... 4 more
2019-09-16 22:26:54,330 [5ecabd24-29f4-44ad-af86-ba12f6ac88ae@group-7F526C56D1E5-SegmentedRaftLogWorker] WARN  segmented.SegmentedRaftLogWorker (SegmentedRaftLogWorker.java:getFromFuture(90)) - Timeout 6/~
org.apache.ratis.protocol.TimeoutIOException: Timeout 10s: WriteLog:5: (t:1, i:5), STATEMACHINELOGENTRY, client-99A751C7AE4E, cid=146-writeStateMachineData
	at org.apache.ratis.util.IOUtils.getFromFuture(IOUtils.java:87)
	at org.apache.ratis.server.raftlog.segmented.SegmentedRaftLogWorker$StateMachineDataPolicy.getFromFuture(SegmentedRaftLogWorker.java:87)
	at org.apache.ratis.server.raftlog.segmented.SegmentedRaftLogWorker$WriteLog.execute(SegmentedRaftLogWorker.java:477)
	at org.apache.ratis.server.raftlog.segmented.SegmentedRaftLogWorker.run(SegmentedRaftLogWorker.java:289)
	at java.lang.Thread.run(Thread.java:748)
Caused by: java.util.concurrent.TimeoutException
	at java.util.concurrent.CompletableFuture.timedGet(CompletableFuture.java:1771)
	at java.util.concurrent.CompletableFuture.get(CompletableFuture.java:1915)
	at org.apache.ratis.util.IOUtils.getFromFuture(IOUtils.java:79)
	... 4 more
2019-09-16 22:26:54,842 [java.util.concurrent.ThreadPoolExecutor$Worker@46f58b95[State = -1, empty queue]] WARN  server.GrpcLogAppender (GrpcLogAppender.java:timeoutAppendRequest(200)) - 9d8d98b0-9991-458a-859c-25f8efc1f325@group-7F526C56D1E5->5ecabd24-29f4-44ad-af86-ba12f6ac88ae-GrpcLogAppender: appendEntries Timeout, request=9d8d98b0-9991-458a-859c-25f8efc1f325->5ecabd24-29f4-44ad-af86-ba12f6ac88ae#48-t1, previous=(t:1, i:10), leaderCommit=4, initializing? false, entries: <empty>
2019-09-16 22:26:54,842 [java.util.concurrent.ThreadPoolExecutor$Worker@7224147d[State = -1, empty queue]] WARN  server.GrpcLogAppender (GrpcLogAppender.java:timeoutAppendRequest(200)) - 9d8d98b0-9991-458a-859c-25f8efc1f325@group-7F526C56D1E5->0ad894eb-396d-46a7-a4d0-256210dc34c1-GrpcLogAppender: appendEntries Timeout, request=9d8d98b0-9991-458a-859c-25f8efc1f325->0ad894eb-396d-46a7-a4d0-256210dc34c1#48-t1, previous=(t:1, i:10), leaderCommit=4, initializing? false, entries: <empty>
2019-09-16 22:26:54,994 [grpc-default-executor-2] INFO  client.GrpcClientProtocolClient (GrpcClientProtocolClient.java:onNext(264)) - client-99A751C7AE4E->0ad894eb-396d-46a7-a4d0-256210dc34c1: receive RaftClientReply:client-99A751C7AE4E->0ad894eb-396d-46a7-a4d0-256210dc34c1@group-7F526C56D1E5, cid=146, FAILED org.apache.ratis.protocol.NotLeaderException: Server 0ad894eb-396d-46a7-a4d0-256210dc34c1@group-7F526C56D1E5 is not the leader 9d8d98b0-9991-458a-859c-25f8efc1f325:192.168.151.68:46204, logIndex=0, commits[0ad894eb-396d-46a7-a4d0-256210dc34c1:c4, 9d8d98b0-9991-458a-859c-25f8efc1f325:c4, 5ecabd24-29f4-44ad-af86-ba12f6ac88ae:c3]
2019-09-16 22:26:57,357 [java.util.concurrent.ThreadPoolExecutor$Worker@7224147d[State = -1, empty queue]] WARN  server.GrpcLogAppender (GrpcLogAppender.java:timeoutAppendRequest(200)) - 9d8d98b0-9991-458a-859c-25f8efc1f325@group-7F526C56D1E5->0ad894eb-396d-46a7-a4d0-256210dc34c1-GrpcLogAppender: appendEntries Timeout, request=9d8d98b0-9991-458a-859c-25f8efc1f325->0ad894eb-396d-46a7-a4d0-256210dc34c1#49-t1, previous=(t:1, i:10), leaderCommit=4, initializing? false, entries: <empty>
2019-09-16 22:26:57,357 [java.util.concurrent.ThreadPoolExecutor$Worker@46f58b95[State = -1, empty queue]] WARN  server.GrpcLogAppender (GrpcLogAppender.java:timeoutAppendRequest(200)) - 9d8d98b0-9991-458a-859c-25f8efc1f325@group-7F526C56D1E5->5ecabd24-29f4-44ad-af86-ba12f6ac88ae-GrpcLogAppender: appendEntries Timeout, request=9d8d98b0-9991-458a-859c-25f8efc1f325->5ecabd24-29f4-44ad-af86-ba12f6ac88ae#49-t1, previous=(t:1, i:10), leaderCommit=4, initializing? false, entries: <empty>
2019-09-16 22:26:59,857 [java.util.concurrent.ThreadPoolExecutor$Worker@46f58b95[State = -1, empty queue]] WARN  server.GrpcLogAppender (GrpcLogAppender.java:timeoutAppendRequest(200)) - 9d8d98b0-9991-458a-859c-25f8efc1f325@group-7F526C56D1E5->5ecabd24-29f4-44ad-af86-ba12f6ac88ae-GrpcLogAppender: appendEntries Timeout, request=9d8d98b0-9991-458a-859c-25f8efc1f325->5ecabd24-29f4-44ad-af86-ba12f6ac88ae#50-t1, previous=(t:1, i:10), leaderCommit=4, initializing? false, entries: <empty>
2019-09-16 22:26:59,857 [java.util.concurrent.ThreadPoolExecutor$Worker@7224147d[State = -1, empty queue]] WARN  server.GrpcLogAppender (GrpcLogAppender.java:timeoutAppendRequest(200)) - 9d8d98b0-9991-458a-859c-25f8efc1f325@group-7F526C56D1E5->0ad894eb-396d-46a7-a4d0-256210dc34c1-GrpcLogAppender: appendEntries Timeout, request=9d8d98b0-9991-458a-859c-25f8efc1f325->0ad894eb-396d-46a7-a4d0-256210dc34c1#50-t1, previous=(t:1, i:10), leaderCommit=4, initializing? false, entries: <empty>
2019-09-16 22:27:00,027 [grpc-default-executor-2] INFO  client.GrpcClientProtocolClient (GrpcClientProtocolClient.java:onNext(264)) - client-99A751C7AE4E->5ecabd24-29f4-44ad-af86-ba12f6ac88ae: receive RaftClientReply:client-99A751C7AE4E->5ecabd24-29f4-44ad-af86-ba12f6ac88ae@group-7F526C56D1E5, cid=146, FAILED org.apache.ratis.protocol.NotLeaderException: Server 5ecabd24-29f4-44ad-af86-ba12f6ac88ae@group-7F526C56D1E5 is not the leader 9d8d98b0-9991-458a-859c-25f8efc1f325:192.168.151.68:46204, logIndex=0, commits[5ecabd24-29f4-44ad-af86-ba12f6ac88ae:c4, 9d8d98b0-9991-458a-859c-25f8efc1f325:c4, 0ad894eb-396d-46a7-a4d0-256210dc34c1:c3]
2019-09-16 22:27:02,358 [java.util.concurrent.ThreadPoolExecutor$Worker@7224147d[State = -1, empty queue]] WARN  server.GrpcLogAppender (GrpcLogAppender.java:timeoutAppendRequest(200)) - 9d8d98b0-9991-458a-859c-25f8efc1f325@group-7F526C56D1E5->0ad894eb-396d-46a7-a4d0-256210dc34c1-GrpcLogAppender: appendEntries Timeout, request=9d8d98b0-9991-458a-859c-25f8efc1f325->0ad894eb-396d-46a7-a4d0-256210dc34c1#51-t1, previous=(t:1, i:10), leaderCommit=4, initializing? false, entries: <empty>
2019-09-16 22:27:02,358 [java.util.concurrent.ThreadPoolExecutor$Worker@46f58b95[State = -1, empty queue]] WARN  server.GrpcLogAppender (GrpcLogAppender.java:timeoutAppendRequest(200)) - 9d8d98b0-9991-458a-859c-25f8efc1f325@group-7F526C56D1E5->5ecabd24-29f4-44ad-af86-ba12f6ac88ae-GrpcLogAppender: appendEntries Timeout, request=9d8d98b0-9991-458a-859c-25f8efc1f325->5ecabd24-29f4-44ad-af86-ba12f6ac88ae#51-t1, previous=(t:1, i:10), leaderCommit=4, initializing? false, entries: <empty>
2019-09-16 22:27:04,330 [9d8d98b0-9991-458a-859c-25f8efc1f325@group-7F526C56D1E5-SegmentedRaftLogWorker] WARN  segmented.SegmentedRaftLogWorker (SegmentedRaftLogWorker.java:getFromFuture(90)) - Timeout 7/~
org.apache.ratis.protocol.TimeoutIOException: Timeout 10s: WriteLog:5: (t:1, i:5), STATEMACHINELOGENTRY, client-99A751C7AE4E, cid=146-writeStateMachineData
	at org.apache.ratis.util.IOUtils.getFromFuture(IOUtils.java:87)
	at org.apache.ratis.server.raftlog.segmented.SegmentedRaftLogWorker$StateMachineDataPolicy.getFromFuture(SegmentedRaftLogWorker.java:87)
	at org.apache.ratis.server.raftlog.segmented.SegmentedRaftLogWorker$WriteLog.execute(SegmentedRaftLogWorker.java:477)
	at org.apache.ratis.server.raftlog.segmented.SegmentedRaftLogWorker.run(SegmentedRaftLogWorker.java:289)
	at java.lang.Thread.run(Thread.java:748)
Caused by: java.util.concurrent.TimeoutException
	at java.util.concurrent.CompletableFuture.timedGet(CompletableFuture.java:1771)
	at java.util.concurrent.CompletableFuture.get(CompletableFuture.java:1915)
	at org.apache.ratis.util.IOUtils.getFromFuture(IOUtils.java:79)
	... 4 more
2019-09-16 22:27:04,357 [0ad894eb-396d-46a7-a4d0-256210dc34c1@group-7F526C56D1E5-SegmentedRaftLogWorker] WARN  segmented.SegmentedRaftLogWorker (SegmentedRaftLogWorker.java:getFromFuture(90)) - Timeout 7/~
org.apache.ratis.protocol.TimeoutIOException: Timeout 10s: WriteLog:5: (t:1, i:5), STATEMACHINELOGENTRY, client-99A751C7AE4E, cid=146-writeStateMachineData
	at org.apache.ratis.util.IOUtils.getFromFuture(IOUtils.java:87)
	at org.apache.ratis.server.raftlog.segmented.SegmentedRaftLogWorker$StateMachineDataPolicy.getFromFuture(SegmentedRaftLogWorker.java:87)
	at org.apache.ratis.server.raftlog.segmented.SegmentedRaftLogWorker$WriteLog.execute(SegmentedRaftLogWorker.java:477)
	at org.apache.ratis.server.raftlog.segmented.SegmentedRaftLogWorker.run(SegmentedRaftLogWorker.java:289)
	at java.lang.Thread.run(Thread.java:748)
Caused by: java.util.concurrent.TimeoutException
	at java.util.concurrent.CompletableFuture.timedGet(CompletableFuture.java:1771)
	at java.util.concurrent.CompletableFuture.get(CompletableFuture.java:1915)
	at org.apache.ratis.util.IOUtils.getFromFuture(IOUtils.java:79)
	... 4 more
2019-09-16 22:27:04,357 [5ecabd24-29f4-44ad-af86-ba12f6ac88ae@group-7F526C56D1E5-SegmentedRaftLogWorker] WARN  segmented.SegmentedRaftLogWorker (SegmentedRaftLogWorker.java:getFromFuture(90)) - Timeout 7/~
org.apache.ratis.protocol.TimeoutIOException: Timeout 10s: WriteLog:5: (t:1, i:5), STATEMACHINELOGENTRY, client-99A751C7AE4E, cid=146-writeStateMachineData
	at org.apache.ratis.util.IOUtils.getFromFuture(IOUtils.java:87)
	at org.apache.ratis.server.raftlog.segmented.SegmentedRaftLogWorker$StateMachineDataPolicy.getFromFuture(SegmentedRaftLogWorker.java:87)
	at org.apache.ratis.server.raftlog.segmented.SegmentedRaftLogWorker$WriteLog.execute(SegmentedRaftLogWorker.java:477)
	at org.apache.ratis.server.raftlog.segmented.SegmentedRaftLogWorker.run(SegmentedRaftLogWorker.java:289)
	at java.lang.Thread.run(Thread.java:748)
Caused by: java.util.concurrent.TimeoutException
	at java.util.concurrent.CompletableFuture.timedGet(CompletableFuture.java:1771)
	at java.util.concurrent.CompletableFuture.get(CompletableFuture.java:1915)
	at org.apache.ratis.util.IOUtils.getFromFuture(IOUtils.java:79)
	... 4 more
2019-09-16 22:27:04,858 [java.util.concurrent.ThreadPoolExecutor$Worker@46f58b95[State = -1, empty queue]] WARN  server.GrpcLogAppender (GrpcLogAppender.java:timeoutAppendRequest(200)) - 9d8d98b0-9991-458a-859c-25f8efc1f325@group-7F526C56D1E5->5ecabd24-29f4-44ad-af86-ba12f6ac88ae-GrpcLogAppender: appendEntries Timeout, request=9d8d98b0-9991-458a-859c-25f8efc1f325->5ecabd24-29f4-44ad-af86-ba12f6ac88ae#52-t1, previous=(t:1, i:10), leaderCommit=4, initializing? false, entries: <empty>
2019-09-16 22:27:04,858 [java.util.concurrent.ThreadPoolExecutor$Worker@7224147d[State = -1, empty queue]] WARN  server.GrpcLogAppender (GrpcLogAppender.java:timeoutAppendRequest(200)) - 9d8d98b0-9991-458a-859c-25f8efc1f325@group-7F526C56D1E5->0ad894eb-396d-46a7-a4d0-256210dc34c1-GrpcLogAppender: appendEntries Timeout, request=9d8d98b0-9991-458a-859c-25f8efc1f325->0ad894eb-396d-46a7-a4d0-256210dc34c1#52-t1, previous=(t:1, i:10), leaderCommit=4, initializing? false, entries: <empty>
2019-09-16 22:27:05,063 [grpc-default-executor-10] INFO  client.GrpcClientProtocolClient (GrpcClientProtocolClient.java:onNext(264)) - client-99A751C7AE4E->0ad894eb-396d-46a7-a4d0-256210dc34c1: receive RaftClientReply:client-99A751C7AE4E->0ad894eb-396d-46a7-a4d0-256210dc34c1@group-7F526C56D1E5, cid=146, FAILED org.apache.ratis.protocol.NotLeaderException: Server 0ad894eb-396d-46a7-a4d0-256210dc34c1@group-7F526C56D1E5 is not the leader 9d8d98b0-9991-458a-859c-25f8efc1f325:192.168.151.68:46204, logIndex=0, commits[0ad894eb-396d-46a7-a4d0-256210dc34c1:c4, 9d8d98b0-9991-458a-859c-25f8efc1f325:c4, 5ecabd24-29f4-44ad-af86-ba12f6ac88ae:c3]
2019-09-16 22:27:07,358 [java.util.concurrent.ThreadPoolExecutor$Worker@7224147d[State = -1, empty queue]] WARN  server.GrpcLogAppender (GrpcLogAppender.java:timeoutAppendRequest(200)) - 9d8d98b0-9991-458a-859c-25f8efc1f325@group-7F526C56D1E5->0ad894eb-396d-46a7-a4d0-256210dc34c1-GrpcLogAppender: appendEntries Timeout, request=9d8d98b0-9991-458a-859c-25f8efc1f325->0ad894eb-396d-46a7-a4d0-256210dc34c1#53-t1, previous=(t:1, i:10), leaderCommit=4, initializing? false, entries: <empty>
2019-09-16 22:27:07,358 [java.util.concurrent.ThreadPoolExecutor$Worker@46f58b95[State = -1, empty queue]] WARN  server.GrpcLogAppender (GrpcLogAppender.java:timeoutAppendRequest(200)) - 9d8d98b0-9991-458a-859c-25f8efc1f325@group-7F526C56D1E5->5ecabd24-29f4-44ad-af86-ba12f6ac88ae-GrpcLogAppender: appendEntries Timeout, request=9d8d98b0-9991-458a-859c-25f8efc1f325->5ecabd24-29f4-44ad-af86-ba12f6ac88ae#53-t1, previous=(t:1, i:10), leaderCommit=4, initializing? false, entries: <empty>
2019-09-16 22:27:09,859 [java.util.concurrent.ThreadPoolExecutor$Worker@46f58b95[State = -1, empty queue]] WARN  server.GrpcLogAppender (GrpcLogAppender.java:timeoutAppendRequest(200)) - 9d8d98b0-9991-458a-859c-25f8efc1f325@group-7F526C56D1E5->5ecabd24-29f4-44ad-af86-ba12f6ac88ae-GrpcLogAppender: appendEntries Timeout, request=9d8d98b0-9991-458a-859c-25f8efc1f325->5ecabd24-29f4-44ad-af86-ba12f6ac88ae#54-t1, previous=(t:1, i:10), leaderCommit=4, initializing? false, entries: <empty>
2019-09-16 22:27:09,859 [java.util.concurrent.ThreadPoolExecutor$Worker@7224147d[State = -1, empty queue]] WARN  server.GrpcLogAppender (GrpcLogAppender.java:timeoutAppendRequest(200)) - 9d8d98b0-9991-458a-859c-25f8efc1f325@group-7F526C56D1E5->0ad894eb-396d-46a7-a4d0-256210dc34c1-GrpcLogAppender: appendEntries Timeout, request=9d8d98b0-9991-458a-859c-25f8efc1f325->0ad894eb-396d-46a7-a4d0-256210dc34c1#54-t1, previous=(t:1, i:10), leaderCommit=4, initializing? false, entries: <empty>
2019-09-16 22:27:10,117 [grpc-default-executor-2] INFO  client.GrpcClientProtocolClient (GrpcClientProtocolClient.java:onNext(264)) - client-99A751C7AE4E->5ecabd24-29f4-44ad-af86-ba12f6ac88ae: receive RaftClientReply:client-99A751C7AE4E->5ecabd24-29f4-44ad-af86-ba12f6ac88ae@group-7F526C56D1E5, cid=146, FAILED org.apache.ratis.protocol.NotLeaderException: Server 5ecabd24-29f4-44ad-af86-ba12f6ac88ae@group-7F526C56D1E5 is not the leader 9d8d98b0-9991-458a-859c-25f8efc1f325:192.168.151.68:46204, logIndex=0, commits[5ecabd24-29f4-44ad-af86-ba12f6ac88ae:c4, 9d8d98b0-9991-458a-859c-25f8efc1f325:c4, 0ad894eb-396d-46a7-a4d0-256210dc34c1:c3]
2019-09-16 22:27:12,360 [java.util.concurrent.ThreadPoolExecutor$Worker@46f58b95[State = -1, empty queue]] WARN  server.GrpcLogAppender (GrpcLogAppender.java:timeoutAppendRequest(200)) - 9d8d98b0-9991-458a-859c-25f8efc1f325@group-7F526C56D1E5->5ecabd24-29f4-44ad-af86-ba12f6ac88ae-GrpcLogAppender: appendEntries Timeout, request=9d8d98b0-9991-458a-859c-25f8efc1f325->5ecabd24-29f4-44ad-af86-ba12f6ac88ae#55-t1, previous=(t:1, i:10), leaderCommit=4, initializing? false, entries: <empty>
2019-09-16 22:27:12,360 [java.util.concurrent.ThreadPoolExecutor$Worker@7224147d[State = -1, empty queue]] WARN  server.GrpcLogAppender (GrpcLogAppender.java:timeoutAppendRequest(200)) - 9d8d98b0-9991-458a-859c-25f8efc1f325@group-7F526C56D1E5->0ad894eb-396d-46a7-a4d0-256210dc34c1-GrpcLogAppender: appendEntries Timeout, request=9d8d98b0-9991-458a-859c-25f8efc1f325->0ad894eb-396d-46a7-a4d0-256210dc34c1#55-t1, previous=(t:1, i:10), leaderCommit=4, initializing? false, entries: <empty>
2019-09-16 22:27:14,331 [9d8d98b0-9991-458a-859c-25f8efc1f325@group-7F526C56D1E5-SegmentedRaftLogWorker] WARN  segmented.SegmentedRaftLogWorker (SegmentedRaftLogWorker.java:getFromFuture(90)) - Timeout 8/~
org.apache.ratis.protocol.TimeoutIOException: Timeout 10s: WriteLog:5: (t:1, i:5), STATEMACHINELOGENTRY, client-99A751C7AE4E, cid=146-writeStateMachineData
	at org.apache.ratis.util.IOUtils.getFromFuture(IOUtils.java:87)
	at org.apache.ratis.server.raftlog.segmented.SegmentedRaftLogWorker$StateMachineDataPolicy.getFromFuture(SegmentedRaftLogWorker.java:87)
	at org.apache.ratis.server.raftlog.segmented.SegmentedRaftLogWorker$WriteLog.execute(SegmentedRaftLogWorker.java:477)
	at org.apache.ratis.server.raftlog.segmented.SegmentedRaftLogWorker.run(SegmentedRaftLogWorker.java:289)
	at java.lang.Thread.run(Thread.java:748)
Caused by: java.util.concurrent.TimeoutException
	at java.util.concurrent.CompletableFuture.timedGet(CompletableFuture.java:1771)
	at java.util.concurrent.CompletableFuture.get(CompletableFuture.java:1915)
	at org.apache.ratis.util.IOUtils.getFromFuture(IOUtils.java:79)
	... 4 more
2019-09-16 22:27:14,358 [0ad894eb-396d-46a7-a4d0-256210dc34c1@group-7F526C56D1E5-SegmentedRaftLogWorker] WARN  segmented.SegmentedRaftLogWorker (SegmentedRaftLogWorker.java:getFromFuture(90)) - Timeout 8/~
org.apache.ratis.protocol.TimeoutIOException: Timeout 10s: WriteLog:5: (t:1, i:5), STATEMACHINELOGENTRY, client-99A751C7AE4E, cid=146-writeStateMachineData
	at org.apache.ratis.util.IOUtils.getFromFuture(IOUtils.java:87)
	at org.apache.ratis.server.raftlog.segmented.SegmentedRaftLogWorker$StateMachineDataPolicy.getFromFuture(SegmentedRaftLogWorker.java:87)
	at org.apache.ratis.server.raftlog.segmented.SegmentedRaftLogWorker$WriteLog.execute(SegmentedRaftLogWorker.java:477)
	at org.apache.ratis.server.raftlog.segmented.SegmentedRaftLogWorker.run(SegmentedRaftLogWorker.java:289)
	at java.lang.Thread.run(Thread.java:748)
Caused by: java.util.concurrent.TimeoutException
	at java.util.concurrent.CompletableFuture.timedGet(CompletableFuture.java:1771)
	at java.util.concurrent.CompletableFuture.get(CompletableFuture.java:1915)
	at org.apache.ratis.util.IOUtils.getFromFuture(IOUtils.java:79)
	... 4 more
2019-09-16 22:27:14,358 [5ecabd24-29f4-44ad-af86-ba12f6ac88ae@group-7F526C56D1E5-SegmentedRaftLogWorker] WARN  segmented.SegmentedRaftLogWorker (SegmentedRaftLogWorker.java:getFromFuture(90)) - Timeout 8/~
org.apache.ratis.protocol.TimeoutIOException: Timeout 10s: WriteLog:5: (t:1, i:5), STATEMACHINELOGENTRY, client-99A751C7AE4E, cid=146-writeStateMachineData
	at org.apache.ratis.util.IOUtils.getFromFuture(IOUtils.java:87)
	at org.apache.ratis.server.raftlog.segmented.SegmentedRaftLogWorker$StateMachineDataPolicy.getFromFuture(SegmentedRaftLogWorker.java:87)
	at org.apache.ratis.server.raftlog.segmented.SegmentedRaftLogWorker$WriteLog.execute(SegmentedRaftLogWorker.java:477)
	at org.apache.ratis.server.raftlog.segmented.SegmentedRaftLogWorker.run(SegmentedRaftLogWorker.java:289)
	at java.lang.Thread.run(Thread.java:748)
Caused by: java.util.concurrent.TimeoutException
	at java.util.concurrent.CompletableFuture.timedGet(CompletableFuture.java:1771)
	at java.util.concurrent.CompletableFuture.get(CompletableFuture.java:1915)
	at org.apache.ratis.util.IOUtils.getFromFuture(IOUtils.java:79)
	... 4 more
2019-09-16 22:27:14,860 [java.util.concurrent.ThreadPoolExecutor$Worker@7224147d[State = -1, empty queue]] WARN  server.GrpcLogAppender (GrpcLogAppender.java:timeoutAppendRequest(200)) - 9d8d98b0-9991-458a-859c-25f8efc1f325@group-7F526C56D1E5->0ad894eb-396d-46a7-a4d0-256210dc34c1-GrpcLogAppender: appendEntries Timeout, request=9d8d98b0-9991-458a-859c-25f8efc1f325->0ad894eb-396d-46a7-a4d0-256210dc34c1#56-t1, previous=(t:1, i:10), leaderCommit=4, initializing? false, entries: <empty>
2019-09-16 22:27:14,860 [java.util.concurrent.ThreadPoolExecutor$Worker@46f58b95[State = -1, empty queue]] WARN  server.GrpcLogAppender (GrpcLogAppender.java:timeoutAppendRequest(200)) - 9d8d98b0-9991-458a-859c-25f8efc1f325@group-7F526C56D1E5->5ecabd24-29f4-44ad-af86-ba12f6ac88ae-GrpcLogAppender: appendEntries Timeout, request=9d8d98b0-9991-458a-859c-25f8efc1f325->5ecabd24-29f4-44ad-af86-ba12f6ac88ae#56-t1, previous=(t:1, i:10), leaderCommit=4, initializing? false, entries: <empty>
2019-09-16 22:27:15,200 [grpc-default-executor-2] INFO  client.GrpcClientProtocolClient (GrpcClientProtocolClient.java:onNext(264)) - client-99A751C7AE4E->0ad894eb-396d-46a7-a4d0-256210dc34c1: receive RaftClientReply:client-99A751C7AE4E->0ad894eb-396d-46a7-a4d0-256210dc34c1@group-7F526C56D1E5, cid=146, FAILED org.apache.ratis.protocol.NotLeaderException: Server 0ad894eb-396d-46a7-a4d0-256210dc34c1@group-7F526C56D1E5 is not the leader 9d8d98b0-9991-458a-859c-25f8efc1f325:192.168.151.68:46204, logIndex=0, commits[0ad894eb-396d-46a7-a4d0-256210dc34c1:c4, 9d8d98b0-9991-458a-859c-25f8efc1f325:c4, 5ecabd24-29f4-44ad-af86-ba12f6ac88ae:c3]
2019-09-16 22:27:17,360 [java.util.concurrent.ThreadPoolExecutor$Worker@46f58b95[State = -1, empty queue]] WARN  server.GrpcLogAppender (GrpcLogAppender.java:timeoutAppendRequest(200)) - 9d8d98b0-9991-458a-859c-25f8efc1f325@group-7F526C56D1E5->5ecabd24-29f4-44ad-af86-ba12f6ac88ae-GrpcLogAppender: appendEntries Timeout, request=9d8d98b0-9991-458a-859c-25f8efc1f325->5ecabd24-29f4-44ad-af86-ba12f6ac88ae#57-t1, previous=(t:1, i:10), leaderCommit=4, initializing? false, entries: <empty>
2019-09-16 22:27:17,360 [java.util.concurrent.ThreadPoolExecutor$Worker@7224147d[State = -1, empty queue]] WARN  server.GrpcLogAppender (GrpcLogAppender.java:timeoutAppendRequest(200)) - 9d8d98b0-9991-458a-859c-25f8efc1f325@group-7F526C56D1E5->0ad894eb-396d-46a7-a4d0-256210dc34c1-GrpcLogAppender: appendEntries Timeout, request=9d8d98b0-9991-458a-859c-25f8efc1f325->0ad894eb-396d-46a7-a4d0-256210dc34c1#57-t1, previous=(t:1, i:10), leaderCommit=4, initializing? false, entries: <empty>
2019-09-16 22:27:19,861 [java.util.concurrent.ThreadPoolExecutor$Worker@46f58b95[State = -1, empty queue]] WARN  server.GrpcLogAppender (GrpcLogAppender.java:timeoutAppendRequest(200)) - 9d8d98b0-9991-458a-859c-25f8efc1f325@group-7F526C56D1E5->5ecabd24-29f4-44ad-af86-ba12f6ac88ae-GrpcLogAppender: appendEntries Timeout, request=9d8d98b0-9991-458a-859c-25f8efc1f325->5ecabd24-29f4-44ad-af86-ba12f6ac88ae#58-t1, previous=(t:1, i:10), leaderCommit=4, initializing? false, entries: <empty>
2019-09-16 22:27:19,861 [java.util.concurrent.ThreadPoolExecutor$Worker@7224147d[State = -1, empty queue]] WARN  server.GrpcLogAppender (GrpcLogAppender.java:timeoutAppendRequest(200)) - 9d8d98b0-9991-458a-859c-25f8efc1f325@group-7F526C56D1E5->0ad894eb-396d-46a7-a4d0-256210dc34c1-GrpcLogAppender: appendEntries Timeout, request=9d8d98b0-9991-458a-859c-25f8efc1f325->0ad894eb-396d-46a7-a4d0-256210dc34c1#58-t1, previous=(t:1, i:10), leaderCommit=4, initializing? false, entries: <empty>
2019-09-16 22:27:20,269 [grpc-default-executor-2] INFO  client.GrpcClientProtocolClient (GrpcClientProtocolClient.java:onNext(264)) - client-99A751C7AE4E->5ecabd24-29f4-44ad-af86-ba12f6ac88ae: receive RaftClientReply:client-99A751C7AE4E->5ecabd24-29f4-44ad-af86-ba12f6ac88ae@group-7F526C56D1E5, cid=146, FAILED org.apache.ratis.protocol.NotLeaderException: Server 5ecabd24-29f4-44ad-af86-ba12f6ac88ae@group-7F526C56D1E5 is not the leader 9d8d98b0-9991-458a-859c-25f8efc1f325:192.168.151.68:46204, logIndex=0, commits[5ecabd24-29f4-44ad-af86-ba12f6ac88ae:c4, 9d8d98b0-9991-458a-859c-25f8efc1f325:c4, 0ad894eb-396d-46a7-a4d0-256210dc34c1:c3]
2019-09-16 22:27:22,361 [java.util.concurrent.ThreadPoolExecutor$Worker@7224147d[State = -1, empty queue]] WARN  server.GrpcLogAppender (GrpcLogAppender.java:timeoutAppendRequest(200)) - 9d8d98b0-9991-458a-859c-25f8efc1f325@group-7F526C56D1E5->0ad894eb-396d-46a7-a4d0-256210dc34c1-GrpcLogAppender: appendEntries Timeout, request=9d8d98b0-9991-458a-859c-25f8efc1f325->0ad894eb-396d-46a7-a4d0-256210dc34c1#59-t1, previous=(t:1, i:10), leaderCommit=4, initializing? false, entries: <empty>
2019-09-16 22:27:22,361 [java.util.concurrent.ThreadPoolExecutor$Worker@46f58b95[State = -1, empty queue]] WARN  server.GrpcLogAppender (GrpcLogAppender.java:timeoutAppendRequest(200)) - 9d8d98b0-9991-458a-859c-25f8efc1f325@group-7F526C56D1E5->5ecabd24-29f4-44ad-af86-ba12f6ac88ae-GrpcLogAppender: appendEntries Timeout, request=9d8d98b0-9991-458a-859c-25f8efc1f325->5ecabd24-29f4-44ad-af86-ba12f6ac88ae#59-t1, previous=(t:1, i:10), leaderCommit=4, initializing? false, entries: <empty>
2019-09-16 22:27:24,333 [9d8d98b0-9991-458a-859c-25f8efc1f325@group-7F526C56D1E5-SegmentedRaftLogWorker] WARN  segmented.SegmentedRaftLogWorker (SegmentedRaftLogWorker.java:getFromFuture(90)) - Timeout 9/~
org.apache.ratis.protocol.TimeoutIOException: Timeout 10s: WriteLog:5: (t:1, i:5), STATEMACHINELOGENTRY, client-99A751C7AE4E, cid=146-writeStateMachineData
	at org.apache.ratis.util.IOUtils.getFromFuture(IOUtils.java:87)
	at org.apache.ratis.server.raftlog.segmented.SegmentedRaftLogWorker$StateMachineDataPolicy.getFromFuture(SegmentedRaftLogWorker.java:87)
	at org.apache.ratis.server.raftlog.segmented.SegmentedRaftLogWorker$WriteLog.execute(SegmentedRaftLogWorker.java:477)
	at org.apache.ratis.server.raftlog.segmented.SegmentedRaftLogWorker.run(SegmentedRaftLogWorker.java:289)
	at java.lang.Thread.run(Thread.java:748)
Caused by: java.util.concurrent.TimeoutException
	at java.util.concurrent.CompletableFuture.timedGet(CompletableFuture.java:1771)
	at java.util.concurrent.CompletableFuture.get(CompletableFuture.java:1915)
	at org.apache.ratis.util.IOUtils.getFromFuture(IOUtils.java:79)
	... 4 more
2019-09-16 22:27:24,358 [0ad894eb-396d-46a7-a4d0-256210dc34c1@group-7F526C56D1E5-SegmentedRaftLogWorker] WARN  segmented.SegmentedRaftLogWorker (SegmentedRaftLogWorker.java:getFromFuture(90)) - Timeout 9/~
org.apache.ratis.protocol.TimeoutIOException: Timeout 10s: WriteLog:5: (t:1, i:5), STATEMACHINELOGENTRY, client-99A751C7AE4E, cid=146-writeStateMachineData
	at org.apache.ratis.util.IOUtils.getFromFuture(IOUtils.java:87)
	at org.apache.ratis.server.raftlog.segmented.SegmentedRaftLogWorker$StateMachineDataPolicy.getFromFuture(SegmentedRaftLogWorker.java:87)
	at org.apache.ratis.server.raftlog.segmented.SegmentedRaftLogWorker$WriteLog.execute(SegmentedRaftLogWorker.java:477)
	at org.apache.ratis.server.raftlog.segmented.SegmentedRaftLogWorker.run(SegmentedRaftLogWorker.java:289)
	at java.lang.Thread.run(Thread.java:748)
Caused by: java.util.concurrent.TimeoutException
	at java.util.concurrent.CompletableFuture.timedGet(CompletableFuture.java:1771)
	at java.util.concurrent.CompletableFuture.get(CompletableFuture.java:1915)
	at org.apache.ratis.util.IOUtils.getFromFuture(IOUtils.java:79)
	... 4 more
2019-09-16 22:27:24,359 [5ecabd24-29f4-44ad-af86-ba12f6ac88ae@group-7F526C56D1E5-SegmentedRaftLogWorker] WARN  segmented.SegmentedRaftLogWorker (SegmentedRaftLogWorker.java:getFromFuture(90)) - Timeout 9/~
org.apache.ratis.protocol.TimeoutIOException: Timeout 10s: WriteLog:5: (t:1, i:5), STATEMACHINELOGENTRY, client-99A751C7AE4E, cid=146-writeStateMachineData
	at org.apache.ratis.util.IOUtils.getFromFuture(IOUtils.java:87)
	at org.apache.ratis.server.raftlog.segmented.SegmentedRaftLogWorker$StateMachineDataPolicy.getFromFuture(SegmentedRaftLogWorker.java:87)
	at org.apache.ratis.server.raftlog.segmented.SegmentedRaftLogWorker$WriteLog.execute(SegmentedRaftLogWorker.java:477)
	at org.apache.ratis.server.raftlog.segmented.SegmentedRaftLogWorker.run(SegmentedRaftLogWorker.java:289)
	at java.lang.Thread.run(Thread.java:748)
Caused by: java.util.concurrent.TimeoutException
	at java.util.concurrent.CompletableFuture.timedGet(CompletableFuture.java:1771)
	at java.util.concurrent.CompletableFuture.get(CompletableFuture.java:1915)
	at org.apache.ratis.util.IOUtils.getFromFuture(IOUtils.java:79)
	... 4 more
2019-09-16 22:27:24,862 [java.util.concurrent.ThreadPoolExecutor$Worker@46f58b95[State = -1, empty queue]] WARN  server.GrpcLogAppender (GrpcLogAppender.java:timeoutAppendRequest(200)) - 9d8d98b0-9991-458a-859c-25f8efc1f325@group-7F526C56D1E5->5ecabd24-29f4-44ad-af86-ba12f6ac88ae-GrpcLogAppender: appendEntries Timeout, request=9d8d98b0-9991-458a-859c-25f8efc1f325->5ecabd24-29f4-44ad-af86-ba12f6ac88ae#60-t1, previous=(t:1, i:10), leaderCommit=4, initializing? false, entries: <empty>
2019-09-16 22:27:24,862 [java.util.concurrent.ThreadPoolExecutor$Worker@7224147d[State = -1, empty queue]] WARN  server.GrpcLogAppender (GrpcLogAppender.java:timeoutAppendRequest(200)) - 9d8d98b0-9991-458a-859c-25f8efc1f325@group-7F526C56D1E5->0ad894eb-396d-46a7-a4d0-256210dc34c1-GrpcLogAppender: appendEntries Timeout, request=9d8d98b0-9991-458a-859c-25f8efc1f325->0ad894eb-396d-46a7-a4d0-256210dc34c1#60-t1, previous=(t:1, i:10), leaderCommit=4, initializing? false, entries: <empty>
2019-09-16 22:27:25,317 [grpc-default-executor-2] INFO  client.GrpcClientProtocolClient (GrpcClientProtocolClient.java:onNext(264)) - client-99A751C7AE4E->5ecabd24-29f4-44ad-af86-ba12f6ac88ae: receive RaftClientReply:client-99A751C7AE4E->5ecabd24-29f4-44ad-af86-ba12f6ac88ae@group-7F526C56D1E5, cid=146, FAILED org.apache.ratis.protocol.NotLeaderException: Server 5ecabd24-29f4-44ad-af86-ba12f6ac88ae@group-7F526C56D1E5 is not the leader 9d8d98b0-9991-458a-859c-25f8efc1f325:192.168.151.68:46204, logIndex=0, commits[5ecabd24-29f4-44ad-af86-ba12f6ac88ae:c4, 9d8d98b0-9991-458a-859c-25f8efc1f325:c4, 0ad894eb-396d-46a7-a4d0-256210dc34c1:c3]
2019-09-16 22:27:27,362 [java.util.concurrent.ThreadPoolExecutor$Worker@7224147d[State = -1, empty queue]] WARN  server.GrpcLogAppender (GrpcLogAppender.java:timeoutAppendRequest(200)) - 9d8d98b0-9991-458a-859c-25f8efc1f325@group-7F526C56D1E5->0ad894eb-396d-46a7-a4d0-256210dc34c1-GrpcLogAppender: appendEntries Timeout, request=9d8d98b0-9991-458a-859c-25f8efc1f325->0ad894eb-396d-46a7-a4d0-256210dc34c1#61-t1, previous=(t:1, i:10), leaderCommit=4, initializing? false, entries: <empty>
2019-09-16 22:27:27,362 [java.util.concurrent.ThreadPoolExecutor$Worker@46f58b95[State = -1, empty queue]] WARN  server.GrpcLogAppender (GrpcLogAppender.java:timeoutAppendRequest(200)) - 9d8d98b0-9991-458a-859c-25f8efc1f325@group-7F526C56D1E5->5ecabd24-29f4-44ad-af86-ba12f6ac88ae-GrpcLogAppender: appendEntries Timeout, request=9d8d98b0-9991-458a-859c-25f8efc1f325->5ecabd24-29f4-44ad-af86-ba12f6ac88ae#61-t1, previous=(t:1, i:10), leaderCommit=4, initializing? false, entries: <empty>
2019-09-16 22:27:29,862 [java.util.concurrent.ThreadPoolExecutor$Worker@46f58b95[State = -1, empty queue]] WARN  server.GrpcLogAppender (GrpcLogAppender.java:timeoutAppendRequest(200)) - 9d8d98b0-9991-458a-859c-25f8efc1f325@group-7F526C56D1E5->5ecabd24-29f4-44ad-af86-ba12f6ac88ae-GrpcLogAppender: appendEntries Timeout, request=9d8d98b0-9991-458a-859c-25f8efc1f325->5ecabd24-29f4-44ad-af86-ba12f6ac88ae#62-t1, previous=(t:1, i:10), leaderCommit=4, initializing? false, entries: <empty>
2019-09-16 22:27:29,862 [java.util.concurrent.ThreadPoolExecutor$Worker@7224147d[State = -1, empty queue]] WARN  server.GrpcLogAppender (GrpcLogAppender.java:timeoutAppendRequest(200)) - 9d8d98b0-9991-458a-859c-25f8efc1f325@group-7F526C56D1E5->0ad894eb-396d-46a7-a4d0-256210dc34c1-GrpcLogAppender: appendEntries Timeout, request=9d8d98b0-9991-458a-859c-25f8efc1f325->0ad894eb-396d-46a7-a4d0-256210dc34c1#62-t1, previous=(t:1, i:10), leaderCommit=4, initializing? false, entries: <empty>
2019-09-16 22:27:30,376 [grpc-default-executor-2] INFO  client.GrpcClientProtocolClient (GrpcClientProtocolClient.java:onNext(264)) - client-99A751C7AE4E->0ad894eb-396d-46a7-a4d0-256210dc34c1: receive RaftClientReply:client-99A751C7AE4E->0ad894eb-396d-46a7-a4d0-256210dc34c1@group-7F526C56D1E5, cid=146, FAILED org.apache.ratis.protocol.NotLeaderException: Server 0ad894eb-396d-46a7-a4d0-256210dc34c1@group-7F526C56D1E5 is not the leader 9d8d98b0-9991-458a-859c-25f8efc1f325:192.168.151.68:46204, logIndex=0, commits[0ad894eb-396d-46a7-a4d0-256210dc34c1:c4, 9d8d98b0-9991-458a-859c-25f8efc1f325:c4, 5ecabd24-29f4-44ad-af86-ba12f6ac88ae:c3]
2019-09-16 22:27:32,362 [java.util.concurrent.ThreadPoolExecutor$Worker@7224147d[State = -1, empty queue]] WARN  server.GrpcLogAppender (GrpcLogAppender.java:timeoutAppendRequest(200)) - 9d8d98b0-9991-458a-859c-25f8efc1f325@group-7F526C56D1E5->0ad894eb-396d-46a7-a4d0-256210dc34c1-GrpcLogAppender: appendEntries Timeout, request=9d8d98b0-9991-458a-859c-25f8efc1f325->0ad894eb-396d-46a7-a4d0-256210dc34c1#63-t1, previous=(t:1, i:10), leaderCommit=4, initializing? false, entries: <empty>
2019-09-16 22:27:32,362 [java.util.concurrent.ThreadPoolExecutor$Worker@46f58b95[State = -1, empty queue]] WARN  server.GrpcLogAppender (GrpcLogAppender.java:timeoutAppendRequest(200)) - 9d8d98b0-9991-458a-859c-25f8efc1f325@group-7F526C56D1E5->5ecabd24-29f4-44ad-af86-ba12f6ac88ae-GrpcLogAppender: appendEntries Timeout, request=9d8d98b0-9991-458a-859c-25f8efc1f325->5ecabd24-29f4-44ad-af86-ba12f6ac88ae#63-t1, previous=(t:1, i:10), leaderCommit=4, initializing? false, entries: <empty>
2019-09-16 22:27:34,335 [9d8d98b0-9991-458a-859c-25f8efc1f325@group-7F526C56D1E5-SegmentedRaftLogWorker] WARN  segmented.SegmentedRaftLogWorker (SegmentedRaftLogWorker.java:getFromFuture(90)) - Timeout 10/~
org.apache.ratis.protocol.TimeoutIOException: Timeout 10s: WriteLog:5: (t:1, i:5), STATEMACHINELOGENTRY, client-99A751C7AE4E, cid=146-writeStateMachineData
	at org.apache.ratis.util.IOUtils.getFromFuture(IOUtils.java:87)
	at org.apache.ratis.server.raftlog.segmented.SegmentedRaftLogWorker$StateMachineDataPolicy.getFromFuture(SegmentedRaftLogWorker.java:87)
	at org.apache.ratis.server.raftlog.segmented.SegmentedRaftLogWorker$WriteLog.execute(SegmentedRaftLogWorker.java:477)
	at org.apache.ratis.server.raftlog.segmented.SegmentedRaftLogWorker.run(SegmentedRaftLogWorker.java:289)
	at java.lang.Thread.run(Thread.java:748)
Caused by: java.util.concurrent.TimeoutException
	at java.util.concurrent.CompletableFuture.timedGet(CompletableFuture.java:1771)
	at java.util.concurrent.CompletableFuture.get(CompletableFuture.java:1915)
	at org.apache.ratis.util.IOUtils.getFromFuture(IOUtils.java:79)
	... 4 more
2019-09-16 22:27:34,359 [0ad894eb-396d-46a7-a4d0-256210dc34c1@group-7F526C56D1E5-SegmentedRaftLogWorker] WARN  segmented.SegmentedRaftLogWorker (SegmentedRaftLogWorker.java:getFromFuture(90)) - Timeout 10/~
org.apache.ratis.protocol.TimeoutIOException: Timeout 10s: WriteLog:5: (t:1, i:5), STATEMACHINELOGENTRY, client-99A751C7AE4E, cid=146-writeStateMachineData
	at org.apache.ratis.util.IOUtils.getFromFuture(IOUtils.java:87)
	at org.apache.ratis.server.raftlog.segmented.SegmentedRaftLogWorker$StateMachineDataPolicy.getFromFuture(SegmentedRaftLogWorker.java:87)
	at org.apache.ratis.server.raftlog.segmented.SegmentedRaftLogWorker$WriteLog.execute(SegmentedRaftLogWorker.java:477)
	at org.apache.ratis.server.raftlog.segmented.SegmentedRaftLogWorker.run(SegmentedRaftLogWorker.java:289)
	at java.lang.Thread.run(Thread.java:748)
Caused by: java.util.concurrent.TimeoutException
	at java.util.concurrent.CompletableFuture.timedGet(CompletableFuture.java:1771)
	at java.util.concurrent.CompletableFuture.get(CompletableFuture.java:1915)
	at org.apache.ratis.util.IOUtils.getFromFuture(IOUtils.java:79)
	... 4 more
2019-09-16 22:27:34,360 [5ecabd24-29f4-44ad-af86-ba12f6ac88ae@group-7F526C56D1E5-SegmentedRaftLogWorker] WARN  segmented.SegmentedRaftLogWorker (SegmentedRaftLogWorker.java:getFromFuture(90)) - Timeout 10/~
org.apache.ratis.protocol.TimeoutIOException: Timeout 10s: WriteLog:5: (t:1, i:5), STATEMACHINELOGENTRY, client-99A751C7AE4E, cid=146-writeStateMachineData
	at org.apache.ratis.util.IOUtils.getFromFuture(IOUtils.java:87)
	at org.apache.ratis.server.raftlog.segmented.SegmentedRaftLogWorker$StateMachineDataPolicy.getFromFuture(SegmentedRaftLogWorker.java:87)
	at org.apache.ratis.server.raftlog.segmented.SegmentedRaftLogWorker$WriteLog.execute(SegmentedRaftLogWorker.java:477)
	at org.apache.ratis.server.raftlog.segmented.SegmentedRaftLogWorker.run(SegmentedRaftLogWorker.java:289)
	at java.lang.Thread.run(Thread.java:748)
Caused by: java.util.concurrent.TimeoutException
	at java.util.concurrent.CompletableFuture.timedGet(CompletableFuture.java:1771)
	at java.util.concurrent.CompletableFuture.get(CompletableFuture.java:1915)
	at org.apache.ratis.util.IOUtils.getFromFuture(IOUtils.java:79)
	... 4 more
2019-09-16 22:27:34,863 [java.util.concurrent.ThreadPoolExecutor$Worker@7224147d[State = -1, empty queue]] WARN  server.GrpcLogAppender (GrpcLogAppender.java:timeoutAppendRequest(200)) - 9d8d98b0-9991-458a-859c-25f8efc1f325@group-7F526C56D1E5->0ad894eb-396d-46a7-a4d0-256210dc34c1-GrpcLogAppender: appendEntries Timeout, request=9d8d98b0-9991-458a-859c-25f8efc1f325->0ad894eb-396d-46a7-a4d0-256210dc34c1#64-t1, previous=(t:1, i:10), leaderCommit=4, initializing? false, entries: <empty>
2019-09-16 22:27:34,863 [java.util.concurrent.ThreadPoolExecutor$Worker@46f58b95[State = -1, empty queue]] WARN  server.GrpcLogAppender (GrpcLogAppender.java:timeoutAppendRequest(200)) - 9d8d98b0-9991-458a-859c-25f8efc1f325@group-7F526C56D1E5->5ecabd24-29f4-44ad-af86-ba12f6ac88ae-GrpcLogAppender: appendEntries Timeout, request=9d8d98b0-9991-458a-859c-25f8efc1f325->5ecabd24-29f4-44ad-af86-ba12f6ac88ae#64-t1, previous=(t:1, i:10), leaderCommit=4, initializing? false, entries: <empty>
2019-09-16 22:27:35,434 [grpc-default-executor-2] INFO  client.GrpcClientProtocolClient (GrpcClientProtocolClient.java:onNext(264)) - client-99A751C7AE4E->5ecabd24-29f4-44ad-af86-ba12f6ac88ae: receive RaftClientReply:client-99A751C7AE4E->5ecabd24-29f4-44ad-af86-ba12f6ac88ae@group-7F526C56D1E5, cid=146, FAILED org.apache.ratis.protocol.NotLeaderException: Server 5ecabd24-29f4-44ad-af86-ba12f6ac88ae@group-7F526C56D1E5 is not the leader 9d8d98b0-9991-458a-859c-25f8efc1f325:192.168.151.68:46204, logIndex=0, commits[5ecabd24-29f4-44ad-af86-ba12f6ac88ae:c4, 9d8d98b0-9991-458a-859c-25f8efc1f325:c4, 0ad894eb-396d-46a7-a4d0-256210dc34c1:c3]
2019-09-16 22:27:37,364 [java.util.concurrent.ThreadPoolExecutor$Worker@46f58b95[State = -1, empty queue]] WARN  server.GrpcLogAppender (GrpcLogAppender.java:timeoutAppendRequest(200)) - 9d8d98b0-9991-458a-859c-25f8efc1f325@group-7F526C56D1E5->5ecabd24-29f4-44ad-af86-ba12f6ac88ae-GrpcLogAppender: appendEntries Timeout, request=9d8d98b0-9991-458a-859c-25f8efc1f325->5ecabd24-29f4-44ad-af86-ba12f6ac88ae#65-t1, previous=(t:1, i:10), leaderCommit=4, initializing? false, entries: <empty>
2019-09-16 22:27:37,364 [java.util.concurrent.ThreadPoolExecutor$Worker@7224147d[State = -1, empty queue]] WARN  server.GrpcLogAppender (GrpcLogAppender.java:timeoutAppendRequest(200)) - 9d8d98b0-9991-458a-859c-25f8efc1f325@group-7F526C56D1E5->0ad894eb-396d-46a7-a4d0-256210dc34c1-GrpcLogAppender: appendEntries Timeout, request=9d8d98b0-9991-458a-859c-25f8efc1f325->0ad894eb-396d-46a7-a4d0-256210dc34c1#65-t1, previous=(t:1, i:10), leaderCommit=4, initializing? false, entries: <empty>
2019-09-16 22:27:39,864 [java.util.concurrent.ThreadPoolExecutor$Worker@7224147d[State = -1, empty queue]] WARN  server.GrpcLogAppender (GrpcLogAppender.java:timeoutAppendRequest(200)) - 9d8d98b0-9991-458a-859c-25f8efc1f325@group-7F526C56D1E5->0ad894eb-396d-46a7-a4d0-256210dc34c1-GrpcLogAppender: appendEntries Timeout, request=9d8d98b0-9991-458a-859c-25f8efc1f325->0ad894eb-396d-46a7-a4d0-256210dc34c1#66-t1, previous=(t:1, i:10), leaderCommit=4, initializing? false, entries: <empty>
2019-09-16 22:27:39,864 [java.util.concurrent.ThreadPoolExecutor$Worker@46f58b95[State = -1, empty queue]] WARN  server.GrpcLogAppender (GrpcLogAppender.java:timeoutAppendRequest(200)) - 9d8d98b0-9991-458a-859c-25f8efc1f325@group-7F526C56D1E5->5ecabd24-29f4-44ad-af86-ba12f6ac88ae-GrpcLogAppender: appendEntries Timeout, request=9d8d98b0-9991-458a-859c-25f8efc1f325->5ecabd24-29f4-44ad-af86-ba12f6ac88ae#66-t1, previous=(t:1, i:10), leaderCommit=4, initializing? false, entries: <empty>
2019-09-16 22:27:40,490 [grpc-default-executor-2] INFO  client.GrpcClientProtocolClient (GrpcClientProtocolClient.java:onNext(264)) - client-99A751C7AE4E->5ecabd24-29f4-44ad-af86-ba12f6ac88ae: receive RaftClientReply:client-99A751C7AE4E->5ecabd24-29f4-44ad-af86-ba12f6ac88ae@group-7F526C56D1E5, cid=146, FAILED org.apache.ratis.protocol.NotLeaderException: Server 5ecabd24-29f4-44ad-af86-ba12f6ac88ae@group-7F526C56D1E5 is not the leader 9d8d98b0-9991-458a-859c-25f8efc1f325:192.168.151.68:46204, logIndex=0, commits[5ecabd24-29f4-44ad-af86-ba12f6ac88ae:c4, 9d8d98b0-9991-458a-859c-25f8efc1f325:c4, 0ad894eb-396d-46a7-a4d0-256210dc34c1:c3]
2019-09-16 22:27:42,364 [java.util.concurrent.ThreadPoolExecutor$Worker@7224147d[State = -1, empty queue]] WARN  server.GrpcLogAppender (GrpcLogAppender.java:timeoutAppendRequest(200)) - 9d8d98b0-9991-458a-859c-25f8efc1f325@group-7F526C56D1E5->0ad894eb-396d-46a7-a4d0-256210dc34c1-GrpcLogAppender: appendEntries Timeout, request=9d8d98b0-9991-458a-859c-25f8efc1f325->0ad894eb-396d-46a7-a4d0-256210dc34c1#67-t1, previous=(t:1, i:10), leaderCommit=4, initializing? false, entries: <empty>
2019-09-16 22:27:42,364 [java.util.concurrent.ThreadPoolExecutor$Worker@46f58b95[State = -1, empty queue]] WARN  server.GrpcLogAppender (GrpcLogAppender.java:timeoutAppendRequest(200)) - 9d8d98b0-9991-458a-859c-25f8efc1f325@group-7F526C56D1E5->5ecabd24-29f4-44ad-af86-ba12f6ac88ae-GrpcLogAppender: appendEntries Timeout, request=9d8d98b0-9991-458a-859c-25f8efc1f325->5ecabd24-29f4-44ad-af86-ba12f6ac88ae#67-t1, previous=(t:1, i:10), leaderCommit=4, initializing? false, entries: <empty>
2019-09-16 22:27:44,337 [9d8d98b0-9991-458a-859c-25f8efc1f325@group-7F526C56D1E5-SegmentedRaftLogWorker] WARN  segmented.SegmentedRaftLogWorker (SegmentedRaftLogWorker.java:getFromFuture(90)) - Timeout 11/~
org.apache.ratis.protocol.TimeoutIOException: Timeout 10s: WriteLog:5: (t:1, i:5), STATEMACHINELOGENTRY, client-99A751C7AE4E, cid=146-writeStateMachineData
	at org.apache.ratis.util.IOUtils.getFromFuture(IOUtils.java:87)
	at org.apache.ratis.server.raftlog.segmented.SegmentedRaftLogWorker$StateMachineDataPolicy.getFromFuture(SegmentedRaftLogWorker.java:87)
	at org.apache.ratis.server.raftlog.segmented.SegmentedRaftLogWorker$WriteLog.execute(SegmentedRaftLogWorker.java:477)
	at org.apache.ratis.server.raftlog.segmented.SegmentedRaftLogWorker.run(SegmentedRaftLogWorker.java:289)
	at java.lang.Thread.run(Thread.java:748)
Caused by: java.util.concurrent.TimeoutException
	at java.util.concurrent.CompletableFuture.timedGet(CompletableFuture.java:1771)
	at java.util.concurrent.CompletableFuture.get(CompletableFuture.java:1915)
	at org.apache.ratis.util.IOUtils.getFromFuture(IOUtils.java:79)
	... 4 more
2019-09-16 22:27:44,360 [0ad894eb-396d-46a7-a4d0-256210dc34c1@group-7F526C56D1E5-SegmentedRaftLogWorker] WARN  segmented.SegmentedRaftLogWorker (SegmentedRaftLogWorker.java:getFromFuture(90)) - Timeout 11/~
org.apache.ratis.protocol.TimeoutIOException: Timeout 10s: WriteLog:5: (t:1, i:5), STATEMACHINELOGENTRY, client-99A751C7AE4E, cid=146-writeStateMachineData
	at org.apache.ratis.util.IOUtils.getFromFuture(IOUtils.java:87)
	at org.apache.ratis.server.raftlog.segmented.SegmentedRaftLogWorker$StateMachineDataPolicy.getFromFuture(SegmentedRaftLogWorker.java:87)
	at org.apache.ratis.server.raftlog.segmented.SegmentedRaftLogWorker$WriteLog.execute(SegmentedRaftLogWorker.java:477)
	at org.apache.ratis.server.raftlog.segmented.SegmentedRaftLogWorker.run(SegmentedRaftLogWorker.java:289)
	at java.lang.Thread.run(Thread.java:748)
Caused by: java.util.concurrent.TimeoutException
	at java.util.concurrent.CompletableFuture.timedGet(CompletableFuture.java:1771)
	at java.util.concurrent.CompletableFuture.get(CompletableFuture.java:1915)
	at org.apache.ratis.util.IOUtils.getFromFuture(IOUtils.java:79)
	... 4 more
2019-09-16 22:27:44,360 [5ecabd24-29f4-44ad-af86-ba12f6ac88ae@group-7F526C56D1E5-SegmentedRaftLogWorker] WARN  segmented.SegmentedRaftLogWorker (SegmentedRaftLogWorker.java:getFromFuture(90)) - Timeout 11/~
org.apache.ratis.protocol.TimeoutIOException: Timeout 10s: WriteLog:5: (t:1, i:5), STATEMACHINELOGENTRY, client-99A751C7AE4E, cid=146-writeStateMachineData
	at org.apache.ratis.util.IOUtils.getFromFuture(IOUtils.java:87)
	at org.apache.ratis.server.raftlog.segmented.SegmentedRaftLogWorker$StateMachineDataPolicy.getFromFuture(SegmentedRaftLogWorker.java:87)
	at org.apache.ratis.server.raftlog.segmented.SegmentedRaftLogWorker$WriteLog.execute(SegmentedRaftLogWorker.java:477)
	at org.apache.ratis.server.raftlog.segmented.SegmentedRaftLogWorker.run(SegmentedRaftLogWorker.java:289)
	at java.lang.Thread.run(Thread.java:748)
Caused by: java.util.concurrent.TimeoutException
	at java.util.concurrent.CompletableFuture.timedGet(CompletableFuture.java:1771)
	at java.util.concurrent.CompletableFuture.get(CompletableFuture.java:1915)
	at org.apache.ratis.util.IOUtils.getFromFuture(IOUtils.java:79)
	... 4 more
2019-09-16 22:27:44,366 [org.apache.ratis.server.impl.LogAppender$AppenderDaemon$$Lambda$514/1412847569@6e6f6e5d] ERROR ratis.XceiverServerRatis (XceiverServerRatis.java:triggerPipelineClose(575)) - pipeline Action CLOSE  on pipeline PipelineID=505bc541-8f43-4d7f-bd48-7f526c56d1e5.Reason : 9d8d98b0-9991-458a-859c-25f8efc1f325 has not seen follower/s 0ad894eb-396d-46a7-a4d0-256210dc34c1 for 120208ms 5ecabd24-29f4-44ad-af86-ba12f6ac88ae for 120210ms
2019-09-16 22:27:44,366 [org.apache.ratis.server.impl.LogAppender$AppenderDaemon$$Lambda$514/1412847569@74bec2da] ERROR ratis.XceiverServerRatis (XceiverServerRatis.java:triggerPipelineClose(575)) - pipeline Action CLOSE  on pipeline PipelineID=505bc541-8f43-4d7f-bd48-7f526c56d1e5.Reason : 9d8d98b0-9991-458a-859c-25f8efc1f325 has not seen follower/s 0ad894eb-396d-46a7-a4d0-256210dc34c1 for 120208ms 5ecabd24-29f4-44ad-af86-ba12f6ac88ae for 120210ms
2019-09-16 22:27:44,476 [EventQueue-PipelineActionsForPipelineActionHandler] ERROR pipeline.PipelineActionHandler (PipelineActionHandler.java:onMessage(60)) - Received pipeline action CLOSE for Pipeline[ Id: 505bc541-8f43-4d7f-bd48-7f526c56d1e5, Nodes: 5ecabd24-29f4-44ad-af86-ba12f6ac88ae{ip: 192.168.151.68, host: pr-hdds-2135-v26ff-2356241440, networkLocation: /default-rack, certSerialId: null}9d8d98b0-9991-458a-859c-25f8efc1f325{ip: 192.168.151.68, host: pr-hdds-2135-v26ff-2356241440, networkLocation: /default-rack, certSerialId: null}0ad894eb-396d-46a7-a4d0-256210dc34c1{ip: 192.168.151.68, host: pr-hdds-2135-v26ff-2356241440, networkLocation: /default-rack, certSerialId: null}, Type:RATIS, Factor:THREE, State:OPEN] from datanode 9d8d98b0-9991-458a-859c-25f8efc1f325{ip: 192.168.151.68, host: pr-hdds-2135-v26ff-2356241440, networkLocation: /default-rack, certSerialId: null}. Reason : 9d8d98b0-9991-458a-859c-25f8efc1f325 has not seen follower/s 0ad894eb-396d-46a7-a4d0-256210dc34c1 for 120208ms 5ecabd24-29f4-44ad-af86-ba12f6ac88ae for 120210ms
2019-09-16 22:27:44,476 [EventQueue-PipelineActionsForPipelineActionHandler] INFO  pipeline.SCMPipelineManager (SCMPipelineManager.java:finalizeAndDestroyPipeline(311)) - destroying pipeline:Pipeline[ Id: 505bc541-8f43-4d7f-bd48-7f526c56d1e5, Nodes: 5ecabd24-29f4-44ad-af86-ba12f6ac88ae{ip: 192.168.151.68, host: pr-hdds-2135-v26ff-2356241440, networkLocation: /default-rack, certSerialId: null}9d8d98b0-9991-458a-859c-25f8efc1f325{ip: 192.168.151.68, host: pr-hdds-2135-v26ff-2356241440, networkLocation: /default-rack, certSerialId: null}0ad894eb-396d-46a7-a4d0-256210dc34c1{ip: 192.168.151.68, host: pr-hdds-2135-v26ff-2356241440, networkLocation: /default-rack, certSerialId: null}, Type:RATIS, Factor:THREE, State:OPEN]
2019-09-16 22:27:44,477 [EventQueue-PipelineActionsForPipelineActionHandler] INFO  pipeline.PipelineStateManager (PipelineStateManager.java:finalizePipeline(123)) - Pipeline Pipeline[ Id: 505bc541-8f43-4d7f-bd48-7f526c56d1e5, Nodes: 5ecabd24-29f4-44ad-af86-ba12f6ac88ae{ip: 192.168.151.68, host: pr-hdds-2135-v26ff-2356241440, networkLocation: /default-rack, certSerialId: null}9d8d98b0-9991-458a-859c-25f8efc1f325{ip: 192.168.151.68, host: pr-hdds-2135-v26ff-2356241440, networkLocation: /default-rack, certSerialId: null}0ad894eb-396d-46a7-a4d0-256210dc34c1{ip: 192.168.151.68, host: pr-hdds-2135-v26ff-2356241440, networkLocation: /default-rack, certSerialId: null}, Type:RATIS, Factor:THREE, State:CLOSED] moved to CLOSED state
2019-09-16 22:27:44,477 [EventQueue-CloseContainerForCloseContainerEventHandler] INFO  container.CloseContainerEventHandler (CloseContainerEventHandler.java:onMessage(61)) - Close container Event triggered for container : #7
2019-09-16 22:27:44,478 [EventQueue-CloseContainerForCloseContainerEventHandler] INFO  container.CloseContainerEventHandler (CloseContainerEventHandler.java:onMessage(61)) - Close container Event triggered for container : #8
2019-09-16 22:27:44,864 [java.util.concurrent.ThreadPoolExecutor$Worker@7224147d[State = -1, empty queue]] WARN  server.GrpcLogAppender (GrpcLogAppender.java:timeoutAppendRequest(200)) - 9d8d98b0-9991-458a-859c-25f8efc1f325@group-7F526C56D1E5->0ad894eb-396d-46a7-a4d0-256210dc34c1-GrpcLogAppender: appendEntries Timeout, request=9d8d98b0-9991-458a-859c-25f8efc1f325->0ad894eb-396d-46a7-a4d0-256210dc34c1#68-t1, previous=(t:1, i:10), leaderCommit=4, initializing? false, entries: <empty>
2019-09-16 22:27:44,864 [java.util.concurrent.ThreadPoolExecutor$Worker@46f58b95[State = -1, empty queue]] WARN  server.GrpcLogAppender (GrpcLogAppender.java:timeoutAppendRequest(200)) - 9d8d98b0-9991-458a-859c-25f8efc1f325@group-7F526C56D1E5->5ecabd24-29f4-44ad-af86-ba12f6ac88ae-GrpcLogAppender: appendEntries Timeout, request=9d8d98b0-9991-458a-859c-25f8efc1f325->5ecabd24-29f4-44ad-af86-ba12f6ac88ae#68-t1, previous=(t:1, i:10), leaderCommit=4, initializing? false, entries: <empty>
2019-09-16 22:27:45,542 [grpc-default-executor-2] INFO  client.GrpcClientProtocolClient (GrpcClientProtocolClient.java:onNext(264)) - client-99A751C7AE4E->5ecabd24-29f4-44ad-af86-ba12f6ac88ae: receive RaftClientReply:client-99A751C7AE4E->5ecabd24-29f4-44ad-af86-ba12f6ac88ae@group-7F526C56D1E5, cid=146, FAILED org.apache.ratis.protocol.NotLeaderException: Server 5ecabd24-29f4-44ad-af86-ba12f6ac88ae@group-7F526C56D1E5 is not the leader 9d8d98b0-9991-458a-859c-25f8efc1f325:192.168.151.68:46204, logIndex=0, commits[5ecabd24-29f4-44ad-af86-ba12f6ac88ae:c4, 9d8d98b0-9991-458a-859c-25f8efc1f325:c4, 0ad894eb-396d-46a7-a4d0-256210dc34c1:c3]
2019-09-16 22:27:46,507 [org.apache.ratis.server.impl.LogAppender$AppenderDaemon$$Lambda$514/1412847569@74bec2da] ERROR ratis.XceiverServerRatis (XceiverServerRatis.java:triggerPipelineClose(575)) - pipeline Action CLOSE  on pipeline PipelineID=505bc541-8f43-4d7f-bd48-7f526c56d1e5.Reason : 9d8d98b0-9991-458a-859c-25f8efc1f325 has not seen follower/s 0ad894eb-396d-46a7-a4d0-256210dc34c1 for 122349ms 5ecabd24-29f4-44ad-af86-ba12f6ac88ae for 122352ms
2019-09-16 22:27:46,507 [org.apache.ratis.server.impl.LogAppender$AppenderDaemon$$Lambda$514/1412847569@6e6f6e5d] ERROR ratis.XceiverServerRatis (XceiverServerRatis.java:triggerPipelineClose(575)) - pipeline Action CLOSE  on pipeline PipelineID=505bc541-8f43-4d7f-bd48-7f526c56d1e5.Reason : 9d8d98b0-9991-458a-859c-25f8efc1f325 has not seen follower/s 0ad894eb-396d-46a7-a4d0-256210dc34c1 for 122349ms 5ecabd24-29f4-44ad-af86-ba12f6ac88ae for 122352ms
2019-09-16 22:27:47,365 [java.util.concurrent.ThreadPoolExecutor$Worker@46f58b95[State = -1, empty queue]] WARN  server.GrpcLogAppender (GrpcLogAppender.java:timeoutAppendRequest(200)) - 9d8d98b0-9991-458a-859c-25f8efc1f325@group-7F526C56D1E5->5ecabd24-29f4-44ad-af86-ba12f6ac88ae-GrpcLogAppender: appendEntries Timeout, request=9d8d98b0-9991-458a-859c-25f8efc1f325->5ecabd24-29f4-44ad-af86-ba12f6ac88ae#69-t1, previous=(t:1, i:10), leaderCommit=4, initializing? false, entries: <empty>
2019-09-16 22:27:47,365 [java.util.concurrent.ThreadPoolExecutor$Worker@7224147d[State = -1, empty queue]] WARN  server.GrpcLogAppender (GrpcLogAppender.java:timeoutAppendRequest(200)) - 9d8d98b0-9991-458a-859c-25f8efc1f325@group-7F526C56D1E5->0ad894eb-396d-46a7-a4d0-256210dc34c1-GrpcLogAppender: appendEntries Timeout, request=9d8d98b0-9991-458a-859c-25f8efc1f325->0ad894eb-396d-46a7-a4d0-256210dc34c1#69-t1, previous=(t:1, i:10), leaderCommit=4, initializing? false, entries: <empty>
2019-09-16 22:27:47,506 [EventQueue-PipelineActionsForPipelineActionHandler] ERROR pipeline.PipelineActionHandler (PipelineActionHandler.java:onMessage(60)) - Received pipeline action CLOSE for Pipeline[ Id: 505bc541-8f43-4d7f-bd48-7f526c56d1e5, Nodes: 5ecabd24-29f4-44ad-af86-ba12f6ac88ae{ip: 192.168.151.68, host: pr-hdds-2135-v26ff-2356241440, networkLocation: /default-rack, certSerialId: null}9d8d98b0-9991-458a-859c-25f8efc1f325{ip: 192.168.151.68, host: pr-hdds-2135-v26ff-2356241440, networkLocation: /default-rack, certSerialId: null}0ad894eb-396d-46a7-a4d0-256210dc34c1{ip: 192.168.151.68, host: pr-hdds-2135-v26ff-2356241440, networkLocation: /default-rack, certSerialId: null}, Type:RATIS, Factor:THREE, State:CLOSED] from datanode 9d8d98b0-9991-458a-859c-25f8efc1f325{ip: 192.168.151.68, host: pr-hdds-2135-v26ff-2356241440, networkLocation: /default-rack, certSerialId: null}. Reason : 9d8d98b0-9991-458a-859c-25f8efc1f325 has not seen follower/s 0ad894eb-396d-46a7-a4d0-256210dc34c1 for 122349ms 5ecabd24-29f4-44ad-af86-ba12f6ac88ae for 122352ms
2019-09-16 22:27:47,506 [EventQueue-PipelineActionsForPipelineActionHandler] INFO  pipeline.SCMPipelineManager (SCMPipelineManager.java:finalizeAndDestroyPipeline(311)) - destroying pipeline:Pipeline[ Id: 505bc541-8f43-4d7f-bd48-7f526c56d1e5, Nodes: 5ecabd24-29f4-44ad-af86-ba12f6ac88ae{ip: 192.168.151.68, host: pr-hdds-2135-v26ff-2356241440, networkLocation: /default-rack, certSerialId: null}9d8d98b0-9991-458a-859c-25f8efc1f325{ip: 192.168.151.68, host: pr-hdds-2135-v26ff-2356241440, networkLocation: /default-rack, certSerialId: null}0ad894eb-396d-46a7-a4d0-256210dc34c1{ip: 192.168.151.68, host: pr-hdds-2135-v26ff-2356241440, networkLocation: /default-rack, certSerialId: null}, Type:RATIS, Factor:THREE, State:CLOSED]
2019-09-16 22:27:49,008 [org.apache.ratis.server.impl.LogAppender$AppenderDaemon$$Lambda$514/1412847569@6e6f6e5d] ERROR ratis.XceiverServerRatis (XceiverServerRatis.java:triggerPipelineClose(575)) - pipeline Action CLOSE  on pipeline PipelineID=505bc541-8f43-4d7f-bd48-7f526c56d1e5.Reason : 9d8d98b0-9991-458a-859c-25f8efc1f325 has not seen follower/s 0ad894eb-396d-46a7-a4d0-256210dc34c1 for 124850ms 5ecabd24-29f4-44ad-af86-ba12f6ac88ae for 124853ms
2019-09-16 22:27:49,008 [org.apache.ratis.server.impl.LogAppender$AppenderDaemon$$Lambda$514/1412847569@74bec2da] ERROR ratis.XceiverServerRatis (XceiverServerRatis.java:triggerPipelineClose(575)) - pipeline Action CLOSE  on pipeline PipelineID=505bc541-8f43-4d7f-bd48-7f526c56d1e5.Reason : 9d8d98b0-9991-458a-859c-25f8efc1f325 has not seen follower/s 0ad894eb-396d-46a7-a4d0-256210dc34c1 for 124850ms 5ecabd24-29f4-44ad-af86-ba12f6ac88ae for 124853ms
2019-09-16 22:27:49,507 [java.util.concurrent.ThreadPoolExecutor$Worker@7224147d[State = -1, empty queue]] WARN  server.GrpcLogAppender (GrpcLogAppender.java:timeoutAppendRequest(200)) - 9d8d98b0-9991-458a-859c-25f8efc1f325@group-7F526C56D1E5->0ad894eb-396d-46a7-a4d0-256210dc34c1-GrpcLogAppender: appendEntries Timeout, request=9d8d98b0-9991-458a-859c-25f8efc1f325->0ad894eb-396d-46a7-a4d0-256210dc34c1#70-t1, previous=(t:1, i:10), leaderCommit=4, initializing? false, entries: size=1, first=(t:1, i:11), STATEMACHINELOGENTRY, client-74078F5C6632, cid=12
2019-09-16 22:27:49,507 [java.util.concurrent.ThreadPoolExecutor$Worker@46f58b95[State = -1, empty queue]] WARN  server.GrpcLogAppender (GrpcLogAppender.java:timeoutAppendRequest(200)) - 9d8d98b0-9991-458a-859c-25f8efc1f325@group-7F526C56D1E5->5ecabd24-29f4-44ad-af86-ba12f6ac88ae-GrpcLogAppender: appendEntries Timeout, request=9d8d98b0-9991-458a-859c-25f8efc1f325->5ecabd24-29f4-44ad-af86-ba12f6ac88ae#70-t1, previous=(t:1, i:10), leaderCommit=4, initializing? false, entries: size=1, first=(t:1, i:11), STATEMACHINELOGENTRY, client-74078F5C6632, cid=12
2019-09-16 22:27:49,510 [EventQueue-PipelineActionsForPipelineActionHandler] ERROR pipeline.PipelineActionHandler (PipelineActionHandler.java:onMessage(60)) - Received pipeline action CLOSE for Pipeline[ Id: 505bc541-8f43-4d7f-bd48-7f526c56d1e5, Nodes: 5ecabd24-29f4-44ad-af86-ba12f6ac88ae{ip: 192.168.151.68, host: pr-hdds-2135-v26ff-2356241440, networkLocation: /default-rack, certSerialId: null}9d8d98b0-9991-458a-859c-25f8efc1f325{ip: 192.168.151.68, host: pr-hdds-2135-v26ff-2356241440, networkLocation: /default-rack, certSerialId: null}0ad894eb-396d-46a7-a4d0-256210dc34c1{ip: 192.168.151.68, host: pr-hdds-2135-v26ff-2356241440, networkLocation: /default-rack, certSerialId: null}, Type:RATIS, Factor:THREE, State:CLOSED] from datanode 9d8d98b0-9991-458a-859c-25f8efc1f325{ip: 192.168.151.68, host: pr-hdds-2135-v26ff-2356241440, networkLocation: /default-rack, certSerialId: null}. Reason : 9d8d98b0-9991-458a-859c-25f8efc1f325 has not seen follower/s 0ad894eb-396d-46a7-a4d0-256210dc34c1 for 124850ms 5ecabd24-29f4-44ad-af86-ba12f6ac88ae for 124853ms
2019-09-16 22:27:49,510 [EventQueue-PipelineActionsForPipelineActionHandler] INFO  pipeline.SCMPipelineManager (SCMPipelineManager.java:finalizeAndDestroyPipeline(311)) - destroying pipeline:Pipeline[ Id: 505bc541-8f43-4d7f-bd48-7f526c56d1e5, Nodes: 5ecabd24-29f4-44ad-af86-ba12f6ac88ae{ip: 192.168.151.68, host: pr-hdds-2135-v26ff-2356241440, networkLocation: /default-rack, certSerialId: null}9d8d98b0-9991-458a-859c-25f8efc1f325{ip: 192.168.151.68, host: pr-hdds-2135-v26ff-2356241440, networkLocation: /default-rack, certSerialId: null}0ad894eb-396d-46a7-a4d0-256210dc34c1{ip: 192.168.151.68, host: pr-hdds-2135-v26ff-2356241440, networkLocation: /default-rack, certSerialId: null}, Type:RATIS, Factor:THREE, State:CLOSED]
2019-09-16 22:27:50,589 [grpc-default-executor-9] INFO  client.GrpcClientProtocolClient (GrpcClientProtocolClient.java:onNext(264)) - client-99A751C7AE4E->5ecabd24-29f4-44ad-af86-ba12f6ac88ae: receive RaftClientReply:client-99A751C7AE4E->5ecabd24-29f4-44ad-af86-ba12f6ac88ae@group-7F526C56D1E5, cid=146, FAILED org.apache.ratis.protocol.NotLeaderException: Server 5ecabd24-29f4-44ad-af86-ba12f6ac88ae@group-7F526C56D1E5 is not the leader 9d8d98b0-9991-458a-859c-25f8efc1f325:192.168.151.68:46204, logIndex=0, commits[5ecabd24-29f4-44ad-af86-ba12f6ac88ae:c4, 9d8d98b0-9991-458a-859c-25f8efc1f325:c4, 0ad894eb-396d-46a7-a4d0-256210dc34c1:c3]
2019-09-16 22:27:51,509 [org.apache.ratis.server.impl.LogAppender$AppenderDaemon$$Lambda$514/1412847569@74bec2da] ERROR ratis.XceiverServerRatis (XceiverServerRatis.java:triggerPipelineClose(575)) - pipeline Action CLOSE  on pipeline PipelineID=505bc541-8f43-4d7f-bd48-7f526c56d1e5.Reason : 9d8d98b0-9991-458a-859c-25f8efc1f325 has not seen follower/s 0ad894eb-396d-46a7-a4d0-256210dc34c1 for 127351ms 5ecabd24-29f4-44ad-af86-ba12f6ac88ae for 127354ms
2019-09-16 22:27:51,509 [org.apache.ratis.server.impl.LogAppender$AppenderDaemon$$Lambda$514/1412847569@6e6f6e5d] ERROR ratis.XceiverServerRatis (XceiverServerRatis.java:triggerPipelineClose(575)) - pipeline Action CLOSE  on pipeline PipelineID=505bc541-8f43-4d7f-bd48-7f526c56d1e5.Reason : 9d8d98b0-9991-458a-859c-25f8efc1f325 has not seen follower/s 0ad894eb-396d-46a7-a4d0-256210dc34c1 for 127351ms 5ecabd24-29f4-44ad-af86-ba12f6ac88ae for 127354ms
2019-09-16 22:27:52,008 [java.util.concurrent.ThreadPoolExecutor$Worker@7224147d[State = -1, empty queue]] WARN  server.GrpcLogAppender (GrpcLogAppender.java:timeoutAppendRequest(200)) - 9d8d98b0-9991-458a-859c-25f8efc1f325@group-7F526C56D1E5->0ad894eb-396d-46a7-a4d0-256210dc34c1-GrpcLogAppender: appendEntries Timeout, request=9d8d98b0-9991-458a-859c-25f8efc1f325->0ad894eb-396d-46a7-a4d0-256210dc34c1#71-t1, previous=(t:1, i:11), leaderCommit=4, initializing? false, entries: <empty>
2019-09-16 22:27:52,008 [java.util.concurrent.ThreadPoolExecutor$Worker@46f58b95[State = -1, empty queue]] WARN  server.GrpcLogAppender (GrpcLogAppender.java:timeoutAppendRequest(200)) - 9d8d98b0-9991-458a-859c-25f8efc1f325@group-7F526C56D1E5->5ecabd24-29f4-44ad-af86-ba12f6ac88ae-GrpcLogAppender: appendEntries Timeout, request=9d8d98b0-9991-458a-859c-25f8efc1f325->5ecabd24-29f4-44ad-af86-ba12f6ac88ae#71-t1, previous=(t:1, i:11), leaderCommit=4, initializing? false, entries: <empty>
2019-09-16 22:27:52,511 [EventQueue-PipelineActionsForPipelineActionHandler] ERROR pipeline.PipelineActionHandler (PipelineActionHandler.java:onMessage(60)) - Received pipeline action CLOSE for Pipeline[ Id: 505bc541-8f43-4d7f-bd48-7f526c56d1e5, Nodes: 5ecabd24-29f4-44ad-af86-ba12f6ac88ae{ip: 192.168.151.68, host: pr-hdds-2135-v26ff-2356241440, networkLocation: /default-rack, certSerialId: null}9d8d98b0-9991-458a-859c-25f8efc1f325{ip: 192.168.151.68, host: pr-hdds-2135-v26ff-2356241440, networkLocation: /default-rack, certSerialId: null}0ad894eb-396d-46a7-a4d0-256210dc34c1{ip: 192.168.151.68, host: pr-hdds-2135-v26ff-2356241440, networkLocation: /default-rack, certSerialId: null}, Type:RATIS, Factor:THREE, State:CLOSED] from datanode 9d8d98b0-9991-458a-859c-25f8efc1f325{ip: 192.168.151.68, host: pr-hdds-2135-v26ff-2356241440, networkLocation: /default-rack, certSerialId: null}. Reason : 9d8d98b0-9991-458a-859c-25f8efc1f325 has not seen follower/s 0ad894eb-396d-46a7-a4d0-256210dc34c1 for 127351ms 5ecabd24-29f4-44ad-af86-ba12f6ac88ae for 127354ms
2019-09-16 22:27:52,511 [EventQueue-PipelineActionsForPipelineActionHandler] INFO  pipeline.SCMPipelineManager (SCMPipelineManager.java:finalizeAndDestroyPipeline(311)) - destroying pipeline:Pipeline[ Id: 505bc541-8f43-4d7f-bd48-7f526c56d1e5, Nodes: 5ecabd24-29f4-44ad-af86-ba12f6ac88ae{ip: 192.168.151.68, host: pr-hdds-2135-v26ff-2356241440, networkLocation: /default-rack, certSerialId: null}9d8d98b0-9991-458a-859c-25f8efc1f325{ip: 192.168.151.68, host: pr-hdds-2135-v26ff-2356241440, networkLocation: /default-rack, certSerialId: null}0ad894eb-396d-46a7-a4d0-256210dc34c1{ip: 192.168.151.68, host: pr-hdds-2135-v26ff-2356241440, networkLocation: /default-rack, certSerialId: null}, Type:RATIS, Factor:THREE, State:CLOSED]
2019-09-16 22:27:54,010 [org.apache.ratis.server.impl.LogAppender$AppenderDaemon$$Lambda$514/1412847569@6e6f6e5d] ERROR ratis.XceiverServerRatis (XceiverServerRatis.java:triggerPipelineClose(575)) - pipeline Action CLOSE  on pipeline PipelineID=505bc541-8f43-4d7f-bd48-7f526c56d1e5.Reason : 9d8d98b0-9991-458a-859c-25f8efc1f325 has not seen follower/s 0ad894eb-396d-46a7-a4d0-256210dc34c1 for 129852ms 5ecabd24-29f4-44ad-af86-ba12f6ac88ae for 129855ms
2019-09-16 22:27:54,010 [org.apache.ratis.server.impl.LogAppender$AppenderDaemon$$Lambda$514/1412847569@74bec2da] ERROR ratis.XceiverServerRatis (XceiverServerRatis.java:triggerPipelineClose(575)) - pipeline Action CLOSE  on pipeline PipelineID=505bc541-8f43-4d7f-bd48-7f526c56d1e5.Reason : 9d8d98b0-9991-458a-859c-25f8efc1f325 has not seen follower/s 0ad894eb-396d-46a7-a4d0-256210dc34c1 for 129852ms 5ecabd24-29f4-44ad-af86-ba12f6ac88ae for 129855ms
2019-09-16 22:27:54,338 [9d8d98b0-9991-458a-859c-25f8efc1f325@group-7F526C56D1E5-SegmentedRaftLogWorker] WARN  segmented.SegmentedRaftLogWorker (SegmentedRaftLogWorker.java:getFromFuture(90)) - Timeout 12/~
org.apache.ratis.protocol.TimeoutIOException: Timeout 10s: WriteLog:5: (t:1, i:5), STATEMACHINELOGENTRY, client-99A751C7AE4E, cid=146-writeStateMachineData
	at org.apache.ratis.util.IOUtils.getFromFuture(IOUtils.java:87)
	at org.apache.ratis.server.raftlog.segmented.SegmentedRaftLogWorker$StateMachineDataPolicy.getFromFuture(SegmentedRaftLogWorker.java:87)
	at org.apache.ratis.server.raftlog.segmented.SegmentedRaftLogWorker$WriteLog.execute(SegmentedRaftLogWorker.java:477)
	at org.apache.ratis.server.raftlog.segmented.SegmentedRaftLogWorker.run(SegmentedRaftLogWorker.java:289)
	at java.lang.Thread.run(Thread.java:748)
Caused by: java.util.concurrent.TimeoutException
	at java.util.concurrent.CompletableFuture.timedGet(CompletableFuture.java:1771)
	at java.util.concurrent.CompletableFuture.get(CompletableFuture.java:1915)
	at org.apache.ratis.util.IOUtils.getFromFuture(IOUtils.java:79)
	... 4 more
2019-09-16 22:27:54,361 [0ad894eb-396d-46a7-a4d0-256210dc34c1@group-7F526C56D1E5-SegmentedRaftLogWorker] WARN  segmented.SegmentedRaftLogWorker (SegmentedRaftLogWorker.java:getFromFuture(90)) - Timeout 12/~
org.apache.ratis.protocol.TimeoutIOException: Timeout 10s: WriteLog:5: (t:1, i:5), STATEMACHINELOGENTRY, client-99A751C7AE4E, cid=146-writeStateMachineData
	at org.apache.ratis.util.IOUtils.getFromFuture(IOUtils.java:87)
	at org.apache.ratis.server.raftlog.segmented.SegmentedRaftLogWorker$StateMachineDataPolicy.getFromFuture(SegmentedRaftLogWorker.java:87)
	at org.apache.ratis.server.raftlog.segmented.SegmentedRaftLogWorker$WriteLog.execute(SegmentedRaftLogWorker.java:477)
	at org.apache.ratis.server.raftlog.segmented.SegmentedRaftLogWorker.run(SegmentedRaftLogWorker.java:289)
	at java.lang.Thread.run(Thread.java:748)
Caused by: java.util.concurrent.TimeoutException
	at java.util.concurrent.CompletableFuture.timedGet(CompletableFuture.java:1771)
	at java.util.concurrent.CompletableFuture.get(CompletableFuture.java:1915)
	at org.apache.ratis.util.IOUtils.getFromFuture(IOUtils.java:79)
	... 4 more
2019-09-16 22:27:54,361 [5ecabd24-29f4-44ad-af86-ba12f6ac88ae@group-7F526C56D1E5-SegmentedRaftLogWorker] WARN  segmented.SegmentedRaftLogWorker (SegmentedRaftLogWorker.java:getFromFuture(90)) - Timeout 12/~
org.apache.ratis.protocol.TimeoutIOException: Timeout 10s: WriteLog:5: (t:1, i:5), STATEMACHINELOGENTRY, client-99A751C7AE4E, cid=146-writeStateMachineData
	at org.apache.ratis.util.IOUtils.getFromFuture(IOUtils.java:87)
	at org.apache.ratis.server.raftlog.segmented.SegmentedRaftLogWorker$StateMachineDataPolicy.getFromFuture(SegmentedRaftLogWorker.java:87)
	at org.apache.ratis.server.raftlog.segmented.SegmentedRaftLogWorker$WriteLog.execute(SegmentedRaftLogWorker.java:477)
	at org.apache.ratis.server.raftlog.segmented.SegmentedRaftLogWorker.run(SegmentedRaftLogWorker.java:289)
	at java.lang.Thread.run(Thread.java:748)
Caused by: java.util.concurrent.TimeoutException
	at java.util.concurrent.CompletableFuture.timedGet(CompletableFuture.java:1771)
	at java.util.concurrent.CompletableFuture.get(CompletableFuture.java:1915)
	at org.apache.ratis.util.IOUtils.getFromFuture(IOUtils.java:79)
	... 4 more
2019-09-16 22:27:54,508 [java.util.concurrent.ThreadPoolExecutor$Worker@46f58b95[State = -1, empty queue]] WARN  server.GrpcLogAppender (GrpcLogAppender.java:timeoutAppendRequest(200)) - 9d8d98b0-9991-458a-859c-25f8efc1f325@group-7F526C56D1E5->5ecabd24-29f4-44ad-af86-ba12f6ac88ae-GrpcLogAppender: appendEntries Timeout, request=9d8d98b0-9991-458a-859c-25f8efc1f325->5ecabd24-29f4-44ad-af86-ba12f6ac88ae#72-t1, previous=(t:1, i:11), leaderCommit=4, initializing? false, entries: <empty>
2019-09-16 22:27:54,509 [java.util.concurrent.ThreadPoolExecutor$Worker@7224147d[State = -1, empty queue]] WARN  server.GrpcLogAppender (GrpcLogAppender.java:timeoutAppendRequest(200)) - 9d8d98b0-9991-458a-859c-25f8efc1f325@group-7F526C56D1E5->0ad894eb-396d-46a7-a4d0-256210dc34c1-GrpcLogAppender: appendEntries Timeout, request=9d8d98b0-9991-458a-859c-25f8efc1f325->0ad894eb-396d-46a7-a4d0-256210dc34c1#72-t1, previous=(t:1, i:11), leaderCommit=4, initializing? false, entries: <empty>
2019-09-16 22:27:54,508 [EventQueue-PipelineActionsForPipelineActionHandler] ERROR pipeline.PipelineActionHandler (PipelineActionHandler.java:onMessage(60)) - Received pipeline action CLOSE for Pipeline[ Id: 505bc541-8f43-4d7f-bd48-7f526c56d1e5, Nodes: 5ecabd24-29f4-44ad-af86-ba12f6ac88ae{ip: 192.168.151.68, host: pr-hdds-2135-v26ff-2356241440, networkLocation: /default-rack, certSerialId: null}9d8d98b0-9991-458a-859c-25f8efc1f325{ip: 192.168.151.68, host: pr-hdds-2135-v26ff-2356241440, networkLocation: /default-rack, certSerialId: null}0ad894eb-396d-46a7-a4d0-256210dc34c1{ip: 192.168.151.68, host: pr-hdds-2135-v26ff-2356241440, networkLocation: /default-rack, certSerialId: null}, Type:RATIS, Factor:THREE, State:CLOSED] from datanode 9d8d98b0-9991-458a-859c-25f8efc1f325{ip: 192.168.151.68, host: pr-hdds-2135-v26ff-2356241440, networkLocation: /default-rack, certSerialId: null}. Reason : 9d8d98b0-9991-458a-859c-25f8efc1f325 has not seen follower/s 0ad894eb-396d-46a7-a4d0-256210dc34c1 for 129852ms 5ecabd24-29f4-44ad-af86-ba12f6ac88ae for 129855ms
2019-09-16 22:27:54,509 [EventQueue-PipelineActionsForPipelineActionHandler] INFO  pipeline.SCMPipelineManager (SCMPipelineManager.java:finalizeAndDestroyPipeline(311)) - destroying pipeline:Pipeline[ Id: 505bc541-8f43-4d7f-bd48-7f526c56d1e5, Nodes: 5ecabd24-29f4-44ad-af86-ba12f6ac88ae{ip: 192.168.151.68, host: pr-hdds-2135-v26ff-2356241440, networkLocation: /default-rack, certSerialId: null}9d8d98b0-9991-458a-859c-25f8efc1f325{ip: 192.168.151.68, host: pr-hdds-2135-v26ff-2356241440, networkLocation: /default-rack, certSerialId: null}0ad894eb-396d-46a7-a4d0-256210dc34c1{ip: 192.168.151.68, host: pr-hdds-2135-v26ff-2356241440, networkLocation: /default-rack, certSerialId: null}, Type:RATIS, Factor:THREE, State:CLOSED]
2019-09-16 22:27:55,640 [grpc-default-executor-2] INFO  client.GrpcClientProtocolClient (GrpcClientProtocolClient.java:onNext(264)) - client-99A751C7AE4E->5ecabd24-29f4-44ad-af86-ba12f6ac88ae: receive RaftClientReply:client-99A751C7AE4E->5ecabd24-29f4-44ad-af86-ba12f6ac88ae@group-7F526C56D1E5, cid=146, FAILED org.apache.ratis.protocol.NotLeaderException: Server 5ecabd24-29f4-44ad-af86-ba12f6ac88ae@group-7F526C56D1E5 is not the leader 9d8d98b0-9991-458a-859c-25f8efc1f325:192.168.151.68:46204, logIndex=0, commits[5ecabd24-29f4-44ad-af86-ba12f6ac88ae:c4, 9d8d98b0-9991-458a-859c-25f8efc1f325:c4, 0ad894eb-396d-46a7-a4d0-256210dc34c1:c3]
2019-09-16 22:27:56,510 [org.apache.ratis.server.impl.LogAppender$AppenderDaemon$$Lambda$514/1412847569@6e6f6e5d] ERROR ratis.XceiverServerRatis (XceiverServerRatis.java:triggerPipelineClose(575)) - pipeline Action CLOSE  on pipeline PipelineID=505bc541-8f43-4d7f-bd48-7f526c56d1e5.Reason : 9d8d98b0-9991-458a-859c-25f8efc1f325 has not seen follower/s 0ad894eb-396d-46a7-a4d0-256210dc34c1 for 132353ms 5ecabd24-29f4-44ad-af86-ba12f6ac88ae for 132355ms
2019-09-16 22:27:56,510 [org.apache.ratis.server.impl.LogAppender$AppenderDaemon$$Lambda$514/1412847569@74bec2da] ERROR ratis.XceiverServerRatis (XceiverServerRatis.java:triggerPipelineClose(575)) - pipeline Action CLOSE  on pipeline PipelineID=505bc541-8f43-4d7f-bd48-7f526c56d1e5.Reason : 9d8d98b0-9991-458a-859c-25f8efc1f325 has not seen follower/s 0ad894eb-396d-46a7-a4d0-256210dc34c1 for 132353ms 5ecabd24-29f4-44ad-af86-ba12f6ac88ae for 132355ms
2019-09-16 22:27:57,009 [java.util.concurrent.ThreadPoolExecutor$Worker@7224147d[State = -1, empty queue]] WARN  server.GrpcLogAppender (GrpcLogAppender.java:timeoutAppendRequest(200)) - 9d8d98b0-9991-458a-859c-25f8efc1f325@group-7F526C56D1E5->0ad894eb-396d-46a7-a4d0-256210dc34c1-GrpcLogAppender: appendEntries Timeout, request=9d8d98b0-9991-458a-859c-25f8efc1f325->0ad894eb-396d-46a7-a4d0-256210dc34c1#73-t1, previous=(t:1, i:11), leaderCommit=4, initializing? false, entries: <empty>
2019-09-16 22:27:57,009 [java.util.concurrent.ThreadPoolExecutor$Worker@46f58b95[State = -1, empty queue]] WARN  server.GrpcLogAppender (GrpcLogAppender.java:timeoutAppendRequest(200)) - 9d8d98b0-9991-458a-859c-25f8efc1f325@group-7F526C56D1E5->5ecabd24-29f4-44ad-af86-ba12f6ac88ae-GrpcLogAppender: appendEntries Timeout, request=9d8d98b0-9991-458a-859c-25f8efc1f325->5ecabd24-29f4-44ad-af86-ba12f6ac88ae#73-t1, previous=(t:1, i:11), leaderCommit=4, initializing? false, entries: <empty>
2019-09-16 22:27:57,510 [EventQueue-PipelineActionsForPipelineActionHandler] ERROR pipeline.PipelineActionHandler (PipelineActionHandler.java:onMessage(60)) - Received pipeline action CLOSE for Pipeline[ Id: 505bc541-8f43-4d7f-bd48-7f526c56d1e5, Nodes: 5ecabd24-29f4-44ad-af86-ba12f6ac88ae{ip: 192.168.151.68, host: pr-hdds-2135-v26ff-2356241440, networkLocation: /default-rack, certSerialId: null}9d8d98b0-9991-458a-859c-25f8efc1f325{ip: 192.168.151.68, host: pr-hdds-2135-v26ff-2356241440, networkLocation: /default-rack, certSerialId: null}0ad894eb-396d-46a7-a4d0-256210dc34c1{ip: 192.168.151.68, host: pr-hdds-2135-v26ff-2356241440, networkLocation: /default-rack, certSerialId: null}, Type:RATIS, Factor:THREE, State:CLOSED] from datanode 9d8d98b0-9991-458a-859c-25f8efc1f325{ip: 192.168.151.68, host: pr-hdds-2135-v26ff-2356241440, networkLocation: /default-rack, certSerialId: null}. Reason : 9d8d98b0-9991-458a-859c-25f8efc1f325 has not seen follower/s 0ad894eb-396d-46a7-a4d0-256210dc34c1 for 132353ms 5ecabd24-29f4-44ad-af86-ba12f6ac88ae for 132355ms
2019-09-16 22:27:57,510 [EventQueue-PipelineActionsForPipelineActionHandler] INFO  pipeline.SCMPipelineManager (SCMPipelineManager.java:finalizeAndDestroyPipeline(311)) - destroying pipeline:Pipeline[ Id: 505bc541-8f43-4d7f-bd48-7f526c56d1e5, Nodes: 5ecabd24-29f4-44ad-af86-ba12f6ac88ae{ip: 192.168.151.68, host: pr-hdds-2135-v26ff-2356241440, networkLocation: /default-rack, certSerialId: null}9d8d98b0-9991-458a-859c-25f8efc1f325{ip: 192.168.151.68, host: pr-hdds-2135-v26ff-2356241440, networkLocation: /default-rack, certSerialId: null}0ad894eb-396d-46a7-a4d0-256210dc34c1{ip: 192.168.151.68, host: pr-hdds-2135-v26ff-2356241440, networkLocation: /default-rack, certSerialId: null}, Type:RATIS, Factor:THREE, State:CLOSED]
2019-09-16 22:27:59,011 [org.apache.ratis.server.impl.LogAppender$AppenderDaemon$$Lambda$514/1412847569@74bec2da] ERROR ratis.XceiverServerRatis (XceiverServerRatis.java:triggerPipelineClose(575)) - pipeline Action CLOSE  on pipeline PipelineID=505bc541-8f43-4d7f-bd48-7f526c56d1e5.Reason : 9d8d98b0-9991-458a-859c-25f8efc1f325 has not seen follower/s 0ad894eb-396d-46a7-a4d0-256210dc34c1 for 134854ms 5ecabd24-29f4-44ad-af86-ba12f6ac88ae for 134856ms
2019-09-16 22:27:59,011 [org.apache.ratis.server.impl.LogAppender$AppenderDaemon$$Lambda$514/1412847569@6e6f6e5d] ERROR ratis.XceiverServerRatis (XceiverServerRatis.java:triggerPipelineClose(575)) - pipeline Action CLOSE  on pipeline PipelineID=505bc541-8f43-4d7f-bd48-7f526c56d1e5.Reason : 9d8d98b0-9991-458a-859c-25f8efc1f325 has not seen follower/s 0ad894eb-396d-46a7-a4d0-256210dc34c1 for 134854ms 5ecabd24-29f4-44ad-af86-ba12f6ac88ae for 134856ms
2019-09-16 22:27:59,510 [java.util.concurrent.ThreadPoolExecutor$Worker@46f58b95[State = -1, empty queue]] WARN  server.GrpcLogAppender (GrpcLogAppender.java:timeoutAppendRequest(200)) - 9d8d98b0-9991-458a-859c-25f8efc1f325@group-7F526C56D1E5->5ecabd24-29f4-44ad-af86-ba12f6ac88ae-GrpcLogAppender: appendEntries Timeout, request=9d8d98b0-9991-458a-859c-25f8efc1f325->5ecabd24-29f4-44ad-af86-ba12f6ac88ae#74-t1, previous=(t:1, i:11), leaderCommit=4, initializing? false, entries: <empty>
2019-09-16 22:27:59,510 [java.util.concurrent.ThreadPoolExecutor$Worker@7224147d[State = -1, empty queue]] WARN  server.GrpcLogAppender (GrpcLogAppender.java:timeoutAppendRequest(200)) - 9d8d98b0-9991-458a-859c-25f8efc1f325@group-7F526C56D1E5->0ad894eb-396d-46a7-a4d0-256210dc34c1-GrpcLogAppender: appendEntries Timeout, request=9d8d98b0-9991-458a-859c-25f8efc1f325->0ad894eb-396d-46a7-a4d0-256210dc34c1#74-t1, previous=(t:1, i:11), leaderCommit=4, initializing? false, entries: <empty>
2019-09-16 22:27:59,511 [EventQueue-PipelineActionsForPipelineActionHandler] ERROR pipeline.PipelineActionHandler (PipelineActionHandler.java:onMessage(60)) - Received pipeline action CLOSE for Pipeline[ Id: 505bc541-8f43-4d7f-bd48-7f526c56d1e5, Nodes: 5ecabd24-29f4-44ad-af86-ba12f6ac88ae{ip: 192.168.151.68, host: pr-hdds-2135-v26ff-2356241440, networkLocation: /default-rack, certSerialId: null}9d8d98b0-9991-458a-859c-25f8efc1f325{ip: 192.168.151.68, host: pr-hdds-2135-v26ff-2356241440, networkLocation: /default-rack, certSerialId: null}0ad894eb-396d-46a7-a4d0-256210dc34c1{ip: 192.168.151.68, host: pr-hdds-2135-v26ff-2356241440, networkLocation: /default-rack, certSerialId: null}, Type:RATIS, Factor:THREE, State:CLOSED] from datanode 9d8d98b0-9991-458a-859c-25f8efc1f325{ip: 192.168.151.68, host: pr-hdds-2135-v26ff-2356241440, networkLocation: /default-rack, certSerialId: null}. Reason : 9d8d98b0-9991-458a-859c-25f8efc1f325 has not seen follower/s 0ad894eb-396d-46a7-a4d0-256210dc34c1 for 134854ms 5ecabd24-29f4-44ad-af86-ba12f6ac88ae for 134856ms
2019-09-16 22:27:59,512 [EventQueue-PipelineActionsForPipelineActionHandler] INFO  pipeline.SCMPipelineManager (SCMPipelineManager.java:finalizeAndDestroyPipeline(311)) - destroying pipeline:Pipeline[ Id: 505bc541-8f43-4d7f-bd48-7f526c56d1e5, Nodes: 5ecabd24-29f4-44ad-af86-ba12f6ac88ae{ip: 192.168.151.68, host: pr-hdds-2135-v26ff-2356241440, networkLocation: /default-rack, certSerialId: null}9d8d98b0-9991-458a-859c-25f8efc1f325{ip: 192.168.151.68, host: pr-hdds-2135-v26ff-2356241440, networkLocation: /default-rack, certSerialId: null}0ad894eb-396d-46a7-a4d0-256210dc34c1{ip: 192.168.151.68, host: pr-hdds-2135-v26ff-2356241440, networkLocation: /default-rack, certSerialId: null}, Type:RATIS, Factor:THREE, State:CLOSED]
2019-09-16 22:28:00,693 [grpc-default-executor-10] INFO  client.GrpcClientProtocolClient (GrpcClientProtocolClient.java:onNext(264)) - client-99A751C7AE4E->5ecabd24-29f4-44ad-af86-ba12f6ac88ae: receive RaftClientReply:client-99A751C7AE4E->5ecabd24-29f4-44ad-af86-ba12f6ac88ae@group-7F526C56D1E5, cid=146, FAILED org.apache.ratis.protocol.NotLeaderException: Server 5ecabd24-29f4-44ad-af86-ba12f6ac88ae@group-7F526C56D1E5 is not the leader 9d8d98b0-9991-458a-859c-25f8efc1f325:192.168.151.68:46204, logIndex=0, commits[5ecabd24-29f4-44ad-af86-ba12f6ac88ae:c4, 9d8d98b0-9991-458a-859c-25f8efc1f325:c4, 0ad894eb-396d-46a7-a4d0-256210dc34c1:c3]
2019-09-16 22:28:01,512 [org.apache.ratis.server.impl.LogAppender$AppenderDaemon$$Lambda$514/1412847569@74bec2da] ERROR ratis.XceiverServerRatis (XceiverServerRatis.java:triggerPipelineClose(575)) - pipeline Action CLOSE  on pipeline PipelineID=505bc541-8f43-4d7f-bd48-7f526c56d1e5.Reason : 9d8d98b0-9991-458a-859c-25f8efc1f325 has not seen follower/s 0ad894eb-396d-46a7-a4d0-256210dc34c1 for 137354ms 5ecabd24-29f4-44ad-af86-ba12f6ac88ae for 137357ms
2019-09-16 22:28:01,512 [org.apache.ratis.server.impl.LogAppender$AppenderDaemon$$Lambda$514/1412847569@6e6f6e5d] ERROR ratis.XceiverServerRatis (XceiverServerRatis.java:triggerPipelineClose(575)) - pipeline Action CLOSE  on pipeline PipelineID=505bc541-8f43-4d7f-bd48-7f526c56d1e5.Reason : 9d8d98b0-9991-458a-859c-25f8efc1f325 has not seen follower/s 0ad894eb-396d-46a7-a4d0-256210dc34c1 for 137354ms 5ecabd24-29f4-44ad-af86-ba12f6ac88ae for 137357ms
2019-09-16 22:28:02,011 [java.util.concurrent.ThreadPoolExecutor$Worker@46f58b95[State = -1, empty queue]] WARN  server.GrpcLogAppender (GrpcLogAppender.java:timeoutAppendRequest(200)) - 9d8d98b0-9991-458a-859c-25f8efc1f325@group-7F526C56D1E5->5ecabd24-29f4-44ad-af86-ba12f6ac88ae-GrpcLogAppender: appendEntries Timeout, request=9d8d98b0-9991-458a-859c-25f8efc1f325->5ecabd24-29f4-44ad-af86-ba12f6ac88ae#75-t1, previous=(t:1, i:11), leaderCommit=4, initializing? false, entries: <empty>
2019-09-16 22:28:02,011 [java.util.concurrent.ThreadPoolExecutor$Worker@7224147d[State = -1, empty queue]] WARN  server.GrpcLogAppender (GrpcLogAppender.java:timeoutAppendRequest(200)) - 9d8d98b0-9991-458a-859c-25f8efc1f325@group-7F526C56D1E5->0ad894eb-396d-46a7-a4d0-256210dc34c1-GrpcLogAppender: appendEntries Timeout, request=9d8d98b0-9991-458a-859c-25f8efc1f325->0ad894eb-396d-46a7-a4d0-256210dc34c1#75-t1, previous=(t:1, i:11), leaderCommit=4, initializing? false, entries: <empty>
2019-09-16 22:28:02,512 [EventQueue-PipelineActionsForPipelineActionHandler] ERROR pipeline.PipelineActionHandler (PipelineActionHandler.java:onMessage(60)) - Received pipeline action CLOSE for Pipeline[ Id: 505bc541-8f43-4d7f-bd48-7f526c56d1e5, Nodes: 5ecabd24-29f4-44ad-af86-ba12f6ac88ae{ip: 192.168.151.68, host: pr-hdds-2135-v26ff-2356241440, networkLocation: /default-rack, certSerialId: null}9d8d98b0-9991-458a-859c-25f8efc1f325{ip: 192.168.151.68, host: pr-hdds-2135-v26ff-2356241440, networkLocation: /default-rack, certSerialId: null}0ad894eb-396d-46a7-a4d0-256210dc34c1{ip: 192.168.151.68, host: pr-hdds-2135-v26ff-2356241440, networkLocation: /default-rack, certSerialId: null}, Type:RATIS, Factor:THREE, State:CLOSED] from datanode 9d8d98b0-9991-458a-859c-25f8efc1f325{ip: 192.168.151.68, host: pr-hdds-2135-v26ff-2356241440, networkLocation: /default-rack, certSerialId: null}. Reason : 9d8d98b0-9991-458a-859c-25f8efc1f325 has not seen follower/s 0ad894eb-396d-46a7-a4d0-256210dc34c1 for 137354ms 5ecabd24-29f4-44ad-af86-ba12f6ac88ae for 137357ms
2019-09-16 22:28:02,512 [EventQueue-PipelineActionsForPipelineActionHandler] INFO  pipeline.SCMPipelineManager (SCMPipelineManager.java:finalizeAndDestroyPipeline(311)) - destroying pipeline:Pipeline[ Id: 505bc541-8f43-4d7f-bd48-7f526c56d1e5, Nodes: 5ecabd24-29f4-44ad-af86-ba12f6ac88ae{ip: 192.168.151.68, host: pr-hdds-2135-v26ff-2356241440, networkLocation: /default-rack, certSerialId: null}9d8d98b0-9991-458a-859c-25f8efc1f325{ip: 192.168.151.68, host: pr-hdds-2135-v26ff-2356241440, networkLocation: /default-rack, certSerialId: null}0ad894eb-396d-46a7-a4d0-256210dc34c1{ip: 192.168.151.68, host: pr-hdds-2135-v26ff-2356241440, networkLocation: /default-rack, certSerialId: null}, Type:RATIS, Factor:THREE, State:CLOSED]
2019-09-16 22:28:04,013 [org.apache.ratis.server.impl.LogAppender$AppenderDaemon$$Lambda$514/1412847569@6e6f6e5d] ERROR ratis.XceiverServerRatis (XceiverServerRatis.java:triggerPipelineClose(575)) - pipeline Action CLOSE  on pipeline PipelineID=505bc541-8f43-4d7f-bd48-7f526c56d1e5.Reason : 9d8d98b0-9991-458a-859c-25f8efc1f325 has not seen follower/s 0ad894eb-396d-46a7-a4d0-256210dc34c1 for 139855ms 5ecabd24-29f4-44ad-af86-ba12f6ac88ae for 139857ms
2019-09-16 22:28:04,013 [org.apache.ratis.server.impl.LogAppender$AppenderDaemon$$Lambda$514/1412847569@74bec2da] ERROR ratis.XceiverServerRatis (XceiverServerRatis.java:triggerPipelineClose(575)) - pipeline Action CLOSE  on pipeline PipelineID=505bc541-8f43-4d7f-bd48-7f526c56d1e5.Reason : 9d8d98b0-9991-458a-859c-25f8efc1f325 has not seen follower/s 0ad894eb-396d-46a7-a4d0-256210dc34c1 for 139855ms 5ecabd24-29f4-44ad-af86-ba12f6ac88ae for 139857ms
2019-09-16 22:28:04,339 [9d8d98b0-9991-458a-859c-25f8efc1f325@group-7F526C56D1E5-SegmentedRaftLogWorker] WARN  segmented.SegmentedRaftLogWorker (SegmentedRaftLogWorker.java:getFromFuture(90)) - Timeout 13/~
org.apache.ratis.protocol.TimeoutIOException: Timeout 10s: WriteLog:5: (t:1, i:5), STATEMACHINELOGENTRY, client-99A751C7AE4E, cid=146-writeStateMachineData
	at org.apache.ratis.util.IOUtils.getFromFuture(IOUtils.java:87)
	at org.apache.ratis.server.raftlog.segmented.SegmentedRaftLogWorker$StateMachineDataPolicy.getFromFuture(SegmentedRaftLogWorker.java:87)
	at org.apache.ratis.server.raftlog.segmented.SegmentedRaftLogWorker$WriteLog.execute(SegmentedRaftLogWorker.java:477)
	at org.apache.ratis.server.raftlog.segmented.SegmentedRaftLogWorker.run(SegmentedRaftLogWorker.java:289)
	at java.lang.Thread.run(Thread.java:748)
Caused by: java.util.concurrent.TimeoutException
	at java.util.concurrent.CompletableFuture.timedGet(CompletableFuture.java:1771)
	at java.util.concurrent.CompletableFuture.get(CompletableFuture.java:1915)
	at org.apache.ratis.util.IOUtils.getFromFuture(IOUtils.java:79)
	... 4 more
2019-09-16 22:28:04,361 [0ad894eb-396d-46a7-a4d0-256210dc34c1@group-7F526C56D1E5-SegmentedRaftLogWorker] WARN  segmented.SegmentedRaftLogWorker (SegmentedRaftLogWorker.java:getFromFuture(90)) - Timeout 13/~
org.apache.ratis.protocol.TimeoutIOException: Timeout 10s: WriteLog:5: (t:1, i:5), STATEMACHINELOGENTRY, client-99A751C7AE4E, cid=146-writeStateMachineData
	at org.apache.ratis.util.IOUtils.getFromFuture(IOUtils.java:87)
	at org.apache.ratis.server.raftlog.segmented.SegmentedRaftLogWorker$StateMachineDataPolicy.getFromFuture(SegmentedRaftLogWorker.java:87)
	at org.apache.ratis.server.raftlog.segmented.SegmentedRaftLogWorker$WriteLog.execute(SegmentedRaftLogWorker.java:477)
	at org.apache.ratis.server.raftlog.segmented.SegmentedRaftLogWorker.run(SegmentedRaftLogWorker.java:289)
	at java.lang.Thread.run(Thread.java:748)
Caused by: java.util.concurrent.TimeoutException
	at java.util.concurrent.CompletableFuture.timedGet(CompletableFuture.java:1771)
	at java.util.concurrent.CompletableFuture.get(CompletableFuture.java:1915)
	at org.apache.ratis.util.IOUtils.getFromFuture(IOUtils.java:79)
	... 4 more
2019-09-16 22:28:04,362 [5ecabd24-29f4-44ad-af86-ba12f6ac88ae@group-7F526C56D1E5-SegmentedRaftLogWorker] WARN  segmented.SegmentedRaftLogWorker (SegmentedRaftLogWorker.java:getFromFuture(90)) - Timeout 13/~
org.apache.ratis.protocol.TimeoutIOException: Timeout 10s: WriteLog:5: (t:1, i:5), STATEMACHINELOGENTRY, client-99A751C7AE4E, cid=146-writeStateMachineData
	at org.apache.ratis.util.IOUtils.getFromFuture(IOUtils.java:87)
	at org.apache.ratis.server.raftlog.segmented.SegmentedRaftLogWorker$StateMachineDataPolicy.getFromFuture(SegmentedRaftLogWorker.java:87)
	at org.apache.ratis.server.raftlog.segmented.SegmentedRaftLogWorker$WriteLog.execute(SegmentedRaftLogWorker.java:477)
	at org.apache.ratis.server.raftlog.segmented.SegmentedRaftLogWorker.run(SegmentedRaftLogWorker.java:289)
	at java.lang.Thread.run(Thread.java:748)
Caused by: java.util.concurrent.TimeoutException
	at java.util.concurrent.CompletableFuture.timedGet(CompletableFuture.java:1771)
	at java.util.concurrent.CompletableFuture.get(CompletableFuture.java:1915)
	at org.apache.ratis.util.IOUtils.getFromFuture(IOUtils.java:79)
	... 4 more
2019-09-16 22:28:04,511 [java.util.concurrent.ThreadPoolExecutor$Worker@7224147d[State = -1, empty queue]] WARN  server.GrpcLogAppender (GrpcLogAppender.java:timeoutAppendRequest(200)) - 9d8d98b0-9991-458a-859c-25f8efc1f325@group-7F526C56D1E5->0ad894eb-396d-46a7-a4d0-256210dc34c1-GrpcLogAppender: appendEntries Timeout, request=9d8d98b0-9991-458a-859c-25f8efc1f325->0ad894eb-396d-46a7-a4d0-256210dc34c1#76-t1, previous=(t:1, i:11), leaderCommit=4, initializing? false, entries: <empty>
2019-09-16 22:28:04,512 [java.util.concurrent.ThreadPoolExecutor$Worker@46f58b95[State = -1, empty queue]] WARN  server.GrpcLogAppender (GrpcLogAppender.java:timeoutAppendRequest(200)) - 9d8d98b0-9991-458a-859c-25f8efc1f325@group-7F526C56D1E5->5ecabd24-29f4-44ad-af86-ba12f6ac88ae-GrpcLogAppender: appendEntries Timeout, request=9d8d98b0-9991-458a-859c-25f8efc1f325->5ecabd24-29f4-44ad-af86-ba12f6ac88ae#76-t1, previous=(t:1, i:11), leaderCommit=4, initializing? false, entries: <empty>
2019-09-16 22:28:04,513 [EventQueue-PipelineActionsForPipelineActionHandler] ERROR pipeline.PipelineActionHandler (PipelineActionHandler.java:onMessage(60)) - Received pipeline action CLOSE for Pipeline[ Id: 505bc541-8f43-4d7f-bd48-7f526c56d1e5, Nodes: 5ecabd24-29f4-44ad-af86-ba12f6ac88ae{ip: 192.168.151.68, host: pr-hdds-2135-v26ff-2356241440, networkLocation: /default-rack, certSerialId: null}9d8d98b0-9991-458a-859c-25f8efc1f325{ip: 192.168.151.68, host: pr-hdds-2135-v26ff-2356241440, networkLocation: /default-rack, certSerialId: null}0ad894eb-396d-46a7-a4d0-256210dc34c1{ip: 192.168.151.68, host: pr-hdds-2135-v26ff-2356241440, networkLocation: /default-rack, certSerialId: null}, Type:RATIS, Factor:THREE, State:CLOSED] from datanode 9d8d98b0-9991-458a-859c-25f8efc1f325{ip: 192.168.151.68, host: pr-hdds-2135-v26ff-2356241440, networkLocation: /default-rack, certSerialId: null}. Reason : 9d8d98b0-9991-458a-859c-25f8efc1f325 has not seen follower/s 0ad894eb-396d-46a7-a4d0-256210dc34c1 for 139855ms 5ecabd24-29f4-44ad-af86-ba12f6ac88ae for 139857ms
2019-09-16 22:28:04,513 [EventQueue-PipelineActionsForPipelineActionHandler] INFO  pipeline.SCMPipelineManager (SCMPipelineManager.java:finalizeAndDestroyPipeline(311)) - destroying pipeline:Pipeline[ Id: 505bc541-8f43-4d7f-bd48-7f526c56d1e5, Nodes: 5ecabd24-29f4-44ad-af86-ba12f6ac88ae{ip: 192.168.151.68, host: pr-hdds-2135-v26ff-2356241440, networkLocation: /default-rack, certSerialId: null}9d8d98b0-9991-458a-859c-25f8efc1f325{ip: 192.168.151.68, host: pr-hdds-2135-v26ff-2356241440, networkLocation: /default-rack, certSerialId: null}0ad894eb-396d-46a7-a4d0-256210dc34c1{ip: 192.168.151.68, host: pr-hdds-2135-v26ff-2356241440, networkLocation: /default-rack, certSerialId: null}, Type:RATIS, Factor:THREE, State:CLOSED]
2019-09-16 22:28:05,739 [grpc-default-executor-9] INFO  client.GrpcClientProtocolClient (GrpcClientProtocolClient.java:onNext(264)) - client-99A751C7AE4E->5ecabd24-29f4-44ad-af86-ba12f6ac88ae: receive RaftClientReply:client-99A751C7AE4E->5ecabd24-29f4-44ad-af86-ba12f6ac88ae@group-7F526C56D1E5, cid=146, FAILED org.apache.ratis.protocol.NotLeaderException: Server 5ecabd24-29f4-44ad-af86-ba12f6ac88ae@group-7F526C56D1E5 is not the leader 9d8d98b0-9991-458a-859c-25f8efc1f325:192.168.151.68:46204, logIndex=0, commits[5ecabd24-29f4-44ad-af86-ba12f6ac88ae:c4, 9d8d98b0-9991-458a-859c-25f8efc1f325:c4, 0ad894eb-396d-46a7-a4d0-256210dc34c1:c3]
2019-09-16 22:28:06,513 [org.apache.ratis.server.impl.LogAppender$AppenderDaemon$$Lambda$514/1412847569@74bec2da] ERROR ratis.XceiverServerRatis (XceiverServerRatis.java:triggerPipelineClose(575)) - pipeline Action CLOSE  on pipeline PipelineID=505bc541-8f43-4d7f-bd48-7f526c56d1e5.Reason : 9d8d98b0-9991-458a-859c-25f8efc1f325 has not seen follower/s 0ad894eb-396d-46a7-a4d0-256210dc34c1 for 142356ms 5ecabd24-29f4-44ad-af86-ba12f6ac88ae for 142358ms
2019-09-16 22:28:06,513 [org.apache.ratis.server.impl.LogAppender$AppenderDaemon$$Lambda$514/1412847569@6e6f6e5d] ERROR ratis.XceiverServerRatis (XceiverServerRatis.java:triggerPipelineClose(575)) - pipeline Action CLOSE  on pipeline PipelineID=505bc541-8f43-4d7f-bd48-7f526c56d1e5.Reason : 9d8d98b0-9991-458a-859c-25f8efc1f325 has not seen follower/s 0ad894eb-396d-46a7-a4d0-256210dc34c1 for 142356ms 5ecabd24-29f4-44ad-af86-ba12f6ac88ae for 142358ms
2019-09-16 22:28:07,012 [java.util.concurrent.ThreadPoolExecutor$Worker@7224147d[State = -1, empty queue]] WARN  server.GrpcLogAppender (GrpcLogAppender.java:timeoutAppendRequest(200)) - 9d8d98b0-9991-458a-859c-25f8efc1f325@group-7F526C56D1E5->0ad894eb-396d-46a7-a4d0-256210dc34c1-GrpcLogAppender: appendEntries Timeout, request=9d8d98b0-9991-458a-859c-25f8efc1f325->0ad894eb-396d-46a7-a4d0-256210dc34c1#77-t1, previous=(t:1, i:11), leaderCommit=4, initializing? false, entries: <empty>
2019-09-16 22:28:07,012 [java.util.concurrent.ThreadPoolExecutor$Worker@46f58b95[State = -1, empty queue]] WARN  server.GrpcLogAppender (GrpcLogAppender.java:timeoutAppendRequest(200)) - 9d8d98b0-9991-458a-859c-25f8efc1f325@group-7F526C56D1E5->5ecabd24-29f4-44ad-af86-ba12f6ac88ae-GrpcLogAppender: appendEntries Timeout, request=9d8d98b0-9991-458a-859c-25f8efc1f325->5ecabd24-29f4-44ad-af86-ba12f6ac88ae#77-t1, previous=(t:1, i:11), leaderCommit=4, initializing? false, entries: <empty>
2019-09-16 22:28:07,514 [EventQueue-PipelineActionsForPipelineActionHandler] ERROR pipeline.PipelineActionHandler (PipelineActionHandler.java:onMessage(60)) - Received pipeline action CLOSE for Pipeline[ Id: 505bc541-8f43-4d7f-bd48-7f526c56d1e5, Nodes: 5ecabd24-29f4-44ad-af86-ba12f6ac88ae{ip: 192.168.151.68, host: pr-hdds-2135-v26ff-2356241440, networkLocation: /default-rack, certSerialId: null}9d8d98b0-9991-458a-859c-25f8efc1f325{ip: 192.168.151.68, host: pr-hdds-2135-v26ff-2356241440, networkLocation: /default-rack, certSerialId: null}0ad894eb-396d-46a7-a4d0-256210dc34c1{ip: 192.168.151.68, host: pr-hdds-2135-v26ff-2356241440, networkLocation: /default-rack, certSerialId: null}, Type:RATIS, Factor:THREE, State:CLOSED] from datanode 9d8d98b0-9991-458a-859c-25f8efc1f325{ip: 192.168.151.68, host: pr-hdds-2135-v26ff-2356241440, networkLocation: /default-rack, certSerialId: null}. Reason : 9d8d98b0-9991-458a-859c-25f8efc1f325 has not seen follower/s 0ad894eb-396d-46a7-a4d0-256210dc34c1 for 142356ms 5ecabd24-29f4-44ad-af86-ba12f6ac88ae for 142358ms
2019-09-16 22:28:07,514 [EventQueue-PipelineActionsForPipelineActionHandler] INFO  pipeline.SCMPipelineManager (SCMPipelineManager.java:finalizeAndDestroyPipeline(311)) - destroying pipeline:Pipeline[ Id: 505bc541-8f43-4d7f-bd48-7f526c56d1e5, Nodes: 5ecabd24-29f4-44ad-af86-ba12f6ac88ae{ip: 192.168.151.68, host: pr-hdds-2135-v26ff-2356241440, networkLocation: /default-rack, certSerialId: null}9d8d98b0-9991-458a-859c-25f8efc1f325{ip: 192.168.151.68, host: pr-hdds-2135-v26ff-2356241440, networkLocation: /default-rack, certSerialId: null}0ad894eb-396d-46a7-a4d0-256210dc34c1{ip: 192.168.151.68, host: pr-hdds-2135-v26ff-2356241440, networkLocation: /default-rack, certSerialId: null}, Type:RATIS, Factor:THREE, State:CLOSED]
2019-09-16 22:28:09,014 [org.apache.ratis.server.impl.LogAppender$AppenderDaemon$$Lambda$514/1412847569@6e6f6e5d] ERROR ratis.XceiverServerRatis (XceiverServerRatis.java:triggerPipelineClose(575)) - pipeline Action CLOSE  on pipeline PipelineID=505bc541-8f43-4d7f-bd48-7f526c56d1e5.Reason : 9d8d98b0-9991-458a-859c-25f8efc1f325 has not seen follower/s 0ad894eb-396d-46a7-a4d0-256210dc34c1 for 144856ms 5ecabd24-29f4-44ad-af86-ba12f6ac88ae for 144859ms
2019-09-16 22:28:09,014 [org.apache.ratis.server.impl.LogAppender$AppenderDaemon$$Lambda$514/1412847569@74bec2da] ERROR ratis.XceiverServerRatis (XceiverServerRatis.java:triggerPipelineClose(575)) - pipeline Action CLOSE  on pipeline PipelineID=505bc541-8f43-4d7f-bd48-7f526c56d1e5.Reason : 9d8d98b0-9991-458a-859c-25f8efc1f325 has not seen follower/s 0ad894eb-396d-46a7-a4d0-256210dc34c1 for 144857ms 5ecabd24-29f4-44ad-af86-ba12f6ac88ae for 144859ms
2019-09-16 22:28:09,513 [java.util.concurrent.ThreadPoolExecutor$Worker@46f58b95[State = -1, empty queue]] WARN  server.GrpcLogAppender (GrpcLogAppender.java:timeoutAppendRequest(200)) - 9d8d98b0-9991-458a-859c-25f8efc1f325@group-7F526C56D1E5->5ecabd24-29f4-44ad-af86-ba12f6ac88ae-GrpcLogAppender: appendEntries Timeout, request=9d8d98b0-9991-458a-859c-25f8efc1f325->5ecabd24-29f4-44ad-af86-ba12f6ac88ae#78-t1, previous=(t:1, i:11), leaderCommit=4, initializing? false, entries: <empty>
2019-09-16 22:28:09,513 [EventQueue-PipelineActionsForPipelineActionHandler] ERROR pipeline.PipelineActionHandler (PipelineActionHandler.java:onMessage(60)) - Received pipeline action CLOSE for Pipeline[ Id: 505bc541-8f43-4d7f-bd48-7f526c56d1e5, Nodes: 5ecabd24-29f4-44ad-af86-ba12f6ac88ae{ip: 192.168.151.68, host: pr-hdds-2135-v26ff-2356241440, networkLocation: /default-rack, certSerialId: null}9d8d98b0-9991-458a-859c-25f8efc1f325{ip: 192.168.151.68, host: pr-hdds-2135-v26ff-2356241440, networkLocation: /default-rack, certSerialId: null}0ad894eb-396d-46a7-a4d0-256210dc34c1{ip: 192.168.151.68, host: pr-hdds-2135-v26ff-2356241440, networkLocation: /default-rack, certSerialId: null}, Type:RATIS, Factor:THREE, State:CLOSED] from datanode 9d8d98b0-9991-458a-859c-25f8efc1f325{ip: 192.168.151.68, host: pr-hdds-2135-v26ff-2356241440, networkLocation: /default-rack, certSerialId: null}. Reason : 9d8d98b0-9991-458a-859c-25f8efc1f325 has not seen follower/s 0ad894eb-396d-46a7-a4d0-256210dc34c1 for 144856ms 5ecabd24-29f4-44ad-af86-ba12f6ac88ae for 144859ms
2019-09-16 22:28:09,513 [java.util.concurrent.ThreadPoolExecutor$Worker@7224147d[State = -1, empty queue]] WARN  server.GrpcLogAppender (GrpcLogAppender.java:timeoutAppendRequest(200)) - 9d8d98b0-9991-458a-859c-25f8efc1f325@group-7F526C56D1E5->0ad894eb-396d-46a7-a4d0-256210dc34c1-GrpcLogAppender: appendEntries Timeout, request=9d8d98b0-9991-458a-859c-25f8efc1f325->0ad894eb-396d-46a7-a4d0-256210dc34c1#78-t1, previous=(t:1, i:11), leaderCommit=4, initializing? false, entries: <empty>
2019-09-16 22:28:09,514 [EventQueue-PipelineActionsForPipelineActionHandler] INFO  pipeline.SCMPipelineManager (SCMPipelineManager.java:finalizeAndDestroyPipeline(311)) - destroying pipeline:Pipeline[ Id: 505bc541-8f43-4d7f-bd48-7f526c56d1e5, Nodes: 5ecabd24-29f4-44ad-af86-ba12f6ac88ae{ip: 192.168.151.68, host: pr-hdds-2135-v26ff-2356241440, networkLocation: /default-rack, certSerialId: null}9d8d98b0-9991-458a-859c-25f8efc1f325{ip: 192.168.151.68, host: pr-hdds-2135-v26ff-2356241440, networkLocation: /default-rack, certSerialId: null}0ad894eb-396d-46a7-a4d0-256210dc34c1{ip: 192.168.151.68, host: pr-hdds-2135-v26ff-2356241440, networkLocation: /default-rack, certSerialId: null}, Type:RATIS, Factor:THREE, State:CLOSED]
2019-09-16 22:28:10,792 [grpc-default-executor-11] INFO  client.GrpcClientProtocolClient (GrpcClientProtocolClient.java:onNext(264)) - client-99A751C7AE4E->5ecabd24-29f4-44ad-af86-ba12f6ac88ae: receive RaftClientReply:client-99A751C7AE4E->5ecabd24-29f4-44ad-af86-ba12f6ac88ae@group-7F526C56D1E5, cid=146, FAILED org.apache.ratis.protocol.NotLeaderException: Server 5ecabd24-29f4-44ad-af86-ba12f6ac88ae@group-7F526C56D1E5 is not the leader 9d8d98b0-9991-458a-859c-25f8efc1f325:192.168.151.68:46204, logIndex=0, commits[5ecabd24-29f4-44ad-af86-ba12f6ac88ae:c4, 9d8d98b0-9991-458a-859c-25f8efc1f325:c4, 0ad894eb-396d-46a7-a4d0-256210dc34c1:c3]
2019-09-16 22:28:11,515 [org.apache.ratis.server.impl.LogAppender$AppenderDaemon$$Lambda$514/1412847569@6e6f6e5d] ERROR ratis.XceiverServerRatis (XceiverServerRatis.java:triggerPipelineClose(575)) - pipeline Action CLOSE  on pipeline PipelineID=505bc541-8f43-4d7f-bd48-7f526c56d1e5.Reason : 9d8d98b0-9991-458a-859c-25f8efc1f325 has not seen follower/s 0ad894eb-396d-46a7-a4d0-256210dc34c1 for 147357ms 5ecabd24-29f4-44ad-af86-ba12f6ac88ae for 147360ms
2019-09-16 22:28:11,515 [org.apache.ratis.server.impl.LogAppender$AppenderDaemon$$Lambda$514/1412847569@74bec2da] ERROR ratis.XceiverServerRatis (XceiverServerRatis.java:triggerPipelineClose(575)) - pipeline Action CLOSE  on pipeline PipelineID=505bc541-8f43-4d7f-bd48-7f526c56d1e5.Reason : 9d8d98b0-9991-458a-859c-25f8efc1f325 has not seen follower/s 0ad894eb-396d-46a7-a4d0-256210dc34c1 for 147357ms 5ecabd24-29f4-44ad-af86-ba12f6ac88ae for 147360ms
2019-09-16 22:28:12,014 [java.util.concurrent.ThreadPoolExecutor$Worker@46f58b95[State = -1, empty queue]] WARN  server.GrpcLogAppender (GrpcLogAppender.java:timeoutAppendRequest(200)) - 9d8d98b0-9991-458a-859c-25f8efc1f325@group-7F526C56D1E5->5ecabd24-29f4-44ad-af86-ba12f6ac88ae-GrpcLogAppender: appendEntries Timeout, request=9d8d98b0-9991-458a-859c-25f8efc1f325->5ecabd24-29f4-44ad-af86-ba12f6ac88ae#79-t1, previous=(t:1, i:11), leaderCommit=4, initializing? false, entries: <empty>
2019-09-16 22:28:12,014 [java.util.concurrent.ThreadPoolExecutor$Worker@7224147d[State = -1, empty queue]] WARN  server.GrpcLogAppender (GrpcLogAppender.java:timeoutAppendRequest(200)) - 9d8d98b0-9991-458a-859c-25f8efc1f325@group-7F526C56D1E5->0ad894eb-396d-46a7-a4d0-256210dc34c1-GrpcLogAppender: appendEntries Timeout, request=9d8d98b0-9991-458a-859c-25f8efc1f325->0ad894eb-396d-46a7-a4d0-256210dc34c1#79-t1, previous=(t:1, i:11), leaderCommit=4, initializing? false, entries: <empty>
2019-09-16 22:28:12,513 [EventQueue-PipelineActionsForPipelineActionHandler] ERROR pipeline.PipelineActionHandler (PipelineActionHandler.java:onMessage(60)) - Received pipeline action CLOSE for Pipeline[ Id: 505bc541-8f43-4d7f-bd48-7f526c56d1e5, Nodes: 5ecabd24-29f4-44ad-af86-ba12f6ac88ae{ip: 192.168.151.68, host: pr-hdds-2135-v26ff-2356241440, networkLocation: /default-rack, certSerialId: null}9d8d98b0-9991-458a-859c-25f8efc1f325{ip: 192.168.151.68, host: pr-hdds-2135-v26ff-2356241440, networkLocation: /default-rack, certSerialId: null}0ad894eb-396d-46a7-a4d0-256210dc34c1{ip: 192.168.151.68, host: pr-hdds-2135-v26ff-2356241440, networkLocation: /default-rack, certSerialId: null}, Type:RATIS, Factor:THREE, State:CLOSED] from datanode 9d8d98b0-9991-458a-859c-25f8efc1f325{ip: 192.168.151.68, host: pr-hdds-2135-v26ff-2356241440, networkLocation: /default-rack, certSerialId: null}. Reason : 9d8d98b0-9991-458a-859c-25f8efc1f325 has not seen follower/s 0ad894eb-396d-46a7-a4d0-256210dc34c1 for 147357ms 5ecabd24-29f4-44ad-af86-ba12f6ac88ae for 147360ms
2019-09-16 22:28:12,514 [EventQueue-PipelineActionsForPipelineActionHandler] INFO  pipeline.SCMPipelineManager (SCMPipelineManager.java:finalizeAndDestroyPipeline(311)) - destroying pipeline:Pipeline[ Id: 505bc541-8f43-4d7f-bd48-7f526c56d1e5, Nodes: 5ecabd24-29f4-44ad-af86-ba12f6ac88ae{ip: 192.168.151.68, host: pr-hdds-2135-v26ff-2356241440, networkLocation: /default-rack, certSerialId: null}9d8d98b0-9991-458a-859c-25f8efc1f325{ip: 192.168.151.68, host: pr-hdds-2135-v26ff-2356241440, networkLocation: /default-rack, certSerialId: null}0ad894eb-396d-46a7-a4d0-256210dc34c1{ip: 192.168.151.68, host: pr-hdds-2135-v26ff-2356241440, networkLocation: /default-rack, certSerialId: null}, Type:RATIS, Factor:THREE, State:CLOSED]
2019-09-16 22:28:14,017 [org.apache.ratis.server.impl.LogAppender$AppenderDaemon$$Lambda$514/1412847569@74bec2da] ERROR ratis.XceiverServerRatis (XceiverServerRatis.java:triggerPipelineClose(575)) - pipeline Action CLOSE  on pipeline PipelineID=505bc541-8f43-4d7f-bd48-7f526c56d1e5.Reason : 9d8d98b0-9991-458a-859c-25f8efc1f325 has not seen follower/s 0ad894eb-396d-46a7-a4d0-256210dc34c1 for 149859ms 5ecabd24-29f4-44ad-af86-ba12f6ac88ae for 149861ms
2019-09-16 22:28:14,017 [org.apache.ratis.server.impl.LogAppender$AppenderDaemon$$Lambda$514/1412847569@6e6f6e5d] ERROR ratis.XceiverServerRatis (XceiverServerRatis.java:triggerPipelineClose(575)) - pipeline Action CLOSE  on pipeline PipelineID=505bc541-8f43-4d7f-bd48-7f526c56d1e5.Reason : 9d8d98b0-9991-458a-859c-25f8efc1f325 has not seen follower/s 0ad894eb-396d-46a7-a4d0-256210dc34c1 for 149859ms 5ecabd24-29f4-44ad-af86-ba12f6ac88ae for 149861ms
2019-09-16 22:28:14,341 [9d8d98b0-9991-458a-859c-25f8efc1f325@group-7F526C56D1E5-SegmentedRaftLogWorker] WARN  segmented.SegmentedRaftLogWorker (SegmentedRaftLogWorker.java:getFromFuture(90)) - Timeout 14/~
org.apache.ratis.protocol.TimeoutIOException: Timeout 10s: WriteLog:5: (t:1, i:5), STATEMACHINELOGENTRY, client-99A751C7AE4E, cid=146-writeStateMachineData
	at org.apache.ratis.util.IOUtils.getFromFuture(IOUtils.java:87)
	at org.apache.ratis.server.raftlog.segmented.SegmentedRaftLogWorker$StateMachineDataPolicy.getFromFuture(SegmentedRaftLogWorker.java:87)
	at org.apache.ratis.server.raftlog.segmented.SegmentedRaftLogWorker$WriteLog.execute(SegmentedRaftLogWorker.java:477)
	at org.apache.ratis.server.raftlog.segmented.SegmentedRaftLogWorker.run(SegmentedRaftLogWorker.java:289)
	at java.lang.Thread.run(Thread.java:748)
Caused by: java.util.concurrent.TimeoutException
	at java.util.concurrent.CompletableFuture.timedGet(CompletableFuture.java:1771)
	at java.util.concurrent.CompletableFuture.get(CompletableFuture.java:1915)
	at org.apache.ratis.util.IOUtils.getFromFuture(IOUtils.java:79)
	... 4 more
2019-09-16 22:28:14,362 [0ad894eb-396d-46a7-a4d0-256210dc34c1@group-7F526C56D1E5-SegmentedRaftLogWorker] WARN  segmented.SegmentedRaftLogWorker (SegmentedRaftLogWorker.java:getFromFuture(90)) - Timeout 14/~
org.apache.ratis.protocol.TimeoutIOException: Timeout 10s: WriteLog:5: (t:1, i:5), STATEMACHINELOGENTRY, client-99A751C7AE4E, cid=146-writeStateMachineData
	at org.apache.ratis.util.IOUtils.getFromFuture(IOUtils.java:87)
	at org.apache.ratis.server.raftlog.segmented.SegmentedRaftLogWorker$StateMachineDataPolicy.getFromFuture(SegmentedRaftLogWorker.java:87)
	at org.apache.ratis.server.raftlog.segmented.SegmentedRaftLogWorker$WriteLog.execute(SegmentedRaftLogWorker.java:477)
	at org.apache.ratis.server.raftlog.segmented.SegmentedRaftLogWorker.run(SegmentedRaftLogWorker.java:289)
	at java.lang.Thread.run(Thread.java:748)
Caused by: java.util.concurrent.TimeoutException
	at java.util.concurrent.CompletableFuture.timedGet(CompletableFuture.java:1771)
	at java.util.concurrent.CompletableFuture.get(CompletableFuture.java:1915)
	at org.apache.ratis.util.IOUtils.getFromFuture(IOUtils.java:79)
	... 4 more
2019-09-16 22:28:14,362 [5ecabd24-29f4-44ad-af86-ba12f6ac88ae@group-7F526C56D1E5-SegmentedRaftLogWorker] WARN  segmented.SegmentedRaftLogWorker (SegmentedRaftLogWorker.java:getFromFuture(90)) - Timeout 14/~
org.apache.ratis.protocol.TimeoutIOException: Timeout 10s: WriteLog:5: (t:1, i:5), STATEMACHINELOGENTRY, client-99A751C7AE4E, cid=146-writeStateMachineData
	at org.apache.ratis.util.IOUtils.getFromFuture(IOUtils.java:87)
	at org.apache.ratis.server.raftlog.segmented.SegmentedRaftLogWorker$StateMachineDataPolicy.getFromFuture(SegmentedRaftLogWorker.java:87)
	at org.apache.ratis.server.raftlog.segmented.SegmentedRaftLogWorker$WriteLog.execute(SegmentedRaftLogWorker.java:477)
	at org.apache.ratis.server.raftlog.segmented.SegmentedRaftLogWorker.run(SegmentedRaftLogWorker.java:289)
	at java.lang.Thread.run(Thread.java:748)
Caused by: java.util.concurrent.TimeoutException
	at java.util.concurrent.CompletableFuture.timedGet(CompletableFuture.java:1771)
	at java.util.concurrent.CompletableFuture.get(CompletableFuture.java:1915)
	at org.apache.ratis.util.IOUtils.getFromFuture(IOUtils.java:79)
	... 4 more
2019-09-16 22:28:14,513 [EventQueue-PipelineActionsForPipelineActionHandler] ERROR pipeline.PipelineActionHandler (PipelineActionHandler.java:onMessage(60)) - Received pipeline action CLOSE for Pipeline[ Id: 505bc541-8f43-4d7f-bd48-7f526c56d1e5, Nodes: 5ecabd24-29f4-44ad-af86-ba12f6ac88ae{ip: 192.168.151.68, host: pr-hdds-2135-v26ff-2356241440, networkLocation: /default-rack, certSerialId: null}9d8d98b0-9991-458a-859c-25f8efc1f325{ip: 192.168.151.68, host: pr-hdds-2135-v26ff-2356241440, networkLocation: /default-rack, certSerialId: null}0ad894eb-396d-46a7-a4d0-256210dc34c1{ip: 192.168.151.68, host: pr-hdds-2135-v26ff-2356241440, networkLocation: /default-rack, certSerialId: null}, Type:RATIS, Factor:THREE, State:CLOSED] from datanode 9d8d98b0-9991-458a-859c-25f8efc1f325{ip: 192.168.151.68, host: pr-hdds-2135-v26ff-2356241440, networkLocation: /default-rack, certSerialId: null}. Reason : 9d8d98b0-9991-458a-859c-25f8efc1f325 has not seen follower/s 0ad894eb-396d-46a7-a4d0-256210dc34c1 for 149859ms 5ecabd24-29f4-44ad-af86-ba12f6ac88ae for 149861ms
2019-09-16 22:28:14,513 [EventQueue-PipelineActionsForPipelineActionHandler] INFO  pipeline.SCMPipelineManager (SCMPipelineManager.java:finalizeAndDestroyPipeline(311)) - destroying pipeline:Pipeline[ Id: 505bc541-8f43-4d7f-bd48-7f526c56d1e5, Nodes: 5ecabd24-29f4-44ad-af86-ba12f6ac88ae{ip: 192.168.151.68, host: pr-hdds-2135-v26ff-2356241440, networkLocation: /default-rack, certSerialId: null}9d8d98b0-9991-458a-859c-25f8efc1f325{ip: 192.168.151.68, host: pr-hdds-2135-v26ff-2356241440, networkLocation: /default-rack, certSerialId: null}0ad894eb-396d-46a7-a4d0-256210dc34c1{ip: 192.168.151.68, host: pr-hdds-2135-v26ff-2356241440, networkLocation: /default-rack, certSerialId: null}, Type:RATIS, Factor:THREE, State:CLOSED]
2019-09-16 22:28:14,515 [java.util.concurrent.ThreadPoolExecutor$Worker@46f58b95[State = -1, empty queue]] WARN  server.GrpcLogAppender (GrpcLogAppender.java:timeoutAppendRequest(200)) - 9d8d98b0-9991-458a-859c-25f8efc1f325@group-7F526C56D1E5->5ecabd24-29f4-44ad-af86-ba12f6ac88ae-GrpcLogAppender: appendEntries Timeout, request=9d8d98b0-9991-458a-859c-25f8efc1f325->5ecabd24-29f4-44ad-af86-ba12f6ac88ae#80-t1, previous=(t:1, i:11), leaderCommit=4, initializing? false, entries: <empty>
2019-09-16 22:28:14,515 [java.util.concurrent.ThreadPoolExecutor$Worker@7224147d[State = -1, empty queue]] WARN  server.GrpcLogAppender (GrpcLogAppender.java:timeoutAppendRequest(200)) - 9d8d98b0-9991-458a-859c-25f8efc1f325@group-7F526C56D1E5->0ad894eb-396d-46a7-a4d0-256210dc34c1-GrpcLogAppender: appendEntries Timeout, request=9d8d98b0-9991-458a-859c-25f8efc1f325->0ad894eb-396d-46a7-a4d0-256210dc34c1#80-t1, previous=(t:1, i:11), leaderCommit=4, initializing? false, entries: <empty>
2019-09-16 22:28:15,870 [grpc-default-executor-11] INFO  client.GrpcClientProtocolClient (GrpcClientProtocolClient.java:onNext(264)) - client-99A751C7AE4E->0ad894eb-396d-46a7-a4d0-256210dc34c1: receive RaftClientReply:client-99A751C7AE4E->0ad894eb-396d-46a7-a4d0-256210dc34c1@group-7F526C56D1E5, cid=146, FAILED org.apache.ratis.protocol.NotLeaderException: Server 0ad894eb-396d-46a7-a4d0-256210dc34c1@group-7F526C56D1E5 is not the leader 9d8d98b0-9991-458a-859c-25f8efc1f325:192.168.151.68:46204, logIndex=0, commits[0ad894eb-396d-46a7-a4d0-256210dc34c1:c4, 9d8d98b0-9991-458a-859c-25f8efc1f325:c4, 5ecabd24-29f4-44ad-af86-ba12f6ac88ae:c3]
2019-09-16 22:28:16,516 [org.apache.ratis.server.impl.LogAppender$AppenderDaemon$$Lambda$514/1412847569@6e6f6e5d] ERROR ratis.XceiverServerRatis (XceiverServerRatis.java:triggerPipelineClose(575)) - pipeline Action CLOSE  on pipeline PipelineID=505bc541-8f43-4d7f-bd48-7f526c56d1e5.Reason : 9d8d98b0-9991-458a-859c-25f8efc1f325 has not seen follower/s 0ad894eb-396d-46a7-a4d0-256210dc34c1 for 152359ms 5ecabd24-29f4-44ad-af86-ba12f6ac88ae for 152361ms
2019-09-16 22:28:16,517 [org.apache.ratis.server.impl.LogAppender$AppenderDaemon$$Lambda$514/1412847569@74bec2da] ERROR ratis.XceiverServerRatis (XceiverServerRatis.java:triggerPipelineClose(575)) - pipeline Action CLOSE  on pipeline PipelineID=505bc541-8f43-4d7f-bd48-7f526c56d1e5.Reason : 9d8d98b0-9991-458a-859c-25f8efc1f325 has not seen follower/s 0ad894eb-396d-46a7-a4d0-256210dc34c1 for 152359ms 5ecabd24-29f4-44ad-af86-ba12f6ac88ae for 152362ms
2019-09-16 22:28:17,016 [java.util.concurrent.ThreadPoolExecutor$Worker@46f58b95[State = -1, empty queue]] WARN  server.GrpcLogAppender (GrpcLogAppender.java:timeoutAppendRequest(200)) - 9d8d98b0-9991-458a-859c-25f8efc1f325@group-7F526C56D1E5->5ecabd24-29f4-44ad-af86-ba12f6ac88ae-GrpcLogAppender: appendEntries Timeout, request=9d8d98b0-9991-458a-859c-25f8efc1f325->5ecabd24-29f4-44ad-af86-ba12f6ac88ae#81-t1, previous=(t:1, i:11), leaderCommit=4, initializing? false, entries: <empty>
2019-09-16 22:28:17,016 [java.util.concurrent.ThreadPoolExecutor$Worker@7224147d[State = -1, empty queue]] WARN  server.GrpcLogAppender (GrpcLogAppender.java:timeoutAppendRequest(200)) - 9d8d98b0-9991-458a-859c-25f8efc1f325@group-7F526C56D1E5->0ad894eb-396d-46a7-a4d0-256210dc34c1-GrpcLogAppender: appendEntries Timeout, request=9d8d98b0-9991-458a-859c-25f8efc1f325->0ad894eb-396d-46a7-a4d0-256210dc34c1#81-t1, previous=(t:1, i:11), leaderCommit=4, initializing? false, entries: <empty>
2019-09-16 22:28:17,514 [EventQueue-PipelineActionsForPipelineActionHandler] ERROR pipeline.PipelineActionHandler (PipelineActionHandler.java:onMessage(60)) - Received pipeline action CLOSE for Pipeline[ Id: 505bc541-8f43-4d7f-bd48-7f526c56d1e5, Nodes: 5ecabd24-29f4-44ad-af86-ba12f6ac88ae{ip: 192.168.151.68, host: pr-hdds-2135-v26ff-2356241440, networkLocation: /default-rack, certSerialId: null}9d8d98b0-9991-458a-859c-25f8efc1f325{ip: 192.168.151.68, host: pr-hdds-2135-v26ff-2356241440, networkLocation: /default-rack, certSerialId: null}0ad894eb-396d-46a7-a4d0-256210dc34c1{ip: 192.168.151.68, host: pr-hdds-2135-v26ff-2356241440, networkLocation: /default-rack, certSerialId: null}, Type:RATIS, Factor:THREE, State:CLOSED] from datanode 9d8d98b0-9991-458a-859c-25f8efc1f325{ip: 192.168.151.68, host: pr-hdds-2135-v26ff-2356241440, networkLocation: /default-rack, certSerialId: null}. Reason : 9d8d98b0-9991-458a-859c-25f8efc1f325 has not seen follower/s 0ad894eb-396d-46a7-a4d0-256210dc34c1 for 152359ms 5ecabd24-29f4-44ad-af86-ba12f6ac88ae for 152361ms
2019-09-16 22:28:17,515 [EventQueue-PipelineActionsForPipelineActionHandler] INFO  pipeline.SCMPipelineManager (SCMPipelineManager.java:finalizeAndDestroyPipeline(311)) - destroying pipeline:Pipeline[ Id: 505bc541-8f43-4d7f-bd48-7f526c56d1e5, Nodes: 5ecabd24-29f4-44ad-af86-ba12f6ac88ae{ip: 192.168.151.68, host: pr-hdds-2135-v26ff-2356241440, networkLocation: /default-rack, certSerialId: null}9d8d98b0-9991-458a-859c-25f8efc1f325{ip: 192.168.151.68, host: pr-hdds-2135-v26ff-2356241440, networkLocation: /default-rack, certSerialId: null}0ad894eb-396d-46a7-a4d0-256210dc34c1{ip: 192.168.151.68, host: pr-hdds-2135-v26ff-2356241440, networkLocation: /default-rack, certSerialId: null}, Type:RATIS, Factor:THREE, State:CLOSED]
2019-09-16 22:28:19,017 [org.apache.ratis.server.impl.LogAppender$AppenderDaemon$$Lambda$514/1412847569@6e6f6e5d] ERROR ratis.XceiverServerRatis (XceiverServerRatis.java:triggerPipelineClose(575)) - pipeline Action CLOSE  on pipeline PipelineID=505bc541-8f43-4d7f-bd48-7f526c56d1e5.Reason : 9d8d98b0-9991-458a-859c-25f8efc1f325 has not seen follower/s 0ad894eb-396d-46a7-a4d0-256210dc34c1 for 154860ms 5ecabd24-29f4-44ad-af86-ba12f6ac88ae for 154862ms
2019-09-16 22:28:19,017 [org.apache.ratis.server.impl.LogAppender$AppenderDaemon$$Lambda$514/1412847569@74bec2da] ERROR ratis.XceiverServerRatis (XceiverServerRatis.java:triggerPipelineClose(575)) - pipeline Action CLOSE  on pipeline PipelineID=505bc541-8f43-4d7f-bd48-7f526c56d1e5.Reason : 9d8d98b0-9991-458a-859c-25f8efc1f325 has not seen follower/s 0ad894eb-396d-46a7-a4d0-256210dc34c1 for 154860ms 5ecabd24-29f4-44ad-af86-ba12f6ac88ae for 154862ms
2019-09-16 22:28:19,513 [EventQueue-PipelineActionsForPipelineActionHandler] ERROR pipeline.PipelineActionHandler (PipelineActionHandler.java:onMessage(60)) - Received pipeline action CLOSE for Pipeline[ Id: 505bc541-8f43-4d7f-bd48-7f526c56d1e5, Nodes: 5ecabd24-29f4-44ad-af86-ba12f6ac88ae{ip: 192.168.151.68, host: pr-hdds-2135-v26ff-2356241440, networkLocation: /default-rack, certSerialId: null}9d8d98b0-9991-458a-859c-25f8efc1f325{ip: 192.168.151.68, host: pr-hdds-2135-v26ff-2356241440, networkLocation: /default-rack, certSerialId: null}0ad894eb-396d-46a7-a4d0-256210dc34c1{ip: 192.168.151.68, host: pr-hdds-2135-v26ff-2356241440, networkLocation: /default-rack, certSerialId: null}, Type:RATIS, Factor:THREE, State:CLOSED] from datanode 9d8d98b0-9991-458a-859c-25f8efc1f325{ip: 192.168.151.68, host: pr-hdds-2135-v26ff-2356241440, networkLocation: /default-rack, certSerialId: null}. Reason : 9d8d98b0-9991-458a-859c-25f8efc1f325 has not seen follower/s 0ad894eb-396d-46a7-a4d0-256210dc34c1 for 154860ms 5ecabd24-29f4-44ad-af86-ba12f6ac88ae for 154862ms
2019-09-16 22:28:19,513 [EventQueue-PipelineActionsForPipelineActionHandler] INFO  pipeline.SCMPipelineManager (SCMPipelineManager.java:finalizeAndDestroyPipeline(311)) - destroying pipeline:Pipeline[ Id: 505bc541-8f43-4d7f-bd48-7f526c56d1e5, Nodes: 5ecabd24-29f4-44ad-af86-ba12f6ac88ae{ip: 192.168.151.68, host: pr-hdds-2135-v26ff-2356241440, networkLocation: /default-rack, certSerialId: null}9d8d98b0-9991-458a-859c-25f8efc1f325{ip: 192.168.151.68, host: pr-hdds-2135-v26ff-2356241440, networkLocation: /default-rack, certSerialId: null}0ad894eb-396d-46a7-a4d0-256210dc34c1{ip: 192.168.151.68, host: pr-hdds-2135-v26ff-2356241440, networkLocation: /default-rack, certSerialId: null}, Type:RATIS, Factor:THREE, State:CLOSED]
2019-09-16 22:28:19,516 [java.util.concurrent.ThreadPoolExecutor$Worker@46f58b95[State = -1, empty queue]] WARN  server.GrpcLogAppender (GrpcLogAppender.java:timeoutAppendRequest(200)) - 9d8d98b0-9991-458a-859c-25f8efc1f325@group-7F526C56D1E5->5ecabd24-29f4-44ad-af86-ba12f6ac88ae-GrpcLogAppender: appendEntries Timeout, request=9d8d98b0-9991-458a-859c-25f8efc1f325->5ecabd24-29f4-44ad-af86-ba12f6ac88ae#82-t1, previous=(t:1, i:11), leaderCommit=4, initializing? false, entries: <empty>
2019-09-16 22:28:19,517 [java.util.concurrent.ThreadPoolExecutor$Worker@7224147d[State = -1, empty queue]] WARN  server.GrpcLogAppender (GrpcLogAppender.java:timeoutAppendRequest(200)) - 9d8d98b0-9991-458a-859c-25f8efc1f325@group-7F526C56D1E5->0ad894eb-396d-46a7-a4d0-256210dc34c1-GrpcLogAppender: appendEntries Timeout, request=9d8d98b0-9991-458a-859c-25f8efc1f325->0ad894eb-396d-46a7-a4d0-256210dc34c1#82-t1, previous=(t:1, i:11), leaderCommit=4, initializing? false, entries: <empty>
2019-09-16 22:28:20,920 [grpc-default-executor-9] INFO  client.GrpcClientProtocolClient (GrpcClientProtocolClient.java:onNext(264)) - client-99A751C7AE4E->5ecabd24-29f4-44ad-af86-ba12f6ac88ae: receive RaftClientReply:client-99A751C7AE4E->5ecabd24-29f4-44ad-af86-ba12f6ac88ae@group-7F526C56D1E5, cid=146, FAILED org.apache.ratis.protocol.NotLeaderException: Server 5ecabd24-29f4-44ad-af86-ba12f6ac88ae@group-7F526C56D1E5 is not the leader 9d8d98b0-9991-458a-859c-25f8efc1f325:192.168.151.68:46204, logIndex=0, commits[5ecabd24-29f4-44ad-af86-ba12f6ac88ae:c4, 9d8d98b0-9991-458a-859c-25f8efc1f325:c4, 0ad894eb-396d-46a7-a4d0-256210dc34c1:c3]
2019-09-16 22:28:21,519 [org.apache.ratis.server.impl.LogAppender$AppenderDaemon$$Lambda$514/1412847569@74bec2da] ERROR ratis.XceiverServerRatis (XceiverServerRatis.java:triggerPipelineClose(575)) - pipeline Action CLOSE  on pipeline PipelineID=505bc541-8f43-4d7f-bd48-7f526c56d1e5.Reason : 9d8d98b0-9991-458a-859c-25f8efc1f325 has not seen follower/s 0ad894eb-396d-46a7-a4d0-256210dc34c1 for 157361ms 5ecabd24-29f4-44ad-af86-ba12f6ac88ae for 157363ms
2019-09-16 22:28:21,519 [org.apache.ratis.server.impl.LogAppender$AppenderDaemon$$Lambda$514/1412847569@6e6f6e5d] ERROR ratis.XceiverServerRatis (XceiverServerRatis.java:triggerPipelineClose(575)) - pipeline Action CLOSE  on pipeline PipelineID=505bc541-8f43-4d7f-bd48-7f526c56d1e5.Reason : 9d8d98b0-9991-458a-859c-25f8efc1f325 has not seen follower/s 0ad894eb-396d-46a7-a4d0-256210dc34c1 for 157361ms 5ecabd24-29f4-44ad-af86-ba12f6ac88ae for 157363ms
2019-09-16 22:28:22,017 [java.util.concurrent.ThreadPoolExecutor$Worker@46f58b95[State = -1, empty queue]] WARN  server.GrpcLogAppender (GrpcLogAppender.java:timeoutAppendRequest(200)) - 9d8d98b0-9991-458a-859c-25f8efc1f325@group-7F526C56D1E5->5ecabd24-29f4-44ad-af86-ba12f6ac88ae-GrpcLogAppender: appendEntries Timeout, request=9d8d98b0-9991-458a-859c-25f8efc1f325->5ecabd24-29f4-44ad-af86-ba12f6ac88ae#83-t1, previous=(t:1, i:11), leaderCommit=4, initializing? false, entries: <empty>
2019-09-16 22:28:22,017 [java.util.concurrent.ThreadPoolExecutor$Worker@7224147d[State = -1, empty queue]] WARN  server.GrpcLogAppender (GrpcLogAppender.java:timeoutAppendRequest(200)) - 9d8d98b0-9991-458a-859c-25f8efc1f325@group-7F526C56D1E5->0ad894eb-396d-46a7-a4d0-256210dc34c1-GrpcLogAppender: appendEntries Timeout, request=9d8d98b0-9991-458a-859c-25f8efc1f325->0ad894eb-396d-46a7-a4d0-256210dc34c1#83-t1, previous=(t:1, i:11), leaderCommit=4, initializing? false, entries: <empty>
2019-09-16 22:28:22,515 [EventQueue-PipelineActionsForPipelineActionHandler] ERROR pipeline.PipelineActionHandler (PipelineActionHandler.java:onMessage(60)) - Received pipeline action CLOSE for Pipeline[ Id: 505bc541-8f43-4d7f-bd48-7f526c56d1e5, Nodes: 5ecabd24-29f4-44ad-af86-ba12f6ac88ae{ip: 192.168.151.68, host: pr-hdds-2135-v26ff-2356241440, networkLocation: /default-rack, certSerialId: null}9d8d98b0-9991-458a-859c-25f8efc1f325{ip: 192.168.151.68, host: pr-hdds-2135-v26ff-2356241440, networkLocation: /default-rack, certSerialId: null}0ad894eb-396d-46a7-a4d0-256210dc34c1{ip: 192.168.151.68, host: pr-hdds-2135-v26ff-2356241440, networkLocation: /default-rack, certSerialId: null}, Type:RATIS, Factor:THREE, State:CLOSED] from datanode 9d8d98b0-9991-458a-859c-25f8efc1f325{ip: 192.168.151.68, host: pr-hdds-2135-v26ff-2356241440, networkLocation: /default-rack, certSerialId: null}. Reason : 9d8d98b0-9991-458a-859c-25f8efc1f325 has not seen follower/s 0ad894eb-396d-46a7-a4d0-256210dc34c1 for 157361ms 5ecabd24-29f4-44ad-af86-ba12f6ac88ae for 157363ms
2019-09-16 22:28:22,516 [EventQueue-PipelineActionsForPipelineActionHandler] INFO  pipeline.SCMPipelineManager (SCMPipelineManager.java:finalizeAndDestroyPipeline(311)) - destroying pipeline:Pipeline[ Id: 505bc541-8f43-4d7f-bd48-7f526c56d1e5, Nodes: 5ecabd24-29f4-44ad-af86-ba12f6ac88ae{ip: 192.168.151.68, host: pr-hdds-2135-v26ff-2356241440, networkLocation: /default-rack, certSerialId: null}9d8d98b0-9991-458a-859c-25f8efc1f325{ip: 192.168.151.68, host: pr-hdds-2135-v26ff-2356241440, networkLocation: /default-rack, certSerialId: null}0ad894eb-396d-46a7-a4d0-256210dc34c1{ip: 192.168.151.68, host: pr-hdds-2135-v26ff-2356241440, networkLocation: /default-rack, certSerialId: null}, Type:RATIS, Factor:THREE, State:CLOSED]
2019-09-16 22:28:24,020 [org.apache.ratis.server.impl.LogAppender$AppenderDaemon$$Lambda$514/1412847569@6e6f6e5d] ERROR ratis.XceiverServerRatis (XceiverServerRatis.java:triggerPipelineClose(575)) - pipeline Action CLOSE  on pipeline PipelineID=505bc541-8f43-4d7f-bd48-7f526c56d1e5.Reason : 9d8d98b0-9991-458a-859c-25f8efc1f325 has not seen follower/s 0ad894eb-396d-46a7-a4d0-256210dc34c1 for 159862ms 5ecabd24-29f4-44ad-af86-ba12f6ac88ae for 159864ms
2019-09-16 22:28:24,020 [org.apache.ratis.server.impl.LogAppender$AppenderDaemon$$Lambda$514/1412847569@74bec2da] ERROR ratis.XceiverServerRatis (XceiverServerRatis.java:triggerPipelineClose(575)) - pipeline Action CLOSE  on pipeline PipelineID=505bc541-8f43-4d7f-bd48-7f526c56d1e5.Reason : 9d8d98b0-9991-458a-859c-25f8efc1f325 has not seen follower/s 0ad894eb-396d-46a7-a4d0-256210dc34c1 for 159862ms 5ecabd24-29f4-44ad-af86-ba12f6ac88ae for 159865ms
2019-09-16 22:28:24,342 [9d8d98b0-9991-458a-859c-25f8efc1f325@group-7F526C56D1E5-SegmentedRaftLogWorker] WARN  segmented.SegmentedRaftLogWorker (SegmentedRaftLogWorker.java:getFromFuture(90)) - Timeout 15/~
org.apache.ratis.protocol.TimeoutIOException: Timeout 10s: WriteLog:5: (t:1, i:5), STATEMACHINELOGENTRY, client-99A751C7AE4E, cid=146-writeStateMachineData
	at org.apache.ratis.util.IOUtils.getFromFuture(IOUtils.java:87)
	at org.apache.ratis.server.raftlog.segmented.SegmentedRaftLogWorker$StateMachineDataPolicy.getFromFuture(SegmentedRaftLogWorker.java:87)
	at org.apache.ratis.server.raftlog.segmented.SegmentedRaftLogWorker$WriteLog.execute(SegmentedRaftLogWorker.java:477)
	at org.apache.ratis.server.raftlog.segmented.SegmentedRaftLogWorker.run(SegmentedRaftLogWorker.java:289)
	at java.lang.Thread.run(Thread.java:748)
Caused by: java.util.concurrent.TimeoutException
	at java.util.concurrent.CompletableFuture.timedGet(CompletableFuture.java:1771)
	at java.util.concurrent.CompletableFuture.get(CompletableFuture.java:1915)
	at org.apache.ratis.util.IOUtils.getFromFuture(IOUtils.java:79)
	... 4 more
2019-09-16 22:28:24,363 [0ad894eb-396d-46a7-a4d0-256210dc34c1@group-7F526C56D1E5-SegmentedRaftLogWorker] WARN  segmented.SegmentedRaftLogWorker (SegmentedRaftLogWorker.java:getFromFuture(90)) - Timeout 15/~
org.apache.ratis.protocol.TimeoutIOException: Timeout 10s: WriteLog:5: (t:1, i:5), STATEMACHINELOGENTRY, client-99A751C7AE4E, cid=146-writeStateMachineData
	at org.apache.ratis.util.IOUtils.getFromFuture(IOUtils.java:87)
	at org.apache.ratis.server.raftlog.segmented.SegmentedRaftLogWorker$StateMachineDataPolicy.getFromFuture(SegmentedRaftLogWorker.java:87)
	at org.apache.ratis.server.raftlog.segmented.SegmentedRaftLogWorker$WriteLog.execute(SegmentedRaftLogWorker.java:477)
	at org.apache.ratis.server.raftlog.segmented.SegmentedRaftLogWorker.run(SegmentedRaftLogWorker.java:289)
	at java.lang.Thread.run(Thread.java:748)
Caused by: java.util.concurrent.TimeoutException
	at java.util.concurrent.CompletableFuture.timedGet(CompletableFuture.java:1771)
	at java.util.concurrent.CompletableFuture.get(CompletableFuture.java:1915)
	at org.apache.ratis.util.IOUtils.getFromFuture(IOUtils.java:79)
	... 4 more
2019-09-16 22:28:24,388 [5ecabd24-29f4-44ad-af86-ba12f6ac88ae@group-7F526C56D1E5-SegmentedRaftLogWorker] WARN  segmented.SegmentedRaftLogWorker (SegmentedRaftLogWorker.java:getFromFuture(90)) - Timeout 15/~
org.apache.ratis.protocol.TimeoutIOException: Timeout 10s: WriteLog:5: (t:1, i:5), STATEMACHINELOGENTRY, client-99A751C7AE4E, cid=146-writeStateMachineData
	at org.apache.ratis.util.IOUtils.getFromFuture(IOUtils.java:87)
	at org.apache.ratis.server.raftlog.segmented.SegmentedRaftLogWorker$StateMachineDataPolicy.getFromFuture(SegmentedRaftLogWorker.java:87)
	at org.apache.ratis.server.raftlog.segmented.SegmentedRaftLogWorker$WriteLog.execute(SegmentedRaftLogWorker.java:477)
	at org.apache.ratis.server.raftlog.segmented.SegmentedRaftLogWorker.run(SegmentedRaftLogWorker.java:289)
	at java.lang.Thread.run(Thread.java:748)
Caused by: java.util.concurrent.TimeoutException
	at java.util.concurrent.CompletableFuture.timedGet(CompletableFuture.java:1771)
	at java.util.concurrent.CompletableFuture.get(CompletableFuture.java:1915)
	at org.apache.ratis.util.IOUtils.getFromFuture(IOUtils.java:79)
	... 4 more
2019-09-16 22:28:24,517 [EventQueue-PipelineActionsForPipelineActionHandler] ERROR pipeline.PipelineActionHandler (PipelineActionHandler.java:onMessage(60)) - Received pipeline action CLOSE for Pipeline[ Id: 505bc541-8f43-4d7f-bd48-7f526c56d1e5, Nodes: 5ecabd24-29f4-44ad-af86-ba12f6ac88ae{ip: 192.168.151.68, host: pr-hdds-2135-v26ff-2356241440, networkLocation: /default-rack, certSerialId: null}9d8d98b0-9991-458a-859c-25f8efc1f325{ip: 192.168.151.68, host: pr-hdds-2135-v26ff-2356241440, networkLocation: /default-rack, certSerialId: null}0ad894eb-396d-46a7-a4d0-256210dc34c1{ip: 192.168.151.68, host: pr-hdds-2135-v26ff-2356241440, networkLocation: /default-rack, certSerialId: null}, Type:RATIS, Factor:THREE, State:CLOSED] from datanode 9d8d98b0-9991-458a-859c-25f8efc1f325{ip: 192.168.151.68, host: pr-hdds-2135-v26ff-2356241440, networkLocation: /default-rack, certSerialId: null}. Reason : 9d8d98b0-9991-458a-859c-25f8efc1f325 has not seen follower/s 0ad894eb-396d-46a7-a4d0-256210dc34c1 for 159862ms 5ecabd24-29f4-44ad-af86-ba12f6ac88ae for 159864ms
2019-09-16 22:28:24,517 [EventQueue-PipelineActionsForPipelineActionHandler] INFO  pipeline.SCMPipelineManager (SCMPipelineManager.java:finalizeAndDestroyPipeline(311)) - destroying pipeline:Pipeline[ Id: 505bc541-8f43-4d7f-bd48-7f526c56d1e5, Nodes: 5ecabd24-29f4-44ad-af86-ba12f6ac88ae{ip: 192.168.151.68, host: pr-hdds-2135-v26ff-2356241440, networkLocation: /default-rack, certSerialId: null}9d8d98b0-9991-458a-859c-25f8efc1f325{ip: 192.168.151.68, host: pr-hdds-2135-v26ff-2356241440, networkLocation: /default-rack, certSerialId: null}0ad894eb-396d-46a7-a4d0-256210dc34c1{ip: 192.168.151.68, host: pr-hdds-2135-v26ff-2356241440, networkLocation: /default-rack, certSerialId: null}, Type:RATIS, Factor:THREE, State:CLOSED]
2019-09-16 22:28:24,518 [java.util.concurrent.ThreadPoolExecutor$Worker@46f58b95[State = -1, empty queue]] WARN  server.GrpcLogAppender (GrpcLogAppender.java:timeoutAppendRequest(200)) - 9d8d98b0-9991-458a-859c-25f8efc1f325@group-7F526C56D1E5->5ecabd24-29f4-44ad-af86-ba12f6ac88ae-GrpcLogAppender: appendEntries Timeout, request=9d8d98b0-9991-458a-859c-25f8efc1f325->5ecabd24-29f4-44ad-af86-ba12f6ac88ae#84-t1, previous=(t:1, i:11), leaderCommit=4, initializing? false, entries: <empty>
2019-09-16 22:28:24,518 [java.util.concurrent.ThreadPoolExecutor$Worker@7224147d[State = -1, empty queue]] WARN  server.GrpcLogAppender (GrpcLogAppender.java:timeoutAppendRequest(200)) - 9d8d98b0-9991-458a-859c-25f8efc1f325@group-7F526C56D1E5->0ad894eb-396d-46a7-a4d0-256210dc34c1-GrpcLogAppender: appendEntries Timeout, request=9d8d98b0-9991-458a-859c-25f8efc1f325->0ad894eb-396d-46a7-a4d0-256210dc34c1#84-t1, previous=(t:1, i:11), leaderCommit=4, initializing? false, entries: <empty>
2019-09-16 22:28:25,992 [grpc-default-executor-11] INFO  client.GrpcClientProtocolClient (GrpcClientProtocolClient.java:onNext(264)) - client-99A751C7AE4E->5ecabd24-29f4-44ad-af86-ba12f6ac88ae: receive RaftClientReply:client-99A751C7AE4E->5ecabd24-29f4-44ad-af86-ba12f6ac88ae@group-7F526C56D1E5, cid=146, FAILED org.apache.ratis.protocol.NotLeaderException: Server 5ecabd24-29f4-44ad-af86-ba12f6ac88ae@group-7F526C56D1E5 is not the leader 9d8d98b0-9991-458a-859c-25f8efc1f325:192.168.151.68:46204, logIndex=0, commits[5ecabd24-29f4-44ad-af86-ba12f6ac88ae:c4, 9d8d98b0-9991-458a-859c-25f8efc1f325:c4, 0ad894eb-396d-46a7-a4d0-256210dc34c1:c3]
2019-09-16 22:28:26,519 [org.apache.ratis.server.impl.LogAppender$AppenderDaemon$$Lambda$514/1412847569@6e6f6e5d] ERROR ratis.XceiverServerRatis (XceiverServerRatis.java:triggerPipelineClose(575)) - pipeline Action CLOSE  on pipeline PipelineID=505bc541-8f43-4d7f-bd48-7f526c56d1e5.Reason : 9d8d98b0-9991-458a-859c-25f8efc1f325 has not seen follower/s 0ad894eb-396d-46a7-a4d0-256210dc34c1 for 162362ms 5ecabd24-29f4-44ad-af86-ba12f6ac88ae for 162365ms
2019-09-16 22:28:26,521 [org.apache.ratis.server.impl.LogAppender$AppenderDaemon$$Lambda$514/1412847569@74bec2da] ERROR ratis.XceiverServerRatis (XceiverServerRatis.java:triggerPipelineClose(575)) - pipeline Action CLOSE  on pipeline PipelineID=505bc541-8f43-4d7f-bd48-7f526c56d1e5.Reason : 9d8d98b0-9991-458a-859c-25f8efc1f325 has not seen follower/s 0ad894eb-396d-46a7-a4d0-256210dc34c1 for 162363ms 5ecabd24-29f4-44ad-af86-ba12f6ac88ae for 162366ms
2019-09-16 22:28:27,019 [java.util.concurrent.ThreadPoolExecutor$Worker@46f58b95[State = -1, empty queue]] WARN  server.GrpcLogAppender (GrpcLogAppender.java:timeoutAppendRequest(200)) - 9d8d98b0-9991-458a-859c-25f8efc1f325@group-7F526C56D1E5->5ecabd24-29f4-44ad-af86-ba12f6ac88ae-GrpcLogAppender: appendEntries Timeout, request=9d8d98b0-9991-458a-859c-25f8efc1f325->5ecabd24-29f4-44ad-af86-ba12f6ac88ae#85-t1, previous=(t:1, i:11), leaderCommit=4, initializing? false, entries: <empty>
2019-09-16 22:28:27,020 [java.util.concurrent.ThreadPoolExecutor$Worker@7224147d[State = -1, empty queue]] WARN  server.GrpcLogAppender (GrpcLogAppender.java:timeoutAppendRequest(200)) - 9d8d98b0-9991-458a-859c-25f8efc1f325@group-7F526C56D1E5->0ad894eb-396d-46a7-a4d0-256210dc34c1-GrpcLogAppender: appendEntries Timeout, request=9d8d98b0-9991-458a-859c-25f8efc1f325->0ad894eb-396d-46a7-a4d0-256210dc34c1#85-t1, previous=(t:1, i:11), leaderCommit=4, initializing? false, entries: <empty>
2019-09-16 22:28:27,515 [EventQueue-PipelineActionsForPipelineActionHandler] ERROR pipeline.PipelineActionHandler (PipelineActionHandler.java:onMessage(60)) - Received pipeline action CLOSE for Pipeline[ Id: 505bc541-8f43-4d7f-bd48-7f526c56d1e5, Nodes: 5ecabd24-29f4-44ad-af86-ba12f6ac88ae{ip: 192.168.151.68, host: pr-hdds-2135-v26ff-2356241440, networkLocation: /default-rack, certSerialId: null}9d8d98b0-9991-458a-859c-25f8efc1f325{ip: 192.168.151.68, host: pr-hdds-2135-v26ff-2356241440, networkLocation: /default-rack, certSerialId: null}0ad894eb-396d-46a7-a4d0-256210dc34c1{ip: 192.168.151.68, host: pr-hdds-2135-v26ff-2356241440, networkLocation: /default-rack, certSerialId: null}, Type:RATIS, Factor:THREE, State:CLOSED] from datanode 9d8d98b0-9991-458a-859c-25f8efc1f325{ip: 192.168.151.68, host: pr-hdds-2135-v26ff-2356241440, networkLocation: /default-rack, certSerialId: null}. Reason : 9d8d98b0-9991-458a-859c-25f8efc1f325 has not seen follower/s 0ad894eb-396d-46a7-a4d0-256210dc34c1 for 162362ms 5ecabd24-29f4-44ad-af86-ba12f6ac88ae for 162365ms
2019-09-16 22:28:27,515 [EventQueue-PipelineActionsForPipelineActionHandler] INFO  pipeline.SCMPipelineManager (SCMPipelineManager.java:finalizeAndDestroyPipeline(311)) - destroying pipeline:Pipeline[ Id: 505bc541-8f43-4d7f-bd48-7f526c56d1e5, Nodes: 5ecabd24-29f4-44ad-af86-ba12f6ac88ae{ip: 192.168.151.68, host: pr-hdds-2135-v26ff-2356241440, networkLocation: /default-rack, certSerialId: null}9d8d98b0-9991-458a-859c-25f8efc1f325{ip: 192.168.151.68, host: pr-hdds-2135-v26ff-2356241440, networkLocation: /default-rack, certSerialId: null}0ad894eb-396d-46a7-a4d0-256210dc34c1{ip: 192.168.151.68, host: pr-hdds-2135-v26ff-2356241440, networkLocation: /default-rack, certSerialId: null}, Type:RATIS, Factor:THREE, State:CLOSED]
2019-09-16 22:28:29,020 [org.apache.ratis.server.impl.LogAppender$AppenderDaemon$$Lambda$514/1412847569@6e6f6e5d] ERROR ratis.XceiverServerRatis (XceiverServerRatis.java:triggerPipelineClose(575)) - pipeline Action CLOSE  on pipeline PipelineID=505bc541-8f43-4d7f-bd48-7f526c56d1e5.Reason : 9d8d98b0-9991-458a-859c-25f8efc1f325 has not seen follower/s 0ad894eb-396d-46a7-a4d0-256210dc34c1 for 164863ms 5ecabd24-29f4-44ad-af86-ba12f6ac88ae for 164865ms
2019-09-16 22:28:29,021 [org.apache.ratis.server.impl.LogAppender$AppenderDaemon$$Lambda$514/1412847569@74bec2da] ERROR ratis.XceiverServerRatis (XceiverServerRatis.java:triggerPipelineClose(575)) - pipeline Action CLOSE  on pipeline PipelineID=505bc541-8f43-4d7f-bd48-7f526c56d1e5.Reason : 9d8d98b0-9991-458a-859c-25f8efc1f325 has not seen follower/s 0ad894eb-396d-46a7-a4d0-256210dc34c1 for 164864ms 5ecabd24-29f4-44ad-af86-ba12f6ac88ae for 164866ms
2019-09-16 22:28:29,515 [EventQueue-PipelineActionsForPipelineActionHandler] ERROR pipeline.PipelineActionHandler (PipelineActionHandler.java:onMessage(60)) - Received pipeline action CLOSE for Pipeline[ Id: 505bc541-8f43-4d7f-bd48-7f526c56d1e5, Nodes: 5ecabd24-29f4-44ad-af86-ba12f6ac88ae{ip: 192.168.151.68, host: pr-hdds-2135-v26ff-2356241440, networkLocation: /default-rack, certSerialId: null}9d8d98b0-9991-458a-859c-25f8efc1f325{ip: 192.168.151.68, host: pr-hdds-2135-v26ff-2356241440, networkLocation: /default-rack, certSerialId: null}0ad894eb-396d-46a7-a4d0-256210dc34c1{ip: 192.168.151.68, host: pr-hdds-2135-v26ff-2356241440, networkLocation: /default-rack, certSerialId: null}, Type:RATIS, Factor:THREE, State:CLOSED] from datanode 9d8d98b0-9991-458a-859c-25f8efc1f325{ip: 192.168.151.68, host: pr-hdds-2135-v26ff-2356241440, networkLocation: /default-rack, certSerialId: null}. Reason : 9d8d98b0-9991-458a-859c-25f8efc1f325 has not seen follower/s 0ad894eb-396d-46a7-a4d0-256210dc34c1 for 164863ms 5ecabd24-29f4-44ad-af86-ba12f6ac88ae for 164865ms
2019-09-16 22:28:29,515 [EventQueue-PipelineActionsForPipelineActionHandler] INFO  pipeline.SCMPipelineManager (SCMPipelineManager.java:finalizeAndDestroyPipeline(311)) - destroying pipeline:Pipeline[ Id: 505bc541-8f43-4d7f-bd48-7f526c56d1e5, Nodes: 5ecabd24-29f4-44ad-af86-ba12f6ac88ae{ip: 192.168.151.68, host: pr-hdds-2135-v26ff-2356241440, networkLocation: /default-rack, certSerialId: null}9d8d98b0-9991-458a-859c-25f8efc1f325{ip: 192.168.151.68, host: pr-hdds-2135-v26ff-2356241440, networkLocation: /default-rack, certSerialId: null}0ad894eb-396d-46a7-a4d0-256210dc34c1{ip: 192.168.151.68, host: pr-hdds-2135-v26ff-2356241440, networkLocation: /default-rack, certSerialId: null}, Type:RATIS, Factor:THREE, State:CLOSED]
2019-09-16 22:28:29,519 [java.util.concurrent.ThreadPoolExecutor$Worker@46f58b95[State = -1, empty queue]] WARN  server.GrpcLogAppender (GrpcLogAppender.java:timeoutAppendRequest(200)) - 9d8d98b0-9991-458a-859c-25f8efc1f325@group-7F526C56D1E5->5ecabd24-29f4-44ad-af86-ba12f6ac88ae-GrpcLogAppender: appendEntries Timeout, request=9d8d98b0-9991-458a-859c-25f8efc1f325->5ecabd24-29f4-44ad-af86-ba12f6ac88ae#86-t1, previous=(t:1, i:11), leaderCommit=4, initializing? false, entries: <empty>
2019-09-16 22:28:29,521 [java.util.concurrent.ThreadPoolExecutor$Worker@7224147d[State = -1, empty queue]] WARN  server.GrpcLogAppender (GrpcLogAppender.java:timeoutAppendRequest(200)) - 9d8d98b0-9991-458a-859c-25f8efc1f325@group-7F526C56D1E5->0ad894eb-396d-46a7-a4d0-256210dc34c1-GrpcLogAppender: appendEntries Timeout, request=9d8d98b0-9991-458a-859c-25f8efc1f325->0ad894eb-396d-46a7-a4d0-256210dc34c1#86-t1, previous=(t:1, i:11), leaderCommit=4, initializing? false, entries: <empty>
2019-09-16 22:28:31,041 [grpc-default-executor-11] INFO  client.GrpcClientProtocolClient (GrpcClientProtocolClient.java:onNext(264)) - client-99A751C7AE4E->5ecabd24-29f4-44ad-af86-ba12f6ac88ae: receive RaftClientReply:client-99A751C7AE4E->5ecabd24-29f4-44ad-af86-ba12f6ac88ae@group-7F526C56D1E5, cid=146, FAILED org.apache.ratis.protocol.NotLeaderException: Server 5ecabd24-29f4-44ad-af86-ba12f6ac88ae@group-7F526C56D1E5 is not the leader 9d8d98b0-9991-458a-859c-25f8efc1f325:192.168.151.68:46204, logIndex=0, commits[5ecabd24-29f4-44ad-af86-ba12f6ac88ae:c4, 9d8d98b0-9991-458a-859c-25f8efc1f325:c4, 0ad894eb-396d-46a7-a4d0-256210dc34c1:c3]
2019-09-16 22:28:31,521 [org.apache.ratis.server.impl.LogAppender$AppenderDaemon$$Lambda$514/1412847569@6e6f6e5d] ERROR ratis.XceiverServerRatis (XceiverServerRatis.java:triggerPipelineClose(575)) - pipeline Action CLOSE  on pipeline PipelineID=505bc541-8f43-4d7f-bd48-7f526c56d1e5.Reason : 9d8d98b0-9991-458a-859c-25f8efc1f325 has not seen follower/s 0ad894eb-396d-46a7-a4d0-256210dc34c1 for 167363ms 5ecabd24-29f4-44ad-af86-ba12f6ac88ae for 167366ms
2019-09-16 22:28:31,522 [org.apache.ratis.server.impl.LogAppender$AppenderDaemon$$Lambda$514/1412847569@74bec2da] ERROR ratis.XceiverServerRatis (XceiverServerRatis.java:triggerPipelineClose(575)) - pipeline Action CLOSE  on pipeline PipelineID=505bc541-8f43-4d7f-bd48-7f526c56d1e5.Reason : 9d8d98b0-9991-458a-859c-25f8efc1f325 has not seen follower/s 0ad894eb-396d-46a7-a4d0-256210dc34c1 for 167364ms 5ecabd24-29f4-44ad-af86-ba12f6ac88ae for 167367ms
2019-09-16 22:28:32,020 [java.util.concurrent.ThreadPoolExecutor$Worker@46f58b95[State = -1, empty queue]] WARN  server.GrpcLogAppender (GrpcLogAppender.java:timeoutAppendRequest(200)) - 9d8d98b0-9991-458a-859c-25f8efc1f325@group-7F526C56D1E5->5ecabd24-29f4-44ad-af86-ba12f6ac88ae-GrpcLogAppender: appendEntries Timeout, request=9d8d98b0-9991-458a-859c-25f8efc1f325->5ecabd24-29f4-44ad-af86-ba12f6ac88ae#87-t1, previous=(t:1, i:11), leaderCommit=4, initializing? false, entries: <empty>
2019-09-16 22:28:32,021 [java.util.concurrent.ThreadPoolExecutor$Worker@7224147d[State = -1, empty queue]] WARN  server.GrpcLogAppender (GrpcLogAppender.java:timeoutAppendRequest(200)) - 9d8d98b0-9991-458a-859c-25f8efc1f325@group-7F526C56D1E5->0ad894eb-396d-46a7-a4d0-256210dc34c1-GrpcLogAppender: appendEntries Timeout, request=9d8d98b0-9991-458a-859c-25f8efc1f325->0ad894eb-396d-46a7-a4d0-256210dc34c1#87-t1, previous=(t:1, i:11), leaderCommit=4, initializing? false, entries: <empty>
2019-09-16 22:28:32,514 [EventQueue-PipelineActionsForPipelineActionHandler] ERROR pipeline.PipelineActionHandler (PipelineActionHandler.java:onMessage(60)) - Received pipeline action CLOSE for Pipeline[ Id: 505bc541-8f43-4d7f-bd48-7f526c56d1e5, Nodes: 5ecabd24-29f4-44ad-af86-ba12f6ac88ae{ip: 192.168.151.68, host: pr-hdds-2135-v26ff-2356241440, networkLocation: /default-rack, certSerialId: null}9d8d98b0-9991-458a-859c-25f8efc1f325{ip: 192.168.151.68, host: pr-hdds-2135-v26ff-2356241440, networkLocation: /default-rack, certSerialId: null}0ad894eb-396d-46a7-a4d0-256210dc34c1{ip: 192.168.151.68, host: pr-hdds-2135-v26ff-2356241440, networkLocation: /default-rack, certSerialId: null}, Type:RATIS, Factor:THREE, State:CLOSED] from datanode 9d8d98b0-9991-458a-859c-25f8efc1f325{ip: 192.168.151.68, host: pr-hdds-2135-v26ff-2356241440, networkLocation: /default-rack, certSerialId: null}. Reason : 9d8d98b0-9991-458a-859c-25f8efc1f325 has not seen follower/s 0ad894eb-396d-46a7-a4d0-256210dc34c1 for 167363ms 5ecabd24-29f4-44ad-af86-ba12f6ac88ae for 167366ms
2019-09-16 22:28:32,514 [EventQueue-PipelineActionsForPipelineActionHandler] INFO  pipeline.SCMPipelineManager (SCMPipelineManager.java:finalizeAndDestroyPipeline(311)) - destroying pipeline:Pipeline[ Id: 505bc541-8f43-4d7f-bd48-7f526c56d1e5, Nodes: 5ecabd24-29f4-44ad-af86-ba12f6ac88ae{ip: 192.168.151.68, host: pr-hdds-2135-v26ff-2356241440, networkLocation: /default-rack, certSerialId: null}9d8d98b0-9991-458a-859c-25f8efc1f325{ip: 192.168.151.68, host: pr-hdds-2135-v26ff-2356241440, networkLocation: /default-rack, certSerialId: null}0ad894eb-396d-46a7-a4d0-256210dc34c1{ip: 192.168.151.68, host: pr-hdds-2135-v26ff-2356241440, networkLocation: /default-rack, certSerialId: null}, Type:RATIS, Factor:THREE, State:CLOSED]
2019-09-16 22:28:34,022 [org.apache.ratis.server.impl.LogAppender$AppenderDaemon$$Lambda$514/1412847569@6e6f6e5d] ERROR ratis.XceiverServerRatis (XceiverServerRatis.java:triggerPipelineClose(575)) - pipeline Action CLOSE  on pipeline PipelineID=505bc541-8f43-4d7f-bd48-7f526c56d1e5.Reason : 9d8d98b0-9991-458a-859c-25f8efc1f325 has not seen follower/s 0ad894eb-396d-46a7-a4d0-256210dc34c1 for 169864ms 5ecabd24-29f4-44ad-af86-ba12f6ac88ae for 169867ms
2019-09-16 22:28:34,022 [org.apache.ratis.server.impl.LogAppender$AppenderDaemon$$Lambda$514/1412847569@74bec2da] ERROR ratis.XceiverServerRatis (XceiverServerRatis.java:triggerPipelineClose(575)) - pipeline Action CLOSE  on pipeline PipelineID=505bc541-8f43-4d7f-bd48-7f526c56d1e5.Reason : 9d8d98b0-9991-458a-859c-25f8efc1f325 has not seen follower/s 0ad894eb-396d-46a7-a4d0-256210dc34c1 for 169865ms 5ecabd24-29f4-44ad-af86-ba12f6ac88ae for 169868ms
2019-09-16 22:28:34,343 [9d8d98b0-9991-458a-859c-25f8efc1f325@group-7F526C56D1E5-SegmentedRaftLogWorker] WARN  segmented.SegmentedRaftLogWorker (SegmentedRaftLogWorker.java:getFromFuture(90)) - Timeout 16/~
org.apache.ratis.protocol.TimeoutIOException: Timeout 10s: WriteLog:5: (t:1, i:5), STATEMACHINELOGENTRY, client-99A751C7AE4E, cid=146-writeStateMachineData
	at org.apache.ratis.util.IOUtils.getFromFuture(IOUtils.java:87)
	at org.apache.ratis.server.raftlog.segmented.SegmentedRaftLogWorker$StateMachineDataPolicy.getFromFuture(SegmentedRaftLogWorker.java:87)
	at org.apache.ratis.server.raftlog.segmented.SegmentedRaftLogWorker$WriteLog.execute(SegmentedRaftLogWorker.java:477)
	at org.apache.ratis.server.raftlog.segmented.SegmentedRaftLogWorker.run(SegmentedRaftLogWorker.java:289)
	at java.lang.Thread.run(Thread.java:748)
Caused by: java.util.concurrent.TimeoutException
	at java.util.concurrent.CompletableFuture.timedGet(CompletableFuture.java:1771)
	at java.util.concurrent.CompletableFuture.get(CompletableFuture.java:1915)
	at org.apache.ratis.util.IOUtils.getFromFuture(IOUtils.java:79)
	... 4 more
2019-09-16 22:28:34,388 [0ad894eb-396d-46a7-a4d0-256210dc34c1@group-7F526C56D1E5-SegmentedRaftLogWorker] WARN  segmented.SegmentedRaftLogWorker (SegmentedRaftLogWorker.java:getFromFuture(90)) - Timeout 16/~
org.apache.ratis.protocol.TimeoutIOException: Timeout 10s: WriteLog:5: (t:1, i:5), STATEMACHINELOGENTRY, client-99A751C7AE4E, cid=146-writeStateMachineData
	at org.apache.ratis.util.IOUtils.getFromFuture(IOUtils.java:87)
	at org.apache.ratis.server.raftlog.segmented.SegmentedRaftLogWorker$StateMachineDataPolicy.getFromFuture(SegmentedRaftLogWorker.java:87)
	at org.apache.ratis.server.raftlog.segmented.SegmentedRaftLogWorker$WriteLog.execute(SegmentedRaftLogWorker.java:477)
	at org.apache.ratis.server.raftlog.segmented.SegmentedRaftLogWorker.run(SegmentedRaftLogWorker.java:289)
	at java.lang.Thread.run(Thread.java:748)
Caused by: java.util.concurrent.TimeoutException
	at java.util.concurrent.CompletableFuture.timedGet(CompletableFuture.java:1771)
	at java.util.concurrent.CompletableFuture.get(CompletableFuture.java:1915)
	at org.apache.ratis.util.IOUtils.getFromFuture(IOUtils.java:79)
	... 4 more
2019-09-16 22:28:34,389 [5ecabd24-29f4-44ad-af86-ba12f6ac88ae@group-7F526C56D1E5-SegmentedRaftLogWorker] WARN  segmented.SegmentedRaftLogWorker (SegmentedRaftLogWorker.java:getFromFuture(90)) - Timeout 16/~
org.apache.ratis.protocol.TimeoutIOException: Timeout 10s: WriteLog:5: (t:1, i:5), STATEMACHINELOGENTRY, client-99A751C7AE4E, cid=146-writeStateMachineData
	at org.apache.ratis.util.IOUtils.getFromFuture(IOUtils.java:87)
	at org.apache.ratis.server.raftlog.segmented.SegmentedRaftLogWorker$StateMachineDataPolicy.getFromFuture(SegmentedRaftLogWorker.java:87)
	at org.apache.ratis.server.raftlog.segmented.SegmentedRaftLogWorker$WriteLog.execute(SegmentedRaftLogWorker.java:477)
	at org.apache.ratis.server.raftlog.segmented.SegmentedRaftLogWorker.run(SegmentedRaftLogWorker.java:289)
	at java.lang.Thread.run(Thread.java:748)
Caused by: java.util.concurrent.TimeoutException
	at java.util.concurrent.CompletableFuture.timedGet(CompletableFuture.java:1771)
	at java.util.concurrent.CompletableFuture.get(CompletableFuture.java:1915)
	at org.apache.ratis.util.IOUtils.getFromFuture(IOUtils.java:79)
	... 4 more
2019-09-16 22:28:34,514 [EventQueue-PipelineActionsForPipelineActionHandler] ERROR pipeline.PipelineActionHandler (PipelineActionHandler.java:onMessage(60)) - Received pipeline action CLOSE for Pipeline[ Id: 505bc541-8f43-4d7f-bd48-7f526c56d1e5, Nodes: 5ecabd24-29f4-44ad-af86-ba12f6ac88ae{ip: 192.168.151.68, host: pr-hdds-2135-v26ff-2356241440, networkLocation: /default-rack, certSerialId: null}9d8d98b0-9991-458a-859c-25f8efc1f325{ip: 192.168.151.68, host: pr-hdds-2135-v26ff-2356241440, networkLocation: /default-rack, certSerialId: null}0ad894eb-396d-46a7-a4d0-256210dc34c1{ip: 192.168.151.68, host: pr-hdds-2135-v26ff-2356241440, networkLocation: /default-rack, certSerialId: null}, Type:RATIS, Factor:THREE, State:CLOSED] from datanode 9d8d98b0-9991-458a-859c-25f8efc1f325{ip: 192.168.151.68, host: pr-hdds-2135-v26ff-2356241440, networkLocation: /default-rack, certSerialId: null}. Reason : 9d8d98b0-9991-458a-859c-25f8efc1f325 has not seen follower/s 0ad894eb-396d-46a7-a4d0-256210dc34c1 for 169864ms 5ecabd24-29f4-44ad-af86-ba12f6ac88ae for 169867ms
2019-09-16 22:28:34,514 [EventQueue-PipelineActionsForPipelineActionHandler] INFO  pipeline.SCMPipelineManager (SCMPipelineManager.java:finalizeAndDestroyPipeline(311)) - destroying pipeline:Pipeline[ Id: 505bc541-8f43-4d7f-bd48-7f526c56d1e5, Nodes: 5ecabd24-29f4-44ad-af86-ba12f6ac88ae{ip: 192.168.151.68, host: pr-hdds-2135-v26ff-2356241440, networkLocation: /default-rack, certSerialId: null}9d8d98b0-9991-458a-859c-25f8efc1f325{ip: 192.168.151.68, host: pr-hdds-2135-v26ff-2356241440, networkLocation: /default-rack, certSerialId: null}0ad894eb-396d-46a7-a4d0-256210dc34c1{ip: 192.168.151.68, host: pr-hdds-2135-v26ff-2356241440, networkLocation: /default-rack, certSerialId: null}, Type:RATIS, Factor:THREE, State:CLOSED]
2019-09-16 22:28:34,521 [java.util.concurrent.ThreadPoolExecutor$Worker@46f58b95[State = -1, empty queue]] WARN  server.GrpcLogAppender (GrpcLogAppender.java:timeoutAppendRequest(200)) - 9d8d98b0-9991-458a-859c-25f8efc1f325@group-7F526C56D1E5->5ecabd24-29f4-44ad-af86-ba12f6ac88ae-GrpcLogAppender: appendEntries Timeout, request=9d8d98b0-9991-458a-859c-25f8efc1f325->5ecabd24-29f4-44ad-af86-ba12f6ac88ae#88-t1, previous=(t:1, i:11), leaderCommit=4, initializing? false, entries: <empty>
2019-09-16 22:28:34,522 [java.util.concurrent.ThreadPoolExecutor$Worker@7224147d[State = -1, empty queue]] WARN  server.GrpcLogAppender (GrpcLogAppender.java:timeoutAppendRequest(200)) - 9d8d98b0-9991-458a-859c-25f8efc1f325@group-7F526C56D1E5->0ad894eb-396d-46a7-a4d0-256210dc34c1-GrpcLogAppender: appendEntries Timeout, request=9d8d98b0-9991-458a-859c-25f8efc1f325->0ad894eb-396d-46a7-a4d0-256210dc34c1#88-t1, previous=(t:1, i:11), leaderCommit=4, initializing? false, entries: <empty>
2019-09-16 22:28:36,103 [grpc-default-executor-11] INFO  client.GrpcClientProtocolClient (GrpcClientProtocolClient.java:onNext(264)) - client-99A751C7AE4E->5ecabd24-29f4-44ad-af86-ba12f6ac88ae: receive RaftClientReply:client-99A751C7AE4E->5ecabd24-29f4-44ad-af86-ba12f6ac88ae@group-7F526C56D1E5, cid=146, FAILED org.apache.ratis.protocol.NotLeaderException: Server 5ecabd24-29f4-44ad-af86-ba12f6ac88ae@group-7F526C56D1E5 is not the leader 9d8d98b0-9991-458a-859c-25f8efc1f325:192.168.151.68:46204, logIndex=0, commits[5ecabd24-29f4-44ad-af86-ba12f6ac88ae:c4, 9d8d98b0-9991-458a-859c-25f8efc1f325:c4, 0ad894eb-396d-46a7-a4d0-256210dc34c1:c3]
2019-09-16 22:28:36,524 [org.apache.ratis.server.impl.LogAppender$AppenderDaemon$$Lambda$514/1412847569@6e6f6e5d] ERROR ratis.XceiverServerRatis (XceiverServerRatis.java:triggerPipelineClose(575)) - pipeline Action CLOSE  on pipeline PipelineID=505bc541-8f43-4d7f-bd48-7f526c56d1e5.Reason : 9d8d98b0-9991-458a-859c-25f8efc1f325 has not seen follower/s 0ad894eb-396d-46a7-a4d0-256210dc34c1 for 172366ms 5ecabd24-29f4-44ad-af86-ba12f6ac88ae for 172369ms
2019-09-16 22:28:36,524 [org.apache.ratis.server.impl.LogAppender$AppenderDaemon$$Lambda$514/1412847569@74bec2da] ERROR ratis.XceiverServerRatis (XceiverServerRatis.java:triggerPipelineClose(575)) - pipeline Action CLOSE  on pipeline PipelineID=505bc541-8f43-4d7f-bd48-7f526c56d1e5.Reason : 9d8d98b0-9991-458a-859c-25f8efc1f325 has not seen follower/s 0ad894eb-396d-46a7-a4d0-256210dc34c1 for 172366ms 5ecabd24-29f4-44ad-af86-ba12f6ac88ae for 172369ms
2019-09-16 22:28:37,022 [java.util.concurrent.ThreadPoolExecutor$Worker@46f58b95[State = -1, empty queue]] WARN  server.GrpcLogAppender (GrpcLogAppender.java:timeoutAppendRequest(200)) - 9d8d98b0-9991-458a-859c-25f8efc1f325@group-7F526C56D1E5->5ecabd24-29f4-44ad-af86-ba12f6ac88ae-GrpcLogAppender: appendEntries Timeout, request=9d8d98b0-9991-458a-859c-25f8efc1f325->5ecabd24-29f4-44ad-af86-ba12f6ac88ae#89-t1, previous=(t:1, i:11), leaderCommit=4, initializing? false, entries: <empty>
2019-09-16 22:28:37,022 [java.util.concurrent.ThreadPoolExecutor$Worker@7224147d[State = -1, empty queue]] WARN  server.GrpcLogAppender (GrpcLogAppender.java:timeoutAppendRequest(200)) - 9d8d98b0-9991-458a-859c-25f8efc1f325@group-7F526C56D1E5->0ad894eb-396d-46a7-a4d0-256210dc34c1-GrpcLogAppender: appendEntries Timeout, request=9d8d98b0-9991-458a-859c-25f8efc1f325->0ad894eb-396d-46a7-a4d0-256210dc34c1#89-t1, previous=(t:1, i:11), leaderCommit=4, initializing? false, entries: <empty>
2019-09-16 22:28:37,516 [EventQueue-PipelineActionsForPipelineActionHandler] ERROR pipeline.PipelineActionHandler (PipelineActionHandler.java:onMessage(60)) - Received pipeline action CLOSE for Pipeline[ Id: 505bc541-8f43-4d7f-bd48-7f526c56d1e5, Nodes: 5ecabd24-29f4-44ad-af86-ba12f6ac88ae{ip: 192.168.151.68, host: pr-hdds-2135-v26ff-2356241440, networkLocation: /default-rack, certSerialId: null}9d8d98b0-9991-458a-859c-25f8efc1f325{ip: 192.168.151.68, host: pr-hdds-2135-v26ff-2356241440, networkLocation: /default-rack, certSerialId: null}0ad894eb-396d-46a7-a4d0-256210dc34c1{ip: 192.168.151.68, host: pr-hdds-2135-v26ff-2356241440, networkLocation: /default-rack, certSerialId: null}, Type:RATIS, Factor:THREE, State:CLOSED] from datanode 9d8d98b0-9991-458a-859c-25f8efc1f325{ip: 192.168.151.68, host: pr-hdds-2135-v26ff-2356241440, networkLocation: /default-rack, certSerialId: null}. Reason : 9d8d98b0-9991-458a-859c-25f8efc1f325 has not seen follower/s 0ad894eb-396d-46a7-a4d0-256210dc34c1 for 172366ms 5ecabd24-29f4-44ad-af86-ba12f6ac88ae for 172369ms
2019-09-16 22:28:37,517 [EventQueue-PipelineActionsForPipelineActionHandler] INFO  pipeline.SCMPipelineManager (SCMPipelineManager.java:finalizeAndDestroyPipeline(311)) - destroying pipeline:Pipeline[ Id: 505bc541-8f43-4d7f-bd48-7f526c56d1e5, Nodes: 5ecabd24-29f4-44ad-af86-ba12f6ac88ae{ip: 192.168.151.68, host: pr-hdds-2135-v26ff-2356241440, networkLocation: /default-rack, certSerialId: null}9d8d98b0-9991-458a-859c-25f8efc1f325{ip: 192.168.151.68, host: pr-hdds-2135-v26ff-2356241440, networkLocation: /default-rack, certSerialId: null}0ad894eb-396d-46a7-a4d0-256210dc34c1{ip: 192.168.151.68, host: pr-hdds-2135-v26ff-2356241440, networkLocation: /default-rack, certSerialId: null}, Type:RATIS, Factor:THREE, State:CLOSED]
2019-09-16 22:28:39,026 [org.apache.ratis.server.impl.LogAppender$AppenderDaemon$$Lambda$514/1412847569@6e6f6e5d] ERROR ratis.XceiverServerRatis (XceiverServerRatis.java:triggerPipelineClose(575)) - pipeline Action CLOSE  on pipeline PipelineID=505bc541-8f43-4d7f-bd48-7f526c56d1e5.Reason : 9d8d98b0-9991-458a-859c-25f8efc1f325 has not seen follower/s 0ad894eb-396d-46a7-a4d0-256210dc34c1 for 174868ms 5ecabd24-29f4-44ad-af86-ba12f6ac88ae for 174870ms
2019-09-16 22:28:39,026 [org.apache.ratis.server.impl.LogAppender$AppenderDaemon$$Lambda$514/1412847569@74bec2da] ERROR ratis.XceiverServerRatis (XceiverServerRatis.java:triggerPipelineClose(575)) - pipeline Action CLOSE  on pipeline PipelineID=505bc541-8f43-4d7f-bd48-7f526c56d1e5.Reason : 9d8d98b0-9991-458a-859c-25f8efc1f325 has not seen follower/s 0ad894eb-396d-46a7-a4d0-256210dc34c1 for 174868ms 5ecabd24-29f4-44ad-af86-ba12f6ac88ae for 174870ms
2019-09-16 22:28:39,518 [EventQueue-PipelineActionsForPipelineActionHandler] ERROR pipeline.PipelineActionHandler (PipelineActionHandler.java:onMessage(60)) - Received pipeline action CLOSE for Pipeline[ Id: 505bc541-8f43-4d7f-bd48-7f526c56d1e5, Nodes: 5ecabd24-29f4-44ad-af86-ba12f6ac88ae{ip: 192.168.151.68, host: pr-hdds-2135-v26ff-2356241440, networkLocation: /default-rack, certSerialId: null}9d8d98b0-9991-458a-859c-25f8efc1f325{ip: 192.168.151.68, host: pr-hdds-2135-v26ff-2356241440, networkLocation: /default-rack, certSerialId: null}0ad894eb-396d-46a7-a4d0-256210dc34c1{ip: 192.168.151.68, host: pr-hdds-2135-v26ff-2356241440, networkLocation: /default-rack, certSerialId: null}, Type:RATIS, Factor:THREE, State:CLOSED] from datanode 9d8d98b0-9991-458a-859c-25f8efc1f325{ip: 192.168.151.68, host: pr-hdds-2135-v26ff-2356241440, networkLocation: /default-rack, certSerialId: null}. Reason : 9d8d98b0-9991-458a-859c-25f8efc1f325 has not seen follower/s 0ad894eb-396d-46a7-a4d0-256210dc34c1 for 174868ms 5ecabd24-29f4-44ad-af86-ba12f6ac88ae for 174870ms
2019-09-16 22:28:39,518 [EventQueue-PipelineActionsForPipelineActionHandler] INFO  pipeline.SCMPipelineManager (SCMPipelineManager.java:finalizeAndDestroyPipeline(311)) - destroying pipeline:Pipeline[ Id: 505bc541-8f43-4d7f-bd48-7f526c56d1e5, Nodes: 5ecabd24-29f4-44ad-af86-ba12f6ac88ae{ip: 192.168.151.68, host: pr-hdds-2135-v26ff-2356241440, networkLocation: /default-rack, certSerialId: null}9d8d98b0-9991-458a-859c-25f8efc1f325{ip: 192.168.151.68, host: pr-hdds-2135-v26ff-2356241440, networkLocation: /default-rack, certSerialId: null}0ad894eb-396d-46a7-a4d0-256210dc34c1{ip: 192.168.151.68, host: pr-hdds-2135-v26ff-2356241440, networkLocation: /default-rack, certSerialId: null}, Type:RATIS, Factor:THREE, State:CLOSED]
2019-09-16 22:28:39,523 [java.util.concurrent.ThreadPoolExecutor$Worker@7224147d[State = -1, empty queue]] WARN  server.GrpcLogAppender (GrpcLogAppender.java:timeoutAppendRequest(200)) - 9d8d98b0-9991-458a-859c-25f8efc1f325@group-7F526C56D1E5->0ad894eb-396d-46a7-a4d0-256210dc34c1-GrpcLogAppender: appendEntries Timeout, request=9d8d98b0-9991-458a-859c-25f8efc1f325->0ad894eb-396d-46a7-a4d0-256210dc34c1#90-t1, previous=(t:1, i:11), leaderCommit=4, initializing? false, entries: <empty>
2019-09-16 22:28:39,523 [java.util.concurrent.ThreadPoolExecutor$Worker@46f58b95[State = -1, empty queue]] WARN  server.GrpcLogAppender (GrpcLogAppender.java:timeoutAppendRequest(200)) - 9d8d98b0-9991-458a-859c-25f8efc1f325@group-7F526C56D1E5->5ecabd24-29f4-44ad-af86-ba12f6ac88ae-GrpcLogAppender: appendEntries Timeout, request=9d8d98b0-9991-458a-859c-25f8efc1f325->5ecabd24-29f4-44ad-af86-ba12f6ac88ae#90-t1, previous=(t:1, i:11), leaderCommit=4, initializing? false, entries: <empty>
2019-09-16 22:28:41,158 [grpc-default-executor-11] INFO  client.GrpcClientProtocolClient (GrpcClientProtocolClient.java:onNext(264)) - client-99A751C7AE4E->0ad894eb-396d-46a7-a4d0-256210dc34c1: receive RaftClientReply:client-99A751C7AE4E->0ad894eb-396d-46a7-a4d0-256210dc34c1@group-7F526C56D1E5, cid=146, FAILED org.apache.ratis.protocol.NotLeaderException: Server 0ad894eb-396d-46a7-a4d0-256210dc34c1@group-7F526C56D1E5 is not the leader 9d8d98b0-9991-458a-859c-25f8efc1f325:192.168.151.68:46204, logIndex=0, commits[0ad894eb-396d-46a7-a4d0-256210dc34c1:c4, 9d8d98b0-9991-458a-859c-25f8efc1f325:c4, 5ecabd24-29f4-44ad-af86-ba12f6ac88ae:c3]
2019-09-16 22:28:41,526 [org.apache.ratis.server.impl.LogAppender$AppenderDaemon$$Lambda$514/1412847569@74bec2da] ERROR ratis.XceiverServerRatis (XceiverServerRatis.java:triggerPipelineClose(575)) - pipeline Action CLOSE  on pipeline PipelineID=505bc541-8f43-4d7f-bd48-7f526c56d1e5.Reason : 9d8d98b0-9991-458a-859c-25f8efc1f325 has not seen follower/s 0ad894eb-396d-46a7-a4d0-256210dc34c1 for 177369ms 5ecabd24-29f4-44ad-af86-ba12f6ac88ae for 177371ms
2019-09-16 22:28:41,526 [org.apache.ratis.server.impl.LogAppender$AppenderDaemon$$Lambda$514/1412847569@6e6f6e5d] ERROR ratis.XceiverServerRatis (XceiverServerRatis.java:triggerPipelineClose(575)) - pipeline Action CLOSE  on pipeline PipelineID=505bc541-8f43-4d7f-bd48-7f526c56d1e5.Reason : 9d8d98b0-9991-458a-859c-25f8efc1f325 has not seen follower/s 0ad894eb-396d-46a7-a4d0-256210dc34c1 for 177369ms 5ecabd24-29f4-44ad-af86-ba12f6ac88ae for 177371ms
2019-09-16 22:28:42,025 [java.util.concurrent.ThreadPoolExecutor$Worker@7224147d[State = -1, empty queue]] WARN  server.GrpcLogAppender (GrpcLogAppender.java:timeoutAppendRequest(200)) - 9d8d98b0-9991-458a-859c-25f8efc1f325@group-7F526C56D1E5->0ad894eb-396d-46a7-a4d0-256210dc34c1-GrpcLogAppender: appendEntries Timeout, request=9d8d98b0-9991-458a-859c-25f8efc1f325->0ad894eb-396d-46a7-a4d0-256210dc34c1#91-t1, previous=(t:1, i:11), leaderCommit=4, initializing? false, entries: <empty>
2019-09-16 22:28:42,025 [java.util.concurrent.ThreadPoolExecutor$Worker@46f58b95[State = -1, empty queue]] WARN  server.GrpcLogAppender (GrpcLogAppender.java:timeoutAppendRequest(200)) - 9d8d98b0-9991-458a-859c-25f8efc1f325@group-7F526C56D1E5->5ecabd24-29f4-44ad-af86-ba12f6ac88ae-GrpcLogAppender: appendEntries Timeout, request=9d8d98b0-9991-458a-859c-25f8efc1f325->5ecabd24-29f4-44ad-af86-ba12f6ac88ae#91-t1, previous=(t:1, i:11), leaderCommit=4, initializing? false, entries: <empty>
2019-09-16 22:28:42,518 [EventQueue-PipelineActionsForPipelineActionHandler] ERROR pipeline.PipelineActionHandler (PipelineActionHandler.java:onMessage(60)) - Received pipeline action CLOSE for Pipeline[ Id: 505bc541-8f43-4d7f-bd48-7f526c56d1e5, Nodes: 5ecabd24-29f4-44ad-af86-ba12f6ac88ae{ip: 192.168.151.68, host: pr-hdds-2135-v26ff-2356241440, networkLocation: /default-rack, certSerialId: null}9d8d98b0-9991-458a-859c-25f8efc1f325{ip: 192.168.151.68, host: pr-hdds-2135-v26ff-2356241440, networkLocation: /default-rack, certSerialId: null}0ad894eb-396d-46a7-a4d0-256210dc34c1{ip: 192.168.151.68, host: pr-hdds-2135-v26ff-2356241440, networkLocation: /default-rack, certSerialId: null}, Type:RATIS, Factor:THREE, State:CLOSED] from datanode 9d8d98b0-9991-458a-859c-25f8efc1f325{ip: 192.168.151.68, host: pr-hdds-2135-v26ff-2356241440, networkLocation: /default-rack, certSerialId: null}. Reason : 9d8d98b0-9991-458a-859c-25f8efc1f325 has not seen follower/s 0ad894eb-396d-46a7-a4d0-256210dc34c1 for 177369ms 5ecabd24-29f4-44ad-af86-ba12f6ac88ae for 177371ms
2019-09-16 22:28:42,519 [EventQueue-PipelineActionsForPipelineActionHandler] INFO  pipeline.SCMPipelineManager (SCMPipelineManager.java:finalizeAndDestroyPipeline(311)) - destroying pipeline:Pipeline[ Id: 505bc541-8f43-4d7f-bd48-7f526c56d1e5, Nodes: 5ecabd24-29f4-44ad-af86-ba12f6ac88ae{ip: 192.168.151.68, host: pr-hdds-2135-v26ff-2356241440, networkLocation: /default-rack, certSerialId: null}9d8d98b0-9991-458a-859c-25f8efc1f325{ip: 192.168.151.68, host: pr-hdds-2135-v26ff-2356241440, networkLocation: /default-rack, certSerialId: null}0ad894eb-396d-46a7-a4d0-256210dc34c1{ip: 192.168.151.68, host: pr-hdds-2135-v26ff-2356241440, networkLocation: /default-rack, certSerialId: null}, Type:RATIS, Factor:THREE, State:CLOSED]
2019-09-16 22:28:44,027 [org.apache.ratis.server.impl.LogAppender$AppenderDaemon$$Lambda$514/1412847569@74bec2da] ERROR ratis.XceiverServerRatis (XceiverServerRatis.java:triggerPipelineClose(575)) - pipeline Action CLOSE  on pipeline PipelineID=505bc541-8f43-4d7f-bd48-7f526c56d1e5.Reason : 9d8d98b0-9991-458a-859c-25f8efc1f325 has not seen follower/s 0ad894eb-396d-46a7-a4d0-256210dc34c1 for 179870ms 5ecabd24-29f4-44ad-af86-ba12f6ac88ae for 179872ms
2019-09-16 22:28:44,027 [org.apache.ratis.server.impl.LogAppender$AppenderDaemon$$Lambda$514/1412847569@6e6f6e5d] ERROR ratis.XceiverServerRatis (XceiverServerRatis.java:triggerPipelineClose(575)) - pipeline Action CLOSE  on pipeline PipelineID=505bc541-8f43-4d7f-bd48-7f526c56d1e5.Reason : 9d8d98b0-9991-458a-859c-25f8efc1f325 has not seen follower/s 0ad894eb-396d-46a7-a4d0-256210dc34c1 for 179870ms 5ecabd24-29f4-44ad-af86-ba12f6ac88ae for 179872ms
2019-09-16 22:28:44,344 [9d8d98b0-9991-458a-859c-25f8efc1f325@group-7F526C56D1E5-SegmentedRaftLogWorker] WARN  segmented.SegmentedRaftLogWorker (SegmentedRaftLogWorker.java:getFromFuture(90)) - Timeout 17/~
org.apache.ratis.protocol.TimeoutIOException: Timeout 10s: WriteLog:5: (t:1, i:5), STATEMACHINELOGENTRY, client-99A751C7AE4E, cid=146-writeStateMachineData
	at org.apache.ratis.util.IOUtils.getFromFuture(IOUtils.java:87)
	at org.apache.ratis.server.raftlog.segmented.SegmentedRaftLogWorker$StateMachineDataPolicy.getFromFuture(SegmentedRaftLogWorker.java:87)
	at org.apache.ratis.server.raftlog.segmented.SegmentedRaftLogWorker$WriteLog.execute(SegmentedRaftLogWorker.java:477)
	at org.apache.ratis.server.raftlog.segmented.SegmentedRaftLogWorker.run(SegmentedRaftLogWorker.java:289)
	at java.lang.Thread.run(Thread.java:748)
Caused by: java.util.concurrent.TimeoutException
	at java.util.concurrent.CompletableFuture.timedGet(CompletableFuture.java:1771)
	at java.util.concurrent.CompletableFuture.get(CompletableFuture.java:1915)
	at org.apache.ratis.util.IOUtils.getFromFuture(IOUtils.java:79)
	... 4 more
2019-09-16 22:28:44,389 [0ad894eb-396d-46a7-a4d0-256210dc34c1@group-7F526C56D1E5-SegmentedRaftLogWorker] WARN  segmented.SegmentedRaftLogWorker (SegmentedRaftLogWorker.java:getFromFuture(90)) - Timeout 17/~
org.apache.ratis.protocol.TimeoutIOException: Timeout 10s: WriteLog:5: (t:1, i:5), STATEMACHINELOGENTRY, client-99A751C7AE4E, cid=146-writeStateMachineData
	at org.apache.ratis.util.IOUtils.getFromFuture(IOUtils.java:87)
	at org.apache.ratis.server.raftlog.segmented.SegmentedRaftLogWorker$StateMachineDataPolicy.getFromFuture(SegmentedRaftLogWorker.java:87)
	at org.apache.ratis.server.raftlog.segmented.SegmentedRaftLogWorker$WriteLog.execute(SegmentedRaftLogWorker.java:477)
	at org.apache.ratis.server.raftlog.segmented.SegmentedRaftLogWorker.run(SegmentedRaftLogWorker.java:289)
	at java.lang.Thread.run(Thread.java:748)
Caused by: java.util.concurrent.TimeoutException
	at java.util.concurrent.CompletableFuture.timedGet(CompletableFuture.java:1771)
	at java.util.concurrent.CompletableFuture.get(CompletableFuture.java:1915)
	at org.apache.ratis.util.IOUtils.getFromFuture(IOUtils.java:79)
	... 4 more
2019-09-16 22:28:44,389 [5ecabd24-29f4-44ad-af86-ba12f6ac88ae@group-7F526C56D1E5-SegmentedRaftLogWorker] WARN  segmented.SegmentedRaftLogWorker (SegmentedRaftLogWorker.java:getFromFuture(90)) - Timeout 17/~
org.apache.ratis.protocol.TimeoutIOException: Timeout 10s: WriteLog:5: (t:1, i:5), STATEMACHINELOGENTRY, client-99A751C7AE4E, cid=146-writeStateMachineData
	at org.apache.ratis.util.IOUtils.getFromFuture(IOUtils.java:87)
	at org.apache.ratis.server.raftlog.segmented.SegmentedRaftLogWorker$StateMachineDataPolicy.getFromFuture(SegmentedRaftLogWorker.java:87)
	at org.apache.ratis.server.raftlog.segmented.SegmentedRaftLogWorker$WriteLog.execute(SegmentedRaftLogWorker.java:477)
	at org.apache.ratis.server.raftlog.segmented.SegmentedRaftLogWorker.run(SegmentedRaftLogWorker.java:289)
	at java.lang.Thread.run(Thread.java:748)
Caused by: java.util.concurrent.TimeoutException
	at java.util.concurrent.CompletableFuture.timedGet(CompletableFuture.java:1771)
	at java.util.concurrent.CompletableFuture.get(CompletableFuture.java:1915)
	at org.apache.ratis.util.IOUtils.getFromFuture(IOUtils.java:79)
	... 4 more
2019-09-16 22:28:44,518 [EventQueue-PipelineActionsForPipelineActionHandler] ERROR pipeline.PipelineActionHandler (PipelineActionHandler.java:onMessage(60)) - Received pipeline action CLOSE for Pipeline[ Id: 505bc541-8f43-4d7f-bd48-7f526c56d1e5, Nodes: 5ecabd24-29f4-44ad-af86-ba12f6ac88ae{ip: 192.168.151.68, host: pr-hdds-2135-v26ff-2356241440, networkLocation: /default-rack, certSerialId: null}9d8d98b0-9991-458a-859c-25f8efc1f325{ip: 192.168.151.68, host: pr-hdds-2135-v26ff-2356241440, networkLocation: /default-rack, certSerialId: null}0ad894eb-396d-46a7-a4d0-256210dc34c1{ip: 192.168.151.68, host: pr-hdds-2135-v26ff-2356241440, networkLocation: /default-rack, certSerialId: null}, Type:RATIS, Factor:THREE, State:CLOSED] from datanode 9d8d98b0-9991-458a-859c-25f8efc1f325{ip: 192.168.151.68, host: pr-hdds-2135-v26ff-2356241440, networkLocation: /default-rack, certSerialId: null}. Reason : 9d8d98b0-9991-458a-859c-25f8efc1f325 has not seen follower/s 0ad894eb-396d-46a7-a4d0-256210dc34c1 for 179870ms 5ecabd24-29f4-44ad-af86-ba12f6ac88ae for 179872ms
2019-09-16 22:28:44,518 [EventQueue-PipelineActionsForPipelineActionHandler] INFO  pipeline.SCMPipelineManager (SCMPipelineManager.java:finalizeAndDestroyPipeline(311)) - destroying pipeline:Pipeline[ Id: 505bc541-8f43-4d7f-bd48-7f526c56d1e5, Nodes: 5ecabd24-29f4-44ad-af86-ba12f6ac88ae{ip: 192.168.151.68, host: pr-hdds-2135-v26ff-2356241440, networkLocation: /default-rack, certSerialId: null}9d8d98b0-9991-458a-859c-25f8efc1f325{ip: 192.168.151.68, host: pr-hdds-2135-v26ff-2356241440, networkLocation: /default-rack, certSerialId: null}0ad894eb-396d-46a7-a4d0-256210dc34c1{ip: 192.168.151.68, host: pr-hdds-2135-v26ff-2356241440, networkLocation: /default-rack, certSerialId: null}, Type:RATIS, Factor:THREE, State:CLOSED]
2019-09-16 22:28:44,526 [java.util.concurrent.ThreadPoolExecutor$Worker@7224147d[State = -1, empty queue]] WARN  server.GrpcLogAppender (GrpcLogAppender.java:timeoutAppendRequest(200)) - 9d8d98b0-9991-458a-859c-25f8efc1f325@group-7F526C56D1E5->0ad894eb-396d-46a7-a4d0-256210dc34c1-GrpcLogAppender: appendEntries Timeout, request=9d8d98b0-9991-458a-859c-25f8efc1f325->0ad894eb-396d-46a7-a4d0-256210dc34c1#92-t1, previous=(t:1, i:11), leaderCommit=4, initializing? false, entries: <empty>
2019-09-16 22:28:44,526 [java.util.concurrent.ThreadPoolExecutor$Worker@46f58b95[State = -1, empty queue]] WARN  server.GrpcLogAppender (GrpcLogAppender.java:timeoutAppendRequest(200)) - 9d8d98b0-9991-458a-859c-25f8efc1f325@group-7F526C56D1E5->5ecabd24-29f4-44ad-af86-ba12f6ac88ae-GrpcLogAppender: appendEntries Timeout, request=9d8d98b0-9991-458a-859c-25f8efc1f325->5ecabd24-29f4-44ad-af86-ba12f6ac88ae#92-t1, previous=(t:1, i:11), leaderCommit=4, initializing? false, entries: <empty>
2019-09-16 22:28:46,209 [grpc-default-executor-2] INFO  client.GrpcClientProtocolClient (GrpcClientProtocolClient.java:onNext(264)) - client-99A751C7AE4E->0ad894eb-396d-46a7-a4d0-256210dc34c1: receive RaftClientReply:client-99A751C7AE4E->0ad894eb-396d-46a7-a4d0-256210dc34c1@group-7F526C56D1E5, cid=146, FAILED org.apache.ratis.protocol.NotLeaderException: Server 0ad894eb-396d-46a7-a4d0-256210dc34c1@group-7F526C56D1E5 is not the leader 9d8d98b0-9991-458a-859c-25f8efc1f325:192.168.151.68:46204, logIndex=0, commits[0ad894eb-396d-46a7-a4d0-256210dc34c1:c4, 9d8d98b0-9991-458a-859c-25f8efc1f325:c4, 5ecabd24-29f4-44ad-af86-ba12f6ac88ae:c3]
2019-09-16 22:28:46,529 [org.apache.ratis.server.impl.LogAppender$AppenderDaemon$$Lambda$514/1412847569@74bec2da] ERROR ratis.XceiverServerRatis (XceiverServerRatis.java:triggerPipelineClose(575)) - pipeline Action CLOSE  on pipeline PipelineID=505bc541-8f43-4d7f-bd48-7f526c56d1e5.Reason : 9d8d98b0-9991-458a-859c-25f8efc1f325 has not seen follower/s 0ad894eb-396d-46a7-a4d0-256210dc34c1 for 182371ms 5ecabd24-29f4-44ad-af86-ba12f6ac88ae for 182374ms
2019-09-16 22:28:46,529 [org.apache.ratis.server.impl.LogAppender$AppenderDaemon$$Lambda$514/1412847569@6e6f6e5d] ERROR ratis.XceiverServerRatis (XceiverServerRatis.java:triggerPipelineClose(575)) - pipeline Action CLOSE  on pipeline PipelineID=505bc541-8f43-4d7f-bd48-7f526c56d1e5.Reason : 9d8d98b0-9991-458a-859c-25f8efc1f325 has not seen follower/s 0ad894eb-396d-46a7-a4d0-256210dc34c1 for 182371ms 5ecabd24-29f4-44ad-af86-ba12f6ac88ae for 182374ms
2019-09-16 22:28:47,027 [java.util.concurrent.ThreadPoolExecutor$Worker@7224147d[State = -1, empty queue]] WARN  server.GrpcLogAppender (GrpcLogAppender.java:timeoutAppendRequest(200)) - 9d8d98b0-9991-458a-859c-25f8efc1f325@group-7F526C56D1E5->0ad894eb-396d-46a7-a4d0-256210dc34c1-GrpcLogAppender: appendEntries Timeout, request=9d8d98b0-9991-458a-859c-25f8efc1f325->0ad894eb-396d-46a7-a4d0-256210dc34c1#93-t1, previous=(t:1, i:11), leaderCommit=4, initializing? false, entries: <empty>
2019-09-16 22:28:47,027 [java.util.concurrent.ThreadPoolExecutor$Worker@46f58b95[State = -1, empty queue]] WARN  server.GrpcLogAppender (GrpcLogAppender.java:timeoutAppendRequest(200)) - 9d8d98b0-9991-458a-859c-25f8efc1f325@group-7F526C56D1E5->5ecabd24-29f4-44ad-af86-ba12f6ac88ae-GrpcLogAppender: appendEntries Timeout, request=9d8d98b0-9991-458a-859c-25f8efc1f325->5ecabd24-29f4-44ad-af86-ba12f6ac88ae#93-t1, previous=(t:1, i:11), leaderCommit=4, initializing? false, entries: <empty>
2019-09-16 22:28:47,517 [EventQueue-PipelineActionsForPipelineActionHandler] ERROR pipeline.PipelineActionHandler (PipelineActionHandler.java:onMessage(60)) - Received pipeline action CLOSE for Pipeline[ Id: 505bc541-8f43-4d7f-bd48-7f526c56d1e5, Nodes: 5ecabd24-29f4-44ad-af86-ba12f6ac88ae{ip: 192.168.151.68, host: pr-hdds-2135-v26ff-2356241440, networkLocation: /default-rack, certSerialId: null}9d8d98b0-9991-458a-859c-25f8efc1f325{ip: 192.168.151.68, host: pr-hdds-2135-v26ff-2356241440, networkLocation: /default-rack, certSerialId: null}0ad894eb-396d-46a7-a4d0-256210dc34c1{ip: 192.168.151.68, host: pr-hdds-2135-v26ff-2356241440, networkLocation: /default-rack, certSerialId: null}, Type:RATIS, Factor:THREE, State:CLOSED] from datanode 9d8d98b0-9991-458a-859c-25f8efc1f325{ip: 192.168.151.68, host: pr-hdds-2135-v26ff-2356241440, networkLocation: /default-rack, certSerialId: null}. Reason : 9d8d98b0-9991-458a-859c-25f8efc1f325 has not seen follower/s 0ad894eb-396d-46a7-a4d0-256210dc34c1 for 182371ms 5ecabd24-29f4-44ad-af86-ba12f6ac88ae for 182374ms
2019-09-16 22:28:47,517 [EventQueue-PipelineActionsForPipelineActionHandler] INFO  pipeline.SCMPipelineManager (SCMPipelineManager.java:finalizeAndDestroyPipeline(311)) - destroying pipeline:Pipeline[ Id: 505bc541-8f43-4d7f-bd48-7f526c56d1e5, Nodes: 5ecabd24-29f4-44ad-af86-ba12f6ac88ae{ip: 192.168.151.68, host: pr-hdds-2135-v26ff-2356241440, networkLocation: /default-rack, certSerialId: null}9d8d98b0-9991-458a-859c-25f8efc1f325{ip: 192.168.151.68, host: pr-hdds-2135-v26ff-2356241440, networkLocation: /default-rack, certSerialId: null}0ad894eb-396d-46a7-a4d0-256210dc34c1{ip: 192.168.151.68, host: pr-hdds-2135-v26ff-2356241440, networkLocation: /default-rack, certSerialId: null}, Type:RATIS, Factor:THREE, State:CLOSED]
2019-09-16 22:28:49,030 [org.apache.ratis.server.impl.LogAppender$AppenderDaemon$$Lambda$514/1412847569@74bec2da] ERROR ratis.XceiverServerRatis (XceiverServerRatis.java:triggerPipelineClose(575)) - pipeline Action CLOSE  on pipeline PipelineID=505bc541-8f43-4d7f-bd48-7f526c56d1e5.Reason : 9d8d98b0-9991-458a-859c-25f8efc1f325 has not seen follower/s 0ad894eb-396d-46a7-a4d0-256210dc34c1 for 184872ms 5ecabd24-29f4-44ad-af86-ba12f6ac88ae for 184875ms
2019-09-16 22:28:49,030 [org.apache.ratis.server.impl.LogAppender$AppenderDaemon$$Lambda$514/1412847569@6e6f6e5d] ERROR ratis.XceiverServerRatis (XceiverServerRatis.java:triggerPipelineClose(575)) - pipeline Action CLOSE  on pipeline PipelineID=505bc541-8f43-4d7f-bd48-7f526c56d1e5.Reason : 9d8d98b0-9991-458a-859c-25f8efc1f325 has not seen follower/s 0ad894eb-396d-46a7-a4d0-256210dc34c1 for 184872ms 5ecabd24-29f4-44ad-af86-ba12f6ac88ae for 184875ms
2019-09-16 22:28:49,521 [EventQueue-PipelineActionsForPipelineActionHandler] ERROR pipeline.PipelineActionHandler (PipelineActionHandler.java:onMessage(60)) - Received pipeline action CLOSE for Pipeline[ Id: 505bc541-8f43-4d7f-bd48-7f526c56d1e5, Nodes: 5ecabd24-29f4-44ad-af86-ba12f6ac88ae{ip: 192.168.151.68, host: pr-hdds-2135-v26ff-2356241440, networkLocation: /default-rack, certSerialId: null}9d8d98b0-9991-458a-859c-25f8efc1f325{ip: 192.168.151.68, host: pr-hdds-2135-v26ff-2356241440, networkLocation: /default-rack, certSerialId: null}0ad894eb-396d-46a7-a4d0-256210dc34c1{ip: 192.168.151.68, host: pr-hdds-2135-v26ff-2356241440, networkLocation: /default-rack, certSerialId: null}, Type:RATIS, Factor:THREE, State:CLOSED] from datanode 9d8d98b0-9991-458a-859c-25f8efc1f325{ip: 192.168.151.68, host: pr-hdds-2135-v26ff-2356241440, networkLocation: /default-rack, certSerialId: null}. Reason : 9d8d98b0-9991-458a-859c-25f8efc1f325 has not seen follower/s 0ad894eb-396d-46a7-a4d0-256210dc34c1 for 184872ms 5ecabd24-29f4-44ad-af86-ba12f6ac88ae for 184875ms
2019-09-16 22:28:49,521 [EventQueue-PipelineActionsForPipelineActionHandler] INFO  pipeline.SCMPipelineManager (SCMPipelineManager.java:finalizeAndDestroyPipeline(311)) - destroying pipeline:Pipeline[ Id: 505bc541-8f43-4d7f-bd48-7f526c56d1e5, Nodes: 5ecabd24-29f4-44ad-af86-ba12f6ac88ae{ip: 192.168.151.68, host: pr-hdds-2135-v26ff-2356241440, networkLocation: /default-rack, certSerialId: null}9d8d98b0-9991-458a-859c-25f8efc1f325{ip: 192.168.151.68, host: pr-hdds-2135-v26ff-2356241440, networkLocation: /default-rack, certSerialId: null}0ad894eb-396d-46a7-a4d0-256210dc34c1{ip: 192.168.151.68, host: pr-hdds-2135-v26ff-2356241440, networkLocation: /default-rack, certSerialId: null}, Type:RATIS, Factor:THREE, State:CLOSED]
2019-09-16 22:28:49,528 [java.util.concurrent.ThreadPoolExecutor$Worker@7224147d[State = -1, empty queue]] WARN  server.GrpcLogAppender (GrpcLogAppender.java:timeoutAppendRequest(200)) - 9d8d98b0-9991-458a-859c-25f8efc1f325@group-7F526C56D1E5->0ad894eb-396d-46a7-a4d0-256210dc34c1-GrpcLogAppender: appendEntries Timeout, request=9d8d98b0-9991-458a-859c-25f8efc1f325->0ad894eb-396d-46a7-a4d0-256210dc34c1#94-t1, previous=(t:1, i:11), leaderCommit=4, initializing? false, entries: <empty>
2019-09-16 22:28:49,528 [java.util.concurrent.ThreadPoolExecutor$Worker@46f58b95[State = -1, empty queue]] WARN  server.GrpcLogAppender (GrpcLogAppender.java:timeoutAppendRequest(200)) - 9d8d98b0-9991-458a-859c-25f8efc1f325@group-7F526C56D1E5->5ecabd24-29f4-44ad-af86-ba12f6ac88ae-GrpcLogAppender: appendEntries Timeout, request=9d8d98b0-9991-458a-859c-25f8efc1f325->5ecabd24-29f4-44ad-af86-ba12f6ac88ae#94-t1, previous=(t:1, i:11), leaderCommit=4, initializing? false, entries: <empty>
2019-09-16 22:28:50,486 [grpc-default-executor-10] INFO  impl.RaftServerProxy (RaftServerProxy.java:remove(95)) - 5ecabd24-29f4-44ad-af86-ba12f6ac88ae: remove  FOLLOWER 5ecabd24-29f4-44ad-af86-ba12f6ac88ae@group-7F526C56D1E5:t1, leader=9d8d98b0-9991-458a-859c-25f8efc1f325, voted=9d8d98b0-9991-458a-859c-25f8efc1f325, raftlog=5ecabd24-29f4-44ad-af86-ba12f6ac88ae@group-7F526C56D1E5-SegmentedRaftLog:OPENED:c4,f4,i11, conf=0: [9d8d98b0-9991-458a-859c-25f8efc1f325:192.168.151.68:46204, 0ad894eb-396d-46a7-a4d0-256210dc34c1:192.168.151.68:43421, 5ecabd24-29f4-44ad-af86-ba12f6ac88ae:192.168.151.68:37146], old=null RUNNING
2019-09-16 22:28:50,486 [grpc-default-executor-10] INFO  impl.RaftServerImpl (RaftServerImpl.java:lambda$shutdown$3(251)) - 5ecabd24-29f4-44ad-af86-ba12f6ac88ae@group-7F526C56D1E5: shutdown
2019-09-16 22:28:50,487 [grpc-default-executor-10] INFO  util.JmxRegister (JmxRegister.java:unregister(73)) - Successfully un-registered JMX Bean with object name Ratis:service=RaftServer,group=group-7F526C56D1E5,id=5ecabd24-29f4-44ad-af86-ba12f6ac88ae
2019-09-16 22:28:50,488 [grpc-default-executor-10] INFO  impl.RoleInfo (RoleInfo.java:shutdownFollowerState(121)) - 5ecabd24-29f4-44ad-af86-ba12f6ac88ae: shutdown FollowerState
2019-09-16 22:28:50,488 [grpc-default-executor-10] INFO  impl.StateMachineUpdater (StateMachineUpdater.java:stopAndJoin(125)) - 5ecabd24-29f4-44ad-af86-ba12f6ac88ae@group-7F526C56D1E5-StateMachineUpdater: set stopIndex = 4
2019-09-16 22:28:50,488 [Thread-1392] INFO  impl.FollowerState (FollowerState.java:run(115)) - 5ecabd24-29f4-44ad-af86-ba12f6ac88ae: FollowerState was interrupted: java.lang.InterruptedException: sleep interrupted
2019-09-16 22:28:50,488 [5ecabd24-29f4-44ad-af86-ba12f6ac88ae@group-7F526C56D1E5-StateMachineUpdater] INFO  ratis.ContainerStateMachine (ContainerStateMachine.java:takeSnapshot(289)) - group-7F526C56D1E5: Taking a snapshot at:(t:1, i:3) file /workdir/hadoop-ozone/integration-test/target/test-dir/MiniOzoneClusterImpl-0831896c-8462-4536-87a9-38bb54f03984/datanode-4/data/ratis/505bc541-8f43-4d7f-bd48-7f526c56d1e5/sm/snapshot.1_3
2019-09-16 22:28:50,505 [5ecabd24-29f4-44ad-af86-ba12f6ac88ae@group-7F526C56D1E5-StateMachineUpdater] INFO  ratis.ContainerStateMachine (ContainerStateMachine.java:takeSnapshot(300)) - group-7F526C56D1E5: Finished taking a snapshot at:(t:1, i:3) file:/workdir/hadoop-ozone/integration-test/target/test-dir/MiniOzoneClusterImpl-0831896c-8462-4536-87a9-38bb54f03984/datanode-4/data/ratis/505bc541-8f43-4d7f-bd48-7f526c56d1e5/sm/snapshot.1_3 time:16
2019-09-16 22:28:50,506 [5ecabd24-29f4-44ad-af86-ba12f6ac88ae@group-7F526C56D1E5-StateMachineUpdater] INFO  impl.StateMachineUpdater (StateMachineUpdater.java:takeSnapshot(258)) - 5ecabd24-29f4-44ad-af86-ba12f6ac88ae@group-7F526C56D1E5-StateMachineUpdater: Took a snapshot at index 3
2019-09-16 22:28:50,506 [5ecabd24-29f4-44ad-af86-ba12f6ac88ae@group-7F526C56D1E5-StateMachineUpdater] INFO  impl.StateMachineUpdater (StateMachineUpdater.java:lambda$new$0(83)) - 5ecabd24-29f4-44ad-af86-ba12f6ac88ae@group-7F526C56D1E5-StateMachineUpdater: snapshotIndex: updateIncreasingly -1 -> 3
2019-09-16 22:28:50,506 [5ecabd24-29f4-44ad-af86-ba12f6ac88ae@group-7F526C56D1E5-StateMachineUpdater] INFO  ratis.ContainerStateMachine (ContainerStateMachine.java:takeSnapshot(289)) - group-7F526C56D1E5: Taking a snapshot at:(t:1, i:3) file /workdir/hadoop-ozone/integration-test/target/test-dir/MiniOzoneClusterImpl-0831896c-8462-4536-87a9-38bb54f03984/datanode-4/data/ratis/505bc541-8f43-4d7f-bd48-7f526c56d1e5/sm/snapshot.1_3
2019-09-16 22:28:50,519 [5ecabd24-29f4-44ad-af86-ba12f6ac88ae@group-7F526C56D1E5-StateMachineUpdater] INFO  ratis.ContainerStateMachine (ContainerStateMachine.java:takeSnapshot(300)) - group-7F526C56D1E5: Finished taking a snapshot at:(t:1, i:3) file:/workdir/hadoop-ozone/integration-test/target/test-dir/MiniOzoneClusterImpl-0831896c-8462-4536-87a9-38bb54f03984/datanode-4/data/ratis/505bc541-8f43-4d7f-bd48-7f526c56d1e5/sm/snapshot.1_3 time:12
2019-09-16 22:28:50,519 [5ecabd24-29f4-44ad-af86-ba12f6ac88ae@group-7F526C56D1E5-StateMachineUpdater] INFO  impl.StateMachineUpdater (StateMachineUpdater.java:takeSnapshot(258)) - 5ecabd24-29f4-44ad-af86-ba12f6ac88ae@group-7F526C56D1E5-StateMachineUpdater: Took a snapshot at index 3
2019-09-16 22:28:50,519 [5ecabd24-29f4-44ad-af86-ba12f6ac88ae@group-7F526C56D1E5-StateMachineUpdater] INFO  impl.StateMachineUpdater (StateMachineUpdater.java:lambda$new$0(83)) - 5ecabd24-29f4-44ad-af86-ba12f6ac88ae@group-7F526C56D1E5-StateMachineUpdater: snapshotIndex: updateIncreasingly 3 -> 3
2019-09-16 22:28:50,519 [grpc-default-executor-10] INFO  impl.RaftServerImpl (ServerState.java:close(385)) - 5ecabd24-29f4-44ad-af86-ba12f6ac88ae@group-7F526C56D1E5: closes. applyIndex: 4
2019-09-16 22:28:50,521 [5ecabd24-29f4-44ad-af86-ba12f6ac88ae@group-7F526C56D1E5-SegmentedRaftLogWorker] ERROR ratis.XceiverServerRatis (XceiverServerRatis.java:triggerPipelineClose(575)) - pipeline Action CLOSE  on pipeline PipelineID=505bc541-8f43-4d7f-bd48-7f526c56d1e5.Reason : WriteLog:5: (t:1, i:5), STATEMACHINELOGENTRY, client-99A751C7AE4E, cid=146-writeStateMachineData interrupted.
2019-09-16 22:28:50,524 [grpc-default-executor-10] INFO  segmented.SegmentedRaftLogWorker (SegmentedRaftLogWorker.java:close(228)) - 5ecabd24-29f4-44ad-af86-ba12f6ac88ae@group-7F526C56D1E5-SegmentedRaftLogWorker close()
2019-09-16 22:28:50,524 [EventQueue-PipelineActionsForPipelineActionHandler] ERROR pipeline.PipelineActionHandler (PipelineActionHandler.java:onMessage(60)) - Received pipeline action CLOSE for Pipeline[ Id: 505bc541-8f43-4d7f-bd48-7f526c56d1e5, Nodes: 5ecabd24-29f4-44ad-af86-ba12f6ac88ae{ip: 192.168.151.68, host: pr-hdds-2135-v26ff-2356241440, networkLocation: /default-rack, certSerialId: null}9d8d98b0-9991-458a-859c-25f8efc1f325{ip: 192.168.151.68, host: pr-hdds-2135-v26ff-2356241440, networkLocation: /default-rack, certSerialId: null}0ad894eb-396d-46a7-a4d0-256210dc34c1{ip: 192.168.151.68, host: pr-hdds-2135-v26ff-2356241440, networkLocation: /default-rack, certSerialId: null}, Type:RATIS, Factor:THREE, State:CLOSED] from datanode 5ecabd24-29f4-44ad-af86-ba12f6ac88ae{ip: 192.168.151.68, host: pr-hdds-2135-v26ff-2356241440, networkLocation: /default-rack, certSerialId: null}. Reason : WriteLog:5: (t:1, i:5), STATEMACHINELOGENTRY, client-99A751C7AE4E, cid=146-writeStateMachineData interrupted.
2019-09-16 22:28:50,529 [EventQueue-PipelineActionsForPipelineActionHandler] INFO  pipeline.SCMPipelineManager (SCMPipelineManager.java:finalizeAndDestroyPipeline(311)) - destroying pipeline:Pipeline[ Id: 505bc541-8f43-4d7f-bd48-7f526c56d1e5, Nodes: 5ecabd24-29f4-44ad-af86-ba12f6ac88ae{ip: 192.168.151.68, host: pr-hdds-2135-v26ff-2356241440, networkLocation: /default-rack, certSerialId: null}9d8d98b0-9991-458a-859c-25f8efc1f325{ip: 192.168.151.68, host: pr-hdds-2135-v26ff-2356241440, networkLocation: /default-rack, certSerialId: null}0ad894eb-396d-46a7-a4d0-256210dc34c1{ip: 192.168.151.68, host: pr-hdds-2135-v26ff-2356241440, networkLocation: /default-rack, certSerialId: null}, Type:RATIS, Factor:THREE, State:CLOSED]
2019-09-16 22:28:50,543 [grpc-default-executor-10] INFO  interfaces.Container (KeyValueContainer.java:flushAndSyncDB(386)) - Container 7 is synced with bcsId 3.
2019-09-16 22:28:50,543 [grpc-default-executor-10] INFO  interfaces.Container (KeyValueContainer.java:flushAndSyncDB(386)) - Container 7 is synced with bcsId 3.
2019-09-16 22:28:50,560 [EventQueue-IncrementalContainerReportForIncrementalContainerReportHandler] INFO  container.IncrementalContainerReportHandler (AbstractContainerReportHandler.java:updateContainerState(169)) - Moving container #7 to QUASI_CLOSED state, datanode 5ecabd24-29f4-44ad-af86-ba12f6ac88ae{ip: 192.168.151.68, host: pr-hdds-2135-v26ff-2356241440, networkLocation: /default-rack, certSerialId: null} reported QUASI_CLOSED replica.
2019-09-16 22:28:50,631 [grpc-default-executor-10] INFO  interfaces.Container (KeyValueContainer.java:flushAndSyncDB(386)) - Container 8 is synced with bcsId 0.
2019-09-16 22:28:50,631 [grpc-default-executor-10] INFO  interfaces.Container (KeyValueContainer.java:flushAndSyncDB(386)) - Container 8 is synced with bcsId 0.
2019-09-16 22:28:50,637 [EventQueue-IncrementalContainerReportForIncrementalContainerReportHandler] INFO  container.IncrementalContainerReportHandler (AbstractContainerReportHandler.java:updateContainerState(169)) - Moving container #8 to QUASI_CLOSED state, datanode 5ecabd24-29f4-44ad-af86-ba12f6ac88ae{ip: 192.168.151.68, host: pr-hdds-2135-v26ff-2356241440, networkLocation: /default-rack, certSerialId: null} reported QUASI_CLOSED replica.
2019-09-16 22:28:50,641 [grpc-default-executor-10] INFO  impl.RaftServerProxy (RaftServerProxy.java:remove(95)) - 9d8d98b0-9991-458a-859c-25f8efc1f325: remove    LEADER 9d8d98b0-9991-458a-859c-25f8efc1f325@group-7F526C56D1E5:t1, leader=9d8d98b0-9991-458a-859c-25f8efc1f325, voted=9d8d98b0-9991-458a-859c-25f8efc1f325, raftlog=9d8d98b0-9991-458a-859c-25f8efc1f325@group-7F526C56D1E5-SegmentedRaftLog:OPENED:c4,f4,i11, conf=0: [9d8d98b0-9991-458a-859c-25f8efc1f325:192.168.151.68:46204, 0ad894eb-396d-46a7-a4d0-256210dc34c1:192.168.151.68:43421, 5ecabd24-29f4-44ad-af86-ba12f6ac88ae:192.168.151.68:37146], old=null RUNNING
2019-09-16 22:28:50,641 [grpc-default-executor-10] INFO  impl.RaftServerImpl (RaftServerImpl.java:lambda$shutdown$3(251)) - 9d8d98b0-9991-458a-859c-25f8efc1f325@group-7F526C56D1E5: shutdown
2019-09-16 22:28:50,642 [grpc-default-executor-10] INFO  util.JmxRegister (JmxRegister.java:unregister(73)) - Successfully un-registered JMX Bean with object name Ratis:service=RaftServer,group=group-7F526C56D1E5,id=9d8d98b0-9991-458a-859c-25f8efc1f325
2019-09-16 22:28:50,642 [grpc-default-executor-10] INFO  impl.RoleInfo (RoleInfo.java:shutdownLeaderState(104)) - 9d8d98b0-9991-458a-859c-25f8efc1f325: shutdown LeaderState
2019-09-16 22:28:50,647 [org.apache.ratis.server.impl.LogAppender$AppenderDaemon$$Lambda$514/1412847569@74bec2da] WARN  server.GrpcLogAppender (GrpcLogAppender.java:mayWait(143)) - 9d8d98b0-9991-458a-859c-25f8efc1f325@group-7F526C56D1E5->0ad894eb-396d-46a7-a4d0-256210dc34c1-GrpcLogAppender: Wait interrupted by java.lang.InterruptedException
2019-09-16 22:28:50,647 [org.apache.ratis.server.impl.LogAppender$AppenderDaemon$$Lambda$514/1412847569@6e6f6e5d] WARN  server.GrpcLogAppender (GrpcLogAppender.java:mayWait(143)) - 9d8d98b0-9991-458a-859c-25f8efc1f325@group-7F526C56D1E5->5ecabd24-29f4-44ad-af86-ba12f6ac88ae-GrpcLogAppender: Wait interrupted by java.lang.InterruptedException
2019-09-16 22:28:50,648 [grpc-default-executor-10] INFO  impl.PendingRequests (PendingRequests.java:sendNotLeaderResponses(202)) - 9d8d98b0-9991-458a-859c-25f8efc1f325-PendingRequests: sendNotLeaderResponses
2019-09-16 22:28:50,648 [grpc-default-executor-2] INFO  server.GrpcServerProtocolService (GrpcServerProtocolService.java:onCompleted(113)) - 0ad894eb-396d-46a7-a4d0-256210dc34c1: Completed APPEND_ENTRIES, lastRequest: 9d8d98b0-9991-458a-859c-25f8efc1f325->0ad894eb-396d-46a7-a4d0-256210dc34c1#95-t1, previous=(t:1, i:11), leaderCommit=4, initializing? false, entries: <empty>
2019-09-16 22:28:50,648 [grpc-default-executor-11] INFO  server.GrpcServerProtocolService (GrpcServerProtocolService.java:onCompleted(113)) - 5ecabd24-29f4-44ad-af86-ba12f6ac88ae: Completed APPEND_ENTRIES, lastRequest: 9d8d98b0-9991-458a-859c-25f8efc1f325->5ecabd24-29f4-44ad-af86-ba12f6ac88ae#95-t1, previous=(t:1, i:11), leaderCommit=4, initializing? false, entries: <empty>
2019-09-16 22:28:50,649 [grpc-default-executor-2] INFO  server.GrpcLogAppender (GrpcLogAppender.java:onCompleted(293)) - 9d8d98b0-9991-458a-859c-25f8efc1f325@group-7F526C56D1E5->0ad894eb-396d-46a7-a4d0-256210dc34c1-AppendLogResponseHandler: follower responses appendEntries COMPLETED
2019-09-16 22:28:50,649 [grpc-default-executor-11] INFO  server.GrpcLogAppender (GrpcLogAppender.java:onCompleted(293)) - 9d8d98b0-9991-458a-859c-25f8efc1f325@group-7F526C56D1E5->5ecabd24-29f4-44ad-af86-ba12f6ac88ae-AppendLogResponseHandler: follower responses appendEntries COMPLETED
2019-09-16 22:28:50,650 [grpc-default-executor-2] INFO  impl.FollowerInfo (FollowerInfo.java:lambda$new$0(51)) - 9d8d98b0-9991-458a-859c-25f8efc1f325@group-7F526C56D1E5->0ad894eb-396d-46a7-a4d0-256210dc34c1: nextIndex: updateUnconditionally 12 -> 5
2019-09-16 22:28:50,656 [grpc-default-executor-10] INFO  impl.StateMachineUpdater (StateMachineUpdater.java:stopAndJoin(125)) - 9d8d98b0-9991-458a-859c-25f8efc1f325@group-7F526C56D1E5-StateMachineUpdater: set stopIndex = 4
2019-09-16 22:28:50,650 [grpc-default-executor-11] INFO  impl.FollowerInfo (FollowerInfo.java:lambda$new$0(51)) - 9d8d98b0-9991-458a-859c-25f8efc1f325@group-7F526C56D1E5->5ecabd24-29f4-44ad-af86-ba12f6ac88ae: nextIndex: updateUnconditionally 12 -> 5
2019-09-16 22:28:50,657 [9d8d98b0-9991-458a-859c-25f8efc1f325@group-7F526C56D1E5-StateMachineUpdater] INFO  ratis.ContainerStateMachine (ContainerStateMachine.java:takeSnapshot(289)) - group-7F526C56D1E5: Taking a snapshot at:(t:1, i:4) file /workdir/hadoop-ozone/integration-test/target/test-dir/MiniOzoneClusterImpl-0831896c-8462-4536-87a9-38bb54f03984/datanode-3/data/ratis/505bc541-8f43-4d7f-bd48-7f526c56d1e5/sm/snapshot.1_4
2019-09-16 22:28:50,660 [9d8d98b0-9991-458a-859c-25f8efc1f325@group-7F526C56D1E5-StateMachineUpdater] INFO  ratis.ContainerStateMachine (ContainerStateMachine.java:takeSnapshot(300)) - group-7F526C56D1E5: Finished taking a snapshot at:(t:1, i:4) file:/workdir/hadoop-ozone/integration-test/target/test-dir/MiniOzoneClusterImpl-0831896c-8462-4536-87a9-38bb54f03984/datanode-3/data/ratis/505bc541-8f43-4d7f-bd48-7f526c56d1e5/sm/snapshot.1_4 time:4
2019-09-16 22:28:50,661 [9d8d98b0-9991-458a-859c-25f8efc1f325@group-7F526C56D1E5-StateMachineUpdater] INFO  impl.StateMachineUpdater (StateMachineUpdater.java:takeSnapshot(258)) - 9d8d98b0-9991-458a-859c-25f8efc1f325@group-7F526C56D1E5-StateMachineUpdater: Took a snapshot at index 4
2019-09-16 22:28:50,661 [9d8d98b0-9991-458a-859c-25f8efc1f325@group-7F526C56D1E5-StateMachineUpdater] INFO  impl.StateMachineUpdater (StateMachineUpdater.java:lambda$new$0(83)) - 9d8d98b0-9991-458a-859c-25f8efc1f325@group-7F526C56D1E5-StateMachineUpdater: snapshotIndex: updateIncreasingly -1 -> 4
2019-09-16 22:28:50,661 [grpc-default-executor-10] INFO  impl.RaftServerImpl (ServerState.java:close(385)) - 9d8d98b0-9991-458a-859c-25f8efc1f325@group-7F526C56D1E5: closes. applyIndex: 4
2019-09-16 22:28:50,661 [Command processor thread] ERROR commandhandler.CloseContainerCommandHandler (CloseContainerCommandHandler.java:handle(125)) - Can't close container #8
java.io.IOException: org.apache.ratis.protocol.GroupMismatchException: 9d8d98b0-9991-458a-859c-25f8efc1f325: group-7F526C56D1E5 not found.
	at org.apache.hadoop.ozone.container.common.transport.server.ratis.XceiverServerRatis.submitRequest(XceiverServerRatis.java:502)
	at org.apache.hadoop.ozone.container.common.statemachine.commandhandler.CloseContainerCommandHandler.handle(CloseContainerCommandHandler.java:102)
	at org.apache.hadoop.ozone.container.common.statemachine.commandhandler.CommandDispatcher.handle(CommandDispatcher.java:99)
	at org.apache.hadoop.ozone.container.common.statemachine.DatanodeStateMachine.lambda$initCommandHandlerThread$1(DatanodeStateMachine.java:432)
	at java.lang.Thread.run(Thread.java:748)
Caused by: java.util.concurrent.ExecutionException: org.apache.ratis.protocol.GroupMismatchException: 9d8d98b0-9991-458a-859c-25f8efc1f325: group-7F526C56D1E5 not found.
	at java.util.concurrent.CompletableFuture.reportGet(CompletableFuture.java:357)
	at java.util.concurrent.CompletableFuture.get(CompletableFuture.java:1895)
	at org.apache.hadoop.ozone.container.common.transport.server.ratis.XceiverServerRatis.submitRequest(XceiverServerRatis.java:500)
	... 4 more
Caused by: org.apache.ratis.protocol.GroupMismatchException: 9d8d98b0-9991-458a-859c-25f8efc1f325: group-7F526C56D1E5 not found.
	at org.apache.ratis.server.impl.RaftServerProxy$ImplMap.get(RaftServerProxy.java:122)
	at org.apache.ratis.server.impl.RaftServerProxy.getImplFuture(RaftServerProxy.java:269)
	at org.apache.ratis.server.impl.RaftServerProxy.submitRequest(RaftServerProxy.java:327)
	at org.apache.ratis.server.impl.RaftServerProxy.submitClientRequestAsync(RaftServerProxy.java:333)
	... 5 more
2019-09-16 22:28:50,662 [9d8d98b0-9991-458a-859c-25f8efc1f325@group-7F526C56D1E5-SegmentedRaftLogWorker] ERROR ratis.XceiverServerRatis (XceiverServerRatis.java:triggerPipelineClose(575)) - pipeline Action CLOSE  on pipeline PipelineID=505bc541-8f43-4d7f-bd48-7f526c56d1e5.Reason : WriteLog:5: (t:1, i:5), STATEMACHINELOGENTRY, client-99A751C7AE4E, cid=146-writeStateMachineData interrupted.
2019-09-16 22:28:50,664 [grpc-default-executor-10] INFO  segmented.SegmentedRaftLogWorker (SegmentedRaftLogWorker.java:close(228)) - 9d8d98b0-9991-458a-859c-25f8efc1f325@group-7F526C56D1E5-SegmentedRaftLogWorker close()
2019-09-16 22:28:50,664 [EventQueue-PipelineActionsForPipelineActionHandler] ERROR pipeline.PipelineActionHandler (PipelineActionHandler.java:onMessage(60)) - Received pipeline action CLOSE for Pipeline[ Id: 505bc541-8f43-4d7f-bd48-7f526c56d1e5, Nodes: 5ecabd24-29f4-44ad-af86-ba12f6ac88ae{ip: 192.168.151.68, host: pr-hdds-2135-v26ff-2356241440, networkLocation: /default-rack, certSerialId: null}9d8d98b0-9991-458a-859c-25f8efc1f325{ip: 192.168.151.68, host: pr-hdds-2135-v26ff-2356241440, networkLocation: /default-rack, certSerialId: null}0ad894eb-396d-46a7-a4d0-256210dc34c1{ip: 192.168.151.68, host: pr-hdds-2135-v26ff-2356241440, networkLocation: /default-rack, certSerialId: null}, Type:RATIS, Factor:THREE, State:CLOSED] from datanode 9d8d98b0-9991-458a-859c-25f8efc1f325{ip: 192.168.151.68, host: pr-hdds-2135-v26ff-2356241440, networkLocation: /default-rack, certSerialId: null}. Reason : WriteLog:5: (t:1, i:5), STATEMACHINELOGENTRY, client-99A751C7AE4E, cid=146-writeStateMachineData interrupted.
2019-09-16 22:28:50,669 [EventQueue-PipelineActionsForPipelineActionHandler] INFO  pipeline.SCMPipelineManager (SCMPipelineManager.java:finalizeAndDestroyPipeline(311)) - destroying pipeline:Pipeline[ Id: 505bc541-8f43-4d7f-bd48-7f526c56d1e5, Nodes: 5ecabd24-29f4-44ad-af86-ba12f6ac88ae{ip: 192.168.151.68, host: pr-hdds-2135-v26ff-2356241440, networkLocation: /default-rack, certSerialId: null}9d8d98b0-9991-458a-859c-25f8efc1f325{ip: 192.168.151.68, host: pr-hdds-2135-v26ff-2356241440, networkLocation: /default-rack, certSerialId: null}0ad894eb-396d-46a7-a4d0-256210dc34c1{ip: 192.168.151.68, host: pr-hdds-2135-v26ff-2356241440, networkLocation: /default-rack, certSerialId: null}, Type:RATIS, Factor:THREE, State:CLOSED]
2019-09-16 22:28:50,672 [grpc-default-executor-10] INFO  interfaces.Container (KeyValueContainer.java:flushAndSyncDB(386)) - Container 7 is synced with bcsId 3.
2019-09-16 22:28:50,673 [grpc-default-executor-10] INFO  interfaces.Container (KeyValueContainer.java:flushAndSyncDB(386)) - Container 7 is synced with bcsId 3.
2019-09-16 22:28:50,700 [grpc-default-executor-10] INFO  interfaces.Container (KeyValueContainer.java:flushAndSyncDB(386)) - Container 8 is synced with bcsId 0.
2019-09-16 22:28:50,700 [grpc-default-executor-10] INFO  interfaces.Container (KeyValueContainer.java:flushAndSyncDB(386)) - Container 8 is synced with bcsId 0.
2019-09-16 22:28:50,709 [grpc-default-executor-10] INFO  impl.RaftServerProxy (RaftServerProxy.java:remove(95)) - 0ad894eb-396d-46a7-a4d0-256210dc34c1: remove  FOLLOWER 0ad894eb-396d-46a7-a4d0-256210dc34c1@group-7F526C56D1E5:t1, leader=9d8d98b0-9991-458a-859c-25f8efc1f325, voted=9d8d98b0-9991-458a-859c-25f8efc1f325, raftlog=0ad894eb-396d-46a7-a4d0-256210dc34c1@group-7F526C56D1E5-SegmentedRaftLog:OPENED:c4,f4,i11, conf=0: [9d8d98b0-9991-458a-859c-25f8efc1f325:192.168.151.68:46204, 0ad894eb-396d-46a7-a4d0-256210dc34c1:192.168.151.68:43421, 5ecabd24-29f4-44ad-af86-ba12f6ac88ae:192.168.151.68:37146], old=null RUNNING
2019-09-16 22:28:50,710 [grpc-default-executor-10] INFO  impl.RaftServerImpl (RaftServerImpl.java:lambda$shutdown$3(251)) - 0ad894eb-396d-46a7-a4d0-256210dc34c1@group-7F526C56D1E5: shutdown
2019-09-16 22:28:50,710 [grpc-default-executor-10] INFO  util.JmxRegister (JmxRegister.java:unregister(73)) - Successfully un-registered JMX Bean with object name Ratis:service=RaftServer,group=group-7F526C56D1E5,id=0ad894eb-396d-46a7-a4d0-256210dc34c1
2019-09-16 22:28:50,710 [grpc-default-executor-10] INFO  impl.RoleInfo (RoleInfo.java:shutdownFollowerState(121)) - 0ad894eb-396d-46a7-a4d0-256210dc34c1: shutdown FollowerState
2019-09-16 22:28:50,711 [grpc-default-executor-10] INFO  impl.StateMachineUpdater (StateMachineUpdater.java:stopAndJoin(125)) - 0ad894eb-396d-46a7-a4d0-256210dc34c1@group-7F526C56D1E5-StateMachineUpdater: set stopIndex = 4
2019-09-16 22:28:50,711 [0ad894eb-396d-46a7-a4d0-256210dc34c1@group-7F526C56D1E5-StateMachineUpdater] INFO  ratis.ContainerStateMachine (ContainerStateMachine.java:takeSnapshot(289)) - group-7F526C56D1E5: Taking a snapshot at:(t:1, i:3) file /workdir/hadoop-ozone/integration-test/target/test-dir/MiniOzoneClusterImpl-0831896c-8462-4536-87a9-38bb54f03984/datanode-5/data/ratis/505bc541-8f43-4d7f-bd48-7f526c56d1e5/sm/snapshot.1_3
2019-09-16 22:28:50,711 [Thread-1391] INFO  impl.FollowerState (FollowerState.java:run(115)) - 0ad894eb-396d-46a7-a4d0-256210dc34c1: FollowerState was interrupted: java.lang.InterruptedException: sleep interrupted
2019-09-16 22:28:50,717 [0ad894eb-396d-46a7-a4d0-256210dc34c1@group-7F526C56D1E5-StateMachineUpdater] INFO  ratis.ContainerStateMachine (ContainerStateMachine.java:takeSnapshot(300)) - group-7F526C56D1E5: Finished taking a snapshot at:(t:1, i:3) file:/workdir/hadoop-ozone/integration-test/target/test-dir/MiniOzoneClusterImpl-0831896c-8462-4536-87a9-38bb54f03984/datanode-5/data/ratis/505bc541-8f43-4d7f-bd48-7f526c56d1e5/sm/snapshot.1_3 time:6
2019-09-16 22:28:50,717 [0ad894eb-396d-46a7-a4d0-256210dc34c1@group-7F526C56D1E5-StateMachineUpdater] INFO  impl.StateMachineUpdater (StateMachineUpdater.java:takeSnapshot(258)) - 0ad894eb-396d-46a7-a4d0-256210dc34c1@group-7F526C56D1E5-StateMachineUpdater: Took a snapshot at index 3
2019-09-16 22:28:50,717 [0ad894eb-396d-46a7-a4d0-256210dc34c1@group-7F526C56D1E5-StateMachineUpdater] INFO  impl.StateMachineUpdater (StateMachineUpdater.java:lambda$new$0(83)) - 0ad894eb-396d-46a7-a4d0-256210dc34c1@group-7F526C56D1E5-StateMachineUpdater: snapshotIndex: updateIncreasingly -1 -> 3
2019-09-16 22:28:50,718 [0ad894eb-396d-46a7-a4d0-256210dc34c1@group-7F526C56D1E5-StateMachineUpdater] INFO  ratis.ContainerStateMachine (ContainerStateMachine.java:takeSnapshot(289)) - group-7F526C56D1E5: Taking a snapshot at:(t:1, i:3) file /workdir/hadoop-ozone/integration-test/target/test-dir/MiniOzoneClusterImpl-0831896c-8462-4536-87a9-38bb54f03984/datanode-5/data/ratis/505bc541-8f43-4d7f-bd48-7f526c56d1e5/sm/snapshot.1_3
2019-09-16 22:28:50,722 [0ad894eb-396d-46a7-a4d0-256210dc34c1@group-7F526C56D1E5-StateMachineUpdater] INFO  ratis.ContainerStateMachine (ContainerStateMachine.java:takeSnapshot(300)) - group-7F526C56D1E5: Finished taking a snapshot at:(t:1, i:3) file:/workdir/hadoop-ozone/integration-test/target/test-dir/MiniOzoneClusterImpl-0831896c-8462-4536-87a9-38bb54f03984/datanode-5/data/ratis/505bc541-8f43-4d7f-bd48-7f526c56d1e5/sm/snapshot.1_3 time:4
2019-09-16 22:28:50,722 [0ad894eb-396d-46a7-a4d0-256210dc34c1@group-7F526C56D1E5-StateMachineUpdater] INFO  impl.StateMachineUpdater (StateMachineUpdater.java:takeSnapshot(258)) - 0ad894eb-396d-46a7-a4d0-256210dc34c1@group-7F526C56D1E5-StateMachineUpdater: Took a snapshot at index 3
2019-09-16 22:28:50,722 [0ad894eb-396d-46a7-a4d0-256210dc34c1@group-7F526C56D1E5-StateMachineUpdater] INFO  impl.StateMachineUpdater (StateMachineUpdater.java:lambda$new$0(83)) - 0ad894eb-396d-46a7-a4d0-256210dc34c1@group-7F526C56D1E5-StateMachineUpdater: snapshotIndex: updateIncreasingly 3 -> 3
2019-09-16 22:28:50,723 [grpc-default-executor-10] INFO  impl.RaftServerImpl (ServerState.java:close(385)) - 0ad894eb-396d-46a7-a4d0-256210dc34c1@group-7F526C56D1E5: closes. applyIndex: 4
2019-09-16 22:28:50,723 [0ad894eb-396d-46a7-a4d0-256210dc34c1@group-7F526C56D1E5-SegmentedRaftLogWorker] ERROR ratis.XceiverServerRatis (XceiverServerRatis.java:triggerPipelineClose(575)) - pipeline Action CLOSE  on pipeline PipelineID=505bc541-8f43-4d7f-bd48-7f526c56d1e5.Reason : WriteLog:5: (t:1, i:5), STATEMACHINELOGENTRY, client-99A751C7AE4E, cid=146-writeStateMachineData interrupted.
2019-09-16 22:28:50,726 [grpc-default-executor-10] INFO  segmented.SegmentedRaftLogWorker (SegmentedRaftLogWorker.java:close(228)) - 0ad894eb-396d-46a7-a4d0-256210dc34c1@group-7F526C56D1E5-SegmentedRaftLogWorker close()
2019-09-16 22:28:50,731 [EventQueue-PipelineActionsForPipelineActionHandler] ERROR pipeline.PipelineActionHandler (PipelineActionHandler.java:onMessage(60)) - Received pipeline action CLOSE for Pipeline[ Id: 505bc541-8f43-4d7f-bd48-7f526c56d1e5, Nodes: 5ecabd24-29f4-44ad-af86-ba12f6ac88ae{ip: 192.168.151.68, host: pr-hdds-2135-v26ff-2356241440, networkLocation: /default-rack, certSerialId: null}9d8d98b0-9991-458a-859c-25f8efc1f325{ip: 192.168.151.68, host: pr-hdds-2135-v26ff-2356241440, networkLocation: /default-rack, certSerialId: null}0ad894eb-396d-46a7-a4d0-256210dc34c1{ip: 192.168.151.68, host: pr-hdds-2135-v26ff-2356241440, networkLocation: /default-rack, certSerialId: null}, Type:RATIS, Factor:THREE, State:CLOSED] from datanode 0ad894eb-396d-46a7-a4d0-256210dc34c1{ip: 192.168.151.68, host: pr-hdds-2135-v26ff-2356241440, networkLocation: /default-rack, certSerialId: null}. Reason : WriteLog:5: (t:1, i:5), STATEMACHINELOGENTRY, client-99A751C7AE4E, cid=146-writeStateMachineData interrupted.
2019-09-16 22:28:50,731 [EventQueue-PipelineActionsForPipelineActionHandler] INFO  pipeline.SCMPipelineManager (SCMPipelineManager.java:finalizeAndDestroyPipeline(311)) - destroying pipeline:Pipeline[ Id: 505bc541-8f43-4d7f-bd48-7f526c56d1e5, Nodes: 5ecabd24-29f4-44ad-af86-ba12f6ac88ae{ip: 192.168.151.68, host: pr-hdds-2135-v26ff-2356241440, networkLocation: /default-rack, certSerialId: null}9d8d98b0-9991-458a-859c-25f8efc1f325{ip: 192.168.151.68, host: pr-hdds-2135-v26ff-2356241440, networkLocation: /default-rack, certSerialId: null}0ad894eb-396d-46a7-a4d0-256210dc34c1{ip: 192.168.151.68, host: pr-hdds-2135-v26ff-2356241440, networkLocation: /default-rack, certSerialId: null}, Type:RATIS, Factor:THREE, State:CLOSED]
2019-09-16 22:28:50,734 [grpc-default-executor-10] INFO  interfaces.Container (KeyValueContainer.java:flushAndSyncDB(386)) - Container 7 is synced with bcsId 3.
2019-09-16 22:28:50,735 [grpc-default-executor-10] INFO  interfaces.Container (KeyValueContainer.java:flushAndSyncDB(386)) - Container 7 is synced with bcsId 3.
2019-09-16 22:28:50,804 [grpc-default-executor-10] INFO  interfaces.Container (KeyValueContainer.java:flushAndSyncDB(386)) - Container 8 is synced with bcsId 0.
2019-09-16 22:28:50,804 [grpc-default-executor-10] INFO  interfaces.Container (KeyValueContainer.java:flushAndSyncDB(386)) - Container 8 is synced with bcsId 0.
2019-09-16 22:28:50,822 [RatisPipelineUtilsThread] INFO  pipeline.PipelineStateManager (PipelineStateManager.java:removePipeline(108)) - Pipeline Pipeline[ Id: 505bc541-8f43-4d7f-bd48-7f526c56d1e5, Nodes: 5ecabd24-29f4-44ad-af86-ba12f6ac88ae{ip: 192.168.151.68, host: pr-hdds-2135-v26ff-2356241440, networkLocation: /default-rack, certSerialId: null}9d8d98b0-9991-458a-859c-25f8efc1f325{ip: 192.168.151.68, host: pr-hdds-2135-v26ff-2356241440, networkLocation: /default-rack, certSerialId: null}0ad894eb-396d-46a7-a4d0-256210dc34c1{ip: 192.168.151.68, host: pr-hdds-2135-v26ff-2356241440, networkLocation: /default-rack, certSerialId: null}, Type:RATIS, Factor:THREE, State:CLOSED] removed from db
2019-09-16 22:28:50,838 [grpc-default-executor-10] INFO  impl.RaftServerProxy (RaftServerProxy.java:addNew(89)) - 9d8d98b0-9991-458a-859c-25f8efc1f325: addNew group-0236D34DF626:[9d8d98b0-9991-458a-859c-25f8efc1f325:192.168.151.68:46204, 0ad894eb-396d-46a7-a4d0-256210dc34c1:192.168.151.68:43421, 5ecabd24-29f4-44ad-af86-ba12f6ac88ae:192.168.151.68:37146] returns group-0236D34DF626:java.util.concurrent.CompletableFuture@73dddb92[Not completed]
2019-09-16 22:28:50,838 [grpc-default-executor-11] INFO  impl.RaftServerProxy (RaftServerProxy.java:addNew(89)) - 0ad894eb-396d-46a7-a4d0-256210dc34c1: addNew group-0236D34DF626:[9d8d98b0-9991-458a-859c-25f8efc1f325:192.168.151.68:46204, 0ad894eb-396d-46a7-a4d0-256210dc34c1:192.168.151.68:43421, 5ecabd24-29f4-44ad-af86-ba12f6ac88ae:192.168.151.68:37146] returns group-0236D34DF626:java.util.concurrent.CompletableFuture@2170aecc[Not completed]
2019-09-16 22:28:50,838 [grpc-default-executor-2] INFO  impl.RaftServerProxy (RaftServerProxy.java:addNew(89)) - 5ecabd24-29f4-44ad-af86-ba12f6ac88ae: addNew group-0236D34DF626:[9d8d98b0-9991-458a-859c-25f8efc1f325:192.168.151.68:46204, 0ad894eb-396d-46a7-a4d0-256210dc34c1:192.168.151.68:43421, 5ecabd24-29f4-44ad-af86-ba12f6ac88ae:192.168.151.68:37146] returns group-0236D34DF626:java.util.concurrent.CompletableFuture@5da2a53f[Not completed]
2019-09-16 22:28:50,841 [pool-67-thread-1] INFO  impl.RaftServerImpl (RaftServerImpl.java:<init>(95)) - 5ecabd24-29f4-44ad-af86-ba12f6ac88ae: new RaftServerImpl for group-0236D34DF626:[9d8d98b0-9991-458a-859c-25f8efc1f325:192.168.151.68:46204, 0ad894eb-396d-46a7-a4d0-256210dc34c1:192.168.151.68:43421, 5ecabd24-29f4-44ad-af86-ba12f6ac88ae:192.168.151.68:37146] with ContainerStateMachine:uninitialized
2019-09-16 22:28:50,842 [pool-67-thread-1] INFO  server.RaftServerConfigKeys (ConfUtils.java:logGet(43)) - raft.server.rpc.timeout.min = 5s (custom)
2019-09-16 22:28:50,842 [pool-67-thread-1] INFO  server.RaftServerConfigKeys (ConfUtils.java:logGet(43)) - raft.server.rpc.timeout.max = 5200ms (custom)
2019-09-16 22:28:50,842 [pool-67-thread-1] INFO  server.RaftServerConfigKeys (ConfUtils.java:logGet(43)) - raft.server.rpcslowness.timeout = 120s (custom)
2019-09-16 22:28:50,842 [pool-67-thread-1] INFO  server.RaftServerConfigKeys (ConfUtils.java:logGet(43)) - raft.server.sleep.deviation.threshold = 300 (default)
2019-09-16 22:28:50,842 [pool-67-thread-1] INFO  server.RaftServerConfigKeys (ConfUtils.java:logGet(43)) - raft.server.log.appender.install.snapshot.enabled = false (custom)
2019-09-16 22:28:50,842 [pool-67-thread-1] INFO  impl.RaftServerImpl (ServerState.java:<init>(103)) - 5ecabd24-29f4-44ad-af86-ba12f6ac88ae@group-0236D34DF626: ConfigurationManager, init=-1: [9d8d98b0-9991-458a-859c-25f8efc1f325:192.168.151.68:46204, 0ad894eb-396d-46a7-a4d0-256210dc34c1:192.168.151.68:43421, 5ecabd24-29f4-44ad-af86-ba12f6ac88ae:192.168.151.68:37146], old=null, confs=<EMPTY_MAP>
2019-09-16 22:28:50,842 [pool-77-thread-1] INFO  impl.RaftServerImpl (RaftServerImpl.java:<init>(95)) - 0ad894eb-396d-46a7-a4d0-256210dc34c1: new RaftServerImpl for group-0236D34DF626:[9d8d98b0-9991-458a-859c-25f8efc1f325:192.168.151.68:46204, 0ad894eb-396d-46a7-a4d0-256210dc34c1:192.168.151.68:43421, 5ecabd24-29f4-44ad-af86-ba12f6ac88ae:192.168.151.68:37146] with ContainerStateMachine:uninitialized
2019-09-16 22:28:50,843 [pool-67-thread-1] INFO  server.RaftServerConfigKeys (ConfUtils.java:logGet(43)) - raft.server.storage.dir = [/workdir/hadoop-ozone/integration-test/target/test-dir/MiniOzoneClusterImpl-0831896c-8462-4536-87a9-38bb54f03984/datanode-4/data/ratis] (custom)
2019-09-16 22:28:50,843 [pool-77-thread-1] INFO  server.RaftServerConfigKeys (ConfUtils.java:logGet(43)) - raft.server.rpc.timeout.min = 5s (custom)
2019-09-16 22:28:50,843 [pool-77-thread-1] INFO  server.RaftServerConfigKeys (ConfUtils.java:logGet(43)) - raft.server.rpc.timeout.max = 5200ms (custom)
2019-09-16 22:28:50,843 [pool-77-thread-1] INFO  server.RaftServerConfigKeys (ConfUtils.java:logGet(43)) - raft.server.rpcslowness.timeout = 120s (custom)
2019-09-16 22:28:50,843 [pool-77-thread-1] INFO  server.RaftServerConfigKeys (ConfUtils.java:logGet(43)) - raft.server.sleep.deviation.threshold = 300 (default)
2019-09-16 22:28:50,843 [pool-67-thread-1] INFO  storage.RaftStorageDirectory (RaftStorageDirectory.java:analyzeStorage(246)) - The storage directory /workdir/hadoop-ozone/integration-test/target/test-dir/MiniOzoneClusterImpl-0831896c-8462-4536-87a9-38bb54f03984/datanode-4/data/ratis/844081a3-4cb7-4bf7-a450-0236d34df626 does not exist. Creating ...
2019-09-16 22:28:50,843 [pool-77-thread-1] INFO  server.RaftServerConfigKeys (ConfUtils.java:logGet(43)) - raft.server.log.appender.install.snapshot.enabled = false (custom)
2019-09-16 22:28:50,843 [pool-77-thread-1] INFO  impl.RaftServerImpl (ServerState.java:<init>(103)) - 0ad894eb-396d-46a7-a4d0-256210dc34c1@group-0236D34DF626: ConfigurationManager, init=-1: [9d8d98b0-9991-458a-859c-25f8efc1f325:192.168.151.68:46204, 0ad894eb-396d-46a7-a4d0-256210dc34c1:192.168.151.68:43421, 5ecabd24-29f4-44ad-af86-ba12f6ac88ae:192.168.151.68:37146], old=null, confs=<EMPTY_MAP>
2019-09-16 22:28:50,844 [pool-57-thread-1] INFO  impl.RaftServerImpl (RaftServerImpl.java:<init>(95)) - 9d8d98b0-9991-458a-859c-25f8efc1f325: new RaftServerImpl for group-0236D34DF626:[9d8d98b0-9991-458a-859c-25f8efc1f325:192.168.151.68:46204, 0ad894eb-396d-46a7-a4d0-256210dc34c1:192.168.151.68:43421, 5ecabd24-29f4-44ad-af86-ba12f6ac88ae:192.168.151.68:37146] with ContainerStateMachine:uninitialized
2019-09-16 22:28:50,844 [pool-77-thread-1] INFO  server.RaftServerConfigKeys (ConfUtils.java:logGet(43)) - raft.server.storage.dir = [/workdir/hadoop-ozone/integration-test/target/test-dir/MiniOzoneClusterImpl-0831896c-8462-4536-87a9-38bb54f03984/datanode-5/data/ratis] (custom)
2019-09-16 22:28:50,844 [pool-57-thread-1] INFO  server.RaftServerConfigKeys (ConfUtils.java:logGet(43)) - raft.server.rpc.timeout.min = 5s (custom)
2019-09-16 22:28:50,844 [pool-57-thread-1] INFO  server.RaftServerConfigKeys (ConfUtils.java:logGet(43)) - raft.server.rpc.timeout.max = 5200ms (custom)
2019-09-16 22:28:50,844 [pool-77-thread-1] INFO  storage.RaftStorageDirectory (RaftStorageDirectory.java:analyzeStorage(246)) - The storage directory /workdir/hadoop-ozone/integration-test/target/test-dir/MiniOzoneClusterImpl-0831896c-8462-4536-87a9-38bb54f03984/datanode-5/data/ratis/844081a3-4cb7-4bf7-a450-0236d34df626 does not exist. Creating ...
2019-09-16 22:28:50,844 [pool-57-thread-1] INFO  server.RaftServerConfigKeys (ConfUtils.java:logGet(43)) - raft.server.rpcslowness.timeout = 120s (custom)
2019-09-16 22:28:50,845 [pool-57-thread-1] INFO  server.RaftServerConfigKeys (ConfUtils.java:logGet(43)) - raft.server.sleep.deviation.threshold = 300 (default)
2019-09-16 22:28:50,845 [pool-57-thread-1] INFO  server.RaftServerConfigKeys (ConfUtils.java:logGet(43)) - raft.server.log.appender.install.snapshot.enabled = false (custom)
2019-09-16 22:28:50,845 [pool-57-thread-1] INFO  impl.RaftServerImpl (ServerState.java:<init>(103)) - 9d8d98b0-9991-458a-859c-25f8efc1f325@group-0236D34DF626: ConfigurationManager, init=-1: [9d8d98b0-9991-458a-859c-25f8efc1f325:192.168.151.68:46204, 0ad894eb-396d-46a7-a4d0-256210dc34c1:192.168.151.68:43421, 5ecabd24-29f4-44ad-af86-ba12f6ac88ae:192.168.151.68:37146], old=null, confs=<EMPTY_MAP>
2019-09-16 22:28:50,845 [pool-57-thread-1] INFO  server.RaftServerConfigKeys (ConfUtils.java:logGet(43)) - raft.server.storage.dir = [/workdir/hadoop-ozone/integration-test/target/test-dir/MiniOzoneClusterImpl-0831896c-8462-4536-87a9-38bb54f03984/datanode-3/data/ratis] (custom)
2019-09-16 22:28:50,845 [pool-57-thread-1] INFO  storage.RaftStorageDirectory (RaftStorageDirectory.java:analyzeStorage(246)) - The storage directory /workdir/hadoop-ozone/integration-test/target/test-dir/MiniOzoneClusterImpl-0831896c-8462-4536-87a9-38bb54f03984/datanode-3/data/ratis/844081a3-4cb7-4bf7-a450-0236d34df626 does not exist. Creating ...
2019-09-16 22:28:50,848 [pool-57-thread-1] INFO  storage.RaftStorageDirectory (RaftStorageDirectory.java:tryLock(328)) - Lock on /workdir/hadoop-ozone/integration-test/target/test-dir/MiniOzoneClusterImpl-0831896c-8462-4536-87a9-38bb54f03984/datanode-3/data/ratis/844081a3-4cb7-4bf7-a450-0236d34df626/in_use.lock acquired by nodename 30548@pr-hdds-2135-v26ff-2356241440
2019-09-16 22:28:50,848 [pool-77-thread-1] INFO  storage.RaftStorageDirectory (RaftStorageDirectory.java:tryLock(328)) - Lock on /workdir/hadoop-ozone/integration-test/target/test-dir/MiniOzoneClusterImpl-0831896c-8462-4536-87a9-38bb54f03984/datanode-5/data/ratis/844081a3-4cb7-4bf7-a450-0236d34df626/in_use.lock acquired by nodename 30548@pr-hdds-2135-v26ff-2356241440
2019-09-16 22:28:50,848 [pool-67-thread-1] INFO  storage.RaftStorageDirectory (RaftStorageDirectory.java:tryLock(328)) - Lock on /workdir/hadoop-ozone/integration-test/target/test-dir/MiniOzoneClusterImpl-0831896c-8462-4536-87a9-38bb54f03984/datanode-4/data/ratis/844081a3-4cb7-4bf7-a450-0236d34df626/in_use.lock acquired by nodename 30548@pr-hdds-2135-v26ff-2356241440
2019-09-16 22:28:50,863 [pool-57-thread-1] INFO  storage.RaftStorage (RaftStorage.java:format(72)) - Storage directory /workdir/hadoop-ozone/integration-test/target/test-dir/MiniOzoneClusterImpl-0831896c-8462-4536-87a9-38bb54f03984/datanode-3/data/ratis/844081a3-4cb7-4bf7-a450-0236d34df626 has been successfully formatted.
2019-09-16 22:28:50,863 [pool-77-thread-1] INFO  storage.RaftStorage (RaftStorage.java:format(72)) - Storage directory /workdir/hadoop-ozone/integration-test/target/test-dir/MiniOzoneClusterImpl-0831896c-8462-4536-87a9-38bb54f03984/datanode-5/data/ratis/844081a3-4cb7-4bf7-a450-0236d34df626 has been successfully formatted.
2019-09-16 22:28:50,863 [pool-67-thread-1] INFO  storage.RaftStorage (RaftStorage.java:format(72)) - Storage directory /workdir/hadoop-ozone/integration-test/target/test-dir/MiniOzoneClusterImpl-0831896c-8462-4536-87a9-38bb54f03984/datanode-4/data/ratis/844081a3-4cb7-4bf7-a450-0236d34df626 has been successfully formatted.
2019-09-16 22:28:50,863 [pool-77-thread-1] INFO  ratis.ContainerStateMachine (ContainerStateMachine.java:loadSnapshot(230)) - group-0236D34DF626: The snapshot info is null. Setting the last applied indexto:(t:0, i:~)
2019-09-16 22:28:50,863 [pool-57-thread-1] INFO  ratis.ContainerStateMachine (ContainerStateMachine.java:loadSnapshot(230)) - group-0236D34DF626: The snapshot info is null. Setting the last applied indexto:(t:0, i:~)
2019-09-16 22:28:50,864 [pool-77-thread-1] INFO  server.RaftServerConfigKeys (ConfUtils.java:logGet(43)) - raft.server.notification.no-leader.timeout = 120s (custom)
2019-09-16 22:28:50,864 [pool-67-thread-1] INFO  ratis.ContainerStateMachine (ContainerStateMachine.java:loadSnapshot(230)) - group-0236D34DF626: The snapshot info is null. Setting the last applied indexto:(t:0, i:~)
2019-09-16 22:28:50,864 [pool-77-thread-1] INFO  server.RaftServerConfigKeys (ConfUtils.java:logGet(43)) - raft.server.log.use.memory = false (default)
2019-09-16 22:28:50,864 [pool-57-thread-1] INFO  server.RaftServerConfigKeys (ConfUtils.java:logGet(43)) - raft.server.notification.no-leader.timeout = 120s (custom)
2019-09-16 22:28:50,864 [pool-67-thread-1] INFO  server.RaftServerConfigKeys (ConfUtils.java:logGet(43)) - raft.server.notification.no-leader.timeout = 120s (custom)
2019-09-16 22:28:50,864 [pool-77-thread-1] INFO  server.RaftServerConfigKeys (ConfUtils.java:logGet(43)) - raft.server.log.purge.gap = 1000000 (custom)
2019-09-16 22:28:50,864 [pool-57-thread-1] INFO  server.RaftServerConfigKeys (ConfUtils.java:logGet(43)) - raft.server.log.use.memory = false (default)
2019-09-16 22:28:50,865 [pool-77-thread-1] INFO  server.RaftServerConfigKeys (ConfUtils.java:logGet(43)) - raft.server.log.appender.buffer.byte-limit = 33554432 (custom)
2019-09-16 22:28:50,864 [pool-67-thread-1] INFO  server.RaftServerConfigKeys (ConfUtils.java:logGet(43)) - raft.server.log.use.memory = false (default)
2019-09-16 22:28:50,865 [pool-77-thread-1] INFO  server.RaftServerConfigKeys (ConfUtils.java:logGet(43)) - raft.server.log.segment.size.max = 1048576 (custom)
2019-09-16 22:28:50,865 [pool-57-thread-1] INFO  server.RaftServerConfigKeys (ConfUtils.java:logGet(43)) - raft.server.log.purge.gap = 1000000 (custom)
2019-09-16 22:28:50,865 [pool-77-thread-1] INFO  server.RaftServerConfigKeys (ConfUtils.java:logGet(43)) - raft.server.log.segment.cache.num.max = 2 (custom)
2019-09-16 22:28:50,865 [pool-67-thread-1] INFO  server.RaftServerConfigKeys (ConfUtils.java:logGet(43)) - raft.server.log.purge.gap = 1000000 (custom)
2019-09-16 22:28:50,865 [pool-77-thread-1] INFO  segmented.SegmentedRaftLogWorker (SegmentedRaftLogWorker.java:<init>(172)) - new 0ad894eb-396d-46a7-a4d0-256210dc34c1@group-0236D34DF626-SegmentedRaftLogWorker for RaftStorage:Storage Directory /workdir/hadoop-ozone/integration-test/target/test-dir/MiniOzoneClusterImpl-0831896c-8462-4536-87a9-38bb54f03984/datanode-5/data/ratis/844081a3-4cb7-4bf7-a450-0236d34df626
2019-09-16 22:28:50,865 [pool-57-thread-1] INFO  server.RaftServerConfigKeys (ConfUtils.java:logGet(43)) - raft.server.log.appender.buffer.byte-limit = 33554432 (custom)
2019-09-16 22:28:50,865 [pool-67-thread-1] INFO  server.RaftServerConfigKeys (ConfUtils.java:logGet(43)) - raft.server.log.appender.buffer.byte-limit = 33554432 (custom)
2019-09-16 22:28:50,866 [pool-77-thread-1] INFO  server.RaftServerConfigKeys (ConfUtils.java:logGet(43)) - raft.server.log.queue.byte-limit = 2147483647 (custom)
2019-09-16 22:28:50,866 [pool-57-thread-1] INFO  server.RaftServerConfigKeys (ConfUtils.java:logGet(43)) - raft.server.log.segment.size.max = 1048576 (custom)
2019-09-16 22:28:50,866 [pool-77-thread-1] INFO  server.RaftServerConfigKeys (ConfUtils.java:logGet(43)) - raft.server.log.queue.element-limit = 1024 (custom)
2019-09-16 22:28:50,866 [pool-67-thread-1] INFO  server.RaftServerConfigKeys (ConfUtils.java:logGet(43)) - raft.server.log.segment.size.max = 1048576 (custom)
2019-09-16 22:28:50,866 [pool-77-thread-1] INFO  server.RaftServerConfigKeys (ConfUtils.java:logGet(43)) - raft.server.log.segment.size.max = 1048576 (custom)
2019-09-16 22:28:50,866 [pool-57-thread-1] INFO  server.RaftServerConfigKeys (ConfUtils.java:logGet(43)) - raft.server.log.segment.cache.num.max = 2 (custom)
2019-09-16 22:28:50,866 [pool-77-thread-1] INFO  server.RaftServerConfigKeys (ConfUtils.java:logGet(43)) - raft.server.log.preallocated.size = 16384 (custom)
2019-09-16 22:28:50,866 [pool-67-thread-1] INFO  server.RaftServerConfigKeys (ConfUtils.java:logGet(43)) - raft.server.log.segment.cache.num.max = 2 (custom)
2019-09-16 22:28:50,867 [pool-77-thread-1] INFO  server.RaftServerConfigKeys (ConfUtils.java:logGet(43)) - raft.server.log.write.buffer.size = 33554432 (custom)
2019-09-16 22:28:50,867 [pool-57-thread-1] INFO  segmented.SegmentedRaftLogWorker (SegmentedRaftLogWorker.java:<init>(172)) - new 9d8d98b0-9991-458a-859c-25f8efc1f325@group-0236D34DF626-SegmentedRaftLogWorker for RaftStorage:Storage Directory /workdir/hadoop-ozone/integration-test/target/test-dir/MiniOzoneClusterImpl-0831896c-8462-4536-87a9-38bb54f03984/datanode-3/data/ratis/844081a3-4cb7-4bf7-a450-0236d34df626
2019-09-16 22:28:50,867 [pool-77-thread-1] INFO  server.RaftServerConfigKeys (ConfUtils.java:logGet(43)) - raft.server.log.force.sync.num = 128 (default)
2019-09-16 22:28:50,867 [pool-67-thread-1] INFO  segmented.SegmentedRaftLogWorker (SegmentedRaftLogWorker.java:<init>(172)) - new 5ecabd24-29f4-44ad-af86-ba12f6ac88ae@group-0236D34DF626-SegmentedRaftLogWorker for RaftStorage:Storage Directory /workdir/hadoop-ozone/integration-test/target/test-dir/MiniOzoneClusterImpl-0831896c-8462-4536-87a9-38bb54f03984/datanode-4/data/ratis/844081a3-4cb7-4bf7-a450-0236d34df626
2019-09-16 22:28:50,867 [pool-77-thread-1] INFO  server.RaftServerConfigKeys (ConfUtils.java:logGet(43)) - raft.server.log.statemachine.data.sync = true (default)
2019-09-16 22:28:50,867 [pool-57-thread-1] INFO  server.RaftServerConfigKeys (ConfUtils.java:logGet(43)) - raft.server.log.queue.byte-limit = 2147483647 (custom)
2019-09-16 22:28:50,868 [pool-77-thread-1] INFO  server.RaftServerConfigKeys (ConfUtils.java:logGet(43)) - raft.server.log.statemachine.data.sync.timeout = 10s (default)
2019-09-16 22:28:50,867 [pool-67-thread-1] INFO  server.RaftServerConfigKeys (ConfUtils.java:logGet(43)) - raft.server.log.queue.byte-limit = 2147483647 (custom)
2019-09-16 22:28:50,868 [pool-77-thread-1] INFO  server.RaftServerConfigKeys (ConfUtils.java:logGet(43)) - raft.server.log.statemachine.data.sync.timeout.retry = -1 (default)
2019-09-16 22:28:50,868 [pool-57-thread-1] INFO  server.RaftServerConfigKeys (ConfUtils.java:logGet(43)) - raft.server.log.queue.element-limit = 1024 (custom)
2019-09-16 22:28:50,868 [pool-77-thread-1] INFO  server.RaftServerConfigKeys (ConfUtils.java:logGet(43)) - raft.server.log.statemachine.data.caching.enabled = true (custom)
2019-09-16 22:28:50,868 [pool-67-thread-1] INFO  server.RaftServerConfigKeys (ConfUtils.java:logGet(43)) - raft.server.log.queue.element-limit = 1024 (custom)
2019-09-16 22:28:50,868 [pool-57-thread-1] INFO  server.RaftServerConfigKeys (ConfUtils.java:logGet(43)) - raft.server.log.segment.size.max = 1048576 (custom)
2019-09-16 22:28:50,869 [pool-67-thread-1] INFO  server.RaftServerConfigKeys (ConfUtils.java:logGet(43)) - raft.server.log.segment.size.max = 1048576 (custom)
2019-09-16 22:28:50,869 [pool-57-thread-1] INFO  server.RaftServerConfigKeys (ConfUtils.java:logGet(43)) - raft.server.log.preallocated.size = 16384 (custom)
2019-09-16 22:28:50,869 [pool-67-thread-1] INFO  server.RaftServerConfigKeys (ConfUtils.java:logGet(43)) - raft.server.log.preallocated.size = 16384 (custom)
2019-09-16 22:28:50,869 [pool-57-thread-1] INFO  server.RaftServerConfigKeys (ConfUtils.java:logGet(43)) - raft.server.log.write.buffer.size = 33554432 (custom)
2019-09-16 22:28:50,869 [pool-67-thread-1] INFO  server.RaftServerConfigKeys (ConfUtils.java:logGet(43)) - raft.server.log.write.buffer.size = 33554432 (custom)
2019-09-16 22:28:50,869 [pool-77-thread-1] INFO  segmented.SegmentedRaftLogWorker (SegmentedRaftLogWorker.java:lambda$new$0(132)) - 0ad894eb-396d-46a7-a4d0-256210dc34c1@group-0236D34DF626-SegmentedRaftLogWorker: flushIndex: setUnconditionally 0 -> -1
2019-09-16 22:28:50,869 [pool-57-thread-1] INFO  server.RaftServerConfigKeys (ConfUtils.java:logGet(43)) - raft.server.log.force.sync.num = 128 (default)
2019-09-16 22:28:50,869 [pool-67-thread-1] INFO  server.RaftServerConfigKeys (ConfUtils.java:logGet(43)) - raft.server.log.force.sync.num = 128 (default)
2019-09-16 22:28:50,870 [pool-77-thread-1] INFO  server.RaftServerConfigKeys (ConfUtils.java:logGet(43)) - raft.server.snapshot.auto.trigger.enabled = true (custom)
2019-09-16 22:28:50,870 [pool-57-thread-1] INFO  server.RaftServerConfigKeys (ConfUtils.java:logGet(43)) - raft.server.log.statemachine.data.sync = true (default)
2019-09-16 22:28:50,870 [pool-77-thread-1] INFO  server.RaftServerConfigKeys (ConfUtils.java:logGet(43)) - raft.server.snapshot.auto.trigger.threshold = 10000 (custom)
2019-09-16 22:28:50,870 [pool-67-thread-1] INFO  server.RaftServerConfigKeys (ConfUtils.java:logGet(43)) - raft.server.log.statemachine.data.sync = true (default)
2019-09-16 22:28:50,870 [pool-77-thread-1] INFO  server.RaftServerConfigKeys (ConfUtils.java:logGet(43)) - raft.server.snapshot.retention.num.files = 5 (custom)
2019-09-16 22:28:50,870 [pool-57-thread-1] INFO  server.RaftServerConfigKeys (ConfUtils.java:logGet(43)) - raft.server.log.statemachine.data.sync.timeout = 10s (default)
2019-09-16 22:28:50,870 [pool-77-thread-1] INFO  server.RaftServerConfigKeys (ConfUtils.java:logGet(43)) - raft.server.retrycache.expirytime = 600000ms (custom)
2019-09-16 22:28:50,870 [pool-67-thread-1] INFO  server.RaftServerConfigKeys (ConfUtils.java:logGet(43)) - raft.server.log.statemachine.data.sync.timeout = 10s (default)
2019-09-16 22:28:50,871 [pool-57-thread-1] INFO  server.RaftServerConfigKeys (ConfUtils.java:logGet(43)) - raft.server.log.statemachine.data.sync.timeout.retry = -1 (default)
2019-09-16 22:28:50,871 [pool-67-thread-1] INFO  server.RaftServerConfigKeys (ConfUtils.java:logGet(43)) - raft.server.log.statemachine.data.sync.timeout.retry = -1 (default)
2019-09-16 22:28:50,871 [pool-57-thread-1] INFO  server.RaftServerConfigKeys (ConfUtils.java:logGet(43)) - raft.server.log.statemachine.data.caching.enabled = true (custom)
2019-09-16 22:28:50,871 [pool-67-thread-1] INFO  server.RaftServerConfigKeys (ConfUtils.java:logGet(43)) - raft.server.log.statemachine.data.caching.enabled = true (custom)
2019-09-16 22:28:50,871 [pool-57-thread-1] INFO  segmented.SegmentedRaftLogWorker (SegmentedRaftLogWorker.java:lambda$new$0(132)) - 9d8d98b0-9991-458a-859c-25f8efc1f325@group-0236D34DF626-SegmentedRaftLogWorker: flushIndex: setUnconditionally 0 -> -1
2019-09-16 22:28:50,871 [pool-67-thread-1] INFO  segmented.SegmentedRaftLogWorker (SegmentedRaftLogWorker.java:lambda$new$0(132)) - 5ecabd24-29f4-44ad-af86-ba12f6ac88ae@group-0236D34DF626-SegmentedRaftLogWorker: flushIndex: setUnconditionally 0 -> -1
2019-09-16 22:28:50,872 [pool-57-thread-1] INFO  server.RaftServerConfigKeys (ConfUtils.java:logGet(43)) - raft.server.snapshot.auto.trigger.enabled = true (custom)
2019-09-16 22:28:50,872 [pool-57-thread-1] INFO  server.RaftServerConfigKeys (ConfUtils.java:logGet(43)) - raft.server.snapshot.auto.trigger.threshold = 10000 (custom)
2019-09-16 22:28:50,872 [pool-67-thread-1] INFO  server.RaftServerConfigKeys (ConfUtils.java:logGet(43)) - raft.server.snapshot.auto.trigger.enabled = true (custom)
2019-09-16 22:28:50,872 [pool-57-thread-1] INFO  server.RaftServerConfigKeys (ConfUtils.java:logGet(43)) - raft.server.snapshot.retention.num.files = 5 (custom)
2019-09-16 22:28:50,872 [pool-67-thread-1] INFO  server.RaftServerConfigKeys (ConfUtils.java:logGet(43)) - raft.server.snapshot.auto.trigger.threshold = 10000 (custom)
2019-09-16 22:28:50,872 [pool-57-thread-1] INFO  server.RaftServerConfigKeys (ConfUtils.java:logGet(43)) - raft.server.retrycache.expirytime = 600000ms (custom)
2019-09-16 22:28:50,872 [pool-67-thread-1] INFO  server.RaftServerConfigKeys (ConfUtils.java:logGet(43)) - raft.server.snapshot.retention.num.files = 5 (custom)
2019-09-16 22:28:50,872 [pool-67-thread-1] INFO  server.RaftServerConfigKeys (ConfUtils.java:logGet(43)) - raft.server.retrycache.expirytime = 600000ms (custom)
2019-09-16 22:28:50,876 [pool-77-thread-1] INFO  impl.RaftServerImpl (RaftServerImpl.java:start(185)) - 0ad894eb-396d-46a7-a4d0-256210dc34c1@group-0236D34DF626: start as a follower, conf=-1: [9d8d98b0-9991-458a-859c-25f8efc1f325:192.168.151.68:46204, 0ad894eb-396d-46a7-a4d0-256210dc34c1:192.168.151.68:43421, 5ecabd24-29f4-44ad-af86-ba12f6ac88ae:192.168.151.68:37146], old=null
2019-09-16 22:28:50,876 [pool-77-thread-1] INFO  impl.RaftServerImpl (RaftServerImpl.java:setRole(174)) - 0ad894eb-396d-46a7-a4d0-256210dc34c1@group-0236D34DF626: changes role from      null to FOLLOWER at term 0 for startAsFollower
2019-09-16 22:28:50,876 [pool-77-thread-1] INFO  impl.RoleInfo (RoleInfo.java:updateAndGet(143)) - 0ad894eb-396d-46a7-a4d0-256210dc34c1: start FollowerState
2019-09-16 22:28:50,892 [pool-77-thread-1] INFO  util.JmxRegister (JmxRegister.java:tryRegister(44)) - Successfully registered JMX Bean with object name Ratis:service=RaftServer,group=group-0236D34DF626,id=0ad894eb-396d-46a7-a4d0-256210dc34c1
2019-09-16 22:28:50,892 [pool-57-thread-1] INFO  impl.RaftServerImpl (RaftServerImpl.java:start(185)) - 9d8d98b0-9991-458a-859c-25f8efc1f325@group-0236D34DF626: start as a follower, conf=-1: [9d8d98b0-9991-458a-859c-25f8efc1f325:192.168.151.68:46204, 0ad894eb-396d-46a7-a4d0-256210dc34c1:192.168.151.68:43421, 5ecabd24-29f4-44ad-af86-ba12f6ac88ae:192.168.151.68:37146], old=null
2019-09-16 22:28:50,892 [pool-57-thread-1] INFO  impl.RaftServerImpl (RaftServerImpl.java:setRole(174)) - 9d8d98b0-9991-458a-859c-25f8efc1f325@group-0236D34DF626: changes role from      null to FOLLOWER at term 0 for startAsFollower
2019-09-16 22:28:50,899 [pool-57-thread-1] INFO  impl.RoleInfo (RoleInfo.java:updateAndGet(143)) - 9d8d98b0-9991-458a-859c-25f8efc1f325: start FollowerState
2019-09-16 22:28:50,899 [pool-67-thread-1] INFO  impl.RaftServerImpl (RaftServerImpl.java:start(185)) - 5ecabd24-29f4-44ad-af86-ba12f6ac88ae@group-0236D34DF626: start as a follower, conf=-1: [9d8d98b0-9991-458a-859c-25f8efc1f325:192.168.151.68:46204, 0ad894eb-396d-46a7-a4d0-256210dc34c1:192.168.151.68:43421, 5ecabd24-29f4-44ad-af86-ba12f6ac88ae:192.168.151.68:37146], old=null
2019-09-16 22:28:50,899 [pool-67-thread-1] INFO  impl.RaftServerImpl (RaftServerImpl.java:setRole(174)) - 5ecabd24-29f4-44ad-af86-ba12f6ac88ae@group-0236D34DF626: changes role from      null to FOLLOWER at term 0 for startAsFollower
2019-09-16 22:28:50,899 [pool-57-thread-1] INFO  util.JmxRegister (JmxRegister.java:tryRegister(44)) - Successfully registered JMX Bean with object name Ratis:service=RaftServer,group=group-0236D34DF626,id=9d8d98b0-9991-458a-859c-25f8efc1f325
2019-09-16 22:28:50,899 [pool-67-thread-1] INFO  impl.RoleInfo (RoleInfo.java:updateAndGet(143)) - 5ecabd24-29f4-44ad-af86-ba12f6ac88ae: start FollowerState
2019-09-16 22:28:50,900 [pool-67-thread-1] INFO  util.JmxRegister (JmxRegister.java:tryRegister(44)) - Successfully registered JMX Bean with object name Ratis:service=RaftServer,group=group-0236D34DF626,id=5ecabd24-29f4-44ad-af86-ba12f6ac88ae
2019-09-16 22:28:50,902 [RatisPipelineUtilsThread] INFO  pipeline.PipelineStateManager (PipelineStateManager.java:addPipeline(56)) - Created pipeline Pipeline[ Id: 844081a3-4cb7-4bf7-a450-0236d34df626, Nodes: 5ecabd24-29f4-44ad-af86-ba12f6ac88ae{ip: 192.168.151.68, host: pr-hdds-2135-v26ff-2356241440, networkLocation: /default-rack, certSerialId: null}9d8d98b0-9991-458a-859c-25f8efc1f325{ip: 192.168.151.68, host: pr-hdds-2135-v26ff-2356241440, networkLocation: /default-rack, certSerialId: null}0ad894eb-396d-46a7-a4d0-256210dc34c1{ip: 192.168.151.68, host: pr-hdds-2135-v26ff-2356241440, networkLocation: /default-rack, certSerialId: null}, Type:RATIS, Factor:THREE, State:OPEN]
2019-09-16 22:28:51,265 [main] WARN  io.KeyOutputStream (KeyOutputStream.java:handleException(276)) - Encountered exception java.io.IOException: Unexpected Storage Container Exception: java.util.concurrent.CompletionException: java.util.concurrent.CompletionException: org.apache.ratis.protocol.GroupMismatchException: 0ad894eb-396d-46a7-a4d0-256210dc34c1: group-7F526C56D1E5 not found. on the pipeline Pipeline[ Id: 505bc541-8f43-4d7f-bd48-7f526c56d1e5, Nodes: 5ecabd24-29f4-44ad-af86-ba12f6ac88ae{ip: 192.168.151.68, host: pr-hdds-2135-v26ff-2356241440, networkLocation: /default-rack, certSerialId: null}9d8d98b0-9991-458a-859c-25f8efc1f325{ip: 192.168.151.68, host: pr-hdds-2135-v26ff-2356241440, networkLocation: /default-rack, certSerialId: null}0ad894eb-396d-46a7-a4d0-256210dc34c1{ip: 192.168.151.68, host: pr-hdds-2135-v26ff-2356241440, networkLocation: /default-rack, certSerialId: null}, Type:RATIS, Factor:THREE, State:OPEN]. The last committed block length is 0, uncommitted data length is 400 retry count 0
2019-09-16 22:28:51,307 [grpc-default-executor-2] INFO  client.GrpcClientProtocolClient (GrpcClientProtocolClient.java:onNext(264)) - client-374E982715CD->8f746e8d-b680-4b6a-a953-f66a9ce24b31: receive RaftClientReply:client-374E982715CD->8f746e8d-b680-4b6a-a953-f66a9ce24b31@group-1FF9B6E207BB, cid=248, FAILED org.apache.ratis.protocol.NotLeaderException: Server 8f746e8d-b680-4b6a-a953-f66a9ce24b31@group-1FF9B6E207BB is not the leader 38ade514-2648-4754-90d8-f44d77982dc1:192.168.151.68:44451, logIndex=0, commits[8f746e8d-b680-4b6a-a953-f66a9ce24b31:c21, 38ade514-2648-4754-90d8-f44d77982dc1:c21, f6fe9082-6072-456e-9c3d-4d31cedb190c:c21]
2019-09-16 22:28:51,482 [grpc-default-executor-2] INFO  client.GrpcClientProtocolClient (GrpcClientProtocolClient.java:onNext(264)) - client-374E982715CD->38ade514-2648-4754-90d8-f44d77982dc1: receive RaftClientReply:client-374E982715CD->38ade514-2648-4754-90d8-f44d77982dc1@group-1FF9B6E207BB, cid=248, SUCCESS, logIndex=22, commits[38ade514-2648-4754-90d8-f44d77982dc1:c22, 8f746e8d-b680-4b6a-a953-f66a9ce24b31:c21, f6fe9082-6072-456e-9c3d-4d31cedb190c:c21]
2019-09-16 22:28:51,501 [grpc-default-executor-2] INFO  client.GrpcClientProtocolClient (GrpcClientProtocolClient.java:onNext(264)) - client-374E982715CD->38ade514-2648-4754-90d8-f44d77982dc1: receive RaftClientReply:client-374E982715CD->38ade514-2648-4754-90d8-f44d77982dc1@group-1FF9B6E207BB, cid=249, SUCCESS, logIndex=24, commits[38ade514-2648-4754-90d8-f44d77982dc1:c25, 8f746e8d-b680-4b6a-a953-f66a9ce24b31:c23, f6fe9082-6072-456e-9c3d-4d31cedb190c:c23]
2019-09-16 22:28:51,524 [grpc-default-executor-10] INFO  client.GrpcClientProtocolClient (GrpcClientProtocolClient.java:onNext(264)) - client-374E982715CD->38ade514-2648-4754-90d8-f44d77982dc1: receive RaftClientReply:client-374E982715CD->38ade514-2648-4754-90d8-f44d77982dc1@group-1FF9B6E207BB, cid=250, SUCCESS, logIndex=25, commits[38ade514-2648-4754-90d8-f44d77982dc1:c32, 8f746e8d-b680-4b6a-a953-f66a9ce24b31:c28, f6fe9082-6072-456e-9c3d-4d31cedb190c:c28]
2019-09-16 22:28:51,524 [grpc-default-executor-10] INFO  client.GrpcClientProtocolClient (GrpcClientProtocolClient.java:onNext(264)) - client-374E982715CD->38ade514-2648-4754-90d8-f44d77982dc1: receive RaftClientReply:client-374E982715CD->38ade514-2648-4754-90d8-f44d77982dc1@group-1FF9B6E207BB, cid=251, SUCCESS, logIndex=26, commits[38ade514-2648-4754-90d8-f44d77982dc1:c32, 8f746e8d-b680-4b6a-a953-f66a9ce24b31:c28, f6fe9082-6072-456e-9c3d-4d31cedb190c:c28]
2019-09-16 22:28:51,525 [grpc-default-executor-10] INFO  client.GrpcClientProtocolClient (GrpcClientProtocolClient.java:onNext(264)) - client-374E982715CD->38ade514-2648-4754-90d8-f44d77982dc1: receive RaftClientReply:client-374E982715CD->38ade514-2648-4754-90d8-f44d77982dc1@group-1FF9B6E207BB, cid=252, SUCCESS, logIndex=27, commits[38ade514-2648-4754-90d8-f44d77982dc1:c32, 8f746e8d-b680-4b6a-a953-f66a9ce24b31:c28, f6fe9082-6072-456e-9c3d-4d31cedb190c:c28]
2019-09-16 22:28:51,668 [grpc-default-executor-10] INFO  client.GrpcClientProtocolClient (GrpcClientProtocolClient.java:onNext(264)) - client-374E982715CD->38ade514-2648-4754-90d8-f44d77982dc1: receive RaftClientReply:client-374E982715CD->38ade514-2648-4754-90d8-f44d77982dc1@group-1FF9B6E207BB, cid=253, SUCCESS, logIndex=28, commits[38ade514-2648-4754-90d8-f44d77982dc1:c32, 8f746e8d-b680-4b6a-a953-f66a9ce24b31:c28, f6fe9082-6072-456e-9c3d-4d31cedb190c:c28]
]]></system-out>
  </testcase>
</testsuite>