<?xml version="1.0" encoding="UTF-8"?>
<testsuite xmlns:xsi="http://www.w3.org/2001/XMLSchema-instance" xsi:noNamespaceSchemaLocation="https://maven.apache.org/surefire/maven-surefire-plugin/xsd/surefire-test-report.xsd" name="org.apache.hadoop.ozone.client.rpc.TestContainerReplicationEndToEnd" time="27.275" tests="1" errors="1" skipped="0" failures="0">
  <properties>
    <property name="awt.toolkit" value="sun.awt.X11.XToolkit"/>
    <property name="file.encoding.pkg" value="sun.io"/>
    <property name="java.specification.version" value="1.8"/>
    <property name="sun.cpu.isalist" value=""/>
    <property name="sun.jnu.encoding" value="UTF-8"/>
    <property name="java.class.path" value="/workdir/hadoop-ozone/integration-test/target/test-classes:/workdir/hadoop-ozone/integration-test/target/classes:/home/user/.m2/repository/org/apache/hadoop/hadoop-ozone-common/0.5.0-SNAPSHOT/hadoop-ozone-common-0.5.0-SNAPSHOT.jar:/home/user/.m2/repository/org/apache/commons/commons-compress/1.4.1/commons-compress-1.4.1.jar:/home/user/.m2/repository/org/tukaani/xz/1.0/xz-1.0.jar:/home/user/.m2/repository/org/apache/hadoop/hadoop-common/3.2.0/hadoop-common-3.2.0.jar:/home/user/.m2/repository/org/apache/hadoop/hadoop-hdfs/3.2.0/hadoop-hdfs-3.2.0.jar:/home/user/.m2/repository/org/apache/hadoop/hadoop-hdfs-client/3.2.0/hadoop-hdfs-client-3.2.0.jar:/home/user/.m2/repository/com/fasterxml/jackson/core/jackson-annotations/2.9.5/jackson-annotations-2.9.5.jar:/home/user/.m2/repository/org/apache/hadoop/hadoop-hdds-common/0.5.0-SNAPSHOT/hadoop-hdds-common-0.5.0-SNAPSHOT.jar:/home/user/.m2/repository/javax/annotation/javax.annotation-api/1.2/javax.annotation-api-1.2.jar:/home/user/.m2/repository/org/apache/ratis/ratis-server/0.4.0-78e95b9-SNAPSHOT/ratis-server-0.4.0-78e95b9-SNAPSHOT.jar:/home/user/.m2/repository/org/apache/ratis/ratis-thirdparty-misc/0.2.0/ratis-thirdparty-misc-0.2.0.jar:/home/user/.m2/repository/org/apache/ratis/ratis-proto/0.4.0-78e95b9-SNAPSHOT/ratis-proto-0.4.0-78e95b9-SNAPSHOT.jar:/home/user/.m2/repository/org/apache/ratis/ratis-common/0.4.0-78e95b9-SNAPSHOT/ratis-common-0.4.0-78e95b9-SNAPSHOT.jar:/home/user/.m2/repository/org/apache/ratis/ratis-client/0.4.0-78e95b9-SNAPSHOT/ratis-client-0.4.0-78e95b9-SNAPSHOT.jar:/home/user/.m2/repository/org/apache/ratis/ratis-metrics/0.4.0-78e95b9-SNAPSHOT/ratis-metrics-0.4.0-78e95b9-SNAPSHOT.jar:/home/user/.m2/repository/com/github/joshelser/dropwizard-metrics-hadoop-metrics2-reporter/0.1.2/dropwizard-metrics-hadoop-metrics2-reporter-0.1.2.jar:/home/user/.m2/repository/io/dropwizard/metrics/metrics-jvm/3.2.5/metrics-jvm-3.2.5.jar:/home/user/.m2/repository/io/dropwizard/metrics/metrics-ganglia/3.2.5/metrics-ganglia-3.2.5.jar:/home/user/.m2/repository/info/ganglia/gmetric4j/gmetric4j/1.0.7/gmetric4j-1.0.7.jar:/home/user/.m2/repository/org/apache/ratis/ratis-netty/0.4.0-78e95b9-SNAPSHOT/ratis-netty-0.4.0-78e95b9-SNAPSHOT.jar:/home/user/.m2/repository/org/apache/ratis/ratis-grpc/0.4.0-78e95b9-SNAPSHOT/ratis-grpc-0.4.0-78e95b9-SNAPSHOT.jar:/home/user/.m2/repository/org/rocksdb/rocksdbjni/6.0.1/rocksdbjni-6.0.1.jar:/home/user/.m2/repository/org/apache/logging/log4j/log4j-api/2.11.0/log4j-api-2.11.0.jar:/home/user/.m2/repository/org/apache/logging/log4j/log4j-core/2.11.0/log4j-core-2.11.0.jar:/home/user/.m2/repository/com/lmax/disruptor/3.4.2/disruptor-3.4.2.jar:/home/user/.m2/repository/org/apache/commons/commons-pool2/2.6.0/commons-pool2-2.6.0.jar:/home/user/.m2/repository/org/bouncycastle/bcpkix-jdk15on/1.60/bcpkix-jdk15on-1.60.jar:/home/user/.m2/repository/commons-validator/commons-validator/1.6/commons-validator-1.6.jar:/home/user/.m2/repository/commons-digester/commons-digester/1.8.1/commons-digester-1.8.1.jar:/home/user/.m2/repository/io/jaegertracing/jaeger-client/0.33.1/jaeger-client-0.33.1.jar:/home/user/.m2/repository/io/jaegertracing/jaeger-thrift/0.33.1/jaeger-thrift-0.33.1.jar:/home/user/.m2/repository/org/apache/thrift/libthrift/0.11.0/libthrift-0.11.0.jar:/home/user/.m2/repository/com/squareup/okhttp3/okhttp/3.9.0/okhttp-3.9.0.jar:/home/user/.m2/repository/com/squareup/okio/okio/1.13.0/okio-1.13.0.jar:/home/user/.m2/repository/io/jaegertracing/jaeger-core/0.33.1/jaeger-core-0.33.1.jar:/home/user/.m2/repository/io/jaegertracing/jaeger-tracerresolver/0.33.1/jaeger-tracerresolver-0.33.1.jar:/home/user/.m2/repository/io/opentracing/contrib/opentracing-tracerresolver/0.1.5/opentracing-tracerresolver-0.1.5.jar:/home/user/.m2/repository/io/opentracing/opentracing-util/0.31.0/opentracing-util-0.31.0.jar:/home/user/.m2/repository/io/opentracing/opentracing-api/0.31.0/opentracing-api-0.31.0.jar:/home/user/.m2/repository/io/opentracing/opentracing-noop/0.31.0/opentracing-noop-0.31.0.jar:/home/user/.m2/repository/org/apache/hadoop/hadoop-hdds-server-framework/0.5.0-SNAPSHOT/hadoop-hdds-server-framework-0.5.0-SNAPSHOT.jar:/home/user/.m2/repository/org/apache/hadoop/hadoop-hdds-container-service/0.5.0-SNAPSHOT/hadoop-hdds-container-service-0.5.0-SNAPSHOT.jar:/home/user/.m2/repository/org/apache/hadoop/hadoop-hdds-client/0.5.0-SNAPSHOT/hadoop-hdds-client-0.5.0-SNAPSHOT.jar:/home/user/.m2/repository/org/apache/hadoop/hadoop-hdds-tools/0.5.0-SNAPSHOT/hadoop-hdds-tools-0.5.0-SNAPSHOT.jar:/home/user/.m2/repository/org/apache/hadoop/hadoop-hdds-server-scm/0.5.0-SNAPSHOT/hadoop-hdds-server-scm-0.5.0-SNAPSHOT.jar:/home/user/.m2/repository/org/apache/hadoop/hadoop-hdds-docs/0.5.0-SNAPSHOT/hadoop-hdds-docs-0.5.0-SNAPSHOT.jar:/home/user/.m2/repository/io/dropwizard/metrics/metrics-core/3.2.4/metrics-core-3.2.4.jar:/home/user/.m2/repository/org/hamcrest/hamcrest-all/1.3/hamcrest-all-1.3.jar:/home/user/.m2/repository/org/bouncycastle/bcprov-jdk15on/1.60/bcprov-jdk15on-1.60.jar:/home/user/.m2/repository/info/picocli/picocli/3.9.6/picocli-3.9.6.jar:/home/user/.m2/repository/com/google/protobuf/protobuf-java/2.5.0/protobuf-java-2.5.0.jar:/home/user/.m2/repository/com/google/guava/guava/11.0.2/guava-11.0.2.jar:/home/user/.m2/repository/org/apache/hadoop/hadoop-ozone-ozone-manager/0.5.0-SNAPSHOT/hadoop-ozone-ozone-manager-0.5.0-SNAPSHOT.jar:/home/user/.m2/repository/org/apache/hadoop/hadoop-minikdc/3.2.0/hadoop-minikdc-3.2.0.jar:/home/user/.m2/repository/commons-io/commons-io/2.5/commons-io-2.5.jar:/home/user/.m2/repository/org/apache/kerby/kerb-simplekdc/1.0.1/kerb-simplekdc-1.0.1.jar:/home/user/.m2/repository/org/apache/kerby/kerb-client/1.0.1/kerb-client-1.0.1.jar:/home/user/.m2/repository/org/apache/kerby/kerby-config/1.0.1/kerby-config-1.0.1.jar:/home/user/.m2/repository/org/apache/kerby/kerb-core/1.0.1/kerb-core-1.0.1.jar:/home/user/.m2/repository/org/apache/kerby/kerby-pkix/1.0.1/kerby-pkix-1.0.1.jar:/home/user/.m2/repository/org/apache/kerby/kerby-asn1/1.0.1/kerby-asn1-1.0.1.jar:/home/user/.m2/repository/org/apache/kerby/kerby-util/1.0.1/kerby-util-1.0.1.jar:/home/user/.m2/repository/org/apache/kerby/kerb-common/1.0.1/kerb-common-1.0.1.jar:/home/user/.m2/repository/org/apache/kerby/kerb-crypto/1.0.1/kerb-crypto-1.0.1.jar:/home/user/.m2/repository/org/apache/kerby/kerb-util/1.0.1/kerb-util-1.0.1.jar:/home/user/.m2/repository/org/apache/kerby/token-provider/1.0.1/token-provider-1.0.1.jar:/home/user/.m2/repository/org/apache/kerby/kerb-admin/1.0.1/kerb-admin-1.0.1.jar:/home/user/.m2/repository/org/apache/kerby/kerb-server/1.0.1/kerb-server-1.0.1.jar:/home/user/.m2/repository/org/apache/kerby/kerb-identity/1.0.1/kerb-identity-1.0.1.jar:/home/user/.m2/repository/org/apache/kerby/kerby-xdr/1.0.1/kerby-xdr-1.0.1.jar:/home/user/.m2/repository/org/slf4j/slf4j-log4j12/1.7.25/slf4j-log4j12-1.7.25.jar:/home/user/.m2/repository/org/apache/hadoop/hadoop-ozone-s3gateway/0.5.0-SNAPSHOT/hadoop-ozone-s3gateway-0.5.0-SNAPSHOT.jar:/home/user/.m2/repository/org/jboss/weld/servlet/weld-servlet/2.4.7.Final/weld-servlet-2.4.7.Final.jar:/home/user/.m2/repository/org/glassfish/jersey/containers/jersey-container-servlet-core/2.27/jersey-container-servlet-core-2.27.jar:/home/user/.m2/repository/org/glassfish/hk2/external/javax.inject/2.5.0-b42/javax.inject-2.5.0-b42.jar:/home/user/.m2/repository/org/glassfish/jersey/core/jersey-common/2.27/jersey-common-2.27.jar:/home/user/.m2/repository/org/glassfish/hk2/osgi-resource-locator/1.0.1/osgi-resource-locator-1.0.1.jar:/home/user/.m2/repository/javax/ws/rs/javax.ws.rs-api/2.1/javax.ws.rs-api-2.1.jar:/home/user/.m2/repository/org/glassfish/jersey/ext/cdi/jersey-cdi1x/2.27/jersey-cdi1x-2.27.jar:/home/user/.m2/repository/org/glassfish/jersey/inject/jersey-hk2/2.27/jersey-hk2-2.27.jar:/home/user/.m2/repository/org/glassfish/hk2/hk2-locator/2.5.0-b42/hk2-locator-2.5.0-b42.jar:/home/user/.m2/repository/org/javassist/javassist/3.22.0-CR2/javassist-3.22.0-CR2.jar:/home/user/.m2/repository/org/glassfish/hk2/hk2-api/2.5.0/hk2-api-2.5.0.jar:/home/user/.m2/repository/org/glassfish/hk2/external/jakarta.inject/2.5.0/jakarta.inject-2.5.0.jar:/home/user/.m2/repository/org/glassfish/hk2/hk2-utils/2.5.0/hk2-utils-2.5.0.jar:/home/user/.m2/repository/jakarta/annotation/jakarta.annotation-api/1.3.4/jakarta.annotation-api-1.3.4.jar:/home/user/.m2/repository/org/glassfish/hk2/external/aopalliance-repackaged/2.5.0/aopalliance-repackaged-2.5.0.jar:/home/user/.m2/repository/com/fasterxml/jackson/dataformat/jackson-dataformat-xml/2.9.0/jackson-dataformat-xml-2.9.0.jar:/home/user/.m2/repository/com/fasterxml/jackson/core/jackson-core/2.9.5/jackson-core-2.9.5.jar:/home/user/.m2/repository/com/fasterxml/jackson/module/jackson-module-jaxb-annotations/2.9.5/jackson-module-jaxb-annotations-2.9.5.jar:/home/user/.m2/repository/javax/enterprise/cdi-api/1.2/cdi-api-1.2.jar:/home/user/.m2/repository/javax/el/javax.el-api/3.0.0/javax.el-api-3.0.0.jar:/home/user/.m2/repository/javax/interceptor/javax.interceptor-api/1.2/javax.interceptor-api-1.2.jar:/home/user/.m2/repository/javax/inject/javax.inject/1/javax.inject-1.jar:/home/user/.m2/repository/com/sun/xml/bind/jaxb-impl/2.3.0.1/jaxb-impl-2.3.0.1.jar:/home/user/.m2/repository/com/sun/xml/bind/jaxb-core/2.3.0.1/jaxb-core-2.3.0.1.jar:/home/user/.m2/repository/javax/xml/bind/jaxb-api/2.3.0/jaxb-api-2.3.0.jar:/home/user/.m2/repository/javax/activation/activation/1.1.1/activation-1.1.1.jar:/home/user/.m2/repository/org/apache/hadoop/hadoop-ozone-csi/0.5.0-SNAPSHOT/hadoop-ozone-csi-0.5.0-SNAPSHOT.jar:/home/user/.m2/repository/com/google/protobuf/protobuf-java-util/3.5.1/protobuf-java-util-3.5.1.jar:/home/user/.m2/repository/org/apache/hadoop/hadoop-hdds-config/0.5.0-SNAPSHOT/hadoop-hdds-config-0.5.0-SNAPSHOT.jar:/home/user/.m2/repository/io/grpc/grpc-netty/1.17.1/grpc-netty-1.17.1.jar:/home/user/.m2/repository/io/grpc/grpc-core/1.17.1/grpc-core-1.17.1.jar:/home/user/.m2/repository/io/grpc/grpc-context/1.17.1/grpc-context-1.17.1.jar:/home/user/.m2/repository/com/google/errorprone/error_prone_annotations/2.2.0/error_prone_annotations-2.2.0.jar:/home/user/.m2/repository/org/codehaus/mojo/animal-sniffer-annotations/1.17/animal-sniffer-annotations-1.17.jar:/home/user/.m2/repository/io/opencensus/opencensus-api/0.17.0/opencensus-api-0.17.0.jar:/home/user/.m2/repository/io/opencensus/opencensus-contrib-grpc-metrics/0.17.0/opencensus-contrib-grpc-metrics-0.17.0.jar:/home/user/.m2/repository/io/netty/netty-codec-http2/4.1.30.Final/netty-codec-http2-4.1.30.Final.jar:/home/user/.m2/repository/io/netty/netty-codec-http/4.1.30.Final/netty-codec-http-4.1.30.Final.jar:/home/user/.m2/repository/io/netty/netty-codec/4.1.30.Final/netty-codec-4.1.30.Final.jar:/home/user/.m2/repository/io/netty/netty-handler/4.1.30.Final/netty-handler-4.1.30.Final.jar:/home/user/.m2/repository/io/netty/netty-handler-proxy/4.1.30.Final/netty-handler-proxy-4.1.30.Final.jar:/home/user/.m2/repository/io/netty/netty-codec-socks/4.1.30.Final/netty-codec-socks-4.1.30.Final.jar:/home/user/.m2/repository/io/netty/netty-transport-native-epoll/4.1.30.Final/netty-transport-native-epoll-4.1.30.Final.jar:/home/user/.m2/repository/io/netty/netty-common/4.1.30.Final/netty-common-4.1.30.Final.jar:/home/user/.m2/repository/io/netty/netty-buffer/4.1.30.Final/netty-buffer-4.1.30.Final.jar:/home/user/.m2/repository/io/netty/netty-transport/4.1.30.Final/netty-transport-4.1.30.Final.jar:/home/user/.m2/repository/io/netty/netty-resolver/4.1.30.Final/netty-resolver-4.1.30.Final.jar:/home/user/.m2/repository/io/netty/netty-transport-native-unix-common/4.1.30.Final/netty-transport-native-unix-common-4.1.30.Final.jar:/home/user/.m2/repository/io/grpc/grpc-protobuf/1.17.1/grpc-protobuf-1.17.1.jar:/home/user/.m2/repository/com/google/api/grpc/proto-google-common-protos/1.0.0/proto-google-common-protos-1.0.0.jar:/home/user/.m2/repository/io/grpc/grpc-protobuf-lite/1.17.1/grpc-protobuf-lite-1.17.1.jar:/home/user/.m2/repository/io/grpc/grpc-stub/1.17.1/grpc-stub-1.17.1.jar:/home/user/.m2/repository/org/apache/hadoop/hadoop-ozone-recon/0.5.0-SNAPSHOT/hadoop-ozone-recon-0.5.0-SNAPSHOT.jar:/home/user/.m2/repository/org/apache/hadoop/hadoop-ozone-reconcodegen/0.5.0-SNAPSHOT/hadoop-ozone-reconcodegen-0.5.0-SNAPSHOT.jar:/home/user/.m2/repository/com/google/inject/extensions/guice-multibindings/4.0/guice-multibindings-4.0.jar:/home/user/.m2/repository/com/google/inject/guice/4.0/guice-4.0.jar:/home/user/.m2/repository/aopalliance/aopalliance/1.0/aopalliance-1.0.jar:/home/user/.m2/repository/com/google/inject/extensions/guice-servlet/4.0/guice-servlet-4.0.jar:/home/user/.m2/repository/org/glassfish/jersey/containers/jersey-container-servlet/2.27/jersey-container-servlet-2.27.jar:/home/user/.m2/repository/org/glassfish/hk2/guice-bridge/2.5.0/guice-bridge-2.5.0.jar:/home/user/.m2/repository/org/glassfish/jersey/core/jersey-server/2.27/jersey-server-2.27.jar:/home/user/.m2/repository/org/glassfish/jersey/core/jersey-client/2.27/jersey-client-2.27.jar:/home/user/.m2/repository/org/glassfish/jersey/media/jersey-media-jaxb/2.27/jersey-media-jaxb-2.27.jar:/home/user/.m2/repository/javax/validation/validation-api/1.1.0.Final/validation-api-1.1.0.Final.jar:/home/user/.m2/repository/org/glassfish/jersey/media/jersey-media-json-jackson/2.27/jersey-media-json-jackson-2.27.jar:/home/user/.m2/repository/org/glassfish/jersey/ext/jersey-entity-filtering/2.27/jersey-entity-filtering-2.27.jar:/home/user/.m2/repository/com/google/inject/extensions/guice-assistedinject/4.0/guice-assistedinject-4.0.jar:/home/user/.m2/repository/org/jooq/jooq/3.11.10/jooq-3.11.10.jar:/home/user/.m2/repository/org/jooq/jooq-meta/3.11.10/jooq-meta-3.11.10.jar:/home/user/.m2/repository/org/jooq/jooq-codegen/3.11.10/jooq-codegen-3.11.10.jar:/home/user/.m2/repository/com/jolbox/bonecp/0.8.0.RELEASE/bonecp-0.8.0.RELEASE.jar:/home/user/.m2/repository/org/xerial/sqlite-jdbc/3.25.2/sqlite-jdbc-3.25.2.jar:/home/user/.m2/repository/org/springframework/spring-jdbc/5.1.3.RELEASE/spring-jdbc-5.1.3.RELEASE.jar:/home/user/.m2/repository/org/springframework/spring-beans/5.1.3.RELEASE/spring-beans-5.1.3.RELEASE.jar:/home/user/.m2/repository/org/springframework/spring-core/5.1.3.RELEASE/spring-core-5.1.3.RELEASE.jar:/home/user/.m2/repository/org/springframework/spring-jcl/5.1.3.RELEASE/spring-jcl-5.1.3.RELEASE.jar:/home/user/.m2/repository/org/springframework/spring-tx/5.1.3.RELEASE/spring-tx-5.1.3.RELEASE.jar:/home/user/.m2/repository/org/apache/hadoop/hadoop-ozone-client/0.5.0-SNAPSHOT/hadoop-ozone-client-0.5.0-SNAPSHOT.jar:/home/user/.m2/repository/commons-lang/commons-lang/2.6/commons-lang-2.6.jar:/home/user/.m2/repository/org/apache/hadoop/hadoop-ozone-ozone-manager/0.5.0-SNAPSHOT/hadoop-ozone-ozone-manager-0.5.0-SNAPSHOT-tests.jar:/home/user/.m2/repository/junit/junit/4.11/junit-4.11.jar:/home/user/.m2/repository/org/hamcrest/hamcrest-core/1.3/hamcrest-core-1.3.jar:/home/user/.m2/repository/org/openjdk/jmh/jmh-core/1.19/jmh-core-1.19.jar:/home/user/.m2/repository/net/sf/jopt-simple/jopt-simple/4.6/jopt-simple-4.6.jar:/home/user/.m2/repository/org/apache/commons/commons-math3/3.1.1/commons-math3-3.1.1.jar:/home/user/.m2/repository/org/openjdk/jmh/jmh-generator-annprocess/1.19/jmh-generator-annprocess-1.19.jar:/home/user/.m2/repository/org/mockito/mockito-all/1.8.5/mockito-all-1.8.5.jar:/home/user/.m2/repository/org/apache/hadoop/hadoop-kms/3.2.0/hadoop-kms-3.2.0.jar:/home/user/.m2/repository/org/apache/hadoop/hadoop-auth/3.2.0/hadoop-auth-3.2.0.jar:/home/user/.m2/repository/com/nimbusds/nimbus-jose-jwt/4.41.1/nimbus-jose-jwt-4.41.1.jar:/home/user/.m2/repository/com/github/stephenc/jcip/jcip-annotations/1.0-1/jcip-annotations-1.0-1.jar:/home/user/.m2/repository/net/minidev/json-smart/2.3/json-smart-2.3.jar:/home/user/.m2/repository/net/minidev/accessors-smart/1.2/accessors-smart-1.2.jar:/home/user/.m2/repository/org/ow2/asm/asm/5.0.4/asm-5.0.4.jar:/home/user/.m2/repository/org/apache/curator/curator-framework/2.12.0/curator-framework-2.12.0.jar:/home/user/.m2/repository/com/sun/jersey/jersey-core/1.19/jersey-core-1.19.jar:/home/user/.m2/repository/javax/ws/rs/jsr311-api/1.1.1/jsr311-api-1.1.1.jar:/home/user/.m2/repository/com/sun/jersey/jersey-server/1.19/jersey-server-1.19.jar:/home/user/.m2/repository/javax/servlet/javax.servlet-api/3.1.0/javax.servlet-api-3.1.0.jar:/home/user/.m2/repository/org/eclipse/jetty/jetty-server/9.3.24.v20180605/jetty-server-9.3.24.v20180605.jar:/home/user/.m2/repository/org/eclipse/jetty/jetty-http/9.3.24.v20180605/jetty-http-9.3.24.v20180605.jar:/home/user/.m2/repository/org/eclipse/jetty/jetty-io/9.3.24.v20180605/jetty-io-9.3.24.v20180605.jar:/home/user/.m2/repository/org/eclipse/jetty/jetty-webapp/9.3.24.v20180605/jetty-webapp-9.3.24.v20180605.jar:/home/user/.m2/repository/org/eclipse/jetty/jetty-xml/9.3.24.v20180605/jetty-xml-9.3.24.v20180605.jar:/home/user/.m2/repository/log4j/log4j/1.2.17/log4j-1.2.17.jar:/home/user/.m2/repository/org/slf4j/slf4j-api/1.7.25/slf4j-api-1.7.25.jar:/home/user/.m2/repository/org/slf4j/jul-to-slf4j/1.7.25/jul-to-slf4j-1.7.25.jar:/home/user/.m2/repository/org/eclipse/jetty/jetty-util/9.3.24.v20180605/jetty-util-9.3.24.v20180605.jar:/home/user/.m2/repository/com/fasterxml/jackson/core/jackson-databind/2.9.5/jackson-databind-2.9.5.jar:/home/user/.m2/repository/org/apache/hadoop/hadoop-kms/3.2.0/hadoop-kms-3.2.0-tests.jar:/home/user/.m2/repository/org/apache/hadoop/hadoop-hdds-server-scm/0.5.0-SNAPSHOT/hadoop-hdds-server-scm-0.5.0-SNAPSHOT-tests.jar:/home/user/.m2/repository/org/apache/hadoop/hadoop-hdds-container-service/0.5.0-SNAPSHOT/hadoop-hdds-container-service-0.5.0-SNAPSHOT-tests.jar:/home/user/.m2/repository/org/yaml/snakeyaml/1.16/snakeyaml-1.16.jar:/home/user/.m2/repository/org/apache/hadoop/hadoop-common/3.2.0/hadoop-common-3.2.0-tests.jar:/home/user/.m2/repository/org/apache/hadoop/hadoop-annotations/3.2.0/hadoop-annotations-3.2.0.jar:/usr/lib/jvm/java-1.8-openjdk/jre/../lib/tools.jar:/home/user/.m2/repository/commons-cli/commons-cli/1.2/commons-cli-1.2.jar:/home/user/.m2/repository/org/apache/httpcomponents/httpclient/4.5.2/httpclient-4.5.2.jar:/home/user/.m2/repository/org/apache/httpcomponents/httpcore/4.4.4/httpcore-4.4.4.jar:/home/user/.m2/repository/commons-codec/commons-codec/1.11/commons-codec-1.11.jar:/home/user/.m2/repository/commons-net/commons-net/3.6/commons-net-3.6.jar:/home/user/.m2/repository/commons-collections/commons-collections/3.2.2/commons-collections-3.2.2.jar:/home/user/.m2/repository/org/eclipse/jetty/jetty-servlet/9.3.24.v20180605/jetty-servlet-9.3.24.v20180605.jar:/home/user/.m2/repository/org/eclipse/jetty/jetty-security/9.3.24.v20180605/jetty-security-9.3.24.v20180605.jar:/home/user/.m2/repository/javax/servlet/jsp/jsp-api/2.1/jsp-api-2.1.jar:/home/user/.m2/repository/com/sun/jersey/jersey-servlet/1.19/jersey-servlet-1.19.jar:/home/user/.m2/repository/com/sun/jersey/jersey-json/1.19/jersey-json-1.19.jar:/home/user/.m2/repository/org/codehaus/jettison/jettison/1.1/jettison-1.1.jar:/home/user/.m2/repository/org/codehaus/jackson/jackson-core-asl/1.9.13/jackson-core-asl-1.9.13.jar:/home/user/.m2/repository/org/codehaus/jackson/jackson-mapper-asl/1.9.13/jackson-mapper-asl-1.9.13.jar:/home/user/.m2/repository/org/codehaus/jackson/jackson-jaxrs/1.9.13/jackson-jaxrs-1.9.13.jar:/home/user/.m2/repository/org/codehaus/jackson/jackson-xc/1.9.13/jackson-xc-1.9.13.jar:/home/user/.m2/repository/commons-logging/commons-logging/1.1.3/commons-logging-1.1.3.jar:/home/user/.m2/repository/commons-beanutils/commons-beanutils/1.9.3/commons-beanutils-1.9.3.jar:/home/user/.m2/repository/org/apache/commons/commons-configuration2/2.1.1/commons-configuration2-2.1.1.jar:/home/user/.m2/repository/org/apache/commons/commons-lang3/3.7/commons-lang3-3.7.jar:/home/user/.m2/repository/org/apache/commons/commons-text/1.4/commons-text-1.4.jar:/home/user/.m2/repository/org/apache/avro/avro/1.7.7/avro-1.7.7.jar:/home/user/.m2/repository/com/thoughtworks/paranamer/paranamer/2.3/paranamer-2.3.jar:/home/user/.m2/repository/org/xerial/snappy/snappy-java/1.0.5/snappy-java-1.0.5.jar:/home/user/.m2/repository/com/google/re2j/re2j/1.1/re2j-1.1.jar:/home/user/.m2/repository/com/google/code/gson/gson/2.2.4/gson-2.2.4.jar:/home/user/.m2/repository/com/jcraft/jsch/0.1.54/jsch-0.1.54.jar:/home/user/.m2/repository/org/apache/curator/curator-client/2.12.0/curator-client-2.12.0.jar:/home/user/.m2/repository/org/apache/curator/curator-recipes/2.12.0/curator-recipes-2.12.0.jar:/home/user/.m2/repository/com/google/code/findbugs/jsr305/3.0.0/jsr305-3.0.0.jar:/home/user/.m2/repository/org/apache/htrace/htrace-core4/4.1.0-incubating/htrace-core4-4.1.0-incubating.jar:/home/user/.m2/repository/org/apache/zookeeper/zookeeper/3.4.13/zookeeper-3.4.13.jar:/home/user/.m2/repository/org/apache/yetus/audience-annotations/0.5.0/audience-annotations-0.5.0.jar:/home/user/.m2/repository/org/codehaus/woodstox/stax2-api/3.1.4/stax2-api-3.1.4.jar:/home/user/.m2/repository/com/fasterxml/woodstox/woodstox-core/5.0.3/woodstox-core-5.0.3.jar:/home/user/.m2/repository/dnsjava/dnsjava/2.1.7/dnsjava-2.1.7.jar:/home/user/.m2/repository/org/apache/hadoop/hadoop-hdfs/3.2.0/hadoop-hdfs-3.2.0-tests.jar:/home/user/.m2/repository/org/eclipse/jetty/jetty-util-ajax/9.3.24.v20180605/jetty-util-ajax-9.3.24.v20180605.jar:/home/user/.m2/repository/commons-daemon/commons-daemon/1.0.13/commons-daemon-1.0.13.jar:/home/user/.m2/repository/io/netty/netty/3.10.5.Final/netty-3.10.5.Final.jar:/home/user/.m2/repository/io/netty/netty-all/4.0.52.Final/netty-all-4.0.52.Final.jar:/home/user/.m2/repository/org/fusesource/leveldbjni/leveldbjni-all/1.8/leveldbjni-all-1.8.jar:"/>
    <property name="java.vm.vendor" value="IcedTea"/>
    <property name="sun.arch.data.model" value="64"/>
    <property name="test.build.dir" value="/workdir/hadoop-ozone/integration-test/target/test-dir"/>
    <property name="test.cache.data" value=""/>
    <property name="java.vendor.url" value="https://icedtea.classpath.org"/>
    <property name="user.timezone" value=""/>
    <property name="java.vm.specification.version" value="1.8"/>
    <property name="os.name" value="Linux"/>
    <property name="test.build.data" value="/workdir/hadoop-ozone/integration-test/target/test-dir"/>
    <property name="user.country" value="US"/>
    <property name="sun.java.launcher" value="SUN_STANDARD"/>
    <property name="sun.boot.library.path" value="/usr/lib/jvm/java-1.8-openjdk/jre/lib/amd64"/>
    <property name="sun.java.command" value="/workdir/hadoop-ozone/integration-test/target/surefire/surefirebooter7990336570955886406.jar /workdir/hadoop-ozone/integration-test/target/surefire 2019-09-16T20-38-10_095-jvmRun1 surefire4024259594990851926tmp surefire_71591698416132365738tmp"/>
    <property name="test" value="!TestMiniChaosOzoneCluster"/>
    <property name="surefire.test.class.path" value="/workdir/hadoop-ozone/integration-test/target/test-classes:/workdir/hadoop-ozone/integration-test/target/classes:/home/user/.m2/repository/org/apache/hadoop/hadoop-ozone-common/0.5.0-SNAPSHOT/hadoop-ozone-common-0.5.0-SNAPSHOT.jar:/home/user/.m2/repository/org/apache/commons/commons-compress/1.4.1/commons-compress-1.4.1.jar:/home/user/.m2/repository/org/tukaani/xz/1.0/xz-1.0.jar:/home/user/.m2/repository/org/apache/hadoop/hadoop-common/3.2.0/hadoop-common-3.2.0.jar:/home/user/.m2/repository/org/apache/hadoop/hadoop-hdfs/3.2.0/hadoop-hdfs-3.2.0.jar:/home/user/.m2/repository/org/apache/hadoop/hadoop-hdfs-client/3.2.0/hadoop-hdfs-client-3.2.0.jar:/home/user/.m2/repository/com/fasterxml/jackson/core/jackson-annotations/2.9.5/jackson-annotations-2.9.5.jar:/home/user/.m2/repository/org/apache/hadoop/hadoop-hdds-common/0.5.0-SNAPSHOT/hadoop-hdds-common-0.5.0-SNAPSHOT.jar:/home/user/.m2/repository/javax/annotation/javax.annotation-api/1.2/javax.annotation-api-1.2.jar:/home/user/.m2/repository/org/apache/ratis/ratis-server/0.4.0-78e95b9-SNAPSHOT/ratis-server-0.4.0-78e95b9-SNAPSHOT.jar:/home/user/.m2/repository/org/apache/ratis/ratis-thirdparty-misc/0.2.0/ratis-thirdparty-misc-0.2.0.jar:/home/user/.m2/repository/org/apache/ratis/ratis-proto/0.4.0-78e95b9-SNAPSHOT/ratis-proto-0.4.0-78e95b9-SNAPSHOT.jar:/home/user/.m2/repository/org/apache/ratis/ratis-common/0.4.0-78e95b9-SNAPSHOT/ratis-common-0.4.0-78e95b9-SNAPSHOT.jar:/home/user/.m2/repository/org/apache/ratis/ratis-client/0.4.0-78e95b9-SNAPSHOT/ratis-client-0.4.0-78e95b9-SNAPSHOT.jar:/home/user/.m2/repository/org/apache/ratis/ratis-metrics/0.4.0-78e95b9-SNAPSHOT/ratis-metrics-0.4.0-78e95b9-SNAPSHOT.jar:/home/user/.m2/repository/com/github/joshelser/dropwizard-metrics-hadoop-metrics2-reporter/0.1.2/dropwizard-metrics-hadoop-metrics2-reporter-0.1.2.jar:/home/user/.m2/repository/io/dropwizard/metrics/metrics-jvm/3.2.5/metrics-jvm-3.2.5.jar:/home/user/.m2/repository/io/dropwizard/metrics/metrics-ganglia/3.2.5/metrics-ganglia-3.2.5.jar:/home/user/.m2/repository/info/ganglia/gmetric4j/gmetric4j/1.0.7/gmetric4j-1.0.7.jar:/home/user/.m2/repository/org/apache/ratis/ratis-netty/0.4.0-78e95b9-SNAPSHOT/ratis-netty-0.4.0-78e95b9-SNAPSHOT.jar:/home/user/.m2/repository/org/apache/ratis/ratis-grpc/0.4.0-78e95b9-SNAPSHOT/ratis-grpc-0.4.0-78e95b9-SNAPSHOT.jar:/home/user/.m2/repository/org/rocksdb/rocksdbjni/6.0.1/rocksdbjni-6.0.1.jar:/home/user/.m2/repository/org/apache/logging/log4j/log4j-api/2.11.0/log4j-api-2.11.0.jar:/home/user/.m2/repository/org/apache/logging/log4j/log4j-core/2.11.0/log4j-core-2.11.0.jar:/home/user/.m2/repository/com/lmax/disruptor/3.4.2/disruptor-3.4.2.jar:/home/user/.m2/repository/org/apache/commons/commons-pool2/2.6.0/commons-pool2-2.6.0.jar:/home/user/.m2/repository/org/bouncycastle/bcpkix-jdk15on/1.60/bcpkix-jdk15on-1.60.jar:/home/user/.m2/repository/commons-validator/commons-validator/1.6/commons-validator-1.6.jar:/home/user/.m2/repository/commons-digester/commons-digester/1.8.1/commons-digester-1.8.1.jar:/home/user/.m2/repository/io/jaegertracing/jaeger-client/0.33.1/jaeger-client-0.33.1.jar:/home/user/.m2/repository/io/jaegertracing/jaeger-thrift/0.33.1/jaeger-thrift-0.33.1.jar:/home/user/.m2/repository/org/apache/thrift/libthrift/0.11.0/libthrift-0.11.0.jar:/home/user/.m2/repository/com/squareup/okhttp3/okhttp/3.9.0/okhttp-3.9.0.jar:/home/user/.m2/repository/com/squareup/okio/okio/1.13.0/okio-1.13.0.jar:/home/user/.m2/repository/io/jaegertracing/jaeger-core/0.33.1/jaeger-core-0.33.1.jar:/home/user/.m2/repository/io/jaegertracing/jaeger-tracerresolver/0.33.1/jaeger-tracerresolver-0.33.1.jar:/home/user/.m2/repository/io/opentracing/contrib/opentracing-tracerresolver/0.1.5/opentracing-tracerresolver-0.1.5.jar:/home/user/.m2/repository/io/opentracing/opentracing-util/0.31.0/opentracing-util-0.31.0.jar:/home/user/.m2/repository/io/opentracing/opentracing-api/0.31.0/opentracing-api-0.31.0.jar:/home/user/.m2/repository/io/opentracing/opentracing-noop/0.31.0/opentracing-noop-0.31.0.jar:/home/user/.m2/repository/org/apache/hadoop/hadoop-hdds-server-framework/0.5.0-SNAPSHOT/hadoop-hdds-server-framework-0.5.0-SNAPSHOT.jar:/home/user/.m2/repository/org/apache/hadoop/hadoop-hdds-container-service/0.5.0-SNAPSHOT/hadoop-hdds-container-service-0.5.0-SNAPSHOT.jar:/home/user/.m2/repository/org/apache/hadoop/hadoop-hdds-client/0.5.0-SNAPSHOT/hadoop-hdds-client-0.5.0-SNAPSHOT.jar:/home/user/.m2/repository/org/apache/hadoop/hadoop-hdds-tools/0.5.0-SNAPSHOT/hadoop-hdds-tools-0.5.0-SNAPSHOT.jar:/home/user/.m2/repository/org/apache/hadoop/hadoop-hdds-server-scm/0.5.0-SNAPSHOT/hadoop-hdds-server-scm-0.5.0-SNAPSHOT.jar:/home/user/.m2/repository/org/apache/hadoop/hadoop-hdds-docs/0.5.0-SNAPSHOT/hadoop-hdds-docs-0.5.0-SNAPSHOT.jar:/home/user/.m2/repository/io/dropwizard/metrics/metrics-core/3.2.4/metrics-core-3.2.4.jar:/home/user/.m2/repository/org/hamcrest/hamcrest-all/1.3/hamcrest-all-1.3.jar:/home/user/.m2/repository/org/bouncycastle/bcprov-jdk15on/1.60/bcprov-jdk15on-1.60.jar:/home/user/.m2/repository/info/picocli/picocli/3.9.6/picocli-3.9.6.jar:/home/user/.m2/repository/com/google/protobuf/protobuf-java/2.5.0/protobuf-java-2.5.0.jar:/home/user/.m2/repository/com/google/guava/guava/11.0.2/guava-11.0.2.jar:/home/user/.m2/repository/org/apache/hadoop/hadoop-ozone-ozone-manager/0.5.0-SNAPSHOT/hadoop-ozone-ozone-manager-0.5.0-SNAPSHOT.jar:/home/user/.m2/repository/org/apache/hadoop/hadoop-minikdc/3.2.0/hadoop-minikdc-3.2.0.jar:/home/user/.m2/repository/commons-io/commons-io/2.5/commons-io-2.5.jar:/home/user/.m2/repository/org/apache/kerby/kerb-simplekdc/1.0.1/kerb-simplekdc-1.0.1.jar:/home/user/.m2/repository/org/apache/kerby/kerb-client/1.0.1/kerb-client-1.0.1.jar:/home/user/.m2/repository/org/apache/kerby/kerby-config/1.0.1/kerby-config-1.0.1.jar:/home/user/.m2/repository/org/apache/kerby/kerb-core/1.0.1/kerb-core-1.0.1.jar:/home/user/.m2/repository/org/apache/kerby/kerby-pkix/1.0.1/kerby-pkix-1.0.1.jar:/home/user/.m2/repository/org/apache/kerby/kerby-asn1/1.0.1/kerby-asn1-1.0.1.jar:/home/user/.m2/repository/org/apache/kerby/kerby-util/1.0.1/kerby-util-1.0.1.jar:/home/user/.m2/repository/org/apache/kerby/kerb-common/1.0.1/kerb-common-1.0.1.jar:/home/user/.m2/repository/org/apache/kerby/kerb-crypto/1.0.1/kerb-crypto-1.0.1.jar:/home/user/.m2/repository/org/apache/kerby/kerb-util/1.0.1/kerb-util-1.0.1.jar:/home/user/.m2/repository/org/apache/kerby/token-provider/1.0.1/token-provider-1.0.1.jar:/home/user/.m2/repository/org/apache/kerby/kerb-admin/1.0.1/kerb-admin-1.0.1.jar:/home/user/.m2/repository/org/apache/kerby/kerb-server/1.0.1/kerb-server-1.0.1.jar:/home/user/.m2/repository/org/apache/kerby/kerb-identity/1.0.1/kerb-identity-1.0.1.jar:/home/user/.m2/repository/org/apache/kerby/kerby-xdr/1.0.1/kerby-xdr-1.0.1.jar:/home/user/.m2/repository/org/slf4j/slf4j-log4j12/1.7.25/slf4j-log4j12-1.7.25.jar:/home/user/.m2/repository/org/apache/hadoop/hadoop-ozone-s3gateway/0.5.0-SNAPSHOT/hadoop-ozone-s3gateway-0.5.0-SNAPSHOT.jar:/home/user/.m2/repository/org/jboss/weld/servlet/weld-servlet/2.4.7.Final/weld-servlet-2.4.7.Final.jar:/home/user/.m2/repository/org/glassfish/jersey/containers/jersey-container-servlet-core/2.27/jersey-container-servlet-core-2.27.jar:/home/user/.m2/repository/org/glassfish/hk2/external/javax.inject/2.5.0-b42/javax.inject-2.5.0-b42.jar:/home/user/.m2/repository/org/glassfish/jersey/core/jersey-common/2.27/jersey-common-2.27.jar:/home/user/.m2/repository/org/glassfish/hk2/osgi-resource-locator/1.0.1/osgi-resource-locator-1.0.1.jar:/home/user/.m2/repository/javax/ws/rs/javax.ws.rs-api/2.1/javax.ws.rs-api-2.1.jar:/home/user/.m2/repository/org/glassfish/jersey/ext/cdi/jersey-cdi1x/2.27/jersey-cdi1x-2.27.jar:/home/user/.m2/repository/org/glassfish/jersey/inject/jersey-hk2/2.27/jersey-hk2-2.27.jar:/home/user/.m2/repository/org/glassfish/hk2/hk2-locator/2.5.0-b42/hk2-locator-2.5.0-b42.jar:/home/user/.m2/repository/org/javassist/javassist/3.22.0-CR2/javassist-3.22.0-CR2.jar:/home/user/.m2/repository/org/glassfish/hk2/hk2-api/2.5.0/hk2-api-2.5.0.jar:/home/user/.m2/repository/org/glassfish/hk2/external/jakarta.inject/2.5.0/jakarta.inject-2.5.0.jar:/home/user/.m2/repository/org/glassfish/hk2/hk2-utils/2.5.0/hk2-utils-2.5.0.jar:/home/user/.m2/repository/jakarta/annotation/jakarta.annotation-api/1.3.4/jakarta.annotation-api-1.3.4.jar:/home/user/.m2/repository/org/glassfish/hk2/external/aopalliance-repackaged/2.5.0/aopalliance-repackaged-2.5.0.jar:/home/user/.m2/repository/com/fasterxml/jackson/dataformat/jackson-dataformat-xml/2.9.0/jackson-dataformat-xml-2.9.0.jar:/home/user/.m2/repository/com/fasterxml/jackson/core/jackson-core/2.9.5/jackson-core-2.9.5.jar:/home/user/.m2/repository/com/fasterxml/jackson/module/jackson-module-jaxb-annotations/2.9.5/jackson-module-jaxb-annotations-2.9.5.jar:/home/user/.m2/repository/javax/enterprise/cdi-api/1.2/cdi-api-1.2.jar:/home/user/.m2/repository/javax/el/javax.el-api/3.0.0/javax.el-api-3.0.0.jar:/home/user/.m2/repository/javax/interceptor/javax.interceptor-api/1.2/javax.interceptor-api-1.2.jar:/home/user/.m2/repository/javax/inject/javax.inject/1/javax.inject-1.jar:/home/user/.m2/repository/com/sun/xml/bind/jaxb-impl/2.3.0.1/jaxb-impl-2.3.0.1.jar:/home/user/.m2/repository/com/sun/xml/bind/jaxb-core/2.3.0.1/jaxb-core-2.3.0.1.jar:/home/user/.m2/repository/javax/xml/bind/jaxb-api/2.3.0/jaxb-api-2.3.0.jar:/home/user/.m2/repository/javax/activation/activation/1.1.1/activation-1.1.1.jar:/home/user/.m2/repository/org/apache/hadoop/hadoop-ozone-csi/0.5.0-SNAPSHOT/hadoop-ozone-csi-0.5.0-SNAPSHOT.jar:/home/user/.m2/repository/com/google/protobuf/protobuf-java-util/3.5.1/protobuf-java-util-3.5.1.jar:/home/user/.m2/repository/org/apache/hadoop/hadoop-hdds-config/0.5.0-SNAPSHOT/hadoop-hdds-config-0.5.0-SNAPSHOT.jar:/home/user/.m2/repository/io/grpc/grpc-netty/1.17.1/grpc-netty-1.17.1.jar:/home/user/.m2/repository/io/grpc/grpc-core/1.17.1/grpc-core-1.17.1.jar:/home/user/.m2/repository/io/grpc/grpc-context/1.17.1/grpc-context-1.17.1.jar:/home/user/.m2/repository/com/google/errorprone/error_prone_annotations/2.2.0/error_prone_annotations-2.2.0.jar:/home/user/.m2/repository/org/codehaus/mojo/animal-sniffer-annotations/1.17/animal-sniffer-annotations-1.17.jar:/home/user/.m2/repository/io/opencensus/opencensus-api/0.17.0/opencensus-api-0.17.0.jar:/home/user/.m2/repository/io/opencensus/opencensus-contrib-grpc-metrics/0.17.0/opencensus-contrib-grpc-metrics-0.17.0.jar:/home/user/.m2/repository/io/netty/netty-codec-http2/4.1.30.Final/netty-codec-http2-4.1.30.Final.jar:/home/user/.m2/repository/io/netty/netty-codec-http/4.1.30.Final/netty-codec-http-4.1.30.Final.jar:/home/user/.m2/repository/io/netty/netty-codec/4.1.30.Final/netty-codec-4.1.30.Final.jar:/home/user/.m2/repository/io/netty/netty-handler/4.1.30.Final/netty-handler-4.1.30.Final.jar:/home/user/.m2/repository/io/netty/netty-handler-proxy/4.1.30.Final/netty-handler-proxy-4.1.30.Final.jar:/home/user/.m2/repository/io/netty/netty-codec-socks/4.1.30.Final/netty-codec-socks-4.1.30.Final.jar:/home/user/.m2/repository/io/netty/netty-transport-native-epoll/4.1.30.Final/netty-transport-native-epoll-4.1.30.Final.jar:/home/user/.m2/repository/io/netty/netty-common/4.1.30.Final/netty-common-4.1.30.Final.jar:/home/user/.m2/repository/io/netty/netty-buffer/4.1.30.Final/netty-buffer-4.1.30.Final.jar:/home/user/.m2/repository/io/netty/netty-transport/4.1.30.Final/netty-transport-4.1.30.Final.jar:/home/user/.m2/repository/io/netty/netty-resolver/4.1.30.Final/netty-resolver-4.1.30.Final.jar:/home/user/.m2/repository/io/netty/netty-transport-native-unix-common/4.1.30.Final/netty-transport-native-unix-common-4.1.30.Final.jar:/home/user/.m2/repository/io/grpc/grpc-protobuf/1.17.1/grpc-protobuf-1.17.1.jar:/home/user/.m2/repository/com/google/api/grpc/proto-google-common-protos/1.0.0/proto-google-common-protos-1.0.0.jar:/home/user/.m2/repository/io/grpc/grpc-protobuf-lite/1.17.1/grpc-protobuf-lite-1.17.1.jar:/home/user/.m2/repository/io/grpc/grpc-stub/1.17.1/grpc-stub-1.17.1.jar:/home/user/.m2/repository/org/apache/hadoop/hadoop-ozone-recon/0.5.0-SNAPSHOT/hadoop-ozone-recon-0.5.0-SNAPSHOT.jar:/home/user/.m2/repository/org/apache/hadoop/hadoop-ozone-reconcodegen/0.5.0-SNAPSHOT/hadoop-ozone-reconcodegen-0.5.0-SNAPSHOT.jar:/home/user/.m2/repository/com/google/inject/extensions/guice-multibindings/4.0/guice-multibindings-4.0.jar:/home/user/.m2/repository/com/google/inject/guice/4.0/guice-4.0.jar:/home/user/.m2/repository/aopalliance/aopalliance/1.0/aopalliance-1.0.jar:/home/user/.m2/repository/com/google/inject/extensions/guice-servlet/4.0/guice-servlet-4.0.jar:/home/user/.m2/repository/org/glassfish/jersey/containers/jersey-container-servlet/2.27/jersey-container-servlet-2.27.jar:/home/user/.m2/repository/org/glassfish/hk2/guice-bridge/2.5.0/guice-bridge-2.5.0.jar:/home/user/.m2/repository/org/glassfish/jersey/core/jersey-server/2.27/jersey-server-2.27.jar:/home/user/.m2/repository/org/glassfish/jersey/core/jersey-client/2.27/jersey-client-2.27.jar:/home/user/.m2/repository/org/glassfish/jersey/media/jersey-media-jaxb/2.27/jersey-media-jaxb-2.27.jar:/home/user/.m2/repository/javax/validation/validation-api/1.1.0.Final/validation-api-1.1.0.Final.jar:/home/user/.m2/repository/org/glassfish/jersey/media/jersey-media-json-jackson/2.27/jersey-media-json-jackson-2.27.jar:/home/user/.m2/repository/org/glassfish/jersey/ext/jersey-entity-filtering/2.27/jersey-entity-filtering-2.27.jar:/home/user/.m2/repository/com/google/inject/extensions/guice-assistedinject/4.0/guice-assistedinject-4.0.jar:/home/user/.m2/repository/org/jooq/jooq/3.11.10/jooq-3.11.10.jar:/home/user/.m2/repository/org/jooq/jooq-meta/3.11.10/jooq-meta-3.11.10.jar:/home/user/.m2/repository/org/jooq/jooq-codegen/3.11.10/jooq-codegen-3.11.10.jar:/home/user/.m2/repository/com/jolbox/bonecp/0.8.0.RELEASE/bonecp-0.8.0.RELEASE.jar:/home/user/.m2/repository/org/xerial/sqlite-jdbc/3.25.2/sqlite-jdbc-3.25.2.jar:/home/user/.m2/repository/org/springframework/spring-jdbc/5.1.3.RELEASE/spring-jdbc-5.1.3.RELEASE.jar:/home/user/.m2/repository/org/springframework/spring-beans/5.1.3.RELEASE/spring-beans-5.1.3.RELEASE.jar:/home/user/.m2/repository/org/springframework/spring-core/5.1.3.RELEASE/spring-core-5.1.3.RELEASE.jar:/home/user/.m2/repository/org/springframework/spring-jcl/5.1.3.RELEASE/spring-jcl-5.1.3.RELEASE.jar:/home/user/.m2/repository/org/springframework/spring-tx/5.1.3.RELEASE/spring-tx-5.1.3.RELEASE.jar:/home/user/.m2/repository/org/apache/hadoop/hadoop-ozone-client/0.5.0-SNAPSHOT/hadoop-ozone-client-0.5.0-SNAPSHOT.jar:/home/user/.m2/repository/commons-lang/commons-lang/2.6/commons-lang-2.6.jar:/home/user/.m2/repository/org/apache/hadoop/hadoop-ozone-ozone-manager/0.5.0-SNAPSHOT/hadoop-ozone-ozone-manager-0.5.0-SNAPSHOT-tests.jar:/home/user/.m2/repository/junit/junit/4.11/junit-4.11.jar:/home/user/.m2/repository/org/hamcrest/hamcrest-core/1.3/hamcrest-core-1.3.jar:/home/user/.m2/repository/org/openjdk/jmh/jmh-core/1.19/jmh-core-1.19.jar:/home/user/.m2/repository/net/sf/jopt-simple/jopt-simple/4.6/jopt-simple-4.6.jar:/home/user/.m2/repository/org/apache/commons/commons-math3/3.1.1/commons-math3-3.1.1.jar:/home/user/.m2/repository/org/openjdk/jmh/jmh-generator-annprocess/1.19/jmh-generator-annprocess-1.19.jar:/home/user/.m2/repository/org/mockito/mockito-all/1.8.5/mockito-all-1.8.5.jar:/home/user/.m2/repository/org/apache/hadoop/hadoop-kms/3.2.0/hadoop-kms-3.2.0.jar:/home/user/.m2/repository/org/apache/hadoop/hadoop-auth/3.2.0/hadoop-auth-3.2.0.jar:/home/user/.m2/repository/com/nimbusds/nimbus-jose-jwt/4.41.1/nimbus-jose-jwt-4.41.1.jar:/home/user/.m2/repository/com/github/stephenc/jcip/jcip-annotations/1.0-1/jcip-annotations-1.0-1.jar:/home/user/.m2/repository/net/minidev/json-smart/2.3/json-smart-2.3.jar:/home/user/.m2/repository/net/minidev/accessors-smart/1.2/accessors-smart-1.2.jar:/home/user/.m2/repository/org/ow2/asm/asm/5.0.4/asm-5.0.4.jar:/home/user/.m2/repository/org/apache/curator/curator-framework/2.12.0/curator-framework-2.12.0.jar:/home/user/.m2/repository/com/sun/jersey/jersey-core/1.19/jersey-core-1.19.jar:/home/user/.m2/repository/javax/ws/rs/jsr311-api/1.1.1/jsr311-api-1.1.1.jar:/home/user/.m2/repository/com/sun/jersey/jersey-server/1.19/jersey-server-1.19.jar:/home/user/.m2/repository/javax/servlet/javax.servlet-api/3.1.0/javax.servlet-api-3.1.0.jar:/home/user/.m2/repository/org/eclipse/jetty/jetty-server/9.3.24.v20180605/jetty-server-9.3.24.v20180605.jar:/home/user/.m2/repository/org/eclipse/jetty/jetty-http/9.3.24.v20180605/jetty-http-9.3.24.v20180605.jar:/home/user/.m2/repository/org/eclipse/jetty/jetty-io/9.3.24.v20180605/jetty-io-9.3.24.v20180605.jar:/home/user/.m2/repository/org/eclipse/jetty/jetty-webapp/9.3.24.v20180605/jetty-webapp-9.3.24.v20180605.jar:/home/user/.m2/repository/org/eclipse/jetty/jetty-xml/9.3.24.v20180605/jetty-xml-9.3.24.v20180605.jar:/home/user/.m2/repository/log4j/log4j/1.2.17/log4j-1.2.17.jar:/home/user/.m2/repository/org/slf4j/slf4j-api/1.7.25/slf4j-api-1.7.25.jar:/home/user/.m2/repository/org/slf4j/jul-to-slf4j/1.7.25/jul-to-slf4j-1.7.25.jar:/home/user/.m2/repository/org/eclipse/jetty/jetty-util/9.3.24.v20180605/jetty-util-9.3.24.v20180605.jar:/home/user/.m2/repository/com/fasterxml/jackson/core/jackson-databind/2.9.5/jackson-databind-2.9.5.jar:/home/user/.m2/repository/org/apache/hadoop/hadoop-kms/3.2.0/hadoop-kms-3.2.0-tests.jar:/home/user/.m2/repository/org/apache/hadoop/hadoop-hdds-server-scm/0.5.0-SNAPSHOT/hadoop-hdds-server-scm-0.5.0-SNAPSHOT-tests.jar:/home/user/.m2/repository/org/apache/hadoop/hadoop-hdds-container-service/0.5.0-SNAPSHOT/hadoop-hdds-container-service-0.5.0-SNAPSHOT-tests.jar:/home/user/.m2/repository/org/yaml/snakeyaml/1.16/snakeyaml-1.16.jar:/home/user/.m2/repository/org/apache/hadoop/hadoop-common/3.2.0/hadoop-common-3.2.0-tests.jar:/home/user/.m2/repository/org/apache/hadoop/hadoop-annotations/3.2.0/hadoop-annotations-3.2.0.jar:/usr/lib/jvm/java-1.8-openjdk/jre/../lib/tools.jar:/home/user/.m2/repository/commons-cli/commons-cli/1.2/commons-cli-1.2.jar:/home/user/.m2/repository/org/apache/httpcomponents/httpclient/4.5.2/httpclient-4.5.2.jar:/home/user/.m2/repository/org/apache/httpcomponents/httpcore/4.4.4/httpcore-4.4.4.jar:/home/user/.m2/repository/commons-codec/commons-codec/1.11/commons-codec-1.11.jar:/home/user/.m2/repository/commons-net/commons-net/3.6/commons-net-3.6.jar:/home/user/.m2/repository/commons-collections/commons-collections/3.2.2/commons-collections-3.2.2.jar:/home/user/.m2/repository/org/eclipse/jetty/jetty-servlet/9.3.24.v20180605/jetty-servlet-9.3.24.v20180605.jar:/home/user/.m2/repository/org/eclipse/jetty/jetty-security/9.3.24.v20180605/jetty-security-9.3.24.v20180605.jar:/home/user/.m2/repository/javax/servlet/jsp/jsp-api/2.1/jsp-api-2.1.jar:/home/user/.m2/repository/com/sun/jersey/jersey-servlet/1.19/jersey-servlet-1.19.jar:/home/user/.m2/repository/com/sun/jersey/jersey-json/1.19/jersey-json-1.19.jar:/home/user/.m2/repository/org/codehaus/jettison/jettison/1.1/jettison-1.1.jar:/home/user/.m2/repository/org/codehaus/jackson/jackson-core-asl/1.9.13/jackson-core-asl-1.9.13.jar:/home/user/.m2/repository/org/codehaus/jackson/jackson-mapper-asl/1.9.13/jackson-mapper-asl-1.9.13.jar:/home/user/.m2/repository/org/codehaus/jackson/jackson-jaxrs/1.9.13/jackson-jaxrs-1.9.13.jar:/home/user/.m2/repository/org/codehaus/jackson/jackson-xc/1.9.13/jackson-xc-1.9.13.jar:/home/user/.m2/repository/commons-logging/commons-logging/1.1.3/commons-logging-1.1.3.jar:/home/user/.m2/repository/commons-beanutils/commons-beanutils/1.9.3/commons-beanutils-1.9.3.jar:/home/user/.m2/repository/org/apache/commons/commons-configuration2/2.1.1/commons-configuration2-2.1.1.jar:/home/user/.m2/repository/org/apache/commons/commons-lang3/3.7/commons-lang3-3.7.jar:/home/user/.m2/repository/org/apache/commons/commons-text/1.4/commons-text-1.4.jar:/home/user/.m2/repository/org/apache/avro/avro/1.7.7/avro-1.7.7.jar:/home/user/.m2/repository/com/thoughtworks/paranamer/paranamer/2.3/paranamer-2.3.jar:/home/user/.m2/repository/org/xerial/snappy/snappy-java/1.0.5/snappy-java-1.0.5.jar:/home/user/.m2/repository/com/google/re2j/re2j/1.1/re2j-1.1.jar:/home/user/.m2/repository/com/google/code/gson/gson/2.2.4/gson-2.2.4.jar:/home/user/.m2/repository/com/jcraft/jsch/0.1.54/jsch-0.1.54.jar:/home/user/.m2/repository/org/apache/curator/curator-client/2.12.0/curator-client-2.12.0.jar:/home/user/.m2/repository/org/apache/curator/curator-recipes/2.12.0/curator-recipes-2.12.0.jar:/home/user/.m2/repository/com/google/code/findbugs/jsr305/3.0.0/jsr305-3.0.0.jar:/home/user/.m2/repository/org/apache/htrace/htrace-core4/4.1.0-incubating/htrace-core4-4.1.0-incubating.jar:/home/user/.m2/repository/org/apache/zookeeper/zookeeper/3.4.13/zookeeper-3.4.13.jar:/home/user/.m2/repository/org/apache/yetus/audience-annotations/0.5.0/audience-annotations-0.5.0.jar:/home/user/.m2/repository/org/codehaus/woodstox/stax2-api/3.1.4/stax2-api-3.1.4.jar:/home/user/.m2/repository/com/fasterxml/woodstox/woodstox-core/5.0.3/woodstox-core-5.0.3.jar:/home/user/.m2/repository/dnsjava/dnsjava/2.1.7/dnsjava-2.1.7.jar:/home/user/.m2/repository/org/apache/hadoop/hadoop-hdfs/3.2.0/hadoop-hdfs-3.2.0-tests.jar:/home/user/.m2/repository/org/eclipse/jetty/jetty-util-ajax/9.3.24.v20180605/jetty-util-ajax-9.3.24.v20180605.jar:/home/user/.m2/repository/commons-daemon/commons-daemon/1.0.13/commons-daemon-1.0.13.jar:/home/user/.m2/repository/io/netty/netty/3.10.5.Final/netty-3.10.5.Final.jar:/home/user/.m2/repository/io/netty/netty-all/4.0.52.Final/netty-all-4.0.52.Final.jar:/home/user/.m2/repository/org/fusesource/leveldbjni/leveldbjni-all/1.8/leveldbjni-all-1.8.jar:"/>
    <property name="sun.cpu.endian" value="little"/>
    <property name="user.home" value="/home/user"/>
    <property name="user.language" value="en"/>
    <property name="java.specification.vendor" value="Oracle Corporation"/>
    <property name="java.home" value="/usr/lib/jvm/java-1.8-openjdk/jre"/>
    <property name="java.security.krb5.conf" value="/workdir/hadoop-ozone/integration-test/target/test-classes/krb5.conf"/>
    <property name="basedir" value="/workdir/hadoop-ozone/integration-test"/>
    <property name="file.separator" value="/"/>
    <property name="line.separator" value="&#10;"/>
    <property name="java.vm.specification.vendor" value="Oracle Corporation"/>
    <property name="java.specification.name" value="Java Platform API Specification"/>
    <property name="java.awt.graphicsenv" value="sun.awt.X11GraphicsEnvironment"/>
    <property name="surefire.real.class.path" value="/workdir/hadoop-ozone/integration-test/target/surefire/surefirebooter7990336570955886406.jar"/>
    <property name="hadoop.log.dir" value="/workdir/hadoop-ozone/integration-test/target/log"/>
    <property name="sun.boot.class.path" value="/usr/lib/jvm/java-1.8-openjdk/jre/lib/resources.jar:/usr/lib/jvm/java-1.8-openjdk/jre/lib/rt.jar:/usr/lib/jvm/java-1.8-openjdk/jre/lib/sunrsasign.jar:/usr/lib/jvm/java-1.8-openjdk/jre/lib/jsse.jar:/usr/lib/jvm/java-1.8-openjdk/jre/lib/jce.jar:/usr/lib/jvm/java-1.8-openjdk/jre/lib/charsets.jar:/usr/lib/jvm/java-1.8-openjdk/jre/lib/jfr.jar:/usr/lib/jvm/java-1.8-openjdk/jre/classes"/>
    <property name="sun.management.compiler" value="HotSpot 64-Bit Tiered Compilers"/>
    <property name="java.runtime.version" value="1.8.0_212-b04"/>
    <property name="java.net.preferIPv4Stack" value="true"/>
    <property name="user.name" value="jenkins1000"/>
    <property name="path.separator" value=":"/>
    <property name="java.security.egd" value="file:///dev/urandom"/>
    <property name="os.version" value="3.10.0-957.12.2.el7.x86_64"/>
    <property name="java.endorsed.dirs" value="/usr/lib/jvm/java-1.8-openjdk/jre/lib/endorsed"/>
    <property name="java.runtime.name" value="OpenJDK Runtime Environment"/>
    <property name="file.encoding" value="UTF-8"/>
    <property name="java.vm.name" value="OpenJDK 64-Bit Server VM"/>
    <property name="test.build.webapps" value=""/>
    <property name="localRepository" value="/home/user/.m2/repository"/>
    <property name="java.vendor.url.bug" value="https://icedtea.classpath.org/bugzilla"/>
    <property name="java.io.tmpdir" value="/tmp"/>
    <property name="require.test.libhadoop" value=""/>
    <property name="java.version" value="1.8.0_212"/>
    <property name="user.dir" value="/workdir/hadoop-ozone/integration-test"/>
    <property name="os.arch" value="amd64"/>
    <property name="java.vm.specification.name" value="Java Virtual Machine Specification"/>
    <property name="test.build.classes" value="/workdir/hadoop-ozone/integration-test/target/test-classes"/>
    <property name="java.awt.printerjob" value="sun.print.PSPrinterJob"/>
    <property name="sun.os.patch.level" value="unknown"/>
    <property name="hadoop.tmp.dir" value="/workdir/hadoop-ozone/integration-test/target/tmp"/>
    <property name="java.library.path" value="/usr/lib/jvm/java-1.8-openjdk/jre/lib/amd64/server:/usr/lib/jvm/java-1.8-openjdk/jre/lib/amd64:/usr/lib/jvm/java-1.8-openjdk/jre/../lib/amd64:/workdir/hadoop-ozone/integration-test/target/native/target/usr/local/lib:/workdir/hadoop-ozone/integration-test/../../hadoop-common-project/hadoop-common/target/native/target/usr/local/lib:/usr/java/packages/lib/amd64:/usr/lib64:/lib64:/lib:/usr/lib"/>
    <property name="java.vm.info" value="mixed mode"/>
    <property name="java.vendor" value="IcedTea"/>
    <property name="java.vm.version" value="25.212-b04"/>
    <property name="java.ext.dirs" value="/usr/lib/jvm/java-1.8-openjdk/jre/lib/ext:/usr/java/packages/lib/ext"/>
    <property name="sun.io.unicode.encoding" value="UnicodeLittle"/>
    <property name="java.class.version" value="52.0"/>
  </properties>
  <testcase name="testContainerReplication" classname="org.apache.hadoop.ozone.client.rpc.TestContainerReplicationEndToEnd" time="5.326">
    <error message="Failed to update container state #1, reason: invalid state transition from state: CLOSING upon event: FINALIZE." type="org.apache.hadoop.hdds.scm.exceptions.SCMException">org.apache.hadoop.hdds.scm.exceptions.SCMException: Failed to update container state #1, reason: invalid state transition from state: CLOSING upon event: FINALIZE.
	at org.apache.hadoop.hdds.scm.container.ContainerStateManager.updateContainerState(ContainerStateManager.java:336)
	at org.apache.hadoop.hdds.scm.container.SCMContainerManager.updateContainerState(SCMContainerManager.java:312)
	at org.apache.hadoop.ozone.client.rpc.TestContainerReplicationEndToEnd.testContainerReplication(TestContainerReplicationEndToEnd.java:159)
	at sun.reflect.NativeMethodAccessorImpl.invoke0(Native Method)
	at sun.reflect.NativeMethodAccessorImpl.invoke(NativeMethodAccessorImpl.java:62)
	at sun.reflect.DelegatingMethodAccessorImpl.invoke(DelegatingMethodAccessorImpl.java:43)
	at java.lang.reflect.Method.invoke(Method.java:498)
	at org.junit.runners.model.FrameworkMethod$1.runReflectiveCall(FrameworkMethod.java:47)
	at org.junit.internal.runners.model.ReflectiveCallable.run(ReflectiveCallable.java:12)
	at org.junit.runners.model.FrameworkMethod.invokeExplosively(FrameworkMethod.java:44)
	at org.junit.internal.runners.statements.InvokeMethod.evaluate(InvokeMethod.java:17)
	at org.junit.runners.ParentRunner.runLeaf(ParentRunner.java:271)
	at org.junit.runners.BlockJUnit4ClassRunner.runChild(BlockJUnit4ClassRunner.java:70)
	at org.junit.runners.BlockJUnit4ClassRunner.runChild(BlockJUnit4ClassRunner.java:50)
	at org.junit.runners.ParentRunner$3.run(ParentRunner.java:238)
	at org.junit.runners.ParentRunner$1.schedule(ParentRunner.java:63)
	at org.junit.runners.ParentRunner.runChildren(ParentRunner.java:236)
	at org.junit.runners.ParentRunner.access$000(ParentRunner.java:53)
	at org.junit.runners.ParentRunner$2.evaluate(ParentRunner.java:229)
	at org.junit.internal.runners.statements.RunBefores.evaluate(RunBefores.java:26)
	at org.junit.internal.runners.statements.RunAfters.evaluate(RunAfters.java:27)
	at org.junit.runners.ParentRunner.run(ParentRunner.java:309)
	at org.apache.maven.surefire.junit4.JUnit4Provider.execute(JUnit4Provider.java:365)
	at org.apache.maven.surefire.junit4.JUnit4Provider.executeWithRerun(JUnit4Provider.java:273)
	at org.apache.maven.surefire.junit4.JUnit4Provider.executeTestSet(JUnit4Provider.java:238)
	at org.apache.maven.surefire.junit4.JUnit4Provider.invoke(JUnit4Provider.java:159)
	at org.apache.maven.surefire.booter.ForkedBooter.invokeProviderInSameClassLoader(ForkedBooter.java:384)
	at org.apache.maven.surefire.booter.ForkedBooter.runSuitesInProcess(ForkedBooter.java:345)
	at org.apache.maven.surefire.booter.ForkedBooter.execute(ForkedBooter.java:126)
	at org.apache.maven.surefire.booter.ForkedBooter.main(ForkedBooter.java:418)
</error>
    <system-out><![CDATA[2019-09-16 22:05:56,525 [main] WARN  server.ServerUtils (ServerUtils.java:getScmDbDir(145)) - ozone.scm.db.dirs is not configured. We recommend adding this setting. Falling back to ozone.metadata.dirs instead.
2019-09-16 22:05:56,662 [main] WARN  server.ServerUtils (ServerUtils.java:getScmDbDir(145)) - ozone.scm.db.dirs is not configured. We recommend adding this setting. Falling back to ozone.metadata.dirs instead.
2019-09-16 22:05:56,666 [main] WARN  server.ServerUtils (ServerUtils.java:getScmDbDir(145)) - ozone.scm.db.dirs is not configured. We recommend adding this setting. Falling back to ozone.metadata.dirs instead.
2019-09-16 22:05:56,688 [main] INFO  util.log (Log.java:initialized(192)) - Logging initialized @982ms
2019-09-16 22:05:56,821 [main] INFO  db.DBStoreBuilder (DBStoreBuilder.java:addTable(110)) - using custom profile for table: deletedBlocks
2019-09-16 22:05:56,822 [main] INFO  db.DBStoreBuilder (DBStoreBuilder.java:processTables(161)) - Using default column profile:DBProfile.DISK for Table:deletedBlocks
2019-09-16 22:05:56,822 [main] INFO  db.DBStoreBuilder (DBStoreBuilder.java:addTable(110)) - using custom profile for table: validCerts
2019-09-16 22:05:56,822 [main] INFO  db.DBStoreBuilder (DBStoreBuilder.java:processTables(161)) - Using default column profile:DBProfile.DISK for Table:validCerts
2019-09-16 22:05:56,823 [main] INFO  db.DBStoreBuilder (DBStoreBuilder.java:addTable(110)) - using custom profile for table: revokedCerts
2019-09-16 22:05:56,823 [main] INFO  db.DBStoreBuilder (DBStoreBuilder.java:processTables(161)) - Using default column profile:DBProfile.DISK for Table:revokedCerts
2019-09-16 22:05:56,838 [main] INFO  db.DBStoreBuilder (DBStoreBuilder.java:addTable(110)) - using custom profile for table: default
2019-09-16 22:05:56,838 [main] INFO  db.DBStoreBuilder (DBStoreBuilder.java:processTables(167)) - Using default column profile:DBProfile.DISK for Table:default
2019-09-16 22:05:56,840 [main] INFO  db.DBStoreBuilder (DBStoreBuilder.java:getDbProfile(198)) - Using default options. DBProfile.DISK
2019-09-16 22:05:57,138 [main] INFO  net.NodeSchemaLoader (NodeSchemaLoader.java:loadSchemaFromFile(125)) - Loading file from sun.misc.CompoundEnumeration@4218d6a3
2019-09-16 22:05:57,140 [main] INFO  net.NodeSchemaLoader (NodeSchemaLoader.java:loadSchema(171)) - Loading network topology layer schema file
2019-09-16 22:05:57,212 [main] INFO  node.SCMNodeManager (SCMNodeManager.java:<init>(114)) - Entering startup safe mode.
2019-09-16 22:05:57,288 [main] INFO  algorithms.ContainerPlacementPolicyFactory (ContainerPlacementPolicyFactory.java:getPolicy(57)) - Create container placement policy of type org.apache.hadoop.hdds.scm.container.placement.algorithms.SCMContainerPlacementRandom
2019-09-16 22:05:57,303 [main] WARN  server.ServerUtils (ServerUtils.java:getScmDbDir(145)) - ozone.scm.db.dirs is not configured. We recommend adding this setting. Falling back to ozone.metadata.dirs instead.
2019-09-16 22:05:57,386 [main] INFO  pipeline.SCMPipelineManager (SCMPipelineManager.java:initializePipelineState(128)) - No pipeline exists in current db
2019-09-16 22:05:57,388 [main] WARN  server.ServerUtils (ServerUtils.java:getScmDbDir(145)) - ozone.scm.db.dirs is not configured. We recommend adding this setting. Falling back to ozone.metadata.dirs instead.
2019-09-16 22:05:57,480 [main] INFO  Configuration.deprecation (Configuration.java:logDeprecation(1394)) - No unit for hdds.scm.replication.thread.interval(2000) assuming MILLISECONDS
2019-09-16 22:05:57,513 [main] WARN  events.EventQueue (EventQueue.java:fireEvent(183)) - No event handler registered for event TypedEvent{payloadType=SafeModeStatus, name='SafeModeStatus'}
2019-09-16 22:05:57,972 [main] INFO  ipc.CallQueueManager (CallQueueManager.java:<init>(84)) - Using callQueue: class java.util.concurrent.LinkedBlockingQueue, queueCapacity: 2000, scheduler: class org.apache.hadoop.ipc.DefaultRpcScheduler, ipcBackoff: false.
2019-09-16 22:05:58,003 [Socket Reader #1 for port 45596] INFO  ipc.Server (Server.java:run(1074)) - Starting Socket Reader #1 for port 45596
2019-09-16 22:05:58,195 [main] INFO  ipc.CallQueueManager (CallQueueManager.java:<init>(84)) - Using callQueue: class java.util.concurrent.LinkedBlockingQueue, queueCapacity: 2000, scheduler: class org.apache.hadoop.ipc.DefaultRpcScheduler, ipcBackoff: false.
2019-09-16 22:05:58,197 [Socket Reader #1 for port 41543] INFO  ipc.Server (Server.java:run(1074)) - Starting Socket Reader #1 for port 41543
2019-09-16 22:05:58,210 [main] INFO  ipc.CallQueueManager (CallQueueManager.java:<init>(84)) - Using callQueue: class java.util.concurrent.LinkedBlockingQueue, queueCapacity: 2000, scheduler: class org.apache.hadoop.ipc.DefaultRpcScheduler, ipcBackoff: false.
2019-09-16 22:05:58,211 [Socket Reader #1 for port 45659] INFO  ipc.Server (Server.java:run(1074)) - Starting Socket Reader #1 for port 45659
2019-09-16 22:05:58,241 [main] INFO  hdfs.DFSUtil (DFSUtil.java:httpServerTemplateForNNAndJN(1641)) - Starting Web-server for scm at: http://0.0.0.0:0
2019-09-16 22:05:58,427 [main] INFO  server.AuthenticationFilter (AuthenticationFilter.java:constructSecretProvider(240)) - Unable to initialize FileSignerSecretProvider, falling back to use random secrets.
2019-09-16 22:05:58,436 [main] WARN  http.HttpRequestLog (HttpRequestLog.java:getRequestLog(97)) - Jetty request log can only be enabled using Log4j
2019-09-16 22:05:58,444 [main] INFO  http.HttpServer2 (HttpServer2.java:addGlobalFilter(975)) - Added global filter 'safety' (class=org.apache.hadoop.http.HttpServer2$QuotingInputFilter)
2019-09-16 22:05:58,447 [main] INFO  http.HttpServer2 (HttpServer2.java:addFilter(948)) - Added filter static_user_filter (class=org.apache.hadoop.http.lib.StaticUserWebFilter$StaticUserFilter) to context scm
2019-09-16 22:05:58,448 [main] INFO  http.HttpServer2 (HttpServer2.java:addFilter(958)) - Added filter static_user_filter (class=org.apache.hadoop.http.lib.StaticUserWebFilter$StaticUserFilter) to context static
2019-09-16 22:05:58,448 [main] INFO  http.HttpServer2 (HttpServer2.java:addFilter(958)) - Added filter static_user_filter (class=org.apache.hadoop.http.lib.StaticUserWebFilter$StaticUserFilter) to context logs
2019-09-16 22:05:58,481 [main] INFO  server.StorageContainerManager (StorageContainerManager.java:start(763)) - StorageContainerLocationProtocol RPC server is listening at /0.0.0.0:45659
2019-09-16 22:05:58,546 [main] WARN  impl.MetricsConfig (MetricsConfig.java:loadFirst(134)) - Cannot locate configuration: tried hadoop-metrics2-storagecontainermanager.properties,hadoop-metrics2.properties
2019-09-16 22:05:58,562 [main] INFO  impl.MetricsSystemImpl (MetricsSystemImpl.java:startTimer(374)) - Scheduled Metric snapshot period at 10 second(s).
2019-09-16 22:05:58,562 [main] INFO  impl.MetricsSystemImpl (MetricsSystemImpl.java:start(191)) - StorageContainerManager metrics system started
2019-09-16 22:05:58,809 [main] INFO  server.SCMClientProtocolServer (SCMClientProtocolServer.java:start(151)) - RPC server for Client  is listening at /0.0.0.0:45659
2019-09-16 22:05:58,810 [IPC Server listener on 45659] INFO  ipc.Server (Server.java:run(1153)) - IPC Server listener on 45659: starting
2019-09-16 22:05:58,810 [IPC Server Responder] INFO  ipc.Server (Server.java:run(1314)) - IPC Server Responder: starting
2019-09-16 22:05:58,813 [main] INFO  server.StorageContainerManager (StorageContainerManager.java:start(773)) - ScmBlockLocationProtocol RPC server is listening at /0.0.0.0:41543
2019-09-16 22:05:58,814 [main] INFO  server.SCMBlockProtocolServer (SCMBlockProtocolServer.java:start(146)) - RPC server for Block Protocol is listening at /0.0.0.0:41543
2019-09-16 22:05:58,815 [IPC Server Responder] INFO  ipc.Server (Server.java:run(1314)) - IPC Server Responder: starting
2019-09-16 22:05:58,815 [IPC Server listener on 41543] INFO  ipc.Server (Server.java:run(1153)) - IPC Server listener on 41543: starting
2019-09-16 22:05:58,817 [main] INFO  server.StorageContainerManager (StorageContainerManager.java:start(777)) - ScmDatanodeProtocl RPC server is listening at /0.0.0.0:45596
2019-09-16 22:05:58,817 [main] INFO  server.SCMDatanodeProtocolServer (SCMDatanodeProtocolServer.java:start(191)) - RPC server for DataNodes is listening at /0.0.0.0:45596
2019-09-16 22:05:58,818 [IPC Server Responder] INFO  ipc.Server (Server.java:run(1314)) - IPC Server Responder: starting
2019-09-16 22:05:58,818 [IPC Server listener on 45596] INFO  ipc.Server (Server.java:run(1153)) - IPC Server listener on 45596: starting
2019-09-16 22:05:58,822 [main] INFO  http.HttpServer2 (HttpServer2.java:bindListener(1191)) - Jetty bound to port 37900
2019-09-16 22:05:58,824 [main] INFO  server.Server (Server.java:doStart(351)) - jetty-9.3.24.v20180605, build timestamp: 2018-06-05T17:11:56Z, git hash: 84205aa28f11a4f31f2a3b86d1bba2cc8ab69827
2019-09-16 22:05:58,864 [main] INFO  handler.ContextHandler (ContextHandler.java:doStart(781)) - Started o.e.j.s.ServletContextHandler@45815ffc{/logs,file:///workdir/hadoop-ozone/integration-test/target/log,AVAILABLE}
2019-09-16 22:05:58,865 [main] INFO  handler.ContextHandler (ContextHandler.java:doStart(781)) - Started o.e.j.s.ServletContextHandler@d3957fe{/static,file:///workdir/hadoop-ozone/integration-test/target/test-classes/webapps/static,AVAILABLE}
2019-09-16 22:05:58,900 [main] INFO  handler.ContextHandler (ContextHandler.java:doStart(781)) - Started o.e.j.w.WebAppContext@4cc547a{/,file:///workdir/hadoop-ozone/integration-test/target/test-classes/webapps/scm/,AVAILABLE}{/scm}
2019-09-16 22:05:58,906 [main] INFO  server.AbstractConnector (AbstractConnector.java:doStart(278)) - Started ServerConnector@3574e198{HTTP/1.1,[http/1.1]}{0.0.0.0:37900}
2019-09-16 22:05:58,906 [main] INFO  server.Server (Server.java:doStart(419)) - Started @3199ms
2019-09-16 22:05:58,908 [main] INFO  impl.MetricsSinkAdapter (MetricsSinkAdapter.java:start(204)) - Sink prometheus started
2019-09-16 22:05:58,908 [main] INFO  impl.MetricsSystemImpl (MetricsSystemImpl.java:registerSink(301)) - Registered sink prometheus
2019-09-16 22:05:58,910 [main] INFO  server.BaseHttpServer (BaseHttpServer.java:updateConnectorAddress(215)) - HTTP server of SCM is listening at http://0.0.0.0:37900
2019-09-16 22:05:58,919 [org.apache.hadoop.util.JvmPauseMonitor$Monitor@67427b69] INFO  util.JvmPauseMonitor (JvmPauseMonitor.java:run(188)) - Starting JVM pause monitor
2019-09-16 22:05:58,924 [main] WARN  server.ServerUtils (ServerUtils.java:getDBPath(222)) - ozone.om.db.dirs is not configured. We recommend adding this setting. Falling back to ozone.metadata.dirs instead.
2019-09-16 22:05:59,074 [main] WARN  server.ServerUtils (ServerUtils.java:getDBPath(222)) - ozone.om.db.dirs is not configured. We recommend adding this setting. Falling back to ozone.metadata.dirs instead.
2019-09-16 22:05:59,074 [main] WARN  server.ServerUtils (ServerUtils.java:getDBPath(222)) - ozone.om.db.dirs is not configured. We recommend adding this setting. Falling back to ozone.metadata.dirs instead.
2019-09-16 22:05:59,075 [main] INFO  om.OzoneManager (OzoneManager.java:setOMNodeDetails(649)) - OM Service ID is not set. Setting it to the default ID: omServiceIdDefault
2019-09-16 22:05:59,076 [main] INFO  om.OzoneManager (OzoneManager.java:setOMNodeDetails(655)) - OM Node ID is not set. Setting it to the OmStorage's OmID: a3c0dcae-01ca-4df0-958a-9210b29220bd
2019-09-16 22:05:59,077 [main] INFO  om.OzoneManager (OzoneManager.java:loadOMHAConfigs(606)) - Found matching OM address with OMServiceId: null, OMNodeId: null, RPC Address: localhost:0 and Ratis port: 9872
2019-09-16 22:05:59,862 [main] WARN  server.ServerUtils (ServerUtils.java:getDBPath(222)) - ozone.om.db.dirs is not configured. We recommend adding this setting. Falling back to ozone.metadata.dirs instead.
2019-09-16 22:05:59,870 [main] INFO  db.DBStoreBuilder (DBStoreBuilder.java:addTable(110)) - using custom profile for table: userTable
2019-09-16 22:05:59,870 [main] INFO  db.DBStoreBuilder (DBStoreBuilder.java:processTables(161)) - Using default column profile:DBProfile.DISK for Table:userTable
2019-09-16 22:05:59,870 [main] INFO  db.DBStoreBuilder (DBStoreBuilder.java:addTable(110)) - using custom profile for table: volumeTable
2019-09-16 22:05:59,870 [main] INFO  db.DBStoreBuilder (DBStoreBuilder.java:processTables(161)) - Using default column profile:DBProfile.DISK for Table:volumeTable
2019-09-16 22:05:59,871 [main] INFO  db.DBStoreBuilder (DBStoreBuilder.java:addTable(110)) - using custom profile for table: bucketTable
2019-09-16 22:05:59,871 [main] INFO  db.DBStoreBuilder (DBStoreBuilder.java:processTables(161)) - Using default column profile:DBProfile.DISK for Table:bucketTable
2019-09-16 22:05:59,871 [main] INFO  db.DBStoreBuilder (DBStoreBuilder.java:addTable(110)) - using custom profile for table: keyTable
2019-09-16 22:05:59,871 [main] INFO  db.DBStoreBuilder (DBStoreBuilder.java:processTables(161)) - Using default column profile:DBProfile.DISK for Table:keyTable
2019-09-16 22:05:59,872 [main] INFO  db.DBStoreBuilder (DBStoreBuilder.java:addTable(110)) - using custom profile for table: deletedTable
2019-09-16 22:05:59,872 [main] INFO  db.DBStoreBuilder (DBStoreBuilder.java:processTables(161)) - Using default column profile:DBProfile.DISK for Table:deletedTable
2019-09-16 22:05:59,872 [main] INFO  db.DBStoreBuilder (DBStoreBuilder.java:addTable(110)) - using custom profile for table: openKeyTable
2019-09-16 22:05:59,872 [main] INFO  db.DBStoreBuilder (DBStoreBuilder.java:processTables(161)) - Using default column profile:DBProfile.DISK for Table:openKeyTable
2019-09-16 22:05:59,873 [main] INFO  db.DBStoreBuilder (DBStoreBuilder.java:addTable(110)) - using custom profile for table: s3Table
2019-09-16 22:05:59,873 [main] INFO  db.DBStoreBuilder (DBStoreBuilder.java:processTables(161)) - Using default column profile:DBProfile.DISK for Table:s3Table
2019-09-16 22:05:59,873 [main] INFO  db.DBStoreBuilder (DBStoreBuilder.java:addTable(110)) - using custom profile for table: multipartInfoTable
2019-09-16 22:05:59,873 [main] INFO  db.DBStoreBuilder (DBStoreBuilder.java:processTables(161)) - Using default column profile:DBProfile.DISK for Table:multipartInfoTable
2019-09-16 22:05:59,874 [main] INFO  db.DBStoreBuilder (DBStoreBuilder.java:addTable(110)) - using custom profile for table: dTokenTable
2019-09-16 22:05:59,874 [main] INFO  db.DBStoreBuilder (DBStoreBuilder.java:processTables(161)) - Using default column profile:DBProfile.DISK for Table:dTokenTable
2019-09-16 22:05:59,874 [main] INFO  db.DBStoreBuilder (DBStoreBuilder.java:addTable(110)) - using custom profile for table: s3SecretTable
2019-09-16 22:05:59,875 [main] INFO  db.DBStoreBuilder (DBStoreBuilder.java:processTables(161)) - Using default column profile:DBProfile.DISK for Table:s3SecretTable
2019-09-16 22:05:59,875 [main] INFO  db.DBStoreBuilder (DBStoreBuilder.java:addTable(110)) - using custom profile for table: prefixTable
2019-09-16 22:05:59,875 [main] INFO  db.DBStoreBuilder (DBStoreBuilder.java:processTables(161)) - Using default column profile:DBProfile.DISK for Table:prefixTable
2019-09-16 22:05:59,875 [main] INFO  db.DBStoreBuilder (DBStoreBuilder.java:addTable(110)) - using custom profile for table: default
2019-09-16 22:05:59,876 [main] INFO  db.DBStoreBuilder (DBStoreBuilder.java:processTables(167)) - Using default column profile:DBProfile.DISK for Table:default
2019-09-16 22:05:59,876 [main] INFO  db.DBStoreBuilder (DBStoreBuilder.java:getDbProfile(198)) - Using default options. DBProfile.DISK
2019-09-16 22:06:00,386 [main] INFO  ipc.CallQueueManager (CallQueueManager.java:<init>(84)) - Using callQueue: class java.util.concurrent.LinkedBlockingQueue, queueCapacity: 2000, scheduler: class org.apache.hadoop.ipc.DefaultRpcScheduler, ipcBackoff: false.
2019-09-16 22:06:00,387 [Socket Reader #1 for port 40685] INFO  ipc.Server (Server.java:run(1074)) - Starting Socket Reader #1 for port 40685
2019-09-16 22:06:00,417 [main] INFO  om.OzoneManager (OzoneManager.java:start(1240)) - OzoneManager RPC server is listening at localhost/127.0.0.1:40685
2019-09-16 22:06:00,417 [main] INFO  impl.MetricsSystemImpl (MetricsSystemImpl.java:init(158)) - OzoneManager metrics system started (again)
2019-09-16 22:06:00,419 [IPC Server Responder] INFO  ipc.Server (Server.java:run(1314)) - IPC Server Responder: starting
2019-09-16 22:06:00,420 [IPC Server listener on 40685] INFO  ipc.Server (Server.java:run(1153)) - IPC Server listener on 40685: starting
2019-09-16 22:06:00,427 [main] INFO  hdfs.DFSUtil (DFSUtil.java:httpServerTemplateForNNAndJN(1641)) - Starting Web-server for ozoneManager at: http://0.0.0.0:0
2019-09-16 22:06:00,430 [main] INFO  server.AuthenticationFilter (AuthenticationFilter.java:constructSecretProvider(240)) - Unable to initialize FileSignerSecretProvider, falling back to use random secrets.
2019-09-16 22:06:00,431 [main] WARN  http.HttpRequestLog (HttpRequestLog.java:getRequestLog(97)) - Jetty request log can only be enabled using Log4j
2019-09-16 22:06:00,434 [main] INFO  http.HttpServer2 (HttpServer2.java:addGlobalFilter(975)) - Added global filter 'safety' (class=org.apache.hadoop.http.HttpServer2$QuotingInputFilter)
2019-09-16 22:06:00,436 [main] INFO  http.HttpServer2 (HttpServer2.java:addFilter(948)) - Added filter static_user_filter (class=org.apache.hadoop.http.lib.StaticUserWebFilter$StaticUserFilter) to context ozoneManager
2019-09-16 22:06:00,436 [main] INFO  http.HttpServer2 (HttpServer2.java:addFilter(958)) - Added filter static_user_filter (class=org.apache.hadoop.http.lib.StaticUserWebFilter$StaticUserFilter) to context logs
2019-09-16 22:06:00,437 [main] INFO  http.HttpServer2 (HttpServer2.java:addFilter(958)) - Added filter static_user_filter (class=org.apache.hadoop.http.lib.StaticUserWebFilter$StaticUserFilter) to context static
2019-09-16 22:06:00,440 [main] INFO  http.HttpServer2 (HttpServer2.java:bindListener(1191)) - Jetty bound to port 36692
2019-09-16 22:06:00,440 [main] INFO  server.Server (Server.java:doStart(351)) - jetty-9.3.24.v20180605, build timestamp: 2018-06-05T17:11:56Z, git hash: 84205aa28f11a4f31f2a3b86d1bba2cc8ab69827
2019-09-16 22:06:00,443 [main] INFO  handler.ContextHandler (ContextHandler.java:doStart(781)) - Started o.e.j.s.ServletContextHandler@6c37bd27{/logs,file:///workdir/hadoop-ozone/integration-test/target/log,AVAILABLE}
2019-09-16 22:06:00,444 [main] INFO  handler.ContextHandler (ContextHandler.java:doStart(781)) - Started o.e.j.s.ServletContextHandler@30331109{/static,file:///workdir/hadoop-ozone/integration-test/target/test-classes/webapps/static,AVAILABLE}
2019-09-16 22:06:00,452 [main] INFO  handler.ContextHandler (ContextHandler.java:doStart(781)) - Started o.e.j.w.WebAppContext@66e889df{/,file:///workdir/hadoop-ozone/integration-test/target/test-classes/webapps/ozoneManager/,AVAILABLE}{/ozoneManager}
2019-09-16 22:06:00,453 [main] INFO  server.AbstractConnector (AbstractConnector.java:doStart(278)) - Started ServerConnector@444548a0{HTTP/1.1,[http/1.1]}{0.0.0.0:36692}
2019-09-16 22:06:00,454 [main] INFO  server.Server (Server.java:doStart(419)) - Started @4748ms
2019-09-16 22:06:00,455 [main] WARN  impl.MetricsSystemImpl (MetricsSystemImpl.java:register(276)) - Sink prometheus already exists!
2019-09-16 22:06:00,456 [main] INFO  server.BaseHttpServer (BaseHttpServer.java:updateConnectorAddress(215)) - HTTP server of OZONEMANAGER is listening at http://0.0.0.0:36692
2019-09-16 22:06:00,819 [main] INFO  impl.MetricsSystemImpl (MetricsSystemImpl.java:init(158)) - HddsDatanode metrics system started (again)
2019-09-16 22:06:00,882 [main] INFO  ozone.HddsDatanodeService (HddsDatanodeService.java:start(184)) - HddsDatanodeService host:pr-hdds-2135-v26ff-2356241440 ip:192.168.151.68
2019-09-16 22:06:00,929 [main] INFO  volume.HddsVolume (HddsVolume.java:<init>(176)) - Creating Volume: /workdir/hadoop-ozone/integration-test/target/test-dir/MiniOzoneClusterImpl-961741f6-a9e5-453d-b900-42a67a169637/datanode-0/data/containers/hdds of  storage type : DISK and capacity : 1482555576320
2019-09-16 22:06:00,932 [main] INFO  volume.VolumeSet (VolumeSet.java:initializeVolumeSet(170)) - Added Volume : /workdir/hadoop-ozone/integration-test/target/test-dir/MiniOzoneClusterImpl-961741f6-a9e5-453d-b900-42a67a169637/datanode-0/data/containers/hdds to VolumeSet
2019-09-16 22:06:00,936 [main] INFO  volume.ThrottledAsyncChecker (ThrottledAsyncChecker.java:schedule(139)) - Scheduling a check for org.apache.hadoop.ozone.container.common.volume.HddsVolume@3c6aa04a
2019-09-16 22:06:00,959 [main] INFO  volume.HddsVolumeChecker (HddsVolumeChecker.java:checkAllVolumes(202)) - Scheduled health check for volume org.apache.hadoop.ozone.container.common.volume.HddsVolume@3c6aa04a
2019-09-16 22:06:01,081 [main] INFO  impl.RaftServerProxy (ConfUtils.java:logGet(43)) - raft.rpc.type = GRPC (default)
2019-09-16 22:06:01,151 [main] INFO  grpc.GrpcFactory (GrpcFactory.java:checkPooledByteBufAllocatorUseCacheForAllThreads(45)) - PERFORMANCE WARNING: useCacheForAllThreads is true that may cause Netty to create a lot garbage objects and, as a result, trigger GC.
	It is recommended to disable useCacheForAllThreads by setting -Dorg.apache.ratis.thirdparty.io.netty.allocator.useCacheForAllThreads=false in command line.
2019-09-16 22:06:01,156 [main] INFO  grpc.GrpcConfigKeys$Server (ConfUtils.java:logGet(43)) - raft.grpc.server.port = 0 (default)
2019-09-16 22:06:01,157 [main] INFO  server.GrpcService (ConfUtils.java:logGet(43)) - raft.grpc.message.size.max = 33570816 (custom)
2019-09-16 22:06:01,159 [main] INFO  server.RaftServerConfigKeys (ConfUtils.java:logGet(43)) - raft.server.log.appender.buffer.byte-limit = 33554432 (custom)
2019-09-16 22:06:01,159 [main] INFO  server.GrpcService (ConfUtils.java:logGet(43)) - raft.grpc.flow.control.window = 1MB (=1048576) (default)
2019-09-16 22:06:01,161 [main] INFO  server.RaftServerConfigKeys (ConfUtils.java:logGet(43)) - raft.server.rpc.request.timeout = 3000ms (default)
2019-09-16 22:06:01,411 [main] INFO  server.RaftServerConfigKeys (ConfUtils.java:logGet(43)) - raft.server.storage.dir = [/workdir/hadoop-ozone/integration-test/target/test-dir/MiniOzoneClusterImpl-961741f6-a9e5-453d-b900-42a67a169637/datanode-0/data/ratis] (custom)
2019-09-16 22:06:01,475 [main] INFO  hdfs.DFSUtil (DFSUtil.java:httpServerTemplateForNNAndJN(1641)) - Starting Web-server for hddsDatanode at: http://0.0.0.0:0
2019-09-16 22:06:01,478 [main] INFO  server.AuthenticationFilter (AuthenticationFilter.java:constructSecretProvider(240)) - Unable to initialize FileSignerSecretProvider, falling back to use random secrets.
2019-09-16 22:06:01,479 [main] WARN  http.HttpRequestLog (HttpRequestLog.java:getRequestLog(97)) - Jetty request log can only be enabled using Log4j
2019-09-16 22:06:01,482 [main] INFO  http.HttpServer2 (HttpServer2.java:addGlobalFilter(975)) - Added global filter 'safety' (class=org.apache.hadoop.http.HttpServer2$QuotingInputFilter)
2019-09-16 22:06:01,484 [main] INFO  http.HttpServer2 (HttpServer2.java:addFilter(948)) - Added filter static_user_filter (class=org.apache.hadoop.http.lib.StaticUserWebFilter$StaticUserFilter) to context hddsDatanode
2019-09-16 22:06:01,484 [main] INFO  http.HttpServer2 (HttpServer2.java:addFilter(958)) - Added filter static_user_filter (class=org.apache.hadoop.http.lib.StaticUserWebFilter$StaticUserFilter) to context static
2019-09-16 22:06:01,484 [main] INFO  http.HttpServer2 (HttpServer2.java:addFilter(958)) - Added filter static_user_filter (class=org.apache.hadoop.http.lib.StaticUserWebFilter$StaticUserFilter) to context logs
2019-09-16 22:06:01,486 [main] INFO  http.HttpServer2 (HttpServer2.java:bindListener(1191)) - Jetty bound to port 40388
2019-09-16 22:06:01,486 [main] INFO  server.Server (Server.java:doStart(351)) - jetty-9.3.24.v20180605, build timestamp: 2018-06-05T17:11:56Z, git hash: 84205aa28f11a4f31f2a3b86d1bba2cc8ab69827
2019-09-16 22:06:01,489 [main] INFO  handler.ContextHandler (ContextHandler.java:doStart(781)) - Started o.e.j.s.ServletContextHandler@1229a2b7{/logs,file:///workdir/hadoop-ozone/integration-test/target/log,AVAILABLE}
2019-09-16 22:06:01,490 [main] INFO  handler.ContextHandler (ContextHandler.java:doStart(781)) - Started o.e.j.s.ServletContextHandler@51c959a4{/static,jar:file:/home/user/.m2/repository/org/apache/hadoop/hadoop-hdds-container-service/0.5.0-SNAPSHOT/hadoop-hdds-container-service-0.5.0-SNAPSHOT.jar!/webapps/static,AVAILABLE}
2019-09-16 22:06:01,540 [main] INFO  handler.ContextHandler (ContextHandler.java:doStart(781)) - Started o.e.j.w.WebAppContext@70228253{/,file:///tmp/jetty-0.0.0.0-40388-hddsDatanode-_-any-1528996115112751420.dir/webapp/,AVAILABLE}{/hddsDatanode}
2019-09-16 22:06:01,540 [main] INFO  server.AbstractConnector (AbstractConnector.java:doStart(278)) - Started ServerConnector@63c12e52{HTTP/1.1,[http/1.1]}{0.0.0.0:40388}
2019-09-16 22:06:01,541 [main] INFO  server.Server (Server.java:doStart(419)) - Started @5835ms
2019-09-16 22:06:01,542 [main] WARN  impl.MetricsSystemImpl (MetricsSystemImpl.java:register(276)) - Sink prometheus already exists!
2019-09-16 22:06:01,543 [main] INFO  server.BaseHttpServer (BaseHttpServer.java:updateConnectorAddress(215)) - HTTP server of HDDSDATANODE is listening at http://0.0.0.0:40388
2019-09-16 22:06:01,544 [main] INFO  impl.MetricsSystemImpl (MetricsSystemImpl.java:init(158)) - HddsDatanode metrics system started (again)
2019-09-16 22:06:01,548 [main] INFO  ozone.HddsDatanodeService (HddsDatanodeService.java:start(184)) - HddsDatanodeService host:pr-hdds-2135-v26ff-2356241440 ip:192.168.151.68
2019-09-16 22:06:01,552 [org.apache.hadoop.util.JvmPauseMonitor$Monitor@261f8895] INFO  util.JvmPauseMonitor (JvmPauseMonitor.java:run(188)) - Starting JVM pause monitor
2019-09-16 22:06:01,558 [main] INFO  volume.HddsVolume (HddsVolume.java:<init>(176)) - Creating Volume: /workdir/hadoop-ozone/integration-test/target/test-dir/MiniOzoneClusterImpl-961741f6-a9e5-453d-b900-42a67a169637/datanode-1/data/containers/hdds of  storage type : DISK and capacity : 1482555576320
2019-09-16 22:06:01,559 [main] INFO  volume.VolumeSet (VolumeSet.java:initializeVolumeSet(170)) - Added Volume : /workdir/hadoop-ozone/integration-test/target/test-dir/MiniOzoneClusterImpl-961741f6-a9e5-453d-b900-42a67a169637/datanode-1/data/containers/hdds to VolumeSet
2019-09-16 22:06:01,560 [main] INFO  volume.ThrottledAsyncChecker (ThrottledAsyncChecker.java:schedule(139)) - Scheduling a check for org.apache.hadoop.ozone.container.common.volume.HddsVolume@2f5ac102
2019-09-16 22:06:01,561 [main] INFO  volume.HddsVolumeChecker (HddsVolumeChecker.java:checkAllVolumes(202)) - Scheduled health check for volume org.apache.hadoop.ozone.container.common.volume.HddsVolume@2f5ac102
2019-09-16 22:06:01,579 [main] INFO  impl.RaftServerProxy (ConfUtils.java:logGet(43)) - raft.rpc.type = GRPC (default)
2019-09-16 22:06:01,580 [main] INFO  grpc.GrpcFactory (GrpcFactory.java:checkPooledByteBufAllocatorUseCacheForAllThreads(45)) - PERFORMANCE WARNING: useCacheForAllThreads is true that may cause Netty to create a lot garbage objects and, as a result, trigger GC.
	It is recommended to disable useCacheForAllThreads by setting -Dorg.apache.ratis.thirdparty.io.netty.allocator.useCacheForAllThreads=false in command line.
2019-09-16 22:06:01,580 [main] INFO  grpc.GrpcConfigKeys$Server (ConfUtils.java:logGet(43)) - raft.grpc.server.port = 0 (default)
2019-09-16 22:06:01,580 [main] INFO  server.GrpcService (ConfUtils.java:logGet(43)) - raft.grpc.message.size.max = 33570816 (custom)
2019-09-16 22:06:01,581 [main] INFO  server.RaftServerConfigKeys (ConfUtils.java:logGet(43)) - raft.server.log.appender.buffer.byte-limit = 33554432 (custom)
2019-09-16 22:06:01,581 [main] INFO  server.GrpcService (ConfUtils.java:logGet(43)) - raft.grpc.flow.control.window = 1MB (=1048576) (default)
2019-09-16 22:06:01,581 [main] INFO  server.RaftServerConfigKeys (ConfUtils.java:logGet(43)) - raft.server.rpc.request.timeout = 3000ms (default)
2019-09-16 22:06:01,582 [main] INFO  server.RaftServerConfigKeys (ConfUtils.java:logGet(43)) - raft.server.storage.dir = [/workdir/hadoop-ozone/integration-test/target/test-dir/MiniOzoneClusterImpl-961741f6-a9e5-453d-b900-42a67a169637/datanode-1/data/ratis] (custom)
2019-09-16 22:06:01,584 [main] INFO  hdfs.DFSUtil (DFSUtil.java:httpServerTemplateForNNAndJN(1641)) - Starting Web-server for hddsDatanode at: http://0.0.0.0:0
2019-09-16 22:06:01,585 [main] INFO  server.AuthenticationFilter (AuthenticationFilter.java:constructSecretProvider(240)) - Unable to initialize FileSignerSecretProvider, falling back to use random secrets.
2019-09-16 22:06:01,586 [main] WARN  http.HttpRequestLog (HttpRequestLog.java:getRequestLog(97)) - Jetty request log can only be enabled using Log4j
2019-09-16 22:06:01,589 [main] INFO  http.HttpServer2 (HttpServer2.java:addGlobalFilter(975)) - Added global filter 'safety' (class=org.apache.hadoop.http.HttpServer2$QuotingInputFilter)
2019-09-16 22:06:01,589 [main] INFO  http.HttpServer2 (HttpServer2.java:addFilter(948)) - Added filter static_user_filter (class=org.apache.hadoop.http.lib.StaticUserWebFilter$StaticUserFilter) to context hddsDatanode
2019-09-16 22:06:01,590 [main] INFO  http.HttpServer2 (HttpServer2.java:addFilter(958)) - Added filter static_user_filter (class=org.apache.hadoop.http.lib.StaticUserWebFilter$StaticUserFilter) to context static
2019-09-16 22:06:01,590 [main] INFO  http.HttpServer2 (HttpServer2.java:addFilter(958)) - Added filter static_user_filter (class=org.apache.hadoop.http.lib.StaticUserWebFilter$StaticUserFilter) to context logs
2019-09-16 22:06:01,591 [main] INFO  http.HttpServer2 (HttpServer2.java:bindListener(1191)) - Jetty bound to port 35880
2019-09-16 22:06:01,591 [main] INFO  server.Server (Server.java:doStart(351)) - jetty-9.3.24.v20180605, build timestamp: 2018-06-05T17:11:56Z, git hash: 84205aa28f11a4f31f2a3b86d1bba2cc8ab69827
2019-09-16 22:06:01,595 [main] INFO  handler.ContextHandler (ContextHandler.java:doStart(781)) - Started o.e.j.s.ServletContextHandler@22a6e998{/logs,file:///workdir/hadoop-ozone/integration-test/target/log,AVAILABLE}
2019-09-16 22:06:01,595 [main] INFO  handler.ContextHandler (ContextHandler.java:doStart(781)) - Started o.e.j.s.ServletContextHandler@e57e5d6{/static,jar:file:/home/user/.m2/repository/org/apache/hadoop/hadoop-hdds-container-service/0.5.0-SNAPSHOT/hadoop-hdds-container-service-0.5.0-SNAPSHOT.jar!/webapps/static,AVAILABLE}
2019-09-16 22:06:01,629 [main] INFO  handler.ContextHandler (ContextHandler.java:doStart(781)) - Started o.e.j.w.WebAppContext@56a4f272{/,file:///tmp/jetty-0.0.0.0-35880-hddsDatanode-_-any-7977887241577337398.dir/webapp/,AVAILABLE}{/hddsDatanode}
2019-09-16 22:06:01,630 [main] INFO  server.AbstractConnector (AbstractConnector.java:doStart(278)) - Started ServerConnector@3ee0b4f7{HTTP/1.1,[http/1.1]}{0.0.0.0:35880}
2019-09-16 22:06:01,630 [main] INFO  server.Server (Server.java:doStart(419)) - Started @5924ms
2019-09-16 22:06:01,631 [main] WARN  impl.MetricsSystemImpl (MetricsSystemImpl.java:register(276)) - Sink prometheus already exists!
2019-09-16 22:06:01,633 [main] INFO  server.BaseHttpServer (BaseHttpServer.java:updateConnectorAddress(215)) - HTTP server of HDDSDATANODE is listening at http://0.0.0.0:35880
2019-09-16 22:06:01,633 [main] INFO  impl.MetricsSystemImpl (MetricsSystemImpl.java:init(158)) - HddsDatanode metrics system started (again)
2019-09-16 22:06:01,637 [org.apache.hadoop.util.JvmPauseMonitor$Monitor@15d31320] INFO  util.JvmPauseMonitor (JvmPauseMonitor.java:run(188)) - Starting JVM pause monitor
2019-09-16 22:06:01,638 [main] INFO  ozone.HddsDatanodeService (HddsDatanodeService.java:start(184)) - HddsDatanodeService host:pr-hdds-2135-v26ff-2356241440 ip:192.168.151.68
2019-09-16 22:06:01,650 [main] INFO  volume.HddsVolume (HddsVolume.java:<init>(176)) - Creating Volume: /workdir/hadoop-ozone/integration-test/target/test-dir/MiniOzoneClusterImpl-961741f6-a9e5-453d-b900-42a67a169637/datanode-2/data/containers/hdds of  storage type : DISK and capacity : 1482555576320
2019-09-16 22:06:01,651 [main] INFO  volume.VolumeSet (VolumeSet.java:initializeVolumeSet(170)) - Added Volume : /workdir/hadoop-ozone/integration-test/target/test-dir/MiniOzoneClusterImpl-961741f6-a9e5-453d-b900-42a67a169637/datanode-2/data/containers/hdds to VolumeSet
2019-09-16 22:06:01,651 [main] INFO  volume.ThrottledAsyncChecker (ThrottledAsyncChecker.java:schedule(139)) - Scheduling a check for org.apache.hadoop.ozone.container.common.volume.HddsVolume@58472096
2019-09-16 22:06:01,652 [main] INFO  volume.HddsVolumeChecker (HddsVolumeChecker.java:checkAllVolumes(202)) - Scheduled health check for volume org.apache.hadoop.ozone.container.common.volume.HddsVolume@58472096
2019-09-16 22:06:01,676 [main] INFO  impl.RaftServerProxy (ConfUtils.java:logGet(43)) - raft.rpc.type = GRPC (default)
2019-09-16 22:06:01,676 [main] INFO  grpc.GrpcFactory (GrpcFactory.java:checkPooledByteBufAllocatorUseCacheForAllThreads(45)) - PERFORMANCE WARNING: useCacheForAllThreads is true that may cause Netty to create a lot garbage objects and, as a result, trigger GC.
	It is recommended to disable useCacheForAllThreads by setting -Dorg.apache.ratis.thirdparty.io.netty.allocator.useCacheForAllThreads=false in command line.
2019-09-16 22:06:01,677 [main] INFO  grpc.GrpcConfigKeys$Server (ConfUtils.java:logGet(43)) - raft.grpc.server.port = 0 (default)
2019-09-16 22:06:01,677 [main] INFO  server.GrpcService (ConfUtils.java:logGet(43)) - raft.grpc.message.size.max = 33570816 (custom)
2019-09-16 22:06:01,677 [main] INFO  server.RaftServerConfigKeys (ConfUtils.java:logGet(43)) - raft.server.log.appender.buffer.byte-limit = 33554432 (custom)
2019-09-16 22:06:01,678 [main] INFO  server.GrpcService (ConfUtils.java:logGet(43)) - raft.grpc.flow.control.window = 1MB (=1048576) (default)
2019-09-16 22:06:01,678 [main] INFO  server.RaftServerConfigKeys (ConfUtils.java:logGet(43)) - raft.server.rpc.request.timeout = 3000ms (default)
2019-09-16 22:06:01,679 [main] INFO  server.RaftServerConfigKeys (ConfUtils.java:logGet(43)) - raft.server.storage.dir = [/workdir/hadoop-ozone/integration-test/target/test-dir/MiniOzoneClusterImpl-961741f6-a9e5-453d-b900-42a67a169637/datanode-2/data/ratis] (custom)
2019-09-16 22:06:01,682 [main] INFO  hdfs.DFSUtil (DFSUtil.java:httpServerTemplateForNNAndJN(1641)) - Starting Web-server for hddsDatanode at: http://0.0.0.0:0
2019-09-16 22:06:01,685 [main] INFO  server.AuthenticationFilter (AuthenticationFilter.java:constructSecretProvider(240)) - Unable to initialize FileSignerSecretProvider, falling back to use random secrets.
2019-09-16 22:06:01,686 [main] WARN  http.HttpRequestLog (HttpRequestLog.java:getRequestLog(97)) - Jetty request log can only be enabled using Log4j
2019-09-16 22:06:01,689 [main] INFO  http.HttpServer2 (HttpServer2.java:addGlobalFilter(975)) - Added global filter 'safety' (class=org.apache.hadoop.http.HttpServer2$QuotingInputFilter)
2019-09-16 22:06:01,690 [main] INFO  http.HttpServer2 (HttpServer2.java:addFilter(948)) - Added filter static_user_filter (class=org.apache.hadoop.http.lib.StaticUserWebFilter$StaticUserFilter) to context hddsDatanode
2019-09-16 22:06:01,691 [main] INFO  http.HttpServer2 (HttpServer2.java:addFilter(958)) - Added filter static_user_filter (class=org.apache.hadoop.http.lib.StaticUserWebFilter$StaticUserFilter) to context logs
2019-09-16 22:06:01,691 [main] INFO  http.HttpServer2 (HttpServer2.java:addFilter(958)) - Added filter static_user_filter (class=org.apache.hadoop.http.lib.StaticUserWebFilter$StaticUserFilter) to context static
2019-09-16 22:06:01,691 [Datanode State Machine Thread - 0] INFO  datanode.InitDatanodeState (InitDatanodeState.java:persistContainerDatanodeDetails(140)) - DatanodeDetails is persisted to /workdir/hadoop-ozone/integration-test/target/test-dir/MiniOzoneClusterImpl-961741f6-a9e5-453d-b900-42a67a169637/datanode-0/meta/datanode.id
2019-09-16 22:06:01,695 [main] INFO  http.HttpServer2 (HttpServer2.java:bindListener(1191)) - Jetty bound to port 46498
2019-09-16 22:06:01,695 [main] INFO  server.Server (Server.java:doStart(351)) - jetty-9.3.24.v20180605, build timestamp: 2018-06-05T17:11:56Z, git hash: 84205aa28f11a4f31f2a3b86d1bba2cc8ab69827
2019-09-16 22:06:01,696 [Datanode State Machine Thread - 0] INFO  datanode.InitDatanodeState (InitDatanodeState.java:persistContainerDatanodeDetails(140)) - DatanodeDetails is persisted to /workdir/hadoop-ozone/integration-test/target/test-dir/MiniOzoneClusterImpl-961741f6-a9e5-453d-b900-42a67a169637/datanode-1/meta/datanode.id
2019-09-16 22:06:01,698 [main] INFO  handler.ContextHandler (ContextHandler.java:doStart(781)) - Started o.e.j.s.ServletContextHandler@65e21ce3{/logs,file:///workdir/hadoop-ozone/integration-test/target/log,AVAILABLE}
2019-09-16 22:06:01,699 [main] INFO  handler.ContextHandler (ContextHandler.java:doStart(781)) - Started o.e.j.s.ServletContextHandler@522bf64e{/static,jar:file:/home/user/.m2/repository/org/apache/hadoop/hadoop-hdds-container-service/0.5.0-SNAPSHOT/hadoop-hdds-container-service-0.5.0-SNAPSHOT.jar!/webapps/static,AVAILABLE}
2019-09-16 22:06:01,744 [main] INFO  handler.ContextHandler (ContextHandler.java:doStart(781)) - Started o.e.j.w.WebAppContext@40e37b06{/,file:///tmp/jetty-0.0.0.0-46498-hddsDatanode-_-any-3641399577239505865.dir/webapp/,AVAILABLE}{/hddsDatanode}
2019-09-16 22:06:01,746 [main] INFO  server.AbstractConnector (AbstractConnector.java:doStart(278)) - Started ServerConnector@733aa9d8{HTTP/1.1,[http/1.1]}{0.0.0.0:46498}
2019-09-16 22:06:01,746 [main] INFO  server.Server (Server.java:doStart(419)) - Started @6039ms
2019-09-16 22:06:01,747 [main] WARN  impl.MetricsSystemImpl (MetricsSystemImpl.java:register(276)) - Sink prometheus already exists!
2019-09-16 22:06:01,748 [main] INFO  server.BaseHttpServer (BaseHttpServer.java:updateConnectorAddress(215)) - HTTP server of HDDSDATANODE is listening at http://0.0.0.0:46498
2019-09-16 22:06:01,748 [main] INFO  impl.MetricsSystemImpl (MetricsSystemImpl.java:init(158)) - HddsDatanode metrics system started (again)
2019-09-16 22:06:01,751 [org.apache.hadoop.util.JvmPauseMonitor$Monitor@12dfcdb9] INFO  util.JvmPauseMonitor (JvmPauseMonitor.java:run(188)) - Starting JVM pause monitor
2019-09-16 22:06:01,752 [main] INFO  ozone.HddsDatanodeService (HddsDatanodeService.java:start(184)) - HddsDatanodeService host:pr-hdds-2135-v26ff-2356241440 ip:192.168.151.68
2019-09-16 22:06:01,755 [Datanode State Machine Thread - 0] INFO  datanode.InitDatanodeState (InitDatanodeState.java:persistContainerDatanodeDetails(140)) - DatanodeDetails is persisted to /workdir/hadoop-ozone/integration-test/target/test-dir/MiniOzoneClusterImpl-961741f6-a9e5-453d-b900-42a67a169637/datanode-2/meta/datanode.id
2019-09-16 22:06:01,761 [main] INFO  volume.HddsVolume (HddsVolume.java:<init>(176)) - Creating Volume: /workdir/hadoop-ozone/integration-test/target/test-dir/MiniOzoneClusterImpl-961741f6-a9e5-453d-b900-42a67a169637/datanode-3/data/containers/hdds of  storage type : DISK and capacity : 1482555576320
2019-09-16 22:06:01,761 [main] INFO  volume.VolumeSet (VolumeSet.java:initializeVolumeSet(170)) - Added Volume : /workdir/hadoop-ozone/integration-test/target/test-dir/MiniOzoneClusterImpl-961741f6-a9e5-453d-b900-42a67a169637/datanode-3/data/containers/hdds to VolumeSet
2019-09-16 22:06:01,761 [main] INFO  volume.ThrottledAsyncChecker (ThrottledAsyncChecker.java:schedule(139)) - Scheduling a check for org.apache.hadoop.ozone.container.common.volume.HddsVolume@7e642b88
2019-09-16 22:06:01,762 [main] INFO  volume.HddsVolumeChecker (HddsVolumeChecker.java:checkAllVolumes(202)) - Scheduled health check for volume org.apache.hadoop.ozone.container.common.volume.HddsVolume@7e642b88
2019-09-16 22:06:01,779 [main] INFO  impl.RaftServerProxy (ConfUtils.java:logGet(43)) - raft.rpc.type = GRPC (default)
2019-09-16 22:06:01,779 [main] INFO  grpc.GrpcFactory (GrpcFactory.java:checkPooledByteBufAllocatorUseCacheForAllThreads(45)) - PERFORMANCE WARNING: useCacheForAllThreads is true that may cause Netty to create a lot garbage objects and, as a result, trigger GC.
	It is recommended to disable useCacheForAllThreads by setting -Dorg.apache.ratis.thirdparty.io.netty.allocator.useCacheForAllThreads=false in command line.
2019-09-16 22:06:01,779 [main] INFO  grpc.GrpcConfigKeys$Server (ConfUtils.java:logGet(43)) - raft.grpc.server.port = 0 (default)
2019-09-16 22:06:01,780 [main] INFO  server.GrpcService (ConfUtils.java:logGet(43)) - raft.grpc.message.size.max = 33570816 (custom)
2019-09-16 22:06:01,780 [main] INFO  server.RaftServerConfigKeys (ConfUtils.java:logGet(43)) - raft.server.log.appender.buffer.byte-limit = 33554432 (custom)
2019-09-16 22:06:01,780 [main] INFO  server.GrpcService (ConfUtils.java:logGet(43)) - raft.grpc.flow.control.window = 1MB (=1048576) (default)
2019-09-16 22:06:01,780 [main] INFO  server.RaftServerConfigKeys (ConfUtils.java:logGet(43)) - raft.server.rpc.request.timeout = 3000ms (default)
2019-09-16 22:06:01,781 [main] INFO  server.RaftServerConfigKeys (ConfUtils.java:logGet(43)) - raft.server.storage.dir = [/workdir/hadoop-ozone/integration-test/target/test-dir/MiniOzoneClusterImpl-961741f6-a9e5-453d-b900-42a67a169637/datanode-3/data/ratis] (custom)
2019-09-16 22:06:01,783 [main] INFO  hdfs.DFSUtil (DFSUtil.java:httpServerTemplateForNNAndJN(1641)) - Starting Web-server for hddsDatanode at: http://0.0.0.0:0
2019-09-16 22:06:01,785 [main] INFO  server.AuthenticationFilter (AuthenticationFilter.java:constructSecretProvider(240)) - Unable to initialize FileSignerSecretProvider, falling back to use random secrets.
2019-09-16 22:06:01,785 [main] WARN  http.HttpRequestLog (HttpRequestLog.java:getRequestLog(97)) - Jetty request log can only be enabled using Log4j
2019-09-16 22:06:01,788 [main] INFO  http.HttpServer2 (HttpServer2.java:addGlobalFilter(975)) - Added global filter 'safety' (class=org.apache.hadoop.http.HttpServer2$QuotingInputFilter)
2019-09-16 22:06:01,789 [main] INFO  http.HttpServer2 (HttpServer2.java:addFilter(948)) - Added filter static_user_filter (class=org.apache.hadoop.http.lib.StaticUserWebFilter$StaticUserFilter) to context hddsDatanode
2019-09-16 22:06:01,790 [main] INFO  http.HttpServer2 (HttpServer2.java:addFilter(958)) - Added filter static_user_filter (class=org.apache.hadoop.http.lib.StaticUserWebFilter$StaticUserFilter) to context static
2019-09-16 22:06:01,790 [main] INFO  http.HttpServer2 (HttpServer2.java:addFilter(958)) - Added filter static_user_filter (class=org.apache.hadoop.http.lib.StaticUserWebFilter$StaticUserFilter) to context logs
2019-09-16 22:06:01,791 [main] INFO  http.HttpServer2 (HttpServer2.java:bindListener(1191)) - Jetty bound to port 41223
2019-09-16 22:06:01,791 [main] INFO  server.Server (Server.java:doStart(351)) - jetty-9.3.24.v20180605, build timestamp: 2018-06-05T17:11:56Z, git hash: 84205aa28f11a4f31f2a3b86d1bba2cc8ab69827
2019-09-16 22:06:01,796 [main] INFO  handler.ContextHandler (ContextHandler.java:doStart(781)) - Started o.e.j.s.ServletContextHandler@37df14d1{/logs,file:///workdir/hadoop-ozone/integration-test/target/log,AVAILABLE}
2019-09-16 22:06:01,797 [main] INFO  handler.ContextHandler (ContextHandler.java:doStart(781)) - Started o.e.j.s.ServletContextHandler@7724704f{/static,jar:file:/home/user/.m2/repository/org/apache/hadoop/hadoop-hdds-container-service/0.5.0-SNAPSHOT/hadoop-hdds-container-service-0.5.0-SNAPSHOT.jar!/webapps/static,AVAILABLE}
2019-09-16 22:06:01,842 [main] INFO  handler.ContextHandler (ContextHandler.java:doStart(781)) - Started o.e.j.w.WebAppContext@70972170{/,file:///tmp/jetty-0.0.0.0-41223-hddsDatanode-_-any-7785040400167480508.dir/webapp/,AVAILABLE}{/hddsDatanode}
2019-09-16 22:06:01,844 [main] INFO  server.AbstractConnector (AbstractConnector.java:doStart(278)) - Started ServerConnector@119aa36{HTTP/1.1,[http/1.1]}{0.0.0.0:41223}
2019-09-16 22:06:01,845 [main] INFO  server.Server (Server.java:doStart(419)) - Started @6139ms
2019-09-16 22:06:01,846 [main] WARN  impl.MetricsSystemImpl (MetricsSystemImpl.java:register(276)) - Sink prometheus already exists!
2019-09-16 22:06:01,847 [main] INFO  server.BaseHttpServer (BaseHttpServer.java:updateConnectorAddress(215)) - HTTP server of HDDSDATANODE is listening at http://0.0.0.0:41223
2019-09-16 22:06:01,848 [main] INFO  ozone.MiniOzoneClusterImpl (MiniOzoneClusterImpl.java:lambda$waitForClusterToBeReady$0(145)) - Waiting for cluster to be ready. Got 0 of 4 DN Heartbeats.
2019-09-16 22:06:01,850 [org.apache.hadoop.util.JvmPauseMonitor$Monitor@19865c6] INFO  util.JvmPauseMonitor (JvmPauseMonitor.java:run(188)) - Starting JVM pause monitor
2019-09-16 22:06:01,853 [Datanode State Machine Thread - 0] INFO  datanode.InitDatanodeState (InitDatanodeState.java:persistContainerDatanodeDetails(140)) - DatanodeDetails is persisted to /workdir/hadoop-ozone/integration-test/target/test-dir/MiniOzoneClusterImpl-961741f6-a9e5-453d-b900-42a67a169637/datanode-3/meta/datanode.id
2019-09-16 22:06:02,849 [main] INFO  ozone.MiniOzoneClusterImpl (MiniOzoneClusterImpl.java:lambda$waitForClusterToBeReady$0(145)) - Waiting for cluster to be ready. Got 0 of 4 DN Heartbeats.
2019-09-16 22:06:03,612 [Datanode State Machine Thread - 0] INFO  ozoneimpl.OzoneContainer (OzoneContainer.java:start(217)) - Attempting to start container services.
2019-09-16 22:06:03,615 [Datanode State Machine Thread - 0] INFO  ozoneimpl.OzoneContainer (OzoneContainer.java:startContainerScrub(179)) - Background container scanner has been disabled.
2019-09-16 22:06:03,615 [Datanode State Machine Thread - 0] INFO  ratis.XceiverServerRatis (XceiverServerRatis.java:start(411)) - Starting XceiverServerRatis 29c0e794-a40f-4883-a7a1-c22f50b70ae2 at port 0
2019-09-16 22:06:03,647 [Datanode State Machine Thread - 0] INFO  impl.RaftServerProxy (RaftServerProxy.java:lambda$start$3(299)) - 29c0e794-a40f-4883-a7a1-c22f50b70ae2: start RPC server
2019-09-16 22:06:03,654 [Datanode State Machine Thread - 0] INFO  ozoneimpl.OzoneContainer (OzoneContainer.java:start(217)) - Attempting to start container services.
2019-09-16 22:06:03,662 [Datanode State Machine Thread - 0] INFO  ozoneimpl.OzoneContainer (OzoneContainer.java:startContainerScrub(179)) - Background container scanner has been disabled.
2019-09-16 22:06:03,663 [Datanode State Machine Thread - 0] INFO  ratis.XceiverServerRatis (XceiverServerRatis.java:start(411)) - Starting XceiverServerRatis 60771ce2-cd42-4255-85c7-777bb110dbb3 at port 0
2019-09-16 22:06:03,677 [Datanode State Machine Thread - 0] INFO  impl.RaftServerProxy (RaftServerProxy.java:lambda$start$3(299)) - 60771ce2-cd42-4255-85c7-777bb110dbb3: start RPC server
2019-09-16 22:06:03,770 [Datanode State Machine Thread - 0] INFO  ozoneimpl.OzoneContainer (OzoneContainer.java:start(217)) - Attempting to start container services.
2019-09-16 22:06:03,772 [Datanode State Machine Thread - 0] INFO  ozoneimpl.OzoneContainer (OzoneContainer.java:startContainerScrub(179)) - Background container scanner has been disabled.
2019-09-16 22:06:03,772 [Datanode State Machine Thread - 0] INFO  ratis.XceiverServerRatis (XceiverServerRatis.java:start(411)) - Starting XceiverServerRatis 19a7bb33-cf5f-4df5-8bf9-d823f6efe25a at port 0
2019-09-16 22:06:03,782 [Datanode State Machine Thread - 0] INFO  impl.RaftServerProxy (RaftServerProxy.java:lambda$start$3(299)) - 19a7bb33-cf5f-4df5-8bf9-d823f6efe25a: start RPC server
2019-09-16 22:06:03,815 [Datanode State Machine Thread - 0] INFO  server.GrpcService (GrpcService.java:startImpl(158)) - 29c0e794-a40f-4883-a7a1-c22f50b70ae2: GrpcService started, listening on 0.0.0.0/0.0.0.0:32941
2019-09-16 22:06:03,815 [Datanode State Machine Thread - 0] INFO  server.GrpcService (GrpcService.java:startImpl(158)) - 19a7bb33-cf5f-4df5-8bf9-d823f6efe25a: GrpcService started, listening on 0.0.0.0/0.0.0.0:42577
2019-09-16 22:06:03,816 [Datanode State Machine Thread - 0] INFO  ratis.XceiverServerRatis (XceiverServerRatis.java:start(421)) - XceiverServerRatis 29c0e794-a40f-4883-a7a1-c22f50b70ae2 is started using port 32941
2019-09-16 22:06:03,815 [Datanode State Machine Thread - 0] INFO  server.GrpcService (GrpcService.java:startImpl(158)) - 60771ce2-cd42-4255-85c7-777bb110dbb3: GrpcService started, listening on 0.0.0.0/0.0.0.0:46813
2019-09-16 22:06:03,817 [Datanode State Machine Thread - 0] INFO  ratis.XceiverServerRatis (XceiverServerRatis.java:start(421)) - XceiverServerRatis 19a7bb33-cf5f-4df5-8bf9-d823f6efe25a is started using port 42577
2019-09-16 22:06:03,817 [Datanode State Machine Thread - 0] INFO  ratis.XceiverServerRatis (XceiverServerRatis.java:start(421)) - XceiverServerRatis 60771ce2-cd42-4255-85c7-777bb110dbb3 is started using port 46813
2019-09-16 22:06:03,823 [Datanode State Machine Thread - 0] INFO  server.XceiverServerGrpc (XceiverServerGrpc.java:start(163)) - XceiverServerGrpc 29c0e794-a40f-4883-a7a1-c22f50b70ae2 is started using port 45201
2019-09-16 22:06:03,824 [Datanode State Machine Thread - 0] INFO  server.XceiverServerGrpc (XceiverServerGrpc.java:start(163)) - XceiverServerGrpc 60771ce2-cd42-4255-85c7-777bb110dbb3 is started using port 42512
2019-09-16 22:06:03,824 [Datanode State Machine Thread - 0] INFO  server.XceiverServerGrpc (XceiverServerGrpc.java:start(163)) - XceiverServerGrpc 19a7bb33-cf5f-4df5-8bf9-d823f6efe25a is started using port 34270
2019-09-16 22:06:03,850 [main] INFO  ozone.MiniOzoneClusterImpl (MiniOzoneClusterImpl.java:lambda$waitForClusterToBeReady$0(145)) - Waiting for cluster to be ready. Got 0 of 4 DN Heartbeats.
2019-09-16 22:06:03,867 [Datanode State Machine Thread - 0] INFO  ozoneimpl.OzoneContainer (OzoneContainer.java:start(217)) - Attempting to start container services.
2019-09-16 22:06:03,869 [Datanode State Machine Thread - 0] INFO  ozoneimpl.OzoneContainer (OzoneContainer.java:startContainerScrub(179)) - Background container scanner has been disabled.
2019-09-16 22:06:03,869 [Datanode State Machine Thread - 0] INFO  ratis.XceiverServerRatis (XceiverServerRatis.java:start(411)) - Starting XceiverServerRatis 3231d43f-efe3-452c-bd2e-a4eeefccf54b at port 0
2019-09-16 22:06:03,880 [Datanode State Machine Thread - 0] INFO  impl.RaftServerProxy (RaftServerProxy.java:lambda$start$3(299)) - 3231d43f-efe3-452c-bd2e-a4eeefccf54b: start RPC server
2019-09-16 22:06:03,882 [Datanode State Machine Thread - 0] INFO  server.GrpcService (GrpcService.java:startImpl(158)) - 3231d43f-efe3-452c-bd2e-a4eeefccf54b: GrpcService started, listening on 0.0.0.0/0.0.0.0:42863
2019-09-16 22:06:03,883 [Datanode State Machine Thread - 0] INFO  ratis.XceiverServerRatis (XceiverServerRatis.java:start(421)) - XceiverServerRatis 3231d43f-efe3-452c-bd2e-a4eeefccf54b is started using port 42863
2019-09-16 22:06:03,886 [Datanode State Machine Thread - 0] INFO  server.XceiverServerGrpc (XceiverServerGrpc.java:start(163)) - XceiverServerGrpc 3231d43f-efe3-452c-bd2e-a4eeefccf54b is started using port 44339
2019-09-16 22:06:04,850 [main] INFO  ozone.MiniOzoneClusterImpl (MiniOzoneClusterImpl.java:lambda$waitForClusterToBeReady$0(145)) - Waiting for cluster to be ready. Got 0 of 4 DN Heartbeats.
2019-09-16 22:06:05,598 [IPC Server handler 1 on 45596] INFO  net.NetworkTopology (NetworkTopologyImpl.java:add(110)) - Added a new node: /default-rack/29c0e794-a40f-4883-a7a1-c22f50b70ae2
2019-09-16 22:06:05,599 [IPC Server handler 1 on 45596] INFO  node.SCMNodeManager (SCMNodeManager.java:register(266)) - Registered Data node : 29c0e794-a40f-4883-a7a1-c22f50b70ae2{ip: 192.168.151.68, host: pr-hdds-2135-v26ff-2356241440, networkLocation: /default-rack, certSerialId: null}
2019-09-16 22:06:05,605 [EventQueue-NodeRegistrationContainerReportForDataNodeSafeModeRule] INFO  safemode.SCMSafeModeManager (DataNodeSafeModeRule.java:process(71)) - SCM in safe mode. 1 DataNodes registered, 1 required.
2019-09-16 22:06:05,605 [EventQueue-NodeRegistrationContainerReportForDataNodeSafeModeRule] INFO  safemode.SCMSafeModeManager (SCMSafeModeManager.java:validateSafeModeExitRules(177)) - ScmSafeModeManager, all rules are successfully validated
2019-09-16 22:06:05,605 [EventQueue-NodeRegistrationContainerReportForDataNodeSafeModeRule] INFO  safemode.SCMSafeModeManager (SCMSafeModeManager.java:exitSafeMode(193)) - SCM exiting safe mode.
2019-09-16 22:06:05,640 [IPC Server handler 2 on 45596] INFO  net.NetworkTopology (NetworkTopologyImpl.java:add(110)) - Added a new node: /default-rack/60771ce2-cd42-4255-85c7-777bb110dbb3
2019-09-16 22:06:05,640 [IPC Server handler 2 on 45596] INFO  node.SCMNodeManager (SCMNodeManager.java:register(266)) - Registered Data node : 60771ce2-cd42-4255-85c7-777bb110dbb3{ip: 192.168.151.68, host: pr-hdds-2135-v26ff-2356241440, networkLocation: /default-rack, certSerialId: null}
2019-09-16 22:06:05,755 [IPC Server handler 7 on 45596] INFO  net.NetworkTopology (NetworkTopologyImpl.java:add(110)) - Added a new node: /default-rack/19a7bb33-cf5f-4df5-8bf9-d823f6efe25a
2019-09-16 22:06:05,755 [IPC Server handler 7 on 45596] INFO  node.SCMNodeManager (SCMNodeManager.java:register(266)) - Registered Data node : 19a7bb33-cf5f-4df5-8bf9-d823f6efe25a{ip: 192.168.151.68, host: pr-hdds-2135-v26ff-2356241440, networkLocation: /default-rack, certSerialId: null}
2019-09-16 22:06:05,851 [main] INFO  ozone.MiniOzoneClusterImpl (MiniOzoneClusterImpl.java:lambda$waitForClusterToBeReady$0(145)) - Waiting for cluster to be ready. Got 3 of 4 DN Heartbeats.
2019-09-16 22:06:05,854 [IPC Server handler 1 on 45596] INFO  net.NetworkTopology (NetworkTopologyImpl.java:add(110)) - Added a new node: /default-rack/3231d43f-efe3-452c-bd2e-a4eeefccf54b
2019-09-16 22:06:05,854 [IPC Server handler 1 on 45596] INFO  node.SCMNodeManager (SCMNodeManager.java:register(266)) - Registered Data node : 3231d43f-efe3-452c-bd2e-a4eeefccf54b{ip: 192.168.151.68, host: pr-hdds-2135-v26ff-2356241440, networkLocation: /default-rack, certSerialId: null}
2019-09-16 22:06:06,211 [grpc-default-executor-0] INFO  impl.RaftServerProxy (RaftServerProxy.java:addNew(89)) - 29c0e794-a40f-4883-a7a1-c22f50b70ae2: addNew group-60228AC161DB:[29c0e794-a40f-4883-a7a1-c22f50b70ae2:192.168.151.68:32941] returns group-60228AC161DB:java.util.concurrent.CompletableFuture@6728536e[Not completed]
2019-09-16 22:06:06,239 [pool-27-thread-1] INFO  impl.RaftServerImpl (RaftServerImpl.java:<init>(95)) - 29c0e794-a40f-4883-a7a1-c22f50b70ae2: new RaftServerImpl for group-60228AC161DB:[29c0e794-a40f-4883-a7a1-c22f50b70ae2:192.168.151.68:32941] with ContainerStateMachine:uninitialized
2019-09-16 22:06:06,242 [pool-27-thread-1] INFO  server.RaftServerConfigKeys (ConfUtils.java:logGet(43)) - raft.server.rpc.timeout.min = 5s (custom)
2019-09-16 22:06:06,245 [pool-27-thread-1] INFO  server.RaftServerConfigKeys (ConfUtils.java:logGet(43)) - raft.server.rpc.timeout.max = 5200ms (custom)
2019-09-16 22:06:06,245 [pool-27-thread-1] INFO  server.RaftServerConfigKeys (ConfUtils.java:logGet(43)) - raft.server.rpcslowness.timeout = 1000s (custom)
2019-09-16 22:06:06,246 [pool-27-thread-1] INFO  server.RaftServerConfigKeys (ConfUtils.java:logGet(43)) - raft.server.sleep.deviation.threshold = 300 (default)
2019-09-16 22:06:06,247 [pool-27-thread-1] INFO  server.RaftServerConfigKeys (ConfUtils.java:logGet(43)) - raft.server.log.appender.install.snapshot.enabled = false (custom)
2019-09-16 22:06:06,259 [pool-27-thread-1] INFO  impl.RaftServerImpl (ServerState.java:<init>(103)) - 29c0e794-a40f-4883-a7a1-c22f50b70ae2@group-60228AC161DB: ConfigurationManager, init=-1: [29c0e794-a40f-4883-a7a1-c22f50b70ae2:192.168.151.68:32941], old=null, confs=<EMPTY_MAP>
2019-09-16 22:06:06,259 [pool-27-thread-1] INFO  server.RaftServerConfigKeys (ConfUtils.java:logGet(43)) - raft.server.storage.dir = [/workdir/hadoop-ozone/integration-test/target/test-dir/MiniOzoneClusterImpl-961741f6-a9e5-453d-b900-42a67a169637/datanode-0/data/ratis] (custom)
2019-09-16 22:06:06,267 [pool-27-thread-1] INFO  storage.RaftStorageDirectory (RaftStorageDirectory.java:analyzeStorage(246)) - The storage directory /workdir/hadoop-ozone/integration-test/target/test-dir/MiniOzoneClusterImpl-961741f6-a9e5-453d-b900-42a67a169637/datanode-0/data/ratis/b705e4b7-0e24-446f-a7e9-60228ac161db does not exist. Creating ...
2019-09-16 22:06:06,294 [pool-27-thread-1] INFO  storage.RaftStorageDirectory (RaftStorageDirectory.java:tryLock(328)) - Lock on /workdir/hadoop-ozone/integration-test/target/test-dir/MiniOzoneClusterImpl-961741f6-a9e5-453d-b900-42a67a169637/datanode-0/data/ratis/b705e4b7-0e24-446f-a7e9-60228ac161db/in_use.lock acquired by nodename 12823@pr-hdds-2135-v26ff-2356241440
2019-09-16 22:06:06,310 [pool-27-thread-1] INFO  storage.RaftStorage (RaftStorage.java:format(72)) - Storage directory /workdir/hadoop-ozone/integration-test/target/test-dir/MiniOzoneClusterImpl-961741f6-a9e5-453d-b900-42a67a169637/datanode-0/data/ratis/b705e4b7-0e24-446f-a7e9-60228ac161db has been successfully formatted.
2019-09-16 22:06:06,313 [pool-27-thread-1] INFO  ratis.ContainerStateMachine (ContainerStateMachine.java:loadSnapshot(230)) - group-60228AC161DB: The snapshot info is null. Setting the last applied indexto:(t:0, i:~)
2019-09-16 22:06:06,313 [pool-27-thread-1] INFO  server.RaftServerConfigKeys (ConfUtils.java:logGet(43)) - raft.server.notification.no-leader.timeout = 1000s (custom)
2019-09-16 22:06:06,316 [pool-27-thread-1] INFO  server.RaftServerConfigKeys (ConfUtils.java:logGet(43)) - raft.server.log.use.memory = false (default)
2019-09-16 22:06:06,323 [pool-27-thread-1] INFO  server.RaftServerConfigKeys (ConfUtils.java:logGet(43)) - raft.server.log.purge.gap = 1000000 (custom)
2019-09-16 22:06:06,324 [pool-27-thread-1] INFO  server.RaftServerConfigKeys (ConfUtils.java:logGet(43)) - raft.server.log.appender.buffer.byte-limit = 33554432 (custom)
2019-09-16 22:06:06,326 [pool-27-thread-1] INFO  server.RaftServerConfigKeys (ConfUtils.java:logGet(43)) - raft.server.log.segment.size.max = 1048576 (custom)
2019-09-16 22:06:06,332 [pool-27-thread-1] INFO  server.RaftServerConfigKeys (ConfUtils.java:logGet(43)) - raft.server.log.segment.cache.num.max = 2 (custom)
2019-09-16 22:06:06,339 [pool-27-thread-1] INFO  segmented.SegmentedRaftLogWorker (SegmentedRaftLogWorker.java:<init>(172)) - new 29c0e794-a40f-4883-a7a1-c22f50b70ae2@group-60228AC161DB-SegmentedRaftLogWorker for RaftStorage:Storage Directory /workdir/hadoop-ozone/integration-test/target/test-dir/MiniOzoneClusterImpl-961741f6-a9e5-453d-b900-42a67a169637/datanode-0/data/ratis/b705e4b7-0e24-446f-a7e9-60228ac161db
2019-09-16 22:06:06,341 [pool-27-thread-1] INFO  impl.MetricsSystemImpl (MetricsSystemImpl.java:init(158)) - ratis metrics system started (again)
2019-09-16 22:06:06,384 [pool-27-thread-1] INFO  server.RaftServerConfigKeys (ConfUtils.java:logGet(43)) - raft.server.log.queue.byte-limit = 2147483647 (custom)
2019-09-16 22:06:06,385 [pool-27-thread-1] INFO  server.RaftServerConfigKeys (ConfUtils.java:logGet(43)) - raft.server.log.queue.element-limit = 1024 (custom)
2019-09-16 22:06:06,388 [pool-27-thread-1] INFO  server.RaftServerConfigKeys (ConfUtils.java:logGet(43)) - raft.server.log.segment.size.max = 1048576 (custom)
2019-09-16 22:06:06,389 [pool-27-thread-1] INFO  server.RaftServerConfigKeys (ConfUtils.java:logGet(43)) - raft.server.log.preallocated.size = 16384 (custom)
2019-09-16 22:06:06,389 [pool-27-thread-1] INFO  server.RaftServerConfigKeys (ConfUtils.java:logGet(43)) - raft.server.log.write.buffer.size = 33554432 (custom)
2019-09-16 22:06:06,390 [pool-27-thread-1] INFO  server.RaftServerConfigKeys (ConfUtils.java:logGet(43)) - raft.server.log.force.sync.num = 128 (default)
2019-09-16 22:06:06,391 [pool-27-thread-1] INFO  server.RaftServerConfigKeys (ConfUtils.java:logGet(43)) - raft.server.log.statemachine.data.sync = true (default)
2019-09-16 22:06:06,391 [pool-27-thread-1] INFO  server.RaftServerConfigKeys (ConfUtils.java:logGet(43)) - raft.server.log.statemachine.data.sync.timeout = 10s (default)
2019-09-16 22:06:06,391 [pool-27-thread-1] INFO  server.RaftServerConfigKeys (ConfUtils.java:logGet(43)) - raft.server.log.statemachine.data.sync.timeout.retry = -1 (default)
2019-09-16 22:06:06,401 [pool-27-thread-1] INFO  server.RaftServerConfigKeys (ConfUtils.java:logGet(43)) - raft.server.log.statemachine.data.caching.enabled = true (custom)
2019-09-16 22:06:06,406 [pool-27-thread-1] INFO  segmented.SegmentedRaftLogWorker (SegmentedRaftLogWorker.java:lambda$new$0(132)) - 29c0e794-a40f-4883-a7a1-c22f50b70ae2@group-60228AC161DB-SegmentedRaftLogWorker: flushIndex: setUnconditionally 0 -> -1
2019-09-16 22:06:06,410 [pool-27-thread-1] INFO  server.RaftServerConfigKeys (ConfUtils.java:logGet(43)) - raft.server.snapshot.auto.trigger.enabled = true (custom)
2019-09-16 22:06:06,411 [pool-27-thread-1] INFO  server.RaftServerConfigKeys (ConfUtils.java:logGet(43)) - raft.server.snapshot.auto.trigger.threshold = 10000 (custom)
2019-09-16 22:06:06,412 [pool-27-thread-1] INFO  server.RaftServerConfigKeys (ConfUtils.java:logGet(43)) - raft.server.snapshot.retention.num.files = 5 (custom)
2019-09-16 22:06:06,412 [pool-27-thread-1] INFO  server.RaftServerConfigKeys (ConfUtils.java:logGet(43)) - raft.server.retrycache.expirytime = 600000ms (custom)
2019-09-16 22:06:06,458 [pool-27-thread-1] INFO  impl.RaftServerImpl (RaftServerImpl.java:start(185)) - 29c0e794-a40f-4883-a7a1-c22f50b70ae2@group-60228AC161DB: start as a follower, conf=-1: [29c0e794-a40f-4883-a7a1-c22f50b70ae2:192.168.151.68:32941], old=null
2019-09-16 22:06:06,460 [pool-27-thread-1] INFO  impl.RaftServerImpl (RaftServerImpl.java:setRole(174)) - 29c0e794-a40f-4883-a7a1-c22f50b70ae2@group-60228AC161DB: changes role from      null to FOLLOWER at term 0 for startAsFollower
2019-09-16 22:06:06,462 [pool-27-thread-1] INFO  impl.RoleInfo (RoleInfo.java:updateAndGet(143)) - 29c0e794-a40f-4883-a7a1-c22f50b70ae2: start FollowerState
2019-09-16 22:06:06,465 [pool-27-thread-1] INFO  util.JmxRegister (JmxRegister.java:tryRegister(44)) - Successfully registered JMX Bean with object name Ratis:service=RaftServer,group=group-60228AC161DB,id=29c0e794-a40f-4883-a7a1-c22f50b70ae2
2019-09-16 22:06:06,548 [RatisPipelineUtilsThread] INFO  pipeline.PipelineStateManager (PipelineStateManager.java:addPipeline(56)) - Created pipeline Pipeline[ Id: b705e4b7-0e24-446f-a7e9-60228ac161db, Nodes: 29c0e794-a40f-4883-a7a1-c22f50b70ae2{ip: 192.168.151.68, host: pr-hdds-2135-v26ff-2356241440, networkLocation: /default-rack, certSerialId: null}, Type:RATIS, Factor:ONE, State:OPEN]
2019-09-16 22:06:06,573 [grpc-default-executor-0] INFO  impl.RaftServerProxy (RaftServerProxy.java:addNew(89)) - 19a7bb33-cf5f-4df5-8bf9-d823f6efe25a: addNew group-F3770E22BE69:[19a7bb33-cf5f-4df5-8bf9-d823f6efe25a:192.168.151.68:42577] returns group-F3770E22BE69:java.util.concurrent.CompletableFuture@345ac590[Not completed]
2019-09-16 22:06:06,614 [pool-47-thread-1] INFO  impl.RaftServerImpl (RaftServerImpl.java:<init>(95)) - 19a7bb33-cf5f-4df5-8bf9-d823f6efe25a: new RaftServerImpl for group-F3770E22BE69:[19a7bb33-cf5f-4df5-8bf9-d823f6efe25a:192.168.151.68:42577] with ContainerStateMachine:uninitialized
2019-09-16 22:06:06,616 [pool-47-thread-1] INFO  server.RaftServerConfigKeys (ConfUtils.java:logGet(43)) - raft.server.rpc.timeout.min = 5s (custom)
2019-09-16 22:06:06,616 [pool-47-thread-1] INFO  server.RaftServerConfigKeys (ConfUtils.java:logGet(43)) - raft.server.rpc.timeout.max = 5200ms (custom)
2019-09-16 22:06:06,617 [pool-47-thread-1] INFO  server.RaftServerConfigKeys (ConfUtils.java:logGet(43)) - raft.server.rpcslowness.timeout = 1000s (custom)
2019-09-16 22:06:06,617 [pool-47-thread-1] INFO  server.RaftServerConfigKeys (ConfUtils.java:logGet(43)) - raft.server.sleep.deviation.threshold = 300 (default)
2019-09-16 22:06:06,617 [pool-47-thread-1] INFO  server.RaftServerConfigKeys (ConfUtils.java:logGet(43)) - raft.server.log.appender.install.snapshot.enabled = false (custom)
2019-09-16 22:06:06,617 [pool-47-thread-1] INFO  impl.RaftServerImpl (ServerState.java:<init>(103)) - 19a7bb33-cf5f-4df5-8bf9-d823f6efe25a@group-F3770E22BE69: ConfigurationManager, init=-1: [19a7bb33-cf5f-4df5-8bf9-d823f6efe25a:192.168.151.68:42577], old=null, confs=<EMPTY_MAP>
2019-09-16 22:06:06,617 [pool-47-thread-1] INFO  server.RaftServerConfigKeys (ConfUtils.java:logGet(43)) - raft.server.storage.dir = [/workdir/hadoop-ozone/integration-test/target/test-dir/MiniOzoneClusterImpl-961741f6-a9e5-453d-b900-42a67a169637/datanode-2/data/ratis] (custom)
2019-09-16 22:06:06,618 [pool-47-thread-1] INFO  storage.RaftStorageDirectory (RaftStorageDirectory.java:analyzeStorage(246)) - The storage directory /workdir/hadoop-ozone/integration-test/target/test-dir/MiniOzoneClusterImpl-961741f6-a9e5-453d-b900-42a67a169637/datanode-2/data/ratis/4adb7e39-7001-4714-a8cc-f3770e22be69 does not exist. Creating ...
2019-09-16 22:06:06,632 [pool-47-thread-1] INFO  storage.RaftStorageDirectory (RaftStorageDirectory.java:tryLock(328)) - Lock on /workdir/hadoop-ozone/integration-test/target/test-dir/MiniOzoneClusterImpl-961741f6-a9e5-453d-b900-42a67a169637/datanode-2/data/ratis/4adb7e39-7001-4714-a8cc-f3770e22be69/in_use.lock acquired by nodename 12823@pr-hdds-2135-v26ff-2356241440
2019-09-16 22:06:06,645 [pool-47-thread-1] INFO  storage.RaftStorage (RaftStorage.java:format(72)) - Storage directory /workdir/hadoop-ozone/integration-test/target/test-dir/MiniOzoneClusterImpl-961741f6-a9e5-453d-b900-42a67a169637/datanode-2/data/ratis/4adb7e39-7001-4714-a8cc-f3770e22be69 has been successfully formatted.
2019-09-16 22:06:06,646 [pool-47-thread-1] INFO  ratis.ContainerStateMachine (ContainerStateMachine.java:loadSnapshot(230)) - group-F3770E22BE69: The snapshot info is null. Setting the last applied indexto:(t:0, i:~)
2019-09-16 22:06:06,647 [pool-47-thread-1] INFO  server.RaftServerConfigKeys (ConfUtils.java:logGet(43)) - raft.server.notification.no-leader.timeout = 1000s (custom)
2019-09-16 22:06:06,647 [pool-47-thread-1] INFO  server.RaftServerConfigKeys (ConfUtils.java:logGet(43)) - raft.server.log.use.memory = false (default)
2019-09-16 22:06:06,647 [pool-47-thread-1] INFO  server.RaftServerConfigKeys (ConfUtils.java:logGet(43)) - raft.server.log.purge.gap = 1000000 (custom)
2019-09-16 22:06:06,647 [pool-47-thread-1] INFO  server.RaftServerConfigKeys (ConfUtils.java:logGet(43)) - raft.server.log.appender.buffer.byte-limit = 33554432 (custom)
2019-09-16 22:06:06,648 [pool-47-thread-1] INFO  server.RaftServerConfigKeys (ConfUtils.java:logGet(43)) - raft.server.log.segment.size.max = 1048576 (custom)
2019-09-16 22:06:06,648 [pool-47-thread-1] INFO  server.RaftServerConfigKeys (ConfUtils.java:logGet(43)) - raft.server.log.segment.cache.num.max = 2 (custom)
2019-09-16 22:06:06,648 [pool-47-thread-1] INFO  segmented.SegmentedRaftLogWorker (SegmentedRaftLogWorker.java:<init>(172)) - new 19a7bb33-cf5f-4df5-8bf9-d823f6efe25a@group-F3770E22BE69-SegmentedRaftLogWorker for RaftStorage:Storage Directory /workdir/hadoop-ozone/integration-test/target/test-dir/MiniOzoneClusterImpl-961741f6-a9e5-453d-b900-42a67a169637/datanode-2/data/ratis/4adb7e39-7001-4714-a8cc-f3770e22be69
2019-09-16 22:06:06,655 [pool-47-thread-1] INFO  server.RaftServerConfigKeys (ConfUtils.java:logGet(43)) - raft.server.log.queue.byte-limit = 2147483647 (custom)
2019-09-16 22:06:06,655 [pool-47-thread-1] INFO  server.RaftServerConfigKeys (ConfUtils.java:logGet(43)) - raft.server.log.queue.element-limit = 1024 (custom)
2019-09-16 22:06:06,655 [pool-47-thread-1] INFO  server.RaftServerConfigKeys (ConfUtils.java:logGet(43)) - raft.server.log.segment.size.max = 1048576 (custom)
2019-09-16 22:06:06,655 [pool-47-thread-1] INFO  server.RaftServerConfigKeys (ConfUtils.java:logGet(43)) - raft.server.log.preallocated.size = 16384 (custom)
2019-09-16 22:06:06,655 [pool-47-thread-1] INFO  server.RaftServerConfigKeys (ConfUtils.java:logGet(43)) - raft.server.log.write.buffer.size = 33554432 (custom)
2019-09-16 22:06:06,656 [pool-47-thread-1] INFO  server.RaftServerConfigKeys (ConfUtils.java:logGet(43)) - raft.server.log.force.sync.num = 128 (default)
2019-09-16 22:06:06,656 [pool-47-thread-1] INFO  server.RaftServerConfigKeys (ConfUtils.java:logGet(43)) - raft.server.log.statemachine.data.sync = true (default)
2019-09-16 22:06:06,656 [pool-47-thread-1] INFO  server.RaftServerConfigKeys (ConfUtils.java:logGet(43)) - raft.server.log.statemachine.data.sync.timeout = 10s (default)
2019-09-16 22:06:06,656 [pool-47-thread-1] INFO  server.RaftServerConfigKeys (ConfUtils.java:logGet(43)) - raft.server.log.statemachine.data.sync.timeout.retry = -1 (default)
2019-09-16 22:06:06,656 [pool-47-thread-1] INFO  server.RaftServerConfigKeys (ConfUtils.java:logGet(43)) - raft.server.log.statemachine.data.caching.enabled = true (custom)
2019-09-16 22:06:06,657 [pool-47-thread-1] INFO  segmented.SegmentedRaftLogWorker (SegmentedRaftLogWorker.java:lambda$new$0(132)) - 19a7bb33-cf5f-4df5-8bf9-d823f6efe25a@group-F3770E22BE69-SegmentedRaftLogWorker: flushIndex: setUnconditionally 0 -> -1
2019-09-16 22:06:06,657 [pool-47-thread-1] INFO  server.RaftServerConfigKeys (ConfUtils.java:logGet(43)) - raft.server.snapshot.auto.trigger.enabled = true (custom)
2019-09-16 22:06:06,657 [pool-47-thread-1] INFO  server.RaftServerConfigKeys (ConfUtils.java:logGet(43)) - raft.server.snapshot.auto.trigger.threshold = 10000 (custom)
2019-09-16 22:06:06,658 [pool-47-thread-1] INFO  server.RaftServerConfigKeys (ConfUtils.java:logGet(43)) - raft.server.snapshot.retention.num.files = 5 (custom)
2019-09-16 22:06:06,658 [pool-47-thread-1] INFO  server.RaftServerConfigKeys (ConfUtils.java:logGet(43)) - raft.server.retrycache.expirytime = 600000ms (custom)
2019-09-16 22:06:06,663 [pool-47-thread-1] INFO  impl.RaftServerImpl (RaftServerImpl.java:start(185)) - 19a7bb33-cf5f-4df5-8bf9-d823f6efe25a@group-F3770E22BE69: start as a follower, conf=-1: [19a7bb33-cf5f-4df5-8bf9-d823f6efe25a:192.168.151.68:42577], old=null
2019-09-16 22:06:06,663 [pool-47-thread-1] INFO  impl.RaftServerImpl (RaftServerImpl.java:setRole(174)) - 19a7bb33-cf5f-4df5-8bf9-d823f6efe25a@group-F3770E22BE69: changes role from      null to FOLLOWER at term 0 for startAsFollower
2019-09-16 22:06:06,663 [pool-47-thread-1] INFO  impl.RoleInfo (RoleInfo.java:updateAndGet(143)) - 19a7bb33-cf5f-4df5-8bf9-d823f6efe25a: start FollowerState
2019-09-16 22:06:06,665 [pool-47-thread-1] INFO  util.JmxRegister (JmxRegister.java:tryRegister(44)) - Successfully registered JMX Bean with object name Ratis:service=RaftServer,group=group-F3770E22BE69,id=19a7bb33-cf5f-4df5-8bf9-d823f6efe25a
2019-09-16 22:06:06,678 [RatisPipelineUtilsThread] INFO  pipeline.PipelineStateManager (PipelineStateManager.java:addPipeline(56)) - Created pipeline Pipeline[ Id: 4adb7e39-7001-4714-a8cc-f3770e22be69, Nodes: 19a7bb33-cf5f-4df5-8bf9-d823f6efe25a{ip: 192.168.151.68, host: pr-hdds-2135-v26ff-2356241440, networkLocation: /default-rack, certSerialId: null}, Type:RATIS, Factor:ONE, State:OPEN]
2019-09-16 22:06:06,699 [grpc-default-executor-0] INFO  impl.RaftServerProxy (RaftServerProxy.java:addNew(89)) - 3231d43f-efe3-452c-bd2e-a4eeefccf54b: addNew group-9F921646F108:[3231d43f-efe3-452c-bd2e-a4eeefccf54b:192.168.151.68:42863] returns group-9F921646F108:java.util.concurrent.CompletableFuture@37a4473b[Not completed]
2019-09-16 22:06:06,716 [pool-57-thread-1] INFO  impl.RaftServerImpl (RaftServerImpl.java:<init>(95)) - 3231d43f-efe3-452c-bd2e-a4eeefccf54b: new RaftServerImpl for group-9F921646F108:[3231d43f-efe3-452c-bd2e-a4eeefccf54b:192.168.151.68:42863] with ContainerStateMachine:uninitialized
2019-09-16 22:06:06,719 [pool-57-thread-1] INFO  server.RaftServerConfigKeys (ConfUtils.java:logGet(43)) - raft.server.rpc.timeout.min = 5s (custom)
2019-09-16 22:06:06,719 [pool-57-thread-1] INFO  server.RaftServerConfigKeys (ConfUtils.java:logGet(43)) - raft.server.rpc.timeout.max = 5200ms (custom)
2019-09-16 22:06:06,719 [pool-57-thread-1] INFO  server.RaftServerConfigKeys (ConfUtils.java:logGet(43)) - raft.server.rpcslowness.timeout = 1000s (custom)
2019-09-16 22:06:06,720 [pool-57-thread-1] INFO  server.RaftServerConfigKeys (ConfUtils.java:logGet(43)) - raft.server.sleep.deviation.threshold = 300 (default)
2019-09-16 22:06:06,720 [pool-57-thread-1] INFO  server.RaftServerConfigKeys (ConfUtils.java:logGet(43)) - raft.server.log.appender.install.snapshot.enabled = false (custom)
2019-09-16 22:06:06,720 [pool-57-thread-1] INFO  impl.RaftServerImpl (ServerState.java:<init>(103)) - 3231d43f-efe3-452c-bd2e-a4eeefccf54b@group-9F921646F108: ConfigurationManager, init=-1: [3231d43f-efe3-452c-bd2e-a4eeefccf54b:192.168.151.68:42863], old=null, confs=<EMPTY_MAP>
2019-09-16 22:06:06,720 [pool-57-thread-1] INFO  server.RaftServerConfigKeys (ConfUtils.java:logGet(43)) - raft.server.storage.dir = [/workdir/hadoop-ozone/integration-test/target/test-dir/MiniOzoneClusterImpl-961741f6-a9e5-453d-b900-42a67a169637/datanode-3/data/ratis] (custom)
2019-09-16 22:06:06,721 [pool-57-thread-1] INFO  storage.RaftStorageDirectory (RaftStorageDirectory.java:analyzeStorage(246)) - The storage directory /workdir/hadoop-ozone/integration-test/target/test-dir/MiniOzoneClusterImpl-961741f6-a9e5-453d-b900-42a67a169637/datanode-3/data/ratis/a1970b7f-67c1-4107-8af9-9f921646f108 does not exist. Creating ...
2019-09-16 22:06:06,733 [pool-57-thread-1] INFO  storage.RaftStorageDirectory (RaftStorageDirectory.java:tryLock(328)) - Lock on /workdir/hadoop-ozone/integration-test/target/test-dir/MiniOzoneClusterImpl-961741f6-a9e5-453d-b900-42a67a169637/datanode-3/data/ratis/a1970b7f-67c1-4107-8af9-9f921646f108/in_use.lock acquired by nodename 12823@pr-hdds-2135-v26ff-2356241440
2019-09-16 22:06:06,746 [pool-57-thread-1] INFO  storage.RaftStorage (RaftStorage.java:format(72)) - Storage directory /workdir/hadoop-ozone/integration-test/target/test-dir/MiniOzoneClusterImpl-961741f6-a9e5-453d-b900-42a67a169637/datanode-3/data/ratis/a1970b7f-67c1-4107-8af9-9f921646f108 has been successfully formatted.
2019-09-16 22:06:06,746 [pool-57-thread-1] INFO  ratis.ContainerStateMachine (ContainerStateMachine.java:loadSnapshot(230)) - group-9F921646F108: The snapshot info is null. Setting the last applied indexto:(t:0, i:~)
2019-09-16 22:06:06,746 [pool-57-thread-1] INFO  server.RaftServerConfigKeys (ConfUtils.java:logGet(43)) - raft.server.notification.no-leader.timeout = 1000s (custom)
2019-09-16 22:06:06,746 [pool-57-thread-1] INFO  server.RaftServerConfigKeys (ConfUtils.java:logGet(43)) - raft.server.log.use.memory = false (default)
2019-09-16 22:06:06,747 [pool-57-thread-1] INFO  server.RaftServerConfigKeys (ConfUtils.java:logGet(43)) - raft.server.log.purge.gap = 1000000 (custom)
2019-09-16 22:06:06,747 [pool-57-thread-1] INFO  server.RaftServerConfigKeys (ConfUtils.java:logGet(43)) - raft.server.log.appender.buffer.byte-limit = 33554432 (custom)
2019-09-16 22:06:06,747 [pool-57-thread-1] INFO  server.RaftServerConfigKeys (ConfUtils.java:logGet(43)) - raft.server.log.segment.size.max = 1048576 (custom)
2019-09-16 22:06:06,747 [pool-57-thread-1] INFO  server.RaftServerConfigKeys (ConfUtils.java:logGet(43)) - raft.server.log.segment.cache.num.max = 2 (custom)
2019-09-16 22:06:06,747 [pool-57-thread-1] INFO  segmented.SegmentedRaftLogWorker (SegmentedRaftLogWorker.java:<init>(172)) - new 3231d43f-efe3-452c-bd2e-a4eeefccf54b@group-9F921646F108-SegmentedRaftLogWorker for RaftStorage:Storage Directory /workdir/hadoop-ozone/integration-test/target/test-dir/MiniOzoneClusterImpl-961741f6-a9e5-453d-b900-42a67a169637/datanode-3/data/ratis/a1970b7f-67c1-4107-8af9-9f921646f108
2019-09-16 22:06:06,778 [pool-57-thread-1] INFO  server.RaftServerConfigKeys (ConfUtils.java:logGet(43)) - raft.server.log.queue.byte-limit = 2147483647 (custom)
2019-09-16 22:06:06,778 [pool-57-thread-1] INFO  server.RaftServerConfigKeys (ConfUtils.java:logGet(43)) - raft.server.log.queue.element-limit = 1024 (custom)
2019-09-16 22:06:06,778 [pool-57-thread-1] INFO  server.RaftServerConfigKeys (ConfUtils.java:logGet(43)) - raft.server.log.segment.size.max = 1048576 (custom)
2019-09-16 22:06:06,779 [pool-57-thread-1] INFO  server.RaftServerConfigKeys (ConfUtils.java:logGet(43)) - raft.server.log.preallocated.size = 16384 (custom)
2019-09-16 22:06:06,779 [pool-57-thread-1] INFO  server.RaftServerConfigKeys (ConfUtils.java:logGet(43)) - raft.server.log.write.buffer.size = 33554432 (custom)
2019-09-16 22:06:06,779 [pool-57-thread-1] INFO  server.RaftServerConfigKeys (ConfUtils.java:logGet(43)) - raft.server.log.force.sync.num = 128 (default)
2019-09-16 22:06:06,779 [pool-57-thread-1] INFO  server.RaftServerConfigKeys (ConfUtils.java:logGet(43)) - raft.server.log.statemachine.data.sync = true (default)
2019-09-16 22:06:06,779 [pool-57-thread-1] INFO  server.RaftServerConfigKeys (ConfUtils.java:logGet(43)) - raft.server.log.statemachine.data.sync.timeout = 10s (default)
2019-09-16 22:06:06,779 [pool-57-thread-1] INFO  server.RaftServerConfigKeys (ConfUtils.java:logGet(43)) - raft.server.log.statemachine.data.sync.timeout.retry = -1 (default)
2019-09-16 22:06:06,780 [pool-57-thread-1] INFO  server.RaftServerConfigKeys (ConfUtils.java:logGet(43)) - raft.server.log.statemachine.data.caching.enabled = true (custom)
2019-09-16 22:06:06,780 [pool-57-thread-1] INFO  segmented.SegmentedRaftLogWorker (SegmentedRaftLogWorker.java:lambda$new$0(132)) - 3231d43f-efe3-452c-bd2e-a4eeefccf54b@group-9F921646F108-SegmentedRaftLogWorker: flushIndex: setUnconditionally 0 -> -1
2019-09-16 22:06:06,780 [pool-57-thread-1] INFO  server.RaftServerConfigKeys (ConfUtils.java:logGet(43)) - raft.server.snapshot.auto.trigger.enabled = true (custom)
2019-09-16 22:06:06,781 [pool-57-thread-1] INFO  server.RaftServerConfigKeys (ConfUtils.java:logGet(43)) - raft.server.snapshot.auto.trigger.threshold = 10000 (custom)
2019-09-16 22:06:06,781 [pool-57-thread-1] INFO  server.RaftServerConfigKeys (ConfUtils.java:logGet(43)) - raft.server.snapshot.retention.num.files = 5 (custom)
2019-09-16 22:06:06,781 [pool-57-thread-1] INFO  server.RaftServerConfigKeys (ConfUtils.java:logGet(43)) - raft.server.retrycache.expirytime = 600000ms (custom)
2019-09-16 22:06:06,785 [pool-57-thread-1] INFO  impl.RaftServerImpl (RaftServerImpl.java:start(185)) - 3231d43f-efe3-452c-bd2e-a4eeefccf54b@group-9F921646F108: start as a follower, conf=-1: [3231d43f-efe3-452c-bd2e-a4eeefccf54b:192.168.151.68:42863], old=null
2019-09-16 22:06:06,785 [pool-57-thread-1] INFO  impl.RaftServerImpl (RaftServerImpl.java:setRole(174)) - 3231d43f-efe3-452c-bd2e-a4eeefccf54b@group-9F921646F108: changes role from      null to FOLLOWER at term 0 for startAsFollower
2019-09-16 22:06:06,785 [pool-57-thread-1] INFO  impl.RoleInfo (RoleInfo.java:updateAndGet(143)) - 3231d43f-efe3-452c-bd2e-a4eeefccf54b: start FollowerState
2019-09-16 22:06:06,786 [pool-57-thread-1] INFO  util.JmxRegister (JmxRegister.java:tryRegister(44)) - Successfully registered JMX Bean with object name Ratis:service=RaftServer,group=group-9F921646F108,id=3231d43f-efe3-452c-bd2e-a4eeefccf54b
2019-09-16 22:06:06,800 [RatisPipelineUtilsThread] INFO  pipeline.PipelineStateManager (PipelineStateManager.java:addPipeline(56)) - Created pipeline Pipeline[ Id: a1970b7f-67c1-4107-8af9-9f921646f108, Nodes: 3231d43f-efe3-452c-bd2e-a4eeefccf54b{ip: 192.168.151.68, host: pr-hdds-2135-v26ff-2356241440, networkLocation: /default-rack, certSerialId: null}, Type:RATIS, Factor:ONE, State:OPEN]
2019-09-16 22:06:06,820 [grpc-default-executor-0] INFO  impl.RaftServerProxy (RaftServerProxy.java:addNew(89)) - 60771ce2-cd42-4255-85c7-777bb110dbb3: addNew group-8157F61C2775:[60771ce2-cd42-4255-85c7-777bb110dbb3:192.168.151.68:46813] returns group-8157F61C2775:java.util.concurrent.CompletableFuture@55568360[Not completed]
2019-09-16 22:06:06,823 [pool-37-thread-1] INFO  impl.RaftServerImpl (RaftServerImpl.java:<init>(95)) - 60771ce2-cd42-4255-85c7-777bb110dbb3: new RaftServerImpl for group-8157F61C2775:[60771ce2-cd42-4255-85c7-777bb110dbb3:192.168.151.68:46813] with ContainerStateMachine:uninitialized
2019-09-16 22:06:06,823 [pool-37-thread-1] INFO  server.RaftServerConfigKeys (ConfUtils.java:logGet(43)) - raft.server.rpc.timeout.min = 5s (custom)
2019-09-16 22:06:06,824 [pool-37-thread-1] INFO  server.RaftServerConfigKeys (ConfUtils.java:logGet(43)) - raft.server.rpc.timeout.max = 5200ms (custom)
2019-09-16 22:06:06,824 [pool-37-thread-1] INFO  server.RaftServerConfigKeys (ConfUtils.java:logGet(43)) - raft.server.rpcslowness.timeout = 1000s (custom)
2019-09-16 22:06:06,824 [pool-37-thread-1] INFO  server.RaftServerConfigKeys (ConfUtils.java:logGet(43)) - raft.server.sleep.deviation.threshold = 300 (default)
2019-09-16 22:06:06,824 [pool-37-thread-1] INFO  server.RaftServerConfigKeys (ConfUtils.java:logGet(43)) - raft.server.log.appender.install.snapshot.enabled = false (custom)
2019-09-16 22:06:06,824 [pool-37-thread-1] INFO  impl.RaftServerImpl (ServerState.java:<init>(103)) - 60771ce2-cd42-4255-85c7-777bb110dbb3@group-8157F61C2775: ConfigurationManager, init=-1: [60771ce2-cd42-4255-85c7-777bb110dbb3:192.168.151.68:46813], old=null, confs=<EMPTY_MAP>
2019-09-16 22:06:06,825 [pool-37-thread-1] INFO  server.RaftServerConfigKeys (ConfUtils.java:logGet(43)) - raft.server.storage.dir = [/workdir/hadoop-ozone/integration-test/target/test-dir/MiniOzoneClusterImpl-961741f6-a9e5-453d-b900-42a67a169637/datanode-1/data/ratis] (custom)
2019-09-16 22:06:06,825 [pool-37-thread-1] INFO  storage.RaftStorageDirectory (RaftStorageDirectory.java:analyzeStorage(246)) - The storage directory /workdir/hadoop-ozone/integration-test/target/test-dir/MiniOzoneClusterImpl-961741f6-a9e5-453d-b900-42a67a169637/datanode-1/data/ratis/acd2a524-3dff-4658-b9b7-8157f61c2775 does not exist. Creating ...
2019-09-16 22:06:06,853 [main] INFO  ozone.MiniOzoneClusterImpl (MiniOzoneClusterImpl.java:lambda$waitForClusterToBeReady$0(145)) - Cluster is ready. Got 4 of 4 DN Heartbeats.
2019-09-16 22:06:06,858 [pool-37-thread-1] INFO  storage.RaftStorageDirectory (RaftStorageDirectory.java:tryLock(328)) - Lock on /workdir/hadoop-ozone/integration-test/target/test-dir/MiniOzoneClusterImpl-961741f6-a9e5-453d-b900-42a67a169637/datanode-1/data/ratis/acd2a524-3dff-4658-b9b7-8157f61c2775/in_use.lock acquired by nodename 12823@pr-hdds-2135-v26ff-2356241440
2019-09-16 22:06:06,859 [main] INFO  container.ReplicationManager (ReplicationManager.java:start(162)) - Starting Replication Monitor Thread.
2019-09-16 22:06:06,861 [ReplicationMonitor] INFO  container.ReplicationManager (ReplicationManager.java:run(225)) - Replication Monitor Thread took 1 milliseconds for processing 0 containers.
2019-09-16 22:06:06,879 [pool-37-thread-1] INFO  storage.RaftStorage (RaftStorage.java:format(72)) - Storage directory /workdir/hadoop-ozone/integration-test/target/test-dir/MiniOzoneClusterImpl-961741f6-a9e5-453d-b900-42a67a169637/datanode-1/data/ratis/acd2a524-3dff-4658-b9b7-8157f61c2775 has been successfully formatted.
2019-09-16 22:06:06,879 [pool-37-thread-1] INFO  ratis.ContainerStateMachine (ContainerStateMachine.java:loadSnapshot(230)) - group-8157F61C2775: The snapshot info is null. Setting the last applied indexto:(t:0, i:~)
2019-09-16 22:06:06,879 [pool-37-thread-1] INFO  server.RaftServerConfigKeys (ConfUtils.java:logGet(43)) - raft.server.notification.no-leader.timeout = 1000s (custom)
2019-09-16 22:06:06,880 [pool-37-thread-1] INFO  server.RaftServerConfigKeys (ConfUtils.java:logGet(43)) - raft.server.log.use.memory = false (default)
2019-09-16 22:06:06,880 [pool-37-thread-1] INFO  server.RaftServerConfigKeys (ConfUtils.java:logGet(43)) - raft.server.log.purge.gap = 1000000 (custom)
2019-09-16 22:06:06,880 [pool-37-thread-1] INFO  server.RaftServerConfigKeys (ConfUtils.java:logGet(43)) - raft.server.log.appender.buffer.byte-limit = 33554432 (custom)
2019-09-16 22:06:06,880 [pool-37-thread-1] INFO  server.RaftServerConfigKeys (ConfUtils.java:logGet(43)) - raft.server.log.segment.size.max = 1048576 (custom)
2019-09-16 22:06:06,881 [pool-37-thread-1] INFO  server.RaftServerConfigKeys (ConfUtils.java:logGet(43)) - raft.server.log.segment.cache.num.max = 2 (custom)
2019-09-16 22:06:06,881 [pool-37-thread-1] INFO  segmented.SegmentedRaftLogWorker (SegmentedRaftLogWorker.java:<init>(172)) - new 60771ce2-cd42-4255-85c7-777bb110dbb3@group-8157F61C2775-SegmentedRaftLogWorker for RaftStorage:Storage Directory /workdir/hadoop-ozone/integration-test/target/test-dir/MiniOzoneClusterImpl-961741f6-a9e5-453d-b900-42a67a169637/datanode-1/data/ratis/acd2a524-3dff-4658-b9b7-8157f61c2775
2019-09-16 22:06:06,888 [pool-37-thread-1] INFO  server.RaftServerConfigKeys (ConfUtils.java:logGet(43)) - raft.server.log.queue.byte-limit = 2147483647 (custom)
2019-09-16 22:06:06,888 [pool-37-thread-1] INFO  server.RaftServerConfigKeys (ConfUtils.java:logGet(43)) - raft.server.log.queue.element-limit = 1024 (custom)
2019-09-16 22:06:06,888 [pool-37-thread-1] INFO  server.RaftServerConfigKeys (ConfUtils.java:logGet(43)) - raft.server.log.segment.size.max = 1048576 (custom)
2019-09-16 22:06:06,888 [pool-37-thread-1] INFO  server.RaftServerConfigKeys (ConfUtils.java:logGet(43)) - raft.server.log.preallocated.size = 16384 (custom)
2019-09-16 22:06:06,889 [pool-37-thread-1] INFO  server.RaftServerConfigKeys (ConfUtils.java:logGet(43)) - raft.server.log.write.buffer.size = 33554432 (custom)
2019-09-16 22:06:06,889 [pool-37-thread-1] INFO  server.RaftServerConfigKeys (ConfUtils.java:logGet(43)) - raft.server.log.force.sync.num = 128 (default)
2019-09-16 22:06:06,889 [pool-37-thread-1] INFO  server.RaftServerConfigKeys (ConfUtils.java:logGet(43)) - raft.server.log.statemachine.data.sync = true (default)
2019-09-16 22:06:06,889 [pool-37-thread-1] INFO  server.RaftServerConfigKeys (ConfUtils.java:logGet(43)) - raft.server.log.statemachine.data.sync.timeout = 10s (default)
2019-09-16 22:06:06,890 [pool-37-thread-1] INFO  server.RaftServerConfigKeys (ConfUtils.java:logGet(43)) - raft.server.log.statemachine.data.sync.timeout.retry = -1 (default)
2019-09-16 22:06:06,890 [pool-37-thread-1] INFO  server.RaftServerConfigKeys (ConfUtils.java:logGet(43)) - raft.server.log.statemachine.data.caching.enabled = true (custom)
2019-09-16 22:06:06,890 [pool-37-thread-1] INFO  segmented.SegmentedRaftLogWorker (SegmentedRaftLogWorker.java:lambda$new$0(132)) - 60771ce2-cd42-4255-85c7-777bb110dbb3@group-8157F61C2775-SegmentedRaftLogWorker: flushIndex: setUnconditionally 0 -> -1
2019-09-16 22:06:06,891 [pool-37-thread-1] INFO  server.RaftServerConfigKeys (ConfUtils.java:logGet(43)) - raft.server.snapshot.auto.trigger.enabled = true (custom)
2019-09-16 22:06:06,891 [pool-37-thread-1] INFO  server.RaftServerConfigKeys (ConfUtils.java:logGet(43)) - raft.server.snapshot.auto.trigger.threshold = 10000 (custom)
2019-09-16 22:06:06,891 [pool-37-thread-1] INFO  server.RaftServerConfigKeys (ConfUtils.java:logGet(43)) - raft.server.snapshot.retention.num.files = 5 (custom)
2019-09-16 22:06:06,892 [pool-37-thread-1] INFO  server.RaftServerConfigKeys (ConfUtils.java:logGet(43)) - raft.server.retrycache.expirytime = 600000ms (custom)
2019-09-16 22:06:06,898 [pool-37-thread-1] INFO  impl.RaftServerImpl (RaftServerImpl.java:start(185)) - 60771ce2-cd42-4255-85c7-777bb110dbb3@group-8157F61C2775: start as a follower, conf=-1: [60771ce2-cd42-4255-85c7-777bb110dbb3:192.168.151.68:46813], old=null
2019-09-16 22:06:06,899 [pool-37-thread-1] INFO  impl.RaftServerImpl (RaftServerImpl.java:setRole(174)) - 60771ce2-cd42-4255-85c7-777bb110dbb3@group-8157F61C2775: changes role from      null to FOLLOWER at term 0 for startAsFollower
2019-09-16 22:06:06,899 [pool-37-thread-1] INFO  impl.RoleInfo (RoleInfo.java:updateAndGet(143)) - 60771ce2-cd42-4255-85c7-777bb110dbb3: start FollowerState
2019-09-16 22:06:06,899 [pool-37-thread-1] INFO  util.JmxRegister (JmxRegister.java:tryRegister(44)) - Successfully registered JMX Bean with object name Ratis:service=RaftServer,group=group-8157F61C2775,id=60771ce2-cd42-4255-85c7-777bb110dbb3
2019-09-16 22:06:06,914 [RatisPipelineUtilsThread] INFO  pipeline.PipelineStateManager (PipelineStateManager.java:addPipeline(56)) - Created pipeline Pipeline[ Id: acd2a524-3dff-4658-b9b7-8157f61c2775, Nodes: 60771ce2-cd42-4255-85c7-777bb110dbb3{ip: 192.168.151.68, host: pr-hdds-2135-v26ff-2356241440, networkLocation: /default-rack, certSerialId: null}, Type:RATIS, Factor:ONE, State:OPEN]
2019-09-16 22:06:06,969 [grpc-default-executor-0] INFO  impl.RaftServerProxy (RaftServerProxy.java:addNew(89)) - 29c0e794-a40f-4883-a7a1-c22f50b70ae2: addNew group-6C14C2EABC68:[29c0e794-a40f-4883-a7a1-c22f50b70ae2:192.168.151.68:32941, 19a7bb33-cf5f-4df5-8bf9-d823f6efe25a:192.168.151.68:42577, 3231d43f-efe3-452c-bd2e-a4eeefccf54b:192.168.151.68:42863] returns group-6C14C2EABC68:java.util.concurrent.CompletableFuture@54fb9adb[Not completed]
2019-09-16 22:06:06,969 [grpc-default-executor-2] INFO  impl.RaftServerProxy (RaftServerProxy.java:addNew(89)) - 19a7bb33-cf5f-4df5-8bf9-d823f6efe25a: addNew group-6C14C2EABC68:[29c0e794-a40f-4883-a7a1-c22f50b70ae2:192.168.151.68:32941, 19a7bb33-cf5f-4df5-8bf9-d823f6efe25a:192.168.151.68:42577, 3231d43f-efe3-452c-bd2e-a4eeefccf54b:192.168.151.68:42863] returns group-6C14C2EABC68:java.util.concurrent.CompletableFuture@1ec622b5[Not completed]
2019-09-16 22:06:06,969 [grpc-default-executor-1] INFO  impl.RaftServerProxy (RaftServerProxy.java:addNew(89)) - 3231d43f-efe3-452c-bd2e-a4eeefccf54b: addNew group-6C14C2EABC68:[29c0e794-a40f-4883-a7a1-c22f50b70ae2:192.168.151.68:32941, 19a7bb33-cf5f-4df5-8bf9-d823f6efe25a:192.168.151.68:42577, 3231d43f-efe3-452c-bd2e-a4eeefccf54b:192.168.151.68:42863] returns group-6C14C2EABC68:java.util.concurrent.CompletableFuture@16df12cb[Not completed]
2019-09-16 22:06:06,972 [pool-57-thread-1] INFO  impl.RaftServerImpl (RaftServerImpl.java:<init>(95)) - 3231d43f-efe3-452c-bd2e-a4eeefccf54b: new RaftServerImpl for group-6C14C2EABC68:[29c0e794-a40f-4883-a7a1-c22f50b70ae2:192.168.151.68:32941, 19a7bb33-cf5f-4df5-8bf9-d823f6efe25a:192.168.151.68:42577, 3231d43f-efe3-452c-bd2e-a4eeefccf54b:192.168.151.68:42863] with ContainerStateMachine:uninitialized
2019-09-16 22:06:06,972 [pool-57-thread-1] INFO  server.RaftServerConfigKeys (ConfUtils.java:logGet(43)) - raft.server.rpc.timeout.min = 5s (custom)
2019-09-16 22:06:06,972 [pool-57-thread-1] INFO  server.RaftServerConfigKeys (ConfUtils.java:logGet(43)) - raft.server.rpc.timeout.max = 5200ms (custom)
2019-09-16 22:06:06,973 [pool-57-thread-1] INFO  server.RaftServerConfigKeys (ConfUtils.java:logGet(43)) - raft.server.rpcslowness.timeout = 1000s (custom)
2019-09-16 22:06:06,973 [pool-57-thread-1] INFO  server.RaftServerConfigKeys (ConfUtils.java:logGet(43)) - raft.server.sleep.deviation.threshold = 300 (default)
2019-09-16 22:06:06,973 [pool-57-thread-1] INFO  server.RaftServerConfigKeys (ConfUtils.java:logGet(43)) - raft.server.log.appender.install.snapshot.enabled = false (custom)
2019-09-16 22:06:06,973 [pool-47-thread-1] INFO  impl.RaftServerImpl (RaftServerImpl.java:<init>(95)) - 19a7bb33-cf5f-4df5-8bf9-d823f6efe25a: new RaftServerImpl for group-6C14C2EABC68:[29c0e794-a40f-4883-a7a1-c22f50b70ae2:192.168.151.68:32941, 19a7bb33-cf5f-4df5-8bf9-d823f6efe25a:192.168.151.68:42577, 3231d43f-efe3-452c-bd2e-a4eeefccf54b:192.168.151.68:42863] with ContainerStateMachine:uninitialized
2019-09-16 22:06:06,973 [pool-57-thread-1] INFO  impl.RaftServerImpl (ServerState.java:<init>(103)) - 3231d43f-efe3-452c-bd2e-a4eeefccf54b@group-6C14C2EABC68: ConfigurationManager, init=-1: [29c0e794-a40f-4883-a7a1-c22f50b70ae2:192.168.151.68:32941, 19a7bb33-cf5f-4df5-8bf9-d823f6efe25a:192.168.151.68:42577, 3231d43f-efe3-452c-bd2e-a4eeefccf54b:192.168.151.68:42863], old=null, confs=<EMPTY_MAP>
2019-09-16 22:06:06,974 [pool-47-thread-1] INFO  server.RaftServerConfigKeys (ConfUtils.java:logGet(43)) - raft.server.rpc.timeout.min = 5s (custom)
2019-09-16 22:06:06,974 [pool-57-thread-1] INFO  server.RaftServerConfigKeys (ConfUtils.java:logGet(43)) - raft.server.storage.dir = [/workdir/hadoop-ozone/integration-test/target/test-dir/MiniOzoneClusterImpl-961741f6-a9e5-453d-b900-42a67a169637/datanode-3/data/ratis] (custom)
2019-09-16 22:06:06,974 [pool-47-thread-1] INFO  server.RaftServerConfigKeys (ConfUtils.java:logGet(43)) - raft.server.rpc.timeout.max = 5200ms (custom)
2019-09-16 22:06:06,974 [pool-47-thread-1] INFO  server.RaftServerConfigKeys (ConfUtils.java:logGet(43)) - raft.server.rpcslowness.timeout = 1000s (custom)
2019-09-16 22:06:06,975 [pool-57-thread-1] INFO  storage.RaftStorageDirectory (RaftStorageDirectory.java:analyzeStorage(246)) - The storage directory /workdir/hadoop-ozone/integration-test/target/test-dir/MiniOzoneClusterImpl-961741f6-a9e5-453d-b900-42a67a169637/datanode-3/data/ratis/4a4b3e60-318a-4cf4-bada-6c14c2eabc68 does not exist. Creating ...
2019-09-16 22:06:06,975 [pool-47-thread-1] INFO  server.RaftServerConfigKeys (ConfUtils.java:logGet(43)) - raft.server.sleep.deviation.threshold = 300 (default)
2019-09-16 22:06:06,975 [pool-47-thread-1] INFO  server.RaftServerConfigKeys (ConfUtils.java:logGet(43)) - raft.server.log.appender.install.snapshot.enabled = false (custom)
2019-09-16 22:06:06,975 [pool-27-thread-1] INFO  impl.RaftServerImpl (RaftServerImpl.java:<init>(95)) - 29c0e794-a40f-4883-a7a1-c22f50b70ae2: new RaftServerImpl for group-6C14C2EABC68:[29c0e794-a40f-4883-a7a1-c22f50b70ae2:192.168.151.68:32941, 19a7bb33-cf5f-4df5-8bf9-d823f6efe25a:192.168.151.68:42577, 3231d43f-efe3-452c-bd2e-a4eeefccf54b:192.168.151.68:42863] with ContainerStateMachine:uninitialized
2019-09-16 22:06:06,975 [pool-47-thread-1] INFO  impl.RaftServerImpl (ServerState.java:<init>(103)) - 19a7bb33-cf5f-4df5-8bf9-d823f6efe25a@group-6C14C2EABC68: ConfigurationManager, init=-1: [29c0e794-a40f-4883-a7a1-c22f50b70ae2:192.168.151.68:32941, 19a7bb33-cf5f-4df5-8bf9-d823f6efe25a:192.168.151.68:42577, 3231d43f-efe3-452c-bd2e-a4eeefccf54b:192.168.151.68:42863], old=null, confs=<EMPTY_MAP>
2019-09-16 22:06:06,976 [pool-27-thread-1] INFO  server.RaftServerConfigKeys (ConfUtils.java:logGet(43)) - raft.server.rpc.timeout.min = 5s (custom)
2019-09-16 22:06:06,976 [pool-47-thread-1] INFO  server.RaftServerConfigKeys (ConfUtils.java:logGet(43)) - raft.server.storage.dir = [/workdir/hadoop-ozone/integration-test/target/test-dir/MiniOzoneClusterImpl-961741f6-a9e5-453d-b900-42a67a169637/datanode-2/data/ratis] (custom)
2019-09-16 22:06:06,976 [pool-27-thread-1] INFO  server.RaftServerConfigKeys (ConfUtils.java:logGet(43)) - raft.server.rpc.timeout.max = 5200ms (custom)
2019-09-16 22:06:06,976 [pool-27-thread-1] INFO  server.RaftServerConfigKeys (ConfUtils.java:logGet(43)) - raft.server.rpcslowness.timeout = 1000s (custom)
2019-09-16 22:06:06,977 [pool-47-thread-1] INFO  storage.RaftStorageDirectory (RaftStorageDirectory.java:analyzeStorage(246)) - The storage directory /workdir/hadoop-ozone/integration-test/target/test-dir/MiniOzoneClusterImpl-961741f6-a9e5-453d-b900-42a67a169637/datanode-2/data/ratis/4a4b3e60-318a-4cf4-bada-6c14c2eabc68 does not exist. Creating ...
2019-09-16 22:06:06,977 [pool-27-thread-1] INFO  server.RaftServerConfigKeys (ConfUtils.java:logGet(43)) - raft.server.sleep.deviation.threshold = 300 (default)
2019-09-16 22:06:06,977 [pool-27-thread-1] INFO  server.RaftServerConfigKeys (ConfUtils.java:logGet(43)) - raft.server.log.appender.install.snapshot.enabled = false (custom)
2019-09-16 22:06:06,977 [pool-27-thread-1] INFO  impl.RaftServerImpl (ServerState.java:<init>(103)) - 29c0e794-a40f-4883-a7a1-c22f50b70ae2@group-6C14C2EABC68: ConfigurationManager, init=-1: [29c0e794-a40f-4883-a7a1-c22f50b70ae2:192.168.151.68:32941, 19a7bb33-cf5f-4df5-8bf9-d823f6efe25a:192.168.151.68:42577, 3231d43f-efe3-452c-bd2e-a4eeefccf54b:192.168.151.68:42863], old=null, confs=<EMPTY_MAP>
2019-09-16 22:06:06,978 [pool-27-thread-1] INFO  server.RaftServerConfigKeys (ConfUtils.java:logGet(43)) - raft.server.storage.dir = [/workdir/hadoop-ozone/integration-test/target/test-dir/MiniOzoneClusterImpl-961741f6-a9e5-453d-b900-42a67a169637/datanode-0/data/ratis] (custom)
2019-09-16 22:06:06,978 [pool-27-thread-1] INFO  storage.RaftStorageDirectory (RaftStorageDirectory.java:analyzeStorage(246)) - The storage directory /workdir/hadoop-ozone/integration-test/target/test-dir/MiniOzoneClusterImpl-961741f6-a9e5-453d-b900-42a67a169637/datanode-0/data/ratis/4a4b3e60-318a-4cf4-bada-6c14c2eabc68 does not exist. Creating ...
2019-09-16 22:06:06,988 [pool-57-thread-1] INFO  storage.RaftStorageDirectory (RaftStorageDirectory.java:tryLock(328)) - Lock on /workdir/hadoop-ozone/integration-test/target/test-dir/MiniOzoneClusterImpl-961741f6-a9e5-453d-b900-42a67a169637/datanode-3/data/ratis/4a4b3e60-318a-4cf4-bada-6c14c2eabc68/in_use.lock acquired by nodename 12823@pr-hdds-2135-v26ff-2356241440
2019-09-16 22:06:06,988 [pool-47-thread-1] INFO  storage.RaftStorageDirectory (RaftStorageDirectory.java:tryLock(328)) - Lock on /workdir/hadoop-ozone/integration-test/target/test-dir/MiniOzoneClusterImpl-961741f6-a9e5-453d-b900-42a67a169637/datanode-2/data/ratis/4a4b3e60-318a-4cf4-bada-6c14c2eabc68/in_use.lock acquired by nodename 12823@pr-hdds-2135-v26ff-2356241440
2019-09-16 22:06:06,988 [pool-27-thread-1] INFO  storage.RaftStorageDirectory (RaftStorageDirectory.java:tryLock(328)) - Lock on /workdir/hadoop-ozone/integration-test/target/test-dir/MiniOzoneClusterImpl-961741f6-a9e5-453d-b900-42a67a169637/datanode-0/data/ratis/4a4b3e60-318a-4cf4-bada-6c14c2eabc68/in_use.lock acquired by nodename 12823@pr-hdds-2135-v26ff-2356241440
2019-09-16 22:06:07,014 [pool-27-thread-1] INFO  storage.RaftStorage (RaftStorage.java:format(72)) - Storage directory /workdir/hadoop-ozone/integration-test/target/test-dir/MiniOzoneClusterImpl-961741f6-a9e5-453d-b900-42a67a169637/datanode-0/data/ratis/4a4b3e60-318a-4cf4-bada-6c14c2eabc68 has been successfully formatted.
2019-09-16 22:06:07,014 [pool-47-thread-1] INFO  storage.RaftStorage (RaftStorage.java:format(72)) - Storage directory /workdir/hadoop-ozone/integration-test/target/test-dir/MiniOzoneClusterImpl-961741f6-a9e5-453d-b900-42a67a169637/datanode-2/data/ratis/4a4b3e60-318a-4cf4-bada-6c14c2eabc68 has been successfully formatted.
2019-09-16 22:06:07,014 [pool-57-thread-1] INFO  storage.RaftStorage (RaftStorage.java:format(72)) - Storage directory /workdir/hadoop-ozone/integration-test/target/test-dir/MiniOzoneClusterImpl-961741f6-a9e5-453d-b900-42a67a169637/datanode-3/data/ratis/4a4b3e60-318a-4cf4-bada-6c14c2eabc68 has been successfully formatted.
2019-09-16 22:06:07,015 [pool-27-thread-1] INFO  ratis.ContainerStateMachine (ContainerStateMachine.java:loadSnapshot(230)) - group-6C14C2EABC68: The snapshot info is null. Setting the last applied indexto:(t:0, i:~)
2019-09-16 22:06:07,015 [pool-57-thread-1] INFO  ratis.ContainerStateMachine (ContainerStateMachine.java:loadSnapshot(230)) - group-6C14C2EABC68: The snapshot info is null. Setting the last applied indexto:(t:0, i:~)
2019-09-16 22:06:07,015 [pool-47-thread-1] INFO  ratis.ContainerStateMachine (ContainerStateMachine.java:loadSnapshot(230)) - group-6C14C2EABC68: The snapshot info is null. Setting the last applied indexto:(t:0, i:~)
2019-09-16 22:06:07,016 [pool-57-thread-1] INFO  server.RaftServerConfigKeys (ConfUtils.java:logGet(43)) - raft.server.notification.no-leader.timeout = 1000s (custom)
2019-09-16 22:06:07,015 [pool-27-thread-1] INFO  server.RaftServerConfigKeys (ConfUtils.java:logGet(43)) - raft.server.notification.no-leader.timeout = 1000s (custom)
2019-09-16 22:06:07,016 [pool-57-thread-1] INFO  server.RaftServerConfigKeys (ConfUtils.java:logGet(43)) - raft.server.log.use.memory = false (default)
2019-09-16 22:06:07,016 [pool-47-thread-1] INFO  server.RaftServerConfigKeys (ConfUtils.java:logGet(43)) - raft.server.notification.no-leader.timeout = 1000s (custom)
2019-09-16 22:06:07,016 [pool-57-thread-1] INFO  server.RaftServerConfigKeys (ConfUtils.java:logGet(43)) - raft.server.log.purge.gap = 1000000 (custom)
2019-09-16 22:06:07,016 [pool-27-thread-1] INFO  server.RaftServerConfigKeys (ConfUtils.java:logGet(43)) - raft.server.log.use.memory = false (default)
2019-09-16 22:06:07,017 [pool-57-thread-1] INFO  server.RaftServerConfigKeys (ConfUtils.java:logGet(43)) - raft.server.log.appender.buffer.byte-limit = 33554432 (custom)
2019-09-16 22:06:07,017 [pool-47-thread-1] INFO  server.RaftServerConfigKeys (ConfUtils.java:logGet(43)) - raft.server.log.use.memory = false (default)
2019-09-16 22:06:07,017 [pool-57-thread-1] INFO  server.RaftServerConfigKeys (ConfUtils.java:logGet(43)) - raft.server.log.segment.size.max = 1048576 (custom)
2019-09-16 22:06:07,017 [pool-27-thread-1] INFO  server.RaftServerConfigKeys (ConfUtils.java:logGet(43)) - raft.server.log.purge.gap = 1000000 (custom)
2019-09-16 22:06:07,018 [pool-57-thread-1] INFO  server.RaftServerConfigKeys (ConfUtils.java:logGet(43)) - raft.server.log.segment.cache.num.max = 2 (custom)
2019-09-16 22:06:07,017 [pool-47-thread-1] INFO  server.RaftServerConfigKeys (ConfUtils.java:logGet(43)) - raft.server.log.purge.gap = 1000000 (custom)
2019-09-16 22:06:07,018 [pool-57-thread-1] INFO  segmented.SegmentedRaftLogWorker (SegmentedRaftLogWorker.java:<init>(172)) - new 3231d43f-efe3-452c-bd2e-a4eeefccf54b@group-6C14C2EABC68-SegmentedRaftLogWorker for RaftStorage:Storage Directory /workdir/hadoop-ozone/integration-test/target/test-dir/MiniOzoneClusterImpl-961741f6-a9e5-453d-b900-42a67a169637/datanode-3/data/ratis/4a4b3e60-318a-4cf4-bada-6c14c2eabc68
2019-09-16 22:06:07,018 [pool-27-thread-1] INFO  server.RaftServerConfigKeys (ConfUtils.java:logGet(43)) - raft.server.log.appender.buffer.byte-limit = 33554432 (custom)
2019-09-16 22:06:07,019 [pool-57-thread-1] INFO  server.RaftServerConfigKeys (ConfUtils.java:logGet(43)) - raft.server.log.queue.byte-limit = 2147483647 (custom)
2019-09-16 22:06:07,018 [pool-47-thread-1] INFO  server.RaftServerConfigKeys (ConfUtils.java:logGet(43)) - raft.server.log.appender.buffer.byte-limit = 33554432 (custom)
2019-09-16 22:06:07,019 [pool-57-thread-1] INFO  server.RaftServerConfigKeys (ConfUtils.java:logGet(43)) - raft.server.log.queue.element-limit = 1024 (custom)
2019-09-16 22:06:07,019 [pool-27-thread-1] INFO  server.RaftServerConfigKeys (ConfUtils.java:logGet(43)) - raft.server.log.segment.size.max = 1048576 (custom)
2019-09-16 22:06:07,019 [pool-57-thread-1] INFO  server.RaftServerConfigKeys (ConfUtils.java:logGet(43)) - raft.server.log.segment.size.max = 1048576 (custom)
2019-09-16 22:06:07,019 [pool-47-thread-1] INFO  server.RaftServerConfigKeys (ConfUtils.java:logGet(43)) - raft.server.log.segment.size.max = 1048576 (custom)
2019-09-16 22:06:07,020 [pool-57-thread-1] INFO  server.RaftServerConfigKeys (ConfUtils.java:logGet(43)) - raft.server.log.preallocated.size = 16384 (custom)
2019-09-16 22:06:07,020 [pool-27-thread-1] INFO  server.RaftServerConfigKeys (ConfUtils.java:logGet(43)) - raft.server.log.segment.cache.num.max = 2 (custom)
2019-09-16 22:06:07,020 [pool-57-thread-1] INFO  server.RaftServerConfigKeys (ConfUtils.java:logGet(43)) - raft.server.log.write.buffer.size = 33554432 (custom)
2019-09-16 22:06:07,020 [pool-47-thread-1] INFO  server.RaftServerConfigKeys (ConfUtils.java:logGet(43)) - raft.server.log.segment.cache.num.max = 2 (custom)
2019-09-16 22:06:07,021 [pool-57-thread-1] INFO  server.RaftServerConfigKeys (ConfUtils.java:logGet(43)) - raft.server.log.force.sync.num = 128 (default)
2019-09-16 22:06:07,021 [pool-27-thread-1] INFO  segmented.SegmentedRaftLogWorker (SegmentedRaftLogWorker.java:<init>(172)) - new 29c0e794-a40f-4883-a7a1-c22f50b70ae2@group-6C14C2EABC68-SegmentedRaftLogWorker for RaftStorage:Storage Directory /workdir/hadoop-ozone/integration-test/target/test-dir/MiniOzoneClusterImpl-961741f6-a9e5-453d-b900-42a67a169637/datanode-0/data/ratis/4a4b3e60-318a-4cf4-bada-6c14c2eabc68
2019-09-16 22:06:07,021 [pool-57-thread-1] INFO  server.RaftServerConfigKeys (ConfUtils.java:logGet(43)) - raft.server.log.statemachine.data.sync = true (default)
2019-09-16 22:06:07,021 [pool-47-thread-1] INFO  segmented.SegmentedRaftLogWorker (SegmentedRaftLogWorker.java:<init>(172)) - new 19a7bb33-cf5f-4df5-8bf9-d823f6efe25a@group-6C14C2EABC68-SegmentedRaftLogWorker for RaftStorage:Storage Directory /workdir/hadoop-ozone/integration-test/target/test-dir/MiniOzoneClusterImpl-961741f6-a9e5-453d-b900-42a67a169637/datanode-2/data/ratis/4a4b3e60-318a-4cf4-bada-6c14c2eabc68
2019-09-16 22:06:07,022 [pool-57-thread-1] INFO  server.RaftServerConfigKeys (ConfUtils.java:logGet(43)) - raft.server.log.statemachine.data.sync.timeout = 10s (default)
2019-09-16 22:06:07,022 [pool-27-thread-1] INFO  server.RaftServerConfigKeys (ConfUtils.java:logGet(43)) - raft.server.log.queue.byte-limit = 2147483647 (custom)
2019-09-16 22:06:07,022 [pool-57-thread-1] INFO  server.RaftServerConfigKeys (ConfUtils.java:logGet(43)) - raft.server.log.statemachine.data.sync.timeout.retry = -1 (default)
2019-09-16 22:06:07,022 [pool-47-thread-1] INFO  server.RaftServerConfigKeys (ConfUtils.java:logGet(43)) - raft.server.log.queue.byte-limit = 2147483647 (custom)
2019-09-16 22:06:07,023 [pool-57-thread-1] INFO  server.RaftServerConfigKeys (ConfUtils.java:logGet(43)) - raft.server.log.statemachine.data.caching.enabled = true (custom)
2019-09-16 22:06:07,023 [pool-27-thread-1] INFO  server.RaftServerConfigKeys (ConfUtils.java:logGet(43)) - raft.server.log.queue.element-limit = 1024 (custom)
2019-09-16 22:06:07,024 [pool-57-thread-1] INFO  segmented.SegmentedRaftLogWorker (SegmentedRaftLogWorker.java:lambda$new$0(132)) - 3231d43f-efe3-452c-bd2e-a4eeefccf54b@group-6C14C2EABC68-SegmentedRaftLogWorker: flushIndex: setUnconditionally 0 -> -1
2019-09-16 22:06:07,023 [pool-47-thread-1] INFO  server.RaftServerConfigKeys (ConfUtils.java:logGet(43)) - raft.server.log.queue.element-limit = 1024 (custom)
2019-09-16 22:06:07,024 [pool-27-thread-1] INFO  server.RaftServerConfigKeys (ConfUtils.java:logGet(43)) - raft.server.log.segment.size.max = 1048576 (custom)
2019-09-16 22:06:07,024 [pool-47-thread-1] INFO  server.RaftServerConfigKeys (ConfUtils.java:logGet(43)) - raft.server.log.segment.size.max = 1048576 (custom)
2019-09-16 22:06:07,024 [pool-57-thread-1] INFO  server.RaftServerConfigKeys (ConfUtils.java:logGet(43)) - raft.server.snapshot.auto.trigger.enabled = true (custom)
2019-09-16 22:06:07,025 [pool-47-thread-1] INFO  server.RaftServerConfigKeys (ConfUtils.java:logGet(43)) - raft.server.log.preallocated.size = 16384 (custom)
2019-09-16 22:06:07,024 [pool-27-thread-1] INFO  server.RaftServerConfigKeys (ConfUtils.java:logGet(43)) - raft.server.log.preallocated.size = 16384 (custom)
2019-09-16 22:06:07,025 [pool-47-thread-1] INFO  server.RaftServerConfigKeys (ConfUtils.java:logGet(43)) - raft.server.log.write.buffer.size = 33554432 (custom)
2019-09-16 22:06:07,025 [pool-57-thread-1] INFO  server.RaftServerConfigKeys (ConfUtils.java:logGet(43)) - raft.server.snapshot.auto.trigger.threshold = 10000 (custom)
2019-09-16 22:06:07,025 [pool-47-thread-1] INFO  server.RaftServerConfigKeys (ConfUtils.java:logGet(43)) - raft.server.log.force.sync.num = 128 (default)
2019-09-16 22:06:07,025 [pool-27-thread-1] INFO  server.RaftServerConfigKeys (ConfUtils.java:logGet(43)) - raft.server.log.write.buffer.size = 33554432 (custom)
2019-09-16 22:06:07,026 [pool-47-thread-1] INFO  server.RaftServerConfigKeys (ConfUtils.java:logGet(43)) - raft.server.log.statemachine.data.sync = true (default)
2019-09-16 22:06:07,026 [pool-57-thread-1] INFO  server.RaftServerConfigKeys (ConfUtils.java:logGet(43)) - raft.server.snapshot.retention.num.files = 5 (custom)
2019-09-16 22:06:07,026 [pool-47-thread-1] INFO  server.RaftServerConfigKeys (ConfUtils.java:logGet(43)) - raft.server.log.statemachine.data.sync.timeout = 10s (default)
2019-09-16 22:06:07,026 [pool-27-thread-1] INFO  server.RaftServerConfigKeys (ConfUtils.java:logGet(43)) - raft.server.log.force.sync.num = 128 (default)
2019-09-16 22:06:07,027 [pool-47-thread-1] INFO  server.RaftServerConfigKeys (ConfUtils.java:logGet(43)) - raft.server.log.statemachine.data.sync.timeout.retry = -1 (default)
2019-09-16 22:06:07,026 [pool-57-thread-1] INFO  server.RaftServerConfigKeys (ConfUtils.java:logGet(43)) - raft.server.retrycache.expirytime = 600000ms (custom)
2019-09-16 22:06:07,027 [pool-47-thread-1] INFO  server.RaftServerConfigKeys (ConfUtils.java:logGet(43)) - raft.server.log.statemachine.data.caching.enabled = true (custom)
2019-09-16 22:06:07,027 [pool-27-thread-1] INFO  server.RaftServerConfigKeys (ConfUtils.java:logGet(43)) - raft.server.log.statemachine.data.sync = true (default)
2019-09-16 22:06:07,028 [pool-47-thread-1] INFO  segmented.SegmentedRaftLogWorker (SegmentedRaftLogWorker.java:lambda$new$0(132)) - 19a7bb33-cf5f-4df5-8bf9-d823f6efe25a@group-6C14C2EABC68-SegmentedRaftLogWorker: flushIndex: setUnconditionally 0 -> -1
2019-09-16 22:06:07,028 [pool-27-thread-1] INFO  server.RaftServerConfigKeys (ConfUtils.java:logGet(43)) - raft.server.log.statemachine.data.sync.timeout = 10s (default)
2019-09-16 22:06:07,028 [pool-47-thread-1] INFO  server.RaftServerConfigKeys (ConfUtils.java:logGet(43)) - raft.server.snapshot.auto.trigger.enabled = true (custom)
2019-09-16 22:06:07,028 [pool-27-thread-1] INFO  server.RaftServerConfigKeys (ConfUtils.java:logGet(43)) - raft.server.log.statemachine.data.sync.timeout.retry = -1 (default)
2019-09-16 22:06:07,028 [pool-47-thread-1] INFO  server.RaftServerConfigKeys (ConfUtils.java:logGet(43)) - raft.server.snapshot.auto.trigger.threshold = 10000 (custom)
2019-09-16 22:06:07,029 [pool-27-thread-1] INFO  server.RaftServerConfigKeys (ConfUtils.java:logGet(43)) - raft.server.log.statemachine.data.caching.enabled = true (custom)
2019-09-16 22:06:07,029 [pool-47-thread-1] INFO  server.RaftServerConfigKeys (ConfUtils.java:logGet(43)) - raft.server.snapshot.retention.num.files = 5 (custom)
2019-09-16 22:06:07,029 [pool-27-thread-1] INFO  segmented.SegmentedRaftLogWorker (SegmentedRaftLogWorker.java:lambda$new$0(132)) - 29c0e794-a40f-4883-a7a1-c22f50b70ae2@group-6C14C2EABC68-SegmentedRaftLogWorker: flushIndex: setUnconditionally 0 -> -1
2019-09-16 22:06:07,029 [pool-47-thread-1] INFO  server.RaftServerConfigKeys (ConfUtils.java:logGet(43)) - raft.server.retrycache.expirytime = 600000ms (custom)
2019-09-16 22:06:07,030 [pool-27-thread-1] INFO  server.RaftServerConfigKeys (ConfUtils.java:logGet(43)) - raft.server.snapshot.auto.trigger.enabled = true (custom)
2019-09-16 22:06:07,030 [pool-27-thread-1] INFO  server.RaftServerConfigKeys (ConfUtils.java:logGet(43)) - raft.server.snapshot.auto.trigger.threshold = 10000 (custom)
2019-09-16 22:06:07,030 [pool-27-thread-1] INFO  server.RaftServerConfigKeys (ConfUtils.java:logGet(43)) - raft.server.snapshot.retention.num.files = 5 (custom)
2019-09-16 22:06:07,031 [pool-27-thread-1] INFO  server.RaftServerConfigKeys (ConfUtils.java:logGet(43)) - raft.server.retrycache.expirytime = 600000ms (custom)
2019-09-16 22:06:07,034 [pool-57-thread-1] INFO  impl.RaftServerImpl (RaftServerImpl.java:start(185)) - 3231d43f-efe3-452c-bd2e-a4eeefccf54b@group-6C14C2EABC68: start as a follower, conf=-1: [29c0e794-a40f-4883-a7a1-c22f50b70ae2:192.168.151.68:32941, 19a7bb33-cf5f-4df5-8bf9-d823f6efe25a:192.168.151.68:42577, 3231d43f-efe3-452c-bd2e-a4eeefccf54b:192.168.151.68:42863], old=null
2019-09-16 22:06:07,034 [pool-57-thread-1] INFO  impl.RaftServerImpl (RaftServerImpl.java:setRole(174)) - 3231d43f-efe3-452c-bd2e-a4eeefccf54b@group-6C14C2EABC68: changes role from      null to FOLLOWER at term 0 for startAsFollower
2019-09-16 22:06:07,035 [pool-57-thread-1] INFO  impl.RoleInfo (RoleInfo.java:updateAndGet(143)) - 3231d43f-efe3-452c-bd2e-a4eeefccf54b: start FollowerState
2019-09-16 22:06:07,035 [pool-57-thread-1] INFO  util.JmxRegister (JmxRegister.java:tryRegister(44)) - Successfully registered JMX Bean with object name Ratis:service=RaftServer,group=group-6C14C2EABC68,id=3231d43f-efe3-452c-bd2e-a4eeefccf54b
2019-09-16 22:06:07,037 [pool-47-thread-1] INFO  impl.RaftServerImpl (RaftServerImpl.java:start(185)) - 19a7bb33-cf5f-4df5-8bf9-d823f6efe25a@group-6C14C2EABC68: start as a follower, conf=-1: [29c0e794-a40f-4883-a7a1-c22f50b70ae2:192.168.151.68:32941, 19a7bb33-cf5f-4df5-8bf9-d823f6efe25a:192.168.151.68:42577, 3231d43f-efe3-452c-bd2e-a4eeefccf54b:192.168.151.68:42863], old=null
2019-09-16 22:06:07,038 [pool-47-thread-1] INFO  impl.RaftServerImpl (RaftServerImpl.java:setRole(174)) - 19a7bb33-cf5f-4df5-8bf9-d823f6efe25a@group-6C14C2EABC68: changes role from      null to FOLLOWER at term 0 for startAsFollower
2019-09-16 22:06:07,039 [pool-47-thread-1] INFO  impl.RoleInfo (RoleInfo.java:updateAndGet(143)) - 19a7bb33-cf5f-4df5-8bf9-d823f6efe25a: start FollowerState
2019-09-16 22:06:07,041 [pool-47-thread-1] INFO  util.JmxRegister (JmxRegister.java:tryRegister(44)) - Successfully registered JMX Bean with object name Ratis:service=RaftServer,group=group-6C14C2EABC68,id=19a7bb33-cf5f-4df5-8bf9-d823f6efe25a
2019-09-16 22:06:07,044 [pool-27-thread-1] INFO  impl.RaftServerImpl (RaftServerImpl.java:start(185)) - 29c0e794-a40f-4883-a7a1-c22f50b70ae2@group-6C14C2EABC68: start as a follower, conf=-1: [29c0e794-a40f-4883-a7a1-c22f50b70ae2:192.168.151.68:32941, 19a7bb33-cf5f-4df5-8bf9-d823f6efe25a:192.168.151.68:42577, 3231d43f-efe3-452c-bd2e-a4eeefccf54b:192.168.151.68:42863], old=null
2019-09-16 22:06:07,046 [pool-27-thread-1] INFO  impl.RaftServerImpl (RaftServerImpl.java:setRole(174)) - 29c0e794-a40f-4883-a7a1-c22f50b70ae2@group-6C14C2EABC68: changes role from      null to FOLLOWER at term 0 for startAsFollower
2019-09-16 22:06:07,047 [pool-27-thread-1] INFO  impl.RoleInfo (RoleInfo.java:updateAndGet(143)) - 29c0e794-a40f-4883-a7a1-c22f50b70ae2: start FollowerState
2019-09-16 22:06:07,050 [pool-27-thread-1] INFO  util.JmxRegister (JmxRegister.java:tryRegister(44)) - Successfully registered JMX Bean with object name Ratis:service=RaftServer,group=group-6C14C2EABC68,id=29c0e794-a40f-4883-a7a1-c22f50b70ae2
2019-09-16 22:06:07,064 [RatisPipelineUtilsThread] INFO  pipeline.PipelineStateManager (PipelineStateManager.java:addPipeline(56)) - Created pipeline Pipeline[ Id: 4a4b3e60-318a-4cf4-bada-6c14c2eabc68, Nodes: 19a7bb33-cf5f-4df5-8bf9-d823f6efe25a{ip: 192.168.151.68, host: pr-hdds-2135-v26ff-2356241440, networkLocation: /default-rack, certSerialId: null}29c0e794-a40f-4883-a7a1-c22f50b70ae2{ip: 192.168.151.68, host: pr-hdds-2135-v26ff-2356241440, networkLocation: /default-rack, certSerialId: null}3231d43f-efe3-452c-bd2e-a4eeefccf54b{ip: 192.168.151.68, host: pr-hdds-2135-v26ff-2356241440, networkLocation: /default-rack, certSerialId: null}, Type:RATIS, Factor:THREE, State:OPEN]
2019-09-16 22:06:07,513 [main] INFO  rpc.RpcClient (RpcClient.java:createVolume(302)) - Creating Volume: testcontainerstatemachinefailures, with jenkins1000 as owner.
2019-09-16 22:06:07,646 [IPC Server handler 0 on 40685] INFO  volume.OMVolumeCreateRequest (OMVolumeCreateRequest.java:validateAndUpdateCache(189)) - created volume:testcontainerstatemachinefailures for user:jenkins1000
2019-09-16 22:06:07,681 [main] INFO  rpc.RpcClient (RpcClient.java:createBucket(441)) - Creating Bucket: testcontainerstatemachinefailures/testcontainerstatemachinefailures, with Versioning false and Storage Type set to DISK and Encryption set to false 
2019-09-16 22:06:08,204 [EventQueue-StaleNodeForStaleNodeHandler] INFO  node.StaleNodeHandler (StaleNodeHandler.java:onMessage(58)) - Datanode 3231d43f-efe3-452c-bd2e-a4eeefccf54b{ip: 192.168.151.68, host: pr-hdds-2135-v26ff-2356241440, networkLocation: /default-rack, certSerialId: null} moved to stale state. Finalizing its pipelines [PipelineID=4a4b3e60-318a-4cf4-bada-6c14c2eabc68, PipelineID=a1970b7f-67c1-4107-8af9-9f921646f108]
2019-09-16 22:06:08,206 [EventQueue-StaleNodeForStaleNodeHandler] INFO  pipeline.SCMPipelineManager (SCMPipelineManager.java:finalizeAndDestroyPipeline(311)) - destroying pipeline:Pipeline[ Id: 4a4b3e60-318a-4cf4-bada-6c14c2eabc68, Nodes: 19a7bb33-cf5f-4df5-8bf9-d823f6efe25a{ip: 192.168.151.68, host: pr-hdds-2135-v26ff-2356241440, networkLocation: /default-rack, certSerialId: null}29c0e794-a40f-4883-a7a1-c22f50b70ae2{ip: 192.168.151.68, host: pr-hdds-2135-v26ff-2356241440, networkLocation: /default-rack, certSerialId: null}3231d43f-efe3-452c-bd2e-a4eeefccf54b{ip: 192.168.151.68, host: pr-hdds-2135-v26ff-2356241440, networkLocation: /default-rack, certSerialId: null}, Type:RATIS, Factor:THREE, State:OPEN]
2019-09-16 22:06:08,215 [EventQueue-StaleNodeForStaleNodeHandler] INFO  pipeline.PipelineStateManager (PipelineStateManager.java:finalizePipeline(123)) - Pipeline Pipeline[ Id: 4a4b3e60-318a-4cf4-bada-6c14c2eabc68, Nodes: 19a7bb33-cf5f-4df5-8bf9-d823f6efe25a{ip: 192.168.151.68, host: pr-hdds-2135-v26ff-2356241440, networkLocation: /default-rack, certSerialId: null}29c0e794-a40f-4883-a7a1-c22f50b70ae2{ip: 192.168.151.68, host: pr-hdds-2135-v26ff-2356241440, networkLocation: /default-rack, certSerialId: null}3231d43f-efe3-452c-bd2e-a4eeefccf54b{ip: 192.168.151.68, host: pr-hdds-2135-v26ff-2356241440, networkLocation: /default-rack, certSerialId: null}, Type:RATIS, Factor:THREE, State:CLOSED] moved to CLOSED state
2019-09-16 22:06:08,215 [EventQueue-CloseContainerForCloseContainerEventHandler] INFO  container.CloseContainerEventHandler (CloseContainerEventHandler.java:onMessage(61)) - Close container Event triggered for container : #1
2019-09-16 22:06:08,237 [EventQueue-StaleNodeForStaleNodeHandler] INFO  pipeline.SCMPipelineManager (SCMPipelineManager.java:finalizeAndDestroyPipeline(311)) - destroying pipeline:Pipeline[ Id: a1970b7f-67c1-4107-8af9-9f921646f108, Nodes: 3231d43f-efe3-452c-bd2e-a4eeefccf54b{ip: 192.168.151.68, host: pr-hdds-2135-v26ff-2356241440, networkLocation: /default-rack, certSerialId: null}, Type:RATIS, Factor:ONE, State:OPEN]
2019-09-16 22:06:08,240 [EventQueue-StaleNodeForStaleNodeHandler] INFO  pipeline.PipelineStateManager (PipelineStateManager.java:finalizePipeline(123)) - Pipeline Pipeline[ Id: a1970b7f-67c1-4107-8af9-9f921646f108, Nodes: 3231d43f-efe3-452c-bd2e-a4eeefccf54b{ip: 192.168.151.68, host: pr-hdds-2135-v26ff-2356241440, networkLocation: /default-rack, certSerialId: null}, Type:RATIS, Factor:ONE, State:CLOSED] moved to CLOSED state
2019-09-16 22:06:08,319 [grpc-default-executor-1] INFO  impl.RaftServerProxy (RaftServerProxy.java:addNew(89)) - 3231d43f-efe3-452c-bd2e-a4eeefccf54b: addNew group-5774A22995D0:[3231d43f-efe3-452c-bd2e-a4eeefccf54b:192.168.151.68:42863] returns group-5774A22995D0:java.util.concurrent.CompletableFuture@57e218f0[Not completed]
2019-09-16 22:06:08,322 [pool-57-thread-1] INFO  impl.RaftServerImpl (RaftServerImpl.java:<init>(95)) - 3231d43f-efe3-452c-bd2e-a4eeefccf54b: new RaftServerImpl for group-5774A22995D0:[3231d43f-efe3-452c-bd2e-a4eeefccf54b:192.168.151.68:42863] with ContainerStateMachine:uninitialized
2019-09-16 22:06:08,322 [pool-57-thread-1] INFO  server.RaftServerConfigKeys (ConfUtils.java:logGet(43)) - raft.server.rpc.timeout.min = 5s (custom)
2019-09-16 22:06:08,322 [pool-57-thread-1] INFO  server.RaftServerConfigKeys (ConfUtils.java:logGet(43)) - raft.server.rpc.timeout.max = 5200ms (custom)
2019-09-16 22:06:08,323 [pool-57-thread-1] INFO  server.RaftServerConfigKeys (ConfUtils.java:logGet(43)) - raft.server.rpcslowness.timeout = 1000s (custom)
2019-09-16 22:06:08,323 [pool-57-thread-1] INFO  server.RaftServerConfigKeys (ConfUtils.java:logGet(43)) - raft.server.sleep.deviation.threshold = 300 (default)
2019-09-16 22:06:08,323 [pool-57-thread-1] INFO  server.RaftServerConfigKeys (ConfUtils.java:logGet(43)) - raft.server.log.appender.install.snapshot.enabled = false (custom)
2019-09-16 22:06:08,323 [pool-57-thread-1] INFO  impl.RaftServerImpl (ServerState.java:<init>(103)) - 3231d43f-efe3-452c-bd2e-a4eeefccf54b@group-5774A22995D0: ConfigurationManager, init=-1: [3231d43f-efe3-452c-bd2e-a4eeefccf54b:192.168.151.68:42863], old=null, confs=<EMPTY_MAP>
2019-09-16 22:06:08,323 [pool-57-thread-1] INFO  server.RaftServerConfigKeys (ConfUtils.java:logGet(43)) - raft.server.storage.dir = [/workdir/hadoop-ozone/integration-test/target/test-dir/MiniOzoneClusterImpl-961741f6-a9e5-453d-b900-42a67a169637/datanode-3/data/ratis] (custom)
2019-09-16 22:06:08,324 [pool-57-thread-1] INFO  storage.RaftStorageDirectory (RaftStorageDirectory.java:analyzeStorage(246)) - The storage directory /workdir/hadoop-ozone/integration-test/target/test-dir/MiniOzoneClusterImpl-961741f6-a9e5-453d-b900-42a67a169637/datanode-3/data/ratis/93a19956-4649-4683-8227-5774a22995d0 does not exist. Creating ...
2019-09-16 22:06:08,332 [main] INFO  impl.MetricsSystemImpl (MetricsSystemImpl.java:init(158)) - XceiverClientMetrics metrics system started (again)
2019-09-16 22:06:08,343 [pool-57-thread-1] INFO  storage.RaftStorageDirectory (RaftStorageDirectory.java:tryLock(328)) - Lock on /workdir/hadoop-ozone/integration-test/target/test-dir/MiniOzoneClusterImpl-961741f6-a9e5-453d-b900-42a67a169637/datanode-3/data/ratis/93a19956-4649-4683-8227-5774a22995d0/in_use.lock acquired by nodename 12823@pr-hdds-2135-v26ff-2356241440
2019-09-16 22:06:08,356 [pool-57-thread-1] INFO  storage.RaftStorage (RaftStorage.java:format(72)) - Storage directory /workdir/hadoop-ozone/integration-test/target/test-dir/MiniOzoneClusterImpl-961741f6-a9e5-453d-b900-42a67a169637/datanode-3/data/ratis/93a19956-4649-4683-8227-5774a22995d0 has been successfully formatted.
2019-09-16 22:06:08,357 [pool-57-thread-1] INFO  ratis.ContainerStateMachine (ContainerStateMachine.java:loadSnapshot(230)) - group-5774A22995D0: The snapshot info is null. Setting the last applied indexto:(t:0, i:~)
2019-09-16 22:06:08,357 [pool-57-thread-1] INFO  server.RaftServerConfigKeys (ConfUtils.java:logGet(43)) - raft.server.notification.no-leader.timeout = 1000s (custom)
2019-09-16 22:06:08,357 [pool-57-thread-1] INFO  server.RaftServerConfigKeys (ConfUtils.java:logGet(43)) - raft.server.log.use.memory = false (default)
2019-09-16 22:06:08,358 [pool-57-thread-1] INFO  server.RaftServerConfigKeys (ConfUtils.java:logGet(43)) - raft.server.log.purge.gap = 1000000 (custom)
2019-09-16 22:06:08,358 [pool-57-thread-1] INFO  server.RaftServerConfigKeys (ConfUtils.java:logGet(43)) - raft.server.log.appender.buffer.byte-limit = 33554432 (custom)
2019-09-16 22:06:08,358 [pool-57-thread-1] INFO  server.RaftServerConfigKeys (ConfUtils.java:logGet(43)) - raft.server.log.segment.size.max = 1048576 (custom)
2019-09-16 22:06:08,358 [pool-57-thread-1] INFO  server.RaftServerConfigKeys (ConfUtils.java:logGet(43)) - raft.server.log.segment.cache.num.max = 2 (custom)
2019-09-16 22:06:08,358 [pool-57-thread-1] INFO  segmented.SegmentedRaftLogWorker (SegmentedRaftLogWorker.java:<init>(172)) - new 3231d43f-efe3-452c-bd2e-a4eeefccf54b@group-5774A22995D0-SegmentedRaftLogWorker for RaftStorage:Storage Directory /workdir/hadoop-ozone/integration-test/target/test-dir/MiniOzoneClusterImpl-961741f6-a9e5-453d-b900-42a67a169637/datanode-3/data/ratis/93a19956-4649-4683-8227-5774a22995d0
2019-09-16 22:06:08,359 [pool-57-thread-1] INFO  server.RaftServerConfigKeys (ConfUtils.java:logGet(43)) - raft.server.log.queue.byte-limit = 2147483647 (custom)
2019-09-16 22:06:08,359 [pool-57-thread-1] INFO  server.RaftServerConfigKeys (ConfUtils.java:logGet(43)) - raft.server.log.queue.element-limit = 1024 (custom)
2019-09-16 22:06:08,359 [pool-57-thread-1] INFO  server.RaftServerConfigKeys (ConfUtils.java:logGet(43)) - raft.server.log.segment.size.max = 1048576 (custom)
2019-09-16 22:06:08,359 [pool-57-thread-1] INFO  server.RaftServerConfigKeys (ConfUtils.java:logGet(43)) - raft.server.log.preallocated.size = 16384 (custom)
2019-09-16 22:06:08,359 [pool-57-thread-1] INFO  server.RaftServerConfigKeys (ConfUtils.java:logGet(43)) - raft.server.log.write.buffer.size = 33554432 (custom)
2019-09-16 22:06:08,360 [pool-57-thread-1] INFO  server.RaftServerConfigKeys (ConfUtils.java:logGet(43)) - raft.server.log.force.sync.num = 128 (default)
2019-09-16 22:06:08,360 [pool-57-thread-1] INFO  server.RaftServerConfigKeys (ConfUtils.java:logGet(43)) - raft.server.log.statemachine.data.sync = true (default)
2019-09-16 22:06:08,360 [pool-57-thread-1] INFO  server.RaftServerConfigKeys (ConfUtils.java:logGet(43)) - raft.server.log.statemachine.data.sync.timeout = 10s (default)
2019-09-16 22:06:08,360 [pool-57-thread-1] INFO  server.RaftServerConfigKeys (ConfUtils.java:logGet(43)) - raft.server.log.statemachine.data.sync.timeout.retry = -1 (default)
2019-09-16 22:06:08,360 [pool-57-thread-1] INFO  server.RaftServerConfigKeys (ConfUtils.java:logGet(43)) - raft.server.log.statemachine.data.caching.enabled = true (custom)
2019-09-16 22:06:08,361 [pool-57-thread-1] INFO  segmented.SegmentedRaftLogWorker (SegmentedRaftLogWorker.java:lambda$new$0(132)) - 3231d43f-efe3-452c-bd2e-a4eeefccf54b@group-5774A22995D0-SegmentedRaftLogWorker: flushIndex: setUnconditionally 0 -> -1
2019-09-16 22:06:08,361 [pool-57-thread-1] INFO  server.RaftServerConfigKeys (ConfUtils.java:logGet(43)) - raft.server.snapshot.auto.trigger.enabled = true (custom)
2019-09-16 22:06:08,361 [pool-57-thread-1] INFO  server.RaftServerConfigKeys (ConfUtils.java:logGet(43)) - raft.server.snapshot.auto.trigger.threshold = 10000 (custom)
2019-09-16 22:06:08,362 [pool-57-thread-1] INFO  server.RaftServerConfigKeys (ConfUtils.java:logGet(43)) - raft.server.snapshot.retention.num.files = 5 (custom)
2019-09-16 22:06:08,362 [pool-57-thread-1] INFO  server.RaftServerConfigKeys (ConfUtils.java:logGet(43)) - raft.server.retrycache.expirytime = 600000ms (custom)
2019-09-16 22:06:08,367 [pool-57-thread-1] INFO  impl.RaftServerImpl (RaftServerImpl.java:start(185)) - 3231d43f-efe3-452c-bd2e-a4eeefccf54b@group-5774A22995D0: start as a follower, conf=-1: [3231d43f-efe3-452c-bd2e-a4eeefccf54b:192.168.151.68:42863], old=null
2019-09-16 22:06:08,367 [pool-57-thread-1] INFO  impl.RaftServerImpl (RaftServerImpl.java:setRole(174)) - 3231d43f-efe3-452c-bd2e-a4eeefccf54b@group-5774A22995D0: changes role from      null to FOLLOWER at term 0 for startAsFollower
2019-09-16 22:06:08,367 [pool-57-thread-1] INFO  impl.RoleInfo (RoleInfo.java:updateAndGet(143)) - 3231d43f-efe3-452c-bd2e-a4eeefccf54b: start FollowerState
2019-09-16 22:06:08,368 [pool-57-thread-1] INFO  util.JmxRegister (JmxRegister.java:tryRegister(44)) - Successfully registered JMX Bean with object name Ratis:service=RaftServer,group=group-5774A22995D0,id=3231d43f-efe3-452c-bd2e-a4eeefccf54b
2019-09-16 22:06:08,379 [RatisPipelineUtilsThread] INFO  pipeline.PipelineStateManager (PipelineStateManager.java:addPipeline(56)) - Created pipeline Pipeline[ Id: 93a19956-4649-4683-8227-5774a22995d0, Nodes: 3231d43f-efe3-452c-bd2e-a4eeefccf54b{ip: 192.168.151.68, host: pr-hdds-2135-v26ff-2356241440, networkLocation: /default-rack, certSerialId: null}, Type:RATIS, Factor:ONE, State:OPEN]
2019-09-16 22:06:08,415 [grpc-default-executor-2] INFO  impl.RaftServerProxy (RaftServerProxy.java:addNew(89)) - 19a7bb33-cf5f-4df5-8bf9-d823f6efe25a: addNew group-1CF92AD81BFA:[29c0e794-a40f-4883-a7a1-c22f50b70ae2:192.168.151.68:32941, 19a7bb33-cf5f-4df5-8bf9-d823f6efe25a:192.168.151.68:42577, 3231d43f-efe3-452c-bd2e-a4eeefccf54b:192.168.151.68:42863] returns group-1CF92AD81BFA:java.util.concurrent.CompletableFuture@6a55c768[Not completed]
2019-09-16 22:06:08,415 [grpc-default-executor-1] INFO  impl.RaftServerProxy (RaftServerProxy.java:addNew(89)) - 29c0e794-a40f-4883-a7a1-c22f50b70ae2: addNew group-1CF92AD81BFA:[29c0e794-a40f-4883-a7a1-c22f50b70ae2:192.168.151.68:32941, 19a7bb33-cf5f-4df5-8bf9-d823f6efe25a:192.168.151.68:42577, 3231d43f-efe3-452c-bd2e-a4eeefccf54b:192.168.151.68:42863] returns group-1CF92AD81BFA:java.util.concurrent.CompletableFuture@667f4a11[Not completed]
2019-09-16 22:06:08,418 [grpc-default-executor-1] INFO  impl.RaftServerProxy (RaftServerProxy.java:addNew(89)) - 3231d43f-efe3-452c-bd2e-a4eeefccf54b: addNew group-1CF92AD81BFA:[29c0e794-a40f-4883-a7a1-c22f50b70ae2:192.168.151.68:32941, 19a7bb33-cf5f-4df5-8bf9-d823f6efe25a:192.168.151.68:42577, 3231d43f-efe3-452c-bd2e-a4eeefccf54b:192.168.151.68:42863] returns group-1CF92AD81BFA:java.util.concurrent.CompletableFuture@702f44d2[Not completed]
2019-09-16 22:06:08,420 [pool-47-thread-1] INFO  impl.RaftServerImpl (RaftServerImpl.java:<init>(95)) - 19a7bb33-cf5f-4df5-8bf9-d823f6efe25a: new RaftServerImpl for group-1CF92AD81BFA:[29c0e794-a40f-4883-a7a1-c22f50b70ae2:192.168.151.68:32941, 19a7bb33-cf5f-4df5-8bf9-d823f6efe25a:192.168.151.68:42577, 3231d43f-efe3-452c-bd2e-a4eeefccf54b:192.168.151.68:42863] with ContainerStateMachine:uninitialized
2019-09-16 22:06:08,420 [pool-47-thread-1] INFO  server.RaftServerConfigKeys (ConfUtils.java:logGet(43)) - raft.server.rpc.timeout.min = 5s (custom)
2019-09-16 22:06:08,420 [pool-47-thread-1] INFO  server.RaftServerConfigKeys (ConfUtils.java:logGet(43)) - raft.server.rpc.timeout.max = 5200ms (custom)
2019-09-16 22:06:08,420 [pool-47-thread-1] INFO  server.RaftServerConfigKeys (ConfUtils.java:logGet(43)) - raft.server.rpcslowness.timeout = 1000s (custom)
2019-09-16 22:06:08,420 [pool-57-thread-1] INFO  impl.RaftServerImpl (RaftServerImpl.java:<init>(95)) - 3231d43f-efe3-452c-bd2e-a4eeefccf54b: new RaftServerImpl for group-1CF92AD81BFA:[29c0e794-a40f-4883-a7a1-c22f50b70ae2:192.168.151.68:32941, 19a7bb33-cf5f-4df5-8bf9-d823f6efe25a:192.168.151.68:42577, 3231d43f-efe3-452c-bd2e-a4eeefccf54b:192.168.151.68:42863] with ContainerStateMachine:uninitialized
2019-09-16 22:06:08,421 [pool-47-thread-1] INFO  server.RaftServerConfigKeys (ConfUtils.java:logGet(43)) - raft.server.sleep.deviation.threshold = 300 (default)
2019-09-16 22:06:08,421 [pool-57-thread-1] INFO  server.RaftServerConfigKeys (ConfUtils.java:logGet(43)) - raft.server.rpc.timeout.min = 5s (custom)
2019-09-16 22:06:08,421 [pool-47-thread-1] INFO  server.RaftServerConfigKeys (ConfUtils.java:logGet(43)) - raft.server.log.appender.install.snapshot.enabled = false (custom)
2019-09-16 22:06:08,421 [pool-57-thread-1] INFO  server.RaftServerConfigKeys (ConfUtils.java:logGet(43)) - raft.server.rpc.timeout.max = 5200ms (custom)
2019-09-16 22:06:08,421 [pool-47-thread-1] INFO  impl.RaftServerImpl (ServerState.java:<init>(103)) - 19a7bb33-cf5f-4df5-8bf9-d823f6efe25a@group-1CF92AD81BFA: ConfigurationManager, init=-1: [29c0e794-a40f-4883-a7a1-c22f50b70ae2:192.168.151.68:32941, 19a7bb33-cf5f-4df5-8bf9-d823f6efe25a:192.168.151.68:42577, 3231d43f-efe3-452c-bd2e-a4eeefccf54b:192.168.151.68:42863], old=null, confs=<EMPTY_MAP>
2019-09-16 22:06:08,421 [pool-57-thread-1] INFO  server.RaftServerConfigKeys (ConfUtils.java:logGet(43)) - raft.server.rpcslowness.timeout = 1000s (custom)
2019-09-16 22:06:08,422 [pool-57-thread-1] INFO  server.RaftServerConfigKeys (ConfUtils.java:logGet(43)) - raft.server.sleep.deviation.threshold = 300 (default)
2019-09-16 22:06:08,422 [pool-47-thread-1] INFO  server.RaftServerConfigKeys (ConfUtils.java:logGet(43)) - raft.server.storage.dir = [/workdir/hadoop-ozone/integration-test/target/test-dir/MiniOzoneClusterImpl-961741f6-a9e5-453d-b900-42a67a169637/datanode-2/data/ratis] (custom)
2019-09-16 22:06:08,422 [pool-27-thread-1] INFO  impl.RaftServerImpl (RaftServerImpl.java:<init>(95)) - 29c0e794-a40f-4883-a7a1-c22f50b70ae2: new RaftServerImpl for group-1CF92AD81BFA:[29c0e794-a40f-4883-a7a1-c22f50b70ae2:192.168.151.68:32941, 19a7bb33-cf5f-4df5-8bf9-d823f6efe25a:192.168.151.68:42577, 3231d43f-efe3-452c-bd2e-a4eeefccf54b:192.168.151.68:42863] with ContainerStateMachine:uninitialized
2019-09-16 22:06:08,422 [pool-57-thread-1] INFO  server.RaftServerConfigKeys (ConfUtils.java:logGet(43)) - raft.server.log.appender.install.snapshot.enabled = false (custom)
2019-09-16 22:06:08,422 [pool-27-thread-1] INFO  server.RaftServerConfigKeys (ConfUtils.java:logGet(43)) - raft.server.rpc.timeout.min = 5s (custom)
2019-09-16 22:06:08,422 [pool-47-thread-1] INFO  storage.RaftStorageDirectory (RaftStorageDirectory.java:analyzeStorage(246)) - The storage directory /workdir/hadoop-ozone/integration-test/target/test-dir/MiniOzoneClusterImpl-961741f6-a9e5-453d-b900-42a67a169637/datanode-2/data/ratis/ae09eaf3-83bb-4d3a-8ece-1cf92ad81bfa does not exist. Creating ...
2019-09-16 22:06:08,422 [pool-57-thread-1] INFO  impl.RaftServerImpl (ServerState.java:<init>(103)) - 3231d43f-efe3-452c-bd2e-a4eeefccf54b@group-1CF92AD81BFA: ConfigurationManager, init=-1: [29c0e794-a40f-4883-a7a1-c22f50b70ae2:192.168.151.68:32941, 19a7bb33-cf5f-4df5-8bf9-d823f6efe25a:192.168.151.68:42577, 3231d43f-efe3-452c-bd2e-a4eeefccf54b:192.168.151.68:42863], old=null, confs=<EMPTY_MAP>
2019-09-16 22:06:08,422 [pool-27-thread-1] INFO  server.RaftServerConfigKeys (ConfUtils.java:logGet(43)) - raft.server.rpc.timeout.max = 5200ms (custom)
2019-09-16 22:06:08,423 [pool-57-thread-1] INFO  server.RaftServerConfigKeys (ConfUtils.java:logGet(43)) - raft.server.storage.dir = [/workdir/hadoop-ozone/integration-test/target/test-dir/MiniOzoneClusterImpl-961741f6-a9e5-453d-b900-42a67a169637/datanode-3/data/ratis] (custom)
2019-09-16 22:06:08,423 [pool-27-thread-1] INFO  server.RaftServerConfigKeys (ConfUtils.java:logGet(43)) - raft.server.rpcslowness.timeout = 1000s (custom)
2019-09-16 22:06:08,423 [pool-27-thread-1] INFO  server.RaftServerConfigKeys (ConfUtils.java:logGet(43)) - raft.server.sleep.deviation.threshold = 300 (default)
2019-09-16 22:06:08,423 [pool-57-thread-1] INFO  storage.RaftStorageDirectory (RaftStorageDirectory.java:analyzeStorage(246)) - The storage directory /workdir/hadoop-ozone/integration-test/target/test-dir/MiniOzoneClusterImpl-961741f6-a9e5-453d-b900-42a67a169637/datanode-3/data/ratis/ae09eaf3-83bb-4d3a-8ece-1cf92ad81bfa does not exist. Creating ...
2019-09-16 22:06:08,423 [pool-27-thread-1] INFO  server.RaftServerConfigKeys (ConfUtils.java:logGet(43)) - raft.server.log.appender.install.snapshot.enabled = false (custom)
2019-09-16 22:06:08,424 [pool-27-thread-1] INFO  impl.RaftServerImpl (ServerState.java:<init>(103)) - 29c0e794-a40f-4883-a7a1-c22f50b70ae2@group-1CF92AD81BFA: ConfigurationManager, init=-1: [29c0e794-a40f-4883-a7a1-c22f50b70ae2:192.168.151.68:32941, 19a7bb33-cf5f-4df5-8bf9-d823f6efe25a:192.168.151.68:42577, 3231d43f-efe3-452c-bd2e-a4eeefccf54b:192.168.151.68:42863], old=null, confs=<EMPTY_MAP>
2019-09-16 22:06:08,424 [pool-27-thread-1] INFO  server.RaftServerConfigKeys (ConfUtils.java:logGet(43)) - raft.server.storage.dir = [/workdir/hadoop-ozone/integration-test/target/test-dir/MiniOzoneClusterImpl-961741f6-a9e5-453d-b900-42a67a169637/datanode-0/data/ratis] (custom)
2019-09-16 22:06:08,424 [pool-27-thread-1] INFO  storage.RaftStorageDirectory (RaftStorageDirectory.java:analyzeStorage(246)) - The storage directory /workdir/hadoop-ozone/integration-test/target/test-dir/MiniOzoneClusterImpl-961741f6-a9e5-453d-b900-42a67a169637/datanode-0/data/ratis/ae09eaf3-83bb-4d3a-8ece-1cf92ad81bfa does not exist. Creating ...
2019-09-16 22:06:08,448 [pool-27-thread-1] INFO  storage.RaftStorageDirectory (RaftStorageDirectory.java:tryLock(328)) - Lock on /workdir/hadoop-ozone/integration-test/target/test-dir/MiniOzoneClusterImpl-961741f6-a9e5-453d-b900-42a67a169637/datanode-0/data/ratis/ae09eaf3-83bb-4d3a-8ece-1cf92ad81bfa/in_use.lock acquired by nodename 12823@pr-hdds-2135-v26ff-2356241440
2019-09-16 22:06:08,448 [pool-57-thread-1] INFO  storage.RaftStorageDirectory (RaftStorageDirectory.java:tryLock(328)) - Lock on /workdir/hadoop-ozone/integration-test/target/test-dir/MiniOzoneClusterImpl-961741f6-a9e5-453d-b900-42a67a169637/datanode-3/data/ratis/ae09eaf3-83bb-4d3a-8ece-1cf92ad81bfa/in_use.lock acquired by nodename 12823@pr-hdds-2135-v26ff-2356241440
2019-09-16 22:06:08,448 [pool-47-thread-1] INFO  storage.RaftStorageDirectory (RaftStorageDirectory.java:tryLock(328)) - Lock on /workdir/hadoop-ozone/integration-test/target/test-dir/MiniOzoneClusterImpl-961741f6-a9e5-453d-b900-42a67a169637/datanode-2/data/ratis/ae09eaf3-83bb-4d3a-8ece-1cf92ad81bfa/in_use.lock acquired by nodename 12823@pr-hdds-2135-v26ff-2356241440
2019-09-16 22:06:08,467 [grpc-default-executor-1] INFO  client.GrpcClientProtocolClient (GrpcClientProtocolClient.java:onNext(264)) - client-458ED0FEEFF5->19a7bb33-cf5f-4df5-8bf9-d823f6efe25a: receive RaftClientReply:client-458ED0FEEFF5->19a7bb33-cf5f-4df5-8bf9-d823f6efe25a@group-6C14C2EABC68, cid=11, FAILED org.apache.ratis.protocol.NotLeaderException: Server 19a7bb33-cf5f-4df5-8bf9-d823f6efe25a@group-6C14C2EABC68 is not the leader, logIndex=0, commits[19a7bb33-cf5f-4df5-8bf9-d823f6efe25a:c-1]
2019-09-16 22:06:08,476 [pool-27-thread-1] INFO  storage.RaftStorage (RaftStorage.java:format(72)) - Storage directory /workdir/hadoop-ozone/integration-test/target/test-dir/MiniOzoneClusterImpl-961741f6-a9e5-453d-b900-42a67a169637/datanode-0/data/ratis/ae09eaf3-83bb-4d3a-8ece-1cf92ad81bfa has been successfully formatted.
2019-09-16 22:06:08,476 [pool-47-thread-1] INFO  storage.RaftStorage (RaftStorage.java:format(72)) - Storage directory /workdir/hadoop-ozone/integration-test/target/test-dir/MiniOzoneClusterImpl-961741f6-a9e5-453d-b900-42a67a169637/datanode-2/data/ratis/ae09eaf3-83bb-4d3a-8ece-1cf92ad81bfa has been successfully formatted.
2019-09-16 22:06:08,476 [pool-57-thread-1] INFO  storage.RaftStorage (RaftStorage.java:format(72)) - Storage directory /workdir/hadoop-ozone/integration-test/target/test-dir/MiniOzoneClusterImpl-961741f6-a9e5-453d-b900-42a67a169637/datanode-3/data/ratis/ae09eaf3-83bb-4d3a-8ece-1cf92ad81bfa has been successfully formatted.
2019-09-16 22:06:08,478 [pool-47-thread-1] INFO  ratis.ContainerStateMachine (ContainerStateMachine.java:loadSnapshot(230)) - group-1CF92AD81BFA: The snapshot info is null. Setting the last applied indexto:(t:0, i:~)
2019-09-16 22:06:08,478 [pool-27-thread-1] INFO  ratis.ContainerStateMachine (ContainerStateMachine.java:loadSnapshot(230)) - group-1CF92AD81BFA: The snapshot info is null. Setting the last applied indexto:(t:0, i:~)
2019-09-16 22:06:08,478 [pool-47-thread-1] INFO  server.RaftServerConfigKeys (ConfUtils.java:logGet(43)) - raft.server.notification.no-leader.timeout = 1000s (custom)
2019-09-16 22:06:08,478 [pool-57-thread-1] INFO  ratis.ContainerStateMachine (ContainerStateMachine.java:loadSnapshot(230)) - group-1CF92AD81BFA: The snapshot info is null. Setting the last applied indexto:(t:0, i:~)
2019-09-16 22:06:08,479 [pool-47-thread-1] INFO  server.RaftServerConfigKeys (ConfUtils.java:logGet(43)) - raft.server.log.use.memory = false (default)
2019-09-16 22:06:08,479 [pool-27-thread-1] INFO  server.RaftServerConfigKeys (ConfUtils.java:logGet(43)) - raft.server.notification.no-leader.timeout = 1000s (custom)
2019-09-16 22:06:08,479 [pool-47-thread-1] INFO  server.RaftServerConfigKeys (ConfUtils.java:logGet(43)) - raft.server.log.purge.gap = 1000000 (custom)
2019-09-16 22:06:08,479 [pool-57-thread-1] INFO  server.RaftServerConfigKeys (ConfUtils.java:logGet(43)) - raft.server.notification.no-leader.timeout = 1000s (custom)
2019-09-16 22:06:08,480 [pool-47-thread-1] INFO  server.RaftServerConfigKeys (ConfUtils.java:logGet(43)) - raft.server.log.appender.buffer.byte-limit = 33554432 (custom)
2019-09-16 22:06:08,480 [pool-27-thread-1] INFO  server.RaftServerConfigKeys (ConfUtils.java:logGet(43)) - raft.server.log.use.memory = false (default)
2019-09-16 22:06:08,481 [pool-47-thread-1] INFO  server.RaftServerConfigKeys (ConfUtils.java:logGet(43)) - raft.server.log.segment.size.max = 1048576 (custom)
2019-09-16 22:06:08,481 [pool-57-thread-1] INFO  server.RaftServerConfigKeys (ConfUtils.java:logGet(43)) - raft.server.log.use.memory = false (default)
2019-09-16 22:06:08,481 [pool-47-thread-1] INFO  server.RaftServerConfigKeys (ConfUtils.java:logGet(43)) - raft.server.log.segment.cache.num.max = 2 (custom)
2019-09-16 22:06:08,481 [pool-27-thread-1] INFO  server.RaftServerConfigKeys (ConfUtils.java:logGet(43)) - raft.server.log.purge.gap = 1000000 (custom)
2019-09-16 22:06:08,482 [pool-47-thread-1] INFO  segmented.SegmentedRaftLogWorker (SegmentedRaftLogWorker.java:<init>(172)) - new 19a7bb33-cf5f-4df5-8bf9-d823f6efe25a@group-1CF92AD81BFA-SegmentedRaftLogWorker for RaftStorage:Storage Directory /workdir/hadoop-ozone/integration-test/target/test-dir/MiniOzoneClusterImpl-961741f6-a9e5-453d-b900-42a67a169637/datanode-2/data/ratis/ae09eaf3-83bb-4d3a-8ece-1cf92ad81bfa
2019-09-16 22:06:08,481 [pool-57-thread-1] INFO  server.RaftServerConfigKeys (ConfUtils.java:logGet(43)) - raft.server.log.purge.gap = 1000000 (custom)
2019-09-16 22:06:08,483 [pool-47-thread-1] INFO  server.RaftServerConfigKeys (ConfUtils.java:logGet(43)) - raft.server.log.queue.byte-limit = 2147483647 (custom)
2019-09-16 22:06:08,483 [pool-27-thread-1] INFO  server.RaftServerConfigKeys (ConfUtils.java:logGet(43)) - raft.server.log.appender.buffer.byte-limit = 33554432 (custom)
2019-09-16 22:06:08,483 [pool-47-thread-1] INFO  server.RaftServerConfigKeys (ConfUtils.java:logGet(43)) - raft.server.log.queue.element-limit = 1024 (custom)
2019-09-16 22:06:08,483 [pool-57-thread-1] INFO  server.RaftServerConfigKeys (ConfUtils.java:logGet(43)) - raft.server.log.appender.buffer.byte-limit = 33554432 (custom)
2019-09-16 22:06:08,483 [pool-47-thread-1] INFO  server.RaftServerConfigKeys (ConfUtils.java:logGet(43)) - raft.server.log.segment.size.max = 1048576 (custom)
2019-09-16 22:06:08,483 [pool-27-thread-1] INFO  server.RaftServerConfigKeys (ConfUtils.java:logGet(43)) - raft.server.log.segment.size.max = 1048576 (custom)
2019-09-16 22:06:08,484 [pool-47-thread-1] INFO  server.RaftServerConfigKeys (ConfUtils.java:logGet(43)) - raft.server.log.preallocated.size = 16384 (custom)
2019-09-16 22:06:08,484 [pool-57-thread-1] INFO  server.RaftServerConfigKeys (ConfUtils.java:logGet(43)) - raft.server.log.segment.size.max = 1048576 (custom)
2019-09-16 22:06:08,484 [pool-47-thread-1] INFO  server.RaftServerConfigKeys (ConfUtils.java:logGet(43)) - raft.server.log.write.buffer.size = 33554432 (custom)
2019-09-16 22:06:08,484 [pool-47-thread-1] INFO  server.RaftServerConfigKeys (ConfUtils.java:logGet(43)) - raft.server.log.force.sync.num = 128 (default)
2019-09-16 22:06:08,484 [pool-27-thread-1] INFO  server.RaftServerConfigKeys (ConfUtils.java:logGet(43)) - raft.server.log.segment.cache.num.max = 2 (custom)
2019-09-16 22:06:08,485 [pool-47-thread-1] INFO  server.RaftServerConfigKeys (ConfUtils.java:logGet(43)) - raft.server.log.statemachine.data.sync = true (default)
2019-09-16 22:06:08,484 [pool-57-thread-1] INFO  server.RaftServerConfigKeys (ConfUtils.java:logGet(43)) - raft.server.log.segment.cache.num.max = 2 (custom)
2019-09-16 22:06:08,485 [pool-47-thread-1] INFO  server.RaftServerConfigKeys (ConfUtils.java:logGet(43)) - raft.server.log.statemachine.data.sync.timeout = 10s (default)
2019-09-16 22:06:08,485 [pool-27-thread-1] INFO  segmented.SegmentedRaftLogWorker (SegmentedRaftLogWorker.java:<init>(172)) - new 29c0e794-a40f-4883-a7a1-c22f50b70ae2@group-1CF92AD81BFA-SegmentedRaftLogWorker for RaftStorage:Storage Directory /workdir/hadoop-ozone/integration-test/target/test-dir/MiniOzoneClusterImpl-961741f6-a9e5-453d-b900-42a67a169637/datanode-0/data/ratis/ae09eaf3-83bb-4d3a-8ece-1cf92ad81bfa
2019-09-16 22:06:08,485 [pool-47-thread-1] INFO  server.RaftServerConfigKeys (ConfUtils.java:logGet(43)) - raft.server.log.statemachine.data.sync.timeout.retry = -1 (default)
2019-09-16 22:06:08,485 [pool-57-thread-1] INFO  segmented.SegmentedRaftLogWorker (SegmentedRaftLogWorker.java:<init>(172)) - new 3231d43f-efe3-452c-bd2e-a4eeefccf54b@group-1CF92AD81BFA-SegmentedRaftLogWorker for RaftStorage:Storage Directory /workdir/hadoop-ozone/integration-test/target/test-dir/MiniOzoneClusterImpl-961741f6-a9e5-453d-b900-42a67a169637/datanode-3/data/ratis/ae09eaf3-83bb-4d3a-8ece-1cf92ad81bfa
2019-09-16 22:06:08,486 [pool-47-thread-1] INFO  server.RaftServerConfigKeys (ConfUtils.java:logGet(43)) - raft.server.log.statemachine.data.caching.enabled = true (custom)
2019-09-16 22:06:08,485 [pool-27-thread-1] INFO  server.RaftServerConfigKeys (ConfUtils.java:logGet(43)) - raft.server.log.queue.byte-limit = 2147483647 (custom)
2019-09-16 22:06:08,486 [pool-57-thread-1] INFO  server.RaftServerConfigKeys (ConfUtils.java:logGet(43)) - raft.server.log.queue.byte-limit = 2147483647 (custom)
2019-09-16 22:06:08,486 [pool-47-thread-1] INFO  segmented.SegmentedRaftLogWorker (SegmentedRaftLogWorker.java:lambda$new$0(132)) - 19a7bb33-cf5f-4df5-8bf9-d823f6efe25a@group-1CF92AD81BFA-SegmentedRaftLogWorker: flushIndex: setUnconditionally 0 -> -1
2019-09-16 22:06:08,486 [pool-27-thread-1] INFO  server.RaftServerConfigKeys (ConfUtils.java:logGet(43)) - raft.server.log.queue.element-limit = 1024 (custom)
2019-09-16 22:06:08,486 [pool-57-thread-1] INFO  server.RaftServerConfigKeys (ConfUtils.java:logGet(43)) - raft.server.log.queue.element-limit = 1024 (custom)
2019-09-16 22:06:08,487 [pool-27-thread-1] INFO  server.RaftServerConfigKeys (ConfUtils.java:logGet(43)) - raft.server.log.segment.size.max = 1048576 (custom)
2019-09-16 22:06:08,487 [pool-47-thread-1] INFO  server.RaftServerConfigKeys (ConfUtils.java:logGet(43)) - raft.server.snapshot.auto.trigger.enabled = true (custom)
2019-09-16 22:06:08,487 [pool-27-thread-1] INFO  server.RaftServerConfigKeys (ConfUtils.java:logGet(43)) - raft.server.log.preallocated.size = 16384 (custom)
2019-09-16 22:06:08,487 [pool-57-thread-1] INFO  server.RaftServerConfigKeys (ConfUtils.java:logGet(43)) - raft.server.log.segment.size.max = 1048576 (custom)
2019-09-16 22:06:08,487 [pool-27-thread-1] INFO  server.RaftServerConfigKeys (ConfUtils.java:logGet(43)) - raft.server.log.write.buffer.size = 33554432 (custom)
2019-09-16 22:06:08,487 [pool-47-thread-1] INFO  server.RaftServerConfigKeys (ConfUtils.java:logGet(43)) - raft.server.snapshot.auto.trigger.threshold = 10000 (custom)
2019-09-16 22:06:08,488 [pool-27-thread-1] INFO  server.RaftServerConfigKeys (ConfUtils.java:logGet(43)) - raft.server.log.force.sync.num = 128 (default)
2019-09-16 22:06:08,487 [pool-57-thread-1] INFO  server.RaftServerConfigKeys (ConfUtils.java:logGet(43)) - raft.server.log.preallocated.size = 16384 (custom)
2019-09-16 22:06:08,488 [pool-27-thread-1] INFO  server.RaftServerConfigKeys (ConfUtils.java:logGet(43)) - raft.server.log.statemachine.data.sync = true (default)
2019-09-16 22:06:08,488 [pool-47-thread-1] INFO  server.RaftServerConfigKeys (ConfUtils.java:logGet(43)) - raft.server.snapshot.retention.num.files = 5 (custom)
2019-09-16 22:06:08,488 [pool-27-thread-1] INFO  server.RaftServerConfigKeys (ConfUtils.java:logGet(43)) - raft.server.log.statemachine.data.sync.timeout = 10s (default)
2019-09-16 22:06:08,488 [pool-57-thread-1] INFO  server.RaftServerConfigKeys (ConfUtils.java:logGet(43)) - raft.server.log.write.buffer.size = 33554432 (custom)
2019-09-16 22:06:08,488 [pool-27-thread-1] INFO  server.RaftServerConfigKeys (ConfUtils.java:logGet(43)) - raft.server.log.statemachine.data.sync.timeout.retry = -1 (default)
2019-09-16 22:06:08,488 [pool-47-thread-1] INFO  server.RaftServerConfigKeys (ConfUtils.java:logGet(43)) - raft.server.retrycache.expirytime = 600000ms (custom)
2019-09-16 22:06:08,489 [pool-27-thread-1] INFO  server.RaftServerConfigKeys (ConfUtils.java:logGet(43)) - raft.server.log.statemachine.data.caching.enabled = true (custom)
2019-09-16 22:06:08,489 [pool-57-thread-1] INFO  server.RaftServerConfigKeys (ConfUtils.java:logGet(43)) - raft.server.log.force.sync.num = 128 (default)
2019-09-16 22:06:08,489 [pool-57-thread-1] INFO  server.RaftServerConfigKeys (ConfUtils.java:logGet(43)) - raft.server.log.statemachine.data.sync = true (default)
2019-09-16 22:06:08,489 [pool-27-thread-1] INFO  segmented.SegmentedRaftLogWorker (SegmentedRaftLogWorker.java:lambda$new$0(132)) - 29c0e794-a40f-4883-a7a1-c22f50b70ae2@group-1CF92AD81BFA-SegmentedRaftLogWorker: flushIndex: setUnconditionally 0 -> -1
2019-09-16 22:06:08,489 [pool-57-thread-1] INFO  server.RaftServerConfigKeys (ConfUtils.java:logGet(43)) - raft.server.log.statemachine.data.sync.timeout = 10s (default)
2019-09-16 22:06:08,490 [pool-57-thread-1] INFO  server.RaftServerConfigKeys (ConfUtils.java:logGet(43)) - raft.server.log.statemachine.data.sync.timeout.retry = -1 (default)
2019-09-16 22:06:08,490 [pool-27-thread-1] INFO  server.RaftServerConfigKeys (ConfUtils.java:logGet(43)) - raft.server.snapshot.auto.trigger.enabled = true (custom)
2019-09-16 22:06:08,490 [pool-57-thread-1] INFO  server.RaftServerConfigKeys (ConfUtils.java:logGet(43)) - raft.server.log.statemachine.data.caching.enabled = true (custom)
2019-09-16 22:06:08,490 [pool-27-thread-1] INFO  server.RaftServerConfigKeys (ConfUtils.java:logGet(43)) - raft.server.snapshot.auto.trigger.threshold = 10000 (custom)
2019-09-16 22:06:08,490 [pool-27-thread-1] INFO  server.RaftServerConfigKeys (ConfUtils.java:logGet(43)) - raft.server.snapshot.retention.num.files = 5 (custom)
2019-09-16 22:06:08,490 [pool-57-thread-1] INFO  segmented.SegmentedRaftLogWorker (SegmentedRaftLogWorker.java:lambda$new$0(132)) - 3231d43f-efe3-452c-bd2e-a4eeefccf54b@group-1CF92AD81BFA-SegmentedRaftLogWorker: flushIndex: setUnconditionally 0 -> -1
2019-09-16 22:06:08,491 [pool-27-thread-1] INFO  server.RaftServerConfigKeys (ConfUtils.java:logGet(43)) - raft.server.retrycache.expirytime = 600000ms (custom)
2019-09-16 22:06:08,491 [pool-57-thread-1] INFO  server.RaftServerConfigKeys (ConfUtils.java:logGet(43)) - raft.server.snapshot.auto.trigger.enabled = true (custom)
2019-09-16 22:06:08,491 [pool-57-thread-1] INFO  server.RaftServerConfigKeys (ConfUtils.java:logGet(43)) - raft.server.snapshot.auto.trigger.threshold = 10000 (custom)
2019-09-16 22:06:08,491 [pool-57-thread-1] INFO  server.RaftServerConfigKeys (ConfUtils.java:logGet(43)) - raft.server.snapshot.retention.num.files = 5 (custom)
2019-09-16 22:06:08,492 [pool-57-thread-1] INFO  server.RaftServerConfigKeys (ConfUtils.java:logGet(43)) - raft.server.retrycache.expirytime = 600000ms (custom)
2019-09-16 22:06:08,493 [pool-47-thread-1] INFO  impl.RaftServerImpl (RaftServerImpl.java:start(185)) - 19a7bb33-cf5f-4df5-8bf9-d823f6efe25a@group-1CF92AD81BFA: start as a follower, conf=-1: [29c0e794-a40f-4883-a7a1-c22f50b70ae2:192.168.151.68:32941, 19a7bb33-cf5f-4df5-8bf9-d823f6efe25a:192.168.151.68:42577, 3231d43f-efe3-452c-bd2e-a4eeefccf54b:192.168.151.68:42863], old=null
2019-09-16 22:06:08,493 [pool-47-thread-1] INFO  impl.RaftServerImpl (RaftServerImpl.java:setRole(174)) - 19a7bb33-cf5f-4df5-8bf9-d823f6efe25a@group-1CF92AD81BFA: changes role from      null to FOLLOWER at term 0 for startAsFollower
2019-09-16 22:06:08,493 [pool-47-thread-1] INFO  impl.RoleInfo (RoleInfo.java:updateAndGet(143)) - 19a7bb33-cf5f-4df5-8bf9-d823f6efe25a: start FollowerState
2019-09-16 22:06:08,494 [pool-47-thread-1] INFO  util.JmxRegister (JmxRegister.java:tryRegister(44)) - Successfully registered JMX Bean with object name Ratis:service=RaftServer,group=group-1CF92AD81BFA,id=19a7bb33-cf5f-4df5-8bf9-d823f6efe25a
2019-09-16 22:06:08,495 [pool-27-thread-1] INFO  impl.RaftServerImpl (RaftServerImpl.java:start(185)) - 29c0e794-a40f-4883-a7a1-c22f50b70ae2@group-1CF92AD81BFA: start as a follower, conf=-1: [29c0e794-a40f-4883-a7a1-c22f50b70ae2:192.168.151.68:32941, 19a7bb33-cf5f-4df5-8bf9-d823f6efe25a:192.168.151.68:42577, 3231d43f-efe3-452c-bd2e-a4eeefccf54b:192.168.151.68:42863], old=null
2019-09-16 22:06:08,495 [pool-27-thread-1] INFO  impl.RaftServerImpl (RaftServerImpl.java:setRole(174)) - 29c0e794-a40f-4883-a7a1-c22f50b70ae2@group-1CF92AD81BFA: changes role from      null to FOLLOWER at term 0 for startAsFollower
2019-09-16 22:06:08,495 [pool-27-thread-1] INFO  impl.RoleInfo (RoleInfo.java:updateAndGet(143)) - 29c0e794-a40f-4883-a7a1-c22f50b70ae2: start FollowerState
2019-09-16 22:06:08,497 [pool-57-thread-1] INFO  impl.RaftServerImpl (RaftServerImpl.java:start(185)) - 3231d43f-efe3-452c-bd2e-a4eeefccf54b@group-1CF92AD81BFA: start as a follower, conf=-1: [29c0e794-a40f-4883-a7a1-c22f50b70ae2:192.168.151.68:32941, 19a7bb33-cf5f-4df5-8bf9-d823f6efe25a:192.168.151.68:42577, 3231d43f-efe3-452c-bd2e-a4eeefccf54b:192.168.151.68:42863], old=null
2019-09-16 22:06:08,497 [pool-57-thread-1] INFO  impl.RaftServerImpl (RaftServerImpl.java:setRole(174)) - 3231d43f-efe3-452c-bd2e-a4eeefccf54b@group-1CF92AD81BFA: changes role from      null to FOLLOWER at term 0 for startAsFollower
2019-09-16 22:06:08,497 [pool-27-thread-1] INFO  util.JmxRegister (JmxRegister.java:tryRegister(44)) - Successfully registered JMX Bean with object name Ratis:service=RaftServer,group=group-1CF92AD81BFA,id=29c0e794-a40f-4883-a7a1-c22f50b70ae2
2019-09-16 22:06:08,497 [pool-57-thread-1] INFO  impl.RoleInfo (RoleInfo.java:updateAndGet(143)) - 3231d43f-efe3-452c-bd2e-a4eeefccf54b: start FollowerState
2019-09-16 22:06:08,499 [pool-57-thread-1] INFO  util.JmxRegister (JmxRegister.java:tryRegister(44)) - Successfully registered JMX Bean with object name Ratis:service=RaftServer,group=group-1CF92AD81BFA,id=3231d43f-efe3-452c-bd2e-a4eeefccf54b
2019-09-16 22:06:08,515 [RatisPipelineUtilsThread] INFO  pipeline.PipelineStateManager (PipelineStateManager.java:addPipeline(56)) - Created pipeline Pipeline[ Id: ae09eaf3-83bb-4d3a-8ece-1cf92ad81bfa, Nodes: 19a7bb33-cf5f-4df5-8bf9-d823f6efe25a{ip: 192.168.151.68, host: pr-hdds-2135-v26ff-2356241440, networkLocation: /default-rack, certSerialId: null}29c0e794-a40f-4883-a7a1-c22f50b70ae2{ip: 192.168.151.68, host: pr-hdds-2135-v26ff-2356241440, networkLocation: /default-rack, certSerialId: null}3231d43f-efe3-452c-bd2e-a4eeefccf54b{ip: 192.168.151.68, host: pr-hdds-2135-v26ff-2356241440, networkLocation: /default-rack, certSerialId: null}, Type:RATIS, Factor:THREE, State:OPEN]
2019-09-16 22:06:08,553 [Command processor thread] ERROR commandhandler.CloseContainerCommandHandler (CloseContainerCommandHandler.java:handle(84)) - Container #1 does not exist in datanode. Container close failed.
2019-09-16 22:06:08,614 [Thread-193] INFO  container.ReplicationManager (ReplicationManager.java:start(169)) - Replication Monitor Thread is already running.
2019-09-16 22:06:08,756 [Command processor thread] ERROR commandhandler.CloseContainerCommandHandler (CloseContainerCommandHandler.java:handle(84)) - Container #1 does not exist in datanode. Container close failed.
2019-09-16 22:06:08,850 [Command processor thread] ERROR commandhandler.CloseContainerCommandHandler (CloseContainerCommandHandler.java:handle(84)) - Container #1 does not exist in datanode. Container close failed.
2019-09-16 22:06:08,863 [ReplicationMonitor] INFO  container.ReplicationManager (ReplicationManager.java:run(225)) - Replication Monitor Thread took 1 milliseconds for processing 1 containers.
2019-09-16 22:06:09,507 [grpc-default-executor-2] INFO  client.GrpcClientProtocolClient (GrpcClientProtocolClient.java:onNext(264)) - client-458ED0FEEFF5->3231d43f-efe3-452c-bd2e-a4eeefccf54b: receive RaftClientReply:client-458ED0FEEFF5->3231d43f-efe3-452c-bd2e-a4eeefccf54b@group-6C14C2EABC68, cid=11, FAILED org.apache.ratis.protocol.NotLeaderException: Server 3231d43f-efe3-452c-bd2e-a4eeefccf54b@group-6C14C2EABC68 is not the leader, logIndex=0, commits[3231d43f-efe3-452c-bd2e-a4eeefccf54b:c-1]
2019-09-16 22:06:10,537 [grpc-default-executor-1] INFO  client.GrpcClientProtocolClient (GrpcClientProtocolClient.java:onNext(264)) - client-458ED0FEEFF5->29c0e794-a40f-4883-a7a1-c22f50b70ae2: receive RaftClientReply:client-458ED0FEEFF5->29c0e794-a40f-4883-a7a1-c22f50b70ae2@group-6C14C2EABC68, cid=11, FAILED org.apache.ratis.protocol.NotLeaderException: Server 29c0e794-a40f-4883-a7a1-c22f50b70ae2@group-6C14C2EABC68 is not the leader, logIndex=0, commits[29c0e794-a40f-4883-a7a1-c22f50b70ae2:c-1]
2019-09-16 22:06:10,864 [ReplicationMonitor] INFO  container.ReplicationManager (ReplicationManager.java:run(225)) - Replication Monitor Thread took 0 milliseconds for processing 1 containers.
2019-09-16 22:06:11,490 [Thread-195] INFO  impl.FollowerState (FollowerState.java:run(106)) - 29c0e794-a40f-4883-a7a1-c22f50b70ae2:group-60228AC161DB changes to CANDIDATE, lastRpcTime:5028, electionTimeout:5027ms
2019-09-16 22:06:11,493 [Thread-195] INFO  impl.RoleInfo (RoleInfo.java:shutdownFollowerState(121)) - 29c0e794-a40f-4883-a7a1-c22f50b70ae2: shutdown FollowerState
2019-09-16 22:06:11,493 [Thread-195] INFO  impl.RaftServerImpl (RaftServerImpl.java:setRole(174)) - 29c0e794-a40f-4883-a7a1-c22f50b70ae2@group-60228AC161DB: changes role from  FOLLOWER to CANDIDATE at term 0 for changeToCandidate
2019-09-16 22:06:11,499 [Thread-195] INFO  impl.RoleInfo (RoleInfo.java:updateAndGet(143)) - 29c0e794-a40f-4883-a7a1-c22f50b70ae2: start LeaderElection
2019-09-16 22:06:11,517 [29c0e794-a40f-4883-a7a1-c22f50b70ae2@group-60228AC161DB:LeaderElection1] INFO  impl.LeaderElection (LeaderElection.java:askForVotes(182)) - 29c0e794-a40f-4883-a7a1-c22f50b70ae2@group-60228AC161DB:LeaderElection1: begin an election at term 1 for -1: [29c0e794-a40f-4883-a7a1-c22f50b70ae2:192.168.151.68:32941], old=null
2019-09-16 22:06:11,519 [29c0e794-a40f-4883-a7a1-c22f50b70ae2@group-60228AC161DB:LeaderElection1] INFO  impl.RoleInfo (RoleInfo.java:shutdownLeaderElection(134)) - 29c0e794-a40f-4883-a7a1-c22f50b70ae2: shutdown LeaderElection
2019-09-16 22:06:11,520 [29c0e794-a40f-4883-a7a1-c22f50b70ae2@group-60228AC161DB:LeaderElection1] INFO  impl.RaftServerImpl (RaftServerImpl.java:setRole(174)) - 29c0e794-a40f-4883-a7a1-c22f50b70ae2@group-60228AC161DB: changes role from CANDIDATE to LEADER at term 1 for changeToLeader
2019-09-16 22:06:11,520 [29c0e794-a40f-4883-a7a1-c22f50b70ae2@group-60228AC161DB:LeaderElection1] INFO  impl.RaftServerImpl (ServerState.java:setLeader(253)) - 29c0e794-a40f-4883-a7a1-c22f50b70ae2@group-60228AC161DB: change Leader from null to 29c0e794-a40f-4883-a7a1-c22f50b70ae2 at term 1 for becomeLeader, leader elected after 5207ms
2019-09-16 22:06:11,528 [29c0e794-a40f-4883-a7a1-c22f50b70ae2@group-60228AC161DB:LeaderElection1] INFO  server.RaftServerConfigKeys (ConfUtils.java:logGet(43)) - raft.server.staging.catchup.gap = 1000 (default)
2019-09-16 22:06:11,528 [29c0e794-a40f-4883-a7a1-c22f50b70ae2@group-60228AC161DB:LeaderElection1] INFO  server.RaftServerConfigKeys (ConfUtils.java:logGet(43)) - raft.server.rpc.sleep.time = 25ms (default)
2019-09-16 22:06:11,532 [29c0e794-a40f-4883-a7a1-c22f50b70ae2@group-60228AC161DB:LeaderElection1] INFO  server.RaftServerConfigKeys (ConfUtils.java:logGet(43)) - raft.server.write.element-limit = 4096 (default)
2019-09-16 22:06:11,535 [29c0e794-a40f-4883-a7a1-c22f50b70ae2@group-60228AC161DB:LeaderElection1] INFO  server.RaftServerConfigKeys (ConfUtils.java:logGet(43)) - raft.server.watch.timeout = 10s (default)
2019-09-16 22:06:11,536 [29c0e794-a40f-4883-a7a1-c22f50b70ae2@group-60228AC161DB:LeaderElection1] INFO  server.RaftServerConfigKeys (ConfUtils.java:logGet(43)) - raft.server.watch.timeout.denomination = 1s (default)
2019-09-16 22:06:11,537 [29c0e794-a40f-4883-a7a1-c22f50b70ae2@group-60228AC161DB:LeaderElection1] INFO  server.RaftServerConfigKeys (ConfUtils.java:logGet(43)) - raft.server.watch.element-limit = 65536 (default)
2019-09-16 22:06:11,556 [29c0e794-a40f-4883-a7a1-c22f50b70ae2@group-60228AC161DB:LeaderElection1] INFO  impl.RoleInfo (RoleInfo.java:updateAndGet(143)) - 29c0e794-a40f-4883-a7a1-c22f50b70ae2: start LeaderState
2019-09-16 22:06:11,565 [grpc-default-executor-1] INFO  client.GrpcClientProtocolClient (GrpcClientProtocolClient.java:onNext(264)) - client-458ED0FEEFF5->19a7bb33-cf5f-4df5-8bf9-d823f6efe25a: receive RaftClientReply:client-458ED0FEEFF5->19a7bb33-cf5f-4df5-8bf9-d823f6efe25a@group-6C14C2EABC68, cid=11, FAILED org.apache.ratis.protocol.NotLeaderException: Server 19a7bb33-cf5f-4df5-8bf9-d823f6efe25a@group-6C14C2EABC68 is not the leader, logIndex=0, commits[19a7bb33-cf5f-4df5-8bf9-d823f6efe25a:c-1]
2019-09-16 22:06:11,594 [29c0e794-a40f-4883-a7a1-c22f50b70ae2@group-60228AC161DB:LeaderElection1] INFO  segmented.SegmentedRaftLogWorker (SegmentedRaftLogWorker.java:startLogSegment(380)) - 29c0e794-a40f-4883-a7a1-c22f50b70ae2@group-60228AC161DB-SegmentedRaftLogWorker: Starting segment from index:0
2019-09-16 22:06:11,605 [29c0e794-a40f-4883-a7a1-c22f50b70ae2@group-60228AC161DB:LeaderElection1] INFO  impl.RaftServerImpl (ServerState.java:setRaftConf(354)) - 29c0e794-a40f-4883-a7a1-c22f50b70ae2@group-60228AC161DB: set configuration 0: [29c0e794-a40f-4883-a7a1-c22f50b70ae2:192.168.151.68:32941], old=null at 0
2019-09-16 22:06:11,711 [Thread-198] INFO  impl.FollowerState (FollowerState.java:run(106)) - 19a7bb33-cf5f-4df5-8bf9-d823f6efe25a:group-F3770E22BE69 changes to CANDIDATE, lastRpcTime:5047, electionTimeout:5046ms
2019-09-16 22:06:11,712 [Thread-198] INFO  impl.RoleInfo (RoleInfo.java:shutdownFollowerState(121)) - 19a7bb33-cf5f-4df5-8bf9-d823f6efe25a: shutdown FollowerState
2019-09-16 22:06:11,713 [Thread-198] INFO  impl.RaftServerImpl (RaftServerImpl.java:setRole(174)) - 19a7bb33-cf5f-4df5-8bf9-d823f6efe25a@group-F3770E22BE69: changes role from  FOLLOWER to CANDIDATE at term 0 for changeToCandidate
2019-09-16 22:06:11,713 [Thread-198] INFO  impl.RoleInfo (RoleInfo.java:updateAndGet(143)) - 19a7bb33-cf5f-4df5-8bf9-d823f6efe25a: start LeaderElection
2019-09-16 22:06:11,719 [19a7bb33-cf5f-4df5-8bf9-d823f6efe25a@group-F3770E22BE69:LeaderElection2] INFO  impl.LeaderElection (LeaderElection.java:askForVotes(182)) - 19a7bb33-cf5f-4df5-8bf9-d823f6efe25a@group-F3770E22BE69:LeaderElection2: begin an election at term 1 for -1: [19a7bb33-cf5f-4df5-8bf9-d823f6efe25a:192.168.151.68:42577], old=null
2019-09-16 22:06:11,724 [19a7bb33-cf5f-4df5-8bf9-d823f6efe25a@group-F3770E22BE69:LeaderElection2] INFO  impl.RoleInfo (RoleInfo.java:shutdownLeaderElection(134)) - 19a7bb33-cf5f-4df5-8bf9-d823f6efe25a: shutdown LeaderElection
2019-09-16 22:06:11,724 [19a7bb33-cf5f-4df5-8bf9-d823f6efe25a@group-F3770E22BE69:LeaderElection2] INFO  impl.RaftServerImpl (RaftServerImpl.java:setRole(174)) - 19a7bb33-cf5f-4df5-8bf9-d823f6efe25a@group-F3770E22BE69: changes role from CANDIDATE to LEADER at term 1 for changeToLeader
2019-09-16 22:06:11,724 [19a7bb33-cf5f-4df5-8bf9-d823f6efe25a@group-F3770E22BE69:LeaderElection2] INFO  impl.RaftServerImpl (ServerState.java:setLeader(253)) - 19a7bb33-cf5f-4df5-8bf9-d823f6efe25a@group-F3770E22BE69: change Leader from null to 19a7bb33-cf5f-4df5-8bf9-d823f6efe25a at term 1 for becomeLeader, leader elected after 5077ms
2019-09-16 22:06:11,724 [19a7bb33-cf5f-4df5-8bf9-d823f6efe25a@group-F3770E22BE69:LeaderElection2] INFO  server.RaftServerConfigKeys (ConfUtils.java:logGet(43)) - raft.server.staging.catchup.gap = 1000 (default)
2019-09-16 22:06:11,724 [19a7bb33-cf5f-4df5-8bf9-d823f6efe25a@group-F3770E22BE69:LeaderElection2] INFO  server.RaftServerConfigKeys (ConfUtils.java:logGet(43)) - raft.server.rpc.sleep.time = 25ms (default)
2019-09-16 22:06:11,725 [19a7bb33-cf5f-4df5-8bf9-d823f6efe25a@group-F3770E22BE69:LeaderElection2] INFO  server.RaftServerConfigKeys (ConfUtils.java:logGet(43)) - raft.server.write.element-limit = 4096 (default)
2019-09-16 22:06:11,725 [19a7bb33-cf5f-4df5-8bf9-d823f6efe25a@group-F3770E22BE69:LeaderElection2] INFO  server.RaftServerConfigKeys (ConfUtils.java:logGet(43)) - raft.server.watch.timeout = 10s (default)
2019-09-16 22:06:11,725 [19a7bb33-cf5f-4df5-8bf9-d823f6efe25a@group-F3770E22BE69:LeaderElection2] INFO  server.RaftServerConfigKeys (ConfUtils.java:logGet(43)) - raft.server.watch.timeout.denomination = 1s (default)
2019-09-16 22:06:11,725 [19a7bb33-cf5f-4df5-8bf9-d823f6efe25a@group-F3770E22BE69:LeaderElection2] INFO  server.RaftServerConfigKeys (ConfUtils.java:logGet(43)) - raft.server.watch.element-limit = 65536 (default)
2019-09-16 22:06:11,728 [19a7bb33-cf5f-4df5-8bf9-d823f6efe25a@group-F3770E22BE69:LeaderElection2] INFO  impl.RoleInfo (RoleInfo.java:updateAndGet(143)) - 19a7bb33-cf5f-4df5-8bf9-d823f6efe25a: start LeaderState
2019-09-16 22:06:11,728 [19a7bb33-cf5f-4df5-8bf9-d823f6efe25a@group-F3770E22BE69:LeaderElection2] INFO  segmented.SegmentedRaftLogWorker (SegmentedRaftLogWorker.java:startLogSegment(380)) - 19a7bb33-cf5f-4df5-8bf9-d823f6efe25a@group-F3770E22BE69-SegmentedRaftLogWorker: Starting segment from index:0
2019-09-16 22:06:11,729 [19a7bb33-cf5f-4df5-8bf9-d823f6efe25a@group-F3770E22BE69:LeaderElection2] INFO  impl.RaftServerImpl (ServerState.java:setRaftConf(354)) - 19a7bb33-cf5f-4df5-8bf9-d823f6efe25a@group-F3770E22BE69: set configuration 0: [19a7bb33-cf5f-4df5-8bf9-d823f6efe25a:192.168.151.68:42577], old=null at 0
2019-09-16 22:06:11,790 [29c0e794-a40f-4883-a7a1-c22f50b70ae2@group-60228AC161DB-SegmentedRaftLogWorker] INFO  segmented.SegmentedRaftLogWorker (SegmentedRaftLogWorker.java:execute(569)) - 29c0e794-a40f-4883-a7a1-c22f50b70ae2@group-60228AC161DB-SegmentedRaftLogWorker: created new log segment /workdir/hadoop-ozone/integration-test/target/test-dir/MiniOzoneClusterImpl-961741f6-a9e5-453d-b900-42a67a169637/datanode-0/data/ratis/b705e4b7-0e24-446f-a7e9-60228ac161db/current/log_inprogress_0
2019-09-16 22:06:11,802 [19a7bb33-cf5f-4df5-8bf9-d823f6efe25a@group-F3770E22BE69-SegmentedRaftLogWorker] INFO  segmented.SegmentedRaftLogWorker (SegmentedRaftLogWorker.java:execute(569)) - 19a7bb33-cf5f-4df5-8bf9-d823f6efe25a@group-F3770E22BE69-SegmentedRaftLogWorker: created new log segment /workdir/hadoop-ozone/integration-test/target/test-dir/MiniOzoneClusterImpl-961741f6-a9e5-453d-b900-42a67a169637/datanode-2/data/ratis/4adb7e39-7001-4714-a8cc-f3770e22be69/current/log_inprogress_0
2019-09-16 22:06:11,817 [Thread-201] INFO  impl.FollowerState (FollowerState.java:run(106)) - 3231d43f-efe3-452c-bd2e-a4eeefccf54b:group-9F921646F108 changes to CANDIDATE, lastRpcTime:5031, electionTimeout:5031ms
2019-09-16 22:06:11,817 [Thread-201] INFO  impl.RoleInfo (RoleInfo.java:shutdownFollowerState(121)) - 3231d43f-efe3-452c-bd2e-a4eeefccf54b: shutdown FollowerState
2019-09-16 22:06:11,817 [Thread-201] INFO  impl.RaftServerImpl (RaftServerImpl.java:setRole(174)) - 3231d43f-efe3-452c-bd2e-a4eeefccf54b@group-9F921646F108: changes role from  FOLLOWER to CANDIDATE at term 0 for changeToCandidate
2019-09-16 22:06:11,818 [Thread-201] INFO  impl.RoleInfo (RoleInfo.java:updateAndGet(143)) - 3231d43f-efe3-452c-bd2e-a4eeefccf54b: start LeaderElection
2019-09-16 22:06:11,828 [3231d43f-efe3-452c-bd2e-a4eeefccf54b@group-9F921646F108:LeaderElection3] INFO  impl.LeaderElection (LeaderElection.java:askForVotes(182)) - 3231d43f-efe3-452c-bd2e-a4eeefccf54b@group-9F921646F108:LeaderElection3: begin an election at term 1 for -1: [3231d43f-efe3-452c-bd2e-a4eeefccf54b:192.168.151.68:42863], old=null
2019-09-16 22:06:11,829 [3231d43f-efe3-452c-bd2e-a4eeefccf54b@group-9F921646F108:LeaderElection3] INFO  impl.RoleInfo (RoleInfo.java:shutdownLeaderElection(134)) - 3231d43f-efe3-452c-bd2e-a4eeefccf54b: shutdown LeaderElection
2019-09-16 22:06:11,830 [3231d43f-efe3-452c-bd2e-a4eeefccf54b@group-9F921646F108:LeaderElection3] INFO  impl.RaftServerImpl (RaftServerImpl.java:setRole(174)) - 3231d43f-efe3-452c-bd2e-a4eeefccf54b@group-9F921646F108: changes role from CANDIDATE to LEADER at term 1 for changeToLeader
2019-09-16 22:06:11,830 [3231d43f-efe3-452c-bd2e-a4eeefccf54b@group-9F921646F108:LeaderElection3] INFO  impl.RaftServerImpl (ServerState.java:setLeader(253)) - 3231d43f-efe3-452c-bd2e-a4eeefccf54b@group-9F921646F108: change Leader from null to 3231d43f-efe3-452c-bd2e-a4eeefccf54b at term 1 for becomeLeader, leader elected after 5083ms
2019-09-16 22:06:11,831 [3231d43f-efe3-452c-bd2e-a4eeefccf54b@group-9F921646F108:LeaderElection3] INFO  server.RaftServerConfigKeys (ConfUtils.java:logGet(43)) - raft.server.staging.catchup.gap = 1000 (default)
2019-09-16 22:06:11,831 [3231d43f-efe3-452c-bd2e-a4eeefccf54b@group-9F921646F108:LeaderElection3] INFO  server.RaftServerConfigKeys (ConfUtils.java:logGet(43)) - raft.server.rpc.sleep.time = 25ms (default)
2019-09-16 22:06:11,832 [3231d43f-efe3-452c-bd2e-a4eeefccf54b@group-9F921646F108:LeaderElection3] INFO  server.RaftServerConfigKeys (ConfUtils.java:logGet(43)) - raft.server.write.element-limit = 4096 (default)
2019-09-16 22:06:11,832 [3231d43f-efe3-452c-bd2e-a4eeefccf54b@group-9F921646F108:LeaderElection3] INFO  server.RaftServerConfigKeys (ConfUtils.java:logGet(43)) - raft.server.watch.timeout = 10s (default)
2019-09-16 22:06:11,832 [3231d43f-efe3-452c-bd2e-a4eeefccf54b@group-9F921646F108:LeaderElection3] INFO  server.RaftServerConfigKeys (ConfUtils.java:logGet(43)) - raft.server.watch.timeout.denomination = 1s (default)
2019-09-16 22:06:11,832 [3231d43f-efe3-452c-bd2e-a4eeefccf54b@group-9F921646F108:LeaderElection3] INFO  server.RaftServerConfigKeys (ConfUtils.java:logGet(43)) - raft.server.watch.element-limit = 65536 (default)
2019-09-16 22:06:11,836 [3231d43f-efe3-452c-bd2e-a4eeefccf54b@group-9F921646F108:LeaderElection3] INFO  impl.RoleInfo (RoleInfo.java:updateAndGet(143)) - 3231d43f-efe3-452c-bd2e-a4eeefccf54b: start LeaderState
2019-09-16 22:06:11,837 [3231d43f-efe3-452c-bd2e-a4eeefccf54b@group-9F921646F108:LeaderElection3] INFO  segmented.SegmentedRaftLogWorker (SegmentedRaftLogWorker.java:startLogSegment(380)) - 3231d43f-efe3-452c-bd2e-a4eeefccf54b@group-9F921646F108-SegmentedRaftLogWorker: Starting segment from index:0
2019-09-16 22:06:11,837 [3231d43f-efe3-452c-bd2e-a4eeefccf54b@group-9F921646F108:LeaderElection3] INFO  impl.RaftServerImpl (ServerState.java:setRaftConf(354)) - 3231d43f-efe3-452c-bd2e-a4eeefccf54b@group-9F921646F108: set configuration 0: [3231d43f-efe3-452c-bd2e-a4eeefccf54b:192.168.151.68:42863], old=null at 0
2019-09-16 22:06:11,900 [3231d43f-efe3-452c-bd2e-a4eeefccf54b@group-9F921646F108-SegmentedRaftLogWorker] INFO  segmented.SegmentedRaftLogWorker (SegmentedRaftLogWorker.java:execute(569)) - 3231d43f-efe3-452c-bd2e-a4eeefccf54b@group-9F921646F108-SegmentedRaftLogWorker: created new log segment /workdir/hadoop-ozone/integration-test/target/test-dir/MiniOzoneClusterImpl-961741f6-a9e5-453d-b900-42a67a169637/datanode-3/data/ratis/a1970b7f-67c1-4107-8af9-9f921646f108/current/log_inprogress_0
2019-09-16 22:06:12,080 [Thread-210] INFO  impl.FollowerState (FollowerState.java:run(106)) - 3231d43f-efe3-452c-bd2e-a4eeefccf54b:group-6C14C2EABC68 changes to CANDIDATE, lastRpcTime:5045, electionTimeout:5045ms
2019-09-16 22:06:12,081 [Thread-210] INFO  impl.RoleInfo (RoleInfo.java:shutdownFollowerState(121)) - 3231d43f-efe3-452c-bd2e-a4eeefccf54b: shutdown FollowerState
2019-09-16 22:06:12,081 [Thread-210] INFO  impl.RaftServerImpl (RaftServerImpl.java:setRole(174)) - 3231d43f-efe3-452c-bd2e-a4eeefccf54b@group-6C14C2EABC68: changes role from  FOLLOWER to CANDIDATE at term 0 for changeToCandidate
2019-09-16 22:06:12,081 [Thread-210] INFO  impl.RoleInfo (RoleInfo.java:updateAndGet(143)) - 3231d43f-efe3-452c-bd2e-a4eeefccf54b: start LeaderElection
2019-09-16 22:06:12,089 [Thread-205] INFO  impl.FollowerState (FollowerState.java:run(106)) - 60771ce2-cd42-4255-85c7-777bb110dbb3:group-8157F61C2775 changes to CANDIDATE, lastRpcTime:5189, electionTimeout:5189ms
2019-09-16 22:06:12,089 [Thread-205] INFO  impl.RoleInfo (RoleInfo.java:shutdownFollowerState(121)) - 60771ce2-cd42-4255-85c7-777bb110dbb3: shutdown FollowerState
2019-09-16 22:06:12,089 [Thread-205] INFO  impl.RaftServerImpl (RaftServerImpl.java:setRole(174)) - 60771ce2-cd42-4255-85c7-777bb110dbb3@group-8157F61C2775: changes role from  FOLLOWER to CANDIDATE at term 0 for changeToCandidate
2019-09-16 22:06:12,089 [Thread-205] INFO  impl.RoleInfo (RoleInfo.java:updateAndGet(143)) - 60771ce2-cd42-4255-85c7-777bb110dbb3: start LeaderElection
2019-09-16 22:06:12,099 [3231d43f-efe3-452c-bd2e-a4eeefccf54b@group-6C14C2EABC68:LeaderElection4] INFO  impl.LeaderElection (LeaderElection.java:askForVotes(182)) - 3231d43f-efe3-452c-bd2e-a4eeefccf54b@group-6C14C2EABC68:LeaderElection4: begin an election at term 1 for -1: [29c0e794-a40f-4883-a7a1-c22f50b70ae2:192.168.151.68:32941, 19a7bb33-cf5f-4df5-8bf9-d823f6efe25a:192.168.151.68:42577, 3231d43f-efe3-452c-bd2e-a4eeefccf54b:192.168.151.68:42863], old=null
2019-09-16 22:06:12,114 [60771ce2-cd42-4255-85c7-777bb110dbb3@group-8157F61C2775:LeaderElection5] INFO  impl.LeaderElection (LeaderElection.java:askForVotes(182)) - 60771ce2-cd42-4255-85c7-777bb110dbb3@group-8157F61C2775:LeaderElection5: begin an election at term 1 for -1: [60771ce2-cd42-4255-85c7-777bb110dbb3:192.168.151.68:46813], old=null
2019-09-16 22:06:12,114 [60771ce2-cd42-4255-85c7-777bb110dbb3@group-8157F61C2775:LeaderElection5] INFO  impl.RoleInfo (RoleInfo.java:shutdownLeaderElection(134)) - 60771ce2-cd42-4255-85c7-777bb110dbb3: shutdown LeaderElection
2019-09-16 22:06:12,114 [60771ce2-cd42-4255-85c7-777bb110dbb3@group-8157F61C2775:LeaderElection5] INFO  impl.RaftServerImpl (RaftServerImpl.java:setRole(174)) - 60771ce2-cd42-4255-85c7-777bb110dbb3@group-8157F61C2775: changes role from CANDIDATE to LEADER at term 1 for changeToLeader
2019-09-16 22:06:12,114 [60771ce2-cd42-4255-85c7-777bb110dbb3@group-8157F61C2775:LeaderElection5] INFO  impl.RaftServerImpl (ServerState.java:setLeader(253)) - 60771ce2-cd42-4255-85c7-777bb110dbb3@group-8157F61C2775: change Leader from null to 60771ce2-cd42-4255-85c7-777bb110dbb3 at term 1 for becomeLeader, leader elected after 5234ms
2019-09-16 22:06:12,116 [60771ce2-cd42-4255-85c7-777bb110dbb3@group-8157F61C2775:LeaderElection5] INFO  server.RaftServerConfigKeys (ConfUtils.java:logGet(43)) - raft.server.staging.catchup.gap = 1000 (default)
2019-09-16 22:06:12,116 [60771ce2-cd42-4255-85c7-777bb110dbb3@group-8157F61C2775:LeaderElection5] INFO  server.RaftServerConfigKeys (ConfUtils.java:logGet(43)) - raft.server.rpc.sleep.time = 25ms (default)
2019-09-16 22:06:12,117 [60771ce2-cd42-4255-85c7-777bb110dbb3@group-8157F61C2775:LeaderElection5] INFO  server.RaftServerConfigKeys (ConfUtils.java:logGet(43)) - raft.server.write.element-limit = 4096 (default)
2019-09-16 22:06:12,117 [60771ce2-cd42-4255-85c7-777bb110dbb3@group-8157F61C2775:LeaderElection5] INFO  server.RaftServerConfigKeys (ConfUtils.java:logGet(43)) - raft.server.watch.timeout = 10s (default)
2019-09-16 22:06:12,117 [60771ce2-cd42-4255-85c7-777bb110dbb3@group-8157F61C2775:LeaderElection5] INFO  server.RaftServerConfigKeys (ConfUtils.java:logGet(43)) - raft.server.watch.timeout.denomination = 1s (default)
2019-09-16 22:06:12,117 [60771ce2-cd42-4255-85c7-777bb110dbb3@group-8157F61C2775:LeaderElection5] INFO  server.RaftServerConfigKeys (ConfUtils.java:logGet(43)) - raft.server.watch.element-limit = 65536 (default)
2019-09-16 22:06:12,132 [60771ce2-cd42-4255-85c7-777bb110dbb3@group-8157F61C2775:LeaderElection5] INFO  impl.RoleInfo (RoleInfo.java:updateAndGet(143)) - 60771ce2-cd42-4255-85c7-777bb110dbb3: start LeaderState
2019-09-16 22:06:12,132 [60771ce2-cd42-4255-85c7-777bb110dbb3@group-8157F61C2775:LeaderElection5] INFO  segmented.SegmentedRaftLogWorker (SegmentedRaftLogWorker.java:startLogSegment(380)) - 60771ce2-cd42-4255-85c7-777bb110dbb3@group-8157F61C2775-SegmentedRaftLogWorker: Starting segment from index:0
2019-09-16 22:06:12,133 [60771ce2-cd42-4255-85c7-777bb110dbb3@group-8157F61C2775:LeaderElection5] INFO  impl.RaftServerImpl (ServerState.java:setRaftConf(354)) - 60771ce2-cd42-4255-85c7-777bb110dbb3@group-8157F61C2775: set configuration 0: [60771ce2-cd42-4255-85c7-777bb110dbb3:192.168.151.68:46813], old=null at 0
2019-09-16 22:06:12,173 [Thread-212] INFO  impl.FollowerState (FollowerState.java:run(106)) - 19a7bb33-cf5f-4df5-8bf9-d823f6efe25a:group-6C14C2EABC68 changes to CANDIDATE, lastRpcTime:5134, electionTimeout:5108ms
2019-09-16 22:06:12,176 [Thread-212] INFO  impl.RoleInfo (RoleInfo.java:shutdownFollowerState(121)) - 19a7bb33-cf5f-4df5-8bf9-d823f6efe25a: shutdown FollowerState
2019-09-16 22:06:12,176 [Thread-212] INFO  impl.RaftServerImpl (RaftServerImpl.java:setRole(174)) - 19a7bb33-cf5f-4df5-8bf9-d823f6efe25a@group-6C14C2EABC68: changes role from  FOLLOWER to CANDIDATE at term 0 for changeToCandidate
2019-09-16 22:06:12,177 [Thread-212] INFO  impl.RoleInfo (RoleInfo.java:updateAndGet(143)) - 19a7bb33-cf5f-4df5-8bf9-d823f6efe25a: start LeaderElection
2019-09-16 22:06:12,180 [grpc-default-executor-2] INFO  impl.RaftServerImpl (RaftServerImpl.java:setRole(174)) - 29c0e794-a40f-4883-a7a1-c22f50b70ae2@group-6C14C2EABC68: changes role from  FOLLOWER to FOLLOWER at term 1 for recognizeCandidate:3231d43f-efe3-452c-bd2e-a4eeefccf54b
2019-09-16 22:06:12,180 [grpc-default-executor-2] INFO  impl.RoleInfo (RoleInfo.java:shutdownFollowerState(121)) - 29c0e794-a40f-4883-a7a1-c22f50b70ae2: shutdown FollowerState
2019-09-16 22:06:12,181 [grpc-default-executor-2] INFO  impl.RoleInfo (RoleInfo.java:updateAndGet(143)) - 29c0e794-a40f-4883-a7a1-c22f50b70ae2: start FollowerState
2019-09-16 22:06:12,181 [Thread-214] INFO  impl.FollowerState (FollowerState.java:run(115)) - 29c0e794-a40f-4883-a7a1-c22f50b70ae2: FollowerState was interrupted: java.lang.InterruptedException: sleep interrupted
2019-09-16 22:06:12,198 [60771ce2-cd42-4255-85c7-777bb110dbb3@group-8157F61C2775-SegmentedRaftLogWorker] INFO  segmented.SegmentedRaftLogWorker (SegmentedRaftLogWorker.java:execute(569)) - 60771ce2-cd42-4255-85c7-777bb110dbb3@group-8157F61C2775-SegmentedRaftLogWorker: created new log segment /workdir/hadoop-ozone/integration-test/target/test-dir/MiniOzoneClusterImpl-961741f6-a9e5-453d-b900-42a67a169637/datanode-1/data/ratis/acd2a524-3dff-4658-b9b7-8157f61c2775/current/log_inprogress_0
2019-09-16 22:06:12,198 [19a7bb33-cf5f-4df5-8bf9-d823f6efe25a@group-6C14C2EABC68:LeaderElection6] INFO  impl.LeaderElection (LeaderElection.java:askForVotes(182)) - 19a7bb33-cf5f-4df5-8bf9-d823f6efe25a@group-6C14C2EABC68:LeaderElection6: begin an election at term 1 for -1: [29c0e794-a40f-4883-a7a1-c22f50b70ae2:192.168.151.68:32941, 19a7bb33-cf5f-4df5-8bf9-d823f6efe25a:192.168.151.68:42577, 3231d43f-efe3-452c-bd2e-a4eeefccf54b:192.168.151.68:42863], old=null
2019-09-16 22:06:12,222 [3231d43f-efe3-452c-bd2e-a4eeefccf54b@group-6C14C2EABC68:LeaderElection4] INFO  impl.LeaderElection (LeaderElection.java:logAndReturn(56)) - 3231d43f-efe3-452c-bd2e-a4eeefccf54b@group-6C14C2EABC68:LeaderElection4: Election PASSED; received 1 response(s) [3231d43f-efe3-452c-bd2e-a4eeefccf54b<-29c0e794-a40f-4883-a7a1-c22f50b70ae2#0:OK-t1] and 0 exception(s); 3231d43f-efe3-452c-bd2e-a4eeefccf54b@group-6C14C2EABC68:t1, leader=null, voted=3231d43f-efe3-452c-bd2e-a4eeefccf54b, raftlog=3231d43f-efe3-452c-bd2e-a4eeefccf54b@group-6C14C2EABC68-SegmentedRaftLog:OPENED:c-1,f-1,i0, conf=-1: [29c0e794-a40f-4883-a7a1-c22f50b70ae2:192.168.151.68:32941, 19a7bb33-cf5f-4df5-8bf9-d823f6efe25a:192.168.151.68:42577, 3231d43f-efe3-452c-bd2e-a4eeefccf54b:192.168.151.68:42863], old=null
2019-09-16 22:06:12,222 [3231d43f-efe3-452c-bd2e-a4eeefccf54b@group-6C14C2EABC68:LeaderElection4] INFO  impl.RoleInfo (RoleInfo.java:shutdownLeaderElection(134)) - 3231d43f-efe3-452c-bd2e-a4eeefccf54b: shutdown LeaderElection
2019-09-16 22:06:12,225 [3231d43f-efe3-452c-bd2e-a4eeefccf54b@group-6C14C2EABC68:LeaderElection4] INFO  impl.RaftServerImpl (RaftServerImpl.java:setRole(174)) - 3231d43f-efe3-452c-bd2e-a4eeefccf54b@group-6C14C2EABC68: changes role from CANDIDATE to LEADER at term 1 for changeToLeader
2019-09-16 22:06:12,225 [3231d43f-efe3-452c-bd2e-a4eeefccf54b@group-6C14C2EABC68:LeaderElection4] INFO  impl.RaftServerImpl (ServerState.java:setLeader(253)) - 3231d43f-efe3-452c-bd2e-a4eeefccf54b@group-6C14C2EABC68: change Leader from null to 3231d43f-efe3-452c-bd2e-a4eeefccf54b at term 1 for becomeLeader, leader elected after 5209ms
2019-09-16 22:06:12,225 [3231d43f-efe3-452c-bd2e-a4eeefccf54b@group-6C14C2EABC68:LeaderElection4] INFO  server.RaftServerConfigKeys (ConfUtils.java:logGet(43)) - raft.server.staging.catchup.gap = 1000 (default)
2019-09-16 22:06:12,226 [3231d43f-efe3-452c-bd2e-a4eeefccf54b@group-6C14C2EABC68:LeaderElection4] INFO  server.RaftServerConfigKeys (ConfUtils.java:logGet(43)) - raft.server.rpc.sleep.time = 25ms (default)
2019-09-16 22:06:12,226 [3231d43f-efe3-452c-bd2e-a4eeefccf54b@group-6C14C2EABC68:LeaderElection4] INFO  server.RaftServerConfigKeys (ConfUtils.java:logGet(43)) - raft.server.write.element-limit = 4096 (default)
2019-09-16 22:06:12,227 [3231d43f-efe3-452c-bd2e-a4eeefccf54b@group-6C14C2EABC68:LeaderElection4] INFO  server.RaftServerConfigKeys (ConfUtils.java:logGet(43)) - raft.server.watch.timeout = 10s (default)
2019-09-16 22:06:12,228 [3231d43f-efe3-452c-bd2e-a4eeefccf54b@group-6C14C2EABC68:LeaderElection4] INFO  server.RaftServerConfigKeys (ConfUtils.java:logGet(43)) - raft.server.watch.timeout.denomination = 1s (default)
2019-09-16 22:06:12,228 [3231d43f-efe3-452c-bd2e-a4eeefccf54b@group-6C14C2EABC68:LeaderElection4] INFO  server.RaftServerConfigKeys (ConfUtils.java:logGet(43)) - raft.server.watch.element-limit = 65536 (default)
2019-09-16 22:06:12,239 [3231d43f-efe3-452c-bd2e-a4eeefccf54b@group-6C14C2EABC68:LeaderElection4] INFO  server.RaftServerConfigKeys (ConfUtils.java:logGet(43)) - raft.server.log.appender.snapshot.chunk.size.max = 16MB (=16777216) (default)
2019-09-16 22:06:12,239 [3231d43f-efe3-452c-bd2e-a4eeefccf54b@group-6C14C2EABC68:LeaderElection4] INFO  server.RaftServerConfigKeys (ConfUtils.java:logGet(43)) - raft.server.log.appender.buffer.byte-limit = 33554432 (custom)
2019-09-16 22:06:12,240 [3231d43f-efe3-452c-bd2e-a4eeefccf54b@group-6C14C2EABC68:LeaderElection4] INFO  server.RaftServerConfigKeys (ConfUtils.java:logGet(43)) - raft.server.log.appender.buffer.element-limit = 1 (custom)
2019-09-16 22:06:12,244 [3231d43f-efe3-452c-bd2e-a4eeefccf54b@group-6C14C2EABC68:LeaderElection4] INFO  grpc.GrpcConfigKeys$Server (ConfUtils.java:logGet(43)) - raft.grpc.server.leader.outstanding.appends.max = 128 (default)
2019-09-16 22:06:12,245 [3231d43f-efe3-452c-bd2e-a4eeefccf54b@group-6C14C2EABC68:LeaderElection4] INFO  server.RaftServerConfigKeys (ConfUtils.java:logGet(43)) - raft.server.rpc.request.timeout = 3000ms (default)
2019-09-16 22:06:12,245 [3231d43f-efe3-452c-bd2e-a4eeefccf54b@group-6C14C2EABC68:LeaderElection4] INFO  server.RaftServerConfigKeys (ConfUtils.java:logGet(43)) - raft.server.log.appender.install.snapshot.enabled = false (custom)
2019-09-16 22:06:12,246 [3231d43f-efe3-452c-bd2e-a4eeefccf54b@group-6C14C2EABC68:LeaderElection4] INFO  server.RaftServerConfigKeys (ConfUtils.java:logGet(43)) - raft.server.log.appender.snapshot.chunk.size.max = 16MB (=16777216) (default)
2019-09-16 22:06:12,247 [3231d43f-efe3-452c-bd2e-a4eeefccf54b@group-6C14C2EABC68:LeaderElection4] INFO  server.RaftServerConfigKeys (ConfUtils.java:logGet(43)) - raft.server.log.appender.buffer.byte-limit = 33554432 (custom)
2019-09-16 22:06:12,247 [3231d43f-efe3-452c-bd2e-a4eeefccf54b@group-6C14C2EABC68:LeaderElection4] INFO  server.RaftServerConfigKeys (ConfUtils.java:logGet(43)) - raft.server.log.appender.buffer.element-limit = 1 (custom)
2019-09-16 22:06:12,247 [3231d43f-efe3-452c-bd2e-a4eeefccf54b@group-6C14C2EABC68:LeaderElection4] INFO  grpc.GrpcConfigKeys$Server (ConfUtils.java:logGet(43)) - raft.grpc.server.leader.outstanding.appends.max = 128 (default)
2019-09-16 22:06:12,248 [3231d43f-efe3-452c-bd2e-a4eeefccf54b@group-6C14C2EABC68:LeaderElection4] INFO  server.RaftServerConfigKeys (ConfUtils.java:logGet(43)) - raft.server.rpc.request.timeout = 3000ms (default)
2019-09-16 22:06:12,248 [3231d43f-efe3-452c-bd2e-a4eeefccf54b@group-6C14C2EABC68:LeaderElection4] INFO  server.RaftServerConfigKeys (ConfUtils.java:logGet(43)) - raft.server.log.appender.install.snapshot.enabled = false (custom)
2019-09-16 22:06:12,249 [3231d43f-efe3-452c-bd2e-a4eeefccf54b@group-6C14C2EABC68:LeaderElection4] INFO  impl.RoleInfo (RoleInfo.java:updateAndGet(143)) - 3231d43f-efe3-452c-bd2e-a4eeefccf54b: start LeaderState
2019-09-16 22:06:12,250 [3231d43f-efe3-452c-bd2e-a4eeefccf54b@group-6C14C2EABC68:LeaderElection4] INFO  segmented.SegmentedRaftLogWorker (SegmentedRaftLogWorker.java:startLogSegment(380)) - 3231d43f-efe3-452c-bd2e-a4eeefccf54b@group-6C14C2EABC68-SegmentedRaftLogWorker: Starting segment from index:0
2019-09-16 22:06:12,251 [3231d43f-efe3-452c-bd2e-a4eeefccf54b@group-6C14C2EABC68:LeaderElection4] INFO  impl.RaftServerImpl (ServerState.java:setRaftConf(354)) - 3231d43f-efe3-452c-bd2e-a4eeefccf54b@group-6C14C2EABC68: set configuration 0: [29c0e794-a40f-4883-a7a1-c22f50b70ae2:192.168.151.68:32941, 19a7bb33-cf5f-4df5-8bf9-d823f6efe25a:192.168.151.68:42577, 3231d43f-efe3-452c-bd2e-a4eeefccf54b:192.168.151.68:42863], old=null at 0
2019-09-16 22:06:12,285 [grpc-default-executor-1] INFO  impl.RaftServerImpl (RaftServerImpl.java:requestVote(758)) - 3231d43f-efe3-452c-bd2e-a4eeefccf54b@group-6C14C2EABC68-   LEADER: Withhold vote from candidate 19a7bb33-cf5f-4df5-8bf9-d823f6efe25a with term 1. State: leader=3231d43f-efe3-452c-bd2e-a4eeefccf54b, term=1, lastRpcElapsed=null
2019-09-16 22:06:12,291 [3231d43f-efe3-452c-bd2e-a4eeefccf54b@group-6C14C2EABC68-SegmentedRaftLogWorker] INFO  segmented.SegmentedRaftLogWorker (SegmentedRaftLogWorker.java:execute(569)) - 3231d43f-efe3-452c-bd2e-a4eeefccf54b@group-6C14C2EABC68-SegmentedRaftLogWorker: created new log segment /workdir/hadoop-ozone/integration-test/target/test-dir/MiniOzoneClusterImpl-961741f6-a9e5-453d-b900-42a67a169637/datanode-3/data/ratis/4a4b3e60-318a-4cf4-bada-6c14c2eabc68/current/log_inprogress_0
2019-09-16 22:06:12,293 [19a7bb33-cf5f-4df5-8bf9-d823f6efe25a@group-6C14C2EABC68:LeaderElection6] INFO  impl.LeaderElection (LeaderElection.java:logAndReturn(56)) - 19a7bb33-cf5f-4df5-8bf9-d823f6efe25a@group-6C14C2EABC68:LeaderElection6: Election REJECTED; received 2 response(s) [19a7bb33-cf5f-4df5-8bf9-d823f6efe25a<-29c0e794-a40f-4883-a7a1-c22f50b70ae2#0:FAIL-t1, 19a7bb33-cf5f-4df5-8bf9-d823f6efe25a<-3231d43f-efe3-452c-bd2e-a4eeefccf54b#0:FAIL-t1] and 0 exception(s); 19a7bb33-cf5f-4df5-8bf9-d823f6efe25a@group-6C14C2EABC68:t1, leader=null, voted=19a7bb33-cf5f-4df5-8bf9-d823f6efe25a, raftlog=19a7bb33-cf5f-4df5-8bf9-d823f6efe25a@group-6C14C2EABC68-SegmentedRaftLog:OPENED:c-1,f-1,i0, conf=-1: [29c0e794-a40f-4883-a7a1-c22f50b70ae2:192.168.151.68:32941, 19a7bb33-cf5f-4df5-8bf9-d823f6efe25a:192.168.151.68:42577, 3231d43f-efe3-452c-bd2e-a4eeefccf54b:192.168.151.68:42863], old=null
2019-09-16 22:06:12,294 [19a7bb33-cf5f-4df5-8bf9-d823f6efe25a@group-6C14C2EABC68:LeaderElection6] INFO  impl.RaftServerImpl (RaftServerImpl.java:setRole(174)) - 19a7bb33-cf5f-4df5-8bf9-d823f6efe25a@group-6C14C2EABC68: changes role from CANDIDATE to FOLLOWER at term 1 for DISCOVERED_A_NEW_TERM
2019-09-16 22:06:12,301 [19a7bb33-cf5f-4df5-8bf9-d823f6efe25a@group-6C14C2EABC68:LeaderElection6] INFO  impl.RoleInfo (RoleInfo.java:shutdownLeaderElection(134)) - 19a7bb33-cf5f-4df5-8bf9-d823f6efe25a: shutdown LeaderElection
2019-09-16 22:06:12,301 [19a7bb33-cf5f-4df5-8bf9-d823f6efe25a@group-6C14C2EABC68:LeaderElection6] INFO  impl.RoleInfo (RoleInfo.java:updateAndGet(143)) - 19a7bb33-cf5f-4df5-8bf9-d823f6efe25a: start FollowerState
2019-09-16 22:06:12,331 [grpc-default-executor-1] INFO  impl.RaftServerImpl (ServerState.java:setLeader(253)) - 19a7bb33-cf5f-4df5-8bf9-d823f6efe25a@group-6C14C2EABC68: change Leader from null to 3231d43f-efe3-452c-bd2e-a4eeefccf54b at term 1 for appendEntries, leader elected after 5315ms
2019-09-16 22:06:12,331 [grpc-default-executor-0] INFO  impl.RaftServerImpl (ServerState.java:setLeader(253)) - 29c0e794-a40f-4883-a7a1-c22f50b70ae2@group-6C14C2EABC68: change Leader from null to 3231d43f-efe3-452c-bd2e-a4eeefccf54b at term 1 for appendEntries, leader elected after 5316ms
2019-09-16 22:06:12,372 [grpc-default-executor-0] INFO  impl.RaftServerImpl (ServerState.java:setRaftConf(354)) - 19a7bb33-cf5f-4df5-8bf9-d823f6efe25a@group-6C14C2EABC68: set configuration 0: [29c0e794-a40f-4883-a7a1-c22f50b70ae2:192.168.151.68:32941, 19a7bb33-cf5f-4df5-8bf9-d823f6efe25a:192.168.151.68:42577, 3231d43f-efe3-452c-bd2e-a4eeefccf54b:192.168.151.68:42863], old=null at 0
2019-09-16 22:06:12,372 [grpc-default-executor-1] INFO  impl.RaftServerImpl (ServerState.java:setRaftConf(354)) - 29c0e794-a40f-4883-a7a1-c22f50b70ae2@group-6C14C2EABC68: set configuration 0: [29c0e794-a40f-4883-a7a1-c22f50b70ae2:192.168.151.68:32941, 19a7bb33-cf5f-4df5-8bf9-d823f6efe25a:192.168.151.68:42577, 3231d43f-efe3-452c-bd2e-a4eeefccf54b:192.168.151.68:42863], old=null at 0
2019-09-16 22:06:12,373 [grpc-default-executor-0] INFO  segmented.SegmentedRaftLogWorker (SegmentedRaftLogWorker.java:startLogSegment(380)) - 19a7bb33-cf5f-4df5-8bf9-d823f6efe25a@group-6C14C2EABC68-SegmentedRaftLogWorker: Starting segment from index:0
2019-09-16 22:06:12,373 [grpc-default-executor-1] INFO  segmented.SegmentedRaftLogWorker (SegmentedRaftLogWorker.java:startLogSegment(380)) - 29c0e794-a40f-4883-a7a1-c22f50b70ae2@group-6C14C2EABC68-SegmentedRaftLogWorker: Starting segment from index:0
2019-09-16 22:06:12,428 [19a7bb33-cf5f-4df5-8bf9-d823f6efe25a@group-6C14C2EABC68-SegmentedRaftLogWorker] INFO  segmented.SegmentedRaftLogWorker (SegmentedRaftLogWorker.java:execute(569)) - 19a7bb33-cf5f-4df5-8bf9-d823f6efe25a@group-6C14C2EABC68-SegmentedRaftLogWorker: created new log segment /workdir/hadoop-ozone/integration-test/target/test-dir/MiniOzoneClusterImpl-961741f6-a9e5-453d-b900-42a67a169637/datanode-2/data/ratis/4a4b3e60-318a-4cf4-bada-6c14c2eabc68/current/log_inprogress_0
2019-09-16 22:06:12,428 [29c0e794-a40f-4883-a7a1-c22f50b70ae2@group-6C14C2EABC68-SegmentedRaftLogWorker] INFO  segmented.SegmentedRaftLogWorker (SegmentedRaftLogWorker.java:execute(569)) - 29c0e794-a40f-4883-a7a1-c22f50b70ae2@group-6C14C2EABC68-SegmentedRaftLogWorker: created new log segment /workdir/hadoop-ozone/integration-test/target/test-dir/MiniOzoneClusterImpl-961741f6-a9e5-453d-b900-42a67a169637/datanode-0/data/ratis/4a4b3e60-318a-4cf4-bada-6c14c2eabc68/current/log_inprogress_0
2019-09-16 22:06:12,864 [ReplicationMonitor] INFO  container.ReplicationManager (ReplicationManager.java:sendCloseCommand(659)) - Sending close container command for container #1 to datanode 19a7bb33-cf5f-4df5-8bf9-d823f6efe25a{ip: 192.168.151.68, host: pr-hdds-2135-v26ff-2356241440, networkLocation: /default-rack, certSerialId: null}.
2019-09-16 22:06:12,864 [ReplicationMonitor] INFO  container.ReplicationManager (ReplicationManager.java:sendCloseCommand(659)) - Sending close container command for container #1 to datanode 29c0e794-a40f-4883-a7a1-c22f50b70ae2{ip: 192.168.151.68, host: pr-hdds-2135-v26ff-2356241440, networkLocation: /default-rack, certSerialId: null}.
2019-09-16 22:06:12,865 [ReplicationMonitor] INFO  container.ReplicationManager (ReplicationManager.java:sendCloseCommand(659)) - Sending close container command for container #1 to datanode 3231d43f-efe3-452c-bd2e-a4eeefccf54b{ip: 192.168.151.68, host: pr-hdds-2135-v26ff-2356241440, networkLocation: /default-rack, certSerialId: null}.
2019-09-16 22:06:12,865 [ReplicationMonitor] INFO  container.ReplicationManager (ReplicationManager.java:run(225)) - Replication Monitor Thread took 2 milliseconds for processing 1 containers.
2019-09-16 22:06:12,871 [grpc-default-executor-0] INFO  client.GrpcClientProtocolClient (GrpcClientProtocolClient.java:onNext(264)) - client-458ED0FEEFF5->3231d43f-efe3-452c-bd2e-a4eeefccf54b: receive RaftClientReply:client-458ED0FEEFF5->3231d43f-efe3-452c-bd2e-a4eeefccf54b@group-6C14C2EABC68, cid=11, SUCCESS, logIndex=1, commits[3231d43f-efe3-452c-bd2e-a4eeefccf54b:c1, 29c0e794-a40f-4883-a7a1-c22f50b70ae2:c0, 19a7bb33-cf5f-4df5-8bf9-d823f6efe25a:c0]
2019-09-16 22:06:13,002 [grpc-default-executor-0] INFO  client.GrpcClientProtocolClient (GrpcClientProtocolClient.java:onNext(264)) - client-458ED0FEEFF5->3231d43f-efe3-452c-bd2e-a4eeefccf54b: receive RaftClientReply:client-458ED0FEEFF5->3231d43f-efe3-452c-bd2e-a4eeefccf54b@group-6C14C2EABC68, cid=12, SUCCESS, logIndex=3, commits[3231d43f-efe3-452c-bd2e-a4eeefccf54b:c4, 29c0e794-a40f-4883-a7a1-c22f50b70ae2:c3, 19a7bb33-cf5f-4df5-8bf9-d823f6efe25a:c3]
2019-09-16 22:06:13,025 [main] ERROR container.ContainerStateManager (ContainerStateManager.java:updateContainerState(335)) - Failed to update container state #1, reason: invalid state transition from state: CLOSING upon event: FINALIZE.
]]></system-out>
    <system-err><![CDATA[ERROR StatusLogger No Log4j 2 configuration file found. Using default configuration (logging only errors to the console), or user programmatically provided configurations. Set system property 'log4j2.debug' to show Log4j 2 internal initialization logging. See https://logging.apache.org/log4j/2.x/manual/configuration.html for instructions on how to configure Log4j 2
]]></system-err>
  </testcase>
</testsuite>