<?xml version="1.0" encoding="UTF-8"?>
<testsuite xmlns:xsi="http://www.w3.org/2001/XMLSchema-instance" xsi:noNamespaceSchemaLocation="https://maven.apache.org/surefire/maven-surefire-plugin/xsd/surefire-test-report.xsd" name="org.apache.hadoop.ozone.client.rpc.TestWatchForCommit" time="234.97" tests="5" errors="1" skipped="0" failures="0">
  <properties>
    <property name="awt.toolkit" value="sun.awt.X11.XToolkit"/>
    <property name="file.encoding.pkg" value="sun.io"/>
    <property name="java.specification.version" value="1.8"/>
    <property name="sun.cpu.isalist" value=""/>
    <property name="sun.jnu.encoding" value="UTF-8"/>
    <property name="java.class.path" value="/workdir/hadoop-ozone/integration-test/target/test-classes:/workdir/hadoop-ozone/integration-test/target/classes:/home/user/.m2/repository/org/apache/hadoop/hadoop-ozone-common/0.5.0-SNAPSHOT/hadoop-ozone-common-0.5.0-SNAPSHOT.jar:/home/user/.m2/repository/org/apache/commons/commons-compress/1.4.1/commons-compress-1.4.1.jar:/home/user/.m2/repository/org/tukaani/xz/1.0/xz-1.0.jar:/home/user/.m2/repository/org/apache/hadoop/hadoop-common/3.2.0/hadoop-common-3.2.0.jar:/home/user/.m2/repository/org/apache/hadoop/hadoop-hdfs/3.2.0/hadoop-hdfs-3.2.0.jar:/home/user/.m2/repository/org/apache/hadoop/hadoop-hdfs-client/3.2.0/hadoop-hdfs-client-3.2.0.jar:/home/user/.m2/repository/com/fasterxml/jackson/core/jackson-annotations/2.9.5/jackson-annotations-2.9.5.jar:/home/user/.m2/repository/org/apache/hadoop/hadoop-hdds-common/0.5.0-SNAPSHOT/hadoop-hdds-common-0.5.0-SNAPSHOT.jar:/home/user/.m2/repository/javax/annotation/javax.annotation-api/1.2/javax.annotation-api-1.2.jar:/home/user/.m2/repository/org/apache/ratis/ratis-server/0.4.0-78e95b9-SNAPSHOT/ratis-server-0.4.0-78e95b9-SNAPSHOT.jar:/home/user/.m2/repository/org/apache/ratis/ratis-thirdparty-misc/0.2.0/ratis-thirdparty-misc-0.2.0.jar:/home/user/.m2/repository/org/apache/ratis/ratis-proto/0.4.0-78e95b9-SNAPSHOT/ratis-proto-0.4.0-78e95b9-SNAPSHOT.jar:/home/user/.m2/repository/org/apache/ratis/ratis-common/0.4.0-78e95b9-SNAPSHOT/ratis-common-0.4.0-78e95b9-SNAPSHOT.jar:/home/user/.m2/repository/org/apache/ratis/ratis-client/0.4.0-78e95b9-SNAPSHOT/ratis-client-0.4.0-78e95b9-SNAPSHOT.jar:/home/user/.m2/repository/org/apache/ratis/ratis-metrics/0.4.0-78e95b9-SNAPSHOT/ratis-metrics-0.4.0-78e95b9-SNAPSHOT.jar:/home/user/.m2/repository/com/github/joshelser/dropwizard-metrics-hadoop-metrics2-reporter/0.1.2/dropwizard-metrics-hadoop-metrics2-reporter-0.1.2.jar:/home/user/.m2/repository/io/dropwizard/metrics/metrics-jvm/3.2.5/metrics-jvm-3.2.5.jar:/home/user/.m2/repository/io/dropwizard/metrics/metrics-ganglia/3.2.5/metrics-ganglia-3.2.5.jar:/home/user/.m2/repository/info/ganglia/gmetric4j/gmetric4j/1.0.7/gmetric4j-1.0.7.jar:/home/user/.m2/repository/org/apache/ratis/ratis-netty/0.4.0-78e95b9-SNAPSHOT/ratis-netty-0.4.0-78e95b9-SNAPSHOT.jar:/home/user/.m2/repository/org/apache/ratis/ratis-grpc/0.4.0-78e95b9-SNAPSHOT/ratis-grpc-0.4.0-78e95b9-SNAPSHOT.jar:/home/user/.m2/repository/org/rocksdb/rocksdbjni/6.0.1/rocksdbjni-6.0.1.jar:/home/user/.m2/repository/org/apache/logging/log4j/log4j-api/2.11.0/log4j-api-2.11.0.jar:/home/user/.m2/repository/org/apache/logging/log4j/log4j-core/2.11.0/log4j-core-2.11.0.jar:/home/user/.m2/repository/com/lmax/disruptor/3.4.2/disruptor-3.4.2.jar:/home/user/.m2/repository/org/apache/commons/commons-pool2/2.6.0/commons-pool2-2.6.0.jar:/home/user/.m2/repository/org/bouncycastle/bcpkix-jdk15on/1.60/bcpkix-jdk15on-1.60.jar:/home/user/.m2/repository/commons-validator/commons-validator/1.6/commons-validator-1.6.jar:/home/user/.m2/repository/commons-digester/commons-digester/1.8.1/commons-digester-1.8.1.jar:/home/user/.m2/repository/io/jaegertracing/jaeger-client/0.33.1/jaeger-client-0.33.1.jar:/home/user/.m2/repository/io/jaegertracing/jaeger-thrift/0.33.1/jaeger-thrift-0.33.1.jar:/home/user/.m2/repository/org/apache/thrift/libthrift/0.11.0/libthrift-0.11.0.jar:/home/user/.m2/repository/com/squareup/okhttp3/okhttp/3.9.0/okhttp-3.9.0.jar:/home/user/.m2/repository/com/squareup/okio/okio/1.13.0/okio-1.13.0.jar:/home/user/.m2/repository/io/jaegertracing/jaeger-core/0.33.1/jaeger-core-0.33.1.jar:/home/user/.m2/repository/io/jaegertracing/jaeger-tracerresolver/0.33.1/jaeger-tracerresolver-0.33.1.jar:/home/user/.m2/repository/io/opentracing/contrib/opentracing-tracerresolver/0.1.5/opentracing-tracerresolver-0.1.5.jar:/home/user/.m2/repository/io/opentracing/opentracing-util/0.31.0/opentracing-util-0.31.0.jar:/home/user/.m2/repository/io/opentracing/opentracing-api/0.31.0/opentracing-api-0.31.0.jar:/home/user/.m2/repository/io/opentracing/opentracing-noop/0.31.0/opentracing-noop-0.31.0.jar:/home/user/.m2/repository/org/apache/hadoop/hadoop-hdds-server-framework/0.5.0-SNAPSHOT/hadoop-hdds-server-framework-0.5.0-SNAPSHOT.jar:/home/user/.m2/repository/org/apache/hadoop/hadoop-hdds-container-service/0.5.0-SNAPSHOT/hadoop-hdds-container-service-0.5.0-SNAPSHOT.jar:/home/user/.m2/repository/org/apache/hadoop/hadoop-hdds-client/0.5.0-SNAPSHOT/hadoop-hdds-client-0.5.0-SNAPSHOT.jar:/home/user/.m2/repository/org/apache/hadoop/hadoop-hdds-tools/0.5.0-SNAPSHOT/hadoop-hdds-tools-0.5.0-SNAPSHOT.jar:/home/user/.m2/repository/org/apache/hadoop/hadoop-hdds-server-scm/0.5.0-SNAPSHOT/hadoop-hdds-server-scm-0.5.0-SNAPSHOT.jar:/home/user/.m2/repository/org/apache/hadoop/hadoop-hdds-docs/0.5.0-SNAPSHOT/hadoop-hdds-docs-0.5.0-SNAPSHOT.jar:/home/user/.m2/repository/io/dropwizard/metrics/metrics-core/3.2.4/metrics-core-3.2.4.jar:/home/user/.m2/repository/org/hamcrest/hamcrest-all/1.3/hamcrest-all-1.3.jar:/home/user/.m2/repository/org/bouncycastle/bcprov-jdk15on/1.60/bcprov-jdk15on-1.60.jar:/home/user/.m2/repository/info/picocli/picocli/3.9.6/picocli-3.9.6.jar:/home/user/.m2/repository/com/google/protobuf/protobuf-java/2.5.0/protobuf-java-2.5.0.jar:/home/user/.m2/repository/com/google/guava/guava/11.0.2/guava-11.0.2.jar:/home/user/.m2/repository/org/apache/hadoop/hadoop-ozone-ozone-manager/0.5.0-SNAPSHOT/hadoop-ozone-ozone-manager-0.5.0-SNAPSHOT.jar:/home/user/.m2/repository/org/apache/hadoop/hadoop-minikdc/3.2.0/hadoop-minikdc-3.2.0.jar:/home/user/.m2/repository/commons-io/commons-io/2.5/commons-io-2.5.jar:/home/user/.m2/repository/org/apache/kerby/kerb-simplekdc/1.0.1/kerb-simplekdc-1.0.1.jar:/home/user/.m2/repository/org/apache/kerby/kerb-client/1.0.1/kerb-client-1.0.1.jar:/home/user/.m2/repository/org/apache/kerby/kerby-config/1.0.1/kerby-config-1.0.1.jar:/home/user/.m2/repository/org/apache/kerby/kerb-core/1.0.1/kerb-core-1.0.1.jar:/home/user/.m2/repository/org/apache/kerby/kerby-pkix/1.0.1/kerby-pkix-1.0.1.jar:/home/user/.m2/repository/org/apache/kerby/kerby-asn1/1.0.1/kerby-asn1-1.0.1.jar:/home/user/.m2/repository/org/apache/kerby/kerby-util/1.0.1/kerby-util-1.0.1.jar:/home/user/.m2/repository/org/apache/kerby/kerb-common/1.0.1/kerb-common-1.0.1.jar:/home/user/.m2/repository/org/apache/kerby/kerb-crypto/1.0.1/kerb-crypto-1.0.1.jar:/home/user/.m2/repository/org/apache/kerby/kerb-util/1.0.1/kerb-util-1.0.1.jar:/home/user/.m2/repository/org/apache/kerby/token-provider/1.0.1/token-provider-1.0.1.jar:/home/user/.m2/repository/org/apache/kerby/kerb-admin/1.0.1/kerb-admin-1.0.1.jar:/home/user/.m2/repository/org/apache/kerby/kerb-server/1.0.1/kerb-server-1.0.1.jar:/home/user/.m2/repository/org/apache/kerby/kerb-identity/1.0.1/kerb-identity-1.0.1.jar:/home/user/.m2/repository/org/apache/kerby/kerby-xdr/1.0.1/kerby-xdr-1.0.1.jar:/home/user/.m2/repository/org/slf4j/slf4j-log4j12/1.7.25/slf4j-log4j12-1.7.25.jar:/home/user/.m2/repository/org/apache/hadoop/hadoop-ozone-s3gateway/0.5.0-SNAPSHOT/hadoop-ozone-s3gateway-0.5.0-SNAPSHOT.jar:/home/user/.m2/repository/org/jboss/weld/servlet/weld-servlet/2.4.7.Final/weld-servlet-2.4.7.Final.jar:/home/user/.m2/repository/org/glassfish/jersey/containers/jersey-container-servlet-core/2.27/jersey-container-servlet-core-2.27.jar:/home/user/.m2/repository/org/glassfish/hk2/external/javax.inject/2.5.0-b42/javax.inject-2.5.0-b42.jar:/home/user/.m2/repository/org/glassfish/jersey/core/jersey-common/2.27/jersey-common-2.27.jar:/home/user/.m2/repository/org/glassfish/hk2/osgi-resource-locator/1.0.1/osgi-resource-locator-1.0.1.jar:/home/user/.m2/repository/javax/ws/rs/javax.ws.rs-api/2.1/javax.ws.rs-api-2.1.jar:/home/user/.m2/repository/org/glassfish/jersey/ext/cdi/jersey-cdi1x/2.27/jersey-cdi1x-2.27.jar:/home/user/.m2/repository/org/glassfish/jersey/inject/jersey-hk2/2.27/jersey-hk2-2.27.jar:/home/user/.m2/repository/org/glassfish/hk2/hk2-locator/2.5.0-b42/hk2-locator-2.5.0-b42.jar:/home/user/.m2/repository/org/javassist/javassist/3.22.0-CR2/javassist-3.22.0-CR2.jar:/home/user/.m2/repository/org/glassfish/hk2/hk2-api/2.5.0/hk2-api-2.5.0.jar:/home/user/.m2/repository/org/glassfish/hk2/external/jakarta.inject/2.5.0/jakarta.inject-2.5.0.jar:/home/user/.m2/repository/org/glassfish/hk2/hk2-utils/2.5.0/hk2-utils-2.5.0.jar:/home/user/.m2/repository/jakarta/annotation/jakarta.annotation-api/1.3.4/jakarta.annotation-api-1.3.4.jar:/home/user/.m2/repository/org/glassfish/hk2/external/aopalliance-repackaged/2.5.0/aopalliance-repackaged-2.5.0.jar:/home/user/.m2/repository/com/fasterxml/jackson/dataformat/jackson-dataformat-xml/2.9.0/jackson-dataformat-xml-2.9.0.jar:/home/user/.m2/repository/com/fasterxml/jackson/core/jackson-core/2.9.5/jackson-core-2.9.5.jar:/home/user/.m2/repository/com/fasterxml/jackson/module/jackson-module-jaxb-annotations/2.9.5/jackson-module-jaxb-annotations-2.9.5.jar:/home/user/.m2/repository/javax/enterprise/cdi-api/1.2/cdi-api-1.2.jar:/home/user/.m2/repository/javax/el/javax.el-api/3.0.0/javax.el-api-3.0.0.jar:/home/user/.m2/repository/javax/interceptor/javax.interceptor-api/1.2/javax.interceptor-api-1.2.jar:/home/user/.m2/repository/javax/inject/javax.inject/1/javax.inject-1.jar:/home/user/.m2/repository/com/sun/xml/bind/jaxb-impl/2.3.0.1/jaxb-impl-2.3.0.1.jar:/home/user/.m2/repository/com/sun/xml/bind/jaxb-core/2.3.0.1/jaxb-core-2.3.0.1.jar:/home/user/.m2/repository/javax/xml/bind/jaxb-api/2.3.0/jaxb-api-2.3.0.jar:/home/user/.m2/repository/javax/activation/activation/1.1.1/activation-1.1.1.jar:/home/user/.m2/repository/org/apache/hadoop/hadoop-ozone-csi/0.5.0-SNAPSHOT/hadoop-ozone-csi-0.5.0-SNAPSHOT.jar:/home/user/.m2/repository/com/google/protobuf/protobuf-java-util/3.5.1/protobuf-java-util-3.5.1.jar:/home/user/.m2/repository/org/apache/hadoop/hadoop-hdds-config/0.5.0-SNAPSHOT/hadoop-hdds-config-0.5.0-SNAPSHOT.jar:/home/user/.m2/repository/io/grpc/grpc-netty/1.17.1/grpc-netty-1.17.1.jar:/home/user/.m2/repository/io/grpc/grpc-core/1.17.1/grpc-core-1.17.1.jar:/home/user/.m2/repository/io/grpc/grpc-context/1.17.1/grpc-context-1.17.1.jar:/home/user/.m2/repository/com/google/errorprone/error_prone_annotations/2.2.0/error_prone_annotations-2.2.0.jar:/home/user/.m2/repository/org/codehaus/mojo/animal-sniffer-annotations/1.17/animal-sniffer-annotations-1.17.jar:/home/user/.m2/repository/io/opencensus/opencensus-api/0.17.0/opencensus-api-0.17.0.jar:/home/user/.m2/repository/io/opencensus/opencensus-contrib-grpc-metrics/0.17.0/opencensus-contrib-grpc-metrics-0.17.0.jar:/home/user/.m2/repository/io/netty/netty-codec-http2/4.1.30.Final/netty-codec-http2-4.1.30.Final.jar:/home/user/.m2/repository/io/netty/netty-codec-http/4.1.30.Final/netty-codec-http-4.1.30.Final.jar:/home/user/.m2/repository/io/netty/netty-codec/4.1.30.Final/netty-codec-4.1.30.Final.jar:/home/user/.m2/repository/io/netty/netty-handler/4.1.30.Final/netty-handler-4.1.30.Final.jar:/home/user/.m2/repository/io/netty/netty-handler-proxy/4.1.30.Final/netty-handler-proxy-4.1.30.Final.jar:/home/user/.m2/repository/io/netty/netty-codec-socks/4.1.30.Final/netty-codec-socks-4.1.30.Final.jar:/home/user/.m2/repository/io/netty/netty-transport-native-epoll/4.1.30.Final/netty-transport-native-epoll-4.1.30.Final.jar:/home/user/.m2/repository/io/netty/netty-common/4.1.30.Final/netty-common-4.1.30.Final.jar:/home/user/.m2/repository/io/netty/netty-buffer/4.1.30.Final/netty-buffer-4.1.30.Final.jar:/home/user/.m2/repository/io/netty/netty-transport/4.1.30.Final/netty-transport-4.1.30.Final.jar:/home/user/.m2/repository/io/netty/netty-resolver/4.1.30.Final/netty-resolver-4.1.30.Final.jar:/home/user/.m2/repository/io/netty/netty-transport-native-unix-common/4.1.30.Final/netty-transport-native-unix-common-4.1.30.Final.jar:/home/user/.m2/repository/io/grpc/grpc-protobuf/1.17.1/grpc-protobuf-1.17.1.jar:/home/user/.m2/repository/com/google/api/grpc/proto-google-common-protos/1.0.0/proto-google-common-protos-1.0.0.jar:/home/user/.m2/repository/io/grpc/grpc-protobuf-lite/1.17.1/grpc-protobuf-lite-1.17.1.jar:/home/user/.m2/repository/io/grpc/grpc-stub/1.17.1/grpc-stub-1.17.1.jar:/home/user/.m2/repository/org/apache/hadoop/hadoop-ozone-recon/0.5.0-SNAPSHOT/hadoop-ozone-recon-0.5.0-SNAPSHOT.jar:/home/user/.m2/repository/org/apache/hadoop/hadoop-ozone-reconcodegen/0.5.0-SNAPSHOT/hadoop-ozone-reconcodegen-0.5.0-SNAPSHOT.jar:/home/user/.m2/repository/com/google/inject/extensions/guice-multibindings/4.0/guice-multibindings-4.0.jar:/home/user/.m2/repository/com/google/inject/guice/4.0/guice-4.0.jar:/home/user/.m2/repository/aopalliance/aopalliance/1.0/aopalliance-1.0.jar:/home/user/.m2/repository/com/google/inject/extensions/guice-servlet/4.0/guice-servlet-4.0.jar:/home/user/.m2/repository/org/glassfish/jersey/containers/jersey-container-servlet/2.27/jersey-container-servlet-2.27.jar:/home/user/.m2/repository/org/glassfish/hk2/guice-bridge/2.5.0/guice-bridge-2.5.0.jar:/home/user/.m2/repository/org/glassfish/jersey/core/jersey-server/2.27/jersey-server-2.27.jar:/home/user/.m2/repository/org/glassfish/jersey/core/jersey-client/2.27/jersey-client-2.27.jar:/home/user/.m2/repository/org/glassfish/jersey/media/jersey-media-jaxb/2.27/jersey-media-jaxb-2.27.jar:/home/user/.m2/repository/javax/validation/validation-api/1.1.0.Final/validation-api-1.1.0.Final.jar:/home/user/.m2/repository/org/glassfish/jersey/media/jersey-media-json-jackson/2.27/jersey-media-json-jackson-2.27.jar:/home/user/.m2/repository/org/glassfish/jersey/ext/jersey-entity-filtering/2.27/jersey-entity-filtering-2.27.jar:/home/user/.m2/repository/com/google/inject/extensions/guice-assistedinject/4.0/guice-assistedinject-4.0.jar:/home/user/.m2/repository/org/jooq/jooq/3.11.10/jooq-3.11.10.jar:/home/user/.m2/repository/org/jooq/jooq-meta/3.11.10/jooq-meta-3.11.10.jar:/home/user/.m2/repository/org/jooq/jooq-codegen/3.11.10/jooq-codegen-3.11.10.jar:/home/user/.m2/repository/com/jolbox/bonecp/0.8.0.RELEASE/bonecp-0.8.0.RELEASE.jar:/home/user/.m2/repository/org/xerial/sqlite-jdbc/3.25.2/sqlite-jdbc-3.25.2.jar:/home/user/.m2/repository/org/springframework/spring-jdbc/5.1.3.RELEASE/spring-jdbc-5.1.3.RELEASE.jar:/home/user/.m2/repository/org/springframework/spring-beans/5.1.3.RELEASE/spring-beans-5.1.3.RELEASE.jar:/home/user/.m2/repository/org/springframework/spring-core/5.1.3.RELEASE/spring-core-5.1.3.RELEASE.jar:/home/user/.m2/repository/org/springframework/spring-jcl/5.1.3.RELEASE/spring-jcl-5.1.3.RELEASE.jar:/home/user/.m2/repository/org/springframework/spring-tx/5.1.3.RELEASE/spring-tx-5.1.3.RELEASE.jar:/home/user/.m2/repository/org/apache/hadoop/hadoop-ozone-client/0.5.0-SNAPSHOT/hadoop-ozone-client-0.5.0-SNAPSHOT.jar:/home/user/.m2/repository/commons-lang/commons-lang/2.6/commons-lang-2.6.jar:/home/user/.m2/repository/org/apache/hadoop/hadoop-ozone-ozone-manager/0.5.0-SNAPSHOT/hadoop-ozone-ozone-manager-0.5.0-SNAPSHOT-tests.jar:/home/user/.m2/repository/junit/junit/4.11/junit-4.11.jar:/home/user/.m2/repository/org/hamcrest/hamcrest-core/1.3/hamcrest-core-1.3.jar:/home/user/.m2/repository/org/openjdk/jmh/jmh-core/1.19/jmh-core-1.19.jar:/home/user/.m2/repository/net/sf/jopt-simple/jopt-simple/4.6/jopt-simple-4.6.jar:/home/user/.m2/repository/org/apache/commons/commons-math3/3.1.1/commons-math3-3.1.1.jar:/home/user/.m2/repository/org/openjdk/jmh/jmh-generator-annprocess/1.19/jmh-generator-annprocess-1.19.jar:/home/user/.m2/repository/org/mockito/mockito-all/1.8.5/mockito-all-1.8.5.jar:/home/user/.m2/repository/org/apache/hadoop/hadoop-kms/3.2.0/hadoop-kms-3.2.0.jar:/home/user/.m2/repository/org/apache/hadoop/hadoop-auth/3.2.0/hadoop-auth-3.2.0.jar:/home/user/.m2/repository/com/nimbusds/nimbus-jose-jwt/4.41.1/nimbus-jose-jwt-4.41.1.jar:/home/user/.m2/repository/com/github/stephenc/jcip/jcip-annotations/1.0-1/jcip-annotations-1.0-1.jar:/home/user/.m2/repository/net/minidev/json-smart/2.3/json-smart-2.3.jar:/home/user/.m2/repository/net/minidev/accessors-smart/1.2/accessors-smart-1.2.jar:/home/user/.m2/repository/org/ow2/asm/asm/5.0.4/asm-5.0.4.jar:/home/user/.m2/repository/org/apache/curator/curator-framework/2.12.0/curator-framework-2.12.0.jar:/home/user/.m2/repository/com/sun/jersey/jersey-core/1.19/jersey-core-1.19.jar:/home/user/.m2/repository/javax/ws/rs/jsr311-api/1.1.1/jsr311-api-1.1.1.jar:/home/user/.m2/repository/com/sun/jersey/jersey-server/1.19/jersey-server-1.19.jar:/home/user/.m2/repository/javax/servlet/javax.servlet-api/3.1.0/javax.servlet-api-3.1.0.jar:/home/user/.m2/repository/org/eclipse/jetty/jetty-server/9.3.24.v20180605/jetty-server-9.3.24.v20180605.jar:/home/user/.m2/repository/org/eclipse/jetty/jetty-http/9.3.24.v20180605/jetty-http-9.3.24.v20180605.jar:/home/user/.m2/repository/org/eclipse/jetty/jetty-io/9.3.24.v20180605/jetty-io-9.3.24.v20180605.jar:/home/user/.m2/repository/org/eclipse/jetty/jetty-webapp/9.3.24.v20180605/jetty-webapp-9.3.24.v20180605.jar:/home/user/.m2/repository/org/eclipse/jetty/jetty-xml/9.3.24.v20180605/jetty-xml-9.3.24.v20180605.jar:/home/user/.m2/repository/log4j/log4j/1.2.17/log4j-1.2.17.jar:/home/user/.m2/repository/org/slf4j/slf4j-api/1.7.25/slf4j-api-1.7.25.jar:/home/user/.m2/repository/org/slf4j/jul-to-slf4j/1.7.25/jul-to-slf4j-1.7.25.jar:/home/user/.m2/repository/org/eclipse/jetty/jetty-util/9.3.24.v20180605/jetty-util-9.3.24.v20180605.jar:/home/user/.m2/repository/com/fasterxml/jackson/core/jackson-databind/2.9.5/jackson-databind-2.9.5.jar:/home/user/.m2/repository/org/apache/hadoop/hadoop-kms/3.2.0/hadoop-kms-3.2.0-tests.jar:/home/user/.m2/repository/org/apache/hadoop/hadoop-hdds-server-scm/0.5.0-SNAPSHOT/hadoop-hdds-server-scm-0.5.0-SNAPSHOT-tests.jar:/home/user/.m2/repository/org/apache/hadoop/hadoop-hdds-container-service/0.5.0-SNAPSHOT/hadoop-hdds-container-service-0.5.0-SNAPSHOT-tests.jar:/home/user/.m2/repository/org/yaml/snakeyaml/1.16/snakeyaml-1.16.jar:/home/user/.m2/repository/org/apache/hadoop/hadoop-common/3.2.0/hadoop-common-3.2.0-tests.jar:/home/user/.m2/repository/org/apache/hadoop/hadoop-annotations/3.2.0/hadoop-annotations-3.2.0.jar:/usr/lib/jvm/java-1.8-openjdk/jre/../lib/tools.jar:/home/user/.m2/repository/commons-cli/commons-cli/1.2/commons-cli-1.2.jar:/home/user/.m2/repository/org/apache/httpcomponents/httpclient/4.5.2/httpclient-4.5.2.jar:/home/user/.m2/repository/org/apache/httpcomponents/httpcore/4.4.4/httpcore-4.4.4.jar:/home/user/.m2/repository/commons-codec/commons-codec/1.11/commons-codec-1.11.jar:/home/user/.m2/repository/commons-net/commons-net/3.6/commons-net-3.6.jar:/home/user/.m2/repository/commons-collections/commons-collections/3.2.2/commons-collections-3.2.2.jar:/home/user/.m2/repository/org/eclipse/jetty/jetty-servlet/9.3.24.v20180605/jetty-servlet-9.3.24.v20180605.jar:/home/user/.m2/repository/org/eclipse/jetty/jetty-security/9.3.24.v20180605/jetty-security-9.3.24.v20180605.jar:/home/user/.m2/repository/javax/servlet/jsp/jsp-api/2.1/jsp-api-2.1.jar:/home/user/.m2/repository/com/sun/jersey/jersey-servlet/1.19/jersey-servlet-1.19.jar:/home/user/.m2/repository/com/sun/jersey/jersey-json/1.19/jersey-json-1.19.jar:/home/user/.m2/repository/org/codehaus/jettison/jettison/1.1/jettison-1.1.jar:/home/user/.m2/repository/org/codehaus/jackson/jackson-core-asl/1.9.13/jackson-core-asl-1.9.13.jar:/home/user/.m2/repository/org/codehaus/jackson/jackson-mapper-asl/1.9.13/jackson-mapper-asl-1.9.13.jar:/home/user/.m2/repository/org/codehaus/jackson/jackson-jaxrs/1.9.13/jackson-jaxrs-1.9.13.jar:/home/user/.m2/repository/org/codehaus/jackson/jackson-xc/1.9.13/jackson-xc-1.9.13.jar:/home/user/.m2/repository/commons-logging/commons-logging/1.1.3/commons-logging-1.1.3.jar:/home/user/.m2/repository/commons-beanutils/commons-beanutils/1.9.3/commons-beanutils-1.9.3.jar:/home/user/.m2/repository/org/apache/commons/commons-configuration2/2.1.1/commons-configuration2-2.1.1.jar:/home/user/.m2/repository/org/apache/commons/commons-lang3/3.7/commons-lang3-3.7.jar:/home/user/.m2/repository/org/apache/commons/commons-text/1.4/commons-text-1.4.jar:/home/user/.m2/repository/org/apache/avro/avro/1.7.7/avro-1.7.7.jar:/home/user/.m2/repository/com/thoughtworks/paranamer/paranamer/2.3/paranamer-2.3.jar:/home/user/.m2/repository/org/xerial/snappy/snappy-java/1.0.5/snappy-java-1.0.5.jar:/home/user/.m2/repository/com/google/re2j/re2j/1.1/re2j-1.1.jar:/home/user/.m2/repository/com/google/code/gson/gson/2.2.4/gson-2.2.4.jar:/home/user/.m2/repository/com/jcraft/jsch/0.1.54/jsch-0.1.54.jar:/home/user/.m2/repository/org/apache/curator/curator-client/2.12.0/curator-client-2.12.0.jar:/home/user/.m2/repository/org/apache/curator/curator-recipes/2.12.0/curator-recipes-2.12.0.jar:/home/user/.m2/repository/com/google/code/findbugs/jsr305/3.0.0/jsr305-3.0.0.jar:/home/user/.m2/repository/org/apache/htrace/htrace-core4/4.1.0-incubating/htrace-core4-4.1.0-incubating.jar:/home/user/.m2/repository/org/apache/zookeeper/zookeeper/3.4.13/zookeeper-3.4.13.jar:/home/user/.m2/repository/org/apache/yetus/audience-annotations/0.5.0/audience-annotations-0.5.0.jar:/home/user/.m2/repository/org/codehaus/woodstox/stax2-api/3.1.4/stax2-api-3.1.4.jar:/home/user/.m2/repository/com/fasterxml/woodstox/woodstox-core/5.0.3/woodstox-core-5.0.3.jar:/home/user/.m2/repository/dnsjava/dnsjava/2.1.7/dnsjava-2.1.7.jar:/home/user/.m2/repository/org/apache/hadoop/hadoop-hdfs/3.2.0/hadoop-hdfs-3.2.0-tests.jar:/home/user/.m2/repository/org/eclipse/jetty/jetty-util-ajax/9.3.24.v20180605/jetty-util-ajax-9.3.24.v20180605.jar:/home/user/.m2/repository/commons-daemon/commons-daemon/1.0.13/commons-daemon-1.0.13.jar:/home/user/.m2/repository/io/netty/netty/3.10.5.Final/netty-3.10.5.Final.jar:/home/user/.m2/repository/io/netty/netty-all/4.0.52.Final/netty-all-4.0.52.Final.jar:/home/user/.m2/repository/org/fusesource/leveldbjni/leveldbjni-all/1.8/leveldbjni-all-1.8.jar:"/>
    <property name="java.vm.vendor" value="IcedTea"/>
    <property name="sun.arch.data.model" value="64"/>
    <property name="test.build.dir" value="/workdir/hadoop-ozone/integration-test/target/test-dir"/>
    <property name="test.cache.data" value=""/>
    <property name="java.vendor.url" value="https://icedtea.classpath.org"/>
    <property name="user.timezone" value=""/>
    <property name="java.vm.specification.version" value="1.8"/>
    <property name="os.name" value="Linux"/>
    <property name="test.build.data" value="/workdir/hadoop-ozone/integration-test/target/test-dir"/>
    <property name="user.country" value="US"/>
    <property name="sun.java.launcher" value="SUN_STANDARD"/>
    <property name="sun.boot.library.path" value="/usr/lib/jvm/java-1.8-openjdk/jre/lib/amd64"/>
    <property name="sun.java.command" value="/workdir/hadoop-ozone/integration-test/target/surefire/surefirebooter2226336328871842707.jar /workdir/hadoop-ozone/integration-test/target/surefire 2019-09-18T13-02-02_482-jvmRun1 surefire1666362407802480395tmp surefire_234637548633835962331tmp"/>
    <property name="test" value="!TestMiniChaosOzoneCluster"/>
    <property name="surefire.test.class.path" value="/workdir/hadoop-ozone/integration-test/target/test-classes:/workdir/hadoop-ozone/integration-test/target/classes:/home/user/.m2/repository/org/apache/hadoop/hadoop-ozone-common/0.5.0-SNAPSHOT/hadoop-ozone-common-0.5.0-SNAPSHOT.jar:/home/user/.m2/repository/org/apache/commons/commons-compress/1.4.1/commons-compress-1.4.1.jar:/home/user/.m2/repository/org/tukaani/xz/1.0/xz-1.0.jar:/home/user/.m2/repository/org/apache/hadoop/hadoop-common/3.2.0/hadoop-common-3.2.0.jar:/home/user/.m2/repository/org/apache/hadoop/hadoop-hdfs/3.2.0/hadoop-hdfs-3.2.0.jar:/home/user/.m2/repository/org/apache/hadoop/hadoop-hdfs-client/3.2.0/hadoop-hdfs-client-3.2.0.jar:/home/user/.m2/repository/com/fasterxml/jackson/core/jackson-annotations/2.9.5/jackson-annotations-2.9.5.jar:/home/user/.m2/repository/org/apache/hadoop/hadoop-hdds-common/0.5.0-SNAPSHOT/hadoop-hdds-common-0.5.0-SNAPSHOT.jar:/home/user/.m2/repository/javax/annotation/javax.annotation-api/1.2/javax.annotation-api-1.2.jar:/home/user/.m2/repository/org/apache/ratis/ratis-server/0.4.0-78e95b9-SNAPSHOT/ratis-server-0.4.0-78e95b9-SNAPSHOT.jar:/home/user/.m2/repository/org/apache/ratis/ratis-thirdparty-misc/0.2.0/ratis-thirdparty-misc-0.2.0.jar:/home/user/.m2/repository/org/apache/ratis/ratis-proto/0.4.0-78e95b9-SNAPSHOT/ratis-proto-0.4.0-78e95b9-SNAPSHOT.jar:/home/user/.m2/repository/org/apache/ratis/ratis-common/0.4.0-78e95b9-SNAPSHOT/ratis-common-0.4.0-78e95b9-SNAPSHOT.jar:/home/user/.m2/repository/org/apache/ratis/ratis-client/0.4.0-78e95b9-SNAPSHOT/ratis-client-0.4.0-78e95b9-SNAPSHOT.jar:/home/user/.m2/repository/org/apache/ratis/ratis-metrics/0.4.0-78e95b9-SNAPSHOT/ratis-metrics-0.4.0-78e95b9-SNAPSHOT.jar:/home/user/.m2/repository/com/github/joshelser/dropwizard-metrics-hadoop-metrics2-reporter/0.1.2/dropwizard-metrics-hadoop-metrics2-reporter-0.1.2.jar:/home/user/.m2/repository/io/dropwizard/metrics/metrics-jvm/3.2.5/metrics-jvm-3.2.5.jar:/home/user/.m2/repository/io/dropwizard/metrics/metrics-ganglia/3.2.5/metrics-ganglia-3.2.5.jar:/home/user/.m2/repository/info/ganglia/gmetric4j/gmetric4j/1.0.7/gmetric4j-1.0.7.jar:/home/user/.m2/repository/org/apache/ratis/ratis-netty/0.4.0-78e95b9-SNAPSHOT/ratis-netty-0.4.0-78e95b9-SNAPSHOT.jar:/home/user/.m2/repository/org/apache/ratis/ratis-grpc/0.4.0-78e95b9-SNAPSHOT/ratis-grpc-0.4.0-78e95b9-SNAPSHOT.jar:/home/user/.m2/repository/org/rocksdb/rocksdbjni/6.0.1/rocksdbjni-6.0.1.jar:/home/user/.m2/repository/org/apache/logging/log4j/log4j-api/2.11.0/log4j-api-2.11.0.jar:/home/user/.m2/repository/org/apache/logging/log4j/log4j-core/2.11.0/log4j-core-2.11.0.jar:/home/user/.m2/repository/com/lmax/disruptor/3.4.2/disruptor-3.4.2.jar:/home/user/.m2/repository/org/apache/commons/commons-pool2/2.6.0/commons-pool2-2.6.0.jar:/home/user/.m2/repository/org/bouncycastle/bcpkix-jdk15on/1.60/bcpkix-jdk15on-1.60.jar:/home/user/.m2/repository/commons-validator/commons-validator/1.6/commons-validator-1.6.jar:/home/user/.m2/repository/commons-digester/commons-digester/1.8.1/commons-digester-1.8.1.jar:/home/user/.m2/repository/io/jaegertracing/jaeger-client/0.33.1/jaeger-client-0.33.1.jar:/home/user/.m2/repository/io/jaegertracing/jaeger-thrift/0.33.1/jaeger-thrift-0.33.1.jar:/home/user/.m2/repository/org/apache/thrift/libthrift/0.11.0/libthrift-0.11.0.jar:/home/user/.m2/repository/com/squareup/okhttp3/okhttp/3.9.0/okhttp-3.9.0.jar:/home/user/.m2/repository/com/squareup/okio/okio/1.13.0/okio-1.13.0.jar:/home/user/.m2/repository/io/jaegertracing/jaeger-core/0.33.1/jaeger-core-0.33.1.jar:/home/user/.m2/repository/io/jaegertracing/jaeger-tracerresolver/0.33.1/jaeger-tracerresolver-0.33.1.jar:/home/user/.m2/repository/io/opentracing/contrib/opentracing-tracerresolver/0.1.5/opentracing-tracerresolver-0.1.5.jar:/home/user/.m2/repository/io/opentracing/opentracing-util/0.31.0/opentracing-util-0.31.0.jar:/home/user/.m2/repository/io/opentracing/opentracing-api/0.31.0/opentracing-api-0.31.0.jar:/home/user/.m2/repository/io/opentracing/opentracing-noop/0.31.0/opentracing-noop-0.31.0.jar:/home/user/.m2/repository/org/apache/hadoop/hadoop-hdds-server-framework/0.5.0-SNAPSHOT/hadoop-hdds-server-framework-0.5.0-SNAPSHOT.jar:/home/user/.m2/repository/org/apache/hadoop/hadoop-hdds-container-service/0.5.0-SNAPSHOT/hadoop-hdds-container-service-0.5.0-SNAPSHOT.jar:/home/user/.m2/repository/org/apache/hadoop/hadoop-hdds-client/0.5.0-SNAPSHOT/hadoop-hdds-client-0.5.0-SNAPSHOT.jar:/home/user/.m2/repository/org/apache/hadoop/hadoop-hdds-tools/0.5.0-SNAPSHOT/hadoop-hdds-tools-0.5.0-SNAPSHOT.jar:/home/user/.m2/repository/org/apache/hadoop/hadoop-hdds-server-scm/0.5.0-SNAPSHOT/hadoop-hdds-server-scm-0.5.0-SNAPSHOT.jar:/home/user/.m2/repository/org/apache/hadoop/hadoop-hdds-docs/0.5.0-SNAPSHOT/hadoop-hdds-docs-0.5.0-SNAPSHOT.jar:/home/user/.m2/repository/io/dropwizard/metrics/metrics-core/3.2.4/metrics-core-3.2.4.jar:/home/user/.m2/repository/org/hamcrest/hamcrest-all/1.3/hamcrest-all-1.3.jar:/home/user/.m2/repository/org/bouncycastle/bcprov-jdk15on/1.60/bcprov-jdk15on-1.60.jar:/home/user/.m2/repository/info/picocli/picocli/3.9.6/picocli-3.9.6.jar:/home/user/.m2/repository/com/google/protobuf/protobuf-java/2.5.0/protobuf-java-2.5.0.jar:/home/user/.m2/repository/com/google/guava/guava/11.0.2/guava-11.0.2.jar:/home/user/.m2/repository/org/apache/hadoop/hadoop-ozone-ozone-manager/0.5.0-SNAPSHOT/hadoop-ozone-ozone-manager-0.5.0-SNAPSHOT.jar:/home/user/.m2/repository/org/apache/hadoop/hadoop-minikdc/3.2.0/hadoop-minikdc-3.2.0.jar:/home/user/.m2/repository/commons-io/commons-io/2.5/commons-io-2.5.jar:/home/user/.m2/repository/org/apache/kerby/kerb-simplekdc/1.0.1/kerb-simplekdc-1.0.1.jar:/home/user/.m2/repository/org/apache/kerby/kerb-client/1.0.1/kerb-client-1.0.1.jar:/home/user/.m2/repository/org/apache/kerby/kerby-config/1.0.1/kerby-config-1.0.1.jar:/home/user/.m2/repository/org/apache/kerby/kerb-core/1.0.1/kerb-core-1.0.1.jar:/home/user/.m2/repository/org/apache/kerby/kerby-pkix/1.0.1/kerby-pkix-1.0.1.jar:/home/user/.m2/repository/org/apache/kerby/kerby-asn1/1.0.1/kerby-asn1-1.0.1.jar:/home/user/.m2/repository/org/apache/kerby/kerby-util/1.0.1/kerby-util-1.0.1.jar:/home/user/.m2/repository/org/apache/kerby/kerb-common/1.0.1/kerb-common-1.0.1.jar:/home/user/.m2/repository/org/apache/kerby/kerb-crypto/1.0.1/kerb-crypto-1.0.1.jar:/home/user/.m2/repository/org/apache/kerby/kerb-util/1.0.1/kerb-util-1.0.1.jar:/home/user/.m2/repository/org/apache/kerby/token-provider/1.0.1/token-provider-1.0.1.jar:/home/user/.m2/repository/org/apache/kerby/kerb-admin/1.0.1/kerb-admin-1.0.1.jar:/home/user/.m2/repository/org/apache/kerby/kerb-server/1.0.1/kerb-server-1.0.1.jar:/home/user/.m2/repository/org/apache/kerby/kerb-identity/1.0.1/kerb-identity-1.0.1.jar:/home/user/.m2/repository/org/apache/kerby/kerby-xdr/1.0.1/kerby-xdr-1.0.1.jar:/home/user/.m2/repository/org/slf4j/slf4j-log4j12/1.7.25/slf4j-log4j12-1.7.25.jar:/home/user/.m2/repository/org/apache/hadoop/hadoop-ozone-s3gateway/0.5.0-SNAPSHOT/hadoop-ozone-s3gateway-0.5.0-SNAPSHOT.jar:/home/user/.m2/repository/org/jboss/weld/servlet/weld-servlet/2.4.7.Final/weld-servlet-2.4.7.Final.jar:/home/user/.m2/repository/org/glassfish/jersey/containers/jersey-container-servlet-core/2.27/jersey-container-servlet-core-2.27.jar:/home/user/.m2/repository/org/glassfish/hk2/external/javax.inject/2.5.0-b42/javax.inject-2.5.0-b42.jar:/home/user/.m2/repository/org/glassfish/jersey/core/jersey-common/2.27/jersey-common-2.27.jar:/home/user/.m2/repository/org/glassfish/hk2/osgi-resource-locator/1.0.1/osgi-resource-locator-1.0.1.jar:/home/user/.m2/repository/javax/ws/rs/javax.ws.rs-api/2.1/javax.ws.rs-api-2.1.jar:/home/user/.m2/repository/org/glassfish/jersey/ext/cdi/jersey-cdi1x/2.27/jersey-cdi1x-2.27.jar:/home/user/.m2/repository/org/glassfish/jersey/inject/jersey-hk2/2.27/jersey-hk2-2.27.jar:/home/user/.m2/repository/org/glassfish/hk2/hk2-locator/2.5.0-b42/hk2-locator-2.5.0-b42.jar:/home/user/.m2/repository/org/javassist/javassist/3.22.0-CR2/javassist-3.22.0-CR2.jar:/home/user/.m2/repository/org/glassfish/hk2/hk2-api/2.5.0/hk2-api-2.5.0.jar:/home/user/.m2/repository/org/glassfish/hk2/external/jakarta.inject/2.5.0/jakarta.inject-2.5.0.jar:/home/user/.m2/repository/org/glassfish/hk2/hk2-utils/2.5.0/hk2-utils-2.5.0.jar:/home/user/.m2/repository/jakarta/annotation/jakarta.annotation-api/1.3.4/jakarta.annotation-api-1.3.4.jar:/home/user/.m2/repository/org/glassfish/hk2/external/aopalliance-repackaged/2.5.0/aopalliance-repackaged-2.5.0.jar:/home/user/.m2/repository/com/fasterxml/jackson/dataformat/jackson-dataformat-xml/2.9.0/jackson-dataformat-xml-2.9.0.jar:/home/user/.m2/repository/com/fasterxml/jackson/core/jackson-core/2.9.5/jackson-core-2.9.5.jar:/home/user/.m2/repository/com/fasterxml/jackson/module/jackson-module-jaxb-annotations/2.9.5/jackson-module-jaxb-annotations-2.9.5.jar:/home/user/.m2/repository/javax/enterprise/cdi-api/1.2/cdi-api-1.2.jar:/home/user/.m2/repository/javax/el/javax.el-api/3.0.0/javax.el-api-3.0.0.jar:/home/user/.m2/repository/javax/interceptor/javax.interceptor-api/1.2/javax.interceptor-api-1.2.jar:/home/user/.m2/repository/javax/inject/javax.inject/1/javax.inject-1.jar:/home/user/.m2/repository/com/sun/xml/bind/jaxb-impl/2.3.0.1/jaxb-impl-2.3.0.1.jar:/home/user/.m2/repository/com/sun/xml/bind/jaxb-core/2.3.0.1/jaxb-core-2.3.0.1.jar:/home/user/.m2/repository/javax/xml/bind/jaxb-api/2.3.0/jaxb-api-2.3.0.jar:/home/user/.m2/repository/javax/activation/activation/1.1.1/activation-1.1.1.jar:/home/user/.m2/repository/org/apache/hadoop/hadoop-ozone-csi/0.5.0-SNAPSHOT/hadoop-ozone-csi-0.5.0-SNAPSHOT.jar:/home/user/.m2/repository/com/google/protobuf/protobuf-java-util/3.5.1/protobuf-java-util-3.5.1.jar:/home/user/.m2/repository/org/apache/hadoop/hadoop-hdds-config/0.5.0-SNAPSHOT/hadoop-hdds-config-0.5.0-SNAPSHOT.jar:/home/user/.m2/repository/io/grpc/grpc-netty/1.17.1/grpc-netty-1.17.1.jar:/home/user/.m2/repository/io/grpc/grpc-core/1.17.1/grpc-core-1.17.1.jar:/home/user/.m2/repository/io/grpc/grpc-context/1.17.1/grpc-context-1.17.1.jar:/home/user/.m2/repository/com/google/errorprone/error_prone_annotations/2.2.0/error_prone_annotations-2.2.0.jar:/home/user/.m2/repository/org/codehaus/mojo/animal-sniffer-annotations/1.17/animal-sniffer-annotations-1.17.jar:/home/user/.m2/repository/io/opencensus/opencensus-api/0.17.0/opencensus-api-0.17.0.jar:/home/user/.m2/repository/io/opencensus/opencensus-contrib-grpc-metrics/0.17.0/opencensus-contrib-grpc-metrics-0.17.0.jar:/home/user/.m2/repository/io/netty/netty-codec-http2/4.1.30.Final/netty-codec-http2-4.1.30.Final.jar:/home/user/.m2/repository/io/netty/netty-codec-http/4.1.30.Final/netty-codec-http-4.1.30.Final.jar:/home/user/.m2/repository/io/netty/netty-codec/4.1.30.Final/netty-codec-4.1.30.Final.jar:/home/user/.m2/repository/io/netty/netty-handler/4.1.30.Final/netty-handler-4.1.30.Final.jar:/home/user/.m2/repository/io/netty/netty-handler-proxy/4.1.30.Final/netty-handler-proxy-4.1.30.Final.jar:/home/user/.m2/repository/io/netty/netty-codec-socks/4.1.30.Final/netty-codec-socks-4.1.30.Final.jar:/home/user/.m2/repository/io/netty/netty-transport-native-epoll/4.1.30.Final/netty-transport-native-epoll-4.1.30.Final.jar:/home/user/.m2/repository/io/netty/netty-common/4.1.30.Final/netty-common-4.1.30.Final.jar:/home/user/.m2/repository/io/netty/netty-buffer/4.1.30.Final/netty-buffer-4.1.30.Final.jar:/home/user/.m2/repository/io/netty/netty-transport/4.1.30.Final/netty-transport-4.1.30.Final.jar:/home/user/.m2/repository/io/netty/netty-resolver/4.1.30.Final/netty-resolver-4.1.30.Final.jar:/home/user/.m2/repository/io/netty/netty-transport-native-unix-common/4.1.30.Final/netty-transport-native-unix-common-4.1.30.Final.jar:/home/user/.m2/repository/io/grpc/grpc-protobuf/1.17.1/grpc-protobuf-1.17.1.jar:/home/user/.m2/repository/com/google/api/grpc/proto-google-common-protos/1.0.0/proto-google-common-protos-1.0.0.jar:/home/user/.m2/repository/io/grpc/grpc-protobuf-lite/1.17.1/grpc-protobuf-lite-1.17.1.jar:/home/user/.m2/repository/io/grpc/grpc-stub/1.17.1/grpc-stub-1.17.1.jar:/home/user/.m2/repository/org/apache/hadoop/hadoop-ozone-recon/0.5.0-SNAPSHOT/hadoop-ozone-recon-0.5.0-SNAPSHOT.jar:/home/user/.m2/repository/org/apache/hadoop/hadoop-ozone-reconcodegen/0.5.0-SNAPSHOT/hadoop-ozone-reconcodegen-0.5.0-SNAPSHOT.jar:/home/user/.m2/repository/com/google/inject/extensions/guice-multibindings/4.0/guice-multibindings-4.0.jar:/home/user/.m2/repository/com/google/inject/guice/4.0/guice-4.0.jar:/home/user/.m2/repository/aopalliance/aopalliance/1.0/aopalliance-1.0.jar:/home/user/.m2/repository/com/google/inject/extensions/guice-servlet/4.0/guice-servlet-4.0.jar:/home/user/.m2/repository/org/glassfish/jersey/containers/jersey-container-servlet/2.27/jersey-container-servlet-2.27.jar:/home/user/.m2/repository/org/glassfish/hk2/guice-bridge/2.5.0/guice-bridge-2.5.0.jar:/home/user/.m2/repository/org/glassfish/jersey/core/jersey-server/2.27/jersey-server-2.27.jar:/home/user/.m2/repository/org/glassfish/jersey/core/jersey-client/2.27/jersey-client-2.27.jar:/home/user/.m2/repository/org/glassfish/jersey/media/jersey-media-jaxb/2.27/jersey-media-jaxb-2.27.jar:/home/user/.m2/repository/javax/validation/validation-api/1.1.0.Final/validation-api-1.1.0.Final.jar:/home/user/.m2/repository/org/glassfish/jersey/media/jersey-media-json-jackson/2.27/jersey-media-json-jackson-2.27.jar:/home/user/.m2/repository/org/glassfish/jersey/ext/jersey-entity-filtering/2.27/jersey-entity-filtering-2.27.jar:/home/user/.m2/repository/com/google/inject/extensions/guice-assistedinject/4.0/guice-assistedinject-4.0.jar:/home/user/.m2/repository/org/jooq/jooq/3.11.10/jooq-3.11.10.jar:/home/user/.m2/repository/org/jooq/jooq-meta/3.11.10/jooq-meta-3.11.10.jar:/home/user/.m2/repository/org/jooq/jooq-codegen/3.11.10/jooq-codegen-3.11.10.jar:/home/user/.m2/repository/com/jolbox/bonecp/0.8.0.RELEASE/bonecp-0.8.0.RELEASE.jar:/home/user/.m2/repository/org/xerial/sqlite-jdbc/3.25.2/sqlite-jdbc-3.25.2.jar:/home/user/.m2/repository/org/springframework/spring-jdbc/5.1.3.RELEASE/spring-jdbc-5.1.3.RELEASE.jar:/home/user/.m2/repository/org/springframework/spring-beans/5.1.3.RELEASE/spring-beans-5.1.3.RELEASE.jar:/home/user/.m2/repository/org/springframework/spring-core/5.1.3.RELEASE/spring-core-5.1.3.RELEASE.jar:/home/user/.m2/repository/org/springframework/spring-jcl/5.1.3.RELEASE/spring-jcl-5.1.3.RELEASE.jar:/home/user/.m2/repository/org/springframework/spring-tx/5.1.3.RELEASE/spring-tx-5.1.3.RELEASE.jar:/home/user/.m2/repository/org/apache/hadoop/hadoop-ozone-client/0.5.0-SNAPSHOT/hadoop-ozone-client-0.5.0-SNAPSHOT.jar:/home/user/.m2/repository/commons-lang/commons-lang/2.6/commons-lang-2.6.jar:/home/user/.m2/repository/org/apache/hadoop/hadoop-ozone-ozone-manager/0.5.0-SNAPSHOT/hadoop-ozone-ozone-manager-0.5.0-SNAPSHOT-tests.jar:/home/user/.m2/repository/junit/junit/4.11/junit-4.11.jar:/home/user/.m2/repository/org/hamcrest/hamcrest-core/1.3/hamcrest-core-1.3.jar:/home/user/.m2/repository/org/openjdk/jmh/jmh-core/1.19/jmh-core-1.19.jar:/home/user/.m2/repository/net/sf/jopt-simple/jopt-simple/4.6/jopt-simple-4.6.jar:/home/user/.m2/repository/org/apache/commons/commons-math3/3.1.1/commons-math3-3.1.1.jar:/home/user/.m2/repository/org/openjdk/jmh/jmh-generator-annprocess/1.19/jmh-generator-annprocess-1.19.jar:/home/user/.m2/repository/org/mockito/mockito-all/1.8.5/mockito-all-1.8.5.jar:/home/user/.m2/repository/org/apache/hadoop/hadoop-kms/3.2.0/hadoop-kms-3.2.0.jar:/home/user/.m2/repository/org/apache/hadoop/hadoop-auth/3.2.0/hadoop-auth-3.2.0.jar:/home/user/.m2/repository/com/nimbusds/nimbus-jose-jwt/4.41.1/nimbus-jose-jwt-4.41.1.jar:/home/user/.m2/repository/com/github/stephenc/jcip/jcip-annotations/1.0-1/jcip-annotations-1.0-1.jar:/home/user/.m2/repository/net/minidev/json-smart/2.3/json-smart-2.3.jar:/home/user/.m2/repository/net/minidev/accessors-smart/1.2/accessors-smart-1.2.jar:/home/user/.m2/repository/org/ow2/asm/asm/5.0.4/asm-5.0.4.jar:/home/user/.m2/repository/org/apache/curator/curator-framework/2.12.0/curator-framework-2.12.0.jar:/home/user/.m2/repository/com/sun/jersey/jersey-core/1.19/jersey-core-1.19.jar:/home/user/.m2/repository/javax/ws/rs/jsr311-api/1.1.1/jsr311-api-1.1.1.jar:/home/user/.m2/repository/com/sun/jersey/jersey-server/1.19/jersey-server-1.19.jar:/home/user/.m2/repository/javax/servlet/javax.servlet-api/3.1.0/javax.servlet-api-3.1.0.jar:/home/user/.m2/repository/org/eclipse/jetty/jetty-server/9.3.24.v20180605/jetty-server-9.3.24.v20180605.jar:/home/user/.m2/repository/org/eclipse/jetty/jetty-http/9.3.24.v20180605/jetty-http-9.3.24.v20180605.jar:/home/user/.m2/repository/org/eclipse/jetty/jetty-io/9.3.24.v20180605/jetty-io-9.3.24.v20180605.jar:/home/user/.m2/repository/org/eclipse/jetty/jetty-webapp/9.3.24.v20180605/jetty-webapp-9.3.24.v20180605.jar:/home/user/.m2/repository/org/eclipse/jetty/jetty-xml/9.3.24.v20180605/jetty-xml-9.3.24.v20180605.jar:/home/user/.m2/repository/log4j/log4j/1.2.17/log4j-1.2.17.jar:/home/user/.m2/repository/org/slf4j/slf4j-api/1.7.25/slf4j-api-1.7.25.jar:/home/user/.m2/repository/org/slf4j/jul-to-slf4j/1.7.25/jul-to-slf4j-1.7.25.jar:/home/user/.m2/repository/org/eclipse/jetty/jetty-util/9.3.24.v20180605/jetty-util-9.3.24.v20180605.jar:/home/user/.m2/repository/com/fasterxml/jackson/core/jackson-databind/2.9.5/jackson-databind-2.9.5.jar:/home/user/.m2/repository/org/apache/hadoop/hadoop-kms/3.2.0/hadoop-kms-3.2.0-tests.jar:/home/user/.m2/repository/org/apache/hadoop/hadoop-hdds-server-scm/0.5.0-SNAPSHOT/hadoop-hdds-server-scm-0.5.0-SNAPSHOT-tests.jar:/home/user/.m2/repository/org/apache/hadoop/hadoop-hdds-container-service/0.5.0-SNAPSHOT/hadoop-hdds-container-service-0.5.0-SNAPSHOT-tests.jar:/home/user/.m2/repository/org/yaml/snakeyaml/1.16/snakeyaml-1.16.jar:/home/user/.m2/repository/org/apache/hadoop/hadoop-common/3.2.0/hadoop-common-3.2.0-tests.jar:/home/user/.m2/repository/org/apache/hadoop/hadoop-annotations/3.2.0/hadoop-annotations-3.2.0.jar:/usr/lib/jvm/java-1.8-openjdk/jre/../lib/tools.jar:/home/user/.m2/repository/commons-cli/commons-cli/1.2/commons-cli-1.2.jar:/home/user/.m2/repository/org/apache/httpcomponents/httpclient/4.5.2/httpclient-4.5.2.jar:/home/user/.m2/repository/org/apache/httpcomponents/httpcore/4.4.4/httpcore-4.4.4.jar:/home/user/.m2/repository/commons-codec/commons-codec/1.11/commons-codec-1.11.jar:/home/user/.m2/repository/commons-net/commons-net/3.6/commons-net-3.6.jar:/home/user/.m2/repository/commons-collections/commons-collections/3.2.2/commons-collections-3.2.2.jar:/home/user/.m2/repository/org/eclipse/jetty/jetty-servlet/9.3.24.v20180605/jetty-servlet-9.3.24.v20180605.jar:/home/user/.m2/repository/org/eclipse/jetty/jetty-security/9.3.24.v20180605/jetty-security-9.3.24.v20180605.jar:/home/user/.m2/repository/javax/servlet/jsp/jsp-api/2.1/jsp-api-2.1.jar:/home/user/.m2/repository/com/sun/jersey/jersey-servlet/1.19/jersey-servlet-1.19.jar:/home/user/.m2/repository/com/sun/jersey/jersey-json/1.19/jersey-json-1.19.jar:/home/user/.m2/repository/org/codehaus/jettison/jettison/1.1/jettison-1.1.jar:/home/user/.m2/repository/org/codehaus/jackson/jackson-core-asl/1.9.13/jackson-core-asl-1.9.13.jar:/home/user/.m2/repository/org/codehaus/jackson/jackson-mapper-asl/1.9.13/jackson-mapper-asl-1.9.13.jar:/home/user/.m2/repository/org/codehaus/jackson/jackson-jaxrs/1.9.13/jackson-jaxrs-1.9.13.jar:/home/user/.m2/repository/org/codehaus/jackson/jackson-xc/1.9.13/jackson-xc-1.9.13.jar:/home/user/.m2/repository/commons-logging/commons-logging/1.1.3/commons-logging-1.1.3.jar:/home/user/.m2/repository/commons-beanutils/commons-beanutils/1.9.3/commons-beanutils-1.9.3.jar:/home/user/.m2/repository/org/apache/commons/commons-configuration2/2.1.1/commons-configuration2-2.1.1.jar:/home/user/.m2/repository/org/apache/commons/commons-lang3/3.7/commons-lang3-3.7.jar:/home/user/.m2/repository/org/apache/commons/commons-text/1.4/commons-text-1.4.jar:/home/user/.m2/repository/org/apache/avro/avro/1.7.7/avro-1.7.7.jar:/home/user/.m2/repository/com/thoughtworks/paranamer/paranamer/2.3/paranamer-2.3.jar:/home/user/.m2/repository/org/xerial/snappy/snappy-java/1.0.5/snappy-java-1.0.5.jar:/home/user/.m2/repository/com/google/re2j/re2j/1.1/re2j-1.1.jar:/home/user/.m2/repository/com/google/code/gson/gson/2.2.4/gson-2.2.4.jar:/home/user/.m2/repository/com/jcraft/jsch/0.1.54/jsch-0.1.54.jar:/home/user/.m2/repository/org/apache/curator/curator-client/2.12.0/curator-client-2.12.0.jar:/home/user/.m2/repository/org/apache/curator/curator-recipes/2.12.0/curator-recipes-2.12.0.jar:/home/user/.m2/repository/com/google/code/findbugs/jsr305/3.0.0/jsr305-3.0.0.jar:/home/user/.m2/repository/org/apache/htrace/htrace-core4/4.1.0-incubating/htrace-core4-4.1.0-incubating.jar:/home/user/.m2/repository/org/apache/zookeeper/zookeeper/3.4.13/zookeeper-3.4.13.jar:/home/user/.m2/repository/org/apache/yetus/audience-annotations/0.5.0/audience-annotations-0.5.0.jar:/home/user/.m2/repository/org/codehaus/woodstox/stax2-api/3.1.4/stax2-api-3.1.4.jar:/home/user/.m2/repository/com/fasterxml/woodstox/woodstox-core/5.0.3/woodstox-core-5.0.3.jar:/home/user/.m2/repository/dnsjava/dnsjava/2.1.7/dnsjava-2.1.7.jar:/home/user/.m2/repository/org/apache/hadoop/hadoop-hdfs/3.2.0/hadoop-hdfs-3.2.0-tests.jar:/home/user/.m2/repository/org/eclipse/jetty/jetty-util-ajax/9.3.24.v20180605/jetty-util-ajax-9.3.24.v20180605.jar:/home/user/.m2/repository/commons-daemon/commons-daemon/1.0.13/commons-daemon-1.0.13.jar:/home/user/.m2/repository/io/netty/netty/3.10.5.Final/netty-3.10.5.Final.jar:/home/user/.m2/repository/io/netty/netty-all/4.0.52.Final/netty-all-4.0.52.Final.jar:/home/user/.m2/repository/org/fusesource/leveldbjni/leveldbjni-all/1.8/leveldbjni-all-1.8.jar:"/>
    <property name="sun.cpu.endian" value="little"/>
    <property name="user.home" value="/home/user"/>
    <property name="user.language" value="en"/>
    <property name="java.specification.vendor" value="Oracle Corporation"/>
    <property name="java.home" value="/usr/lib/jvm/java-1.8-openjdk/jre"/>
    <property name="java.security.krb5.conf" value="/workdir/hadoop-ozone/integration-test/target/test-classes/krb5.conf"/>
    <property name="basedir" value="/workdir/hadoop-ozone/integration-test"/>
    <property name="file.separator" value="/"/>
    <property name="line.separator" value="&#10;"/>
    <property name="java.vm.specification.vendor" value="Oracle Corporation"/>
    <property name="java.specification.name" value="Java Platform API Specification"/>
    <property name="java.awt.graphicsenv" value="sun.awt.X11GraphicsEnvironment"/>
    <property name="surefire.real.class.path" value="/workdir/hadoop-ozone/integration-test/target/surefire/surefirebooter2226336328871842707.jar"/>
    <property name="hadoop.log.dir" value="/workdir/hadoop-ozone/integration-test/target/log"/>
    <property name="sun.boot.class.path" value="/usr/lib/jvm/java-1.8-openjdk/jre/lib/resources.jar:/usr/lib/jvm/java-1.8-openjdk/jre/lib/rt.jar:/usr/lib/jvm/java-1.8-openjdk/jre/lib/sunrsasign.jar:/usr/lib/jvm/java-1.8-openjdk/jre/lib/jsse.jar:/usr/lib/jvm/java-1.8-openjdk/jre/lib/jce.jar:/usr/lib/jvm/java-1.8-openjdk/jre/lib/charsets.jar:/usr/lib/jvm/java-1.8-openjdk/jre/lib/jfr.jar:/usr/lib/jvm/java-1.8-openjdk/jre/classes"/>
    <property name="sun.management.compiler" value="HotSpot 64-Bit Tiered Compilers"/>
    <property name="java.runtime.version" value="1.8.0_212-b04"/>
    <property name="java.net.preferIPv4Stack" value="true"/>
    <property name="user.name" value="jenkins1000"/>
    <property name="path.separator" value=":"/>
    <property name="java.security.egd" value="file:///dev/urandom"/>
    <property name="os.version" value="3.10.0-957.12.2.el7.x86_64"/>
    <property name="java.endorsed.dirs" value="/usr/lib/jvm/java-1.8-openjdk/jre/lib/endorsed"/>
    <property name="java.runtime.name" value="OpenJDK Runtime Environment"/>
    <property name="file.encoding" value="UTF-8"/>
    <property name="java.vm.name" value="OpenJDK 64-Bit Server VM"/>
    <property name="test.build.webapps" value=""/>
    <property name="localRepository" value="/home/user/.m2/repository"/>
    <property name="java.vendor.url.bug" value="https://icedtea.classpath.org/bugzilla"/>
    <property name="java.io.tmpdir" value="/tmp"/>
    <property name="require.test.libhadoop" value=""/>
    <property name="java.version" value="1.8.0_212"/>
    <property name="user.dir" value="/workdir/hadoop-ozone/integration-test"/>
    <property name="os.arch" value="amd64"/>
    <property name="java.vm.specification.name" value="Java Virtual Machine Specification"/>
    <property name="test.build.classes" value="/workdir/hadoop-ozone/integration-test/target/test-classes"/>
    <property name="java.awt.printerjob" value="sun.print.PSPrinterJob"/>
    <property name="sun.os.patch.level" value="unknown"/>
    <property name="hadoop.tmp.dir" value="/workdir/hadoop-ozone/integration-test/target/tmp"/>
    <property name="java.library.path" value="/usr/lib/jvm/java-1.8-openjdk/jre/lib/amd64/server:/usr/lib/jvm/java-1.8-openjdk/jre/lib/amd64:/usr/lib/jvm/java-1.8-openjdk/jre/../lib/amd64:/workdir/hadoop-ozone/integration-test/target/native/target/usr/local/lib:/workdir/hadoop-ozone/integration-test/../../hadoop-common-project/hadoop-common/target/native/target/usr/local/lib:/usr/java/packages/lib/amd64:/usr/lib64:/lib64:/lib:/usr/lib"/>
    <property name="java.vm.info" value="mixed mode"/>
    <property name="java.vendor" value="IcedTea"/>
    <property name="java.vm.version" value="25.212-b04"/>
    <property name="java.ext.dirs" value="/usr/lib/jvm/java-1.8-openjdk/jre/lib/ext:/usr/java/packages/lib/ext"/>
    <property name="sun.io.unicode.encoding" value="UnicodeLittle"/>
    <property name="java.class.version" value="52.0"/>
  </properties>
  <testcase name="testWatchForCommitWithKeyWrite" classname="org.apache.hadoop.ozone.client.rpc.TestWatchForCommit" time="58.669"/>
  <testcase name="testWatchForCommitWithSmallerTimeoutValue" classname="org.apache.hadoop.ozone.client.rpc.TestWatchForCommit" time="42.794"/>
  <testcase name="testWatchForCommitForRetryfailure" classname="org.apache.hadoop.ozone.client.rpc.TestWatchForCommit" time="73.92"/>
  <testcase name="testWatchForCommitForGroupMismatchException" classname="org.apache.hadoop.ozone.client.rpc.TestWatchForCommit" time="34.076"/>
  <testcase name="test2WayCommitForTimeoutException" classname="org.apache.hadoop.ozone.client.rpc.TestWatchForCommit" time="25.447">
    <error message="org.apache.ratis.protocol.RaftRetryFailureException: Failed RaftClientRequest:client-AB8411F847C2-&gt;a612795e-22d0-4c35-b04c-74664e93dea5@group-E34519B9C6E2, cid=103, seq=1*, RW, org.apache.hadoop.hdds.scm.XceiverClientRatis$$Lambda$419/1445384588@555938ed for 20 attempts with RetryLimited(maxAttempts=20, sleepTime=1000ms)" type="java.util.concurrent.ExecutionException">java.util.concurrent.ExecutionException: org.apache.ratis.protocol.RaftRetryFailureException: Failed RaftClientRequest:client-AB8411F847C2->a612795e-22d0-4c35-b04c-74664e93dea5@group-E34519B9C6E2, cid=103, seq=1*, RW, org.apache.hadoop.hdds.scm.XceiverClientRatis$$Lambda$419/1445384588@555938ed for 20 attempts with RetryLimited(maxAttempts=20, sleepTime=1000ms)
	at java.util.concurrent.CompletableFuture.reportGet(CompletableFuture.java:357)
	at java.util.concurrent.CompletableFuture.get(CompletableFuture.java:1895)
	at org.apache.hadoop.ozone.client.rpc.TestWatchForCommit.test2WayCommitForTimeoutException(TestWatchForCommit.java:384)
	at sun.reflect.NativeMethodAccessorImpl.invoke0(Native Method)
	at sun.reflect.NativeMethodAccessorImpl.invoke(NativeMethodAccessorImpl.java:62)
	at sun.reflect.DelegatingMethodAccessorImpl.invoke(DelegatingMethodAccessorImpl.java:43)
	at java.lang.reflect.Method.invoke(Method.java:498)
	at org.junit.runners.model.FrameworkMethod$1.runReflectiveCall(FrameworkMethod.java:47)
	at org.junit.internal.runners.model.ReflectiveCallable.run(ReflectiveCallable.java:12)
	at org.junit.runners.model.FrameworkMethod.invokeExplosively(FrameworkMethod.java:44)
	at org.junit.internal.runners.statements.InvokeMethod.evaluate(InvokeMethod.java:17)
	at org.junit.runners.ParentRunner.runLeaf(ParentRunner.java:271)
	at org.junit.runners.BlockJUnit4ClassRunner.runChild(BlockJUnit4ClassRunner.java:70)
	at org.junit.runners.BlockJUnit4ClassRunner.runChild(BlockJUnit4ClassRunner.java:50)
	at org.junit.runners.ParentRunner$3.run(ParentRunner.java:238)
	at org.junit.runners.ParentRunner$1.schedule(ParentRunner.java:63)
	at org.junit.runners.ParentRunner.runChildren(ParentRunner.java:236)
	at org.junit.runners.ParentRunner.access$000(ParentRunner.java:53)
	at org.junit.runners.ParentRunner$2.evaluate(ParentRunner.java:229)
	at org.junit.runners.ParentRunner.run(ParentRunner.java:309)
	at org.apache.maven.surefire.junit4.JUnit4Provider.execute(JUnit4Provider.java:365)
	at org.apache.maven.surefire.junit4.JUnit4Provider.executeWithRerun(JUnit4Provider.java:273)
	at org.apache.maven.surefire.junit4.JUnit4Provider.executeTestSet(JUnit4Provider.java:238)
	at org.apache.maven.surefire.junit4.JUnit4Provider.invoke(JUnit4Provider.java:159)
	at org.apache.maven.surefire.booter.ForkedBooter.invokeProviderInSameClassLoader(ForkedBooter.java:384)
	at org.apache.maven.surefire.booter.ForkedBooter.runSuitesInProcess(ForkedBooter.java:345)
	at org.apache.maven.surefire.booter.ForkedBooter.execute(ForkedBooter.java:126)
	at org.apache.maven.surefire.booter.ForkedBooter.main(ForkedBooter.java:418)
Caused by: org.apache.ratis.protocol.RaftRetryFailureException: Failed RaftClientRequest:client-AB8411F847C2->a612795e-22d0-4c35-b04c-74664e93dea5@group-E34519B9C6E2, cid=103, seq=1*, RW, org.apache.hadoop.hdds.scm.XceiverClientRatis$$Lambda$419/1445384588@555938ed for 20 attempts with RetryLimited(maxAttempts=20, sleepTime=1000ms)
	at org.apache.ratis.client.impl.RaftClientImpl.noMoreRetries(RaftClientImpl.java:271)
	at org.apache.ratis.client.impl.OrderedAsync.handleAsyncRetryFailure(OrderedAsync.java:138)
	at org.apache.ratis.client.impl.OrderedAsync.lambda$sendRequest$10(OrderedAsync.java:230)
	at java.util.concurrent.CompletableFuture.uniExceptionally(CompletableFuture.java:870)
	at java.util.concurrent.CompletableFuture$UniExceptionally.tryFire(CompletableFuture.java:852)
	at java.util.concurrent.CompletableFuture.postComplete(CompletableFuture.java:474)
	at java.util.concurrent.CompletableFuture.completeExceptionally(CompletableFuture.java:1977)
	at org.apache.ratis.grpc.client.GrpcClientProtocolClient$AsyncStreamObservers.completeReplyExceptionally(GrpcClientProtocolClient.java:339)
	at org.apache.ratis.grpc.client.GrpcClientProtocolClient$AsyncStreamObservers.access$000(GrpcClientProtocolClient.java:255)
	at org.apache.ratis.grpc.client.GrpcClientProtocolClient$AsyncStreamObservers$1.onNext(GrpcClientProtocolClient.java:267)
	at org.apache.ratis.grpc.client.GrpcClientProtocolClient$AsyncStreamObservers$1.onNext(GrpcClientProtocolClient.java:258)
	at org.apache.ratis.thirdparty.io.grpc.stub.ClientCalls$StreamObserverToCallListenerAdapter.onMessage(ClientCalls.java:421)
	at org.apache.ratis.thirdparty.io.grpc.ForwardingClientCallListener.onMessage(ForwardingClientCallListener.java:33)
	at org.apache.ratis.thirdparty.io.grpc.ForwardingClientCallListener.onMessage(ForwardingClientCallListener.java:33)
	at org.apache.ratis.thirdparty.io.grpc.internal.ClientCallImpl$ClientStreamListenerImpl$1MessagesAvailable.runInContext(ClientCallImpl.java:519)
	at org.apache.ratis.thirdparty.io.grpc.internal.ContextRunnable.run(ContextRunnable.java:37)
	at org.apache.ratis.thirdparty.io.grpc.internal.SerializingExecutor.run(SerializingExecutor.java:123)
	at java.util.concurrent.ThreadPoolExecutor.runWorker(ThreadPoolExecutor.java:1149)
	at java.util.concurrent.ThreadPoolExecutor$Worker.run(ThreadPoolExecutor.java:624)
	at java.lang.Thread.run(Thread.java:748)
Caused by: org.apache.ratis.protocol.NotLeaderException: Server a612795e-22d0-4c35-b04c-74664e93dea5@group-E34519B9C6E2 is not the leader
	at org.apache.ratis.client.impl.ClientProtoUtils.toRaftClientReply(ClientProtoUtils.java:243)
	at org.apache.ratis.grpc.client.GrpcClientProtocolClient$AsyncStreamObservers$1.onNext(GrpcClientProtocolClient.java:263)
	... 10 more
</error>
    <system-out><![CDATA[2019-09-18 13:27:25,790 [main] WARN  server.ServerUtils (ServerUtils.java:getScmDbDir(145)) - ozone.scm.db.dirs is not configured. We recommend adding this setting. Falling back to ozone.metadata.dirs instead.
2019-09-18 13:27:25,804 [main] WARN  server.ServerUtils (ServerUtils.java:getScmDbDir(145)) - ozone.scm.db.dirs is not configured. We recommend adding this setting. Falling back to ozone.metadata.dirs instead.
2019-09-18 13:27:25,804 [main] WARN  server.ServerUtils (ServerUtils.java:getScmDbDir(145)) - ozone.scm.db.dirs is not configured. We recommend adding this setting. Falling back to ozone.metadata.dirs instead.
2019-09-18 13:27:25,805 [main] INFO  db.DBStoreBuilder (DBStoreBuilder.java:addTable(110)) - using custom profile for table: deletedBlocks
2019-09-18 13:27:25,805 [main] INFO  db.DBStoreBuilder (DBStoreBuilder.java:processTables(161)) - Using default column profile:DBProfile.DISK for Table:deletedBlocks
2019-09-18 13:27:25,805 [main] INFO  db.DBStoreBuilder (DBStoreBuilder.java:addTable(110)) - using custom profile for table: validCerts
2019-09-18 13:27:25,805 [main] INFO  db.DBStoreBuilder (DBStoreBuilder.java:processTables(161)) - Using default column profile:DBProfile.DISK for Table:validCerts
2019-09-18 13:27:25,806 [main] INFO  db.DBStoreBuilder (DBStoreBuilder.java:addTable(110)) - using custom profile for table: revokedCerts
2019-09-18 13:27:25,806 [main] INFO  db.DBStoreBuilder (DBStoreBuilder.java:processTables(161)) - Using default column profile:DBProfile.DISK for Table:revokedCerts
2019-09-18 13:27:25,806 [main] INFO  db.DBStoreBuilder (DBStoreBuilder.java:addTable(110)) - using custom profile for table: default
2019-09-18 13:27:25,806 [main] INFO  db.DBStoreBuilder (DBStoreBuilder.java:processTables(167)) - Using default column profile:DBProfile.DISK for Table:default
2019-09-18 13:27:25,806 [main] INFO  db.DBStoreBuilder (DBStoreBuilder.java:getDbProfile(198)) - Using default options. DBProfile.DISK
2019-09-18 13:27:25,982 [main] INFO  net.NodeSchemaLoader (NodeSchemaLoader.java:loadSchemaFromFile(125)) - Loading file from sun.misc.CompoundEnumeration@14b528b6
2019-09-18 13:27:25,982 [main] INFO  net.NodeSchemaLoader (NodeSchemaLoader.java:loadSchema(171)) - Loading network topology layer schema file
2019-09-18 13:27:25,986 [main] WARN  server.ServerUtils (ServerUtils.java:sanitizeUserArgs(70)) - ozone.scm.stale.node.interval value = 300000 is larger than max = 100000 based on the key value of ozone.scm.heartbeat.thread.interval, reset to the max value 100000.
2019-09-18 13:27:25,986 [main] WARN  server.ServerUtils (ServerUtils.java:sanitizeUserArgs(70)) - ozone.scm.stale.node.interval value = 300000 is larger than max = 100000 based on the key value of ozone.scm.heartbeat.thread.interval, reset to the max value 100000.
2019-09-18 13:27:25,987 [main] INFO  node.SCMNodeManager (SCMNodeManager.java:<init>(114)) - Entering startup safe mode.
2019-09-18 13:27:25,987 [main] INFO  algorithms.ContainerPlacementPolicyFactory (ContainerPlacementPolicyFactory.java:getPolicy(57)) - Create container placement policy of type org.apache.hadoop.hdds.scm.container.placement.algorithms.SCMContainerPlacementRandom
2019-09-18 13:27:25,987 [main] WARN  server.ServerUtils (ServerUtils.java:getScmDbDir(145)) - ozone.scm.db.dirs is not configured. We recommend adding this setting. Falling back to ozone.metadata.dirs instead.
2019-09-18 13:27:26,048 [main] INFO  pipeline.SCMPipelineManager (SCMPipelineManager.java:initializePipelineState(128)) - No pipeline exists in current db
2019-09-18 13:27:26,048 [main] WARN  server.ServerUtils (ServerUtils.java:getScmDbDir(145)) - ozone.scm.db.dirs is not configured. We recommend adding this setting. Falling back to ozone.metadata.dirs instead.
2019-09-18 13:27:26,112 [main] WARN  events.EventQueue (EventQueue.java:fireEvent(183)) - No event handler registered for event TypedEvent{payloadType=SafeModeStatus, name='SafeModeStatus'}
2019-09-18 13:27:26,114 [main] INFO  ipc.CallQueueManager (CallQueueManager.java:<init>(84)) - Using callQueue: class java.util.concurrent.LinkedBlockingQueue, queueCapacity: 2000, scheduler: class org.apache.hadoop.ipc.DefaultRpcScheduler, ipcBackoff: false.
2019-09-18 13:27:26,115 [Socket Reader #1 for port 39447] INFO  ipc.Server (Server.java:run(1074)) - Starting Socket Reader #1 for port 39447
2019-09-18 13:27:26,117 [main] INFO  ipc.CallQueueManager (CallQueueManager.java:<init>(84)) - Using callQueue: class java.util.concurrent.LinkedBlockingQueue, queueCapacity: 2000, scheduler: class org.apache.hadoop.ipc.DefaultRpcScheduler, ipcBackoff: false.
2019-09-18 13:27:26,118 [Socket Reader #1 for port 40532] INFO  ipc.Server (Server.java:run(1074)) - Starting Socket Reader #1 for port 40532
2019-09-18 13:27:26,120 [main] INFO  ipc.CallQueueManager (CallQueueManager.java:<init>(84)) - Using callQueue: class java.util.concurrent.LinkedBlockingQueue, queueCapacity: 2000, scheduler: class org.apache.hadoop.ipc.DefaultRpcScheduler, ipcBackoff: false.
2019-09-18 13:27:26,120 [Socket Reader #1 for port 33843] INFO  ipc.Server (Server.java:run(1074)) - Starting Socket Reader #1 for port 33843
2019-09-18 13:27:26,123 [main] INFO  hdfs.DFSUtil (DFSUtil.java:httpServerTemplateForNNAndJN(1641)) - Starting Web-server for scm at: http://0.0.0.0:0
2019-09-18 13:27:26,125 [main] INFO  server.AuthenticationFilter (AuthenticationFilter.java:constructSecretProvider(240)) - Unable to initialize FileSignerSecretProvider, falling back to use random secrets.
2019-09-18 13:27:26,126 [main] WARN  http.HttpRequestLog (HttpRequestLog.java:getRequestLog(97)) - Jetty request log can only be enabled using Log4j
2019-09-18 13:27:26,128 [main] INFO  http.HttpServer2 (HttpServer2.java:addGlobalFilter(975)) - Added global filter 'safety' (class=org.apache.hadoop.http.HttpServer2$QuotingInputFilter)
2019-09-18 13:27:26,129 [main] INFO  http.HttpServer2 (HttpServer2.java:addFilter(948)) - Added filter static_user_filter (class=org.apache.hadoop.http.lib.StaticUserWebFilter$StaticUserFilter) to context scm
2019-09-18 13:27:26,129 [main] INFO  http.HttpServer2 (HttpServer2.java:addFilter(958)) - Added filter static_user_filter (class=org.apache.hadoop.http.lib.StaticUserWebFilter$StaticUserFilter) to context static
2019-09-18 13:27:26,129 [main] INFO  http.HttpServer2 (HttpServer2.java:addFilter(958)) - Added filter static_user_filter (class=org.apache.hadoop.http.lib.StaticUserWebFilter$StaticUserFilter) to context logs
2019-09-18 13:27:26,132 [main] INFO  server.StorageContainerManager (StorageContainerManager.java:start(763)) - StorageContainerLocationProtocol RPC server is listening at /0.0.0.0:33843
2019-09-18 13:27:26,134 [main] WARN  impl.MetricsConfig (MetricsConfig.java:loadFirst(134)) - Cannot locate configuration: tried hadoop-metrics2-storagecontainermanager.properties,hadoop-metrics2.properties
2019-09-18 13:27:26,135 [main] INFO  impl.MetricsSystemImpl (MetricsSystemImpl.java:startTimer(374)) - Scheduled Metric snapshot period at 10 second(s).
2019-09-18 13:27:26,135 [main] INFO  impl.MetricsSystemImpl (MetricsSystemImpl.java:start(191)) - StorageContainerManager metrics system started
2019-09-18 13:27:26,199 [main] WARN  impl.MetricsSystemImpl (MetricsSystemImpl.java:register(276)) - Sink prometheus already exists!
2019-09-18 13:27:26,270 [main] INFO  server.SCMClientProtocolServer (SCMClientProtocolServer.java:start(151)) - RPC server for Client  is listening at /0.0.0.0:33843
2019-09-18 13:27:26,271 [IPC Server Responder] INFO  ipc.Server (Server.java:run(1314)) - IPC Server Responder: starting
2019-09-18 13:27:26,271 [IPC Server listener on 33843] INFO  ipc.Server (Server.java:run(1153)) - IPC Server listener on 33843: starting
2019-09-18 13:27:26,276 [main] INFO  server.StorageContainerManager (StorageContainerManager.java:start(773)) - ScmBlockLocationProtocol RPC server is listening at /0.0.0.0:40532
2019-09-18 13:27:26,276 [main] INFO  server.SCMBlockProtocolServer (SCMBlockProtocolServer.java:start(146)) - RPC server for Block Protocol is listening at /0.0.0.0:40532
2019-09-18 13:27:26,276 [IPC Server Responder] INFO  ipc.Server (Server.java:run(1314)) - IPC Server Responder: starting
2019-09-18 13:27:26,276 [IPC Server listener on 40532] INFO  ipc.Server (Server.java:run(1153)) - IPC Server listener on 40532: starting
2019-09-18 13:27:26,281 [main] INFO  server.StorageContainerManager (StorageContainerManager.java:start(777)) - ScmDatanodeProtocl RPC server is listening at /0.0.0.0:39447
2019-09-18 13:27:26,281 [main] INFO  server.SCMDatanodeProtocolServer (SCMDatanodeProtocolServer.java:start(191)) - RPC server for DataNodes is listening at /0.0.0.0:39447
2019-09-18 13:27:26,282 [IPC Server Responder] INFO  ipc.Server (Server.java:run(1314)) - IPC Server Responder: starting
2019-09-18 13:27:26,282 [IPC Server listener on 39447] INFO  ipc.Server (Server.java:run(1153)) - IPC Server listener on 39447: starting
2019-09-18 13:27:26,288 [main] INFO  http.HttpServer2 (HttpServer2.java:bindListener(1191)) - Jetty bound to port 46195
2019-09-18 13:27:26,288 [main] INFO  server.Server (Server.java:doStart(351)) - jetty-9.3.24.v20180605, build timestamp: 2018-06-05T17:11:56Z, git hash: 84205aa28f11a4f31f2a3b86d1bba2cc8ab69827
2019-09-18 13:27:26,290 [main] INFO  handler.ContextHandler (ContextHandler.java:doStart(781)) - Started o.e.j.s.ServletContextHandler@2dd63e3{/logs,file:///workdir/hadoop-ozone/integration-test/target/log,AVAILABLE}
2019-09-18 13:27:26,290 [main] INFO  handler.ContextHandler (ContextHandler.java:doStart(781)) - Started o.e.j.s.ServletContextHandler@209f3887{/static,file:///workdir/hadoop-ozone/integration-test/target/test-classes/webapps/static,AVAILABLE}
2019-09-18 13:27:26,294 [main] INFO  handler.ContextHandler (ContextHandler.java:doStart(781)) - Started o.e.j.w.WebAppContext@102c18e{/,file:///workdir/hadoop-ozone/integration-test/target/test-classes/webapps/scm/,AVAILABLE}{/scm}
2019-09-18 13:27:26,294 [main] INFO  server.AbstractConnector (AbstractConnector.java:doStart(278)) - Started ServerConnector@26e0d39c{HTTP/1.1,[http/1.1]}{0.0.0.0:46195}
2019-09-18 13:27:26,295 [main] INFO  server.Server (Server.java:doStart(419)) - Started @210399ms
2019-09-18 13:27:26,296 [main] WARN  impl.MetricsSystemImpl (MetricsSystemImpl.java:register(276)) - Sink prometheus already exists!
2019-09-18 13:27:26,296 [main] INFO  server.BaseHttpServer (BaseHttpServer.java:updateConnectorAddress(215)) - HTTP server of SCM is listening at http://0.0.0.0:46195
2019-09-18 13:27:26,297 [main] WARN  server.ServerUtils (ServerUtils.java:getDBPath(222)) - ozone.om.db.dirs is not configured. We recommend adding this setting. Falling back to ozone.metadata.dirs instead.
2019-09-18 13:27:26,297 [org.apache.hadoop.util.JvmPauseMonitor$Monitor@3c7279a5] INFO  util.JvmPauseMonitor (JvmPauseMonitor.java:run(188)) - Starting JVM pause monitor
2019-09-18 13:27:26,312 [main] WARN  server.ServerUtils (ServerUtils.java:getDBPath(222)) - ozone.om.db.dirs is not configured. We recommend adding this setting. Falling back to ozone.metadata.dirs instead.
2019-09-18 13:27:26,312 [main] WARN  server.ServerUtils (ServerUtils.java:getDBPath(222)) - ozone.om.db.dirs is not configured. We recommend adding this setting. Falling back to ozone.metadata.dirs instead.
2019-09-18 13:27:26,312 [main] INFO  om.OzoneManager (OzoneManager.java:setOMNodeDetails(649)) - OM Service ID is not set. Setting it to the default ID: omServiceIdDefault
2019-09-18 13:27:26,313 [main] INFO  om.OzoneManager (OzoneManager.java:setOMNodeDetails(655)) - OM Node ID is not set. Setting it to the OmStorage's OmID: 050b5a7f-6583-41f9-bd9d-17a3a2f05228
2019-09-18 13:27:26,313 [main] INFO  om.OzoneManager (OzoneManager.java:loadOMHAConfigs(606)) - Found matching OM address with OMServiceId: null, OMNodeId: null, RPC Address: localhost:0 and Ratis port: 9872
2019-09-18 13:27:26,320 [main] WARN  server.ServerUtils (ServerUtils.java:getDBPath(222)) - ozone.om.db.dirs is not configured. We recommend adding this setting. Falling back to ozone.metadata.dirs instead.
2019-09-18 13:27:26,321 [main] INFO  db.DBStoreBuilder (DBStoreBuilder.java:addTable(110)) - using custom profile for table: userTable
2019-09-18 13:27:26,321 [main] INFO  db.DBStoreBuilder (DBStoreBuilder.java:processTables(161)) - Using default column profile:DBProfile.DISK for Table:userTable
2019-09-18 13:27:26,321 [main] INFO  db.DBStoreBuilder (DBStoreBuilder.java:addTable(110)) - using custom profile for table: volumeTable
2019-09-18 13:27:26,321 [main] INFO  db.DBStoreBuilder (DBStoreBuilder.java:processTables(161)) - Using default column profile:DBProfile.DISK for Table:volumeTable
2019-09-18 13:27:26,322 [main] INFO  db.DBStoreBuilder (DBStoreBuilder.java:addTable(110)) - using custom profile for table: bucketTable
2019-09-18 13:27:26,322 [main] INFO  db.DBStoreBuilder (DBStoreBuilder.java:processTables(161)) - Using default column profile:DBProfile.DISK for Table:bucketTable
2019-09-18 13:27:26,322 [main] INFO  db.DBStoreBuilder (DBStoreBuilder.java:addTable(110)) - using custom profile for table: keyTable
2019-09-18 13:27:26,322 [main] INFO  db.DBStoreBuilder (DBStoreBuilder.java:processTables(161)) - Using default column profile:DBProfile.DISK for Table:keyTable
2019-09-18 13:27:26,323 [main] INFO  db.DBStoreBuilder (DBStoreBuilder.java:addTable(110)) - using custom profile for table: deletedTable
2019-09-18 13:27:26,323 [main] INFO  db.DBStoreBuilder (DBStoreBuilder.java:processTables(161)) - Using default column profile:DBProfile.DISK for Table:deletedTable
2019-09-18 13:27:26,323 [main] INFO  db.DBStoreBuilder (DBStoreBuilder.java:addTable(110)) - using custom profile for table: openKeyTable
2019-09-18 13:27:26,323 [main] INFO  db.DBStoreBuilder (DBStoreBuilder.java:processTables(161)) - Using default column profile:DBProfile.DISK for Table:openKeyTable
2019-09-18 13:27:26,324 [main] INFO  db.DBStoreBuilder (DBStoreBuilder.java:addTable(110)) - using custom profile for table: s3Table
2019-09-18 13:27:26,324 [main] INFO  db.DBStoreBuilder (DBStoreBuilder.java:processTables(161)) - Using default column profile:DBProfile.DISK for Table:s3Table
2019-09-18 13:27:26,324 [main] INFO  db.DBStoreBuilder (DBStoreBuilder.java:addTable(110)) - using custom profile for table: multipartInfoTable
2019-09-18 13:27:26,324 [main] INFO  db.DBStoreBuilder (DBStoreBuilder.java:processTables(161)) - Using default column profile:DBProfile.DISK for Table:multipartInfoTable
2019-09-18 13:27:26,325 [main] INFO  db.DBStoreBuilder (DBStoreBuilder.java:addTable(110)) - using custom profile for table: dTokenTable
2019-09-18 13:27:26,325 [main] INFO  db.DBStoreBuilder (DBStoreBuilder.java:processTables(161)) - Using default column profile:DBProfile.DISK for Table:dTokenTable
2019-09-18 13:27:26,325 [main] INFO  db.DBStoreBuilder (DBStoreBuilder.java:addTable(110)) - using custom profile for table: s3SecretTable
2019-09-18 13:27:26,325 [main] INFO  db.DBStoreBuilder (DBStoreBuilder.java:processTables(161)) - Using default column profile:DBProfile.DISK for Table:s3SecretTable
2019-09-18 13:27:26,326 [main] INFO  db.DBStoreBuilder (DBStoreBuilder.java:addTable(110)) - using custom profile for table: prefixTable
2019-09-18 13:27:26,326 [main] INFO  db.DBStoreBuilder (DBStoreBuilder.java:processTables(161)) - Using default column profile:DBProfile.DISK for Table:prefixTable
2019-09-18 13:27:26,326 [main] INFO  db.DBStoreBuilder (DBStoreBuilder.java:addTable(110)) - using custom profile for table: default
2019-09-18 13:27:26,326 [main] INFO  db.DBStoreBuilder (DBStoreBuilder.java:processTables(167)) - Using default column profile:DBProfile.DISK for Table:default
2019-09-18 13:27:26,326 [main] INFO  db.DBStoreBuilder (DBStoreBuilder.java:getDbProfile(198)) - Using default options. DBProfile.DISK
2019-09-18 13:27:26,829 [main] INFO  ipc.CallQueueManager (CallQueueManager.java:<init>(84)) - Using callQueue: class java.util.concurrent.LinkedBlockingQueue, queueCapacity: 2000, scheduler: class org.apache.hadoop.ipc.DefaultRpcScheduler, ipcBackoff: false.
2019-09-18 13:27:26,830 [Socket Reader #1 for port 43017] INFO  ipc.Server (Server.java:run(1074)) - Starting Socket Reader #1 for port 43017
2019-09-18 13:27:26,843 [main] INFO  om.OzoneManager (OzoneManager.java:start(1240)) - OzoneManager RPC server is listening at localhost/127.0.0.1:43017
2019-09-18 13:27:26,843 [main] INFO  impl.MetricsSystemImpl (MetricsSystemImpl.java:init(158)) - OzoneManager metrics system started (again)
2019-09-18 13:27:26,843 [IPC Server Responder] INFO  ipc.Server (Server.java:run(1314)) - IPC Server Responder: starting
2019-09-18 13:27:26,845 [IPC Server listener on 43017] INFO  ipc.Server (Server.java:run(1153)) - IPC Server listener on 43017: starting
2019-09-18 13:27:26,850 [main] INFO  hdfs.DFSUtil (DFSUtil.java:httpServerTemplateForNNAndJN(1641)) - Starting Web-server for ozoneManager at: http://0.0.0.0:0
2019-09-18 13:27:26,852 [main] INFO  server.AuthenticationFilter (AuthenticationFilter.java:constructSecretProvider(240)) - Unable to initialize FileSignerSecretProvider, falling back to use random secrets.
2019-09-18 13:27:26,852 [main] WARN  http.HttpRequestLog (HttpRequestLog.java:getRequestLog(97)) - Jetty request log can only be enabled using Log4j
2019-09-18 13:27:26,854 [main] INFO  http.HttpServer2 (HttpServer2.java:addGlobalFilter(975)) - Added global filter 'safety' (class=org.apache.hadoop.http.HttpServer2$QuotingInputFilter)
2019-09-18 13:27:26,855 [main] INFO  http.HttpServer2 (HttpServer2.java:addFilter(948)) - Added filter static_user_filter (class=org.apache.hadoop.http.lib.StaticUserWebFilter$StaticUserFilter) to context ozoneManager
2019-09-18 13:27:26,855 [main] INFO  http.HttpServer2 (HttpServer2.java:addFilter(958)) - Added filter static_user_filter (class=org.apache.hadoop.http.lib.StaticUserWebFilter$StaticUserFilter) to context logs
2019-09-18 13:27:26,855 [main] INFO  http.HttpServer2 (HttpServer2.java:addFilter(958)) - Added filter static_user_filter (class=org.apache.hadoop.http.lib.StaticUserWebFilter$StaticUserFilter) to context static
2019-09-18 13:27:26,856 [main] INFO  http.HttpServer2 (HttpServer2.java:bindListener(1191)) - Jetty bound to port 45778
2019-09-18 13:27:26,857 [main] INFO  server.Server (Server.java:doStart(351)) - jetty-9.3.24.v20180605, build timestamp: 2018-06-05T17:11:56Z, git hash: 84205aa28f11a4f31f2a3b86d1bba2cc8ab69827
2019-09-18 13:27:26,859 [main] INFO  handler.ContextHandler (ContextHandler.java:doStart(781)) - Started o.e.j.s.ServletContextHandler@7a04f730{/logs,file:///workdir/hadoop-ozone/integration-test/target/log,AVAILABLE}
2019-09-18 13:27:26,859 [main] INFO  handler.ContextHandler (ContextHandler.java:doStart(781)) - Started o.e.j.s.ServletContextHandler@2fd1ad8a{/static,file:///workdir/hadoop-ozone/integration-test/target/test-classes/webapps/static,AVAILABLE}
2019-09-18 13:27:26,864 [main] INFO  handler.ContextHandler (ContextHandler.java:doStart(781)) - Started o.e.j.w.WebAppContext@21f7e537{/,file:///workdir/hadoop-ozone/integration-test/target/test-classes/webapps/ozoneManager/,AVAILABLE}{/ozoneManager}
2019-09-18 13:27:26,865 [main] INFO  server.AbstractConnector (AbstractConnector.java:doStart(278)) - Started ServerConnector@32ea16b7{HTTP/1.1,[http/1.1]}{0.0.0.0:45778}
2019-09-18 13:27:26,866 [main] INFO  server.Server (Server.java:doStart(419)) - Started @210970ms
2019-09-18 13:27:26,866 [main] WARN  impl.MetricsSystemImpl (MetricsSystemImpl.java:register(276)) - Sink prometheus already exists!
2019-09-18 13:27:26,867 [main] INFO  server.BaseHttpServer (BaseHttpServer.java:updateConnectorAddress(215)) - HTTP server of OZONEMANAGER is listening at http://0.0.0.0:45778
2019-09-18 13:27:26,879 [main] INFO  impl.MetricsSystemImpl (MetricsSystemImpl.java:init(158)) - HddsDatanode metrics system started (again)
2019-09-18 13:27:26,882 [main] INFO  ozone.HddsDatanodeService (HddsDatanodeService.java:start(184)) - HddsDatanodeService host:pr-hdds-2141-4zm8s-3863693661 ip:192.168.69.108
2019-09-18 13:27:26,888 [main] INFO  volume.HddsVolume (HddsVolume.java:<init>(176)) - Creating Volume: /workdir/hadoop-ozone/integration-test/target/test-dir/MiniOzoneClusterImpl-f2e8a8ee-9676-419b-87c2-1ce192a62e22/datanode-0/data/containers/hdds of  storage type : DISK and capacity : 1482555576320
2019-09-18 13:27:26,888 [main] INFO  volume.VolumeSet (VolumeSet.java:initializeVolumeSet(170)) - Added Volume : /workdir/hadoop-ozone/integration-test/target/test-dir/MiniOzoneClusterImpl-f2e8a8ee-9676-419b-87c2-1ce192a62e22/datanode-0/data/containers/hdds to VolumeSet
2019-09-18 13:27:26,888 [main] INFO  volume.ThrottledAsyncChecker (ThrottledAsyncChecker.java:schedule(139)) - Scheduling a check for org.apache.hadoop.ozone.container.common.volume.HddsVolume@4b9c411
2019-09-18 13:27:26,889 [main] INFO  volume.HddsVolumeChecker (HddsVolumeChecker.java:checkAllVolumes(202)) - Scheduled health check for volume org.apache.hadoop.ozone.container.common.volume.HddsVolume@4b9c411
2019-09-18 13:27:26,901 [main] INFO  impl.RaftServerProxy (ConfUtils.java:logGet(43)) - raft.rpc.type = GRPC (default)
2019-09-18 13:27:26,901 [main] INFO  grpc.GrpcFactory (GrpcFactory.java:checkPooledByteBufAllocatorUseCacheForAllThreads(45)) - PERFORMANCE WARNING: useCacheForAllThreads is true that may cause Netty to create a lot garbage objects and, as a result, trigger GC.
	It is recommended to disable useCacheForAllThreads by setting -Dorg.apache.ratis.thirdparty.io.netty.allocator.useCacheForAllThreads=false in command line.
2019-09-18 13:27:26,902 [main] INFO  grpc.GrpcConfigKeys$Server (ConfUtils.java:logGet(43)) - raft.grpc.server.port = 0 (default)
2019-09-18 13:27:26,902 [main] INFO  server.GrpcService (ConfUtils.java:logGet(43)) - raft.grpc.message.size.max = 33570816 (custom)
2019-09-18 13:27:26,902 [main] INFO  server.RaftServerConfigKeys (ConfUtils.java:logGet(43)) - raft.server.log.appender.buffer.byte-limit = 33554432 (custom)
2019-09-18 13:27:26,902 [main] INFO  server.GrpcService (ConfUtils.java:logGet(43)) - raft.grpc.flow.control.window = 1MB (=1048576) (default)
2019-09-18 13:27:26,902 [main] INFO  server.RaftServerConfigKeys (ConfUtils.java:logGet(43)) - raft.server.rpc.request.timeout = 3000ms (default)
2019-09-18 13:27:26,903 [main] INFO  server.RaftServerConfigKeys (ConfUtils.java:logGet(43)) - raft.server.storage.dir = [/workdir/hadoop-ozone/integration-test/target/test-dir/MiniOzoneClusterImpl-f2e8a8ee-9676-419b-87c2-1ce192a62e22/datanode-0/data/ratis] (custom)
2019-09-18 13:27:26,904 [main] INFO  hdfs.DFSUtil (DFSUtil.java:httpServerTemplateForNNAndJN(1641)) - Starting Web-server for hddsDatanode at: http://0.0.0.0:0
2019-09-18 13:27:26,906 [main] INFO  server.AuthenticationFilter (AuthenticationFilter.java:constructSecretProvider(240)) - Unable to initialize FileSignerSecretProvider, falling back to use random secrets.
2019-09-18 13:27:26,906 [main] WARN  http.HttpRequestLog (HttpRequestLog.java:getRequestLog(97)) - Jetty request log can only be enabled using Log4j
2019-09-18 13:27:26,907 [main] INFO  http.HttpServer2 (HttpServer2.java:addGlobalFilter(975)) - Added global filter 'safety' (class=org.apache.hadoop.http.HttpServer2$QuotingInputFilter)
2019-09-18 13:27:26,907 [main] INFO  http.HttpServer2 (HttpServer2.java:addFilter(948)) - Added filter static_user_filter (class=org.apache.hadoop.http.lib.StaticUserWebFilter$StaticUserFilter) to context hddsDatanode
2019-09-18 13:27:26,908 [main] INFO  http.HttpServer2 (HttpServer2.java:addFilter(958)) - Added filter static_user_filter (class=org.apache.hadoop.http.lib.StaticUserWebFilter$StaticUserFilter) to context static
2019-09-18 13:27:26,908 [main] INFO  http.HttpServer2 (HttpServer2.java:addFilter(958)) - Added filter static_user_filter (class=org.apache.hadoop.http.lib.StaticUserWebFilter$StaticUserFilter) to context logs
2019-09-18 13:27:26,908 [main] INFO  http.HttpServer2 (HttpServer2.java:bindListener(1191)) - Jetty bound to port 34551
2019-09-18 13:27:26,908 [main] INFO  server.Server (Server.java:doStart(351)) - jetty-9.3.24.v20180605, build timestamp: 2018-06-05T17:11:56Z, git hash: 84205aa28f11a4f31f2a3b86d1bba2cc8ab69827
2019-09-18 13:27:26,910 [main] INFO  handler.ContextHandler (ContextHandler.java:doStart(781)) - Started o.e.j.s.ServletContextHandler@3af10d0b{/logs,file:///workdir/hadoop-ozone/integration-test/target/log,AVAILABLE}
2019-09-18 13:27:26,910 [main] INFO  handler.ContextHandler (ContextHandler.java:doStart(781)) - Started o.e.j.s.ServletContextHandler@3c7b137a{/static,jar:file:/home/user/.m2/repository/org/apache/hadoop/hadoop-hdds-container-service/0.5.0-SNAPSHOT/hadoop-hdds-container-service-0.5.0-SNAPSHOT.jar!/webapps/static,AVAILABLE}
2019-09-18 13:27:26,937 [main] INFO  handler.ContextHandler (ContextHandler.java:doStart(781)) - Started o.e.j.w.WebAppContext@2bab618{/,file:///tmp/jetty-0.0.0.0-34551-hddsDatanode-_-any-4437462581156261008.dir/webapp/,AVAILABLE}{/hddsDatanode}
2019-09-18 13:27:26,938 [main] INFO  server.AbstractConnector (AbstractConnector.java:doStart(278)) - Started ServerConnector@48bc2fce{HTTP/1.1,[http/1.1]}{0.0.0.0:34551}
2019-09-18 13:27:26,939 [main] INFO  server.Server (Server.java:doStart(419)) - Started @211043ms
2019-09-18 13:27:26,939 [main] WARN  impl.MetricsSystemImpl (MetricsSystemImpl.java:register(276)) - Sink prometheus already exists!
2019-09-18 13:27:26,940 [main] INFO  server.BaseHttpServer (BaseHttpServer.java:updateConnectorAddress(215)) - HTTP server of HDDSDATANODE is listening at http://0.0.0.0:34551
2019-09-18 13:27:26,940 [main] INFO  impl.MetricsSystemImpl (MetricsSystemImpl.java:init(158)) - HddsDatanode metrics system started (again)
2019-09-18 13:27:26,943 [org.apache.hadoop.util.JvmPauseMonitor$Monitor@507985e1] INFO  util.JvmPauseMonitor (JvmPauseMonitor.java:run(188)) - Starting JVM pause monitor
2019-09-18 13:27:26,943 [main] INFO  ozone.HddsDatanodeService (HddsDatanodeService.java:start(184)) - HddsDatanodeService host:pr-hdds-2141-4zm8s-3863693661 ip:192.168.69.108
2019-09-18 13:27:26,947 [Datanode State Machine Thread - 0] INFO  datanode.InitDatanodeState (InitDatanodeState.java:persistContainerDatanodeDetails(140)) - DatanodeDetails is persisted to /workdir/hadoop-ozone/integration-test/target/test-dir/MiniOzoneClusterImpl-f2e8a8ee-9676-419b-87c2-1ce192a62e22/datanode-0/meta/datanode.id
2019-09-18 13:27:26,949 [main] INFO  volume.HddsVolume (HddsVolume.java:<init>(176)) - Creating Volume: /workdir/hadoop-ozone/integration-test/target/test-dir/MiniOzoneClusterImpl-f2e8a8ee-9676-419b-87c2-1ce192a62e22/datanode-1/data/containers/hdds of  storage type : DISK and capacity : 1482555576320
2019-09-18 13:27:26,950 [main] INFO  volume.VolumeSet (VolumeSet.java:initializeVolumeSet(170)) - Added Volume : /workdir/hadoop-ozone/integration-test/target/test-dir/MiniOzoneClusterImpl-f2e8a8ee-9676-419b-87c2-1ce192a62e22/datanode-1/data/containers/hdds to VolumeSet
2019-09-18 13:27:26,950 [main] INFO  volume.ThrottledAsyncChecker (ThrottledAsyncChecker.java:schedule(139)) - Scheduling a check for org.apache.hadoop.ozone.container.common.volume.HddsVolume@1b560eb0
2019-09-18 13:27:26,950 [main] INFO  volume.HddsVolumeChecker (HddsVolumeChecker.java:checkAllVolumes(202)) - Scheduled health check for volume org.apache.hadoop.ozone.container.common.volume.HddsVolume@1b560eb0
2019-09-18 13:27:26,963 [main] INFO  impl.RaftServerProxy (ConfUtils.java:logGet(43)) - raft.rpc.type = GRPC (default)
2019-09-18 13:27:26,963 [main] INFO  grpc.GrpcFactory (GrpcFactory.java:checkPooledByteBufAllocatorUseCacheForAllThreads(45)) - PERFORMANCE WARNING: useCacheForAllThreads is true that may cause Netty to create a lot garbage objects and, as a result, trigger GC.
	It is recommended to disable useCacheForAllThreads by setting -Dorg.apache.ratis.thirdparty.io.netty.allocator.useCacheForAllThreads=false in command line.
2019-09-18 13:27:26,964 [main] INFO  grpc.GrpcConfigKeys$Server (ConfUtils.java:logGet(43)) - raft.grpc.server.port = 0 (default)
2019-09-18 13:27:26,964 [main] INFO  server.GrpcService (ConfUtils.java:logGet(43)) - raft.grpc.message.size.max = 33570816 (custom)
2019-09-18 13:27:26,964 [main] INFO  server.RaftServerConfigKeys (ConfUtils.java:logGet(43)) - raft.server.log.appender.buffer.byte-limit = 33554432 (custom)
2019-09-18 13:27:26,964 [main] INFO  server.GrpcService (ConfUtils.java:logGet(43)) - raft.grpc.flow.control.window = 1MB (=1048576) (default)
2019-09-18 13:27:26,964 [main] INFO  server.RaftServerConfigKeys (ConfUtils.java:logGet(43)) - raft.server.rpc.request.timeout = 3000ms (default)
2019-09-18 13:27:26,965 [main] INFO  server.RaftServerConfigKeys (ConfUtils.java:logGet(43)) - raft.server.storage.dir = [/workdir/hadoop-ozone/integration-test/target/test-dir/MiniOzoneClusterImpl-f2e8a8ee-9676-419b-87c2-1ce192a62e22/datanode-1/data/ratis] (custom)
2019-09-18 13:27:26,966 [main] INFO  hdfs.DFSUtil (DFSUtil.java:httpServerTemplateForNNAndJN(1641)) - Starting Web-server for hddsDatanode at: http://0.0.0.0:0
2019-09-18 13:27:26,967 [main] INFO  server.AuthenticationFilter (AuthenticationFilter.java:constructSecretProvider(240)) - Unable to initialize FileSignerSecretProvider, falling back to use random secrets.
2019-09-18 13:27:26,967 [main] WARN  http.HttpRequestLog (HttpRequestLog.java:getRequestLog(97)) - Jetty request log can only be enabled using Log4j
2019-09-18 13:27:26,968 [main] INFO  http.HttpServer2 (HttpServer2.java:addGlobalFilter(975)) - Added global filter 'safety' (class=org.apache.hadoop.http.HttpServer2$QuotingInputFilter)
2019-09-18 13:27:26,969 [main] INFO  http.HttpServer2 (HttpServer2.java:addFilter(948)) - Added filter static_user_filter (class=org.apache.hadoop.http.lib.StaticUserWebFilter$StaticUserFilter) to context hddsDatanode
2019-09-18 13:27:26,969 [main] INFO  http.HttpServer2 (HttpServer2.java:addFilter(958)) - Added filter static_user_filter (class=org.apache.hadoop.http.lib.StaticUserWebFilter$StaticUserFilter) to context static
2019-09-18 13:27:26,969 [main] INFO  http.HttpServer2 (HttpServer2.java:addFilter(958)) - Added filter static_user_filter (class=org.apache.hadoop.http.lib.StaticUserWebFilter$StaticUserFilter) to context logs
2019-09-18 13:27:26,969 [main] INFO  http.HttpServer2 (HttpServer2.java:bindListener(1191)) - Jetty bound to port 34073
2019-09-18 13:27:26,970 [main] INFO  server.Server (Server.java:doStart(351)) - jetty-9.3.24.v20180605, build timestamp: 2018-06-05T17:11:56Z, git hash: 84205aa28f11a4f31f2a3b86d1bba2cc8ab69827
2019-09-18 13:27:26,971 [main] INFO  handler.ContextHandler (ContextHandler.java:doStart(781)) - Started o.e.j.s.ServletContextHandler@7b18658a{/logs,file:///workdir/hadoop-ozone/integration-test/target/log,AVAILABLE}
2019-09-18 13:27:26,971 [main] INFO  handler.ContextHandler (ContextHandler.java:doStart(781)) - Started o.e.j.s.ServletContextHandler@1a1f79ce{/static,jar:file:/home/user/.m2/repository/org/apache/hadoop/hadoop-hdds-container-service/0.5.0-SNAPSHOT/hadoop-hdds-container-service-0.5.0-SNAPSHOT.jar!/webapps/static,AVAILABLE}
2019-09-18 13:27:26,998 [main] INFO  handler.ContextHandler (ContextHandler.java:doStart(781)) - Started o.e.j.w.WebAppContext@2322e56f{/,file:///tmp/jetty-0.0.0.0-34073-hddsDatanode-_-any-6564898935462130890.dir/webapp/,AVAILABLE}{/hddsDatanode}
2019-09-18 13:27:26,998 [main] INFO  server.AbstractConnector (AbstractConnector.java:doStart(278)) - Started ServerConnector@35025a0a{HTTP/1.1,[http/1.1]}{0.0.0.0:34073}
2019-09-18 13:27:27,000 [main] INFO  server.Server (Server.java:doStart(419)) - Started @211104ms
2019-09-18 13:27:27,000 [main] WARN  impl.MetricsSystemImpl (MetricsSystemImpl.java:register(276)) - Sink prometheus already exists!
2019-09-18 13:27:27,001 [main] INFO  server.BaseHttpServer (BaseHttpServer.java:updateConnectorAddress(215)) - HTTP server of HDDSDATANODE is listening at http://0.0.0.0:34073
2019-09-18 13:27:27,001 [main] INFO  impl.MetricsSystemImpl (MetricsSystemImpl.java:init(158)) - HddsDatanode metrics system started (again)
2019-09-18 13:27:27,006 [org.apache.hadoop.util.JvmPauseMonitor$Monitor@45fcc240] INFO  util.JvmPauseMonitor (JvmPauseMonitor.java:run(188)) - Starting JVM pause monitor
2019-09-18 13:27:27,007 [main] INFO  ozone.HddsDatanodeService (HddsDatanodeService.java:start(184)) - HddsDatanodeService host:pr-hdds-2141-4zm8s-3863693661 ip:192.168.69.108
2019-09-18 13:27:27,007 [Datanode State Machine Thread - 0] INFO  datanode.InitDatanodeState (InitDatanodeState.java:persistContainerDatanodeDetails(140)) - DatanodeDetails is persisted to /workdir/hadoop-ozone/integration-test/target/test-dir/MiniOzoneClusterImpl-f2e8a8ee-9676-419b-87c2-1ce192a62e22/datanode-1/meta/datanode.id
2019-09-18 13:27:27,013 [main] INFO  volume.HddsVolume (HddsVolume.java:<init>(176)) - Creating Volume: /workdir/hadoop-ozone/integration-test/target/test-dir/MiniOzoneClusterImpl-f2e8a8ee-9676-419b-87c2-1ce192a62e22/datanode-2/data/containers/hdds of  storage type : DISK and capacity : 1482555576320
2019-09-18 13:27:27,014 [main] INFO  volume.VolumeSet (VolumeSet.java:initializeVolumeSet(170)) - Added Volume : /workdir/hadoop-ozone/integration-test/target/test-dir/MiniOzoneClusterImpl-f2e8a8ee-9676-419b-87c2-1ce192a62e22/datanode-2/data/containers/hdds to VolumeSet
2019-09-18 13:27:27,014 [main] INFO  volume.ThrottledAsyncChecker (ThrottledAsyncChecker.java:schedule(139)) - Scheduling a check for org.apache.hadoop.ozone.container.common.volume.HddsVolume@443a06ad
2019-09-18 13:27:27,014 [main] INFO  volume.HddsVolumeChecker (HddsVolumeChecker.java:checkAllVolumes(202)) - Scheduled health check for volume org.apache.hadoop.ozone.container.common.volume.HddsVolume@443a06ad
2019-09-18 13:27:27,033 [main] INFO  impl.RaftServerProxy (ConfUtils.java:logGet(43)) - raft.rpc.type = GRPC (default)
2019-09-18 13:27:27,033 [main] INFO  grpc.GrpcFactory (GrpcFactory.java:checkPooledByteBufAllocatorUseCacheForAllThreads(45)) - PERFORMANCE WARNING: useCacheForAllThreads is true that may cause Netty to create a lot garbage objects and, as a result, trigger GC.
	It is recommended to disable useCacheForAllThreads by setting -Dorg.apache.ratis.thirdparty.io.netty.allocator.useCacheForAllThreads=false in command line.
2019-09-18 13:27:27,034 [main] INFO  grpc.GrpcConfigKeys$Server (ConfUtils.java:logGet(43)) - raft.grpc.server.port = 0 (default)
2019-09-18 13:27:27,034 [main] INFO  server.GrpcService (ConfUtils.java:logGet(43)) - raft.grpc.message.size.max = 33570816 (custom)
2019-09-18 13:27:27,034 [main] INFO  server.RaftServerConfigKeys (ConfUtils.java:logGet(43)) - raft.server.log.appender.buffer.byte-limit = 33554432 (custom)
2019-09-18 13:27:27,034 [main] INFO  server.GrpcService (ConfUtils.java:logGet(43)) - raft.grpc.flow.control.window = 1MB (=1048576) (default)
2019-09-18 13:27:27,035 [main] INFO  server.RaftServerConfigKeys (ConfUtils.java:logGet(43)) - raft.server.rpc.request.timeout = 3000ms (default)
2019-09-18 13:27:27,035 [main] INFO  server.RaftServerConfigKeys (ConfUtils.java:logGet(43)) - raft.server.storage.dir = [/workdir/hadoop-ozone/integration-test/target/test-dir/MiniOzoneClusterImpl-f2e8a8ee-9676-419b-87c2-1ce192a62e22/datanode-2/data/ratis] (custom)
2019-09-18 13:27:27,037 [main] INFO  hdfs.DFSUtil (DFSUtil.java:httpServerTemplateForNNAndJN(1641)) - Starting Web-server for hddsDatanode at: http://0.0.0.0:0
2019-09-18 13:27:27,038 [main] INFO  server.AuthenticationFilter (AuthenticationFilter.java:constructSecretProvider(240)) - Unable to initialize FileSignerSecretProvider, falling back to use random secrets.
2019-09-18 13:27:27,038 [main] WARN  http.HttpRequestLog (HttpRequestLog.java:getRequestLog(97)) - Jetty request log can only be enabled using Log4j
2019-09-18 13:27:27,040 [main] INFO  http.HttpServer2 (HttpServer2.java:addGlobalFilter(975)) - Added global filter 'safety' (class=org.apache.hadoop.http.HttpServer2$QuotingInputFilter)
2019-09-18 13:27:27,041 [main] INFO  http.HttpServer2 (HttpServer2.java:addFilter(948)) - Added filter static_user_filter (class=org.apache.hadoop.http.lib.StaticUserWebFilter$StaticUserFilter) to context hddsDatanode
2019-09-18 13:27:27,041 [main] INFO  http.HttpServer2 (HttpServer2.java:addFilter(958)) - Added filter static_user_filter (class=org.apache.hadoop.http.lib.StaticUserWebFilter$StaticUserFilter) to context static
2019-09-18 13:27:27,041 [main] INFO  http.HttpServer2 (HttpServer2.java:addFilter(958)) - Added filter static_user_filter (class=org.apache.hadoop.http.lib.StaticUserWebFilter$StaticUserFilter) to context logs
2019-09-18 13:27:27,042 [main] INFO  http.HttpServer2 (HttpServer2.java:bindListener(1191)) - Jetty bound to port 40221
2019-09-18 13:27:27,042 [main] INFO  server.Server (Server.java:doStart(351)) - jetty-9.3.24.v20180605, build timestamp: 2018-06-05T17:11:56Z, git hash: 84205aa28f11a4f31f2a3b86d1bba2cc8ab69827
2019-09-18 13:27:27,044 [main] INFO  handler.ContextHandler (ContextHandler.java:doStart(781)) - Started o.e.j.s.ServletContextHandler@5d194314{/logs,file:///workdir/hadoop-ozone/integration-test/target/log,AVAILABLE}
2019-09-18 13:27:27,044 [main] INFO  handler.ContextHandler (ContextHandler.java:doStart(781)) - Started o.e.j.s.ServletContextHandler@637c840d{/static,jar:file:/home/user/.m2/repository/org/apache/hadoop/hadoop-hdds-container-service/0.5.0-SNAPSHOT/hadoop-hdds-container-service-0.5.0-SNAPSHOT.jar!/webapps/static,AVAILABLE}
2019-09-18 13:27:27,079 [main] INFO  handler.ContextHandler (ContextHandler.java:doStart(781)) - Started o.e.j.w.WebAppContext@38ac8968{/,file:///tmp/jetty-0.0.0.0-40221-hddsDatanode-_-any-5496126595653228335.dir/webapp/,AVAILABLE}{/hddsDatanode}
2019-09-18 13:27:27,080 [main] INFO  server.AbstractConnector (AbstractConnector.java:doStart(278)) - Started ServerConnector@17ff8810{HTTP/1.1,[http/1.1]}{0.0.0.0:40221}
2019-09-18 13:27:27,081 [main] INFO  server.Server (Server.java:doStart(419)) - Started @211185ms
2019-09-18 13:27:27,081 [main] WARN  impl.MetricsSystemImpl (MetricsSystemImpl.java:register(276)) - Sink prometheus already exists!
2019-09-18 13:27:27,082 [main] INFO  server.BaseHttpServer (BaseHttpServer.java:updateConnectorAddress(215)) - HTTP server of HDDSDATANODE is listening at http://0.0.0.0:40221
2019-09-18 13:27:27,082 [main] INFO  impl.MetricsSystemImpl (MetricsSystemImpl.java:init(158)) - HddsDatanode metrics system started (again)
2019-09-18 13:27:27,087 [org.apache.hadoop.util.JvmPauseMonitor$Monitor@7a556bb3] INFO  util.JvmPauseMonitor (JvmPauseMonitor.java:run(188)) - Starting JVM pause monitor
2019-09-18 13:27:27,087 [main] INFO  ozone.HddsDatanodeService (HddsDatanodeService.java:start(184)) - HddsDatanodeService host:pr-hdds-2141-4zm8s-3863693661 ip:192.168.69.108
2019-09-18 13:27:27,088 [Datanode State Machine Thread - 0] INFO  datanode.InitDatanodeState (InitDatanodeState.java:persistContainerDatanodeDetails(140)) - DatanodeDetails is persisted to /workdir/hadoop-ozone/integration-test/target/test-dir/MiniOzoneClusterImpl-f2e8a8ee-9676-419b-87c2-1ce192a62e22/datanode-2/meta/datanode.id
2019-09-18 13:27:27,094 [main] INFO  volume.HddsVolume (HddsVolume.java:<init>(176)) - Creating Volume: /workdir/hadoop-ozone/integration-test/target/test-dir/MiniOzoneClusterImpl-f2e8a8ee-9676-419b-87c2-1ce192a62e22/datanode-3/data/containers/hdds of  storage type : DISK and capacity : 1482555576320
2019-09-18 13:27:27,094 [main] INFO  volume.VolumeSet (VolumeSet.java:initializeVolumeSet(170)) - Added Volume : /workdir/hadoop-ozone/integration-test/target/test-dir/MiniOzoneClusterImpl-f2e8a8ee-9676-419b-87c2-1ce192a62e22/datanode-3/data/containers/hdds to VolumeSet
2019-09-18 13:27:27,094 [main] INFO  volume.ThrottledAsyncChecker (ThrottledAsyncChecker.java:schedule(139)) - Scheduling a check for org.apache.hadoop.ozone.container.common.volume.HddsVolume@6de7778f
2019-09-18 13:27:27,095 [main] INFO  volume.HddsVolumeChecker (HddsVolumeChecker.java:checkAllVolumes(202)) - Scheduled health check for volume org.apache.hadoop.ozone.container.common.volume.HddsVolume@6de7778f
2019-09-18 13:27:27,110 [main] INFO  impl.RaftServerProxy (ConfUtils.java:logGet(43)) - raft.rpc.type = GRPC (default)
2019-09-18 13:27:27,111 [main] INFO  grpc.GrpcFactory (GrpcFactory.java:checkPooledByteBufAllocatorUseCacheForAllThreads(45)) - PERFORMANCE WARNING: useCacheForAllThreads is true that may cause Netty to create a lot garbage objects and, as a result, trigger GC.
	It is recommended to disable useCacheForAllThreads by setting -Dorg.apache.ratis.thirdparty.io.netty.allocator.useCacheForAllThreads=false in command line.
2019-09-18 13:27:27,111 [main] INFO  grpc.GrpcConfigKeys$Server (ConfUtils.java:logGet(43)) - raft.grpc.server.port = 0 (default)
2019-09-18 13:27:27,111 [main] INFO  server.GrpcService (ConfUtils.java:logGet(43)) - raft.grpc.message.size.max = 33570816 (custom)
2019-09-18 13:27:27,111 [main] INFO  server.RaftServerConfigKeys (ConfUtils.java:logGet(43)) - raft.server.log.appender.buffer.byte-limit = 33554432 (custom)
2019-09-18 13:27:27,111 [main] INFO  server.GrpcService (ConfUtils.java:logGet(43)) - raft.grpc.flow.control.window = 1MB (=1048576) (default)
2019-09-18 13:27:27,111 [main] INFO  server.RaftServerConfigKeys (ConfUtils.java:logGet(43)) - raft.server.rpc.request.timeout = 3000ms (default)
2019-09-18 13:27:27,112 [main] INFO  server.RaftServerConfigKeys (ConfUtils.java:logGet(43)) - raft.server.storage.dir = [/workdir/hadoop-ozone/integration-test/target/test-dir/MiniOzoneClusterImpl-f2e8a8ee-9676-419b-87c2-1ce192a62e22/datanode-3/data/ratis] (custom)
2019-09-18 13:27:27,113 [main] INFO  hdfs.DFSUtil (DFSUtil.java:httpServerTemplateForNNAndJN(1641)) - Starting Web-server for hddsDatanode at: http://0.0.0.0:0
2019-09-18 13:27:27,115 [main] INFO  server.AuthenticationFilter (AuthenticationFilter.java:constructSecretProvider(240)) - Unable to initialize FileSignerSecretProvider, falling back to use random secrets.
2019-09-18 13:27:27,116 [main] WARN  http.HttpRequestLog (HttpRequestLog.java:getRequestLog(97)) - Jetty request log can only be enabled using Log4j
2019-09-18 13:27:27,118 [main] INFO  http.HttpServer2 (HttpServer2.java:addGlobalFilter(975)) - Added global filter 'safety' (class=org.apache.hadoop.http.HttpServer2$QuotingInputFilter)
2019-09-18 13:27:27,118 [main] INFO  http.HttpServer2 (HttpServer2.java:addFilter(948)) - Added filter static_user_filter (class=org.apache.hadoop.http.lib.StaticUserWebFilter$StaticUserFilter) to context hddsDatanode
2019-09-18 13:27:27,119 [main] INFO  http.HttpServer2 (HttpServer2.java:addFilter(958)) - Added filter static_user_filter (class=org.apache.hadoop.http.lib.StaticUserWebFilter$StaticUserFilter) to context static
2019-09-18 13:27:27,119 [main] INFO  http.HttpServer2 (HttpServer2.java:addFilter(958)) - Added filter static_user_filter (class=org.apache.hadoop.http.lib.StaticUserWebFilter$StaticUserFilter) to context logs
2019-09-18 13:27:27,120 [main] INFO  http.HttpServer2 (HttpServer2.java:bindListener(1191)) - Jetty bound to port 39560
2019-09-18 13:27:27,120 [main] INFO  server.Server (Server.java:doStart(351)) - jetty-9.3.24.v20180605, build timestamp: 2018-06-05T17:11:56Z, git hash: 84205aa28f11a4f31f2a3b86d1bba2cc8ab69827
2019-09-18 13:27:27,122 [main] INFO  handler.ContextHandler (ContextHandler.java:doStart(781)) - Started o.e.j.s.ServletContextHandler@3dfd6220{/logs,file:///workdir/hadoop-ozone/integration-test/target/log,AVAILABLE}
2019-09-18 13:27:27,123 [main] INFO  handler.ContextHandler (ContextHandler.java:doStart(781)) - Started o.e.j.s.ServletContextHandler@6de43bc1{/static,jar:file:/home/user/.m2/repository/org/apache/hadoop/hadoop-hdds-container-service/0.5.0-SNAPSHOT/hadoop-hdds-container-service-0.5.0-SNAPSHOT.jar!/webapps/static,AVAILABLE}
2019-09-18 13:27:27,164 [main] INFO  handler.ContextHandler (ContextHandler.java:doStart(781)) - Started o.e.j.w.WebAppContext@5a592c70{/,file:///tmp/jetty-0.0.0.0-39560-hddsDatanode-_-any-103287609723865850.dir/webapp/,AVAILABLE}{/hddsDatanode}
2019-09-18 13:27:27,164 [main] INFO  server.AbstractConnector (AbstractConnector.java:doStart(278)) - Started ServerConnector@252ec02e{HTTP/1.1,[http/1.1]}{0.0.0.0:39560}
2019-09-18 13:27:27,166 [main] INFO  server.Server (Server.java:doStart(419)) - Started @211270ms
2019-09-18 13:27:27,167 [main] WARN  impl.MetricsSystemImpl (MetricsSystemImpl.java:register(276)) - Sink prometheus already exists!
2019-09-18 13:27:27,167 [main] INFO  server.BaseHttpServer (BaseHttpServer.java:updateConnectorAddress(215)) - HTTP server of HDDSDATANODE is listening at http://0.0.0.0:39560
2019-09-18 13:27:27,168 [main] INFO  impl.MetricsSystemImpl (MetricsSystemImpl.java:init(158)) - HddsDatanode metrics system started (again)
2019-09-18 13:27:27,427 [org.apache.hadoop.util.JvmPauseMonitor$Monitor@7d6f5c9b] INFO  util.JvmPauseMonitor (JvmPauseMonitor.java:run(188)) - Starting JVM pause monitor
2019-09-18 13:27:27,490 [main] INFO  ozone.HddsDatanodeService (HddsDatanodeService.java:start(184)) - HddsDatanodeService host:pr-hdds-2141-4zm8s-3863693661 ip:192.168.69.108
2019-09-18 13:27:27,494 [Datanode State Machine Thread - 0] INFO  datanode.InitDatanodeState (InitDatanodeState.java:persistContainerDatanodeDetails(140)) - DatanodeDetails is persisted to /workdir/hadoop-ozone/integration-test/target/test-dir/MiniOzoneClusterImpl-f2e8a8ee-9676-419b-87c2-1ce192a62e22/datanode-3/meta/datanode.id
2019-09-18 13:27:27,527 [main] INFO  volume.HddsVolume (HddsVolume.java:<init>(176)) - Creating Volume: /workdir/hadoop-ozone/integration-test/target/test-dir/MiniOzoneClusterImpl-f2e8a8ee-9676-419b-87c2-1ce192a62e22/datanode-4/data/containers/hdds of  storage type : DISK and capacity : 1482555576320
2019-09-18 13:27:27,527 [main] INFO  volume.VolumeSet (VolumeSet.java:initializeVolumeSet(170)) - Added Volume : /workdir/hadoop-ozone/integration-test/target/test-dir/MiniOzoneClusterImpl-f2e8a8ee-9676-419b-87c2-1ce192a62e22/datanode-4/data/containers/hdds to VolumeSet
2019-09-18 13:27:27,528 [main] INFO  volume.ThrottledAsyncChecker (ThrottledAsyncChecker.java:schedule(139)) - Scheduling a check for org.apache.hadoop.ozone.container.common.volume.HddsVolume@30abf79c
2019-09-18 13:27:27,528 [main] INFO  volume.HddsVolumeChecker (HddsVolumeChecker.java:checkAllVolumes(202)) - Scheduled health check for volume org.apache.hadoop.ozone.container.common.volume.HddsVolume@30abf79c
2019-09-18 13:27:27,541 [main] INFO  impl.RaftServerProxy (ConfUtils.java:logGet(43)) - raft.rpc.type = GRPC (default)
2019-09-18 13:27:27,542 [main] INFO  grpc.GrpcFactory (GrpcFactory.java:checkPooledByteBufAllocatorUseCacheForAllThreads(45)) - PERFORMANCE WARNING: useCacheForAllThreads is true that may cause Netty to create a lot garbage objects and, as a result, trigger GC.
	It is recommended to disable useCacheForAllThreads by setting -Dorg.apache.ratis.thirdparty.io.netty.allocator.useCacheForAllThreads=false in command line.
2019-09-18 13:27:27,542 [main] INFO  grpc.GrpcConfigKeys$Server (ConfUtils.java:logGet(43)) - raft.grpc.server.port = 0 (default)
2019-09-18 13:27:27,542 [main] INFO  server.GrpcService (ConfUtils.java:logGet(43)) - raft.grpc.message.size.max = 33570816 (custom)
2019-09-18 13:27:27,542 [main] INFO  server.RaftServerConfigKeys (ConfUtils.java:logGet(43)) - raft.server.log.appender.buffer.byte-limit = 33554432 (custom)
2019-09-18 13:27:27,542 [main] INFO  server.GrpcService (ConfUtils.java:logGet(43)) - raft.grpc.flow.control.window = 1MB (=1048576) (default)
2019-09-18 13:27:27,543 [main] INFO  server.RaftServerConfigKeys (ConfUtils.java:logGet(43)) - raft.server.rpc.request.timeout = 3000ms (default)
2019-09-18 13:27:27,543 [main] INFO  server.RaftServerConfigKeys (ConfUtils.java:logGet(43)) - raft.server.storage.dir = [/workdir/hadoop-ozone/integration-test/target/test-dir/MiniOzoneClusterImpl-f2e8a8ee-9676-419b-87c2-1ce192a62e22/datanode-4/data/ratis] (custom)
2019-09-18 13:27:27,544 [main] INFO  hdfs.DFSUtil (DFSUtil.java:httpServerTemplateForNNAndJN(1641)) - Starting Web-server for hddsDatanode at: http://0.0.0.0:0
2019-09-18 13:27:27,546 [main] INFO  server.AuthenticationFilter (AuthenticationFilter.java:constructSecretProvider(240)) - Unable to initialize FileSignerSecretProvider, falling back to use random secrets.
2019-09-18 13:27:27,546 [main] WARN  http.HttpRequestLog (HttpRequestLog.java:getRequestLog(97)) - Jetty request log can only be enabled using Log4j
2019-09-18 13:27:27,547 [main] INFO  http.HttpServer2 (HttpServer2.java:addGlobalFilter(975)) - Added global filter 'safety' (class=org.apache.hadoop.http.HttpServer2$QuotingInputFilter)
2019-09-18 13:27:27,548 [main] INFO  http.HttpServer2 (HttpServer2.java:addFilter(948)) - Added filter static_user_filter (class=org.apache.hadoop.http.lib.StaticUserWebFilter$StaticUserFilter) to context hddsDatanode
2019-09-18 13:27:27,548 [main] INFO  http.HttpServer2 (HttpServer2.java:addFilter(958)) - Added filter static_user_filter (class=org.apache.hadoop.http.lib.StaticUserWebFilter$StaticUserFilter) to context logs
2019-09-18 13:27:27,548 [main] INFO  http.HttpServer2 (HttpServer2.java:addFilter(958)) - Added filter static_user_filter (class=org.apache.hadoop.http.lib.StaticUserWebFilter$StaticUserFilter) to context static
2019-09-18 13:27:27,549 [main] INFO  http.HttpServer2 (HttpServer2.java:bindListener(1191)) - Jetty bound to port 42433
2019-09-18 13:27:27,549 [main] INFO  server.Server (Server.java:doStart(351)) - jetty-9.3.24.v20180605, build timestamp: 2018-06-05T17:11:56Z, git hash: 84205aa28f11a4f31f2a3b86d1bba2cc8ab69827
2019-09-18 13:27:27,551 [main] INFO  handler.ContextHandler (ContextHandler.java:doStart(781)) - Started o.e.j.s.ServletContextHandler@2801827a{/logs,file:///workdir/hadoop-ozone/integration-test/target/log,AVAILABLE}
2019-09-18 13:27:27,551 [main] INFO  handler.ContextHandler (ContextHandler.java:doStart(781)) - Started o.e.j.s.ServletContextHandler@599f1b7{/static,jar:file:/home/user/.m2/repository/org/apache/hadoop/hadoop-hdds-container-service/0.5.0-SNAPSHOT/hadoop-hdds-container-service-0.5.0-SNAPSHOT.jar!/webapps/static,AVAILABLE}
2019-09-18 13:27:27,579 [main] INFO  handler.ContextHandler (ContextHandler.java:doStart(781)) - Started o.e.j.w.WebAppContext@6b1321b7{/,file:///tmp/jetty-0.0.0.0-42433-hddsDatanode-_-any-3352013411230507900.dir/webapp/,AVAILABLE}{/hddsDatanode}
2019-09-18 13:27:27,579 [main] INFO  server.AbstractConnector (AbstractConnector.java:doStart(278)) - Started ServerConnector@342ee097{HTTP/1.1,[http/1.1]}{0.0.0.0:42433}
2019-09-18 13:27:27,581 [main] INFO  server.Server (Server.java:doStart(419)) - Started @211684ms
2019-09-18 13:27:27,581 [main] WARN  impl.MetricsSystemImpl (MetricsSystemImpl.java:register(276)) - Sink prometheus already exists!
2019-09-18 13:27:27,582 [main] INFO  server.BaseHttpServer (BaseHttpServer.java:updateConnectorAddress(215)) - HTTP server of HDDSDATANODE is listening at http://0.0.0.0:42433
2019-09-18 13:27:27,582 [main] INFO  impl.MetricsSystemImpl (MetricsSystemImpl.java:init(158)) - HddsDatanode metrics system started (again)
2019-09-18 13:27:27,586 [org.apache.hadoop.util.JvmPauseMonitor$Monitor@72603151] INFO  util.JvmPauseMonitor (JvmPauseMonitor.java:run(188)) - Starting JVM pause monitor
2019-09-18 13:27:27,587 [main] INFO  ozone.HddsDatanodeService (HddsDatanodeService.java:start(184)) - HddsDatanodeService host:pr-hdds-2141-4zm8s-3863693661 ip:192.168.69.108
2019-09-18 13:27:27,588 [Datanode State Machine Thread - 0] INFO  datanode.InitDatanodeState (InitDatanodeState.java:persistContainerDatanodeDetails(140)) - DatanodeDetails is persisted to /workdir/hadoop-ozone/integration-test/target/test-dir/MiniOzoneClusterImpl-f2e8a8ee-9676-419b-87c2-1ce192a62e22/datanode-4/meta/datanode.id
2019-09-18 13:27:27,593 [main] INFO  volume.HddsVolume (HddsVolume.java:<init>(176)) - Creating Volume: /workdir/hadoop-ozone/integration-test/target/test-dir/MiniOzoneClusterImpl-f2e8a8ee-9676-419b-87c2-1ce192a62e22/datanode-5/data/containers/hdds of  storage type : DISK and capacity : 1482555576320
2019-09-18 13:27:27,593 [main] INFO  volume.VolumeSet (VolumeSet.java:initializeVolumeSet(170)) - Added Volume : /workdir/hadoop-ozone/integration-test/target/test-dir/MiniOzoneClusterImpl-f2e8a8ee-9676-419b-87c2-1ce192a62e22/datanode-5/data/containers/hdds to VolumeSet
2019-09-18 13:27:27,593 [main] INFO  volume.ThrottledAsyncChecker (ThrottledAsyncChecker.java:schedule(139)) - Scheduling a check for org.apache.hadoop.ozone.container.common.volume.HddsVolume@2b6fb197
2019-09-18 13:27:27,594 [main] INFO  volume.HddsVolumeChecker (HddsVolumeChecker.java:checkAllVolumes(202)) - Scheduled health check for volume org.apache.hadoop.ozone.container.common.volume.HddsVolume@2b6fb197
2019-09-18 13:27:27,605 [main] INFO  impl.RaftServerProxy (ConfUtils.java:logGet(43)) - raft.rpc.type = GRPC (default)
2019-09-18 13:27:27,605 [main] INFO  grpc.GrpcFactory (GrpcFactory.java:checkPooledByteBufAllocatorUseCacheForAllThreads(45)) - PERFORMANCE WARNING: useCacheForAllThreads is true that may cause Netty to create a lot garbage objects and, as a result, trigger GC.
	It is recommended to disable useCacheForAllThreads by setting -Dorg.apache.ratis.thirdparty.io.netty.allocator.useCacheForAllThreads=false in command line.
2019-09-18 13:27:27,606 [main] INFO  grpc.GrpcConfigKeys$Server (ConfUtils.java:logGet(43)) - raft.grpc.server.port = 0 (default)
2019-09-18 13:27:27,606 [main] INFO  server.GrpcService (ConfUtils.java:logGet(43)) - raft.grpc.message.size.max = 33570816 (custom)
2019-09-18 13:27:27,606 [main] INFO  server.RaftServerConfigKeys (ConfUtils.java:logGet(43)) - raft.server.log.appender.buffer.byte-limit = 33554432 (custom)
2019-09-18 13:27:27,606 [main] INFO  server.GrpcService (ConfUtils.java:logGet(43)) - raft.grpc.flow.control.window = 1MB (=1048576) (default)
2019-09-18 13:27:27,606 [main] INFO  server.RaftServerConfigKeys (ConfUtils.java:logGet(43)) - raft.server.rpc.request.timeout = 3000ms (default)
2019-09-18 13:27:27,607 [main] INFO  server.RaftServerConfigKeys (ConfUtils.java:logGet(43)) - raft.server.storage.dir = [/workdir/hadoop-ozone/integration-test/target/test-dir/MiniOzoneClusterImpl-f2e8a8ee-9676-419b-87c2-1ce192a62e22/datanode-5/data/ratis] (custom)
2019-09-18 13:27:27,608 [main] INFO  hdfs.DFSUtil (DFSUtil.java:httpServerTemplateForNNAndJN(1641)) - Starting Web-server for hddsDatanode at: http://0.0.0.0:0
2019-09-18 13:27:27,609 [main] INFO  server.AuthenticationFilter (AuthenticationFilter.java:constructSecretProvider(240)) - Unable to initialize FileSignerSecretProvider, falling back to use random secrets.
2019-09-18 13:27:27,610 [main] WARN  http.HttpRequestLog (HttpRequestLog.java:getRequestLog(97)) - Jetty request log can only be enabled using Log4j
2019-09-18 13:27:27,611 [main] INFO  http.HttpServer2 (HttpServer2.java:addGlobalFilter(975)) - Added global filter 'safety' (class=org.apache.hadoop.http.HttpServer2$QuotingInputFilter)
2019-09-18 13:27:27,612 [main] INFO  http.HttpServer2 (HttpServer2.java:addFilter(948)) - Added filter static_user_filter (class=org.apache.hadoop.http.lib.StaticUserWebFilter$StaticUserFilter) to context hddsDatanode
2019-09-18 13:27:27,612 [main] INFO  http.HttpServer2 (HttpServer2.java:addFilter(958)) - Added filter static_user_filter (class=org.apache.hadoop.http.lib.StaticUserWebFilter$StaticUserFilter) to context static
2019-09-18 13:27:27,612 [main] INFO  http.HttpServer2 (HttpServer2.java:addFilter(958)) - Added filter static_user_filter (class=org.apache.hadoop.http.lib.StaticUserWebFilter$StaticUserFilter) to context logs
2019-09-18 13:27:27,613 [main] INFO  http.HttpServer2 (HttpServer2.java:bindListener(1191)) - Jetty bound to port 34860
2019-09-18 13:27:27,613 [main] INFO  server.Server (Server.java:doStart(351)) - jetty-9.3.24.v20180605, build timestamp: 2018-06-05T17:11:56Z, git hash: 84205aa28f11a4f31f2a3b86d1bba2cc8ab69827
2019-09-18 13:27:27,615 [main] INFO  handler.ContextHandler (ContextHandler.java:doStart(781)) - Started o.e.j.s.ServletContextHandler@6c835217{/logs,file:///workdir/hadoop-ozone/integration-test/target/log,AVAILABLE}
2019-09-18 13:27:27,615 [main] INFO  handler.ContextHandler (ContextHandler.java:doStart(781)) - Started o.e.j.s.ServletContextHandler@51888019{/static,jar:file:/home/user/.m2/repository/org/apache/hadoop/hadoop-hdds-container-service/0.5.0-SNAPSHOT/hadoop-hdds-container-service-0.5.0-SNAPSHOT.jar!/webapps/static,AVAILABLE}
2019-09-18 13:27:27,652 [main] INFO  handler.ContextHandler (ContextHandler.java:doStart(781)) - Started o.e.j.w.WebAppContext@3e14d390{/,file:///tmp/jetty-0.0.0.0-34860-hddsDatanode-_-any-3901474697570158963.dir/webapp/,AVAILABLE}{/hddsDatanode}
2019-09-18 13:27:27,653 [main] INFO  server.AbstractConnector (AbstractConnector.java:doStart(278)) - Started ServerConnector@5eb87338{HTTP/1.1,[http/1.1]}{0.0.0.0:34860}
2019-09-18 13:27:27,655 [main] INFO  server.Server (Server.java:doStart(419)) - Started @211758ms
2019-09-18 13:27:27,655 [main] WARN  impl.MetricsSystemImpl (MetricsSystemImpl.java:register(276)) - Sink prometheus already exists!
2019-09-18 13:27:27,656 [main] INFO  server.BaseHttpServer (BaseHttpServer.java:updateConnectorAddress(215)) - HTTP server of HDDSDATANODE is listening at http://0.0.0.0:34860
2019-09-18 13:27:27,656 [main] INFO  impl.MetricsSystemImpl (MetricsSystemImpl.java:init(158)) - HddsDatanode metrics system started (again)
2019-09-18 13:27:27,662 [org.apache.hadoop.util.JvmPauseMonitor$Monitor@278045fd] INFO  util.JvmPauseMonitor (JvmPauseMonitor.java:run(188)) - Starting JVM pause monitor
2019-09-18 13:27:27,663 [main] INFO  ozone.HddsDatanodeService (HddsDatanodeService.java:start(184)) - HddsDatanodeService host:pr-hdds-2141-4zm8s-3863693661 ip:192.168.69.108
2019-09-18 13:27:27,664 [Datanode State Machine Thread - 0] INFO  datanode.InitDatanodeState (InitDatanodeState.java:persistContainerDatanodeDetails(140)) - DatanodeDetails is persisted to /workdir/hadoop-ozone/integration-test/target/test-dir/MiniOzoneClusterImpl-f2e8a8ee-9676-419b-87c2-1ce192a62e22/datanode-5/meta/datanode.id
2019-09-18 13:27:27,671 [main] INFO  volume.HddsVolume (HddsVolume.java:<init>(176)) - Creating Volume: /workdir/hadoop-ozone/integration-test/target/test-dir/MiniOzoneClusterImpl-f2e8a8ee-9676-419b-87c2-1ce192a62e22/datanode-6/data/containers/hdds of  storage type : DISK and capacity : 1482555576320
2019-09-18 13:27:27,671 [main] INFO  volume.VolumeSet (VolumeSet.java:initializeVolumeSet(170)) - Added Volume : /workdir/hadoop-ozone/integration-test/target/test-dir/MiniOzoneClusterImpl-f2e8a8ee-9676-419b-87c2-1ce192a62e22/datanode-6/data/containers/hdds to VolumeSet
2019-09-18 13:27:27,672 [main] INFO  volume.ThrottledAsyncChecker (ThrottledAsyncChecker.java:schedule(139)) - Scheduling a check for org.apache.hadoop.ozone.container.common.volume.HddsVolume@4fd74223
2019-09-18 13:27:27,672 [main] INFO  volume.HddsVolumeChecker (HddsVolumeChecker.java:checkAllVolumes(202)) - Scheduled health check for volume org.apache.hadoop.ozone.container.common.volume.HddsVolume@4fd74223
2019-09-18 13:27:27,691 [main] INFO  impl.RaftServerProxy (ConfUtils.java:logGet(43)) - raft.rpc.type = GRPC (default)
2019-09-18 13:27:27,692 [main] INFO  grpc.GrpcFactory (GrpcFactory.java:checkPooledByteBufAllocatorUseCacheForAllThreads(45)) - PERFORMANCE WARNING: useCacheForAllThreads is true that may cause Netty to create a lot garbage objects and, as a result, trigger GC.
	It is recommended to disable useCacheForAllThreads by setting -Dorg.apache.ratis.thirdparty.io.netty.allocator.useCacheForAllThreads=false in command line.
2019-09-18 13:27:27,692 [main] INFO  grpc.GrpcConfigKeys$Server (ConfUtils.java:logGet(43)) - raft.grpc.server.port = 0 (default)
2019-09-18 13:27:27,692 [main] INFO  server.GrpcService (ConfUtils.java:logGet(43)) - raft.grpc.message.size.max = 33570816 (custom)
2019-09-18 13:27:27,692 [main] INFO  server.RaftServerConfigKeys (ConfUtils.java:logGet(43)) - raft.server.log.appender.buffer.byte-limit = 33554432 (custom)
2019-09-18 13:27:27,693 [main] INFO  server.GrpcService (ConfUtils.java:logGet(43)) - raft.grpc.flow.control.window = 1MB (=1048576) (default)
2019-09-18 13:27:27,693 [main] INFO  server.RaftServerConfigKeys (ConfUtils.java:logGet(43)) - raft.server.rpc.request.timeout = 3000ms (default)
2019-09-18 13:27:27,693 [main] INFO  server.RaftServerConfigKeys (ConfUtils.java:logGet(43)) - raft.server.storage.dir = [/workdir/hadoop-ozone/integration-test/target/test-dir/MiniOzoneClusterImpl-f2e8a8ee-9676-419b-87c2-1ce192a62e22/datanode-6/data/ratis] (custom)
2019-09-18 13:27:27,695 [main] INFO  hdfs.DFSUtil (DFSUtil.java:httpServerTemplateForNNAndJN(1641)) - Starting Web-server for hddsDatanode at: http://0.0.0.0:0
2019-09-18 13:27:27,696 [main] INFO  server.AuthenticationFilter (AuthenticationFilter.java:constructSecretProvider(240)) - Unable to initialize FileSignerSecretProvider, falling back to use random secrets.
2019-09-18 13:27:27,697 [main] WARN  http.HttpRequestLog (HttpRequestLog.java:getRequestLog(97)) - Jetty request log can only be enabled using Log4j
2019-09-18 13:27:27,698 [main] INFO  http.HttpServer2 (HttpServer2.java:addGlobalFilter(975)) - Added global filter 'safety' (class=org.apache.hadoop.http.HttpServer2$QuotingInputFilter)
2019-09-18 13:27:27,699 [main] INFO  http.HttpServer2 (HttpServer2.java:addFilter(948)) - Added filter static_user_filter (class=org.apache.hadoop.http.lib.StaticUserWebFilter$StaticUserFilter) to context hddsDatanode
2019-09-18 13:27:27,699 [main] INFO  http.HttpServer2 (HttpServer2.java:addFilter(958)) - Added filter static_user_filter (class=org.apache.hadoop.http.lib.StaticUserWebFilter$StaticUserFilter) to context logs
2019-09-18 13:27:27,699 [main] INFO  http.HttpServer2 (HttpServer2.java:addFilter(958)) - Added filter static_user_filter (class=org.apache.hadoop.http.lib.StaticUserWebFilter$StaticUserFilter) to context static
2019-09-18 13:27:27,700 [main] INFO  http.HttpServer2 (HttpServer2.java:bindListener(1191)) - Jetty bound to port 46011
2019-09-18 13:27:27,700 [main] INFO  server.Server (Server.java:doStart(351)) - jetty-9.3.24.v20180605, build timestamp: 2018-06-05T17:11:56Z, git hash: 84205aa28f11a4f31f2a3b86d1bba2cc8ab69827
2019-09-18 13:27:27,702 [main] INFO  handler.ContextHandler (ContextHandler.java:doStart(781)) - Started o.e.j.s.ServletContextHandler@747f6c5a{/logs,file:///workdir/hadoop-ozone/integration-test/target/log,AVAILABLE}
2019-09-18 13:27:27,702 [main] INFO  handler.ContextHandler (ContextHandler.java:doStart(781)) - Started o.e.j.s.ServletContextHandler@5b48f0f4{/static,jar:file:/home/user/.m2/repository/org/apache/hadoop/hadoop-hdds-container-service/0.5.0-SNAPSHOT/hadoop-hdds-container-service-0.5.0-SNAPSHOT.jar!/webapps/static,AVAILABLE}
2019-09-18 13:27:27,739 [main] INFO  handler.ContextHandler (ContextHandler.java:doStart(781)) - Started o.e.j.w.WebAppContext@6486fe7b{/,file:///tmp/jetty-0.0.0.0-46011-hddsDatanode-_-any-3679587196846282060.dir/webapp/,AVAILABLE}{/hddsDatanode}
2019-09-18 13:27:27,740 [main] INFO  server.AbstractConnector (AbstractConnector.java:doStart(278)) - Started ServerConnector@511da44f{HTTP/1.1,[http/1.1]}{0.0.0.0:46011}
2019-09-18 13:27:27,742 [main] INFO  server.Server (Server.java:doStart(419)) - Started @211846ms
2019-09-18 13:27:27,742 [main] WARN  impl.MetricsSystemImpl (MetricsSystemImpl.java:register(276)) - Sink prometheus already exists!
2019-09-18 13:27:27,743 [main] INFO  server.BaseHttpServer (BaseHttpServer.java:updateConnectorAddress(215)) - HTTP server of HDDSDATANODE is listening at http://0.0.0.0:46011
2019-09-18 13:27:27,744 [main] INFO  ozone.MiniOzoneClusterImpl (MiniOzoneClusterImpl.java:lambda$waitForClusterToBeReady$0(145)) - Waiting for cluster to be ready. Got 0 of 7 DN Heartbeats.
2019-09-18 13:27:27,745 [org.apache.hadoop.util.JvmPauseMonitor$Monitor@11c12f4] INFO  util.JvmPauseMonitor (JvmPauseMonitor.java:run(188)) - Starting JVM pause monitor
2019-09-18 13:27:27,746 [Datanode State Machine Thread - 0] INFO  datanode.InitDatanodeState (InitDatanodeState.java:persistContainerDatanodeDetails(140)) - DatanodeDetails is persisted to /workdir/hadoop-ozone/integration-test/target/test-dir/MiniOzoneClusterImpl-f2e8a8ee-9676-419b-87c2-1ce192a62e22/datanode-6/meta/datanode.id
2019-09-18 13:27:28,744 [main] INFO  ozone.MiniOzoneClusterImpl (MiniOzoneClusterImpl.java:lambda$waitForClusterToBeReady$0(145)) - Waiting for cluster to be ready. Got 0 of 7 DN Heartbeats.
2019-09-18 13:27:28,997 [Datanode State Machine Thread - 0] INFO  ozoneimpl.OzoneContainer (OzoneContainer.java:start(217)) - Attempting to start container services.
2019-09-18 13:27:28,998 [Datanode State Machine Thread - 0] INFO  ozoneimpl.OzoneContainer (OzoneContainer.java:startContainerScrub(179)) - Background container scanner has been disabled.
2019-09-18 13:27:28,998 [Datanode State Machine Thread - 0] INFO  ratis.XceiverServerRatis (XceiverServerRatis.java:start(411)) - Starting XceiverServerRatis 18439327-be65-4068-9515-28c8c63af9f3 at port 0
2019-09-18 13:27:29,011 [Datanode State Machine Thread - 0] INFO  impl.RaftServerProxy (RaftServerProxy.java:lambda$start$3(299)) - 18439327-be65-4068-9515-28c8c63af9f3: start RPC server
2019-09-18 13:27:29,014 [Datanode State Machine Thread - 0] INFO  ozoneimpl.OzoneContainer (OzoneContainer.java:start(217)) - Attempting to start container services.
2019-09-18 13:27:29,014 [Datanode State Machine Thread - 0] INFO  ozoneimpl.OzoneContainer (OzoneContainer.java:startContainerScrub(179)) - Background container scanner has been disabled.
2019-09-18 13:27:29,015 [Datanode State Machine Thread - 0] INFO  ratis.XceiverServerRatis (XceiverServerRatis.java:start(411)) - Starting XceiverServerRatis a612795e-22d0-4c35-b04c-74664e93dea5 at port 0
2019-09-18 13:27:29,015 [Datanode State Machine Thread - 0] INFO  server.GrpcService (GrpcService.java:startImpl(158)) - 18439327-be65-4068-9515-28c8c63af9f3: GrpcService started, listening on 0.0.0.0/0.0.0.0:37667
2019-09-18 13:27:29,015 [Datanode State Machine Thread - 0] INFO  ratis.XceiverServerRatis (XceiverServerRatis.java:start(421)) - XceiverServerRatis 18439327-be65-4068-9515-28c8c63af9f3 is started using port 37667
2019-09-18 13:27:29,015 [Datanode State Machine Thread - 0] INFO  server.XceiverServerGrpc (XceiverServerGrpc.java:start(163)) - XceiverServerGrpc 18439327-be65-4068-9515-28c8c63af9f3 is started using port 41749
2019-09-18 13:27:29,024 [Datanode State Machine Thread - 0] INFO  impl.RaftServerProxy (RaftServerProxy.java:lambda$start$3(299)) - a612795e-22d0-4c35-b04c-74664e93dea5: start RPC server
2019-09-18 13:27:29,025 [Datanode State Machine Thread - 0] INFO  server.GrpcService (GrpcService.java:startImpl(158)) - a612795e-22d0-4c35-b04c-74664e93dea5: GrpcService started, listening on 0.0.0.0/0.0.0.0:46165
2019-09-18 13:27:29,025 [Datanode State Machine Thread - 0] INFO  ratis.XceiverServerRatis (XceiverServerRatis.java:start(421)) - XceiverServerRatis a612795e-22d0-4c35-b04c-74664e93dea5 is started using port 46165
2019-09-18 13:27:29,025 [Datanode State Machine Thread - 0] INFO  server.XceiverServerGrpc (XceiverServerGrpc.java:start(163)) - XceiverServerGrpc a612795e-22d0-4c35-b04c-74664e93dea5 is started using port 37692
2019-09-18 13:27:29,099 [Datanode State Machine Thread - 0] INFO  ozoneimpl.OzoneContainer (OzoneContainer.java:start(217)) - Attempting to start container services.
2019-09-18 13:27:29,099 [Datanode State Machine Thread - 0] INFO  ozoneimpl.OzoneContainer (OzoneContainer.java:startContainerScrub(179)) - Background container scanner has been disabled.
2019-09-18 13:27:29,099 [Datanode State Machine Thread - 0] INFO  ratis.XceiverServerRatis (XceiverServerRatis.java:start(411)) - Starting XceiverServerRatis 5fac6a4b-8344-49e3-9993-69afe56dcf94 at port 0
2019-09-18 13:27:29,106 [Datanode State Machine Thread - 0] INFO  impl.RaftServerProxy (RaftServerProxy.java:lambda$start$3(299)) - 5fac6a4b-8344-49e3-9993-69afe56dcf94: start RPC server
2019-09-18 13:27:29,107 [Datanode State Machine Thread - 0] INFO  server.GrpcService (GrpcService.java:startImpl(158)) - 5fac6a4b-8344-49e3-9993-69afe56dcf94: GrpcService started, listening on 0.0.0.0/0.0.0.0:41410
2019-09-18 13:27:29,107 [Datanode State Machine Thread - 0] INFO  ratis.XceiverServerRatis (XceiverServerRatis.java:start(421)) - XceiverServerRatis 5fac6a4b-8344-49e3-9993-69afe56dcf94 is started using port 41410
2019-09-18 13:27:29,108 [Datanode State Machine Thread - 0] INFO  server.XceiverServerGrpc (XceiverServerGrpc.java:start(163)) - XceiverServerGrpc 5fac6a4b-8344-49e3-9993-69afe56dcf94 is started using port 34270
2019-09-18 13:27:29,417 [Datanode State Machine Thread - 0] INFO  ozoneimpl.OzoneContainer (OzoneContainer.java:start(217)) - Attempting to start container services.
2019-09-18 13:27:29,417 [Datanode State Machine Thread - 0] INFO  ozoneimpl.OzoneContainer (OzoneContainer.java:startContainerScrub(179)) - Background container scanner has been disabled.
2019-09-18 13:27:29,417 [Datanode State Machine Thread - 0] INFO  ratis.XceiverServerRatis (XceiverServerRatis.java:start(411)) - Starting XceiverServerRatis 5125f337-8d07-43f4-91dc-eeccf46a2213 at port 0
2019-09-18 13:27:29,424 [Datanode State Machine Thread - 0] INFO  impl.RaftServerProxy (RaftServerProxy.java:lambda$start$3(299)) - 5125f337-8d07-43f4-91dc-eeccf46a2213: start RPC server
2019-09-18 13:27:29,425 [Datanode State Machine Thread - 0] INFO  server.GrpcService (GrpcService.java:startImpl(158)) - 5125f337-8d07-43f4-91dc-eeccf46a2213: GrpcService started, listening on 0.0.0.0/0.0.0.0:41367
2019-09-18 13:27:29,425 [Datanode State Machine Thread - 0] INFO  ratis.XceiverServerRatis (XceiverServerRatis.java:start(421)) - XceiverServerRatis 5125f337-8d07-43f4-91dc-eeccf46a2213 is started using port 41367
2019-09-18 13:27:29,428 [Datanode State Machine Thread - 0] INFO  server.XceiverServerGrpc (XceiverServerGrpc.java:start(163)) - XceiverServerGrpc 5125f337-8d07-43f4-91dc-eeccf46a2213 is started using port 34214
2019-09-18 13:27:29,599 [Datanode State Machine Thread - 0] INFO  ozoneimpl.OzoneContainer (OzoneContainer.java:start(217)) - Attempting to start container services.
2019-09-18 13:27:29,600 [Datanode State Machine Thread - 0] INFO  ozoneimpl.OzoneContainer (OzoneContainer.java:startContainerScrub(179)) - Background container scanner has been disabled.
2019-09-18 13:27:29,600 [Datanode State Machine Thread - 0] INFO  ratis.XceiverServerRatis (XceiverServerRatis.java:start(411)) - Starting XceiverServerRatis cd0d5373-3169-45ee-b582-4482679ce23a at port 0
2019-09-18 13:27:29,607 [Datanode State Machine Thread - 0] INFO  impl.RaftServerProxy (RaftServerProxy.java:lambda$start$3(299)) - cd0d5373-3169-45ee-b582-4482679ce23a: start RPC server
2019-09-18 13:27:29,610 [Datanode State Machine Thread - 0] INFO  server.GrpcService (GrpcService.java:startImpl(158)) - cd0d5373-3169-45ee-b582-4482679ce23a: GrpcService started, listening on 0.0.0.0/0.0.0.0:46356
2019-09-18 13:27:29,610 [Datanode State Machine Thread - 0] INFO  ratis.XceiverServerRatis (XceiverServerRatis.java:start(421)) - XceiverServerRatis cd0d5373-3169-45ee-b582-4482679ce23a is started using port 46356
2019-09-18 13:27:29,612 [Datanode State Machine Thread - 0] INFO  server.XceiverServerGrpc (XceiverServerGrpc.java:start(163)) - XceiverServerGrpc cd0d5373-3169-45ee-b582-4482679ce23a is started using port 37598
2019-09-18 13:27:29,676 [Datanode State Machine Thread - 0] INFO  ozoneimpl.OzoneContainer (OzoneContainer.java:start(217)) - Attempting to start container services.
2019-09-18 13:27:29,676 [Datanode State Machine Thread - 0] INFO  ozoneimpl.OzoneContainer (OzoneContainer.java:startContainerScrub(179)) - Background container scanner has been disabled.
2019-09-18 13:27:29,676 [Datanode State Machine Thread - 0] INFO  ratis.XceiverServerRatis (XceiverServerRatis.java:start(411)) - Starting XceiverServerRatis c3ede856-f24c-476c-ac0d-e0c199290fbb at port 0
2019-09-18 13:27:29,683 [Datanode State Machine Thread - 0] INFO  impl.RaftServerProxy (RaftServerProxy.java:lambda$start$3(299)) - c3ede856-f24c-476c-ac0d-e0c199290fbb: start RPC server
2019-09-18 13:27:29,686 [Datanode State Machine Thread - 0] INFO  server.GrpcService (GrpcService.java:startImpl(158)) - c3ede856-f24c-476c-ac0d-e0c199290fbb: GrpcService started, listening on 0.0.0.0/0.0.0.0:38533
2019-09-18 13:27:29,686 [Datanode State Machine Thread - 0] INFO  ratis.XceiverServerRatis (XceiverServerRatis.java:start(421)) - XceiverServerRatis c3ede856-f24c-476c-ac0d-e0c199290fbb is started using port 38533
2019-09-18 13:27:29,686 [Datanode State Machine Thread - 0] INFO  server.XceiverServerGrpc (XceiverServerGrpc.java:start(163)) - XceiverServerGrpc c3ede856-f24c-476c-ac0d-e0c199290fbb is started using port 38374
2019-09-18 13:27:29,746 [main] INFO  ozone.MiniOzoneClusterImpl (MiniOzoneClusterImpl.java:lambda$waitForClusterToBeReady$0(145)) - Waiting for cluster to be ready. Got 0 of 7 DN Heartbeats.
2019-09-18 13:27:29,758 [Datanode State Machine Thread - 0] INFO  ozoneimpl.OzoneContainer (OzoneContainer.java:start(217)) - Attempting to start container services.
2019-09-18 13:27:29,758 [Datanode State Machine Thread - 0] INFO  ozoneimpl.OzoneContainer (OzoneContainer.java:startContainerScrub(179)) - Background container scanner has been disabled.
2019-09-18 13:27:29,758 [Datanode State Machine Thread - 0] INFO  ratis.XceiverServerRatis (XceiverServerRatis.java:start(411)) - Starting XceiverServerRatis 4cd8cbe3-c76b-4e13-a682-150e424eaa0a at port 0
2019-09-18 13:27:29,765 [Datanode State Machine Thread - 0] INFO  impl.RaftServerProxy (RaftServerProxy.java:lambda$start$3(299)) - 4cd8cbe3-c76b-4e13-a682-150e424eaa0a: start RPC server
2019-09-18 13:27:29,768 [Datanode State Machine Thread - 0] INFO  server.GrpcService (GrpcService.java:startImpl(158)) - 4cd8cbe3-c76b-4e13-a682-150e424eaa0a: GrpcService started, listening on 0.0.0.0/0.0.0.0:46560
2019-09-18 13:27:29,768 [Datanode State Machine Thread - 0] INFO  ratis.XceiverServerRatis (XceiverServerRatis.java:start(421)) - XceiverServerRatis 4cd8cbe3-c76b-4e13-a682-150e424eaa0a is started using port 46560
2019-09-18 13:27:29,785 [Datanode State Machine Thread - 0] INFO  server.XceiverServerGrpc (XceiverServerGrpc.java:start(163)) - XceiverServerGrpc 4cd8cbe3-c76b-4e13-a682-150e424eaa0a is started using port 45574
2019-09-18 13:27:30,747 [main] INFO  ozone.MiniOzoneClusterImpl (MiniOzoneClusterImpl.java:lambda$waitForClusterToBeReady$0(145)) - Waiting for cluster to be ready. Got 0 of 7 DN Heartbeats.
2019-09-18 13:27:30,951 [IPC Server handler 6 on 39447] INFO  net.NetworkTopology (NetworkTopologyImpl.java:add(111)) - Added a new node: /default-rack/18439327-be65-4068-9515-28c8c63af9f3
2019-09-18 13:27:30,954 [IPC Server handler 6 on 39447] INFO  node.SCMNodeManager (SCMNodeManager.java:register(266)) - Registered Data node : 18439327-be65-4068-9515-28c8c63af9f3{ip: 192.168.69.108, host: pr-hdds-2141-4zm8s-3863693661, networkLocation: /default-rack, certSerialId: null}
2019-09-18 13:27:30,955 [EventQueue-NodeRegistrationContainerReportForDataNodeSafeModeRule] INFO  safemode.SCMSafeModeManager (DataNodeSafeModeRule.java:process(71)) - SCM in safe mode. 1 DataNodes registered, 1 required.
2019-09-18 13:27:30,958 [EventQueue-NodeRegistrationContainerReportForDataNodeSafeModeRule] INFO  safemode.SCMSafeModeManager (SCMSafeModeManager.java:validateSafeModeExitRules(177)) - ScmSafeModeManager, all rules are successfully validated
2019-09-18 13:27:30,958 [EventQueue-NodeRegistrationContainerReportForDataNodeSafeModeRule] INFO  safemode.SCMSafeModeManager (SCMSafeModeManager.java:exitSafeMode(193)) - SCM exiting safe mode.
2019-09-18 13:27:30,992 [grpc-default-executor-5] INFO  impl.RaftServerProxy (RaftServerProxy.java:addNew(89)) - 18439327-be65-4068-9515-28c8c63af9f3: addNew group-D952FE62FE67:[18439327-be65-4068-9515-28c8c63af9f3:192.168.69.108:37667] returns group-D952FE62FE67:java.util.concurrent.CompletableFuture@963696[Not completed]
2019-09-18 13:27:30,995 [pool-383-thread-1] INFO  impl.RaftServerImpl (RaftServerImpl.java:<init>(95)) - 18439327-be65-4068-9515-28c8c63af9f3: new RaftServerImpl for group-D952FE62FE67:[18439327-be65-4068-9515-28c8c63af9f3:192.168.69.108:37667] with ContainerStateMachine:uninitialized
2019-09-18 13:27:30,995 [pool-383-thread-1] INFO  server.RaftServerConfigKeys (ConfUtils.java:logGet(43)) - raft.server.rpc.timeout.min = 5s (custom)
2019-09-18 13:27:30,995 [pool-383-thread-1] INFO  server.RaftServerConfigKeys (ConfUtils.java:logGet(43)) - raft.server.rpc.timeout.max = 5200ms (custom)
2019-09-18 13:27:30,995 [pool-383-thread-1] INFO  server.RaftServerConfigKeys (ConfUtils.java:logGet(43)) - raft.server.rpcslowness.timeout = 120s (custom)
2019-09-18 13:27:30,995 [pool-383-thread-1] INFO  server.RaftServerConfigKeys (ConfUtils.java:logGet(43)) - raft.server.sleep.deviation.threshold = 300 (default)
2019-09-18 13:27:30,995 [pool-383-thread-1] INFO  server.RaftServerConfigKeys (ConfUtils.java:logGet(43)) - raft.server.log.appender.install.snapshot.enabled = false (custom)
2019-09-18 13:27:30,996 [pool-383-thread-1] INFO  impl.RaftServerImpl (ServerState.java:<init>(103)) - 18439327-be65-4068-9515-28c8c63af9f3@group-D952FE62FE67: ConfigurationManager, init=-1: [18439327-be65-4068-9515-28c8c63af9f3:192.168.69.108:37667], old=null, confs=<EMPTY_MAP>
2019-09-18 13:27:30,996 [pool-383-thread-1] INFO  server.RaftServerConfigKeys (ConfUtils.java:logGet(43)) - raft.server.storage.dir = [/workdir/hadoop-ozone/integration-test/target/test-dir/MiniOzoneClusterImpl-f2e8a8ee-9676-419b-87c2-1ce192a62e22/datanode-0/data/ratis] (custom)
2019-09-18 13:27:30,996 [pool-383-thread-1] INFO  storage.RaftStorageDirectory (RaftStorageDirectory.java:analyzeStorage(246)) - The storage directory /workdir/hadoop-ozone/integration-test/target/test-dir/MiniOzoneClusterImpl-f2e8a8ee-9676-419b-87c2-1ce192a62e22/datanode-0/data/ratis/f9b4376e-5308-4048-89a5-d952fe62fe67 does not exist. Creating ...
2019-09-18 13:27:31,007 [IPC Server handler 17 on 39447] INFO  net.NetworkTopology (NetworkTopologyImpl.java:add(111)) - Added a new node: /default-rack/a612795e-22d0-4c35-b04c-74664e93dea5
2019-09-18 13:27:31,007 [IPC Server handler 17 on 39447] INFO  node.SCMNodeManager (SCMNodeManager.java:register(266)) - Registered Data node : a612795e-22d0-4c35-b04c-74664e93dea5{ip: 192.168.69.108, host: pr-hdds-2141-4zm8s-3863693661, networkLocation: /default-rack, certSerialId: null}
2019-09-18 13:27:31,022 [pool-383-thread-1] INFO  storage.RaftStorageDirectory (RaftStorageDirectory.java:tryLock(328)) - Lock on /workdir/hadoop-ozone/integration-test/target/test-dir/MiniOzoneClusterImpl-f2e8a8ee-9676-419b-87c2-1ce192a62e22/datanode-0/data/ratis/f9b4376e-5308-4048-89a5-d952fe62fe67/in_use.lock acquired by nodename 31185@pr-hdds-2141-4zm8s-3863693661
2019-09-18 13:27:31,037 [pool-383-thread-1] INFO  storage.RaftStorage (RaftStorage.java:format(72)) - Storage directory /workdir/hadoop-ozone/integration-test/target/test-dir/MiniOzoneClusterImpl-f2e8a8ee-9676-419b-87c2-1ce192a62e22/datanode-0/data/ratis/f9b4376e-5308-4048-89a5-d952fe62fe67 has been successfully formatted.
2019-09-18 13:27:31,037 [pool-383-thread-1] INFO  ratis.ContainerStateMachine (ContainerStateMachine.java:loadSnapshot(230)) - group-D952FE62FE67: The snapshot info is null. Setting the last applied indexto:(t:0, i:~)
2019-09-18 13:27:31,037 [pool-383-thread-1] INFO  server.RaftServerConfigKeys (ConfUtils.java:logGet(43)) - raft.server.notification.no-leader.timeout = 120s (custom)
2019-09-18 13:27:31,038 [pool-383-thread-1] INFO  server.RaftServerConfigKeys (ConfUtils.java:logGet(43)) - raft.server.log.use.memory = false (default)
2019-09-18 13:27:31,038 [pool-383-thread-1] INFO  server.RaftServerConfigKeys (ConfUtils.java:logGet(43)) - raft.server.log.purge.gap = 1000000 (custom)
2019-09-18 13:27:31,038 [pool-383-thread-1] INFO  server.RaftServerConfigKeys (ConfUtils.java:logGet(43)) - raft.server.log.appender.buffer.byte-limit = 33554432 (custom)
2019-09-18 13:27:31,038 [pool-383-thread-1] INFO  server.RaftServerConfigKeys (ConfUtils.java:logGet(43)) - raft.server.log.segment.size.max = 1048576 (custom)
2019-09-18 13:27:31,038 [pool-383-thread-1] INFO  server.RaftServerConfigKeys (ConfUtils.java:logGet(43)) - raft.server.log.segment.cache.num.max = 2 (custom)
2019-09-18 13:27:31,039 [pool-383-thread-1] INFO  segmented.SegmentedRaftLogWorker (SegmentedRaftLogWorker.java:<init>(172)) - new 18439327-be65-4068-9515-28c8c63af9f3@group-D952FE62FE67-SegmentedRaftLogWorker for RaftStorage:Storage Directory /workdir/hadoop-ozone/integration-test/target/test-dir/MiniOzoneClusterImpl-f2e8a8ee-9676-419b-87c2-1ce192a62e22/datanode-0/data/ratis/f9b4376e-5308-4048-89a5-d952fe62fe67
2019-09-18 13:27:31,041 [pool-383-thread-1] INFO  server.RaftServerConfigKeys (ConfUtils.java:logGet(43)) - raft.server.log.queue.byte-limit = 2147483647 (custom)
2019-09-18 13:27:31,042 [pool-383-thread-1] INFO  server.RaftServerConfigKeys (ConfUtils.java:logGet(43)) - raft.server.log.queue.element-limit = 1024 (custom)
2019-09-18 13:27:31,042 [pool-383-thread-1] INFO  server.RaftServerConfigKeys (ConfUtils.java:logGet(43)) - raft.server.log.segment.size.max = 1048576 (custom)
2019-09-18 13:27:31,042 [pool-383-thread-1] INFO  server.RaftServerConfigKeys (ConfUtils.java:logGet(43)) - raft.server.log.preallocated.size = 16384 (custom)
2019-09-18 13:27:31,042 [pool-383-thread-1] INFO  server.RaftServerConfigKeys (ConfUtils.java:logGet(43)) - raft.server.log.write.buffer.size = 33554432 (custom)
2019-09-18 13:27:31,042 [pool-383-thread-1] INFO  server.RaftServerConfigKeys (ConfUtils.java:logGet(43)) - raft.server.log.force.sync.num = 128 (default)
2019-09-18 13:27:31,043 [pool-383-thread-1] INFO  server.RaftServerConfigKeys (ConfUtils.java:logGet(43)) - raft.server.log.statemachine.data.sync = true (default)
2019-09-18 13:27:31,043 [pool-383-thread-1] INFO  server.RaftServerConfigKeys (ConfUtils.java:logGet(43)) - raft.server.log.statemachine.data.sync.timeout = 10s (default)
2019-09-18 13:27:31,043 [pool-383-thread-1] INFO  server.RaftServerConfigKeys (ConfUtils.java:logGet(43)) - raft.server.log.statemachine.data.sync.timeout.retry = -1 (default)
2019-09-18 13:27:31,043 [pool-383-thread-1] INFO  server.RaftServerConfigKeys (ConfUtils.java:logGet(43)) - raft.server.log.statemachine.data.caching.enabled = true (custom)
2019-09-18 13:27:31,044 [pool-383-thread-1] INFO  segmented.SegmentedRaftLogWorker (SegmentedRaftLogWorker.java:lambda$new$0(132)) - 18439327-be65-4068-9515-28c8c63af9f3@group-D952FE62FE67-SegmentedRaftLogWorker: flushIndex: setUnconditionally 0 -> -1
2019-09-18 13:27:31,044 [pool-383-thread-1] INFO  server.RaftServerConfigKeys (ConfUtils.java:logGet(43)) - raft.server.snapshot.auto.trigger.enabled = true (custom)
2019-09-18 13:27:31,045 [pool-383-thread-1] INFO  server.RaftServerConfigKeys (ConfUtils.java:logGet(43)) - raft.server.snapshot.auto.trigger.threshold = 10000 (custom)
2019-09-18 13:27:31,045 [pool-383-thread-1] INFO  server.RaftServerConfigKeys (ConfUtils.java:logGet(43)) - raft.server.snapshot.retention.num.files = 5 (custom)
2019-09-18 13:27:31,045 [pool-383-thread-1] INFO  server.RaftServerConfigKeys (ConfUtils.java:logGet(43)) - raft.server.retrycache.expirytime = 600000ms (custom)
2019-09-18 13:27:31,047 [pool-383-thread-1] INFO  impl.RaftServerImpl (RaftServerImpl.java:start(185)) - 18439327-be65-4068-9515-28c8c63af9f3@group-D952FE62FE67: start as a follower, conf=-1: [18439327-be65-4068-9515-28c8c63af9f3:192.168.69.108:37667], old=null
2019-09-18 13:27:31,048 [pool-383-thread-1] INFO  impl.RaftServerImpl (RaftServerImpl.java:setRole(174)) - 18439327-be65-4068-9515-28c8c63af9f3@group-D952FE62FE67: changes role from      null to FOLLOWER at term 0 for startAsFollower
2019-09-18 13:27:31,048 [pool-383-thread-1] INFO  impl.RoleInfo (RoleInfo.java:updateAndGet(143)) - 18439327-be65-4068-9515-28c8c63af9f3: start FollowerState
2019-09-18 13:27:31,048 [pool-383-thread-1] INFO  util.JmxRegister (JmxRegister.java:tryRegister(44)) - Successfully registered JMX Bean with object name Ratis:service=RaftServer,group=group-D952FE62FE67,id=18439327-be65-4068-9515-28c8c63af9f3
2019-09-18 13:27:31,052 [RatisPipelineUtilsThread] INFO  pipeline.PipelineStateManager (PipelineStateManager.java:addPipeline(56)) - Created pipeline Pipeline[ Id: f9b4376e-5308-4048-89a5-d952fe62fe67, Nodes: 18439327-be65-4068-9515-28c8c63af9f3{ip: 192.168.69.108, host: pr-hdds-2141-4zm8s-3863693661, networkLocation: /default-rack, certSerialId: null}, Type:RATIS, Factor:ONE, State:OPEN]
2019-09-18 13:27:31,062 [grpc-default-executor-5] INFO  impl.RaftServerProxy (RaftServerProxy.java:addNew(89)) - a612795e-22d0-4c35-b04c-74664e93dea5: addNew group-68BEDE52E9EB:[a612795e-22d0-4c35-b04c-74664e93dea5:192.168.69.108:46165] returns group-68BEDE52E9EB:java.util.concurrent.CompletableFuture@75288709[Not completed]
2019-09-18 13:27:31,064 [pool-393-thread-1] INFO  impl.RaftServerImpl (RaftServerImpl.java:<init>(95)) - a612795e-22d0-4c35-b04c-74664e93dea5: new RaftServerImpl for group-68BEDE52E9EB:[a612795e-22d0-4c35-b04c-74664e93dea5:192.168.69.108:46165] with ContainerStateMachine:uninitialized
2019-09-18 13:27:31,064 [pool-393-thread-1] INFO  server.RaftServerConfigKeys (ConfUtils.java:logGet(43)) - raft.server.rpc.timeout.min = 5s (custom)
2019-09-18 13:27:31,064 [pool-393-thread-1] INFO  server.RaftServerConfigKeys (ConfUtils.java:logGet(43)) - raft.server.rpc.timeout.max = 5200ms (custom)
2019-09-18 13:27:31,064 [pool-393-thread-1] INFO  server.RaftServerConfigKeys (ConfUtils.java:logGet(43)) - raft.server.rpcslowness.timeout = 120s (custom)
2019-09-18 13:27:31,064 [pool-393-thread-1] INFO  server.RaftServerConfigKeys (ConfUtils.java:logGet(43)) - raft.server.sleep.deviation.threshold = 300 (default)
2019-09-18 13:27:31,064 [pool-393-thread-1] INFO  server.RaftServerConfigKeys (ConfUtils.java:logGet(43)) - raft.server.log.appender.install.snapshot.enabled = false (custom)
2019-09-18 13:27:31,064 [pool-393-thread-1] INFO  impl.RaftServerImpl (ServerState.java:<init>(103)) - a612795e-22d0-4c35-b04c-74664e93dea5@group-68BEDE52E9EB: ConfigurationManager, init=-1: [a612795e-22d0-4c35-b04c-74664e93dea5:192.168.69.108:46165], old=null, confs=<EMPTY_MAP>
2019-09-18 13:27:31,064 [pool-393-thread-1] INFO  server.RaftServerConfigKeys (ConfUtils.java:logGet(43)) - raft.server.storage.dir = [/workdir/hadoop-ozone/integration-test/target/test-dir/MiniOzoneClusterImpl-f2e8a8ee-9676-419b-87c2-1ce192a62e22/datanode-1/data/ratis] (custom)
2019-09-18 13:27:31,065 [pool-393-thread-1] INFO  storage.RaftStorageDirectory (RaftStorageDirectory.java:analyzeStorage(246)) - The storage directory /workdir/hadoop-ozone/integration-test/target/test-dir/MiniOzoneClusterImpl-f2e8a8ee-9676-419b-87c2-1ce192a62e22/datanode-1/data/ratis/29aca2da-916f-4efc-95b6-68bede52e9eb does not exist. Creating ...
2019-09-18 13:27:31,077 [pool-393-thread-1] INFO  storage.RaftStorageDirectory (RaftStorageDirectory.java:tryLock(328)) - Lock on /workdir/hadoop-ozone/integration-test/target/test-dir/MiniOzoneClusterImpl-f2e8a8ee-9676-419b-87c2-1ce192a62e22/datanode-1/data/ratis/29aca2da-916f-4efc-95b6-68bede52e9eb/in_use.lock acquired by nodename 31185@pr-hdds-2141-4zm8s-3863693661
2019-09-18 13:27:31,087 [IPC Server handler 11 on 39447] INFO  net.NetworkTopology (NetworkTopologyImpl.java:add(111)) - Added a new node: /default-rack/5fac6a4b-8344-49e3-9993-69afe56dcf94
2019-09-18 13:27:31,087 [IPC Server handler 11 on 39447] INFO  node.SCMNodeManager (SCMNodeManager.java:register(266)) - Registered Data node : 5fac6a4b-8344-49e3-9993-69afe56dcf94{ip: 192.168.69.108, host: pr-hdds-2141-4zm8s-3863693661, networkLocation: /default-rack, certSerialId: null}
2019-09-18 13:27:31,090 [pool-393-thread-1] INFO  storage.RaftStorage (RaftStorage.java:format(72)) - Storage directory /workdir/hadoop-ozone/integration-test/target/test-dir/MiniOzoneClusterImpl-f2e8a8ee-9676-419b-87c2-1ce192a62e22/datanode-1/data/ratis/29aca2da-916f-4efc-95b6-68bede52e9eb has been successfully formatted.
2019-09-18 13:27:31,090 [pool-393-thread-1] INFO  ratis.ContainerStateMachine (ContainerStateMachine.java:loadSnapshot(230)) - group-68BEDE52E9EB: The snapshot info is null. Setting the last applied indexto:(t:0, i:~)
2019-09-18 13:27:31,090 [pool-393-thread-1] INFO  server.RaftServerConfigKeys (ConfUtils.java:logGet(43)) - raft.server.notification.no-leader.timeout = 120s (custom)
2019-09-18 13:27:31,090 [pool-393-thread-1] INFO  server.RaftServerConfigKeys (ConfUtils.java:logGet(43)) - raft.server.log.use.memory = false (default)
2019-09-18 13:27:31,091 [pool-393-thread-1] INFO  server.RaftServerConfigKeys (ConfUtils.java:logGet(43)) - raft.server.log.purge.gap = 1000000 (custom)
2019-09-18 13:27:31,091 [pool-393-thread-1] INFO  server.RaftServerConfigKeys (ConfUtils.java:logGet(43)) - raft.server.log.appender.buffer.byte-limit = 33554432 (custom)
2019-09-18 13:27:31,091 [pool-393-thread-1] INFO  server.RaftServerConfigKeys (ConfUtils.java:logGet(43)) - raft.server.log.segment.size.max = 1048576 (custom)
2019-09-18 13:27:31,091 [pool-393-thread-1] INFO  server.RaftServerConfigKeys (ConfUtils.java:logGet(43)) - raft.server.log.segment.cache.num.max = 2 (custom)
2019-09-18 13:27:31,091 [pool-393-thread-1] INFO  segmented.SegmentedRaftLogWorker (SegmentedRaftLogWorker.java:<init>(172)) - new a612795e-22d0-4c35-b04c-74664e93dea5@group-68BEDE52E9EB-SegmentedRaftLogWorker for RaftStorage:Storage Directory /workdir/hadoop-ozone/integration-test/target/test-dir/MiniOzoneClusterImpl-f2e8a8ee-9676-419b-87c2-1ce192a62e22/datanode-1/data/ratis/29aca2da-916f-4efc-95b6-68bede52e9eb
2019-09-18 13:27:31,093 [pool-393-thread-1] INFO  server.RaftServerConfigKeys (ConfUtils.java:logGet(43)) - raft.server.log.queue.byte-limit = 2147483647 (custom)
2019-09-18 13:27:31,093 [pool-393-thread-1] INFO  server.RaftServerConfigKeys (ConfUtils.java:logGet(43)) - raft.server.log.queue.element-limit = 1024 (custom)
2019-09-18 13:27:31,093 [pool-393-thread-1] INFO  server.RaftServerConfigKeys (ConfUtils.java:logGet(43)) - raft.server.log.segment.size.max = 1048576 (custom)
2019-09-18 13:27:31,093 [pool-393-thread-1] INFO  server.RaftServerConfigKeys (ConfUtils.java:logGet(43)) - raft.server.log.preallocated.size = 16384 (custom)
2019-09-18 13:27:31,093 [pool-393-thread-1] INFO  server.RaftServerConfigKeys (ConfUtils.java:logGet(43)) - raft.server.log.write.buffer.size = 33554432 (custom)
2019-09-18 13:27:31,093 [pool-393-thread-1] INFO  server.RaftServerConfigKeys (ConfUtils.java:logGet(43)) - raft.server.log.force.sync.num = 128 (default)
2019-09-18 13:27:31,094 [pool-393-thread-1] INFO  server.RaftServerConfigKeys (ConfUtils.java:logGet(43)) - raft.server.log.statemachine.data.sync = true (default)
2019-09-18 13:27:31,094 [pool-393-thread-1] INFO  server.RaftServerConfigKeys (ConfUtils.java:logGet(43)) - raft.server.log.statemachine.data.sync.timeout = 10s (default)
2019-09-18 13:27:31,094 [pool-393-thread-1] INFO  server.RaftServerConfigKeys (ConfUtils.java:logGet(43)) - raft.server.log.statemachine.data.sync.timeout.retry = -1 (default)
2019-09-18 13:27:31,094 [pool-393-thread-1] INFO  server.RaftServerConfigKeys (ConfUtils.java:logGet(43)) - raft.server.log.statemachine.data.caching.enabled = true (custom)
2019-09-18 13:27:31,094 [pool-393-thread-1] INFO  segmented.SegmentedRaftLogWorker (SegmentedRaftLogWorker.java:lambda$new$0(132)) - a612795e-22d0-4c35-b04c-74664e93dea5@group-68BEDE52E9EB-SegmentedRaftLogWorker: flushIndex: setUnconditionally 0 -> -1
2019-09-18 13:27:31,094 [pool-393-thread-1] INFO  server.RaftServerConfigKeys (ConfUtils.java:logGet(43)) - raft.server.snapshot.auto.trigger.enabled = true (custom)
2019-09-18 13:27:31,095 [pool-393-thread-1] INFO  server.RaftServerConfigKeys (ConfUtils.java:logGet(43)) - raft.server.snapshot.auto.trigger.threshold = 10000 (custom)
2019-09-18 13:27:31,095 [pool-393-thread-1] INFO  server.RaftServerConfigKeys (ConfUtils.java:logGet(43)) - raft.server.snapshot.retention.num.files = 5 (custom)
2019-09-18 13:27:31,095 [pool-393-thread-1] INFO  server.RaftServerConfigKeys (ConfUtils.java:logGet(43)) - raft.server.retrycache.expirytime = 600000ms (custom)
2019-09-18 13:27:31,096 [pool-393-thread-1] INFO  impl.RaftServerImpl (RaftServerImpl.java:start(185)) - a612795e-22d0-4c35-b04c-74664e93dea5@group-68BEDE52E9EB: start as a follower, conf=-1: [a612795e-22d0-4c35-b04c-74664e93dea5:192.168.69.108:46165], old=null
2019-09-18 13:27:31,097 [pool-393-thread-1] INFO  impl.RaftServerImpl (RaftServerImpl.java:setRole(174)) - a612795e-22d0-4c35-b04c-74664e93dea5@group-68BEDE52E9EB: changes role from      null to FOLLOWER at term 0 for startAsFollower
2019-09-18 13:27:31,097 [pool-393-thread-1] INFO  impl.RoleInfo (RoleInfo.java:updateAndGet(143)) - a612795e-22d0-4c35-b04c-74664e93dea5: start FollowerState
2019-09-18 13:27:31,097 [pool-393-thread-1] INFO  util.JmxRegister (JmxRegister.java:tryRegister(44)) - Successfully registered JMX Bean with object name Ratis:service=RaftServer,group=group-68BEDE52E9EB,id=a612795e-22d0-4c35-b04c-74664e93dea5
2019-09-18 13:27:31,099 [RatisPipelineUtilsThread] INFO  pipeline.PipelineStateManager (PipelineStateManager.java:addPipeline(56)) - Created pipeline Pipeline[ Id: 29aca2da-916f-4efc-95b6-68bede52e9eb, Nodes: a612795e-22d0-4c35-b04c-74664e93dea5{ip: 192.168.69.108, host: pr-hdds-2141-4zm8s-3863693661, networkLocation: /default-rack, certSerialId: null}, Type:RATIS, Factor:ONE, State:OPEN]
2019-09-18 13:27:31,108 [grpc-default-executor-5] INFO  impl.RaftServerProxy (RaftServerProxy.java:addNew(89)) - 5fac6a4b-8344-49e3-9993-69afe56dcf94: addNew group-B257D1185841:[5fac6a4b-8344-49e3-9993-69afe56dcf94:192.168.69.108:41410] returns group-B257D1185841:java.util.concurrent.CompletableFuture@4df3a406[Not completed]
2019-09-18 13:27:31,109 [pool-403-thread-1] INFO  impl.RaftServerImpl (RaftServerImpl.java:<init>(95)) - 5fac6a4b-8344-49e3-9993-69afe56dcf94: new RaftServerImpl for group-B257D1185841:[5fac6a4b-8344-49e3-9993-69afe56dcf94:192.168.69.108:41410] with ContainerStateMachine:uninitialized
2019-09-18 13:27:31,109 [pool-403-thread-1] INFO  server.RaftServerConfigKeys (ConfUtils.java:logGet(43)) - raft.server.rpc.timeout.min = 5s (custom)
2019-09-18 13:27:31,110 [pool-403-thread-1] INFO  server.RaftServerConfigKeys (ConfUtils.java:logGet(43)) - raft.server.rpc.timeout.max = 5200ms (custom)
2019-09-18 13:27:31,110 [pool-403-thread-1] INFO  server.RaftServerConfigKeys (ConfUtils.java:logGet(43)) - raft.server.rpcslowness.timeout = 120s (custom)
2019-09-18 13:27:31,110 [pool-403-thread-1] INFO  server.RaftServerConfigKeys (ConfUtils.java:logGet(43)) - raft.server.sleep.deviation.threshold = 300 (default)
2019-09-18 13:27:31,110 [pool-403-thread-1] INFO  server.RaftServerConfigKeys (ConfUtils.java:logGet(43)) - raft.server.log.appender.install.snapshot.enabled = false (custom)
2019-09-18 13:27:31,110 [pool-403-thread-1] INFO  impl.RaftServerImpl (ServerState.java:<init>(103)) - 5fac6a4b-8344-49e3-9993-69afe56dcf94@group-B257D1185841: ConfigurationManager, init=-1: [5fac6a4b-8344-49e3-9993-69afe56dcf94:192.168.69.108:41410], old=null, confs=<EMPTY_MAP>
2019-09-18 13:27:31,110 [pool-403-thread-1] INFO  server.RaftServerConfigKeys (ConfUtils.java:logGet(43)) - raft.server.storage.dir = [/workdir/hadoop-ozone/integration-test/target/test-dir/MiniOzoneClusterImpl-f2e8a8ee-9676-419b-87c2-1ce192a62e22/datanode-2/data/ratis] (custom)
2019-09-18 13:27:31,110 [pool-403-thread-1] INFO  storage.RaftStorageDirectory (RaftStorageDirectory.java:analyzeStorage(246)) - The storage directory /workdir/hadoop-ozone/integration-test/target/test-dir/MiniOzoneClusterImpl-f2e8a8ee-9676-419b-87c2-1ce192a62e22/datanode-2/data/ratis/5095a095-8a2c-43fd-9cc6-b257d1185841 does not exist. Creating ...
2019-09-18 13:27:31,123 [pool-403-thread-1] INFO  storage.RaftStorageDirectory (RaftStorageDirectory.java:tryLock(328)) - Lock on /workdir/hadoop-ozone/integration-test/target/test-dir/MiniOzoneClusterImpl-f2e8a8ee-9676-419b-87c2-1ce192a62e22/datanode-2/data/ratis/5095a095-8a2c-43fd-9cc6-b257d1185841/in_use.lock acquired by nodename 31185@pr-hdds-2141-4zm8s-3863693661
2019-09-18 13:27:31,136 [pool-403-thread-1] INFO  storage.RaftStorage (RaftStorage.java:format(72)) - Storage directory /workdir/hadoop-ozone/integration-test/target/test-dir/MiniOzoneClusterImpl-f2e8a8ee-9676-419b-87c2-1ce192a62e22/datanode-2/data/ratis/5095a095-8a2c-43fd-9cc6-b257d1185841 has been successfully formatted.
2019-09-18 13:27:31,136 [pool-403-thread-1] INFO  ratis.ContainerStateMachine (ContainerStateMachine.java:loadSnapshot(230)) - group-B257D1185841: The snapshot info is null. Setting the last applied indexto:(t:0, i:~)
2019-09-18 13:27:31,136 [pool-403-thread-1] INFO  server.RaftServerConfigKeys (ConfUtils.java:logGet(43)) - raft.server.notification.no-leader.timeout = 120s (custom)
2019-09-18 13:27:31,136 [pool-403-thread-1] INFO  server.RaftServerConfigKeys (ConfUtils.java:logGet(43)) - raft.server.log.use.memory = false (default)
2019-09-18 13:27:31,136 [pool-403-thread-1] INFO  server.RaftServerConfigKeys (ConfUtils.java:logGet(43)) - raft.server.log.purge.gap = 1000000 (custom)
2019-09-18 13:27:31,136 [pool-403-thread-1] INFO  server.RaftServerConfigKeys (ConfUtils.java:logGet(43)) - raft.server.log.appender.buffer.byte-limit = 33554432 (custom)
2019-09-18 13:27:31,136 [pool-403-thread-1] INFO  server.RaftServerConfigKeys (ConfUtils.java:logGet(43)) - raft.server.log.segment.size.max = 1048576 (custom)
2019-09-18 13:27:31,137 [pool-403-thread-1] INFO  server.RaftServerConfigKeys (ConfUtils.java:logGet(43)) - raft.server.log.segment.cache.num.max = 2 (custom)
2019-09-18 13:27:31,137 [pool-403-thread-1] INFO  segmented.SegmentedRaftLogWorker (SegmentedRaftLogWorker.java:<init>(172)) - new 5fac6a4b-8344-49e3-9993-69afe56dcf94@group-B257D1185841-SegmentedRaftLogWorker for RaftStorage:Storage Directory /workdir/hadoop-ozone/integration-test/target/test-dir/MiniOzoneClusterImpl-f2e8a8ee-9676-419b-87c2-1ce192a62e22/datanode-2/data/ratis/5095a095-8a2c-43fd-9cc6-b257d1185841
2019-09-18 13:27:31,138 [pool-403-thread-1] INFO  server.RaftServerConfigKeys (ConfUtils.java:logGet(43)) - raft.server.log.queue.byte-limit = 2147483647 (custom)
2019-09-18 13:27:31,138 [pool-403-thread-1] INFO  server.RaftServerConfigKeys (ConfUtils.java:logGet(43)) - raft.server.log.queue.element-limit = 1024 (custom)
2019-09-18 13:27:31,138 [pool-403-thread-1] INFO  server.RaftServerConfigKeys (ConfUtils.java:logGet(43)) - raft.server.log.segment.size.max = 1048576 (custom)
2019-09-18 13:27:31,139 [pool-403-thread-1] INFO  server.RaftServerConfigKeys (ConfUtils.java:logGet(43)) - raft.server.log.preallocated.size = 16384 (custom)
2019-09-18 13:27:31,139 [pool-403-thread-1] INFO  server.RaftServerConfigKeys (ConfUtils.java:logGet(43)) - raft.server.log.write.buffer.size = 33554432 (custom)
2019-09-18 13:27:31,139 [pool-403-thread-1] INFO  server.RaftServerConfigKeys (ConfUtils.java:logGet(43)) - raft.server.log.force.sync.num = 128 (default)
2019-09-18 13:27:31,139 [pool-403-thread-1] INFO  server.RaftServerConfigKeys (ConfUtils.java:logGet(43)) - raft.server.log.statemachine.data.sync = true (default)
2019-09-18 13:27:31,139 [pool-403-thread-1] INFO  server.RaftServerConfigKeys (ConfUtils.java:logGet(43)) - raft.server.log.statemachine.data.sync.timeout = 10s (default)
2019-09-18 13:27:31,139 [pool-403-thread-1] INFO  server.RaftServerConfigKeys (ConfUtils.java:logGet(43)) - raft.server.log.statemachine.data.sync.timeout.retry = -1 (default)
2019-09-18 13:27:31,139 [pool-403-thread-1] INFO  server.RaftServerConfigKeys (ConfUtils.java:logGet(43)) - raft.server.log.statemachine.data.caching.enabled = true (custom)
2019-09-18 13:27:31,140 [pool-403-thread-1] INFO  segmented.SegmentedRaftLogWorker (SegmentedRaftLogWorker.java:lambda$new$0(132)) - 5fac6a4b-8344-49e3-9993-69afe56dcf94@group-B257D1185841-SegmentedRaftLogWorker: flushIndex: setUnconditionally 0 -> -1
2019-09-18 13:27:31,140 [pool-403-thread-1] INFO  server.RaftServerConfigKeys (ConfUtils.java:logGet(43)) - raft.server.snapshot.auto.trigger.enabled = true (custom)
2019-09-18 13:27:31,140 [pool-403-thread-1] INFO  server.RaftServerConfigKeys (ConfUtils.java:logGet(43)) - raft.server.snapshot.auto.trigger.threshold = 10000 (custom)
2019-09-18 13:27:31,140 [pool-403-thread-1] INFO  server.RaftServerConfigKeys (ConfUtils.java:logGet(43)) - raft.server.snapshot.retention.num.files = 5 (custom)
2019-09-18 13:27:31,140 [pool-403-thread-1] INFO  server.RaftServerConfigKeys (ConfUtils.java:logGet(43)) - raft.server.retrycache.expirytime = 600000ms (custom)
2019-09-18 13:27:31,142 [pool-403-thread-1] INFO  impl.RaftServerImpl (RaftServerImpl.java:start(185)) - 5fac6a4b-8344-49e3-9993-69afe56dcf94@group-B257D1185841: start as a follower, conf=-1: [5fac6a4b-8344-49e3-9993-69afe56dcf94:192.168.69.108:41410], old=null
2019-09-18 13:27:31,142 [pool-403-thread-1] INFO  impl.RaftServerImpl (RaftServerImpl.java:setRole(174)) - 5fac6a4b-8344-49e3-9993-69afe56dcf94@group-B257D1185841: changes role from      null to FOLLOWER at term 0 for startAsFollower
2019-09-18 13:27:31,142 [pool-403-thread-1] INFO  impl.RoleInfo (RoleInfo.java:updateAndGet(143)) - 5fac6a4b-8344-49e3-9993-69afe56dcf94: start FollowerState
2019-09-18 13:27:31,142 [pool-403-thread-1] INFO  util.JmxRegister (JmxRegister.java:tryRegister(44)) - Successfully registered JMX Bean with object name Ratis:service=RaftServer,group=group-B257D1185841,id=5fac6a4b-8344-49e3-9993-69afe56dcf94
2019-09-18 13:27:31,144 [RatisPipelineUtilsThread] INFO  pipeline.PipelineStateManager (PipelineStateManager.java:addPipeline(56)) - Created pipeline Pipeline[ Id: 5095a095-8a2c-43fd-9cc6-b257d1185841, Nodes: 5fac6a4b-8344-49e3-9993-69afe56dcf94{ip: 192.168.69.108, host: pr-hdds-2141-4zm8s-3863693661, networkLocation: /default-rack, certSerialId: null}, Type:RATIS, Factor:ONE, State:OPEN]
2019-09-18 13:27:31,158 [grpc-default-executor-0] INFO  impl.RaftServerProxy (RaftServerProxy.java:addNew(89)) - 5fac6a4b-8344-49e3-9993-69afe56dcf94: addNew group-E34519B9C6E2:[5fac6a4b-8344-49e3-9993-69afe56dcf94:192.168.69.108:41410, a612795e-22d0-4c35-b04c-74664e93dea5:192.168.69.108:46165, 18439327-be65-4068-9515-28c8c63af9f3:192.168.69.108:37667] returns group-E34519B9C6E2:java.util.concurrent.CompletableFuture@6d23ea74[Not completed]
2019-09-18 13:27:31,161 [grpc-default-executor-5] INFO  impl.RaftServerProxy (RaftServerProxy.java:addNew(89)) - 18439327-be65-4068-9515-28c8c63af9f3: addNew group-E34519B9C6E2:[5fac6a4b-8344-49e3-9993-69afe56dcf94:192.168.69.108:41410, a612795e-22d0-4c35-b04c-74664e93dea5:192.168.69.108:46165, 18439327-be65-4068-9515-28c8c63af9f3:192.168.69.108:37667] returns group-E34519B9C6E2:java.util.concurrent.CompletableFuture@6199e695[Not completed]
2019-09-18 13:27:31,161 [grpc-default-executor-3] INFO  impl.RaftServerProxy (RaftServerProxy.java:addNew(89)) - a612795e-22d0-4c35-b04c-74664e93dea5: addNew group-E34519B9C6E2:[5fac6a4b-8344-49e3-9993-69afe56dcf94:192.168.69.108:41410, a612795e-22d0-4c35-b04c-74664e93dea5:192.168.69.108:46165, 18439327-be65-4068-9515-28c8c63af9f3:192.168.69.108:37667] returns group-E34519B9C6E2:java.util.concurrent.CompletableFuture@15eb6ca5[Not completed]
2019-09-18 13:27:31,163 [pool-403-thread-1] INFO  impl.RaftServerImpl (RaftServerImpl.java:<init>(95)) - 5fac6a4b-8344-49e3-9993-69afe56dcf94: new RaftServerImpl for group-E34519B9C6E2:[5fac6a4b-8344-49e3-9993-69afe56dcf94:192.168.69.108:41410, a612795e-22d0-4c35-b04c-74664e93dea5:192.168.69.108:46165, 18439327-be65-4068-9515-28c8c63af9f3:192.168.69.108:37667] with ContainerStateMachine:uninitialized
2019-09-18 13:27:31,163 [pool-403-thread-1] INFO  server.RaftServerConfigKeys (ConfUtils.java:logGet(43)) - raft.server.rpc.timeout.min = 5s (custom)
2019-09-18 13:27:31,163 [pool-403-thread-1] INFO  server.RaftServerConfigKeys (ConfUtils.java:logGet(43)) - raft.server.rpc.timeout.max = 5200ms (custom)
2019-09-18 13:27:31,163 [pool-403-thread-1] INFO  server.RaftServerConfigKeys (ConfUtils.java:logGet(43)) - raft.server.rpcslowness.timeout = 120s (custom)
2019-09-18 13:27:31,163 [pool-403-thread-1] INFO  server.RaftServerConfigKeys (ConfUtils.java:logGet(43)) - raft.server.sleep.deviation.threshold = 300 (default)
2019-09-18 13:27:31,163 [pool-403-thread-1] INFO  server.RaftServerConfigKeys (ConfUtils.java:logGet(43)) - raft.server.log.appender.install.snapshot.enabled = false (custom)
2019-09-18 13:27:31,163 [pool-403-thread-1] INFO  impl.RaftServerImpl (ServerState.java:<init>(103)) - 5fac6a4b-8344-49e3-9993-69afe56dcf94@group-E34519B9C6E2: ConfigurationManager, init=-1: [5fac6a4b-8344-49e3-9993-69afe56dcf94:192.168.69.108:41410, a612795e-22d0-4c35-b04c-74664e93dea5:192.168.69.108:46165, 18439327-be65-4068-9515-28c8c63af9f3:192.168.69.108:37667], old=null, confs=<EMPTY_MAP>
2019-09-18 13:27:31,164 [pool-403-thread-1] INFO  server.RaftServerConfigKeys (ConfUtils.java:logGet(43)) - raft.server.storage.dir = [/workdir/hadoop-ozone/integration-test/target/test-dir/MiniOzoneClusterImpl-f2e8a8ee-9676-419b-87c2-1ce192a62e22/datanode-2/data/ratis] (custom)
2019-09-18 13:27:31,164 [pool-403-thread-1] INFO  storage.RaftStorageDirectory (RaftStorageDirectory.java:analyzeStorage(246)) - The storage directory /workdir/hadoop-ozone/integration-test/target/test-dir/MiniOzoneClusterImpl-f2e8a8ee-9676-419b-87c2-1ce192a62e22/datanode-2/data/ratis/7797ad4c-e9a1-4e20-877e-e34519b9c6e2 does not exist. Creating ...
2019-09-18 13:27:31,164 [pool-383-thread-1] INFO  impl.RaftServerImpl (RaftServerImpl.java:<init>(95)) - 18439327-be65-4068-9515-28c8c63af9f3: new RaftServerImpl for group-E34519B9C6E2:[5fac6a4b-8344-49e3-9993-69afe56dcf94:192.168.69.108:41410, a612795e-22d0-4c35-b04c-74664e93dea5:192.168.69.108:46165, 18439327-be65-4068-9515-28c8c63af9f3:192.168.69.108:37667] with ContainerStateMachine:uninitialized
2019-09-18 13:27:31,164 [pool-383-thread-1] INFO  server.RaftServerConfigKeys (ConfUtils.java:logGet(43)) - raft.server.rpc.timeout.min = 5s (custom)
2019-09-18 13:27:31,165 [pool-383-thread-1] INFO  server.RaftServerConfigKeys (ConfUtils.java:logGet(43)) - raft.server.rpc.timeout.max = 5200ms (custom)
2019-09-18 13:27:31,165 [pool-383-thread-1] INFO  server.RaftServerConfigKeys (ConfUtils.java:logGet(43)) - raft.server.rpcslowness.timeout = 120s (custom)
2019-09-18 13:27:31,165 [pool-383-thread-1] INFO  server.RaftServerConfigKeys (ConfUtils.java:logGet(43)) - raft.server.sleep.deviation.threshold = 300 (default)
2019-09-18 13:27:31,165 [pool-383-thread-1] INFO  server.RaftServerConfigKeys (ConfUtils.java:logGet(43)) - raft.server.log.appender.install.snapshot.enabled = false (custom)
2019-09-18 13:27:31,165 [pool-393-thread-1] INFO  impl.RaftServerImpl (RaftServerImpl.java:<init>(95)) - a612795e-22d0-4c35-b04c-74664e93dea5: new RaftServerImpl for group-E34519B9C6E2:[5fac6a4b-8344-49e3-9993-69afe56dcf94:192.168.69.108:41410, a612795e-22d0-4c35-b04c-74664e93dea5:192.168.69.108:46165, 18439327-be65-4068-9515-28c8c63af9f3:192.168.69.108:37667] with ContainerStateMachine:uninitialized
2019-09-18 13:27:31,166 [pool-383-thread-1] INFO  impl.RaftServerImpl (ServerState.java:<init>(103)) - 18439327-be65-4068-9515-28c8c63af9f3@group-E34519B9C6E2: ConfigurationManager, init=-1: [5fac6a4b-8344-49e3-9993-69afe56dcf94:192.168.69.108:41410, a612795e-22d0-4c35-b04c-74664e93dea5:192.168.69.108:46165, 18439327-be65-4068-9515-28c8c63af9f3:192.168.69.108:37667], old=null, confs=<EMPTY_MAP>
2019-09-18 13:27:31,166 [pool-393-thread-1] INFO  server.RaftServerConfigKeys (ConfUtils.java:logGet(43)) - raft.server.rpc.timeout.min = 5s (custom)
2019-09-18 13:27:31,166 [pool-383-thread-1] INFO  server.RaftServerConfigKeys (ConfUtils.java:logGet(43)) - raft.server.storage.dir = [/workdir/hadoop-ozone/integration-test/target/test-dir/MiniOzoneClusterImpl-f2e8a8ee-9676-419b-87c2-1ce192a62e22/datanode-0/data/ratis] (custom)
2019-09-18 13:27:31,166 [pool-393-thread-1] INFO  server.RaftServerConfigKeys (ConfUtils.java:logGet(43)) - raft.server.rpc.timeout.max = 5200ms (custom)
2019-09-18 13:27:31,167 [pool-393-thread-1] INFO  server.RaftServerConfigKeys (ConfUtils.java:logGet(43)) - raft.server.rpcslowness.timeout = 120s (custom)
2019-09-18 13:27:31,167 [pool-383-thread-1] INFO  storage.RaftStorageDirectory (RaftStorageDirectory.java:analyzeStorage(246)) - The storage directory /workdir/hadoop-ozone/integration-test/target/test-dir/MiniOzoneClusterImpl-f2e8a8ee-9676-419b-87c2-1ce192a62e22/datanode-0/data/ratis/7797ad4c-e9a1-4e20-877e-e34519b9c6e2 does not exist. Creating ...
2019-09-18 13:27:31,167 [pool-393-thread-1] INFO  server.RaftServerConfigKeys (ConfUtils.java:logGet(43)) - raft.server.sleep.deviation.threshold = 300 (default)
2019-09-18 13:27:31,167 [pool-393-thread-1] INFO  server.RaftServerConfigKeys (ConfUtils.java:logGet(43)) - raft.server.log.appender.install.snapshot.enabled = false (custom)
2019-09-18 13:27:31,167 [pool-393-thread-1] INFO  impl.RaftServerImpl (ServerState.java:<init>(103)) - a612795e-22d0-4c35-b04c-74664e93dea5@group-E34519B9C6E2: ConfigurationManager, init=-1: [5fac6a4b-8344-49e3-9993-69afe56dcf94:192.168.69.108:41410, a612795e-22d0-4c35-b04c-74664e93dea5:192.168.69.108:46165, 18439327-be65-4068-9515-28c8c63af9f3:192.168.69.108:37667], old=null, confs=<EMPTY_MAP>
2019-09-18 13:27:31,168 [pool-393-thread-1] INFO  server.RaftServerConfigKeys (ConfUtils.java:logGet(43)) - raft.server.storage.dir = [/workdir/hadoop-ozone/integration-test/target/test-dir/MiniOzoneClusterImpl-f2e8a8ee-9676-419b-87c2-1ce192a62e22/datanode-1/data/ratis] (custom)
2019-09-18 13:27:31,168 [pool-393-thread-1] INFO  storage.RaftStorageDirectory (RaftStorageDirectory.java:analyzeStorage(246)) - The storage directory /workdir/hadoop-ozone/integration-test/target/test-dir/MiniOzoneClusterImpl-f2e8a8ee-9676-419b-87c2-1ce192a62e22/datanode-1/data/ratis/7797ad4c-e9a1-4e20-877e-e34519b9c6e2 does not exist. Creating ...
2019-09-18 13:27:31,189 [pool-403-thread-1] INFO  storage.RaftStorageDirectory (RaftStorageDirectory.java:tryLock(328)) - Lock on /workdir/hadoop-ozone/integration-test/target/test-dir/MiniOzoneClusterImpl-f2e8a8ee-9676-419b-87c2-1ce192a62e22/datanode-2/data/ratis/7797ad4c-e9a1-4e20-877e-e34519b9c6e2/in_use.lock acquired by nodename 31185@pr-hdds-2141-4zm8s-3863693661
2019-09-18 13:27:31,189 [pool-383-thread-1] INFO  storage.RaftStorageDirectory (RaftStorageDirectory.java:tryLock(328)) - Lock on /workdir/hadoop-ozone/integration-test/target/test-dir/MiniOzoneClusterImpl-f2e8a8ee-9676-419b-87c2-1ce192a62e22/datanode-0/data/ratis/7797ad4c-e9a1-4e20-877e-e34519b9c6e2/in_use.lock acquired by nodename 31185@pr-hdds-2141-4zm8s-3863693661
2019-09-18 13:27:31,189 [pool-393-thread-1] INFO  storage.RaftStorageDirectory (RaftStorageDirectory.java:tryLock(328)) - Lock on /workdir/hadoop-ozone/integration-test/target/test-dir/MiniOzoneClusterImpl-f2e8a8ee-9676-419b-87c2-1ce192a62e22/datanode-1/data/ratis/7797ad4c-e9a1-4e20-877e-e34519b9c6e2/in_use.lock acquired by nodename 31185@pr-hdds-2141-4zm8s-3863693661
2019-09-18 13:27:31,215 [pool-403-thread-1] INFO  storage.RaftStorage (RaftStorage.java:format(72)) - Storage directory /workdir/hadoop-ozone/integration-test/target/test-dir/MiniOzoneClusterImpl-f2e8a8ee-9676-419b-87c2-1ce192a62e22/datanode-2/data/ratis/7797ad4c-e9a1-4e20-877e-e34519b9c6e2 has been successfully formatted.
2019-09-18 13:27:31,215 [pool-383-thread-1] INFO  storage.RaftStorage (RaftStorage.java:format(72)) - Storage directory /workdir/hadoop-ozone/integration-test/target/test-dir/MiniOzoneClusterImpl-f2e8a8ee-9676-419b-87c2-1ce192a62e22/datanode-0/data/ratis/7797ad4c-e9a1-4e20-877e-e34519b9c6e2 has been successfully formatted.
2019-09-18 13:27:31,215 [pool-393-thread-1] INFO  storage.RaftStorage (RaftStorage.java:format(72)) - Storage directory /workdir/hadoop-ozone/integration-test/target/test-dir/MiniOzoneClusterImpl-f2e8a8ee-9676-419b-87c2-1ce192a62e22/datanode-1/data/ratis/7797ad4c-e9a1-4e20-877e-e34519b9c6e2 has been successfully formatted.
2019-09-18 13:27:31,215 [pool-383-thread-1] INFO  ratis.ContainerStateMachine (ContainerStateMachine.java:loadSnapshot(230)) - group-E34519B9C6E2: The snapshot info is null. Setting the last applied indexto:(t:0, i:~)
2019-09-18 13:27:31,215 [pool-403-thread-1] INFO  ratis.ContainerStateMachine (ContainerStateMachine.java:loadSnapshot(230)) - group-E34519B9C6E2: The snapshot info is null. Setting the last applied indexto:(t:0, i:~)
2019-09-18 13:27:31,215 [pool-383-thread-1] INFO  server.RaftServerConfigKeys (ConfUtils.java:logGet(43)) - raft.server.notification.no-leader.timeout = 120s (custom)
2019-09-18 13:27:31,215 [pool-393-thread-1] INFO  ratis.ContainerStateMachine (ContainerStateMachine.java:loadSnapshot(230)) - group-E34519B9C6E2: The snapshot info is null. Setting the last applied indexto:(t:0, i:~)
2019-09-18 13:27:31,215 [pool-383-thread-1] INFO  server.RaftServerConfigKeys (ConfUtils.java:logGet(43)) - raft.server.log.use.memory = false (default)
2019-09-18 13:27:31,215 [pool-403-thread-1] INFO  server.RaftServerConfigKeys (ConfUtils.java:logGet(43)) - raft.server.notification.no-leader.timeout = 120s (custom)
2019-09-18 13:27:31,216 [pool-383-thread-1] INFO  server.RaftServerConfigKeys (ConfUtils.java:logGet(43)) - raft.server.log.purge.gap = 1000000 (custom)
2019-09-18 13:27:31,216 [pool-393-thread-1] INFO  server.RaftServerConfigKeys (ConfUtils.java:logGet(43)) - raft.server.notification.no-leader.timeout = 120s (custom)
2019-09-18 13:27:31,216 [pool-383-thread-1] INFO  server.RaftServerConfigKeys (ConfUtils.java:logGet(43)) - raft.server.log.appender.buffer.byte-limit = 33554432 (custom)
2019-09-18 13:27:31,216 [pool-403-thread-1] INFO  server.RaftServerConfigKeys (ConfUtils.java:logGet(43)) - raft.server.log.use.memory = false (default)
2019-09-18 13:27:31,216 [pool-383-thread-1] INFO  server.RaftServerConfigKeys (ConfUtils.java:logGet(43)) - raft.server.log.segment.size.max = 1048576 (custom)
2019-09-18 13:27:31,216 [pool-393-thread-1] INFO  server.RaftServerConfigKeys (ConfUtils.java:logGet(43)) - raft.server.log.use.memory = false (default)
2019-09-18 13:27:31,217 [pool-383-thread-1] INFO  server.RaftServerConfigKeys (ConfUtils.java:logGet(43)) - raft.server.log.segment.cache.num.max = 2 (custom)
2019-09-18 13:27:31,216 [pool-403-thread-1] INFO  server.RaftServerConfigKeys (ConfUtils.java:logGet(43)) - raft.server.log.purge.gap = 1000000 (custom)
2019-09-18 13:27:31,217 [pool-383-thread-1] INFO  segmented.SegmentedRaftLogWorker (SegmentedRaftLogWorker.java:<init>(172)) - new 18439327-be65-4068-9515-28c8c63af9f3@group-E34519B9C6E2-SegmentedRaftLogWorker for RaftStorage:Storage Directory /workdir/hadoop-ozone/integration-test/target/test-dir/MiniOzoneClusterImpl-f2e8a8ee-9676-419b-87c2-1ce192a62e22/datanode-0/data/ratis/7797ad4c-e9a1-4e20-877e-e34519b9c6e2
2019-09-18 13:27:31,217 [pool-393-thread-1] INFO  server.RaftServerConfigKeys (ConfUtils.java:logGet(43)) - raft.server.log.purge.gap = 1000000 (custom)
2019-09-18 13:27:31,217 [pool-383-thread-1] INFO  server.RaftServerConfigKeys (ConfUtils.java:logGet(43)) - raft.server.log.queue.byte-limit = 2147483647 (custom)
2019-09-18 13:27:31,217 [pool-403-thread-1] INFO  server.RaftServerConfigKeys (ConfUtils.java:logGet(43)) - raft.server.log.appender.buffer.byte-limit = 33554432 (custom)
2019-09-18 13:27:31,217 [pool-383-thread-1] INFO  server.RaftServerConfigKeys (ConfUtils.java:logGet(43)) - raft.server.log.queue.element-limit = 1024 (custom)
2019-09-18 13:27:31,217 [pool-393-thread-1] INFO  server.RaftServerConfigKeys (ConfUtils.java:logGet(43)) - raft.server.log.appender.buffer.byte-limit = 33554432 (custom)
2019-09-18 13:27:31,218 [pool-383-thread-1] INFO  server.RaftServerConfigKeys (ConfUtils.java:logGet(43)) - raft.server.log.segment.size.max = 1048576 (custom)
2019-09-18 13:27:31,217 [pool-403-thread-1] INFO  server.RaftServerConfigKeys (ConfUtils.java:logGet(43)) - raft.server.log.segment.size.max = 1048576 (custom)
2019-09-18 13:27:31,218 [pool-383-thread-1] INFO  server.RaftServerConfigKeys (ConfUtils.java:logGet(43)) - raft.server.log.preallocated.size = 16384 (custom)
2019-09-18 13:27:31,218 [pool-393-thread-1] INFO  server.RaftServerConfigKeys (ConfUtils.java:logGet(43)) - raft.server.log.segment.size.max = 1048576 (custom)
2019-09-18 13:27:31,218 [pool-383-thread-1] INFO  server.RaftServerConfigKeys (ConfUtils.java:logGet(43)) - raft.server.log.write.buffer.size = 33554432 (custom)
2019-09-18 13:27:31,218 [pool-403-thread-1] INFO  server.RaftServerConfigKeys (ConfUtils.java:logGet(43)) - raft.server.log.segment.cache.num.max = 2 (custom)
2019-09-18 13:27:31,219 [pool-383-thread-1] INFO  server.RaftServerConfigKeys (ConfUtils.java:logGet(43)) - raft.server.log.force.sync.num = 128 (default)
2019-09-18 13:27:31,218 [pool-393-thread-1] INFO  server.RaftServerConfigKeys (ConfUtils.java:logGet(43)) - raft.server.log.segment.cache.num.max = 2 (custom)
2019-09-18 13:27:31,219 [pool-383-thread-1] INFO  server.RaftServerConfigKeys (ConfUtils.java:logGet(43)) - raft.server.log.statemachine.data.sync = true (default)
2019-09-18 13:27:31,219 [pool-403-thread-1] INFO  segmented.SegmentedRaftLogWorker (SegmentedRaftLogWorker.java:<init>(172)) - new 5fac6a4b-8344-49e3-9993-69afe56dcf94@group-E34519B9C6E2-SegmentedRaftLogWorker for RaftStorage:Storage Directory /workdir/hadoop-ozone/integration-test/target/test-dir/MiniOzoneClusterImpl-f2e8a8ee-9676-419b-87c2-1ce192a62e22/datanode-2/data/ratis/7797ad4c-e9a1-4e20-877e-e34519b9c6e2
2019-09-18 13:27:31,219 [pool-383-thread-1] INFO  server.RaftServerConfigKeys (ConfUtils.java:logGet(43)) - raft.server.log.statemachine.data.sync.timeout = 10s (default)
2019-09-18 13:27:31,219 [pool-393-thread-1] INFO  segmented.SegmentedRaftLogWorker (SegmentedRaftLogWorker.java:<init>(172)) - new a612795e-22d0-4c35-b04c-74664e93dea5@group-E34519B9C6E2-SegmentedRaftLogWorker for RaftStorage:Storage Directory /workdir/hadoop-ozone/integration-test/target/test-dir/MiniOzoneClusterImpl-f2e8a8ee-9676-419b-87c2-1ce192a62e22/datanode-1/data/ratis/7797ad4c-e9a1-4e20-877e-e34519b9c6e2
2019-09-18 13:27:31,219 [pool-383-thread-1] INFO  server.RaftServerConfigKeys (ConfUtils.java:logGet(43)) - raft.server.log.statemachine.data.sync.timeout.retry = -1 (default)
2019-09-18 13:27:31,219 [pool-403-thread-1] INFO  server.RaftServerConfigKeys (ConfUtils.java:logGet(43)) - raft.server.log.queue.byte-limit = 2147483647 (custom)
2019-09-18 13:27:31,220 [pool-383-thread-1] INFO  server.RaftServerConfigKeys (ConfUtils.java:logGet(43)) - raft.server.log.statemachine.data.caching.enabled = true (custom)
2019-09-18 13:27:31,220 [pool-393-thread-1] INFO  server.RaftServerConfigKeys (ConfUtils.java:logGet(43)) - raft.server.log.queue.byte-limit = 2147483647 (custom)
2019-09-18 13:27:31,220 [pool-403-thread-1] INFO  server.RaftServerConfigKeys (ConfUtils.java:logGet(43)) - raft.server.log.queue.element-limit = 1024 (custom)
2019-09-18 13:27:31,220 [pool-383-thread-1] INFO  segmented.SegmentedRaftLogWorker (SegmentedRaftLogWorker.java:lambda$new$0(132)) - 18439327-be65-4068-9515-28c8c63af9f3@group-E34519B9C6E2-SegmentedRaftLogWorker: flushIndex: setUnconditionally 0 -> -1
2019-09-18 13:27:31,220 [pool-393-thread-1] INFO  server.RaftServerConfigKeys (ConfUtils.java:logGet(43)) - raft.server.log.queue.element-limit = 1024 (custom)
2019-09-18 13:27:31,220 [pool-403-thread-1] INFO  server.RaftServerConfigKeys (ConfUtils.java:logGet(43)) - raft.server.log.segment.size.max = 1048576 (custom)
2019-09-18 13:27:31,221 [pool-393-thread-1] INFO  server.RaftServerConfigKeys (ConfUtils.java:logGet(43)) - raft.server.log.segment.size.max = 1048576 (custom)
2019-09-18 13:27:31,221 [pool-383-thread-1] INFO  server.RaftServerConfigKeys (ConfUtils.java:logGet(43)) - raft.server.snapshot.auto.trigger.enabled = true (custom)
2019-09-18 13:27:31,221 [pool-393-thread-1] INFO  server.RaftServerConfigKeys (ConfUtils.java:logGet(43)) - raft.server.log.preallocated.size = 16384 (custom)
2019-09-18 13:27:31,221 [pool-403-thread-1] INFO  server.RaftServerConfigKeys (ConfUtils.java:logGet(43)) - raft.server.log.preallocated.size = 16384 (custom)
2019-09-18 13:27:31,221 [pool-393-thread-1] INFO  server.RaftServerConfigKeys (ConfUtils.java:logGet(43)) - raft.server.log.write.buffer.size = 33554432 (custom)
2019-09-18 13:27:31,221 [pool-383-thread-1] INFO  server.RaftServerConfigKeys (ConfUtils.java:logGet(43)) - raft.server.snapshot.auto.trigger.threshold = 10000 (custom)
2019-09-18 13:27:31,221 [pool-393-thread-1] INFO  server.RaftServerConfigKeys (ConfUtils.java:logGet(43)) - raft.server.log.force.sync.num = 128 (default)
2019-09-18 13:27:31,221 [pool-403-thread-1] INFO  server.RaftServerConfigKeys (ConfUtils.java:logGet(43)) - raft.server.log.write.buffer.size = 33554432 (custom)
2019-09-18 13:27:31,222 [pool-393-thread-1] INFO  server.RaftServerConfigKeys (ConfUtils.java:logGet(43)) - raft.server.log.statemachine.data.sync = true (default)
2019-09-18 13:27:31,222 [pool-383-thread-1] INFO  server.RaftServerConfigKeys (ConfUtils.java:logGet(43)) - raft.server.snapshot.retention.num.files = 5 (custom)
2019-09-18 13:27:31,222 [pool-393-thread-1] INFO  server.RaftServerConfigKeys (ConfUtils.java:logGet(43)) - raft.server.log.statemachine.data.sync.timeout = 10s (default)
2019-09-18 13:27:31,222 [pool-403-thread-1] INFO  server.RaftServerConfigKeys (ConfUtils.java:logGet(43)) - raft.server.log.force.sync.num = 128 (default)
2019-09-18 13:27:31,222 [pool-393-thread-1] INFO  server.RaftServerConfigKeys (ConfUtils.java:logGet(43)) - raft.server.log.statemachine.data.sync.timeout.retry = -1 (default)
2019-09-18 13:27:31,222 [pool-383-thread-1] INFO  server.RaftServerConfigKeys (ConfUtils.java:logGet(43)) - raft.server.retrycache.expirytime = 600000ms (custom)
2019-09-18 13:27:31,223 [pool-393-thread-1] INFO  server.RaftServerConfigKeys (ConfUtils.java:logGet(43)) - raft.server.log.statemachine.data.caching.enabled = true (custom)
2019-09-18 13:27:31,222 [pool-403-thread-1] INFO  server.RaftServerConfigKeys (ConfUtils.java:logGet(43)) - raft.server.log.statemachine.data.sync = true (default)
2019-09-18 13:27:31,223 [pool-403-thread-1] INFO  server.RaftServerConfigKeys (ConfUtils.java:logGet(43)) - raft.server.log.statemachine.data.sync.timeout = 10s (default)
2019-09-18 13:27:31,223 [pool-393-thread-1] INFO  segmented.SegmentedRaftLogWorker (SegmentedRaftLogWorker.java:lambda$new$0(132)) - a612795e-22d0-4c35-b04c-74664e93dea5@group-E34519B9C6E2-SegmentedRaftLogWorker: flushIndex: setUnconditionally 0 -> -1
2019-09-18 13:27:31,223 [pool-403-thread-1] INFO  server.RaftServerConfigKeys (ConfUtils.java:logGet(43)) - raft.server.log.statemachine.data.sync.timeout.retry = -1 (default)
2019-09-18 13:27:31,223 [pool-403-thread-1] INFO  server.RaftServerConfigKeys (ConfUtils.java:logGet(43)) - raft.server.log.statemachine.data.caching.enabled = true (custom)
2019-09-18 13:27:31,224 [pool-393-thread-1] INFO  server.RaftServerConfigKeys (ConfUtils.java:logGet(43)) - raft.server.snapshot.auto.trigger.enabled = true (custom)
2019-09-18 13:27:31,224 [pool-403-thread-1] INFO  segmented.SegmentedRaftLogWorker (SegmentedRaftLogWorker.java:lambda$new$0(132)) - 5fac6a4b-8344-49e3-9993-69afe56dcf94@group-E34519B9C6E2-SegmentedRaftLogWorker: flushIndex: setUnconditionally 0 -> -1
2019-09-18 13:27:31,224 [pool-393-thread-1] INFO  server.RaftServerConfigKeys (ConfUtils.java:logGet(43)) - raft.server.snapshot.auto.trigger.threshold = 10000 (custom)
2019-09-18 13:27:31,224 [pool-393-thread-1] INFO  server.RaftServerConfigKeys (ConfUtils.java:logGet(43)) - raft.server.snapshot.retention.num.files = 5 (custom)
2019-09-18 13:27:31,224 [pool-403-thread-1] INFO  server.RaftServerConfigKeys (ConfUtils.java:logGet(43)) - raft.server.snapshot.auto.trigger.enabled = true (custom)
2019-09-18 13:27:31,224 [pool-393-thread-1] INFO  server.RaftServerConfigKeys (ConfUtils.java:logGet(43)) - raft.server.retrycache.expirytime = 600000ms (custom)
2019-09-18 13:27:31,224 [pool-403-thread-1] INFO  server.RaftServerConfigKeys (ConfUtils.java:logGet(43)) - raft.server.snapshot.auto.trigger.threshold = 10000 (custom)
2019-09-18 13:27:31,225 [pool-403-thread-1] INFO  server.RaftServerConfigKeys (ConfUtils.java:logGet(43)) - raft.server.snapshot.retention.num.files = 5 (custom)
2019-09-18 13:27:31,225 [pool-403-thread-1] INFO  server.RaftServerConfigKeys (ConfUtils.java:logGet(43)) - raft.server.retrycache.expirytime = 600000ms (custom)
2019-09-18 13:27:31,225 [pool-383-thread-1] INFO  impl.RaftServerImpl (RaftServerImpl.java:start(185)) - 18439327-be65-4068-9515-28c8c63af9f3@group-E34519B9C6E2: start as a follower, conf=-1: [5fac6a4b-8344-49e3-9993-69afe56dcf94:192.168.69.108:41410, a612795e-22d0-4c35-b04c-74664e93dea5:192.168.69.108:46165, 18439327-be65-4068-9515-28c8c63af9f3:192.168.69.108:37667], old=null
2019-09-18 13:27:31,225 [pool-383-thread-1] INFO  impl.RaftServerImpl (RaftServerImpl.java:setRole(174)) - 18439327-be65-4068-9515-28c8c63af9f3@group-E34519B9C6E2: changes role from      null to FOLLOWER at term 0 for startAsFollower
2019-09-18 13:27:31,225 [pool-383-thread-1] INFO  impl.RoleInfo (RoleInfo.java:updateAndGet(143)) - 18439327-be65-4068-9515-28c8c63af9f3: start FollowerState
2019-09-18 13:27:31,226 [pool-383-thread-1] INFO  util.JmxRegister (JmxRegister.java:tryRegister(44)) - Successfully registered JMX Bean with object name Ratis:service=RaftServer,group=group-E34519B9C6E2,id=18439327-be65-4068-9515-28c8c63af9f3
2019-09-18 13:27:31,227 [pool-393-thread-1] INFO  impl.RaftServerImpl (RaftServerImpl.java:start(185)) - a612795e-22d0-4c35-b04c-74664e93dea5@group-E34519B9C6E2: start as a follower, conf=-1: [5fac6a4b-8344-49e3-9993-69afe56dcf94:192.168.69.108:41410, a612795e-22d0-4c35-b04c-74664e93dea5:192.168.69.108:46165, 18439327-be65-4068-9515-28c8c63af9f3:192.168.69.108:37667], old=null
2019-09-18 13:27:31,227 [pool-403-thread-1] INFO  impl.RaftServerImpl (RaftServerImpl.java:start(185)) - 5fac6a4b-8344-49e3-9993-69afe56dcf94@group-E34519B9C6E2: start as a follower, conf=-1: [5fac6a4b-8344-49e3-9993-69afe56dcf94:192.168.69.108:41410, a612795e-22d0-4c35-b04c-74664e93dea5:192.168.69.108:46165, 18439327-be65-4068-9515-28c8c63af9f3:192.168.69.108:37667], old=null
2019-09-18 13:27:31,227 [pool-393-thread-1] INFO  impl.RaftServerImpl (RaftServerImpl.java:setRole(174)) - a612795e-22d0-4c35-b04c-74664e93dea5@group-E34519B9C6E2: changes role from      null to FOLLOWER at term 0 for startAsFollower
2019-09-18 13:27:31,227 [pool-403-thread-1] INFO  impl.RaftServerImpl (RaftServerImpl.java:setRole(174)) - 5fac6a4b-8344-49e3-9993-69afe56dcf94@group-E34519B9C6E2: changes role from      null to FOLLOWER at term 0 for startAsFollower
2019-09-18 13:27:31,228 [pool-393-thread-1] INFO  impl.RoleInfo (RoleInfo.java:updateAndGet(143)) - a612795e-22d0-4c35-b04c-74664e93dea5: start FollowerState
2019-09-18 13:27:31,228 [pool-403-thread-1] INFO  impl.RoleInfo (RoleInfo.java:updateAndGet(143)) - 5fac6a4b-8344-49e3-9993-69afe56dcf94: start FollowerState
2019-09-18 13:27:31,228 [pool-393-thread-1] INFO  util.JmxRegister (JmxRegister.java:tryRegister(44)) - Successfully registered JMX Bean with object name Ratis:service=RaftServer,group=group-E34519B9C6E2,id=a612795e-22d0-4c35-b04c-74664e93dea5
2019-09-18 13:27:31,228 [pool-403-thread-1] INFO  util.JmxRegister (JmxRegister.java:tryRegister(44)) - Successfully registered JMX Bean with object name Ratis:service=RaftServer,group=group-E34519B9C6E2,id=5fac6a4b-8344-49e3-9993-69afe56dcf94
2019-09-18 13:27:31,230 [RatisPipelineUtilsThread] INFO  pipeline.PipelineStateManager (PipelineStateManager.java:addPipeline(56)) - Created pipeline Pipeline[ Id: 7797ad4c-e9a1-4e20-877e-e34519b9c6e2, Nodes: a612795e-22d0-4c35-b04c-74664e93dea5{ip: 192.168.69.108, host: pr-hdds-2141-4zm8s-3863693661, networkLocation: /default-rack, certSerialId: null}5fac6a4b-8344-49e3-9993-69afe56dcf94{ip: 192.168.69.108, host: pr-hdds-2141-4zm8s-3863693661, networkLocation: /default-rack, certSerialId: null}18439327-be65-4068-9515-28c8c63af9f3{ip: 192.168.69.108, host: pr-hdds-2141-4zm8s-3863693661, networkLocation: /default-rack, certSerialId: null}, Type:RATIS, Factor:THREE, State:OPEN]
2019-09-18 13:27:31,403 [IPC Server handler 5 on 39447] INFO  net.NetworkTopology (NetworkTopologyImpl.java:add(111)) - Added a new node: /default-rack/5125f337-8d07-43f4-91dc-eeccf46a2213
2019-09-18 13:27:31,403 [IPC Server handler 5 on 39447] INFO  node.SCMNodeManager (SCMNodeManager.java:register(266)) - Registered Data node : 5125f337-8d07-43f4-91dc-eeccf46a2213{ip: 192.168.69.108, host: pr-hdds-2141-4zm8s-3863693661, networkLocation: /default-rack, certSerialId: null}
2019-09-18 13:27:31,413 [grpc-default-executor-3] INFO  impl.RaftServerProxy (RaftServerProxy.java:addNew(89)) - 5125f337-8d07-43f4-91dc-eeccf46a2213: addNew group-EAC688463CC0:[5125f337-8d07-43f4-91dc-eeccf46a2213:192.168.69.108:41367] returns group-EAC688463CC0:java.util.concurrent.CompletableFuture@41ed9de6[Not completed]
2019-09-18 13:27:31,414 [pool-413-thread-1] INFO  impl.RaftServerImpl (RaftServerImpl.java:<init>(95)) - 5125f337-8d07-43f4-91dc-eeccf46a2213: new RaftServerImpl for group-EAC688463CC0:[5125f337-8d07-43f4-91dc-eeccf46a2213:192.168.69.108:41367] with ContainerStateMachine:uninitialized
2019-09-18 13:27:31,414 [pool-413-thread-1] INFO  server.RaftServerConfigKeys (ConfUtils.java:logGet(43)) - raft.server.rpc.timeout.min = 5s (custom)
2019-09-18 13:27:31,415 [pool-413-thread-1] INFO  server.RaftServerConfigKeys (ConfUtils.java:logGet(43)) - raft.server.rpc.timeout.max = 5200ms (custom)
2019-09-18 13:27:31,415 [pool-413-thread-1] INFO  server.RaftServerConfigKeys (ConfUtils.java:logGet(43)) - raft.server.rpcslowness.timeout = 120s (custom)
2019-09-18 13:27:31,415 [pool-413-thread-1] INFO  server.RaftServerConfigKeys (ConfUtils.java:logGet(43)) - raft.server.sleep.deviation.threshold = 300 (default)
2019-09-18 13:27:31,415 [pool-413-thread-1] INFO  server.RaftServerConfigKeys (ConfUtils.java:logGet(43)) - raft.server.log.appender.install.snapshot.enabled = false (custom)
2019-09-18 13:27:31,415 [pool-413-thread-1] INFO  impl.RaftServerImpl (ServerState.java:<init>(103)) - 5125f337-8d07-43f4-91dc-eeccf46a2213@group-EAC688463CC0: ConfigurationManager, init=-1: [5125f337-8d07-43f4-91dc-eeccf46a2213:192.168.69.108:41367], old=null, confs=<EMPTY_MAP>
2019-09-18 13:27:31,415 [pool-413-thread-1] INFO  server.RaftServerConfigKeys (ConfUtils.java:logGet(43)) - raft.server.storage.dir = [/workdir/hadoop-ozone/integration-test/target/test-dir/MiniOzoneClusterImpl-f2e8a8ee-9676-419b-87c2-1ce192a62e22/datanode-3/data/ratis] (custom)
2019-09-18 13:27:31,415 [pool-413-thread-1] INFO  storage.RaftStorageDirectory (RaftStorageDirectory.java:analyzeStorage(246)) - The storage directory /workdir/hadoop-ozone/integration-test/target/test-dir/MiniOzoneClusterImpl-f2e8a8ee-9676-419b-87c2-1ce192a62e22/datanode-3/data/ratis/576cdc8c-5543-4cd5-9124-eac688463cc0 does not exist. Creating ...
2019-09-18 13:27:31,428 [pool-413-thread-1] INFO  storage.RaftStorageDirectory (RaftStorageDirectory.java:tryLock(328)) - Lock on /workdir/hadoop-ozone/integration-test/target/test-dir/MiniOzoneClusterImpl-f2e8a8ee-9676-419b-87c2-1ce192a62e22/datanode-3/data/ratis/576cdc8c-5543-4cd5-9124-eac688463cc0/in_use.lock acquired by nodename 31185@pr-hdds-2141-4zm8s-3863693661
2019-09-18 13:27:31,441 [pool-413-thread-1] INFO  storage.RaftStorage (RaftStorage.java:format(72)) - Storage directory /workdir/hadoop-ozone/integration-test/target/test-dir/MiniOzoneClusterImpl-f2e8a8ee-9676-419b-87c2-1ce192a62e22/datanode-3/data/ratis/576cdc8c-5543-4cd5-9124-eac688463cc0 has been successfully formatted.
2019-09-18 13:27:31,442 [pool-413-thread-1] INFO  ratis.ContainerStateMachine (ContainerStateMachine.java:loadSnapshot(230)) - group-EAC688463CC0: The snapshot info is null. Setting the last applied indexto:(t:0, i:~)
2019-09-18 13:27:31,442 [pool-413-thread-1] INFO  server.RaftServerConfigKeys (ConfUtils.java:logGet(43)) - raft.server.notification.no-leader.timeout = 120s (custom)
2019-09-18 13:27:31,442 [pool-413-thread-1] INFO  server.RaftServerConfigKeys (ConfUtils.java:logGet(43)) - raft.server.log.use.memory = false (default)
2019-09-18 13:27:31,442 [pool-413-thread-1] INFO  server.RaftServerConfigKeys (ConfUtils.java:logGet(43)) - raft.server.log.purge.gap = 1000000 (custom)
2019-09-18 13:27:31,442 [pool-413-thread-1] INFO  server.RaftServerConfigKeys (ConfUtils.java:logGet(43)) - raft.server.log.appender.buffer.byte-limit = 33554432 (custom)
2019-09-18 13:27:31,442 [pool-413-thread-1] INFO  server.RaftServerConfigKeys (ConfUtils.java:logGet(43)) - raft.server.log.segment.size.max = 1048576 (custom)
2019-09-18 13:27:31,442 [pool-413-thread-1] INFO  server.RaftServerConfigKeys (ConfUtils.java:logGet(43)) - raft.server.log.segment.cache.num.max = 2 (custom)
2019-09-18 13:27:31,442 [pool-413-thread-1] INFO  segmented.SegmentedRaftLogWorker (SegmentedRaftLogWorker.java:<init>(172)) - new 5125f337-8d07-43f4-91dc-eeccf46a2213@group-EAC688463CC0-SegmentedRaftLogWorker for RaftStorage:Storage Directory /workdir/hadoop-ozone/integration-test/target/test-dir/MiniOzoneClusterImpl-f2e8a8ee-9676-419b-87c2-1ce192a62e22/datanode-3/data/ratis/576cdc8c-5543-4cd5-9124-eac688463cc0
2019-09-18 13:27:31,444 [pool-413-thread-1] INFO  server.RaftServerConfigKeys (ConfUtils.java:logGet(43)) - raft.server.log.queue.byte-limit = 2147483647 (custom)
2019-09-18 13:27:31,444 [pool-413-thread-1] INFO  server.RaftServerConfigKeys (ConfUtils.java:logGet(43)) - raft.server.log.queue.element-limit = 1024 (custom)
2019-09-18 13:27:31,444 [pool-413-thread-1] INFO  server.RaftServerConfigKeys (ConfUtils.java:logGet(43)) - raft.server.log.segment.size.max = 1048576 (custom)
2019-09-18 13:27:31,444 [pool-413-thread-1] INFO  server.RaftServerConfigKeys (ConfUtils.java:logGet(43)) - raft.server.log.preallocated.size = 16384 (custom)
2019-09-18 13:27:31,444 [pool-413-thread-1] INFO  server.RaftServerConfigKeys (ConfUtils.java:logGet(43)) - raft.server.log.write.buffer.size = 33554432 (custom)
2019-09-18 13:27:31,444 [pool-413-thread-1] INFO  server.RaftServerConfigKeys (ConfUtils.java:logGet(43)) - raft.server.log.force.sync.num = 128 (default)
2019-09-18 13:27:31,445 [pool-413-thread-1] INFO  server.RaftServerConfigKeys (ConfUtils.java:logGet(43)) - raft.server.log.statemachine.data.sync = true (default)
2019-09-18 13:27:31,445 [pool-413-thread-1] INFO  server.RaftServerConfigKeys (ConfUtils.java:logGet(43)) - raft.server.log.statemachine.data.sync.timeout = 10s (default)
2019-09-18 13:27:31,445 [pool-413-thread-1] INFO  server.RaftServerConfigKeys (ConfUtils.java:logGet(43)) - raft.server.log.statemachine.data.sync.timeout.retry = -1 (default)
2019-09-18 13:27:31,445 [pool-413-thread-1] INFO  server.RaftServerConfigKeys (ConfUtils.java:logGet(43)) - raft.server.log.statemachine.data.caching.enabled = true (custom)
2019-09-18 13:27:31,445 [pool-413-thread-1] INFO  segmented.SegmentedRaftLogWorker (SegmentedRaftLogWorker.java:lambda$new$0(132)) - 5125f337-8d07-43f4-91dc-eeccf46a2213@group-EAC688463CC0-SegmentedRaftLogWorker: flushIndex: setUnconditionally 0 -> -1
2019-09-18 13:27:31,446 [pool-413-thread-1] INFO  server.RaftServerConfigKeys (ConfUtils.java:logGet(43)) - raft.server.snapshot.auto.trigger.enabled = true (custom)
2019-09-18 13:27:31,446 [pool-413-thread-1] INFO  server.RaftServerConfigKeys (ConfUtils.java:logGet(43)) - raft.server.snapshot.auto.trigger.threshold = 10000 (custom)
2019-09-18 13:27:31,446 [pool-413-thread-1] INFO  server.RaftServerConfigKeys (ConfUtils.java:logGet(43)) - raft.server.snapshot.retention.num.files = 5 (custom)
2019-09-18 13:27:31,446 [pool-413-thread-1] INFO  server.RaftServerConfigKeys (ConfUtils.java:logGet(43)) - raft.server.retrycache.expirytime = 600000ms (custom)
2019-09-18 13:27:31,448 [pool-413-thread-1] INFO  impl.RaftServerImpl (RaftServerImpl.java:start(185)) - 5125f337-8d07-43f4-91dc-eeccf46a2213@group-EAC688463CC0: start as a follower, conf=-1: [5125f337-8d07-43f4-91dc-eeccf46a2213:192.168.69.108:41367], old=null
2019-09-18 13:27:31,448 [pool-413-thread-1] INFO  impl.RaftServerImpl (RaftServerImpl.java:setRole(174)) - 5125f337-8d07-43f4-91dc-eeccf46a2213@group-EAC688463CC0: changes role from      null to FOLLOWER at term 0 for startAsFollower
2019-09-18 13:27:31,448 [pool-413-thread-1] INFO  impl.RoleInfo (RoleInfo.java:updateAndGet(143)) - 5125f337-8d07-43f4-91dc-eeccf46a2213: start FollowerState
2019-09-18 13:27:31,448 [pool-413-thread-1] INFO  util.JmxRegister (JmxRegister.java:tryRegister(44)) - Successfully registered JMX Bean with object name Ratis:service=RaftServer,group=group-EAC688463CC0,id=5125f337-8d07-43f4-91dc-eeccf46a2213
2019-09-18 13:27:31,451 [RatisPipelineUtilsThread] INFO  pipeline.PipelineStateManager (PipelineStateManager.java:addPipeline(56)) - Created pipeline Pipeline[ Id: 576cdc8c-5543-4cd5-9124-eac688463cc0, Nodes: 5125f337-8d07-43f4-91dc-eeccf46a2213{ip: 192.168.69.108, host: pr-hdds-2141-4zm8s-3863693661, networkLocation: /default-rack, certSerialId: null}, Type:RATIS, Factor:ONE, State:OPEN]
2019-09-18 13:27:31,588 [IPC Server handler 13 on 39447] INFO  net.NetworkTopology (NetworkTopologyImpl.java:add(111)) - Added a new node: /default-rack/cd0d5373-3169-45ee-b582-4482679ce23a
2019-09-18 13:27:31,588 [IPC Server handler 13 on 39447] INFO  node.SCMNodeManager (SCMNodeManager.java:register(266)) - Registered Data node : cd0d5373-3169-45ee-b582-4482679ce23a{ip: 192.168.69.108, host: pr-hdds-2141-4zm8s-3863693661, networkLocation: /default-rack, certSerialId: null}
2019-09-18 13:27:31,616 [grpc-default-executor-3] INFO  impl.RaftServerProxy (RaftServerProxy.java:addNew(89)) - cd0d5373-3169-45ee-b582-4482679ce23a: addNew group-1CD751C924AC:[cd0d5373-3169-45ee-b582-4482679ce23a:192.168.69.108:46356] returns group-1CD751C924AC:java.util.concurrent.CompletableFuture@3fc9d9e0[Not completed]
2019-09-18 13:27:31,617 [pool-423-thread-1] INFO  impl.RaftServerImpl (RaftServerImpl.java:<init>(95)) - cd0d5373-3169-45ee-b582-4482679ce23a: new RaftServerImpl for group-1CD751C924AC:[cd0d5373-3169-45ee-b582-4482679ce23a:192.168.69.108:46356] with ContainerStateMachine:uninitialized
2019-09-18 13:27:31,617 [pool-423-thread-1] INFO  server.RaftServerConfigKeys (ConfUtils.java:logGet(43)) - raft.server.rpc.timeout.min = 5s (custom)
2019-09-18 13:27:31,617 [pool-423-thread-1] INFO  server.RaftServerConfigKeys (ConfUtils.java:logGet(43)) - raft.server.rpc.timeout.max = 5200ms (custom)
2019-09-18 13:27:31,617 [pool-423-thread-1] INFO  server.RaftServerConfigKeys (ConfUtils.java:logGet(43)) - raft.server.rpcslowness.timeout = 120s (custom)
2019-09-18 13:27:31,617 [pool-423-thread-1] INFO  server.RaftServerConfigKeys (ConfUtils.java:logGet(43)) - raft.server.sleep.deviation.threshold = 300 (default)
2019-09-18 13:27:31,617 [pool-423-thread-1] INFO  server.RaftServerConfigKeys (ConfUtils.java:logGet(43)) - raft.server.log.appender.install.snapshot.enabled = false (custom)
2019-09-18 13:27:31,617 [pool-423-thread-1] INFO  impl.RaftServerImpl (ServerState.java:<init>(103)) - cd0d5373-3169-45ee-b582-4482679ce23a@group-1CD751C924AC: ConfigurationManager, init=-1: [cd0d5373-3169-45ee-b582-4482679ce23a:192.168.69.108:46356], old=null, confs=<EMPTY_MAP>
2019-09-18 13:27:31,617 [pool-423-thread-1] INFO  server.RaftServerConfigKeys (ConfUtils.java:logGet(43)) - raft.server.storage.dir = [/workdir/hadoop-ozone/integration-test/target/test-dir/MiniOzoneClusterImpl-f2e8a8ee-9676-419b-87c2-1ce192a62e22/datanode-4/data/ratis] (custom)
2019-09-18 13:27:31,618 [pool-423-thread-1] INFO  storage.RaftStorageDirectory (RaftStorageDirectory.java:analyzeStorage(246)) - The storage directory /workdir/hadoop-ozone/integration-test/target/test-dir/MiniOzoneClusterImpl-f2e8a8ee-9676-419b-87c2-1ce192a62e22/datanode-4/data/ratis/328abdc2-9c69-4872-b398-1cd751c924ac does not exist. Creating ...
2019-09-18 13:27:31,632 [pool-423-thread-1] INFO  storage.RaftStorageDirectory (RaftStorageDirectory.java:tryLock(328)) - Lock on /workdir/hadoop-ozone/integration-test/target/test-dir/MiniOzoneClusterImpl-f2e8a8ee-9676-419b-87c2-1ce192a62e22/datanode-4/data/ratis/328abdc2-9c69-4872-b398-1cd751c924ac/in_use.lock acquired by nodename 31185@pr-hdds-2141-4zm8s-3863693661
2019-09-18 13:27:31,653 [pool-423-thread-1] INFO  storage.RaftStorage (RaftStorage.java:format(72)) - Storage directory /workdir/hadoop-ozone/integration-test/target/test-dir/MiniOzoneClusterImpl-f2e8a8ee-9676-419b-87c2-1ce192a62e22/datanode-4/data/ratis/328abdc2-9c69-4872-b398-1cd751c924ac has been successfully formatted.
2019-09-18 13:27:31,654 [pool-423-thread-1] INFO  ratis.ContainerStateMachine (ContainerStateMachine.java:loadSnapshot(230)) - group-1CD751C924AC: The snapshot info is null. Setting the last applied indexto:(t:0, i:~)
2019-09-18 13:27:31,654 [pool-423-thread-1] INFO  server.RaftServerConfigKeys (ConfUtils.java:logGet(43)) - raft.server.notification.no-leader.timeout = 120s (custom)
2019-09-18 13:27:31,654 [pool-423-thread-1] INFO  server.RaftServerConfigKeys (ConfUtils.java:logGet(43)) - raft.server.log.use.memory = false (default)
2019-09-18 13:27:31,654 [pool-423-thread-1] INFO  server.RaftServerConfigKeys (ConfUtils.java:logGet(43)) - raft.server.log.purge.gap = 1000000 (custom)
2019-09-18 13:27:31,654 [pool-423-thread-1] INFO  server.RaftServerConfigKeys (ConfUtils.java:logGet(43)) - raft.server.log.appender.buffer.byte-limit = 33554432 (custom)
2019-09-18 13:27:31,655 [pool-423-thread-1] INFO  server.RaftServerConfigKeys (ConfUtils.java:logGet(43)) - raft.server.log.segment.size.max = 1048576 (custom)
2019-09-18 13:27:31,655 [pool-423-thread-1] INFO  server.RaftServerConfigKeys (ConfUtils.java:logGet(43)) - raft.server.log.segment.cache.num.max = 2 (custom)
2019-09-18 13:27:31,655 [pool-423-thread-1] INFO  segmented.SegmentedRaftLogWorker (SegmentedRaftLogWorker.java:<init>(172)) - new cd0d5373-3169-45ee-b582-4482679ce23a@group-1CD751C924AC-SegmentedRaftLogWorker for RaftStorage:Storage Directory /workdir/hadoop-ozone/integration-test/target/test-dir/MiniOzoneClusterImpl-f2e8a8ee-9676-419b-87c2-1ce192a62e22/datanode-4/data/ratis/328abdc2-9c69-4872-b398-1cd751c924ac
2019-09-18 13:27:31,656 [pool-423-thread-1] INFO  server.RaftServerConfigKeys (ConfUtils.java:logGet(43)) - raft.server.log.queue.byte-limit = 2147483647 (custom)
2019-09-18 13:27:31,657 [pool-423-thread-1] INFO  server.RaftServerConfigKeys (ConfUtils.java:logGet(43)) - raft.server.log.queue.element-limit = 1024 (custom)
2019-09-18 13:27:31,657 [pool-423-thread-1] INFO  server.RaftServerConfigKeys (ConfUtils.java:logGet(43)) - raft.server.log.segment.size.max = 1048576 (custom)
2019-09-18 13:27:31,657 [pool-423-thread-1] INFO  server.RaftServerConfigKeys (ConfUtils.java:logGet(43)) - raft.server.log.preallocated.size = 16384 (custom)
2019-09-18 13:27:31,657 [pool-423-thread-1] INFO  server.RaftServerConfigKeys (ConfUtils.java:logGet(43)) - raft.server.log.write.buffer.size = 33554432 (custom)
2019-09-18 13:27:31,657 [pool-423-thread-1] INFO  server.RaftServerConfigKeys (ConfUtils.java:logGet(43)) - raft.server.log.force.sync.num = 128 (default)
2019-09-18 13:27:31,657 [pool-423-thread-1] INFO  server.RaftServerConfigKeys (ConfUtils.java:logGet(43)) - raft.server.log.statemachine.data.sync = true (default)
2019-09-18 13:27:31,657 [pool-423-thread-1] INFO  server.RaftServerConfigKeys (ConfUtils.java:logGet(43)) - raft.server.log.statemachine.data.sync.timeout = 10s (default)
2019-09-18 13:27:31,657 [pool-423-thread-1] INFO  server.RaftServerConfigKeys (ConfUtils.java:logGet(43)) - raft.server.log.statemachine.data.sync.timeout.retry = -1 (default)
2019-09-18 13:27:31,658 [pool-423-thread-1] INFO  server.RaftServerConfigKeys (ConfUtils.java:logGet(43)) - raft.server.log.statemachine.data.caching.enabled = true (custom)
2019-09-18 13:27:31,658 [pool-423-thread-1] INFO  segmented.SegmentedRaftLogWorker (SegmentedRaftLogWorker.java:lambda$new$0(132)) - cd0d5373-3169-45ee-b582-4482679ce23a@group-1CD751C924AC-SegmentedRaftLogWorker: flushIndex: setUnconditionally 0 -> -1
2019-09-18 13:27:31,658 [pool-423-thread-1] INFO  server.RaftServerConfigKeys (ConfUtils.java:logGet(43)) - raft.server.snapshot.auto.trigger.enabled = true (custom)
2019-09-18 13:27:31,658 [pool-423-thread-1] INFO  server.RaftServerConfigKeys (ConfUtils.java:logGet(43)) - raft.server.snapshot.auto.trigger.threshold = 10000 (custom)
2019-09-18 13:27:31,658 [pool-423-thread-1] INFO  server.RaftServerConfigKeys (ConfUtils.java:logGet(43)) - raft.server.snapshot.retention.num.files = 5 (custom)
2019-09-18 13:27:31,659 [pool-423-thread-1] INFO  server.RaftServerConfigKeys (ConfUtils.java:logGet(43)) - raft.server.retrycache.expirytime = 600000ms (custom)
2019-09-18 13:27:31,660 [pool-423-thread-1] INFO  impl.RaftServerImpl (RaftServerImpl.java:start(185)) - cd0d5373-3169-45ee-b582-4482679ce23a@group-1CD751C924AC: start as a follower, conf=-1: [cd0d5373-3169-45ee-b582-4482679ce23a:192.168.69.108:46356], old=null
2019-09-18 13:27:31,660 [pool-423-thread-1] INFO  impl.RaftServerImpl (RaftServerImpl.java:setRole(174)) - cd0d5373-3169-45ee-b582-4482679ce23a@group-1CD751C924AC: changes role from      null to FOLLOWER at term 0 for startAsFollower
2019-09-18 13:27:31,661 [pool-423-thread-1] INFO  impl.RoleInfo (RoleInfo.java:updateAndGet(143)) - cd0d5373-3169-45ee-b582-4482679ce23a: start FollowerState
2019-09-18 13:27:31,661 [pool-423-thread-1] INFO  util.JmxRegister (JmxRegister.java:tryRegister(44)) - Successfully registered JMX Bean with object name Ratis:service=RaftServer,group=group-1CD751C924AC,id=cd0d5373-3169-45ee-b582-4482679ce23a
2019-09-18 13:27:31,663 [RatisPipelineUtilsThread] INFO  pipeline.PipelineStateManager (PipelineStateManager.java:addPipeline(56)) - Created pipeline Pipeline[ Id: 328abdc2-9c69-4872-b398-1cd751c924ac, Nodes: cd0d5373-3169-45ee-b582-4482679ce23a{ip: 192.168.69.108, host: pr-hdds-2141-4zm8s-3863693661, networkLocation: /default-rack, certSerialId: null}, Type:RATIS, Factor:ONE, State:OPEN]
2019-09-18 13:27:31,665 [IPC Server handler 2 on 39447] INFO  net.NetworkTopology (NetworkTopologyImpl.java:add(111)) - Added a new node: /default-rack/c3ede856-f24c-476c-ac0d-e0c199290fbb
2019-09-18 13:27:31,667 [IPC Server handler 2 on 39447] INFO  node.SCMNodeManager (SCMNodeManager.java:register(266)) - Registered Data node : c3ede856-f24c-476c-ac0d-e0c199290fbb{ip: 192.168.69.108, host: pr-hdds-2141-4zm8s-3863693661, networkLocation: /default-rack, certSerialId: null}
2019-09-18 13:27:31,677 [grpc-default-executor-5] INFO  impl.RaftServerProxy (RaftServerProxy.java:addNew(89)) - c3ede856-f24c-476c-ac0d-e0c199290fbb: addNew group-638B8FB0F588:[c3ede856-f24c-476c-ac0d-e0c199290fbb:192.168.69.108:38533, cd0d5373-3169-45ee-b582-4482679ce23a:192.168.69.108:46356, 5125f337-8d07-43f4-91dc-eeccf46a2213:192.168.69.108:41367] returns group-638B8FB0F588:java.util.concurrent.CompletableFuture@949c24b[Not completed]
2019-09-18 13:27:31,677 [grpc-default-executor-0] INFO  impl.RaftServerProxy (RaftServerProxy.java:addNew(89)) - 5125f337-8d07-43f4-91dc-eeccf46a2213: addNew group-638B8FB0F588:[c3ede856-f24c-476c-ac0d-e0c199290fbb:192.168.69.108:38533, cd0d5373-3169-45ee-b582-4482679ce23a:192.168.69.108:46356, 5125f337-8d07-43f4-91dc-eeccf46a2213:192.168.69.108:41367] returns group-638B8FB0F588:java.util.concurrent.CompletableFuture@3f27b596[Not completed]
2019-09-18 13:27:31,677 [grpc-default-executor-3] INFO  impl.RaftServerProxy (RaftServerProxy.java:addNew(89)) - cd0d5373-3169-45ee-b582-4482679ce23a: addNew group-638B8FB0F588:[c3ede856-f24c-476c-ac0d-e0c199290fbb:192.168.69.108:38533, cd0d5373-3169-45ee-b582-4482679ce23a:192.168.69.108:46356, 5125f337-8d07-43f4-91dc-eeccf46a2213:192.168.69.108:41367] returns group-638B8FB0F588:java.util.concurrent.CompletableFuture@775728bb[Not completed]
2019-09-18 13:27:31,679 [pool-433-thread-1] INFO  impl.RaftServerImpl (RaftServerImpl.java:<init>(95)) - c3ede856-f24c-476c-ac0d-e0c199290fbb: new RaftServerImpl for group-638B8FB0F588:[c3ede856-f24c-476c-ac0d-e0c199290fbb:192.168.69.108:38533, cd0d5373-3169-45ee-b582-4482679ce23a:192.168.69.108:46356, 5125f337-8d07-43f4-91dc-eeccf46a2213:192.168.69.108:41367] with ContainerStateMachine:uninitialized
2019-09-18 13:27:31,679 [pool-433-thread-1] INFO  server.RaftServerConfigKeys (ConfUtils.java:logGet(43)) - raft.server.rpc.timeout.min = 5s (custom)
2019-09-18 13:27:31,679 [pool-433-thread-1] INFO  server.RaftServerConfigKeys (ConfUtils.java:logGet(43)) - raft.server.rpc.timeout.max = 5200ms (custom)
2019-09-18 13:27:31,679 [pool-433-thread-1] INFO  server.RaftServerConfigKeys (ConfUtils.java:logGet(43)) - raft.server.rpcslowness.timeout = 120s (custom)
2019-09-18 13:27:31,680 [pool-433-thread-1] INFO  server.RaftServerConfigKeys (ConfUtils.java:logGet(43)) - raft.server.sleep.deviation.threshold = 300 (default)
2019-09-18 13:27:31,680 [pool-433-thread-1] INFO  server.RaftServerConfigKeys (ConfUtils.java:logGet(43)) - raft.server.log.appender.install.snapshot.enabled = false (custom)
2019-09-18 13:27:31,680 [pool-413-thread-1] INFO  impl.RaftServerImpl (RaftServerImpl.java:<init>(95)) - 5125f337-8d07-43f4-91dc-eeccf46a2213: new RaftServerImpl for group-638B8FB0F588:[c3ede856-f24c-476c-ac0d-e0c199290fbb:192.168.69.108:38533, cd0d5373-3169-45ee-b582-4482679ce23a:192.168.69.108:46356, 5125f337-8d07-43f4-91dc-eeccf46a2213:192.168.69.108:41367] with ContainerStateMachine:uninitialized
2019-09-18 13:27:31,680 [pool-433-thread-1] INFO  impl.RaftServerImpl (ServerState.java:<init>(103)) - c3ede856-f24c-476c-ac0d-e0c199290fbb@group-638B8FB0F588: ConfigurationManager, init=-1: [c3ede856-f24c-476c-ac0d-e0c199290fbb:192.168.69.108:38533, cd0d5373-3169-45ee-b582-4482679ce23a:192.168.69.108:46356, 5125f337-8d07-43f4-91dc-eeccf46a2213:192.168.69.108:41367], old=null, confs=<EMPTY_MAP>
2019-09-18 13:27:31,680 [pool-413-thread-1] INFO  server.RaftServerConfigKeys (ConfUtils.java:logGet(43)) - raft.server.rpc.timeout.min = 5s (custom)
2019-09-18 13:27:31,680 [pool-433-thread-1] INFO  server.RaftServerConfigKeys (ConfUtils.java:logGet(43)) - raft.server.storage.dir = [/workdir/hadoop-ozone/integration-test/target/test-dir/MiniOzoneClusterImpl-f2e8a8ee-9676-419b-87c2-1ce192a62e22/datanode-5/data/ratis] (custom)
2019-09-18 13:27:31,680 [pool-423-thread-1] INFO  impl.RaftServerImpl (RaftServerImpl.java:<init>(95)) - cd0d5373-3169-45ee-b582-4482679ce23a: new RaftServerImpl for group-638B8FB0F588:[c3ede856-f24c-476c-ac0d-e0c199290fbb:192.168.69.108:38533, cd0d5373-3169-45ee-b582-4482679ce23a:192.168.69.108:46356, 5125f337-8d07-43f4-91dc-eeccf46a2213:192.168.69.108:41367] with ContainerStateMachine:uninitialized
2019-09-18 13:27:31,680 [pool-413-thread-1] INFO  server.RaftServerConfigKeys (ConfUtils.java:logGet(43)) - raft.server.rpc.timeout.max = 5200ms (custom)
2019-09-18 13:27:31,680 [pool-423-thread-1] INFO  server.RaftServerConfigKeys (ConfUtils.java:logGet(43)) - raft.server.rpc.timeout.min = 5s (custom)
2019-09-18 13:27:31,680 [pool-413-thread-1] INFO  server.RaftServerConfigKeys (ConfUtils.java:logGet(43)) - raft.server.rpcslowness.timeout = 120s (custom)
2019-09-18 13:27:31,680 [pool-433-thread-1] INFO  storage.RaftStorageDirectory (RaftStorageDirectory.java:analyzeStorage(246)) - The storage directory /workdir/hadoop-ozone/integration-test/target/test-dir/MiniOzoneClusterImpl-f2e8a8ee-9676-419b-87c2-1ce192a62e22/datanode-5/data/ratis/21c1be49-b7f9-4c98-bc45-638b8fb0f588 does not exist. Creating ...
2019-09-18 13:27:31,681 [pool-413-thread-1] INFO  server.RaftServerConfigKeys (ConfUtils.java:logGet(43)) - raft.server.sleep.deviation.threshold = 300 (default)
2019-09-18 13:27:31,681 [pool-423-thread-1] INFO  server.RaftServerConfigKeys (ConfUtils.java:logGet(43)) - raft.server.rpc.timeout.max = 5200ms (custom)
2019-09-18 13:27:31,681 [pool-413-thread-1] INFO  server.RaftServerConfigKeys (ConfUtils.java:logGet(43)) - raft.server.log.appender.install.snapshot.enabled = false (custom)
2019-09-18 13:27:31,681 [pool-423-thread-1] INFO  server.RaftServerConfigKeys (ConfUtils.java:logGet(43)) - raft.server.rpcslowness.timeout = 120s (custom)
2019-09-18 13:27:31,681 [pool-413-thread-1] INFO  impl.RaftServerImpl (ServerState.java:<init>(103)) - 5125f337-8d07-43f4-91dc-eeccf46a2213@group-638B8FB0F588: ConfigurationManager, init=-1: [c3ede856-f24c-476c-ac0d-e0c199290fbb:192.168.69.108:38533, cd0d5373-3169-45ee-b582-4482679ce23a:192.168.69.108:46356, 5125f337-8d07-43f4-91dc-eeccf46a2213:192.168.69.108:41367], old=null, confs=<EMPTY_MAP>
2019-09-18 13:27:31,681 [pool-423-thread-1] INFO  server.RaftServerConfigKeys (ConfUtils.java:logGet(43)) - raft.server.sleep.deviation.threshold = 300 (default)
2019-09-18 13:27:31,681 [pool-413-thread-1] INFO  server.RaftServerConfigKeys (ConfUtils.java:logGet(43)) - raft.server.storage.dir = [/workdir/hadoop-ozone/integration-test/target/test-dir/MiniOzoneClusterImpl-f2e8a8ee-9676-419b-87c2-1ce192a62e22/datanode-3/data/ratis] (custom)
2019-09-18 13:27:31,681 [pool-423-thread-1] INFO  server.RaftServerConfigKeys (ConfUtils.java:logGet(43)) - raft.server.log.appender.install.snapshot.enabled = false (custom)
2019-09-18 13:27:31,682 [pool-423-thread-1] INFO  impl.RaftServerImpl (ServerState.java:<init>(103)) - cd0d5373-3169-45ee-b582-4482679ce23a@group-638B8FB0F588: ConfigurationManager, init=-1: [c3ede856-f24c-476c-ac0d-e0c199290fbb:192.168.69.108:38533, cd0d5373-3169-45ee-b582-4482679ce23a:192.168.69.108:46356, 5125f337-8d07-43f4-91dc-eeccf46a2213:192.168.69.108:41367], old=null, confs=<EMPTY_MAP>
2019-09-18 13:27:31,682 [pool-413-thread-1] INFO  storage.RaftStorageDirectory (RaftStorageDirectory.java:analyzeStorage(246)) - The storage directory /workdir/hadoop-ozone/integration-test/target/test-dir/MiniOzoneClusterImpl-f2e8a8ee-9676-419b-87c2-1ce192a62e22/datanode-3/data/ratis/21c1be49-b7f9-4c98-bc45-638b8fb0f588 does not exist. Creating ...
2019-09-18 13:27:31,682 [pool-423-thread-1] INFO  server.RaftServerConfigKeys (ConfUtils.java:logGet(43)) - raft.server.storage.dir = [/workdir/hadoop-ozone/integration-test/target/test-dir/MiniOzoneClusterImpl-f2e8a8ee-9676-419b-87c2-1ce192a62e22/datanode-4/data/ratis] (custom)
2019-09-18 13:27:31,682 [pool-423-thread-1] INFO  storage.RaftStorageDirectory (RaftStorageDirectory.java:analyzeStorage(246)) - The storage directory /workdir/hadoop-ozone/integration-test/target/test-dir/MiniOzoneClusterImpl-f2e8a8ee-9676-419b-87c2-1ce192a62e22/datanode-4/data/ratis/21c1be49-b7f9-4c98-bc45-638b8fb0f588 does not exist. Creating ...
2019-09-18 13:27:31,706 [pool-433-thread-1] INFO  storage.RaftStorageDirectory (RaftStorageDirectory.java:tryLock(328)) - Lock on /workdir/hadoop-ozone/integration-test/target/test-dir/MiniOzoneClusterImpl-f2e8a8ee-9676-419b-87c2-1ce192a62e22/datanode-5/data/ratis/21c1be49-b7f9-4c98-bc45-638b8fb0f588/in_use.lock acquired by nodename 31185@pr-hdds-2141-4zm8s-3863693661
2019-09-18 13:27:31,706 [pool-413-thread-1] INFO  storage.RaftStorageDirectory (RaftStorageDirectory.java:tryLock(328)) - Lock on /workdir/hadoop-ozone/integration-test/target/test-dir/MiniOzoneClusterImpl-f2e8a8ee-9676-419b-87c2-1ce192a62e22/datanode-3/data/ratis/21c1be49-b7f9-4c98-bc45-638b8fb0f588/in_use.lock acquired by nodename 31185@pr-hdds-2141-4zm8s-3863693661
2019-09-18 13:27:31,706 [pool-423-thread-1] INFO  storage.RaftStorageDirectory (RaftStorageDirectory.java:tryLock(328)) - Lock on /workdir/hadoop-ozone/integration-test/target/test-dir/MiniOzoneClusterImpl-f2e8a8ee-9676-419b-87c2-1ce192a62e22/datanode-4/data/ratis/21c1be49-b7f9-4c98-bc45-638b8fb0f588/in_use.lock acquired by nodename 31185@pr-hdds-2141-4zm8s-3863693661
2019-09-18 13:27:31,731 [pool-423-thread-1] INFO  storage.RaftStorage (RaftStorage.java:format(72)) - Storage directory /workdir/hadoop-ozone/integration-test/target/test-dir/MiniOzoneClusterImpl-f2e8a8ee-9676-419b-87c2-1ce192a62e22/datanode-4/data/ratis/21c1be49-b7f9-4c98-bc45-638b8fb0f588 has been successfully formatted.
2019-09-18 13:27:31,731 [pool-433-thread-1] INFO  storage.RaftStorage (RaftStorage.java:format(72)) - Storage directory /workdir/hadoop-ozone/integration-test/target/test-dir/MiniOzoneClusterImpl-f2e8a8ee-9676-419b-87c2-1ce192a62e22/datanode-5/data/ratis/21c1be49-b7f9-4c98-bc45-638b8fb0f588 has been successfully formatted.
2019-09-18 13:27:31,731 [pool-413-thread-1] INFO  storage.RaftStorage (RaftStorage.java:format(72)) - Storage directory /workdir/hadoop-ozone/integration-test/target/test-dir/MiniOzoneClusterImpl-f2e8a8ee-9676-419b-87c2-1ce192a62e22/datanode-3/data/ratis/21c1be49-b7f9-4c98-bc45-638b8fb0f588 has been successfully formatted.
2019-09-18 13:27:31,731 [pool-433-thread-1] INFO  ratis.ContainerStateMachine (ContainerStateMachine.java:loadSnapshot(230)) - group-638B8FB0F588: The snapshot info is null. Setting the last applied indexto:(t:0, i:~)
2019-09-18 13:27:31,731 [pool-423-thread-1] INFO  ratis.ContainerStateMachine (ContainerStateMachine.java:loadSnapshot(230)) - group-638B8FB0F588: The snapshot info is null. Setting the last applied indexto:(t:0, i:~)
2019-09-18 13:27:31,732 [pool-433-thread-1] INFO  server.RaftServerConfigKeys (ConfUtils.java:logGet(43)) - raft.server.notification.no-leader.timeout = 120s (custom)
2019-09-18 13:27:31,732 [pool-413-thread-1] INFO  ratis.ContainerStateMachine (ContainerStateMachine.java:loadSnapshot(230)) - group-638B8FB0F588: The snapshot info is null. Setting the last applied indexto:(t:0, i:~)
2019-09-18 13:27:31,732 [pool-433-thread-1] INFO  server.RaftServerConfigKeys (ConfUtils.java:logGet(43)) - raft.server.log.use.memory = false (default)
2019-09-18 13:27:31,732 [pool-423-thread-1] INFO  server.RaftServerConfigKeys (ConfUtils.java:logGet(43)) - raft.server.notification.no-leader.timeout = 120s (custom)
2019-09-18 13:27:31,732 [pool-433-thread-1] INFO  server.RaftServerConfigKeys (ConfUtils.java:logGet(43)) - raft.server.log.purge.gap = 1000000 (custom)
2019-09-18 13:27:31,732 [pool-413-thread-1] INFO  server.RaftServerConfigKeys (ConfUtils.java:logGet(43)) - raft.server.notification.no-leader.timeout = 120s (custom)
2019-09-18 13:27:31,732 [pool-433-thread-1] INFO  server.RaftServerConfigKeys (ConfUtils.java:logGet(43)) - raft.server.log.appender.buffer.byte-limit = 33554432 (custom)
2019-09-18 13:27:31,732 [pool-423-thread-1] INFO  server.RaftServerConfigKeys (ConfUtils.java:logGet(43)) - raft.server.log.use.memory = false (default)
2019-09-18 13:27:31,733 [pool-433-thread-1] INFO  server.RaftServerConfigKeys (ConfUtils.java:logGet(43)) - raft.server.log.segment.size.max = 1048576 (custom)
2019-09-18 13:27:31,732 [pool-413-thread-1] INFO  server.RaftServerConfigKeys (ConfUtils.java:logGet(43)) - raft.server.log.use.memory = false (default)
2019-09-18 13:27:31,733 [pool-433-thread-1] INFO  server.RaftServerConfigKeys (ConfUtils.java:logGet(43)) - raft.server.log.segment.cache.num.max = 2 (custom)
2019-09-18 13:27:31,733 [pool-423-thread-1] INFO  server.RaftServerConfigKeys (ConfUtils.java:logGet(43)) - raft.server.log.purge.gap = 1000000 (custom)
2019-09-18 13:27:31,733 [pool-433-thread-1] INFO  segmented.SegmentedRaftLogWorker (SegmentedRaftLogWorker.java:<init>(172)) - new c3ede856-f24c-476c-ac0d-e0c199290fbb@group-638B8FB0F588-SegmentedRaftLogWorker for RaftStorage:Storage Directory /workdir/hadoop-ozone/integration-test/target/test-dir/MiniOzoneClusterImpl-f2e8a8ee-9676-419b-87c2-1ce192a62e22/datanode-5/data/ratis/21c1be49-b7f9-4c98-bc45-638b8fb0f588
2019-09-18 13:27:31,733 [pool-413-thread-1] INFO  server.RaftServerConfigKeys (ConfUtils.java:logGet(43)) - raft.server.log.purge.gap = 1000000 (custom)
2019-09-18 13:27:31,733 [pool-423-thread-1] INFO  server.RaftServerConfigKeys (ConfUtils.java:logGet(43)) - raft.server.log.appender.buffer.byte-limit = 33554432 (custom)
2019-09-18 13:27:31,733 [pool-413-thread-1] INFO  server.RaftServerConfigKeys (ConfUtils.java:logGet(43)) - raft.server.log.appender.buffer.byte-limit = 33554432 (custom)
2019-09-18 13:27:31,733 [pool-423-thread-1] INFO  server.RaftServerConfigKeys (ConfUtils.java:logGet(43)) - raft.server.log.segment.size.max = 1048576 (custom)
2019-09-18 13:27:31,734 [pool-413-thread-1] INFO  server.RaftServerConfigKeys (ConfUtils.java:logGet(43)) - raft.server.log.segment.size.max = 1048576 (custom)
2019-09-18 13:27:31,734 [pool-423-thread-1] INFO  server.RaftServerConfigKeys (ConfUtils.java:logGet(43)) - raft.server.log.segment.cache.num.max = 2 (custom)
2019-09-18 13:27:31,734 [pool-413-thread-1] INFO  server.RaftServerConfigKeys (ConfUtils.java:logGet(43)) - raft.server.log.segment.cache.num.max = 2 (custom)
2019-09-18 13:27:31,734 [pool-423-thread-1] INFO  segmented.SegmentedRaftLogWorker (SegmentedRaftLogWorker.java:<init>(172)) - new cd0d5373-3169-45ee-b582-4482679ce23a@group-638B8FB0F588-SegmentedRaftLogWorker for RaftStorage:Storage Directory /workdir/hadoop-ozone/integration-test/target/test-dir/MiniOzoneClusterImpl-f2e8a8ee-9676-419b-87c2-1ce192a62e22/datanode-4/data/ratis/21c1be49-b7f9-4c98-bc45-638b8fb0f588
2019-09-18 13:27:31,734 [pool-413-thread-1] INFO  segmented.SegmentedRaftLogWorker (SegmentedRaftLogWorker.java:<init>(172)) - new 5125f337-8d07-43f4-91dc-eeccf46a2213@group-638B8FB0F588-SegmentedRaftLogWorker for RaftStorage:Storage Directory /workdir/hadoop-ozone/integration-test/target/test-dir/MiniOzoneClusterImpl-f2e8a8ee-9676-419b-87c2-1ce192a62e22/datanode-3/data/ratis/21c1be49-b7f9-4c98-bc45-638b8fb0f588
2019-09-18 13:27:31,734 [pool-423-thread-1] INFO  server.RaftServerConfigKeys (ConfUtils.java:logGet(43)) - raft.server.log.queue.byte-limit = 2147483647 (custom)
2019-09-18 13:27:31,734 [pool-413-thread-1] INFO  server.RaftServerConfigKeys (ConfUtils.java:logGet(43)) - raft.server.log.queue.byte-limit = 2147483647 (custom)
2019-09-18 13:27:31,734 [pool-423-thread-1] INFO  server.RaftServerConfigKeys (ConfUtils.java:logGet(43)) - raft.server.log.queue.element-limit = 1024 (custom)
2019-09-18 13:27:31,734 [pool-413-thread-1] INFO  server.RaftServerConfigKeys (ConfUtils.java:logGet(43)) - raft.server.log.queue.element-limit = 1024 (custom)
2019-09-18 13:27:31,735 [pool-423-thread-1] INFO  server.RaftServerConfigKeys (ConfUtils.java:logGet(43)) - raft.server.log.segment.size.max = 1048576 (custom)
2019-09-18 13:27:31,735 [pool-413-thread-1] INFO  server.RaftServerConfigKeys (ConfUtils.java:logGet(43)) - raft.server.log.segment.size.max = 1048576 (custom)
2019-09-18 13:27:31,735 [pool-433-thread-1] INFO  server.RaftServerConfigKeys (ConfUtils.java:logGet(43)) - raft.server.log.queue.byte-limit = 2147483647 (custom)
2019-09-18 13:27:31,735 [pool-423-thread-1] INFO  server.RaftServerConfigKeys (ConfUtils.java:logGet(43)) - raft.server.log.preallocated.size = 16384 (custom)
2019-09-18 13:27:31,735 [pool-433-thread-1] INFO  server.RaftServerConfigKeys (ConfUtils.java:logGet(43)) - raft.server.log.queue.element-limit = 1024 (custom)
2019-09-18 13:27:31,735 [pool-413-thread-1] INFO  server.RaftServerConfigKeys (ConfUtils.java:logGet(43)) - raft.server.log.preallocated.size = 16384 (custom)
2019-09-18 13:27:31,735 [pool-433-thread-1] INFO  server.RaftServerConfigKeys (ConfUtils.java:logGet(43)) - raft.server.log.segment.size.max = 1048576 (custom)
2019-09-18 13:27:31,735 [pool-433-thread-1] INFO  server.RaftServerConfigKeys (ConfUtils.java:logGet(43)) - raft.server.log.preallocated.size = 16384 (custom)
2019-09-18 13:27:31,735 [pool-423-thread-1] INFO  server.RaftServerConfigKeys (ConfUtils.java:logGet(43)) - raft.server.log.write.buffer.size = 33554432 (custom)
2019-09-18 13:27:31,736 [pool-433-thread-1] INFO  server.RaftServerConfigKeys (ConfUtils.java:logGet(43)) - raft.server.log.write.buffer.size = 33554432 (custom)
2019-09-18 13:27:31,735 [pool-413-thread-1] INFO  server.RaftServerConfigKeys (ConfUtils.java:logGet(43)) - raft.server.log.write.buffer.size = 33554432 (custom)
2019-09-18 13:27:31,736 [pool-433-thread-1] INFO  server.RaftServerConfigKeys (ConfUtils.java:logGet(43)) - raft.server.log.force.sync.num = 128 (default)
2019-09-18 13:27:31,736 [pool-423-thread-1] INFO  server.RaftServerConfigKeys (ConfUtils.java:logGet(43)) - raft.server.log.force.sync.num = 128 (default)
2019-09-18 13:27:31,736 [pool-433-thread-1] INFO  server.RaftServerConfigKeys (ConfUtils.java:logGet(43)) - raft.server.log.statemachine.data.sync = true (default)
2019-09-18 13:27:31,736 [pool-413-thread-1] INFO  server.RaftServerConfigKeys (ConfUtils.java:logGet(43)) - raft.server.log.force.sync.num = 128 (default)
2019-09-18 13:27:31,736 [pool-433-thread-1] INFO  server.RaftServerConfigKeys (ConfUtils.java:logGet(43)) - raft.server.log.statemachine.data.sync.timeout = 10s (default)
2019-09-18 13:27:31,737 [pool-433-thread-1] INFO  server.RaftServerConfigKeys (ConfUtils.java:logGet(43)) - raft.server.log.statemachine.data.sync.timeout.retry = -1 (default)
2019-09-18 13:27:31,736 [pool-423-thread-1] INFO  server.RaftServerConfigKeys (ConfUtils.java:logGet(43)) - raft.server.log.statemachine.data.sync = true (default)
2019-09-18 13:27:31,736 [pool-413-thread-1] INFO  server.RaftServerConfigKeys (ConfUtils.java:logGet(43)) - raft.server.log.statemachine.data.sync = true (default)
2019-09-18 13:27:31,737 [pool-423-thread-1] INFO  server.RaftServerConfigKeys (ConfUtils.java:logGet(43)) - raft.server.log.statemachine.data.sync.timeout = 10s (default)
2019-09-18 13:27:31,737 [pool-433-thread-1] INFO  server.RaftServerConfigKeys (ConfUtils.java:logGet(43)) - raft.server.log.statemachine.data.caching.enabled = true (custom)
2019-09-18 13:27:31,737 [pool-423-thread-1] INFO  server.RaftServerConfigKeys (ConfUtils.java:logGet(43)) - raft.server.log.statemachine.data.sync.timeout.retry = -1 (default)
2019-09-18 13:27:31,737 [pool-413-thread-1] INFO  server.RaftServerConfigKeys (ConfUtils.java:logGet(43)) - raft.server.log.statemachine.data.sync.timeout = 10s (default)
2019-09-18 13:27:31,737 [pool-433-thread-1] INFO  segmented.SegmentedRaftLogWorker (SegmentedRaftLogWorker.java:lambda$new$0(132)) - c3ede856-f24c-476c-ac0d-e0c199290fbb@group-638B8FB0F588-SegmentedRaftLogWorker: flushIndex: setUnconditionally 0 -> -1
2019-09-18 13:27:31,737 [pool-423-thread-1] INFO  server.RaftServerConfigKeys (ConfUtils.java:logGet(43)) - raft.server.log.statemachine.data.caching.enabled = true (custom)
2019-09-18 13:27:31,737 [pool-413-thread-1] INFO  server.RaftServerConfigKeys (ConfUtils.java:logGet(43)) - raft.server.log.statemachine.data.sync.timeout.retry = -1 (default)
2019-09-18 13:27:31,738 [pool-423-thread-1] INFO  segmented.SegmentedRaftLogWorker (SegmentedRaftLogWorker.java:lambda$new$0(132)) - cd0d5373-3169-45ee-b582-4482679ce23a@group-638B8FB0F588-SegmentedRaftLogWorker: flushIndex: setUnconditionally 0 -> -1
2019-09-18 13:27:31,738 [pool-433-thread-1] INFO  server.RaftServerConfigKeys (ConfUtils.java:logGet(43)) - raft.server.snapshot.auto.trigger.enabled = true (custom)
2019-09-18 13:27:31,738 [pool-423-thread-1] INFO  server.RaftServerConfigKeys (ConfUtils.java:logGet(43)) - raft.server.snapshot.auto.trigger.enabled = true (custom)
2019-09-18 13:27:31,738 [pool-413-thread-1] INFO  server.RaftServerConfigKeys (ConfUtils.java:logGet(43)) - raft.server.log.statemachine.data.caching.enabled = true (custom)
2019-09-18 13:27:31,738 [pool-423-thread-1] INFO  server.RaftServerConfigKeys (ConfUtils.java:logGet(43)) - raft.server.snapshot.auto.trigger.threshold = 10000 (custom)
2019-09-18 13:27:31,738 [pool-433-thread-1] INFO  server.RaftServerConfigKeys (ConfUtils.java:logGet(43)) - raft.server.snapshot.auto.trigger.threshold = 10000 (custom)
2019-09-18 13:27:31,738 [pool-413-thread-1] INFO  segmented.SegmentedRaftLogWorker (SegmentedRaftLogWorker.java:lambda$new$0(132)) - 5125f337-8d07-43f4-91dc-eeccf46a2213@group-638B8FB0F588-SegmentedRaftLogWorker: flushIndex: setUnconditionally 0 -> -1
2019-09-18 13:27:31,738 [pool-423-thread-1] INFO  server.RaftServerConfigKeys (ConfUtils.java:logGet(43)) - raft.server.snapshot.retention.num.files = 5 (custom)
2019-09-18 13:27:31,738 [pool-433-thread-1] INFO  server.RaftServerConfigKeys (ConfUtils.java:logGet(43)) - raft.server.snapshot.retention.num.files = 5 (custom)
2019-09-18 13:27:31,739 [pool-413-thread-1] INFO  server.RaftServerConfigKeys (ConfUtils.java:logGet(43)) - raft.server.snapshot.auto.trigger.enabled = true (custom)
2019-09-18 13:27:31,739 [pool-423-thread-1] INFO  server.RaftServerConfigKeys (ConfUtils.java:logGet(43)) - raft.server.retrycache.expirytime = 600000ms (custom)
2019-09-18 13:27:31,739 [pool-413-thread-1] INFO  server.RaftServerConfigKeys (ConfUtils.java:logGet(43)) - raft.server.snapshot.auto.trigger.threshold = 10000 (custom)
2019-09-18 13:27:31,739 [pool-433-thread-1] INFO  server.RaftServerConfigKeys (ConfUtils.java:logGet(43)) - raft.server.retrycache.expirytime = 600000ms (custom)
2019-09-18 13:27:31,739 [pool-413-thread-1] INFO  server.RaftServerConfigKeys (ConfUtils.java:logGet(43)) - raft.server.snapshot.retention.num.files = 5 (custom)
2019-09-18 13:27:31,739 [pool-413-thread-1] INFO  server.RaftServerConfigKeys (ConfUtils.java:logGet(43)) - raft.server.retrycache.expirytime = 600000ms (custom)
2019-09-18 13:27:31,742 [pool-423-thread-1] INFO  impl.RaftServerImpl (RaftServerImpl.java:start(185)) - cd0d5373-3169-45ee-b582-4482679ce23a@group-638B8FB0F588: start as a follower, conf=-1: [c3ede856-f24c-476c-ac0d-e0c199290fbb:192.168.69.108:38533, cd0d5373-3169-45ee-b582-4482679ce23a:192.168.69.108:46356, 5125f337-8d07-43f4-91dc-eeccf46a2213:192.168.69.108:41367], old=null
2019-09-18 13:27:31,742 [pool-423-thread-1] INFO  impl.RaftServerImpl (RaftServerImpl.java:setRole(174)) - cd0d5373-3169-45ee-b582-4482679ce23a@group-638B8FB0F588: changes role from      null to FOLLOWER at term 0 for startAsFollower
2019-09-18 13:27:31,742 [pool-433-thread-1] INFO  impl.RaftServerImpl (RaftServerImpl.java:start(185)) - c3ede856-f24c-476c-ac0d-e0c199290fbb@group-638B8FB0F588: start as a follower, conf=-1: [c3ede856-f24c-476c-ac0d-e0c199290fbb:192.168.69.108:38533, cd0d5373-3169-45ee-b582-4482679ce23a:192.168.69.108:46356, 5125f337-8d07-43f4-91dc-eeccf46a2213:192.168.69.108:41367], old=null
2019-09-18 13:27:31,742 [pool-413-thread-1] INFO  impl.RaftServerImpl (RaftServerImpl.java:start(185)) - 5125f337-8d07-43f4-91dc-eeccf46a2213@group-638B8FB0F588: start as a follower, conf=-1: [c3ede856-f24c-476c-ac0d-e0c199290fbb:192.168.69.108:38533, cd0d5373-3169-45ee-b582-4482679ce23a:192.168.69.108:46356, 5125f337-8d07-43f4-91dc-eeccf46a2213:192.168.69.108:41367], old=null
2019-09-18 13:27:31,742 [pool-423-thread-1] INFO  impl.RoleInfo (RoleInfo.java:updateAndGet(143)) - cd0d5373-3169-45ee-b582-4482679ce23a: start FollowerState
2019-09-18 13:27:31,742 [pool-413-thread-1] INFO  impl.RaftServerImpl (RaftServerImpl.java:setRole(174)) - 5125f337-8d07-43f4-91dc-eeccf46a2213@group-638B8FB0F588: changes role from      null to FOLLOWER at term 0 for startAsFollower
2019-09-18 13:27:31,742 [pool-433-thread-1] INFO  impl.RaftServerImpl (RaftServerImpl.java:setRole(174)) - c3ede856-f24c-476c-ac0d-e0c199290fbb@group-638B8FB0F588: changes role from      null to FOLLOWER at term 0 for startAsFollower
2019-09-18 13:27:31,743 [pool-413-thread-1] INFO  impl.RoleInfo (RoleInfo.java:updateAndGet(143)) - 5125f337-8d07-43f4-91dc-eeccf46a2213: start FollowerState
2019-09-18 13:27:31,743 [pool-433-thread-1] INFO  impl.RoleInfo (RoleInfo.java:updateAndGet(143)) - c3ede856-f24c-476c-ac0d-e0c199290fbb: start FollowerState
2019-09-18 13:27:31,743 [pool-423-thread-1] INFO  util.JmxRegister (JmxRegister.java:tryRegister(44)) - Successfully registered JMX Bean with object name Ratis:service=RaftServer,group=group-638B8FB0F588,id=cd0d5373-3169-45ee-b582-4482679ce23a
2019-09-18 13:27:31,743 [pool-413-thread-1] INFO  util.JmxRegister (JmxRegister.java:tryRegister(44)) - Successfully registered JMX Bean with object name Ratis:service=RaftServer,group=group-638B8FB0F588,id=5125f337-8d07-43f4-91dc-eeccf46a2213
2019-09-18 13:27:31,743 [pool-433-thread-1] INFO  util.JmxRegister (JmxRegister.java:tryRegister(44)) - Successfully registered JMX Bean with object name Ratis:service=RaftServer,group=group-638B8FB0F588,id=c3ede856-f24c-476c-ac0d-e0c199290fbb
2019-09-18 13:27:31,745 [RatisPipelineUtilsThread] INFO  pipeline.PipelineStateManager (PipelineStateManager.java:addPipeline(56)) - Created pipeline Pipeline[ Id: 21c1be49-b7f9-4c98-bc45-638b8fb0f588, Nodes: c3ede856-f24c-476c-ac0d-e0c199290fbb{ip: 192.168.69.108, host: pr-hdds-2141-4zm8s-3863693661, networkLocation: /default-rack, certSerialId: null}5125f337-8d07-43f4-91dc-eeccf46a2213{ip: 192.168.69.108, host: pr-hdds-2141-4zm8s-3863693661, networkLocation: /default-rack, certSerialId: null}cd0d5373-3169-45ee-b582-4482679ce23a{ip: 192.168.69.108, host: pr-hdds-2141-4zm8s-3863693661, networkLocation: /default-rack, certSerialId: null}, Type:RATIS, Factor:THREE, State:OPEN]
2019-09-18 13:27:31,746 [IPC Server handler 6 on 39447] INFO  net.NetworkTopology (NetworkTopologyImpl.java:add(111)) - Added a new node: /default-rack/4cd8cbe3-c76b-4e13-a682-150e424eaa0a
2019-09-18 13:27:31,746 [IPC Server handler 6 on 39447] INFO  node.SCMNodeManager (SCMNodeManager.java:register(266)) - Registered Data node : 4cd8cbe3-c76b-4e13-a682-150e424eaa0a{ip: 192.168.69.108, host: pr-hdds-2141-4zm8s-3863693661, networkLocation: /default-rack, certSerialId: null}
2019-09-18 13:27:31,747 [main] INFO  ozone.MiniOzoneClusterImpl (MiniOzoneClusterImpl.java:lambda$waitForClusterToBeReady$0(145)) - Cluster is ready. Got 7 of 7 DN Heartbeats.
2019-09-18 13:27:31,754 [grpc-default-executor-0] INFO  impl.RaftServerProxy (RaftServerProxy.java:addNew(89)) - c3ede856-f24c-476c-ac0d-e0c199290fbb: addNew group-9516C0504CF8:[c3ede856-f24c-476c-ac0d-e0c199290fbb:192.168.69.108:38533] returns group-9516C0504CF8:java.util.concurrent.CompletableFuture@70314a02[Not completed]
2019-09-18 13:27:31,759 [pool-433-thread-1] INFO  impl.RaftServerImpl (RaftServerImpl.java:<init>(95)) - c3ede856-f24c-476c-ac0d-e0c199290fbb: new RaftServerImpl for group-9516C0504CF8:[c3ede856-f24c-476c-ac0d-e0c199290fbb:192.168.69.108:38533] with ContainerStateMachine:uninitialized
2019-09-18 13:27:31,759 [pool-433-thread-1] INFO  server.RaftServerConfigKeys (ConfUtils.java:logGet(43)) - raft.server.rpc.timeout.min = 5s (custom)
2019-09-18 13:27:31,759 [pool-433-thread-1] INFO  server.RaftServerConfigKeys (ConfUtils.java:logGet(43)) - raft.server.rpc.timeout.max = 5200ms (custom)
2019-09-18 13:27:31,759 [pool-433-thread-1] INFO  server.RaftServerConfigKeys (ConfUtils.java:logGet(43)) - raft.server.rpcslowness.timeout = 120s (custom)
2019-09-18 13:27:31,759 [pool-433-thread-1] INFO  server.RaftServerConfigKeys (ConfUtils.java:logGet(43)) - raft.server.sleep.deviation.threshold = 300 (default)
2019-09-18 13:27:31,759 [pool-433-thread-1] INFO  server.RaftServerConfigKeys (ConfUtils.java:logGet(43)) - raft.server.log.appender.install.snapshot.enabled = false (custom)
2019-09-18 13:27:31,759 [pool-433-thread-1] INFO  impl.RaftServerImpl (ServerState.java:<init>(103)) - c3ede856-f24c-476c-ac0d-e0c199290fbb@group-9516C0504CF8: ConfigurationManager, init=-1: [c3ede856-f24c-476c-ac0d-e0c199290fbb:192.168.69.108:38533], old=null, confs=<EMPTY_MAP>
2019-09-18 13:27:31,759 [pool-433-thread-1] INFO  server.RaftServerConfigKeys (ConfUtils.java:logGet(43)) - raft.server.storage.dir = [/workdir/hadoop-ozone/integration-test/target/test-dir/MiniOzoneClusterImpl-f2e8a8ee-9676-419b-87c2-1ce192a62e22/datanode-5/data/ratis] (custom)
2019-09-18 13:27:31,760 [pool-433-thread-1] INFO  storage.RaftStorageDirectory (RaftStorageDirectory.java:analyzeStorage(246)) - The storage directory /workdir/hadoop-ozone/integration-test/target/test-dir/MiniOzoneClusterImpl-f2e8a8ee-9676-419b-87c2-1ce192a62e22/datanode-5/data/ratis/b2ae8c8d-4692-41e4-8525-9516c0504cf8 does not exist. Creating ...
2019-09-18 13:27:31,772 [pool-433-thread-1] INFO  storage.RaftStorageDirectory (RaftStorageDirectory.java:tryLock(328)) - Lock on /workdir/hadoop-ozone/integration-test/target/test-dir/MiniOzoneClusterImpl-f2e8a8ee-9676-419b-87c2-1ce192a62e22/datanode-5/data/ratis/b2ae8c8d-4692-41e4-8525-9516c0504cf8/in_use.lock acquired by nodename 31185@pr-hdds-2141-4zm8s-3863693661
2019-09-18 13:27:31,782 [main] INFO  rpc.RpcClient (RpcClient.java:createVolume(302)) - Creating Volume: watchforcommithandlingtest, with jenkins1000 as owner.
2019-09-18 13:27:31,786 [IPC Server handler 0 on 43017] INFO  volume.OMVolumeCreateRequest (OMVolumeCreateRequest.java:validateAndUpdateCache(189)) - created volume:watchforcommithandlingtest for user:jenkins1000
2019-09-18 13:27:31,787 [pool-433-thread-1] INFO  storage.RaftStorage (RaftStorage.java:format(72)) - Storage directory /workdir/hadoop-ozone/integration-test/target/test-dir/MiniOzoneClusterImpl-f2e8a8ee-9676-419b-87c2-1ce192a62e22/datanode-5/data/ratis/b2ae8c8d-4692-41e4-8525-9516c0504cf8 has been successfully formatted.
2019-09-18 13:27:31,789 [pool-433-thread-1] INFO  ratis.ContainerStateMachine (ContainerStateMachine.java:loadSnapshot(230)) - group-9516C0504CF8: The snapshot info is null. Setting the last applied indexto:(t:0, i:~)
2019-09-18 13:27:31,790 [pool-433-thread-1] INFO  server.RaftServerConfigKeys (ConfUtils.java:logGet(43)) - raft.server.notification.no-leader.timeout = 120s (custom)
2019-09-18 13:27:31,790 [pool-433-thread-1] INFO  server.RaftServerConfigKeys (ConfUtils.java:logGet(43)) - raft.server.log.use.memory = false (default)
2019-09-18 13:27:31,790 [pool-433-thread-1] INFO  server.RaftServerConfigKeys (ConfUtils.java:logGet(43)) - raft.server.log.purge.gap = 1000000 (custom)
2019-09-18 13:27:31,790 [pool-433-thread-1] INFO  server.RaftServerConfigKeys (ConfUtils.java:logGet(43)) - raft.server.log.appender.buffer.byte-limit = 33554432 (custom)
2019-09-18 13:27:31,790 [pool-433-thread-1] INFO  server.RaftServerConfigKeys (ConfUtils.java:logGet(43)) - raft.server.log.segment.size.max = 1048576 (custom)
2019-09-18 13:27:31,790 [pool-433-thread-1] INFO  server.RaftServerConfigKeys (ConfUtils.java:logGet(43)) - raft.server.log.segment.cache.num.max = 2 (custom)
2019-09-18 13:27:31,796 [pool-433-thread-1] INFO  segmented.SegmentedRaftLogWorker (SegmentedRaftLogWorker.java:<init>(172)) - new c3ede856-f24c-476c-ac0d-e0c199290fbb@group-9516C0504CF8-SegmentedRaftLogWorker for RaftStorage:Storage Directory /workdir/hadoop-ozone/integration-test/target/test-dir/MiniOzoneClusterImpl-f2e8a8ee-9676-419b-87c2-1ce192a62e22/datanode-5/data/ratis/b2ae8c8d-4692-41e4-8525-9516c0504cf8
2019-09-18 13:27:31,796 [pool-433-thread-1] INFO  server.RaftServerConfigKeys (ConfUtils.java:logGet(43)) - raft.server.log.queue.byte-limit = 2147483647 (custom)
2019-09-18 13:27:31,796 [pool-433-thread-1] INFO  server.RaftServerConfigKeys (ConfUtils.java:logGet(43)) - raft.server.log.queue.element-limit = 1024 (custom)
2019-09-18 13:27:31,797 [pool-433-thread-1] INFO  server.RaftServerConfigKeys (ConfUtils.java:logGet(43)) - raft.server.log.segment.size.max = 1048576 (custom)
2019-09-18 13:27:31,797 [pool-433-thread-1] INFO  server.RaftServerConfigKeys (ConfUtils.java:logGet(43)) - raft.server.log.preallocated.size = 16384 (custom)
2019-09-18 13:27:31,797 [pool-433-thread-1] INFO  server.RaftServerConfigKeys (ConfUtils.java:logGet(43)) - raft.server.log.write.buffer.size = 33554432 (custom)
2019-09-18 13:27:31,797 [pool-433-thread-1] INFO  server.RaftServerConfigKeys (ConfUtils.java:logGet(43)) - raft.server.log.force.sync.num = 128 (default)
2019-09-18 13:27:31,797 [pool-433-thread-1] INFO  server.RaftServerConfigKeys (ConfUtils.java:logGet(43)) - raft.server.log.statemachine.data.sync = true (default)
2019-09-18 13:27:31,797 [main] INFO  rpc.RpcClient (RpcClient.java:createBucket(441)) - Creating Bucket: watchforcommithandlingtest/watchforcommithandlingtest, with Versioning false and Storage Type set to DISK and Encryption set to false 
2019-09-18 13:27:31,797 [pool-433-thread-1] INFO  server.RaftServerConfigKeys (ConfUtils.java:logGet(43)) - raft.server.log.statemachine.data.sync.timeout = 10s (default)
2019-09-18 13:27:31,797 [pool-433-thread-1] INFO  server.RaftServerConfigKeys (ConfUtils.java:logGet(43)) - raft.server.log.statemachine.data.sync.timeout.retry = -1 (default)
2019-09-18 13:27:31,797 [pool-433-thread-1] INFO  server.RaftServerConfigKeys (ConfUtils.java:logGet(43)) - raft.server.log.statemachine.data.caching.enabled = true (custom)
2019-09-18 13:27:31,798 [pool-433-thread-1] INFO  segmented.SegmentedRaftLogWorker (SegmentedRaftLogWorker.java:lambda$new$0(132)) - c3ede856-f24c-476c-ac0d-e0c199290fbb@group-9516C0504CF8-SegmentedRaftLogWorker: flushIndex: setUnconditionally 0 -> -1
2019-09-18 13:27:31,798 [pool-433-thread-1] INFO  server.RaftServerConfigKeys (ConfUtils.java:logGet(43)) - raft.server.snapshot.auto.trigger.enabled = true (custom)
2019-09-18 13:27:31,798 [pool-433-thread-1] INFO  server.RaftServerConfigKeys (ConfUtils.java:logGet(43)) - raft.server.snapshot.auto.trigger.threshold = 10000 (custom)
2019-09-18 13:27:31,798 [pool-433-thread-1] INFO  server.RaftServerConfigKeys (ConfUtils.java:logGet(43)) - raft.server.snapshot.retention.num.files = 5 (custom)
2019-09-18 13:27:31,798 [pool-433-thread-1] INFO  server.RaftServerConfigKeys (ConfUtils.java:logGet(43)) - raft.server.retrycache.expirytime = 600000ms (custom)
2019-09-18 13:27:31,801 [pool-433-thread-1] INFO  impl.RaftServerImpl (RaftServerImpl.java:start(185)) - c3ede856-f24c-476c-ac0d-e0c199290fbb@group-9516C0504CF8: start as a follower, conf=-1: [c3ede856-f24c-476c-ac0d-e0c199290fbb:192.168.69.108:38533], old=null
2019-09-18 13:27:31,801 [main] INFO  ozone.MiniOzoneClusterImpl (MiniOzoneClusterImpl.java:getStorageContainerLocationClient(232)) - Creating StorageContainerLocationProtocol RPC client with address /0.0.0.0:33843
2019-09-18 13:27:31,801 [pool-433-thread-1] INFO  impl.RaftServerImpl (RaftServerImpl.java:setRole(174)) - c3ede856-f24c-476c-ac0d-e0c199290fbb@group-9516C0504CF8: changes role from      null to FOLLOWER at term 0 for startAsFollower
2019-09-18 13:27:31,801 [pool-433-thread-1] INFO  impl.RoleInfo (RoleInfo.java:updateAndGet(143)) - c3ede856-f24c-476c-ac0d-e0c199290fbb: start FollowerState
2019-09-18 13:27:31,802 [pool-433-thread-1] INFO  util.JmxRegister (JmxRegister.java:tryRegister(44)) - Successfully registered JMX Bean with object name Ratis:service=RaftServer,group=group-9516C0504CF8,id=c3ede856-f24c-476c-ac0d-e0c199290fbb
2019-09-18 13:27:31,804 [RatisPipelineUtilsThread] INFO  pipeline.PipelineStateManager (PipelineStateManager.java:addPipeline(56)) - Created pipeline Pipeline[ Id: b2ae8c8d-4692-41e4-8525-9516c0504cf8, Nodes: c3ede856-f24c-476c-ac0d-e0c199290fbb{ip: 192.168.69.108, host: pr-hdds-2141-4zm8s-3863693661, networkLocation: /default-rack, certSerialId: null}, Type:RATIS, Factor:ONE, State:OPEN]
2019-09-18 13:27:31,812 [grpc-default-executor-0] INFO  impl.RaftServerProxy (RaftServerProxy.java:addNew(89)) - 4cd8cbe3-c76b-4e13-a682-150e424eaa0a: addNew group-F0BC13B822F2:[4cd8cbe3-c76b-4e13-a682-150e424eaa0a:192.168.69.108:46560] returns group-F0BC13B822F2:java.util.concurrent.CompletableFuture@3e46a06a[Not completed]
2019-09-18 13:27:31,814 [pool-443-thread-1] INFO  impl.RaftServerImpl (RaftServerImpl.java:<init>(95)) - 4cd8cbe3-c76b-4e13-a682-150e424eaa0a: new RaftServerImpl for group-F0BC13B822F2:[4cd8cbe3-c76b-4e13-a682-150e424eaa0a:192.168.69.108:46560] with ContainerStateMachine:uninitialized
2019-09-18 13:27:31,814 [pool-443-thread-1] INFO  server.RaftServerConfigKeys (ConfUtils.java:logGet(43)) - raft.server.rpc.timeout.min = 5s (custom)
2019-09-18 13:27:31,814 [pool-443-thread-1] INFO  server.RaftServerConfigKeys (ConfUtils.java:logGet(43)) - raft.server.rpc.timeout.max = 5200ms (custom)
2019-09-18 13:27:31,814 [pool-443-thread-1] INFO  server.RaftServerConfigKeys (ConfUtils.java:logGet(43)) - raft.server.rpcslowness.timeout = 120s (custom)
2019-09-18 13:27:31,814 [pool-443-thread-1] INFO  server.RaftServerConfigKeys (ConfUtils.java:logGet(43)) - raft.server.sleep.deviation.threshold = 300 (default)
2019-09-18 13:27:31,815 [pool-443-thread-1] INFO  server.RaftServerConfigKeys (ConfUtils.java:logGet(43)) - raft.server.log.appender.install.snapshot.enabled = false (custom)
2019-09-18 13:27:31,815 [pool-443-thread-1] INFO  impl.RaftServerImpl (ServerState.java:<init>(103)) - 4cd8cbe3-c76b-4e13-a682-150e424eaa0a@group-F0BC13B822F2: ConfigurationManager, init=-1: [4cd8cbe3-c76b-4e13-a682-150e424eaa0a:192.168.69.108:46560], old=null, confs=<EMPTY_MAP>
2019-09-18 13:27:31,815 [pool-443-thread-1] INFO  server.RaftServerConfigKeys (ConfUtils.java:logGet(43)) - raft.server.storage.dir = [/workdir/hadoop-ozone/integration-test/target/test-dir/MiniOzoneClusterImpl-f2e8a8ee-9676-419b-87c2-1ce192a62e22/datanode-6/data/ratis] (custom)
2019-09-18 13:27:31,815 [pool-443-thread-1] INFO  storage.RaftStorageDirectory (RaftStorageDirectory.java:analyzeStorage(246)) - The storage directory /workdir/hadoop-ozone/integration-test/target/test-dir/MiniOzoneClusterImpl-f2e8a8ee-9676-419b-87c2-1ce192a62e22/datanode-6/data/ratis/eadef4d0-2cc8-413c-a9e7-f0bc13b822f2 does not exist. Creating ...
2019-09-18 13:27:31,828 [pool-443-thread-1] INFO  storage.RaftStorageDirectory (RaftStorageDirectory.java:tryLock(328)) - Lock on /workdir/hadoop-ozone/integration-test/target/test-dir/MiniOzoneClusterImpl-f2e8a8ee-9676-419b-87c2-1ce192a62e22/datanode-6/data/ratis/eadef4d0-2cc8-413c-a9e7-f0bc13b822f2/in_use.lock acquired by nodename 31185@pr-hdds-2141-4zm8s-3863693661
2019-09-18 13:27:31,845 [pool-443-thread-1] INFO  storage.RaftStorage (RaftStorage.java:format(72)) - Storage directory /workdir/hadoop-ozone/integration-test/target/test-dir/MiniOzoneClusterImpl-f2e8a8ee-9676-419b-87c2-1ce192a62e22/datanode-6/data/ratis/eadef4d0-2cc8-413c-a9e7-f0bc13b822f2 has been successfully formatted.
2019-09-18 13:27:31,846 [pool-443-thread-1] INFO  ratis.ContainerStateMachine (ContainerStateMachine.java:loadSnapshot(230)) - group-F0BC13B822F2: The snapshot info is null. Setting the last applied indexto:(t:0, i:~)
2019-09-18 13:27:31,846 [pool-443-thread-1] INFO  server.RaftServerConfigKeys (ConfUtils.java:logGet(43)) - raft.server.notification.no-leader.timeout = 120s (custom)
2019-09-18 13:27:31,846 [pool-443-thread-1] INFO  server.RaftServerConfigKeys (ConfUtils.java:logGet(43)) - raft.server.log.use.memory = false (default)
2019-09-18 13:27:31,846 [pool-443-thread-1] INFO  server.RaftServerConfigKeys (ConfUtils.java:logGet(43)) - raft.server.log.purge.gap = 1000000 (custom)
2019-09-18 13:27:31,846 [pool-443-thread-1] INFO  server.RaftServerConfigKeys (ConfUtils.java:logGet(43)) - raft.server.log.appender.buffer.byte-limit = 33554432 (custom)
2019-09-18 13:27:31,846 [pool-443-thread-1] INFO  server.RaftServerConfigKeys (ConfUtils.java:logGet(43)) - raft.server.log.segment.size.max = 1048576 (custom)
2019-09-18 13:27:31,846 [pool-443-thread-1] INFO  server.RaftServerConfigKeys (ConfUtils.java:logGet(43)) - raft.server.log.segment.cache.num.max = 2 (custom)
2019-09-18 13:27:31,846 [pool-443-thread-1] INFO  segmented.SegmentedRaftLogWorker (SegmentedRaftLogWorker.java:<init>(172)) - new 4cd8cbe3-c76b-4e13-a682-150e424eaa0a@group-F0BC13B822F2-SegmentedRaftLogWorker for RaftStorage:Storage Directory /workdir/hadoop-ozone/integration-test/target/test-dir/MiniOzoneClusterImpl-f2e8a8ee-9676-419b-87c2-1ce192a62e22/datanode-6/data/ratis/eadef4d0-2cc8-413c-a9e7-f0bc13b822f2
2019-09-18 13:27:31,848 [pool-443-thread-1] INFO  server.RaftServerConfigKeys (ConfUtils.java:logGet(43)) - raft.server.log.queue.byte-limit = 2147483647 (custom)
2019-09-18 13:27:31,848 [pool-443-thread-1] INFO  server.RaftServerConfigKeys (ConfUtils.java:logGet(43)) - raft.server.log.queue.element-limit = 1024 (custom)
2019-09-18 13:27:31,849 [pool-443-thread-1] INFO  server.RaftServerConfigKeys (ConfUtils.java:logGet(43)) - raft.server.log.segment.size.max = 1048576 (custom)
2019-09-18 13:27:31,849 [pool-443-thread-1] INFO  server.RaftServerConfigKeys (ConfUtils.java:logGet(43)) - raft.server.log.preallocated.size = 16384 (custom)
2019-09-18 13:27:31,849 [pool-443-thread-1] INFO  server.RaftServerConfigKeys (ConfUtils.java:logGet(43)) - raft.server.log.write.buffer.size = 33554432 (custom)
2019-09-18 13:27:31,849 [pool-443-thread-1] INFO  server.RaftServerConfigKeys (ConfUtils.java:logGet(43)) - raft.server.log.force.sync.num = 128 (default)
2019-09-18 13:27:31,849 [pool-443-thread-1] INFO  server.RaftServerConfigKeys (ConfUtils.java:logGet(43)) - raft.server.log.statemachine.data.sync = true (default)
2019-09-18 13:27:31,849 [pool-443-thread-1] INFO  server.RaftServerConfigKeys (ConfUtils.java:logGet(43)) - raft.server.log.statemachine.data.sync.timeout = 10s (default)
2019-09-18 13:27:31,849 [pool-443-thread-1] INFO  server.RaftServerConfigKeys (ConfUtils.java:logGet(43)) - raft.server.log.statemachine.data.sync.timeout.retry = -1 (default)
2019-09-18 13:27:31,849 [pool-443-thread-1] INFO  server.RaftServerConfigKeys (ConfUtils.java:logGet(43)) - raft.server.log.statemachine.data.caching.enabled = true (custom)
2019-09-18 13:27:31,850 [pool-443-thread-1] INFO  segmented.SegmentedRaftLogWorker (SegmentedRaftLogWorker.java:lambda$new$0(132)) - 4cd8cbe3-c76b-4e13-a682-150e424eaa0a@group-F0BC13B822F2-SegmentedRaftLogWorker: flushIndex: setUnconditionally 0 -> -1
2019-09-18 13:27:31,850 [pool-443-thread-1] INFO  server.RaftServerConfigKeys (ConfUtils.java:logGet(43)) - raft.server.snapshot.auto.trigger.enabled = true (custom)
2019-09-18 13:27:31,850 [pool-443-thread-1] INFO  server.RaftServerConfigKeys (ConfUtils.java:logGet(43)) - raft.server.snapshot.auto.trigger.threshold = 10000 (custom)
2019-09-18 13:27:31,850 [pool-443-thread-1] INFO  server.RaftServerConfigKeys (ConfUtils.java:logGet(43)) - raft.server.snapshot.retention.num.files = 5 (custom)
2019-09-18 13:27:31,850 [pool-443-thread-1] INFO  server.RaftServerConfigKeys (ConfUtils.java:logGet(43)) - raft.server.retrycache.expirytime = 600000ms (custom)
2019-09-18 13:27:31,852 [pool-443-thread-1] INFO  impl.RaftServerImpl (RaftServerImpl.java:start(185)) - 4cd8cbe3-c76b-4e13-a682-150e424eaa0a@group-F0BC13B822F2: start as a follower, conf=-1: [4cd8cbe3-c76b-4e13-a682-150e424eaa0a:192.168.69.108:46560], old=null
2019-09-18 13:27:31,852 [pool-443-thread-1] INFO  impl.RaftServerImpl (RaftServerImpl.java:setRole(174)) - 4cd8cbe3-c76b-4e13-a682-150e424eaa0a@group-F0BC13B822F2: changes role from      null to FOLLOWER at term 0 for startAsFollower
2019-09-18 13:27:31,852 [pool-443-thread-1] INFO  impl.RoleInfo (RoleInfo.java:updateAndGet(143)) - 4cd8cbe3-c76b-4e13-a682-150e424eaa0a: start FollowerState
2019-09-18 13:27:31,852 [pool-443-thread-1] INFO  util.JmxRegister (JmxRegister.java:tryRegister(44)) - Successfully registered JMX Bean with object name Ratis:service=RaftServer,group=group-F0BC13B822F2,id=4cd8cbe3-c76b-4e13-a682-150e424eaa0a
2019-09-18 13:27:31,855 [RatisPipelineUtilsThread] INFO  pipeline.PipelineStateManager (PipelineStateManager.java:addPipeline(56)) - Created pipeline Pipeline[ Id: eadef4d0-2cc8-413c-a9e7-f0bc13b822f2, Nodes: 4cd8cbe3-c76b-4e13-a682-150e424eaa0a{ip: 192.168.69.108, host: pr-hdds-2141-4zm8s-3863693661, networkLocation: /default-rack, certSerialId: null}, Type:RATIS, Factor:ONE, State:OPEN]
2019-09-18 13:27:31,872 [grpc-default-executor-0] INFO  client.GrpcClientProtocolClient (GrpcClientProtocolClient.java:onNext(264)) - client-AB8411F847C2->a612795e-22d0-4c35-b04c-74664e93dea5: receive RaftClientReply:client-AB8411F847C2->a612795e-22d0-4c35-b04c-74664e93dea5@group-E34519B9C6E2, cid=103, FAILED org.apache.ratis.protocol.NotLeaderException: Server a612795e-22d0-4c35-b04c-74664e93dea5@group-E34519B9C6E2 is not the leader, logIndex=0, commits[a612795e-22d0-4c35-b04c-74664e93dea5:c-1]
2019-09-18 13:27:32,885 [grpc-default-executor-3] INFO  client.GrpcClientProtocolClient (GrpcClientProtocolClient.java:onNext(264)) - client-AB8411F847C2->18439327-be65-4068-9515-28c8c63af9f3: receive RaftClientReply:client-AB8411F847C2->18439327-be65-4068-9515-28c8c63af9f3@group-E34519B9C6E2, cid=103, FAILED org.apache.ratis.protocol.NotLeaderException: Server 18439327-be65-4068-9515-28c8c63af9f3@group-E34519B9C6E2 is not the leader, logIndex=0, commits[18439327-be65-4068-9515-28c8c63af9f3:c-1]
2019-09-18 13:27:33,899 [grpc-default-executor-3] INFO  client.GrpcClientProtocolClient (GrpcClientProtocolClient.java:onNext(264)) - client-AB8411F847C2->5fac6a4b-8344-49e3-9993-69afe56dcf94: receive RaftClientReply:client-AB8411F847C2->5fac6a4b-8344-49e3-9993-69afe56dcf94@group-E34519B9C6E2, cid=103, FAILED org.apache.ratis.protocol.NotLeaderException: Server 5fac6a4b-8344-49e3-9993-69afe56dcf94@group-E34519B9C6E2 is not the leader, logIndex=0, commits[5fac6a4b-8344-49e3-9993-69afe56dcf94:c-1]
2019-09-18 13:27:33,960 [Thread-2377] INFO  container.ReplicationManager (ReplicationManager.java:start(162)) - Starting Replication Monitor Thread.
2019-09-18 13:27:33,963 [ReplicationMonitor] INFO  container.ReplicationManager (ReplicationManager.java:run(225)) - Replication Monitor Thread took 0 milliseconds for processing 1 containers.
2019-09-18 13:27:34,915 [grpc-default-executor-0] INFO  client.GrpcClientProtocolClient (GrpcClientProtocolClient.java:onNext(264)) - client-AB8411F847C2->a612795e-22d0-4c35-b04c-74664e93dea5: receive RaftClientReply:client-AB8411F847C2->a612795e-22d0-4c35-b04c-74664e93dea5@group-E34519B9C6E2, cid=103, FAILED org.apache.ratis.protocol.NotLeaderException: Server a612795e-22d0-4c35-b04c-74664e93dea5@group-E34519B9C6E2 is not the leader, logIndex=0, commits[a612795e-22d0-4c35-b04c-74664e93dea5:c-1]
2019-09-18 13:27:35,929 [grpc-default-executor-0] INFO  client.GrpcClientProtocolClient (GrpcClientProtocolClient.java:onNext(264)) - client-AB8411F847C2->5fac6a4b-8344-49e3-9993-69afe56dcf94: receive RaftClientReply:client-AB8411F847C2->5fac6a4b-8344-49e3-9993-69afe56dcf94@group-E34519B9C6E2, cid=103, FAILED org.apache.ratis.protocol.NotLeaderException: Server 5fac6a4b-8344-49e3-9993-69afe56dcf94@group-E34519B9C6E2 is not the leader, logIndex=0, commits[5fac6a4b-8344-49e3-9993-69afe56dcf94:c-1]
2019-09-18 13:27:36,143 [Thread-2379] INFO  impl.FollowerState (FollowerState.java:run(106)) - 18439327-be65-4068-9515-28c8c63af9f3:group-D952FE62FE67 changes to CANDIDATE, lastRpcTime:5095, electionTimeout:5095ms
2019-09-18 13:27:36,144 [Thread-2379] INFO  impl.RoleInfo (RoleInfo.java:shutdownFollowerState(121)) - 18439327-be65-4068-9515-28c8c63af9f3: shutdown FollowerState
2019-09-18 13:27:36,144 [Thread-2379] INFO  impl.RaftServerImpl (RaftServerImpl.java:setRole(174)) - 18439327-be65-4068-9515-28c8c63af9f3@group-D952FE62FE67: changes role from  FOLLOWER to CANDIDATE at term 0 for changeToCandidate
2019-09-18 13:27:36,144 [Thread-2379] INFO  impl.RoleInfo (RoleInfo.java:updateAndGet(143)) - 18439327-be65-4068-9515-28c8c63af9f3: start LeaderElection
2019-09-18 13:27:36,164 [18439327-be65-4068-9515-28c8c63af9f3@group-D952FE62FE67:LeaderElection95] INFO  impl.LeaderElection (LeaderElection.java:askForVotes(182)) - 18439327-be65-4068-9515-28c8c63af9f3@group-D952FE62FE67:LeaderElection95: begin an election at term 1 for -1: [18439327-be65-4068-9515-28c8c63af9f3:192.168.69.108:37667], old=null
2019-09-18 13:27:36,164 [18439327-be65-4068-9515-28c8c63af9f3@group-D952FE62FE67:LeaderElection95] INFO  impl.RoleInfo (RoleInfo.java:shutdownLeaderElection(134)) - 18439327-be65-4068-9515-28c8c63af9f3: shutdown LeaderElection
2019-09-18 13:27:36,164 [18439327-be65-4068-9515-28c8c63af9f3@group-D952FE62FE67:LeaderElection95] INFO  impl.RaftServerImpl (RaftServerImpl.java:setRole(174)) - 18439327-be65-4068-9515-28c8c63af9f3@group-D952FE62FE67: changes role from CANDIDATE to LEADER at term 1 for changeToLeader
2019-09-18 13:27:36,165 [18439327-be65-4068-9515-28c8c63af9f3@group-D952FE62FE67:LeaderElection95] INFO  impl.RaftServerImpl (ServerState.java:setLeader(253)) - 18439327-be65-4068-9515-28c8c63af9f3@group-D952FE62FE67: change Leader from null to 18439327-be65-4068-9515-28c8c63af9f3 at term 1 for becomeLeader, leader elected after 5127ms
2019-09-18 13:27:36,165 [18439327-be65-4068-9515-28c8c63af9f3@group-D952FE62FE67:LeaderElection95] INFO  server.RaftServerConfigKeys (ConfUtils.java:logGet(43)) - raft.server.staging.catchup.gap = 1000 (default)
2019-09-18 13:27:36,165 [18439327-be65-4068-9515-28c8c63af9f3@group-D952FE62FE67:LeaderElection95] INFO  server.RaftServerConfigKeys (ConfUtils.java:logGet(43)) - raft.server.rpc.sleep.time = 25ms (default)
2019-09-18 13:27:36,165 [18439327-be65-4068-9515-28c8c63af9f3@group-D952FE62FE67:LeaderElection95] INFO  server.RaftServerConfigKeys (ConfUtils.java:logGet(43)) - raft.server.write.element-limit = 4096 (default)
2019-09-18 13:27:36,165 [18439327-be65-4068-9515-28c8c63af9f3@group-D952FE62FE67:LeaderElection95] INFO  server.RaftServerConfigKeys (ConfUtils.java:logGet(43)) - raft.server.watch.timeout = 10s (default)
2019-09-18 13:27:36,165 [18439327-be65-4068-9515-28c8c63af9f3@group-D952FE62FE67:LeaderElection95] INFO  server.RaftServerConfigKeys (ConfUtils.java:logGet(43)) - raft.server.watch.timeout.denomination = 1s (default)
2019-09-18 13:27:36,166 [18439327-be65-4068-9515-28c8c63af9f3@group-D952FE62FE67:LeaderElection95] INFO  server.RaftServerConfigKeys (ConfUtils.java:logGet(43)) - raft.server.watch.element-limit = 65536 (default)
2019-09-18 13:27:36,168 [18439327-be65-4068-9515-28c8c63af9f3@group-D952FE62FE67:LeaderElection95] INFO  impl.RoleInfo (RoleInfo.java:updateAndGet(143)) - 18439327-be65-4068-9515-28c8c63af9f3: start LeaderState
2019-09-18 13:27:36,168 [18439327-be65-4068-9515-28c8c63af9f3@group-D952FE62FE67:LeaderElection95] INFO  segmented.SegmentedRaftLogWorker (SegmentedRaftLogWorker.java:startLogSegment(380)) - 18439327-be65-4068-9515-28c8c63af9f3@group-D952FE62FE67-SegmentedRaftLogWorker: Starting segment from index:0
2019-09-18 13:27:36,169 [18439327-be65-4068-9515-28c8c63af9f3@group-D952FE62FE67:LeaderElection95] INFO  impl.RaftServerImpl (ServerState.java:setRaftConf(354)) - 18439327-be65-4068-9515-28c8c63af9f3@group-D952FE62FE67: set configuration 0: [18439327-be65-4068-9515-28c8c63af9f3:192.168.69.108:37667], old=null at 0
2019-09-18 13:27:36,206 [18439327-be65-4068-9515-28c8c63af9f3@group-D952FE62FE67-SegmentedRaftLogWorker] INFO  segmented.SegmentedRaftLogWorker (SegmentedRaftLogWorker.java:execute(569)) - 18439327-be65-4068-9515-28c8c63af9f3@group-D952FE62FE67-SegmentedRaftLogWorker: created new log segment /workdir/hadoop-ozone/integration-test/target/test-dir/MiniOzoneClusterImpl-f2e8a8ee-9676-419b-87c2-1ce192a62e22/datanode-0/data/ratis/f9b4376e-5308-4048-89a5-d952fe62fe67/current/log_inprogress_0
2019-09-18 13:27:36,226 [Thread-2390] INFO  impl.FollowerState (FollowerState.java:run(106)) - 18439327-be65-4068-9515-28c8c63af9f3:group-E34519B9C6E2 changes to CANDIDATE, lastRpcTime:5000, electionTimeout:5000ms
2019-09-18 13:27:36,226 [Thread-2390] INFO  impl.RoleInfo (RoleInfo.java:shutdownFollowerState(121)) - 18439327-be65-4068-9515-28c8c63af9f3: shutdown FollowerState
2019-09-18 13:27:36,226 [Thread-2390] INFO  impl.RaftServerImpl (RaftServerImpl.java:setRole(174)) - 18439327-be65-4068-9515-28c8c63af9f3@group-E34519B9C6E2: changes role from  FOLLOWER to CANDIDATE at term 0 for changeToCandidate
2019-09-18 13:27:36,226 [Thread-2390] INFO  impl.RoleInfo (RoleInfo.java:updateAndGet(143)) - 18439327-be65-4068-9515-28c8c63af9f3: start LeaderElection
2019-09-18 13:27:36,242 [18439327-be65-4068-9515-28c8c63af9f3@group-E34519B9C6E2:LeaderElection96] INFO  impl.LeaderElection (LeaderElection.java:askForVotes(182)) - 18439327-be65-4068-9515-28c8c63af9f3@group-E34519B9C6E2:LeaderElection96: begin an election at term 1 for -1: [5fac6a4b-8344-49e3-9993-69afe56dcf94:192.168.69.108:41410, a612795e-22d0-4c35-b04c-74664e93dea5:192.168.69.108:46165, 18439327-be65-4068-9515-28c8c63af9f3:192.168.69.108:37667], old=null
2019-09-18 13:27:36,250 [Thread-2392] INFO  impl.FollowerState (FollowerState.java:run(106)) - a612795e-22d0-4c35-b04c-74664e93dea5:group-E34519B9C6E2 changes to CANDIDATE, lastRpcTime:5022, electionTimeout:5021ms
2019-09-18 13:27:36,252 [Thread-2392] INFO  impl.RoleInfo (RoleInfo.java:shutdownFollowerState(121)) - a612795e-22d0-4c35-b04c-74664e93dea5: shutdown FollowerState
2019-09-18 13:27:36,255 [grpc-default-executor-3] INFO  impl.RaftServerImpl (RaftServerImpl.java:setRole(174)) - 5fac6a4b-8344-49e3-9993-69afe56dcf94@group-E34519B9C6E2: changes role from  FOLLOWER to FOLLOWER at term 1 for recognizeCandidate:18439327-be65-4068-9515-28c8c63af9f3
2019-09-18 13:27:36,255 [Thread-2392] INFO  impl.RaftServerImpl (RaftServerImpl.java:setRole(174)) - a612795e-22d0-4c35-b04c-74664e93dea5@group-E34519B9C6E2: changes role from  FOLLOWER to CANDIDATE at term 0 for changeToCandidate
2019-09-18 13:27:36,255 [grpc-default-executor-3] INFO  impl.RoleInfo (RoleInfo.java:shutdownFollowerState(121)) - 5fac6a4b-8344-49e3-9993-69afe56dcf94: shutdown FollowerState
2019-09-18 13:27:36,255 [Thread-2392] INFO  impl.RoleInfo (RoleInfo.java:updateAndGet(143)) - a612795e-22d0-4c35-b04c-74664e93dea5: start LeaderElection
2019-09-18 13:27:36,255 [grpc-default-executor-3] INFO  impl.RoleInfo (RoleInfo.java:updateAndGet(143)) - 5fac6a4b-8344-49e3-9993-69afe56dcf94: start FollowerState
2019-09-18 13:27:36,255 [Thread-2393] INFO  impl.FollowerState (FollowerState.java:run(115)) - 5fac6a4b-8344-49e3-9993-69afe56dcf94: FollowerState was interrupted: java.lang.InterruptedException: sleep interrupted
2019-09-18 13:27:36,256 [grpc-default-executor-0] INFO  impl.RaftServerImpl (RaftServerImpl.java:setRole(174)) - a612795e-22d0-4c35-b04c-74664e93dea5@group-E34519B9C6E2: changes role from CANDIDATE to FOLLOWER at term 1 for recognizeCandidate:18439327-be65-4068-9515-28c8c63af9f3
2019-09-18 13:27:36,256 [grpc-default-executor-0] INFO  impl.RoleInfo (RoleInfo.java:shutdownLeaderElection(134)) - a612795e-22d0-4c35-b04c-74664e93dea5: shutdown LeaderElection
2019-09-18 13:27:36,256 [grpc-default-executor-0] INFO  impl.RoleInfo (RoleInfo.java:updateAndGet(143)) - a612795e-22d0-4c35-b04c-74664e93dea5: start FollowerState
2019-09-18 13:27:36,273 [18439327-be65-4068-9515-28c8c63af9f3@group-E34519B9C6E2:LeaderElection96] INFO  impl.LeaderElection (LeaderElection.java:logAndReturn(56)) - 18439327-be65-4068-9515-28c8c63af9f3@group-E34519B9C6E2:LeaderElection96: Election PASSED; received 1 response(s) [18439327-be65-4068-9515-28c8c63af9f3<-5fac6a4b-8344-49e3-9993-69afe56dcf94#0:OK-t1] and 0 exception(s); 18439327-be65-4068-9515-28c8c63af9f3@group-E34519B9C6E2:t1, leader=null, voted=18439327-be65-4068-9515-28c8c63af9f3, raftlog=18439327-be65-4068-9515-28c8c63af9f3@group-E34519B9C6E2-SegmentedRaftLog:OPENED:c-1,f-1,i0, conf=-1: [5fac6a4b-8344-49e3-9993-69afe56dcf94:192.168.69.108:41410, a612795e-22d0-4c35-b04c-74664e93dea5:192.168.69.108:46165, 18439327-be65-4068-9515-28c8c63af9f3:192.168.69.108:37667], old=null
2019-09-18 13:27:36,273 [18439327-be65-4068-9515-28c8c63af9f3@group-E34519B9C6E2:LeaderElection96] INFO  impl.RoleInfo (RoleInfo.java:shutdownLeaderElection(134)) - 18439327-be65-4068-9515-28c8c63af9f3: shutdown LeaderElection
2019-09-18 13:27:36,273 [18439327-be65-4068-9515-28c8c63af9f3@group-E34519B9C6E2:LeaderElection96] INFO  impl.RaftServerImpl (RaftServerImpl.java:setRole(174)) - 18439327-be65-4068-9515-28c8c63af9f3@group-E34519B9C6E2: changes role from CANDIDATE to LEADER at term 1 for changeToLeader
2019-09-18 13:27:36,273 [18439327-be65-4068-9515-28c8c63af9f3@group-E34519B9C6E2:LeaderElection96] INFO  impl.RaftServerImpl (ServerState.java:setLeader(253)) - 18439327-be65-4068-9515-28c8c63af9f3@group-E34519B9C6E2: change Leader from null to 18439327-be65-4068-9515-28c8c63af9f3 at term 1 for becomeLeader, leader elected after 5057ms
2019-09-18 13:27:36,273 [18439327-be65-4068-9515-28c8c63af9f3@group-E34519B9C6E2:LeaderElection96] INFO  server.RaftServerConfigKeys (ConfUtils.java:logGet(43)) - raft.server.staging.catchup.gap = 1000 (default)
2019-09-18 13:27:36,273 [18439327-be65-4068-9515-28c8c63af9f3@group-E34519B9C6E2:LeaderElection96] INFO  server.RaftServerConfigKeys (ConfUtils.java:logGet(43)) - raft.server.rpc.sleep.time = 25ms (default)
2019-09-18 13:27:36,273 [18439327-be65-4068-9515-28c8c63af9f3@group-E34519B9C6E2:LeaderElection96] INFO  server.RaftServerConfigKeys (ConfUtils.java:logGet(43)) - raft.server.write.element-limit = 4096 (default)
2019-09-18 13:27:36,274 [18439327-be65-4068-9515-28c8c63af9f3@group-E34519B9C6E2:LeaderElection96] INFO  server.RaftServerConfigKeys (ConfUtils.java:logGet(43)) - raft.server.watch.timeout = 10s (default)
2019-09-18 13:27:36,274 [18439327-be65-4068-9515-28c8c63af9f3@group-E34519B9C6E2:LeaderElection96] INFO  server.RaftServerConfigKeys (ConfUtils.java:logGet(43)) - raft.server.watch.timeout.denomination = 1s (default)
2019-09-18 13:27:36,274 [18439327-be65-4068-9515-28c8c63af9f3@group-E34519B9C6E2:LeaderElection96] INFO  server.RaftServerConfigKeys (ConfUtils.java:logGet(43)) - raft.server.watch.element-limit = 65536 (default)
2019-09-18 13:27:36,275 [18439327-be65-4068-9515-28c8c63af9f3@group-E34519B9C6E2:LeaderElection96] INFO  server.RaftServerConfigKeys (ConfUtils.java:logGet(43)) - raft.server.log.appender.snapshot.chunk.size.max = 16MB (=16777216) (default)
2019-09-18 13:27:36,275 [18439327-be65-4068-9515-28c8c63af9f3@group-E34519B9C6E2:LeaderElection96] INFO  server.RaftServerConfigKeys (ConfUtils.java:logGet(43)) - raft.server.log.appender.buffer.byte-limit = 33554432 (custom)
2019-09-18 13:27:36,275 [18439327-be65-4068-9515-28c8c63af9f3@group-E34519B9C6E2:LeaderElection96] INFO  server.RaftServerConfigKeys (ConfUtils.java:logGet(43)) - raft.server.log.appender.buffer.element-limit = 1 (custom)
2019-09-18 13:27:36,276 [18439327-be65-4068-9515-28c8c63af9f3@group-E34519B9C6E2:LeaderElection96] INFO  grpc.GrpcConfigKeys$Server (ConfUtils.java:logGet(43)) - raft.grpc.server.leader.outstanding.appends.max = 128 (default)
2019-09-18 13:27:36,276 [18439327-be65-4068-9515-28c8c63af9f3@group-E34519B9C6E2:LeaderElection96] INFO  server.RaftServerConfigKeys (ConfUtils.java:logGet(43)) - raft.server.rpc.request.timeout = 3000ms (default)
2019-09-18 13:27:36,276 [18439327-be65-4068-9515-28c8c63af9f3@group-E34519B9C6E2:LeaderElection96] INFO  server.RaftServerConfigKeys (ConfUtils.java:logGet(43)) - raft.server.log.appender.install.snapshot.enabled = false (custom)
2019-09-18 13:27:36,276 [18439327-be65-4068-9515-28c8c63af9f3@group-E34519B9C6E2:LeaderElection96] INFO  server.RaftServerConfigKeys (ConfUtils.java:logGet(43)) - raft.server.log.appender.snapshot.chunk.size.max = 16MB (=16777216) (default)
2019-09-18 13:27:36,276 [18439327-be65-4068-9515-28c8c63af9f3@group-E34519B9C6E2:LeaderElection96] INFO  server.RaftServerConfigKeys (ConfUtils.java:logGet(43)) - raft.server.log.appender.buffer.byte-limit = 33554432 (custom)
2019-09-18 13:27:36,276 [Thread-2382] INFO  impl.FollowerState (FollowerState.java:run(106)) - a612795e-22d0-4c35-b04c-74664e93dea5:group-68BEDE52E9EB changes to CANDIDATE, lastRpcTime:5179, electionTimeout:5179ms
2019-09-18 13:27:36,276 [18439327-be65-4068-9515-28c8c63af9f3@group-E34519B9C6E2:LeaderElection96] INFO  server.RaftServerConfigKeys (ConfUtils.java:logGet(43)) - raft.server.log.appender.buffer.element-limit = 1 (custom)
2019-09-18 13:27:36,277 [Thread-2382] INFO  impl.RoleInfo (RoleInfo.java:shutdownFollowerState(121)) - a612795e-22d0-4c35-b04c-74664e93dea5: shutdown FollowerState
2019-09-18 13:27:36,277 [Thread-2382] INFO  impl.RaftServerImpl (RaftServerImpl.java:setRole(174)) - a612795e-22d0-4c35-b04c-74664e93dea5@group-68BEDE52E9EB: changes role from  FOLLOWER to CANDIDATE at term 0 for changeToCandidate
2019-09-18 13:27:36,277 [18439327-be65-4068-9515-28c8c63af9f3@group-E34519B9C6E2:LeaderElection96] INFO  grpc.GrpcConfigKeys$Server (ConfUtils.java:logGet(43)) - raft.grpc.server.leader.outstanding.appends.max = 128 (default)
2019-09-18 13:27:36,277 [Thread-2382] INFO  impl.RoleInfo (RoleInfo.java:updateAndGet(143)) - a612795e-22d0-4c35-b04c-74664e93dea5: start LeaderElection
2019-09-18 13:27:36,277 [18439327-be65-4068-9515-28c8c63af9f3@group-E34519B9C6E2:LeaderElection96] INFO  server.RaftServerConfigKeys (ConfUtils.java:logGet(43)) - raft.server.rpc.request.timeout = 3000ms (default)
2019-09-18 13:27:36,277 [18439327-be65-4068-9515-28c8c63af9f3@group-E34519B9C6E2:LeaderElection96] INFO  server.RaftServerConfigKeys (ConfUtils.java:logGet(43)) - raft.server.log.appender.install.snapshot.enabled = false (custom)
2019-09-18 13:27:36,281 [18439327-be65-4068-9515-28c8c63af9f3@group-E34519B9C6E2:LeaderElection96] INFO  impl.RoleInfo (RoleInfo.java:updateAndGet(143)) - 18439327-be65-4068-9515-28c8c63af9f3: start LeaderState
2019-09-18 13:27:36,282 [18439327-be65-4068-9515-28c8c63af9f3@group-E34519B9C6E2:LeaderElection96] INFO  segmented.SegmentedRaftLogWorker (SegmentedRaftLogWorker.java:startLogSegment(380)) - 18439327-be65-4068-9515-28c8c63af9f3@group-E34519B9C6E2-SegmentedRaftLogWorker: Starting segment from index:0
2019-09-18 13:27:36,282 [18439327-be65-4068-9515-28c8c63af9f3@group-E34519B9C6E2:LeaderElection96] INFO  impl.RaftServerImpl (ServerState.java:setRaftConf(354)) - 18439327-be65-4068-9515-28c8c63af9f3@group-E34519B9C6E2: set configuration 0: [5fac6a4b-8344-49e3-9993-69afe56dcf94:192.168.69.108:41410, a612795e-22d0-4c35-b04c-74664e93dea5:192.168.69.108:46165, 18439327-be65-4068-9515-28c8c63af9f3:192.168.69.108:37667], old=null at 0
2019-09-18 13:27:36,286 [a612795e-22d0-4c35-b04c-74664e93dea5@group-68BEDE52E9EB:LeaderElection98] INFO  impl.LeaderElection (LeaderElection.java:askForVotes(182)) - a612795e-22d0-4c35-b04c-74664e93dea5@group-68BEDE52E9EB:LeaderElection98: begin an election at term 1 for -1: [a612795e-22d0-4c35-b04c-74664e93dea5:192.168.69.108:46165], old=null
2019-09-18 13:27:36,286 [grpc-default-executor-0] INFO  impl.RaftServerImpl (ServerState.java:setLeader(253)) - 5fac6a4b-8344-49e3-9993-69afe56dcf94@group-E34519B9C6E2: change Leader from null to 18439327-be65-4068-9515-28c8c63af9f3 at term 1 for appendEntries, leader elected after 5071ms
2019-09-18 13:27:36,287 [a612795e-22d0-4c35-b04c-74664e93dea5@group-68BEDE52E9EB:LeaderElection98] INFO  impl.RoleInfo (RoleInfo.java:shutdownLeaderElection(134)) - a612795e-22d0-4c35-b04c-74664e93dea5: shutdown LeaderElection
2019-09-18 13:27:36,286 [a612795e-22d0-4c35-b04c-74664e93dea5@group-E34519B9C6E2:LeaderElection97] INFO  impl.LeaderElection (LeaderElection.java:askForVotes(182)) - a612795e-22d0-4c35-b04c-74664e93dea5@group-E34519B9C6E2:LeaderElection97: begin an election at term 2 for -1: [5fac6a4b-8344-49e3-9993-69afe56dcf94:192.168.69.108:41410, a612795e-22d0-4c35-b04c-74664e93dea5:192.168.69.108:46165, 18439327-be65-4068-9515-28c8c63af9f3:192.168.69.108:37667], old=null
2019-09-18 13:27:36,287 [a612795e-22d0-4c35-b04c-74664e93dea5@group-68BEDE52E9EB:LeaderElection98] INFO  impl.RaftServerImpl (RaftServerImpl.java:setRole(174)) - a612795e-22d0-4c35-b04c-74664e93dea5@group-68BEDE52E9EB: changes role from CANDIDATE to LEADER at term 1 for changeToLeader
2019-09-18 13:27:36,287 [a612795e-22d0-4c35-b04c-74664e93dea5@group-68BEDE52E9EB:LeaderElection98] INFO  impl.RaftServerImpl (ServerState.java:setLeader(253)) - a612795e-22d0-4c35-b04c-74664e93dea5@group-68BEDE52E9EB: change Leader from null to a612795e-22d0-4c35-b04c-74664e93dea5 at term 1 for becomeLeader, leader elected after 5196ms
2019-09-18 13:27:36,287 [a612795e-22d0-4c35-b04c-74664e93dea5@group-68BEDE52E9EB:LeaderElection98] INFO  server.RaftServerConfigKeys (ConfUtils.java:logGet(43)) - raft.server.staging.catchup.gap = 1000 (default)
2019-09-18 13:27:36,287 [a612795e-22d0-4c35-b04c-74664e93dea5@group-68BEDE52E9EB:LeaderElection98] INFO  server.RaftServerConfigKeys (ConfUtils.java:logGet(43)) - raft.server.rpc.sleep.time = 25ms (default)
2019-09-18 13:27:36,288 [a612795e-22d0-4c35-b04c-74664e93dea5@group-68BEDE52E9EB:LeaderElection98] INFO  server.RaftServerConfigKeys (ConfUtils.java:logGet(43)) - raft.server.write.element-limit = 4096 (default)
2019-09-18 13:27:36,288 [a612795e-22d0-4c35-b04c-74664e93dea5@group-E34519B9C6E2:LeaderElection97] INFO  impl.LeaderElection (LeaderElection.java:logAndReturn(56)) - a612795e-22d0-4c35-b04c-74664e93dea5@group-E34519B9C6E2:LeaderElection97: Election REJECTED; received 0 response(s) [] and 0 exception(s); a612795e-22d0-4c35-b04c-74664e93dea5@group-E34519B9C6E2:t2, leader=null, voted=a612795e-22d0-4c35-b04c-74664e93dea5, raftlog=a612795e-22d0-4c35-b04c-74664e93dea5@group-E34519B9C6E2-SegmentedRaftLog:OPENED:c-1,f-1,i0, conf=-1: [5fac6a4b-8344-49e3-9993-69afe56dcf94:192.168.69.108:41410, a612795e-22d0-4c35-b04c-74664e93dea5:192.168.69.108:46165, 18439327-be65-4068-9515-28c8c63af9f3:192.168.69.108:37667], old=null
2019-09-18 13:27:36,288 [a612795e-22d0-4c35-b04c-74664e93dea5@group-68BEDE52E9EB:LeaderElection98] INFO  server.RaftServerConfigKeys (ConfUtils.java:logGet(43)) - raft.server.watch.timeout = 10s (default)
2019-09-18 13:27:36,288 [a612795e-22d0-4c35-b04c-74664e93dea5@group-68BEDE52E9EB:LeaderElection98] INFO  server.RaftServerConfigKeys (ConfUtils.java:logGet(43)) - raft.server.watch.timeout.denomination = 1s (default)
2019-09-18 13:27:36,288 [a612795e-22d0-4c35-b04c-74664e93dea5@group-68BEDE52E9EB:LeaderElection98] INFO  server.RaftServerConfigKeys (ConfUtils.java:logGet(43)) - raft.server.watch.element-limit = 65536 (default)
2019-09-18 13:27:36,289 [Thread-2439] INFO  impl.RaftServerImpl (ServerState.java:setLeader(253)) - 18439327-be65-4068-9515-28c8c63af9f3@group-E34519B9C6E2: change Leader from 18439327-be65-4068-9515-28c8c63af9f3 to null at term 2 for updateCurrentTerm
2019-09-18 13:27:36,289 [Thread-2439] INFO  impl.RaftServerImpl (RaftServerImpl.java:setRole(174)) - 18439327-be65-4068-9515-28c8c63af9f3@group-E34519B9C6E2: changes role from    LEADER to FOLLOWER at term 2 for stepDown
2019-09-18 13:27:36,289 [Thread-2439] INFO  impl.RoleInfo (RoleInfo.java:shutdownLeaderState(104)) - 18439327-be65-4068-9515-28c8c63af9f3: shutdown LeaderState
2019-09-18 13:27:36,317 [org.apache.ratis.server.impl.LogAppender$AppenderDaemon$$Lambda$617/593142001@560979f5] WARN  server.GrpcLogAppender (GrpcLogAppender.java:mayWait(143)) - 18439327-be65-4068-9515-28c8c63af9f3@group-E34519B9C6E2->a612795e-22d0-4c35-b04c-74664e93dea5-GrpcLogAppender: Wait interrupted by java.lang.InterruptedException
2019-09-18 13:27:36,317 [Thread-2439] INFO  impl.PendingRequests (PendingRequests.java:sendNotLeaderResponses(202)) - 18439327-be65-4068-9515-28c8c63af9f3-PendingRequests: sendNotLeaderResponses
2019-09-18 13:27:36,318 [grpc-default-executor-0] INFO  impl.RaftServerImpl (ServerState.java:setRaftConf(354)) - 5fac6a4b-8344-49e3-9993-69afe56dcf94@group-E34519B9C6E2: set configuration 0: [5fac6a4b-8344-49e3-9993-69afe56dcf94:192.168.69.108:41410, a612795e-22d0-4c35-b04c-74664e93dea5:192.168.69.108:46165, 18439327-be65-4068-9515-28c8c63af9f3:192.168.69.108:37667], old=null at 0
2019-09-18 13:27:36,318 [org.apache.ratis.server.impl.LogAppender$AppenderDaemon$$Lambda$617/593142001@6ad9c900] WARN  server.GrpcLogAppender (GrpcLogAppender.java:mayWait(143)) - 18439327-be65-4068-9515-28c8c63af9f3@group-E34519B9C6E2->5fac6a4b-8344-49e3-9993-69afe56dcf94-GrpcLogAppender: Wait interrupted by java.lang.InterruptedException
2019-09-18 13:27:36,318 [grpc-default-executor-0] INFO  segmented.SegmentedRaftLogWorker (SegmentedRaftLogWorker.java:startLogSegment(380)) - 5fac6a4b-8344-49e3-9993-69afe56dcf94@group-E34519B9C6E2-SegmentedRaftLogWorker: Starting segment from index:0
2019-09-18 13:27:36,318 [grpc-default-executor-5] INFO  server.GrpcServerProtocolService (GrpcServerProtocolService.java:onCompleted(113)) - a612795e-22d0-4c35-b04c-74664e93dea5: Completed APPEND_ENTRIES, lastRequest: 18439327-be65-4068-9515-28c8c63af9f3->a612795e-22d0-4c35-b04c-74664e93dea5#0-t1, previous=(t:0, i:0), leaderCommit=-1, initializing? false, entries: <empty>
2019-09-18 13:27:36,318 [Thread-2439] INFO  impl.RoleInfo (RoleInfo.java:updateAndGet(143)) - 18439327-be65-4068-9515-28c8c63af9f3: start FollowerState
2019-09-18 13:27:36,319 [grpc-default-executor-3] INFO  server.GrpcLogAppender (GrpcLogAppender.java:onCompleted(293)) - 18439327-be65-4068-9515-28c8c63af9f3@group-E34519B9C6E2->a612795e-22d0-4c35-b04c-74664e93dea5-AppendLogResponseHandler: follower responses appendEntries COMPLETED
2019-09-18 13:27:36,347 [18439327-be65-4068-9515-28c8c63af9f3@group-E34519B9C6E2-SegmentedRaftLogWorker] INFO  segmented.SegmentedRaftLogWorker (SegmentedRaftLogWorker.java:execute(569)) - 18439327-be65-4068-9515-28c8c63af9f3@group-E34519B9C6E2-SegmentedRaftLogWorker: created new log segment /workdir/hadoop-ozone/integration-test/target/test-dir/MiniOzoneClusterImpl-f2e8a8ee-9676-419b-87c2-1ce192a62e22/datanode-0/data/ratis/7797ad4c-e9a1-4e20-877e-e34519b9c6e2/current/log_inprogress_0
2019-09-18 13:27:36,347 [Thread-2385] INFO  impl.FollowerState (FollowerState.java:run(106)) - 5fac6a4b-8344-49e3-9993-69afe56dcf94:group-B257D1185841 changes to CANDIDATE, lastRpcTime:5204, electionTimeout:5196ms
2019-09-18 13:27:36,319 [grpc-default-executor-0] INFO  server.GrpcServerProtocolService (GrpcServerProtocolService.java:onCompleted(113)) - 5fac6a4b-8344-49e3-9993-69afe56dcf94: Completed APPEND_ENTRIES, lastRequest: 18439327-be65-4068-9515-28c8c63af9f3->5fac6a4b-8344-49e3-9993-69afe56dcf94#1-t1, previous=(t:0, i:0), leaderCommit=-1, initializing? false, entries: size=1, first=(t:1, i:0), CONFIGURATIONENTRY
2019-09-18 13:27:36,348 [Thread-2385] INFO  impl.RoleInfo (RoleInfo.java:shutdownFollowerState(121)) - 5fac6a4b-8344-49e3-9993-69afe56dcf94: shutdown FollowerState
2019-09-18 13:27:36,347 [a612795e-22d0-4c35-b04c-74664e93dea5@group-68BEDE52E9EB:LeaderElection98] INFO  impl.RoleInfo (RoleInfo.java:updateAndGet(143)) - a612795e-22d0-4c35-b04c-74664e93dea5: start LeaderState
2019-09-18 13:27:36,347 [grpc-default-executor-3] INFO  impl.FollowerInfo (FollowerInfo.java:lambda$new$0(51)) - 18439327-be65-4068-9515-28c8c63af9f3@group-E34519B9C6E2->a612795e-22d0-4c35-b04c-74664e93dea5: nextIndex: updateUnconditionally 0 -> 0
2019-09-18 13:27:36,348 [a612795e-22d0-4c35-b04c-74664e93dea5@group-68BEDE52E9EB:LeaderElection98] INFO  segmented.SegmentedRaftLogWorker (SegmentedRaftLogWorker.java:startLogSegment(380)) - a612795e-22d0-4c35-b04c-74664e93dea5@group-68BEDE52E9EB-SegmentedRaftLogWorker: Starting segment from index:0
2019-09-18 13:27:36,348 [Thread-2385] INFO  impl.RaftServerImpl (RaftServerImpl.java:setRole(174)) - 5fac6a4b-8344-49e3-9993-69afe56dcf94@group-B257D1185841: changes role from  FOLLOWER to CANDIDATE at term 0 for changeToCandidate
2019-09-18 13:27:36,348 [grpc-default-executor-0] INFO  server.GrpcLogAppender (GrpcLogAppender.java:onCompleted(293)) - 18439327-be65-4068-9515-28c8c63af9f3@group-E34519B9C6E2->5fac6a4b-8344-49e3-9993-69afe56dcf94-AppendLogResponseHandler: follower responses appendEntries COMPLETED
2019-09-18 13:27:36,349 [a612795e-22d0-4c35-b04c-74664e93dea5@group-68BEDE52E9EB:LeaderElection98] INFO  impl.RaftServerImpl (ServerState.java:setRaftConf(354)) - a612795e-22d0-4c35-b04c-74664e93dea5@group-68BEDE52E9EB: set configuration 0: [a612795e-22d0-4c35-b04c-74664e93dea5:192.168.69.108:46165], old=null at 0
2019-09-18 13:27:36,348 [Thread-2385] INFO  impl.RoleInfo (RoleInfo.java:updateAndGet(143)) - 5fac6a4b-8344-49e3-9993-69afe56dcf94: start LeaderElection
2019-09-18 13:27:36,349 [grpc-default-executor-0] INFO  impl.FollowerInfo (FollowerInfo.java:lambda$new$0(51)) - 18439327-be65-4068-9515-28c8c63af9f3@group-E34519B9C6E2->5fac6a4b-8344-49e3-9993-69afe56dcf94: nextIndex: updateUnconditionally 1 -> 0
2019-09-18 13:27:36,408 [grpc-default-executor-3] INFO  impl.RaftServerImpl (RaftServerImpl.java:setRole(174)) - 18439327-be65-4068-9515-28c8c63af9f3@group-E34519B9C6E2: changes role from  FOLLOWER to FOLLOWER at term 2 for recognizeCandidate:a612795e-22d0-4c35-b04c-74664e93dea5
2019-09-18 13:27:36,404 [grpc-default-executor-5] INFO  impl.RaftServerImpl (ServerState.java:setLeader(253)) - 5fac6a4b-8344-49e3-9993-69afe56dcf94@group-E34519B9C6E2: change Leader from 18439327-be65-4068-9515-28c8c63af9f3 to null at term 2 for updateCurrentTerm
2019-09-18 13:27:36,369 [5fac6a4b-8344-49e3-9993-69afe56dcf94@group-E34519B9C6E2-SegmentedRaftLogWorker] INFO  segmented.SegmentedRaftLogWorker (SegmentedRaftLogWorker.java:execute(569)) - 5fac6a4b-8344-49e3-9993-69afe56dcf94@group-E34519B9C6E2-SegmentedRaftLogWorker: created new log segment /workdir/hadoop-ozone/integration-test/target/test-dir/MiniOzoneClusterImpl-f2e8a8ee-9676-419b-87c2-1ce192a62e22/datanode-2/data/ratis/7797ad4c-e9a1-4e20-877e-e34519b9c6e2/current/log_inprogress_0
2019-09-18 13:27:36,411 [grpc-default-executor-5] INFO  impl.RaftServerImpl (RaftServerImpl.java:setRole(174)) - 5fac6a4b-8344-49e3-9993-69afe56dcf94@group-E34519B9C6E2: changes role from  FOLLOWER to FOLLOWER at term 2 for recognizeCandidate:a612795e-22d0-4c35-b04c-74664e93dea5
2019-09-18 13:27:36,412 [grpc-default-executor-5] INFO  impl.RoleInfo (RoleInfo.java:shutdownFollowerState(121)) - 5fac6a4b-8344-49e3-9993-69afe56dcf94: shutdown FollowerState
2019-09-18 13:27:36,411 [grpc-default-executor-3] INFO  impl.RoleInfo (RoleInfo.java:shutdownFollowerState(121)) - 18439327-be65-4068-9515-28c8c63af9f3: shutdown FollowerState
2019-09-18 13:27:36,412 [Thread-2437] INFO  impl.FollowerState (FollowerState.java:run(115)) - 5fac6a4b-8344-49e3-9993-69afe56dcf94: FollowerState was interrupted: java.lang.InterruptedException: sleep interrupted
2019-09-18 13:27:36,412 [grpc-default-executor-5] INFO  impl.RoleInfo (RoleInfo.java:updateAndGet(143)) - 5fac6a4b-8344-49e3-9993-69afe56dcf94: start FollowerState
2019-09-18 13:27:36,412 [Thread-2449] INFO  impl.FollowerState (FollowerState.java:run(115)) - 18439327-be65-4068-9515-28c8c63af9f3: FollowerState was interrupted: java.lang.InterruptedException: sleep interrupted
2019-09-18 13:27:36,412 [grpc-default-executor-3] INFO  impl.RoleInfo (RoleInfo.java:updateAndGet(143)) - 18439327-be65-4068-9515-28c8c63af9f3: start FollowerState
2019-09-18 13:27:36,422 [a612795e-22d0-4c35-b04c-74664e93dea5@group-68BEDE52E9EB-SegmentedRaftLogWorker] INFO  segmented.SegmentedRaftLogWorker (SegmentedRaftLogWorker.java:execute(569)) - a612795e-22d0-4c35-b04c-74664e93dea5@group-68BEDE52E9EB-SegmentedRaftLogWorker: created new log segment /workdir/hadoop-ozone/integration-test/target/test-dir/MiniOzoneClusterImpl-f2e8a8ee-9676-419b-87c2-1ce192a62e22/datanode-1/data/ratis/29aca2da-916f-4efc-95b6-68bede52e9eb/current/log_inprogress_0
2019-09-18 13:27:36,422 [5fac6a4b-8344-49e3-9993-69afe56dcf94@group-B257D1185841:LeaderElection99] INFO  impl.LeaderElection (LeaderElection.java:askForVotes(182)) - 5fac6a4b-8344-49e3-9993-69afe56dcf94@group-B257D1185841:LeaderElection99: begin an election at term 1 for -1: [5fac6a4b-8344-49e3-9993-69afe56dcf94:192.168.69.108:41410], old=null
2019-09-18 13:27:36,422 [5fac6a4b-8344-49e3-9993-69afe56dcf94@group-B257D1185841:LeaderElection99] INFO  impl.RoleInfo (RoleInfo.java:shutdownLeaderElection(134)) - 5fac6a4b-8344-49e3-9993-69afe56dcf94: shutdown LeaderElection
2019-09-18 13:27:36,423 [5fac6a4b-8344-49e3-9993-69afe56dcf94@group-B257D1185841:LeaderElection99] INFO  impl.RaftServerImpl (RaftServerImpl.java:setRole(174)) - 5fac6a4b-8344-49e3-9993-69afe56dcf94@group-B257D1185841: changes role from CANDIDATE to LEADER at term 1 for changeToLeader
2019-09-18 13:27:36,423 [5fac6a4b-8344-49e3-9993-69afe56dcf94@group-B257D1185841:LeaderElection99] INFO  impl.RaftServerImpl (ServerState.java:setLeader(253)) - 5fac6a4b-8344-49e3-9993-69afe56dcf94@group-B257D1185841: change Leader from null to 5fac6a4b-8344-49e3-9993-69afe56dcf94 at term 1 for becomeLeader, leader elected after 5286ms
2019-09-18 13:27:36,423 [5fac6a4b-8344-49e3-9993-69afe56dcf94@group-B257D1185841:LeaderElection99] INFO  server.RaftServerConfigKeys (ConfUtils.java:logGet(43)) - raft.server.staging.catchup.gap = 1000 (default)
2019-09-18 13:27:36,423 [5fac6a4b-8344-49e3-9993-69afe56dcf94@group-B257D1185841:LeaderElection99] INFO  server.RaftServerConfigKeys (ConfUtils.java:logGet(43)) - raft.server.rpc.sleep.time = 25ms (default)
2019-09-18 13:27:36,423 [5fac6a4b-8344-49e3-9993-69afe56dcf94@group-B257D1185841:LeaderElection99] INFO  server.RaftServerConfigKeys (ConfUtils.java:logGet(43)) - raft.server.write.element-limit = 4096 (default)
2019-09-18 13:27:36,423 [5fac6a4b-8344-49e3-9993-69afe56dcf94@group-B257D1185841:LeaderElection99] INFO  server.RaftServerConfigKeys (ConfUtils.java:logGet(43)) - raft.server.watch.timeout = 10s (default)
2019-09-18 13:27:36,424 [5fac6a4b-8344-49e3-9993-69afe56dcf94@group-B257D1185841:LeaderElection99] INFO  server.RaftServerConfigKeys (ConfUtils.java:logGet(43)) - raft.server.watch.timeout.denomination = 1s (default)
2019-09-18 13:27:36,424 [5fac6a4b-8344-49e3-9993-69afe56dcf94@group-B257D1185841:LeaderElection99] INFO  server.RaftServerConfigKeys (ConfUtils.java:logGet(43)) - raft.server.watch.element-limit = 65536 (default)
2019-09-18 13:27:36,426 [5fac6a4b-8344-49e3-9993-69afe56dcf94@group-B257D1185841:LeaderElection99] INFO  impl.RoleInfo (RoleInfo.java:updateAndGet(143)) - 5fac6a4b-8344-49e3-9993-69afe56dcf94: start LeaderState
2019-09-18 13:27:36,426 [5fac6a4b-8344-49e3-9993-69afe56dcf94@group-B257D1185841:LeaderElection99] INFO  segmented.SegmentedRaftLogWorker (SegmentedRaftLogWorker.java:startLogSegment(380)) - 5fac6a4b-8344-49e3-9993-69afe56dcf94@group-B257D1185841-SegmentedRaftLogWorker: Starting segment from index:0
2019-09-18 13:27:36,427 [5fac6a4b-8344-49e3-9993-69afe56dcf94@group-B257D1185841:LeaderElection99] INFO  impl.RaftServerImpl (ServerState.java:setRaftConf(354)) - 5fac6a4b-8344-49e3-9993-69afe56dcf94@group-B257D1185841: set configuration 0: [5fac6a4b-8344-49e3-9993-69afe56dcf94:192.168.69.108:41410], old=null at 0
2019-09-18 13:27:36,476 [5fac6a4b-8344-49e3-9993-69afe56dcf94@group-B257D1185841-SegmentedRaftLogWorker] INFO  segmented.SegmentedRaftLogWorker (SegmentedRaftLogWorker.java:execute(569)) - 5fac6a4b-8344-49e3-9993-69afe56dcf94@group-B257D1185841-SegmentedRaftLogWorker: created new log segment /workdir/hadoop-ozone/integration-test/target/test-dir/MiniOzoneClusterImpl-f2e8a8ee-9676-419b-87c2-1ce192a62e22/datanode-2/data/ratis/5095a095-8a2c-43fd-9cc6-b257d1185841/current/log_inprogress_0
2019-09-18 13:27:36,644 [Thread-2397] INFO  impl.FollowerState (FollowerState.java:run(106)) - 5125f337-8d07-43f4-91dc-eeccf46a2213:group-EAC688463CC0 changes to CANDIDATE, lastRpcTime:5195, electionTimeout:5195ms
2019-09-18 13:27:36,644 [Thread-2397] INFO  impl.RoleInfo (RoleInfo.java:shutdownFollowerState(121)) - 5125f337-8d07-43f4-91dc-eeccf46a2213: shutdown FollowerState
2019-09-18 13:27:36,644 [Thread-2397] INFO  impl.RaftServerImpl (RaftServerImpl.java:setRole(174)) - 5125f337-8d07-43f4-91dc-eeccf46a2213@group-EAC688463CC0: changes role from  FOLLOWER to CANDIDATE at term 0 for changeToCandidate
2019-09-18 13:27:36,644 [Thread-2397] INFO  impl.RoleInfo (RoleInfo.java:updateAndGet(143)) - 5125f337-8d07-43f4-91dc-eeccf46a2213: start LeaderElection
2019-09-18 13:27:36,663 [5125f337-8d07-43f4-91dc-eeccf46a2213@group-EAC688463CC0:LeaderElection100] INFO  impl.LeaderElection (LeaderElection.java:askForVotes(182)) - 5125f337-8d07-43f4-91dc-eeccf46a2213@group-EAC688463CC0:LeaderElection100: begin an election at term 1 for -1: [5125f337-8d07-43f4-91dc-eeccf46a2213:192.168.69.108:41367], old=null
2019-09-18 13:27:36,663 [5125f337-8d07-43f4-91dc-eeccf46a2213@group-EAC688463CC0:LeaderElection100] INFO  impl.RoleInfo (RoleInfo.java:shutdownLeaderElection(134)) - 5125f337-8d07-43f4-91dc-eeccf46a2213: shutdown LeaderElection
2019-09-18 13:27:36,664 [5125f337-8d07-43f4-91dc-eeccf46a2213@group-EAC688463CC0:LeaderElection100] INFO  impl.RaftServerImpl (RaftServerImpl.java:setRole(174)) - 5125f337-8d07-43f4-91dc-eeccf46a2213@group-EAC688463CC0: changes role from CANDIDATE to LEADER at term 1 for changeToLeader
2019-09-18 13:27:36,664 [5125f337-8d07-43f4-91dc-eeccf46a2213@group-EAC688463CC0:LeaderElection100] INFO  impl.RaftServerImpl (ServerState.java:setLeader(253)) - 5125f337-8d07-43f4-91dc-eeccf46a2213@group-EAC688463CC0: change Leader from null to 5125f337-8d07-43f4-91dc-eeccf46a2213 at term 1 for becomeLeader, leader elected after 5221ms
2019-09-18 13:27:36,664 [5125f337-8d07-43f4-91dc-eeccf46a2213@group-EAC688463CC0:LeaderElection100] INFO  server.RaftServerConfigKeys (ConfUtils.java:logGet(43)) - raft.server.staging.catchup.gap = 1000 (default)
2019-09-18 13:27:36,664 [5125f337-8d07-43f4-91dc-eeccf46a2213@group-EAC688463CC0:LeaderElection100] INFO  server.RaftServerConfigKeys (ConfUtils.java:logGet(43)) - raft.server.rpc.sleep.time = 25ms (default)
2019-09-18 13:27:36,664 [5125f337-8d07-43f4-91dc-eeccf46a2213@group-EAC688463CC0:LeaderElection100] INFO  server.RaftServerConfigKeys (ConfUtils.java:logGet(43)) - raft.server.write.element-limit = 4096 (default)
2019-09-18 13:27:36,664 [5125f337-8d07-43f4-91dc-eeccf46a2213@group-EAC688463CC0:LeaderElection100] INFO  server.RaftServerConfigKeys (ConfUtils.java:logGet(43)) - raft.server.watch.timeout = 10s (default)
2019-09-18 13:27:36,664 [5125f337-8d07-43f4-91dc-eeccf46a2213@group-EAC688463CC0:LeaderElection100] INFO  server.RaftServerConfigKeys (ConfUtils.java:logGet(43)) - raft.server.watch.timeout.denomination = 1s (default)
2019-09-18 13:27:36,665 [5125f337-8d07-43f4-91dc-eeccf46a2213@group-EAC688463CC0:LeaderElection100] INFO  server.RaftServerConfigKeys (ConfUtils.java:logGet(43)) - raft.server.watch.element-limit = 65536 (default)
2019-09-18 13:27:36,669 [5125f337-8d07-43f4-91dc-eeccf46a2213@group-EAC688463CC0:LeaderElection100] INFO  impl.RoleInfo (RoleInfo.java:updateAndGet(143)) - 5125f337-8d07-43f4-91dc-eeccf46a2213: start LeaderState
2019-09-18 13:27:36,670 [5125f337-8d07-43f4-91dc-eeccf46a2213@group-EAC688463CC0:LeaderElection100] INFO  segmented.SegmentedRaftLogWorker (SegmentedRaftLogWorker.java:startLogSegment(380)) - 5125f337-8d07-43f4-91dc-eeccf46a2213@group-EAC688463CC0-SegmentedRaftLogWorker: Starting segment from index:0
2019-09-18 13:27:36,670 [5125f337-8d07-43f4-91dc-eeccf46a2213@group-EAC688463CC0:LeaderElection100] INFO  impl.RaftServerImpl (ServerState.java:setRaftConf(354)) - 5125f337-8d07-43f4-91dc-eeccf46a2213@group-EAC688463CC0: set configuration 0: [5125f337-8d07-43f4-91dc-eeccf46a2213:192.168.69.108:41367], old=null at 0
2019-09-18 13:27:36,717 [5125f337-8d07-43f4-91dc-eeccf46a2213@group-EAC688463CC0-SegmentedRaftLogWorker] INFO  segmented.SegmentedRaftLogWorker (SegmentedRaftLogWorker.java:execute(569)) - 5125f337-8d07-43f4-91dc-eeccf46a2213@group-EAC688463CC0-SegmentedRaftLogWorker: created new log segment /workdir/hadoop-ozone/integration-test/target/test-dir/MiniOzoneClusterImpl-f2e8a8ee-9676-419b-87c2-1ce192a62e22/datanode-3/data/ratis/576cdc8c-5543-4cd5-9124-eac688463cc0/current/log_inprogress_0
2019-09-18 13:27:36,812 [Thread-2400] INFO  impl.FollowerState (FollowerState.java:run(106)) - cd0d5373-3169-45ee-b582-4482679ce23a:group-1CD751C924AC changes to CANDIDATE, lastRpcTime:5151, electionTimeout:5151ms
2019-09-18 13:27:36,812 [Thread-2400] INFO  impl.RoleInfo (RoleInfo.java:shutdownFollowerState(121)) - cd0d5373-3169-45ee-b582-4482679ce23a: shutdown FollowerState
2019-09-18 13:27:36,812 [Thread-2400] INFO  impl.RaftServerImpl (RaftServerImpl.java:setRole(174)) - cd0d5373-3169-45ee-b582-4482679ce23a@group-1CD751C924AC: changes role from  FOLLOWER to CANDIDATE at term 0 for changeToCandidate
2019-09-18 13:27:36,813 [Thread-2400] INFO  impl.RoleInfo (RoleInfo.java:updateAndGet(143)) - cd0d5373-3169-45ee-b582-4482679ce23a: start LeaderElection
2019-09-18 13:27:36,825 [Thread-2407] INFO  impl.FollowerState (FollowerState.java:run(106)) - c3ede856-f24c-476c-ac0d-e0c199290fbb:group-638B8FB0F588 changes to CANDIDATE, lastRpcTime:5082, electionTimeout:5082ms
2019-09-18 13:27:36,826 [Thread-2407] INFO  impl.RoleInfo (RoleInfo.java:shutdownFollowerState(121)) - c3ede856-f24c-476c-ac0d-e0c199290fbb: shutdown FollowerState
2019-09-18 13:27:36,826 [Thread-2407] INFO  impl.RaftServerImpl (RaftServerImpl.java:setRole(174)) - c3ede856-f24c-476c-ac0d-e0c199290fbb@group-638B8FB0F588: changes role from  FOLLOWER to CANDIDATE at term 0 for changeToCandidate
2019-09-18 13:27:36,826 [Thread-2407] INFO  impl.RoleInfo (RoleInfo.java:updateAndGet(143)) - c3ede856-f24c-476c-ac0d-e0c199290fbb: start LeaderElection
2019-09-18 13:27:36,831 [cd0d5373-3169-45ee-b582-4482679ce23a@group-1CD751C924AC:LeaderElection101] INFO  impl.LeaderElection (LeaderElection.java:askForVotes(182)) - cd0d5373-3169-45ee-b582-4482679ce23a@group-1CD751C924AC:LeaderElection101: begin an election at term 1 for -1: [cd0d5373-3169-45ee-b582-4482679ce23a:192.168.69.108:46356], old=null
2019-09-18 13:27:36,831 [cd0d5373-3169-45ee-b582-4482679ce23a@group-1CD751C924AC:LeaderElection101] INFO  impl.RoleInfo (RoleInfo.java:shutdownLeaderElection(134)) - cd0d5373-3169-45ee-b582-4482679ce23a: shutdown LeaderElection
2019-09-18 13:27:36,832 [cd0d5373-3169-45ee-b582-4482679ce23a@group-1CD751C924AC:LeaderElection101] INFO  impl.RaftServerImpl (RaftServerImpl.java:setRole(174)) - cd0d5373-3169-45ee-b582-4482679ce23a@group-1CD751C924AC: changes role from CANDIDATE to LEADER at term 1 for changeToLeader
2019-09-18 13:27:36,832 [cd0d5373-3169-45ee-b582-4482679ce23a@group-1CD751C924AC:LeaderElection101] INFO  impl.RaftServerImpl (ServerState.java:setLeader(253)) - cd0d5373-3169-45ee-b582-4482679ce23a@group-1CD751C924AC: change Leader from null to cd0d5373-3169-45ee-b582-4482679ce23a at term 1 for becomeLeader, leader elected after 5177ms
2019-09-18 13:27:36,832 [cd0d5373-3169-45ee-b582-4482679ce23a@group-1CD751C924AC:LeaderElection101] INFO  server.RaftServerConfigKeys (ConfUtils.java:logGet(43)) - raft.server.staging.catchup.gap = 1000 (default)
2019-09-18 13:27:36,832 [cd0d5373-3169-45ee-b582-4482679ce23a@group-1CD751C924AC:LeaderElection101] INFO  server.RaftServerConfigKeys (ConfUtils.java:logGet(43)) - raft.server.rpc.sleep.time = 25ms (default)
2019-09-18 13:27:36,832 [cd0d5373-3169-45ee-b582-4482679ce23a@group-1CD751C924AC:LeaderElection101] INFO  server.RaftServerConfigKeys (ConfUtils.java:logGet(43)) - raft.server.write.element-limit = 4096 (default)
2019-09-18 13:27:36,832 [cd0d5373-3169-45ee-b582-4482679ce23a@group-1CD751C924AC:LeaderElection101] INFO  server.RaftServerConfigKeys (ConfUtils.java:logGet(43)) - raft.server.watch.timeout = 10s (default)
2019-09-18 13:27:36,832 [cd0d5373-3169-45ee-b582-4482679ce23a@group-1CD751C924AC:LeaderElection101] INFO  server.RaftServerConfigKeys (ConfUtils.java:logGet(43)) - raft.server.watch.timeout.denomination = 1s (default)
2019-09-18 13:27:36,833 [cd0d5373-3169-45ee-b582-4482679ce23a@group-1CD751C924AC:LeaderElection101] INFO  server.RaftServerConfigKeys (ConfUtils.java:logGet(43)) - raft.server.watch.element-limit = 65536 (default)
2019-09-18 13:27:36,834 [cd0d5373-3169-45ee-b582-4482679ce23a@group-1CD751C924AC:LeaderElection101] INFO  impl.RoleInfo (RoleInfo.java:updateAndGet(143)) - cd0d5373-3169-45ee-b582-4482679ce23a: start LeaderState
2019-09-18 13:27:36,835 [cd0d5373-3169-45ee-b582-4482679ce23a@group-1CD751C924AC:LeaderElection101] INFO  segmented.SegmentedRaftLogWorker (SegmentedRaftLogWorker.java:startLogSegment(380)) - cd0d5373-3169-45ee-b582-4482679ce23a@group-1CD751C924AC-SegmentedRaftLogWorker: Starting segment from index:0
2019-09-18 13:27:36,835 [cd0d5373-3169-45ee-b582-4482679ce23a@group-1CD751C924AC:LeaderElection101] INFO  impl.RaftServerImpl (ServerState.java:setRaftConf(354)) - cd0d5373-3169-45ee-b582-4482679ce23a@group-1CD751C924AC: set configuration 0: [cd0d5373-3169-45ee-b582-4482679ce23a:192.168.69.108:46356], old=null at 0
2019-09-18 13:27:36,839 [Thread-2406] INFO  impl.FollowerState (FollowerState.java:run(106)) - 5125f337-8d07-43f4-91dc-eeccf46a2213:group-638B8FB0F588 changes to CANDIDATE, lastRpcTime:5096, electionTimeout:5096ms
2019-09-18 13:27:36,840 [Thread-2406] INFO  impl.RoleInfo (RoleInfo.java:shutdownFollowerState(121)) - 5125f337-8d07-43f4-91dc-eeccf46a2213: shutdown FollowerState
2019-09-18 13:27:36,840 [Thread-2406] INFO  impl.RaftServerImpl (RaftServerImpl.java:setRole(174)) - 5125f337-8d07-43f4-91dc-eeccf46a2213@group-638B8FB0F588: changes role from  FOLLOWER to CANDIDATE at term 0 for changeToCandidate
2019-09-18 13:27:36,840 [Thread-2406] INFO  impl.RoleInfo (RoleInfo.java:updateAndGet(143)) - 5125f337-8d07-43f4-91dc-eeccf46a2213: start LeaderElection
2019-09-18 13:27:36,869 [Thread-2414] INFO  impl.FollowerState (FollowerState.java:run(106)) - c3ede856-f24c-476c-ac0d-e0c199290fbb:group-9516C0504CF8 changes to CANDIDATE, lastRpcTime:5067, electionTimeout:5045ms
2019-09-18 13:27:36,869 [c3ede856-f24c-476c-ac0d-e0c199290fbb@group-638B8FB0F588:LeaderElection102] INFO  impl.LeaderElection (LeaderElection.java:askForVotes(182)) - c3ede856-f24c-476c-ac0d-e0c199290fbb@group-638B8FB0F588:LeaderElection102: begin an election at term 1 for -1: [c3ede856-f24c-476c-ac0d-e0c199290fbb:192.168.69.108:38533, cd0d5373-3169-45ee-b582-4482679ce23a:192.168.69.108:46356, 5125f337-8d07-43f4-91dc-eeccf46a2213:192.168.69.108:41367], old=null
2019-09-18 13:27:36,869 [Thread-2414] INFO  impl.RoleInfo (RoleInfo.java:shutdownFollowerState(121)) - c3ede856-f24c-476c-ac0d-e0c199290fbb: shutdown FollowerState
2019-09-18 13:27:36,870 [Thread-2414] INFO  impl.RaftServerImpl (RaftServerImpl.java:setRole(174)) - c3ede856-f24c-476c-ac0d-e0c199290fbb@group-9516C0504CF8: changes role from  FOLLOWER to CANDIDATE at term 0 for changeToCandidate
2019-09-18 13:27:36,870 [Thread-2414] INFO  impl.RoleInfo (RoleInfo.java:updateAndGet(143)) - c3ede856-f24c-476c-ac0d-e0c199290fbb: start LeaderElection
2019-09-18 13:27:36,884 [cd0d5373-3169-45ee-b582-4482679ce23a@group-1CD751C924AC-SegmentedRaftLogWorker] INFO  segmented.SegmentedRaftLogWorker (SegmentedRaftLogWorker.java:execute(569)) - cd0d5373-3169-45ee-b582-4482679ce23a@group-1CD751C924AC-SegmentedRaftLogWorker: created new log segment /workdir/hadoop-ozone/integration-test/target/test-dir/MiniOzoneClusterImpl-f2e8a8ee-9676-419b-87c2-1ce192a62e22/datanode-4/data/ratis/328abdc2-9c69-4872-b398-1cd751c924ac/current/log_inprogress_0
2019-09-18 13:27:36,886 [grpc-default-executor-3] INFO  impl.RaftServerImpl (RaftServerImpl.java:setRole(174)) - cd0d5373-3169-45ee-b582-4482679ce23a@group-638B8FB0F588: changes role from  FOLLOWER to FOLLOWER at term 1 for recognizeCandidate:c3ede856-f24c-476c-ac0d-e0c199290fbb
2019-09-18 13:27:36,887 [5125f337-8d07-43f4-91dc-eeccf46a2213@group-638B8FB0F588:LeaderElection103] INFO  impl.LeaderElection (LeaderElection.java:askForVotes(182)) - 5125f337-8d07-43f4-91dc-eeccf46a2213@group-638B8FB0F588:LeaderElection103: begin an election at term 1 for -1: [c3ede856-f24c-476c-ac0d-e0c199290fbb:192.168.69.108:38533, cd0d5373-3169-45ee-b582-4482679ce23a:192.168.69.108:46356, 5125f337-8d07-43f4-91dc-eeccf46a2213:192.168.69.108:41367], old=null
2019-09-18 13:27:36,887 [c3ede856-f24c-476c-ac0d-e0c199290fbb@group-9516C0504CF8:LeaderElection104] INFO  impl.LeaderElection (LeaderElection.java:askForVotes(182)) - c3ede856-f24c-476c-ac0d-e0c199290fbb@group-9516C0504CF8:LeaderElection104: begin an election at term 1 for -1: [c3ede856-f24c-476c-ac0d-e0c199290fbb:192.168.69.108:38533], old=null
2019-09-18 13:27:36,890 [grpc-default-executor-3] INFO  impl.RoleInfo (RoleInfo.java:shutdownFollowerState(121)) - cd0d5373-3169-45ee-b582-4482679ce23a: shutdown FollowerState
2019-09-18 13:27:36,893 [c3ede856-f24c-476c-ac0d-e0c199290fbb@group-9516C0504CF8:LeaderElection104] INFO  impl.RoleInfo (RoleInfo.java:shutdownLeaderElection(134)) - c3ede856-f24c-476c-ac0d-e0c199290fbb: shutdown LeaderElection
2019-09-18 13:27:36,893 [grpc-default-executor-3] INFO  impl.RoleInfo (RoleInfo.java:updateAndGet(143)) - cd0d5373-3169-45ee-b582-4482679ce23a: start FollowerState
2019-09-18 13:27:36,893 [c3ede856-f24c-476c-ac0d-e0c199290fbb@group-9516C0504CF8:LeaderElection104] INFO  impl.RaftServerImpl (RaftServerImpl.java:setRole(174)) - c3ede856-f24c-476c-ac0d-e0c199290fbb@group-9516C0504CF8: changes role from CANDIDATE to LEADER at term 1 for changeToLeader
2019-09-18 13:27:36,894 [c3ede856-f24c-476c-ac0d-e0c199290fbb@group-9516C0504CF8:LeaderElection104] INFO  impl.RaftServerImpl (ServerState.java:setLeader(253)) - c3ede856-f24c-476c-ac0d-e0c199290fbb@group-9516C0504CF8: change Leader from null to c3ede856-f24c-476c-ac0d-e0c199290fbb at term 1 for becomeLeader, leader elected after 5104ms
2019-09-18 13:27:36,894 [c3ede856-f24c-476c-ac0d-e0c199290fbb@group-9516C0504CF8:LeaderElection104] INFO  server.RaftServerConfigKeys (ConfUtils.java:logGet(43)) - raft.server.staging.catchup.gap = 1000 (default)
2019-09-18 13:27:36,894 [c3ede856-f24c-476c-ac0d-e0c199290fbb@group-9516C0504CF8:LeaderElection104] INFO  server.RaftServerConfigKeys (ConfUtils.java:logGet(43)) - raft.server.rpc.sleep.time = 25ms (default)
2019-09-18 13:27:36,894 [c3ede856-f24c-476c-ac0d-e0c199290fbb@group-9516C0504CF8:LeaderElection104] INFO  server.RaftServerConfigKeys (ConfUtils.java:logGet(43)) - raft.server.write.element-limit = 4096 (default)
2019-09-18 13:27:36,894 [c3ede856-f24c-476c-ac0d-e0c199290fbb@group-9516C0504CF8:LeaderElection104] INFO  server.RaftServerConfigKeys (ConfUtils.java:logGet(43)) - raft.server.watch.timeout = 10s (default)
2019-09-18 13:27:36,895 [c3ede856-f24c-476c-ac0d-e0c199290fbb@group-9516C0504CF8:LeaderElection104] INFO  server.RaftServerConfigKeys (ConfUtils.java:logGet(43)) - raft.server.watch.timeout.denomination = 1s (default)
2019-09-18 13:27:36,895 [c3ede856-f24c-476c-ac0d-e0c199290fbb@group-9516C0504CF8:LeaderElection104] INFO  server.RaftServerConfigKeys (ConfUtils.java:logGet(43)) - raft.server.watch.element-limit = 65536 (default)
2019-09-18 13:27:36,903 [c3ede856-f24c-476c-ac0d-e0c199290fbb@group-9516C0504CF8:LeaderElection104] INFO  impl.RoleInfo (RoleInfo.java:updateAndGet(143)) - c3ede856-f24c-476c-ac0d-e0c199290fbb: start LeaderState
2019-09-18 13:27:36,903 [c3ede856-f24c-476c-ac0d-e0c199290fbb@group-638B8FB0F588:LeaderElection102] INFO  impl.LeaderElection (LeaderElection.java:logAndReturn(56)) - c3ede856-f24c-476c-ac0d-e0c199290fbb@group-638B8FB0F588:LeaderElection102: Election PASSED; received 2 response(s) [c3ede856-f24c-476c-ac0d-e0c199290fbb<-cd0d5373-3169-45ee-b582-4482679ce23a#0:OK-t1, c3ede856-f24c-476c-ac0d-e0c199290fbb<-5125f337-8d07-43f4-91dc-eeccf46a2213#0:FAIL-t1] and 0 exception(s); c3ede856-f24c-476c-ac0d-e0c199290fbb@group-638B8FB0F588:t1, leader=null, voted=c3ede856-f24c-476c-ac0d-e0c199290fbb, raftlog=c3ede856-f24c-476c-ac0d-e0c199290fbb@group-638B8FB0F588-SegmentedRaftLog:OPENED:c-1,f-1,i0, conf=-1: [c3ede856-f24c-476c-ac0d-e0c199290fbb:192.168.69.108:38533, cd0d5373-3169-45ee-b582-4482679ce23a:192.168.69.108:46356, 5125f337-8d07-43f4-91dc-eeccf46a2213:192.168.69.108:41367], old=null
2019-09-18 13:27:36,903 [c3ede856-f24c-476c-ac0d-e0c199290fbb@group-9516C0504CF8:LeaderElection104] INFO  segmented.SegmentedRaftLogWorker (SegmentedRaftLogWorker.java:startLogSegment(380)) - c3ede856-f24c-476c-ac0d-e0c199290fbb@group-9516C0504CF8-SegmentedRaftLogWorker: Starting segment from index:0
2019-09-18 13:27:36,903 [c3ede856-f24c-476c-ac0d-e0c199290fbb@group-638B8FB0F588:LeaderElection102] INFO  impl.RoleInfo (RoleInfo.java:shutdownLeaderElection(134)) - c3ede856-f24c-476c-ac0d-e0c199290fbb: shutdown LeaderElection
2019-09-18 13:27:36,903 [5125f337-8d07-43f4-91dc-eeccf46a2213@group-638B8FB0F588:LeaderElection103] INFO  impl.LeaderElection (LeaderElection.java:logAndReturn(56)) - 5125f337-8d07-43f4-91dc-eeccf46a2213@group-638B8FB0F588:LeaderElection103: Election REJECTED; received 2 response(s) [5125f337-8d07-43f4-91dc-eeccf46a2213<-c3ede856-f24c-476c-ac0d-e0c199290fbb#0:FAIL-t1, 5125f337-8d07-43f4-91dc-eeccf46a2213<-cd0d5373-3169-45ee-b582-4482679ce23a#0:FAIL-t1] and 0 exception(s); 5125f337-8d07-43f4-91dc-eeccf46a2213@group-638B8FB0F588:t1, leader=null, voted=5125f337-8d07-43f4-91dc-eeccf46a2213, raftlog=5125f337-8d07-43f4-91dc-eeccf46a2213@group-638B8FB0F588-SegmentedRaftLog:OPENED:c-1,f-1,i0, conf=-1: [c3ede856-f24c-476c-ac0d-e0c199290fbb:192.168.69.108:38533, cd0d5373-3169-45ee-b582-4482679ce23a:192.168.69.108:46356, 5125f337-8d07-43f4-91dc-eeccf46a2213:192.168.69.108:41367], old=null
2019-09-18 13:27:36,904 [c3ede856-f24c-476c-ac0d-e0c199290fbb@group-638B8FB0F588:LeaderElection102] INFO  impl.RaftServerImpl (RaftServerImpl.java:setRole(174)) - c3ede856-f24c-476c-ac0d-e0c199290fbb@group-638B8FB0F588: changes role from CANDIDATE to LEADER at term 1 for changeToLeader
2019-09-18 13:27:36,904 [c3ede856-f24c-476c-ac0d-e0c199290fbb@group-9516C0504CF8:LeaderElection104] INFO  impl.RaftServerImpl (ServerState.java:setRaftConf(354)) - c3ede856-f24c-476c-ac0d-e0c199290fbb@group-9516C0504CF8: set configuration 0: [c3ede856-f24c-476c-ac0d-e0c199290fbb:192.168.69.108:38533], old=null at 0
2019-09-18 13:27:36,904 [5125f337-8d07-43f4-91dc-eeccf46a2213@group-638B8FB0F588:LeaderElection103] INFO  impl.RaftServerImpl (RaftServerImpl.java:setRole(174)) - 5125f337-8d07-43f4-91dc-eeccf46a2213@group-638B8FB0F588: changes role from CANDIDATE to FOLLOWER at term 1 for DISCOVERED_A_NEW_TERM
2019-09-18 13:27:36,904 [5125f337-8d07-43f4-91dc-eeccf46a2213@group-638B8FB0F588:LeaderElection103] INFO  impl.RoleInfo (RoleInfo.java:shutdownLeaderElection(134)) - 5125f337-8d07-43f4-91dc-eeccf46a2213: shutdown LeaderElection
2019-09-18 13:27:36,904 [c3ede856-f24c-476c-ac0d-e0c199290fbb@group-638B8FB0F588:LeaderElection102] INFO  impl.RaftServerImpl (ServerState.java:setLeader(253)) - c3ede856-f24c-476c-ac0d-e0c199290fbb@group-638B8FB0F588: change Leader from null to c3ede856-f24c-476c-ac0d-e0c199290fbb at term 1 for becomeLeader, leader elected after 5172ms
2019-09-18 13:27:36,905 [5125f337-8d07-43f4-91dc-eeccf46a2213@group-638B8FB0F588:LeaderElection103] INFO  impl.RoleInfo (RoleInfo.java:updateAndGet(143)) - 5125f337-8d07-43f4-91dc-eeccf46a2213: start FollowerState
2019-09-18 13:27:36,905 [c3ede856-f24c-476c-ac0d-e0c199290fbb@group-638B8FB0F588:LeaderElection102] INFO  server.RaftServerConfigKeys (ConfUtils.java:logGet(43)) - raft.server.staging.catchup.gap = 1000 (default)
2019-09-18 13:27:36,905 [c3ede856-f24c-476c-ac0d-e0c199290fbb@group-638B8FB0F588:LeaderElection102] INFO  server.RaftServerConfigKeys (ConfUtils.java:logGet(43)) - raft.server.rpc.sleep.time = 25ms (default)
2019-09-18 13:27:36,905 [c3ede856-f24c-476c-ac0d-e0c199290fbb@group-638B8FB0F588:LeaderElection102] INFO  server.RaftServerConfigKeys (ConfUtils.java:logGet(43)) - raft.server.write.element-limit = 4096 (default)
2019-09-18 13:27:36,905 [c3ede856-f24c-476c-ac0d-e0c199290fbb@group-638B8FB0F588:LeaderElection102] INFO  server.RaftServerConfigKeys (ConfUtils.java:logGet(43)) - raft.server.watch.timeout = 10s (default)
2019-09-18 13:27:36,906 [c3ede856-f24c-476c-ac0d-e0c199290fbb@group-638B8FB0F588:LeaderElection102] INFO  server.RaftServerConfigKeys (ConfUtils.java:logGet(43)) - raft.server.watch.timeout.denomination = 1s (default)
2019-09-18 13:27:36,906 [c3ede856-f24c-476c-ac0d-e0c199290fbb@group-638B8FB0F588:LeaderElection102] INFO  server.RaftServerConfigKeys (ConfUtils.java:logGet(43)) - raft.server.watch.element-limit = 65536 (default)
2019-09-18 13:27:36,908 [c3ede856-f24c-476c-ac0d-e0c199290fbb@group-638B8FB0F588:LeaderElection102] INFO  server.RaftServerConfigKeys (ConfUtils.java:logGet(43)) - raft.server.log.appender.snapshot.chunk.size.max = 16MB (=16777216) (default)
2019-09-18 13:27:36,909 [c3ede856-f24c-476c-ac0d-e0c199290fbb@group-638B8FB0F588:LeaderElection102] INFO  server.RaftServerConfigKeys (ConfUtils.java:logGet(43)) - raft.server.log.appender.buffer.byte-limit = 33554432 (custom)
2019-09-18 13:27:36,909 [c3ede856-f24c-476c-ac0d-e0c199290fbb@group-638B8FB0F588:LeaderElection102] INFO  server.RaftServerConfigKeys (ConfUtils.java:logGet(43)) - raft.server.log.appender.buffer.element-limit = 1 (custom)
2019-09-18 13:27:36,909 [c3ede856-f24c-476c-ac0d-e0c199290fbb@group-638B8FB0F588:LeaderElection102] INFO  grpc.GrpcConfigKeys$Server (ConfUtils.java:logGet(43)) - raft.grpc.server.leader.outstanding.appends.max = 128 (default)
2019-09-18 13:27:36,909 [c3ede856-f24c-476c-ac0d-e0c199290fbb@group-638B8FB0F588:LeaderElection102] INFO  server.RaftServerConfigKeys (ConfUtils.java:logGet(43)) - raft.server.rpc.request.timeout = 3000ms (default)
2019-09-18 13:27:36,910 [c3ede856-f24c-476c-ac0d-e0c199290fbb@group-638B8FB0F588:LeaderElection102] INFO  server.RaftServerConfigKeys (ConfUtils.java:logGet(43)) - raft.server.log.appender.install.snapshot.enabled = false (custom)
2019-09-18 13:27:36,910 [c3ede856-f24c-476c-ac0d-e0c199290fbb@group-638B8FB0F588:LeaderElection102] INFO  server.RaftServerConfigKeys (ConfUtils.java:logGet(43)) - raft.server.log.appender.snapshot.chunk.size.max = 16MB (=16777216) (default)
2019-09-18 13:27:36,910 [c3ede856-f24c-476c-ac0d-e0c199290fbb@group-638B8FB0F588:LeaderElection102] INFO  server.RaftServerConfigKeys (ConfUtils.java:logGet(43)) - raft.server.log.appender.buffer.byte-limit = 33554432 (custom)
2019-09-18 13:27:36,910 [c3ede856-f24c-476c-ac0d-e0c199290fbb@group-638B8FB0F588:LeaderElection102] INFO  server.RaftServerConfigKeys (ConfUtils.java:logGet(43)) - raft.server.log.appender.buffer.element-limit = 1 (custom)
2019-09-18 13:27:36,911 [c3ede856-f24c-476c-ac0d-e0c199290fbb@group-638B8FB0F588:LeaderElection102] INFO  grpc.GrpcConfigKeys$Server (ConfUtils.java:logGet(43)) - raft.grpc.server.leader.outstanding.appends.max = 128 (default)
2019-09-18 13:27:36,911 [c3ede856-f24c-476c-ac0d-e0c199290fbb@group-638B8FB0F588:LeaderElection102] INFO  server.RaftServerConfigKeys (ConfUtils.java:logGet(43)) - raft.server.rpc.request.timeout = 3000ms (default)
2019-09-18 13:27:36,911 [c3ede856-f24c-476c-ac0d-e0c199290fbb@group-638B8FB0F588:LeaderElection102] INFO  server.RaftServerConfigKeys (ConfUtils.java:logGet(43)) - raft.server.log.appender.install.snapshot.enabled = false (custom)
2019-09-18 13:27:36,911 [c3ede856-f24c-476c-ac0d-e0c199290fbb@group-638B8FB0F588:LeaderElection102] INFO  impl.RoleInfo (RoleInfo.java:updateAndGet(143)) - c3ede856-f24c-476c-ac0d-e0c199290fbb: start LeaderState
2019-09-18 13:27:36,912 [c3ede856-f24c-476c-ac0d-e0c199290fbb@group-638B8FB0F588:LeaderElection102] INFO  segmented.SegmentedRaftLogWorker (SegmentedRaftLogWorker.java:startLogSegment(380)) - c3ede856-f24c-476c-ac0d-e0c199290fbb@group-638B8FB0F588-SegmentedRaftLogWorker: Starting segment from index:0
2019-09-18 13:27:36,912 [c3ede856-f24c-476c-ac0d-e0c199290fbb@group-638B8FB0F588:LeaderElection102] INFO  impl.RaftServerImpl (ServerState.java:setRaftConf(354)) - c3ede856-f24c-476c-ac0d-e0c199290fbb@group-638B8FB0F588: set configuration 0: [c3ede856-f24c-476c-ac0d-e0c199290fbb:192.168.69.108:38533, cd0d5373-3169-45ee-b582-4482679ce23a:192.168.69.108:46356, 5125f337-8d07-43f4-91dc-eeccf46a2213:192.168.69.108:41367], old=null at 0
2019-09-18 13:27:36,914 [grpc-default-executor-0] INFO  impl.RaftServerImpl (ServerState.java:setLeader(253)) - cd0d5373-3169-45ee-b582-4482679ce23a@group-638B8FB0F588: change Leader from null to c3ede856-f24c-476c-ac0d-e0c199290fbb at term 1 for appendEntries, leader elected after 5181ms
2019-09-18 13:27:36,914 [grpc-default-executor-3] INFO  impl.RaftServerImpl (ServerState.java:setLeader(253)) - 5125f337-8d07-43f4-91dc-eeccf46a2213@group-638B8FB0F588: change Leader from null to c3ede856-f24c-476c-ac0d-e0c199290fbb at term 1 for appendEntries, leader elected after 5182ms
2019-09-18 13:27:36,916 [grpc-default-executor-0] INFO  impl.RaftServerImpl (ServerState.java:setRaftConf(354)) - cd0d5373-3169-45ee-b582-4482679ce23a@group-638B8FB0F588: set configuration 0: [c3ede856-f24c-476c-ac0d-e0c199290fbb:192.168.69.108:38533, cd0d5373-3169-45ee-b582-4482679ce23a:192.168.69.108:46356, 5125f337-8d07-43f4-91dc-eeccf46a2213:192.168.69.108:41367], old=null at 0
2019-09-18 13:27:36,916 [grpc-default-executor-0] INFO  segmented.SegmentedRaftLogWorker (SegmentedRaftLogWorker.java:startLogSegment(380)) - cd0d5373-3169-45ee-b582-4482679ce23a@group-638B8FB0F588-SegmentedRaftLogWorker: Starting segment from index:0
2019-09-18 13:27:36,917 [grpc-default-executor-3] INFO  impl.RaftServerImpl (ServerState.java:setRaftConf(354)) - 5125f337-8d07-43f4-91dc-eeccf46a2213@group-638B8FB0F588: set configuration 0: [c3ede856-f24c-476c-ac0d-e0c199290fbb:192.168.69.108:38533, cd0d5373-3169-45ee-b582-4482679ce23a:192.168.69.108:46356, 5125f337-8d07-43f4-91dc-eeccf46a2213:192.168.69.108:41367], old=null at 0
2019-09-18 13:27:36,917 [grpc-default-executor-3] INFO  segmented.SegmentedRaftLogWorker (SegmentedRaftLogWorker.java:startLogSegment(380)) - 5125f337-8d07-43f4-91dc-eeccf46a2213@group-638B8FB0F588-SegmentedRaftLogWorker: Starting segment from index:0
2019-09-18 13:27:36,965 [grpc-default-executor-0] INFO  client.GrpcClientProtocolClient (GrpcClientProtocolClient.java:onNext(264)) - client-AB8411F847C2->18439327-be65-4068-9515-28c8c63af9f3: receive RaftClientReply:client-AB8411F847C2->18439327-be65-4068-9515-28c8c63af9f3@group-E34519B9C6E2, cid=103, FAILED org.apache.ratis.protocol.NotLeaderException: Server 18439327-be65-4068-9515-28c8c63af9f3@group-E34519B9C6E2 is not the leader, logIndex=0, commits[18439327-be65-4068-9515-28c8c63af9f3:c-1, 5fac6a4b-8344-49e3-9993-69afe56dcf94:c-1, a612795e-22d0-4c35-b04c-74664e93dea5:c-1]
2019-09-18 13:27:36,970 [c3ede856-f24c-476c-ac0d-e0c199290fbb@group-638B8FB0F588-SegmentedRaftLogWorker] INFO  segmented.SegmentedRaftLogWorker (SegmentedRaftLogWorker.java:execute(569)) - c3ede856-f24c-476c-ac0d-e0c199290fbb@group-638B8FB0F588-SegmentedRaftLogWorker: created new log segment /workdir/hadoop-ozone/integration-test/target/test-dir/MiniOzoneClusterImpl-f2e8a8ee-9676-419b-87c2-1ce192a62e22/datanode-5/data/ratis/21c1be49-b7f9-4c98-bc45-638b8fb0f588/current/log_inprogress_0
2019-09-18 13:27:36,970 [c3ede856-f24c-476c-ac0d-e0c199290fbb@group-9516C0504CF8-SegmentedRaftLogWorker] INFO  segmented.SegmentedRaftLogWorker (SegmentedRaftLogWorker.java:execute(569)) - c3ede856-f24c-476c-ac0d-e0c199290fbb@group-9516C0504CF8-SegmentedRaftLogWorker: created new log segment /workdir/hadoop-ozone/integration-test/target/test-dir/MiniOzoneClusterImpl-f2e8a8ee-9676-419b-87c2-1ce192a62e22/datanode-5/data/ratis/b2ae8c8d-4692-41e4-8525-9516c0504cf8/current/log_inprogress_0
2019-09-18 13:27:36,970 [5125f337-8d07-43f4-91dc-eeccf46a2213@group-638B8FB0F588-SegmentedRaftLogWorker] INFO  segmented.SegmentedRaftLogWorker (SegmentedRaftLogWorker.java:execute(569)) - 5125f337-8d07-43f4-91dc-eeccf46a2213@group-638B8FB0F588-SegmentedRaftLogWorker: created new log segment /workdir/hadoop-ozone/integration-test/target/test-dir/MiniOzoneClusterImpl-f2e8a8ee-9676-419b-87c2-1ce192a62e22/datanode-3/data/ratis/21c1be49-b7f9-4c98-bc45-638b8fb0f588/current/log_inprogress_0
2019-09-18 13:27:36,970 [cd0d5373-3169-45ee-b582-4482679ce23a@group-638B8FB0F588-SegmentedRaftLogWorker] INFO  segmented.SegmentedRaftLogWorker (SegmentedRaftLogWorker.java:execute(569)) - cd0d5373-3169-45ee-b582-4482679ce23a@group-638B8FB0F588-SegmentedRaftLogWorker: created new log segment /workdir/hadoop-ozone/integration-test/target/test-dir/MiniOzoneClusterImpl-f2e8a8ee-9676-419b-87c2-1ce192a62e22/datanode-4/data/ratis/21c1be49-b7f9-4c98-bc45-638b8fb0f588/current/log_inprogress_0
2019-09-18 13:27:36,995 [Thread-2417] INFO  impl.FollowerState (FollowerState.java:run(106)) - 4cd8cbe3-c76b-4e13-a682-150e424eaa0a:group-F0BC13B822F2 changes to CANDIDATE, lastRpcTime:5142, electionTimeout:5142ms
2019-09-18 13:27:36,995 [Thread-2417] INFO  impl.RoleInfo (RoleInfo.java:shutdownFollowerState(121)) - 4cd8cbe3-c76b-4e13-a682-150e424eaa0a: shutdown FollowerState
2019-09-18 13:27:36,995 [Thread-2417] INFO  impl.RaftServerImpl (RaftServerImpl.java:setRole(174)) - 4cd8cbe3-c76b-4e13-a682-150e424eaa0a@group-F0BC13B822F2: changes role from  FOLLOWER to CANDIDATE at term 0 for changeToCandidate
2019-09-18 13:27:36,995 [Thread-2417] INFO  impl.RoleInfo (RoleInfo.java:updateAndGet(143)) - 4cd8cbe3-c76b-4e13-a682-150e424eaa0a: start LeaderElection
2019-09-18 13:27:37,013 [4cd8cbe3-c76b-4e13-a682-150e424eaa0a@group-F0BC13B822F2:LeaderElection105] INFO  impl.LeaderElection (LeaderElection.java:askForVotes(182)) - 4cd8cbe3-c76b-4e13-a682-150e424eaa0a@group-F0BC13B822F2:LeaderElection105: begin an election at term 1 for -1: [4cd8cbe3-c76b-4e13-a682-150e424eaa0a:192.168.69.108:46560], old=null
2019-09-18 13:27:37,013 [4cd8cbe3-c76b-4e13-a682-150e424eaa0a@group-F0BC13B822F2:LeaderElection105] INFO  impl.RoleInfo (RoleInfo.java:shutdownLeaderElection(134)) - 4cd8cbe3-c76b-4e13-a682-150e424eaa0a: shutdown LeaderElection
2019-09-18 13:27:37,013 [4cd8cbe3-c76b-4e13-a682-150e424eaa0a@group-F0BC13B822F2:LeaderElection105] INFO  impl.RaftServerImpl (RaftServerImpl.java:setRole(174)) - 4cd8cbe3-c76b-4e13-a682-150e424eaa0a@group-F0BC13B822F2: changes role from CANDIDATE to LEADER at term 1 for changeToLeader
2019-09-18 13:27:37,014 [4cd8cbe3-c76b-4e13-a682-150e424eaa0a@group-F0BC13B822F2:LeaderElection105] INFO  impl.RaftServerImpl (ServerState.java:setLeader(253)) - 4cd8cbe3-c76b-4e13-a682-150e424eaa0a@group-F0BC13B822F2: change Leader from null to 4cd8cbe3-c76b-4e13-a682-150e424eaa0a at term 1 for becomeLeader, leader elected after 5167ms
2019-09-18 13:27:37,014 [4cd8cbe3-c76b-4e13-a682-150e424eaa0a@group-F0BC13B822F2:LeaderElection105] INFO  server.RaftServerConfigKeys (ConfUtils.java:logGet(43)) - raft.server.staging.catchup.gap = 1000 (default)
2019-09-18 13:27:37,014 [4cd8cbe3-c76b-4e13-a682-150e424eaa0a@group-F0BC13B822F2:LeaderElection105] INFO  server.RaftServerConfigKeys (ConfUtils.java:logGet(43)) - raft.server.rpc.sleep.time = 25ms (default)
2019-09-18 13:27:37,014 [4cd8cbe3-c76b-4e13-a682-150e424eaa0a@group-F0BC13B822F2:LeaderElection105] INFO  server.RaftServerConfigKeys (ConfUtils.java:logGet(43)) - raft.server.write.element-limit = 4096 (default)
2019-09-18 13:27:37,014 [4cd8cbe3-c76b-4e13-a682-150e424eaa0a@group-F0BC13B822F2:LeaderElection105] INFO  server.RaftServerConfigKeys (ConfUtils.java:logGet(43)) - raft.server.watch.timeout = 10s (default)
2019-09-18 13:27:37,014 [4cd8cbe3-c76b-4e13-a682-150e424eaa0a@group-F0BC13B822F2:LeaderElection105] INFO  server.RaftServerConfigKeys (ConfUtils.java:logGet(43)) - raft.server.watch.timeout.denomination = 1s (default)
2019-09-18 13:27:37,014 [4cd8cbe3-c76b-4e13-a682-150e424eaa0a@group-F0BC13B822F2:LeaderElection105] INFO  server.RaftServerConfigKeys (ConfUtils.java:logGet(43)) - raft.server.watch.element-limit = 65536 (default)
2019-09-18 13:27:37,015 [4cd8cbe3-c76b-4e13-a682-150e424eaa0a@group-F0BC13B822F2:LeaderElection105] INFO  impl.RoleInfo (RoleInfo.java:updateAndGet(143)) - 4cd8cbe3-c76b-4e13-a682-150e424eaa0a: start LeaderState
2019-09-18 13:27:37,016 [4cd8cbe3-c76b-4e13-a682-150e424eaa0a@group-F0BC13B822F2:LeaderElection105] INFO  segmented.SegmentedRaftLogWorker (SegmentedRaftLogWorker.java:startLogSegment(380)) - 4cd8cbe3-c76b-4e13-a682-150e424eaa0a@group-F0BC13B822F2-SegmentedRaftLogWorker: Starting segment from index:0
2019-09-18 13:27:37,016 [4cd8cbe3-c76b-4e13-a682-150e424eaa0a@group-F0BC13B822F2:LeaderElection105] INFO  impl.RaftServerImpl (ServerState.java:setRaftConf(354)) - 4cd8cbe3-c76b-4e13-a682-150e424eaa0a@group-F0BC13B822F2: set configuration 0: [4cd8cbe3-c76b-4e13-a682-150e424eaa0a:192.168.69.108:46560], old=null at 0
2019-09-18 13:27:37,064 [4cd8cbe3-c76b-4e13-a682-150e424eaa0a@group-F0BC13B822F2-SegmentedRaftLogWorker] INFO  segmented.SegmentedRaftLogWorker (SegmentedRaftLogWorker.java:execute(569)) - 4cd8cbe3-c76b-4e13-a682-150e424eaa0a@group-F0BC13B822F2-SegmentedRaftLogWorker: created new log segment /workdir/hadoop-ozone/integration-test/target/test-dir/MiniOzoneClusterImpl-f2e8a8ee-9676-419b-87c2-1ce192a62e22/datanode-6/data/ratis/eadef4d0-2cc8-413c-a9e7-f0bc13b822f2/current/log_inprogress_0
2019-09-18 13:27:37,974 [grpc-default-executor-0] INFO  client.GrpcClientProtocolClient (GrpcClientProtocolClient.java:onNext(264)) - client-AB8411F847C2->5fac6a4b-8344-49e3-9993-69afe56dcf94: receive RaftClientReply:client-AB8411F847C2->5fac6a4b-8344-49e3-9993-69afe56dcf94@group-E34519B9C6E2, cid=103, FAILED org.apache.ratis.protocol.NotLeaderException: Server 5fac6a4b-8344-49e3-9993-69afe56dcf94@group-E34519B9C6E2 is not the leader, logIndex=0, commits[5fac6a4b-8344-49e3-9993-69afe56dcf94:c-1, a612795e-22d0-4c35-b04c-74664e93dea5:c-1, 18439327-be65-4068-9515-28c8c63af9f3:c-1]
2019-09-18 13:27:38,988 [grpc-default-executor-0] INFO  client.GrpcClientProtocolClient (GrpcClientProtocolClient.java:onNext(264)) - client-AB8411F847C2->18439327-be65-4068-9515-28c8c63af9f3: receive RaftClientReply:client-AB8411F847C2->18439327-be65-4068-9515-28c8c63af9f3@group-E34519B9C6E2, cid=103, FAILED org.apache.ratis.protocol.NotLeaderException: Server 18439327-be65-4068-9515-28c8c63af9f3@group-E34519B9C6E2 is not the leader, logIndex=0, commits[18439327-be65-4068-9515-28c8c63af9f3:c-1, 5fac6a4b-8344-49e3-9993-69afe56dcf94:c-1, a612795e-22d0-4c35-b04c-74664e93dea5:c-1]
2019-09-18 13:27:40,009 [grpc-default-executor-0] INFO  client.GrpcClientProtocolClient (GrpcClientProtocolClient.java:onNext(264)) - client-AB8411F847C2->5fac6a4b-8344-49e3-9993-69afe56dcf94: receive RaftClientReply:client-AB8411F847C2->5fac6a4b-8344-49e3-9993-69afe56dcf94@group-E34519B9C6E2, cid=103, FAILED org.apache.ratis.protocol.NotLeaderException: Server 5fac6a4b-8344-49e3-9993-69afe56dcf94@group-E34519B9C6E2 is not the leader, logIndex=0, commits[5fac6a4b-8344-49e3-9993-69afe56dcf94:c-1, a612795e-22d0-4c35-b04c-74664e93dea5:c-1, 18439327-be65-4068-9515-28c8c63af9f3:c-1]
2019-09-18 13:27:41,023 [grpc-default-executor-0] INFO  client.GrpcClientProtocolClient (GrpcClientProtocolClient.java:onNext(264)) - client-AB8411F847C2->a612795e-22d0-4c35-b04c-74664e93dea5: receive RaftClientReply:client-AB8411F847C2->a612795e-22d0-4c35-b04c-74664e93dea5@group-E34519B9C6E2, cid=103, FAILED org.apache.ratis.protocol.NotLeaderException: Server a612795e-22d0-4c35-b04c-74664e93dea5@group-E34519B9C6E2 is not the leader, logIndex=0, commits[a612795e-22d0-4c35-b04c-74664e93dea5:c-1]
2019-09-18 13:27:41,346 [Thread-2438] INFO  impl.FollowerState (FollowerState.java:run(106)) - a612795e-22d0-4c35-b04c-74664e93dea5:group-E34519B9C6E2 changes to CANDIDATE, lastRpcTime:5089, electionTimeout:5089ms
2019-09-18 13:27:41,346 [Thread-2438] INFO  impl.RoleInfo (RoleInfo.java:shutdownFollowerState(121)) - a612795e-22d0-4c35-b04c-74664e93dea5: shutdown FollowerState
2019-09-18 13:27:41,346 [Thread-2438] INFO  impl.RaftServerImpl (RaftServerImpl.java:setRole(174)) - a612795e-22d0-4c35-b04c-74664e93dea5@group-E34519B9C6E2: changes role from  FOLLOWER to CANDIDATE at term 2 for changeToCandidate
2019-09-18 13:27:41,346 [Thread-2438] INFO  impl.RoleInfo (RoleInfo.java:updateAndGet(143)) - a612795e-22d0-4c35-b04c-74664e93dea5: start LeaderElection
2019-09-18 13:27:41,373 [a612795e-22d0-4c35-b04c-74664e93dea5@group-E34519B9C6E2:LeaderElection106] INFO  impl.LeaderElection (LeaderElection.java:askForVotes(182)) - a612795e-22d0-4c35-b04c-74664e93dea5@group-E34519B9C6E2:LeaderElection106: begin an election at term 3 for -1: [5fac6a4b-8344-49e3-9993-69afe56dcf94:192.168.69.108:41410, a612795e-22d0-4c35-b04c-74664e93dea5:192.168.69.108:46165, 18439327-be65-4068-9515-28c8c63af9f3:192.168.69.108:37667], old=null
2019-09-18 13:27:41,381 [grpc-default-executor-3] INFO  impl.RaftServerImpl (RaftServerImpl.java:setRole(174)) - 5fac6a4b-8344-49e3-9993-69afe56dcf94@group-E34519B9C6E2: changes role from  FOLLOWER to FOLLOWER at term 3 for recognizeCandidate:a612795e-22d0-4c35-b04c-74664e93dea5
2019-09-18 13:27:41,381 [grpc-default-executor-0] INFO  impl.RaftServerImpl (RaftServerImpl.java:setRole(174)) - 18439327-be65-4068-9515-28c8c63af9f3@group-E34519B9C6E2: changes role from  FOLLOWER to FOLLOWER at term 3 for recognizeCandidate:a612795e-22d0-4c35-b04c-74664e93dea5
2019-09-18 13:27:41,381 [grpc-default-executor-3] INFO  impl.RoleInfo (RoleInfo.java:shutdownFollowerState(121)) - 5fac6a4b-8344-49e3-9993-69afe56dcf94: shutdown FollowerState
2019-09-18 13:27:41,381 [grpc-default-executor-0] INFO  impl.RoleInfo (RoleInfo.java:shutdownFollowerState(121)) - 18439327-be65-4068-9515-28c8c63af9f3: shutdown FollowerState
2019-09-18 13:27:41,381 [grpc-default-executor-3] INFO  impl.RoleInfo (RoleInfo.java:updateAndGet(143)) - 5fac6a4b-8344-49e3-9993-69afe56dcf94: start FollowerState
2019-09-18 13:27:41,382 [Thread-2452] INFO  impl.FollowerState (FollowerState.java:run(115)) - 18439327-be65-4068-9515-28c8c63af9f3: FollowerState was interrupted: java.lang.InterruptedException: sleep interrupted
2019-09-18 13:27:41,382 [Thread-2451] INFO  impl.FollowerState (FollowerState.java:run(115)) - 5fac6a4b-8344-49e3-9993-69afe56dcf94: FollowerState was interrupted: java.lang.InterruptedException: sleep interrupted
2019-09-18 13:27:41,382 [grpc-default-executor-0] INFO  impl.RoleInfo (RoleInfo.java:updateAndGet(143)) - 18439327-be65-4068-9515-28c8c63af9f3: start FollowerState
2019-09-18 13:27:41,408 [a612795e-22d0-4c35-b04c-74664e93dea5@group-E34519B9C6E2:LeaderElection106] INFO  impl.LeaderElection (LeaderElection.java:logAndReturn(56)) - a612795e-22d0-4c35-b04c-74664e93dea5@group-E34519B9C6E2:LeaderElection106: Election REJECTED; received 2 response(s) [a612795e-22d0-4c35-b04c-74664e93dea5<-5fac6a4b-8344-49e3-9993-69afe56dcf94#0:FAIL-t3, a612795e-22d0-4c35-b04c-74664e93dea5<-18439327-be65-4068-9515-28c8c63af9f3#0:FAIL-t3] and 0 exception(s); a612795e-22d0-4c35-b04c-74664e93dea5@group-E34519B9C6E2:t3, leader=null, voted=a612795e-22d0-4c35-b04c-74664e93dea5, raftlog=a612795e-22d0-4c35-b04c-74664e93dea5@group-E34519B9C6E2-SegmentedRaftLog:OPENED:c-1,f-1,i0, conf=-1: [5fac6a4b-8344-49e3-9993-69afe56dcf94:192.168.69.108:41410, a612795e-22d0-4c35-b04c-74664e93dea5:192.168.69.108:46165, 18439327-be65-4068-9515-28c8c63af9f3:192.168.69.108:37667], old=null
2019-09-18 13:27:41,408 [a612795e-22d0-4c35-b04c-74664e93dea5@group-E34519B9C6E2:LeaderElection106] INFO  impl.RaftServerImpl (RaftServerImpl.java:setRole(174)) - a612795e-22d0-4c35-b04c-74664e93dea5@group-E34519B9C6E2: changes role from CANDIDATE to FOLLOWER at term 3 for DISCOVERED_A_NEW_TERM
2019-09-18 13:27:41,408 [a612795e-22d0-4c35-b04c-74664e93dea5@group-E34519B9C6E2:LeaderElection106] INFO  impl.RoleInfo (RoleInfo.java:shutdownLeaderElection(134)) - a612795e-22d0-4c35-b04c-74664e93dea5: shutdown LeaderElection
2019-09-18 13:27:41,409 [a612795e-22d0-4c35-b04c-74664e93dea5@group-E34519B9C6E2:LeaderElection106] INFO  impl.RoleInfo (RoleInfo.java:updateAndGet(143)) - a612795e-22d0-4c35-b04c-74664e93dea5: start FollowerState
2019-09-18 13:27:42,032 [grpc-default-executor-0] INFO  client.GrpcClientProtocolClient (GrpcClientProtocolClient.java:onNext(264)) - client-AB8411F847C2->18439327-be65-4068-9515-28c8c63af9f3: receive RaftClientReply:client-AB8411F847C2->18439327-be65-4068-9515-28c8c63af9f3@group-E34519B9C6E2, cid=103, FAILED org.apache.ratis.protocol.NotLeaderException: Server 18439327-be65-4068-9515-28c8c63af9f3@group-E34519B9C6E2 is not the leader, logIndex=0, commits[18439327-be65-4068-9515-28c8c63af9f3:c-1, 5fac6a4b-8344-49e3-9993-69afe56dcf94:c-1, a612795e-22d0-4c35-b04c-74664e93dea5:c-1]
2019-09-18 13:27:43,042 [grpc-default-executor-3] INFO  client.GrpcClientProtocolClient (GrpcClientProtocolClient.java:onNext(264)) - client-AB8411F847C2->a612795e-22d0-4c35-b04c-74664e93dea5: receive RaftClientReply:client-AB8411F847C2->a612795e-22d0-4c35-b04c-74664e93dea5@group-E34519B9C6E2, cid=103, FAILED org.apache.ratis.protocol.NotLeaderException: Server a612795e-22d0-4c35-b04c-74664e93dea5@group-E34519B9C6E2 is not the leader, logIndex=0, commits[a612795e-22d0-4c35-b04c-74664e93dea5:c-1]
2019-09-18 13:27:44,068 [grpc-default-executor-0] INFO  client.GrpcClientProtocolClient (GrpcClientProtocolClient.java:onNext(264)) - client-AB8411F847C2->18439327-be65-4068-9515-28c8c63af9f3: receive RaftClientReply:client-AB8411F847C2->18439327-be65-4068-9515-28c8c63af9f3@group-E34519B9C6E2, cid=103, FAILED org.apache.ratis.protocol.NotLeaderException: Server 18439327-be65-4068-9515-28c8c63af9f3@group-E34519B9C6E2 is not the leader, logIndex=0, commits[18439327-be65-4068-9515-28c8c63af9f3:c-1, 5fac6a4b-8344-49e3-9993-69afe56dcf94:c-1, a612795e-22d0-4c35-b04c-74664e93dea5:c-1]
2019-09-18 13:27:45,084 [grpc-default-executor-0] INFO  client.GrpcClientProtocolClient (GrpcClientProtocolClient.java:onNext(264)) - client-AB8411F847C2->5fac6a4b-8344-49e3-9993-69afe56dcf94: receive RaftClientReply:client-AB8411F847C2->5fac6a4b-8344-49e3-9993-69afe56dcf94@group-E34519B9C6E2, cid=103, FAILED org.apache.ratis.protocol.NotLeaderException: Server 5fac6a4b-8344-49e3-9993-69afe56dcf94@group-E34519B9C6E2 is not the leader, logIndex=0, commits[5fac6a4b-8344-49e3-9993-69afe56dcf94:c-1, a612795e-22d0-4c35-b04c-74664e93dea5:c-1, 18439327-be65-4068-9515-28c8c63af9f3:c-1]
2019-09-18 13:27:46,109 [grpc-default-executor-0] INFO  client.GrpcClientProtocolClient (GrpcClientProtocolClient.java:onNext(264)) - client-AB8411F847C2->18439327-be65-4068-9515-28c8c63af9f3: receive RaftClientReply:client-AB8411F847C2->18439327-be65-4068-9515-28c8c63af9f3@group-E34519B9C6E2, cid=103, FAILED org.apache.ratis.protocol.NotLeaderException: Server 18439327-be65-4068-9515-28c8c63af9f3@group-E34519B9C6E2 is not the leader, logIndex=0, commits[18439327-be65-4068-9515-28c8c63af9f3:c-1, 5fac6a4b-8344-49e3-9993-69afe56dcf94:c-1, a612795e-22d0-4c35-b04c-74664e93dea5:c-1]
2019-09-18 13:27:46,456 [Thread-2497] INFO  impl.FollowerState (FollowerState.java:run(106)) - a612795e-22d0-4c35-b04c-74664e93dea5:group-E34519B9C6E2 changes to CANDIDATE, lastRpcTime:5047, electionTimeout:5047ms
2019-09-18 13:27:46,456 [Thread-2497] INFO  impl.RoleInfo (RoleInfo.java:shutdownFollowerState(121)) - a612795e-22d0-4c35-b04c-74664e93dea5: shutdown FollowerState
2019-09-18 13:27:46,456 [Thread-2497] INFO  impl.RaftServerImpl (RaftServerImpl.java:setRole(174)) - a612795e-22d0-4c35-b04c-74664e93dea5@group-E34519B9C6E2: changes role from  FOLLOWER to CANDIDATE at term 3 for changeToCandidate
2019-09-18 13:27:46,457 [Thread-2497] INFO  impl.RoleInfo (RoleInfo.java:updateAndGet(143)) - a612795e-22d0-4c35-b04c-74664e93dea5: start LeaderElection
2019-09-18 13:27:46,471 [a612795e-22d0-4c35-b04c-74664e93dea5@group-E34519B9C6E2:LeaderElection107] INFO  impl.LeaderElection (LeaderElection.java:askForVotes(182)) - a612795e-22d0-4c35-b04c-74664e93dea5@group-E34519B9C6E2:LeaderElection107: begin an election at term 4 for -1: [5fac6a4b-8344-49e3-9993-69afe56dcf94:192.168.69.108:41410, a612795e-22d0-4c35-b04c-74664e93dea5:192.168.69.108:46165, 18439327-be65-4068-9515-28c8c63af9f3:192.168.69.108:37667], old=null
2019-09-18 13:27:46,477 [grpc-default-executor-3] INFO  impl.RaftServerImpl (RaftServerImpl.java:setRole(174)) - 18439327-be65-4068-9515-28c8c63af9f3@group-E34519B9C6E2: changes role from  FOLLOWER to FOLLOWER at term 4 for recognizeCandidate:a612795e-22d0-4c35-b04c-74664e93dea5
2019-09-18 13:27:46,479 [grpc-default-executor-0] INFO  impl.RaftServerImpl (RaftServerImpl.java:setRole(174)) - 5fac6a4b-8344-49e3-9993-69afe56dcf94@group-E34519B9C6E2: changes role from  FOLLOWER to FOLLOWER at term 4 for recognizeCandidate:a612795e-22d0-4c35-b04c-74664e93dea5
2019-09-18 13:27:46,479 [grpc-default-executor-3] INFO  impl.RoleInfo (RoleInfo.java:shutdownFollowerState(121)) - 18439327-be65-4068-9515-28c8c63af9f3: shutdown FollowerState
2019-09-18 13:27:46,480 [grpc-default-executor-0] INFO  impl.RoleInfo (RoleInfo.java:shutdownFollowerState(121)) - 5fac6a4b-8344-49e3-9993-69afe56dcf94: shutdown FollowerState
2019-09-18 13:27:46,480 [grpc-default-executor-3] INFO  impl.RoleInfo (RoleInfo.java:updateAndGet(143)) - 18439327-be65-4068-9515-28c8c63af9f3: start FollowerState
2019-09-18 13:27:46,480 [Thread-2496] INFO  impl.FollowerState (FollowerState.java:run(115)) - 18439327-be65-4068-9515-28c8c63af9f3: FollowerState was interrupted: java.lang.InterruptedException: sleep interrupted
2019-09-18 13:27:46,480 [grpc-default-executor-0] INFO  impl.RoleInfo (RoleInfo.java:updateAndGet(143)) - 5fac6a4b-8344-49e3-9993-69afe56dcf94: start FollowerState
2019-09-18 13:27:46,480 [Thread-2495] INFO  impl.FollowerState (FollowerState.java:run(115)) - 5fac6a4b-8344-49e3-9993-69afe56dcf94: FollowerState was interrupted: java.lang.InterruptedException: sleep interrupted
2019-09-18 13:27:46,507 [a612795e-22d0-4c35-b04c-74664e93dea5@group-E34519B9C6E2:LeaderElection107] INFO  impl.LeaderElection (LeaderElection.java:logAndReturn(56)) - a612795e-22d0-4c35-b04c-74664e93dea5@group-E34519B9C6E2:LeaderElection107: Election REJECTED; received 2 response(s) [a612795e-22d0-4c35-b04c-74664e93dea5<-5fac6a4b-8344-49e3-9993-69afe56dcf94#0:FAIL-t4, a612795e-22d0-4c35-b04c-74664e93dea5<-18439327-be65-4068-9515-28c8c63af9f3#0:FAIL-t4] and 0 exception(s); a612795e-22d0-4c35-b04c-74664e93dea5@group-E34519B9C6E2:t4, leader=null, voted=a612795e-22d0-4c35-b04c-74664e93dea5, raftlog=a612795e-22d0-4c35-b04c-74664e93dea5@group-E34519B9C6E2-SegmentedRaftLog:OPENED:c-1,f-1,i0, conf=-1: [5fac6a4b-8344-49e3-9993-69afe56dcf94:192.168.69.108:41410, a612795e-22d0-4c35-b04c-74664e93dea5:192.168.69.108:46165, 18439327-be65-4068-9515-28c8c63af9f3:192.168.69.108:37667], old=null
2019-09-18 13:27:46,507 [a612795e-22d0-4c35-b04c-74664e93dea5@group-E34519B9C6E2:LeaderElection107] INFO  impl.RaftServerImpl (RaftServerImpl.java:setRole(174)) - a612795e-22d0-4c35-b04c-74664e93dea5@group-E34519B9C6E2: changes role from CANDIDATE to FOLLOWER at term 4 for DISCOVERED_A_NEW_TERM
2019-09-18 13:27:46,508 [a612795e-22d0-4c35-b04c-74664e93dea5@group-E34519B9C6E2:LeaderElection107] INFO  impl.RoleInfo (RoleInfo.java:shutdownLeaderElection(134)) - a612795e-22d0-4c35-b04c-74664e93dea5: shutdown LeaderElection
2019-09-18 13:27:46,508 [a612795e-22d0-4c35-b04c-74664e93dea5@group-E34519B9C6E2:LeaderElection107] INFO  impl.RoleInfo (RoleInfo.java:updateAndGet(143)) - a612795e-22d0-4c35-b04c-74664e93dea5: start FollowerState
2019-09-18 13:27:47,124 [grpc-default-executor-0] INFO  client.GrpcClientProtocolClient (GrpcClientProtocolClient.java:onNext(264)) - client-AB8411F847C2->a612795e-22d0-4c35-b04c-74664e93dea5: receive RaftClientReply:client-AB8411F847C2->a612795e-22d0-4c35-b04c-74664e93dea5@group-E34519B9C6E2, cid=103, FAILED org.apache.ratis.protocol.NotLeaderException: Server a612795e-22d0-4c35-b04c-74664e93dea5@group-E34519B9C6E2 is not the leader, logIndex=0, commits[a612795e-22d0-4c35-b04c-74664e93dea5:c-1]
2019-09-18 13:27:48,134 [grpc-default-executor-3] INFO  client.GrpcClientProtocolClient (GrpcClientProtocolClient.java:onNext(264)) - client-AB8411F847C2->18439327-be65-4068-9515-28c8c63af9f3: receive RaftClientReply:client-AB8411F847C2->18439327-be65-4068-9515-28c8c63af9f3@group-E34519B9C6E2, cid=103, FAILED org.apache.ratis.protocol.NotLeaderException: Server 18439327-be65-4068-9515-28c8c63af9f3@group-E34519B9C6E2 is not the leader, logIndex=0, commits[18439327-be65-4068-9515-28c8c63af9f3:c-1, 5fac6a4b-8344-49e3-9993-69afe56dcf94:c-1, a612795e-22d0-4c35-b04c-74664e93dea5:c-1]
2019-09-18 13:27:49,157 [grpc-default-executor-3] INFO  client.GrpcClientProtocolClient (GrpcClientProtocolClient.java:onNext(264)) - client-AB8411F847C2->5fac6a4b-8344-49e3-9993-69afe56dcf94: receive RaftClientReply:client-AB8411F847C2->5fac6a4b-8344-49e3-9993-69afe56dcf94@group-E34519B9C6E2, cid=103, FAILED org.apache.ratis.protocol.NotLeaderException: Server 5fac6a4b-8344-49e3-9993-69afe56dcf94@group-E34519B9C6E2 is not the leader, logIndex=0, commits[5fac6a4b-8344-49e3-9993-69afe56dcf94:c-1, a612795e-22d0-4c35-b04c-74664e93dea5:c-1, 18439327-be65-4068-9515-28c8c63af9f3:c-1]
2019-09-18 13:27:50,175 [grpc-default-executor-3] INFO  client.GrpcClientProtocolClient (GrpcClientProtocolClient.java:onNext(264)) - client-AB8411F847C2->18439327-be65-4068-9515-28c8c63af9f3: receive RaftClientReply:client-AB8411F847C2->18439327-be65-4068-9515-28c8c63af9f3@group-E34519B9C6E2, cid=103, FAILED org.apache.ratis.protocol.NotLeaderException: Server 18439327-be65-4068-9515-28c8c63af9f3@group-E34519B9C6E2 is not the leader, logIndex=0, commits[18439327-be65-4068-9515-28c8c63af9f3:c-1, 5fac6a4b-8344-49e3-9993-69afe56dcf94:c-1, a612795e-22d0-4c35-b04c-74664e93dea5:c-1]
2019-09-18 13:27:51,192 [grpc-default-executor-0] INFO  client.GrpcClientProtocolClient (GrpcClientProtocolClient.java:onNext(264)) - client-AB8411F847C2->a612795e-22d0-4c35-b04c-74664e93dea5: receive RaftClientReply:client-AB8411F847C2->a612795e-22d0-4c35-b04c-74664e93dea5@group-E34519B9C6E2, cid=103, FAILED org.apache.ratis.protocol.NotLeaderException: Server a612795e-22d0-4c35-b04c-74664e93dea5@group-E34519B9C6E2 is not the leader, logIndex=0, commits[a612795e-22d0-4c35-b04c-74664e93dea5:c-1]
]]></system-out>
    <system-err><![CDATA[Sep 18, 2019 1:27:30 PM org.apache.ratis.thirdparty.io.grpc.internal.ManagedChannelOrphanWrapper$ManagedChannelReference cleanQueue
SEVERE: *~*~*~ Channel ManagedChannelImpl{logId=1073, target=192.168.69.108:37541} was not shutdown properly!!! ~*~*~*
    Make sure to call shutdown()/shutdownNow() and wait until awaitTermination() returns true.
java.lang.RuntimeException: ManagedChannel allocation site
	at org.apache.ratis.thirdparty.io.grpc.internal.ManagedChannelOrphanWrapper$ManagedChannelReference.<init>(ManagedChannelOrphanWrapper.java:103)
	at org.apache.ratis.thirdparty.io.grpc.internal.ManagedChannelOrphanWrapper.<init>(ManagedChannelOrphanWrapper.java:53)
	at org.apache.ratis.thirdparty.io.grpc.internal.ManagedChannelOrphanWrapper.<init>(ManagedChannelOrphanWrapper.java:44)
	at org.apache.ratis.thirdparty.io.grpc.internal.AbstractManagedChannelImplBuilder.build(AbstractManagedChannelImplBuilder.java:411)
	at org.apache.ratis.grpc.client.GrpcClientProtocolClient.<init>(GrpcClientProtocolClient.java:127)
	at org.apache.ratis.grpc.client.GrpcClientRpc.lambda$new$0(GrpcClientRpc.java:55)
	at org.apache.ratis.util.PeerProxyMap$PeerAndProxy.lambda$getProxy$0(PeerProxyMap.java:61)
	at org.apache.ratis.util.LifeCycle.startAndTransition(LifeCycle.java:202)
	at org.apache.ratis.util.PeerProxyMap$PeerAndProxy.getProxy(PeerProxyMap.java:60)
	at org.apache.ratis.util.PeerProxyMap.getProxy(PeerProxyMap.java:108)
	at org.apache.ratis.grpc.client.GrpcClientRpc.sendRequestAsyncUnordered(GrpcClientRpc.java:78)
	at org.apache.ratis.client.impl.UnorderedAsync.sendRequestWithRetry(UnorderedAsync.java:75)
	at org.apache.ratis.client.impl.UnorderedAsync.lambda$null$2(UnorderedAsync.java:120)
	at org.apache.ratis.util.TimeoutScheduler.lambda$onTimeout$0(TimeoutScheduler.java:113)
	at org.apache.ratis.util.TimeoutScheduler.lambda$onTimeout$1(TimeoutScheduler.java:133)
	at org.apache.ratis.util.LogUtils.runAndLog(LogUtils.java:50)
	at org.apache.ratis.util.LogUtils$1.run(LogUtils.java:91)
	at java.util.concurrent.Executors$RunnableAdapter.call(Executors.java:511)
	at java.util.concurrent.FutureTask.run(FutureTask.java:266)
	at java.util.concurrent.ScheduledThreadPoolExecutor$ScheduledFutureTask.access$201(ScheduledThreadPoolExecutor.java:180)
	at java.util.concurrent.ScheduledThreadPoolExecutor$ScheduledFutureTask.run(ScheduledThreadPoolExecutor.java:293)
	at java.util.concurrent.ThreadPoolExecutor.runWorker(ThreadPoolExecutor.java:1149)
	at java.util.concurrent.ThreadPoolExecutor$Worker.run(ThreadPoolExecutor.java:624)
	at java.lang.Thread.run(Thread.java:748)

Sep 18, 2019 1:27:30 PM org.apache.ratis.thirdparty.io.grpc.internal.ManagedChannelOrphanWrapper$ManagedChannelReference cleanQueue
SEVERE: *~*~*~ Channel ManagedChannelImpl{logId=1235, target=192.168.69.108:35806} was not shutdown properly!!! ~*~*~*
    Make sure to call shutdown()/shutdownNow() and wait until awaitTermination() returns true.
java.lang.RuntimeException: ManagedChannel allocation site
	at org.apache.ratis.thirdparty.io.grpc.internal.ManagedChannelOrphanWrapper$ManagedChannelReference.<init>(ManagedChannelOrphanWrapper.java:103)
	at org.apache.ratis.thirdparty.io.grpc.internal.ManagedChannelOrphanWrapper.<init>(ManagedChannelOrphanWrapper.java:53)
	at org.apache.ratis.thirdparty.io.grpc.internal.ManagedChannelOrphanWrapper.<init>(ManagedChannelOrphanWrapper.java:44)
	at org.apache.ratis.thirdparty.io.grpc.internal.AbstractManagedChannelImplBuilder.build(AbstractManagedChannelImplBuilder.java:411)
	at org.apache.ratis.grpc.client.GrpcClientProtocolClient.<init>(GrpcClientProtocolClient.java:127)
	at org.apache.ratis.grpc.client.GrpcClientRpc.lambda$new$0(GrpcClientRpc.java:55)
	at org.apache.ratis.util.PeerProxyMap$PeerAndProxy.lambda$getProxy$0(PeerProxyMap.java:61)
	at org.apache.ratis.util.LifeCycle.startAndTransition(LifeCycle.java:202)
	at org.apache.ratis.util.PeerProxyMap$PeerAndProxy.getProxy(PeerProxyMap.java:60)
	at org.apache.ratis.util.PeerProxyMap.getProxy(PeerProxyMap.java:108)
	at org.apache.ratis.grpc.client.GrpcClientRpc.sendRequestAsync(GrpcClientRpc.java:66)
	at org.apache.ratis.client.impl.OrderedAsync.sendRequest(OrderedAsync.java:208)
	at org.apache.ratis.client.impl.OrderedAsync.sendRequestWithRetry(OrderedAsync.java:169)
	at org.apache.ratis.util.SlidingWindow$Client.sendOrDelayRequest(SlidingWindow.java:278)
	at org.apache.ratis.util.SlidingWindow$Client.retry(SlidingWindow.java:294)
	at org.apache.ratis.client.impl.OrderedAsync.lambda$scheduleWithTimeout$7(OrderedAsync.java:195)
	at org.apache.ratis.util.TimeoutScheduler.lambda$onTimeout$0(TimeoutScheduler.java:113)
	at org.apache.ratis.util.TimeoutScheduler.lambda$onTimeout$1(TimeoutScheduler.java:133)
	at org.apache.ratis.util.LogUtils.runAndLog(LogUtils.java:50)
	at org.apache.ratis.util.LogUtils$1.run(LogUtils.java:91)
	at java.util.concurrent.Executors$RunnableAdapter.call(Executors.java:511)
	at java.util.concurrent.FutureTask.run(FutureTask.java:266)
	at java.util.concurrent.ScheduledThreadPoolExecutor$ScheduledFutureTask.access$201(ScheduledThreadPoolExecutor.java:180)
	at java.util.concurrent.ScheduledThreadPoolExecutor$ScheduledFutureTask.run(ScheduledThreadPoolExecutor.java:293)
	at java.util.concurrent.ThreadPoolExecutor.runWorker(ThreadPoolExecutor.java:1149)
	at java.util.concurrent.ThreadPoolExecutor$Worker.run(ThreadPoolExecutor.java:624)
	at java.lang.Thread.run(Thread.java:748)

Sep 18, 2019 1:27:30 PM org.apache.ratis.thirdparty.io.grpc.internal.ManagedChannelOrphanWrapper$ManagedChannelReference cleanQueue
SEVERE: *~*~*~ Channel ManagedChannelImpl{logId=702, target=192.168.69.108:45531} was not shutdown properly!!! ~*~*~*
    Make sure to call shutdown()/shutdownNow() and wait until awaitTermination() returns true.
java.lang.RuntimeException: ManagedChannel allocation site
	at org.apache.ratis.thirdparty.io.grpc.internal.ManagedChannelOrphanWrapper$ManagedChannelReference.<init>(ManagedChannelOrphanWrapper.java:103)
	at org.apache.ratis.thirdparty.io.grpc.internal.ManagedChannelOrphanWrapper.<init>(ManagedChannelOrphanWrapper.java:53)
	at org.apache.ratis.thirdparty.io.grpc.internal.ManagedChannelOrphanWrapper.<init>(ManagedChannelOrphanWrapper.java:44)
	at org.apache.ratis.thirdparty.io.grpc.internal.AbstractManagedChannelImplBuilder.build(AbstractManagedChannelImplBuilder.java:411)
	at org.apache.ratis.grpc.client.GrpcClientProtocolClient.<init>(GrpcClientProtocolClient.java:127)
	at org.apache.ratis.grpc.client.GrpcClientRpc.lambda$new$0(GrpcClientRpc.java:55)
	at org.apache.ratis.util.PeerProxyMap$PeerAndProxy.lambda$getProxy$0(PeerProxyMap.java:61)
	at org.apache.ratis.util.LifeCycle.startAndTransition(LifeCycle.java:202)
	at org.apache.ratis.util.PeerProxyMap$PeerAndProxy.getProxy(PeerProxyMap.java:60)
	at org.apache.ratis.util.PeerProxyMap.getProxy(PeerProxyMap.java:108)
	at org.apache.ratis.grpc.client.GrpcClientRpc.sendRequestAsyncUnordered(GrpcClientRpc.java:78)
	at org.apache.ratis.client.impl.UnorderedAsync.sendRequestWithRetry(UnorderedAsync.java:75)
	at org.apache.ratis.client.impl.UnorderedAsync.lambda$null$2(UnorderedAsync.java:120)
	at org.apache.ratis.util.TimeoutScheduler.lambda$onTimeout$0(TimeoutScheduler.java:113)
	at org.apache.ratis.util.TimeoutScheduler.lambda$onTimeout$1(TimeoutScheduler.java:133)
	at org.apache.ratis.util.LogUtils.runAndLog(LogUtils.java:50)
	at org.apache.ratis.util.LogUtils$1.run(LogUtils.java:91)
	at java.util.concurrent.Executors$RunnableAdapter.call(Executors.java:511)
	at java.util.concurrent.FutureTask.run(FutureTask.java:266)
	at java.util.concurrent.ScheduledThreadPoolExecutor$ScheduledFutureTask.access$201(ScheduledThreadPoolExecutor.java:180)
	at java.util.concurrent.ScheduledThreadPoolExecutor$ScheduledFutureTask.run(ScheduledThreadPoolExecutor.java:293)
	at java.util.concurrent.ThreadPoolExecutor.runWorker(ThreadPoolExecutor.java:1149)
	at java.util.concurrent.ThreadPoolExecutor$Worker.run(ThreadPoolExecutor.java:624)
	at java.lang.Thread.run(Thread.java:748)

]]></system-err>
  </testcase>
</testsuite>