<?xml version="1.0" encoding="UTF-8"?>
<testsuite xmlns:xsi="http://www.w3.org/2001/XMLSchema-instance" xsi:noNamespaceSchemaLocation="https://maven.apache.org/surefire/maven-surefire-plugin/xsd/surefire-test-report.xsd" name="org.apache.hadoop.ozone.client.rpc.TestOzoneClientRetriesOnException" time="169.041" tests="2" errors="1" skipped="0" failures="0">
  <properties>
    <property name="awt.toolkit" value="sun.awt.X11.XToolkit"/>
    <property name="file.encoding.pkg" value="sun.io"/>
    <property name="java.specification.version" value="1.8"/>
    <property name="sun.cpu.isalist" value=""/>
    <property name="sun.jnu.encoding" value="UTF-8"/>
    <property name="java.class.path" value="/workdir/hadoop-ozone/integration-test/target/test-classes:/workdir/hadoop-ozone/integration-test/target/classes:/home/user/.m2/repository/org/apache/hadoop/hadoop-ozone-common/0.5.0-SNAPSHOT/hadoop-ozone-common-0.5.0-SNAPSHOT.jar:/home/user/.m2/repository/org/apache/commons/commons-compress/1.4.1/commons-compress-1.4.1.jar:/home/user/.m2/repository/org/tukaani/xz/1.0/xz-1.0.jar:/home/user/.m2/repository/org/apache/hadoop/hadoop-common/3.2.0/hadoop-common-3.2.0.jar:/home/user/.m2/repository/org/apache/hadoop/hadoop-hdfs/3.2.0/hadoop-hdfs-3.2.0.jar:/home/user/.m2/repository/org/apache/hadoop/hadoop-hdfs-client/3.2.0/hadoop-hdfs-client-3.2.0.jar:/home/user/.m2/repository/com/fasterxml/jackson/core/jackson-annotations/2.9.5/jackson-annotations-2.9.5.jar:/home/user/.m2/repository/org/apache/hadoop/hadoop-hdds-common/0.5.0-SNAPSHOT/hadoop-hdds-common-0.5.0-SNAPSHOT.jar:/home/user/.m2/repository/javax/annotation/javax.annotation-api/1.2/javax.annotation-api-1.2.jar:/home/user/.m2/repository/org/apache/ratis/ratis-server/0.4.0-78e95b9-SNAPSHOT/ratis-server-0.4.0-78e95b9-SNAPSHOT.jar:/home/user/.m2/repository/org/apache/ratis/ratis-thirdparty-misc/0.2.0/ratis-thirdparty-misc-0.2.0.jar:/home/user/.m2/repository/org/apache/ratis/ratis-proto/0.4.0-78e95b9-SNAPSHOT/ratis-proto-0.4.0-78e95b9-SNAPSHOT.jar:/home/user/.m2/repository/org/apache/ratis/ratis-common/0.4.0-78e95b9-SNAPSHOT/ratis-common-0.4.0-78e95b9-SNAPSHOT.jar:/home/user/.m2/repository/org/apache/ratis/ratis-client/0.4.0-78e95b9-SNAPSHOT/ratis-client-0.4.0-78e95b9-SNAPSHOT.jar:/home/user/.m2/repository/org/apache/ratis/ratis-metrics/0.4.0-78e95b9-SNAPSHOT/ratis-metrics-0.4.0-78e95b9-SNAPSHOT.jar:/home/user/.m2/repository/com/github/joshelser/dropwizard-metrics-hadoop-metrics2-reporter/0.1.2/dropwizard-metrics-hadoop-metrics2-reporter-0.1.2.jar:/home/user/.m2/repository/io/dropwizard/metrics/metrics-jvm/3.2.5/metrics-jvm-3.2.5.jar:/home/user/.m2/repository/io/dropwizard/metrics/metrics-ganglia/3.2.5/metrics-ganglia-3.2.5.jar:/home/user/.m2/repository/info/ganglia/gmetric4j/gmetric4j/1.0.7/gmetric4j-1.0.7.jar:/home/user/.m2/repository/org/apache/ratis/ratis-netty/0.4.0-78e95b9-SNAPSHOT/ratis-netty-0.4.0-78e95b9-SNAPSHOT.jar:/home/user/.m2/repository/org/apache/ratis/ratis-grpc/0.4.0-78e95b9-SNAPSHOT/ratis-grpc-0.4.0-78e95b9-SNAPSHOT.jar:/home/user/.m2/repository/org/rocksdb/rocksdbjni/6.0.1/rocksdbjni-6.0.1.jar:/home/user/.m2/repository/org/apache/logging/log4j/log4j-api/2.11.0/log4j-api-2.11.0.jar:/home/user/.m2/repository/org/apache/logging/log4j/log4j-core/2.11.0/log4j-core-2.11.0.jar:/home/user/.m2/repository/com/lmax/disruptor/3.4.2/disruptor-3.4.2.jar:/home/user/.m2/repository/org/apache/commons/commons-pool2/2.6.0/commons-pool2-2.6.0.jar:/home/user/.m2/repository/org/bouncycastle/bcpkix-jdk15on/1.60/bcpkix-jdk15on-1.60.jar:/home/user/.m2/repository/commons-validator/commons-validator/1.6/commons-validator-1.6.jar:/home/user/.m2/repository/commons-digester/commons-digester/1.8.1/commons-digester-1.8.1.jar:/home/user/.m2/repository/io/jaegertracing/jaeger-client/0.33.1/jaeger-client-0.33.1.jar:/home/user/.m2/repository/io/jaegertracing/jaeger-thrift/0.33.1/jaeger-thrift-0.33.1.jar:/home/user/.m2/repository/org/apache/thrift/libthrift/0.11.0/libthrift-0.11.0.jar:/home/user/.m2/repository/com/squareup/okhttp3/okhttp/3.9.0/okhttp-3.9.0.jar:/home/user/.m2/repository/com/squareup/okio/okio/1.13.0/okio-1.13.0.jar:/home/user/.m2/repository/io/jaegertracing/jaeger-core/0.33.1/jaeger-core-0.33.1.jar:/home/user/.m2/repository/io/jaegertracing/jaeger-tracerresolver/0.33.1/jaeger-tracerresolver-0.33.1.jar:/home/user/.m2/repository/io/opentracing/contrib/opentracing-tracerresolver/0.1.5/opentracing-tracerresolver-0.1.5.jar:/home/user/.m2/repository/io/opentracing/opentracing-util/0.31.0/opentracing-util-0.31.0.jar:/home/user/.m2/repository/io/opentracing/opentracing-api/0.31.0/opentracing-api-0.31.0.jar:/home/user/.m2/repository/io/opentracing/opentracing-noop/0.31.0/opentracing-noop-0.31.0.jar:/home/user/.m2/repository/org/apache/hadoop/hadoop-hdds-server-framework/0.5.0-SNAPSHOT/hadoop-hdds-server-framework-0.5.0-SNAPSHOT.jar:/home/user/.m2/repository/org/apache/hadoop/hadoop-hdds-container-service/0.5.0-SNAPSHOT/hadoop-hdds-container-service-0.5.0-SNAPSHOT.jar:/home/user/.m2/repository/org/apache/hadoop/hadoop-hdds-client/0.5.0-SNAPSHOT/hadoop-hdds-client-0.5.0-SNAPSHOT.jar:/home/user/.m2/repository/org/apache/hadoop/hadoop-hdds-tools/0.5.0-SNAPSHOT/hadoop-hdds-tools-0.5.0-SNAPSHOT.jar:/home/user/.m2/repository/org/apache/hadoop/hadoop-hdds-server-scm/0.5.0-SNAPSHOT/hadoop-hdds-server-scm-0.5.0-SNAPSHOT.jar:/home/user/.m2/repository/org/apache/hadoop/hadoop-hdds-docs/0.5.0-SNAPSHOT/hadoop-hdds-docs-0.5.0-SNAPSHOT.jar:/home/user/.m2/repository/io/dropwizard/metrics/metrics-core/3.2.4/metrics-core-3.2.4.jar:/home/user/.m2/repository/org/hamcrest/hamcrest-all/1.3/hamcrest-all-1.3.jar:/home/user/.m2/repository/org/bouncycastle/bcprov-jdk15on/1.60/bcprov-jdk15on-1.60.jar:/home/user/.m2/repository/info/picocli/picocli/3.9.6/picocli-3.9.6.jar:/home/user/.m2/repository/com/google/protobuf/protobuf-java/2.5.0/protobuf-java-2.5.0.jar:/home/user/.m2/repository/com/google/guava/guava/11.0.2/guava-11.0.2.jar:/home/user/.m2/repository/org/apache/hadoop/hadoop-ozone-ozone-manager/0.5.0-SNAPSHOT/hadoop-ozone-ozone-manager-0.5.0-SNAPSHOT.jar:/home/user/.m2/repository/org/apache/hadoop/hadoop-minikdc/3.2.0/hadoop-minikdc-3.2.0.jar:/home/user/.m2/repository/commons-io/commons-io/2.5/commons-io-2.5.jar:/home/user/.m2/repository/org/apache/kerby/kerb-simplekdc/1.0.1/kerb-simplekdc-1.0.1.jar:/home/user/.m2/repository/org/apache/kerby/kerb-client/1.0.1/kerb-client-1.0.1.jar:/home/user/.m2/repository/org/apache/kerby/kerby-config/1.0.1/kerby-config-1.0.1.jar:/home/user/.m2/repository/org/apache/kerby/kerb-core/1.0.1/kerb-core-1.0.1.jar:/home/user/.m2/repository/org/apache/kerby/kerby-pkix/1.0.1/kerby-pkix-1.0.1.jar:/home/user/.m2/repository/org/apache/kerby/kerby-asn1/1.0.1/kerby-asn1-1.0.1.jar:/home/user/.m2/repository/org/apache/kerby/kerby-util/1.0.1/kerby-util-1.0.1.jar:/home/user/.m2/repository/org/apache/kerby/kerb-common/1.0.1/kerb-common-1.0.1.jar:/home/user/.m2/repository/org/apache/kerby/kerb-crypto/1.0.1/kerb-crypto-1.0.1.jar:/home/user/.m2/repository/org/apache/kerby/kerb-util/1.0.1/kerb-util-1.0.1.jar:/home/user/.m2/repository/org/apache/kerby/token-provider/1.0.1/token-provider-1.0.1.jar:/home/user/.m2/repository/org/apache/kerby/kerb-admin/1.0.1/kerb-admin-1.0.1.jar:/home/user/.m2/repository/org/apache/kerby/kerb-server/1.0.1/kerb-server-1.0.1.jar:/home/user/.m2/repository/org/apache/kerby/kerb-identity/1.0.1/kerb-identity-1.0.1.jar:/home/user/.m2/repository/org/apache/kerby/kerby-xdr/1.0.1/kerby-xdr-1.0.1.jar:/home/user/.m2/repository/org/slf4j/slf4j-log4j12/1.7.25/slf4j-log4j12-1.7.25.jar:/home/user/.m2/repository/org/apache/hadoop/hadoop-ozone-s3gateway/0.5.0-SNAPSHOT/hadoop-ozone-s3gateway-0.5.0-SNAPSHOT.jar:/home/user/.m2/repository/org/jboss/weld/servlet/weld-servlet/2.4.7.Final/weld-servlet-2.4.7.Final.jar:/home/user/.m2/repository/org/glassfish/jersey/containers/jersey-container-servlet-core/2.27/jersey-container-servlet-core-2.27.jar:/home/user/.m2/repository/org/glassfish/hk2/external/javax.inject/2.5.0-b42/javax.inject-2.5.0-b42.jar:/home/user/.m2/repository/org/glassfish/jersey/core/jersey-common/2.27/jersey-common-2.27.jar:/home/user/.m2/repository/org/glassfish/hk2/osgi-resource-locator/1.0.1/osgi-resource-locator-1.0.1.jar:/home/user/.m2/repository/javax/ws/rs/javax.ws.rs-api/2.1/javax.ws.rs-api-2.1.jar:/home/user/.m2/repository/org/glassfish/jersey/ext/cdi/jersey-cdi1x/2.27/jersey-cdi1x-2.27.jar:/home/user/.m2/repository/org/glassfish/jersey/inject/jersey-hk2/2.27/jersey-hk2-2.27.jar:/home/user/.m2/repository/org/glassfish/hk2/hk2-locator/2.5.0-b42/hk2-locator-2.5.0-b42.jar:/home/user/.m2/repository/org/javassist/javassist/3.22.0-CR2/javassist-3.22.0-CR2.jar:/home/user/.m2/repository/org/glassfish/hk2/hk2-api/2.5.0/hk2-api-2.5.0.jar:/home/user/.m2/repository/org/glassfish/hk2/external/jakarta.inject/2.5.0/jakarta.inject-2.5.0.jar:/home/user/.m2/repository/org/glassfish/hk2/hk2-utils/2.5.0/hk2-utils-2.5.0.jar:/home/user/.m2/repository/jakarta/annotation/jakarta.annotation-api/1.3.4/jakarta.annotation-api-1.3.4.jar:/home/user/.m2/repository/org/glassfish/hk2/external/aopalliance-repackaged/2.5.0/aopalliance-repackaged-2.5.0.jar:/home/user/.m2/repository/com/fasterxml/jackson/dataformat/jackson-dataformat-xml/2.9.0/jackson-dataformat-xml-2.9.0.jar:/home/user/.m2/repository/com/fasterxml/jackson/core/jackson-core/2.9.5/jackson-core-2.9.5.jar:/home/user/.m2/repository/com/fasterxml/jackson/module/jackson-module-jaxb-annotations/2.9.5/jackson-module-jaxb-annotations-2.9.5.jar:/home/user/.m2/repository/javax/enterprise/cdi-api/1.2/cdi-api-1.2.jar:/home/user/.m2/repository/javax/el/javax.el-api/3.0.0/javax.el-api-3.0.0.jar:/home/user/.m2/repository/javax/interceptor/javax.interceptor-api/1.2/javax.interceptor-api-1.2.jar:/home/user/.m2/repository/javax/inject/javax.inject/1/javax.inject-1.jar:/home/user/.m2/repository/com/sun/xml/bind/jaxb-impl/2.3.0.1/jaxb-impl-2.3.0.1.jar:/home/user/.m2/repository/com/sun/xml/bind/jaxb-core/2.3.0.1/jaxb-core-2.3.0.1.jar:/home/user/.m2/repository/javax/xml/bind/jaxb-api/2.3.0/jaxb-api-2.3.0.jar:/home/user/.m2/repository/javax/activation/activation/1.1.1/activation-1.1.1.jar:/home/user/.m2/repository/org/apache/hadoop/hadoop-ozone-csi/0.5.0-SNAPSHOT/hadoop-ozone-csi-0.5.0-SNAPSHOT.jar:/home/user/.m2/repository/com/google/protobuf/protobuf-java-util/3.5.1/protobuf-java-util-3.5.1.jar:/home/user/.m2/repository/org/apache/hadoop/hadoop-hdds-config/0.5.0-SNAPSHOT/hadoop-hdds-config-0.5.0-SNAPSHOT.jar:/home/user/.m2/repository/io/grpc/grpc-netty/1.17.1/grpc-netty-1.17.1.jar:/home/user/.m2/repository/io/grpc/grpc-core/1.17.1/grpc-core-1.17.1.jar:/home/user/.m2/repository/io/grpc/grpc-context/1.17.1/grpc-context-1.17.1.jar:/home/user/.m2/repository/com/google/errorprone/error_prone_annotations/2.2.0/error_prone_annotations-2.2.0.jar:/home/user/.m2/repository/org/codehaus/mojo/animal-sniffer-annotations/1.17/animal-sniffer-annotations-1.17.jar:/home/user/.m2/repository/io/opencensus/opencensus-api/0.17.0/opencensus-api-0.17.0.jar:/home/user/.m2/repository/io/opencensus/opencensus-contrib-grpc-metrics/0.17.0/opencensus-contrib-grpc-metrics-0.17.0.jar:/home/user/.m2/repository/io/netty/netty-codec-http2/4.1.30.Final/netty-codec-http2-4.1.30.Final.jar:/home/user/.m2/repository/io/netty/netty-codec-http/4.1.30.Final/netty-codec-http-4.1.30.Final.jar:/home/user/.m2/repository/io/netty/netty-codec/4.1.30.Final/netty-codec-4.1.30.Final.jar:/home/user/.m2/repository/io/netty/netty-handler/4.1.30.Final/netty-handler-4.1.30.Final.jar:/home/user/.m2/repository/io/netty/netty-handler-proxy/4.1.30.Final/netty-handler-proxy-4.1.30.Final.jar:/home/user/.m2/repository/io/netty/netty-codec-socks/4.1.30.Final/netty-codec-socks-4.1.30.Final.jar:/home/user/.m2/repository/io/netty/netty-transport-native-epoll/4.1.30.Final/netty-transport-native-epoll-4.1.30.Final.jar:/home/user/.m2/repository/io/netty/netty-common/4.1.30.Final/netty-common-4.1.30.Final.jar:/home/user/.m2/repository/io/netty/netty-buffer/4.1.30.Final/netty-buffer-4.1.30.Final.jar:/home/user/.m2/repository/io/netty/netty-transport/4.1.30.Final/netty-transport-4.1.30.Final.jar:/home/user/.m2/repository/io/netty/netty-resolver/4.1.30.Final/netty-resolver-4.1.30.Final.jar:/home/user/.m2/repository/io/netty/netty-transport-native-unix-common/4.1.30.Final/netty-transport-native-unix-common-4.1.30.Final.jar:/home/user/.m2/repository/io/grpc/grpc-protobuf/1.17.1/grpc-protobuf-1.17.1.jar:/home/user/.m2/repository/com/google/api/grpc/proto-google-common-protos/1.0.0/proto-google-common-protos-1.0.0.jar:/home/user/.m2/repository/io/grpc/grpc-protobuf-lite/1.17.1/grpc-protobuf-lite-1.17.1.jar:/home/user/.m2/repository/io/grpc/grpc-stub/1.17.1/grpc-stub-1.17.1.jar:/home/user/.m2/repository/org/apache/hadoop/hadoop-ozone-recon/0.5.0-SNAPSHOT/hadoop-ozone-recon-0.5.0-SNAPSHOT.jar:/home/user/.m2/repository/org/apache/hadoop/hadoop-ozone-reconcodegen/0.5.0-SNAPSHOT/hadoop-ozone-reconcodegen-0.5.0-SNAPSHOT.jar:/home/user/.m2/repository/com/google/inject/extensions/guice-multibindings/4.0/guice-multibindings-4.0.jar:/home/user/.m2/repository/com/google/inject/guice/4.0/guice-4.0.jar:/home/user/.m2/repository/aopalliance/aopalliance/1.0/aopalliance-1.0.jar:/home/user/.m2/repository/com/google/inject/extensions/guice-servlet/4.0/guice-servlet-4.0.jar:/home/user/.m2/repository/org/glassfish/jersey/containers/jersey-container-servlet/2.27/jersey-container-servlet-2.27.jar:/home/user/.m2/repository/org/glassfish/hk2/guice-bridge/2.5.0/guice-bridge-2.5.0.jar:/home/user/.m2/repository/org/glassfish/jersey/core/jersey-server/2.27/jersey-server-2.27.jar:/home/user/.m2/repository/org/glassfish/jersey/core/jersey-client/2.27/jersey-client-2.27.jar:/home/user/.m2/repository/org/glassfish/jersey/media/jersey-media-jaxb/2.27/jersey-media-jaxb-2.27.jar:/home/user/.m2/repository/javax/validation/validation-api/1.1.0.Final/validation-api-1.1.0.Final.jar:/home/user/.m2/repository/org/glassfish/jersey/media/jersey-media-json-jackson/2.27/jersey-media-json-jackson-2.27.jar:/home/user/.m2/repository/org/glassfish/jersey/ext/jersey-entity-filtering/2.27/jersey-entity-filtering-2.27.jar:/home/user/.m2/repository/com/google/inject/extensions/guice-assistedinject/4.0/guice-assistedinject-4.0.jar:/home/user/.m2/repository/org/jooq/jooq/3.11.10/jooq-3.11.10.jar:/home/user/.m2/repository/org/jooq/jooq-meta/3.11.10/jooq-meta-3.11.10.jar:/home/user/.m2/repository/org/jooq/jooq-codegen/3.11.10/jooq-codegen-3.11.10.jar:/home/user/.m2/repository/com/jolbox/bonecp/0.8.0.RELEASE/bonecp-0.8.0.RELEASE.jar:/home/user/.m2/repository/org/xerial/sqlite-jdbc/3.25.2/sqlite-jdbc-3.25.2.jar:/home/user/.m2/repository/org/springframework/spring-jdbc/5.1.3.RELEASE/spring-jdbc-5.1.3.RELEASE.jar:/home/user/.m2/repository/org/springframework/spring-beans/5.1.3.RELEASE/spring-beans-5.1.3.RELEASE.jar:/home/user/.m2/repository/org/springframework/spring-core/5.1.3.RELEASE/spring-core-5.1.3.RELEASE.jar:/home/user/.m2/repository/org/springframework/spring-jcl/5.1.3.RELEASE/spring-jcl-5.1.3.RELEASE.jar:/home/user/.m2/repository/org/springframework/spring-tx/5.1.3.RELEASE/spring-tx-5.1.3.RELEASE.jar:/home/user/.m2/repository/org/apache/hadoop/hadoop-ozone-client/0.5.0-SNAPSHOT/hadoop-ozone-client-0.5.0-SNAPSHOT.jar:/home/user/.m2/repository/commons-lang/commons-lang/2.6/commons-lang-2.6.jar:/home/user/.m2/repository/org/apache/hadoop/hadoop-ozone-ozone-manager/0.5.0-SNAPSHOT/hadoop-ozone-ozone-manager-0.5.0-SNAPSHOT-tests.jar:/home/user/.m2/repository/junit/junit/4.11/junit-4.11.jar:/home/user/.m2/repository/org/hamcrest/hamcrest-core/1.3/hamcrest-core-1.3.jar:/home/user/.m2/repository/org/openjdk/jmh/jmh-core/1.19/jmh-core-1.19.jar:/home/user/.m2/repository/net/sf/jopt-simple/jopt-simple/4.6/jopt-simple-4.6.jar:/home/user/.m2/repository/org/apache/commons/commons-math3/3.1.1/commons-math3-3.1.1.jar:/home/user/.m2/repository/org/openjdk/jmh/jmh-generator-annprocess/1.19/jmh-generator-annprocess-1.19.jar:/home/user/.m2/repository/org/mockito/mockito-all/1.8.5/mockito-all-1.8.5.jar:/home/user/.m2/repository/org/apache/hadoop/hadoop-kms/3.2.0/hadoop-kms-3.2.0.jar:/home/user/.m2/repository/org/apache/hadoop/hadoop-auth/3.2.0/hadoop-auth-3.2.0.jar:/home/user/.m2/repository/com/nimbusds/nimbus-jose-jwt/4.41.1/nimbus-jose-jwt-4.41.1.jar:/home/user/.m2/repository/com/github/stephenc/jcip/jcip-annotations/1.0-1/jcip-annotations-1.0-1.jar:/home/user/.m2/repository/net/minidev/json-smart/2.3/json-smart-2.3.jar:/home/user/.m2/repository/net/minidev/accessors-smart/1.2/accessors-smart-1.2.jar:/home/user/.m2/repository/org/ow2/asm/asm/5.0.4/asm-5.0.4.jar:/home/user/.m2/repository/org/apache/curator/curator-framework/2.12.0/curator-framework-2.12.0.jar:/home/user/.m2/repository/com/sun/jersey/jersey-core/1.19/jersey-core-1.19.jar:/home/user/.m2/repository/javax/ws/rs/jsr311-api/1.1.1/jsr311-api-1.1.1.jar:/home/user/.m2/repository/com/sun/jersey/jersey-server/1.19/jersey-server-1.19.jar:/home/user/.m2/repository/javax/servlet/javax.servlet-api/3.1.0/javax.servlet-api-3.1.0.jar:/home/user/.m2/repository/org/eclipse/jetty/jetty-server/9.3.24.v20180605/jetty-server-9.3.24.v20180605.jar:/home/user/.m2/repository/org/eclipse/jetty/jetty-http/9.3.24.v20180605/jetty-http-9.3.24.v20180605.jar:/home/user/.m2/repository/org/eclipse/jetty/jetty-io/9.3.24.v20180605/jetty-io-9.3.24.v20180605.jar:/home/user/.m2/repository/org/eclipse/jetty/jetty-webapp/9.3.24.v20180605/jetty-webapp-9.3.24.v20180605.jar:/home/user/.m2/repository/org/eclipse/jetty/jetty-xml/9.3.24.v20180605/jetty-xml-9.3.24.v20180605.jar:/home/user/.m2/repository/log4j/log4j/1.2.17/log4j-1.2.17.jar:/home/user/.m2/repository/org/slf4j/slf4j-api/1.7.25/slf4j-api-1.7.25.jar:/home/user/.m2/repository/org/slf4j/jul-to-slf4j/1.7.25/jul-to-slf4j-1.7.25.jar:/home/user/.m2/repository/org/eclipse/jetty/jetty-util/9.3.24.v20180605/jetty-util-9.3.24.v20180605.jar:/home/user/.m2/repository/com/fasterxml/jackson/core/jackson-databind/2.9.5/jackson-databind-2.9.5.jar:/home/user/.m2/repository/org/apache/hadoop/hadoop-kms/3.2.0/hadoop-kms-3.2.0-tests.jar:/home/user/.m2/repository/org/apache/hadoop/hadoop-hdds-server-scm/0.5.0-SNAPSHOT/hadoop-hdds-server-scm-0.5.0-SNAPSHOT-tests.jar:/home/user/.m2/repository/org/apache/hadoop/hadoop-hdds-container-service/0.5.0-SNAPSHOT/hadoop-hdds-container-service-0.5.0-SNAPSHOT-tests.jar:/home/user/.m2/repository/org/yaml/snakeyaml/1.16/snakeyaml-1.16.jar:/home/user/.m2/repository/org/apache/hadoop/hadoop-common/3.2.0/hadoop-common-3.2.0-tests.jar:/home/user/.m2/repository/org/apache/hadoop/hadoop-annotations/3.2.0/hadoop-annotations-3.2.0.jar:/usr/lib/jvm/java-1.8-openjdk/jre/../lib/tools.jar:/home/user/.m2/repository/commons-cli/commons-cli/1.2/commons-cli-1.2.jar:/home/user/.m2/repository/org/apache/httpcomponents/httpclient/4.5.2/httpclient-4.5.2.jar:/home/user/.m2/repository/org/apache/httpcomponents/httpcore/4.4.4/httpcore-4.4.4.jar:/home/user/.m2/repository/commons-codec/commons-codec/1.11/commons-codec-1.11.jar:/home/user/.m2/repository/commons-net/commons-net/3.6/commons-net-3.6.jar:/home/user/.m2/repository/commons-collections/commons-collections/3.2.2/commons-collections-3.2.2.jar:/home/user/.m2/repository/org/eclipse/jetty/jetty-servlet/9.3.24.v20180605/jetty-servlet-9.3.24.v20180605.jar:/home/user/.m2/repository/org/eclipse/jetty/jetty-security/9.3.24.v20180605/jetty-security-9.3.24.v20180605.jar:/home/user/.m2/repository/javax/servlet/jsp/jsp-api/2.1/jsp-api-2.1.jar:/home/user/.m2/repository/com/sun/jersey/jersey-servlet/1.19/jersey-servlet-1.19.jar:/home/user/.m2/repository/com/sun/jersey/jersey-json/1.19/jersey-json-1.19.jar:/home/user/.m2/repository/org/codehaus/jettison/jettison/1.1/jettison-1.1.jar:/home/user/.m2/repository/org/codehaus/jackson/jackson-core-asl/1.9.13/jackson-core-asl-1.9.13.jar:/home/user/.m2/repository/org/codehaus/jackson/jackson-mapper-asl/1.9.13/jackson-mapper-asl-1.9.13.jar:/home/user/.m2/repository/org/codehaus/jackson/jackson-jaxrs/1.9.13/jackson-jaxrs-1.9.13.jar:/home/user/.m2/repository/org/codehaus/jackson/jackson-xc/1.9.13/jackson-xc-1.9.13.jar:/home/user/.m2/repository/commons-logging/commons-logging/1.1.3/commons-logging-1.1.3.jar:/home/user/.m2/repository/commons-beanutils/commons-beanutils/1.9.3/commons-beanutils-1.9.3.jar:/home/user/.m2/repository/org/apache/commons/commons-configuration2/2.1.1/commons-configuration2-2.1.1.jar:/home/user/.m2/repository/org/apache/commons/commons-lang3/3.7/commons-lang3-3.7.jar:/home/user/.m2/repository/org/apache/commons/commons-text/1.4/commons-text-1.4.jar:/home/user/.m2/repository/org/apache/avro/avro/1.7.7/avro-1.7.7.jar:/home/user/.m2/repository/com/thoughtworks/paranamer/paranamer/2.3/paranamer-2.3.jar:/home/user/.m2/repository/org/xerial/snappy/snappy-java/1.0.5/snappy-java-1.0.5.jar:/home/user/.m2/repository/com/google/re2j/re2j/1.1/re2j-1.1.jar:/home/user/.m2/repository/com/google/code/gson/gson/2.2.4/gson-2.2.4.jar:/home/user/.m2/repository/com/jcraft/jsch/0.1.54/jsch-0.1.54.jar:/home/user/.m2/repository/org/apache/curator/curator-client/2.12.0/curator-client-2.12.0.jar:/home/user/.m2/repository/org/apache/curator/curator-recipes/2.12.0/curator-recipes-2.12.0.jar:/home/user/.m2/repository/com/google/code/findbugs/jsr305/3.0.0/jsr305-3.0.0.jar:/home/user/.m2/repository/org/apache/htrace/htrace-core4/4.1.0-incubating/htrace-core4-4.1.0-incubating.jar:/home/user/.m2/repository/org/apache/zookeeper/zookeeper/3.4.13/zookeeper-3.4.13.jar:/home/user/.m2/repository/org/apache/yetus/audience-annotations/0.5.0/audience-annotations-0.5.0.jar:/home/user/.m2/repository/org/codehaus/woodstox/stax2-api/3.1.4/stax2-api-3.1.4.jar:/home/user/.m2/repository/com/fasterxml/woodstox/woodstox-core/5.0.3/woodstox-core-5.0.3.jar:/home/user/.m2/repository/dnsjava/dnsjava/2.1.7/dnsjava-2.1.7.jar:/home/user/.m2/repository/org/apache/hadoop/hadoop-hdfs/3.2.0/hadoop-hdfs-3.2.0-tests.jar:/home/user/.m2/repository/org/eclipse/jetty/jetty-util-ajax/9.3.24.v20180605/jetty-util-ajax-9.3.24.v20180605.jar:/home/user/.m2/repository/commons-daemon/commons-daemon/1.0.13/commons-daemon-1.0.13.jar:/home/user/.m2/repository/io/netty/netty/3.10.5.Final/netty-3.10.5.Final.jar:/home/user/.m2/repository/io/netty/netty-all/4.0.52.Final/netty-all-4.0.52.Final.jar:/home/user/.m2/repository/org/fusesource/leveldbjni/leveldbjni-all/1.8/leveldbjni-all-1.8.jar:"/>
    <property name="java.vm.vendor" value="IcedTea"/>
    <property name="sun.arch.data.model" value="64"/>
    <property name="test.build.dir" value="/workdir/hadoop-ozone/integration-test/target/test-dir"/>
    <property name="test.cache.data" value=""/>
    <property name="java.vendor.url" value="https://icedtea.classpath.org"/>
    <property name="user.timezone" value=""/>
    <property name="java.vm.specification.version" value="1.8"/>
    <property name="os.name" value="Linux"/>
    <property name="test.build.data" value="/workdir/hadoop-ozone/integration-test/target/test-dir"/>
    <property name="user.country" value="US"/>
    <property name="sun.java.launcher" value="SUN_STANDARD"/>
    <property name="sun.boot.library.path" value="/usr/lib/jvm/java-1.8-openjdk/jre/lib/amd64"/>
    <property name="sun.java.command" value="/workdir/hadoop-ozone/integration-test/target/surefire/surefirebooter8132867064894326231.jar /workdir/hadoop-ozone/integration-test/target/surefire 2019-09-18T13-02-02_482-jvmRun1 surefire3589193825041320322tmp surefire_388917970499074540228tmp"/>
    <property name="test" value="!TestMiniChaosOzoneCluster"/>
    <property name="surefire.test.class.path" value="/workdir/hadoop-ozone/integration-test/target/test-classes:/workdir/hadoop-ozone/integration-test/target/classes:/home/user/.m2/repository/org/apache/hadoop/hadoop-ozone-common/0.5.0-SNAPSHOT/hadoop-ozone-common-0.5.0-SNAPSHOT.jar:/home/user/.m2/repository/org/apache/commons/commons-compress/1.4.1/commons-compress-1.4.1.jar:/home/user/.m2/repository/org/tukaani/xz/1.0/xz-1.0.jar:/home/user/.m2/repository/org/apache/hadoop/hadoop-common/3.2.0/hadoop-common-3.2.0.jar:/home/user/.m2/repository/org/apache/hadoop/hadoop-hdfs/3.2.0/hadoop-hdfs-3.2.0.jar:/home/user/.m2/repository/org/apache/hadoop/hadoop-hdfs-client/3.2.0/hadoop-hdfs-client-3.2.0.jar:/home/user/.m2/repository/com/fasterxml/jackson/core/jackson-annotations/2.9.5/jackson-annotations-2.9.5.jar:/home/user/.m2/repository/org/apache/hadoop/hadoop-hdds-common/0.5.0-SNAPSHOT/hadoop-hdds-common-0.5.0-SNAPSHOT.jar:/home/user/.m2/repository/javax/annotation/javax.annotation-api/1.2/javax.annotation-api-1.2.jar:/home/user/.m2/repository/org/apache/ratis/ratis-server/0.4.0-78e95b9-SNAPSHOT/ratis-server-0.4.0-78e95b9-SNAPSHOT.jar:/home/user/.m2/repository/org/apache/ratis/ratis-thirdparty-misc/0.2.0/ratis-thirdparty-misc-0.2.0.jar:/home/user/.m2/repository/org/apache/ratis/ratis-proto/0.4.0-78e95b9-SNAPSHOT/ratis-proto-0.4.0-78e95b9-SNAPSHOT.jar:/home/user/.m2/repository/org/apache/ratis/ratis-common/0.4.0-78e95b9-SNAPSHOT/ratis-common-0.4.0-78e95b9-SNAPSHOT.jar:/home/user/.m2/repository/org/apache/ratis/ratis-client/0.4.0-78e95b9-SNAPSHOT/ratis-client-0.4.0-78e95b9-SNAPSHOT.jar:/home/user/.m2/repository/org/apache/ratis/ratis-metrics/0.4.0-78e95b9-SNAPSHOT/ratis-metrics-0.4.0-78e95b9-SNAPSHOT.jar:/home/user/.m2/repository/com/github/joshelser/dropwizard-metrics-hadoop-metrics2-reporter/0.1.2/dropwizard-metrics-hadoop-metrics2-reporter-0.1.2.jar:/home/user/.m2/repository/io/dropwizard/metrics/metrics-jvm/3.2.5/metrics-jvm-3.2.5.jar:/home/user/.m2/repository/io/dropwizard/metrics/metrics-ganglia/3.2.5/metrics-ganglia-3.2.5.jar:/home/user/.m2/repository/info/ganglia/gmetric4j/gmetric4j/1.0.7/gmetric4j-1.0.7.jar:/home/user/.m2/repository/org/apache/ratis/ratis-netty/0.4.0-78e95b9-SNAPSHOT/ratis-netty-0.4.0-78e95b9-SNAPSHOT.jar:/home/user/.m2/repository/org/apache/ratis/ratis-grpc/0.4.0-78e95b9-SNAPSHOT/ratis-grpc-0.4.0-78e95b9-SNAPSHOT.jar:/home/user/.m2/repository/org/rocksdb/rocksdbjni/6.0.1/rocksdbjni-6.0.1.jar:/home/user/.m2/repository/org/apache/logging/log4j/log4j-api/2.11.0/log4j-api-2.11.0.jar:/home/user/.m2/repository/org/apache/logging/log4j/log4j-core/2.11.0/log4j-core-2.11.0.jar:/home/user/.m2/repository/com/lmax/disruptor/3.4.2/disruptor-3.4.2.jar:/home/user/.m2/repository/org/apache/commons/commons-pool2/2.6.0/commons-pool2-2.6.0.jar:/home/user/.m2/repository/org/bouncycastle/bcpkix-jdk15on/1.60/bcpkix-jdk15on-1.60.jar:/home/user/.m2/repository/commons-validator/commons-validator/1.6/commons-validator-1.6.jar:/home/user/.m2/repository/commons-digester/commons-digester/1.8.1/commons-digester-1.8.1.jar:/home/user/.m2/repository/io/jaegertracing/jaeger-client/0.33.1/jaeger-client-0.33.1.jar:/home/user/.m2/repository/io/jaegertracing/jaeger-thrift/0.33.1/jaeger-thrift-0.33.1.jar:/home/user/.m2/repository/org/apache/thrift/libthrift/0.11.0/libthrift-0.11.0.jar:/home/user/.m2/repository/com/squareup/okhttp3/okhttp/3.9.0/okhttp-3.9.0.jar:/home/user/.m2/repository/com/squareup/okio/okio/1.13.0/okio-1.13.0.jar:/home/user/.m2/repository/io/jaegertracing/jaeger-core/0.33.1/jaeger-core-0.33.1.jar:/home/user/.m2/repository/io/jaegertracing/jaeger-tracerresolver/0.33.1/jaeger-tracerresolver-0.33.1.jar:/home/user/.m2/repository/io/opentracing/contrib/opentracing-tracerresolver/0.1.5/opentracing-tracerresolver-0.1.5.jar:/home/user/.m2/repository/io/opentracing/opentracing-util/0.31.0/opentracing-util-0.31.0.jar:/home/user/.m2/repository/io/opentracing/opentracing-api/0.31.0/opentracing-api-0.31.0.jar:/home/user/.m2/repository/io/opentracing/opentracing-noop/0.31.0/opentracing-noop-0.31.0.jar:/home/user/.m2/repository/org/apache/hadoop/hadoop-hdds-server-framework/0.5.0-SNAPSHOT/hadoop-hdds-server-framework-0.5.0-SNAPSHOT.jar:/home/user/.m2/repository/org/apache/hadoop/hadoop-hdds-container-service/0.5.0-SNAPSHOT/hadoop-hdds-container-service-0.5.0-SNAPSHOT.jar:/home/user/.m2/repository/org/apache/hadoop/hadoop-hdds-client/0.5.0-SNAPSHOT/hadoop-hdds-client-0.5.0-SNAPSHOT.jar:/home/user/.m2/repository/org/apache/hadoop/hadoop-hdds-tools/0.5.0-SNAPSHOT/hadoop-hdds-tools-0.5.0-SNAPSHOT.jar:/home/user/.m2/repository/org/apache/hadoop/hadoop-hdds-server-scm/0.5.0-SNAPSHOT/hadoop-hdds-server-scm-0.5.0-SNAPSHOT.jar:/home/user/.m2/repository/org/apache/hadoop/hadoop-hdds-docs/0.5.0-SNAPSHOT/hadoop-hdds-docs-0.5.0-SNAPSHOT.jar:/home/user/.m2/repository/io/dropwizard/metrics/metrics-core/3.2.4/metrics-core-3.2.4.jar:/home/user/.m2/repository/org/hamcrest/hamcrest-all/1.3/hamcrest-all-1.3.jar:/home/user/.m2/repository/org/bouncycastle/bcprov-jdk15on/1.60/bcprov-jdk15on-1.60.jar:/home/user/.m2/repository/info/picocli/picocli/3.9.6/picocli-3.9.6.jar:/home/user/.m2/repository/com/google/protobuf/protobuf-java/2.5.0/protobuf-java-2.5.0.jar:/home/user/.m2/repository/com/google/guava/guava/11.0.2/guava-11.0.2.jar:/home/user/.m2/repository/org/apache/hadoop/hadoop-ozone-ozone-manager/0.5.0-SNAPSHOT/hadoop-ozone-ozone-manager-0.5.0-SNAPSHOT.jar:/home/user/.m2/repository/org/apache/hadoop/hadoop-minikdc/3.2.0/hadoop-minikdc-3.2.0.jar:/home/user/.m2/repository/commons-io/commons-io/2.5/commons-io-2.5.jar:/home/user/.m2/repository/org/apache/kerby/kerb-simplekdc/1.0.1/kerb-simplekdc-1.0.1.jar:/home/user/.m2/repository/org/apache/kerby/kerb-client/1.0.1/kerb-client-1.0.1.jar:/home/user/.m2/repository/org/apache/kerby/kerby-config/1.0.1/kerby-config-1.0.1.jar:/home/user/.m2/repository/org/apache/kerby/kerb-core/1.0.1/kerb-core-1.0.1.jar:/home/user/.m2/repository/org/apache/kerby/kerby-pkix/1.0.1/kerby-pkix-1.0.1.jar:/home/user/.m2/repository/org/apache/kerby/kerby-asn1/1.0.1/kerby-asn1-1.0.1.jar:/home/user/.m2/repository/org/apache/kerby/kerby-util/1.0.1/kerby-util-1.0.1.jar:/home/user/.m2/repository/org/apache/kerby/kerb-common/1.0.1/kerb-common-1.0.1.jar:/home/user/.m2/repository/org/apache/kerby/kerb-crypto/1.0.1/kerb-crypto-1.0.1.jar:/home/user/.m2/repository/org/apache/kerby/kerb-util/1.0.1/kerb-util-1.0.1.jar:/home/user/.m2/repository/org/apache/kerby/token-provider/1.0.1/token-provider-1.0.1.jar:/home/user/.m2/repository/org/apache/kerby/kerb-admin/1.0.1/kerb-admin-1.0.1.jar:/home/user/.m2/repository/org/apache/kerby/kerb-server/1.0.1/kerb-server-1.0.1.jar:/home/user/.m2/repository/org/apache/kerby/kerb-identity/1.0.1/kerb-identity-1.0.1.jar:/home/user/.m2/repository/org/apache/kerby/kerby-xdr/1.0.1/kerby-xdr-1.0.1.jar:/home/user/.m2/repository/org/slf4j/slf4j-log4j12/1.7.25/slf4j-log4j12-1.7.25.jar:/home/user/.m2/repository/org/apache/hadoop/hadoop-ozone-s3gateway/0.5.0-SNAPSHOT/hadoop-ozone-s3gateway-0.5.0-SNAPSHOT.jar:/home/user/.m2/repository/org/jboss/weld/servlet/weld-servlet/2.4.7.Final/weld-servlet-2.4.7.Final.jar:/home/user/.m2/repository/org/glassfish/jersey/containers/jersey-container-servlet-core/2.27/jersey-container-servlet-core-2.27.jar:/home/user/.m2/repository/org/glassfish/hk2/external/javax.inject/2.5.0-b42/javax.inject-2.5.0-b42.jar:/home/user/.m2/repository/org/glassfish/jersey/core/jersey-common/2.27/jersey-common-2.27.jar:/home/user/.m2/repository/org/glassfish/hk2/osgi-resource-locator/1.0.1/osgi-resource-locator-1.0.1.jar:/home/user/.m2/repository/javax/ws/rs/javax.ws.rs-api/2.1/javax.ws.rs-api-2.1.jar:/home/user/.m2/repository/org/glassfish/jersey/ext/cdi/jersey-cdi1x/2.27/jersey-cdi1x-2.27.jar:/home/user/.m2/repository/org/glassfish/jersey/inject/jersey-hk2/2.27/jersey-hk2-2.27.jar:/home/user/.m2/repository/org/glassfish/hk2/hk2-locator/2.5.0-b42/hk2-locator-2.5.0-b42.jar:/home/user/.m2/repository/org/javassist/javassist/3.22.0-CR2/javassist-3.22.0-CR2.jar:/home/user/.m2/repository/org/glassfish/hk2/hk2-api/2.5.0/hk2-api-2.5.0.jar:/home/user/.m2/repository/org/glassfish/hk2/external/jakarta.inject/2.5.0/jakarta.inject-2.5.0.jar:/home/user/.m2/repository/org/glassfish/hk2/hk2-utils/2.5.0/hk2-utils-2.5.0.jar:/home/user/.m2/repository/jakarta/annotation/jakarta.annotation-api/1.3.4/jakarta.annotation-api-1.3.4.jar:/home/user/.m2/repository/org/glassfish/hk2/external/aopalliance-repackaged/2.5.0/aopalliance-repackaged-2.5.0.jar:/home/user/.m2/repository/com/fasterxml/jackson/dataformat/jackson-dataformat-xml/2.9.0/jackson-dataformat-xml-2.9.0.jar:/home/user/.m2/repository/com/fasterxml/jackson/core/jackson-core/2.9.5/jackson-core-2.9.5.jar:/home/user/.m2/repository/com/fasterxml/jackson/module/jackson-module-jaxb-annotations/2.9.5/jackson-module-jaxb-annotations-2.9.5.jar:/home/user/.m2/repository/javax/enterprise/cdi-api/1.2/cdi-api-1.2.jar:/home/user/.m2/repository/javax/el/javax.el-api/3.0.0/javax.el-api-3.0.0.jar:/home/user/.m2/repository/javax/interceptor/javax.interceptor-api/1.2/javax.interceptor-api-1.2.jar:/home/user/.m2/repository/javax/inject/javax.inject/1/javax.inject-1.jar:/home/user/.m2/repository/com/sun/xml/bind/jaxb-impl/2.3.0.1/jaxb-impl-2.3.0.1.jar:/home/user/.m2/repository/com/sun/xml/bind/jaxb-core/2.3.0.1/jaxb-core-2.3.0.1.jar:/home/user/.m2/repository/javax/xml/bind/jaxb-api/2.3.0/jaxb-api-2.3.0.jar:/home/user/.m2/repository/javax/activation/activation/1.1.1/activation-1.1.1.jar:/home/user/.m2/repository/org/apache/hadoop/hadoop-ozone-csi/0.5.0-SNAPSHOT/hadoop-ozone-csi-0.5.0-SNAPSHOT.jar:/home/user/.m2/repository/com/google/protobuf/protobuf-java-util/3.5.1/protobuf-java-util-3.5.1.jar:/home/user/.m2/repository/org/apache/hadoop/hadoop-hdds-config/0.5.0-SNAPSHOT/hadoop-hdds-config-0.5.0-SNAPSHOT.jar:/home/user/.m2/repository/io/grpc/grpc-netty/1.17.1/grpc-netty-1.17.1.jar:/home/user/.m2/repository/io/grpc/grpc-core/1.17.1/grpc-core-1.17.1.jar:/home/user/.m2/repository/io/grpc/grpc-context/1.17.1/grpc-context-1.17.1.jar:/home/user/.m2/repository/com/google/errorprone/error_prone_annotations/2.2.0/error_prone_annotations-2.2.0.jar:/home/user/.m2/repository/org/codehaus/mojo/animal-sniffer-annotations/1.17/animal-sniffer-annotations-1.17.jar:/home/user/.m2/repository/io/opencensus/opencensus-api/0.17.0/opencensus-api-0.17.0.jar:/home/user/.m2/repository/io/opencensus/opencensus-contrib-grpc-metrics/0.17.0/opencensus-contrib-grpc-metrics-0.17.0.jar:/home/user/.m2/repository/io/netty/netty-codec-http2/4.1.30.Final/netty-codec-http2-4.1.30.Final.jar:/home/user/.m2/repository/io/netty/netty-codec-http/4.1.30.Final/netty-codec-http-4.1.30.Final.jar:/home/user/.m2/repository/io/netty/netty-codec/4.1.30.Final/netty-codec-4.1.30.Final.jar:/home/user/.m2/repository/io/netty/netty-handler/4.1.30.Final/netty-handler-4.1.30.Final.jar:/home/user/.m2/repository/io/netty/netty-handler-proxy/4.1.30.Final/netty-handler-proxy-4.1.30.Final.jar:/home/user/.m2/repository/io/netty/netty-codec-socks/4.1.30.Final/netty-codec-socks-4.1.30.Final.jar:/home/user/.m2/repository/io/netty/netty-transport-native-epoll/4.1.30.Final/netty-transport-native-epoll-4.1.30.Final.jar:/home/user/.m2/repository/io/netty/netty-common/4.1.30.Final/netty-common-4.1.30.Final.jar:/home/user/.m2/repository/io/netty/netty-buffer/4.1.30.Final/netty-buffer-4.1.30.Final.jar:/home/user/.m2/repository/io/netty/netty-transport/4.1.30.Final/netty-transport-4.1.30.Final.jar:/home/user/.m2/repository/io/netty/netty-resolver/4.1.30.Final/netty-resolver-4.1.30.Final.jar:/home/user/.m2/repository/io/netty/netty-transport-native-unix-common/4.1.30.Final/netty-transport-native-unix-common-4.1.30.Final.jar:/home/user/.m2/repository/io/grpc/grpc-protobuf/1.17.1/grpc-protobuf-1.17.1.jar:/home/user/.m2/repository/com/google/api/grpc/proto-google-common-protos/1.0.0/proto-google-common-protos-1.0.0.jar:/home/user/.m2/repository/io/grpc/grpc-protobuf-lite/1.17.1/grpc-protobuf-lite-1.17.1.jar:/home/user/.m2/repository/io/grpc/grpc-stub/1.17.1/grpc-stub-1.17.1.jar:/home/user/.m2/repository/org/apache/hadoop/hadoop-ozone-recon/0.5.0-SNAPSHOT/hadoop-ozone-recon-0.5.0-SNAPSHOT.jar:/home/user/.m2/repository/org/apache/hadoop/hadoop-ozone-reconcodegen/0.5.0-SNAPSHOT/hadoop-ozone-reconcodegen-0.5.0-SNAPSHOT.jar:/home/user/.m2/repository/com/google/inject/extensions/guice-multibindings/4.0/guice-multibindings-4.0.jar:/home/user/.m2/repository/com/google/inject/guice/4.0/guice-4.0.jar:/home/user/.m2/repository/aopalliance/aopalliance/1.0/aopalliance-1.0.jar:/home/user/.m2/repository/com/google/inject/extensions/guice-servlet/4.0/guice-servlet-4.0.jar:/home/user/.m2/repository/org/glassfish/jersey/containers/jersey-container-servlet/2.27/jersey-container-servlet-2.27.jar:/home/user/.m2/repository/org/glassfish/hk2/guice-bridge/2.5.0/guice-bridge-2.5.0.jar:/home/user/.m2/repository/org/glassfish/jersey/core/jersey-server/2.27/jersey-server-2.27.jar:/home/user/.m2/repository/org/glassfish/jersey/core/jersey-client/2.27/jersey-client-2.27.jar:/home/user/.m2/repository/org/glassfish/jersey/media/jersey-media-jaxb/2.27/jersey-media-jaxb-2.27.jar:/home/user/.m2/repository/javax/validation/validation-api/1.1.0.Final/validation-api-1.1.0.Final.jar:/home/user/.m2/repository/org/glassfish/jersey/media/jersey-media-json-jackson/2.27/jersey-media-json-jackson-2.27.jar:/home/user/.m2/repository/org/glassfish/jersey/ext/jersey-entity-filtering/2.27/jersey-entity-filtering-2.27.jar:/home/user/.m2/repository/com/google/inject/extensions/guice-assistedinject/4.0/guice-assistedinject-4.0.jar:/home/user/.m2/repository/org/jooq/jooq/3.11.10/jooq-3.11.10.jar:/home/user/.m2/repository/org/jooq/jooq-meta/3.11.10/jooq-meta-3.11.10.jar:/home/user/.m2/repository/org/jooq/jooq-codegen/3.11.10/jooq-codegen-3.11.10.jar:/home/user/.m2/repository/com/jolbox/bonecp/0.8.0.RELEASE/bonecp-0.8.0.RELEASE.jar:/home/user/.m2/repository/org/xerial/sqlite-jdbc/3.25.2/sqlite-jdbc-3.25.2.jar:/home/user/.m2/repository/org/springframework/spring-jdbc/5.1.3.RELEASE/spring-jdbc-5.1.3.RELEASE.jar:/home/user/.m2/repository/org/springframework/spring-beans/5.1.3.RELEASE/spring-beans-5.1.3.RELEASE.jar:/home/user/.m2/repository/org/springframework/spring-core/5.1.3.RELEASE/spring-core-5.1.3.RELEASE.jar:/home/user/.m2/repository/org/springframework/spring-jcl/5.1.3.RELEASE/spring-jcl-5.1.3.RELEASE.jar:/home/user/.m2/repository/org/springframework/spring-tx/5.1.3.RELEASE/spring-tx-5.1.3.RELEASE.jar:/home/user/.m2/repository/org/apache/hadoop/hadoop-ozone-client/0.5.0-SNAPSHOT/hadoop-ozone-client-0.5.0-SNAPSHOT.jar:/home/user/.m2/repository/commons-lang/commons-lang/2.6/commons-lang-2.6.jar:/home/user/.m2/repository/org/apache/hadoop/hadoop-ozone-ozone-manager/0.5.0-SNAPSHOT/hadoop-ozone-ozone-manager-0.5.0-SNAPSHOT-tests.jar:/home/user/.m2/repository/junit/junit/4.11/junit-4.11.jar:/home/user/.m2/repository/org/hamcrest/hamcrest-core/1.3/hamcrest-core-1.3.jar:/home/user/.m2/repository/org/openjdk/jmh/jmh-core/1.19/jmh-core-1.19.jar:/home/user/.m2/repository/net/sf/jopt-simple/jopt-simple/4.6/jopt-simple-4.6.jar:/home/user/.m2/repository/org/apache/commons/commons-math3/3.1.1/commons-math3-3.1.1.jar:/home/user/.m2/repository/org/openjdk/jmh/jmh-generator-annprocess/1.19/jmh-generator-annprocess-1.19.jar:/home/user/.m2/repository/org/mockito/mockito-all/1.8.5/mockito-all-1.8.5.jar:/home/user/.m2/repository/org/apache/hadoop/hadoop-kms/3.2.0/hadoop-kms-3.2.0.jar:/home/user/.m2/repository/org/apache/hadoop/hadoop-auth/3.2.0/hadoop-auth-3.2.0.jar:/home/user/.m2/repository/com/nimbusds/nimbus-jose-jwt/4.41.1/nimbus-jose-jwt-4.41.1.jar:/home/user/.m2/repository/com/github/stephenc/jcip/jcip-annotations/1.0-1/jcip-annotations-1.0-1.jar:/home/user/.m2/repository/net/minidev/json-smart/2.3/json-smart-2.3.jar:/home/user/.m2/repository/net/minidev/accessors-smart/1.2/accessors-smart-1.2.jar:/home/user/.m2/repository/org/ow2/asm/asm/5.0.4/asm-5.0.4.jar:/home/user/.m2/repository/org/apache/curator/curator-framework/2.12.0/curator-framework-2.12.0.jar:/home/user/.m2/repository/com/sun/jersey/jersey-core/1.19/jersey-core-1.19.jar:/home/user/.m2/repository/javax/ws/rs/jsr311-api/1.1.1/jsr311-api-1.1.1.jar:/home/user/.m2/repository/com/sun/jersey/jersey-server/1.19/jersey-server-1.19.jar:/home/user/.m2/repository/javax/servlet/javax.servlet-api/3.1.0/javax.servlet-api-3.1.0.jar:/home/user/.m2/repository/org/eclipse/jetty/jetty-server/9.3.24.v20180605/jetty-server-9.3.24.v20180605.jar:/home/user/.m2/repository/org/eclipse/jetty/jetty-http/9.3.24.v20180605/jetty-http-9.3.24.v20180605.jar:/home/user/.m2/repository/org/eclipse/jetty/jetty-io/9.3.24.v20180605/jetty-io-9.3.24.v20180605.jar:/home/user/.m2/repository/org/eclipse/jetty/jetty-webapp/9.3.24.v20180605/jetty-webapp-9.3.24.v20180605.jar:/home/user/.m2/repository/org/eclipse/jetty/jetty-xml/9.3.24.v20180605/jetty-xml-9.3.24.v20180605.jar:/home/user/.m2/repository/log4j/log4j/1.2.17/log4j-1.2.17.jar:/home/user/.m2/repository/org/slf4j/slf4j-api/1.7.25/slf4j-api-1.7.25.jar:/home/user/.m2/repository/org/slf4j/jul-to-slf4j/1.7.25/jul-to-slf4j-1.7.25.jar:/home/user/.m2/repository/org/eclipse/jetty/jetty-util/9.3.24.v20180605/jetty-util-9.3.24.v20180605.jar:/home/user/.m2/repository/com/fasterxml/jackson/core/jackson-databind/2.9.5/jackson-databind-2.9.5.jar:/home/user/.m2/repository/org/apache/hadoop/hadoop-kms/3.2.0/hadoop-kms-3.2.0-tests.jar:/home/user/.m2/repository/org/apache/hadoop/hadoop-hdds-server-scm/0.5.0-SNAPSHOT/hadoop-hdds-server-scm-0.5.0-SNAPSHOT-tests.jar:/home/user/.m2/repository/org/apache/hadoop/hadoop-hdds-container-service/0.5.0-SNAPSHOT/hadoop-hdds-container-service-0.5.0-SNAPSHOT-tests.jar:/home/user/.m2/repository/org/yaml/snakeyaml/1.16/snakeyaml-1.16.jar:/home/user/.m2/repository/org/apache/hadoop/hadoop-common/3.2.0/hadoop-common-3.2.0-tests.jar:/home/user/.m2/repository/org/apache/hadoop/hadoop-annotations/3.2.0/hadoop-annotations-3.2.0.jar:/usr/lib/jvm/java-1.8-openjdk/jre/../lib/tools.jar:/home/user/.m2/repository/commons-cli/commons-cli/1.2/commons-cli-1.2.jar:/home/user/.m2/repository/org/apache/httpcomponents/httpclient/4.5.2/httpclient-4.5.2.jar:/home/user/.m2/repository/org/apache/httpcomponents/httpcore/4.4.4/httpcore-4.4.4.jar:/home/user/.m2/repository/commons-codec/commons-codec/1.11/commons-codec-1.11.jar:/home/user/.m2/repository/commons-net/commons-net/3.6/commons-net-3.6.jar:/home/user/.m2/repository/commons-collections/commons-collections/3.2.2/commons-collections-3.2.2.jar:/home/user/.m2/repository/org/eclipse/jetty/jetty-servlet/9.3.24.v20180605/jetty-servlet-9.3.24.v20180605.jar:/home/user/.m2/repository/org/eclipse/jetty/jetty-security/9.3.24.v20180605/jetty-security-9.3.24.v20180605.jar:/home/user/.m2/repository/javax/servlet/jsp/jsp-api/2.1/jsp-api-2.1.jar:/home/user/.m2/repository/com/sun/jersey/jersey-servlet/1.19/jersey-servlet-1.19.jar:/home/user/.m2/repository/com/sun/jersey/jersey-json/1.19/jersey-json-1.19.jar:/home/user/.m2/repository/org/codehaus/jettison/jettison/1.1/jettison-1.1.jar:/home/user/.m2/repository/org/codehaus/jackson/jackson-core-asl/1.9.13/jackson-core-asl-1.9.13.jar:/home/user/.m2/repository/org/codehaus/jackson/jackson-mapper-asl/1.9.13/jackson-mapper-asl-1.9.13.jar:/home/user/.m2/repository/org/codehaus/jackson/jackson-jaxrs/1.9.13/jackson-jaxrs-1.9.13.jar:/home/user/.m2/repository/org/codehaus/jackson/jackson-xc/1.9.13/jackson-xc-1.9.13.jar:/home/user/.m2/repository/commons-logging/commons-logging/1.1.3/commons-logging-1.1.3.jar:/home/user/.m2/repository/commons-beanutils/commons-beanutils/1.9.3/commons-beanutils-1.9.3.jar:/home/user/.m2/repository/org/apache/commons/commons-configuration2/2.1.1/commons-configuration2-2.1.1.jar:/home/user/.m2/repository/org/apache/commons/commons-lang3/3.7/commons-lang3-3.7.jar:/home/user/.m2/repository/org/apache/commons/commons-text/1.4/commons-text-1.4.jar:/home/user/.m2/repository/org/apache/avro/avro/1.7.7/avro-1.7.7.jar:/home/user/.m2/repository/com/thoughtworks/paranamer/paranamer/2.3/paranamer-2.3.jar:/home/user/.m2/repository/org/xerial/snappy/snappy-java/1.0.5/snappy-java-1.0.5.jar:/home/user/.m2/repository/com/google/re2j/re2j/1.1/re2j-1.1.jar:/home/user/.m2/repository/com/google/code/gson/gson/2.2.4/gson-2.2.4.jar:/home/user/.m2/repository/com/jcraft/jsch/0.1.54/jsch-0.1.54.jar:/home/user/.m2/repository/org/apache/curator/curator-client/2.12.0/curator-client-2.12.0.jar:/home/user/.m2/repository/org/apache/curator/curator-recipes/2.12.0/curator-recipes-2.12.0.jar:/home/user/.m2/repository/com/google/code/findbugs/jsr305/3.0.0/jsr305-3.0.0.jar:/home/user/.m2/repository/org/apache/htrace/htrace-core4/4.1.0-incubating/htrace-core4-4.1.0-incubating.jar:/home/user/.m2/repository/org/apache/zookeeper/zookeeper/3.4.13/zookeeper-3.4.13.jar:/home/user/.m2/repository/org/apache/yetus/audience-annotations/0.5.0/audience-annotations-0.5.0.jar:/home/user/.m2/repository/org/codehaus/woodstox/stax2-api/3.1.4/stax2-api-3.1.4.jar:/home/user/.m2/repository/com/fasterxml/woodstox/woodstox-core/5.0.3/woodstox-core-5.0.3.jar:/home/user/.m2/repository/dnsjava/dnsjava/2.1.7/dnsjava-2.1.7.jar:/home/user/.m2/repository/org/apache/hadoop/hadoop-hdfs/3.2.0/hadoop-hdfs-3.2.0-tests.jar:/home/user/.m2/repository/org/eclipse/jetty/jetty-util-ajax/9.3.24.v20180605/jetty-util-ajax-9.3.24.v20180605.jar:/home/user/.m2/repository/commons-daemon/commons-daemon/1.0.13/commons-daemon-1.0.13.jar:/home/user/.m2/repository/io/netty/netty/3.10.5.Final/netty-3.10.5.Final.jar:/home/user/.m2/repository/io/netty/netty-all/4.0.52.Final/netty-all-4.0.52.Final.jar:/home/user/.m2/repository/org/fusesource/leveldbjni/leveldbjni-all/1.8/leveldbjni-all-1.8.jar:"/>
    <property name="sun.cpu.endian" value="little"/>
    <property name="user.home" value="/home/user"/>
    <property name="user.language" value="en"/>
    <property name="java.specification.vendor" value="Oracle Corporation"/>
    <property name="java.home" value="/usr/lib/jvm/java-1.8-openjdk/jre"/>
    <property name="java.security.krb5.conf" value="/workdir/hadoop-ozone/integration-test/target/test-classes/krb5.conf"/>
    <property name="basedir" value="/workdir/hadoop-ozone/integration-test"/>
    <property name="file.separator" value="/"/>
    <property name="line.separator" value="&#10;"/>
    <property name="java.vm.specification.vendor" value="Oracle Corporation"/>
    <property name="java.specification.name" value="Java Platform API Specification"/>
    <property name="java.awt.graphicsenv" value="sun.awt.X11GraphicsEnvironment"/>
    <property name="surefire.real.class.path" value="/workdir/hadoop-ozone/integration-test/target/surefire/surefirebooter8132867064894326231.jar"/>
    <property name="hadoop.log.dir" value="/workdir/hadoop-ozone/integration-test/target/log"/>
    <property name="sun.boot.class.path" value="/usr/lib/jvm/java-1.8-openjdk/jre/lib/resources.jar:/usr/lib/jvm/java-1.8-openjdk/jre/lib/rt.jar:/usr/lib/jvm/java-1.8-openjdk/jre/lib/sunrsasign.jar:/usr/lib/jvm/java-1.8-openjdk/jre/lib/jsse.jar:/usr/lib/jvm/java-1.8-openjdk/jre/lib/jce.jar:/usr/lib/jvm/java-1.8-openjdk/jre/lib/charsets.jar:/usr/lib/jvm/java-1.8-openjdk/jre/lib/jfr.jar:/usr/lib/jvm/java-1.8-openjdk/jre/classes"/>
    <property name="sun.management.compiler" value="HotSpot 64-Bit Tiered Compilers"/>
    <property name="java.runtime.version" value="1.8.0_212-b04"/>
    <property name="java.net.preferIPv4Stack" value="true"/>
    <property name="user.name" value="jenkins1000"/>
    <property name="path.separator" value=":"/>
    <property name="java.security.egd" value="file:///dev/urandom"/>
    <property name="os.version" value="3.10.0-957.12.2.el7.x86_64"/>
    <property name="java.endorsed.dirs" value="/usr/lib/jvm/java-1.8-openjdk/jre/lib/endorsed"/>
    <property name="java.runtime.name" value="OpenJDK Runtime Environment"/>
    <property name="file.encoding" value="UTF-8"/>
    <property name="java.vm.name" value="OpenJDK 64-Bit Server VM"/>
    <property name="test.build.webapps" value=""/>
    <property name="localRepository" value="/home/user/.m2/repository"/>
    <property name="java.vendor.url.bug" value="https://icedtea.classpath.org/bugzilla"/>
    <property name="java.io.tmpdir" value="/tmp"/>
    <property name="require.test.libhadoop" value=""/>
    <property name="java.version" value="1.8.0_212"/>
    <property name="user.dir" value="/workdir/hadoop-ozone/integration-test"/>
    <property name="os.arch" value="amd64"/>
    <property name="java.vm.specification.name" value="Java Virtual Machine Specification"/>
    <property name="test.build.classes" value="/workdir/hadoop-ozone/integration-test/target/test-classes"/>
    <property name="java.awt.printerjob" value="sun.print.PSPrinterJob"/>
    <property name="sun.os.patch.level" value="unknown"/>
    <property name="hadoop.tmp.dir" value="/workdir/hadoop-ozone/integration-test/target/tmp"/>
    <property name="java.library.path" value="/usr/lib/jvm/java-1.8-openjdk/jre/lib/amd64/server:/usr/lib/jvm/java-1.8-openjdk/jre/lib/amd64:/usr/lib/jvm/java-1.8-openjdk/jre/../lib/amd64:/workdir/hadoop-ozone/integration-test/target/native/target/usr/local/lib:/workdir/hadoop-ozone/integration-test/../../hadoop-common-project/hadoop-common/target/native/target/usr/local/lib:/usr/java/packages/lib/amd64:/usr/lib64:/lib64:/lib:/usr/lib"/>
    <property name="java.vm.info" value="mixed mode"/>
    <property name="java.vendor" value="IcedTea"/>
    <property name="java.vm.version" value="25.212-b04"/>
    <property name="java.ext.dirs" value="/usr/lib/jvm/java-1.8-openjdk/jre/lib/ext:/usr/java/packages/lib/ext"/>
    <property name="sun.io.unicode.encoding" value="UnicodeLittle"/>
    <property name="java.class.version" value="52.0"/>
  </properties>
  <testcase name="testGroupMismatchExceptionHandling" classname="org.apache.hadoop.ozone.client.rpc.TestOzoneClientRetriesOnException" time="44.681"/>
  <testcase name="testMaxRetriesByOzoneClient" classname="org.apache.hadoop.ozone.client.rpc.TestOzoneClientRetriesOnException" time="124.119">
    <error message="Failed to command cmdType: CreateContainer&#10;containerID: 1&#10;datanodeUuid: &quot;1bd0f68f-f4aa-4051-9d98-01d4be462bcd&quot;&#10;createContainer {&#10;}&#10;" type="java.io.IOException">java.io.IOException: 
Failed to command cmdType: CreateContainer
containerID: 1
datanodeUuid: "1bd0f68f-f4aa-4051-9d98-01d4be462bcd"
createContainer {
}

	at org.apache.hadoop.hdds.scm.XceiverClientSpi.sendCommand(XceiverClientSpi.java:113)
	at org.apache.hadoop.ozone.client.rpc.TestOzoneClientRetriesOnException.testMaxRetriesByOzoneClient(TestOzoneClientRetriesOnException.java:190)
	at sun.reflect.NativeMethodAccessorImpl.invoke0(Native Method)
	at sun.reflect.NativeMethodAccessorImpl.invoke(NativeMethodAccessorImpl.java:62)
	at sun.reflect.DelegatingMethodAccessorImpl.invoke(DelegatingMethodAccessorImpl.java:43)
	at java.lang.reflect.Method.invoke(Method.java:498)
	at org.junit.runners.model.FrameworkMethod$1.runReflectiveCall(FrameworkMethod.java:47)
	at org.junit.internal.runners.model.ReflectiveCallable.run(ReflectiveCallable.java:12)
	at org.junit.runners.model.FrameworkMethod.invokeExplosively(FrameworkMethod.java:44)
	at org.junit.internal.runners.statements.InvokeMethod.evaluate(InvokeMethod.java:17)
	at org.junit.internal.runners.statements.RunBefores.evaluate(RunBefores.java:26)
	at org.junit.internal.runners.statements.RunAfters.evaluate(RunAfters.java:27)
	at org.junit.runners.ParentRunner.runLeaf(ParentRunner.java:271)
	at org.junit.runners.BlockJUnit4ClassRunner.runChild(BlockJUnit4ClassRunner.java:70)
	at org.junit.runners.BlockJUnit4ClassRunner.runChild(BlockJUnit4ClassRunner.java:50)
	at org.junit.runners.ParentRunner$3.run(ParentRunner.java:238)
	at org.junit.runners.ParentRunner$1.schedule(ParentRunner.java:63)
	at org.junit.runners.ParentRunner.runChildren(ParentRunner.java:236)
	at org.junit.runners.ParentRunner.access$000(ParentRunner.java:53)
	at org.junit.runners.ParentRunner$2.evaluate(ParentRunner.java:229)
	at org.junit.runners.ParentRunner.run(ParentRunner.java:309)
	at org.apache.maven.surefire.junit4.JUnit4Provider.execute(JUnit4Provider.java:365)
	at org.apache.maven.surefire.junit4.JUnit4Provider.executeWithRerun(JUnit4Provider.java:273)
	at org.apache.maven.surefire.junit4.JUnit4Provider.executeTestSet(JUnit4Provider.java:238)
	at org.apache.maven.surefire.junit4.JUnit4Provider.invoke(JUnit4Provider.java:159)
	at org.apache.maven.surefire.booter.ForkedBooter.invokeProviderInSameClassLoader(ForkedBooter.java:384)
	at org.apache.maven.surefire.booter.ForkedBooter.runSuitesInProcess(ForkedBooter.java:345)
	at org.apache.maven.surefire.booter.ForkedBooter.execute(ForkedBooter.java:126)
	at org.apache.maven.surefire.booter.ForkedBooter.main(ForkedBooter.java:418)
Caused by: java.util.concurrent.ExecutionException: org.apache.ratis.protocol.RaftRetryFailureException: Failed RaftClientRequest:client-7E447A684545->13e42da7-b798-4787-94f3-5705de2dc0e3@group-F508A6BF04EB, cid=44, seq=4*, RW, org.apache.hadoop.hdds.scm.XceiverClientRatis$$Lambda$344/1223360538@f1441b6 for 180 attempts with RetryLimited(maxAttempts=180, sleepTime=1000ms)
	at java.util.concurrent.CompletableFuture.reportGet(CompletableFuture.java:357)
	at java.util.concurrent.CompletableFuture.get(CompletableFuture.java:1895)
	at org.apache.hadoop.hdds.scm.XceiverClientSpi.sendCommand(XceiverClientSpi.java:110)
	... 28 more
Caused by: org.apache.ratis.protocol.RaftRetryFailureException: Failed RaftClientRequest:client-7E447A684545->13e42da7-b798-4787-94f3-5705de2dc0e3@group-F508A6BF04EB, cid=44, seq=4*, RW, org.apache.hadoop.hdds.scm.XceiverClientRatis$$Lambda$344/1223360538@f1441b6 for 180 attempts with RetryLimited(maxAttempts=180, sleepTime=1000ms)
	at org.apache.ratis.client.impl.RaftClientImpl.noMoreRetries(RaftClientImpl.java:271)
	at org.apache.ratis.client.impl.OrderedAsync.handleAsyncRetryFailure(OrderedAsync.java:138)
	at org.apache.ratis.client.impl.OrderedAsync.lambda$sendRequest$10(OrderedAsync.java:230)
	at java.util.concurrent.CompletableFuture.uniExceptionally(CompletableFuture.java:870)
	at java.util.concurrent.CompletableFuture$UniExceptionally.tryFire(CompletableFuture.java:852)
	at java.util.concurrent.CompletableFuture.postComplete(CompletableFuture.java:474)
	at java.util.concurrent.CompletableFuture.completeExceptionally(CompletableFuture.java:1977)
	at org.apache.ratis.grpc.client.GrpcClientProtocolClient$AsyncStreamObservers.completeReplyExceptionally(GrpcClientProtocolClient.java:339)
	at org.apache.ratis.grpc.client.GrpcClientProtocolClient$AsyncStreamObservers.access$000(GrpcClientProtocolClient.java:255)
	at org.apache.ratis.grpc.client.GrpcClientProtocolClient$AsyncStreamObservers$1.onNext(GrpcClientProtocolClient.java:267)
	at org.apache.ratis.grpc.client.GrpcClientProtocolClient$AsyncStreamObservers$1.onNext(GrpcClientProtocolClient.java:258)
	at org.apache.ratis.thirdparty.io.grpc.stub.ClientCalls$StreamObserverToCallListenerAdapter.onMessage(ClientCalls.java:421)
	at org.apache.ratis.thirdparty.io.grpc.ForwardingClientCallListener.onMessage(ForwardingClientCallListener.java:33)
	at org.apache.ratis.thirdparty.io.grpc.ForwardingClientCallListener.onMessage(ForwardingClientCallListener.java:33)
	at org.apache.ratis.thirdparty.io.grpc.internal.ClientCallImpl$ClientStreamListenerImpl$1MessagesAvailable.runInContext(ClientCallImpl.java:519)
	at org.apache.ratis.thirdparty.io.grpc.internal.ContextRunnable.run(ContextRunnable.java:37)
	at org.apache.ratis.thirdparty.io.grpc.internal.SerializingExecutor.run(SerializingExecutor.java:123)
	at java.util.concurrent.ThreadPoolExecutor.runWorker(ThreadPoolExecutor.java:1149)
	at java.util.concurrent.ThreadPoolExecutor$Worker.run(ThreadPoolExecutor.java:624)
	at java.lang.Thread.run(Thread.java:748)
Caused by: org.apache.ratis.protocol.NotLeaderException: Server 13e42da7-b798-4787-94f3-5705de2dc0e3@group-F508A6BF04EB is not the leader 1bd0f68f-f4aa-4051-9d98-01d4be462bcd:192.168.69.108:34021
	at org.apache.ratis.client.impl.ClientProtoUtils.toRaftClientReply(ClientProtoUtils.java:243)
	at org.apache.ratis.grpc.client.GrpcClientProtocolClient$AsyncStreamObservers$1.onNext(GrpcClientProtocolClient.java:263)
	... 10 more
</error>
    <system-out><![CDATA[2019-09-18 13:45:36,312 [main] WARN  server.ServerUtils (ServerUtils.java:getScmDbDir(145)) - ozone.scm.db.dirs is not configured. We recommend adding this setting. Falling back to ozone.metadata.dirs instead.
2019-09-18 13:45:36,351 [main] WARN  server.ServerUtils (ServerUtils.java:getScmDbDir(145)) - ozone.scm.db.dirs is not configured. We recommend adding this setting. Falling back to ozone.metadata.dirs instead.
2019-09-18 13:45:36,351 [main] WARN  server.ServerUtils (ServerUtils.java:getScmDbDir(145)) - ozone.scm.db.dirs is not configured. We recommend adding this setting. Falling back to ozone.metadata.dirs instead.
2019-09-18 13:45:36,352 [main] INFO  db.DBStoreBuilder (DBStoreBuilder.java:addTable(110)) - using custom profile for table: deletedBlocks
2019-09-18 13:45:36,352 [main] INFO  db.DBStoreBuilder (DBStoreBuilder.java:processTables(161)) - Using default column profile:DBProfile.DISK for Table:deletedBlocks
2019-09-18 13:45:36,352 [main] INFO  db.DBStoreBuilder (DBStoreBuilder.java:addTable(110)) - using custom profile for table: validCerts
2019-09-18 13:45:36,353 [main] INFO  db.DBStoreBuilder (DBStoreBuilder.java:processTables(161)) - Using default column profile:DBProfile.DISK for Table:validCerts
2019-09-18 13:45:36,353 [main] INFO  db.DBStoreBuilder (DBStoreBuilder.java:addTable(110)) - using custom profile for table: revokedCerts
2019-09-18 13:45:36,353 [main] INFO  db.DBStoreBuilder (DBStoreBuilder.java:processTables(161)) - Using default column profile:DBProfile.DISK for Table:revokedCerts
2019-09-18 13:45:36,354 [main] INFO  db.DBStoreBuilder (DBStoreBuilder.java:addTable(110)) - using custom profile for table: default
2019-09-18 13:45:36,354 [main] INFO  db.DBStoreBuilder (DBStoreBuilder.java:processTables(167)) - Using default column profile:DBProfile.DISK for Table:default
2019-09-18 13:45:36,354 [main] INFO  db.DBStoreBuilder (DBStoreBuilder.java:getDbProfile(198)) - Using default options. DBProfile.DISK
2019-09-18 13:45:36,491 [main] INFO  net.NodeSchemaLoader (NodeSchemaLoader.java:loadSchemaFromFile(125)) - Loading file from sun.misc.CompoundEnumeration@3a1706e1
2019-09-18 13:45:36,491 [main] INFO  net.NodeSchemaLoader (NodeSchemaLoader.java:loadSchema(171)) - Loading network topology layer schema file
2019-09-18 13:45:36,495 [main] WARN  server.ServerUtils (ServerUtils.java:sanitizeUserArgs(70)) - ozone.scm.stale.node.interval value = 300000 is larger than max = 100000 based on the key value of ozone.scm.heartbeat.thread.interval, reset to the max value 100000.
2019-09-18 13:45:36,495 [main] WARN  server.ServerUtils (ServerUtils.java:sanitizeUserArgs(70)) - ozone.scm.stale.node.interval value = 300000 is larger than max = 100000 based on the key value of ozone.scm.heartbeat.thread.interval, reset to the max value 100000.
2019-09-18 13:45:36,495 [main] INFO  node.SCMNodeManager (SCMNodeManager.java:<init>(114)) - Entering startup safe mode.
2019-09-18 13:45:36,496 [main] INFO  algorithms.ContainerPlacementPolicyFactory (ContainerPlacementPolicyFactory.java:getPolicy(57)) - Create container placement policy of type org.apache.hadoop.hdds.scm.container.placement.algorithms.SCMContainerPlacementRandom
2019-09-18 13:45:36,497 [main] WARN  server.ServerUtils (ServerUtils.java:getScmDbDir(145)) - ozone.scm.db.dirs is not configured. We recommend adding this setting. Falling back to ozone.metadata.dirs instead.
2019-09-18 13:45:36,544 [main] INFO  pipeline.SCMPipelineManager (SCMPipelineManager.java:initializePipelineState(128)) - No pipeline exists in current db
2019-09-18 13:45:36,544 [main] WARN  server.ServerUtils (ServerUtils.java:getScmDbDir(145)) - ozone.scm.db.dirs is not configured. We recommend adding this setting. Falling back to ozone.metadata.dirs instead.
2019-09-18 13:45:36,594 [main] WARN  events.EventQueue (EventQueue.java:fireEvent(183)) - No event handler registered for event TypedEvent{payloadType=SafeModeStatus, name='SafeModeStatus'}
2019-09-18 13:45:36,595 [main] INFO  ipc.CallQueueManager (CallQueueManager.java:<init>(84)) - Using callQueue: class java.util.concurrent.LinkedBlockingQueue, queueCapacity: 2000, scheduler: class org.apache.hadoop.ipc.DefaultRpcScheduler, ipcBackoff: false.
2019-09-18 13:45:36,596 [Socket Reader #1 for port 42668] INFO  ipc.Server (Server.java:run(1074)) - Starting Socket Reader #1 for port 42668
2019-09-18 13:45:36,599 [main] INFO  ipc.CallQueueManager (CallQueueManager.java:<init>(84)) - Using callQueue: class java.util.concurrent.LinkedBlockingQueue, queueCapacity: 2000, scheduler: class org.apache.hadoop.ipc.DefaultRpcScheduler, ipcBackoff: false.
2019-09-18 13:45:36,600 [Socket Reader #1 for port 34123] INFO  ipc.Server (Server.java:run(1074)) - Starting Socket Reader #1 for port 34123
2019-09-18 13:45:36,602 [main] INFO  ipc.CallQueueManager (CallQueueManager.java:<init>(84)) - Using callQueue: class java.util.concurrent.LinkedBlockingQueue, queueCapacity: 2000, scheduler: class org.apache.hadoop.ipc.DefaultRpcScheduler, ipcBackoff: false.
2019-09-18 13:45:36,602 [Socket Reader #1 for port 33720] INFO  ipc.Server (Server.java:run(1074)) - Starting Socket Reader #1 for port 33720
2019-09-18 13:45:36,605 [main] INFO  hdfs.DFSUtil (DFSUtil.java:httpServerTemplateForNNAndJN(1641)) - Starting Web-server for scm at: http://0.0.0.0:0
2019-09-18 13:45:36,608 [main] INFO  server.AuthenticationFilter (AuthenticationFilter.java:constructSecretProvider(240)) - Unable to initialize FileSignerSecretProvider, falling back to use random secrets.
2019-09-18 13:45:36,609 [main] WARN  http.HttpRequestLog (HttpRequestLog.java:getRequestLog(97)) - Jetty request log can only be enabled using Log4j
2019-09-18 13:45:36,613 [main] INFO  http.HttpServer2 (HttpServer2.java:addGlobalFilter(975)) - Added global filter 'safety' (class=org.apache.hadoop.http.HttpServer2$QuotingInputFilter)
2019-09-18 13:45:36,614 [main] INFO  http.HttpServer2 (HttpServer2.java:addFilter(948)) - Added filter static_user_filter (class=org.apache.hadoop.http.lib.StaticUserWebFilter$StaticUserFilter) to context scm
2019-09-18 13:45:36,614 [main] INFO  http.HttpServer2 (HttpServer2.java:addFilter(958)) - Added filter static_user_filter (class=org.apache.hadoop.http.lib.StaticUserWebFilter$StaticUserFilter) to context logs
2019-09-18 13:45:36,615 [main] INFO  http.HttpServer2 (HttpServer2.java:addFilter(958)) - Added filter static_user_filter (class=org.apache.hadoop.http.lib.StaticUserWebFilter$StaticUserFilter) to context static
2019-09-18 13:45:36,619 [main] INFO  server.StorageContainerManager (StorageContainerManager.java:start(763)) - StorageContainerLocationProtocol RPC server is listening at /0.0.0.0:33720
2019-09-18 13:45:36,622 [main] WARN  impl.MetricsConfig (MetricsConfig.java:loadFirst(134)) - Cannot locate configuration: tried hadoop-metrics2-storagecontainermanager.properties,hadoop-metrics2.properties
2019-09-18 13:45:36,624 [main] INFO  impl.MetricsSystemImpl (MetricsSystemImpl.java:startTimer(374)) - Scheduled Metric snapshot period at 10 second(s).
2019-09-18 13:45:36,624 [main] INFO  impl.MetricsSystemImpl (MetricsSystemImpl.java:start(191)) - StorageContainerManager metrics system started
2019-09-18 13:45:36,688 [main] WARN  impl.MetricsSystemImpl (MetricsSystemImpl.java:register(276)) - Sink prometheus already exists!
2019-09-18 13:45:36,693 [main] INFO  server.SCMClientProtocolServer (SCMClientProtocolServer.java:start(151)) - RPC server for Client  is listening at /0.0.0.0:33720
2019-09-18 13:45:36,694 [IPC Server Responder] INFO  ipc.Server (Server.java:run(1314)) - IPC Server Responder: starting
2019-09-18 13:45:36,694 [IPC Server listener on 33720] INFO  ipc.Server (Server.java:run(1153)) - IPC Server listener on 33720: starting
2019-09-18 13:45:36,698 [main] INFO  server.StorageContainerManager (StorageContainerManager.java:start(773)) - ScmBlockLocationProtocol RPC server is listening at /0.0.0.0:34123
2019-09-18 13:45:36,698 [main] INFO  server.SCMBlockProtocolServer (SCMBlockProtocolServer.java:start(146)) - RPC server for Block Protocol is listening at /0.0.0.0:34123
2019-09-18 13:45:36,699 [IPC Server Responder] INFO  ipc.Server (Server.java:run(1314)) - IPC Server Responder: starting
2019-09-18 13:45:36,699 [IPC Server listener on 34123] INFO  ipc.Server (Server.java:run(1153)) - IPC Server listener on 34123: starting
2019-09-18 13:45:36,703 [main] INFO  server.StorageContainerManager (StorageContainerManager.java:start(777)) - ScmDatanodeProtocl RPC server is listening at /0.0.0.0:42668
2019-09-18 13:45:36,703 [main] INFO  server.SCMDatanodeProtocolServer (SCMDatanodeProtocolServer.java:start(191)) - RPC server for DataNodes is listening at /0.0.0.0:42668
2019-09-18 13:45:36,703 [IPC Server Responder] INFO  ipc.Server (Server.java:run(1314)) - IPC Server Responder: starting
2019-09-18 13:45:36,703 [IPC Server listener on 42668] INFO  ipc.Server (Server.java:run(1153)) - IPC Server listener on 42668: starting
2019-09-18 13:45:36,707 [main] INFO  http.HttpServer2 (HttpServer2.java:bindListener(1191)) - Jetty bound to port 35861
2019-09-18 13:45:36,707 [main] INFO  server.Server (Server.java:doStart(351)) - jetty-9.3.24.v20180605, build timestamp: 2018-06-05T17:11:56Z, git hash: 84205aa28f11a4f31f2a3b86d1bba2cc8ab69827
2019-09-18 13:45:36,709 [main] INFO  handler.ContextHandler (ContextHandler.java:doStart(781)) - Started o.e.j.s.ServletContextHandler@7eb200ce{/logs,file:///workdir/hadoop-ozone/integration-test/target/log,AVAILABLE}
2019-09-18 13:45:36,710 [main] INFO  handler.ContextHandler (ContextHandler.java:doStart(781)) - Started o.e.j.s.ServletContextHandler@7c2924d7{/static,file:///workdir/hadoop-ozone/integration-test/target/test-classes/webapps/static,AVAILABLE}
2019-09-18 13:45:36,716 [main] INFO  handler.ContextHandler (ContextHandler.java:doStart(781)) - Started o.e.j.w.WebAppContext@60c1663c{/,file:///workdir/hadoop-ozone/integration-test/target/test-classes/webapps/scm/,AVAILABLE}{/scm}
2019-09-18 13:45:36,716 [main] INFO  server.AbstractConnector (AbstractConnector.java:doStart(278)) - Started ServerConnector@f5cf29b{HTTP/1.1,[http/1.1]}{0.0.0.0:35861}
2019-09-18 13:45:36,717 [main] INFO  server.Server (Server.java:doStart(419)) - Started @45729ms
2019-09-18 13:45:36,718 [main] WARN  impl.MetricsSystemImpl (MetricsSystemImpl.java:register(276)) - Sink prometheus already exists!
2019-09-18 13:45:36,718 [main] INFO  server.BaseHttpServer (BaseHttpServer.java:updateConnectorAddress(215)) - HTTP server of SCM is listening at http://0.0.0.0:35861
2019-09-18 13:45:36,720 [main] WARN  server.ServerUtils (ServerUtils.java:getDBPath(222)) - ozone.om.db.dirs is not configured. We recommend adding this setting. Falling back to ozone.metadata.dirs instead.
2019-09-18 13:45:36,720 [org.apache.hadoop.util.JvmPauseMonitor$Monitor@37e69c43] INFO  util.JvmPauseMonitor (JvmPauseMonitor.java:run(188)) - Starting JVM pause monitor
2019-09-18 13:45:36,734 [main] WARN  server.ServerUtils (ServerUtils.java:getDBPath(222)) - ozone.om.db.dirs is not configured. We recommend adding this setting. Falling back to ozone.metadata.dirs instead.
2019-09-18 13:45:36,734 [main] WARN  server.ServerUtils (ServerUtils.java:getDBPath(222)) - ozone.om.db.dirs is not configured. We recommend adding this setting. Falling back to ozone.metadata.dirs instead.
2019-09-18 13:45:36,735 [main] INFO  om.OzoneManager (OzoneManager.java:setOMNodeDetails(649)) - OM Service ID is not set. Setting it to the default ID: omServiceIdDefault
2019-09-18 13:45:36,735 [main] INFO  om.OzoneManager (OzoneManager.java:setOMNodeDetails(655)) - OM Node ID is not set. Setting it to the OmStorage's OmID: 8a8c488a-dad5-4c84-863b-151df8764c50
2019-09-18 13:45:36,735 [main] INFO  om.OzoneManager (OzoneManager.java:loadOMHAConfigs(606)) - Found matching OM address with OMServiceId: null, OMNodeId: null, RPC Address: localhost:0 and Ratis port: 9872
2019-09-18 13:45:36,743 [main] WARN  server.ServerUtils (ServerUtils.java:getDBPath(222)) - ozone.om.db.dirs is not configured. We recommend adding this setting. Falling back to ozone.metadata.dirs instead.
2019-09-18 13:45:36,743 [main] INFO  db.DBStoreBuilder (DBStoreBuilder.java:addTable(110)) - using custom profile for table: userTable
2019-09-18 13:45:36,744 [main] INFO  db.DBStoreBuilder (DBStoreBuilder.java:processTables(161)) - Using default column profile:DBProfile.DISK for Table:userTable
2019-09-18 13:45:36,744 [main] INFO  db.DBStoreBuilder (DBStoreBuilder.java:addTable(110)) - using custom profile for table: volumeTable
2019-09-18 13:45:36,744 [main] INFO  db.DBStoreBuilder (DBStoreBuilder.java:processTables(161)) - Using default column profile:DBProfile.DISK for Table:volumeTable
2019-09-18 13:45:36,744 [main] INFO  db.DBStoreBuilder (DBStoreBuilder.java:addTable(110)) - using custom profile for table: bucketTable
2019-09-18 13:45:36,744 [main] INFO  db.DBStoreBuilder (DBStoreBuilder.java:processTables(161)) - Using default column profile:DBProfile.DISK for Table:bucketTable
2019-09-18 13:45:36,745 [main] INFO  db.DBStoreBuilder (DBStoreBuilder.java:addTable(110)) - using custom profile for table: keyTable
2019-09-18 13:45:36,745 [main] INFO  db.DBStoreBuilder (DBStoreBuilder.java:processTables(161)) - Using default column profile:DBProfile.DISK for Table:keyTable
2019-09-18 13:45:36,745 [main] INFO  db.DBStoreBuilder (DBStoreBuilder.java:addTable(110)) - using custom profile for table: deletedTable
2019-09-18 13:45:36,745 [main] INFO  db.DBStoreBuilder (DBStoreBuilder.java:processTables(161)) - Using default column profile:DBProfile.DISK for Table:deletedTable
2019-09-18 13:45:36,746 [main] INFO  db.DBStoreBuilder (DBStoreBuilder.java:addTable(110)) - using custom profile for table: openKeyTable
2019-09-18 13:45:36,746 [main] INFO  db.DBStoreBuilder (DBStoreBuilder.java:processTables(161)) - Using default column profile:DBProfile.DISK for Table:openKeyTable
2019-09-18 13:45:36,746 [main] INFO  db.DBStoreBuilder (DBStoreBuilder.java:addTable(110)) - using custom profile for table: s3Table
2019-09-18 13:45:36,746 [main] INFO  db.DBStoreBuilder (DBStoreBuilder.java:processTables(161)) - Using default column profile:DBProfile.DISK for Table:s3Table
2019-09-18 13:45:36,747 [main] INFO  db.DBStoreBuilder (DBStoreBuilder.java:addTable(110)) - using custom profile for table: multipartInfoTable
2019-09-18 13:45:36,747 [main] INFO  db.DBStoreBuilder (DBStoreBuilder.java:processTables(161)) - Using default column profile:DBProfile.DISK for Table:multipartInfoTable
2019-09-18 13:45:36,747 [main] INFO  db.DBStoreBuilder (DBStoreBuilder.java:addTable(110)) - using custom profile for table: dTokenTable
2019-09-18 13:45:36,747 [main] INFO  db.DBStoreBuilder (DBStoreBuilder.java:processTables(161)) - Using default column profile:DBProfile.DISK for Table:dTokenTable
2019-09-18 13:45:36,747 [main] INFO  db.DBStoreBuilder (DBStoreBuilder.java:addTable(110)) - using custom profile for table: s3SecretTable
2019-09-18 13:45:36,748 [main] INFO  db.DBStoreBuilder (DBStoreBuilder.java:processTables(161)) - Using default column profile:DBProfile.DISK for Table:s3SecretTable
2019-09-18 13:45:36,748 [main] INFO  db.DBStoreBuilder (DBStoreBuilder.java:addTable(110)) - using custom profile for table: prefixTable
2019-09-18 13:45:36,748 [main] INFO  db.DBStoreBuilder (DBStoreBuilder.java:processTables(161)) - Using default column profile:DBProfile.DISK for Table:prefixTable
2019-09-18 13:45:36,748 [main] INFO  db.DBStoreBuilder (DBStoreBuilder.java:addTable(110)) - using custom profile for table: default
2019-09-18 13:45:36,749 [main] INFO  db.DBStoreBuilder (DBStoreBuilder.java:processTables(167)) - Using default column profile:DBProfile.DISK for Table:default
2019-09-18 13:45:36,749 [main] INFO  db.DBStoreBuilder (DBStoreBuilder.java:getDbProfile(198)) - Using default options. DBProfile.DISK
2019-09-18 13:45:37,215 [main] INFO  ipc.CallQueueManager (CallQueueManager.java:<init>(84)) - Using callQueue: class java.util.concurrent.LinkedBlockingQueue, queueCapacity: 2000, scheduler: class org.apache.hadoop.ipc.DefaultRpcScheduler, ipcBackoff: false.
2019-09-18 13:45:37,216 [Socket Reader #1 for port 35736] INFO  ipc.Server (Server.java:run(1074)) - Starting Socket Reader #1 for port 35736
2019-09-18 13:45:37,232 [main] INFO  om.OzoneManager (OzoneManager.java:start(1240)) - OzoneManager RPC server is listening at localhost/127.0.0.1:35736
2019-09-18 13:45:37,232 [main] INFO  impl.MetricsSystemImpl (MetricsSystemImpl.java:init(158)) - OzoneManager metrics system started (again)
2019-09-18 13:45:37,233 [IPC Server Responder] INFO  ipc.Server (Server.java:run(1314)) - IPC Server Responder: starting
2019-09-18 13:45:37,233 [IPC Server listener on 35736] INFO  ipc.Server (Server.java:run(1153)) - IPC Server listener on 35736: starting
2019-09-18 13:45:37,240 [main] INFO  hdfs.DFSUtil (DFSUtil.java:httpServerTemplateForNNAndJN(1641)) - Starting Web-server for ozoneManager at: http://0.0.0.0:0
2019-09-18 13:45:37,242 [main] INFO  server.AuthenticationFilter (AuthenticationFilter.java:constructSecretProvider(240)) - Unable to initialize FileSignerSecretProvider, falling back to use random secrets.
2019-09-18 13:45:37,242 [main] WARN  http.HttpRequestLog (HttpRequestLog.java:getRequestLog(97)) - Jetty request log can only be enabled using Log4j
2019-09-18 13:45:37,246 [main] INFO  http.HttpServer2 (HttpServer2.java:addGlobalFilter(975)) - Added global filter 'safety' (class=org.apache.hadoop.http.HttpServer2$QuotingInputFilter)
2019-09-18 13:45:37,247 [main] INFO  http.HttpServer2 (HttpServer2.java:addFilter(948)) - Added filter static_user_filter (class=org.apache.hadoop.http.lib.StaticUserWebFilter$StaticUserFilter) to context ozoneManager
2019-09-18 13:45:37,247 [main] INFO  http.HttpServer2 (HttpServer2.java:addFilter(958)) - Added filter static_user_filter (class=org.apache.hadoop.http.lib.StaticUserWebFilter$StaticUserFilter) to context logs
2019-09-18 13:45:37,247 [main] INFO  http.HttpServer2 (HttpServer2.java:addFilter(958)) - Added filter static_user_filter (class=org.apache.hadoop.http.lib.StaticUserWebFilter$StaticUserFilter) to context static
2019-09-18 13:45:37,248 [main] INFO  http.HttpServer2 (HttpServer2.java:bindListener(1191)) - Jetty bound to port 39963
2019-09-18 13:45:37,249 [main] INFO  server.Server (Server.java:doStart(351)) - jetty-9.3.24.v20180605, build timestamp: 2018-06-05T17:11:56Z, git hash: 84205aa28f11a4f31f2a3b86d1bba2cc8ab69827
2019-09-18 13:45:37,251 [main] INFO  handler.ContextHandler (ContextHandler.java:doStart(781)) - Started o.e.j.s.ServletContextHandler@d2e6b0b{/logs,file:///workdir/hadoop-ozone/integration-test/target/log,AVAILABLE}
2019-09-18 13:45:37,252 [main] INFO  handler.ContextHandler (ContextHandler.java:doStart(781)) - Started o.e.j.s.ServletContextHandler@228bda54{/static,file:///workdir/hadoop-ozone/integration-test/target/test-classes/webapps/static,AVAILABLE}
2019-09-18 13:45:37,258 [main] INFO  handler.ContextHandler (ContextHandler.java:doStart(781)) - Started o.e.j.w.WebAppContext@6d33a66e{/,file:///workdir/hadoop-ozone/integration-test/target/test-classes/webapps/ozoneManager/,AVAILABLE}{/ozoneManager}
2019-09-18 13:45:37,258 [main] INFO  server.AbstractConnector (AbstractConnector.java:doStart(278)) - Started ServerConnector@2f14b0f6{HTTP/1.1,[http/1.1]}{0.0.0.0:39963}
2019-09-18 13:45:37,260 [main] INFO  server.Server (Server.java:doStart(419)) - Started @46271ms
2019-09-18 13:45:37,260 [main] WARN  impl.MetricsSystemImpl (MetricsSystemImpl.java:register(276)) - Sink prometheus already exists!
2019-09-18 13:45:37,261 [main] INFO  server.BaseHttpServer (BaseHttpServer.java:updateConnectorAddress(215)) - HTTP server of OZONEMANAGER is listening at http://0.0.0.0:39963
2019-09-18 13:45:37,291 [main] INFO  impl.MetricsSystemImpl (MetricsSystemImpl.java:init(158)) - HddsDatanode metrics system started (again)
2019-09-18 13:45:37,295 [main] INFO  ozone.HddsDatanodeService (HddsDatanodeService.java:start(184)) - HddsDatanodeService host:pr-hdds-2141-4zm8s-3863693661 ip:192.168.69.108
2019-09-18 13:45:37,304 [main] INFO  volume.HddsVolume (HddsVolume.java:<init>(176)) - Creating Volume: /workdir/hadoop-ozone/integration-test/target/test-dir/MiniOzoneClusterImpl-5927a352-8e01-48c7-b674-de64d96b5a66/datanode-0/data/containers/hdds of  storage type : DISK and capacity : 1482555576320
2019-09-18 13:45:37,304 [main] INFO  volume.VolumeSet (VolumeSet.java:initializeVolumeSet(170)) - Added Volume : /workdir/hadoop-ozone/integration-test/target/test-dir/MiniOzoneClusterImpl-5927a352-8e01-48c7-b674-de64d96b5a66/datanode-0/data/containers/hdds to VolumeSet
2019-09-18 13:45:37,305 [main] INFO  volume.ThrottledAsyncChecker (ThrottledAsyncChecker.java:schedule(139)) - Scheduling a check for org.apache.hadoop.ozone.container.common.volume.HddsVolume@fb49fdf
2019-09-18 13:45:37,305 [main] INFO  volume.HddsVolumeChecker (HddsVolumeChecker.java:checkAllVolumes(202)) - Scheduled health check for volume org.apache.hadoop.ozone.container.common.volume.HddsVolume@fb49fdf
2019-09-18 13:45:37,326 [main] INFO  impl.RaftServerProxy (ConfUtils.java:logGet(43)) - raft.rpc.type = GRPC (default)
2019-09-18 13:45:37,326 [main] INFO  grpc.GrpcFactory (GrpcFactory.java:checkPooledByteBufAllocatorUseCacheForAllThreads(45)) - PERFORMANCE WARNING: useCacheForAllThreads is true that may cause Netty to create a lot garbage objects and, as a result, trigger GC.
	It is recommended to disable useCacheForAllThreads by setting -Dorg.apache.ratis.thirdparty.io.netty.allocator.useCacheForAllThreads=false in command line.
2019-09-18 13:45:37,327 [main] INFO  grpc.GrpcConfigKeys$Server (ConfUtils.java:logGet(43)) - raft.grpc.server.port = 0 (default)
2019-09-18 13:45:37,327 [main] INFO  server.GrpcService (ConfUtils.java:logGet(43)) - raft.grpc.message.size.max = 33570816 (custom)
2019-09-18 13:45:37,327 [main] INFO  server.RaftServerConfigKeys (ConfUtils.java:logGet(43)) - raft.server.log.appender.buffer.byte-limit = 33554432 (custom)
2019-09-18 13:45:37,327 [main] INFO  server.GrpcService (ConfUtils.java:logGet(43)) - raft.grpc.flow.control.window = 1MB (=1048576) (default)
2019-09-18 13:45:37,327 [main] INFO  server.RaftServerConfigKeys (ConfUtils.java:logGet(43)) - raft.server.rpc.request.timeout = 3000ms (default)
2019-09-18 13:45:37,328 [main] INFO  server.RaftServerConfigKeys (ConfUtils.java:logGet(43)) - raft.server.storage.dir = [/workdir/hadoop-ozone/integration-test/target/test-dir/MiniOzoneClusterImpl-5927a352-8e01-48c7-b674-de64d96b5a66/datanode-0/data/ratis] (custom)
2019-09-18 13:45:37,330 [main] INFO  hdfs.DFSUtil (DFSUtil.java:httpServerTemplateForNNAndJN(1641)) - Starting Web-server for hddsDatanode at: http://0.0.0.0:0
2019-09-18 13:45:37,332 [main] INFO  server.AuthenticationFilter (AuthenticationFilter.java:constructSecretProvider(240)) - Unable to initialize FileSignerSecretProvider, falling back to use random secrets.
2019-09-18 13:45:37,332 [main] WARN  http.HttpRequestLog (HttpRequestLog.java:getRequestLog(97)) - Jetty request log can only be enabled using Log4j
2019-09-18 13:45:37,334 [main] INFO  http.HttpServer2 (HttpServer2.java:addGlobalFilter(975)) - Added global filter 'safety' (class=org.apache.hadoop.http.HttpServer2$QuotingInputFilter)
2019-09-18 13:45:37,335 [main] INFO  http.HttpServer2 (HttpServer2.java:addFilter(948)) - Added filter static_user_filter (class=org.apache.hadoop.http.lib.StaticUserWebFilter$StaticUserFilter) to context hddsDatanode
2019-09-18 13:45:37,335 [main] INFO  http.HttpServer2 (HttpServer2.java:addFilter(958)) - Added filter static_user_filter (class=org.apache.hadoop.http.lib.StaticUserWebFilter$StaticUserFilter) to context logs
2019-09-18 13:45:37,335 [main] INFO  http.HttpServer2 (HttpServer2.java:addFilter(958)) - Added filter static_user_filter (class=org.apache.hadoop.http.lib.StaticUserWebFilter$StaticUserFilter) to context static
2019-09-18 13:45:37,336 [main] INFO  http.HttpServer2 (HttpServer2.java:bindListener(1191)) - Jetty bound to port 37193
2019-09-18 13:45:37,336 [main] INFO  server.Server (Server.java:doStart(351)) - jetty-9.3.24.v20180605, build timestamp: 2018-06-05T17:11:56Z, git hash: 84205aa28f11a4f31f2a3b86d1bba2cc8ab69827
2019-09-18 13:45:37,338 [main] INFO  handler.ContextHandler (ContextHandler.java:doStart(781)) - Started o.e.j.s.ServletContextHandler@786ff1cb{/logs,file:///workdir/hadoop-ozone/integration-test/target/log,AVAILABLE}
2019-09-18 13:45:37,339 [main] INFO  handler.ContextHandler (ContextHandler.java:doStart(781)) - Started o.e.j.s.ServletContextHandler@431e86b1{/static,jar:file:/home/user/.m2/repository/org/apache/hadoop/hadoop-hdds-container-service/0.5.0-SNAPSHOT/hadoop-hdds-container-service-0.5.0-SNAPSHOT.jar!/webapps/static,AVAILABLE}
2019-09-18 13:45:37,370 [main] INFO  handler.ContextHandler (ContextHandler.java:doStart(781)) - Started o.e.j.w.WebAppContext@63300c4b{/,file:///tmp/jetty-0.0.0.0-37193-hddsDatanode-_-any-6119786837024447053.dir/webapp/,AVAILABLE}{/hddsDatanode}
2019-09-18 13:45:37,371 [main] INFO  server.AbstractConnector (AbstractConnector.java:doStart(278)) - Started ServerConnector@22c53d82{HTTP/1.1,[http/1.1]}{0.0.0.0:37193}
2019-09-18 13:45:37,372 [main] INFO  server.Server (Server.java:doStart(419)) - Started @46383ms
2019-09-18 13:45:37,372 [main] WARN  impl.MetricsSystemImpl (MetricsSystemImpl.java:register(276)) - Sink prometheus already exists!
2019-09-18 13:45:37,373 [main] INFO  server.BaseHttpServer (BaseHttpServer.java:updateConnectorAddress(215)) - HTTP server of HDDSDATANODE is listening at http://0.0.0.0:37193
2019-09-18 13:45:37,373 [main] INFO  impl.MetricsSystemImpl (MetricsSystemImpl.java:init(158)) - HddsDatanode metrics system started (again)
2019-09-18 13:45:37,378 [org.apache.hadoop.util.JvmPauseMonitor$Monitor@6e7f46a1] INFO  util.JvmPauseMonitor (JvmPauseMonitor.java:run(188)) - Starting JVM pause monitor
2019-09-18 13:45:37,378 [main] INFO  ozone.HddsDatanodeService (HddsDatanodeService.java:start(184)) - HddsDatanodeService host:pr-hdds-2141-4zm8s-3863693661 ip:192.168.69.108
2019-09-18 13:45:37,382 [Datanode State Machine Thread - 0] INFO  datanode.InitDatanodeState (InitDatanodeState.java:persistContainerDatanodeDetails(140)) - DatanodeDetails is persisted to /workdir/hadoop-ozone/integration-test/target/test-dir/MiniOzoneClusterImpl-5927a352-8e01-48c7-b674-de64d96b5a66/datanode-0/meta/datanode.id
2019-09-18 13:45:37,385 [main] INFO  volume.HddsVolume (HddsVolume.java:<init>(176)) - Creating Volume: /workdir/hadoop-ozone/integration-test/target/test-dir/MiniOzoneClusterImpl-5927a352-8e01-48c7-b674-de64d96b5a66/datanode-1/data/containers/hdds of  storage type : DISK and capacity : 1482555576320
2019-09-18 13:45:37,385 [main] INFO  volume.VolumeSet (VolumeSet.java:initializeVolumeSet(170)) - Added Volume : /workdir/hadoop-ozone/integration-test/target/test-dir/MiniOzoneClusterImpl-5927a352-8e01-48c7-b674-de64d96b5a66/datanode-1/data/containers/hdds to VolumeSet
2019-09-18 13:45:37,386 [main] INFO  volume.ThrottledAsyncChecker (ThrottledAsyncChecker.java:schedule(139)) - Scheduling a check for org.apache.hadoop.ozone.container.common.volume.HddsVolume@3eb292cd
2019-09-18 13:45:37,386 [main] INFO  volume.HddsVolumeChecker (HddsVolumeChecker.java:checkAllVolumes(202)) - Scheduled health check for volume org.apache.hadoop.ozone.container.common.volume.HddsVolume@3eb292cd
2019-09-18 13:45:37,400 [main] INFO  impl.RaftServerProxy (ConfUtils.java:logGet(43)) - raft.rpc.type = GRPC (default)
2019-09-18 13:45:37,400 [main] INFO  grpc.GrpcFactory (GrpcFactory.java:checkPooledByteBufAllocatorUseCacheForAllThreads(45)) - PERFORMANCE WARNING: useCacheForAllThreads is true that may cause Netty to create a lot garbage objects and, as a result, trigger GC.
	It is recommended to disable useCacheForAllThreads by setting -Dorg.apache.ratis.thirdparty.io.netty.allocator.useCacheForAllThreads=false in command line.
2019-09-18 13:45:37,400 [main] INFO  grpc.GrpcConfigKeys$Server (ConfUtils.java:logGet(43)) - raft.grpc.server.port = 0 (default)
2019-09-18 13:45:37,401 [main] INFO  server.GrpcService (ConfUtils.java:logGet(43)) - raft.grpc.message.size.max = 33570816 (custom)
2019-09-18 13:45:37,401 [main] INFO  server.RaftServerConfigKeys (ConfUtils.java:logGet(43)) - raft.server.log.appender.buffer.byte-limit = 33554432 (custom)
2019-09-18 13:45:37,401 [main] INFO  server.GrpcService (ConfUtils.java:logGet(43)) - raft.grpc.flow.control.window = 1MB (=1048576) (default)
2019-09-18 13:45:37,401 [main] INFO  server.RaftServerConfigKeys (ConfUtils.java:logGet(43)) - raft.server.rpc.request.timeout = 3000ms (default)
2019-09-18 13:45:37,402 [main] INFO  server.RaftServerConfigKeys (ConfUtils.java:logGet(43)) - raft.server.storage.dir = [/workdir/hadoop-ozone/integration-test/target/test-dir/MiniOzoneClusterImpl-5927a352-8e01-48c7-b674-de64d96b5a66/datanode-1/data/ratis] (custom)
2019-09-18 13:45:37,403 [main] INFO  hdfs.DFSUtil (DFSUtil.java:httpServerTemplateForNNAndJN(1641)) - Starting Web-server for hddsDatanode at: http://0.0.0.0:0
2019-09-18 13:45:37,405 [main] INFO  server.AuthenticationFilter (AuthenticationFilter.java:constructSecretProvider(240)) - Unable to initialize FileSignerSecretProvider, falling back to use random secrets.
2019-09-18 13:45:37,405 [main] WARN  http.HttpRequestLog (HttpRequestLog.java:getRequestLog(97)) - Jetty request log can only be enabled using Log4j
2019-09-18 13:45:37,408 [main] INFO  http.HttpServer2 (HttpServer2.java:addGlobalFilter(975)) - Added global filter 'safety' (class=org.apache.hadoop.http.HttpServer2$QuotingInputFilter)
2019-09-18 13:45:37,408 [main] INFO  http.HttpServer2 (HttpServer2.java:addFilter(948)) - Added filter static_user_filter (class=org.apache.hadoop.http.lib.StaticUserWebFilter$StaticUserFilter) to context hddsDatanode
2019-09-18 13:45:37,409 [main] INFO  http.HttpServer2 (HttpServer2.java:addFilter(958)) - Added filter static_user_filter (class=org.apache.hadoop.http.lib.StaticUserWebFilter$StaticUserFilter) to context static
2019-09-18 13:45:37,409 [main] INFO  http.HttpServer2 (HttpServer2.java:addFilter(958)) - Added filter static_user_filter (class=org.apache.hadoop.http.lib.StaticUserWebFilter$StaticUserFilter) to context logs
2019-09-18 13:45:37,410 [main] INFO  http.HttpServer2 (HttpServer2.java:bindListener(1191)) - Jetty bound to port 36856
2019-09-18 13:45:37,410 [main] INFO  server.Server (Server.java:doStart(351)) - jetty-9.3.24.v20180605, build timestamp: 2018-06-05T17:11:56Z, git hash: 84205aa28f11a4f31f2a3b86d1bba2cc8ab69827
2019-09-18 13:45:37,412 [main] INFO  handler.ContextHandler (ContextHandler.java:doStart(781)) - Started o.e.j.s.ServletContextHandler@2954f6ab{/logs,file:///workdir/hadoop-ozone/integration-test/target/log,AVAILABLE}
2019-09-18 13:45:37,412 [main] INFO  handler.ContextHandler (ContextHandler.java:doStart(781)) - Started o.e.j.s.ServletContextHandler@163042ea{/static,jar:file:/home/user/.m2/repository/org/apache/hadoop/hadoop-hdds-container-service/0.5.0-SNAPSHOT/hadoop-hdds-container-service-0.5.0-SNAPSHOT.jar!/webapps/static,AVAILABLE}
2019-09-18 13:45:37,448 [main] INFO  handler.ContextHandler (ContextHandler.java:doStart(781)) - Started o.e.j.w.WebAppContext@60990e5c{/,file:///tmp/jetty-0.0.0.0-36856-hddsDatanode-_-any-1290537997881251243.dir/webapp/,AVAILABLE}{/hddsDatanode}
2019-09-18 13:45:37,448 [main] INFO  server.AbstractConnector (AbstractConnector.java:doStart(278)) - Started ServerConnector@4d84049a{HTTP/1.1,[http/1.1]}{0.0.0.0:36856}
2019-09-18 13:45:37,450 [main] INFO  server.Server (Server.java:doStart(419)) - Started @46461ms
2019-09-18 13:45:37,450 [main] WARN  impl.MetricsSystemImpl (MetricsSystemImpl.java:register(276)) - Sink prometheus already exists!
2019-09-18 13:45:37,451 [main] INFO  server.BaseHttpServer (BaseHttpServer.java:updateConnectorAddress(215)) - HTTP server of HDDSDATANODE is listening at http://0.0.0.0:36856
2019-09-18 13:45:37,451 [main] INFO  impl.MetricsSystemImpl (MetricsSystemImpl.java:init(158)) - HddsDatanode metrics system started (again)
2019-09-18 13:45:37,455 [main] INFO  ozone.HddsDatanodeService (HddsDatanodeService.java:start(184)) - HddsDatanodeService host:pr-hdds-2141-4zm8s-3863693661 ip:192.168.69.108
2019-09-18 13:45:37,455 [org.apache.hadoop.util.JvmPauseMonitor$Monitor@4f2ecd2d] INFO  util.JvmPauseMonitor (JvmPauseMonitor.java:run(188)) - Starting JVM pause monitor
2019-09-18 13:45:37,457 [Datanode State Machine Thread - 0] INFO  datanode.InitDatanodeState (InitDatanodeState.java:persistContainerDatanodeDetails(140)) - DatanodeDetails is persisted to /workdir/hadoop-ozone/integration-test/target/test-dir/MiniOzoneClusterImpl-5927a352-8e01-48c7-b674-de64d96b5a66/datanode-1/meta/datanode.id
2019-09-18 13:45:37,462 [main] INFO  volume.HddsVolume (HddsVolume.java:<init>(176)) - Creating Volume: /workdir/hadoop-ozone/integration-test/target/test-dir/MiniOzoneClusterImpl-5927a352-8e01-48c7-b674-de64d96b5a66/datanode-2/data/containers/hdds of  storage type : DISK and capacity : 1482555576320
2019-09-18 13:45:37,462 [main] INFO  volume.VolumeSet (VolumeSet.java:initializeVolumeSet(170)) - Added Volume : /workdir/hadoop-ozone/integration-test/target/test-dir/MiniOzoneClusterImpl-5927a352-8e01-48c7-b674-de64d96b5a66/datanode-2/data/containers/hdds to VolumeSet
2019-09-18 13:45:37,462 [main] INFO  volume.ThrottledAsyncChecker (ThrottledAsyncChecker.java:schedule(139)) - Scheduling a check for org.apache.hadoop.ozone.container.common.volume.HddsVolume@5a545b0f
2019-09-18 13:45:37,463 [main] INFO  volume.HddsVolumeChecker (HddsVolumeChecker.java:checkAllVolumes(202)) - Scheduled health check for volume org.apache.hadoop.ozone.container.common.volume.HddsVolume@5a545b0f
2019-09-18 13:45:37,477 [main] INFO  impl.RaftServerProxy (ConfUtils.java:logGet(43)) - raft.rpc.type = GRPC (default)
2019-09-18 13:45:37,477 [main] INFO  grpc.GrpcFactory (GrpcFactory.java:checkPooledByteBufAllocatorUseCacheForAllThreads(45)) - PERFORMANCE WARNING: useCacheForAllThreads is true that may cause Netty to create a lot garbage objects and, as a result, trigger GC.
	It is recommended to disable useCacheForAllThreads by setting -Dorg.apache.ratis.thirdparty.io.netty.allocator.useCacheForAllThreads=false in command line.
2019-09-18 13:45:37,477 [main] INFO  grpc.GrpcConfigKeys$Server (ConfUtils.java:logGet(43)) - raft.grpc.server.port = 0 (default)
2019-09-18 13:45:37,477 [main] INFO  server.GrpcService (ConfUtils.java:logGet(43)) - raft.grpc.message.size.max = 33570816 (custom)
2019-09-18 13:45:37,477 [main] INFO  server.RaftServerConfigKeys (ConfUtils.java:logGet(43)) - raft.server.log.appender.buffer.byte-limit = 33554432 (custom)
2019-09-18 13:45:37,478 [main] INFO  server.GrpcService (ConfUtils.java:logGet(43)) - raft.grpc.flow.control.window = 1MB (=1048576) (default)
2019-09-18 13:45:37,478 [main] INFO  server.RaftServerConfigKeys (ConfUtils.java:logGet(43)) - raft.server.rpc.request.timeout = 3000ms (default)
2019-09-18 13:45:37,478 [main] INFO  server.RaftServerConfigKeys (ConfUtils.java:logGet(43)) - raft.server.storage.dir = [/workdir/hadoop-ozone/integration-test/target/test-dir/MiniOzoneClusterImpl-5927a352-8e01-48c7-b674-de64d96b5a66/datanode-2/data/ratis] (custom)
2019-09-18 13:45:37,479 [main] INFO  hdfs.DFSUtil (DFSUtil.java:httpServerTemplateForNNAndJN(1641)) - Starting Web-server for hddsDatanode at: http://0.0.0.0:0
2019-09-18 13:45:37,480 [main] INFO  server.AuthenticationFilter (AuthenticationFilter.java:constructSecretProvider(240)) - Unable to initialize FileSignerSecretProvider, falling back to use random secrets.
2019-09-18 13:45:37,481 [main] WARN  http.HttpRequestLog (HttpRequestLog.java:getRequestLog(97)) - Jetty request log can only be enabled using Log4j
2019-09-18 13:45:37,482 [main] INFO  http.HttpServer2 (HttpServer2.java:addGlobalFilter(975)) - Added global filter 'safety' (class=org.apache.hadoop.http.HttpServer2$QuotingInputFilter)
2019-09-18 13:45:37,483 [main] INFO  http.HttpServer2 (HttpServer2.java:addFilter(948)) - Added filter static_user_filter (class=org.apache.hadoop.http.lib.StaticUserWebFilter$StaticUserFilter) to context hddsDatanode
2019-09-18 13:45:37,483 [main] INFO  http.HttpServer2 (HttpServer2.java:addFilter(958)) - Added filter static_user_filter (class=org.apache.hadoop.http.lib.StaticUserWebFilter$StaticUserFilter) to context logs
2019-09-18 13:45:37,483 [main] INFO  http.HttpServer2 (HttpServer2.java:addFilter(958)) - Added filter static_user_filter (class=org.apache.hadoop.http.lib.StaticUserWebFilter$StaticUserFilter) to context static
2019-09-18 13:45:37,484 [main] INFO  http.HttpServer2 (HttpServer2.java:bindListener(1191)) - Jetty bound to port 34131
2019-09-18 13:45:37,484 [main] INFO  server.Server (Server.java:doStart(351)) - jetty-9.3.24.v20180605, build timestamp: 2018-06-05T17:11:56Z, git hash: 84205aa28f11a4f31f2a3b86d1bba2cc8ab69827
2019-09-18 13:45:37,486 [main] INFO  handler.ContextHandler (ContextHandler.java:doStart(781)) - Started o.e.j.s.ServletContextHandler@111d5c97{/logs,file:///workdir/hadoop-ozone/integration-test/target/log,AVAILABLE}
2019-09-18 13:45:37,486 [main] INFO  handler.ContextHandler (ContextHandler.java:doStart(781)) - Started o.e.j.s.ServletContextHandler@250a9031{/static,jar:file:/home/user/.m2/repository/org/apache/hadoop/hadoop-hdds-container-service/0.5.0-SNAPSHOT/hadoop-hdds-container-service-0.5.0-SNAPSHOT.jar!/webapps/static,AVAILABLE}
2019-09-18 13:45:37,514 [main] INFO  handler.ContextHandler (ContextHandler.java:doStart(781)) - Started o.e.j.w.WebAppContext@64e1377c{/,file:///tmp/jetty-0.0.0.0-34131-hddsDatanode-_-any-2749843278022977392.dir/webapp/,AVAILABLE}{/hddsDatanode}
2019-09-18 13:45:37,514 [main] INFO  server.AbstractConnector (AbstractConnector.java:doStart(278)) - Started ServerConnector@b0fd744{HTTP/1.1,[http/1.1]}{0.0.0.0:34131}
2019-09-18 13:45:37,515 [main] INFO  server.Server (Server.java:doStart(419)) - Started @46527ms
2019-09-18 13:45:37,516 [main] WARN  impl.MetricsSystemImpl (MetricsSystemImpl.java:register(276)) - Sink prometheus already exists!
2019-09-18 13:45:37,516 [main] INFO  server.BaseHttpServer (BaseHttpServer.java:updateConnectorAddress(215)) - HTTP server of HDDSDATANODE is listening at http://0.0.0.0:34131
2019-09-18 13:45:37,516 [main] INFO  impl.MetricsSystemImpl (MetricsSystemImpl.java:init(158)) - HddsDatanode metrics system started (again)
2019-09-18 13:45:37,521 [org.apache.hadoop.util.JvmPauseMonitor$Monitor@337dd705] INFO  util.JvmPauseMonitor (JvmPauseMonitor.java:run(188)) - Starting JVM pause monitor
2019-09-18 13:45:37,521 [main] INFO  ozone.HddsDatanodeService (HddsDatanodeService.java:start(184)) - HddsDatanodeService host:pr-hdds-2141-4zm8s-3863693661 ip:192.168.69.108
2019-09-18 13:45:37,523 [Datanode State Machine Thread - 0] INFO  datanode.InitDatanodeState (InitDatanodeState.java:persistContainerDatanodeDetails(140)) - DatanodeDetails is persisted to /workdir/hadoop-ozone/integration-test/target/test-dir/MiniOzoneClusterImpl-5927a352-8e01-48c7-b674-de64d96b5a66/datanode-2/meta/datanode.id
2019-09-18 13:45:37,528 [main] INFO  volume.HddsVolume (HddsVolume.java:<init>(176)) - Creating Volume: /workdir/hadoop-ozone/integration-test/target/test-dir/MiniOzoneClusterImpl-5927a352-8e01-48c7-b674-de64d96b5a66/datanode-3/data/containers/hdds of  storage type : DISK and capacity : 1482555576320
2019-09-18 13:45:37,528 [main] INFO  volume.VolumeSet (VolumeSet.java:initializeVolumeSet(170)) - Added Volume : /workdir/hadoop-ozone/integration-test/target/test-dir/MiniOzoneClusterImpl-5927a352-8e01-48c7-b674-de64d96b5a66/datanode-3/data/containers/hdds to VolumeSet
2019-09-18 13:45:37,528 [main] INFO  volume.ThrottledAsyncChecker (ThrottledAsyncChecker.java:schedule(139)) - Scheduling a check for org.apache.hadoop.ozone.container.common.volume.HddsVolume@12a470dd
2019-09-18 13:45:37,529 [main] INFO  volume.HddsVolumeChecker (HddsVolumeChecker.java:checkAllVolumes(202)) - Scheduled health check for volume org.apache.hadoop.ozone.container.common.volume.HddsVolume@12a470dd
2019-09-18 13:45:37,544 [main] INFO  impl.RaftServerProxy (ConfUtils.java:logGet(43)) - raft.rpc.type = GRPC (default)
2019-09-18 13:45:37,545 [main] INFO  grpc.GrpcFactory (GrpcFactory.java:checkPooledByteBufAllocatorUseCacheForAllThreads(45)) - PERFORMANCE WARNING: useCacheForAllThreads is true that may cause Netty to create a lot garbage objects and, as a result, trigger GC.
	It is recommended to disable useCacheForAllThreads by setting -Dorg.apache.ratis.thirdparty.io.netty.allocator.useCacheForAllThreads=false in command line.
2019-09-18 13:45:37,545 [main] INFO  grpc.GrpcConfigKeys$Server (ConfUtils.java:logGet(43)) - raft.grpc.server.port = 0 (default)
2019-09-18 13:45:37,545 [main] INFO  server.GrpcService (ConfUtils.java:logGet(43)) - raft.grpc.message.size.max = 33570816 (custom)
2019-09-18 13:45:37,545 [main] INFO  server.RaftServerConfigKeys (ConfUtils.java:logGet(43)) - raft.server.log.appender.buffer.byte-limit = 33554432 (custom)
2019-09-18 13:45:37,545 [main] INFO  server.GrpcService (ConfUtils.java:logGet(43)) - raft.grpc.flow.control.window = 1MB (=1048576) (default)
2019-09-18 13:45:37,546 [main] INFO  server.RaftServerConfigKeys (ConfUtils.java:logGet(43)) - raft.server.rpc.request.timeout = 3000ms (default)
2019-09-18 13:45:37,546 [main] INFO  server.RaftServerConfigKeys (ConfUtils.java:logGet(43)) - raft.server.storage.dir = [/workdir/hadoop-ozone/integration-test/target/test-dir/MiniOzoneClusterImpl-5927a352-8e01-48c7-b674-de64d96b5a66/datanode-3/data/ratis] (custom)
2019-09-18 13:45:37,547 [main] INFO  hdfs.DFSUtil (DFSUtil.java:httpServerTemplateForNNAndJN(1641)) - Starting Web-server for hddsDatanode at: http://0.0.0.0:0
2019-09-18 13:45:37,549 [main] INFO  server.AuthenticationFilter (AuthenticationFilter.java:constructSecretProvider(240)) - Unable to initialize FileSignerSecretProvider, falling back to use random secrets.
2019-09-18 13:45:37,550 [main] WARN  http.HttpRequestLog (HttpRequestLog.java:getRequestLog(97)) - Jetty request log can only be enabled using Log4j
2019-09-18 13:45:37,552 [main] INFO  http.HttpServer2 (HttpServer2.java:addGlobalFilter(975)) - Added global filter 'safety' (class=org.apache.hadoop.http.HttpServer2$QuotingInputFilter)
2019-09-18 13:45:37,553 [main] INFO  http.HttpServer2 (HttpServer2.java:addFilter(948)) - Added filter static_user_filter (class=org.apache.hadoop.http.lib.StaticUserWebFilter$StaticUserFilter) to context hddsDatanode
2019-09-18 13:45:37,553 [main] INFO  http.HttpServer2 (HttpServer2.java:addFilter(958)) - Added filter static_user_filter (class=org.apache.hadoop.http.lib.StaticUserWebFilter$StaticUserFilter) to context static
2019-09-18 13:45:37,554 [main] INFO  http.HttpServer2 (HttpServer2.java:addFilter(958)) - Added filter static_user_filter (class=org.apache.hadoop.http.lib.StaticUserWebFilter$StaticUserFilter) to context logs
2019-09-18 13:45:37,555 [main] INFO  http.HttpServer2 (HttpServer2.java:bindListener(1191)) - Jetty bound to port 36177
2019-09-18 13:45:37,555 [main] INFO  server.Server (Server.java:doStart(351)) - jetty-9.3.24.v20180605, build timestamp: 2018-06-05T17:11:56Z, git hash: 84205aa28f11a4f31f2a3b86d1bba2cc8ab69827
2019-09-18 13:45:37,557 [main] INFO  handler.ContextHandler (ContextHandler.java:doStart(781)) - Started o.e.j.s.ServletContextHandler@7235f92b{/logs,file:///workdir/hadoop-ozone/integration-test/target/log,AVAILABLE}
2019-09-18 13:45:37,558 [main] INFO  handler.ContextHandler (ContextHandler.java:doStart(781)) - Started o.e.j.s.ServletContextHandler@497d4c96{/static,jar:file:/home/user/.m2/repository/org/apache/hadoop/hadoop-hdds-container-service/0.5.0-SNAPSHOT/hadoop-hdds-container-service-0.5.0-SNAPSHOT.jar!/webapps/static,AVAILABLE}
2019-09-18 13:45:37,598 [main] INFO  handler.ContextHandler (ContextHandler.java:doStart(781)) - Started o.e.j.w.WebAppContext@f9cab00{/,file:///tmp/jetty-0.0.0.0-36177-hddsDatanode-_-any-2504600803339260661.dir/webapp/,AVAILABLE}{/hddsDatanode}
2019-09-18 13:45:37,599 [main] INFO  server.AbstractConnector (AbstractConnector.java:doStart(278)) - Started ServerConnector@10272bbb{HTTP/1.1,[http/1.1]}{0.0.0.0:36177}
2019-09-18 13:45:37,601 [main] INFO  server.Server (Server.java:doStart(419)) - Started @46612ms
2019-09-18 13:45:37,601 [main] WARN  impl.MetricsSystemImpl (MetricsSystemImpl.java:register(276)) - Sink prometheus already exists!
2019-09-18 13:45:37,602 [main] INFO  server.BaseHttpServer (BaseHttpServer.java:updateConnectorAddress(215)) - HTTP server of HDDSDATANODE is listening at http://0.0.0.0:36177
2019-09-18 13:45:37,602 [main] INFO  impl.MetricsSystemImpl (MetricsSystemImpl.java:init(158)) - HddsDatanode metrics system started (again)
2019-09-18 13:45:37,606 [org.apache.hadoop.util.JvmPauseMonitor$Monitor@67e2d310] INFO  util.JvmPauseMonitor (JvmPauseMonitor.java:run(188)) - Starting JVM pause monitor
2019-09-18 13:45:37,607 [main] INFO  ozone.HddsDatanodeService (HddsDatanodeService.java:start(184)) - HddsDatanodeService host:pr-hdds-2141-4zm8s-3863693661 ip:192.168.69.108
2019-09-18 13:45:37,607 [Datanode State Machine Thread - 0] INFO  datanode.InitDatanodeState (InitDatanodeState.java:persistContainerDatanodeDetails(140)) - DatanodeDetails is persisted to /workdir/hadoop-ozone/integration-test/target/test-dir/MiniOzoneClusterImpl-5927a352-8e01-48c7-b674-de64d96b5a66/datanode-3/meta/datanode.id
2019-09-18 13:45:37,614 [main] INFO  volume.HddsVolume (HddsVolume.java:<init>(176)) - Creating Volume: /workdir/hadoop-ozone/integration-test/target/test-dir/MiniOzoneClusterImpl-5927a352-8e01-48c7-b674-de64d96b5a66/datanode-4/data/containers/hdds of  storage type : DISK and capacity : 1482555576320
2019-09-18 13:45:37,614 [main] INFO  volume.VolumeSet (VolumeSet.java:initializeVolumeSet(170)) - Added Volume : /workdir/hadoop-ozone/integration-test/target/test-dir/MiniOzoneClusterImpl-5927a352-8e01-48c7-b674-de64d96b5a66/datanode-4/data/containers/hdds to VolumeSet
2019-09-18 13:45:37,614 [main] INFO  volume.ThrottledAsyncChecker (ThrottledAsyncChecker.java:schedule(139)) - Scheduling a check for org.apache.hadoop.ozone.container.common.volume.HddsVolume@4debbf0
2019-09-18 13:45:37,615 [main] INFO  volume.HddsVolumeChecker (HddsVolumeChecker.java:checkAllVolumes(202)) - Scheduled health check for volume org.apache.hadoop.ozone.container.common.volume.HddsVolume@4debbf0
2019-09-18 13:45:37,632 [main] INFO  impl.RaftServerProxy (ConfUtils.java:logGet(43)) - raft.rpc.type = GRPC (default)
2019-09-18 13:45:37,632 [main] INFO  grpc.GrpcFactory (GrpcFactory.java:checkPooledByteBufAllocatorUseCacheForAllThreads(45)) - PERFORMANCE WARNING: useCacheForAllThreads is true that may cause Netty to create a lot garbage objects and, as a result, trigger GC.
	It is recommended to disable useCacheForAllThreads by setting -Dorg.apache.ratis.thirdparty.io.netty.allocator.useCacheForAllThreads=false in command line.
2019-09-18 13:45:37,633 [main] INFO  grpc.GrpcConfigKeys$Server (ConfUtils.java:logGet(43)) - raft.grpc.server.port = 0 (default)
2019-09-18 13:45:37,633 [main] INFO  server.GrpcService (ConfUtils.java:logGet(43)) - raft.grpc.message.size.max = 33570816 (custom)
2019-09-18 13:45:37,633 [main] INFO  server.RaftServerConfigKeys (ConfUtils.java:logGet(43)) - raft.server.log.appender.buffer.byte-limit = 33554432 (custom)
2019-09-18 13:45:37,633 [main] INFO  server.GrpcService (ConfUtils.java:logGet(43)) - raft.grpc.flow.control.window = 1MB (=1048576) (default)
2019-09-18 13:45:37,633 [main] INFO  server.RaftServerConfigKeys (ConfUtils.java:logGet(43)) - raft.server.rpc.request.timeout = 3000ms (default)
2019-09-18 13:45:37,634 [main] INFO  server.RaftServerConfigKeys (ConfUtils.java:logGet(43)) - raft.server.storage.dir = [/workdir/hadoop-ozone/integration-test/target/test-dir/MiniOzoneClusterImpl-5927a352-8e01-48c7-b674-de64d96b5a66/datanode-4/data/ratis] (custom)
2019-09-18 13:45:37,635 [main] INFO  hdfs.DFSUtil (DFSUtil.java:httpServerTemplateForNNAndJN(1641)) - Starting Web-server for hddsDatanode at: http://0.0.0.0:0
2019-09-18 13:45:37,638 [main] INFO  server.AuthenticationFilter (AuthenticationFilter.java:constructSecretProvider(240)) - Unable to initialize FileSignerSecretProvider, falling back to use random secrets.
2019-09-18 13:45:37,638 [main] WARN  http.HttpRequestLog (HttpRequestLog.java:getRequestLog(97)) - Jetty request log can only be enabled using Log4j
2019-09-18 13:45:37,640 [main] INFO  http.HttpServer2 (HttpServer2.java:addGlobalFilter(975)) - Added global filter 'safety' (class=org.apache.hadoop.http.HttpServer2$QuotingInputFilter)
2019-09-18 13:45:37,642 [main] INFO  http.HttpServer2 (HttpServer2.java:addFilter(948)) - Added filter static_user_filter (class=org.apache.hadoop.http.lib.StaticUserWebFilter$StaticUserFilter) to context hddsDatanode
2019-09-18 13:45:37,642 [main] INFO  http.HttpServer2 (HttpServer2.java:addFilter(958)) - Added filter static_user_filter (class=org.apache.hadoop.http.lib.StaticUserWebFilter$StaticUserFilter) to context static
2019-09-18 13:45:37,642 [main] INFO  http.HttpServer2 (HttpServer2.java:addFilter(958)) - Added filter static_user_filter (class=org.apache.hadoop.http.lib.StaticUserWebFilter$StaticUserFilter) to context logs
2019-09-18 13:45:37,643 [main] INFO  http.HttpServer2 (HttpServer2.java:bindListener(1191)) - Jetty bound to port 33137
2019-09-18 13:45:37,643 [main] INFO  server.Server (Server.java:doStart(351)) - jetty-9.3.24.v20180605, build timestamp: 2018-06-05T17:11:56Z, git hash: 84205aa28f11a4f31f2a3b86d1bba2cc8ab69827
2019-09-18 13:45:37,646 [main] INFO  handler.ContextHandler (ContextHandler.java:doStart(781)) - Started o.e.j.s.ServletContextHandler@6274670b{/logs,file:///workdir/hadoop-ozone/integration-test/target/log,AVAILABLE}
2019-09-18 13:45:37,647 [main] INFO  handler.ContextHandler (ContextHandler.java:doStart(781)) - Started o.e.j.s.ServletContextHandler@32d5279{/static,jar:file:/home/user/.m2/repository/org/apache/hadoop/hadoop-hdds-container-service/0.5.0-SNAPSHOT/hadoop-hdds-container-service-0.5.0-SNAPSHOT.jar!/webapps/static,AVAILABLE}
2019-09-18 13:45:37,690 [main] INFO  handler.ContextHandler (ContextHandler.java:doStart(781)) - Started o.e.j.w.WebAppContext@74606204{/,file:///tmp/jetty-0.0.0.0-33137-hddsDatanode-_-any-4150765084040866692.dir/webapp/,AVAILABLE}{/hddsDatanode}
2019-09-18 13:45:37,690 [main] INFO  server.AbstractConnector (AbstractConnector.java:doStart(278)) - Started ServerConnector@6b6eae52{HTTP/1.1,[http/1.1]}{0.0.0.0:33137}
2019-09-18 13:45:37,692 [main] INFO  server.Server (Server.java:doStart(419)) - Started @46703ms
2019-09-18 13:45:37,692 [main] WARN  impl.MetricsSystemImpl (MetricsSystemImpl.java:register(276)) - Sink prometheus already exists!
2019-09-18 13:45:37,693 [main] INFO  server.BaseHttpServer (BaseHttpServer.java:updateConnectorAddress(215)) - HTTP server of HDDSDATANODE is listening at http://0.0.0.0:33137
2019-09-18 13:45:37,693 [main] INFO  impl.MetricsSystemImpl (MetricsSystemImpl.java:init(158)) - HddsDatanode metrics system started (again)
2019-09-18 13:45:37,699 [org.apache.hadoop.util.JvmPauseMonitor$Monitor@2f81e37e] INFO  util.JvmPauseMonitor (JvmPauseMonitor.java:run(188)) - Starting JVM pause monitor
2019-09-18 13:45:37,700 [main] INFO  ozone.HddsDatanodeService (HddsDatanodeService.java:start(184)) - HddsDatanodeService host:pr-hdds-2141-4zm8s-3863693661 ip:192.168.69.108
2019-09-18 13:45:37,701 [Datanode State Machine Thread - 0] INFO  datanode.InitDatanodeState (InitDatanodeState.java:persistContainerDatanodeDetails(140)) - DatanodeDetails is persisted to /workdir/hadoop-ozone/integration-test/target/test-dir/MiniOzoneClusterImpl-5927a352-8e01-48c7-b674-de64d96b5a66/datanode-4/meta/datanode.id
2019-09-18 13:45:37,708 [main] INFO  volume.HddsVolume (HddsVolume.java:<init>(176)) - Creating Volume: /workdir/hadoop-ozone/integration-test/target/test-dir/MiniOzoneClusterImpl-5927a352-8e01-48c7-b674-de64d96b5a66/datanode-5/data/containers/hdds of  storage type : DISK and capacity : 1482555576320
2019-09-18 13:45:37,709 [main] INFO  volume.VolumeSet (VolumeSet.java:initializeVolumeSet(170)) - Added Volume : /workdir/hadoop-ozone/integration-test/target/test-dir/MiniOzoneClusterImpl-5927a352-8e01-48c7-b674-de64d96b5a66/datanode-5/data/containers/hdds to VolumeSet
2019-09-18 13:45:37,709 [main] INFO  volume.ThrottledAsyncChecker (ThrottledAsyncChecker.java:schedule(139)) - Scheduling a check for org.apache.hadoop.ozone.container.common.volume.HddsVolume@659f226a
2019-09-18 13:45:37,710 [main] INFO  volume.HddsVolumeChecker (HddsVolumeChecker.java:checkAllVolumes(202)) - Scheduled health check for volume org.apache.hadoop.ozone.container.common.volume.HddsVolume@659f226a
2019-09-18 13:45:37,730 [main] INFO  impl.RaftServerProxy (ConfUtils.java:logGet(43)) - raft.rpc.type = GRPC (default)
2019-09-18 13:45:37,730 [main] INFO  grpc.GrpcFactory (GrpcFactory.java:checkPooledByteBufAllocatorUseCacheForAllThreads(45)) - PERFORMANCE WARNING: useCacheForAllThreads is true that may cause Netty to create a lot garbage objects and, as a result, trigger GC.
	It is recommended to disable useCacheForAllThreads by setting -Dorg.apache.ratis.thirdparty.io.netty.allocator.useCacheForAllThreads=false in command line.
2019-09-18 13:45:37,731 [main] INFO  grpc.GrpcConfigKeys$Server (ConfUtils.java:logGet(43)) - raft.grpc.server.port = 0 (default)
2019-09-18 13:45:37,731 [main] INFO  server.GrpcService (ConfUtils.java:logGet(43)) - raft.grpc.message.size.max = 33570816 (custom)
2019-09-18 13:45:37,731 [main] INFO  server.RaftServerConfigKeys (ConfUtils.java:logGet(43)) - raft.server.log.appender.buffer.byte-limit = 33554432 (custom)
2019-09-18 13:45:37,732 [main] INFO  server.GrpcService (ConfUtils.java:logGet(43)) - raft.grpc.flow.control.window = 1MB (=1048576) (default)
2019-09-18 13:45:37,732 [main] INFO  server.RaftServerConfigKeys (ConfUtils.java:logGet(43)) - raft.server.rpc.request.timeout = 3000ms (default)
2019-09-18 13:45:37,733 [main] INFO  server.RaftServerConfigKeys (ConfUtils.java:logGet(43)) - raft.server.storage.dir = [/workdir/hadoop-ozone/integration-test/target/test-dir/MiniOzoneClusterImpl-5927a352-8e01-48c7-b674-de64d96b5a66/datanode-5/data/ratis] (custom)
2019-09-18 13:45:37,734 [main] INFO  hdfs.DFSUtil (DFSUtil.java:httpServerTemplateForNNAndJN(1641)) - Starting Web-server for hddsDatanode at: http://0.0.0.0:0
2019-09-18 13:45:37,736 [main] INFO  server.AuthenticationFilter (AuthenticationFilter.java:constructSecretProvider(240)) - Unable to initialize FileSignerSecretProvider, falling back to use random secrets.
2019-09-18 13:45:37,737 [main] WARN  http.HttpRequestLog (HttpRequestLog.java:getRequestLog(97)) - Jetty request log can only be enabled using Log4j
2019-09-18 13:45:37,739 [main] INFO  http.HttpServer2 (HttpServer2.java:addGlobalFilter(975)) - Added global filter 'safety' (class=org.apache.hadoop.http.HttpServer2$QuotingInputFilter)
2019-09-18 13:45:37,740 [main] INFO  http.HttpServer2 (HttpServer2.java:addFilter(948)) - Added filter static_user_filter (class=org.apache.hadoop.http.lib.StaticUserWebFilter$StaticUserFilter) to context hddsDatanode
2019-09-18 13:45:37,741 [main] INFO  http.HttpServer2 (HttpServer2.java:addFilter(958)) - Added filter static_user_filter (class=org.apache.hadoop.http.lib.StaticUserWebFilter$StaticUserFilter) to context static
2019-09-18 13:45:37,741 [main] INFO  http.HttpServer2 (HttpServer2.java:addFilter(958)) - Added filter static_user_filter (class=org.apache.hadoop.http.lib.StaticUserWebFilter$StaticUserFilter) to context logs
2019-09-18 13:45:37,742 [main] INFO  http.HttpServer2 (HttpServer2.java:bindListener(1191)) - Jetty bound to port 39194
2019-09-18 13:45:37,742 [main] INFO  server.Server (Server.java:doStart(351)) - jetty-9.3.24.v20180605, build timestamp: 2018-06-05T17:11:56Z, git hash: 84205aa28f11a4f31f2a3b86d1bba2cc8ab69827
2019-09-18 13:45:37,745 [main] INFO  handler.ContextHandler (ContextHandler.java:doStart(781)) - Started o.e.j.s.ServletContextHandler@36aab105{/logs,file:///workdir/hadoop-ozone/integration-test/target/log,AVAILABLE}
2019-09-18 13:45:37,746 [main] INFO  handler.ContextHandler (ContextHandler.java:doStart(781)) - Started o.e.j.s.ServletContextHandler@f29353f{/static,jar:file:/home/user/.m2/repository/org/apache/hadoop/hadoop-hdds-container-service/0.5.0-SNAPSHOT/hadoop-hdds-container-service-0.5.0-SNAPSHOT.jar!/webapps/static,AVAILABLE}
2019-09-18 13:45:37,790 [main] INFO  handler.ContextHandler (ContextHandler.java:doStart(781)) - Started o.e.j.w.WebAppContext@46e190ed{/,file:///tmp/jetty-0.0.0.0-39194-hddsDatanode-_-any-7809802535526620307.dir/webapp/,AVAILABLE}{/hddsDatanode}
2019-09-18 13:45:37,790 [main] INFO  server.AbstractConnector (AbstractConnector.java:doStart(278)) - Started ServerConnector@383c3eb3{HTTP/1.1,[http/1.1]}{0.0.0.0:39194}
2019-09-18 13:45:37,792 [main] INFO  server.Server (Server.java:doStart(419)) - Started @46803ms
2019-09-18 13:45:37,792 [main] WARN  impl.MetricsSystemImpl (MetricsSystemImpl.java:register(276)) - Sink prometheus already exists!
2019-09-18 13:45:37,792 [main] INFO  server.BaseHttpServer (BaseHttpServer.java:updateConnectorAddress(215)) - HTTP server of HDDSDATANODE is listening at http://0.0.0.0:39194
2019-09-18 13:45:37,793 [main] INFO  impl.MetricsSystemImpl (MetricsSystemImpl.java:init(158)) - HddsDatanode metrics system started (again)
2019-09-18 13:45:37,799 [org.apache.hadoop.util.JvmPauseMonitor$Monitor@721c54bd] INFO  util.JvmPauseMonitor (JvmPauseMonitor.java:run(188)) - Starting JVM pause monitor
2019-09-18 13:45:37,799 [main] INFO  ozone.HddsDatanodeService (HddsDatanodeService.java:start(184)) - HddsDatanodeService host:pr-hdds-2141-4zm8s-3863693661 ip:192.168.69.108
2019-09-18 13:45:37,801 [Datanode State Machine Thread - 0] INFO  datanode.InitDatanodeState (InitDatanodeState.java:persistContainerDatanodeDetails(140)) - DatanodeDetails is persisted to /workdir/hadoop-ozone/integration-test/target/test-dir/MiniOzoneClusterImpl-5927a352-8e01-48c7-b674-de64d96b5a66/datanode-5/meta/datanode.id
2019-09-18 13:45:37,806 [main] INFO  volume.HddsVolume (HddsVolume.java:<init>(176)) - Creating Volume: /workdir/hadoop-ozone/integration-test/target/test-dir/MiniOzoneClusterImpl-5927a352-8e01-48c7-b674-de64d96b5a66/datanode-6/data/containers/hdds of  storage type : DISK and capacity : 1482555576320
2019-09-18 13:45:37,807 [main] INFO  volume.VolumeSet (VolumeSet.java:initializeVolumeSet(170)) - Added Volume : /workdir/hadoop-ozone/integration-test/target/test-dir/MiniOzoneClusterImpl-5927a352-8e01-48c7-b674-de64d96b5a66/datanode-6/data/containers/hdds to VolumeSet
2019-09-18 13:45:37,807 [main] INFO  volume.ThrottledAsyncChecker (ThrottledAsyncChecker.java:schedule(139)) - Scheduling a check for org.apache.hadoop.ozone.container.common.volume.HddsVolume@dab1f89
2019-09-18 13:45:37,807 [main] INFO  volume.HddsVolumeChecker (HddsVolumeChecker.java:checkAllVolumes(202)) - Scheduled health check for volume org.apache.hadoop.ozone.container.common.volume.HddsVolume@dab1f89
2019-09-18 13:45:37,828 [main] INFO  impl.RaftServerProxy (ConfUtils.java:logGet(43)) - raft.rpc.type = GRPC (default)
2019-09-18 13:45:37,828 [main] INFO  grpc.GrpcFactory (GrpcFactory.java:checkPooledByteBufAllocatorUseCacheForAllThreads(45)) - PERFORMANCE WARNING: useCacheForAllThreads is true that may cause Netty to create a lot garbage objects and, as a result, trigger GC.
	It is recommended to disable useCacheForAllThreads by setting -Dorg.apache.ratis.thirdparty.io.netty.allocator.useCacheForAllThreads=false in command line.
2019-09-18 13:45:37,828 [main] INFO  grpc.GrpcConfigKeys$Server (ConfUtils.java:logGet(43)) - raft.grpc.server.port = 0 (default)
2019-09-18 13:45:37,829 [main] INFO  server.GrpcService (ConfUtils.java:logGet(43)) - raft.grpc.message.size.max = 33570816 (custom)
2019-09-18 13:45:37,829 [main] INFO  server.RaftServerConfigKeys (ConfUtils.java:logGet(43)) - raft.server.log.appender.buffer.byte-limit = 33554432 (custom)
2019-09-18 13:45:37,829 [main] INFO  server.GrpcService (ConfUtils.java:logGet(43)) - raft.grpc.flow.control.window = 1MB (=1048576) (default)
2019-09-18 13:45:37,829 [main] INFO  server.RaftServerConfigKeys (ConfUtils.java:logGet(43)) - raft.server.rpc.request.timeout = 3000ms (default)
2019-09-18 13:45:37,830 [main] INFO  server.RaftServerConfigKeys (ConfUtils.java:logGet(43)) - raft.server.storage.dir = [/workdir/hadoop-ozone/integration-test/target/test-dir/MiniOzoneClusterImpl-5927a352-8e01-48c7-b674-de64d96b5a66/datanode-6/data/ratis] (custom)
2019-09-18 13:45:37,831 [main] INFO  hdfs.DFSUtil (DFSUtil.java:httpServerTemplateForNNAndJN(1641)) - Starting Web-server for hddsDatanode at: http://0.0.0.0:0
2019-09-18 13:45:37,833 [main] INFO  server.AuthenticationFilter (AuthenticationFilter.java:constructSecretProvider(240)) - Unable to initialize FileSignerSecretProvider, falling back to use random secrets.
2019-09-18 13:45:37,834 [main] WARN  http.HttpRequestLog (HttpRequestLog.java:getRequestLog(97)) - Jetty request log can only be enabled using Log4j
2019-09-18 13:45:37,836 [main] INFO  http.HttpServer2 (HttpServer2.java:addGlobalFilter(975)) - Added global filter 'safety' (class=org.apache.hadoop.http.HttpServer2$QuotingInputFilter)
2019-09-18 13:45:37,838 [main] INFO  http.HttpServer2 (HttpServer2.java:addFilter(948)) - Added filter static_user_filter (class=org.apache.hadoop.http.lib.StaticUserWebFilter$StaticUserFilter) to context hddsDatanode
2019-09-18 13:45:37,838 [main] INFO  http.HttpServer2 (HttpServer2.java:addFilter(958)) - Added filter static_user_filter (class=org.apache.hadoop.http.lib.StaticUserWebFilter$StaticUserFilter) to context static
2019-09-18 13:45:37,838 [main] INFO  http.HttpServer2 (HttpServer2.java:addFilter(958)) - Added filter static_user_filter (class=org.apache.hadoop.http.lib.StaticUserWebFilter$StaticUserFilter) to context logs
2019-09-18 13:45:37,839 [main] INFO  http.HttpServer2 (HttpServer2.java:bindListener(1191)) - Jetty bound to port 40428
2019-09-18 13:45:37,839 [main] INFO  server.Server (Server.java:doStart(351)) - jetty-9.3.24.v20180605, build timestamp: 2018-06-05T17:11:56Z, git hash: 84205aa28f11a4f31f2a3b86d1bba2cc8ab69827
2019-09-18 13:45:37,842 [main] INFO  handler.ContextHandler (ContextHandler.java:doStart(781)) - Started o.e.j.s.ServletContextHandler@2d74c81b{/logs,file:///workdir/hadoop-ozone/integration-test/target/log,AVAILABLE}
2019-09-18 13:45:37,842 [main] INFO  handler.ContextHandler (ContextHandler.java:doStart(781)) - Started o.e.j.s.ServletContextHandler@55f4887d{/static,jar:file:/home/user/.m2/repository/org/apache/hadoop/hadoop-hdds-container-service/0.5.0-SNAPSHOT/hadoop-hdds-container-service-0.5.0-SNAPSHOT.jar!/webapps/static,AVAILABLE}
2019-09-18 13:45:37,884 [main] INFO  handler.ContextHandler (ContextHandler.java:doStart(781)) - Started o.e.j.w.WebAppContext@5f5827d0{/,file:///tmp/jetty-0.0.0.0-40428-hddsDatanode-_-any-4435806256925725174.dir/webapp/,AVAILABLE}{/hddsDatanode}
2019-09-18 13:45:37,884 [main] INFO  server.AbstractConnector (AbstractConnector.java:doStart(278)) - Started ServerConnector@58a2d9f9{HTTP/1.1,[http/1.1]}{0.0.0.0:40428}
2019-09-18 13:45:37,886 [main] INFO  server.Server (Server.java:doStart(419)) - Started @46897ms
2019-09-18 13:45:37,886 [main] WARN  impl.MetricsSystemImpl (MetricsSystemImpl.java:register(276)) - Sink prometheus already exists!
2019-09-18 13:45:37,887 [main] INFO  server.BaseHttpServer (BaseHttpServer.java:updateConnectorAddress(215)) - HTTP server of HDDSDATANODE is listening at http://0.0.0.0:40428
2019-09-18 13:45:37,887 [main] INFO  ozone.MiniOzoneClusterImpl (MiniOzoneClusterImpl.java:lambda$waitForClusterToBeReady$0(145)) - Waiting for cluster to be ready. Got 0 of 7 DN Heartbeats.
2019-09-18 13:45:37,891 [org.apache.hadoop.util.JvmPauseMonitor$Monitor@66beb7ea] INFO  util.JvmPauseMonitor (JvmPauseMonitor.java:run(188)) - Starting JVM pause monitor
2019-09-18 13:45:37,893 [Datanode State Machine Thread - 0] INFO  datanode.InitDatanodeState (InitDatanodeState.java:persistContainerDatanodeDetails(140)) - DatanodeDetails is persisted to /workdir/hadoop-ozone/integration-test/target/test-dir/MiniOzoneClusterImpl-5927a352-8e01-48c7-b674-de64d96b5a66/datanode-6/meta/datanode.id
2019-09-18 13:45:38,890 [main] INFO  ozone.MiniOzoneClusterImpl (MiniOzoneClusterImpl.java:lambda$waitForClusterToBeReady$0(145)) - Waiting for cluster to be ready. Got 0 of 7 DN Heartbeats.
2019-09-18 13:45:39,407 [Datanode State Machine Thread - 0] INFO  ozoneimpl.OzoneContainer (OzoneContainer.java:start(217)) - Attempting to start container services.
2019-09-18 13:45:39,410 [Datanode State Machine Thread - 0] INFO  ozoneimpl.OzoneContainer (OzoneContainer.java:startContainerScrub(179)) - Background container scanner has been disabled.
2019-09-18 13:45:39,410 [Datanode State Machine Thread - 0] INFO  ratis.XceiverServerRatis (XceiverServerRatis.java:start(411)) - Starting XceiverServerRatis 13e42da7-b798-4787-94f3-5705de2dc0e3 at port 0
2019-09-18 13:45:39,417 [Datanode State Machine Thread - 0] INFO  impl.RaftServerProxy (RaftServerProxy.java:lambda$start$3(299)) - 13e42da7-b798-4787-94f3-5705de2dc0e3: start RPC server
2019-09-18 13:45:39,421 [Datanode State Machine Thread - 0] INFO  server.GrpcService (GrpcService.java:startImpl(158)) - 13e42da7-b798-4787-94f3-5705de2dc0e3: GrpcService started, listening on 0.0.0.0/0.0.0.0:41366
2019-09-18 13:45:39,421 [Datanode State Machine Thread - 0] INFO  ratis.XceiverServerRatis (XceiverServerRatis.java:start(421)) - XceiverServerRatis 13e42da7-b798-4787-94f3-5705de2dc0e3 is started using port 41366
2019-09-18 13:45:39,422 [Datanode State Machine Thread - 0] INFO  server.XceiverServerGrpc (XceiverServerGrpc.java:start(163)) - XceiverServerGrpc 13e42da7-b798-4787-94f3-5705de2dc0e3 is started using port 41901
2019-09-18 13:45:39,472 [Datanode State Machine Thread - 0] INFO  ozoneimpl.OzoneContainer (OzoneContainer.java:start(217)) - Attempting to start container services.
2019-09-18 13:45:39,475 [Datanode State Machine Thread - 0] INFO  ozoneimpl.OzoneContainer (OzoneContainer.java:startContainerScrub(179)) - Background container scanner has been disabled.
2019-09-18 13:45:39,475 [Datanode State Machine Thread - 0] INFO  ratis.XceiverServerRatis (XceiverServerRatis.java:start(411)) - Starting XceiverServerRatis aa82dec1-0876-47e1-b987-76a1ffe9ede1 at port 0
2019-09-18 13:45:39,483 [Datanode State Machine Thread - 0] INFO  impl.RaftServerProxy (RaftServerProxy.java:lambda$start$3(299)) - aa82dec1-0876-47e1-b987-76a1ffe9ede1: start RPC server
2019-09-18 13:45:39,486 [Datanode State Machine Thread - 0] INFO  server.GrpcService (GrpcService.java:startImpl(158)) - aa82dec1-0876-47e1-b987-76a1ffe9ede1: GrpcService started, listening on 0.0.0.0/0.0.0.0:39775
2019-09-18 13:45:39,486 [Datanode State Machine Thread - 0] INFO  ratis.XceiverServerRatis (XceiverServerRatis.java:start(421)) - XceiverServerRatis aa82dec1-0876-47e1-b987-76a1ffe9ede1 is started using port 39775
2019-09-18 13:45:39,487 [Datanode State Machine Thread - 0] INFO  server.XceiverServerGrpc (XceiverServerGrpc.java:start(163)) - XceiverServerGrpc aa82dec1-0876-47e1-b987-76a1ffe9ede1 is started using port 39856
2019-09-18 13:45:39,535 [Datanode State Machine Thread - 0] INFO  ozoneimpl.OzoneContainer (OzoneContainer.java:start(217)) - Attempting to start container services.
2019-09-18 13:45:39,542 [Datanode State Machine Thread - 0] INFO  ozoneimpl.OzoneContainer (OzoneContainer.java:startContainerScrub(179)) - Background container scanner has been disabled.
2019-09-18 13:45:39,542 [Datanode State Machine Thread - 0] INFO  ratis.XceiverServerRatis (XceiverServerRatis.java:start(411)) - Starting XceiverServerRatis 1bd0f68f-f4aa-4051-9d98-01d4be462bcd at port 0
2019-09-18 13:45:39,548 [Datanode State Machine Thread - 0] INFO  impl.RaftServerProxy (RaftServerProxy.java:lambda$start$3(299)) - 1bd0f68f-f4aa-4051-9d98-01d4be462bcd: start RPC server
2019-09-18 13:45:39,555 [Datanode State Machine Thread - 0] INFO  server.GrpcService (GrpcService.java:startImpl(158)) - 1bd0f68f-f4aa-4051-9d98-01d4be462bcd: GrpcService started, listening on 0.0.0.0/0.0.0.0:34021
2019-09-18 13:45:39,555 [Datanode State Machine Thread - 0] INFO  ratis.XceiverServerRatis (XceiverServerRatis.java:start(421)) - XceiverServerRatis 1bd0f68f-f4aa-4051-9d98-01d4be462bcd is started using port 34021
2019-09-18 13:45:39,561 [Datanode State Machine Thread - 0] INFO  server.XceiverServerGrpc (XceiverServerGrpc.java:start(163)) - XceiverServerGrpc 1bd0f68f-f4aa-4051-9d98-01d4be462bcd is started using port 38399
2019-09-18 13:45:39,620 [Datanode State Machine Thread - 0] INFO  ozoneimpl.OzoneContainer (OzoneContainer.java:start(217)) - Attempting to start container services.
2019-09-18 13:45:39,620 [Datanode State Machine Thread - 0] INFO  ozoneimpl.OzoneContainer (OzoneContainer.java:startContainerScrub(179)) - Background container scanner has been disabled.
2019-09-18 13:45:39,621 [Datanode State Machine Thread - 0] INFO  ratis.XceiverServerRatis (XceiverServerRatis.java:start(411)) - Starting XceiverServerRatis 7da8198c-25f9-4afe-be03-ce72c852c5e7 at port 0
2019-09-18 13:45:39,627 [Datanode State Machine Thread - 0] INFO  impl.RaftServerProxy (RaftServerProxy.java:lambda$start$3(299)) - 7da8198c-25f9-4afe-be03-ce72c852c5e7: start RPC server
2019-09-18 13:45:39,630 [Datanode State Machine Thread - 0] INFO  server.GrpcService (GrpcService.java:startImpl(158)) - 7da8198c-25f9-4afe-be03-ce72c852c5e7: GrpcService started, listening on 0.0.0.0/0.0.0.0:32829
2019-09-18 13:45:39,630 [Datanode State Machine Thread - 0] INFO  ratis.XceiverServerRatis (XceiverServerRatis.java:start(421)) - XceiverServerRatis 7da8198c-25f9-4afe-be03-ce72c852c5e7 is started using port 32829
2019-09-18 13:45:39,631 [Datanode State Machine Thread - 0] INFO  server.XceiverServerGrpc (XceiverServerGrpc.java:start(163)) - XceiverServerGrpc 7da8198c-25f9-4afe-be03-ce72c852c5e7 is started using port 39195
2019-09-18 13:45:39,717 [Datanode State Machine Thread - 0] INFO  ozoneimpl.OzoneContainer (OzoneContainer.java:start(217)) - Attempting to start container services.
2019-09-18 13:45:39,718 [Datanode State Machine Thread - 0] INFO  ozoneimpl.OzoneContainer (OzoneContainer.java:startContainerScrub(179)) - Background container scanner has been disabled.
2019-09-18 13:45:39,718 [Datanode State Machine Thread - 0] INFO  ratis.XceiverServerRatis (XceiverServerRatis.java:start(411)) - Starting XceiverServerRatis 190c8f4e-c6ca-4a74-8304-071ce80ebd18 at port 0
2019-09-18 13:45:39,725 [Datanode State Machine Thread - 0] INFO  impl.RaftServerProxy (RaftServerProxy.java:lambda$start$3(299)) - 190c8f4e-c6ca-4a74-8304-071ce80ebd18: start RPC server
2019-09-18 13:45:39,726 [Datanode State Machine Thread - 0] INFO  server.GrpcService (GrpcService.java:startImpl(158)) - 190c8f4e-c6ca-4a74-8304-071ce80ebd18: GrpcService started, listening on 0.0.0.0/0.0.0.0:35944
2019-09-18 13:45:39,726 [Datanode State Machine Thread - 0] INFO  ratis.XceiverServerRatis (XceiverServerRatis.java:start(421)) - XceiverServerRatis 190c8f4e-c6ca-4a74-8304-071ce80ebd18 is started using port 35944
2019-09-18 13:45:39,726 [Datanode State Machine Thread - 0] INFO  server.XceiverServerGrpc (XceiverServerGrpc.java:start(163)) - XceiverServerGrpc 190c8f4e-c6ca-4a74-8304-071ce80ebd18 is started using port 34826
2019-09-18 13:45:39,813 [Datanode State Machine Thread - 0] INFO  ozoneimpl.OzoneContainer (OzoneContainer.java:start(217)) - Attempting to start container services.
2019-09-18 13:45:39,814 [Datanode State Machine Thread - 0] INFO  ozoneimpl.OzoneContainer (OzoneContainer.java:startContainerScrub(179)) - Background container scanner has been disabled.
2019-09-18 13:45:39,814 [Datanode State Machine Thread - 0] INFO  ratis.XceiverServerRatis (XceiverServerRatis.java:start(411)) - Starting XceiverServerRatis 4a1c6203-118e-47eb-ba0e-2d5a78f22a0a at port 0
2019-09-18 13:45:39,820 [Datanode State Machine Thread - 0] INFO  impl.RaftServerProxy (RaftServerProxy.java:lambda$start$3(299)) - 4a1c6203-118e-47eb-ba0e-2d5a78f22a0a: start RPC server
2019-09-18 13:45:39,823 [Datanode State Machine Thread - 0] INFO  server.GrpcService (GrpcService.java:startImpl(158)) - 4a1c6203-118e-47eb-ba0e-2d5a78f22a0a: GrpcService started, listening on 0.0.0.0/0.0.0.0:39109
2019-09-18 13:45:39,823 [Datanode State Machine Thread - 0] INFO  ratis.XceiverServerRatis (XceiverServerRatis.java:start(421)) - XceiverServerRatis 4a1c6203-118e-47eb-ba0e-2d5a78f22a0a is started using port 39109
2019-09-18 13:45:39,826 [Datanode State Machine Thread - 0] INFO  server.XceiverServerGrpc (XceiverServerGrpc.java:start(163)) - XceiverServerGrpc 4a1c6203-118e-47eb-ba0e-2d5a78f22a0a is started using port 33850
2019-09-18 13:45:39,891 [main] INFO  ozone.MiniOzoneClusterImpl (MiniOzoneClusterImpl.java:lambda$waitForClusterToBeReady$0(145)) - Waiting for cluster to be ready. Got 0 of 7 DN Heartbeats.
2019-09-18 13:45:39,906 [Datanode State Machine Thread - 0] INFO  ozoneimpl.OzoneContainer (OzoneContainer.java:start(217)) - Attempting to start container services.
2019-09-18 13:45:39,906 [Datanode State Machine Thread - 0] INFO  ozoneimpl.OzoneContainer (OzoneContainer.java:startContainerScrub(179)) - Background container scanner has been disabled.
2019-09-18 13:45:39,906 [Datanode State Machine Thread - 0] INFO  ratis.XceiverServerRatis (XceiverServerRatis.java:start(411)) - Starting XceiverServerRatis a1745d66-bb02-4668-ae89-a39d3a996f91 at port 0
2019-09-18 13:45:39,913 [Datanode State Machine Thread - 0] INFO  impl.RaftServerProxy (RaftServerProxy.java:lambda$start$3(299)) - a1745d66-bb02-4668-ae89-a39d3a996f91: start RPC server
2019-09-18 13:45:39,916 [Datanode State Machine Thread - 0] INFO  server.GrpcService (GrpcService.java:startImpl(158)) - a1745d66-bb02-4668-ae89-a39d3a996f91: GrpcService started, listening on 0.0.0.0/0.0.0.0:35253
2019-09-18 13:45:39,916 [Datanode State Machine Thread - 0] INFO  ratis.XceiverServerRatis (XceiverServerRatis.java:start(421)) - XceiverServerRatis a1745d66-bb02-4668-ae89-a39d3a996f91 is started using port 35253
2019-09-18 13:45:39,916 [Datanode State Machine Thread - 0] INFO  server.XceiverServerGrpc (XceiverServerGrpc.java:start(163)) - XceiverServerGrpc a1745d66-bb02-4668-ae89-a39d3a996f91 is started using port 42218
2019-09-18 13:45:40,892 [main] INFO  ozone.MiniOzoneClusterImpl (MiniOzoneClusterImpl.java:lambda$waitForClusterToBeReady$0(145)) - Waiting for cluster to be ready. Got 0 of 7 DN Heartbeats.
2019-09-18 13:45:41,383 [IPC Server handler 4 on 42668] INFO  net.NetworkTopology (NetworkTopologyImpl.java:add(111)) - Added a new node: /default-rack/13e42da7-b798-4787-94f3-5705de2dc0e3
2019-09-18 13:45:41,385 [IPC Server handler 4 on 42668] INFO  node.SCMNodeManager (SCMNodeManager.java:register(266)) - Registered Data node : 13e42da7-b798-4787-94f3-5705de2dc0e3{ip: 192.168.69.108, host: pr-hdds-2141-4zm8s-3863693661, networkLocation: /default-rack, certSerialId: null}
2019-09-18 13:45:41,386 [EventQueue-NodeRegistrationContainerReportForDataNodeSafeModeRule] INFO  safemode.SCMSafeModeManager (DataNodeSafeModeRule.java:process(71)) - SCM in safe mode. 1 DataNodes registered, 1 required.
2019-09-18 13:45:41,387 [EventQueue-NodeRegistrationContainerReportForDataNodeSafeModeRule] INFO  safemode.SCMSafeModeManager (SCMSafeModeManager.java:validateSafeModeExitRules(177)) - ScmSafeModeManager, all rules are successfully validated
2019-09-18 13:45:41,387 [EventQueue-NodeRegistrationContainerReportForDataNodeSafeModeRule] INFO  safemode.SCMSafeModeManager (SCMSafeModeManager.java:exitSafeMode(193)) - SCM exiting safe mode.
2019-09-18 13:45:41,401 [grpc-default-executor-3] INFO  impl.RaftServerProxy (RaftServerProxy.java:addNew(89)) - 13e42da7-b798-4787-94f3-5705de2dc0e3: addNew group-7FD1E0A178BF:[13e42da7-b798-4787-94f3-5705de2dc0e3:192.168.69.108:41366] returns group-7FD1E0A178BF:java.util.concurrent.CompletableFuture@5590afe8[Not completed]
2019-09-18 13:45:41,404 [pool-119-thread-1] INFO  impl.RaftServerImpl (RaftServerImpl.java:<init>(95)) - 13e42da7-b798-4787-94f3-5705de2dc0e3: new RaftServerImpl for group-7FD1E0A178BF:[13e42da7-b798-4787-94f3-5705de2dc0e3:192.168.69.108:41366] with ContainerStateMachine:uninitialized
2019-09-18 13:45:41,405 [pool-119-thread-1] INFO  server.RaftServerConfigKeys (ConfUtils.java:logGet(43)) - raft.server.rpc.timeout.min = 5s (custom)
2019-09-18 13:45:41,405 [pool-119-thread-1] INFO  server.RaftServerConfigKeys (ConfUtils.java:logGet(43)) - raft.server.rpc.timeout.max = 5200ms (custom)
2019-09-18 13:45:41,405 [pool-119-thread-1] INFO  server.RaftServerConfigKeys (ConfUtils.java:logGet(43)) - raft.server.rpcslowness.timeout = 120s (custom)
2019-09-18 13:45:41,405 [pool-119-thread-1] INFO  server.RaftServerConfigKeys (ConfUtils.java:logGet(43)) - raft.server.sleep.deviation.threshold = 300 (default)
2019-09-18 13:45:41,405 [pool-119-thread-1] INFO  server.RaftServerConfigKeys (ConfUtils.java:logGet(43)) - raft.server.log.appender.install.snapshot.enabled = false (custom)
2019-09-18 13:45:41,405 [pool-119-thread-1] INFO  impl.RaftServerImpl (ServerState.java:<init>(103)) - 13e42da7-b798-4787-94f3-5705de2dc0e3@group-7FD1E0A178BF: ConfigurationManager, init=-1: [13e42da7-b798-4787-94f3-5705de2dc0e3:192.168.69.108:41366], old=null, confs=<EMPTY_MAP>
2019-09-18 13:45:41,406 [pool-119-thread-1] INFO  server.RaftServerConfigKeys (ConfUtils.java:logGet(43)) - raft.server.storage.dir = [/workdir/hadoop-ozone/integration-test/target/test-dir/MiniOzoneClusterImpl-5927a352-8e01-48c7-b674-de64d96b5a66/datanode-0/data/ratis] (custom)
2019-09-18 13:45:41,406 [pool-119-thread-1] INFO  storage.RaftStorageDirectory (RaftStorageDirectory.java:analyzeStorage(246)) - The storage directory /workdir/hadoop-ozone/integration-test/target/test-dir/MiniOzoneClusterImpl-5927a352-8e01-48c7-b674-de64d96b5a66/datanode-0/data/ratis/a1587648-2855-48a3-bdc2-7fd1e0a178bf does not exist. Creating ...
2019-09-18 13:45:41,419 [pool-119-thread-1] INFO  storage.RaftStorageDirectory (RaftStorageDirectory.java:tryLock(328)) - Lock on /workdir/hadoop-ozone/integration-test/target/test-dir/MiniOzoneClusterImpl-5927a352-8e01-48c7-b674-de64d96b5a66/datanode-0/data/ratis/a1587648-2855-48a3-bdc2-7fd1e0a178bf/in_use.lock acquired by nodename 6233@pr-hdds-2141-4zm8s-3863693661
2019-09-18 13:45:41,432 [pool-119-thread-1] INFO  storage.RaftStorage (RaftStorage.java:format(72)) - Storage directory /workdir/hadoop-ozone/integration-test/target/test-dir/MiniOzoneClusterImpl-5927a352-8e01-48c7-b674-de64d96b5a66/datanode-0/data/ratis/a1587648-2855-48a3-bdc2-7fd1e0a178bf has been successfully formatted.
2019-09-18 13:45:41,432 [pool-119-thread-1] INFO  ratis.ContainerStateMachine (ContainerStateMachine.java:loadSnapshot(230)) - group-7FD1E0A178BF: The snapshot info is null. Setting the last applied indexto:(t:0, i:~)
2019-09-18 13:45:41,432 [pool-119-thread-1] INFO  server.RaftServerConfigKeys (ConfUtils.java:logGet(43)) - raft.server.notification.no-leader.timeout = 120s (custom)
2019-09-18 13:45:41,432 [pool-119-thread-1] INFO  server.RaftServerConfigKeys (ConfUtils.java:logGet(43)) - raft.server.log.use.memory = false (default)
2019-09-18 13:45:41,433 [pool-119-thread-1] INFO  server.RaftServerConfigKeys (ConfUtils.java:logGet(43)) - raft.server.log.purge.gap = 1000000 (custom)
2019-09-18 13:45:41,433 [pool-119-thread-1] INFO  server.RaftServerConfigKeys (ConfUtils.java:logGet(43)) - raft.server.log.appender.buffer.byte-limit = 33554432 (custom)
2019-09-18 13:45:41,433 [pool-119-thread-1] INFO  server.RaftServerConfigKeys (ConfUtils.java:logGet(43)) - raft.server.log.segment.size.max = 1048576 (custom)
2019-09-18 13:45:41,433 [pool-119-thread-1] INFO  server.RaftServerConfigKeys (ConfUtils.java:logGet(43)) - raft.server.log.segment.cache.num.max = 2 (custom)
2019-09-18 13:45:41,433 [pool-119-thread-1] INFO  segmented.SegmentedRaftLogWorker (SegmentedRaftLogWorker.java:<init>(172)) - new 13e42da7-b798-4787-94f3-5705de2dc0e3@group-7FD1E0A178BF-SegmentedRaftLogWorker for RaftStorage:Storage Directory /workdir/hadoop-ozone/integration-test/target/test-dir/MiniOzoneClusterImpl-5927a352-8e01-48c7-b674-de64d96b5a66/datanode-0/data/ratis/a1587648-2855-48a3-bdc2-7fd1e0a178bf
2019-09-18 13:45:41,437 [pool-119-thread-1] INFO  server.RaftServerConfigKeys (ConfUtils.java:logGet(43)) - raft.server.log.queue.byte-limit = 2147483647 (custom)
2019-09-18 13:45:41,437 [pool-119-thread-1] INFO  server.RaftServerConfigKeys (ConfUtils.java:logGet(43)) - raft.server.log.queue.element-limit = 1024 (custom)
2019-09-18 13:45:41,437 [pool-119-thread-1] INFO  server.RaftServerConfigKeys (ConfUtils.java:logGet(43)) - raft.server.log.segment.size.max = 1048576 (custom)
2019-09-18 13:45:41,437 [pool-119-thread-1] INFO  server.RaftServerConfigKeys (ConfUtils.java:logGet(43)) - raft.server.log.preallocated.size = 16384 (custom)
2019-09-18 13:45:41,437 [pool-119-thread-1] INFO  server.RaftServerConfigKeys (ConfUtils.java:logGet(43)) - raft.server.log.write.buffer.size = 33554432 (custom)
2019-09-18 13:45:41,437 [pool-119-thread-1] INFO  server.RaftServerConfigKeys (ConfUtils.java:logGet(43)) - raft.server.log.force.sync.num = 128 (default)
2019-09-18 13:45:41,438 [pool-119-thread-1] INFO  server.RaftServerConfigKeys (ConfUtils.java:logGet(43)) - raft.server.log.statemachine.data.sync = true (default)
2019-09-18 13:45:41,438 [pool-119-thread-1] INFO  server.RaftServerConfigKeys (ConfUtils.java:logGet(43)) - raft.server.log.statemachine.data.sync.timeout = 10s (default)
2019-09-18 13:45:41,438 [pool-119-thread-1] INFO  server.RaftServerConfigKeys (ConfUtils.java:logGet(43)) - raft.server.log.statemachine.data.sync.timeout.retry = -1 (default)
2019-09-18 13:45:41,438 [pool-119-thread-1] INFO  server.RaftServerConfigKeys (ConfUtils.java:logGet(43)) - raft.server.log.statemachine.data.caching.enabled = true (custom)
2019-09-18 13:45:41,439 [pool-119-thread-1] INFO  segmented.SegmentedRaftLogWorker (SegmentedRaftLogWorker.java:lambda$new$0(132)) - 13e42da7-b798-4787-94f3-5705de2dc0e3@group-7FD1E0A178BF-SegmentedRaftLogWorker: flushIndex: setUnconditionally 0 -> -1
2019-09-18 13:45:41,439 [pool-119-thread-1] INFO  server.RaftServerConfigKeys (ConfUtils.java:logGet(43)) - raft.server.snapshot.auto.trigger.enabled = true (custom)
2019-09-18 13:45:41,439 [pool-119-thread-1] INFO  server.RaftServerConfigKeys (ConfUtils.java:logGet(43)) - raft.server.snapshot.auto.trigger.threshold = 10000 (custom)
2019-09-18 13:45:41,439 [pool-119-thread-1] INFO  server.RaftServerConfigKeys (ConfUtils.java:logGet(43)) - raft.server.snapshot.retention.num.files = 5 (custom)
2019-09-18 13:45:41,440 [pool-119-thread-1] INFO  server.RaftServerConfigKeys (ConfUtils.java:logGet(43)) - raft.server.retrycache.expirytime = 600000ms (custom)
2019-09-18 13:45:41,442 [pool-119-thread-1] INFO  impl.RaftServerImpl (RaftServerImpl.java:start(185)) - 13e42da7-b798-4787-94f3-5705de2dc0e3@group-7FD1E0A178BF: start as a follower, conf=-1: [13e42da7-b798-4787-94f3-5705de2dc0e3:192.168.69.108:41366], old=null
2019-09-18 13:45:41,442 [pool-119-thread-1] INFO  impl.RaftServerImpl (RaftServerImpl.java:setRole(174)) - 13e42da7-b798-4787-94f3-5705de2dc0e3@group-7FD1E0A178BF: changes role from      null to FOLLOWER at term 0 for startAsFollower
2019-09-18 13:45:41,443 [pool-119-thread-1] INFO  impl.RoleInfo (RoleInfo.java:updateAndGet(143)) - 13e42da7-b798-4787-94f3-5705de2dc0e3: start FollowerState
2019-09-18 13:45:41,443 [pool-119-thread-1] INFO  util.JmxRegister (JmxRegister.java:tryRegister(44)) - Successfully registered JMX Bean with object name Ratis:service=RaftServer,group=group-7FD1E0A178BF,id=13e42da7-b798-4787-94f3-5705de2dc0e3
2019-09-18 13:45:41,447 [RatisPipelineUtilsThread] INFO  pipeline.PipelineStateManager (PipelineStateManager.java:addPipeline(56)) - Created pipeline Pipeline[ Id: a1587648-2855-48a3-bdc2-7fd1e0a178bf, Nodes: 13e42da7-b798-4787-94f3-5705de2dc0e3{ip: 192.168.69.108, host: pr-hdds-2141-4zm8s-3863693661, networkLocation: /default-rack, certSerialId: null}, Type:RATIS, Factor:ONE, State:OPEN]
2019-09-18 13:45:41,456 [IPC Server handler 5 on 42668] INFO  net.NetworkTopology (NetworkTopologyImpl.java:add(111)) - Added a new node: /default-rack/aa82dec1-0876-47e1-b987-76a1ffe9ede1
2019-09-18 13:45:41,456 [IPC Server handler 5 on 42668] INFO  node.SCMNodeManager (SCMNodeManager.java:register(266)) - Registered Data node : aa82dec1-0876-47e1-b987-76a1ffe9ede1{ip: 192.168.69.108, host: pr-hdds-2141-4zm8s-3863693661, networkLocation: /default-rack, certSerialId: null}
2019-09-18 13:45:41,464 [grpc-default-executor-3] INFO  impl.RaftServerProxy (RaftServerProxy.java:addNew(89)) - aa82dec1-0876-47e1-b987-76a1ffe9ede1: addNew group-961B89AF50BC:[aa82dec1-0876-47e1-b987-76a1ffe9ede1:192.168.69.108:39775] returns group-961B89AF50BC:java.util.concurrent.CompletableFuture@1c166f99[Not completed]
2019-09-18 13:45:41,465 [pool-129-thread-1] INFO  impl.RaftServerImpl (RaftServerImpl.java:<init>(95)) - aa82dec1-0876-47e1-b987-76a1ffe9ede1: new RaftServerImpl for group-961B89AF50BC:[aa82dec1-0876-47e1-b987-76a1ffe9ede1:192.168.69.108:39775] with ContainerStateMachine:uninitialized
2019-09-18 13:45:41,465 [pool-129-thread-1] INFO  server.RaftServerConfigKeys (ConfUtils.java:logGet(43)) - raft.server.rpc.timeout.min = 5s (custom)
2019-09-18 13:45:41,465 [pool-129-thread-1] INFO  server.RaftServerConfigKeys (ConfUtils.java:logGet(43)) - raft.server.rpc.timeout.max = 5200ms (custom)
2019-09-18 13:45:41,465 [pool-129-thread-1] INFO  server.RaftServerConfigKeys (ConfUtils.java:logGet(43)) - raft.server.rpcslowness.timeout = 120s (custom)
2019-09-18 13:45:41,465 [pool-129-thread-1] INFO  server.RaftServerConfigKeys (ConfUtils.java:logGet(43)) - raft.server.sleep.deviation.threshold = 300 (default)
2019-09-18 13:45:41,465 [pool-129-thread-1] INFO  server.RaftServerConfigKeys (ConfUtils.java:logGet(43)) - raft.server.log.appender.install.snapshot.enabled = false (custom)
2019-09-18 13:45:41,466 [pool-129-thread-1] INFO  impl.RaftServerImpl (ServerState.java:<init>(103)) - aa82dec1-0876-47e1-b987-76a1ffe9ede1@group-961B89AF50BC: ConfigurationManager, init=-1: [aa82dec1-0876-47e1-b987-76a1ffe9ede1:192.168.69.108:39775], old=null, confs=<EMPTY_MAP>
2019-09-18 13:45:41,466 [pool-129-thread-1] INFO  server.RaftServerConfigKeys (ConfUtils.java:logGet(43)) - raft.server.storage.dir = [/workdir/hadoop-ozone/integration-test/target/test-dir/MiniOzoneClusterImpl-5927a352-8e01-48c7-b674-de64d96b5a66/datanode-1/data/ratis] (custom)
2019-09-18 13:45:41,466 [pool-129-thread-1] INFO  storage.RaftStorageDirectory (RaftStorageDirectory.java:analyzeStorage(246)) - The storage directory /workdir/hadoop-ozone/integration-test/target/test-dir/MiniOzoneClusterImpl-5927a352-8e01-48c7-b674-de64d96b5a66/datanode-1/data/ratis/d67977cd-c630-4715-9117-961b89af50bc does not exist. Creating ...
2019-09-18 13:45:41,469 [pool-129-thread-1] INFO  storage.RaftStorageDirectory (RaftStorageDirectory.java:tryLock(328)) - Lock on /workdir/hadoop-ozone/integration-test/target/test-dir/MiniOzoneClusterImpl-5927a352-8e01-48c7-b674-de64d96b5a66/datanode-1/data/ratis/d67977cd-c630-4715-9117-961b89af50bc/in_use.lock acquired by nodename 6233@pr-hdds-2141-4zm8s-3863693661
2019-09-18 13:45:41,472 [pool-129-thread-1] INFO  storage.RaftStorage (RaftStorage.java:format(72)) - Storage directory /workdir/hadoop-ozone/integration-test/target/test-dir/MiniOzoneClusterImpl-5927a352-8e01-48c7-b674-de64d96b5a66/datanode-1/data/ratis/d67977cd-c630-4715-9117-961b89af50bc has been successfully formatted.
2019-09-18 13:45:41,473 [pool-129-thread-1] INFO  ratis.ContainerStateMachine (ContainerStateMachine.java:loadSnapshot(230)) - group-961B89AF50BC: The snapshot info is null. Setting the last applied indexto:(t:0, i:~)
2019-09-18 13:45:41,473 [pool-129-thread-1] INFO  server.RaftServerConfigKeys (ConfUtils.java:logGet(43)) - raft.server.notification.no-leader.timeout = 120s (custom)
2019-09-18 13:45:41,473 [pool-129-thread-1] INFO  server.RaftServerConfigKeys (ConfUtils.java:logGet(43)) - raft.server.log.use.memory = false (default)
2019-09-18 13:45:41,473 [pool-129-thread-1] INFO  server.RaftServerConfigKeys (ConfUtils.java:logGet(43)) - raft.server.log.purge.gap = 1000000 (custom)
2019-09-18 13:45:41,473 [pool-129-thread-1] INFO  server.RaftServerConfigKeys (ConfUtils.java:logGet(43)) - raft.server.log.appender.buffer.byte-limit = 33554432 (custom)
2019-09-18 13:45:41,473 [pool-129-thread-1] INFO  server.RaftServerConfigKeys (ConfUtils.java:logGet(43)) - raft.server.log.segment.size.max = 1048576 (custom)
2019-09-18 13:45:41,473 [pool-129-thread-1] INFO  server.RaftServerConfigKeys (ConfUtils.java:logGet(43)) - raft.server.log.segment.cache.num.max = 2 (custom)
2019-09-18 13:45:41,474 [pool-129-thread-1] INFO  segmented.SegmentedRaftLogWorker (SegmentedRaftLogWorker.java:<init>(172)) - new aa82dec1-0876-47e1-b987-76a1ffe9ede1@group-961B89AF50BC-SegmentedRaftLogWorker for RaftStorage:Storage Directory /workdir/hadoop-ozone/integration-test/target/test-dir/MiniOzoneClusterImpl-5927a352-8e01-48c7-b674-de64d96b5a66/datanode-1/data/ratis/d67977cd-c630-4715-9117-961b89af50bc
2019-09-18 13:45:41,476 [pool-129-thread-1] INFO  server.RaftServerConfigKeys (ConfUtils.java:logGet(43)) - raft.server.log.queue.byte-limit = 2147483647 (custom)
2019-09-18 13:45:41,476 [pool-129-thread-1] INFO  server.RaftServerConfigKeys (ConfUtils.java:logGet(43)) - raft.server.log.queue.element-limit = 1024 (custom)
2019-09-18 13:45:41,476 [pool-129-thread-1] INFO  server.RaftServerConfigKeys (ConfUtils.java:logGet(43)) - raft.server.log.segment.size.max = 1048576 (custom)
2019-09-18 13:45:41,476 [pool-129-thread-1] INFO  server.RaftServerConfigKeys (ConfUtils.java:logGet(43)) - raft.server.log.preallocated.size = 16384 (custom)
2019-09-18 13:45:41,476 [pool-129-thread-1] INFO  server.RaftServerConfigKeys (ConfUtils.java:logGet(43)) - raft.server.log.write.buffer.size = 33554432 (custom)
2019-09-18 13:45:41,476 [pool-129-thread-1] INFO  server.RaftServerConfigKeys (ConfUtils.java:logGet(43)) - raft.server.log.force.sync.num = 128 (default)
2019-09-18 13:45:41,476 [pool-129-thread-1] INFO  server.RaftServerConfigKeys (ConfUtils.java:logGet(43)) - raft.server.log.statemachine.data.sync = true (default)
2019-09-18 13:45:41,477 [pool-129-thread-1] INFO  server.RaftServerConfigKeys (ConfUtils.java:logGet(43)) - raft.server.log.statemachine.data.sync.timeout = 10s (default)
2019-09-18 13:45:41,477 [pool-129-thread-1] INFO  server.RaftServerConfigKeys (ConfUtils.java:logGet(43)) - raft.server.log.statemachine.data.sync.timeout.retry = -1 (default)
2019-09-18 13:45:41,477 [pool-129-thread-1] INFO  server.RaftServerConfigKeys (ConfUtils.java:logGet(43)) - raft.server.log.statemachine.data.caching.enabled = true (custom)
2019-09-18 13:45:41,477 [pool-129-thread-1] INFO  segmented.SegmentedRaftLogWorker (SegmentedRaftLogWorker.java:lambda$new$0(132)) - aa82dec1-0876-47e1-b987-76a1ffe9ede1@group-961B89AF50BC-SegmentedRaftLogWorker: flushIndex: setUnconditionally 0 -> -1
2019-09-18 13:45:41,477 [pool-129-thread-1] INFO  server.RaftServerConfigKeys (ConfUtils.java:logGet(43)) - raft.server.snapshot.auto.trigger.enabled = true (custom)
2019-09-18 13:45:41,477 [pool-129-thread-1] INFO  server.RaftServerConfigKeys (ConfUtils.java:logGet(43)) - raft.server.snapshot.auto.trigger.threshold = 10000 (custom)
2019-09-18 13:45:41,478 [pool-129-thread-1] INFO  server.RaftServerConfigKeys (ConfUtils.java:logGet(43)) - raft.server.snapshot.retention.num.files = 5 (custom)
2019-09-18 13:45:41,478 [pool-129-thread-1] INFO  server.RaftServerConfigKeys (ConfUtils.java:logGet(43)) - raft.server.retrycache.expirytime = 600000ms (custom)
2019-09-18 13:45:41,480 [pool-129-thread-1] INFO  impl.RaftServerImpl (RaftServerImpl.java:start(185)) - aa82dec1-0876-47e1-b987-76a1ffe9ede1@group-961B89AF50BC: start as a follower, conf=-1: [aa82dec1-0876-47e1-b987-76a1ffe9ede1:192.168.69.108:39775], old=null
2019-09-18 13:45:41,480 [pool-129-thread-1] INFO  impl.RaftServerImpl (RaftServerImpl.java:setRole(174)) - aa82dec1-0876-47e1-b987-76a1ffe9ede1@group-961B89AF50BC: changes role from      null to FOLLOWER at term 0 for startAsFollower
2019-09-18 13:45:41,480 [pool-129-thread-1] INFO  impl.RoleInfo (RoleInfo.java:updateAndGet(143)) - aa82dec1-0876-47e1-b987-76a1ffe9ede1: start FollowerState
2019-09-18 13:45:41,480 [pool-129-thread-1] INFO  util.JmxRegister (JmxRegister.java:tryRegister(44)) - Successfully registered JMX Bean with object name Ratis:service=RaftServer,group=group-961B89AF50BC,id=aa82dec1-0876-47e1-b987-76a1ffe9ede1
2019-09-18 13:45:41,482 [RatisPipelineUtilsThread] INFO  pipeline.PipelineStateManager (PipelineStateManager.java:addPipeline(56)) - Created pipeline Pipeline[ Id: d67977cd-c630-4715-9117-961b89af50bc, Nodes: aa82dec1-0876-47e1-b987-76a1ffe9ede1{ip: 192.168.69.108, host: pr-hdds-2141-4zm8s-3863693661, networkLocation: /default-rack, certSerialId: null}, Type:RATIS, Factor:ONE, State:OPEN]
2019-09-18 13:45:41,521 [IPC Server handler 0 on 42668] INFO  net.NetworkTopology (NetworkTopologyImpl.java:add(111)) - Added a new node: /default-rack/1bd0f68f-f4aa-4051-9d98-01d4be462bcd
2019-09-18 13:45:41,522 [IPC Server handler 0 on 42668] INFO  node.SCMNodeManager (SCMNodeManager.java:register(266)) - Registered Data node : 1bd0f68f-f4aa-4051-9d98-01d4be462bcd{ip: 192.168.69.108, host: pr-hdds-2141-4zm8s-3863693661, networkLocation: /default-rack, certSerialId: null}
2019-09-18 13:45:41,530 [grpc-default-executor-3] INFO  impl.RaftServerProxy (RaftServerProxy.java:addNew(89)) - 1bd0f68f-f4aa-4051-9d98-01d4be462bcd: addNew group-597C05EDB8C6:[1bd0f68f-f4aa-4051-9d98-01d4be462bcd:192.168.69.108:34021] returns group-597C05EDB8C6:java.util.concurrent.CompletableFuture@1cec79a0[Not completed]
2019-09-18 13:45:41,536 [pool-139-thread-1] INFO  impl.RaftServerImpl (RaftServerImpl.java:<init>(95)) - 1bd0f68f-f4aa-4051-9d98-01d4be462bcd: new RaftServerImpl for group-597C05EDB8C6:[1bd0f68f-f4aa-4051-9d98-01d4be462bcd:192.168.69.108:34021] with ContainerStateMachine:uninitialized
2019-09-18 13:45:41,536 [pool-139-thread-1] INFO  server.RaftServerConfigKeys (ConfUtils.java:logGet(43)) - raft.server.rpc.timeout.min = 5s (custom)
2019-09-18 13:45:41,536 [pool-139-thread-1] INFO  server.RaftServerConfigKeys (ConfUtils.java:logGet(43)) - raft.server.rpc.timeout.max = 5200ms (custom)
2019-09-18 13:45:41,536 [pool-139-thread-1] INFO  server.RaftServerConfigKeys (ConfUtils.java:logGet(43)) - raft.server.rpcslowness.timeout = 120s (custom)
2019-09-18 13:45:41,536 [pool-139-thread-1] INFO  server.RaftServerConfigKeys (ConfUtils.java:logGet(43)) - raft.server.sleep.deviation.threshold = 300 (default)
2019-09-18 13:45:41,537 [pool-139-thread-1] INFO  server.RaftServerConfigKeys (ConfUtils.java:logGet(43)) - raft.server.log.appender.install.snapshot.enabled = false (custom)
2019-09-18 13:45:41,537 [pool-139-thread-1] INFO  impl.RaftServerImpl (ServerState.java:<init>(103)) - 1bd0f68f-f4aa-4051-9d98-01d4be462bcd@group-597C05EDB8C6: ConfigurationManager, init=-1: [1bd0f68f-f4aa-4051-9d98-01d4be462bcd:192.168.69.108:34021], old=null, confs=<EMPTY_MAP>
2019-09-18 13:45:41,537 [pool-139-thread-1] INFO  server.RaftServerConfigKeys (ConfUtils.java:logGet(43)) - raft.server.storage.dir = [/workdir/hadoop-ozone/integration-test/target/test-dir/MiniOzoneClusterImpl-5927a352-8e01-48c7-b674-de64d96b5a66/datanode-2/data/ratis] (custom)
2019-09-18 13:45:41,537 [pool-139-thread-1] INFO  storage.RaftStorageDirectory (RaftStorageDirectory.java:analyzeStorage(246)) - The storage directory /workdir/hadoop-ozone/integration-test/target/test-dir/MiniOzoneClusterImpl-5927a352-8e01-48c7-b674-de64d96b5a66/datanode-2/data/ratis/d16d0bb4-72c0-4a24-9f03-597c05edb8c6 does not exist. Creating ...
2019-09-18 13:45:41,541 [pool-139-thread-1] INFO  storage.RaftStorageDirectory (RaftStorageDirectory.java:tryLock(328)) - Lock on /workdir/hadoop-ozone/integration-test/target/test-dir/MiniOzoneClusterImpl-5927a352-8e01-48c7-b674-de64d96b5a66/datanode-2/data/ratis/d16d0bb4-72c0-4a24-9f03-597c05edb8c6/in_use.lock acquired by nodename 6233@pr-hdds-2141-4zm8s-3863693661
2019-09-18 13:45:41,545 [pool-139-thread-1] INFO  storage.RaftStorage (RaftStorage.java:format(72)) - Storage directory /workdir/hadoop-ozone/integration-test/target/test-dir/MiniOzoneClusterImpl-5927a352-8e01-48c7-b674-de64d96b5a66/datanode-2/data/ratis/d16d0bb4-72c0-4a24-9f03-597c05edb8c6 has been successfully formatted.
2019-09-18 13:45:41,545 [pool-139-thread-1] INFO  ratis.ContainerStateMachine (ContainerStateMachine.java:loadSnapshot(230)) - group-597C05EDB8C6: The snapshot info is null. Setting the last applied indexto:(t:0, i:~)
2019-09-18 13:45:41,545 [pool-139-thread-1] INFO  server.RaftServerConfigKeys (ConfUtils.java:logGet(43)) - raft.server.notification.no-leader.timeout = 120s (custom)
2019-09-18 13:45:41,545 [pool-139-thread-1] INFO  server.RaftServerConfigKeys (ConfUtils.java:logGet(43)) - raft.server.log.use.memory = false (default)
2019-09-18 13:45:41,546 [pool-139-thread-1] INFO  server.RaftServerConfigKeys (ConfUtils.java:logGet(43)) - raft.server.log.purge.gap = 1000000 (custom)
2019-09-18 13:45:41,546 [pool-139-thread-1] INFO  server.RaftServerConfigKeys (ConfUtils.java:logGet(43)) - raft.server.log.appender.buffer.byte-limit = 33554432 (custom)
2019-09-18 13:45:41,546 [pool-139-thread-1] INFO  server.RaftServerConfigKeys (ConfUtils.java:logGet(43)) - raft.server.log.segment.size.max = 1048576 (custom)
2019-09-18 13:45:41,546 [pool-139-thread-1] INFO  server.RaftServerConfigKeys (ConfUtils.java:logGet(43)) - raft.server.log.segment.cache.num.max = 2 (custom)
2019-09-18 13:45:41,546 [pool-139-thread-1] INFO  segmented.SegmentedRaftLogWorker (SegmentedRaftLogWorker.java:<init>(172)) - new 1bd0f68f-f4aa-4051-9d98-01d4be462bcd@group-597C05EDB8C6-SegmentedRaftLogWorker for RaftStorage:Storage Directory /workdir/hadoop-ozone/integration-test/target/test-dir/MiniOzoneClusterImpl-5927a352-8e01-48c7-b674-de64d96b5a66/datanode-2/data/ratis/d16d0bb4-72c0-4a24-9f03-597c05edb8c6
2019-09-18 13:45:41,549 [pool-139-thread-1] INFO  server.RaftServerConfigKeys (ConfUtils.java:logGet(43)) - raft.server.log.queue.byte-limit = 2147483647 (custom)
2019-09-18 13:45:41,549 [pool-139-thread-1] INFO  server.RaftServerConfigKeys (ConfUtils.java:logGet(43)) - raft.server.log.queue.element-limit = 1024 (custom)
2019-09-18 13:45:41,549 [pool-139-thread-1] INFO  server.RaftServerConfigKeys (ConfUtils.java:logGet(43)) - raft.server.log.segment.size.max = 1048576 (custom)
2019-09-18 13:45:41,549 [pool-139-thread-1] INFO  server.RaftServerConfigKeys (ConfUtils.java:logGet(43)) - raft.server.log.preallocated.size = 16384 (custom)
2019-09-18 13:45:41,550 [pool-139-thread-1] INFO  server.RaftServerConfigKeys (ConfUtils.java:logGet(43)) - raft.server.log.write.buffer.size = 33554432 (custom)
2019-09-18 13:45:41,550 [pool-139-thread-1] INFO  server.RaftServerConfigKeys (ConfUtils.java:logGet(43)) - raft.server.log.force.sync.num = 128 (default)
2019-09-18 13:45:41,550 [pool-139-thread-1] INFO  server.RaftServerConfigKeys (ConfUtils.java:logGet(43)) - raft.server.log.statemachine.data.sync = true (default)
2019-09-18 13:45:41,550 [pool-139-thread-1] INFO  server.RaftServerConfigKeys (ConfUtils.java:logGet(43)) - raft.server.log.statemachine.data.sync.timeout = 10s (default)
2019-09-18 13:45:41,550 [pool-139-thread-1] INFO  server.RaftServerConfigKeys (ConfUtils.java:logGet(43)) - raft.server.log.statemachine.data.sync.timeout.retry = -1 (default)
2019-09-18 13:45:41,551 [pool-139-thread-1] INFO  server.RaftServerConfigKeys (ConfUtils.java:logGet(43)) - raft.server.log.statemachine.data.caching.enabled = true (custom)
2019-09-18 13:45:41,551 [pool-139-thread-1] INFO  segmented.SegmentedRaftLogWorker (SegmentedRaftLogWorker.java:lambda$new$0(132)) - 1bd0f68f-f4aa-4051-9d98-01d4be462bcd@group-597C05EDB8C6-SegmentedRaftLogWorker: flushIndex: setUnconditionally 0 -> -1
2019-09-18 13:45:41,551 [pool-139-thread-1] INFO  server.RaftServerConfigKeys (ConfUtils.java:logGet(43)) - raft.server.snapshot.auto.trigger.enabled = true (custom)
2019-09-18 13:45:41,551 [pool-139-thread-1] INFO  server.RaftServerConfigKeys (ConfUtils.java:logGet(43)) - raft.server.snapshot.auto.trigger.threshold = 10000 (custom)
2019-09-18 13:45:41,551 [pool-139-thread-1] INFO  server.RaftServerConfigKeys (ConfUtils.java:logGet(43)) - raft.server.snapshot.retention.num.files = 5 (custom)
2019-09-18 13:45:41,552 [pool-139-thread-1] INFO  server.RaftServerConfigKeys (ConfUtils.java:logGet(43)) - raft.server.retrycache.expirytime = 600000ms (custom)
2019-09-18 13:45:41,554 [pool-139-thread-1] INFO  impl.RaftServerImpl (RaftServerImpl.java:start(185)) - 1bd0f68f-f4aa-4051-9d98-01d4be462bcd@group-597C05EDB8C6: start as a follower, conf=-1: [1bd0f68f-f4aa-4051-9d98-01d4be462bcd:192.168.69.108:34021], old=null
2019-09-18 13:45:41,554 [pool-139-thread-1] INFO  impl.RaftServerImpl (RaftServerImpl.java:setRole(174)) - 1bd0f68f-f4aa-4051-9d98-01d4be462bcd@group-597C05EDB8C6: changes role from      null to FOLLOWER at term 0 for startAsFollower
2019-09-18 13:45:41,554 [pool-139-thread-1] INFO  impl.RoleInfo (RoleInfo.java:updateAndGet(143)) - 1bd0f68f-f4aa-4051-9d98-01d4be462bcd: start FollowerState
2019-09-18 13:45:41,555 [pool-139-thread-1] INFO  util.JmxRegister (JmxRegister.java:tryRegister(44)) - Successfully registered JMX Bean with object name Ratis:service=RaftServer,group=group-597C05EDB8C6,id=1bd0f68f-f4aa-4051-9d98-01d4be462bcd
2019-09-18 13:45:41,557 [RatisPipelineUtilsThread] INFO  pipeline.PipelineStateManager (PipelineStateManager.java:addPipeline(56)) - Created pipeline Pipeline[ Id: d16d0bb4-72c0-4a24-9f03-597c05edb8c6, Nodes: 1bd0f68f-f4aa-4051-9d98-01d4be462bcd{ip: 192.168.69.108, host: pr-hdds-2141-4zm8s-3863693661, networkLocation: /default-rack, certSerialId: null}, Type:RATIS, Factor:ONE, State:OPEN]
2019-09-18 13:45:41,585 [grpc-default-executor-2] INFO  impl.RaftServerProxy (RaftServerProxy.java:addNew(89)) - 1bd0f68f-f4aa-4051-9d98-01d4be462bcd: addNew group-F508A6BF04EB:[aa82dec1-0876-47e1-b987-76a1ffe9ede1:192.168.69.108:39775, 13e42da7-b798-4787-94f3-5705de2dc0e3:192.168.69.108:41366, 1bd0f68f-f4aa-4051-9d98-01d4be462bcd:192.168.69.108:34021] returns group-F508A6BF04EB:java.util.concurrent.CompletableFuture@4f527ac6[Not completed]
2019-09-18 13:45:41,585 [grpc-default-executor-0] INFO  impl.RaftServerProxy (RaftServerProxy.java:addNew(89)) - aa82dec1-0876-47e1-b987-76a1ffe9ede1: addNew group-F508A6BF04EB:[aa82dec1-0876-47e1-b987-76a1ffe9ede1:192.168.69.108:39775, 13e42da7-b798-4787-94f3-5705de2dc0e3:192.168.69.108:41366, 1bd0f68f-f4aa-4051-9d98-01d4be462bcd:192.168.69.108:34021] returns group-F508A6BF04EB:java.util.concurrent.CompletableFuture@2dcf3b66[Not completed]
2019-09-18 13:45:41,585 [grpc-default-executor-3] INFO  impl.RaftServerProxy (RaftServerProxy.java:addNew(89)) - 13e42da7-b798-4787-94f3-5705de2dc0e3: addNew group-F508A6BF04EB:[aa82dec1-0876-47e1-b987-76a1ffe9ede1:192.168.69.108:39775, 13e42da7-b798-4787-94f3-5705de2dc0e3:192.168.69.108:41366, 1bd0f68f-f4aa-4051-9d98-01d4be462bcd:192.168.69.108:34021] returns group-F508A6BF04EB:java.util.concurrent.CompletableFuture@346764f6[Not completed]
2019-09-18 13:45:41,587 [pool-119-thread-1] INFO  impl.RaftServerImpl (RaftServerImpl.java:<init>(95)) - 13e42da7-b798-4787-94f3-5705de2dc0e3: new RaftServerImpl for group-F508A6BF04EB:[aa82dec1-0876-47e1-b987-76a1ffe9ede1:192.168.69.108:39775, 13e42da7-b798-4787-94f3-5705de2dc0e3:192.168.69.108:41366, 1bd0f68f-f4aa-4051-9d98-01d4be462bcd:192.168.69.108:34021] with ContainerStateMachine:uninitialized
2019-09-18 13:45:41,587 [pool-119-thread-1] INFO  server.RaftServerConfigKeys (ConfUtils.java:logGet(43)) - raft.server.rpc.timeout.min = 5s (custom)
2019-09-18 13:45:41,587 [pool-119-thread-1] INFO  server.RaftServerConfigKeys (ConfUtils.java:logGet(43)) - raft.server.rpc.timeout.max = 5200ms (custom)
2019-09-18 13:45:41,587 [pool-119-thread-1] INFO  server.RaftServerConfigKeys (ConfUtils.java:logGet(43)) - raft.server.rpcslowness.timeout = 120s (custom)
2019-09-18 13:45:41,587 [pool-129-thread-1] INFO  impl.RaftServerImpl (RaftServerImpl.java:<init>(95)) - aa82dec1-0876-47e1-b987-76a1ffe9ede1: new RaftServerImpl for group-F508A6BF04EB:[aa82dec1-0876-47e1-b987-76a1ffe9ede1:192.168.69.108:39775, 13e42da7-b798-4787-94f3-5705de2dc0e3:192.168.69.108:41366, 1bd0f68f-f4aa-4051-9d98-01d4be462bcd:192.168.69.108:34021] with ContainerStateMachine:uninitialized
2019-09-18 13:45:41,587 [pool-119-thread-1] INFO  server.RaftServerConfigKeys (ConfUtils.java:logGet(43)) - raft.server.sleep.deviation.threshold = 300 (default)
2019-09-18 13:45:41,588 [pool-129-thread-1] INFO  server.RaftServerConfigKeys (ConfUtils.java:logGet(43)) - raft.server.rpc.timeout.min = 5s (custom)
2019-09-18 13:45:41,588 [pool-119-thread-1] INFO  server.RaftServerConfigKeys (ConfUtils.java:logGet(43)) - raft.server.log.appender.install.snapshot.enabled = false (custom)
2019-09-18 13:45:41,588 [pool-129-thread-1] INFO  server.RaftServerConfigKeys (ConfUtils.java:logGet(43)) - raft.server.rpc.timeout.max = 5200ms (custom)
2019-09-18 13:45:41,588 [pool-119-thread-1] INFO  impl.RaftServerImpl (ServerState.java:<init>(103)) - 13e42da7-b798-4787-94f3-5705de2dc0e3@group-F508A6BF04EB: ConfigurationManager, init=-1: [aa82dec1-0876-47e1-b987-76a1ffe9ede1:192.168.69.108:39775, 13e42da7-b798-4787-94f3-5705de2dc0e3:192.168.69.108:41366, 1bd0f68f-f4aa-4051-9d98-01d4be462bcd:192.168.69.108:34021], old=null, confs=<EMPTY_MAP>
2019-09-18 13:45:41,588 [pool-139-thread-1] INFO  impl.RaftServerImpl (RaftServerImpl.java:<init>(95)) - 1bd0f68f-f4aa-4051-9d98-01d4be462bcd: new RaftServerImpl for group-F508A6BF04EB:[aa82dec1-0876-47e1-b987-76a1ffe9ede1:192.168.69.108:39775, 13e42da7-b798-4787-94f3-5705de2dc0e3:192.168.69.108:41366, 1bd0f68f-f4aa-4051-9d98-01d4be462bcd:192.168.69.108:34021] with ContainerStateMachine:uninitialized
2019-09-18 13:45:41,588 [pool-129-thread-1] INFO  server.RaftServerConfigKeys (ConfUtils.java:logGet(43)) - raft.server.rpcslowness.timeout = 120s (custom)
2019-09-18 13:45:41,588 [pool-139-thread-1] INFO  server.RaftServerConfigKeys (ConfUtils.java:logGet(43)) - raft.server.rpc.timeout.min = 5s (custom)
2019-09-18 13:45:41,588 [pool-119-thread-1] INFO  server.RaftServerConfigKeys (ConfUtils.java:logGet(43)) - raft.server.storage.dir = [/workdir/hadoop-ozone/integration-test/target/test-dir/MiniOzoneClusterImpl-5927a352-8e01-48c7-b674-de64d96b5a66/datanode-0/data/ratis] (custom)
2019-09-18 13:45:41,588 [pool-139-thread-1] INFO  server.RaftServerConfigKeys (ConfUtils.java:logGet(43)) - raft.server.rpc.timeout.max = 5200ms (custom)
2019-09-18 13:45:41,588 [pool-129-thread-1] INFO  server.RaftServerConfigKeys (ConfUtils.java:logGet(43)) - raft.server.sleep.deviation.threshold = 300 (default)
2019-09-18 13:45:41,589 [pool-139-thread-1] INFO  server.RaftServerConfigKeys (ConfUtils.java:logGet(43)) - raft.server.rpcslowness.timeout = 120s (custom)
2019-09-18 13:45:41,589 [pool-119-thread-1] INFO  storage.RaftStorageDirectory (RaftStorageDirectory.java:analyzeStorage(246)) - The storage directory /workdir/hadoop-ozone/integration-test/target/test-dir/MiniOzoneClusterImpl-5927a352-8e01-48c7-b674-de64d96b5a66/datanode-0/data/ratis/84888843-c42f-404e-b03a-f508a6bf04eb does not exist. Creating ...
2019-09-18 13:45:41,589 [pool-129-thread-1] INFO  server.RaftServerConfigKeys (ConfUtils.java:logGet(43)) - raft.server.log.appender.install.snapshot.enabled = false (custom)
2019-09-18 13:45:41,589 [pool-139-thread-1] INFO  server.RaftServerConfigKeys (ConfUtils.java:logGet(43)) - raft.server.sleep.deviation.threshold = 300 (default)
2019-09-18 13:45:41,589 [pool-129-thread-1] INFO  impl.RaftServerImpl (ServerState.java:<init>(103)) - aa82dec1-0876-47e1-b987-76a1ffe9ede1@group-F508A6BF04EB: ConfigurationManager, init=-1: [aa82dec1-0876-47e1-b987-76a1ffe9ede1:192.168.69.108:39775, 13e42da7-b798-4787-94f3-5705de2dc0e3:192.168.69.108:41366, 1bd0f68f-f4aa-4051-9d98-01d4be462bcd:192.168.69.108:34021], old=null, confs=<EMPTY_MAP>
2019-09-18 13:45:41,589 [pool-139-thread-1] INFO  server.RaftServerConfigKeys (ConfUtils.java:logGet(43)) - raft.server.log.appender.install.snapshot.enabled = false (custom)
2019-09-18 13:45:41,589 [pool-129-thread-1] INFO  server.RaftServerConfigKeys (ConfUtils.java:logGet(43)) - raft.server.storage.dir = [/workdir/hadoop-ozone/integration-test/target/test-dir/MiniOzoneClusterImpl-5927a352-8e01-48c7-b674-de64d96b5a66/datanode-1/data/ratis] (custom)
2019-09-18 13:45:41,589 [pool-139-thread-1] INFO  impl.RaftServerImpl (ServerState.java:<init>(103)) - 1bd0f68f-f4aa-4051-9d98-01d4be462bcd@group-F508A6BF04EB: ConfigurationManager, init=-1: [aa82dec1-0876-47e1-b987-76a1ffe9ede1:192.168.69.108:39775, 13e42da7-b798-4787-94f3-5705de2dc0e3:192.168.69.108:41366, 1bd0f68f-f4aa-4051-9d98-01d4be462bcd:192.168.69.108:34021], old=null, confs=<EMPTY_MAP>
2019-09-18 13:45:41,590 [pool-139-thread-1] INFO  server.RaftServerConfigKeys (ConfUtils.java:logGet(43)) - raft.server.storage.dir = [/workdir/hadoop-ozone/integration-test/target/test-dir/MiniOzoneClusterImpl-5927a352-8e01-48c7-b674-de64d96b5a66/datanode-2/data/ratis] (custom)
2019-09-18 13:45:41,590 [pool-129-thread-1] INFO  storage.RaftStorageDirectory (RaftStorageDirectory.java:analyzeStorage(246)) - The storage directory /workdir/hadoop-ozone/integration-test/target/test-dir/MiniOzoneClusterImpl-5927a352-8e01-48c7-b674-de64d96b5a66/datanode-1/data/ratis/84888843-c42f-404e-b03a-f508a6bf04eb does not exist. Creating ...
2019-09-18 13:45:41,590 [pool-139-thread-1] INFO  storage.RaftStorageDirectory (RaftStorageDirectory.java:analyzeStorage(246)) - The storage directory /workdir/hadoop-ozone/integration-test/target/test-dir/MiniOzoneClusterImpl-5927a352-8e01-48c7-b674-de64d96b5a66/datanode-2/data/ratis/84888843-c42f-404e-b03a-f508a6bf04eb does not exist. Creating ...
2019-09-18 13:45:41,602 [pool-129-thread-1] INFO  storage.RaftStorageDirectory (RaftStorageDirectory.java:tryLock(328)) - Lock on /workdir/hadoop-ozone/integration-test/target/test-dir/MiniOzoneClusterImpl-5927a352-8e01-48c7-b674-de64d96b5a66/datanode-1/data/ratis/84888843-c42f-404e-b03a-f508a6bf04eb/in_use.lock acquired by nodename 6233@pr-hdds-2141-4zm8s-3863693661
2019-09-18 13:45:41,602 [pool-139-thread-1] INFO  storage.RaftStorageDirectory (RaftStorageDirectory.java:tryLock(328)) - Lock on /workdir/hadoop-ozone/integration-test/target/test-dir/MiniOzoneClusterImpl-5927a352-8e01-48c7-b674-de64d96b5a66/datanode-2/data/ratis/84888843-c42f-404e-b03a-f508a6bf04eb/in_use.lock acquired by nodename 6233@pr-hdds-2141-4zm8s-3863693661
2019-09-18 13:45:41,602 [pool-119-thread-1] INFO  storage.RaftStorageDirectory (RaftStorageDirectory.java:tryLock(328)) - Lock on /workdir/hadoop-ozone/integration-test/target/test-dir/MiniOzoneClusterImpl-5927a352-8e01-48c7-b674-de64d96b5a66/datanode-0/data/ratis/84888843-c42f-404e-b03a-f508a6bf04eb/in_use.lock acquired by nodename 6233@pr-hdds-2141-4zm8s-3863693661
2019-09-18 13:45:41,606 [IPC Server handler 17 on 42668] INFO  net.NetworkTopology (NetworkTopologyImpl.java:add(111)) - Added a new node: /default-rack/7da8198c-25f9-4afe-be03-ce72c852c5e7
2019-09-18 13:45:41,606 [IPC Server handler 17 on 42668] INFO  node.SCMNodeManager (SCMNodeManager.java:register(266)) - Registered Data node : 7da8198c-25f9-4afe-be03-ce72c852c5e7{ip: 192.168.69.108, host: pr-hdds-2141-4zm8s-3863693661, networkLocation: /default-rack, certSerialId: null}
2019-09-18 13:45:41,607 [pool-139-thread-1] INFO  storage.RaftStorage (RaftStorage.java:format(72)) - Storage directory /workdir/hadoop-ozone/integration-test/target/test-dir/MiniOzoneClusterImpl-5927a352-8e01-48c7-b674-de64d96b5a66/datanode-2/data/ratis/84888843-c42f-404e-b03a-f508a6bf04eb has been successfully formatted.
2019-09-18 13:45:41,607 [pool-129-thread-1] INFO  storage.RaftStorage (RaftStorage.java:format(72)) - Storage directory /workdir/hadoop-ozone/integration-test/target/test-dir/MiniOzoneClusterImpl-5927a352-8e01-48c7-b674-de64d96b5a66/datanode-1/data/ratis/84888843-c42f-404e-b03a-f508a6bf04eb has been successfully formatted.
2019-09-18 13:45:41,607 [pool-119-thread-1] INFO  storage.RaftStorage (RaftStorage.java:format(72)) - Storage directory /workdir/hadoop-ozone/integration-test/target/test-dir/MiniOzoneClusterImpl-5927a352-8e01-48c7-b674-de64d96b5a66/datanode-0/data/ratis/84888843-c42f-404e-b03a-f508a6bf04eb has been successfully formatted.
2019-09-18 13:45:41,607 [pool-129-thread-1] INFO  ratis.ContainerStateMachine (ContainerStateMachine.java:loadSnapshot(230)) - group-F508A6BF04EB: The snapshot info is null. Setting the last applied indexto:(t:0, i:~)
2019-09-18 13:45:41,607 [pool-139-thread-1] INFO  ratis.ContainerStateMachine (ContainerStateMachine.java:loadSnapshot(230)) - group-F508A6BF04EB: The snapshot info is null. Setting the last applied indexto:(t:0, i:~)
2019-09-18 13:45:41,607 [pool-129-thread-1] INFO  server.RaftServerConfigKeys (ConfUtils.java:logGet(43)) - raft.server.notification.no-leader.timeout = 120s (custom)
2019-09-18 13:45:41,607 [pool-119-thread-1] INFO  ratis.ContainerStateMachine (ContainerStateMachine.java:loadSnapshot(230)) - group-F508A6BF04EB: The snapshot info is null. Setting the last applied indexto:(t:0, i:~)
2019-09-18 13:45:41,608 [pool-129-thread-1] INFO  server.RaftServerConfigKeys (ConfUtils.java:logGet(43)) - raft.server.log.use.memory = false (default)
2019-09-18 13:45:41,608 [pool-139-thread-1] INFO  server.RaftServerConfigKeys (ConfUtils.java:logGet(43)) - raft.server.notification.no-leader.timeout = 120s (custom)
2019-09-18 13:45:41,608 [pool-129-thread-1] INFO  server.RaftServerConfigKeys (ConfUtils.java:logGet(43)) - raft.server.log.purge.gap = 1000000 (custom)
2019-09-18 13:45:41,608 [pool-119-thread-1] INFO  server.RaftServerConfigKeys (ConfUtils.java:logGet(43)) - raft.server.notification.no-leader.timeout = 120s (custom)
2019-09-18 13:45:41,608 [pool-129-thread-1] INFO  server.RaftServerConfigKeys (ConfUtils.java:logGet(43)) - raft.server.log.appender.buffer.byte-limit = 33554432 (custom)
2019-09-18 13:45:41,608 [pool-139-thread-1] INFO  server.RaftServerConfigKeys (ConfUtils.java:logGet(43)) - raft.server.log.use.memory = false (default)
2019-09-18 13:45:41,608 [pool-129-thread-1] INFO  server.RaftServerConfigKeys (ConfUtils.java:logGet(43)) - raft.server.log.segment.size.max = 1048576 (custom)
2019-09-18 13:45:41,608 [pool-119-thread-1] INFO  server.RaftServerConfigKeys (ConfUtils.java:logGet(43)) - raft.server.log.use.memory = false (default)
2019-09-18 13:45:41,609 [pool-129-thread-1] INFO  server.RaftServerConfigKeys (ConfUtils.java:logGet(43)) - raft.server.log.segment.cache.num.max = 2 (custom)
2019-09-18 13:45:41,608 [pool-139-thread-1] INFO  server.RaftServerConfigKeys (ConfUtils.java:logGet(43)) - raft.server.log.purge.gap = 1000000 (custom)
2019-09-18 13:45:41,609 [pool-129-thread-1] INFO  segmented.SegmentedRaftLogWorker (SegmentedRaftLogWorker.java:<init>(172)) - new aa82dec1-0876-47e1-b987-76a1ffe9ede1@group-F508A6BF04EB-SegmentedRaftLogWorker for RaftStorage:Storage Directory /workdir/hadoop-ozone/integration-test/target/test-dir/MiniOzoneClusterImpl-5927a352-8e01-48c7-b674-de64d96b5a66/datanode-1/data/ratis/84888843-c42f-404e-b03a-f508a6bf04eb
2019-09-18 13:45:41,609 [pool-119-thread-1] INFO  server.RaftServerConfigKeys (ConfUtils.java:logGet(43)) - raft.server.log.purge.gap = 1000000 (custom)
2019-09-18 13:45:41,609 [pool-129-thread-1] INFO  server.RaftServerConfigKeys (ConfUtils.java:logGet(43)) - raft.server.log.queue.byte-limit = 2147483647 (custom)
2019-09-18 13:45:41,609 [pool-139-thread-1] INFO  server.RaftServerConfigKeys (ConfUtils.java:logGet(43)) - raft.server.log.appender.buffer.byte-limit = 33554432 (custom)
2019-09-18 13:45:41,609 [pool-129-thread-1] INFO  server.RaftServerConfigKeys (ConfUtils.java:logGet(43)) - raft.server.log.queue.element-limit = 1024 (custom)
2019-09-18 13:45:41,609 [pool-119-thread-1] INFO  server.RaftServerConfigKeys (ConfUtils.java:logGet(43)) - raft.server.log.appender.buffer.byte-limit = 33554432 (custom)
2019-09-18 13:45:41,610 [pool-129-thread-1] INFO  server.RaftServerConfigKeys (ConfUtils.java:logGet(43)) - raft.server.log.segment.size.max = 1048576 (custom)
2019-09-18 13:45:41,609 [pool-139-thread-1] INFO  server.RaftServerConfigKeys (ConfUtils.java:logGet(43)) - raft.server.log.segment.size.max = 1048576 (custom)
2019-09-18 13:45:41,610 [pool-129-thread-1] INFO  server.RaftServerConfigKeys (ConfUtils.java:logGet(43)) - raft.server.log.preallocated.size = 16384 (custom)
2019-09-18 13:45:41,610 [pool-119-thread-1] INFO  server.RaftServerConfigKeys (ConfUtils.java:logGet(43)) - raft.server.log.segment.size.max = 1048576 (custom)
2019-09-18 13:45:41,610 [pool-129-thread-1] INFO  server.RaftServerConfigKeys (ConfUtils.java:logGet(43)) - raft.server.log.write.buffer.size = 33554432 (custom)
2019-09-18 13:45:41,610 [pool-139-thread-1] INFO  server.RaftServerConfigKeys (ConfUtils.java:logGet(43)) - raft.server.log.segment.cache.num.max = 2 (custom)
2019-09-18 13:45:41,610 [pool-129-thread-1] INFO  server.RaftServerConfigKeys (ConfUtils.java:logGet(43)) - raft.server.log.force.sync.num = 128 (default)
2019-09-18 13:45:41,610 [pool-119-thread-1] INFO  server.RaftServerConfigKeys (ConfUtils.java:logGet(43)) - raft.server.log.segment.cache.num.max = 2 (custom)
2019-09-18 13:45:41,611 [pool-129-thread-1] INFO  server.RaftServerConfigKeys (ConfUtils.java:logGet(43)) - raft.server.log.statemachine.data.sync = true (default)
2019-09-18 13:45:41,611 [pool-139-thread-1] INFO  segmented.SegmentedRaftLogWorker (SegmentedRaftLogWorker.java:<init>(172)) - new 1bd0f68f-f4aa-4051-9d98-01d4be462bcd@group-F508A6BF04EB-SegmentedRaftLogWorker for RaftStorage:Storage Directory /workdir/hadoop-ozone/integration-test/target/test-dir/MiniOzoneClusterImpl-5927a352-8e01-48c7-b674-de64d96b5a66/datanode-2/data/ratis/84888843-c42f-404e-b03a-f508a6bf04eb
2019-09-18 13:45:41,611 [pool-129-thread-1] INFO  server.RaftServerConfigKeys (ConfUtils.java:logGet(43)) - raft.server.log.statemachine.data.sync.timeout = 10s (default)
2019-09-18 13:45:41,611 [pool-119-thread-1] INFO  segmented.SegmentedRaftLogWorker (SegmentedRaftLogWorker.java:<init>(172)) - new 13e42da7-b798-4787-94f3-5705de2dc0e3@group-F508A6BF04EB-SegmentedRaftLogWorker for RaftStorage:Storage Directory /workdir/hadoop-ozone/integration-test/target/test-dir/MiniOzoneClusterImpl-5927a352-8e01-48c7-b674-de64d96b5a66/datanode-0/data/ratis/84888843-c42f-404e-b03a-f508a6bf04eb
2019-09-18 13:45:41,611 [pool-129-thread-1] INFO  server.RaftServerConfigKeys (ConfUtils.java:logGet(43)) - raft.server.log.statemachine.data.sync.timeout.retry = -1 (default)
2019-09-18 13:45:41,611 [pool-139-thread-1] INFO  server.RaftServerConfigKeys (ConfUtils.java:logGet(43)) - raft.server.log.queue.byte-limit = 2147483647 (custom)
2019-09-18 13:45:41,612 [pool-129-thread-1] INFO  server.RaftServerConfigKeys (ConfUtils.java:logGet(43)) - raft.server.log.statemachine.data.caching.enabled = true (custom)
2019-09-18 13:45:41,611 [pool-119-thread-1] INFO  server.RaftServerConfigKeys (ConfUtils.java:logGet(43)) - raft.server.log.queue.byte-limit = 2147483647 (custom)
2019-09-18 13:45:41,612 [pool-129-thread-1] INFO  segmented.SegmentedRaftLogWorker (SegmentedRaftLogWorker.java:lambda$new$0(132)) - aa82dec1-0876-47e1-b987-76a1ffe9ede1@group-F508A6BF04EB-SegmentedRaftLogWorker: flushIndex: setUnconditionally 0 -> -1
2019-09-18 13:45:41,612 [pool-139-thread-1] INFO  server.RaftServerConfigKeys (ConfUtils.java:logGet(43)) - raft.server.log.queue.element-limit = 1024 (custom)
2019-09-18 13:45:41,612 [pool-119-thread-1] INFO  server.RaftServerConfigKeys (ConfUtils.java:logGet(43)) - raft.server.log.queue.element-limit = 1024 (custom)
2019-09-18 13:45:41,612 [pool-139-thread-1] INFO  server.RaftServerConfigKeys (ConfUtils.java:logGet(43)) - raft.server.log.segment.size.max = 1048576 (custom)
2019-09-18 13:45:41,612 [pool-129-thread-1] INFO  server.RaftServerConfigKeys (ConfUtils.java:logGet(43)) - raft.server.snapshot.auto.trigger.enabled = true (custom)
2019-09-18 13:45:41,613 [pool-139-thread-1] INFO  server.RaftServerConfigKeys (ConfUtils.java:logGet(43)) - raft.server.log.preallocated.size = 16384 (custom)
2019-09-18 13:45:41,612 [pool-119-thread-1] INFO  server.RaftServerConfigKeys (ConfUtils.java:logGet(43)) - raft.server.log.segment.size.max = 1048576 (custom)
2019-09-18 13:45:41,613 [pool-139-thread-1] INFO  server.RaftServerConfigKeys (ConfUtils.java:logGet(43)) - raft.server.log.write.buffer.size = 33554432 (custom)
2019-09-18 13:45:41,613 [pool-129-thread-1] INFO  server.RaftServerConfigKeys (ConfUtils.java:logGet(43)) - raft.server.snapshot.auto.trigger.threshold = 10000 (custom)
2019-09-18 13:45:41,613 [pool-139-thread-1] INFO  server.RaftServerConfigKeys (ConfUtils.java:logGet(43)) - raft.server.log.force.sync.num = 128 (default)
2019-09-18 13:45:41,613 [pool-119-thread-1] INFO  server.RaftServerConfigKeys (ConfUtils.java:logGet(43)) - raft.server.log.preallocated.size = 16384 (custom)
2019-09-18 13:45:41,613 [pool-139-thread-1] INFO  server.RaftServerConfigKeys (ConfUtils.java:logGet(43)) - raft.server.log.statemachine.data.sync = true (default)
2019-09-18 13:45:41,613 [pool-129-thread-1] INFO  server.RaftServerConfigKeys (ConfUtils.java:logGet(43)) - raft.server.snapshot.retention.num.files = 5 (custom)
2019-09-18 13:45:41,614 [pool-139-thread-1] INFO  server.RaftServerConfigKeys (ConfUtils.java:logGet(43)) - raft.server.log.statemachine.data.sync.timeout = 10s (default)
2019-09-18 13:45:41,614 [pool-119-thread-1] INFO  server.RaftServerConfigKeys (ConfUtils.java:logGet(43)) - raft.server.log.write.buffer.size = 33554432 (custom)
2019-09-18 13:45:41,614 [pool-139-thread-1] INFO  server.RaftServerConfigKeys (ConfUtils.java:logGet(43)) - raft.server.log.statemachine.data.sync.timeout.retry = -1 (default)
2019-09-18 13:45:41,614 [pool-129-thread-1] INFO  server.RaftServerConfigKeys (ConfUtils.java:logGet(43)) - raft.server.retrycache.expirytime = 600000ms (custom)
2019-09-18 13:45:41,614 [pool-139-thread-1] INFO  server.RaftServerConfigKeys (ConfUtils.java:logGet(43)) - raft.server.log.statemachine.data.caching.enabled = true (custom)
2019-09-18 13:45:41,614 [pool-119-thread-1] INFO  server.RaftServerConfigKeys (ConfUtils.java:logGet(43)) - raft.server.log.force.sync.num = 128 (default)
2019-09-18 13:45:41,615 [pool-139-thread-1] INFO  segmented.SegmentedRaftLogWorker (SegmentedRaftLogWorker.java:lambda$new$0(132)) - 1bd0f68f-f4aa-4051-9d98-01d4be462bcd@group-F508A6BF04EB-SegmentedRaftLogWorker: flushIndex: setUnconditionally 0 -> -1
2019-09-18 13:45:41,615 [pool-119-thread-1] INFO  server.RaftServerConfigKeys (ConfUtils.java:logGet(43)) - raft.server.log.statemachine.data.sync = true (default)
2019-09-18 13:45:41,615 [pool-139-thread-1] INFO  server.RaftServerConfigKeys (ConfUtils.java:logGet(43)) - raft.server.snapshot.auto.trigger.enabled = true (custom)
2019-09-18 13:45:41,615 [pool-119-thread-1] INFO  server.RaftServerConfigKeys (ConfUtils.java:logGet(43)) - raft.server.log.statemachine.data.sync.timeout = 10s (default)
2019-09-18 13:45:41,615 [pool-139-thread-1] INFO  server.RaftServerConfigKeys (ConfUtils.java:logGet(43)) - raft.server.snapshot.auto.trigger.threshold = 10000 (custom)
2019-09-18 13:45:41,616 [pool-119-thread-1] INFO  server.RaftServerConfigKeys (ConfUtils.java:logGet(43)) - raft.server.log.statemachine.data.sync.timeout.retry = -1 (default)
2019-09-18 13:45:41,616 [pool-139-thread-1] INFO  server.RaftServerConfigKeys (ConfUtils.java:logGet(43)) - raft.server.snapshot.retention.num.files = 5 (custom)
2019-09-18 13:45:41,616 [pool-119-thread-1] INFO  server.RaftServerConfigKeys (ConfUtils.java:logGet(43)) - raft.server.log.statemachine.data.caching.enabled = true (custom)
2019-09-18 13:45:41,616 [pool-139-thread-1] INFO  server.RaftServerConfigKeys (ConfUtils.java:logGet(43)) - raft.server.retrycache.expirytime = 600000ms (custom)
2019-09-18 13:45:41,617 [pool-119-thread-1] INFO  segmented.SegmentedRaftLogWorker (SegmentedRaftLogWorker.java:lambda$new$0(132)) - 13e42da7-b798-4787-94f3-5705de2dc0e3@group-F508A6BF04EB-SegmentedRaftLogWorker: flushIndex: setUnconditionally 0 -> -1
2019-09-18 13:45:41,617 [pool-129-thread-1] INFO  impl.RaftServerImpl (RaftServerImpl.java:start(185)) - aa82dec1-0876-47e1-b987-76a1ffe9ede1@group-F508A6BF04EB: start as a follower, conf=-1: [aa82dec1-0876-47e1-b987-76a1ffe9ede1:192.168.69.108:39775, 13e42da7-b798-4787-94f3-5705de2dc0e3:192.168.69.108:41366, 1bd0f68f-f4aa-4051-9d98-01d4be462bcd:192.168.69.108:34021], old=null
2019-09-18 13:45:41,617 [pool-129-thread-1] INFO  impl.RaftServerImpl (RaftServerImpl.java:setRole(174)) - aa82dec1-0876-47e1-b987-76a1ffe9ede1@group-F508A6BF04EB: changes role from      null to FOLLOWER at term 0 for startAsFollower
2019-09-18 13:45:41,617 [pool-119-thread-1] INFO  server.RaftServerConfigKeys (ConfUtils.java:logGet(43)) - raft.server.snapshot.auto.trigger.enabled = true (custom)
2019-09-18 13:45:41,617 [pool-129-thread-1] INFO  impl.RoleInfo (RoleInfo.java:updateAndGet(143)) - aa82dec1-0876-47e1-b987-76a1ffe9ede1: start FollowerState
2019-09-18 13:45:41,617 [pool-119-thread-1] INFO  server.RaftServerConfigKeys (ConfUtils.java:logGet(43)) - raft.server.snapshot.auto.trigger.threshold = 10000 (custom)
2019-09-18 13:45:41,618 [pool-119-thread-1] INFO  server.RaftServerConfigKeys (ConfUtils.java:logGet(43)) - raft.server.snapshot.retention.num.files = 5 (custom)
2019-09-18 13:45:41,626 [pool-129-thread-1] INFO  util.JmxRegister (JmxRegister.java:tryRegister(44)) - Successfully registered JMX Bean with object name Ratis:service=RaftServer,group=group-F508A6BF04EB,id=aa82dec1-0876-47e1-b987-76a1ffe9ede1
2019-09-18 13:45:41,626 [pool-119-thread-1] INFO  server.RaftServerConfigKeys (ConfUtils.java:logGet(43)) - raft.server.retrycache.expirytime = 600000ms (custom)
2019-09-18 13:45:41,635 [pool-139-thread-1] INFO  impl.RaftServerImpl (RaftServerImpl.java:start(185)) - 1bd0f68f-f4aa-4051-9d98-01d4be462bcd@group-F508A6BF04EB: start as a follower, conf=-1: [aa82dec1-0876-47e1-b987-76a1ffe9ede1:192.168.69.108:39775, 13e42da7-b798-4787-94f3-5705de2dc0e3:192.168.69.108:41366, 1bd0f68f-f4aa-4051-9d98-01d4be462bcd:192.168.69.108:34021], old=null
2019-09-18 13:45:41,635 [pool-139-thread-1] INFO  impl.RaftServerImpl (RaftServerImpl.java:setRole(174)) - 1bd0f68f-f4aa-4051-9d98-01d4be462bcd@group-F508A6BF04EB: changes role from      null to FOLLOWER at term 0 for startAsFollower
2019-09-18 13:45:41,635 [pool-139-thread-1] INFO  impl.RoleInfo (RoleInfo.java:updateAndGet(143)) - 1bd0f68f-f4aa-4051-9d98-01d4be462bcd: start FollowerState
2019-09-18 13:45:41,636 [pool-139-thread-1] INFO  util.JmxRegister (JmxRegister.java:tryRegister(44)) - Successfully registered JMX Bean with object name Ratis:service=RaftServer,group=group-F508A6BF04EB,id=1bd0f68f-f4aa-4051-9d98-01d4be462bcd
2019-09-18 13:45:41,636 [pool-119-thread-1] INFO  impl.RaftServerImpl (RaftServerImpl.java:start(185)) - 13e42da7-b798-4787-94f3-5705de2dc0e3@group-F508A6BF04EB: start as a follower, conf=-1: [aa82dec1-0876-47e1-b987-76a1ffe9ede1:192.168.69.108:39775, 13e42da7-b798-4787-94f3-5705de2dc0e3:192.168.69.108:41366, 1bd0f68f-f4aa-4051-9d98-01d4be462bcd:192.168.69.108:34021], old=null
2019-09-18 13:45:41,636 [pool-119-thread-1] INFO  impl.RaftServerImpl (RaftServerImpl.java:setRole(174)) - 13e42da7-b798-4787-94f3-5705de2dc0e3@group-F508A6BF04EB: changes role from      null to FOLLOWER at term 0 for startAsFollower
2019-09-18 13:45:41,636 [pool-119-thread-1] INFO  impl.RoleInfo (RoleInfo.java:updateAndGet(143)) - 13e42da7-b798-4787-94f3-5705de2dc0e3: start FollowerState
2019-09-18 13:45:41,637 [pool-119-thread-1] INFO  util.JmxRegister (JmxRegister.java:tryRegister(44)) - Successfully registered JMX Bean with object name Ratis:service=RaftServer,group=group-F508A6BF04EB,id=13e42da7-b798-4787-94f3-5705de2dc0e3
2019-09-18 13:45:41,639 [RatisPipelineUtilsThread] INFO  pipeline.PipelineStateManager (PipelineStateManager.java:addPipeline(56)) - Created pipeline Pipeline[ Id: 84888843-c42f-404e-b03a-f508a6bf04eb, Nodes: 1bd0f68f-f4aa-4051-9d98-01d4be462bcd{ip: 192.168.69.108, host: pr-hdds-2141-4zm8s-3863693661, networkLocation: /default-rack, certSerialId: null}13e42da7-b798-4787-94f3-5705de2dc0e3{ip: 192.168.69.108, host: pr-hdds-2141-4zm8s-3863693661, networkLocation: /default-rack, certSerialId: null}aa82dec1-0876-47e1-b987-76a1ffe9ede1{ip: 192.168.69.108, host: pr-hdds-2141-4zm8s-3863693661, networkLocation: /default-rack, certSerialId: null}, Type:RATIS, Factor:THREE, State:OPEN]
2019-09-18 13:45:41,701 [IPC Server handler 14 on 42668] INFO  net.NetworkTopology (NetworkTopologyImpl.java:add(111)) - Added a new node: /default-rack/190c8f4e-c6ca-4a74-8304-071ce80ebd18
2019-09-18 13:45:41,701 [IPC Server handler 14 on 42668] INFO  node.SCMNodeManager (SCMNodeManager.java:register(266)) - Registered Data node : 190c8f4e-c6ca-4a74-8304-071ce80ebd18{ip: 192.168.69.108, host: pr-hdds-2141-4zm8s-3863693661, networkLocation: /default-rack, certSerialId: null}
2019-09-18 13:45:41,713 [grpc-default-executor-3] INFO  impl.RaftServerProxy (RaftServerProxy.java:addNew(89)) - 190c8f4e-c6ca-4a74-8304-071ce80ebd18: addNew group-22219F2D776D:[190c8f4e-c6ca-4a74-8304-071ce80ebd18:192.168.69.108:35944] returns group-22219F2D776D:java.util.concurrent.CompletableFuture@12e89e92[Not completed]
2019-09-18 13:45:41,720 [pool-159-thread-1] INFO  impl.RaftServerImpl (RaftServerImpl.java:<init>(95)) - 190c8f4e-c6ca-4a74-8304-071ce80ebd18: new RaftServerImpl for group-22219F2D776D:[190c8f4e-c6ca-4a74-8304-071ce80ebd18:192.168.69.108:35944] with ContainerStateMachine:uninitialized
2019-09-18 13:45:41,720 [pool-159-thread-1] INFO  server.RaftServerConfigKeys (ConfUtils.java:logGet(43)) - raft.server.rpc.timeout.min = 5s (custom)
2019-09-18 13:45:41,720 [pool-159-thread-1] INFO  server.RaftServerConfigKeys (ConfUtils.java:logGet(43)) - raft.server.rpc.timeout.max = 5200ms (custom)
2019-09-18 13:45:41,720 [pool-159-thread-1] INFO  server.RaftServerConfigKeys (ConfUtils.java:logGet(43)) - raft.server.rpcslowness.timeout = 120s (custom)
2019-09-18 13:45:41,721 [pool-159-thread-1] INFO  server.RaftServerConfigKeys (ConfUtils.java:logGet(43)) - raft.server.sleep.deviation.threshold = 300 (default)
2019-09-18 13:45:41,721 [pool-159-thread-1] INFO  server.RaftServerConfigKeys (ConfUtils.java:logGet(43)) - raft.server.log.appender.install.snapshot.enabled = false (custom)
2019-09-18 13:45:41,721 [pool-159-thread-1] INFO  impl.RaftServerImpl (ServerState.java:<init>(103)) - 190c8f4e-c6ca-4a74-8304-071ce80ebd18@group-22219F2D776D: ConfigurationManager, init=-1: [190c8f4e-c6ca-4a74-8304-071ce80ebd18:192.168.69.108:35944], old=null, confs=<EMPTY_MAP>
2019-09-18 13:45:41,721 [pool-159-thread-1] INFO  server.RaftServerConfigKeys (ConfUtils.java:logGet(43)) - raft.server.storage.dir = [/workdir/hadoop-ozone/integration-test/target/test-dir/MiniOzoneClusterImpl-5927a352-8e01-48c7-b674-de64d96b5a66/datanode-4/data/ratis] (custom)
2019-09-18 13:45:41,721 [pool-159-thread-1] INFO  storage.RaftStorageDirectory (RaftStorageDirectory.java:analyzeStorage(246)) - The storage directory /workdir/hadoop-ozone/integration-test/target/test-dir/MiniOzoneClusterImpl-5927a352-8e01-48c7-b674-de64d96b5a66/datanode-4/data/ratis/fec069e1-aa27-4717-b996-22219f2d776d does not exist. Creating ...
2019-09-18 13:45:41,734 [pool-159-thread-1] INFO  storage.RaftStorageDirectory (RaftStorageDirectory.java:tryLock(328)) - Lock on /workdir/hadoop-ozone/integration-test/target/test-dir/MiniOzoneClusterImpl-5927a352-8e01-48c7-b674-de64d96b5a66/datanode-4/data/ratis/fec069e1-aa27-4717-b996-22219f2d776d/in_use.lock acquired by nodename 6233@pr-hdds-2141-4zm8s-3863693661
2019-09-18 13:45:41,747 [pool-159-thread-1] INFO  storage.RaftStorage (RaftStorage.java:format(72)) - Storage directory /workdir/hadoop-ozone/integration-test/target/test-dir/MiniOzoneClusterImpl-5927a352-8e01-48c7-b674-de64d96b5a66/datanode-4/data/ratis/fec069e1-aa27-4717-b996-22219f2d776d has been successfully formatted.
2019-09-18 13:45:41,747 [pool-159-thread-1] INFO  ratis.ContainerStateMachine (ContainerStateMachine.java:loadSnapshot(230)) - group-22219F2D776D: The snapshot info is null. Setting the last applied indexto:(t:0, i:~)
2019-09-18 13:45:41,747 [pool-159-thread-1] INFO  server.RaftServerConfigKeys (ConfUtils.java:logGet(43)) - raft.server.notification.no-leader.timeout = 120s (custom)
2019-09-18 13:45:41,747 [pool-159-thread-1] INFO  server.RaftServerConfigKeys (ConfUtils.java:logGet(43)) - raft.server.log.use.memory = false (default)
2019-09-18 13:45:41,747 [pool-159-thread-1] INFO  server.RaftServerConfigKeys (ConfUtils.java:logGet(43)) - raft.server.log.purge.gap = 1000000 (custom)
2019-09-18 13:45:41,748 [pool-159-thread-1] INFO  server.RaftServerConfigKeys (ConfUtils.java:logGet(43)) - raft.server.log.appender.buffer.byte-limit = 33554432 (custom)
2019-09-18 13:45:41,748 [pool-159-thread-1] INFO  server.RaftServerConfigKeys (ConfUtils.java:logGet(43)) - raft.server.log.segment.size.max = 1048576 (custom)
2019-09-18 13:45:41,748 [pool-159-thread-1] INFO  server.RaftServerConfigKeys (ConfUtils.java:logGet(43)) - raft.server.log.segment.cache.num.max = 2 (custom)
2019-09-18 13:45:41,748 [pool-159-thread-1] INFO  segmented.SegmentedRaftLogWorker (SegmentedRaftLogWorker.java:<init>(172)) - new 190c8f4e-c6ca-4a74-8304-071ce80ebd18@group-22219F2D776D-SegmentedRaftLogWorker for RaftStorage:Storage Directory /workdir/hadoop-ozone/integration-test/target/test-dir/MiniOzoneClusterImpl-5927a352-8e01-48c7-b674-de64d96b5a66/datanode-4/data/ratis/fec069e1-aa27-4717-b996-22219f2d776d
2019-09-18 13:45:41,750 [pool-159-thread-1] INFO  server.RaftServerConfigKeys (ConfUtils.java:logGet(43)) - raft.server.log.queue.byte-limit = 2147483647 (custom)
2019-09-18 13:45:41,750 [pool-159-thread-1] INFO  server.RaftServerConfigKeys (ConfUtils.java:logGet(43)) - raft.server.log.queue.element-limit = 1024 (custom)
2019-09-18 13:45:41,750 [pool-159-thread-1] INFO  server.RaftServerConfigKeys (ConfUtils.java:logGet(43)) - raft.server.log.segment.size.max = 1048576 (custom)
2019-09-18 13:45:41,750 [pool-159-thread-1] INFO  server.RaftServerConfigKeys (ConfUtils.java:logGet(43)) - raft.server.log.preallocated.size = 16384 (custom)
2019-09-18 13:45:41,750 [pool-159-thread-1] INFO  server.RaftServerConfigKeys (ConfUtils.java:logGet(43)) - raft.server.log.write.buffer.size = 33554432 (custom)
2019-09-18 13:45:41,750 [pool-159-thread-1] INFO  server.RaftServerConfigKeys (ConfUtils.java:logGet(43)) - raft.server.log.force.sync.num = 128 (default)
2019-09-18 13:45:41,750 [pool-159-thread-1] INFO  server.RaftServerConfigKeys (ConfUtils.java:logGet(43)) - raft.server.log.statemachine.data.sync = true (default)
2019-09-18 13:45:41,750 [pool-159-thread-1] INFO  server.RaftServerConfigKeys (ConfUtils.java:logGet(43)) - raft.server.log.statemachine.data.sync.timeout = 10s (default)
2019-09-18 13:45:41,751 [pool-159-thread-1] INFO  server.RaftServerConfigKeys (ConfUtils.java:logGet(43)) - raft.server.log.statemachine.data.sync.timeout.retry = -1 (default)
2019-09-18 13:45:41,751 [pool-159-thread-1] INFO  server.RaftServerConfigKeys (ConfUtils.java:logGet(43)) - raft.server.log.statemachine.data.caching.enabled = true (custom)
2019-09-18 13:45:41,751 [pool-159-thread-1] INFO  segmented.SegmentedRaftLogWorker (SegmentedRaftLogWorker.java:lambda$new$0(132)) - 190c8f4e-c6ca-4a74-8304-071ce80ebd18@group-22219F2D776D-SegmentedRaftLogWorker: flushIndex: setUnconditionally 0 -> -1
2019-09-18 13:45:41,751 [pool-159-thread-1] INFO  server.RaftServerConfigKeys (ConfUtils.java:logGet(43)) - raft.server.snapshot.auto.trigger.enabled = true (custom)
2019-09-18 13:45:41,751 [pool-159-thread-1] INFO  server.RaftServerConfigKeys (ConfUtils.java:logGet(43)) - raft.server.snapshot.auto.trigger.threshold = 10000 (custom)
2019-09-18 13:45:41,751 [pool-159-thread-1] INFO  server.RaftServerConfigKeys (ConfUtils.java:logGet(43)) - raft.server.snapshot.retention.num.files = 5 (custom)
2019-09-18 13:45:41,751 [pool-159-thread-1] INFO  server.RaftServerConfigKeys (ConfUtils.java:logGet(43)) - raft.server.retrycache.expirytime = 600000ms (custom)
2019-09-18 13:45:41,753 [pool-159-thread-1] INFO  impl.RaftServerImpl (RaftServerImpl.java:start(185)) - 190c8f4e-c6ca-4a74-8304-071ce80ebd18@group-22219F2D776D: start as a follower, conf=-1: [190c8f4e-c6ca-4a74-8304-071ce80ebd18:192.168.69.108:35944], old=null
2019-09-18 13:45:41,753 [pool-159-thread-1] INFO  impl.RaftServerImpl (RaftServerImpl.java:setRole(174)) - 190c8f4e-c6ca-4a74-8304-071ce80ebd18@group-22219F2D776D: changes role from      null to FOLLOWER at term 0 for startAsFollower
2019-09-18 13:45:41,753 [pool-159-thread-1] INFO  impl.RoleInfo (RoleInfo.java:updateAndGet(143)) - 190c8f4e-c6ca-4a74-8304-071ce80ebd18: start FollowerState
2019-09-18 13:45:41,754 [pool-159-thread-1] INFO  util.JmxRegister (JmxRegister.java:tryRegister(44)) - Successfully registered JMX Bean with object name Ratis:service=RaftServer,group=group-22219F2D776D,id=190c8f4e-c6ca-4a74-8304-071ce80ebd18
2019-09-18 13:45:41,756 [RatisPipelineUtilsThread] INFO  pipeline.PipelineStateManager (PipelineStateManager.java:addPipeline(56)) - Created pipeline Pipeline[ Id: fec069e1-aa27-4717-b996-22219f2d776d, Nodes: 190c8f4e-c6ca-4a74-8304-071ce80ebd18{ip: 192.168.69.108, host: pr-hdds-2141-4zm8s-3863693661, networkLocation: /default-rack, certSerialId: null}, Type:RATIS, Factor:ONE, State:OPEN]
2019-09-18 13:45:41,772 [grpc-default-executor-3] INFO  impl.RaftServerProxy (RaftServerProxy.java:addNew(89)) - 7da8198c-25f9-4afe-be03-ce72c852c5e7: addNew group-E04F3042514A:[7da8198c-25f9-4afe-be03-ce72c852c5e7:192.168.69.108:32829] returns group-E04F3042514A:java.util.concurrent.CompletableFuture@10214212[Not completed]
2019-09-18 13:45:41,778 [pool-149-thread-1] INFO  impl.RaftServerImpl (RaftServerImpl.java:<init>(95)) - 7da8198c-25f9-4afe-be03-ce72c852c5e7: new RaftServerImpl for group-E04F3042514A:[7da8198c-25f9-4afe-be03-ce72c852c5e7:192.168.69.108:32829] with ContainerStateMachine:uninitialized
2019-09-18 13:45:41,778 [pool-149-thread-1] INFO  server.RaftServerConfigKeys (ConfUtils.java:logGet(43)) - raft.server.rpc.timeout.min = 5s (custom)
2019-09-18 13:45:41,778 [pool-149-thread-1] INFO  server.RaftServerConfigKeys (ConfUtils.java:logGet(43)) - raft.server.rpc.timeout.max = 5200ms (custom)
2019-09-18 13:45:41,778 [pool-149-thread-1] INFO  server.RaftServerConfigKeys (ConfUtils.java:logGet(43)) - raft.server.rpcslowness.timeout = 120s (custom)
2019-09-18 13:45:41,778 [pool-149-thread-1] INFO  server.RaftServerConfigKeys (ConfUtils.java:logGet(43)) - raft.server.sleep.deviation.threshold = 300 (default)
2019-09-18 13:45:41,778 [pool-149-thread-1] INFO  server.RaftServerConfigKeys (ConfUtils.java:logGet(43)) - raft.server.log.appender.install.snapshot.enabled = false (custom)
2019-09-18 13:45:41,778 [pool-149-thread-1] INFO  impl.RaftServerImpl (ServerState.java:<init>(103)) - 7da8198c-25f9-4afe-be03-ce72c852c5e7@group-E04F3042514A: ConfigurationManager, init=-1: [7da8198c-25f9-4afe-be03-ce72c852c5e7:192.168.69.108:32829], old=null, confs=<EMPTY_MAP>
2019-09-18 13:45:41,778 [pool-149-thread-1] INFO  server.RaftServerConfigKeys (ConfUtils.java:logGet(43)) - raft.server.storage.dir = [/workdir/hadoop-ozone/integration-test/target/test-dir/MiniOzoneClusterImpl-5927a352-8e01-48c7-b674-de64d96b5a66/datanode-3/data/ratis] (custom)
2019-09-18 13:45:41,779 [pool-149-thread-1] INFO  storage.RaftStorageDirectory (RaftStorageDirectory.java:analyzeStorage(246)) - The storage directory /workdir/hadoop-ozone/integration-test/target/test-dir/MiniOzoneClusterImpl-5927a352-8e01-48c7-b674-de64d96b5a66/datanode-3/data/ratis/3b3b14ac-acde-4a94-8139-e04f3042514a does not exist. Creating ...
2019-09-18 13:45:41,791 [pool-149-thread-1] INFO  storage.RaftStorageDirectory (RaftStorageDirectory.java:tryLock(328)) - Lock on /workdir/hadoop-ozone/integration-test/target/test-dir/MiniOzoneClusterImpl-5927a352-8e01-48c7-b674-de64d96b5a66/datanode-3/data/ratis/3b3b14ac-acde-4a94-8139-e04f3042514a/in_use.lock acquired by nodename 6233@pr-hdds-2141-4zm8s-3863693661
2019-09-18 13:45:41,801 [IPC Server handler 3 on 42668] INFO  net.NetworkTopology (NetworkTopologyImpl.java:add(111)) - Added a new node: /default-rack/4a1c6203-118e-47eb-ba0e-2d5a78f22a0a
2019-09-18 13:45:41,801 [IPC Server handler 3 on 42668] INFO  node.SCMNodeManager (SCMNodeManager.java:register(266)) - Registered Data node : 4a1c6203-118e-47eb-ba0e-2d5a78f22a0a{ip: 192.168.69.108, host: pr-hdds-2141-4zm8s-3863693661, networkLocation: /default-rack, certSerialId: null}
2019-09-18 13:45:41,804 [pool-149-thread-1] INFO  storage.RaftStorage (RaftStorage.java:format(72)) - Storage directory /workdir/hadoop-ozone/integration-test/target/test-dir/MiniOzoneClusterImpl-5927a352-8e01-48c7-b674-de64d96b5a66/datanode-3/data/ratis/3b3b14ac-acde-4a94-8139-e04f3042514a has been successfully formatted.
2019-09-18 13:45:41,804 [pool-149-thread-1] INFO  ratis.ContainerStateMachine (ContainerStateMachine.java:loadSnapshot(230)) - group-E04F3042514A: The snapshot info is null. Setting the last applied indexto:(t:0, i:~)
2019-09-18 13:45:41,804 [pool-149-thread-1] INFO  server.RaftServerConfigKeys (ConfUtils.java:logGet(43)) - raft.server.notification.no-leader.timeout = 120s (custom)
2019-09-18 13:45:41,804 [pool-149-thread-1] INFO  server.RaftServerConfigKeys (ConfUtils.java:logGet(43)) - raft.server.log.use.memory = false (default)
2019-09-18 13:45:41,805 [pool-149-thread-1] INFO  server.RaftServerConfigKeys (ConfUtils.java:logGet(43)) - raft.server.log.purge.gap = 1000000 (custom)
2019-09-18 13:45:41,805 [pool-149-thread-1] INFO  server.RaftServerConfigKeys (ConfUtils.java:logGet(43)) - raft.server.log.appender.buffer.byte-limit = 33554432 (custom)
2019-09-18 13:45:41,805 [pool-149-thread-1] INFO  server.RaftServerConfigKeys (ConfUtils.java:logGet(43)) - raft.server.log.segment.size.max = 1048576 (custom)
2019-09-18 13:45:41,805 [pool-149-thread-1] INFO  server.RaftServerConfigKeys (ConfUtils.java:logGet(43)) - raft.server.log.segment.cache.num.max = 2 (custom)
2019-09-18 13:45:41,805 [pool-149-thread-1] INFO  segmented.SegmentedRaftLogWorker (SegmentedRaftLogWorker.java:<init>(172)) - new 7da8198c-25f9-4afe-be03-ce72c852c5e7@group-E04F3042514A-SegmentedRaftLogWorker for RaftStorage:Storage Directory /workdir/hadoop-ozone/integration-test/target/test-dir/MiniOzoneClusterImpl-5927a352-8e01-48c7-b674-de64d96b5a66/datanode-3/data/ratis/3b3b14ac-acde-4a94-8139-e04f3042514a
2019-09-18 13:45:41,807 [pool-149-thread-1] INFO  server.RaftServerConfigKeys (ConfUtils.java:logGet(43)) - raft.server.log.queue.byte-limit = 2147483647 (custom)
2019-09-18 13:45:41,807 [pool-149-thread-1] INFO  server.RaftServerConfigKeys (ConfUtils.java:logGet(43)) - raft.server.log.queue.element-limit = 1024 (custom)
2019-09-18 13:45:41,807 [pool-149-thread-1] INFO  server.RaftServerConfigKeys (ConfUtils.java:logGet(43)) - raft.server.log.segment.size.max = 1048576 (custom)
2019-09-18 13:45:41,807 [pool-149-thread-1] INFO  server.RaftServerConfigKeys (ConfUtils.java:logGet(43)) - raft.server.log.preallocated.size = 16384 (custom)
2019-09-18 13:45:41,807 [pool-149-thread-1] INFO  server.RaftServerConfigKeys (ConfUtils.java:logGet(43)) - raft.server.log.write.buffer.size = 33554432 (custom)
2019-09-18 13:45:41,808 [pool-149-thread-1] INFO  server.RaftServerConfigKeys (ConfUtils.java:logGet(43)) - raft.server.log.force.sync.num = 128 (default)
2019-09-18 13:45:41,808 [pool-149-thread-1] INFO  server.RaftServerConfigKeys (ConfUtils.java:logGet(43)) - raft.server.log.statemachine.data.sync = true (default)
2019-09-18 13:45:41,808 [pool-149-thread-1] INFO  server.RaftServerConfigKeys (ConfUtils.java:logGet(43)) - raft.server.log.statemachine.data.sync.timeout = 10s (default)
2019-09-18 13:45:41,808 [pool-149-thread-1] INFO  server.RaftServerConfigKeys (ConfUtils.java:logGet(43)) - raft.server.log.statemachine.data.sync.timeout.retry = -1 (default)
2019-09-18 13:45:41,808 [pool-149-thread-1] INFO  server.RaftServerConfigKeys (ConfUtils.java:logGet(43)) - raft.server.log.statemachine.data.caching.enabled = true (custom)
2019-09-18 13:45:41,808 [pool-149-thread-1] INFO  segmented.SegmentedRaftLogWorker (SegmentedRaftLogWorker.java:lambda$new$0(132)) - 7da8198c-25f9-4afe-be03-ce72c852c5e7@group-E04F3042514A-SegmentedRaftLogWorker: flushIndex: setUnconditionally 0 -> -1
2019-09-18 13:45:41,809 [pool-149-thread-1] INFO  server.RaftServerConfigKeys (ConfUtils.java:logGet(43)) - raft.server.snapshot.auto.trigger.enabled = true (custom)
2019-09-18 13:45:41,809 [pool-149-thread-1] INFO  server.RaftServerConfigKeys (ConfUtils.java:logGet(43)) - raft.server.snapshot.auto.trigger.threshold = 10000 (custom)
2019-09-18 13:45:41,809 [pool-149-thread-1] INFO  server.RaftServerConfigKeys (ConfUtils.java:logGet(43)) - raft.server.snapshot.retention.num.files = 5 (custom)
2019-09-18 13:45:41,809 [pool-149-thread-1] INFO  server.RaftServerConfigKeys (ConfUtils.java:logGet(43)) - raft.server.retrycache.expirytime = 600000ms (custom)
2019-09-18 13:45:41,811 [pool-149-thread-1] INFO  impl.RaftServerImpl (RaftServerImpl.java:start(185)) - 7da8198c-25f9-4afe-be03-ce72c852c5e7@group-E04F3042514A: start as a follower, conf=-1: [7da8198c-25f9-4afe-be03-ce72c852c5e7:192.168.69.108:32829], old=null
2019-09-18 13:45:41,811 [pool-149-thread-1] INFO  impl.RaftServerImpl (RaftServerImpl.java:setRole(174)) - 7da8198c-25f9-4afe-be03-ce72c852c5e7@group-E04F3042514A: changes role from      null to FOLLOWER at term 0 for startAsFollower
2019-09-18 13:45:41,811 [pool-149-thread-1] INFO  impl.RoleInfo (RoleInfo.java:updateAndGet(143)) - 7da8198c-25f9-4afe-be03-ce72c852c5e7: start FollowerState
2019-09-18 13:45:41,811 [pool-149-thread-1] INFO  util.JmxRegister (JmxRegister.java:tryRegister(44)) - Successfully registered JMX Bean with object name Ratis:service=RaftServer,group=group-E04F3042514A,id=7da8198c-25f9-4afe-be03-ce72c852c5e7
2019-09-18 13:45:41,814 [RatisPipelineUtilsThread] INFO  pipeline.PipelineStateManager (PipelineStateManager.java:addPipeline(56)) - Created pipeline Pipeline[ Id: 3b3b14ac-acde-4a94-8139-e04f3042514a, Nodes: 7da8198c-25f9-4afe-be03-ce72c852c5e7{ip: 192.168.69.108, host: pr-hdds-2141-4zm8s-3863693661, networkLocation: /default-rack, certSerialId: null}, Type:RATIS, Factor:ONE, State:OPEN]
2019-09-18 13:45:41,824 [grpc-default-executor-3] INFO  impl.RaftServerProxy (RaftServerProxy.java:addNew(89)) - 4a1c6203-118e-47eb-ba0e-2d5a78f22a0a: addNew group-C0DE25BD4848:[4a1c6203-118e-47eb-ba0e-2d5a78f22a0a:192.168.69.108:39109] returns group-C0DE25BD4848:java.util.concurrent.CompletableFuture@71c8df00[Not completed]
2019-09-18 13:45:41,829 [pool-169-thread-1] INFO  impl.RaftServerImpl (RaftServerImpl.java:<init>(95)) - 4a1c6203-118e-47eb-ba0e-2d5a78f22a0a: new RaftServerImpl for group-C0DE25BD4848:[4a1c6203-118e-47eb-ba0e-2d5a78f22a0a:192.168.69.108:39109] with ContainerStateMachine:uninitialized
2019-09-18 13:45:41,829 [pool-169-thread-1] INFO  server.RaftServerConfigKeys (ConfUtils.java:logGet(43)) - raft.server.rpc.timeout.min = 5s (custom)
2019-09-18 13:45:41,829 [pool-169-thread-1] INFO  server.RaftServerConfigKeys (ConfUtils.java:logGet(43)) - raft.server.rpc.timeout.max = 5200ms (custom)
2019-09-18 13:45:41,829 [pool-169-thread-1] INFO  server.RaftServerConfigKeys (ConfUtils.java:logGet(43)) - raft.server.rpcslowness.timeout = 120s (custom)
2019-09-18 13:45:41,829 [pool-169-thread-1] INFO  server.RaftServerConfigKeys (ConfUtils.java:logGet(43)) - raft.server.sleep.deviation.threshold = 300 (default)
2019-09-18 13:45:41,830 [pool-169-thread-1] INFO  server.RaftServerConfigKeys (ConfUtils.java:logGet(43)) - raft.server.log.appender.install.snapshot.enabled = false (custom)
2019-09-18 13:45:41,830 [pool-169-thread-1] INFO  impl.RaftServerImpl (ServerState.java:<init>(103)) - 4a1c6203-118e-47eb-ba0e-2d5a78f22a0a@group-C0DE25BD4848: ConfigurationManager, init=-1: [4a1c6203-118e-47eb-ba0e-2d5a78f22a0a:192.168.69.108:39109], old=null, confs=<EMPTY_MAP>
2019-09-18 13:45:41,830 [pool-169-thread-1] INFO  server.RaftServerConfigKeys (ConfUtils.java:logGet(43)) - raft.server.storage.dir = [/workdir/hadoop-ozone/integration-test/target/test-dir/MiniOzoneClusterImpl-5927a352-8e01-48c7-b674-de64d96b5a66/datanode-5/data/ratis] (custom)
2019-09-18 13:45:41,830 [pool-169-thread-1] INFO  storage.RaftStorageDirectory (RaftStorageDirectory.java:analyzeStorage(246)) - The storage directory /workdir/hadoop-ozone/integration-test/target/test-dir/MiniOzoneClusterImpl-5927a352-8e01-48c7-b674-de64d96b5a66/datanode-5/data/ratis/28b3d662-40b4-4100-a795-c0de25bd4848 does not exist. Creating ...
2019-09-18 13:45:41,842 [pool-169-thread-1] INFO  storage.RaftStorageDirectory (RaftStorageDirectory.java:tryLock(328)) - Lock on /workdir/hadoop-ozone/integration-test/target/test-dir/MiniOzoneClusterImpl-5927a352-8e01-48c7-b674-de64d96b5a66/datanode-5/data/ratis/28b3d662-40b4-4100-a795-c0de25bd4848/in_use.lock acquired by nodename 6233@pr-hdds-2141-4zm8s-3863693661
2019-09-18 13:45:41,855 [pool-169-thread-1] INFO  storage.RaftStorage (RaftStorage.java:format(72)) - Storage directory /workdir/hadoop-ozone/integration-test/target/test-dir/MiniOzoneClusterImpl-5927a352-8e01-48c7-b674-de64d96b5a66/datanode-5/data/ratis/28b3d662-40b4-4100-a795-c0de25bd4848 has been successfully formatted.
2019-09-18 13:45:41,855 [pool-169-thread-1] INFO  ratis.ContainerStateMachine (ContainerStateMachine.java:loadSnapshot(230)) - group-C0DE25BD4848: The snapshot info is null. Setting the last applied indexto:(t:0, i:~)
2019-09-18 13:45:41,856 [pool-169-thread-1] INFO  server.RaftServerConfigKeys (ConfUtils.java:logGet(43)) - raft.server.notification.no-leader.timeout = 120s (custom)
2019-09-18 13:45:41,856 [pool-169-thread-1] INFO  server.RaftServerConfigKeys (ConfUtils.java:logGet(43)) - raft.server.log.use.memory = false (default)
2019-09-18 13:45:41,856 [pool-169-thread-1] INFO  server.RaftServerConfigKeys (ConfUtils.java:logGet(43)) - raft.server.log.purge.gap = 1000000 (custom)
2019-09-18 13:45:41,856 [pool-169-thread-1] INFO  server.RaftServerConfigKeys (ConfUtils.java:logGet(43)) - raft.server.log.appender.buffer.byte-limit = 33554432 (custom)
2019-09-18 13:45:41,856 [pool-169-thread-1] INFO  server.RaftServerConfigKeys (ConfUtils.java:logGet(43)) - raft.server.log.segment.size.max = 1048576 (custom)
2019-09-18 13:45:41,856 [pool-169-thread-1] INFO  server.RaftServerConfigKeys (ConfUtils.java:logGet(43)) - raft.server.log.segment.cache.num.max = 2 (custom)
2019-09-18 13:45:41,856 [pool-169-thread-1] INFO  segmented.SegmentedRaftLogWorker (SegmentedRaftLogWorker.java:<init>(172)) - new 4a1c6203-118e-47eb-ba0e-2d5a78f22a0a@group-C0DE25BD4848-SegmentedRaftLogWorker for RaftStorage:Storage Directory /workdir/hadoop-ozone/integration-test/target/test-dir/MiniOzoneClusterImpl-5927a352-8e01-48c7-b674-de64d96b5a66/datanode-5/data/ratis/28b3d662-40b4-4100-a795-c0de25bd4848
2019-09-18 13:45:41,858 [pool-169-thread-1] INFO  server.RaftServerConfigKeys (ConfUtils.java:logGet(43)) - raft.server.log.queue.byte-limit = 2147483647 (custom)
2019-09-18 13:45:41,858 [pool-169-thread-1] INFO  server.RaftServerConfigKeys (ConfUtils.java:logGet(43)) - raft.server.log.queue.element-limit = 1024 (custom)
2019-09-18 13:45:41,859 [pool-169-thread-1] INFO  server.RaftServerConfigKeys (ConfUtils.java:logGet(43)) - raft.server.log.segment.size.max = 1048576 (custom)
2019-09-18 13:45:41,859 [pool-169-thread-1] INFO  server.RaftServerConfigKeys (ConfUtils.java:logGet(43)) - raft.server.log.preallocated.size = 16384 (custom)
2019-09-18 13:45:41,859 [pool-169-thread-1] INFO  server.RaftServerConfigKeys (ConfUtils.java:logGet(43)) - raft.server.log.write.buffer.size = 33554432 (custom)
2019-09-18 13:45:41,859 [pool-169-thread-1] INFO  server.RaftServerConfigKeys (ConfUtils.java:logGet(43)) - raft.server.log.force.sync.num = 128 (default)
2019-09-18 13:45:41,859 [pool-169-thread-1] INFO  server.RaftServerConfigKeys (ConfUtils.java:logGet(43)) - raft.server.log.statemachine.data.sync = true (default)
2019-09-18 13:45:41,859 [pool-169-thread-1] INFO  server.RaftServerConfigKeys (ConfUtils.java:logGet(43)) - raft.server.log.statemachine.data.sync.timeout = 10s (default)
2019-09-18 13:45:41,859 [pool-169-thread-1] INFO  server.RaftServerConfigKeys (ConfUtils.java:logGet(43)) - raft.server.log.statemachine.data.sync.timeout.retry = -1 (default)
2019-09-18 13:45:41,860 [pool-169-thread-1] INFO  server.RaftServerConfigKeys (ConfUtils.java:logGet(43)) - raft.server.log.statemachine.data.caching.enabled = true (custom)
2019-09-18 13:45:41,860 [pool-169-thread-1] INFO  segmented.SegmentedRaftLogWorker (SegmentedRaftLogWorker.java:lambda$new$0(132)) - 4a1c6203-118e-47eb-ba0e-2d5a78f22a0a@group-C0DE25BD4848-SegmentedRaftLogWorker: flushIndex: setUnconditionally 0 -> -1
2019-09-18 13:45:41,860 [pool-169-thread-1] INFO  server.RaftServerConfigKeys (ConfUtils.java:logGet(43)) - raft.server.snapshot.auto.trigger.enabled = true (custom)
2019-09-18 13:45:41,860 [pool-169-thread-1] INFO  server.RaftServerConfigKeys (ConfUtils.java:logGet(43)) - raft.server.snapshot.auto.trigger.threshold = 10000 (custom)
2019-09-18 13:45:41,860 [pool-169-thread-1] INFO  server.RaftServerConfigKeys (ConfUtils.java:logGet(43)) - raft.server.snapshot.retention.num.files = 5 (custom)
2019-09-18 13:45:41,861 [pool-169-thread-1] INFO  server.RaftServerConfigKeys (ConfUtils.java:logGet(43)) - raft.server.retrycache.expirytime = 600000ms (custom)
2019-09-18 13:45:41,863 [pool-169-thread-1] INFO  impl.RaftServerImpl (RaftServerImpl.java:start(185)) - 4a1c6203-118e-47eb-ba0e-2d5a78f22a0a@group-C0DE25BD4848: start as a follower, conf=-1: [4a1c6203-118e-47eb-ba0e-2d5a78f22a0a:192.168.69.108:39109], old=null
2019-09-18 13:45:41,863 [pool-169-thread-1] INFO  impl.RaftServerImpl (RaftServerImpl.java:setRole(174)) - 4a1c6203-118e-47eb-ba0e-2d5a78f22a0a@group-C0DE25BD4848: changes role from      null to FOLLOWER at term 0 for startAsFollower
2019-09-18 13:45:41,863 [pool-169-thread-1] INFO  impl.RoleInfo (RoleInfo.java:updateAndGet(143)) - 4a1c6203-118e-47eb-ba0e-2d5a78f22a0a: start FollowerState
2019-09-18 13:45:41,863 [pool-169-thread-1] INFO  util.JmxRegister (JmxRegister.java:tryRegister(44)) - Successfully registered JMX Bean with object name Ratis:service=RaftServer,group=group-C0DE25BD4848,id=4a1c6203-118e-47eb-ba0e-2d5a78f22a0a
2019-09-18 13:45:41,865 [RatisPipelineUtilsThread] INFO  pipeline.PipelineStateManager (PipelineStateManager.java:addPipeline(56)) - Created pipeline Pipeline[ Id: 28b3d662-40b4-4100-a795-c0de25bd4848, Nodes: 4a1c6203-118e-47eb-ba0e-2d5a78f22a0a{ip: 192.168.69.108, host: pr-hdds-2141-4zm8s-3863693661, networkLocation: /default-rack, certSerialId: null}, Type:RATIS, Factor:ONE, State:OPEN]
2019-09-18 13:45:41,879 [grpc-default-executor-2] INFO  impl.RaftServerProxy (RaftServerProxy.java:addNew(89)) - 190c8f4e-c6ca-4a74-8304-071ce80ebd18: addNew group-6BF900824CBD:[190c8f4e-c6ca-4a74-8304-071ce80ebd18:192.168.69.108:35944, 4a1c6203-118e-47eb-ba0e-2d5a78f22a0a:192.168.69.108:39109, 7da8198c-25f9-4afe-be03-ce72c852c5e7:192.168.69.108:32829] returns group-6BF900824CBD:java.util.concurrent.CompletableFuture@7ceb7f87[Not completed]
2019-09-18 13:45:41,879 [grpc-default-executor-0] INFO  impl.RaftServerProxy (RaftServerProxy.java:addNew(89)) - 4a1c6203-118e-47eb-ba0e-2d5a78f22a0a: addNew group-6BF900824CBD:[190c8f4e-c6ca-4a74-8304-071ce80ebd18:192.168.69.108:35944, 4a1c6203-118e-47eb-ba0e-2d5a78f22a0a:192.168.69.108:39109, 7da8198c-25f9-4afe-be03-ce72c852c5e7:192.168.69.108:32829] returns group-6BF900824CBD:java.util.concurrent.CompletableFuture@ea9dd4a[Not completed]
2019-09-18 13:45:41,880 [grpc-default-executor-2] INFO  impl.RaftServerProxy (RaftServerProxy.java:addNew(89)) - 7da8198c-25f9-4afe-be03-ce72c852c5e7: addNew group-6BF900824CBD:[190c8f4e-c6ca-4a74-8304-071ce80ebd18:192.168.69.108:35944, 4a1c6203-118e-47eb-ba0e-2d5a78f22a0a:192.168.69.108:39109, 7da8198c-25f9-4afe-be03-ce72c852c5e7:192.168.69.108:32829] returns group-6BF900824CBD:java.util.concurrent.CompletableFuture@60116978[Not completed]
2019-09-18 13:45:41,880 [pool-159-thread-1] INFO  impl.RaftServerImpl (RaftServerImpl.java:<init>(95)) - 190c8f4e-c6ca-4a74-8304-071ce80ebd18: new RaftServerImpl for group-6BF900824CBD:[190c8f4e-c6ca-4a74-8304-071ce80ebd18:192.168.69.108:35944, 4a1c6203-118e-47eb-ba0e-2d5a78f22a0a:192.168.69.108:39109, 7da8198c-25f9-4afe-be03-ce72c852c5e7:192.168.69.108:32829] with ContainerStateMachine:uninitialized
2019-09-18 13:45:41,880 [pool-159-thread-1] INFO  server.RaftServerConfigKeys (ConfUtils.java:logGet(43)) - raft.server.rpc.timeout.min = 5s (custom)
2019-09-18 13:45:41,880 [pool-159-thread-1] INFO  server.RaftServerConfigKeys (ConfUtils.java:logGet(43)) - raft.server.rpc.timeout.max = 5200ms (custom)
2019-09-18 13:45:41,880 [pool-159-thread-1] INFO  server.RaftServerConfigKeys (ConfUtils.java:logGet(43)) - raft.server.rpcslowness.timeout = 120s (custom)
2019-09-18 13:45:41,880 [pool-159-thread-1] INFO  server.RaftServerConfigKeys (ConfUtils.java:logGet(43)) - raft.server.sleep.deviation.threshold = 300 (default)
2019-09-18 13:45:41,880 [pool-159-thread-1] INFO  server.RaftServerConfigKeys (ConfUtils.java:logGet(43)) - raft.server.log.appender.install.snapshot.enabled = false (custom)
2019-09-18 13:45:41,881 [pool-169-thread-1] INFO  impl.RaftServerImpl (RaftServerImpl.java:<init>(95)) - 4a1c6203-118e-47eb-ba0e-2d5a78f22a0a: new RaftServerImpl for group-6BF900824CBD:[190c8f4e-c6ca-4a74-8304-071ce80ebd18:192.168.69.108:35944, 4a1c6203-118e-47eb-ba0e-2d5a78f22a0a:192.168.69.108:39109, 7da8198c-25f9-4afe-be03-ce72c852c5e7:192.168.69.108:32829] with ContainerStateMachine:uninitialized
2019-09-18 13:45:41,881 [pool-159-thread-1] INFO  impl.RaftServerImpl (ServerState.java:<init>(103)) - 190c8f4e-c6ca-4a74-8304-071ce80ebd18@group-6BF900824CBD: ConfigurationManager, init=-1: [190c8f4e-c6ca-4a74-8304-071ce80ebd18:192.168.69.108:35944, 4a1c6203-118e-47eb-ba0e-2d5a78f22a0a:192.168.69.108:39109, 7da8198c-25f9-4afe-be03-ce72c852c5e7:192.168.69.108:32829], old=null, confs=<EMPTY_MAP>
2019-09-18 13:45:41,881 [pool-169-thread-1] INFO  server.RaftServerConfigKeys (ConfUtils.java:logGet(43)) - raft.server.rpc.timeout.min = 5s (custom)
2019-09-18 13:45:41,881 [pool-159-thread-1] INFO  server.RaftServerConfigKeys (ConfUtils.java:logGet(43)) - raft.server.storage.dir = [/workdir/hadoop-ozone/integration-test/target/test-dir/MiniOzoneClusterImpl-5927a352-8e01-48c7-b674-de64d96b5a66/datanode-4/data/ratis] (custom)
2019-09-18 13:45:41,881 [pool-169-thread-1] INFO  server.RaftServerConfigKeys (ConfUtils.java:logGet(43)) - raft.server.rpc.timeout.max = 5200ms (custom)
2019-09-18 13:45:41,881 [pool-159-thread-1] INFO  storage.RaftStorageDirectory (RaftStorageDirectory.java:analyzeStorage(246)) - The storage directory /workdir/hadoop-ozone/integration-test/target/test-dir/MiniOzoneClusterImpl-5927a352-8e01-48c7-b674-de64d96b5a66/datanode-4/data/ratis/6b77160c-c373-469b-b54f-6bf900824cbd does not exist. Creating ...
2019-09-18 13:45:41,881 [pool-169-thread-1] INFO  server.RaftServerConfigKeys (ConfUtils.java:logGet(43)) - raft.server.rpcslowness.timeout = 120s (custom)
2019-09-18 13:45:41,881 [pool-149-thread-1] INFO  impl.RaftServerImpl (RaftServerImpl.java:<init>(95)) - 7da8198c-25f9-4afe-be03-ce72c852c5e7: new RaftServerImpl for group-6BF900824CBD:[190c8f4e-c6ca-4a74-8304-071ce80ebd18:192.168.69.108:35944, 4a1c6203-118e-47eb-ba0e-2d5a78f22a0a:192.168.69.108:39109, 7da8198c-25f9-4afe-be03-ce72c852c5e7:192.168.69.108:32829] with ContainerStateMachine:uninitialized
2019-09-18 13:45:41,881 [pool-169-thread-1] INFO  server.RaftServerConfigKeys (ConfUtils.java:logGet(43)) - raft.server.sleep.deviation.threshold = 300 (default)
2019-09-18 13:45:41,882 [pool-149-thread-1] INFO  server.RaftServerConfigKeys (ConfUtils.java:logGet(43)) - raft.server.rpc.timeout.min = 5s (custom)
2019-09-18 13:45:41,882 [pool-169-thread-1] INFO  server.RaftServerConfigKeys (ConfUtils.java:logGet(43)) - raft.server.log.appender.install.snapshot.enabled = false (custom)
2019-09-18 13:45:41,882 [pool-149-thread-1] INFO  server.RaftServerConfigKeys (ConfUtils.java:logGet(43)) - raft.server.rpc.timeout.max = 5200ms (custom)
2019-09-18 13:45:41,882 [pool-169-thread-1] INFO  impl.RaftServerImpl (ServerState.java:<init>(103)) - 4a1c6203-118e-47eb-ba0e-2d5a78f22a0a@group-6BF900824CBD: ConfigurationManager, init=-1: [190c8f4e-c6ca-4a74-8304-071ce80ebd18:192.168.69.108:35944, 4a1c6203-118e-47eb-ba0e-2d5a78f22a0a:192.168.69.108:39109, 7da8198c-25f9-4afe-be03-ce72c852c5e7:192.168.69.108:32829], old=null, confs=<EMPTY_MAP>
2019-09-18 13:45:41,882 [pool-149-thread-1] INFO  server.RaftServerConfigKeys (ConfUtils.java:logGet(43)) - raft.server.rpcslowness.timeout = 120s (custom)
2019-09-18 13:45:41,882 [pool-169-thread-1] INFO  server.RaftServerConfigKeys (ConfUtils.java:logGet(43)) - raft.server.storage.dir = [/workdir/hadoop-ozone/integration-test/target/test-dir/MiniOzoneClusterImpl-5927a352-8e01-48c7-b674-de64d96b5a66/datanode-5/data/ratis] (custom)
2019-09-18 13:45:41,882 [pool-149-thread-1] INFO  server.RaftServerConfigKeys (ConfUtils.java:logGet(43)) - raft.server.sleep.deviation.threshold = 300 (default)
2019-09-18 13:45:41,883 [pool-149-thread-1] INFO  server.RaftServerConfigKeys (ConfUtils.java:logGet(43)) - raft.server.log.appender.install.snapshot.enabled = false (custom)
2019-09-18 13:45:41,883 [pool-169-thread-1] INFO  storage.RaftStorageDirectory (RaftStorageDirectory.java:analyzeStorage(246)) - The storage directory /workdir/hadoop-ozone/integration-test/target/test-dir/MiniOzoneClusterImpl-5927a352-8e01-48c7-b674-de64d96b5a66/datanode-5/data/ratis/6b77160c-c373-469b-b54f-6bf900824cbd does not exist. Creating ...
2019-09-18 13:45:41,883 [pool-149-thread-1] INFO  impl.RaftServerImpl (ServerState.java:<init>(103)) - 7da8198c-25f9-4afe-be03-ce72c852c5e7@group-6BF900824CBD: ConfigurationManager, init=-1: [190c8f4e-c6ca-4a74-8304-071ce80ebd18:192.168.69.108:35944, 4a1c6203-118e-47eb-ba0e-2d5a78f22a0a:192.168.69.108:39109, 7da8198c-25f9-4afe-be03-ce72c852c5e7:192.168.69.108:32829], old=null, confs=<EMPTY_MAP>
2019-09-18 13:45:41,883 [pool-149-thread-1] INFO  server.RaftServerConfigKeys (ConfUtils.java:logGet(43)) - raft.server.storage.dir = [/workdir/hadoop-ozone/integration-test/target/test-dir/MiniOzoneClusterImpl-5927a352-8e01-48c7-b674-de64d96b5a66/datanode-3/data/ratis] (custom)
2019-09-18 13:45:41,883 [pool-149-thread-1] INFO  storage.RaftStorageDirectory (RaftStorageDirectory.java:analyzeStorage(246)) - The storage directory /workdir/hadoop-ozone/integration-test/target/test-dir/MiniOzoneClusterImpl-5927a352-8e01-48c7-b674-de64d96b5a66/datanode-3/data/ratis/6b77160c-c373-469b-b54f-6bf900824cbd does not exist. Creating ...
2019-09-18 13:45:41,892 [main] INFO  ozone.MiniOzoneClusterImpl (MiniOzoneClusterImpl.java:lambda$waitForClusterToBeReady$0(145)) - Waiting for cluster to be ready. Got 6 of 7 DN Heartbeats.
2019-09-18 13:45:41,893 [IPC Server handler 4 on 42668] INFO  net.NetworkTopology (NetworkTopologyImpl.java:add(111)) - Added a new node: /default-rack/a1745d66-bb02-4668-ae89-a39d3a996f91
2019-09-18 13:45:41,893 [IPC Server handler 4 on 42668] INFO  node.SCMNodeManager (SCMNodeManager.java:register(266)) - Registered Data node : a1745d66-bb02-4668-ae89-a39d3a996f91{ip: 192.168.69.108, host: pr-hdds-2141-4zm8s-3863693661, networkLocation: /default-rack, certSerialId: null}
2019-09-18 13:45:41,895 [pool-169-thread-1] INFO  storage.RaftStorageDirectory (RaftStorageDirectory.java:tryLock(328)) - Lock on /workdir/hadoop-ozone/integration-test/target/test-dir/MiniOzoneClusterImpl-5927a352-8e01-48c7-b674-de64d96b5a66/datanode-5/data/ratis/6b77160c-c373-469b-b54f-6bf900824cbd/in_use.lock acquired by nodename 6233@pr-hdds-2141-4zm8s-3863693661
2019-09-18 13:45:41,895 [pool-149-thread-1] INFO  storage.RaftStorageDirectory (RaftStorageDirectory.java:tryLock(328)) - Lock on /workdir/hadoop-ozone/integration-test/target/test-dir/MiniOzoneClusterImpl-5927a352-8e01-48c7-b674-de64d96b5a66/datanode-3/data/ratis/6b77160c-c373-469b-b54f-6bf900824cbd/in_use.lock acquired by nodename 6233@pr-hdds-2141-4zm8s-3863693661
2019-09-18 13:45:41,895 [pool-159-thread-1] INFO  storage.RaftStorageDirectory (RaftStorageDirectory.java:tryLock(328)) - Lock on /workdir/hadoop-ozone/integration-test/target/test-dir/MiniOzoneClusterImpl-5927a352-8e01-48c7-b674-de64d96b5a66/datanode-4/data/ratis/6b77160c-c373-469b-b54f-6bf900824cbd/in_use.lock acquired by nodename 6233@pr-hdds-2141-4zm8s-3863693661
2019-09-18 13:45:41,909 [pool-149-thread-1] INFO  storage.RaftStorage (RaftStorage.java:format(72)) - Storage directory /workdir/hadoop-ozone/integration-test/target/test-dir/MiniOzoneClusterImpl-5927a352-8e01-48c7-b674-de64d96b5a66/datanode-3/data/ratis/6b77160c-c373-469b-b54f-6bf900824cbd has been successfully formatted.
2019-09-18 13:45:41,909 [pool-169-thread-1] INFO  storage.RaftStorage (RaftStorage.java:format(72)) - Storage directory /workdir/hadoop-ozone/integration-test/target/test-dir/MiniOzoneClusterImpl-5927a352-8e01-48c7-b674-de64d96b5a66/datanode-5/data/ratis/6b77160c-c373-469b-b54f-6bf900824cbd has been successfully formatted.
2019-09-18 13:45:41,909 [pool-159-thread-1] INFO  storage.RaftStorage (RaftStorage.java:format(72)) - Storage directory /workdir/hadoop-ozone/integration-test/target/test-dir/MiniOzoneClusterImpl-5927a352-8e01-48c7-b674-de64d96b5a66/datanode-4/data/ratis/6b77160c-c373-469b-b54f-6bf900824cbd has been successfully formatted.
2019-09-18 13:45:41,909 [pool-149-thread-1] INFO  ratis.ContainerStateMachine (ContainerStateMachine.java:loadSnapshot(230)) - group-6BF900824CBD: The snapshot info is null. Setting the last applied indexto:(t:0, i:~)
2019-09-18 13:45:41,909 [pool-169-thread-1] INFO  ratis.ContainerStateMachine (ContainerStateMachine.java:loadSnapshot(230)) - group-6BF900824CBD: The snapshot info is null. Setting the last applied indexto:(t:0, i:~)
2019-09-18 13:45:41,909 [pool-149-thread-1] INFO  server.RaftServerConfigKeys (ConfUtils.java:logGet(43)) - raft.server.notification.no-leader.timeout = 120s (custom)
2019-09-18 13:45:41,909 [pool-159-thread-1] INFO  ratis.ContainerStateMachine (ContainerStateMachine.java:loadSnapshot(230)) - group-6BF900824CBD: The snapshot info is null. Setting the last applied indexto:(t:0, i:~)
2019-09-18 13:45:41,910 [pool-149-thread-1] INFO  server.RaftServerConfigKeys (ConfUtils.java:logGet(43)) - raft.server.log.use.memory = false (default)
2019-09-18 13:45:41,909 [pool-169-thread-1] INFO  server.RaftServerConfigKeys (ConfUtils.java:logGet(43)) - raft.server.notification.no-leader.timeout = 120s (custom)
2019-09-18 13:45:41,910 [pool-149-thread-1] INFO  server.RaftServerConfigKeys (ConfUtils.java:logGet(43)) - raft.server.log.purge.gap = 1000000 (custom)
2019-09-18 13:45:41,910 [pool-159-thread-1] INFO  server.RaftServerConfigKeys (ConfUtils.java:logGet(43)) - raft.server.notification.no-leader.timeout = 120s (custom)
2019-09-18 13:45:41,910 [pool-149-thread-1] INFO  server.RaftServerConfigKeys (ConfUtils.java:logGet(43)) - raft.server.log.appender.buffer.byte-limit = 33554432 (custom)
2019-09-18 13:45:41,910 [pool-169-thread-1] INFO  server.RaftServerConfigKeys (ConfUtils.java:logGet(43)) - raft.server.log.use.memory = false (default)
2019-09-18 13:45:41,910 [pool-149-thread-1] INFO  server.RaftServerConfigKeys (ConfUtils.java:logGet(43)) - raft.server.log.segment.size.max = 1048576 (custom)
2019-09-18 13:45:41,910 [pool-159-thread-1] INFO  server.RaftServerConfigKeys (ConfUtils.java:logGet(43)) - raft.server.log.use.memory = false (default)
2019-09-18 13:45:41,910 [pool-149-thread-1] INFO  server.RaftServerConfigKeys (ConfUtils.java:logGet(43)) - raft.server.log.segment.cache.num.max = 2 (custom)
2019-09-18 13:45:41,910 [pool-169-thread-1] INFO  server.RaftServerConfigKeys (ConfUtils.java:logGet(43)) - raft.server.log.purge.gap = 1000000 (custom)
2019-09-18 13:45:41,911 [pool-149-thread-1] INFO  segmented.SegmentedRaftLogWorker (SegmentedRaftLogWorker.java:<init>(172)) - new 7da8198c-25f9-4afe-be03-ce72c852c5e7@group-6BF900824CBD-SegmentedRaftLogWorker for RaftStorage:Storage Directory /workdir/hadoop-ozone/integration-test/target/test-dir/MiniOzoneClusterImpl-5927a352-8e01-48c7-b674-de64d96b5a66/datanode-3/data/ratis/6b77160c-c373-469b-b54f-6bf900824cbd
2019-09-18 13:45:41,911 [pool-159-thread-1] INFO  server.RaftServerConfigKeys (ConfUtils.java:logGet(43)) - raft.server.log.purge.gap = 1000000 (custom)
2019-09-18 13:45:41,911 [pool-149-thread-1] INFO  server.RaftServerConfigKeys (ConfUtils.java:logGet(43)) - raft.server.log.queue.byte-limit = 2147483647 (custom)
2019-09-18 13:45:41,911 [pool-169-thread-1] INFO  server.RaftServerConfigKeys (ConfUtils.java:logGet(43)) - raft.server.log.appender.buffer.byte-limit = 33554432 (custom)
2019-09-18 13:45:41,911 [pool-149-thread-1] INFO  server.RaftServerConfigKeys (ConfUtils.java:logGet(43)) - raft.server.log.queue.element-limit = 1024 (custom)
2019-09-18 13:45:41,911 [pool-159-thread-1] INFO  server.RaftServerConfigKeys (ConfUtils.java:logGet(43)) - raft.server.log.appender.buffer.byte-limit = 33554432 (custom)
2019-09-18 13:45:41,911 [pool-149-thread-1] INFO  server.RaftServerConfigKeys (ConfUtils.java:logGet(43)) - raft.server.log.segment.size.max = 1048576 (custom)
2019-09-18 13:45:41,911 [pool-169-thread-1] INFO  server.RaftServerConfigKeys (ConfUtils.java:logGet(43)) - raft.server.log.segment.size.max = 1048576 (custom)
2019-09-18 13:45:41,912 [pool-149-thread-1] INFO  server.RaftServerConfigKeys (ConfUtils.java:logGet(43)) - raft.server.log.preallocated.size = 16384 (custom)
2019-09-18 13:45:41,911 [pool-159-thread-1] INFO  server.RaftServerConfigKeys (ConfUtils.java:logGet(43)) - raft.server.log.segment.size.max = 1048576 (custom)
2019-09-18 13:45:41,912 [pool-149-thread-1] INFO  server.RaftServerConfigKeys (ConfUtils.java:logGet(43)) - raft.server.log.write.buffer.size = 33554432 (custom)
2019-09-18 13:45:41,912 [pool-169-thread-1] INFO  server.RaftServerConfigKeys (ConfUtils.java:logGet(43)) - raft.server.log.segment.cache.num.max = 2 (custom)
2019-09-18 13:45:41,912 [pool-149-thread-1] INFO  server.RaftServerConfigKeys (ConfUtils.java:logGet(43)) - raft.server.log.force.sync.num = 128 (default)
2019-09-18 13:45:41,912 [pool-159-thread-1] INFO  server.RaftServerConfigKeys (ConfUtils.java:logGet(43)) - raft.server.log.segment.cache.num.max = 2 (custom)
2019-09-18 13:45:41,912 [pool-149-thread-1] INFO  server.RaftServerConfigKeys (ConfUtils.java:logGet(43)) - raft.server.log.statemachine.data.sync = true (default)
2019-09-18 13:45:41,912 [pool-169-thread-1] INFO  segmented.SegmentedRaftLogWorker (SegmentedRaftLogWorker.java:<init>(172)) - new 4a1c6203-118e-47eb-ba0e-2d5a78f22a0a@group-6BF900824CBD-SegmentedRaftLogWorker for RaftStorage:Storage Directory /workdir/hadoop-ozone/integration-test/target/test-dir/MiniOzoneClusterImpl-5927a352-8e01-48c7-b674-de64d96b5a66/datanode-5/data/ratis/6b77160c-c373-469b-b54f-6bf900824cbd
2019-09-18 13:45:41,912 [pool-149-thread-1] INFO  server.RaftServerConfigKeys (ConfUtils.java:logGet(43)) - raft.server.log.statemachine.data.sync.timeout = 10s (default)
2019-09-18 13:45:41,912 [pool-159-thread-1] INFO  segmented.SegmentedRaftLogWorker (SegmentedRaftLogWorker.java:<init>(172)) - new 190c8f4e-c6ca-4a74-8304-071ce80ebd18@group-6BF900824CBD-SegmentedRaftLogWorker for RaftStorage:Storage Directory /workdir/hadoop-ozone/integration-test/target/test-dir/MiniOzoneClusterImpl-5927a352-8e01-48c7-b674-de64d96b5a66/datanode-4/data/ratis/6b77160c-c373-469b-b54f-6bf900824cbd
2019-09-18 13:45:41,913 [pool-149-thread-1] INFO  server.RaftServerConfigKeys (ConfUtils.java:logGet(43)) - raft.server.log.statemachine.data.sync.timeout.retry = -1 (default)
2019-09-18 13:45:41,913 [pool-169-thread-1] INFO  server.RaftServerConfigKeys (ConfUtils.java:logGet(43)) - raft.server.log.queue.byte-limit = 2147483647 (custom)
2019-09-18 13:45:41,913 [pool-149-thread-1] INFO  server.RaftServerConfigKeys (ConfUtils.java:logGet(43)) - raft.server.log.statemachine.data.caching.enabled = true (custom)
2019-09-18 13:45:41,913 [pool-159-thread-1] INFO  server.RaftServerConfigKeys (ConfUtils.java:logGet(43)) - raft.server.log.queue.byte-limit = 2147483647 (custom)
2019-09-18 13:45:41,913 [pool-169-thread-1] INFO  server.RaftServerConfigKeys (ConfUtils.java:logGet(43)) - raft.server.log.queue.element-limit = 1024 (custom)
2019-09-18 13:45:41,913 [pool-159-thread-1] INFO  server.RaftServerConfigKeys (ConfUtils.java:logGet(43)) - raft.server.log.queue.element-limit = 1024 (custom)
2019-09-18 13:45:41,913 [pool-149-thread-1] INFO  segmented.SegmentedRaftLogWorker (SegmentedRaftLogWorker.java:lambda$new$0(132)) - 7da8198c-25f9-4afe-be03-ce72c852c5e7@group-6BF900824CBD-SegmentedRaftLogWorker: flushIndex: setUnconditionally 0 -> -1
2019-09-18 13:45:41,913 [pool-159-thread-1] INFO  server.RaftServerConfigKeys (ConfUtils.java:logGet(43)) - raft.server.log.segment.size.max = 1048576 (custom)
2019-09-18 13:45:41,913 [pool-169-thread-1] INFO  server.RaftServerConfigKeys (ConfUtils.java:logGet(43)) - raft.server.log.segment.size.max = 1048576 (custom)
2019-09-18 13:45:41,914 [pool-149-thread-1] INFO  server.RaftServerConfigKeys (ConfUtils.java:logGet(43)) - raft.server.snapshot.auto.trigger.enabled = true (custom)
2019-09-18 13:45:41,914 [pool-159-thread-1] INFO  server.RaftServerConfigKeys (ConfUtils.java:logGet(43)) - raft.server.log.preallocated.size = 16384 (custom)
2019-09-18 13:45:41,914 [pool-149-thread-1] INFO  server.RaftServerConfigKeys (ConfUtils.java:logGet(43)) - raft.server.snapshot.auto.trigger.threshold = 10000 (custom)
2019-09-18 13:45:41,914 [pool-169-thread-1] INFO  server.RaftServerConfigKeys (ConfUtils.java:logGet(43)) - raft.server.log.preallocated.size = 16384 (custom)
2019-09-18 13:45:41,914 [pool-149-thread-1] INFO  server.RaftServerConfigKeys (ConfUtils.java:logGet(43)) - raft.server.snapshot.retention.num.files = 5 (custom)
2019-09-18 13:45:41,914 [pool-159-thread-1] INFO  server.RaftServerConfigKeys (ConfUtils.java:logGet(43)) - raft.server.log.write.buffer.size = 33554432 (custom)
2019-09-18 13:45:41,914 [pool-149-thread-1] INFO  server.RaftServerConfigKeys (ConfUtils.java:logGet(43)) - raft.server.retrycache.expirytime = 600000ms (custom)
2019-09-18 13:45:41,914 [pool-169-thread-1] INFO  server.RaftServerConfigKeys (ConfUtils.java:logGet(43)) - raft.server.log.write.buffer.size = 33554432 (custom)
2019-09-18 13:45:41,914 [pool-159-thread-1] INFO  server.RaftServerConfigKeys (ConfUtils.java:logGet(43)) - raft.server.log.force.sync.num = 128 (default)
2019-09-18 13:45:41,915 [pool-169-thread-1] INFO  server.RaftServerConfigKeys (ConfUtils.java:logGet(43)) - raft.server.log.force.sync.num = 128 (default)
2019-09-18 13:45:41,915 [pool-159-thread-1] INFO  server.RaftServerConfigKeys (ConfUtils.java:logGet(43)) - raft.server.log.statemachine.data.sync = true (default)
2019-09-18 13:45:41,915 [pool-169-thread-1] INFO  server.RaftServerConfigKeys (ConfUtils.java:logGet(43)) - raft.server.log.statemachine.data.sync = true (default)
2019-09-18 13:45:41,915 [pool-159-thread-1] INFO  server.RaftServerConfigKeys (ConfUtils.java:logGet(43)) - raft.server.log.statemachine.data.sync.timeout = 10s (default)
2019-09-18 13:45:41,915 [pool-169-thread-1] INFO  server.RaftServerConfigKeys (ConfUtils.java:logGet(43)) - raft.server.log.statemachine.data.sync.timeout = 10s (default)
2019-09-18 13:45:41,915 [pool-159-thread-1] INFO  server.RaftServerConfigKeys (ConfUtils.java:logGet(43)) - raft.server.log.statemachine.data.sync.timeout.retry = -1 (default)
2019-09-18 13:45:41,915 [pool-169-thread-1] INFO  server.RaftServerConfigKeys (ConfUtils.java:logGet(43)) - raft.server.log.statemachine.data.sync.timeout.retry = -1 (default)
2019-09-18 13:45:41,915 [pool-159-thread-1] INFO  server.RaftServerConfigKeys (ConfUtils.java:logGet(43)) - raft.server.log.statemachine.data.caching.enabled = true (custom)
2019-09-18 13:45:41,916 [pool-169-thread-1] INFO  server.RaftServerConfigKeys (ConfUtils.java:logGet(43)) - raft.server.log.statemachine.data.caching.enabled = true (custom)
2019-09-18 13:45:41,916 [pool-159-thread-1] INFO  segmented.SegmentedRaftLogWorker (SegmentedRaftLogWorker.java:lambda$new$0(132)) - 190c8f4e-c6ca-4a74-8304-071ce80ebd18@group-6BF900824CBD-SegmentedRaftLogWorker: flushIndex: setUnconditionally 0 -> -1
2019-09-18 13:45:41,916 [pool-169-thread-1] INFO  segmented.SegmentedRaftLogWorker (SegmentedRaftLogWorker.java:lambda$new$0(132)) - 4a1c6203-118e-47eb-ba0e-2d5a78f22a0a@group-6BF900824CBD-SegmentedRaftLogWorker: flushIndex: setUnconditionally 0 -> -1
2019-09-18 13:45:41,916 [pool-159-thread-1] INFO  server.RaftServerConfigKeys (ConfUtils.java:logGet(43)) - raft.server.snapshot.auto.trigger.enabled = true (custom)
2019-09-18 13:45:41,916 [pool-149-thread-1] INFO  impl.RaftServerImpl (RaftServerImpl.java:start(185)) - 7da8198c-25f9-4afe-be03-ce72c852c5e7@group-6BF900824CBD: start as a follower, conf=-1: [190c8f4e-c6ca-4a74-8304-071ce80ebd18:192.168.69.108:35944, 4a1c6203-118e-47eb-ba0e-2d5a78f22a0a:192.168.69.108:39109, 7da8198c-25f9-4afe-be03-ce72c852c5e7:192.168.69.108:32829], old=null
2019-09-18 13:45:41,916 [pool-169-thread-1] INFO  server.RaftServerConfigKeys (ConfUtils.java:logGet(43)) - raft.server.snapshot.auto.trigger.enabled = true (custom)
2019-09-18 13:45:41,916 [pool-159-thread-1] INFO  server.RaftServerConfigKeys (ConfUtils.java:logGet(43)) - raft.server.snapshot.auto.trigger.threshold = 10000 (custom)
2019-09-18 13:45:41,916 [pool-169-thread-1] INFO  server.RaftServerConfigKeys (ConfUtils.java:logGet(43)) - raft.server.snapshot.auto.trigger.threshold = 10000 (custom)
2019-09-18 13:45:41,916 [pool-149-thread-1] INFO  impl.RaftServerImpl (RaftServerImpl.java:setRole(174)) - 7da8198c-25f9-4afe-be03-ce72c852c5e7@group-6BF900824CBD: changes role from      null to FOLLOWER at term 0 for startAsFollower
2019-09-18 13:45:41,917 [pool-169-thread-1] INFO  server.RaftServerConfigKeys (ConfUtils.java:logGet(43)) - raft.server.snapshot.retention.num.files = 5 (custom)
2019-09-18 13:45:41,917 [pool-159-thread-1] INFO  server.RaftServerConfigKeys (ConfUtils.java:logGet(43)) - raft.server.snapshot.retention.num.files = 5 (custom)
2019-09-18 13:45:41,917 [pool-169-thread-1] INFO  server.RaftServerConfigKeys (ConfUtils.java:logGet(43)) - raft.server.retrycache.expirytime = 600000ms (custom)
2019-09-18 13:45:41,917 [pool-149-thread-1] INFO  impl.RoleInfo (RoleInfo.java:updateAndGet(143)) - 7da8198c-25f9-4afe-be03-ce72c852c5e7: start FollowerState
2019-09-18 13:45:41,917 [pool-159-thread-1] INFO  server.RaftServerConfigKeys (ConfUtils.java:logGet(43)) - raft.server.retrycache.expirytime = 600000ms (custom)
2019-09-18 13:45:41,917 [pool-149-thread-1] INFO  util.JmxRegister (JmxRegister.java:tryRegister(44)) - Successfully registered JMX Bean with object name Ratis:service=RaftServer,group=group-6BF900824CBD,id=7da8198c-25f9-4afe-be03-ce72c852c5e7
2019-09-18 13:45:41,920 [pool-169-thread-1] INFO  impl.RaftServerImpl (RaftServerImpl.java:start(185)) - 4a1c6203-118e-47eb-ba0e-2d5a78f22a0a@group-6BF900824CBD: start as a follower, conf=-1: [190c8f4e-c6ca-4a74-8304-071ce80ebd18:192.168.69.108:35944, 4a1c6203-118e-47eb-ba0e-2d5a78f22a0a:192.168.69.108:39109, 7da8198c-25f9-4afe-be03-ce72c852c5e7:192.168.69.108:32829], old=null
2019-09-18 13:45:41,920 [pool-159-thread-1] INFO  impl.RaftServerImpl (RaftServerImpl.java:start(185)) - 190c8f4e-c6ca-4a74-8304-071ce80ebd18@group-6BF900824CBD: start as a follower, conf=-1: [190c8f4e-c6ca-4a74-8304-071ce80ebd18:192.168.69.108:35944, 4a1c6203-118e-47eb-ba0e-2d5a78f22a0a:192.168.69.108:39109, 7da8198c-25f9-4afe-be03-ce72c852c5e7:192.168.69.108:32829], old=null
2019-09-18 13:45:41,920 [pool-169-thread-1] INFO  impl.RaftServerImpl (RaftServerImpl.java:setRole(174)) - 4a1c6203-118e-47eb-ba0e-2d5a78f22a0a@group-6BF900824CBD: changes role from      null to FOLLOWER at term 0 for startAsFollower
2019-09-18 13:45:41,920 [pool-159-thread-1] INFO  impl.RaftServerImpl (RaftServerImpl.java:setRole(174)) - 190c8f4e-c6ca-4a74-8304-071ce80ebd18@group-6BF900824CBD: changes role from      null to FOLLOWER at term 0 for startAsFollower
2019-09-18 13:45:41,920 [pool-169-thread-1] INFO  impl.RoleInfo (RoleInfo.java:updateAndGet(143)) - 4a1c6203-118e-47eb-ba0e-2d5a78f22a0a: start FollowerState
2019-09-18 13:45:41,920 [pool-159-thread-1] INFO  impl.RoleInfo (RoleInfo.java:updateAndGet(143)) - 190c8f4e-c6ca-4a74-8304-071ce80ebd18: start FollowerState
2019-09-18 13:45:41,921 [pool-169-thread-1] INFO  util.JmxRegister (JmxRegister.java:tryRegister(44)) - Successfully registered JMX Bean with object name Ratis:service=RaftServer,group=group-6BF900824CBD,id=4a1c6203-118e-47eb-ba0e-2d5a78f22a0a
2019-09-18 13:45:41,921 [pool-159-thread-1] INFO  util.JmxRegister (JmxRegister.java:tryRegister(44)) - Successfully registered JMX Bean with object name Ratis:service=RaftServer,group=group-6BF900824CBD,id=190c8f4e-c6ca-4a74-8304-071ce80ebd18
2019-09-18 13:45:41,923 [RatisPipelineUtilsThread] INFO  pipeline.PipelineStateManager (PipelineStateManager.java:addPipeline(56)) - Created pipeline Pipeline[ Id: 6b77160c-c373-469b-b54f-6bf900824cbd, Nodes: 190c8f4e-c6ca-4a74-8304-071ce80ebd18{ip: 192.168.69.108, host: pr-hdds-2141-4zm8s-3863693661, networkLocation: /default-rack, certSerialId: null}4a1c6203-118e-47eb-ba0e-2d5a78f22a0a{ip: 192.168.69.108, host: pr-hdds-2141-4zm8s-3863693661, networkLocation: /default-rack, certSerialId: null}7da8198c-25f9-4afe-be03-ce72c852c5e7{ip: 192.168.69.108, host: pr-hdds-2141-4zm8s-3863693661, networkLocation: /default-rack, certSerialId: null}, Type:RATIS, Factor:THREE, State:OPEN]
2019-09-18 13:45:42,893 [main] INFO  ozone.MiniOzoneClusterImpl (MiniOzoneClusterImpl.java:lambda$waitForClusterToBeReady$0(145)) - Cluster is ready. Got 7 of 7 DN Heartbeats.
2019-09-18 13:45:42,930 [main] INFO  rpc.RpcClient (RpcClient.java:createVolume(302)) - Creating Volume: testblockoutputstreamwithretries, with jenkins1000 as owner.
2019-09-18 13:45:42,934 [IPC Server handler 1 on 35736] INFO  volume.OMVolumeCreateRequest (OMVolumeCreateRequest.java:validateAndUpdateCache(189)) - created volume:testblockoutputstreamwithretries for user:jenkins1000
2019-09-18 13:45:42,951 [main] INFO  rpc.RpcClient (RpcClient.java:createBucket(441)) - Creating Bucket: testblockoutputstreamwithretries/testblockoutputstreamwithretries, with Versioning false and Storage Type set to DISK and Encryption set to false 
2019-09-18 13:45:42,988 [grpc-default-executor-2] INFO  client.GrpcClientProtocolClient (GrpcClientProtocolClient.java:onNext(264)) - client-7E447A684545->1bd0f68f-f4aa-4051-9d98-01d4be462bcd: receive RaftClientReply:client-7E447A684545->1bd0f68f-f4aa-4051-9d98-01d4be462bcd@group-F508A6BF04EB, cid=41, FAILED org.apache.ratis.protocol.NotLeaderException: Server 1bd0f68f-f4aa-4051-9d98-01d4be462bcd@group-F508A6BF04EB is not the leader, logIndex=0, commits[1bd0f68f-f4aa-4051-9d98-01d4be462bcd:c-1]
2019-09-18 13:45:44,018 [grpc-default-executor-0] INFO  client.GrpcClientProtocolClient (GrpcClientProtocolClient.java:onNext(264)) - client-7E447A684545->13e42da7-b798-4787-94f3-5705de2dc0e3: receive RaftClientReply:client-7E447A684545->13e42da7-b798-4787-94f3-5705de2dc0e3@group-F508A6BF04EB, cid=41, FAILED org.apache.ratis.protocol.NotLeaderException: Server 13e42da7-b798-4787-94f3-5705de2dc0e3@group-F508A6BF04EB is not the leader, logIndex=0, commits[13e42da7-b798-4787-94f3-5705de2dc0e3:c-1]
2019-09-18 13:45:44,391 [Thread-708] INFO  container.ReplicationManager (ReplicationManager.java:start(162)) - Starting Replication Monitor Thread.
2019-09-18 13:45:44,396 [ReplicationMonitor] INFO  container.ReplicationManager (ReplicationManager.java:run(225)) - Replication Monitor Thread took 0 milliseconds for processing 3 containers.
2019-09-18 13:45:45,044 [grpc-default-executor-2] INFO  client.GrpcClientProtocolClient (GrpcClientProtocolClient.java:onNext(264)) - client-7E447A684545->aa82dec1-0876-47e1-b987-76a1ffe9ede1: receive RaftClientReply:client-7E447A684545->aa82dec1-0876-47e1-b987-76a1ffe9ede1@group-F508A6BF04EB, cid=41, FAILED org.apache.ratis.protocol.NotLeaderException: Server aa82dec1-0876-47e1-b987-76a1ffe9ede1@group-F508A6BF04EB is not the leader, logIndex=0, commits[aa82dec1-0876-47e1-b987-76a1ffe9ede1:c-1]
2019-09-18 13:45:46,070 [grpc-default-executor-0] INFO  client.GrpcClientProtocolClient (GrpcClientProtocolClient.java:onNext(264)) - client-7E447A684545->1bd0f68f-f4aa-4051-9d98-01d4be462bcd: receive RaftClientReply:client-7E447A684545->1bd0f68f-f4aa-4051-9d98-01d4be462bcd@group-F508A6BF04EB, cid=41, FAILED org.apache.ratis.protocol.NotLeaderException: Server 1bd0f68f-f4aa-4051-9d98-01d4be462bcd@group-F508A6BF04EB is not the leader, logIndex=0, commits[1bd0f68f-f4aa-4051-9d98-01d4be462bcd:c-1]
2019-09-18 13:45:46,556 [Thread-716] INFO  impl.FollowerState (FollowerState.java:run(106)) - 1bd0f68f-f4aa-4051-9d98-01d4be462bcd:group-597C05EDB8C6 changes to CANDIDATE, lastRpcTime:5001, electionTimeout:5001ms
2019-09-18 13:45:46,557 [Thread-716] INFO  impl.RoleInfo (RoleInfo.java:shutdownFollowerState(121)) - 1bd0f68f-f4aa-4051-9d98-01d4be462bcd: shutdown FollowerState
2019-09-18 13:45:46,557 [Thread-716] INFO  impl.RaftServerImpl (RaftServerImpl.java:setRole(174)) - 1bd0f68f-f4aa-4051-9d98-01d4be462bcd@group-597C05EDB8C6: changes role from  FOLLOWER to CANDIDATE at term 0 for changeToCandidate
2019-09-18 13:45:46,557 [Thread-716] INFO  impl.RoleInfo (RoleInfo.java:updateAndGet(143)) - 1bd0f68f-f4aa-4051-9d98-01d4be462bcd: start LeaderElection
2019-09-18 13:45:46,599 [1bd0f68f-f4aa-4051-9d98-01d4be462bcd@group-597C05EDB8C6:LeaderElection19] INFO  impl.LeaderElection (LeaderElection.java:askForVotes(182)) - 1bd0f68f-f4aa-4051-9d98-01d4be462bcd@group-597C05EDB8C6:LeaderElection19: begin an election at term 1 for -1: [1bd0f68f-f4aa-4051-9d98-01d4be462bcd:192.168.69.108:34021], old=null
2019-09-18 13:45:46,599 [1bd0f68f-f4aa-4051-9d98-01d4be462bcd@group-597C05EDB8C6:LeaderElection19] INFO  impl.RoleInfo (RoleInfo.java:shutdownLeaderElection(134)) - 1bd0f68f-f4aa-4051-9d98-01d4be462bcd: shutdown LeaderElection
2019-09-18 13:45:46,599 [1bd0f68f-f4aa-4051-9d98-01d4be462bcd@group-597C05EDB8C6:LeaderElection19] INFO  impl.RaftServerImpl (RaftServerImpl.java:setRole(174)) - 1bd0f68f-f4aa-4051-9d98-01d4be462bcd@group-597C05EDB8C6: changes role from CANDIDATE to LEADER at term 1 for changeToLeader
2019-09-18 13:45:46,600 [1bd0f68f-f4aa-4051-9d98-01d4be462bcd@group-597C05EDB8C6:LeaderElection19] INFO  impl.RaftServerImpl (ServerState.java:setLeader(253)) - 1bd0f68f-f4aa-4051-9d98-01d4be462bcd@group-597C05EDB8C6: change Leader from null to 1bd0f68f-f4aa-4051-9d98-01d4be462bcd at term 1 for becomeLeader, leader elected after 5054ms
2019-09-18 13:45:46,602 [1bd0f68f-f4aa-4051-9d98-01d4be462bcd@group-597C05EDB8C6:LeaderElection19] INFO  server.RaftServerConfigKeys (ConfUtils.java:logGet(43)) - raft.server.staging.catchup.gap = 1000 (default)
2019-09-18 13:45:46,602 [1bd0f68f-f4aa-4051-9d98-01d4be462bcd@group-597C05EDB8C6:LeaderElection19] INFO  server.RaftServerConfigKeys (ConfUtils.java:logGet(43)) - raft.server.rpc.sleep.time = 25ms (default)
2019-09-18 13:45:46,603 [1bd0f68f-f4aa-4051-9d98-01d4be462bcd@group-597C05EDB8C6:LeaderElection19] INFO  server.RaftServerConfigKeys (ConfUtils.java:logGet(43)) - raft.server.write.element-limit = 4096 (default)
2019-09-18 13:45:46,603 [1bd0f68f-f4aa-4051-9d98-01d4be462bcd@group-597C05EDB8C6:LeaderElection19] INFO  server.RaftServerConfigKeys (ConfUtils.java:logGet(43)) - raft.server.watch.timeout = 10s (default)
2019-09-18 13:45:46,603 [1bd0f68f-f4aa-4051-9d98-01d4be462bcd@group-597C05EDB8C6:LeaderElection19] INFO  server.RaftServerConfigKeys (ConfUtils.java:logGet(43)) - raft.server.watch.timeout.denomination = 1s (default)
2019-09-18 13:45:46,603 [1bd0f68f-f4aa-4051-9d98-01d4be462bcd@group-597C05EDB8C6:LeaderElection19] INFO  server.RaftServerConfigKeys (ConfUtils.java:logGet(43)) - raft.server.watch.element-limit = 65536 (default)
2019-09-18 13:45:46,607 [1bd0f68f-f4aa-4051-9d98-01d4be462bcd@group-597C05EDB8C6:LeaderElection19] INFO  impl.RoleInfo (RoleInfo.java:updateAndGet(143)) - 1bd0f68f-f4aa-4051-9d98-01d4be462bcd: start LeaderState
2019-09-18 13:45:46,608 [1bd0f68f-f4aa-4051-9d98-01d4be462bcd@group-597C05EDB8C6:LeaderElection19] INFO  segmented.SegmentedRaftLogWorker (SegmentedRaftLogWorker.java:startLogSegment(380)) - 1bd0f68f-f4aa-4051-9d98-01d4be462bcd@group-597C05EDB8C6-SegmentedRaftLogWorker: Starting segment from index:0
2019-09-18 13:45:46,609 [1bd0f68f-f4aa-4051-9d98-01d4be462bcd@group-597C05EDB8C6:LeaderElection19] INFO  impl.RaftServerImpl (ServerState.java:setRaftConf(354)) - 1bd0f68f-f4aa-4051-9d98-01d4be462bcd@group-597C05EDB8C6: set configuration 0: [1bd0f68f-f4aa-4051-9d98-01d4be462bcd:192.168.69.108:34021], old=null at 0
2019-09-18 13:45:46,630 [Thread-710] INFO  impl.FollowerState (FollowerState.java:run(106)) - 13e42da7-b798-4787-94f3-5705de2dc0e3:group-7FD1E0A178BF changes to CANDIDATE, lastRpcTime:5187, electionTimeout:5175ms
2019-09-18 13:45:46,630 [Thread-713] INFO  impl.FollowerState (FollowerState.java:run(106)) - aa82dec1-0876-47e1-b987-76a1ffe9ede1:group-961B89AF50BC changes to CANDIDATE, lastRpcTime:5150, electionTimeout:5135ms
2019-09-18 13:45:46,630 [Thread-710] INFO  impl.RoleInfo (RoleInfo.java:shutdownFollowerState(121)) - 13e42da7-b798-4787-94f3-5705de2dc0e3: shutdown FollowerState
2019-09-18 13:45:46,630 [Thread-713] INFO  impl.RoleInfo (RoleInfo.java:shutdownFollowerState(121)) - aa82dec1-0876-47e1-b987-76a1ffe9ede1: shutdown FollowerState
2019-09-18 13:45:46,630 [Thread-710] INFO  impl.RaftServerImpl (RaftServerImpl.java:setRole(174)) - 13e42da7-b798-4787-94f3-5705de2dc0e3@group-7FD1E0A178BF: changes role from  FOLLOWER to CANDIDATE at term 0 for changeToCandidate
2019-09-18 13:45:46,631 [Thread-713] INFO  impl.RaftServerImpl (RaftServerImpl.java:setRole(174)) - aa82dec1-0876-47e1-b987-76a1ffe9ede1@group-961B89AF50BC: changes role from  FOLLOWER to CANDIDATE at term 0 for changeToCandidate
2019-09-18 13:45:46,631 [Thread-710] INFO  impl.RoleInfo (RoleInfo.java:updateAndGet(143)) - 13e42da7-b798-4787-94f3-5705de2dc0e3: start LeaderElection
2019-09-18 13:45:46,631 [Thread-713] INFO  impl.RoleInfo (RoleInfo.java:updateAndGet(143)) - aa82dec1-0876-47e1-b987-76a1ffe9ede1: start LeaderElection
2019-09-18 13:45:46,654 [1bd0f68f-f4aa-4051-9d98-01d4be462bcd@group-597C05EDB8C6-SegmentedRaftLogWorker] INFO  segmented.SegmentedRaftLogWorker (SegmentedRaftLogWorker.java:execute(569)) - 1bd0f68f-f4aa-4051-9d98-01d4be462bcd@group-597C05EDB8C6-SegmentedRaftLogWorker: created new log segment /workdir/hadoop-ozone/integration-test/target/test-dir/MiniOzoneClusterImpl-5927a352-8e01-48c7-b674-de64d96b5a66/datanode-2/data/ratis/d16d0bb4-72c0-4a24-9f03-597c05edb8c6/current/log_inprogress_0
2019-09-18 13:45:46,654 [aa82dec1-0876-47e1-b987-76a1ffe9ede1@group-961B89AF50BC:LeaderElection21] INFO  impl.LeaderElection (LeaderElection.java:askForVotes(182)) - aa82dec1-0876-47e1-b987-76a1ffe9ede1@group-961B89AF50BC:LeaderElection21: begin an election at term 1 for -1: [aa82dec1-0876-47e1-b987-76a1ffe9ede1:192.168.69.108:39775], old=null
2019-09-18 13:45:46,654 [13e42da7-b798-4787-94f3-5705de2dc0e3@group-7FD1E0A178BF:LeaderElection20] INFO  impl.LeaderElection (LeaderElection.java:askForVotes(182)) - 13e42da7-b798-4787-94f3-5705de2dc0e3@group-7FD1E0A178BF:LeaderElection20: begin an election at term 1 for -1: [13e42da7-b798-4787-94f3-5705de2dc0e3:192.168.69.108:41366], old=null
2019-09-18 13:45:46,655 [aa82dec1-0876-47e1-b987-76a1ffe9ede1@group-961B89AF50BC:LeaderElection21] INFO  impl.RoleInfo (RoleInfo.java:shutdownLeaderElection(134)) - aa82dec1-0876-47e1-b987-76a1ffe9ede1: shutdown LeaderElection
2019-09-18 13:45:46,655 [13e42da7-b798-4787-94f3-5705de2dc0e3@group-7FD1E0A178BF:LeaderElection20] INFO  impl.RoleInfo (RoleInfo.java:shutdownLeaderElection(134)) - 13e42da7-b798-4787-94f3-5705de2dc0e3: shutdown LeaderElection
2019-09-18 13:45:46,655 [aa82dec1-0876-47e1-b987-76a1ffe9ede1@group-961B89AF50BC:LeaderElection21] INFO  impl.RaftServerImpl (RaftServerImpl.java:setRole(174)) - aa82dec1-0876-47e1-b987-76a1ffe9ede1@group-961B89AF50BC: changes role from CANDIDATE to LEADER at term 1 for changeToLeader
2019-09-18 13:45:46,655 [13e42da7-b798-4787-94f3-5705de2dc0e3@group-7FD1E0A178BF:LeaderElection20] INFO  impl.RaftServerImpl (RaftServerImpl.java:setRole(174)) - 13e42da7-b798-4787-94f3-5705de2dc0e3@group-7FD1E0A178BF: changes role from CANDIDATE to LEADER at term 1 for changeToLeader
2019-09-18 13:45:46,655 [aa82dec1-0876-47e1-b987-76a1ffe9ede1@group-961B89AF50BC:LeaderElection21] INFO  impl.RaftServerImpl (ServerState.java:setLeader(253)) - aa82dec1-0876-47e1-b987-76a1ffe9ede1@group-961B89AF50BC: change Leader from null to aa82dec1-0876-47e1-b987-76a1ffe9ede1 at term 1 for becomeLeader, leader elected after 5182ms
2019-09-18 13:45:46,655 [13e42da7-b798-4787-94f3-5705de2dc0e3@group-7FD1E0A178BF:LeaderElection20] INFO  impl.RaftServerImpl (ServerState.java:setLeader(253)) - 13e42da7-b798-4787-94f3-5705de2dc0e3@group-7FD1E0A178BF: change Leader from null to 13e42da7-b798-4787-94f3-5705de2dc0e3 at term 1 for becomeLeader, leader elected after 5223ms
2019-09-18 13:45:46,658 [aa82dec1-0876-47e1-b987-76a1ffe9ede1@group-961B89AF50BC:LeaderElection21] INFO  server.RaftServerConfigKeys (ConfUtils.java:logGet(43)) - raft.server.staging.catchup.gap = 1000 (default)
2019-09-18 13:45:46,660 [13e42da7-b798-4787-94f3-5705de2dc0e3@group-7FD1E0A178BF:LeaderElection20] INFO  server.RaftServerConfigKeys (ConfUtils.java:logGet(43)) - raft.server.staging.catchup.gap = 1000 (default)
2019-09-18 13:45:46,660 [aa82dec1-0876-47e1-b987-76a1ffe9ede1@group-961B89AF50BC:LeaderElection21] INFO  server.RaftServerConfigKeys (ConfUtils.java:logGet(43)) - raft.server.rpc.sleep.time = 25ms (default)
2019-09-18 13:45:46,660 [13e42da7-b798-4787-94f3-5705de2dc0e3@group-7FD1E0A178BF:LeaderElection20] INFO  server.RaftServerConfigKeys (ConfUtils.java:logGet(43)) - raft.server.rpc.sleep.time = 25ms (default)
2019-09-18 13:45:46,660 [aa82dec1-0876-47e1-b987-76a1ffe9ede1@group-961B89AF50BC:LeaderElection21] INFO  server.RaftServerConfigKeys (ConfUtils.java:logGet(43)) - raft.server.write.element-limit = 4096 (default)
2019-09-18 13:45:46,661 [13e42da7-b798-4787-94f3-5705de2dc0e3@group-7FD1E0A178BF:LeaderElection20] INFO  server.RaftServerConfigKeys (ConfUtils.java:logGet(43)) - raft.server.write.element-limit = 4096 (default)
2019-09-18 13:45:46,661 [aa82dec1-0876-47e1-b987-76a1ffe9ede1@group-961B89AF50BC:LeaderElection21] INFO  server.RaftServerConfigKeys (ConfUtils.java:logGet(43)) - raft.server.watch.timeout = 10s (default)
2019-09-18 13:45:46,661 [13e42da7-b798-4787-94f3-5705de2dc0e3@group-7FD1E0A178BF:LeaderElection20] INFO  server.RaftServerConfigKeys (ConfUtils.java:logGet(43)) - raft.server.watch.timeout = 10s (default)
2019-09-18 13:45:46,661 [aa82dec1-0876-47e1-b987-76a1ffe9ede1@group-961B89AF50BC:LeaderElection21] INFO  server.RaftServerConfigKeys (ConfUtils.java:logGet(43)) - raft.server.watch.timeout.denomination = 1s (default)
2019-09-18 13:45:46,661 [13e42da7-b798-4787-94f3-5705de2dc0e3@group-7FD1E0A178BF:LeaderElection20] INFO  server.RaftServerConfigKeys (ConfUtils.java:logGet(43)) - raft.server.watch.timeout.denomination = 1s (default)
2019-09-18 13:45:46,661 [aa82dec1-0876-47e1-b987-76a1ffe9ede1@group-961B89AF50BC:LeaderElection21] INFO  server.RaftServerConfigKeys (ConfUtils.java:logGet(43)) - raft.server.watch.element-limit = 65536 (default)
2019-09-18 13:45:46,661 [13e42da7-b798-4787-94f3-5705de2dc0e3@group-7FD1E0A178BF:LeaderElection20] INFO  server.RaftServerConfigKeys (ConfUtils.java:logGet(43)) - raft.server.watch.element-limit = 65536 (default)
2019-09-18 13:45:46,665 [aa82dec1-0876-47e1-b987-76a1ffe9ede1@group-961B89AF50BC:LeaderElection21] INFO  impl.RoleInfo (RoleInfo.java:updateAndGet(143)) - aa82dec1-0876-47e1-b987-76a1ffe9ede1: start LeaderState
2019-09-18 13:45:46,665 [aa82dec1-0876-47e1-b987-76a1ffe9ede1@group-961B89AF50BC:LeaderElection21] INFO  segmented.SegmentedRaftLogWorker (SegmentedRaftLogWorker.java:startLogSegment(380)) - aa82dec1-0876-47e1-b987-76a1ffe9ede1@group-961B89AF50BC-SegmentedRaftLogWorker: Starting segment from index:0
2019-09-18 13:45:46,665 [13e42da7-b798-4787-94f3-5705de2dc0e3@group-7FD1E0A178BF:LeaderElection20] INFO  impl.RoleInfo (RoleInfo.java:updateAndGet(143)) - 13e42da7-b798-4787-94f3-5705de2dc0e3: start LeaderState
2019-09-18 13:45:46,666 [13e42da7-b798-4787-94f3-5705de2dc0e3@group-7FD1E0A178BF:LeaderElection20] INFO  segmented.SegmentedRaftLogWorker (SegmentedRaftLogWorker.java:startLogSegment(380)) - 13e42da7-b798-4787-94f3-5705de2dc0e3@group-7FD1E0A178BF-SegmentedRaftLogWorker: Starting segment from index:0
2019-09-18 13:45:46,666 [aa82dec1-0876-47e1-b987-76a1ffe9ede1@group-961B89AF50BC:LeaderElection21] INFO  impl.RaftServerImpl (ServerState.java:setRaftConf(354)) - aa82dec1-0876-47e1-b987-76a1ffe9ede1@group-961B89AF50BC: set configuration 0: [aa82dec1-0876-47e1-b987-76a1ffe9ede1:192.168.69.108:39775], old=null at 0
2019-09-18 13:45:46,689 [13e42da7-b798-4787-94f3-5705de2dc0e3@group-7FD1E0A178BF:LeaderElection20] INFO  impl.RaftServerImpl (ServerState.java:setRaftConf(354)) - 13e42da7-b798-4787-94f3-5705de2dc0e3@group-7FD1E0A178BF: set configuration 0: [13e42da7-b798-4787-94f3-5705de2dc0e3:192.168.69.108:41366], old=null at 0
2019-09-18 13:45:46,728 [aa82dec1-0876-47e1-b987-76a1ffe9ede1@group-961B89AF50BC-SegmentedRaftLogWorker] INFO  segmented.SegmentedRaftLogWorker (SegmentedRaftLogWorker.java:execute(569)) - aa82dec1-0876-47e1-b987-76a1ffe9ede1@group-961B89AF50BC-SegmentedRaftLogWorker: created new log segment /workdir/hadoop-ozone/integration-test/target/test-dir/MiniOzoneClusterImpl-5927a352-8e01-48c7-b674-de64d96b5a66/datanode-1/data/ratis/d67977cd-c630-4715-9117-961b89af50bc/current/log_inprogress_0
2019-09-18 13:45:46,740 [13e42da7-b798-4787-94f3-5705de2dc0e3@group-7FD1E0A178BF-SegmentedRaftLogWorker] INFO  segmented.SegmentedRaftLogWorker (SegmentedRaftLogWorker.java:execute(569)) - 13e42da7-b798-4787-94f3-5705de2dc0e3@group-7FD1E0A178BF-SegmentedRaftLogWorker: created new log segment /workdir/hadoop-ozone/integration-test/target/test-dir/MiniOzoneClusterImpl-5927a352-8e01-48c7-b674-de64d96b5a66/datanode-0/data/ratis/a1587648-2855-48a3-bdc2-7fd1e0a178bf/current/log_inprogress_0
2019-09-18 13:45:46,778 [Thread-723] INFO  impl.FollowerState (FollowerState.java:run(106)) - 1bd0f68f-f4aa-4051-9d98-01d4be462bcd:group-F508A6BF04EB changes to CANDIDATE, lastRpcTime:5142, electionTimeout:5142ms
2019-09-18 13:45:46,778 [Thread-723] INFO  impl.RoleInfo (RoleInfo.java:shutdownFollowerState(121)) - 1bd0f68f-f4aa-4051-9d98-01d4be462bcd: shutdown FollowerState
2019-09-18 13:45:46,778 [Thread-723] INFO  impl.RaftServerImpl (RaftServerImpl.java:setRole(174)) - 1bd0f68f-f4aa-4051-9d98-01d4be462bcd@group-F508A6BF04EB: changes role from  FOLLOWER to CANDIDATE at term 0 for changeToCandidate
2019-09-18 13:45:46,778 [Thread-723] INFO  impl.RoleInfo (RoleInfo.java:updateAndGet(143)) - 1bd0f68f-f4aa-4051-9d98-01d4be462bcd: start LeaderElection
2019-09-18 13:45:46,793 [Thread-720] INFO  impl.FollowerState (FollowerState.java:run(106)) - aa82dec1-0876-47e1-b987-76a1ffe9ede1:group-F508A6BF04EB changes to CANDIDATE, lastRpcTime:5176, electionTimeout:5167ms
2019-09-18 13:45:46,793 [Thread-720] INFO  impl.RoleInfo (RoleInfo.java:shutdownFollowerState(121)) - aa82dec1-0876-47e1-b987-76a1ffe9ede1: shutdown FollowerState
2019-09-18 13:45:46,793 [Thread-720] INFO  impl.RaftServerImpl (RaftServerImpl.java:setRole(174)) - aa82dec1-0876-47e1-b987-76a1ffe9ede1@group-F508A6BF04EB: changes role from  FOLLOWER to CANDIDATE at term 0 for changeToCandidate
2019-09-18 13:45:46,794 [Thread-720] INFO  impl.RoleInfo (RoleInfo.java:updateAndGet(143)) - aa82dec1-0876-47e1-b987-76a1ffe9ede1: start LeaderElection
2019-09-18 13:45:46,801 [1bd0f68f-f4aa-4051-9d98-01d4be462bcd@group-F508A6BF04EB:LeaderElection22] INFO  impl.LeaderElection (LeaderElection.java:askForVotes(182)) - 1bd0f68f-f4aa-4051-9d98-01d4be462bcd@group-F508A6BF04EB:LeaderElection22: begin an election at term 1 for -1: [aa82dec1-0876-47e1-b987-76a1ffe9ede1:192.168.69.108:39775, 13e42da7-b798-4787-94f3-5705de2dc0e3:192.168.69.108:41366, 1bd0f68f-f4aa-4051-9d98-01d4be462bcd:192.168.69.108:34021], old=null
2019-09-18 13:45:46,803 [aa82dec1-0876-47e1-b987-76a1ffe9ede1@group-F508A6BF04EB:LeaderElection23] INFO  impl.LeaderElection (LeaderElection.java:askForVotes(182)) - aa82dec1-0876-47e1-b987-76a1ffe9ede1@group-F508A6BF04EB:LeaderElection23: begin an election at term 1 for -1: [aa82dec1-0876-47e1-b987-76a1ffe9ede1:192.168.69.108:39775, 13e42da7-b798-4787-94f3-5705de2dc0e3:192.168.69.108:41366, 1bd0f68f-f4aa-4051-9d98-01d4be462bcd:192.168.69.108:34021], old=null
2019-09-18 13:45:46,813 [grpc-default-executor-3] INFO  impl.RaftServerImpl (RaftServerImpl.java:setRole(174)) - 13e42da7-b798-4787-94f3-5705de2dc0e3@group-F508A6BF04EB: changes role from  FOLLOWER to FOLLOWER at term 1 for recognizeCandidate:1bd0f68f-f4aa-4051-9d98-01d4be462bcd
2019-09-18 13:45:46,813 [grpc-default-executor-3] INFO  impl.RoleInfo (RoleInfo.java:shutdownFollowerState(121)) - 13e42da7-b798-4787-94f3-5705de2dc0e3: shutdown FollowerState
2019-09-18 13:45:46,816 [grpc-default-executor-3] INFO  impl.RoleInfo (RoleInfo.java:updateAndGet(143)) - 13e42da7-b798-4787-94f3-5705de2dc0e3: start FollowerState
2019-09-18 13:45:46,816 [Thread-725] INFO  impl.FollowerState (FollowerState.java:run(115)) - 13e42da7-b798-4787-94f3-5705de2dc0e3: FollowerState was interrupted: java.lang.InterruptedException: sleep interrupted
2019-09-18 13:45:46,824 [1bd0f68f-f4aa-4051-9d98-01d4be462bcd@group-F508A6BF04EB:LeaderElection22] INFO  impl.LeaderElection (LeaderElection.java:logAndReturn(56)) - 1bd0f68f-f4aa-4051-9d98-01d4be462bcd@group-F508A6BF04EB:LeaderElection22: Election PASSED; received 2 response(s) [1bd0f68f-f4aa-4051-9d98-01d4be462bcd<-aa82dec1-0876-47e1-b987-76a1ffe9ede1#0:FAIL-t1, 1bd0f68f-f4aa-4051-9d98-01d4be462bcd<-13e42da7-b798-4787-94f3-5705de2dc0e3#0:OK-t1] and 0 exception(s); 1bd0f68f-f4aa-4051-9d98-01d4be462bcd@group-F508A6BF04EB:t1, leader=null, voted=1bd0f68f-f4aa-4051-9d98-01d4be462bcd, raftlog=1bd0f68f-f4aa-4051-9d98-01d4be462bcd@group-F508A6BF04EB-SegmentedRaftLog:OPENED:c-1,f-1,i0, conf=-1: [aa82dec1-0876-47e1-b987-76a1ffe9ede1:192.168.69.108:39775, 13e42da7-b798-4787-94f3-5705de2dc0e3:192.168.69.108:41366, 1bd0f68f-f4aa-4051-9d98-01d4be462bcd:192.168.69.108:34021], old=null
2019-09-18 13:45:46,824 [aa82dec1-0876-47e1-b987-76a1ffe9ede1@group-F508A6BF04EB:LeaderElection23] INFO  impl.LeaderElection (LeaderElection.java:logAndReturn(56)) - aa82dec1-0876-47e1-b987-76a1ffe9ede1@group-F508A6BF04EB:LeaderElection23: Election REJECTED; received 2 response(s) [aa82dec1-0876-47e1-b987-76a1ffe9ede1<-13e42da7-b798-4787-94f3-5705de2dc0e3#0:FAIL-t1, aa82dec1-0876-47e1-b987-76a1ffe9ede1<-1bd0f68f-f4aa-4051-9d98-01d4be462bcd#0:FAIL-t1] and 0 exception(s); aa82dec1-0876-47e1-b987-76a1ffe9ede1@group-F508A6BF04EB:t1, leader=null, voted=aa82dec1-0876-47e1-b987-76a1ffe9ede1, raftlog=aa82dec1-0876-47e1-b987-76a1ffe9ede1@group-F508A6BF04EB-SegmentedRaftLog:OPENED:c-1,f-1,i0, conf=-1: [aa82dec1-0876-47e1-b987-76a1ffe9ede1:192.168.69.108:39775, 13e42da7-b798-4787-94f3-5705de2dc0e3:192.168.69.108:41366, 1bd0f68f-f4aa-4051-9d98-01d4be462bcd:192.168.69.108:34021], old=null
2019-09-18 13:45:46,824 [1bd0f68f-f4aa-4051-9d98-01d4be462bcd@group-F508A6BF04EB:LeaderElection22] INFO  impl.RoleInfo (RoleInfo.java:shutdownLeaderElection(134)) - 1bd0f68f-f4aa-4051-9d98-01d4be462bcd: shutdown LeaderElection
2019-09-18 13:45:46,827 [aa82dec1-0876-47e1-b987-76a1ffe9ede1@group-F508A6BF04EB:LeaderElection23] INFO  impl.RaftServerImpl (RaftServerImpl.java:setRole(174)) - aa82dec1-0876-47e1-b987-76a1ffe9ede1@group-F508A6BF04EB: changes role from CANDIDATE to FOLLOWER at term 1 for DISCOVERED_A_NEW_TERM
2019-09-18 13:45:46,829 [aa82dec1-0876-47e1-b987-76a1ffe9ede1@group-F508A6BF04EB:LeaderElection23] INFO  impl.RoleInfo (RoleInfo.java:shutdownLeaderElection(134)) - aa82dec1-0876-47e1-b987-76a1ffe9ede1: shutdown LeaderElection
2019-09-18 13:45:46,827 [1bd0f68f-f4aa-4051-9d98-01d4be462bcd@group-F508A6BF04EB:LeaderElection22] INFO  impl.RaftServerImpl (RaftServerImpl.java:setRole(174)) - 1bd0f68f-f4aa-4051-9d98-01d4be462bcd@group-F508A6BF04EB: changes role from CANDIDATE to LEADER at term 1 for changeToLeader
2019-09-18 13:45:46,829 [aa82dec1-0876-47e1-b987-76a1ffe9ede1@group-F508A6BF04EB:LeaderElection23] INFO  impl.RoleInfo (RoleInfo.java:updateAndGet(143)) - aa82dec1-0876-47e1-b987-76a1ffe9ede1: start FollowerState
2019-09-18 13:45:46,829 [1bd0f68f-f4aa-4051-9d98-01d4be462bcd@group-F508A6BF04EB:LeaderElection22] INFO  impl.RaftServerImpl (ServerState.java:setLeader(253)) - 1bd0f68f-f4aa-4051-9d98-01d4be462bcd@group-F508A6BF04EB: change Leader from null to 1bd0f68f-f4aa-4051-9d98-01d4be462bcd at term 1 for becomeLeader, leader elected after 5221ms
2019-09-18 13:45:46,830 [1bd0f68f-f4aa-4051-9d98-01d4be462bcd@group-F508A6BF04EB:LeaderElection22] INFO  server.RaftServerConfigKeys (ConfUtils.java:logGet(43)) - raft.server.staging.catchup.gap = 1000 (default)
2019-09-18 13:45:46,830 [1bd0f68f-f4aa-4051-9d98-01d4be462bcd@group-F508A6BF04EB:LeaderElection22] INFO  server.RaftServerConfigKeys (ConfUtils.java:logGet(43)) - raft.server.rpc.sleep.time = 25ms (default)
2019-09-18 13:45:46,830 [1bd0f68f-f4aa-4051-9d98-01d4be462bcd@group-F508A6BF04EB:LeaderElection22] INFO  server.RaftServerConfigKeys (ConfUtils.java:logGet(43)) - raft.server.write.element-limit = 4096 (default)
2019-09-18 13:45:46,830 [1bd0f68f-f4aa-4051-9d98-01d4be462bcd@group-F508A6BF04EB:LeaderElection22] INFO  server.RaftServerConfigKeys (ConfUtils.java:logGet(43)) - raft.server.watch.timeout = 10s (default)
2019-09-18 13:45:46,830 [1bd0f68f-f4aa-4051-9d98-01d4be462bcd@group-F508A6BF04EB:LeaderElection22] INFO  server.RaftServerConfigKeys (ConfUtils.java:logGet(43)) - raft.server.watch.timeout.denomination = 1s (default)
2019-09-18 13:45:46,830 [1bd0f68f-f4aa-4051-9d98-01d4be462bcd@group-F508A6BF04EB:LeaderElection22] INFO  server.RaftServerConfigKeys (ConfUtils.java:logGet(43)) - raft.server.watch.element-limit = 65536 (default)
2019-09-18 13:45:46,833 [1bd0f68f-f4aa-4051-9d98-01d4be462bcd@group-F508A6BF04EB:LeaderElection22] INFO  server.RaftServerConfigKeys (ConfUtils.java:logGet(43)) - raft.server.log.appender.snapshot.chunk.size.max = 16MB (=16777216) (default)
2019-09-18 13:45:46,833 [1bd0f68f-f4aa-4051-9d98-01d4be462bcd@group-F508A6BF04EB:LeaderElection22] INFO  server.RaftServerConfigKeys (ConfUtils.java:logGet(43)) - raft.server.log.appender.buffer.byte-limit = 33554432 (custom)
2019-09-18 13:45:46,834 [1bd0f68f-f4aa-4051-9d98-01d4be462bcd@group-F508A6BF04EB:LeaderElection22] INFO  server.RaftServerConfigKeys (ConfUtils.java:logGet(43)) - raft.server.log.appender.buffer.element-limit = 1 (custom)
2019-09-18 13:45:46,834 [1bd0f68f-f4aa-4051-9d98-01d4be462bcd@group-F508A6BF04EB:LeaderElection22] INFO  grpc.GrpcConfigKeys$Server (ConfUtils.java:logGet(43)) - raft.grpc.server.leader.outstanding.appends.max = 128 (default)
2019-09-18 13:45:46,834 [1bd0f68f-f4aa-4051-9d98-01d4be462bcd@group-F508A6BF04EB:LeaderElection22] INFO  server.RaftServerConfigKeys (ConfUtils.java:logGet(43)) - raft.server.rpc.request.timeout = 3000ms (default)
2019-09-18 13:45:46,834 [1bd0f68f-f4aa-4051-9d98-01d4be462bcd@group-F508A6BF04EB:LeaderElection22] INFO  server.RaftServerConfigKeys (ConfUtils.java:logGet(43)) - raft.server.log.appender.install.snapshot.enabled = false (custom)
2019-09-18 13:45:46,835 [1bd0f68f-f4aa-4051-9d98-01d4be462bcd@group-F508A6BF04EB:LeaderElection22] INFO  server.RaftServerConfigKeys (ConfUtils.java:logGet(43)) - raft.server.log.appender.snapshot.chunk.size.max = 16MB (=16777216) (default)
2019-09-18 13:45:46,835 [1bd0f68f-f4aa-4051-9d98-01d4be462bcd@group-F508A6BF04EB:LeaderElection22] INFO  server.RaftServerConfigKeys (ConfUtils.java:logGet(43)) - raft.server.log.appender.buffer.byte-limit = 33554432 (custom)
2019-09-18 13:45:46,835 [1bd0f68f-f4aa-4051-9d98-01d4be462bcd@group-F508A6BF04EB:LeaderElection22] INFO  server.RaftServerConfigKeys (ConfUtils.java:logGet(43)) - raft.server.log.appender.buffer.element-limit = 1 (custom)
2019-09-18 13:45:46,835 [1bd0f68f-f4aa-4051-9d98-01d4be462bcd@group-F508A6BF04EB:LeaderElection22] INFO  grpc.GrpcConfigKeys$Server (ConfUtils.java:logGet(43)) - raft.grpc.server.leader.outstanding.appends.max = 128 (default)
2019-09-18 13:45:46,835 [1bd0f68f-f4aa-4051-9d98-01d4be462bcd@group-F508A6BF04EB:LeaderElection22] INFO  server.RaftServerConfigKeys (ConfUtils.java:logGet(43)) - raft.server.rpc.request.timeout = 3000ms (default)
2019-09-18 13:45:46,836 [1bd0f68f-f4aa-4051-9d98-01d4be462bcd@group-F508A6BF04EB:LeaderElection22] INFO  server.RaftServerConfigKeys (ConfUtils.java:logGet(43)) - raft.server.log.appender.install.snapshot.enabled = false (custom)
2019-09-18 13:45:46,836 [1bd0f68f-f4aa-4051-9d98-01d4be462bcd@group-F508A6BF04EB:LeaderElection22] INFO  impl.RoleInfo (RoleInfo.java:updateAndGet(143)) - 1bd0f68f-f4aa-4051-9d98-01d4be462bcd: start LeaderState
2019-09-18 13:45:46,836 [1bd0f68f-f4aa-4051-9d98-01d4be462bcd@group-F508A6BF04EB:LeaderElection22] INFO  segmented.SegmentedRaftLogWorker (SegmentedRaftLogWorker.java:startLogSegment(380)) - 1bd0f68f-f4aa-4051-9d98-01d4be462bcd@group-F508A6BF04EB-SegmentedRaftLogWorker: Starting segment from index:0
2019-09-18 13:45:46,837 [1bd0f68f-f4aa-4051-9d98-01d4be462bcd@group-F508A6BF04EB:LeaderElection22] INFO  impl.RaftServerImpl (ServerState.java:setRaftConf(354)) - 1bd0f68f-f4aa-4051-9d98-01d4be462bcd@group-F508A6BF04EB: set configuration 0: [aa82dec1-0876-47e1-b987-76a1ffe9ede1:192.168.69.108:39775, 13e42da7-b798-4787-94f3-5705de2dc0e3:192.168.69.108:41366, 1bd0f68f-f4aa-4051-9d98-01d4be462bcd:192.168.69.108:34021], old=null at 0
2019-09-18 13:45:46,839 [grpc-default-executor-1] INFO  impl.RaftServerImpl (ServerState.java:setLeader(253)) - aa82dec1-0876-47e1-b987-76a1ffe9ede1@group-F508A6BF04EB: change Leader from null to 1bd0f68f-f4aa-4051-9d98-01d4be462bcd at term 1 for appendEntries, leader elected after 5231ms
2019-09-18 13:45:46,839 [grpc-default-executor-3] INFO  impl.RaftServerImpl (ServerState.java:setLeader(253)) - 13e42da7-b798-4787-94f3-5705de2dc0e3@group-F508A6BF04EB: change Leader from null to 1bd0f68f-f4aa-4051-9d98-01d4be462bcd at term 1 for appendEntries, leader elected after 5231ms
2019-09-18 13:45:46,842 [Thread-728] INFO  impl.FollowerState (FollowerState.java:run(106)) - 190c8f4e-c6ca-4a74-8304-071ce80ebd18:group-22219F2D776D changes to CANDIDATE, lastRpcTime:5088, electionTimeout:5088ms
2019-09-18 13:45:46,842 [Thread-728] INFO  impl.RoleInfo (RoleInfo.java:shutdownFollowerState(121)) - 190c8f4e-c6ca-4a74-8304-071ce80ebd18: shutdown FollowerState
2019-09-18 13:45:46,842 [Thread-728] INFO  impl.RaftServerImpl (RaftServerImpl.java:setRole(174)) - 190c8f4e-c6ca-4a74-8304-071ce80ebd18@group-22219F2D776D: changes role from  FOLLOWER to CANDIDATE at term 0 for changeToCandidate
2019-09-18 13:45:46,842 [Thread-728] INFO  impl.RoleInfo (RoleInfo.java:updateAndGet(143)) - 190c8f4e-c6ca-4a74-8304-071ce80ebd18: start LeaderElection
2019-09-18 13:45:46,843 [grpc-default-executor-3] INFO  impl.RaftServerImpl (ServerState.java:setRaftConf(354)) - aa82dec1-0876-47e1-b987-76a1ffe9ede1@group-F508A6BF04EB: set configuration 0: [aa82dec1-0876-47e1-b987-76a1ffe9ede1:192.168.69.108:39775, 13e42da7-b798-4787-94f3-5705de2dc0e3:192.168.69.108:41366, 1bd0f68f-f4aa-4051-9d98-01d4be462bcd:192.168.69.108:34021], old=null at 0
2019-09-18 13:45:46,877 [Thread-731] INFO  impl.FollowerState (FollowerState.java:run(106)) - 7da8198c-25f9-4afe-be03-ce72c852c5e7:group-E04F3042514A changes to CANDIDATE, lastRpcTime:5066, electionTimeout:5054ms
2019-09-18 13:45:46,877 [grpc-default-executor-3] INFO  segmented.SegmentedRaftLogWorker (SegmentedRaftLogWorker.java:startLogSegment(380)) - aa82dec1-0876-47e1-b987-76a1ffe9ede1@group-F508A6BF04EB-SegmentedRaftLogWorker: Starting segment from index:0
2019-09-18 13:45:46,877 [grpc-default-executor-1] INFO  impl.RaftServerImpl (ServerState.java:setRaftConf(354)) - 13e42da7-b798-4787-94f3-5705de2dc0e3@group-F508A6BF04EB: set configuration 0: [aa82dec1-0876-47e1-b987-76a1ffe9ede1:192.168.69.108:39775, 13e42da7-b798-4787-94f3-5705de2dc0e3:192.168.69.108:41366, 1bd0f68f-f4aa-4051-9d98-01d4be462bcd:192.168.69.108:34021], old=null at 0
2019-09-18 13:45:46,878 [Thread-731] INFO  impl.RoleInfo (RoleInfo.java:shutdownFollowerState(121)) - 7da8198c-25f9-4afe-be03-ce72c852c5e7: shutdown FollowerState
2019-09-18 13:45:46,878 [grpc-default-executor-1] INFO  segmented.SegmentedRaftLogWorker (SegmentedRaftLogWorker.java:startLogSegment(380)) - 13e42da7-b798-4787-94f3-5705de2dc0e3@group-F508A6BF04EB-SegmentedRaftLogWorker: Starting segment from index:0
2019-09-18 13:45:46,878 [Thread-731] INFO  impl.RaftServerImpl (RaftServerImpl.java:setRole(174)) - 7da8198c-25f9-4afe-be03-ce72c852c5e7@group-E04F3042514A: changes role from  FOLLOWER to CANDIDATE at term 0 for changeToCandidate
2019-09-18 13:45:46,879 [Thread-731] INFO  impl.RoleInfo (RoleInfo.java:updateAndGet(143)) - 7da8198c-25f9-4afe-be03-ce72c852c5e7: start LeaderElection
2019-09-18 13:45:46,928 [Thread-734] INFO  impl.FollowerState (FollowerState.java:run(106)) - 4a1c6203-118e-47eb-ba0e-2d5a78f22a0a:group-C0DE25BD4848 changes to CANDIDATE, lastRpcTime:5065, electionTimeout:5047ms
2019-09-18 13:45:46,931 [190c8f4e-c6ca-4a74-8304-071ce80ebd18@group-22219F2D776D:LeaderElection24] INFO  impl.LeaderElection (LeaderElection.java:askForVotes(182)) - 190c8f4e-c6ca-4a74-8304-071ce80ebd18@group-22219F2D776D:LeaderElection24: begin an election at term 1 for -1: [190c8f4e-c6ca-4a74-8304-071ce80ebd18:192.168.69.108:35944], old=null
2019-09-18 13:45:46,931 [Thread-734] INFO  impl.RoleInfo (RoleInfo.java:shutdownFollowerState(121)) - 4a1c6203-118e-47eb-ba0e-2d5a78f22a0a: shutdown FollowerState
2019-09-18 13:45:46,928 [1bd0f68f-f4aa-4051-9d98-01d4be462bcd@group-F508A6BF04EB-SegmentedRaftLogWorker] INFO  segmented.SegmentedRaftLogWorker (SegmentedRaftLogWorker.java:execute(569)) - 1bd0f68f-f4aa-4051-9d98-01d4be462bcd@group-F508A6BF04EB-SegmentedRaftLogWorker: created new log segment /workdir/hadoop-ozone/integration-test/target/test-dir/MiniOzoneClusterImpl-5927a352-8e01-48c7-b674-de64d96b5a66/datanode-2/data/ratis/84888843-c42f-404e-b03a-f508a6bf04eb/current/log_inprogress_0
2019-09-18 13:45:46,932 [Thread-734] INFO  impl.RaftServerImpl (RaftServerImpl.java:setRole(174)) - 4a1c6203-118e-47eb-ba0e-2d5a78f22a0a@group-C0DE25BD4848: changes role from  FOLLOWER to CANDIDATE at term 0 for changeToCandidate
2019-09-18 13:45:46,931 [190c8f4e-c6ca-4a74-8304-071ce80ebd18@group-22219F2D776D:LeaderElection24] INFO  impl.RoleInfo (RoleInfo.java:shutdownLeaderElection(134)) - 190c8f4e-c6ca-4a74-8304-071ce80ebd18: shutdown LeaderElection
2019-09-18 13:45:46,932 [Thread-734] INFO  impl.RoleInfo (RoleInfo.java:updateAndGet(143)) - 4a1c6203-118e-47eb-ba0e-2d5a78f22a0a: start LeaderElection
2019-09-18 13:45:46,932 [190c8f4e-c6ca-4a74-8304-071ce80ebd18@group-22219F2D776D:LeaderElection24] INFO  impl.RaftServerImpl (RaftServerImpl.java:setRole(174)) - 190c8f4e-c6ca-4a74-8304-071ce80ebd18@group-22219F2D776D: changes role from CANDIDATE to LEADER at term 1 for changeToLeader
2019-09-18 13:45:46,932 [190c8f4e-c6ca-4a74-8304-071ce80ebd18@group-22219F2D776D:LeaderElection24] INFO  impl.RaftServerImpl (ServerState.java:setLeader(253)) - 190c8f4e-c6ca-4a74-8304-071ce80ebd18@group-22219F2D776D: change Leader from null to 190c8f4e-c6ca-4a74-8304-071ce80ebd18 at term 1 for becomeLeader, leader elected after 5185ms
2019-09-18 13:45:46,940 [190c8f4e-c6ca-4a74-8304-071ce80ebd18@group-22219F2D776D:LeaderElection24] INFO  server.RaftServerConfigKeys (ConfUtils.java:logGet(43)) - raft.server.staging.catchup.gap = 1000 (default)
2019-09-18 13:45:46,940 [190c8f4e-c6ca-4a74-8304-071ce80ebd18@group-22219F2D776D:LeaderElection24] INFO  server.RaftServerConfigKeys (ConfUtils.java:logGet(43)) - raft.server.rpc.sleep.time = 25ms (default)
2019-09-18 13:45:46,941 [190c8f4e-c6ca-4a74-8304-071ce80ebd18@group-22219F2D776D:LeaderElection24] INFO  server.RaftServerConfigKeys (ConfUtils.java:logGet(43)) - raft.server.write.element-limit = 4096 (default)
2019-09-18 13:45:46,941 [190c8f4e-c6ca-4a74-8304-071ce80ebd18@group-22219F2D776D:LeaderElection24] INFO  server.RaftServerConfigKeys (ConfUtils.java:logGet(43)) - raft.server.watch.timeout = 10s (default)
2019-09-18 13:45:46,941 [13e42da7-b798-4787-94f3-5705de2dc0e3@group-F508A6BF04EB-SegmentedRaftLogWorker] INFO  segmented.SegmentedRaftLogWorker (SegmentedRaftLogWorker.java:execute(569)) - 13e42da7-b798-4787-94f3-5705de2dc0e3@group-F508A6BF04EB-SegmentedRaftLogWorker: created new log segment /workdir/hadoop-ozone/integration-test/target/test-dir/MiniOzoneClusterImpl-5927a352-8e01-48c7-b674-de64d96b5a66/datanode-0/data/ratis/84888843-c42f-404e-b03a-f508a6bf04eb/current/log_inprogress_0
2019-09-18 13:45:46,941 [190c8f4e-c6ca-4a74-8304-071ce80ebd18@group-22219F2D776D:LeaderElection24] INFO  server.RaftServerConfigKeys (ConfUtils.java:logGet(43)) - raft.server.watch.timeout.denomination = 1s (default)
2019-09-18 13:45:46,941 [7da8198c-25f9-4afe-be03-ce72c852c5e7@group-E04F3042514A:LeaderElection25] INFO  impl.LeaderElection (LeaderElection.java:askForVotes(182)) - 7da8198c-25f9-4afe-be03-ce72c852c5e7@group-E04F3042514A:LeaderElection25: begin an election at term 1 for -1: [7da8198c-25f9-4afe-be03-ce72c852c5e7:192.168.69.108:32829], old=null
2019-09-18 13:45:46,941 [aa82dec1-0876-47e1-b987-76a1ffe9ede1@group-F508A6BF04EB-SegmentedRaftLogWorker] INFO  segmented.SegmentedRaftLogWorker (SegmentedRaftLogWorker.java:execute(569)) - aa82dec1-0876-47e1-b987-76a1ffe9ede1@group-F508A6BF04EB-SegmentedRaftLogWorker: created new log segment /workdir/hadoop-ozone/integration-test/target/test-dir/MiniOzoneClusterImpl-5927a352-8e01-48c7-b674-de64d96b5a66/datanode-1/data/ratis/84888843-c42f-404e-b03a-f508a6bf04eb/current/log_inprogress_0
2019-09-18 13:45:46,942 [7da8198c-25f9-4afe-be03-ce72c852c5e7@group-E04F3042514A:LeaderElection25] INFO  impl.RoleInfo (RoleInfo.java:shutdownLeaderElection(134)) - 7da8198c-25f9-4afe-be03-ce72c852c5e7: shutdown LeaderElection
2019-09-18 13:45:46,942 [190c8f4e-c6ca-4a74-8304-071ce80ebd18@group-22219F2D776D:LeaderElection24] INFO  server.RaftServerConfigKeys (ConfUtils.java:logGet(43)) - raft.server.watch.element-limit = 65536 (default)
2019-09-18 13:45:46,942 [7da8198c-25f9-4afe-be03-ce72c852c5e7@group-E04F3042514A:LeaderElection25] INFO  impl.RaftServerImpl (RaftServerImpl.java:setRole(174)) - 7da8198c-25f9-4afe-be03-ce72c852c5e7@group-E04F3042514A: changes role from CANDIDATE to LEADER at term 1 for changeToLeader
2019-09-18 13:45:46,942 [7da8198c-25f9-4afe-be03-ce72c852c5e7@group-E04F3042514A:LeaderElection25] INFO  impl.RaftServerImpl (ServerState.java:setLeader(253)) - 7da8198c-25f9-4afe-be03-ce72c852c5e7@group-E04F3042514A: change Leader from null to 7da8198c-25f9-4afe-be03-ce72c852c5e7 at term 1 for becomeLeader, leader elected after 5138ms
2019-09-18 13:45:46,945 [7da8198c-25f9-4afe-be03-ce72c852c5e7@group-E04F3042514A:LeaderElection25] INFO  server.RaftServerConfigKeys (ConfUtils.java:logGet(43)) - raft.server.staging.catchup.gap = 1000 (default)
2019-09-18 13:45:46,945 [7da8198c-25f9-4afe-be03-ce72c852c5e7@group-E04F3042514A:LeaderElection25] INFO  server.RaftServerConfigKeys (ConfUtils.java:logGet(43)) - raft.server.rpc.sleep.time = 25ms (default)
2019-09-18 13:45:46,945 [4a1c6203-118e-47eb-ba0e-2d5a78f22a0a@group-C0DE25BD4848:LeaderElection26] INFO  impl.LeaderElection (LeaderElection.java:askForVotes(182)) - 4a1c6203-118e-47eb-ba0e-2d5a78f22a0a@group-C0DE25BD4848:LeaderElection26: begin an election at term 1 for -1: [4a1c6203-118e-47eb-ba0e-2d5a78f22a0a:192.168.69.108:39109], old=null
2019-09-18 13:45:46,945 [7da8198c-25f9-4afe-be03-ce72c852c5e7@group-E04F3042514A:LeaderElection25] INFO  server.RaftServerConfigKeys (ConfUtils.java:logGet(43)) - raft.server.write.element-limit = 4096 (default)
2019-09-18 13:45:46,945 [4a1c6203-118e-47eb-ba0e-2d5a78f22a0a@group-C0DE25BD4848:LeaderElection26] INFO  impl.RoleInfo (RoleInfo.java:shutdownLeaderElection(134)) - 4a1c6203-118e-47eb-ba0e-2d5a78f22a0a: shutdown LeaderElection
2019-09-18 13:45:46,946 [7da8198c-25f9-4afe-be03-ce72c852c5e7@group-E04F3042514A:LeaderElection25] INFO  server.RaftServerConfigKeys (ConfUtils.java:logGet(43)) - raft.server.watch.timeout = 10s (default)
2019-09-18 13:45:46,946 [4a1c6203-118e-47eb-ba0e-2d5a78f22a0a@group-C0DE25BD4848:LeaderElection26] INFO  impl.RaftServerImpl (RaftServerImpl.java:setRole(174)) - 4a1c6203-118e-47eb-ba0e-2d5a78f22a0a@group-C0DE25BD4848: changes role from CANDIDATE to LEADER at term 1 for changeToLeader
2019-09-18 13:45:46,946 [7da8198c-25f9-4afe-be03-ce72c852c5e7@group-E04F3042514A:LeaderElection25] INFO  server.RaftServerConfigKeys (ConfUtils.java:logGet(43)) - raft.server.watch.timeout.denomination = 1s (default)
2019-09-18 13:45:46,946 [4a1c6203-118e-47eb-ba0e-2d5a78f22a0a@group-C0DE25BD4848:LeaderElection26] INFO  impl.RaftServerImpl (ServerState.java:setLeader(253)) - 4a1c6203-118e-47eb-ba0e-2d5a78f22a0a@group-C0DE25BD4848: change Leader from null to 4a1c6203-118e-47eb-ba0e-2d5a78f22a0a at term 1 for becomeLeader, leader elected after 5090ms
2019-09-18 13:45:46,946 [7da8198c-25f9-4afe-be03-ce72c852c5e7@group-E04F3042514A:LeaderElection25] INFO  server.RaftServerConfigKeys (ConfUtils.java:logGet(43)) - raft.server.watch.element-limit = 65536 (default)
2019-09-18 13:45:46,949 [4a1c6203-118e-47eb-ba0e-2d5a78f22a0a@group-C0DE25BD4848:LeaderElection26] INFO  server.RaftServerConfigKeys (ConfUtils.java:logGet(43)) - raft.server.staging.catchup.gap = 1000 (default)
2019-09-18 13:45:46,950 [4a1c6203-118e-47eb-ba0e-2d5a78f22a0a@group-C0DE25BD4848:LeaderElection26] INFO  server.RaftServerConfigKeys (ConfUtils.java:logGet(43)) - raft.server.rpc.sleep.time = 25ms (default)
2019-09-18 13:45:46,950 [4a1c6203-118e-47eb-ba0e-2d5a78f22a0a@group-C0DE25BD4848:LeaderElection26] INFO  server.RaftServerConfigKeys (ConfUtils.java:logGet(43)) - raft.server.write.element-limit = 4096 (default)
2019-09-18 13:45:46,950 [4a1c6203-118e-47eb-ba0e-2d5a78f22a0a@group-C0DE25BD4848:LeaderElection26] INFO  server.RaftServerConfigKeys (ConfUtils.java:logGet(43)) - raft.server.watch.timeout = 10s (default)
2019-09-18 13:45:46,950 [4a1c6203-118e-47eb-ba0e-2d5a78f22a0a@group-C0DE25BD4848:LeaderElection26] INFO  server.RaftServerConfigKeys (ConfUtils.java:logGet(43)) - raft.server.watch.timeout.denomination = 1s (default)
2019-09-18 13:45:46,951 [4a1c6203-118e-47eb-ba0e-2d5a78f22a0a@group-C0DE25BD4848:LeaderElection26] INFO  server.RaftServerConfigKeys (ConfUtils.java:logGet(43)) - raft.server.watch.element-limit = 65536 (default)
2019-09-18 13:45:46,953 [190c8f4e-c6ca-4a74-8304-071ce80ebd18@group-22219F2D776D:LeaderElection24] INFO  impl.RoleInfo (RoleInfo.java:updateAndGet(143)) - 190c8f4e-c6ca-4a74-8304-071ce80ebd18: start LeaderState
2019-09-18 13:45:46,953 [190c8f4e-c6ca-4a74-8304-071ce80ebd18@group-22219F2D776D:LeaderElection24] INFO  segmented.SegmentedRaftLogWorker (SegmentedRaftLogWorker.java:startLogSegment(380)) - 190c8f4e-c6ca-4a74-8304-071ce80ebd18@group-22219F2D776D-SegmentedRaftLogWorker: Starting segment from index:0
2019-09-18 13:45:46,954 [7da8198c-25f9-4afe-be03-ce72c852c5e7@group-E04F3042514A:LeaderElection25] INFO  impl.RoleInfo (RoleInfo.java:updateAndGet(143)) - 7da8198c-25f9-4afe-be03-ce72c852c5e7: start LeaderState
2019-09-18 13:45:46,954 [190c8f4e-c6ca-4a74-8304-071ce80ebd18@group-22219F2D776D:LeaderElection24] INFO  impl.RaftServerImpl (ServerState.java:setRaftConf(354)) - 190c8f4e-c6ca-4a74-8304-071ce80ebd18@group-22219F2D776D: set configuration 0: [190c8f4e-c6ca-4a74-8304-071ce80ebd18:192.168.69.108:35944], old=null at 0
2019-09-18 13:45:46,954 [7da8198c-25f9-4afe-be03-ce72c852c5e7@group-E04F3042514A:LeaderElection25] INFO  segmented.SegmentedRaftLogWorker (SegmentedRaftLogWorker.java:startLogSegment(380)) - 7da8198c-25f9-4afe-be03-ce72c852c5e7@group-E04F3042514A-SegmentedRaftLogWorker: Starting segment from index:0
2019-09-18 13:45:46,994 [7da8198c-25f9-4afe-be03-ce72c852c5e7@group-E04F3042514A:LeaderElection25] INFO  impl.RaftServerImpl (ServerState.java:setRaftConf(354)) - 7da8198c-25f9-4afe-be03-ce72c852c5e7@group-E04F3042514A: set configuration 0: [7da8198c-25f9-4afe-be03-ce72c852c5e7:192.168.69.108:32829], old=null at 0
2019-09-18 13:45:47,039 [Thread-742] INFO  impl.FollowerState (FollowerState.java:run(106)) - 190c8f4e-c6ca-4a74-8304-071ce80ebd18:group-6BF900824CBD changes to CANDIDATE, lastRpcTime:5118, electionTimeout:5105ms
2019-09-18 13:45:47,039 [Thread-737] INFO  impl.FollowerState (FollowerState.java:run(106)) - 7da8198c-25f9-4afe-be03-ce72c852c5e7:group-6BF900824CBD changes to CANDIDATE, lastRpcTime:5122, electionTimeout:5102ms
2019-09-18 13:45:47,039 [Thread-742] INFO  impl.RoleInfo (RoleInfo.java:shutdownFollowerState(121)) - 190c8f4e-c6ca-4a74-8304-071ce80ebd18: shutdown FollowerState
2019-09-18 13:45:47,040 [Thread-737] INFO  impl.RoleInfo (RoleInfo.java:shutdownFollowerState(121)) - 7da8198c-25f9-4afe-be03-ce72c852c5e7: shutdown FollowerState
2019-09-18 13:45:47,040 [4a1c6203-118e-47eb-ba0e-2d5a78f22a0a@group-C0DE25BD4848:LeaderElection26] INFO  impl.RoleInfo (RoleInfo.java:updateAndGet(143)) - 4a1c6203-118e-47eb-ba0e-2d5a78f22a0a: start LeaderState
2019-09-18 13:45:47,039 [Thread-741] INFO  impl.FollowerState (FollowerState.java:run(106)) - 4a1c6203-118e-47eb-ba0e-2d5a78f22a0a:group-6BF900824CBD changes to CANDIDATE, lastRpcTime:5118, electionTimeout:5088ms
2019-09-18 13:45:47,039 [190c8f4e-c6ca-4a74-8304-071ce80ebd18@group-22219F2D776D-SegmentedRaftLogWorker] INFO  segmented.SegmentedRaftLogWorker (SegmentedRaftLogWorker.java:execute(569)) - 190c8f4e-c6ca-4a74-8304-071ce80ebd18@group-22219F2D776D-SegmentedRaftLogWorker: created new log segment /workdir/hadoop-ozone/integration-test/target/test-dir/MiniOzoneClusterImpl-5927a352-8e01-48c7-b674-de64d96b5a66/datanode-4/data/ratis/fec069e1-aa27-4717-b996-22219f2d776d/current/log_inprogress_0
2019-09-18 13:45:47,040 [Thread-741] INFO  impl.RoleInfo (RoleInfo.java:shutdownFollowerState(121)) - 4a1c6203-118e-47eb-ba0e-2d5a78f22a0a: shutdown FollowerState
2019-09-18 13:45:47,040 [4a1c6203-118e-47eb-ba0e-2d5a78f22a0a@group-C0DE25BD4848:LeaderElection26] INFO  segmented.SegmentedRaftLogWorker (SegmentedRaftLogWorker.java:startLogSegment(380)) - 4a1c6203-118e-47eb-ba0e-2d5a78f22a0a@group-C0DE25BD4848-SegmentedRaftLogWorker: Starting segment from index:0
2019-09-18 13:45:47,040 [Thread-737] INFO  impl.RaftServerImpl (RaftServerImpl.java:setRole(174)) - 7da8198c-25f9-4afe-be03-ce72c852c5e7@group-6BF900824CBD: changes role from  FOLLOWER to CANDIDATE at term 0 for changeToCandidate
2019-09-18 13:45:47,040 [Thread-742] INFO  impl.RaftServerImpl (RaftServerImpl.java:setRole(174)) - 190c8f4e-c6ca-4a74-8304-071ce80ebd18@group-6BF900824CBD: changes role from  FOLLOWER to CANDIDATE at term 0 for changeToCandidate
2019-09-18 13:45:47,041 [Thread-737] INFO  impl.RoleInfo (RoleInfo.java:updateAndGet(143)) - 7da8198c-25f9-4afe-be03-ce72c852c5e7: start LeaderElection
2019-09-18 13:45:47,041 [4a1c6203-118e-47eb-ba0e-2d5a78f22a0a@group-C0DE25BD4848:LeaderElection26] INFO  impl.RaftServerImpl (ServerState.java:setRaftConf(354)) - 4a1c6203-118e-47eb-ba0e-2d5a78f22a0a@group-C0DE25BD4848: set configuration 0: [4a1c6203-118e-47eb-ba0e-2d5a78f22a0a:192.168.69.108:39109], old=null at 0
2019-09-18 13:45:47,041 [Thread-741] INFO  impl.RaftServerImpl (RaftServerImpl.java:setRole(174)) - 4a1c6203-118e-47eb-ba0e-2d5a78f22a0a@group-6BF900824CBD: changes role from  FOLLOWER to CANDIDATE at term 0 for changeToCandidate
2019-09-18 13:45:47,086 [7da8198c-25f9-4afe-be03-ce72c852c5e7@group-E04F3042514A-SegmentedRaftLogWorker] INFO  segmented.SegmentedRaftLogWorker (SegmentedRaftLogWorker.java:execute(569)) - 7da8198c-25f9-4afe-be03-ce72c852c5e7@group-E04F3042514A-SegmentedRaftLogWorker: created new log segment /workdir/hadoop-ozone/integration-test/target/test-dir/MiniOzoneClusterImpl-5927a352-8e01-48c7-b674-de64d96b5a66/datanode-3/data/ratis/3b3b14ac-acde-4a94-8139-e04f3042514a/current/log_inprogress_0
2019-09-18 13:45:47,041 [Thread-742] INFO  impl.RoleInfo (RoleInfo.java:updateAndGet(143)) - 190c8f4e-c6ca-4a74-8304-071ce80ebd18: start LeaderElection
2019-09-18 13:45:47,087 [Thread-741] INFO  impl.RoleInfo (RoleInfo.java:updateAndGet(143)) - 4a1c6203-118e-47eb-ba0e-2d5a78f22a0a: start LeaderElection
2019-09-18 13:45:47,102 [4a1c6203-118e-47eb-ba0e-2d5a78f22a0a@group-C0DE25BD4848-SegmentedRaftLogWorker] INFO  segmented.SegmentedRaftLogWorker (SegmentedRaftLogWorker.java:execute(569)) - 4a1c6203-118e-47eb-ba0e-2d5a78f22a0a@group-C0DE25BD4848-SegmentedRaftLogWorker: created new log segment /workdir/hadoop-ozone/integration-test/target/test-dir/MiniOzoneClusterImpl-5927a352-8e01-48c7-b674-de64d96b5a66/datanode-5/data/ratis/28b3d662-40b4-4100-a795-c0de25bd4848/current/log_inprogress_0
2019-09-18 13:45:47,102 [4a1c6203-118e-47eb-ba0e-2d5a78f22a0a@group-6BF900824CBD:LeaderElection29] INFO  impl.LeaderElection (LeaderElection.java:askForVotes(182)) - 4a1c6203-118e-47eb-ba0e-2d5a78f22a0a@group-6BF900824CBD:LeaderElection29: begin an election at term 1 for -1: [190c8f4e-c6ca-4a74-8304-071ce80ebd18:192.168.69.108:35944, 4a1c6203-118e-47eb-ba0e-2d5a78f22a0a:192.168.69.108:39109, 7da8198c-25f9-4afe-be03-ce72c852c5e7:192.168.69.108:32829], old=null
2019-09-18 13:45:47,102 [190c8f4e-c6ca-4a74-8304-071ce80ebd18@group-6BF900824CBD:LeaderElection28] INFO  impl.LeaderElection (LeaderElection.java:askForVotes(182)) - 190c8f4e-c6ca-4a74-8304-071ce80ebd18@group-6BF900824CBD:LeaderElection28: begin an election at term 1 for -1: [190c8f4e-c6ca-4a74-8304-071ce80ebd18:192.168.69.108:35944, 4a1c6203-118e-47eb-ba0e-2d5a78f22a0a:192.168.69.108:39109, 7da8198c-25f9-4afe-be03-ce72c852c5e7:192.168.69.108:32829], old=null
2019-09-18 13:45:47,103 [7da8198c-25f9-4afe-be03-ce72c852c5e7@group-6BF900824CBD:LeaderElection27] INFO  impl.LeaderElection (LeaderElection.java:askForVotes(182)) - 7da8198c-25f9-4afe-be03-ce72c852c5e7@group-6BF900824CBD:LeaderElection27: begin an election at term 1 for -1: [190c8f4e-c6ca-4a74-8304-071ce80ebd18:192.168.69.108:35944, 4a1c6203-118e-47eb-ba0e-2d5a78f22a0a:192.168.69.108:39109, 7da8198c-25f9-4afe-be03-ce72c852c5e7:192.168.69.108:32829], old=null
2019-09-18 13:45:47,104 [grpc-default-executor-1] INFO  client.GrpcClientProtocolClient (GrpcClientProtocolClient.java:onNext(264)) - client-7E447A684545->aa82dec1-0876-47e1-b987-76a1ffe9ede1: receive RaftClientReply:client-7E447A684545->aa82dec1-0876-47e1-b987-76a1ffe9ede1@group-F508A6BF04EB, cid=41, FAILED org.apache.ratis.protocol.NotLeaderException: Server aa82dec1-0876-47e1-b987-76a1ffe9ede1@group-F508A6BF04EB is not the leader 1bd0f68f-f4aa-4051-9d98-01d4be462bcd:192.168.69.108:34021, logIndex=0, commits[aa82dec1-0876-47e1-b987-76a1ffe9ede1:c-1, 13e42da7-b798-4787-94f3-5705de2dc0e3:c-1, 1bd0f68f-f4aa-4051-9d98-01d4be462bcd:c-1]
2019-09-18 13:45:47,142 [4a1c6203-118e-47eb-ba0e-2d5a78f22a0a@group-6BF900824CBD:LeaderElection29] INFO  impl.LeaderElection (LeaderElection.java:logAndReturn(56)) - 4a1c6203-118e-47eb-ba0e-2d5a78f22a0a@group-6BF900824CBD:LeaderElection29: Election REJECTED; received 2 response(s) [4a1c6203-118e-47eb-ba0e-2d5a78f22a0a<-190c8f4e-c6ca-4a74-8304-071ce80ebd18#0:FAIL-t1, 4a1c6203-118e-47eb-ba0e-2d5a78f22a0a<-7da8198c-25f9-4afe-be03-ce72c852c5e7#0:FAIL-t1] and 0 exception(s); 4a1c6203-118e-47eb-ba0e-2d5a78f22a0a@group-6BF900824CBD:t1, leader=null, voted=4a1c6203-118e-47eb-ba0e-2d5a78f22a0a, raftlog=4a1c6203-118e-47eb-ba0e-2d5a78f22a0a@group-6BF900824CBD-SegmentedRaftLog:OPENED:c-1,f-1,i0, conf=-1: [190c8f4e-c6ca-4a74-8304-071ce80ebd18:192.168.69.108:35944, 4a1c6203-118e-47eb-ba0e-2d5a78f22a0a:192.168.69.108:39109, 7da8198c-25f9-4afe-be03-ce72c852c5e7:192.168.69.108:32829], old=null
2019-09-18 13:45:47,142 [4a1c6203-118e-47eb-ba0e-2d5a78f22a0a@group-6BF900824CBD:LeaderElection29] INFO  impl.RaftServerImpl (RaftServerImpl.java:setRole(174)) - 4a1c6203-118e-47eb-ba0e-2d5a78f22a0a@group-6BF900824CBD: changes role from CANDIDATE to FOLLOWER at term 1 for DISCOVERED_A_NEW_TERM
2019-09-18 13:45:47,143 [4a1c6203-118e-47eb-ba0e-2d5a78f22a0a@group-6BF900824CBD:LeaderElection29] INFO  impl.RoleInfo (RoleInfo.java:shutdownLeaderElection(134)) - 4a1c6203-118e-47eb-ba0e-2d5a78f22a0a: shutdown LeaderElection
2019-09-18 13:45:47,143 [4a1c6203-118e-47eb-ba0e-2d5a78f22a0a@group-6BF900824CBD:LeaderElection29] INFO  impl.RoleInfo (RoleInfo.java:updateAndGet(143)) - 4a1c6203-118e-47eb-ba0e-2d5a78f22a0a: start FollowerState
2019-09-18 13:45:47,143 [190c8f4e-c6ca-4a74-8304-071ce80ebd18@group-6BF900824CBD:LeaderElection28] INFO  impl.LeaderElection (LeaderElection.java:logAndReturn(56)) - 190c8f4e-c6ca-4a74-8304-071ce80ebd18@group-6BF900824CBD:LeaderElection28: Election REJECTED; received 2 response(s) [190c8f4e-c6ca-4a74-8304-071ce80ebd18<-4a1c6203-118e-47eb-ba0e-2d5a78f22a0a#0:FAIL-t1, 190c8f4e-c6ca-4a74-8304-071ce80ebd18<-7da8198c-25f9-4afe-be03-ce72c852c5e7#0:FAIL-t1] and 0 exception(s); 190c8f4e-c6ca-4a74-8304-071ce80ebd18@group-6BF900824CBD:t1, leader=null, voted=190c8f4e-c6ca-4a74-8304-071ce80ebd18, raftlog=190c8f4e-c6ca-4a74-8304-071ce80ebd18@group-6BF900824CBD-SegmentedRaftLog:OPENED:c-1,f-1,i0, conf=-1: [190c8f4e-c6ca-4a74-8304-071ce80ebd18:192.168.69.108:35944, 4a1c6203-118e-47eb-ba0e-2d5a78f22a0a:192.168.69.108:39109, 7da8198c-25f9-4afe-be03-ce72c852c5e7:192.168.69.108:32829], old=null
2019-09-18 13:45:47,145 [7da8198c-25f9-4afe-be03-ce72c852c5e7@group-6BF900824CBD:LeaderElection27] INFO  impl.LeaderElection (LeaderElection.java:logAndReturn(56)) - 7da8198c-25f9-4afe-be03-ce72c852c5e7@group-6BF900824CBD:LeaderElection27: Election REJECTED; received 2 response(s) [7da8198c-25f9-4afe-be03-ce72c852c5e7<-190c8f4e-c6ca-4a74-8304-071ce80ebd18#0:FAIL-t1, 7da8198c-25f9-4afe-be03-ce72c852c5e7<-4a1c6203-118e-47eb-ba0e-2d5a78f22a0a#0:FAIL-t1] and 0 exception(s); 7da8198c-25f9-4afe-be03-ce72c852c5e7@group-6BF900824CBD:t1, leader=null, voted=7da8198c-25f9-4afe-be03-ce72c852c5e7, raftlog=7da8198c-25f9-4afe-be03-ce72c852c5e7@group-6BF900824CBD-SegmentedRaftLog:OPENED:c-1,f-1,i0, conf=-1: [190c8f4e-c6ca-4a74-8304-071ce80ebd18:192.168.69.108:35944, 4a1c6203-118e-47eb-ba0e-2d5a78f22a0a:192.168.69.108:39109, 7da8198c-25f9-4afe-be03-ce72c852c5e7:192.168.69.108:32829], old=null
2019-09-18 13:45:47,146 [190c8f4e-c6ca-4a74-8304-071ce80ebd18@group-6BF900824CBD:LeaderElection28] INFO  impl.RaftServerImpl (RaftServerImpl.java:setRole(174)) - 190c8f4e-c6ca-4a74-8304-071ce80ebd18@group-6BF900824CBD: changes role from CANDIDATE to FOLLOWER at term 1 for DISCOVERED_A_NEW_TERM
2019-09-18 13:45:47,148 [7da8198c-25f9-4afe-be03-ce72c852c5e7@group-6BF900824CBD:LeaderElection27] INFO  impl.RaftServerImpl (RaftServerImpl.java:setRole(174)) - 7da8198c-25f9-4afe-be03-ce72c852c5e7@group-6BF900824CBD: changes role from CANDIDATE to FOLLOWER at term 1 for DISCOVERED_A_NEW_TERM
2019-09-18 13:45:47,148 [190c8f4e-c6ca-4a74-8304-071ce80ebd18@group-6BF900824CBD:LeaderElection28] INFO  impl.RoleInfo (RoleInfo.java:shutdownLeaderElection(134)) - 190c8f4e-c6ca-4a74-8304-071ce80ebd18: shutdown LeaderElection
2019-09-18 13:45:47,150 [7da8198c-25f9-4afe-be03-ce72c852c5e7@group-6BF900824CBD:LeaderElection27] INFO  impl.RoleInfo (RoleInfo.java:shutdownLeaderElection(134)) - 7da8198c-25f9-4afe-be03-ce72c852c5e7: shutdown LeaderElection
2019-09-18 13:45:47,150 [190c8f4e-c6ca-4a74-8304-071ce80ebd18@group-6BF900824CBD:LeaderElection28] INFO  impl.RoleInfo (RoleInfo.java:updateAndGet(143)) - 190c8f4e-c6ca-4a74-8304-071ce80ebd18: start FollowerState
2019-09-18 13:45:47,150 [7da8198c-25f9-4afe-be03-ce72c852c5e7@group-6BF900824CBD:LeaderElection27] INFO  impl.RoleInfo (RoleInfo.java:updateAndGet(143)) - 7da8198c-25f9-4afe-be03-ce72c852c5e7: start FollowerState
2019-09-18 13:45:47,259 [grpc-default-executor-1] INFO  client.GrpcClientProtocolClient (GrpcClientProtocolClient.java:onNext(264)) - client-7E447A684545->1bd0f68f-f4aa-4051-9d98-01d4be462bcd: receive RaftClientReply:client-7E447A684545->1bd0f68f-f4aa-4051-9d98-01d4be462bcd@group-F508A6BF04EB, cid=41, SUCCESS, logIndex=1, commits[1bd0f68f-f4aa-4051-9d98-01d4be462bcd:c2, aa82dec1-0876-47e1-b987-76a1ffe9ede1:c1, 13e42da7-b798-4787-94f3-5705de2dc0e3:c1]
2019-09-18 13:45:47,364 [grpc-default-executor-4] INFO  client.GrpcClientProtocolClient (GrpcClientProtocolClient.java:onNext(264)) - client-7E447A684545->1bd0f68f-f4aa-4051-9d98-01d4be462bcd: receive RaftClientReply:client-7E447A684545->1bd0f68f-f4aa-4051-9d98-01d4be462bcd@group-F508A6BF04EB, cid=42, SUCCESS, logIndex=3, commits[1bd0f68f-f4aa-4051-9d98-01d4be462bcd:c4, aa82dec1-0876-47e1-b987-76a1ffe9ede1:c3, 13e42da7-b798-4787-94f3-5705de2dc0e3:c3]
2019-09-18 13:45:47,464 [grpc-default-executor-4] INFO  client.GrpcClientProtocolClient (GrpcClientProtocolClient.java:onNext(264)) - client-7E447A684545->1bd0f68f-f4aa-4051-9d98-01d4be462bcd: receive RaftClientReply:client-7E447A684545->1bd0f68f-f4aa-4051-9d98-01d4be462bcd@group-F508A6BF04EB, cid=43, SUCCESS, logIndex=5, commits[1bd0f68f-f4aa-4051-9d98-01d4be462bcd:c6, aa82dec1-0876-47e1-b987-76a1ffe9ede1:c5, 13e42da7-b798-4787-94f3-5705de2dc0e3:c5]
2019-09-18 13:45:47,480 [RatisApplyTransactionExecutor 1] ERROR ratis.ContainerStateMachine (ContainerStateMachine.java:lambda$applyTransaction$6(720)) - gid group-F508A6BF04EB : ApplyTransaction failed. cmd CreateContainer logIndex 7 exception {}
java.lang.IllegalArgumentException
	at com.google.common.base.Preconditions.checkArgument(Preconditions.java:72)
	at org.apache.hadoop.ozone.container.keyvalue.KeyValueHandler.handleCreateContainer(KeyValueHandler.java:215)
	at org.apache.hadoop.ozone.container.keyvalue.KeyValueHandler.handle(KeyValueHandler.java:152)
	at org.apache.hadoop.ozone.container.common.impl.HddsDispatcher.dispatchRequest(HddsDispatcher.java:275)
	at org.apache.hadoop.ozone.container.common.impl.HddsDispatcher.dispatch(HddsDispatcher.java:150)
	at org.apache.hadoop.ozone.container.common.transport.server.ratis.ContainerStateMachine.dispatchCommand(ContainerStateMachine.java:401)
	at org.apache.hadoop.ozone.container.common.transport.server.ratis.ContainerStateMachine.runCommand(ContainerStateMachine.java:409)
	at org.apache.hadoop.ozone.container.common.transport.server.ratis.ContainerStateMachine.lambda$applyTransaction$6(ContainerStateMachine.java:718)
	at java.util.concurrent.CompletableFuture$AsyncSupply.run(CompletableFuture.java:1590)
	at java.util.concurrent.ThreadPoolExecutor.runWorker(ThreadPoolExecutor.java:1149)
	at java.util.concurrent.ThreadPoolExecutor$Worker.run(ThreadPoolExecutor.java:624)
	at java.lang.Thread.run(Thread.java:748)
2019-09-18 13:45:47,503 [RatisApplyTransactionExecutor 1] ERROR ratis.ContainerStateMachine (ContainerStateMachine.java:lambda$applyTransaction$6(720)) - gid group-F508A6BF04EB : ApplyTransaction failed. cmd CreateContainer logIndex 7 exception {}
java.lang.IllegalArgumentException
	at com.google.common.base.Preconditions.checkArgument(Preconditions.java:72)
	at org.apache.hadoop.ozone.container.keyvalue.KeyValueHandler.handleCreateContainer(KeyValueHandler.java:215)
	at org.apache.hadoop.ozone.container.keyvalue.KeyValueHandler.handle(KeyValueHandler.java:152)
	at org.apache.hadoop.ozone.container.common.impl.HddsDispatcher.dispatchRequest(HddsDispatcher.java:275)
	at org.apache.hadoop.ozone.container.common.impl.HddsDispatcher.dispatch(HddsDispatcher.java:150)
	at org.apache.hadoop.ozone.container.common.transport.server.ratis.ContainerStateMachine.dispatchCommand(ContainerStateMachine.java:401)
	at org.apache.hadoop.ozone.container.common.transport.server.ratis.ContainerStateMachine.runCommand(ContainerStateMachine.java:409)
	at org.apache.hadoop.ozone.container.common.transport.server.ratis.ContainerStateMachine.lambda$applyTransaction$6(ContainerStateMachine.java:718)
	at java.util.concurrent.CompletableFuture$AsyncSupply.run(CompletableFuture.java:1590)
	at java.util.concurrent.ThreadPoolExecutor.runWorker(ThreadPoolExecutor.java:1149)
	at java.util.concurrent.ThreadPoolExecutor$Worker.run(ThreadPoolExecutor.java:624)
	at java.lang.Thread.run(Thread.java:748)
2019-09-18 13:45:47,503 [RatisApplyTransactionExecutor 1] ERROR ratis.ContainerStateMachine (ContainerStateMachine.java:lambda$applyTransaction$6(720)) - gid group-F508A6BF04EB : ApplyTransaction failed. cmd CreateContainer logIndex 7 exception {}
java.lang.IllegalArgumentException
	at com.google.common.base.Preconditions.checkArgument(Preconditions.java:72)
	at org.apache.hadoop.ozone.container.keyvalue.KeyValueHandler.handleCreateContainer(KeyValueHandler.java:215)
	at org.apache.hadoop.ozone.container.keyvalue.KeyValueHandler.handle(KeyValueHandler.java:152)
	at org.apache.hadoop.ozone.container.common.impl.HddsDispatcher.dispatchRequest(HddsDispatcher.java:275)
	at org.apache.hadoop.ozone.container.common.impl.HddsDispatcher.dispatch(HddsDispatcher.java:150)
	at org.apache.hadoop.ozone.container.common.transport.server.ratis.ContainerStateMachine.dispatchCommand(ContainerStateMachine.java:401)
	at org.apache.hadoop.ozone.container.common.transport.server.ratis.ContainerStateMachine.runCommand(ContainerStateMachine.java:409)
	at org.apache.hadoop.ozone.container.common.transport.server.ratis.ContainerStateMachine.lambda$applyTransaction$6(ContainerStateMachine.java:718)
	at java.util.concurrent.CompletableFuture$AsyncSupply.run(CompletableFuture.java:1590)
	at java.util.concurrent.ThreadPoolExecutor.runWorker(ThreadPoolExecutor.java:1149)
	at java.util.concurrent.ThreadPoolExecutor$Worker.run(ThreadPoolExecutor.java:624)
	at java.lang.Thread.run(Thread.java:748)
2019-09-18 13:45:48,523 [grpc-default-executor-4] INFO  client.GrpcClientProtocolClient (GrpcClientProtocolClient.java:onNext(264)) - client-7E447A684545->aa82dec1-0876-47e1-b987-76a1ffe9ede1: receive RaftClientReply:client-7E447A684545->aa82dec1-0876-47e1-b987-76a1ffe9ede1@group-F508A6BF04EB, cid=44, FAILED org.apache.ratis.protocol.NotLeaderException: Server aa82dec1-0876-47e1-b987-76a1ffe9ede1@group-F508A6BF04EB is not the leader 1bd0f68f-f4aa-4051-9d98-01d4be462bcd:192.168.69.108:34021, logIndex=0, commits[aa82dec1-0876-47e1-b987-76a1ffe9ede1:c7, 13e42da7-b798-4787-94f3-5705de2dc0e3:c6, 1bd0f68f-f4aa-4051-9d98-01d4be462bcd:c7]
2019-09-18 13:45:49,593 [grpc-default-executor-4] INFO  client.GrpcClientProtocolClient (GrpcClientProtocolClient.java:onNext(264)) - client-7E447A684545->aa82dec1-0876-47e1-b987-76a1ffe9ede1: receive RaftClientReply:client-7E447A684545->aa82dec1-0876-47e1-b987-76a1ffe9ede1@group-F508A6BF04EB, cid=44, FAILED org.apache.ratis.protocol.NotLeaderException: Server aa82dec1-0876-47e1-b987-76a1ffe9ede1@group-F508A6BF04EB is not the leader 1bd0f68f-f4aa-4051-9d98-01d4be462bcd:192.168.69.108:34021, logIndex=0, commits[aa82dec1-0876-47e1-b987-76a1ffe9ede1:c7, 13e42da7-b798-4787-94f3-5705de2dc0e3:c6, 1bd0f68f-f4aa-4051-9d98-01d4be462bcd:c7]
2019-09-18 13:45:50,649 [grpc-default-executor-4] INFO  client.GrpcClientProtocolClient (GrpcClientProtocolClient.java:onNext(264)) - client-7E447A684545->aa82dec1-0876-47e1-b987-76a1ffe9ede1: receive RaftClientReply:client-7E447A684545->aa82dec1-0876-47e1-b987-76a1ffe9ede1@group-F508A6BF04EB, cid=44, FAILED org.apache.ratis.protocol.NotLeaderException: Server aa82dec1-0876-47e1-b987-76a1ffe9ede1@group-F508A6BF04EB is not the leader 1bd0f68f-f4aa-4051-9d98-01d4be462bcd:192.168.69.108:34021, logIndex=0, commits[aa82dec1-0876-47e1-b987-76a1ffe9ede1:c8, 13e42da7-b798-4787-94f3-5705de2dc0e3:c7, 1bd0f68f-f4aa-4051-9d98-01d4be462bcd:c8]
2019-09-18 13:45:51,701 [grpc-default-executor-1] INFO  client.GrpcClientProtocolClient (GrpcClientProtocolClient.java:onNext(264)) - client-7E447A684545->aa82dec1-0876-47e1-b987-76a1ffe9ede1: receive RaftClientReply:client-7E447A684545->aa82dec1-0876-47e1-b987-76a1ffe9ede1@group-F508A6BF04EB, cid=44, FAILED org.apache.ratis.protocol.NotLeaderException: Server aa82dec1-0876-47e1-b987-76a1ffe9ede1@group-F508A6BF04EB is not the leader 1bd0f68f-f4aa-4051-9d98-01d4be462bcd:192.168.69.108:34021, logIndex=0, commits[aa82dec1-0876-47e1-b987-76a1ffe9ede1:c8, 13e42da7-b798-4787-94f3-5705de2dc0e3:c7, 1bd0f68f-f4aa-4051-9d98-01d4be462bcd:c8]
2019-09-18 13:45:52,264 [Thread-799] INFO  impl.FollowerState (FollowerState.java:run(106)) - 190c8f4e-c6ca-4a74-8304-071ce80ebd18:group-6BF900824CBD changes to CANDIDATE, lastRpcTime:5113, electionTimeout:5113ms
2019-09-18 13:45:52,268 [Thread-799] INFO  impl.RoleInfo (RoleInfo.java:shutdownFollowerState(121)) - 190c8f4e-c6ca-4a74-8304-071ce80ebd18: shutdown FollowerState
2019-09-18 13:45:52,268 [Thread-799] INFO  impl.RaftServerImpl (RaftServerImpl.java:setRole(174)) - 190c8f4e-c6ca-4a74-8304-071ce80ebd18@group-6BF900824CBD: changes role from  FOLLOWER to CANDIDATE at term 1 for changeToCandidate
2019-09-18 13:45:52,268 [Thread-799] INFO  impl.RoleInfo (RoleInfo.java:updateAndGet(143)) - 190c8f4e-c6ca-4a74-8304-071ce80ebd18: start LeaderElection
2019-09-18 13:45:52,276 [Thread-798] INFO  impl.FollowerState (FollowerState.java:run(106)) - 4a1c6203-118e-47eb-ba0e-2d5a78f22a0a:group-6BF900824CBD changes to CANDIDATE, lastRpcTime:5133, electionTimeout:5130ms
2019-09-18 13:45:52,279 [Thread-798] INFO  impl.RoleInfo (RoleInfo.java:shutdownFollowerState(121)) - 4a1c6203-118e-47eb-ba0e-2d5a78f22a0a: shutdown FollowerState
2019-09-18 13:45:52,279 [Thread-798] INFO  impl.RaftServerImpl (RaftServerImpl.java:setRole(174)) - 4a1c6203-118e-47eb-ba0e-2d5a78f22a0a@group-6BF900824CBD: changes role from  FOLLOWER to CANDIDATE at term 1 for changeToCandidate
2019-09-18 13:45:52,279 [Thread-798] INFO  impl.RoleInfo (RoleInfo.java:updateAndGet(143)) - 4a1c6203-118e-47eb-ba0e-2d5a78f22a0a: start LeaderElection
2019-09-18 13:45:52,285 [190c8f4e-c6ca-4a74-8304-071ce80ebd18@group-6BF900824CBD:LeaderElection30] INFO  impl.LeaderElection (LeaderElection.java:askForVotes(182)) - 190c8f4e-c6ca-4a74-8304-071ce80ebd18@group-6BF900824CBD:LeaderElection30: begin an election at term 2 for -1: [190c8f4e-c6ca-4a74-8304-071ce80ebd18:192.168.69.108:35944, 4a1c6203-118e-47eb-ba0e-2d5a78f22a0a:192.168.69.108:39109, 7da8198c-25f9-4afe-be03-ce72c852c5e7:192.168.69.108:32829], old=null
2019-09-18 13:45:52,286 [4a1c6203-118e-47eb-ba0e-2d5a78f22a0a@group-6BF900824CBD:LeaderElection31] INFO  impl.LeaderElection (LeaderElection.java:askForVotes(182)) - 4a1c6203-118e-47eb-ba0e-2d5a78f22a0a@group-6BF900824CBD:LeaderElection31: begin an election at term 2 for -1: [190c8f4e-c6ca-4a74-8304-071ce80ebd18:192.168.69.108:35944, 4a1c6203-118e-47eb-ba0e-2d5a78f22a0a:192.168.69.108:39109, 7da8198c-25f9-4afe-be03-ce72c852c5e7:192.168.69.108:32829], old=null
2019-09-18 13:45:52,290 [grpc-default-executor-5] INFO  impl.RaftServerImpl (RaftServerImpl.java:setRole(174)) - 7da8198c-25f9-4afe-be03-ce72c852c5e7@group-6BF900824CBD: changes role from  FOLLOWER to FOLLOWER at term 2 for recognizeCandidate:190c8f4e-c6ca-4a74-8304-071ce80ebd18
2019-09-18 13:45:52,290 [grpc-default-executor-5] INFO  impl.RoleInfo (RoleInfo.java:shutdownFollowerState(121)) - 7da8198c-25f9-4afe-be03-ce72c852c5e7: shutdown FollowerState
2019-09-18 13:45:52,290 [grpc-default-executor-5] INFO  impl.RoleInfo (RoleInfo.java:updateAndGet(143)) - 7da8198c-25f9-4afe-be03-ce72c852c5e7: start FollowerState
2019-09-18 13:45:52,291 [Thread-800] INFO  impl.FollowerState (FollowerState.java:run(115)) - 7da8198c-25f9-4afe-be03-ce72c852c5e7: FollowerState was interrupted: java.lang.InterruptedException: sleep interrupted
2019-09-18 13:45:52,308 [190c8f4e-c6ca-4a74-8304-071ce80ebd18@group-6BF900824CBD:LeaderElection30] INFO  impl.LeaderElection (LeaderElection.java:logAndReturn(56)) - 190c8f4e-c6ca-4a74-8304-071ce80ebd18@group-6BF900824CBD:LeaderElection30: Election PASSED; received 2 response(s) [190c8f4e-c6ca-4a74-8304-071ce80ebd18<-4a1c6203-118e-47eb-ba0e-2d5a78f22a0a#0:FAIL-t2, 190c8f4e-c6ca-4a74-8304-071ce80ebd18<-7da8198c-25f9-4afe-be03-ce72c852c5e7#0:OK-t2] and 0 exception(s); 190c8f4e-c6ca-4a74-8304-071ce80ebd18@group-6BF900824CBD:t2, leader=null, voted=190c8f4e-c6ca-4a74-8304-071ce80ebd18, raftlog=190c8f4e-c6ca-4a74-8304-071ce80ebd18@group-6BF900824CBD-SegmentedRaftLog:OPENED:c-1,f-1,i0, conf=-1: [190c8f4e-c6ca-4a74-8304-071ce80ebd18:192.168.69.108:35944, 4a1c6203-118e-47eb-ba0e-2d5a78f22a0a:192.168.69.108:39109, 7da8198c-25f9-4afe-be03-ce72c852c5e7:192.168.69.108:32829], old=null
2019-09-18 13:45:52,308 [4a1c6203-118e-47eb-ba0e-2d5a78f22a0a@group-6BF900824CBD:LeaderElection31] INFO  impl.LeaderElection (LeaderElection.java:logAndReturn(56)) - 4a1c6203-118e-47eb-ba0e-2d5a78f22a0a@group-6BF900824CBD:LeaderElection31: Election REJECTED; received 2 response(s) [4a1c6203-118e-47eb-ba0e-2d5a78f22a0a<-190c8f4e-c6ca-4a74-8304-071ce80ebd18#0:FAIL-t2, 4a1c6203-118e-47eb-ba0e-2d5a78f22a0a<-7da8198c-25f9-4afe-be03-ce72c852c5e7#0:FAIL-t2] and 0 exception(s); 4a1c6203-118e-47eb-ba0e-2d5a78f22a0a@group-6BF900824CBD:t2, leader=null, voted=4a1c6203-118e-47eb-ba0e-2d5a78f22a0a, raftlog=4a1c6203-118e-47eb-ba0e-2d5a78f22a0a@group-6BF900824CBD-SegmentedRaftLog:OPENED:c-1,f-1,i0, conf=-1: [190c8f4e-c6ca-4a74-8304-071ce80ebd18:192.168.69.108:35944, 4a1c6203-118e-47eb-ba0e-2d5a78f22a0a:192.168.69.108:39109, 7da8198c-25f9-4afe-be03-ce72c852c5e7:192.168.69.108:32829], old=null
2019-09-18 13:45:52,308 [190c8f4e-c6ca-4a74-8304-071ce80ebd18@group-6BF900824CBD:LeaderElection30] INFO  impl.RoleInfo (RoleInfo.java:shutdownLeaderElection(134)) - 190c8f4e-c6ca-4a74-8304-071ce80ebd18: shutdown LeaderElection
2019-09-18 13:45:52,311 [4a1c6203-118e-47eb-ba0e-2d5a78f22a0a@group-6BF900824CBD:LeaderElection31] INFO  impl.RaftServerImpl (RaftServerImpl.java:setRole(174)) - 4a1c6203-118e-47eb-ba0e-2d5a78f22a0a@group-6BF900824CBD: changes role from CANDIDATE to FOLLOWER at term 2 for DISCOVERED_A_NEW_TERM
2019-09-18 13:45:52,314 [4a1c6203-118e-47eb-ba0e-2d5a78f22a0a@group-6BF900824CBD:LeaderElection31] INFO  impl.RoleInfo (RoleInfo.java:shutdownLeaderElection(134)) - 4a1c6203-118e-47eb-ba0e-2d5a78f22a0a: shutdown LeaderElection
2019-09-18 13:45:52,311 [190c8f4e-c6ca-4a74-8304-071ce80ebd18@group-6BF900824CBD:LeaderElection30] INFO  impl.RaftServerImpl (RaftServerImpl.java:setRole(174)) - 190c8f4e-c6ca-4a74-8304-071ce80ebd18@group-6BF900824CBD: changes role from CANDIDATE to LEADER at term 2 for changeToLeader
2019-09-18 13:45:52,314 [4a1c6203-118e-47eb-ba0e-2d5a78f22a0a@group-6BF900824CBD:LeaderElection31] INFO  impl.RoleInfo (RoleInfo.java:updateAndGet(143)) - 4a1c6203-118e-47eb-ba0e-2d5a78f22a0a: start FollowerState
2019-09-18 13:45:52,314 [190c8f4e-c6ca-4a74-8304-071ce80ebd18@group-6BF900824CBD:LeaderElection30] INFO  impl.RaftServerImpl (ServerState.java:setLeader(253)) - 190c8f4e-c6ca-4a74-8304-071ce80ebd18@group-6BF900824CBD: change Leader from null to 190c8f4e-c6ca-4a74-8304-071ce80ebd18 at term 2 for becomeLeader, leader elected after 10404ms
2019-09-18 13:45:52,315 [190c8f4e-c6ca-4a74-8304-071ce80ebd18@group-6BF900824CBD:LeaderElection30] INFO  server.RaftServerConfigKeys (ConfUtils.java:logGet(43)) - raft.server.staging.catchup.gap = 1000 (default)
2019-09-18 13:45:52,315 [190c8f4e-c6ca-4a74-8304-071ce80ebd18@group-6BF900824CBD:LeaderElection30] INFO  server.RaftServerConfigKeys (ConfUtils.java:logGet(43)) - raft.server.rpc.sleep.time = 25ms (default)
2019-09-18 13:45:52,316 [190c8f4e-c6ca-4a74-8304-071ce80ebd18@group-6BF900824CBD:LeaderElection30] INFO  server.RaftServerConfigKeys (ConfUtils.java:logGet(43)) - raft.server.write.element-limit = 4096 (default)
2019-09-18 13:45:52,316 [190c8f4e-c6ca-4a74-8304-071ce80ebd18@group-6BF900824CBD:LeaderElection30] INFO  server.RaftServerConfigKeys (ConfUtils.java:logGet(43)) - raft.server.watch.timeout = 10s (default)
2019-09-18 13:45:52,316 [190c8f4e-c6ca-4a74-8304-071ce80ebd18@group-6BF900824CBD:LeaderElection30] INFO  server.RaftServerConfigKeys (ConfUtils.java:logGet(43)) - raft.server.watch.timeout.denomination = 1s (default)
2019-09-18 13:45:52,316 [190c8f4e-c6ca-4a74-8304-071ce80ebd18@group-6BF900824CBD:LeaderElection30] INFO  server.RaftServerConfigKeys (ConfUtils.java:logGet(43)) - raft.server.watch.element-limit = 65536 (default)
2019-09-18 13:45:52,321 [190c8f4e-c6ca-4a74-8304-071ce80ebd18@group-6BF900824CBD:LeaderElection30] INFO  server.RaftServerConfigKeys (ConfUtils.java:logGet(43)) - raft.server.log.appender.snapshot.chunk.size.max = 16MB (=16777216) (default)
2019-09-18 13:45:52,322 [190c8f4e-c6ca-4a74-8304-071ce80ebd18@group-6BF900824CBD:LeaderElection30] INFO  server.RaftServerConfigKeys (ConfUtils.java:logGet(43)) - raft.server.log.appender.buffer.byte-limit = 33554432 (custom)
2019-09-18 13:45:52,322 [190c8f4e-c6ca-4a74-8304-071ce80ebd18@group-6BF900824CBD:LeaderElection30] INFO  server.RaftServerConfigKeys (ConfUtils.java:logGet(43)) - raft.server.log.appender.buffer.element-limit = 1 (custom)
2019-09-18 13:45:52,322 [190c8f4e-c6ca-4a74-8304-071ce80ebd18@group-6BF900824CBD:LeaderElection30] INFO  grpc.GrpcConfigKeys$Server (ConfUtils.java:logGet(43)) - raft.grpc.server.leader.outstanding.appends.max = 128 (default)
2019-09-18 13:45:52,323 [190c8f4e-c6ca-4a74-8304-071ce80ebd18@group-6BF900824CBD:LeaderElection30] INFO  server.RaftServerConfigKeys (ConfUtils.java:logGet(43)) - raft.server.rpc.request.timeout = 3000ms (default)
2019-09-18 13:45:52,323 [190c8f4e-c6ca-4a74-8304-071ce80ebd18@group-6BF900824CBD:LeaderElection30] INFO  server.RaftServerConfigKeys (ConfUtils.java:logGet(43)) - raft.server.log.appender.install.snapshot.enabled = false (custom)
2019-09-18 13:45:52,323 [190c8f4e-c6ca-4a74-8304-071ce80ebd18@group-6BF900824CBD:LeaderElection30] INFO  server.RaftServerConfigKeys (ConfUtils.java:logGet(43)) - raft.server.log.appender.snapshot.chunk.size.max = 16MB (=16777216) (default)
2019-09-18 13:45:52,324 [190c8f4e-c6ca-4a74-8304-071ce80ebd18@group-6BF900824CBD:LeaderElection30] INFO  server.RaftServerConfigKeys (ConfUtils.java:logGet(43)) - raft.server.log.appender.buffer.byte-limit = 33554432 (custom)
2019-09-18 13:45:52,324 [190c8f4e-c6ca-4a74-8304-071ce80ebd18@group-6BF900824CBD:LeaderElection30] INFO  server.RaftServerConfigKeys (ConfUtils.java:logGet(43)) - raft.server.log.appender.buffer.element-limit = 1 (custom)
2019-09-18 13:45:52,324 [190c8f4e-c6ca-4a74-8304-071ce80ebd18@group-6BF900824CBD:LeaderElection30] INFO  grpc.GrpcConfigKeys$Server (ConfUtils.java:logGet(43)) - raft.grpc.server.leader.outstanding.appends.max = 128 (default)
2019-09-18 13:45:52,324 [190c8f4e-c6ca-4a74-8304-071ce80ebd18@group-6BF900824CBD:LeaderElection30] INFO  server.RaftServerConfigKeys (ConfUtils.java:logGet(43)) - raft.server.rpc.request.timeout = 3000ms (default)
2019-09-18 13:45:52,325 [190c8f4e-c6ca-4a74-8304-071ce80ebd18@group-6BF900824CBD:LeaderElection30] INFO  server.RaftServerConfigKeys (ConfUtils.java:logGet(43)) - raft.server.log.appender.install.snapshot.enabled = false (custom)
2019-09-18 13:45:52,325 [190c8f4e-c6ca-4a74-8304-071ce80ebd18@group-6BF900824CBD:LeaderElection30] INFO  impl.RoleInfo (RoleInfo.java:updateAndGet(143)) - 190c8f4e-c6ca-4a74-8304-071ce80ebd18: start LeaderState
2019-09-18 13:45:52,325 [190c8f4e-c6ca-4a74-8304-071ce80ebd18@group-6BF900824CBD:LeaderElection30] INFO  segmented.SegmentedRaftLogWorker (SegmentedRaftLogWorker.java:startLogSegment(380)) - 190c8f4e-c6ca-4a74-8304-071ce80ebd18@group-6BF900824CBD-SegmentedRaftLogWorker: Starting segment from index:0
2019-09-18 13:45:52,326 [190c8f4e-c6ca-4a74-8304-071ce80ebd18@group-6BF900824CBD:LeaderElection30] INFO  impl.RaftServerImpl (ServerState.java:setRaftConf(354)) - 190c8f4e-c6ca-4a74-8304-071ce80ebd18@group-6BF900824CBD: set configuration 0: [190c8f4e-c6ca-4a74-8304-071ce80ebd18:192.168.69.108:35944, 4a1c6203-118e-47eb-ba0e-2d5a78f22a0a:192.168.69.108:39109, 7da8198c-25f9-4afe-be03-ce72c852c5e7:192.168.69.108:32829], old=null at 0
2019-09-18 13:45:52,367 [grpc-default-executor-5] INFO  impl.RaftServerImpl (ServerState.java:setLeader(253)) - 7da8198c-25f9-4afe-be03-ce72c852c5e7@group-6BF900824CBD: change Leader from null to 190c8f4e-c6ca-4a74-8304-071ce80ebd18 at term 2 for appendEntries, leader elected after 10457ms
2019-09-18 13:45:52,367 [grpc-default-executor-0] INFO  impl.RaftServerImpl (ServerState.java:setLeader(253)) - 4a1c6203-118e-47eb-ba0e-2d5a78f22a0a@group-6BF900824CBD: change Leader from null to 190c8f4e-c6ca-4a74-8304-071ce80ebd18 at term 2 for appendEntries, leader elected after 10457ms
2019-09-18 13:45:52,371 [grpc-default-executor-0] INFO  impl.RaftServerImpl (ServerState.java:setRaftConf(354)) - 7da8198c-25f9-4afe-be03-ce72c852c5e7@group-6BF900824CBD: set configuration 0: [190c8f4e-c6ca-4a74-8304-071ce80ebd18:192.168.69.108:35944, 4a1c6203-118e-47eb-ba0e-2d5a78f22a0a:192.168.69.108:39109, 7da8198c-25f9-4afe-be03-ce72c852c5e7:192.168.69.108:32829], old=null at 0
2019-09-18 13:45:52,371 [grpc-default-executor-5] INFO  impl.RaftServerImpl (ServerState.java:setRaftConf(354)) - 4a1c6203-118e-47eb-ba0e-2d5a78f22a0a@group-6BF900824CBD: set configuration 0: [190c8f4e-c6ca-4a74-8304-071ce80ebd18:192.168.69.108:35944, 4a1c6203-118e-47eb-ba0e-2d5a78f22a0a:192.168.69.108:39109, 7da8198c-25f9-4afe-be03-ce72c852c5e7:192.168.69.108:32829], old=null at 0
2019-09-18 13:45:52,371 [grpc-default-executor-0] INFO  segmented.SegmentedRaftLogWorker (SegmentedRaftLogWorker.java:startLogSegment(380)) - 7da8198c-25f9-4afe-be03-ce72c852c5e7@group-6BF900824CBD-SegmentedRaftLogWorker: Starting segment from index:0
2019-09-18 13:45:52,372 [grpc-default-executor-5] INFO  segmented.SegmentedRaftLogWorker (SegmentedRaftLogWorker.java:startLogSegment(380)) - 4a1c6203-118e-47eb-ba0e-2d5a78f22a0a@group-6BF900824CBD-SegmentedRaftLogWorker: Starting segment from index:0
2019-09-18 13:45:52,378 [190c8f4e-c6ca-4a74-8304-071ce80ebd18@group-6BF900824CBD-SegmentedRaftLogWorker] INFO  segmented.SegmentedRaftLogWorker (SegmentedRaftLogWorker.java:execute(569)) - 190c8f4e-c6ca-4a74-8304-071ce80ebd18@group-6BF900824CBD-SegmentedRaftLogWorker: created new log segment /workdir/hadoop-ozone/integration-test/target/test-dir/MiniOzoneClusterImpl-5927a352-8e01-48c7-b674-de64d96b5a66/datanode-4/data/ratis/6b77160c-c373-469b-b54f-6bf900824cbd/current/log_inprogress_0
2019-09-18 13:45:52,419 [7da8198c-25f9-4afe-be03-ce72c852c5e7@group-6BF900824CBD-SegmentedRaftLogWorker] INFO  segmented.SegmentedRaftLogWorker (SegmentedRaftLogWorker.java:execute(569)) - 7da8198c-25f9-4afe-be03-ce72c852c5e7@group-6BF900824CBD-SegmentedRaftLogWorker: created new log segment /workdir/hadoop-ozone/integration-test/target/test-dir/MiniOzoneClusterImpl-5927a352-8e01-48c7-b674-de64d96b5a66/datanode-3/data/ratis/6b77160c-c373-469b-b54f-6bf900824cbd/current/log_inprogress_0
2019-09-18 13:45:52,419 [4a1c6203-118e-47eb-ba0e-2d5a78f22a0a@group-6BF900824CBD-SegmentedRaftLogWorker] INFO  segmented.SegmentedRaftLogWorker (SegmentedRaftLogWorker.java:execute(569)) - 4a1c6203-118e-47eb-ba0e-2d5a78f22a0a@group-6BF900824CBD-SegmentedRaftLogWorker: created new log segment /workdir/hadoop-ozone/integration-test/target/test-dir/MiniOzoneClusterImpl-5927a352-8e01-48c7-b674-de64d96b5a66/datanode-5/data/ratis/6b77160c-c373-469b-b54f-6bf900824cbd/current/log_inprogress_0
2019-09-18 13:45:52,745 [grpc-default-executor-0] INFO  client.GrpcClientProtocolClient (GrpcClientProtocolClient.java:onNext(264)) - client-7E447A684545->13e42da7-b798-4787-94f3-5705de2dc0e3: receive RaftClientReply:client-7E447A684545->13e42da7-b798-4787-94f3-5705de2dc0e3@group-F508A6BF04EB, cid=44, FAILED org.apache.ratis.protocol.NotLeaderException: Server 13e42da7-b798-4787-94f3-5705de2dc0e3@group-F508A6BF04EB is not the leader 1bd0f68f-f4aa-4051-9d98-01d4be462bcd:192.168.69.108:34021, logIndex=0, commits[13e42da7-b798-4787-94f3-5705de2dc0e3:c8, aa82dec1-0876-47e1-b987-76a1ffe9ede1:c8, 1bd0f68f-f4aa-4051-9d98-01d4be462bcd:c8]
2019-09-18 13:45:53,785 [grpc-default-executor-4] INFO  client.GrpcClientProtocolClient (GrpcClientProtocolClient.java:onNext(264)) - client-7E447A684545->aa82dec1-0876-47e1-b987-76a1ffe9ede1: receive RaftClientReply:client-7E447A684545->aa82dec1-0876-47e1-b987-76a1ffe9ede1@group-F508A6BF04EB, cid=44, FAILED org.apache.ratis.protocol.NotLeaderException: Server aa82dec1-0876-47e1-b987-76a1ffe9ede1@group-F508A6BF04EB is not the leader 1bd0f68f-f4aa-4051-9d98-01d4be462bcd:192.168.69.108:34021, logIndex=0, commits[aa82dec1-0876-47e1-b987-76a1ffe9ede1:c8, 13e42da7-b798-4787-94f3-5705de2dc0e3:c8, 1bd0f68f-f4aa-4051-9d98-01d4be462bcd:c8]
2019-09-18 13:45:54,832 [grpc-default-executor-5] INFO  client.GrpcClientProtocolClient (GrpcClientProtocolClient.java:onNext(264)) - client-7E447A684545->aa82dec1-0876-47e1-b987-76a1ffe9ede1: receive RaftClientReply:client-7E447A684545->aa82dec1-0876-47e1-b987-76a1ffe9ede1@group-F508A6BF04EB, cid=44, FAILED org.apache.ratis.protocol.NotLeaderException: Server aa82dec1-0876-47e1-b987-76a1ffe9ede1@group-F508A6BF04EB is not the leader 1bd0f68f-f4aa-4051-9d98-01d4be462bcd:192.168.69.108:34021, logIndex=0, commits[aa82dec1-0876-47e1-b987-76a1ffe9ede1:c8, 13e42da7-b798-4787-94f3-5705de2dc0e3:c8, 1bd0f68f-f4aa-4051-9d98-01d4be462bcd:c8]
2019-09-18 13:45:56,081 [grpc-default-executor-4] INFO  client.GrpcClientProtocolClient (GrpcClientProtocolClient.java:onNext(264)) - client-7E447A684545->aa82dec1-0876-47e1-b987-76a1ffe9ede1: receive RaftClientReply:client-7E447A684545->aa82dec1-0876-47e1-b987-76a1ffe9ede1@group-F508A6BF04EB, cid=44, FAILED org.apache.ratis.protocol.NotLeaderException: Server aa82dec1-0876-47e1-b987-76a1ffe9ede1@group-F508A6BF04EB is not the leader 1bd0f68f-f4aa-4051-9d98-01d4be462bcd:192.168.69.108:34021, logIndex=0, commits[aa82dec1-0876-47e1-b987-76a1ffe9ede1:c8, 13e42da7-b798-4787-94f3-5705de2dc0e3:c8, 1bd0f68f-f4aa-4051-9d98-01d4be462bcd:c8]
2019-09-18 13:45:57,203 [grpc-default-executor-5] INFO  client.GrpcClientProtocolClient (GrpcClientProtocolClient.java:onNext(264)) - client-7E447A684545->aa82dec1-0876-47e1-b987-76a1ffe9ede1: receive RaftClientReply:client-7E447A684545->aa82dec1-0876-47e1-b987-76a1ffe9ede1@group-F508A6BF04EB, cid=44, FAILED org.apache.ratis.protocol.NotLeaderException: Server aa82dec1-0876-47e1-b987-76a1ffe9ede1@group-F508A6BF04EB is not the leader 1bd0f68f-f4aa-4051-9d98-01d4be462bcd:192.168.69.108:34021, logIndex=0, commits[aa82dec1-0876-47e1-b987-76a1ffe9ede1:c8, 13e42da7-b798-4787-94f3-5705de2dc0e3:c8, 1bd0f68f-f4aa-4051-9d98-01d4be462bcd:c8]
2019-09-18 13:45:58,240 [grpc-default-executor-0] INFO  client.GrpcClientProtocolClient (GrpcClientProtocolClient.java:onNext(264)) - client-7E447A684545->13e42da7-b798-4787-94f3-5705de2dc0e3: receive RaftClientReply:client-7E447A684545->13e42da7-b798-4787-94f3-5705de2dc0e3@group-F508A6BF04EB, cid=44, FAILED org.apache.ratis.protocol.NotLeaderException: Server 13e42da7-b798-4787-94f3-5705de2dc0e3@group-F508A6BF04EB is not the leader 1bd0f68f-f4aa-4051-9d98-01d4be462bcd:192.168.69.108:34021, logIndex=0, commits[13e42da7-b798-4787-94f3-5705de2dc0e3:c8, aa82dec1-0876-47e1-b987-76a1ffe9ede1:c8, 1bd0f68f-f4aa-4051-9d98-01d4be462bcd:c8]
2019-09-18 13:45:59,298 [grpc-default-executor-5] INFO  client.GrpcClientProtocolClient (GrpcClientProtocolClient.java:onNext(264)) - client-7E447A684545->aa82dec1-0876-47e1-b987-76a1ffe9ede1: receive RaftClientReply:client-7E447A684545->aa82dec1-0876-47e1-b987-76a1ffe9ede1@group-F508A6BF04EB, cid=44, FAILED org.apache.ratis.protocol.NotLeaderException: Server aa82dec1-0876-47e1-b987-76a1ffe9ede1@group-F508A6BF04EB is not the leader 1bd0f68f-f4aa-4051-9d98-01d4be462bcd:192.168.69.108:34021, logIndex=0, commits[aa82dec1-0876-47e1-b987-76a1ffe9ede1:c8, 13e42da7-b798-4787-94f3-5705de2dc0e3:c8, 1bd0f68f-f4aa-4051-9d98-01d4be462bcd:c8]
2019-09-18 13:46:00,353 [grpc-default-executor-5] INFO  client.GrpcClientProtocolClient (GrpcClientProtocolClient.java:onNext(264)) - client-7E447A684545->aa82dec1-0876-47e1-b987-76a1ffe9ede1: receive RaftClientReply:client-7E447A684545->aa82dec1-0876-47e1-b987-76a1ffe9ede1@group-F508A6BF04EB, cid=44, FAILED org.apache.ratis.protocol.NotLeaderException: Server aa82dec1-0876-47e1-b987-76a1ffe9ede1@group-F508A6BF04EB is not the leader 1bd0f68f-f4aa-4051-9d98-01d4be462bcd:192.168.69.108:34021, logIndex=0, commits[aa82dec1-0876-47e1-b987-76a1ffe9ede1:c8, 13e42da7-b798-4787-94f3-5705de2dc0e3:c8, 1bd0f68f-f4aa-4051-9d98-01d4be462bcd:c8]
2019-09-18 13:46:01,383 [grpc-default-executor-5] INFO  client.GrpcClientProtocolClient (GrpcClientProtocolClient.java:onNext(264)) - client-7E447A684545->aa82dec1-0876-47e1-b987-76a1ffe9ede1: receive RaftClientReply:client-7E447A684545->aa82dec1-0876-47e1-b987-76a1ffe9ede1@group-F508A6BF04EB, cid=44, FAILED org.apache.ratis.protocol.NotLeaderException: Server aa82dec1-0876-47e1-b987-76a1ffe9ede1@group-F508A6BF04EB is not the leader 1bd0f68f-f4aa-4051-9d98-01d4be462bcd:192.168.69.108:34021, logIndex=0, commits[aa82dec1-0876-47e1-b987-76a1ffe9ede1:c8, 13e42da7-b798-4787-94f3-5705de2dc0e3:c8, 1bd0f68f-f4aa-4051-9d98-01d4be462bcd:c8]
2019-09-18 13:46:02,420 [grpc-default-executor-5] INFO  client.GrpcClientProtocolClient (GrpcClientProtocolClient.java:onNext(264)) - client-7E447A684545->13e42da7-b798-4787-94f3-5705de2dc0e3: receive RaftClientReply:client-7E447A684545->13e42da7-b798-4787-94f3-5705de2dc0e3@group-F508A6BF04EB, cid=44, FAILED org.apache.ratis.protocol.NotLeaderException: Server 13e42da7-b798-4787-94f3-5705de2dc0e3@group-F508A6BF04EB is not the leader 1bd0f68f-f4aa-4051-9d98-01d4be462bcd:192.168.69.108:34021, logIndex=0, commits[13e42da7-b798-4787-94f3-5705de2dc0e3:c8, aa82dec1-0876-47e1-b987-76a1ffe9ede1:c8, 1bd0f68f-f4aa-4051-9d98-01d4be462bcd:c8]
2019-09-18 13:46:03,480 [grpc-default-executor-0] INFO  client.GrpcClientProtocolClient (GrpcClientProtocolClient.java:onNext(264)) - client-7E447A684545->13e42da7-b798-4787-94f3-5705de2dc0e3: receive RaftClientReply:client-7E447A684545->13e42da7-b798-4787-94f3-5705de2dc0e3@group-F508A6BF04EB, cid=44, FAILED org.apache.ratis.protocol.NotLeaderException: Server 13e42da7-b798-4787-94f3-5705de2dc0e3@group-F508A6BF04EB is not the leader 1bd0f68f-f4aa-4051-9d98-01d4be462bcd:192.168.69.108:34021, logIndex=0, commits[13e42da7-b798-4787-94f3-5705de2dc0e3:c8, aa82dec1-0876-47e1-b987-76a1ffe9ede1:c8, 1bd0f68f-f4aa-4051-9d98-01d4be462bcd:c8]
2019-09-18 13:46:04,519 [grpc-default-executor-5] INFO  client.GrpcClientProtocolClient (GrpcClientProtocolClient.java:onNext(264)) - client-7E447A684545->13e42da7-b798-4787-94f3-5705de2dc0e3: receive RaftClientReply:client-7E447A684545->13e42da7-b798-4787-94f3-5705de2dc0e3@group-F508A6BF04EB, cid=44, FAILED org.apache.ratis.protocol.NotLeaderException: Server 13e42da7-b798-4787-94f3-5705de2dc0e3@group-F508A6BF04EB is not the leader 1bd0f68f-f4aa-4051-9d98-01d4be462bcd:192.168.69.108:34021, logIndex=0, commits[13e42da7-b798-4787-94f3-5705de2dc0e3:c8, aa82dec1-0876-47e1-b987-76a1ffe9ede1:c8, 1bd0f68f-f4aa-4051-9d98-01d4be462bcd:c8]
2019-09-18 13:46:05,565 [grpc-default-executor-5] INFO  client.GrpcClientProtocolClient (GrpcClientProtocolClient.java:onNext(264)) - client-7E447A684545->aa82dec1-0876-47e1-b987-76a1ffe9ede1: receive RaftClientReply:client-7E447A684545->aa82dec1-0876-47e1-b987-76a1ffe9ede1@group-F508A6BF04EB, cid=44, FAILED org.apache.ratis.protocol.NotLeaderException: Server aa82dec1-0876-47e1-b987-76a1ffe9ede1@group-F508A6BF04EB is not the leader 1bd0f68f-f4aa-4051-9d98-01d4be462bcd:192.168.69.108:34021, logIndex=0, commits[aa82dec1-0876-47e1-b987-76a1ffe9ede1:c8, 13e42da7-b798-4787-94f3-5705de2dc0e3:c8, 1bd0f68f-f4aa-4051-9d98-01d4be462bcd:c8]
2019-09-18 13:46:06,603 [grpc-default-executor-5] INFO  client.GrpcClientProtocolClient (GrpcClientProtocolClient.java:onNext(264)) - client-7E447A684545->aa82dec1-0876-47e1-b987-76a1ffe9ede1: receive RaftClientReply:client-7E447A684545->aa82dec1-0876-47e1-b987-76a1ffe9ede1@group-F508A6BF04EB, cid=44, FAILED org.apache.ratis.protocol.NotLeaderException: Server aa82dec1-0876-47e1-b987-76a1ffe9ede1@group-F508A6BF04EB is not the leader 1bd0f68f-f4aa-4051-9d98-01d4be462bcd:192.168.69.108:34021, logIndex=0, commits[aa82dec1-0876-47e1-b987-76a1ffe9ede1:c8, 13e42da7-b798-4787-94f3-5705de2dc0e3:c8, 1bd0f68f-f4aa-4051-9d98-01d4be462bcd:c8]
2019-09-18 13:46:07,651 [grpc-default-executor-0] INFO  client.GrpcClientProtocolClient (GrpcClientProtocolClient.java:onNext(264)) - client-7E447A684545->aa82dec1-0876-47e1-b987-76a1ffe9ede1: receive RaftClientReply:client-7E447A684545->aa82dec1-0876-47e1-b987-76a1ffe9ede1@group-F508A6BF04EB, cid=44, FAILED org.apache.ratis.protocol.NotLeaderException: Server aa82dec1-0876-47e1-b987-76a1ffe9ede1@group-F508A6BF04EB is not the leader 1bd0f68f-f4aa-4051-9d98-01d4be462bcd:192.168.69.108:34021, logIndex=0, commits[aa82dec1-0876-47e1-b987-76a1ffe9ede1:c8, 13e42da7-b798-4787-94f3-5705de2dc0e3:c8, 1bd0f68f-f4aa-4051-9d98-01d4be462bcd:c8]
2019-09-18 13:46:08,688 [grpc-default-executor-0] INFO  client.GrpcClientProtocolClient (GrpcClientProtocolClient.java:onNext(264)) - client-7E447A684545->aa82dec1-0876-47e1-b987-76a1ffe9ede1: receive RaftClientReply:client-7E447A684545->aa82dec1-0876-47e1-b987-76a1ffe9ede1@group-F508A6BF04EB, cid=44, FAILED org.apache.ratis.protocol.NotLeaderException: Server aa82dec1-0876-47e1-b987-76a1ffe9ede1@group-F508A6BF04EB is not the leader 1bd0f68f-f4aa-4051-9d98-01d4be462bcd:192.168.69.108:34021, logIndex=0, commits[aa82dec1-0876-47e1-b987-76a1ffe9ede1:c8, 13e42da7-b798-4787-94f3-5705de2dc0e3:c8, 1bd0f68f-f4aa-4051-9d98-01d4be462bcd:c8]
2019-09-18 13:46:09,714 [grpc-default-executor-4] INFO  client.GrpcClientProtocolClient (GrpcClientProtocolClient.java:onNext(264)) - client-7E447A684545->13e42da7-b798-4787-94f3-5705de2dc0e3: receive RaftClientReply:client-7E447A684545->13e42da7-b798-4787-94f3-5705de2dc0e3@group-F508A6BF04EB, cid=44, FAILED org.apache.ratis.protocol.NotLeaderException: Server 13e42da7-b798-4787-94f3-5705de2dc0e3@group-F508A6BF04EB is not the leader 1bd0f68f-f4aa-4051-9d98-01d4be462bcd:192.168.69.108:34021, logIndex=0, commits[13e42da7-b798-4787-94f3-5705de2dc0e3:c8, aa82dec1-0876-47e1-b987-76a1ffe9ede1:c8, 1bd0f68f-f4aa-4051-9d98-01d4be462bcd:c8]
2019-09-18 13:46:10,737 [grpc-default-executor-4] INFO  client.GrpcClientProtocolClient (GrpcClientProtocolClient.java:onNext(264)) - client-7E447A684545->13e42da7-b798-4787-94f3-5705de2dc0e3: receive RaftClientReply:client-7E447A684545->13e42da7-b798-4787-94f3-5705de2dc0e3@group-F508A6BF04EB, cid=44, FAILED org.apache.ratis.protocol.NotLeaderException: Server 13e42da7-b798-4787-94f3-5705de2dc0e3@group-F508A6BF04EB is not the leader 1bd0f68f-f4aa-4051-9d98-01d4be462bcd:192.168.69.108:34021, logIndex=0, commits[13e42da7-b798-4787-94f3-5705de2dc0e3:c8, aa82dec1-0876-47e1-b987-76a1ffe9ede1:c8, 1bd0f68f-f4aa-4051-9d98-01d4be462bcd:c8]
2019-09-18 13:46:11,779 [grpc-default-executor-4] INFO  client.GrpcClientProtocolClient (GrpcClientProtocolClient.java:onNext(264)) - client-7E447A684545->13e42da7-b798-4787-94f3-5705de2dc0e3: receive RaftClientReply:client-7E447A684545->13e42da7-b798-4787-94f3-5705de2dc0e3@group-F508A6BF04EB, cid=44, FAILED org.apache.ratis.protocol.NotLeaderException: Server 13e42da7-b798-4787-94f3-5705de2dc0e3@group-F508A6BF04EB is not the leader 1bd0f68f-f4aa-4051-9d98-01d4be462bcd:192.168.69.108:34021, logIndex=0, commits[13e42da7-b798-4787-94f3-5705de2dc0e3:c8, aa82dec1-0876-47e1-b987-76a1ffe9ede1:c8, 1bd0f68f-f4aa-4051-9d98-01d4be462bcd:c8]
2019-09-18 13:46:12,817 [grpc-default-executor-4] INFO  client.GrpcClientProtocolClient (GrpcClientProtocolClient.java:onNext(264)) - client-7E447A684545->aa82dec1-0876-47e1-b987-76a1ffe9ede1: receive RaftClientReply:client-7E447A684545->aa82dec1-0876-47e1-b987-76a1ffe9ede1@group-F508A6BF04EB, cid=44, FAILED org.apache.ratis.protocol.NotLeaderException: Server aa82dec1-0876-47e1-b987-76a1ffe9ede1@group-F508A6BF04EB is not the leader 1bd0f68f-f4aa-4051-9d98-01d4be462bcd:192.168.69.108:34021, logIndex=0, commits[aa82dec1-0876-47e1-b987-76a1ffe9ede1:c8, 13e42da7-b798-4787-94f3-5705de2dc0e3:c8, 1bd0f68f-f4aa-4051-9d98-01d4be462bcd:c8]
2019-09-18 13:46:13,832 [grpc-default-executor-4] INFO  client.GrpcClientProtocolClient (GrpcClientProtocolClient.java:onNext(264)) - client-7E447A684545->13e42da7-b798-4787-94f3-5705de2dc0e3: receive RaftClientReply:client-7E447A684545->13e42da7-b798-4787-94f3-5705de2dc0e3@group-F508A6BF04EB, cid=44, FAILED org.apache.ratis.protocol.NotLeaderException: Server 13e42da7-b798-4787-94f3-5705de2dc0e3@group-F508A6BF04EB is not the leader 1bd0f68f-f4aa-4051-9d98-01d4be462bcd:192.168.69.108:34021, logIndex=0, commits[13e42da7-b798-4787-94f3-5705de2dc0e3:c8, aa82dec1-0876-47e1-b987-76a1ffe9ede1:c8, 1bd0f68f-f4aa-4051-9d98-01d4be462bcd:c8]
2019-09-18 13:46:14,848 [grpc-default-executor-0] INFO  client.GrpcClientProtocolClient (GrpcClientProtocolClient.java:onNext(264)) - client-7E447A684545->13e42da7-b798-4787-94f3-5705de2dc0e3: receive RaftClientReply:client-7E447A684545->13e42da7-b798-4787-94f3-5705de2dc0e3@group-F508A6BF04EB, cid=44, FAILED org.apache.ratis.protocol.NotLeaderException: Server 13e42da7-b798-4787-94f3-5705de2dc0e3@group-F508A6BF04EB is not the leader 1bd0f68f-f4aa-4051-9d98-01d4be462bcd:192.168.69.108:34021, logIndex=0, commits[13e42da7-b798-4787-94f3-5705de2dc0e3:c8, aa82dec1-0876-47e1-b987-76a1ffe9ede1:c8, 1bd0f68f-f4aa-4051-9d98-01d4be462bcd:c8]
2019-09-18 13:46:15,874 [grpc-default-executor-0] INFO  client.GrpcClientProtocolClient (GrpcClientProtocolClient.java:onNext(264)) - client-7E447A684545->aa82dec1-0876-47e1-b987-76a1ffe9ede1: receive RaftClientReply:client-7E447A684545->aa82dec1-0876-47e1-b987-76a1ffe9ede1@group-F508A6BF04EB, cid=44, FAILED org.apache.ratis.protocol.NotLeaderException: Server aa82dec1-0876-47e1-b987-76a1ffe9ede1@group-F508A6BF04EB is not the leader 1bd0f68f-f4aa-4051-9d98-01d4be462bcd:192.168.69.108:34021, logIndex=0, commits[aa82dec1-0876-47e1-b987-76a1ffe9ede1:c8, 13e42da7-b798-4787-94f3-5705de2dc0e3:c8, 1bd0f68f-f4aa-4051-9d98-01d4be462bcd:c8]
2019-09-18 13:46:16,893 [grpc-default-executor-0] INFO  client.GrpcClientProtocolClient (GrpcClientProtocolClient.java:onNext(264)) - client-7E447A684545->aa82dec1-0876-47e1-b987-76a1ffe9ede1: receive RaftClientReply:client-7E447A684545->aa82dec1-0876-47e1-b987-76a1ffe9ede1@group-F508A6BF04EB, cid=44, FAILED org.apache.ratis.protocol.NotLeaderException: Server aa82dec1-0876-47e1-b987-76a1ffe9ede1@group-F508A6BF04EB is not the leader 1bd0f68f-f4aa-4051-9d98-01d4be462bcd:192.168.69.108:34021, logIndex=0, commits[aa82dec1-0876-47e1-b987-76a1ffe9ede1:c8, 13e42da7-b798-4787-94f3-5705de2dc0e3:c8, 1bd0f68f-f4aa-4051-9d98-01d4be462bcd:c8]
2019-09-18 13:46:17,910 [grpc-default-executor-0] INFO  client.GrpcClientProtocolClient (GrpcClientProtocolClient.java:onNext(264)) - client-7E447A684545->aa82dec1-0876-47e1-b987-76a1ffe9ede1: receive RaftClientReply:client-7E447A684545->aa82dec1-0876-47e1-b987-76a1ffe9ede1@group-F508A6BF04EB, cid=44, FAILED org.apache.ratis.protocol.NotLeaderException: Server aa82dec1-0876-47e1-b987-76a1ffe9ede1@group-F508A6BF04EB is not the leader 1bd0f68f-f4aa-4051-9d98-01d4be462bcd:192.168.69.108:34021, logIndex=0, commits[aa82dec1-0876-47e1-b987-76a1ffe9ede1:c8, 13e42da7-b798-4787-94f3-5705de2dc0e3:c8, 1bd0f68f-f4aa-4051-9d98-01d4be462bcd:c8]
2019-09-18 13:46:18,925 [grpc-default-executor-0] INFO  client.GrpcClientProtocolClient (GrpcClientProtocolClient.java:onNext(264)) - client-7E447A684545->aa82dec1-0876-47e1-b987-76a1ffe9ede1: receive RaftClientReply:client-7E447A684545->aa82dec1-0876-47e1-b987-76a1ffe9ede1@group-F508A6BF04EB, cid=44, FAILED org.apache.ratis.protocol.NotLeaderException: Server aa82dec1-0876-47e1-b987-76a1ffe9ede1@group-F508A6BF04EB is not the leader 1bd0f68f-f4aa-4051-9d98-01d4be462bcd:192.168.69.108:34021, logIndex=0, commits[aa82dec1-0876-47e1-b987-76a1ffe9ede1:c8, 13e42da7-b798-4787-94f3-5705de2dc0e3:c8, 1bd0f68f-f4aa-4051-9d98-01d4be462bcd:c8]
2019-09-18 13:46:19,946 [grpc-default-executor-5] INFO  client.GrpcClientProtocolClient (GrpcClientProtocolClient.java:onNext(264)) - client-7E447A684545->aa82dec1-0876-47e1-b987-76a1ffe9ede1: receive RaftClientReply:client-7E447A684545->aa82dec1-0876-47e1-b987-76a1ffe9ede1@group-F508A6BF04EB, cid=44, FAILED org.apache.ratis.protocol.NotLeaderException: Server aa82dec1-0876-47e1-b987-76a1ffe9ede1@group-F508A6BF04EB is not the leader 1bd0f68f-f4aa-4051-9d98-01d4be462bcd:192.168.69.108:34021, logIndex=0, commits[aa82dec1-0876-47e1-b987-76a1ffe9ede1:c8, 13e42da7-b798-4787-94f3-5705de2dc0e3:c8, 1bd0f68f-f4aa-4051-9d98-01d4be462bcd:c8]
2019-09-18 13:46:20,965 [grpc-default-executor-0] INFO  client.GrpcClientProtocolClient (GrpcClientProtocolClient.java:onNext(264)) - client-7E447A684545->aa82dec1-0876-47e1-b987-76a1ffe9ede1: receive RaftClientReply:client-7E447A684545->aa82dec1-0876-47e1-b987-76a1ffe9ede1@group-F508A6BF04EB, cid=44, FAILED org.apache.ratis.protocol.NotLeaderException: Server aa82dec1-0876-47e1-b987-76a1ffe9ede1@group-F508A6BF04EB is not the leader 1bd0f68f-f4aa-4051-9d98-01d4be462bcd:192.168.69.108:34021, logIndex=0, commits[aa82dec1-0876-47e1-b987-76a1ffe9ede1:c8, 13e42da7-b798-4787-94f3-5705de2dc0e3:c8, 1bd0f68f-f4aa-4051-9d98-01d4be462bcd:c8]
2019-09-18 13:46:21,983 [grpc-default-executor-5] INFO  client.GrpcClientProtocolClient (GrpcClientProtocolClient.java:onNext(264)) - client-7E447A684545->13e42da7-b798-4787-94f3-5705de2dc0e3: receive RaftClientReply:client-7E447A684545->13e42da7-b798-4787-94f3-5705de2dc0e3@group-F508A6BF04EB, cid=44, FAILED org.apache.ratis.protocol.NotLeaderException: Server 13e42da7-b798-4787-94f3-5705de2dc0e3@group-F508A6BF04EB is not the leader 1bd0f68f-f4aa-4051-9d98-01d4be462bcd:192.168.69.108:34021, logIndex=0, commits[13e42da7-b798-4787-94f3-5705de2dc0e3:c8, aa82dec1-0876-47e1-b987-76a1ffe9ede1:c8, 1bd0f68f-f4aa-4051-9d98-01d4be462bcd:c8]
2019-09-18 13:46:23,001 [grpc-default-executor-0] INFO  client.GrpcClientProtocolClient (GrpcClientProtocolClient.java:onNext(264)) - client-7E447A684545->13e42da7-b798-4787-94f3-5705de2dc0e3: receive RaftClientReply:client-7E447A684545->13e42da7-b798-4787-94f3-5705de2dc0e3@group-F508A6BF04EB, cid=44, FAILED org.apache.ratis.protocol.NotLeaderException: Server 13e42da7-b798-4787-94f3-5705de2dc0e3@group-F508A6BF04EB is not the leader 1bd0f68f-f4aa-4051-9d98-01d4be462bcd:192.168.69.108:34021, logIndex=0, commits[13e42da7-b798-4787-94f3-5705de2dc0e3:c8, aa82dec1-0876-47e1-b987-76a1ffe9ede1:c8, 1bd0f68f-f4aa-4051-9d98-01d4be462bcd:c8]
2019-09-18 13:46:24,021 [grpc-default-executor-0] INFO  client.GrpcClientProtocolClient (GrpcClientProtocolClient.java:onNext(264)) - client-7E447A684545->aa82dec1-0876-47e1-b987-76a1ffe9ede1: receive RaftClientReply:client-7E447A684545->aa82dec1-0876-47e1-b987-76a1ffe9ede1@group-F508A6BF04EB, cid=44, FAILED org.apache.ratis.protocol.NotLeaderException: Server aa82dec1-0876-47e1-b987-76a1ffe9ede1@group-F508A6BF04EB is not the leader 1bd0f68f-f4aa-4051-9d98-01d4be462bcd:192.168.69.108:34021, logIndex=0, commits[aa82dec1-0876-47e1-b987-76a1ffe9ede1:c8, 13e42da7-b798-4787-94f3-5705de2dc0e3:c8, 1bd0f68f-f4aa-4051-9d98-01d4be462bcd:c8]
2019-09-18 13:46:25,038 [grpc-default-executor-0] INFO  client.GrpcClientProtocolClient (GrpcClientProtocolClient.java:onNext(264)) - client-7E447A684545->aa82dec1-0876-47e1-b987-76a1ffe9ede1: receive RaftClientReply:client-7E447A684545->aa82dec1-0876-47e1-b987-76a1ffe9ede1@group-F508A6BF04EB, cid=44, FAILED org.apache.ratis.protocol.NotLeaderException: Server aa82dec1-0876-47e1-b987-76a1ffe9ede1@group-F508A6BF04EB is not the leader 1bd0f68f-f4aa-4051-9d98-01d4be462bcd:192.168.69.108:34021, logIndex=0, commits[aa82dec1-0876-47e1-b987-76a1ffe9ede1:c8, 13e42da7-b798-4787-94f3-5705de2dc0e3:c8, 1bd0f68f-f4aa-4051-9d98-01d4be462bcd:c8]
2019-09-18 13:46:26,053 [grpc-default-executor-5] INFO  client.GrpcClientProtocolClient (GrpcClientProtocolClient.java:onNext(264)) - client-7E447A684545->13e42da7-b798-4787-94f3-5705de2dc0e3: receive RaftClientReply:client-7E447A684545->13e42da7-b798-4787-94f3-5705de2dc0e3@group-F508A6BF04EB, cid=44, FAILED org.apache.ratis.protocol.NotLeaderException: Server 13e42da7-b798-4787-94f3-5705de2dc0e3@group-F508A6BF04EB is not the leader 1bd0f68f-f4aa-4051-9d98-01d4be462bcd:192.168.69.108:34021, logIndex=0, commits[13e42da7-b798-4787-94f3-5705de2dc0e3:c8, aa82dec1-0876-47e1-b987-76a1ffe9ede1:c8, 1bd0f68f-f4aa-4051-9d98-01d4be462bcd:c8]
2019-09-18 13:46:27,069 [grpc-default-executor-0] INFO  client.GrpcClientProtocolClient (GrpcClientProtocolClient.java:onNext(264)) - client-7E447A684545->13e42da7-b798-4787-94f3-5705de2dc0e3: receive RaftClientReply:client-7E447A684545->13e42da7-b798-4787-94f3-5705de2dc0e3@group-F508A6BF04EB, cid=44, FAILED org.apache.ratis.protocol.NotLeaderException: Server 13e42da7-b798-4787-94f3-5705de2dc0e3@group-F508A6BF04EB is not the leader 1bd0f68f-f4aa-4051-9d98-01d4be462bcd:192.168.69.108:34021, logIndex=0, commits[13e42da7-b798-4787-94f3-5705de2dc0e3:c8, aa82dec1-0876-47e1-b987-76a1ffe9ede1:c8, 1bd0f68f-f4aa-4051-9d98-01d4be462bcd:c8]
2019-09-18 13:46:28,083 [grpc-default-executor-0] INFO  client.GrpcClientProtocolClient (GrpcClientProtocolClient.java:onNext(264)) - client-7E447A684545->aa82dec1-0876-47e1-b987-76a1ffe9ede1: receive RaftClientReply:client-7E447A684545->aa82dec1-0876-47e1-b987-76a1ffe9ede1@group-F508A6BF04EB, cid=44, FAILED org.apache.ratis.protocol.NotLeaderException: Server aa82dec1-0876-47e1-b987-76a1ffe9ede1@group-F508A6BF04EB is not the leader 1bd0f68f-f4aa-4051-9d98-01d4be462bcd:192.168.69.108:34021, logIndex=0, commits[aa82dec1-0876-47e1-b987-76a1ffe9ede1:c8, 13e42da7-b798-4787-94f3-5705de2dc0e3:c8, 1bd0f68f-f4aa-4051-9d98-01d4be462bcd:c8]
2019-09-18 13:46:29,119 [grpc-default-executor-0] INFO  client.GrpcClientProtocolClient (GrpcClientProtocolClient.java:onNext(264)) - client-7E447A684545->aa82dec1-0876-47e1-b987-76a1ffe9ede1: receive RaftClientReply:client-7E447A684545->aa82dec1-0876-47e1-b987-76a1ffe9ede1@group-F508A6BF04EB, cid=44, FAILED org.apache.ratis.protocol.NotLeaderException: Server aa82dec1-0876-47e1-b987-76a1ffe9ede1@group-F508A6BF04EB is not the leader 1bd0f68f-f4aa-4051-9d98-01d4be462bcd:192.168.69.108:34021, logIndex=0, commits[aa82dec1-0876-47e1-b987-76a1ffe9ede1:c8, 13e42da7-b798-4787-94f3-5705de2dc0e3:c8, 1bd0f68f-f4aa-4051-9d98-01d4be462bcd:c8]
2019-09-18 13:46:30,132 [grpc-default-executor-4] INFO  client.GrpcClientProtocolClient (GrpcClientProtocolClient.java:onNext(264)) - client-7E447A684545->aa82dec1-0876-47e1-b987-76a1ffe9ede1: receive RaftClientReply:client-7E447A684545->aa82dec1-0876-47e1-b987-76a1ffe9ede1@group-F508A6BF04EB, cid=44, FAILED org.apache.ratis.protocol.NotLeaderException: Server aa82dec1-0876-47e1-b987-76a1ffe9ede1@group-F508A6BF04EB is not the leader 1bd0f68f-f4aa-4051-9d98-01d4be462bcd:192.168.69.108:34021, logIndex=0, commits[aa82dec1-0876-47e1-b987-76a1ffe9ede1:c8, 13e42da7-b798-4787-94f3-5705de2dc0e3:c8, 1bd0f68f-f4aa-4051-9d98-01d4be462bcd:c8]
2019-09-18 13:46:31,151 [grpc-default-executor-0] INFO  client.GrpcClientProtocolClient (GrpcClientProtocolClient.java:onNext(264)) - client-7E447A684545->aa82dec1-0876-47e1-b987-76a1ffe9ede1: receive RaftClientReply:client-7E447A684545->aa82dec1-0876-47e1-b987-76a1ffe9ede1@group-F508A6BF04EB, cid=44, FAILED org.apache.ratis.protocol.NotLeaderException: Server aa82dec1-0876-47e1-b987-76a1ffe9ede1@group-F508A6BF04EB is not the leader 1bd0f68f-f4aa-4051-9d98-01d4be462bcd:192.168.69.108:34021, logIndex=0, commits[aa82dec1-0876-47e1-b987-76a1ffe9ede1:c8, 13e42da7-b798-4787-94f3-5705de2dc0e3:c8, 1bd0f68f-f4aa-4051-9d98-01d4be462bcd:c8]
2019-09-18 13:46:32,167 [grpc-default-executor-0] INFO  client.GrpcClientProtocolClient (GrpcClientProtocolClient.java:onNext(264)) - client-7E447A684545->13e42da7-b798-4787-94f3-5705de2dc0e3: receive RaftClientReply:client-7E447A684545->13e42da7-b798-4787-94f3-5705de2dc0e3@group-F508A6BF04EB, cid=44, FAILED org.apache.ratis.protocol.NotLeaderException: Server 13e42da7-b798-4787-94f3-5705de2dc0e3@group-F508A6BF04EB is not the leader 1bd0f68f-f4aa-4051-9d98-01d4be462bcd:192.168.69.108:34021, logIndex=0, commits[13e42da7-b798-4787-94f3-5705de2dc0e3:c8, aa82dec1-0876-47e1-b987-76a1ffe9ede1:c8, 1bd0f68f-f4aa-4051-9d98-01d4be462bcd:c8]
2019-09-18 13:46:33,186 [grpc-default-executor-4] INFO  client.GrpcClientProtocolClient (GrpcClientProtocolClient.java:onNext(264)) - client-7E447A684545->13e42da7-b798-4787-94f3-5705de2dc0e3: receive RaftClientReply:client-7E447A684545->13e42da7-b798-4787-94f3-5705de2dc0e3@group-F508A6BF04EB, cid=44, FAILED org.apache.ratis.protocol.NotLeaderException: Server 13e42da7-b798-4787-94f3-5705de2dc0e3@group-F508A6BF04EB is not the leader 1bd0f68f-f4aa-4051-9d98-01d4be462bcd:192.168.69.108:34021, logIndex=0, commits[13e42da7-b798-4787-94f3-5705de2dc0e3:c8, aa82dec1-0876-47e1-b987-76a1ffe9ede1:c8, 1bd0f68f-f4aa-4051-9d98-01d4be462bcd:c8]
2019-09-18 13:46:34,205 [grpc-default-executor-0] INFO  client.GrpcClientProtocolClient (GrpcClientProtocolClient.java:onNext(264)) - client-7E447A684545->13e42da7-b798-4787-94f3-5705de2dc0e3: receive RaftClientReply:client-7E447A684545->13e42da7-b798-4787-94f3-5705de2dc0e3@group-F508A6BF04EB, cid=44, FAILED org.apache.ratis.protocol.NotLeaderException: Server 13e42da7-b798-4787-94f3-5705de2dc0e3@group-F508A6BF04EB is not the leader 1bd0f68f-f4aa-4051-9d98-01d4be462bcd:192.168.69.108:34021, logIndex=0, commits[13e42da7-b798-4787-94f3-5705de2dc0e3:c8, aa82dec1-0876-47e1-b987-76a1ffe9ede1:c8, 1bd0f68f-f4aa-4051-9d98-01d4be462bcd:c8]
2019-09-18 13:46:35,222 [grpc-default-executor-4] INFO  client.GrpcClientProtocolClient (GrpcClientProtocolClient.java:onNext(264)) - client-7E447A684545->aa82dec1-0876-47e1-b987-76a1ffe9ede1: receive RaftClientReply:client-7E447A684545->aa82dec1-0876-47e1-b987-76a1ffe9ede1@group-F508A6BF04EB, cid=44, FAILED org.apache.ratis.protocol.NotLeaderException: Server aa82dec1-0876-47e1-b987-76a1ffe9ede1@group-F508A6BF04EB is not the leader 1bd0f68f-f4aa-4051-9d98-01d4be462bcd:192.168.69.108:34021, logIndex=0, commits[aa82dec1-0876-47e1-b987-76a1ffe9ede1:c8, 13e42da7-b798-4787-94f3-5705de2dc0e3:c8, 1bd0f68f-f4aa-4051-9d98-01d4be462bcd:c8]
2019-09-18 13:46:36,239 [grpc-default-executor-5] INFO  client.GrpcClientProtocolClient (GrpcClientProtocolClient.java:onNext(264)) - client-7E447A684545->13e42da7-b798-4787-94f3-5705de2dc0e3: receive RaftClientReply:client-7E447A684545->13e42da7-b798-4787-94f3-5705de2dc0e3@group-F508A6BF04EB, cid=44, FAILED org.apache.ratis.protocol.NotLeaderException: Server 13e42da7-b798-4787-94f3-5705de2dc0e3@group-F508A6BF04EB is not the leader 1bd0f68f-f4aa-4051-9d98-01d4be462bcd:192.168.69.108:34021, logIndex=0, commits[13e42da7-b798-4787-94f3-5705de2dc0e3:c8, aa82dec1-0876-47e1-b987-76a1ffe9ede1:c8, 1bd0f68f-f4aa-4051-9d98-01d4be462bcd:c8]
2019-09-18 13:46:37,255 [grpc-default-executor-5] INFO  client.GrpcClientProtocolClient (GrpcClientProtocolClient.java:onNext(264)) - client-7E447A684545->13e42da7-b798-4787-94f3-5705de2dc0e3: receive RaftClientReply:client-7E447A684545->13e42da7-b798-4787-94f3-5705de2dc0e3@group-F508A6BF04EB, cid=44, FAILED org.apache.ratis.protocol.NotLeaderException: Server 13e42da7-b798-4787-94f3-5705de2dc0e3@group-F508A6BF04EB is not the leader 1bd0f68f-f4aa-4051-9d98-01d4be462bcd:192.168.69.108:34021, logIndex=0, commits[13e42da7-b798-4787-94f3-5705de2dc0e3:c8, aa82dec1-0876-47e1-b987-76a1ffe9ede1:c8, 1bd0f68f-f4aa-4051-9d98-01d4be462bcd:c8]
2019-09-18 13:46:38,268 [grpc-default-executor-0] INFO  client.GrpcClientProtocolClient (GrpcClientProtocolClient.java:onNext(264)) - client-7E447A684545->aa82dec1-0876-47e1-b987-76a1ffe9ede1: receive RaftClientReply:client-7E447A684545->aa82dec1-0876-47e1-b987-76a1ffe9ede1@group-F508A6BF04EB, cid=44, FAILED org.apache.ratis.protocol.NotLeaderException: Server aa82dec1-0876-47e1-b987-76a1ffe9ede1@group-F508A6BF04EB is not the leader 1bd0f68f-f4aa-4051-9d98-01d4be462bcd:192.168.69.108:34021, logIndex=0, commits[aa82dec1-0876-47e1-b987-76a1ffe9ede1:c8, 13e42da7-b798-4787-94f3-5705de2dc0e3:c8, 1bd0f68f-f4aa-4051-9d98-01d4be462bcd:c8]
2019-09-18 13:46:39,285 [grpc-default-executor-0] INFO  client.GrpcClientProtocolClient (GrpcClientProtocolClient.java:onNext(264)) - client-7E447A684545->13e42da7-b798-4787-94f3-5705de2dc0e3: receive RaftClientReply:client-7E447A684545->13e42da7-b798-4787-94f3-5705de2dc0e3@group-F508A6BF04EB, cid=44, FAILED org.apache.ratis.protocol.NotLeaderException: Server 13e42da7-b798-4787-94f3-5705de2dc0e3@group-F508A6BF04EB is not the leader 1bd0f68f-f4aa-4051-9d98-01d4be462bcd:192.168.69.108:34021, logIndex=0, commits[13e42da7-b798-4787-94f3-5705de2dc0e3:c8, aa82dec1-0876-47e1-b987-76a1ffe9ede1:c8, 1bd0f68f-f4aa-4051-9d98-01d4be462bcd:c8]
2019-09-18 13:46:40,298 [grpc-default-executor-5] INFO  client.GrpcClientProtocolClient (GrpcClientProtocolClient.java:onNext(264)) - client-7E447A684545->13e42da7-b798-4787-94f3-5705de2dc0e3: receive RaftClientReply:client-7E447A684545->13e42da7-b798-4787-94f3-5705de2dc0e3@group-F508A6BF04EB, cid=44, FAILED org.apache.ratis.protocol.NotLeaderException: Server 13e42da7-b798-4787-94f3-5705de2dc0e3@group-F508A6BF04EB is not the leader 1bd0f68f-f4aa-4051-9d98-01d4be462bcd:192.168.69.108:34021, logIndex=0, commits[13e42da7-b798-4787-94f3-5705de2dc0e3:c8, aa82dec1-0876-47e1-b987-76a1ffe9ede1:c8, 1bd0f68f-f4aa-4051-9d98-01d4be462bcd:c8]
2019-09-18 13:46:41,314 [grpc-default-executor-5] INFO  client.GrpcClientProtocolClient (GrpcClientProtocolClient.java:onNext(264)) - client-7E447A684545->13e42da7-b798-4787-94f3-5705de2dc0e3: receive RaftClientReply:client-7E447A684545->13e42da7-b798-4787-94f3-5705de2dc0e3@group-F508A6BF04EB, cid=44, FAILED org.apache.ratis.protocol.NotLeaderException: Server 13e42da7-b798-4787-94f3-5705de2dc0e3@group-F508A6BF04EB is not the leader 1bd0f68f-f4aa-4051-9d98-01d4be462bcd:192.168.69.108:34021, logIndex=0, commits[13e42da7-b798-4787-94f3-5705de2dc0e3:c8, aa82dec1-0876-47e1-b987-76a1ffe9ede1:c8, 1bd0f68f-f4aa-4051-9d98-01d4be462bcd:c8]
2019-09-18 13:46:42,327 [grpc-default-executor-0] INFO  client.GrpcClientProtocolClient (GrpcClientProtocolClient.java:onNext(264)) - client-7E447A684545->13e42da7-b798-4787-94f3-5705de2dc0e3: receive RaftClientReply:client-7E447A684545->13e42da7-b798-4787-94f3-5705de2dc0e3@group-F508A6BF04EB, cid=44, FAILED org.apache.ratis.protocol.NotLeaderException: Server 13e42da7-b798-4787-94f3-5705de2dc0e3@group-F508A6BF04EB is not the leader 1bd0f68f-f4aa-4051-9d98-01d4be462bcd:192.168.69.108:34021, logIndex=0, commits[13e42da7-b798-4787-94f3-5705de2dc0e3:c8, aa82dec1-0876-47e1-b987-76a1ffe9ede1:c8, 1bd0f68f-f4aa-4051-9d98-01d4be462bcd:c8]
2019-09-18 13:46:43,343 [grpc-default-executor-4] INFO  client.GrpcClientProtocolClient (GrpcClientProtocolClient.java:onNext(264)) - client-7E447A684545->13e42da7-b798-4787-94f3-5705de2dc0e3: receive RaftClientReply:client-7E447A684545->13e42da7-b798-4787-94f3-5705de2dc0e3@group-F508A6BF04EB, cid=44, FAILED org.apache.ratis.protocol.NotLeaderException: Server 13e42da7-b798-4787-94f3-5705de2dc0e3@group-F508A6BF04EB is not the leader 1bd0f68f-f4aa-4051-9d98-01d4be462bcd:192.168.69.108:34021, logIndex=0, commits[13e42da7-b798-4787-94f3-5705de2dc0e3:c8, aa82dec1-0876-47e1-b987-76a1ffe9ede1:c8, 1bd0f68f-f4aa-4051-9d98-01d4be462bcd:c8]
2019-09-18 13:46:44,360 [grpc-default-executor-0] INFO  client.GrpcClientProtocolClient (GrpcClientProtocolClient.java:onNext(264)) - client-7E447A684545->aa82dec1-0876-47e1-b987-76a1ffe9ede1: receive RaftClientReply:client-7E447A684545->aa82dec1-0876-47e1-b987-76a1ffe9ede1@group-F508A6BF04EB, cid=44, FAILED org.apache.ratis.protocol.NotLeaderException: Server aa82dec1-0876-47e1-b987-76a1ffe9ede1@group-F508A6BF04EB is not the leader 1bd0f68f-f4aa-4051-9d98-01d4be462bcd:192.168.69.108:34021, logIndex=0, commits[aa82dec1-0876-47e1-b987-76a1ffe9ede1:c8, 13e42da7-b798-4787-94f3-5705de2dc0e3:c8, 1bd0f68f-f4aa-4051-9d98-01d4be462bcd:c8]
2019-09-18 13:46:45,380 [grpc-default-executor-0] INFO  client.GrpcClientProtocolClient (GrpcClientProtocolClient.java:onNext(264)) - client-7E447A684545->13e42da7-b798-4787-94f3-5705de2dc0e3: receive RaftClientReply:client-7E447A684545->13e42da7-b798-4787-94f3-5705de2dc0e3@group-F508A6BF04EB, cid=44, FAILED org.apache.ratis.protocol.NotLeaderException: Server 13e42da7-b798-4787-94f3-5705de2dc0e3@group-F508A6BF04EB is not the leader 1bd0f68f-f4aa-4051-9d98-01d4be462bcd:192.168.69.108:34021, logIndex=0, commits[13e42da7-b798-4787-94f3-5705de2dc0e3:c8, aa82dec1-0876-47e1-b987-76a1ffe9ede1:c8, 1bd0f68f-f4aa-4051-9d98-01d4be462bcd:c8]
2019-09-18 13:46:46,393 [grpc-default-executor-0] INFO  client.GrpcClientProtocolClient (GrpcClientProtocolClient.java:onNext(264)) - client-7E447A684545->13e42da7-b798-4787-94f3-5705de2dc0e3: receive RaftClientReply:client-7E447A684545->13e42da7-b798-4787-94f3-5705de2dc0e3@group-F508A6BF04EB, cid=44, FAILED org.apache.ratis.protocol.NotLeaderException: Server 13e42da7-b798-4787-94f3-5705de2dc0e3@group-F508A6BF04EB is not the leader 1bd0f68f-f4aa-4051-9d98-01d4be462bcd:192.168.69.108:34021, logIndex=0, commits[13e42da7-b798-4787-94f3-5705de2dc0e3:c8, aa82dec1-0876-47e1-b987-76a1ffe9ede1:c8, 1bd0f68f-f4aa-4051-9d98-01d4be462bcd:c8]
2019-09-18 13:46:47,407 [grpc-default-executor-4] INFO  client.GrpcClientProtocolClient (GrpcClientProtocolClient.java:onNext(264)) - client-7E447A684545->aa82dec1-0876-47e1-b987-76a1ffe9ede1: receive RaftClientReply:client-7E447A684545->aa82dec1-0876-47e1-b987-76a1ffe9ede1@group-F508A6BF04EB, cid=44, FAILED org.apache.ratis.protocol.NotLeaderException: Server aa82dec1-0876-47e1-b987-76a1ffe9ede1@group-F508A6BF04EB is not the leader 1bd0f68f-f4aa-4051-9d98-01d4be462bcd:192.168.69.108:34021, logIndex=0, commits[aa82dec1-0876-47e1-b987-76a1ffe9ede1:c8, 13e42da7-b798-4787-94f3-5705de2dc0e3:c8, 1bd0f68f-f4aa-4051-9d98-01d4be462bcd:c8]
2019-09-18 13:46:48,422 [grpc-default-executor-5] INFO  client.GrpcClientProtocolClient (GrpcClientProtocolClient.java:onNext(264)) - client-7E447A684545->13e42da7-b798-4787-94f3-5705de2dc0e3: receive RaftClientReply:client-7E447A684545->13e42da7-b798-4787-94f3-5705de2dc0e3@group-F508A6BF04EB, cid=44, FAILED org.apache.ratis.protocol.NotLeaderException: Server 13e42da7-b798-4787-94f3-5705de2dc0e3@group-F508A6BF04EB is not the leader 1bd0f68f-f4aa-4051-9d98-01d4be462bcd:192.168.69.108:34021, logIndex=0, commits[13e42da7-b798-4787-94f3-5705de2dc0e3:c8, aa82dec1-0876-47e1-b987-76a1ffe9ede1:c8, 1bd0f68f-f4aa-4051-9d98-01d4be462bcd:c8]
2019-09-18 13:46:49,438 [grpc-default-executor-4] INFO  client.GrpcClientProtocolClient (GrpcClientProtocolClient.java:onNext(264)) - client-7E447A684545->aa82dec1-0876-47e1-b987-76a1ffe9ede1: receive RaftClientReply:client-7E447A684545->aa82dec1-0876-47e1-b987-76a1ffe9ede1@group-F508A6BF04EB, cid=44, FAILED org.apache.ratis.protocol.NotLeaderException: Server aa82dec1-0876-47e1-b987-76a1ffe9ede1@group-F508A6BF04EB is not the leader 1bd0f68f-f4aa-4051-9d98-01d4be462bcd:192.168.69.108:34021, logIndex=0, commits[aa82dec1-0876-47e1-b987-76a1ffe9ede1:c8, 13e42da7-b798-4787-94f3-5705de2dc0e3:c8, 1bd0f68f-f4aa-4051-9d98-01d4be462bcd:c8]
2019-09-18 13:46:50,453 [grpc-default-executor-4] INFO  client.GrpcClientProtocolClient (GrpcClientProtocolClient.java:onNext(264)) - client-7E447A684545->13e42da7-b798-4787-94f3-5705de2dc0e3: receive RaftClientReply:client-7E447A684545->13e42da7-b798-4787-94f3-5705de2dc0e3@group-F508A6BF04EB, cid=44, FAILED org.apache.ratis.protocol.NotLeaderException: Server 13e42da7-b798-4787-94f3-5705de2dc0e3@group-F508A6BF04EB is not the leader 1bd0f68f-f4aa-4051-9d98-01d4be462bcd:192.168.69.108:34021, logIndex=0, commits[13e42da7-b798-4787-94f3-5705de2dc0e3:c8, aa82dec1-0876-47e1-b987-76a1ffe9ede1:c8, 1bd0f68f-f4aa-4051-9d98-01d4be462bcd:c8]
2019-09-18 13:46:51,468 [grpc-default-executor-5] INFO  client.GrpcClientProtocolClient (GrpcClientProtocolClient.java:onNext(264)) - client-7E447A684545->aa82dec1-0876-47e1-b987-76a1ffe9ede1: receive RaftClientReply:client-7E447A684545->aa82dec1-0876-47e1-b987-76a1ffe9ede1@group-F508A6BF04EB, cid=44, FAILED org.apache.ratis.protocol.NotLeaderException: Server aa82dec1-0876-47e1-b987-76a1ffe9ede1@group-F508A6BF04EB is not the leader 1bd0f68f-f4aa-4051-9d98-01d4be462bcd:192.168.69.108:34021, logIndex=0, commits[aa82dec1-0876-47e1-b987-76a1ffe9ede1:c8, 13e42da7-b798-4787-94f3-5705de2dc0e3:c8, 1bd0f68f-f4aa-4051-9d98-01d4be462bcd:c8]
2019-09-18 13:46:52,483 [grpc-default-executor-0] INFO  client.GrpcClientProtocolClient (GrpcClientProtocolClient.java:onNext(264)) - client-7E447A684545->aa82dec1-0876-47e1-b987-76a1ffe9ede1: receive RaftClientReply:client-7E447A684545->aa82dec1-0876-47e1-b987-76a1ffe9ede1@group-F508A6BF04EB, cid=44, FAILED org.apache.ratis.protocol.NotLeaderException: Server aa82dec1-0876-47e1-b987-76a1ffe9ede1@group-F508A6BF04EB is not the leader 1bd0f68f-f4aa-4051-9d98-01d4be462bcd:192.168.69.108:34021, logIndex=0, commits[aa82dec1-0876-47e1-b987-76a1ffe9ede1:c8, 13e42da7-b798-4787-94f3-5705de2dc0e3:c8, 1bd0f68f-f4aa-4051-9d98-01d4be462bcd:c8]
2019-09-18 13:46:53,499 [grpc-default-executor-5] INFO  client.GrpcClientProtocolClient (GrpcClientProtocolClient.java:onNext(264)) - client-7E447A684545->13e42da7-b798-4787-94f3-5705de2dc0e3: receive RaftClientReply:client-7E447A684545->13e42da7-b798-4787-94f3-5705de2dc0e3@group-F508A6BF04EB, cid=44, FAILED org.apache.ratis.protocol.NotLeaderException: Server 13e42da7-b798-4787-94f3-5705de2dc0e3@group-F508A6BF04EB is not the leader 1bd0f68f-f4aa-4051-9d98-01d4be462bcd:192.168.69.108:34021, logIndex=0, commits[13e42da7-b798-4787-94f3-5705de2dc0e3:c8, aa82dec1-0876-47e1-b987-76a1ffe9ede1:c8, 1bd0f68f-f4aa-4051-9d98-01d4be462bcd:c8]
2019-09-18 13:46:54,514 [grpc-default-executor-5] INFO  client.GrpcClientProtocolClient (GrpcClientProtocolClient.java:onNext(264)) - client-7E447A684545->aa82dec1-0876-47e1-b987-76a1ffe9ede1: receive RaftClientReply:client-7E447A684545->aa82dec1-0876-47e1-b987-76a1ffe9ede1@group-F508A6BF04EB, cid=44, FAILED org.apache.ratis.protocol.NotLeaderException: Server aa82dec1-0876-47e1-b987-76a1ffe9ede1@group-F508A6BF04EB is not the leader 1bd0f68f-f4aa-4051-9d98-01d4be462bcd:192.168.69.108:34021, logIndex=0, commits[aa82dec1-0876-47e1-b987-76a1ffe9ede1:c8, 13e42da7-b798-4787-94f3-5705de2dc0e3:c8, 1bd0f68f-f4aa-4051-9d98-01d4be462bcd:c8]
2019-09-18 13:46:55,527 [grpc-default-executor-0] INFO  client.GrpcClientProtocolClient (GrpcClientProtocolClient.java:onNext(264)) - client-7E447A684545->aa82dec1-0876-47e1-b987-76a1ffe9ede1: receive RaftClientReply:client-7E447A684545->aa82dec1-0876-47e1-b987-76a1ffe9ede1@group-F508A6BF04EB, cid=44, FAILED org.apache.ratis.protocol.NotLeaderException: Server aa82dec1-0876-47e1-b987-76a1ffe9ede1@group-F508A6BF04EB is not the leader 1bd0f68f-f4aa-4051-9d98-01d4be462bcd:192.168.69.108:34021, logIndex=0, commits[aa82dec1-0876-47e1-b987-76a1ffe9ede1:c8, 13e42da7-b798-4787-94f3-5705de2dc0e3:c8, 1bd0f68f-f4aa-4051-9d98-01d4be462bcd:c8]
2019-09-18 13:46:56,541 [grpc-default-executor-0] INFO  client.GrpcClientProtocolClient (GrpcClientProtocolClient.java:onNext(264)) - client-7E447A684545->aa82dec1-0876-47e1-b987-76a1ffe9ede1: receive RaftClientReply:client-7E447A684545->aa82dec1-0876-47e1-b987-76a1ffe9ede1@group-F508A6BF04EB, cid=44, FAILED org.apache.ratis.protocol.NotLeaderException: Server aa82dec1-0876-47e1-b987-76a1ffe9ede1@group-F508A6BF04EB is not the leader 1bd0f68f-f4aa-4051-9d98-01d4be462bcd:192.168.69.108:34021, logIndex=0, commits[aa82dec1-0876-47e1-b987-76a1ffe9ede1:c8, 13e42da7-b798-4787-94f3-5705de2dc0e3:c8, 1bd0f68f-f4aa-4051-9d98-01d4be462bcd:c8]
2019-09-18 13:46:57,554 [grpc-default-executor-5] INFO  client.GrpcClientProtocolClient (GrpcClientProtocolClient.java:onNext(264)) - client-7E447A684545->13e42da7-b798-4787-94f3-5705de2dc0e3: receive RaftClientReply:client-7E447A684545->13e42da7-b798-4787-94f3-5705de2dc0e3@group-F508A6BF04EB, cid=44, FAILED org.apache.ratis.protocol.NotLeaderException: Server 13e42da7-b798-4787-94f3-5705de2dc0e3@group-F508A6BF04EB is not the leader 1bd0f68f-f4aa-4051-9d98-01d4be462bcd:192.168.69.108:34021, logIndex=0, commits[13e42da7-b798-4787-94f3-5705de2dc0e3:c8, aa82dec1-0876-47e1-b987-76a1ffe9ede1:c8, 1bd0f68f-f4aa-4051-9d98-01d4be462bcd:c8]
2019-09-18 13:46:58,569 [grpc-default-executor-5] INFO  client.GrpcClientProtocolClient (GrpcClientProtocolClient.java:onNext(264)) - client-7E447A684545->13e42da7-b798-4787-94f3-5705de2dc0e3: receive RaftClientReply:client-7E447A684545->13e42da7-b798-4787-94f3-5705de2dc0e3@group-F508A6BF04EB, cid=44, FAILED org.apache.ratis.protocol.NotLeaderException: Server 13e42da7-b798-4787-94f3-5705de2dc0e3@group-F508A6BF04EB is not the leader 1bd0f68f-f4aa-4051-9d98-01d4be462bcd:192.168.69.108:34021, logIndex=0, commits[13e42da7-b798-4787-94f3-5705de2dc0e3:c8, aa82dec1-0876-47e1-b987-76a1ffe9ede1:c8, 1bd0f68f-f4aa-4051-9d98-01d4be462bcd:c8]
2019-09-18 13:46:59,585 [grpc-default-executor-0] INFO  client.GrpcClientProtocolClient (GrpcClientProtocolClient.java:onNext(264)) - client-7E447A684545->aa82dec1-0876-47e1-b987-76a1ffe9ede1: receive RaftClientReply:client-7E447A684545->aa82dec1-0876-47e1-b987-76a1ffe9ede1@group-F508A6BF04EB, cid=44, FAILED org.apache.ratis.protocol.NotLeaderException: Server aa82dec1-0876-47e1-b987-76a1ffe9ede1@group-F508A6BF04EB is not the leader 1bd0f68f-f4aa-4051-9d98-01d4be462bcd:192.168.69.108:34021, logIndex=0, commits[aa82dec1-0876-47e1-b987-76a1ffe9ede1:c8, 13e42da7-b798-4787-94f3-5705de2dc0e3:c8, 1bd0f68f-f4aa-4051-9d98-01d4be462bcd:c8]
2019-09-18 13:47:00,603 [grpc-default-executor-0] INFO  client.GrpcClientProtocolClient (GrpcClientProtocolClient.java:onNext(264)) - client-7E447A684545->13e42da7-b798-4787-94f3-5705de2dc0e3: receive RaftClientReply:client-7E447A684545->13e42da7-b798-4787-94f3-5705de2dc0e3@group-F508A6BF04EB, cid=44, FAILED org.apache.ratis.protocol.NotLeaderException: Server 13e42da7-b798-4787-94f3-5705de2dc0e3@group-F508A6BF04EB is not the leader 1bd0f68f-f4aa-4051-9d98-01d4be462bcd:192.168.69.108:34021, logIndex=0, commits[13e42da7-b798-4787-94f3-5705de2dc0e3:c8, aa82dec1-0876-47e1-b987-76a1ffe9ede1:c8, 1bd0f68f-f4aa-4051-9d98-01d4be462bcd:c8]
2019-09-18 13:47:01,616 [grpc-default-executor-0] INFO  client.GrpcClientProtocolClient (GrpcClientProtocolClient.java:onNext(264)) - client-7E447A684545->13e42da7-b798-4787-94f3-5705de2dc0e3: receive RaftClientReply:client-7E447A684545->13e42da7-b798-4787-94f3-5705de2dc0e3@group-F508A6BF04EB, cid=44, FAILED org.apache.ratis.protocol.NotLeaderException: Server 13e42da7-b798-4787-94f3-5705de2dc0e3@group-F508A6BF04EB is not the leader 1bd0f68f-f4aa-4051-9d98-01d4be462bcd:192.168.69.108:34021, logIndex=0, commits[13e42da7-b798-4787-94f3-5705de2dc0e3:c8, aa82dec1-0876-47e1-b987-76a1ffe9ede1:c8, 1bd0f68f-f4aa-4051-9d98-01d4be462bcd:c8]
2019-09-18 13:47:02,628 [grpc-default-executor-0] INFO  client.GrpcClientProtocolClient (GrpcClientProtocolClient.java:onNext(264)) - client-7E447A684545->13e42da7-b798-4787-94f3-5705de2dc0e3: receive RaftClientReply:client-7E447A684545->13e42da7-b798-4787-94f3-5705de2dc0e3@group-F508A6BF04EB, cid=44, FAILED org.apache.ratis.protocol.NotLeaderException: Server 13e42da7-b798-4787-94f3-5705de2dc0e3@group-F508A6BF04EB is not the leader 1bd0f68f-f4aa-4051-9d98-01d4be462bcd:192.168.69.108:34021, logIndex=0, commits[13e42da7-b798-4787-94f3-5705de2dc0e3:c8, aa82dec1-0876-47e1-b987-76a1ffe9ede1:c8, 1bd0f68f-f4aa-4051-9d98-01d4be462bcd:c8]
2019-09-18 13:47:03,644 [grpc-default-executor-5] INFO  client.GrpcClientProtocolClient (GrpcClientProtocolClient.java:onNext(264)) - client-7E447A684545->13e42da7-b798-4787-94f3-5705de2dc0e3: receive RaftClientReply:client-7E447A684545->13e42da7-b798-4787-94f3-5705de2dc0e3@group-F508A6BF04EB, cid=44, FAILED org.apache.ratis.protocol.NotLeaderException: Server 13e42da7-b798-4787-94f3-5705de2dc0e3@group-F508A6BF04EB is not the leader 1bd0f68f-f4aa-4051-9d98-01d4be462bcd:192.168.69.108:34021, logIndex=0, commits[13e42da7-b798-4787-94f3-5705de2dc0e3:c8, aa82dec1-0876-47e1-b987-76a1ffe9ede1:c8, 1bd0f68f-f4aa-4051-9d98-01d4be462bcd:c8]
2019-09-18 13:47:04,660 [grpc-default-executor-5] INFO  client.GrpcClientProtocolClient (GrpcClientProtocolClient.java:onNext(264)) - client-7E447A684545->aa82dec1-0876-47e1-b987-76a1ffe9ede1: receive RaftClientReply:client-7E447A684545->aa82dec1-0876-47e1-b987-76a1ffe9ede1@group-F508A6BF04EB, cid=44, FAILED org.apache.ratis.protocol.NotLeaderException: Server aa82dec1-0876-47e1-b987-76a1ffe9ede1@group-F508A6BF04EB is not the leader 1bd0f68f-f4aa-4051-9d98-01d4be462bcd:192.168.69.108:34021, logIndex=0, commits[aa82dec1-0876-47e1-b987-76a1ffe9ede1:c8, 13e42da7-b798-4787-94f3-5705de2dc0e3:c8, 1bd0f68f-f4aa-4051-9d98-01d4be462bcd:c8]
2019-09-18 13:47:05,672 [grpc-default-executor-5] INFO  client.GrpcClientProtocolClient (GrpcClientProtocolClient.java:onNext(264)) - client-7E447A684545->aa82dec1-0876-47e1-b987-76a1ffe9ede1: receive RaftClientReply:client-7E447A684545->aa82dec1-0876-47e1-b987-76a1ffe9ede1@group-F508A6BF04EB, cid=44, FAILED org.apache.ratis.protocol.NotLeaderException: Server aa82dec1-0876-47e1-b987-76a1ffe9ede1@group-F508A6BF04EB is not the leader 1bd0f68f-f4aa-4051-9d98-01d4be462bcd:192.168.69.108:34021, logIndex=0, commits[aa82dec1-0876-47e1-b987-76a1ffe9ede1:c8, 13e42da7-b798-4787-94f3-5705de2dc0e3:c8, 1bd0f68f-f4aa-4051-9d98-01d4be462bcd:c8]
2019-09-18 13:47:06,684 [grpc-default-executor-0] INFO  client.GrpcClientProtocolClient (GrpcClientProtocolClient.java:onNext(264)) - client-7E447A684545->13e42da7-b798-4787-94f3-5705de2dc0e3: receive RaftClientReply:client-7E447A684545->13e42da7-b798-4787-94f3-5705de2dc0e3@group-F508A6BF04EB, cid=44, FAILED org.apache.ratis.protocol.NotLeaderException: Server 13e42da7-b798-4787-94f3-5705de2dc0e3@group-F508A6BF04EB is not the leader 1bd0f68f-f4aa-4051-9d98-01d4be462bcd:192.168.69.108:34021, logIndex=0, commits[13e42da7-b798-4787-94f3-5705de2dc0e3:c8, aa82dec1-0876-47e1-b987-76a1ffe9ede1:c8, 1bd0f68f-f4aa-4051-9d98-01d4be462bcd:c8]
2019-09-18 13:47:07,702 [grpc-default-executor-5] INFO  client.GrpcClientProtocolClient (GrpcClientProtocolClient.java:onNext(264)) - client-7E447A684545->aa82dec1-0876-47e1-b987-76a1ffe9ede1: receive RaftClientReply:client-7E447A684545->aa82dec1-0876-47e1-b987-76a1ffe9ede1@group-F508A6BF04EB, cid=44, FAILED org.apache.ratis.protocol.NotLeaderException: Server aa82dec1-0876-47e1-b987-76a1ffe9ede1@group-F508A6BF04EB is not the leader 1bd0f68f-f4aa-4051-9d98-01d4be462bcd:192.168.69.108:34021, logIndex=0, commits[aa82dec1-0876-47e1-b987-76a1ffe9ede1:c8, 13e42da7-b798-4787-94f3-5705de2dc0e3:c8, 1bd0f68f-f4aa-4051-9d98-01d4be462bcd:c8]
2019-09-18 13:47:08,718 [grpc-default-executor-5] INFO  client.GrpcClientProtocolClient (GrpcClientProtocolClient.java:onNext(264)) - client-7E447A684545->aa82dec1-0876-47e1-b987-76a1ffe9ede1: receive RaftClientReply:client-7E447A684545->aa82dec1-0876-47e1-b987-76a1ffe9ede1@group-F508A6BF04EB, cid=44, FAILED org.apache.ratis.protocol.NotLeaderException: Server aa82dec1-0876-47e1-b987-76a1ffe9ede1@group-F508A6BF04EB is not the leader 1bd0f68f-f4aa-4051-9d98-01d4be462bcd:192.168.69.108:34021, logIndex=0, commits[aa82dec1-0876-47e1-b987-76a1ffe9ede1:c8, 13e42da7-b798-4787-94f3-5705de2dc0e3:c8, 1bd0f68f-f4aa-4051-9d98-01d4be462bcd:c8]
2019-09-18 13:47:09,732 [grpc-default-executor-5] INFO  client.GrpcClientProtocolClient (GrpcClientProtocolClient.java:onNext(264)) - client-7E447A684545->aa82dec1-0876-47e1-b987-76a1ffe9ede1: receive RaftClientReply:client-7E447A684545->aa82dec1-0876-47e1-b987-76a1ffe9ede1@group-F508A6BF04EB, cid=44, FAILED org.apache.ratis.protocol.NotLeaderException: Server aa82dec1-0876-47e1-b987-76a1ffe9ede1@group-F508A6BF04EB is not the leader 1bd0f68f-f4aa-4051-9d98-01d4be462bcd:192.168.69.108:34021, logIndex=0, commits[aa82dec1-0876-47e1-b987-76a1ffe9ede1:c8, 13e42da7-b798-4787-94f3-5705de2dc0e3:c8, 1bd0f68f-f4aa-4051-9d98-01d4be462bcd:c8]
2019-09-18 13:47:10,745 [grpc-default-executor-5] INFO  client.GrpcClientProtocolClient (GrpcClientProtocolClient.java:onNext(264)) - client-7E447A684545->13e42da7-b798-4787-94f3-5705de2dc0e3: receive RaftClientReply:client-7E447A684545->13e42da7-b798-4787-94f3-5705de2dc0e3@group-F508A6BF04EB, cid=44, FAILED org.apache.ratis.protocol.NotLeaderException: Server 13e42da7-b798-4787-94f3-5705de2dc0e3@group-F508A6BF04EB is not the leader 1bd0f68f-f4aa-4051-9d98-01d4be462bcd:192.168.69.108:34021, logIndex=0, commits[13e42da7-b798-4787-94f3-5705de2dc0e3:c8, aa82dec1-0876-47e1-b987-76a1ffe9ede1:c8, 1bd0f68f-f4aa-4051-9d98-01d4be462bcd:c8]
2019-09-18 13:47:11,760 [grpc-default-executor-0] INFO  client.GrpcClientProtocolClient (GrpcClientProtocolClient.java:onNext(264)) - client-7E447A684545->aa82dec1-0876-47e1-b987-76a1ffe9ede1: receive RaftClientReply:client-7E447A684545->aa82dec1-0876-47e1-b987-76a1ffe9ede1@group-F508A6BF04EB, cid=44, FAILED org.apache.ratis.protocol.NotLeaderException: Server aa82dec1-0876-47e1-b987-76a1ffe9ede1@group-F508A6BF04EB is not the leader 1bd0f68f-f4aa-4051-9d98-01d4be462bcd:192.168.69.108:34021, logIndex=0, commits[aa82dec1-0876-47e1-b987-76a1ffe9ede1:c8, 13e42da7-b798-4787-94f3-5705de2dc0e3:c8, 1bd0f68f-f4aa-4051-9d98-01d4be462bcd:c8]
2019-09-18 13:47:12,776 [grpc-default-executor-5] INFO  client.GrpcClientProtocolClient (GrpcClientProtocolClient.java:onNext(264)) - client-7E447A684545->13e42da7-b798-4787-94f3-5705de2dc0e3: receive RaftClientReply:client-7E447A684545->13e42da7-b798-4787-94f3-5705de2dc0e3@group-F508A6BF04EB, cid=44, FAILED org.apache.ratis.protocol.NotLeaderException: Server 13e42da7-b798-4787-94f3-5705de2dc0e3@group-F508A6BF04EB is not the leader 1bd0f68f-f4aa-4051-9d98-01d4be462bcd:192.168.69.108:34021, logIndex=0, commits[13e42da7-b798-4787-94f3-5705de2dc0e3:c8, aa82dec1-0876-47e1-b987-76a1ffe9ede1:c8, 1bd0f68f-f4aa-4051-9d98-01d4be462bcd:c8]
2019-09-18 13:47:13,792 [grpc-default-executor-5] INFO  client.GrpcClientProtocolClient (GrpcClientProtocolClient.java:onNext(264)) - client-7E447A684545->13e42da7-b798-4787-94f3-5705de2dc0e3: receive RaftClientReply:client-7E447A684545->13e42da7-b798-4787-94f3-5705de2dc0e3@group-F508A6BF04EB, cid=44, FAILED org.apache.ratis.protocol.NotLeaderException: Server 13e42da7-b798-4787-94f3-5705de2dc0e3@group-F508A6BF04EB is not the leader 1bd0f68f-f4aa-4051-9d98-01d4be462bcd:192.168.69.108:34021, logIndex=0, commits[13e42da7-b798-4787-94f3-5705de2dc0e3:c8, aa82dec1-0876-47e1-b987-76a1ffe9ede1:c8, 1bd0f68f-f4aa-4051-9d98-01d4be462bcd:c8]
2019-09-18 13:47:14,805 [grpc-default-executor-5] INFO  client.GrpcClientProtocolClient (GrpcClientProtocolClient.java:onNext(264)) - client-7E447A684545->aa82dec1-0876-47e1-b987-76a1ffe9ede1: receive RaftClientReply:client-7E447A684545->aa82dec1-0876-47e1-b987-76a1ffe9ede1@group-F508A6BF04EB, cid=44, FAILED org.apache.ratis.protocol.NotLeaderException: Server aa82dec1-0876-47e1-b987-76a1ffe9ede1@group-F508A6BF04EB is not the leader 1bd0f68f-f4aa-4051-9d98-01d4be462bcd:192.168.69.108:34021, logIndex=0, commits[aa82dec1-0876-47e1-b987-76a1ffe9ede1:c8, 13e42da7-b798-4787-94f3-5705de2dc0e3:c8, 1bd0f68f-f4aa-4051-9d98-01d4be462bcd:c8]
2019-09-18 13:47:15,818 [grpc-default-executor-0] INFO  client.GrpcClientProtocolClient (GrpcClientProtocolClient.java:onNext(264)) - client-7E447A684545->13e42da7-b798-4787-94f3-5705de2dc0e3: receive RaftClientReply:client-7E447A684545->13e42da7-b798-4787-94f3-5705de2dc0e3@group-F508A6BF04EB, cid=44, FAILED org.apache.ratis.protocol.NotLeaderException: Server 13e42da7-b798-4787-94f3-5705de2dc0e3@group-F508A6BF04EB is not the leader 1bd0f68f-f4aa-4051-9d98-01d4be462bcd:192.168.69.108:34021, logIndex=0, commits[13e42da7-b798-4787-94f3-5705de2dc0e3:c8, aa82dec1-0876-47e1-b987-76a1ffe9ede1:c8, 1bd0f68f-f4aa-4051-9d98-01d4be462bcd:c8]
2019-09-18 13:47:16,834 [grpc-default-executor-5] INFO  client.GrpcClientProtocolClient (GrpcClientProtocolClient.java:onNext(264)) - client-7E447A684545->aa82dec1-0876-47e1-b987-76a1ffe9ede1: receive RaftClientReply:client-7E447A684545->aa82dec1-0876-47e1-b987-76a1ffe9ede1@group-F508A6BF04EB, cid=44, FAILED org.apache.ratis.protocol.NotLeaderException: Server aa82dec1-0876-47e1-b987-76a1ffe9ede1@group-F508A6BF04EB is not the leader 1bd0f68f-f4aa-4051-9d98-01d4be462bcd:192.168.69.108:34021, logIndex=0, commits[aa82dec1-0876-47e1-b987-76a1ffe9ede1:c8, 13e42da7-b798-4787-94f3-5705de2dc0e3:c8, 1bd0f68f-f4aa-4051-9d98-01d4be462bcd:c8]
2019-09-18 13:47:17,861 [grpc-default-executor-5] INFO  client.GrpcClientProtocolClient (GrpcClientProtocolClient.java:onNext(264)) - client-7E447A684545->13e42da7-b798-4787-94f3-5705de2dc0e3: receive RaftClientReply:client-7E447A684545->13e42da7-b798-4787-94f3-5705de2dc0e3@group-F508A6BF04EB, cid=44, FAILED org.apache.ratis.protocol.NotLeaderException: Server 13e42da7-b798-4787-94f3-5705de2dc0e3@group-F508A6BF04EB is not the leader 1bd0f68f-f4aa-4051-9d98-01d4be462bcd:192.168.69.108:34021, logIndex=0, commits[13e42da7-b798-4787-94f3-5705de2dc0e3:c8, aa82dec1-0876-47e1-b987-76a1ffe9ede1:c8, 1bd0f68f-f4aa-4051-9d98-01d4be462bcd:c8]
2019-09-18 13:47:18,873 [grpc-default-executor-5] INFO  client.GrpcClientProtocolClient (GrpcClientProtocolClient.java:onNext(264)) - client-7E447A684545->13e42da7-b798-4787-94f3-5705de2dc0e3: receive RaftClientReply:client-7E447A684545->13e42da7-b798-4787-94f3-5705de2dc0e3@group-F508A6BF04EB, cid=44, FAILED org.apache.ratis.protocol.NotLeaderException: Server 13e42da7-b798-4787-94f3-5705de2dc0e3@group-F508A6BF04EB is not the leader 1bd0f68f-f4aa-4051-9d98-01d4be462bcd:192.168.69.108:34021, logIndex=0, commits[13e42da7-b798-4787-94f3-5705de2dc0e3:c8, aa82dec1-0876-47e1-b987-76a1ffe9ede1:c8, 1bd0f68f-f4aa-4051-9d98-01d4be462bcd:c8]
2019-09-18 13:47:19,886 [grpc-default-executor-5] INFO  client.GrpcClientProtocolClient (GrpcClientProtocolClient.java:onNext(264)) - client-7E447A684545->13e42da7-b798-4787-94f3-5705de2dc0e3: receive RaftClientReply:client-7E447A684545->13e42da7-b798-4787-94f3-5705de2dc0e3@group-F508A6BF04EB, cid=44, FAILED org.apache.ratis.protocol.NotLeaderException: Server 13e42da7-b798-4787-94f3-5705de2dc0e3@group-F508A6BF04EB is not the leader 1bd0f68f-f4aa-4051-9d98-01d4be462bcd:192.168.69.108:34021, logIndex=0, commits[13e42da7-b798-4787-94f3-5705de2dc0e3:c8, aa82dec1-0876-47e1-b987-76a1ffe9ede1:c8, 1bd0f68f-f4aa-4051-9d98-01d4be462bcd:c8]
2019-09-18 13:47:19,894 [main] INFO  ozone.MiniOzoneClusterImpl (MiniOzoneClusterImpl.java:shutdown(312)) - Shutting down the Mini Ozone Cluster
2019-09-18 13:47:19,897 [main] INFO  ozone.MiniOzoneClusterImpl (MiniOzoneClusterImpl.java:stop(327)) - Stopping the Mini Ozone Cluster
2019-09-18 13:47:19,898 [main] INFO  ozone.MiniOzoneClusterImpl (MiniOzoneClusterImpl.java:stop(329)) - Stopping the OzoneManager
2019-09-18 13:47:19,898 [main] INFO  ipc.Server (Server.java:stop(3082)) - Stopping server on 35736
2019-09-18 13:47:19,913 [main] INFO  ratis.OzoneManagerDoubleBuffer (OzoneManagerDoubleBuffer.java:stop(248)) - Stopping OMDoubleBuffer flush thread
2019-09-18 13:47:19,914 [IPC Server listener on 35736] INFO  ipc.Server (Server.java:run(1185)) - Stopping IPC Server listener on 35736
2019-09-18 13:47:19,922 [OMDoubleBufferFlushThread] INFO  ratis.OzoneManagerDoubleBuffer (OzoneManagerDoubleBuffer.java:flushTransactions(191)) - OMDoubleBuffer flush thread OMDoubleBufferFlushThread is interrupted and will exit. OMDoubleBufferFlushThread
2019-09-18 13:47:19,922 [IPC Server Responder] INFO  ipc.Server (Server.java:run(1319)) - Stopping IPC Server Responder
2019-09-18 13:47:19,925 [main] INFO  utils.BackgroundService (BackgroundService.java:shutdown(148)) - Shutting down service KeyDeletingService
2019-09-18 13:47:19,927 [main] INFO  handler.ContextHandler (ContextHandler.java:doStop(910)) - Stopped o.e.j.w.WebAppContext@6d33a66e{/,null,UNAVAILABLE}{/ozoneManager}
2019-09-18 13:47:19,927 [main] INFO  server.AbstractConnector (AbstractConnector.java:doStop(318)) - Stopped ServerConnector@2f14b0f6{HTTP/1.1,[http/1.1]}{0.0.0.0:0}
2019-09-18 13:47:19,928 [main] INFO  handler.ContextHandler (ContextHandler.java:doStop(910)) - Stopped o.e.j.s.ServletContextHandler@228bda54{/static,file:///workdir/hadoop-ozone/integration-test/target/test-classes/webapps/static,UNAVAILABLE}
2019-09-18 13:47:19,928 [main] INFO  handler.ContextHandler (ContextHandler.java:doStop(910)) - Stopped o.e.j.s.ServletContextHandler@d2e6b0b{/logs,file:///workdir/hadoop-ozone/integration-test/target/log,UNAVAILABLE}
2019-09-18 13:47:19,932 [main] INFO  ozone.MiniOzoneClusterImpl (MiniOzoneClusterImpl.java:stop(335)) - Shutting the HddsDatanodes
2019-09-18 13:47:20,512 [Datanode State Machine Thread - 0] INFO  statemachine.DatanodeStateMachine (DatanodeStateMachine.java:lambda$startDaemon$0(350)) - Ozone container server started.
2019-09-18 13:47:20,745 [Datanode State Machine Thread - 0] INFO  statemachine.DatanodeStateMachine (DatanodeStateMachine.java:lambda$startDaemon$0(350)) - Ozone container server started.
2019-09-18 13:47:24,941 [main] INFO  ozoneimpl.OzoneContainer (OzoneContainer.java:stop(231)) - Attempting to stop container services.
2019-09-18 13:47:24,941 [ForkJoinPool.commonPool-worker-0] INFO  ozoneimpl.OzoneContainer (OzoneContainer.java:stop(231)) - Attempting to stop container services.
2019-09-18 13:47:24,944 [main] INFO  impl.RaftServerProxy (RaftServerProxy.java:lambda$close$4(314)) - 190c8f4e-c6ca-4a74-8304-071ce80ebd18: close
2019-09-18 13:47:24,944 [ForkJoinPool.commonPool-worker-0] INFO  impl.RaftServerProxy (RaftServerProxy.java:lambda$close$4(314)) - aa82dec1-0876-47e1-b987-76a1ffe9ede1: close
2019-09-18 13:47:24,945 [main] INFO  impl.RaftServerImpl (RaftServerImpl.java:lambda$shutdown$3(251)) - 190c8f4e-c6ca-4a74-8304-071ce80ebd18@group-22219F2D776D: shutdown
2019-09-18 13:47:24,945 [ForkJoinPool.commonPool-worker-0] INFO  impl.RaftServerImpl (RaftServerImpl.java:lambda$shutdown$3(251)) - aa82dec1-0876-47e1-b987-76a1ffe9ede1@group-F508A6BF04EB: shutdown
2019-09-18 13:47:24,946 [main] INFO  util.JmxRegister (JmxRegister.java:unregister(73)) - Successfully un-registered JMX Bean with object name Ratis:service=RaftServer,group=group-22219F2D776D,id=190c8f4e-c6ca-4a74-8304-071ce80ebd18
2019-09-18 13:47:24,946 [ForkJoinPool.commonPool-worker-0] INFO  util.JmxRegister (JmxRegister.java:unregister(73)) - Successfully un-registered JMX Bean with object name Ratis:service=RaftServer,group=group-F508A6BF04EB,id=aa82dec1-0876-47e1-b987-76a1ffe9ede1
2019-09-18 13:47:24,947 [main] INFO  impl.RoleInfo (RoleInfo.java:shutdownLeaderState(104)) - 190c8f4e-c6ca-4a74-8304-071ce80ebd18: shutdown LeaderState
2019-09-18 13:47:24,947 [ForkJoinPool.commonPool-worker-0] INFO  impl.RoleInfo (RoleInfo.java:shutdownFollowerState(121)) - aa82dec1-0876-47e1-b987-76a1ffe9ede1: shutdown FollowerState
2019-09-18 13:47:24,948 [ForkJoinPool.commonPool-worker-0] INFO  impl.StateMachineUpdater (StateMachineUpdater.java:stopAndJoin(125)) - aa82dec1-0876-47e1-b987-76a1ffe9ede1@group-F508A6BF04EB-StateMachineUpdater: set stopIndex = 8
2019-09-18 13:47:24,948 [aa82dec1-0876-47e1-b987-76a1ffe9ede1@group-F508A6BF04EB-StateMachineUpdater] INFO  ratis.ContainerStateMachine (ContainerStateMachine.java:takeSnapshot(289)) - group-F508A6BF04EB: Taking a snapshot at:(t:1, i:6) file /workdir/hadoop-ozone/integration-test/target/test-dir/MiniOzoneClusterImpl-5927a352-8e01-48c7-b674-de64d96b5a66/datanode-1/data/ratis/84888843-c42f-404e-b03a-f508a6bf04eb/sm/snapshot.1_6
2019-09-18 13:47:24,948 [Thread-770] INFO  impl.FollowerState (FollowerState.java:run(115)) - aa82dec1-0876-47e1-b987-76a1ffe9ede1: FollowerState was interrupted: java.lang.InterruptedException: sleep interrupted
2019-09-18 13:47:24,948 [main] INFO  impl.PendingRequests (PendingRequests.java:sendNotLeaderResponses(202)) - 190c8f4e-c6ca-4a74-8304-071ce80ebd18-PendingRequests: sendNotLeaderResponses
2019-09-18 13:47:24,952 [main] INFO  impl.StateMachineUpdater (StateMachineUpdater.java:stopAndJoin(125)) - 190c8f4e-c6ca-4a74-8304-071ce80ebd18@group-22219F2D776D-StateMachineUpdater: set stopIndex = 0
2019-09-18 13:47:24,953 [main] INFO  impl.RaftServerImpl (ServerState.java:close(385)) - 190c8f4e-c6ca-4a74-8304-071ce80ebd18@group-22219F2D776D: closes. applyIndex: 0
2019-09-18 13:47:24,954 [190c8f4e-c6ca-4a74-8304-071ce80ebd18@group-22219F2D776D-SegmentedRaftLogWorker] INFO  segmented.SegmentedRaftLogWorker (SegmentedRaftLogWorker.java:run(313)) - 190c8f4e-c6ca-4a74-8304-071ce80ebd18@group-22219F2D776D-SegmentedRaftLogWorker was interrupted, exiting. There are 0 tasks remaining in the queue.
2019-09-18 13:47:24,956 [main] INFO  segmented.SegmentedRaftLogWorker (SegmentedRaftLogWorker.java:close(228)) - 190c8f4e-c6ca-4a74-8304-071ce80ebd18@group-22219F2D776D-SegmentedRaftLogWorker close()
2019-09-18 13:47:24,961 [main] INFO  impl.RaftServerImpl (RaftServerImpl.java:lambda$shutdown$3(251)) - 190c8f4e-c6ca-4a74-8304-071ce80ebd18@group-6BF900824CBD: shutdown
2019-09-18 13:47:24,962 [main] INFO  util.JmxRegister (JmxRegister.java:unregister(73)) - Successfully un-registered JMX Bean with object name Ratis:service=RaftServer,group=group-6BF900824CBD,id=190c8f4e-c6ca-4a74-8304-071ce80ebd18
2019-09-18 13:47:24,962 [main] INFO  impl.RoleInfo (RoleInfo.java:shutdownLeaderState(104)) - 190c8f4e-c6ca-4a74-8304-071ce80ebd18: shutdown LeaderState
2019-09-18 13:47:24,965 [aa82dec1-0876-47e1-b987-76a1ffe9ede1@group-F508A6BF04EB-StateMachineUpdater] INFO  ratis.ContainerStateMachine (ContainerStateMachine.java:takeSnapshot(300)) - group-F508A6BF04EB: Finished taking a snapshot at:(t:1, i:6) file:/workdir/hadoop-ozone/integration-test/target/test-dir/MiniOzoneClusterImpl-5927a352-8e01-48c7-b674-de64d96b5a66/datanode-1/data/ratis/84888843-c42f-404e-b03a-f508a6bf04eb/sm/snapshot.1_6 time:17
2019-09-18 13:47:24,967 [main] INFO  impl.PendingRequests (PendingRequests.java:sendNotLeaderResponses(202)) - 190c8f4e-c6ca-4a74-8304-071ce80ebd18-PendingRequests: sendNotLeaderResponses
2019-09-18 13:47:24,968 [aa82dec1-0876-47e1-b987-76a1ffe9ede1@group-F508A6BF04EB-StateMachineUpdater] INFO  impl.StateMachineUpdater (StateMachineUpdater.java:takeSnapshot(258)) - aa82dec1-0876-47e1-b987-76a1ffe9ede1@group-F508A6BF04EB-StateMachineUpdater: Took a snapshot at index 6
2019-09-18 13:47:24,967 [org.apache.ratis.server.impl.LogAppender$AppenderDaemon$$Lambda$507/575232649@6b3b7ce0] WARN  server.GrpcLogAppender (GrpcLogAppender.java:mayWait(143)) - 190c8f4e-c6ca-4a74-8304-071ce80ebd18@group-6BF900824CBD->7da8198c-25f9-4afe-be03-ce72c852c5e7-GrpcLogAppender: Wait interrupted by java.lang.InterruptedException
2019-09-18 13:47:24,967 [org.apache.ratis.server.impl.LogAppender$AppenderDaemon$$Lambda$507/575232649@f9e68fd] WARN  server.GrpcLogAppender (GrpcLogAppender.java:mayWait(143)) - 190c8f4e-c6ca-4a74-8304-071ce80ebd18@group-6BF900824CBD->4a1c6203-118e-47eb-ba0e-2d5a78f22a0a-GrpcLogAppender: Wait interrupted by java.lang.InterruptedException
2019-09-18 13:47:24,968 [aa82dec1-0876-47e1-b987-76a1ffe9ede1@group-F508A6BF04EB-StateMachineUpdater] INFO  impl.StateMachineUpdater (StateMachineUpdater.java:lambda$new$0(83)) - aa82dec1-0876-47e1-b987-76a1ffe9ede1@group-F508A6BF04EB-StateMachineUpdater: snapshotIndex: updateIncreasingly -1 -> 6
2019-09-18 13:47:24,968 [main] INFO  impl.StateMachineUpdater (StateMachineUpdater.java:stopAndJoin(125)) - 190c8f4e-c6ca-4a74-8304-071ce80ebd18@group-6BF900824CBD-StateMachineUpdater: set stopIndex = 0
2019-09-18 13:47:24,969 [main] INFO  impl.RaftServerImpl (ServerState.java:close(385)) - 190c8f4e-c6ca-4a74-8304-071ce80ebd18@group-6BF900824CBD: closes. applyIndex: 0
2019-09-18 13:47:24,969 [aa82dec1-0876-47e1-b987-76a1ffe9ede1@group-F508A6BF04EB-StateMachineUpdater] INFO  ratis.ContainerStateMachine (ContainerStateMachine.java:takeSnapshot(289)) - group-F508A6BF04EB: Taking a snapshot at:(t:1, i:6) file /workdir/hadoop-ozone/integration-test/target/test-dir/MiniOzoneClusterImpl-5927a352-8e01-48c7-b674-de64d96b5a66/datanode-1/data/ratis/84888843-c42f-404e-b03a-f508a6bf04eb/sm/snapshot.1_6
2019-09-18 13:47:24,970 [190c8f4e-c6ca-4a74-8304-071ce80ebd18@group-6BF900824CBD-SegmentedRaftLogWorker] INFO  segmented.SegmentedRaftLogWorker (SegmentedRaftLogWorker.java:run(313)) - 190c8f4e-c6ca-4a74-8304-071ce80ebd18@group-6BF900824CBD-SegmentedRaftLogWorker was interrupted, exiting. There are 0 tasks remaining in the queue.
2019-09-18 13:47:24,972 [grpc-default-executor-0] INFO  server.GrpcServerProtocolService (GrpcServerProtocolService.java:onCompleted(113)) - 7da8198c-25f9-4afe-be03-ce72c852c5e7: Completed APPEND_ENTRIES, lastRequest: 190c8f4e-c6ca-4a74-8304-071ce80ebd18->7da8198c-25f9-4afe-be03-ce72c852c5e7#37-t2, previous=(t:2, i:0), leaderCommit=0, initializing? false, entries: <empty>
2019-09-18 13:47:24,972 [grpc-default-executor-5] INFO  server.GrpcServerProtocolService (GrpcServerProtocolService.java:onCompleted(113)) - 4a1c6203-118e-47eb-ba0e-2d5a78f22a0a: Completed APPEND_ENTRIES, lastRequest: 190c8f4e-c6ca-4a74-8304-071ce80ebd18->4a1c6203-118e-47eb-ba0e-2d5a78f22a0a#37-t2, previous=(t:2, i:0), leaderCommit=0, initializing? false, entries: <empty>
2019-09-18 13:47:24,972 [main] INFO  segmented.SegmentedRaftLogWorker (SegmentedRaftLogWorker.java:close(228)) - 190c8f4e-c6ca-4a74-8304-071ce80ebd18@group-6BF900824CBD-SegmentedRaftLogWorker close()
2019-09-18 13:47:24,978 [main] INFO  server.GrpcService (GrpcService.java:closeImpl(164)) - 190c8f4e-c6ca-4a74-8304-071ce80ebd18: shutdown server with port 35944 now
2019-09-18 13:47:24,979 [grpc-default-executor-0] INFO  server.GrpcLogAppender (GrpcLogAppender.java:onCompleted(293)) - 190c8f4e-c6ca-4a74-8304-071ce80ebd18@group-6BF900824CBD->4a1c6203-118e-47eb-ba0e-2d5a78f22a0a-AppendLogResponseHandler: follower responses appendEntries COMPLETED
2019-09-18 13:47:24,979 [grpc-default-executor-5] INFO  server.GrpcLogAppender (GrpcLogAppender.java:onCompleted(293)) - 190c8f4e-c6ca-4a74-8304-071ce80ebd18@group-6BF900824CBD->7da8198c-25f9-4afe-be03-ce72c852c5e7-AppendLogResponseHandler: follower responses appendEntries COMPLETED
2019-09-18 13:47:24,980 [grpc-default-executor-0] INFO  impl.FollowerInfo (FollowerInfo.java:lambda$new$0(51)) - 190c8f4e-c6ca-4a74-8304-071ce80ebd18@group-6BF900824CBD->4a1c6203-118e-47eb-ba0e-2d5a78f22a0a: nextIndex: updateUnconditionally 1 -> 0
2019-09-18 13:47:24,980 [main] INFO  server.GrpcService (GrpcService.java:closeImpl(172)) - 190c8f4e-c6ca-4a74-8304-071ce80ebd18: shutdown server with port 35944 successfully
2019-09-18 13:47:24,980 [grpc-default-executor-5] INFO  impl.FollowerInfo (FollowerInfo.java:lambda$new$0(51)) - 190c8f4e-c6ca-4a74-8304-071ce80ebd18@group-6BF900824CBD->7da8198c-25f9-4afe-be03-ce72c852c5e7: nextIndex: updateUnconditionally 1 -> 0
2019-09-18 13:47:24,984 [aa82dec1-0876-47e1-b987-76a1ffe9ede1@group-F508A6BF04EB-StateMachineUpdater] INFO  ratis.ContainerStateMachine (ContainerStateMachine.java:takeSnapshot(300)) - group-F508A6BF04EB: Finished taking a snapshot at:(t:1, i:6) file:/workdir/hadoop-ozone/integration-test/target/test-dir/MiniOzoneClusterImpl-5927a352-8e01-48c7-b674-de64d96b5a66/datanode-1/data/ratis/84888843-c42f-404e-b03a-f508a6bf04eb/sm/snapshot.1_6 time:15
2019-09-18 13:47:24,985 [aa82dec1-0876-47e1-b987-76a1ffe9ede1@group-F508A6BF04EB-StateMachineUpdater] INFO  impl.StateMachineUpdater (StateMachineUpdater.java:takeSnapshot(258)) - aa82dec1-0876-47e1-b987-76a1ffe9ede1@group-F508A6BF04EB-StateMachineUpdater: Took a snapshot at index 6
2019-09-18 13:47:24,986 [aa82dec1-0876-47e1-b987-76a1ffe9ede1@group-F508A6BF04EB-StateMachineUpdater] INFO  impl.StateMachineUpdater (StateMachineUpdater.java:lambda$new$0(83)) - aa82dec1-0876-47e1-b987-76a1ffe9ede1@group-F508A6BF04EB-StateMachineUpdater: snapshotIndex: updateIncreasingly 6 -> 6
2019-09-18 13:47:24,987 [ForkJoinPool.commonPool-worker-0] INFO  impl.RaftServerImpl (ServerState.java:close(385)) - aa82dec1-0876-47e1-b987-76a1ffe9ede1@group-F508A6BF04EB: closes. applyIndex: 8
2019-09-18 13:47:24,988 [aa82dec1-0876-47e1-b987-76a1ffe9ede1@group-F508A6BF04EB-SegmentedRaftLogWorker] INFO  segmented.SegmentedRaftLogWorker (SegmentedRaftLogWorker.java:run(313)) - aa82dec1-0876-47e1-b987-76a1ffe9ede1@group-F508A6BF04EB-SegmentedRaftLogWorker was interrupted, exiting. There are 0 tasks remaining in the queue.
2019-09-18 13:47:24,990 [ForkJoinPool.commonPool-worker-0] INFO  segmented.SegmentedRaftLogWorker (SegmentedRaftLogWorker.java:close(228)) - aa82dec1-0876-47e1-b987-76a1ffe9ede1@group-F508A6BF04EB-SegmentedRaftLogWorker close()
2019-09-18 13:47:24,990 [refreshUsed-/workdir/hadoop-ozone/integration-test/target/test-dir/MiniOzoneClusterImpl-5927a352-8e01-48c7-b674-de64d96b5a66/datanode-4/data/containers] WARN  fs.CachingGetSpaceUsed (CachingGetSpaceUsed.java:run(183)) - Thread Interrupted waiting to refresh disk information: sleep interrupted
2019-09-18 13:47:24,994 [ForkJoinPool.commonPool-worker-0] INFO  impl.RaftServerImpl (RaftServerImpl.java:lambda$shutdown$3(251)) - aa82dec1-0876-47e1-b987-76a1ffe9ede1@group-961B89AF50BC: shutdown
2019-09-18 13:47:24,994 [ForkJoinPool.commonPool-worker-0] INFO  util.JmxRegister (JmxRegister.java:unregister(73)) - Successfully un-registered JMX Bean with object name Ratis:service=RaftServer,group=group-961B89AF50BC,id=aa82dec1-0876-47e1-b987-76a1ffe9ede1
2019-09-18 13:47:24,995 [ForkJoinPool.commonPool-worker-0] INFO  impl.RoleInfo (RoleInfo.java:shutdownLeaderState(104)) - aa82dec1-0876-47e1-b987-76a1ffe9ede1: shutdown LeaderState
2019-09-18 13:47:24,995 [ForkJoinPool.commonPool-worker-0] INFO  impl.PendingRequests (PendingRequests.java:sendNotLeaderResponses(202)) - aa82dec1-0876-47e1-b987-76a1ffe9ede1-PendingRequests: sendNotLeaderResponses
2019-09-18 13:47:24,995 [ForkJoinPool.commonPool-worker-0] INFO  impl.StateMachineUpdater (StateMachineUpdater.java:stopAndJoin(125)) - aa82dec1-0876-47e1-b987-76a1ffe9ede1@group-961B89AF50BC-StateMachineUpdater: set stopIndex = 0
2019-09-18 13:47:24,996 [ForkJoinPool.commonPool-worker-0] INFO  impl.RaftServerImpl (ServerState.java:close(385)) - aa82dec1-0876-47e1-b987-76a1ffe9ede1@group-961B89AF50BC: closes. applyIndex: 0
2019-09-18 13:47:24,996 [aa82dec1-0876-47e1-b987-76a1ffe9ede1@group-961B89AF50BC-SegmentedRaftLogWorker] INFO  segmented.SegmentedRaftLogWorker (SegmentedRaftLogWorker.java:run(313)) - aa82dec1-0876-47e1-b987-76a1ffe9ede1@group-961B89AF50BC-SegmentedRaftLogWorker was interrupted, exiting. There are 0 tasks remaining in the queue.
2019-09-18 13:47:24,998 [ForkJoinPool.commonPool-worker-0] INFO  segmented.SegmentedRaftLogWorker (SegmentedRaftLogWorker.java:close(228)) - aa82dec1-0876-47e1-b987-76a1ffe9ede1@group-961B89AF50BC-SegmentedRaftLogWorker close()
2019-09-18 13:47:25,013 [ForkJoinPool.commonPool-worker-0] INFO  server.GrpcService (GrpcService.java:closeImpl(164)) - aa82dec1-0876-47e1-b987-76a1ffe9ede1: shutdown server with port 39775 now
2019-09-18 13:47:25,014 [grpc-default-executor-0] WARN  server.GrpcServerProtocolService (LogUtils.java:warn(134)) - aa82dec1-0876-47e1-b987-76a1ffe9ede1: installSnapshot onError, lastRequest: 1bd0f68f-f4aa-4051-9d98-01d4be462bcd->aa82dec1-0876-47e1-b987-76a1ffe9ede1#47-t1, previous=(t:1, i:8), leaderCommit=8, initializing? false, entries: <empty>: org.apache.ratis.thirdparty.io.grpc.StatusRuntimeException: CANCELLED: cancelled before receiving half close
2019-09-18 13:47:25,014 [grpc-default-executor-4] WARN  server.GrpcLogAppender (LogUtils.java:warn(134)) - 1bd0f68f-f4aa-4051-9d98-01d4be462bcd@group-F508A6BF04EB->aa82dec1-0876-47e1-b987-76a1ffe9ede1-AppendLogResponseHandler: Failed appendEntries: org.apache.ratis.thirdparty.io.grpc.StatusRuntimeException: CANCELLED: HTTP/2 error code: CANCEL
Received Rst Stream
2019-09-18 13:47:25,014 [ForkJoinPool.commonPool-worker-0] INFO  server.GrpcService (GrpcService.java:closeImpl(172)) - aa82dec1-0876-47e1-b987-76a1ffe9ede1: shutdown server with port 39775 successfully
2019-09-18 13:47:25,015 [grpc-default-executor-4] INFO  impl.FollowerInfo (FollowerInfo.java:lambda$new$0(51)) - 1bd0f68f-f4aa-4051-9d98-01d4be462bcd@group-F508A6BF04EB->aa82dec1-0876-47e1-b987-76a1ffe9ede1: nextIndex: updateUnconditionally 9 -> 8
2019-09-18 13:47:25,018 [refreshUsed-/workdir/hadoop-ozone/integration-test/target/test-dir/MiniOzoneClusterImpl-5927a352-8e01-48c7-b674-de64d96b5a66/datanode-1/data/containers] WARN  fs.CachingGetSpaceUsed (CachingGetSpaceUsed.java:run(183)) - Thread Interrupted waiting to refresh disk information: sleep interrupted
2019-09-18 13:47:25,032 [ForkJoinPool.commonPool-worker-0] INFO  utils.BackgroundService (BackgroundService.java:shutdown(148)) - Shutting down service BlockDeletingService
2019-09-18 13:47:25,037 [ForkJoinPool.commonPool-worker-0] INFO  statemachine.DatanodeStateMachine (DatanodeStateMachine.java:stopDaemon(395)) - Ozone container server stopped.
2019-09-18 13:47:25,043 [ForkJoinPool.commonPool-worker-0] INFO  handler.ContextHandler (ContextHandler.java:doStop(910)) - Stopped o.e.j.w.WebAppContext@60990e5c{/,null,UNAVAILABLE}{/hddsDatanode}
2019-09-18 13:47:25,044 [ForkJoinPool.commonPool-worker-0] INFO  server.AbstractConnector (AbstractConnector.java:doStop(318)) - Stopped ServerConnector@4d84049a{HTTP/1.1,[http/1.1]}{0.0.0.0:0}
2019-09-18 13:47:25,046 [ForkJoinPool.commonPool-worker-0] INFO  handler.ContextHandler (ContextHandler.java:doStop(910)) - Stopped o.e.j.s.ServletContextHandler@163042ea{/static,jar:file:/home/user/.m2/repository/org/apache/hadoop/hadoop-hdds-container-service/0.5.0-SNAPSHOT/hadoop-hdds-container-service-0.5.0-SNAPSHOT.jar!/webapps/static,UNAVAILABLE}
2019-09-18 13:47:25,047 [ForkJoinPool.commonPool-worker-0] INFO  handler.ContextHandler (ContextHandler.java:doStop(910)) - Stopped o.e.j.s.ServletContextHandler@2954f6ab{/logs,file:///workdir/hadoop-ozone/integration-test/target/log,UNAVAILABLE}
2019-09-18 13:47:25,049 [main] INFO  utils.BackgroundService (BackgroundService.java:shutdown(148)) - Shutting down service BlockDeletingService
2019-09-18 13:47:25,054 [main] INFO  statemachine.DatanodeStateMachine (DatanodeStateMachine.java:stopDaemon(395)) - Ozone container server stopped.
2019-09-18 13:47:25,055 [main] INFO  handler.ContextHandler (ContextHandler.java:doStop(910)) - Stopped o.e.j.w.WebAppContext@74606204{/,null,UNAVAILABLE}{/hddsDatanode}
2019-09-18 13:47:25,056 [main] INFO  server.AbstractConnector (AbstractConnector.java:doStop(318)) - Stopped ServerConnector@6b6eae52{HTTP/1.1,[http/1.1]}{0.0.0.0:0}
2019-09-18 13:47:25,056 [main] INFO  handler.ContextHandler (ContextHandler.java:doStop(910)) - Stopped o.e.j.s.ServletContextHandler@32d5279{/static,jar:file:/home/user/.m2/repository/org/apache/hadoop/hadoop-hdds-container-service/0.5.0-SNAPSHOT/hadoop-hdds-container-service-0.5.0-SNAPSHOT.jar!/webapps/static,UNAVAILABLE}
2019-09-18 13:47:25,057 [main] INFO  handler.ContextHandler (ContextHandler.java:doStop(910)) - Stopped o.e.j.s.ServletContextHandler@6274670b{/logs,file:///workdir/hadoop-ozone/integration-test/target/log,UNAVAILABLE}
2019-09-18 13:47:25,112 [grpc-default-executor-5] WARN  server.GrpcLogAppender (LogUtils.java:warn(134)) - 1bd0f68f-f4aa-4051-9d98-01d4be462bcd@group-F508A6BF04EB->aa82dec1-0876-47e1-b987-76a1ffe9ede1-AppendLogResponseHandler: Failed appendEntries: org.apache.ratis.thirdparty.io.grpc.StatusRuntimeException: UNAVAILABLE: io exception
2019-09-18 13:47:25,113 [grpc-default-executor-5] INFO  impl.FollowerInfo (FollowerInfo.java:lambda$new$0(51)) - 1bd0f68f-f4aa-4051-9d98-01d4be462bcd@group-F508A6BF04EB->aa82dec1-0876-47e1-b987-76a1ffe9ede1: nextIndex: updateUnconditionally 8 -> 7
2019-09-18 13:47:25,474 [Datanode State Machine Thread - 0] INFO  statemachine.DatanodeStateMachine (DatanodeStateMachine.java:lambda$startDaemon$0(350)) - Ozone container server started.
2019-09-18 13:47:25,621 [Datanode State Machine Thread - 0] INFO  statemachine.DatanodeStateMachine (DatanodeStateMachine.java:lambda$startDaemon$0(350)) - Ozone container server started.
2019-09-18 13:47:27,617 [grpc-default-executor-6] WARN  server.GrpcLogAppender (LogUtils.java:warn(134)) - 1bd0f68f-f4aa-4051-9d98-01d4be462bcd@group-F508A6BF04EB->aa82dec1-0876-47e1-b987-76a1ffe9ede1-AppendLogResponseHandler: Failed appendEntries: org.apache.ratis.thirdparty.io.grpc.StatusRuntimeException: UNAVAILABLE: io exception
2019-09-18 13:47:27,618 [grpc-default-executor-6] INFO  impl.FollowerInfo (FollowerInfo.java:lambda$new$0(51)) - 1bd0f68f-f4aa-4051-9d98-01d4be462bcd@group-F508A6BF04EB->aa82dec1-0876-47e1-b987-76a1ffe9ede1: nextIndex: updateUnconditionally 7 -> 6
2019-09-18 13:47:28,797 [Thread-856] INFO  impl.FollowerState (FollowerState.java:run(106)) - 4a1c6203-118e-47eb-ba0e-2d5a78f22a0a:group-6BF900824CBD changes to CANDIDATE, lastRpcTime:6242, electionTimeout:5095ms
2019-09-18 13:47:28,800 [Thread-856] INFO  impl.RoleInfo (RoleInfo.java:shutdownFollowerState(121)) - 4a1c6203-118e-47eb-ba0e-2d5a78f22a0a: shutdown FollowerState
2019-09-18 13:47:28,801 [Thread-856] INFO  impl.RaftServerImpl (RaftServerImpl.java:setRole(174)) - 4a1c6203-118e-47eb-ba0e-2d5a78f22a0a@group-6BF900824CBD: changes role from  FOLLOWER to CANDIDATE at term 2 for changeToCandidate
2019-09-18 13:47:28,801 [Thread-856] INFO  impl.RoleInfo (RoleInfo.java:updateAndGet(143)) - 4a1c6203-118e-47eb-ba0e-2d5a78f22a0a: start LeaderElection
2019-09-18 13:47:28,807 [4a1c6203-118e-47eb-ba0e-2d5a78f22a0a@group-6BF900824CBD:LeaderElection32] INFO  impl.RaftServerImpl (ServerState.java:setLeader(253)) - 4a1c6203-118e-47eb-ba0e-2d5a78f22a0a@group-6BF900824CBD: change Leader from 190c8f4e-c6ca-4a74-8304-071ce80ebd18 to null at term 2 for initElection
2019-09-18 13:47:28,823 [4a1c6203-118e-47eb-ba0e-2d5a78f22a0a@group-6BF900824CBD:LeaderElection32] INFO  impl.LeaderElection (LeaderElection.java:askForVotes(182)) - 4a1c6203-118e-47eb-ba0e-2d5a78f22a0a@group-6BF900824CBD:LeaderElection32: begin an election at term 3 for 0: [190c8f4e-c6ca-4a74-8304-071ce80ebd18:192.168.69.108:35944, 4a1c6203-118e-47eb-ba0e-2d5a78f22a0a:192.168.69.108:39109, 7da8198c-25f9-4afe-be03-ce72c852c5e7:192.168.69.108:32829], old=null
2019-09-18 13:47:28,832 [4a1c6203-118e-47eb-ba0e-2d5a78f22a0a@group-6BF900824CBD:LeaderElection32] INFO  impl.LeaderElection (LogUtils.java:infoOrTrace(149)) - 4a1c6203-118e-47eb-ba0e-2d5a78f22a0a@group-6BF900824CBD:LeaderElection32 got exception when requesting votes: {}
java.util.concurrent.ExecutionException: org.apache.ratis.thirdparty.io.grpc.StatusRuntimeException: UNAVAILABLE: io exception
	at java.util.concurrent.FutureTask.report(FutureTask.java:122)
	at java.util.concurrent.FutureTask.get(FutureTask.java:192)
	at org.apache.ratis.server.impl.LeaderElection.waitForResults(LeaderElection.java:263)
	at org.apache.ratis.server.impl.LeaderElection.askForVotes(LeaderElection.java:201)
	at org.apache.ratis.server.impl.LeaderElection.run(LeaderElection.java:133)
	at java.lang.Thread.run(Thread.java:748)
Caused by: org.apache.ratis.thirdparty.io.grpc.StatusRuntimeException: UNAVAILABLE: io exception
	at org.apache.ratis.thirdparty.io.grpc.stub.ClientCalls.toStatusRuntimeException(ClientCalls.java:233)
	at org.apache.ratis.thirdparty.io.grpc.stub.ClientCalls.getUnchecked(ClientCalls.java:214)
	at org.apache.ratis.thirdparty.io.grpc.stub.ClientCalls.blockingUnaryCall(ClientCalls.java:139)
	at org.apache.ratis.proto.grpc.RaftServerProtocolServiceGrpc$RaftServerProtocolServiceBlockingStub.requestVote(RaftServerProtocolServiceGrpc.java:265)
	at org.apache.ratis.grpc.server.GrpcServerProtocolClient.requestVote(GrpcServerProtocolClient.java:90)
	at org.apache.ratis.grpc.server.GrpcService.requestVote(GrpcService.java:204)
	at org.apache.ratis.server.impl.LeaderElection.lambda$submitRequests$1(LeaderElection.java:238)
	at java.util.concurrent.FutureTask.run(FutureTask.java:266)
	at java.util.concurrent.Executors$RunnableAdapter.call(Executors.java:511)
	at java.util.concurrent.FutureTask.run(FutureTask.java:266)
	at java.util.concurrent.ThreadPoolExecutor.runWorker(ThreadPoolExecutor.java:1149)
	at java.util.concurrent.ThreadPoolExecutor$Worker.run(ThreadPoolExecutor.java:624)
	... 1 more
Caused by: org.apache.ratis.thirdparty.io.netty.channel.AbstractChannel$AnnotatedConnectException: Connection refused: /192.168.69.108:35944
	at sun.nio.ch.SocketChannelImpl.checkConnect(Native Method)
	at sun.nio.ch.SocketChannelImpl.finishConnect(SocketChannelImpl.java:717)
	at org.apache.ratis.thirdparty.io.netty.channel.socket.nio.NioSocketChannel.doFinishConnect(NioSocketChannel.java:327)
	at org.apache.ratis.thirdparty.io.netty.channel.nio.AbstractNioChannel$AbstractNioUnsafe.finishConnect(AbstractNioChannel.java:340)
	at org.apache.ratis.thirdparty.io.netty.channel.nio.NioEventLoop.processSelectedKey(NioEventLoop.java:632)
	at org.apache.ratis.thirdparty.io.netty.channel.nio.NioEventLoop.processSelectedKeysOptimized(NioEventLoop.java:579)
	at org.apache.ratis.thirdparty.io.netty.channel.nio.NioEventLoop.processSelectedKeys(NioEventLoop.java:496)
	at org.apache.ratis.thirdparty.io.netty.channel.nio.NioEventLoop.run(NioEventLoop.java:458)
	at org.apache.ratis.thirdparty.io.netty.util.concurrent.SingleThreadEventExecutor$5.run(SingleThreadEventExecutor.java:897)
	at org.apache.ratis.thirdparty.io.netty.util.concurrent.FastThreadLocalRunnable.run(FastThreadLocalRunnable.java:30)
	... 1 more
Caused by: java.net.ConnectException: Connection refused
	... 11 more
2019-09-18 13:47:28,832 [grpc-default-executor-6] INFO  impl.RaftServerImpl (ServerState.java:setLeader(253)) - 7da8198c-25f9-4afe-be03-ce72c852c5e7@group-6BF900824CBD: change Leader from 190c8f4e-c6ca-4a74-8304-071ce80ebd18 to null at term 3 for updateCurrentTerm
2019-09-18 13:47:28,836 [grpc-default-executor-6] INFO  impl.RaftServerImpl (RaftServerImpl.java:setRole(174)) - 7da8198c-25f9-4afe-be03-ce72c852c5e7@group-6BF900824CBD: changes role from  FOLLOWER to FOLLOWER at term 3 for recognizeCandidate:4a1c6203-118e-47eb-ba0e-2d5a78f22a0a
2019-09-18 13:47:28,836 [grpc-default-executor-6] INFO  impl.RoleInfo (RoleInfo.java:shutdownFollowerState(121)) - 7da8198c-25f9-4afe-be03-ce72c852c5e7: shutdown FollowerState
2019-09-18 13:47:28,836 [grpc-default-executor-6] INFO  impl.RoleInfo (RoleInfo.java:updateAndGet(143)) - 7da8198c-25f9-4afe-be03-ce72c852c5e7: start FollowerState
2019-09-18 13:47:28,836 [Thread-855] INFO  impl.FollowerState (FollowerState.java:run(115)) - 7da8198c-25f9-4afe-be03-ce72c852c5e7: FollowerState was interrupted: java.lang.InterruptedException: sleep interrupted
2019-09-18 13:47:28,854 [4a1c6203-118e-47eb-ba0e-2d5a78f22a0a@group-6BF900824CBD:LeaderElection32] INFO  impl.LeaderElection (LeaderElection.java:logAndReturn(56)) - 4a1c6203-118e-47eb-ba0e-2d5a78f22a0a@group-6BF900824CBD:LeaderElection32: Election PASSED; received 1 response(s) [4a1c6203-118e-47eb-ba0e-2d5a78f22a0a<-7da8198c-25f9-4afe-be03-ce72c852c5e7#0:OK-t3] and 1 exception(s); 4a1c6203-118e-47eb-ba0e-2d5a78f22a0a@group-6BF900824CBD:t3, leader=null, voted=4a1c6203-118e-47eb-ba0e-2d5a78f22a0a, raftlog=4a1c6203-118e-47eb-ba0e-2d5a78f22a0a@group-6BF900824CBD-SegmentedRaftLog:OPENED:c0,f0,i0, conf=0: [190c8f4e-c6ca-4a74-8304-071ce80ebd18:192.168.69.108:35944, 4a1c6203-118e-47eb-ba0e-2d5a78f22a0a:192.168.69.108:39109, 7da8198c-25f9-4afe-be03-ce72c852c5e7:192.168.69.108:32829], old=null
2019-09-18 13:47:28,854 [4a1c6203-118e-47eb-ba0e-2d5a78f22a0a@group-6BF900824CBD:LeaderElection32] INFO  impl.LeaderElection (LogUtils.java:infoOrTrace(149)) -   Exception 0: {}
java.util.concurrent.ExecutionException: org.apache.ratis.thirdparty.io.grpc.StatusRuntimeException: UNAVAILABLE: io exception
	at java.util.concurrent.FutureTask.report(FutureTask.java:122)
	at java.util.concurrent.FutureTask.get(FutureTask.java:192)
	at org.apache.ratis.server.impl.LeaderElection.waitForResults(LeaderElection.java:263)
	at org.apache.ratis.server.impl.LeaderElection.askForVotes(LeaderElection.java:201)
	at org.apache.ratis.server.impl.LeaderElection.run(LeaderElection.java:133)
	at java.lang.Thread.run(Thread.java:748)
Caused by: org.apache.ratis.thirdparty.io.grpc.StatusRuntimeException: UNAVAILABLE: io exception
	at org.apache.ratis.thirdparty.io.grpc.stub.ClientCalls.toStatusRuntimeException(ClientCalls.java:233)
	at org.apache.ratis.thirdparty.io.grpc.stub.ClientCalls.getUnchecked(ClientCalls.java:214)
	at org.apache.ratis.thirdparty.io.grpc.stub.ClientCalls.blockingUnaryCall(ClientCalls.java:139)
	at org.apache.ratis.proto.grpc.RaftServerProtocolServiceGrpc$RaftServerProtocolServiceBlockingStub.requestVote(RaftServerProtocolServiceGrpc.java:265)
	at org.apache.ratis.grpc.server.GrpcServerProtocolClient.requestVote(GrpcServerProtocolClient.java:90)
	at org.apache.ratis.grpc.server.GrpcService.requestVote(GrpcService.java:204)
	at org.apache.ratis.server.impl.LeaderElection.lambda$submitRequests$1(LeaderElection.java:238)
	at java.util.concurrent.FutureTask.run(FutureTask.java:266)
	at java.util.concurrent.Executors$RunnableAdapter.call(Executors.java:511)
	at java.util.concurrent.FutureTask.run(FutureTask.java:266)
	at java.util.concurrent.ThreadPoolExecutor.runWorker(ThreadPoolExecutor.java:1149)
	at java.util.concurrent.ThreadPoolExecutor$Worker.run(ThreadPoolExecutor.java:624)
	... 1 more
Caused by: org.apache.ratis.thirdparty.io.netty.channel.AbstractChannel$AnnotatedConnectException: Connection refused: /192.168.69.108:35944
	at sun.nio.ch.SocketChannelImpl.checkConnect(Native Method)
	at sun.nio.ch.SocketChannelImpl.finishConnect(SocketChannelImpl.java:717)
	at org.apache.ratis.thirdparty.io.netty.channel.socket.nio.NioSocketChannel.doFinishConnect(NioSocketChannel.java:327)
	at org.apache.ratis.thirdparty.io.netty.channel.nio.AbstractNioChannel$AbstractNioUnsafe.finishConnect(AbstractNioChannel.java:340)
	at org.apache.ratis.thirdparty.io.netty.channel.nio.NioEventLoop.processSelectedKey(NioEventLoop.java:632)
	at org.apache.ratis.thirdparty.io.netty.channel.nio.NioEventLoop.processSelectedKeysOptimized(NioEventLoop.java:579)
	at org.apache.ratis.thirdparty.io.netty.channel.nio.NioEventLoop.processSelectedKeys(NioEventLoop.java:496)
	at org.apache.ratis.thirdparty.io.netty.channel.nio.NioEventLoop.run(NioEventLoop.java:458)
	at org.apache.ratis.thirdparty.io.netty.util.concurrent.SingleThreadEventExecutor$5.run(SingleThreadEventExecutor.java:897)
	at org.apache.ratis.thirdparty.io.netty.util.concurrent.FastThreadLocalRunnable.run(FastThreadLocalRunnable.java:30)
	... 1 more
Caused by: java.net.ConnectException: Connection refused
	... 11 more
2019-09-18 13:47:28,855 [4a1c6203-118e-47eb-ba0e-2d5a78f22a0a@group-6BF900824CBD:LeaderElection32] INFO  impl.RoleInfo (RoleInfo.java:shutdownLeaderElection(134)) - 4a1c6203-118e-47eb-ba0e-2d5a78f22a0a: shutdown LeaderElection
2019-09-18 13:47:28,855 [4a1c6203-118e-47eb-ba0e-2d5a78f22a0a@group-6BF900824CBD:LeaderElection32] INFO  impl.RaftServerImpl (RaftServerImpl.java:setRole(174)) - 4a1c6203-118e-47eb-ba0e-2d5a78f22a0a@group-6BF900824CBD: changes role from CANDIDATE to LEADER at term 3 for changeToLeader
2019-09-18 13:47:28,855 [4a1c6203-118e-47eb-ba0e-2d5a78f22a0a@group-6BF900824CBD:LeaderElection32] INFO  impl.RaftServerImpl (ServerState.java:setLeader(253)) - 4a1c6203-118e-47eb-ba0e-2d5a78f22a0a@group-6BF900824CBD: change Leader from null to 4a1c6203-118e-47eb-ba0e-2d5a78f22a0a at term 3 for becomeLeader, leader elected after 48ms
2019-09-18 13:47:28,856 [4a1c6203-118e-47eb-ba0e-2d5a78f22a0a@group-6BF900824CBD:LeaderElection32] INFO  server.RaftServerConfigKeys (ConfUtils.java:logGet(43)) - raft.server.staging.catchup.gap = 1000 (default)
2019-09-18 13:47:28,856 [4a1c6203-118e-47eb-ba0e-2d5a78f22a0a@group-6BF900824CBD:LeaderElection32] INFO  server.RaftServerConfigKeys (ConfUtils.java:logGet(43)) - raft.server.rpc.sleep.time = 25ms (default)
2019-09-18 13:47:28,857 [4a1c6203-118e-47eb-ba0e-2d5a78f22a0a@group-6BF900824CBD:LeaderElection32] INFO  server.RaftServerConfigKeys (ConfUtils.java:logGet(43)) - raft.server.write.element-limit = 4096 (default)
2019-09-18 13:47:28,857 [4a1c6203-118e-47eb-ba0e-2d5a78f22a0a@group-6BF900824CBD:LeaderElection32] INFO  server.RaftServerConfigKeys (ConfUtils.java:logGet(43)) - raft.server.watch.timeout = 10s (default)
2019-09-18 13:47:28,857 [4a1c6203-118e-47eb-ba0e-2d5a78f22a0a@group-6BF900824CBD:LeaderElection32] INFO  server.RaftServerConfigKeys (ConfUtils.java:logGet(43)) - raft.server.watch.timeout.denomination = 1s (default)
2019-09-18 13:47:28,857 [4a1c6203-118e-47eb-ba0e-2d5a78f22a0a@group-6BF900824CBD:LeaderElection32] INFO  server.RaftServerConfigKeys (ConfUtils.java:logGet(43)) - raft.server.watch.element-limit = 65536 (default)
2019-09-18 13:47:28,864 [4a1c6203-118e-47eb-ba0e-2d5a78f22a0a@group-6BF900824CBD:LeaderElection32] INFO  server.RaftServerConfigKeys (ConfUtils.java:logGet(43)) - raft.server.log.appender.snapshot.chunk.size.max = 16MB (=16777216) (default)
2019-09-18 13:47:28,864 [4a1c6203-118e-47eb-ba0e-2d5a78f22a0a@group-6BF900824CBD:LeaderElection32] INFO  server.RaftServerConfigKeys (ConfUtils.java:logGet(43)) - raft.server.log.appender.buffer.byte-limit = 33554432 (custom)
2019-09-18 13:47:28,865 [4a1c6203-118e-47eb-ba0e-2d5a78f22a0a@group-6BF900824CBD:LeaderElection32] INFO  server.RaftServerConfigKeys (ConfUtils.java:logGet(43)) - raft.server.log.appender.buffer.element-limit = 1 (custom)
2019-09-18 13:47:28,865 [4a1c6203-118e-47eb-ba0e-2d5a78f22a0a@group-6BF900824CBD:LeaderElection32] INFO  grpc.GrpcConfigKeys$Server (ConfUtils.java:logGet(43)) - raft.grpc.server.leader.outstanding.appends.max = 128 (default)
2019-09-18 13:47:28,865 [4a1c6203-118e-47eb-ba0e-2d5a78f22a0a@group-6BF900824CBD:LeaderElection32] INFO  server.RaftServerConfigKeys (ConfUtils.java:logGet(43)) - raft.server.rpc.request.timeout = 3000ms (default)
2019-09-18 13:47:28,866 [4a1c6203-118e-47eb-ba0e-2d5a78f22a0a@group-6BF900824CBD:LeaderElection32] INFO  server.RaftServerConfigKeys (ConfUtils.java:logGet(43)) - raft.server.log.appender.install.snapshot.enabled = false (custom)
2019-09-18 13:47:28,866 [4a1c6203-118e-47eb-ba0e-2d5a78f22a0a@group-6BF900824CBD:LeaderElection32] INFO  server.RaftServerConfigKeys (ConfUtils.java:logGet(43)) - raft.server.log.appender.snapshot.chunk.size.max = 16MB (=16777216) (default)
2019-09-18 13:47:28,866 [4a1c6203-118e-47eb-ba0e-2d5a78f22a0a@group-6BF900824CBD:LeaderElection32] INFO  server.RaftServerConfigKeys (ConfUtils.java:logGet(43)) - raft.server.log.appender.buffer.byte-limit = 33554432 (custom)
2019-09-18 13:47:28,866 [4a1c6203-118e-47eb-ba0e-2d5a78f22a0a@group-6BF900824CBD:LeaderElection32] INFO  server.RaftServerConfigKeys (ConfUtils.java:logGet(43)) - raft.server.log.appender.buffer.element-limit = 1 (custom)
2019-09-18 13:47:28,867 [4a1c6203-118e-47eb-ba0e-2d5a78f22a0a@group-6BF900824CBD:LeaderElection32] INFO  grpc.GrpcConfigKeys$Server (ConfUtils.java:logGet(43)) - raft.grpc.server.leader.outstanding.appends.max = 128 (default)
2019-09-18 13:47:28,867 [4a1c6203-118e-47eb-ba0e-2d5a78f22a0a@group-6BF900824CBD:LeaderElection32] INFO  server.RaftServerConfigKeys (ConfUtils.java:logGet(43)) - raft.server.rpc.request.timeout = 3000ms (default)
2019-09-18 13:47:28,867 [4a1c6203-118e-47eb-ba0e-2d5a78f22a0a@group-6BF900824CBD:LeaderElection32] INFO  server.RaftServerConfigKeys (ConfUtils.java:logGet(43)) - raft.server.log.appender.install.snapshot.enabled = false (custom)
2019-09-18 13:47:28,868 [4a1c6203-118e-47eb-ba0e-2d5a78f22a0a@group-6BF900824CBD:LeaderElection32] INFO  impl.RoleInfo (RoleInfo.java:updateAndGet(143)) - 4a1c6203-118e-47eb-ba0e-2d5a78f22a0a: start LeaderState
2019-09-18 13:47:28,868 [4a1c6203-118e-47eb-ba0e-2d5a78f22a0a@group-6BF900824CBD:LeaderElection32] INFO  segmented.SegmentedRaftLogWorker (SegmentedRaftLogWorker.java:rollLogSegment(385)) - 4a1c6203-118e-47eb-ba0e-2d5a78f22a0a@group-6BF900824CBD-SegmentedRaftLogWorker: Rolling segment log-0_0 to index:0
2019-09-18 13:47:28,870 [4a1c6203-118e-47eb-ba0e-2d5a78f22a0a@group-6BF900824CBD:LeaderElection32] INFO  impl.RaftServerImpl (ServerState.java:setRaftConf(354)) - 4a1c6203-118e-47eb-ba0e-2d5a78f22a0a@group-6BF900824CBD: set configuration 1: [190c8f4e-c6ca-4a74-8304-071ce80ebd18:192.168.69.108:35944, 4a1c6203-118e-47eb-ba0e-2d5a78f22a0a:192.168.69.108:39109, 7da8198c-25f9-4afe-be03-ce72c852c5e7:192.168.69.108:32829], old=null at 1
2019-09-18 13:47:28,870 [4a1c6203-118e-47eb-ba0e-2d5a78f22a0a@group-6BF900824CBD-SegmentedRaftLogWorker] INFO  segmented.SegmentedRaftLogWorker (SegmentedRaftLogWorker.java:execute(526)) - 4a1c6203-118e-47eb-ba0e-2d5a78f22a0a@group-6BF900824CBD-SegmentedRaftLogWorker: Rolled log segment from /workdir/hadoop-ozone/integration-test/target/test-dir/MiniOzoneClusterImpl-5927a352-8e01-48c7-b674-de64d96b5a66/datanode-5/data/ratis/6b77160c-c373-469b-b54f-6bf900824cbd/current/log_inprogress_0 to /workdir/hadoop-ozone/integration-test/target/test-dir/MiniOzoneClusterImpl-5927a352-8e01-48c7-b674-de64d96b5a66/datanode-5/data/ratis/6b77160c-c373-469b-b54f-6bf900824cbd/current/log_0-0
2019-09-18 13:47:28,872 [grpc-default-executor-6] WARN  server.GrpcLogAppender (LogUtils.java:warn(134)) - 4a1c6203-118e-47eb-ba0e-2d5a78f22a0a@group-6BF900824CBD->190c8f4e-c6ca-4a74-8304-071ce80ebd18-AppendLogResponseHandler: Failed appendEntries: org.apache.ratis.thirdparty.io.grpc.StatusRuntimeException: UNAVAILABLE: io exception
2019-09-18 13:47:28,873 [grpc-default-executor-6] INFO  impl.FollowerInfo (FollowerInfo.java:lambda$new$0(51)) - 4a1c6203-118e-47eb-ba0e-2d5a78f22a0a@group-6BF900824CBD->190c8f4e-c6ca-4a74-8304-071ce80ebd18: nextIndex: updateUnconditionally 1 -> 0
2019-09-18 13:47:28,874 [grpc-default-executor-6] INFO  impl.RaftServerImpl (ServerState.java:setLeader(253)) - 7da8198c-25f9-4afe-be03-ce72c852c5e7@group-6BF900824CBD: change Leader from null to 4a1c6203-118e-47eb-ba0e-2d5a78f22a0a at term 3 for appendEntries, leader elected after 42ms
2019-09-18 13:47:28,878 [grpc-default-executor-6] INFO  impl.RaftServerImpl (ServerState.java:setRaftConf(354)) - 7da8198c-25f9-4afe-be03-ce72c852c5e7@group-6BF900824CBD: set configuration 1: [190c8f4e-c6ca-4a74-8304-071ce80ebd18:192.168.69.108:35944, 4a1c6203-118e-47eb-ba0e-2d5a78f22a0a:192.168.69.108:39109, 7da8198c-25f9-4afe-be03-ce72c852c5e7:192.168.69.108:32829], old=null at 1
2019-09-18 13:47:28,878 [grpc-default-executor-6] INFO  segmented.SegmentedRaftLogWorker (SegmentedRaftLogWorker.java:rollLogSegment(385)) - 7da8198c-25f9-4afe-be03-ce72c852c5e7@group-6BF900824CBD-SegmentedRaftLogWorker: Rolling segment log-0_0 to index:0
2019-09-18 13:47:28,879 [7da8198c-25f9-4afe-be03-ce72c852c5e7@group-6BF900824CBD-SegmentedRaftLogWorker] INFO  segmented.SegmentedRaftLogWorker (SegmentedRaftLogWorker.java:execute(526)) - 7da8198c-25f9-4afe-be03-ce72c852c5e7@group-6BF900824CBD-SegmentedRaftLogWorker: Rolled log segment from /workdir/hadoop-ozone/integration-test/target/test-dir/MiniOzoneClusterImpl-5927a352-8e01-48c7-b674-de64d96b5a66/datanode-3/data/ratis/6b77160c-c373-469b-b54f-6bf900824cbd/current/log_inprogress_0 to /workdir/hadoop-ozone/integration-test/target/test-dir/MiniOzoneClusterImpl-5927a352-8e01-48c7-b674-de64d96b5a66/datanode-3/data/ratis/6b77160c-c373-469b-b54f-6bf900824cbd/current/log_0-0
2019-09-18 13:47:28,918 [4a1c6203-118e-47eb-ba0e-2d5a78f22a0a@group-6BF900824CBD-SegmentedRaftLogWorker] INFO  segmented.SegmentedRaftLogWorker (SegmentedRaftLogWorker.java:execute(569)) - 4a1c6203-118e-47eb-ba0e-2d5a78f22a0a@group-6BF900824CBD-SegmentedRaftLogWorker: created new log segment /workdir/hadoop-ozone/integration-test/target/test-dir/MiniOzoneClusterImpl-5927a352-8e01-48c7-b674-de64d96b5a66/datanode-5/data/ratis/6b77160c-c373-469b-b54f-6bf900824cbd/current/log_inprogress_1
2019-09-18 13:47:28,951 [7da8198c-25f9-4afe-be03-ce72c852c5e7@group-6BF900824CBD-SegmentedRaftLogWorker] INFO  segmented.SegmentedRaftLogWorker (SegmentedRaftLogWorker.java:execute(569)) - 7da8198c-25f9-4afe-be03-ce72c852c5e7@group-6BF900824CBD-SegmentedRaftLogWorker: created new log segment /workdir/hadoop-ozone/integration-test/target/test-dir/MiniOzoneClusterImpl-5927a352-8e01-48c7-b674-de64d96b5a66/datanode-3/data/ratis/6b77160c-c373-469b-b54f-6bf900824cbd/current/log_inprogress_1
2019-09-18 13:47:28,969 [grpc-default-executor-0] WARN  server.GrpcLogAppender (LogUtils.java:warn(134)) - 4a1c6203-118e-47eb-ba0e-2d5a78f22a0a@group-6BF900824CBD->190c8f4e-c6ca-4a74-8304-071ce80ebd18-AppendLogResponseHandler: Failed appendEntries: org.apache.ratis.thirdparty.io.grpc.StatusRuntimeException: UNAVAILABLE: io exception
2019-09-18 13:47:28,970 [grpc-default-executor-0] INFO  impl.FollowerInfo (FollowerInfo.java:lambda$new$0(51)) - 4a1c6203-118e-47eb-ba0e-2d5a78f22a0a@group-6BF900824CBD->190c8f4e-c6ca-4a74-8304-071ce80ebd18: nextIndex: updateUnconditionally 1 -> 0
2019-09-18 13:47:28,972 [grpc-default-executor-6] WARN  server.GrpcLogAppender (LogUtils.java:warn(134)) - 4a1c6203-118e-47eb-ba0e-2d5a78f22a0a@group-6BF900824CBD->190c8f4e-c6ca-4a74-8304-071ce80ebd18-AppendLogResponseHandler: Failed appendEntries: org.apache.ratis.thirdparty.io.grpc.StatusRuntimeException: UNAVAILABLE: io exception
2019-09-18 13:47:28,973 [grpc-default-executor-6] INFO  impl.FollowerInfo (FollowerInfo.java:lambda$new$0(51)) - 4a1c6203-118e-47eb-ba0e-2d5a78f22a0a@group-6BF900824CBD->190c8f4e-c6ca-4a74-8304-071ce80ebd18: nextIndex: updateUnconditionally 1 -> 0
2019-09-18 13:47:30,050 [ForkJoinPool.commonPool-worker-0] INFO  ozoneimpl.OzoneContainer (OzoneContainer.java:stop(231)) - Attempting to stop container services.
2019-09-18 13:47:30,051 [ForkJoinPool.commonPool-worker-0] INFO  impl.RaftServerProxy (RaftServerProxy.java:lambda$close$4(314)) - 1bd0f68f-f4aa-4051-9d98-01d4be462bcd: close
2019-09-18 13:47:30,051 [ForkJoinPool.commonPool-worker-0] INFO  impl.RaftServerImpl (RaftServerImpl.java:lambda$shutdown$3(251)) - 1bd0f68f-f4aa-4051-9d98-01d4be462bcd@group-597C05EDB8C6: shutdown
2019-09-18 13:47:30,052 [ForkJoinPool.commonPool-worker-0] INFO  util.JmxRegister (JmxRegister.java:unregister(73)) - Successfully un-registered JMX Bean with object name Ratis:service=RaftServer,group=group-597C05EDB8C6,id=1bd0f68f-f4aa-4051-9d98-01d4be462bcd
2019-09-18 13:47:30,052 [ForkJoinPool.commonPool-worker-0] INFO  impl.RoleInfo (RoleInfo.java:shutdownLeaderState(104)) - 1bd0f68f-f4aa-4051-9d98-01d4be462bcd: shutdown LeaderState
2019-09-18 13:47:30,052 [ForkJoinPool.commonPool-worker-0] INFO  impl.PendingRequests (PendingRequests.java:sendNotLeaderResponses(202)) - 1bd0f68f-f4aa-4051-9d98-01d4be462bcd-PendingRequests: sendNotLeaderResponses
2019-09-18 13:47:30,053 [ForkJoinPool.commonPool-worker-0] INFO  impl.StateMachineUpdater (StateMachineUpdater.java:stopAndJoin(125)) - 1bd0f68f-f4aa-4051-9d98-01d4be462bcd@group-597C05EDB8C6-StateMachineUpdater: set stopIndex = 0
2019-09-18 13:47:30,053 [ForkJoinPool.commonPool-worker-0] INFO  impl.RaftServerImpl (ServerState.java:close(385)) - 1bd0f68f-f4aa-4051-9d98-01d4be462bcd@group-597C05EDB8C6: closes. applyIndex: 0
2019-09-18 13:47:30,054 [1bd0f68f-f4aa-4051-9d98-01d4be462bcd@group-597C05EDB8C6-SegmentedRaftLogWorker] INFO  segmented.SegmentedRaftLogWorker (SegmentedRaftLogWorker.java:run(313)) - 1bd0f68f-f4aa-4051-9d98-01d4be462bcd@group-597C05EDB8C6-SegmentedRaftLogWorker was interrupted, exiting. There are 0 tasks remaining in the queue.
2019-09-18 13:47:30,059 [ForkJoinPool.commonPool-worker-0] INFO  segmented.SegmentedRaftLogWorker (SegmentedRaftLogWorker.java:close(228)) - 1bd0f68f-f4aa-4051-9d98-01d4be462bcd@group-597C05EDB8C6-SegmentedRaftLogWorker close()
2019-09-18 13:47:30,059 [main] INFO  ozoneimpl.OzoneContainer (OzoneContainer.java:stop(231)) - Attempting to stop container services.
2019-09-18 13:47:30,061 [ForkJoinPool.commonPool-worker-0] INFO  impl.RaftServerImpl (RaftServerImpl.java:lambda$shutdown$3(251)) - 1bd0f68f-f4aa-4051-9d98-01d4be462bcd@group-F508A6BF04EB: shutdown
2019-09-18 13:47:30,061 [main] INFO  impl.RaftServerProxy (RaftServerProxy.java:lambda$close$4(314)) - 7da8198c-25f9-4afe-be03-ce72c852c5e7: close
2019-09-18 13:47:30,062 [ForkJoinPool.commonPool-worker-0] INFO  util.JmxRegister (JmxRegister.java:unregister(73)) - Successfully un-registered JMX Bean with object name Ratis:service=RaftServer,group=group-F508A6BF04EB,id=1bd0f68f-f4aa-4051-9d98-01d4be462bcd
2019-09-18 13:47:30,062 [main] INFO  impl.RaftServerImpl (RaftServerImpl.java:lambda$shutdown$3(251)) - 7da8198c-25f9-4afe-be03-ce72c852c5e7@group-E04F3042514A: shutdown
2019-09-18 13:47:30,062 [ForkJoinPool.commonPool-worker-0] INFO  impl.RoleInfo (RoleInfo.java:shutdownLeaderState(104)) - 1bd0f68f-f4aa-4051-9d98-01d4be462bcd: shutdown LeaderState
2019-09-18 13:47:30,062 [main] INFO  util.JmxRegister (JmxRegister.java:unregister(73)) - Successfully un-registered JMX Bean with object name Ratis:service=RaftServer,group=group-E04F3042514A,id=7da8198c-25f9-4afe-be03-ce72c852c5e7
2019-09-18 13:47:30,066 [org.apache.ratis.server.impl.LogAppender$AppenderDaemon$$Lambda$507/575232649@4e439261] WARN  server.GrpcLogAppender (GrpcLogAppender.java:mayWait(143)) - 1bd0f68f-f4aa-4051-9d98-01d4be462bcd@group-F508A6BF04EB->aa82dec1-0876-47e1-b987-76a1ffe9ede1-GrpcLogAppender: Wait interrupted by java.lang.InterruptedException
2019-09-18 13:47:30,066 [ForkJoinPool.commonPool-worker-0] INFO  impl.PendingRequests (PendingRequests.java:sendNotLeaderResponses(202)) - 1bd0f68f-f4aa-4051-9d98-01d4be462bcd-PendingRequests: sendNotLeaderResponses
2019-09-18 13:47:30,066 [main] INFO  impl.RoleInfo (RoleInfo.java:shutdownLeaderState(104)) - 7da8198c-25f9-4afe-be03-ce72c852c5e7: shutdown LeaderState
2019-09-18 13:47:30,066 [org.apache.ratis.server.impl.LogAppender$AppenderDaemon$$Lambda$507/575232649@4000c2a] WARN  server.GrpcLogAppender (GrpcLogAppender.java:mayWait(143)) - 1bd0f68f-f4aa-4051-9d98-01d4be462bcd@group-F508A6BF04EB->13e42da7-b798-4787-94f3-5705de2dc0e3-GrpcLogAppender: Wait interrupted by java.lang.InterruptedException
2019-09-18 13:47:30,070 [1bd0f68f-f4aa-4051-9d98-01d4be462bcd@group-F508A6BF04EB-StateMachineUpdater] INFO  ratis.ContainerStateMachine (ContainerStateMachine.java:takeSnapshot(289)) - group-F508A6BF04EB: Taking a snapshot at:(t:1, i:6) file /workdir/hadoop-ozone/integration-test/target/test-dir/MiniOzoneClusterImpl-5927a352-8e01-48c7-b674-de64d96b5a66/datanode-2/data/ratis/84888843-c42f-404e-b03a-f508a6bf04eb/sm/snapshot.1_6
2019-09-18 13:47:30,070 [main] INFO  impl.PendingRequests (PendingRequests.java:sendNotLeaderResponses(202)) - 7da8198c-25f9-4afe-be03-ce72c852c5e7-PendingRequests: sendNotLeaderResponses
2019-09-18 13:47:30,070 [ForkJoinPool.commonPool-worker-0] INFO  impl.StateMachineUpdater (StateMachineUpdater.java:stopAndJoin(125)) - 1bd0f68f-f4aa-4051-9d98-01d4be462bcd@group-F508A6BF04EB-StateMachineUpdater: set stopIndex = 8
2019-09-18 13:47:30,071 [main] INFO  impl.StateMachineUpdater (StateMachineUpdater.java:stopAndJoin(125)) - 7da8198c-25f9-4afe-be03-ce72c852c5e7@group-E04F3042514A-StateMachineUpdater: set stopIndex = 0
2019-09-18 13:47:30,071 [grpc-default-executor-6] INFO  server.GrpcServerProtocolService (GrpcServerProtocolService.java:onCompleted(113)) - 13e42da7-b798-4787-94f3-5705de2dc0e3: Completed APPEND_ENTRIES, lastRequest: 1bd0f68f-f4aa-4051-9d98-01d4be462bcd->13e42da7-b798-4787-94f3-5705de2dc0e3#49-t1, previous=(t:1, i:8), leaderCommit=8, initializing? false, entries: <empty>
2019-09-18 13:47:30,072 [main] INFO  impl.RaftServerImpl (ServerState.java:close(385)) - 7da8198c-25f9-4afe-be03-ce72c852c5e7@group-E04F3042514A: closes. applyIndex: 0
2019-09-18 13:47:30,072 [7da8198c-25f9-4afe-be03-ce72c852c5e7@group-E04F3042514A-SegmentedRaftLogWorker] INFO  segmented.SegmentedRaftLogWorker (SegmentedRaftLogWorker.java:run(313)) - 7da8198c-25f9-4afe-be03-ce72c852c5e7@group-E04F3042514A-SegmentedRaftLogWorker was interrupted, exiting. There are 0 tasks remaining in the queue.
2019-09-18 13:47:30,073 [grpc-default-executor-0] INFO  server.GrpcLogAppender (GrpcLogAppender.java:onCompleted(293)) - 1bd0f68f-f4aa-4051-9d98-01d4be462bcd@group-F508A6BF04EB->13e42da7-b798-4787-94f3-5705de2dc0e3-AppendLogResponseHandler: follower responses appendEntries COMPLETED
2019-09-18 13:47:30,074 [main] INFO  segmented.SegmentedRaftLogWorker (SegmentedRaftLogWorker.java:close(228)) - 7da8198c-25f9-4afe-be03-ce72c852c5e7@group-E04F3042514A-SegmentedRaftLogWorker close()
2019-09-18 13:47:30,074 [grpc-default-executor-0] INFO  impl.FollowerInfo (FollowerInfo.java:lambda$new$0(51)) - 1bd0f68f-f4aa-4051-9d98-01d4be462bcd@group-F508A6BF04EB->13e42da7-b798-4787-94f3-5705de2dc0e3: nextIndex: updateUnconditionally 9 -> 8
2019-09-18 13:47:30,076 [main] INFO  impl.RaftServerImpl (RaftServerImpl.java:lambda$shutdown$3(251)) - 7da8198c-25f9-4afe-be03-ce72c852c5e7@group-6BF900824CBD: shutdown
2019-09-18 13:47:30,077 [main] INFO  util.JmxRegister (JmxRegister.java:unregister(73)) - Successfully un-registered JMX Bean with object name Ratis:service=RaftServer,group=group-6BF900824CBD,id=7da8198c-25f9-4afe-be03-ce72c852c5e7
2019-09-18 13:47:30,078 [main] INFO  impl.RoleInfo (RoleInfo.java:shutdownFollowerState(121)) - 7da8198c-25f9-4afe-be03-ce72c852c5e7: shutdown FollowerState
2019-09-18 13:47:30,078 [main] INFO  impl.StateMachineUpdater (StateMachineUpdater.java:stopAndJoin(125)) - 7da8198c-25f9-4afe-be03-ce72c852c5e7@group-6BF900824CBD-StateMachineUpdater: set stopIndex = 1
2019-09-18 13:47:30,078 [Thread-1367] INFO  impl.FollowerState (FollowerState.java:run(115)) - 7da8198c-25f9-4afe-be03-ce72c852c5e7: FollowerState was interrupted: java.lang.InterruptedException: sleep interrupted
2019-09-18 13:47:30,079 [main] INFO  impl.RaftServerImpl (ServerState.java:close(385)) - 7da8198c-25f9-4afe-be03-ce72c852c5e7@group-6BF900824CBD: closes. applyIndex: 1
2019-09-18 13:47:30,081 [7da8198c-25f9-4afe-be03-ce72c852c5e7@group-6BF900824CBD-SegmentedRaftLogWorker] INFO  segmented.SegmentedRaftLogWorker (SegmentedRaftLogWorker.java:run(313)) - 7da8198c-25f9-4afe-be03-ce72c852c5e7@group-6BF900824CBD-SegmentedRaftLogWorker was interrupted, exiting. There are 0 tasks remaining in the queue.
2019-09-18 13:47:30,097 [main] INFO  segmented.SegmentedRaftLogWorker (SegmentedRaftLogWorker.java:close(228)) - 7da8198c-25f9-4afe-be03-ce72c852c5e7@group-6BF900824CBD-SegmentedRaftLogWorker close()
2019-09-18 13:47:30,097 [1bd0f68f-f4aa-4051-9d98-01d4be462bcd@group-F508A6BF04EB-StateMachineUpdater] INFO  ratis.ContainerStateMachine (ContainerStateMachine.java:takeSnapshot(300)) - group-F508A6BF04EB: Finished taking a snapshot at:(t:1, i:6) file:/workdir/hadoop-ozone/integration-test/target/test-dir/MiniOzoneClusterImpl-5927a352-8e01-48c7-b674-de64d96b5a66/datanode-2/data/ratis/84888843-c42f-404e-b03a-f508a6bf04eb/sm/snapshot.1_6 time:28
2019-09-18 13:47:30,100 [main] INFO  server.GrpcService (GrpcService.java:closeImpl(164)) - 7da8198c-25f9-4afe-be03-ce72c852c5e7: shutdown server with port 32829 now
2019-09-18 13:47:30,100 [1bd0f68f-f4aa-4051-9d98-01d4be462bcd@group-F508A6BF04EB-StateMachineUpdater] INFO  impl.StateMachineUpdater (StateMachineUpdater.java:takeSnapshot(258)) - 1bd0f68f-f4aa-4051-9d98-01d4be462bcd@group-F508A6BF04EB-StateMachineUpdater: Took a snapshot at index 6
2019-09-18 13:47:30,100 [1bd0f68f-f4aa-4051-9d98-01d4be462bcd@group-F508A6BF04EB-StateMachineUpdater] INFO  impl.StateMachineUpdater (StateMachineUpdater.java:lambda$new$0(83)) - 1bd0f68f-f4aa-4051-9d98-01d4be462bcd@group-F508A6BF04EB-StateMachineUpdater: snapshotIndex: updateIncreasingly -1 -> 6
2019-09-18 13:47:30,101 [1bd0f68f-f4aa-4051-9d98-01d4be462bcd@group-F508A6BF04EB-StateMachineUpdater] INFO  ratis.ContainerStateMachine (ContainerStateMachine.java:takeSnapshot(289)) - group-F508A6BF04EB: Taking a snapshot at:(t:1, i:6) file /workdir/hadoop-ozone/integration-test/target/test-dir/MiniOzoneClusterImpl-5927a352-8e01-48c7-b674-de64d96b5a66/datanode-2/data/ratis/84888843-c42f-404e-b03a-f508a6bf04eb/sm/snapshot.1_6
2019-09-18 13:47:30,101 [grpc-default-executor-6] WARN  server.GrpcServerProtocolService (LogUtils.java:warn(134)) - 7da8198c-25f9-4afe-be03-ce72c852c5e7: installSnapshot onError, lastRequest: 4a1c6203-118e-47eb-ba0e-2d5a78f22a0a->7da8198c-25f9-4afe-be03-ce72c852c5e7#2-t3, previous=(t:3, i:1), leaderCommit=1, initializing? false, entries: size=1, first=(t:3, i:2), METADATAENTRY(c1): org.apache.ratis.thirdparty.io.grpc.StatusRuntimeException: CANCELLED: cancelled before receiving half close
2019-09-18 13:47:30,101 [grpc-default-executor-0] WARN  server.GrpcLogAppender (LogUtils.java:warn(134)) - 4a1c6203-118e-47eb-ba0e-2d5a78f22a0a@group-6BF900824CBD->7da8198c-25f9-4afe-be03-ce72c852c5e7-AppendLogResponseHandler: Failed appendEntries: org.apache.ratis.thirdparty.io.grpc.StatusRuntimeException: CANCELLED: HTTP/2 error code: CANCEL
Received Rst Stream
2019-09-18 13:47:30,101 [main] INFO  server.GrpcService (GrpcService.java:closeImpl(172)) - 7da8198c-25f9-4afe-be03-ce72c852c5e7: shutdown server with port 32829 successfully
2019-09-18 13:47:30,105 [grpc-default-executor-0] INFO  impl.FollowerInfo (FollowerInfo.java:lambda$new$0(51)) - 4a1c6203-118e-47eb-ba0e-2d5a78f22a0a@group-6BF900824CBD->7da8198c-25f9-4afe-be03-ce72c852c5e7: nextIndex: updateUnconditionally 3 -> 2
2019-09-18 13:47:30,110 [refreshUsed-/workdir/hadoop-ozone/integration-test/target/test-dir/MiniOzoneClusterImpl-5927a352-8e01-48c7-b674-de64d96b5a66/datanode-3/data/containers] WARN  fs.CachingGetSpaceUsed (CachingGetSpaceUsed.java:run(183)) - Thread Interrupted waiting to refresh disk information: sleep interrupted
2019-09-18 13:47:30,114 [1bd0f68f-f4aa-4051-9d98-01d4be462bcd@group-F508A6BF04EB-StateMachineUpdater] INFO  ratis.ContainerStateMachine (ContainerStateMachine.java:takeSnapshot(300)) - group-F508A6BF04EB: Finished taking a snapshot at:(t:1, i:6) file:/workdir/hadoop-ozone/integration-test/target/test-dir/MiniOzoneClusterImpl-5927a352-8e01-48c7-b674-de64d96b5a66/datanode-2/data/ratis/84888843-c42f-404e-b03a-f508a6bf04eb/sm/snapshot.1_6 time:13
2019-09-18 13:47:30,115 [1bd0f68f-f4aa-4051-9d98-01d4be462bcd@group-F508A6BF04EB-StateMachineUpdater] INFO  impl.StateMachineUpdater (StateMachineUpdater.java:takeSnapshot(258)) - 1bd0f68f-f4aa-4051-9d98-01d4be462bcd@group-F508A6BF04EB-StateMachineUpdater: Took a snapshot at index 6
2019-09-18 13:47:30,115 [1bd0f68f-f4aa-4051-9d98-01d4be462bcd@group-F508A6BF04EB-StateMachineUpdater] INFO  impl.StateMachineUpdater (StateMachineUpdater.java:lambda$new$0(83)) - 1bd0f68f-f4aa-4051-9d98-01d4be462bcd@group-F508A6BF04EB-StateMachineUpdater: snapshotIndex: updateIncreasingly 6 -> 6
2019-09-18 13:47:30,115 [ForkJoinPool.commonPool-worker-0] INFO  impl.RaftServerImpl (ServerState.java:close(385)) - 1bd0f68f-f4aa-4051-9d98-01d4be462bcd@group-F508A6BF04EB: closes. applyIndex: 8
2019-09-18 13:47:30,116 [1bd0f68f-f4aa-4051-9d98-01d4be462bcd@group-F508A6BF04EB-SegmentedRaftLogWorker] INFO  segmented.SegmentedRaftLogWorker (SegmentedRaftLogWorker.java:run(313)) - 1bd0f68f-f4aa-4051-9d98-01d4be462bcd@group-F508A6BF04EB-SegmentedRaftLogWorker was interrupted, exiting. There are 0 tasks remaining in the queue.
2019-09-18 13:47:30,117 [ForkJoinPool.commonPool-worker-0] INFO  segmented.SegmentedRaftLogWorker (SegmentedRaftLogWorker.java:close(228)) - 1bd0f68f-f4aa-4051-9d98-01d4be462bcd@group-F508A6BF04EB-SegmentedRaftLogWorker close()
2019-09-18 13:47:30,119 [ForkJoinPool.commonPool-worker-0] INFO  server.GrpcService (GrpcService.java:closeImpl(164)) - 1bd0f68f-f4aa-4051-9d98-01d4be462bcd: shutdown server with port 34021 now
2019-09-18 13:47:30,119 [ForkJoinPool.commonPool-worker-0] INFO  server.GrpcService (GrpcService.java:closeImpl(172)) - 1bd0f68f-f4aa-4051-9d98-01d4be462bcd: shutdown server with port 34021 successfully
2019-09-18 13:47:30,121 [refreshUsed-/workdir/hadoop-ozone/integration-test/target/test-dir/MiniOzoneClusterImpl-5927a352-8e01-48c7-b674-de64d96b5a66/datanode-2/data/containers] WARN  fs.CachingGetSpaceUsed (CachingGetSpaceUsed.java:run(183)) - Thread Interrupted waiting to refresh disk information: sleep interrupted
2019-09-18 13:47:30,137 [ForkJoinPool.commonPool-worker-0] INFO  utils.BackgroundService (BackgroundService.java:shutdown(148)) - Shutting down service BlockDeletingService
2019-09-18 13:47:30,139 [main] INFO  utils.BackgroundService (BackgroundService.java:shutdown(148)) - Shutting down service BlockDeletingService
2019-09-18 13:47:30,142 [ForkJoinPool.commonPool-worker-0] INFO  statemachine.DatanodeStateMachine (DatanodeStateMachine.java:stopDaemon(395)) - Ozone container server stopped.
2019-09-18 13:47:30,148 [main] INFO  statemachine.DatanodeStateMachine (DatanodeStateMachine.java:stopDaemon(395)) - Ozone container server stopped.
2019-09-18 13:47:30,150 [ForkJoinPool.commonPool-worker-0] INFO  handler.ContextHandler (ContextHandler.java:doStop(910)) - Stopped o.e.j.w.WebAppContext@64e1377c{/,null,UNAVAILABLE}{/hddsDatanode}
2019-09-18 13:47:30,150 [main] INFO  handler.ContextHandler (ContextHandler.java:doStop(910)) - Stopped o.e.j.w.WebAppContext@f9cab00{/,null,UNAVAILABLE}{/hddsDatanode}
2019-09-18 13:47:30,150 [main] INFO  server.AbstractConnector (AbstractConnector.java:doStop(318)) - Stopped ServerConnector@10272bbb{HTTP/1.1,[http/1.1]}{0.0.0.0:0}
2019-09-18 13:47:30,151 [ForkJoinPool.commonPool-worker-0] INFO  server.AbstractConnector (AbstractConnector.java:doStop(318)) - Stopped ServerConnector@b0fd744{HTTP/1.1,[http/1.1]}{0.0.0.0:0}
2019-09-18 13:47:30,151 [main] INFO  handler.ContextHandler (ContextHandler.java:doStop(910)) - Stopped o.e.j.s.ServletContextHandler@497d4c96{/static,jar:file:/home/user/.m2/repository/org/apache/hadoop/hadoop-hdds-container-service/0.5.0-SNAPSHOT/hadoop-hdds-container-service-0.5.0-SNAPSHOT.jar!/webapps/static,UNAVAILABLE}
2019-09-18 13:47:30,152 [ForkJoinPool.commonPool-worker-0] INFO  handler.ContextHandler (ContextHandler.java:doStop(910)) - Stopped o.e.j.s.ServletContextHandler@250a9031{/static,jar:file:/home/user/.m2/repository/org/apache/hadoop/hadoop-hdds-container-service/0.5.0-SNAPSHOT/hadoop-hdds-container-service-0.5.0-SNAPSHOT.jar!/webapps/static,UNAVAILABLE}
2019-09-18 13:47:30,152 [main] INFO  handler.ContextHandler (ContextHandler.java:doStop(910)) - Stopped o.e.j.s.ServletContextHandler@7235f92b{/logs,file:///workdir/hadoop-ozone/integration-test/target/log,UNAVAILABLE}
2019-09-18 13:47:30,154 [ForkJoinPool.commonPool-worker-0] INFO  handler.ContextHandler (ContextHandler.java:doStop(910)) - Stopped o.e.j.s.ServletContextHandler@111d5c97{/logs,file:///workdir/hadoop-ozone/integration-test/target/log,UNAVAILABLE}
2019-09-18 13:47:30,524 [Datanode State Machine Thread - 0] INFO  statemachine.DatanodeStateMachine (DatanodeStateMachine.java:lambda$startDaemon$0(350)) - Ozone container server started.
2019-09-18 13:47:31,033 [Datanode State Machine Thread - 0] INFO  statemachine.DatanodeStateMachine (DatanodeStateMachine.java:lambda$startDaemon$0(350)) - Ozone container server started.
2019-09-18 13:47:31,474 [grpc-default-executor-6] WARN  server.GrpcLogAppender (LogUtils.java:warn(134)) - 4a1c6203-118e-47eb-ba0e-2d5a78f22a0a@group-6BF900824CBD->7da8198c-25f9-4afe-be03-ce72c852c5e7-AppendLogResponseHandler: Failed appendEntries: org.apache.ratis.thirdparty.io.grpc.StatusRuntimeException: UNAVAILABLE: io exception
2019-09-18 13:47:31,474 [grpc-default-executor-7] WARN  server.GrpcLogAppender (LogUtils.java:warn(134)) - 4a1c6203-118e-47eb-ba0e-2d5a78f22a0a@group-6BF900824CBD->190c8f4e-c6ca-4a74-8304-071ce80ebd18-AppendLogResponseHandler: Failed appendEntries: org.apache.ratis.thirdparty.io.grpc.StatusRuntimeException: UNAVAILABLE: io exception
2019-09-18 13:47:31,474 [grpc-default-executor-6] INFO  impl.FollowerInfo (FollowerInfo.java:lambda$new$0(51)) - 4a1c6203-118e-47eb-ba0e-2d5a78f22a0a@group-6BF900824CBD->7da8198c-25f9-4afe-be03-ce72c852c5e7: nextIndex: updateUnconditionally 2 -> 1
2019-09-18 13:47:31,474 [grpc-default-executor-7] INFO  impl.FollowerInfo (FollowerInfo.java:lambda$new$0(51)) - 4a1c6203-118e-47eb-ba0e-2d5a78f22a0a@group-6BF900824CBD->190c8f4e-c6ca-4a74-8304-071ce80ebd18: nextIndex: updateUnconditionally 0 -> 0
2019-09-18 13:47:33,987 [grpc-default-executor-6] WARN  server.GrpcLogAppender (LogUtils.java:warn(134)) - 4a1c6203-118e-47eb-ba0e-2d5a78f22a0a@group-6BF900824CBD->7da8198c-25f9-4afe-be03-ce72c852c5e7-AppendLogResponseHandler: Failed appendEntries: org.apache.ratis.thirdparty.io.grpc.StatusRuntimeException: UNAVAILABLE: io exception
2019-09-18 13:47:33,987 [grpc-default-executor-5] WARN  server.GrpcLogAppender (LogUtils.java:warn(134)) - 4a1c6203-118e-47eb-ba0e-2d5a78f22a0a@group-6BF900824CBD->190c8f4e-c6ca-4a74-8304-071ce80ebd18-AppendLogResponseHandler: Failed appendEntries: org.apache.ratis.thirdparty.io.grpc.StatusRuntimeException: UNAVAILABLE: io exception
2019-09-18 13:47:33,989 [grpc-default-executor-6] INFO  impl.FollowerInfo (FollowerInfo.java:lambda$new$0(51)) - 4a1c6203-118e-47eb-ba0e-2d5a78f22a0a@group-6BF900824CBD->7da8198c-25f9-4afe-be03-ce72c852c5e7: nextIndex: updateUnconditionally 1 -> 0
2019-09-18 13:47:33,989 [grpc-default-executor-5] INFO  impl.FollowerInfo (FollowerInfo.java:lambda$new$0(51)) - 4a1c6203-118e-47eb-ba0e-2d5a78f22a0a@group-6BF900824CBD->190c8f4e-c6ca-4a74-8304-071ce80ebd18: nextIndex: updateUnconditionally 0 -> 0
2019-09-18 13:47:34,152 [Thread-769] INFO  impl.FollowerState (FollowerState.java:run(106)) - 13e42da7-b798-4787-94f3-5705de2dc0e3:group-F508A6BF04EB changes to CANDIDATE, lastRpcTime:6536, electionTimeout:5049ms
2019-09-18 13:47:34,153 [Thread-769] INFO  impl.RoleInfo (RoleInfo.java:shutdownFollowerState(121)) - 13e42da7-b798-4787-94f3-5705de2dc0e3: shutdown FollowerState
2019-09-18 13:47:34,153 [Thread-769] INFO  impl.RaftServerImpl (RaftServerImpl.java:setRole(174)) - 13e42da7-b798-4787-94f3-5705de2dc0e3@group-F508A6BF04EB: changes role from  FOLLOWER to CANDIDATE at term 1 for changeToCandidate
2019-09-18 13:47:34,154 [Thread-769] INFO  impl.RoleInfo (RoleInfo.java:updateAndGet(143)) - 13e42da7-b798-4787-94f3-5705de2dc0e3: start LeaderElection
2019-09-18 13:47:34,171 [13e42da7-b798-4787-94f3-5705de2dc0e3@group-F508A6BF04EB:LeaderElection33] INFO  impl.RaftServerImpl (ServerState.java:setLeader(253)) - 13e42da7-b798-4787-94f3-5705de2dc0e3@group-F508A6BF04EB: change Leader from 1bd0f68f-f4aa-4051-9d98-01d4be462bcd to null at term 1 for initElection
2019-09-18 13:47:34,186 [13e42da7-b798-4787-94f3-5705de2dc0e3@group-F508A6BF04EB:LeaderElection33] INFO  impl.LeaderElection (LeaderElection.java:askForVotes(182)) - 13e42da7-b798-4787-94f3-5705de2dc0e3@group-F508A6BF04EB:LeaderElection33: begin an election at term 2 for 0: [aa82dec1-0876-47e1-b987-76a1ffe9ede1:192.168.69.108:39775, 13e42da7-b798-4787-94f3-5705de2dc0e3:192.168.69.108:41366, 1bd0f68f-f4aa-4051-9d98-01d4be462bcd:192.168.69.108:34021], old=null
2019-09-18 13:47:34,192 [13e42da7-b798-4787-94f3-5705de2dc0e3@group-F508A6BF04EB:LeaderElection33] INFO  impl.LeaderElection (LogUtils.java:infoOrTrace(149)) - 13e42da7-b798-4787-94f3-5705de2dc0e3@group-F508A6BF04EB:LeaderElection33 got exception when requesting votes: {}
java.util.concurrent.ExecutionException: org.apache.ratis.thirdparty.io.grpc.StatusRuntimeException: UNAVAILABLE: io exception
	at java.util.concurrent.FutureTask.report(FutureTask.java:122)
	at java.util.concurrent.FutureTask.get(FutureTask.java:192)
	at org.apache.ratis.server.impl.LeaderElection.waitForResults(LeaderElection.java:263)
	at org.apache.ratis.server.impl.LeaderElection.askForVotes(LeaderElection.java:201)
	at org.apache.ratis.server.impl.LeaderElection.run(LeaderElection.java:133)
	at java.lang.Thread.run(Thread.java:748)
Caused by: org.apache.ratis.thirdparty.io.grpc.StatusRuntimeException: UNAVAILABLE: io exception
	at org.apache.ratis.thirdparty.io.grpc.stub.ClientCalls.toStatusRuntimeException(ClientCalls.java:233)
	at org.apache.ratis.thirdparty.io.grpc.stub.ClientCalls.getUnchecked(ClientCalls.java:214)
	at org.apache.ratis.thirdparty.io.grpc.stub.ClientCalls.blockingUnaryCall(ClientCalls.java:139)
	at org.apache.ratis.proto.grpc.RaftServerProtocolServiceGrpc$RaftServerProtocolServiceBlockingStub.requestVote(RaftServerProtocolServiceGrpc.java:265)
	at org.apache.ratis.grpc.server.GrpcServerProtocolClient.requestVote(GrpcServerProtocolClient.java:90)
	at org.apache.ratis.grpc.server.GrpcService.requestVote(GrpcService.java:204)
	at org.apache.ratis.server.impl.LeaderElection.lambda$submitRequests$1(LeaderElection.java:238)
	at java.util.concurrent.FutureTask.run(FutureTask.java:266)
	at java.util.concurrent.Executors$RunnableAdapter.call(Executors.java:511)
	at java.util.concurrent.FutureTask.run(FutureTask.java:266)
	at java.util.concurrent.ThreadPoolExecutor.runWorker(ThreadPoolExecutor.java:1149)
	at java.util.concurrent.ThreadPoolExecutor$Worker.run(ThreadPoolExecutor.java:624)
	... 1 more
Caused by: org.apache.ratis.thirdparty.io.netty.channel.AbstractChannel$AnnotatedConnectException: Connection refused: /192.168.69.108:39775
	at sun.nio.ch.SocketChannelImpl.checkConnect(Native Method)
	at sun.nio.ch.SocketChannelImpl.finishConnect(SocketChannelImpl.java:717)
	at org.apache.ratis.thirdparty.io.netty.channel.socket.nio.NioSocketChannel.doFinishConnect(NioSocketChannel.java:327)
	at org.apache.ratis.thirdparty.io.netty.channel.nio.AbstractNioChannel$AbstractNioUnsafe.finishConnect(AbstractNioChannel.java:340)
	at org.apache.ratis.thirdparty.io.netty.channel.nio.NioEventLoop.processSelectedKey(NioEventLoop.java:632)
	at org.apache.ratis.thirdparty.io.netty.channel.nio.NioEventLoop.processSelectedKeysOptimized(NioEventLoop.java:579)
	at org.apache.ratis.thirdparty.io.netty.channel.nio.NioEventLoop.processSelectedKeys(NioEventLoop.java:496)
	at org.apache.ratis.thirdparty.io.netty.channel.nio.NioEventLoop.run(NioEventLoop.java:458)
	at org.apache.ratis.thirdparty.io.netty.util.concurrent.SingleThreadEventExecutor$5.run(SingleThreadEventExecutor.java:897)
	at org.apache.ratis.thirdparty.io.netty.util.concurrent.FastThreadLocalRunnable.run(FastThreadLocalRunnable.java:30)
	... 1 more
Caused by: java.net.ConnectException: Connection refused
	... 11 more
2019-09-18 13:47:34,196 [13e42da7-b798-4787-94f3-5705de2dc0e3@group-F508A6BF04EB:LeaderElection33] INFO  impl.LeaderElection (LogUtils.java:infoOrTrace(149)) - 13e42da7-b798-4787-94f3-5705de2dc0e3@group-F508A6BF04EB:LeaderElection33 got exception when requesting votes: {}
java.util.concurrent.ExecutionException: org.apache.ratis.thirdparty.io.grpc.StatusRuntimeException: UNAVAILABLE: io exception
	at java.util.concurrent.FutureTask.report(FutureTask.java:122)
	at java.util.concurrent.FutureTask.get(FutureTask.java:192)
	at org.apache.ratis.server.impl.LeaderElection.waitForResults(LeaderElection.java:263)
	at org.apache.ratis.server.impl.LeaderElection.askForVotes(LeaderElection.java:201)
	at org.apache.ratis.server.impl.LeaderElection.run(LeaderElection.java:133)
	at java.lang.Thread.run(Thread.java:748)
Caused by: org.apache.ratis.thirdparty.io.grpc.StatusRuntimeException: UNAVAILABLE: io exception
	at org.apache.ratis.thirdparty.io.grpc.stub.ClientCalls.toStatusRuntimeException(ClientCalls.java:233)
	at org.apache.ratis.thirdparty.io.grpc.stub.ClientCalls.getUnchecked(ClientCalls.java:214)
	at org.apache.ratis.thirdparty.io.grpc.stub.ClientCalls.blockingUnaryCall(ClientCalls.java:139)
	at org.apache.ratis.proto.grpc.RaftServerProtocolServiceGrpc$RaftServerProtocolServiceBlockingStub.requestVote(RaftServerProtocolServiceGrpc.java:265)
	at org.apache.ratis.grpc.server.GrpcServerProtocolClient.requestVote(GrpcServerProtocolClient.java:90)
	at org.apache.ratis.grpc.server.GrpcService.requestVote(GrpcService.java:204)
	at org.apache.ratis.server.impl.LeaderElection.lambda$submitRequests$1(LeaderElection.java:238)
	at java.util.concurrent.FutureTask.run(FutureTask.java:266)
	at java.util.concurrent.Executors$RunnableAdapter.call(Executors.java:511)
	at java.util.concurrent.FutureTask.run(FutureTask.java:266)
	at java.util.concurrent.ThreadPoolExecutor.runWorker(ThreadPoolExecutor.java:1149)
	at java.util.concurrent.ThreadPoolExecutor$Worker.run(ThreadPoolExecutor.java:624)
	... 1 more
Caused by: org.apache.ratis.thirdparty.io.netty.channel.AbstractChannel$AnnotatedConnectException: Connection refused: /192.168.69.108:34021
	at sun.nio.ch.SocketChannelImpl.checkConnect(Native Method)
	at sun.nio.ch.SocketChannelImpl.finishConnect(SocketChannelImpl.java:717)
	at org.apache.ratis.thirdparty.io.netty.channel.socket.nio.NioSocketChannel.doFinishConnect(NioSocketChannel.java:327)
	at org.apache.ratis.thirdparty.io.netty.channel.nio.AbstractNioChannel$AbstractNioUnsafe.finishConnect(AbstractNioChannel.java:340)
	at org.apache.ratis.thirdparty.io.netty.channel.nio.NioEventLoop.processSelectedKey(NioEventLoop.java:632)
	at org.apache.ratis.thirdparty.io.netty.channel.nio.NioEventLoop.processSelectedKeysOptimized(NioEventLoop.java:579)
	at org.apache.ratis.thirdparty.io.netty.channel.nio.NioEventLoop.processSelectedKeys(NioEventLoop.java:496)
	at org.apache.ratis.thirdparty.io.netty.channel.nio.NioEventLoop.run(NioEventLoop.java:458)
	at org.apache.ratis.thirdparty.io.netty.util.concurrent.SingleThreadEventExecutor$5.run(SingleThreadEventExecutor.java:897)
	at org.apache.ratis.thirdparty.io.netty.util.concurrent.FastThreadLocalRunnable.run(FastThreadLocalRunnable.java:30)
	... 1 more
Caused by: java.net.ConnectException: Connection refused
	... 11 more
2019-09-18 13:47:34,198 [13e42da7-b798-4787-94f3-5705de2dc0e3@group-F508A6BF04EB:LeaderElection33] INFO  impl.LeaderElection (LeaderElection.java:logAndReturn(56)) - 13e42da7-b798-4787-94f3-5705de2dc0e3@group-F508A6BF04EB:LeaderElection33: Election REJECTED; received 0 response(s) [] and 2 exception(s); 13e42da7-b798-4787-94f3-5705de2dc0e3@group-F508A6BF04EB:t2, leader=null, voted=13e42da7-b798-4787-94f3-5705de2dc0e3, raftlog=13e42da7-b798-4787-94f3-5705de2dc0e3@group-F508A6BF04EB-SegmentedRaftLog:OPENED:c8,f8,i8, conf=0: [aa82dec1-0876-47e1-b987-76a1ffe9ede1:192.168.69.108:39775, 13e42da7-b798-4787-94f3-5705de2dc0e3:192.168.69.108:41366, 1bd0f68f-f4aa-4051-9d98-01d4be462bcd:192.168.69.108:34021], old=null
2019-09-18 13:47:34,198 [13e42da7-b798-4787-94f3-5705de2dc0e3@group-F508A6BF04EB:LeaderElection33] INFO  impl.LeaderElection (LogUtils.java:infoOrTrace(149)) -   Exception 0: {}
java.util.concurrent.ExecutionException: org.apache.ratis.thirdparty.io.grpc.StatusRuntimeException: UNAVAILABLE: io exception
	at java.util.concurrent.FutureTask.report(FutureTask.java:122)
	at java.util.concurrent.FutureTask.get(FutureTask.java:192)
	at org.apache.ratis.server.impl.LeaderElection.waitForResults(LeaderElection.java:263)
	at org.apache.ratis.server.impl.LeaderElection.askForVotes(LeaderElection.java:201)
	at org.apache.ratis.server.impl.LeaderElection.run(LeaderElection.java:133)
	at java.lang.Thread.run(Thread.java:748)
Caused by: org.apache.ratis.thirdparty.io.grpc.StatusRuntimeException: UNAVAILABLE: io exception
	at org.apache.ratis.thirdparty.io.grpc.stub.ClientCalls.toStatusRuntimeException(ClientCalls.java:233)
	at org.apache.ratis.thirdparty.io.grpc.stub.ClientCalls.getUnchecked(ClientCalls.java:214)
	at org.apache.ratis.thirdparty.io.grpc.stub.ClientCalls.blockingUnaryCall(ClientCalls.java:139)
	at org.apache.ratis.proto.grpc.RaftServerProtocolServiceGrpc$RaftServerProtocolServiceBlockingStub.requestVote(RaftServerProtocolServiceGrpc.java:265)
	at org.apache.ratis.grpc.server.GrpcServerProtocolClient.requestVote(GrpcServerProtocolClient.java:90)
	at org.apache.ratis.grpc.server.GrpcService.requestVote(GrpcService.java:204)
	at org.apache.ratis.server.impl.LeaderElection.lambda$submitRequests$1(LeaderElection.java:238)
	at java.util.concurrent.FutureTask.run(FutureTask.java:266)
	at java.util.concurrent.Executors$RunnableAdapter.call(Executors.java:511)
	at java.util.concurrent.FutureTask.run(FutureTask.java:266)
	at java.util.concurrent.ThreadPoolExecutor.runWorker(ThreadPoolExecutor.java:1149)
	at java.util.concurrent.ThreadPoolExecutor$Worker.run(ThreadPoolExecutor.java:624)
	... 1 more
Caused by: org.apache.ratis.thirdparty.io.netty.channel.AbstractChannel$AnnotatedConnectException: Connection refused: /192.168.69.108:39775
	at sun.nio.ch.SocketChannelImpl.checkConnect(Native Method)
	at sun.nio.ch.SocketChannelImpl.finishConnect(SocketChannelImpl.java:717)
	at org.apache.ratis.thirdparty.io.netty.channel.socket.nio.NioSocketChannel.doFinishConnect(NioSocketChannel.java:327)
	at org.apache.ratis.thirdparty.io.netty.channel.nio.AbstractNioChannel$AbstractNioUnsafe.finishConnect(AbstractNioChannel.java:340)
	at org.apache.ratis.thirdparty.io.netty.channel.nio.NioEventLoop.processSelectedKey(NioEventLoop.java:632)
	at org.apache.ratis.thirdparty.io.netty.channel.nio.NioEventLoop.processSelectedKeysOptimized(NioEventLoop.java:579)
	at org.apache.ratis.thirdparty.io.netty.channel.nio.NioEventLoop.processSelectedKeys(NioEventLoop.java:496)
	at org.apache.ratis.thirdparty.io.netty.channel.nio.NioEventLoop.run(NioEventLoop.java:458)
	at org.apache.ratis.thirdparty.io.netty.util.concurrent.SingleThreadEventExecutor$5.run(SingleThreadEventExecutor.java:897)
	at org.apache.ratis.thirdparty.io.netty.util.concurrent.FastThreadLocalRunnable.run(FastThreadLocalRunnable.java:30)
	... 1 more
Caused by: java.net.ConnectException: Connection refused
	... 11 more
2019-09-18 13:47:34,199 [13e42da7-b798-4787-94f3-5705de2dc0e3@group-F508A6BF04EB:LeaderElection33] INFO  impl.LeaderElection (LogUtils.java:infoOrTrace(149)) -   Exception 1: {}
java.util.concurrent.ExecutionException: org.apache.ratis.thirdparty.io.grpc.StatusRuntimeException: UNAVAILABLE: io exception
	at java.util.concurrent.FutureTask.report(FutureTask.java:122)
	at java.util.concurrent.FutureTask.get(FutureTask.java:192)
	at org.apache.ratis.server.impl.LeaderElection.waitForResults(LeaderElection.java:263)
	at org.apache.ratis.server.impl.LeaderElection.askForVotes(LeaderElection.java:201)
	at org.apache.ratis.server.impl.LeaderElection.run(LeaderElection.java:133)
	at java.lang.Thread.run(Thread.java:748)
Caused by: org.apache.ratis.thirdparty.io.grpc.StatusRuntimeException: UNAVAILABLE: io exception
	at org.apache.ratis.thirdparty.io.grpc.stub.ClientCalls.toStatusRuntimeException(ClientCalls.java:233)
	at org.apache.ratis.thirdparty.io.grpc.stub.ClientCalls.getUnchecked(ClientCalls.java:214)
	at org.apache.ratis.thirdparty.io.grpc.stub.ClientCalls.blockingUnaryCall(ClientCalls.java:139)
	at org.apache.ratis.proto.grpc.RaftServerProtocolServiceGrpc$RaftServerProtocolServiceBlockingStub.requestVote(RaftServerProtocolServiceGrpc.java:265)
	at org.apache.ratis.grpc.server.GrpcServerProtocolClient.requestVote(GrpcServerProtocolClient.java:90)
	at org.apache.ratis.grpc.server.GrpcService.requestVote(GrpcService.java:204)
	at org.apache.ratis.server.impl.LeaderElection.lambda$submitRequests$1(LeaderElection.java:238)
	at java.util.concurrent.FutureTask.run(FutureTask.java:266)
	at java.util.concurrent.Executors$RunnableAdapter.call(Executors.java:511)
	at java.util.concurrent.FutureTask.run(FutureTask.java:266)
	at java.util.concurrent.ThreadPoolExecutor.runWorker(ThreadPoolExecutor.java:1149)
	at java.util.concurrent.ThreadPoolExecutor$Worker.run(ThreadPoolExecutor.java:624)
	... 1 more
Caused by: org.apache.ratis.thirdparty.io.netty.channel.AbstractChannel$AnnotatedConnectException: Connection refused: /192.168.69.108:34021
	at sun.nio.ch.SocketChannelImpl.checkConnect(Native Method)
	at sun.nio.ch.SocketChannelImpl.finishConnect(SocketChannelImpl.java:717)
	at org.apache.ratis.thirdparty.io.netty.channel.socket.nio.NioSocketChannel.doFinishConnect(NioSocketChannel.java:327)
	at org.apache.ratis.thirdparty.io.netty.channel.nio.AbstractNioChannel$AbstractNioUnsafe.finishConnect(AbstractNioChannel.java:340)
	at org.apache.ratis.thirdparty.io.netty.channel.nio.NioEventLoop.processSelectedKey(NioEventLoop.java:632)
	at org.apache.ratis.thirdparty.io.netty.channel.nio.NioEventLoop.processSelectedKeysOptimized(NioEventLoop.java:579)
	at org.apache.ratis.thirdparty.io.netty.channel.nio.NioEventLoop.processSelectedKeys(NioEventLoop.java:496)
	at org.apache.ratis.thirdparty.io.netty.channel.nio.NioEventLoop.run(NioEventLoop.java:458)
	at org.apache.ratis.thirdparty.io.netty.util.concurrent.SingleThreadEventExecutor$5.run(SingleThreadEventExecutor.java:897)
	at org.apache.ratis.thirdparty.io.netty.util.concurrent.FastThreadLocalRunnable.run(FastThreadLocalRunnable.java:30)
	... 1 more
Caused by: java.net.ConnectException: Connection refused
	... 11 more
2019-09-18 13:47:34,200 [13e42da7-b798-4787-94f3-5705de2dc0e3@group-F508A6BF04EB:LeaderElection33] INFO  impl.RaftServerImpl (RaftServerImpl.java:setRole(174)) - 13e42da7-b798-4787-94f3-5705de2dc0e3@group-F508A6BF04EB: changes role from CANDIDATE to FOLLOWER at term 2 for DISCOVERED_A_NEW_TERM
2019-09-18 13:47:34,200 [13e42da7-b798-4787-94f3-5705de2dc0e3@group-F508A6BF04EB:LeaderElection33] INFO  impl.RoleInfo (RoleInfo.java:shutdownLeaderElection(134)) - 13e42da7-b798-4787-94f3-5705de2dc0e3: shutdown LeaderElection
2019-09-18 13:47:34,200 [13e42da7-b798-4787-94f3-5705de2dc0e3@group-F508A6BF04EB:LeaderElection33] INFO  impl.RoleInfo (RoleInfo.java:updateAndGet(143)) - 13e42da7-b798-4787-94f3-5705de2dc0e3: start FollowerState
2019-09-18 13:47:35,157 [ForkJoinPool.commonPool-worker-0] INFO  ozoneimpl.OzoneContainer (OzoneContainer.java:stop(231)) - Attempting to stop container services.
2019-09-18 13:47:35,157 [main] INFO  ozoneimpl.OzoneContainer (OzoneContainer.java:stop(231)) - Attempting to stop container services.
2019-09-18 13:47:35,162 [ForkJoinPool.commonPool-worker-0] INFO  impl.RaftServerProxy (RaftServerProxy.java:lambda$close$4(314)) - 13e42da7-b798-4787-94f3-5705de2dc0e3: close
2019-09-18 13:47:35,162 [main] INFO  impl.RaftServerProxy (RaftServerProxy.java:lambda$close$4(314)) - a1745d66-bb02-4668-ae89-a39d3a996f91: close
2019-09-18 13:47:35,163 [ForkJoinPool.commonPool-worker-0] INFO  impl.RaftServerImpl (RaftServerImpl.java:lambda$shutdown$3(251)) - 13e42da7-b798-4787-94f3-5705de2dc0e3@group-7FD1E0A178BF: shutdown
2019-09-18 13:47:35,163 [main] INFO  server.GrpcService (GrpcService.java:closeImpl(164)) - a1745d66-bb02-4668-ae89-a39d3a996f91: shutdown server with port 35253 now
2019-09-18 13:47:35,163 [ForkJoinPool.commonPool-worker-0] INFO  util.JmxRegister (JmxRegister.java:unregister(73)) - Successfully un-registered JMX Bean with object name Ratis:service=RaftServer,group=group-7FD1E0A178BF,id=13e42da7-b798-4787-94f3-5705de2dc0e3
2019-09-18 13:47:35,164 [main] INFO  server.GrpcService (GrpcService.java:closeImpl(172)) - a1745d66-bb02-4668-ae89-a39d3a996f91: shutdown server with port 35253 successfully
2019-09-18 13:47:35,164 [ForkJoinPool.commonPool-worker-0] INFO  impl.RoleInfo (RoleInfo.java:shutdownLeaderState(104)) - 13e42da7-b798-4787-94f3-5705de2dc0e3: shutdown LeaderState
2019-09-18 13:47:35,165 [ForkJoinPool.commonPool-worker-0] INFO  impl.PendingRequests (PendingRequests.java:sendNotLeaderResponses(202)) - 13e42da7-b798-4787-94f3-5705de2dc0e3-PendingRequests: sendNotLeaderResponses
2019-09-18 13:47:35,166 [ForkJoinPool.commonPool-worker-0] INFO  impl.StateMachineUpdater (StateMachineUpdater.java:stopAndJoin(125)) - 13e42da7-b798-4787-94f3-5705de2dc0e3@group-7FD1E0A178BF-StateMachineUpdater: set stopIndex = 0
2019-09-18 13:47:35,167 [refreshUsed-/workdir/hadoop-ozone/integration-test/target/test-dir/MiniOzoneClusterImpl-5927a352-8e01-48c7-b674-de64d96b5a66/datanode-6/data/containers] WARN  fs.CachingGetSpaceUsed (CachingGetSpaceUsed.java:run(183)) - Thread Interrupted waiting to refresh disk information: sleep interrupted
2019-09-18 13:47:35,168 [ForkJoinPool.commonPool-worker-0] INFO  impl.RaftServerImpl (ServerState.java:close(385)) - 13e42da7-b798-4787-94f3-5705de2dc0e3@group-7FD1E0A178BF: closes. applyIndex: 0
2019-09-18 13:47:35,169 [13e42da7-b798-4787-94f3-5705de2dc0e3@group-7FD1E0A178BF-SegmentedRaftLogWorker] INFO  segmented.SegmentedRaftLogWorker (SegmentedRaftLogWorker.java:run(313)) - 13e42da7-b798-4787-94f3-5705de2dc0e3@group-7FD1E0A178BF-SegmentedRaftLogWorker was interrupted, exiting. There are 0 tasks remaining in the queue.
2019-09-18 13:47:35,173 [ForkJoinPool.commonPool-worker-0] INFO  segmented.SegmentedRaftLogWorker (SegmentedRaftLogWorker.java:close(228)) - 13e42da7-b798-4787-94f3-5705de2dc0e3@group-7FD1E0A178BF-SegmentedRaftLogWorker close()
2019-09-18 13:47:35,174 [ForkJoinPool.commonPool-worker-0] INFO  impl.RaftServerImpl (RaftServerImpl.java:lambda$shutdown$3(251)) - 13e42da7-b798-4787-94f3-5705de2dc0e3@group-F508A6BF04EB: shutdown
2019-09-18 13:47:35,174 [ForkJoinPool.commonPool-worker-0] INFO  util.JmxRegister (JmxRegister.java:unregister(73)) - Successfully un-registered JMX Bean with object name Ratis:service=RaftServer,group=group-F508A6BF04EB,id=13e42da7-b798-4787-94f3-5705de2dc0e3
2019-09-18 13:47:35,174 [ForkJoinPool.commonPool-worker-0] INFO  impl.RoleInfo (RoleInfo.java:shutdownFollowerState(121)) - 13e42da7-b798-4787-94f3-5705de2dc0e3: shutdown FollowerState
2019-09-18 13:47:35,175 [ForkJoinPool.commonPool-worker-0] INFO  impl.StateMachineUpdater (StateMachineUpdater.java:stopAndJoin(125)) - 13e42da7-b798-4787-94f3-5705de2dc0e3@group-F508A6BF04EB-StateMachineUpdater: set stopIndex = 8
2019-09-18 13:47:35,175 [Thread-1379] INFO  impl.FollowerState (FollowerState.java:run(115)) - 13e42da7-b798-4787-94f3-5705de2dc0e3: FollowerState was interrupted: java.lang.InterruptedException: sleep interrupted
2019-09-18 13:47:35,175 [13e42da7-b798-4787-94f3-5705de2dc0e3@group-F508A6BF04EB-StateMachineUpdater] INFO  ratis.ContainerStateMachine (ContainerStateMachine.java:takeSnapshot(289)) - group-F508A6BF04EB: Taking a snapshot at:(t:1, i:6) file /workdir/hadoop-ozone/integration-test/target/test-dir/MiniOzoneClusterImpl-5927a352-8e01-48c7-b674-de64d96b5a66/datanode-0/data/ratis/84888843-c42f-404e-b03a-f508a6bf04eb/sm/snapshot.1_6
2019-09-18 13:47:35,190 [13e42da7-b798-4787-94f3-5705de2dc0e3@group-F508A6BF04EB-StateMachineUpdater] INFO  ratis.ContainerStateMachine (ContainerStateMachine.java:takeSnapshot(300)) - group-F508A6BF04EB: Finished taking a snapshot at:(t:1, i:6) file:/workdir/hadoop-ozone/integration-test/target/test-dir/MiniOzoneClusterImpl-5927a352-8e01-48c7-b674-de64d96b5a66/datanode-0/data/ratis/84888843-c42f-404e-b03a-f508a6bf04eb/sm/snapshot.1_6 time:16
2019-09-18 13:47:35,191 [13e42da7-b798-4787-94f3-5705de2dc0e3@group-F508A6BF04EB-StateMachineUpdater] INFO  impl.StateMachineUpdater (StateMachineUpdater.java:takeSnapshot(258)) - 13e42da7-b798-4787-94f3-5705de2dc0e3@group-F508A6BF04EB-StateMachineUpdater: Took a snapshot at index 6
2019-09-18 13:47:35,191 [13e42da7-b798-4787-94f3-5705de2dc0e3@group-F508A6BF04EB-StateMachineUpdater] INFO  impl.StateMachineUpdater (StateMachineUpdater.java:lambda$new$0(83)) - 13e42da7-b798-4787-94f3-5705de2dc0e3@group-F508A6BF04EB-StateMachineUpdater: snapshotIndex: updateIncreasingly -1 -> 6
2019-09-18 13:47:35,192 [13e42da7-b798-4787-94f3-5705de2dc0e3@group-F508A6BF04EB-StateMachineUpdater] INFO  ratis.ContainerStateMachine (ContainerStateMachine.java:takeSnapshot(289)) - group-F508A6BF04EB: Taking a snapshot at:(t:1, i:6) file /workdir/hadoop-ozone/integration-test/target/test-dir/MiniOzoneClusterImpl-5927a352-8e01-48c7-b674-de64d96b5a66/datanode-0/data/ratis/84888843-c42f-404e-b03a-f508a6bf04eb/sm/snapshot.1_6
2019-09-18 13:47:35,193 [main] INFO  utils.BackgroundService (BackgroundService.java:shutdown(148)) - Shutting down service BlockDeletingService
2019-09-18 13:47:35,197 [main] INFO  statemachine.DatanodeStateMachine (DatanodeStateMachine.java:stopDaemon(395)) - Ozone container server stopped.
2019-09-18 13:47:35,199 [main] INFO  handler.ContextHandler (ContextHandler.java:doStop(910)) - Stopped o.e.j.w.WebAppContext@5f5827d0{/,null,UNAVAILABLE}{/hddsDatanode}
2019-09-18 13:47:35,200 [main] INFO  server.AbstractConnector (AbstractConnector.java:doStop(318)) - Stopped ServerConnector@58a2d9f9{HTTP/1.1,[http/1.1]}{0.0.0.0:0}
2019-09-18 13:47:35,201 [main] INFO  handler.ContextHandler (ContextHandler.java:doStop(910)) - Stopped o.e.j.s.ServletContextHandler@55f4887d{/static,jar:file:/home/user/.m2/repository/org/apache/hadoop/hadoop-hdds-container-service/0.5.0-SNAPSHOT/hadoop-hdds-container-service-0.5.0-SNAPSHOT.jar!/webapps/static,UNAVAILABLE}
2019-09-18 13:47:35,201 [main] INFO  handler.ContextHandler (ContextHandler.java:doStop(910)) - Stopped o.e.j.s.ServletContextHandler@2d74c81b{/logs,file:///workdir/hadoop-ozone/integration-test/target/log,UNAVAILABLE}
2019-09-18 13:47:35,204 [13e42da7-b798-4787-94f3-5705de2dc0e3@group-F508A6BF04EB-StateMachineUpdater] INFO  ratis.ContainerStateMachine (ContainerStateMachine.java:takeSnapshot(300)) - group-F508A6BF04EB: Finished taking a snapshot at:(t:1, i:6) file:/workdir/hadoop-ozone/integration-test/target/test-dir/MiniOzoneClusterImpl-5927a352-8e01-48c7-b674-de64d96b5a66/datanode-0/data/ratis/84888843-c42f-404e-b03a-f508a6bf04eb/sm/snapshot.1_6 time:13
2019-09-18 13:47:35,205 [13e42da7-b798-4787-94f3-5705de2dc0e3@group-F508A6BF04EB-StateMachineUpdater] INFO  impl.StateMachineUpdater (StateMachineUpdater.java:takeSnapshot(258)) - 13e42da7-b798-4787-94f3-5705de2dc0e3@group-F508A6BF04EB-StateMachineUpdater: Took a snapshot at index 6
2019-09-18 13:47:35,205 [13e42da7-b798-4787-94f3-5705de2dc0e3@group-F508A6BF04EB-StateMachineUpdater] INFO  impl.StateMachineUpdater (StateMachineUpdater.java:lambda$new$0(83)) - 13e42da7-b798-4787-94f3-5705de2dc0e3@group-F508A6BF04EB-StateMachineUpdater: snapshotIndex: updateIncreasingly 6 -> 6
2019-09-18 13:47:35,205 [ForkJoinPool.commonPool-worker-0] INFO  impl.RaftServerImpl (ServerState.java:close(385)) - 13e42da7-b798-4787-94f3-5705de2dc0e3@group-F508A6BF04EB: closes. applyIndex: 8
2019-09-18 13:47:35,206 [13e42da7-b798-4787-94f3-5705de2dc0e3@group-F508A6BF04EB-SegmentedRaftLogWorker] INFO  segmented.SegmentedRaftLogWorker (SegmentedRaftLogWorker.java:run(313)) - 13e42da7-b798-4787-94f3-5705de2dc0e3@group-F508A6BF04EB-SegmentedRaftLogWorker was interrupted, exiting. There are 0 tasks remaining in the queue.
2019-09-18 13:47:35,207 [ForkJoinPool.commonPool-worker-0] INFO  segmented.SegmentedRaftLogWorker (SegmentedRaftLogWorker.java:close(228)) - 13e42da7-b798-4787-94f3-5705de2dc0e3@group-F508A6BF04EB-SegmentedRaftLogWorker close()
2019-09-18 13:47:35,211 [ForkJoinPool.commonPool-worker-0] INFO  server.GrpcService (GrpcService.java:closeImpl(164)) - 13e42da7-b798-4787-94f3-5705de2dc0e3: shutdown server with port 41366 now
2019-09-18 13:47:35,212 [ForkJoinPool.commonPool-worker-0] INFO  server.GrpcService (GrpcService.java:closeImpl(172)) - 13e42da7-b798-4787-94f3-5705de2dc0e3: shutdown server with port 41366 successfully
2019-09-18 13:47:35,214 [refreshUsed-/workdir/hadoop-ozone/integration-test/target/test-dir/MiniOzoneClusterImpl-5927a352-8e01-48c7-b674-de64d96b5a66/datanode-0/data/containers] WARN  fs.CachingGetSpaceUsed (CachingGetSpaceUsed.java:run(183)) - Thread Interrupted waiting to refresh disk information: sleep interrupted
2019-09-18 13:47:35,215 [grpc-default-executor-5] WARN  client.GrpcClientProtocolService (LogUtils.java:warn(134)) - 43-OrderedRequestStreamObserver43: onError: org.apache.ratis.thirdparty.io.grpc.StatusRuntimeException: CANCELLED: cancelled before receiving half close
2019-09-18 13:47:35,230 [ForkJoinPool.commonPool-worker-0] INFO  utils.BackgroundService (BackgroundService.java:shutdown(148)) - Shutting down service BlockDeletingService
2019-09-18 13:47:35,233 [ForkJoinPool.commonPool-worker-0] INFO  statemachine.DatanodeStateMachine (DatanodeStateMachine.java:stopDaemon(395)) - Ozone container server stopped.
2019-09-18 13:47:35,236 [ForkJoinPool.commonPool-worker-0] INFO  handler.ContextHandler (ContextHandler.java:doStop(910)) - Stopped o.e.j.w.WebAppContext@63300c4b{/,null,UNAVAILABLE}{/hddsDatanode}
2019-09-18 13:47:35,236 [ForkJoinPool.commonPool-worker-0] INFO  server.AbstractConnector (AbstractConnector.java:doStop(318)) - Stopped ServerConnector@22c53d82{HTTP/1.1,[http/1.1]}{0.0.0.0:0}
2019-09-18 13:47:35,239 [ForkJoinPool.commonPool-worker-0] INFO  handler.ContextHandler (ContextHandler.java:doStop(910)) - Stopped o.e.j.s.ServletContextHandler@431e86b1{/static,jar:file:/home/user/.m2/repository/org/apache/hadoop/hadoop-hdds-container-service/0.5.0-SNAPSHOT/hadoop-hdds-container-service-0.5.0-SNAPSHOT.jar!/webapps/static,UNAVAILABLE}
2019-09-18 13:47:35,239 [ForkJoinPool.commonPool-worker-0] INFO  handler.ContextHandler (ContextHandler.java:doStop(910)) - Stopped o.e.j.s.ServletContextHandler@786ff1cb{/logs,file:///workdir/hadoop-ozone/integration-test/target/log,UNAVAILABLE}
2019-09-18 13:47:35,819 [Datanode State Machine Thread - 0] INFO  statemachine.DatanodeStateMachine (DatanodeStateMachine.java:lambda$startDaemon$0(350)) - Ozone container server started.
2019-09-18 13:47:36,477 [grpc-default-executor-5] WARN  server.GrpcLogAppender (LogUtils.java:warn(134)) - 4a1c6203-118e-47eb-ba0e-2d5a78f22a0a@group-6BF900824CBD->7da8198c-25f9-4afe-be03-ce72c852c5e7-AppendLogResponseHandler: Failed appendEntries: org.apache.ratis.thirdparty.io.grpc.StatusRuntimeException: UNAVAILABLE: io exception
2019-09-18 13:47:36,477 [grpc-default-executor-4] WARN  server.GrpcLogAppender (LogUtils.java:warn(134)) - 4a1c6203-118e-47eb-ba0e-2d5a78f22a0a@group-6BF900824CBD->190c8f4e-c6ca-4a74-8304-071ce80ebd18-AppendLogResponseHandler: Failed appendEntries: org.apache.ratis.thirdparty.io.grpc.StatusRuntimeException: UNAVAILABLE: io exception
2019-09-18 13:47:36,478 [grpc-default-executor-5] INFO  impl.FollowerInfo (FollowerInfo.java:lambda$new$0(51)) - 4a1c6203-118e-47eb-ba0e-2d5a78f22a0a@group-6BF900824CBD->7da8198c-25f9-4afe-be03-ce72c852c5e7: nextIndex: updateUnconditionally 0 -> 0
2019-09-18 13:47:36,478 [grpc-default-executor-4] INFO  impl.FollowerInfo (FollowerInfo.java:lambda$new$0(51)) - 4a1c6203-118e-47eb-ba0e-2d5a78f22a0a@group-6BF900824CBD->190c8f4e-c6ca-4a74-8304-071ce80ebd18: nextIndex: updateUnconditionally 0 -> 0
2019-09-18 13:47:38,987 [grpc-default-executor-5] WARN  server.GrpcLogAppender (LogUtils.java:warn(134)) - 4a1c6203-118e-47eb-ba0e-2d5a78f22a0a@group-6BF900824CBD->190c8f4e-c6ca-4a74-8304-071ce80ebd18-AppendLogResponseHandler: Failed appendEntries: org.apache.ratis.thirdparty.io.grpc.StatusRuntimeException: UNAVAILABLE: io exception
2019-09-18 13:47:38,987 [grpc-default-executor-6] WARN  server.GrpcLogAppender (LogUtils.java:warn(134)) - 4a1c6203-118e-47eb-ba0e-2d5a78f22a0a@group-6BF900824CBD->7da8198c-25f9-4afe-be03-ce72c852c5e7-AppendLogResponseHandler: Failed appendEntries: org.apache.ratis.thirdparty.io.grpc.StatusRuntimeException: UNAVAILABLE: io exception
2019-09-18 13:47:38,989 [grpc-default-executor-5] INFO  impl.FollowerInfo (FollowerInfo.java:lambda$new$0(51)) - 4a1c6203-118e-47eb-ba0e-2d5a78f22a0a@group-6BF900824CBD->190c8f4e-c6ca-4a74-8304-071ce80ebd18: nextIndex: updateUnconditionally 0 -> 0
2019-09-18 13:47:38,989 [grpc-default-executor-6] INFO  impl.FollowerInfo (FollowerInfo.java:lambda$new$0(51)) - 4a1c6203-118e-47eb-ba0e-2d5a78f22a0a@group-6BF900824CBD->7da8198c-25f9-4afe-be03-ce72c852c5e7: nextIndex: updateUnconditionally 0 -> 0
2019-09-18 13:47:40,204 [main] INFO  ozoneimpl.OzoneContainer (OzoneContainer.java:stop(231)) - Attempting to stop container services.
2019-09-18 13:47:40,206 [main] INFO  impl.RaftServerProxy (RaftServerProxy.java:lambda$close$4(314)) - 4a1c6203-118e-47eb-ba0e-2d5a78f22a0a: close
2019-09-18 13:47:40,208 [main] INFO  impl.RaftServerImpl (RaftServerImpl.java:lambda$shutdown$3(251)) - 4a1c6203-118e-47eb-ba0e-2d5a78f22a0a@group-6BF900824CBD: shutdown
2019-09-18 13:47:40,208 [main] INFO  util.JmxRegister (JmxRegister.java:unregister(73)) - Successfully un-registered JMX Bean with object name Ratis:service=RaftServer,group=group-6BF900824CBD,id=4a1c6203-118e-47eb-ba0e-2d5a78f22a0a
2019-09-18 13:47:40,209 [main] INFO  impl.RoleInfo (RoleInfo.java:shutdownLeaderState(104)) - 4a1c6203-118e-47eb-ba0e-2d5a78f22a0a: shutdown LeaderState
2019-09-18 13:47:40,213 [main] INFO  impl.PendingRequests (PendingRequests.java:sendNotLeaderResponses(202)) - 4a1c6203-118e-47eb-ba0e-2d5a78f22a0a-PendingRequests: sendNotLeaderResponses
2019-09-18 13:47:40,214 [org.apache.ratis.server.impl.LogAppender$AppenderDaemon$$Lambda$507/575232649@162962ed] WARN  server.GrpcLogAppender (GrpcLogAppender.java:mayWait(143)) - 4a1c6203-118e-47eb-ba0e-2d5a78f22a0a@group-6BF900824CBD->7da8198c-25f9-4afe-be03-ce72c852c5e7-GrpcLogAppender: Wait interrupted by java.lang.InterruptedException
2019-09-18 13:47:40,214 [org.apache.ratis.server.impl.LogAppender$AppenderDaemon$$Lambda$507/575232649@380df73e] WARN  server.GrpcLogAppender (GrpcLogAppender.java:mayWait(143)) - 4a1c6203-118e-47eb-ba0e-2d5a78f22a0a@group-6BF900824CBD->190c8f4e-c6ca-4a74-8304-071ce80ebd18-GrpcLogAppender: Wait interrupted by java.lang.InterruptedException
2019-09-18 13:47:40,217 [main] INFO  impl.StateMachineUpdater (StateMachineUpdater.java:stopAndJoin(125)) - 4a1c6203-118e-47eb-ba0e-2d5a78f22a0a@group-6BF900824CBD-StateMachineUpdater: set stopIndex = 2
2019-09-18 13:47:40,218 [main] INFO  impl.RaftServerImpl (ServerState.java:close(385)) - 4a1c6203-118e-47eb-ba0e-2d5a78f22a0a@group-6BF900824CBD: closes. applyIndex: 2
2019-09-18 13:47:40,219 [4a1c6203-118e-47eb-ba0e-2d5a78f22a0a@group-6BF900824CBD-SegmentedRaftLogWorker] INFO  segmented.SegmentedRaftLogWorker (SegmentedRaftLogWorker.java:run(313)) - 4a1c6203-118e-47eb-ba0e-2d5a78f22a0a@group-6BF900824CBD-SegmentedRaftLogWorker was interrupted, exiting. There are 0 tasks remaining in the queue.
2019-09-18 13:47:40,219 [main] INFO  segmented.SegmentedRaftLogWorker (SegmentedRaftLogWorker.java:close(228)) - 4a1c6203-118e-47eb-ba0e-2d5a78f22a0a@group-6BF900824CBD-SegmentedRaftLogWorker close()
2019-09-18 13:47:40,220 [main] INFO  impl.RaftServerImpl (RaftServerImpl.java:lambda$shutdown$3(251)) - 4a1c6203-118e-47eb-ba0e-2d5a78f22a0a@group-C0DE25BD4848: shutdown
2019-09-18 13:47:40,220 [main] INFO  util.JmxRegister (JmxRegister.java:unregister(73)) - Successfully un-registered JMX Bean with object name Ratis:service=RaftServer,group=group-C0DE25BD4848,id=4a1c6203-118e-47eb-ba0e-2d5a78f22a0a
2019-09-18 13:47:40,220 [main] INFO  impl.RoleInfo (RoleInfo.java:shutdownLeaderState(104)) - 4a1c6203-118e-47eb-ba0e-2d5a78f22a0a: shutdown LeaderState
2019-09-18 13:47:40,221 [main] INFO  impl.PendingRequests (PendingRequests.java:sendNotLeaderResponses(202)) - 4a1c6203-118e-47eb-ba0e-2d5a78f22a0a-PendingRequests: sendNotLeaderResponses
2019-09-18 13:47:40,221 [main] INFO  impl.StateMachineUpdater (StateMachineUpdater.java:stopAndJoin(125)) - 4a1c6203-118e-47eb-ba0e-2d5a78f22a0a@group-C0DE25BD4848-StateMachineUpdater: set stopIndex = 0
2019-09-18 13:47:40,222 [main] INFO  impl.RaftServerImpl (ServerState.java:close(385)) - 4a1c6203-118e-47eb-ba0e-2d5a78f22a0a@group-C0DE25BD4848: closes. applyIndex: 0
2019-09-18 13:47:40,223 [4a1c6203-118e-47eb-ba0e-2d5a78f22a0a@group-C0DE25BD4848-SegmentedRaftLogWorker] INFO  segmented.SegmentedRaftLogWorker (SegmentedRaftLogWorker.java:run(313)) - 4a1c6203-118e-47eb-ba0e-2d5a78f22a0a@group-C0DE25BD4848-SegmentedRaftLogWorker was interrupted, exiting. There are 0 tasks remaining in the queue.
2019-09-18 13:47:40,223 [main] INFO  segmented.SegmentedRaftLogWorker (SegmentedRaftLogWorker.java:close(228)) - 4a1c6203-118e-47eb-ba0e-2d5a78f22a0a@group-C0DE25BD4848-SegmentedRaftLogWorker close()
2019-09-18 13:47:40,223 [main] INFO  server.GrpcService (GrpcService.java:closeImpl(164)) - 4a1c6203-118e-47eb-ba0e-2d5a78f22a0a: shutdown server with port 39109 now
2019-09-18 13:47:40,224 [main] INFO  server.GrpcService (GrpcService.java:closeImpl(172)) - 4a1c6203-118e-47eb-ba0e-2d5a78f22a0a: shutdown server with port 39109 successfully
2019-09-18 13:47:40,231 [refreshUsed-/workdir/hadoop-ozone/integration-test/target/test-dir/MiniOzoneClusterImpl-5927a352-8e01-48c7-b674-de64d96b5a66/datanode-5/data/containers] WARN  fs.CachingGetSpaceUsed (CachingGetSpaceUsed.java:run(183)) - Thread Interrupted waiting to refresh disk information: sleep interrupted
2019-09-18 13:47:40,253 [main] INFO  utils.BackgroundService (BackgroundService.java:shutdown(148)) - Shutting down service BlockDeletingService
2019-09-18 13:47:40,257 [main] INFO  statemachine.DatanodeStateMachine (DatanodeStateMachine.java:stopDaemon(395)) - Ozone container server stopped.
2019-09-18 13:47:40,259 [main] INFO  handler.ContextHandler (ContextHandler.java:doStop(910)) - Stopped o.e.j.w.WebAppContext@46e190ed{/,null,UNAVAILABLE}{/hddsDatanode}
2019-09-18 13:47:40,261 [main] INFO  server.AbstractConnector (AbstractConnector.java:doStop(318)) - Stopped ServerConnector@383c3eb3{HTTP/1.1,[http/1.1]}{0.0.0.0:0}
2019-09-18 13:47:40,261 [main] INFO  handler.ContextHandler (ContextHandler.java:doStop(910)) - Stopped o.e.j.s.ServletContextHandler@f29353f{/static,jar:file:/home/user/.m2/repository/org/apache/hadoop/hadoop-hdds-container-service/0.5.0-SNAPSHOT/hadoop-hdds-container-service-0.5.0-SNAPSHOT.jar!/webapps/static,UNAVAILABLE}
2019-09-18 13:47:40,262 [main] INFO  handler.ContextHandler (ContextHandler.java:doStop(910)) - Stopped o.e.j.s.ServletContextHandler@36aab105{/logs,file:///workdir/hadoop-ozone/integration-test/target/log,UNAVAILABLE}
2019-09-18 13:47:40,263 [main] INFO  ozone.MiniOzoneClusterImpl (MiniOzoneClusterImpl.java:stop(344)) - Stopping the StorageContainerManager
2019-09-18 13:47:40,264 [main] INFO  server.StorageContainerManager (StorageContainerManager.java:stop(801)) - Stopping Replication Manager Service.
2019-09-18 13:47:40,264 [main] INFO  container.ReplicationManager (ReplicationManager.java:stop(203)) - Stopping Replication Monitor Thread.
2019-09-18 13:47:40,264 [main] INFO  server.StorageContainerManager (StorageContainerManager.java:stop(808)) - Stopping Lease Manager of the command watchers
2019-09-18 13:47:40,264 [main] INFO  server.StorageContainerManager (StorageContainerManager.java:stop(815)) - Stopping datanode service RPC server
2019-09-18 13:47:40,265 [main] INFO  server.SCMDatanodeProtocolServer (SCMDatanodeProtocolServer.java:stop(367)) - Stopping the RPC server for DataNodes
2019-09-18 13:47:40,265 [main] INFO  ipc.Server (Server.java:stop(3082)) - Stopping server on 42668
2019-09-18 13:47:40,267 [IPC Server listener on 42668] INFO  ipc.Server (Server.java:run(1185)) - Stopping IPC Server listener on 42668
2019-09-18 13:47:40,268 [IPC Server Responder] INFO  ipc.Server (Server.java:run(1319)) - Stopping IPC Server Responder
2019-09-18 13:47:40,322 [SCM Heartbeat Processing Thread - 0] WARN  node.NodeStateManager (NodeStateManager.java:scheduleNextHealthCheck(646)) - Current Thread is interrupted, shutting down HB processing thread for Node Manager.
2019-09-18 13:47:40,322 [main] INFO  server.StorageContainerManager (StorageContainerManager.java:stop(823)) - Stopping block service RPC server
2019-09-18 13:47:40,323 [main] INFO  server.SCMBlockProtocolServer (SCMBlockProtocolServer.java:stop(155)) - Stopping the RPC server for Block Protocol
2019-09-18 13:47:40,323 [main] INFO  ipc.Server (Server.java:stop(3082)) - Stopping server on 34123
2019-09-18 13:47:40,326 [IPC Server listener on 34123] INFO  ipc.Server (Server.java:run(1185)) - Stopping IPC Server listener on 34123
2019-09-18 13:47:40,326 [main] INFO  server.StorageContainerManager (StorageContainerManager.java:stop(830)) - Stopping the StorageContainerLocationProtocol RPC server
2019-09-18 13:47:40,326 [IPC Server Responder] INFO  ipc.Server (Server.java:run(1319)) - Stopping IPC Server Responder
2019-09-18 13:47:40,327 [main] INFO  server.SCMClientProtocolServer (SCMClientProtocolServer.java:stop(159)) - Stopping the RPC server for Client Protocol
2019-09-18 13:47:40,328 [main] INFO  ipc.Server (Server.java:stop(3082)) - Stopping server on 33720
2019-09-18 13:47:40,331 [IPC Server listener on 33720] INFO  ipc.Server (Server.java:run(1185)) - Stopping IPC Server listener on 33720
2019-09-18 13:47:40,331 [main] INFO  server.StorageContainerManager (StorageContainerManager.java:stop(837)) - Stopping Storage Container Manager HTTP server.
2019-09-18 13:47:40,331 [IPC Server Responder] INFO  ipc.Server (Server.java:run(1319)) - Stopping IPC Server Responder
2019-09-18 13:47:40,333 [main] INFO  handler.ContextHandler (ContextHandler.java:doStop(910)) - Stopped o.e.j.w.WebAppContext@60c1663c{/,null,UNAVAILABLE}{/scm}
2019-09-18 13:47:40,334 [main] INFO  server.AbstractConnector (AbstractConnector.java:doStop(318)) - Stopped ServerConnector@f5cf29b{HTTP/1.1,[http/1.1]}{0.0.0.0:0}
2019-09-18 13:47:40,334 [main] INFO  handler.ContextHandler (ContextHandler.java:doStop(910)) - Stopped o.e.j.s.ServletContextHandler@7c2924d7{/static,file:///workdir/hadoop-ozone/integration-test/target/test-classes/webapps/static,UNAVAILABLE}
2019-09-18 13:47:40,335 [main] INFO  handler.ContextHandler (ContextHandler.java:doStop(910)) - Stopped o.e.j.s.ServletContextHandler@7eb200ce{/logs,file:///workdir/hadoop-ozone/integration-test/target/log,UNAVAILABLE}
2019-09-18 13:47:40,336 [main] INFO  server.StorageContainerManager (StorageContainerManager.java:stop(848)) - Stopping Block Manager Service.
2019-09-18 13:47:40,336 [main] INFO  utils.BackgroundService (BackgroundService.java:shutdown(148)) - Shutting down service SCMBlockDeletingService
2019-09-18 13:47:40,337 [main] INFO  utils.BackgroundService (BackgroundService.java:shutdown(148)) - Shutting down service SCMBlockDeletingService
2019-09-18 13:47:40,338 [main] INFO  server.StorageContainerManager (StorageContainerManager.java:stop(870)) - Stopping SCM Event Queue.
2019-09-18 13:47:40,344 [main] INFO  impl.MetricsSystemImpl (MetricsSystemImpl.java:stop(210)) - Stopping HddsDatanode metrics system...
2019-09-18 13:47:40,360 [main] INFO  impl.MetricsSystemImpl (MetricsSystemImpl.java:stop(216)) - HddsDatanode metrics system stopped.
]]></system-out>
    <system-err><![CDATA[Sep 18, 2019 1:47:25 PM org.apache.ratis.thirdparty.io.grpc.internal.SerializingExecutor run
SEVERE: Exception while executing runnable org.apache.ratis.thirdparty.io.grpc.internal.ServerImpl$JumpToApplicationThreadServerStreamListener$1Closed@3354baa8
org.apache.ratis.thirdparty.io.grpc.StatusRuntimeException: CANCELLED: call already cancelled
	at org.apache.ratis.thirdparty.io.grpc.Status.asRuntimeException(Status.java:517)
	at org.apache.ratis.thirdparty.io.grpc.stub.ServerCalls$ServerCallStreamObserverImpl.onCompleted(ServerCalls.java:356)
	at org.apache.ratis.grpc.server.GrpcServerProtocolService$ServerRequestStreamObserver.onError(GrpcServerProtocolService.java:121)
	at org.apache.ratis.thirdparty.io.grpc.stub.ServerCalls$StreamingServerCallHandler$StreamingServerCallListener.onCancel(ServerCalls.java:269)
	at org.apache.ratis.thirdparty.io.grpc.internal.ServerCallImpl$ServerStreamListenerImpl.closed(ServerCallImpl.java:293)
	at org.apache.ratis.thirdparty.io.grpc.internal.ServerImpl$JumpToApplicationThreadServerStreamListener$1Closed.runInContext(ServerImpl.java:741)
	at org.apache.ratis.thirdparty.io.grpc.internal.ContextRunnable.run(ContextRunnable.java:37)
	at org.apache.ratis.thirdparty.io.grpc.internal.SerializingExecutor.run(SerializingExecutor.java:123)
	at java.util.concurrent.ThreadPoolExecutor.runWorker(ThreadPoolExecutor.java:1149)
	at java.util.concurrent.ThreadPoolExecutor$Worker.run(ThreadPoolExecutor.java:624)
	at java.lang.Thread.run(Thread.java:748)

Sep 18, 2019 1:47:30 PM org.apache.ratis.thirdparty.io.grpc.internal.SerializingExecutor run
SEVERE: Exception while executing runnable org.apache.ratis.thirdparty.io.grpc.internal.ServerImpl$JumpToApplicationThreadServerStreamListener$1Closed@5b238290
org.apache.ratis.thirdparty.io.grpc.StatusRuntimeException: CANCELLED: call already cancelled
	at org.apache.ratis.thirdparty.io.grpc.Status.asRuntimeException(Status.java:517)
	at org.apache.ratis.thirdparty.io.grpc.stub.ServerCalls$ServerCallStreamObserverImpl.onCompleted(ServerCalls.java:356)
	at org.apache.ratis.grpc.server.GrpcServerProtocolService$ServerRequestStreamObserver.onError(GrpcServerProtocolService.java:121)
	at org.apache.ratis.thirdparty.io.grpc.stub.ServerCalls$StreamingServerCallHandler$StreamingServerCallListener.onCancel(ServerCalls.java:269)
	at org.apache.ratis.thirdparty.io.grpc.internal.ServerCallImpl$ServerStreamListenerImpl.closed(ServerCallImpl.java:293)
	at org.apache.ratis.thirdparty.io.grpc.internal.ServerImpl$JumpToApplicationThreadServerStreamListener$1Closed.runInContext(ServerImpl.java:741)
	at org.apache.ratis.thirdparty.io.grpc.internal.ContextRunnable.run(ContextRunnable.java:37)
	at org.apache.ratis.thirdparty.io.grpc.internal.SerializingExecutor.run(SerializingExecutor.java:123)
	at java.util.concurrent.ThreadPoolExecutor.runWorker(ThreadPoolExecutor.java:1149)
	at java.util.concurrent.ThreadPoolExecutor$Worker.run(ThreadPoolExecutor.java:624)
	at java.lang.Thread.run(Thread.java:748)

]]></system-err>
  </testcase>
</testsuite>