<?xml version="1.0" encoding="UTF-8"?>
<testsuite xmlns:xsi="http://www.w3.org/2001/XMLSchema-instance" xsi:noNamespaceSchemaLocation="https://maven.apache.org/surefire/maven-surefire-plugin/xsd/surefire-test-report.xsd" name="org.apache.hadoop.ozone.container.common.statemachine.commandhandler.TestBlockDeletion" time="99.945" tests="1" errors="0" skipped="0" failures="1">
  <properties>
    <property name="awt.toolkit" value="sun.awt.X11.XToolkit"/>
    <property name="file.encoding.pkg" value="sun.io"/>
    <property name="java.specification.version" value="1.8"/>
    <property name="sun.cpu.isalist" value=""/>
    <property name="sun.jnu.encoding" value="UTF-8"/>
    <property name="java.class.path" value="/workdir/hadoop-ozone/integration-test/target/test-classes:/workdir/hadoop-ozone/integration-test/target/classes:/home/user/.m2/repository/org/apache/hadoop/hadoop-ozone-common/0.5.0-SNAPSHOT/hadoop-ozone-common-0.5.0-SNAPSHOT.jar:/home/user/.m2/repository/org/apache/commons/commons-compress/1.4.1/commons-compress-1.4.1.jar:/home/user/.m2/repository/org/tukaani/xz/1.0/xz-1.0.jar:/home/user/.m2/repository/org/apache/hadoop/hadoop-common/3.2.0/hadoop-common-3.2.0.jar:/home/user/.m2/repository/org/apache/hadoop/hadoop-hdfs/3.2.0/hadoop-hdfs-3.2.0.jar:/home/user/.m2/repository/org/apache/hadoop/hadoop-hdfs-client/3.2.0/hadoop-hdfs-client-3.2.0.jar:/home/user/.m2/repository/com/fasterxml/jackson/core/jackson-annotations/2.9.5/jackson-annotations-2.9.5.jar:/home/user/.m2/repository/org/apache/hadoop/hadoop-hdds-common/0.5.0-SNAPSHOT/hadoop-hdds-common-0.5.0-SNAPSHOT.jar:/home/user/.m2/repository/javax/annotation/javax.annotation-api/1.2/javax.annotation-api-1.2.jar:/home/user/.m2/repository/org/apache/ratis/ratis-server/0.4.0-78e95b9-SNAPSHOT/ratis-server-0.4.0-78e95b9-SNAPSHOT.jar:/home/user/.m2/repository/org/apache/ratis/ratis-thirdparty-misc/0.2.0/ratis-thirdparty-misc-0.2.0.jar:/home/user/.m2/repository/org/apache/ratis/ratis-proto/0.4.0-78e95b9-SNAPSHOT/ratis-proto-0.4.0-78e95b9-SNAPSHOT.jar:/home/user/.m2/repository/org/apache/ratis/ratis-common/0.4.0-78e95b9-SNAPSHOT/ratis-common-0.4.0-78e95b9-SNAPSHOT.jar:/home/user/.m2/repository/org/apache/ratis/ratis-client/0.4.0-78e95b9-SNAPSHOT/ratis-client-0.4.0-78e95b9-SNAPSHOT.jar:/home/user/.m2/repository/org/apache/ratis/ratis-metrics/0.4.0-78e95b9-SNAPSHOT/ratis-metrics-0.4.0-78e95b9-SNAPSHOT.jar:/home/user/.m2/repository/com/github/joshelser/dropwizard-metrics-hadoop-metrics2-reporter/0.1.2/dropwizard-metrics-hadoop-metrics2-reporter-0.1.2.jar:/home/user/.m2/repository/io/dropwizard/metrics/metrics-jvm/3.2.5/metrics-jvm-3.2.5.jar:/home/user/.m2/repository/io/dropwizard/metrics/metrics-ganglia/3.2.5/metrics-ganglia-3.2.5.jar:/home/user/.m2/repository/info/ganglia/gmetric4j/gmetric4j/1.0.7/gmetric4j-1.0.7.jar:/home/user/.m2/repository/org/apache/ratis/ratis-netty/0.4.0-78e95b9-SNAPSHOT/ratis-netty-0.4.0-78e95b9-SNAPSHOT.jar:/home/user/.m2/repository/org/apache/ratis/ratis-grpc/0.4.0-78e95b9-SNAPSHOT/ratis-grpc-0.4.0-78e95b9-SNAPSHOT.jar:/home/user/.m2/repository/org/rocksdb/rocksdbjni/6.0.1/rocksdbjni-6.0.1.jar:/home/user/.m2/repository/org/apache/logging/log4j/log4j-api/2.11.0/log4j-api-2.11.0.jar:/home/user/.m2/repository/org/apache/logging/log4j/log4j-core/2.11.0/log4j-core-2.11.0.jar:/home/user/.m2/repository/com/lmax/disruptor/3.4.2/disruptor-3.4.2.jar:/home/user/.m2/repository/org/apache/commons/commons-pool2/2.6.0/commons-pool2-2.6.0.jar:/home/user/.m2/repository/org/bouncycastle/bcpkix-jdk15on/1.60/bcpkix-jdk15on-1.60.jar:/home/user/.m2/repository/commons-validator/commons-validator/1.6/commons-validator-1.6.jar:/home/user/.m2/repository/commons-digester/commons-digester/1.8.1/commons-digester-1.8.1.jar:/home/user/.m2/repository/io/jaegertracing/jaeger-client/0.33.1/jaeger-client-0.33.1.jar:/home/user/.m2/repository/io/jaegertracing/jaeger-thrift/0.33.1/jaeger-thrift-0.33.1.jar:/home/user/.m2/repository/org/apache/thrift/libthrift/0.11.0/libthrift-0.11.0.jar:/home/user/.m2/repository/com/squareup/okhttp3/okhttp/3.9.0/okhttp-3.9.0.jar:/home/user/.m2/repository/com/squareup/okio/okio/1.13.0/okio-1.13.0.jar:/home/user/.m2/repository/io/jaegertracing/jaeger-core/0.33.1/jaeger-core-0.33.1.jar:/home/user/.m2/repository/io/jaegertracing/jaeger-tracerresolver/0.33.1/jaeger-tracerresolver-0.33.1.jar:/home/user/.m2/repository/io/opentracing/contrib/opentracing-tracerresolver/0.1.5/opentracing-tracerresolver-0.1.5.jar:/home/user/.m2/repository/io/opentracing/opentracing-util/0.31.0/opentracing-util-0.31.0.jar:/home/user/.m2/repository/io/opentracing/opentracing-api/0.31.0/opentracing-api-0.31.0.jar:/home/user/.m2/repository/io/opentracing/opentracing-noop/0.31.0/opentracing-noop-0.31.0.jar:/home/user/.m2/repository/org/apache/hadoop/hadoop-hdds-server-framework/0.5.0-SNAPSHOT/hadoop-hdds-server-framework-0.5.0-SNAPSHOT.jar:/home/user/.m2/repository/org/apache/hadoop/hadoop-hdds-container-service/0.5.0-SNAPSHOT/hadoop-hdds-container-service-0.5.0-SNAPSHOT.jar:/home/user/.m2/repository/org/apache/hadoop/hadoop-hdds-client/0.5.0-SNAPSHOT/hadoop-hdds-client-0.5.0-SNAPSHOT.jar:/home/user/.m2/repository/org/apache/hadoop/hadoop-hdds-tools/0.5.0-SNAPSHOT/hadoop-hdds-tools-0.5.0-SNAPSHOT.jar:/home/user/.m2/repository/org/apache/hadoop/hadoop-hdds-server-scm/0.5.0-SNAPSHOT/hadoop-hdds-server-scm-0.5.0-SNAPSHOT.jar:/home/user/.m2/repository/org/apache/hadoop/hadoop-hdds-docs/0.5.0-SNAPSHOT/hadoop-hdds-docs-0.5.0-SNAPSHOT.jar:/home/user/.m2/repository/io/dropwizard/metrics/metrics-core/3.2.4/metrics-core-3.2.4.jar:/home/user/.m2/repository/org/hamcrest/hamcrest-all/1.3/hamcrest-all-1.3.jar:/home/user/.m2/repository/org/bouncycastle/bcprov-jdk15on/1.60/bcprov-jdk15on-1.60.jar:/home/user/.m2/repository/info/picocli/picocli/3.9.6/picocli-3.9.6.jar:/home/user/.m2/repository/com/google/protobuf/protobuf-java/2.5.0/protobuf-java-2.5.0.jar:/home/user/.m2/repository/com/google/guava/guava/11.0.2/guava-11.0.2.jar:/home/user/.m2/repository/org/apache/hadoop/hadoop-ozone-ozone-manager/0.5.0-SNAPSHOT/hadoop-ozone-ozone-manager-0.5.0-SNAPSHOT.jar:/home/user/.m2/repository/org/apache/hadoop/hadoop-minikdc/3.2.0/hadoop-minikdc-3.2.0.jar:/home/user/.m2/repository/commons-io/commons-io/2.5/commons-io-2.5.jar:/home/user/.m2/repository/org/apache/kerby/kerb-simplekdc/1.0.1/kerb-simplekdc-1.0.1.jar:/home/user/.m2/repository/org/apache/kerby/kerb-client/1.0.1/kerb-client-1.0.1.jar:/home/user/.m2/repository/org/apache/kerby/kerby-config/1.0.1/kerby-config-1.0.1.jar:/home/user/.m2/repository/org/apache/kerby/kerb-core/1.0.1/kerb-core-1.0.1.jar:/home/user/.m2/repository/org/apache/kerby/kerby-pkix/1.0.1/kerby-pkix-1.0.1.jar:/home/user/.m2/repository/org/apache/kerby/kerby-asn1/1.0.1/kerby-asn1-1.0.1.jar:/home/user/.m2/repository/org/apache/kerby/kerby-util/1.0.1/kerby-util-1.0.1.jar:/home/user/.m2/repository/org/apache/kerby/kerb-common/1.0.1/kerb-common-1.0.1.jar:/home/user/.m2/repository/org/apache/kerby/kerb-crypto/1.0.1/kerb-crypto-1.0.1.jar:/home/user/.m2/repository/org/apache/kerby/kerb-util/1.0.1/kerb-util-1.0.1.jar:/home/user/.m2/repository/org/apache/kerby/token-provider/1.0.1/token-provider-1.0.1.jar:/home/user/.m2/repository/org/apache/kerby/kerb-admin/1.0.1/kerb-admin-1.0.1.jar:/home/user/.m2/repository/org/apache/kerby/kerb-server/1.0.1/kerb-server-1.0.1.jar:/home/user/.m2/repository/org/apache/kerby/kerb-identity/1.0.1/kerb-identity-1.0.1.jar:/home/user/.m2/repository/org/apache/kerby/kerby-xdr/1.0.1/kerby-xdr-1.0.1.jar:/home/user/.m2/repository/org/slf4j/slf4j-log4j12/1.7.25/slf4j-log4j12-1.7.25.jar:/home/user/.m2/repository/org/apache/hadoop/hadoop-ozone-s3gateway/0.5.0-SNAPSHOT/hadoop-ozone-s3gateway-0.5.0-SNAPSHOT.jar:/home/user/.m2/repository/org/jboss/weld/servlet/weld-servlet/2.4.7.Final/weld-servlet-2.4.7.Final.jar:/home/user/.m2/repository/org/glassfish/jersey/containers/jersey-container-servlet-core/2.27/jersey-container-servlet-core-2.27.jar:/home/user/.m2/repository/org/glassfish/hk2/external/javax.inject/2.5.0-b42/javax.inject-2.5.0-b42.jar:/home/user/.m2/repository/org/glassfish/jersey/core/jersey-common/2.27/jersey-common-2.27.jar:/home/user/.m2/repository/org/glassfish/hk2/osgi-resource-locator/1.0.1/osgi-resource-locator-1.0.1.jar:/home/user/.m2/repository/javax/ws/rs/javax.ws.rs-api/2.1/javax.ws.rs-api-2.1.jar:/home/user/.m2/repository/org/glassfish/jersey/ext/cdi/jersey-cdi1x/2.27/jersey-cdi1x-2.27.jar:/home/user/.m2/repository/org/glassfish/jersey/inject/jersey-hk2/2.27/jersey-hk2-2.27.jar:/home/user/.m2/repository/org/glassfish/hk2/hk2-locator/2.5.0-b42/hk2-locator-2.5.0-b42.jar:/home/user/.m2/repository/org/javassist/javassist/3.22.0-CR2/javassist-3.22.0-CR2.jar:/home/user/.m2/repository/org/glassfish/hk2/hk2-api/2.5.0/hk2-api-2.5.0.jar:/home/user/.m2/repository/org/glassfish/hk2/external/jakarta.inject/2.5.0/jakarta.inject-2.5.0.jar:/home/user/.m2/repository/org/glassfish/hk2/hk2-utils/2.5.0/hk2-utils-2.5.0.jar:/home/user/.m2/repository/jakarta/annotation/jakarta.annotation-api/1.3.4/jakarta.annotation-api-1.3.4.jar:/home/user/.m2/repository/org/glassfish/hk2/external/aopalliance-repackaged/2.5.0/aopalliance-repackaged-2.5.0.jar:/home/user/.m2/repository/com/fasterxml/jackson/dataformat/jackson-dataformat-xml/2.9.0/jackson-dataformat-xml-2.9.0.jar:/home/user/.m2/repository/com/fasterxml/jackson/core/jackson-core/2.9.5/jackson-core-2.9.5.jar:/home/user/.m2/repository/com/fasterxml/jackson/module/jackson-module-jaxb-annotations/2.9.5/jackson-module-jaxb-annotations-2.9.5.jar:/home/user/.m2/repository/javax/enterprise/cdi-api/1.2/cdi-api-1.2.jar:/home/user/.m2/repository/javax/el/javax.el-api/3.0.0/javax.el-api-3.0.0.jar:/home/user/.m2/repository/javax/interceptor/javax.interceptor-api/1.2/javax.interceptor-api-1.2.jar:/home/user/.m2/repository/javax/inject/javax.inject/1/javax.inject-1.jar:/home/user/.m2/repository/com/sun/xml/bind/jaxb-impl/2.3.0.1/jaxb-impl-2.3.0.1.jar:/home/user/.m2/repository/com/sun/xml/bind/jaxb-core/2.3.0.1/jaxb-core-2.3.0.1.jar:/home/user/.m2/repository/javax/xml/bind/jaxb-api/2.3.0/jaxb-api-2.3.0.jar:/home/user/.m2/repository/javax/activation/activation/1.1.1/activation-1.1.1.jar:/home/user/.m2/repository/org/apache/hadoop/hadoop-ozone-csi/0.5.0-SNAPSHOT/hadoop-ozone-csi-0.5.0-SNAPSHOT.jar:/home/user/.m2/repository/com/google/protobuf/protobuf-java-util/3.5.1/protobuf-java-util-3.5.1.jar:/home/user/.m2/repository/org/apache/hadoop/hadoop-hdds-config/0.5.0-SNAPSHOT/hadoop-hdds-config-0.5.0-SNAPSHOT.jar:/home/user/.m2/repository/io/grpc/grpc-netty/1.17.1/grpc-netty-1.17.1.jar:/home/user/.m2/repository/io/grpc/grpc-core/1.17.1/grpc-core-1.17.1.jar:/home/user/.m2/repository/io/grpc/grpc-context/1.17.1/grpc-context-1.17.1.jar:/home/user/.m2/repository/com/google/errorprone/error_prone_annotations/2.2.0/error_prone_annotations-2.2.0.jar:/home/user/.m2/repository/org/codehaus/mojo/animal-sniffer-annotations/1.17/animal-sniffer-annotations-1.17.jar:/home/user/.m2/repository/io/opencensus/opencensus-api/0.17.0/opencensus-api-0.17.0.jar:/home/user/.m2/repository/io/opencensus/opencensus-contrib-grpc-metrics/0.17.0/opencensus-contrib-grpc-metrics-0.17.0.jar:/home/user/.m2/repository/io/netty/netty-codec-http2/4.1.30.Final/netty-codec-http2-4.1.30.Final.jar:/home/user/.m2/repository/io/netty/netty-codec-http/4.1.30.Final/netty-codec-http-4.1.30.Final.jar:/home/user/.m2/repository/io/netty/netty-codec/4.1.30.Final/netty-codec-4.1.30.Final.jar:/home/user/.m2/repository/io/netty/netty-handler/4.1.30.Final/netty-handler-4.1.30.Final.jar:/home/user/.m2/repository/io/netty/netty-handler-proxy/4.1.30.Final/netty-handler-proxy-4.1.30.Final.jar:/home/user/.m2/repository/io/netty/netty-codec-socks/4.1.30.Final/netty-codec-socks-4.1.30.Final.jar:/home/user/.m2/repository/io/netty/netty-transport-native-epoll/4.1.30.Final/netty-transport-native-epoll-4.1.30.Final.jar:/home/user/.m2/repository/io/netty/netty-common/4.1.30.Final/netty-common-4.1.30.Final.jar:/home/user/.m2/repository/io/netty/netty-buffer/4.1.30.Final/netty-buffer-4.1.30.Final.jar:/home/user/.m2/repository/io/netty/netty-transport/4.1.30.Final/netty-transport-4.1.30.Final.jar:/home/user/.m2/repository/io/netty/netty-resolver/4.1.30.Final/netty-resolver-4.1.30.Final.jar:/home/user/.m2/repository/io/netty/netty-transport-native-unix-common/4.1.30.Final/netty-transport-native-unix-common-4.1.30.Final.jar:/home/user/.m2/repository/io/grpc/grpc-protobuf/1.17.1/grpc-protobuf-1.17.1.jar:/home/user/.m2/repository/com/google/api/grpc/proto-google-common-protos/1.0.0/proto-google-common-protos-1.0.0.jar:/home/user/.m2/repository/io/grpc/grpc-protobuf-lite/1.17.1/grpc-protobuf-lite-1.17.1.jar:/home/user/.m2/repository/io/grpc/grpc-stub/1.17.1/grpc-stub-1.17.1.jar:/home/user/.m2/repository/org/apache/hadoop/hadoop-ozone-recon/0.5.0-SNAPSHOT/hadoop-ozone-recon-0.5.0-SNAPSHOT.jar:/home/user/.m2/repository/org/apache/hadoop/hadoop-ozone-reconcodegen/0.5.0-SNAPSHOT/hadoop-ozone-reconcodegen-0.5.0-SNAPSHOT.jar:/home/user/.m2/repository/com/google/inject/extensions/guice-multibindings/4.0/guice-multibindings-4.0.jar:/home/user/.m2/repository/com/google/inject/guice/4.0/guice-4.0.jar:/home/user/.m2/repository/aopalliance/aopalliance/1.0/aopalliance-1.0.jar:/home/user/.m2/repository/com/google/inject/extensions/guice-servlet/4.0/guice-servlet-4.0.jar:/home/user/.m2/repository/org/glassfish/jersey/containers/jersey-container-servlet/2.27/jersey-container-servlet-2.27.jar:/home/user/.m2/repository/org/glassfish/hk2/guice-bridge/2.5.0/guice-bridge-2.5.0.jar:/home/user/.m2/repository/org/glassfish/jersey/core/jersey-server/2.27/jersey-server-2.27.jar:/home/user/.m2/repository/org/glassfish/jersey/core/jersey-client/2.27/jersey-client-2.27.jar:/home/user/.m2/repository/org/glassfish/jersey/media/jersey-media-jaxb/2.27/jersey-media-jaxb-2.27.jar:/home/user/.m2/repository/javax/validation/validation-api/1.1.0.Final/validation-api-1.1.0.Final.jar:/home/user/.m2/repository/org/glassfish/jersey/media/jersey-media-json-jackson/2.27/jersey-media-json-jackson-2.27.jar:/home/user/.m2/repository/org/glassfish/jersey/ext/jersey-entity-filtering/2.27/jersey-entity-filtering-2.27.jar:/home/user/.m2/repository/com/google/inject/extensions/guice-assistedinject/4.0/guice-assistedinject-4.0.jar:/home/user/.m2/repository/org/jooq/jooq/3.11.10/jooq-3.11.10.jar:/home/user/.m2/repository/org/jooq/jooq-meta/3.11.10/jooq-meta-3.11.10.jar:/home/user/.m2/repository/org/jooq/jooq-codegen/3.11.10/jooq-codegen-3.11.10.jar:/home/user/.m2/repository/com/jolbox/bonecp/0.8.0.RELEASE/bonecp-0.8.0.RELEASE.jar:/home/user/.m2/repository/org/xerial/sqlite-jdbc/3.25.2/sqlite-jdbc-3.25.2.jar:/home/user/.m2/repository/org/springframework/spring-jdbc/5.1.3.RELEASE/spring-jdbc-5.1.3.RELEASE.jar:/home/user/.m2/repository/org/springframework/spring-beans/5.1.3.RELEASE/spring-beans-5.1.3.RELEASE.jar:/home/user/.m2/repository/org/springframework/spring-core/5.1.3.RELEASE/spring-core-5.1.3.RELEASE.jar:/home/user/.m2/repository/org/springframework/spring-jcl/5.1.3.RELEASE/spring-jcl-5.1.3.RELEASE.jar:/home/user/.m2/repository/org/springframework/spring-tx/5.1.3.RELEASE/spring-tx-5.1.3.RELEASE.jar:/home/user/.m2/repository/org/apache/hadoop/hadoop-ozone-client/0.5.0-SNAPSHOT/hadoop-ozone-client-0.5.0-SNAPSHOT.jar:/home/user/.m2/repository/commons-lang/commons-lang/2.6/commons-lang-2.6.jar:/home/user/.m2/repository/org/apache/hadoop/hadoop-ozone-ozone-manager/0.5.0-SNAPSHOT/hadoop-ozone-ozone-manager-0.5.0-SNAPSHOT-tests.jar:/home/user/.m2/repository/junit/junit/4.11/junit-4.11.jar:/home/user/.m2/repository/org/hamcrest/hamcrest-core/1.3/hamcrest-core-1.3.jar:/home/user/.m2/repository/org/openjdk/jmh/jmh-core/1.19/jmh-core-1.19.jar:/home/user/.m2/repository/net/sf/jopt-simple/jopt-simple/4.6/jopt-simple-4.6.jar:/home/user/.m2/repository/org/apache/commons/commons-math3/3.1.1/commons-math3-3.1.1.jar:/home/user/.m2/repository/org/openjdk/jmh/jmh-generator-annprocess/1.19/jmh-generator-annprocess-1.19.jar:/home/user/.m2/repository/org/mockito/mockito-all/1.8.5/mockito-all-1.8.5.jar:/home/user/.m2/repository/org/apache/hadoop/hadoop-kms/3.2.0/hadoop-kms-3.2.0.jar:/home/user/.m2/repository/org/apache/hadoop/hadoop-auth/3.2.0/hadoop-auth-3.2.0.jar:/home/user/.m2/repository/com/nimbusds/nimbus-jose-jwt/4.41.1/nimbus-jose-jwt-4.41.1.jar:/home/user/.m2/repository/com/github/stephenc/jcip/jcip-annotations/1.0-1/jcip-annotations-1.0-1.jar:/home/user/.m2/repository/net/minidev/json-smart/2.3/json-smart-2.3.jar:/home/user/.m2/repository/net/minidev/accessors-smart/1.2/accessors-smart-1.2.jar:/home/user/.m2/repository/org/ow2/asm/asm/5.0.4/asm-5.0.4.jar:/home/user/.m2/repository/org/apache/curator/curator-framework/2.12.0/curator-framework-2.12.0.jar:/home/user/.m2/repository/com/sun/jersey/jersey-core/1.19/jersey-core-1.19.jar:/home/user/.m2/repository/javax/ws/rs/jsr311-api/1.1.1/jsr311-api-1.1.1.jar:/home/user/.m2/repository/com/sun/jersey/jersey-server/1.19/jersey-server-1.19.jar:/home/user/.m2/repository/javax/servlet/javax.servlet-api/3.1.0/javax.servlet-api-3.1.0.jar:/home/user/.m2/repository/org/eclipse/jetty/jetty-server/9.3.24.v20180605/jetty-server-9.3.24.v20180605.jar:/home/user/.m2/repository/org/eclipse/jetty/jetty-http/9.3.24.v20180605/jetty-http-9.3.24.v20180605.jar:/home/user/.m2/repository/org/eclipse/jetty/jetty-io/9.3.24.v20180605/jetty-io-9.3.24.v20180605.jar:/home/user/.m2/repository/org/eclipse/jetty/jetty-webapp/9.3.24.v20180605/jetty-webapp-9.3.24.v20180605.jar:/home/user/.m2/repository/org/eclipse/jetty/jetty-xml/9.3.24.v20180605/jetty-xml-9.3.24.v20180605.jar:/home/user/.m2/repository/log4j/log4j/1.2.17/log4j-1.2.17.jar:/home/user/.m2/repository/org/slf4j/slf4j-api/1.7.25/slf4j-api-1.7.25.jar:/home/user/.m2/repository/org/slf4j/jul-to-slf4j/1.7.25/jul-to-slf4j-1.7.25.jar:/home/user/.m2/repository/org/eclipse/jetty/jetty-util/9.3.24.v20180605/jetty-util-9.3.24.v20180605.jar:/home/user/.m2/repository/com/fasterxml/jackson/core/jackson-databind/2.9.5/jackson-databind-2.9.5.jar:/home/user/.m2/repository/org/apache/hadoop/hadoop-kms/3.2.0/hadoop-kms-3.2.0-tests.jar:/home/user/.m2/repository/org/apache/hadoop/hadoop-hdds-server-scm/0.5.0-SNAPSHOT/hadoop-hdds-server-scm-0.5.0-SNAPSHOT-tests.jar:/home/user/.m2/repository/org/apache/hadoop/hadoop-hdds-container-service/0.5.0-SNAPSHOT/hadoop-hdds-container-service-0.5.0-SNAPSHOT-tests.jar:/home/user/.m2/repository/org/yaml/snakeyaml/1.16/snakeyaml-1.16.jar:/home/user/.m2/repository/org/apache/hadoop/hadoop-common/3.2.0/hadoop-common-3.2.0-tests.jar:/home/user/.m2/repository/org/apache/hadoop/hadoop-annotations/3.2.0/hadoop-annotations-3.2.0.jar:/usr/lib/jvm/java-1.8-openjdk/jre/../lib/tools.jar:/home/user/.m2/repository/commons-cli/commons-cli/1.2/commons-cli-1.2.jar:/home/user/.m2/repository/org/apache/httpcomponents/httpclient/4.5.2/httpclient-4.5.2.jar:/home/user/.m2/repository/org/apache/httpcomponents/httpcore/4.4.4/httpcore-4.4.4.jar:/home/user/.m2/repository/commons-codec/commons-codec/1.11/commons-codec-1.11.jar:/home/user/.m2/repository/commons-net/commons-net/3.6/commons-net-3.6.jar:/home/user/.m2/repository/commons-collections/commons-collections/3.2.2/commons-collections-3.2.2.jar:/home/user/.m2/repository/org/eclipse/jetty/jetty-servlet/9.3.24.v20180605/jetty-servlet-9.3.24.v20180605.jar:/home/user/.m2/repository/org/eclipse/jetty/jetty-security/9.3.24.v20180605/jetty-security-9.3.24.v20180605.jar:/home/user/.m2/repository/javax/servlet/jsp/jsp-api/2.1/jsp-api-2.1.jar:/home/user/.m2/repository/com/sun/jersey/jersey-servlet/1.19/jersey-servlet-1.19.jar:/home/user/.m2/repository/com/sun/jersey/jersey-json/1.19/jersey-json-1.19.jar:/home/user/.m2/repository/org/codehaus/jettison/jettison/1.1/jettison-1.1.jar:/home/user/.m2/repository/org/codehaus/jackson/jackson-core-asl/1.9.13/jackson-core-asl-1.9.13.jar:/home/user/.m2/repository/org/codehaus/jackson/jackson-mapper-asl/1.9.13/jackson-mapper-asl-1.9.13.jar:/home/user/.m2/repository/org/codehaus/jackson/jackson-jaxrs/1.9.13/jackson-jaxrs-1.9.13.jar:/home/user/.m2/repository/org/codehaus/jackson/jackson-xc/1.9.13/jackson-xc-1.9.13.jar:/home/user/.m2/repository/commons-logging/commons-logging/1.1.3/commons-logging-1.1.3.jar:/home/user/.m2/repository/commons-beanutils/commons-beanutils/1.9.3/commons-beanutils-1.9.3.jar:/home/user/.m2/repository/org/apache/commons/commons-configuration2/2.1.1/commons-configuration2-2.1.1.jar:/home/user/.m2/repository/org/apache/commons/commons-lang3/3.7/commons-lang3-3.7.jar:/home/user/.m2/repository/org/apache/commons/commons-text/1.4/commons-text-1.4.jar:/home/user/.m2/repository/org/apache/avro/avro/1.7.7/avro-1.7.7.jar:/home/user/.m2/repository/com/thoughtworks/paranamer/paranamer/2.3/paranamer-2.3.jar:/home/user/.m2/repository/org/xerial/snappy/snappy-java/1.0.5/snappy-java-1.0.5.jar:/home/user/.m2/repository/com/google/re2j/re2j/1.1/re2j-1.1.jar:/home/user/.m2/repository/com/google/code/gson/gson/2.2.4/gson-2.2.4.jar:/home/user/.m2/repository/com/jcraft/jsch/0.1.54/jsch-0.1.54.jar:/home/user/.m2/repository/org/apache/curator/curator-client/2.12.0/curator-client-2.12.0.jar:/home/user/.m2/repository/org/apache/curator/curator-recipes/2.12.0/curator-recipes-2.12.0.jar:/home/user/.m2/repository/com/google/code/findbugs/jsr305/3.0.0/jsr305-3.0.0.jar:/home/user/.m2/repository/org/apache/htrace/htrace-core4/4.1.0-incubating/htrace-core4-4.1.0-incubating.jar:/home/user/.m2/repository/org/apache/zookeeper/zookeeper/3.4.13/zookeeper-3.4.13.jar:/home/user/.m2/repository/org/apache/yetus/audience-annotations/0.5.0/audience-annotations-0.5.0.jar:/home/user/.m2/repository/org/codehaus/woodstox/stax2-api/3.1.4/stax2-api-3.1.4.jar:/home/user/.m2/repository/com/fasterxml/woodstox/woodstox-core/5.0.3/woodstox-core-5.0.3.jar:/home/user/.m2/repository/dnsjava/dnsjava/2.1.7/dnsjava-2.1.7.jar:/home/user/.m2/repository/org/apache/hadoop/hadoop-hdfs/3.2.0/hadoop-hdfs-3.2.0-tests.jar:/home/user/.m2/repository/org/eclipse/jetty/jetty-util-ajax/9.3.24.v20180605/jetty-util-ajax-9.3.24.v20180605.jar:/home/user/.m2/repository/commons-daemon/commons-daemon/1.0.13/commons-daemon-1.0.13.jar:/home/user/.m2/repository/io/netty/netty/3.10.5.Final/netty-3.10.5.Final.jar:/home/user/.m2/repository/io/netty/netty-all/4.0.52.Final/netty-all-4.0.52.Final.jar:/home/user/.m2/repository/org/fusesource/leveldbjni/leveldbjni-all/1.8/leveldbjni-all-1.8.jar:"/>
    <property name="java.vm.vendor" value="IcedTea"/>
    <property name="sun.arch.data.model" value="64"/>
    <property name="test.build.dir" value="/workdir/hadoop-ozone/integration-test/target/test-dir"/>
    <property name="test.cache.data" value=""/>
    <property name="java.vendor.url" value="https://icedtea.classpath.org"/>
    <property name="user.timezone" value=""/>
    <property name="java.vm.specification.version" value="1.8"/>
    <property name="os.name" value="Linux"/>
    <property name="test.build.data" value="/workdir/hadoop-ozone/integration-test/target/test-dir"/>
    <property name="user.country" value="US"/>
    <property name="sun.java.launcher" value="SUN_STANDARD"/>
    <property name="sun.boot.library.path" value="/usr/lib/jvm/java-1.8-openjdk/jre/lib/amd64"/>
    <property name="sun.java.command" value="/workdir/hadoop-ozone/integration-test/target/surefire/surefirebooter5074910031895180673.jar /workdir/hadoop-ozone/integration-test/target/surefire 2019-09-18T13-02-02_482-jvmRun1 surefire5194951293625535740tmp surefire_32657297049446972839tmp"/>
    <property name="test" value="!TestMiniChaosOzoneCluster"/>
    <property name="surefire.test.class.path" value="/workdir/hadoop-ozone/integration-test/target/test-classes:/workdir/hadoop-ozone/integration-test/target/classes:/home/user/.m2/repository/org/apache/hadoop/hadoop-ozone-common/0.5.0-SNAPSHOT/hadoop-ozone-common-0.5.0-SNAPSHOT.jar:/home/user/.m2/repository/org/apache/commons/commons-compress/1.4.1/commons-compress-1.4.1.jar:/home/user/.m2/repository/org/tukaani/xz/1.0/xz-1.0.jar:/home/user/.m2/repository/org/apache/hadoop/hadoop-common/3.2.0/hadoop-common-3.2.0.jar:/home/user/.m2/repository/org/apache/hadoop/hadoop-hdfs/3.2.0/hadoop-hdfs-3.2.0.jar:/home/user/.m2/repository/org/apache/hadoop/hadoop-hdfs-client/3.2.0/hadoop-hdfs-client-3.2.0.jar:/home/user/.m2/repository/com/fasterxml/jackson/core/jackson-annotations/2.9.5/jackson-annotations-2.9.5.jar:/home/user/.m2/repository/org/apache/hadoop/hadoop-hdds-common/0.5.0-SNAPSHOT/hadoop-hdds-common-0.5.0-SNAPSHOT.jar:/home/user/.m2/repository/javax/annotation/javax.annotation-api/1.2/javax.annotation-api-1.2.jar:/home/user/.m2/repository/org/apache/ratis/ratis-server/0.4.0-78e95b9-SNAPSHOT/ratis-server-0.4.0-78e95b9-SNAPSHOT.jar:/home/user/.m2/repository/org/apache/ratis/ratis-thirdparty-misc/0.2.0/ratis-thirdparty-misc-0.2.0.jar:/home/user/.m2/repository/org/apache/ratis/ratis-proto/0.4.0-78e95b9-SNAPSHOT/ratis-proto-0.4.0-78e95b9-SNAPSHOT.jar:/home/user/.m2/repository/org/apache/ratis/ratis-common/0.4.0-78e95b9-SNAPSHOT/ratis-common-0.4.0-78e95b9-SNAPSHOT.jar:/home/user/.m2/repository/org/apache/ratis/ratis-client/0.4.0-78e95b9-SNAPSHOT/ratis-client-0.4.0-78e95b9-SNAPSHOT.jar:/home/user/.m2/repository/org/apache/ratis/ratis-metrics/0.4.0-78e95b9-SNAPSHOT/ratis-metrics-0.4.0-78e95b9-SNAPSHOT.jar:/home/user/.m2/repository/com/github/joshelser/dropwizard-metrics-hadoop-metrics2-reporter/0.1.2/dropwizard-metrics-hadoop-metrics2-reporter-0.1.2.jar:/home/user/.m2/repository/io/dropwizard/metrics/metrics-jvm/3.2.5/metrics-jvm-3.2.5.jar:/home/user/.m2/repository/io/dropwizard/metrics/metrics-ganglia/3.2.5/metrics-ganglia-3.2.5.jar:/home/user/.m2/repository/info/ganglia/gmetric4j/gmetric4j/1.0.7/gmetric4j-1.0.7.jar:/home/user/.m2/repository/org/apache/ratis/ratis-netty/0.4.0-78e95b9-SNAPSHOT/ratis-netty-0.4.0-78e95b9-SNAPSHOT.jar:/home/user/.m2/repository/org/apache/ratis/ratis-grpc/0.4.0-78e95b9-SNAPSHOT/ratis-grpc-0.4.0-78e95b9-SNAPSHOT.jar:/home/user/.m2/repository/org/rocksdb/rocksdbjni/6.0.1/rocksdbjni-6.0.1.jar:/home/user/.m2/repository/org/apache/logging/log4j/log4j-api/2.11.0/log4j-api-2.11.0.jar:/home/user/.m2/repository/org/apache/logging/log4j/log4j-core/2.11.0/log4j-core-2.11.0.jar:/home/user/.m2/repository/com/lmax/disruptor/3.4.2/disruptor-3.4.2.jar:/home/user/.m2/repository/org/apache/commons/commons-pool2/2.6.0/commons-pool2-2.6.0.jar:/home/user/.m2/repository/org/bouncycastle/bcpkix-jdk15on/1.60/bcpkix-jdk15on-1.60.jar:/home/user/.m2/repository/commons-validator/commons-validator/1.6/commons-validator-1.6.jar:/home/user/.m2/repository/commons-digester/commons-digester/1.8.1/commons-digester-1.8.1.jar:/home/user/.m2/repository/io/jaegertracing/jaeger-client/0.33.1/jaeger-client-0.33.1.jar:/home/user/.m2/repository/io/jaegertracing/jaeger-thrift/0.33.1/jaeger-thrift-0.33.1.jar:/home/user/.m2/repository/org/apache/thrift/libthrift/0.11.0/libthrift-0.11.0.jar:/home/user/.m2/repository/com/squareup/okhttp3/okhttp/3.9.0/okhttp-3.9.0.jar:/home/user/.m2/repository/com/squareup/okio/okio/1.13.0/okio-1.13.0.jar:/home/user/.m2/repository/io/jaegertracing/jaeger-core/0.33.1/jaeger-core-0.33.1.jar:/home/user/.m2/repository/io/jaegertracing/jaeger-tracerresolver/0.33.1/jaeger-tracerresolver-0.33.1.jar:/home/user/.m2/repository/io/opentracing/contrib/opentracing-tracerresolver/0.1.5/opentracing-tracerresolver-0.1.5.jar:/home/user/.m2/repository/io/opentracing/opentracing-util/0.31.0/opentracing-util-0.31.0.jar:/home/user/.m2/repository/io/opentracing/opentracing-api/0.31.0/opentracing-api-0.31.0.jar:/home/user/.m2/repository/io/opentracing/opentracing-noop/0.31.0/opentracing-noop-0.31.0.jar:/home/user/.m2/repository/org/apache/hadoop/hadoop-hdds-server-framework/0.5.0-SNAPSHOT/hadoop-hdds-server-framework-0.5.0-SNAPSHOT.jar:/home/user/.m2/repository/org/apache/hadoop/hadoop-hdds-container-service/0.5.0-SNAPSHOT/hadoop-hdds-container-service-0.5.0-SNAPSHOT.jar:/home/user/.m2/repository/org/apache/hadoop/hadoop-hdds-client/0.5.0-SNAPSHOT/hadoop-hdds-client-0.5.0-SNAPSHOT.jar:/home/user/.m2/repository/org/apache/hadoop/hadoop-hdds-tools/0.5.0-SNAPSHOT/hadoop-hdds-tools-0.5.0-SNAPSHOT.jar:/home/user/.m2/repository/org/apache/hadoop/hadoop-hdds-server-scm/0.5.0-SNAPSHOT/hadoop-hdds-server-scm-0.5.0-SNAPSHOT.jar:/home/user/.m2/repository/org/apache/hadoop/hadoop-hdds-docs/0.5.0-SNAPSHOT/hadoop-hdds-docs-0.5.0-SNAPSHOT.jar:/home/user/.m2/repository/io/dropwizard/metrics/metrics-core/3.2.4/metrics-core-3.2.4.jar:/home/user/.m2/repository/org/hamcrest/hamcrest-all/1.3/hamcrest-all-1.3.jar:/home/user/.m2/repository/org/bouncycastle/bcprov-jdk15on/1.60/bcprov-jdk15on-1.60.jar:/home/user/.m2/repository/info/picocli/picocli/3.9.6/picocli-3.9.6.jar:/home/user/.m2/repository/com/google/protobuf/protobuf-java/2.5.0/protobuf-java-2.5.0.jar:/home/user/.m2/repository/com/google/guava/guava/11.0.2/guava-11.0.2.jar:/home/user/.m2/repository/org/apache/hadoop/hadoop-ozone-ozone-manager/0.5.0-SNAPSHOT/hadoop-ozone-ozone-manager-0.5.0-SNAPSHOT.jar:/home/user/.m2/repository/org/apache/hadoop/hadoop-minikdc/3.2.0/hadoop-minikdc-3.2.0.jar:/home/user/.m2/repository/commons-io/commons-io/2.5/commons-io-2.5.jar:/home/user/.m2/repository/org/apache/kerby/kerb-simplekdc/1.0.1/kerb-simplekdc-1.0.1.jar:/home/user/.m2/repository/org/apache/kerby/kerb-client/1.0.1/kerb-client-1.0.1.jar:/home/user/.m2/repository/org/apache/kerby/kerby-config/1.0.1/kerby-config-1.0.1.jar:/home/user/.m2/repository/org/apache/kerby/kerb-core/1.0.1/kerb-core-1.0.1.jar:/home/user/.m2/repository/org/apache/kerby/kerby-pkix/1.0.1/kerby-pkix-1.0.1.jar:/home/user/.m2/repository/org/apache/kerby/kerby-asn1/1.0.1/kerby-asn1-1.0.1.jar:/home/user/.m2/repository/org/apache/kerby/kerby-util/1.0.1/kerby-util-1.0.1.jar:/home/user/.m2/repository/org/apache/kerby/kerb-common/1.0.1/kerb-common-1.0.1.jar:/home/user/.m2/repository/org/apache/kerby/kerb-crypto/1.0.1/kerb-crypto-1.0.1.jar:/home/user/.m2/repository/org/apache/kerby/kerb-util/1.0.1/kerb-util-1.0.1.jar:/home/user/.m2/repository/org/apache/kerby/token-provider/1.0.1/token-provider-1.0.1.jar:/home/user/.m2/repository/org/apache/kerby/kerb-admin/1.0.1/kerb-admin-1.0.1.jar:/home/user/.m2/repository/org/apache/kerby/kerb-server/1.0.1/kerb-server-1.0.1.jar:/home/user/.m2/repository/org/apache/kerby/kerb-identity/1.0.1/kerb-identity-1.0.1.jar:/home/user/.m2/repository/org/apache/kerby/kerby-xdr/1.0.1/kerby-xdr-1.0.1.jar:/home/user/.m2/repository/org/slf4j/slf4j-log4j12/1.7.25/slf4j-log4j12-1.7.25.jar:/home/user/.m2/repository/org/apache/hadoop/hadoop-ozone-s3gateway/0.5.0-SNAPSHOT/hadoop-ozone-s3gateway-0.5.0-SNAPSHOT.jar:/home/user/.m2/repository/org/jboss/weld/servlet/weld-servlet/2.4.7.Final/weld-servlet-2.4.7.Final.jar:/home/user/.m2/repository/org/glassfish/jersey/containers/jersey-container-servlet-core/2.27/jersey-container-servlet-core-2.27.jar:/home/user/.m2/repository/org/glassfish/hk2/external/javax.inject/2.5.0-b42/javax.inject-2.5.0-b42.jar:/home/user/.m2/repository/org/glassfish/jersey/core/jersey-common/2.27/jersey-common-2.27.jar:/home/user/.m2/repository/org/glassfish/hk2/osgi-resource-locator/1.0.1/osgi-resource-locator-1.0.1.jar:/home/user/.m2/repository/javax/ws/rs/javax.ws.rs-api/2.1/javax.ws.rs-api-2.1.jar:/home/user/.m2/repository/org/glassfish/jersey/ext/cdi/jersey-cdi1x/2.27/jersey-cdi1x-2.27.jar:/home/user/.m2/repository/org/glassfish/jersey/inject/jersey-hk2/2.27/jersey-hk2-2.27.jar:/home/user/.m2/repository/org/glassfish/hk2/hk2-locator/2.5.0-b42/hk2-locator-2.5.0-b42.jar:/home/user/.m2/repository/org/javassist/javassist/3.22.0-CR2/javassist-3.22.0-CR2.jar:/home/user/.m2/repository/org/glassfish/hk2/hk2-api/2.5.0/hk2-api-2.5.0.jar:/home/user/.m2/repository/org/glassfish/hk2/external/jakarta.inject/2.5.0/jakarta.inject-2.5.0.jar:/home/user/.m2/repository/org/glassfish/hk2/hk2-utils/2.5.0/hk2-utils-2.5.0.jar:/home/user/.m2/repository/jakarta/annotation/jakarta.annotation-api/1.3.4/jakarta.annotation-api-1.3.4.jar:/home/user/.m2/repository/org/glassfish/hk2/external/aopalliance-repackaged/2.5.0/aopalliance-repackaged-2.5.0.jar:/home/user/.m2/repository/com/fasterxml/jackson/dataformat/jackson-dataformat-xml/2.9.0/jackson-dataformat-xml-2.9.0.jar:/home/user/.m2/repository/com/fasterxml/jackson/core/jackson-core/2.9.5/jackson-core-2.9.5.jar:/home/user/.m2/repository/com/fasterxml/jackson/module/jackson-module-jaxb-annotations/2.9.5/jackson-module-jaxb-annotations-2.9.5.jar:/home/user/.m2/repository/javax/enterprise/cdi-api/1.2/cdi-api-1.2.jar:/home/user/.m2/repository/javax/el/javax.el-api/3.0.0/javax.el-api-3.0.0.jar:/home/user/.m2/repository/javax/interceptor/javax.interceptor-api/1.2/javax.interceptor-api-1.2.jar:/home/user/.m2/repository/javax/inject/javax.inject/1/javax.inject-1.jar:/home/user/.m2/repository/com/sun/xml/bind/jaxb-impl/2.3.0.1/jaxb-impl-2.3.0.1.jar:/home/user/.m2/repository/com/sun/xml/bind/jaxb-core/2.3.0.1/jaxb-core-2.3.0.1.jar:/home/user/.m2/repository/javax/xml/bind/jaxb-api/2.3.0/jaxb-api-2.3.0.jar:/home/user/.m2/repository/javax/activation/activation/1.1.1/activation-1.1.1.jar:/home/user/.m2/repository/org/apache/hadoop/hadoop-ozone-csi/0.5.0-SNAPSHOT/hadoop-ozone-csi-0.5.0-SNAPSHOT.jar:/home/user/.m2/repository/com/google/protobuf/protobuf-java-util/3.5.1/protobuf-java-util-3.5.1.jar:/home/user/.m2/repository/org/apache/hadoop/hadoop-hdds-config/0.5.0-SNAPSHOT/hadoop-hdds-config-0.5.0-SNAPSHOT.jar:/home/user/.m2/repository/io/grpc/grpc-netty/1.17.1/grpc-netty-1.17.1.jar:/home/user/.m2/repository/io/grpc/grpc-core/1.17.1/grpc-core-1.17.1.jar:/home/user/.m2/repository/io/grpc/grpc-context/1.17.1/grpc-context-1.17.1.jar:/home/user/.m2/repository/com/google/errorprone/error_prone_annotations/2.2.0/error_prone_annotations-2.2.0.jar:/home/user/.m2/repository/org/codehaus/mojo/animal-sniffer-annotations/1.17/animal-sniffer-annotations-1.17.jar:/home/user/.m2/repository/io/opencensus/opencensus-api/0.17.0/opencensus-api-0.17.0.jar:/home/user/.m2/repository/io/opencensus/opencensus-contrib-grpc-metrics/0.17.0/opencensus-contrib-grpc-metrics-0.17.0.jar:/home/user/.m2/repository/io/netty/netty-codec-http2/4.1.30.Final/netty-codec-http2-4.1.30.Final.jar:/home/user/.m2/repository/io/netty/netty-codec-http/4.1.30.Final/netty-codec-http-4.1.30.Final.jar:/home/user/.m2/repository/io/netty/netty-codec/4.1.30.Final/netty-codec-4.1.30.Final.jar:/home/user/.m2/repository/io/netty/netty-handler/4.1.30.Final/netty-handler-4.1.30.Final.jar:/home/user/.m2/repository/io/netty/netty-handler-proxy/4.1.30.Final/netty-handler-proxy-4.1.30.Final.jar:/home/user/.m2/repository/io/netty/netty-codec-socks/4.1.30.Final/netty-codec-socks-4.1.30.Final.jar:/home/user/.m2/repository/io/netty/netty-transport-native-epoll/4.1.30.Final/netty-transport-native-epoll-4.1.30.Final.jar:/home/user/.m2/repository/io/netty/netty-common/4.1.30.Final/netty-common-4.1.30.Final.jar:/home/user/.m2/repository/io/netty/netty-buffer/4.1.30.Final/netty-buffer-4.1.30.Final.jar:/home/user/.m2/repository/io/netty/netty-transport/4.1.30.Final/netty-transport-4.1.30.Final.jar:/home/user/.m2/repository/io/netty/netty-resolver/4.1.30.Final/netty-resolver-4.1.30.Final.jar:/home/user/.m2/repository/io/netty/netty-transport-native-unix-common/4.1.30.Final/netty-transport-native-unix-common-4.1.30.Final.jar:/home/user/.m2/repository/io/grpc/grpc-protobuf/1.17.1/grpc-protobuf-1.17.1.jar:/home/user/.m2/repository/com/google/api/grpc/proto-google-common-protos/1.0.0/proto-google-common-protos-1.0.0.jar:/home/user/.m2/repository/io/grpc/grpc-protobuf-lite/1.17.1/grpc-protobuf-lite-1.17.1.jar:/home/user/.m2/repository/io/grpc/grpc-stub/1.17.1/grpc-stub-1.17.1.jar:/home/user/.m2/repository/org/apache/hadoop/hadoop-ozone-recon/0.5.0-SNAPSHOT/hadoop-ozone-recon-0.5.0-SNAPSHOT.jar:/home/user/.m2/repository/org/apache/hadoop/hadoop-ozone-reconcodegen/0.5.0-SNAPSHOT/hadoop-ozone-reconcodegen-0.5.0-SNAPSHOT.jar:/home/user/.m2/repository/com/google/inject/extensions/guice-multibindings/4.0/guice-multibindings-4.0.jar:/home/user/.m2/repository/com/google/inject/guice/4.0/guice-4.0.jar:/home/user/.m2/repository/aopalliance/aopalliance/1.0/aopalliance-1.0.jar:/home/user/.m2/repository/com/google/inject/extensions/guice-servlet/4.0/guice-servlet-4.0.jar:/home/user/.m2/repository/org/glassfish/jersey/containers/jersey-container-servlet/2.27/jersey-container-servlet-2.27.jar:/home/user/.m2/repository/org/glassfish/hk2/guice-bridge/2.5.0/guice-bridge-2.5.0.jar:/home/user/.m2/repository/org/glassfish/jersey/core/jersey-server/2.27/jersey-server-2.27.jar:/home/user/.m2/repository/org/glassfish/jersey/core/jersey-client/2.27/jersey-client-2.27.jar:/home/user/.m2/repository/org/glassfish/jersey/media/jersey-media-jaxb/2.27/jersey-media-jaxb-2.27.jar:/home/user/.m2/repository/javax/validation/validation-api/1.1.0.Final/validation-api-1.1.0.Final.jar:/home/user/.m2/repository/org/glassfish/jersey/media/jersey-media-json-jackson/2.27/jersey-media-json-jackson-2.27.jar:/home/user/.m2/repository/org/glassfish/jersey/ext/jersey-entity-filtering/2.27/jersey-entity-filtering-2.27.jar:/home/user/.m2/repository/com/google/inject/extensions/guice-assistedinject/4.0/guice-assistedinject-4.0.jar:/home/user/.m2/repository/org/jooq/jooq/3.11.10/jooq-3.11.10.jar:/home/user/.m2/repository/org/jooq/jooq-meta/3.11.10/jooq-meta-3.11.10.jar:/home/user/.m2/repository/org/jooq/jooq-codegen/3.11.10/jooq-codegen-3.11.10.jar:/home/user/.m2/repository/com/jolbox/bonecp/0.8.0.RELEASE/bonecp-0.8.0.RELEASE.jar:/home/user/.m2/repository/org/xerial/sqlite-jdbc/3.25.2/sqlite-jdbc-3.25.2.jar:/home/user/.m2/repository/org/springframework/spring-jdbc/5.1.3.RELEASE/spring-jdbc-5.1.3.RELEASE.jar:/home/user/.m2/repository/org/springframework/spring-beans/5.1.3.RELEASE/spring-beans-5.1.3.RELEASE.jar:/home/user/.m2/repository/org/springframework/spring-core/5.1.3.RELEASE/spring-core-5.1.3.RELEASE.jar:/home/user/.m2/repository/org/springframework/spring-jcl/5.1.3.RELEASE/spring-jcl-5.1.3.RELEASE.jar:/home/user/.m2/repository/org/springframework/spring-tx/5.1.3.RELEASE/spring-tx-5.1.3.RELEASE.jar:/home/user/.m2/repository/org/apache/hadoop/hadoop-ozone-client/0.5.0-SNAPSHOT/hadoop-ozone-client-0.5.0-SNAPSHOT.jar:/home/user/.m2/repository/commons-lang/commons-lang/2.6/commons-lang-2.6.jar:/home/user/.m2/repository/org/apache/hadoop/hadoop-ozone-ozone-manager/0.5.0-SNAPSHOT/hadoop-ozone-ozone-manager-0.5.0-SNAPSHOT-tests.jar:/home/user/.m2/repository/junit/junit/4.11/junit-4.11.jar:/home/user/.m2/repository/org/hamcrest/hamcrest-core/1.3/hamcrest-core-1.3.jar:/home/user/.m2/repository/org/openjdk/jmh/jmh-core/1.19/jmh-core-1.19.jar:/home/user/.m2/repository/net/sf/jopt-simple/jopt-simple/4.6/jopt-simple-4.6.jar:/home/user/.m2/repository/org/apache/commons/commons-math3/3.1.1/commons-math3-3.1.1.jar:/home/user/.m2/repository/org/openjdk/jmh/jmh-generator-annprocess/1.19/jmh-generator-annprocess-1.19.jar:/home/user/.m2/repository/org/mockito/mockito-all/1.8.5/mockito-all-1.8.5.jar:/home/user/.m2/repository/org/apache/hadoop/hadoop-kms/3.2.0/hadoop-kms-3.2.0.jar:/home/user/.m2/repository/org/apache/hadoop/hadoop-auth/3.2.0/hadoop-auth-3.2.0.jar:/home/user/.m2/repository/com/nimbusds/nimbus-jose-jwt/4.41.1/nimbus-jose-jwt-4.41.1.jar:/home/user/.m2/repository/com/github/stephenc/jcip/jcip-annotations/1.0-1/jcip-annotations-1.0-1.jar:/home/user/.m2/repository/net/minidev/json-smart/2.3/json-smart-2.3.jar:/home/user/.m2/repository/net/minidev/accessors-smart/1.2/accessors-smart-1.2.jar:/home/user/.m2/repository/org/ow2/asm/asm/5.0.4/asm-5.0.4.jar:/home/user/.m2/repository/org/apache/curator/curator-framework/2.12.0/curator-framework-2.12.0.jar:/home/user/.m2/repository/com/sun/jersey/jersey-core/1.19/jersey-core-1.19.jar:/home/user/.m2/repository/javax/ws/rs/jsr311-api/1.1.1/jsr311-api-1.1.1.jar:/home/user/.m2/repository/com/sun/jersey/jersey-server/1.19/jersey-server-1.19.jar:/home/user/.m2/repository/javax/servlet/javax.servlet-api/3.1.0/javax.servlet-api-3.1.0.jar:/home/user/.m2/repository/org/eclipse/jetty/jetty-server/9.3.24.v20180605/jetty-server-9.3.24.v20180605.jar:/home/user/.m2/repository/org/eclipse/jetty/jetty-http/9.3.24.v20180605/jetty-http-9.3.24.v20180605.jar:/home/user/.m2/repository/org/eclipse/jetty/jetty-io/9.3.24.v20180605/jetty-io-9.3.24.v20180605.jar:/home/user/.m2/repository/org/eclipse/jetty/jetty-webapp/9.3.24.v20180605/jetty-webapp-9.3.24.v20180605.jar:/home/user/.m2/repository/org/eclipse/jetty/jetty-xml/9.3.24.v20180605/jetty-xml-9.3.24.v20180605.jar:/home/user/.m2/repository/log4j/log4j/1.2.17/log4j-1.2.17.jar:/home/user/.m2/repository/org/slf4j/slf4j-api/1.7.25/slf4j-api-1.7.25.jar:/home/user/.m2/repository/org/slf4j/jul-to-slf4j/1.7.25/jul-to-slf4j-1.7.25.jar:/home/user/.m2/repository/org/eclipse/jetty/jetty-util/9.3.24.v20180605/jetty-util-9.3.24.v20180605.jar:/home/user/.m2/repository/com/fasterxml/jackson/core/jackson-databind/2.9.5/jackson-databind-2.9.5.jar:/home/user/.m2/repository/org/apache/hadoop/hadoop-kms/3.2.0/hadoop-kms-3.2.0-tests.jar:/home/user/.m2/repository/org/apache/hadoop/hadoop-hdds-server-scm/0.5.0-SNAPSHOT/hadoop-hdds-server-scm-0.5.0-SNAPSHOT-tests.jar:/home/user/.m2/repository/org/apache/hadoop/hadoop-hdds-container-service/0.5.0-SNAPSHOT/hadoop-hdds-container-service-0.5.0-SNAPSHOT-tests.jar:/home/user/.m2/repository/org/yaml/snakeyaml/1.16/snakeyaml-1.16.jar:/home/user/.m2/repository/org/apache/hadoop/hadoop-common/3.2.0/hadoop-common-3.2.0-tests.jar:/home/user/.m2/repository/org/apache/hadoop/hadoop-annotations/3.2.0/hadoop-annotations-3.2.0.jar:/usr/lib/jvm/java-1.8-openjdk/jre/../lib/tools.jar:/home/user/.m2/repository/commons-cli/commons-cli/1.2/commons-cli-1.2.jar:/home/user/.m2/repository/org/apache/httpcomponents/httpclient/4.5.2/httpclient-4.5.2.jar:/home/user/.m2/repository/org/apache/httpcomponents/httpcore/4.4.4/httpcore-4.4.4.jar:/home/user/.m2/repository/commons-codec/commons-codec/1.11/commons-codec-1.11.jar:/home/user/.m2/repository/commons-net/commons-net/3.6/commons-net-3.6.jar:/home/user/.m2/repository/commons-collections/commons-collections/3.2.2/commons-collections-3.2.2.jar:/home/user/.m2/repository/org/eclipse/jetty/jetty-servlet/9.3.24.v20180605/jetty-servlet-9.3.24.v20180605.jar:/home/user/.m2/repository/org/eclipse/jetty/jetty-security/9.3.24.v20180605/jetty-security-9.3.24.v20180605.jar:/home/user/.m2/repository/javax/servlet/jsp/jsp-api/2.1/jsp-api-2.1.jar:/home/user/.m2/repository/com/sun/jersey/jersey-servlet/1.19/jersey-servlet-1.19.jar:/home/user/.m2/repository/com/sun/jersey/jersey-json/1.19/jersey-json-1.19.jar:/home/user/.m2/repository/org/codehaus/jettison/jettison/1.1/jettison-1.1.jar:/home/user/.m2/repository/org/codehaus/jackson/jackson-core-asl/1.9.13/jackson-core-asl-1.9.13.jar:/home/user/.m2/repository/org/codehaus/jackson/jackson-mapper-asl/1.9.13/jackson-mapper-asl-1.9.13.jar:/home/user/.m2/repository/org/codehaus/jackson/jackson-jaxrs/1.9.13/jackson-jaxrs-1.9.13.jar:/home/user/.m2/repository/org/codehaus/jackson/jackson-xc/1.9.13/jackson-xc-1.9.13.jar:/home/user/.m2/repository/commons-logging/commons-logging/1.1.3/commons-logging-1.1.3.jar:/home/user/.m2/repository/commons-beanutils/commons-beanutils/1.9.3/commons-beanutils-1.9.3.jar:/home/user/.m2/repository/org/apache/commons/commons-configuration2/2.1.1/commons-configuration2-2.1.1.jar:/home/user/.m2/repository/org/apache/commons/commons-lang3/3.7/commons-lang3-3.7.jar:/home/user/.m2/repository/org/apache/commons/commons-text/1.4/commons-text-1.4.jar:/home/user/.m2/repository/org/apache/avro/avro/1.7.7/avro-1.7.7.jar:/home/user/.m2/repository/com/thoughtworks/paranamer/paranamer/2.3/paranamer-2.3.jar:/home/user/.m2/repository/org/xerial/snappy/snappy-java/1.0.5/snappy-java-1.0.5.jar:/home/user/.m2/repository/com/google/re2j/re2j/1.1/re2j-1.1.jar:/home/user/.m2/repository/com/google/code/gson/gson/2.2.4/gson-2.2.4.jar:/home/user/.m2/repository/com/jcraft/jsch/0.1.54/jsch-0.1.54.jar:/home/user/.m2/repository/org/apache/curator/curator-client/2.12.0/curator-client-2.12.0.jar:/home/user/.m2/repository/org/apache/curator/curator-recipes/2.12.0/curator-recipes-2.12.0.jar:/home/user/.m2/repository/com/google/code/findbugs/jsr305/3.0.0/jsr305-3.0.0.jar:/home/user/.m2/repository/org/apache/htrace/htrace-core4/4.1.0-incubating/htrace-core4-4.1.0-incubating.jar:/home/user/.m2/repository/org/apache/zookeeper/zookeeper/3.4.13/zookeeper-3.4.13.jar:/home/user/.m2/repository/org/apache/yetus/audience-annotations/0.5.0/audience-annotations-0.5.0.jar:/home/user/.m2/repository/org/codehaus/woodstox/stax2-api/3.1.4/stax2-api-3.1.4.jar:/home/user/.m2/repository/com/fasterxml/woodstox/woodstox-core/5.0.3/woodstox-core-5.0.3.jar:/home/user/.m2/repository/dnsjava/dnsjava/2.1.7/dnsjava-2.1.7.jar:/home/user/.m2/repository/org/apache/hadoop/hadoop-hdfs/3.2.0/hadoop-hdfs-3.2.0-tests.jar:/home/user/.m2/repository/org/eclipse/jetty/jetty-util-ajax/9.3.24.v20180605/jetty-util-ajax-9.3.24.v20180605.jar:/home/user/.m2/repository/commons-daemon/commons-daemon/1.0.13/commons-daemon-1.0.13.jar:/home/user/.m2/repository/io/netty/netty/3.10.5.Final/netty-3.10.5.Final.jar:/home/user/.m2/repository/io/netty/netty-all/4.0.52.Final/netty-all-4.0.52.Final.jar:/home/user/.m2/repository/org/fusesource/leveldbjni/leveldbjni-all/1.8/leveldbjni-all-1.8.jar:"/>
    <property name="sun.cpu.endian" value="little"/>
    <property name="user.home" value="/home/user"/>
    <property name="user.language" value="en"/>
    <property name="java.specification.vendor" value="Oracle Corporation"/>
    <property name="java.home" value="/usr/lib/jvm/java-1.8-openjdk/jre"/>
    <property name="java.security.krb5.conf" value="/workdir/hadoop-ozone/integration-test/target/test-classes/krb5.conf"/>
    <property name="basedir" value="/workdir/hadoop-ozone/integration-test"/>
    <property name="file.separator" value="/"/>
    <property name="line.separator" value="&#10;"/>
    <property name="java.vm.specification.vendor" value="Oracle Corporation"/>
    <property name="java.specification.name" value="Java Platform API Specification"/>
    <property name="java.awt.graphicsenv" value="sun.awt.X11GraphicsEnvironment"/>
    <property name="surefire.real.class.path" value="/workdir/hadoop-ozone/integration-test/target/surefire/surefirebooter5074910031895180673.jar"/>
    <property name="hadoop.log.dir" value="/workdir/hadoop-ozone/integration-test/target/log"/>
    <property name="sun.boot.class.path" value="/usr/lib/jvm/java-1.8-openjdk/jre/lib/resources.jar:/usr/lib/jvm/java-1.8-openjdk/jre/lib/rt.jar:/usr/lib/jvm/java-1.8-openjdk/jre/lib/sunrsasign.jar:/usr/lib/jvm/java-1.8-openjdk/jre/lib/jsse.jar:/usr/lib/jvm/java-1.8-openjdk/jre/lib/jce.jar:/usr/lib/jvm/java-1.8-openjdk/jre/lib/charsets.jar:/usr/lib/jvm/java-1.8-openjdk/jre/lib/jfr.jar:/usr/lib/jvm/java-1.8-openjdk/jre/classes"/>
    <property name="sun.management.compiler" value="HotSpot 64-Bit Tiered Compilers"/>
    <property name="java.runtime.version" value="1.8.0_212-b04"/>
    <property name="java.net.preferIPv4Stack" value="true"/>
    <property name="user.name" value="jenkins1000"/>
    <property name="path.separator" value=":"/>
    <property name="java.security.egd" value="file:///dev/urandom"/>
    <property name="os.version" value="3.10.0-957.12.2.el7.x86_64"/>
    <property name="java.endorsed.dirs" value="/usr/lib/jvm/java-1.8-openjdk/jre/lib/endorsed"/>
    <property name="java.runtime.name" value="OpenJDK Runtime Environment"/>
    <property name="file.encoding" value="UTF-8"/>
    <property name="java.vm.name" value="OpenJDK 64-Bit Server VM"/>
    <property name="test.build.webapps" value=""/>
    <property name="localRepository" value="/home/user/.m2/repository"/>
    <property name="java.vendor.url.bug" value="https://icedtea.classpath.org/bugzilla"/>
    <property name="java.io.tmpdir" value="/tmp"/>
    <property name="require.test.libhadoop" value=""/>
    <property name="java.version" value="1.8.0_212"/>
    <property name="user.dir" value="/workdir/hadoop-ozone/integration-test"/>
    <property name="os.arch" value="amd64"/>
    <property name="java.vm.specification.name" value="Java Virtual Machine Specification"/>
    <property name="test.build.classes" value="/workdir/hadoop-ozone/integration-test/target/test-classes"/>
    <property name="java.awt.printerjob" value="sun.print.PSPrinterJob"/>
    <property name="sun.os.patch.level" value="unknown"/>
    <property name="hadoop.tmp.dir" value="/workdir/hadoop-ozone/integration-test/target/tmp"/>
    <property name="java.library.path" value="/usr/lib/jvm/java-1.8-openjdk/jre/lib/amd64/server:/usr/lib/jvm/java-1.8-openjdk/jre/lib/amd64:/usr/lib/jvm/java-1.8-openjdk/jre/../lib/amd64:/workdir/hadoop-ozone/integration-test/target/native/target/usr/local/lib:/workdir/hadoop-ozone/integration-test/../../hadoop-common-project/hadoop-common/target/native/target/usr/local/lib:/usr/java/packages/lib/amd64:/usr/lib64:/lib64:/lib:/usr/lib"/>
    <property name="java.vm.info" value="mixed mode"/>
    <property name="java.vendor" value="IcedTea"/>
    <property name="java.vm.version" value="25.212-b04"/>
    <property name="java.ext.dirs" value="/usr/lib/jvm/java-1.8-openjdk/jre/lib/ext:/usr/java/packages/lib/ext"/>
    <property name="sun.io.unicode.encoding" value="UnicodeLittle"/>
    <property name="java.class.version" value="52.0"/>
  </properties>
  <testcase name="testBlockDeletion" classname="org.apache.hadoop.ozone.container.common.statemachine.commandhandler.TestBlockDeletion" time="89.246">
    <failure message="expected null, but was:&lt;[B@47ac613b&gt;" type="java.lang.AssertionError"><![CDATA[java.lang.AssertionError: expected null, but was:<[B@47ac613b>
	at org.junit.Assert.fail(Assert.java:88)
	at org.junit.Assert.failNotNull(Assert.java:664)
	at org.junit.Assert.assertNull(Assert.java:646)
	at org.junit.Assert.assertNull(Assert.java:656)
	at org.apache.hadoop.ozone.container.common.statemachine.commandhandler.TestBlockDeletion.lambda$verifyBlocksDeleted$5(TestBlockDeletion.java:334)
	at org.apache.hadoop.ozone.OzoneTestUtils.performOperationOnKeyContainers(OzoneTestUtils.java:96)
	at org.apache.hadoop.ozone.container.common.statemachine.commandhandler.TestBlockDeletion.verifyBlocksDeleted(TestBlockDeletion.java:328)
	at org.apache.hadoop.ozone.container.common.statemachine.commandhandler.TestBlockDeletion.testBlockDeletion(TestBlockDeletion.java:188)
	at sun.reflect.NativeMethodAccessorImpl.invoke0(Native Method)
	at sun.reflect.NativeMethodAccessorImpl.invoke(NativeMethodAccessorImpl.java:62)
	at sun.reflect.DelegatingMethodAccessorImpl.invoke(DelegatingMethodAccessorImpl.java:43)
	at java.lang.reflect.Method.invoke(Method.java:498)
	at org.junit.runners.model.FrameworkMethod$1.runReflectiveCall(FrameworkMethod.java:47)
	at org.junit.internal.runners.model.ReflectiveCallable.run(ReflectiveCallable.java:12)
	at org.junit.runners.model.FrameworkMethod.invokeExplosively(FrameworkMethod.java:44)
	at org.junit.internal.runners.statements.InvokeMethod.evaluate(InvokeMethod.java:17)
	at org.junit.runners.ParentRunner.runLeaf(ParentRunner.java:271)
	at org.junit.runners.BlockJUnit4ClassRunner.runChild(BlockJUnit4ClassRunner.java:70)
	at org.junit.runners.BlockJUnit4ClassRunner.runChild(BlockJUnit4ClassRunner.java:50)
	at org.junit.runners.ParentRunner$3.run(ParentRunner.java:238)
	at org.junit.runners.ParentRunner$1.schedule(ParentRunner.java:63)
	at org.junit.runners.ParentRunner.runChildren(ParentRunner.java:236)
	at org.junit.runners.ParentRunner.access$000(ParentRunner.java:53)
	at org.junit.runners.ParentRunner$2.evaluate(ParentRunner.java:229)
	at org.junit.internal.runners.statements.RunBefores.evaluate(RunBefores.java:26)
	at org.junit.runners.ParentRunner.run(ParentRunner.java:309)
	at org.apache.maven.surefire.junit4.JUnit4Provider.execute(JUnit4Provider.java:365)
	at org.apache.maven.surefire.junit4.JUnit4Provider.executeWithRerun(JUnit4Provider.java:273)
	at org.apache.maven.surefire.junit4.JUnit4Provider.executeTestSet(JUnit4Provider.java:238)
	at org.apache.maven.surefire.junit4.JUnit4Provider.invoke(JUnit4Provider.java:159)
	at org.apache.maven.surefire.booter.ForkedBooter.invokeProviderInSameClassLoader(ForkedBooter.java:384)
	at org.apache.maven.surefire.booter.ForkedBooter.runSuitesInProcess(ForkedBooter.java:345)
	at org.apache.maven.surefire.booter.ForkedBooter.execute(ForkedBooter.java:126)
	at org.apache.maven.surefire.booter.ForkedBooter.main(ForkedBooter.java:418)
]]></failure>
    <system-out><![CDATA[2019-09-18 13:03:38,219 [main] WARN  server.ServerUtils (ServerUtils.java:getScmDbDir(145)) - ozone.scm.db.dirs is not configured. We recommend adding this setting. Falling back to ozone.metadata.dirs instead.
2019-09-18 13:03:38,327 [main] WARN  server.ServerUtils (ServerUtils.java:getScmDbDir(145)) - ozone.scm.db.dirs is not configured. We recommend adding this setting. Falling back to ozone.metadata.dirs instead.
2019-09-18 13:03:38,330 [main] WARN  server.ServerUtils (ServerUtils.java:getScmDbDir(145)) - ozone.scm.db.dirs is not configured. We recommend adding this setting. Falling back to ozone.metadata.dirs instead.
2019-09-18 13:03:38,347 [main] INFO  util.log (Log.java:initialized(192)) - Logging initialized @891ms
2019-09-18 13:03:38,448 [main] INFO  db.DBStoreBuilder (DBStoreBuilder.java:addTable(110)) - using custom profile for table: deletedBlocks
2019-09-18 13:03:38,448 [main] INFO  db.DBStoreBuilder (DBStoreBuilder.java:processTables(161)) - Using default column profile:DBProfile.DISK for Table:deletedBlocks
2019-09-18 13:03:38,449 [main] INFO  db.DBStoreBuilder (DBStoreBuilder.java:addTable(110)) - using custom profile for table: validCerts
2019-09-18 13:03:38,449 [main] INFO  db.DBStoreBuilder (DBStoreBuilder.java:processTables(161)) - Using default column profile:DBProfile.DISK for Table:validCerts
2019-09-18 13:03:38,449 [main] INFO  db.DBStoreBuilder (DBStoreBuilder.java:addTable(110)) - using custom profile for table: revokedCerts
2019-09-18 13:03:38,450 [main] INFO  db.DBStoreBuilder (DBStoreBuilder.java:processTables(161)) - Using default column profile:DBProfile.DISK for Table:revokedCerts
2019-09-18 13:03:38,462 [main] INFO  db.DBStoreBuilder (DBStoreBuilder.java:addTable(110)) - using custom profile for table: default
2019-09-18 13:03:38,462 [main] INFO  db.DBStoreBuilder (DBStoreBuilder.java:processTables(167)) - Using default column profile:DBProfile.DISK for Table:default
2019-09-18 13:03:38,463 [main] INFO  db.DBStoreBuilder (DBStoreBuilder.java:getDbProfile(198)) - Using default options. DBProfile.DISK
2019-09-18 13:03:38,722 [main] INFO  net.NodeSchemaLoader (NodeSchemaLoader.java:loadSchemaFromFile(125)) - Loading file from sun.misc.CompoundEnumeration@5e0e82ae
2019-09-18 13:03:38,724 [main] INFO  net.NodeSchemaLoader (NodeSchemaLoader.java:loadSchema(171)) - Loading network topology layer schema file
2019-09-18 13:03:38,797 [main] INFO  node.SCMNodeManager (SCMNodeManager.java:<init>(114)) - Entering startup safe mode.
2019-09-18 13:03:38,871 [main] INFO  algorithms.ContainerPlacementPolicyFactory (ContainerPlacementPolicyFactory.java:getPolicy(57)) - Create container placement policy of type org.apache.hadoop.hdds.scm.container.placement.algorithms.SCMContainerPlacementRandom
2019-09-18 13:03:38,886 [main] WARN  server.ServerUtils (ServerUtils.java:getScmDbDir(145)) - ozone.scm.db.dirs is not configured. We recommend adding this setting. Falling back to ozone.metadata.dirs instead.
2019-09-18 13:03:38,947 [main] INFO  pipeline.SCMPipelineManager (SCMPipelineManager.java:initializePipelineState(128)) - No pipeline exists in current db
2019-09-18 13:03:38,950 [main] WARN  server.ServerUtils (ServerUtils.java:getScmDbDir(145)) - ozone.scm.db.dirs is not configured. We recommend adding this setting. Falling back to ozone.metadata.dirs instead.
2019-09-18 13:03:39,060 [main] WARN  events.EventQueue (EventQueue.java:fireEvent(183)) - No event handler registered for event TypedEvent{payloadType=SafeModeStatus, name='SafeModeStatus'}
2019-09-18 13:03:39,419 [main] INFO  ipc.CallQueueManager (CallQueueManager.java:<init>(84)) - Using callQueue: class java.util.concurrent.LinkedBlockingQueue, queueCapacity: 2000, scheduler: class org.apache.hadoop.ipc.DefaultRpcScheduler, ipcBackoff: false.
2019-09-18 13:03:39,579 [Socket Reader #1 for port 44222] INFO  ipc.Server (Server.java:run(1074)) - Starting Socket Reader #1 for port 44222
2019-09-18 13:03:39,631 [main] INFO  ipc.CallQueueManager (CallQueueManager.java:<init>(84)) - Using callQueue: class java.util.concurrent.LinkedBlockingQueue, queueCapacity: 2000, scheduler: class org.apache.hadoop.ipc.DefaultRpcScheduler, ipcBackoff: false.
2019-09-18 13:03:39,632 [Socket Reader #1 for port 36523] INFO  ipc.Server (Server.java:run(1074)) - Starting Socket Reader #1 for port 36523
2019-09-18 13:03:39,644 [main] INFO  ipc.CallQueueManager (CallQueueManager.java:<init>(84)) - Using callQueue: class java.util.concurrent.LinkedBlockingQueue, queueCapacity: 2000, scheduler: class org.apache.hadoop.ipc.DefaultRpcScheduler, ipcBackoff: false.
2019-09-18 13:03:39,645 [Socket Reader #1 for port 43577] INFO  ipc.Server (Server.java:run(1074)) - Starting Socket Reader #1 for port 43577
2019-09-18 13:03:39,669 [main] INFO  hdfs.DFSUtil (DFSUtil.java:httpServerTemplateForNNAndJN(1641)) - Starting Web-server for scm at: http://0.0.0.0:0
2019-09-18 13:03:39,840 [main] INFO  server.AuthenticationFilter (AuthenticationFilter.java:constructSecretProvider(240)) - Unable to initialize FileSignerSecretProvider, falling back to use random secrets.
2019-09-18 13:03:39,848 [main] WARN  http.HttpRequestLog (HttpRequestLog.java:getRequestLog(97)) - Jetty request log can only be enabled using Log4j
2019-09-18 13:03:39,857 [main] INFO  http.HttpServer2 (HttpServer2.java:addGlobalFilter(975)) - Added global filter 'safety' (class=org.apache.hadoop.http.HttpServer2$QuotingInputFilter)
2019-09-18 13:03:39,859 [main] INFO  http.HttpServer2 (HttpServer2.java:addFilter(948)) - Added filter static_user_filter (class=org.apache.hadoop.http.lib.StaticUserWebFilter$StaticUserFilter) to context scm
2019-09-18 13:03:39,860 [main] INFO  http.HttpServer2 (HttpServer2.java:addFilter(958)) - Added filter static_user_filter (class=org.apache.hadoop.http.lib.StaticUserWebFilter$StaticUserFilter) to context static
2019-09-18 13:03:39,860 [main] INFO  http.HttpServer2 (HttpServer2.java:addFilter(958)) - Added filter static_user_filter (class=org.apache.hadoop.http.lib.StaticUserWebFilter$StaticUserFilter) to context logs
2019-09-18 13:03:39,892 [main] INFO  server.StorageContainerManager (StorageContainerManager.java:start(763)) - StorageContainerLocationProtocol RPC server is listening at /0.0.0.0:43577
2019-09-18 13:03:39,978 [main] WARN  impl.MetricsConfig (MetricsConfig.java:loadFirst(134)) - Cannot locate configuration: tried hadoop-metrics2-storagecontainermanager.properties,hadoop-metrics2.properties
2019-09-18 13:03:39,997 [main] INFO  impl.MetricsSystemImpl (MetricsSystemImpl.java:startTimer(374)) - Scheduled Metric snapshot period at 10 second(s).
2019-09-18 13:03:39,997 [main] INFO  impl.MetricsSystemImpl (MetricsSystemImpl.java:start(191)) - StorageContainerManager metrics system started
2019-09-18 13:03:40,275 [main] INFO  server.SCMClientProtocolServer (SCMClientProtocolServer.java:start(151)) - RPC server for Client  is listening at /0.0.0.0:43577
2019-09-18 13:03:40,276 [IPC Server Responder] INFO  ipc.Server (Server.java:run(1314)) - IPC Server Responder: starting
2019-09-18 13:03:40,276 [IPC Server listener on 43577] INFO  ipc.Server (Server.java:run(1153)) - IPC Server listener on 43577: starting
2019-09-18 13:03:40,278 [main] INFO  server.StorageContainerManager (StorageContainerManager.java:start(773)) - ScmBlockLocationProtocol RPC server is listening at /0.0.0.0:36523
2019-09-18 13:03:40,280 [main] INFO  server.SCMBlockProtocolServer (SCMBlockProtocolServer.java:start(146)) - RPC server for Block Protocol is listening at /0.0.0.0:36523
2019-09-18 13:03:40,280 [IPC Server Responder] INFO  ipc.Server (Server.java:run(1314)) - IPC Server Responder: starting
2019-09-18 13:03:40,280 [IPC Server listener on 36523] INFO  ipc.Server (Server.java:run(1153)) - IPC Server listener on 36523: starting
2019-09-18 13:03:40,283 [main] INFO  server.StorageContainerManager (StorageContainerManager.java:start(777)) - ScmDatanodeProtocl RPC server is listening at /0.0.0.0:44222
2019-09-18 13:03:40,283 [main] INFO  server.SCMDatanodeProtocolServer (SCMDatanodeProtocolServer.java:start(191)) - RPC server for DataNodes is listening at /0.0.0.0:44222
2019-09-18 13:03:40,284 [IPC Server Responder] INFO  ipc.Server (Server.java:run(1314)) - IPC Server Responder: starting
2019-09-18 13:03:40,284 [IPC Server listener on 44222] INFO  ipc.Server (Server.java:run(1153)) - IPC Server listener on 44222: starting
2019-09-18 13:03:40,288 [main] INFO  http.HttpServer2 (HttpServer2.java:bindListener(1191)) - Jetty bound to port 37209
2019-09-18 13:03:40,289 [main] INFO  server.Server (Server.java:doStart(351)) - jetty-9.3.24.v20180605, build timestamp: 2018-06-05T17:11:56Z, git hash: 84205aa28f11a4f31f2a3b86d1bba2cc8ab69827
2019-09-18 13:03:40,329 [main] INFO  handler.ContextHandler (ContextHandler.java:doStart(781)) - Started o.e.j.s.ServletContextHandler@260e86a1{/logs,file:///workdir/hadoop-ozone/integration-test/target/log,AVAILABLE}
2019-09-18 13:03:40,329 [main] INFO  handler.ContextHandler (ContextHandler.java:doStart(781)) - Started o.e.j.s.ServletContextHandler@12bd8a64{/static,file:///workdir/hadoop-ozone/integration-test/target/test-classes/webapps/static,AVAILABLE}
2019-09-18 13:03:40,364 [main] INFO  handler.ContextHandler (ContextHandler.java:doStart(781)) - Started o.e.j.w.WebAppContext@3f093abe{/,file:///workdir/hadoop-ozone/integration-test/target/test-classes/webapps/scm/,AVAILABLE}{/scm}
2019-09-18 13:03:40,369 [main] INFO  server.AbstractConnector (AbstractConnector.java:doStart(278)) - Started ServerConnector@724bade8{HTTP/1.1,[http/1.1]}{0.0.0.0:37209}
2019-09-18 13:03:40,370 [main] INFO  server.Server (Server.java:doStart(419)) - Started @2914ms
2019-09-18 13:03:40,372 [main] INFO  impl.MetricsSinkAdapter (MetricsSinkAdapter.java:start(204)) - Sink prometheus started
2019-09-18 13:03:40,372 [main] INFO  impl.MetricsSystemImpl (MetricsSystemImpl.java:registerSink(301)) - Registered sink prometheus
2019-09-18 13:03:40,373 [main] INFO  server.BaseHttpServer (BaseHttpServer.java:updateConnectorAddress(215)) - HTTP server of SCM is listening at http://0.0.0.0:37209
2019-09-18 13:03:40,380 [SCMBlockDeletingService#1] DEBUG block.SCMBlockDeletingService (SCMBlockDeletingService.java:call(138)) - Running DeletedBlockTransactionScanner
2019-09-18 13:03:40,382 [org.apache.hadoop.util.JvmPauseMonitor$Monitor@6970140a] INFO  util.JvmPauseMonitor (JvmPauseMonitor.java:run(188)) - Starting JVM pause monitor
2019-09-18 13:03:40,386 [main] WARN  server.ServerUtils (ServerUtils.java:getDBPath(222)) - ozone.om.db.dirs is not configured. We recommend adding this setting. Falling back to ozone.metadata.dirs instead.
2019-09-18 13:03:40,393 [SCMBlockDeletingService#1] DEBUG block.SCMBlockDeletingService (SCMBlockDeletingService.java:call(155)) - Scanned deleted blocks log and got 0 delTX to process.
2019-09-18 13:03:40,495 [SCMBlockDeletingService#1] DEBUG block.SCMBlockDeletingService (SCMBlockDeletingService.java:call(138)) - Running DeletedBlockTransactionScanner
2019-09-18 13:03:40,496 [SCMBlockDeletingService#1] DEBUG block.SCMBlockDeletingService (SCMBlockDeletingService.java:call(155)) - Scanned deleted blocks log and got 0 delTX to process.
2019-09-18 13:03:40,531 [main] WARN  server.ServerUtils (ServerUtils.java:getDBPath(222)) - ozone.om.db.dirs is not configured. We recommend adding this setting. Falling back to ozone.metadata.dirs instead.
2019-09-18 13:03:40,532 [main] WARN  server.ServerUtils (ServerUtils.java:getDBPath(222)) - ozone.om.db.dirs is not configured. We recommend adding this setting. Falling back to ozone.metadata.dirs instead.
2019-09-18 13:03:40,533 [main] INFO  om.OzoneManager (OzoneManager.java:setOMNodeDetails(649)) - OM Service ID is not set. Setting it to the default ID: omServiceIdDefault
2019-09-18 13:03:40,534 [main] INFO  om.OzoneManager (OzoneManager.java:setOMNodeDetails(655)) - OM Node ID is not set. Setting it to the OmStorage's OmID: 304c60f2-06fa-48c0-9c34-d4838535c6d2
2019-09-18 13:03:40,535 [main] INFO  om.OzoneManager (OzoneManager.java:loadOMHAConfigs(606)) - Found matching OM address with OMServiceId: null, OMNodeId: null, RPC Address: localhost:0 and Ratis port: 9872
2019-09-18 13:03:40,597 [SCMBlockDeletingService#1] DEBUG block.SCMBlockDeletingService (SCMBlockDeletingService.java:call(138)) - Running DeletedBlockTransactionScanner
2019-09-18 13:03:40,597 [SCMBlockDeletingService#1] DEBUG block.SCMBlockDeletingService (SCMBlockDeletingService.java:call(155)) - Scanned deleted blocks log and got 0 delTX to process.
2019-09-18 13:03:40,698 [SCMBlockDeletingService#1] DEBUG block.SCMBlockDeletingService (SCMBlockDeletingService.java:call(138)) - Running DeletedBlockTransactionScanner
2019-09-18 13:03:40,698 [SCMBlockDeletingService#1] DEBUG block.SCMBlockDeletingService (SCMBlockDeletingService.java:call(155)) - Scanned deleted blocks log and got 0 delTX to process.
2019-09-18 13:03:40,799 [SCMBlockDeletingService#1] DEBUG block.SCMBlockDeletingService (SCMBlockDeletingService.java:call(138)) - Running DeletedBlockTransactionScanner
2019-09-18 13:03:40,799 [SCMBlockDeletingService#1] DEBUG block.SCMBlockDeletingService (SCMBlockDeletingService.java:call(155)) - Scanned deleted blocks log and got 0 delTX to process.
2019-09-18 13:03:40,900 [SCMBlockDeletingService#1] DEBUG block.SCMBlockDeletingService (SCMBlockDeletingService.java:call(138)) - Running DeletedBlockTransactionScanner
2019-09-18 13:03:40,901 [SCMBlockDeletingService#1] DEBUG block.SCMBlockDeletingService (SCMBlockDeletingService.java:call(155)) - Scanned deleted blocks log and got 0 delTX to process.
2019-09-18 13:03:41,001 [SCMBlockDeletingService#1] DEBUG block.SCMBlockDeletingService (SCMBlockDeletingService.java:call(138)) - Running DeletedBlockTransactionScanner
2019-09-18 13:03:41,002 [SCMBlockDeletingService#1] DEBUG block.SCMBlockDeletingService (SCMBlockDeletingService.java:call(155)) - Scanned deleted blocks log and got 0 delTX to process.
2019-09-18 13:03:41,102 [SCMBlockDeletingService#1] DEBUG block.SCMBlockDeletingService (SCMBlockDeletingService.java:call(138)) - Running DeletedBlockTransactionScanner
2019-09-18 13:03:41,103 [SCMBlockDeletingService#1] DEBUG block.SCMBlockDeletingService (SCMBlockDeletingService.java:call(155)) - Scanned deleted blocks log and got 0 delTX to process.
2019-09-18 13:03:41,203 [SCMBlockDeletingService#0] DEBUG block.SCMBlockDeletingService (SCMBlockDeletingService.java:call(138)) - Running DeletedBlockTransactionScanner
2019-09-18 13:03:41,204 [SCMBlockDeletingService#0] DEBUG block.SCMBlockDeletingService (SCMBlockDeletingService.java:call(155)) - Scanned deleted blocks log and got 0 delTX to process.
2019-09-18 13:03:41,305 [SCMBlockDeletingService#0] DEBUG block.SCMBlockDeletingService (SCMBlockDeletingService.java:call(138)) - Running DeletedBlockTransactionScanner
2019-09-18 13:03:41,305 [SCMBlockDeletingService#0] DEBUG block.SCMBlockDeletingService (SCMBlockDeletingService.java:call(155)) - Scanned deleted blocks log and got 0 delTX to process.
2019-09-18 13:03:41,330 [main] WARN  server.ServerUtils (ServerUtils.java:getDBPath(222)) - ozone.om.db.dirs is not configured. We recommend adding this setting. Falling back to ozone.metadata.dirs instead.
2019-09-18 13:03:41,337 [main] INFO  db.DBStoreBuilder (DBStoreBuilder.java:addTable(110)) - using custom profile for table: userTable
2019-09-18 13:03:41,337 [main] INFO  db.DBStoreBuilder (DBStoreBuilder.java:processTables(161)) - Using default column profile:DBProfile.DISK for Table:userTable
2019-09-18 13:03:41,338 [main] INFO  db.DBStoreBuilder (DBStoreBuilder.java:addTable(110)) - using custom profile for table: volumeTable
2019-09-18 13:03:41,338 [main] INFO  db.DBStoreBuilder (DBStoreBuilder.java:processTables(161)) - Using default column profile:DBProfile.DISK for Table:volumeTable
2019-09-18 13:03:41,338 [main] INFO  db.DBStoreBuilder (DBStoreBuilder.java:addTable(110)) - using custom profile for table: bucketTable
2019-09-18 13:03:41,338 [main] INFO  db.DBStoreBuilder (DBStoreBuilder.java:processTables(161)) - Using default column profile:DBProfile.DISK for Table:bucketTable
2019-09-18 13:03:41,339 [main] INFO  db.DBStoreBuilder (DBStoreBuilder.java:addTable(110)) - using custom profile for table: keyTable
2019-09-18 13:03:41,339 [main] INFO  db.DBStoreBuilder (DBStoreBuilder.java:processTables(161)) - Using default column profile:DBProfile.DISK for Table:keyTable
2019-09-18 13:03:41,339 [main] INFO  db.DBStoreBuilder (DBStoreBuilder.java:addTable(110)) - using custom profile for table: deletedTable
2019-09-18 13:03:41,339 [main] INFO  db.DBStoreBuilder (DBStoreBuilder.java:processTables(161)) - Using default column profile:DBProfile.DISK for Table:deletedTable
2019-09-18 13:03:41,340 [main] INFO  db.DBStoreBuilder (DBStoreBuilder.java:addTable(110)) - using custom profile for table: openKeyTable
2019-09-18 13:03:41,340 [main] INFO  db.DBStoreBuilder (DBStoreBuilder.java:processTables(161)) - Using default column profile:DBProfile.DISK for Table:openKeyTable
2019-09-18 13:03:41,340 [main] INFO  db.DBStoreBuilder (DBStoreBuilder.java:addTable(110)) - using custom profile for table: s3Table
2019-09-18 13:03:41,340 [main] INFO  db.DBStoreBuilder (DBStoreBuilder.java:processTables(161)) - Using default column profile:DBProfile.DISK for Table:s3Table
2019-09-18 13:03:41,340 [main] INFO  db.DBStoreBuilder (DBStoreBuilder.java:addTable(110)) - using custom profile for table: multipartInfoTable
2019-09-18 13:03:41,341 [main] INFO  db.DBStoreBuilder (DBStoreBuilder.java:processTables(161)) - Using default column profile:DBProfile.DISK for Table:multipartInfoTable
2019-09-18 13:03:41,341 [main] INFO  db.DBStoreBuilder (DBStoreBuilder.java:addTable(110)) - using custom profile for table: dTokenTable
2019-09-18 13:03:41,341 [main] INFO  db.DBStoreBuilder (DBStoreBuilder.java:processTables(161)) - Using default column profile:DBProfile.DISK for Table:dTokenTable
2019-09-18 13:03:41,341 [main] INFO  db.DBStoreBuilder (DBStoreBuilder.java:addTable(110)) - using custom profile for table: s3SecretTable
2019-09-18 13:03:41,342 [main] INFO  db.DBStoreBuilder (DBStoreBuilder.java:processTables(161)) - Using default column profile:DBProfile.DISK for Table:s3SecretTable
2019-09-18 13:03:41,342 [main] INFO  db.DBStoreBuilder (DBStoreBuilder.java:addTable(110)) - using custom profile for table: prefixTable
2019-09-18 13:03:41,342 [main] INFO  db.DBStoreBuilder (DBStoreBuilder.java:processTables(161)) - Using default column profile:DBProfile.DISK for Table:prefixTable
2019-09-18 13:03:41,342 [main] INFO  db.DBStoreBuilder (DBStoreBuilder.java:addTable(110)) - using custom profile for table: default
2019-09-18 13:03:41,342 [main] INFO  db.DBStoreBuilder (DBStoreBuilder.java:processTables(167)) - Using default column profile:DBProfile.DISK for Table:default
2019-09-18 13:03:41,343 [main] INFO  db.DBStoreBuilder (DBStoreBuilder.java:getDbProfile(198)) - Using default options. DBProfile.DISK
2019-09-18 13:03:41,406 [SCMBlockDeletingService#0] DEBUG block.SCMBlockDeletingService (SCMBlockDeletingService.java:call(138)) - Running DeletedBlockTransactionScanner
2019-09-18 13:03:41,406 [SCMBlockDeletingService#0] DEBUG block.SCMBlockDeletingService (SCMBlockDeletingService.java:call(155)) - Scanned deleted blocks log and got 0 delTX to process.
2019-09-18 13:03:41,507 [SCMBlockDeletingService#1] DEBUG block.SCMBlockDeletingService (SCMBlockDeletingService.java:call(138)) - Running DeletedBlockTransactionScanner
2019-09-18 13:03:41,508 [SCMBlockDeletingService#1] DEBUG block.SCMBlockDeletingService (SCMBlockDeletingService.java:call(155)) - Scanned deleted blocks log and got 0 delTX to process.
2019-09-18 13:03:41,608 [SCMBlockDeletingService#1] DEBUG block.SCMBlockDeletingService (SCMBlockDeletingService.java:call(138)) - Running DeletedBlockTransactionScanner
2019-09-18 13:03:41,609 [SCMBlockDeletingService#1] DEBUG block.SCMBlockDeletingService (SCMBlockDeletingService.java:call(155)) - Scanned deleted blocks log and got 0 delTX to process.
2019-09-18 13:03:41,710 [SCMBlockDeletingService#1] DEBUG block.SCMBlockDeletingService (SCMBlockDeletingService.java:call(138)) - Running DeletedBlockTransactionScanner
2019-09-18 13:03:41,710 [SCMBlockDeletingService#1] DEBUG block.SCMBlockDeletingService (SCMBlockDeletingService.java:call(155)) - Scanned deleted blocks log and got 0 delTX to process.
2019-09-18 13:03:41,811 [SCMBlockDeletingService#1] DEBUG block.SCMBlockDeletingService (SCMBlockDeletingService.java:call(138)) - Running DeletedBlockTransactionScanner
2019-09-18 13:03:41,811 [SCMBlockDeletingService#1] DEBUG block.SCMBlockDeletingService (SCMBlockDeletingService.java:call(155)) - Scanned deleted blocks log and got 0 delTX to process.
2019-09-18 13:03:41,912 [SCMBlockDeletingService#1] DEBUG block.SCMBlockDeletingService (SCMBlockDeletingService.java:call(138)) - Running DeletedBlockTransactionScanner
2019-09-18 13:03:41,912 [SCMBlockDeletingService#1] DEBUG block.SCMBlockDeletingService (SCMBlockDeletingService.java:call(155)) - Scanned deleted blocks log and got 0 delTX to process.
2019-09-18 13:03:41,988 [main] INFO  ipc.CallQueueManager (CallQueueManager.java:<init>(84)) - Using callQueue: class java.util.concurrent.LinkedBlockingQueue, queueCapacity: 2000, scheduler: class org.apache.hadoop.ipc.DefaultRpcScheduler, ipcBackoff: false.
2019-09-18 13:03:41,990 [Socket Reader #1 for port 45856] INFO  ipc.Server (Server.java:run(1074)) - Starting Socket Reader #1 for port 45856
2019-09-18 13:03:42,014 [SCMBlockDeletingService#1] DEBUG block.SCMBlockDeletingService (SCMBlockDeletingService.java:call(138)) - Running DeletedBlockTransactionScanner
2019-09-18 13:03:42,015 [SCMBlockDeletingService#1] DEBUG block.SCMBlockDeletingService (SCMBlockDeletingService.java:call(155)) - Scanned deleted blocks log and got 0 delTX to process.
2019-09-18 13:03:42,018 [main] INFO  om.OzoneManager (OzoneManager.java:start(1240)) - OzoneManager RPC server is listening at localhost/127.0.0.1:45856
2019-09-18 13:03:42,018 [main] INFO  impl.MetricsSystemImpl (MetricsSystemImpl.java:init(158)) - OzoneManager metrics system started (again)
2019-09-18 13:03:42,020 [IPC Server Responder] INFO  ipc.Server (Server.java:run(1314)) - IPC Server Responder: starting
2019-09-18 13:03:42,020 [IPC Server listener on 45856] INFO  ipc.Server (Server.java:run(1153)) - IPC Server listener on 45856: starting
2019-09-18 13:03:42,028 [main] INFO  hdfs.DFSUtil (DFSUtil.java:httpServerTemplateForNNAndJN(1641)) - Starting Web-server for ozoneManager at: http://0.0.0.0:0
2019-09-18 13:03:42,031 [main] INFO  server.AuthenticationFilter (AuthenticationFilter.java:constructSecretProvider(240)) - Unable to initialize FileSignerSecretProvider, falling back to use random secrets.
2019-09-18 13:03:42,033 [main] WARN  http.HttpRequestLog (HttpRequestLog.java:getRequestLog(97)) - Jetty request log can only be enabled using Log4j
2019-09-18 13:03:42,036 [main] INFO  http.HttpServer2 (HttpServer2.java:addGlobalFilter(975)) - Added global filter 'safety' (class=org.apache.hadoop.http.HttpServer2$QuotingInputFilter)
2019-09-18 13:03:42,038 [main] INFO  http.HttpServer2 (HttpServer2.java:addFilter(948)) - Added filter static_user_filter (class=org.apache.hadoop.http.lib.StaticUserWebFilter$StaticUserFilter) to context ozoneManager
2019-09-18 13:03:42,038 [main] INFO  http.HttpServer2 (HttpServer2.java:addFilter(958)) - Added filter static_user_filter (class=org.apache.hadoop.http.lib.StaticUserWebFilter$StaticUserFilter) to context logs
2019-09-18 13:03:42,039 [main] INFO  http.HttpServer2 (HttpServer2.java:addFilter(958)) - Added filter static_user_filter (class=org.apache.hadoop.http.lib.StaticUserWebFilter$StaticUserFilter) to context static
2019-09-18 13:03:42,043 [main] INFO  http.HttpServer2 (HttpServer2.java:bindListener(1191)) - Jetty bound to port 40348
2019-09-18 13:03:42,043 [main] INFO  server.Server (Server.java:doStart(351)) - jetty-9.3.24.v20180605, build timestamp: 2018-06-05T17:11:56Z, git hash: 84205aa28f11a4f31f2a3b86d1bba2cc8ab69827
2019-09-18 13:03:42,047 [main] INFO  handler.ContextHandler (ContextHandler.java:doStart(781)) - Started o.e.j.s.ServletContextHandler@25d3cfc8{/logs,file:///workdir/hadoop-ozone/integration-test/target/log,AVAILABLE}
2019-09-18 13:03:42,048 [main] INFO  handler.ContextHandler (ContextHandler.java:doStart(781)) - Started o.e.j.s.ServletContextHandler@2571066a{/static,file:///workdir/hadoop-ozone/integration-test/target/test-classes/webapps/static,AVAILABLE}
2019-09-18 13:03:42,056 [main] INFO  handler.ContextHandler (ContextHandler.java:doStart(781)) - Started o.e.j.w.WebAppContext@444548a0{/,file:///workdir/hadoop-ozone/integration-test/target/test-classes/webapps/ozoneManager/,AVAILABLE}{/ozoneManager}
2019-09-18 13:03:42,058 [main] INFO  server.AbstractConnector (AbstractConnector.java:doStart(278)) - Started ServerConnector@3766c667{HTTP/1.1,[http/1.1]}{0.0.0.0:40348}
2019-09-18 13:03:42,059 [main] INFO  server.Server (Server.java:doStart(419)) - Started @4603ms
2019-09-18 13:03:42,059 [main] WARN  impl.MetricsSystemImpl (MetricsSystemImpl.java:register(276)) - Sink prometheus already exists!
2019-09-18 13:03:42,060 [main] INFO  server.BaseHttpServer (BaseHttpServer.java:updateConnectorAddress(215)) - HTTP server of OZONEMANAGER is listening at http://0.0.0.0:40348
2019-09-18 13:03:42,116 [SCMBlockDeletingService#1] DEBUG block.SCMBlockDeletingService (SCMBlockDeletingService.java:call(138)) - Running DeletedBlockTransactionScanner
2019-09-18 13:03:42,309 [SCMBlockDeletingService#1] DEBUG block.SCMBlockDeletingService (SCMBlockDeletingService.java:call(155)) - Scanned deleted blocks log and got 0 delTX to process.
2019-09-18 13:03:42,409 [SCMBlockDeletingService#1] DEBUG block.SCMBlockDeletingService (SCMBlockDeletingService.java:call(138)) - Running DeletedBlockTransactionScanner
2019-09-18 13:03:42,410 [SCMBlockDeletingService#1] DEBUG block.SCMBlockDeletingService (SCMBlockDeletingService.java:call(155)) - Scanned deleted blocks log and got 0 delTX to process.
2019-09-18 13:03:42,417 [main] INFO  impl.MetricsSystemImpl (MetricsSystemImpl.java:init(158)) - HddsDatanode metrics system started (again)
2019-09-18 13:03:42,464 [main] INFO  ozone.HddsDatanodeService (HddsDatanodeService.java:start(184)) - HddsDatanodeService host:pr-hdds-2141-4zm8s-3863693661 ip:192.168.69.108
2019-09-18 13:03:42,498 [main] INFO  volume.HddsVolume (HddsVolume.java:<init>(176)) - Creating Volume: /workdir/hadoop-ozone/integration-test/target/test-dir/MiniOzoneClusterImpl-d4f86b9a-5145-424e-a2a6-5719e876ec3b/datanode-0/data/containers/hdds of  storage type : DISK and capacity : 1482555576320
2019-09-18 13:03:42,501 [main] INFO  volume.VolumeSet (VolumeSet.java:initializeVolumeSet(170)) - Added Volume : /workdir/hadoop-ozone/integration-test/target/test-dir/MiniOzoneClusterImpl-d4f86b9a-5145-424e-a2a6-5719e876ec3b/datanode-0/data/containers/hdds to VolumeSet
2019-09-18 13:03:42,506 [main] INFO  volume.ThrottledAsyncChecker (ThrottledAsyncChecker.java:schedule(139)) - Scheduling a check for org.apache.hadoop.ozone.container.common.volume.HddsVolume@7a231dfd
2019-09-18 13:03:42,510 [SCMBlockDeletingService#1] DEBUG block.SCMBlockDeletingService (SCMBlockDeletingService.java:call(138)) - Running DeletedBlockTransactionScanner
2019-09-18 13:03:42,510 [SCMBlockDeletingService#1] DEBUG block.SCMBlockDeletingService (SCMBlockDeletingService.java:call(155)) - Scanned deleted blocks log and got 0 delTX to process.
2019-09-18 13:03:42,534 [main] INFO  volume.HddsVolumeChecker (HddsVolumeChecker.java:checkAllVolumes(202)) - Scheduled health check for volume org.apache.hadoop.ozone.container.common.volume.HddsVolume@7a231dfd
2019-09-18 13:03:42,611 [SCMBlockDeletingService#1] DEBUG block.SCMBlockDeletingService (SCMBlockDeletingService.java:call(138)) - Running DeletedBlockTransactionScanner
2019-09-18 13:03:42,612 [SCMBlockDeletingService#1] DEBUG block.SCMBlockDeletingService (SCMBlockDeletingService.java:call(155)) - Scanned deleted blocks log and got 0 delTX to process.
2019-09-18 13:03:42,666 [main] INFO  impl.RaftServerProxy (ConfUtils.java:logGet(43)) - raft.rpc.type = GRPC (default)
2019-09-18 13:03:42,712 [SCMBlockDeletingService#1] DEBUG block.SCMBlockDeletingService (SCMBlockDeletingService.java:call(138)) - Running DeletedBlockTransactionScanner
2019-09-18 13:03:42,713 [SCMBlockDeletingService#1] DEBUG block.SCMBlockDeletingService (SCMBlockDeletingService.java:call(155)) - Scanned deleted blocks log and got 0 delTX to process.
2019-09-18 13:03:42,736 [main] INFO  grpc.GrpcFactory (GrpcFactory.java:checkPooledByteBufAllocatorUseCacheForAllThreads(45)) - PERFORMANCE WARNING: useCacheForAllThreads is true that may cause Netty to create a lot garbage objects and, as a result, trigger GC.
	It is recommended to disable useCacheForAllThreads by setting -Dorg.apache.ratis.thirdparty.io.netty.allocator.useCacheForAllThreads=false in command line.
2019-09-18 13:03:42,741 [main] INFO  grpc.GrpcConfigKeys$Server (ConfUtils.java:logGet(43)) - raft.grpc.server.port = 0 (default)
2019-09-18 13:03:42,742 [main] INFO  server.GrpcService (ConfUtils.java:logGet(43)) - raft.grpc.message.size.max = 33570816 (custom)
2019-09-18 13:03:42,743 [main] INFO  server.RaftServerConfigKeys (ConfUtils.java:logGet(43)) - raft.server.log.appender.buffer.byte-limit = 33554432 (custom)
2019-09-18 13:03:42,744 [main] INFO  server.GrpcService (ConfUtils.java:logGet(43)) - raft.grpc.flow.control.window = 1MB (=1048576) (default)
2019-09-18 13:03:42,745 [main] INFO  server.RaftServerConfigKeys (ConfUtils.java:logGet(43)) - raft.server.rpc.request.timeout = 3000ms (default)
2019-09-18 13:03:42,813 [SCMBlockDeletingService#1] DEBUG block.SCMBlockDeletingService (SCMBlockDeletingService.java:call(138)) - Running DeletedBlockTransactionScanner
2019-09-18 13:03:42,814 [SCMBlockDeletingService#1] DEBUG block.SCMBlockDeletingService (SCMBlockDeletingService.java:call(155)) - Scanned deleted blocks log and got 0 delTX to process.
2019-09-18 13:03:42,914 [SCMBlockDeletingService#1] DEBUG block.SCMBlockDeletingService (SCMBlockDeletingService.java:call(138)) - Running DeletedBlockTransactionScanner
2019-09-18 13:03:42,915 [SCMBlockDeletingService#1] DEBUG block.SCMBlockDeletingService (SCMBlockDeletingService.java:call(155)) - Scanned deleted blocks log and got 0 delTX to process.
2019-09-18 13:03:42,944 [main] INFO  server.RaftServerConfigKeys (ConfUtils.java:logGet(43)) - raft.server.storage.dir = [/workdir/hadoop-ozone/integration-test/target/test-dir/MiniOzoneClusterImpl-d4f86b9a-5145-424e-a2a6-5719e876ec3b/datanode-0/data/ratis] (custom)
2019-09-18 13:03:42,996 [main] INFO  hdfs.DFSUtil (DFSUtil.java:httpServerTemplateForNNAndJN(1641)) - Starting Web-server for hddsDatanode at: http://0.0.0.0:0
2019-09-18 13:03:42,998 [main] INFO  server.AuthenticationFilter (AuthenticationFilter.java:constructSecretProvider(240)) - Unable to initialize FileSignerSecretProvider, falling back to use random secrets.
2019-09-18 13:03:42,998 [main] WARN  http.HttpRequestLog (HttpRequestLog.java:getRequestLog(97)) - Jetty request log can only be enabled using Log4j
2019-09-18 13:03:43,000 [main] INFO  http.HttpServer2 (HttpServer2.java:addGlobalFilter(975)) - Added global filter 'safety' (class=org.apache.hadoop.http.HttpServer2$QuotingInputFilter)
2019-09-18 13:03:43,000 [main] INFO  http.HttpServer2 (HttpServer2.java:addFilter(948)) - Added filter static_user_filter (class=org.apache.hadoop.http.lib.StaticUserWebFilter$StaticUserFilter) to context hddsDatanode
2019-09-18 13:03:43,001 [main] INFO  http.HttpServer2 (HttpServer2.java:addFilter(958)) - Added filter static_user_filter (class=org.apache.hadoop.http.lib.StaticUserWebFilter$StaticUserFilter) to context static
2019-09-18 13:03:43,001 [main] INFO  http.HttpServer2 (HttpServer2.java:addFilter(958)) - Added filter static_user_filter (class=org.apache.hadoop.http.lib.StaticUserWebFilter$StaticUserFilter) to context logs
2019-09-18 13:03:43,002 [main] INFO  http.HttpServer2 (HttpServer2.java:bindListener(1191)) - Jetty bound to port 34188
2019-09-18 13:03:43,002 [main] INFO  server.Server (Server.java:doStart(351)) - jetty-9.3.24.v20180605, build timestamp: 2018-06-05T17:11:56Z, git hash: 84205aa28f11a4f31f2a3b86d1bba2cc8ab69827
2019-09-18 13:03:43,004 [main] INFO  handler.ContextHandler (ContextHandler.java:doStart(781)) - Started o.e.j.s.ServletContextHandler@1229a2b7{/logs,file:///workdir/hadoop-ozone/integration-test/target/log,AVAILABLE}
2019-09-18 13:03:43,004 [main] INFO  handler.ContextHandler (ContextHandler.java:doStart(781)) - Started o.e.j.s.ServletContextHandler@51c959a4{/static,jar:file:/home/user/.m2/repository/org/apache/hadoop/hadoop-hdds-container-service/0.5.0-SNAPSHOT/hadoop-hdds-container-service-0.5.0-SNAPSHOT.jar!/webapps/static,AVAILABLE}
2019-09-18 13:03:43,015 [SCMBlockDeletingService#1] DEBUG block.SCMBlockDeletingService (SCMBlockDeletingService.java:call(138)) - Running DeletedBlockTransactionScanner
2019-09-18 13:03:43,016 [SCMBlockDeletingService#1] DEBUG block.SCMBlockDeletingService (SCMBlockDeletingService.java:call(155)) - Scanned deleted blocks log and got 0 delTX to process.
2019-09-18 13:03:43,038 [main] INFO  handler.ContextHandler (ContextHandler.java:doStart(781)) - Started o.e.j.w.WebAppContext@70228253{/,file:///tmp/jetty-0.0.0.0-34188-hddsDatanode-_-any-735302499006779694.dir/webapp/,AVAILABLE}{/hddsDatanode}
2019-09-18 13:03:43,038 [main] INFO  server.AbstractConnector (AbstractConnector.java:doStart(278)) - Started ServerConnector@63c12e52{HTTP/1.1,[http/1.1]}{0.0.0.0:34188}
2019-09-18 13:03:43,039 [main] INFO  server.Server (Server.java:doStart(419)) - Started @5583ms
2019-09-18 13:03:43,039 [main] WARN  impl.MetricsSystemImpl (MetricsSystemImpl.java:register(276)) - Sink prometheus already exists!
2019-09-18 13:03:43,041 [main] INFO  server.BaseHttpServer (BaseHttpServer.java:updateConnectorAddress(215)) - HTTP server of HDDSDATANODE is listening at http://0.0.0.0:34188
2019-09-18 13:03:43,043 [main] INFO  ozone.MiniOzoneClusterImpl (MiniOzoneClusterImpl.java:lambda$waitForClusterToBeReady$0(145)) - Waiting for cluster to be ready. Got 0 of 1 DN Heartbeats.
2019-09-18 13:03:43,049 [org.apache.hadoop.util.JvmPauseMonitor$Monitor@55b8f5b3] INFO  util.JvmPauseMonitor (JvmPauseMonitor.java:run(188)) - Starting JVM pause monitor
2019-09-18 13:03:43,116 [SCMBlockDeletingService#1] DEBUG block.SCMBlockDeletingService (SCMBlockDeletingService.java:call(138)) - Running DeletedBlockTransactionScanner
2019-09-18 13:03:43,117 [SCMBlockDeletingService#1] DEBUG block.SCMBlockDeletingService (SCMBlockDeletingService.java:call(155)) - Scanned deleted blocks log and got 0 delTX to process.
2019-09-18 13:03:43,172 [Datanode State Machine Thread - 0] INFO  datanode.InitDatanodeState (InitDatanodeState.java:persistContainerDatanodeDetails(140)) - DatanodeDetails is persisted to /workdir/hadoop-ozone/integration-test/target/test-dir/MiniOzoneClusterImpl-d4f86b9a-5145-424e-a2a6-5719e876ec3b/datanode-0/meta/datanode.id
2019-09-18 13:03:43,217 [SCMBlockDeletingService#1] DEBUG block.SCMBlockDeletingService (SCMBlockDeletingService.java:call(138)) - Running DeletedBlockTransactionScanner
2019-09-18 13:03:43,217 [SCMBlockDeletingService#1] DEBUG block.SCMBlockDeletingService (SCMBlockDeletingService.java:call(155)) - Scanned deleted blocks log and got 0 delTX to process.
2019-09-18 13:03:43,318 [SCMBlockDeletingService#1] DEBUG block.SCMBlockDeletingService (SCMBlockDeletingService.java:call(138)) - Running DeletedBlockTransactionScanner
2019-09-18 13:03:43,318 [SCMBlockDeletingService#1] DEBUG block.SCMBlockDeletingService (SCMBlockDeletingService.java:call(155)) - Scanned deleted blocks log and got 0 delTX to process.
2019-09-18 13:03:43,419 [SCMBlockDeletingService#1] DEBUG block.SCMBlockDeletingService (SCMBlockDeletingService.java:call(138)) - Running DeletedBlockTransactionScanner
2019-09-18 13:03:43,419 [SCMBlockDeletingService#1] DEBUG block.SCMBlockDeletingService (SCMBlockDeletingService.java:call(155)) - Scanned deleted blocks log and got 0 delTX to process.
2019-09-18 13:03:43,520 [SCMBlockDeletingService#1] DEBUG block.SCMBlockDeletingService (SCMBlockDeletingService.java:call(138)) - Running DeletedBlockTransactionScanner
2019-09-18 13:03:43,520 [SCMBlockDeletingService#1] DEBUG block.SCMBlockDeletingService (SCMBlockDeletingService.java:call(155)) - Scanned deleted blocks log and got 0 delTX to process.
2019-09-18 13:03:43,621 [SCMBlockDeletingService#1] DEBUG block.SCMBlockDeletingService (SCMBlockDeletingService.java:call(138)) - Running DeletedBlockTransactionScanner
2019-09-18 13:03:43,621 [SCMBlockDeletingService#1] DEBUG block.SCMBlockDeletingService (SCMBlockDeletingService.java:call(155)) - Scanned deleted blocks log and got 0 delTX to process.
2019-09-18 13:03:43,722 [SCMBlockDeletingService#1] DEBUG block.SCMBlockDeletingService (SCMBlockDeletingService.java:call(138)) - Running DeletedBlockTransactionScanner
2019-09-18 13:03:43,722 [SCMBlockDeletingService#1] DEBUG block.SCMBlockDeletingService (SCMBlockDeletingService.java:call(155)) - Scanned deleted blocks log and got 0 delTX to process.
2019-09-18 13:03:43,823 [SCMBlockDeletingService#1] DEBUG block.SCMBlockDeletingService (SCMBlockDeletingService.java:call(138)) - Running DeletedBlockTransactionScanner
2019-09-18 13:03:43,823 [SCMBlockDeletingService#1] DEBUG block.SCMBlockDeletingService (SCMBlockDeletingService.java:call(155)) - Scanned deleted blocks log and got 0 delTX to process.
2019-09-18 13:03:43,924 [SCMBlockDeletingService#1] DEBUG block.SCMBlockDeletingService (SCMBlockDeletingService.java:call(138)) - Running DeletedBlockTransactionScanner
2019-09-18 13:03:43,924 [SCMBlockDeletingService#1] DEBUG block.SCMBlockDeletingService (SCMBlockDeletingService.java:call(155)) - Scanned deleted blocks log and got 0 delTX to process.
2019-09-18 13:03:44,025 [SCMBlockDeletingService#1] DEBUG block.SCMBlockDeletingService (SCMBlockDeletingService.java:call(138)) - Running DeletedBlockTransactionScanner
2019-09-18 13:03:44,025 [SCMBlockDeletingService#1] DEBUG block.SCMBlockDeletingService (SCMBlockDeletingService.java:call(155)) - Scanned deleted blocks log and got 0 delTX to process.
2019-09-18 13:03:44,044 [main] INFO  ozone.MiniOzoneClusterImpl (MiniOzoneClusterImpl.java:lambda$waitForClusterToBeReady$0(145)) - Waiting for cluster to be ready. Got 0 of 1 DN Heartbeats.
2019-09-18 13:03:44,125 [SCMBlockDeletingService#1] DEBUG block.SCMBlockDeletingService (SCMBlockDeletingService.java:call(138)) - Running DeletedBlockTransactionScanner
2019-09-18 13:03:44,126 [SCMBlockDeletingService#1] DEBUG block.SCMBlockDeletingService (SCMBlockDeletingService.java:call(155)) - Scanned deleted blocks log and got 0 delTX to process.
2019-09-18 13:03:44,226 [SCMBlockDeletingService#1] DEBUG block.SCMBlockDeletingService (SCMBlockDeletingService.java:call(138)) - Running DeletedBlockTransactionScanner
2019-09-18 13:03:44,227 [SCMBlockDeletingService#1] DEBUG block.SCMBlockDeletingService (SCMBlockDeletingService.java:call(155)) - Scanned deleted blocks log and got 0 delTX to process.
2019-09-18 13:03:44,327 [SCMBlockDeletingService#1] DEBUG block.SCMBlockDeletingService (SCMBlockDeletingService.java:call(138)) - Running DeletedBlockTransactionScanner
2019-09-18 13:03:44,328 [SCMBlockDeletingService#1] DEBUG block.SCMBlockDeletingService (SCMBlockDeletingService.java:call(155)) - Scanned deleted blocks log and got 0 delTX to process.
2019-09-18 13:03:44,428 [SCMBlockDeletingService#1] DEBUG block.SCMBlockDeletingService (SCMBlockDeletingService.java:call(138)) - Running DeletedBlockTransactionScanner
2019-09-18 13:03:44,428 [SCMBlockDeletingService#1] DEBUG block.SCMBlockDeletingService (SCMBlockDeletingService.java:call(155)) - Scanned deleted blocks log and got 0 delTX to process.
2019-09-18 13:03:44,529 [SCMBlockDeletingService#1] DEBUG block.SCMBlockDeletingService (SCMBlockDeletingService.java:call(138)) - Running DeletedBlockTransactionScanner
2019-09-18 13:03:44,529 [SCMBlockDeletingService#1] DEBUG block.SCMBlockDeletingService (SCMBlockDeletingService.java:call(155)) - Scanned deleted blocks log and got 0 delTX to process.
2019-09-18 13:03:44,630 [SCMBlockDeletingService#1] DEBUG block.SCMBlockDeletingService (SCMBlockDeletingService.java:call(138)) - Running DeletedBlockTransactionScanner
2019-09-18 13:03:44,631 [SCMBlockDeletingService#1] DEBUG block.SCMBlockDeletingService (SCMBlockDeletingService.java:call(155)) - Scanned deleted blocks log and got 0 delTX to process.
2019-09-18 13:03:44,731 [SCMBlockDeletingService#1] DEBUG block.SCMBlockDeletingService (SCMBlockDeletingService.java:call(138)) - Running DeletedBlockTransactionScanner
2019-09-18 13:03:44,731 [SCMBlockDeletingService#1] DEBUG block.SCMBlockDeletingService (SCMBlockDeletingService.java:call(155)) - Scanned deleted blocks log and got 0 delTX to process.
2019-09-18 13:03:44,832 [SCMBlockDeletingService#0] DEBUG block.SCMBlockDeletingService (SCMBlockDeletingService.java:call(138)) - Running DeletedBlockTransactionScanner
2019-09-18 13:03:44,832 [SCMBlockDeletingService#0] DEBUG block.SCMBlockDeletingService (SCMBlockDeletingService.java:call(155)) - Scanned deleted blocks log and got 0 delTX to process.
2019-09-18 13:03:44,933 [SCMBlockDeletingService#0] DEBUG block.SCMBlockDeletingService (SCMBlockDeletingService.java:call(138)) - Running DeletedBlockTransactionScanner
2019-09-18 13:03:44,933 [SCMBlockDeletingService#0] DEBUG block.SCMBlockDeletingService (SCMBlockDeletingService.java:call(155)) - Scanned deleted blocks log and got 0 delTX to process.
2019-09-18 13:03:45,034 [SCMBlockDeletingService#0] DEBUG block.SCMBlockDeletingService (SCMBlockDeletingService.java:call(138)) - Running DeletedBlockTransactionScanner
2019-09-18 13:03:45,034 [SCMBlockDeletingService#0] DEBUG block.SCMBlockDeletingService (SCMBlockDeletingService.java:call(155)) - Scanned deleted blocks log and got 0 delTX to process.
2019-09-18 13:03:45,045 [main] INFO  ozone.MiniOzoneClusterImpl (MiniOzoneClusterImpl.java:lambda$waitForClusterToBeReady$0(145)) - Waiting for cluster to be ready. Got 0 of 1 DN Heartbeats.
2019-09-18 13:03:45,111 [Datanode State Machine Thread - 0] INFO  ozoneimpl.OzoneContainer (OzoneContainer.java:start(217)) - Attempting to start container services.
2019-09-18 13:03:45,114 [Datanode State Machine Thread - 0] INFO  ozoneimpl.OzoneContainer (OzoneContainer.java:startContainerScrub(179)) - Background container scanner has been disabled.
2019-09-18 13:03:45,115 [Datanode State Machine Thread - 0] INFO  ratis.XceiverServerRatis (XceiverServerRatis.java:start(411)) - Starting XceiverServerRatis dd0a3b65-d36c-4f93-b232-3c8e6f6667b6 at port 0
2019-09-18 13:03:45,135 [SCMBlockDeletingService#0] DEBUG block.SCMBlockDeletingService (SCMBlockDeletingService.java:call(138)) - Running DeletedBlockTransactionScanner
2019-09-18 13:03:45,135 [SCMBlockDeletingService#0] DEBUG block.SCMBlockDeletingService (SCMBlockDeletingService.java:call(155)) - Scanned deleted blocks log and got 0 delTX to process.
2019-09-18 13:03:45,144 [Datanode State Machine Thread - 0] INFO  impl.RaftServerProxy (RaftServerProxy.java:lambda$start$3(299)) - dd0a3b65-d36c-4f93-b232-3c8e6f6667b6: start RPC server
2019-09-18 13:03:45,236 [SCMBlockDeletingService#0] DEBUG block.SCMBlockDeletingService (SCMBlockDeletingService.java:call(138)) - Running DeletedBlockTransactionScanner
2019-09-18 13:03:45,236 [SCMBlockDeletingService#0] DEBUG block.SCMBlockDeletingService (SCMBlockDeletingService.java:call(155)) - Scanned deleted blocks log and got 0 delTX to process.
2019-09-18 13:03:45,288 [Datanode State Machine Thread - 0] INFO  server.GrpcService (GrpcService.java:startImpl(158)) - dd0a3b65-d36c-4f93-b232-3c8e6f6667b6: GrpcService started, listening on 0.0.0.0/0.0.0.0:41901
2019-09-18 13:03:45,289 [Datanode State Machine Thread - 0] INFO  ratis.XceiverServerRatis (XceiverServerRatis.java:start(421)) - XceiverServerRatis dd0a3b65-d36c-4f93-b232-3c8e6f6667b6 is started using port 41901
2019-09-18 13:03:45,294 [Datanode State Machine Thread - 0] INFO  server.XceiverServerGrpc (XceiverServerGrpc.java:start(163)) - XceiverServerGrpc dd0a3b65-d36c-4f93-b232-3c8e6f6667b6 is started using port 36992
2019-09-18 13:03:45,337 [SCMBlockDeletingService#0] DEBUG block.SCMBlockDeletingService (SCMBlockDeletingService.java:call(138)) - Running DeletedBlockTransactionScanner
2019-09-18 13:03:45,337 [SCMBlockDeletingService#0] DEBUG block.SCMBlockDeletingService (SCMBlockDeletingService.java:call(155)) - Scanned deleted blocks log and got 0 delTX to process.
2019-09-18 13:03:45,438 [SCMBlockDeletingService#0] DEBUG block.SCMBlockDeletingService (SCMBlockDeletingService.java:call(138)) - Running DeletedBlockTransactionScanner
2019-09-18 13:03:45,438 [SCMBlockDeletingService#0] DEBUG block.SCMBlockDeletingService (SCMBlockDeletingService.java:call(155)) - Scanned deleted blocks log and got 0 delTX to process.
2019-09-18 13:03:45,539 [SCMBlockDeletingService#0] DEBUG block.SCMBlockDeletingService (SCMBlockDeletingService.java:call(138)) - Running DeletedBlockTransactionScanner
2019-09-18 13:03:45,539 [SCMBlockDeletingService#0] DEBUG block.SCMBlockDeletingService (SCMBlockDeletingService.java:call(155)) - Scanned deleted blocks log and got 0 delTX to process.
2019-09-18 13:03:45,640 [SCMBlockDeletingService#0] DEBUG block.SCMBlockDeletingService (SCMBlockDeletingService.java:call(138)) - Running DeletedBlockTransactionScanner
2019-09-18 13:03:45,641 [SCMBlockDeletingService#0] DEBUG block.SCMBlockDeletingService (SCMBlockDeletingService.java:call(155)) - Scanned deleted blocks log and got 0 delTX to process.
2019-09-18 13:03:45,741 [SCMBlockDeletingService#0] DEBUG block.SCMBlockDeletingService (SCMBlockDeletingService.java:call(138)) - Running DeletedBlockTransactionScanner
2019-09-18 13:03:45,741 [SCMBlockDeletingService#0] DEBUG block.SCMBlockDeletingService (SCMBlockDeletingService.java:call(155)) - Scanned deleted blocks log and got 0 delTX to process.
2019-09-18 13:03:45,842 [SCMBlockDeletingService#0] DEBUG block.SCMBlockDeletingService (SCMBlockDeletingService.java:call(138)) - Running DeletedBlockTransactionScanner
2019-09-18 13:03:45,842 [SCMBlockDeletingService#0] DEBUG block.SCMBlockDeletingService (SCMBlockDeletingService.java:call(155)) - Scanned deleted blocks log and got 0 delTX to process.
2019-09-18 13:03:45,943 [SCMBlockDeletingService#0] DEBUG block.SCMBlockDeletingService (SCMBlockDeletingService.java:call(138)) - Running DeletedBlockTransactionScanner
2019-09-18 13:03:45,943 [SCMBlockDeletingService#0] DEBUG block.SCMBlockDeletingService (SCMBlockDeletingService.java:call(155)) - Scanned deleted blocks log and got 0 delTX to process.
2019-09-18 13:03:46,044 [SCMBlockDeletingService#0] DEBUG block.SCMBlockDeletingService (SCMBlockDeletingService.java:call(138)) - Running DeletedBlockTransactionScanner
2019-09-18 13:03:46,044 [SCMBlockDeletingService#0] DEBUG block.SCMBlockDeletingService (SCMBlockDeletingService.java:call(155)) - Scanned deleted blocks log and got 0 delTX to process.
2019-09-18 13:03:46,045 [main] INFO  ozone.MiniOzoneClusterImpl (MiniOzoneClusterImpl.java:lambda$waitForClusterToBeReady$0(145)) - Waiting for cluster to be ready. Got 0 of 1 DN Heartbeats.
2019-09-18 13:03:46,145 [SCMBlockDeletingService#0] DEBUG block.SCMBlockDeletingService (SCMBlockDeletingService.java:call(138)) - Running DeletedBlockTransactionScanner
2019-09-18 13:03:46,145 [SCMBlockDeletingService#0] DEBUG block.SCMBlockDeletingService (SCMBlockDeletingService.java:call(155)) - Scanned deleted blocks log and got 0 delTX to process.
2019-09-18 13:03:46,246 [SCMBlockDeletingService#0] DEBUG block.SCMBlockDeletingService (SCMBlockDeletingService.java:call(138)) - Running DeletedBlockTransactionScanner
2019-09-18 13:03:46,246 [SCMBlockDeletingService#0] DEBUG block.SCMBlockDeletingService (SCMBlockDeletingService.java:call(155)) - Scanned deleted blocks log and got 0 delTX to process.
2019-09-18 13:03:46,347 [SCMBlockDeletingService#0] DEBUG block.SCMBlockDeletingService (SCMBlockDeletingService.java:call(138)) - Running DeletedBlockTransactionScanner
2019-09-18 13:03:46,347 [SCMBlockDeletingService#0] DEBUG block.SCMBlockDeletingService (SCMBlockDeletingService.java:call(155)) - Scanned deleted blocks log and got 0 delTX to process.
2019-09-18 13:03:46,448 [SCMBlockDeletingService#0] DEBUG block.SCMBlockDeletingService (SCMBlockDeletingService.java:call(138)) - Running DeletedBlockTransactionScanner
2019-09-18 13:03:46,448 [SCMBlockDeletingService#0] DEBUG block.SCMBlockDeletingService (SCMBlockDeletingService.java:call(155)) - Scanned deleted blocks log and got 0 delTX to process.
2019-09-18 13:03:46,549 [SCMBlockDeletingService#0] DEBUG block.SCMBlockDeletingService (SCMBlockDeletingService.java:call(138)) - Running DeletedBlockTransactionScanner
2019-09-18 13:03:46,549 [SCMBlockDeletingService#0] DEBUG block.SCMBlockDeletingService (SCMBlockDeletingService.java:call(155)) - Scanned deleted blocks log and got 0 delTX to process.
2019-09-18 13:03:46,649 [SCMBlockDeletingService#0] DEBUG block.SCMBlockDeletingService (SCMBlockDeletingService.java:call(138)) - Running DeletedBlockTransactionScanner
2019-09-18 13:03:46,650 [SCMBlockDeletingService#0] DEBUG block.SCMBlockDeletingService (SCMBlockDeletingService.java:call(155)) - Scanned deleted blocks log and got 0 delTX to process.
2019-09-18 13:03:46,750 [SCMBlockDeletingService#0] DEBUG block.SCMBlockDeletingService (SCMBlockDeletingService.java:call(138)) - Running DeletedBlockTransactionScanner
2019-09-18 13:03:46,751 [SCMBlockDeletingService#0] DEBUG block.SCMBlockDeletingService (SCMBlockDeletingService.java:call(155)) - Scanned deleted blocks log and got 0 delTX to process.
2019-09-18 13:03:46,851 [SCMBlockDeletingService#0] DEBUG block.SCMBlockDeletingService (SCMBlockDeletingService.java:call(138)) - Running DeletedBlockTransactionScanner
2019-09-18 13:03:46,852 [SCMBlockDeletingService#0] DEBUG block.SCMBlockDeletingService (SCMBlockDeletingService.java:call(155)) - Scanned deleted blocks log and got 0 delTX to process.
2019-09-18 13:03:46,952 [SCMBlockDeletingService#0] DEBUG block.SCMBlockDeletingService (SCMBlockDeletingService.java:call(138)) - Running DeletedBlockTransactionScanner
2019-09-18 13:03:46,953 [SCMBlockDeletingService#0] DEBUG block.SCMBlockDeletingService (SCMBlockDeletingService.java:call(155)) - Scanned deleted blocks log and got 0 delTX to process.
2019-09-18 13:03:47,046 [main] INFO  ozone.MiniOzoneClusterImpl (MiniOzoneClusterImpl.java:lambda$waitForClusterToBeReady$0(145)) - Waiting for cluster to be ready. Got 0 of 1 DN Heartbeats.
2019-09-18 13:03:47,053 [SCMBlockDeletingService#0] DEBUG block.SCMBlockDeletingService (SCMBlockDeletingService.java:call(138)) - Running DeletedBlockTransactionScanner
2019-09-18 13:03:47,054 [SCMBlockDeletingService#0] DEBUG block.SCMBlockDeletingService (SCMBlockDeletingService.java:call(155)) - Scanned deleted blocks log and got 0 delTX to process.
2019-09-18 13:03:47,093 [IPC Server handler 16 on 44222] INFO  net.NetworkTopology (NetworkTopologyImpl.java:add(111)) - Added a new node: /default-rack/dd0a3b65-d36c-4f93-b232-3c8e6f6667b6
2019-09-18 13:03:47,094 [IPC Server handler 16 on 44222] INFO  node.SCMNodeManager (SCMNodeManager.java:register(266)) - Registered Data node : dd0a3b65-d36c-4f93-b232-3c8e6f6667b6{ip: 192.168.69.108, host: pr-hdds-2141-4zm8s-3863693661, networkLocation: /default-rack, certSerialId: null}
2019-09-18 13:03:47,098 [EventQueue-NodeRegistrationContainerReportForDataNodeSafeModeRule] INFO  safemode.SCMSafeModeManager (DataNodeSafeModeRule.java:process(71)) - SCM in safe mode. 1 DataNodes registered, 1 required.
2019-09-18 13:03:47,099 [EventQueue-NodeRegistrationContainerReportForDataNodeSafeModeRule] INFO  safemode.SCMSafeModeManager (SCMSafeModeManager.java:validateSafeModeExitRules(177)) - ScmSafeModeManager, all rules are successfully validated
2019-09-18 13:03:47,099 [EventQueue-NodeRegistrationContainerReportForDataNodeSafeModeRule] INFO  safemode.SCMSafeModeManager (SCMSafeModeManager.java:exitSafeMode(193)) - SCM exiting safe mode.
2019-09-18 13:03:47,154 [SCMBlockDeletingService#0] DEBUG block.SCMBlockDeletingService (SCMBlockDeletingService.java:call(138)) - Running DeletedBlockTransactionScanner
2019-09-18 13:03:47,155 [SCMBlockDeletingService#0] DEBUG block.SCMBlockDeletingService (SCMBlockDeletingService.java:call(155)) - Scanned deleted blocks log and got 0 delTX to process.
2019-09-18 13:03:47,255 [SCMBlockDeletingService#0] DEBUG block.SCMBlockDeletingService (SCMBlockDeletingService.java:call(138)) - Running DeletedBlockTransactionScanner
2019-09-18 13:03:47,255 [SCMBlockDeletingService#0] DEBUG block.SCMBlockDeletingService (SCMBlockDeletingService.java:call(155)) - Scanned deleted blocks log and got 0 delTX to process.
2019-09-18 13:03:47,359 [SCMBlockDeletingService#0] DEBUG block.SCMBlockDeletingService (SCMBlockDeletingService.java:call(138)) - Running DeletedBlockTransactionScanner
2019-09-18 13:03:47,360 [SCMBlockDeletingService#0] DEBUG block.SCMBlockDeletingService (SCMBlockDeletingService.java:call(155)) - Scanned deleted blocks log and got 0 delTX to process.
2019-09-18 13:03:47,460 [SCMBlockDeletingService#0] DEBUG block.SCMBlockDeletingService (SCMBlockDeletingService.java:call(138)) - Running DeletedBlockTransactionScanner
2019-09-18 13:03:47,461 [SCMBlockDeletingService#0] DEBUG block.SCMBlockDeletingService (SCMBlockDeletingService.java:call(155)) - Scanned deleted blocks log and got 0 delTX to process.
2019-09-18 13:03:47,561 [SCMBlockDeletingService#0] DEBUG block.SCMBlockDeletingService (SCMBlockDeletingService.java:call(138)) - Running DeletedBlockTransactionScanner
2019-09-18 13:03:47,562 [SCMBlockDeletingService#0] DEBUG block.SCMBlockDeletingService (SCMBlockDeletingService.java:call(155)) - Scanned deleted blocks log and got 0 delTX to process.
2019-09-18 13:03:47,662 [SCMBlockDeletingService#0] DEBUG block.SCMBlockDeletingService (SCMBlockDeletingService.java:call(138)) - Running DeletedBlockTransactionScanner
2019-09-18 13:03:47,662 [SCMBlockDeletingService#0] DEBUG block.SCMBlockDeletingService (SCMBlockDeletingService.java:call(155)) - Scanned deleted blocks log and got 0 delTX to process.
2019-09-18 13:03:47,670 [grpc-default-executor-0] INFO  impl.RaftServerProxy (RaftServerProxy.java:addNew(89)) - dd0a3b65-d36c-4f93-b232-3c8e6f6667b6: addNew group-B02456D89C11:[dd0a3b65-d36c-4f93-b232-3c8e6f6667b6:192.168.69.108:41901] returns group-B02456D89C11:java.util.concurrent.CompletableFuture@557880d6[Not completed]
2019-09-18 13:03:47,693 [pool-27-thread-1] INFO  impl.RaftServerImpl (RaftServerImpl.java:<init>(95)) - dd0a3b65-d36c-4f93-b232-3c8e6f6667b6: new RaftServerImpl for group-B02456D89C11:[dd0a3b65-d36c-4f93-b232-3c8e6f6667b6:192.168.69.108:41901] with ContainerStateMachine:uninitialized
2019-09-18 13:03:47,696 [pool-27-thread-1] INFO  server.RaftServerConfigKeys (ConfUtils.java:logGet(43)) - raft.server.rpc.timeout.min = 5s (custom)
2019-09-18 13:03:47,697 [pool-27-thread-1] INFO  server.RaftServerConfigKeys (ConfUtils.java:logGet(43)) - raft.server.rpc.timeout.max = 5200ms (custom)
2019-09-18 13:03:47,698 [pool-27-thread-1] INFO  server.RaftServerConfigKeys (ConfUtils.java:logGet(43)) - raft.server.rpcslowness.timeout = 120s (custom)
2019-09-18 13:03:47,699 [pool-27-thread-1] INFO  server.RaftServerConfigKeys (ConfUtils.java:logGet(43)) - raft.server.sleep.deviation.threshold = 300 (default)
2019-09-18 13:03:47,700 [pool-27-thread-1] INFO  server.RaftServerConfigKeys (ConfUtils.java:logGet(43)) - raft.server.log.appender.install.snapshot.enabled = false (custom)
2019-09-18 13:03:47,711 [pool-27-thread-1] INFO  impl.RaftServerImpl (ServerState.java:<init>(103)) - dd0a3b65-d36c-4f93-b232-3c8e6f6667b6@group-B02456D89C11: ConfigurationManager, init=-1: [dd0a3b65-d36c-4f93-b232-3c8e6f6667b6:192.168.69.108:41901], old=null, confs=<EMPTY_MAP>
2019-09-18 13:03:47,711 [pool-27-thread-1] INFO  server.RaftServerConfigKeys (ConfUtils.java:logGet(43)) - raft.server.storage.dir = [/workdir/hadoop-ozone/integration-test/target/test-dir/MiniOzoneClusterImpl-d4f86b9a-5145-424e-a2a6-5719e876ec3b/datanode-0/data/ratis] (custom)
2019-09-18 13:03:47,721 [pool-27-thread-1] INFO  storage.RaftStorageDirectory (RaftStorageDirectory.java:analyzeStorage(246)) - The storage directory /workdir/hadoop-ozone/integration-test/target/test-dir/MiniOzoneClusterImpl-d4f86b9a-5145-424e-a2a6-5719e876ec3b/datanode-0/data/ratis/0a294b72-135c-4742-84ec-b02456d89c11 does not exist. Creating ...
2019-09-18 13:03:47,739 [pool-27-thread-1] INFO  storage.RaftStorageDirectory (RaftStorageDirectory.java:tryLock(328)) - Lock on /workdir/hadoop-ozone/integration-test/target/test-dir/MiniOzoneClusterImpl-d4f86b9a-5145-424e-a2a6-5719e876ec3b/datanode-0/data/ratis/0a294b72-135c-4742-84ec-b02456d89c11/in_use.lock acquired by nodename 3240@pr-hdds-2141-4zm8s-3863693661
2019-09-18 13:03:47,756 [pool-27-thread-1] INFO  storage.RaftStorage (RaftStorage.java:format(72)) - Storage directory /workdir/hadoop-ozone/integration-test/target/test-dir/MiniOzoneClusterImpl-d4f86b9a-5145-424e-a2a6-5719e876ec3b/datanode-0/data/ratis/0a294b72-135c-4742-84ec-b02456d89c11 has been successfully formatted.
2019-09-18 13:03:47,759 [pool-27-thread-1] INFO  ratis.ContainerStateMachine (ContainerStateMachine.java:loadSnapshot(230)) - group-B02456D89C11: The snapshot info is null. Setting the last applied indexto:(t:0, i:~)
2019-09-18 13:03:47,759 [pool-27-thread-1] INFO  server.RaftServerConfigKeys (ConfUtils.java:logGet(43)) - raft.server.notification.no-leader.timeout = 120s (custom)
2019-09-18 13:03:47,762 [pool-27-thread-1] INFO  server.RaftServerConfigKeys (ConfUtils.java:logGet(43)) - raft.server.log.use.memory = false (default)
2019-09-18 13:03:47,763 [SCMBlockDeletingService#0] DEBUG block.SCMBlockDeletingService (SCMBlockDeletingService.java:call(138)) - Running DeletedBlockTransactionScanner
2019-09-18 13:03:47,763 [SCMBlockDeletingService#0] DEBUG block.SCMBlockDeletingService (SCMBlockDeletingService.java:call(155)) - Scanned deleted blocks log and got 0 delTX to process.
2019-09-18 13:03:47,772 [pool-27-thread-1] INFO  server.RaftServerConfigKeys (ConfUtils.java:logGet(43)) - raft.server.log.purge.gap = 1000000 (custom)
2019-09-18 13:03:47,773 [pool-27-thread-1] INFO  server.RaftServerConfigKeys (ConfUtils.java:logGet(43)) - raft.server.log.appender.buffer.byte-limit = 33554432 (custom)
2019-09-18 13:03:47,776 [pool-27-thread-1] INFO  server.RaftServerConfigKeys (ConfUtils.java:logGet(43)) - raft.server.log.segment.size.max = 1048576 (custom)
2019-09-18 13:03:47,784 [pool-27-thread-1] INFO  server.RaftServerConfigKeys (ConfUtils.java:logGet(43)) - raft.server.log.segment.cache.num.max = 2 (custom)
2019-09-18 13:03:47,793 [pool-27-thread-1] INFO  segmented.SegmentedRaftLogWorker (SegmentedRaftLogWorker.java:<init>(172)) - new dd0a3b65-d36c-4f93-b232-3c8e6f6667b6@group-B02456D89C11-SegmentedRaftLogWorker for RaftStorage:Storage Directory /workdir/hadoop-ozone/integration-test/target/test-dir/MiniOzoneClusterImpl-d4f86b9a-5145-424e-a2a6-5719e876ec3b/datanode-0/data/ratis/0a294b72-135c-4742-84ec-b02456d89c11
2019-09-18 13:03:47,795 [pool-27-thread-1] INFO  impl.MetricsSystemImpl (MetricsSystemImpl.java:init(158)) - ratis metrics system started (again)
2019-09-18 13:03:47,842 [pool-27-thread-1] INFO  server.RaftServerConfigKeys (ConfUtils.java:logGet(43)) - raft.server.log.queue.byte-limit = 2147483647 (custom)
2019-09-18 13:03:47,843 [pool-27-thread-1] INFO  server.RaftServerConfigKeys (ConfUtils.java:logGet(43)) - raft.server.log.queue.element-limit = 1024 (custom)
2019-09-18 13:03:47,847 [pool-27-thread-1] INFO  server.RaftServerConfigKeys (ConfUtils.java:logGet(43)) - raft.server.log.segment.size.max = 1048576 (custom)
2019-09-18 13:03:47,848 [pool-27-thread-1] INFO  server.RaftServerConfigKeys (ConfUtils.java:logGet(43)) - raft.server.log.preallocated.size = 16384 (custom)
2019-09-18 13:03:47,848 [pool-27-thread-1] INFO  server.RaftServerConfigKeys (ConfUtils.java:logGet(43)) - raft.server.log.write.buffer.size = 33554432 (custom)
2019-09-18 13:03:47,849 [pool-27-thread-1] INFO  server.RaftServerConfigKeys (ConfUtils.java:logGet(43)) - raft.server.log.force.sync.num = 128 (default)
2019-09-18 13:03:47,850 [pool-27-thread-1] INFO  server.RaftServerConfigKeys (ConfUtils.java:logGet(43)) - raft.server.log.statemachine.data.sync = true (default)
2019-09-18 13:03:47,850 [pool-27-thread-1] INFO  server.RaftServerConfigKeys (ConfUtils.java:logGet(43)) - raft.server.log.statemachine.data.sync.timeout = 10s (default)
2019-09-18 13:03:47,851 [pool-27-thread-1] INFO  server.RaftServerConfigKeys (ConfUtils.java:logGet(43)) - raft.server.log.statemachine.data.sync.timeout.retry = -1 (default)
2019-09-18 13:03:47,861 [pool-27-thread-1] INFO  server.RaftServerConfigKeys (ConfUtils.java:logGet(43)) - raft.server.log.statemachine.data.caching.enabled = true (custom)
2019-09-18 13:03:47,864 [SCMBlockDeletingService#0] DEBUG block.SCMBlockDeletingService (SCMBlockDeletingService.java:call(138)) - Running DeletedBlockTransactionScanner
2019-09-18 13:03:47,864 [SCMBlockDeletingService#0] DEBUG block.SCMBlockDeletingService (SCMBlockDeletingService.java:call(155)) - Scanned deleted blocks log and got 0 delTX to process.
2019-09-18 13:03:47,866 [pool-27-thread-1] INFO  segmented.SegmentedRaftLogWorker (SegmentedRaftLogWorker.java:lambda$new$0(132)) - dd0a3b65-d36c-4f93-b232-3c8e6f6667b6@group-B02456D89C11-SegmentedRaftLogWorker: flushIndex: setUnconditionally 0 -> -1
2019-09-18 13:03:47,871 [pool-27-thread-1] INFO  server.RaftServerConfigKeys (ConfUtils.java:logGet(43)) - raft.server.snapshot.auto.trigger.enabled = true (custom)
2019-09-18 13:03:47,872 [pool-27-thread-1] INFO  server.RaftServerConfigKeys (ConfUtils.java:logGet(43)) - raft.server.snapshot.auto.trigger.threshold = 10000 (custom)
2019-09-18 13:03:47,872 [pool-27-thread-1] INFO  server.RaftServerConfigKeys (ConfUtils.java:logGet(43)) - raft.server.snapshot.retention.num.files = 5 (custom)
2019-09-18 13:03:47,873 [pool-27-thread-1] INFO  server.RaftServerConfigKeys (ConfUtils.java:logGet(43)) - raft.server.retrycache.expirytime = 600000ms (custom)
2019-09-18 13:03:47,901 [pool-27-thread-1] INFO  impl.RaftServerImpl (RaftServerImpl.java:start(185)) - dd0a3b65-d36c-4f93-b232-3c8e6f6667b6@group-B02456D89C11: start as a follower, conf=-1: [dd0a3b65-d36c-4f93-b232-3c8e6f6667b6:192.168.69.108:41901], old=null
2019-09-18 13:03:47,902 [pool-27-thread-1] INFO  impl.RaftServerImpl (RaftServerImpl.java:setRole(174)) - dd0a3b65-d36c-4f93-b232-3c8e6f6667b6@group-B02456D89C11: changes role from      null to FOLLOWER at term 0 for startAsFollower
2019-09-18 13:03:47,903 [pool-27-thread-1] INFO  impl.RoleInfo (RoleInfo.java:updateAndGet(143)) - dd0a3b65-d36c-4f93-b232-3c8e6f6667b6: start FollowerState
2019-09-18 13:03:47,905 [pool-27-thread-1] INFO  util.JmxRegister (JmxRegister.java:tryRegister(44)) - Successfully registered JMX Bean with object name Ratis:service=RaftServer,group=group-B02456D89C11,id=dd0a3b65-d36c-4f93-b232-3c8e6f6667b6
2019-09-18 13:03:47,965 [SCMBlockDeletingService#0] DEBUG block.SCMBlockDeletingService (SCMBlockDeletingService.java:call(138)) - Running DeletedBlockTransactionScanner
2019-09-18 13:03:47,965 [SCMBlockDeletingService#0] DEBUG block.SCMBlockDeletingService (SCMBlockDeletingService.java:call(155)) - Scanned deleted blocks log and got 0 delTX to process.
2019-09-18 13:03:47,985 [RatisPipelineUtilsThread] INFO  pipeline.PipelineStateManager (PipelineStateManager.java:addPipeline(56)) - Created pipeline Pipeline[ Id: 0a294b72-135c-4742-84ec-b02456d89c11, Nodes: dd0a3b65-d36c-4f93-b232-3c8e6f6667b6{ip: 192.168.69.108, host: pr-hdds-2141-4zm8s-3863693661, networkLocation: /default-rack, certSerialId: null}, Type:RATIS, Factor:ONE, State:OPEN]
2019-09-18 13:03:48,046 [main] INFO  ozone.MiniOzoneClusterImpl (MiniOzoneClusterImpl.java:lambda$waitForClusterToBeReady$0(145)) - Cluster is ready. Got 1 of 1 DN Heartbeats.
2019-09-18 13:03:48,066 [SCMBlockDeletingService#0] DEBUG block.SCMBlockDeletingService (SCMBlockDeletingService.java:call(138)) - Running DeletedBlockTransactionScanner
2019-09-18 13:03:48,066 [SCMBlockDeletingService#0] DEBUG block.SCMBlockDeletingService (SCMBlockDeletingService.java:call(155)) - Scanned deleted blocks log and got 0 delTX to process.
2019-09-18 13:03:48,167 [SCMBlockDeletingService#0] DEBUG block.SCMBlockDeletingService (SCMBlockDeletingService.java:call(138)) - Running DeletedBlockTransactionScanner
2019-09-18 13:03:48,167 [SCMBlockDeletingService#0] DEBUG block.SCMBlockDeletingService (SCMBlockDeletingService.java:call(155)) - Scanned deleted blocks log and got 0 delTX to process.
2019-09-18 13:03:48,268 [SCMBlockDeletingService#0] DEBUG block.SCMBlockDeletingService (SCMBlockDeletingService.java:call(138)) - Running DeletedBlockTransactionScanner
2019-09-18 13:03:48,268 [SCMBlockDeletingService#0] DEBUG block.SCMBlockDeletingService (SCMBlockDeletingService.java:call(155)) - Scanned deleted blocks log and got 0 delTX to process.
2019-09-18 13:03:48,368 [SCMBlockDeletingService#0] DEBUG block.SCMBlockDeletingService (SCMBlockDeletingService.java:call(138)) - Running DeletedBlockTransactionScanner
2019-09-18 13:03:48,369 [SCMBlockDeletingService#0] DEBUG block.SCMBlockDeletingService (SCMBlockDeletingService.java:call(155)) - Scanned deleted blocks log and got 0 delTX to process.
2019-09-18 13:03:48,469 [SCMBlockDeletingService#0] DEBUG block.SCMBlockDeletingService (SCMBlockDeletingService.java:call(138)) - Running DeletedBlockTransactionScanner
2019-09-18 13:03:48,470 [SCMBlockDeletingService#0] DEBUG block.SCMBlockDeletingService (SCMBlockDeletingService.java:call(155)) - Scanned deleted blocks log and got 0 delTX to process.
2019-09-18 13:03:48,570 [SCMBlockDeletingService#0] DEBUG block.SCMBlockDeletingService (SCMBlockDeletingService.java:call(138)) - Running DeletedBlockTransactionScanner
2019-09-18 13:03:48,571 [SCMBlockDeletingService#0] DEBUG block.SCMBlockDeletingService (SCMBlockDeletingService.java:call(155)) - Scanned deleted blocks log and got 0 delTX to process.
2019-09-18 13:03:48,671 [SCMBlockDeletingService#0] DEBUG block.SCMBlockDeletingService (SCMBlockDeletingService.java:call(138)) - Running DeletedBlockTransactionScanner
2019-09-18 13:03:48,672 [SCMBlockDeletingService#0] DEBUG block.SCMBlockDeletingService (SCMBlockDeletingService.java:call(155)) - Scanned deleted blocks log and got 0 delTX to process.
2019-09-18 13:03:48,772 [SCMBlockDeletingService#0] DEBUG block.SCMBlockDeletingService (SCMBlockDeletingService.java:call(138)) - Running DeletedBlockTransactionScanner
2019-09-18 13:03:48,773 [SCMBlockDeletingService#0] DEBUG block.SCMBlockDeletingService (SCMBlockDeletingService.java:call(155)) - Scanned deleted blocks log and got 0 delTX to process.
2019-09-18 13:03:48,873 [SCMBlockDeletingService#0] DEBUG block.SCMBlockDeletingService (SCMBlockDeletingService.java:call(138)) - Running DeletedBlockTransactionScanner
2019-09-18 13:03:48,874 [SCMBlockDeletingService#0] DEBUG block.SCMBlockDeletingService (SCMBlockDeletingService.java:call(155)) - Scanned deleted blocks log and got 0 delTX to process.
2019-09-18 13:03:48,974 [SCMBlockDeletingService#0] DEBUG block.SCMBlockDeletingService (SCMBlockDeletingService.java:call(138)) - Running DeletedBlockTransactionScanner
2019-09-18 13:03:48,974 [SCMBlockDeletingService#0] DEBUG block.SCMBlockDeletingService (SCMBlockDeletingService.java:call(155)) - Scanned deleted blocks log and got 0 delTX to process.
2019-09-18 13:03:49,075 [SCMBlockDeletingService#0] DEBUG block.SCMBlockDeletingService (SCMBlockDeletingService.java:call(138)) - Running DeletedBlockTransactionScanner
2019-09-18 13:03:49,075 [SCMBlockDeletingService#0] DEBUG block.SCMBlockDeletingService (SCMBlockDeletingService.java:call(155)) - Scanned deleted blocks log and got 0 delTX to process.
2019-09-18 13:03:49,176 [SCMBlockDeletingService#0] DEBUG block.SCMBlockDeletingService (SCMBlockDeletingService.java:call(138)) - Running DeletedBlockTransactionScanner
2019-09-18 13:03:49,176 [SCMBlockDeletingService#0] DEBUG block.SCMBlockDeletingService (SCMBlockDeletingService.java:call(155)) - Scanned deleted blocks log and got 0 delTX to process.
2019-09-18 13:03:49,277 [SCMBlockDeletingService#0] DEBUG block.SCMBlockDeletingService (SCMBlockDeletingService.java:call(138)) - Running DeletedBlockTransactionScanner
2019-09-18 13:03:49,277 [SCMBlockDeletingService#0] DEBUG block.SCMBlockDeletingService (SCMBlockDeletingService.java:call(155)) - Scanned deleted blocks log and got 0 delTX to process.
2019-09-18 13:03:49,377 [SCMBlockDeletingService#0] DEBUG block.SCMBlockDeletingService (SCMBlockDeletingService.java:call(138)) - Running DeletedBlockTransactionScanner
2019-09-18 13:03:49,378 [SCMBlockDeletingService#0] DEBUG block.SCMBlockDeletingService (SCMBlockDeletingService.java:call(155)) - Scanned deleted blocks log and got 0 delTX to process.
2019-09-18 13:03:49,481 [SCMBlockDeletingService#0] DEBUG block.SCMBlockDeletingService (SCMBlockDeletingService.java:call(138)) - Running DeletedBlockTransactionScanner
2019-09-18 13:03:49,482 [SCMBlockDeletingService#0] DEBUG block.SCMBlockDeletingService (SCMBlockDeletingService.java:call(155)) - Scanned deleted blocks log and got 0 delTX to process.
2019-09-18 13:03:49,582 [SCMBlockDeletingService#0] DEBUG block.SCMBlockDeletingService (SCMBlockDeletingService.java:call(138)) - Running DeletedBlockTransactionScanner
2019-09-18 13:03:49,582 [SCMBlockDeletingService#0] DEBUG block.SCMBlockDeletingService (SCMBlockDeletingService.java:call(155)) - Scanned deleted blocks log and got 0 delTX to process.
2019-09-18 13:03:49,683 [SCMBlockDeletingService#0] DEBUG block.SCMBlockDeletingService (SCMBlockDeletingService.java:call(138)) - Running DeletedBlockTransactionScanner
2019-09-18 13:03:49,683 [SCMBlockDeletingService#0] DEBUG block.SCMBlockDeletingService (SCMBlockDeletingService.java:call(155)) - Scanned deleted blocks log and got 0 delTX to process.
2019-09-18 13:03:49,784 [SCMBlockDeletingService#0] DEBUG block.SCMBlockDeletingService (SCMBlockDeletingService.java:call(138)) - Running DeletedBlockTransactionScanner
2019-09-18 13:03:49,784 [SCMBlockDeletingService#0] DEBUG block.SCMBlockDeletingService (SCMBlockDeletingService.java:call(155)) - Scanned deleted blocks log and got 0 delTX to process.
2019-09-18 13:03:49,885 [SCMBlockDeletingService#0] DEBUG block.SCMBlockDeletingService (SCMBlockDeletingService.java:call(138)) - Running DeletedBlockTransactionScanner
2019-09-18 13:03:49,885 [SCMBlockDeletingService#0] DEBUG block.SCMBlockDeletingService (SCMBlockDeletingService.java:call(155)) - Scanned deleted blocks log and got 0 delTX to process.
2019-09-18 13:03:49,986 [SCMBlockDeletingService#0] DEBUG block.SCMBlockDeletingService (SCMBlockDeletingService.java:call(138)) - Running DeletedBlockTransactionScanner
2019-09-18 13:03:49,986 [SCMBlockDeletingService#0] DEBUG block.SCMBlockDeletingService (SCMBlockDeletingService.java:call(155)) - Scanned deleted blocks log and got 0 delTX to process.
2019-09-18 13:03:50,086 [SCMBlockDeletingService#0] DEBUG block.SCMBlockDeletingService (SCMBlockDeletingService.java:call(138)) - Running DeletedBlockTransactionScanner
2019-09-18 13:03:50,087 [SCMBlockDeletingService#0] DEBUG block.SCMBlockDeletingService (SCMBlockDeletingService.java:call(155)) - Scanned deleted blocks log and got 0 delTX to process.
2019-09-18 13:03:50,104 [Thread-156] INFO  container.ReplicationManager (ReplicationManager.java:start(162)) - Starting Replication Monitor Thread.
2019-09-18 13:03:50,107 [ReplicationMonitor] INFO  container.ReplicationManager (ReplicationManager.java:run(225)) - Replication Monitor Thread took 2 milliseconds for processing 0 containers.
2019-09-18 13:03:50,187 [SCMBlockDeletingService#0] DEBUG block.SCMBlockDeletingService (SCMBlockDeletingService.java:call(138)) - Running DeletedBlockTransactionScanner
2019-09-18 13:03:50,188 [SCMBlockDeletingService#0] DEBUG block.SCMBlockDeletingService (SCMBlockDeletingService.java:call(155)) - Scanned deleted blocks log and got 0 delTX to process.
2019-09-18 13:03:50,288 [SCMBlockDeletingService#0] DEBUG block.SCMBlockDeletingService (SCMBlockDeletingService.java:call(138)) - Running DeletedBlockTransactionScanner
2019-09-18 13:03:50,288 [SCMBlockDeletingService#0] DEBUG block.SCMBlockDeletingService (SCMBlockDeletingService.java:call(155)) - Scanned deleted blocks log and got 0 delTX to process.
2019-09-18 13:03:50,389 [SCMBlockDeletingService#0] DEBUG block.SCMBlockDeletingService (SCMBlockDeletingService.java:call(138)) - Running DeletedBlockTransactionScanner
2019-09-18 13:03:50,389 [SCMBlockDeletingService#0] DEBUG block.SCMBlockDeletingService (SCMBlockDeletingService.java:call(155)) - Scanned deleted blocks log and got 0 delTX to process.
2019-09-18 13:03:50,490 [SCMBlockDeletingService#0] DEBUG block.SCMBlockDeletingService (SCMBlockDeletingService.java:call(138)) - Running DeletedBlockTransactionScanner
2019-09-18 13:03:50,490 [SCMBlockDeletingService#0] DEBUG block.SCMBlockDeletingService (SCMBlockDeletingService.java:call(155)) - Scanned deleted blocks log and got 0 delTX to process.
2019-09-18 13:03:50,573 [main] INFO  rpc.RpcClient (RpcClient.java:createVolume(302)) - Creating Volume: 62ec82bc-99d9-4ad8-9603-5d2a4f8482a5, with jenkins1000 as owner.
2019-09-18 13:03:50,590 [SCMBlockDeletingService#0] DEBUG block.SCMBlockDeletingService (SCMBlockDeletingService.java:call(138)) - Running DeletedBlockTransactionScanner
2019-09-18 13:03:50,591 [SCMBlockDeletingService#0] DEBUG block.SCMBlockDeletingService (SCMBlockDeletingService.java:call(155)) - Scanned deleted blocks log and got 0 delTX to process.
2019-09-18 13:03:50,671 [IPC Server handler 2 on 45856] INFO  volume.OMVolumeCreateRequest (OMVolumeCreateRequest.java:validateAndUpdateCache(189)) - created volume:62ec82bc-99d9-4ad8-9603-5d2a4f8482a5 for user:jenkins1000
2019-09-18 13:03:50,691 [SCMBlockDeletingService#0] DEBUG block.SCMBlockDeletingService (SCMBlockDeletingService.java:call(138)) - Running DeletedBlockTransactionScanner
2019-09-18 13:03:50,691 [SCMBlockDeletingService#0] DEBUG block.SCMBlockDeletingService (SCMBlockDeletingService.java:call(155)) - Scanned deleted blocks log and got 0 delTX to process.
2019-09-18 13:03:50,700 [main] INFO  rpc.RpcClient (RpcClient.java:createBucket(441)) - Creating Bucket: 62ec82bc-99d9-4ad8-9603-5d2a4f8482a5/b183f60d-086f-4784-bb11-ec69dbb81c40, with Versioning false and Storage Type set to DISK and Encryption set to false 
2019-09-18 13:03:50,792 [SCMBlockDeletingService#0] DEBUG block.SCMBlockDeletingService (SCMBlockDeletingService.java:call(138)) - Running DeletedBlockTransactionScanner
2019-09-18 13:03:50,792 [SCMBlockDeletingService#0] DEBUG block.SCMBlockDeletingService (SCMBlockDeletingService.java:call(155)) - Scanned deleted blocks log and got 0 delTX to process.
2019-09-18 13:03:50,893 [SCMBlockDeletingService#0] DEBUG block.SCMBlockDeletingService (SCMBlockDeletingService.java:call(138)) - Running DeletedBlockTransactionScanner
2019-09-18 13:03:50,893 [SCMBlockDeletingService#0] DEBUG block.SCMBlockDeletingService (SCMBlockDeletingService.java:call(155)) - Scanned deleted blocks log and got 0 delTX to process.
2019-09-18 13:03:51,345 [SCMBlockDeletingService#0] DEBUG block.SCMBlockDeletingService (SCMBlockDeletingService.java:call(138)) - Running DeletedBlockTransactionScanner
2019-09-18 13:03:51,346 [SCMBlockDeletingService#0] DEBUG block.SCMBlockDeletingService (SCMBlockDeletingService.java:call(155)) - Scanned deleted blocks log and got 0 delTX to process.
2019-09-18 13:03:51,447 [SCMBlockDeletingService#0] DEBUG block.SCMBlockDeletingService (SCMBlockDeletingService.java:call(138)) - Running DeletedBlockTransactionScanner
2019-09-18 13:03:51,447 [SCMBlockDeletingService#0] DEBUG block.SCMBlockDeletingService (SCMBlockDeletingService.java:call(155)) - Scanned deleted blocks log and got 0 delTX to process.
2019-09-18 13:03:51,493 [main] INFO  impl.MetricsSystemImpl (MetricsSystemImpl.java:init(158)) - XceiverClientMetrics metrics system started (again)
2019-09-18 13:03:51,548 [SCMBlockDeletingService#0] DEBUG block.SCMBlockDeletingService (SCMBlockDeletingService.java:call(138)) - Running DeletedBlockTransactionScanner
2019-09-18 13:03:51,548 [SCMBlockDeletingService#0] DEBUG block.SCMBlockDeletingService (SCMBlockDeletingService.java:call(155)) - Scanned deleted blocks log and got 0 delTX to process.
2019-09-18 13:03:51,624 [grpc-default-executor-0] INFO  client.GrpcClientProtocolClient (GrpcClientProtocolClient.java:onNext(264)) - client-DF3A7F9F7866->dd0a3b65-d36c-4f93-b232-3c8e6f6667b6: receive RaftClientReply:client-DF3A7F9F7866->dd0a3b65-d36c-4f93-b232-3c8e6f6667b6@group-B02456D89C11, cid=1, FAILED org.apache.ratis.protocol.NotLeaderException: Server dd0a3b65-d36c-4f93-b232-3c8e6f6667b6@group-B02456D89C11 is not the leader, logIndex=0, commits[dd0a3b65-d36c-4f93-b232-3c8e6f6667b6:c-1]
2019-09-18 13:03:51,649 [SCMBlockDeletingService#0] DEBUG block.SCMBlockDeletingService (SCMBlockDeletingService.java:call(138)) - Running DeletedBlockTransactionScanner
2019-09-18 13:03:51,649 [SCMBlockDeletingService#0] DEBUG block.SCMBlockDeletingService (SCMBlockDeletingService.java:call(155)) - Scanned deleted blocks log and got 0 delTX to process.
2019-09-18 13:03:51,749 [SCMBlockDeletingService#0] DEBUG block.SCMBlockDeletingService (SCMBlockDeletingService.java:call(138)) - Running DeletedBlockTransactionScanner
2019-09-18 13:03:51,750 [SCMBlockDeletingService#0] DEBUG block.SCMBlockDeletingService (SCMBlockDeletingService.java:call(155)) - Scanned deleted blocks log and got 0 delTX to process.
2019-09-18 13:03:51,850 [SCMBlockDeletingService#1] DEBUG block.SCMBlockDeletingService (SCMBlockDeletingService.java:call(138)) - Running DeletedBlockTransactionScanner
2019-09-18 13:03:51,850 [SCMBlockDeletingService#1] DEBUG block.SCMBlockDeletingService (SCMBlockDeletingService.java:call(155)) - Scanned deleted blocks log and got 0 delTX to process.
2019-09-18 13:03:51,951 [SCMBlockDeletingService#1] DEBUG block.SCMBlockDeletingService (SCMBlockDeletingService.java:call(138)) - Running DeletedBlockTransactionScanner
2019-09-18 13:03:51,951 [SCMBlockDeletingService#1] DEBUG block.SCMBlockDeletingService (SCMBlockDeletingService.java:call(155)) - Scanned deleted blocks log and got 0 delTX to process.
2019-09-18 13:03:52,052 [SCMBlockDeletingService#1] DEBUG block.SCMBlockDeletingService (SCMBlockDeletingService.java:call(138)) - Running DeletedBlockTransactionScanner
2019-09-18 13:03:52,052 [SCMBlockDeletingService#1] DEBUG block.SCMBlockDeletingService (SCMBlockDeletingService.java:call(155)) - Scanned deleted blocks log and got 0 delTX to process.
2019-09-18 13:03:52,153 [SCMBlockDeletingService#1] DEBUG block.SCMBlockDeletingService (SCMBlockDeletingService.java:call(138)) - Running DeletedBlockTransactionScanner
2019-09-18 13:03:52,153 [SCMBlockDeletingService#1] DEBUG block.SCMBlockDeletingService (SCMBlockDeletingService.java:call(155)) - Scanned deleted blocks log and got 0 delTX to process.
2019-09-18 13:03:52,253 [SCMBlockDeletingService#1] DEBUG block.SCMBlockDeletingService (SCMBlockDeletingService.java:call(138)) - Running DeletedBlockTransactionScanner
2019-09-18 13:03:52,253 [SCMBlockDeletingService#1] DEBUG block.SCMBlockDeletingService (SCMBlockDeletingService.java:call(155)) - Scanned deleted blocks log and got 0 delTX to process.
2019-09-18 13:03:52,354 [SCMBlockDeletingService#1] DEBUG block.SCMBlockDeletingService (SCMBlockDeletingService.java:call(138)) - Running DeletedBlockTransactionScanner
2019-09-18 13:03:52,354 [SCMBlockDeletingService#1] DEBUG block.SCMBlockDeletingService (SCMBlockDeletingService.java:call(155)) - Scanned deleted blocks log and got 0 delTX to process.
2019-09-18 13:03:52,455 [SCMBlockDeletingService#1] DEBUG block.SCMBlockDeletingService (SCMBlockDeletingService.java:call(138)) - Running DeletedBlockTransactionScanner
2019-09-18 13:03:52,455 [SCMBlockDeletingService#1] DEBUG block.SCMBlockDeletingService (SCMBlockDeletingService.java:call(155)) - Scanned deleted blocks log and got 0 delTX to process.
2019-09-18 13:03:52,555 [SCMBlockDeletingService#1] DEBUG block.SCMBlockDeletingService (SCMBlockDeletingService.java:call(138)) - Running DeletedBlockTransactionScanner
2019-09-18 13:03:52,556 [SCMBlockDeletingService#1] DEBUG block.SCMBlockDeletingService (SCMBlockDeletingService.java:call(155)) - Scanned deleted blocks log and got 0 delTX to process.
2019-09-18 13:03:52,656 [SCMBlockDeletingService#1] DEBUG block.SCMBlockDeletingService (SCMBlockDeletingService.java:call(138)) - Running DeletedBlockTransactionScanner
2019-09-18 13:03:52,656 [SCMBlockDeletingService#1] DEBUG block.SCMBlockDeletingService (SCMBlockDeletingService.java:call(155)) - Scanned deleted blocks log and got 0 delTX to process.
2019-09-18 13:03:52,757 [SCMBlockDeletingService#1] DEBUG block.SCMBlockDeletingService (SCMBlockDeletingService.java:call(138)) - Running DeletedBlockTransactionScanner
2019-09-18 13:03:52,757 [SCMBlockDeletingService#1] DEBUG block.SCMBlockDeletingService (SCMBlockDeletingService.java:call(155)) - Scanned deleted blocks log and got 0 delTX to process.
2019-09-18 13:03:52,858 [SCMBlockDeletingService#1] DEBUG block.SCMBlockDeletingService (SCMBlockDeletingService.java:call(138)) - Running DeletedBlockTransactionScanner
2019-09-18 13:03:52,858 [SCMBlockDeletingService#1] DEBUG block.SCMBlockDeletingService (SCMBlockDeletingService.java:call(155)) - Scanned deleted blocks log and got 0 delTX to process.
2019-09-18 13:03:52,958 [SCMBlockDeletingService#1] DEBUG block.SCMBlockDeletingService (SCMBlockDeletingService.java:call(138)) - Running DeletedBlockTransactionScanner
2019-09-18 13:03:52,959 [SCMBlockDeletingService#1] DEBUG block.SCMBlockDeletingService (SCMBlockDeletingService.java:call(155)) - Scanned deleted blocks log and got 0 delTX to process.
2019-09-18 13:03:53,049 [Thread-158] INFO  impl.FollowerState (FollowerState.java:run(106)) - dd0a3b65-d36c-4f93-b232-3c8e6f6667b6:group-B02456D89C11 changes to CANDIDATE, lastRpcTime:5146, electionTimeout:5145ms
2019-09-18 13:03:53,052 [Thread-158] INFO  impl.RoleInfo (RoleInfo.java:shutdownFollowerState(121)) - dd0a3b65-d36c-4f93-b232-3c8e6f6667b6: shutdown FollowerState
2019-09-18 13:03:53,053 [Thread-158] INFO  impl.RaftServerImpl (RaftServerImpl.java:setRole(174)) - dd0a3b65-d36c-4f93-b232-3c8e6f6667b6@group-B02456D89C11: changes role from  FOLLOWER to CANDIDATE at term 0 for changeToCandidate
2019-09-18 13:03:53,059 [SCMBlockDeletingService#1] DEBUG block.SCMBlockDeletingService (SCMBlockDeletingService.java:call(138)) - Running DeletedBlockTransactionScanner
2019-09-18 13:03:53,059 [Thread-158] INFO  impl.RoleInfo (RoleInfo.java:updateAndGet(143)) - dd0a3b65-d36c-4f93-b232-3c8e6f6667b6: start LeaderElection
2019-09-18 13:03:53,060 [SCMBlockDeletingService#1] DEBUG block.SCMBlockDeletingService (SCMBlockDeletingService.java:call(155)) - Scanned deleted blocks log and got 0 delTX to process.
2019-09-18 13:03:53,073 [dd0a3b65-d36c-4f93-b232-3c8e6f6667b6@group-B02456D89C11:LeaderElection1] INFO  impl.LeaderElection (LeaderElection.java:askForVotes(182)) - dd0a3b65-d36c-4f93-b232-3c8e6f6667b6@group-B02456D89C11:LeaderElection1: begin an election at term 1 for -1: [dd0a3b65-d36c-4f93-b232-3c8e6f6667b6:192.168.69.108:41901], old=null
2019-09-18 13:03:53,076 [dd0a3b65-d36c-4f93-b232-3c8e6f6667b6@group-B02456D89C11:LeaderElection1] INFO  impl.RoleInfo (RoleInfo.java:shutdownLeaderElection(134)) - dd0a3b65-d36c-4f93-b232-3c8e6f6667b6: shutdown LeaderElection
2019-09-18 13:03:53,076 [dd0a3b65-d36c-4f93-b232-3c8e6f6667b6@group-B02456D89C11:LeaderElection1] INFO  impl.RaftServerImpl (RaftServerImpl.java:setRole(174)) - dd0a3b65-d36c-4f93-b232-3c8e6f6667b6@group-B02456D89C11: changes role from CANDIDATE to LEADER at term 1 for changeToLeader
2019-09-18 13:03:53,077 [dd0a3b65-d36c-4f93-b232-3c8e6f6667b6@group-B02456D89C11:LeaderElection1] INFO  impl.RaftServerImpl (ServerState.java:setLeader(253)) - dd0a3b65-d36c-4f93-b232-3c8e6f6667b6@group-B02456D89C11: change Leader from null to dd0a3b65-d36c-4f93-b232-3c8e6f6667b6 at term 1 for becomeLeader, leader elected after 5317ms
2019-09-18 13:03:53,087 [dd0a3b65-d36c-4f93-b232-3c8e6f6667b6@group-B02456D89C11:LeaderElection1] INFO  server.RaftServerConfigKeys (ConfUtils.java:logGet(43)) - raft.server.staging.catchup.gap = 1000 (default)
2019-09-18 13:03:53,087 [dd0a3b65-d36c-4f93-b232-3c8e6f6667b6@group-B02456D89C11:LeaderElection1] INFO  server.RaftServerConfigKeys (ConfUtils.java:logGet(43)) - raft.server.rpc.sleep.time = 25ms (default)
2019-09-18 13:03:53,092 [dd0a3b65-d36c-4f93-b232-3c8e6f6667b6@group-B02456D89C11:LeaderElection1] INFO  server.RaftServerConfigKeys (ConfUtils.java:logGet(43)) - raft.server.write.element-limit = 4096 (default)
2019-09-18 13:03:53,096 [dd0a3b65-d36c-4f93-b232-3c8e6f6667b6@group-B02456D89C11:LeaderElection1] INFO  server.RaftServerConfigKeys (ConfUtils.java:logGet(43)) - raft.server.watch.timeout = 10s (default)
2019-09-18 13:03:53,096 [dd0a3b65-d36c-4f93-b232-3c8e6f6667b6@group-B02456D89C11:LeaderElection1] INFO  server.RaftServerConfigKeys (ConfUtils.java:logGet(43)) - raft.server.watch.timeout.denomination = 1s (default)
2019-09-18 13:03:53,098 [dd0a3b65-d36c-4f93-b232-3c8e6f6667b6@group-B02456D89C11:LeaderElection1] INFO  server.RaftServerConfigKeys (ConfUtils.java:logGet(43)) - raft.server.watch.element-limit = 65536 (default)
2019-09-18 13:03:53,137 [dd0a3b65-d36c-4f93-b232-3c8e6f6667b6@group-B02456D89C11:LeaderElection1] INFO  impl.RoleInfo (RoleInfo.java:updateAndGet(143)) - dd0a3b65-d36c-4f93-b232-3c8e6f6667b6: start LeaderState
2019-09-18 13:03:53,160 [SCMBlockDeletingService#1] DEBUG block.SCMBlockDeletingService (SCMBlockDeletingService.java:call(138)) - Running DeletedBlockTransactionScanner
2019-09-18 13:03:53,160 [SCMBlockDeletingService#1] DEBUG block.SCMBlockDeletingService (SCMBlockDeletingService.java:call(155)) - Scanned deleted blocks log and got 0 delTX to process.
2019-09-18 13:03:53,161 [dd0a3b65-d36c-4f93-b232-3c8e6f6667b6@group-B02456D89C11:LeaderElection1] INFO  segmented.SegmentedRaftLogWorker (SegmentedRaftLogWorker.java:startLogSegment(380)) - dd0a3b65-d36c-4f93-b232-3c8e6f6667b6@group-B02456D89C11-SegmentedRaftLogWorker: Starting segment from index:0
2019-09-18 13:03:53,171 [dd0a3b65-d36c-4f93-b232-3c8e6f6667b6@group-B02456D89C11:LeaderElection1] INFO  impl.RaftServerImpl (ServerState.java:setRaftConf(354)) - dd0a3b65-d36c-4f93-b232-3c8e6f6667b6@group-B02456D89C11: set configuration 0: [dd0a3b65-d36c-4f93-b232-3c8e6f6667b6:192.168.69.108:41901], old=null at 0
2019-09-18 13:03:53,261 [SCMBlockDeletingService#1] DEBUG block.SCMBlockDeletingService (SCMBlockDeletingService.java:call(138)) - Running DeletedBlockTransactionScanner
2019-09-18 13:03:53,261 [SCMBlockDeletingService#1] DEBUG block.SCMBlockDeletingService (SCMBlockDeletingService.java:call(155)) - Scanned deleted blocks log and got 0 delTX to process.
2019-09-18 13:03:53,361 [SCMBlockDeletingService#1] DEBUG block.SCMBlockDeletingService (SCMBlockDeletingService.java:call(138)) - Running DeletedBlockTransactionScanner
2019-09-18 13:03:53,362 [SCMBlockDeletingService#1] DEBUG block.SCMBlockDeletingService (SCMBlockDeletingService.java:call(155)) - Scanned deleted blocks log and got 0 delTX to process.
2019-09-18 13:03:53,362 [dd0a3b65-d36c-4f93-b232-3c8e6f6667b6@group-B02456D89C11-SegmentedRaftLogWorker] INFO  segmented.SegmentedRaftLogWorker (SegmentedRaftLogWorker.java:execute(569)) - dd0a3b65-d36c-4f93-b232-3c8e6f6667b6@group-B02456D89C11-SegmentedRaftLogWorker: created new log segment /workdir/hadoop-ozone/integration-test/target/test-dir/MiniOzoneClusterImpl-d4f86b9a-5145-424e-a2a6-5719e876ec3b/datanode-0/data/ratis/0a294b72-135c-4742-84ec-b02456d89c11/current/log_inprogress_0
2019-09-18 13:03:53,462 [SCMBlockDeletingService#1] DEBUG block.SCMBlockDeletingService (SCMBlockDeletingService.java:call(138)) - Running DeletedBlockTransactionScanner
2019-09-18 13:03:53,462 [SCMBlockDeletingService#1] DEBUG block.SCMBlockDeletingService (SCMBlockDeletingService.java:call(155)) - Scanned deleted blocks log and got 0 delTX to process.
2019-09-18 13:03:53,563 [SCMBlockDeletingService#1] DEBUG block.SCMBlockDeletingService (SCMBlockDeletingService.java:call(138)) - Running DeletedBlockTransactionScanner
2019-09-18 13:03:53,563 [SCMBlockDeletingService#1] DEBUG block.SCMBlockDeletingService (SCMBlockDeletingService.java:call(155)) - Scanned deleted blocks log and got 0 delTX to process.
2019-09-18 13:03:53,664 [SCMBlockDeletingService#1] DEBUG block.SCMBlockDeletingService (SCMBlockDeletingService.java:call(138)) - Running DeletedBlockTransactionScanner
2019-09-18 13:03:53,664 [SCMBlockDeletingService#1] DEBUG block.SCMBlockDeletingService (SCMBlockDeletingService.java:call(155)) - Scanned deleted blocks log and got 0 delTX to process.
2019-09-18 13:03:53,765 [SCMBlockDeletingService#1] DEBUG block.SCMBlockDeletingService (SCMBlockDeletingService.java:call(138)) - Running DeletedBlockTransactionScanner
2019-09-18 13:03:53,766 [SCMBlockDeletingService#1] DEBUG block.SCMBlockDeletingService (SCMBlockDeletingService.java:call(155)) - Scanned deleted blocks log and got 0 delTX to process.
2019-09-18 13:03:53,866 [SCMBlockDeletingService#1] DEBUG block.SCMBlockDeletingService (SCMBlockDeletingService.java:call(138)) - Running DeletedBlockTransactionScanner
2019-09-18 13:03:53,866 [SCMBlockDeletingService#1] DEBUG block.SCMBlockDeletingService (SCMBlockDeletingService.java:call(155)) - Scanned deleted blocks log and got 0 delTX to process.
2019-09-18 13:03:53,882 [grpc-default-executor-0] INFO  client.GrpcClientProtocolClient (GrpcClientProtocolClient.java:onNext(264)) - client-DF3A7F9F7866->dd0a3b65-d36c-4f93-b232-3c8e6f6667b6: receive RaftClientReply:client-DF3A7F9F7866->dd0a3b65-d36c-4f93-b232-3c8e6f6667b6@group-B02456D89C11, cid=1, SUCCESS, logIndex=1, commits[dd0a3b65-d36c-4f93-b232-3c8e6f6667b6:c1]
2019-09-18 13:03:53,968 [SCMBlockDeletingService#1] DEBUG block.SCMBlockDeletingService (SCMBlockDeletingService.java:call(138)) - Running DeletedBlockTransactionScanner
2019-09-18 13:03:53,969 [SCMBlockDeletingService#1] DEBUG block.SCMBlockDeletingService (SCMBlockDeletingService.java:call(155)) - Scanned deleted blocks log and got 0 delTX to process.
2019-09-18 13:03:53,987 [grpc-default-executor-1] INFO  client.GrpcClientProtocolClient (GrpcClientProtocolClient.java:onNext(264)) - client-DF3A7F9F7866->dd0a3b65-d36c-4f93-b232-3c8e6f6667b6: receive RaftClientReply:client-DF3A7F9F7866->dd0a3b65-d36c-4f93-b232-3c8e6f6667b6@group-B02456D89C11, cid=2, SUCCESS, logIndex=3, commits[dd0a3b65-d36c-4f93-b232-3c8e6f6667b6:c7]
2019-09-18 13:03:53,992 [grpc-default-executor-1] INFO  client.GrpcClientProtocolClient (GrpcClientProtocolClient.java:onNext(264)) - client-DF3A7F9F7866->dd0a3b65-d36c-4f93-b232-3c8e6f6667b6: receive RaftClientReply:client-DF3A7F9F7866->dd0a3b65-d36c-4f93-b232-3c8e6f6667b6@group-B02456D89C11, cid=3, SUCCESS, logIndex=5, commits[dd0a3b65-d36c-4f93-b232-3c8e6f6667b6:c7]
2019-09-18 13:03:53,993 [grpc-default-executor-1] INFO  client.GrpcClientProtocolClient (GrpcClientProtocolClient.java:onNext(264)) - client-DF3A7F9F7866->dd0a3b65-d36c-4f93-b232-3c8e6f6667b6: receive RaftClientReply:client-DF3A7F9F7866->dd0a3b65-d36c-4f93-b232-3c8e6f6667b6@group-B02456D89C11, cid=4, SUCCESS, logIndex=6, commits[dd0a3b65-d36c-4f93-b232-3c8e6f6667b6:c7]
2019-09-18 13:03:54,046 [grpc-default-executor-0] INFO  client.GrpcClientProtocolClient (GrpcClientProtocolClient.java:onNext(264)) - client-DF3A7F9F7866->dd0a3b65-d36c-4f93-b232-3c8e6f6667b6: receive RaftClientReply:client-DF3A7F9F7866->dd0a3b65-d36c-4f93-b232-3c8e6f6667b6@group-B02456D89C11, cid=5, SUCCESS, logIndex=8, commits[dd0a3b65-d36c-4f93-b232-3c8e6f6667b6:c9]
2019-09-18 13:03:54,049 [grpc-default-executor-0] INFO  client.GrpcClientProtocolClient (GrpcClientProtocolClient.java:onNext(264)) - client-DF3A7F9F7866->dd0a3b65-d36c-4f93-b232-3c8e6f6667b6: receive RaftClientReply:client-DF3A7F9F7866->dd0a3b65-d36c-4f93-b232-3c8e6f6667b6@group-B02456D89C11, cid=6, SUCCESS, logIndex=9, commits[dd0a3b65-d36c-4f93-b232-3c8e6f6667b6:c9]
2019-09-18 13:03:54,056 [grpc-default-executor-0] INFO  client.GrpcClientProtocolClient (GrpcClientProtocolClient.java:onNext(264)) - client-DF3A7F9F7866->dd0a3b65-d36c-4f93-b232-3c8e6f6667b6: receive RaftClientReply:client-DF3A7F9F7866->dd0a3b65-d36c-4f93-b232-3c8e6f6667b6@group-B02456D89C11, cid=7, SUCCESS, logIndex=10, commits[dd0a3b65-d36c-4f93-b232-3c8e6f6667b6:c12]
2019-09-18 13:03:54,059 [grpc-default-executor-0] INFO  client.GrpcClientProtocolClient (GrpcClientProtocolClient.java:onNext(264)) - client-DF3A7F9F7866->dd0a3b65-d36c-4f93-b232-3c8e6f6667b6: receive RaftClientReply:client-DF3A7F9F7866->dd0a3b65-d36c-4f93-b232-3c8e6f6667b6@group-B02456D89C11, cid=8, SUCCESS, logIndex=11, commits[dd0a3b65-d36c-4f93-b232-3c8e6f6667b6:c12]
2019-09-18 13:03:54,069 [SCMBlockDeletingService#1] DEBUG block.SCMBlockDeletingService (SCMBlockDeletingService.java:call(138)) - Running DeletedBlockTransactionScanner
2019-09-18 13:03:54,069 [SCMBlockDeletingService#1] DEBUG block.SCMBlockDeletingService (SCMBlockDeletingService.java:call(155)) - Scanned deleted blocks log and got 0 delTX to process.
2019-09-18 13:03:54,170 [SCMBlockDeletingService#1] DEBUG block.SCMBlockDeletingService (SCMBlockDeletingService.java:call(138)) - Running DeletedBlockTransactionScanner
2019-09-18 13:03:54,170 [SCMBlockDeletingService#1] DEBUG block.SCMBlockDeletingService (SCMBlockDeletingService.java:call(155)) - Scanned deleted blocks log and got 0 delTX to process.
2019-09-18 13:03:54,230 [grpc-default-executor-0] INFO  client.GrpcClientProtocolClient (GrpcClientProtocolClient.java:onNext(264)) - client-DF3A7F9F7866->dd0a3b65-d36c-4f93-b232-3c8e6f6667b6: receive RaftClientReply:client-DF3A7F9F7866->dd0a3b65-d36c-4f93-b232-3c8e6f6667b6@group-B02456D89C11, cid=9, SUCCESS, logIndex=13, commits[dd0a3b65-d36c-4f93-b232-3c8e6f6667b6:c16]
2019-09-18 13:03:54,272 [SCMBlockDeletingService#1] DEBUG block.SCMBlockDeletingService (SCMBlockDeletingService.java:call(138)) - Running DeletedBlockTransactionScanner
2019-09-18 13:03:54,272 [SCMBlockDeletingService#1] DEBUG block.SCMBlockDeletingService (SCMBlockDeletingService.java:call(155)) - Scanned deleted blocks log and got 0 delTX to process.
2019-09-18 13:03:54,275 [grpc-default-executor-0] INFO  client.GrpcClientProtocolClient (GrpcClientProtocolClient.java:onNext(264)) - client-DF3A7F9F7866->dd0a3b65-d36c-4f93-b232-3c8e6f6667b6: receive RaftClientReply:client-DF3A7F9F7866->dd0a3b65-d36c-4f93-b232-3c8e6f6667b6@group-B02456D89C11, cid=10, SUCCESS, logIndex=14, commits[dd0a3b65-d36c-4f93-b232-3c8e6f6667b6:c17]
2019-09-18 13:03:54,276 [grpc-default-executor-0] INFO  client.GrpcClientProtocolClient (GrpcClientProtocolClient.java:onNext(264)) - client-DF3A7F9F7866->dd0a3b65-d36c-4f93-b232-3c8e6f6667b6: receive RaftClientReply:client-DF3A7F9F7866->dd0a3b65-d36c-4f93-b232-3c8e6f6667b6@group-B02456D89C11, cid=11, SUCCESS, logIndex=15, commits[dd0a3b65-d36c-4f93-b232-3c8e6f6667b6:c17]
2019-09-18 13:03:54,278 [grpc-default-executor-0] INFO  client.GrpcClientProtocolClient (GrpcClientProtocolClient.java:onNext(264)) - client-DF3A7F9F7866->dd0a3b65-d36c-4f93-b232-3c8e6f6667b6: receive RaftClientReply:client-DF3A7F9F7866->dd0a3b65-d36c-4f93-b232-3c8e6f6667b6@group-B02456D89C11, cid=12, SUCCESS, logIndex=16, commits[dd0a3b65-d36c-4f93-b232-3c8e6f6667b6:c17]
2019-09-18 13:03:54,316 [grpc-default-executor-1] INFO  client.GrpcClientProtocolClient (GrpcClientProtocolClient.java:onNext(264)) - client-DF3A7F9F7866->dd0a3b65-d36c-4f93-b232-3c8e6f6667b6: receive RaftClientReply:client-DF3A7F9F7866->dd0a3b65-d36c-4f93-b232-3c8e6f6667b6@group-B02456D89C11, cid=13, SUCCESS, logIndex=18, commits[dd0a3b65-d36c-4f93-b232-3c8e6f6667b6:c19]
2019-09-18 13:03:54,317 [grpc-default-executor-1] INFO  client.GrpcClientProtocolClient (GrpcClientProtocolClient.java:onNext(264)) - client-DF3A7F9F7866->dd0a3b65-d36c-4f93-b232-3c8e6f6667b6: receive RaftClientReply:client-DF3A7F9F7866->dd0a3b65-d36c-4f93-b232-3c8e6f6667b6@group-B02456D89C11, cid=14, SUCCESS, logIndex=19, commits[dd0a3b65-d36c-4f93-b232-3c8e6f6667b6:c19]
2019-09-18 13:03:54,325 [grpc-default-executor-1] INFO  client.GrpcClientProtocolClient (GrpcClientProtocolClient.java:onNext(264)) - client-DF3A7F9F7866->dd0a3b65-d36c-4f93-b232-3c8e6f6667b6: receive RaftClientReply:client-DF3A7F9F7866->dd0a3b65-d36c-4f93-b232-3c8e6f6667b6@group-B02456D89C11, cid=15, SUCCESS, logIndex=21, commits[dd0a3b65-d36c-4f93-b232-3c8e6f6667b6:c22]
2019-09-18 13:03:54,326 [grpc-default-executor-1] INFO  client.GrpcClientProtocolClient (GrpcClientProtocolClient.java:onNext(264)) - client-DF3A7F9F7866->dd0a3b65-d36c-4f93-b232-3c8e6f6667b6: receive RaftClientReply:client-DF3A7F9F7866->dd0a3b65-d36c-4f93-b232-3c8e6f6667b6@group-B02456D89C11, cid=16, SUCCESS, logIndex=22, commits[dd0a3b65-d36c-4f93-b232-3c8e6f6667b6:c23]
2019-09-18 13:03:54,373 [SCMBlockDeletingService#1] DEBUG block.SCMBlockDeletingService (SCMBlockDeletingService.java:call(138)) - Running DeletedBlockTransactionScanner
2019-09-18 13:03:54,374 [SCMBlockDeletingService#1] DEBUG block.SCMBlockDeletingService (SCMBlockDeletingService.java:call(155)) - Scanned deleted blocks log and got 0 delTX to process.
2019-09-18 13:03:54,436 [grpc-default-executor-1] INFO  client.GrpcClientProtocolClient (GrpcClientProtocolClient.java:onNext(264)) - client-DF3A7F9F7866->dd0a3b65-d36c-4f93-b232-3c8e6f6667b6: receive RaftClientReply:client-DF3A7F9F7866->dd0a3b65-d36c-4f93-b232-3c8e6f6667b6@group-B02456D89C11, cid=17, SUCCESS, logIndex=24, commits[dd0a3b65-d36c-4f93-b232-3c8e6f6667b6:c27]
2019-09-18 13:03:54,469 [grpc-default-executor-1] INFO  client.GrpcClientProtocolClient (GrpcClientProtocolClient.java:onNext(264)) - client-DF3A7F9F7866->dd0a3b65-d36c-4f93-b232-3c8e6f6667b6: receive RaftClientReply:client-DF3A7F9F7866->dd0a3b65-d36c-4f93-b232-3c8e6f6667b6@group-B02456D89C11, cid=18, SUCCESS, logIndex=25, commits[dd0a3b65-d36c-4f93-b232-3c8e6f6667b6:c28]
2019-09-18 13:03:54,470 [grpc-default-executor-1] INFO  client.GrpcClientProtocolClient (GrpcClientProtocolClient.java:onNext(264)) - client-DF3A7F9F7866->dd0a3b65-d36c-4f93-b232-3c8e6f6667b6: receive RaftClientReply:client-DF3A7F9F7866->dd0a3b65-d36c-4f93-b232-3c8e6f6667b6@group-B02456D89C11, cid=19, SUCCESS, logIndex=26, commits[dd0a3b65-d36c-4f93-b232-3c8e6f6667b6:c28]
2019-09-18 13:03:54,471 [grpc-default-executor-1] INFO  client.GrpcClientProtocolClient (GrpcClientProtocolClient.java:onNext(264)) - client-DF3A7F9F7866->dd0a3b65-d36c-4f93-b232-3c8e6f6667b6: receive RaftClientReply:client-DF3A7F9F7866->dd0a3b65-d36c-4f93-b232-3c8e6f6667b6@group-B02456D89C11, cid=20, SUCCESS, logIndex=27, commits[dd0a3b65-d36c-4f93-b232-3c8e6f6667b6:c28]
2019-09-18 13:03:54,474 [SCMBlockDeletingService#1] DEBUG block.SCMBlockDeletingService (SCMBlockDeletingService.java:call(138)) - Running DeletedBlockTransactionScanner
2019-09-18 13:03:54,475 [SCMBlockDeletingService#1] DEBUG block.SCMBlockDeletingService (SCMBlockDeletingService.java:call(155)) - Scanned deleted blocks log and got 0 delTX to process.
2019-09-18 13:03:54,511 [grpc-default-executor-1] INFO  client.GrpcClientProtocolClient (GrpcClientProtocolClient.java:onNext(264)) - client-DF3A7F9F7866->dd0a3b65-d36c-4f93-b232-3c8e6f6667b6: receive RaftClientReply:client-DF3A7F9F7866->dd0a3b65-d36c-4f93-b232-3c8e6f6667b6@group-B02456D89C11, cid=21, SUCCESS, logIndex=29, commits[dd0a3b65-d36c-4f93-b232-3c8e6f6667b6:c30]
2019-09-18 13:03:54,512 [grpc-default-executor-1] INFO  client.GrpcClientProtocolClient (GrpcClientProtocolClient.java:onNext(264)) - client-DF3A7F9F7866->dd0a3b65-d36c-4f93-b232-3c8e6f6667b6: receive RaftClientReply:client-DF3A7F9F7866->dd0a3b65-d36c-4f93-b232-3c8e6f6667b6@group-B02456D89C11, cid=22, SUCCESS, logIndex=30, commits[dd0a3b65-d36c-4f93-b232-3c8e6f6667b6:c30]
2019-09-18 13:03:54,523 [grpc-default-executor-1] INFO  client.GrpcClientProtocolClient (GrpcClientProtocolClient.java:onNext(264)) - client-DF3A7F9F7866->dd0a3b65-d36c-4f93-b232-3c8e6f6667b6: receive RaftClientReply:client-DF3A7F9F7866->dd0a3b65-d36c-4f93-b232-3c8e6f6667b6@group-B02456D89C11, cid=23, SUCCESS, logIndex=31, commits[dd0a3b65-d36c-4f93-b232-3c8e6f6667b6:c33]
2019-09-18 13:03:54,524 [grpc-default-executor-1] INFO  client.GrpcClientProtocolClient (GrpcClientProtocolClient.java:onNext(264)) - client-DF3A7F9F7866->dd0a3b65-d36c-4f93-b232-3c8e6f6667b6: receive RaftClientReply:client-DF3A7F9F7866->dd0a3b65-d36c-4f93-b232-3c8e6f6667b6@group-B02456D89C11, cid=24, SUCCESS, logIndex=32, commits[dd0a3b65-d36c-4f93-b232-3c8e6f6667b6:c33]
2019-09-18 13:03:54,560 [grpc-default-executor-1] INFO  client.GrpcClientProtocolClient (GrpcClientProtocolClient.java:onNext(264)) - client-DF3A7F9F7866->dd0a3b65-d36c-4f93-b232-3c8e6f6667b6: receive RaftClientReply:client-DF3A7F9F7866->dd0a3b65-d36c-4f93-b232-3c8e6f6667b6@group-B02456D89C11, cid=25, SUCCESS, logIndex=34, commits[dd0a3b65-d36c-4f93-b232-3c8e6f6667b6:c35]
2019-09-18 13:03:54,561 [grpc-default-executor-1] INFO  client.GrpcClientProtocolClient (GrpcClientProtocolClient.java:onNext(264)) - client-DF3A7F9F7866->dd0a3b65-d36c-4f93-b232-3c8e6f6667b6: receive RaftClientReply:client-DF3A7F9F7866->dd0a3b65-d36c-4f93-b232-3c8e6f6667b6@group-B02456D89C11, cid=26, SUCCESS, logIndex=35, commits[dd0a3b65-d36c-4f93-b232-3c8e6f6667b6:c35]
2019-09-18 13:03:54,572 [grpc-default-executor-1] INFO  client.GrpcClientProtocolClient (GrpcClientProtocolClient.java:onNext(264)) - client-DF3A7F9F7866->dd0a3b65-d36c-4f93-b232-3c8e6f6667b6: receive RaftClientReply:client-DF3A7F9F7866->dd0a3b65-d36c-4f93-b232-3c8e6f6667b6@group-B02456D89C11, cid=27, SUCCESS, logIndex=36, commits[dd0a3b65-d36c-4f93-b232-3c8e6f6667b6:c38]
2019-09-18 13:03:54,573 [grpc-default-executor-1] INFO  client.GrpcClientProtocolClient (GrpcClientProtocolClient.java:onNext(264)) - client-DF3A7F9F7866->dd0a3b65-d36c-4f93-b232-3c8e6f6667b6: receive RaftClientReply:client-DF3A7F9F7866->dd0a3b65-d36c-4f93-b232-3c8e6f6667b6@group-B02456D89C11, cid=28, SUCCESS, logIndex=37, commits[dd0a3b65-d36c-4f93-b232-3c8e6f6667b6:c39]
2019-09-18 13:03:54,575 [SCMBlockDeletingService#1] DEBUG block.SCMBlockDeletingService (SCMBlockDeletingService.java:call(138)) - Running DeletedBlockTransactionScanner
2019-09-18 13:03:54,575 [SCMBlockDeletingService#1] DEBUG block.SCMBlockDeletingService (SCMBlockDeletingService.java:call(155)) - Scanned deleted blocks log and got 0 delTX to process.
2019-09-18 13:03:54,606 [grpc-default-executor-0] INFO  client.GrpcClientProtocolClient (GrpcClientProtocolClient.java:onNext(264)) - client-DF3A7F9F7866->dd0a3b65-d36c-4f93-b232-3c8e6f6667b6: receive RaftClientReply:client-DF3A7F9F7866->dd0a3b65-d36c-4f93-b232-3c8e6f6667b6@group-B02456D89C11, cid=29, SUCCESS, logIndex=40, commits[dd0a3b65-d36c-4f93-b232-3c8e6f6667b6:c41]
2019-09-18 13:03:54,607 [grpc-default-executor-0] INFO  client.GrpcClientProtocolClient (GrpcClientProtocolClient.java:onNext(264)) - client-DF3A7F9F7866->dd0a3b65-d36c-4f93-b232-3c8e6f6667b6: receive RaftClientReply:client-DF3A7F9F7866->dd0a3b65-d36c-4f93-b232-3c8e6f6667b6@group-B02456D89C11, cid=30, SUCCESS, logIndex=41, commits[dd0a3b65-d36c-4f93-b232-3c8e6f6667b6:c41]
2019-09-18 13:03:54,614 [grpc-default-executor-0] INFO  client.GrpcClientProtocolClient (GrpcClientProtocolClient.java:onNext(264)) - client-DF3A7F9F7866->dd0a3b65-d36c-4f93-b232-3c8e6f6667b6: receive RaftClientReply:client-DF3A7F9F7866->dd0a3b65-d36c-4f93-b232-3c8e6f6667b6@group-B02456D89C11, cid=31, SUCCESS, logIndex=42, commits[dd0a3b65-d36c-4f93-b232-3c8e6f6667b6:c43]
2019-09-18 13:03:54,615 [grpc-default-executor-0] INFO  client.GrpcClientProtocolClient (GrpcClientProtocolClient.java:onNext(264)) - client-DF3A7F9F7866->dd0a3b65-d36c-4f93-b232-3c8e6f6667b6: receive RaftClientReply:client-DF3A7F9F7866->dd0a3b65-d36c-4f93-b232-3c8e6f6667b6@group-B02456D89C11, cid=32, SUCCESS, logIndex=43, commits[dd0a3b65-d36c-4f93-b232-3c8e6f6667b6:c45]
2019-09-18 13:03:54,651 [grpc-default-executor-0] INFO  client.GrpcClientProtocolClient (GrpcClientProtocolClient.java:onNext(264)) - client-DF3A7F9F7866->dd0a3b65-d36c-4f93-b232-3c8e6f6667b6: receive RaftClientReply:client-DF3A7F9F7866->dd0a3b65-d36c-4f93-b232-3c8e6f6667b6@group-B02456D89C11, cid=33, SUCCESS, logIndex=46, commits[dd0a3b65-d36c-4f93-b232-3c8e6f6667b6:c47]
2019-09-18 13:03:54,653 [grpc-default-executor-0] INFO  client.GrpcClientProtocolClient (GrpcClientProtocolClient.java:onNext(264)) - client-DF3A7F9F7866->dd0a3b65-d36c-4f93-b232-3c8e6f6667b6: receive RaftClientReply:client-DF3A7F9F7866->dd0a3b65-d36c-4f93-b232-3c8e6f6667b6@group-B02456D89C11, cid=34, SUCCESS, logIndex=47, commits[dd0a3b65-d36c-4f93-b232-3c8e6f6667b6:c50]
2019-09-18 13:03:54,654 [grpc-default-executor-0] INFO  client.GrpcClientProtocolClient (GrpcClientProtocolClient.java:onNext(264)) - client-DF3A7F9F7866->dd0a3b65-d36c-4f93-b232-3c8e6f6667b6: receive RaftClientReply:client-DF3A7F9F7866->dd0a3b65-d36c-4f93-b232-3c8e6f6667b6@group-B02456D89C11, cid=35, SUCCESS, logIndex=48, commits[dd0a3b65-d36c-4f93-b232-3c8e6f6667b6:c51]
2019-09-18 13:03:54,656 [grpc-default-executor-0] INFO  client.GrpcClientProtocolClient (GrpcClientProtocolClient.java:onNext(264)) - client-DF3A7F9F7866->dd0a3b65-d36c-4f93-b232-3c8e6f6667b6: receive RaftClientReply:client-DF3A7F9F7866->dd0a3b65-d36c-4f93-b232-3c8e6f6667b6@group-B02456D89C11, cid=36, SUCCESS, logIndex=49, commits[dd0a3b65-d36c-4f93-b232-3c8e6f6667b6:c51]
2019-09-18 13:03:54,676 [SCMBlockDeletingService#1] DEBUG block.SCMBlockDeletingService (SCMBlockDeletingService.java:call(138)) - Running DeletedBlockTransactionScanner
2019-09-18 13:03:54,676 [SCMBlockDeletingService#1] DEBUG block.SCMBlockDeletingService (SCMBlockDeletingService.java:call(155)) - Scanned deleted blocks log and got 0 delTX to process.
2019-09-18 13:03:54,689 [grpc-default-executor-0] INFO  client.GrpcClientProtocolClient (GrpcClientProtocolClient.java:onNext(264)) - client-DF3A7F9F7866->dd0a3b65-d36c-4f93-b232-3c8e6f6667b6: receive RaftClientReply:client-DF3A7F9F7866->dd0a3b65-d36c-4f93-b232-3c8e6f6667b6@group-B02456D89C11, cid=37, SUCCESS, logIndex=52, commits[dd0a3b65-d36c-4f93-b232-3c8e6f6667b6:c53]
2019-09-18 13:03:54,690 [grpc-default-executor-0] INFO  client.GrpcClientProtocolClient (GrpcClientProtocolClient.java:onNext(264)) - client-DF3A7F9F7866->dd0a3b65-d36c-4f93-b232-3c8e6f6667b6: receive RaftClientReply:client-DF3A7F9F7866->dd0a3b65-d36c-4f93-b232-3c8e6f6667b6@group-B02456D89C11, cid=38, SUCCESS, logIndex=53, commits[dd0a3b65-d36c-4f93-b232-3c8e6f6667b6:c53]
2019-09-18 13:03:54,699 [grpc-default-executor-0] INFO  client.GrpcClientProtocolClient (GrpcClientProtocolClient.java:onNext(264)) - client-DF3A7F9F7866->dd0a3b65-d36c-4f93-b232-3c8e6f6667b6: receive RaftClientReply:client-DF3A7F9F7866->dd0a3b65-d36c-4f93-b232-3c8e6f6667b6@group-B02456D89C11, cid=39, SUCCESS, logIndex=54, commits[dd0a3b65-d36c-4f93-b232-3c8e6f6667b6:c56]
2019-09-18 13:03:54,700 [grpc-default-executor-0] INFO  client.GrpcClientProtocolClient (GrpcClientProtocolClient.java:onNext(264)) - client-DF3A7F9F7866->dd0a3b65-d36c-4f93-b232-3c8e6f6667b6: receive RaftClientReply:client-DF3A7F9F7866->dd0a3b65-d36c-4f93-b232-3c8e6f6667b6@group-B02456D89C11, cid=40, SUCCESS, logIndex=55, commits[dd0a3b65-d36c-4f93-b232-3c8e6f6667b6:c57]
2019-09-18 13:03:54,740 [grpc-default-executor-0] INFO  client.GrpcClientProtocolClient (GrpcClientProtocolClient.java:onNext(264)) - client-DF3A7F9F7866->dd0a3b65-d36c-4f93-b232-3c8e6f6667b6: receive RaftClientReply:client-DF3A7F9F7866->dd0a3b65-d36c-4f93-b232-3c8e6f6667b6@group-B02456D89C11, cid=41, SUCCESS, logIndex=58, commits[dd0a3b65-d36c-4f93-b232-3c8e6f6667b6:c61]
2019-09-18 13:03:54,741 [grpc-default-executor-0] INFO  client.GrpcClientProtocolClient (GrpcClientProtocolClient.java:onNext(264)) - client-DF3A7F9F7866->dd0a3b65-d36c-4f93-b232-3c8e6f6667b6: receive RaftClientReply:client-DF3A7F9F7866->dd0a3b65-d36c-4f93-b232-3c8e6f6667b6@group-B02456D89C11, cid=42, SUCCESS, logIndex=59, commits[dd0a3b65-d36c-4f93-b232-3c8e6f6667b6:c62]
2019-09-18 13:03:54,741 [grpc-default-executor-0] INFO  client.GrpcClientProtocolClient (GrpcClientProtocolClient.java:onNext(264)) - client-DF3A7F9F7866->dd0a3b65-d36c-4f93-b232-3c8e6f6667b6: receive RaftClientReply:client-DF3A7F9F7866->dd0a3b65-d36c-4f93-b232-3c8e6f6667b6@group-B02456D89C11, cid=43, SUCCESS, logIndex=60, commits[dd0a3b65-d36c-4f93-b232-3c8e6f6667b6:c63]
2019-09-18 13:03:54,743 [grpc-default-executor-0] INFO  client.GrpcClientProtocolClient (GrpcClientProtocolClient.java:onNext(264)) - client-DF3A7F9F7866->dd0a3b65-d36c-4f93-b232-3c8e6f6667b6: receive RaftClientReply:client-DF3A7F9F7866->dd0a3b65-d36c-4f93-b232-3c8e6f6667b6@group-B02456D89C11, cid=44, SUCCESS, logIndex=61, commits[dd0a3b65-d36c-4f93-b232-3c8e6f6667b6:c63]
2019-09-18 13:03:54,776 [SCMBlockDeletingService#1] DEBUG block.SCMBlockDeletingService (SCMBlockDeletingService.java:call(138)) - Running DeletedBlockTransactionScanner
2019-09-18 13:03:54,777 [SCMBlockDeletingService#1] DEBUG block.SCMBlockDeletingService (SCMBlockDeletingService.java:call(155)) - Scanned deleted blocks log and got 0 delTX to process.
2019-09-18 13:03:54,877 [SCMBlockDeletingService#1] DEBUG block.SCMBlockDeletingService (SCMBlockDeletingService.java:call(138)) - Running DeletedBlockTransactionScanner
2019-09-18 13:03:54,878 [SCMBlockDeletingService#1] DEBUG block.SCMBlockDeletingService (SCMBlockDeletingService.java:call(155)) - Scanned deleted blocks log and got 0 delTX to process.
2019-09-18 13:03:54,935 [grpc-default-executor-1] INFO  client.GrpcClientProtocolClient (GrpcClientProtocolClient.java:onNext(264)) - client-DF3A7F9F7866->dd0a3b65-d36c-4f93-b232-3c8e6f6667b6: receive RaftClientReply:client-DF3A7F9F7866->dd0a3b65-d36c-4f93-b232-3c8e6f6667b6@group-B02456D89C11, cid=45, SUCCESS, logIndex=64, commits[dd0a3b65-d36c-4f93-b232-3c8e6f6667b6:c65]
2019-09-18 13:03:54,936 [grpc-default-executor-1] INFO  client.GrpcClientProtocolClient (GrpcClientProtocolClient.java:onNext(264)) - client-DF3A7F9F7866->dd0a3b65-d36c-4f93-b232-3c8e6f6667b6: receive RaftClientReply:client-DF3A7F9F7866->dd0a3b65-d36c-4f93-b232-3c8e6f6667b6@group-B02456D89C11, cid=46, SUCCESS, logIndex=65, commits[dd0a3b65-d36c-4f93-b232-3c8e6f6667b6:c65]
2019-09-18 13:03:54,944 [grpc-default-executor-1] INFO  client.GrpcClientProtocolClient (GrpcClientProtocolClient.java:onNext(264)) - client-DF3A7F9F7866->dd0a3b65-d36c-4f93-b232-3c8e6f6667b6: receive RaftClientReply:client-DF3A7F9F7866->dd0a3b65-d36c-4f93-b232-3c8e6f6667b6@group-B02456D89C11, cid=47, SUCCESS, logIndex=66, commits[dd0a3b65-d36c-4f93-b232-3c8e6f6667b6:c67]
2019-09-18 13:03:54,945 [grpc-default-executor-1] INFO  client.GrpcClientProtocolClient (GrpcClientProtocolClient.java:onNext(264)) - client-DF3A7F9F7866->dd0a3b65-d36c-4f93-b232-3c8e6f6667b6: receive RaftClientReply:client-DF3A7F9F7866->dd0a3b65-d36c-4f93-b232-3c8e6f6667b6@group-B02456D89C11, cid=48, SUCCESS, logIndex=67, commits[dd0a3b65-d36c-4f93-b232-3c8e6f6667b6:c68]
2019-09-18 13:03:54,978 [SCMBlockDeletingService#1] DEBUG block.SCMBlockDeletingService (SCMBlockDeletingService.java:call(138)) - Running DeletedBlockTransactionScanner
2019-09-18 13:03:54,979 [SCMBlockDeletingService#1] DEBUG block.SCMBlockDeletingService (SCMBlockDeletingService.java:call(155)) - Scanned deleted blocks log and got 0 delTX to process.
2019-09-18 13:03:55,000 [grpc-default-executor-0] INFO  client.GrpcClientProtocolClient (GrpcClientProtocolClient.java:onNext(264)) - client-DF3A7F9F7866->dd0a3b65-d36c-4f93-b232-3c8e6f6667b6: receive RaftClientReply:client-DF3A7F9F7866->dd0a3b65-d36c-4f93-b232-3c8e6f6667b6@group-B02456D89C11, cid=49, SUCCESS, logIndex=70, commits[dd0a3b65-d36c-4f93-b232-3c8e6f6667b6:c73]
2019-09-18 13:03:55,001 [grpc-default-executor-0] INFO  client.GrpcClientProtocolClient (GrpcClientProtocolClient.java:onNext(264)) - client-DF3A7F9F7866->dd0a3b65-d36c-4f93-b232-3c8e6f6667b6: receive RaftClientReply:client-DF3A7F9F7866->dd0a3b65-d36c-4f93-b232-3c8e6f6667b6@group-B02456D89C11, cid=50, SUCCESS, logIndex=71, commits[dd0a3b65-d36c-4f93-b232-3c8e6f6667b6:c74]
2019-09-18 13:03:55,002 [grpc-default-executor-0] INFO  client.GrpcClientProtocolClient (GrpcClientProtocolClient.java:onNext(264)) - client-DF3A7F9F7866->dd0a3b65-d36c-4f93-b232-3c8e6f6667b6: receive RaftClientReply:client-DF3A7F9F7866->dd0a3b65-d36c-4f93-b232-3c8e6f6667b6@group-B02456D89C11, cid=51, SUCCESS, logIndex=72, commits[dd0a3b65-d36c-4f93-b232-3c8e6f6667b6:c75]
2019-09-18 13:03:55,002 [grpc-default-executor-0] INFO  client.GrpcClientProtocolClient (GrpcClientProtocolClient.java:onNext(264)) - client-DF3A7F9F7866->dd0a3b65-d36c-4f93-b232-3c8e6f6667b6: receive RaftClientReply:client-DF3A7F9F7866->dd0a3b65-d36c-4f93-b232-3c8e6f6667b6@group-B02456D89C11, cid=52, SUCCESS, logIndex=73, commits[dd0a3b65-d36c-4f93-b232-3c8e6f6667b6:c75]
2019-09-18 13:03:55,033 [grpc-default-executor-1] INFO  client.GrpcClientProtocolClient (GrpcClientProtocolClient.java:onNext(264)) - client-DF3A7F9F7866->dd0a3b65-d36c-4f93-b232-3c8e6f6667b6: receive RaftClientReply:client-DF3A7F9F7866->dd0a3b65-d36c-4f93-b232-3c8e6f6667b6@group-B02456D89C11, cid=53, SUCCESS, logIndex=76, commits[dd0a3b65-d36c-4f93-b232-3c8e6f6667b6:c77]
2019-09-18 13:03:55,035 [grpc-default-executor-1] INFO  client.GrpcClientProtocolClient (GrpcClientProtocolClient.java:onNext(264)) - client-DF3A7F9F7866->dd0a3b65-d36c-4f93-b232-3c8e6f6667b6: receive RaftClientReply:client-DF3A7F9F7866->dd0a3b65-d36c-4f93-b232-3c8e6f6667b6@group-B02456D89C11, cid=54, SUCCESS, logIndex=77, commits[dd0a3b65-d36c-4f93-b232-3c8e6f6667b6:c77]
2019-09-18 13:03:55,051 [grpc-default-executor-0] INFO  client.GrpcClientProtocolClient (GrpcClientProtocolClient.java:onNext(264)) - client-DF3A7F9F7866->dd0a3b65-d36c-4f93-b232-3c8e6f6667b6: receive RaftClientReply:client-DF3A7F9F7866->dd0a3b65-d36c-4f93-b232-3c8e6f6667b6@group-B02456D89C11, cid=55, SUCCESS, logIndex=79, commits[dd0a3b65-d36c-4f93-b232-3c8e6f6667b6:c80]
2019-09-18 13:03:55,052 [grpc-default-executor-0] INFO  client.GrpcClientProtocolClient (GrpcClientProtocolClient.java:onNext(264)) - client-DF3A7F9F7866->dd0a3b65-d36c-4f93-b232-3c8e6f6667b6: receive RaftClientReply:client-DF3A7F9F7866->dd0a3b65-d36c-4f93-b232-3c8e6f6667b6@group-B02456D89C11, cid=56, SUCCESS, logIndex=80, commits[dd0a3b65-d36c-4f93-b232-3c8e6f6667b6:c81]
2019-09-18 13:03:55,079 [SCMBlockDeletingService#1] DEBUG block.SCMBlockDeletingService (SCMBlockDeletingService.java:call(138)) - Running DeletedBlockTransactionScanner
2019-09-18 13:03:55,079 [SCMBlockDeletingService#1] DEBUG block.SCMBlockDeletingService (SCMBlockDeletingService.java:call(155)) - Scanned deleted blocks log and got 0 delTX to process.
2019-09-18 13:03:55,092 [grpc-default-executor-1] INFO  client.GrpcClientProtocolClient (GrpcClientProtocolClient.java:onNext(264)) - client-DF3A7F9F7866->dd0a3b65-d36c-4f93-b232-3c8e6f6667b6: receive RaftClientReply:client-DF3A7F9F7866->dd0a3b65-d36c-4f93-b232-3c8e6f6667b6@group-B02456D89C11, cid=57, SUCCESS, logIndex=83, commits[dd0a3b65-d36c-4f93-b232-3c8e6f6667b6:c84]
2019-09-18 13:03:55,094 [grpc-default-executor-1] INFO  client.GrpcClientProtocolClient (GrpcClientProtocolClient.java:onNext(264)) - client-DF3A7F9F7866->dd0a3b65-d36c-4f93-b232-3c8e6f6667b6: receive RaftClientReply:client-DF3A7F9F7866->dd0a3b65-d36c-4f93-b232-3c8e6f6667b6@group-B02456D89C11, cid=58, SUCCESS, logIndex=84, commits[dd0a3b65-d36c-4f93-b232-3c8e6f6667b6:c87]
2019-09-18 13:03:55,095 [grpc-default-executor-1] INFO  client.GrpcClientProtocolClient (GrpcClientProtocolClient.java:onNext(264)) - client-DF3A7F9F7866->dd0a3b65-d36c-4f93-b232-3c8e6f6667b6: receive RaftClientReply:client-DF3A7F9F7866->dd0a3b65-d36c-4f93-b232-3c8e6f6667b6@group-B02456D89C11, cid=59, SUCCESS, logIndex=85, commits[dd0a3b65-d36c-4f93-b232-3c8e6f6667b6:c87]
2019-09-18 13:03:55,095 [grpc-default-executor-1] INFO  client.GrpcClientProtocolClient (GrpcClientProtocolClient.java:onNext(264)) - client-DF3A7F9F7866->dd0a3b65-d36c-4f93-b232-3c8e6f6667b6: receive RaftClientReply:client-DF3A7F9F7866->dd0a3b65-d36c-4f93-b232-3c8e6f6667b6@group-B02456D89C11, cid=60, SUCCESS, logIndex=86, commits[dd0a3b65-d36c-4f93-b232-3c8e6f6667b6:c88]
2019-09-18 13:03:55,128 [grpc-default-executor-1] INFO  client.GrpcClientProtocolClient (GrpcClientProtocolClient.java:onNext(264)) - client-DF3A7F9F7866->dd0a3b65-d36c-4f93-b232-3c8e6f6667b6: receive RaftClientReply:client-DF3A7F9F7866->dd0a3b65-d36c-4f93-b232-3c8e6f6667b6@group-B02456D89C11, cid=61, SUCCESS, logIndex=89, commits[dd0a3b65-d36c-4f93-b232-3c8e6f6667b6:c92]
2019-09-18 13:03:55,129 [grpc-default-executor-1] INFO  client.GrpcClientProtocolClient (GrpcClientProtocolClient.java:onNext(264)) - client-DF3A7F9F7866->dd0a3b65-d36c-4f93-b232-3c8e6f6667b6: receive RaftClientReply:client-DF3A7F9F7866->dd0a3b65-d36c-4f93-b232-3c8e6f6667b6@group-B02456D89C11, cid=62, SUCCESS, logIndex=90, commits[dd0a3b65-d36c-4f93-b232-3c8e6f6667b6:c93]
2019-09-18 13:03:55,130 [grpc-default-executor-1] INFO  client.GrpcClientProtocolClient (GrpcClientProtocolClient.java:onNext(264)) - client-DF3A7F9F7866->dd0a3b65-d36c-4f93-b232-3c8e6f6667b6: receive RaftClientReply:client-DF3A7F9F7866->dd0a3b65-d36c-4f93-b232-3c8e6f6667b6@group-B02456D89C11, cid=63, SUCCESS, logIndex=91, commits[dd0a3b65-d36c-4f93-b232-3c8e6f6667b6:c93]
2019-09-18 13:03:55,131 [grpc-default-executor-1] INFO  client.GrpcClientProtocolClient (GrpcClientProtocolClient.java:onNext(264)) - client-DF3A7F9F7866->dd0a3b65-d36c-4f93-b232-3c8e6f6667b6: receive RaftClientReply:client-DF3A7F9F7866->dd0a3b65-d36c-4f93-b232-3c8e6f6667b6@group-B02456D89C11, cid=64, SUCCESS, logIndex=92, commits[dd0a3b65-d36c-4f93-b232-3c8e6f6667b6:c93]
2019-09-18 13:03:55,165 [grpc-default-executor-1] INFO  client.GrpcClientProtocolClient (GrpcClientProtocolClient.java:onNext(264)) - client-DF3A7F9F7866->dd0a3b65-d36c-4f93-b232-3c8e6f6667b6: receive RaftClientReply:client-DF3A7F9F7866->dd0a3b65-d36c-4f93-b232-3c8e6f6667b6@group-B02456D89C11, cid=65, SUCCESS, logIndex=95, commits[dd0a3b65-d36c-4f93-b232-3c8e6f6667b6:c96]
2019-09-18 13:03:55,166 [grpc-default-executor-1] INFO  client.GrpcClientProtocolClient (GrpcClientProtocolClient.java:onNext(264)) - client-DF3A7F9F7866->dd0a3b65-d36c-4f93-b232-3c8e6f6667b6: receive RaftClientReply:client-DF3A7F9F7866->dd0a3b65-d36c-4f93-b232-3c8e6f6667b6@group-B02456D89C11, cid=66, SUCCESS, logIndex=96, commits[dd0a3b65-d36c-4f93-b232-3c8e6f6667b6:c99]
2019-09-18 13:03:55,167 [grpc-default-executor-1] INFO  client.GrpcClientProtocolClient (GrpcClientProtocolClient.java:onNext(264)) - client-DF3A7F9F7866->dd0a3b65-d36c-4f93-b232-3c8e6f6667b6: receive RaftClientReply:client-DF3A7F9F7866->dd0a3b65-d36c-4f93-b232-3c8e6f6667b6@group-B02456D89C11, cid=67, SUCCESS, logIndex=97, commits[dd0a3b65-d36c-4f93-b232-3c8e6f6667b6:c100]
2019-09-18 13:03:55,168 [grpc-default-executor-1] INFO  client.GrpcClientProtocolClient (GrpcClientProtocolClient.java:onNext(264)) - client-DF3A7F9F7866->dd0a3b65-d36c-4f93-b232-3c8e6f6667b6: receive RaftClientReply:client-DF3A7F9F7866->dd0a3b65-d36c-4f93-b232-3c8e6f6667b6@group-B02456D89C11, cid=68, SUCCESS, logIndex=98, commits[dd0a3b65-d36c-4f93-b232-3c8e6f6667b6:c100]
2019-09-18 13:03:55,180 [SCMBlockDeletingService#1] DEBUG block.SCMBlockDeletingService (SCMBlockDeletingService.java:call(138)) - Running DeletedBlockTransactionScanner
2019-09-18 13:03:55,180 [SCMBlockDeletingService#1] DEBUG block.SCMBlockDeletingService (SCMBlockDeletingService.java:call(155)) - Scanned deleted blocks log and got 0 delTX to process.
2019-09-18 13:03:55,193 [grpc-default-executor-0] INFO  client.GrpcClientProtocolClient (GrpcClientProtocolClient.java:onNext(264)) - client-DF3A7F9F7866->dd0a3b65-d36c-4f93-b232-3c8e6f6667b6: receive RaftClientReply:client-DF3A7F9F7866->dd0a3b65-d36c-4f93-b232-3c8e6f6667b6@group-B02456D89C11, cid=69, SUCCESS, logIndex=101, commits[dd0a3b65-d36c-4f93-b232-3c8e6f6667b6:c102]
2019-09-18 13:03:55,193 [grpc-default-executor-0] INFO  client.GrpcClientProtocolClient (GrpcClientProtocolClient.java:onNext(264)) - client-DF3A7F9F7866->dd0a3b65-d36c-4f93-b232-3c8e6f6667b6: receive RaftClientReply:client-DF3A7F9F7866->dd0a3b65-d36c-4f93-b232-3c8e6f6667b6@group-B02456D89C11, cid=70, SUCCESS, logIndex=102, commits[dd0a3b65-d36c-4f93-b232-3c8e6f6667b6:c105]
2019-09-18 13:03:55,194 [grpc-default-executor-0] INFO  client.GrpcClientProtocolClient (GrpcClientProtocolClient.java:onNext(264)) - client-DF3A7F9F7866->dd0a3b65-d36c-4f93-b232-3c8e6f6667b6: receive RaftClientReply:client-DF3A7F9F7866->dd0a3b65-d36c-4f93-b232-3c8e6f6667b6@group-B02456D89C11, cid=71, SUCCESS, logIndex=103, commits[dd0a3b65-d36c-4f93-b232-3c8e6f6667b6:c105]
2019-09-18 13:03:55,195 [grpc-default-executor-0] INFO  client.GrpcClientProtocolClient (GrpcClientProtocolClient.java:onNext(264)) - client-DF3A7F9F7866->dd0a3b65-d36c-4f93-b232-3c8e6f6667b6: receive RaftClientReply:client-DF3A7F9F7866->dd0a3b65-d36c-4f93-b232-3c8e6f6667b6@group-B02456D89C11, cid=72, SUCCESS, logIndex=104, commits[dd0a3b65-d36c-4f93-b232-3c8e6f6667b6:c106]
2019-09-18 13:03:55,231 [grpc-default-executor-1] INFO  client.GrpcClientProtocolClient (GrpcClientProtocolClient.java:onNext(264)) - client-DF3A7F9F7866->dd0a3b65-d36c-4f93-b232-3c8e6f6667b6: receive RaftClientReply:client-DF3A7F9F7866->dd0a3b65-d36c-4f93-b232-3c8e6f6667b6@group-B02456D89C11, cid=73, SUCCESS, logIndex=107, commits[dd0a3b65-d36c-4f93-b232-3c8e6f6667b6:c110]
2019-09-18 13:03:55,232 [grpc-default-executor-1] INFO  client.GrpcClientProtocolClient (GrpcClientProtocolClient.java:onNext(264)) - client-DF3A7F9F7866->dd0a3b65-d36c-4f93-b232-3c8e6f6667b6: receive RaftClientReply:client-DF3A7F9F7866->dd0a3b65-d36c-4f93-b232-3c8e6f6667b6@group-B02456D89C11, cid=74, SUCCESS, logIndex=108, commits[dd0a3b65-d36c-4f93-b232-3c8e6f6667b6:c111]
2019-09-18 13:03:55,232 [grpc-default-executor-1] INFO  client.GrpcClientProtocolClient (GrpcClientProtocolClient.java:onNext(264)) - client-DF3A7F9F7866->dd0a3b65-d36c-4f93-b232-3c8e6f6667b6: receive RaftClientReply:client-DF3A7F9F7866->dd0a3b65-d36c-4f93-b232-3c8e6f6667b6@group-B02456D89C11, cid=75, SUCCESS, logIndex=109, commits[dd0a3b65-d36c-4f93-b232-3c8e6f6667b6:c112]
2019-09-18 13:03:55,233 [grpc-default-executor-1] INFO  client.GrpcClientProtocolClient (GrpcClientProtocolClient.java:onNext(264)) - client-DF3A7F9F7866->dd0a3b65-d36c-4f93-b232-3c8e6f6667b6: receive RaftClientReply:client-DF3A7F9F7866->dd0a3b65-d36c-4f93-b232-3c8e6f6667b6@group-B02456D89C11, cid=76, SUCCESS, logIndex=110, commits[dd0a3b65-d36c-4f93-b232-3c8e6f6667b6:c112]
2019-09-18 13:03:55,259 [grpc-default-executor-1] INFO  client.GrpcClientProtocolClient (GrpcClientProtocolClient.java:onNext(264)) - client-DF3A7F9F7866->dd0a3b65-d36c-4f93-b232-3c8e6f6667b6: receive RaftClientReply:client-DF3A7F9F7866->dd0a3b65-d36c-4f93-b232-3c8e6f6667b6@group-B02456D89C11, cid=77, SUCCESS, logIndex=113, commits[dd0a3b65-d36c-4f93-b232-3c8e6f6667b6:c116]
2019-09-18 13:03:55,260 [grpc-default-executor-1] INFO  client.GrpcClientProtocolClient (GrpcClientProtocolClient.java:onNext(264)) - client-DF3A7F9F7866->dd0a3b65-d36c-4f93-b232-3c8e6f6667b6: receive RaftClientReply:client-DF3A7F9F7866->dd0a3b65-d36c-4f93-b232-3c8e6f6667b6@group-B02456D89C11, cid=78, SUCCESS, logIndex=114, commits[dd0a3b65-d36c-4f93-b232-3c8e6f6667b6:c117]
2019-09-18 13:03:55,261 [grpc-default-executor-1] INFO  client.GrpcClientProtocolClient (GrpcClientProtocolClient.java:onNext(264)) - client-DF3A7F9F7866->dd0a3b65-d36c-4f93-b232-3c8e6f6667b6: receive RaftClientReply:client-DF3A7F9F7866->dd0a3b65-d36c-4f93-b232-3c8e6f6667b6@group-B02456D89C11, cid=79, SUCCESS, logIndex=115, commits[dd0a3b65-d36c-4f93-b232-3c8e6f6667b6:c118]
2019-09-18 13:03:55,263 [grpc-default-executor-1] INFO  client.GrpcClientProtocolClient (GrpcClientProtocolClient.java:onNext(264)) - client-DF3A7F9F7866->dd0a3b65-d36c-4f93-b232-3c8e6f6667b6: receive RaftClientReply:client-DF3A7F9F7866->dd0a3b65-d36c-4f93-b232-3c8e6f6667b6@group-B02456D89C11, cid=80, SUCCESS, logIndex=116, commits[dd0a3b65-d36c-4f93-b232-3c8e6f6667b6:c118]
2019-09-18 13:03:55,281 [SCMBlockDeletingService#1] DEBUG block.SCMBlockDeletingService (SCMBlockDeletingService.java:call(138)) - Running DeletedBlockTransactionScanner
2019-09-18 13:03:55,281 [SCMBlockDeletingService#1] DEBUG block.SCMBlockDeletingService (SCMBlockDeletingService.java:call(155)) - Scanned deleted blocks log and got 0 delTX to process.
2019-09-18 13:03:55,291 [grpc-default-executor-1] INFO  client.GrpcClientProtocolClient (GrpcClientProtocolClient.java:onNext(264)) - client-DF3A7F9F7866->dd0a3b65-d36c-4f93-b232-3c8e6f6667b6: receive RaftClientReply:client-DF3A7F9F7866->dd0a3b65-d36c-4f93-b232-3c8e6f6667b6@group-B02456D89C11, cid=81, SUCCESS, logIndex=119, commits[dd0a3b65-d36c-4f93-b232-3c8e6f6667b6:c120]
2019-09-18 13:03:55,292 [grpc-default-executor-0] INFO  client.GrpcClientProtocolClient (GrpcClientProtocolClient.java:onNext(264)) - client-DF3A7F9F7866->dd0a3b65-d36c-4f93-b232-3c8e6f6667b6: receive RaftClientReply:client-DF3A7F9F7866->dd0a3b65-d36c-4f93-b232-3c8e6f6667b6@group-B02456D89C11, cid=82, SUCCESS, logIndex=120, commits[dd0a3b65-d36c-4f93-b232-3c8e6f6667b6:c120]
2019-09-18 13:03:55,301 [grpc-default-executor-0] INFO  client.GrpcClientProtocolClient (GrpcClientProtocolClient.java:onNext(264)) - client-DF3A7F9F7866->dd0a3b65-d36c-4f93-b232-3c8e6f6667b6: receive RaftClientReply:client-DF3A7F9F7866->dd0a3b65-d36c-4f93-b232-3c8e6f6667b6@group-B02456D89C11, cid=83, SUCCESS, logIndex=122, commits[dd0a3b65-d36c-4f93-b232-3c8e6f6667b6:c123]
2019-09-18 13:03:55,303 [grpc-default-executor-0] INFO  client.GrpcClientProtocolClient (GrpcClientProtocolClient.java:onNext(264)) - client-DF3A7F9F7866->dd0a3b65-d36c-4f93-b232-3c8e6f6667b6: receive RaftClientReply:client-DF3A7F9F7866->dd0a3b65-d36c-4f93-b232-3c8e6f6667b6@group-B02456D89C11, cid=84, SUCCESS, logIndex=123, commits[dd0a3b65-d36c-4f93-b232-3c8e6f6667b6:c124]
2019-09-18 13:03:55,333 [grpc-default-executor-0] INFO  client.GrpcClientProtocolClient (GrpcClientProtocolClient.java:onNext(264)) - client-DF3A7F9F7866->dd0a3b65-d36c-4f93-b232-3c8e6f6667b6: receive RaftClientReply:client-DF3A7F9F7866->dd0a3b65-d36c-4f93-b232-3c8e6f6667b6@group-B02456D89C11, cid=85, SUCCESS, logIndex=125, commits[dd0a3b65-d36c-4f93-b232-3c8e6f6667b6:c126]
2019-09-18 13:03:55,334 [grpc-default-executor-0] INFO  client.GrpcClientProtocolClient (GrpcClientProtocolClient.java:onNext(264)) - client-DF3A7F9F7866->dd0a3b65-d36c-4f93-b232-3c8e6f6667b6: receive RaftClientReply:client-DF3A7F9F7866->dd0a3b65-d36c-4f93-b232-3c8e6f6667b6@group-B02456D89C11, cid=86, SUCCESS, logIndex=126, commits[dd0a3b65-d36c-4f93-b232-3c8e6f6667b6:c126]
2019-09-18 13:03:55,343 [grpc-default-executor-0] INFO  client.GrpcClientProtocolClient (GrpcClientProtocolClient.java:onNext(264)) - client-DF3A7F9F7866->dd0a3b65-d36c-4f93-b232-3c8e6f6667b6: receive RaftClientReply:client-DF3A7F9F7866->dd0a3b65-d36c-4f93-b232-3c8e6f6667b6@group-B02456D89C11, cid=87, SUCCESS, logIndex=127, commits[dd0a3b65-d36c-4f93-b232-3c8e6f6667b6:c129]
2019-09-18 13:03:55,344 [grpc-default-executor-0] INFO  client.GrpcClientProtocolClient (GrpcClientProtocolClient.java:onNext(264)) - client-DF3A7F9F7866->dd0a3b65-d36c-4f93-b232-3c8e6f6667b6: receive RaftClientReply:client-DF3A7F9F7866->dd0a3b65-d36c-4f93-b232-3c8e6f6667b6@group-B02456D89C11, cid=88, SUCCESS, logIndex=128, commits[dd0a3b65-d36c-4f93-b232-3c8e6f6667b6:c129]
2019-09-18 13:03:55,381 [SCMBlockDeletingService#1] DEBUG block.SCMBlockDeletingService (SCMBlockDeletingService.java:call(138)) - Running DeletedBlockTransactionScanner
2019-09-18 13:03:55,382 [SCMBlockDeletingService#1] DEBUG block.SCMBlockDeletingService (SCMBlockDeletingService.java:call(155)) - Scanned deleted blocks log and got 0 delTX to process.
2019-09-18 13:03:55,482 [SCMBlockDeletingService#1] DEBUG block.SCMBlockDeletingService (SCMBlockDeletingService.java:call(138)) - Running DeletedBlockTransactionScanner
2019-09-18 13:03:55,482 [SCMBlockDeletingService#1] DEBUG block.SCMBlockDeletingService (SCMBlockDeletingService.java:call(155)) - Scanned deleted blocks log and got 0 delTX to process.
2019-09-18 13:03:55,485 [grpc-default-executor-0] INFO  client.GrpcClientProtocolClient (GrpcClientProtocolClient.java:onNext(264)) - client-DF3A7F9F7866->dd0a3b65-d36c-4f93-b232-3c8e6f6667b6: receive RaftClientReply:client-DF3A7F9F7866->dd0a3b65-d36c-4f93-b232-3c8e6f6667b6@group-B02456D89C11, cid=89, SUCCESS, logIndex=130, commits[dd0a3b65-d36c-4f93-b232-3c8e6f6667b6:c133]
2019-09-18 13:03:55,486 [grpc-default-executor-0] INFO  client.GrpcClientProtocolClient (GrpcClientProtocolClient.java:onNext(264)) - client-DF3A7F9F7866->dd0a3b65-d36c-4f93-b232-3c8e6f6667b6: receive RaftClientReply:client-DF3A7F9F7866->dd0a3b65-d36c-4f93-b232-3c8e6f6667b6@group-B02456D89C11, cid=90, SUCCESS, logIndex=131, commits[dd0a3b65-d36c-4f93-b232-3c8e6f6667b6:c134]
2019-09-18 13:03:55,487 [grpc-default-executor-0] INFO  client.GrpcClientProtocolClient (GrpcClientProtocolClient.java:onNext(264)) - client-DF3A7F9F7866->dd0a3b65-d36c-4f93-b232-3c8e6f6667b6: receive RaftClientReply:client-DF3A7F9F7866->dd0a3b65-d36c-4f93-b232-3c8e6f6667b6@group-B02456D89C11, cid=91, SUCCESS, logIndex=132, commits[dd0a3b65-d36c-4f93-b232-3c8e6f6667b6:c135]
2019-09-18 13:03:55,488 [grpc-default-executor-0] INFO  client.GrpcClientProtocolClient (GrpcClientProtocolClient.java:onNext(264)) - client-DF3A7F9F7866->dd0a3b65-d36c-4f93-b232-3c8e6f6667b6: receive RaftClientReply:client-DF3A7F9F7866->dd0a3b65-d36c-4f93-b232-3c8e6f6667b6@group-B02456D89C11, cid=92, SUCCESS, logIndex=133, commits[dd0a3b65-d36c-4f93-b232-3c8e6f6667b6:c135]
2019-09-18 13:03:55,515 [grpc-default-executor-0] INFO  client.GrpcClientProtocolClient (GrpcClientProtocolClient.java:onNext(264)) - client-DF3A7F9F7866->dd0a3b65-d36c-4f93-b232-3c8e6f6667b6: receive RaftClientReply:client-DF3A7F9F7866->dd0a3b65-d36c-4f93-b232-3c8e6f6667b6@group-B02456D89C11, cid=93, SUCCESS, logIndex=136, commits[dd0a3b65-d36c-4f93-b232-3c8e6f6667b6:c139]
2019-09-18 13:03:55,516 [grpc-default-executor-0] INFO  client.GrpcClientProtocolClient (GrpcClientProtocolClient.java:onNext(264)) - client-DF3A7F9F7866->dd0a3b65-d36c-4f93-b232-3c8e6f6667b6: receive RaftClientReply:client-DF3A7F9F7866->dd0a3b65-d36c-4f93-b232-3c8e6f6667b6@group-B02456D89C11, cid=94, SUCCESS, logIndex=137, commits[dd0a3b65-d36c-4f93-b232-3c8e6f6667b6:c140]
2019-09-18 13:03:55,516 [grpc-default-executor-0] INFO  client.GrpcClientProtocolClient (GrpcClientProtocolClient.java:onNext(264)) - client-DF3A7F9F7866->dd0a3b65-d36c-4f93-b232-3c8e6f6667b6: receive RaftClientReply:client-DF3A7F9F7866->dd0a3b65-d36c-4f93-b232-3c8e6f6667b6@group-B02456D89C11, cid=95, SUCCESS, logIndex=138, commits[dd0a3b65-d36c-4f93-b232-3c8e6f6667b6:c141]
2019-09-18 13:03:55,517 [grpc-default-executor-0] INFO  client.GrpcClientProtocolClient (GrpcClientProtocolClient.java:onNext(264)) - client-DF3A7F9F7866->dd0a3b65-d36c-4f93-b232-3c8e6f6667b6: receive RaftClientReply:client-DF3A7F9F7866->dd0a3b65-d36c-4f93-b232-3c8e6f6667b6@group-B02456D89C11, cid=96, SUCCESS, logIndex=139, commits[dd0a3b65-d36c-4f93-b232-3c8e6f6667b6:c141]
2019-09-18 13:03:55,553 [grpc-default-executor-0] INFO  client.GrpcClientProtocolClient (GrpcClientProtocolClient.java:onNext(264)) - client-DF3A7F9F7866->dd0a3b65-d36c-4f93-b232-3c8e6f6667b6: receive RaftClientReply:client-DF3A7F9F7866->dd0a3b65-d36c-4f93-b232-3c8e6f6667b6@group-B02456D89C11, cid=97, SUCCESS, logIndex=142, commits[dd0a3b65-d36c-4f93-b232-3c8e6f6667b6:c143]
2019-09-18 13:03:55,554 [grpc-default-executor-0] INFO  client.GrpcClientProtocolClient (GrpcClientProtocolClient.java:onNext(264)) - client-DF3A7F9F7866->dd0a3b65-d36c-4f93-b232-3c8e6f6667b6: receive RaftClientReply:client-DF3A7F9F7866->dd0a3b65-d36c-4f93-b232-3c8e6f6667b6@group-B02456D89C11, cid=98, SUCCESS, logIndex=143, commits[dd0a3b65-d36c-4f93-b232-3c8e6f6667b6:c146]
2019-09-18 13:03:55,554 [grpc-default-executor-0] INFO  client.GrpcClientProtocolClient (GrpcClientProtocolClient.java:onNext(264)) - client-DF3A7F9F7866->dd0a3b65-d36c-4f93-b232-3c8e6f6667b6: receive RaftClientReply:client-DF3A7F9F7866->dd0a3b65-d36c-4f93-b232-3c8e6f6667b6@group-B02456D89C11, cid=99, SUCCESS, logIndex=144, commits[dd0a3b65-d36c-4f93-b232-3c8e6f6667b6:c146]
2019-09-18 13:03:55,555 [grpc-default-executor-0] INFO  client.GrpcClientProtocolClient (GrpcClientProtocolClient.java:onNext(264)) - client-DF3A7F9F7866->dd0a3b65-d36c-4f93-b232-3c8e6f6667b6: receive RaftClientReply:client-DF3A7F9F7866->dd0a3b65-d36c-4f93-b232-3c8e6f6667b6@group-B02456D89C11, cid=100, SUCCESS, logIndex=145, commits[dd0a3b65-d36c-4f93-b232-3c8e6f6667b6:c147]
2019-09-18 13:03:55,583 [grpc-default-executor-0] INFO  client.GrpcClientProtocolClient (GrpcClientProtocolClient.java:onNext(264)) - client-DF3A7F9F7866->dd0a3b65-d36c-4f93-b232-3c8e6f6667b6: receive RaftClientReply:client-DF3A7F9F7866->dd0a3b65-d36c-4f93-b232-3c8e6f6667b6@group-B02456D89C11, cid=101, SUCCESS, logIndex=148, commits[dd0a3b65-d36c-4f93-b232-3c8e6f6667b6:c149]
2019-09-18 13:03:55,583 [SCMBlockDeletingService#1] DEBUG block.SCMBlockDeletingService (SCMBlockDeletingService.java:call(138)) - Running DeletedBlockTransactionScanner
2019-09-18 13:03:55,583 [SCMBlockDeletingService#1] DEBUG block.SCMBlockDeletingService (SCMBlockDeletingService.java:call(155)) - Scanned deleted blocks log and got 0 delTX to process.
2019-09-18 13:03:55,584 [grpc-default-executor-0] INFO  client.GrpcClientProtocolClient (GrpcClientProtocolClient.java:onNext(264)) - client-DF3A7F9F7866->dd0a3b65-d36c-4f93-b232-3c8e6f6667b6: receive RaftClientReply:client-DF3A7F9F7866->dd0a3b65-d36c-4f93-b232-3c8e6f6667b6@group-B02456D89C11, cid=102, SUCCESS, logIndex=149, commits[dd0a3b65-d36c-4f93-b232-3c8e6f6667b6:c152]
2019-09-18 13:03:55,585 [grpc-default-executor-0] INFO  client.GrpcClientProtocolClient (GrpcClientProtocolClient.java:onNext(264)) - client-DF3A7F9F7866->dd0a3b65-d36c-4f93-b232-3c8e6f6667b6: receive RaftClientReply:client-DF3A7F9F7866->dd0a3b65-d36c-4f93-b232-3c8e6f6667b6@group-B02456D89C11, cid=103, SUCCESS, logIndex=150, commits[dd0a3b65-d36c-4f93-b232-3c8e6f6667b6:c153]
2019-09-18 13:03:55,585 [grpc-default-executor-0] INFO  client.GrpcClientProtocolClient (GrpcClientProtocolClient.java:onNext(264)) - client-DF3A7F9F7866->dd0a3b65-d36c-4f93-b232-3c8e6f6667b6: receive RaftClientReply:client-DF3A7F9F7866->dd0a3b65-d36c-4f93-b232-3c8e6f6667b6@group-B02456D89C11, cid=104, SUCCESS, logIndex=151, commits[dd0a3b65-d36c-4f93-b232-3c8e6f6667b6:c153]
2019-09-18 13:03:55,745 [SCMBlockDeletingService#1] DEBUG block.SCMBlockDeletingService (SCMBlockDeletingService.java:call(138)) - Running DeletedBlockTransactionScanner
2019-09-18 13:03:55,746 [SCMBlockDeletingService#1] DEBUG block.SCMBlockDeletingService (SCMBlockDeletingService.java:call(155)) - Scanned deleted blocks log and got 0 delTX to process.
2019-09-18 13:03:55,763 [grpc-default-executor-0] INFO  client.GrpcClientProtocolClient (GrpcClientProtocolClient.java:onNext(264)) - client-DF3A7F9F7866->dd0a3b65-d36c-4f93-b232-3c8e6f6667b6: receive RaftClientReply:client-DF3A7F9F7866->dd0a3b65-d36c-4f93-b232-3c8e6f6667b6@group-B02456D89C11, cid=105, SUCCESS, logIndex=154, commits[dd0a3b65-d36c-4f93-b232-3c8e6f6667b6:c157]
2019-09-18 13:03:55,766 [grpc-default-executor-0] INFO  client.GrpcClientProtocolClient (GrpcClientProtocolClient.java:onNext(264)) - client-DF3A7F9F7866->dd0a3b65-d36c-4f93-b232-3c8e6f6667b6: receive RaftClientReply:client-DF3A7F9F7866->dd0a3b65-d36c-4f93-b232-3c8e6f6667b6@group-B02456D89C11, cid=106, SUCCESS, logIndex=155, commits[dd0a3b65-d36c-4f93-b232-3c8e6f6667b6:c159]
2019-09-18 13:03:55,767 [grpc-default-executor-0] INFO  client.GrpcClientProtocolClient (GrpcClientProtocolClient.java:onNext(264)) - client-DF3A7F9F7866->dd0a3b65-d36c-4f93-b232-3c8e6f6667b6: receive RaftClientReply:client-DF3A7F9F7866->dd0a3b65-d36c-4f93-b232-3c8e6f6667b6@group-B02456D89C11, cid=107, SUCCESS, logIndex=156, commits[dd0a3b65-d36c-4f93-b232-3c8e6f6667b6:c159]
2019-09-18 13:03:55,768 [grpc-default-executor-0] INFO  client.GrpcClientProtocolClient (GrpcClientProtocolClient.java:onNext(264)) - client-DF3A7F9F7866->dd0a3b65-d36c-4f93-b232-3c8e6f6667b6: receive RaftClientReply:client-DF3A7F9F7866->dd0a3b65-d36c-4f93-b232-3c8e6f6667b6@group-B02456D89C11, cid=108, SUCCESS, logIndex=157, commits[dd0a3b65-d36c-4f93-b232-3c8e6f6667b6:c159]
2019-09-18 13:03:55,800 [grpc-default-executor-1] INFO  client.GrpcClientProtocolClient (GrpcClientProtocolClient.java:onNext(264)) - client-DF3A7F9F7866->dd0a3b65-d36c-4f93-b232-3c8e6f6667b6: receive RaftClientReply:client-DF3A7F9F7866->dd0a3b65-d36c-4f93-b232-3c8e6f6667b6@group-B02456D89C11, cid=109, SUCCESS, logIndex=160, commits[dd0a3b65-d36c-4f93-b232-3c8e6f6667b6:c163]
2019-09-18 13:03:55,801 [grpc-default-executor-1] INFO  client.GrpcClientProtocolClient (GrpcClientProtocolClient.java:onNext(264)) - client-DF3A7F9F7866->dd0a3b65-d36c-4f93-b232-3c8e6f6667b6: receive RaftClientReply:client-DF3A7F9F7866->dd0a3b65-d36c-4f93-b232-3c8e6f6667b6@group-B02456D89C11, cid=110, SUCCESS, logIndex=161, commits[dd0a3b65-d36c-4f93-b232-3c8e6f6667b6:c164]
2019-09-18 13:03:55,802 [grpc-default-executor-1] INFO  client.GrpcClientProtocolClient (GrpcClientProtocolClient.java:onNext(264)) - client-DF3A7F9F7866->dd0a3b65-d36c-4f93-b232-3c8e6f6667b6: receive RaftClientReply:client-DF3A7F9F7866->dd0a3b65-d36c-4f93-b232-3c8e6f6667b6@group-B02456D89C11, cid=111, SUCCESS, logIndex=162, commits[dd0a3b65-d36c-4f93-b232-3c8e6f6667b6:c165]
2019-09-18 13:03:55,803 [grpc-default-executor-1] INFO  client.GrpcClientProtocolClient (GrpcClientProtocolClient.java:onNext(264)) - client-DF3A7F9F7866->dd0a3b65-d36c-4f93-b232-3c8e6f6667b6: receive RaftClientReply:client-DF3A7F9F7866->dd0a3b65-d36c-4f93-b232-3c8e6f6667b6@group-B02456D89C11, cid=112, SUCCESS, logIndex=163, commits[dd0a3b65-d36c-4f93-b232-3c8e6f6667b6:c165]
2019-09-18 13:03:55,844 [grpc-default-executor-0] INFO  client.GrpcClientProtocolClient (GrpcClientProtocolClient.java:onNext(264)) - client-DF3A7F9F7866->dd0a3b65-d36c-4f93-b232-3c8e6f6667b6: receive RaftClientReply:client-DF3A7F9F7866->dd0a3b65-d36c-4f93-b232-3c8e6f6667b6@group-B02456D89C11, cid=113, SUCCESS, logIndex=166, commits[dd0a3b65-d36c-4f93-b232-3c8e6f6667b6:c169]
2019-09-18 13:03:55,845 [grpc-default-executor-0] INFO  client.GrpcClientProtocolClient (GrpcClientProtocolClient.java:onNext(264)) - client-DF3A7F9F7866->dd0a3b65-d36c-4f93-b232-3c8e6f6667b6: receive RaftClientReply:client-DF3A7F9F7866->dd0a3b65-d36c-4f93-b232-3c8e6f6667b6@group-B02456D89C11, cid=114, SUCCESS, logIndex=167, commits[dd0a3b65-d36c-4f93-b232-3c8e6f6667b6:c170]
2019-09-18 13:03:55,846 [grpc-default-executor-0] INFO  client.GrpcClientProtocolClient (GrpcClientProtocolClient.java:onNext(264)) - client-DF3A7F9F7866->dd0a3b65-d36c-4f93-b232-3c8e6f6667b6: receive RaftClientReply:client-DF3A7F9F7866->dd0a3b65-d36c-4f93-b232-3c8e6f6667b6@group-B02456D89C11, cid=115, SUCCESS, logIndex=168, commits[dd0a3b65-d36c-4f93-b232-3c8e6f6667b6:c171]
2019-09-18 13:03:55,846 [SCMBlockDeletingService#1] DEBUG block.SCMBlockDeletingService (SCMBlockDeletingService.java:call(138)) - Running DeletedBlockTransactionScanner
2019-09-18 13:03:55,846 [SCMBlockDeletingService#1] DEBUG block.SCMBlockDeletingService (SCMBlockDeletingService.java:call(155)) - Scanned deleted blocks log and got 0 delTX to process.
2019-09-18 13:03:55,847 [grpc-default-executor-0] INFO  client.GrpcClientProtocolClient (GrpcClientProtocolClient.java:onNext(264)) - client-DF3A7F9F7866->dd0a3b65-d36c-4f93-b232-3c8e6f6667b6: receive RaftClientReply:client-DF3A7F9F7866->dd0a3b65-d36c-4f93-b232-3c8e6f6667b6@group-B02456D89C11, cid=116, SUCCESS, logIndex=169, commits[dd0a3b65-d36c-4f93-b232-3c8e6f6667b6:c171]
2019-09-18 13:03:55,874 [grpc-default-executor-1] INFO  client.GrpcClientProtocolClient (GrpcClientProtocolClient.java:onNext(264)) - client-DF3A7F9F7866->dd0a3b65-d36c-4f93-b232-3c8e6f6667b6: receive RaftClientReply:client-DF3A7F9F7866->dd0a3b65-d36c-4f93-b232-3c8e6f6667b6@group-B02456D89C11, cid=117, SUCCESS, logIndex=172, commits[dd0a3b65-d36c-4f93-b232-3c8e6f6667b6:c175]
2019-09-18 13:03:55,875 [grpc-default-executor-1] INFO  client.GrpcClientProtocolClient (GrpcClientProtocolClient.java:onNext(264)) - client-DF3A7F9F7866->dd0a3b65-d36c-4f93-b232-3c8e6f6667b6: receive RaftClientReply:client-DF3A7F9F7866->dd0a3b65-d36c-4f93-b232-3c8e6f6667b6@group-B02456D89C11, cid=118, SUCCESS, logIndex=173, commits[dd0a3b65-d36c-4f93-b232-3c8e6f6667b6:c176]
2019-09-18 13:03:55,876 [grpc-default-executor-1] INFO  client.GrpcClientProtocolClient (GrpcClientProtocolClient.java:onNext(264)) - client-DF3A7F9F7866->dd0a3b65-d36c-4f93-b232-3c8e6f6667b6: receive RaftClientReply:client-DF3A7F9F7866->dd0a3b65-d36c-4f93-b232-3c8e6f6667b6@group-B02456D89C11, cid=119, SUCCESS, logIndex=174, commits[dd0a3b65-d36c-4f93-b232-3c8e6f6667b6:c177]
2019-09-18 13:03:55,877 [grpc-default-executor-1] INFO  client.GrpcClientProtocolClient (GrpcClientProtocolClient.java:onNext(264)) - client-DF3A7F9F7866->dd0a3b65-d36c-4f93-b232-3c8e6f6667b6: receive RaftClientReply:client-DF3A7F9F7866->dd0a3b65-d36c-4f93-b232-3c8e6f6667b6@group-B02456D89C11, cid=120, SUCCESS, logIndex=175, commits[dd0a3b65-d36c-4f93-b232-3c8e6f6667b6:c177]
2019-09-18 13:03:55,916 [grpc-default-executor-1] INFO  client.GrpcClientProtocolClient (GrpcClientProtocolClient.java:onNext(264)) - client-DF3A7F9F7866->dd0a3b65-d36c-4f93-b232-3c8e6f6667b6: receive RaftClientReply:client-DF3A7F9F7866->dd0a3b65-d36c-4f93-b232-3c8e6f6667b6@group-B02456D89C11, cid=121, SUCCESS, logIndex=178, commits[dd0a3b65-d36c-4f93-b232-3c8e6f6667b6:c179]
2019-09-18 13:03:55,916 [grpc-default-executor-1] INFO  client.GrpcClientProtocolClient (GrpcClientProtocolClient.java:onNext(264)) - client-DF3A7F9F7866->dd0a3b65-d36c-4f93-b232-3c8e6f6667b6: receive RaftClientReply:client-DF3A7F9F7866->dd0a3b65-d36c-4f93-b232-3c8e6f6667b6@group-B02456D89C11, cid=122, SUCCESS, logIndex=179, commits[dd0a3b65-d36c-4f93-b232-3c8e6f6667b6:c179]
2019-09-18 13:03:55,928 [grpc-default-executor-1] INFO  client.GrpcClientProtocolClient (GrpcClientProtocolClient.java:onNext(264)) - client-DF3A7F9F7866->dd0a3b65-d36c-4f93-b232-3c8e6f6667b6: receive RaftClientReply:client-DF3A7F9F7866->dd0a3b65-d36c-4f93-b232-3c8e6f6667b6@group-B02456D89C11, cid=123, SUCCESS, logIndex=180, commits[dd0a3b65-d36c-4f93-b232-3c8e6f6667b6:c181]
2019-09-18 13:03:55,929 [grpc-default-executor-1] INFO  client.GrpcClientProtocolClient (GrpcClientProtocolClient.java:onNext(264)) - client-DF3A7F9F7866->dd0a3b65-d36c-4f93-b232-3c8e6f6667b6: receive RaftClientReply:client-DF3A7F9F7866->dd0a3b65-d36c-4f93-b232-3c8e6f6667b6@group-B02456D89C11, cid=124, SUCCESS, logIndex=181, commits[dd0a3b65-d36c-4f93-b232-3c8e6f6667b6:c182]
2019-09-18 13:03:55,947 [SCMBlockDeletingService#1] DEBUG block.SCMBlockDeletingService (SCMBlockDeletingService.java:call(138)) - Running DeletedBlockTransactionScanner
2019-09-18 13:03:55,947 [SCMBlockDeletingService#1] DEBUG block.SCMBlockDeletingService (SCMBlockDeletingService.java:call(155)) - Scanned deleted blocks log and got 0 delTX to process.
2019-09-18 13:03:55,955 [grpc-default-executor-0] INFO  client.GrpcClientProtocolClient (GrpcClientProtocolClient.java:onNext(264)) - client-DF3A7F9F7866->dd0a3b65-d36c-4f93-b232-3c8e6f6667b6: receive RaftClientReply:client-DF3A7F9F7866->dd0a3b65-d36c-4f93-b232-3c8e6f6667b6@group-B02456D89C11, cid=125, SUCCESS, logIndex=184, commits[dd0a3b65-d36c-4f93-b232-3c8e6f6667b6:c187]
2019-09-18 13:03:55,956 [grpc-default-executor-0] INFO  client.GrpcClientProtocolClient (GrpcClientProtocolClient.java:onNext(264)) - client-DF3A7F9F7866->dd0a3b65-d36c-4f93-b232-3c8e6f6667b6: receive RaftClientReply:client-DF3A7F9F7866->dd0a3b65-d36c-4f93-b232-3c8e6f6667b6@group-B02456D89C11, cid=126, SUCCESS, logIndex=185, commits[dd0a3b65-d36c-4f93-b232-3c8e6f6667b6:c188]
2019-09-18 13:03:55,957 [grpc-default-executor-0] INFO  client.GrpcClientProtocolClient (GrpcClientProtocolClient.java:onNext(264)) - client-DF3A7F9F7866->dd0a3b65-d36c-4f93-b232-3c8e6f6667b6: receive RaftClientReply:client-DF3A7F9F7866->dd0a3b65-d36c-4f93-b232-3c8e6f6667b6@group-B02456D89C11, cid=127, SUCCESS, logIndex=186, commits[dd0a3b65-d36c-4f93-b232-3c8e6f6667b6:c189]
2019-09-18 13:03:55,958 [grpc-default-executor-0] INFO  client.GrpcClientProtocolClient (GrpcClientProtocolClient.java:onNext(264)) - client-DF3A7F9F7866->dd0a3b65-d36c-4f93-b232-3c8e6f6667b6: receive RaftClientReply:client-DF3A7F9F7866->dd0a3b65-d36c-4f93-b232-3c8e6f6667b6@group-B02456D89C11, cid=128, SUCCESS, logIndex=187, commits[dd0a3b65-d36c-4f93-b232-3c8e6f6667b6:c189]
2019-09-18 13:03:55,999 [grpc-default-executor-1] INFO  client.GrpcClientProtocolClient (GrpcClientProtocolClient.java:onNext(264)) - client-DF3A7F9F7866->dd0a3b65-d36c-4f93-b232-3c8e6f6667b6: receive RaftClientReply:client-DF3A7F9F7866->dd0a3b65-d36c-4f93-b232-3c8e6f6667b6@group-B02456D89C11, cid=129, SUCCESS, logIndex=190, commits[dd0a3b65-d36c-4f93-b232-3c8e6f6667b6:c191]
2019-09-18 13:03:56,000 [grpc-default-executor-1] INFO  client.GrpcClientProtocolClient (GrpcClientProtocolClient.java:onNext(264)) - client-DF3A7F9F7866->dd0a3b65-d36c-4f93-b232-3c8e6f6667b6: receive RaftClientReply:client-DF3A7F9F7866->dd0a3b65-d36c-4f93-b232-3c8e6f6667b6@group-B02456D89C11, cid=130, SUCCESS, logIndex=191, commits[dd0a3b65-d36c-4f93-b232-3c8e6f6667b6:c193]
2019-09-18 13:03:56,001 [grpc-default-executor-1] INFO  client.GrpcClientProtocolClient (GrpcClientProtocolClient.java:onNext(264)) - client-DF3A7F9F7866->dd0a3b65-d36c-4f93-b232-3c8e6f6667b6: receive RaftClientReply:client-DF3A7F9F7866->dd0a3b65-d36c-4f93-b232-3c8e6f6667b6@group-B02456D89C11, cid=131, SUCCESS, logIndex=192, commits[dd0a3b65-d36c-4f93-b232-3c8e6f6667b6:c195]
2019-09-18 13:03:56,002 [grpc-default-executor-1] INFO  client.GrpcClientProtocolClient (GrpcClientProtocolClient.java:onNext(264)) - client-DF3A7F9F7866->dd0a3b65-d36c-4f93-b232-3c8e6f6667b6: receive RaftClientReply:client-DF3A7F9F7866->dd0a3b65-d36c-4f93-b232-3c8e6f6667b6@group-B02456D89C11, cid=132, SUCCESS, logIndex=193, commits[dd0a3b65-d36c-4f93-b232-3c8e6f6667b6:c195]
2019-09-18 13:03:56,047 [SCMBlockDeletingService#1] DEBUG block.SCMBlockDeletingService (SCMBlockDeletingService.java:call(138)) - Running DeletedBlockTransactionScanner
2019-09-18 13:03:56,048 [SCMBlockDeletingService#1] DEBUG block.SCMBlockDeletingService (SCMBlockDeletingService.java:call(155)) - Scanned deleted blocks log and got 0 delTX to process.
2019-09-18 13:03:56,146 [grpc-default-executor-0] INFO  client.GrpcClientProtocolClient (GrpcClientProtocolClient.java:onNext(264)) - client-DF3A7F9F7866->dd0a3b65-d36c-4f93-b232-3c8e6f6667b6: receive RaftClientReply:client-DF3A7F9F7866->dd0a3b65-d36c-4f93-b232-3c8e6f6667b6@group-B02456D89C11, cid=133, SUCCESS, logIndex=196, commits[dd0a3b65-d36c-4f93-b232-3c8e6f6667b6:c199]
2019-09-18 13:03:56,147 [grpc-default-executor-0] INFO  client.GrpcClientProtocolClient (GrpcClientProtocolClient.java:onNext(264)) - client-DF3A7F9F7866->dd0a3b65-d36c-4f93-b232-3c8e6f6667b6: receive RaftClientReply:client-DF3A7F9F7866->dd0a3b65-d36c-4f93-b232-3c8e6f6667b6@group-B02456D89C11, cid=134, SUCCESS, logIndex=197, commits[dd0a3b65-d36c-4f93-b232-3c8e6f6667b6:c200]
2019-09-18 13:03:56,148 [SCMBlockDeletingService#1] DEBUG block.SCMBlockDeletingService (SCMBlockDeletingService.java:call(138)) - Running DeletedBlockTransactionScanner
2019-09-18 13:03:56,148 [grpc-default-executor-0] INFO  client.GrpcClientProtocolClient (GrpcClientProtocolClient.java:onNext(264)) - client-DF3A7F9F7866->dd0a3b65-d36c-4f93-b232-3c8e6f6667b6: receive RaftClientReply:client-DF3A7F9F7866->dd0a3b65-d36c-4f93-b232-3c8e6f6667b6@group-B02456D89C11, cid=135, SUCCESS, logIndex=198, commits[dd0a3b65-d36c-4f93-b232-3c8e6f6667b6:c201]
2019-09-18 13:03:56,148 [SCMBlockDeletingService#1] DEBUG block.SCMBlockDeletingService (SCMBlockDeletingService.java:call(155)) - Scanned deleted blocks log and got 0 delTX to process.
2019-09-18 13:03:56,149 [grpc-default-executor-0] INFO  client.GrpcClientProtocolClient (GrpcClientProtocolClient.java:onNext(264)) - client-DF3A7F9F7866->dd0a3b65-d36c-4f93-b232-3c8e6f6667b6: receive RaftClientReply:client-DF3A7F9F7866->dd0a3b65-d36c-4f93-b232-3c8e6f6667b6@group-B02456D89C11, cid=136, SUCCESS, logIndex=199, commits[dd0a3b65-d36c-4f93-b232-3c8e6f6667b6:c201]
2019-09-18 13:03:56,182 [grpc-default-executor-0] INFO  client.GrpcClientProtocolClient (GrpcClientProtocolClient.java:onNext(264)) - client-DF3A7F9F7866->dd0a3b65-d36c-4f93-b232-3c8e6f6667b6: receive RaftClientReply:client-DF3A7F9F7866->dd0a3b65-d36c-4f93-b232-3c8e6f6667b6@group-B02456D89C11, cid=137, SUCCESS, logIndex=202, commits[dd0a3b65-d36c-4f93-b232-3c8e6f6667b6:c205]
2019-09-18 13:03:56,183 [grpc-default-executor-0] INFO  client.GrpcClientProtocolClient (GrpcClientProtocolClient.java:onNext(264)) - client-DF3A7F9F7866->dd0a3b65-d36c-4f93-b232-3c8e6f6667b6: receive RaftClientReply:client-DF3A7F9F7866->dd0a3b65-d36c-4f93-b232-3c8e6f6667b6@group-B02456D89C11, cid=138, SUCCESS, logIndex=203, commits[dd0a3b65-d36c-4f93-b232-3c8e6f6667b6:c206]
2019-09-18 13:03:56,184 [grpc-default-executor-0] INFO  client.GrpcClientProtocolClient (GrpcClientProtocolClient.java:onNext(264)) - client-DF3A7F9F7866->dd0a3b65-d36c-4f93-b232-3c8e6f6667b6: receive RaftClientReply:client-DF3A7F9F7866->dd0a3b65-d36c-4f93-b232-3c8e6f6667b6@group-B02456D89C11, cid=139, SUCCESS, logIndex=204, commits[dd0a3b65-d36c-4f93-b232-3c8e6f6667b6:c206]
2019-09-18 13:03:56,185 [grpc-default-executor-0] INFO  client.GrpcClientProtocolClient (GrpcClientProtocolClient.java:onNext(264)) - client-DF3A7F9F7866->dd0a3b65-d36c-4f93-b232-3c8e6f6667b6: receive RaftClientReply:client-DF3A7F9F7866->dd0a3b65-d36c-4f93-b232-3c8e6f6667b6@group-B02456D89C11, cid=140, SUCCESS, logIndex=205, commits[dd0a3b65-d36c-4f93-b232-3c8e6f6667b6:c207]
2019-09-18 13:03:56,209 [grpc-default-executor-0] INFO  client.GrpcClientProtocolClient (GrpcClientProtocolClient.java:onNext(264)) - client-DF3A7F9F7866->dd0a3b65-d36c-4f93-b232-3c8e6f6667b6: receive RaftClientReply:client-DF3A7F9F7866->dd0a3b65-d36c-4f93-b232-3c8e6f6667b6@group-B02456D89C11, cid=141, SUCCESS, logIndex=208, commits[dd0a3b65-d36c-4f93-b232-3c8e6f6667b6:c211]
2019-09-18 13:03:56,210 [grpc-default-executor-0] INFO  client.GrpcClientProtocolClient (GrpcClientProtocolClient.java:onNext(264)) - client-DF3A7F9F7866->dd0a3b65-d36c-4f93-b232-3c8e6f6667b6: receive RaftClientReply:client-DF3A7F9F7866->dd0a3b65-d36c-4f93-b232-3c8e6f6667b6@group-B02456D89C11, cid=142, SUCCESS, logIndex=209, commits[dd0a3b65-d36c-4f93-b232-3c8e6f6667b6:c212]
2019-09-18 13:03:56,210 [grpc-default-executor-0] INFO  client.GrpcClientProtocolClient (GrpcClientProtocolClient.java:onNext(264)) - client-DF3A7F9F7866->dd0a3b65-d36c-4f93-b232-3c8e6f6667b6: receive RaftClientReply:client-DF3A7F9F7866->dd0a3b65-d36c-4f93-b232-3c8e6f6667b6@group-B02456D89C11, cid=143, SUCCESS, logIndex=210, commits[dd0a3b65-d36c-4f93-b232-3c8e6f6667b6:c212]
2019-09-18 13:03:56,211 [grpc-default-executor-0] INFO  client.GrpcClientProtocolClient (GrpcClientProtocolClient.java:onNext(264)) - client-DF3A7F9F7866->dd0a3b65-d36c-4f93-b232-3c8e6f6667b6: receive RaftClientReply:client-DF3A7F9F7866->dd0a3b65-d36c-4f93-b232-3c8e6f6667b6@group-B02456D89C11, cid=144, SUCCESS, logIndex=211, commits[dd0a3b65-d36c-4f93-b232-3c8e6f6667b6:c213]
2019-09-18 13:03:56,249 [SCMBlockDeletingService#1] DEBUG block.SCMBlockDeletingService (SCMBlockDeletingService.java:call(138)) - Running DeletedBlockTransactionScanner
2019-09-18 13:03:56,249 [SCMBlockDeletingService#1] DEBUG block.SCMBlockDeletingService (SCMBlockDeletingService.java:call(155)) - Scanned deleted blocks log and got 0 delTX to process.
2019-09-18 13:03:56,266 [grpc-default-executor-0] INFO  client.GrpcClientProtocolClient (GrpcClientProtocolClient.java:onNext(264)) - client-DF3A7F9F7866->dd0a3b65-d36c-4f93-b232-3c8e6f6667b6: receive RaftClientReply:client-DF3A7F9F7866->dd0a3b65-d36c-4f93-b232-3c8e6f6667b6@group-B02456D89C11, cid=145, SUCCESS, logIndex=214, commits[dd0a3b65-d36c-4f93-b232-3c8e6f6667b6:c217]
2019-09-18 13:03:56,267 [grpc-default-executor-0] INFO  client.GrpcClientProtocolClient (GrpcClientProtocolClient.java:onNext(264)) - client-DF3A7F9F7866->dd0a3b65-d36c-4f93-b232-3c8e6f6667b6: receive RaftClientReply:client-DF3A7F9F7866->dd0a3b65-d36c-4f93-b232-3c8e6f6667b6@group-B02456D89C11, cid=146, SUCCESS, logIndex=215, commits[dd0a3b65-d36c-4f93-b232-3c8e6f6667b6:c218]
2019-09-18 13:03:56,267 [grpc-default-executor-0] INFO  client.GrpcClientProtocolClient (GrpcClientProtocolClient.java:onNext(264)) - client-DF3A7F9F7866->dd0a3b65-d36c-4f93-b232-3c8e6f6667b6: receive RaftClientReply:client-DF3A7F9F7866->dd0a3b65-d36c-4f93-b232-3c8e6f6667b6@group-B02456D89C11, cid=147, SUCCESS, logIndex=216, commits[dd0a3b65-d36c-4f93-b232-3c8e6f6667b6:c218]
2019-09-18 13:03:56,268 [grpc-default-executor-0] INFO  client.GrpcClientProtocolClient (GrpcClientProtocolClient.java:onNext(264)) - client-DF3A7F9F7866->dd0a3b65-d36c-4f93-b232-3c8e6f6667b6: receive RaftClientReply:client-DF3A7F9F7866->dd0a3b65-d36c-4f93-b232-3c8e6f6667b6@group-B02456D89C11, cid=148, SUCCESS, logIndex=217, commits[dd0a3b65-d36c-4f93-b232-3c8e6f6667b6:c219]
2019-09-18 13:03:56,296 [grpc-default-executor-0] INFO  client.GrpcClientProtocolClient (GrpcClientProtocolClient.java:onNext(264)) - client-DF3A7F9F7866->dd0a3b65-d36c-4f93-b232-3c8e6f6667b6: receive RaftClientReply:client-DF3A7F9F7866->dd0a3b65-d36c-4f93-b232-3c8e6f6667b6@group-B02456D89C11, cid=149, SUCCESS, logIndex=220, commits[dd0a3b65-d36c-4f93-b232-3c8e6f6667b6:c221]
2019-09-18 13:03:56,297 [grpc-default-executor-0] INFO  client.GrpcClientProtocolClient (GrpcClientProtocolClient.java:onNext(264)) - client-DF3A7F9F7866->dd0a3b65-d36c-4f93-b232-3c8e6f6667b6: receive RaftClientReply:client-DF3A7F9F7866->dd0a3b65-d36c-4f93-b232-3c8e6f6667b6@group-B02456D89C11, cid=150, SUCCESS, logIndex=221, commits[dd0a3b65-d36c-4f93-b232-3c8e6f6667b6:c223]
2019-09-18 13:03:56,298 [grpc-default-executor-0] INFO  client.GrpcClientProtocolClient (GrpcClientProtocolClient.java:onNext(264)) - client-DF3A7F9F7866->dd0a3b65-d36c-4f93-b232-3c8e6f6667b6: receive RaftClientReply:client-DF3A7F9F7866->dd0a3b65-d36c-4f93-b232-3c8e6f6667b6@group-B02456D89C11, cid=151, SUCCESS, logIndex=222, commits[dd0a3b65-d36c-4f93-b232-3c8e6f6667b6:c224]
2019-09-18 13:03:56,299 [grpc-default-executor-0] INFO  client.GrpcClientProtocolClient (GrpcClientProtocolClient.java:onNext(264)) - client-DF3A7F9F7866->dd0a3b65-d36c-4f93-b232-3c8e6f6667b6: receive RaftClientReply:client-DF3A7F9F7866->dd0a3b65-d36c-4f93-b232-3c8e6f6667b6@group-B02456D89C11, cid=152, SUCCESS, logIndex=223, commits[dd0a3b65-d36c-4f93-b232-3c8e6f6667b6:c225]
2019-09-18 13:03:56,339 [grpc-default-executor-0] INFO  client.GrpcClientProtocolClient (GrpcClientProtocolClient.java:onNext(264)) - client-DF3A7F9F7866->dd0a3b65-d36c-4f93-b232-3c8e6f6667b6: receive RaftClientReply:client-DF3A7F9F7866->dd0a3b65-d36c-4f93-b232-3c8e6f6667b6@group-B02456D89C11, cid=153, SUCCESS, logIndex=226, commits[dd0a3b65-d36c-4f93-b232-3c8e6f6667b6:c229]
2019-09-18 13:03:56,339 [grpc-default-executor-0] INFO  client.GrpcClientProtocolClient (GrpcClientProtocolClient.java:onNext(264)) - client-DF3A7F9F7866->dd0a3b65-d36c-4f93-b232-3c8e6f6667b6: receive RaftClientReply:client-DF3A7F9F7866->dd0a3b65-d36c-4f93-b232-3c8e6f6667b6@group-B02456D89C11, cid=154, SUCCESS, logIndex=227, commits[dd0a3b65-d36c-4f93-b232-3c8e6f6667b6:c230]
2019-09-18 13:03:56,340 [grpc-default-executor-0] INFO  client.GrpcClientProtocolClient (GrpcClientProtocolClient.java:onNext(264)) - client-DF3A7F9F7866->dd0a3b65-d36c-4f93-b232-3c8e6f6667b6: receive RaftClientReply:client-DF3A7F9F7866->dd0a3b65-d36c-4f93-b232-3c8e6f6667b6@group-B02456D89C11, cid=155, SUCCESS, logIndex=228, commits[dd0a3b65-d36c-4f93-b232-3c8e6f6667b6:c230]
2019-09-18 13:03:56,341 [grpc-default-executor-0] INFO  client.GrpcClientProtocolClient (GrpcClientProtocolClient.java:onNext(264)) - client-DF3A7F9F7866->dd0a3b65-d36c-4f93-b232-3c8e6f6667b6: receive RaftClientReply:client-DF3A7F9F7866->dd0a3b65-d36c-4f93-b232-3c8e6f6667b6@group-B02456D89C11, cid=156, SUCCESS, logIndex=229, commits[dd0a3b65-d36c-4f93-b232-3c8e6f6667b6:c231]
2019-09-18 13:03:56,350 [SCMBlockDeletingService#1] DEBUG block.SCMBlockDeletingService (SCMBlockDeletingService.java:call(138)) - Running DeletedBlockTransactionScanner
2019-09-18 13:03:56,350 [SCMBlockDeletingService#1] DEBUG block.SCMBlockDeletingService (SCMBlockDeletingService.java:call(155)) - Scanned deleted blocks log and got 0 delTX to process.
2019-09-18 13:03:56,394 [grpc-default-executor-0] INFO  client.GrpcClientProtocolClient (GrpcClientProtocolClient.java:onNext(264)) - client-DF3A7F9F7866->dd0a3b65-d36c-4f93-b232-3c8e6f6667b6: receive RaftClientReply:client-DF3A7F9F7866->dd0a3b65-d36c-4f93-b232-3c8e6f6667b6@group-B02456D89C11, cid=157, SUCCESS, logIndex=232, commits[dd0a3b65-d36c-4f93-b232-3c8e6f6667b6:c233]
2019-09-18 13:03:56,396 [grpc-default-executor-0] INFO  client.GrpcClientProtocolClient (GrpcClientProtocolClient.java:onNext(264)) - client-DF3A7F9F7866->dd0a3b65-d36c-4f93-b232-3c8e6f6667b6: receive RaftClientReply:client-DF3A7F9F7866->dd0a3b65-d36c-4f93-b232-3c8e6f6667b6@group-B02456D89C11, cid=158, SUCCESS, logIndex=233, commits[dd0a3b65-d36c-4f93-b232-3c8e6f6667b6:c236]
2019-09-18 13:03:56,397 [grpc-default-executor-0] INFO  client.GrpcClientProtocolClient (GrpcClientProtocolClient.java:onNext(264)) - client-DF3A7F9F7866->dd0a3b65-d36c-4f93-b232-3c8e6f6667b6: receive RaftClientReply:client-DF3A7F9F7866->dd0a3b65-d36c-4f93-b232-3c8e6f6667b6@group-B02456D89C11, cid=159, SUCCESS, logIndex=234, commits[dd0a3b65-d36c-4f93-b232-3c8e6f6667b6:c237]
2019-09-18 13:03:56,398 [grpc-default-executor-0] INFO  client.GrpcClientProtocolClient (GrpcClientProtocolClient.java:onNext(264)) - client-DF3A7F9F7866->dd0a3b65-d36c-4f93-b232-3c8e6f6667b6: receive RaftClientReply:client-DF3A7F9F7866->dd0a3b65-d36c-4f93-b232-3c8e6f6667b6@group-B02456D89C11, cid=160, SUCCESS, logIndex=235, commits[dd0a3b65-d36c-4f93-b232-3c8e6f6667b6:c237]
2019-09-18 13:03:56,439 [grpc-default-executor-1] INFO  client.GrpcClientProtocolClient (GrpcClientProtocolClient.java:onNext(264)) - client-DF3A7F9F7866->dd0a3b65-d36c-4f93-b232-3c8e6f6667b6: receive RaftClientReply:client-DF3A7F9F7866->dd0a3b65-d36c-4f93-b232-3c8e6f6667b6@group-B02456D89C11, cid=161, SUCCESS, logIndex=238, commits[dd0a3b65-d36c-4f93-b232-3c8e6f6667b6:c239]
2019-09-18 13:03:56,440 [grpc-default-executor-1] INFO  client.GrpcClientProtocolClient (GrpcClientProtocolClient.java:onNext(264)) - client-DF3A7F9F7866->dd0a3b65-d36c-4f93-b232-3c8e6f6667b6: receive RaftClientReply:client-DF3A7F9F7866->dd0a3b65-d36c-4f93-b232-3c8e6f6667b6@group-B02456D89C11, cid=162, SUCCESS, logIndex=239, commits[dd0a3b65-d36c-4f93-b232-3c8e6f6667b6:c239]
2019-09-18 13:03:56,449 [grpc-default-executor-1] INFO  client.GrpcClientProtocolClient (GrpcClientProtocolClient.java:onNext(264)) - client-DF3A7F9F7866->dd0a3b65-d36c-4f93-b232-3c8e6f6667b6: receive RaftClientReply:client-DF3A7F9F7866->dd0a3b65-d36c-4f93-b232-3c8e6f6667b6@group-B02456D89C11, cid=163, SUCCESS, logIndex=240, commits[dd0a3b65-d36c-4f93-b232-3c8e6f6667b6:c241]
2019-09-18 13:03:56,450 [grpc-default-executor-1] INFO  client.GrpcClientProtocolClient (GrpcClientProtocolClient.java:onNext(264)) - client-DF3A7F9F7866->dd0a3b65-d36c-4f93-b232-3c8e6f6667b6: receive RaftClientReply:client-DF3A7F9F7866->dd0a3b65-d36c-4f93-b232-3c8e6f6667b6@group-B02456D89C11, cid=164, SUCCESS, logIndex=241, commits[dd0a3b65-d36c-4f93-b232-3c8e6f6667b6:c242]
2019-09-18 13:03:56,450 [SCMBlockDeletingService#0] DEBUG block.SCMBlockDeletingService (SCMBlockDeletingService.java:call(138)) - Running DeletedBlockTransactionScanner
2019-09-18 13:03:56,451 [SCMBlockDeletingService#0] DEBUG block.SCMBlockDeletingService (SCMBlockDeletingService.java:call(155)) - Scanned deleted blocks log and got 0 delTX to process.
2019-09-18 13:03:56,472 [grpc-default-executor-0] INFO  client.GrpcClientProtocolClient (GrpcClientProtocolClient.java:onNext(264)) - client-DF3A7F9F7866->dd0a3b65-d36c-4f93-b232-3c8e6f6667b6: receive RaftClientReply:client-DF3A7F9F7866->dd0a3b65-d36c-4f93-b232-3c8e6f6667b6@group-B02456D89C11, cid=165, SUCCESS, logIndex=244, commits[dd0a3b65-d36c-4f93-b232-3c8e6f6667b6:c245]
2019-09-18 13:03:56,473 [grpc-default-executor-0] INFO  client.GrpcClientProtocolClient (GrpcClientProtocolClient.java:onNext(264)) - client-DF3A7F9F7866->dd0a3b65-d36c-4f93-b232-3c8e6f6667b6: receive RaftClientReply:client-DF3A7F9F7866->dd0a3b65-d36c-4f93-b232-3c8e6f6667b6@group-B02456D89C11, cid=166, SUCCESS, logIndex=245, commits[dd0a3b65-d36c-4f93-b232-3c8e6f6667b6:c248]
2019-09-18 13:03:56,474 [grpc-default-executor-0] INFO  client.GrpcClientProtocolClient (GrpcClientProtocolClient.java:onNext(264)) - client-DF3A7F9F7866->dd0a3b65-d36c-4f93-b232-3c8e6f6667b6: receive RaftClientReply:client-DF3A7F9F7866->dd0a3b65-d36c-4f93-b232-3c8e6f6667b6@group-B02456D89C11, cid=167, SUCCESS, logIndex=246, commits[dd0a3b65-d36c-4f93-b232-3c8e6f6667b6:c248]
2019-09-18 13:03:56,474 [grpc-default-executor-0] INFO  client.GrpcClientProtocolClient (GrpcClientProtocolClient.java:onNext(264)) - client-DF3A7F9F7866->dd0a3b65-d36c-4f93-b232-3c8e6f6667b6: receive RaftClientReply:client-DF3A7F9F7866->dd0a3b65-d36c-4f93-b232-3c8e6f6667b6@group-B02456D89C11, cid=168, SUCCESS, logIndex=247, commits[dd0a3b65-d36c-4f93-b232-3c8e6f6667b6:c249]
2019-09-18 13:03:56,508 [grpc-default-executor-0] INFO  client.GrpcClientProtocolClient (GrpcClientProtocolClient.java:onNext(264)) - client-DF3A7F9F7866->dd0a3b65-d36c-4f93-b232-3c8e6f6667b6: receive RaftClientReply:client-DF3A7F9F7866->dd0a3b65-d36c-4f93-b232-3c8e6f6667b6@group-B02456D89C11, cid=169, SUCCESS, logIndex=250, commits[dd0a3b65-d36c-4f93-b232-3c8e6f6667b6:c253]
2019-09-18 13:03:56,509 [grpc-default-executor-0] INFO  client.GrpcClientProtocolClient (GrpcClientProtocolClient.java:onNext(264)) - client-DF3A7F9F7866->dd0a3b65-d36c-4f93-b232-3c8e6f6667b6: receive RaftClientReply:client-DF3A7F9F7866->dd0a3b65-d36c-4f93-b232-3c8e6f6667b6@group-B02456D89C11, cid=170, SUCCESS, logIndex=251, commits[dd0a3b65-d36c-4f93-b232-3c8e6f6667b6:c254]
2019-09-18 13:03:56,509 [grpc-default-executor-0] INFO  client.GrpcClientProtocolClient (GrpcClientProtocolClient.java:onNext(264)) - client-DF3A7F9F7866->dd0a3b65-d36c-4f93-b232-3c8e6f6667b6: receive RaftClientReply:client-DF3A7F9F7866->dd0a3b65-d36c-4f93-b232-3c8e6f6667b6@group-B02456D89C11, cid=171, SUCCESS, logIndex=252, commits[dd0a3b65-d36c-4f93-b232-3c8e6f6667b6:c255]
2019-09-18 13:03:56,510 [grpc-default-executor-0] INFO  client.GrpcClientProtocolClient (GrpcClientProtocolClient.java:onNext(264)) - client-DF3A7F9F7866->dd0a3b65-d36c-4f93-b232-3c8e6f6667b6: receive RaftClientReply:client-DF3A7F9F7866->dd0a3b65-d36c-4f93-b232-3c8e6f6667b6@group-B02456D89C11, cid=172, SUCCESS, logIndex=253, commits[dd0a3b65-d36c-4f93-b232-3c8e6f6667b6:c255]
2019-09-18 13:03:56,531 [grpc-default-executor-0] INFO  client.GrpcClientProtocolClient (GrpcClientProtocolClient.java:onNext(264)) - client-DF3A7F9F7866->dd0a3b65-d36c-4f93-b232-3c8e6f6667b6: receive RaftClientReply:client-DF3A7F9F7866->dd0a3b65-d36c-4f93-b232-3c8e6f6667b6@group-B02456D89C11, cid=173, SUCCESS, logIndex=256, commits[dd0a3b65-d36c-4f93-b232-3c8e6f6667b6:c257]
2019-09-18 13:03:56,532 [grpc-default-executor-0] INFO  client.GrpcClientProtocolClient (GrpcClientProtocolClient.java:onNext(264)) - client-DF3A7F9F7866->dd0a3b65-d36c-4f93-b232-3c8e6f6667b6: receive RaftClientReply:client-DF3A7F9F7866->dd0a3b65-d36c-4f93-b232-3c8e6f6667b6@group-B02456D89C11, cid=174, SUCCESS, logIndex=257, commits[dd0a3b65-d36c-4f93-b232-3c8e6f6667b6:c260]
2019-09-18 13:03:56,532 [grpc-default-executor-0] INFO  client.GrpcClientProtocolClient (GrpcClientProtocolClient.java:onNext(264)) - client-DF3A7F9F7866->dd0a3b65-d36c-4f93-b232-3c8e6f6667b6: receive RaftClientReply:client-DF3A7F9F7866->dd0a3b65-d36c-4f93-b232-3c8e6f6667b6@group-B02456D89C11, cid=175, SUCCESS, logIndex=258, commits[dd0a3b65-d36c-4f93-b232-3c8e6f6667b6:c261]
2019-09-18 13:03:56,533 [grpc-default-executor-0] INFO  client.GrpcClientProtocolClient (GrpcClientProtocolClient.java:onNext(264)) - client-DF3A7F9F7866->dd0a3b65-d36c-4f93-b232-3c8e6f6667b6: receive RaftClientReply:client-DF3A7F9F7866->dd0a3b65-d36c-4f93-b232-3c8e6f6667b6@group-B02456D89C11, cid=176, SUCCESS, logIndex=259, commits[dd0a3b65-d36c-4f93-b232-3c8e6f6667b6:c261]
2019-09-18 13:03:56,551 [SCMBlockDeletingService#0] DEBUG block.SCMBlockDeletingService (SCMBlockDeletingService.java:call(138)) - Running DeletedBlockTransactionScanner
2019-09-18 13:03:56,552 [SCMBlockDeletingService#0] DEBUG block.SCMBlockDeletingService (SCMBlockDeletingService.java:call(155)) - Scanned deleted blocks log and got 0 delTX to process.
2019-09-18 13:03:56,652 [SCMBlockDeletingService#0] DEBUG block.SCMBlockDeletingService (SCMBlockDeletingService.java:call(138)) - Running DeletedBlockTransactionScanner
2019-09-18 13:03:56,652 [SCMBlockDeletingService#0] DEBUG block.SCMBlockDeletingService (SCMBlockDeletingService.java:call(155)) - Scanned deleted blocks log and got 0 delTX to process.
2019-09-18 13:03:56,668 [grpc-default-executor-1] INFO  client.GrpcClientProtocolClient (GrpcClientProtocolClient.java:onNext(264)) - client-DF3A7F9F7866->dd0a3b65-d36c-4f93-b232-3c8e6f6667b6: receive RaftClientReply:client-DF3A7F9F7866->dd0a3b65-d36c-4f93-b232-3c8e6f6667b6@group-B02456D89C11, cid=177, SUCCESS, logIndex=262, commits[dd0a3b65-d36c-4f93-b232-3c8e6f6667b6:c263]
2019-09-18 13:03:56,669 [grpc-default-executor-1] INFO  client.GrpcClientProtocolClient (GrpcClientProtocolClient.java:onNext(264)) - client-DF3A7F9F7866->dd0a3b65-d36c-4f93-b232-3c8e6f6667b6: receive RaftClientReply:client-DF3A7F9F7866->dd0a3b65-d36c-4f93-b232-3c8e6f6667b6@group-B02456D89C11, cid=178, SUCCESS, logIndex=263, commits[dd0a3b65-d36c-4f93-b232-3c8e6f6667b6:c265]
2019-09-18 13:03:56,670 [grpc-default-executor-1] INFO  client.GrpcClientProtocolClient (GrpcClientProtocolClient.java:onNext(264)) - client-DF3A7F9F7866->dd0a3b65-d36c-4f93-b232-3c8e6f6667b6: receive RaftClientReply:client-DF3A7F9F7866->dd0a3b65-d36c-4f93-b232-3c8e6f6667b6@group-B02456D89C11, cid=179, SUCCESS, logIndex=264, commits[dd0a3b65-d36c-4f93-b232-3c8e6f6667b6:c265]
2019-09-18 13:03:56,670 [grpc-default-executor-1] INFO  client.GrpcClientProtocolClient (GrpcClientProtocolClient.java:onNext(264)) - client-DF3A7F9F7866->dd0a3b65-d36c-4f93-b232-3c8e6f6667b6: receive RaftClientReply:client-DF3A7F9F7866->dd0a3b65-d36c-4f93-b232-3c8e6f6667b6@group-B02456D89C11, cid=180, SUCCESS, logIndex=265, commits[dd0a3b65-d36c-4f93-b232-3c8e6f6667b6:c265]
2019-09-18 13:03:56,693 [grpc-default-executor-1] INFO  client.GrpcClientProtocolClient (GrpcClientProtocolClient.java:onNext(264)) - client-DF3A7F9F7866->dd0a3b65-d36c-4f93-b232-3c8e6f6667b6: receive RaftClientReply:client-DF3A7F9F7866->dd0a3b65-d36c-4f93-b232-3c8e6f6667b6@group-B02456D89C11, cid=181, SUCCESS, logIndex=268, commits[dd0a3b65-d36c-4f93-b232-3c8e6f6667b6:c269]
2019-09-18 13:03:56,693 [grpc-default-executor-1] INFO  client.GrpcClientProtocolClient (GrpcClientProtocolClient.java:onNext(264)) - client-DF3A7F9F7866->dd0a3b65-d36c-4f93-b232-3c8e6f6667b6: receive RaftClientReply:client-DF3A7F9F7866->dd0a3b65-d36c-4f93-b232-3c8e6f6667b6@group-B02456D89C11, cid=182, SUCCESS, logIndex=269, commits[dd0a3b65-d36c-4f93-b232-3c8e6f6667b6:c269]
2019-09-18 13:03:56,696 [grpc-default-executor-1] INFO  client.GrpcClientProtocolClient (GrpcClientProtocolClient.java:onNext(264)) - client-DF3A7F9F7866->dd0a3b65-d36c-4f93-b232-3c8e6f6667b6: receive RaftClientReply:client-DF3A7F9F7866->dd0a3b65-d36c-4f93-b232-3c8e6f6667b6@group-B02456D89C11, cid=183, SUCCESS, logIndex=270, commits[dd0a3b65-d36c-4f93-b232-3c8e6f6667b6:c271]
2019-09-18 13:03:56,696 [grpc-default-executor-1] INFO  client.GrpcClientProtocolClient (GrpcClientProtocolClient.java:onNext(264)) - client-DF3A7F9F7866->dd0a3b65-d36c-4f93-b232-3c8e6f6667b6: receive RaftClientReply:client-DF3A7F9F7866->dd0a3b65-d36c-4f93-b232-3c8e6f6667b6@group-B02456D89C11, cid=184, SUCCESS, logIndex=271, commits[dd0a3b65-d36c-4f93-b232-3c8e6f6667b6:c272]
2019-09-18 13:03:56,728 [grpc-default-executor-1] INFO  client.GrpcClientProtocolClient (GrpcClientProtocolClient.java:onNext(264)) - client-DF3A7F9F7866->dd0a3b65-d36c-4f93-b232-3c8e6f6667b6: receive RaftClientReply:client-DF3A7F9F7866->dd0a3b65-d36c-4f93-b232-3c8e6f6667b6@group-B02456D89C11, cid=185, SUCCESS, logIndex=274, commits[dd0a3b65-d36c-4f93-b232-3c8e6f6667b6:c277]
2019-09-18 13:03:56,728 [grpc-default-executor-1] INFO  client.GrpcClientProtocolClient (GrpcClientProtocolClient.java:onNext(264)) - client-DF3A7F9F7866->dd0a3b65-d36c-4f93-b232-3c8e6f6667b6: receive RaftClientReply:client-DF3A7F9F7866->dd0a3b65-d36c-4f93-b232-3c8e6f6667b6@group-B02456D89C11, cid=186, SUCCESS, logIndex=275, commits[dd0a3b65-d36c-4f93-b232-3c8e6f6667b6:c278]
2019-09-18 13:03:56,729 [grpc-default-executor-1] INFO  client.GrpcClientProtocolClient (GrpcClientProtocolClient.java:onNext(264)) - client-DF3A7F9F7866->dd0a3b65-d36c-4f93-b232-3c8e6f6667b6: receive RaftClientReply:client-DF3A7F9F7866->dd0a3b65-d36c-4f93-b232-3c8e6f6667b6@group-B02456D89C11, cid=187, SUCCESS, logIndex=276, commits[dd0a3b65-d36c-4f93-b232-3c8e6f6667b6:c279]
2019-09-18 13:03:56,730 [grpc-default-executor-1] INFO  client.GrpcClientProtocolClient (GrpcClientProtocolClient.java:onNext(264)) - client-DF3A7F9F7866->dd0a3b65-d36c-4f93-b232-3c8e6f6667b6: receive RaftClientReply:client-DF3A7F9F7866->dd0a3b65-d36c-4f93-b232-3c8e6f6667b6@group-B02456D89C11, cid=188, SUCCESS, logIndex=277, commits[dd0a3b65-d36c-4f93-b232-3c8e6f6667b6:c279]
2019-09-18 13:03:56,753 [SCMBlockDeletingService#0] DEBUG block.SCMBlockDeletingService (SCMBlockDeletingService.java:call(138)) - Running DeletedBlockTransactionScanner
2019-09-18 13:03:56,753 [grpc-default-executor-0] INFO  client.GrpcClientProtocolClient (GrpcClientProtocolClient.java:onNext(264)) - client-DF3A7F9F7866->dd0a3b65-d36c-4f93-b232-3c8e6f6667b6: receive RaftClientReply:client-DF3A7F9F7866->dd0a3b65-d36c-4f93-b232-3c8e6f6667b6@group-B02456D89C11, cid=189, SUCCESS, logIndex=280, commits[dd0a3b65-d36c-4f93-b232-3c8e6f6667b6:c281]
2019-09-18 13:03:56,753 [SCMBlockDeletingService#0] DEBUG block.SCMBlockDeletingService (SCMBlockDeletingService.java:call(155)) - Scanned deleted blocks log and got 0 delTX to process.
2019-09-18 13:03:56,754 [grpc-default-executor-0] INFO  client.GrpcClientProtocolClient (GrpcClientProtocolClient.java:onNext(264)) - client-DF3A7F9F7866->dd0a3b65-d36c-4f93-b232-3c8e6f6667b6: receive RaftClientReply:client-DF3A7F9F7866->dd0a3b65-d36c-4f93-b232-3c8e6f6667b6@group-B02456D89C11, cid=190, SUCCESS, logIndex=281, commits[dd0a3b65-d36c-4f93-b232-3c8e6f6667b6:c284]
2019-09-18 13:03:56,754 [grpc-default-executor-0] INFO  client.GrpcClientProtocolClient (GrpcClientProtocolClient.java:onNext(264)) - client-DF3A7F9F7866->dd0a3b65-d36c-4f93-b232-3c8e6f6667b6: receive RaftClientReply:client-DF3A7F9F7866->dd0a3b65-d36c-4f93-b232-3c8e6f6667b6@group-B02456D89C11, cid=191, SUCCESS, logIndex=282, commits[dd0a3b65-d36c-4f93-b232-3c8e6f6667b6:c285]
2019-09-18 13:03:56,755 [grpc-default-executor-0] INFO  client.GrpcClientProtocolClient (GrpcClientProtocolClient.java:onNext(264)) - client-DF3A7F9F7866->dd0a3b65-d36c-4f93-b232-3c8e6f6667b6: receive RaftClientReply:client-DF3A7F9F7866->dd0a3b65-d36c-4f93-b232-3c8e6f6667b6@group-B02456D89C11, cid=192, SUCCESS, logIndex=283, commits[dd0a3b65-d36c-4f93-b232-3c8e6f6667b6:c285]
2019-09-18 13:03:56,786 [grpc-default-executor-0] INFO  client.GrpcClientProtocolClient (GrpcClientProtocolClient.java:onNext(264)) - client-DF3A7F9F7866->dd0a3b65-d36c-4f93-b232-3c8e6f6667b6: receive RaftClientReply:client-DF3A7F9F7866->dd0a3b65-d36c-4f93-b232-3c8e6f6667b6@group-B02456D89C11, cid=193, SUCCESS, logIndex=286, commits[dd0a3b65-d36c-4f93-b232-3c8e6f6667b6:c287]
2019-09-18 13:03:56,786 [grpc-default-executor-0] INFO  client.GrpcClientProtocolClient (GrpcClientProtocolClient.java:onNext(264)) - client-DF3A7F9F7866->dd0a3b65-d36c-4f93-b232-3c8e6f6667b6: receive RaftClientReply:client-DF3A7F9F7866->dd0a3b65-d36c-4f93-b232-3c8e6f6667b6@group-B02456D89C11, cid=194, SUCCESS, logIndex=287, commits[dd0a3b65-d36c-4f93-b232-3c8e6f6667b6:c290]
2019-09-18 13:03:56,787 [grpc-default-executor-0] INFO  client.GrpcClientProtocolClient (GrpcClientProtocolClient.java:onNext(264)) - client-DF3A7F9F7866->dd0a3b65-d36c-4f93-b232-3c8e6f6667b6: receive RaftClientReply:client-DF3A7F9F7866->dd0a3b65-d36c-4f93-b232-3c8e6f6667b6@group-B02456D89C11, cid=195, SUCCESS, logIndex=288, commits[dd0a3b65-d36c-4f93-b232-3c8e6f6667b6:c291]
2019-09-18 13:03:56,787 [grpc-default-executor-0] INFO  client.GrpcClientProtocolClient (GrpcClientProtocolClient.java:onNext(264)) - client-DF3A7F9F7866->dd0a3b65-d36c-4f93-b232-3c8e6f6667b6: receive RaftClientReply:client-DF3A7F9F7866->dd0a3b65-d36c-4f93-b232-3c8e6f6667b6@group-B02456D89C11, cid=196, SUCCESS, logIndex=289, commits[dd0a3b65-d36c-4f93-b232-3c8e6f6667b6:c291]
2019-09-18 13:03:56,809 [grpc-default-executor-1] INFO  client.GrpcClientProtocolClient (GrpcClientProtocolClient.java:onNext(264)) - client-DF3A7F9F7866->dd0a3b65-d36c-4f93-b232-3c8e6f6667b6: receive RaftClientReply:client-DF3A7F9F7866->dd0a3b65-d36c-4f93-b232-3c8e6f6667b6@group-B02456D89C11, cid=197, SUCCESS, logIndex=292, commits[dd0a3b65-d36c-4f93-b232-3c8e6f6667b6:c295]
2019-09-18 13:03:56,810 [grpc-default-executor-1] INFO  client.GrpcClientProtocolClient (GrpcClientProtocolClient.java:onNext(264)) - client-DF3A7F9F7866->dd0a3b65-d36c-4f93-b232-3c8e6f6667b6: receive RaftClientReply:client-DF3A7F9F7866->dd0a3b65-d36c-4f93-b232-3c8e6f6667b6@group-B02456D89C11, cid=198, SUCCESS, logIndex=293, commits[dd0a3b65-d36c-4f93-b232-3c8e6f6667b6:c295]
2019-09-18 13:03:56,810 [grpc-default-executor-1] INFO  client.GrpcClientProtocolClient (GrpcClientProtocolClient.java:onNext(264)) - client-DF3A7F9F7866->dd0a3b65-d36c-4f93-b232-3c8e6f6667b6: receive RaftClientReply:client-DF3A7F9F7866->dd0a3b65-d36c-4f93-b232-3c8e6f6667b6@group-B02456D89C11, cid=199, SUCCESS, logIndex=294, commits[dd0a3b65-d36c-4f93-b232-3c8e6f6667b6:c295]
2019-09-18 13:03:56,811 [grpc-default-executor-1] INFO  client.GrpcClientProtocolClient (GrpcClientProtocolClient.java:onNext(264)) - client-DF3A7F9F7866->dd0a3b65-d36c-4f93-b232-3c8e6f6667b6: receive RaftClientReply:client-DF3A7F9F7866->dd0a3b65-d36c-4f93-b232-3c8e6f6667b6@group-B02456D89C11, cid=200, SUCCESS, logIndex=295, commits[dd0a3b65-d36c-4f93-b232-3c8e6f6667b6:c296]
2019-09-18 13:03:56,840 [grpc-default-executor-1] INFO  client.GrpcClientProtocolClient (GrpcClientProtocolClient.java:onNext(264)) - client-DF3A7F9F7866->dd0a3b65-d36c-4f93-b232-3c8e6f6667b6: receive RaftClientReply:client-DF3A7F9F7866->dd0a3b65-d36c-4f93-b232-3c8e6f6667b6@group-B02456D89C11, cid=201, SUCCESS, logIndex=298, commits[dd0a3b65-d36c-4f93-b232-3c8e6f6667b6:c299]
2019-09-18 13:03:56,841 [grpc-default-executor-1] INFO  client.GrpcClientProtocolClient (GrpcClientProtocolClient.java:onNext(264)) - client-DF3A7F9F7866->dd0a3b65-d36c-4f93-b232-3c8e6f6667b6: receive RaftClientReply:client-DF3A7F9F7866->dd0a3b65-d36c-4f93-b232-3c8e6f6667b6@group-B02456D89C11, cid=202, SUCCESS, logIndex=299, commits[dd0a3b65-d36c-4f93-b232-3c8e6f6667b6:c302]
2019-09-18 13:03:56,842 [grpc-default-executor-1] INFO  client.GrpcClientProtocolClient (GrpcClientProtocolClient.java:onNext(264)) - client-DF3A7F9F7866->dd0a3b65-d36c-4f93-b232-3c8e6f6667b6: receive RaftClientReply:client-DF3A7F9F7866->dd0a3b65-d36c-4f93-b232-3c8e6f6667b6@group-B02456D89C11, cid=203, SUCCESS, logIndex=300, commits[dd0a3b65-d36c-4f93-b232-3c8e6f6667b6:c303]
2019-09-18 13:03:56,842 [grpc-default-executor-1] INFO  client.GrpcClientProtocolClient (GrpcClientProtocolClient.java:onNext(264)) - client-DF3A7F9F7866->dd0a3b65-d36c-4f93-b232-3c8e6f6667b6: receive RaftClientReply:client-DF3A7F9F7866->dd0a3b65-d36c-4f93-b232-3c8e6f6667b6@group-B02456D89C11, cid=204, SUCCESS, logIndex=301, commits[dd0a3b65-d36c-4f93-b232-3c8e6f6667b6:c303]
2019-09-18 13:03:56,854 [SCMBlockDeletingService#0] DEBUG block.SCMBlockDeletingService (SCMBlockDeletingService.java:call(138)) - Running DeletedBlockTransactionScanner
2019-09-18 13:03:56,854 [SCMBlockDeletingService#0] DEBUG block.SCMBlockDeletingService (SCMBlockDeletingService.java:call(155)) - Scanned deleted blocks log and got 0 delTX to process.
2019-09-18 13:03:56,865 [grpc-default-executor-1] INFO  client.GrpcClientProtocolClient (GrpcClientProtocolClient.java:onNext(264)) - client-DF3A7F9F7866->dd0a3b65-d36c-4f93-b232-3c8e6f6667b6: receive RaftClientReply:client-DF3A7F9F7866->dd0a3b65-d36c-4f93-b232-3c8e6f6667b6@group-B02456D89C11, cid=205, SUCCESS, logIndex=304, commits[dd0a3b65-d36c-4f93-b232-3c8e6f6667b6:c305]
2019-09-18 13:03:56,865 [grpc-default-executor-1] INFO  client.GrpcClientProtocolClient (GrpcClientProtocolClient.java:onNext(264)) - client-DF3A7F9F7866->dd0a3b65-d36c-4f93-b232-3c8e6f6667b6: receive RaftClientReply:client-DF3A7F9F7866->dd0a3b65-d36c-4f93-b232-3c8e6f6667b6@group-B02456D89C11, cid=206, SUCCESS, logIndex=305, commits[dd0a3b65-d36c-4f93-b232-3c8e6f6667b6:c308]
2019-09-18 13:03:56,866 [grpc-default-executor-1] INFO  client.GrpcClientProtocolClient (GrpcClientProtocolClient.java:onNext(264)) - client-DF3A7F9F7866->dd0a3b65-d36c-4f93-b232-3c8e6f6667b6: receive RaftClientReply:client-DF3A7F9F7866->dd0a3b65-d36c-4f93-b232-3c8e6f6667b6@group-B02456D89C11, cid=207, SUCCESS, logIndex=306, commits[dd0a3b65-d36c-4f93-b232-3c8e6f6667b6:c309]
2019-09-18 13:03:56,866 [grpc-default-executor-1] INFO  client.GrpcClientProtocolClient (GrpcClientProtocolClient.java:onNext(264)) - client-DF3A7F9F7866->dd0a3b65-d36c-4f93-b232-3c8e6f6667b6: receive RaftClientReply:client-DF3A7F9F7866->dd0a3b65-d36c-4f93-b232-3c8e6f6667b6@group-B02456D89C11, cid=208, SUCCESS, logIndex=307, commits[dd0a3b65-d36c-4f93-b232-3c8e6f6667b6:c309]
2019-09-18 13:03:56,887 [grpc-default-executor-1] INFO  client.GrpcClientProtocolClient (GrpcClientProtocolClient.java:onNext(264)) - client-DF3A7F9F7866->dd0a3b65-d36c-4f93-b232-3c8e6f6667b6: receive RaftClientReply:client-DF3A7F9F7866->dd0a3b65-d36c-4f93-b232-3c8e6f6667b6@group-B02456D89C11, cid=209, SUCCESS, logIndex=310, commits[dd0a3b65-d36c-4f93-b232-3c8e6f6667b6:c311]
2019-09-18 13:03:56,888 [grpc-default-executor-1] INFO  client.GrpcClientProtocolClient (GrpcClientProtocolClient.java:onNext(264)) - client-DF3A7F9F7866->dd0a3b65-d36c-4f93-b232-3c8e6f6667b6: receive RaftClientReply:client-DF3A7F9F7866->dd0a3b65-d36c-4f93-b232-3c8e6f6667b6@group-B02456D89C11, cid=210, SUCCESS, logIndex=311, commits[dd0a3b65-d36c-4f93-b232-3c8e6f6667b6:c311]
2019-09-18 13:03:56,898 [grpc-default-executor-1] INFO  client.GrpcClientProtocolClient (GrpcClientProtocolClient.java:onNext(264)) - client-DF3A7F9F7866->dd0a3b65-d36c-4f93-b232-3c8e6f6667b6: receive RaftClientReply:client-DF3A7F9F7866->dd0a3b65-d36c-4f93-b232-3c8e6f6667b6@group-B02456D89C11, cid=211, SUCCESS, logIndex=312, commits[dd0a3b65-d36c-4f93-b232-3c8e6f6667b6:c314]
2019-09-18 13:03:56,899 [grpc-default-executor-1] INFO  client.GrpcClientProtocolClient (GrpcClientProtocolClient.java:onNext(264)) - client-DF3A7F9F7866->dd0a3b65-d36c-4f93-b232-3c8e6f6667b6: receive RaftClientReply:client-DF3A7F9F7866->dd0a3b65-d36c-4f93-b232-3c8e6f6667b6@group-B02456D89C11, cid=212, SUCCESS, logIndex=313, commits[dd0a3b65-d36c-4f93-b232-3c8e6f6667b6:c314]
2019-09-18 13:03:56,920 [grpc-default-executor-1] INFO  client.GrpcClientProtocolClient (GrpcClientProtocolClient.java:onNext(264)) - client-DF3A7F9F7866->dd0a3b65-d36c-4f93-b232-3c8e6f6667b6: receive RaftClientReply:client-DF3A7F9F7866->dd0a3b65-d36c-4f93-b232-3c8e6f6667b6@group-B02456D89C11, cid=213, SUCCESS, logIndex=315, commits[dd0a3b65-d36c-4f93-b232-3c8e6f6667b6:c316]
2019-09-18 13:03:56,921 [grpc-default-executor-1] INFO  client.GrpcClientProtocolClient (GrpcClientProtocolClient.java:onNext(264)) - client-DF3A7F9F7866->dd0a3b65-d36c-4f93-b232-3c8e6f6667b6: receive RaftClientReply:client-DF3A7F9F7866->dd0a3b65-d36c-4f93-b232-3c8e6f6667b6@group-B02456D89C11, cid=214, SUCCESS, logIndex=316, commits[dd0a3b65-d36c-4f93-b232-3c8e6f6667b6:c319]
2019-09-18 13:03:56,922 [grpc-default-executor-1] INFO  client.GrpcClientProtocolClient (GrpcClientProtocolClient.java:onNext(264)) - client-DF3A7F9F7866->dd0a3b65-d36c-4f93-b232-3c8e6f6667b6: receive RaftClientReply:client-DF3A7F9F7866->dd0a3b65-d36c-4f93-b232-3c8e6f6667b6@group-B02456D89C11, cid=215, SUCCESS, logIndex=317, commits[dd0a3b65-d36c-4f93-b232-3c8e6f6667b6:c320]
2019-09-18 13:03:56,922 [grpc-default-executor-1] INFO  client.GrpcClientProtocolClient (GrpcClientProtocolClient.java:onNext(264)) - client-DF3A7F9F7866->dd0a3b65-d36c-4f93-b232-3c8e6f6667b6: receive RaftClientReply:client-DF3A7F9F7866->dd0a3b65-d36c-4f93-b232-3c8e6f6667b6@group-B02456D89C11, cid=216, SUCCESS, logIndex=318, commits[dd0a3b65-d36c-4f93-b232-3c8e6f6667b6:c320]
2019-09-18 13:03:56,951 [grpc-default-executor-1] INFO  client.GrpcClientProtocolClient (GrpcClientProtocolClient.java:onNext(264)) - client-DF3A7F9F7866->dd0a3b65-d36c-4f93-b232-3c8e6f6667b6: receive RaftClientReply:client-DF3A7F9F7866->dd0a3b65-d36c-4f93-b232-3c8e6f6667b6@group-B02456D89C11, cid=217, SUCCESS, logIndex=321, commits[dd0a3b65-d36c-4f93-b232-3c8e6f6667b6:c322]
2019-09-18 13:03:56,952 [grpc-default-executor-1] INFO  client.GrpcClientProtocolClient (GrpcClientProtocolClient.java:onNext(264)) - client-DF3A7F9F7866->dd0a3b65-d36c-4f93-b232-3c8e6f6667b6: receive RaftClientReply:client-DF3A7F9F7866->dd0a3b65-d36c-4f93-b232-3c8e6f6667b6@group-B02456D89C11, cid=218, SUCCESS, logIndex=322, commits[dd0a3b65-d36c-4f93-b232-3c8e6f6667b6:c324]
2019-09-18 13:03:56,953 [grpc-default-executor-1] INFO  client.GrpcClientProtocolClient (GrpcClientProtocolClient.java:onNext(264)) - client-DF3A7F9F7866->dd0a3b65-d36c-4f93-b232-3c8e6f6667b6: receive RaftClientReply:client-DF3A7F9F7866->dd0a3b65-d36c-4f93-b232-3c8e6f6667b6@group-B02456D89C11, cid=219, SUCCESS, logIndex=323, commits[dd0a3b65-d36c-4f93-b232-3c8e6f6667b6:c325]
2019-09-18 13:03:56,953 [grpc-default-executor-1] INFO  client.GrpcClientProtocolClient (GrpcClientProtocolClient.java:onNext(264)) - client-DF3A7F9F7866->dd0a3b65-d36c-4f93-b232-3c8e6f6667b6: receive RaftClientReply:client-DF3A7F9F7866->dd0a3b65-d36c-4f93-b232-3c8e6f6667b6@group-B02456D89C11, cid=220, SUCCESS, logIndex=324, commits[dd0a3b65-d36c-4f93-b232-3c8e6f6667b6:c326]
2019-09-18 13:03:56,954 [SCMBlockDeletingService#0] DEBUG block.SCMBlockDeletingService (SCMBlockDeletingService.java:call(138)) - Running DeletedBlockTransactionScanner
2019-09-18 13:03:56,955 [SCMBlockDeletingService#0] DEBUG block.SCMBlockDeletingService (SCMBlockDeletingService.java:call(155)) - Scanned deleted blocks log and got 0 delTX to process.
2019-09-18 13:03:57,055 [SCMBlockDeletingService#0] DEBUG block.SCMBlockDeletingService (SCMBlockDeletingService.java:call(138)) - Running DeletedBlockTransactionScanner
2019-09-18 13:03:57,056 [SCMBlockDeletingService#0] DEBUG block.SCMBlockDeletingService (SCMBlockDeletingService.java:call(155)) - Scanned deleted blocks log and got 0 delTX to process.
2019-09-18 13:03:57,083 [grpc-default-executor-1] INFO  client.GrpcClientProtocolClient (GrpcClientProtocolClient.java:onNext(264)) - client-DF3A7F9F7866->dd0a3b65-d36c-4f93-b232-3c8e6f6667b6: receive RaftClientReply:client-DF3A7F9F7866->dd0a3b65-d36c-4f93-b232-3c8e6f6667b6@group-B02456D89C11, cid=221, SUCCESS, logIndex=327, commits[dd0a3b65-d36c-4f93-b232-3c8e6f6667b6:c330]
2019-09-18 13:03:57,084 [grpc-default-executor-1] INFO  client.GrpcClientProtocolClient (GrpcClientProtocolClient.java:onNext(264)) - client-DF3A7F9F7866->dd0a3b65-d36c-4f93-b232-3c8e6f6667b6: receive RaftClientReply:client-DF3A7F9F7866->dd0a3b65-d36c-4f93-b232-3c8e6f6667b6@group-B02456D89C11, cid=222, SUCCESS, logIndex=328, commits[dd0a3b65-d36c-4f93-b232-3c8e6f6667b6:c332]
2019-09-18 13:03:57,087 [grpc-default-executor-1] INFO  client.GrpcClientProtocolClient (GrpcClientProtocolClient.java:onNext(264)) - client-DF3A7F9F7866->dd0a3b65-d36c-4f93-b232-3c8e6f6667b6: receive RaftClientReply:client-DF3A7F9F7866->dd0a3b65-d36c-4f93-b232-3c8e6f6667b6@group-B02456D89C11, cid=223, SUCCESS, logIndex=329, commits[dd0a3b65-d36c-4f93-b232-3c8e6f6667b6:c332]
2019-09-18 13:03:57,088 [grpc-default-executor-1] INFO  client.GrpcClientProtocolClient (GrpcClientProtocolClient.java:onNext(264)) - client-DF3A7F9F7866->dd0a3b65-d36c-4f93-b232-3c8e6f6667b6: receive RaftClientReply:client-DF3A7F9F7866->dd0a3b65-d36c-4f93-b232-3c8e6f6667b6@group-B02456D89C11, cid=224, SUCCESS, logIndex=330, commits[dd0a3b65-d36c-4f93-b232-3c8e6f6667b6:c332]
2019-09-18 13:03:57,121 [grpc-default-executor-1] INFO  client.GrpcClientProtocolClient (GrpcClientProtocolClient.java:onNext(264)) - client-DF3A7F9F7866->dd0a3b65-d36c-4f93-b232-3c8e6f6667b6: receive RaftClientReply:client-DF3A7F9F7866->dd0a3b65-d36c-4f93-b232-3c8e6f6667b6@group-B02456D89C11, cid=225, SUCCESS, logIndex=333, commits[dd0a3b65-d36c-4f93-b232-3c8e6f6667b6:c334]
2019-09-18 13:03:57,122 [grpc-default-executor-1] INFO  client.GrpcClientProtocolClient (GrpcClientProtocolClient.java:onNext(264)) - client-DF3A7F9F7866->dd0a3b65-d36c-4f93-b232-3c8e6f6667b6: receive RaftClientReply:client-DF3A7F9F7866->dd0a3b65-d36c-4f93-b232-3c8e6f6667b6@group-B02456D89C11, cid=226, SUCCESS, logIndex=334, commits[dd0a3b65-d36c-4f93-b232-3c8e6f6667b6:c337]
2019-09-18 13:03:57,123 [grpc-default-executor-1] INFO  client.GrpcClientProtocolClient (GrpcClientProtocolClient.java:onNext(264)) - client-DF3A7F9F7866->dd0a3b65-d36c-4f93-b232-3c8e6f6667b6: receive RaftClientReply:client-DF3A7F9F7866->dd0a3b65-d36c-4f93-b232-3c8e6f6667b6@group-B02456D89C11, cid=227, SUCCESS, logIndex=335, commits[dd0a3b65-d36c-4f93-b232-3c8e6f6667b6:c337]
2019-09-18 13:03:57,123 [grpc-default-executor-1] INFO  client.GrpcClientProtocolClient (GrpcClientProtocolClient.java:onNext(264)) - client-DF3A7F9F7866->dd0a3b65-d36c-4f93-b232-3c8e6f6667b6: receive RaftClientReply:client-DF3A7F9F7866->dd0a3b65-d36c-4f93-b232-3c8e6f6667b6@group-B02456D89C11, cid=228, SUCCESS, logIndex=336, commits[dd0a3b65-d36c-4f93-b232-3c8e6f6667b6:c338]
2019-09-18 13:03:57,137 [grpc-default-executor-0] INFO  client.GrpcClientProtocolClient (GrpcClientProtocolClient.java:onNext(264)) - client-DF3A7F9F7866->dd0a3b65-d36c-4f93-b232-3c8e6f6667b6: receive RaftClientReply:client-DF3A7F9F7866->dd0a3b65-d36c-4f93-b232-3c8e6f6667b6@group-B02456D89C11, cid=229, SUCCESS, logIndex=339, commits[dd0a3b65-d36c-4f93-b232-3c8e6f6667b6:c340]
2019-09-18 13:03:57,137 [grpc-default-executor-0] INFO  client.GrpcClientProtocolClient (GrpcClientProtocolClient.java:onNext(264)) - client-DF3A7F9F7866->dd0a3b65-d36c-4f93-b232-3c8e6f6667b6: receive RaftClientReply:client-DF3A7F9F7866->dd0a3b65-d36c-4f93-b232-3c8e6f6667b6@group-B02456D89C11, cid=230, SUCCESS, logIndex=340, commits[dd0a3b65-d36c-4f93-b232-3c8e6f6667b6:c342]
2019-09-18 13:03:57,138 [grpc-default-executor-0] INFO  client.GrpcClientProtocolClient (GrpcClientProtocolClient.java:onNext(264)) - client-DF3A7F9F7866->dd0a3b65-d36c-4f93-b232-3c8e6f6667b6: receive RaftClientReply:client-DF3A7F9F7866->dd0a3b65-d36c-4f93-b232-3c8e6f6667b6@group-B02456D89C11, cid=231, SUCCESS, logIndex=341, commits[dd0a3b65-d36c-4f93-b232-3c8e6f6667b6:c343]
2019-09-18 13:03:57,138 [grpc-default-executor-0] INFO  client.GrpcClientProtocolClient (GrpcClientProtocolClient.java:onNext(264)) - client-DF3A7F9F7866->dd0a3b65-d36c-4f93-b232-3c8e6f6667b6: receive RaftClientReply:client-DF3A7F9F7866->dd0a3b65-d36c-4f93-b232-3c8e6f6667b6@group-B02456D89C11, cid=232, SUCCESS, logIndex=342, commits[dd0a3b65-d36c-4f93-b232-3c8e6f6667b6:c344]
2019-09-18 13:03:57,157 [SCMBlockDeletingService#0] DEBUG block.SCMBlockDeletingService (SCMBlockDeletingService.java:call(138)) - Running DeletedBlockTransactionScanner
2019-09-18 13:03:57,157 [SCMBlockDeletingService#0] DEBUG block.SCMBlockDeletingService (SCMBlockDeletingService.java:call(155)) - Scanned deleted blocks log and got 0 delTX to process.
2019-09-18 13:03:57,167 [grpc-default-executor-0] INFO  client.GrpcClientProtocolClient (GrpcClientProtocolClient.java:onNext(264)) - client-DF3A7F9F7866->dd0a3b65-d36c-4f93-b232-3c8e6f6667b6: receive RaftClientReply:client-DF3A7F9F7866->dd0a3b65-d36c-4f93-b232-3c8e6f6667b6@group-B02456D89C11, cid=233, SUCCESS, logIndex=345, commits[dd0a3b65-d36c-4f93-b232-3c8e6f6667b6:c346]
2019-09-18 13:03:57,167 [grpc-default-executor-0] INFO  client.GrpcClientProtocolClient (GrpcClientProtocolClient.java:onNext(264)) - client-DF3A7F9F7866->dd0a3b65-d36c-4f93-b232-3c8e6f6667b6: receive RaftClientReply:client-DF3A7F9F7866->dd0a3b65-d36c-4f93-b232-3c8e6f6667b6@group-B02456D89C11, cid=234, SUCCESS, logIndex=346, commits[dd0a3b65-d36c-4f93-b232-3c8e6f6667b6:c348]
2019-09-18 13:03:57,168 [grpc-default-executor-0] INFO  client.GrpcClientProtocolClient (GrpcClientProtocolClient.java:onNext(264)) - client-DF3A7F9F7866->dd0a3b65-d36c-4f93-b232-3c8e6f6667b6: receive RaftClientReply:client-DF3A7F9F7866->dd0a3b65-d36c-4f93-b232-3c8e6f6667b6@group-B02456D89C11, cid=235, SUCCESS, logIndex=347, commits[dd0a3b65-d36c-4f93-b232-3c8e6f6667b6:c349]
2019-09-18 13:03:57,169 [grpc-default-executor-0] INFO  client.GrpcClientProtocolClient (GrpcClientProtocolClient.java:onNext(264)) - client-DF3A7F9F7866->dd0a3b65-d36c-4f93-b232-3c8e6f6667b6: receive RaftClientReply:client-DF3A7F9F7866->dd0a3b65-d36c-4f93-b232-3c8e6f6667b6@group-B02456D89C11, cid=236, SUCCESS, logIndex=348, commits[dd0a3b65-d36c-4f93-b232-3c8e6f6667b6:c350]
2019-09-18 13:03:57,189 [grpc-default-executor-1] INFO  client.GrpcClientProtocolClient (GrpcClientProtocolClient.java:onNext(264)) - client-DF3A7F9F7866->dd0a3b65-d36c-4f93-b232-3c8e6f6667b6: receive RaftClientReply:client-DF3A7F9F7866->dd0a3b65-d36c-4f93-b232-3c8e6f6667b6@group-B02456D89C11, cid=237, SUCCESS, logIndex=351, commits[dd0a3b65-d36c-4f93-b232-3c8e6f6667b6:c352]
2019-09-18 13:03:57,190 [grpc-default-executor-1] INFO  client.GrpcClientProtocolClient (GrpcClientProtocolClient.java:onNext(264)) - client-DF3A7F9F7866->dd0a3b65-d36c-4f93-b232-3c8e6f6667b6: receive RaftClientReply:client-DF3A7F9F7866->dd0a3b65-d36c-4f93-b232-3c8e6f6667b6@group-B02456D89C11, cid=238, SUCCESS, logIndex=352, commits[dd0a3b65-d36c-4f93-b232-3c8e6f6667b6:c354]
2019-09-18 13:03:57,190 [grpc-default-executor-1] INFO  client.GrpcClientProtocolClient (GrpcClientProtocolClient.java:onNext(264)) - client-DF3A7F9F7866->dd0a3b65-d36c-4f93-b232-3c8e6f6667b6: receive RaftClientReply:client-DF3A7F9F7866->dd0a3b65-d36c-4f93-b232-3c8e6f6667b6@group-B02456D89C11, cid=239, SUCCESS, logIndex=353, commits[dd0a3b65-d36c-4f93-b232-3c8e6f6667b6:c355]
2019-09-18 13:03:57,191 [grpc-default-executor-1] INFO  client.GrpcClientProtocolClient (GrpcClientProtocolClient.java:onNext(264)) - client-DF3A7F9F7866->dd0a3b65-d36c-4f93-b232-3c8e6f6667b6: receive RaftClientReply:client-DF3A7F9F7866->dd0a3b65-d36c-4f93-b232-3c8e6f6667b6@group-B02456D89C11, cid=240, SUCCESS, logIndex=354, commits[dd0a3b65-d36c-4f93-b232-3c8e6f6667b6:c356]
2019-09-18 13:03:57,219 [grpc-default-executor-0] INFO  client.GrpcClientProtocolClient (GrpcClientProtocolClient.java:onNext(264)) - client-DF3A7F9F7866->dd0a3b65-d36c-4f93-b232-3c8e6f6667b6: receive RaftClientReply:client-DF3A7F9F7866->dd0a3b65-d36c-4f93-b232-3c8e6f6667b6@group-B02456D89C11, cid=241, SUCCESS, logIndex=357, commits[dd0a3b65-d36c-4f93-b232-3c8e6f6667b6:c358]
2019-09-18 13:03:57,220 [grpc-default-executor-0] INFO  client.GrpcClientProtocolClient (GrpcClientProtocolClient.java:onNext(264)) - client-DF3A7F9F7866->dd0a3b65-d36c-4f93-b232-3c8e6f6667b6: receive RaftClientReply:client-DF3A7F9F7866->dd0a3b65-d36c-4f93-b232-3c8e6f6667b6@group-B02456D89C11, cid=242, SUCCESS, logIndex=358, commits[dd0a3b65-d36c-4f93-b232-3c8e6f6667b6:c360]
2019-09-18 13:03:57,220 [grpc-default-executor-0] INFO  client.GrpcClientProtocolClient (GrpcClientProtocolClient.java:onNext(264)) - client-DF3A7F9F7866->dd0a3b65-d36c-4f93-b232-3c8e6f6667b6: receive RaftClientReply:client-DF3A7F9F7866->dd0a3b65-d36c-4f93-b232-3c8e6f6667b6@group-B02456D89C11, cid=243, SUCCESS, logIndex=359, commits[dd0a3b65-d36c-4f93-b232-3c8e6f6667b6:c361]
2019-09-18 13:03:57,221 [grpc-default-executor-0] INFO  client.GrpcClientProtocolClient (GrpcClientProtocolClient.java:onNext(264)) - client-DF3A7F9F7866->dd0a3b65-d36c-4f93-b232-3c8e6f6667b6: receive RaftClientReply:client-DF3A7F9F7866->dd0a3b65-d36c-4f93-b232-3c8e6f6667b6@group-B02456D89C11, cid=244, SUCCESS, logIndex=360, commits[dd0a3b65-d36c-4f93-b232-3c8e6f6667b6:c362]
2019-09-18 13:03:57,244 [grpc-default-executor-0] INFO  client.GrpcClientProtocolClient (GrpcClientProtocolClient.java:onNext(264)) - client-DF3A7F9F7866->dd0a3b65-d36c-4f93-b232-3c8e6f6667b6: receive RaftClientReply:client-DF3A7F9F7866->dd0a3b65-d36c-4f93-b232-3c8e6f6667b6@group-B02456D89C11, cid=245, SUCCESS, logIndex=363, commits[dd0a3b65-d36c-4f93-b232-3c8e6f6667b6:c364]
2019-09-18 13:03:57,245 [grpc-default-executor-0] INFO  client.GrpcClientProtocolClient (GrpcClientProtocolClient.java:onNext(264)) - client-DF3A7F9F7866->dd0a3b65-d36c-4f93-b232-3c8e6f6667b6: receive RaftClientReply:client-DF3A7F9F7866->dd0a3b65-d36c-4f93-b232-3c8e6f6667b6@group-B02456D89C11, cid=246, SUCCESS, logIndex=364, commits[dd0a3b65-d36c-4f93-b232-3c8e6f6667b6:c366]
2019-09-18 13:03:57,245 [grpc-default-executor-0] INFO  client.GrpcClientProtocolClient (GrpcClientProtocolClient.java:onNext(264)) - client-DF3A7F9F7866->dd0a3b65-d36c-4f93-b232-3c8e6f6667b6: receive RaftClientReply:client-DF3A7F9F7866->dd0a3b65-d36c-4f93-b232-3c8e6f6667b6@group-B02456D89C11, cid=247, SUCCESS, logIndex=365, commits[dd0a3b65-d36c-4f93-b232-3c8e6f6667b6:c367]
2019-09-18 13:03:57,246 [grpc-default-executor-0] INFO  client.GrpcClientProtocolClient (GrpcClientProtocolClient.java:onNext(264)) - client-DF3A7F9F7866->dd0a3b65-d36c-4f93-b232-3c8e6f6667b6: receive RaftClientReply:client-DF3A7F9F7866->dd0a3b65-d36c-4f93-b232-3c8e6f6667b6@group-B02456D89C11, cid=248, SUCCESS, logIndex=366, commits[dd0a3b65-d36c-4f93-b232-3c8e6f6667b6:c368]
2019-09-18 13:03:57,257 [SCMBlockDeletingService#0] DEBUG block.SCMBlockDeletingService (SCMBlockDeletingService.java:call(138)) - Running DeletedBlockTransactionScanner
2019-09-18 13:03:57,258 [SCMBlockDeletingService#0] DEBUG block.SCMBlockDeletingService (SCMBlockDeletingService.java:call(155)) - Scanned deleted blocks log and got 0 delTX to process.
2019-09-18 13:03:57,273 [grpc-default-executor-0] INFO  client.GrpcClientProtocolClient (GrpcClientProtocolClient.java:onNext(264)) - client-DF3A7F9F7866->dd0a3b65-d36c-4f93-b232-3c8e6f6667b6: receive RaftClientReply:client-DF3A7F9F7866->dd0a3b65-d36c-4f93-b232-3c8e6f6667b6@group-B02456D89C11, cid=249, SUCCESS, logIndex=369, commits[dd0a3b65-d36c-4f93-b232-3c8e6f6667b6:c370]
2019-09-18 13:03:57,273 [grpc-default-executor-0] INFO  client.GrpcClientProtocolClient (GrpcClientProtocolClient.java:onNext(264)) - client-DF3A7F9F7866->dd0a3b65-d36c-4f93-b232-3c8e6f6667b6: receive RaftClientReply:client-DF3A7F9F7866->dd0a3b65-d36c-4f93-b232-3c8e6f6667b6@group-B02456D89C11, cid=250, SUCCESS, logIndex=370, commits[dd0a3b65-d36c-4f93-b232-3c8e6f6667b6:c372]
2019-09-18 13:03:57,274 [grpc-default-executor-0] INFO  client.GrpcClientProtocolClient (GrpcClientProtocolClient.java:onNext(264)) - client-DF3A7F9F7866->dd0a3b65-d36c-4f93-b232-3c8e6f6667b6: receive RaftClientReply:client-DF3A7F9F7866->dd0a3b65-d36c-4f93-b232-3c8e6f6667b6@group-B02456D89C11, cid=251, SUCCESS, logIndex=371, commits[dd0a3b65-d36c-4f93-b232-3c8e6f6667b6:c372]
2019-09-18 13:03:57,274 [grpc-default-executor-0] INFO  client.GrpcClientProtocolClient (GrpcClientProtocolClient.java:onNext(264)) - client-DF3A7F9F7866->dd0a3b65-d36c-4f93-b232-3c8e6f6667b6: receive RaftClientReply:client-DF3A7F9F7866->dd0a3b65-d36c-4f93-b232-3c8e6f6667b6@group-B02456D89C11, cid=252, SUCCESS, logIndex=372, commits[dd0a3b65-d36c-4f93-b232-3c8e6f6667b6:c373]
2019-09-18 13:03:57,294 [grpc-default-executor-1] INFO  client.GrpcClientProtocolClient (GrpcClientProtocolClient.java:onNext(264)) - client-DF3A7F9F7866->dd0a3b65-d36c-4f93-b232-3c8e6f6667b6: receive RaftClientReply:client-DF3A7F9F7866->dd0a3b65-d36c-4f93-b232-3c8e6f6667b6@group-B02456D89C11, cid=253, SUCCESS, logIndex=375, commits[dd0a3b65-d36c-4f93-b232-3c8e6f6667b6:c376]
2019-09-18 13:03:57,294 [grpc-default-executor-1] INFO  client.GrpcClientProtocolClient (GrpcClientProtocolClient.java:onNext(264)) - client-DF3A7F9F7866->dd0a3b65-d36c-4f93-b232-3c8e6f6667b6: receive RaftClientReply:client-DF3A7F9F7866->dd0a3b65-d36c-4f93-b232-3c8e6f6667b6@group-B02456D89C11, cid=254, SUCCESS, logIndex=376, commits[dd0a3b65-d36c-4f93-b232-3c8e6f6667b6:c378]
2019-09-18 13:03:57,295 [grpc-default-executor-1] INFO  client.GrpcClientProtocolClient (GrpcClientProtocolClient.java:onNext(264)) - client-DF3A7F9F7866->dd0a3b65-d36c-4f93-b232-3c8e6f6667b6: receive RaftClientReply:client-DF3A7F9F7866->dd0a3b65-d36c-4f93-b232-3c8e6f6667b6@group-B02456D89C11, cid=255, SUCCESS, logIndex=377, commits[dd0a3b65-d36c-4f93-b232-3c8e6f6667b6:c379]
2019-09-18 13:03:57,295 [grpc-default-executor-1] INFO  client.GrpcClientProtocolClient (GrpcClientProtocolClient.java:onNext(264)) - client-DF3A7F9F7866->dd0a3b65-d36c-4f93-b232-3c8e6f6667b6: receive RaftClientReply:client-DF3A7F9F7866->dd0a3b65-d36c-4f93-b232-3c8e6f6667b6@group-B02456D89C11, cid=256, SUCCESS, logIndex=378, commits[dd0a3b65-d36c-4f93-b232-3c8e6f6667b6:c380]
2019-09-18 13:03:57,462 [SCMBlockDeletingService#0] DEBUG block.SCMBlockDeletingService (SCMBlockDeletingService.java:call(138)) - Running DeletedBlockTransactionScanner
2019-09-18 13:03:57,463 [SCMBlockDeletingService#0] DEBUG block.SCMBlockDeletingService (SCMBlockDeletingService.java:call(155)) - Scanned deleted blocks log and got 0 delTX to process.
2019-09-18 13:03:57,483 [grpc-default-executor-0] INFO  client.GrpcClientProtocolClient (GrpcClientProtocolClient.java:onNext(264)) - client-DF3A7F9F7866->dd0a3b65-d36c-4f93-b232-3c8e6f6667b6: receive RaftClientReply:client-DF3A7F9F7866->dd0a3b65-d36c-4f93-b232-3c8e6f6667b6@group-B02456D89C11, cid=257, SUCCESS, logIndex=381, commits[dd0a3b65-d36c-4f93-b232-3c8e6f6667b6:c382]
2019-09-18 13:03:57,484 [grpc-default-executor-0] INFO  client.GrpcClientProtocolClient (GrpcClientProtocolClient.java:onNext(264)) - client-DF3A7F9F7866->dd0a3b65-d36c-4f93-b232-3c8e6f6667b6: receive RaftClientReply:client-DF3A7F9F7866->dd0a3b65-d36c-4f93-b232-3c8e6f6667b6@group-B02456D89C11, cid=258, SUCCESS, logIndex=382, commits[dd0a3b65-d36c-4f93-b232-3c8e6f6667b6:c382]
2019-09-18 13:03:57,494 [grpc-default-executor-0] INFO  client.GrpcClientProtocolClient (GrpcClientProtocolClient.java:onNext(264)) - client-DF3A7F9F7866->dd0a3b65-d36c-4f93-b232-3c8e6f6667b6: receive RaftClientReply:client-DF3A7F9F7866->dd0a3b65-d36c-4f93-b232-3c8e6f6667b6@group-B02456D89C11, cid=259, SUCCESS, logIndex=383, commits[dd0a3b65-d36c-4f93-b232-3c8e6f6667b6:c385]
2019-09-18 13:03:57,495 [grpc-default-executor-0] INFO  client.GrpcClientProtocolClient (GrpcClientProtocolClient.java:onNext(264)) - client-DF3A7F9F7866->dd0a3b65-d36c-4f93-b232-3c8e6f6667b6: receive RaftClientReply:client-DF3A7F9F7866->dd0a3b65-d36c-4f93-b232-3c8e6f6667b6@group-B02456D89C11, cid=260, SUCCESS, logIndex=384, commits[dd0a3b65-d36c-4f93-b232-3c8e6f6667b6:c385]
2019-09-18 13:03:57,519 [grpc-default-executor-1] INFO  client.GrpcClientProtocolClient (GrpcClientProtocolClient.java:onNext(264)) - client-DF3A7F9F7866->dd0a3b65-d36c-4f93-b232-3c8e6f6667b6: receive RaftClientReply:client-DF3A7F9F7866->dd0a3b65-d36c-4f93-b232-3c8e6f6667b6@group-B02456D89C11, cid=261, SUCCESS, logIndex=387, commits[dd0a3b65-d36c-4f93-b232-3c8e6f6667b6:c388]
2019-09-18 13:03:57,520 [grpc-default-executor-1] INFO  client.GrpcClientProtocolClient (GrpcClientProtocolClient.java:onNext(264)) - client-DF3A7F9F7866->dd0a3b65-d36c-4f93-b232-3c8e6f6667b6: receive RaftClientReply:client-DF3A7F9F7866->dd0a3b65-d36c-4f93-b232-3c8e6f6667b6@group-B02456D89C11, cid=262, SUCCESS, logIndex=388, commits[dd0a3b65-d36c-4f93-b232-3c8e6f6667b6:c391]
2019-09-18 13:03:57,521 [grpc-default-executor-1] INFO  client.GrpcClientProtocolClient (GrpcClientProtocolClient.java:onNext(264)) - client-DF3A7F9F7866->dd0a3b65-d36c-4f93-b232-3c8e6f6667b6: receive RaftClientReply:client-DF3A7F9F7866->dd0a3b65-d36c-4f93-b232-3c8e6f6667b6@group-B02456D89C11, cid=263, SUCCESS, logIndex=389, commits[dd0a3b65-d36c-4f93-b232-3c8e6f6667b6:c392]
2019-09-18 13:03:57,522 [grpc-default-executor-1] INFO  client.GrpcClientProtocolClient (GrpcClientProtocolClient.java:onNext(264)) - client-DF3A7F9F7866->dd0a3b65-d36c-4f93-b232-3c8e6f6667b6: receive RaftClientReply:client-DF3A7F9F7866->dd0a3b65-d36c-4f93-b232-3c8e6f6667b6@group-B02456D89C11, cid=264, SUCCESS, logIndex=390, commits[dd0a3b65-d36c-4f93-b232-3c8e6f6667b6:c392]
2019-09-18 13:03:57,563 [SCMBlockDeletingService#0] DEBUG block.SCMBlockDeletingService (SCMBlockDeletingService.java:call(138)) - Running DeletedBlockTransactionScanner
2019-09-18 13:03:57,564 [SCMBlockDeletingService#0] DEBUG block.SCMBlockDeletingService (SCMBlockDeletingService.java:call(155)) - Scanned deleted blocks log and got 0 delTX to process.
2019-09-18 13:03:57,656 [grpc-default-executor-1] INFO  client.GrpcClientProtocolClient (GrpcClientProtocolClient.java:onNext(264)) - client-DF3A7F9F7866->dd0a3b65-d36c-4f93-b232-3c8e6f6667b6: receive RaftClientReply:client-DF3A7F9F7866->dd0a3b65-d36c-4f93-b232-3c8e6f6667b6@group-B02456D89C11, cid=265, SUCCESS, logIndex=393, commits[dd0a3b65-d36c-4f93-b232-3c8e6f6667b6:c396]
2019-09-18 13:03:57,657 [grpc-default-executor-1] INFO  client.GrpcClientProtocolClient (GrpcClientProtocolClient.java:onNext(264)) - client-DF3A7F9F7866->dd0a3b65-d36c-4f93-b232-3c8e6f6667b6: receive RaftClientReply:client-DF3A7F9F7866->dd0a3b65-d36c-4f93-b232-3c8e6f6667b6@group-B02456D89C11, cid=266, SUCCESS, logIndex=394, commits[dd0a3b65-d36c-4f93-b232-3c8e6f6667b6:c397]
2019-09-18 13:03:57,658 [grpc-default-executor-1] INFO  client.GrpcClientProtocolClient (GrpcClientProtocolClient.java:onNext(264)) - client-DF3A7F9F7866->dd0a3b65-d36c-4f93-b232-3c8e6f6667b6: receive RaftClientReply:client-DF3A7F9F7866->dd0a3b65-d36c-4f93-b232-3c8e6f6667b6@group-B02456D89C11, cid=267, SUCCESS, logIndex=395, commits[dd0a3b65-d36c-4f93-b232-3c8e6f6667b6:c398]
2019-09-18 13:03:57,658 [grpc-default-executor-1] INFO  client.GrpcClientProtocolClient (GrpcClientProtocolClient.java:onNext(264)) - client-DF3A7F9F7866->dd0a3b65-d36c-4f93-b232-3c8e6f6667b6: receive RaftClientReply:client-DF3A7F9F7866->dd0a3b65-d36c-4f93-b232-3c8e6f6667b6@group-B02456D89C11, cid=268, SUCCESS, logIndex=396, commits[dd0a3b65-d36c-4f93-b232-3c8e6f6667b6:c398]
2019-09-18 13:03:57,664 [SCMBlockDeletingService#0] DEBUG block.SCMBlockDeletingService (SCMBlockDeletingService.java:call(138)) - Running DeletedBlockTransactionScanner
2019-09-18 13:03:57,664 [SCMBlockDeletingService#0] DEBUG block.SCMBlockDeletingService (SCMBlockDeletingService.java:call(155)) - Scanned deleted blocks log and got 0 delTX to process.
2019-09-18 13:03:57,679 [grpc-default-executor-0] INFO  client.GrpcClientProtocolClient (GrpcClientProtocolClient.java:onNext(264)) - client-DF3A7F9F7866->dd0a3b65-d36c-4f93-b232-3c8e6f6667b6: receive RaftClientReply:client-DF3A7F9F7866->dd0a3b65-d36c-4f93-b232-3c8e6f6667b6@group-B02456D89C11, cid=269, SUCCESS, logIndex=399, commits[dd0a3b65-d36c-4f93-b232-3c8e6f6667b6:c400]
2019-09-18 13:03:57,680 [grpc-default-executor-0] INFO  client.GrpcClientProtocolClient (GrpcClientProtocolClient.java:onNext(264)) - client-DF3A7F9F7866->dd0a3b65-d36c-4f93-b232-3c8e6f6667b6: receive RaftClientReply:client-DF3A7F9F7866->dd0a3b65-d36c-4f93-b232-3c8e6f6667b6@group-B02456D89C11, cid=270, SUCCESS, logIndex=400, commits[dd0a3b65-d36c-4f93-b232-3c8e6f6667b6:c402]
2019-09-18 13:03:57,680 [grpc-default-executor-0] INFO  client.GrpcClientProtocolClient (GrpcClientProtocolClient.java:onNext(264)) - client-DF3A7F9F7866->dd0a3b65-d36c-4f93-b232-3c8e6f6667b6: receive RaftClientReply:client-DF3A7F9F7866->dd0a3b65-d36c-4f93-b232-3c8e6f6667b6@group-B02456D89C11, cid=271, SUCCESS, logIndex=401, commits[dd0a3b65-d36c-4f93-b232-3c8e6f6667b6:c403]
2019-09-18 13:03:57,681 [grpc-default-executor-0] INFO  client.GrpcClientProtocolClient (GrpcClientProtocolClient.java:onNext(264)) - client-DF3A7F9F7866->dd0a3b65-d36c-4f93-b232-3c8e6f6667b6: receive RaftClientReply:client-DF3A7F9F7866->dd0a3b65-d36c-4f93-b232-3c8e6f6667b6@group-B02456D89C11, cid=272, SUCCESS, logIndex=402, commits[dd0a3b65-d36c-4f93-b232-3c8e6f6667b6:c404]
2019-09-18 13:03:57,712 [grpc-default-executor-1] INFO  client.GrpcClientProtocolClient (GrpcClientProtocolClient.java:onNext(264)) - client-DF3A7F9F7866->dd0a3b65-d36c-4f93-b232-3c8e6f6667b6: receive RaftClientReply:client-DF3A7F9F7866->dd0a3b65-d36c-4f93-b232-3c8e6f6667b6@group-B02456D89C11, cid=273, SUCCESS, logIndex=405, commits[dd0a3b65-d36c-4f93-b232-3c8e6f6667b6:c408]
2019-09-18 13:03:57,713 [grpc-default-executor-1] INFO  client.GrpcClientProtocolClient (GrpcClientProtocolClient.java:onNext(264)) - client-DF3A7F9F7866->dd0a3b65-d36c-4f93-b232-3c8e6f6667b6: receive RaftClientReply:client-DF3A7F9F7866->dd0a3b65-d36c-4f93-b232-3c8e6f6667b6@group-B02456D89C11, cid=274, SUCCESS, logIndex=406, commits[dd0a3b65-d36c-4f93-b232-3c8e6f6667b6:c409]
2019-09-18 13:03:57,714 [grpc-default-executor-1] INFO  client.GrpcClientProtocolClient (GrpcClientProtocolClient.java:onNext(264)) - client-DF3A7F9F7866->dd0a3b65-d36c-4f93-b232-3c8e6f6667b6: receive RaftClientReply:client-DF3A7F9F7866->dd0a3b65-d36c-4f93-b232-3c8e6f6667b6@group-B02456D89C11, cid=275, SUCCESS, logIndex=407, commits[dd0a3b65-d36c-4f93-b232-3c8e6f6667b6:c409]
2019-09-18 13:03:57,714 [grpc-default-executor-1] INFO  client.GrpcClientProtocolClient (GrpcClientProtocolClient.java:onNext(264)) - client-DF3A7F9F7866->dd0a3b65-d36c-4f93-b232-3c8e6f6667b6: receive RaftClientReply:client-DF3A7F9F7866->dd0a3b65-d36c-4f93-b232-3c8e6f6667b6@group-B02456D89C11, cid=276, SUCCESS, logIndex=408, commits[dd0a3b65-d36c-4f93-b232-3c8e6f6667b6:c410]
2019-09-18 13:03:57,735 [grpc-default-executor-0] INFO  client.GrpcClientProtocolClient (GrpcClientProtocolClient.java:onNext(264)) - client-DF3A7F9F7866->dd0a3b65-d36c-4f93-b232-3c8e6f6667b6: receive RaftClientReply:client-DF3A7F9F7866->dd0a3b65-d36c-4f93-b232-3c8e6f6667b6@group-B02456D89C11, cid=277, SUCCESS, logIndex=411, commits[dd0a3b65-d36c-4f93-b232-3c8e6f6667b6:c412]
2019-09-18 13:03:57,736 [grpc-default-executor-0] INFO  client.GrpcClientProtocolClient (GrpcClientProtocolClient.java:onNext(264)) - client-DF3A7F9F7866->dd0a3b65-d36c-4f93-b232-3c8e6f6667b6: receive RaftClientReply:client-DF3A7F9F7866->dd0a3b65-d36c-4f93-b232-3c8e6f6667b6@group-B02456D89C11, cid=278, SUCCESS, logIndex=412, commits[dd0a3b65-d36c-4f93-b232-3c8e6f6667b6:c414]
2019-09-18 13:03:57,737 [grpc-default-executor-0] INFO  client.GrpcClientProtocolClient (GrpcClientProtocolClient.java:onNext(264)) - client-DF3A7F9F7866->dd0a3b65-d36c-4f93-b232-3c8e6f6667b6: receive RaftClientReply:client-DF3A7F9F7866->dd0a3b65-d36c-4f93-b232-3c8e6f6667b6@group-B02456D89C11, cid=279, SUCCESS, logIndex=413, commits[dd0a3b65-d36c-4f93-b232-3c8e6f6667b6:c415]
2019-09-18 13:03:57,737 [grpc-default-executor-0] INFO  client.GrpcClientProtocolClient (GrpcClientProtocolClient.java:onNext(264)) - client-DF3A7F9F7866->dd0a3b65-d36c-4f93-b232-3c8e6f6667b6: receive RaftClientReply:client-DF3A7F9F7866->dd0a3b65-d36c-4f93-b232-3c8e6f6667b6@group-B02456D89C11, cid=280, SUCCESS, logIndex=414, commits[dd0a3b65-d36c-4f93-b232-3c8e6f6667b6:c415]
2019-09-18 13:03:57,765 [SCMBlockDeletingService#0] DEBUG block.SCMBlockDeletingService (SCMBlockDeletingService.java:call(138)) - Running DeletedBlockTransactionScanner
2019-09-18 13:03:57,765 [SCMBlockDeletingService#0] DEBUG block.SCMBlockDeletingService (SCMBlockDeletingService.java:call(155)) - Scanned deleted blocks log and got 0 delTX to process.
2019-09-18 13:03:57,765 [grpc-default-executor-0] INFO  client.GrpcClientProtocolClient (GrpcClientProtocolClient.java:onNext(264)) - client-DF3A7F9F7866->dd0a3b65-d36c-4f93-b232-3c8e6f6667b6: receive RaftClientReply:client-DF3A7F9F7866->dd0a3b65-d36c-4f93-b232-3c8e6f6667b6@group-B02456D89C11, cid=281, SUCCESS, logIndex=417, commits[dd0a3b65-d36c-4f93-b232-3c8e6f6667b6:c418]
2019-09-18 13:03:57,766 [grpc-default-executor-0] INFO  client.GrpcClientProtocolClient (GrpcClientProtocolClient.java:onNext(264)) - client-DF3A7F9F7866->dd0a3b65-d36c-4f93-b232-3c8e6f6667b6: receive RaftClientReply:client-DF3A7F9F7866->dd0a3b65-d36c-4f93-b232-3c8e6f6667b6@group-B02456D89C11, cid=282, SUCCESS, logIndex=418, commits[dd0a3b65-d36c-4f93-b232-3c8e6f6667b6:c421]
2019-09-18 13:03:57,767 [grpc-default-executor-0] INFO  client.GrpcClientProtocolClient (GrpcClientProtocolClient.java:onNext(264)) - client-DF3A7F9F7866->dd0a3b65-d36c-4f93-b232-3c8e6f6667b6: receive RaftClientReply:client-DF3A7F9F7866->dd0a3b65-d36c-4f93-b232-3c8e6f6667b6@group-B02456D89C11, cid=283, SUCCESS, logIndex=419, commits[dd0a3b65-d36c-4f93-b232-3c8e6f6667b6:c421]
2019-09-18 13:03:57,768 [grpc-default-executor-0] INFO  client.GrpcClientProtocolClient (GrpcClientProtocolClient.java:onNext(264)) - client-DF3A7F9F7866->dd0a3b65-d36c-4f93-b232-3c8e6f6667b6: receive RaftClientReply:client-DF3A7F9F7866->dd0a3b65-d36c-4f93-b232-3c8e6f6667b6@group-B02456D89C11, cid=284, SUCCESS, logIndex=420, commits[dd0a3b65-d36c-4f93-b232-3c8e6f6667b6:c422]
2019-09-18 13:03:57,788 [grpc-default-executor-0] INFO  client.GrpcClientProtocolClient (GrpcClientProtocolClient.java:onNext(264)) - client-DF3A7F9F7866->dd0a3b65-d36c-4f93-b232-3c8e6f6667b6: receive RaftClientReply:client-DF3A7F9F7866->dd0a3b65-d36c-4f93-b232-3c8e6f6667b6@group-B02456D89C11, cid=285, SUCCESS, logIndex=423, commits[dd0a3b65-d36c-4f93-b232-3c8e6f6667b6:c424]
2019-09-18 13:03:57,789 [grpc-default-executor-0] INFO  client.GrpcClientProtocolClient (GrpcClientProtocolClient.java:onNext(264)) - client-DF3A7F9F7866->dd0a3b65-d36c-4f93-b232-3c8e6f6667b6: receive RaftClientReply:client-DF3A7F9F7866->dd0a3b65-d36c-4f93-b232-3c8e6f6667b6@group-B02456D89C11, cid=286, SUCCESS, logIndex=424, commits[dd0a3b65-d36c-4f93-b232-3c8e6f6667b6:c426]
2019-09-18 13:03:57,789 [grpc-default-executor-0] INFO  client.GrpcClientProtocolClient (GrpcClientProtocolClient.java:onNext(264)) - client-DF3A7F9F7866->dd0a3b65-d36c-4f93-b232-3c8e6f6667b6: receive RaftClientReply:client-DF3A7F9F7866->dd0a3b65-d36c-4f93-b232-3c8e6f6667b6@group-B02456D89C11, cid=287, SUCCESS, logIndex=425, commits[dd0a3b65-d36c-4f93-b232-3c8e6f6667b6:c427]
2019-09-18 13:03:57,790 [grpc-default-executor-0] INFO  client.GrpcClientProtocolClient (GrpcClientProtocolClient.java:onNext(264)) - client-DF3A7F9F7866->dd0a3b65-d36c-4f93-b232-3c8e6f6667b6: receive RaftClientReply:client-DF3A7F9F7866->dd0a3b65-d36c-4f93-b232-3c8e6f6667b6@group-B02456D89C11, cid=288, SUCCESS, logIndex=426, commits[dd0a3b65-d36c-4f93-b232-3c8e6f6667b6:c427]
2019-09-18 13:03:57,817 [grpc-default-executor-0] INFO  client.GrpcClientProtocolClient (GrpcClientProtocolClient.java:onNext(264)) - client-DF3A7F9F7866->dd0a3b65-d36c-4f93-b232-3c8e6f6667b6: receive RaftClientReply:client-DF3A7F9F7866->dd0a3b65-d36c-4f93-b232-3c8e6f6667b6@group-B02456D89C11, cid=289, SUCCESS, logIndex=429, commits[dd0a3b65-d36c-4f93-b232-3c8e6f6667b6:c430]
2019-09-18 13:03:57,817 [grpc-default-executor-0] INFO  client.GrpcClientProtocolClient (GrpcClientProtocolClient.java:onNext(264)) - client-DF3A7F9F7866->dd0a3b65-d36c-4f93-b232-3c8e6f6667b6: receive RaftClientReply:client-DF3A7F9F7866->dd0a3b65-d36c-4f93-b232-3c8e6f6667b6@group-B02456D89C11, cid=290, SUCCESS, logIndex=430, commits[dd0a3b65-d36c-4f93-b232-3c8e6f6667b6:c432]
2019-09-18 13:03:57,818 [grpc-default-executor-0] INFO  client.GrpcClientProtocolClient (GrpcClientProtocolClient.java:onNext(264)) - client-DF3A7F9F7866->dd0a3b65-d36c-4f93-b232-3c8e6f6667b6: receive RaftClientReply:client-DF3A7F9F7866->dd0a3b65-d36c-4f93-b232-3c8e6f6667b6@group-B02456D89C11, cid=291, SUCCESS, logIndex=431, commits[dd0a3b65-d36c-4f93-b232-3c8e6f6667b6:c433]
2019-09-18 13:03:57,818 [grpc-default-executor-0] INFO  client.GrpcClientProtocolClient (GrpcClientProtocolClient.java:onNext(264)) - client-DF3A7F9F7866->dd0a3b65-d36c-4f93-b232-3c8e6f6667b6: receive RaftClientReply:client-DF3A7F9F7866->dd0a3b65-d36c-4f93-b232-3c8e6f6667b6@group-B02456D89C11, cid=292, SUCCESS, logIndex=432, commits[dd0a3b65-d36c-4f93-b232-3c8e6f6667b6:c434]
2019-09-18 13:03:57,839 [grpc-default-executor-1] INFO  client.GrpcClientProtocolClient (GrpcClientProtocolClient.java:onNext(264)) - client-DF3A7F9F7866->dd0a3b65-d36c-4f93-b232-3c8e6f6667b6: receive RaftClientReply:client-DF3A7F9F7866->dd0a3b65-d36c-4f93-b232-3c8e6f6667b6@group-B02456D89C11, cid=293, SUCCESS, logIndex=435, commits[dd0a3b65-d36c-4f93-b232-3c8e6f6667b6:c436]
2019-09-18 13:03:57,839 [grpc-default-executor-1] INFO  client.GrpcClientProtocolClient (GrpcClientProtocolClient.java:onNext(264)) - client-DF3A7F9F7866->dd0a3b65-d36c-4f93-b232-3c8e6f6667b6: receive RaftClientReply:client-DF3A7F9F7866->dd0a3b65-d36c-4f93-b232-3c8e6f6667b6@group-B02456D89C11, cid=294, SUCCESS, logIndex=436, commits[dd0a3b65-d36c-4f93-b232-3c8e6f6667b6:c438]
2019-09-18 13:03:57,840 [grpc-default-executor-1] INFO  client.GrpcClientProtocolClient (GrpcClientProtocolClient.java:onNext(264)) - client-DF3A7F9F7866->dd0a3b65-d36c-4f93-b232-3c8e6f6667b6: receive RaftClientReply:client-DF3A7F9F7866->dd0a3b65-d36c-4f93-b232-3c8e6f6667b6@group-B02456D89C11, cid=295, SUCCESS, logIndex=437, commits[dd0a3b65-d36c-4f93-b232-3c8e6f6667b6:c438]
2019-09-18 13:03:57,840 [grpc-default-executor-1] INFO  client.GrpcClientProtocolClient (GrpcClientProtocolClient.java:onNext(264)) - client-DF3A7F9F7866->dd0a3b65-d36c-4f93-b232-3c8e6f6667b6: receive RaftClientReply:client-DF3A7F9F7866->dd0a3b65-d36c-4f93-b232-3c8e6f6667b6@group-B02456D89C11, cid=296, SUCCESS, logIndex=438, commits[dd0a3b65-d36c-4f93-b232-3c8e6f6667b6:c439]
2019-09-18 13:03:57,865 [SCMBlockDeletingService#0] DEBUG block.SCMBlockDeletingService (SCMBlockDeletingService.java:call(138)) - Running DeletedBlockTransactionScanner
2019-09-18 13:03:57,866 [SCMBlockDeletingService#0] DEBUG block.SCMBlockDeletingService (SCMBlockDeletingService.java:call(155)) - Scanned deleted blocks log and got 0 delTX to process.
2019-09-18 13:03:57,868 [grpc-default-executor-1] INFO  client.GrpcClientProtocolClient (GrpcClientProtocolClient.java:onNext(264)) - client-DF3A7F9F7866->dd0a3b65-d36c-4f93-b232-3c8e6f6667b6: receive RaftClientReply:client-DF3A7F9F7866->dd0a3b65-d36c-4f93-b232-3c8e6f6667b6@group-B02456D89C11, cid=297, SUCCESS, logIndex=441, commits[dd0a3b65-d36c-4f93-b232-3c8e6f6667b6:c442]
2019-09-18 13:03:57,869 [grpc-default-executor-1] INFO  client.GrpcClientProtocolClient (GrpcClientProtocolClient.java:onNext(264)) - client-DF3A7F9F7866->dd0a3b65-d36c-4f93-b232-3c8e6f6667b6: receive RaftClientReply:client-DF3A7F9F7866->dd0a3b65-d36c-4f93-b232-3c8e6f6667b6@group-B02456D89C11, cid=298, SUCCESS, logIndex=442, commits[dd0a3b65-d36c-4f93-b232-3c8e6f6667b6:c444]
2019-09-18 13:03:57,869 [grpc-default-executor-1] INFO  client.GrpcClientProtocolClient (GrpcClientProtocolClient.java:onNext(264)) - client-DF3A7F9F7866->dd0a3b65-d36c-4f93-b232-3c8e6f6667b6: receive RaftClientReply:client-DF3A7F9F7866->dd0a3b65-d36c-4f93-b232-3c8e6f6667b6@group-B02456D89C11, cid=299, SUCCESS, logIndex=443, commits[dd0a3b65-d36c-4f93-b232-3c8e6f6667b6:c445]
2019-09-18 13:03:57,870 [grpc-default-executor-1] INFO  client.GrpcClientProtocolClient (GrpcClientProtocolClient.java:onNext(264)) - client-DF3A7F9F7866->dd0a3b65-d36c-4f93-b232-3c8e6f6667b6: receive RaftClientReply:client-DF3A7F9F7866->dd0a3b65-d36c-4f93-b232-3c8e6f6667b6@group-B02456D89C11, cid=300, SUCCESS, logIndex=444, commits[dd0a3b65-d36c-4f93-b232-3c8e6f6667b6:c445]
2019-09-18 13:03:57,891 [grpc-default-executor-0] INFO  client.GrpcClientProtocolClient (GrpcClientProtocolClient.java:onNext(264)) - client-DF3A7F9F7866->dd0a3b65-d36c-4f93-b232-3c8e6f6667b6: receive RaftClientReply:client-DF3A7F9F7866->dd0a3b65-d36c-4f93-b232-3c8e6f6667b6@group-B02456D89C11, cid=301, SUCCESS, logIndex=447, commits[dd0a3b65-d36c-4f93-b232-3c8e6f6667b6:c448]
2019-09-18 13:03:57,892 [grpc-default-executor-0] INFO  client.GrpcClientProtocolClient (GrpcClientProtocolClient.java:onNext(264)) - client-DF3A7F9F7866->dd0a3b65-d36c-4f93-b232-3c8e6f6667b6: receive RaftClientReply:client-DF3A7F9F7866->dd0a3b65-d36c-4f93-b232-3c8e6f6667b6@group-B02456D89C11, cid=302, SUCCESS, logIndex=448, commits[dd0a3b65-d36c-4f93-b232-3c8e6f6667b6:c450]
2019-09-18 13:03:57,892 [grpc-default-executor-0] INFO  client.GrpcClientProtocolClient (GrpcClientProtocolClient.java:onNext(264)) - client-DF3A7F9F7866->dd0a3b65-d36c-4f93-b232-3c8e6f6667b6: receive RaftClientReply:client-DF3A7F9F7866->dd0a3b65-d36c-4f93-b232-3c8e6f6667b6@group-B02456D89C11, cid=303, SUCCESS, logIndex=449, commits[dd0a3b65-d36c-4f93-b232-3c8e6f6667b6:c451]
2019-09-18 13:03:57,893 [grpc-default-executor-0] INFO  client.GrpcClientProtocolClient (GrpcClientProtocolClient.java:onNext(264)) - client-DF3A7F9F7866->dd0a3b65-d36c-4f93-b232-3c8e6f6667b6: receive RaftClientReply:client-DF3A7F9F7866->dd0a3b65-d36c-4f93-b232-3c8e6f6667b6@group-B02456D89C11, cid=304, SUCCESS, logIndex=450, commits[dd0a3b65-d36c-4f93-b232-3c8e6f6667b6:c452]
2019-09-18 13:03:57,928 [grpc-default-executor-1] INFO  client.GrpcClientProtocolClient (GrpcClientProtocolClient.java:onNext(264)) - client-DF3A7F9F7866->dd0a3b65-d36c-4f93-b232-3c8e6f6667b6: receive RaftClientReply:client-DF3A7F9F7866->dd0a3b65-d36c-4f93-b232-3c8e6f6667b6@group-B02456D89C11, cid=305, SUCCESS, logIndex=453, commits[dd0a3b65-d36c-4f93-b232-3c8e6f6667b6:c454]
2019-09-18 13:03:57,929 [grpc-default-executor-1] INFO  client.GrpcClientProtocolClient (GrpcClientProtocolClient.java:onNext(264)) - client-DF3A7F9F7866->dd0a3b65-d36c-4f93-b232-3c8e6f6667b6: receive RaftClientReply:client-DF3A7F9F7866->dd0a3b65-d36c-4f93-b232-3c8e6f6667b6@group-B02456D89C11, cid=306, SUCCESS, logIndex=454, commits[dd0a3b65-d36c-4f93-b232-3c8e6f6667b6:c456]
2019-09-18 13:03:57,929 [grpc-default-executor-1] INFO  client.GrpcClientProtocolClient (GrpcClientProtocolClient.java:onNext(264)) - client-DF3A7F9F7866->dd0a3b65-d36c-4f93-b232-3c8e6f6667b6: receive RaftClientReply:client-DF3A7F9F7866->dd0a3b65-d36c-4f93-b232-3c8e6f6667b6@group-B02456D89C11, cid=307, SUCCESS, logIndex=455, commits[dd0a3b65-d36c-4f93-b232-3c8e6f6667b6:c457]
2019-09-18 13:03:57,930 [grpc-default-executor-1] INFO  client.GrpcClientProtocolClient (GrpcClientProtocolClient.java:onNext(264)) - client-DF3A7F9F7866->dd0a3b65-d36c-4f93-b232-3c8e6f6667b6: receive RaftClientReply:client-DF3A7F9F7866->dd0a3b65-d36c-4f93-b232-3c8e6f6667b6@group-B02456D89C11, cid=308, SUCCESS, logIndex=456, commits[dd0a3b65-d36c-4f93-b232-3c8e6f6667b6:c458]
2019-09-18 13:03:57,966 [SCMBlockDeletingService#0] DEBUG block.SCMBlockDeletingService (SCMBlockDeletingService.java:call(138)) - Running DeletedBlockTransactionScanner
2019-09-18 13:03:57,966 [SCMBlockDeletingService#0] DEBUG block.SCMBlockDeletingService (SCMBlockDeletingService.java:call(155)) - Scanned deleted blocks log and got 0 delTX to process.
2019-09-18 13:03:58,042 [grpc-default-executor-1] INFO  client.GrpcClientProtocolClient (GrpcClientProtocolClient.java:onNext(264)) - client-DF3A7F9F7866->dd0a3b65-d36c-4f93-b232-3c8e6f6667b6: receive RaftClientReply:client-DF3A7F9F7866->dd0a3b65-d36c-4f93-b232-3c8e6f6667b6@group-B02456D89C11, cid=309, SUCCESS, logIndex=459, commits[dd0a3b65-d36c-4f93-b232-3c8e6f6667b6:c460]
2019-09-18 13:03:58,043 [grpc-default-executor-1] INFO  client.GrpcClientProtocolClient (GrpcClientProtocolClient.java:onNext(264)) - client-DF3A7F9F7866->dd0a3b65-d36c-4f93-b232-3c8e6f6667b6: receive RaftClientReply:client-DF3A7F9F7866->dd0a3b65-d36c-4f93-b232-3c8e6f6667b6@group-B02456D89C11, cid=310, SUCCESS, logIndex=460, commits[dd0a3b65-d36c-4f93-b232-3c8e6f6667b6:c463]
2019-09-18 13:03:58,044 [grpc-default-executor-1] INFO  client.GrpcClientProtocolClient (GrpcClientProtocolClient.java:onNext(264)) - client-DF3A7F9F7866->dd0a3b65-d36c-4f93-b232-3c8e6f6667b6: receive RaftClientReply:client-DF3A7F9F7866->dd0a3b65-d36c-4f93-b232-3c8e6f6667b6@group-B02456D89C11, cid=311, SUCCESS, logIndex=461, commits[dd0a3b65-d36c-4f93-b232-3c8e6f6667b6:c464]
2019-09-18 13:03:58,045 [grpc-default-executor-1] INFO  client.GrpcClientProtocolClient (GrpcClientProtocolClient.java:onNext(264)) - client-DF3A7F9F7866->dd0a3b65-d36c-4f93-b232-3c8e6f6667b6: receive RaftClientReply:client-DF3A7F9F7866->dd0a3b65-d36c-4f93-b232-3c8e6f6667b6@group-B02456D89C11, cid=312, SUCCESS, logIndex=462, commits[dd0a3b65-d36c-4f93-b232-3c8e6f6667b6:c464]
2019-09-18 13:03:58,067 [SCMBlockDeletingService#0] DEBUG block.SCMBlockDeletingService (SCMBlockDeletingService.java:call(138)) - Running DeletedBlockTransactionScanner
2019-09-18 13:03:58,067 [SCMBlockDeletingService#0] DEBUG block.SCMBlockDeletingService (SCMBlockDeletingService.java:call(155)) - Scanned deleted blocks log and got 0 delTX to process.
2019-09-18 13:03:58,074 [grpc-default-executor-0] INFO  client.GrpcClientProtocolClient (GrpcClientProtocolClient.java:onNext(264)) - client-DF3A7F9F7866->dd0a3b65-d36c-4f93-b232-3c8e6f6667b6: receive RaftClientReply:client-DF3A7F9F7866->dd0a3b65-d36c-4f93-b232-3c8e6f6667b6@group-B02456D89C11, cid=313, SUCCESS, logIndex=465, commits[dd0a3b65-d36c-4f93-b232-3c8e6f6667b6:c468]
2019-09-18 13:03:58,075 [grpc-default-executor-0] INFO  client.GrpcClientProtocolClient (GrpcClientProtocolClient.java:onNext(264)) - client-DF3A7F9F7866->dd0a3b65-d36c-4f93-b232-3c8e6f6667b6: receive RaftClientReply:client-DF3A7F9F7866->dd0a3b65-d36c-4f93-b232-3c8e6f6667b6@group-B02456D89C11, cid=314, SUCCESS, logIndex=466, commits[dd0a3b65-d36c-4f93-b232-3c8e6f6667b6:c468]
2019-09-18 13:03:58,075 [grpc-default-executor-0] INFO  client.GrpcClientProtocolClient (GrpcClientProtocolClient.java:onNext(264)) - client-DF3A7F9F7866->dd0a3b65-d36c-4f93-b232-3c8e6f6667b6: receive RaftClientReply:client-DF3A7F9F7866->dd0a3b65-d36c-4f93-b232-3c8e6f6667b6@group-B02456D89C11, cid=315, SUCCESS, logIndex=467, commits[dd0a3b65-d36c-4f93-b232-3c8e6f6667b6:c469]
2019-09-18 13:03:58,076 [grpc-default-executor-0] INFO  client.GrpcClientProtocolClient (GrpcClientProtocolClient.java:onNext(264)) - client-DF3A7F9F7866->dd0a3b65-d36c-4f93-b232-3c8e6f6667b6: receive RaftClientReply:client-DF3A7F9F7866->dd0a3b65-d36c-4f93-b232-3c8e6f6667b6@group-B02456D89C11, cid=316, SUCCESS, logIndex=468, commits[dd0a3b65-d36c-4f93-b232-3c8e6f6667b6:c470]
2019-09-18 13:03:58,097 [grpc-default-executor-0] INFO  client.GrpcClientProtocolClient (GrpcClientProtocolClient.java:onNext(264)) - client-DF3A7F9F7866->dd0a3b65-d36c-4f93-b232-3c8e6f6667b6: receive RaftClientReply:client-DF3A7F9F7866->dd0a3b65-d36c-4f93-b232-3c8e6f6667b6@group-B02456D89C11, cid=317, SUCCESS, logIndex=471, commits[dd0a3b65-d36c-4f93-b232-3c8e6f6667b6:c472]
2019-09-18 13:03:58,098 [grpc-default-executor-0] INFO  client.GrpcClientProtocolClient (GrpcClientProtocolClient.java:onNext(264)) - client-DF3A7F9F7866->dd0a3b65-d36c-4f93-b232-3c8e6f6667b6: receive RaftClientReply:client-DF3A7F9F7866->dd0a3b65-d36c-4f93-b232-3c8e6f6667b6@group-B02456D89C11, cid=318, SUCCESS, logIndex=472, commits[dd0a3b65-d36c-4f93-b232-3c8e6f6667b6:c474]
2019-09-18 13:03:58,098 [grpc-default-executor-0] INFO  client.GrpcClientProtocolClient (GrpcClientProtocolClient.java:onNext(264)) - client-DF3A7F9F7866->dd0a3b65-d36c-4f93-b232-3c8e6f6667b6: receive RaftClientReply:client-DF3A7F9F7866->dd0a3b65-d36c-4f93-b232-3c8e6f6667b6@group-B02456D89C11, cid=319, SUCCESS, logIndex=473, commits[dd0a3b65-d36c-4f93-b232-3c8e6f6667b6:c476]
2019-09-18 13:03:58,099 [grpc-default-executor-0] INFO  client.GrpcClientProtocolClient (GrpcClientProtocolClient.java:onNext(264)) - client-DF3A7F9F7866->dd0a3b65-d36c-4f93-b232-3c8e6f6667b6: receive RaftClientReply:client-DF3A7F9F7866->dd0a3b65-d36c-4f93-b232-3c8e6f6667b6@group-B02456D89C11, cid=320, SUCCESS, logIndex=474, commits[dd0a3b65-d36c-4f93-b232-3c8e6f6667b6:c476]
2019-09-18 13:03:58,129 [grpc-default-executor-1] INFO  client.GrpcClientProtocolClient (GrpcClientProtocolClient.java:onNext(264)) - client-DF3A7F9F7866->dd0a3b65-d36c-4f93-b232-3c8e6f6667b6: receive RaftClientReply:client-DF3A7F9F7866->dd0a3b65-d36c-4f93-b232-3c8e6f6667b6@group-B02456D89C11, cid=321, SUCCESS, logIndex=477, commits[dd0a3b65-d36c-4f93-b232-3c8e6f6667b6:c480]
2019-09-18 13:03:58,130 [grpc-default-executor-1] INFO  client.GrpcClientProtocolClient (GrpcClientProtocolClient.java:onNext(264)) - client-DF3A7F9F7866->dd0a3b65-d36c-4f93-b232-3c8e6f6667b6: receive RaftClientReply:client-DF3A7F9F7866->dd0a3b65-d36c-4f93-b232-3c8e6f6667b6@group-B02456D89C11, cid=322, SUCCESS, logIndex=478, commits[dd0a3b65-d36c-4f93-b232-3c8e6f6667b6:c481]
2019-09-18 13:03:58,130 [grpc-default-executor-1] INFO  client.GrpcClientProtocolClient (GrpcClientProtocolClient.java:onNext(264)) - client-DF3A7F9F7866->dd0a3b65-d36c-4f93-b232-3c8e6f6667b6: receive RaftClientReply:client-DF3A7F9F7866->dd0a3b65-d36c-4f93-b232-3c8e6f6667b6@group-B02456D89C11, cid=323, SUCCESS, logIndex=479, commits[dd0a3b65-d36c-4f93-b232-3c8e6f6667b6:c482]
2019-09-18 13:03:58,131 [grpc-default-executor-1] INFO  client.GrpcClientProtocolClient (GrpcClientProtocolClient.java:onNext(264)) - client-DF3A7F9F7866->dd0a3b65-d36c-4f93-b232-3c8e6f6667b6: receive RaftClientReply:client-DF3A7F9F7866->dd0a3b65-d36c-4f93-b232-3c8e6f6667b6@group-B02456D89C11, cid=324, SUCCESS, logIndex=480, commits[dd0a3b65-d36c-4f93-b232-3c8e6f6667b6:c482]
2019-09-18 13:03:58,150 [grpc-default-executor-0] INFO  client.GrpcClientProtocolClient (GrpcClientProtocolClient.java:onNext(264)) - client-DF3A7F9F7866->dd0a3b65-d36c-4f93-b232-3c8e6f6667b6: receive RaftClientReply:client-DF3A7F9F7866->dd0a3b65-d36c-4f93-b232-3c8e6f6667b6@group-B02456D89C11, cid=325, SUCCESS, logIndex=483, commits[dd0a3b65-d36c-4f93-b232-3c8e6f6667b6:c484]
2019-09-18 13:03:58,151 [grpc-default-executor-0] INFO  client.GrpcClientProtocolClient (GrpcClientProtocolClient.java:onNext(264)) - client-DF3A7F9F7866->dd0a3b65-d36c-4f93-b232-3c8e6f6667b6: receive RaftClientReply:client-DF3A7F9F7866->dd0a3b65-d36c-4f93-b232-3c8e6f6667b6@group-B02456D89C11, cid=326, SUCCESS, logIndex=484, commits[dd0a3b65-d36c-4f93-b232-3c8e6f6667b6:c486]
2019-09-18 13:03:58,151 [grpc-default-executor-0] INFO  client.GrpcClientProtocolClient (GrpcClientProtocolClient.java:onNext(264)) - client-DF3A7F9F7866->dd0a3b65-d36c-4f93-b232-3c8e6f6667b6: receive RaftClientReply:client-DF3A7F9F7866->dd0a3b65-d36c-4f93-b232-3c8e6f6667b6@group-B02456D89C11, cid=327, SUCCESS, logIndex=485, commits[dd0a3b65-d36c-4f93-b232-3c8e6f6667b6:c487]
2019-09-18 13:03:58,152 [grpc-default-executor-0] INFO  client.GrpcClientProtocolClient (GrpcClientProtocolClient.java:onNext(264)) - client-DF3A7F9F7866->dd0a3b65-d36c-4f93-b232-3c8e6f6667b6: receive RaftClientReply:client-DF3A7F9F7866->dd0a3b65-d36c-4f93-b232-3c8e6f6667b6@group-B02456D89C11, cid=328, SUCCESS, logIndex=486, commits[dd0a3b65-d36c-4f93-b232-3c8e6f6667b6:c488]
2019-09-18 13:03:58,168 [SCMBlockDeletingService#0] DEBUG block.SCMBlockDeletingService (SCMBlockDeletingService.java:call(138)) - Running DeletedBlockTransactionScanner
2019-09-18 13:03:58,168 [SCMBlockDeletingService#0] DEBUG block.SCMBlockDeletingService (SCMBlockDeletingService.java:call(155)) - Scanned deleted blocks log and got 0 delTX to process.
2019-09-18 13:03:58,179 [grpc-default-executor-0] INFO  client.GrpcClientProtocolClient (GrpcClientProtocolClient.java:onNext(264)) - client-DF3A7F9F7866->dd0a3b65-d36c-4f93-b232-3c8e6f6667b6: receive RaftClientReply:client-DF3A7F9F7866->dd0a3b65-d36c-4f93-b232-3c8e6f6667b6@group-B02456D89C11, cid=329, SUCCESS, logIndex=489, commits[dd0a3b65-d36c-4f93-b232-3c8e6f6667b6:c490]
2019-09-18 13:03:58,180 [grpc-default-executor-0] INFO  client.GrpcClientProtocolClient (GrpcClientProtocolClient.java:onNext(264)) - client-DF3A7F9F7866->dd0a3b65-d36c-4f93-b232-3c8e6f6667b6: receive RaftClientReply:client-DF3A7F9F7866->dd0a3b65-d36c-4f93-b232-3c8e6f6667b6@group-B02456D89C11, cid=330, SUCCESS, logIndex=490, commits[dd0a3b65-d36c-4f93-b232-3c8e6f6667b6:c492]
2019-09-18 13:03:58,180 [grpc-default-executor-0] INFO  client.GrpcClientProtocolClient (GrpcClientProtocolClient.java:onNext(264)) - client-DF3A7F9F7866->dd0a3b65-d36c-4f93-b232-3c8e6f6667b6: receive RaftClientReply:client-DF3A7F9F7866->dd0a3b65-d36c-4f93-b232-3c8e6f6667b6@group-B02456D89C11, cid=331, SUCCESS, logIndex=491, commits[dd0a3b65-d36c-4f93-b232-3c8e6f6667b6:c493]
2019-09-18 13:03:58,181 [grpc-default-executor-0] INFO  client.GrpcClientProtocolClient (GrpcClientProtocolClient.java:onNext(264)) - client-DF3A7F9F7866->dd0a3b65-d36c-4f93-b232-3c8e6f6667b6: receive RaftClientReply:client-DF3A7F9F7866->dd0a3b65-d36c-4f93-b232-3c8e6f6667b6@group-B02456D89C11, cid=332, SUCCESS, logIndex=492, commits[dd0a3b65-d36c-4f93-b232-3c8e6f6667b6:c493]
2019-09-18 13:03:58,196 [grpc-default-executor-1] INFO  client.GrpcClientProtocolClient (GrpcClientProtocolClient.java:onNext(264)) - client-DF3A7F9F7866->dd0a3b65-d36c-4f93-b232-3c8e6f6667b6: receive RaftClientReply:client-DF3A7F9F7866->dd0a3b65-d36c-4f93-b232-3c8e6f6667b6@group-B02456D89C11, cid=333, SUCCESS, logIndex=495, commits[dd0a3b65-d36c-4f93-b232-3c8e6f6667b6:c496]
2019-09-18 13:03:58,197 [grpc-default-executor-1] INFO  client.GrpcClientProtocolClient (GrpcClientProtocolClient.java:onNext(264)) - client-DF3A7F9F7866->dd0a3b65-d36c-4f93-b232-3c8e6f6667b6: receive RaftClientReply:client-DF3A7F9F7866->dd0a3b65-d36c-4f93-b232-3c8e6f6667b6@group-B02456D89C11, cid=334, SUCCESS, logIndex=496, commits[dd0a3b65-d36c-4f93-b232-3c8e6f6667b6:c496]
2019-09-18 13:03:58,197 [grpc-default-executor-1] INFO  client.GrpcClientProtocolClient (GrpcClientProtocolClient.java:onNext(264)) - client-DF3A7F9F7866->dd0a3b65-d36c-4f93-b232-3c8e6f6667b6: receive RaftClientReply:client-DF3A7F9F7866->dd0a3b65-d36c-4f93-b232-3c8e6f6667b6@group-B02456D89C11, cid=335, SUCCESS, logIndex=497, commits[dd0a3b65-d36c-4f93-b232-3c8e6f6667b6:c498]
2019-09-18 13:03:58,198 [grpc-default-executor-1] INFO  client.GrpcClientProtocolClient (GrpcClientProtocolClient.java:onNext(264)) - client-DF3A7F9F7866->dd0a3b65-d36c-4f93-b232-3c8e6f6667b6: receive RaftClientReply:client-DF3A7F9F7866->dd0a3b65-d36c-4f93-b232-3c8e6f6667b6@group-B02456D89C11, cid=336, SUCCESS, logIndex=498, commits[dd0a3b65-d36c-4f93-b232-3c8e6f6667b6:c499]
2019-09-18 13:03:58,225 [grpc-default-executor-0] INFO  client.GrpcClientProtocolClient (GrpcClientProtocolClient.java:onNext(264)) - client-DF3A7F9F7866->dd0a3b65-d36c-4f93-b232-3c8e6f6667b6: receive RaftClientReply:client-DF3A7F9F7866->dd0a3b65-d36c-4f93-b232-3c8e6f6667b6@group-B02456D89C11, cid=337, SUCCESS, logIndex=501, commits[dd0a3b65-d36c-4f93-b232-3c8e6f6667b6:c504]
2019-09-18 13:03:58,225 [grpc-default-executor-0] INFO  client.GrpcClientProtocolClient (GrpcClientProtocolClient.java:onNext(264)) - client-DF3A7F9F7866->dd0a3b65-d36c-4f93-b232-3c8e6f6667b6: receive RaftClientReply:client-DF3A7F9F7866->dd0a3b65-d36c-4f93-b232-3c8e6f6667b6@group-B02456D89C11, cid=338, SUCCESS, logIndex=502, commits[dd0a3b65-d36c-4f93-b232-3c8e6f6667b6:c505]
2019-09-18 13:03:58,226 [grpc-default-executor-0] INFO  client.GrpcClientProtocolClient (GrpcClientProtocolClient.java:onNext(264)) - client-DF3A7F9F7866->dd0a3b65-d36c-4f93-b232-3c8e6f6667b6: receive RaftClientReply:client-DF3A7F9F7866->dd0a3b65-d36c-4f93-b232-3c8e6f6667b6@group-B02456D89C11, cid=339, SUCCESS, logIndex=503, commits[dd0a3b65-d36c-4f93-b232-3c8e6f6667b6:c505]
2019-09-18 13:03:58,226 [grpc-default-executor-0] INFO  client.GrpcClientProtocolClient (GrpcClientProtocolClient.java:onNext(264)) - client-DF3A7F9F7866->dd0a3b65-d36c-4f93-b232-3c8e6f6667b6: receive RaftClientReply:client-DF3A7F9F7866->dd0a3b65-d36c-4f93-b232-3c8e6f6667b6@group-B02456D89C11, cid=340, SUCCESS, logIndex=504, commits[dd0a3b65-d36c-4f93-b232-3c8e6f6667b6:c506]
2019-09-18 13:03:58,248 [grpc-default-executor-0] INFO  client.GrpcClientProtocolClient (GrpcClientProtocolClient.java:onNext(264)) - client-DF3A7F9F7866->dd0a3b65-d36c-4f93-b232-3c8e6f6667b6: receive RaftClientReply:client-DF3A7F9F7866->dd0a3b65-d36c-4f93-b232-3c8e6f6667b6@group-B02456D89C11, cid=341, SUCCESS, logIndex=507, commits[dd0a3b65-d36c-4f93-b232-3c8e6f6667b6:c510]
2019-09-18 13:03:58,249 [grpc-default-executor-0] INFO  client.GrpcClientProtocolClient (GrpcClientProtocolClient.java:onNext(264)) - client-DF3A7F9F7866->dd0a3b65-d36c-4f93-b232-3c8e6f6667b6: receive RaftClientReply:client-DF3A7F9F7866->dd0a3b65-d36c-4f93-b232-3c8e6f6667b6@group-B02456D89C11, cid=342, SUCCESS, logIndex=508, commits[dd0a3b65-d36c-4f93-b232-3c8e6f6667b6:c512]
2019-09-18 13:03:58,249 [grpc-default-executor-0] INFO  client.GrpcClientProtocolClient (GrpcClientProtocolClient.java:onNext(264)) - client-DF3A7F9F7866->dd0a3b65-d36c-4f93-b232-3c8e6f6667b6: receive RaftClientReply:client-DF3A7F9F7866->dd0a3b65-d36c-4f93-b232-3c8e6f6667b6@group-B02456D89C11, cid=343, SUCCESS, logIndex=509, commits[dd0a3b65-d36c-4f93-b232-3c8e6f6667b6:c512]
2019-09-18 13:03:58,250 [grpc-default-executor-0] INFO  client.GrpcClientProtocolClient (GrpcClientProtocolClient.java:onNext(264)) - client-DF3A7F9F7866->dd0a3b65-d36c-4f93-b232-3c8e6f6667b6: receive RaftClientReply:client-DF3A7F9F7866->dd0a3b65-d36c-4f93-b232-3c8e6f6667b6@group-B02456D89C11, cid=344, SUCCESS, logIndex=510, commits[dd0a3b65-d36c-4f93-b232-3c8e6f6667b6:c512]
2019-09-18 13:03:58,268 [SCMBlockDeletingService#0] DEBUG block.SCMBlockDeletingService (SCMBlockDeletingService.java:call(138)) - Running DeletedBlockTransactionScanner
2019-09-18 13:03:58,268 [SCMBlockDeletingService#0] DEBUG block.SCMBlockDeletingService (SCMBlockDeletingService.java:call(155)) - Scanned deleted blocks log and got 0 delTX to process.
2019-09-18 13:03:58,279 [grpc-default-executor-0] INFO  client.GrpcClientProtocolClient (GrpcClientProtocolClient.java:onNext(264)) - client-DF3A7F9F7866->dd0a3b65-d36c-4f93-b232-3c8e6f6667b6: receive RaftClientReply:client-DF3A7F9F7866->dd0a3b65-d36c-4f93-b232-3c8e6f6667b6@group-B02456D89C11, cid=345, SUCCESS, logIndex=513, commits[dd0a3b65-d36c-4f93-b232-3c8e6f6667b6:c516]
2019-09-18 13:03:58,280 [grpc-default-executor-0] INFO  client.GrpcClientProtocolClient (GrpcClientProtocolClient.java:onNext(264)) - client-DF3A7F9F7866->dd0a3b65-d36c-4f93-b232-3c8e6f6667b6: receive RaftClientReply:client-DF3A7F9F7866->dd0a3b65-d36c-4f93-b232-3c8e6f6667b6@group-B02456D89C11, cid=346, SUCCESS, logIndex=514, commits[dd0a3b65-d36c-4f93-b232-3c8e6f6667b6:c517]
2019-09-18 13:03:58,280 [grpc-default-executor-0] INFO  client.GrpcClientProtocolClient (GrpcClientProtocolClient.java:onNext(264)) - client-DF3A7F9F7866->dd0a3b65-d36c-4f93-b232-3c8e6f6667b6: receive RaftClientReply:client-DF3A7F9F7866->dd0a3b65-d36c-4f93-b232-3c8e6f6667b6@group-B02456D89C11, cid=347, SUCCESS, logIndex=515, commits[dd0a3b65-d36c-4f93-b232-3c8e6f6667b6:c517]
2019-09-18 13:03:58,281 [grpc-default-executor-0] INFO  client.GrpcClientProtocolClient (GrpcClientProtocolClient.java:onNext(264)) - client-DF3A7F9F7866->dd0a3b65-d36c-4f93-b232-3c8e6f6667b6: receive RaftClientReply:client-DF3A7F9F7866->dd0a3b65-d36c-4f93-b232-3c8e6f6667b6@group-B02456D89C11, cid=348, SUCCESS, logIndex=516, commits[dd0a3b65-d36c-4f93-b232-3c8e6f6667b6:c517]
2019-09-18 13:03:58,300 [grpc-default-executor-0] INFO  client.GrpcClientProtocolClient (GrpcClientProtocolClient.java:onNext(264)) - client-DF3A7F9F7866->dd0a3b65-d36c-4f93-b232-3c8e6f6667b6: receive RaftClientReply:client-DF3A7F9F7866->dd0a3b65-d36c-4f93-b232-3c8e6f6667b6@group-B02456D89C11, cid=349, SUCCESS, logIndex=518, commits[dd0a3b65-d36c-4f93-b232-3c8e6f6667b6:c519]
2019-09-18 13:03:58,300 [grpc-default-executor-0] INFO  client.GrpcClientProtocolClient (GrpcClientProtocolClient.java:onNext(264)) - client-DF3A7F9F7866->dd0a3b65-d36c-4f93-b232-3c8e6f6667b6: receive RaftClientReply:client-DF3A7F9F7866->dd0a3b65-d36c-4f93-b232-3c8e6f6667b6@group-B02456D89C11, cid=350, SUCCESS, logIndex=519, commits[dd0a3b65-d36c-4f93-b232-3c8e6f6667b6:c521]
2019-09-18 13:03:58,301 [grpc-default-executor-0] INFO  client.GrpcClientProtocolClient (GrpcClientProtocolClient.java:onNext(264)) - client-DF3A7F9F7866->dd0a3b65-d36c-4f93-b232-3c8e6f6667b6: receive RaftClientReply:client-DF3A7F9F7866->dd0a3b65-d36c-4f93-b232-3c8e6f6667b6@group-B02456D89C11, cid=351, SUCCESS, logIndex=520, commits[dd0a3b65-d36c-4f93-b232-3c8e6f6667b6:c522]
2019-09-18 13:03:58,301 [grpc-default-executor-0] INFO  client.GrpcClientProtocolClient (GrpcClientProtocolClient.java:onNext(264)) - client-DF3A7F9F7866->dd0a3b65-d36c-4f93-b232-3c8e6f6667b6: receive RaftClientReply:client-DF3A7F9F7866->dd0a3b65-d36c-4f93-b232-3c8e6f6667b6@group-B02456D89C11, cid=352, SUCCESS, logIndex=521, commits[dd0a3b65-d36c-4f93-b232-3c8e6f6667b6:c523]
2019-09-18 13:03:58,369 [SCMBlockDeletingService#0] DEBUG block.SCMBlockDeletingService (SCMBlockDeletingService.java:call(138)) - Running DeletedBlockTransactionScanner
2019-09-18 13:03:58,369 [SCMBlockDeletingService#0] DEBUG block.SCMBlockDeletingService (SCMBlockDeletingService.java:call(155)) - Scanned deleted blocks log and got 0 delTX to process.
2019-09-18 13:03:58,423 [grpc-default-executor-0] INFO  client.GrpcClientProtocolClient (GrpcClientProtocolClient.java:onNext(264)) - client-DF3A7F9F7866->dd0a3b65-d36c-4f93-b232-3c8e6f6667b6: receive RaftClientReply:client-DF3A7F9F7866->dd0a3b65-d36c-4f93-b232-3c8e6f6667b6@group-B02456D89C11, cid=353, SUCCESS, logIndex=524, commits[dd0a3b65-d36c-4f93-b232-3c8e6f6667b6:c525]
2019-09-18 13:03:58,423 [grpc-default-executor-0] INFO  client.GrpcClientProtocolClient (GrpcClientProtocolClient.java:onNext(264)) - client-DF3A7F9F7866->dd0a3b65-d36c-4f93-b232-3c8e6f6667b6: receive RaftClientReply:client-DF3A7F9F7866->dd0a3b65-d36c-4f93-b232-3c8e6f6667b6@group-B02456D89C11, cid=354, SUCCESS, logIndex=525, commits[dd0a3b65-d36c-4f93-b232-3c8e6f6667b6:c527]
2019-09-18 13:03:58,424 [grpc-default-executor-0] INFO  client.GrpcClientProtocolClient (GrpcClientProtocolClient.java:onNext(264)) - client-DF3A7F9F7866->dd0a3b65-d36c-4f93-b232-3c8e6f6667b6: receive RaftClientReply:client-DF3A7F9F7866->dd0a3b65-d36c-4f93-b232-3c8e6f6667b6@group-B02456D89C11, cid=355, SUCCESS, logIndex=526, commits[dd0a3b65-d36c-4f93-b232-3c8e6f6667b6:c528]
2019-09-18 13:03:58,424 [grpc-default-executor-0] INFO  client.GrpcClientProtocolClient (GrpcClientProtocolClient.java:onNext(264)) - client-DF3A7F9F7866->dd0a3b65-d36c-4f93-b232-3c8e6f6667b6: receive RaftClientReply:client-DF3A7F9F7866->dd0a3b65-d36c-4f93-b232-3c8e6f6667b6@group-B02456D89C11, cid=356, SUCCESS, logIndex=527, commits[dd0a3b65-d36c-4f93-b232-3c8e6f6667b6:c529]
2019-09-18 13:03:58,445 [grpc-default-executor-0] INFO  client.GrpcClientProtocolClient (GrpcClientProtocolClient.java:onNext(264)) - client-DF3A7F9F7866->dd0a3b65-d36c-4f93-b232-3c8e6f6667b6: receive RaftClientReply:client-DF3A7F9F7866->dd0a3b65-d36c-4f93-b232-3c8e6f6667b6@group-B02456D89C11, cid=357, SUCCESS, logIndex=530, commits[dd0a3b65-d36c-4f93-b232-3c8e6f6667b6:c533]
2019-09-18 13:03:58,446 [grpc-default-executor-0] INFO  client.GrpcClientProtocolClient (GrpcClientProtocolClient.java:onNext(264)) - client-DF3A7F9F7866->dd0a3b65-d36c-4f93-b232-3c8e6f6667b6: receive RaftClientReply:client-DF3A7F9F7866->dd0a3b65-d36c-4f93-b232-3c8e6f6667b6@group-B02456D89C11, cid=358, SUCCESS, logIndex=531, commits[dd0a3b65-d36c-4f93-b232-3c8e6f6667b6:c534]
2019-09-18 13:03:58,446 [grpc-default-executor-0] INFO  client.GrpcClientProtocolClient (GrpcClientProtocolClient.java:onNext(264)) - client-DF3A7F9F7866->dd0a3b65-d36c-4f93-b232-3c8e6f6667b6: receive RaftClientReply:client-DF3A7F9F7866->dd0a3b65-d36c-4f93-b232-3c8e6f6667b6@group-B02456D89C11, cid=359, SUCCESS, logIndex=532, commits[dd0a3b65-d36c-4f93-b232-3c8e6f6667b6:c535]
2019-09-18 13:03:58,447 [grpc-default-executor-0] INFO  client.GrpcClientProtocolClient (GrpcClientProtocolClient.java:onNext(264)) - client-DF3A7F9F7866->dd0a3b65-d36c-4f93-b232-3c8e6f6667b6: receive RaftClientReply:client-DF3A7F9F7866->dd0a3b65-d36c-4f93-b232-3c8e6f6667b6@group-B02456D89C11, cid=360, SUCCESS, logIndex=533, commits[dd0a3b65-d36c-4f93-b232-3c8e6f6667b6:c535]
2019-09-18 13:03:58,469 [SCMBlockDeletingService#0] DEBUG block.SCMBlockDeletingService (SCMBlockDeletingService.java:call(138)) - Running DeletedBlockTransactionScanner
2019-09-18 13:03:58,470 [SCMBlockDeletingService#0] DEBUG block.SCMBlockDeletingService (SCMBlockDeletingService.java:call(155)) - Scanned deleted blocks log and got 0 delTX to process.
2019-09-18 13:03:58,488 [grpc-default-executor-1] INFO  client.GrpcClientProtocolClient (GrpcClientProtocolClient.java:onNext(264)) - client-DF3A7F9F7866->dd0a3b65-d36c-4f93-b232-3c8e6f6667b6: receive RaftClientReply:client-DF3A7F9F7866->dd0a3b65-d36c-4f93-b232-3c8e6f6667b6@group-B02456D89C11, cid=361, SUCCESS, logIndex=536, commits[dd0a3b65-d36c-4f93-b232-3c8e6f6667b6:c539]
2019-09-18 13:03:58,488 [grpc-default-executor-1] INFO  client.GrpcClientProtocolClient (GrpcClientProtocolClient.java:onNext(264)) - client-DF3A7F9F7866->dd0a3b65-d36c-4f93-b232-3c8e6f6667b6: receive RaftClientReply:client-DF3A7F9F7866->dd0a3b65-d36c-4f93-b232-3c8e6f6667b6@group-B02456D89C11, cid=362, SUCCESS, logIndex=537, commits[dd0a3b65-d36c-4f93-b232-3c8e6f6667b6:c539]
2019-09-18 13:03:58,489 [grpc-default-executor-1] INFO  client.GrpcClientProtocolClient (GrpcClientProtocolClient.java:onNext(264)) - client-DF3A7F9F7866->dd0a3b65-d36c-4f93-b232-3c8e6f6667b6: receive RaftClientReply:client-DF3A7F9F7866->dd0a3b65-d36c-4f93-b232-3c8e6f6667b6@group-B02456D89C11, cid=363, SUCCESS, logIndex=538, commits[dd0a3b65-d36c-4f93-b232-3c8e6f6667b6:c541]
2019-09-18 13:03:58,489 [grpc-default-executor-1] INFO  client.GrpcClientProtocolClient (GrpcClientProtocolClient.java:onNext(264)) - client-DF3A7F9F7866->dd0a3b65-d36c-4f93-b232-3c8e6f6667b6: receive RaftClientReply:client-DF3A7F9F7866->dd0a3b65-d36c-4f93-b232-3c8e6f6667b6@group-B02456D89C11, cid=364, SUCCESS, logIndex=539, commits[dd0a3b65-d36c-4f93-b232-3c8e6f6667b6:c541]
2019-09-18 13:03:58,511 [grpc-default-executor-1] INFO  client.GrpcClientProtocolClient (GrpcClientProtocolClient.java:onNext(264)) - client-DF3A7F9F7866->dd0a3b65-d36c-4f93-b232-3c8e6f6667b6: receive RaftClientReply:client-DF3A7F9F7866->dd0a3b65-d36c-4f93-b232-3c8e6f6667b6@group-B02456D89C11, cid=365, SUCCESS, logIndex=542, commits[dd0a3b65-d36c-4f93-b232-3c8e6f6667b6:c543]
2019-09-18 13:03:58,512 [grpc-default-executor-1] INFO  client.GrpcClientProtocolClient (GrpcClientProtocolClient.java:onNext(264)) - client-DF3A7F9F7866->dd0a3b65-d36c-4f93-b232-3c8e6f6667b6: receive RaftClientReply:client-DF3A7F9F7866->dd0a3b65-d36c-4f93-b232-3c8e6f6667b6@group-B02456D89C11, cid=366, SUCCESS, logIndex=543, commits[dd0a3b65-d36c-4f93-b232-3c8e6f6667b6:c545]
2019-09-18 13:03:58,512 [grpc-default-executor-1] INFO  client.GrpcClientProtocolClient (GrpcClientProtocolClient.java:onNext(264)) - client-DF3A7F9F7866->dd0a3b65-d36c-4f93-b232-3c8e6f6667b6: receive RaftClientReply:client-DF3A7F9F7866->dd0a3b65-d36c-4f93-b232-3c8e6f6667b6@group-B02456D89C11, cid=367, SUCCESS, logIndex=544, commits[dd0a3b65-d36c-4f93-b232-3c8e6f6667b6:c546]
2019-09-18 13:03:58,513 [grpc-default-executor-1] INFO  client.GrpcClientProtocolClient (GrpcClientProtocolClient.java:onNext(264)) - client-DF3A7F9F7866->dd0a3b65-d36c-4f93-b232-3c8e6f6667b6: receive RaftClientReply:client-DF3A7F9F7866->dd0a3b65-d36c-4f93-b232-3c8e6f6667b6@group-B02456D89C11, cid=368, SUCCESS, logIndex=545, commits[dd0a3b65-d36c-4f93-b232-3c8e6f6667b6:c547]
2019-09-18 13:03:58,540 [grpc-default-executor-0] INFO  client.GrpcClientProtocolClient (GrpcClientProtocolClient.java:onNext(264)) - client-DF3A7F9F7866->dd0a3b65-d36c-4f93-b232-3c8e6f6667b6: receive RaftClientReply:client-DF3A7F9F7866->dd0a3b65-d36c-4f93-b232-3c8e6f6667b6@group-B02456D89C11, cid=369, SUCCESS, logIndex=548, commits[dd0a3b65-d36c-4f93-b232-3c8e6f6667b6:c549]
2019-09-18 13:03:58,541 [grpc-default-executor-0] INFO  client.GrpcClientProtocolClient (GrpcClientProtocolClient.java:onNext(264)) - client-DF3A7F9F7866->dd0a3b65-d36c-4f93-b232-3c8e6f6667b6: receive RaftClientReply:client-DF3A7F9F7866->dd0a3b65-d36c-4f93-b232-3c8e6f6667b6@group-B02456D89C11, cid=370, SUCCESS, logIndex=549, commits[dd0a3b65-d36c-4f93-b232-3c8e6f6667b6:c551]
2019-09-18 13:03:58,541 [grpc-default-executor-0] INFO  client.GrpcClientProtocolClient (GrpcClientProtocolClient.java:onNext(264)) - client-DF3A7F9F7866->dd0a3b65-d36c-4f93-b232-3c8e6f6667b6: receive RaftClientReply:client-DF3A7F9F7866->dd0a3b65-d36c-4f93-b232-3c8e6f6667b6@group-B02456D89C11, cid=371, SUCCESS, logIndex=550, commits[dd0a3b65-d36c-4f93-b232-3c8e6f6667b6:c552]
2019-09-18 13:03:58,541 [grpc-default-executor-0] INFO  client.GrpcClientProtocolClient (GrpcClientProtocolClient.java:onNext(264)) - client-DF3A7F9F7866->dd0a3b65-d36c-4f93-b232-3c8e6f6667b6: receive RaftClientReply:client-DF3A7F9F7866->dd0a3b65-d36c-4f93-b232-3c8e6f6667b6@group-B02456D89C11, cid=372, SUCCESS, logIndex=551, commits[dd0a3b65-d36c-4f93-b232-3c8e6f6667b6:c553]
2019-09-18 13:03:58,562 [grpc-default-executor-0] INFO  client.GrpcClientProtocolClient (GrpcClientProtocolClient.java:onNext(264)) - client-DF3A7F9F7866->dd0a3b65-d36c-4f93-b232-3c8e6f6667b6: receive RaftClientReply:client-DF3A7F9F7866->dd0a3b65-d36c-4f93-b232-3c8e6f6667b6@group-B02456D89C11, cid=373, SUCCESS, logIndex=554, commits[dd0a3b65-d36c-4f93-b232-3c8e6f6667b6:c555]
2019-09-18 13:03:58,562 [grpc-default-executor-0] INFO  client.GrpcClientProtocolClient (GrpcClientProtocolClient.java:onNext(264)) - client-DF3A7F9F7866->dd0a3b65-d36c-4f93-b232-3c8e6f6667b6: receive RaftClientReply:client-DF3A7F9F7866->dd0a3b65-d36c-4f93-b232-3c8e6f6667b6@group-B02456D89C11, cid=374, SUCCESS, logIndex=555, commits[dd0a3b65-d36c-4f93-b232-3c8e6f6667b6:c557]
2019-09-18 13:03:58,563 [grpc-default-executor-0] INFO  client.GrpcClientProtocolClient (GrpcClientProtocolClient.java:onNext(264)) - client-DF3A7F9F7866->dd0a3b65-d36c-4f93-b232-3c8e6f6667b6: receive RaftClientReply:client-DF3A7F9F7866->dd0a3b65-d36c-4f93-b232-3c8e6f6667b6@group-B02456D89C11, cid=375, SUCCESS, logIndex=556, commits[dd0a3b65-d36c-4f93-b232-3c8e6f6667b6:c558]
2019-09-18 13:03:58,563 [grpc-default-executor-0] INFO  client.GrpcClientProtocolClient (GrpcClientProtocolClient.java:onNext(264)) - client-DF3A7F9F7866->dd0a3b65-d36c-4f93-b232-3c8e6f6667b6: receive RaftClientReply:client-DF3A7F9F7866->dd0a3b65-d36c-4f93-b232-3c8e6f6667b6@group-B02456D89C11, cid=376, SUCCESS, logIndex=557, commits[dd0a3b65-d36c-4f93-b232-3c8e6f6667b6:c559]
2019-09-18 13:03:58,570 [SCMBlockDeletingService#0] DEBUG block.SCMBlockDeletingService (SCMBlockDeletingService.java:call(138)) - Running DeletedBlockTransactionScanner
2019-09-18 13:03:58,570 [SCMBlockDeletingService#0] DEBUG block.SCMBlockDeletingService (SCMBlockDeletingService.java:call(155)) - Scanned deleted blocks log and got 0 delTX to process.
2019-09-18 13:03:58,591 [grpc-default-executor-0] INFO  client.GrpcClientProtocolClient (GrpcClientProtocolClient.java:onNext(264)) - client-DF3A7F9F7866->dd0a3b65-d36c-4f93-b232-3c8e6f6667b6: receive RaftClientReply:client-DF3A7F9F7866->dd0a3b65-d36c-4f93-b232-3c8e6f6667b6@group-B02456D89C11, cid=377, SUCCESS, logIndex=560, commits[dd0a3b65-d36c-4f93-b232-3c8e6f6667b6:c561]
2019-09-18 13:03:58,592 [grpc-default-executor-0] INFO  client.GrpcClientProtocolClient (GrpcClientProtocolClient.java:onNext(264)) - client-DF3A7F9F7866->dd0a3b65-d36c-4f93-b232-3c8e6f6667b6: receive RaftClientReply:client-DF3A7F9F7866->dd0a3b65-d36c-4f93-b232-3c8e6f6667b6@group-B02456D89C11, cid=378, SUCCESS, logIndex=561, commits[dd0a3b65-d36c-4f93-b232-3c8e6f6667b6:c564]
2019-09-18 13:03:58,592 [grpc-default-executor-0] INFO  client.GrpcClientProtocolClient (GrpcClientProtocolClient.java:onNext(264)) - client-DF3A7F9F7866->dd0a3b65-d36c-4f93-b232-3c8e6f6667b6: receive RaftClientReply:client-DF3A7F9F7866->dd0a3b65-d36c-4f93-b232-3c8e6f6667b6@group-B02456D89C11, cid=379, SUCCESS, logIndex=562, commits[dd0a3b65-d36c-4f93-b232-3c8e6f6667b6:c564]
2019-09-18 13:03:58,593 [grpc-default-executor-0] INFO  client.GrpcClientProtocolClient (GrpcClientProtocolClient.java:onNext(264)) - client-DF3A7F9F7866->dd0a3b65-d36c-4f93-b232-3c8e6f6667b6: receive RaftClientReply:client-DF3A7F9F7866->dd0a3b65-d36c-4f93-b232-3c8e6f6667b6@group-B02456D89C11, cid=380, SUCCESS, logIndex=563, commits[dd0a3b65-d36c-4f93-b232-3c8e6f6667b6:c565]
2019-09-18 13:03:58,613 [grpc-default-executor-1] INFO  client.GrpcClientProtocolClient (GrpcClientProtocolClient.java:onNext(264)) - client-DF3A7F9F7866->dd0a3b65-d36c-4f93-b232-3c8e6f6667b6: receive RaftClientReply:client-DF3A7F9F7866->dd0a3b65-d36c-4f93-b232-3c8e6f6667b6@group-B02456D89C11, cid=381, SUCCESS, logIndex=566, commits[dd0a3b65-d36c-4f93-b232-3c8e6f6667b6:c567]
2019-09-18 13:03:58,614 [grpc-default-executor-1] INFO  client.GrpcClientProtocolClient (GrpcClientProtocolClient.java:onNext(264)) - client-DF3A7F9F7866->dd0a3b65-d36c-4f93-b232-3c8e6f6667b6: receive RaftClientReply:client-DF3A7F9F7866->dd0a3b65-d36c-4f93-b232-3c8e6f6667b6@group-B02456D89C11, cid=382, SUCCESS, logIndex=567, commits[dd0a3b65-d36c-4f93-b232-3c8e6f6667b6:c569]
2019-09-18 13:03:58,614 [grpc-default-executor-1] INFO  client.GrpcClientProtocolClient (GrpcClientProtocolClient.java:onNext(264)) - client-DF3A7F9F7866->dd0a3b65-d36c-4f93-b232-3c8e6f6667b6: receive RaftClientReply:client-DF3A7F9F7866->dd0a3b65-d36c-4f93-b232-3c8e6f6667b6@group-B02456D89C11, cid=383, SUCCESS, logIndex=568, commits[dd0a3b65-d36c-4f93-b232-3c8e6f6667b6:c570]
2019-09-18 13:03:58,615 [grpc-default-executor-1] INFO  client.GrpcClientProtocolClient (GrpcClientProtocolClient.java:onNext(264)) - client-DF3A7F9F7866->dd0a3b65-d36c-4f93-b232-3c8e6f6667b6: receive RaftClientReply:client-DF3A7F9F7866->dd0a3b65-d36c-4f93-b232-3c8e6f6667b6@group-B02456D89C11, cid=384, SUCCESS, logIndex=569, commits[dd0a3b65-d36c-4f93-b232-3c8e6f6667b6:c571]
2019-09-18 13:03:58,642 [grpc-default-executor-1] INFO  client.GrpcClientProtocolClient (GrpcClientProtocolClient.java:onNext(264)) - client-DF3A7F9F7866->dd0a3b65-d36c-4f93-b232-3c8e6f6667b6: receive RaftClientReply:client-DF3A7F9F7866->dd0a3b65-d36c-4f93-b232-3c8e6f6667b6@group-B02456D89C11, cid=385, SUCCESS, logIndex=572, commits[dd0a3b65-d36c-4f93-b232-3c8e6f6667b6:c575]
2019-09-18 13:03:58,643 [grpc-default-executor-1] INFO  client.GrpcClientProtocolClient (GrpcClientProtocolClient.java:onNext(264)) - client-DF3A7F9F7866->dd0a3b65-d36c-4f93-b232-3c8e6f6667b6: receive RaftClientReply:client-DF3A7F9F7866->dd0a3b65-d36c-4f93-b232-3c8e6f6667b6@group-B02456D89C11, cid=386, SUCCESS, logIndex=573, commits[dd0a3b65-d36c-4f93-b232-3c8e6f6667b6:c576]
2019-09-18 13:03:58,643 [grpc-default-executor-1] INFO  client.GrpcClientProtocolClient (GrpcClientProtocolClient.java:onNext(264)) - client-DF3A7F9F7866->dd0a3b65-d36c-4f93-b232-3c8e6f6667b6: receive RaftClientReply:client-DF3A7F9F7866->dd0a3b65-d36c-4f93-b232-3c8e6f6667b6@group-B02456D89C11, cid=387, SUCCESS, logIndex=574, commits[dd0a3b65-d36c-4f93-b232-3c8e6f6667b6:c577]
2019-09-18 13:03:58,643 [grpc-default-executor-1] INFO  client.GrpcClientProtocolClient (GrpcClientProtocolClient.java:onNext(264)) - client-DF3A7F9F7866->dd0a3b65-d36c-4f93-b232-3c8e6f6667b6: receive RaftClientReply:client-DF3A7F9F7866->dd0a3b65-d36c-4f93-b232-3c8e6f6667b6@group-B02456D89C11, cid=388, SUCCESS, logIndex=575, commits[dd0a3b65-d36c-4f93-b232-3c8e6f6667b6:c577]
2019-09-18 13:03:58,662 [grpc-default-executor-0] INFO  client.GrpcClientProtocolClient (GrpcClientProtocolClient.java:onNext(264)) - client-DF3A7F9F7866->dd0a3b65-d36c-4f93-b232-3c8e6f6667b6: receive RaftClientReply:client-DF3A7F9F7866->dd0a3b65-d36c-4f93-b232-3c8e6f6667b6@group-B02456D89C11, cid=389, SUCCESS, logIndex=578, commits[dd0a3b65-d36c-4f93-b232-3c8e6f6667b6:c579]
2019-09-18 13:03:58,663 [grpc-default-executor-0] INFO  client.GrpcClientProtocolClient (GrpcClientProtocolClient.java:onNext(264)) - client-DF3A7F9F7866->dd0a3b65-d36c-4f93-b232-3c8e6f6667b6: receive RaftClientReply:client-DF3A7F9F7866->dd0a3b65-d36c-4f93-b232-3c8e6f6667b6@group-B02456D89C11, cid=390, SUCCESS, logIndex=579, commits[dd0a3b65-d36c-4f93-b232-3c8e6f6667b6:c581]
2019-09-18 13:03:58,663 [grpc-default-executor-0] INFO  client.GrpcClientProtocolClient (GrpcClientProtocolClient.java:onNext(264)) - client-DF3A7F9F7866->dd0a3b65-d36c-4f93-b232-3c8e6f6667b6: receive RaftClientReply:client-DF3A7F9F7866->dd0a3b65-d36c-4f93-b232-3c8e6f6667b6@group-B02456D89C11, cid=391, SUCCESS, logIndex=580, commits[dd0a3b65-d36c-4f93-b232-3c8e6f6667b6:c582]
2019-09-18 13:03:58,664 [grpc-default-executor-0] INFO  client.GrpcClientProtocolClient (GrpcClientProtocolClient.java:onNext(264)) - client-DF3A7F9F7866->dd0a3b65-d36c-4f93-b232-3c8e6f6667b6: receive RaftClientReply:client-DF3A7F9F7866->dd0a3b65-d36c-4f93-b232-3c8e6f6667b6@group-B02456D89C11, cid=392, SUCCESS, logIndex=581, commits[dd0a3b65-d36c-4f93-b232-3c8e6f6667b6:c583]
2019-09-18 13:03:58,671 [SCMBlockDeletingService#0] DEBUG block.SCMBlockDeletingService (SCMBlockDeletingService.java:call(138)) - Running DeletedBlockTransactionScanner
2019-09-18 13:03:58,671 [SCMBlockDeletingService#0] DEBUG block.SCMBlockDeletingService (SCMBlockDeletingService.java:call(155)) - Scanned deleted blocks log and got 0 delTX to process.
2019-09-18 13:03:58,693 [grpc-default-executor-0] INFO  client.GrpcClientProtocolClient (GrpcClientProtocolClient.java:onNext(264)) - client-DF3A7F9F7866->dd0a3b65-d36c-4f93-b232-3c8e6f6667b6: receive RaftClientReply:client-DF3A7F9F7866->dd0a3b65-d36c-4f93-b232-3c8e6f6667b6@group-B02456D89C11, cid=393, SUCCESS, logIndex=584, commits[dd0a3b65-d36c-4f93-b232-3c8e6f6667b6:c587]
2019-09-18 13:03:58,693 [grpc-default-executor-0] INFO  client.GrpcClientProtocolClient (GrpcClientProtocolClient.java:onNext(264)) - client-DF3A7F9F7866->dd0a3b65-d36c-4f93-b232-3c8e6f6667b6: receive RaftClientReply:client-DF3A7F9F7866->dd0a3b65-d36c-4f93-b232-3c8e6f6667b6@group-B02456D89C11, cid=394, SUCCESS, logIndex=585, commits[dd0a3b65-d36c-4f93-b232-3c8e6f6667b6:c588]
2019-09-18 13:03:58,694 [grpc-default-executor-0] INFO  client.GrpcClientProtocolClient (GrpcClientProtocolClient.java:onNext(264)) - client-DF3A7F9F7866->dd0a3b65-d36c-4f93-b232-3c8e6f6667b6: receive RaftClientReply:client-DF3A7F9F7866->dd0a3b65-d36c-4f93-b232-3c8e6f6667b6@group-B02456D89C11, cid=395, SUCCESS, logIndex=586, commits[dd0a3b65-d36c-4f93-b232-3c8e6f6667b6:c588]
2019-09-18 13:03:58,694 [grpc-default-executor-0] INFO  client.GrpcClientProtocolClient (GrpcClientProtocolClient.java:onNext(264)) - client-DF3A7F9F7866->dd0a3b65-d36c-4f93-b232-3c8e6f6667b6: receive RaftClientReply:client-DF3A7F9F7866->dd0a3b65-d36c-4f93-b232-3c8e6f6667b6@group-B02456D89C11, cid=396, SUCCESS, logIndex=587, commits[dd0a3b65-d36c-4f93-b232-3c8e6f6667b6:c588]
2019-09-18 13:03:58,771 [SCMBlockDeletingService#0] DEBUG block.SCMBlockDeletingService (SCMBlockDeletingService.java:call(138)) - Running DeletedBlockTransactionScanner
2019-09-18 13:03:58,772 [SCMBlockDeletingService#0] DEBUG block.SCMBlockDeletingService (SCMBlockDeletingService.java:call(155)) - Scanned deleted blocks log and got 0 delTX to process.
2019-09-18 13:03:58,920 [SCMBlockDeletingService#0] DEBUG block.SCMBlockDeletingService (SCMBlockDeletingService.java:call(138)) - Running DeletedBlockTransactionScanner
2019-09-18 13:03:58,921 [SCMBlockDeletingService#0] DEBUG block.SCMBlockDeletingService (SCMBlockDeletingService.java:call(155)) - Scanned deleted blocks log and got 0 delTX to process.
2019-09-18 13:03:58,939 [grpc-default-executor-0] INFO  client.GrpcClientProtocolClient (GrpcClientProtocolClient.java:onNext(264)) - client-DF3A7F9F7866->dd0a3b65-d36c-4f93-b232-3c8e6f6667b6: receive RaftClientReply:client-DF3A7F9F7866->dd0a3b65-d36c-4f93-b232-3c8e6f6667b6@group-B02456D89C11, cid=397, SUCCESS, logIndex=589, commits[dd0a3b65-d36c-4f93-b232-3c8e6f6667b6:c590]
2019-09-18 13:03:58,940 [grpc-default-executor-0] INFO  client.GrpcClientProtocolClient (GrpcClientProtocolClient.java:onNext(264)) - client-DF3A7F9F7866->dd0a3b65-d36c-4f93-b232-3c8e6f6667b6: receive RaftClientReply:client-DF3A7F9F7866->dd0a3b65-d36c-4f93-b232-3c8e6f6667b6@group-B02456D89C11, cid=398, SUCCESS, logIndex=590, commits[dd0a3b65-d36c-4f93-b232-3c8e6f6667b6:c592]
2019-09-18 13:03:58,941 [grpc-default-executor-0] INFO  client.GrpcClientProtocolClient (GrpcClientProtocolClient.java:onNext(264)) - client-DF3A7F9F7866->dd0a3b65-d36c-4f93-b232-3c8e6f6667b6: receive RaftClientReply:client-DF3A7F9F7866->dd0a3b65-d36c-4f93-b232-3c8e6f6667b6@group-B02456D89C11, cid=399, SUCCESS, logIndex=591, commits[dd0a3b65-d36c-4f93-b232-3c8e6f6667b6:c593]
2019-09-18 13:03:58,941 [grpc-default-executor-0] INFO  client.GrpcClientProtocolClient (GrpcClientProtocolClient.java:onNext(264)) - client-DF3A7F9F7866->dd0a3b65-d36c-4f93-b232-3c8e6f6667b6: receive RaftClientReply:client-DF3A7F9F7866->dd0a3b65-d36c-4f93-b232-3c8e6f6667b6@group-B02456D89C11, cid=400, SUCCESS, logIndex=592, commits[dd0a3b65-d36c-4f93-b232-3c8e6f6667b6:c593]
2019-09-18 13:03:58,975 [grpc-default-executor-0] INFO  client.GrpcClientProtocolClient (GrpcClientProtocolClient.java:onNext(264)) - client-DF3A7F9F7866->dd0a3b65-d36c-4f93-b232-3c8e6f6667b6: receive RaftClientReply:client-DF3A7F9F7866->dd0a3b65-d36c-4f93-b232-3c8e6f6667b6@group-B02456D89C11, cid=401, SUCCESS, logIndex=595, commits[dd0a3b65-d36c-4f93-b232-3c8e6f6667b6:c596]
2019-09-18 13:03:58,976 [grpc-default-executor-0] INFO  client.GrpcClientProtocolClient (GrpcClientProtocolClient.java:onNext(264)) - client-DF3A7F9F7866->dd0a3b65-d36c-4f93-b232-3c8e6f6667b6: receive RaftClientReply:client-DF3A7F9F7866->dd0a3b65-d36c-4f93-b232-3c8e6f6667b6@group-B02456D89C11, cid=402, SUCCESS, logIndex=596, commits[dd0a3b65-d36c-4f93-b232-3c8e6f6667b6:c598]
2019-09-18 13:03:58,977 [grpc-default-executor-0] INFO  client.GrpcClientProtocolClient (GrpcClientProtocolClient.java:onNext(264)) - client-DF3A7F9F7866->dd0a3b65-d36c-4f93-b232-3c8e6f6667b6: receive RaftClientReply:client-DF3A7F9F7866->dd0a3b65-d36c-4f93-b232-3c8e6f6667b6@group-B02456D89C11, cid=403, SUCCESS, logIndex=597, commits[dd0a3b65-d36c-4f93-b232-3c8e6f6667b6:c599]
2019-09-18 13:03:58,977 [grpc-default-executor-0] INFO  client.GrpcClientProtocolClient (GrpcClientProtocolClient.java:onNext(264)) - client-DF3A7F9F7866->dd0a3b65-d36c-4f93-b232-3c8e6f6667b6: receive RaftClientReply:client-DF3A7F9F7866->dd0a3b65-d36c-4f93-b232-3c8e6f6667b6@group-B02456D89C11, cid=404, SUCCESS, logIndex=598, commits[dd0a3b65-d36c-4f93-b232-3c8e6f6667b6:c600]
2019-09-18 13:03:58,999 [grpc-default-executor-0] INFO  client.GrpcClientProtocolClient (GrpcClientProtocolClient.java:onNext(264)) - client-DF3A7F9F7866->dd0a3b65-d36c-4f93-b232-3c8e6f6667b6: receive RaftClientReply:client-DF3A7F9F7866->dd0a3b65-d36c-4f93-b232-3c8e6f6667b6@group-B02456D89C11, cid=405, SUCCESS, logIndex=601, commits[dd0a3b65-d36c-4f93-b232-3c8e6f6667b6:c602]
2019-09-18 13:03:59,000 [grpc-default-executor-0] INFO  client.GrpcClientProtocolClient (GrpcClientProtocolClient.java:onNext(264)) - client-DF3A7F9F7866->dd0a3b65-d36c-4f93-b232-3c8e6f6667b6: receive RaftClientReply:client-DF3A7F9F7866->dd0a3b65-d36c-4f93-b232-3c8e6f6667b6@group-B02456D89C11, cid=406, SUCCESS, logIndex=602, commits[dd0a3b65-d36c-4f93-b232-3c8e6f6667b6:c604]
2019-09-18 13:03:59,000 [grpc-default-executor-0] INFO  client.GrpcClientProtocolClient (GrpcClientProtocolClient.java:onNext(264)) - client-DF3A7F9F7866->dd0a3b65-d36c-4f93-b232-3c8e6f6667b6: receive RaftClientReply:client-DF3A7F9F7866->dd0a3b65-d36c-4f93-b232-3c8e6f6667b6@group-B02456D89C11, cid=407, SUCCESS, logIndex=603, commits[dd0a3b65-d36c-4f93-b232-3c8e6f6667b6:c605]
2019-09-18 13:03:59,000 [grpc-default-executor-0] INFO  client.GrpcClientProtocolClient (GrpcClientProtocolClient.java:onNext(264)) - client-DF3A7F9F7866->dd0a3b65-d36c-4f93-b232-3c8e6f6667b6: receive RaftClientReply:client-DF3A7F9F7866->dd0a3b65-d36c-4f93-b232-3c8e6f6667b6@group-B02456D89C11, cid=408, SUCCESS, logIndex=604, commits[dd0a3b65-d36c-4f93-b232-3c8e6f6667b6:c605]
2019-09-18 13:03:59,021 [SCMBlockDeletingService#0] DEBUG block.SCMBlockDeletingService (SCMBlockDeletingService.java:call(138)) - Running DeletedBlockTransactionScanner
2019-09-18 13:03:59,021 [SCMBlockDeletingService#0] DEBUG block.SCMBlockDeletingService (SCMBlockDeletingService.java:call(155)) - Scanned deleted blocks log and got 0 delTX to process.
2019-09-18 13:03:59,029 [grpc-default-executor-0] INFO  client.GrpcClientProtocolClient (GrpcClientProtocolClient.java:onNext(264)) - client-DF3A7F9F7866->dd0a3b65-d36c-4f93-b232-3c8e6f6667b6: receive RaftClientReply:client-DF3A7F9F7866->dd0a3b65-d36c-4f93-b232-3c8e6f6667b6@group-B02456D89C11, cid=409, SUCCESS, logIndex=607, commits[dd0a3b65-d36c-4f93-b232-3c8e6f6667b6:c608]
2019-09-18 13:03:59,030 [grpc-default-executor-0] INFO  client.GrpcClientProtocolClient (GrpcClientProtocolClient.java:onNext(264)) - client-DF3A7F9F7866->dd0a3b65-d36c-4f93-b232-3c8e6f6667b6: receive RaftClientReply:client-DF3A7F9F7866->dd0a3b65-d36c-4f93-b232-3c8e6f6667b6@group-B02456D89C11, cid=410, SUCCESS, logIndex=608, commits[dd0a3b65-d36c-4f93-b232-3c8e6f6667b6:c610]
2019-09-18 13:03:59,030 [grpc-default-executor-0] INFO  client.GrpcClientProtocolClient (GrpcClientProtocolClient.java:onNext(264)) - client-DF3A7F9F7866->dd0a3b65-d36c-4f93-b232-3c8e6f6667b6: receive RaftClientReply:client-DF3A7F9F7866->dd0a3b65-d36c-4f93-b232-3c8e6f6667b6@group-B02456D89C11, cid=411, SUCCESS, logIndex=609, commits[dd0a3b65-d36c-4f93-b232-3c8e6f6667b6:c611]
2019-09-18 13:03:59,031 [grpc-default-executor-0] INFO  client.GrpcClientProtocolClient (GrpcClientProtocolClient.java:onNext(264)) - client-DF3A7F9F7866->dd0a3b65-d36c-4f93-b232-3c8e6f6667b6: receive RaftClientReply:client-DF3A7F9F7866->dd0a3b65-d36c-4f93-b232-3c8e6f6667b6@group-B02456D89C11, cid=412, SUCCESS, logIndex=610, commits[dd0a3b65-d36c-4f93-b232-3c8e6f6667b6:c611]
2019-09-18 13:03:59,051 [grpc-default-executor-0] INFO  client.GrpcClientProtocolClient (GrpcClientProtocolClient.java:onNext(264)) - client-DF3A7F9F7866->dd0a3b65-d36c-4f93-b232-3c8e6f6667b6: receive RaftClientReply:client-DF3A7F9F7866->dd0a3b65-d36c-4f93-b232-3c8e6f6667b6@group-B02456D89C11, cid=413, SUCCESS, logIndex=613, commits[dd0a3b65-d36c-4f93-b232-3c8e6f6667b6:c614]
2019-09-18 13:03:59,052 [grpc-default-executor-0] INFO  client.GrpcClientProtocolClient (GrpcClientProtocolClient.java:onNext(264)) - client-DF3A7F9F7866->dd0a3b65-d36c-4f93-b232-3c8e6f6667b6: receive RaftClientReply:client-DF3A7F9F7866->dd0a3b65-d36c-4f93-b232-3c8e6f6667b6@group-B02456D89C11, cid=414, SUCCESS, logIndex=614, commits[dd0a3b65-d36c-4f93-b232-3c8e6f6667b6:c616]
2019-09-18 13:03:59,053 [grpc-default-executor-0] INFO  client.GrpcClientProtocolClient (GrpcClientProtocolClient.java:onNext(264)) - client-DF3A7F9F7866->dd0a3b65-d36c-4f93-b232-3c8e6f6667b6: receive RaftClientReply:client-DF3A7F9F7866->dd0a3b65-d36c-4f93-b232-3c8e6f6667b6@group-B02456D89C11, cid=415, SUCCESS, logIndex=615, commits[dd0a3b65-d36c-4f93-b232-3c8e6f6667b6:c617]
2019-09-18 13:03:59,053 [grpc-default-executor-0] INFO  client.GrpcClientProtocolClient (GrpcClientProtocolClient.java:onNext(264)) - client-DF3A7F9F7866->dd0a3b65-d36c-4f93-b232-3c8e6f6667b6: receive RaftClientReply:client-DF3A7F9F7866->dd0a3b65-d36c-4f93-b232-3c8e6f6667b6@group-B02456D89C11, cid=416, SUCCESS, logIndex=616, commits[dd0a3b65-d36c-4f93-b232-3c8e6f6667b6:c618]
2019-09-18 13:03:59,081 [grpc-default-executor-0] INFO  client.GrpcClientProtocolClient (GrpcClientProtocolClient.java:onNext(264)) - client-DF3A7F9F7866->dd0a3b65-d36c-4f93-b232-3c8e6f6667b6: receive RaftClientReply:client-DF3A7F9F7866->dd0a3b65-d36c-4f93-b232-3c8e6f6667b6@group-B02456D89C11, cid=417, SUCCESS, logIndex=619, commits[dd0a3b65-d36c-4f93-b232-3c8e6f6667b6:c620]
2019-09-18 13:03:59,082 [grpc-default-executor-0] INFO  client.GrpcClientProtocolClient (GrpcClientProtocolClient.java:onNext(264)) - client-DF3A7F9F7866->dd0a3b65-d36c-4f93-b232-3c8e6f6667b6: receive RaftClientReply:client-DF3A7F9F7866->dd0a3b65-d36c-4f93-b232-3c8e6f6667b6@group-B02456D89C11, cid=418, SUCCESS, logIndex=620, commits[dd0a3b65-d36c-4f93-b232-3c8e6f6667b6:c622]
2019-09-18 13:03:59,083 [grpc-default-executor-0] INFO  client.GrpcClientProtocolClient (GrpcClientProtocolClient.java:onNext(264)) - client-DF3A7F9F7866->dd0a3b65-d36c-4f93-b232-3c8e6f6667b6: receive RaftClientReply:client-DF3A7F9F7866->dd0a3b65-d36c-4f93-b232-3c8e6f6667b6@group-B02456D89C11, cid=419, SUCCESS, logIndex=621, commits[dd0a3b65-d36c-4f93-b232-3c8e6f6667b6:c623]
2019-09-18 13:03:59,083 [grpc-default-executor-0] INFO  client.GrpcClientProtocolClient (GrpcClientProtocolClient.java:onNext(264)) - client-DF3A7F9F7866->dd0a3b65-d36c-4f93-b232-3c8e6f6667b6: receive RaftClientReply:client-DF3A7F9F7866->dd0a3b65-d36c-4f93-b232-3c8e6f6667b6@group-B02456D89C11, cid=420, SUCCESS, logIndex=622, commits[dd0a3b65-d36c-4f93-b232-3c8e6f6667b6:c624]
2019-09-18 13:03:59,104 [grpc-default-executor-0] INFO  client.GrpcClientProtocolClient (GrpcClientProtocolClient.java:onNext(264)) - client-DF3A7F9F7866->dd0a3b65-d36c-4f93-b232-3c8e6f6667b6: receive RaftClientReply:client-DF3A7F9F7866->dd0a3b65-d36c-4f93-b232-3c8e6f6667b6@group-B02456D89C11, cid=421, SUCCESS, logIndex=625, commits[dd0a3b65-d36c-4f93-b232-3c8e6f6667b6:c626]
2019-09-18 13:03:59,105 [grpc-default-executor-0] INFO  client.GrpcClientProtocolClient (GrpcClientProtocolClient.java:onNext(264)) - client-DF3A7F9F7866->dd0a3b65-d36c-4f93-b232-3c8e6f6667b6: receive RaftClientReply:client-DF3A7F9F7866->dd0a3b65-d36c-4f93-b232-3c8e6f6667b6@group-B02456D89C11, cid=422, SUCCESS, logIndex=626, commits[dd0a3b65-d36c-4f93-b232-3c8e6f6667b6:c628]
2019-09-18 13:03:59,106 [grpc-default-executor-0] INFO  client.GrpcClientProtocolClient (GrpcClientProtocolClient.java:onNext(264)) - client-DF3A7F9F7866->dd0a3b65-d36c-4f93-b232-3c8e6f6667b6: receive RaftClientReply:client-DF3A7F9F7866->dd0a3b65-d36c-4f93-b232-3c8e6f6667b6@group-B02456D89C11, cid=423, SUCCESS, logIndex=627, commits[dd0a3b65-d36c-4f93-b232-3c8e6f6667b6:c629]
2019-09-18 13:03:59,106 [grpc-default-executor-0] INFO  client.GrpcClientProtocolClient (GrpcClientProtocolClient.java:onNext(264)) - client-DF3A7F9F7866->dd0a3b65-d36c-4f93-b232-3c8e6f6667b6: receive RaftClientReply:client-DF3A7F9F7866->dd0a3b65-d36c-4f93-b232-3c8e6f6667b6@group-B02456D89C11, cid=424, SUCCESS, logIndex=628, commits[dd0a3b65-d36c-4f93-b232-3c8e6f6667b6:c630]
2019-09-18 13:03:59,122 [SCMBlockDeletingService#0] DEBUG block.SCMBlockDeletingService (SCMBlockDeletingService.java:call(138)) - Running DeletedBlockTransactionScanner
2019-09-18 13:03:59,122 [SCMBlockDeletingService#0] DEBUG block.SCMBlockDeletingService (SCMBlockDeletingService.java:call(155)) - Scanned deleted blocks log and got 0 delTX to process.
2019-09-18 13:03:59,135 [grpc-default-executor-1] INFO  client.GrpcClientProtocolClient (GrpcClientProtocolClient.java:onNext(264)) - client-DF3A7F9F7866->dd0a3b65-d36c-4f93-b232-3c8e6f6667b6: receive RaftClientReply:client-DF3A7F9F7866->dd0a3b65-d36c-4f93-b232-3c8e6f6667b6@group-B02456D89C11, cid=425, SUCCESS, logIndex=631, commits[dd0a3b65-d36c-4f93-b232-3c8e6f6667b6:c632]
2019-09-18 13:03:59,136 [grpc-default-executor-1] INFO  client.GrpcClientProtocolClient (GrpcClientProtocolClient.java:onNext(264)) - client-DF3A7F9F7866->dd0a3b65-d36c-4f93-b232-3c8e6f6667b6: receive RaftClientReply:client-DF3A7F9F7866->dd0a3b65-d36c-4f93-b232-3c8e6f6667b6@group-B02456D89C11, cid=426, SUCCESS, logIndex=632, commits[dd0a3b65-d36c-4f93-b232-3c8e6f6667b6:c632]
2019-09-18 13:03:59,137 [grpc-default-executor-1] INFO  client.GrpcClientProtocolClient (GrpcClientProtocolClient.java:onNext(264)) - client-DF3A7F9F7866->dd0a3b65-d36c-4f93-b232-3c8e6f6667b6: receive RaftClientReply:client-DF3A7F9F7866->dd0a3b65-d36c-4f93-b232-3c8e6f6667b6@group-B02456D89C11, cid=427, SUCCESS, logIndex=633, commits[dd0a3b65-d36c-4f93-b232-3c8e6f6667b6:c634]
2019-09-18 13:03:59,138 [grpc-default-executor-1] INFO  client.GrpcClientProtocolClient (GrpcClientProtocolClient.java:onNext(264)) - client-DF3A7F9F7866->dd0a3b65-d36c-4f93-b232-3c8e6f6667b6: receive RaftClientReply:client-DF3A7F9F7866->dd0a3b65-d36c-4f93-b232-3c8e6f6667b6@group-B02456D89C11, cid=428, SUCCESS, logIndex=634, commits[dd0a3b65-d36c-4f93-b232-3c8e6f6667b6:c635]
2019-09-18 13:03:59,159 [grpc-default-executor-0] INFO  client.GrpcClientProtocolClient (GrpcClientProtocolClient.java:onNext(264)) - client-DF3A7F9F7866->dd0a3b65-d36c-4f93-b232-3c8e6f6667b6: receive RaftClientReply:client-DF3A7F9F7866->dd0a3b65-d36c-4f93-b232-3c8e6f6667b6@group-B02456D89C11, cid=429, SUCCESS, logIndex=637, commits[dd0a3b65-d36c-4f93-b232-3c8e6f6667b6:c638]
2019-09-18 13:03:59,159 [grpc-default-executor-0] INFO  client.GrpcClientProtocolClient (GrpcClientProtocolClient.java:onNext(264)) - client-DF3A7F9F7866->dd0a3b65-d36c-4f93-b232-3c8e6f6667b6: receive RaftClientReply:client-DF3A7F9F7866->dd0a3b65-d36c-4f93-b232-3c8e6f6667b6@group-B02456D89C11, cid=430, SUCCESS, logIndex=638, commits[dd0a3b65-d36c-4f93-b232-3c8e6f6667b6:c640]
2019-09-18 13:03:59,160 [grpc-default-executor-0] INFO  client.GrpcClientProtocolClient (GrpcClientProtocolClient.java:onNext(264)) - client-DF3A7F9F7866->dd0a3b65-d36c-4f93-b232-3c8e6f6667b6: receive RaftClientReply:client-DF3A7F9F7866->dd0a3b65-d36c-4f93-b232-3c8e6f6667b6@group-B02456D89C11, cid=431, SUCCESS, logIndex=639, commits[dd0a3b65-d36c-4f93-b232-3c8e6f6667b6:c641]
2019-09-18 13:03:59,160 [grpc-default-executor-0] INFO  client.GrpcClientProtocolClient (GrpcClientProtocolClient.java:onNext(264)) - client-DF3A7F9F7866->dd0a3b65-d36c-4f93-b232-3c8e6f6667b6: receive RaftClientReply:client-DF3A7F9F7866->dd0a3b65-d36c-4f93-b232-3c8e6f6667b6@group-B02456D89C11, cid=432, SUCCESS, logIndex=640, commits[dd0a3b65-d36c-4f93-b232-3c8e6f6667b6:c642]
2019-09-18 13:03:59,189 [grpc-default-executor-0] INFO  client.GrpcClientProtocolClient (GrpcClientProtocolClient.java:onNext(264)) - client-DF3A7F9F7866->dd0a3b65-d36c-4f93-b232-3c8e6f6667b6: receive RaftClientReply:client-DF3A7F9F7866->dd0a3b65-d36c-4f93-b232-3c8e6f6667b6@group-B02456D89C11, cid=433, SUCCESS, logIndex=643, commits[dd0a3b65-d36c-4f93-b232-3c8e6f6667b6:c644]
2019-09-18 13:03:59,190 [grpc-default-executor-0] INFO  client.GrpcClientProtocolClient (GrpcClientProtocolClient.java:onNext(264)) - client-DF3A7F9F7866->dd0a3b65-d36c-4f93-b232-3c8e6f6667b6: receive RaftClientReply:client-DF3A7F9F7866->dd0a3b65-d36c-4f93-b232-3c8e6f6667b6@group-B02456D89C11, cid=434, SUCCESS, logIndex=644, commits[dd0a3b65-d36c-4f93-b232-3c8e6f6667b6:c646]
2019-09-18 13:03:59,190 [grpc-default-executor-0] INFO  client.GrpcClientProtocolClient (GrpcClientProtocolClient.java:onNext(264)) - client-DF3A7F9F7866->dd0a3b65-d36c-4f93-b232-3c8e6f6667b6: receive RaftClientReply:client-DF3A7F9F7866->dd0a3b65-d36c-4f93-b232-3c8e6f6667b6@group-B02456D89C11, cid=435, SUCCESS, logIndex=645, commits[dd0a3b65-d36c-4f93-b232-3c8e6f6667b6:c647]
2019-09-18 13:03:59,191 [grpc-default-executor-0] INFO  client.GrpcClientProtocolClient (GrpcClientProtocolClient.java:onNext(264)) - client-DF3A7F9F7866->dd0a3b65-d36c-4f93-b232-3c8e6f6667b6: receive RaftClientReply:client-DF3A7F9F7866->dd0a3b65-d36c-4f93-b232-3c8e6f6667b6@group-B02456D89C11, cid=436, SUCCESS, logIndex=646, commits[dd0a3b65-d36c-4f93-b232-3c8e6f6667b6:c648]
2019-09-18 13:03:59,210 [grpc-default-executor-1] INFO  client.GrpcClientProtocolClient (GrpcClientProtocolClient.java:onNext(264)) - client-DF3A7F9F7866->dd0a3b65-d36c-4f93-b232-3c8e6f6667b6: receive RaftClientReply:client-DF3A7F9F7866->dd0a3b65-d36c-4f93-b232-3c8e6f6667b6@group-B02456D89C11, cid=437, SUCCESS, logIndex=649, commits[dd0a3b65-d36c-4f93-b232-3c8e6f6667b6:c650]
2019-09-18 13:03:59,210 [grpc-default-executor-1] INFO  client.GrpcClientProtocolClient (GrpcClientProtocolClient.java:onNext(264)) - client-DF3A7F9F7866->dd0a3b65-d36c-4f93-b232-3c8e6f6667b6: receive RaftClientReply:client-DF3A7F9F7866->dd0a3b65-d36c-4f93-b232-3c8e6f6667b6@group-B02456D89C11, cid=438, SUCCESS, logIndex=650, commits[dd0a3b65-d36c-4f93-b232-3c8e6f6667b6:c652]
2019-09-18 13:03:59,211 [grpc-default-executor-1] INFO  client.GrpcClientProtocolClient (GrpcClientProtocolClient.java:onNext(264)) - client-DF3A7F9F7866->dd0a3b65-d36c-4f93-b232-3c8e6f6667b6: receive RaftClientReply:client-DF3A7F9F7866->dd0a3b65-d36c-4f93-b232-3c8e6f6667b6@group-B02456D89C11, cid=439, SUCCESS, logIndex=651, commits[dd0a3b65-d36c-4f93-b232-3c8e6f6667b6:c653]
2019-09-18 13:03:59,211 [grpc-default-executor-1] INFO  client.GrpcClientProtocolClient (GrpcClientProtocolClient.java:onNext(264)) - client-DF3A7F9F7866->dd0a3b65-d36c-4f93-b232-3c8e6f6667b6: receive RaftClientReply:client-DF3A7F9F7866->dd0a3b65-d36c-4f93-b232-3c8e6f6667b6@group-B02456D89C11, cid=440, SUCCESS, logIndex=652, commits[dd0a3b65-d36c-4f93-b232-3c8e6f6667b6:c654]
2019-09-18 13:03:59,222 [SCMBlockDeletingService#0] DEBUG block.SCMBlockDeletingService (SCMBlockDeletingService.java:call(138)) - Running DeletedBlockTransactionScanner
2019-09-18 13:03:59,222 [SCMBlockDeletingService#0] DEBUG block.SCMBlockDeletingService (SCMBlockDeletingService.java:call(155)) - Scanned deleted blocks log and got 0 delTX to process.
2019-09-18 13:03:59,233 [grpc-default-executor-0] INFO  client.GrpcClientProtocolClient (GrpcClientProtocolClient.java:onNext(264)) - client-DF3A7F9F7866->dd0a3b65-d36c-4f93-b232-3c8e6f6667b6: receive RaftClientReply:client-DF3A7F9F7866->dd0a3b65-d36c-4f93-b232-3c8e6f6667b6@group-B02456D89C11, cid=441, SUCCESS, logIndex=655, commits[dd0a3b65-d36c-4f93-b232-3c8e6f6667b6:c656]
2019-09-18 13:03:59,233 [grpc-default-executor-0] INFO  client.GrpcClientProtocolClient (GrpcClientProtocolClient.java:onNext(264)) - client-DF3A7F9F7866->dd0a3b65-d36c-4f93-b232-3c8e6f6667b6: receive RaftClientReply:client-DF3A7F9F7866->dd0a3b65-d36c-4f93-b232-3c8e6f6667b6@group-B02456D89C11, cid=442, SUCCESS, logIndex=656, commits[dd0a3b65-d36c-4f93-b232-3c8e6f6667b6:c657]
2019-09-18 13:03:59,323 [SCMBlockDeletingService#0] DEBUG block.SCMBlockDeletingService (SCMBlockDeletingService.java:call(138)) - Running DeletedBlockTransactionScanner
2019-09-18 13:03:59,323 [SCMBlockDeletingService#0] DEBUG block.SCMBlockDeletingService (SCMBlockDeletingService.java:call(155)) - Scanned deleted blocks log and got 0 delTX to process.
2019-09-18 13:03:59,332 [grpc-default-executor-0] INFO  client.GrpcClientProtocolClient (GrpcClientProtocolClient.java:onNext(264)) - client-DF3A7F9F7866->dd0a3b65-d36c-4f93-b232-3c8e6f6667b6: receive RaftClientReply:client-DF3A7F9F7866->dd0a3b65-d36c-4f93-b232-3c8e6f6667b6@group-B02456D89C11, cid=443, SUCCESS, logIndex=658, commits[dd0a3b65-d36c-4f93-b232-3c8e6f6667b6:c659]
2019-09-18 13:03:59,333 [grpc-default-executor-0] INFO  client.GrpcClientProtocolClient (GrpcClientProtocolClient.java:onNext(264)) - client-DF3A7F9F7866->dd0a3b65-d36c-4f93-b232-3c8e6f6667b6: receive RaftClientReply:client-DF3A7F9F7866->dd0a3b65-d36c-4f93-b232-3c8e6f6667b6@group-B02456D89C11, cid=444, SUCCESS, logIndex=659, commits[dd0a3b65-d36c-4f93-b232-3c8e6f6667b6:c659]
2019-09-18 13:03:59,356 [grpc-default-executor-1] INFO  client.GrpcClientProtocolClient (GrpcClientProtocolClient.java:onNext(264)) - client-DF3A7F9F7866->dd0a3b65-d36c-4f93-b232-3c8e6f6667b6: receive RaftClientReply:client-DF3A7F9F7866->dd0a3b65-d36c-4f93-b232-3c8e6f6667b6@group-B02456D89C11, cid=445, SUCCESS, logIndex=661, commits[dd0a3b65-d36c-4f93-b232-3c8e6f6667b6:c664]
2019-09-18 13:03:59,357 [grpc-default-executor-1] INFO  client.GrpcClientProtocolClient (GrpcClientProtocolClient.java:onNext(264)) - client-DF3A7F9F7866->dd0a3b65-d36c-4f93-b232-3c8e6f6667b6: receive RaftClientReply:client-DF3A7F9F7866->dd0a3b65-d36c-4f93-b232-3c8e6f6667b6@group-B02456D89C11, cid=446, SUCCESS, logIndex=662, commits[dd0a3b65-d36c-4f93-b232-3c8e6f6667b6:c664]
2019-09-18 13:03:59,357 [grpc-default-executor-1] INFO  client.GrpcClientProtocolClient (GrpcClientProtocolClient.java:onNext(264)) - client-DF3A7F9F7866->dd0a3b65-d36c-4f93-b232-3c8e6f6667b6: receive RaftClientReply:client-DF3A7F9F7866->dd0a3b65-d36c-4f93-b232-3c8e6f6667b6@group-B02456D89C11, cid=447, SUCCESS, logIndex=663, commits[dd0a3b65-d36c-4f93-b232-3c8e6f6667b6:c664]
2019-09-18 13:03:59,358 [grpc-default-executor-1] INFO  client.GrpcClientProtocolClient (GrpcClientProtocolClient.java:onNext(264)) - client-DF3A7F9F7866->dd0a3b65-d36c-4f93-b232-3c8e6f6667b6: receive RaftClientReply:client-DF3A7F9F7866->dd0a3b65-d36c-4f93-b232-3c8e6f6667b6@group-B02456D89C11, cid=448, SUCCESS, logIndex=664, commits[dd0a3b65-d36c-4f93-b232-3c8e6f6667b6:c664]
2019-09-18 13:03:59,386 [grpc-default-executor-1] INFO  client.GrpcClientProtocolClient (GrpcClientProtocolClient.java:onNext(264)) - client-DF3A7F9F7866->dd0a3b65-d36c-4f93-b232-3c8e6f6667b6: receive RaftClientReply:client-DF3A7F9F7866->dd0a3b65-d36c-4f93-b232-3c8e6f6667b6@group-B02456D89C11, cid=449, SUCCESS, logIndex=666, commits[dd0a3b65-d36c-4f93-b232-3c8e6f6667b6:c667]
2019-09-18 13:03:59,387 [grpc-default-executor-1] INFO  client.GrpcClientProtocolClient (GrpcClientProtocolClient.java:onNext(264)) - client-DF3A7F9F7866->dd0a3b65-d36c-4f93-b232-3c8e6f6667b6: receive RaftClientReply:client-DF3A7F9F7866->dd0a3b65-d36c-4f93-b232-3c8e6f6667b6@group-B02456D89C11, cid=450, SUCCESS, logIndex=667, commits[dd0a3b65-d36c-4f93-b232-3c8e6f6667b6:c669]
2019-09-18 13:03:59,387 [grpc-default-executor-1] INFO  client.GrpcClientProtocolClient (GrpcClientProtocolClient.java:onNext(264)) - client-DF3A7F9F7866->dd0a3b65-d36c-4f93-b232-3c8e6f6667b6: receive RaftClientReply:client-DF3A7F9F7866->dd0a3b65-d36c-4f93-b232-3c8e6f6667b6@group-B02456D89C11, cid=451, SUCCESS, logIndex=668, commits[dd0a3b65-d36c-4f93-b232-3c8e6f6667b6:c669]
2019-09-18 13:03:59,388 [grpc-default-executor-1] INFO  client.GrpcClientProtocolClient (GrpcClientProtocolClient.java:onNext(264)) - client-DF3A7F9F7866->dd0a3b65-d36c-4f93-b232-3c8e6f6667b6: receive RaftClientReply:client-DF3A7F9F7866->dd0a3b65-d36c-4f93-b232-3c8e6f6667b6@group-B02456D89C11, cid=452, SUCCESS, logIndex=669, commits[dd0a3b65-d36c-4f93-b232-3c8e6f6667b6:c670]
2019-09-18 13:03:59,408 [grpc-default-executor-0] INFO  client.GrpcClientProtocolClient (GrpcClientProtocolClient.java:onNext(264)) - client-DF3A7F9F7866->dd0a3b65-d36c-4f93-b232-3c8e6f6667b6: receive RaftClientReply:client-DF3A7F9F7866->dd0a3b65-d36c-4f93-b232-3c8e6f6667b6@group-B02456D89C11, cid=453, SUCCESS, logIndex=672, commits[dd0a3b65-d36c-4f93-b232-3c8e6f6667b6:c673]
2019-09-18 13:03:59,408 [grpc-default-executor-0] INFO  client.GrpcClientProtocolClient (GrpcClientProtocolClient.java:onNext(264)) - client-DF3A7F9F7866->dd0a3b65-d36c-4f93-b232-3c8e6f6667b6: receive RaftClientReply:client-DF3A7F9F7866->dd0a3b65-d36c-4f93-b232-3c8e6f6667b6@group-B02456D89C11, cid=454, SUCCESS, logIndex=673, commits[dd0a3b65-d36c-4f93-b232-3c8e6f6667b6:c675]
2019-09-18 13:03:59,409 [grpc-default-executor-0] INFO  client.GrpcClientProtocolClient (GrpcClientProtocolClient.java:onNext(264)) - client-DF3A7F9F7866->dd0a3b65-d36c-4f93-b232-3c8e6f6667b6: receive RaftClientReply:client-DF3A7F9F7866->dd0a3b65-d36c-4f93-b232-3c8e6f6667b6@group-B02456D89C11, cid=455, SUCCESS, logIndex=674, commits[dd0a3b65-d36c-4f93-b232-3c8e6f6667b6:c676]
2019-09-18 13:03:59,409 [grpc-default-executor-0] INFO  client.GrpcClientProtocolClient (GrpcClientProtocolClient.java:onNext(264)) - client-DF3A7F9F7866->dd0a3b65-d36c-4f93-b232-3c8e6f6667b6: receive RaftClientReply:client-DF3A7F9F7866->dd0a3b65-d36c-4f93-b232-3c8e6f6667b6@group-B02456D89C11, cid=456, SUCCESS, logIndex=675, commits[dd0a3b65-d36c-4f93-b232-3c8e6f6667b6:c677]
2019-09-18 13:03:59,423 [SCMBlockDeletingService#1] DEBUG block.SCMBlockDeletingService (SCMBlockDeletingService.java:call(138)) - Running DeletedBlockTransactionScanner
2019-09-18 13:03:59,423 [SCMBlockDeletingService#1] DEBUG block.SCMBlockDeletingService (SCMBlockDeletingService.java:call(155)) - Scanned deleted blocks log and got 0 delTX to process.
2019-09-18 13:03:59,436 [grpc-default-executor-0] INFO  client.GrpcClientProtocolClient (GrpcClientProtocolClient.java:onNext(264)) - client-DF3A7F9F7866->dd0a3b65-d36c-4f93-b232-3c8e6f6667b6: receive RaftClientReply:client-DF3A7F9F7866->dd0a3b65-d36c-4f93-b232-3c8e6f6667b6@group-B02456D89C11, cid=457, SUCCESS, logIndex=678, commits[dd0a3b65-d36c-4f93-b232-3c8e6f6667b6:c679]
2019-09-18 13:03:59,436 [grpc-default-executor-0] INFO  client.GrpcClientProtocolClient (GrpcClientProtocolClient.java:onNext(264)) - client-DF3A7F9F7866->dd0a3b65-d36c-4f93-b232-3c8e6f6667b6: receive RaftClientReply:client-DF3A7F9F7866->dd0a3b65-d36c-4f93-b232-3c8e6f6667b6@group-B02456D89C11, cid=458, SUCCESS, logIndex=679, commits[dd0a3b65-d36c-4f93-b232-3c8e6f6667b6:c682]
2019-09-18 13:03:59,437 [grpc-default-executor-0] INFO  client.GrpcClientProtocolClient (GrpcClientProtocolClient.java:onNext(264)) - client-DF3A7F9F7866->dd0a3b65-d36c-4f93-b232-3c8e6f6667b6: receive RaftClientReply:client-DF3A7F9F7866->dd0a3b65-d36c-4f93-b232-3c8e6f6667b6@group-B02456D89C11, cid=459, SUCCESS, logIndex=680, commits[dd0a3b65-d36c-4f93-b232-3c8e6f6667b6:c682]
2019-09-18 13:03:59,437 [grpc-default-executor-0] INFO  client.GrpcClientProtocolClient (GrpcClientProtocolClient.java:onNext(264)) - client-DF3A7F9F7866->dd0a3b65-d36c-4f93-b232-3c8e6f6667b6: receive RaftClientReply:client-DF3A7F9F7866->dd0a3b65-d36c-4f93-b232-3c8e6f6667b6@group-B02456D89C11, cid=460, SUCCESS, logIndex=681, commits[dd0a3b65-d36c-4f93-b232-3c8e6f6667b6:c683]
2019-09-18 13:03:59,457 [grpc-default-executor-0] INFO  client.GrpcClientProtocolClient (GrpcClientProtocolClient.java:onNext(264)) - client-DF3A7F9F7866->dd0a3b65-d36c-4f93-b232-3c8e6f6667b6: receive RaftClientReply:client-DF3A7F9F7866->dd0a3b65-d36c-4f93-b232-3c8e6f6667b6@group-B02456D89C11, cid=461, SUCCESS, logIndex=684, commits[dd0a3b65-d36c-4f93-b232-3c8e6f6667b6:c685]
2019-09-18 13:03:59,458 [grpc-default-executor-0] INFO  client.GrpcClientProtocolClient (GrpcClientProtocolClient.java:onNext(264)) - client-DF3A7F9F7866->dd0a3b65-d36c-4f93-b232-3c8e6f6667b6: receive RaftClientReply:client-DF3A7F9F7866->dd0a3b65-d36c-4f93-b232-3c8e6f6667b6@group-B02456D89C11, cid=462, SUCCESS, logIndex=685, commits[dd0a3b65-d36c-4f93-b232-3c8e6f6667b6:c687]
2019-09-18 13:03:59,459 [grpc-default-executor-0] INFO  client.GrpcClientProtocolClient (GrpcClientProtocolClient.java:onNext(264)) - client-DF3A7F9F7866->dd0a3b65-d36c-4f93-b232-3c8e6f6667b6: receive RaftClientReply:client-DF3A7F9F7866->dd0a3b65-d36c-4f93-b232-3c8e6f6667b6@group-B02456D89C11, cid=463, SUCCESS, logIndex=686, commits[dd0a3b65-d36c-4f93-b232-3c8e6f6667b6:c688]
2019-09-18 13:03:59,459 [grpc-default-executor-0] INFO  client.GrpcClientProtocolClient (GrpcClientProtocolClient.java:onNext(264)) - client-DF3A7F9F7866->dd0a3b65-d36c-4f93-b232-3c8e6f6667b6: receive RaftClientReply:client-DF3A7F9F7866->dd0a3b65-d36c-4f93-b232-3c8e6f6667b6@group-B02456D89C11, cid=464, SUCCESS, logIndex=687, commits[dd0a3b65-d36c-4f93-b232-3c8e6f6667b6:c689]
2019-09-18 13:03:59,486 [grpc-default-executor-0] INFO  client.GrpcClientProtocolClient (GrpcClientProtocolClient.java:onNext(264)) - client-DF3A7F9F7866->dd0a3b65-d36c-4f93-b232-3c8e6f6667b6: receive RaftClientReply:client-DF3A7F9F7866->dd0a3b65-d36c-4f93-b232-3c8e6f6667b6@group-B02456D89C11, cid=465, SUCCESS, logIndex=690, commits[dd0a3b65-d36c-4f93-b232-3c8e6f6667b6:c691]
2019-09-18 13:03:59,487 [grpc-default-executor-0] INFO  client.GrpcClientProtocolClient (GrpcClientProtocolClient.java:onNext(264)) - client-DF3A7F9F7866->dd0a3b65-d36c-4f93-b232-3c8e6f6667b6: receive RaftClientReply:client-DF3A7F9F7866->dd0a3b65-d36c-4f93-b232-3c8e6f6667b6@group-B02456D89C11, cid=466, SUCCESS, logIndex=691, commits[dd0a3b65-d36c-4f93-b232-3c8e6f6667b6:c693]
2019-09-18 13:03:59,488 [grpc-default-executor-0] INFO  client.GrpcClientProtocolClient (GrpcClientProtocolClient.java:onNext(264)) - client-DF3A7F9F7866->dd0a3b65-d36c-4f93-b232-3c8e6f6667b6: receive RaftClientReply:client-DF3A7F9F7866->dd0a3b65-d36c-4f93-b232-3c8e6f6667b6@group-B02456D89C11, cid=467, SUCCESS, logIndex=692, commits[dd0a3b65-d36c-4f93-b232-3c8e6f6667b6:c694]
2019-09-18 13:03:59,488 [grpc-default-executor-0] INFO  client.GrpcClientProtocolClient (GrpcClientProtocolClient.java:onNext(264)) - client-DF3A7F9F7866->dd0a3b65-d36c-4f93-b232-3c8e6f6667b6: receive RaftClientReply:client-DF3A7F9F7866->dd0a3b65-d36c-4f93-b232-3c8e6f6667b6@group-B02456D89C11, cid=468, SUCCESS, logIndex=693, commits[dd0a3b65-d36c-4f93-b232-3c8e6f6667b6:c695]
2019-09-18 13:03:59,515 [grpc-default-executor-1] INFO  client.GrpcClientProtocolClient (GrpcClientProtocolClient.java:onNext(264)) - client-DF3A7F9F7866->dd0a3b65-d36c-4f93-b232-3c8e6f6667b6: receive RaftClientReply:client-DF3A7F9F7866->dd0a3b65-d36c-4f93-b232-3c8e6f6667b6@group-B02456D89C11, cid=469, SUCCESS, logIndex=696, commits[dd0a3b65-d36c-4f93-b232-3c8e6f6667b6:c697]
2019-09-18 13:03:59,516 [grpc-default-executor-1] INFO  client.GrpcClientProtocolClient (GrpcClientProtocolClient.java:onNext(264)) - client-DF3A7F9F7866->dd0a3b65-d36c-4f93-b232-3c8e6f6667b6: receive RaftClientReply:client-DF3A7F9F7866->dd0a3b65-d36c-4f93-b232-3c8e6f6667b6@group-B02456D89C11, cid=470, SUCCESS, logIndex=697, commits[dd0a3b65-d36c-4f93-b232-3c8e6f6667b6:c699]
2019-09-18 13:03:59,516 [grpc-default-executor-1] INFO  client.GrpcClientProtocolClient (GrpcClientProtocolClient.java:onNext(264)) - client-DF3A7F9F7866->dd0a3b65-d36c-4f93-b232-3c8e6f6667b6: receive RaftClientReply:client-DF3A7F9F7866->dd0a3b65-d36c-4f93-b232-3c8e6f6667b6@group-B02456D89C11, cid=471, SUCCESS, logIndex=698, commits[dd0a3b65-d36c-4f93-b232-3c8e6f6667b6:c700]
2019-09-18 13:03:59,517 [grpc-default-executor-1] INFO  client.GrpcClientProtocolClient (GrpcClientProtocolClient.java:onNext(264)) - client-DF3A7F9F7866->dd0a3b65-d36c-4f93-b232-3c8e6f6667b6: receive RaftClientReply:client-DF3A7F9F7866->dd0a3b65-d36c-4f93-b232-3c8e6f6667b6@group-B02456D89C11, cid=472, SUCCESS, logIndex=699, commits[dd0a3b65-d36c-4f93-b232-3c8e6f6667b6:c701]
2019-09-18 13:03:59,524 [SCMBlockDeletingService#1] DEBUG block.SCMBlockDeletingService (SCMBlockDeletingService.java:call(138)) - Running DeletedBlockTransactionScanner
2019-09-18 13:03:59,524 [SCMBlockDeletingService#1] DEBUG block.SCMBlockDeletingService (SCMBlockDeletingService.java:call(155)) - Scanned deleted blocks log and got 0 delTX to process.
2019-09-18 13:03:59,545 [grpc-default-executor-1] INFO  client.GrpcClientProtocolClient (GrpcClientProtocolClient.java:onNext(264)) - client-DF3A7F9F7866->dd0a3b65-d36c-4f93-b232-3c8e6f6667b6: receive RaftClientReply:client-DF3A7F9F7866->dd0a3b65-d36c-4f93-b232-3c8e6f6667b6@group-B02456D89C11, cid=473, SUCCESS, logIndex=702, commits[dd0a3b65-d36c-4f93-b232-3c8e6f6667b6:c703]
2019-09-18 13:03:59,546 [grpc-default-executor-1] INFO  client.GrpcClientProtocolClient (GrpcClientProtocolClient.java:onNext(264)) - client-DF3A7F9F7866->dd0a3b65-d36c-4f93-b232-3c8e6f6667b6: receive RaftClientReply:client-DF3A7F9F7866->dd0a3b65-d36c-4f93-b232-3c8e6f6667b6@group-B02456D89C11, cid=474, SUCCESS, logIndex=703, commits[dd0a3b65-d36c-4f93-b232-3c8e6f6667b6:c705]
2019-09-18 13:03:59,546 [grpc-default-executor-1] INFO  client.GrpcClientProtocolClient (GrpcClientProtocolClient.java:onNext(264)) - client-DF3A7F9F7866->dd0a3b65-d36c-4f93-b232-3c8e6f6667b6: receive RaftClientReply:client-DF3A7F9F7866->dd0a3b65-d36c-4f93-b232-3c8e6f6667b6@group-B02456D89C11, cid=475, SUCCESS, logIndex=704, commits[dd0a3b65-d36c-4f93-b232-3c8e6f6667b6:c705]
2019-09-18 13:03:59,547 [grpc-default-executor-1] INFO  client.GrpcClientProtocolClient (GrpcClientProtocolClient.java:onNext(264)) - client-DF3A7F9F7866->dd0a3b65-d36c-4f93-b232-3c8e6f6667b6: receive RaftClientReply:client-DF3A7F9F7866->dd0a3b65-d36c-4f93-b232-3c8e6f6667b6@group-B02456D89C11, cid=476, SUCCESS, logIndex=705, commits[dd0a3b65-d36c-4f93-b232-3c8e6f6667b6:c706]
2019-09-18 13:03:59,567 [grpc-default-executor-1] INFO  client.GrpcClientProtocolClient (GrpcClientProtocolClient.java:onNext(264)) - client-DF3A7F9F7866->dd0a3b65-d36c-4f93-b232-3c8e6f6667b6: receive RaftClientReply:client-DF3A7F9F7866->dd0a3b65-d36c-4f93-b232-3c8e6f6667b6@group-B02456D89C11, cid=477, SUCCESS, logIndex=708, commits[dd0a3b65-d36c-4f93-b232-3c8e6f6667b6:c709]
2019-09-18 13:03:59,567 [grpc-default-executor-1] INFO  client.GrpcClientProtocolClient (GrpcClientProtocolClient.java:onNext(264)) - client-DF3A7F9F7866->dd0a3b65-d36c-4f93-b232-3c8e6f6667b6: receive RaftClientReply:client-DF3A7F9F7866->dd0a3b65-d36c-4f93-b232-3c8e6f6667b6@group-B02456D89C11, cid=478, SUCCESS, logIndex=709, commits[dd0a3b65-d36c-4f93-b232-3c8e6f6667b6:c711]
2019-09-18 13:03:59,567 [grpc-default-executor-1] INFO  client.GrpcClientProtocolClient (GrpcClientProtocolClient.java:onNext(264)) - client-DF3A7F9F7866->dd0a3b65-d36c-4f93-b232-3c8e6f6667b6: receive RaftClientReply:client-DF3A7F9F7866->dd0a3b65-d36c-4f93-b232-3c8e6f6667b6@group-B02456D89C11, cid=479, SUCCESS, logIndex=710, commits[dd0a3b65-d36c-4f93-b232-3c8e6f6667b6:c711]
2019-09-18 13:03:59,568 [grpc-default-executor-1] INFO  client.GrpcClientProtocolClient (GrpcClientProtocolClient.java:onNext(264)) - client-DF3A7F9F7866->dd0a3b65-d36c-4f93-b232-3c8e6f6667b6: receive RaftClientReply:client-DF3A7F9F7866->dd0a3b65-d36c-4f93-b232-3c8e6f6667b6@group-B02456D89C11, cid=480, SUCCESS, logIndex=711, commits[dd0a3b65-d36c-4f93-b232-3c8e6f6667b6:c712]
2019-09-18 13:03:59,663 [SCMBlockDeletingService#1] DEBUG block.SCMBlockDeletingService (SCMBlockDeletingService.java:call(138)) - Running DeletedBlockTransactionScanner
2019-09-18 13:03:59,663 [SCMBlockDeletingService#1] DEBUG block.SCMBlockDeletingService (SCMBlockDeletingService.java:call(155)) - Scanned deleted blocks log and got 0 delTX to process.
2019-09-18 13:03:59,679 [grpc-default-executor-0] INFO  client.GrpcClientProtocolClient (GrpcClientProtocolClient.java:onNext(264)) - client-DF3A7F9F7866->dd0a3b65-d36c-4f93-b232-3c8e6f6667b6: receive RaftClientReply:client-DF3A7F9F7866->dd0a3b65-d36c-4f93-b232-3c8e6f6667b6@group-B02456D89C11, cid=481, SUCCESS, logIndex=714, commits[dd0a3b65-d36c-4f93-b232-3c8e6f6667b6:c715]
2019-09-18 13:03:59,680 [grpc-default-executor-0] INFO  client.GrpcClientProtocolClient (GrpcClientProtocolClient.java:onNext(264)) - client-DF3A7F9F7866->dd0a3b65-d36c-4f93-b232-3c8e6f6667b6: receive RaftClientReply:client-DF3A7F9F7866->dd0a3b65-d36c-4f93-b232-3c8e6f6667b6@group-B02456D89C11, cid=482, SUCCESS, logIndex=715, commits[dd0a3b65-d36c-4f93-b232-3c8e6f6667b6:c717]
2019-09-18 13:03:59,681 [grpc-default-executor-0] INFO  client.GrpcClientProtocolClient (GrpcClientProtocolClient.java:onNext(264)) - client-DF3A7F9F7866->dd0a3b65-d36c-4f93-b232-3c8e6f6667b6: receive RaftClientReply:client-DF3A7F9F7866->dd0a3b65-d36c-4f93-b232-3c8e6f6667b6@group-B02456D89C11, cid=483, SUCCESS, logIndex=716, commits[dd0a3b65-d36c-4f93-b232-3c8e6f6667b6:c718]
2019-09-18 13:03:59,681 [grpc-default-executor-0] INFO  client.GrpcClientProtocolClient (GrpcClientProtocolClient.java:onNext(264)) - client-DF3A7F9F7866->dd0a3b65-d36c-4f93-b232-3c8e6f6667b6: receive RaftClientReply:client-DF3A7F9F7866->dd0a3b65-d36c-4f93-b232-3c8e6f6667b6@group-B02456D89C11, cid=484, SUCCESS, logIndex=717, commits[dd0a3b65-d36c-4f93-b232-3c8e6f6667b6:c718]
2019-09-18 13:03:59,704 [grpc-default-executor-0] INFO  client.GrpcClientProtocolClient (GrpcClientProtocolClient.java:onNext(264)) - client-DF3A7F9F7866->dd0a3b65-d36c-4f93-b232-3c8e6f6667b6: receive RaftClientReply:client-DF3A7F9F7866->dd0a3b65-d36c-4f93-b232-3c8e6f6667b6@group-B02456D89C11, cid=485, SUCCESS, logIndex=720, commits[dd0a3b65-d36c-4f93-b232-3c8e6f6667b6:c721]
2019-09-18 13:03:59,704 [grpc-default-executor-0] INFO  client.GrpcClientProtocolClient (GrpcClientProtocolClient.java:onNext(264)) - client-DF3A7F9F7866->dd0a3b65-d36c-4f93-b232-3c8e6f6667b6: receive RaftClientReply:client-DF3A7F9F7866->dd0a3b65-d36c-4f93-b232-3c8e6f6667b6@group-B02456D89C11, cid=486, SUCCESS, logIndex=721, commits[dd0a3b65-d36c-4f93-b232-3c8e6f6667b6:c721]
2019-09-18 13:03:59,763 [SCMBlockDeletingService#1] DEBUG block.SCMBlockDeletingService (SCMBlockDeletingService.java:call(138)) - Running DeletedBlockTransactionScanner
2019-09-18 13:03:59,764 [SCMBlockDeletingService#1] DEBUG block.SCMBlockDeletingService (SCMBlockDeletingService.java:call(155)) - Scanned deleted blocks log and got 0 delTX to process.
2019-09-18 13:03:59,825 [grpc-default-executor-1] INFO  client.GrpcClientProtocolClient (GrpcClientProtocolClient.java:onNext(264)) - client-DF3A7F9F7866->dd0a3b65-d36c-4f93-b232-3c8e6f6667b6: receive RaftClientReply:client-DF3A7F9F7866->dd0a3b65-d36c-4f93-b232-3c8e6f6667b6@group-B02456D89C11, cid=487, SUCCESS, logIndex=723, commits[dd0a3b65-d36c-4f93-b232-3c8e6f6667b6:c724]
2019-09-18 13:03:59,826 [grpc-default-executor-1] INFO  client.GrpcClientProtocolClient (GrpcClientProtocolClient.java:onNext(264)) - client-DF3A7F9F7866->dd0a3b65-d36c-4f93-b232-3c8e6f6667b6: receive RaftClientReply:client-DF3A7F9F7866->dd0a3b65-d36c-4f93-b232-3c8e6f6667b6@group-B02456D89C11, cid=488, SUCCESS, logIndex=724, commits[dd0a3b65-d36c-4f93-b232-3c8e6f6667b6:c724]
2019-09-18 13:03:59,862 [grpc-default-executor-1] INFO  client.GrpcClientProtocolClient (GrpcClientProtocolClient.java:onNext(264)) - client-DF3A7F9F7866->dd0a3b65-d36c-4f93-b232-3c8e6f6667b6: receive RaftClientReply:client-DF3A7F9F7866->dd0a3b65-d36c-4f93-b232-3c8e6f6667b6@group-B02456D89C11, cid=489, SUCCESS, logIndex=726, commits[dd0a3b65-d36c-4f93-b232-3c8e6f6667b6:c729]
2019-09-18 13:03:59,863 [grpc-default-executor-1] INFO  client.GrpcClientProtocolClient (GrpcClientProtocolClient.java:onNext(264)) - client-DF3A7F9F7866->dd0a3b65-d36c-4f93-b232-3c8e6f6667b6: receive RaftClientReply:client-DF3A7F9F7866->dd0a3b65-d36c-4f93-b232-3c8e6f6667b6@group-B02456D89C11, cid=490, SUCCESS, logIndex=727, commits[dd0a3b65-d36c-4f93-b232-3c8e6f6667b6:c730]
2019-09-18 13:03:59,864 [grpc-default-executor-1] INFO  client.GrpcClientProtocolClient (GrpcClientProtocolClient.java:onNext(264)) - client-DF3A7F9F7866->dd0a3b65-d36c-4f93-b232-3c8e6f6667b6: receive RaftClientReply:client-DF3A7F9F7866->dd0a3b65-d36c-4f93-b232-3c8e6f6667b6@group-B02456D89C11, cid=491, SUCCESS, logIndex=728, commits[dd0a3b65-d36c-4f93-b232-3c8e6f6667b6:c730]
2019-09-18 13:03:59,864 [grpc-default-executor-1] INFO  client.GrpcClientProtocolClient (GrpcClientProtocolClient.java:onNext(264)) - client-DF3A7F9F7866->dd0a3b65-d36c-4f93-b232-3c8e6f6667b6: receive RaftClientReply:client-DF3A7F9F7866->dd0a3b65-d36c-4f93-b232-3c8e6f6667b6@group-B02456D89C11, cid=492, SUCCESS, logIndex=729, commits[dd0a3b65-d36c-4f93-b232-3c8e6f6667b6:c730]
2019-09-18 13:03:59,864 [SCMBlockDeletingService#1] DEBUG block.SCMBlockDeletingService (SCMBlockDeletingService.java:call(138)) - Running DeletedBlockTransactionScanner
2019-09-18 13:03:59,865 [SCMBlockDeletingService#1] DEBUG block.SCMBlockDeletingService (SCMBlockDeletingService.java:call(155)) - Scanned deleted blocks log and got 0 delTX to process.
2019-09-18 13:03:59,890 [grpc-default-executor-1] INFO  client.GrpcClientProtocolClient (GrpcClientProtocolClient.java:onNext(264)) - client-DF3A7F9F7866->dd0a3b65-d36c-4f93-b232-3c8e6f6667b6: receive RaftClientReply:client-DF3A7F9F7866->dd0a3b65-d36c-4f93-b232-3c8e6f6667b6@group-B02456D89C11, cid=493, SUCCESS, logIndex=731, commits[dd0a3b65-d36c-4f93-b232-3c8e6f6667b6:c734]
2019-09-18 13:03:59,890 [grpc-default-executor-1] INFO  client.GrpcClientProtocolClient (GrpcClientProtocolClient.java:onNext(264)) - client-DF3A7F9F7866->dd0a3b65-d36c-4f93-b232-3c8e6f6667b6: receive RaftClientReply:client-DF3A7F9F7866->dd0a3b65-d36c-4f93-b232-3c8e6f6667b6@group-B02456D89C11, cid=494, SUCCESS, logIndex=732, commits[dd0a3b65-d36c-4f93-b232-3c8e6f6667b6:c734]
2019-09-18 13:03:59,891 [grpc-default-executor-1] INFO  client.GrpcClientProtocolClient (GrpcClientProtocolClient.java:onNext(264)) - client-DF3A7F9F7866->dd0a3b65-d36c-4f93-b232-3c8e6f6667b6: receive RaftClientReply:client-DF3A7F9F7866->dd0a3b65-d36c-4f93-b232-3c8e6f6667b6@group-B02456D89C11, cid=495, SUCCESS, logIndex=733, commits[dd0a3b65-d36c-4f93-b232-3c8e6f6667b6:c735]
2019-09-18 13:03:59,892 [grpc-default-executor-1] INFO  client.GrpcClientProtocolClient (GrpcClientProtocolClient.java:onNext(264)) - client-DF3A7F9F7866->dd0a3b65-d36c-4f93-b232-3c8e6f6667b6: receive RaftClientReply:client-DF3A7F9F7866->dd0a3b65-d36c-4f93-b232-3c8e6f6667b6@group-B02456D89C11, cid=496, SUCCESS, logIndex=734, commits[dd0a3b65-d36c-4f93-b232-3c8e6f6667b6:c735]
2019-09-18 13:03:59,919 [grpc-default-executor-1] INFO  client.GrpcClientProtocolClient (GrpcClientProtocolClient.java:onNext(264)) - client-DF3A7F9F7866->dd0a3b65-d36c-4f93-b232-3c8e6f6667b6: receive RaftClientReply:client-DF3A7F9F7866->dd0a3b65-d36c-4f93-b232-3c8e6f6667b6@group-B02456D89C11, cid=497, SUCCESS, logIndex=736, commits[dd0a3b65-d36c-4f93-b232-3c8e6f6667b6:c739]
2019-09-18 13:03:59,920 [grpc-default-executor-1] INFO  client.GrpcClientProtocolClient (GrpcClientProtocolClient.java:onNext(264)) - client-DF3A7F9F7866->dd0a3b65-d36c-4f93-b232-3c8e6f6667b6: receive RaftClientReply:client-DF3A7F9F7866->dd0a3b65-d36c-4f93-b232-3c8e6f6667b6@group-B02456D89C11, cid=498, SUCCESS, logIndex=737, commits[dd0a3b65-d36c-4f93-b232-3c8e6f6667b6:c740]
2019-09-18 13:03:59,921 [grpc-default-executor-1] INFO  client.GrpcClientProtocolClient (GrpcClientProtocolClient.java:onNext(264)) - client-DF3A7F9F7866->dd0a3b65-d36c-4f93-b232-3c8e6f6667b6: receive RaftClientReply:client-DF3A7F9F7866->dd0a3b65-d36c-4f93-b232-3c8e6f6667b6@group-B02456D89C11, cid=499, SUCCESS, logIndex=738, commits[dd0a3b65-d36c-4f93-b232-3c8e6f6667b6:c741]
2019-09-18 13:03:59,921 [grpc-default-executor-1] INFO  client.GrpcClientProtocolClient (GrpcClientProtocolClient.java:onNext(264)) - client-DF3A7F9F7866->dd0a3b65-d36c-4f93-b232-3c8e6f6667b6: receive RaftClientReply:client-DF3A7F9F7866->dd0a3b65-d36c-4f93-b232-3c8e6f6667b6@group-B02456D89C11, cid=500, SUCCESS, logIndex=739, commits[dd0a3b65-d36c-4f93-b232-3c8e6f6667b6:c741]
2019-09-18 13:03:59,950 [grpc-default-executor-0] INFO  client.GrpcClientProtocolClient (GrpcClientProtocolClient.java:onNext(264)) - client-DF3A7F9F7866->dd0a3b65-d36c-4f93-b232-3c8e6f6667b6: receive RaftClientReply:client-DF3A7F9F7866->dd0a3b65-d36c-4f93-b232-3c8e6f6667b6@group-B02456D89C11, cid=501, SUCCESS, logIndex=742, commits[dd0a3b65-d36c-4f93-b232-3c8e6f6667b6:c743]
2019-09-18 13:03:59,951 [grpc-default-executor-0] INFO  client.GrpcClientProtocolClient (GrpcClientProtocolClient.java:onNext(264)) - client-DF3A7F9F7866->dd0a3b65-d36c-4f93-b232-3c8e6f6667b6: receive RaftClientReply:client-DF3A7F9F7866->dd0a3b65-d36c-4f93-b232-3c8e6f6667b6@group-B02456D89C11, cid=502, SUCCESS, logIndex=743, commits[dd0a3b65-d36c-4f93-b232-3c8e6f6667b6:c746]
2019-09-18 13:03:59,951 [grpc-default-executor-0] INFO  client.GrpcClientProtocolClient (GrpcClientProtocolClient.java:onNext(264)) - client-DF3A7F9F7866->dd0a3b65-d36c-4f93-b232-3c8e6f6667b6: receive RaftClientReply:client-DF3A7F9F7866->dd0a3b65-d36c-4f93-b232-3c8e6f6667b6@group-B02456D89C11, cid=503, SUCCESS, logIndex=744, commits[dd0a3b65-d36c-4f93-b232-3c8e6f6667b6:c746]
2019-09-18 13:03:59,952 [grpc-default-executor-0] INFO  client.GrpcClientProtocolClient (GrpcClientProtocolClient.java:onNext(264)) - client-DF3A7F9F7866->dd0a3b65-d36c-4f93-b232-3c8e6f6667b6: receive RaftClientReply:client-DF3A7F9F7866->dd0a3b65-d36c-4f93-b232-3c8e6f6667b6@group-B02456D89C11, cid=504, SUCCESS, logIndex=745, commits[dd0a3b65-d36c-4f93-b232-3c8e6f6667b6:c747]
2019-09-18 13:03:59,965 [SCMBlockDeletingService#1] DEBUG block.SCMBlockDeletingService (SCMBlockDeletingService.java:call(138)) - Running DeletedBlockTransactionScanner
2019-09-18 13:03:59,965 [SCMBlockDeletingService#1] DEBUG block.SCMBlockDeletingService (SCMBlockDeletingService.java:call(155)) - Scanned deleted blocks log and got 0 delTX to process.
2019-09-18 13:03:59,984 [grpc-default-executor-0] INFO  client.GrpcClientProtocolClient (GrpcClientProtocolClient.java:onNext(264)) - client-DF3A7F9F7866->dd0a3b65-d36c-4f93-b232-3c8e6f6667b6: receive RaftClientReply:client-DF3A7F9F7866->dd0a3b65-d36c-4f93-b232-3c8e6f6667b6@group-B02456D89C11, cid=505, SUCCESS, logIndex=748, commits[dd0a3b65-d36c-4f93-b232-3c8e6f6667b6:c749]
2019-09-18 13:03:59,984 [grpc-default-executor-0] INFO  client.GrpcClientProtocolClient (GrpcClientProtocolClient.java:onNext(264)) - client-DF3A7F9F7866->dd0a3b65-d36c-4f93-b232-3c8e6f6667b6: receive RaftClientReply:client-DF3A7F9F7866->dd0a3b65-d36c-4f93-b232-3c8e6f6667b6@group-B02456D89C11, cid=506, SUCCESS, logIndex=749, commits[dd0a3b65-d36c-4f93-b232-3c8e6f6667b6:c751]
2019-09-18 13:03:59,985 [grpc-default-executor-0] INFO  client.GrpcClientProtocolClient (GrpcClientProtocolClient.java:onNext(264)) - client-DF3A7F9F7866->dd0a3b65-d36c-4f93-b232-3c8e6f6667b6: receive RaftClientReply:client-DF3A7F9F7866->dd0a3b65-d36c-4f93-b232-3c8e6f6667b6@group-B02456D89C11, cid=507, SUCCESS, logIndex=750, commits[dd0a3b65-d36c-4f93-b232-3c8e6f6667b6:c752]
2019-09-18 13:03:59,986 [grpc-default-executor-0] INFO  client.GrpcClientProtocolClient (GrpcClientProtocolClient.java:onNext(264)) - client-DF3A7F9F7866->dd0a3b65-d36c-4f93-b232-3c8e6f6667b6: receive RaftClientReply:client-DF3A7F9F7866->dd0a3b65-d36c-4f93-b232-3c8e6f6667b6@group-B02456D89C11, cid=508, SUCCESS, logIndex=751, commits[dd0a3b65-d36c-4f93-b232-3c8e6f6667b6:c753]
2019-09-18 13:04:00,016 [grpc-default-executor-0] INFO  client.GrpcClientProtocolClient (GrpcClientProtocolClient.java:onNext(264)) - client-DF3A7F9F7866->dd0a3b65-d36c-4f93-b232-3c8e6f6667b6: receive RaftClientReply:client-DF3A7F9F7866->dd0a3b65-d36c-4f93-b232-3c8e6f6667b6@group-B02456D89C11, cid=509, SUCCESS, logIndex=754, commits[dd0a3b65-d36c-4f93-b232-3c8e6f6667b6:c755]
2019-09-18 13:04:00,017 [grpc-default-executor-0] INFO  client.GrpcClientProtocolClient (GrpcClientProtocolClient.java:onNext(264)) - client-DF3A7F9F7866->dd0a3b65-d36c-4f93-b232-3c8e6f6667b6: receive RaftClientReply:client-DF3A7F9F7866->dd0a3b65-d36c-4f93-b232-3c8e6f6667b6@group-B02456D89C11, cid=510, SUCCESS, logIndex=755, commits[dd0a3b65-d36c-4f93-b232-3c8e6f6667b6:c755]
2019-09-18 13:04:00,020 [grpc-default-executor-0] INFO  client.GrpcClientProtocolClient (GrpcClientProtocolClient.java:onNext(264)) - client-DF3A7F9F7866->dd0a3b65-d36c-4f93-b232-3c8e6f6667b6: receive RaftClientReply:client-DF3A7F9F7866->dd0a3b65-d36c-4f93-b232-3c8e6f6667b6@group-B02456D89C11, cid=511, SUCCESS, logIndex=756, commits[dd0a3b65-d36c-4f93-b232-3c8e6f6667b6:c757]
2019-09-18 13:04:00,021 [grpc-default-executor-0] INFO  client.GrpcClientProtocolClient (GrpcClientProtocolClient.java:onNext(264)) - client-DF3A7F9F7866->dd0a3b65-d36c-4f93-b232-3c8e6f6667b6: receive RaftClientReply:client-DF3A7F9F7866->dd0a3b65-d36c-4f93-b232-3c8e6f6667b6@group-B02456D89C11, cid=512, SUCCESS, logIndex=757, commits[dd0a3b65-d36c-4f93-b232-3c8e6f6667b6:c758]
2019-09-18 13:04:00,066 [SCMBlockDeletingService#1] DEBUG block.SCMBlockDeletingService (SCMBlockDeletingService.java:call(138)) - Running DeletedBlockTransactionScanner
2019-09-18 13:04:00,066 [SCMBlockDeletingService#1] DEBUG block.SCMBlockDeletingService (SCMBlockDeletingService.java:call(155)) - Scanned deleted blocks log and got 0 delTX to process.
2019-09-18 13:04:00,067 [grpc-default-executor-0] INFO  client.GrpcClientProtocolClient (GrpcClientProtocolClient.java:onNext(264)) - client-DF3A7F9F7866->dd0a3b65-d36c-4f93-b232-3c8e6f6667b6: receive RaftClientReply:client-DF3A7F9F7866->dd0a3b65-d36c-4f93-b232-3c8e6f6667b6@group-B02456D89C11, cid=513, SUCCESS, logIndex=760, commits[dd0a3b65-d36c-4f93-b232-3c8e6f6667b6:c763]
2019-09-18 13:04:00,068 [grpc-default-executor-0] INFO  client.GrpcClientProtocolClient (GrpcClientProtocolClient.java:onNext(264)) - client-DF3A7F9F7866->dd0a3b65-d36c-4f93-b232-3c8e6f6667b6: receive RaftClientReply:client-DF3A7F9F7866->dd0a3b65-d36c-4f93-b232-3c8e6f6667b6@group-B02456D89C11, cid=514, SUCCESS, logIndex=761, commits[dd0a3b65-d36c-4f93-b232-3c8e6f6667b6:c763]
2019-09-18 13:04:00,068 [grpc-default-executor-0] INFO  client.GrpcClientProtocolClient (GrpcClientProtocolClient.java:onNext(264)) - client-DF3A7F9F7866->dd0a3b65-d36c-4f93-b232-3c8e6f6667b6: receive RaftClientReply:client-DF3A7F9F7866->dd0a3b65-d36c-4f93-b232-3c8e6f6667b6@group-B02456D89C11, cid=515, SUCCESS, logIndex=762, commits[dd0a3b65-d36c-4f93-b232-3c8e6f6667b6:c764]
2019-09-18 13:04:00,069 [grpc-default-executor-0] INFO  client.GrpcClientProtocolClient (GrpcClientProtocolClient.java:onNext(264)) - client-DF3A7F9F7866->dd0a3b65-d36c-4f93-b232-3c8e6f6667b6: receive RaftClientReply:client-DF3A7F9F7866->dd0a3b65-d36c-4f93-b232-3c8e6f6667b6@group-B02456D89C11, cid=516, SUCCESS, logIndex=763, commits[dd0a3b65-d36c-4f93-b232-3c8e6f6667b6:c764]
2019-09-18 13:04:00,091 [grpc-default-executor-1] INFO  client.GrpcClientProtocolClient (GrpcClientProtocolClient.java:onNext(264)) - client-DF3A7F9F7866->dd0a3b65-d36c-4f93-b232-3c8e6f6667b6: receive RaftClientReply:client-DF3A7F9F7866->dd0a3b65-d36c-4f93-b232-3c8e6f6667b6@group-B02456D89C11, cid=517, SUCCESS, logIndex=765, commits[dd0a3b65-d36c-4f93-b232-3c8e6f6667b6:c766]
2019-09-18 13:04:00,091 [grpc-default-executor-1] INFO  client.GrpcClientProtocolClient (GrpcClientProtocolClient.java:onNext(264)) - client-DF3A7F9F7866->dd0a3b65-d36c-4f93-b232-3c8e6f6667b6: receive RaftClientReply:client-DF3A7F9F7866->dd0a3b65-d36c-4f93-b232-3c8e6f6667b6@group-B02456D89C11, cid=518, SUCCESS, logIndex=766, commits[dd0a3b65-d36c-4f93-b232-3c8e6f6667b6:c768]
2019-09-18 13:04:00,092 [grpc-default-executor-1] INFO  client.GrpcClientProtocolClient (GrpcClientProtocolClient.java:onNext(264)) - client-DF3A7F9F7866->dd0a3b65-d36c-4f93-b232-3c8e6f6667b6: receive RaftClientReply:client-DF3A7F9F7866->dd0a3b65-d36c-4f93-b232-3c8e6f6667b6@group-B02456D89C11, cid=519, SUCCESS, logIndex=767, commits[dd0a3b65-d36c-4f93-b232-3c8e6f6667b6:c769]
2019-09-18 13:04:00,092 [grpc-default-executor-1] INFO  client.GrpcClientProtocolClient (GrpcClientProtocolClient.java:onNext(264)) - client-DF3A7F9F7866->dd0a3b65-d36c-4f93-b232-3c8e6f6667b6: receive RaftClientReply:client-DF3A7F9F7866->dd0a3b65-d36c-4f93-b232-3c8e6f6667b6@group-B02456D89C11, cid=520, SUCCESS, logIndex=768, commits[dd0a3b65-d36c-4f93-b232-3c8e6f6667b6:c769]
2019-09-18 13:04:00,121 [grpc-default-executor-1] INFO  client.GrpcClientProtocolClient (GrpcClientProtocolClient.java:onNext(264)) - client-DF3A7F9F7866->dd0a3b65-d36c-4f93-b232-3c8e6f6667b6: receive RaftClientReply:client-DF3A7F9F7866->dd0a3b65-d36c-4f93-b232-3c8e6f6667b6@group-B02456D89C11, cid=521, SUCCESS, logIndex=771, commits[dd0a3b65-d36c-4f93-b232-3c8e6f6667b6:c772]
2019-09-18 13:04:00,122 [grpc-default-executor-1] INFO  client.GrpcClientProtocolClient (GrpcClientProtocolClient.java:onNext(264)) - client-DF3A7F9F7866->dd0a3b65-d36c-4f93-b232-3c8e6f6667b6: receive RaftClientReply:client-DF3A7F9F7866->dd0a3b65-d36c-4f93-b232-3c8e6f6667b6@group-B02456D89C11, cid=522, SUCCESS, logIndex=772, commits[dd0a3b65-d36c-4f93-b232-3c8e6f6667b6:c774]
2019-09-18 13:04:00,122 [grpc-default-executor-1] INFO  client.GrpcClientProtocolClient (GrpcClientProtocolClient.java:onNext(264)) - client-DF3A7F9F7866->dd0a3b65-d36c-4f93-b232-3c8e6f6667b6: receive RaftClientReply:client-DF3A7F9F7866->dd0a3b65-d36c-4f93-b232-3c8e6f6667b6@group-B02456D89C11, cid=523, SUCCESS, logIndex=773, commits[dd0a3b65-d36c-4f93-b232-3c8e6f6667b6:c774]
2019-09-18 13:04:00,123 [grpc-default-executor-1] INFO  client.GrpcClientProtocolClient (GrpcClientProtocolClient.java:onNext(264)) - client-DF3A7F9F7866->dd0a3b65-d36c-4f93-b232-3c8e6f6667b6: receive RaftClientReply:client-DF3A7F9F7866->dd0a3b65-d36c-4f93-b232-3c8e6f6667b6@group-B02456D89C11, cid=524, SUCCESS, logIndex=774, commits[dd0a3b65-d36c-4f93-b232-3c8e6f6667b6:c775]
2019-09-18 13:04:00,147 [grpc-default-executor-0] INFO  client.GrpcClientProtocolClient (GrpcClientProtocolClient.java:onNext(264)) - client-DF3A7F9F7866->dd0a3b65-d36c-4f93-b232-3c8e6f6667b6: receive RaftClientReply:client-DF3A7F9F7866->dd0a3b65-d36c-4f93-b232-3c8e6f6667b6@group-B02456D89C11, cid=525, SUCCESS, logIndex=777, commits[dd0a3b65-d36c-4f93-b232-3c8e6f6667b6:c780]
2019-09-18 13:04:00,147 [grpc-default-executor-0] INFO  client.GrpcClientProtocolClient (GrpcClientProtocolClient.java:onNext(264)) - client-DF3A7F9F7866->dd0a3b65-d36c-4f93-b232-3c8e6f6667b6: receive RaftClientReply:client-DF3A7F9F7866->dd0a3b65-d36c-4f93-b232-3c8e6f6667b6@group-B02456D89C11, cid=526, SUCCESS, logIndex=778, commits[dd0a3b65-d36c-4f93-b232-3c8e6f6667b6:c781]
2019-09-18 13:04:00,148 [grpc-default-executor-0] INFO  client.GrpcClientProtocolClient (GrpcClientProtocolClient.java:onNext(264)) - client-DF3A7F9F7866->dd0a3b65-d36c-4f93-b232-3c8e6f6667b6: receive RaftClientReply:client-DF3A7F9F7866->dd0a3b65-d36c-4f93-b232-3c8e6f6667b6@group-B02456D89C11, cid=527, SUCCESS, logIndex=779, commits[dd0a3b65-d36c-4f93-b232-3c8e6f6667b6:c781]
2019-09-18 13:04:00,148 [grpc-default-executor-0] INFO  client.GrpcClientProtocolClient (GrpcClientProtocolClient.java:onNext(264)) - client-DF3A7F9F7866->dd0a3b65-d36c-4f93-b232-3c8e6f6667b6: receive RaftClientReply:client-DF3A7F9F7866->dd0a3b65-d36c-4f93-b232-3c8e6f6667b6@group-B02456D89C11, cid=528, SUCCESS, logIndex=780, commits[dd0a3b65-d36c-4f93-b232-3c8e6f6667b6:c781]
2019-09-18 13:04:00,167 [SCMBlockDeletingService#1] DEBUG block.SCMBlockDeletingService (SCMBlockDeletingService.java:call(138)) - Running DeletedBlockTransactionScanner
2019-09-18 13:04:00,167 [SCMBlockDeletingService#1] DEBUG block.SCMBlockDeletingService (SCMBlockDeletingService.java:call(155)) - Scanned deleted blocks log and got 0 delTX to process.
2019-09-18 13:04:00,189 [grpc-default-executor-1] INFO  client.GrpcClientProtocolClient (GrpcClientProtocolClient.java:onNext(264)) - client-DF3A7F9F7866->dd0a3b65-d36c-4f93-b232-3c8e6f6667b6: receive RaftClientReply:client-DF3A7F9F7866->dd0a3b65-d36c-4f93-b232-3c8e6f6667b6@group-B02456D89C11, cid=529, SUCCESS, logIndex=782, commits[dd0a3b65-d36c-4f93-b232-3c8e6f6667b6:c783]
2019-09-18 13:04:00,190 [grpc-default-executor-1] INFO  client.GrpcClientProtocolClient (GrpcClientProtocolClient.java:onNext(264)) - client-DF3A7F9F7866->dd0a3b65-d36c-4f93-b232-3c8e6f6667b6: receive RaftClientReply:client-DF3A7F9F7866->dd0a3b65-d36c-4f93-b232-3c8e6f6667b6@group-B02456D89C11, cid=530, SUCCESS, logIndex=783, commits[dd0a3b65-d36c-4f93-b232-3c8e6f6667b6:c783]
2019-09-18 13:04:00,268 [SCMBlockDeletingService#1] DEBUG block.SCMBlockDeletingService (SCMBlockDeletingService.java:call(138)) - Running DeletedBlockTransactionScanner
2019-09-18 13:04:00,268 [SCMBlockDeletingService#1] DEBUG block.SCMBlockDeletingService (SCMBlockDeletingService.java:call(155)) - Scanned deleted blocks log and got 0 delTX to process.
2019-09-18 13:04:00,293 [grpc-default-executor-1] INFO  client.GrpcClientProtocolClient (GrpcClientProtocolClient.java:onNext(264)) - client-DF3A7F9F7866->dd0a3b65-d36c-4f93-b232-3c8e6f6667b6: receive RaftClientReply:client-DF3A7F9F7866->dd0a3b65-d36c-4f93-b232-3c8e6f6667b6@group-B02456D89C11, cid=531, SUCCESS, logIndex=785, commits[dd0a3b65-d36c-4f93-b232-3c8e6f6667b6:c786]
2019-09-18 13:04:00,294 [grpc-default-executor-1] INFO  client.GrpcClientProtocolClient (GrpcClientProtocolClient.java:onNext(264)) - client-DF3A7F9F7866->dd0a3b65-d36c-4f93-b232-3c8e6f6667b6: receive RaftClientReply:client-DF3A7F9F7866->dd0a3b65-d36c-4f93-b232-3c8e6f6667b6@group-B02456D89C11, cid=532, SUCCESS, logIndex=786, commits[dd0a3b65-d36c-4f93-b232-3c8e6f6667b6:c787]
2019-09-18 13:04:00,318 [grpc-default-executor-0] INFO  client.GrpcClientProtocolClient (GrpcClientProtocolClient.java:onNext(264)) - client-DF3A7F9F7866->dd0a3b65-d36c-4f93-b232-3c8e6f6667b6: receive RaftClientReply:client-DF3A7F9F7866->dd0a3b65-d36c-4f93-b232-3c8e6f6667b6@group-B02456D89C11, cid=533, SUCCESS, logIndex=788, commits[dd0a3b65-d36c-4f93-b232-3c8e6f6667b6:c791]
2019-09-18 13:04:00,318 [grpc-default-executor-0] INFO  client.GrpcClientProtocolClient (GrpcClientProtocolClient.java:onNext(264)) - client-DF3A7F9F7866->dd0a3b65-d36c-4f93-b232-3c8e6f6667b6: receive RaftClientReply:client-DF3A7F9F7866->dd0a3b65-d36c-4f93-b232-3c8e6f6667b6@group-B02456D89C11, cid=534, SUCCESS, logIndex=789, commits[dd0a3b65-d36c-4f93-b232-3c8e6f6667b6:c791]
2019-09-18 13:04:00,319 [grpc-default-executor-0] INFO  client.GrpcClientProtocolClient (GrpcClientProtocolClient.java:onNext(264)) - client-DF3A7F9F7866->dd0a3b65-d36c-4f93-b232-3c8e6f6667b6: receive RaftClientReply:client-DF3A7F9F7866->dd0a3b65-d36c-4f93-b232-3c8e6f6667b6@group-B02456D89C11, cid=535, SUCCESS, logIndex=790, commits[dd0a3b65-d36c-4f93-b232-3c8e6f6667b6:c791]
2019-09-18 13:04:00,320 [grpc-default-executor-0] INFO  client.GrpcClientProtocolClient (GrpcClientProtocolClient.java:onNext(264)) - client-DF3A7F9F7866->dd0a3b65-d36c-4f93-b232-3c8e6f6667b6: receive RaftClientReply:client-DF3A7F9F7866->dd0a3b65-d36c-4f93-b232-3c8e6f6667b6@group-B02456D89C11, cid=536, SUCCESS, logIndex=791, commits[dd0a3b65-d36c-4f93-b232-3c8e6f6667b6:c791]
2019-09-18 13:04:00,353 [grpc-default-executor-0] INFO  client.GrpcClientProtocolClient (GrpcClientProtocolClient.java:onNext(264)) - client-DF3A7F9F7866->dd0a3b65-d36c-4f93-b232-3c8e6f6667b6: receive RaftClientReply:client-DF3A7F9F7866->dd0a3b65-d36c-4f93-b232-3c8e6f6667b6@group-B02456D89C11, cid=537, SUCCESS, logIndex=793, commits[dd0a3b65-d36c-4f93-b232-3c8e6f6667b6:c794]
2019-09-18 13:04:00,356 [grpc-default-executor-0] INFO  client.GrpcClientProtocolClient (GrpcClientProtocolClient.java:onNext(264)) - client-DF3A7F9F7866->dd0a3b65-d36c-4f93-b232-3c8e6f6667b6: receive RaftClientReply:client-DF3A7F9F7866->dd0a3b65-d36c-4f93-b232-3c8e6f6667b6@group-B02456D89C11, cid=538, SUCCESS, logIndex=794, commits[dd0a3b65-d36c-4f93-b232-3c8e6f6667b6:c796]
2019-09-18 13:04:00,358 [grpc-default-executor-0] INFO  client.GrpcClientProtocolClient (GrpcClientProtocolClient.java:onNext(264)) - client-DF3A7F9F7866->dd0a3b65-d36c-4f93-b232-3c8e6f6667b6: receive RaftClientReply:client-DF3A7F9F7866->dd0a3b65-d36c-4f93-b232-3c8e6f6667b6@group-B02456D89C11, cid=539, SUCCESS, logIndex=795, commits[dd0a3b65-d36c-4f93-b232-3c8e6f6667b6:c797]
2019-09-18 13:04:00,358 [grpc-default-executor-0] INFO  client.GrpcClientProtocolClient (GrpcClientProtocolClient.java:onNext(264)) - client-DF3A7F9F7866->dd0a3b65-d36c-4f93-b232-3c8e6f6667b6: receive RaftClientReply:client-DF3A7F9F7866->dd0a3b65-d36c-4f93-b232-3c8e6f6667b6@group-B02456D89C11, cid=540, SUCCESS, logIndex=796, commits[dd0a3b65-d36c-4f93-b232-3c8e6f6667b6:c798]
2019-09-18 13:04:00,533 [SCMBlockDeletingService#1] DEBUG block.SCMBlockDeletingService (SCMBlockDeletingService.java:call(138)) - Running DeletedBlockTransactionScanner
2019-09-18 13:04:00,534 [SCMBlockDeletingService#1] DEBUG block.SCMBlockDeletingService (SCMBlockDeletingService.java:call(155)) - Scanned deleted blocks log and got 0 delTX to process.
2019-09-18 13:04:00,551 [grpc-default-executor-0] INFO  client.GrpcClientProtocolClient (GrpcClientProtocolClient.java:onNext(264)) - client-DF3A7F9F7866->dd0a3b65-d36c-4f93-b232-3c8e6f6667b6: receive RaftClientReply:client-DF3A7F9F7866->dd0a3b65-d36c-4f93-b232-3c8e6f6667b6@group-B02456D89C11, cid=541, SUCCESS, logIndex=799, commits[dd0a3b65-d36c-4f93-b232-3c8e6f6667b6:c802]
2019-09-18 13:04:00,552 [grpc-default-executor-0] INFO  client.GrpcClientProtocolClient (GrpcClientProtocolClient.java:onNext(264)) - client-DF3A7F9F7866->dd0a3b65-d36c-4f93-b232-3c8e6f6667b6: receive RaftClientReply:client-DF3A7F9F7866->dd0a3b65-d36c-4f93-b232-3c8e6f6667b6@group-B02456D89C11, cid=542, SUCCESS, logIndex=800, commits[dd0a3b65-d36c-4f93-b232-3c8e6f6667b6:c803]
2019-09-18 13:04:00,553 [grpc-default-executor-0] INFO  client.GrpcClientProtocolClient (GrpcClientProtocolClient.java:onNext(264)) - client-DF3A7F9F7866->dd0a3b65-d36c-4f93-b232-3c8e6f6667b6: receive RaftClientReply:client-DF3A7F9F7866->dd0a3b65-d36c-4f93-b232-3c8e6f6667b6@group-B02456D89C11, cid=543, SUCCESS, logIndex=801, commits[dd0a3b65-d36c-4f93-b232-3c8e6f6667b6:c804]
2019-09-18 13:04:00,553 [grpc-default-executor-0] INFO  client.GrpcClientProtocolClient (GrpcClientProtocolClient.java:onNext(264)) - client-DF3A7F9F7866->dd0a3b65-d36c-4f93-b232-3c8e6f6667b6: receive RaftClientReply:client-DF3A7F9F7866->dd0a3b65-d36c-4f93-b232-3c8e6f6667b6@group-B02456D89C11, cid=544, SUCCESS, logIndex=802, commits[dd0a3b65-d36c-4f93-b232-3c8e6f6667b6:c804]
2019-09-18 13:04:00,591 [grpc-default-executor-0] INFO  client.GrpcClientProtocolClient (GrpcClientProtocolClient.java:onNext(264)) - client-DF3A7F9F7866->dd0a3b65-d36c-4f93-b232-3c8e6f6667b6: receive RaftClientReply:client-DF3A7F9F7866->dd0a3b65-d36c-4f93-b232-3c8e6f6667b6@group-B02456D89C11, cid=545, SUCCESS, logIndex=805, commits[dd0a3b65-d36c-4f93-b232-3c8e6f6667b6:c808]
2019-09-18 13:04:00,592 [grpc-default-executor-0] INFO  client.GrpcClientProtocolClient (GrpcClientProtocolClient.java:onNext(264)) - client-DF3A7F9F7866->dd0a3b65-d36c-4f93-b232-3c8e6f6667b6: receive RaftClientReply:client-DF3A7F9F7866->dd0a3b65-d36c-4f93-b232-3c8e6f6667b6@group-B02456D89C11, cid=546, SUCCESS, logIndex=806, commits[dd0a3b65-d36c-4f93-b232-3c8e6f6667b6:c809]
2019-09-18 13:04:00,593 [grpc-default-executor-0] INFO  client.GrpcClientProtocolClient (GrpcClientProtocolClient.java:onNext(264)) - client-DF3A7F9F7866->dd0a3b65-d36c-4f93-b232-3c8e6f6667b6: receive RaftClientReply:client-DF3A7F9F7866->dd0a3b65-d36c-4f93-b232-3c8e6f6667b6@group-B02456D89C11, cid=547, SUCCESS, logIndex=807, commits[dd0a3b65-d36c-4f93-b232-3c8e6f6667b6:c809]
2019-09-18 13:04:00,593 [grpc-default-executor-0] INFO  client.GrpcClientProtocolClient (GrpcClientProtocolClient.java:onNext(264)) - client-DF3A7F9F7866->dd0a3b65-d36c-4f93-b232-3c8e6f6667b6: receive RaftClientReply:client-DF3A7F9F7866->dd0a3b65-d36c-4f93-b232-3c8e6f6667b6@group-B02456D89C11, cid=548, SUCCESS, logIndex=808, commits[dd0a3b65-d36c-4f93-b232-3c8e6f6667b6:c809]
2019-09-18 13:04:00,622 [grpc-default-executor-0] INFO  client.GrpcClientProtocolClient (GrpcClientProtocolClient.java:onNext(264)) - client-DF3A7F9F7866->dd0a3b65-d36c-4f93-b232-3c8e6f6667b6: receive RaftClientReply:client-DF3A7F9F7866->dd0a3b65-d36c-4f93-b232-3c8e6f6667b6@group-B02456D89C11, cid=549, SUCCESS, logIndex=810, commits[dd0a3b65-d36c-4f93-b232-3c8e6f6667b6:c813]
2019-09-18 13:04:00,623 [grpc-default-executor-0] INFO  client.GrpcClientProtocolClient (GrpcClientProtocolClient.java:onNext(264)) - client-DF3A7F9F7866->dd0a3b65-d36c-4f93-b232-3c8e6f6667b6: receive RaftClientReply:client-DF3A7F9F7866->dd0a3b65-d36c-4f93-b232-3c8e6f6667b6@group-B02456D89C11, cid=550, SUCCESS, logIndex=811, commits[dd0a3b65-d36c-4f93-b232-3c8e6f6667b6:c814]
2019-09-18 13:04:00,624 [grpc-default-executor-0] INFO  client.GrpcClientProtocolClient (GrpcClientProtocolClient.java:onNext(264)) - client-DF3A7F9F7866->dd0a3b65-d36c-4f93-b232-3c8e6f6667b6: receive RaftClientReply:client-DF3A7F9F7866->dd0a3b65-d36c-4f93-b232-3c8e6f6667b6@group-B02456D89C11, cid=551, SUCCESS, logIndex=812, commits[dd0a3b65-d36c-4f93-b232-3c8e6f6667b6:c814]
2019-09-18 13:04:00,624 [grpc-default-executor-0] INFO  client.GrpcClientProtocolClient (GrpcClientProtocolClient.java:onNext(264)) - client-DF3A7F9F7866->dd0a3b65-d36c-4f93-b232-3c8e6f6667b6: receive RaftClientReply:client-DF3A7F9F7866->dd0a3b65-d36c-4f93-b232-3c8e6f6667b6@group-B02456D89C11, cid=552, SUCCESS, logIndex=813, commits[dd0a3b65-d36c-4f93-b232-3c8e6f6667b6:c814]
2019-09-18 13:04:00,634 [SCMBlockDeletingService#1] DEBUG block.SCMBlockDeletingService (SCMBlockDeletingService.java:call(138)) - Running DeletedBlockTransactionScanner
2019-09-18 13:04:00,634 [SCMBlockDeletingService#1] DEBUG block.SCMBlockDeletingService (SCMBlockDeletingService.java:call(155)) - Scanned deleted blocks log and got 0 delTX to process.
2019-09-18 13:04:00,656 [grpc-default-executor-1] INFO  client.GrpcClientProtocolClient (GrpcClientProtocolClient.java:onNext(264)) - client-DF3A7F9F7866->dd0a3b65-d36c-4f93-b232-3c8e6f6667b6: receive RaftClientReply:client-DF3A7F9F7866->dd0a3b65-d36c-4f93-b232-3c8e6f6667b6@group-B02456D89C11, cid=553, SUCCESS, logIndex=815, commits[dd0a3b65-d36c-4f93-b232-3c8e6f6667b6:c816]
2019-09-18 13:04:00,657 [grpc-default-executor-1] INFO  client.GrpcClientProtocolClient (GrpcClientProtocolClient.java:onNext(264)) - client-DF3A7F9F7866->dd0a3b65-d36c-4f93-b232-3c8e6f6667b6: receive RaftClientReply:client-DF3A7F9F7866->dd0a3b65-d36c-4f93-b232-3c8e6f6667b6@group-B02456D89C11, cid=554, SUCCESS, logIndex=816, commits[dd0a3b65-d36c-4f93-b232-3c8e6f6667b6:c818]
2019-09-18 13:04:00,657 [grpc-default-executor-1] INFO  client.GrpcClientProtocolClient (GrpcClientProtocolClient.java:onNext(264)) - client-DF3A7F9F7866->dd0a3b65-d36c-4f93-b232-3c8e6f6667b6: receive RaftClientReply:client-DF3A7F9F7866->dd0a3b65-d36c-4f93-b232-3c8e6f6667b6@group-B02456D89C11, cid=555, SUCCESS, logIndex=817, commits[dd0a3b65-d36c-4f93-b232-3c8e6f6667b6:c819]
2019-09-18 13:04:00,658 [grpc-default-executor-1] INFO  client.GrpcClientProtocolClient (GrpcClientProtocolClient.java:onNext(264)) - client-DF3A7F9F7866->dd0a3b65-d36c-4f93-b232-3c8e6f6667b6: receive RaftClientReply:client-DF3A7F9F7866->dd0a3b65-d36c-4f93-b232-3c8e6f6667b6@group-B02456D89C11, cid=556, SUCCESS, logIndex=818, commits[dd0a3b65-d36c-4f93-b232-3c8e6f6667b6:c820]
2019-09-18 13:04:00,679 [grpc-default-executor-1] INFO  client.GrpcClientProtocolClient (GrpcClientProtocolClient.java:onNext(264)) - client-DF3A7F9F7866->dd0a3b65-d36c-4f93-b232-3c8e6f6667b6: receive RaftClientReply:client-DF3A7F9F7866->dd0a3b65-d36c-4f93-b232-3c8e6f6667b6@group-B02456D89C11, cid=557, SUCCESS, logIndex=821, commits[dd0a3b65-d36c-4f93-b232-3c8e6f6667b6:c822]
2019-09-18 13:04:00,680 [grpc-default-executor-1] INFO  client.GrpcClientProtocolClient (GrpcClientProtocolClient.java:onNext(264)) - client-DF3A7F9F7866->dd0a3b65-d36c-4f93-b232-3c8e6f6667b6: receive RaftClientReply:client-DF3A7F9F7866->dd0a3b65-d36c-4f93-b232-3c8e6f6667b6@group-B02456D89C11, cid=558, SUCCESS, logIndex=822, commits[dd0a3b65-d36c-4f93-b232-3c8e6f6667b6:c824]
2019-09-18 13:04:00,680 [grpc-default-executor-1] INFO  client.GrpcClientProtocolClient (GrpcClientProtocolClient.java:onNext(264)) - client-DF3A7F9F7866->dd0a3b65-d36c-4f93-b232-3c8e6f6667b6: receive RaftClientReply:client-DF3A7F9F7866->dd0a3b65-d36c-4f93-b232-3c8e6f6667b6@group-B02456D89C11, cid=559, SUCCESS, logIndex=823, commits[dd0a3b65-d36c-4f93-b232-3c8e6f6667b6:c825]
2019-09-18 13:04:00,681 [grpc-default-executor-1] INFO  client.GrpcClientProtocolClient (GrpcClientProtocolClient.java:onNext(264)) - client-DF3A7F9F7866->dd0a3b65-d36c-4f93-b232-3c8e6f6667b6: receive RaftClientReply:client-DF3A7F9F7866->dd0a3b65-d36c-4f93-b232-3c8e6f6667b6@group-B02456D89C11, cid=560, SUCCESS, logIndex=824, commits[dd0a3b65-d36c-4f93-b232-3c8e6f6667b6:c826]
2019-09-18 13:04:00,711 [grpc-default-executor-0] INFO  client.GrpcClientProtocolClient (GrpcClientProtocolClient.java:onNext(264)) - client-DF3A7F9F7866->dd0a3b65-d36c-4f93-b232-3c8e6f6667b6: receive RaftClientReply:client-DF3A7F9F7866->dd0a3b65-d36c-4f93-b232-3c8e6f6667b6@group-B02456D89C11, cid=561, SUCCESS, logIndex=827, commits[dd0a3b65-d36c-4f93-b232-3c8e6f6667b6:c828]
2019-09-18 13:04:00,712 [grpc-default-executor-0] INFO  client.GrpcClientProtocolClient (GrpcClientProtocolClient.java:onNext(264)) - client-DF3A7F9F7866->dd0a3b65-d36c-4f93-b232-3c8e6f6667b6: receive RaftClientReply:client-DF3A7F9F7866->dd0a3b65-d36c-4f93-b232-3c8e6f6667b6@group-B02456D89C11, cid=562, SUCCESS, logIndex=828, commits[dd0a3b65-d36c-4f93-b232-3c8e6f6667b6:c830]
2019-09-18 13:04:00,712 [grpc-default-executor-0] INFO  client.GrpcClientProtocolClient (GrpcClientProtocolClient.java:onNext(264)) - client-DF3A7F9F7866->dd0a3b65-d36c-4f93-b232-3c8e6f6667b6: receive RaftClientReply:client-DF3A7F9F7866->dd0a3b65-d36c-4f93-b232-3c8e6f6667b6@group-B02456D89C11, cid=563, SUCCESS, logIndex=829, commits[dd0a3b65-d36c-4f93-b232-3c8e6f6667b6:c831]
2019-09-18 13:04:00,713 [grpc-default-executor-0] INFO  client.GrpcClientProtocolClient (GrpcClientProtocolClient.java:onNext(264)) - client-DF3A7F9F7866->dd0a3b65-d36c-4f93-b232-3c8e6f6667b6: receive RaftClientReply:client-DF3A7F9F7866->dd0a3b65-d36c-4f93-b232-3c8e6f6667b6@group-B02456D89C11, cid=564, SUCCESS, logIndex=830, commits[dd0a3b65-d36c-4f93-b232-3c8e6f6667b6:c832]
2019-09-18 13:04:00,734 [grpc-default-executor-0] INFO  client.GrpcClientProtocolClient (GrpcClientProtocolClient.java:onNext(264)) - client-DF3A7F9F7866->dd0a3b65-d36c-4f93-b232-3c8e6f6667b6: receive RaftClientReply:client-DF3A7F9F7866->dd0a3b65-d36c-4f93-b232-3c8e6f6667b6@group-B02456D89C11, cid=565, SUCCESS, logIndex=833, commits[dd0a3b65-d36c-4f93-b232-3c8e6f6667b6:c834]
2019-09-18 13:04:00,735 [SCMBlockDeletingService#1] DEBUG block.SCMBlockDeletingService (SCMBlockDeletingService.java:call(138)) - Running DeletedBlockTransactionScanner
2019-09-18 13:04:00,735 [SCMBlockDeletingService#1] DEBUG block.SCMBlockDeletingService (SCMBlockDeletingService.java:call(155)) - Scanned deleted blocks log and got 0 delTX to process.
2019-09-18 13:04:00,735 [grpc-default-executor-0] INFO  client.GrpcClientProtocolClient (GrpcClientProtocolClient.java:onNext(264)) - client-DF3A7F9F7866->dd0a3b65-d36c-4f93-b232-3c8e6f6667b6: receive RaftClientReply:client-DF3A7F9F7866->dd0a3b65-d36c-4f93-b232-3c8e6f6667b6@group-B02456D89C11, cid=566, SUCCESS, logIndex=834, commits[dd0a3b65-d36c-4f93-b232-3c8e6f6667b6:c836]
2019-09-18 13:04:00,736 [grpc-default-executor-0] INFO  client.GrpcClientProtocolClient (GrpcClientProtocolClient.java:onNext(264)) - client-DF3A7F9F7866->dd0a3b65-d36c-4f93-b232-3c8e6f6667b6: receive RaftClientReply:client-DF3A7F9F7866->dd0a3b65-d36c-4f93-b232-3c8e6f6667b6@group-B02456D89C11, cid=567, SUCCESS, logIndex=835, commits[dd0a3b65-d36c-4f93-b232-3c8e6f6667b6:c837]
2019-09-18 13:04:00,736 [grpc-default-executor-0] INFO  client.GrpcClientProtocolClient (GrpcClientProtocolClient.java:onNext(264)) - client-DF3A7F9F7866->dd0a3b65-d36c-4f93-b232-3c8e6f6667b6: receive RaftClientReply:client-DF3A7F9F7866->dd0a3b65-d36c-4f93-b232-3c8e6f6667b6@group-B02456D89C11, cid=568, SUCCESS, logIndex=836, commits[dd0a3b65-d36c-4f93-b232-3c8e6f6667b6:c838]
2019-09-18 13:04:00,767 [grpc-default-executor-0] INFO  client.GrpcClientProtocolClient (GrpcClientProtocolClient.java:onNext(264)) - client-DF3A7F9F7866->dd0a3b65-d36c-4f93-b232-3c8e6f6667b6: receive RaftClientReply:client-DF3A7F9F7866->dd0a3b65-d36c-4f93-b232-3c8e6f6667b6@group-B02456D89C11, cid=569, SUCCESS, logIndex=839, commits[dd0a3b65-d36c-4f93-b232-3c8e6f6667b6:c840]
2019-09-18 13:04:00,767 [grpc-default-executor-0] INFO  client.GrpcClientProtocolClient (GrpcClientProtocolClient.java:onNext(264)) - client-DF3A7F9F7866->dd0a3b65-d36c-4f93-b232-3c8e6f6667b6: receive RaftClientReply:client-DF3A7F9F7866->dd0a3b65-d36c-4f93-b232-3c8e6f6667b6@group-B02456D89C11, cid=570, SUCCESS, logIndex=840, commits[dd0a3b65-d36c-4f93-b232-3c8e6f6667b6:c842]
2019-09-18 13:04:00,768 [grpc-default-executor-0] INFO  client.GrpcClientProtocolClient (GrpcClientProtocolClient.java:onNext(264)) - client-DF3A7F9F7866->dd0a3b65-d36c-4f93-b232-3c8e6f6667b6: receive RaftClientReply:client-DF3A7F9F7866->dd0a3b65-d36c-4f93-b232-3c8e6f6667b6@group-B02456D89C11, cid=571, SUCCESS, logIndex=841, commits[dd0a3b65-d36c-4f93-b232-3c8e6f6667b6:c843]
2019-09-18 13:04:00,769 [grpc-default-executor-0] INFO  client.GrpcClientProtocolClient (GrpcClientProtocolClient.java:onNext(264)) - client-DF3A7F9F7866->dd0a3b65-d36c-4f93-b232-3c8e6f6667b6: receive RaftClientReply:client-DF3A7F9F7866->dd0a3b65-d36c-4f93-b232-3c8e6f6667b6@group-B02456D89C11, cid=572, SUCCESS, logIndex=842, commits[dd0a3b65-d36c-4f93-b232-3c8e6f6667b6:c844]
2019-09-18 13:04:00,791 [grpc-default-executor-1] INFO  client.GrpcClientProtocolClient (GrpcClientProtocolClient.java:onNext(264)) - client-DF3A7F9F7866->dd0a3b65-d36c-4f93-b232-3c8e6f6667b6: receive RaftClientReply:client-DF3A7F9F7866->dd0a3b65-d36c-4f93-b232-3c8e6f6667b6@group-B02456D89C11, cid=573, SUCCESS, logIndex=845, commits[dd0a3b65-d36c-4f93-b232-3c8e6f6667b6:c846]
2019-09-18 13:04:00,791 [grpc-default-executor-1] INFO  client.GrpcClientProtocolClient (GrpcClientProtocolClient.java:onNext(264)) - client-DF3A7F9F7866->dd0a3b65-d36c-4f93-b232-3c8e6f6667b6: receive RaftClientReply:client-DF3A7F9F7866->dd0a3b65-d36c-4f93-b232-3c8e6f6667b6@group-B02456D89C11, cid=574, SUCCESS, logIndex=846, commits[dd0a3b65-d36c-4f93-b232-3c8e6f6667b6:c847]
2019-09-18 13:04:00,835 [SCMBlockDeletingService#1] DEBUG block.SCMBlockDeletingService (SCMBlockDeletingService.java:call(138)) - Running DeletedBlockTransactionScanner
2019-09-18 13:04:00,836 [SCMBlockDeletingService#1] DEBUG block.SCMBlockDeletingService (SCMBlockDeletingService.java:call(155)) - Scanned deleted blocks log and got 0 delTX to process.
2019-09-18 13:04:00,901 [grpc-default-executor-0] INFO  client.GrpcClientProtocolClient (GrpcClientProtocolClient.java:onNext(264)) - client-DF3A7F9F7866->dd0a3b65-d36c-4f93-b232-3c8e6f6667b6: receive RaftClientReply:client-DF3A7F9F7866->dd0a3b65-d36c-4f93-b232-3c8e6f6667b6@group-B02456D89C11, cid=575, SUCCESS, logIndex=848, commits[dd0a3b65-d36c-4f93-b232-3c8e6f6667b6:c849]
2019-09-18 13:04:00,902 [grpc-default-executor-0] INFO  client.GrpcClientProtocolClient (GrpcClientProtocolClient.java:onNext(264)) - client-DF3A7F9F7866->dd0a3b65-d36c-4f93-b232-3c8e6f6667b6: receive RaftClientReply:client-DF3A7F9F7866->dd0a3b65-d36c-4f93-b232-3c8e6f6667b6@group-B02456D89C11, cid=576, SUCCESS, logIndex=849, commits[dd0a3b65-d36c-4f93-b232-3c8e6f6667b6:c850]
2019-09-18 13:04:00,935 [grpc-default-executor-1] INFO  client.GrpcClientProtocolClient (GrpcClientProtocolClient.java:onNext(264)) - client-DF3A7F9F7866->dd0a3b65-d36c-4f93-b232-3c8e6f6667b6: receive RaftClientReply:client-DF3A7F9F7866->dd0a3b65-d36c-4f93-b232-3c8e6f6667b6@group-B02456D89C11, cid=577, SUCCESS, logIndex=851, commits[dd0a3b65-d36c-4f93-b232-3c8e6f6667b6:c852]
2019-09-18 13:04:00,936 [grpc-default-executor-1] INFO  client.GrpcClientProtocolClient (GrpcClientProtocolClient.java:onNext(264)) - client-DF3A7F9F7866->dd0a3b65-d36c-4f93-b232-3c8e6f6667b6: receive RaftClientReply:client-DF3A7F9F7866->dd0a3b65-d36c-4f93-b232-3c8e6f6667b6@group-B02456D89C11, cid=578, SUCCESS, logIndex=852, commits[dd0a3b65-d36c-4f93-b232-3c8e6f6667b6:c854]
2019-09-18 13:04:00,936 [SCMBlockDeletingService#1] DEBUG block.SCMBlockDeletingService (SCMBlockDeletingService.java:call(138)) - Running DeletedBlockTransactionScanner
2019-09-18 13:04:00,936 [grpc-default-executor-1] INFO  client.GrpcClientProtocolClient (GrpcClientProtocolClient.java:onNext(264)) - client-DF3A7F9F7866->dd0a3b65-d36c-4f93-b232-3c8e6f6667b6: receive RaftClientReply:client-DF3A7F9F7866->dd0a3b65-d36c-4f93-b232-3c8e6f6667b6@group-B02456D89C11, cid=579, SUCCESS, logIndex=853, commits[dd0a3b65-d36c-4f93-b232-3c8e6f6667b6:c855]
2019-09-18 13:04:00,936 [SCMBlockDeletingService#1] DEBUG block.SCMBlockDeletingService (SCMBlockDeletingService.java:call(155)) - Scanned deleted blocks log and got 0 delTX to process.
2019-09-18 13:04:00,937 [grpc-default-executor-1] INFO  client.GrpcClientProtocolClient (GrpcClientProtocolClient.java:onNext(264)) - client-DF3A7F9F7866->dd0a3b65-d36c-4f93-b232-3c8e6f6667b6: receive RaftClientReply:client-DF3A7F9F7866->dd0a3b65-d36c-4f93-b232-3c8e6f6667b6@group-B02456D89C11, cid=580, SUCCESS, logIndex=854, commits[dd0a3b65-d36c-4f93-b232-3c8e6f6667b6:c855]
2019-09-18 13:04:00,965 [grpc-default-executor-1] INFO  client.GrpcClientProtocolClient (GrpcClientProtocolClient.java:onNext(264)) - client-DF3A7F9F7866->dd0a3b65-d36c-4f93-b232-3c8e6f6667b6: receive RaftClientReply:client-DF3A7F9F7866->dd0a3b65-d36c-4f93-b232-3c8e6f6667b6@group-B02456D89C11, cid=581, SUCCESS, logIndex=857, commits[dd0a3b65-d36c-4f93-b232-3c8e6f6667b6:c860]
2019-09-18 13:04:00,966 [grpc-default-executor-1] INFO  client.GrpcClientProtocolClient (GrpcClientProtocolClient.java:onNext(264)) - client-DF3A7F9F7866->dd0a3b65-d36c-4f93-b232-3c8e6f6667b6: receive RaftClientReply:client-DF3A7F9F7866->dd0a3b65-d36c-4f93-b232-3c8e6f6667b6@group-B02456D89C11, cid=582, SUCCESS, logIndex=858, commits[dd0a3b65-d36c-4f93-b232-3c8e6f6667b6:c861]
2019-09-18 13:04:00,966 [grpc-default-executor-1] INFO  client.GrpcClientProtocolClient (GrpcClientProtocolClient.java:onNext(264)) - client-DF3A7F9F7866->dd0a3b65-d36c-4f93-b232-3c8e6f6667b6: receive RaftClientReply:client-DF3A7F9F7866->dd0a3b65-d36c-4f93-b232-3c8e6f6667b6@group-B02456D89C11, cid=583, SUCCESS, logIndex=859, commits[dd0a3b65-d36c-4f93-b232-3c8e6f6667b6:c861]
2019-09-18 13:04:00,967 [grpc-default-executor-1] INFO  client.GrpcClientProtocolClient (GrpcClientProtocolClient.java:onNext(264)) - client-DF3A7F9F7866->dd0a3b65-d36c-4f93-b232-3c8e6f6667b6: receive RaftClientReply:client-DF3A7F9F7866->dd0a3b65-d36c-4f93-b232-3c8e6f6667b6@group-B02456D89C11, cid=584, SUCCESS, logIndex=860, commits[dd0a3b65-d36c-4f93-b232-3c8e6f6667b6:c861]
2019-09-18 13:04:01,000 [grpc-default-executor-0] INFO  client.GrpcClientProtocolClient (GrpcClientProtocolClient.java:onNext(264)) - client-DF3A7F9F7866->dd0a3b65-d36c-4f93-b232-3c8e6f6667b6: receive RaftClientReply:client-DF3A7F9F7866->dd0a3b65-d36c-4f93-b232-3c8e6f6667b6@group-B02456D89C11, cid=585, SUCCESS, logIndex=862, commits[dd0a3b65-d36c-4f93-b232-3c8e6f6667b6:c865]
2019-09-18 13:04:01,001 [grpc-default-executor-0] INFO  client.GrpcClientProtocolClient (GrpcClientProtocolClient.java:onNext(264)) - client-DF3A7F9F7866->dd0a3b65-d36c-4f93-b232-3c8e6f6667b6: receive RaftClientReply:client-DF3A7F9F7866->dd0a3b65-d36c-4f93-b232-3c8e6f6667b6@group-B02456D89C11, cid=586, SUCCESS, logIndex=863, commits[dd0a3b65-d36c-4f93-b232-3c8e6f6667b6:c865]
2019-09-18 13:04:01,002 [grpc-default-executor-0] INFO  client.GrpcClientProtocolClient (GrpcClientProtocolClient.java:onNext(264)) - client-DF3A7F9F7866->dd0a3b65-d36c-4f93-b232-3c8e6f6667b6: receive RaftClientReply:client-DF3A7F9F7866->dd0a3b65-d36c-4f93-b232-3c8e6f6667b6@group-B02456D89C11, cid=587, SUCCESS, logIndex=864, commits[dd0a3b65-d36c-4f93-b232-3c8e6f6667b6:c866]
2019-09-18 13:04:01,002 [grpc-default-executor-0] INFO  client.GrpcClientProtocolClient (GrpcClientProtocolClient.java:onNext(264)) - client-DF3A7F9F7866->dd0a3b65-d36c-4f93-b232-3c8e6f6667b6: receive RaftClientReply:client-DF3A7F9F7866->dd0a3b65-d36c-4f93-b232-3c8e6f6667b6@group-B02456D89C11, cid=588, SUCCESS, logIndex=865, commits[dd0a3b65-d36c-4f93-b232-3c8e6f6667b6:c866]
2019-09-18 13:04:01,024 [grpc-default-executor-0] INFO  client.GrpcClientProtocolClient (GrpcClientProtocolClient.java:onNext(264)) - client-DF3A7F9F7866->dd0a3b65-d36c-4f93-b232-3c8e6f6667b6: receive RaftClientReply:client-DF3A7F9F7866->dd0a3b65-d36c-4f93-b232-3c8e6f6667b6@group-B02456D89C11, cid=589, SUCCESS, logIndex=867, commits[dd0a3b65-d36c-4f93-b232-3c8e6f6667b6:c868]
2019-09-18 13:04:01,024 [grpc-default-executor-0] INFO  client.GrpcClientProtocolClient (GrpcClientProtocolClient.java:onNext(264)) - client-DF3A7F9F7866->dd0a3b65-d36c-4f93-b232-3c8e6f6667b6: receive RaftClientReply:client-DF3A7F9F7866->dd0a3b65-d36c-4f93-b232-3c8e6f6667b6@group-B02456D89C11, cid=590, SUCCESS, logIndex=868, commits[dd0a3b65-d36c-4f93-b232-3c8e6f6667b6:c871]
2019-09-18 13:04:01,025 [grpc-default-executor-0] INFO  client.GrpcClientProtocolClient (GrpcClientProtocolClient.java:onNext(264)) - client-DF3A7F9F7866->dd0a3b65-d36c-4f93-b232-3c8e6f6667b6: receive RaftClientReply:client-DF3A7F9F7866->dd0a3b65-d36c-4f93-b232-3c8e6f6667b6@group-B02456D89C11, cid=591, SUCCESS, logIndex=869, commits[dd0a3b65-d36c-4f93-b232-3c8e6f6667b6:c871]
2019-09-18 13:04:01,025 [grpc-default-executor-0] INFO  client.GrpcClientProtocolClient (GrpcClientProtocolClient.java:onNext(264)) - client-DF3A7F9F7866->dd0a3b65-d36c-4f93-b232-3c8e6f6667b6: receive RaftClientReply:client-DF3A7F9F7866->dd0a3b65-d36c-4f93-b232-3c8e6f6667b6@group-B02456D89C11, cid=592, SUCCESS, logIndex=870, commits[dd0a3b65-d36c-4f93-b232-3c8e6f6667b6:c872]
2019-09-18 13:04:01,037 [SCMBlockDeletingService#1] DEBUG block.SCMBlockDeletingService (SCMBlockDeletingService.java:call(138)) - Running DeletedBlockTransactionScanner
2019-09-18 13:04:01,047 [SCMBlockDeletingService#1] DEBUG block.SCMBlockDeletingService (SCMBlockDeletingService.java:call(155)) - Scanned deleted blocks log and got 0 delTX to process.
2019-09-18 13:04:01,055 [grpc-default-executor-0] INFO  client.GrpcClientProtocolClient (GrpcClientProtocolClient.java:onNext(264)) - client-DF3A7F9F7866->dd0a3b65-d36c-4f93-b232-3c8e6f6667b6: receive RaftClientReply:client-DF3A7F9F7866->dd0a3b65-d36c-4f93-b232-3c8e6f6667b6@group-B02456D89C11, cid=593, SUCCESS, logIndex=873, commits[dd0a3b65-d36c-4f93-b232-3c8e6f6667b6:c874]
2019-09-18 13:04:01,056 [grpc-default-executor-0] INFO  client.GrpcClientProtocolClient (GrpcClientProtocolClient.java:onNext(264)) - client-DF3A7F9F7866->dd0a3b65-d36c-4f93-b232-3c8e6f6667b6: receive RaftClientReply:client-DF3A7F9F7866->dd0a3b65-d36c-4f93-b232-3c8e6f6667b6@group-B02456D89C11, cid=594, SUCCESS, logIndex=874, commits[dd0a3b65-d36c-4f93-b232-3c8e6f6667b6:c876]
2019-09-18 13:04:01,057 [grpc-default-executor-0] INFO  client.GrpcClientProtocolClient (GrpcClientProtocolClient.java:onNext(264)) - client-DF3A7F9F7866->dd0a3b65-d36c-4f93-b232-3c8e6f6667b6: receive RaftClientReply:client-DF3A7F9F7866->dd0a3b65-d36c-4f93-b232-3c8e6f6667b6@group-B02456D89C11, cid=595, SUCCESS, logIndex=875, commits[dd0a3b65-d36c-4f93-b232-3c8e6f6667b6:c877]
2019-09-18 13:04:01,057 [grpc-default-executor-0] INFO  client.GrpcClientProtocolClient (GrpcClientProtocolClient.java:onNext(264)) - client-DF3A7F9F7866->dd0a3b65-d36c-4f93-b232-3c8e6f6667b6: receive RaftClientReply:client-DF3A7F9F7866->dd0a3b65-d36c-4f93-b232-3c8e6f6667b6@group-B02456D89C11, cid=596, SUCCESS, logIndex=876, commits[dd0a3b65-d36c-4f93-b232-3c8e6f6667b6:c878]
2019-09-18 13:04:01,078 [grpc-default-executor-0] INFO  client.GrpcClientProtocolClient (GrpcClientProtocolClient.java:onNext(264)) - client-DF3A7F9F7866->dd0a3b65-d36c-4f93-b232-3c8e6f6667b6: receive RaftClientReply:client-DF3A7F9F7866->dd0a3b65-d36c-4f93-b232-3c8e6f6667b6@group-B02456D89C11, cid=597, SUCCESS, logIndex=879, commits[dd0a3b65-d36c-4f93-b232-3c8e6f6667b6:c880]
2019-09-18 13:04:01,079 [grpc-default-executor-0] INFO  client.GrpcClientProtocolClient (GrpcClientProtocolClient.java:onNext(264)) - client-DF3A7F9F7866->dd0a3b65-d36c-4f93-b232-3c8e6f6667b6: receive RaftClientReply:client-DF3A7F9F7866->dd0a3b65-d36c-4f93-b232-3c8e6f6667b6@group-B02456D89C11, cid=598, SUCCESS, logIndex=880, commits[dd0a3b65-d36c-4f93-b232-3c8e6f6667b6:c883]
2019-09-18 13:04:01,080 [grpc-default-executor-0] INFO  client.GrpcClientProtocolClient (GrpcClientProtocolClient.java:onNext(264)) - client-DF3A7F9F7866->dd0a3b65-d36c-4f93-b232-3c8e6f6667b6: receive RaftClientReply:client-DF3A7F9F7866->dd0a3b65-d36c-4f93-b232-3c8e6f6667b6@group-B02456D89C11, cid=599, SUCCESS, logIndex=881, commits[dd0a3b65-d36c-4f93-b232-3c8e6f6667b6:c884]
2019-09-18 13:04:01,080 [grpc-default-executor-0] INFO  client.GrpcClientProtocolClient (GrpcClientProtocolClient.java:onNext(264)) - client-DF3A7F9F7866->dd0a3b65-d36c-4f93-b232-3c8e6f6667b6: receive RaftClientReply:client-DF3A7F9F7866->dd0a3b65-d36c-4f93-b232-3c8e6f6667b6@group-B02456D89C11, cid=600, SUCCESS, logIndex=882, commits[dd0a3b65-d36c-4f93-b232-3c8e6f6667b6:c884]
2019-09-18 13:04:01,113 [grpc-default-executor-0] INFO  client.GrpcClientProtocolClient (GrpcClientProtocolClient.java:onNext(264)) - client-DF3A7F9F7866->dd0a3b65-d36c-4f93-b232-3c8e6f6667b6: receive RaftClientReply:client-DF3A7F9F7866->dd0a3b65-d36c-4f93-b232-3c8e6f6667b6@group-B02456D89C11, cid=601, SUCCESS, logIndex=885, commits[dd0a3b65-d36c-4f93-b232-3c8e6f6667b6:c889]
2019-09-18 13:04:01,114 [grpc-default-executor-0] INFO  client.GrpcClientProtocolClient (GrpcClientProtocolClient.java:onNext(264)) - client-DF3A7F9F7866->dd0a3b65-d36c-4f93-b232-3c8e6f6667b6: receive RaftClientReply:client-DF3A7F9F7866->dd0a3b65-d36c-4f93-b232-3c8e6f6667b6@group-B02456D89C11, cid=602, SUCCESS, logIndex=886, commits[dd0a3b65-d36c-4f93-b232-3c8e6f6667b6:c889]
2019-09-18 13:04:01,114 [grpc-default-executor-0] INFO  client.GrpcClientProtocolClient (GrpcClientProtocolClient.java:onNext(264)) - client-DF3A7F9F7866->dd0a3b65-d36c-4f93-b232-3c8e6f6667b6: receive RaftClientReply:client-DF3A7F9F7866->dd0a3b65-d36c-4f93-b232-3c8e6f6667b6@group-B02456D89C11, cid=603, SUCCESS, logIndex=887, commits[dd0a3b65-d36c-4f93-b232-3c8e6f6667b6:c889]
2019-09-18 13:04:01,115 [grpc-default-executor-0] INFO  client.GrpcClientProtocolClient (GrpcClientProtocolClient.java:onNext(264)) - client-DF3A7F9F7866->dd0a3b65-d36c-4f93-b232-3c8e6f6667b6: receive RaftClientReply:client-DF3A7F9F7866->dd0a3b65-d36c-4f93-b232-3c8e6f6667b6@group-B02456D89C11, cid=604, SUCCESS, logIndex=888, commits[dd0a3b65-d36c-4f93-b232-3c8e6f6667b6:c889]
2019-09-18 13:04:01,138 [grpc-default-executor-0] INFO  client.GrpcClientProtocolClient (GrpcClientProtocolClient.java:onNext(264)) - client-DF3A7F9F7866->dd0a3b65-d36c-4f93-b232-3c8e6f6667b6: receive RaftClientReply:client-DF3A7F9F7866->dd0a3b65-d36c-4f93-b232-3c8e6f6667b6@group-B02456D89C11, cid=605, SUCCESS, logIndex=890, commits[dd0a3b65-d36c-4f93-b232-3c8e6f6667b6:c893]
2019-09-18 13:04:01,139 [grpc-default-executor-0] INFO  client.GrpcClientProtocolClient (GrpcClientProtocolClient.java:onNext(264)) - client-DF3A7F9F7866->dd0a3b65-d36c-4f93-b232-3c8e6f6667b6: receive RaftClientReply:client-DF3A7F9F7866->dd0a3b65-d36c-4f93-b232-3c8e6f6667b6@group-B02456D89C11, cid=606, SUCCESS, logIndex=891, commits[dd0a3b65-d36c-4f93-b232-3c8e6f6667b6:c894]
2019-09-18 13:04:01,139 [grpc-default-executor-0] INFO  client.GrpcClientProtocolClient (GrpcClientProtocolClient.java:onNext(264)) - client-DF3A7F9F7866->dd0a3b65-d36c-4f93-b232-3c8e6f6667b6: receive RaftClientReply:client-DF3A7F9F7866->dd0a3b65-d36c-4f93-b232-3c8e6f6667b6@group-B02456D89C11, cid=607, SUCCESS, logIndex=892, commits[dd0a3b65-d36c-4f93-b232-3c8e6f6667b6:c894]
2019-09-18 13:04:01,140 [grpc-default-executor-0] INFO  client.GrpcClientProtocolClient (GrpcClientProtocolClient.java:onNext(264)) - client-DF3A7F9F7866->dd0a3b65-d36c-4f93-b232-3c8e6f6667b6: receive RaftClientReply:client-DF3A7F9F7866->dd0a3b65-d36c-4f93-b232-3c8e6f6667b6@group-B02456D89C11, cid=608, SUCCESS, logIndex=893, commits[dd0a3b65-d36c-4f93-b232-3c8e6f6667b6:c894]
2019-09-18 13:04:01,148 [SCMBlockDeletingService#1] DEBUG block.SCMBlockDeletingService (SCMBlockDeletingService.java:call(138)) - Running DeletedBlockTransactionScanner
2019-09-18 13:04:01,148 [SCMBlockDeletingService#1] DEBUG block.SCMBlockDeletingService (SCMBlockDeletingService.java:call(155)) - Scanned deleted blocks log and got 0 delTX to process.
2019-09-18 13:04:01,170 [grpc-default-executor-0] INFO  client.GrpcClientProtocolClient (GrpcClientProtocolClient.java:onNext(264)) - client-DF3A7F9F7866->dd0a3b65-d36c-4f93-b232-3c8e6f6667b6: receive RaftClientReply:client-DF3A7F9F7866->dd0a3b65-d36c-4f93-b232-3c8e6f6667b6@group-B02456D89C11, cid=609, SUCCESS, logIndex=895, commits[dd0a3b65-d36c-4f93-b232-3c8e6f6667b6:c896]
2019-09-18 13:04:01,170 [grpc-default-executor-0] INFO  client.GrpcClientProtocolClient (GrpcClientProtocolClient.java:onNext(264)) - client-DF3A7F9F7866->dd0a3b65-d36c-4f93-b232-3c8e6f6667b6: receive RaftClientReply:client-DF3A7F9F7866->dd0a3b65-d36c-4f93-b232-3c8e6f6667b6@group-B02456D89C11, cid=610, SUCCESS, logIndex=896, commits[dd0a3b65-d36c-4f93-b232-3c8e6f6667b6:c898]
2019-09-18 13:04:01,171 [grpc-default-executor-0] INFO  client.GrpcClientProtocolClient (GrpcClientProtocolClient.java:onNext(264)) - client-DF3A7F9F7866->dd0a3b65-d36c-4f93-b232-3c8e6f6667b6: receive RaftClientReply:client-DF3A7F9F7866->dd0a3b65-d36c-4f93-b232-3c8e6f6667b6@group-B02456D89C11, cid=611, SUCCESS, logIndex=897, commits[dd0a3b65-d36c-4f93-b232-3c8e6f6667b6:c898]
2019-09-18 13:04:01,171 [grpc-default-executor-0] INFO  client.GrpcClientProtocolClient (GrpcClientProtocolClient.java:onNext(264)) - client-DF3A7F9F7866->dd0a3b65-d36c-4f93-b232-3c8e6f6667b6: receive RaftClientReply:client-DF3A7F9F7866->dd0a3b65-d36c-4f93-b232-3c8e6f6667b6@group-B02456D89C11, cid=612, SUCCESS, logIndex=898, commits[dd0a3b65-d36c-4f93-b232-3c8e6f6667b6:c899]
2019-09-18 13:04:01,201 [grpc-default-executor-1] INFO  client.GrpcClientProtocolClient (GrpcClientProtocolClient.java:onNext(264)) - client-DF3A7F9F7866->dd0a3b65-d36c-4f93-b232-3c8e6f6667b6: receive RaftClientReply:client-DF3A7F9F7866->dd0a3b65-d36c-4f93-b232-3c8e6f6667b6@group-B02456D89C11, cid=613, SUCCESS, logIndex=901, commits[dd0a3b65-d36c-4f93-b232-3c8e6f6667b6:c902]
2019-09-18 13:04:01,202 [grpc-default-executor-1] INFO  client.GrpcClientProtocolClient (GrpcClientProtocolClient.java:onNext(264)) - client-DF3A7F9F7866->dd0a3b65-d36c-4f93-b232-3c8e6f6667b6: receive RaftClientReply:client-DF3A7F9F7866->dd0a3b65-d36c-4f93-b232-3c8e6f6667b6@group-B02456D89C11, cid=614, SUCCESS, logIndex=902, commits[dd0a3b65-d36c-4f93-b232-3c8e6f6667b6:c904]
2019-09-18 13:04:01,202 [grpc-default-executor-1] INFO  client.GrpcClientProtocolClient (GrpcClientProtocolClient.java:onNext(264)) - client-DF3A7F9F7866->dd0a3b65-d36c-4f93-b232-3c8e6f6667b6: receive RaftClientReply:client-DF3A7F9F7866->dd0a3b65-d36c-4f93-b232-3c8e6f6667b6@group-B02456D89C11, cid=615, SUCCESS, logIndex=903, commits[dd0a3b65-d36c-4f93-b232-3c8e6f6667b6:c904]
2019-09-18 13:04:01,203 [grpc-default-executor-1] INFO  client.GrpcClientProtocolClient (GrpcClientProtocolClient.java:onNext(264)) - client-DF3A7F9F7866->dd0a3b65-d36c-4f93-b232-3c8e6f6667b6: receive RaftClientReply:client-DF3A7F9F7866->dd0a3b65-d36c-4f93-b232-3c8e6f6667b6@group-B02456D89C11, cid=616, SUCCESS, logIndex=904, commits[dd0a3b65-d36c-4f93-b232-3c8e6f6667b6:c905]
2019-09-18 13:04:01,284 [SCMBlockDeletingService#1] DEBUG block.SCMBlockDeletingService (SCMBlockDeletingService.java:call(138)) - Running DeletedBlockTransactionScanner
2019-09-18 13:04:01,285 [SCMBlockDeletingService#1] DEBUG block.SCMBlockDeletingService (SCMBlockDeletingService.java:call(155)) - Scanned deleted blocks log and got 0 delTX to process.
2019-09-18 13:04:01,304 [grpc-default-executor-0] INFO  client.GrpcClientProtocolClient (GrpcClientProtocolClient.java:onNext(264)) - client-DF3A7F9F7866->dd0a3b65-d36c-4f93-b232-3c8e6f6667b6: receive RaftClientReply:client-DF3A7F9F7866->dd0a3b65-d36c-4f93-b232-3c8e6f6667b6@group-B02456D89C11, cid=617, SUCCESS, logIndex=907, commits[dd0a3b65-d36c-4f93-b232-3c8e6f6667b6:c908]
2019-09-18 13:04:01,315 [grpc-default-executor-0] INFO  client.GrpcClientProtocolClient (GrpcClientProtocolClient.java:onNext(264)) - client-DF3A7F9F7866->dd0a3b65-d36c-4f93-b232-3c8e6f6667b6: receive RaftClientReply:client-DF3A7F9F7866->dd0a3b65-d36c-4f93-b232-3c8e6f6667b6@group-B02456D89C11, cid=618, SUCCESS, logIndex=908, commits[dd0a3b65-d36c-4f93-b232-3c8e6f6667b6:c909]
2019-09-18 13:04:01,385 [SCMBlockDeletingService#1] DEBUG block.SCMBlockDeletingService (SCMBlockDeletingService.java:call(138)) - Running DeletedBlockTransactionScanner
2019-09-18 13:04:01,386 [SCMBlockDeletingService#1] DEBUG block.SCMBlockDeletingService (SCMBlockDeletingService.java:call(155)) - Scanned deleted blocks log and got 0 delTX to process.
2019-09-18 13:04:01,424 [grpc-default-executor-0] INFO  client.GrpcClientProtocolClient (GrpcClientProtocolClient.java:onNext(264)) - client-DF3A7F9F7866->dd0a3b65-d36c-4f93-b232-3c8e6f6667b6: receive RaftClientReply:client-DF3A7F9F7866->dd0a3b65-d36c-4f93-b232-3c8e6f6667b6@group-B02456D89C11, cid=619, SUCCESS, logIndex=910, commits[dd0a3b65-d36c-4f93-b232-3c8e6f6667b6:c911]
2019-09-18 13:04:01,424 [grpc-default-executor-0] INFO  client.GrpcClientProtocolClient (GrpcClientProtocolClient.java:onNext(264)) - client-DF3A7F9F7866->dd0a3b65-d36c-4f93-b232-3c8e6f6667b6: receive RaftClientReply:client-DF3A7F9F7866->dd0a3b65-d36c-4f93-b232-3c8e6f6667b6@group-B02456D89C11, cid=620, SUCCESS, logIndex=911, commits[dd0a3b65-d36c-4f93-b232-3c8e6f6667b6:c912]
2019-09-18 13:04:01,443 [grpc-default-executor-1] INFO  client.GrpcClientProtocolClient (GrpcClientProtocolClient.java:onNext(264)) - client-DF3A7F9F7866->dd0a3b65-d36c-4f93-b232-3c8e6f6667b6: receive RaftClientReply:client-DF3A7F9F7866->dd0a3b65-d36c-4f93-b232-3c8e6f6667b6@group-B02456D89C11, cid=621, SUCCESS, logIndex=913, commits[dd0a3b65-d36c-4f93-b232-3c8e6f6667b6:c914]
2019-09-18 13:04:01,444 [grpc-default-executor-1] INFO  client.GrpcClientProtocolClient (GrpcClientProtocolClient.java:onNext(264)) - client-DF3A7F9F7866->dd0a3b65-d36c-4f93-b232-3c8e6f6667b6: receive RaftClientReply:client-DF3A7F9F7866->dd0a3b65-d36c-4f93-b232-3c8e6f6667b6@group-B02456D89C11, cid=622, SUCCESS, logIndex=914, commits[dd0a3b65-d36c-4f93-b232-3c8e6f6667b6:c916]
2019-09-18 13:04:01,445 [grpc-default-executor-1] INFO  client.GrpcClientProtocolClient (GrpcClientProtocolClient.java:onNext(264)) - client-DF3A7F9F7866->dd0a3b65-d36c-4f93-b232-3c8e6f6667b6: receive RaftClientReply:client-DF3A7F9F7866->dd0a3b65-d36c-4f93-b232-3c8e6f6667b6@group-B02456D89C11, cid=623, SUCCESS, logIndex=915, commits[dd0a3b65-d36c-4f93-b232-3c8e6f6667b6:c917]
2019-09-18 13:04:01,445 [grpc-default-executor-1] INFO  client.GrpcClientProtocolClient (GrpcClientProtocolClient.java:onNext(264)) - client-DF3A7F9F7866->dd0a3b65-d36c-4f93-b232-3c8e6f6667b6: receive RaftClientReply:client-DF3A7F9F7866->dd0a3b65-d36c-4f93-b232-3c8e6f6667b6@group-B02456D89C11, cid=624, SUCCESS, logIndex=916, commits[dd0a3b65-d36c-4f93-b232-3c8e6f6667b6:c917]
2019-09-18 13:04:01,476 [grpc-default-executor-1] INFO  client.GrpcClientProtocolClient (GrpcClientProtocolClient.java:onNext(264)) - client-DF3A7F9F7866->dd0a3b65-d36c-4f93-b232-3c8e6f6667b6: receive RaftClientReply:client-DF3A7F9F7866->dd0a3b65-d36c-4f93-b232-3c8e6f6667b6@group-B02456D89C11, cid=625, SUCCESS, logIndex=919, commits[dd0a3b65-d36c-4f93-b232-3c8e6f6667b6:c922]
2019-09-18 13:04:01,477 [grpc-default-executor-1] INFO  client.GrpcClientProtocolClient (GrpcClientProtocolClient.java:onNext(264)) - client-DF3A7F9F7866->dd0a3b65-d36c-4f93-b232-3c8e6f6667b6: receive RaftClientReply:client-DF3A7F9F7866->dd0a3b65-d36c-4f93-b232-3c8e6f6667b6@group-B02456D89C11, cid=626, SUCCESS, logIndex=920, commits[dd0a3b65-d36c-4f93-b232-3c8e6f6667b6:c923]
2019-09-18 13:04:01,477 [grpc-default-executor-1] INFO  client.GrpcClientProtocolClient (GrpcClientProtocolClient.java:onNext(264)) - client-DF3A7F9F7866->dd0a3b65-d36c-4f93-b232-3c8e6f6667b6: receive RaftClientReply:client-DF3A7F9F7866->dd0a3b65-d36c-4f93-b232-3c8e6f6667b6@group-B02456D89C11, cid=627, SUCCESS, logIndex=921, commits[dd0a3b65-d36c-4f93-b232-3c8e6f6667b6:c923]
2019-09-18 13:04:01,478 [grpc-default-executor-1] INFO  client.GrpcClientProtocolClient (GrpcClientProtocolClient.java:onNext(264)) - client-DF3A7F9F7866->dd0a3b65-d36c-4f93-b232-3c8e6f6667b6: receive RaftClientReply:client-DF3A7F9F7866->dd0a3b65-d36c-4f93-b232-3c8e6f6667b6@group-B02456D89C11, cid=628, SUCCESS, logIndex=922, commits[dd0a3b65-d36c-4f93-b232-3c8e6f6667b6:c923]
2019-09-18 13:04:01,486 [SCMBlockDeletingService#1] DEBUG block.SCMBlockDeletingService (SCMBlockDeletingService.java:call(138)) - Running DeletedBlockTransactionScanner
2019-09-18 13:04:01,486 [SCMBlockDeletingService#1] DEBUG block.SCMBlockDeletingService (SCMBlockDeletingService.java:call(155)) - Scanned deleted blocks log and got 0 delTX to process.
2019-09-18 13:04:01,499 [grpc-default-executor-0] INFO  client.GrpcClientProtocolClient (GrpcClientProtocolClient.java:onNext(264)) - client-DF3A7F9F7866->dd0a3b65-d36c-4f93-b232-3c8e6f6667b6: receive RaftClientReply:client-DF3A7F9F7866->dd0a3b65-d36c-4f93-b232-3c8e6f6667b6@group-B02456D89C11, cid=629, SUCCESS, logIndex=924, commits[dd0a3b65-d36c-4f93-b232-3c8e6f6667b6:c927]
2019-09-18 13:04:01,500 [grpc-default-executor-0] INFO  client.GrpcClientProtocolClient (GrpcClientProtocolClient.java:onNext(264)) - client-DF3A7F9F7866->dd0a3b65-d36c-4f93-b232-3c8e6f6667b6: receive RaftClientReply:client-DF3A7F9F7866->dd0a3b65-d36c-4f93-b232-3c8e6f6667b6@group-B02456D89C11, cid=630, SUCCESS, logIndex=925, commits[dd0a3b65-d36c-4f93-b232-3c8e6f6667b6:c928]
2019-09-18 13:04:01,500 [grpc-default-executor-0] INFO  client.GrpcClientProtocolClient (GrpcClientProtocolClient.java:onNext(264)) - client-DF3A7F9F7866->dd0a3b65-d36c-4f93-b232-3c8e6f6667b6: receive RaftClientReply:client-DF3A7F9F7866->dd0a3b65-d36c-4f93-b232-3c8e6f6667b6@group-B02456D89C11, cid=631, SUCCESS, logIndex=926, commits[dd0a3b65-d36c-4f93-b232-3c8e6f6667b6:c928]
2019-09-18 13:04:01,501 [grpc-default-executor-0] INFO  client.GrpcClientProtocolClient (GrpcClientProtocolClient.java:onNext(264)) - client-DF3A7F9F7866->dd0a3b65-d36c-4f93-b232-3c8e6f6667b6: receive RaftClientReply:client-DF3A7F9F7866->dd0a3b65-d36c-4f93-b232-3c8e6f6667b6@group-B02456D89C11, cid=632, SUCCESS, logIndex=927, commits[dd0a3b65-d36c-4f93-b232-3c8e6f6667b6:c928]
2019-09-18 13:04:01,528 [grpc-default-executor-0] INFO  client.GrpcClientProtocolClient (GrpcClientProtocolClient.java:onNext(264)) - client-DF3A7F9F7866->dd0a3b65-d36c-4f93-b232-3c8e6f6667b6: receive RaftClientReply:client-DF3A7F9F7866->dd0a3b65-d36c-4f93-b232-3c8e6f6667b6@group-B02456D89C11, cid=633, SUCCESS, logIndex=929, commits[dd0a3b65-d36c-4f93-b232-3c8e6f6667b6:c930]
2019-09-18 13:04:01,528 [grpc-default-executor-0] INFO  client.GrpcClientProtocolClient (GrpcClientProtocolClient.java:onNext(264)) - client-DF3A7F9F7866->dd0a3b65-d36c-4f93-b232-3c8e6f6667b6: receive RaftClientReply:client-DF3A7F9F7866->dd0a3b65-d36c-4f93-b232-3c8e6f6667b6@group-B02456D89C11, cid=634, SUCCESS, logIndex=930, commits[dd0a3b65-d36c-4f93-b232-3c8e6f6667b6:c932]
2019-09-18 13:04:01,529 [grpc-default-executor-0] INFO  client.GrpcClientProtocolClient (GrpcClientProtocolClient.java:onNext(264)) - client-DF3A7F9F7866->dd0a3b65-d36c-4f93-b232-3c8e6f6667b6: receive RaftClientReply:client-DF3A7F9F7866->dd0a3b65-d36c-4f93-b232-3c8e6f6667b6@group-B02456D89C11, cid=635, SUCCESS, logIndex=931, commits[dd0a3b65-d36c-4f93-b232-3c8e6f6667b6:c932]
2019-09-18 13:04:01,529 [grpc-default-executor-0] INFO  client.GrpcClientProtocolClient (GrpcClientProtocolClient.java:onNext(264)) - client-DF3A7F9F7866->dd0a3b65-d36c-4f93-b232-3c8e6f6667b6: receive RaftClientReply:client-DF3A7F9F7866->dd0a3b65-d36c-4f93-b232-3c8e6f6667b6@group-B02456D89C11, cid=636, SUCCESS, logIndex=932, commits[dd0a3b65-d36c-4f93-b232-3c8e6f6667b6:c932]
2019-09-18 13:04:01,553 [grpc-default-executor-0] INFO  client.GrpcClientProtocolClient (GrpcClientProtocolClient.java:onNext(264)) - client-DF3A7F9F7866->dd0a3b65-d36c-4f93-b232-3c8e6f6667b6: receive RaftClientReply:client-DF3A7F9F7866->dd0a3b65-d36c-4f93-b232-3c8e6f6667b6@group-B02456D89C11, cid=637, SUCCESS, logIndex=935, commits[dd0a3b65-d36c-4f93-b232-3c8e6f6667b6:c936]
2019-09-18 13:04:01,554 [grpc-default-executor-0] INFO  client.GrpcClientProtocolClient (GrpcClientProtocolClient.java:onNext(264)) - client-DF3A7F9F7866->dd0a3b65-d36c-4f93-b232-3c8e6f6667b6: receive RaftClientReply:client-DF3A7F9F7866->dd0a3b65-d36c-4f93-b232-3c8e6f6667b6@group-B02456D89C11, cid=638, SUCCESS, logIndex=936, commits[dd0a3b65-d36c-4f93-b232-3c8e6f6667b6:c938]
2019-09-18 13:04:01,554 [grpc-default-executor-0] INFO  client.GrpcClientProtocolClient (GrpcClientProtocolClient.java:onNext(264)) - client-DF3A7F9F7866->dd0a3b65-d36c-4f93-b232-3c8e6f6667b6: receive RaftClientReply:client-DF3A7F9F7866->dd0a3b65-d36c-4f93-b232-3c8e6f6667b6@group-B02456D89C11, cid=639, SUCCESS, logIndex=937, commits[dd0a3b65-d36c-4f93-b232-3c8e6f6667b6:c938]
2019-09-18 13:04:01,555 [grpc-default-executor-0] INFO  client.GrpcClientProtocolClient (GrpcClientProtocolClient.java:onNext(264)) - client-DF3A7F9F7866->dd0a3b65-d36c-4f93-b232-3c8e6f6667b6: receive RaftClientReply:client-DF3A7F9F7866->dd0a3b65-d36c-4f93-b232-3c8e6f6667b6@group-B02456D89C11, cid=640, SUCCESS, logIndex=938, commits[dd0a3b65-d36c-4f93-b232-3c8e6f6667b6:c938]
2019-09-18 13:04:01,581 [grpc-default-executor-1] INFO  client.GrpcClientProtocolClient (GrpcClientProtocolClient.java:onNext(264)) - client-DF3A7F9F7866->dd0a3b65-d36c-4f93-b232-3c8e6f6667b6: receive RaftClientReply:client-DF3A7F9F7866->dd0a3b65-d36c-4f93-b232-3c8e6f6667b6@group-B02456D89C11, cid=641, SUCCESS, logIndex=941, commits[dd0a3b65-d36c-4f93-b232-3c8e6f6667b6:c942]
2019-09-18 13:04:01,582 [grpc-default-executor-1] INFO  client.GrpcClientProtocolClient (GrpcClientProtocolClient.java:onNext(264)) - client-DF3A7F9F7866->dd0a3b65-d36c-4f93-b232-3c8e6f6667b6: receive RaftClientReply:client-DF3A7F9F7866->dd0a3b65-d36c-4f93-b232-3c8e6f6667b6@group-B02456D89C11, cid=642, SUCCESS, logIndex=942, commits[dd0a3b65-d36c-4f93-b232-3c8e6f6667b6:c944]
2019-09-18 13:04:01,582 [grpc-default-executor-1] INFO  client.GrpcClientProtocolClient (GrpcClientProtocolClient.java:onNext(264)) - client-DF3A7F9F7866->dd0a3b65-d36c-4f93-b232-3c8e6f6667b6: receive RaftClientReply:client-DF3A7F9F7866->dd0a3b65-d36c-4f93-b232-3c8e6f6667b6@group-B02456D89C11, cid=643, SUCCESS, logIndex=943, commits[dd0a3b65-d36c-4f93-b232-3c8e6f6667b6:c945]
2019-09-18 13:04:01,583 [grpc-default-executor-1] INFO  client.GrpcClientProtocolClient (GrpcClientProtocolClient.java:onNext(264)) - client-DF3A7F9F7866->dd0a3b65-d36c-4f93-b232-3c8e6f6667b6: receive RaftClientReply:client-DF3A7F9F7866->dd0a3b65-d36c-4f93-b232-3c8e6f6667b6@group-B02456D89C11, cid=644, SUCCESS, logIndex=944, commits[dd0a3b65-d36c-4f93-b232-3c8e6f6667b6:c946]
2019-09-18 13:04:01,587 [SCMBlockDeletingService#1] DEBUG block.SCMBlockDeletingService (SCMBlockDeletingService.java:call(138)) - Running DeletedBlockTransactionScanner
2019-09-18 13:04:01,587 [SCMBlockDeletingService#1] DEBUG block.SCMBlockDeletingService (SCMBlockDeletingService.java:call(155)) - Scanned deleted blocks log and got 0 delTX to process.
2019-09-18 13:04:01,602 [grpc-default-executor-1] INFO  client.GrpcClientProtocolClient (GrpcClientProtocolClient.java:onNext(264)) - client-DF3A7F9F7866->dd0a3b65-d36c-4f93-b232-3c8e6f6667b6: receive RaftClientReply:client-DF3A7F9F7866->dd0a3b65-d36c-4f93-b232-3c8e6f6667b6@group-B02456D89C11, cid=645, SUCCESS, logIndex=947, commits[dd0a3b65-d36c-4f93-b232-3c8e6f6667b6:c948]
2019-09-18 13:04:01,602 [grpc-default-executor-1] INFO  client.GrpcClientProtocolClient (GrpcClientProtocolClient.java:onNext(264)) - client-DF3A7F9F7866->dd0a3b65-d36c-4f93-b232-3c8e6f6667b6: receive RaftClientReply:client-DF3A7F9F7866->dd0a3b65-d36c-4f93-b232-3c8e6f6667b6@group-B02456D89C11, cid=646, SUCCESS, logIndex=948, commits[dd0a3b65-d36c-4f93-b232-3c8e6f6667b6:c950]
2019-09-18 13:04:01,603 [grpc-default-executor-1] INFO  client.GrpcClientProtocolClient (GrpcClientProtocolClient.java:onNext(264)) - client-DF3A7F9F7866->dd0a3b65-d36c-4f93-b232-3c8e6f6667b6: receive RaftClientReply:client-DF3A7F9F7866->dd0a3b65-d36c-4f93-b232-3c8e6f6667b6@group-B02456D89C11, cid=647, SUCCESS, logIndex=949, commits[dd0a3b65-d36c-4f93-b232-3c8e6f6667b6:c950]
2019-09-18 13:04:01,603 [grpc-default-executor-1] INFO  client.GrpcClientProtocolClient (GrpcClientProtocolClient.java:onNext(264)) - client-DF3A7F9F7866->dd0a3b65-d36c-4f93-b232-3c8e6f6667b6: receive RaftClientReply:client-DF3A7F9F7866->dd0a3b65-d36c-4f93-b232-3c8e6f6667b6@group-B02456D89C11, cid=648, SUCCESS, logIndex=950, commits[dd0a3b65-d36c-4f93-b232-3c8e6f6667b6:c951]
2019-09-18 13:04:01,628 [grpc-default-executor-1] INFO  client.GrpcClientProtocolClient (GrpcClientProtocolClient.java:onNext(264)) - client-DF3A7F9F7866->dd0a3b65-d36c-4f93-b232-3c8e6f6667b6: receive RaftClientReply:client-DF3A7F9F7866->dd0a3b65-d36c-4f93-b232-3c8e6f6667b6@group-B02456D89C11, cid=649, SUCCESS, logIndex=953, commits[dd0a3b65-d36c-4f93-b232-3c8e6f6667b6:c954]
2019-09-18 13:04:01,628 [grpc-default-executor-1] INFO  client.GrpcClientProtocolClient (GrpcClientProtocolClient.java:onNext(264)) - client-DF3A7F9F7866->dd0a3b65-d36c-4f93-b232-3c8e6f6667b6: receive RaftClientReply:client-DF3A7F9F7866->dd0a3b65-d36c-4f93-b232-3c8e6f6667b6@group-B02456D89C11, cid=650, SUCCESS, logIndex=954, commits[dd0a3b65-d36c-4f93-b232-3c8e6f6667b6:c956]
2019-09-18 13:04:01,629 [grpc-default-executor-1] INFO  client.GrpcClientProtocolClient (GrpcClientProtocolClient.java:onNext(264)) - client-DF3A7F9F7866->dd0a3b65-d36c-4f93-b232-3c8e6f6667b6: receive RaftClientReply:client-DF3A7F9F7866->dd0a3b65-d36c-4f93-b232-3c8e6f6667b6@group-B02456D89C11, cid=651, SUCCESS, logIndex=955, commits[dd0a3b65-d36c-4f93-b232-3c8e6f6667b6:c956]
2019-09-18 13:04:01,629 [grpc-default-executor-1] INFO  client.GrpcClientProtocolClient (GrpcClientProtocolClient.java:onNext(264)) - client-DF3A7F9F7866->dd0a3b65-d36c-4f93-b232-3c8e6f6667b6: receive RaftClientReply:client-DF3A7F9F7866->dd0a3b65-d36c-4f93-b232-3c8e6f6667b6@group-B02456D89C11, cid=652, SUCCESS, logIndex=956, commits[dd0a3b65-d36c-4f93-b232-3c8e6f6667b6:c956]
2019-09-18 13:04:01,649 [grpc-default-executor-0] INFO  client.GrpcClientProtocolClient (GrpcClientProtocolClient.java:onNext(264)) - client-DF3A7F9F7866->dd0a3b65-d36c-4f93-b232-3c8e6f6667b6: receive RaftClientReply:client-DF3A7F9F7866->dd0a3b65-d36c-4f93-b232-3c8e6f6667b6@group-B02456D89C11, cid=653, SUCCESS, logIndex=959, commits[dd0a3b65-d36c-4f93-b232-3c8e6f6667b6:c962]
2019-09-18 13:04:01,650 [grpc-default-executor-0] INFO  client.GrpcClientProtocolClient (GrpcClientProtocolClient.java:onNext(264)) - client-DF3A7F9F7866->dd0a3b65-d36c-4f93-b232-3c8e6f6667b6: receive RaftClientReply:client-DF3A7F9F7866->dd0a3b65-d36c-4f93-b232-3c8e6f6667b6@group-B02456D89C11, cid=654, SUCCESS, logIndex=960, commits[dd0a3b65-d36c-4f93-b232-3c8e6f6667b6:c963]
2019-09-18 13:04:01,650 [grpc-default-executor-0] INFO  client.GrpcClientProtocolClient (GrpcClientProtocolClient.java:onNext(264)) - client-DF3A7F9F7866->dd0a3b65-d36c-4f93-b232-3c8e6f6667b6: receive RaftClientReply:client-DF3A7F9F7866->dd0a3b65-d36c-4f93-b232-3c8e6f6667b6@group-B02456D89C11, cid=655, SUCCESS, logIndex=961, commits[dd0a3b65-d36c-4f93-b232-3c8e6f6667b6:c963]
2019-09-18 13:04:01,651 [grpc-default-executor-0] INFO  client.GrpcClientProtocolClient (GrpcClientProtocolClient.java:onNext(264)) - client-DF3A7F9F7866->dd0a3b65-d36c-4f93-b232-3c8e6f6667b6: receive RaftClientReply:client-DF3A7F9F7866->dd0a3b65-d36c-4f93-b232-3c8e6f6667b6@group-B02456D89C11, cid=656, SUCCESS, logIndex=962, commits[dd0a3b65-d36c-4f93-b232-3c8e6f6667b6:c963]
2019-09-18 13:04:01,675 [grpc-default-executor-0] INFO  client.GrpcClientProtocolClient (GrpcClientProtocolClient.java:onNext(264)) - client-DF3A7F9F7866->dd0a3b65-d36c-4f93-b232-3c8e6f6667b6: receive RaftClientReply:client-DF3A7F9F7866->dd0a3b65-d36c-4f93-b232-3c8e6f6667b6@group-B02456D89C11, cid=657, SUCCESS, logIndex=964, commits[dd0a3b65-d36c-4f93-b232-3c8e6f6667b6:c965]
2019-09-18 13:04:01,675 [grpc-default-executor-0] INFO  client.GrpcClientProtocolClient (GrpcClientProtocolClient.java:onNext(264)) - client-DF3A7F9F7866->dd0a3b65-d36c-4f93-b232-3c8e6f6667b6: receive RaftClientReply:client-DF3A7F9F7866->dd0a3b65-d36c-4f93-b232-3c8e6f6667b6@group-B02456D89C11, cid=658, SUCCESS, logIndex=965, commits[dd0a3b65-d36c-4f93-b232-3c8e6f6667b6:c967]
2019-09-18 13:04:01,676 [grpc-default-executor-0] INFO  client.GrpcClientProtocolClient (GrpcClientProtocolClient.java:onNext(264)) - client-DF3A7F9F7866->dd0a3b65-d36c-4f93-b232-3c8e6f6667b6: receive RaftClientReply:client-DF3A7F9F7866->dd0a3b65-d36c-4f93-b232-3c8e6f6667b6@group-B02456D89C11, cid=659, SUCCESS, logIndex=966, commits[dd0a3b65-d36c-4f93-b232-3c8e6f6667b6:c967]
2019-09-18 13:04:01,676 [grpc-default-executor-0] INFO  client.GrpcClientProtocolClient (GrpcClientProtocolClient.java:onNext(264)) - client-DF3A7F9F7866->dd0a3b65-d36c-4f93-b232-3c8e6f6667b6: receive RaftClientReply:client-DF3A7F9F7866->dd0a3b65-d36c-4f93-b232-3c8e6f6667b6@group-B02456D89C11, cid=660, SUCCESS, logIndex=967, commits[dd0a3b65-d36c-4f93-b232-3c8e6f6667b6:c968]
2019-09-18 13:04:01,687 [SCMBlockDeletingService#0] DEBUG block.SCMBlockDeletingService (SCMBlockDeletingService.java:call(138)) - Running DeletedBlockTransactionScanner
2019-09-18 13:04:01,688 [SCMBlockDeletingService#0] DEBUG block.SCMBlockDeletingService (SCMBlockDeletingService.java:call(155)) - Scanned deleted blocks log and got 0 delTX to process.
2019-09-18 13:04:01,694 [grpc-default-executor-1] INFO  client.GrpcClientProtocolClient (GrpcClientProtocolClient.java:onNext(264)) - client-DF3A7F9F7866->dd0a3b65-d36c-4f93-b232-3c8e6f6667b6: receive RaftClientReply:client-DF3A7F9F7866->dd0a3b65-d36c-4f93-b232-3c8e6f6667b6@group-B02456D89C11, cid=661, SUCCESS, logIndex=970, commits[dd0a3b65-d36c-4f93-b232-3c8e6f6667b6:c971]
2019-09-18 13:04:01,695 [grpc-default-executor-1] INFO  client.GrpcClientProtocolClient (GrpcClientProtocolClient.java:onNext(264)) - client-DF3A7F9F7866->dd0a3b65-d36c-4f93-b232-3c8e6f6667b6: receive RaftClientReply:client-DF3A7F9F7866->dd0a3b65-d36c-4f93-b232-3c8e6f6667b6@group-B02456D89C11, cid=662, SUCCESS, logIndex=971, commits[dd0a3b65-d36c-4f93-b232-3c8e6f6667b6:c972]
2019-09-18 13:04:01,788 [SCMBlockDeletingService#0] DEBUG block.SCMBlockDeletingService (SCMBlockDeletingService.java:call(138)) - Running DeletedBlockTransactionScanner
2019-09-18 13:04:01,788 [SCMBlockDeletingService#0] DEBUG block.SCMBlockDeletingService (SCMBlockDeletingService.java:call(155)) - Scanned deleted blocks log and got 0 delTX to process.
2019-09-18 13:04:01,792 [grpc-default-executor-0] INFO  client.GrpcClientProtocolClient (GrpcClientProtocolClient.java:onNext(264)) - client-DF3A7F9F7866->dd0a3b65-d36c-4f93-b232-3c8e6f6667b6: receive RaftClientReply:client-DF3A7F9F7866->dd0a3b65-d36c-4f93-b232-3c8e6f6667b6@group-B02456D89C11, cid=663, SUCCESS, logIndex=973, commits[dd0a3b65-d36c-4f93-b232-3c8e6f6667b6:c974]
2019-09-18 13:04:01,793 [grpc-default-executor-0] INFO  client.GrpcClientProtocolClient (GrpcClientProtocolClient.java:onNext(264)) - client-DF3A7F9F7866->dd0a3b65-d36c-4f93-b232-3c8e6f6667b6: receive RaftClientReply:client-DF3A7F9F7866->dd0a3b65-d36c-4f93-b232-3c8e6f6667b6@group-B02456D89C11, cid=664, SUCCESS, logIndex=974, commits[dd0a3b65-d36c-4f93-b232-3c8e6f6667b6:c974]
2019-09-18 13:04:01,820 [grpc-default-executor-1] INFO  client.GrpcClientProtocolClient (GrpcClientProtocolClient.java:onNext(264)) - client-DF3A7F9F7866->dd0a3b65-d36c-4f93-b232-3c8e6f6667b6: receive RaftClientReply:client-DF3A7F9F7866->dd0a3b65-d36c-4f93-b232-3c8e6f6667b6@group-B02456D89C11, cid=665, SUCCESS, logIndex=976, commits[dd0a3b65-d36c-4f93-b232-3c8e6f6667b6:c977]
2019-09-18 13:04:01,820 [grpc-default-executor-1] INFO  client.GrpcClientProtocolClient (GrpcClientProtocolClient.java:onNext(264)) - client-DF3A7F9F7866->dd0a3b65-d36c-4f93-b232-3c8e6f6667b6: receive RaftClientReply:client-DF3A7F9F7866->dd0a3b65-d36c-4f93-b232-3c8e6f6667b6@group-B02456D89C11, cid=666, SUCCESS, logIndex=977, commits[dd0a3b65-d36c-4f93-b232-3c8e6f6667b6:c979]
2019-09-18 13:04:01,821 [grpc-default-executor-1] INFO  client.GrpcClientProtocolClient (GrpcClientProtocolClient.java:onNext(264)) - client-DF3A7F9F7866->dd0a3b65-d36c-4f93-b232-3c8e6f6667b6: receive RaftClientReply:client-DF3A7F9F7866->dd0a3b65-d36c-4f93-b232-3c8e6f6667b6@group-B02456D89C11, cid=667, SUCCESS, logIndex=978, commits[dd0a3b65-d36c-4f93-b232-3c8e6f6667b6:c979]
2019-09-18 13:04:01,821 [grpc-default-executor-1] INFO  client.GrpcClientProtocolClient (GrpcClientProtocolClient.java:onNext(264)) - client-DF3A7F9F7866->dd0a3b65-d36c-4f93-b232-3c8e6f6667b6: receive RaftClientReply:client-DF3A7F9F7866->dd0a3b65-d36c-4f93-b232-3c8e6f6667b6@group-B02456D89C11, cid=668, SUCCESS, logIndex=979, commits[dd0a3b65-d36c-4f93-b232-3c8e6f6667b6:c980]
2019-09-18 13:04:01,840 [grpc-default-executor-0] INFO  client.GrpcClientProtocolClient (GrpcClientProtocolClient.java:onNext(264)) - client-DF3A7F9F7866->dd0a3b65-d36c-4f93-b232-3c8e6f6667b6: receive RaftClientReply:client-DF3A7F9F7866->dd0a3b65-d36c-4f93-b232-3c8e6f6667b6@group-B02456D89C11, cid=669, SUCCESS, logIndex=982, commits[dd0a3b65-d36c-4f93-b232-3c8e6f6667b6:c983]
2019-09-18 13:04:01,841 [grpc-default-executor-0] INFO  client.GrpcClientProtocolClient (GrpcClientProtocolClient.java:onNext(264)) - client-DF3A7F9F7866->dd0a3b65-d36c-4f93-b232-3c8e6f6667b6: receive RaftClientReply:client-DF3A7F9F7866->dd0a3b65-d36c-4f93-b232-3c8e6f6667b6@group-B02456D89C11, cid=670, SUCCESS, logIndex=983, commits[dd0a3b65-d36c-4f93-b232-3c8e6f6667b6:c983]
2019-09-18 13:04:01,843 [grpc-default-executor-0] INFO  client.GrpcClientProtocolClient (GrpcClientProtocolClient.java:onNext(264)) - client-DF3A7F9F7866->dd0a3b65-d36c-4f93-b232-3c8e6f6667b6: receive RaftClientReply:client-DF3A7F9F7866->dd0a3b65-d36c-4f93-b232-3c8e6f6667b6@group-B02456D89C11, cid=671, SUCCESS, logIndex=984, commits[dd0a3b65-d36c-4f93-b232-3c8e6f6667b6:c985]
2019-09-18 13:04:01,843 [grpc-default-executor-0] INFO  client.GrpcClientProtocolClient (GrpcClientProtocolClient.java:onNext(264)) - client-DF3A7F9F7866->dd0a3b65-d36c-4f93-b232-3c8e6f6667b6: receive RaftClientReply:client-DF3A7F9F7866->dd0a3b65-d36c-4f93-b232-3c8e6f6667b6@group-B02456D89C11, cid=672, SUCCESS, logIndex=985, commits[dd0a3b65-d36c-4f93-b232-3c8e6f6667b6:c985]
2019-09-18 13:04:01,874 [grpc-default-executor-0] INFO  client.GrpcClientProtocolClient (GrpcClientProtocolClient.java:onNext(264)) - client-DF3A7F9F7866->dd0a3b65-d36c-4f93-b232-3c8e6f6667b6: receive RaftClientReply:client-DF3A7F9F7866->dd0a3b65-d36c-4f93-b232-3c8e6f6667b6@group-B02456D89C11, cid=673, SUCCESS, logIndex=988, commits[dd0a3b65-d36c-4f93-b232-3c8e6f6667b6:c991]
2019-09-18 13:04:01,875 [grpc-default-executor-1] INFO  client.GrpcClientProtocolClient (GrpcClientProtocolClient.java:onNext(264)) - client-DF3A7F9F7866->dd0a3b65-d36c-4f93-b232-3c8e6f6667b6: receive RaftClientReply:client-DF3A7F9F7866->dd0a3b65-d36c-4f93-b232-3c8e6f6667b6@group-B02456D89C11, cid=674, SUCCESS, logIndex=989, commits[dd0a3b65-d36c-4f93-b232-3c8e6f6667b6:c991]
2019-09-18 13:04:01,875 [grpc-default-executor-1] INFO  client.GrpcClientProtocolClient (GrpcClientProtocolClient.java:onNext(264)) - client-DF3A7F9F7866->dd0a3b65-d36c-4f93-b232-3c8e6f6667b6: receive RaftClientReply:client-DF3A7F9F7866->dd0a3b65-d36c-4f93-b232-3c8e6f6667b6@group-B02456D89C11, cid=675, SUCCESS, logIndex=990, commits[dd0a3b65-d36c-4f93-b232-3c8e6f6667b6:c992]
2019-09-18 13:04:01,876 [grpc-default-executor-1] INFO  client.GrpcClientProtocolClient (GrpcClientProtocolClient.java:onNext(264)) - client-DF3A7F9F7866->dd0a3b65-d36c-4f93-b232-3c8e6f6667b6: receive RaftClientReply:client-DF3A7F9F7866->dd0a3b65-d36c-4f93-b232-3c8e6f6667b6@group-B02456D89C11, cid=676, SUCCESS, logIndex=991, commits[dd0a3b65-d36c-4f93-b232-3c8e6f6667b6:c992]
2019-09-18 13:04:01,957 [SCMBlockDeletingService#0] DEBUG block.SCMBlockDeletingService (SCMBlockDeletingService.java:call(138)) - Running DeletedBlockTransactionScanner
2019-09-18 13:04:01,957 [SCMBlockDeletingService#0] DEBUG block.SCMBlockDeletingService (SCMBlockDeletingService.java:call(155)) - Scanned deleted blocks log and got 0 delTX to process.
2019-09-18 13:04:01,973 [grpc-default-executor-1] INFO  client.GrpcClientProtocolClient (GrpcClientProtocolClient.java:onNext(264)) - client-DF3A7F9F7866->dd0a3b65-d36c-4f93-b232-3c8e6f6667b6: receive RaftClientReply:client-DF3A7F9F7866->dd0a3b65-d36c-4f93-b232-3c8e6f6667b6@group-B02456D89C11, cid=677, SUCCESS, logIndex=993, commits[dd0a3b65-d36c-4f93-b232-3c8e6f6667b6:c994]
2019-09-18 13:04:01,973 [grpc-default-executor-1] INFO  client.GrpcClientProtocolClient (GrpcClientProtocolClient.java:onNext(264)) - client-DF3A7F9F7866->dd0a3b65-d36c-4f93-b232-3c8e6f6667b6: receive RaftClientReply:client-DF3A7F9F7866->dd0a3b65-d36c-4f93-b232-3c8e6f6667b6@group-B02456D89C11, cid=678, SUCCESS, logIndex=994, commits[dd0a3b65-d36c-4f93-b232-3c8e6f6667b6:c996]
2019-09-18 13:04:01,974 [grpc-default-executor-1] INFO  client.GrpcClientProtocolClient (GrpcClientProtocolClient.java:onNext(264)) - client-DF3A7F9F7866->dd0a3b65-d36c-4f93-b232-3c8e6f6667b6: receive RaftClientReply:client-DF3A7F9F7866->dd0a3b65-d36c-4f93-b232-3c8e6f6667b6@group-B02456D89C11, cid=679, SUCCESS, logIndex=995, commits[dd0a3b65-d36c-4f93-b232-3c8e6f6667b6:c996]
2019-09-18 13:04:01,974 [grpc-default-executor-1] INFO  client.GrpcClientProtocolClient (GrpcClientProtocolClient.java:onNext(264)) - client-DF3A7F9F7866->dd0a3b65-d36c-4f93-b232-3c8e6f6667b6: receive RaftClientReply:client-DF3A7F9F7866->dd0a3b65-d36c-4f93-b232-3c8e6f6667b6@group-B02456D89C11, cid=680, SUCCESS, logIndex=996, commits[dd0a3b65-d36c-4f93-b232-3c8e6f6667b6:c997]
2019-09-18 13:04:02,004 [grpc-default-executor-1] INFO  client.GrpcClientProtocolClient (GrpcClientProtocolClient.java:onNext(264)) - client-DF3A7F9F7866->dd0a3b65-d36c-4f93-b232-3c8e6f6667b6: receive RaftClientReply:client-DF3A7F9F7866->dd0a3b65-d36c-4f93-b232-3c8e6f6667b6@group-B02456D89C11, cid=681, SUCCESS, logIndex=999, commits[dd0a3b65-d36c-4f93-b232-3c8e6f6667b6:c1002]
2019-09-18 13:04:02,004 [grpc-default-executor-1] INFO  client.GrpcClientProtocolClient (GrpcClientProtocolClient.java:onNext(264)) - client-DF3A7F9F7866->dd0a3b65-d36c-4f93-b232-3c8e6f6667b6: receive RaftClientReply:client-DF3A7F9F7866->dd0a3b65-d36c-4f93-b232-3c8e6f6667b6@group-B02456D89C11, cid=682, SUCCESS, logIndex=1000, commits[dd0a3b65-d36c-4f93-b232-3c8e6f6667b6:c1003]
2019-09-18 13:04:02,005 [grpc-default-executor-1] INFO  client.GrpcClientProtocolClient (GrpcClientProtocolClient.java:onNext(264)) - client-DF3A7F9F7866->dd0a3b65-d36c-4f93-b232-3c8e6f6667b6: receive RaftClientReply:client-DF3A7F9F7866->dd0a3b65-d36c-4f93-b232-3c8e6f6667b6@group-B02456D89C11, cid=683, SUCCESS, logIndex=1001, commits[dd0a3b65-d36c-4f93-b232-3c8e6f6667b6:c1003]
2019-09-18 13:04:02,005 [grpc-default-executor-1] INFO  client.GrpcClientProtocolClient (GrpcClientProtocolClient.java:onNext(264)) - client-DF3A7F9F7866->dd0a3b65-d36c-4f93-b232-3c8e6f6667b6: receive RaftClientReply:client-DF3A7F9F7866->dd0a3b65-d36c-4f93-b232-3c8e6f6667b6@group-B02456D89C11, cid=684, SUCCESS, logIndex=1002, commits[dd0a3b65-d36c-4f93-b232-3c8e6f6667b6:c1003]
2019-09-18 13:04:02,026 [grpc-default-executor-1] INFO  client.GrpcClientProtocolClient (GrpcClientProtocolClient.java:onNext(264)) - client-DF3A7F9F7866->dd0a3b65-d36c-4f93-b232-3c8e6f6667b6: receive RaftClientReply:client-DF3A7F9F7866->dd0a3b65-d36c-4f93-b232-3c8e6f6667b6@group-B02456D89C11, cid=685, SUCCESS, logIndex=1004, commits[dd0a3b65-d36c-4f93-b232-3c8e6f6667b6:c1007]
2019-09-18 13:04:02,027 [grpc-default-executor-1] INFO  client.GrpcClientProtocolClient (GrpcClientProtocolClient.java:onNext(264)) - client-DF3A7F9F7866->dd0a3b65-d36c-4f93-b232-3c8e6f6667b6: receive RaftClientReply:client-DF3A7F9F7866->dd0a3b65-d36c-4f93-b232-3c8e6f6667b6@group-B02456D89C11, cid=686, SUCCESS, logIndex=1005, commits[dd0a3b65-d36c-4f93-b232-3c8e6f6667b6:c1008]
2019-09-18 13:04:02,027 [grpc-default-executor-1] INFO  client.GrpcClientProtocolClient (GrpcClientProtocolClient.java:onNext(264)) - client-DF3A7F9F7866->dd0a3b65-d36c-4f93-b232-3c8e6f6667b6: receive RaftClientReply:client-DF3A7F9F7866->dd0a3b65-d36c-4f93-b232-3c8e6f6667b6@group-B02456D89C11, cid=687, SUCCESS, logIndex=1006, commits[dd0a3b65-d36c-4f93-b232-3c8e6f6667b6:c1008]
2019-09-18 13:04:02,028 [grpc-default-executor-1] INFO  client.GrpcClientProtocolClient (GrpcClientProtocolClient.java:onNext(264)) - client-DF3A7F9F7866->dd0a3b65-d36c-4f93-b232-3c8e6f6667b6: receive RaftClientReply:client-DF3A7F9F7866->dd0a3b65-d36c-4f93-b232-3c8e6f6667b6@group-B02456D89C11, cid=688, SUCCESS, logIndex=1007, commits[dd0a3b65-d36c-4f93-b232-3c8e6f6667b6:c1008]
2019-09-18 13:04:02,055 [grpc-default-executor-1] INFO  client.GrpcClientProtocolClient (GrpcClientProtocolClient.java:onNext(264)) - client-DF3A7F9F7866->dd0a3b65-d36c-4f93-b232-3c8e6f6667b6: receive RaftClientReply:client-DF3A7F9F7866->dd0a3b65-d36c-4f93-b232-3c8e6f6667b6@group-B02456D89C11, cid=689, SUCCESS, logIndex=1009, commits[dd0a3b65-d36c-4f93-b232-3c8e6f6667b6:c1012]
2019-09-18 13:04:02,055 [grpc-default-executor-1] INFO  client.GrpcClientProtocolClient (GrpcClientProtocolClient.java:onNext(264)) - client-DF3A7F9F7866->dd0a3b65-d36c-4f93-b232-3c8e6f6667b6: receive RaftClientReply:client-DF3A7F9F7866->dd0a3b65-d36c-4f93-b232-3c8e6f6667b6@group-B02456D89C11, cid=690, SUCCESS, logIndex=1010, commits[dd0a3b65-d36c-4f93-b232-3c8e6f6667b6:c1012]
2019-09-18 13:04:02,056 [grpc-default-executor-1] INFO  client.GrpcClientProtocolClient (GrpcClientProtocolClient.java:onNext(264)) - client-DF3A7F9F7866->dd0a3b65-d36c-4f93-b232-3c8e6f6667b6: receive RaftClientReply:client-DF3A7F9F7866->dd0a3b65-d36c-4f93-b232-3c8e6f6667b6@group-B02456D89C11, cid=691, SUCCESS, logIndex=1011, commits[dd0a3b65-d36c-4f93-b232-3c8e6f6667b6:c1012]
2019-09-18 13:04:02,056 [grpc-default-executor-1] INFO  client.GrpcClientProtocolClient (GrpcClientProtocolClient.java:onNext(264)) - client-DF3A7F9F7866->dd0a3b65-d36c-4f93-b232-3c8e6f6667b6: receive RaftClientReply:client-DF3A7F9F7866->dd0a3b65-d36c-4f93-b232-3c8e6f6667b6@group-B02456D89C11, cid=692, SUCCESS, logIndex=1012, commits[dd0a3b65-d36c-4f93-b232-3c8e6f6667b6:c1012]
2019-09-18 13:04:02,057 [SCMBlockDeletingService#0] DEBUG block.SCMBlockDeletingService (SCMBlockDeletingService.java:call(138)) - Running DeletedBlockTransactionScanner
2019-09-18 13:04:02,058 [SCMBlockDeletingService#0] DEBUG block.SCMBlockDeletingService (SCMBlockDeletingService.java:call(155)) - Scanned deleted blocks log and got 0 delTX to process.
2019-09-18 13:04:02,076 [grpc-default-executor-1] INFO  client.GrpcClientProtocolClient (GrpcClientProtocolClient.java:onNext(264)) - client-DF3A7F9F7866->dd0a3b65-d36c-4f93-b232-3c8e6f6667b6: receive RaftClientReply:client-DF3A7F9F7866->dd0a3b65-d36c-4f93-b232-3c8e6f6667b6@group-B02456D89C11, cid=693, SUCCESS, logIndex=1014, commits[dd0a3b65-d36c-4f93-b232-3c8e6f6667b6:c1017]
2019-09-18 13:04:02,077 [grpc-default-executor-1] INFO  client.GrpcClientProtocolClient (GrpcClientProtocolClient.java:onNext(264)) - client-DF3A7F9F7866->dd0a3b65-d36c-4f93-b232-3c8e6f6667b6: receive RaftClientReply:client-DF3A7F9F7866->dd0a3b65-d36c-4f93-b232-3c8e6f6667b6@group-B02456D89C11, cid=694, SUCCESS, logIndex=1015, commits[dd0a3b65-d36c-4f93-b232-3c8e6f6667b6:c1017]
2019-09-18 13:04:02,077 [grpc-default-executor-1] INFO  client.GrpcClientProtocolClient (GrpcClientProtocolClient.java:onNext(264)) - client-DF3A7F9F7866->dd0a3b65-d36c-4f93-b232-3c8e6f6667b6: receive RaftClientReply:client-DF3A7F9F7866->dd0a3b65-d36c-4f93-b232-3c8e6f6667b6@group-B02456D89C11, cid=695, SUCCESS, logIndex=1016, commits[dd0a3b65-d36c-4f93-b232-3c8e6f6667b6:c1018]
2019-09-18 13:04:02,077 [grpc-default-executor-1] INFO  client.GrpcClientProtocolClient (GrpcClientProtocolClient.java:onNext(264)) - client-DF3A7F9F7866->dd0a3b65-d36c-4f93-b232-3c8e6f6667b6: receive RaftClientReply:client-DF3A7F9F7866->dd0a3b65-d36c-4f93-b232-3c8e6f6667b6@group-B02456D89C11, cid=696, SUCCESS, logIndex=1017, commits[dd0a3b65-d36c-4f93-b232-3c8e6f6667b6:c1018]
2019-09-18 13:04:02,111 [grpc-default-executor-1] INFO  client.GrpcClientProtocolClient (GrpcClientProtocolClient.java:onNext(264)) - client-DF3A7F9F7866->dd0a3b65-d36c-4f93-b232-3c8e6f6667b6: receive RaftClientReply:client-DF3A7F9F7866->dd0a3b65-d36c-4f93-b232-3c8e6f6667b6@group-B02456D89C11, cid=697, SUCCESS, logIndex=1019, commits[dd0a3b65-d36c-4f93-b232-3c8e6f6667b6:c1020]
2019-09-18 13:04:02,111 [grpc-default-executor-1] INFO  client.GrpcClientProtocolClient (GrpcClientProtocolClient.java:onNext(264)) - client-DF3A7F9F7866->dd0a3b65-d36c-4f93-b232-3c8e6f6667b6: receive RaftClientReply:client-DF3A7F9F7866->dd0a3b65-d36c-4f93-b232-3c8e6f6667b6@group-B02456D89C11, cid=698, SUCCESS, logIndex=1020, commits[dd0a3b65-d36c-4f93-b232-3c8e6f6667b6:c1022]
2019-09-18 13:04:02,112 [grpc-default-executor-1] INFO  client.GrpcClientProtocolClient (GrpcClientProtocolClient.java:onNext(264)) - client-DF3A7F9F7866->dd0a3b65-d36c-4f93-b232-3c8e6f6667b6: receive RaftClientReply:client-DF3A7F9F7866->dd0a3b65-d36c-4f93-b232-3c8e6f6667b6@group-B02456D89C11, cid=699, SUCCESS, logIndex=1021, commits[dd0a3b65-d36c-4f93-b232-3c8e6f6667b6:c1023]
2019-09-18 13:04:02,112 [grpc-default-executor-1] INFO  client.GrpcClientProtocolClient (GrpcClientProtocolClient.java:onNext(264)) - client-DF3A7F9F7866->dd0a3b65-d36c-4f93-b232-3c8e6f6667b6: receive RaftClientReply:client-DF3A7F9F7866->dd0a3b65-d36c-4f93-b232-3c8e6f6667b6@group-B02456D89C11, cid=700, SUCCESS, logIndex=1022, commits[dd0a3b65-d36c-4f93-b232-3c8e6f6667b6:c1024]
2019-09-18 13:04:02,133 [grpc-default-executor-1] INFO  client.GrpcClientProtocolClient (GrpcClientProtocolClient.java:onNext(264)) - client-DF3A7F9F7866->dd0a3b65-d36c-4f93-b232-3c8e6f6667b6: receive RaftClientReply:client-DF3A7F9F7866->dd0a3b65-d36c-4f93-b232-3c8e6f6667b6@group-B02456D89C11, cid=701, SUCCESS, logIndex=1025, commits[dd0a3b65-d36c-4f93-b232-3c8e6f6667b6:c1026]
2019-09-18 13:04:02,133 [grpc-default-executor-1] INFO  client.GrpcClientProtocolClient (GrpcClientProtocolClient.java:onNext(264)) - client-DF3A7F9F7866->dd0a3b65-d36c-4f93-b232-3c8e6f6667b6: receive RaftClientReply:client-DF3A7F9F7866->dd0a3b65-d36c-4f93-b232-3c8e6f6667b6@group-B02456D89C11, cid=702, SUCCESS, logIndex=1026, commits[dd0a3b65-d36c-4f93-b232-3c8e6f6667b6:c1028]
2019-09-18 13:04:02,134 [grpc-default-executor-1] INFO  client.GrpcClientProtocolClient (GrpcClientProtocolClient.java:onNext(264)) - client-DF3A7F9F7866->dd0a3b65-d36c-4f93-b232-3c8e6f6667b6: receive RaftClientReply:client-DF3A7F9F7866->dd0a3b65-d36c-4f93-b232-3c8e6f6667b6@group-B02456D89C11, cid=703, SUCCESS, logIndex=1027, commits[dd0a3b65-d36c-4f93-b232-3c8e6f6667b6:c1029]
2019-09-18 13:04:02,134 [grpc-default-executor-1] INFO  client.GrpcClientProtocolClient (GrpcClientProtocolClient.java:onNext(264)) - client-DF3A7F9F7866->dd0a3b65-d36c-4f93-b232-3c8e6f6667b6: receive RaftClientReply:client-DF3A7F9F7866->dd0a3b65-d36c-4f93-b232-3c8e6f6667b6@group-B02456D89C11, cid=704, SUCCESS, logIndex=1028, commits[dd0a3b65-d36c-4f93-b232-3c8e6f6667b6:c1029]
2019-09-18 13:04:02,158 [SCMBlockDeletingService#0] DEBUG block.SCMBlockDeletingService (SCMBlockDeletingService.java:call(138)) - Running DeletedBlockTransactionScanner
2019-09-18 13:04:02,158 [SCMBlockDeletingService#0] DEBUG block.SCMBlockDeletingService (SCMBlockDeletingService.java:call(155)) - Scanned deleted blocks log and got 0 delTX to process.
2019-09-18 13:04:02,163 [grpc-default-executor-0] INFO  client.GrpcClientProtocolClient (GrpcClientProtocolClient.java:onNext(264)) - client-DF3A7F9F7866->dd0a3b65-d36c-4f93-b232-3c8e6f6667b6: receive RaftClientReply:client-DF3A7F9F7866->dd0a3b65-d36c-4f93-b232-3c8e6f6667b6@group-B02456D89C11, cid=705, SUCCESS, logIndex=1031, commits[dd0a3b65-d36c-4f93-b232-3c8e6f6667b6:c1032]
2019-09-18 13:04:02,164 [grpc-default-executor-0] INFO  client.GrpcClientProtocolClient (GrpcClientProtocolClient.java:onNext(264)) - client-DF3A7F9F7866->dd0a3b65-d36c-4f93-b232-3c8e6f6667b6: receive RaftClientReply:client-DF3A7F9F7866->dd0a3b65-d36c-4f93-b232-3c8e6f6667b6@group-B02456D89C11, cid=706, SUCCESS, logIndex=1032, commits[dd0a3b65-d36c-4f93-b232-3c8e6f6667b6:c1033]
2019-09-18 13:04:02,259 [SCMBlockDeletingService#0] DEBUG block.SCMBlockDeletingService (SCMBlockDeletingService.java:call(138)) - Running DeletedBlockTransactionScanner
2019-09-18 13:04:02,259 [SCMBlockDeletingService#0] DEBUG block.SCMBlockDeletingService (SCMBlockDeletingService.java:call(155)) - Scanned deleted blocks log and got 0 delTX to process.
2019-09-18 13:04:02,278 [grpc-default-executor-1] INFO  client.GrpcClientProtocolClient (GrpcClientProtocolClient.java:onNext(264)) - client-DF3A7F9F7866->dd0a3b65-d36c-4f93-b232-3c8e6f6667b6: receive RaftClientReply:client-DF3A7F9F7866->dd0a3b65-d36c-4f93-b232-3c8e6f6667b6@group-B02456D89C11, cid=707, SUCCESS, logIndex=1034, commits[dd0a3b65-d36c-4f93-b232-3c8e6f6667b6:c1035]
2019-09-18 13:04:02,279 [grpc-default-executor-1] INFO  client.GrpcClientProtocolClient (GrpcClientProtocolClient.java:onNext(264)) - client-DF3A7F9F7866->dd0a3b65-d36c-4f93-b232-3c8e6f6667b6: receive RaftClientReply:client-DF3A7F9F7866->dd0a3b65-d36c-4f93-b232-3c8e6f6667b6@group-B02456D89C11, cid=708, SUCCESS, logIndex=1035, commits[dd0a3b65-d36c-4f93-b232-3c8e6f6667b6:c1036]
2019-09-18 13:04:02,301 [grpc-default-executor-1] INFO  client.GrpcClientProtocolClient (GrpcClientProtocolClient.java:onNext(264)) - client-DF3A7F9F7866->dd0a3b65-d36c-4f93-b232-3c8e6f6667b6: receive RaftClientReply:client-DF3A7F9F7866->dd0a3b65-d36c-4f93-b232-3c8e6f6667b6@group-B02456D89C11, cid=709, SUCCESS, logIndex=1037, commits[dd0a3b65-d36c-4f93-b232-3c8e6f6667b6:c1040]
2019-09-18 13:04:02,301 [grpc-default-executor-1] INFO  client.GrpcClientProtocolClient (GrpcClientProtocolClient.java:onNext(264)) - client-DF3A7F9F7866->dd0a3b65-d36c-4f93-b232-3c8e6f6667b6: receive RaftClientReply:client-DF3A7F9F7866->dd0a3b65-d36c-4f93-b232-3c8e6f6667b6@group-B02456D89C11, cid=710, SUCCESS, logIndex=1038, commits[dd0a3b65-d36c-4f93-b232-3c8e6f6667b6:c1041]
2019-09-18 13:04:02,302 [grpc-default-executor-1] INFO  client.GrpcClientProtocolClient (GrpcClientProtocolClient.java:onNext(264)) - client-DF3A7F9F7866->dd0a3b65-d36c-4f93-b232-3c8e6f6667b6: receive RaftClientReply:client-DF3A7F9F7866->dd0a3b65-d36c-4f93-b232-3c8e6f6667b6@group-B02456D89C11, cid=711, SUCCESS, logIndex=1039, commits[dd0a3b65-d36c-4f93-b232-3c8e6f6667b6:c1041]
2019-09-18 13:04:02,302 [grpc-default-executor-1] INFO  client.GrpcClientProtocolClient (GrpcClientProtocolClient.java:onNext(264)) - client-DF3A7F9F7866->dd0a3b65-d36c-4f93-b232-3c8e6f6667b6: receive RaftClientReply:client-DF3A7F9F7866->dd0a3b65-d36c-4f93-b232-3c8e6f6667b6@group-B02456D89C11, cid=712, SUCCESS, logIndex=1040, commits[dd0a3b65-d36c-4f93-b232-3c8e6f6667b6:c1041]
2019-09-18 13:04:02,330 [grpc-default-executor-1] INFO  client.GrpcClientProtocolClient (GrpcClientProtocolClient.java:onNext(264)) - client-DF3A7F9F7866->dd0a3b65-d36c-4f93-b232-3c8e6f6667b6: receive RaftClientReply:client-DF3A7F9F7866->dd0a3b65-d36c-4f93-b232-3c8e6f6667b6@group-B02456D89C11, cid=713, SUCCESS, logIndex=1042, commits[dd0a3b65-d36c-4f93-b232-3c8e6f6667b6:c1043]
2019-09-18 13:04:02,331 [grpc-default-executor-1] INFO  client.GrpcClientProtocolClient (GrpcClientProtocolClient.java:onNext(264)) - client-DF3A7F9F7866->dd0a3b65-d36c-4f93-b232-3c8e6f6667b6: receive RaftClientReply:client-DF3A7F9F7866->dd0a3b65-d36c-4f93-b232-3c8e6f6667b6@group-B02456D89C11, cid=714, SUCCESS, logIndex=1043, commits[dd0a3b65-d36c-4f93-b232-3c8e6f6667b6:c1045]
2019-09-18 13:04:02,332 [grpc-default-executor-1] INFO  client.GrpcClientProtocolClient (GrpcClientProtocolClient.java:onNext(264)) - client-DF3A7F9F7866->dd0a3b65-d36c-4f93-b232-3c8e6f6667b6: receive RaftClientReply:client-DF3A7F9F7866->dd0a3b65-d36c-4f93-b232-3c8e6f6667b6@group-B02456D89C11, cid=715, SUCCESS, logIndex=1044, commits[dd0a3b65-d36c-4f93-b232-3c8e6f6667b6:c1046]
2019-09-18 13:04:02,332 [grpc-default-executor-1] INFO  client.GrpcClientProtocolClient (GrpcClientProtocolClient.java:onNext(264)) - client-DF3A7F9F7866->dd0a3b65-d36c-4f93-b232-3c8e6f6667b6: receive RaftClientReply:client-DF3A7F9F7866->dd0a3b65-d36c-4f93-b232-3c8e6f6667b6@group-B02456D89C11, cid=716, SUCCESS, logIndex=1045, commits[dd0a3b65-d36c-4f93-b232-3c8e6f6667b6:c1047]
2019-09-18 13:04:02,356 [grpc-default-executor-0] INFO  client.GrpcClientProtocolClient (GrpcClientProtocolClient.java:onNext(264)) - client-DF3A7F9F7866->dd0a3b65-d36c-4f93-b232-3c8e6f6667b6: receive RaftClientReply:client-DF3A7F9F7866->dd0a3b65-d36c-4f93-b232-3c8e6f6667b6@group-B02456D89C11, cid=717, SUCCESS, logIndex=1048, commits[dd0a3b65-d36c-4f93-b232-3c8e6f6667b6:c1051]
2019-09-18 13:04:02,356 [grpc-default-executor-0] INFO  client.GrpcClientProtocolClient (GrpcClientProtocolClient.java:onNext(264)) - client-DF3A7F9F7866->dd0a3b65-d36c-4f93-b232-3c8e6f6667b6: receive RaftClientReply:client-DF3A7F9F7866->dd0a3b65-d36c-4f93-b232-3c8e6f6667b6@group-B02456D89C11, cid=718, SUCCESS, logIndex=1049, commits[dd0a3b65-d36c-4f93-b232-3c8e6f6667b6:c1052]
2019-09-18 13:04:02,357 [grpc-default-executor-0] INFO  client.GrpcClientProtocolClient (GrpcClientProtocolClient.java:onNext(264)) - client-DF3A7F9F7866->dd0a3b65-d36c-4f93-b232-3c8e6f6667b6: receive RaftClientReply:client-DF3A7F9F7866->dd0a3b65-d36c-4f93-b232-3c8e6f6667b6@group-B02456D89C11, cid=719, SUCCESS, logIndex=1050, commits[dd0a3b65-d36c-4f93-b232-3c8e6f6667b6:c1052]
2019-09-18 13:04:02,357 [grpc-default-executor-0] INFO  client.GrpcClientProtocolClient (GrpcClientProtocolClient.java:onNext(264)) - client-DF3A7F9F7866->dd0a3b65-d36c-4f93-b232-3c8e6f6667b6: receive RaftClientReply:client-DF3A7F9F7866->dd0a3b65-d36c-4f93-b232-3c8e6f6667b6@group-B02456D89C11, cid=720, SUCCESS, logIndex=1051, commits[dd0a3b65-d36c-4f93-b232-3c8e6f6667b6:c1052]
2019-09-18 13:04:02,360 [SCMBlockDeletingService#1] DEBUG block.SCMBlockDeletingService (SCMBlockDeletingService.java:call(138)) - Running DeletedBlockTransactionScanner
2019-09-18 13:04:02,360 [SCMBlockDeletingService#1] DEBUG block.SCMBlockDeletingService (SCMBlockDeletingService.java:call(155)) - Scanned deleted blocks log and got 0 delTX to process.
2019-09-18 13:04:02,386 [grpc-default-executor-0] INFO  client.GrpcClientProtocolClient (GrpcClientProtocolClient.java:onNext(264)) - client-DF3A7F9F7866->dd0a3b65-d36c-4f93-b232-3c8e6f6667b6: receive RaftClientReply:client-DF3A7F9F7866->dd0a3b65-d36c-4f93-b232-3c8e6f6667b6@group-B02456D89C11, cid=721, SUCCESS, logIndex=1053, commits[dd0a3b65-d36c-4f93-b232-3c8e6f6667b6:c1054]
2019-09-18 13:04:02,387 [grpc-default-executor-0] INFO  client.GrpcClientProtocolClient (GrpcClientProtocolClient.java:onNext(264)) - client-DF3A7F9F7866->dd0a3b65-d36c-4f93-b232-3c8e6f6667b6: receive RaftClientReply:client-DF3A7F9F7866->dd0a3b65-d36c-4f93-b232-3c8e6f6667b6@group-B02456D89C11, cid=722, SUCCESS, logIndex=1054, commits[dd0a3b65-d36c-4f93-b232-3c8e6f6667b6:c1056]
2019-09-18 13:04:02,387 [grpc-default-executor-0] INFO  client.GrpcClientProtocolClient (GrpcClientProtocolClient.java:onNext(264)) - client-DF3A7F9F7866->dd0a3b65-d36c-4f93-b232-3c8e6f6667b6: receive RaftClientReply:client-DF3A7F9F7866->dd0a3b65-d36c-4f93-b232-3c8e6f6667b6@group-B02456D89C11, cid=723, SUCCESS, logIndex=1055, commits[dd0a3b65-d36c-4f93-b232-3c8e6f6667b6:c1057]
2019-09-18 13:04:02,387 [grpc-default-executor-0] INFO  client.GrpcClientProtocolClient (GrpcClientProtocolClient.java:onNext(264)) - client-DF3A7F9F7866->dd0a3b65-d36c-4f93-b232-3c8e6f6667b6: receive RaftClientReply:client-DF3A7F9F7866->dd0a3b65-d36c-4f93-b232-3c8e6f6667b6@group-B02456D89C11, cid=724, SUCCESS, logIndex=1056, commits[dd0a3b65-d36c-4f93-b232-3c8e6f6667b6:c1058]
2019-09-18 13:04:02,418 [grpc-default-executor-0] INFO  client.GrpcClientProtocolClient (GrpcClientProtocolClient.java:onNext(264)) - client-DF3A7F9F7866->dd0a3b65-d36c-4f93-b232-3c8e6f6667b6: receive RaftClientReply:client-DF3A7F9F7866->dd0a3b65-d36c-4f93-b232-3c8e6f6667b6@group-B02456D89C11, cid=725, SUCCESS, logIndex=1059, commits[dd0a3b65-d36c-4f93-b232-3c8e6f6667b6:c1060]
2019-09-18 13:04:02,418 [grpc-default-executor-0] INFO  client.GrpcClientProtocolClient (GrpcClientProtocolClient.java:onNext(264)) - client-DF3A7F9F7866->dd0a3b65-d36c-4f93-b232-3c8e6f6667b6: receive RaftClientReply:client-DF3A7F9F7866->dd0a3b65-d36c-4f93-b232-3c8e6f6667b6@group-B02456D89C11, cid=726, SUCCESS, logIndex=1060, commits[dd0a3b65-d36c-4f93-b232-3c8e6f6667b6:c1062]
2019-09-18 13:04:02,419 [grpc-default-executor-0] INFO  client.GrpcClientProtocolClient (GrpcClientProtocolClient.java:onNext(264)) - client-DF3A7F9F7866->dd0a3b65-d36c-4f93-b232-3c8e6f6667b6: receive RaftClientReply:client-DF3A7F9F7866->dd0a3b65-d36c-4f93-b232-3c8e6f6667b6@group-B02456D89C11, cid=727, SUCCESS, logIndex=1061, commits[dd0a3b65-d36c-4f93-b232-3c8e6f6667b6:c1063]
2019-09-18 13:04:02,419 [grpc-default-executor-0] INFO  client.GrpcClientProtocolClient (GrpcClientProtocolClient.java:onNext(264)) - client-DF3A7F9F7866->dd0a3b65-d36c-4f93-b232-3c8e6f6667b6: receive RaftClientReply:client-DF3A7F9F7866->dd0a3b65-d36c-4f93-b232-3c8e6f6667b6@group-B02456D89C11, cid=728, SUCCESS, logIndex=1062, commits[dd0a3b65-d36c-4f93-b232-3c8e6f6667b6:c1064]
2019-09-18 13:04:02,447 [grpc-default-executor-1] INFO  client.GrpcClientProtocolClient (GrpcClientProtocolClient.java:onNext(264)) - client-DF3A7F9F7866->dd0a3b65-d36c-4f93-b232-3c8e6f6667b6: receive RaftClientReply:client-DF3A7F9F7866->dd0a3b65-d36c-4f93-b232-3c8e6f6667b6@group-B02456D89C11, cid=729, SUCCESS, logIndex=1065, commits[dd0a3b65-d36c-4f93-b232-3c8e6f6667b6:c1066]
2019-09-18 13:04:02,448 [grpc-default-executor-1] INFO  client.GrpcClientProtocolClient (GrpcClientProtocolClient.java:onNext(264)) - client-DF3A7F9F7866->dd0a3b65-d36c-4f93-b232-3c8e6f6667b6: receive RaftClientReply:client-DF3A7F9F7866->dd0a3b65-d36c-4f93-b232-3c8e6f6667b6@group-B02456D89C11, cid=730, SUCCESS, logIndex=1066, commits[dd0a3b65-d36c-4f93-b232-3c8e6f6667b6:c1066]
2019-09-18 13:04:02,449 [grpc-default-executor-1] INFO  client.GrpcClientProtocolClient (GrpcClientProtocolClient.java:onNext(264)) - client-DF3A7F9F7866->dd0a3b65-d36c-4f93-b232-3c8e6f6667b6: receive RaftClientReply:client-DF3A7F9F7866->dd0a3b65-d36c-4f93-b232-3c8e6f6667b6@group-B02456D89C11, cid=731, SUCCESS, logIndex=1067, commits[dd0a3b65-d36c-4f93-b232-3c8e6f6667b6:c1068]
2019-09-18 13:04:02,450 [grpc-default-executor-1] INFO  client.GrpcClientProtocolClient (GrpcClientProtocolClient.java:onNext(264)) - client-DF3A7F9F7866->dd0a3b65-d36c-4f93-b232-3c8e6f6667b6: receive RaftClientReply:client-DF3A7F9F7866->dd0a3b65-d36c-4f93-b232-3c8e6f6667b6@group-B02456D89C11, cid=732, SUCCESS, logIndex=1068, commits[dd0a3b65-d36c-4f93-b232-3c8e6f6667b6:c1068]
2019-09-18 13:04:02,460 [SCMBlockDeletingService#1] DEBUG block.SCMBlockDeletingService (SCMBlockDeletingService.java:call(138)) - Running DeletedBlockTransactionScanner
2019-09-18 13:04:02,460 [SCMBlockDeletingService#1] DEBUG block.SCMBlockDeletingService (SCMBlockDeletingService.java:call(155)) - Scanned deleted blocks log and got 0 delTX to process.
2019-09-18 13:04:02,470 [grpc-default-executor-0] INFO  client.GrpcClientProtocolClient (GrpcClientProtocolClient.java:onNext(264)) - client-DF3A7F9F7866->dd0a3b65-d36c-4f93-b232-3c8e6f6667b6: receive RaftClientReply:client-DF3A7F9F7866->dd0a3b65-d36c-4f93-b232-3c8e6f6667b6@group-B02456D89C11, cid=733, SUCCESS, logIndex=1071, commits[dd0a3b65-d36c-4f93-b232-3c8e6f6667b6:c1072]
2019-09-18 13:04:02,471 [grpc-default-executor-0] INFO  client.GrpcClientProtocolClient (GrpcClientProtocolClient.java:onNext(264)) - client-DF3A7F9F7866->dd0a3b65-d36c-4f93-b232-3c8e6f6667b6: receive RaftClientReply:client-DF3A7F9F7866->dd0a3b65-d36c-4f93-b232-3c8e6f6667b6@group-B02456D89C11, cid=734, SUCCESS, logIndex=1072, commits[dd0a3b65-d36c-4f93-b232-3c8e6f6667b6:c1074]
2019-09-18 13:04:02,471 [grpc-default-executor-0] INFO  client.GrpcClientProtocolClient (GrpcClientProtocolClient.java:onNext(264)) - client-DF3A7F9F7866->dd0a3b65-d36c-4f93-b232-3c8e6f6667b6: receive RaftClientReply:client-DF3A7F9F7866->dd0a3b65-d36c-4f93-b232-3c8e6f6667b6@group-B02456D89C11, cid=735, SUCCESS, logIndex=1073, commits[dd0a3b65-d36c-4f93-b232-3c8e6f6667b6:c1074]
2019-09-18 13:04:02,471 [grpc-default-executor-0] INFO  client.GrpcClientProtocolClient (GrpcClientProtocolClient.java:onNext(264)) - client-DF3A7F9F7866->dd0a3b65-d36c-4f93-b232-3c8e6f6667b6: receive RaftClientReply:client-DF3A7F9F7866->dd0a3b65-d36c-4f93-b232-3c8e6f6667b6@group-B02456D89C11, cid=736, SUCCESS, logIndex=1074, commits[dd0a3b65-d36c-4f93-b232-3c8e6f6667b6:c1075]
2019-09-18 13:04:02,499 [grpc-default-executor-1] INFO  client.GrpcClientProtocolClient (GrpcClientProtocolClient.java:onNext(264)) - client-DF3A7F9F7866->dd0a3b65-d36c-4f93-b232-3c8e6f6667b6: receive RaftClientReply:client-DF3A7F9F7866->dd0a3b65-d36c-4f93-b232-3c8e6f6667b6@group-B02456D89C11, cid=737, SUCCESS, logIndex=1077, commits[dd0a3b65-d36c-4f93-b232-3c8e6f6667b6:c1078]
2019-09-18 13:04:02,500 [grpc-default-executor-1] INFO  client.GrpcClientProtocolClient (GrpcClientProtocolClient.java:onNext(264)) - client-DF3A7F9F7866->dd0a3b65-d36c-4f93-b232-3c8e6f6667b6: receive RaftClientReply:client-DF3A7F9F7866->dd0a3b65-d36c-4f93-b232-3c8e6f6667b6@group-B02456D89C11, cid=738, SUCCESS, logIndex=1078, commits[dd0a3b65-d36c-4f93-b232-3c8e6f6667b6:c1080]
2019-09-18 13:04:02,500 [grpc-default-executor-1] INFO  client.GrpcClientProtocolClient (GrpcClientProtocolClient.java:onNext(264)) - client-DF3A7F9F7866->dd0a3b65-d36c-4f93-b232-3c8e6f6667b6: receive RaftClientReply:client-DF3A7F9F7866->dd0a3b65-d36c-4f93-b232-3c8e6f6667b6@group-B02456D89C11, cid=739, SUCCESS, logIndex=1079, commits[dd0a3b65-d36c-4f93-b232-3c8e6f6667b6:c1081]
2019-09-18 13:04:02,500 [grpc-default-executor-1] INFO  client.GrpcClientProtocolClient (GrpcClientProtocolClient.java:onNext(264)) - client-DF3A7F9F7866->dd0a3b65-d36c-4f93-b232-3c8e6f6667b6: receive RaftClientReply:client-DF3A7F9F7866->dd0a3b65-d36c-4f93-b232-3c8e6f6667b6@group-B02456D89C11, cid=740, SUCCESS, logIndex=1080, commits[dd0a3b65-d36c-4f93-b232-3c8e6f6667b6:c1082]
2019-09-18 13:04:02,521 [grpc-default-executor-0] INFO  client.GrpcClientProtocolClient (GrpcClientProtocolClient.java:onNext(264)) - client-DF3A7F9F7866->dd0a3b65-d36c-4f93-b232-3c8e6f6667b6: receive RaftClientReply:client-DF3A7F9F7866->dd0a3b65-d36c-4f93-b232-3c8e6f6667b6@group-B02456D89C11, cid=741, SUCCESS, logIndex=1083, commits[dd0a3b65-d36c-4f93-b232-3c8e6f6667b6:c1084]
2019-09-18 13:04:02,521 [grpc-default-executor-0] INFO  client.GrpcClientProtocolClient (GrpcClientProtocolClient.java:onNext(264)) - client-DF3A7F9F7866->dd0a3b65-d36c-4f93-b232-3c8e6f6667b6: receive RaftClientReply:client-DF3A7F9F7866->dd0a3b65-d36c-4f93-b232-3c8e6f6667b6@group-B02456D89C11, cid=742, SUCCESS, logIndex=1084, commits[dd0a3b65-d36c-4f93-b232-3c8e6f6667b6:c1086]
2019-09-18 13:04:02,522 [grpc-default-executor-0] INFO  client.GrpcClientProtocolClient (GrpcClientProtocolClient.java:onNext(264)) - client-DF3A7F9F7866->dd0a3b65-d36c-4f93-b232-3c8e6f6667b6: receive RaftClientReply:client-DF3A7F9F7866->dd0a3b65-d36c-4f93-b232-3c8e6f6667b6@group-B02456D89C11, cid=743, SUCCESS, logIndex=1085, commits[dd0a3b65-d36c-4f93-b232-3c8e6f6667b6:c1087]
2019-09-18 13:04:02,522 [grpc-default-executor-0] INFO  client.GrpcClientProtocolClient (GrpcClientProtocolClient.java:onNext(264)) - client-DF3A7F9F7866->dd0a3b65-d36c-4f93-b232-3c8e6f6667b6: receive RaftClientReply:client-DF3A7F9F7866->dd0a3b65-d36c-4f93-b232-3c8e6f6667b6@group-B02456D89C11, cid=744, SUCCESS, logIndex=1086, commits[dd0a3b65-d36c-4f93-b232-3c8e6f6667b6:c1088]
2019-09-18 13:04:02,550 [grpc-default-executor-1] INFO  client.GrpcClientProtocolClient (GrpcClientProtocolClient.java:onNext(264)) - client-DF3A7F9F7866->dd0a3b65-d36c-4f93-b232-3c8e6f6667b6: receive RaftClientReply:client-DF3A7F9F7866->dd0a3b65-d36c-4f93-b232-3c8e6f6667b6@group-B02456D89C11, cid=745, SUCCESS, logIndex=1089, commits[dd0a3b65-d36c-4f93-b232-3c8e6f6667b6:c1092]
2019-09-18 13:04:02,550 [grpc-default-executor-1] INFO  client.GrpcClientProtocolClient (GrpcClientProtocolClient.java:onNext(264)) - client-DF3A7F9F7866->dd0a3b65-d36c-4f93-b232-3c8e6f6667b6: receive RaftClientReply:client-DF3A7F9F7866->dd0a3b65-d36c-4f93-b232-3c8e6f6667b6@group-B02456D89C11, cid=746, SUCCESS, logIndex=1090, commits[dd0a3b65-d36c-4f93-b232-3c8e6f6667b6:c1093]
2019-09-18 13:04:02,551 [grpc-default-executor-1] INFO  client.GrpcClientProtocolClient (GrpcClientProtocolClient.java:onNext(264)) - client-DF3A7F9F7866->dd0a3b65-d36c-4f93-b232-3c8e6f6667b6: receive RaftClientReply:client-DF3A7F9F7866->dd0a3b65-d36c-4f93-b232-3c8e6f6667b6@group-B02456D89C11, cid=747, SUCCESS, logIndex=1091, commits[dd0a3b65-d36c-4f93-b232-3c8e6f6667b6:c1093]
2019-09-18 13:04:02,551 [grpc-default-executor-1] INFO  client.GrpcClientProtocolClient (GrpcClientProtocolClient.java:onNext(264)) - client-DF3A7F9F7866->dd0a3b65-d36c-4f93-b232-3c8e6f6667b6: receive RaftClientReply:client-DF3A7F9F7866->dd0a3b65-d36c-4f93-b232-3c8e6f6667b6@group-B02456D89C11, cid=748, SUCCESS, logIndex=1092, commits[dd0a3b65-d36c-4f93-b232-3c8e6f6667b6:c1093]
2019-09-18 13:04:02,561 [SCMBlockDeletingService#1] DEBUG block.SCMBlockDeletingService (SCMBlockDeletingService.java:call(138)) - Running DeletedBlockTransactionScanner
2019-09-18 13:04:02,563 [SCMBlockDeletingService#1] DEBUG block.SCMBlockDeletingService (SCMBlockDeletingService.java:call(155)) - Scanned deleted blocks log and got 0 delTX to process.
2019-09-18 13:04:02,653 [grpc-default-executor-0] INFO  client.GrpcClientProtocolClient (GrpcClientProtocolClient.java:onNext(264)) - client-DF3A7F9F7866->dd0a3b65-d36c-4f93-b232-3c8e6f6667b6: receive RaftClientReply:client-DF3A7F9F7866->dd0a3b65-d36c-4f93-b232-3c8e6f6667b6@group-B02456D89C11, cid=749, SUCCESS, logIndex=1094, commits[dd0a3b65-d36c-4f93-b232-3c8e6f6667b6:c1095]
2019-09-18 13:04:02,653 [grpc-default-executor-0] INFO  client.GrpcClientProtocolClient (GrpcClientProtocolClient.java:onNext(264)) - client-DF3A7F9F7866->dd0a3b65-d36c-4f93-b232-3c8e6f6667b6: receive RaftClientReply:client-DF3A7F9F7866->dd0a3b65-d36c-4f93-b232-3c8e6f6667b6@group-B02456D89C11, cid=750, SUCCESS, logIndex=1095, commits[dd0a3b65-d36c-4f93-b232-3c8e6f6667b6:c1095]
2019-09-18 13:04:02,663 [SCMBlockDeletingService#1] DEBUG block.SCMBlockDeletingService (SCMBlockDeletingService.java:call(138)) - Running DeletedBlockTransactionScanner
2019-09-18 13:04:02,663 [SCMBlockDeletingService#1] DEBUG block.SCMBlockDeletingService (SCMBlockDeletingService.java:call(155)) - Scanned deleted blocks log and got 0 delTX to process.
2019-09-18 13:04:02,745 [grpc-default-executor-1] INFO  client.GrpcClientProtocolClient (GrpcClientProtocolClient.java:onNext(264)) - client-DF3A7F9F7866->dd0a3b65-d36c-4f93-b232-3c8e6f6667b6: receive RaftClientReply:client-DF3A7F9F7866->dd0a3b65-d36c-4f93-b232-3c8e6f6667b6@group-B02456D89C11, cid=751, SUCCESS, logIndex=1097, commits[dd0a3b65-d36c-4f93-b232-3c8e6f6667b6:c1098]
2019-09-18 13:04:02,746 [grpc-default-executor-1] INFO  client.GrpcClientProtocolClient (GrpcClientProtocolClient.java:onNext(264)) - client-DF3A7F9F7866->dd0a3b65-d36c-4f93-b232-3c8e6f6667b6: receive RaftClientReply:client-DF3A7F9F7866->dd0a3b65-d36c-4f93-b232-3c8e6f6667b6@group-B02456D89C11, cid=752, SUCCESS, logIndex=1098, commits[dd0a3b65-d36c-4f93-b232-3c8e6f6667b6:c1099]
2019-09-18 13:04:02,764 [SCMBlockDeletingService#1] DEBUG block.SCMBlockDeletingService (SCMBlockDeletingService.java:call(138)) - Running DeletedBlockTransactionScanner
2019-09-18 13:04:02,764 [SCMBlockDeletingService#1] DEBUG block.SCMBlockDeletingService (SCMBlockDeletingService.java:call(155)) - Scanned deleted blocks log and got 0 delTX to process.
2019-09-18 13:04:02,777 [grpc-default-executor-1] INFO  client.GrpcClientProtocolClient (GrpcClientProtocolClient.java:onNext(264)) - client-DF3A7F9F7866->dd0a3b65-d36c-4f93-b232-3c8e6f6667b6: receive RaftClientReply:client-DF3A7F9F7866->dd0a3b65-d36c-4f93-b232-3c8e6f6667b6@group-B02456D89C11, cid=753, SUCCESS, logIndex=1100, commits[dd0a3b65-d36c-4f93-b232-3c8e6f6667b6:c1103]
2019-09-18 13:04:02,777 [grpc-default-executor-1] INFO  client.GrpcClientProtocolClient (GrpcClientProtocolClient.java:onNext(264)) - client-DF3A7F9F7866->dd0a3b65-d36c-4f93-b232-3c8e6f6667b6: receive RaftClientReply:client-DF3A7F9F7866->dd0a3b65-d36c-4f93-b232-3c8e6f6667b6@group-B02456D89C11, cid=754, SUCCESS, logIndex=1101, commits[dd0a3b65-d36c-4f93-b232-3c8e6f6667b6:c1104]
2019-09-18 13:04:02,778 [grpc-default-executor-1] INFO  client.GrpcClientProtocolClient (GrpcClientProtocolClient.java:onNext(264)) - client-DF3A7F9F7866->dd0a3b65-d36c-4f93-b232-3c8e6f6667b6: receive RaftClientReply:client-DF3A7F9F7866->dd0a3b65-d36c-4f93-b232-3c8e6f6667b6@group-B02456D89C11, cid=755, SUCCESS, logIndex=1102, commits[dd0a3b65-d36c-4f93-b232-3c8e6f6667b6:c1104]
2019-09-18 13:04:02,778 [grpc-default-executor-1] INFO  client.GrpcClientProtocolClient (GrpcClientProtocolClient.java:onNext(264)) - client-DF3A7F9F7866->dd0a3b65-d36c-4f93-b232-3c8e6f6667b6: receive RaftClientReply:client-DF3A7F9F7866->dd0a3b65-d36c-4f93-b232-3c8e6f6667b6@group-B02456D89C11, cid=756, SUCCESS, logIndex=1103, commits[dd0a3b65-d36c-4f93-b232-3c8e6f6667b6:c1104]
2019-09-18 13:04:02,800 [grpc-default-executor-0] INFO  client.GrpcClientProtocolClient (GrpcClientProtocolClient.java:onNext(264)) - client-DF3A7F9F7866->dd0a3b65-d36c-4f93-b232-3c8e6f6667b6: receive RaftClientReply:client-DF3A7F9F7866->dd0a3b65-d36c-4f93-b232-3c8e6f6667b6@group-B02456D89C11, cid=757, SUCCESS, logIndex=1105, commits[dd0a3b65-d36c-4f93-b232-3c8e6f6667b6:c1106]
2019-09-18 13:04:02,800 [grpc-default-executor-0] INFO  client.GrpcClientProtocolClient (GrpcClientProtocolClient.java:onNext(264)) - client-DF3A7F9F7866->dd0a3b65-d36c-4f93-b232-3c8e6f6667b6: receive RaftClientReply:client-DF3A7F9F7866->dd0a3b65-d36c-4f93-b232-3c8e6f6667b6@group-B02456D89C11, cid=758, SUCCESS, logIndex=1106, commits[dd0a3b65-d36c-4f93-b232-3c8e6f6667b6:c1108]
2019-09-18 13:04:02,801 [grpc-default-executor-0] INFO  client.GrpcClientProtocolClient (GrpcClientProtocolClient.java:onNext(264)) - client-DF3A7F9F7866->dd0a3b65-d36c-4f93-b232-3c8e6f6667b6: receive RaftClientReply:client-DF3A7F9F7866->dd0a3b65-d36c-4f93-b232-3c8e6f6667b6@group-B02456D89C11, cid=759, SUCCESS, logIndex=1107, commits[dd0a3b65-d36c-4f93-b232-3c8e6f6667b6:c1109]
2019-09-18 13:04:02,801 [grpc-default-executor-0] INFO  client.GrpcClientProtocolClient (GrpcClientProtocolClient.java:onNext(264)) - client-DF3A7F9F7866->dd0a3b65-d36c-4f93-b232-3c8e6f6667b6: receive RaftClientReply:client-DF3A7F9F7866->dd0a3b65-d36c-4f93-b232-3c8e6f6667b6@group-B02456D89C11, cid=760, SUCCESS, logIndex=1108, commits[dd0a3b65-d36c-4f93-b232-3c8e6f6667b6:c1109]
2019-09-18 13:04:02,830 [grpc-default-executor-0] INFO  client.GrpcClientProtocolClient (GrpcClientProtocolClient.java:onNext(264)) - client-DF3A7F9F7866->dd0a3b65-d36c-4f93-b232-3c8e6f6667b6: receive RaftClientReply:client-DF3A7F9F7866->dd0a3b65-d36c-4f93-b232-3c8e6f6667b6@group-B02456D89C11, cid=761, SUCCESS, logIndex=1111, commits[dd0a3b65-d36c-4f93-b232-3c8e6f6667b6:c1112]
2019-09-18 13:04:02,830 [grpc-default-executor-0] INFO  client.GrpcClientProtocolClient (GrpcClientProtocolClient.java:onNext(264)) - client-DF3A7F9F7866->dd0a3b65-d36c-4f93-b232-3c8e6f6667b6: receive RaftClientReply:client-DF3A7F9F7866->dd0a3b65-d36c-4f93-b232-3c8e6f6667b6@group-B02456D89C11, cid=762, SUCCESS, logIndex=1112, commits[dd0a3b65-d36c-4f93-b232-3c8e6f6667b6:c1115]
2019-09-18 13:04:02,830 [grpc-default-executor-0] INFO  client.GrpcClientProtocolClient (GrpcClientProtocolClient.java:onNext(264)) - client-DF3A7F9F7866->dd0a3b65-d36c-4f93-b232-3c8e6f6667b6: receive RaftClientReply:client-DF3A7F9F7866->dd0a3b65-d36c-4f93-b232-3c8e6f6667b6@group-B02456D89C11, cid=763, SUCCESS, logIndex=1113, commits[dd0a3b65-d36c-4f93-b232-3c8e6f6667b6:c1116]
2019-09-18 13:04:02,831 [grpc-default-executor-0] INFO  client.GrpcClientProtocolClient (GrpcClientProtocolClient.java:onNext(264)) - client-DF3A7F9F7866->dd0a3b65-d36c-4f93-b232-3c8e6f6667b6: receive RaftClientReply:client-DF3A7F9F7866->dd0a3b65-d36c-4f93-b232-3c8e6f6667b6@group-B02456D89C11, cid=764, SUCCESS, logIndex=1114, commits[dd0a3b65-d36c-4f93-b232-3c8e6f6667b6:c1116]
2019-09-18 13:04:02,852 [grpc-default-executor-0] INFO  client.GrpcClientProtocolClient (GrpcClientProtocolClient.java:onNext(264)) - client-DF3A7F9F7866->dd0a3b65-d36c-4f93-b232-3c8e6f6667b6: receive RaftClientReply:client-DF3A7F9F7866->dd0a3b65-d36c-4f93-b232-3c8e6f6667b6@group-B02456D89C11, cid=765, SUCCESS, logIndex=1117, commits[dd0a3b65-d36c-4f93-b232-3c8e6f6667b6:c1118]
2019-09-18 13:04:02,853 [grpc-default-executor-0] INFO  client.GrpcClientProtocolClient (GrpcClientProtocolClient.java:onNext(264)) - client-DF3A7F9F7866->dd0a3b65-d36c-4f93-b232-3c8e6f6667b6: receive RaftClientReply:client-DF3A7F9F7866->dd0a3b65-d36c-4f93-b232-3c8e6f6667b6@group-B02456D89C11, cid=766, SUCCESS, logIndex=1118, commits[dd0a3b65-d36c-4f93-b232-3c8e6f6667b6:c1120]
2019-09-18 13:04:02,853 [grpc-default-executor-0] INFO  client.GrpcClientProtocolClient (GrpcClientProtocolClient.java:onNext(264)) - client-DF3A7F9F7866->dd0a3b65-d36c-4f93-b232-3c8e6f6667b6: receive RaftClientReply:client-DF3A7F9F7866->dd0a3b65-d36c-4f93-b232-3c8e6f6667b6@group-B02456D89C11, cid=767, SUCCESS, logIndex=1119, commits[dd0a3b65-d36c-4f93-b232-3c8e6f6667b6:c1121]
2019-09-18 13:04:02,854 [grpc-default-executor-0] INFO  client.GrpcClientProtocolClient (GrpcClientProtocolClient.java:onNext(264)) - client-DF3A7F9F7866->dd0a3b65-d36c-4f93-b232-3c8e6f6667b6: receive RaftClientReply:client-DF3A7F9F7866->dd0a3b65-d36c-4f93-b232-3c8e6f6667b6@group-B02456D89C11, cid=768, SUCCESS, logIndex=1120, commits[dd0a3b65-d36c-4f93-b232-3c8e6f6667b6:c1122]
2019-09-18 13:04:02,864 [SCMBlockDeletingService#1] DEBUG block.SCMBlockDeletingService (SCMBlockDeletingService.java:call(138)) - Running DeletedBlockTransactionScanner
2019-09-18 13:04:02,864 [SCMBlockDeletingService#1] DEBUG block.SCMBlockDeletingService (SCMBlockDeletingService.java:call(155)) - Scanned deleted blocks log and got 0 delTX to process.
2019-09-18 13:04:02,885 [grpc-default-executor-0] INFO  client.GrpcClientProtocolClient (GrpcClientProtocolClient.java:onNext(264)) - client-DF3A7F9F7866->dd0a3b65-d36c-4f93-b232-3c8e6f6667b6: receive RaftClientReply:client-DF3A7F9F7866->dd0a3b65-d36c-4f93-b232-3c8e6f6667b6@group-B02456D89C11, cid=769, SUCCESS, logIndex=1123, commits[dd0a3b65-d36c-4f93-b232-3c8e6f6667b6:c1126]
2019-09-18 13:04:02,886 [grpc-default-executor-0] INFO  client.GrpcClientProtocolClient (GrpcClientProtocolClient.java:onNext(264)) - client-DF3A7F9F7866->dd0a3b65-d36c-4f93-b232-3c8e6f6667b6: receive RaftClientReply:client-DF3A7F9F7866->dd0a3b65-d36c-4f93-b232-3c8e6f6667b6@group-B02456D89C11, cid=770, SUCCESS, logIndex=1124, commits[dd0a3b65-d36c-4f93-b232-3c8e6f6667b6:c1127]
2019-09-18 13:04:02,886 [grpc-default-executor-0] INFO  client.GrpcClientProtocolClient (GrpcClientProtocolClient.java:onNext(264)) - client-DF3A7F9F7866->dd0a3b65-d36c-4f93-b232-3c8e6f6667b6: receive RaftClientReply:client-DF3A7F9F7866->dd0a3b65-d36c-4f93-b232-3c8e6f6667b6@group-B02456D89C11, cid=771, SUCCESS, logIndex=1125, commits[dd0a3b65-d36c-4f93-b232-3c8e6f6667b6:c1127]
2019-09-18 13:04:02,886 [grpc-default-executor-0] INFO  client.GrpcClientProtocolClient (GrpcClientProtocolClient.java:onNext(264)) - client-DF3A7F9F7866->dd0a3b65-d36c-4f93-b232-3c8e6f6667b6: receive RaftClientReply:client-DF3A7F9F7866->dd0a3b65-d36c-4f93-b232-3c8e6f6667b6@group-B02456D89C11, cid=772, SUCCESS, logIndex=1126, commits[dd0a3b65-d36c-4f93-b232-3c8e6f6667b6:c1127]
2019-09-18 13:04:02,906 [grpc-default-executor-1] INFO  client.GrpcClientProtocolClient (GrpcClientProtocolClient.java:onNext(264)) - client-DF3A7F9F7866->dd0a3b65-d36c-4f93-b232-3c8e6f6667b6: receive RaftClientReply:client-DF3A7F9F7866->dd0a3b65-d36c-4f93-b232-3c8e6f6667b6@group-B02456D89C11, cid=773, SUCCESS, logIndex=1128, commits[dd0a3b65-d36c-4f93-b232-3c8e6f6667b6:c1129]
2019-09-18 13:04:02,907 [grpc-default-executor-1] INFO  client.GrpcClientProtocolClient (GrpcClientProtocolClient.java:onNext(264)) - client-DF3A7F9F7866->dd0a3b65-d36c-4f93-b232-3c8e6f6667b6: receive RaftClientReply:client-DF3A7F9F7866->dd0a3b65-d36c-4f93-b232-3c8e6f6667b6@group-B02456D89C11, cid=774, SUCCESS, logIndex=1129, commits[dd0a3b65-d36c-4f93-b232-3c8e6f6667b6:c1131]
2019-09-18 13:04:02,908 [grpc-default-executor-1] INFO  client.GrpcClientProtocolClient (GrpcClientProtocolClient.java:onNext(264)) - client-DF3A7F9F7866->dd0a3b65-d36c-4f93-b232-3c8e6f6667b6: receive RaftClientReply:client-DF3A7F9F7866->dd0a3b65-d36c-4f93-b232-3c8e6f6667b6@group-B02456D89C11, cid=775, SUCCESS, logIndex=1130, commits[dd0a3b65-d36c-4f93-b232-3c8e6f6667b6:c1132]
2019-09-18 13:04:02,908 [grpc-default-executor-1] INFO  client.GrpcClientProtocolClient (GrpcClientProtocolClient.java:onNext(264)) - client-DF3A7F9F7866->dd0a3b65-d36c-4f93-b232-3c8e6f6667b6: receive RaftClientReply:client-DF3A7F9F7866->dd0a3b65-d36c-4f93-b232-3c8e6f6667b6@group-B02456D89C11, cid=776, SUCCESS, logIndex=1131, commits[dd0a3b65-d36c-4f93-b232-3c8e6f6667b6:c1133]
2019-09-18 13:04:02,935 [grpc-default-executor-1] INFO  client.GrpcClientProtocolClient (GrpcClientProtocolClient.java:onNext(264)) - client-DF3A7F9F7866->dd0a3b65-d36c-4f93-b232-3c8e6f6667b6: receive RaftClientReply:client-DF3A7F9F7866->dd0a3b65-d36c-4f93-b232-3c8e6f6667b6@group-B02456D89C11, cid=777, SUCCESS, logIndex=1134, commits[dd0a3b65-d36c-4f93-b232-3c8e6f6667b6:c1135]
2019-09-18 13:04:02,936 [grpc-default-executor-1] INFO  client.GrpcClientProtocolClient (GrpcClientProtocolClient.java:onNext(264)) - client-DF3A7F9F7866->dd0a3b65-d36c-4f93-b232-3c8e6f6667b6: receive RaftClientReply:client-DF3A7F9F7866->dd0a3b65-d36c-4f93-b232-3c8e6f6667b6@group-B02456D89C11, cid=778, SUCCESS, logIndex=1135, commits[dd0a3b65-d36c-4f93-b232-3c8e6f6667b6:c1137]
2019-09-18 13:04:02,936 [grpc-default-executor-1] INFO  client.GrpcClientProtocolClient (GrpcClientProtocolClient.java:onNext(264)) - client-DF3A7F9F7866->dd0a3b65-d36c-4f93-b232-3c8e6f6667b6: receive RaftClientReply:client-DF3A7F9F7866->dd0a3b65-d36c-4f93-b232-3c8e6f6667b6@group-B02456D89C11, cid=779, SUCCESS, logIndex=1136, commits[dd0a3b65-d36c-4f93-b232-3c8e6f6667b6:c1138]
2019-09-18 13:04:02,937 [grpc-default-executor-1] INFO  client.GrpcClientProtocolClient (GrpcClientProtocolClient.java:onNext(264)) - client-DF3A7F9F7866->dd0a3b65-d36c-4f93-b232-3c8e6f6667b6: receive RaftClientReply:client-DF3A7F9F7866->dd0a3b65-d36c-4f93-b232-3c8e6f6667b6@group-B02456D89C11, cid=780, SUCCESS, logIndex=1137, commits[dd0a3b65-d36c-4f93-b232-3c8e6f6667b6:c1139]
2019-09-18 13:04:02,956 [grpc-default-executor-0] INFO  client.GrpcClientProtocolClient (GrpcClientProtocolClient.java:onNext(264)) - client-DF3A7F9F7866->dd0a3b65-d36c-4f93-b232-3c8e6f6667b6: receive RaftClientReply:client-DF3A7F9F7866->dd0a3b65-d36c-4f93-b232-3c8e6f6667b6@group-B02456D89C11, cid=781, SUCCESS, logIndex=1140, commits[dd0a3b65-d36c-4f93-b232-3c8e6f6667b6:c1141]
2019-09-18 13:04:02,957 [grpc-default-executor-0] INFO  client.GrpcClientProtocolClient (GrpcClientProtocolClient.java:onNext(264)) - client-DF3A7F9F7866->dd0a3b65-d36c-4f93-b232-3c8e6f6667b6: receive RaftClientReply:client-DF3A7F9F7866->dd0a3b65-d36c-4f93-b232-3c8e6f6667b6@group-B02456D89C11, cid=782, SUCCESS, logIndex=1141, commits[dd0a3b65-d36c-4f93-b232-3c8e6f6667b6:c1143]
2019-09-18 13:04:02,957 [grpc-default-executor-0] INFO  client.GrpcClientProtocolClient (GrpcClientProtocolClient.java:onNext(264)) - client-DF3A7F9F7866->dd0a3b65-d36c-4f93-b232-3c8e6f6667b6: receive RaftClientReply:client-DF3A7F9F7866->dd0a3b65-d36c-4f93-b232-3c8e6f6667b6@group-B02456D89C11, cid=783, SUCCESS, logIndex=1142, commits[dd0a3b65-d36c-4f93-b232-3c8e6f6667b6:c1144]
2019-09-18 13:04:02,958 [grpc-default-executor-0] INFO  client.GrpcClientProtocolClient (GrpcClientProtocolClient.java:onNext(264)) - client-DF3A7F9F7866->dd0a3b65-d36c-4f93-b232-3c8e6f6667b6: receive RaftClientReply:client-DF3A7F9F7866->dd0a3b65-d36c-4f93-b232-3c8e6f6667b6@group-B02456D89C11, cid=784, SUCCESS, logIndex=1143, commits[dd0a3b65-d36c-4f93-b232-3c8e6f6667b6:c1145]
2019-09-18 13:04:02,965 [SCMBlockDeletingService#1] DEBUG block.SCMBlockDeletingService (SCMBlockDeletingService.java:call(138)) - Running DeletedBlockTransactionScanner
2019-09-18 13:04:02,965 [SCMBlockDeletingService#1] DEBUG block.SCMBlockDeletingService (SCMBlockDeletingService.java:call(155)) - Scanned deleted blocks log and got 0 delTX to process.
2019-09-18 13:04:02,985 [grpc-default-executor-1] INFO  client.GrpcClientProtocolClient (GrpcClientProtocolClient.java:onNext(264)) - client-DF3A7F9F7866->dd0a3b65-d36c-4f93-b232-3c8e6f6667b6: receive RaftClientReply:client-DF3A7F9F7866->dd0a3b65-d36c-4f93-b232-3c8e6f6667b6@group-B02456D89C11, cid=785, SUCCESS, logIndex=1146, commits[dd0a3b65-d36c-4f93-b232-3c8e6f6667b6:c1149]
2019-09-18 13:04:02,986 [grpc-default-executor-1] INFO  client.GrpcClientProtocolClient (GrpcClientProtocolClient.java:onNext(264)) - client-DF3A7F9F7866->dd0a3b65-d36c-4f93-b232-3c8e6f6667b6: receive RaftClientReply:client-DF3A7F9F7866->dd0a3b65-d36c-4f93-b232-3c8e6f6667b6@group-B02456D89C11, cid=786, SUCCESS, logIndex=1147, commits[dd0a3b65-d36c-4f93-b232-3c8e6f6667b6:c1150]
2019-09-18 13:04:02,986 [grpc-default-executor-1] INFO  client.GrpcClientProtocolClient (GrpcClientProtocolClient.java:onNext(264)) - client-DF3A7F9F7866->dd0a3b65-d36c-4f93-b232-3c8e6f6667b6: receive RaftClientReply:client-DF3A7F9F7866->dd0a3b65-d36c-4f93-b232-3c8e6f6667b6@group-B02456D89C11, cid=787, SUCCESS, logIndex=1148, commits[dd0a3b65-d36c-4f93-b232-3c8e6f6667b6:c1150]
2019-09-18 13:04:02,987 [grpc-default-executor-1] INFO  client.GrpcClientProtocolClient (GrpcClientProtocolClient.java:onNext(264)) - client-DF3A7F9F7866->dd0a3b65-d36c-4f93-b232-3c8e6f6667b6: receive RaftClientReply:client-DF3A7F9F7866->dd0a3b65-d36c-4f93-b232-3c8e6f6667b6@group-B02456D89C11, cid=788, SUCCESS, logIndex=1149, commits[dd0a3b65-d36c-4f93-b232-3c8e6f6667b6:c1150]
2019-09-18 13:04:03,007 [grpc-default-executor-1] INFO  client.GrpcClientProtocolClient (GrpcClientProtocolClient.java:onNext(264)) - client-DF3A7F9F7866->dd0a3b65-d36c-4f93-b232-3c8e6f6667b6: receive RaftClientReply:client-DF3A7F9F7866->dd0a3b65-d36c-4f93-b232-3c8e6f6667b6@group-B02456D89C11, cid=789, SUCCESS, logIndex=1151, commits[dd0a3b65-d36c-4f93-b232-3c8e6f6667b6:c1154]
2019-09-18 13:04:03,008 [grpc-default-executor-1] INFO  client.GrpcClientProtocolClient (GrpcClientProtocolClient.java:onNext(264)) - client-DF3A7F9F7866->dd0a3b65-d36c-4f93-b232-3c8e6f6667b6: receive RaftClientReply:client-DF3A7F9F7866->dd0a3b65-d36c-4f93-b232-3c8e6f6667b6@group-B02456D89C11, cid=790, SUCCESS, logIndex=1152, commits[dd0a3b65-d36c-4f93-b232-3c8e6f6667b6:c1154]
2019-09-18 13:04:03,009 [grpc-default-executor-1] INFO  client.GrpcClientProtocolClient (GrpcClientProtocolClient.java:onNext(264)) - client-DF3A7F9F7866->dd0a3b65-d36c-4f93-b232-3c8e6f6667b6: receive RaftClientReply:client-DF3A7F9F7866->dd0a3b65-d36c-4f93-b232-3c8e6f6667b6@group-B02456D89C11, cid=791, SUCCESS, logIndex=1153, commits[dd0a3b65-d36c-4f93-b232-3c8e6f6667b6:c1154]
2019-09-18 13:04:03,009 [grpc-default-executor-1] INFO  client.GrpcClientProtocolClient (GrpcClientProtocolClient.java:onNext(264)) - client-DF3A7F9F7866->dd0a3b65-d36c-4f93-b232-3c8e6f6667b6: receive RaftClientReply:client-DF3A7F9F7866->dd0a3b65-d36c-4f93-b232-3c8e6f6667b6@group-B02456D89C11, cid=792, SUCCESS, logIndex=1154, commits[dd0a3b65-d36c-4f93-b232-3c8e6f6667b6:c1154]
2019-09-18 13:04:03,043 [grpc-default-executor-0] INFO  client.GrpcClientProtocolClient (GrpcClientProtocolClient.java:onNext(264)) - client-DF3A7F9F7866->dd0a3b65-d36c-4f93-b232-3c8e6f6667b6: receive RaftClientReply:client-DF3A7F9F7866->dd0a3b65-d36c-4f93-b232-3c8e6f6667b6@group-B02456D89C11, cid=793, SUCCESS, logIndex=1156, commits[dd0a3b65-d36c-4f93-b232-3c8e6f6667b6:c1157]
2019-09-18 13:04:03,044 [grpc-default-executor-0] INFO  client.GrpcClientProtocolClient (GrpcClientProtocolClient.java:onNext(264)) - client-DF3A7F9F7866->dd0a3b65-d36c-4f93-b232-3c8e6f6667b6: receive RaftClientReply:client-DF3A7F9F7866->dd0a3b65-d36c-4f93-b232-3c8e6f6667b6@group-B02456D89C11, cid=794, SUCCESS, logIndex=1157, commits[dd0a3b65-d36c-4f93-b232-3c8e6f6667b6:c1157]
2019-09-18 13:04:03,065 [SCMBlockDeletingService#1] DEBUG block.SCMBlockDeletingService (SCMBlockDeletingService.java:call(138)) - Running DeletedBlockTransactionScanner
2019-09-18 13:04:03,065 [SCMBlockDeletingService#1] DEBUG block.SCMBlockDeletingService (SCMBlockDeletingService.java:call(155)) - Scanned deleted blocks log and got 0 delTX to process.
2019-09-18 13:04:03,126 [grpc-default-executor-1] INFO  client.GrpcClientProtocolClient (GrpcClientProtocolClient.java:onNext(264)) - client-DF3A7F9F7866->dd0a3b65-d36c-4f93-b232-3c8e6f6667b6: receive RaftClientReply:client-DF3A7F9F7866->dd0a3b65-d36c-4f93-b232-3c8e6f6667b6@group-B02456D89C11, cid=795, SUCCESS, logIndex=1159, commits[dd0a3b65-d36c-4f93-b232-3c8e6f6667b6:c1160]
2019-09-18 13:04:03,127 [grpc-default-executor-1] INFO  client.GrpcClientProtocolClient (GrpcClientProtocolClient.java:onNext(264)) - client-DF3A7F9F7866->dd0a3b65-d36c-4f93-b232-3c8e6f6667b6: receive RaftClientReply:client-DF3A7F9F7866->dd0a3b65-d36c-4f93-b232-3c8e6f6667b6@group-B02456D89C11, cid=796, SUCCESS, logIndex=1160, commits[dd0a3b65-d36c-4f93-b232-3c8e6f6667b6:c1161]
2019-09-18 13:04:03,149 [grpc-default-executor-0] INFO  client.GrpcClientProtocolClient (GrpcClientProtocolClient.java:onNext(264)) - client-DF3A7F9F7866->dd0a3b65-d36c-4f93-b232-3c8e6f6667b6: receive RaftClientReply:client-DF3A7F9F7866->dd0a3b65-d36c-4f93-b232-3c8e6f6667b6@group-B02456D89C11, cid=797, SUCCESS, logIndex=1162, commits[dd0a3b65-d36c-4f93-b232-3c8e6f6667b6:c1165]
2019-09-18 13:04:03,150 [grpc-default-executor-0] INFO  client.GrpcClientProtocolClient (GrpcClientProtocolClient.java:onNext(264)) - client-DF3A7F9F7866->dd0a3b65-d36c-4f93-b232-3c8e6f6667b6: receive RaftClientReply:client-DF3A7F9F7866->dd0a3b65-d36c-4f93-b232-3c8e6f6667b6@group-B02456D89C11, cid=798, SUCCESS, logIndex=1163, commits[dd0a3b65-d36c-4f93-b232-3c8e6f6667b6:c1166]
2019-09-18 13:04:03,150 [grpc-default-executor-0] INFO  client.GrpcClientProtocolClient (GrpcClientProtocolClient.java:onNext(264)) - client-DF3A7F9F7866->dd0a3b65-d36c-4f93-b232-3c8e6f6667b6: receive RaftClientReply:client-DF3A7F9F7866->dd0a3b65-d36c-4f93-b232-3c8e6f6667b6@group-B02456D89C11, cid=799, SUCCESS, logIndex=1164, commits[dd0a3b65-d36c-4f93-b232-3c8e6f6667b6:c1166]
2019-09-18 13:04:03,151 [grpc-default-executor-0] INFO  client.GrpcClientProtocolClient (GrpcClientProtocolClient.java:onNext(264)) - client-DF3A7F9F7866->dd0a3b65-d36c-4f93-b232-3c8e6f6667b6: receive RaftClientReply:client-DF3A7F9F7866->dd0a3b65-d36c-4f93-b232-3c8e6f6667b6@group-B02456D89C11, cid=800, SUCCESS, logIndex=1165, commits[dd0a3b65-d36c-4f93-b232-3c8e6f6667b6:c1166]
2019-09-18 13:04:03,166 [SCMBlockDeletingService#1] DEBUG block.SCMBlockDeletingService (SCMBlockDeletingService.java:call(138)) - Running DeletedBlockTransactionScanner
2019-09-18 13:04:03,166 [SCMBlockDeletingService#1] DEBUG block.SCMBlockDeletingService (SCMBlockDeletingService.java:call(155)) - Scanned deleted blocks log and got 0 delTX to process.
2019-09-18 13:04:03,181 [grpc-default-executor-1] INFO  client.GrpcClientProtocolClient (GrpcClientProtocolClient.java:onNext(264)) - client-DF3A7F9F7866->dd0a3b65-d36c-4f93-b232-3c8e6f6667b6: receive RaftClientReply:client-DF3A7F9F7866->dd0a3b65-d36c-4f93-b232-3c8e6f6667b6@group-B02456D89C11, cid=801, SUCCESS, logIndex=1167, commits[dd0a3b65-d36c-4f93-b232-3c8e6f6667b6:c1170]
2019-09-18 13:04:03,181 [grpc-default-executor-1] INFO  client.GrpcClientProtocolClient (GrpcClientProtocolClient.java:onNext(264)) - client-DF3A7F9F7866->dd0a3b65-d36c-4f93-b232-3c8e6f6667b6: receive RaftClientReply:client-DF3A7F9F7866->dd0a3b65-d36c-4f93-b232-3c8e6f6667b6@group-B02456D89C11, cid=802, SUCCESS, logIndex=1168, commits[dd0a3b65-d36c-4f93-b232-3c8e6f6667b6:c1171]
2019-09-18 13:04:03,182 [grpc-default-executor-1] INFO  client.GrpcClientProtocolClient (GrpcClientProtocolClient.java:onNext(264)) - client-DF3A7F9F7866->dd0a3b65-d36c-4f93-b232-3c8e6f6667b6: receive RaftClientReply:client-DF3A7F9F7866->dd0a3b65-d36c-4f93-b232-3c8e6f6667b6@group-B02456D89C11, cid=803, SUCCESS, logIndex=1169, commits[dd0a3b65-d36c-4f93-b232-3c8e6f6667b6:c1171]
2019-09-18 13:04:03,182 [grpc-default-executor-1] INFO  client.GrpcClientProtocolClient (GrpcClientProtocolClient.java:onNext(264)) - client-DF3A7F9F7866->dd0a3b65-d36c-4f93-b232-3c8e6f6667b6: receive RaftClientReply:client-DF3A7F9F7866->dd0a3b65-d36c-4f93-b232-3c8e6f6667b6@group-B02456D89C11, cid=804, SUCCESS, logIndex=1170, commits[dd0a3b65-d36c-4f93-b232-3c8e6f6667b6:c1171]
2019-09-18 13:04:03,204 [grpc-default-executor-0] INFO  client.GrpcClientProtocolClient (GrpcClientProtocolClient.java:onNext(264)) - client-DF3A7F9F7866->dd0a3b65-d36c-4f93-b232-3c8e6f6667b6: receive RaftClientReply:client-DF3A7F9F7866->dd0a3b65-d36c-4f93-b232-3c8e6f6667b6@group-B02456D89C11, cid=805, SUCCESS, logIndex=1172, commits[dd0a3b65-d36c-4f93-b232-3c8e6f6667b6:c1175]
2019-09-18 13:04:03,205 [grpc-default-executor-0] INFO  client.GrpcClientProtocolClient (GrpcClientProtocolClient.java:onNext(264)) - client-DF3A7F9F7866->dd0a3b65-d36c-4f93-b232-3c8e6f6667b6: receive RaftClientReply:client-DF3A7F9F7866->dd0a3b65-d36c-4f93-b232-3c8e6f6667b6@group-B02456D89C11, cid=806, SUCCESS, logIndex=1173, commits[dd0a3b65-d36c-4f93-b232-3c8e6f6667b6:c1176]
2019-09-18 13:04:03,205 [grpc-default-executor-0] INFO  client.GrpcClientProtocolClient (GrpcClientProtocolClient.java:onNext(264)) - client-DF3A7F9F7866->dd0a3b65-d36c-4f93-b232-3c8e6f6667b6: receive RaftClientReply:client-DF3A7F9F7866->dd0a3b65-d36c-4f93-b232-3c8e6f6667b6@group-B02456D89C11, cid=807, SUCCESS, logIndex=1174, commits[dd0a3b65-d36c-4f93-b232-3c8e6f6667b6:c1176]
2019-09-18 13:04:03,206 [grpc-default-executor-0] INFO  client.GrpcClientProtocolClient (GrpcClientProtocolClient.java:onNext(264)) - client-DF3A7F9F7866->dd0a3b65-d36c-4f93-b232-3c8e6f6667b6: receive RaftClientReply:client-DF3A7F9F7866->dd0a3b65-d36c-4f93-b232-3c8e6f6667b6@group-B02456D89C11, cid=808, SUCCESS, logIndex=1175, commits[dd0a3b65-d36c-4f93-b232-3c8e6f6667b6:c1176]
2019-09-18 13:04:03,232 [grpc-default-executor-0] INFO  client.GrpcClientProtocolClient (GrpcClientProtocolClient.java:onNext(264)) - client-DF3A7F9F7866->dd0a3b65-d36c-4f93-b232-3c8e6f6667b6: receive RaftClientReply:client-DF3A7F9F7866->dd0a3b65-d36c-4f93-b232-3c8e6f6667b6@group-B02456D89C11, cid=809, SUCCESS, logIndex=1177, commits[dd0a3b65-d36c-4f93-b232-3c8e6f6667b6:c1178]
2019-09-18 13:04:03,233 [grpc-default-executor-0] INFO  client.GrpcClientProtocolClient (GrpcClientProtocolClient.java:onNext(264)) - client-DF3A7F9F7866->dd0a3b65-d36c-4f93-b232-3c8e6f6667b6: receive RaftClientReply:client-DF3A7F9F7866->dd0a3b65-d36c-4f93-b232-3c8e6f6667b6@group-B02456D89C11, cid=810, SUCCESS, logIndex=1178, commits[dd0a3b65-d36c-4f93-b232-3c8e6f6667b6:c1180]
2019-09-18 13:04:03,233 [grpc-default-executor-0] INFO  client.GrpcClientProtocolClient (GrpcClientProtocolClient.java:onNext(264)) - client-DF3A7F9F7866->dd0a3b65-d36c-4f93-b232-3c8e6f6667b6: receive RaftClientReply:client-DF3A7F9F7866->dd0a3b65-d36c-4f93-b232-3c8e6f6667b6@group-B02456D89C11, cid=811, SUCCESS, logIndex=1179, commits[dd0a3b65-d36c-4f93-b232-3c8e6f6667b6:c1180]
2019-09-18 13:04:03,234 [grpc-default-executor-0] INFO  client.GrpcClientProtocolClient (GrpcClientProtocolClient.java:onNext(264)) - client-DF3A7F9F7866->dd0a3b65-d36c-4f93-b232-3c8e6f6667b6: receive RaftClientReply:client-DF3A7F9F7866->dd0a3b65-d36c-4f93-b232-3c8e6f6667b6@group-B02456D89C11, cid=812, SUCCESS, logIndex=1180, commits[dd0a3b65-d36c-4f93-b232-3c8e6f6667b6:c1181]
2019-09-18 13:04:03,254 [grpc-default-executor-0] INFO  client.GrpcClientProtocolClient (GrpcClientProtocolClient.java:onNext(264)) - client-DF3A7F9F7866->dd0a3b65-d36c-4f93-b232-3c8e6f6667b6: receive RaftClientReply:client-DF3A7F9F7866->dd0a3b65-d36c-4f93-b232-3c8e6f6667b6@group-B02456D89C11, cid=813, SUCCESS, logIndex=1183, commits[dd0a3b65-d36c-4f93-b232-3c8e6f6667b6:c1184]
2019-09-18 13:04:03,255 [grpc-default-executor-0] INFO  client.GrpcClientProtocolClient (GrpcClientProtocolClient.java:onNext(264)) - client-DF3A7F9F7866->dd0a3b65-d36c-4f93-b232-3c8e6f6667b6: receive RaftClientReply:client-DF3A7F9F7866->dd0a3b65-d36c-4f93-b232-3c8e6f6667b6@group-B02456D89C11, cid=814, SUCCESS, logIndex=1184, commits[dd0a3b65-d36c-4f93-b232-3c8e6f6667b6:c1186]
2019-09-18 13:04:03,255 [grpc-default-executor-0] INFO  client.GrpcClientProtocolClient (GrpcClientProtocolClient.java:onNext(264)) - client-DF3A7F9F7866->dd0a3b65-d36c-4f93-b232-3c8e6f6667b6: receive RaftClientReply:client-DF3A7F9F7866->dd0a3b65-d36c-4f93-b232-3c8e6f6667b6@group-B02456D89C11, cid=815, SUCCESS, logIndex=1185, commits[dd0a3b65-d36c-4f93-b232-3c8e6f6667b6:c1187]
2019-09-18 13:04:03,255 [grpc-default-executor-0] INFO  client.GrpcClientProtocolClient (GrpcClientProtocolClient.java:onNext(264)) - client-DF3A7F9F7866->dd0a3b65-d36c-4f93-b232-3c8e6f6667b6: receive RaftClientReply:client-DF3A7F9F7866->dd0a3b65-d36c-4f93-b232-3c8e6f6667b6@group-B02456D89C11, cid=816, SUCCESS, logIndex=1186, commits[dd0a3b65-d36c-4f93-b232-3c8e6f6667b6:c1187]
2019-09-18 13:04:03,266 [SCMBlockDeletingService#1] DEBUG block.SCMBlockDeletingService (SCMBlockDeletingService.java:call(138)) - Running DeletedBlockTransactionScanner
2019-09-18 13:04:03,266 [SCMBlockDeletingService#1] DEBUG block.SCMBlockDeletingService (SCMBlockDeletingService.java:call(155)) - Scanned deleted blocks log and got 0 delTX to process.
2019-09-18 13:04:03,293 [grpc-default-executor-0] INFO  client.GrpcClientProtocolClient (GrpcClientProtocolClient.java:onNext(264)) - client-DF3A7F9F7866->dd0a3b65-d36c-4f93-b232-3c8e6f6667b6: receive RaftClientReply:client-DF3A7F9F7866->dd0a3b65-d36c-4f93-b232-3c8e6f6667b6@group-B02456D89C11, cid=817, SUCCESS, logIndex=1189, commits[dd0a3b65-d36c-4f93-b232-3c8e6f6667b6:c1192]
2019-09-18 13:04:03,294 [grpc-default-executor-0] INFO  client.GrpcClientProtocolClient (GrpcClientProtocolClient.java:onNext(264)) - client-DF3A7F9F7866->dd0a3b65-d36c-4f93-b232-3c8e6f6667b6: receive RaftClientReply:client-DF3A7F9F7866->dd0a3b65-d36c-4f93-b232-3c8e6f6667b6@group-B02456D89C11, cid=818, SUCCESS, logIndex=1190, commits[dd0a3b65-d36c-4f93-b232-3c8e6f6667b6:c1193]
2019-09-18 13:04:03,294 [grpc-default-executor-0] INFO  client.GrpcClientProtocolClient (GrpcClientProtocolClient.java:onNext(264)) - client-DF3A7F9F7866->dd0a3b65-d36c-4f93-b232-3c8e6f6667b6: receive RaftClientReply:client-DF3A7F9F7866->dd0a3b65-d36c-4f93-b232-3c8e6f6667b6@group-B02456D89C11, cid=819, SUCCESS, logIndex=1191, commits[dd0a3b65-d36c-4f93-b232-3c8e6f6667b6:c1193]
2019-09-18 13:04:03,295 [grpc-default-executor-0] INFO  client.GrpcClientProtocolClient (GrpcClientProtocolClient.java:onNext(264)) - client-DF3A7F9F7866->dd0a3b65-d36c-4f93-b232-3c8e6f6667b6: receive RaftClientReply:client-DF3A7F9F7866->dd0a3b65-d36c-4f93-b232-3c8e6f6667b6@group-B02456D89C11, cid=820, SUCCESS, logIndex=1192, commits[dd0a3b65-d36c-4f93-b232-3c8e6f6667b6:c1193]
2019-09-18 13:04:03,316 [grpc-default-executor-0] INFO  client.GrpcClientProtocolClient (GrpcClientProtocolClient.java:onNext(264)) - client-DF3A7F9F7866->dd0a3b65-d36c-4f93-b232-3c8e6f6667b6: receive RaftClientReply:client-DF3A7F9F7866->dd0a3b65-d36c-4f93-b232-3c8e6f6667b6@group-B02456D89C11, cid=821, SUCCESS, logIndex=1194, commits[dd0a3b65-d36c-4f93-b232-3c8e6f6667b6:c1195]
2019-09-18 13:04:03,316 [grpc-default-executor-0] INFO  client.GrpcClientProtocolClient (GrpcClientProtocolClient.java:onNext(264)) - client-DF3A7F9F7866->dd0a3b65-d36c-4f93-b232-3c8e6f6667b6: receive RaftClientReply:client-DF3A7F9F7866->dd0a3b65-d36c-4f93-b232-3c8e6f6667b6@group-B02456D89C11, cid=822, SUCCESS, logIndex=1195, commits[dd0a3b65-d36c-4f93-b232-3c8e6f6667b6:c1198]
2019-09-18 13:04:03,317 [grpc-default-executor-0] INFO  client.GrpcClientProtocolClient (GrpcClientProtocolClient.java:onNext(264)) - client-DF3A7F9F7866->dd0a3b65-d36c-4f93-b232-3c8e6f6667b6: receive RaftClientReply:client-DF3A7F9F7866->dd0a3b65-d36c-4f93-b232-3c8e6f6667b6@group-B02456D89C11, cid=823, SUCCESS, logIndex=1196, commits[dd0a3b65-d36c-4f93-b232-3c8e6f6667b6:c1198]
2019-09-18 13:04:03,317 [grpc-default-executor-0] INFO  client.GrpcClientProtocolClient (GrpcClientProtocolClient.java:onNext(264)) - client-DF3A7F9F7866->dd0a3b65-d36c-4f93-b232-3c8e6f6667b6: receive RaftClientReply:client-DF3A7F9F7866->dd0a3b65-d36c-4f93-b232-3c8e6f6667b6@group-B02456D89C11, cid=824, SUCCESS, logIndex=1197, commits[dd0a3b65-d36c-4f93-b232-3c8e6f6667b6:c1199]
2019-09-18 13:04:03,402 [SCMBlockDeletingService#1] DEBUG block.SCMBlockDeletingService (SCMBlockDeletingService.java:call(138)) - Running DeletedBlockTransactionScanner
2019-09-18 13:04:03,402 [SCMBlockDeletingService#1] DEBUG block.SCMBlockDeletingService (SCMBlockDeletingService.java:call(155)) - Scanned deleted blocks log and got 0 delTX to process.
2019-09-18 13:04:03,418 [grpc-default-executor-1] INFO  client.GrpcClientProtocolClient (GrpcClientProtocolClient.java:onNext(264)) - client-DF3A7F9F7866->dd0a3b65-d36c-4f93-b232-3c8e6f6667b6: receive RaftClientReply:client-DF3A7F9F7866->dd0a3b65-d36c-4f93-b232-3c8e6f6667b6@group-B02456D89C11, cid=825, SUCCESS, logIndex=1200, commits[dd0a3b65-d36c-4f93-b232-3c8e6f6667b6:c1201]
2019-09-18 13:04:03,419 [grpc-default-executor-1] INFO  client.GrpcClientProtocolClient (GrpcClientProtocolClient.java:onNext(264)) - client-DF3A7F9F7866->dd0a3b65-d36c-4f93-b232-3c8e6f6667b6: receive RaftClientReply:client-DF3A7F9F7866->dd0a3b65-d36c-4f93-b232-3c8e6f6667b6@group-B02456D89C11, cid=826, SUCCESS, logIndex=1201, commits[dd0a3b65-d36c-4f93-b232-3c8e6f6667b6:c1204]
2019-09-18 13:04:03,419 [grpc-default-executor-1] INFO  client.GrpcClientProtocolClient (GrpcClientProtocolClient.java:onNext(264)) - client-DF3A7F9F7866->dd0a3b65-d36c-4f93-b232-3c8e6f6667b6: receive RaftClientReply:client-DF3A7F9F7866->dd0a3b65-d36c-4f93-b232-3c8e6f6667b6@group-B02456D89C11, cid=827, SUCCESS, logIndex=1202, commits[dd0a3b65-d36c-4f93-b232-3c8e6f6667b6:c1204]
2019-09-18 13:04:03,420 [grpc-default-executor-1] INFO  client.GrpcClientProtocolClient (GrpcClientProtocolClient.java:onNext(264)) - client-DF3A7F9F7866->dd0a3b65-d36c-4f93-b232-3c8e6f6667b6: receive RaftClientReply:client-DF3A7F9F7866->dd0a3b65-d36c-4f93-b232-3c8e6f6667b6@group-B02456D89C11, cid=828, SUCCESS, logIndex=1203, commits[dd0a3b65-d36c-4f93-b232-3c8e6f6667b6:c1205]
2019-09-18 13:04:03,440 [grpc-default-executor-1] INFO  client.GrpcClientProtocolClient (GrpcClientProtocolClient.java:onNext(264)) - client-DF3A7F9F7866->dd0a3b65-d36c-4f93-b232-3c8e6f6667b6: receive RaftClientReply:client-DF3A7F9F7866->dd0a3b65-d36c-4f93-b232-3c8e6f6667b6@group-B02456D89C11, cid=829, SUCCESS, logIndex=1206, commits[dd0a3b65-d36c-4f93-b232-3c8e6f6667b6:c1207]
2019-09-18 13:04:03,441 [grpc-default-executor-1] INFO  client.GrpcClientProtocolClient (GrpcClientProtocolClient.java:onNext(264)) - client-DF3A7F9F7866->dd0a3b65-d36c-4f93-b232-3c8e6f6667b6: receive RaftClientReply:client-DF3A7F9F7866->dd0a3b65-d36c-4f93-b232-3c8e6f6667b6@group-B02456D89C11, cid=830, SUCCESS, logIndex=1207, commits[dd0a3b65-d36c-4f93-b232-3c8e6f6667b6:c1209]
2019-09-18 13:04:03,441 [grpc-default-executor-1] INFO  client.GrpcClientProtocolClient (GrpcClientProtocolClient.java:onNext(264)) - client-DF3A7F9F7866->dd0a3b65-d36c-4f93-b232-3c8e6f6667b6: receive RaftClientReply:client-DF3A7F9F7866->dd0a3b65-d36c-4f93-b232-3c8e6f6667b6@group-B02456D89C11, cid=831, SUCCESS, logIndex=1208, commits[dd0a3b65-d36c-4f93-b232-3c8e6f6667b6:c1210]
2019-09-18 13:04:03,442 [grpc-default-executor-1] INFO  client.GrpcClientProtocolClient (GrpcClientProtocolClient.java:onNext(264)) - client-DF3A7F9F7866->dd0a3b65-d36c-4f93-b232-3c8e6f6667b6: receive RaftClientReply:client-DF3A7F9F7866->dd0a3b65-d36c-4f93-b232-3c8e6f6667b6@group-B02456D89C11, cid=832, SUCCESS, logIndex=1209, commits[dd0a3b65-d36c-4f93-b232-3c8e6f6667b6:c1211]
2019-09-18 13:04:03,471 [grpc-default-executor-1] INFO  client.GrpcClientProtocolClient (GrpcClientProtocolClient.java:onNext(264)) - client-DF3A7F9F7866->dd0a3b65-d36c-4f93-b232-3c8e6f6667b6: receive RaftClientReply:client-DF3A7F9F7866->dd0a3b65-d36c-4f93-b232-3c8e6f6667b6@group-B02456D89C11, cid=833, SUCCESS, logIndex=1212, commits[dd0a3b65-d36c-4f93-b232-3c8e6f6667b6:c1213]
2019-09-18 13:04:03,471 [grpc-default-executor-1] INFO  client.GrpcClientProtocolClient (GrpcClientProtocolClient.java:onNext(264)) - client-DF3A7F9F7866->dd0a3b65-d36c-4f93-b232-3c8e6f6667b6: receive RaftClientReply:client-DF3A7F9F7866->dd0a3b65-d36c-4f93-b232-3c8e6f6667b6@group-B02456D89C11, cid=834, SUCCESS, logIndex=1213, commits[dd0a3b65-d36c-4f93-b232-3c8e6f6667b6:c1215]
2019-09-18 13:04:03,472 [grpc-default-executor-1] INFO  client.GrpcClientProtocolClient (GrpcClientProtocolClient.java:onNext(264)) - client-DF3A7F9F7866->dd0a3b65-d36c-4f93-b232-3c8e6f6667b6: receive RaftClientReply:client-DF3A7F9F7866->dd0a3b65-d36c-4f93-b232-3c8e6f6667b6@group-B02456D89C11, cid=835, SUCCESS, logIndex=1214, commits[dd0a3b65-d36c-4f93-b232-3c8e6f6667b6:c1215]
2019-09-18 13:04:03,472 [grpc-default-executor-1] INFO  client.GrpcClientProtocolClient (GrpcClientProtocolClient.java:onNext(264)) - client-DF3A7F9F7866->dd0a3b65-d36c-4f93-b232-3c8e6f6667b6: receive RaftClientReply:client-DF3A7F9F7866->dd0a3b65-d36c-4f93-b232-3c8e6f6667b6@group-B02456D89C11, cid=836, SUCCESS, logIndex=1215, commits[dd0a3b65-d36c-4f93-b232-3c8e6f6667b6:c1215]
2019-09-18 13:04:03,493 [grpc-default-executor-0] INFO  client.GrpcClientProtocolClient (GrpcClientProtocolClient.java:onNext(264)) - client-DF3A7F9F7866->dd0a3b65-d36c-4f93-b232-3c8e6f6667b6: receive RaftClientReply:client-DF3A7F9F7866->dd0a3b65-d36c-4f93-b232-3c8e6f6667b6@group-B02456D89C11, cid=837, SUCCESS, logIndex=1218, commits[dd0a3b65-d36c-4f93-b232-3c8e6f6667b6:c1219]
2019-09-18 13:04:03,493 [grpc-default-executor-0] INFO  client.GrpcClientProtocolClient (GrpcClientProtocolClient.java:onNext(264)) - client-DF3A7F9F7866->dd0a3b65-d36c-4f93-b232-3c8e6f6667b6: receive RaftClientReply:client-DF3A7F9F7866->dd0a3b65-d36c-4f93-b232-3c8e6f6667b6@group-B02456D89C11, cid=838, SUCCESS, logIndex=1219, commits[dd0a3b65-d36c-4f93-b232-3c8e6f6667b6:c1220]
2019-09-18 13:04:03,502 [SCMBlockDeletingService#1] DEBUG block.SCMBlockDeletingService (SCMBlockDeletingService.java:call(138)) - Running DeletedBlockTransactionScanner
2019-09-18 13:04:03,503 [SCMBlockDeletingService#1] DEBUG block.SCMBlockDeletingService (SCMBlockDeletingService.java:call(155)) - Scanned deleted blocks log and got 0 delTX to process.
2019-09-18 13:04:03,599 [grpc-default-executor-1] INFO  client.GrpcClientProtocolClient (GrpcClientProtocolClient.java:onNext(264)) - client-DF3A7F9F7866->dd0a3b65-d36c-4f93-b232-3c8e6f6667b6: receive RaftClientReply:client-DF3A7F9F7866->dd0a3b65-d36c-4f93-b232-3c8e6f6667b6@group-B02456D89C11, cid=839, SUCCESS, logIndex=1221, commits[dd0a3b65-d36c-4f93-b232-3c8e6f6667b6:c1222]
2019-09-18 13:04:03,599 [grpc-default-executor-1] INFO  client.GrpcClientProtocolClient (GrpcClientProtocolClient.java:onNext(264)) - client-DF3A7F9F7866->dd0a3b65-d36c-4f93-b232-3c8e6f6667b6: receive RaftClientReply:client-DF3A7F9F7866->dd0a3b65-d36c-4f93-b232-3c8e6f6667b6@group-B02456D89C11, cid=840, SUCCESS, logIndex=1222, commits[dd0a3b65-d36c-4f93-b232-3c8e6f6667b6:c1222]
2019-09-18 13:04:03,603 [SCMBlockDeletingService#1] DEBUG block.SCMBlockDeletingService (SCMBlockDeletingService.java:call(138)) - Running DeletedBlockTransactionScanner
2019-09-18 13:04:03,603 [SCMBlockDeletingService#1] DEBUG block.SCMBlockDeletingService (SCMBlockDeletingService.java:call(155)) - Scanned deleted blocks log and got 0 delTX to process.
2019-09-18 13:04:03,629 [grpc-default-executor-0] INFO  client.GrpcClientProtocolClient (GrpcClientProtocolClient.java:onNext(264)) - client-DF3A7F9F7866->dd0a3b65-d36c-4f93-b232-3c8e6f6667b6: receive RaftClientReply:client-DF3A7F9F7866->dd0a3b65-d36c-4f93-b232-3c8e6f6667b6@group-B02456D89C11, cid=841, SUCCESS, logIndex=1224, commits[dd0a3b65-d36c-4f93-b232-3c8e6f6667b6:c1225]
2019-09-18 13:04:03,630 [grpc-default-executor-0] INFO  client.GrpcClientProtocolClient (GrpcClientProtocolClient.java:onNext(264)) - client-DF3A7F9F7866->dd0a3b65-d36c-4f93-b232-3c8e6f6667b6: receive RaftClientReply:client-DF3A7F9F7866->dd0a3b65-d36c-4f93-b232-3c8e6f6667b6@group-B02456D89C11, cid=842, SUCCESS, logIndex=1225, commits[dd0a3b65-d36c-4f93-b232-3c8e6f6667b6:c1227]
2019-09-18 13:04:03,630 [grpc-default-executor-0] INFO  client.GrpcClientProtocolClient (GrpcClientProtocolClient.java:onNext(264)) - client-DF3A7F9F7866->dd0a3b65-d36c-4f93-b232-3c8e6f6667b6: receive RaftClientReply:client-DF3A7F9F7866->dd0a3b65-d36c-4f93-b232-3c8e6f6667b6@group-B02456D89C11, cid=843, SUCCESS, logIndex=1226, commits[dd0a3b65-d36c-4f93-b232-3c8e6f6667b6:c1228]
2019-09-18 13:04:03,631 [grpc-default-executor-0] INFO  client.GrpcClientProtocolClient (GrpcClientProtocolClient.java:onNext(264)) - client-DF3A7F9F7866->dd0a3b65-d36c-4f93-b232-3c8e6f6667b6: receive RaftClientReply:client-DF3A7F9F7866->dd0a3b65-d36c-4f93-b232-3c8e6f6667b6@group-B02456D89C11, cid=844, SUCCESS, logIndex=1227, commits[dd0a3b65-d36c-4f93-b232-3c8e6f6667b6:c1228]
2019-09-18 13:04:03,652 [grpc-default-executor-1] INFO  client.GrpcClientProtocolClient (GrpcClientProtocolClient.java:onNext(264)) - client-DF3A7F9F7866->dd0a3b65-d36c-4f93-b232-3c8e6f6667b6: receive RaftClientReply:client-DF3A7F9F7866->dd0a3b65-d36c-4f93-b232-3c8e6f6667b6@group-B02456D89C11, cid=845, SUCCESS, logIndex=1230, commits[dd0a3b65-d36c-4f93-b232-3c8e6f6667b6:c1233]
2019-09-18 13:04:03,653 [grpc-default-executor-1] INFO  client.GrpcClientProtocolClient (GrpcClientProtocolClient.java:onNext(264)) - client-DF3A7F9F7866->dd0a3b65-d36c-4f93-b232-3c8e6f6667b6: receive RaftClientReply:client-DF3A7F9F7866->dd0a3b65-d36c-4f93-b232-3c8e6f6667b6@group-B02456D89C11, cid=846, SUCCESS, logIndex=1231, commits[dd0a3b65-d36c-4f93-b232-3c8e6f6667b6:c1233]
2019-09-18 13:04:03,653 [grpc-default-executor-1] INFO  client.GrpcClientProtocolClient (GrpcClientProtocolClient.java:onNext(264)) - client-DF3A7F9F7866->dd0a3b65-d36c-4f93-b232-3c8e6f6667b6: receive RaftClientReply:client-DF3A7F9F7866->dd0a3b65-d36c-4f93-b232-3c8e6f6667b6@group-B02456D89C11, cid=847, SUCCESS, logIndex=1232, commits[dd0a3b65-d36c-4f93-b232-3c8e6f6667b6:c1233]
2019-09-18 13:04:03,653 [grpc-default-executor-1] INFO  client.GrpcClientProtocolClient (GrpcClientProtocolClient.java:onNext(264)) - client-DF3A7F9F7866->dd0a3b65-d36c-4f93-b232-3c8e6f6667b6: receive RaftClientReply:client-DF3A7F9F7866->dd0a3b65-d36c-4f93-b232-3c8e6f6667b6@group-B02456D89C11, cid=848, SUCCESS, logIndex=1233, commits[dd0a3b65-d36c-4f93-b232-3c8e6f6667b6:c1233]
2019-09-18 13:04:03,680 [grpc-default-executor-1] INFO  client.GrpcClientProtocolClient (GrpcClientProtocolClient.java:onNext(264)) - client-DF3A7F9F7866->dd0a3b65-d36c-4f93-b232-3c8e6f6667b6: receive RaftClientReply:client-DF3A7F9F7866->dd0a3b65-d36c-4f93-b232-3c8e6f6667b6@group-B02456D89C11, cid=849, SUCCESS, logIndex=1235, commits[dd0a3b65-d36c-4f93-b232-3c8e6f6667b6:c1236]
2019-09-18 13:04:03,681 [grpc-default-executor-1] INFO  client.GrpcClientProtocolClient (GrpcClientProtocolClient.java:onNext(264)) - client-DF3A7F9F7866->dd0a3b65-d36c-4f93-b232-3c8e6f6667b6: receive RaftClientReply:client-DF3A7F9F7866->dd0a3b65-d36c-4f93-b232-3c8e6f6667b6@group-B02456D89C11, cid=850, SUCCESS, logIndex=1236, commits[dd0a3b65-d36c-4f93-b232-3c8e6f6667b6:c1238]
2019-09-18 13:04:03,681 [grpc-default-executor-1] INFO  client.GrpcClientProtocolClient (GrpcClientProtocolClient.java:onNext(264)) - client-DF3A7F9F7866->dd0a3b65-d36c-4f93-b232-3c8e6f6667b6: receive RaftClientReply:client-DF3A7F9F7866->dd0a3b65-d36c-4f93-b232-3c8e6f6667b6@group-B02456D89C11, cid=851, SUCCESS, logIndex=1237, commits[dd0a3b65-d36c-4f93-b232-3c8e6f6667b6:c1239]
2019-09-18 13:04:03,682 [grpc-default-executor-1] INFO  client.GrpcClientProtocolClient (GrpcClientProtocolClient.java:onNext(264)) - client-DF3A7F9F7866->dd0a3b65-d36c-4f93-b232-3c8e6f6667b6: receive RaftClientReply:client-DF3A7F9F7866->dd0a3b65-d36c-4f93-b232-3c8e6f6667b6@group-B02456D89C11, cid=852, SUCCESS, logIndex=1238, commits[dd0a3b65-d36c-4f93-b232-3c8e6f6667b6:c1240]
2019-09-18 13:04:03,703 [grpc-default-executor-1] INFO  client.GrpcClientProtocolClient (GrpcClientProtocolClient.java:onNext(264)) - client-DF3A7F9F7866->dd0a3b65-d36c-4f93-b232-3c8e6f6667b6: receive RaftClientReply:client-DF3A7F9F7866->dd0a3b65-d36c-4f93-b232-3c8e6f6667b6@group-B02456D89C11, cid=853, SUCCESS, logIndex=1241, commits[dd0a3b65-d36c-4f93-b232-3c8e6f6667b6:c1242]
2019-09-18 13:04:03,704 [SCMBlockDeletingService#1] DEBUG block.SCMBlockDeletingService (SCMBlockDeletingService.java:call(138)) - Running DeletedBlockTransactionScanner
2019-09-18 13:04:03,704 [grpc-default-executor-1] INFO  client.GrpcClientProtocolClient (GrpcClientProtocolClient.java:onNext(264)) - client-DF3A7F9F7866->dd0a3b65-d36c-4f93-b232-3c8e6f6667b6: receive RaftClientReply:client-DF3A7F9F7866->dd0a3b65-d36c-4f93-b232-3c8e6f6667b6@group-B02456D89C11, cid=854, SUCCESS, logIndex=1242, commits[dd0a3b65-d36c-4f93-b232-3c8e6f6667b6:c1244]
2019-09-18 13:04:03,704 [SCMBlockDeletingService#1] DEBUG block.SCMBlockDeletingService (SCMBlockDeletingService.java:call(155)) - Scanned deleted blocks log and got 0 delTX to process.
2019-09-18 13:04:03,704 [grpc-default-executor-1] INFO  client.GrpcClientProtocolClient (GrpcClientProtocolClient.java:onNext(264)) - client-DF3A7F9F7866->dd0a3b65-d36c-4f93-b232-3c8e6f6667b6: receive RaftClientReply:client-DF3A7F9F7866->dd0a3b65-d36c-4f93-b232-3c8e6f6667b6@group-B02456D89C11, cid=855, SUCCESS, logIndex=1243, commits[dd0a3b65-d36c-4f93-b232-3c8e6f6667b6:c1244]
2019-09-18 13:04:03,704 [grpc-default-executor-1] INFO  client.GrpcClientProtocolClient (GrpcClientProtocolClient.java:onNext(264)) - client-DF3A7F9F7866->dd0a3b65-d36c-4f93-b232-3c8e6f6667b6: receive RaftClientReply:client-DF3A7F9F7866->dd0a3b65-d36c-4f93-b232-3c8e6f6667b6@group-B02456D89C11, cid=856, SUCCESS, logIndex=1244, commits[dd0a3b65-d36c-4f93-b232-3c8e6f6667b6:c1245]
2019-09-18 13:04:03,731 [grpc-default-executor-1] INFO  client.GrpcClientProtocolClient (GrpcClientProtocolClient.java:onNext(264)) - client-DF3A7F9F7866->dd0a3b65-d36c-4f93-b232-3c8e6f6667b6: receive RaftClientReply:client-DF3A7F9F7866->dd0a3b65-d36c-4f93-b232-3c8e6f6667b6@group-B02456D89C11, cid=857, SUCCESS, logIndex=1247, commits[dd0a3b65-d36c-4f93-b232-3c8e6f6667b6:c1248]
2019-09-18 13:04:03,732 [grpc-default-executor-1] INFO  client.GrpcClientProtocolClient (GrpcClientProtocolClient.java:onNext(264)) - client-DF3A7F9F7866->dd0a3b65-d36c-4f93-b232-3c8e6f6667b6: receive RaftClientReply:client-DF3A7F9F7866->dd0a3b65-d36c-4f93-b232-3c8e6f6667b6@group-B02456D89C11, cid=858, SUCCESS, logIndex=1248, commits[dd0a3b65-d36c-4f93-b232-3c8e6f6667b6:c1250]
2019-09-18 13:04:03,732 [grpc-default-executor-1] INFO  client.GrpcClientProtocolClient (GrpcClientProtocolClient.java:onNext(264)) - client-DF3A7F9F7866->dd0a3b65-d36c-4f93-b232-3c8e6f6667b6: receive RaftClientReply:client-DF3A7F9F7866->dd0a3b65-d36c-4f93-b232-3c8e6f6667b6@group-B02456D89C11, cid=859, SUCCESS, logIndex=1249, commits[dd0a3b65-d36c-4f93-b232-3c8e6f6667b6:c1250]
2019-09-18 13:04:03,733 [grpc-default-executor-1] INFO  client.GrpcClientProtocolClient (GrpcClientProtocolClient.java:onNext(264)) - client-DF3A7F9F7866->dd0a3b65-d36c-4f93-b232-3c8e6f6667b6: receive RaftClientReply:client-DF3A7F9F7866->dd0a3b65-d36c-4f93-b232-3c8e6f6667b6@group-B02456D89C11, cid=860, SUCCESS, logIndex=1250, commits[dd0a3b65-d36c-4f93-b232-3c8e6f6667b6:c1251]
2019-09-18 13:04:03,752 [grpc-default-executor-1] INFO  client.GrpcClientProtocolClient (GrpcClientProtocolClient.java:onNext(264)) - client-DF3A7F9F7866->dd0a3b65-d36c-4f93-b232-3c8e6f6667b6: receive RaftClientReply:client-DF3A7F9F7866->dd0a3b65-d36c-4f93-b232-3c8e6f6667b6@group-B02456D89C11, cid=861, SUCCESS, logIndex=1253, commits[dd0a3b65-d36c-4f93-b232-3c8e6f6667b6:c1254]
2019-09-18 13:04:03,753 [grpc-default-executor-1] INFO  client.GrpcClientProtocolClient (GrpcClientProtocolClient.java:onNext(264)) - client-DF3A7F9F7866->dd0a3b65-d36c-4f93-b232-3c8e6f6667b6: receive RaftClientReply:client-DF3A7F9F7866->dd0a3b65-d36c-4f93-b232-3c8e6f6667b6@group-B02456D89C11, cid=862, SUCCESS, logIndex=1254, commits[dd0a3b65-d36c-4f93-b232-3c8e6f6667b6:c1256]
2019-09-18 13:04:03,753 [grpc-default-executor-1] INFO  client.GrpcClientProtocolClient (GrpcClientProtocolClient.java:onNext(264)) - client-DF3A7F9F7866->dd0a3b65-d36c-4f93-b232-3c8e6f6667b6: receive RaftClientReply:client-DF3A7F9F7866->dd0a3b65-d36c-4f93-b232-3c8e6f6667b6@group-B02456D89C11, cid=863, SUCCESS, logIndex=1255, commits[dd0a3b65-d36c-4f93-b232-3c8e6f6667b6:c1257]
2019-09-18 13:04:03,753 [grpc-default-executor-1] INFO  client.GrpcClientProtocolClient (GrpcClientProtocolClient.java:onNext(264)) - client-DF3A7F9F7866->dd0a3b65-d36c-4f93-b232-3c8e6f6667b6: receive RaftClientReply:client-DF3A7F9F7866->dd0a3b65-d36c-4f93-b232-3c8e6f6667b6@group-B02456D89C11, cid=864, SUCCESS, logIndex=1256, commits[dd0a3b65-d36c-4f93-b232-3c8e6f6667b6:c1257]
2019-09-18 13:04:03,782 [grpc-default-executor-1] INFO  client.GrpcClientProtocolClient (GrpcClientProtocolClient.java:onNext(264)) - client-DF3A7F9F7866->dd0a3b65-d36c-4f93-b232-3c8e6f6667b6: receive RaftClientReply:client-DF3A7F9F7866->dd0a3b65-d36c-4f93-b232-3c8e6f6667b6@group-B02456D89C11, cid=865, SUCCESS, logIndex=1259, commits[dd0a3b65-d36c-4f93-b232-3c8e6f6667b6:c1262]
2019-09-18 13:04:03,782 [grpc-default-executor-1] INFO  client.GrpcClientProtocolClient (GrpcClientProtocolClient.java:onNext(264)) - client-DF3A7F9F7866->dd0a3b65-d36c-4f93-b232-3c8e6f6667b6: receive RaftClientReply:client-DF3A7F9F7866->dd0a3b65-d36c-4f93-b232-3c8e6f6667b6@group-B02456D89C11, cid=866, SUCCESS, logIndex=1260, commits[dd0a3b65-d36c-4f93-b232-3c8e6f6667b6:c1262]
2019-09-18 13:04:03,783 [grpc-default-executor-1] INFO  client.GrpcClientProtocolClient (GrpcClientProtocolClient.java:onNext(264)) - client-DF3A7F9F7866->dd0a3b65-d36c-4f93-b232-3c8e6f6667b6: receive RaftClientReply:client-DF3A7F9F7866->dd0a3b65-d36c-4f93-b232-3c8e6f6667b6@group-B02456D89C11, cid=867, SUCCESS, logIndex=1261, commits[dd0a3b65-d36c-4f93-b232-3c8e6f6667b6:c1263]
2019-09-18 13:04:03,783 [grpc-default-executor-1] INFO  client.GrpcClientProtocolClient (GrpcClientProtocolClient.java:onNext(264)) - client-DF3A7F9F7866->dd0a3b65-d36c-4f93-b232-3c8e6f6667b6: receive RaftClientReply:client-DF3A7F9F7866->dd0a3b65-d36c-4f93-b232-3c8e6f6667b6@group-B02456D89C11, cid=868, SUCCESS, logIndex=1262, commits[dd0a3b65-d36c-4f93-b232-3c8e6f6667b6:c1263]
2019-09-18 13:04:03,802 [grpc-default-executor-1] INFO  client.GrpcClientProtocolClient (GrpcClientProtocolClient.java:onNext(264)) - client-DF3A7F9F7866->dd0a3b65-d36c-4f93-b232-3c8e6f6667b6: receive RaftClientReply:client-DF3A7F9F7866->dd0a3b65-d36c-4f93-b232-3c8e6f6667b6@group-B02456D89C11, cid=869, SUCCESS, logIndex=1264, commits[dd0a3b65-d36c-4f93-b232-3c8e6f6667b6:c1265]
2019-09-18 13:04:03,803 [grpc-default-executor-1] INFO  client.GrpcClientProtocolClient (GrpcClientProtocolClient.java:onNext(264)) - client-DF3A7F9F7866->dd0a3b65-d36c-4f93-b232-3c8e6f6667b6: receive RaftClientReply:client-DF3A7F9F7866->dd0a3b65-d36c-4f93-b232-3c8e6f6667b6@group-B02456D89C11, cid=870, SUCCESS, logIndex=1265, commits[dd0a3b65-d36c-4f93-b232-3c8e6f6667b6:c1267]
2019-09-18 13:04:03,803 [grpc-default-executor-1] INFO  client.GrpcClientProtocolClient (GrpcClientProtocolClient.java:onNext(264)) - client-DF3A7F9F7866->dd0a3b65-d36c-4f93-b232-3c8e6f6667b6: receive RaftClientReply:client-DF3A7F9F7866->dd0a3b65-d36c-4f93-b232-3c8e6f6667b6@group-B02456D89C11, cid=871, SUCCESS, logIndex=1266, commits[dd0a3b65-d36c-4f93-b232-3c8e6f6667b6:c1267]
2019-09-18 13:04:03,803 [grpc-default-executor-1] INFO  client.GrpcClientProtocolClient (GrpcClientProtocolClient.java:onNext(264)) - client-DF3A7F9F7866->dd0a3b65-d36c-4f93-b232-3c8e6f6667b6: receive RaftClientReply:client-DF3A7F9F7866->dd0a3b65-d36c-4f93-b232-3c8e6f6667b6@group-B02456D89C11, cid=872, SUCCESS, logIndex=1267, commits[dd0a3b65-d36c-4f93-b232-3c8e6f6667b6:c1267]
2019-09-18 13:04:03,804 [SCMBlockDeletingService#1] DEBUG block.SCMBlockDeletingService (SCMBlockDeletingService.java:call(138)) - Running DeletedBlockTransactionScanner
2019-09-18 13:04:03,805 [SCMBlockDeletingService#1] DEBUG block.SCMBlockDeletingService (SCMBlockDeletingService.java:call(155)) - Scanned deleted blocks log and got 0 delTX to process.
2019-09-18 13:04:03,831 [grpc-default-executor-1] INFO  client.GrpcClientProtocolClient (GrpcClientProtocolClient.java:onNext(264)) - client-DF3A7F9F7866->dd0a3b65-d36c-4f93-b232-3c8e6f6667b6: receive RaftClientReply:client-DF3A7F9F7866->dd0a3b65-d36c-4f93-b232-3c8e6f6667b6@group-B02456D89C11, cid=873, SUCCESS, logIndex=1270, commits[dd0a3b65-d36c-4f93-b232-3c8e6f6667b6:c1273]
2019-09-18 13:04:03,832 [grpc-default-executor-1] INFO  client.GrpcClientProtocolClient (GrpcClientProtocolClient.java:onNext(264)) - client-DF3A7F9F7866->dd0a3b65-d36c-4f93-b232-3c8e6f6667b6: receive RaftClientReply:client-DF3A7F9F7866->dd0a3b65-d36c-4f93-b232-3c8e6f6667b6@group-B02456D89C11, cid=874, SUCCESS, logIndex=1271, commits[dd0a3b65-d36c-4f93-b232-3c8e6f6667b6:c1274]
2019-09-18 13:04:03,832 [grpc-default-executor-1] INFO  client.GrpcClientProtocolClient (GrpcClientProtocolClient.java:onNext(264)) - client-DF3A7F9F7866->dd0a3b65-d36c-4f93-b232-3c8e6f6667b6: receive RaftClientReply:client-DF3A7F9F7866->dd0a3b65-d36c-4f93-b232-3c8e6f6667b6@group-B02456D89C11, cid=875, SUCCESS, logIndex=1272, commits[dd0a3b65-d36c-4f93-b232-3c8e6f6667b6:c1274]
2019-09-18 13:04:03,833 [grpc-default-executor-1] INFO  client.GrpcClientProtocolClient (GrpcClientProtocolClient.java:onNext(264)) - client-DF3A7F9F7866->dd0a3b65-d36c-4f93-b232-3c8e6f6667b6: receive RaftClientReply:client-DF3A7F9F7866->dd0a3b65-d36c-4f93-b232-3c8e6f6667b6@group-B02456D89C11, cid=876, SUCCESS, logIndex=1273, commits[dd0a3b65-d36c-4f93-b232-3c8e6f6667b6:c1274]
2019-09-18 13:04:03,852 [grpc-default-executor-0] INFO  client.GrpcClientProtocolClient (GrpcClientProtocolClient.java:onNext(264)) - client-DF3A7F9F7866->dd0a3b65-d36c-4f93-b232-3c8e6f6667b6: receive RaftClientReply:client-DF3A7F9F7866->dd0a3b65-d36c-4f93-b232-3c8e6f6667b6@group-B02456D89C11, cid=877, SUCCESS, logIndex=1275, commits[dd0a3b65-d36c-4f93-b232-3c8e6f6667b6:c1276]
2019-09-18 13:04:03,853 [grpc-default-executor-0] INFO  client.GrpcClientProtocolClient (GrpcClientProtocolClient.java:onNext(264)) - client-DF3A7F9F7866->dd0a3b65-d36c-4f93-b232-3c8e6f6667b6: receive RaftClientReply:client-DF3A7F9F7866->dd0a3b65-d36c-4f93-b232-3c8e6f6667b6@group-B02456D89C11, cid=878, SUCCESS, logIndex=1276, commits[dd0a3b65-d36c-4f93-b232-3c8e6f6667b6:c1278]
2019-09-18 13:04:03,853 [grpc-default-executor-0] INFO  client.GrpcClientProtocolClient (GrpcClientProtocolClient.java:onNext(264)) - client-DF3A7F9F7866->dd0a3b65-d36c-4f93-b232-3c8e6f6667b6: receive RaftClientReply:client-DF3A7F9F7866->dd0a3b65-d36c-4f93-b232-3c8e6f6667b6@group-B02456D89C11, cid=879, SUCCESS, logIndex=1277, commits[dd0a3b65-d36c-4f93-b232-3c8e6f6667b6:c1279]
2019-09-18 13:04:03,853 [grpc-default-executor-0] INFO  client.GrpcClientProtocolClient (GrpcClientProtocolClient.java:onNext(264)) - client-DF3A7F9F7866->dd0a3b65-d36c-4f93-b232-3c8e6f6667b6: receive RaftClientReply:client-DF3A7F9F7866->dd0a3b65-d36c-4f93-b232-3c8e6f6667b6@group-B02456D89C11, cid=880, SUCCESS, logIndex=1278, commits[dd0a3b65-d36c-4f93-b232-3c8e6f6667b6:c1279]
2019-09-18 13:04:03,884 [grpc-default-executor-1] INFO  client.GrpcClientProtocolClient (GrpcClientProtocolClient.java:onNext(264)) - client-DF3A7F9F7866->dd0a3b65-d36c-4f93-b232-3c8e6f6667b6: receive RaftClientReply:client-DF3A7F9F7866->dd0a3b65-d36c-4f93-b232-3c8e6f6667b6@group-B02456D89C11, cid=881, SUCCESS, logIndex=1281, commits[dd0a3b65-d36c-4f93-b232-3c8e6f6667b6:c1282]
2019-09-18 13:04:03,885 [grpc-default-executor-1] INFO  client.GrpcClientProtocolClient (GrpcClientProtocolClient.java:onNext(264)) - client-DF3A7F9F7866->dd0a3b65-d36c-4f93-b232-3c8e6f6667b6: receive RaftClientReply:client-DF3A7F9F7866->dd0a3b65-d36c-4f93-b232-3c8e6f6667b6@group-B02456D89C11, cid=882, SUCCESS, logIndex=1282, commits[dd0a3b65-d36c-4f93-b232-3c8e6f6667b6:c1284]
2019-09-18 13:04:03,885 [grpc-default-executor-1] INFO  client.GrpcClientProtocolClient (GrpcClientProtocolClient.java:onNext(264)) - client-DF3A7F9F7866->dd0a3b65-d36c-4f93-b232-3c8e6f6667b6: receive RaftClientReply:client-DF3A7F9F7866->dd0a3b65-d36c-4f93-b232-3c8e6f6667b6@group-B02456D89C11, cid=883, SUCCESS, logIndex=1283, commits[dd0a3b65-d36c-4f93-b232-3c8e6f6667b6:c1285]
2019-09-18 13:04:03,885 [grpc-default-executor-1] INFO  client.GrpcClientProtocolClient (GrpcClientProtocolClient.java:onNext(264)) - client-DF3A7F9F7866->dd0a3b65-d36c-4f93-b232-3c8e6f6667b6: receive RaftClientReply:client-DF3A7F9F7866->dd0a3b65-d36c-4f93-b232-3c8e6f6667b6@group-B02456D89C11, cid=884, SUCCESS, logIndex=1284, commits[dd0a3b65-d36c-4f93-b232-3c8e6f6667b6:c1285]
2019-09-18 13:04:03,905 [SCMBlockDeletingService#1] DEBUG block.SCMBlockDeletingService (SCMBlockDeletingService.java:call(138)) - Running DeletedBlockTransactionScanner
2019-09-18 13:04:03,905 [SCMBlockDeletingService#1] DEBUG block.SCMBlockDeletingService (SCMBlockDeletingService.java:call(155)) - Scanned deleted blocks log and got 0 delTX to process.
2019-09-18 13:04:04,005 [SCMBlockDeletingService#1] DEBUG block.SCMBlockDeletingService (SCMBlockDeletingService.java:call(138)) - Running DeletedBlockTransactionScanner
2019-09-18 13:04:04,006 [SCMBlockDeletingService#1] DEBUG block.SCMBlockDeletingService (SCMBlockDeletingService.java:call(155)) - Scanned deleted blocks log and got 0 delTX to process.
2019-09-18 13:04:04,104 [grpc-default-executor-1] INFO  client.GrpcClientProtocolClient (GrpcClientProtocolClient.java:onNext(264)) - client-DF3A7F9F7866->dd0a3b65-d36c-4f93-b232-3c8e6f6667b6: receive RaftClientReply:client-DF3A7F9F7866->dd0a3b65-d36c-4f93-b232-3c8e6f6667b6@group-B02456D89C11, cid=885, SUCCESS, logIndex=1287, commits[dd0a3b65-d36c-4f93-b232-3c8e6f6667b6:c1290]
2019-09-18 13:04:04,104 [grpc-default-executor-1] INFO  client.GrpcClientProtocolClient (GrpcClientProtocolClient.java:onNext(264)) - client-DF3A7F9F7866->dd0a3b65-d36c-4f93-b232-3c8e6f6667b6: receive RaftClientReply:client-DF3A7F9F7866->dd0a3b65-d36c-4f93-b232-3c8e6f6667b6@group-B02456D89C11, cid=886, SUCCESS, logIndex=1288, commits[dd0a3b65-d36c-4f93-b232-3c8e6f6667b6:c1291]
2019-09-18 13:04:04,104 [grpc-default-executor-1] INFO  client.GrpcClientProtocolClient (GrpcClientProtocolClient.java:onNext(264)) - client-DF3A7F9F7866->dd0a3b65-d36c-4f93-b232-3c8e6f6667b6: receive RaftClientReply:client-DF3A7F9F7866->dd0a3b65-d36c-4f93-b232-3c8e6f6667b6@group-B02456D89C11, cid=887, SUCCESS, logIndex=1289, commits[dd0a3b65-d36c-4f93-b232-3c8e6f6667b6:c1291]
2019-09-18 13:04:04,105 [grpc-default-executor-1] INFO  client.GrpcClientProtocolClient (GrpcClientProtocolClient.java:onNext(264)) - client-DF3A7F9F7866->dd0a3b65-d36c-4f93-b232-3c8e6f6667b6: receive RaftClientReply:client-DF3A7F9F7866->dd0a3b65-d36c-4f93-b232-3c8e6f6667b6@group-B02456D89C11, cid=888, SUCCESS, logIndex=1290, commits[dd0a3b65-d36c-4f93-b232-3c8e6f6667b6:c1291]
2019-09-18 13:04:04,106 [SCMBlockDeletingService#1] DEBUG block.SCMBlockDeletingService (SCMBlockDeletingService.java:call(138)) - Running DeletedBlockTransactionScanner
2019-09-18 13:04:04,107 [SCMBlockDeletingService#1] DEBUG block.SCMBlockDeletingService (SCMBlockDeletingService.java:call(155)) - Scanned deleted blocks log and got 0 delTX to process.
2019-09-18 13:04:04,133 [grpc-default-executor-1] INFO  client.GrpcClientProtocolClient (GrpcClientProtocolClient.java:onNext(264)) - client-DF3A7F9F7866->dd0a3b65-d36c-4f93-b232-3c8e6f6667b6: receive RaftClientReply:client-DF3A7F9F7866->dd0a3b65-d36c-4f93-b232-3c8e6f6667b6@group-B02456D89C11, cid=889, SUCCESS, logIndex=1292, commits[dd0a3b65-d36c-4f93-b232-3c8e6f6667b6:c1293]
2019-09-18 13:04:04,133 [grpc-default-executor-1] INFO  client.GrpcClientProtocolClient (GrpcClientProtocolClient.java:onNext(264)) - client-DF3A7F9F7866->dd0a3b65-d36c-4f93-b232-3c8e6f6667b6: receive RaftClientReply:client-DF3A7F9F7866->dd0a3b65-d36c-4f93-b232-3c8e6f6667b6@group-B02456D89C11, cid=890, SUCCESS, logIndex=1293, commits[dd0a3b65-d36c-4f93-b232-3c8e6f6667b6:c1295]
2019-09-18 13:04:04,134 [grpc-default-executor-1] INFO  client.GrpcClientProtocolClient (GrpcClientProtocolClient.java:onNext(264)) - client-DF3A7F9F7866->dd0a3b65-d36c-4f93-b232-3c8e6f6667b6: receive RaftClientReply:client-DF3A7F9F7866->dd0a3b65-d36c-4f93-b232-3c8e6f6667b6@group-B02456D89C11, cid=891, SUCCESS, logIndex=1294, commits[dd0a3b65-d36c-4f93-b232-3c8e6f6667b6:c1295]
2019-09-18 13:04:04,134 [grpc-default-executor-1] INFO  client.GrpcClientProtocolClient (GrpcClientProtocolClient.java:onNext(264)) - client-DF3A7F9F7866->dd0a3b65-d36c-4f93-b232-3c8e6f6667b6: receive RaftClientReply:client-DF3A7F9F7866->dd0a3b65-d36c-4f93-b232-3c8e6f6667b6@group-B02456D89C11, cid=892, SUCCESS, logIndex=1295, commits[dd0a3b65-d36c-4f93-b232-3c8e6f6667b6:c1296]
2019-09-18 13:04:04,154 [grpc-default-executor-1] INFO  client.GrpcClientProtocolClient (GrpcClientProtocolClient.java:onNext(264)) - client-DF3A7F9F7866->dd0a3b65-d36c-4f93-b232-3c8e6f6667b6: receive RaftClientReply:client-DF3A7F9F7866->dd0a3b65-d36c-4f93-b232-3c8e6f6667b6@group-B02456D89C11, cid=893, SUCCESS, logIndex=1298, commits[dd0a3b65-d36c-4f93-b232-3c8e6f6667b6:c1299]
2019-09-18 13:04:04,154 [grpc-default-executor-1] INFO  client.GrpcClientProtocolClient (GrpcClientProtocolClient.java:onNext(264)) - client-DF3A7F9F7866->dd0a3b65-d36c-4f93-b232-3c8e6f6667b6: receive RaftClientReply:client-DF3A7F9F7866->dd0a3b65-d36c-4f93-b232-3c8e6f6667b6@group-B02456D89C11, cid=894, SUCCESS, logIndex=1299, commits[dd0a3b65-d36c-4f93-b232-3c8e6f6667b6:c1301]
2019-09-18 13:04:04,154 [grpc-default-executor-1] INFO  client.GrpcClientProtocolClient (GrpcClientProtocolClient.java:onNext(264)) - client-DF3A7F9F7866->dd0a3b65-d36c-4f93-b232-3c8e6f6667b6: receive RaftClientReply:client-DF3A7F9F7866->dd0a3b65-d36c-4f93-b232-3c8e6f6667b6@group-B02456D89C11, cid=895, SUCCESS, logIndex=1300, commits[dd0a3b65-d36c-4f93-b232-3c8e6f6667b6:c1301]
2019-09-18 13:04:04,155 [grpc-default-executor-1] INFO  client.GrpcClientProtocolClient (GrpcClientProtocolClient.java:onNext(264)) - client-DF3A7F9F7866->dd0a3b65-d36c-4f93-b232-3c8e6f6667b6: receive RaftClientReply:client-DF3A7F9F7866->dd0a3b65-d36c-4f93-b232-3c8e6f6667b6@group-B02456D89C11, cid=896, SUCCESS, logIndex=1301, commits[dd0a3b65-d36c-4f93-b232-3c8e6f6667b6:c1302]
2019-09-18 13:04:04,183 [grpc-default-executor-1] INFO  client.GrpcClientProtocolClient (GrpcClientProtocolClient.java:onNext(264)) - client-DF3A7F9F7866->dd0a3b65-d36c-4f93-b232-3c8e6f6667b6: receive RaftClientReply:client-DF3A7F9F7866->dd0a3b65-d36c-4f93-b232-3c8e6f6667b6@group-B02456D89C11, cid=897, SUCCESS, logIndex=1304, commits[dd0a3b65-d36c-4f93-b232-3c8e6f6667b6:c1305]
2019-09-18 13:04:04,183 [grpc-default-executor-1] INFO  client.GrpcClientProtocolClient (GrpcClientProtocolClient.java:onNext(264)) - client-DF3A7F9F7866->dd0a3b65-d36c-4f93-b232-3c8e6f6667b6: receive RaftClientReply:client-DF3A7F9F7866->dd0a3b65-d36c-4f93-b232-3c8e6f6667b6@group-B02456D89C11, cid=898, SUCCESS, logIndex=1305, commits[dd0a3b65-d36c-4f93-b232-3c8e6f6667b6:c1305]
2019-09-18 13:04:04,187 [grpc-default-executor-1] INFO  client.GrpcClientProtocolClient (GrpcClientProtocolClient.java:onNext(264)) - client-DF3A7F9F7866->dd0a3b65-d36c-4f93-b232-3c8e6f6667b6: receive RaftClientReply:client-DF3A7F9F7866->dd0a3b65-d36c-4f93-b232-3c8e6f6667b6@group-B02456D89C11, cid=899, SUCCESS, logIndex=1306, commits[dd0a3b65-d36c-4f93-b232-3c8e6f6667b6:c1307]
2019-09-18 13:04:04,188 [grpc-default-executor-1] INFO  client.GrpcClientProtocolClient (GrpcClientProtocolClient.java:onNext(264)) - client-DF3A7F9F7866->dd0a3b65-d36c-4f93-b232-3c8e6f6667b6: receive RaftClientReply:client-DF3A7F9F7866->dd0a3b65-d36c-4f93-b232-3c8e6f6667b6@group-B02456D89C11, cid=900, SUCCESS, logIndex=1307, commits[dd0a3b65-d36c-4f93-b232-3c8e6f6667b6:c1307]
2019-09-18 13:04:04,207 [SCMBlockDeletingService#1] DEBUG block.SCMBlockDeletingService (SCMBlockDeletingService.java:call(138)) - Running DeletedBlockTransactionScanner
2019-09-18 13:04:04,207 [SCMBlockDeletingService#1] DEBUG block.SCMBlockDeletingService (SCMBlockDeletingService.java:call(155)) - Scanned deleted blocks log and got 0 delTX to process.
2019-09-18 13:04:04,308 [SCMBlockDeletingService#1] DEBUG block.SCMBlockDeletingService (SCMBlockDeletingService.java:call(138)) - Running DeletedBlockTransactionScanner
2019-09-18 13:04:04,308 [SCMBlockDeletingService#1] DEBUG block.SCMBlockDeletingService (SCMBlockDeletingService.java:call(155)) - Scanned deleted blocks log and got 0 delTX to process.
2019-09-18 13:04:04,408 [SCMBlockDeletingService#1] DEBUG block.SCMBlockDeletingService (SCMBlockDeletingService.java:call(138)) - Running DeletedBlockTransactionScanner
2019-09-18 13:04:04,409 [SCMBlockDeletingService#1] DEBUG block.SCMBlockDeletingService (SCMBlockDeletingService.java:call(155)) - Scanned deleted blocks log and got 0 delTX to process.
2019-09-18 13:04:04,509 [SCMBlockDeletingService#1] DEBUG block.SCMBlockDeletingService (SCMBlockDeletingService.java:call(138)) - Running DeletedBlockTransactionScanner
2019-09-18 13:04:04,509 [SCMBlockDeletingService#1] DEBUG block.SCMBlockDeletingService (SCMBlockDeletingService.java:call(155)) - Scanned deleted blocks log and got 0 delTX to process.
2019-09-18 13:04:04,573 [grpc-default-executor-1] INFO  client.GrpcClientProtocolClient (GrpcClientProtocolClient.java:onNext(264)) - client-DF3A7F9F7866->dd0a3b65-d36c-4f93-b232-3c8e6f6667b6: receive RaftClientReply:client-DF3A7F9F7866->dd0a3b65-d36c-4f93-b232-3c8e6f6667b6@group-B02456D89C11, cid=901, SUCCESS, logIndex=1310, commits[dd0a3b65-d36c-4f93-b232-3c8e6f6667b6:c1313]
2019-09-18 13:04:04,574 [grpc-default-executor-1] INFO  client.GrpcClientProtocolClient (GrpcClientProtocolClient.java:onNext(264)) - client-DF3A7F9F7866->dd0a3b65-d36c-4f93-b232-3c8e6f6667b6: receive RaftClientReply:client-DF3A7F9F7866->dd0a3b65-d36c-4f93-b232-3c8e6f6667b6@group-B02456D89C11, cid=902, SUCCESS, logIndex=1311, commits[dd0a3b65-d36c-4f93-b232-3c8e6f6667b6:c1313]
2019-09-18 13:04:04,574 [grpc-default-executor-1] INFO  client.GrpcClientProtocolClient (GrpcClientProtocolClient.java:onNext(264)) - client-DF3A7F9F7866->dd0a3b65-d36c-4f93-b232-3c8e6f6667b6: receive RaftClientReply:client-DF3A7F9F7866->dd0a3b65-d36c-4f93-b232-3c8e6f6667b6@group-B02456D89C11, cid=903, SUCCESS, logIndex=1312, commits[dd0a3b65-d36c-4f93-b232-3c8e6f6667b6:c1313]
2019-09-18 13:04:04,575 [grpc-default-executor-1] INFO  client.GrpcClientProtocolClient (GrpcClientProtocolClient.java:onNext(264)) - client-DF3A7F9F7866->dd0a3b65-d36c-4f93-b232-3c8e6f6667b6: receive RaftClientReply:client-DF3A7F9F7866->dd0a3b65-d36c-4f93-b232-3c8e6f6667b6@group-B02456D89C11, cid=904, SUCCESS, logIndex=1313, commits[dd0a3b65-d36c-4f93-b232-3c8e6f6667b6:c1313]
2019-09-18 13:04:04,605 [grpc-default-executor-1] INFO  client.GrpcClientProtocolClient (GrpcClientProtocolClient.java:onNext(264)) - client-DF3A7F9F7866->dd0a3b65-d36c-4f93-b232-3c8e6f6667b6: receive RaftClientReply:client-DF3A7F9F7866->dd0a3b65-d36c-4f93-b232-3c8e6f6667b6@group-B02456D89C11, cid=905, SUCCESS, logIndex=1315, commits[dd0a3b65-d36c-4f93-b232-3c8e6f6667b6:c1316]
2019-09-18 13:04:04,605 [grpc-default-executor-1] INFO  client.GrpcClientProtocolClient (GrpcClientProtocolClient.java:onNext(264)) - client-DF3A7F9F7866->dd0a3b65-d36c-4f93-b232-3c8e6f6667b6: receive RaftClientReply:client-DF3A7F9F7866->dd0a3b65-d36c-4f93-b232-3c8e6f6667b6@group-B02456D89C11, cid=906, SUCCESS, logIndex=1316, commits[dd0a3b65-d36c-4f93-b232-3c8e6f6667b6:c1318]
2019-09-18 13:04:04,606 [grpc-default-executor-1] INFO  client.GrpcClientProtocolClient (GrpcClientProtocolClient.java:onNext(264)) - client-DF3A7F9F7866->dd0a3b65-d36c-4f93-b232-3c8e6f6667b6: receive RaftClientReply:client-DF3A7F9F7866->dd0a3b65-d36c-4f93-b232-3c8e6f6667b6@group-B02456D89C11, cid=907, SUCCESS, logIndex=1317, commits[dd0a3b65-d36c-4f93-b232-3c8e6f6667b6:c1319]
2019-09-18 13:04:04,606 [grpc-default-executor-1] INFO  client.GrpcClientProtocolClient (GrpcClientProtocolClient.java:onNext(264)) - client-DF3A7F9F7866->dd0a3b65-d36c-4f93-b232-3c8e6f6667b6: receive RaftClientReply:client-DF3A7F9F7866->dd0a3b65-d36c-4f93-b232-3c8e6f6667b6@group-B02456D89C11, cid=908, SUCCESS, logIndex=1318, commits[dd0a3b65-d36c-4f93-b232-3c8e6f6667b6:c1320]
2019-09-18 13:04:04,609 [SCMBlockDeletingService#1] DEBUG block.SCMBlockDeletingService (SCMBlockDeletingService.java:call(138)) - Running DeletedBlockTransactionScanner
2019-09-18 13:04:04,610 [SCMBlockDeletingService#1] DEBUG block.SCMBlockDeletingService (SCMBlockDeletingService.java:call(155)) - Scanned deleted blocks log and got 0 delTX to process.
2019-09-18 13:04:04,627 [grpc-default-executor-0] INFO  client.GrpcClientProtocolClient (GrpcClientProtocolClient.java:onNext(264)) - client-DF3A7F9F7866->dd0a3b65-d36c-4f93-b232-3c8e6f6667b6: receive RaftClientReply:client-DF3A7F9F7866->dd0a3b65-d36c-4f93-b232-3c8e6f6667b6@group-B02456D89C11, cid=909, SUCCESS, logIndex=1321, commits[dd0a3b65-d36c-4f93-b232-3c8e6f6667b6:c1322]
2019-09-18 13:04:04,627 [grpc-default-executor-0] INFO  client.GrpcClientProtocolClient (GrpcClientProtocolClient.java:onNext(264)) - client-DF3A7F9F7866->dd0a3b65-d36c-4f93-b232-3c8e6f6667b6: receive RaftClientReply:client-DF3A7F9F7866->dd0a3b65-d36c-4f93-b232-3c8e6f6667b6@group-B02456D89C11, cid=910, SUCCESS, logIndex=1322, commits[dd0a3b65-d36c-4f93-b232-3c8e6f6667b6:c1324]
2019-09-18 13:04:04,628 [grpc-default-executor-0] INFO  client.GrpcClientProtocolClient (GrpcClientProtocolClient.java:onNext(264)) - client-DF3A7F9F7866->dd0a3b65-d36c-4f93-b232-3c8e6f6667b6: receive RaftClientReply:client-DF3A7F9F7866->dd0a3b65-d36c-4f93-b232-3c8e6f6667b6@group-B02456D89C11, cid=911, SUCCESS, logIndex=1323, commits[dd0a3b65-d36c-4f93-b232-3c8e6f6667b6:c1325]
2019-09-18 13:04:04,628 [grpc-default-executor-0] INFO  client.GrpcClientProtocolClient (GrpcClientProtocolClient.java:onNext(264)) - client-DF3A7F9F7866->dd0a3b65-d36c-4f93-b232-3c8e6f6667b6: receive RaftClientReply:client-DF3A7F9F7866->dd0a3b65-d36c-4f93-b232-3c8e6f6667b6@group-B02456D89C11, cid=912, SUCCESS, logIndex=1324, commits[dd0a3b65-d36c-4f93-b232-3c8e6f6667b6:c1326]
2019-09-18 13:04:04,656 [grpc-default-executor-0] INFO  client.GrpcClientProtocolClient (GrpcClientProtocolClient.java:onNext(264)) - client-DF3A7F9F7866->dd0a3b65-d36c-4f93-b232-3c8e6f6667b6: receive RaftClientReply:client-DF3A7F9F7866->dd0a3b65-d36c-4f93-b232-3c8e6f6667b6@group-B02456D89C11, cid=913, SUCCESS, logIndex=1327, commits[dd0a3b65-d36c-4f93-b232-3c8e6f6667b6:c1328]
2019-09-18 13:04:04,659 [grpc-default-executor-0] INFO  client.GrpcClientProtocolClient (GrpcClientProtocolClient.java:onNext(264)) - client-DF3A7F9F7866->dd0a3b65-d36c-4f93-b232-3c8e6f6667b6: receive RaftClientReply:client-DF3A7F9F7866->dd0a3b65-d36c-4f93-b232-3c8e6f6667b6@group-B02456D89C11, cid=914, SUCCESS, logIndex=1328, commits[dd0a3b65-d36c-4f93-b232-3c8e6f6667b6:c1328]
2019-09-18 13:04:04,660 [grpc-default-executor-0] INFO  client.GrpcClientProtocolClient (GrpcClientProtocolClient.java:onNext(264)) - client-DF3A7F9F7866->dd0a3b65-d36c-4f93-b232-3c8e6f6667b6: receive RaftClientReply:client-DF3A7F9F7866->dd0a3b65-d36c-4f93-b232-3c8e6f6667b6@group-B02456D89C11, cid=915, SUCCESS, logIndex=1329, commits[dd0a3b65-d36c-4f93-b232-3c8e6f6667b6:c1330]
2019-09-18 13:04:04,661 [grpc-default-executor-0] INFO  client.GrpcClientProtocolClient (GrpcClientProtocolClient.java:onNext(264)) - client-DF3A7F9F7866->dd0a3b65-d36c-4f93-b232-3c8e6f6667b6: receive RaftClientReply:client-DF3A7F9F7866->dd0a3b65-d36c-4f93-b232-3c8e6f6667b6@group-B02456D89C11, cid=916, SUCCESS, logIndex=1330, commits[dd0a3b65-d36c-4f93-b232-3c8e6f6667b6:c1331]
2019-09-18 13:04:04,681 [grpc-default-executor-1] INFO  client.GrpcClientProtocolClient (GrpcClientProtocolClient.java:onNext(264)) - client-DF3A7F9F7866->dd0a3b65-d36c-4f93-b232-3c8e6f6667b6: receive RaftClientReply:client-DF3A7F9F7866->dd0a3b65-d36c-4f93-b232-3c8e6f6667b6@group-B02456D89C11, cid=917, SUCCESS, logIndex=1333, commits[dd0a3b65-d36c-4f93-b232-3c8e6f6667b6:c1334]
2019-09-18 13:04:04,681 [grpc-default-executor-1] INFO  client.GrpcClientProtocolClient (GrpcClientProtocolClient.java:onNext(264)) - client-DF3A7F9F7866->dd0a3b65-d36c-4f93-b232-3c8e6f6667b6: receive RaftClientReply:client-DF3A7F9F7866->dd0a3b65-d36c-4f93-b232-3c8e6f6667b6@group-B02456D89C11, cid=918, SUCCESS, logIndex=1334, commits[dd0a3b65-d36c-4f93-b232-3c8e6f6667b6:c1336]
2019-09-18 13:04:04,682 [grpc-default-executor-1] INFO  client.GrpcClientProtocolClient (GrpcClientProtocolClient.java:onNext(264)) - client-DF3A7F9F7866->dd0a3b65-d36c-4f93-b232-3c8e6f6667b6: receive RaftClientReply:client-DF3A7F9F7866->dd0a3b65-d36c-4f93-b232-3c8e6f6667b6@group-B02456D89C11, cid=919, SUCCESS, logIndex=1335, commits[dd0a3b65-d36c-4f93-b232-3c8e6f6667b6:c1337]
2019-09-18 13:04:04,682 [grpc-default-executor-1] INFO  client.GrpcClientProtocolClient (GrpcClientProtocolClient.java:onNext(264)) - client-DF3A7F9F7866->dd0a3b65-d36c-4f93-b232-3c8e6f6667b6: receive RaftClientReply:client-DF3A7F9F7866->dd0a3b65-d36c-4f93-b232-3c8e6f6667b6@group-B02456D89C11, cid=920, SUCCESS, logIndex=1336, commits[dd0a3b65-d36c-4f93-b232-3c8e6f6667b6:c1338]
2019-09-18 13:04:04,709 [grpc-default-executor-1] INFO  client.GrpcClientProtocolClient (GrpcClientProtocolClient.java:onNext(264)) - client-DF3A7F9F7866->dd0a3b65-d36c-4f93-b232-3c8e6f6667b6: receive RaftClientReply:client-DF3A7F9F7866->dd0a3b65-d36c-4f93-b232-3c8e6f6667b6@group-B02456D89C11, cid=921, SUCCESS, logIndex=1339, commits[dd0a3b65-d36c-4f93-b232-3c8e6f6667b6:c1340]
2019-09-18 13:04:04,710 [grpc-default-executor-1] INFO  client.GrpcClientProtocolClient (GrpcClientProtocolClient.java:onNext(264)) - client-DF3A7F9F7866->dd0a3b65-d36c-4f93-b232-3c8e6f6667b6: receive RaftClientReply:client-DF3A7F9F7866->dd0a3b65-d36c-4f93-b232-3c8e6f6667b6@group-B02456D89C11, cid=922, SUCCESS, logIndex=1340, commits[dd0a3b65-d36c-4f93-b232-3c8e6f6667b6:c1342]
2019-09-18 13:04:04,710 [SCMBlockDeletingService#1] DEBUG block.SCMBlockDeletingService (SCMBlockDeletingService.java:call(138)) - Running DeletedBlockTransactionScanner
2019-09-18 13:04:04,710 [grpc-default-executor-1] INFO  client.GrpcClientProtocolClient (GrpcClientProtocolClient.java:onNext(264)) - client-DF3A7F9F7866->dd0a3b65-d36c-4f93-b232-3c8e6f6667b6: receive RaftClientReply:client-DF3A7F9F7866->dd0a3b65-d36c-4f93-b232-3c8e6f6667b6@group-B02456D89C11, cid=923, SUCCESS, logIndex=1341, commits[dd0a3b65-d36c-4f93-b232-3c8e6f6667b6:c1342]
2019-09-18 13:04:04,710 [SCMBlockDeletingService#1] DEBUG block.SCMBlockDeletingService (SCMBlockDeletingService.java:call(155)) - Scanned deleted blocks log and got 0 delTX to process.
2019-09-18 13:04:04,711 [grpc-default-executor-1] INFO  client.GrpcClientProtocolClient (GrpcClientProtocolClient.java:onNext(264)) - client-DF3A7F9F7866->dd0a3b65-d36c-4f93-b232-3c8e6f6667b6: receive RaftClientReply:client-DF3A7F9F7866->dd0a3b65-d36c-4f93-b232-3c8e6f6667b6@group-B02456D89C11, cid=924, SUCCESS, logIndex=1342, commits[dd0a3b65-d36c-4f93-b232-3c8e6f6667b6:c1343]
2019-09-18 13:04:04,723 [grpc-default-executor-0] INFO  client.GrpcClientProtocolClient (GrpcClientProtocolClient.java:onNext(264)) - client-DF3A7F9F7866->dd0a3b65-d36c-4f93-b232-3c8e6f6667b6: receive RaftClientReply:client-DF3A7F9F7866->dd0a3b65-d36c-4f93-b232-3c8e6f6667b6@group-B02456D89C11, cid=925, SUCCESS, logIndex=1345, commits[dd0a3b65-d36c-4f93-b232-3c8e6f6667b6:c1346]
2019-09-18 13:04:04,723 [grpc-default-executor-0] INFO  client.GrpcClientProtocolClient (GrpcClientProtocolClient.java:onNext(264)) - client-DF3A7F9F7866->dd0a3b65-d36c-4f93-b232-3c8e6f6667b6: receive RaftClientReply:client-DF3A7F9F7866->dd0a3b65-d36c-4f93-b232-3c8e6f6667b6@group-B02456D89C11, cid=926, SUCCESS, logIndex=1346, commits[dd0a3b65-d36c-4f93-b232-3c8e6f6667b6:c1348]
2019-09-18 13:04:04,724 [grpc-default-executor-0] INFO  client.GrpcClientProtocolClient (GrpcClientProtocolClient.java:onNext(264)) - client-DF3A7F9F7866->dd0a3b65-d36c-4f93-b232-3c8e6f6667b6: receive RaftClientReply:client-DF3A7F9F7866->dd0a3b65-d36c-4f93-b232-3c8e6f6667b6@group-B02456D89C11, cid=927, SUCCESS, logIndex=1347, commits[dd0a3b65-d36c-4f93-b232-3c8e6f6667b6:c1348]
2019-09-18 13:04:04,724 [grpc-default-executor-0] INFO  client.GrpcClientProtocolClient (GrpcClientProtocolClient.java:onNext(264)) - client-DF3A7F9F7866->dd0a3b65-d36c-4f93-b232-3c8e6f6667b6: receive RaftClientReply:client-DF3A7F9F7866->dd0a3b65-d36c-4f93-b232-3c8e6f6667b6@group-B02456D89C11, cid=928, SUCCESS, logIndex=1348, commits[dd0a3b65-d36c-4f93-b232-3c8e6f6667b6:c1349]
2019-09-18 13:04:04,811 [SCMBlockDeletingService#1] DEBUG block.SCMBlockDeletingService (SCMBlockDeletingService.java:call(138)) - Running DeletedBlockTransactionScanner
2019-09-18 13:04:04,811 [SCMBlockDeletingService#1] DEBUG block.SCMBlockDeletingService (SCMBlockDeletingService.java:call(155)) - Scanned deleted blocks log and got 0 delTX to process.
2019-09-18 13:04:04,879 [grpc-default-executor-1] INFO  client.GrpcClientProtocolClient (GrpcClientProtocolClient.java:onNext(264)) - client-DF3A7F9F7866->dd0a3b65-d36c-4f93-b232-3c8e6f6667b6: receive RaftClientReply:client-DF3A7F9F7866->dd0a3b65-d36c-4f93-b232-3c8e6f6667b6@group-B02456D89C11, cid=929, SUCCESS, logIndex=1351, commits[dd0a3b65-d36c-4f93-b232-3c8e6f6667b6:c1354]
2019-09-18 13:04:04,879 [grpc-default-executor-1] INFO  client.GrpcClientProtocolClient (GrpcClientProtocolClient.java:onNext(264)) - client-DF3A7F9F7866->dd0a3b65-d36c-4f93-b232-3c8e6f6667b6: receive RaftClientReply:client-DF3A7F9F7866->dd0a3b65-d36c-4f93-b232-3c8e6f6667b6@group-B02456D89C11, cid=930, SUCCESS, logIndex=1352, commits[dd0a3b65-d36c-4f93-b232-3c8e6f6667b6:c1355]
2019-09-18 13:04:04,880 [grpc-default-executor-1] INFO  client.GrpcClientProtocolClient (GrpcClientProtocolClient.java:onNext(264)) - client-DF3A7F9F7866->dd0a3b65-d36c-4f93-b232-3c8e6f6667b6: receive RaftClientReply:client-DF3A7F9F7866->dd0a3b65-d36c-4f93-b232-3c8e6f6667b6@group-B02456D89C11, cid=931, SUCCESS, logIndex=1353, commits[dd0a3b65-d36c-4f93-b232-3c8e6f6667b6:c1355]
2019-09-18 13:04:04,880 [grpc-default-executor-1] INFO  client.GrpcClientProtocolClient (GrpcClientProtocolClient.java:onNext(264)) - client-DF3A7F9F7866->dd0a3b65-d36c-4f93-b232-3c8e6f6667b6: receive RaftClientReply:client-DF3A7F9F7866->dd0a3b65-d36c-4f93-b232-3c8e6f6667b6@group-B02456D89C11, cid=932, SUCCESS, logIndex=1354, commits[dd0a3b65-d36c-4f93-b232-3c8e6f6667b6:c1355]
2019-09-18 13:04:04,900 [grpc-default-executor-1] INFO  client.GrpcClientProtocolClient (GrpcClientProtocolClient.java:onNext(264)) - client-DF3A7F9F7866->dd0a3b65-d36c-4f93-b232-3c8e6f6667b6: receive RaftClientReply:client-DF3A7F9F7866->dd0a3b65-d36c-4f93-b232-3c8e6f6667b6@group-B02456D89C11, cid=933, SUCCESS, logIndex=1356, commits[dd0a3b65-d36c-4f93-b232-3c8e6f6667b6:c1357]
2019-09-18 13:04:04,900 [grpc-default-executor-1] INFO  client.GrpcClientProtocolClient (GrpcClientProtocolClient.java:onNext(264)) - client-DF3A7F9F7866->dd0a3b65-d36c-4f93-b232-3c8e6f6667b6: receive RaftClientReply:client-DF3A7F9F7866->dd0a3b65-d36c-4f93-b232-3c8e6f6667b6@group-B02456D89C11, cid=934, SUCCESS, logIndex=1357, commits[dd0a3b65-d36c-4f93-b232-3c8e6f6667b6:c1359]
2019-09-18 13:04:04,901 [grpc-default-executor-1] INFO  client.GrpcClientProtocolClient (GrpcClientProtocolClient.java:onNext(264)) - client-DF3A7F9F7866->dd0a3b65-d36c-4f93-b232-3c8e6f6667b6: receive RaftClientReply:client-DF3A7F9F7866->dd0a3b65-d36c-4f93-b232-3c8e6f6667b6@group-B02456D89C11, cid=935, SUCCESS, logIndex=1358, commits[dd0a3b65-d36c-4f93-b232-3c8e6f6667b6:c1360]
2019-09-18 13:04:04,901 [grpc-default-executor-1] INFO  client.GrpcClientProtocolClient (GrpcClientProtocolClient.java:onNext(264)) - client-DF3A7F9F7866->dd0a3b65-d36c-4f93-b232-3c8e6f6667b6: receive RaftClientReply:client-DF3A7F9F7866->dd0a3b65-d36c-4f93-b232-3c8e6f6667b6@group-B02456D89C11, cid=936, SUCCESS, logIndex=1359, commits[dd0a3b65-d36c-4f93-b232-3c8e6f6667b6:c1361]
2019-09-18 13:04:04,912 [SCMBlockDeletingService#1] DEBUG block.SCMBlockDeletingService (SCMBlockDeletingService.java:call(138)) - Running DeletedBlockTransactionScanner
2019-09-18 13:04:04,912 [SCMBlockDeletingService#1] DEBUG block.SCMBlockDeletingService (SCMBlockDeletingService.java:call(155)) - Scanned deleted blocks log and got 0 delTX to process.
2019-09-18 13:04:04,931 [grpc-default-executor-1] INFO  client.GrpcClientProtocolClient (GrpcClientProtocolClient.java:onNext(264)) - client-DF3A7F9F7866->dd0a3b65-d36c-4f93-b232-3c8e6f6667b6: receive RaftClientReply:client-DF3A7F9F7866->dd0a3b65-d36c-4f93-b232-3c8e6f6667b6@group-B02456D89C11, cid=937, SUCCESS, logIndex=1362, commits[dd0a3b65-d36c-4f93-b232-3c8e6f6667b6:c1365]
2019-09-18 13:04:04,932 [grpc-default-executor-1] INFO  client.GrpcClientProtocolClient (GrpcClientProtocolClient.java:onNext(264)) - client-DF3A7F9F7866->dd0a3b65-d36c-4f93-b232-3c8e6f6667b6: receive RaftClientReply:client-DF3A7F9F7866->dd0a3b65-d36c-4f93-b232-3c8e6f6667b6@group-B02456D89C11, cid=938, SUCCESS, logIndex=1363, commits[dd0a3b65-d36c-4f93-b232-3c8e6f6667b6:c1366]
2019-09-18 13:04:04,932 [grpc-default-executor-1] INFO  client.GrpcClientProtocolClient (GrpcClientProtocolClient.java:onNext(264)) - client-DF3A7F9F7866->dd0a3b65-d36c-4f93-b232-3c8e6f6667b6: receive RaftClientReply:client-DF3A7F9F7866->dd0a3b65-d36c-4f93-b232-3c8e6f6667b6@group-B02456D89C11, cid=939, SUCCESS, logIndex=1364, commits[dd0a3b65-d36c-4f93-b232-3c8e6f6667b6:c1366]
2019-09-18 13:04:04,933 [grpc-default-executor-1] INFO  client.GrpcClientProtocolClient (GrpcClientProtocolClient.java:onNext(264)) - client-DF3A7F9F7866->dd0a3b65-d36c-4f93-b232-3c8e6f6667b6: receive RaftClientReply:client-DF3A7F9F7866->dd0a3b65-d36c-4f93-b232-3c8e6f6667b6@group-B02456D89C11, cid=940, SUCCESS, logIndex=1365, commits[dd0a3b65-d36c-4f93-b232-3c8e6f6667b6:c1366]
2019-09-18 13:04:04,944 [grpc-default-executor-0] INFO  client.GrpcClientProtocolClient (GrpcClientProtocolClient.java:onNext(264)) - client-DF3A7F9F7866->dd0a3b65-d36c-4f93-b232-3c8e6f6667b6: receive RaftClientReply:client-DF3A7F9F7866->dd0a3b65-d36c-4f93-b232-3c8e6f6667b6@group-B02456D89C11, cid=941, SUCCESS, logIndex=1367, commits[dd0a3b65-d36c-4f93-b232-3c8e6f6667b6:c1370]
2019-09-18 13:04:04,945 [grpc-default-executor-0] INFO  client.GrpcClientProtocolClient (GrpcClientProtocolClient.java:onNext(264)) - client-DF3A7F9F7866->dd0a3b65-d36c-4f93-b232-3c8e6f6667b6: receive RaftClientReply:client-DF3A7F9F7866->dd0a3b65-d36c-4f93-b232-3c8e6f6667b6@group-B02456D89C11, cid=942, SUCCESS, logIndex=1368, commits[dd0a3b65-d36c-4f93-b232-3c8e6f6667b6:c1371]
2019-09-18 13:04:04,945 [grpc-default-executor-0] INFO  client.GrpcClientProtocolClient (GrpcClientProtocolClient.java:onNext(264)) - client-DF3A7F9F7866->dd0a3b65-d36c-4f93-b232-3c8e6f6667b6: receive RaftClientReply:client-DF3A7F9F7866->dd0a3b65-d36c-4f93-b232-3c8e6f6667b6@group-B02456D89C11, cid=943, SUCCESS, logIndex=1369, commits[dd0a3b65-d36c-4f93-b232-3c8e6f6667b6:c1371]
2019-09-18 13:04:04,946 [grpc-default-executor-0] INFO  client.GrpcClientProtocolClient (GrpcClientProtocolClient.java:onNext(264)) - client-DF3A7F9F7866->dd0a3b65-d36c-4f93-b232-3c8e6f6667b6: receive RaftClientReply:client-DF3A7F9F7866->dd0a3b65-d36c-4f93-b232-3c8e6f6667b6@group-B02456D89C11, cid=944, SUCCESS, logIndex=1370, commits[dd0a3b65-d36c-4f93-b232-3c8e6f6667b6:c1371]
2019-09-18 13:04:04,961 [grpc-default-executor-0] INFO  client.GrpcClientProtocolClient (GrpcClientProtocolClient.java:onNext(264)) - client-DF3A7F9F7866->dd0a3b65-d36c-4f93-b232-3c8e6f6667b6: receive RaftClientReply:client-DF3A7F9F7866->dd0a3b65-d36c-4f93-b232-3c8e6f6667b6@group-B02456D89C11, cid=945, SUCCESS, logIndex=1372, commits[dd0a3b65-d36c-4f93-b232-3c8e6f6667b6:c1373]
2019-09-18 13:04:04,962 [grpc-default-executor-0] INFO  client.GrpcClientProtocolClient (GrpcClientProtocolClient.java:onNext(264)) - client-DF3A7F9F7866->dd0a3b65-d36c-4f93-b232-3c8e6f6667b6: receive RaftClientReply:client-DF3A7F9F7866->dd0a3b65-d36c-4f93-b232-3c8e6f6667b6@group-B02456D89C11, cid=946, SUCCESS, logIndex=1373, commits[dd0a3b65-d36c-4f93-b232-3c8e6f6667b6:c1373]
2019-09-18 13:04:04,981 [grpc-default-executor-0] INFO  client.GrpcClientProtocolClient (GrpcClientProtocolClient.java:onNext(264)) - client-DF3A7F9F7866->dd0a3b65-d36c-4f93-b232-3c8e6f6667b6: receive RaftClientReply:client-DF3A7F9F7866->dd0a3b65-d36c-4f93-b232-3c8e6f6667b6@group-B02456D89C11, cid=947, SUCCESS, logIndex=1374, commits[dd0a3b65-d36c-4f93-b232-3c8e6f6667b6:c1376]
2019-09-18 13:04:04,981 [grpc-default-executor-0] INFO  client.GrpcClientProtocolClient (GrpcClientProtocolClient.java:onNext(264)) - client-DF3A7F9F7866->dd0a3b65-d36c-4f93-b232-3c8e6f6667b6: receive RaftClientReply:client-DF3A7F9F7866->dd0a3b65-d36c-4f93-b232-3c8e6f6667b6@group-B02456D89C11, cid=948, SUCCESS, logIndex=1376, commits[dd0a3b65-d36c-4f93-b232-3c8e6f6667b6:c1376]
2019-09-18 13:04:05,008 [grpc-default-executor-1] INFO  client.GrpcClientProtocolClient (GrpcClientProtocolClient.java:onNext(264)) - client-DF3A7F9F7866->dd0a3b65-d36c-4f93-b232-3c8e6f6667b6: receive RaftClientReply:client-DF3A7F9F7866->dd0a3b65-d36c-4f93-b232-3c8e6f6667b6@group-B02456D89C11, cid=949, SUCCESS, logIndex=1378, commits[dd0a3b65-d36c-4f93-b232-3c8e6f6667b6:c1381]
2019-09-18 13:04:05,008 [grpc-default-executor-1] INFO  client.GrpcClientProtocolClient (GrpcClientProtocolClient.java:onNext(264)) - client-DF3A7F9F7866->dd0a3b65-d36c-4f93-b232-3c8e6f6667b6: receive RaftClientReply:client-DF3A7F9F7866->dd0a3b65-d36c-4f93-b232-3c8e6f6667b6@group-B02456D89C11, cid=950, SUCCESS, logIndex=1379, commits[dd0a3b65-d36c-4f93-b232-3c8e6f6667b6:c1382]
2019-09-18 13:04:05,009 [grpc-default-executor-1] INFO  client.GrpcClientProtocolClient (GrpcClientProtocolClient.java:onNext(264)) - client-DF3A7F9F7866->dd0a3b65-d36c-4f93-b232-3c8e6f6667b6: receive RaftClientReply:client-DF3A7F9F7866->dd0a3b65-d36c-4f93-b232-3c8e6f6667b6@group-B02456D89C11, cid=951, SUCCESS, logIndex=1380, commits[dd0a3b65-d36c-4f93-b232-3c8e6f6667b6:c1382]
2019-09-18 13:04:05,009 [grpc-default-executor-1] INFO  client.GrpcClientProtocolClient (GrpcClientProtocolClient.java:onNext(264)) - client-DF3A7F9F7866->dd0a3b65-d36c-4f93-b232-3c8e6f6667b6: receive RaftClientReply:client-DF3A7F9F7866->dd0a3b65-d36c-4f93-b232-3c8e6f6667b6@group-B02456D89C11, cid=952, SUCCESS, logIndex=1381, commits[dd0a3b65-d36c-4f93-b232-3c8e6f6667b6:c1382]
2019-09-18 13:04:05,013 [SCMBlockDeletingService#1] DEBUG block.SCMBlockDeletingService (SCMBlockDeletingService.java:call(138)) - Running DeletedBlockTransactionScanner
2019-09-18 13:04:05,013 [SCMBlockDeletingService#1] DEBUG block.SCMBlockDeletingService (SCMBlockDeletingService.java:call(155)) - Scanned deleted blocks log and got 0 delTX to process.
2019-09-18 13:04:05,039 [grpc-default-executor-0] INFO  client.GrpcClientProtocolClient (GrpcClientProtocolClient.java:onNext(264)) - client-DF3A7F9F7866->dd0a3b65-d36c-4f93-b232-3c8e6f6667b6: receive RaftClientReply:client-DF3A7F9F7866->dd0a3b65-d36c-4f93-b232-3c8e6f6667b6@group-B02456D89C11, cid=953, SUCCESS, logIndex=1383, commits[dd0a3b65-d36c-4f93-b232-3c8e6f6667b6:c1386]
2019-09-18 13:04:05,040 [grpc-default-executor-0] INFO  client.GrpcClientProtocolClient (GrpcClientProtocolClient.java:onNext(264)) - client-DF3A7F9F7866->dd0a3b65-d36c-4f93-b232-3c8e6f6667b6: receive RaftClientReply:client-DF3A7F9F7866->dd0a3b65-d36c-4f93-b232-3c8e6f6667b6@group-B02456D89C11, cid=954, SUCCESS, logIndex=1384, commits[dd0a3b65-d36c-4f93-b232-3c8e6f6667b6:c1387]
2019-09-18 13:04:05,040 [grpc-default-executor-0] INFO  client.GrpcClientProtocolClient (GrpcClientProtocolClient.java:onNext(264)) - client-DF3A7F9F7866->dd0a3b65-d36c-4f93-b232-3c8e6f6667b6: receive RaftClientReply:client-DF3A7F9F7866->dd0a3b65-d36c-4f93-b232-3c8e6f6667b6@group-B02456D89C11, cid=955, SUCCESS, logIndex=1385, commits[dd0a3b65-d36c-4f93-b232-3c8e6f6667b6:c1387]
2019-09-18 13:04:05,040 [grpc-default-executor-0] INFO  client.GrpcClientProtocolClient (GrpcClientProtocolClient.java:onNext(264)) - client-DF3A7F9F7866->dd0a3b65-d36c-4f93-b232-3c8e6f6667b6: receive RaftClientReply:client-DF3A7F9F7866->dd0a3b65-d36c-4f93-b232-3c8e6f6667b6@group-B02456D89C11, cid=956, SUCCESS, logIndex=1386, commits[dd0a3b65-d36c-4f93-b232-3c8e6f6667b6:c1387]
2019-09-18 13:04:05,060 [grpc-default-executor-0] INFO  client.GrpcClientProtocolClient (GrpcClientProtocolClient.java:onNext(264)) - client-DF3A7F9F7866->dd0a3b65-d36c-4f93-b232-3c8e6f6667b6: receive RaftClientReply:client-DF3A7F9F7866->dd0a3b65-d36c-4f93-b232-3c8e6f6667b6@group-B02456D89C11, cid=957, SUCCESS, logIndex=1388, commits[dd0a3b65-d36c-4f93-b232-3c8e6f6667b6:c1389]
2019-09-18 13:04:05,061 [grpc-default-executor-0] INFO  client.GrpcClientProtocolClient (GrpcClientProtocolClient.java:onNext(264)) - client-DF3A7F9F7866->dd0a3b65-d36c-4f93-b232-3c8e6f6667b6: receive RaftClientReply:client-DF3A7F9F7866->dd0a3b65-d36c-4f93-b232-3c8e6f6667b6@group-B02456D89C11, cid=958, SUCCESS, logIndex=1389, commits[dd0a3b65-d36c-4f93-b232-3c8e6f6667b6:c1391]
2019-09-18 13:04:05,061 [grpc-default-executor-0] INFO  client.GrpcClientProtocolClient (GrpcClientProtocolClient.java:onNext(264)) - client-DF3A7F9F7866->dd0a3b65-d36c-4f93-b232-3c8e6f6667b6: receive RaftClientReply:client-DF3A7F9F7866->dd0a3b65-d36c-4f93-b232-3c8e6f6667b6@group-B02456D89C11, cid=959, SUCCESS, logIndex=1390, commits[dd0a3b65-d36c-4f93-b232-3c8e6f6667b6:c1392]
2019-09-18 13:04:05,061 [grpc-default-executor-0] INFO  client.GrpcClientProtocolClient (GrpcClientProtocolClient.java:onNext(264)) - client-DF3A7F9F7866->dd0a3b65-d36c-4f93-b232-3c8e6f6667b6: receive RaftClientReply:client-DF3A7F9F7866->dd0a3b65-d36c-4f93-b232-3c8e6f6667b6@group-B02456D89C11, cid=960, SUCCESS, logIndex=1391, commits[dd0a3b65-d36c-4f93-b232-3c8e6f6667b6:c1393]
2019-09-18 13:04:05,090 [grpc-default-executor-1] INFO  client.GrpcClientProtocolClient (GrpcClientProtocolClient.java:onNext(264)) - client-DF3A7F9F7866->dd0a3b65-d36c-4f93-b232-3c8e6f6667b6: receive RaftClientReply:client-DF3A7F9F7866->dd0a3b65-d36c-4f93-b232-3c8e6f6667b6@group-B02456D89C11, cid=961, SUCCESS, logIndex=1394, commits[dd0a3b65-d36c-4f93-b232-3c8e6f6667b6:c1395]
2019-09-18 13:04:05,091 [grpc-default-executor-1] INFO  client.GrpcClientProtocolClient (GrpcClientProtocolClient.java:onNext(264)) - client-DF3A7F9F7866->dd0a3b65-d36c-4f93-b232-3c8e6f6667b6: receive RaftClientReply:client-DF3A7F9F7866->dd0a3b65-d36c-4f93-b232-3c8e6f6667b6@group-B02456D89C11, cid=962, SUCCESS, logIndex=1395, commits[dd0a3b65-d36c-4f93-b232-3c8e6f6667b6:c1397]
2019-09-18 13:04:05,091 [grpc-default-executor-1] INFO  client.GrpcClientProtocolClient (GrpcClientProtocolClient.java:onNext(264)) - client-DF3A7F9F7866->dd0a3b65-d36c-4f93-b232-3c8e6f6667b6: receive RaftClientReply:client-DF3A7F9F7866->dd0a3b65-d36c-4f93-b232-3c8e6f6667b6@group-B02456D89C11, cid=963, SUCCESS, logIndex=1396, commits[dd0a3b65-d36c-4f93-b232-3c8e6f6667b6:c1398]
2019-09-18 13:04:05,092 [grpc-default-executor-1] INFO  client.GrpcClientProtocolClient (GrpcClientProtocolClient.java:onNext(264)) - client-DF3A7F9F7866->dd0a3b65-d36c-4f93-b232-3c8e6f6667b6: receive RaftClientReply:client-DF3A7F9F7866->dd0a3b65-d36c-4f93-b232-3c8e6f6667b6@group-B02456D89C11, cid=964, SUCCESS, logIndex=1397, commits[dd0a3b65-d36c-4f93-b232-3c8e6f6667b6:c1398]
2019-09-18 13:04:05,112 [grpc-default-executor-1] INFO  client.GrpcClientProtocolClient (GrpcClientProtocolClient.java:onNext(264)) - client-DF3A7F9F7866->dd0a3b65-d36c-4f93-b232-3c8e6f6667b6: receive RaftClientReply:client-DF3A7F9F7866->dd0a3b65-d36c-4f93-b232-3c8e6f6667b6@group-B02456D89C11, cid=965, SUCCESS, logIndex=1400, commits[dd0a3b65-d36c-4f93-b232-3c8e6f6667b6:c1401]
2019-09-18 13:04:05,112 [grpc-default-executor-1] INFO  client.GrpcClientProtocolClient (GrpcClientProtocolClient.java:onNext(264)) - client-DF3A7F9F7866->dd0a3b65-d36c-4f93-b232-3c8e6f6667b6: receive RaftClientReply:client-DF3A7F9F7866->dd0a3b65-d36c-4f93-b232-3c8e6f6667b6@group-B02456D89C11, cid=966, SUCCESS, logIndex=1401, commits[dd0a3b65-d36c-4f93-b232-3c8e6f6667b6:c1403]
2019-09-18 13:04:05,113 [grpc-default-executor-1] INFO  client.GrpcClientProtocolClient (GrpcClientProtocolClient.java:onNext(264)) - client-DF3A7F9F7866->dd0a3b65-d36c-4f93-b232-3c8e6f6667b6: receive RaftClientReply:client-DF3A7F9F7866->dd0a3b65-d36c-4f93-b232-3c8e6f6667b6@group-B02456D89C11, cid=967, SUCCESS, logIndex=1402, commits[dd0a3b65-d36c-4f93-b232-3c8e6f6667b6:c1404]
2019-09-18 13:04:05,113 [SCMBlockDeletingService#0] DEBUG block.SCMBlockDeletingService (SCMBlockDeletingService.java:call(138)) - Running DeletedBlockTransactionScanner
2019-09-18 13:04:05,113 [grpc-default-executor-1] INFO  client.GrpcClientProtocolClient (GrpcClientProtocolClient.java:onNext(264)) - client-DF3A7F9F7866->dd0a3b65-d36c-4f93-b232-3c8e6f6667b6: receive RaftClientReply:client-DF3A7F9F7866->dd0a3b65-d36c-4f93-b232-3c8e6f6667b6@group-B02456D89C11, cid=968, SUCCESS, logIndex=1403, commits[dd0a3b65-d36c-4f93-b232-3c8e6f6667b6:c1405]
2019-09-18 13:04:05,113 [SCMBlockDeletingService#0] DEBUG block.SCMBlockDeletingService (SCMBlockDeletingService.java:call(155)) - Scanned deleted blocks log and got 0 delTX to process.
2019-09-18 13:04:05,142 [grpc-default-executor-0] INFO  client.GrpcClientProtocolClient (GrpcClientProtocolClient.java:onNext(264)) - client-DF3A7F9F7866->dd0a3b65-d36c-4f93-b232-3c8e6f6667b6: receive RaftClientReply:client-DF3A7F9F7866->dd0a3b65-d36c-4f93-b232-3c8e6f6667b6@group-B02456D89C11, cid=969, SUCCESS, logIndex=1406, commits[dd0a3b65-d36c-4f93-b232-3c8e6f6667b6:c1407]
2019-09-18 13:04:05,258 [SCMBlockDeletingService#0] DEBUG block.SCMBlockDeletingService (SCMBlockDeletingService.java:call(138)) - Running DeletedBlockTransactionScanner
2019-09-18 13:04:05,259 [SCMBlockDeletingService#0] DEBUG block.SCMBlockDeletingService (SCMBlockDeletingService.java:call(155)) - Scanned deleted blocks log and got 0 delTX to process.
2019-09-18 13:04:05,259 [grpc-default-executor-0] INFO  client.GrpcClientProtocolClient (GrpcClientProtocolClient.java:onNext(264)) - client-DF3A7F9F7866->dd0a3b65-d36c-4f93-b232-3c8e6f6667b6: receive RaftClientReply:client-DF3A7F9F7866->dd0a3b65-d36c-4f93-b232-3c8e6f6667b6@group-B02456D89C11, cid=970, SUCCESS, logIndex=1407, commits[dd0a3b65-d36c-4f93-b232-3c8e6f6667b6:c1409]
2019-09-18 13:04:05,260 [grpc-default-executor-0] INFO  client.GrpcClientProtocolClient (GrpcClientProtocolClient.java:onNext(264)) - client-DF3A7F9F7866->dd0a3b65-d36c-4f93-b232-3c8e6f6667b6: receive RaftClientReply:client-DF3A7F9F7866->dd0a3b65-d36c-4f93-b232-3c8e6f6667b6@group-B02456D89C11, cid=971, SUCCESS, logIndex=1408, commits[dd0a3b65-d36c-4f93-b232-3c8e6f6667b6:c1410]
2019-09-18 13:04:05,260 [grpc-default-executor-0] INFO  client.GrpcClientProtocolClient (GrpcClientProtocolClient.java:onNext(264)) - client-DF3A7F9F7866->dd0a3b65-d36c-4f93-b232-3c8e6f6667b6: receive RaftClientReply:client-DF3A7F9F7866->dd0a3b65-d36c-4f93-b232-3c8e6f6667b6@group-B02456D89C11, cid=972, SUCCESS, logIndex=1409, commits[dd0a3b65-d36c-4f93-b232-3c8e6f6667b6:c1411]
2019-09-18 13:04:05,359 [SCMBlockDeletingService#0] DEBUG block.SCMBlockDeletingService (SCMBlockDeletingService.java:call(138)) - Running DeletedBlockTransactionScanner
2019-09-18 13:04:05,360 [SCMBlockDeletingService#0] DEBUG block.SCMBlockDeletingService (SCMBlockDeletingService.java:call(155)) - Scanned deleted blocks log and got 0 delTX to process.
2019-09-18 13:04:05,414 [grpc-default-executor-0] INFO  client.GrpcClientProtocolClient (GrpcClientProtocolClient.java:onNext(264)) - client-DF3A7F9F7866->dd0a3b65-d36c-4f93-b232-3c8e6f6667b6: receive RaftClientReply:client-DF3A7F9F7866->dd0a3b65-d36c-4f93-b232-3c8e6f6667b6@group-B02456D89C11, cid=973, SUCCESS, logIndex=1412, commits[dd0a3b65-d36c-4f93-b232-3c8e6f6667b6:c1413]
2019-09-18 13:04:05,415 [grpc-default-executor-0] INFO  client.GrpcClientProtocolClient (GrpcClientProtocolClient.java:onNext(264)) - client-DF3A7F9F7866->dd0a3b65-d36c-4f93-b232-3c8e6f6667b6: receive RaftClientReply:client-DF3A7F9F7866->dd0a3b65-d36c-4f93-b232-3c8e6f6667b6@group-B02456D89C11, cid=974, SUCCESS, logIndex=1413, commits[dd0a3b65-d36c-4f93-b232-3c8e6f6667b6:c1413]
2019-09-18 13:04:05,416 [grpc-default-executor-0] INFO  client.GrpcClientProtocolClient (GrpcClientProtocolClient.java:onNext(264)) - client-DF3A7F9F7866->dd0a3b65-d36c-4f93-b232-3c8e6f6667b6: receive RaftClientReply:client-DF3A7F9F7866->dd0a3b65-d36c-4f93-b232-3c8e6f6667b6@group-B02456D89C11, cid=975, SUCCESS, logIndex=1414, commits[dd0a3b65-d36c-4f93-b232-3c8e6f6667b6:c1415]
2019-09-18 13:04:05,417 [grpc-default-executor-0] INFO  client.GrpcClientProtocolClient (GrpcClientProtocolClient.java:onNext(264)) - client-DF3A7F9F7866->dd0a3b65-d36c-4f93-b232-3c8e6f6667b6: receive RaftClientReply:client-DF3A7F9F7866->dd0a3b65-d36c-4f93-b232-3c8e6f6667b6@group-B02456D89C11, cid=976, SUCCESS, logIndex=1415, commits[dd0a3b65-d36c-4f93-b232-3c8e6f6667b6:c1415]
2019-09-18 13:04:05,446 [grpc-default-executor-0] INFO  client.GrpcClientProtocolClient (GrpcClientProtocolClient.java:onNext(264)) - client-DF3A7F9F7866->dd0a3b65-d36c-4f93-b232-3c8e6f6667b6: receive RaftClientReply:client-DF3A7F9F7866->dd0a3b65-d36c-4f93-b232-3c8e6f6667b6@group-B02456D89C11, cid=977, SUCCESS, logIndex=1418, commits[dd0a3b65-d36c-4f93-b232-3c8e6f6667b6:c1419]
2019-09-18 13:04:05,447 [grpc-default-executor-0] INFO  client.GrpcClientProtocolClient (GrpcClientProtocolClient.java:onNext(264)) - client-DF3A7F9F7866->dd0a3b65-d36c-4f93-b232-3c8e6f6667b6: receive RaftClientReply:client-DF3A7F9F7866->dd0a3b65-d36c-4f93-b232-3c8e6f6667b6@group-B02456D89C11, cid=978, SUCCESS, logIndex=1419, commits[dd0a3b65-d36c-4f93-b232-3c8e6f6667b6:c1421]
2019-09-18 13:04:05,447 [grpc-default-executor-0] INFO  client.GrpcClientProtocolClient (GrpcClientProtocolClient.java:onNext(264)) - client-DF3A7F9F7866->dd0a3b65-d36c-4f93-b232-3c8e6f6667b6: receive RaftClientReply:client-DF3A7F9F7866->dd0a3b65-d36c-4f93-b232-3c8e6f6667b6@group-B02456D89C11, cid=979, SUCCESS, logIndex=1420, commits[dd0a3b65-d36c-4f93-b232-3c8e6f6667b6:c1422]
2019-09-18 13:04:05,448 [grpc-default-executor-0] INFO  client.GrpcClientProtocolClient (GrpcClientProtocolClient.java:onNext(264)) - client-DF3A7F9F7866->dd0a3b65-d36c-4f93-b232-3c8e6f6667b6: receive RaftClientReply:client-DF3A7F9F7866->dd0a3b65-d36c-4f93-b232-3c8e6f6667b6@group-B02456D89C11, cid=980, SUCCESS, logIndex=1421, commits[dd0a3b65-d36c-4f93-b232-3c8e6f6667b6:c1423]
2019-09-18 13:04:05,460 [SCMBlockDeletingService#0] DEBUG block.SCMBlockDeletingService (SCMBlockDeletingService.java:call(138)) - Running DeletedBlockTransactionScanner
2019-09-18 13:04:05,460 [SCMBlockDeletingService#0] DEBUG block.SCMBlockDeletingService (SCMBlockDeletingService.java:call(155)) - Scanned deleted blocks log and got 0 delTX to process.
2019-09-18 13:04:05,469 [grpc-default-executor-0] INFO  client.GrpcClientProtocolClient (GrpcClientProtocolClient.java:onNext(264)) - client-DF3A7F9F7866->dd0a3b65-d36c-4f93-b232-3c8e6f6667b6: receive RaftClientReply:client-DF3A7F9F7866->dd0a3b65-d36c-4f93-b232-3c8e6f6667b6@group-B02456D89C11, cid=981, SUCCESS, logIndex=1424, commits[dd0a3b65-d36c-4f93-b232-3c8e6f6667b6:c1425]
2019-09-18 13:04:05,470 [grpc-default-executor-0] INFO  client.GrpcClientProtocolClient (GrpcClientProtocolClient.java:onNext(264)) - client-DF3A7F9F7866->dd0a3b65-d36c-4f93-b232-3c8e6f6667b6: receive RaftClientReply:client-DF3A7F9F7866->dd0a3b65-d36c-4f93-b232-3c8e6f6667b6@group-B02456D89C11, cid=982, SUCCESS, logIndex=1425, commits[dd0a3b65-d36c-4f93-b232-3c8e6f6667b6:c1427]
2019-09-18 13:04:05,470 [grpc-default-executor-0] INFO  client.GrpcClientProtocolClient (GrpcClientProtocolClient.java:onNext(264)) - client-DF3A7F9F7866->dd0a3b65-d36c-4f93-b232-3c8e6f6667b6: receive RaftClientReply:client-DF3A7F9F7866->dd0a3b65-d36c-4f93-b232-3c8e6f6667b6@group-B02456D89C11, cid=983, SUCCESS, logIndex=1426, commits[dd0a3b65-d36c-4f93-b232-3c8e6f6667b6:c1428]
2019-09-18 13:04:05,471 [grpc-default-executor-0] INFO  client.GrpcClientProtocolClient (GrpcClientProtocolClient.java:onNext(264)) - client-DF3A7F9F7866->dd0a3b65-d36c-4f93-b232-3c8e6f6667b6: receive RaftClientReply:client-DF3A7F9F7866->dd0a3b65-d36c-4f93-b232-3c8e6f6667b6@group-B02456D89C11, cid=984, SUCCESS, logIndex=1427, commits[dd0a3b65-d36c-4f93-b232-3c8e6f6667b6:c1429]
2019-09-18 13:04:05,500 [grpc-default-executor-0] INFO  client.GrpcClientProtocolClient (GrpcClientProtocolClient.java:onNext(264)) - client-DF3A7F9F7866->dd0a3b65-d36c-4f93-b232-3c8e6f6667b6: receive RaftClientReply:client-DF3A7F9F7866->dd0a3b65-d36c-4f93-b232-3c8e6f6667b6@group-B02456D89C11, cid=985, SUCCESS, logIndex=1430, commits[dd0a3b65-d36c-4f93-b232-3c8e6f6667b6:c1431]
2019-09-18 13:04:05,504 [grpc-default-executor-0] INFO  client.GrpcClientProtocolClient (GrpcClientProtocolClient.java:onNext(264)) - client-DF3A7F9F7866->dd0a3b65-d36c-4f93-b232-3c8e6f6667b6: receive RaftClientReply:client-DF3A7F9F7866->dd0a3b65-d36c-4f93-b232-3c8e6f6667b6@group-B02456D89C11, cid=986, SUCCESS, logIndex=1431, commits[dd0a3b65-d36c-4f93-b232-3c8e6f6667b6:c1434]
2019-09-18 13:04:05,505 [grpc-default-executor-0] INFO  client.GrpcClientProtocolClient (GrpcClientProtocolClient.java:onNext(264)) - client-DF3A7F9F7866->dd0a3b65-d36c-4f93-b232-3c8e6f6667b6: receive RaftClientReply:client-DF3A7F9F7866->dd0a3b65-d36c-4f93-b232-3c8e6f6667b6@group-B02456D89C11, cid=987, SUCCESS, logIndex=1432, commits[dd0a3b65-d36c-4f93-b232-3c8e6f6667b6:c1434]
2019-09-18 13:04:05,506 [grpc-default-executor-0] INFO  client.GrpcClientProtocolClient (GrpcClientProtocolClient.java:onNext(264)) - client-DF3A7F9F7866->dd0a3b65-d36c-4f93-b232-3c8e6f6667b6: receive RaftClientReply:client-DF3A7F9F7866->dd0a3b65-d36c-4f93-b232-3c8e6f6667b6@group-B02456D89C11, cid=988, SUCCESS, logIndex=1433, commits[dd0a3b65-d36c-4f93-b232-3c8e6f6667b6:c1435]
2019-09-18 13:04:05,532 [grpc-default-executor-1] INFO  client.GrpcClientProtocolClient (GrpcClientProtocolClient.java:onNext(264)) - client-DF3A7F9F7866->dd0a3b65-d36c-4f93-b232-3c8e6f6667b6: receive RaftClientReply:client-DF3A7F9F7866->dd0a3b65-d36c-4f93-b232-3c8e6f6667b6@group-B02456D89C11, cid=989, SUCCESS, logIndex=1436, commits[dd0a3b65-d36c-4f93-b232-3c8e6f6667b6:c1437]
2019-09-18 13:04:05,532 [grpc-default-executor-1] INFO  client.GrpcClientProtocolClient (GrpcClientProtocolClient.java:onNext(264)) - client-DF3A7F9F7866->dd0a3b65-d36c-4f93-b232-3c8e6f6667b6: receive RaftClientReply:client-DF3A7F9F7866->dd0a3b65-d36c-4f93-b232-3c8e6f6667b6@group-B02456D89C11, cid=990, SUCCESS, logIndex=1437, commits[dd0a3b65-d36c-4f93-b232-3c8e6f6667b6:c1437]
2019-09-18 13:04:05,542 [grpc-default-executor-1] INFO  client.GrpcClientProtocolClient (GrpcClientProtocolClient.java:onNext(264)) - client-DF3A7F9F7866->dd0a3b65-d36c-4f93-b232-3c8e6f6667b6: receive RaftClientReply:client-DF3A7F9F7866->dd0a3b65-d36c-4f93-b232-3c8e6f6667b6@group-B02456D89C11, cid=991, SUCCESS, logIndex=1438, commits[dd0a3b65-d36c-4f93-b232-3c8e6f6667b6:c1438]
2019-09-18 13:04:05,542 [grpc-default-executor-1] INFO  client.GrpcClientProtocolClient (GrpcClientProtocolClient.java:onNext(264)) - client-DF3A7F9F7866->dd0a3b65-d36c-4f93-b232-3c8e6f6667b6: receive RaftClientReply:client-DF3A7F9F7866->dd0a3b65-d36c-4f93-b232-3c8e6f6667b6@group-B02456D89C11, cid=992, SUCCESS, logIndex=1440, commits[dd0a3b65-d36c-4f93-b232-3c8e6f6667b6:c1440]
2019-09-18 13:04:05,561 [SCMBlockDeletingService#0] DEBUG block.SCMBlockDeletingService (SCMBlockDeletingService.java:call(138)) - Running DeletedBlockTransactionScanner
2019-09-18 13:04:05,562 [SCMBlockDeletingService#0] DEBUG block.SCMBlockDeletingService (SCMBlockDeletingService.java:call(155)) - Scanned deleted blocks log and got 0 delTX to process.
2019-09-18 13:04:05,577 [grpc-default-executor-0] INFO  client.GrpcClientProtocolClient (GrpcClientProtocolClient.java:onNext(264)) - client-DF3A7F9F7866->dd0a3b65-d36c-4f93-b232-3c8e6f6667b6: receive RaftClientReply:client-DF3A7F9F7866->dd0a3b65-d36c-4f93-b232-3c8e6f6667b6@group-B02456D89C11, cid=993, SUCCESS, logIndex=1443, commits[dd0a3b65-d36c-4f93-b232-3c8e6f6667b6:c1444]
2019-09-18 13:04:05,578 [grpc-default-executor-0] INFO  client.GrpcClientProtocolClient (GrpcClientProtocolClient.java:onNext(264)) - client-DF3A7F9F7866->dd0a3b65-d36c-4f93-b232-3c8e6f6667b6: receive RaftClientReply:client-DF3A7F9F7866->dd0a3b65-d36c-4f93-b232-3c8e6f6667b6@group-B02456D89C11, cid=994, SUCCESS, logIndex=1444, commits[dd0a3b65-d36c-4f93-b232-3c8e6f6667b6:c1446]
2019-09-18 13:04:05,578 [grpc-default-executor-0] INFO  client.GrpcClientProtocolClient (GrpcClientProtocolClient.java:onNext(264)) - client-DF3A7F9F7866->dd0a3b65-d36c-4f93-b232-3c8e6f6667b6: receive RaftClientReply:client-DF3A7F9F7866->dd0a3b65-d36c-4f93-b232-3c8e6f6667b6@group-B02456D89C11, cid=995, SUCCESS, logIndex=1445, commits[dd0a3b65-d36c-4f93-b232-3c8e6f6667b6:c1446]
2019-09-18 13:04:05,579 [grpc-default-executor-0] INFO  client.GrpcClientProtocolClient (GrpcClientProtocolClient.java:onNext(264)) - client-DF3A7F9F7866->dd0a3b65-d36c-4f93-b232-3c8e6f6667b6: receive RaftClientReply:client-DF3A7F9F7866->dd0a3b65-d36c-4f93-b232-3c8e6f6667b6@group-B02456D89C11, cid=996, SUCCESS, logIndex=1446, commits[dd0a3b65-d36c-4f93-b232-3c8e6f6667b6:c1447]
2019-09-18 13:04:05,599 [grpc-default-executor-1] INFO  client.GrpcClientProtocolClient (GrpcClientProtocolClient.java:onNext(264)) - client-DF3A7F9F7866->dd0a3b65-d36c-4f93-b232-3c8e6f6667b6: receive RaftClientReply:client-DF3A7F9F7866->dd0a3b65-d36c-4f93-b232-3c8e6f6667b6@group-B02456D89C11, cid=997, SUCCESS, logIndex=1449, commits[dd0a3b65-d36c-4f93-b232-3c8e6f6667b6:c1450]
2019-09-18 13:04:05,600 [grpc-default-executor-1] INFO  client.GrpcClientProtocolClient (GrpcClientProtocolClient.java:onNext(264)) - client-DF3A7F9F7866->dd0a3b65-d36c-4f93-b232-3c8e6f6667b6: receive RaftClientReply:client-DF3A7F9F7866->dd0a3b65-d36c-4f93-b232-3c8e6f6667b6@group-B02456D89C11, cid=998, SUCCESS, logIndex=1450, commits[dd0a3b65-d36c-4f93-b232-3c8e6f6667b6:c1452]
2019-09-18 13:04:05,600 [grpc-default-executor-1] INFO  client.GrpcClientProtocolClient (GrpcClientProtocolClient.java:onNext(264)) - client-DF3A7F9F7866->dd0a3b65-d36c-4f93-b232-3c8e6f6667b6: receive RaftClientReply:client-DF3A7F9F7866->dd0a3b65-d36c-4f93-b232-3c8e6f6667b6@group-B02456D89C11, cid=999, SUCCESS, logIndex=1451, commits[dd0a3b65-d36c-4f93-b232-3c8e6f6667b6:c1452]
2019-09-18 13:04:05,601 [grpc-default-executor-1] INFO  client.GrpcClientProtocolClient (GrpcClientProtocolClient.java:onNext(264)) - client-DF3A7F9F7866->dd0a3b65-d36c-4f93-b232-3c8e6f6667b6: receive RaftClientReply:client-DF3A7F9F7866->dd0a3b65-d36c-4f93-b232-3c8e6f6667b6@group-B02456D89C11, cid=1000, SUCCESS, logIndex=1452, commits[dd0a3b65-d36c-4f93-b232-3c8e6f6667b6:c1453]
2019-09-18 13:04:05,628 [grpc-default-executor-1] INFO  client.GrpcClientProtocolClient (GrpcClientProtocolClient.java:onNext(264)) - client-DF3A7F9F7866->dd0a3b65-d36c-4f93-b232-3c8e6f6667b6: receive RaftClientReply:client-DF3A7F9F7866->dd0a3b65-d36c-4f93-b232-3c8e6f6667b6@group-B02456D89C11, cid=1001, SUCCESS, logIndex=1455, commits[dd0a3b65-d36c-4f93-b232-3c8e6f6667b6:c1456]
2019-09-18 13:04:05,629 [grpc-default-executor-1] INFO  client.GrpcClientProtocolClient (GrpcClientProtocolClient.java:onNext(264)) - client-DF3A7F9F7866->dd0a3b65-d36c-4f93-b232-3c8e6f6667b6: receive RaftClientReply:client-DF3A7F9F7866->dd0a3b65-d36c-4f93-b232-3c8e6f6667b6@group-B02456D89C11, cid=1002, SUCCESS, logIndex=1456, commits[dd0a3b65-d36c-4f93-b232-3c8e6f6667b6:c1458]
2019-09-18 13:04:05,629 [grpc-default-executor-1] INFO  client.GrpcClientProtocolClient (GrpcClientProtocolClient.java:onNext(264)) - client-DF3A7F9F7866->dd0a3b65-d36c-4f93-b232-3c8e6f6667b6: receive RaftClientReply:client-DF3A7F9F7866->dd0a3b65-d36c-4f93-b232-3c8e6f6667b6@group-B02456D89C11, cid=1003, SUCCESS, logIndex=1457, commits[dd0a3b65-d36c-4f93-b232-3c8e6f6667b6:c1458]
2019-09-18 13:04:05,629 [grpc-default-executor-1] INFO  client.GrpcClientProtocolClient (GrpcClientProtocolClient.java:onNext(264)) - client-DF3A7F9F7866->dd0a3b65-d36c-4f93-b232-3c8e6f6667b6: receive RaftClientReply:client-DF3A7F9F7866->dd0a3b65-d36c-4f93-b232-3c8e6f6667b6@group-B02456D89C11, cid=1004, SUCCESS, logIndex=1458, commits[dd0a3b65-d36c-4f93-b232-3c8e6f6667b6:c1459]
2019-09-18 13:04:05,650 [grpc-default-executor-1] INFO  client.GrpcClientProtocolClient (GrpcClientProtocolClient.java:onNext(264)) - client-DF3A7F9F7866->dd0a3b65-d36c-4f93-b232-3c8e6f6667b6: receive RaftClientReply:client-DF3A7F9F7866->dd0a3b65-d36c-4f93-b232-3c8e6f6667b6@group-B02456D89C11, cid=1005, SUCCESS, logIndex=1461, commits[dd0a3b65-d36c-4f93-b232-3c8e6f6667b6:c1464]
2019-09-18 13:04:05,651 [grpc-default-executor-1] INFO  client.GrpcClientProtocolClient (GrpcClientProtocolClient.java:onNext(264)) - client-DF3A7F9F7866->dd0a3b65-d36c-4f93-b232-3c8e6f6667b6: receive RaftClientReply:client-DF3A7F9F7866->dd0a3b65-d36c-4f93-b232-3c8e6f6667b6@group-B02456D89C11, cid=1006, SUCCESS, logIndex=1462, commits[dd0a3b65-d36c-4f93-b232-3c8e6f6667b6:c1465]
2019-09-18 13:04:05,651 [grpc-default-executor-1] INFO  client.GrpcClientProtocolClient (GrpcClientProtocolClient.java:onNext(264)) - client-DF3A7F9F7866->dd0a3b65-d36c-4f93-b232-3c8e6f6667b6: receive RaftClientReply:client-DF3A7F9F7866->dd0a3b65-d36c-4f93-b232-3c8e6f6667b6@group-B02456D89C11, cid=1007, SUCCESS, logIndex=1463, commits[dd0a3b65-d36c-4f93-b232-3c8e6f6667b6:c1465]
2019-09-18 13:04:05,651 [grpc-default-executor-1] INFO  client.GrpcClientProtocolClient (GrpcClientProtocolClient.java:onNext(264)) - client-DF3A7F9F7866->dd0a3b65-d36c-4f93-b232-3c8e6f6667b6: receive RaftClientReply:client-DF3A7F9F7866->dd0a3b65-d36c-4f93-b232-3c8e6f6667b6@group-B02456D89C11, cid=1008, SUCCESS, logIndex=1464, commits[dd0a3b65-d36c-4f93-b232-3c8e6f6667b6:c1465]
2019-09-18 13:04:05,662 [SCMBlockDeletingService#0] DEBUG block.SCMBlockDeletingService (SCMBlockDeletingService.java:call(138)) - Running DeletedBlockTransactionScanner
2019-09-18 13:04:05,662 [SCMBlockDeletingService#0] DEBUG block.SCMBlockDeletingService (SCMBlockDeletingService.java:call(155)) - Scanned deleted blocks log and got 0 delTX to process.
2019-09-18 13:04:05,676 [grpc-default-executor-0] INFO  client.GrpcClientProtocolClient (GrpcClientProtocolClient.java:onNext(264)) - client-DF3A7F9F7866->dd0a3b65-d36c-4f93-b232-3c8e6f6667b6: receive RaftClientReply:client-DF3A7F9F7866->dd0a3b65-d36c-4f93-b232-3c8e6f6667b6@group-B02456D89C11, cid=1009, SUCCESS, logIndex=1466, commits[dd0a3b65-d36c-4f93-b232-3c8e6f6667b6:c1467]
2019-09-18 13:04:05,677 [grpc-default-executor-0] INFO  client.GrpcClientProtocolClient (GrpcClientProtocolClient.java:onNext(264)) - client-DF3A7F9F7866->dd0a3b65-d36c-4f93-b232-3c8e6f6667b6: receive RaftClientReply:client-DF3A7F9F7866->dd0a3b65-d36c-4f93-b232-3c8e6f6667b6@group-B02456D89C11, cid=1010, SUCCESS, logIndex=1467, commits[dd0a3b65-d36c-4f93-b232-3c8e6f6667b6:c1469]
2019-09-18 13:04:05,677 [grpc-default-executor-0] INFO  client.GrpcClientProtocolClient (GrpcClientProtocolClient.java:onNext(264)) - client-DF3A7F9F7866->dd0a3b65-d36c-4f93-b232-3c8e6f6667b6: receive RaftClientReply:client-DF3A7F9F7866->dd0a3b65-d36c-4f93-b232-3c8e6f6667b6@group-B02456D89C11, cid=1011, SUCCESS, logIndex=1468, commits[dd0a3b65-d36c-4f93-b232-3c8e6f6667b6:c1470]
2019-09-18 13:04:05,677 [grpc-default-executor-0] INFO  client.GrpcClientProtocolClient (GrpcClientProtocolClient.java:onNext(264)) - client-DF3A7F9F7866->dd0a3b65-d36c-4f93-b232-3c8e6f6667b6: receive RaftClientReply:client-DF3A7F9F7866->dd0a3b65-d36c-4f93-b232-3c8e6f6667b6@group-B02456D89C11, cid=1012, SUCCESS, logIndex=1469, commits[dd0a3b65-d36c-4f93-b232-3c8e6f6667b6:c1470]
2019-09-18 13:04:05,698 [grpc-default-executor-1] INFO  client.GrpcClientProtocolClient (GrpcClientProtocolClient.java:onNext(264)) - client-DF3A7F9F7866->dd0a3b65-d36c-4f93-b232-3c8e6f6667b6: receive RaftClientReply:client-DF3A7F9F7866->dd0a3b65-d36c-4f93-b232-3c8e6f6667b6@group-B02456D89C11, cid=1013, SUCCESS, logIndex=1472, commits[dd0a3b65-d36c-4f93-b232-3c8e6f6667b6:c1473]
2019-09-18 13:04:05,698 [grpc-default-executor-1] INFO  client.GrpcClientProtocolClient (GrpcClientProtocolClient.java:onNext(264)) - client-DF3A7F9F7866->dd0a3b65-d36c-4f93-b232-3c8e6f6667b6: receive RaftClientReply:client-DF3A7F9F7866->dd0a3b65-d36c-4f93-b232-3c8e6f6667b6@group-B02456D89C11, cid=1014, SUCCESS, logIndex=1473, commits[dd0a3b65-d36c-4f93-b232-3c8e6f6667b6:c1473]
2019-09-18 13:04:05,706 [grpc-default-executor-1] INFO  client.GrpcClientProtocolClient (GrpcClientProtocolClient.java:onNext(264)) - client-DF3A7F9F7866->dd0a3b65-d36c-4f93-b232-3c8e6f6667b6: receive RaftClientReply:client-DF3A7F9F7866->dd0a3b65-d36c-4f93-b232-3c8e6f6667b6@group-B02456D89C11, cid=1015, SUCCESS, logIndex=1474, commits[dd0a3b65-d36c-4f93-b232-3c8e6f6667b6:c1475]
2019-09-18 13:04:05,707 [grpc-default-executor-1] INFO  client.GrpcClientProtocolClient (GrpcClientProtocolClient.java:onNext(264)) - client-DF3A7F9F7866->dd0a3b65-d36c-4f93-b232-3c8e6f6667b6: receive RaftClientReply:client-DF3A7F9F7866->dd0a3b65-d36c-4f93-b232-3c8e6f6667b6@group-B02456D89C11, cid=1016, SUCCESS, logIndex=1475, commits[dd0a3b65-d36c-4f93-b232-3c8e6f6667b6:c1475]
2019-09-18 13:04:05,763 [SCMBlockDeletingService#0] DEBUG block.SCMBlockDeletingService (SCMBlockDeletingService.java:call(138)) - Running DeletedBlockTransactionScanner
2019-09-18 13:04:05,763 [SCMBlockDeletingService#0] DEBUG block.SCMBlockDeletingService (SCMBlockDeletingService.java:call(155)) - Scanned deleted blocks log and got 0 delTX to process.
2019-09-18 13:04:05,861 [grpc-default-executor-0] INFO  client.GrpcClientProtocolClient (GrpcClientProtocolClient.java:onNext(264)) - client-DF3A7F9F7866->dd0a3b65-d36c-4f93-b232-3c8e6f6667b6: receive RaftClientReply:client-DF3A7F9F7866->dd0a3b65-d36c-4f93-b232-3c8e6f6667b6@group-B02456D89C11, cid=1017, SUCCESS, logIndex=1478, commits[dd0a3b65-d36c-4f93-b232-3c8e6f6667b6:c1479]
2019-09-18 13:04:05,862 [grpc-default-executor-0] INFO  client.GrpcClientProtocolClient (GrpcClientProtocolClient.java:onNext(264)) - client-DF3A7F9F7866->dd0a3b65-d36c-4f93-b232-3c8e6f6667b6: receive RaftClientReply:client-DF3A7F9F7866->dd0a3b65-d36c-4f93-b232-3c8e6f6667b6@group-B02456D89C11, cid=1018, SUCCESS, logIndex=1479, commits[dd0a3b65-d36c-4f93-b232-3c8e6f6667b6:c1482]
2019-09-18 13:04:05,863 [grpc-default-executor-0] INFO  client.GrpcClientProtocolClient (GrpcClientProtocolClient.java:onNext(264)) - client-DF3A7F9F7866->dd0a3b65-d36c-4f93-b232-3c8e6f6667b6: receive RaftClientReply:client-DF3A7F9F7866->dd0a3b65-d36c-4f93-b232-3c8e6f6667b6@group-B02456D89C11, cid=1019, SUCCESS, logIndex=1480, commits[dd0a3b65-d36c-4f93-b232-3c8e6f6667b6:c1482]
2019-09-18 13:04:05,863 [grpc-default-executor-0] INFO  client.GrpcClientProtocolClient (GrpcClientProtocolClient.java:onNext(264)) - client-DF3A7F9F7866->dd0a3b65-d36c-4f93-b232-3c8e6f6667b6: receive RaftClientReply:client-DF3A7F9F7866->dd0a3b65-d36c-4f93-b232-3c8e6f6667b6@group-B02456D89C11, cid=1020, SUCCESS, logIndex=1481, commits[dd0a3b65-d36c-4f93-b232-3c8e6f6667b6:c1483]
2019-09-18 13:04:05,864 [SCMBlockDeletingService#0] DEBUG block.SCMBlockDeletingService (SCMBlockDeletingService.java:call(138)) - Running DeletedBlockTransactionScanner
2019-09-18 13:04:05,864 [SCMBlockDeletingService#0] DEBUG block.SCMBlockDeletingService (SCMBlockDeletingService.java:call(155)) - Scanned deleted blocks log and got 0 delTX to process.
2019-09-18 13:04:05,886 [grpc-default-executor-1] INFO  client.GrpcClientProtocolClient (GrpcClientProtocolClient.java:onNext(264)) - client-DF3A7F9F7866->dd0a3b65-d36c-4f93-b232-3c8e6f6667b6: receive RaftClientReply:client-DF3A7F9F7866->dd0a3b65-d36c-4f93-b232-3c8e6f6667b6@group-B02456D89C11, cid=1021, SUCCESS, logIndex=1484, commits[dd0a3b65-d36c-4f93-b232-3c8e6f6667b6:c1485]
2019-09-18 13:04:05,886 [grpc-default-executor-1] INFO  client.GrpcClientProtocolClient (GrpcClientProtocolClient.java:onNext(264)) - client-DF3A7F9F7866->dd0a3b65-d36c-4f93-b232-3c8e6f6667b6: receive RaftClientReply:client-DF3A7F9F7866->dd0a3b65-d36c-4f93-b232-3c8e6f6667b6@group-B02456D89C11, cid=1022, SUCCESS, logIndex=1485, commits[dd0a3b65-d36c-4f93-b232-3c8e6f6667b6:c1485]
2019-09-18 13:04:05,887 [grpc-default-executor-1] INFO  client.GrpcClientProtocolClient (GrpcClientProtocolClient.java:onNext(264)) - client-DF3A7F9F7866->dd0a3b65-d36c-4f93-b232-3c8e6f6667b6: receive RaftClientReply:client-DF3A7F9F7866->dd0a3b65-d36c-4f93-b232-3c8e6f6667b6@group-B02456D89C11, cid=1023, SUCCESS, logIndex=1486, commits[dd0a3b65-d36c-4f93-b232-3c8e6f6667b6:c1487]
2019-09-18 13:04:05,888 [grpc-default-executor-1] INFO  client.GrpcClientProtocolClient (GrpcClientProtocolClient.java:onNext(264)) - client-DF3A7F9F7866->dd0a3b65-d36c-4f93-b232-3c8e6f6667b6: receive RaftClientReply:client-DF3A7F9F7866->dd0a3b65-d36c-4f93-b232-3c8e6f6667b6@group-B02456D89C11, cid=1024, SUCCESS, logIndex=1487, commits[dd0a3b65-d36c-4f93-b232-3c8e6f6667b6:c1488]
2019-09-18 13:04:05,927 [grpc-default-executor-1] INFO  client.GrpcClientProtocolClient (GrpcClientProtocolClient.java:onNext(264)) - client-DF3A7F9F7866->dd0a3b65-d36c-4f93-b232-3c8e6f6667b6: receive RaftClientReply:client-DF3A7F9F7866->dd0a3b65-d36c-4f93-b232-3c8e6f6667b6@group-B02456D89C11, cid=1025, SUCCESS, logIndex=1490, commits[dd0a3b65-d36c-4f93-b232-3c8e6f6667b6:c1491]
2019-09-18 13:04:05,928 [grpc-default-executor-1] INFO  client.GrpcClientProtocolClient (GrpcClientProtocolClient.java:onNext(264)) - client-DF3A7F9F7866->dd0a3b65-d36c-4f93-b232-3c8e6f6667b6: receive RaftClientReply:client-DF3A7F9F7866->dd0a3b65-d36c-4f93-b232-3c8e6f6667b6@group-B02456D89C11, cid=1026, SUCCESS, logIndex=1491, commits[dd0a3b65-d36c-4f93-b232-3c8e6f6667b6:c1491]
2019-09-18 13:04:05,929 [grpc-default-executor-1] INFO  client.GrpcClientProtocolClient (GrpcClientProtocolClient.java:onNext(264)) - client-DF3A7F9F7866->dd0a3b65-d36c-4f93-b232-3c8e6f6667b6: receive RaftClientReply:client-DF3A7F9F7866->dd0a3b65-d36c-4f93-b232-3c8e6f6667b6@group-B02456D89C11, cid=1027, SUCCESS, logIndex=1492, commits[dd0a3b65-d36c-4f93-b232-3c8e6f6667b6:c1493]
2019-09-18 13:04:05,929 [grpc-default-executor-1] INFO  client.GrpcClientProtocolClient (GrpcClientProtocolClient.java:onNext(264)) - client-DF3A7F9F7866->dd0a3b65-d36c-4f93-b232-3c8e6f6667b6: receive RaftClientReply:client-DF3A7F9F7866->dd0a3b65-d36c-4f93-b232-3c8e6f6667b6@group-B02456D89C11, cid=1028, SUCCESS, logIndex=1493, commits[dd0a3b65-d36c-4f93-b232-3c8e6f6667b6:c1494]
2019-09-18 13:04:05,953 [grpc-default-executor-1] INFO  client.GrpcClientProtocolClient (GrpcClientProtocolClient.java:onNext(264)) - client-DF3A7F9F7866->dd0a3b65-d36c-4f93-b232-3c8e6f6667b6: receive RaftClientReply:client-DF3A7F9F7866->dd0a3b65-d36c-4f93-b232-3c8e6f6667b6@group-B02456D89C11, cid=1029, SUCCESS, logIndex=1496, commits[dd0a3b65-d36c-4f93-b232-3c8e6f6667b6:c1497]
2019-09-18 13:04:05,954 [grpc-default-executor-1] INFO  client.GrpcClientProtocolClient (GrpcClientProtocolClient.java:onNext(264)) - client-DF3A7F9F7866->dd0a3b65-d36c-4f93-b232-3c8e6f6667b6: receive RaftClientReply:client-DF3A7F9F7866->dd0a3b65-d36c-4f93-b232-3c8e6f6667b6@group-B02456D89C11, cid=1030, SUCCESS, logIndex=1497, commits[dd0a3b65-d36c-4f93-b232-3c8e6f6667b6:c1499]
2019-09-18 13:04:05,954 [grpc-default-executor-1] INFO  client.GrpcClientProtocolClient (GrpcClientProtocolClient.java:onNext(264)) - client-DF3A7F9F7866->dd0a3b65-d36c-4f93-b232-3c8e6f6667b6: receive RaftClientReply:client-DF3A7F9F7866->dd0a3b65-d36c-4f93-b232-3c8e6f6667b6@group-B02456D89C11, cid=1031, SUCCESS, logIndex=1498, commits[dd0a3b65-d36c-4f93-b232-3c8e6f6667b6:c1499]
2019-09-18 13:04:05,955 [grpc-default-executor-1] INFO  client.GrpcClientProtocolClient (GrpcClientProtocolClient.java:onNext(264)) - client-DF3A7F9F7866->dd0a3b65-d36c-4f93-b232-3c8e6f6667b6: receive RaftClientReply:client-DF3A7F9F7866->dd0a3b65-d36c-4f93-b232-3c8e6f6667b6@group-B02456D89C11, cid=1032, SUCCESS, logIndex=1499, commits[dd0a3b65-d36c-4f93-b232-3c8e6f6667b6:c1500]
2019-09-18 13:04:05,965 [SCMBlockDeletingService#0] DEBUG block.SCMBlockDeletingService (SCMBlockDeletingService.java:call(138)) - Running DeletedBlockTransactionScanner
2019-09-18 13:04:05,965 [SCMBlockDeletingService#0] DEBUG block.SCMBlockDeletingService (SCMBlockDeletingService.java:call(155)) - Scanned deleted blocks log and got 0 delTX to process.
2019-09-18 13:04:06,093 [SCMBlockDeletingService#0] DEBUG block.SCMBlockDeletingService (SCMBlockDeletingService.java:call(138)) - Running DeletedBlockTransactionScanner
2019-09-18 13:04:06,093 [SCMBlockDeletingService#0] DEBUG block.SCMBlockDeletingService (SCMBlockDeletingService.java:call(155)) - Scanned deleted blocks log and got 0 delTX to process.
2019-09-18 13:04:06,109 [grpc-default-executor-0] INFO  client.GrpcClientProtocolClient (GrpcClientProtocolClient.java:onNext(264)) - client-DF3A7F9F7866->dd0a3b65-d36c-4f93-b232-3c8e6f6667b6: receive RaftClientReply:client-DF3A7F9F7866->dd0a3b65-d36c-4f93-b232-3c8e6f6667b6@group-B02456D89C11, cid=1033, SUCCESS, logIndex=1502, commits[dd0a3b65-d36c-4f93-b232-3c8e6f6667b6:c1503]
2019-09-18 13:04:06,110 [grpc-default-executor-0] INFO  client.GrpcClientProtocolClient (GrpcClientProtocolClient.java:onNext(264)) - client-DF3A7F9F7866->dd0a3b65-d36c-4f93-b232-3c8e6f6667b6: receive RaftClientReply:client-DF3A7F9F7866->dd0a3b65-d36c-4f93-b232-3c8e6f6667b6@group-B02456D89C11, cid=1034, SUCCESS, logIndex=1503, commits[dd0a3b65-d36c-4f93-b232-3c8e6f6667b6:c1503]
2019-09-18 13:04:06,111 [grpc-default-executor-0] INFO  client.GrpcClientProtocolClient (GrpcClientProtocolClient.java:onNext(264)) - client-DF3A7F9F7866->dd0a3b65-d36c-4f93-b232-3c8e6f6667b6: receive RaftClientReply:client-DF3A7F9F7866->dd0a3b65-d36c-4f93-b232-3c8e6f6667b6@group-B02456D89C11, cid=1035, SUCCESS, logIndex=1504, commits[dd0a3b65-d36c-4f93-b232-3c8e6f6667b6:c1505]
2019-09-18 13:04:06,111 [grpc-default-executor-0] INFO  client.GrpcClientProtocolClient (GrpcClientProtocolClient.java:onNext(264)) - client-DF3A7F9F7866->dd0a3b65-d36c-4f93-b232-3c8e6f6667b6: receive RaftClientReply:client-DF3A7F9F7866->dd0a3b65-d36c-4f93-b232-3c8e6f6667b6@group-B02456D89C11, cid=1036, SUCCESS, logIndex=1505, commits[dd0a3b65-d36c-4f93-b232-3c8e6f6667b6:c1506]
2019-09-18 13:04:06,130 [grpc-default-executor-0] INFO  client.GrpcClientProtocolClient (GrpcClientProtocolClient.java:onNext(264)) - client-DF3A7F9F7866->dd0a3b65-d36c-4f93-b232-3c8e6f6667b6: receive RaftClientReply:client-DF3A7F9F7866->dd0a3b65-d36c-4f93-b232-3c8e6f6667b6@group-B02456D89C11, cid=1037, SUCCESS, logIndex=1508, commits[dd0a3b65-d36c-4f93-b232-3c8e6f6667b6:c1511]
2019-09-18 13:04:06,130 [grpc-default-executor-0] INFO  client.GrpcClientProtocolClient (GrpcClientProtocolClient.java:onNext(264)) - client-DF3A7F9F7866->dd0a3b65-d36c-4f93-b232-3c8e6f6667b6: receive RaftClientReply:client-DF3A7F9F7866->dd0a3b65-d36c-4f93-b232-3c8e6f6667b6@group-B02456D89C11, cid=1038, SUCCESS, logIndex=1509, commits[dd0a3b65-d36c-4f93-b232-3c8e6f6667b6:c1512]
2019-09-18 13:04:06,131 [grpc-default-executor-0] INFO  client.GrpcClientProtocolClient (GrpcClientProtocolClient.java:onNext(264)) - client-DF3A7F9F7866->dd0a3b65-d36c-4f93-b232-3c8e6f6667b6: receive RaftClientReply:client-DF3A7F9F7866->dd0a3b65-d36c-4f93-b232-3c8e6f6667b6@group-B02456D89C11, cid=1039, SUCCESS, logIndex=1510, commits[dd0a3b65-d36c-4f93-b232-3c8e6f6667b6:c1512]
2019-09-18 13:04:06,131 [grpc-default-executor-0] INFO  client.GrpcClientProtocolClient (GrpcClientProtocolClient.java:onNext(264)) - client-DF3A7F9F7866->dd0a3b65-d36c-4f93-b232-3c8e6f6667b6: receive RaftClientReply:client-DF3A7F9F7866->dd0a3b65-d36c-4f93-b232-3c8e6f6667b6@group-B02456D89C11, cid=1040, SUCCESS, logIndex=1511, commits[dd0a3b65-d36c-4f93-b232-3c8e6f6667b6:c1512]
2019-09-18 13:04:06,159 [grpc-default-executor-1] INFO  client.GrpcClientProtocolClient (GrpcClientProtocolClient.java:onNext(264)) - client-DF3A7F9F7866->dd0a3b65-d36c-4f93-b232-3c8e6f6667b6: receive RaftClientReply:client-DF3A7F9F7866->dd0a3b65-d36c-4f93-b232-3c8e6f6667b6@group-B02456D89C11, cid=1041, SUCCESS, logIndex=1513, commits[dd0a3b65-d36c-4f93-b232-3c8e6f6667b6:c1514]
2019-09-18 13:04:06,160 [grpc-default-executor-1] INFO  client.GrpcClientProtocolClient (GrpcClientProtocolClient.java:onNext(264)) - client-DF3A7F9F7866->dd0a3b65-d36c-4f93-b232-3c8e6f6667b6: receive RaftClientReply:client-DF3A7F9F7866->dd0a3b65-d36c-4f93-b232-3c8e6f6667b6@group-B02456D89C11, cid=1042, SUCCESS, logIndex=1514, commits[dd0a3b65-d36c-4f93-b232-3c8e6f6667b6:c1516]
2019-09-18 13:04:06,160 [grpc-default-executor-1] INFO  client.GrpcClientProtocolClient (GrpcClientProtocolClient.java:onNext(264)) - client-DF3A7F9F7866->dd0a3b65-d36c-4f93-b232-3c8e6f6667b6: receive RaftClientReply:client-DF3A7F9F7866->dd0a3b65-d36c-4f93-b232-3c8e6f6667b6@group-B02456D89C11, cid=1043, SUCCESS, logIndex=1515, commits[dd0a3b65-d36c-4f93-b232-3c8e6f6667b6:c1517]
2019-09-18 13:04:06,161 [grpc-default-executor-1] INFO  client.GrpcClientProtocolClient (GrpcClientProtocolClient.java:onNext(264)) - client-DF3A7F9F7866->dd0a3b65-d36c-4f93-b232-3c8e6f6667b6: receive RaftClientReply:client-DF3A7F9F7866->dd0a3b65-d36c-4f93-b232-3c8e6f6667b6@group-B02456D89C11, cid=1044, SUCCESS, logIndex=1516, commits[dd0a3b65-d36c-4f93-b232-3c8e6f6667b6:c1518]
2019-09-18 13:04:06,182 [grpc-default-executor-1] INFO  client.GrpcClientProtocolClient (GrpcClientProtocolClient.java:onNext(264)) - client-DF3A7F9F7866->dd0a3b65-d36c-4f93-b232-3c8e6f6667b6: receive RaftClientReply:client-DF3A7F9F7866->dd0a3b65-d36c-4f93-b232-3c8e6f6667b6@group-B02456D89C11, cid=1045, SUCCESS, logIndex=1519, commits[dd0a3b65-d36c-4f93-b232-3c8e6f6667b6:c1520]
2019-09-18 13:04:06,182 [grpc-default-executor-1] INFO  client.GrpcClientProtocolClient (GrpcClientProtocolClient.java:onNext(264)) - client-DF3A7F9F7866->dd0a3b65-d36c-4f93-b232-3c8e6f6667b6: receive RaftClientReply:client-DF3A7F9F7866->dd0a3b65-d36c-4f93-b232-3c8e6f6667b6@group-B02456D89C11, cid=1046, SUCCESS, logIndex=1520, commits[dd0a3b65-d36c-4f93-b232-3c8e6f6667b6:c1522]
2019-09-18 13:04:06,182 [grpc-default-executor-1] INFO  client.GrpcClientProtocolClient (GrpcClientProtocolClient.java:onNext(264)) - client-DF3A7F9F7866->dd0a3b65-d36c-4f93-b232-3c8e6f6667b6: receive RaftClientReply:client-DF3A7F9F7866->dd0a3b65-d36c-4f93-b232-3c8e6f6667b6@group-B02456D89C11, cid=1047, SUCCESS, logIndex=1521, commits[dd0a3b65-d36c-4f93-b232-3c8e6f6667b6:c1523]
2019-09-18 13:04:06,183 [grpc-default-executor-1] INFO  client.GrpcClientProtocolClient (GrpcClientProtocolClient.java:onNext(264)) - client-DF3A7F9F7866->dd0a3b65-d36c-4f93-b232-3c8e6f6667b6: receive RaftClientReply:client-DF3A7F9F7866->dd0a3b65-d36c-4f93-b232-3c8e6f6667b6@group-B02456D89C11, cid=1048, SUCCESS, logIndex=1522, commits[dd0a3b65-d36c-4f93-b232-3c8e6f6667b6:c1523]
2019-09-18 13:04:06,193 [SCMBlockDeletingService#0] DEBUG block.SCMBlockDeletingService (SCMBlockDeletingService.java:call(138)) - Running DeletedBlockTransactionScanner
2019-09-18 13:04:06,194 [SCMBlockDeletingService#0] DEBUG block.SCMBlockDeletingService (SCMBlockDeletingService.java:call(155)) - Scanned deleted blocks log and got 0 delTX to process.
2019-09-18 13:04:06,210 [grpc-default-executor-0] INFO  client.GrpcClientProtocolClient (GrpcClientProtocolClient.java:onNext(264)) - client-DF3A7F9F7866->dd0a3b65-d36c-4f93-b232-3c8e6f6667b6: receive RaftClientReply:client-DF3A7F9F7866->dd0a3b65-d36c-4f93-b232-3c8e6f6667b6@group-B02456D89C11, cid=1049, SUCCESS, logIndex=1525, commits[dd0a3b65-d36c-4f93-b232-3c8e6f6667b6:c1528]
2019-09-18 13:04:06,211 [grpc-default-executor-0] INFO  client.GrpcClientProtocolClient (GrpcClientProtocolClient.java:onNext(264)) - client-DF3A7F9F7866->dd0a3b65-d36c-4f93-b232-3c8e6f6667b6: receive RaftClientReply:client-DF3A7F9F7866->dd0a3b65-d36c-4f93-b232-3c8e6f6667b6@group-B02456D89C11, cid=1050, SUCCESS, logIndex=1526, commits[dd0a3b65-d36c-4f93-b232-3c8e6f6667b6:c1529]
2019-09-18 13:04:06,211 [grpc-default-executor-0] INFO  client.GrpcClientProtocolClient (GrpcClientProtocolClient.java:onNext(264)) - client-DF3A7F9F7866->dd0a3b65-d36c-4f93-b232-3c8e6f6667b6: receive RaftClientReply:client-DF3A7F9F7866->dd0a3b65-d36c-4f93-b232-3c8e6f6667b6@group-B02456D89C11, cid=1051, SUCCESS, logIndex=1527, commits[dd0a3b65-d36c-4f93-b232-3c8e6f6667b6:c1529]
2019-09-18 13:04:06,212 [grpc-default-executor-0] INFO  client.GrpcClientProtocolClient (GrpcClientProtocolClient.java:onNext(264)) - client-DF3A7F9F7866->dd0a3b65-d36c-4f93-b232-3c8e6f6667b6: receive RaftClientReply:client-DF3A7F9F7866->dd0a3b65-d36c-4f93-b232-3c8e6f6667b6@group-B02456D89C11, cid=1052, SUCCESS, logIndex=1528, commits[dd0a3b65-d36c-4f93-b232-3c8e6f6667b6:c1529]
2019-09-18 13:04:06,232 [grpc-default-executor-0] INFO  client.GrpcClientProtocolClient (GrpcClientProtocolClient.java:onNext(264)) - client-DF3A7F9F7866->dd0a3b65-d36c-4f93-b232-3c8e6f6667b6: receive RaftClientReply:client-DF3A7F9F7866->dd0a3b65-d36c-4f93-b232-3c8e6f6667b6@group-B02456D89C11, cid=1053, SUCCESS, logIndex=1530, commits[dd0a3b65-d36c-4f93-b232-3c8e6f6667b6:c1533]
2019-09-18 13:04:06,232 [grpc-default-executor-0] INFO  client.GrpcClientProtocolClient (GrpcClientProtocolClient.java:onNext(264)) - client-DF3A7F9F7866->dd0a3b65-d36c-4f93-b232-3c8e6f6667b6: receive RaftClientReply:client-DF3A7F9F7866->dd0a3b65-d36c-4f93-b232-3c8e6f6667b6@group-B02456D89C11, cid=1054, SUCCESS, logIndex=1531, commits[dd0a3b65-d36c-4f93-b232-3c8e6f6667b6:c1534]
2019-09-18 13:04:06,232 [grpc-default-executor-0] INFO  client.GrpcClientProtocolClient (GrpcClientProtocolClient.java:onNext(264)) - client-DF3A7F9F7866->dd0a3b65-d36c-4f93-b232-3c8e6f6667b6: receive RaftClientReply:client-DF3A7F9F7866->dd0a3b65-d36c-4f93-b232-3c8e6f6667b6@group-B02456D89C11, cid=1055, SUCCESS, logIndex=1532, commits[dd0a3b65-d36c-4f93-b232-3c8e6f6667b6:c1534]
2019-09-18 13:04:06,233 [grpc-default-executor-0] INFO  client.GrpcClientProtocolClient (GrpcClientProtocolClient.java:onNext(264)) - client-DF3A7F9F7866->dd0a3b65-d36c-4f93-b232-3c8e6f6667b6: receive RaftClientReply:client-DF3A7F9F7866->dd0a3b65-d36c-4f93-b232-3c8e6f6667b6@group-B02456D89C11, cid=1056, SUCCESS, logIndex=1533, commits[dd0a3b65-d36c-4f93-b232-3c8e6f6667b6:c1534]
2019-09-18 13:04:06,263 [grpc-default-executor-0] INFO  client.GrpcClientProtocolClient (GrpcClientProtocolClient.java:onNext(264)) - client-DF3A7F9F7866->dd0a3b65-d36c-4f93-b232-3c8e6f6667b6: receive RaftClientReply:client-DF3A7F9F7866->dd0a3b65-d36c-4f93-b232-3c8e6f6667b6@group-B02456D89C11, cid=1057, SUCCESS, logIndex=1535, commits[dd0a3b65-d36c-4f93-b232-3c8e6f6667b6:c1538]
2019-09-18 13:04:06,264 [grpc-default-executor-0] INFO  client.GrpcClientProtocolClient (GrpcClientProtocolClient.java:onNext(264)) - client-DF3A7F9F7866->dd0a3b65-d36c-4f93-b232-3c8e6f6667b6: receive RaftClientReply:client-DF3A7F9F7866->dd0a3b65-d36c-4f93-b232-3c8e6f6667b6@group-B02456D89C11, cid=1058, SUCCESS, logIndex=1536, commits[dd0a3b65-d36c-4f93-b232-3c8e6f6667b6:c1539]
2019-09-18 13:04:06,264 [grpc-default-executor-0] INFO  client.GrpcClientProtocolClient (GrpcClientProtocolClient.java:onNext(264)) - client-DF3A7F9F7866->dd0a3b65-d36c-4f93-b232-3c8e6f6667b6: receive RaftClientReply:client-DF3A7F9F7866->dd0a3b65-d36c-4f93-b232-3c8e6f6667b6@group-B02456D89C11, cid=1059, SUCCESS, logIndex=1537, commits[dd0a3b65-d36c-4f93-b232-3c8e6f6667b6:c1539]
2019-09-18 13:04:06,264 [grpc-default-executor-0] INFO  client.GrpcClientProtocolClient (GrpcClientProtocolClient.java:onNext(264)) - client-DF3A7F9F7866->dd0a3b65-d36c-4f93-b232-3c8e6f6667b6: receive RaftClientReply:client-DF3A7F9F7866->dd0a3b65-d36c-4f93-b232-3c8e6f6667b6@group-B02456D89C11, cid=1060, SUCCESS, logIndex=1538, commits[dd0a3b65-d36c-4f93-b232-3c8e6f6667b6:c1539]
2019-09-18 13:04:06,294 [SCMBlockDeletingService#0] DEBUG block.SCMBlockDeletingService (SCMBlockDeletingService.java:call(138)) - Running DeletedBlockTransactionScanner
2019-09-18 13:04:06,294 [SCMBlockDeletingService#0] DEBUG block.SCMBlockDeletingService (SCMBlockDeletingService.java:call(155)) - Scanned deleted blocks log and got 0 delTX to process.
2019-09-18 13:04:06,373 [grpc-default-executor-0] INFO  client.GrpcClientProtocolClient (GrpcClientProtocolClient.java:onNext(264)) - client-DF3A7F9F7866->dd0a3b65-d36c-4f93-b232-3c8e6f6667b6: receive RaftClientReply:client-DF3A7F9F7866->dd0a3b65-d36c-4f93-b232-3c8e6f6667b6@group-B02456D89C11, cid=1061, SUCCESS, logIndex=1540, commits[dd0a3b65-d36c-4f93-b232-3c8e6f6667b6:c1544]
2019-09-18 13:04:06,373 [grpc-default-executor-0] INFO  client.GrpcClientProtocolClient (GrpcClientProtocolClient.java:onNext(264)) - client-DF3A7F9F7866->dd0a3b65-d36c-4f93-b232-3c8e6f6667b6: receive RaftClientReply:client-DF3A7F9F7866->dd0a3b65-d36c-4f93-b232-3c8e6f6667b6@group-B02456D89C11, cid=1062, SUCCESS, logIndex=1541, commits[dd0a3b65-d36c-4f93-b232-3c8e6f6667b6:c1544]
2019-09-18 13:04:06,373 [grpc-default-executor-0] INFO  client.GrpcClientProtocolClient (GrpcClientProtocolClient.java:onNext(264)) - client-DF3A7F9F7866->dd0a3b65-d36c-4f93-b232-3c8e6f6667b6: receive RaftClientReply:client-DF3A7F9F7866->dd0a3b65-d36c-4f93-b232-3c8e6f6667b6@group-B02456D89C11, cid=1063, SUCCESS, logIndex=1542, commits[dd0a3b65-d36c-4f93-b232-3c8e6f6667b6:c1544]
2019-09-18 13:04:06,374 [grpc-default-executor-0] INFO  client.GrpcClientProtocolClient (GrpcClientProtocolClient.java:onNext(264)) - client-DF3A7F9F7866->dd0a3b65-d36c-4f93-b232-3c8e6f6667b6: receive RaftClientReply:client-DF3A7F9F7866->dd0a3b65-d36c-4f93-b232-3c8e6f6667b6@group-B02456D89C11, cid=1064, SUCCESS, logIndex=1543, commits[dd0a3b65-d36c-4f93-b232-3c8e6f6667b6:c1544]
2019-09-18 13:04:06,395 [SCMBlockDeletingService#0] DEBUG block.SCMBlockDeletingService (SCMBlockDeletingService.java:call(138)) - Running DeletedBlockTransactionScanner
2019-09-18 13:04:06,395 [SCMBlockDeletingService#0] DEBUG block.SCMBlockDeletingService (SCMBlockDeletingService.java:call(155)) - Scanned deleted blocks log and got 0 delTX to process.
2019-09-18 13:04:06,402 [grpc-default-executor-0] INFO  client.GrpcClientProtocolClient (GrpcClientProtocolClient.java:onNext(264)) - client-DF3A7F9F7866->dd0a3b65-d36c-4f93-b232-3c8e6f6667b6: receive RaftClientReply:client-DF3A7F9F7866->dd0a3b65-d36c-4f93-b232-3c8e6f6667b6@group-B02456D89C11, cid=1065, SUCCESS, logIndex=1545, commits[dd0a3b65-d36c-4f93-b232-3c8e6f6667b6:c1548]
2019-09-18 13:04:06,403 [grpc-default-executor-0] INFO  client.GrpcClientProtocolClient (GrpcClientProtocolClient.java:onNext(264)) - client-DF3A7F9F7866->dd0a3b65-d36c-4f93-b232-3c8e6f6667b6: receive RaftClientReply:client-DF3A7F9F7866->dd0a3b65-d36c-4f93-b232-3c8e6f6667b6@group-B02456D89C11, cid=1066, SUCCESS, logIndex=1546, commits[dd0a3b65-d36c-4f93-b232-3c8e6f6667b6:c1549]
2019-09-18 13:04:06,403 [grpc-default-executor-0] INFO  client.GrpcClientProtocolClient (GrpcClientProtocolClient.java:onNext(264)) - client-DF3A7F9F7866->dd0a3b65-d36c-4f93-b232-3c8e6f6667b6: receive RaftClientReply:client-DF3A7F9F7866->dd0a3b65-d36c-4f93-b232-3c8e6f6667b6@group-B02456D89C11, cid=1067, SUCCESS, logIndex=1547, commits[dd0a3b65-d36c-4f93-b232-3c8e6f6667b6:c1549]
2019-09-18 13:04:06,404 [grpc-default-executor-0] INFO  client.GrpcClientProtocolClient (GrpcClientProtocolClient.java:onNext(264)) - client-DF3A7F9F7866->dd0a3b65-d36c-4f93-b232-3c8e6f6667b6: receive RaftClientReply:client-DF3A7F9F7866->dd0a3b65-d36c-4f93-b232-3c8e6f6667b6@group-B02456D89C11, cid=1068, SUCCESS, logIndex=1548, commits[dd0a3b65-d36c-4f93-b232-3c8e6f6667b6:c1549]
2019-09-18 13:04:06,424 [grpc-default-executor-0] INFO  client.GrpcClientProtocolClient (GrpcClientProtocolClient.java:onNext(264)) - client-DF3A7F9F7866->dd0a3b65-d36c-4f93-b232-3c8e6f6667b6: receive RaftClientReply:client-DF3A7F9F7866->dd0a3b65-d36c-4f93-b232-3c8e6f6667b6@group-B02456D89C11, cid=1069, SUCCESS, logIndex=1550, commits[dd0a3b65-d36c-4f93-b232-3c8e6f6667b6:c1551]
2019-09-18 13:04:06,424 [grpc-default-executor-0] INFO  client.GrpcClientProtocolClient (GrpcClientProtocolClient.java:onNext(264)) - client-DF3A7F9F7866->dd0a3b65-d36c-4f93-b232-3c8e6f6667b6: receive RaftClientReply:client-DF3A7F9F7866->dd0a3b65-d36c-4f93-b232-3c8e6f6667b6@group-B02456D89C11, cid=1070, SUCCESS, logIndex=1551, commits[dd0a3b65-d36c-4f93-b232-3c8e6f6667b6:c1553]
2019-09-18 13:04:06,425 [grpc-default-executor-0] INFO  client.GrpcClientProtocolClient (GrpcClientProtocolClient.java:onNext(264)) - client-DF3A7F9F7866->dd0a3b65-d36c-4f93-b232-3c8e6f6667b6: receive RaftClientReply:client-DF3A7F9F7866->dd0a3b65-d36c-4f93-b232-3c8e6f6667b6@group-B02456D89C11, cid=1071, SUCCESS, logIndex=1552, commits[dd0a3b65-d36c-4f93-b232-3c8e6f6667b6:c1553]
2019-09-18 13:04:06,425 [grpc-default-executor-0] INFO  client.GrpcClientProtocolClient (GrpcClientProtocolClient.java:onNext(264)) - client-DF3A7F9F7866->dd0a3b65-d36c-4f93-b232-3c8e6f6667b6: receive RaftClientReply:client-DF3A7F9F7866->dd0a3b65-d36c-4f93-b232-3c8e6f6667b6@group-B02456D89C11, cid=1072, SUCCESS, logIndex=1553, commits[dd0a3b65-d36c-4f93-b232-3c8e6f6667b6:c1554]
2019-09-18 13:04:06,449 [grpc-default-executor-0] INFO  client.GrpcClientProtocolClient (GrpcClientProtocolClient.java:onNext(264)) - client-DF3A7F9F7866->dd0a3b65-d36c-4f93-b232-3c8e6f6667b6: receive RaftClientReply:client-DF3A7F9F7866->dd0a3b65-d36c-4f93-b232-3c8e6f6667b6@group-B02456D89C11, cid=1073, SUCCESS, logIndex=1556, commits[dd0a3b65-d36c-4f93-b232-3c8e6f6667b6:c1557]
2019-09-18 13:04:06,450 [grpc-default-executor-0] INFO  client.GrpcClientProtocolClient (GrpcClientProtocolClient.java:onNext(264)) - client-DF3A7F9F7866->dd0a3b65-d36c-4f93-b232-3c8e6f6667b6: receive RaftClientReply:client-DF3A7F9F7866->dd0a3b65-d36c-4f93-b232-3c8e6f6667b6@group-B02456D89C11, cid=1074, SUCCESS, logIndex=1557, commits[dd0a3b65-d36c-4f93-b232-3c8e6f6667b6:c1559]
2019-09-18 13:04:06,450 [grpc-default-executor-0] INFO  client.GrpcClientProtocolClient (GrpcClientProtocolClient.java:onNext(264)) - client-DF3A7F9F7866->dd0a3b65-d36c-4f93-b232-3c8e6f6667b6: receive RaftClientReply:client-DF3A7F9F7866->dd0a3b65-d36c-4f93-b232-3c8e6f6667b6@group-B02456D89C11, cid=1075, SUCCESS, logIndex=1558, commits[dd0a3b65-d36c-4f93-b232-3c8e6f6667b6:c1559]
2019-09-18 13:04:06,450 [grpc-default-executor-0] INFO  client.GrpcClientProtocolClient (GrpcClientProtocolClient.java:onNext(264)) - client-DF3A7F9F7866->dd0a3b65-d36c-4f93-b232-3c8e6f6667b6: receive RaftClientReply:client-DF3A7F9F7866->dd0a3b65-d36c-4f93-b232-3c8e6f6667b6@group-B02456D89C11, cid=1076, SUCCESS, logIndex=1559, commits[dd0a3b65-d36c-4f93-b232-3c8e6f6667b6:c1560]
2019-09-18 13:04:06,470 [grpc-default-executor-0] INFO  client.GrpcClientProtocolClient (GrpcClientProtocolClient.java:onNext(264)) - client-DF3A7F9F7866->dd0a3b65-d36c-4f93-b232-3c8e6f6667b6: receive RaftClientReply:client-DF3A7F9F7866->dd0a3b65-d36c-4f93-b232-3c8e6f6667b6@group-B02456D89C11, cid=1077, SUCCESS, logIndex=1562, commits[dd0a3b65-d36c-4f93-b232-3c8e6f6667b6:c1565]
2019-09-18 13:04:06,471 [grpc-default-executor-0] INFO  client.GrpcClientProtocolClient (GrpcClientProtocolClient.java:onNext(264)) - client-DF3A7F9F7866->dd0a3b65-d36c-4f93-b232-3c8e6f6667b6: receive RaftClientReply:client-DF3A7F9F7866->dd0a3b65-d36c-4f93-b232-3c8e6f6667b6@group-B02456D89C11, cid=1078, SUCCESS, logIndex=1563, commits[dd0a3b65-d36c-4f93-b232-3c8e6f6667b6:c1566]
2019-09-18 13:04:06,471 [grpc-default-executor-0] INFO  client.GrpcClientProtocolClient (GrpcClientProtocolClient.java:onNext(264)) - client-DF3A7F9F7866->dd0a3b65-d36c-4f93-b232-3c8e6f6667b6: receive RaftClientReply:client-DF3A7F9F7866->dd0a3b65-d36c-4f93-b232-3c8e6f6667b6@group-B02456D89C11, cid=1079, SUCCESS, logIndex=1564, commits[dd0a3b65-d36c-4f93-b232-3c8e6f6667b6:c1566]
2019-09-18 13:04:06,472 [grpc-default-executor-0] INFO  client.GrpcClientProtocolClient (GrpcClientProtocolClient.java:onNext(264)) - client-DF3A7F9F7866->dd0a3b65-d36c-4f93-b232-3c8e6f6667b6: receive RaftClientReply:client-DF3A7F9F7866->dd0a3b65-d36c-4f93-b232-3c8e6f6667b6@group-B02456D89C11, cid=1080, SUCCESS, logIndex=1565, commits[dd0a3b65-d36c-4f93-b232-3c8e6f6667b6:c1566]
2019-09-18 13:04:06,496 [SCMBlockDeletingService#0] DEBUG block.SCMBlockDeletingService (SCMBlockDeletingService.java:call(138)) - Running DeletedBlockTransactionScanner
2019-09-18 13:04:06,496 [SCMBlockDeletingService#0] DEBUG block.SCMBlockDeletingService (SCMBlockDeletingService.java:call(155)) - Scanned deleted blocks log and got 0 delTX to process.
2019-09-18 13:04:06,496 [grpc-default-executor-0] INFO  client.GrpcClientProtocolClient (GrpcClientProtocolClient.java:onNext(264)) - client-DF3A7F9F7866->dd0a3b65-d36c-4f93-b232-3c8e6f6667b6: receive RaftClientReply:client-DF3A7F9F7866->dd0a3b65-d36c-4f93-b232-3c8e6f6667b6@group-B02456D89C11, cid=1081, SUCCESS, logIndex=1567, commits[dd0a3b65-d36c-4f93-b232-3c8e6f6667b6:c1568]
2019-09-18 13:04:06,497 [grpc-default-executor-0] INFO  client.GrpcClientProtocolClient (GrpcClientProtocolClient.java:onNext(264)) - client-DF3A7F9F7866->dd0a3b65-d36c-4f93-b232-3c8e6f6667b6: receive RaftClientReply:client-DF3A7F9F7866->dd0a3b65-d36c-4f93-b232-3c8e6f6667b6@group-B02456D89C11, cid=1082, SUCCESS, logIndex=1568, commits[dd0a3b65-d36c-4f93-b232-3c8e6f6667b6:c1570]
2019-09-18 13:04:06,497 [grpc-default-executor-0] INFO  client.GrpcClientProtocolClient (GrpcClientProtocolClient.java:onNext(264)) - client-DF3A7F9F7866->dd0a3b65-d36c-4f93-b232-3c8e6f6667b6: receive RaftClientReply:client-DF3A7F9F7866->dd0a3b65-d36c-4f93-b232-3c8e6f6667b6@group-B02456D89C11, cid=1083, SUCCESS, logIndex=1569, commits[dd0a3b65-d36c-4f93-b232-3c8e6f6667b6:c1570]
2019-09-18 13:04:06,497 [grpc-default-executor-0] INFO  client.GrpcClientProtocolClient (GrpcClientProtocolClient.java:onNext(264)) - client-DF3A7F9F7866->dd0a3b65-d36c-4f93-b232-3c8e6f6667b6: receive RaftClientReply:client-DF3A7F9F7866->dd0a3b65-d36c-4f93-b232-3c8e6f6667b6@group-B02456D89C11, cid=1084, SUCCESS, logIndex=1570, commits[dd0a3b65-d36c-4f93-b232-3c8e6f6667b6:c1570]
2019-09-18 13:04:06,515 [grpc-default-executor-0] INFO  client.GrpcClientProtocolClient (GrpcClientProtocolClient.java:onNext(264)) - client-DF3A7F9F7866->dd0a3b65-d36c-4f93-b232-3c8e6f6667b6: receive RaftClientReply:client-DF3A7F9F7866->dd0a3b65-d36c-4f93-b232-3c8e6f6667b6@group-B02456D89C11, cid=1085, SUCCESS, logIndex=1573, commits[dd0a3b65-d36c-4f93-b232-3c8e6f6667b6:c1574]
2019-09-18 13:04:06,515 [grpc-default-executor-0] INFO  client.GrpcClientProtocolClient (GrpcClientProtocolClient.java:onNext(264)) - client-DF3A7F9F7866->dd0a3b65-d36c-4f93-b232-3c8e6f6667b6: receive RaftClientReply:client-DF3A7F9F7866->dd0a3b65-d36c-4f93-b232-3c8e6f6667b6@group-B02456D89C11, cid=1086, SUCCESS, logIndex=1574, commits[dd0a3b65-d36c-4f93-b232-3c8e6f6667b6:c1576]
2019-09-18 13:04:06,516 [grpc-default-executor-0] INFO  client.GrpcClientProtocolClient (GrpcClientProtocolClient.java:onNext(264)) - client-DF3A7F9F7866->dd0a3b65-d36c-4f93-b232-3c8e6f6667b6: receive RaftClientReply:client-DF3A7F9F7866->dd0a3b65-d36c-4f93-b232-3c8e6f6667b6@group-B02456D89C11, cid=1087, SUCCESS, logIndex=1575, commits[dd0a3b65-d36c-4f93-b232-3c8e6f6667b6:c1576]
2019-09-18 13:04:06,516 [grpc-default-executor-0] INFO  client.GrpcClientProtocolClient (GrpcClientProtocolClient.java:onNext(264)) - client-DF3A7F9F7866->dd0a3b65-d36c-4f93-b232-3c8e6f6667b6: receive RaftClientReply:client-DF3A7F9F7866->dd0a3b65-d36c-4f93-b232-3c8e6f6667b6@group-B02456D89C11, cid=1088, SUCCESS, logIndex=1576, commits[dd0a3b65-d36c-4f93-b232-3c8e6f6667b6:c1577]
2019-09-18 13:04:06,544 [grpc-default-executor-1] INFO  client.GrpcClientProtocolClient (GrpcClientProtocolClient.java:onNext(264)) - client-DF3A7F9F7866->dd0a3b65-d36c-4f93-b232-3c8e6f6667b6: receive RaftClientReply:client-DF3A7F9F7866->dd0a3b65-d36c-4f93-b232-3c8e6f6667b6@group-B02456D89C11, cid=1089, SUCCESS, logIndex=1579, commits[dd0a3b65-d36c-4f93-b232-3c8e6f6667b6:c1582]
2019-09-18 13:04:06,544 [grpc-default-executor-1] INFO  client.GrpcClientProtocolClient (GrpcClientProtocolClient.java:onNext(264)) - client-DF3A7F9F7866->dd0a3b65-d36c-4f93-b232-3c8e6f6667b6: receive RaftClientReply:client-DF3A7F9F7866->dd0a3b65-d36c-4f93-b232-3c8e6f6667b6@group-B02456D89C11, cid=1090, SUCCESS, logIndex=1580, commits[dd0a3b65-d36c-4f93-b232-3c8e6f6667b6:c1583]
2019-09-18 13:04:06,545 [grpc-default-executor-1] INFO  client.GrpcClientProtocolClient (GrpcClientProtocolClient.java:onNext(264)) - client-DF3A7F9F7866->dd0a3b65-d36c-4f93-b232-3c8e6f6667b6: receive RaftClientReply:client-DF3A7F9F7866->dd0a3b65-d36c-4f93-b232-3c8e6f6667b6@group-B02456D89C11, cid=1091, SUCCESS, logIndex=1581, commits[dd0a3b65-d36c-4f93-b232-3c8e6f6667b6:c1583]
2019-09-18 13:04:06,545 [grpc-default-executor-1] INFO  client.GrpcClientProtocolClient (GrpcClientProtocolClient.java:onNext(264)) - client-DF3A7F9F7866->dd0a3b65-d36c-4f93-b232-3c8e6f6667b6: receive RaftClientReply:client-DF3A7F9F7866->dd0a3b65-d36c-4f93-b232-3c8e6f6667b6@group-B02456D89C11, cid=1092, SUCCESS, logIndex=1582, commits[dd0a3b65-d36c-4f93-b232-3c8e6f6667b6:c1583]
2019-09-18 13:04:06,566 [grpc-default-executor-0] INFO  client.GrpcClientProtocolClient (GrpcClientProtocolClient.java:onNext(264)) - client-DF3A7F9F7866->dd0a3b65-d36c-4f93-b232-3c8e6f6667b6: receive RaftClientReply:client-DF3A7F9F7866->dd0a3b65-d36c-4f93-b232-3c8e6f6667b6@group-B02456D89C11, cid=1093, SUCCESS, logIndex=1584, commits[dd0a3b65-d36c-4f93-b232-3c8e6f6667b6:c1587]
2019-09-18 13:04:06,566 [grpc-default-executor-0] INFO  client.GrpcClientProtocolClient (GrpcClientProtocolClient.java:onNext(264)) - client-DF3A7F9F7866->dd0a3b65-d36c-4f93-b232-3c8e6f6667b6: receive RaftClientReply:client-DF3A7F9F7866->dd0a3b65-d36c-4f93-b232-3c8e6f6667b6@group-B02456D89C11, cid=1094, SUCCESS, logIndex=1585, commits[dd0a3b65-d36c-4f93-b232-3c8e6f6667b6:c1588]
2019-09-18 13:04:06,567 [grpc-default-executor-0] INFO  client.GrpcClientProtocolClient (GrpcClientProtocolClient.java:onNext(264)) - client-DF3A7F9F7866->dd0a3b65-d36c-4f93-b232-3c8e6f6667b6: receive RaftClientReply:client-DF3A7F9F7866->dd0a3b65-d36c-4f93-b232-3c8e6f6667b6@group-B02456D89C11, cid=1095, SUCCESS, logIndex=1586, commits[dd0a3b65-d36c-4f93-b232-3c8e6f6667b6:c1588]
2019-09-18 13:04:06,567 [grpc-default-executor-0] INFO  client.GrpcClientProtocolClient (GrpcClientProtocolClient.java:onNext(264)) - client-DF3A7F9F7866->dd0a3b65-d36c-4f93-b232-3c8e6f6667b6: receive RaftClientReply:client-DF3A7F9F7866->dd0a3b65-d36c-4f93-b232-3c8e6f6667b6@group-B02456D89C11, cid=1096, SUCCESS, logIndex=1587, commits[dd0a3b65-d36c-4f93-b232-3c8e6f6667b6:c1588]
2019-09-18 13:04:06,596 [grpc-default-executor-0] INFO  client.GrpcClientProtocolClient (GrpcClientProtocolClient.java:onNext(264)) - client-DF3A7F9F7866->dd0a3b65-d36c-4f93-b232-3c8e6f6667b6: receive RaftClientReply:client-DF3A7F9F7866->dd0a3b65-d36c-4f93-b232-3c8e6f6667b6@group-B02456D89C11, cid=1097, SUCCESS, logIndex=1589, commits[dd0a3b65-d36c-4f93-b232-3c8e6f6667b6:c1592]
2019-09-18 13:04:06,599 [SCMBlockDeletingService#0] DEBUG block.SCMBlockDeletingService (SCMBlockDeletingService.java:call(138)) - Running DeletedBlockTransactionScanner
2019-09-18 13:04:06,599 [SCMBlockDeletingService#0] DEBUG block.SCMBlockDeletingService (SCMBlockDeletingService.java:call(155)) - Scanned deleted blocks log and got 0 delTX to process.
2019-09-18 13:04:06,600 [grpc-default-executor-0] INFO  client.GrpcClientProtocolClient (GrpcClientProtocolClient.java:onNext(264)) - client-DF3A7F9F7866->dd0a3b65-d36c-4f93-b232-3c8e6f6667b6: receive RaftClientReply:client-DF3A7F9F7866->dd0a3b65-d36c-4f93-b232-3c8e6f6667b6@group-B02456D89C11, cid=1098, SUCCESS, logIndex=1590, commits[dd0a3b65-d36c-4f93-b232-3c8e6f6667b6:c1593]
2019-09-18 13:04:06,600 [grpc-default-executor-0] INFO  client.GrpcClientProtocolClient (GrpcClientProtocolClient.java:onNext(264)) - client-DF3A7F9F7866->dd0a3b65-d36c-4f93-b232-3c8e6f6667b6: receive RaftClientReply:client-DF3A7F9F7866->dd0a3b65-d36c-4f93-b232-3c8e6f6667b6@group-B02456D89C11, cid=1099, SUCCESS, logIndex=1591, commits[dd0a3b65-d36c-4f93-b232-3c8e6f6667b6:c1593]
2019-09-18 13:04:06,600 [grpc-default-executor-0] INFO  client.GrpcClientProtocolClient (GrpcClientProtocolClient.java:onNext(264)) - client-DF3A7F9F7866->dd0a3b65-d36c-4f93-b232-3c8e6f6667b6: receive RaftClientReply:client-DF3A7F9F7866->dd0a3b65-d36c-4f93-b232-3c8e6f6667b6@group-B02456D89C11, cid=1100, SUCCESS, logIndex=1592, commits[dd0a3b65-d36c-4f93-b232-3c8e6f6667b6:c1593]
2019-09-18 13:04:06,622 [grpc-default-executor-0] INFO  client.GrpcClientProtocolClient (GrpcClientProtocolClient.java:onNext(264)) - client-DF3A7F9F7866->dd0a3b65-d36c-4f93-b232-3c8e6f6667b6: receive RaftClientReply:client-DF3A7F9F7866->dd0a3b65-d36c-4f93-b232-3c8e6f6667b6@group-B02456D89C11, cid=1101, SUCCESS, logIndex=1594, commits[dd0a3b65-d36c-4f93-b232-3c8e6f6667b6:c1595]
2019-09-18 13:04:06,622 [grpc-default-executor-0] INFO  client.GrpcClientProtocolClient (GrpcClientProtocolClient.java:onNext(264)) - client-DF3A7F9F7866->dd0a3b65-d36c-4f93-b232-3c8e6f6667b6: receive RaftClientReply:client-DF3A7F9F7866->dd0a3b65-d36c-4f93-b232-3c8e6f6667b6@group-B02456D89C11, cid=1102, SUCCESS, logIndex=1595, commits[dd0a3b65-d36c-4f93-b232-3c8e6f6667b6:c1597]
2019-09-18 13:04:06,623 [grpc-default-executor-0] INFO  client.GrpcClientProtocolClient (GrpcClientProtocolClient.java:onNext(264)) - client-DF3A7F9F7866->dd0a3b65-d36c-4f93-b232-3c8e6f6667b6: receive RaftClientReply:client-DF3A7F9F7866->dd0a3b65-d36c-4f93-b232-3c8e6f6667b6@group-B02456D89C11, cid=1103, SUCCESS, logIndex=1596, commits[dd0a3b65-d36c-4f93-b232-3c8e6f6667b6:c1597]
2019-09-18 13:04:06,623 [grpc-default-executor-0] INFO  client.GrpcClientProtocolClient (GrpcClientProtocolClient.java:onNext(264)) - client-DF3A7F9F7866->dd0a3b65-d36c-4f93-b232-3c8e6f6667b6: receive RaftClientReply:client-DF3A7F9F7866->dd0a3b65-d36c-4f93-b232-3c8e6f6667b6@group-B02456D89C11, cid=1104, SUCCESS, logIndex=1597, commits[dd0a3b65-d36c-4f93-b232-3c8e6f6667b6:c1598]
2019-09-18 13:04:06,700 [SCMBlockDeletingService#0] DEBUG block.SCMBlockDeletingService (SCMBlockDeletingService.java:call(138)) - Running DeletedBlockTransactionScanner
2019-09-18 13:04:06,700 [SCMBlockDeletingService#0] DEBUG block.SCMBlockDeletingService (SCMBlockDeletingService.java:call(155)) - Scanned deleted blocks log and got 0 delTX to process.
2019-09-18 13:04:06,821 [SCMBlockDeletingService#0] DEBUG block.SCMBlockDeletingService (SCMBlockDeletingService.java:call(138)) - Running DeletedBlockTransactionScanner
2019-09-18 13:04:06,821 [SCMBlockDeletingService#0] DEBUG block.SCMBlockDeletingService (SCMBlockDeletingService.java:call(155)) - Scanned deleted blocks log and got 0 delTX to process.
2019-09-18 13:04:06,849 [grpc-default-executor-0] INFO  client.GrpcClientProtocolClient (GrpcClientProtocolClient.java:onNext(264)) - client-DF3A7F9F7866->dd0a3b65-d36c-4f93-b232-3c8e6f6667b6: receive RaftClientReply:client-DF3A7F9F7866->dd0a3b65-d36c-4f93-b232-3c8e6f6667b6@group-B02456D89C11, cid=1105, SUCCESS, logIndex=1600, commits[dd0a3b65-d36c-4f93-b232-3c8e6f6667b6:c1603]
2019-09-18 13:04:06,849 [grpc-default-executor-0] INFO  client.GrpcClientProtocolClient (GrpcClientProtocolClient.java:onNext(264)) - client-DF3A7F9F7866->dd0a3b65-d36c-4f93-b232-3c8e6f6667b6: receive RaftClientReply:client-DF3A7F9F7866->dd0a3b65-d36c-4f93-b232-3c8e6f6667b6@group-B02456D89C11, cid=1106, SUCCESS, logIndex=1601, commits[dd0a3b65-d36c-4f93-b232-3c8e6f6667b6:c1603]
2019-09-18 13:04:06,850 [grpc-default-executor-0] INFO  client.GrpcClientProtocolClient (GrpcClientProtocolClient.java:onNext(264)) - client-DF3A7F9F7866->dd0a3b65-d36c-4f93-b232-3c8e6f6667b6: receive RaftClientReply:client-DF3A7F9F7866->dd0a3b65-d36c-4f93-b232-3c8e6f6667b6@group-B02456D89C11, cid=1107, SUCCESS, logIndex=1602, commits[dd0a3b65-d36c-4f93-b232-3c8e6f6667b6:c1603]
2019-09-18 13:04:06,850 [grpc-default-executor-0] INFO  client.GrpcClientProtocolClient (GrpcClientProtocolClient.java:onNext(264)) - client-DF3A7F9F7866->dd0a3b65-d36c-4f93-b232-3c8e6f6667b6: receive RaftClientReply:client-DF3A7F9F7866->dd0a3b65-d36c-4f93-b232-3c8e6f6667b6@group-B02456D89C11, cid=1108, SUCCESS, logIndex=1603, commits[dd0a3b65-d36c-4f93-b232-3c8e6f6667b6:c1603]
2019-09-18 13:04:06,870 [grpc-default-executor-0] INFO  client.GrpcClientProtocolClient (GrpcClientProtocolClient.java:onNext(264)) - client-DF3A7F9F7866->dd0a3b65-d36c-4f93-b232-3c8e6f6667b6: receive RaftClientReply:client-DF3A7F9F7866->dd0a3b65-d36c-4f93-b232-3c8e6f6667b6@group-B02456D89C11, cid=1109, SUCCESS, logIndex=1605, commits[dd0a3b65-d36c-4f93-b232-3c8e6f6667b6:c1606]
2019-09-18 13:04:06,870 [grpc-default-executor-0] INFO  client.GrpcClientProtocolClient (GrpcClientProtocolClient.java:onNext(264)) - client-DF3A7F9F7866->dd0a3b65-d36c-4f93-b232-3c8e6f6667b6: receive RaftClientReply:client-DF3A7F9F7866->dd0a3b65-d36c-4f93-b232-3c8e6f6667b6@group-B02456D89C11, cid=1110, SUCCESS, logIndex=1606, commits[dd0a3b65-d36c-4f93-b232-3c8e6f6667b6:c1608]
2019-09-18 13:04:06,871 [grpc-default-executor-0] INFO  client.GrpcClientProtocolClient (GrpcClientProtocolClient.java:onNext(264)) - client-DF3A7F9F7866->dd0a3b65-d36c-4f93-b232-3c8e6f6667b6: receive RaftClientReply:client-DF3A7F9F7866->dd0a3b65-d36c-4f93-b232-3c8e6f6667b6@group-B02456D89C11, cid=1111, SUCCESS, logIndex=1607, commits[dd0a3b65-d36c-4f93-b232-3c8e6f6667b6:c1608]
2019-09-18 13:04:06,871 [grpc-default-executor-0] INFO  client.GrpcClientProtocolClient (GrpcClientProtocolClient.java:onNext(264)) - client-DF3A7F9F7866->dd0a3b65-d36c-4f93-b232-3c8e6f6667b6: receive RaftClientReply:client-DF3A7F9F7866->dd0a3b65-d36c-4f93-b232-3c8e6f6667b6@group-B02456D89C11, cid=1112, SUCCESS, logIndex=1608, commits[dd0a3b65-d36c-4f93-b232-3c8e6f6667b6:c1609]
2019-09-18 13:04:06,903 [grpc-default-executor-0] INFO  client.GrpcClientProtocolClient (GrpcClientProtocolClient.java:onNext(264)) - client-DF3A7F9F7866->dd0a3b65-d36c-4f93-b232-3c8e6f6667b6: receive RaftClientReply:client-DF3A7F9F7866->dd0a3b65-d36c-4f93-b232-3c8e6f6667b6@group-B02456D89C11, cid=1113, SUCCESS, logIndex=1611, commits[dd0a3b65-d36c-4f93-b232-3c8e6f6667b6:c1614]
2019-09-18 13:04:06,903 [grpc-default-executor-0] INFO  client.GrpcClientProtocolClient (GrpcClientProtocolClient.java:onNext(264)) - client-DF3A7F9F7866->dd0a3b65-d36c-4f93-b232-3c8e6f6667b6: receive RaftClientReply:client-DF3A7F9F7866->dd0a3b65-d36c-4f93-b232-3c8e6f6667b6@group-B02456D89C11, cid=1114, SUCCESS, logIndex=1612, commits[dd0a3b65-d36c-4f93-b232-3c8e6f6667b6:c1615]
2019-09-18 13:04:06,904 [grpc-default-executor-0] INFO  client.GrpcClientProtocolClient (GrpcClientProtocolClient.java:onNext(264)) - client-DF3A7F9F7866->dd0a3b65-d36c-4f93-b232-3c8e6f6667b6: receive RaftClientReply:client-DF3A7F9F7866->dd0a3b65-d36c-4f93-b232-3c8e6f6667b6@group-B02456D89C11, cid=1115, SUCCESS, logIndex=1613, commits[dd0a3b65-d36c-4f93-b232-3c8e6f6667b6:c1615]
2019-09-18 13:04:06,904 [grpc-default-executor-0] INFO  client.GrpcClientProtocolClient (GrpcClientProtocolClient.java:onNext(264)) - client-DF3A7F9F7866->dd0a3b65-d36c-4f93-b232-3c8e6f6667b6: receive RaftClientReply:client-DF3A7F9F7866->dd0a3b65-d36c-4f93-b232-3c8e6f6667b6@group-B02456D89C11, cid=1116, SUCCESS, logIndex=1614, commits[dd0a3b65-d36c-4f93-b232-3c8e6f6667b6:c1615]
2019-09-18 13:04:06,917 [grpc-default-executor-0] INFO  client.GrpcClientProtocolClient (GrpcClientProtocolClient.java:onNext(264)) - client-DF3A7F9F7866->dd0a3b65-d36c-4f93-b232-3c8e6f6667b6: receive RaftClientReply:client-DF3A7F9F7866->dd0a3b65-d36c-4f93-b232-3c8e6f6667b6@group-B02456D89C11, cid=1117, SUCCESS, logIndex=1616, commits[dd0a3b65-d36c-4f93-b232-3c8e6f6667b6:c1619]
2019-09-18 13:04:06,918 [grpc-default-executor-0] INFO  client.GrpcClientProtocolClient (GrpcClientProtocolClient.java:onNext(264)) - client-DF3A7F9F7866->dd0a3b65-d36c-4f93-b232-3c8e6f6667b6: receive RaftClientReply:client-DF3A7F9F7866->dd0a3b65-d36c-4f93-b232-3c8e6f6667b6@group-B02456D89C11, cid=1118, SUCCESS, logIndex=1617, commits[dd0a3b65-d36c-4f93-b232-3c8e6f6667b6:c1619]
2019-09-18 13:04:06,918 [grpc-default-executor-0] INFO  client.GrpcClientProtocolClient (GrpcClientProtocolClient.java:onNext(264)) - client-DF3A7F9F7866->dd0a3b65-d36c-4f93-b232-3c8e6f6667b6: receive RaftClientReply:client-DF3A7F9F7866->dd0a3b65-d36c-4f93-b232-3c8e6f6667b6@group-B02456D89C11, cid=1119, SUCCESS, logIndex=1618, commits[dd0a3b65-d36c-4f93-b232-3c8e6f6667b6:c1619]
2019-09-18 13:04:06,919 [grpc-default-executor-0] INFO  client.GrpcClientProtocolClient (GrpcClientProtocolClient.java:onNext(264)) - client-DF3A7F9F7866->dd0a3b65-d36c-4f93-b232-3c8e6f6667b6: receive RaftClientReply:client-DF3A7F9F7866->dd0a3b65-d36c-4f93-b232-3c8e6f6667b6@group-B02456D89C11, cid=1120, SUCCESS, logIndex=1619, commits[dd0a3b65-d36c-4f93-b232-3c8e6f6667b6:c1620]
2019-09-18 13:04:06,921 [SCMBlockDeletingService#0] DEBUG block.SCMBlockDeletingService (SCMBlockDeletingService.java:call(138)) - Running DeletedBlockTransactionScanner
2019-09-18 13:04:06,922 [SCMBlockDeletingService#0] DEBUG block.SCMBlockDeletingService (SCMBlockDeletingService.java:call(155)) - Scanned deleted blocks log and got 0 delTX to process.
2019-09-18 13:04:06,945 [grpc-default-executor-0] INFO  client.GrpcClientProtocolClient (GrpcClientProtocolClient.java:onNext(264)) - client-DF3A7F9F7866->dd0a3b65-d36c-4f93-b232-3c8e6f6667b6: receive RaftClientReply:client-DF3A7F9F7866->dd0a3b65-d36c-4f93-b232-3c8e6f6667b6@group-B02456D89C11, cid=1121, SUCCESS, logIndex=1621, commits[dd0a3b65-d36c-4f93-b232-3c8e6f6667b6:c1624]
2019-09-18 13:04:06,945 [grpc-default-executor-0] INFO  client.GrpcClientProtocolClient (GrpcClientProtocolClient.java:onNext(264)) - client-DF3A7F9F7866->dd0a3b65-d36c-4f93-b232-3c8e6f6667b6: receive RaftClientReply:client-DF3A7F9F7866->dd0a3b65-d36c-4f93-b232-3c8e6f6667b6@group-B02456D89C11, cid=1122, SUCCESS, logIndex=1622, commits[dd0a3b65-d36c-4f93-b232-3c8e6f6667b6:c1625]
2019-09-18 13:04:06,945 [grpc-default-executor-0] INFO  client.GrpcClientProtocolClient (GrpcClientProtocolClient.java:onNext(264)) - client-DF3A7F9F7866->dd0a3b65-d36c-4f93-b232-3c8e6f6667b6: receive RaftClientReply:client-DF3A7F9F7866->dd0a3b65-d36c-4f93-b232-3c8e6f6667b6@group-B02456D89C11, cid=1123, SUCCESS, logIndex=1623, commits[dd0a3b65-d36c-4f93-b232-3c8e6f6667b6:c1625]
2019-09-18 13:04:06,946 [grpc-default-executor-0] INFO  client.GrpcClientProtocolClient (GrpcClientProtocolClient.java:onNext(264)) - client-DF3A7F9F7866->dd0a3b65-d36c-4f93-b232-3c8e6f6667b6: receive RaftClientReply:client-DF3A7F9F7866->dd0a3b65-d36c-4f93-b232-3c8e6f6667b6@group-B02456D89C11, cid=1124, SUCCESS, logIndex=1624, commits[dd0a3b65-d36c-4f93-b232-3c8e6f6667b6:c1625]
2019-09-18 13:04:06,965 [grpc-default-executor-1] INFO  client.GrpcClientProtocolClient (GrpcClientProtocolClient.java:onNext(264)) - client-DF3A7F9F7866->dd0a3b65-d36c-4f93-b232-3c8e6f6667b6: receive RaftClientReply:client-DF3A7F9F7866->dd0a3b65-d36c-4f93-b232-3c8e6f6667b6@group-B02456D89C11, cid=1125, SUCCESS, logIndex=1626, commits[dd0a3b65-d36c-4f93-b232-3c8e6f6667b6:c1629]
2019-09-18 13:04:06,966 [grpc-default-executor-1] INFO  client.GrpcClientProtocolClient (GrpcClientProtocolClient.java:onNext(264)) - client-DF3A7F9F7866->dd0a3b65-d36c-4f93-b232-3c8e6f6667b6: receive RaftClientReply:client-DF3A7F9F7866->dd0a3b65-d36c-4f93-b232-3c8e6f6667b6@group-B02456D89C11, cid=1126, SUCCESS, logIndex=1627, commits[dd0a3b65-d36c-4f93-b232-3c8e6f6667b6:c1630]
2019-09-18 13:04:06,966 [grpc-default-executor-1] INFO  client.GrpcClientProtocolClient (GrpcClientProtocolClient.java:onNext(264)) - client-DF3A7F9F7866->dd0a3b65-d36c-4f93-b232-3c8e6f6667b6: receive RaftClientReply:client-DF3A7F9F7866->dd0a3b65-d36c-4f93-b232-3c8e6f6667b6@group-B02456D89C11, cid=1127, SUCCESS, logIndex=1628, commits[dd0a3b65-d36c-4f93-b232-3c8e6f6667b6:c1630]
2019-09-18 13:04:06,967 [grpc-default-executor-1] INFO  client.GrpcClientProtocolClient (GrpcClientProtocolClient.java:onNext(264)) - client-DF3A7F9F7866->dd0a3b65-d36c-4f93-b232-3c8e6f6667b6: receive RaftClientReply:client-DF3A7F9F7866->dd0a3b65-d36c-4f93-b232-3c8e6f6667b6@group-B02456D89C11, cid=1128, SUCCESS, logIndex=1629, commits[dd0a3b65-d36c-4f93-b232-3c8e6f6667b6:c1630]
2019-09-18 13:04:06,993 [grpc-default-executor-0] INFO  client.GrpcClientProtocolClient (GrpcClientProtocolClient.java:onNext(264)) - client-DF3A7F9F7866->dd0a3b65-d36c-4f93-b232-3c8e6f6667b6: receive RaftClientReply:client-DF3A7F9F7866->dd0a3b65-d36c-4f93-b232-3c8e6f6667b6@group-B02456D89C11, cid=1129, SUCCESS, logIndex=1631, commits[dd0a3b65-d36c-4f93-b232-3c8e6f6667b6:c1634]
2019-09-18 13:04:06,993 [grpc-default-executor-0] INFO  client.GrpcClientProtocolClient (GrpcClientProtocolClient.java:onNext(264)) - client-DF3A7F9F7866->dd0a3b65-d36c-4f93-b232-3c8e6f6667b6: receive RaftClientReply:client-DF3A7F9F7866->dd0a3b65-d36c-4f93-b232-3c8e6f6667b6@group-B02456D89C11, cid=1130, SUCCESS, logIndex=1632, commits[dd0a3b65-d36c-4f93-b232-3c8e6f6667b6:c1635]
2019-09-18 13:04:06,994 [grpc-default-executor-0] INFO  client.GrpcClientProtocolClient (GrpcClientProtocolClient.java:onNext(264)) - client-DF3A7F9F7866->dd0a3b65-d36c-4f93-b232-3c8e6f6667b6: receive RaftClientReply:client-DF3A7F9F7866->dd0a3b65-d36c-4f93-b232-3c8e6f6667b6@group-B02456D89C11, cid=1131, SUCCESS, logIndex=1633, commits[dd0a3b65-d36c-4f93-b232-3c8e6f6667b6:c1635]
2019-09-18 13:04:06,994 [grpc-default-executor-0] INFO  client.GrpcClientProtocolClient (GrpcClientProtocolClient.java:onNext(264)) - client-DF3A7F9F7866->dd0a3b65-d36c-4f93-b232-3c8e6f6667b6: receive RaftClientReply:client-DF3A7F9F7866->dd0a3b65-d36c-4f93-b232-3c8e6f6667b6@group-B02456D89C11, cid=1132, SUCCESS, logIndex=1634, commits[dd0a3b65-d36c-4f93-b232-3c8e6f6667b6:c1635]
2019-09-18 13:04:07,013 [grpc-default-executor-1] INFO  client.GrpcClientProtocolClient (GrpcClientProtocolClient.java:onNext(264)) - client-DF3A7F9F7866->dd0a3b65-d36c-4f93-b232-3c8e6f6667b6: receive RaftClientReply:client-DF3A7F9F7866->dd0a3b65-d36c-4f93-b232-3c8e6f6667b6@group-B02456D89C11, cid=1133, SUCCESS, logIndex=1636, commits[dd0a3b65-d36c-4f93-b232-3c8e6f6667b6:c1639]
2019-09-18 13:04:07,014 [grpc-default-executor-1] INFO  client.GrpcClientProtocolClient (GrpcClientProtocolClient.java:onNext(264)) - client-DF3A7F9F7866->dd0a3b65-d36c-4f93-b232-3c8e6f6667b6: receive RaftClientReply:client-DF3A7F9F7866->dd0a3b65-d36c-4f93-b232-3c8e6f6667b6@group-B02456D89C11, cid=1134, SUCCESS, logIndex=1637, commits[dd0a3b65-d36c-4f93-b232-3c8e6f6667b6:c1640]
2019-09-18 13:04:07,014 [grpc-default-executor-1] INFO  client.GrpcClientProtocolClient (GrpcClientProtocolClient.java:onNext(264)) - client-DF3A7F9F7866->dd0a3b65-d36c-4f93-b232-3c8e6f6667b6: receive RaftClientReply:client-DF3A7F9F7866->dd0a3b65-d36c-4f93-b232-3c8e6f6667b6@group-B02456D89C11, cid=1135, SUCCESS, logIndex=1638, commits[dd0a3b65-d36c-4f93-b232-3c8e6f6667b6:c1640]
2019-09-18 13:04:07,014 [grpc-default-executor-1] INFO  client.GrpcClientProtocolClient (GrpcClientProtocolClient.java:onNext(264)) - client-DF3A7F9F7866->dd0a3b65-d36c-4f93-b232-3c8e6f6667b6: receive RaftClientReply:client-DF3A7F9F7866->dd0a3b65-d36c-4f93-b232-3c8e6f6667b6@group-B02456D89C11, cid=1136, SUCCESS, logIndex=1639, commits[dd0a3b65-d36c-4f93-b232-3c8e6f6667b6:c1640]
2019-09-18 13:04:07,022 [SCMBlockDeletingService#0] DEBUG block.SCMBlockDeletingService (SCMBlockDeletingService.java:call(138)) - Running DeletedBlockTransactionScanner
2019-09-18 13:04:07,022 [SCMBlockDeletingService#0] DEBUG block.SCMBlockDeletingService (SCMBlockDeletingService.java:call(155)) - Scanned deleted blocks log and got 0 delTX to process.
2019-09-18 13:04:07,046 [grpc-default-executor-1] INFO  client.GrpcClientProtocolClient (GrpcClientProtocolClient.java:onNext(264)) - client-DF3A7F9F7866->dd0a3b65-d36c-4f93-b232-3c8e6f6667b6: receive RaftClientReply:client-DF3A7F9F7866->dd0a3b65-d36c-4f93-b232-3c8e6f6667b6@group-B02456D89C11, cid=1137, SUCCESS, logIndex=1641, commits[dd0a3b65-d36c-4f93-b232-3c8e6f6667b6:c1642]
2019-09-18 13:04:07,047 [grpc-default-executor-1] INFO  client.GrpcClientProtocolClient (GrpcClientProtocolClient.java:onNext(264)) - client-DF3A7F9F7866->dd0a3b65-d36c-4f93-b232-3c8e6f6667b6: receive RaftClientReply:client-DF3A7F9F7866->dd0a3b65-d36c-4f93-b232-3c8e6f6667b6@group-B02456D89C11, cid=1138, SUCCESS, logIndex=1642, commits[dd0a3b65-d36c-4f93-b232-3c8e6f6667b6:c1644]
2019-09-18 13:04:07,047 [grpc-default-executor-1] INFO  client.GrpcClientProtocolClient (GrpcClientProtocolClient.java:onNext(264)) - client-DF3A7F9F7866->dd0a3b65-d36c-4f93-b232-3c8e6f6667b6: receive RaftClientReply:client-DF3A7F9F7866->dd0a3b65-d36c-4f93-b232-3c8e6f6667b6@group-B02456D89C11, cid=1139, SUCCESS, logIndex=1643, commits[dd0a3b65-d36c-4f93-b232-3c8e6f6667b6:c1645]
2019-09-18 13:04:07,047 [grpc-default-executor-1] INFO  client.GrpcClientProtocolClient (GrpcClientProtocolClient.java:onNext(264)) - client-DF3A7F9F7866->dd0a3b65-d36c-4f93-b232-3c8e6f6667b6: receive RaftClientReply:client-DF3A7F9F7866->dd0a3b65-d36c-4f93-b232-3c8e6f6667b6@group-B02456D89C11, cid=1140, SUCCESS, logIndex=1644, commits[dd0a3b65-d36c-4f93-b232-3c8e6f6667b6:c1645]
2019-09-18 13:04:07,066 [grpc-default-executor-1] INFO  client.GrpcClientProtocolClient (GrpcClientProtocolClient.java:onNext(264)) - client-DF3A7F9F7866->dd0a3b65-d36c-4f93-b232-3c8e6f6667b6: receive RaftClientReply:client-DF3A7F9F7866->dd0a3b65-d36c-4f93-b232-3c8e6f6667b6@group-B02456D89C11, cid=1141, SUCCESS, logIndex=1647, commits[dd0a3b65-d36c-4f93-b232-3c8e6f6667b6:c1650]
2019-09-18 13:04:07,066 [grpc-default-executor-1] INFO  client.GrpcClientProtocolClient (GrpcClientProtocolClient.java:onNext(264)) - client-DF3A7F9F7866->dd0a3b65-d36c-4f93-b232-3c8e6f6667b6: receive RaftClientReply:client-DF3A7F9F7866->dd0a3b65-d36c-4f93-b232-3c8e6f6667b6@group-B02456D89C11, cid=1142, SUCCESS, logIndex=1648, commits[dd0a3b65-d36c-4f93-b232-3c8e6f6667b6:c1651]
2019-09-18 13:04:07,066 [grpc-default-executor-1] INFO  client.GrpcClientProtocolClient (GrpcClientProtocolClient.java:onNext(264)) - client-DF3A7F9F7866->dd0a3b65-d36c-4f93-b232-3c8e6f6667b6: receive RaftClientReply:client-DF3A7F9F7866->dd0a3b65-d36c-4f93-b232-3c8e6f6667b6@group-B02456D89C11, cid=1143, SUCCESS, logIndex=1649, commits[dd0a3b65-d36c-4f93-b232-3c8e6f6667b6:c1651]
2019-09-18 13:04:07,066 [grpc-default-executor-1] INFO  client.GrpcClientProtocolClient (GrpcClientProtocolClient.java:onNext(264)) - client-DF3A7F9F7866->dd0a3b65-d36c-4f93-b232-3c8e6f6667b6: receive RaftClientReply:client-DF3A7F9F7866->dd0a3b65-d36c-4f93-b232-3c8e6f6667b6@group-B02456D89C11, cid=1144, SUCCESS, logIndex=1650, commits[dd0a3b65-d36c-4f93-b232-3c8e6f6667b6:c1651]
2019-09-18 13:04:07,082 [grpc-default-executor-1] INFO  client.GrpcClientProtocolClient (GrpcClientProtocolClient.java:onNext(264)) - client-DF3A7F9F7866->dd0a3b65-d36c-4f93-b232-3c8e6f6667b6: receive RaftClientReply:client-DF3A7F9F7866->dd0a3b65-d36c-4f93-b232-3c8e6f6667b6@group-B02456D89C11, cid=1145, SUCCESS, logIndex=1652, commits[dd0a3b65-d36c-4f93-b232-3c8e6f6667b6:c1653]
2019-09-18 13:04:07,083 [grpc-default-executor-1] INFO  client.GrpcClientProtocolClient (GrpcClientProtocolClient.java:onNext(264)) - client-DF3A7F9F7866->dd0a3b65-d36c-4f93-b232-3c8e6f6667b6: receive RaftClientReply:client-DF3A7F9F7866->dd0a3b65-d36c-4f93-b232-3c8e6f6667b6@group-B02456D89C11, cid=1146, SUCCESS, logIndex=1653, commits[dd0a3b65-d36c-4f93-b232-3c8e6f6667b6:c1653]
2019-09-18 13:04:07,084 [grpc-default-executor-1] INFO  client.GrpcClientProtocolClient (GrpcClientProtocolClient.java:onNext(264)) - client-DF3A7F9F7866->dd0a3b65-d36c-4f93-b232-3c8e6f6667b6: receive RaftClientReply:client-DF3A7F9F7866->dd0a3b65-d36c-4f93-b232-3c8e6f6667b6@group-B02456D89C11, cid=1147, SUCCESS, logIndex=1654, commits[dd0a3b65-d36c-4f93-b232-3c8e6f6667b6:c1656]
2019-09-18 13:04:07,085 [grpc-default-executor-1] INFO  client.GrpcClientProtocolClient (GrpcClientProtocolClient.java:onNext(264)) - client-DF3A7F9F7866->dd0a3b65-d36c-4f93-b232-3c8e6f6667b6: receive RaftClientReply:client-DF3A7F9F7866->dd0a3b65-d36c-4f93-b232-3c8e6f6667b6@group-B02456D89C11, cid=1148, SUCCESS, logIndex=1655, commits[dd0a3b65-d36c-4f93-b232-3c8e6f6667b6:c1656]
2019-09-18 13:04:07,123 [SCMBlockDeletingService#0] DEBUG block.SCMBlockDeletingService (SCMBlockDeletingService.java:call(138)) - Running DeletedBlockTransactionScanner
2019-09-18 13:04:07,123 [SCMBlockDeletingService#0] DEBUG block.SCMBlockDeletingService (SCMBlockDeletingService.java:call(155)) - Scanned deleted blocks log and got 0 delTX to process.
2019-09-18 13:04:07,187 [grpc-default-executor-1] INFO  client.GrpcClientProtocolClient (GrpcClientProtocolClient.java:onNext(264)) - client-DF3A7F9F7866->dd0a3b65-d36c-4f93-b232-3c8e6f6667b6: receive RaftClientReply:client-DF3A7F9F7866->dd0a3b65-d36c-4f93-b232-3c8e6f6667b6@group-B02456D89C11, cid=1149, SUCCESS, logIndex=1657, commits[dd0a3b65-d36c-4f93-b232-3c8e6f6667b6:c1658]
2019-09-18 13:04:07,187 [grpc-default-executor-1] INFO  client.GrpcClientProtocolClient (GrpcClientProtocolClient.java:onNext(264)) - client-DF3A7F9F7866->dd0a3b65-d36c-4f93-b232-3c8e6f6667b6: receive RaftClientReply:client-DF3A7F9F7866->dd0a3b65-d36c-4f93-b232-3c8e6f6667b6@group-B02456D89C11, cid=1150, SUCCESS, logIndex=1658, commits[dd0a3b65-d36c-4f93-b232-3c8e6f6667b6:c1658]
2019-09-18 13:04:07,187 [grpc-default-executor-1] INFO  client.GrpcClientProtocolClient (GrpcClientProtocolClient.java:onNext(264)) - client-DF3A7F9F7866->dd0a3b65-d36c-4f93-b232-3c8e6f6667b6: receive RaftClientReply:client-DF3A7F9F7866->dd0a3b65-d36c-4f93-b232-3c8e6f6667b6@group-B02456D89C11, cid=1151, SUCCESS, logIndex=1659, commits[dd0a3b65-d36c-4f93-b232-3c8e6f6667b6:c1660]
2019-09-18 13:04:07,187 [grpc-default-executor-1] INFO  client.GrpcClientProtocolClient (GrpcClientProtocolClient.java:onNext(264)) - client-DF3A7F9F7866->dd0a3b65-d36c-4f93-b232-3c8e6f6667b6: receive RaftClientReply:client-DF3A7F9F7866->dd0a3b65-d36c-4f93-b232-3c8e6f6667b6@group-B02456D89C11, cid=1152, SUCCESS, logIndex=1660, commits[dd0a3b65-d36c-4f93-b232-3c8e6f6667b6:c1660]
2019-09-18 13:04:07,215 [grpc-default-executor-1] INFO  client.GrpcClientProtocolClient (GrpcClientProtocolClient.java:onNext(264)) - client-DF3A7F9F7866->dd0a3b65-d36c-4f93-b232-3c8e6f6667b6: receive RaftClientReply:client-DF3A7F9F7866->dd0a3b65-d36c-4f93-b232-3c8e6f6667b6@group-B02456D89C11, cid=1153, SUCCESS, logIndex=1663, commits[dd0a3b65-d36c-4f93-b232-3c8e6f6667b6:c1666]
2019-09-18 13:04:07,215 [grpc-default-executor-1] INFO  client.GrpcClientProtocolClient (GrpcClientProtocolClient.java:onNext(264)) - client-DF3A7F9F7866->dd0a3b65-d36c-4f93-b232-3c8e6f6667b6: receive RaftClientReply:client-DF3A7F9F7866->dd0a3b65-d36c-4f93-b232-3c8e6f6667b6@group-B02456D89C11, cid=1154, SUCCESS, logIndex=1664, commits[dd0a3b65-d36c-4f93-b232-3c8e6f6667b6:c1667]
2019-09-18 13:04:07,215 [grpc-default-executor-1] INFO  client.GrpcClientProtocolClient (GrpcClientProtocolClient.java:onNext(264)) - client-DF3A7F9F7866->dd0a3b65-d36c-4f93-b232-3c8e6f6667b6: receive RaftClientReply:client-DF3A7F9F7866->dd0a3b65-d36c-4f93-b232-3c8e6f6667b6@group-B02456D89C11, cid=1155, SUCCESS, logIndex=1665, commits[dd0a3b65-d36c-4f93-b232-3c8e6f6667b6:c1667]
2019-09-18 13:04:07,216 [grpc-default-executor-1] INFO  client.GrpcClientProtocolClient (GrpcClientProtocolClient.java:onNext(264)) - client-DF3A7F9F7866->dd0a3b65-d36c-4f93-b232-3c8e6f6667b6: receive RaftClientReply:client-DF3A7F9F7866->dd0a3b65-d36c-4f93-b232-3c8e6f6667b6@group-B02456D89C11, cid=1156, SUCCESS, logIndex=1666, commits[dd0a3b65-d36c-4f93-b232-3c8e6f6667b6:c1667]
2019-09-18 13:04:07,224 [SCMBlockDeletingService#0] DEBUG block.SCMBlockDeletingService (SCMBlockDeletingService.java:call(138)) - Running DeletedBlockTransactionScanner
2019-09-18 13:04:07,224 [SCMBlockDeletingService#0] DEBUG block.SCMBlockDeletingService (SCMBlockDeletingService.java:call(155)) - Scanned deleted blocks log and got 0 delTX to process.
2019-09-18 13:04:07,238 [grpc-default-executor-1] INFO  client.GrpcClientProtocolClient (GrpcClientProtocolClient.java:onNext(264)) - client-DF3A7F9F7866->dd0a3b65-d36c-4f93-b232-3c8e6f6667b6: receive RaftClientReply:client-DF3A7F9F7866->dd0a3b65-d36c-4f93-b232-3c8e6f6667b6@group-B02456D89C11, cid=1157, SUCCESS, logIndex=1668, commits[dd0a3b65-d36c-4f93-b232-3c8e6f6667b6:c1671]
2019-09-18 13:04:07,239 [grpc-default-executor-1] INFO  client.GrpcClientProtocolClient (GrpcClientProtocolClient.java:onNext(264)) - client-DF3A7F9F7866->dd0a3b65-d36c-4f93-b232-3c8e6f6667b6: receive RaftClientReply:client-DF3A7F9F7866->dd0a3b65-d36c-4f93-b232-3c8e6f6667b6@group-B02456D89C11, cid=1158, SUCCESS, logIndex=1669, commits[dd0a3b65-d36c-4f93-b232-3c8e6f6667b6:c1671]
2019-09-18 13:04:07,239 [grpc-default-executor-1] INFO  client.GrpcClientProtocolClient (GrpcClientProtocolClient.java:onNext(264)) - client-DF3A7F9F7866->dd0a3b65-d36c-4f93-b232-3c8e6f6667b6: receive RaftClientReply:client-DF3A7F9F7866->dd0a3b65-d36c-4f93-b232-3c8e6f6667b6@group-B02456D89C11, cid=1159, SUCCESS, logIndex=1670, commits[dd0a3b65-d36c-4f93-b232-3c8e6f6667b6:c1671]
2019-09-18 13:04:07,239 [grpc-default-executor-1] INFO  client.GrpcClientProtocolClient (GrpcClientProtocolClient.java:onNext(264)) - client-DF3A7F9F7866->dd0a3b65-d36c-4f93-b232-3c8e6f6667b6: receive RaftClientReply:client-DF3A7F9F7866->dd0a3b65-d36c-4f93-b232-3c8e6f6667b6@group-B02456D89C11, cid=1160, SUCCESS, logIndex=1671, commits[dd0a3b65-d36c-4f93-b232-3c8e6f6667b6:c1671]
2019-09-18 13:04:07,265 [grpc-default-executor-1] INFO  client.GrpcClientProtocolClient (GrpcClientProtocolClient.java:onNext(264)) - client-DF3A7F9F7866->dd0a3b65-d36c-4f93-b232-3c8e6f6667b6: receive RaftClientReply:client-DF3A7F9F7866->dd0a3b65-d36c-4f93-b232-3c8e6f6667b6@group-B02456D89C11, cid=1161, SUCCESS, logIndex=1673, commits[dd0a3b65-d36c-4f93-b232-3c8e6f6667b6:c1674]
2019-09-18 13:04:07,265 [grpc-default-executor-1] INFO  client.GrpcClientProtocolClient (GrpcClientProtocolClient.java:onNext(264)) - client-DF3A7F9F7866->dd0a3b65-d36c-4f93-b232-3c8e6f6667b6: receive RaftClientReply:client-DF3A7F9F7866->dd0a3b65-d36c-4f93-b232-3c8e6f6667b6@group-B02456D89C11, cid=1162, SUCCESS, logIndex=1674, commits[dd0a3b65-d36c-4f93-b232-3c8e6f6667b6:c1676]
2019-09-18 13:04:07,265 [grpc-default-executor-1] INFO  client.GrpcClientProtocolClient (GrpcClientProtocolClient.java:onNext(264)) - client-DF3A7F9F7866->dd0a3b65-d36c-4f93-b232-3c8e6f6667b6: receive RaftClientReply:client-DF3A7F9F7866->dd0a3b65-d36c-4f93-b232-3c8e6f6667b6@group-B02456D89C11, cid=1163, SUCCESS, logIndex=1675, commits[dd0a3b65-d36c-4f93-b232-3c8e6f6667b6:c1676]
2019-09-18 13:04:07,266 [grpc-default-executor-1] INFO  client.GrpcClientProtocolClient (GrpcClientProtocolClient.java:onNext(264)) - client-DF3A7F9F7866->dd0a3b65-d36c-4f93-b232-3c8e6f6667b6: receive RaftClientReply:client-DF3A7F9F7866->dd0a3b65-d36c-4f93-b232-3c8e6f6667b6@group-B02456D89C11, cid=1164, SUCCESS, logIndex=1676, commits[dd0a3b65-d36c-4f93-b232-3c8e6f6667b6:c1677]
2019-09-18 13:04:07,284 [grpc-default-executor-1] INFO  client.GrpcClientProtocolClient (GrpcClientProtocolClient.java:onNext(264)) - client-DF3A7F9F7866->dd0a3b65-d36c-4f93-b232-3c8e6f6667b6: receive RaftClientReply:client-DF3A7F9F7866->dd0a3b65-d36c-4f93-b232-3c8e6f6667b6@group-B02456D89C11, cid=1165, SUCCESS, logIndex=1679, commits[dd0a3b65-d36c-4f93-b232-3c8e6f6667b6:c1680]
2019-09-18 13:04:07,284 [grpc-default-executor-1] INFO  client.GrpcClientProtocolClient (GrpcClientProtocolClient.java:onNext(264)) - client-DF3A7F9F7866->dd0a3b65-d36c-4f93-b232-3c8e6f6667b6: receive RaftClientReply:client-DF3A7F9F7866->dd0a3b65-d36c-4f93-b232-3c8e6f6667b6@group-B02456D89C11, cid=1166, SUCCESS, logIndex=1680, commits[dd0a3b65-d36c-4f93-b232-3c8e6f6667b6:c1682]
2019-09-18 13:04:07,284 [grpc-default-executor-1] INFO  client.GrpcClientProtocolClient (GrpcClientProtocolClient.java:onNext(264)) - client-DF3A7F9F7866->dd0a3b65-d36c-4f93-b232-3c8e6f6667b6: receive RaftClientReply:client-DF3A7F9F7866->dd0a3b65-d36c-4f93-b232-3c8e6f6667b6@group-B02456D89C11, cid=1167, SUCCESS, logIndex=1681, commits[dd0a3b65-d36c-4f93-b232-3c8e6f6667b6:c1682]
2019-09-18 13:04:07,284 [grpc-default-executor-1] INFO  client.GrpcClientProtocolClient (GrpcClientProtocolClient.java:onNext(264)) - client-DF3A7F9F7866->dd0a3b65-d36c-4f93-b232-3c8e6f6667b6: receive RaftClientReply:client-DF3A7F9F7866->dd0a3b65-d36c-4f93-b232-3c8e6f6667b6@group-B02456D89C11, cid=1168, SUCCESS, logIndex=1682, commits[dd0a3b65-d36c-4f93-b232-3c8e6f6667b6:c1682]
2019-09-18 13:04:07,311 [grpc-default-executor-1] INFO  client.GrpcClientProtocolClient (GrpcClientProtocolClient.java:onNext(264)) - client-DF3A7F9F7866->dd0a3b65-d36c-4f93-b232-3c8e6f6667b6: receive RaftClientReply:client-DF3A7F9F7866->dd0a3b65-d36c-4f93-b232-3c8e6f6667b6@group-B02456D89C11, cid=1169, SUCCESS, logIndex=1685, commits[dd0a3b65-d36c-4f93-b232-3c8e6f6667b6:c1688]
2019-09-18 13:04:07,311 [grpc-default-executor-1] INFO  client.GrpcClientProtocolClient (GrpcClientProtocolClient.java:onNext(264)) - client-DF3A7F9F7866->dd0a3b65-d36c-4f93-b232-3c8e6f6667b6: receive RaftClientReply:client-DF3A7F9F7866->dd0a3b65-d36c-4f93-b232-3c8e6f6667b6@group-B02456D89C11, cid=1170, SUCCESS, logIndex=1686, commits[dd0a3b65-d36c-4f93-b232-3c8e6f6667b6:c1689]
2019-09-18 13:04:07,311 [grpc-default-executor-1] INFO  client.GrpcClientProtocolClient (GrpcClientProtocolClient.java:onNext(264)) - client-DF3A7F9F7866->dd0a3b65-d36c-4f93-b232-3c8e6f6667b6: receive RaftClientReply:client-DF3A7F9F7866->dd0a3b65-d36c-4f93-b232-3c8e6f6667b6@group-B02456D89C11, cid=1171, SUCCESS, logIndex=1687, commits[dd0a3b65-d36c-4f93-b232-3c8e6f6667b6:c1689]
2019-09-18 13:04:07,312 [grpc-default-executor-1] INFO  client.GrpcClientProtocolClient (GrpcClientProtocolClient.java:onNext(264)) - client-DF3A7F9F7866->dd0a3b65-d36c-4f93-b232-3c8e6f6667b6: receive RaftClientReply:client-DF3A7F9F7866->dd0a3b65-d36c-4f93-b232-3c8e6f6667b6@group-B02456D89C11, cid=1172, SUCCESS, logIndex=1688, commits[dd0a3b65-d36c-4f93-b232-3c8e6f6667b6:c1689]
2019-09-18 13:04:07,324 [SCMBlockDeletingService#0] DEBUG block.SCMBlockDeletingService (SCMBlockDeletingService.java:call(138)) - Running DeletedBlockTransactionScanner
2019-09-18 13:04:07,325 [SCMBlockDeletingService#0] DEBUG block.SCMBlockDeletingService (SCMBlockDeletingService.java:call(155)) - Scanned deleted blocks log and got 0 delTX to process.
2019-09-18 13:04:07,329 [grpc-default-executor-1] INFO  client.GrpcClientProtocolClient (GrpcClientProtocolClient.java:onNext(264)) - client-DF3A7F9F7866->dd0a3b65-d36c-4f93-b232-3c8e6f6667b6: receive RaftClientReply:client-DF3A7F9F7866->dd0a3b65-d36c-4f93-b232-3c8e6f6667b6@group-B02456D89C11, cid=1173, SUCCESS, logIndex=1690, commits[dd0a3b65-d36c-4f93-b232-3c8e6f6667b6:c1691]
2019-09-18 13:04:07,330 [grpc-default-executor-1] INFO  client.GrpcClientProtocolClient (GrpcClientProtocolClient.java:onNext(264)) - client-DF3A7F9F7866->dd0a3b65-d36c-4f93-b232-3c8e6f6667b6: receive RaftClientReply:client-DF3A7F9F7866->dd0a3b65-d36c-4f93-b232-3c8e6f6667b6@group-B02456D89C11, cid=1174, SUCCESS, logIndex=1691, commits[dd0a3b65-d36c-4f93-b232-3c8e6f6667b6:c1693]
2019-09-18 13:04:07,330 [grpc-default-executor-1] INFO  client.GrpcClientProtocolClient (GrpcClientProtocolClient.java:onNext(264)) - client-DF3A7F9F7866->dd0a3b65-d36c-4f93-b232-3c8e6f6667b6: receive RaftClientReply:client-DF3A7F9F7866->dd0a3b65-d36c-4f93-b232-3c8e6f6667b6@group-B02456D89C11, cid=1175, SUCCESS, logIndex=1692, commits[dd0a3b65-d36c-4f93-b232-3c8e6f6667b6:c1693]
2019-09-18 13:04:07,330 [grpc-default-executor-1] INFO  client.GrpcClientProtocolClient (GrpcClientProtocolClient.java:onNext(264)) - client-DF3A7F9F7866->dd0a3b65-d36c-4f93-b232-3c8e6f6667b6: receive RaftClientReply:client-DF3A7F9F7866->dd0a3b65-d36c-4f93-b232-3c8e6f6667b6@group-B02456D89C11, cid=1176, SUCCESS, logIndex=1693, commits[dd0a3b65-d36c-4f93-b232-3c8e6f6667b6:c1694]
2019-09-18 13:04:07,358 [grpc-default-executor-1] INFO  client.GrpcClientProtocolClient (GrpcClientProtocolClient.java:onNext(264)) - client-DF3A7F9F7866->dd0a3b65-d36c-4f93-b232-3c8e6f6667b6: receive RaftClientReply:client-DF3A7F9F7866->dd0a3b65-d36c-4f93-b232-3c8e6f6667b6@group-B02456D89C11, cid=1177, SUCCESS, logIndex=1696, commits[dd0a3b65-d36c-4f93-b232-3c8e6f6667b6:c1699]
2019-09-18 13:04:07,358 [grpc-default-executor-1] INFO  client.GrpcClientProtocolClient (GrpcClientProtocolClient.java:onNext(264)) - client-DF3A7F9F7866->dd0a3b65-d36c-4f93-b232-3c8e6f6667b6: receive RaftClientReply:client-DF3A7F9F7866->dd0a3b65-d36c-4f93-b232-3c8e6f6667b6@group-B02456D89C11, cid=1178, SUCCESS, logIndex=1697, commits[dd0a3b65-d36c-4f93-b232-3c8e6f6667b6:c1700]
2019-09-18 13:04:07,358 [grpc-default-executor-1] INFO  client.GrpcClientProtocolClient (GrpcClientProtocolClient.java:onNext(264)) - client-DF3A7F9F7866->dd0a3b65-d36c-4f93-b232-3c8e6f6667b6: receive RaftClientReply:client-DF3A7F9F7866->dd0a3b65-d36c-4f93-b232-3c8e6f6667b6@group-B02456D89C11, cid=1179, SUCCESS, logIndex=1698, commits[dd0a3b65-d36c-4f93-b232-3c8e6f6667b6:c1700]
2019-09-18 13:04:07,359 [grpc-default-executor-1] INFO  client.GrpcClientProtocolClient (GrpcClientProtocolClient.java:onNext(264)) - client-DF3A7F9F7866->dd0a3b65-d36c-4f93-b232-3c8e6f6667b6: receive RaftClientReply:client-DF3A7F9F7866->dd0a3b65-d36c-4f93-b232-3c8e6f6667b6@group-B02456D89C11, cid=1180, SUCCESS, logIndex=1699, commits[dd0a3b65-d36c-4f93-b232-3c8e6f6667b6:c1700]
2019-09-18 13:04:07,434 [SCMBlockDeletingService#0] DEBUG block.SCMBlockDeletingService (SCMBlockDeletingService.java:call(138)) - Running DeletedBlockTransactionScanner
2019-09-18 13:04:07,435 [SCMBlockDeletingService#0] DEBUG block.SCMBlockDeletingService (SCMBlockDeletingService.java:call(155)) - Scanned deleted blocks log and got 0 delTX to process.
2019-09-18 13:04:07,453 [grpc-default-executor-1] INFO  client.GrpcClientProtocolClient (GrpcClientProtocolClient.java:onNext(264)) - client-DF3A7F9F7866->dd0a3b65-d36c-4f93-b232-3c8e6f6667b6: receive RaftClientReply:client-DF3A7F9F7866->dd0a3b65-d36c-4f93-b232-3c8e6f6667b6@group-B02456D89C11, cid=1181, SUCCESS, logIndex=1701, commits[dd0a3b65-d36c-4f93-b232-3c8e6f6667b6:c1702]
2019-09-18 13:04:07,453 [grpc-default-executor-1] INFO  client.GrpcClientProtocolClient (GrpcClientProtocolClient.java:onNext(264)) - client-DF3A7F9F7866->dd0a3b65-d36c-4f93-b232-3c8e6f6667b6: receive RaftClientReply:client-DF3A7F9F7866->dd0a3b65-d36c-4f93-b232-3c8e6f6667b6@group-B02456D89C11, cid=1182, SUCCESS, logIndex=1702, commits[dd0a3b65-d36c-4f93-b232-3c8e6f6667b6:c1704]
2019-09-18 13:04:07,453 [grpc-default-executor-1] INFO  client.GrpcClientProtocolClient (GrpcClientProtocolClient.java:onNext(264)) - client-DF3A7F9F7866->dd0a3b65-d36c-4f93-b232-3c8e6f6667b6: receive RaftClientReply:client-DF3A7F9F7866->dd0a3b65-d36c-4f93-b232-3c8e6f6667b6@group-B02456D89C11, cid=1183, SUCCESS, logIndex=1703, commits[dd0a3b65-d36c-4f93-b232-3c8e6f6667b6:c1705]
2019-09-18 13:04:07,454 [grpc-default-executor-1] INFO  client.GrpcClientProtocolClient (GrpcClientProtocolClient.java:onNext(264)) - client-DF3A7F9F7866->dd0a3b65-d36c-4f93-b232-3c8e6f6667b6: receive RaftClientReply:client-DF3A7F9F7866->dd0a3b65-d36c-4f93-b232-3c8e6f6667b6@group-B02456D89C11, cid=1184, SUCCESS, logIndex=1704, commits[dd0a3b65-d36c-4f93-b232-3c8e6f6667b6:c1706]
2019-09-18 13:04:07,491 [grpc-default-executor-0] INFO  client.GrpcClientProtocolClient (GrpcClientProtocolClient.java:onNext(264)) - client-DF3A7F9F7866->dd0a3b65-d36c-4f93-b232-3c8e6f6667b6: receive RaftClientReply:client-DF3A7F9F7866->dd0a3b65-d36c-4f93-b232-3c8e6f6667b6@group-B02456D89C11, cid=1185, SUCCESS, logIndex=1707, commits[dd0a3b65-d36c-4f93-b232-3c8e6f6667b6:c1708]
2019-09-18 13:04:07,491 [grpc-default-executor-0] INFO  client.GrpcClientProtocolClient (GrpcClientProtocolClient.java:onNext(264)) - client-DF3A7F9F7866->dd0a3b65-d36c-4f93-b232-3c8e6f6667b6: receive RaftClientReply:client-DF3A7F9F7866->dd0a3b65-d36c-4f93-b232-3c8e6f6667b6@group-B02456D89C11, cid=1186, SUCCESS, logIndex=1708, commits[dd0a3b65-d36c-4f93-b232-3c8e6f6667b6:c1710]
2019-09-18 13:04:07,492 [grpc-default-executor-0] INFO  client.GrpcClientProtocolClient (GrpcClientProtocolClient.java:onNext(264)) - client-DF3A7F9F7866->dd0a3b65-d36c-4f93-b232-3c8e6f6667b6: receive RaftClientReply:client-DF3A7F9F7866->dd0a3b65-d36c-4f93-b232-3c8e6f6667b6@group-B02456D89C11, cid=1187, SUCCESS, logIndex=1709, commits[dd0a3b65-d36c-4f93-b232-3c8e6f6667b6:c1711]
2019-09-18 13:04:07,492 [grpc-default-executor-0] INFO  client.GrpcClientProtocolClient (GrpcClientProtocolClient.java:onNext(264)) - client-DF3A7F9F7866->dd0a3b65-d36c-4f93-b232-3c8e6f6667b6: receive RaftClientReply:client-DF3A7F9F7866->dd0a3b65-d36c-4f93-b232-3c8e6f6667b6@group-B02456D89C11, cid=1188, SUCCESS, logIndex=1710, commits[dd0a3b65-d36c-4f93-b232-3c8e6f6667b6:c1711]
2019-09-18 13:04:07,513 [grpc-default-executor-0] INFO  client.GrpcClientProtocolClient (GrpcClientProtocolClient.java:onNext(264)) - client-DF3A7F9F7866->dd0a3b65-d36c-4f93-b232-3c8e6f6667b6: receive RaftClientReply:client-DF3A7F9F7866->dd0a3b65-d36c-4f93-b232-3c8e6f6667b6@group-B02456D89C11, cid=1189, SUCCESS, logIndex=1713, commits[dd0a3b65-d36c-4f93-b232-3c8e6f6667b6:c1714]
2019-09-18 13:04:07,513 [grpc-default-executor-0] INFO  client.GrpcClientProtocolClient (GrpcClientProtocolClient.java:onNext(264)) - client-DF3A7F9F7866->dd0a3b65-d36c-4f93-b232-3c8e6f6667b6: receive RaftClientReply:client-DF3A7F9F7866->dd0a3b65-d36c-4f93-b232-3c8e6f6667b6@group-B02456D89C11, cid=1190, SUCCESS, logIndex=1714, commits[dd0a3b65-d36c-4f93-b232-3c8e6f6667b6:c1716]
2019-09-18 13:04:07,514 [grpc-default-executor-0] INFO  client.GrpcClientProtocolClient (GrpcClientProtocolClient.java:onNext(264)) - client-DF3A7F9F7866->dd0a3b65-d36c-4f93-b232-3c8e6f6667b6: receive RaftClientReply:client-DF3A7F9F7866->dd0a3b65-d36c-4f93-b232-3c8e6f6667b6@group-B02456D89C11, cid=1191, SUCCESS, logIndex=1715, commits[dd0a3b65-d36c-4f93-b232-3c8e6f6667b6:c1717]
2019-09-18 13:04:07,514 [grpc-default-executor-0] INFO  client.GrpcClientProtocolClient (GrpcClientProtocolClient.java:onNext(264)) - client-DF3A7F9F7866->dd0a3b65-d36c-4f93-b232-3c8e6f6667b6: receive RaftClientReply:client-DF3A7F9F7866->dd0a3b65-d36c-4f93-b232-3c8e6f6667b6@group-B02456D89C11, cid=1192, SUCCESS, logIndex=1716, commits[dd0a3b65-d36c-4f93-b232-3c8e6f6667b6:c1718]
2019-09-18 13:04:07,535 [SCMBlockDeletingService#0] DEBUG block.SCMBlockDeletingService (SCMBlockDeletingService.java:call(138)) - Running DeletedBlockTransactionScanner
2019-09-18 13:04:07,535 [SCMBlockDeletingService#0] DEBUG block.SCMBlockDeletingService (SCMBlockDeletingService.java:call(155)) - Scanned deleted blocks log and got 0 delTX to process.
2019-09-18 13:04:07,636 [SCMBlockDeletingService#0] DEBUG block.SCMBlockDeletingService (SCMBlockDeletingService.java:call(138)) - Running DeletedBlockTransactionScanner
2019-09-18 13:04:07,636 [SCMBlockDeletingService#0] DEBUG block.SCMBlockDeletingService (SCMBlockDeletingService.java:call(155)) - Scanned deleted blocks log and got 0 delTX to process.
2019-09-18 13:04:07,651 [grpc-default-executor-1] INFO  client.GrpcClientProtocolClient (GrpcClientProtocolClient.java:onNext(264)) - client-DF3A7F9F7866->dd0a3b65-d36c-4f93-b232-3c8e6f6667b6: receive RaftClientReply:client-DF3A7F9F7866->dd0a3b65-d36c-4f93-b232-3c8e6f6667b6@group-B02456D89C11, cid=1193, SUCCESS, logIndex=1719, commits[dd0a3b65-d36c-4f93-b232-3c8e6f6667b6:c1722]
2019-09-18 13:04:07,652 [grpc-default-executor-1] INFO  client.GrpcClientProtocolClient (GrpcClientProtocolClient.java:onNext(264)) - client-DF3A7F9F7866->dd0a3b65-d36c-4f93-b232-3c8e6f6667b6: receive RaftClientReply:client-DF3A7F9F7866->dd0a3b65-d36c-4f93-b232-3c8e6f6667b6@group-B02456D89C11, cid=1194, SUCCESS, logIndex=1720, commits[dd0a3b65-d36c-4f93-b232-3c8e6f6667b6:c1723]
2019-09-18 13:04:07,652 [grpc-default-executor-1] INFO  client.GrpcClientProtocolClient (GrpcClientProtocolClient.java:onNext(264)) - client-DF3A7F9F7866->dd0a3b65-d36c-4f93-b232-3c8e6f6667b6: receive RaftClientReply:client-DF3A7F9F7866->dd0a3b65-d36c-4f93-b232-3c8e6f6667b6@group-B02456D89C11, cid=1195, SUCCESS, logIndex=1721, commits[dd0a3b65-d36c-4f93-b232-3c8e6f6667b6:c1723]
2019-09-18 13:04:07,653 [grpc-default-executor-1] INFO  client.GrpcClientProtocolClient (GrpcClientProtocolClient.java:onNext(264)) - client-DF3A7F9F7866->dd0a3b65-d36c-4f93-b232-3c8e6f6667b6: receive RaftClientReply:client-DF3A7F9F7866->dd0a3b65-d36c-4f93-b232-3c8e6f6667b6@group-B02456D89C11, cid=1196, SUCCESS, logIndex=1722, commits[dd0a3b65-d36c-4f93-b232-3c8e6f6667b6:c1723]
2019-09-18 13:04:07,674 [grpc-default-executor-1] INFO  client.GrpcClientProtocolClient (GrpcClientProtocolClient.java:onNext(264)) - client-DF3A7F9F7866->dd0a3b65-d36c-4f93-b232-3c8e6f6667b6: receive RaftClientReply:client-DF3A7F9F7866->dd0a3b65-d36c-4f93-b232-3c8e6f6667b6@group-B02456D89C11, cid=1197, SUCCESS, logIndex=1724, commits[dd0a3b65-d36c-4f93-b232-3c8e6f6667b6:c1727]
2019-09-18 13:04:07,674 [grpc-default-executor-1] INFO  client.GrpcClientProtocolClient (GrpcClientProtocolClient.java:onNext(264)) - client-DF3A7F9F7866->dd0a3b65-d36c-4f93-b232-3c8e6f6667b6: receive RaftClientReply:client-DF3A7F9F7866->dd0a3b65-d36c-4f93-b232-3c8e6f6667b6@group-B02456D89C11, cid=1198, SUCCESS, logIndex=1725, commits[dd0a3b65-d36c-4f93-b232-3c8e6f6667b6:c1728]
2019-09-18 13:04:07,674 [grpc-default-executor-1] INFO  client.GrpcClientProtocolClient (GrpcClientProtocolClient.java:onNext(264)) - client-DF3A7F9F7866->dd0a3b65-d36c-4f93-b232-3c8e6f6667b6: receive RaftClientReply:client-DF3A7F9F7866->dd0a3b65-d36c-4f93-b232-3c8e6f6667b6@group-B02456D89C11, cid=1199, SUCCESS, logIndex=1726, commits[dd0a3b65-d36c-4f93-b232-3c8e6f6667b6:c1728]
2019-09-18 13:04:07,675 [grpc-default-executor-1] INFO  client.GrpcClientProtocolClient (GrpcClientProtocolClient.java:onNext(264)) - client-DF3A7F9F7866->dd0a3b65-d36c-4f93-b232-3c8e6f6667b6: receive RaftClientReply:client-DF3A7F9F7866->dd0a3b65-d36c-4f93-b232-3c8e6f6667b6@group-B02456D89C11, cid=1200, SUCCESS, logIndex=1727, commits[dd0a3b65-d36c-4f93-b232-3c8e6f6667b6:c1728]
2019-09-18 13:04:07,703 [grpc-default-executor-1] INFO  client.GrpcClientProtocolClient (GrpcClientProtocolClient.java:onNext(264)) - client-DF3A7F9F7866->dd0a3b65-d36c-4f93-b232-3c8e6f6667b6: receive RaftClientReply:client-DF3A7F9F7866->dd0a3b65-d36c-4f93-b232-3c8e6f6667b6@group-B02456D89C11, cid=1201, SUCCESS, logIndex=1729, commits[dd0a3b65-d36c-4f93-b232-3c8e6f6667b6:c1732]
2019-09-18 13:04:07,703 [grpc-default-executor-1] INFO  client.GrpcClientProtocolClient (GrpcClientProtocolClient.java:onNext(264)) - client-DF3A7F9F7866->dd0a3b65-d36c-4f93-b232-3c8e6f6667b6: receive RaftClientReply:client-DF3A7F9F7866->dd0a3b65-d36c-4f93-b232-3c8e6f6667b6@group-B02456D89C11, cid=1202, SUCCESS, logIndex=1730, commits[dd0a3b65-d36c-4f93-b232-3c8e6f6667b6:c1733]
2019-09-18 13:04:07,704 [grpc-default-executor-1] INFO  client.GrpcClientProtocolClient (GrpcClientProtocolClient.java:onNext(264)) - client-DF3A7F9F7866->dd0a3b65-d36c-4f93-b232-3c8e6f6667b6: receive RaftClientReply:client-DF3A7F9F7866->dd0a3b65-d36c-4f93-b232-3c8e6f6667b6@group-B02456D89C11, cid=1203, SUCCESS, logIndex=1731, commits[dd0a3b65-d36c-4f93-b232-3c8e6f6667b6:c1733]
2019-09-18 13:04:07,704 [grpc-default-executor-1] INFO  client.GrpcClientProtocolClient (GrpcClientProtocolClient.java:onNext(264)) - client-DF3A7F9F7866->dd0a3b65-d36c-4f93-b232-3c8e6f6667b6: receive RaftClientReply:client-DF3A7F9F7866->dd0a3b65-d36c-4f93-b232-3c8e6f6667b6@group-B02456D89C11, cid=1204, SUCCESS, logIndex=1732, commits[dd0a3b65-d36c-4f93-b232-3c8e6f6667b6:c1733]
2019-09-18 13:04:07,718 [grpc-default-executor-0] INFO  client.GrpcClientProtocolClient (GrpcClientProtocolClient.java:onNext(264)) - client-DF3A7F9F7866->dd0a3b65-d36c-4f93-b232-3c8e6f6667b6: receive RaftClientReply:client-DF3A7F9F7866->dd0a3b65-d36c-4f93-b232-3c8e6f6667b6@group-B02456D89C11, cid=1205, SUCCESS, logIndex=1734, commits[dd0a3b65-d36c-4f93-b232-3c8e6f6667b6:c1735]
2019-09-18 13:04:07,719 [grpc-default-executor-0] INFO  client.GrpcClientProtocolClient (GrpcClientProtocolClient.java:onNext(264)) - client-DF3A7F9F7866->dd0a3b65-d36c-4f93-b232-3c8e6f6667b6: receive RaftClientReply:client-DF3A7F9F7866->dd0a3b65-d36c-4f93-b232-3c8e6f6667b6@group-B02456D89C11, cid=1206, SUCCESS, logIndex=1735, commits[dd0a3b65-d36c-4f93-b232-3c8e6f6667b6:c1735]
2019-09-18 13:04:07,719 [grpc-default-executor-0] INFO  client.GrpcClientProtocolClient (GrpcClientProtocolClient.java:onNext(264)) - client-DF3A7F9F7866->dd0a3b65-d36c-4f93-b232-3c8e6f6667b6: receive RaftClientReply:client-DF3A7F9F7866->dd0a3b65-d36c-4f93-b232-3c8e6f6667b6@group-B02456D89C11, cid=1207, SUCCESS, logIndex=1736, commits[dd0a3b65-d36c-4f93-b232-3c8e6f6667b6:c1737]
2019-09-18 13:04:07,719 [grpc-default-executor-0] INFO  client.GrpcClientProtocolClient (GrpcClientProtocolClient.java:onNext(264)) - client-DF3A7F9F7866->dd0a3b65-d36c-4f93-b232-3c8e6f6667b6: receive RaftClientReply:client-DF3A7F9F7866->dd0a3b65-d36c-4f93-b232-3c8e6f6667b6@group-B02456D89C11, cid=1208, SUCCESS, logIndex=1737, commits[dd0a3b65-d36c-4f93-b232-3c8e6f6667b6:c1737]
2019-09-18 13:04:07,736 [SCMBlockDeletingService#0] DEBUG block.SCMBlockDeletingService (SCMBlockDeletingService.java:call(138)) - Running DeletedBlockTransactionScanner
2019-09-18 13:04:07,737 [SCMBlockDeletingService#0] DEBUG block.SCMBlockDeletingService (SCMBlockDeletingService.java:call(155)) - Scanned deleted blocks log and got 0 delTX to process.
2019-09-18 13:04:07,745 [grpc-default-executor-0] INFO  client.GrpcClientProtocolClient (GrpcClientProtocolClient.java:onNext(264)) - client-DF3A7F9F7866->dd0a3b65-d36c-4f93-b232-3c8e6f6667b6: receive RaftClientReply:client-DF3A7F9F7866->dd0a3b65-d36c-4f93-b232-3c8e6f6667b6@group-B02456D89C11, cid=1209, SUCCESS, logIndex=1740, commits[dd0a3b65-d36c-4f93-b232-3c8e6f6667b6:c1741]
2019-09-18 13:04:07,745 [grpc-default-executor-0] INFO  client.GrpcClientProtocolClient (GrpcClientProtocolClient.java:onNext(264)) - client-DF3A7F9F7866->dd0a3b65-d36c-4f93-b232-3c8e6f6667b6: receive RaftClientReply:client-DF3A7F9F7866->dd0a3b65-d36c-4f93-b232-3c8e6f6667b6@group-B02456D89C11, cid=1210, SUCCESS, logIndex=1741, commits[dd0a3b65-d36c-4f93-b232-3c8e6f6667b6:c1743]
2019-09-18 13:04:07,746 [grpc-default-executor-0] INFO  client.GrpcClientProtocolClient (GrpcClientProtocolClient.java:onNext(264)) - client-DF3A7F9F7866->dd0a3b65-d36c-4f93-b232-3c8e6f6667b6: receive RaftClientReply:client-DF3A7F9F7866->dd0a3b65-d36c-4f93-b232-3c8e6f6667b6@group-B02456D89C11, cid=1211, SUCCESS, logIndex=1742, commits[dd0a3b65-d36c-4f93-b232-3c8e6f6667b6:c1743]
2019-09-18 13:04:07,746 [grpc-default-executor-0] INFO  client.GrpcClientProtocolClient (GrpcClientProtocolClient.java:onNext(264)) - client-DF3A7F9F7866->dd0a3b65-d36c-4f93-b232-3c8e6f6667b6: receive RaftClientReply:client-DF3A7F9F7866->dd0a3b65-d36c-4f93-b232-3c8e6f6667b6@group-B02456D89C11, cid=1212, SUCCESS, logIndex=1743, commits[dd0a3b65-d36c-4f93-b232-3c8e6f6667b6:c1743]
2019-09-18 13:04:07,755 [grpc-default-executor-0] INFO  client.GrpcClientProtocolClient (GrpcClientProtocolClient.java:onNext(264)) - client-DF3A7F9F7866->dd0a3b65-d36c-4f93-b232-3c8e6f6667b6: receive RaftClientReply:client-DF3A7F9F7866->dd0a3b65-d36c-4f93-b232-3c8e6f6667b6@group-B02456D89C11, cid=1213, SUCCESS, logIndex=1746, commits[dd0a3b65-d36c-4f93-b232-3c8e6f6667b6:c1747]
2019-09-18 13:04:07,755 [grpc-default-executor-0] INFO  client.GrpcClientProtocolClient (GrpcClientProtocolClient.java:onNext(264)) - client-DF3A7F9F7866->dd0a3b65-d36c-4f93-b232-3c8e6f6667b6: receive RaftClientReply:client-DF3A7F9F7866->dd0a3b65-d36c-4f93-b232-3c8e6f6667b6@group-B02456D89C11, cid=1214, SUCCESS, logIndex=1747, commits[dd0a3b65-d36c-4f93-b232-3c8e6f6667b6:c1747]
2019-09-18 13:04:07,757 [grpc-default-executor-0] INFO  client.GrpcClientProtocolClient (GrpcClientProtocolClient.java:onNext(264)) - client-DF3A7F9F7866->dd0a3b65-d36c-4f93-b232-3c8e6f6667b6: receive RaftClientReply:client-DF3A7F9F7866->dd0a3b65-d36c-4f93-b232-3c8e6f6667b6@group-B02456D89C11, cid=1215, SUCCESS, logIndex=1748, commits[dd0a3b65-d36c-4f93-b232-3c8e6f6667b6:c1750]
2019-09-18 13:04:07,757 [grpc-default-executor-0] INFO  client.GrpcClientProtocolClient (GrpcClientProtocolClient.java:onNext(264)) - client-DF3A7F9F7866->dd0a3b65-d36c-4f93-b232-3c8e6f6667b6: receive RaftClientReply:client-DF3A7F9F7866->dd0a3b65-d36c-4f93-b232-3c8e6f6667b6@group-B02456D89C11, cid=1216, SUCCESS, logIndex=1749, commits[dd0a3b65-d36c-4f93-b232-3c8e6f6667b6:c1750]
2019-09-18 13:04:07,776 [grpc-default-executor-1] INFO  client.GrpcClientProtocolClient (GrpcClientProtocolClient.java:onNext(264)) - client-DF3A7F9F7866->dd0a3b65-d36c-4f93-b232-3c8e6f6667b6: receive RaftClientReply:client-DF3A7F9F7866->dd0a3b65-d36c-4f93-b232-3c8e6f6667b6@group-B02456D89C11, cid=1217, SUCCESS, logIndex=1751, commits[dd0a3b65-d36c-4f93-b232-3c8e6f6667b6:c1754]
2019-09-18 13:04:07,777 [grpc-default-executor-1] INFO  client.GrpcClientProtocolClient (GrpcClientProtocolClient.java:onNext(264)) - client-DF3A7F9F7866->dd0a3b65-d36c-4f93-b232-3c8e6f6667b6: receive RaftClientReply:client-DF3A7F9F7866->dd0a3b65-d36c-4f93-b232-3c8e6f6667b6@group-B02456D89C11, cid=1218, SUCCESS, logIndex=1752, commits[dd0a3b65-d36c-4f93-b232-3c8e6f6667b6:c1754]
2019-09-18 13:04:07,777 [grpc-default-executor-1] INFO  client.GrpcClientProtocolClient (GrpcClientProtocolClient.java:onNext(264)) - client-DF3A7F9F7866->dd0a3b65-d36c-4f93-b232-3c8e6f6667b6: receive RaftClientReply:client-DF3A7F9F7866->dd0a3b65-d36c-4f93-b232-3c8e6f6667b6@group-B02456D89C11, cid=1219, SUCCESS, logIndex=1753, commits[dd0a3b65-d36c-4f93-b232-3c8e6f6667b6:c1755]
2019-09-18 13:04:07,778 [grpc-default-executor-1] INFO  client.GrpcClientProtocolClient (GrpcClientProtocolClient.java:onNext(264)) - client-DF3A7F9F7866->dd0a3b65-d36c-4f93-b232-3c8e6f6667b6: receive RaftClientReply:client-DF3A7F9F7866->dd0a3b65-d36c-4f93-b232-3c8e6f6667b6@group-B02456D89C11, cid=1220, SUCCESS, logIndex=1754, commits[dd0a3b65-d36c-4f93-b232-3c8e6f6667b6:c1755]
2019-09-18 13:04:07,786 [grpc-default-executor-1] INFO  client.GrpcClientProtocolClient (GrpcClientProtocolClient.java:onNext(264)) - client-DF3A7F9F7866->dd0a3b65-d36c-4f93-b232-3c8e6f6667b6: receive RaftClientReply:client-DF3A7F9F7866->dd0a3b65-d36c-4f93-b232-3c8e6f6667b6@group-B02456D89C11, cid=1221, SUCCESS, logIndex=1756, commits[dd0a3b65-d36c-4f93-b232-3c8e6f6667b6:c1757]
2019-09-18 13:04:07,787 [grpc-default-executor-1] INFO  client.GrpcClientProtocolClient (GrpcClientProtocolClient.java:onNext(264)) - client-DF3A7F9F7866->dd0a3b65-d36c-4f93-b232-3c8e6f6667b6: receive RaftClientReply:client-DF3A7F9F7866->dd0a3b65-d36c-4f93-b232-3c8e6f6667b6@group-B02456D89C11, cid=1222, SUCCESS, logIndex=1757, commits[dd0a3b65-d36c-4f93-b232-3c8e6f6667b6:c1757]
2019-09-18 13:04:07,788 [grpc-default-executor-1] INFO  client.GrpcClientProtocolClient (GrpcClientProtocolClient.java:onNext(264)) - client-DF3A7F9F7866->dd0a3b65-d36c-4f93-b232-3c8e6f6667b6: receive RaftClientReply:client-DF3A7F9F7866->dd0a3b65-d36c-4f93-b232-3c8e6f6667b6@group-B02456D89C11, cid=1223, SUCCESS, logIndex=1758, commits[dd0a3b65-d36c-4f93-b232-3c8e6f6667b6:c1760]
2019-09-18 13:04:07,788 [grpc-default-executor-1] INFO  client.GrpcClientProtocolClient (GrpcClientProtocolClient.java:onNext(264)) - client-DF3A7F9F7866->dd0a3b65-d36c-4f93-b232-3c8e6f6667b6: receive RaftClientReply:client-DF3A7F9F7866->dd0a3b65-d36c-4f93-b232-3c8e6f6667b6@group-B02456D89C11, cid=1224, SUCCESS, logIndex=1759, commits[dd0a3b65-d36c-4f93-b232-3c8e6f6667b6:c1760]
2019-09-18 13:04:07,805 [grpc-default-executor-0] INFO  client.GrpcClientProtocolClient (GrpcClientProtocolClient.java:onNext(264)) - client-DF3A7F9F7866->dd0a3b65-d36c-4f93-b232-3c8e6f6667b6: receive RaftClientReply:client-DF3A7F9F7866->dd0a3b65-d36c-4f93-b232-3c8e6f6667b6@group-B02456D89C11, cid=1225, SUCCESS, logIndex=1761, commits[dd0a3b65-d36c-4f93-b232-3c8e6f6667b6:c1762]
2019-09-18 13:04:07,806 [grpc-default-executor-0] INFO  client.GrpcClientProtocolClient (GrpcClientProtocolClient.java:onNext(264)) - client-DF3A7F9F7866->dd0a3b65-d36c-4f93-b232-3c8e6f6667b6: receive RaftClientReply:client-DF3A7F9F7866->dd0a3b65-d36c-4f93-b232-3c8e6f6667b6@group-B02456D89C11, cid=1226, SUCCESS, logIndex=1762, commits[dd0a3b65-d36c-4f93-b232-3c8e6f6667b6:c1762]
2019-09-18 13:04:07,808 [grpc-default-executor-0] INFO  client.GrpcClientProtocolClient (GrpcClientProtocolClient.java:onNext(264)) - client-DF3A7F9F7866->dd0a3b65-d36c-4f93-b232-3c8e6f6667b6: receive RaftClientReply:client-DF3A7F9F7866->dd0a3b65-d36c-4f93-b232-3c8e6f6667b6@group-B02456D89C11, cid=1227, SUCCESS, logIndex=1764, commits[dd0a3b65-d36c-4f93-b232-3c8e6f6667b6:c1765]
2019-09-18 13:04:07,808 [grpc-default-executor-0] INFO  client.GrpcClientProtocolClient (GrpcClientProtocolClient.java:onNext(264)) - client-DF3A7F9F7866->dd0a3b65-d36c-4f93-b232-3c8e6f6667b6: receive RaftClientReply:client-DF3A7F9F7866->dd0a3b65-d36c-4f93-b232-3c8e6f6667b6@group-B02456D89C11, cid=1228, SUCCESS, logIndex=1765, commits[dd0a3b65-d36c-4f93-b232-3c8e6f6667b6:c1765]
2019-09-18 13:04:07,818 [grpc-default-executor-0] INFO  client.GrpcClientProtocolClient (GrpcClientProtocolClient.java:onNext(264)) - client-DF3A7F9F7866->dd0a3b65-d36c-4f93-b232-3c8e6f6667b6: receive RaftClientReply:client-DF3A7F9F7866->dd0a3b65-d36c-4f93-b232-3c8e6f6667b6@group-B02456D89C11, cid=1229, SUCCESS, logIndex=1767, commits[dd0a3b65-d36c-4f93-b232-3c8e6f6667b6:c1768]
2019-09-18 13:04:07,819 [grpc-default-executor-0] INFO  client.GrpcClientProtocolClient (GrpcClientProtocolClient.java:onNext(264)) - client-DF3A7F9F7866->dd0a3b65-d36c-4f93-b232-3c8e6f6667b6: receive RaftClientReply:client-DF3A7F9F7866->dd0a3b65-d36c-4f93-b232-3c8e6f6667b6@group-B02456D89C11, cid=1230, SUCCESS, logIndex=1768, commits[dd0a3b65-d36c-4f93-b232-3c8e6f6667b6:c1768]
2019-09-18 13:04:07,820 [grpc-default-executor-0] INFO  client.GrpcClientProtocolClient (GrpcClientProtocolClient.java:onNext(264)) - client-DF3A7F9F7866->dd0a3b65-d36c-4f93-b232-3c8e6f6667b6: receive RaftClientReply:client-DF3A7F9F7866->dd0a3b65-d36c-4f93-b232-3c8e6f6667b6@group-B02456D89C11, cid=1231, SUCCESS, logIndex=1769, commits[dd0a3b65-d36c-4f93-b232-3c8e6f6667b6:c1771]
2019-09-18 13:04:07,820 [grpc-default-executor-0] INFO  client.GrpcClientProtocolClient (GrpcClientProtocolClient.java:onNext(264)) - client-DF3A7F9F7866->dd0a3b65-d36c-4f93-b232-3c8e6f6667b6: receive RaftClientReply:client-DF3A7F9F7866->dd0a3b65-d36c-4f93-b232-3c8e6f6667b6@group-B02456D89C11, cid=1232, SUCCESS, logIndex=1770, commits[dd0a3b65-d36c-4f93-b232-3c8e6f6667b6:c1771]
2019-09-18 13:04:07,836 [grpc-default-executor-0] INFO  client.GrpcClientProtocolClient (GrpcClientProtocolClient.java:onNext(264)) - client-DF3A7F9F7866->dd0a3b65-d36c-4f93-b232-3c8e6f6667b6: receive RaftClientReply:client-DF3A7F9F7866->dd0a3b65-d36c-4f93-b232-3c8e6f6667b6@group-B02456D89C11, cid=1233, SUCCESS, logIndex=1772, commits[dd0a3b65-d36c-4f93-b232-3c8e6f6667b6:c1773]
2019-09-18 13:04:07,836 [grpc-default-executor-0] INFO  client.GrpcClientProtocolClient (GrpcClientProtocolClient.java:onNext(264)) - client-DF3A7F9F7866->dd0a3b65-d36c-4f93-b232-3c8e6f6667b6: receive RaftClientReply:client-DF3A7F9F7866->dd0a3b65-d36c-4f93-b232-3c8e6f6667b6@group-B02456D89C11, cid=1234, SUCCESS, logIndex=1773, commits[dd0a3b65-d36c-4f93-b232-3c8e6f6667b6:c1773]
2019-09-18 13:04:07,837 [SCMBlockDeletingService#1] DEBUG block.SCMBlockDeletingService (SCMBlockDeletingService.java:call(138)) - Running DeletedBlockTransactionScanner
2019-09-18 13:04:07,837 [SCMBlockDeletingService#1] DEBUG block.SCMBlockDeletingService (SCMBlockDeletingService.java:call(155)) - Scanned deleted blocks log and got 0 delTX to process.
2019-09-18 13:04:07,838 [grpc-default-executor-0] INFO  client.GrpcClientProtocolClient (GrpcClientProtocolClient.java:onNext(264)) - client-DF3A7F9F7866->dd0a3b65-d36c-4f93-b232-3c8e6f6667b6: receive RaftClientReply:client-DF3A7F9F7866->dd0a3b65-d36c-4f93-b232-3c8e6f6667b6@group-B02456D89C11, cid=1235, SUCCESS, logIndex=1774, commits[dd0a3b65-d36c-4f93-b232-3c8e6f6667b6:c1776]
2019-09-18 13:04:07,839 [grpc-default-executor-0] INFO  client.GrpcClientProtocolClient (GrpcClientProtocolClient.java:onNext(264)) - client-DF3A7F9F7866->dd0a3b65-d36c-4f93-b232-3c8e6f6667b6: receive RaftClientReply:client-DF3A7F9F7866->dd0a3b65-d36c-4f93-b232-3c8e6f6667b6@group-B02456D89C11, cid=1236, SUCCESS, logIndex=1775, commits[dd0a3b65-d36c-4f93-b232-3c8e6f6667b6:c1776]
2019-09-18 13:04:07,938 [SCMBlockDeletingService#1] DEBUG block.SCMBlockDeletingService (SCMBlockDeletingService.java:call(138)) - Running DeletedBlockTransactionScanner
2019-09-18 13:04:07,938 [SCMBlockDeletingService#1] DEBUG block.SCMBlockDeletingService (SCMBlockDeletingService.java:call(155)) - Scanned deleted blocks log and got 0 delTX to process.
2019-09-18 13:04:07,959 [grpc-default-executor-0] INFO  client.GrpcClientProtocolClient (GrpcClientProtocolClient.java:onNext(264)) - client-DF3A7F9F7866->dd0a3b65-d36c-4f93-b232-3c8e6f6667b6: receive RaftClientReply:client-DF3A7F9F7866->dd0a3b65-d36c-4f93-b232-3c8e6f6667b6@group-B02456D89C11, cid=1237, SUCCESS, logIndex=1777, commits[dd0a3b65-d36c-4f93-b232-3c8e6f6667b6:c1778]
2019-09-18 13:04:07,959 [grpc-default-executor-0] INFO  client.GrpcClientProtocolClient (GrpcClientProtocolClient.java:onNext(264)) - client-DF3A7F9F7866->dd0a3b65-d36c-4f93-b232-3c8e6f6667b6: receive RaftClientReply:client-DF3A7F9F7866->dd0a3b65-d36c-4f93-b232-3c8e6f6667b6@group-B02456D89C11, cid=1238, SUCCESS, logIndex=1778, commits[dd0a3b65-d36c-4f93-b232-3c8e6f6667b6:c1778]
2019-09-18 13:04:07,971 [grpc-default-executor-0] INFO  client.GrpcClientProtocolClient (GrpcClientProtocolClient.java:onNext(264)) - client-DF3A7F9F7866->dd0a3b65-d36c-4f93-b232-3c8e6f6667b6: receive RaftClientReply:client-DF3A7F9F7866->dd0a3b65-d36c-4f93-b232-3c8e6f6667b6@group-B02456D89C11, cid=1239, SUCCESS, logIndex=1779, commits[dd0a3b65-d36c-4f93-b232-3c8e6f6667b6:c1781]
2019-09-18 13:04:07,971 [grpc-default-executor-0] INFO  client.GrpcClientProtocolClient (GrpcClientProtocolClient.java:onNext(264)) - client-DF3A7F9F7866->dd0a3b65-d36c-4f93-b232-3c8e6f6667b6: receive RaftClientReply:client-DF3A7F9F7866->dd0a3b65-d36c-4f93-b232-3c8e6f6667b6@group-B02456D89C11, cid=1240, SUCCESS, logIndex=1780, commits[dd0a3b65-d36c-4f93-b232-3c8e6f6667b6:c1781]
2019-09-18 13:04:08,063 [SCMBlockDeletingService#1] DEBUG block.SCMBlockDeletingService (SCMBlockDeletingService.java:call(138)) - Running DeletedBlockTransactionScanner
2019-09-18 13:04:08,064 [SCMBlockDeletingService#1] DEBUG block.SCMBlockDeletingService (SCMBlockDeletingService.java:call(155)) - Scanned deleted blocks log and got 0 delTX to process.
2019-09-18 13:04:08,083 [grpc-default-executor-1] INFO  client.GrpcClientProtocolClient (GrpcClientProtocolClient.java:onNext(264)) - client-DF3A7F9F7866->dd0a3b65-d36c-4f93-b232-3c8e6f6667b6: receive RaftClientReply:client-DF3A7F9F7866->dd0a3b65-d36c-4f93-b232-3c8e6f6667b6@group-B02456D89C11, cid=1241, SUCCESS, logIndex=1782, commits[dd0a3b65-d36c-4f93-b232-3c8e6f6667b6:c1783]
2019-09-18 13:04:08,084 [grpc-default-executor-1] INFO  client.GrpcClientProtocolClient (GrpcClientProtocolClient.java:onNext(264)) - client-DF3A7F9F7866->dd0a3b65-d36c-4f93-b232-3c8e6f6667b6: receive RaftClientReply:client-DF3A7F9F7866->dd0a3b65-d36c-4f93-b232-3c8e6f6667b6@group-B02456D89C11, cid=1242, SUCCESS, logIndex=1783, commits[dd0a3b65-d36c-4f93-b232-3c8e6f6667b6:c1786]
2019-09-18 13:04:08,084 [grpc-default-executor-1] INFO  client.GrpcClientProtocolClient (GrpcClientProtocolClient.java:onNext(264)) - client-DF3A7F9F7866->dd0a3b65-d36c-4f93-b232-3c8e6f6667b6: receive RaftClientReply:client-DF3A7F9F7866->dd0a3b65-d36c-4f93-b232-3c8e6f6667b6@group-B02456D89C11, cid=1243, SUCCESS, logIndex=1784, commits[dd0a3b65-d36c-4f93-b232-3c8e6f6667b6:c1787]
2019-09-18 13:04:08,085 [grpc-default-executor-1] INFO  client.GrpcClientProtocolClient (GrpcClientProtocolClient.java:onNext(264)) - client-DF3A7F9F7866->dd0a3b65-d36c-4f93-b232-3c8e6f6667b6: receive RaftClientReply:client-DF3A7F9F7866->dd0a3b65-d36c-4f93-b232-3c8e6f6667b6@group-B02456D89C11, cid=1244, SUCCESS, logIndex=1785, commits[dd0a3b65-d36c-4f93-b232-3c8e6f6667b6:c1787]
2019-09-18 13:04:08,095 [grpc-default-executor-1] INFO  client.GrpcClientProtocolClient (GrpcClientProtocolClient.java:onNext(264)) - client-DF3A7F9F7866->dd0a3b65-d36c-4f93-b232-3c8e6f6667b6: receive RaftClientReply:client-DF3A7F9F7866->dd0a3b65-d36c-4f93-b232-3c8e6f6667b6@group-B02456D89C11, cid=1245, SUCCESS, logIndex=1788, commits[dd0a3b65-d36c-4f93-b232-3c8e6f6667b6:c1789]
2019-09-18 13:04:08,096 [grpc-default-executor-1] INFO  client.GrpcClientProtocolClient (GrpcClientProtocolClient.java:onNext(264)) - client-DF3A7F9F7866->dd0a3b65-d36c-4f93-b232-3c8e6f6667b6: receive RaftClientReply:client-DF3A7F9F7866->dd0a3b65-d36c-4f93-b232-3c8e6f6667b6@group-B02456D89C11, cid=1246, SUCCESS, logIndex=1789, commits[dd0a3b65-d36c-4f93-b232-3c8e6f6667b6:c1789]
2019-09-18 13:04:08,097 [grpc-default-executor-1] INFO  client.GrpcClientProtocolClient (GrpcClientProtocolClient.java:onNext(264)) - client-DF3A7F9F7866->dd0a3b65-d36c-4f93-b232-3c8e6f6667b6: receive RaftClientReply:client-DF3A7F9F7866->dd0a3b65-d36c-4f93-b232-3c8e6f6667b6@group-B02456D89C11, cid=1247, SUCCESS, logIndex=1790, commits[dd0a3b65-d36c-4f93-b232-3c8e6f6667b6:c1792]
2019-09-18 13:04:08,098 [grpc-default-executor-1] INFO  client.GrpcClientProtocolClient (GrpcClientProtocolClient.java:onNext(264)) - client-DF3A7F9F7866->dd0a3b65-d36c-4f93-b232-3c8e6f6667b6: receive RaftClientReply:client-DF3A7F9F7866->dd0a3b65-d36c-4f93-b232-3c8e6f6667b6@group-B02456D89C11, cid=1248, SUCCESS, logIndex=1791, commits[dd0a3b65-d36c-4f93-b232-3c8e6f6667b6:c1792]
2019-09-18 13:04:08,116 [grpc-default-executor-1] INFO  client.GrpcClientProtocolClient (GrpcClientProtocolClient.java:onNext(264)) - client-DF3A7F9F7866->dd0a3b65-d36c-4f93-b232-3c8e6f6667b6: receive RaftClientReply:client-DF3A7F9F7866->dd0a3b65-d36c-4f93-b232-3c8e6f6667b6@group-B02456D89C11, cid=1249, SUCCESS, logIndex=1793, commits[dd0a3b65-d36c-4f93-b232-3c8e6f6667b6:c1794]
2019-09-18 13:04:08,117 [grpc-default-executor-1] INFO  client.GrpcClientProtocolClient (GrpcClientProtocolClient.java:onNext(264)) - client-DF3A7F9F7866->dd0a3b65-d36c-4f93-b232-3c8e6f6667b6: receive RaftClientReply:client-DF3A7F9F7866->dd0a3b65-d36c-4f93-b232-3c8e6f6667b6@group-B02456D89C11, cid=1250, SUCCESS, logIndex=1794, commits[dd0a3b65-d36c-4f93-b232-3c8e6f6667b6:c1794]
2019-09-18 13:04:08,119 [grpc-default-executor-1] INFO  client.GrpcClientProtocolClient (GrpcClientProtocolClient.java:onNext(264)) - client-DF3A7F9F7866->dd0a3b65-d36c-4f93-b232-3c8e6f6667b6: receive RaftClientReply:client-DF3A7F9F7866->dd0a3b65-d36c-4f93-b232-3c8e6f6667b6@group-B02456D89C11, cid=1251, SUCCESS, logIndex=1795, commits[dd0a3b65-d36c-4f93-b232-3c8e6f6667b6:c1797]
2019-09-18 13:04:08,119 [grpc-default-executor-1] INFO  client.GrpcClientProtocolClient (GrpcClientProtocolClient.java:onNext(264)) - client-DF3A7F9F7866->dd0a3b65-d36c-4f93-b232-3c8e6f6667b6: receive RaftClientReply:client-DF3A7F9F7866->dd0a3b65-d36c-4f93-b232-3c8e6f6667b6@group-B02456D89C11, cid=1252, SUCCESS, logIndex=1797, commits[dd0a3b65-d36c-4f93-b232-3c8e6f6667b6:c1797]
2019-09-18 13:04:08,129 [grpc-default-executor-1] INFO  client.GrpcClientProtocolClient (GrpcClientProtocolClient.java:onNext(264)) - client-DF3A7F9F7866->dd0a3b65-d36c-4f93-b232-3c8e6f6667b6: receive RaftClientReply:client-DF3A7F9F7866->dd0a3b65-d36c-4f93-b232-3c8e6f6667b6@group-B02456D89C11, cid=1253, SUCCESS, logIndex=1799, commits[dd0a3b65-d36c-4f93-b232-3c8e6f6667b6:c1800]
2019-09-18 13:04:08,129 [grpc-default-executor-1] INFO  client.GrpcClientProtocolClient (GrpcClientProtocolClient.java:onNext(264)) - client-DF3A7F9F7866->dd0a3b65-d36c-4f93-b232-3c8e6f6667b6: receive RaftClientReply:client-DF3A7F9F7866->dd0a3b65-d36c-4f93-b232-3c8e6f6667b6@group-B02456D89C11, cid=1254, SUCCESS, logIndex=1800, commits[dd0a3b65-d36c-4f93-b232-3c8e6f6667b6:c1800]
2019-09-18 13:04:08,131 [grpc-default-executor-1] INFO  client.GrpcClientProtocolClient (GrpcClientProtocolClient.java:onNext(264)) - client-DF3A7F9F7866->dd0a3b65-d36c-4f93-b232-3c8e6f6667b6: receive RaftClientReply:client-DF3A7F9F7866->dd0a3b65-d36c-4f93-b232-3c8e6f6667b6@group-B02456D89C11, cid=1255, SUCCESS, logIndex=1801, commits[dd0a3b65-d36c-4f93-b232-3c8e6f6667b6:c1803]
2019-09-18 13:04:08,131 [grpc-default-executor-1] INFO  client.GrpcClientProtocolClient (GrpcClientProtocolClient.java:onNext(264)) - client-DF3A7F9F7866->dd0a3b65-d36c-4f93-b232-3c8e6f6667b6: receive RaftClientReply:client-DF3A7F9F7866->dd0a3b65-d36c-4f93-b232-3c8e6f6667b6@group-B02456D89C11, cid=1256, SUCCESS, logIndex=1802, commits[dd0a3b65-d36c-4f93-b232-3c8e6f6667b6:c1803]
2019-09-18 13:04:08,147 [grpc-default-executor-0] INFO  client.GrpcClientProtocolClient (GrpcClientProtocolClient.java:onNext(264)) - client-DF3A7F9F7866->dd0a3b65-d36c-4f93-b232-3c8e6f6667b6: receive RaftClientReply:client-DF3A7F9F7866->dd0a3b65-d36c-4f93-b232-3c8e6f6667b6@group-B02456D89C11, cid=1257, SUCCESS, logIndex=1804, commits[dd0a3b65-d36c-4f93-b232-3c8e6f6667b6:c1805]
2019-09-18 13:04:08,148 [grpc-default-executor-0] INFO  client.GrpcClientProtocolClient (GrpcClientProtocolClient.java:onNext(264)) - client-DF3A7F9F7866->dd0a3b65-d36c-4f93-b232-3c8e6f6667b6: receive RaftClientReply:client-DF3A7F9F7866->dd0a3b65-d36c-4f93-b232-3c8e6f6667b6@group-B02456D89C11, cid=1258, SUCCESS, logIndex=1805, commits[dd0a3b65-d36c-4f93-b232-3c8e6f6667b6:c1805]
2019-09-18 13:04:08,149 [grpc-default-executor-0] INFO  client.GrpcClientProtocolClient (GrpcClientProtocolClient.java:onNext(264)) - client-DF3A7F9F7866->dd0a3b65-d36c-4f93-b232-3c8e6f6667b6: receive RaftClientReply:client-DF3A7F9F7866->dd0a3b65-d36c-4f93-b232-3c8e6f6667b6@group-B02456D89C11, cid=1259, SUCCESS, logIndex=1806, commits[dd0a3b65-d36c-4f93-b232-3c8e6f6667b6:c1808]
2019-09-18 13:04:08,149 [grpc-default-executor-0] INFO  client.GrpcClientProtocolClient (GrpcClientProtocolClient.java:onNext(264)) - client-DF3A7F9F7866->dd0a3b65-d36c-4f93-b232-3c8e6f6667b6: receive RaftClientReply:client-DF3A7F9F7866->dd0a3b65-d36c-4f93-b232-3c8e6f6667b6@group-B02456D89C11, cid=1260, SUCCESS, logIndex=1807, commits[dd0a3b65-d36c-4f93-b232-3c8e6f6667b6:c1808]
2019-09-18 13:04:08,158 [grpc-default-executor-0] INFO  client.GrpcClientProtocolClient (GrpcClientProtocolClient.java:onNext(264)) - client-DF3A7F9F7866->dd0a3b65-d36c-4f93-b232-3c8e6f6667b6: receive RaftClientReply:client-DF3A7F9F7866->dd0a3b65-d36c-4f93-b232-3c8e6f6667b6@group-B02456D89C11, cid=1261, SUCCESS, logIndex=1809, commits[dd0a3b65-d36c-4f93-b232-3c8e6f6667b6:c1810]
2019-09-18 13:04:08,158 [grpc-default-executor-0] INFO  client.GrpcClientProtocolClient (GrpcClientProtocolClient.java:onNext(264)) - client-DF3A7F9F7866->dd0a3b65-d36c-4f93-b232-3c8e6f6667b6: receive RaftClientReply:client-DF3A7F9F7866->dd0a3b65-d36c-4f93-b232-3c8e6f6667b6@group-B02456D89C11, cid=1262, SUCCESS, logIndex=1810, commits[dd0a3b65-d36c-4f93-b232-3c8e6f6667b6:c1810]
2019-09-18 13:04:08,161 [grpc-default-executor-0] INFO  client.GrpcClientProtocolClient (GrpcClientProtocolClient.java:onNext(264)) - client-DF3A7F9F7866->dd0a3b65-d36c-4f93-b232-3c8e6f6667b6: receive RaftClientReply:client-DF3A7F9F7866->dd0a3b65-d36c-4f93-b232-3c8e6f6667b6@group-B02456D89C11, cid=1263, SUCCESS, logIndex=1811, commits[dd0a3b65-d36c-4f93-b232-3c8e6f6667b6:c1813]
2019-09-18 13:04:08,161 [grpc-default-executor-0] INFO  client.GrpcClientProtocolClient (GrpcClientProtocolClient.java:onNext(264)) - client-DF3A7F9F7866->dd0a3b65-d36c-4f93-b232-3c8e6f6667b6: receive RaftClientReply:client-DF3A7F9F7866->dd0a3b65-d36c-4f93-b232-3c8e6f6667b6@group-B02456D89C11, cid=1264, SUCCESS, logIndex=1813, commits[dd0a3b65-d36c-4f93-b232-3c8e6f6667b6:c1813]
2019-09-18 13:04:08,165 [SCMBlockDeletingService#1] DEBUG block.SCMBlockDeletingService (SCMBlockDeletingService.java:call(138)) - Running DeletedBlockTransactionScanner
2019-09-18 13:04:08,165 [SCMBlockDeletingService#1] DEBUG block.SCMBlockDeletingService (SCMBlockDeletingService.java:call(155)) - Scanned deleted blocks log and got 0 delTX to process.
2019-09-18 13:04:08,178 [grpc-default-executor-0] INFO  client.GrpcClientProtocolClient (GrpcClientProtocolClient.java:onNext(264)) - client-DF3A7F9F7866->dd0a3b65-d36c-4f93-b232-3c8e6f6667b6: receive RaftClientReply:client-DF3A7F9F7866->dd0a3b65-d36c-4f93-b232-3c8e6f6667b6@group-B02456D89C11, cid=1265, SUCCESS, logIndex=1815, commits[dd0a3b65-d36c-4f93-b232-3c8e6f6667b6:c1816]
2019-09-18 13:04:08,178 [grpc-default-executor-0] INFO  client.GrpcClientProtocolClient (GrpcClientProtocolClient.java:onNext(264)) - client-DF3A7F9F7866->dd0a3b65-d36c-4f93-b232-3c8e6f6667b6: receive RaftClientReply:client-DF3A7F9F7866->dd0a3b65-d36c-4f93-b232-3c8e6f6667b6@group-B02456D89C11, cid=1266, SUCCESS, logIndex=1816, commits[dd0a3b65-d36c-4f93-b232-3c8e6f6667b6:c1816]
2019-09-18 13:04:08,179 [grpc-default-executor-0] INFO  client.GrpcClientProtocolClient (GrpcClientProtocolClient.java:onNext(264)) - client-DF3A7F9F7866->dd0a3b65-d36c-4f93-b232-3c8e6f6667b6: receive RaftClientReply:client-DF3A7F9F7866->dd0a3b65-d36c-4f93-b232-3c8e6f6667b6@group-B02456D89C11, cid=1267, SUCCESS, logIndex=1817, commits[dd0a3b65-d36c-4f93-b232-3c8e6f6667b6:c1819]
2019-09-18 13:04:08,179 [grpc-default-executor-0] INFO  client.GrpcClientProtocolClient (GrpcClientProtocolClient.java:onNext(264)) - client-DF3A7F9F7866->dd0a3b65-d36c-4f93-b232-3c8e6f6667b6: receive RaftClientReply:client-DF3A7F9F7866->dd0a3b65-d36c-4f93-b232-3c8e6f6667b6@group-B02456D89C11, cid=1268, SUCCESS, logIndex=1818, commits[dd0a3b65-d36c-4f93-b232-3c8e6f6667b6:c1819]
2019-09-18 13:04:08,190 [grpc-default-executor-0] INFO  client.GrpcClientProtocolClient (GrpcClientProtocolClient.java:onNext(264)) - client-DF3A7F9F7866->dd0a3b65-d36c-4f93-b232-3c8e6f6667b6: receive RaftClientReply:client-DF3A7F9F7866->dd0a3b65-d36c-4f93-b232-3c8e6f6667b6@group-B02456D89C11, cid=1269, SUCCESS, logIndex=1820, commits[dd0a3b65-d36c-4f93-b232-3c8e6f6667b6:c1821]
2019-09-18 13:04:08,190 [grpc-default-executor-0] INFO  client.GrpcClientProtocolClient (GrpcClientProtocolClient.java:onNext(264)) - client-DF3A7F9F7866->dd0a3b65-d36c-4f93-b232-3c8e6f6667b6: receive RaftClientReply:client-DF3A7F9F7866->dd0a3b65-d36c-4f93-b232-3c8e6f6667b6@group-B02456D89C11, cid=1270, SUCCESS, logIndex=1821, commits[dd0a3b65-d36c-4f93-b232-3c8e6f6667b6:c1821]
2019-09-18 13:04:08,191 [grpc-default-executor-0] INFO  client.GrpcClientProtocolClient (GrpcClientProtocolClient.java:onNext(264)) - client-DF3A7F9F7866->dd0a3b65-d36c-4f93-b232-3c8e6f6667b6: receive RaftClientReply:client-DF3A7F9F7866->dd0a3b65-d36c-4f93-b232-3c8e6f6667b6@group-B02456D89C11, cid=1271, SUCCESS, logIndex=1822, commits[dd0a3b65-d36c-4f93-b232-3c8e6f6667b6:c1823]
2019-09-18 13:04:08,192 [grpc-default-executor-0] INFO  client.GrpcClientProtocolClient (GrpcClientProtocolClient.java:onNext(264)) - client-DF3A7F9F7866->dd0a3b65-d36c-4f93-b232-3c8e6f6667b6: receive RaftClientReply:client-DF3A7F9F7866->dd0a3b65-d36c-4f93-b232-3c8e6f6667b6@group-B02456D89C11, cid=1272, SUCCESS, logIndex=1823, commits[dd0a3b65-d36c-4f93-b232-3c8e6f6667b6:c1824]
2019-09-18 13:04:08,207 [grpc-default-executor-0] INFO  client.GrpcClientProtocolClient (GrpcClientProtocolClient.java:onNext(264)) - client-DF3A7F9F7866->dd0a3b65-d36c-4f93-b232-3c8e6f6667b6: receive RaftClientReply:client-DF3A7F9F7866->dd0a3b65-d36c-4f93-b232-3c8e6f6667b6@group-B02456D89C11, cid=1273, SUCCESS, logIndex=1826, commits[dd0a3b65-d36c-4f93-b232-3c8e6f6667b6:c1827]
2019-09-18 13:04:08,207 [grpc-default-executor-0] INFO  client.GrpcClientProtocolClient (GrpcClientProtocolClient.java:onNext(264)) - client-DF3A7F9F7866->dd0a3b65-d36c-4f93-b232-3c8e6f6667b6: receive RaftClientReply:client-DF3A7F9F7866->dd0a3b65-d36c-4f93-b232-3c8e6f6667b6@group-B02456D89C11, cid=1274, SUCCESS, logIndex=1827, commits[dd0a3b65-d36c-4f93-b232-3c8e6f6667b6:c1827]
2019-09-18 13:04:08,217 [grpc-default-executor-0] INFO  client.GrpcClientProtocolClient (GrpcClientProtocolClient.java:onNext(264)) - client-DF3A7F9F7866->dd0a3b65-d36c-4f93-b232-3c8e6f6667b6: receive RaftClientReply:client-DF3A7F9F7866->dd0a3b65-d36c-4f93-b232-3c8e6f6667b6@group-B02456D89C11, cid=1275, SUCCESS, logIndex=1828, commits[dd0a3b65-d36c-4f93-b232-3c8e6f6667b6:c1830]
2019-09-18 13:04:08,217 [grpc-default-executor-0] INFO  client.GrpcClientProtocolClient (GrpcClientProtocolClient.java:onNext(264)) - client-DF3A7F9F7866->dd0a3b65-d36c-4f93-b232-3c8e6f6667b6: receive RaftClientReply:client-DF3A7F9F7866->dd0a3b65-d36c-4f93-b232-3c8e6f6667b6@group-B02456D89C11, cid=1276, SUCCESS, logIndex=1830, commits[dd0a3b65-d36c-4f93-b232-3c8e6f6667b6:c1830]
2019-09-18 13:04:08,236 [grpc-default-executor-0] INFO  client.GrpcClientProtocolClient (GrpcClientProtocolClient.java:onNext(264)) - client-DF3A7F9F7866->dd0a3b65-d36c-4f93-b232-3c8e6f6667b6: receive RaftClientReply:client-DF3A7F9F7866->dd0a3b65-d36c-4f93-b232-3c8e6f6667b6@group-B02456D89C11, cid=1277, SUCCESS, logIndex=1832, commits[dd0a3b65-d36c-4f93-b232-3c8e6f6667b6:c1833]
2019-09-18 13:04:08,237 [grpc-default-executor-0] INFO  client.GrpcClientProtocolClient (GrpcClientProtocolClient.java:onNext(264)) - client-DF3A7F9F7866->dd0a3b65-d36c-4f93-b232-3c8e6f6667b6: receive RaftClientReply:client-DF3A7F9F7866->dd0a3b65-d36c-4f93-b232-3c8e6f6667b6@group-B02456D89C11, cid=1278, SUCCESS, logIndex=1833, commits[dd0a3b65-d36c-4f93-b232-3c8e6f6667b6:c1833]
2019-09-18 13:04:08,237 [grpc-default-executor-0] INFO  client.GrpcClientProtocolClient (GrpcClientProtocolClient.java:onNext(264)) - client-DF3A7F9F7866->dd0a3b65-d36c-4f93-b232-3c8e6f6667b6: receive RaftClientReply:client-DF3A7F9F7866->dd0a3b65-d36c-4f93-b232-3c8e6f6667b6@group-B02456D89C11, cid=1279, SUCCESS, logIndex=1834, commits[dd0a3b65-d36c-4f93-b232-3c8e6f6667b6:c1835]
2019-09-18 13:04:08,238 [grpc-default-executor-0] INFO  client.GrpcClientProtocolClient (GrpcClientProtocolClient.java:onNext(264)) - client-DF3A7F9F7866->dd0a3b65-d36c-4f93-b232-3c8e6f6667b6: receive RaftClientReply:client-DF3A7F9F7866->dd0a3b65-d36c-4f93-b232-3c8e6f6667b6@group-B02456D89C11, cid=1280, SUCCESS, logIndex=1835, commits[dd0a3b65-d36c-4f93-b232-3c8e6f6667b6:c1836]
2019-09-18 13:04:08,265 [SCMBlockDeletingService#1] DEBUG block.SCMBlockDeletingService (SCMBlockDeletingService.java:call(138)) - Running DeletedBlockTransactionScanner
2019-09-18 13:04:08,266 [SCMBlockDeletingService#1] DEBUG block.SCMBlockDeletingService (SCMBlockDeletingService.java:call(155)) - Scanned deleted blocks log and got 0 delTX to process.
2019-09-18 13:04:08,350 [grpc-default-executor-1] INFO  client.GrpcClientProtocolClient (GrpcClientProtocolClient.java:onNext(264)) - client-DF3A7F9F7866->dd0a3b65-d36c-4f93-b232-3c8e6f6667b6: receive RaftClientReply:client-DF3A7F9F7866->dd0a3b65-d36c-4f93-b232-3c8e6f6667b6@group-B02456D89C11, cid=1281, SUCCESS, logIndex=1838, commits[dd0a3b65-d36c-4f93-b232-3c8e6f6667b6:c1841]
2019-09-18 13:04:08,351 [grpc-default-executor-1] INFO  client.GrpcClientProtocolClient (GrpcClientProtocolClient.java:onNext(264)) - client-DF3A7F9F7866->dd0a3b65-d36c-4f93-b232-3c8e6f6667b6: receive RaftClientReply:client-DF3A7F9F7866->dd0a3b65-d36c-4f93-b232-3c8e6f6667b6@group-B02456D89C11, cid=1282, SUCCESS, logIndex=1839, commits[dd0a3b65-d36c-4f93-b232-3c8e6f6667b6:c1842]
2019-09-18 13:04:08,351 [grpc-default-executor-1] INFO  client.GrpcClientProtocolClient (GrpcClientProtocolClient.java:onNext(264)) - client-DF3A7F9F7866->dd0a3b65-d36c-4f93-b232-3c8e6f6667b6: receive RaftClientReply:client-DF3A7F9F7866->dd0a3b65-d36c-4f93-b232-3c8e6f6667b6@group-B02456D89C11, cid=1283, SUCCESS, logIndex=1840, commits[dd0a3b65-d36c-4f93-b232-3c8e6f6667b6:c1842]
2019-09-18 13:04:08,352 [grpc-default-executor-1] INFO  client.GrpcClientProtocolClient (GrpcClientProtocolClient.java:onNext(264)) - client-DF3A7F9F7866->dd0a3b65-d36c-4f93-b232-3c8e6f6667b6: receive RaftClientReply:client-DF3A7F9F7866->dd0a3b65-d36c-4f93-b232-3c8e6f6667b6@group-B02456D89C11, cid=1284, SUCCESS, logIndex=1841, commits[dd0a3b65-d36c-4f93-b232-3c8e6f6667b6:c1842]
2019-09-18 13:04:08,366 [SCMBlockDeletingService#1] DEBUG block.SCMBlockDeletingService (SCMBlockDeletingService.java:call(138)) - Running DeletedBlockTransactionScanner
2019-09-18 13:04:08,366 [SCMBlockDeletingService#1] DEBUG block.SCMBlockDeletingService (SCMBlockDeletingService.java:call(155)) - Scanned deleted blocks log and got 0 delTX to process.
2019-09-18 13:04:08,371 [grpc-default-executor-0] INFO  client.GrpcClientProtocolClient (GrpcClientProtocolClient.java:onNext(264)) - client-DF3A7F9F7866->dd0a3b65-d36c-4f93-b232-3c8e6f6667b6: receive RaftClientReply:client-DF3A7F9F7866->dd0a3b65-d36c-4f93-b232-3c8e6f6667b6@group-B02456D89C11, cid=1285, SUCCESS, logIndex=1843, commits[dd0a3b65-d36c-4f93-b232-3c8e6f6667b6:c1844]
2019-09-18 13:04:08,371 [grpc-default-executor-0] INFO  client.GrpcClientProtocolClient (GrpcClientProtocolClient.java:onNext(264)) - client-DF3A7F9F7866->dd0a3b65-d36c-4f93-b232-3c8e6f6667b6: receive RaftClientReply:client-DF3A7F9F7866->dd0a3b65-d36c-4f93-b232-3c8e6f6667b6@group-B02456D89C11, cid=1286, SUCCESS, logIndex=1844, commits[dd0a3b65-d36c-4f93-b232-3c8e6f6667b6:c1846]
2019-09-18 13:04:08,371 [grpc-default-executor-0] INFO  client.GrpcClientProtocolClient (GrpcClientProtocolClient.java:onNext(264)) - client-DF3A7F9F7866->dd0a3b65-d36c-4f93-b232-3c8e6f6667b6: receive RaftClientReply:client-DF3A7F9F7866->dd0a3b65-d36c-4f93-b232-3c8e6f6667b6@group-B02456D89C11, cid=1287, SUCCESS, logIndex=1845, commits[dd0a3b65-d36c-4f93-b232-3c8e6f6667b6:c1846]
2019-09-18 13:04:08,372 [grpc-default-executor-0] INFO  client.GrpcClientProtocolClient (GrpcClientProtocolClient.java:onNext(264)) - client-DF3A7F9F7866->dd0a3b65-d36c-4f93-b232-3c8e6f6667b6: receive RaftClientReply:client-DF3A7F9F7866->dd0a3b65-d36c-4f93-b232-3c8e6f6667b6@group-B02456D89C11, cid=1288, SUCCESS, logIndex=1846, commits[dd0a3b65-d36c-4f93-b232-3c8e6f6667b6:c1847]
2019-09-18 13:04:08,387 [grpc-default-executor-0] INFO  client.GrpcClientProtocolClient (GrpcClientProtocolClient.java:onNext(264)) - client-DF3A7F9F7866->dd0a3b65-d36c-4f93-b232-3c8e6f6667b6: receive RaftClientReply:client-DF3A7F9F7866->dd0a3b65-d36c-4f93-b232-3c8e6f6667b6@group-B02456D89C11, cid=1289, SUCCESS, logIndex=1849, commits[dd0a3b65-d36c-4f93-b232-3c8e6f6667b6:c1850]
2019-09-18 13:04:08,388 [grpc-default-executor-0] INFO  client.GrpcClientProtocolClient (GrpcClientProtocolClient.java:onNext(264)) - client-DF3A7F9F7866->dd0a3b65-d36c-4f93-b232-3c8e6f6667b6: receive RaftClientReply:client-DF3A7F9F7866->dd0a3b65-d36c-4f93-b232-3c8e6f6667b6@group-B02456D89C11, cid=1290, SUCCESS, logIndex=1850, commits[dd0a3b65-d36c-4f93-b232-3c8e6f6667b6:c1850]
2019-09-18 13:04:08,390 [grpc-default-executor-0] INFO  client.GrpcClientProtocolClient (GrpcClientProtocolClient.java:onNext(264)) - client-DF3A7F9F7866->dd0a3b65-d36c-4f93-b232-3c8e6f6667b6: receive RaftClientReply:client-DF3A7F9F7866->dd0a3b65-d36c-4f93-b232-3c8e6f6667b6@group-B02456D89C11, cid=1291, SUCCESS, logIndex=1851, commits[dd0a3b65-d36c-4f93-b232-3c8e6f6667b6:c1853]
2019-09-18 13:04:08,391 [grpc-default-executor-0] INFO  client.GrpcClientProtocolClient (GrpcClientProtocolClient.java:onNext(264)) - client-DF3A7F9F7866->dd0a3b65-d36c-4f93-b232-3c8e6f6667b6: receive RaftClientReply:client-DF3A7F9F7866->dd0a3b65-d36c-4f93-b232-3c8e6f6667b6@group-B02456D89C11, cid=1292, SUCCESS, logIndex=1852, commits[dd0a3b65-d36c-4f93-b232-3c8e6f6667b6:c1853]
2019-09-18 13:04:08,401 [grpc-default-executor-0] INFO  client.GrpcClientProtocolClient (GrpcClientProtocolClient.java:onNext(264)) - client-DF3A7F9F7866->dd0a3b65-d36c-4f93-b232-3c8e6f6667b6: receive RaftClientReply:client-DF3A7F9F7866->dd0a3b65-d36c-4f93-b232-3c8e6f6667b6@group-B02456D89C11, cid=1293, SUCCESS, logIndex=1854, commits[dd0a3b65-d36c-4f93-b232-3c8e6f6667b6:c1857]
2019-09-18 13:04:08,401 [grpc-default-executor-0] INFO  client.GrpcClientProtocolClient (GrpcClientProtocolClient.java:onNext(264)) - client-DF3A7F9F7866->dd0a3b65-d36c-4f93-b232-3c8e6f6667b6: receive RaftClientReply:client-DF3A7F9F7866->dd0a3b65-d36c-4f93-b232-3c8e6f6667b6@group-B02456D89C11, cid=1294, SUCCESS, logIndex=1855, commits[dd0a3b65-d36c-4f93-b232-3c8e6f6667b6:c1858]
2019-09-18 13:04:08,401 [grpc-default-executor-0] INFO  client.GrpcClientProtocolClient (GrpcClientProtocolClient.java:onNext(264)) - client-DF3A7F9F7866->dd0a3b65-d36c-4f93-b232-3c8e6f6667b6: receive RaftClientReply:client-DF3A7F9F7866->dd0a3b65-d36c-4f93-b232-3c8e6f6667b6@group-B02456D89C11, cid=1295, SUCCESS, logIndex=1856, commits[dd0a3b65-d36c-4f93-b232-3c8e6f6667b6:c1858]
2019-09-18 13:04:08,402 [grpc-default-executor-0] INFO  client.GrpcClientProtocolClient (GrpcClientProtocolClient.java:onNext(264)) - client-DF3A7F9F7866->dd0a3b65-d36c-4f93-b232-3c8e6f6667b6: receive RaftClientReply:client-DF3A7F9F7866->dd0a3b65-d36c-4f93-b232-3c8e6f6667b6@group-B02456D89C11, cid=1296, SUCCESS, logIndex=1857, commits[dd0a3b65-d36c-4f93-b232-3c8e6f6667b6:c1858]
2019-09-18 13:04:08,417 [grpc-default-executor-0] INFO  client.GrpcClientProtocolClient (GrpcClientProtocolClient.java:onNext(264)) - client-DF3A7F9F7866->dd0a3b65-d36c-4f93-b232-3c8e6f6667b6: receive RaftClientReply:client-DF3A7F9F7866->dd0a3b65-d36c-4f93-b232-3c8e6f6667b6@group-B02456D89C11, cid=1297, SUCCESS, logIndex=1859, commits[dd0a3b65-d36c-4f93-b232-3c8e6f6667b6:c1860]
2019-09-18 13:04:08,417 [grpc-default-executor-0] INFO  client.GrpcClientProtocolClient (GrpcClientProtocolClient.java:onNext(264)) - client-DF3A7F9F7866->dd0a3b65-d36c-4f93-b232-3c8e6f6667b6: receive RaftClientReply:client-DF3A7F9F7866->dd0a3b65-d36c-4f93-b232-3c8e6f6667b6@group-B02456D89C11, cid=1298, SUCCESS, logIndex=1860, commits[dd0a3b65-d36c-4f93-b232-3c8e6f6667b6:c1860]
2019-09-18 13:04:08,419 [grpc-default-executor-0] INFO  client.GrpcClientProtocolClient (GrpcClientProtocolClient.java:onNext(264)) - client-DF3A7F9F7866->dd0a3b65-d36c-4f93-b232-3c8e6f6667b6: receive RaftClientReply:client-DF3A7F9F7866->dd0a3b65-d36c-4f93-b232-3c8e6f6667b6@group-B02456D89C11, cid=1299, SUCCESS, logIndex=1861, commits[dd0a3b65-d36c-4f93-b232-3c8e6f6667b6:c1863]
2019-09-18 13:04:08,419 [grpc-default-executor-0] INFO  client.GrpcClientProtocolClient (GrpcClientProtocolClient.java:onNext(264)) - client-DF3A7F9F7866->dd0a3b65-d36c-4f93-b232-3c8e6f6667b6: receive RaftClientReply:client-DF3A7F9F7866->dd0a3b65-d36c-4f93-b232-3c8e6f6667b6@group-B02456D89C11, cid=1300, SUCCESS, logIndex=1862, commits[dd0a3b65-d36c-4f93-b232-3c8e6f6667b6:c1863]
2019-09-18 13:04:08,430 [grpc-default-executor-1] INFO  client.GrpcClientProtocolClient (GrpcClientProtocolClient.java:onNext(264)) - client-DF3A7F9F7866->dd0a3b65-d36c-4f93-b232-3c8e6f6667b6: receive RaftClientReply:client-DF3A7F9F7866->dd0a3b65-d36c-4f93-b232-3c8e6f6667b6@group-B02456D89C11, cid=1301, SUCCESS, logIndex=1864, commits[dd0a3b65-d36c-4f93-b232-3c8e6f6667b6:c1867]
2019-09-18 13:04:08,430 [grpc-default-executor-1] INFO  client.GrpcClientProtocolClient (GrpcClientProtocolClient.java:onNext(264)) - client-DF3A7F9F7866->dd0a3b65-d36c-4f93-b232-3c8e6f6667b6: receive RaftClientReply:client-DF3A7F9F7866->dd0a3b65-d36c-4f93-b232-3c8e6f6667b6@group-B02456D89C11, cid=1302, SUCCESS, logIndex=1865, commits[dd0a3b65-d36c-4f93-b232-3c8e6f6667b6:c1867]
2019-09-18 13:04:08,431 [grpc-default-executor-1] INFO  client.GrpcClientProtocolClient (GrpcClientProtocolClient.java:onNext(264)) - client-DF3A7F9F7866->dd0a3b65-d36c-4f93-b232-3c8e6f6667b6: receive RaftClientReply:client-DF3A7F9F7866->dd0a3b65-d36c-4f93-b232-3c8e6f6667b6@group-B02456D89C11, cid=1303, SUCCESS, logIndex=1866, commits[dd0a3b65-d36c-4f93-b232-3c8e6f6667b6:c1868]
2019-09-18 13:04:08,431 [grpc-default-executor-1] INFO  client.GrpcClientProtocolClient (GrpcClientProtocolClient.java:onNext(264)) - client-DF3A7F9F7866->dd0a3b65-d36c-4f93-b232-3c8e6f6667b6: receive RaftClientReply:client-DF3A7F9F7866->dd0a3b65-d36c-4f93-b232-3c8e6f6667b6@group-B02456D89C11, cid=1304, SUCCESS, logIndex=1867, commits[dd0a3b65-d36c-4f93-b232-3c8e6f6667b6:c1868]
2019-09-18 13:04:08,446 [grpc-default-executor-1] INFO  client.GrpcClientProtocolClient (GrpcClientProtocolClient.java:onNext(264)) - client-DF3A7F9F7866->dd0a3b65-d36c-4f93-b232-3c8e6f6667b6: receive RaftClientReply:client-DF3A7F9F7866->dd0a3b65-d36c-4f93-b232-3c8e6f6667b6@group-B02456D89C11, cid=1305, SUCCESS, logIndex=1869, commits[dd0a3b65-d36c-4f93-b232-3c8e6f6667b6:c1870]
2019-09-18 13:04:08,447 [grpc-default-executor-1] INFO  client.GrpcClientProtocolClient (GrpcClientProtocolClient.java:onNext(264)) - client-DF3A7F9F7866->dd0a3b65-d36c-4f93-b232-3c8e6f6667b6: receive RaftClientReply:client-DF3A7F9F7866->dd0a3b65-d36c-4f93-b232-3c8e6f6667b6@group-B02456D89C11, cid=1306, SUCCESS, logIndex=1870, commits[dd0a3b65-d36c-4f93-b232-3c8e6f6667b6:c1870]
2019-09-18 13:04:08,448 [grpc-default-executor-1] INFO  client.GrpcClientProtocolClient (GrpcClientProtocolClient.java:onNext(264)) - client-DF3A7F9F7866->dd0a3b65-d36c-4f93-b232-3c8e6f6667b6: receive RaftClientReply:client-DF3A7F9F7866->dd0a3b65-d36c-4f93-b232-3c8e6f6667b6@group-B02456D89C11, cid=1307, SUCCESS, logIndex=1871, commits[dd0a3b65-d36c-4f93-b232-3c8e6f6667b6:c1873]
2019-09-18 13:04:08,448 [grpc-default-executor-1] INFO  client.GrpcClientProtocolClient (GrpcClientProtocolClient.java:onNext(264)) - client-DF3A7F9F7866->dd0a3b65-d36c-4f93-b232-3c8e6f6667b6: receive RaftClientReply:client-DF3A7F9F7866->dd0a3b65-d36c-4f93-b232-3c8e6f6667b6@group-B02456D89C11, cid=1308, SUCCESS, logIndex=1872, commits[dd0a3b65-d36c-4f93-b232-3c8e6f6667b6:c1873]
2019-09-18 13:04:08,457 [grpc-default-executor-0] INFO  client.GrpcClientProtocolClient (GrpcClientProtocolClient.java:onNext(264)) - client-DF3A7F9F7866->dd0a3b65-d36c-4f93-b232-3c8e6f6667b6: receive RaftClientReply:client-DF3A7F9F7866->dd0a3b65-d36c-4f93-b232-3c8e6f6667b6@group-B02456D89C11, cid=1309, SUCCESS, logIndex=1874, commits[dd0a3b65-d36c-4f93-b232-3c8e6f6667b6:c1875]
2019-09-18 13:04:08,458 [grpc-default-executor-0] INFO  client.GrpcClientProtocolClient (GrpcClientProtocolClient.java:onNext(264)) - client-DF3A7F9F7866->dd0a3b65-d36c-4f93-b232-3c8e6f6667b6: receive RaftClientReply:client-DF3A7F9F7866->dd0a3b65-d36c-4f93-b232-3c8e6f6667b6@group-B02456D89C11, cid=1310, SUCCESS, logIndex=1875, commits[dd0a3b65-d36c-4f93-b232-3c8e6f6667b6:c1875]
2019-09-18 13:04:08,459 [grpc-default-executor-0] INFO  client.GrpcClientProtocolClient (GrpcClientProtocolClient.java:onNext(264)) - client-DF3A7F9F7866->dd0a3b65-d36c-4f93-b232-3c8e6f6667b6: receive RaftClientReply:client-DF3A7F9F7866->dd0a3b65-d36c-4f93-b232-3c8e6f6667b6@group-B02456D89C11, cid=1311, SUCCESS, logIndex=1876, commits[dd0a3b65-d36c-4f93-b232-3c8e6f6667b6:c1878]
2019-09-18 13:04:08,459 [grpc-default-executor-0] INFO  client.GrpcClientProtocolClient (GrpcClientProtocolClient.java:onNext(264)) - client-DF3A7F9F7866->dd0a3b65-d36c-4f93-b232-3c8e6f6667b6: receive RaftClientReply:client-DF3A7F9F7866->dd0a3b65-d36c-4f93-b232-3c8e6f6667b6@group-B02456D89C11, cid=1312, SUCCESS, logIndex=1877, commits[dd0a3b65-d36c-4f93-b232-3c8e6f6667b6:c1878]
2019-09-18 13:04:08,467 [SCMBlockDeletingService#1] DEBUG block.SCMBlockDeletingService (SCMBlockDeletingService.java:call(138)) - Running DeletedBlockTransactionScanner
2019-09-18 13:04:08,467 [SCMBlockDeletingService#1] DEBUG block.SCMBlockDeletingService (SCMBlockDeletingService.java:call(155)) - Scanned deleted blocks log and got 0 delTX to process.
2019-09-18 13:04:08,482 [grpc-default-executor-0] INFO  client.GrpcClientProtocolClient (GrpcClientProtocolClient.java:onNext(264)) - client-DF3A7F9F7866->dd0a3b65-d36c-4f93-b232-3c8e6f6667b6: receive RaftClientReply:client-DF3A7F9F7866->dd0a3b65-d36c-4f93-b232-3c8e6f6667b6@group-B02456D89C11, cid=1313, SUCCESS, logIndex=1879, commits[dd0a3b65-d36c-4f93-b232-3c8e6f6667b6:c1882]
2019-09-18 13:04:08,482 [grpc-default-executor-0] INFO  client.GrpcClientProtocolClient (GrpcClientProtocolClient.java:onNext(264)) - client-DF3A7F9F7866->dd0a3b65-d36c-4f93-b232-3c8e6f6667b6: receive RaftClientReply:client-DF3A7F9F7866->dd0a3b65-d36c-4f93-b232-3c8e6f6667b6@group-B02456D89C11, cid=1314, SUCCESS, logIndex=1880, commits[dd0a3b65-d36c-4f93-b232-3c8e6f6667b6:c1883]
2019-09-18 13:04:08,483 [grpc-default-executor-0] INFO  client.GrpcClientProtocolClient (GrpcClientProtocolClient.java:onNext(264)) - client-DF3A7F9F7866->dd0a3b65-d36c-4f93-b232-3c8e6f6667b6: receive RaftClientReply:client-DF3A7F9F7866->dd0a3b65-d36c-4f93-b232-3c8e6f6667b6@group-B02456D89C11, cid=1315, SUCCESS, logIndex=1881, commits[dd0a3b65-d36c-4f93-b232-3c8e6f6667b6:c1883]
2019-09-18 13:04:08,483 [grpc-default-executor-0] INFO  client.GrpcClientProtocolClient (GrpcClientProtocolClient.java:onNext(264)) - client-DF3A7F9F7866->dd0a3b65-d36c-4f93-b232-3c8e6f6667b6: receive RaftClientReply:client-DF3A7F9F7866->dd0a3b65-d36c-4f93-b232-3c8e6f6667b6@group-B02456D89C11, cid=1316, SUCCESS, logIndex=1882, commits[dd0a3b65-d36c-4f93-b232-3c8e6f6667b6:c1883]
2019-09-18 13:04:08,503 [grpc-default-executor-1] INFO  client.GrpcClientProtocolClient (GrpcClientProtocolClient.java:onNext(264)) - client-DF3A7F9F7866->dd0a3b65-d36c-4f93-b232-3c8e6f6667b6: receive RaftClientReply:client-DF3A7F9F7866->dd0a3b65-d36c-4f93-b232-3c8e6f6667b6@group-B02456D89C11, cid=1317, SUCCESS, logIndex=1884, commits[dd0a3b65-d36c-4f93-b232-3c8e6f6667b6:c1887]
2019-09-18 13:04:08,504 [grpc-default-executor-1] INFO  client.GrpcClientProtocolClient (GrpcClientProtocolClient.java:onNext(264)) - client-DF3A7F9F7866->dd0a3b65-d36c-4f93-b232-3c8e6f6667b6: receive RaftClientReply:client-DF3A7F9F7866->dd0a3b65-d36c-4f93-b232-3c8e6f6667b6@group-B02456D89C11, cid=1318, SUCCESS, logIndex=1885, commits[dd0a3b65-d36c-4f93-b232-3c8e6f6667b6:c1887]
2019-09-18 13:04:08,504 [grpc-default-executor-1] INFO  client.GrpcClientProtocolClient (GrpcClientProtocolClient.java:onNext(264)) - client-DF3A7F9F7866->dd0a3b65-d36c-4f93-b232-3c8e6f6667b6: receive RaftClientReply:client-DF3A7F9F7866->dd0a3b65-d36c-4f93-b232-3c8e6f6667b6@group-B02456D89C11, cid=1319, SUCCESS, logIndex=1886, commits[dd0a3b65-d36c-4f93-b232-3c8e6f6667b6:c1887]
2019-09-18 13:04:08,504 [grpc-default-executor-1] INFO  client.GrpcClientProtocolClient (GrpcClientProtocolClient.java:onNext(264)) - client-DF3A7F9F7866->dd0a3b65-d36c-4f93-b232-3c8e6f6667b6: receive RaftClientReply:client-DF3A7F9F7866->dd0a3b65-d36c-4f93-b232-3c8e6f6667b6@group-B02456D89C11, cid=1320, SUCCESS, logIndex=1887, commits[dd0a3b65-d36c-4f93-b232-3c8e6f6667b6:c1888]
2019-09-18 13:04:08,531 [grpc-default-executor-1] INFO  client.GrpcClientProtocolClient (GrpcClientProtocolClient.java:onNext(264)) - client-DF3A7F9F7866->dd0a3b65-d36c-4f93-b232-3c8e6f6667b6: receive RaftClientReply:client-DF3A7F9F7866->dd0a3b65-d36c-4f93-b232-3c8e6f6667b6@group-B02456D89C11, cid=1321, SUCCESS, logIndex=1889, commits[dd0a3b65-d36c-4f93-b232-3c8e6f6667b6:c1892]
2019-09-18 13:04:08,531 [grpc-default-executor-1] INFO  client.GrpcClientProtocolClient (GrpcClientProtocolClient.java:onNext(264)) - client-DF3A7F9F7866->dd0a3b65-d36c-4f93-b232-3c8e6f6667b6: receive RaftClientReply:client-DF3A7F9F7866->dd0a3b65-d36c-4f93-b232-3c8e6f6667b6@group-B02456D89C11, cid=1322, SUCCESS, logIndex=1890, commits[dd0a3b65-d36c-4f93-b232-3c8e6f6667b6:c1893]
2019-09-18 13:04:08,531 [grpc-default-executor-1] INFO  client.GrpcClientProtocolClient (GrpcClientProtocolClient.java:onNext(264)) - client-DF3A7F9F7866->dd0a3b65-d36c-4f93-b232-3c8e6f6667b6: receive RaftClientReply:client-DF3A7F9F7866->dd0a3b65-d36c-4f93-b232-3c8e6f6667b6@group-B02456D89C11, cid=1323, SUCCESS, logIndex=1891, commits[dd0a3b65-d36c-4f93-b232-3c8e6f6667b6:c1893]
2019-09-18 13:04:08,532 [grpc-default-executor-1] INFO  client.GrpcClientProtocolClient (GrpcClientProtocolClient.java:onNext(264)) - client-DF3A7F9F7866->dd0a3b65-d36c-4f93-b232-3c8e6f6667b6: receive RaftClientReply:client-DF3A7F9F7866->dd0a3b65-d36c-4f93-b232-3c8e6f6667b6@group-B02456D89C11, cid=1324, SUCCESS, logIndex=1892, commits[dd0a3b65-d36c-4f93-b232-3c8e6f6667b6:c1893]
2019-09-18 13:04:08,605 [SCMBlockDeletingService#1] DEBUG block.SCMBlockDeletingService (SCMBlockDeletingService.java:call(138)) - Running DeletedBlockTransactionScanner
2019-09-18 13:04:08,605 [SCMBlockDeletingService#1] DEBUG block.SCMBlockDeletingService (SCMBlockDeletingService.java:call(155)) - Scanned deleted blocks log and got 0 delTX to process.
2019-09-18 13:04:08,624 [grpc-default-executor-0] INFO  client.GrpcClientProtocolClient (GrpcClientProtocolClient.java:onNext(264)) - client-DF3A7F9F7866->dd0a3b65-d36c-4f93-b232-3c8e6f6667b6: receive RaftClientReply:client-DF3A7F9F7866->dd0a3b65-d36c-4f93-b232-3c8e6f6667b6@group-B02456D89C11, cid=1325, SUCCESS, logIndex=1894, commits[dd0a3b65-d36c-4f93-b232-3c8e6f6667b6:c1895]
2019-09-18 13:04:08,624 [grpc-default-executor-0] INFO  client.GrpcClientProtocolClient (GrpcClientProtocolClient.java:onNext(264)) - client-DF3A7F9F7866->dd0a3b65-d36c-4f93-b232-3c8e6f6667b6: receive RaftClientReply:client-DF3A7F9F7866->dd0a3b65-d36c-4f93-b232-3c8e6f6667b6@group-B02456D89C11, cid=1326, SUCCESS, logIndex=1895, commits[dd0a3b65-d36c-4f93-b232-3c8e6f6667b6:c1896]
2019-09-18 13:04:08,705 [SCMBlockDeletingService#1] DEBUG block.SCMBlockDeletingService (SCMBlockDeletingService.java:call(138)) - Running DeletedBlockTransactionScanner
2019-09-18 13:04:08,706 [SCMBlockDeletingService#1] DEBUG block.SCMBlockDeletingService (SCMBlockDeletingService.java:call(155)) - Scanned deleted blocks log and got 0 delTX to process.
2019-09-18 13:04:08,736 [grpc-default-executor-1] INFO  client.GrpcClientProtocolClient (GrpcClientProtocolClient.java:onNext(264)) - client-DF3A7F9F7866->dd0a3b65-d36c-4f93-b232-3c8e6f6667b6: receive RaftClientReply:client-DF3A7F9F7866->dd0a3b65-d36c-4f93-b232-3c8e6f6667b6@group-B02456D89C11, cid=1327, SUCCESS, logIndex=1897, commits[dd0a3b65-d36c-4f93-b232-3c8e6f6667b6:c1898]
2019-09-18 13:04:08,736 [grpc-default-executor-1] INFO  client.GrpcClientProtocolClient (GrpcClientProtocolClient.java:onNext(264)) - client-DF3A7F9F7866->dd0a3b65-d36c-4f93-b232-3c8e6f6667b6: receive RaftClientReply:client-DF3A7F9F7866->dd0a3b65-d36c-4f93-b232-3c8e6f6667b6@group-B02456D89C11, cid=1328, SUCCESS, logIndex=1898, commits[dd0a3b65-d36c-4f93-b232-3c8e6f6667b6:c1899]
2019-09-18 13:04:08,766 [grpc-default-executor-1] INFO  client.GrpcClientProtocolClient (GrpcClientProtocolClient.java:onNext(264)) - client-DF3A7F9F7866->dd0a3b65-d36c-4f93-b232-3c8e6f6667b6: receive RaftClientReply:client-DF3A7F9F7866->dd0a3b65-d36c-4f93-b232-3c8e6f6667b6@group-B02456D89C11, cid=1329, SUCCESS, logIndex=1900, commits[dd0a3b65-d36c-4f93-b232-3c8e6f6667b6:c1903]
2019-09-18 13:04:08,766 [grpc-default-executor-1] INFO  client.GrpcClientProtocolClient (GrpcClientProtocolClient.java:onNext(264)) - client-DF3A7F9F7866->dd0a3b65-d36c-4f93-b232-3c8e6f6667b6: receive RaftClientReply:client-DF3A7F9F7866->dd0a3b65-d36c-4f93-b232-3c8e6f6667b6@group-B02456D89C11, cid=1330, SUCCESS, logIndex=1901, commits[dd0a3b65-d36c-4f93-b232-3c8e6f6667b6:c1904]
2019-09-18 13:04:08,767 [grpc-default-executor-1] INFO  client.GrpcClientProtocolClient (GrpcClientProtocolClient.java:onNext(264)) - client-DF3A7F9F7866->dd0a3b65-d36c-4f93-b232-3c8e6f6667b6: receive RaftClientReply:client-DF3A7F9F7866->dd0a3b65-d36c-4f93-b232-3c8e6f6667b6@group-B02456D89C11, cid=1331, SUCCESS, logIndex=1902, commits[dd0a3b65-d36c-4f93-b232-3c8e6f6667b6:c1904]
2019-09-18 13:04:08,767 [grpc-default-executor-1] INFO  client.GrpcClientProtocolClient (GrpcClientProtocolClient.java:onNext(264)) - client-DF3A7F9F7866->dd0a3b65-d36c-4f93-b232-3c8e6f6667b6: receive RaftClientReply:client-DF3A7F9F7866->dd0a3b65-d36c-4f93-b232-3c8e6f6667b6@group-B02456D89C11, cid=1332, SUCCESS, logIndex=1903, commits[dd0a3b65-d36c-4f93-b232-3c8e6f6667b6:c1904]
2019-09-18 13:04:08,786 [grpc-default-executor-1] INFO  client.GrpcClientProtocolClient (GrpcClientProtocolClient.java:onNext(264)) - client-DF3A7F9F7866->dd0a3b65-d36c-4f93-b232-3c8e6f6667b6: receive RaftClientReply:client-DF3A7F9F7866->dd0a3b65-d36c-4f93-b232-3c8e6f6667b6@group-B02456D89C11, cid=1333, SUCCESS, logIndex=1905, commits[dd0a3b65-d36c-4f93-b232-3c8e6f6667b6:c1906]
2019-09-18 13:04:08,786 [grpc-default-executor-1] INFO  client.GrpcClientProtocolClient (GrpcClientProtocolClient.java:onNext(264)) - client-DF3A7F9F7866->dd0a3b65-d36c-4f93-b232-3c8e6f6667b6: receive RaftClientReply:client-DF3A7F9F7866->dd0a3b65-d36c-4f93-b232-3c8e6f6667b6@group-B02456D89C11, cid=1334, SUCCESS, logIndex=1906, commits[dd0a3b65-d36c-4f93-b232-3c8e6f6667b6:c1908]
2019-09-18 13:04:08,786 [grpc-default-executor-1] INFO  client.GrpcClientProtocolClient (GrpcClientProtocolClient.java:onNext(264)) - client-DF3A7F9F7866->dd0a3b65-d36c-4f93-b232-3c8e6f6667b6: receive RaftClientReply:client-DF3A7F9F7866->dd0a3b65-d36c-4f93-b232-3c8e6f6667b6@group-B02456D89C11, cid=1335, SUCCESS, logIndex=1907, commits[dd0a3b65-d36c-4f93-b232-3c8e6f6667b6:c1908]
2019-09-18 13:04:08,787 [grpc-default-executor-1] INFO  client.GrpcClientProtocolClient (GrpcClientProtocolClient.java:onNext(264)) - client-DF3A7F9F7866->dd0a3b65-d36c-4f93-b232-3c8e6f6667b6: receive RaftClientReply:client-DF3A7F9F7866->dd0a3b65-d36c-4f93-b232-3c8e6f6667b6@group-B02456D89C11, cid=1336, SUCCESS, logIndex=1908, commits[dd0a3b65-d36c-4f93-b232-3c8e6f6667b6:c1909]
2019-09-18 13:04:08,806 [SCMBlockDeletingService#1] DEBUG block.SCMBlockDeletingService (SCMBlockDeletingService.java:call(138)) - Running DeletedBlockTransactionScanner
2019-09-18 13:04:08,806 [SCMBlockDeletingService#1] DEBUG block.SCMBlockDeletingService (SCMBlockDeletingService.java:call(155)) - Scanned deleted blocks log and got 0 delTX to process.
2019-09-18 13:04:08,812 [grpc-default-executor-0] INFO  client.GrpcClientProtocolClient (GrpcClientProtocolClient.java:onNext(264)) - client-DF3A7F9F7866->dd0a3b65-d36c-4f93-b232-3c8e6f6667b6: receive RaftClientReply:client-DF3A7F9F7866->dd0a3b65-d36c-4f93-b232-3c8e6f6667b6@group-B02456D89C11, cid=1337, SUCCESS, logIndex=1911, commits[dd0a3b65-d36c-4f93-b232-3c8e6f6667b6:c1912]
2019-09-18 13:04:08,812 [grpc-default-executor-0] INFO  client.GrpcClientProtocolClient (GrpcClientProtocolClient.java:onNext(264)) - client-DF3A7F9F7866->dd0a3b65-d36c-4f93-b232-3c8e6f6667b6: receive RaftClientReply:client-DF3A7F9F7866->dd0a3b65-d36c-4f93-b232-3c8e6f6667b6@group-B02456D89C11, cid=1338, SUCCESS, logIndex=1912, commits[dd0a3b65-d36c-4f93-b232-3c8e6f6667b6:c1912]
2019-09-18 13:04:08,813 [grpc-default-executor-0] INFO  client.GrpcClientProtocolClient (GrpcClientProtocolClient.java:onNext(264)) - client-DF3A7F9F7866->dd0a3b65-d36c-4f93-b232-3c8e6f6667b6: receive RaftClientReply:client-DF3A7F9F7866->dd0a3b65-d36c-4f93-b232-3c8e6f6667b6@group-B02456D89C11, cid=1339, SUCCESS, logIndex=1913, commits[dd0a3b65-d36c-4f93-b232-3c8e6f6667b6:c1914]
2019-09-18 13:04:08,813 [grpc-default-executor-0] INFO  client.GrpcClientProtocolClient (GrpcClientProtocolClient.java:onNext(264)) - client-DF3A7F9F7866->dd0a3b65-d36c-4f93-b232-3c8e6f6667b6: receive RaftClientReply:client-DF3A7F9F7866->dd0a3b65-d36c-4f93-b232-3c8e6f6667b6@group-B02456D89C11, cid=1340, SUCCESS, logIndex=1914, commits[dd0a3b65-d36c-4f93-b232-3c8e6f6667b6:c1915]
2019-09-18 13:04:08,832 [grpc-default-executor-1] INFO  client.GrpcClientProtocolClient (GrpcClientProtocolClient.java:onNext(264)) - client-DF3A7F9F7866->dd0a3b65-d36c-4f93-b232-3c8e6f6667b6: receive RaftClientReply:client-DF3A7F9F7866->dd0a3b65-d36c-4f93-b232-3c8e6f6667b6@group-B02456D89C11, cid=1341, SUCCESS, logIndex=1917, commits[dd0a3b65-d36c-4f93-b232-3c8e6f6667b6:c1918]
2019-09-18 13:04:08,832 [grpc-default-executor-1] INFO  client.GrpcClientProtocolClient (GrpcClientProtocolClient.java:onNext(264)) - client-DF3A7F9F7866->dd0a3b65-d36c-4f93-b232-3c8e6f6667b6: receive RaftClientReply:client-DF3A7F9F7866->dd0a3b65-d36c-4f93-b232-3c8e6f6667b6@group-B02456D89C11, cid=1342, SUCCESS, logIndex=1918, commits[dd0a3b65-d36c-4f93-b232-3c8e6f6667b6:c1918]
2019-09-18 13:04:08,834 [grpc-default-executor-1] INFO  client.GrpcClientProtocolClient (GrpcClientProtocolClient.java:onNext(264)) - client-DF3A7F9F7866->dd0a3b65-d36c-4f93-b232-3c8e6f6667b6: receive RaftClientReply:client-DF3A7F9F7866->dd0a3b65-d36c-4f93-b232-3c8e6f6667b6@group-B02456D89C11, cid=1343, SUCCESS, logIndex=1919, commits[dd0a3b65-d36c-4f93-b232-3c8e6f6667b6:c1920]
2019-09-18 13:04:08,835 [grpc-default-executor-1] INFO  client.GrpcClientProtocolClient (GrpcClientProtocolClient.java:onNext(264)) - client-DF3A7F9F7866->dd0a3b65-d36c-4f93-b232-3c8e6f6667b6: receive RaftClientReply:client-DF3A7F9F7866->dd0a3b65-d36c-4f93-b232-3c8e6f6667b6@group-B02456D89C11, cid=1344, SUCCESS, logIndex=1920, commits[dd0a3b65-d36c-4f93-b232-3c8e6f6667b6:c1921]
2019-09-18 13:04:08,851 [grpc-default-executor-0] INFO  client.GrpcClientProtocolClient (GrpcClientProtocolClient.java:onNext(264)) - client-DF3A7F9F7866->dd0a3b65-d36c-4f93-b232-3c8e6f6667b6: receive RaftClientReply:client-DF3A7F9F7866->dd0a3b65-d36c-4f93-b232-3c8e6f6667b6@group-B02456D89C11, cid=1345, SUCCESS, logIndex=1923, commits[dd0a3b65-d36c-4f93-b232-3c8e6f6667b6:c1924]
2019-09-18 13:04:08,851 [grpc-default-executor-0] INFO  client.GrpcClientProtocolClient (GrpcClientProtocolClient.java:onNext(264)) - client-DF3A7F9F7866->dd0a3b65-d36c-4f93-b232-3c8e6f6667b6: receive RaftClientReply:client-DF3A7F9F7866->dd0a3b65-d36c-4f93-b232-3c8e6f6667b6@group-B02456D89C11, cid=1346, SUCCESS, logIndex=1924, commits[dd0a3b65-d36c-4f93-b232-3c8e6f6667b6:c1924]
2019-09-18 13:04:08,852 [grpc-default-executor-0] INFO  client.GrpcClientProtocolClient (GrpcClientProtocolClient.java:onNext(264)) - client-DF3A7F9F7866->dd0a3b65-d36c-4f93-b232-3c8e6f6667b6: receive RaftClientReply:client-DF3A7F9F7866->dd0a3b65-d36c-4f93-b232-3c8e6f6667b6@group-B02456D89C11, cid=1347, SUCCESS, logIndex=1925, commits[dd0a3b65-d36c-4f93-b232-3c8e6f6667b6:c1927]
2019-09-18 13:04:08,853 [grpc-default-executor-0] INFO  client.GrpcClientProtocolClient (GrpcClientProtocolClient.java:onNext(264)) - client-DF3A7F9F7866->dd0a3b65-d36c-4f93-b232-3c8e6f6667b6: receive RaftClientReply:client-DF3A7F9F7866->dd0a3b65-d36c-4f93-b232-3c8e6f6667b6@group-B02456D89C11, cid=1348, SUCCESS, logIndex=1926, commits[dd0a3b65-d36c-4f93-b232-3c8e6f6667b6:c1927]
2019-09-18 13:04:08,861 [grpc-default-executor-1] INFO  client.GrpcClientProtocolClient (GrpcClientProtocolClient.java:onNext(264)) - client-DF3A7F9F7866->dd0a3b65-d36c-4f93-b232-3c8e6f6667b6: receive RaftClientReply:client-DF3A7F9F7866->dd0a3b65-d36c-4f93-b232-3c8e6f6667b6@group-B02456D89C11, cid=1349, SUCCESS, logIndex=1928, commits[dd0a3b65-d36c-4f93-b232-3c8e6f6667b6:c1929]
2019-09-18 13:04:08,862 [grpc-default-executor-1] INFO  client.GrpcClientProtocolClient (GrpcClientProtocolClient.java:onNext(264)) - client-DF3A7F9F7866->dd0a3b65-d36c-4f93-b232-3c8e6f6667b6: receive RaftClientReply:client-DF3A7F9F7866->dd0a3b65-d36c-4f93-b232-3c8e6f6667b6@group-B02456D89C11, cid=1350, SUCCESS, logIndex=1929, commits[dd0a3b65-d36c-4f93-b232-3c8e6f6667b6:c1929]
2019-09-18 13:04:08,863 [grpc-default-executor-1] INFO  client.GrpcClientProtocolClient (GrpcClientProtocolClient.java:onNext(264)) - client-DF3A7F9F7866->dd0a3b65-d36c-4f93-b232-3c8e6f6667b6: receive RaftClientReply:client-DF3A7F9F7866->dd0a3b65-d36c-4f93-b232-3c8e6f6667b6@group-B02456D89C11, cid=1351, SUCCESS, logIndex=1930, commits[dd0a3b65-d36c-4f93-b232-3c8e6f6667b6:c1932]
2019-09-18 13:04:08,863 [grpc-default-executor-1] INFO  client.GrpcClientProtocolClient (GrpcClientProtocolClient.java:onNext(264)) - client-DF3A7F9F7866->dd0a3b65-d36c-4f93-b232-3c8e6f6667b6: receive RaftClientReply:client-DF3A7F9F7866->dd0a3b65-d36c-4f93-b232-3c8e6f6667b6@group-B02456D89C11, cid=1352, SUCCESS, logIndex=1931, commits[dd0a3b65-d36c-4f93-b232-3c8e6f6667b6:c1932]
2019-09-18 13:04:08,879 [grpc-default-executor-1] INFO  client.GrpcClientProtocolClient (GrpcClientProtocolClient.java:onNext(264)) - client-DF3A7F9F7866->dd0a3b65-d36c-4f93-b232-3c8e6f6667b6: receive RaftClientReply:client-DF3A7F9F7866->dd0a3b65-d36c-4f93-b232-3c8e6f6667b6@group-B02456D89C11, cid=1353, SUCCESS, logIndex=1933, commits[dd0a3b65-d36c-4f93-b232-3c8e6f6667b6:c1934]
2019-09-18 13:04:08,880 [grpc-default-executor-1] INFO  client.GrpcClientProtocolClient (GrpcClientProtocolClient.java:onNext(264)) - client-DF3A7F9F7866->dd0a3b65-d36c-4f93-b232-3c8e6f6667b6: receive RaftClientReply:client-DF3A7F9F7866->dd0a3b65-d36c-4f93-b232-3c8e6f6667b6@group-B02456D89C11, cid=1354, SUCCESS, logIndex=1934, commits[dd0a3b65-d36c-4f93-b232-3c8e6f6667b6:c1934]
2019-09-18 13:04:08,881 [grpc-default-executor-1] INFO  client.GrpcClientProtocolClient (GrpcClientProtocolClient.java:onNext(264)) - client-DF3A7F9F7866->dd0a3b65-d36c-4f93-b232-3c8e6f6667b6: receive RaftClientReply:client-DF3A7F9F7866->dd0a3b65-d36c-4f93-b232-3c8e6f6667b6@group-B02456D89C11, cid=1355, SUCCESS, logIndex=1935, commits[dd0a3b65-d36c-4f93-b232-3c8e6f6667b6:c1937]
2019-09-18 13:04:08,881 [grpc-default-executor-1] INFO  client.GrpcClientProtocolClient (GrpcClientProtocolClient.java:onNext(264)) - client-DF3A7F9F7866->dd0a3b65-d36c-4f93-b232-3c8e6f6667b6: receive RaftClientReply:client-DF3A7F9F7866->dd0a3b65-d36c-4f93-b232-3c8e6f6667b6@group-B02456D89C11, cid=1356, SUCCESS, logIndex=1936, commits[dd0a3b65-d36c-4f93-b232-3c8e6f6667b6:c1937]
2019-09-18 13:04:08,890 [grpc-default-executor-0] INFO  client.GrpcClientProtocolClient (GrpcClientProtocolClient.java:onNext(264)) - client-DF3A7F9F7866->dd0a3b65-d36c-4f93-b232-3c8e6f6667b6: receive RaftClientReply:client-DF3A7F9F7866->dd0a3b65-d36c-4f93-b232-3c8e6f6667b6@group-B02456D89C11, cid=1357, SUCCESS, logIndex=1938, commits[dd0a3b65-d36c-4f93-b232-3c8e6f6667b6:c1939]
2019-09-18 13:04:08,891 [grpc-default-executor-0] INFO  client.GrpcClientProtocolClient (GrpcClientProtocolClient.java:onNext(264)) - client-DF3A7F9F7866->dd0a3b65-d36c-4f93-b232-3c8e6f6667b6: receive RaftClientReply:client-DF3A7F9F7866->dd0a3b65-d36c-4f93-b232-3c8e6f6667b6@group-B02456D89C11, cid=1358, SUCCESS, logIndex=1939, commits[dd0a3b65-d36c-4f93-b232-3c8e6f6667b6:c1942]
2019-09-18 13:04:08,891 [grpc-default-executor-0] INFO  client.GrpcClientProtocolClient (GrpcClientProtocolClient.java:onNext(264)) - client-DF3A7F9F7866->dd0a3b65-d36c-4f93-b232-3c8e6f6667b6: receive RaftClientReply:client-DF3A7F9F7866->dd0a3b65-d36c-4f93-b232-3c8e6f6667b6@group-B02456D89C11, cid=1359, SUCCESS, logIndex=1940, commits[dd0a3b65-d36c-4f93-b232-3c8e6f6667b6:c1942]
2019-09-18 13:04:08,892 [grpc-default-executor-0] INFO  client.GrpcClientProtocolClient (GrpcClientProtocolClient.java:onNext(264)) - client-DF3A7F9F7866->dd0a3b65-d36c-4f93-b232-3c8e6f6667b6: receive RaftClientReply:client-DF3A7F9F7866->dd0a3b65-d36c-4f93-b232-3c8e6f6667b6@group-B02456D89C11, cid=1360, SUCCESS, logIndex=1941, commits[dd0a3b65-d36c-4f93-b232-3c8e6f6667b6:c1942]
2019-09-18 13:04:08,907 [SCMBlockDeletingService#1] DEBUG block.SCMBlockDeletingService (SCMBlockDeletingService.java:call(138)) - Running DeletedBlockTransactionScanner
2019-09-18 13:04:08,907 [grpc-default-executor-1] INFO  client.GrpcClientProtocolClient (GrpcClientProtocolClient.java:onNext(264)) - client-DF3A7F9F7866->dd0a3b65-d36c-4f93-b232-3c8e6f6667b6: receive RaftClientReply:client-DF3A7F9F7866->dd0a3b65-d36c-4f93-b232-3c8e6f6667b6@group-B02456D89C11, cid=1361, SUCCESS, logIndex=1943, commits[dd0a3b65-d36c-4f93-b232-3c8e6f6667b6:c1944]
2019-09-18 13:04:08,907 [SCMBlockDeletingService#1] DEBUG block.SCMBlockDeletingService (SCMBlockDeletingService.java:call(155)) - Scanned deleted blocks log and got 0 delTX to process.
2019-09-18 13:04:08,908 [grpc-default-executor-1] INFO  client.GrpcClientProtocolClient (GrpcClientProtocolClient.java:onNext(264)) - client-DF3A7F9F7866->dd0a3b65-d36c-4f93-b232-3c8e6f6667b6: receive RaftClientReply:client-DF3A7F9F7866->dd0a3b65-d36c-4f93-b232-3c8e6f6667b6@group-B02456D89C11, cid=1362, SUCCESS, logIndex=1944, commits[dd0a3b65-d36c-4f93-b232-3c8e6f6667b6:c1944]
2019-09-18 13:04:08,908 [grpc-default-executor-1] INFO  client.GrpcClientProtocolClient (GrpcClientProtocolClient.java:onNext(264)) - client-DF3A7F9F7866->dd0a3b65-d36c-4f93-b232-3c8e6f6667b6: receive RaftClientReply:client-DF3A7F9F7866->dd0a3b65-d36c-4f93-b232-3c8e6f6667b6@group-B02456D89C11, cid=1363, SUCCESS, logIndex=1945, commits[dd0a3b65-d36c-4f93-b232-3c8e6f6667b6:c1946]
2019-09-18 13:04:08,908 [grpc-default-executor-1] INFO  client.GrpcClientProtocolClient (GrpcClientProtocolClient.java:onNext(264)) - client-DF3A7F9F7866->dd0a3b65-d36c-4f93-b232-3c8e6f6667b6: receive RaftClientReply:client-DF3A7F9F7866->dd0a3b65-d36c-4f93-b232-3c8e6f6667b6@group-B02456D89C11, cid=1364, SUCCESS, logIndex=1946, commits[dd0a3b65-d36c-4f93-b232-3c8e6f6667b6:c1946]
2019-09-18 13:04:08,919 [grpc-default-executor-1] INFO  client.GrpcClientProtocolClient (GrpcClientProtocolClient.java:onNext(264)) - client-DF3A7F9F7866->dd0a3b65-d36c-4f93-b232-3c8e6f6667b6: receive RaftClientReply:client-DF3A7F9F7866->dd0a3b65-d36c-4f93-b232-3c8e6f6667b6@group-B02456D89C11, cid=1365, SUCCESS, logIndex=1949, commits[dd0a3b65-d36c-4f93-b232-3c8e6f6667b6:c1952]
2019-09-18 13:04:08,919 [grpc-default-executor-1] INFO  client.GrpcClientProtocolClient (GrpcClientProtocolClient.java:onNext(264)) - client-DF3A7F9F7866->dd0a3b65-d36c-4f93-b232-3c8e6f6667b6: receive RaftClientReply:client-DF3A7F9F7866->dd0a3b65-d36c-4f93-b232-3c8e6f6667b6@group-B02456D89C11, cid=1366, SUCCESS, logIndex=1950, commits[dd0a3b65-d36c-4f93-b232-3c8e6f6667b6:c1952]
2019-09-18 13:04:08,919 [grpc-default-executor-1] INFO  client.GrpcClientProtocolClient (GrpcClientProtocolClient.java:onNext(264)) - client-DF3A7F9F7866->dd0a3b65-d36c-4f93-b232-3c8e6f6667b6: receive RaftClientReply:client-DF3A7F9F7866->dd0a3b65-d36c-4f93-b232-3c8e6f6667b6@group-B02456D89C11, cid=1367, SUCCESS, logIndex=1951, commits[dd0a3b65-d36c-4f93-b232-3c8e6f6667b6:c1952]
2019-09-18 13:04:08,919 [grpc-default-executor-1] INFO  client.GrpcClientProtocolClient (GrpcClientProtocolClient.java:onNext(264)) - client-DF3A7F9F7866->dd0a3b65-d36c-4f93-b232-3c8e6f6667b6: receive RaftClientReply:client-DF3A7F9F7866->dd0a3b65-d36c-4f93-b232-3c8e6f6667b6@group-B02456D89C11, cid=1368, SUCCESS, logIndex=1952, commits[dd0a3b65-d36c-4f93-b232-3c8e6f6667b6:c1953]
2019-09-18 13:04:08,936 [grpc-default-executor-1] INFO  client.GrpcClientProtocolClient (GrpcClientProtocolClient.java:onNext(264)) - client-DF3A7F9F7866->dd0a3b65-d36c-4f93-b232-3c8e6f6667b6: receive RaftClientReply:client-DF3A7F9F7866->dd0a3b65-d36c-4f93-b232-3c8e6f6667b6@group-B02456D89C11, cid=1369, SUCCESS, logIndex=1954, commits[dd0a3b65-d36c-4f93-b232-3c8e6f6667b6:c1955]
2019-09-18 13:04:08,937 [grpc-default-executor-1] INFO  client.GrpcClientProtocolClient (GrpcClientProtocolClient.java:onNext(264)) - client-DF3A7F9F7866->dd0a3b65-d36c-4f93-b232-3c8e6f6667b6: receive RaftClientReply:client-DF3A7F9F7866->dd0a3b65-d36c-4f93-b232-3c8e6f6667b6@group-B02456D89C11, cid=1370, SUCCESS, logIndex=1955, commits[dd0a3b65-d36c-4f93-b232-3c8e6f6667b6:c1956]
2019-09-18 13:04:09,008 [SCMBlockDeletingService#1] DEBUG block.SCMBlockDeletingService (SCMBlockDeletingService.java:call(138)) - Running DeletedBlockTransactionScanner
2019-09-18 13:04:09,008 [SCMBlockDeletingService#1] DEBUG block.SCMBlockDeletingService (SCMBlockDeletingService.java:call(155)) - Scanned deleted blocks log and got 0 delTX to process.
2019-09-18 13:04:09,062 [grpc-default-executor-1] INFO  client.GrpcClientProtocolClient (GrpcClientProtocolClient.java:onNext(264)) - client-DF3A7F9F7866->dd0a3b65-d36c-4f93-b232-3c8e6f6667b6: receive RaftClientReply:client-DF3A7F9F7866->dd0a3b65-d36c-4f93-b232-3c8e6f6667b6@group-B02456D89C11, cid=1371, SUCCESS, logIndex=1957, commits[dd0a3b65-d36c-4f93-b232-3c8e6f6667b6:c1958]
2019-09-18 13:04:09,063 [grpc-default-executor-1] INFO  client.GrpcClientProtocolClient (GrpcClientProtocolClient.java:onNext(264)) - client-DF3A7F9F7866->dd0a3b65-d36c-4f93-b232-3c8e6f6667b6: receive RaftClientReply:client-DF3A7F9F7866->dd0a3b65-d36c-4f93-b232-3c8e6f6667b6@group-B02456D89C11, cid=1372, SUCCESS, logIndex=1958, commits[dd0a3b65-d36c-4f93-b232-3c8e6f6667b6:c1959]
2019-09-18 13:04:09,084 [grpc-default-executor-1] INFO  client.GrpcClientProtocolClient (GrpcClientProtocolClient.java:onNext(264)) - client-DF3A7F9F7866->dd0a3b65-d36c-4f93-b232-3c8e6f6667b6: receive RaftClientReply:client-DF3A7F9F7866->dd0a3b65-d36c-4f93-b232-3c8e6f6667b6@group-B02456D89C11, cid=1373, SUCCESS, logIndex=1960, commits[dd0a3b65-d36c-4f93-b232-3c8e6f6667b6:c1961]
2019-09-18 13:04:09,084 [grpc-default-executor-1] INFO  client.GrpcClientProtocolClient (GrpcClientProtocolClient.java:onNext(264)) - client-DF3A7F9F7866->dd0a3b65-d36c-4f93-b232-3c8e6f6667b6: receive RaftClientReply:client-DF3A7F9F7866->dd0a3b65-d36c-4f93-b232-3c8e6f6667b6@group-B02456D89C11, cid=1374, SUCCESS, logIndex=1961, commits[dd0a3b65-d36c-4f93-b232-3c8e6f6667b6:c1963]
2019-09-18 13:04:09,085 [grpc-default-executor-1] INFO  client.GrpcClientProtocolClient (GrpcClientProtocolClient.java:onNext(264)) - client-DF3A7F9F7866->dd0a3b65-d36c-4f93-b232-3c8e6f6667b6: receive RaftClientReply:client-DF3A7F9F7866->dd0a3b65-d36c-4f93-b232-3c8e6f6667b6@group-B02456D89C11, cid=1375, SUCCESS, logIndex=1962, commits[dd0a3b65-d36c-4f93-b232-3c8e6f6667b6:c1964]
2019-09-18 13:04:09,085 [grpc-default-executor-1] INFO  client.GrpcClientProtocolClient (GrpcClientProtocolClient.java:onNext(264)) - client-DF3A7F9F7866->dd0a3b65-d36c-4f93-b232-3c8e6f6667b6: receive RaftClientReply:client-DF3A7F9F7866->dd0a3b65-d36c-4f93-b232-3c8e6f6667b6@group-B02456D89C11, cid=1376, SUCCESS, logIndex=1963, commits[dd0a3b65-d36c-4f93-b232-3c8e6f6667b6:c1964]
2019-09-18 13:04:09,108 [SCMBlockDeletingService#1] DEBUG block.SCMBlockDeletingService (SCMBlockDeletingService.java:call(138)) - Running DeletedBlockTransactionScanner
2019-09-18 13:04:09,109 [SCMBlockDeletingService#1] DEBUG block.SCMBlockDeletingService (SCMBlockDeletingService.java:call(155)) - Scanned deleted blocks log and got 0 delTX to process.
2019-09-18 13:04:09,113 [grpc-default-executor-0] INFO  client.GrpcClientProtocolClient (GrpcClientProtocolClient.java:onNext(264)) - client-DF3A7F9F7866->dd0a3b65-d36c-4f93-b232-3c8e6f6667b6: receive RaftClientReply:client-DF3A7F9F7866->dd0a3b65-d36c-4f93-b232-3c8e6f6667b6@group-B02456D89C11, cid=1377, SUCCESS, logIndex=1966, commits[dd0a3b65-d36c-4f93-b232-3c8e6f6667b6:c1967]
2019-09-18 13:04:09,113 [grpc-default-executor-0] INFO  client.GrpcClientProtocolClient (GrpcClientProtocolClient.java:onNext(264)) - client-DF3A7F9F7866->dd0a3b65-d36c-4f93-b232-3c8e6f6667b6: receive RaftClientReply:client-DF3A7F9F7866->dd0a3b65-d36c-4f93-b232-3c8e6f6667b6@group-B02456D89C11, cid=1378, SUCCESS, logIndex=1967, commits[dd0a3b65-d36c-4f93-b232-3c8e6f6667b6:c1969]
2019-09-18 13:04:09,114 [grpc-default-executor-0] INFO  client.GrpcClientProtocolClient (GrpcClientProtocolClient.java:onNext(264)) - client-DF3A7F9F7866->dd0a3b65-d36c-4f93-b232-3c8e6f6667b6: receive RaftClientReply:client-DF3A7F9F7866->dd0a3b65-d36c-4f93-b232-3c8e6f6667b6@group-B02456D89C11, cid=1379, SUCCESS, logIndex=1968, commits[dd0a3b65-d36c-4f93-b232-3c8e6f6667b6:c1970]
2019-09-18 13:04:09,114 [grpc-default-executor-0] INFO  client.GrpcClientProtocolClient (GrpcClientProtocolClient.java:onNext(264)) - client-DF3A7F9F7866->dd0a3b65-d36c-4f93-b232-3c8e6f6667b6: receive RaftClientReply:client-DF3A7F9F7866->dd0a3b65-d36c-4f93-b232-3c8e6f6667b6@group-B02456D89C11, cid=1380, SUCCESS, logIndex=1969, commits[dd0a3b65-d36c-4f93-b232-3c8e6f6667b6:c1970]
2019-09-18 13:04:09,134 [grpc-default-executor-0] INFO  client.GrpcClientProtocolClient (GrpcClientProtocolClient.java:onNext(264)) - client-DF3A7F9F7866->dd0a3b65-d36c-4f93-b232-3c8e6f6667b6: receive RaftClientReply:client-DF3A7F9F7866->dd0a3b65-d36c-4f93-b232-3c8e6f6667b6@group-B02456D89C11, cid=1381, SUCCESS, logIndex=1972, commits[dd0a3b65-d36c-4f93-b232-3c8e6f6667b6:c1973]
2019-09-18 13:04:09,135 [grpc-default-executor-0] INFO  client.GrpcClientProtocolClient (GrpcClientProtocolClient.java:onNext(264)) - client-DF3A7F9F7866->dd0a3b65-d36c-4f93-b232-3c8e6f6667b6: receive RaftClientReply:client-DF3A7F9F7866->dd0a3b65-d36c-4f93-b232-3c8e6f6667b6@group-B02456D89C11, cid=1382, SUCCESS, logIndex=1973, commits[dd0a3b65-d36c-4f93-b232-3c8e6f6667b6:c1975]
2019-09-18 13:04:09,135 [grpc-default-executor-0] INFO  client.GrpcClientProtocolClient (GrpcClientProtocolClient.java:onNext(264)) - client-DF3A7F9F7866->dd0a3b65-d36c-4f93-b232-3c8e6f6667b6: receive RaftClientReply:client-DF3A7F9F7866->dd0a3b65-d36c-4f93-b232-3c8e6f6667b6@group-B02456D89C11, cid=1383, SUCCESS, logIndex=1974, commits[dd0a3b65-d36c-4f93-b232-3c8e6f6667b6:c1976]
2019-09-18 13:04:09,136 [grpc-default-executor-0] INFO  client.GrpcClientProtocolClient (GrpcClientProtocolClient.java:onNext(264)) - client-DF3A7F9F7866->dd0a3b65-d36c-4f93-b232-3c8e6f6667b6: receive RaftClientReply:client-DF3A7F9F7866->dd0a3b65-d36c-4f93-b232-3c8e6f6667b6@group-B02456D89C11, cid=1384, SUCCESS, logIndex=1975, commits[dd0a3b65-d36c-4f93-b232-3c8e6f6667b6:c1976]
2019-09-18 13:04:09,224 [SCMBlockDeletingService#1] DEBUG block.SCMBlockDeletingService (SCMBlockDeletingService.java:call(138)) - Running DeletedBlockTransactionScanner
2019-09-18 13:04:09,224 [SCMBlockDeletingService#1] DEBUG block.SCMBlockDeletingService (SCMBlockDeletingService.java:call(155)) - Scanned deleted blocks log and got 0 delTX to process.
2019-09-18 13:04:09,240 [grpc-default-executor-0] INFO  client.GrpcClientProtocolClient (GrpcClientProtocolClient.java:onNext(264)) - client-DF3A7F9F7866->dd0a3b65-d36c-4f93-b232-3c8e6f6667b6: receive RaftClientReply:client-DF3A7F9F7866->dd0a3b65-d36c-4f93-b232-3c8e6f6667b6@group-B02456D89C11, cid=1385, SUCCESS, logIndex=1978, commits[dd0a3b65-d36c-4f93-b232-3c8e6f6667b6:c1979]
2019-09-18 13:04:09,241 [grpc-default-executor-0] INFO  client.GrpcClientProtocolClient (GrpcClientProtocolClient.java:onNext(264)) - client-DF3A7F9F7866->dd0a3b65-d36c-4f93-b232-3c8e6f6667b6: receive RaftClientReply:client-DF3A7F9F7866->dd0a3b65-d36c-4f93-b232-3c8e6f6667b6@group-B02456D89C11, cid=1386, SUCCESS, logIndex=1979, commits[dd0a3b65-d36c-4f93-b232-3c8e6f6667b6:c1981]
2019-09-18 13:04:09,241 [grpc-default-executor-0] INFO  client.GrpcClientProtocolClient (GrpcClientProtocolClient.java:onNext(264)) - client-DF3A7F9F7866->dd0a3b65-d36c-4f93-b232-3c8e6f6667b6: receive RaftClientReply:client-DF3A7F9F7866->dd0a3b65-d36c-4f93-b232-3c8e6f6667b6@group-B02456D89C11, cid=1387, SUCCESS, logIndex=1980, commits[dd0a3b65-d36c-4f93-b232-3c8e6f6667b6:c1982]
2019-09-18 13:04:09,242 [grpc-default-executor-0] INFO  client.GrpcClientProtocolClient (GrpcClientProtocolClient.java:onNext(264)) - client-DF3A7F9F7866->dd0a3b65-d36c-4f93-b232-3c8e6f6667b6: receive RaftClientReply:client-DF3A7F9F7866->dd0a3b65-d36c-4f93-b232-3c8e6f6667b6@group-B02456D89C11, cid=1388, SUCCESS, logIndex=1981, commits[dd0a3b65-d36c-4f93-b232-3c8e6f6667b6:c1982]
2019-09-18 13:04:09,262 [grpc-default-executor-0] INFO  client.GrpcClientProtocolClient (GrpcClientProtocolClient.java:onNext(264)) - client-DF3A7F9F7866->dd0a3b65-d36c-4f93-b232-3c8e6f6667b6: receive RaftClientReply:client-DF3A7F9F7866->dd0a3b65-d36c-4f93-b232-3c8e6f6667b6@group-B02456D89C11, cid=1389, SUCCESS, logIndex=1984, commits[dd0a3b65-d36c-4f93-b232-3c8e6f6667b6:c1985]
2019-09-18 13:04:09,262 [grpc-default-executor-0] INFO  client.GrpcClientProtocolClient (GrpcClientProtocolClient.java:onNext(264)) - client-DF3A7F9F7866->dd0a3b65-d36c-4f93-b232-3c8e6f6667b6: receive RaftClientReply:client-DF3A7F9F7866->dd0a3b65-d36c-4f93-b232-3c8e6f6667b6@group-B02456D89C11, cid=1390, SUCCESS, logIndex=1985, commits[dd0a3b65-d36c-4f93-b232-3c8e6f6667b6:c1987]
2019-09-18 13:04:09,263 [grpc-default-executor-0] INFO  client.GrpcClientProtocolClient (GrpcClientProtocolClient.java:onNext(264)) - client-DF3A7F9F7866->dd0a3b65-d36c-4f93-b232-3c8e6f6667b6: receive RaftClientReply:client-DF3A7F9F7866->dd0a3b65-d36c-4f93-b232-3c8e6f6667b6@group-B02456D89C11, cid=1391, SUCCESS, logIndex=1986, commits[dd0a3b65-d36c-4f93-b232-3c8e6f6667b6:c1988]
2019-09-18 13:04:09,263 [grpc-default-executor-0] INFO  client.GrpcClientProtocolClient (GrpcClientProtocolClient.java:onNext(264)) - client-DF3A7F9F7866->dd0a3b65-d36c-4f93-b232-3c8e6f6667b6: receive RaftClientReply:client-DF3A7F9F7866->dd0a3b65-d36c-4f93-b232-3c8e6f6667b6@group-B02456D89C11, cid=1392, SUCCESS, logIndex=1987, commits[dd0a3b65-d36c-4f93-b232-3c8e6f6667b6:c1989]
2019-09-18 13:04:09,294 [grpc-default-executor-0] INFO  client.GrpcClientProtocolClient (GrpcClientProtocolClient.java:onNext(264)) - client-DF3A7F9F7866->dd0a3b65-d36c-4f93-b232-3c8e6f6667b6: receive RaftClientReply:client-DF3A7F9F7866->dd0a3b65-d36c-4f93-b232-3c8e6f6667b6@group-B02456D89C11, cid=1393, SUCCESS, logIndex=1990, commits[dd0a3b65-d36c-4f93-b232-3c8e6f6667b6:c1991]
2019-09-18 13:04:09,295 [grpc-default-executor-0] INFO  client.GrpcClientProtocolClient (GrpcClientProtocolClient.java:onNext(264)) - client-DF3A7F9F7866->dd0a3b65-d36c-4f93-b232-3c8e6f6667b6: receive RaftClientReply:client-DF3A7F9F7866->dd0a3b65-d36c-4f93-b232-3c8e6f6667b6@group-B02456D89C11, cid=1394, SUCCESS, logIndex=1991, commits[dd0a3b65-d36c-4f93-b232-3c8e6f6667b6:c1993]
2019-09-18 13:04:09,296 [grpc-default-executor-0] INFO  client.GrpcClientProtocolClient (GrpcClientProtocolClient.java:onNext(264)) - client-DF3A7F9F7866->dd0a3b65-d36c-4f93-b232-3c8e6f6667b6: receive RaftClientReply:client-DF3A7F9F7866->dd0a3b65-d36c-4f93-b232-3c8e6f6667b6@group-B02456D89C11, cid=1395, SUCCESS, logIndex=1992, commits[dd0a3b65-d36c-4f93-b232-3c8e6f6667b6:c1994]
2019-09-18 13:04:09,297 [grpc-default-executor-0] INFO  client.GrpcClientProtocolClient (GrpcClientProtocolClient.java:onNext(264)) - client-DF3A7F9F7866->dd0a3b65-d36c-4f93-b232-3c8e6f6667b6: receive RaftClientReply:client-DF3A7F9F7866->dd0a3b65-d36c-4f93-b232-3c8e6f6667b6@group-B02456D89C11, cid=1396, SUCCESS, logIndex=1993, commits[dd0a3b65-d36c-4f93-b232-3c8e6f6667b6:c1995]
2019-09-18 13:04:09,317 [grpc-default-executor-1] INFO  client.GrpcClientProtocolClient (GrpcClientProtocolClient.java:onNext(264)) - client-DF3A7F9F7866->dd0a3b65-d36c-4f93-b232-3c8e6f6667b6: receive RaftClientReply:client-DF3A7F9F7866->dd0a3b65-d36c-4f93-b232-3c8e6f6667b6@group-B02456D89C11, cid=1397, SUCCESS, logIndex=1996, commits[dd0a3b65-d36c-4f93-b232-3c8e6f6667b6:c1997]
2019-09-18 13:04:09,318 [grpc-default-executor-1] INFO  client.GrpcClientProtocolClient (GrpcClientProtocolClient.java:onNext(264)) - client-DF3A7F9F7866->dd0a3b65-d36c-4f93-b232-3c8e6f6667b6: receive RaftClientReply:client-DF3A7F9F7866->dd0a3b65-d36c-4f93-b232-3c8e6f6667b6@group-B02456D89C11, cid=1398, SUCCESS, logIndex=1997, commits[dd0a3b65-d36c-4f93-b232-3c8e6f6667b6:c1999]
2019-09-18 13:04:09,318 [grpc-default-executor-1] INFO  client.GrpcClientProtocolClient (GrpcClientProtocolClient.java:onNext(264)) - client-DF3A7F9F7866->dd0a3b65-d36c-4f93-b232-3c8e6f6667b6: receive RaftClientReply:client-DF3A7F9F7866->dd0a3b65-d36c-4f93-b232-3c8e6f6667b6@group-B02456D89C11, cid=1399, SUCCESS, logIndex=1998, commits[dd0a3b65-d36c-4f93-b232-3c8e6f6667b6:c1999]
2019-09-18 13:04:09,319 [grpc-default-executor-1] INFO  client.GrpcClientProtocolClient (GrpcClientProtocolClient.java:onNext(264)) - client-DF3A7F9F7866->dd0a3b65-d36c-4f93-b232-3c8e6f6667b6: receive RaftClientReply:client-DF3A7F9F7866->dd0a3b65-d36c-4f93-b232-3c8e6f6667b6@group-B02456D89C11, cid=1400, SUCCESS, logIndex=1999, commits[dd0a3b65-d36c-4f93-b232-3c8e6f6667b6:c2000]
2019-09-18 13:04:09,324 [SCMBlockDeletingService#1] DEBUG block.SCMBlockDeletingService (SCMBlockDeletingService.java:call(138)) - Running DeletedBlockTransactionScanner
2019-09-18 13:04:09,325 [SCMBlockDeletingService#1] DEBUG block.SCMBlockDeletingService (SCMBlockDeletingService.java:call(155)) - Scanned deleted blocks log and got 0 delTX to process.
2019-09-18 13:04:09,425 [SCMBlockDeletingService#1] DEBUG block.SCMBlockDeletingService (SCMBlockDeletingService.java:call(138)) - Running DeletedBlockTransactionScanner
2019-09-18 13:04:09,425 [SCMBlockDeletingService#1] DEBUG block.SCMBlockDeletingService (SCMBlockDeletingService.java:call(155)) - Scanned deleted blocks log and got 0 delTX to process.
2019-09-18 13:04:09,526 [SCMBlockDeletingService#1] DEBUG block.SCMBlockDeletingService (SCMBlockDeletingService.java:call(138)) - Running DeletedBlockTransactionScanner
2019-09-18 13:04:09,526 [SCMBlockDeletingService#1] DEBUG block.SCMBlockDeletingService (SCMBlockDeletingService.java:call(155)) - Scanned deleted blocks log and got 0 delTX to process.
2019-09-18 13:04:09,627 [SCMBlockDeletingService#1] DEBUG block.SCMBlockDeletingService (SCMBlockDeletingService.java:call(138)) - Running DeletedBlockTransactionScanner
2019-09-18 13:04:09,627 [SCMBlockDeletingService#1] DEBUG block.SCMBlockDeletingService (SCMBlockDeletingService.java:call(155)) - Scanned deleted blocks log and got 0 delTX to process.
2019-09-18 13:04:09,728 [SCMBlockDeletingService#1] DEBUG block.SCMBlockDeletingService (SCMBlockDeletingService.java:call(138)) - Running DeletedBlockTransactionScanner
2019-09-18 13:04:09,728 [SCMBlockDeletingService#1] DEBUG block.SCMBlockDeletingService (SCMBlockDeletingService.java:call(155)) - Scanned deleted blocks log and got 0 delTX to process.
2019-09-18 13:04:09,828 [SCMBlockDeletingService#1] DEBUG block.SCMBlockDeletingService (SCMBlockDeletingService.java:call(138)) - Running DeletedBlockTransactionScanner
2019-09-18 13:04:09,829 [SCMBlockDeletingService#1] DEBUG block.SCMBlockDeletingService (SCMBlockDeletingService.java:call(155)) - Scanned deleted blocks log and got 0 delTX to process.
2019-09-18 13:04:09,872 [grpc-default-executor-0] INFO  client.GrpcClientProtocolClient (GrpcClientProtocolClient.java:onNext(264)) - client-DF3A7F9F7866->dd0a3b65-d36c-4f93-b232-3c8e6f6667b6: receive RaftClientReply:client-DF3A7F9F7866->dd0a3b65-d36c-4f93-b232-3c8e6f6667b6@group-B02456D89C11, cid=1401, SUCCESS, logIndex=2002, commits[dd0a3b65-d36c-4f93-b232-3c8e6f6667b6:c2003]
2019-09-18 13:04:09,873 [grpc-default-executor-0] INFO  client.GrpcClientProtocolClient (GrpcClientProtocolClient.java:onNext(264)) - client-DF3A7F9F7866->dd0a3b65-d36c-4f93-b232-3c8e6f6667b6: receive RaftClientReply:client-DF3A7F9F7866->dd0a3b65-d36c-4f93-b232-3c8e6f6667b6@group-B02456D89C11, cid=1402, SUCCESS, logIndex=2003, commits[dd0a3b65-d36c-4f93-b232-3c8e6f6667b6:c2003]
2019-09-18 13:04:09,929 [SCMBlockDeletingService#1] DEBUG block.SCMBlockDeletingService (SCMBlockDeletingService.java:call(138)) - Running DeletedBlockTransactionScanner
2019-09-18 13:04:09,929 [SCMBlockDeletingService#1] DEBUG block.SCMBlockDeletingService (SCMBlockDeletingService.java:call(155)) - Scanned deleted blocks log and got 0 delTX to process.
2019-09-18 13:04:10,030 [SCMBlockDeletingService#1] DEBUG block.SCMBlockDeletingService (SCMBlockDeletingService.java:call(138)) - Running DeletedBlockTransactionScanner
2019-09-18 13:04:10,030 [SCMBlockDeletingService#1] DEBUG block.SCMBlockDeletingService (SCMBlockDeletingService.java:call(155)) - Scanned deleted blocks log and got 0 delTX to process.
2019-09-18 13:04:10,131 [SCMBlockDeletingService#1] DEBUG block.SCMBlockDeletingService (SCMBlockDeletingService.java:call(138)) - Running DeletedBlockTransactionScanner
2019-09-18 13:04:10,131 [SCMBlockDeletingService#1] DEBUG block.SCMBlockDeletingService (SCMBlockDeletingService.java:call(155)) - Scanned deleted blocks log and got 0 delTX to process.
2019-09-18 13:04:10,231 [SCMBlockDeletingService#1] DEBUG block.SCMBlockDeletingService (SCMBlockDeletingService.java:call(138)) - Running DeletedBlockTransactionScanner
2019-09-18 13:04:10,232 [SCMBlockDeletingService#1] DEBUG block.SCMBlockDeletingService (SCMBlockDeletingService.java:call(155)) - Scanned deleted blocks log and got 0 delTX to process.
2019-09-18 13:04:10,332 [SCMBlockDeletingService#1] DEBUG block.SCMBlockDeletingService (SCMBlockDeletingService.java:call(138)) - Running DeletedBlockTransactionScanner
2019-09-18 13:04:10,332 [SCMBlockDeletingService#1] DEBUG block.SCMBlockDeletingService (SCMBlockDeletingService.java:call(155)) - Scanned deleted blocks log and got 0 delTX to process.
2019-09-18 13:04:10,433 [SCMBlockDeletingService#1] DEBUG block.SCMBlockDeletingService (SCMBlockDeletingService.java:call(138)) - Running DeletedBlockTransactionScanner
2019-09-18 13:04:10,433 [SCMBlockDeletingService#1] DEBUG block.SCMBlockDeletingService (SCMBlockDeletingService.java:call(155)) - Scanned deleted blocks log and got 0 delTX to process.
2019-09-18 13:04:10,533 [SCMBlockDeletingService#1] DEBUG block.SCMBlockDeletingService (SCMBlockDeletingService.java:call(138)) - Running DeletedBlockTransactionScanner
2019-09-18 13:04:10,533 [SCMBlockDeletingService#1] DEBUG block.SCMBlockDeletingService (SCMBlockDeletingService.java:call(155)) - Scanned deleted blocks log and got 0 delTX to process.
2019-09-18 13:04:10,634 [SCMBlockDeletingService#1] DEBUG block.SCMBlockDeletingService (SCMBlockDeletingService.java:call(138)) - Running DeletedBlockTransactionScanner
2019-09-18 13:04:10,634 [SCMBlockDeletingService#1] DEBUG block.SCMBlockDeletingService (SCMBlockDeletingService.java:call(155)) - Scanned deleted blocks log and got 0 delTX to process.
2019-09-18 13:04:10,734 [SCMBlockDeletingService#1] DEBUG block.SCMBlockDeletingService (SCMBlockDeletingService.java:call(138)) - Running DeletedBlockTransactionScanner
2019-09-18 13:04:10,734 [SCMBlockDeletingService#1] DEBUG block.SCMBlockDeletingService (SCMBlockDeletingService.java:call(155)) - Scanned deleted blocks log and got 0 delTX to process.
2019-09-18 13:04:10,835 [SCMBlockDeletingService#1] DEBUG block.SCMBlockDeletingService (SCMBlockDeletingService.java:call(138)) - Running DeletedBlockTransactionScanner
2019-09-18 13:04:10,835 [SCMBlockDeletingService#1] DEBUG block.SCMBlockDeletingService (SCMBlockDeletingService.java:call(155)) - Scanned deleted blocks log and got 0 delTX to process.
2019-09-18 13:04:10,935 [SCMBlockDeletingService#1] DEBUG block.SCMBlockDeletingService (SCMBlockDeletingService.java:call(138)) - Running DeletedBlockTransactionScanner
2019-09-18 13:04:10,936 [SCMBlockDeletingService#1] DEBUG block.SCMBlockDeletingService (SCMBlockDeletingService.java:call(155)) - Scanned deleted blocks log and got 0 delTX to process.
2019-09-18 13:04:11,036 [SCMBlockDeletingService#1] DEBUG block.SCMBlockDeletingService (SCMBlockDeletingService.java:call(138)) - Running DeletedBlockTransactionScanner
2019-09-18 13:04:11,036 [SCMBlockDeletingService#1] DEBUG block.SCMBlockDeletingService (SCMBlockDeletingService.java:call(155)) - Scanned deleted blocks log and got 0 delTX to process.
2019-09-18 13:04:11,137 [SCMBlockDeletingService#1] DEBUG block.SCMBlockDeletingService (SCMBlockDeletingService.java:call(138)) - Running DeletedBlockTransactionScanner
2019-09-18 13:04:11,137 [SCMBlockDeletingService#1] DEBUG block.SCMBlockDeletingService (SCMBlockDeletingService.java:call(155)) - Scanned deleted blocks log and got 0 delTX to process.
2019-09-18 13:04:11,237 [SCMBlockDeletingService#1] DEBUG block.SCMBlockDeletingService (SCMBlockDeletingService.java:call(138)) - Running DeletedBlockTransactionScanner
2019-09-18 13:04:11,238 [SCMBlockDeletingService#1] DEBUG block.SCMBlockDeletingService (SCMBlockDeletingService.java:call(155)) - Scanned deleted blocks log and got 0 delTX to process.
2019-09-18 13:04:11,338 [SCMBlockDeletingService#1] DEBUG block.SCMBlockDeletingService (SCMBlockDeletingService.java:call(138)) - Running DeletedBlockTransactionScanner
2019-09-18 13:04:11,338 [SCMBlockDeletingService#1] DEBUG block.SCMBlockDeletingService (SCMBlockDeletingService.java:call(155)) - Scanned deleted blocks log and got 0 delTX to process.
2019-09-18 13:04:11,439 [SCMBlockDeletingService#1] DEBUG block.SCMBlockDeletingService (SCMBlockDeletingService.java:call(138)) - Running DeletedBlockTransactionScanner
2019-09-18 13:04:11,439 [SCMBlockDeletingService#1] DEBUG block.SCMBlockDeletingService (SCMBlockDeletingService.java:call(155)) - Scanned deleted blocks log and got 0 delTX to process.
2019-09-18 13:04:11,539 [SCMBlockDeletingService#1] DEBUG block.SCMBlockDeletingService (SCMBlockDeletingService.java:call(138)) - Running DeletedBlockTransactionScanner
2019-09-18 13:04:11,539 [SCMBlockDeletingService#1] DEBUG block.SCMBlockDeletingService (SCMBlockDeletingService.java:call(155)) - Scanned deleted blocks log and got 0 delTX to process.
2019-09-18 13:04:11,640 [SCMBlockDeletingService#1] DEBUG block.SCMBlockDeletingService (SCMBlockDeletingService.java:call(138)) - Running DeletedBlockTransactionScanner
2019-09-18 13:04:11,640 [SCMBlockDeletingService#1] DEBUG block.SCMBlockDeletingService (SCMBlockDeletingService.java:call(155)) - Scanned deleted blocks log and got 0 delTX to process.
2019-09-18 13:04:11,740 [SCMBlockDeletingService#1] DEBUG block.SCMBlockDeletingService (SCMBlockDeletingService.java:call(138)) - Running DeletedBlockTransactionScanner
2019-09-18 13:04:11,740 [SCMBlockDeletingService#1] DEBUG block.SCMBlockDeletingService (SCMBlockDeletingService.java:call(155)) - Scanned deleted blocks log and got 0 delTX to process.
2019-09-18 13:04:11,841 [SCMBlockDeletingService#1] DEBUG block.SCMBlockDeletingService (SCMBlockDeletingService.java:call(138)) - Running DeletedBlockTransactionScanner
2019-09-18 13:04:11,841 [SCMBlockDeletingService#1] DEBUG block.SCMBlockDeletingService (SCMBlockDeletingService.java:call(155)) - Scanned deleted blocks log and got 0 delTX to process.
2019-09-18 13:04:11,941 [SCMBlockDeletingService#1] DEBUG block.SCMBlockDeletingService (SCMBlockDeletingService.java:call(138)) - Running DeletedBlockTransactionScanner
2019-09-18 13:04:11,942 [SCMBlockDeletingService#1] DEBUG block.SCMBlockDeletingService (SCMBlockDeletingService.java:call(155)) - Scanned deleted blocks log and got 0 delTX to process.
2019-09-18 13:04:12,042 [SCMBlockDeletingService#1] DEBUG block.SCMBlockDeletingService (SCMBlockDeletingService.java:call(138)) - Running DeletedBlockTransactionScanner
2019-09-18 13:04:12,042 [SCMBlockDeletingService#1] DEBUG block.SCMBlockDeletingService (SCMBlockDeletingService.java:call(155)) - Scanned deleted blocks log and got 0 delTX to process.
2019-09-18 13:04:12,143 [SCMBlockDeletingService#1] DEBUG block.SCMBlockDeletingService (SCMBlockDeletingService.java:call(138)) - Running DeletedBlockTransactionScanner
2019-09-18 13:04:12,143 [SCMBlockDeletingService#1] DEBUG block.SCMBlockDeletingService (SCMBlockDeletingService.java:call(155)) - Scanned deleted blocks log and got 0 delTX to process.
2019-09-18 13:04:12,243 [SCMBlockDeletingService#1] DEBUG block.SCMBlockDeletingService (SCMBlockDeletingService.java:call(138)) - Running DeletedBlockTransactionScanner
2019-09-18 13:04:12,243 [SCMBlockDeletingService#1] DEBUG block.SCMBlockDeletingService (SCMBlockDeletingService.java:call(155)) - Scanned deleted blocks log and got 0 delTX to process.
2019-09-18 13:04:12,344 [SCMBlockDeletingService#1] DEBUG block.SCMBlockDeletingService (SCMBlockDeletingService.java:call(138)) - Running DeletedBlockTransactionScanner
2019-09-18 13:04:12,344 [SCMBlockDeletingService#1] DEBUG block.SCMBlockDeletingService (SCMBlockDeletingService.java:call(155)) - Scanned deleted blocks log and got 0 delTX to process.
2019-09-18 13:04:12,444 [SCMBlockDeletingService#1] DEBUG block.SCMBlockDeletingService (SCMBlockDeletingService.java:call(138)) - Running DeletedBlockTransactionScanner
2019-09-18 13:04:12,445 [SCMBlockDeletingService#1] DEBUG block.SCMBlockDeletingService (SCMBlockDeletingService.java:call(155)) - Scanned deleted blocks log and got 0 delTX to process.
2019-09-18 13:04:12,472 [grpc-default-executor-0] INFO  client.GrpcClientProtocolClient (GrpcClientProtocolClient.java:onNext(264)) - client-DF3A7F9F7866->dd0a3b65-d36c-4f93-b232-3c8e6f6667b6: receive RaftClientReply:client-DF3A7F9F7866->dd0a3b65-d36c-4f93-b232-3c8e6f6667b6@group-B02456D89C11, cid=1403, SUCCESS, logIndex=2004, commits[dd0a3b65-d36c-4f93-b232-3c8e6f6667b6:c2006]
2019-09-18 13:04:12,473 [grpc-default-executor-0] INFO  client.GrpcClientProtocolClient (GrpcClientProtocolClient.java:onNext(264)) - client-DF3A7F9F7866->dd0a3b65-d36c-4f93-b232-3c8e6f6667b6: receive RaftClientReply:client-DF3A7F9F7866->dd0a3b65-d36c-4f93-b232-3c8e6f6667b6@group-B02456D89C11, cid=1404, SUCCESS, logIndex=2005, commits[dd0a3b65-d36c-4f93-b232-3c8e6f6667b6:c2006]
2019-09-18 13:04:12,545 [SCMBlockDeletingService#1] DEBUG block.SCMBlockDeletingService (SCMBlockDeletingService.java:call(138)) - Running DeletedBlockTransactionScanner
2019-09-18 13:04:12,545 [SCMBlockDeletingService#1] DEBUG block.SCMBlockDeletingService (SCMBlockDeletingService.java:call(155)) - Scanned deleted blocks log and got 0 delTX to process.
2019-09-18 13:04:12,646 [SCMBlockDeletingService#1] DEBUG block.SCMBlockDeletingService (SCMBlockDeletingService.java:call(138)) - Running DeletedBlockTransactionScanner
2019-09-18 13:04:12,648 [SCMBlockDeletingService#1] DEBUG block.SCMBlockDeletingService (SCMBlockDeletingService.java:call(155)) - Scanned deleted blocks log and got 0 delTX to process.
2019-09-18 13:04:12,748 [SCMBlockDeletingService#1] DEBUG block.SCMBlockDeletingService (SCMBlockDeletingService.java:call(138)) - Running DeletedBlockTransactionScanner
2019-09-18 13:04:12,748 [SCMBlockDeletingService#1] DEBUG block.SCMBlockDeletingService (SCMBlockDeletingService.java:call(155)) - Scanned deleted blocks log and got 0 delTX to process.
2019-09-18 13:04:12,849 [SCMBlockDeletingService#1] DEBUG block.SCMBlockDeletingService (SCMBlockDeletingService.java:call(138)) - Running DeletedBlockTransactionScanner
2019-09-18 13:04:12,849 [SCMBlockDeletingService#1] DEBUG block.SCMBlockDeletingService (SCMBlockDeletingService.java:call(155)) - Scanned deleted blocks log and got 0 delTX to process.
2019-09-18 13:04:12,949 [SCMBlockDeletingService#1] DEBUG block.SCMBlockDeletingService (SCMBlockDeletingService.java:call(138)) - Running DeletedBlockTransactionScanner
2019-09-18 13:04:12,950 [SCMBlockDeletingService#1] DEBUG block.SCMBlockDeletingService (SCMBlockDeletingService.java:call(155)) - Scanned deleted blocks log and got 0 delTX to process.
2019-09-18 13:04:13,050 [SCMBlockDeletingService#1] DEBUG block.SCMBlockDeletingService (SCMBlockDeletingService.java:call(138)) - Running DeletedBlockTransactionScanner
2019-09-18 13:04:13,050 [SCMBlockDeletingService#1] DEBUG block.SCMBlockDeletingService (SCMBlockDeletingService.java:call(155)) - Scanned deleted blocks log and got 0 delTX to process.
2019-09-18 13:04:13,151 [SCMBlockDeletingService#1] DEBUG block.SCMBlockDeletingService (SCMBlockDeletingService.java:call(138)) - Running DeletedBlockTransactionScanner
2019-09-18 13:04:13,151 [SCMBlockDeletingService#1] DEBUG block.SCMBlockDeletingService (SCMBlockDeletingService.java:call(155)) - Scanned deleted blocks log and got 0 delTX to process.
2019-09-18 13:04:13,251 [SCMBlockDeletingService#1] DEBUG block.SCMBlockDeletingService (SCMBlockDeletingService.java:call(138)) - Running DeletedBlockTransactionScanner
2019-09-18 13:04:13,251 [SCMBlockDeletingService#1] DEBUG block.SCMBlockDeletingService (SCMBlockDeletingService.java:call(155)) - Scanned deleted blocks log and got 0 delTX to process.
2019-09-18 13:04:13,352 [SCMBlockDeletingService#1] DEBUG block.SCMBlockDeletingService (SCMBlockDeletingService.java:call(138)) - Running DeletedBlockTransactionScanner
2019-09-18 13:04:13,352 [SCMBlockDeletingService#1] DEBUG block.SCMBlockDeletingService (SCMBlockDeletingService.java:call(155)) - Scanned deleted blocks log and got 0 delTX to process.
2019-09-18 13:04:13,452 [SCMBlockDeletingService#1] DEBUG block.SCMBlockDeletingService (SCMBlockDeletingService.java:call(138)) - Running DeletedBlockTransactionScanner
2019-09-18 13:04:13,453 [SCMBlockDeletingService#1] DEBUG block.SCMBlockDeletingService (SCMBlockDeletingService.java:call(155)) - Scanned deleted blocks log and got 0 delTX to process.
2019-09-18 13:04:13,553 [SCMBlockDeletingService#1] DEBUG block.SCMBlockDeletingService (SCMBlockDeletingService.java:call(138)) - Running DeletedBlockTransactionScanner
2019-09-18 13:04:13,553 [SCMBlockDeletingService#1] DEBUG block.SCMBlockDeletingService (SCMBlockDeletingService.java:call(155)) - Scanned deleted blocks log and got 0 delTX to process.
2019-09-18 13:04:13,654 [SCMBlockDeletingService#1] DEBUG block.SCMBlockDeletingService (SCMBlockDeletingService.java:call(138)) - Running DeletedBlockTransactionScanner
2019-09-18 13:04:13,654 [SCMBlockDeletingService#1] DEBUG block.SCMBlockDeletingService (SCMBlockDeletingService.java:call(155)) - Scanned deleted blocks log and got 0 delTX to process.
2019-09-18 13:04:13,754 [SCMBlockDeletingService#1] DEBUG block.SCMBlockDeletingService (SCMBlockDeletingService.java:call(138)) - Running DeletedBlockTransactionScanner
2019-09-18 13:04:13,754 [SCMBlockDeletingService#1] DEBUG block.SCMBlockDeletingService (SCMBlockDeletingService.java:call(155)) - Scanned deleted blocks log and got 0 delTX to process.
2019-09-18 13:04:13,855 [SCMBlockDeletingService#1] DEBUG block.SCMBlockDeletingService (SCMBlockDeletingService.java:call(138)) - Running DeletedBlockTransactionScanner
2019-09-18 13:04:13,855 [SCMBlockDeletingService#1] DEBUG block.SCMBlockDeletingService (SCMBlockDeletingService.java:call(155)) - Scanned deleted blocks log and got 0 delTX to process.
2019-09-18 13:04:13,955 [SCMBlockDeletingService#1] DEBUG block.SCMBlockDeletingService (SCMBlockDeletingService.java:call(138)) - Running DeletedBlockTransactionScanner
2019-09-18 13:04:13,956 [SCMBlockDeletingService#1] DEBUG block.SCMBlockDeletingService (SCMBlockDeletingService.java:call(155)) - Scanned deleted blocks log and got 0 delTX to process.
2019-09-18 13:04:14,056 [SCMBlockDeletingService#1] DEBUG block.SCMBlockDeletingService (SCMBlockDeletingService.java:call(138)) - Running DeletedBlockTransactionScanner
2019-09-18 13:04:14,056 [SCMBlockDeletingService#1] DEBUG block.SCMBlockDeletingService (SCMBlockDeletingService.java:call(155)) - Scanned deleted blocks log and got 0 delTX to process.
2019-09-18 13:04:14,157 [SCMBlockDeletingService#1] DEBUG block.SCMBlockDeletingService (SCMBlockDeletingService.java:call(138)) - Running DeletedBlockTransactionScanner
2019-09-18 13:04:14,157 [SCMBlockDeletingService#1] DEBUG block.SCMBlockDeletingService (SCMBlockDeletingService.java:call(155)) - Scanned deleted blocks log and got 0 delTX to process.
2019-09-18 13:04:14,257 [SCMBlockDeletingService#1] DEBUG block.SCMBlockDeletingService (SCMBlockDeletingService.java:call(138)) - Running DeletedBlockTransactionScanner
2019-09-18 13:04:14,257 [SCMBlockDeletingService#1] DEBUG block.SCMBlockDeletingService (SCMBlockDeletingService.java:call(155)) - Scanned deleted blocks log and got 0 delTX to process.
2019-09-18 13:04:14,358 [SCMBlockDeletingService#1] DEBUG block.SCMBlockDeletingService (SCMBlockDeletingService.java:call(138)) - Running DeletedBlockTransactionScanner
2019-09-18 13:04:14,358 [SCMBlockDeletingService#1] DEBUG block.SCMBlockDeletingService (SCMBlockDeletingService.java:call(155)) - Scanned deleted blocks log and got 0 delTX to process.
2019-09-18 13:04:14,458 [SCMBlockDeletingService#1] DEBUG block.SCMBlockDeletingService (SCMBlockDeletingService.java:call(138)) - Running DeletedBlockTransactionScanner
2019-09-18 13:04:14,459 [SCMBlockDeletingService#1] DEBUG block.SCMBlockDeletingService (SCMBlockDeletingService.java:call(155)) - Scanned deleted blocks log and got 0 delTX to process.
2019-09-18 13:04:14,559 [SCMBlockDeletingService#1] DEBUG block.SCMBlockDeletingService (SCMBlockDeletingService.java:call(138)) - Running DeletedBlockTransactionScanner
2019-09-18 13:04:14,559 [SCMBlockDeletingService#1] DEBUG block.SCMBlockDeletingService (SCMBlockDeletingService.java:call(155)) - Scanned deleted blocks log and got 0 delTX to process.
2019-09-18 13:04:14,659 [SCMBlockDeletingService#1] DEBUG block.SCMBlockDeletingService (SCMBlockDeletingService.java:call(138)) - Running DeletedBlockTransactionScanner
2019-09-18 13:04:14,660 [SCMBlockDeletingService#1] DEBUG block.SCMBlockDeletingService (SCMBlockDeletingService.java:call(155)) - Scanned deleted blocks log and got 0 delTX to process.
2019-09-18 13:04:14,760 [SCMBlockDeletingService#1] DEBUG block.SCMBlockDeletingService (SCMBlockDeletingService.java:call(138)) - Running DeletedBlockTransactionScanner
2019-09-18 13:04:14,760 [SCMBlockDeletingService#1] DEBUG block.SCMBlockDeletingService (SCMBlockDeletingService.java:call(155)) - Scanned deleted blocks log and got 0 delTX to process.
2019-09-18 13:04:14,861 [SCMBlockDeletingService#1] DEBUG block.SCMBlockDeletingService (SCMBlockDeletingService.java:call(138)) - Running DeletedBlockTransactionScanner
2019-09-18 13:04:14,861 [SCMBlockDeletingService#1] DEBUG block.SCMBlockDeletingService (SCMBlockDeletingService.java:call(155)) - Scanned deleted blocks log and got 0 delTX to process.
2019-09-18 13:04:14,961 [SCMBlockDeletingService#1] DEBUG block.SCMBlockDeletingService (SCMBlockDeletingService.java:call(138)) - Running DeletedBlockTransactionScanner
2019-09-18 13:04:14,961 [SCMBlockDeletingService#1] DEBUG block.SCMBlockDeletingService (SCMBlockDeletingService.java:call(155)) - Scanned deleted blocks log and got 0 delTX to process.
2019-09-18 13:04:15,062 [SCMBlockDeletingService#1] DEBUG block.SCMBlockDeletingService (SCMBlockDeletingService.java:call(138)) - Running DeletedBlockTransactionScanner
2019-09-18 13:04:15,062 [SCMBlockDeletingService#1] DEBUG block.SCMBlockDeletingService (SCMBlockDeletingService.java:call(155)) - Scanned deleted blocks log and got 0 delTX to process.
2019-09-18 13:04:15,163 [SCMBlockDeletingService#1] DEBUG block.SCMBlockDeletingService (SCMBlockDeletingService.java:call(138)) - Running DeletedBlockTransactionScanner
2019-09-18 13:04:15,163 [SCMBlockDeletingService#1] DEBUG block.SCMBlockDeletingService (SCMBlockDeletingService.java:call(155)) - Scanned deleted blocks log and got 0 delTX to process.
2019-09-18 13:04:15,263 [SCMBlockDeletingService#1] DEBUG block.SCMBlockDeletingService (SCMBlockDeletingService.java:call(138)) - Running DeletedBlockTransactionScanner
2019-09-18 13:04:15,263 [SCMBlockDeletingService#1] DEBUG block.SCMBlockDeletingService (SCMBlockDeletingService.java:call(155)) - Scanned deleted blocks log and got 0 delTX to process.
2019-09-18 13:04:15,364 [SCMBlockDeletingService#1] DEBUG block.SCMBlockDeletingService (SCMBlockDeletingService.java:call(138)) - Running DeletedBlockTransactionScanner
2019-09-18 13:04:15,364 [SCMBlockDeletingService#1] DEBUG block.SCMBlockDeletingService (SCMBlockDeletingService.java:call(155)) - Scanned deleted blocks log and got 0 delTX to process.
2019-09-18 13:04:15,464 [SCMBlockDeletingService#1] DEBUG block.SCMBlockDeletingService (SCMBlockDeletingService.java:call(138)) - Running DeletedBlockTransactionScanner
2019-09-18 13:04:15,465 [SCMBlockDeletingService#1] DEBUG block.SCMBlockDeletingService (SCMBlockDeletingService.java:call(155)) - Scanned deleted blocks log and got 0 delTX to process.
2019-09-18 13:04:15,565 [SCMBlockDeletingService#1] DEBUG block.SCMBlockDeletingService (SCMBlockDeletingService.java:call(138)) - Running DeletedBlockTransactionScanner
2019-09-18 13:04:15,565 [SCMBlockDeletingService#1] DEBUG block.SCMBlockDeletingService (SCMBlockDeletingService.java:call(155)) - Scanned deleted blocks log and got 0 delTX to process.
2019-09-18 13:04:15,666 [SCMBlockDeletingService#1] DEBUG block.SCMBlockDeletingService (SCMBlockDeletingService.java:call(138)) - Running DeletedBlockTransactionScanner
2019-09-18 13:04:15,666 [SCMBlockDeletingService#1] DEBUG block.SCMBlockDeletingService (SCMBlockDeletingService.java:call(155)) - Scanned deleted blocks log and got 0 delTX to process.
2019-09-18 13:04:15,766 [SCMBlockDeletingService#0] DEBUG block.SCMBlockDeletingService (SCMBlockDeletingService.java:call(138)) - Running DeletedBlockTransactionScanner
2019-09-18 13:04:15,767 [SCMBlockDeletingService#0] DEBUG block.SCMBlockDeletingService (SCMBlockDeletingService.java:call(155)) - Scanned deleted blocks log and got 0 delTX to process.
2019-09-18 13:04:15,867 [SCMBlockDeletingService#0] DEBUG block.SCMBlockDeletingService (SCMBlockDeletingService.java:call(138)) - Running DeletedBlockTransactionScanner
2019-09-18 13:04:15,867 [SCMBlockDeletingService#0] DEBUG block.SCMBlockDeletingService (SCMBlockDeletingService.java:call(155)) - Scanned deleted blocks log and got 0 delTX to process.
2019-09-18 13:04:15,968 [SCMBlockDeletingService#0] DEBUG block.SCMBlockDeletingService (SCMBlockDeletingService.java:call(138)) - Running DeletedBlockTransactionScanner
2019-09-18 13:04:15,968 [SCMBlockDeletingService#0] DEBUG block.SCMBlockDeletingService (SCMBlockDeletingService.java:call(155)) - Scanned deleted blocks log and got 0 delTX to process.
2019-09-18 13:04:16,068 [SCMBlockDeletingService#0] DEBUG block.SCMBlockDeletingService (SCMBlockDeletingService.java:call(138)) - Running DeletedBlockTransactionScanner
2019-09-18 13:04:16,069 [SCMBlockDeletingService#0] DEBUG block.SCMBlockDeletingService (SCMBlockDeletingService.java:call(155)) - Scanned deleted blocks log and got 0 delTX to process.
2019-09-18 13:04:16,169 [SCMBlockDeletingService#0] DEBUG block.SCMBlockDeletingService (SCMBlockDeletingService.java:call(138)) - Running DeletedBlockTransactionScanner
2019-09-18 13:04:16,169 [SCMBlockDeletingService#0] DEBUG block.SCMBlockDeletingService (SCMBlockDeletingService.java:call(155)) - Scanned deleted blocks log and got 0 delTX to process.
2019-09-18 13:04:16,270 [SCMBlockDeletingService#0] DEBUG block.SCMBlockDeletingService (SCMBlockDeletingService.java:call(138)) - Running DeletedBlockTransactionScanner
2019-09-18 13:04:16,270 [SCMBlockDeletingService#0] DEBUG block.SCMBlockDeletingService (SCMBlockDeletingService.java:call(155)) - Scanned deleted blocks log and got 0 delTX to process.
2019-09-18 13:04:16,370 [SCMBlockDeletingService#0] DEBUG block.SCMBlockDeletingService (SCMBlockDeletingService.java:call(138)) - Running DeletedBlockTransactionScanner
2019-09-18 13:04:16,371 [SCMBlockDeletingService#0] DEBUG block.SCMBlockDeletingService (SCMBlockDeletingService.java:call(155)) - Scanned deleted blocks log and got 0 delTX to process.
2019-09-18 13:04:16,471 [SCMBlockDeletingService#0] DEBUG block.SCMBlockDeletingService (SCMBlockDeletingService.java:call(138)) - Running DeletedBlockTransactionScanner
2019-09-18 13:04:16,471 [SCMBlockDeletingService#0] DEBUG block.SCMBlockDeletingService (SCMBlockDeletingService.java:call(155)) - Scanned deleted blocks log and got 0 delTX to process.
2019-09-18 13:04:16,572 [SCMBlockDeletingService#0] DEBUG block.SCMBlockDeletingService (SCMBlockDeletingService.java:call(138)) - Running DeletedBlockTransactionScanner
2019-09-18 13:04:16,572 [SCMBlockDeletingService#0] DEBUG block.SCMBlockDeletingService (SCMBlockDeletingService.java:call(155)) - Scanned deleted blocks log and got 0 delTX to process.
2019-09-18 13:04:16,672 [SCMBlockDeletingService#0] DEBUG block.SCMBlockDeletingService (SCMBlockDeletingService.java:call(138)) - Running DeletedBlockTransactionScanner
2019-09-18 13:04:16,673 [SCMBlockDeletingService#0] DEBUG block.SCMBlockDeletingService (SCMBlockDeletingService.java:call(155)) - Scanned deleted blocks log and got 0 delTX to process.
2019-09-18 13:04:16,773 [SCMBlockDeletingService#0] DEBUG block.SCMBlockDeletingService (SCMBlockDeletingService.java:call(138)) - Running DeletedBlockTransactionScanner
2019-09-18 13:04:16,774 [SCMBlockDeletingService#0] DEBUG block.SCMBlockDeletingService (SCMBlockDeletingService.java:call(155)) - Scanned deleted blocks log and got 0 delTX to process.
2019-09-18 13:04:16,874 [SCMBlockDeletingService#0] DEBUG block.SCMBlockDeletingService (SCMBlockDeletingService.java:call(138)) - Running DeletedBlockTransactionScanner
2019-09-18 13:04:16,875 [SCMBlockDeletingService#0] DEBUG block.SCMBlockDeletingService (SCMBlockDeletingService.java:call(155)) - Scanned deleted blocks log and got 0 delTX to process.
2019-09-18 13:04:16,975 [SCMBlockDeletingService#0] DEBUG block.SCMBlockDeletingService (SCMBlockDeletingService.java:call(138)) - Running DeletedBlockTransactionScanner
2019-09-18 13:04:16,975 [SCMBlockDeletingService#0] DEBUG block.SCMBlockDeletingService (SCMBlockDeletingService.java:call(155)) - Scanned deleted blocks log and got 0 delTX to process.
2019-09-18 13:04:17,076 [SCMBlockDeletingService#0] DEBUG block.SCMBlockDeletingService (SCMBlockDeletingService.java:call(138)) - Running DeletedBlockTransactionScanner
2019-09-18 13:04:17,077 [SCMBlockDeletingService#0] DEBUG block.SCMBlockDeletingService (SCMBlockDeletingService.java:call(155)) - Scanned deleted blocks log and got 0 delTX to process.
2019-09-18 13:04:17,178 [SCMBlockDeletingService#0] DEBUG block.SCMBlockDeletingService (SCMBlockDeletingService.java:call(138)) - Running DeletedBlockTransactionScanner
2019-09-18 13:04:17,178 [SCMBlockDeletingService#0] DEBUG block.SCMBlockDeletingService (SCMBlockDeletingService.java:call(155)) - Scanned deleted blocks log and got 0 delTX to process.
2019-09-18 13:04:17,278 [SCMBlockDeletingService#0] DEBUG block.SCMBlockDeletingService (SCMBlockDeletingService.java:call(138)) - Running DeletedBlockTransactionScanner
2019-09-18 13:04:17,279 [SCMBlockDeletingService#0] DEBUG block.SCMBlockDeletingService (SCMBlockDeletingService.java:call(155)) - Scanned deleted blocks log and got 0 delTX to process.
2019-09-18 13:04:17,379 [SCMBlockDeletingService#0] DEBUG block.SCMBlockDeletingService (SCMBlockDeletingService.java:call(138)) - Running DeletedBlockTransactionScanner
2019-09-18 13:04:17,379 [SCMBlockDeletingService#0] DEBUG block.SCMBlockDeletingService (SCMBlockDeletingService.java:call(155)) - Scanned deleted blocks log and got 0 delTX to process.
2019-09-18 13:04:17,480 [SCMBlockDeletingService#0] DEBUG block.SCMBlockDeletingService (SCMBlockDeletingService.java:call(138)) - Running DeletedBlockTransactionScanner
2019-09-18 13:04:17,480 [SCMBlockDeletingService#0] DEBUG block.SCMBlockDeletingService (SCMBlockDeletingService.java:call(155)) - Scanned deleted blocks log and got 0 delTX to process.
2019-09-18 13:04:17,580 [SCMBlockDeletingService#0] DEBUG block.SCMBlockDeletingService (SCMBlockDeletingService.java:call(138)) - Running DeletedBlockTransactionScanner
2019-09-18 13:04:17,581 [SCMBlockDeletingService#0] DEBUG block.SCMBlockDeletingService (SCMBlockDeletingService.java:call(155)) - Scanned deleted blocks log and got 0 delTX to process.
2019-09-18 13:04:17,681 [SCMBlockDeletingService#0] DEBUG block.SCMBlockDeletingService (SCMBlockDeletingService.java:call(138)) - Running DeletedBlockTransactionScanner
2019-09-18 13:04:17,681 [SCMBlockDeletingService#0] DEBUG block.SCMBlockDeletingService (SCMBlockDeletingService.java:call(155)) - Scanned deleted blocks log and got 0 delTX to process.
2019-09-18 13:04:17,782 [SCMBlockDeletingService#0] DEBUG block.SCMBlockDeletingService (SCMBlockDeletingService.java:call(138)) - Running DeletedBlockTransactionScanner
2019-09-18 13:04:17,782 [SCMBlockDeletingService#0] DEBUG block.SCMBlockDeletingService (SCMBlockDeletingService.java:call(155)) - Scanned deleted blocks log and got 0 delTX to process.
2019-09-18 13:04:17,882 [SCMBlockDeletingService#0] DEBUG block.SCMBlockDeletingService (SCMBlockDeletingService.java:call(138)) - Running DeletedBlockTransactionScanner
2019-09-18 13:04:17,883 [SCMBlockDeletingService#0] DEBUG block.SCMBlockDeletingService (SCMBlockDeletingService.java:call(155)) - Scanned deleted blocks log and got 0 delTX to process.
2019-09-18 13:04:17,983 [SCMBlockDeletingService#0] DEBUG block.SCMBlockDeletingService (SCMBlockDeletingService.java:call(138)) - Running DeletedBlockTransactionScanner
2019-09-18 13:04:17,983 [SCMBlockDeletingService#0] DEBUG block.SCMBlockDeletingService (SCMBlockDeletingService.java:call(155)) - Scanned deleted blocks log and got 0 delTX to process.
2019-09-18 13:04:18,084 [SCMBlockDeletingService#0] DEBUG block.SCMBlockDeletingService (SCMBlockDeletingService.java:call(138)) - Running DeletedBlockTransactionScanner
2019-09-18 13:04:18,084 [SCMBlockDeletingService#0] DEBUG block.SCMBlockDeletingService (SCMBlockDeletingService.java:call(155)) - Scanned deleted blocks log and got 0 delTX to process.
2019-09-18 13:04:18,184 [SCMBlockDeletingService#0] DEBUG block.SCMBlockDeletingService (SCMBlockDeletingService.java:call(138)) - Running DeletedBlockTransactionScanner
2019-09-18 13:04:18,185 [SCMBlockDeletingService#0] DEBUG block.SCMBlockDeletingService (SCMBlockDeletingService.java:call(155)) - Scanned deleted blocks log and got 0 delTX to process.
2019-09-18 13:04:18,285 [SCMBlockDeletingService#0] DEBUG block.SCMBlockDeletingService (SCMBlockDeletingService.java:call(138)) - Running DeletedBlockTransactionScanner
2019-09-18 13:04:18,285 [SCMBlockDeletingService#0] DEBUG block.SCMBlockDeletingService (SCMBlockDeletingService.java:call(155)) - Scanned deleted blocks log and got 0 delTX to process.
2019-09-18 13:04:18,385 [SCMBlockDeletingService#0] DEBUG block.SCMBlockDeletingService (SCMBlockDeletingService.java:call(138)) - Running DeletedBlockTransactionScanner
2019-09-18 13:04:18,386 [SCMBlockDeletingService#0] DEBUG block.SCMBlockDeletingService (SCMBlockDeletingService.java:call(155)) - Scanned deleted blocks log and got 0 delTX to process.
2019-09-18 13:04:18,486 [SCMBlockDeletingService#0] DEBUG block.SCMBlockDeletingService (SCMBlockDeletingService.java:call(138)) - Running DeletedBlockTransactionScanner
2019-09-18 13:04:18,486 [SCMBlockDeletingService#0] DEBUG block.SCMBlockDeletingService (SCMBlockDeletingService.java:call(155)) - Scanned deleted blocks log and got 0 delTX to process.
2019-09-18 13:04:18,587 [SCMBlockDeletingService#0] DEBUG block.SCMBlockDeletingService (SCMBlockDeletingService.java:call(138)) - Running DeletedBlockTransactionScanner
2019-09-18 13:04:18,587 [SCMBlockDeletingService#0] DEBUG block.SCMBlockDeletingService (SCMBlockDeletingService.java:call(155)) - Scanned deleted blocks log and got 0 delTX to process.
2019-09-18 13:04:18,687 [SCMBlockDeletingService#0] DEBUG block.SCMBlockDeletingService (SCMBlockDeletingService.java:call(138)) - Running DeletedBlockTransactionScanner
2019-09-18 13:04:18,688 [SCMBlockDeletingService#0] DEBUG block.SCMBlockDeletingService (SCMBlockDeletingService.java:call(155)) - Scanned deleted blocks log and got 0 delTX to process.
2019-09-18 13:04:18,788 [SCMBlockDeletingService#0] DEBUG block.SCMBlockDeletingService (SCMBlockDeletingService.java:call(138)) - Running DeletedBlockTransactionScanner
2019-09-18 13:04:18,788 [SCMBlockDeletingService#0] DEBUG block.SCMBlockDeletingService (SCMBlockDeletingService.java:call(155)) - Scanned deleted blocks log and got 0 delTX to process.
2019-09-18 13:04:18,889 [SCMBlockDeletingService#0] DEBUG block.SCMBlockDeletingService (SCMBlockDeletingService.java:call(138)) - Running DeletedBlockTransactionScanner
2019-09-18 13:04:18,889 [SCMBlockDeletingService#0] DEBUG block.SCMBlockDeletingService (SCMBlockDeletingService.java:call(155)) - Scanned deleted blocks log and got 0 delTX to process.
2019-09-18 13:04:18,989 [SCMBlockDeletingService#0] DEBUG block.SCMBlockDeletingService (SCMBlockDeletingService.java:call(138)) - Running DeletedBlockTransactionScanner
2019-09-18 13:04:18,990 [SCMBlockDeletingService#0] DEBUG block.SCMBlockDeletingService (SCMBlockDeletingService.java:call(155)) - Scanned deleted blocks log and got 0 delTX to process.
2019-09-18 13:04:19,090 [SCMBlockDeletingService#0] DEBUG block.SCMBlockDeletingService (SCMBlockDeletingService.java:call(138)) - Running DeletedBlockTransactionScanner
2019-09-18 13:04:19,090 [SCMBlockDeletingService#0] DEBUG block.SCMBlockDeletingService (SCMBlockDeletingService.java:call(155)) - Scanned deleted blocks log and got 0 delTX to process.
2019-09-18 13:04:19,191 [SCMBlockDeletingService#0] DEBUG block.SCMBlockDeletingService (SCMBlockDeletingService.java:call(138)) - Running DeletedBlockTransactionScanner
2019-09-18 13:04:19,191 [SCMBlockDeletingService#0] DEBUG block.SCMBlockDeletingService (SCMBlockDeletingService.java:call(155)) - Scanned deleted blocks log and got 0 delTX to process.
2019-09-18 13:04:19,291 [SCMBlockDeletingService#0] DEBUG block.SCMBlockDeletingService (SCMBlockDeletingService.java:call(138)) - Running DeletedBlockTransactionScanner
2019-09-18 13:04:19,292 [SCMBlockDeletingService#0] DEBUG block.SCMBlockDeletingService (SCMBlockDeletingService.java:call(155)) - Scanned deleted blocks log and got 0 delTX to process.
2019-09-18 13:04:19,392 [SCMBlockDeletingService#0] DEBUG block.SCMBlockDeletingService (SCMBlockDeletingService.java:call(138)) - Running DeletedBlockTransactionScanner
2019-09-18 13:04:19,392 [SCMBlockDeletingService#0] DEBUG block.SCMBlockDeletingService (SCMBlockDeletingService.java:call(155)) - Scanned deleted blocks log and got 0 delTX to process.
2019-09-18 13:04:19,426 [grpc-default-executor-1] INFO  client.GrpcClientProtocolClient (GrpcClientProtocolClient.java:onNext(264)) - client-DF3A7F9F7866->dd0a3b65-d36c-4f93-b232-3c8e6f6667b6: receive RaftClientReply:client-DF3A7F9F7866->dd0a3b65-d36c-4f93-b232-3c8e6f6667b6@group-B02456D89C11, cid=1403, SUCCESS, logIndex=2004, commits[dd0a3b65-d36c-4f93-b232-3c8e6f6667b6:c2006]
2019-09-18 13:04:19,432 [grpc-default-executor-1] INFO  client.GrpcClientProtocolClient (GrpcClientProtocolClient.java:onNext(264)) - client-DF3A7F9F7866->dd0a3b65-d36c-4f93-b232-3c8e6f6667b6: receive RaftClientReply:client-DF3A7F9F7866->dd0a3b65-d36c-4f93-b232-3c8e6f6667b6@group-B02456D89C11, cid=1404, SUCCESS, logIndex=2005, commits[dd0a3b65-d36c-4f93-b232-3c8e6f6667b6:c2006]
2019-09-18 13:04:19,467 [grpc-default-executor-1] INFO  client.GrpcClientProtocolClient (GrpcClientProtocolClient.java:onNext(264)) - client-DF3A7F9F7866->dd0a3b65-d36c-4f93-b232-3c8e6f6667b6: receive RaftClientReply:client-DF3A7F9F7866->dd0a3b65-d36c-4f93-b232-3c8e6f6667b6@group-B02456D89C11, cid=1405, SUCCESS, logIndex=2007, commits[dd0a3b65-d36c-4f93-b232-3c8e6f6667b6:c2010]
2019-09-18 13:04:19,467 [grpc-default-executor-1] INFO  client.GrpcClientProtocolClient (GrpcClientProtocolClient.java:onNext(264)) - client-DF3A7F9F7866->dd0a3b65-d36c-4f93-b232-3c8e6f6667b6: receive RaftClientReply:client-DF3A7F9F7866->dd0a3b65-d36c-4f93-b232-3c8e6f6667b6@group-B02456D89C11, cid=1406, SUCCESS, logIndex=2008, commits[dd0a3b65-d36c-4f93-b232-3c8e6f6667b6:c2010]
2019-09-18 13:04:19,468 [grpc-default-executor-1] INFO  client.GrpcClientProtocolClient (GrpcClientProtocolClient.java:onNext(264)) - client-DF3A7F9F7866->dd0a3b65-d36c-4f93-b232-3c8e6f6667b6: receive RaftClientReply:client-DF3A7F9F7866->dd0a3b65-d36c-4f93-b232-3c8e6f6667b6@group-B02456D89C11, cid=1407, SUCCESS, logIndex=2009, commits[dd0a3b65-d36c-4f93-b232-3c8e6f6667b6:c2010]
2019-09-18 13:04:19,468 [grpc-default-executor-1] INFO  client.GrpcClientProtocolClient (GrpcClientProtocolClient.java:onNext(264)) - client-DF3A7F9F7866->dd0a3b65-d36c-4f93-b232-3c8e6f6667b6: receive RaftClientReply:client-DF3A7F9F7866->dd0a3b65-d36c-4f93-b232-3c8e6f6667b6@group-B02456D89C11, cid=1408, SUCCESS, logIndex=2010, commits[dd0a3b65-d36c-4f93-b232-3c8e6f6667b6:c2010]
2019-09-18 13:04:19,493 [SCMBlockDeletingService#0] DEBUG block.SCMBlockDeletingService (SCMBlockDeletingService.java:call(138)) - Running DeletedBlockTransactionScanner
2019-09-18 13:04:19,493 [SCMBlockDeletingService#0] DEBUG block.SCMBlockDeletingService (SCMBlockDeletingService.java:call(155)) - Scanned deleted blocks log and got 0 delTX to process.
2019-09-18 13:04:19,536 [grpc-default-executor-0] INFO  client.GrpcClientProtocolClient (GrpcClientProtocolClient.java:onNext(264)) - client-8C798EE064B2->dd0a3b65-d36c-4f93-b232-3c8e6f6667b6: receive RaftClientReply:client-8C798EE064B2->dd0a3b65-d36c-4f93-b232-3c8e6f6667b6@group-B02456D89C11, cid=1409, SUCCESS, logIndex=2012, commits[dd0a3b65-d36c-4f93-b232-3c8e6f6667b6:c2012]
2019-09-18 13:04:19,545 [grpc-default-executor-1] INFO  client.GrpcClientProtocolClient (GrpcClientProtocolClient.java:onNext(264)) - client-8C798EE064B2->dd0a3b65-d36c-4f93-b232-3c8e6f6667b6: receive RaftClientReply:client-8C798EE064B2->dd0a3b65-d36c-4f93-b232-3c8e6f6667b6@group-B02456D89C11, cid=1410, SUCCESS, logIndex=2014, commits[dd0a3b65-d36c-4f93-b232-3c8e6f6667b6:c2014]
2019-09-18 13:04:19,552 [grpc-default-executor-0] INFO  client.GrpcClientProtocolClient (GrpcClientProtocolClient.java:onNext(264)) - client-8C798EE064B2->dd0a3b65-d36c-4f93-b232-3c8e6f6667b6: receive RaftClientReply:client-8C798EE064B2->dd0a3b65-d36c-4f93-b232-3c8e6f6667b6@group-B02456D89C11, cid=1411, SUCCESS, logIndex=2016, commits[dd0a3b65-d36c-4f93-b232-3c8e6f6667b6:c2017]
2019-09-18 13:04:19,553 [grpc-default-executor-0] INFO  client.GrpcClientProtocolClient (GrpcClientProtocolClient.java:onNext(264)) - client-8C798EE064B2->dd0a3b65-d36c-4f93-b232-3c8e6f6667b6: receive RaftClientReply:client-8C798EE064B2->dd0a3b65-d36c-4f93-b232-3c8e6f6667b6@group-B02456D89C11, cid=1412, SUCCESS, logIndex=2017, commits[dd0a3b65-d36c-4f93-b232-3c8e6f6667b6:c2017]
2019-09-18 13:04:19,569 [grpc-default-executor-0] INFO  client.GrpcClientProtocolClient (GrpcClientProtocolClient.java:onNext(264)) - client-8C798EE064B2->dd0a3b65-d36c-4f93-b232-3c8e6f6667b6: receive RaftClientReply:client-8C798EE064B2->dd0a3b65-d36c-4f93-b232-3c8e6f6667b6@group-B02456D89C11, cid=1413, SUCCESS, logIndex=2019, commits[dd0a3b65-d36c-4f93-b232-3c8e6f6667b6:c2020]
2019-09-18 13:04:19,569 [grpc-default-executor-0] INFO  client.GrpcClientProtocolClient (GrpcClientProtocolClient.java:onNext(264)) - client-8C798EE064B2->dd0a3b65-d36c-4f93-b232-3c8e6f6667b6: receive RaftClientReply:client-8C798EE064B2->dd0a3b65-d36c-4f93-b232-3c8e6f6667b6@group-B02456D89C11, cid=1414, SUCCESS, logIndex=2020, commits[dd0a3b65-d36c-4f93-b232-3c8e6f6667b6:c2021]
2019-09-18 13:04:19,594 [SCMBlockDeletingService#0] DEBUG block.SCMBlockDeletingService (SCMBlockDeletingService.java:call(138)) - Running DeletedBlockTransactionScanner
2019-09-18 13:04:19,594 [SCMBlockDeletingService#0] DEBUG block.SCMBlockDeletingService (SCMBlockDeletingService.java:call(155)) - Scanned deleted blocks log and got 0 delTX to process.
2019-09-18 13:04:19,694 [SCMBlockDeletingService#1] DEBUG block.SCMBlockDeletingService (SCMBlockDeletingService.java:call(138)) - Running DeletedBlockTransactionScanner
2019-09-18 13:04:19,695 [SCMBlockDeletingService#1] DEBUG block.SCMBlockDeletingService (SCMBlockDeletingService.java:call(155)) - Scanned deleted blocks log and got 0 delTX to process.
2019-09-18 13:04:19,712 [grpc-default-executor-0] INFO  client.GrpcClientProtocolClient (GrpcClientProtocolClient.java:onNext(264)) - client-8C798EE064B2->dd0a3b65-d36c-4f93-b232-3c8e6f6667b6: receive RaftClientReply:client-8C798EE064B2->dd0a3b65-d36c-4f93-b232-3c8e6f6667b6@group-B02456D89C11, cid=1415, SUCCESS, logIndex=2022, commits[dd0a3b65-d36c-4f93-b232-3c8e6f6667b6:c2023]
2019-09-18 13:04:19,712 [grpc-default-executor-0] INFO  client.GrpcClientProtocolClient (GrpcClientProtocolClient.java:onNext(264)) - client-8C798EE064B2->dd0a3b65-d36c-4f93-b232-3c8e6f6667b6: receive RaftClientReply:client-8C798EE064B2->dd0a3b65-d36c-4f93-b232-3c8e6f6667b6@group-B02456D89C11, cid=1416, SUCCESS, logIndex=2023, commits[dd0a3b65-d36c-4f93-b232-3c8e6f6667b6:c2024]
2019-09-18 13:04:19,742 [grpc-default-executor-0] INFO  client.GrpcClientProtocolClient (GrpcClientProtocolClient.java:onNext(264)) - client-8C798EE064B2->dd0a3b65-d36c-4f93-b232-3c8e6f6667b6: receive RaftClientReply:client-8C798EE064B2->dd0a3b65-d36c-4f93-b232-3c8e6f6667b6@group-B02456D89C11, cid=1417, SUCCESS, logIndex=2025, commits[dd0a3b65-d36c-4f93-b232-3c8e6f6667b6:c2026]
2019-09-18 13:04:19,743 [grpc-default-executor-0] INFO  client.GrpcClientProtocolClient (GrpcClientProtocolClient.java:onNext(264)) - client-8C798EE064B2->dd0a3b65-d36c-4f93-b232-3c8e6f6667b6: receive RaftClientReply:client-8C798EE064B2->dd0a3b65-d36c-4f93-b232-3c8e6f6667b6@group-B02456D89C11, cid=1418, SUCCESS, logIndex=2026, commits[dd0a3b65-d36c-4f93-b232-3c8e6f6667b6:c2026]
2019-09-18 13:04:19,769 [grpc-default-executor-0] INFO  client.GrpcClientProtocolClient (GrpcClientProtocolClient.java:onNext(264)) - client-8C798EE064B2->dd0a3b65-d36c-4f93-b232-3c8e6f6667b6: receive RaftClientReply:client-8C798EE064B2->dd0a3b65-d36c-4f93-b232-3c8e6f6667b6@group-B02456D89C11, cid=1419, SUCCESS, logIndex=2027, commits[dd0a3b65-d36c-4f93-b232-3c8e6f6667b6:c2029]
2019-09-18 13:04:19,770 [grpc-default-executor-0] INFO  client.GrpcClientProtocolClient (GrpcClientProtocolClient.java:onNext(264)) - client-8C798EE064B2->dd0a3b65-d36c-4f93-b232-3c8e6f6667b6: receive RaftClientReply:client-8C798EE064B2->dd0a3b65-d36c-4f93-b232-3c8e6f6667b6@group-B02456D89C11, cid=1420, SUCCESS, logIndex=2029, commits[dd0a3b65-d36c-4f93-b232-3c8e6f6667b6:c2030]
2019-09-18 13:04:19,795 [SCMBlockDeletingService#0] DEBUG block.SCMBlockDeletingService (SCMBlockDeletingService.java:call(138)) - Running DeletedBlockTransactionScanner
2019-09-18 13:04:19,795 [grpc-default-executor-1] INFO  client.GrpcClientProtocolClient (GrpcClientProtocolClient.java:onNext(264)) - client-8C798EE064B2->dd0a3b65-d36c-4f93-b232-3c8e6f6667b6: receive RaftClientReply:client-8C798EE064B2->dd0a3b65-d36c-4f93-b232-3c8e6f6667b6@group-B02456D89C11, cid=1421, SUCCESS, logIndex=2031, commits[dd0a3b65-d36c-4f93-b232-3c8e6f6667b6:c2032]
2019-09-18 13:04:19,795 [SCMBlockDeletingService#0] DEBUG block.SCMBlockDeletingService (SCMBlockDeletingService.java:call(155)) - Scanned deleted blocks log and got 0 delTX to process.
2019-09-18 13:04:19,797 [grpc-default-executor-1] INFO  client.GrpcClientProtocolClient (GrpcClientProtocolClient.java:onNext(264)) - client-8C798EE064B2->dd0a3b65-d36c-4f93-b232-3c8e6f6667b6: receive RaftClientReply:client-8C798EE064B2->dd0a3b65-d36c-4f93-b232-3c8e6f6667b6@group-B02456D89C11, cid=1422, SUCCESS, logIndex=2032, commits[dd0a3b65-d36c-4f93-b232-3c8e6f6667b6:c2034]
2019-09-18 13:04:19,797 [grpc-default-executor-1] INFO  client.GrpcClientProtocolClient (GrpcClientProtocolClient.java:onNext(264)) - client-8C798EE064B2->dd0a3b65-d36c-4f93-b232-3c8e6f6667b6: receive RaftClientReply:client-8C798EE064B2->dd0a3b65-d36c-4f93-b232-3c8e6f6667b6@group-B02456D89C11, cid=1423, SUCCESS, logIndex=2033, commits[dd0a3b65-d36c-4f93-b232-3c8e6f6667b6:c2035]
2019-09-18 13:04:19,798 [grpc-default-executor-1] INFO  client.GrpcClientProtocolClient (GrpcClientProtocolClient.java:onNext(264)) - client-8C798EE064B2->dd0a3b65-d36c-4f93-b232-3c8e6f6667b6: receive RaftClientReply:client-8C798EE064B2->dd0a3b65-d36c-4f93-b232-3c8e6f6667b6@group-B02456D89C11, cid=1424, SUCCESS, logIndex=2034, commits[dd0a3b65-d36c-4f93-b232-3c8e6f6667b6:c2036]
2019-09-18 13:04:19,833 [grpc-default-executor-1] INFO  client.GrpcClientProtocolClient (GrpcClientProtocolClient.java:onNext(264)) - client-8C798EE064B2->dd0a3b65-d36c-4f93-b232-3c8e6f6667b6: receive RaftClientReply:client-8C798EE064B2->dd0a3b65-d36c-4f93-b232-3c8e6f6667b6@group-B02456D89C11, cid=1425, SUCCESS, logIndex=2037, commits[dd0a3b65-d36c-4f93-b232-3c8e6f6667b6:c2038]
2019-09-18 13:04:19,834 [grpc-default-executor-1] INFO  client.GrpcClientProtocolClient (GrpcClientProtocolClient.java:onNext(264)) - client-8C798EE064B2->dd0a3b65-d36c-4f93-b232-3c8e6f6667b6: receive RaftClientReply:client-8C798EE064B2->dd0a3b65-d36c-4f93-b232-3c8e6f6667b6@group-B02456D89C11, cid=1426, SUCCESS, logIndex=2038, commits[dd0a3b65-d36c-4f93-b232-3c8e6f6667b6:c2040]
2019-09-18 13:04:19,834 [grpc-default-executor-1] INFO  client.GrpcClientProtocolClient (GrpcClientProtocolClient.java:onNext(264)) - client-8C798EE064B2->dd0a3b65-d36c-4f93-b232-3c8e6f6667b6: receive RaftClientReply:client-8C798EE064B2->dd0a3b65-d36c-4f93-b232-3c8e6f6667b6@group-B02456D89C11, cid=1427, SUCCESS, logIndex=2039, commits[dd0a3b65-d36c-4f93-b232-3c8e6f6667b6:c2041]
2019-09-18 13:04:19,834 [grpc-default-executor-1] INFO  client.GrpcClientProtocolClient (GrpcClientProtocolClient.java:onNext(264)) - client-8C798EE064B2->dd0a3b65-d36c-4f93-b232-3c8e6f6667b6: receive RaftClientReply:client-8C798EE064B2->dd0a3b65-d36c-4f93-b232-3c8e6f6667b6@group-B02456D89C11, cid=1428, SUCCESS, logIndex=2040, commits[dd0a3b65-d36c-4f93-b232-3c8e6f6667b6:c2042]
2019-09-18 13:04:19,859 [grpc-default-executor-1] INFO  client.GrpcClientProtocolClient (GrpcClientProtocolClient.java:onNext(264)) - client-8C798EE064B2->dd0a3b65-d36c-4f93-b232-3c8e6f6667b6: receive RaftClientReply:client-8C798EE064B2->dd0a3b65-d36c-4f93-b232-3c8e6f6667b6@group-B02456D89C11, cid=1429, SUCCESS, logIndex=2043, commits[dd0a3b65-d36c-4f93-b232-3c8e6f6667b6:c2044]
2019-09-18 13:04:19,860 [grpc-default-executor-1] INFO  client.GrpcClientProtocolClient (GrpcClientProtocolClient.java:onNext(264)) - client-8C798EE064B2->dd0a3b65-d36c-4f93-b232-3c8e6f6667b6: receive RaftClientReply:client-8C798EE064B2->dd0a3b65-d36c-4f93-b232-3c8e6f6667b6@group-B02456D89C11, cid=1430, SUCCESS, logIndex=2044, commits[dd0a3b65-d36c-4f93-b232-3c8e6f6667b6:c2046]
2019-09-18 13:04:19,860 [grpc-default-executor-1] INFO  client.GrpcClientProtocolClient (GrpcClientProtocolClient.java:onNext(264)) - client-8C798EE064B2->dd0a3b65-d36c-4f93-b232-3c8e6f6667b6: receive RaftClientReply:client-8C798EE064B2->dd0a3b65-d36c-4f93-b232-3c8e6f6667b6@group-B02456D89C11, cid=1431, SUCCESS, logIndex=2045, commits[dd0a3b65-d36c-4f93-b232-3c8e6f6667b6:c2046]
2019-09-18 13:04:19,861 [grpc-default-executor-1] INFO  client.GrpcClientProtocolClient (GrpcClientProtocolClient.java:onNext(264)) - client-8C798EE064B2->dd0a3b65-d36c-4f93-b232-3c8e6f6667b6: receive RaftClientReply:client-8C798EE064B2->dd0a3b65-d36c-4f93-b232-3c8e6f6667b6@group-B02456D89C11, cid=1432, SUCCESS, logIndex=2046, commits[dd0a3b65-d36c-4f93-b232-3c8e6f6667b6:c2047]
2019-09-18 13:04:19,893 [grpc-default-executor-1] INFO  client.GrpcClientProtocolClient (GrpcClientProtocolClient.java:onNext(264)) - client-8C798EE064B2->dd0a3b65-d36c-4f93-b232-3c8e6f6667b6: receive RaftClientReply:client-8C798EE064B2->dd0a3b65-d36c-4f93-b232-3c8e6f6667b6@group-B02456D89C11, cid=1433, SUCCESS, logIndex=2049, commits[dd0a3b65-d36c-4f93-b232-3c8e6f6667b6:c2050]
2019-09-18 13:04:19,894 [grpc-default-executor-1] INFO  client.GrpcClientProtocolClient (GrpcClientProtocolClient.java:onNext(264)) - client-8C798EE064B2->dd0a3b65-d36c-4f93-b232-3c8e6f6667b6: receive RaftClientReply:client-8C798EE064B2->dd0a3b65-d36c-4f93-b232-3c8e6f6667b6@group-B02456D89C11, cid=1434, SUCCESS, logIndex=2050, commits[dd0a3b65-d36c-4f93-b232-3c8e6f6667b6:c2052]
2019-09-18 13:04:19,895 [grpc-default-executor-1] INFO  client.GrpcClientProtocolClient (GrpcClientProtocolClient.java:onNext(264)) - client-8C798EE064B2->dd0a3b65-d36c-4f93-b232-3c8e6f6667b6: receive RaftClientReply:client-8C798EE064B2->dd0a3b65-d36c-4f93-b232-3c8e6f6667b6@group-B02456D89C11, cid=1435, SUCCESS, logIndex=2051, commits[dd0a3b65-d36c-4f93-b232-3c8e6f6667b6:c2052]
2019-09-18 13:04:19,895 [grpc-default-executor-1] INFO  client.GrpcClientProtocolClient (GrpcClientProtocolClient.java:onNext(264)) - client-8C798EE064B2->dd0a3b65-d36c-4f93-b232-3c8e6f6667b6: receive RaftClientReply:client-8C798EE064B2->dd0a3b65-d36c-4f93-b232-3c8e6f6667b6@group-B02456D89C11, cid=1436, SUCCESS, logIndex=2052, commits[dd0a3b65-d36c-4f93-b232-3c8e6f6667b6:c2053]
2019-09-18 13:04:19,896 [SCMBlockDeletingService#0] DEBUG block.SCMBlockDeletingService (SCMBlockDeletingService.java:call(138)) - Running DeletedBlockTransactionScanner
2019-09-18 13:04:19,896 [SCMBlockDeletingService#0] DEBUG block.SCMBlockDeletingService (SCMBlockDeletingService.java:call(155)) - Scanned deleted blocks log and got 0 delTX to process.
2019-09-18 13:04:19,920 [grpc-default-executor-1] INFO  client.GrpcClientProtocolClient (GrpcClientProtocolClient.java:onNext(264)) - client-8C798EE064B2->dd0a3b65-d36c-4f93-b232-3c8e6f6667b6: receive RaftClientReply:client-8C798EE064B2->dd0a3b65-d36c-4f93-b232-3c8e6f6667b6@group-B02456D89C11, cid=1437, SUCCESS, logIndex=2055, commits[dd0a3b65-d36c-4f93-b232-3c8e6f6667b6:c2058]
2019-09-18 13:04:19,921 [grpc-default-executor-1] INFO  client.GrpcClientProtocolClient (GrpcClientProtocolClient.java:onNext(264)) - client-8C798EE064B2->dd0a3b65-d36c-4f93-b232-3c8e6f6667b6: receive RaftClientReply:client-8C798EE064B2->dd0a3b65-d36c-4f93-b232-3c8e6f6667b6@group-B02456D89C11, cid=1438, SUCCESS, logIndex=2056, commits[dd0a3b65-d36c-4f93-b232-3c8e6f6667b6:c2059]
2019-09-18 13:04:19,921 [grpc-default-executor-1] INFO  client.GrpcClientProtocolClient (GrpcClientProtocolClient.java:onNext(264)) - client-8C798EE064B2->dd0a3b65-d36c-4f93-b232-3c8e6f6667b6: receive RaftClientReply:client-8C798EE064B2->dd0a3b65-d36c-4f93-b232-3c8e6f6667b6@group-B02456D89C11, cid=1439, SUCCESS, logIndex=2057, commits[dd0a3b65-d36c-4f93-b232-3c8e6f6667b6:c2059]
2019-09-18 13:04:19,922 [grpc-default-executor-1] INFO  client.GrpcClientProtocolClient (GrpcClientProtocolClient.java:onNext(264)) - client-8C798EE064B2->dd0a3b65-d36c-4f93-b232-3c8e6f6667b6: receive RaftClientReply:client-8C798EE064B2->dd0a3b65-d36c-4f93-b232-3c8e6f6667b6@group-B02456D89C11, cid=1440, SUCCESS, logIndex=2058, commits[dd0a3b65-d36c-4f93-b232-3c8e6f6667b6:c2059]
2019-09-18 13:04:19,953 [grpc-default-executor-0] INFO  client.GrpcClientProtocolClient (GrpcClientProtocolClient.java:onNext(264)) - client-8C798EE064B2->dd0a3b65-d36c-4f93-b232-3c8e6f6667b6: receive RaftClientReply:client-8C798EE064B2->dd0a3b65-d36c-4f93-b232-3c8e6f6667b6@group-B02456D89C11, cid=1441, SUCCESS, logIndex=2060, commits[dd0a3b65-d36c-4f93-b232-3c8e6f6667b6:c2061]
2019-09-18 13:04:19,954 [grpc-default-executor-0] INFO  client.GrpcClientProtocolClient (GrpcClientProtocolClient.java:onNext(264)) - client-8C798EE064B2->dd0a3b65-d36c-4f93-b232-3c8e6f6667b6: receive RaftClientReply:client-8C798EE064B2->dd0a3b65-d36c-4f93-b232-3c8e6f6667b6@group-B02456D89C11, cid=1442, SUCCESS, logIndex=2061, commits[dd0a3b65-d36c-4f93-b232-3c8e6f6667b6:c2063]
2019-09-18 13:04:19,955 [grpc-default-executor-0] INFO  client.GrpcClientProtocolClient (GrpcClientProtocolClient.java:onNext(264)) - client-8C798EE064B2->dd0a3b65-d36c-4f93-b232-3c8e6f6667b6: receive RaftClientReply:client-8C798EE064B2->dd0a3b65-d36c-4f93-b232-3c8e6f6667b6@group-B02456D89C11, cid=1443, SUCCESS, logIndex=2062, commits[dd0a3b65-d36c-4f93-b232-3c8e6f6667b6:c2063]
2019-09-18 13:04:19,955 [grpc-default-executor-0] INFO  client.GrpcClientProtocolClient (GrpcClientProtocolClient.java:onNext(264)) - client-8C798EE064B2->dd0a3b65-d36c-4f93-b232-3c8e6f6667b6: receive RaftClientReply:client-8C798EE064B2->dd0a3b65-d36c-4f93-b232-3c8e6f6667b6@group-B02456D89C11, cid=1444, SUCCESS, logIndex=2063, commits[dd0a3b65-d36c-4f93-b232-3c8e6f6667b6:c2064]
2019-09-18 13:04:19,977 [grpc-default-executor-0] INFO  client.GrpcClientProtocolClient (GrpcClientProtocolClient.java:onNext(264)) - client-8C798EE064B2->dd0a3b65-d36c-4f93-b232-3c8e6f6667b6: receive RaftClientReply:client-8C798EE064B2->dd0a3b65-d36c-4f93-b232-3c8e6f6667b6@group-B02456D89C11, cid=1445, SUCCESS, logIndex=2066, commits[dd0a3b65-d36c-4f93-b232-3c8e6f6667b6:c2067]
2019-09-18 13:04:19,977 [grpc-default-executor-0] INFO  client.GrpcClientProtocolClient (GrpcClientProtocolClient.java:onNext(264)) - client-8C798EE064B2->dd0a3b65-d36c-4f93-b232-3c8e6f6667b6: receive RaftClientReply:client-8C798EE064B2->dd0a3b65-d36c-4f93-b232-3c8e6f6667b6@group-B02456D89C11, cid=1446, SUCCESS, logIndex=2067, commits[dd0a3b65-d36c-4f93-b232-3c8e6f6667b6:c2069]
2019-09-18 13:04:19,978 [grpc-default-executor-0] INFO  client.GrpcClientProtocolClient (GrpcClientProtocolClient.java:onNext(264)) - client-8C798EE064B2->dd0a3b65-d36c-4f93-b232-3c8e6f6667b6: receive RaftClientReply:client-8C798EE064B2->dd0a3b65-d36c-4f93-b232-3c8e6f6667b6@group-B02456D89C11, cid=1447, SUCCESS, logIndex=2068, commits[dd0a3b65-d36c-4f93-b232-3c8e6f6667b6:c2069]
2019-09-18 13:04:19,978 [grpc-default-executor-0] INFO  client.GrpcClientProtocolClient (GrpcClientProtocolClient.java:onNext(264)) - client-8C798EE064B2->dd0a3b65-d36c-4f93-b232-3c8e6f6667b6: receive RaftClientReply:client-8C798EE064B2->dd0a3b65-d36c-4f93-b232-3c8e6f6667b6@group-B02456D89C11, cid=1448, SUCCESS, logIndex=2069, commits[dd0a3b65-d36c-4f93-b232-3c8e6f6667b6:c2070]
2019-09-18 13:04:19,996 [SCMBlockDeletingService#0] DEBUG block.SCMBlockDeletingService (SCMBlockDeletingService.java:call(138)) - Running DeletedBlockTransactionScanner
2019-09-18 13:04:19,997 [SCMBlockDeletingService#0] DEBUG block.SCMBlockDeletingService (SCMBlockDeletingService.java:call(155)) - Scanned deleted blocks log and got 0 delTX to process.
2019-09-18 13:04:20,011 [grpc-default-executor-1] INFO  client.GrpcClientProtocolClient (GrpcClientProtocolClient.java:onNext(264)) - client-8C798EE064B2->dd0a3b65-d36c-4f93-b232-3c8e6f6667b6: receive RaftClientReply:client-8C798EE064B2->dd0a3b65-d36c-4f93-b232-3c8e6f6667b6@group-B02456D89C11, cid=1449, SUCCESS, logIndex=2072, commits[dd0a3b65-d36c-4f93-b232-3c8e6f6667b6:c2073]
2019-09-18 13:04:20,011 [grpc-default-executor-1] INFO  client.GrpcClientProtocolClient (GrpcClientProtocolClient.java:onNext(264)) - client-8C798EE064B2->dd0a3b65-d36c-4f93-b232-3c8e6f6667b6: receive RaftClientReply:client-8C798EE064B2->dd0a3b65-d36c-4f93-b232-3c8e6f6667b6@group-B02456D89C11, cid=1450, SUCCESS, logIndex=2073, commits[dd0a3b65-d36c-4f93-b232-3c8e6f6667b6:c2076]
2019-09-18 13:04:20,012 [grpc-default-executor-1] INFO  client.GrpcClientProtocolClient (GrpcClientProtocolClient.java:onNext(264)) - client-8C798EE064B2->dd0a3b65-d36c-4f93-b232-3c8e6f6667b6: receive RaftClientReply:client-8C798EE064B2->dd0a3b65-d36c-4f93-b232-3c8e6f6667b6@group-B02456D89C11, cid=1451, SUCCESS, logIndex=2074, commits[dd0a3b65-d36c-4f93-b232-3c8e6f6667b6:c2076]
2019-09-18 13:04:20,012 [grpc-default-executor-1] INFO  client.GrpcClientProtocolClient (GrpcClientProtocolClient.java:onNext(264)) - client-8C798EE064B2->dd0a3b65-d36c-4f93-b232-3c8e6f6667b6: receive RaftClientReply:client-8C798EE064B2->dd0a3b65-d36c-4f93-b232-3c8e6f6667b6@group-B02456D89C11, cid=1452, SUCCESS, logIndex=2075, commits[dd0a3b65-d36c-4f93-b232-3c8e6f6667b6:c2076]
2019-09-18 13:04:20,034 [grpc-default-executor-1] INFO  client.GrpcClientProtocolClient (GrpcClientProtocolClient.java:onNext(264)) - client-8C798EE064B2->dd0a3b65-d36c-4f93-b232-3c8e6f6667b6: receive RaftClientReply:client-8C798EE064B2->dd0a3b65-d36c-4f93-b232-3c8e6f6667b6@group-B02456D89C11, cid=1453, SUCCESS, logIndex=2077, commits[dd0a3b65-d36c-4f93-b232-3c8e6f6667b6:c2078]
2019-09-18 13:04:20,034 [grpc-default-executor-1] INFO  client.GrpcClientProtocolClient (GrpcClientProtocolClient.java:onNext(264)) - client-8C798EE064B2->dd0a3b65-d36c-4f93-b232-3c8e6f6667b6: receive RaftClientReply:client-8C798EE064B2->dd0a3b65-d36c-4f93-b232-3c8e6f6667b6@group-B02456D89C11, cid=1454, SUCCESS, logIndex=2078, commits[dd0a3b65-d36c-4f93-b232-3c8e6f6667b6:c2080]
2019-09-18 13:04:20,035 [grpc-default-executor-1] INFO  client.GrpcClientProtocolClient (GrpcClientProtocolClient.java:onNext(264)) - client-8C798EE064B2->dd0a3b65-d36c-4f93-b232-3c8e6f6667b6: receive RaftClientReply:client-8C798EE064B2->dd0a3b65-d36c-4f93-b232-3c8e6f6667b6@group-B02456D89C11, cid=1455, SUCCESS, logIndex=2079, commits[dd0a3b65-d36c-4f93-b232-3c8e6f6667b6:c2081]
2019-09-18 13:04:20,035 [grpc-default-executor-1] INFO  client.GrpcClientProtocolClient (GrpcClientProtocolClient.java:onNext(264)) - client-8C798EE064B2->dd0a3b65-d36c-4f93-b232-3c8e6f6667b6: receive RaftClientReply:client-8C798EE064B2->dd0a3b65-d36c-4f93-b232-3c8e6f6667b6@group-B02456D89C11, cid=1456, SUCCESS, logIndex=2080, commits[dd0a3b65-d36c-4f93-b232-3c8e6f6667b6:c2082]
2019-09-18 13:04:20,148 [SCMBlockDeletingService#0] DEBUG block.SCMBlockDeletingService (SCMBlockDeletingService.java:call(138)) - Running DeletedBlockTransactionScanner
2019-09-18 13:04:20,148 [SCMBlockDeletingService#0] DEBUG block.SCMBlockDeletingService (SCMBlockDeletingService.java:call(155)) - Scanned deleted blocks log and got 0 delTX to process.
2019-09-18 13:04:20,168 [grpc-default-executor-1] INFO  client.GrpcClientProtocolClient (GrpcClientProtocolClient.java:onNext(264)) - client-8C798EE064B2->dd0a3b65-d36c-4f93-b232-3c8e6f6667b6: receive RaftClientReply:client-8C798EE064B2->dd0a3b65-d36c-4f93-b232-3c8e6f6667b6@group-B02456D89C11, cid=1457, SUCCESS, logIndex=2083, commits[dd0a3b65-d36c-4f93-b232-3c8e6f6667b6:c2084]
2019-09-18 13:04:20,168 [grpc-default-executor-1] INFO  client.GrpcClientProtocolClient (GrpcClientProtocolClient.java:onNext(264)) - client-8C798EE064B2->dd0a3b65-d36c-4f93-b232-3c8e6f6667b6: receive RaftClientReply:client-8C798EE064B2->dd0a3b65-d36c-4f93-b232-3c8e6f6667b6@group-B02456D89C11, cid=1458, SUCCESS, logIndex=2084, commits[dd0a3b65-d36c-4f93-b232-3c8e6f6667b6:c2085]
2019-09-18 13:04:20,249 [SCMBlockDeletingService#0] DEBUG block.SCMBlockDeletingService (SCMBlockDeletingService.java:call(138)) - Running DeletedBlockTransactionScanner
2019-09-18 13:04:20,249 [SCMBlockDeletingService#0] DEBUG block.SCMBlockDeletingService (SCMBlockDeletingService.java:call(155)) - Scanned deleted blocks log and got 0 delTX to process.
2019-09-18 13:04:20,276 [grpc-default-executor-0] INFO  client.GrpcClientProtocolClient (GrpcClientProtocolClient.java:onNext(264)) - client-8C798EE064B2->dd0a3b65-d36c-4f93-b232-3c8e6f6667b6: receive RaftClientReply:client-8C798EE064B2->dd0a3b65-d36c-4f93-b232-3c8e6f6667b6@group-B02456D89C11, cid=1459, SUCCESS, logIndex=2086, commits[dd0a3b65-d36c-4f93-b232-3c8e6f6667b6:c2087]
2019-09-18 13:04:20,277 [grpc-default-executor-0] INFO  client.GrpcClientProtocolClient (GrpcClientProtocolClient.java:onNext(264)) - client-8C798EE064B2->dd0a3b65-d36c-4f93-b232-3c8e6f6667b6: receive RaftClientReply:client-8C798EE064B2->dd0a3b65-d36c-4f93-b232-3c8e6f6667b6@group-B02456D89C11, cid=1460, SUCCESS, logIndex=2087, commits[dd0a3b65-d36c-4f93-b232-3c8e6f6667b6:c2088]
2019-09-18 13:04:20,303 [grpc-default-executor-1] INFO  client.GrpcClientProtocolClient (GrpcClientProtocolClient.java:onNext(264)) - client-8C798EE064B2->dd0a3b65-d36c-4f93-b232-3c8e6f6667b6: receive RaftClientReply:client-8C798EE064B2->dd0a3b65-d36c-4f93-b232-3c8e6f6667b6@group-B02456D89C11, cid=1461, SUCCESS, logIndex=2089, commits[dd0a3b65-d36c-4f93-b232-3c8e6f6667b6:c2092]
2019-09-18 13:04:20,304 [grpc-default-executor-1] INFO  client.GrpcClientProtocolClient (GrpcClientProtocolClient.java:onNext(264)) - client-8C798EE064B2->dd0a3b65-d36c-4f93-b232-3c8e6f6667b6: receive RaftClientReply:client-8C798EE064B2->dd0a3b65-d36c-4f93-b232-3c8e6f6667b6@group-B02456D89C11, cid=1462, SUCCESS, logIndex=2090, commits[dd0a3b65-d36c-4f93-b232-3c8e6f6667b6:c2093]
2019-09-18 13:04:20,304 [grpc-default-executor-1] INFO  client.GrpcClientProtocolClient (GrpcClientProtocolClient.java:onNext(264)) - client-8C798EE064B2->dd0a3b65-d36c-4f93-b232-3c8e6f6667b6: receive RaftClientReply:client-8C798EE064B2->dd0a3b65-d36c-4f93-b232-3c8e6f6667b6@group-B02456D89C11, cid=1463, SUCCESS, logIndex=2091, commits[dd0a3b65-d36c-4f93-b232-3c8e6f6667b6:c2093]
2019-09-18 13:04:20,305 [grpc-default-executor-1] INFO  client.GrpcClientProtocolClient (GrpcClientProtocolClient.java:onNext(264)) - client-8C798EE064B2->dd0a3b65-d36c-4f93-b232-3c8e6f6667b6: receive RaftClientReply:client-8C798EE064B2->dd0a3b65-d36c-4f93-b232-3c8e6f6667b6@group-B02456D89C11, cid=1464, SUCCESS, logIndex=2092, commits[dd0a3b65-d36c-4f93-b232-3c8e6f6667b6:c2093]
2019-09-18 13:04:20,335 [grpc-default-executor-0] INFO  client.GrpcClientProtocolClient (GrpcClientProtocolClient.java:onNext(264)) - client-8C798EE064B2->dd0a3b65-d36c-4f93-b232-3c8e6f6667b6: receive RaftClientReply:client-8C798EE064B2->dd0a3b65-d36c-4f93-b232-3c8e6f6667b6@group-B02456D89C11, cid=1465, SUCCESS, logIndex=2094, commits[dd0a3b65-d36c-4f93-b232-3c8e6f6667b6:c2097]
2019-09-18 13:04:20,336 [grpc-default-executor-0] INFO  client.GrpcClientProtocolClient (GrpcClientProtocolClient.java:onNext(264)) - client-8C798EE064B2->dd0a3b65-d36c-4f93-b232-3c8e6f6667b6: receive RaftClientReply:client-8C798EE064B2->dd0a3b65-d36c-4f93-b232-3c8e6f6667b6@group-B02456D89C11, cid=1466, SUCCESS, logIndex=2095, commits[dd0a3b65-d36c-4f93-b232-3c8e6f6667b6:c2098]
2019-09-18 13:04:20,337 [grpc-default-executor-0] INFO  client.GrpcClientProtocolClient (GrpcClientProtocolClient.java:onNext(264)) - client-8C798EE064B2->dd0a3b65-d36c-4f93-b232-3c8e6f6667b6: receive RaftClientReply:client-8C798EE064B2->dd0a3b65-d36c-4f93-b232-3c8e6f6667b6@group-B02456D89C11, cid=1467, SUCCESS, logIndex=2096, commits[dd0a3b65-d36c-4f93-b232-3c8e6f6667b6:c2098]
2019-09-18 13:04:20,337 [grpc-default-executor-0] INFO  client.GrpcClientProtocolClient (GrpcClientProtocolClient.java:onNext(264)) - client-8C798EE064B2->dd0a3b65-d36c-4f93-b232-3c8e6f6667b6: receive RaftClientReply:client-8C798EE064B2->dd0a3b65-d36c-4f93-b232-3c8e6f6667b6@group-B02456D89C11, cid=1468, SUCCESS, logIndex=2097, commits[dd0a3b65-d36c-4f93-b232-3c8e6f6667b6:c2098]
2019-09-18 13:04:20,349 [SCMBlockDeletingService#0] DEBUG block.SCMBlockDeletingService (SCMBlockDeletingService.java:call(138)) - Running DeletedBlockTransactionScanner
2019-09-18 13:04:20,350 [SCMBlockDeletingService#0] DEBUG block.SCMBlockDeletingService (SCMBlockDeletingService.java:call(155)) - Scanned deleted blocks log and got 0 delTX to process.
2019-09-18 13:04:20,360 [grpc-default-executor-1] INFO  client.GrpcClientProtocolClient (GrpcClientProtocolClient.java:onNext(264)) - client-8C798EE064B2->dd0a3b65-d36c-4f93-b232-3c8e6f6667b6: receive RaftClientReply:client-8C798EE064B2->dd0a3b65-d36c-4f93-b232-3c8e6f6667b6@group-B02456D89C11, cid=1469, SUCCESS, logIndex=2099, commits[dd0a3b65-d36c-4f93-b232-3c8e6f6667b6:c2102]
2019-09-18 13:04:20,360 [grpc-default-executor-1] INFO  client.GrpcClientProtocolClient (GrpcClientProtocolClient.java:onNext(264)) - client-8C798EE064B2->dd0a3b65-d36c-4f93-b232-3c8e6f6667b6: receive RaftClientReply:client-8C798EE064B2->dd0a3b65-d36c-4f93-b232-3c8e6f6667b6@group-B02456D89C11, cid=1470, SUCCESS, logIndex=2100, commits[dd0a3b65-d36c-4f93-b232-3c8e6f6667b6:c2103]
2019-09-18 13:04:20,361 [grpc-default-executor-1] INFO  client.GrpcClientProtocolClient (GrpcClientProtocolClient.java:onNext(264)) - client-8C798EE064B2->dd0a3b65-d36c-4f93-b232-3c8e6f6667b6: receive RaftClientReply:client-8C798EE064B2->dd0a3b65-d36c-4f93-b232-3c8e6f6667b6@group-B02456D89C11, cid=1471, SUCCESS, logIndex=2101, commits[dd0a3b65-d36c-4f93-b232-3c8e6f6667b6:c2103]
2019-09-18 13:04:20,361 [grpc-default-executor-1] INFO  client.GrpcClientProtocolClient (GrpcClientProtocolClient.java:onNext(264)) - client-8C798EE064B2->dd0a3b65-d36c-4f93-b232-3c8e6f6667b6: receive RaftClientReply:client-8C798EE064B2->dd0a3b65-d36c-4f93-b232-3c8e6f6667b6@group-B02456D89C11, cid=1472, SUCCESS, logIndex=2102, commits[dd0a3b65-d36c-4f93-b232-3c8e6f6667b6:c2103]
2019-09-18 13:04:20,390 [grpc-default-executor-0] INFO  client.GrpcClientProtocolClient (GrpcClientProtocolClient.java:onNext(264)) - client-8C798EE064B2->dd0a3b65-d36c-4f93-b232-3c8e6f6667b6: receive RaftClientReply:client-8C798EE064B2->dd0a3b65-d36c-4f93-b232-3c8e6f6667b6@group-B02456D89C11, cid=1473, SUCCESS, logIndex=2104, commits[dd0a3b65-d36c-4f93-b232-3c8e6f6667b6:c2107]
2019-09-18 13:04:20,391 [grpc-default-executor-0] INFO  client.GrpcClientProtocolClient (GrpcClientProtocolClient.java:onNext(264)) - client-8C798EE064B2->dd0a3b65-d36c-4f93-b232-3c8e6f6667b6: receive RaftClientReply:client-8C798EE064B2->dd0a3b65-d36c-4f93-b232-3c8e6f6667b6@group-B02456D89C11, cid=1474, SUCCESS, logIndex=2105, commits[dd0a3b65-d36c-4f93-b232-3c8e6f6667b6:c2108]
2019-09-18 13:04:20,391 [grpc-default-executor-0] INFO  client.GrpcClientProtocolClient (GrpcClientProtocolClient.java:onNext(264)) - client-8C798EE064B2->dd0a3b65-d36c-4f93-b232-3c8e6f6667b6: receive RaftClientReply:client-8C798EE064B2->dd0a3b65-d36c-4f93-b232-3c8e6f6667b6@group-B02456D89C11, cid=1475, SUCCESS, logIndex=2106, commits[dd0a3b65-d36c-4f93-b232-3c8e6f6667b6:c2108]
2019-09-18 13:04:20,391 [grpc-default-executor-0] INFO  client.GrpcClientProtocolClient (GrpcClientProtocolClient.java:onNext(264)) - client-8C798EE064B2->dd0a3b65-d36c-4f93-b232-3c8e6f6667b6: receive RaftClientReply:client-8C798EE064B2->dd0a3b65-d36c-4f93-b232-3c8e6f6667b6@group-B02456D89C11, cid=1476, SUCCESS, logIndex=2107, commits[dd0a3b65-d36c-4f93-b232-3c8e6f6667b6:c2108]
2019-09-18 13:04:20,415 [grpc-default-executor-0] INFO  client.GrpcClientProtocolClient (GrpcClientProtocolClient.java:onNext(264)) - client-8C798EE064B2->dd0a3b65-d36c-4f93-b232-3c8e6f6667b6: receive RaftClientReply:client-8C798EE064B2->dd0a3b65-d36c-4f93-b232-3c8e6f6667b6@group-B02456D89C11, cid=1477, SUCCESS, logIndex=2109, commits[dd0a3b65-d36c-4f93-b232-3c8e6f6667b6:c2112]
2019-09-18 13:04:20,415 [grpc-default-executor-0] INFO  client.GrpcClientProtocolClient (GrpcClientProtocolClient.java:onNext(264)) - client-8C798EE064B2->dd0a3b65-d36c-4f93-b232-3c8e6f6667b6: receive RaftClientReply:client-8C798EE064B2->dd0a3b65-d36c-4f93-b232-3c8e6f6667b6@group-B02456D89C11, cid=1478, SUCCESS, logIndex=2110, commits[dd0a3b65-d36c-4f93-b232-3c8e6f6667b6:c2113]
2019-09-18 13:04:20,416 [grpc-default-executor-0] INFO  client.GrpcClientProtocolClient (GrpcClientProtocolClient.java:onNext(264)) - client-8C798EE064B2->dd0a3b65-d36c-4f93-b232-3c8e6f6667b6: receive RaftClientReply:client-8C798EE064B2->dd0a3b65-d36c-4f93-b232-3c8e6f6667b6@group-B02456D89C11, cid=1479, SUCCESS, logIndex=2111, commits[dd0a3b65-d36c-4f93-b232-3c8e6f6667b6:c2113]
2019-09-18 13:04:20,416 [grpc-default-executor-0] INFO  client.GrpcClientProtocolClient (GrpcClientProtocolClient.java:onNext(264)) - client-8C798EE064B2->dd0a3b65-d36c-4f93-b232-3c8e6f6667b6: receive RaftClientReply:client-8C798EE064B2->dd0a3b65-d36c-4f93-b232-3c8e6f6667b6@group-B02456D89C11, cid=1480, SUCCESS, logIndex=2112, commits[dd0a3b65-d36c-4f93-b232-3c8e6f6667b6:c2113]
2019-09-18 13:04:20,447 [grpc-default-executor-1] INFO  client.GrpcClientProtocolClient (GrpcClientProtocolClient.java:onNext(264)) - client-8C798EE064B2->dd0a3b65-d36c-4f93-b232-3c8e6f6667b6: receive RaftClientReply:client-8C798EE064B2->dd0a3b65-d36c-4f93-b232-3c8e6f6667b6@group-B02456D89C11, cid=1481, SUCCESS, logIndex=2114, commits[dd0a3b65-d36c-4f93-b232-3c8e6f6667b6:c2117]
2019-09-18 13:04:20,448 [grpc-default-executor-1] INFO  client.GrpcClientProtocolClient (GrpcClientProtocolClient.java:onNext(264)) - client-8C798EE064B2->dd0a3b65-d36c-4f93-b232-3c8e6f6667b6: receive RaftClientReply:client-8C798EE064B2->dd0a3b65-d36c-4f93-b232-3c8e6f6667b6@group-B02456D89C11, cid=1482, SUCCESS, logIndex=2115, commits[dd0a3b65-d36c-4f93-b232-3c8e6f6667b6:c2118]
2019-09-18 13:04:20,448 [grpc-default-executor-1] INFO  client.GrpcClientProtocolClient (GrpcClientProtocolClient.java:onNext(264)) - client-8C798EE064B2->dd0a3b65-d36c-4f93-b232-3c8e6f6667b6: receive RaftClientReply:client-8C798EE064B2->dd0a3b65-d36c-4f93-b232-3c8e6f6667b6@group-B02456D89C11, cid=1483, SUCCESS, logIndex=2116, commits[dd0a3b65-d36c-4f93-b232-3c8e6f6667b6:c2118]
2019-09-18 13:04:20,449 [grpc-default-executor-1] INFO  client.GrpcClientProtocolClient (GrpcClientProtocolClient.java:onNext(264)) - client-8C798EE064B2->dd0a3b65-d36c-4f93-b232-3c8e6f6667b6: receive RaftClientReply:client-8C798EE064B2->dd0a3b65-d36c-4f93-b232-3c8e6f6667b6@group-B02456D89C11, cid=1484, SUCCESS, logIndex=2117, commits[dd0a3b65-d36c-4f93-b232-3c8e6f6667b6:c2118]
2019-09-18 13:04:20,450 [SCMBlockDeletingService#0] DEBUG block.SCMBlockDeletingService (SCMBlockDeletingService.java:call(138)) - Running DeletedBlockTransactionScanner
2019-09-18 13:04:20,450 [SCMBlockDeletingService#0] DEBUG block.SCMBlockDeletingService (SCMBlockDeletingService.java:call(155)) - Scanned deleted blocks log and got 0 delTX to process.
2019-09-18 13:04:20,478 [grpc-default-executor-0] INFO  client.GrpcClientProtocolClient (GrpcClientProtocolClient.java:onNext(264)) - client-8C798EE064B2->dd0a3b65-d36c-4f93-b232-3c8e6f6667b6: receive RaftClientReply:client-8C798EE064B2->dd0a3b65-d36c-4f93-b232-3c8e6f6667b6@group-B02456D89C11, cid=1485, SUCCESS, logIndex=2119, commits[dd0a3b65-d36c-4f93-b232-3c8e6f6667b6:c2122]
2019-09-18 13:04:20,478 [grpc-default-executor-0] INFO  client.GrpcClientProtocolClient (GrpcClientProtocolClient.java:onNext(264)) - client-8C798EE064B2->dd0a3b65-d36c-4f93-b232-3c8e6f6667b6: receive RaftClientReply:client-8C798EE064B2->dd0a3b65-d36c-4f93-b232-3c8e6f6667b6@group-B02456D89C11, cid=1486, SUCCESS, logIndex=2120, commits[dd0a3b65-d36c-4f93-b232-3c8e6f6667b6:c2123]
2019-09-18 13:04:20,479 [grpc-default-executor-0] INFO  client.GrpcClientProtocolClient (GrpcClientProtocolClient.java:onNext(264)) - client-8C798EE064B2->dd0a3b65-d36c-4f93-b232-3c8e6f6667b6: receive RaftClientReply:client-8C798EE064B2->dd0a3b65-d36c-4f93-b232-3c8e6f6667b6@group-B02456D89C11, cid=1487, SUCCESS, logIndex=2121, commits[dd0a3b65-d36c-4f93-b232-3c8e6f6667b6:c2123]
2019-09-18 13:04:20,479 [grpc-default-executor-0] INFO  client.GrpcClientProtocolClient (GrpcClientProtocolClient.java:onNext(264)) - client-8C798EE064B2->dd0a3b65-d36c-4f93-b232-3c8e6f6667b6: receive RaftClientReply:client-8C798EE064B2->dd0a3b65-d36c-4f93-b232-3c8e6f6667b6@group-B02456D89C11, cid=1488, SUCCESS, logIndex=2122, commits[dd0a3b65-d36c-4f93-b232-3c8e6f6667b6:c2123]
2019-09-18 13:04:20,508 [grpc-default-executor-1] INFO  client.GrpcClientProtocolClient (GrpcClientProtocolClient.java:onNext(264)) - client-8C798EE064B2->dd0a3b65-d36c-4f93-b232-3c8e6f6667b6: receive RaftClientReply:client-8C798EE064B2->dd0a3b65-d36c-4f93-b232-3c8e6f6667b6@group-B02456D89C11, cid=1489, SUCCESS, logIndex=2124, commits[dd0a3b65-d36c-4f93-b232-3c8e6f6667b6:c2125]
2019-09-18 13:04:20,508 [grpc-default-executor-1] INFO  client.GrpcClientProtocolClient (GrpcClientProtocolClient.java:onNext(264)) - client-8C798EE064B2->dd0a3b65-d36c-4f93-b232-3c8e6f6667b6: receive RaftClientReply:client-8C798EE064B2->dd0a3b65-d36c-4f93-b232-3c8e6f6667b6@group-B02456D89C11, cid=1490, SUCCESS, logIndex=2125, commits[dd0a3b65-d36c-4f93-b232-3c8e6f6667b6:c2127]
2019-09-18 13:04:20,509 [grpc-default-executor-1] INFO  client.GrpcClientProtocolClient (GrpcClientProtocolClient.java:onNext(264)) - client-8C798EE064B2->dd0a3b65-d36c-4f93-b232-3c8e6f6667b6: receive RaftClientReply:client-8C798EE064B2->dd0a3b65-d36c-4f93-b232-3c8e6f6667b6@group-B02456D89C11, cid=1491, SUCCESS, logIndex=2126, commits[dd0a3b65-d36c-4f93-b232-3c8e6f6667b6:c2127]
2019-09-18 13:04:20,509 [grpc-default-executor-1] INFO  client.GrpcClientProtocolClient (GrpcClientProtocolClient.java:onNext(264)) - client-8C798EE064B2->dd0a3b65-d36c-4f93-b232-3c8e6f6667b6: receive RaftClientReply:client-8C798EE064B2->dd0a3b65-d36c-4f93-b232-3c8e6f6667b6@group-B02456D89C11, cid=1492, SUCCESS, logIndex=2127, commits[dd0a3b65-d36c-4f93-b232-3c8e6f6667b6:c2127]
2019-09-18 13:04:20,532 [grpc-default-executor-1] INFO  client.GrpcClientProtocolClient (GrpcClientProtocolClient.java:onNext(264)) - client-8C798EE064B2->dd0a3b65-d36c-4f93-b232-3c8e6f6667b6: receive RaftClientReply:client-8C798EE064B2->dd0a3b65-d36c-4f93-b232-3c8e6f6667b6@group-B02456D89C11, cid=1493, SUCCESS, logIndex=2130, commits[dd0a3b65-d36c-4f93-b232-3c8e6f6667b6:c2133]
2019-09-18 13:04:20,533 [grpc-default-executor-1] INFO  client.GrpcClientProtocolClient (GrpcClientProtocolClient.java:onNext(264)) - client-8C798EE064B2->dd0a3b65-d36c-4f93-b232-3c8e6f6667b6: receive RaftClientReply:client-8C798EE064B2->dd0a3b65-d36c-4f93-b232-3c8e6f6667b6@group-B02456D89C11, cid=1494, SUCCESS, logIndex=2131, commits[dd0a3b65-d36c-4f93-b232-3c8e6f6667b6:c2133]
2019-09-18 13:04:20,533 [grpc-default-executor-1] INFO  client.GrpcClientProtocolClient (GrpcClientProtocolClient.java:onNext(264)) - client-8C798EE064B2->dd0a3b65-d36c-4f93-b232-3c8e6f6667b6: receive RaftClientReply:client-8C798EE064B2->dd0a3b65-d36c-4f93-b232-3c8e6f6667b6@group-B02456D89C11, cid=1495, SUCCESS, logIndex=2132, commits[dd0a3b65-d36c-4f93-b232-3c8e6f6667b6:c2134]
2019-09-18 13:04:20,533 [grpc-default-executor-1] INFO  client.GrpcClientProtocolClient (GrpcClientProtocolClient.java:onNext(264)) - client-8C798EE064B2->dd0a3b65-d36c-4f93-b232-3c8e6f6667b6: receive RaftClientReply:client-8C798EE064B2->dd0a3b65-d36c-4f93-b232-3c8e6f6667b6@group-B02456D89C11, cid=1496, SUCCESS, logIndex=2133, commits[dd0a3b65-d36c-4f93-b232-3c8e6f6667b6:c2134]
2019-09-18 13:04:20,551 [SCMBlockDeletingService#0] DEBUG block.SCMBlockDeletingService (SCMBlockDeletingService.java:call(138)) - Running DeletedBlockTransactionScanner
2019-09-18 13:04:20,551 [SCMBlockDeletingService#0] DEBUG block.SCMBlockDeletingService (SCMBlockDeletingService.java:call(155)) - Scanned deleted blocks log and got 0 delTX to process.
2019-09-18 13:04:20,562 [grpc-default-executor-1] INFO  client.GrpcClientProtocolClient (GrpcClientProtocolClient.java:onNext(264)) - client-8C798EE064B2->dd0a3b65-d36c-4f93-b232-3c8e6f6667b6: receive RaftClientReply:client-8C798EE064B2->dd0a3b65-d36c-4f93-b232-3c8e6f6667b6@group-B02456D89C11, cid=1497, SUCCESS, logIndex=2135, commits[dd0a3b65-d36c-4f93-b232-3c8e6f6667b6:c2138]
2019-09-18 13:04:20,563 [grpc-default-executor-1] INFO  client.GrpcClientProtocolClient (GrpcClientProtocolClient.java:onNext(264)) - client-8C798EE064B2->dd0a3b65-d36c-4f93-b232-3c8e6f6667b6: receive RaftClientReply:client-8C798EE064B2->dd0a3b65-d36c-4f93-b232-3c8e6f6667b6@group-B02456D89C11, cid=1498, SUCCESS, logIndex=2136, commits[dd0a3b65-d36c-4f93-b232-3c8e6f6667b6:c2139]
2019-09-18 13:04:20,563 [grpc-default-executor-1] INFO  client.GrpcClientProtocolClient (GrpcClientProtocolClient.java:onNext(264)) - client-8C798EE064B2->dd0a3b65-d36c-4f93-b232-3c8e6f6667b6: receive RaftClientReply:client-8C798EE064B2->dd0a3b65-d36c-4f93-b232-3c8e6f6667b6@group-B02456D89C11, cid=1499, SUCCESS, logIndex=2137, commits[dd0a3b65-d36c-4f93-b232-3c8e6f6667b6:c2139]
2019-09-18 13:04:20,563 [grpc-default-executor-1] INFO  client.GrpcClientProtocolClient (GrpcClientProtocolClient.java:onNext(264)) - client-8C798EE064B2->dd0a3b65-d36c-4f93-b232-3c8e6f6667b6: receive RaftClientReply:client-8C798EE064B2->dd0a3b65-d36c-4f93-b232-3c8e6f6667b6@group-B02456D89C11, cid=1500, SUCCESS, logIndex=2138, commits[dd0a3b65-d36c-4f93-b232-3c8e6f6667b6:c2139]
2019-09-18 13:04:20,584 [grpc-default-executor-1] INFO  client.GrpcClientProtocolClient (GrpcClientProtocolClient.java:onNext(264)) - client-8C798EE064B2->dd0a3b65-d36c-4f93-b232-3c8e6f6667b6: receive RaftClientReply:client-8C798EE064B2->dd0a3b65-d36c-4f93-b232-3c8e6f6667b6@group-B02456D89C11, cid=1501, SUCCESS, logIndex=2140, commits[dd0a3b65-d36c-4f93-b232-3c8e6f6667b6:c2141]
2019-09-18 13:04:20,584 [grpc-default-executor-1] INFO  client.GrpcClientProtocolClient (GrpcClientProtocolClient.java:onNext(264)) - client-8C798EE064B2->dd0a3b65-d36c-4f93-b232-3c8e6f6667b6: receive RaftClientReply:client-8C798EE064B2->dd0a3b65-d36c-4f93-b232-3c8e6f6667b6@group-B02456D89C11, cid=1502, SUCCESS, logIndex=2141, commits[dd0a3b65-d36c-4f93-b232-3c8e6f6667b6:c2141]
2019-09-18 13:04:20,652 [SCMBlockDeletingService#0] DEBUG block.SCMBlockDeletingService (SCMBlockDeletingService.java:call(138)) - Running DeletedBlockTransactionScanner
2019-09-18 13:04:20,652 [SCMBlockDeletingService#0] DEBUG block.SCMBlockDeletingService (SCMBlockDeletingService.java:call(155)) - Scanned deleted blocks log and got 0 delTX to process.
2019-09-18 13:04:20,677 [grpc-default-executor-1] INFO  client.GrpcClientProtocolClient (GrpcClientProtocolClient.java:onNext(264)) - client-8C798EE064B2->dd0a3b65-d36c-4f93-b232-3c8e6f6667b6: receive RaftClientReply:client-8C798EE064B2->dd0a3b65-d36c-4f93-b232-3c8e6f6667b6@group-B02456D89C11, cid=1503, SUCCESS, logIndex=2143, commits[dd0a3b65-d36c-4f93-b232-3c8e6f6667b6:c2144]
2019-09-18 13:04:20,677 [grpc-default-executor-1] INFO  client.GrpcClientProtocolClient (GrpcClientProtocolClient.java:onNext(264)) - client-8C798EE064B2->dd0a3b65-d36c-4f93-b232-3c8e6f6667b6: receive RaftClientReply:client-8C798EE064B2->dd0a3b65-d36c-4f93-b232-3c8e6f6667b6@group-B02456D89C11, cid=1504, SUCCESS, logIndex=2144, commits[dd0a3b65-d36c-4f93-b232-3c8e6f6667b6:c2145]
2019-09-18 13:04:20,707 [grpc-default-executor-0] INFO  client.GrpcClientProtocolClient (GrpcClientProtocolClient.java:onNext(264)) - client-8C798EE064B2->dd0a3b65-d36c-4f93-b232-3c8e6f6667b6: receive RaftClientReply:client-8C798EE064B2->dd0a3b65-d36c-4f93-b232-3c8e6f6667b6@group-B02456D89C11, cid=1505, SUCCESS, logIndex=2146, commits[dd0a3b65-d36c-4f93-b232-3c8e6f6667b6:c2149]
2019-09-18 13:04:20,707 [grpc-default-executor-0] INFO  client.GrpcClientProtocolClient (GrpcClientProtocolClient.java:onNext(264)) - client-8C798EE064B2->dd0a3b65-d36c-4f93-b232-3c8e6f6667b6: receive RaftClientReply:client-8C798EE064B2->dd0a3b65-d36c-4f93-b232-3c8e6f6667b6@group-B02456D89C11, cid=1506, SUCCESS, logIndex=2147, commits[dd0a3b65-d36c-4f93-b232-3c8e6f6667b6:c2150]
2019-09-18 13:04:20,708 [grpc-default-executor-0] INFO  client.GrpcClientProtocolClient (GrpcClientProtocolClient.java:onNext(264)) - client-8C798EE064B2->dd0a3b65-d36c-4f93-b232-3c8e6f6667b6: receive RaftClientReply:client-8C798EE064B2->dd0a3b65-d36c-4f93-b232-3c8e6f6667b6@group-B02456D89C11, cid=1507, SUCCESS, logIndex=2148, commits[dd0a3b65-d36c-4f93-b232-3c8e6f6667b6:c2150]
2019-09-18 13:04:20,708 [grpc-default-executor-0] INFO  client.GrpcClientProtocolClient (GrpcClientProtocolClient.java:onNext(264)) - client-8C798EE064B2->dd0a3b65-d36c-4f93-b232-3c8e6f6667b6: receive RaftClientReply:client-8C798EE064B2->dd0a3b65-d36c-4f93-b232-3c8e6f6667b6@group-B02456D89C11, cid=1508, SUCCESS, logIndex=2149, commits[dd0a3b65-d36c-4f93-b232-3c8e6f6667b6:c2150]
2019-09-18 13:04:20,730 [grpc-default-executor-0] INFO  client.GrpcClientProtocolClient (GrpcClientProtocolClient.java:onNext(264)) - client-8C798EE064B2->dd0a3b65-d36c-4f93-b232-3c8e6f6667b6: receive RaftClientReply:client-8C798EE064B2->dd0a3b65-d36c-4f93-b232-3c8e6f6667b6@group-B02456D89C11, cid=1509, SUCCESS, logIndex=2151, commits[dd0a3b65-d36c-4f93-b232-3c8e6f6667b6:c2154]
2019-09-18 13:04:20,730 [grpc-default-executor-0] INFO  client.GrpcClientProtocolClient (GrpcClientProtocolClient.java:onNext(264)) - client-8C798EE064B2->dd0a3b65-d36c-4f93-b232-3c8e6f6667b6: receive RaftClientReply:client-8C798EE064B2->dd0a3b65-d36c-4f93-b232-3c8e6f6667b6@group-B02456D89C11, cid=1510, SUCCESS, logIndex=2152, commits[dd0a3b65-d36c-4f93-b232-3c8e6f6667b6:c2155]
2019-09-18 13:04:20,731 [grpc-default-executor-0] INFO  client.GrpcClientProtocolClient (GrpcClientProtocolClient.java:onNext(264)) - client-8C798EE064B2->dd0a3b65-d36c-4f93-b232-3c8e6f6667b6: receive RaftClientReply:client-8C798EE064B2->dd0a3b65-d36c-4f93-b232-3c8e6f6667b6@group-B02456D89C11, cid=1511, SUCCESS, logIndex=2153, commits[dd0a3b65-d36c-4f93-b232-3c8e6f6667b6:c2155]
2019-09-18 13:04:20,731 [grpc-default-executor-0] INFO  client.GrpcClientProtocolClient (GrpcClientProtocolClient.java:onNext(264)) - client-8C798EE064B2->dd0a3b65-d36c-4f93-b232-3c8e6f6667b6: receive RaftClientReply:client-8C798EE064B2->dd0a3b65-d36c-4f93-b232-3c8e6f6667b6@group-B02456D89C11, cid=1512, SUCCESS, logIndex=2154, commits[dd0a3b65-d36c-4f93-b232-3c8e6f6667b6:c2155]
2019-09-18 13:04:20,752 [SCMBlockDeletingService#0] DEBUG block.SCMBlockDeletingService (SCMBlockDeletingService.java:call(138)) - Running DeletedBlockTransactionScanner
2019-09-18 13:04:20,753 [SCMBlockDeletingService#0] DEBUG block.SCMBlockDeletingService (SCMBlockDeletingService.java:call(155)) - Scanned deleted blocks log and got 0 delTX to process.
2019-09-18 13:04:20,762 [grpc-default-executor-0] INFO  client.GrpcClientProtocolClient (GrpcClientProtocolClient.java:onNext(264)) - client-8C798EE064B2->dd0a3b65-d36c-4f93-b232-3c8e6f6667b6: receive RaftClientReply:client-8C798EE064B2->dd0a3b65-d36c-4f93-b232-3c8e6f6667b6@group-B02456D89C11, cid=1513, SUCCESS, logIndex=2156, commits[dd0a3b65-d36c-4f93-b232-3c8e6f6667b6:c2157]
2019-09-18 13:04:20,762 [grpc-default-executor-0] INFO  client.GrpcClientProtocolClient (GrpcClientProtocolClient.java:onNext(264)) - client-8C798EE064B2->dd0a3b65-d36c-4f93-b232-3c8e6f6667b6: receive RaftClientReply:client-8C798EE064B2->dd0a3b65-d36c-4f93-b232-3c8e6f6667b6@group-B02456D89C11, cid=1514, SUCCESS, logIndex=2157, commits[dd0a3b65-d36c-4f93-b232-3c8e6f6667b6:c2159]
2019-09-18 13:04:20,861 [SCMBlockDeletingService#0] DEBUG block.SCMBlockDeletingService (SCMBlockDeletingService.java:call(138)) - Running DeletedBlockTransactionScanner
2019-09-18 13:04:20,861 [SCMBlockDeletingService#0] DEBUG block.SCMBlockDeletingService (SCMBlockDeletingService.java:call(155)) - Scanned deleted blocks log and got 0 delTX to process.
2019-09-18 13:04:20,861 [grpc-default-executor-0] INFO  client.GrpcClientProtocolClient (GrpcClientProtocolClient.java:onNext(264)) - client-8C798EE064B2->dd0a3b65-d36c-4f93-b232-3c8e6f6667b6: receive RaftClientReply:client-8C798EE064B2->dd0a3b65-d36c-4f93-b232-3c8e6f6667b6@group-B02456D89C11, cid=1515, SUCCESS, logIndex=2158, commits[dd0a3b65-d36c-4f93-b232-3c8e6f6667b6:c2159]
2019-09-18 13:04:20,862 [grpc-default-executor-0] INFO  client.GrpcClientProtocolClient (GrpcClientProtocolClient.java:onNext(264)) - client-8C798EE064B2->dd0a3b65-d36c-4f93-b232-3c8e6f6667b6: receive RaftClientReply:client-8C798EE064B2->dd0a3b65-d36c-4f93-b232-3c8e6f6667b6@group-B02456D89C11, cid=1516, SUCCESS, logIndex=2159, commits[dd0a3b65-d36c-4f93-b232-3c8e6f6667b6:c2160]
2019-09-18 13:04:20,886 [grpc-default-executor-1] INFO  client.GrpcClientProtocolClient (GrpcClientProtocolClient.java:onNext(264)) - client-8C798EE064B2->dd0a3b65-d36c-4f93-b232-3c8e6f6667b6: receive RaftClientReply:client-8C798EE064B2->dd0a3b65-d36c-4f93-b232-3c8e6f6667b6@group-B02456D89C11, cid=1517, SUCCESS, logIndex=2162, commits[dd0a3b65-d36c-4f93-b232-3c8e6f6667b6:c2165]
2019-09-18 13:04:20,886 [grpc-default-executor-1] INFO  client.GrpcClientProtocolClient (GrpcClientProtocolClient.java:onNext(264)) - client-8C798EE064B2->dd0a3b65-d36c-4f93-b232-3c8e6f6667b6: receive RaftClientReply:client-8C798EE064B2->dd0a3b65-d36c-4f93-b232-3c8e6f6667b6@group-B02456D89C11, cid=1518, SUCCESS, logIndex=2163, commits[dd0a3b65-d36c-4f93-b232-3c8e6f6667b6:c2165]
2019-09-18 13:04:20,887 [grpc-default-executor-1] INFO  client.GrpcClientProtocolClient (GrpcClientProtocolClient.java:onNext(264)) - client-8C798EE064B2->dd0a3b65-d36c-4f93-b232-3c8e6f6667b6: receive RaftClientReply:client-8C798EE064B2->dd0a3b65-d36c-4f93-b232-3c8e6f6667b6@group-B02456D89C11, cid=1519, SUCCESS, logIndex=2164, commits[dd0a3b65-d36c-4f93-b232-3c8e6f6667b6:c2166]
2019-09-18 13:04:20,887 [grpc-default-executor-1] INFO  client.GrpcClientProtocolClient (GrpcClientProtocolClient.java:onNext(264)) - client-8C798EE064B2->dd0a3b65-d36c-4f93-b232-3c8e6f6667b6: receive RaftClientReply:client-8C798EE064B2->dd0a3b65-d36c-4f93-b232-3c8e6f6667b6@group-B02456D89C11, cid=1520, SUCCESS, logIndex=2165, commits[dd0a3b65-d36c-4f93-b232-3c8e6f6667b6:c2166]
2019-09-18 13:04:20,916 [grpc-default-executor-1] INFO  client.GrpcClientProtocolClient (GrpcClientProtocolClient.java:onNext(264)) - client-8C798EE064B2->dd0a3b65-d36c-4f93-b232-3c8e6f6667b6: receive RaftClientReply:client-8C798EE064B2->dd0a3b65-d36c-4f93-b232-3c8e6f6667b6@group-B02456D89C11, cid=1521, SUCCESS, logIndex=2167, commits[dd0a3b65-d36c-4f93-b232-3c8e6f6667b6:c2168]
2019-09-18 13:04:20,917 [grpc-default-executor-1] INFO  client.GrpcClientProtocolClient (GrpcClientProtocolClient.java:onNext(264)) - client-8C798EE064B2->dd0a3b65-d36c-4f93-b232-3c8e6f6667b6: receive RaftClientReply:client-8C798EE064B2->dd0a3b65-d36c-4f93-b232-3c8e6f6667b6@group-B02456D89C11, cid=1522, SUCCESS, logIndex=2168, commits[dd0a3b65-d36c-4f93-b232-3c8e6f6667b6:c2170]
2019-09-18 13:04:20,917 [grpc-default-executor-1] INFO  client.GrpcClientProtocolClient (GrpcClientProtocolClient.java:onNext(264)) - client-8C798EE064B2->dd0a3b65-d36c-4f93-b232-3c8e6f6667b6: receive RaftClientReply:client-8C798EE064B2->dd0a3b65-d36c-4f93-b232-3c8e6f6667b6@group-B02456D89C11, cid=1523, SUCCESS, logIndex=2169, commits[dd0a3b65-d36c-4f93-b232-3c8e6f6667b6:c2170]
2019-09-18 13:04:20,917 [grpc-default-executor-1] INFO  client.GrpcClientProtocolClient (GrpcClientProtocolClient.java:onNext(264)) - client-8C798EE064B2->dd0a3b65-d36c-4f93-b232-3c8e6f6667b6: receive RaftClientReply:client-8C798EE064B2->dd0a3b65-d36c-4f93-b232-3c8e6f6667b6@group-B02456D89C11, cid=1524, SUCCESS, logIndex=2170, commits[dd0a3b65-d36c-4f93-b232-3c8e6f6667b6:c2171]
2019-09-18 13:04:20,939 [grpc-default-executor-1] INFO  client.GrpcClientProtocolClient (GrpcClientProtocolClient.java:onNext(264)) - client-8C798EE064B2->dd0a3b65-d36c-4f93-b232-3c8e6f6667b6: receive RaftClientReply:client-8C798EE064B2->dd0a3b65-d36c-4f93-b232-3c8e6f6667b6@group-B02456D89C11, cid=1525, SUCCESS, logIndex=2173, commits[dd0a3b65-d36c-4f93-b232-3c8e6f6667b6:c2174]
2019-09-18 13:04:20,940 [grpc-default-executor-1] INFO  client.GrpcClientProtocolClient (GrpcClientProtocolClient.java:onNext(264)) - client-8C798EE064B2->dd0a3b65-d36c-4f93-b232-3c8e6f6667b6: receive RaftClientReply:client-8C798EE064B2->dd0a3b65-d36c-4f93-b232-3c8e6f6667b6@group-B02456D89C11, cid=1526, SUCCESS, logIndex=2174, commits[dd0a3b65-d36c-4f93-b232-3c8e6f6667b6:c2176]
2019-09-18 13:04:20,940 [grpc-default-executor-1] INFO  client.GrpcClientProtocolClient (GrpcClientProtocolClient.java:onNext(264)) - client-8C798EE064B2->dd0a3b65-d36c-4f93-b232-3c8e6f6667b6: receive RaftClientReply:client-8C798EE064B2->dd0a3b65-d36c-4f93-b232-3c8e6f6667b6@group-B02456D89C11, cid=1527, SUCCESS, logIndex=2175, commits[dd0a3b65-d36c-4f93-b232-3c8e6f6667b6:c2176]
2019-09-18 13:04:20,941 [grpc-default-executor-1] INFO  client.GrpcClientProtocolClient (GrpcClientProtocolClient.java:onNext(264)) - client-8C798EE064B2->dd0a3b65-d36c-4f93-b232-3c8e6f6667b6: receive RaftClientReply:client-8C798EE064B2->dd0a3b65-d36c-4f93-b232-3c8e6f6667b6@group-B02456D89C11, cid=1528, SUCCESS, logIndex=2176, commits[dd0a3b65-d36c-4f93-b232-3c8e6f6667b6:c2177]
2019-09-18 13:04:20,962 [SCMBlockDeletingService#0] DEBUG block.SCMBlockDeletingService (SCMBlockDeletingService.java:call(138)) - Running DeletedBlockTransactionScanner
2019-09-18 13:04:20,962 [SCMBlockDeletingService#0] DEBUG block.SCMBlockDeletingService (SCMBlockDeletingService.java:call(155)) - Scanned deleted blocks log and got 0 delTX to process.
2019-09-18 13:04:20,969 [grpc-default-executor-1] INFO  client.GrpcClientProtocolClient (GrpcClientProtocolClient.java:onNext(264)) - client-8C798EE064B2->dd0a3b65-d36c-4f93-b232-3c8e6f6667b6: receive RaftClientReply:client-8C798EE064B2->dd0a3b65-d36c-4f93-b232-3c8e6f6667b6@group-B02456D89C11, cid=1529, SUCCESS, logIndex=2179, commits[dd0a3b65-d36c-4f93-b232-3c8e6f6667b6:c2180]
2019-09-18 13:04:20,969 [grpc-default-executor-1] INFO  client.GrpcClientProtocolClient (GrpcClientProtocolClient.java:onNext(264)) - client-8C798EE064B2->dd0a3b65-d36c-4f93-b232-3c8e6f6667b6: receive RaftClientReply:client-8C798EE064B2->dd0a3b65-d36c-4f93-b232-3c8e6f6667b6@group-B02456D89C11, cid=1530, SUCCESS, logIndex=2180, commits[dd0a3b65-d36c-4f93-b232-3c8e6f6667b6:c2182]
2019-09-18 13:04:20,970 [grpc-default-executor-1] INFO  client.GrpcClientProtocolClient (GrpcClientProtocolClient.java:onNext(264)) - client-8C798EE064B2->dd0a3b65-d36c-4f93-b232-3c8e6f6667b6: receive RaftClientReply:client-8C798EE064B2->dd0a3b65-d36c-4f93-b232-3c8e6f6667b6@group-B02456D89C11, cid=1531, SUCCESS, logIndex=2181, commits[dd0a3b65-d36c-4f93-b232-3c8e6f6667b6:c2183]
2019-09-18 13:04:20,970 [grpc-default-executor-1] INFO  client.GrpcClientProtocolClient (GrpcClientProtocolClient.java:onNext(264)) - client-8C798EE064B2->dd0a3b65-d36c-4f93-b232-3c8e6f6667b6: receive RaftClientReply:client-8C798EE064B2->dd0a3b65-d36c-4f93-b232-3c8e6f6667b6@group-B02456D89C11, cid=1532, SUCCESS, logIndex=2182, commits[dd0a3b65-d36c-4f93-b232-3c8e6f6667b6:c2184]
2019-09-18 13:04:20,990 [grpc-default-executor-1] INFO  client.GrpcClientProtocolClient (GrpcClientProtocolClient.java:onNext(264)) - client-8C798EE064B2->dd0a3b65-d36c-4f93-b232-3c8e6f6667b6: receive RaftClientReply:client-8C798EE064B2->dd0a3b65-d36c-4f93-b232-3c8e6f6667b6@group-B02456D89C11, cid=1533, SUCCESS, logIndex=2185, commits[dd0a3b65-d36c-4f93-b232-3c8e6f6667b6:c2186]
2019-09-18 13:04:20,991 [grpc-default-executor-1] INFO  client.GrpcClientProtocolClient (GrpcClientProtocolClient.java:onNext(264)) - client-8C798EE064B2->dd0a3b65-d36c-4f93-b232-3c8e6f6667b6: receive RaftClientReply:client-8C798EE064B2->dd0a3b65-d36c-4f93-b232-3c8e6f6667b6@group-B02456D89C11, cid=1534, SUCCESS, logIndex=2186, commits[dd0a3b65-d36c-4f93-b232-3c8e6f6667b6:c2188]
2019-09-18 13:04:20,991 [grpc-default-executor-1] INFO  client.GrpcClientProtocolClient (GrpcClientProtocolClient.java:onNext(264)) - client-8C798EE064B2->dd0a3b65-d36c-4f93-b232-3c8e6f6667b6: receive RaftClientReply:client-8C798EE064B2->dd0a3b65-d36c-4f93-b232-3c8e6f6667b6@group-B02456D89C11, cid=1535, SUCCESS, logIndex=2187, commits[dd0a3b65-d36c-4f93-b232-3c8e6f6667b6:c2189]
2019-09-18 13:04:20,992 [grpc-default-executor-1] INFO  client.GrpcClientProtocolClient (GrpcClientProtocolClient.java:onNext(264)) - client-8C798EE064B2->dd0a3b65-d36c-4f93-b232-3c8e6f6667b6: receive RaftClientReply:client-8C798EE064B2->dd0a3b65-d36c-4f93-b232-3c8e6f6667b6@group-B02456D89C11, cid=1536, SUCCESS, logIndex=2188, commits[dd0a3b65-d36c-4f93-b232-3c8e6f6667b6:c2190]
2019-09-18 13:04:21,020 [grpc-default-executor-1] INFO  client.GrpcClientProtocolClient (GrpcClientProtocolClient.java:onNext(264)) - client-8C798EE064B2->dd0a3b65-d36c-4f93-b232-3c8e6f6667b6: receive RaftClientReply:client-8C798EE064B2->dd0a3b65-d36c-4f93-b232-3c8e6f6667b6@group-B02456D89C11, cid=1537, SUCCESS, logIndex=2191, commits[dd0a3b65-d36c-4f93-b232-3c8e6f6667b6:c2194]
2019-09-18 13:04:21,021 [grpc-default-executor-1] INFO  client.GrpcClientProtocolClient (GrpcClientProtocolClient.java:onNext(264)) - client-8C798EE064B2->dd0a3b65-d36c-4f93-b232-3c8e6f6667b6: receive RaftClientReply:client-8C798EE064B2->dd0a3b65-d36c-4f93-b232-3c8e6f6667b6@group-B02456D89C11, cid=1538, SUCCESS, logIndex=2192, commits[dd0a3b65-d36c-4f93-b232-3c8e6f6667b6:c2195]
2019-09-18 13:04:21,022 [grpc-default-executor-1] INFO  client.GrpcClientProtocolClient (GrpcClientProtocolClient.java:onNext(264)) - client-8C798EE064B2->dd0a3b65-d36c-4f93-b232-3c8e6f6667b6: receive RaftClientReply:client-8C798EE064B2->dd0a3b65-d36c-4f93-b232-3c8e6f6667b6@group-B02456D89C11, cid=1539, SUCCESS, logIndex=2193, commits[dd0a3b65-d36c-4f93-b232-3c8e6f6667b6:c2195]
2019-09-18 13:04:21,022 [grpc-default-executor-1] INFO  client.GrpcClientProtocolClient (GrpcClientProtocolClient.java:onNext(264)) - client-8C798EE064B2->dd0a3b65-d36c-4f93-b232-3c8e6f6667b6: receive RaftClientReply:client-8C798EE064B2->dd0a3b65-d36c-4f93-b232-3c8e6f6667b6@group-B02456D89C11, cid=1540, SUCCESS, logIndex=2194, commits[dd0a3b65-d36c-4f93-b232-3c8e6f6667b6:c2195]
2019-09-18 13:04:21,041 [grpc-default-executor-1] INFO  client.GrpcClientProtocolClient (GrpcClientProtocolClient.java:onNext(264)) - client-8C798EE064B2->dd0a3b65-d36c-4f93-b232-3c8e6f6667b6: receive RaftClientReply:client-8C798EE064B2->dd0a3b65-d36c-4f93-b232-3c8e6f6667b6@group-B02456D89C11, cid=1541, SUCCESS, logIndex=2196, commits[dd0a3b65-d36c-4f93-b232-3c8e6f6667b6:c2199]
2019-09-18 13:04:21,041 [grpc-default-executor-1] INFO  client.GrpcClientProtocolClient (GrpcClientProtocolClient.java:onNext(264)) - client-8C798EE064B2->dd0a3b65-d36c-4f93-b232-3c8e6f6667b6: receive RaftClientReply:client-8C798EE064B2->dd0a3b65-d36c-4f93-b232-3c8e6f6667b6@group-B02456D89C11, cid=1542, SUCCESS, logIndex=2197, commits[dd0a3b65-d36c-4f93-b232-3c8e6f6667b6:c2200]
2019-09-18 13:04:21,042 [grpc-default-executor-1] INFO  client.GrpcClientProtocolClient (GrpcClientProtocolClient.java:onNext(264)) - client-8C798EE064B2->dd0a3b65-d36c-4f93-b232-3c8e6f6667b6: receive RaftClientReply:client-8C798EE064B2->dd0a3b65-d36c-4f93-b232-3c8e6f6667b6@group-B02456D89C11, cid=1543, SUCCESS, logIndex=2198, commits[dd0a3b65-d36c-4f93-b232-3c8e6f6667b6:c2200]
2019-09-18 13:04:21,042 [grpc-default-executor-1] INFO  client.GrpcClientProtocolClient (GrpcClientProtocolClient.java:onNext(264)) - client-8C798EE064B2->dd0a3b65-d36c-4f93-b232-3c8e6f6667b6: receive RaftClientReply:client-8C798EE064B2->dd0a3b65-d36c-4f93-b232-3c8e6f6667b6@group-B02456D89C11, cid=1544, SUCCESS, logIndex=2199, commits[dd0a3b65-d36c-4f93-b232-3c8e6f6667b6:c2200]
2019-09-18 13:04:21,062 [SCMBlockDeletingService#0] DEBUG block.SCMBlockDeletingService (SCMBlockDeletingService.java:call(138)) - Running DeletedBlockTransactionScanner
2019-09-18 13:04:21,063 [SCMBlockDeletingService#0] DEBUG block.SCMBlockDeletingService (SCMBlockDeletingService.java:call(155)) - Scanned deleted blocks log and got 0 delTX to process.
2019-09-18 13:04:21,067 [grpc-default-executor-1] INFO  client.GrpcClientProtocolClient (GrpcClientProtocolClient.java:onNext(264)) - client-8C798EE064B2->dd0a3b65-d36c-4f93-b232-3c8e6f6667b6: receive RaftClientReply:client-8C798EE064B2->dd0a3b65-d36c-4f93-b232-3c8e6f6667b6@group-B02456D89C11, cid=1545, SUCCESS, logIndex=2201, commits[dd0a3b65-d36c-4f93-b232-3c8e6f6667b6:c2202]
2019-09-18 13:04:21,067 [grpc-default-executor-1] INFO  client.GrpcClientProtocolClient (GrpcClientProtocolClient.java:onNext(264)) - client-8C798EE064B2->dd0a3b65-d36c-4f93-b232-3c8e6f6667b6: receive RaftClientReply:client-8C798EE064B2->dd0a3b65-d36c-4f93-b232-3c8e6f6667b6@group-B02456D89C11, cid=1546, SUCCESS, logIndex=2202, commits[dd0a3b65-d36c-4f93-b232-3c8e6f6667b6:c2203]
2019-09-18 13:04:21,154 [grpc-default-executor-1] INFO  client.GrpcClientProtocolClient (GrpcClientProtocolClient.java:onNext(264)) - client-8C798EE064B2->dd0a3b65-d36c-4f93-b232-3c8e6f6667b6: receive RaftClientReply:client-8C798EE064B2->dd0a3b65-d36c-4f93-b232-3c8e6f6667b6@group-B02456D89C11, cid=1547, SUCCESS, logIndex=2204, commits[dd0a3b65-d36c-4f93-b232-3c8e6f6667b6:c2205]
2019-09-18 13:04:21,155 [grpc-default-executor-1] INFO  client.GrpcClientProtocolClient (GrpcClientProtocolClient.java:onNext(264)) - client-8C798EE064B2->dd0a3b65-d36c-4f93-b232-3c8e6f6667b6: receive RaftClientReply:client-8C798EE064B2->dd0a3b65-d36c-4f93-b232-3c8e6f6667b6@group-B02456D89C11, cid=1548, SUCCESS, logIndex=2205, commits[dd0a3b65-d36c-4f93-b232-3c8e6f6667b6:c2206]
2019-09-18 13:04:21,163 [SCMBlockDeletingService#0] DEBUG block.SCMBlockDeletingService (SCMBlockDeletingService.java:call(138)) - Running DeletedBlockTransactionScanner
2019-09-18 13:04:21,163 [SCMBlockDeletingService#0] DEBUG block.SCMBlockDeletingService (SCMBlockDeletingService.java:call(155)) - Scanned deleted blocks log and got 0 delTX to process.
2019-09-18 13:04:21,176 [grpc-default-executor-1] INFO  client.GrpcClientProtocolClient (GrpcClientProtocolClient.java:onNext(264)) - client-8C798EE064B2->dd0a3b65-d36c-4f93-b232-3c8e6f6667b6: receive RaftClientReply:client-8C798EE064B2->dd0a3b65-d36c-4f93-b232-3c8e6f6667b6@group-B02456D89C11, cid=1549, SUCCESS, logIndex=2207, commits[dd0a3b65-d36c-4f93-b232-3c8e6f6667b6:c2210]
2019-09-18 13:04:21,177 [grpc-default-executor-1] INFO  client.GrpcClientProtocolClient (GrpcClientProtocolClient.java:onNext(264)) - client-8C798EE064B2->dd0a3b65-d36c-4f93-b232-3c8e6f6667b6: receive RaftClientReply:client-8C798EE064B2->dd0a3b65-d36c-4f93-b232-3c8e6f6667b6@group-B02456D89C11, cid=1550, SUCCESS, logIndex=2208, commits[dd0a3b65-d36c-4f93-b232-3c8e6f6667b6:c2211]
2019-09-18 13:04:21,177 [grpc-default-executor-1] INFO  client.GrpcClientProtocolClient (GrpcClientProtocolClient.java:onNext(264)) - client-8C798EE064B2->dd0a3b65-d36c-4f93-b232-3c8e6f6667b6: receive RaftClientReply:client-8C798EE064B2->dd0a3b65-d36c-4f93-b232-3c8e6f6667b6@group-B02456D89C11, cid=1551, SUCCESS, logIndex=2209, commits[dd0a3b65-d36c-4f93-b232-3c8e6f6667b6:c2211]
2019-09-18 13:04:21,177 [grpc-default-executor-1] INFO  client.GrpcClientProtocolClient (GrpcClientProtocolClient.java:onNext(264)) - client-8C798EE064B2->dd0a3b65-d36c-4f93-b232-3c8e6f6667b6: receive RaftClientReply:client-8C798EE064B2->dd0a3b65-d36c-4f93-b232-3c8e6f6667b6@group-B02456D89C11, cid=1552, SUCCESS, logIndex=2210, commits[dd0a3b65-d36c-4f93-b232-3c8e6f6667b6:c2211]
2019-09-18 13:04:21,206 [grpc-default-executor-1] INFO  client.GrpcClientProtocolClient (GrpcClientProtocolClient.java:onNext(264)) - client-8C798EE064B2->dd0a3b65-d36c-4f93-b232-3c8e6f6667b6: receive RaftClientReply:client-8C798EE064B2->dd0a3b65-d36c-4f93-b232-3c8e6f6667b6@group-B02456D89C11, cid=1553, SUCCESS, logIndex=2212, commits[dd0a3b65-d36c-4f93-b232-3c8e6f6667b6:c2213]
2019-09-18 13:04:21,206 [grpc-default-executor-1] INFO  client.GrpcClientProtocolClient (GrpcClientProtocolClient.java:onNext(264)) - client-8C798EE064B2->dd0a3b65-d36c-4f93-b232-3c8e6f6667b6: receive RaftClientReply:client-8C798EE064B2->dd0a3b65-d36c-4f93-b232-3c8e6f6667b6@group-B02456D89C11, cid=1554, SUCCESS, logIndex=2213, commits[dd0a3b65-d36c-4f93-b232-3c8e6f6667b6:c2215]
2019-09-18 13:04:21,206 [grpc-default-executor-1] INFO  client.GrpcClientProtocolClient (GrpcClientProtocolClient.java:onNext(264)) - client-8C798EE064B2->dd0a3b65-d36c-4f93-b232-3c8e6f6667b6: receive RaftClientReply:client-8C798EE064B2->dd0a3b65-d36c-4f93-b232-3c8e6f6667b6@group-B02456D89C11, cid=1555, SUCCESS, logIndex=2214, commits[dd0a3b65-d36c-4f93-b232-3c8e6f6667b6:c2216]
2019-09-18 13:04:21,207 [grpc-default-executor-1] INFO  client.GrpcClientProtocolClient (GrpcClientProtocolClient.java:onNext(264)) - client-8C798EE064B2->dd0a3b65-d36c-4f93-b232-3c8e6f6667b6: receive RaftClientReply:client-8C798EE064B2->dd0a3b65-d36c-4f93-b232-3c8e6f6667b6@group-B02456D89C11, cid=1556, SUCCESS, logIndex=2215, commits[dd0a3b65-d36c-4f93-b232-3c8e6f6667b6:c2216]
2019-09-18 13:04:21,228 [grpc-default-executor-1] INFO  client.GrpcClientProtocolClient (GrpcClientProtocolClient.java:onNext(264)) - client-8C798EE064B2->dd0a3b65-d36c-4f93-b232-3c8e6f6667b6: receive RaftClientReply:client-8C798EE064B2->dd0a3b65-d36c-4f93-b232-3c8e6f6667b6@group-B02456D89C11, cid=1557, SUCCESS, logIndex=2218, commits[dd0a3b65-d36c-4f93-b232-3c8e6f6667b6:c2219]
2019-09-18 13:04:21,228 [grpc-default-executor-1] INFO  client.GrpcClientProtocolClient (GrpcClientProtocolClient.java:onNext(264)) - client-8C798EE064B2->dd0a3b65-d36c-4f93-b232-3c8e6f6667b6: receive RaftClientReply:client-8C798EE064B2->dd0a3b65-d36c-4f93-b232-3c8e6f6667b6@group-B02456D89C11, cid=1558, SUCCESS, logIndex=2219, commits[dd0a3b65-d36c-4f93-b232-3c8e6f6667b6:c2221]
2019-09-18 13:04:21,228 [grpc-default-executor-1] INFO  client.GrpcClientProtocolClient (GrpcClientProtocolClient.java:onNext(264)) - client-8C798EE064B2->dd0a3b65-d36c-4f93-b232-3c8e6f6667b6: receive RaftClientReply:client-8C798EE064B2->dd0a3b65-d36c-4f93-b232-3c8e6f6667b6@group-B02456D89C11, cid=1559, SUCCESS, logIndex=2220, commits[dd0a3b65-d36c-4f93-b232-3c8e6f6667b6:c2222]
2019-09-18 13:04:21,229 [grpc-default-executor-1] INFO  client.GrpcClientProtocolClient (GrpcClientProtocolClient.java:onNext(264)) - client-8C798EE064B2->dd0a3b65-d36c-4f93-b232-3c8e6f6667b6: receive RaftClientReply:client-8C798EE064B2->dd0a3b65-d36c-4f93-b232-3c8e6f6667b6@group-B02456D89C11, cid=1560, SUCCESS, logIndex=2221, commits[dd0a3b65-d36c-4f93-b232-3c8e6f6667b6:c2223]
2019-09-18 13:04:21,254 [grpc-default-executor-1] INFO  client.GrpcClientProtocolClient (GrpcClientProtocolClient.java:onNext(264)) - client-8C798EE064B2->dd0a3b65-d36c-4f93-b232-3c8e6f6667b6: receive RaftClientReply:client-8C798EE064B2->dd0a3b65-d36c-4f93-b232-3c8e6f6667b6@group-B02456D89C11, cid=1561, SUCCESS, logIndex=2224, commits[dd0a3b65-d36c-4f93-b232-3c8e6f6667b6:c2225]
2019-09-18 13:04:21,255 [grpc-default-executor-1] INFO  client.GrpcClientProtocolClient (GrpcClientProtocolClient.java:onNext(264)) - client-8C798EE064B2->dd0a3b65-d36c-4f93-b232-3c8e6f6667b6: receive RaftClientReply:client-8C798EE064B2->dd0a3b65-d36c-4f93-b232-3c8e6f6667b6@group-B02456D89C11, cid=1562, SUCCESS, logIndex=2225, commits[dd0a3b65-d36c-4f93-b232-3c8e6f6667b6:c2227]
2019-09-18 13:04:21,255 [grpc-default-executor-1] INFO  client.GrpcClientProtocolClient (GrpcClientProtocolClient.java:onNext(264)) - client-8C798EE064B2->dd0a3b65-d36c-4f93-b232-3c8e6f6667b6: receive RaftClientReply:client-8C798EE064B2->dd0a3b65-d36c-4f93-b232-3c8e6f6667b6@group-B02456D89C11, cid=1563, SUCCESS, logIndex=2226, commits[dd0a3b65-d36c-4f93-b232-3c8e6f6667b6:c2227]
2019-09-18 13:04:21,255 [grpc-default-executor-1] INFO  client.GrpcClientProtocolClient (GrpcClientProtocolClient.java:onNext(264)) - client-8C798EE064B2->dd0a3b65-d36c-4f93-b232-3c8e6f6667b6: receive RaftClientReply:client-8C798EE064B2->dd0a3b65-d36c-4f93-b232-3c8e6f6667b6@group-B02456D89C11, cid=1564, SUCCESS, logIndex=2227, commits[dd0a3b65-d36c-4f93-b232-3c8e6f6667b6:c2227]
2019-09-18 13:04:21,264 [SCMBlockDeletingService#0] DEBUG block.SCMBlockDeletingService (SCMBlockDeletingService.java:call(138)) - Running DeletedBlockTransactionScanner
2019-09-18 13:04:21,264 [SCMBlockDeletingService#0] DEBUG block.SCMBlockDeletingService (SCMBlockDeletingService.java:call(155)) - Scanned deleted blocks log and got 0 delTX to process.
2019-09-18 13:04:21,275 [grpc-default-executor-1] INFO  client.GrpcClientProtocolClient (GrpcClientProtocolClient.java:onNext(264)) - client-8C798EE064B2->dd0a3b65-d36c-4f93-b232-3c8e6f6667b6: receive RaftClientReply:client-8C798EE064B2->dd0a3b65-d36c-4f93-b232-3c8e6f6667b6@group-B02456D89C11, cid=1565, SUCCESS, logIndex=2230, commits[dd0a3b65-d36c-4f93-b232-3c8e6f6667b6:c2231]
2019-09-18 13:04:21,275 [grpc-default-executor-1] INFO  client.GrpcClientProtocolClient (GrpcClientProtocolClient.java:onNext(264)) - client-8C798EE064B2->dd0a3b65-d36c-4f93-b232-3c8e6f6667b6: receive RaftClientReply:client-8C798EE064B2->dd0a3b65-d36c-4f93-b232-3c8e6f6667b6@group-B02456D89C11, cid=1566, SUCCESS, logIndex=2231, commits[dd0a3b65-d36c-4f93-b232-3c8e6f6667b6:c2233]
2019-09-18 13:04:21,276 [grpc-default-executor-1] INFO  client.GrpcClientProtocolClient (GrpcClientProtocolClient.java:onNext(264)) - client-8C798EE064B2->dd0a3b65-d36c-4f93-b232-3c8e6f6667b6: receive RaftClientReply:client-8C798EE064B2->dd0a3b65-d36c-4f93-b232-3c8e6f6667b6@group-B02456D89C11, cid=1567, SUCCESS, logIndex=2232, commits[dd0a3b65-d36c-4f93-b232-3c8e6f6667b6:c2233]
2019-09-18 13:04:21,276 [grpc-default-executor-1] INFO  client.GrpcClientProtocolClient (GrpcClientProtocolClient.java:onNext(264)) - client-8C798EE064B2->dd0a3b65-d36c-4f93-b232-3c8e6f6667b6: receive RaftClientReply:client-8C798EE064B2->dd0a3b65-d36c-4f93-b232-3c8e6f6667b6@group-B02456D89C11, cid=1568, SUCCESS, logIndex=2233, commits[dd0a3b65-d36c-4f93-b232-3c8e6f6667b6:c2234]
2019-09-18 13:04:21,304 [grpc-default-executor-1] INFO  client.GrpcClientProtocolClient (GrpcClientProtocolClient.java:onNext(264)) - client-8C798EE064B2->dd0a3b65-d36c-4f93-b232-3c8e6f6667b6: receive RaftClientReply:client-8C798EE064B2->dd0a3b65-d36c-4f93-b232-3c8e6f6667b6@group-B02456D89C11, cid=1569, SUCCESS, logIndex=2236, commits[dd0a3b65-d36c-4f93-b232-3c8e6f6667b6:c2239]
2019-09-18 13:04:21,305 [grpc-default-executor-1] INFO  client.GrpcClientProtocolClient (GrpcClientProtocolClient.java:onNext(264)) - client-8C798EE064B2->dd0a3b65-d36c-4f93-b232-3c8e6f6667b6: receive RaftClientReply:client-8C798EE064B2->dd0a3b65-d36c-4f93-b232-3c8e6f6667b6@group-B02456D89C11, cid=1570, SUCCESS, logIndex=2237, commits[dd0a3b65-d36c-4f93-b232-3c8e6f6667b6:c2239]
2019-09-18 13:04:21,305 [grpc-default-executor-1] INFO  client.GrpcClientProtocolClient (GrpcClientProtocolClient.java:onNext(264)) - client-8C798EE064B2->dd0a3b65-d36c-4f93-b232-3c8e6f6667b6: receive RaftClientReply:client-8C798EE064B2->dd0a3b65-d36c-4f93-b232-3c8e6f6667b6@group-B02456D89C11, cid=1571, SUCCESS, logIndex=2238, commits[dd0a3b65-d36c-4f93-b232-3c8e6f6667b6:c2240]
2019-09-18 13:04:21,305 [grpc-default-executor-1] INFO  client.GrpcClientProtocolClient (GrpcClientProtocolClient.java:onNext(264)) - client-8C798EE064B2->dd0a3b65-d36c-4f93-b232-3c8e6f6667b6: receive RaftClientReply:client-8C798EE064B2->dd0a3b65-d36c-4f93-b232-3c8e6f6667b6@group-B02456D89C11, cid=1572, SUCCESS, logIndex=2239, commits[dd0a3b65-d36c-4f93-b232-3c8e6f6667b6:c2240]
2019-09-18 13:04:21,326 [grpc-default-executor-0] INFO  client.GrpcClientProtocolClient (GrpcClientProtocolClient.java:onNext(264)) - client-8C798EE064B2->dd0a3b65-d36c-4f93-b232-3c8e6f6667b6: receive RaftClientReply:client-8C798EE064B2->dd0a3b65-d36c-4f93-b232-3c8e6f6667b6@group-B02456D89C11, cid=1573, SUCCESS, logIndex=2241, commits[dd0a3b65-d36c-4f93-b232-3c8e6f6667b6:c2244]
2019-09-18 13:04:21,327 [grpc-default-executor-0] INFO  client.GrpcClientProtocolClient (GrpcClientProtocolClient.java:onNext(264)) - client-8C798EE064B2->dd0a3b65-d36c-4f93-b232-3c8e6f6667b6: receive RaftClientReply:client-8C798EE064B2->dd0a3b65-d36c-4f93-b232-3c8e6f6667b6@group-B02456D89C11, cid=1574, SUCCESS, logIndex=2242, commits[dd0a3b65-d36c-4f93-b232-3c8e6f6667b6:c2245]
2019-09-18 13:04:21,327 [grpc-default-executor-0] INFO  client.GrpcClientProtocolClient (GrpcClientProtocolClient.java:onNext(264)) - client-8C798EE064B2->dd0a3b65-d36c-4f93-b232-3c8e6f6667b6: receive RaftClientReply:client-8C798EE064B2->dd0a3b65-d36c-4f93-b232-3c8e6f6667b6@group-B02456D89C11, cid=1575, SUCCESS, logIndex=2243, commits[dd0a3b65-d36c-4f93-b232-3c8e6f6667b6:c2245]
2019-09-18 13:04:21,328 [grpc-default-executor-0] INFO  client.GrpcClientProtocolClient (GrpcClientProtocolClient.java:onNext(264)) - client-8C798EE064B2->dd0a3b65-d36c-4f93-b232-3c8e6f6667b6: receive RaftClientReply:client-8C798EE064B2->dd0a3b65-d36c-4f93-b232-3c8e6f6667b6@group-B02456D89C11, cid=1576, SUCCESS, logIndex=2244, commits[dd0a3b65-d36c-4f93-b232-3c8e6f6667b6:c2245]
2019-09-18 13:04:21,355 [grpc-default-executor-0] INFO  client.GrpcClientProtocolClient (GrpcClientProtocolClient.java:onNext(264)) - client-8C798EE064B2->dd0a3b65-d36c-4f93-b232-3c8e6f6667b6: receive RaftClientReply:client-8C798EE064B2->dd0a3b65-d36c-4f93-b232-3c8e6f6667b6@group-B02456D89C11, cid=1577, SUCCESS, logIndex=2246, commits[dd0a3b65-d36c-4f93-b232-3c8e6f6667b6:c2249]
2019-09-18 13:04:21,356 [grpc-default-executor-0] INFO  client.GrpcClientProtocolClient (GrpcClientProtocolClient.java:onNext(264)) - client-8C798EE064B2->dd0a3b65-d36c-4f93-b232-3c8e6f6667b6: receive RaftClientReply:client-8C798EE064B2->dd0a3b65-d36c-4f93-b232-3c8e6f6667b6@group-B02456D89C11, cid=1578, SUCCESS, logIndex=2247, commits[dd0a3b65-d36c-4f93-b232-3c8e6f6667b6:c2250]
2019-09-18 13:04:21,356 [grpc-default-executor-0] INFO  client.GrpcClientProtocolClient (GrpcClientProtocolClient.java:onNext(264)) - client-8C798EE064B2->dd0a3b65-d36c-4f93-b232-3c8e6f6667b6: receive RaftClientReply:client-8C798EE064B2->dd0a3b65-d36c-4f93-b232-3c8e6f6667b6@group-B02456D89C11, cid=1579, SUCCESS, logIndex=2248, commits[dd0a3b65-d36c-4f93-b232-3c8e6f6667b6:c2250]
2019-09-18 13:04:21,356 [grpc-default-executor-0] INFO  client.GrpcClientProtocolClient (GrpcClientProtocolClient.java:onNext(264)) - client-8C798EE064B2->dd0a3b65-d36c-4f93-b232-3c8e6f6667b6: receive RaftClientReply:client-8C798EE064B2->dd0a3b65-d36c-4f93-b232-3c8e6f6667b6@group-B02456D89C11, cid=1580, SUCCESS, logIndex=2249, commits[dd0a3b65-d36c-4f93-b232-3c8e6f6667b6:c2250]
2019-09-18 13:04:21,364 [SCMBlockDeletingService#0] DEBUG block.SCMBlockDeletingService (SCMBlockDeletingService.java:call(138)) - Running DeletedBlockTransactionScanner
2019-09-18 13:04:21,364 [SCMBlockDeletingService#0] DEBUG block.SCMBlockDeletingService (SCMBlockDeletingService.java:call(155)) - Scanned deleted blocks log and got 0 delTX to process.
2019-09-18 13:04:21,376 [grpc-default-executor-1] INFO  client.GrpcClientProtocolClient (GrpcClientProtocolClient.java:onNext(264)) - client-8C798EE064B2->dd0a3b65-d36c-4f93-b232-3c8e6f6667b6: receive RaftClientReply:client-8C798EE064B2->dd0a3b65-d36c-4f93-b232-3c8e6f6667b6@group-B02456D89C11, cid=1581, SUCCESS, logIndex=2251, commits[dd0a3b65-d36c-4f93-b232-3c8e6f6667b6:c2252]
2019-09-18 13:04:21,376 [grpc-default-executor-1] INFO  client.GrpcClientProtocolClient (GrpcClientProtocolClient.java:onNext(264)) - client-8C798EE064B2->dd0a3b65-d36c-4f93-b232-3c8e6f6667b6: receive RaftClientReply:client-8C798EE064B2->dd0a3b65-d36c-4f93-b232-3c8e6f6667b6@group-B02456D89C11, cid=1582, SUCCESS, logIndex=2252, commits[dd0a3b65-d36c-4f93-b232-3c8e6f6667b6:c2254]
2019-09-18 13:04:21,376 [grpc-default-executor-1] INFO  client.GrpcClientProtocolClient (GrpcClientProtocolClient.java:onNext(264)) - client-8C798EE064B2->dd0a3b65-d36c-4f93-b232-3c8e6f6667b6: receive RaftClientReply:client-8C798EE064B2->dd0a3b65-d36c-4f93-b232-3c8e6f6667b6@group-B02456D89C11, cid=1583, SUCCESS, logIndex=2253, commits[dd0a3b65-d36c-4f93-b232-3c8e6f6667b6:c2255]
2019-09-18 13:04:21,377 [grpc-default-executor-1] INFO  client.GrpcClientProtocolClient (GrpcClientProtocolClient.java:onNext(264)) - client-8C798EE064B2->dd0a3b65-d36c-4f93-b232-3c8e6f6667b6: receive RaftClientReply:client-8C798EE064B2->dd0a3b65-d36c-4f93-b232-3c8e6f6667b6@group-B02456D89C11, cid=1584, SUCCESS, logIndex=2254, commits[dd0a3b65-d36c-4f93-b232-3c8e6f6667b6:c2255]
2019-09-18 13:04:21,403 [grpc-default-executor-0] INFO  client.GrpcClientProtocolClient (GrpcClientProtocolClient.java:onNext(264)) - client-8C798EE064B2->dd0a3b65-d36c-4f93-b232-3c8e6f6667b6: receive RaftClientReply:client-8C798EE064B2->dd0a3b65-d36c-4f93-b232-3c8e6f6667b6@group-B02456D89C11, cid=1585, SUCCESS, logIndex=2257, commits[dd0a3b65-d36c-4f93-b232-3c8e6f6667b6:c2258]
2019-09-18 13:04:21,405 [grpc-default-executor-0] INFO  client.GrpcClientProtocolClient (GrpcClientProtocolClient.java:onNext(264)) - client-8C798EE064B2->dd0a3b65-d36c-4f93-b232-3c8e6f6667b6: receive RaftClientReply:client-8C798EE064B2->dd0a3b65-d36c-4f93-b232-3c8e6f6667b6@group-B02456D89C11, cid=1586, SUCCESS, logIndex=2258, commits[dd0a3b65-d36c-4f93-b232-3c8e6f6667b6:c2258]
2019-09-18 13:04:21,406 [grpc-default-executor-0] INFO  client.GrpcClientProtocolClient (GrpcClientProtocolClient.java:onNext(264)) - client-8C798EE064B2->dd0a3b65-d36c-4f93-b232-3c8e6f6667b6: receive RaftClientReply:client-8C798EE064B2->dd0a3b65-d36c-4f93-b232-3c8e6f6667b6@group-B02456D89C11, cid=1587, SUCCESS, logIndex=2259, commits[dd0a3b65-d36c-4f93-b232-3c8e6f6667b6:c2261]
2019-09-18 13:04:21,406 [grpc-default-executor-0] INFO  client.GrpcClientProtocolClient (GrpcClientProtocolClient.java:onNext(264)) - client-8C798EE064B2->dd0a3b65-d36c-4f93-b232-3c8e6f6667b6: receive RaftClientReply:client-8C798EE064B2->dd0a3b65-d36c-4f93-b232-3c8e6f6667b6@group-B02456D89C11, cid=1588, SUCCESS, logIndex=2260, commits[dd0a3b65-d36c-4f93-b232-3c8e6f6667b6:c2261]
2019-09-18 13:04:21,818 [SCMBlockDeletingService#0] DEBUG block.SCMBlockDeletingService (SCMBlockDeletingService.java:call(138)) - Running DeletedBlockTransactionScanner
2019-09-18 13:04:21,818 [SCMBlockDeletingService#0] DEBUG block.SCMBlockDeletingService (SCMBlockDeletingService.java:call(155)) - Scanned deleted blocks log and got 0 delTX to process.
2019-09-18 13:04:21,892 [grpc-default-executor-1] INFO  client.GrpcClientProtocolClient (GrpcClientProtocolClient.java:onNext(264)) - client-8C798EE064B2->dd0a3b65-d36c-4f93-b232-3c8e6f6667b6: receive RaftClientReply:client-8C798EE064B2->dd0a3b65-d36c-4f93-b232-3c8e6f6667b6@group-B02456D89C11, cid=1589, SUCCESS, logIndex=2262, commits[dd0a3b65-d36c-4f93-b232-3c8e6f6667b6:c2263]
2019-09-18 13:04:21,892 [grpc-default-executor-1] INFO  client.GrpcClientProtocolClient (GrpcClientProtocolClient.java:onNext(264)) - client-8C798EE064B2->dd0a3b65-d36c-4f93-b232-3c8e6f6667b6: receive RaftClientReply:client-8C798EE064B2->dd0a3b65-d36c-4f93-b232-3c8e6f6667b6@group-B02456D89C11, cid=1590, SUCCESS, logIndex=2263, commits[dd0a3b65-d36c-4f93-b232-3c8e6f6667b6:c2264]
2019-09-18 13:04:21,919 [SCMBlockDeletingService#0] DEBUG block.SCMBlockDeletingService (SCMBlockDeletingService.java:call(138)) - Running DeletedBlockTransactionScanner
2019-09-18 13:04:21,919 [SCMBlockDeletingService#0] DEBUG block.SCMBlockDeletingService (SCMBlockDeletingService.java:call(155)) - Scanned deleted blocks log and got 0 delTX to process.
2019-09-18 13:04:21,945 [grpc-default-executor-0] INFO  client.GrpcClientProtocolClient (GrpcClientProtocolClient.java:onNext(264)) - client-8C798EE064B2->dd0a3b65-d36c-4f93-b232-3c8e6f6667b6: receive RaftClientReply:client-8C798EE064B2->dd0a3b65-d36c-4f93-b232-3c8e6f6667b6@group-B02456D89C11, cid=1591, SUCCESS, logIndex=2265, commits[dd0a3b65-d36c-4f93-b232-3c8e6f6667b6:c2266]
2019-09-18 13:04:21,945 [grpc-default-executor-0] INFO  client.GrpcClientProtocolClient (GrpcClientProtocolClient.java:onNext(264)) - client-8C798EE064B2->dd0a3b65-d36c-4f93-b232-3c8e6f6667b6: receive RaftClientReply:client-8C798EE064B2->dd0a3b65-d36c-4f93-b232-3c8e6f6667b6@group-B02456D89C11, cid=1592, SUCCESS, logIndex=2266, commits[dd0a3b65-d36c-4f93-b232-3c8e6f6667b6:c2267]
2019-09-18 13:04:21,974 [grpc-default-executor-0] INFO  client.GrpcClientProtocolClient (GrpcClientProtocolClient.java:onNext(264)) - client-8C798EE064B2->dd0a3b65-d36c-4f93-b232-3c8e6f6667b6: receive RaftClientReply:client-8C798EE064B2->dd0a3b65-d36c-4f93-b232-3c8e6f6667b6@group-B02456D89C11, cid=1593, SUCCESS, logIndex=2268, commits[dd0a3b65-d36c-4f93-b232-3c8e6f6667b6:c2271]
2019-09-18 13:04:21,975 [grpc-default-executor-0] INFO  client.GrpcClientProtocolClient (GrpcClientProtocolClient.java:onNext(264)) - client-8C798EE064B2->dd0a3b65-d36c-4f93-b232-3c8e6f6667b6: receive RaftClientReply:client-8C798EE064B2->dd0a3b65-d36c-4f93-b232-3c8e6f6667b6@group-B02456D89C11, cid=1594, SUCCESS, logIndex=2269, commits[dd0a3b65-d36c-4f93-b232-3c8e6f6667b6:c2272]
2019-09-18 13:04:21,975 [grpc-default-executor-0] INFO  client.GrpcClientProtocolClient (GrpcClientProtocolClient.java:onNext(264)) - client-8C798EE064B2->dd0a3b65-d36c-4f93-b232-3c8e6f6667b6: receive RaftClientReply:client-8C798EE064B2->dd0a3b65-d36c-4f93-b232-3c8e6f6667b6@group-B02456D89C11, cid=1595, SUCCESS, logIndex=2270, commits[dd0a3b65-d36c-4f93-b232-3c8e6f6667b6:c2272]
2019-09-18 13:04:21,975 [grpc-default-executor-0] INFO  client.GrpcClientProtocolClient (GrpcClientProtocolClient.java:onNext(264)) - client-8C798EE064B2->dd0a3b65-d36c-4f93-b232-3c8e6f6667b6: receive RaftClientReply:client-8C798EE064B2->dd0a3b65-d36c-4f93-b232-3c8e6f6667b6@group-B02456D89C11, cid=1596, SUCCESS, logIndex=2271, commits[dd0a3b65-d36c-4f93-b232-3c8e6f6667b6:c2272]
2019-09-18 13:04:21,996 [grpc-default-executor-0] INFO  client.GrpcClientProtocolClient (GrpcClientProtocolClient.java:onNext(264)) - client-8C798EE064B2->dd0a3b65-d36c-4f93-b232-3c8e6f6667b6: receive RaftClientReply:client-8C798EE064B2->dd0a3b65-d36c-4f93-b232-3c8e6f6667b6@group-B02456D89C11, cid=1597, SUCCESS, logIndex=2273, commits[dd0a3b65-d36c-4f93-b232-3c8e6f6667b6:c2276]
2019-09-18 13:04:21,996 [grpc-default-executor-0] INFO  client.GrpcClientProtocolClient (GrpcClientProtocolClient.java:onNext(264)) - client-8C798EE064B2->dd0a3b65-d36c-4f93-b232-3c8e6f6667b6: receive RaftClientReply:client-8C798EE064B2->dd0a3b65-d36c-4f93-b232-3c8e6f6667b6@group-B02456D89C11, cid=1598, SUCCESS, logIndex=2274, commits[dd0a3b65-d36c-4f93-b232-3c8e6f6667b6:c2277]
2019-09-18 13:04:21,997 [grpc-default-executor-0] INFO  client.GrpcClientProtocolClient (GrpcClientProtocolClient.java:onNext(264)) - client-8C798EE064B2->dd0a3b65-d36c-4f93-b232-3c8e6f6667b6: receive RaftClientReply:client-8C798EE064B2->dd0a3b65-d36c-4f93-b232-3c8e6f6667b6@group-B02456D89C11, cid=1599, SUCCESS, logIndex=2275, commits[dd0a3b65-d36c-4f93-b232-3c8e6f6667b6:c2277]
2019-09-18 13:04:21,997 [grpc-default-executor-0] INFO  client.GrpcClientProtocolClient (GrpcClientProtocolClient.java:onNext(264)) - client-8C798EE064B2->dd0a3b65-d36c-4f93-b232-3c8e6f6667b6: receive RaftClientReply:client-8C798EE064B2->dd0a3b65-d36c-4f93-b232-3c8e6f6667b6@group-B02456D89C11, cid=1600, SUCCESS, logIndex=2276, commits[dd0a3b65-d36c-4f93-b232-3c8e6f6667b6:c2277]
2019-09-18 13:04:22,019 [SCMBlockDeletingService#0] DEBUG block.SCMBlockDeletingService (SCMBlockDeletingService.java:call(138)) - Running DeletedBlockTransactionScanner
2019-09-18 13:04:22,020 [SCMBlockDeletingService#0] DEBUG block.SCMBlockDeletingService (SCMBlockDeletingService.java:call(155)) - Scanned deleted blocks log and got 0 delTX to process.
2019-09-18 13:04:22,021 [grpc-default-executor-1] INFO  client.GrpcClientProtocolClient (GrpcClientProtocolClient.java:onNext(264)) - client-8C798EE064B2->dd0a3b65-d36c-4f93-b232-3c8e6f6667b6: receive RaftClientReply:client-8C798EE064B2->dd0a3b65-d36c-4f93-b232-3c8e6f6667b6@group-B02456D89C11, cid=1601, SUCCESS, logIndex=2278, commits[dd0a3b65-d36c-4f93-b232-3c8e6f6667b6:c2279]
2019-09-18 13:04:22,022 [grpc-default-executor-1] INFO  client.GrpcClientProtocolClient (GrpcClientProtocolClient.java:onNext(264)) - client-8C798EE064B2->dd0a3b65-d36c-4f93-b232-3c8e6f6667b6: receive RaftClientReply:client-8C798EE064B2->dd0a3b65-d36c-4f93-b232-3c8e6f6667b6@group-B02456D89C11, cid=1602, SUCCESS, logIndex=2279, commits[dd0a3b65-d36c-4f93-b232-3c8e6f6667b6:c2281]
2019-09-18 13:04:22,022 [grpc-default-executor-1] INFO  client.GrpcClientProtocolClient (GrpcClientProtocolClient.java:onNext(264)) - client-8C798EE064B2->dd0a3b65-d36c-4f93-b232-3c8e6f6667b6: receive RaftClientReply:client-8C798EE064B2->dd0a3b65-d36c-4f93-b232-3c8e6f6667b6@group-B02456D89C11, cid=1603, SUCCESS, logIndex=2280, commits[dd0a3b65-d36c-4f93-b232-3c8e6f6667b6:c2281]
2019-09-18 13:04:22,022 [grpc-default-executor-1] INFO  client.GrpcClientProtocolClient (GrpcClientProtocolClient.java:onNext(264)) - client-8C798EE064B2->dd0a3b65-d36c-4f93-b232-3c8e6f6667b6: receive RaftClientReply:client-8C798EE064B2->dd0a3b65-d36c-4f93-b232-3c8e6f6667b6@group-B02456D89C11, cid=1604, SUCCESS, logIndex=2281, commits[dd0a3b65-d36c-4f93-b232-3c8e6f6667b6:c2282]
2019-09-18 13:04:22,043 [grpc-default-executor-1] INFO  client.GrpcClientProtocolClient (GrpcClientProtocolClient.java:onNext(264)) - client-8C798EE064B2->dd0a3b65-d36c-4f93-b232-3c8e6f6667b6: receive RaftClientReply:client-8C798EE064B2->dd0a3b65-d36c-4f93-b232-3c8e6f6667b6@group-B02456D89C11, cid=1605, SUCCESS, logIndex=2284, commits[dd0a3b65-d36c-4f93-b232-3c8e6f6667b6:c2287]
2019-09-18 13:04:22,043 [grpc-default-executor-1] INFO  client.GrpcClientProtocolClient (GrpcClientProtocolClient.java:onNext(264)) - client-8C798EE064B2->dd0a3b65-d36c-4f93-b232-3c8e6f6667b6: receive RaftClientReply:client-8C798EE064B2->dd0a3b65-d36c-4f93-b232-3c8e6f6667b6@group-B02456D89C11, cid=1606, SUCCESS, logIndex=2285, commits[dd0a3b65-d36c-4f93-b232-3c8e6f6667b6:c2288]
2019-09-18 13:04:22,044 [grpc-default-executor-1] INFO  client.GrpcClientProtocolClient (GrpcClientProtocolClient.java:onNext(264)) - client-8C798EE064B2->dd0a3b65-d36c-4f93-b232-3c8e6f6667b6: receive RaftClientReply:client-8C798EE064B2->dd0a3b65-d36c-4f93-b232-3c8e6f6667b6@group-B02456D89C11, cid=1607, SUCCESS, logIndex=2286, commits[dd0a3b65-d36c-4f93-b232-3c8e6f6667b6:c2288]
2019-09-18 13:04:22,044 [grpc-default-executor-1] INFO  client.GrpcClientProtocolClient (GrpcClientProtocolClient.java:onNext(264)) - client-8C798EE064B2->dd0a3b65-d36c-4f93-b232-3c8e6f6667b6: receive RaftClientReply:client-8C798EE064B2->dd0a3b65-d36c-4f93-b232-3c8e6f6667b6@group-B02456D89C11, cid=1608, SUCCESS, logIndex=2287, commits[dd0a3b65-d36c-4f93-b232-3c8e6f6667b6:c2288]
2019-09-18 13:04:22,071 [grpc-default-executor-0] INFO  client.GrpcClientProtocolClient (GrpcClientProtocolClient.java:onNext(264)) - client-8C798EE064B2->dd0a3b65-d36c-4f93-b232-3c8e6f6667b6: receive RaftClientReply:client-8C798EE064B2->dd0a3b65-d36c-4f93-b232-3c8e6f6667b6@group-B02456D89C11, cid=1609, SUCCESS, logIndex=2289, commits[dd0a3b65-d36c-4f93-b232-3c8e6f6667b6:c2290]
2019-09-18 13:04:22,071 [grpc-default-executor-0] INFO  client.GrpcClientProtocolClient (GrpcClientProtocolClient.java:onNext(264)) - client-8C798EE064B2->dd0a3b65-d36c-4f93-b232-3c8e6f6667b6: receive RaftClientReply:client-8C798EE064B2->dd0a3b65-d36c-4f93-b232-3c8e6f6667b6@group-B02456D89C11, cid=1610, SUCCESS, logIndex=2290, commits[dd0a3b65-d36c-4f93-b232-3c8e6f6667b6:c2292]
2019-09-18 13:04:22,072 [grpc-default-executor-0] INFO  client.GrpcClientProtocolClient (GrpcClientProtocolClient.java:onNext(264)) - client-8C798EE064B2->dd0a3b65-d36c-4f93-b232-3c8e6f6667b6: receive RaftClientReply:client-8C798EE064B2->dd0a3b65-d36c-4f93-b232-3c8e6f6667b6@group-B02456D89C11, cid=1611, SUCCESS, logIndex=2291, commits[dd0a3b65-d36c-4f93-b232-3c8e6f6667b6:c2292]
2019-09-18 13:04:22,072 [grpc-default-executor-0] INFO  client.GrpcClientProtocolClient (GrpcClientProtocolClient.java:onNext(264)) - client-8C798EE064B2->dd0a3b65-d36c-4f93-b232-3c8e6f6667b6: receive RaftClientReply:client-8C798EE064B2->dd0a3b65-d36c-4f93-b232-3c8e6f6667b6@group-B02456D89C11, cid=1612, SUCCESS, logIndex=2292, commits[dd0a3b65-d36c-4f93-b232-3c8e6f6667b6:c2292]
2019-09-18 13:04:22,092 [grpc-default-executor-0] INFO  client.GrpcClientProtocolClient (GrpcClientProtocolClient.java:onNext(264)) - client-8C798EE064B2->dd0a3b65-d36c-4f93-b232-3c8e6f6667b6: receive RaftClientReply:client-8C798EE064B2->dd0a3b65-d36c-4f93-b232-3c8e6f6667b6@group-B02456D89C11, cid=1613, SUCCESS, logIndex=2295, commits[dd0a3b65-d36c-4f93-b232-3c8e6f6667b6:c2298]
2019-09-18 13:04:22,093 [grpc-default-executor-0] INFO  client.GrpcClientProtocolClient (GrpcClientProtocolClient.java:onNext(264)) - client-8C798EE064B2->dd0a3b65-d36c-4f93-b232-3c8e6f6667b6: receive RaftClientReply:client-8C798EE064B2->dd0a3b65-d36c-4f93-b232-3c8e6f6667b6@group-B02456D89C11, cid=1614, SUCCESS, logIndex=2296, commits[dd0a3b65-d36c-4f93-b232-3c8e6f6667b6:c2299]
2019-09-18 13:04:22,093 [grpc-default-executor-0] INFO  client.GrpcClientProtocolClient (GrpcClientProtocolClient.java:onNext(264)) - client-8C798EE064B2->dd0a3b65-d36c-4f93-b232-3c8e6f6667b6: receive RaftClientReply:client-8C798EE064B2->dd0a3b65-d36c-4f93-b232-3c8e6f6667b6@group-B02456D89C11, cid=1615, SUCCESS, logIndex=2297, commits[dd0a3b65-d36c-4f93-b232-3c8e6f6667b6:c2299]
2019-09-18 13:04:22,094 [grpc-default-executor-0] INFO  client.GrpcClientProtocolClient (GrpcClientProtocolClient.java:onNext(264)) - client-8C798EE064B2->dd0a3b65-d36c-4f93-b232-3c8e6f6667b6: receive RaftClientReply:client-8C798EE064B2->dd0a3b65-d36c-4f93-b232-3c8e6f6667b6@group-B02456D89C11, cid=1616, SUCCESS, logIndex=2298, commits[dd0a3b65-d36c-4f93-b232-3c8e6f6667b6:c2299]
2019-09-18 13:04:22,120 [SCMBlockDeletingService#0] DEBUG block.SCMBlockDeletingService (SCMBlockDeletingService.java:call(138)) - Running DeletedBlockTransactionScanner
2019-09-18 13:04:22,120 [SCMBlockDeletingService#0] DEBUG block.SCMBlockDeletingService (SCMBlockDeletingService.java:call(155)) - Scanned deleted blocks log and got 0 delTX to process.
2019-09-18 13:04:22,129 [grpc-default-executor-1] INFO  client.GrpcClientProtocolClient (GrpcClientProtocolClient.java:onNext(264)) - client-8C798EE064B2->dd0a3b65-d36c-4f93-b232-3c8e6f6667b6: receive RaftClientReply:client-8C798EE064B2->dd0a3b65-d36c-4f93-b232-3c8e6f6667b6@group-B02456D89C11, cid=1617, SUCCESS, logIndex=2300, commits[dd0a3b65-d36c-4f93-b232-3c8e6f6667b6:c2303]
2019-09-18 13:04:22,129 [grpc-default-executor-1] INFO  client.GrpcClientProtocolClient (GrpcClientProtocolClient.java:onNext(264)) - client-8C798EE064B2->dd0a3b65-d36c-4f93-b232-3c8e6f6667b6: receive RaftClientReply:client-8C798EE064B2->dd0a3b65-d36c-4f93-b232-3c8e6f6667b6@group-B02456D89C11, cid=1618, SUCCESS, logIndex=2301, commits[dd0a3b65-d36c-4f93-b232-3c8e6f6667b6:c2304]
2019-09-18 13:04:22,130 [grpc-default-executor-1] INFO  client.GrpcClientProtocolClient (GrpcClientProtocolClient.java:onNext(264)) - client-8C798EE064B2->dd0a3b65-d36c-4f93-b232-3c8e6f6667b6: receive RaftClientReply:client-8C798EE064B2->dd0a3b65-d36c-4f93-b232-3c8e6f6667b6@group-B02456D89C11, cid=1619, SUCCESS, logIndex=2302, commits[dd0a3b65-d36c-4f93-b232-3c8e6f6667b6:c2304]
2019-09-18 13:04:22,130 [grpc-default-executor-1] INFO  client.GrpcClientProtocolClient (GrpcClientProtocolClient.java:onNext(264)) - client-8C798EE064B2->dd0a3b65-d36c-4f93-b232-3c8e6f6667b6: receive RaftClientReply:client-8C798EE064B2->dd0a3b65-d36c-4f93-b232-3c8e6f6667b6@group-B02456D89C11, cid=1620, SUCCESS, logIndex=2303, commits[dd0a3b65-d36c-4f93-b232-3c8e6f6667b6:c2304]
2019-09-18 13:04:22,151 [grpc-default-executor-0] INFO  client.GrpcClientProtocolClient (GrpcClientProtocolClient.java:onNext(264)) - client-8C798EE064B2->dd0a3b65-d36c-4f93-b232-3c8e6f6667b6: receive RaftClientReply:client-8C798EE064B2->dd0a3b65-d36c-4f93-b232-3c8e6f6667b6@group-B02456D89C11, cid=1621, SUCCESS, logIndex=2305, commits[dd0a3b65-d36c-4f93-b232-3c8e6f6667b6:c2308]
2019-09-18 13:04:22,151 [grpc-default-executor-0] INFO  client.GrpcClientProtocolClient (GrpcClientProtocolClient.java:onNext(264)) - client-8C798EE064B2->dd0a3b65-d36c-4f93-b232-3c8e6f6667b6: receive RaftClientReply:client-8C798EE064B2->dd0a3b65-d36c-4f93-b232-3c8e6f6667b6@group-B02456D89C11, cid=1622, SUCCESS, logIndex=2306, commits[dd0a3b65-d36c-4f93-b232-3c8e6f6667b6:c2309]
2019-09-18 13:04:22,152 [grpc-default-executor-0] INFO  client.GrpcClientProtocolClient (GrpcClientProtocolClient.java:onNext(264)) - client-8C798EE064B2->dd0a3b65-d36c-4f93-b232-3c8e6f6667b6: receive RaftClientReply:client-8C798EE064B2->dd0a3b65-d36c-4f93-b232-3c8e6f6667b6@group-B02456D89C11, cid=1623, SUCCESS, logIndex=2307, commits[dd0a3b65-d36c-4f93-b232-3c8e6f6667b6:c2309]
2019-09-18 13:04:22,152 [grpc-default-executor-0] INFO  client.GrpcClientProtocolClient (GrpcClientProtocolClient.java:onNext(264)) - client-8C798EE064B2->dd0a3b65-d36c-4f93-b232-3c8e6f6667b6: receive RaftClientReply:client-8C798EE064B2->dd0a3b65-d36c-4f93-b232-3c8e6f6667b6@group-B02456D89C11, cid=1624, SUCCESS, logIndex=2308, commits[dd0a3b65-d36c-4f93-b232-3c8e6f6667b6:c2309]
2019-09-18 13:04:22,177 [grpc-default-executor-1] INFO  client.GrpcClientProtocolClient (GrpcClientProtocolClient.java:onNext(264)) - client-8C798EE064B2->dd0a3b65-d36c-4f93-b232-3c8e6f6667b6: receive RaftClientReply:client-8C798EE064B2->dd0a3b65-d36c-4f93-b232-3c8e6f6667b6@group-B02456D89C11, cid=1625, SUCCESS, logIndex=2310, commits[dd0a3b65-d36c-4f93-b232-3c8e6f6667b6:c2311]
2019-09-18 13:04:22,177 [grpc-default-executor-1] INFO  client.GrpcClientProtocolClient (GrpcClientProtocolClient.java:onNext(264)) - client-8C798EE064B2->dd0a3b65-d36c-4f93-b232-3c8e6f6667b6: receive RaftClientReply:client-8C798EE064B2->dd0a3b65-d36c-4f93-b232-3c8e6f6667b6@group-B02456D89C11, cid=1626, SUCCESS, logIndex=2311, commits[dd0a3b65-d36c-4f93-b232-3c8e6f6667b6:c2311]
2019-09-18 13:04:22,178 [grpc-default-executor-1] INFO  client.GrpcClientProtocolClient (GrpcClientProtocolClient.java:onNext(264)) - client-8C798EE064B2->dd0a3b65-d36c-4f93-b232-3c8e6f6667b6: receive RaftClientReply:client-8C798EE064B2->dd0a3b65-d36c-4f93-b232-3c8e6f6667b6@group-B02456D89C11, cid=1627, SUCCESS, logIndex=2312, commits[dd0a3b65-d36c-4f93-b232-3c8e6f6667b6:c2313]
2019-09-18 13:04:22,178 [grpc-default-executor-1] INFO  client.GrpcClientProtocolClient (GrpcClientProtocolClient.java:onNext(264)) - client-8C798EE064B2->dd0a3b65-d36c-4f93-b232-3c8e6f6667b6: receive RaftClientReply:client-8C798EE064B2->dd0a3b65-d36c-4f93-b232-3c8e6f6667b6@group-B02456D89C11, cid=1628, SUCCESS, logIndex=2313, commits[dd0a3b65-d36c-4f93-b232-3c8e6f6667b6:c2314]
2019-09-18 13:04:22,198 [grpc-default-executor-0] INFO  client.GrpcClientProtocolClient (GrpcClientProtocolClient.java:onNext(264)) - client-8C798EE064B2->dd0a3b65-d36c-4f93-b232-3c8e6f6667b6: receive RaftClientReply:client-8C798EE064B2->dd0a3b65-d36c-4f93-b232-3c8e6f6667b6@group-B02456D89C11, cid=1629, SUCCESS, logIndex=2316, commits[dd0a3b65-d36c-4f93-b232-3c8e6f6667b6:c2317]
2019-09-18 13:04:22,199 [grpc-default-executor-0] INFO  client.GrpcClientProtocolClient (GrpcClientProtocolClient.java:onNext(264)) - client-8C798EE064B2->dd0a3b65-d36c-4f93-b232-3c8e6f6667b6: receive RaftClientReply:client-8C798EE064B2->dd0a3b65-d36c-4f93-b232-3c8e6f6667b6@group-B02456D89C11, cid=1630, SUCCESS, logIndex=2317, commits[dd0a3b65-d36c-4f93-b232-3c8e6f6667b6:c2319]
2019-09-18 13:04:22,199 [grpc-default-executor-0] INFO  client.GrpcClientProtocolClient (GrpcClientProtocolClient.java:onNext(264)) - client-8C798EE064B2->dd0a3b65-d36c-4f93-b232-3c8e6f6667b6: receive RaftClientReply:client-8C798EE064B2->dd0a3b65-d36c-4f93-b232-3c8e6f6667b6@group-B02456D89C11, cid=1631, SUCCESS, logIndex=2318, commits[dd0a3b65-d36c-4f93-b232-3c8e6f6667b6:c2320]
2019-09-18 13:04:22,200 [grpc-default-executor-0] INFO  client.GrpcClientProtocolClient (GrpcClientProtocolClient.java:onNext(264)) - client-8C798EE064B2->dd0a3b65-d36c-4f93-b232-3c8e6f6667b6: receive RaftClientReply:client-8C798EE064B2->dd0a3b65-d36c-4f93-b232-3c8e6f6667b6@group-B02456D89C11, cid=1632, SUCCESS, logIndex=2319, commits[dd0a3b65-d36c-4f93-b232-3c8e6f6667b6:c2321]
2019-09-18 13:04:22,221 [SCMBlockDeletingService#0] DEBUG block.SCMBlockDeletingService (SCMBlockDeletingService.java:call(138)) - Running DeletedBlockTransactionScanner
2019-09-18 13:04:22,221 [SCMBlockDeletingService#0] DEBUG block.SCMBlockDeletingService (SCMBlockDeletingService.java:call(155)) - Scanned deleted blocks log and got 0 delTX to process.
2019-09-18 13:04:22,227 [grpc-default-executor-1] INFO  client.GrpcClientProtocolClient (GrpcClientProtocolClient.java:onNext(264)) - client-8C798EE064B2->dd0a3b65-d36c-4f93-b232-3c8e6f6667b6: receive RaftClientReply:client-8C798EE064B2->dd0a3b65-d36c-4f93-b232-3c8e6f6667b6@group-B02456D89C11, cid=1633, SUCCESS, logIndex=2322, commits[dd0a3b65-d36c-4f93-b232-3c8e6f6667b6:c2323]
2019-09-18 13:04:22,228 [grpc-default-executor-1] INFO  client.GrpcClientProtocolClient (GrpcClientProtocolClient.java:onNext(264)) - client-8C798EE064B2->dd0a3b65-d36c-4f93-b232-3c8e6f6667b6: receive RaftClientReply:client-8C798EE064B2->dd0a3b65-d36c-4f93-b232-3c8e6f6667b6@group-B02456D89C11, cid=1634, SUCCESS, logIndex=2323, commits[dd0a3b65-d36c-4f93-b232-3c8e6f6667b6:c2324]
2019-09-18 13:04:22,321 [SCMBlockDeletingService#0] DEBUG block.SCMBlockDeletingService (SCMBlockDeletingService.java:call(138)) - Running DeletedBlockTransactionScanner
2019-09-18 13:04:22,322 [SCMBlockDeletingService#0] DEBUG block.SCMBlockDeletingService (SCMBlockDeletingService.java:call(155)) - Scanned deleted blocks log and got 0 delTX to process.
2019-09-18 13:04:22,330 [grpc-default-executor-0] INFO  client.GrpcClientProtocolClient (GrpcClientProtocolClient.java:onNext(264)) - client-8C798EE064B2->dd0a3b65-d36c-4f93-b232-3c8e6f6667b6: receive RaftClientReply:client-8C798EE064B2->dd0a3b65-d36c-4f93-b232-3c8e6f6667b6@group-B02456D89C11, cid=1635, SUCCESS, logIndex=2325, commits[dd0a3b65-d36c-4f93-b232-3c8e6f6667b6:c2326]
2019-09-18 13:04:22,331 [grpc-default-executor-0] INFO  client.GrpcClientProtocolClient (GrpcClientProtocolClient.java:onNext(264)) - client-8C798EE064B2->dd0a3b65-d36c-4f93-b232-3c8e6f6667b6: receive RaftClientReply:client-8C798EE064B2->dd0a3b65-d36c-4f93-b232-3c8e6f6667b6@group-B02456D89C11, cid=1636, SUCCESS, logIndex=2326, commits[dd0a3b65-d36c-4f93-b232-3c8e6f6667b6:c2327]
2019-09-18 13:04:22,351 [grpc-default-executor-1] INFO  client.GrpcClientProtocolClient (GrpcClientProtocolClient.java:onNext(264)) - client-8C798EE064B2->dd0a3b65-d36c-4f93-b232-3c8e6f6667b6: receive RaftClientReply:client-8C798EE064B2->dd0a3b65-d36c-4f93-b232-3c8e6f6667b6@group-B02456D89C11, cid=1637, SUCCESS, logIndex=2328, commits[dd0a3b65-d36c-4f93-b232-3c8e6f6667b6:c2329]
2019-09-18 13:04:22,351 [grpc-default-executor-1] INFO  client.GrpcClientProtocolClient (GrpcClientProtocolClient.java:onNext(264)) - client-8C798EE064B2->dd0a3b65-d36c-4f93-b232-3c8e6f6667b6: receive RaftClientReply:client-8C798EE064B2->dd0a3b65-d36c-4f93-b232-3c8e6f6667b6@group-B02456D89C11, cid=1638, SUCCESS, logIndex=2329, commits[dd0a3b65-d36c-4f93-b232-3c8e6f6667b6:c2331]
2019-09-18 13:04:22,352 [grpc-default-executor-1] INFO  client.GrpcClientProtocolClient (GrpcClientProtocolClient.java:onNext(264)) - client-8C798EE064B2->dd0a3b65-d36c-4f93-b232-3c8e6f6667b6: receive RaftClientReply:client-8C798EE064B2->dd0a3b65-d36c-4f93-b232-3c8e6f6667b6@group-B02456D89C11, cid=1639, SUCCESS, logIndex=2330, commits[dd0a3b65-d36c-4f93-b232-3c8e6f6667b6:c2332]
2019-09-18 13:04:22,352 [grpc-default-executor-1] INFO  client.GrpcClientProtocolClient (GrpcClientProtocolClient.java:onNext(264)) - client-8C798EE064B2->dd0a3b65-d36c-4f93-b232-3c8e6f6667b6: receive RaftClientReply:client-8C798EE064B2->dd0a3b65-d36c-4f93-b232-3c8e6f6667b6@group-B02456D89C11, cid=1640, SUCCESS, logIndex=2331, commits[dd0a3b65-d36c-4f93-b232-3c8e6f6667b6:c2332]
2019-09-18 13:04:22,378 [grpc-default-executor-1] INFO  client.GrpcClientProtocolClient (GrpcClientProtocolClient.java:onNext(264)) - client-8C798EE064B2->dd0a3b65-d36c-4f93-b232-3c8e6f6667b6: receive RaftClientReply:client-8C798EE064B2->dd0a3b65-d36c-4f93-b232-3c8e6f6667b6@group-B02456D89C11, cid=1641, SUCCESS, logIndex=2334, commits[dd0a3b65-d36c-4f93-b232-3c8e6f6667b6:c2335]
2019-09-18 13:04:22,379 [grpc-default-executor-1] INFO  client.GrpcClientProtocolClient (GrpcClientProtocolClient.java:onNext(264)) - client-8C798EE064B2->dd0a3b65-d36c-4f93-b232-3c8e6f6667b6: receive RaftClientReply:client-8C798EE064B2->dd0a3b65-d36c-4f93-b232-3c8e6f6667b6@group-B02456D89C11, cid=1642, SUCCESS, logIndex=2335, commits[dd0a3b65-d36c-4f93-b232-3c8e6f6667b6:c2337]
2019-09-18 13:04:22,379 [grpc-default-executor-1] INFO  client.GrpcClientProtocolClient (GrpcClientProtocolClient.java:onNext(264)) - client-8C798EE064B2->dd0a3b65-d36c-4f93-b232-3c8e6f6667b6: receive RaftClientReply:client-8C798EE064B2->dd0a3b65-d36c-4f93-b232-3c8e6f6667b6@group-B02456D89C11, cid=1643, SUCCESS, logIndex=2336, commits[dd0a3b65-d36c-4f93-b232-3c8e6f6667b6:c2337]
2019-09-18 13:04:22,380 [grpc-default-executor-1] INFO  client.GrpcClientProtocolClient (GrpcClientProtocolClient.java:onNext(264)) - client-8C798EE064B2->dd0a3b65-d36c-4f93-b232-3c8e6f6667b6: receive RaftClientReply:client-8C798EE064B2->dd0a3b65-d36c-4f93-b232-3c8e6f6667b6@group-B02456D89C11, cid=1644, SUCCESS, logIndex=2337, commits[dd0a3b65-d36c-4f93-b232-3c8e6f6667b6:c2338]
2019-09-18 13:04:22,414 [grpc-default-executor-1] INFO  client.GrpcClientProtocolClient (GrpcClientProtocolClient.java:onNext(264)) - client-8C798EE064B2->dd0a3b65-d36c-4f93-b232-3c8e6f6667b6: receive RaftClientReply:client-8C798EE064B2->dd0a3b65-d36c-4f93-b232-3c8e6f6667b6@group-B02456D89C11, cid=1645, SUCCESS, logIndex=2340, commits[dd0a3b65-d36c-4f93-b232-3c8e6f6667b6:c2343]
2019-09-18 13:04:22,415 [grpc-default-executor-1] INFO  client.GrpcClientProtocolClient (GrpcClientProtocolClient.java:onNext(264)) - client-8C798EE064B2->dd0a3b65-d36c-4f93-b232-3c8e6f6667b6: receive RaftClientReply:client-8C798EE064B2->dd0a3b65-d36c-4f93-b232-3c8e6f6667b6@group-B02456D89C11, cid=1646, SUCCESS, logIndex=2341, commits[dd0a3b65-d36c-4f93-b232-3c8e6f6667b6:c2344]
2019-09-18 13:04:22,415 [grpc-default-executor-1] INFO  client.GrpcClientProtocolClient (GrpcClientProtocolClient.java:onNext(264)) - client-8C798EE064B2->dd0a3b65-d36c-4f93-b232-3c8e6f6667b6: receive RaftClientReply:client-8C798EE064B2->dd0a3b65-d36c-4f93-b232-3c8e6f6667b6@group-B02456D89C11, cid=1647, SUCCESS, logIndex=2342, commits[dd0a3b65-d36c-4f93-b232-3c8e6f6667b6:c2344]
2019-09-18 13:04:22,415 [grpc-default-executor-1] INFO  client.GrpcClientProtocolClient (GrpcClientProtocolClient.java:onNext(264)) - client-8C798EE064B2->dd0a3b65-d36c-4f93-b232-3c8e6f6667b6: receive RaftClientReply:client-8C798EE064B2->dd0a3b65-d36c-4f93-b232-3c8e6f6667b6@group-B02456D89C11, cid=1648, SUCCESS, logIndex=2343, commits[dd0a3b65-d36c-4f93-b232-3c8e6f6667b6:c2344]
2019-09-18 13:04:22,422 [SCMBlockDeletingService#0] DEBUG block.SCMBlockDeletingService (SCMBlockDeletingService.java:call(138)) - Running DeletedBlockTransactionScanner
2019-09-18 13:04:22,422 [SCMBlockDeletingService#0] DEBUG block.SCMBlockDeletingService (SCMBlockDeletingService.java:call(155)) - Scanned deleted blocks log and got 0 delTX to process.
2019-09-18 13:04:22,493 [grpc-default-executor-1] INFO  client.GrpcClientProtocolClient (GrpcClientProtocolClient.java:onNext(264)) - client-8C798EE064B2->dd0a3b65-d36c-4f93-b232-3c8e6f6667b6: receive RaftClientReply:client-8C798EE064B2->dd0a3b65-d36c-4f93-b232-3c8e6f6667b6@group-B02456D89C11, cid=1649, SUCCESS, logIndex=2345, commits[dd0a3b65-d36c-4f93-b232-3c8e6f6667b6:c2346]
2019-09-18 13:04:22,493 [grpc-default-executor-1] INFO  client.GrpcClientProtocolClient (GrpcClientProtocolClient.java:onNext(264)) - client-8C798EE064B2->dd0a3b65-d36c-4f93-b232-3c8e6f6667b6: receive RaftClientReply:client-8C798EE064B2->dd0a3b65-d36c-4f93-b232-3c8e6f6667b6@group-B02456D89C11, cid=1650, SUCCESS, logIndex=2346, commits[dd0a3b65-d36c-4f93-b232-3c8e6f6667b6:c2348]
2019-09-18 13:04:22,494 [grpc-default-executor-1] INFO  client.GrpcClientProtocolClient (GrpcClientProtocolClient.java:onNext(264)) - client-8C798EE064B2->dd0a3b65-d36c-4f93-b232-3c8e6f6667b6: receive RaftClientReply:client-8C798EE064B2->dd0a3b65-d36c-4f93-b232-3c8e6f6667b6@group-B02456D89C11, cid=1651, SUCCESS, logIndex=2347, commits[dd0a3b65-d36c-4f93-b232-3c8e6f6667b6:c2349]
2019-09-18 13:04:22,494 [grpc-default-executor-1] INFO  client.GrpcClientProtocolClient (GrpcClientProtocolClient.java:onNext(264)) - client-8C798EE064B2->dd0a3b65-d36c-4f93-b232-3c8e6f6667b6: receive RaftClientReply:client-8C798EE064B2->dd0a3b65-d36c-4f93-b232-3c8e6f6667b6@group-B02456D89C11, cid=1652, SUCCESS, logIndex=2348, commits[dd0a3b65-d36c-4f93-b232-3c8e6f6667b6:c2350]
2019-09-18 13:04:22,516 [grpc-default-executor-1] INFO  client.GrpcClientProtocolClient (GrpcClientProtocolClient.java:onNext(264)) - client-8C798EE064B2->dd0a3b65-d36c-4f93-b232-3c8e6f6667b6: receive RaftClientReply:client-8C798EE064B2->dd0a3b65-d36c-4f93-b232-3c8e6f6667b6@group-B02456D89C11, cid=1653, SUCCESS, logIndex=2351, commits[dd0a3b65-d36c-4f93-b232-3c8e6f6667b6:c2352]
2019-09-18 13:04:22,517 [grpc-default-executor-1] INFO  client.GrpcClientProtocolClient (GrpcClientProtocolClient.java:onNext(264)) - client-8C798EE064B2->dd0a3b65-d36c-4f93-b232-3c8e6f6667b6: receive RaftClientReply:client-8C798EE064B2->dd0a3b65-d36c-4f93-b232-3c8e6f6667b6@group-B02456D89C11, cid=1654, SUCCESS, logIndex=2352, commits[dd0a3b65-d36c-4f93-b232-3c8e6f6667b6:c2354]
2019-09-18 13:04:22,517 [grpc-default-executor-1] INFO  client.GrpcClientProtocolClient (GrpcClientProtocolClient.java:onNext(264)) - client-8C798EE064B2->dd0a3b65-d36c-4f93-b232-3c8e6f6667b6: receive RaftClientReply:client-8C798EE064B2->dd0a3b65-d36c-4f93-b232-3c8e6f6667b6@group-B02456D89C11, cid=1655, SUCCESS, logIndex=2353, commits[dd0a3b65-d36c-4f93-b232-3c8e6f6667b6:c2355]
2019-09-18 13:04:22,517 [grpc-default-executor-1] INFO  client.GrpcClientProtocolClient (GrpcClientProtocolClient.java:onNext(264)) - client-8C798EE064B2->dd0a3b65-d36c-4f93-b232-3c8e6f6667b6: receive RaftClientReply:client-8C798EE064B2->dd0a3b65-d36c-4f93-b232-3c8e6f6667b6@group-B02456D89C11, cid=1656, SUCCESS, logIndex=2354, commits[dd0a3b65-d36c-4f93-b232-3c8e6f6667b6:c2356]
2019-09-18 13:04:22,523 [SCMBlockDeletingService#0] DEBUG block.SCMBlockDeletingService (SCMBlockDeletingService.java:call(138)) - Running DeletedBlockTransactionScanner
2019-09-18 13:04:22,523 [SCMBlockDeletingService#0] DEBUG block.SCMBlockDeletingService (SCMBlockDeletingService.java:call(155)) - Scanned deleted blocks log and got 0 delTX to process.
2019-09-18 13:04:22,549 [grpc-default-executor-1] INFO  client.GrpcClientProtocolClient (GrpcClientProtocolClient.java:onNext(264)) - client-8C798EE064B2->dd0a3b65-d36c-4f93-b232-3c8e6f6667b6: receive RaftClientReply:client-8C798EE064B2->dd0a3b65-d36c-4f93-b232-3c8e6f6667b6@group-B02456D89C11, cid=1657, SUCCESS, logIndex=2357, commits[dd0a3b65-d36c-4f93-b232-3c8e6f6667b6:c2360]
2019-09-18 13:04:22,550 [grpc-default-executor-1] INFO  client.GrpcClientProtocolClient (GrpcClientProtocolClient.java:onNext(264)) - client-8C798EE064B2->dd0a3b65-d36c-4f93-b232-3c8e6f6667b6: receive RaftClientReply:client-8C798EE064B2->dd0a3b65-d36c-4f93-b232-3c8e6f6667b6@group-B02456D89C11, cid=1658, SUCCESS, logIndex=2358, commits[dd0a3b65-d36c-4f93-b232-3c8e6f6667b6:c2361]
2019-09-18 13:04:22,550 [grpc-default-executor-1] INFO  client.GrpcClientProtocolClient (GrpcClientProtocolClient.java:onNext(264)) - client-8C798EE064B2->dd0a3b65-d36c-4f93-b232-3c8e6f6667b6: receive RaftClientReply:client-8C798EE064B2->dd0a3b65-d36c-4f93-b232-3c8e6f6667b6@group-B02456D89C11, cid=1659, SUCCESS, logIndex=2359, commits[dd0a3b65-d36c-4f93-b232-3c8e6f6667b6:c2361]
2019-09-18 13:04:22,550 [grpc-default-executor-1] INFO  client.GrpcClientProtocolClient (GrpcClientProtocolClient.java:onNext(264)) - client-8C798EE064B2->dd0a3b65-d36c-4f93-b232-3c8e6f6667b6: receive RaftClientReply:client-8C798EE064B2->dd0a3b65-d36c-4f93-b232-3c8e6f6667b6@group-B02456D89C11, cid=1660, SUCCESS, logIndex=2360, commits[dd0a3b65-d36c-4f93-b232-3c8e6f6667b6:c2361]
2019-09-18 13:04:22,571 [grpc-default-executor-1] INFO  client.GrpcClientProtocolClient (GrpcClientProtocolClient.java:onNext(264)) - client-8C798EE064B2->dd0a3b65-d36c-4f93-b232-3c8e6f6667b6: receive RaftClientReply:client-8C798EE064B2->dd0a3b65-d36c-4f93-b232-3c8e6f6667b6@group-B02456D89C11, cid=1661, SUCCESS, logIndex=2362, commits[dd0a3b65-d36c-4f93-b232-3c8e6f6667b6:c2363]
2019-09-18 13:04:22,571 [grpc-default-executor-1] INFO  client.GrpcClientProtocolClient (GrpcClientProtocolClient.java:onNext(264)) - client-8C798EE064B2->dd0a3b65-d36c-4f93-b232-3c8e6f6667b6: receive RaftClientReply:client-8C798EE064B2->dd0a3b65-d36c-4f93-b232-3c8e6f6667b6@group-B02456D89C11, cid=1662, SUCCESS, logIndex=2363, commits[dd0a3b65-d36c-4f93-b232-3c8e6f6667b6:c2365]
2019-09-18 13:04:22,571 [grpc-default-executor-1] INFO  client.GrpcClientProtocolClient (GrpcClientProtocolClient.java:onNext(264)) - client-8C798EE064B2->dd0a3b65-d36c-4f93-b232-3c8e6f6667b6: receive RaftClientReply:client-8C798EE064B2->dd0a3b65-d36c-4f93-b232-3c8e6f6667b6@group-B02456D89C11, cid=1663, SUCCESS, logIndex=2364, commits[dd0a3b65-d36c-4f93-b232-3c8e6f6667b6:c2365]
2019-09-18 13:04:22,572 [grpc-default-executor-1] INFO  client.GrpcClientProtocolClient (GrpcClientProtocolClient.java:onNext(264)) - client-8C798EE064B2->dd0a3b65-d36c-4f93-b232-3c8e6f6667b6: receive RaftClientReply:client-8C798EE064B2->dd0a3b65-d36c-4f93-b232-3c8e6f6667b6@group-B02456D89C11, cid=1664, SUCCESS, logIndex=2365, commits[dd0a3b65-d36c-4f93-b232-3c8e6f6667b6:c2366]
2019-09-18 13:04:22,599 [grpc-default-executor-1] INFO  client.GrpcClientProtocolClient (GrpcClientProtocolClient.java:onNext(264)) - client-8C798EE064B2->dd0a3b65-d36c-4f93-b232-3c8e6f6667b6: receive RaftClientReply:client-8C798EE064B2->dd0a3b65-d36c-4f93-b232-3c8e6f6667b6@group-B02456D89C11, cid=1665, SUCCESS, logIndex=2368, commits[dd0a3b65-d36c-4f93-b232-3c8e6f6667b6:c2369]
2019-09-18 13:04:22,600 [grpc-default-executor-1] INFO  client.GrpcClientProtocolClient (GrpcClientProtocolClient.java:onNext(264)) - client-8C798EE064B2->dd0a3b65-d36c-4f93-b232-3c8e6f6667b6: receive RaftClientReply:client-8C798EE064B2->dd0a3b65-d36c-4f93-b232-3c8e6f6667b6@group-B02456D89C11, cid=1666, SUCCESS, logIndex=2369, commits[dd0a3b65-d36c-4f93-b232-3c8e6f6667b6:c2371]
2019-09-18 13:04:22,600 [grpc-default-executor-1] INFO  client.GrpcClientProtocolClient (GrpcClientProtocolClient.java:onNext(264)) - client-8C798EE064B2->dd0a3b65-d36c-4f93-b232-3c8e6f6667b6: receive RaftClientReply:client-8C798EE064B2->dd0a3b65-d36c-4f93-b232-3c8e6f6667b6@group-B02456D89C11, cid=1667, SUCCESS, logIndex=2370, commits[dd0a3b65-d36c-4f93-b232-3c8e6f6667b6:c2372]
2019-09-18 13:04:22,600 [grpc-default-executor-1] INFO  client.GrpcClientProtocolClient (GrpcClientProtocolClient.java:onNext(264)) - client-8C798EE064B2->dd0a3b65-d36c-4f93-b232-3c8e6f6667b6: receive RaftClientReply:client-8C798EE064B2->dd0a3b65-d36c-4f93-b232-3c8e6f6667b6@group-B02456D89C11, cid=1668, SUCCESS, logIndex=2371, commits[dd0a3b65-d36c-4f93-b232-3c8e6f6667b6:c2372]
2019-09-18 13:04:22,621 [grpc-default-executor-1] INFO  client.GrpcClientProtocolClient (GrpcClientProtocolClient.java:onNext(264)) - client-8C798EE064B2->dd0a3b65-d36c-4f93-b232-3c8e6f6667b6: receive RaftClientReply:client-8C798EE064B2->dd0a3b65-d36c-4f93-b232-3c8e6f6667b6@group-B02456D89C11, cid=1669, SUCCESS, logIndex=2374, commits[dd0a3b65-d36c-4f93-b232-3c8e6f6667b6:c2375]
2019-09-18 13:04:22,621 [grpc-default-executor-1] INFO  client.GrpcClientProtocolClient (GrpcClientProtocolClient.java:onNext(264)) - client-8C798EE064B2->dd0a3b65-d36c-4f93-b232-3c8e6f6667b6: receive RaftClientReply:client-8C798EE064B2->dd0a3b65-d36c-4f93-b232-3c8e6f6667b6@group-B02456D89C11, cid=1670, SUCCESS, logIndex=2375, commits[dd0a3b65-d36c-4f93-b232-3c8e6f6667b6:c2377]
2019-09-18 13:04:22,621 [grpc-default-executor-1] INFO  client.GrpcClientProtocolClient (GrpcClientProtocolClient.java:onNext(264)) - client-8C798EE064B2->dd0a3b65-d36c-4f93-b232-3c8e6f6667b6: receive RaftClientReply:client-8C798EE064B2->dd0a3b65-d36c-4f93-b232-3c8e6f6667b6@group-B02456D89C11, cid=1671, SUCCESS, logIndex=2376, commits[dd0a3b65-d36c-4f93-b232-3c8e6f6667b6:c2377]
2019-09-18 13:04:22,622 [grpc-default-executor-1] INFO  client.GrpcClientProtocolClient (GrpcClientProtocolClient.java:onNext(264)) - client-8C798EE064B2->dd0a3b65-d36c-4f93-b232-3c8e6f6667b6: receive RaftClientReply:client-8C798EE064B2->dd0a3b65-d36c-4f93-b232-3c8e6f6667b6@group-B02456D89C11, cid=1672, SUCCESS, logIndex=2377, commits[dd0a3b65-d36c-4f93-b232-3c8e6f6667b6:c2378]
2019-09-18 13:04:22,623 [SCMBlockDeletingService#0] DEBUG block.SCMBlockDeletingService (SCMBlockDeletingService.java:call(138)) - Running DeletedBlockTransactionScanner
2019-09-18 13:04:22,624 [SCMBlockDeletingService#0] DEBUG block.SCMBlockDeletingService (SCMBlockDeletingService.java:call(155)) - Scanned deleted blocks log and got 0 delTX to process.
2019-09-18 13:04:22,648 [grpc-default-executor-1] INFO  client.GrpcClientProtocolClient (GrpcClientProtocolClient.java:onNext(264)) - client-8C798EE064B2->dd0a3b65-d36c-4f93-b232-3c8e6f6667b6: receive RaftClientReply:client-8C798EE064B2->dd0a3b65-d36c-4f93-b232-3c8e6f6667b6@group-B02456D89C11, cid=1673, SUCCESS, logIndex=2380, commits[dd0a3b65-d36c-4f93-b232-3c8e6f6667b6:c2381]
2019-09-18 13:04:22,649 [grpc-default-executor-1] INFO  client.GrpcClientProtocolClient (GrpcClientProtocolClient.java:onNext(264)) - client-8C798EE064B2->dd0a3b65-d36c-4f93-b232-3c8e6f6667b6: receive RaftClientReply:client-8C798EE064B2->dd0a3b65-d36c-4f93-b232-3c8e6f6667b6@group-B02456D89C11, cid=1674, SUCCESS, logIndex=2381, commits[dd0a3b65-d36c-4f93-b232-3c8e6f6667b6:c2383]
2019-09-18 13:04:22,649 [grpc-default-executor-1] INFO  client.GrpcClientProtocolClient (GrpcClientProtocolClient.java:onNext(264)) - client-8C798EE064B2->dd0a3b65-d36c-4f93-b232-3c8e6f6667b6: receive RaftClientReply:client-8C798EE064B2->dd0a3b65-d36c-4f93-b232-3c8e6f6667b6@group-B02456D89C11, cid=1675, SUCCESS, logIndex=2382, commits[dd0a3b65-d36c-4f93-b232-3c8e6f6667b6:c2384]
2019-09-18 13:04:22,649 [grpc-default-executor-1] INFO  client.GrpcClientProtocolClient (GrpcClientProtocolClient.java:onNext(264)) - client-8C798EE064B2->dd0a3b65-d36c-4f93-b232-3c8e6f6667b6: receive RaftClientReply:client-8C798EE064B2->dd0a3b65-d36c-4f93-b232-3c8e6f6667b6@group-B02456D89C11, cid=1676, SUCCESS, logIndex=2383, commits[dd0a3b65-d36c-4f93-b232-3c8e6f6667b6:c2384]
2019-09-18 13:04:22,670 [grpc-default-executor-0] INFO  client.GrpcClientProtocolClient (GrpcClientProtocolClient.java:onNext(264)) - client-8C798EE064B2->dd0a3b65-d36c-4f93-b232-3c8e6f6667b6: receive RaftClientReply:client-8C798EE064B2->dd0a3b65-d36c-4f93-b232-3c8e6f6667b6@group-B02456D89C11, cid=1677, SUCCESS, logIndex=2386, commits[dd0a3b65-d36c-4f93-b232-3c8e6f6667b6:c2387]
2019-09-18 13:04:22,671 [grpc-default-executor-0] INFO  client.GrpcClientProtocolClient (GrpcClientProtocolClient.java:onNext(264)) - client-8C798EE064B2->dd0a3b65-d36c-4f93-b232-3c8e6f6667b6: receive RaftClientReply:client-8C798EE064B2->dd0a3b65-d36c-4f93-b232-3c8e6f6667b6@group-B02456D89C11, cid=1678, SUCCESS, logIndex=2387, commits[dd0a3b65-d36c-4f93-b232-3c8e6f6667b6:c2388]
2019-09-18 13:04:22,724 [SCMBlockDeletingService#0] DEBUG block.SCMBlockDeletingService (SCMBlockDeletingService.java:call(138)) - Running DeletedBlockTransactionScanner
2019-09-18 13:04:22,724 [SCMBlockDeletingService#0] DEBUG block.SCMBlockDeletingService (SCMBlockDeletingService.java:call(155)) - Scanned deleted blocks log and got 0 delTX to process.
2019-09-18 13:04:22,785 [grpc-default-executor-1] INFO  client.GrpcClientProtocolClient (GrpcClientProtocolClient.java:onNext(264)) - client-8C798EE064B2->dd0a3b65-d36c-4f93-b232-3c8e6f6667b6: receive RaftClientReply:client-8C798EE064B2->dd0a3b65-d36c-4f93-b232-3c8e6f6667b6@group-B02456D89C11, cid=1679, SUCCESS, logIndex=2389, commits[dd0a3b65-d36c-4f93-b232-3c8e6f6667b6:c2390]
2019-09-18 13:04:22,785 [grpc-default-executor-1] INFO  client.GrpcClientProtocolClient (GrpcClientProtocolClient.java:onNext(264)) - client-8C798EE064B2->dd0a3b65-d36c-4f93-b232-3c8e6f6667b6: receive RaftClientReply:client-8C798EE064B2->dd0a3b65-d36c-4f93-b232-3c8e6f6667b6@group-B02456D89C11, cid=1680, SUCCESS, logIndex=2390, commits[dd0a3b65-d36c-4f93-b232-3c8e6f6667b6:c2391]
2019-09-18 13:04:22,813 [grpc-default-executor-1] INFO  client.GrpcClientProtocolClient (GrpcClientProtocolClient.java:onNext(264)) - client-8C798EE064B2->dd0a3b65-d36c-4f93-b232-3c8e6f6667b6: receive RaftClientReply:client-8C798EE064B2->dd0a3b65-d36c-4f93-b232-3c8e6f6667b6@group-B02456D89C11, cid=1681, SUCCESS, logIndex=2392, commits[dd0a3b65-d36c-4f93-b232-3c8e6f6667b6:c2393]
2019-09-18 13:04:22,813 [grpc-default-executor-1] INFO  client.GrpcClientProtocolClient (GrpcClientProtocolClient.java:onNext(264)) - client-8C798EE064B2->dd0a3b65-d36c-4f93-b232-3c8e6f6667b6: receive RaftClientReply:client-8C798EE064B2->dd0a3b65-d36c-4f93-b232-3c8e6f6667b6@group-B02456D89C11, cid=1682, SUCCESS, logIndex=2393, commits[dd0a3b65-d36c-4f93-b232-3c8e6f6667b6:c2395]
2019-09-18 13:04:22,814 [grpc-default-executor-1] INFO  client.GrpcClientProtocolClient (GrpcClientProtocolClient.java:onNext(264)) - client-8C798EE064B2->dd0a3b65-d36c-4f93-b232-3c8e6f6667b6: receive RaftClientReply:client-8C798EE064B2->dd0a3b65-d36c-4f93-b232-3c8e6f6667b6@group-B02456D89C11, cid=1683, SUCCESS, logIndex=2394, commits[dd0a3b65-d36c-4f93-b232-3c8e6f6667b6:c2396]
2019-09-18 13:04:22,814 [grpc-default-executor-1] INFO  client.GrpcClientProtocolClient (GrpcClientProtocolClient.java:onNext(264)) - client-8C798EE064B2->dd0a3b65-d36c-4f93-b232-3c8e6f6667b6: receive RaftClientReply:client-8C798EE064B2->dd0a3b65-d36c-4f93-b232-3c8e6f6667b6@group-B02456D89C11, cid=1684, SUCCESS, logIndex=2395, commits[dd0a3b65-d36c-4f93-b232-3c8e6f6667b6:c2397]
2019-09-18 13:04:22,825 [SCMBlockDeletingService#0] DEBUG block.SCMBlockDeletingService (SCMBlockDeletingService.java:call(138)) - Running DeletedBlockTransactionScanner
2019-09-18 13:04:22,825 [SCMBlockDeletingService#0] DEBUG block.SCMBlockDeletingService (SCMBlockDeletingService.java:call(155)) - Scanned deleted blocks log and got 0 delTX to process.
2019-09-18 13:04:22,836 [grpc-default-executor-0] INFO  client.GrpcClientProtocolClient (GrpcClientProtocolClient.java:onNext(264)) - client-8C798EE064B2->dd0a3b65-d36c-4f93-b232-3c8e6f6667b6: receive RaftClientReply:client-8C798EE064B2->dd0a3b65-d36c-4f93-b232-3c8e6f6667b6@group-B02456D89C11, cid=1685, SUCCESS, logIndex=2398, commits[dd0a3b65-d36c-4f93-b232-3c8e6f6667b6:c2401]
2019-09-18 13:04:22,836 [grpc-default-executor-0] INFO  client.GrpcClientProtocolClient (GrpcClientProtocolClient.java:onNext(264)) - client-8C798EE064B2->dd0a3b65-d36c-4f93-b232-3c8e6f6667b6: receive RaftClientReply:client-8C798EE064B2->dd0a3b65-d36c-4f93-b232-3c8e6f6667b6@group-B02456D89C11, cid=1686, SUCCESS, logIndex=2399, commits[dd0a3b65-d36c-4f93-b232-3c8e6f6667b6:c2402]
2019-09-18 13:04:22,837 [grpc-default-executor-0] INFO  client.GrpcClientProtocolClient (GrpcClientProtocolClient.java:onNext(264)) - client-8C798EE064B2->dd0a3b65-d36c-4f93-b232-3c8e6f6667b6: receive RaftClientReply:client-8C798EE064B2->dd0a3b65-d36c-4f93-b232-3c8e6f6667b6@group-B02456D89C11, cid=1687, SUCCESS, logIndex=2400, commits[dd0a3b65-d36c-4f93-b232-3c8e6f6667b6:c2402]
2019-09-18 13:04:22,837 [grpc-default-executor-0] INFO  client.GrpcClientProtocolClient (GrpcClientProtocolClient.java:onNext(264)) - client-8C798EE064B2->dd0a3b65-d36c-4f93-b232-3c8e6f6667b6: receive RaftClientReply:client-8C798EE064B2->dd0a3b65-d36c-4f93-b232-3c8e6f6667b6@group-B02456D89C11, cid=1688, SUCCESS, logIndex=2401, commits[dd0a3b65-d36c-4f93-b232-3c8e6f6667b6:c2402]
2019-09-18 13:04:22,866 [grpc-default-executor-0] INFO  client.GrpcClientProtocolClient (GrpcClientProtocolClient.java:onNext(264)) - client-8C798EE064B2->dd0a3b65-d36c-4f93-b232-3c8e6f6667b6: receive RaftClientReply:client-8C798EE064B2->dd0a3b65-d36c-4f93-b232-3c8e6f6667b6@group-B02456D89C11, cid=1689, SUCCESS, logIndex=2403, commits[dd0a3b65-d36c-4f93-b232-3c8e6f6667b6:c2404]
2019-09-18 13:04:22,867 [grpc-default-executor-0] INFO  client.GrpcClientProtocolClient (GrpcClientProtocolClient.java:onNext(264)) - client-8C798EE064B2->dd0a3b65-d36c-4f93-b232-3c8e6f6667b6: receive RaftClientReply:client-8C798EE064B2->dd0a3b65-d36c-4f93-b232-3c8e6f6667b6@group-B02456D89C11, cid=1690, SUCCESS, logIndex=2404, commits[dd0a3b65-d36c-4f93-b232-3c8e6f6667b6:c2406]
2019-09-18 13:04:22,867 [grpc-default-executor-0] INFO  client.GrpcClientProtocolClient (GrpcClientProtocolClient.java:onNext(264)) - client-8C798EE064B2->dd0a3b65-d36c-4f93-b232-3c8e6f6667b6: receive RaftClientReply:client-8C798EE064B2->dd0a3b65-d36c-4f93-b232-3c8e6f6667b6@group-B02456D89C11, cid=1691, SUCCESS, logIndex=2405, commits[dd0a3b65-d36c-4f93-b232-3c8e6f6667b6:c2407]
2019-09-18 13:04:22,868 [grpc-default-executor-0] INFO  client.GrpcClientProtocolClient (GrpcClientProtocolClient.java:onNext(264)) - client-8C798EE064B2->dd0a3b65-d36c-4f93-b232-3c8e6f6667b6: receive RaftClientReply:client-8C798EE064B2->dd0a3b65-d36c-4f93-b232-3c8e6f6667b6@group-B02456D89C11, cid=1692, SUCCESS, logIndex=2406, commits[dd0a3b65-d36c-4f93-b232-3c8e6f6667b6:c2407]
2019-09-18 13:04:22,888 [grpc-default-executor-1] INFO  client.GrpcClientProtocolClient (GrpcClientProtocolClient.java:onNext(264)) - client-8C798EE064B2->dd0a3b65-d36c-4f93-b232-3c8e6f6667b6: receive RaftClientReply:client-8C798EE064B2->dd0a3b65-d36c-4f93-b232-3c8e6f6667b6@group-B02456D89C11, cid=1693, SUCCESS, logIndex=2409, commits[dd0a3b65-d36c-4f93-b232-3c8e6f6667b6:c2410]
2019-09-18 13:04:22,888 [grpc-default-executor-1] INFO  client.GrpcClientProtocolClient (GrpcClientProtocolClient.java:onNext(264)) - client-8C798EE064B2->dd0a3b65-d36c-4f93-b232-3c8e6f6667b6: receive RaftClientReply:client-8C798EE064B2->dd0a3b65-d36c-4f93-b232-3c8e6f6667b6@group-B02456D89C11, cid=1694, SUCCESS, logIndex=2410, commits[dd0a3b65-d36c-4f93-b232-3c8e6f6667b6:c2412]
2019-09-18 13:04:22,888 [grpc-default-executor-1] INFO  client.GrpcClientProtocolClient (GrpcClientProtocolClient.java:onNext(264)) - client-8C798EE064B2->dd0a3b65-d36c-4f93-b232-3c8e6f6667b6: receive RaftClientReply:client-8C798EE064B2->dd0a3b65-d36c-4f93-b232-3c8e6f6667b6@group-B02456D89C11, cid=1695, SUCCESS, logIndex=2411, commits[dd0a3b65-d36c-4f93-b232-3c8e6f6667b6:c2412]
2019-09-18 13:04:22,889 [grpc-default-executor-1] INFO  client.GrpcClientProtocolClient (GrpcClientProtocolClient.java:onNext(264)) - client-8C798EE064B2->dd0a3b65-d36c-4f93-b232-3c8e6f6667b6: receive RaftClientReply:client-8C798EE064B2->dd0a3b65-d36c-4f93-b232-3c8e6f6667b6@group-B02456D89C11, cid=1696, SUCCESS, logIndex=2412, commits[dd0a3b65-d36c-4f93-b232-3c8e6f6667b6:c2413]
2019-09-18 13:04:22,915 [grpc-default-executor-1] INFO  client.GrpcClientProtocolClient (GrpcClientProtocolClient.java:onNext(264)) - client-8C798EE064B2->dd0a3b65-d36c-4f93-b232-3c8e6f6667b6: receive RaftClientReply:client-8C798EE064B2->dd0a3b65-d36c-4f93-b232-3c8e6f6667b6@group-B02456D89C11, cid=1697, SUCCESS, logIndex=2415, commits[dd0a3b65-d36c-4f93-b232-3c8e6f6667b6:c2416]
2019-09-18 13:04:22,915 [grpc-default-executor-1] INFO  client.GrpcClientProtocolClient (GrpcClientProtocolClient.java:onNext(264)) - client-8C798EE064B2->dd0a3b65-d36c-4f93-b232-3c8e6f6667b6: receive RaftClientReply:client-8C798EE064B2->dd0a3b65-d36c-4f93-b232-3c8e6f6667b6@group-B02456D89C11, cid=1698, SUCCESS, logIndex=2416, commits[dd0a3b65-d36c-4f93-b232-3c8e6f6667b6:c2418]
2019-09-18 13:04:22,916 [grpc-default-executor-1] INFO  client.GrpcClientProtocolClient (GrpcClientProtocolClient.java:onNext(264)) - client-8C798EE064B2->dd0a3b65-d36c-4f93-b232-3c8e6f6667b6: receive RaftClientReply:client-8C798EE064B2->dd0a3b65-d36c-4f93-b232-3c8e6f6667b6@group-B02456D89C11, cid=1699, SUCCESS, logIndex=2417, commits[dd0a3b65-d36c-4f93-b232-3c8e6f6667b6:c2419]
2019-09-18 13:04:22,916 [grpc-default-executor-1] INFO  client.GrpcClientProtocolClient (GrpcClientProtocolClient.java:onNext(264)) - client-8C798EE064B2->dd0a3b65-d36c-4f93-b232-3c8e6f6667b6: receive RaftClientReply:client-8C798EE064B2->dd0a3b65-d36c-4f93-b232-3c8e6f6667b6@group-B02456D89C11, cid=1700, SUCCESS, logIndex=2418, commits[dd0a3b65-d36c-4f93-b232-3c8e6f6667b6:c2419]
2019-09-18 13:04:22,925 [SCMBlockDeletingService#0] DEBUG block.SCMBlockDeletingService (SCMBlockDeletingService.java:call(138)) - Running DeletedBlockTransactionScanner
2019-09-18 13:04:22,926 [SCMBlockDeletingService#0] DEBUG block.SCMBlockDeletingService (SCMBlockDeletingService.java:call(155)) - Scanned deleted blocks log and got 0 delTX to process.
2019-09-18 13:04:22,936 [grpc-default-executor-0] INFO  client.GrpcClientProtocolClient (GrpcClientProtocolClient.java:onNext(264)) - client-8C798EE064B2->dd0a3b65-d36c-4f93-b232-3c8e6f6667b6: receive RaftClientReply:client-8C798EE064B2->dd0a3b65-d36c-4f93-b232-3c8e6f6667b6@group-B02456D89C11, cid=1701, SUCCESS, logIndex=2421, commits[dd0a3b65-d36c-4f93-b232-3c8e6f6667b6:c2422]
2019-09-18 13:04:22,936 [grpc-default-executor-0] INFO  client.GrpcClientProtocolClient (GrpcClientProtocolClient.java:onNext(264)) - client-8C798EE064B2->dd0a3b65-d36c-4f93-b232-3c8e6f6667b6: receive RaftClientReply:client-8C798EE064B2->dd0a3b65-d36c-4f93-b232-3c8e6f6667b6@group-B02456D89C11, cid=1702, SUCCESS, logIndex=2422, commits[dd0a3b65-d36c-4f93-b232-3c8e6f6667b6:c2424]
2019-09-18 13:04:22,937 [grpc-default-executor-0] INFO  client.GrpcClientProtocolClient (GrpcClientProtocolClient.java:onNext(264)) - client-8C798EE064B2->dd0a3b65-d36c-4f93-b232-3c8e6f6667b6: receive RaftClientReply:client-8C798EE064B2->dd0a3b65-d36c-4f93-b232-3c8e6f6667b6@group-B02456D89C11, cid=1703, SUCCESS, logIndex=2423, commits[dd0a3b65-d36c-4f93-b232-3c8e6f6667b6:c2425]
2019-09-18 13:04:22,937 [grpc-default-executor-0] INFO  client.GrpcClientProtocolClient (GrpcClientProtocolClient.java:onNext(264)) - client-8C798EE064B2->dd0a3b65-d36c-4f93-b232-3c8e6f6667b6: receive RaftClientReply:client-8C798EE064B2->dd0a3b65-d36c-4f93-b232-3c8e6f6667b6@group-B02456D89C11, cid=1704, SUCCESS, logIndex=2424, commits[dd0a3b65-d36c-4f93-b232-3c8e6f6667b6:c2425]
2019-09-18 13:04:22,967 [grpc-default-executor-1] INFO  client.GrpcClientProtocolClient (GrpcClientProtocolClient.java:onNext(264)) - client-8C798EE064B2->dd0a3b65-d36c-4f93-b232-3c8e6f6667b6: receive RaftClientReply:client-8C798EE064B2->dd0a3b65-d36c-4f93-b232-3c8e6f6667b6@group-B02456D89C11, cid=1705, SUCCESS, logIndex=2427, commits[dd0a3b65-d36c-4f93-b232-3c8e6f6667b6:c2430]
2019-09-18 13:04:22,969 [grpc-default-executor-1] INFO  client.GrpcClientProtocolClient (GrpcClientProtocolClient.java:onNext(264)) - client-8C798EE064B2->dd0a3b65-d36c-4f93-b232-3c8e6f6667b6: receive RaftClientReply:client-8C798EE064B2->dd0a3b65-d36c-4f93-b232-3c8e6f6667b6@group-B02456D89C11, cid=1706, SUCCESS, logIndex=2428, commits[dd0a3b65-d36c-4f93-b232-3c8e6f6667b6:c2431]
2019-09-18 13:04:22,969 [grpc-default-executor-1] INFO  client.GrpcClientProtocolClient (GrpcClientProtocolClient.java:onNext(264)) - client-8C798EE064B2->dd0a3b65-d36c-4f93-b232-3c8e6f6667b6: receive RaftClientReply:client-8C798EE064B2->dd0a3b65-d36c-4f93-b232-3c8e6f6667b6@group-B02456D89C11, cid=1707, SUCCESS, logIndex=2429, commits[dd0a3b65-d36c-4f93-b232-3c8e6f6667b6:c2432]
2019-09-18 13:04:22,969 [grpc-default-executor-1] INFO  client.GrpcClientProtocolClient (GrpcClientProtocolClient.java:onNext(264)) - client-8C798EE064B2->dd0a3b65-d36c-4f93-b232-3c8e6f6667b6: receive RaftClientReply:client-8C798EE064B2->dd0a3b65-d36c-4f93-b232-3c8e6f6667b6@group-B02456D89C11, cid=1708, SUCCESS, logIndex=2430, commits[dd0a3b65-d36c-4f93-b232-3c8e6f6667b6:c2432]
2019-09-18 13:04:22,992 [grpc-default-executor-1] INFO  client.GrpcClientProtocolClient (GrpcClientProtocolClient.java:onNext(264)) - client-8C798EE064B2->dd0a3b65-d36c-4f93-b232-3c8e6f6667b6: receive RaftClientReply:client-8C798EE064B2->dd0a3b65-d36c-4f93-b232-3c8e6f6667b6@group-B02456D89C11, cid=1709, SUCCESS, logIndex=2433, commits[dd0a3b65-d36c-4f93-b232-3c8e6f6667b6:c2434]
2019-09-18 13:04:22,993 [grpc-default-executor-1] INFO  client.GrpcClientProtocolClient (GrpcClientProtocolClient.java:onNext(264)) - client-8C798EE064B2->dd0a3b65-d36c-4f93-b232-3c8e6f6667b6: receive RaftClientReply:client-8C798EE064B2->dd0a3b65-d36c-4f93-b232-3c8e6f6667b6@group-B02456D89C11, cid=1710, SUCCESS, logIndex=2434, commits[dd0a3b65-d36c-4f93-b232-3c8e6f6667b6:c2436]
2019-09-18 13:04:22,993 [grpc-default-executor-1] INFO  client.GrpcClientProtocolClient (GrpcClientProtocolClient.java:onNext(264)) - client-8C798EE064B2->dd0a3b65-d36c-4f93-b232-3c8e6f6667b6: receive RaftClientReply:client-8C798EE064B2->dd0a3b65-d36c-4f93-b232-3c8e6f6667b6@group-B02456D89C11, cid=1711, SUCCESS, logIndex=2435, commits[dd0a3b65-d36c-4f93-b232-3c8e6f6667b6:c2436]
2019-09-18 13:04:22,993 [grpc-default-executor-1] INFO  client.GrpcClientProtocolClient (GrpcClientProtocolClient.java:onNext(264)) - client-8C798EE064B2->dd0a3b65-d36c-4f93-b232-3c8e6f6667b6: receive RaftClientReply:client-8C798EE064B2->dd0a3b65-d36c-4f93-b232-3c8e6f6667b6@group-B02456D89C11, cid=1712, SUCCESS, logIndex=2436, commits[dd0a3b65-d36c-4f93-b232-3c8e6f6667b6:c2437]
2019-09-18 13:04:23,025 [grpc-default-executor-0] INFO  client.GrpcClientProtocolClient (GrpcClientProtocolClient.java:onNext(264)) - client-8C798EE064B2->dd0a3b65-d36c-4f93-b232-3c8e6f6667b6: receive RaftClientReply:client-8C798EE064B2->dd0a3b65-d36c-4f93-b232-3c8e6f6667b6@group-B02456D89C11, cid=1713, SUCCESS, logIndex=2439, commits[dd0a3b65-d36c-4f93-b232-3c8e6f6667b6:c2442]
2019-09-18 13:04:23,026 [grpc-default-executor-0] INFO  client.GrpcClientProtocolClient (GrpcClientProtocolClient.java:onNext(264)) - client-8C798EE064B2->dd0a3b65-d36c-4f93-b232-3c8e6f6667b6: receive RaftClientReply:client-8C798EE064B2->dd0a3b65-d36c-4f93-b232-3c8e6f6667b6@group-B02456D89C11, cid=1714, SUCCESS, logIndex=2440, commits[dd0a3b65-d36c-4f93-b232-3c8e6f6667b6:c2443]
2019-09-18 13:04:23,026 [SCMBlockDeletingService#0] DEBUG block.SCMBlockDeletingService (SCMBlockDeletingService.java:call(138)) - Running DeletedBlockTransactionScanner
2019-09-18 13:04:23,026 [grpc-default-executor-0] INFO  client.GrpcClientProtocolClient (GrpcClientProtocolClient.java:onNext(264)) - client-8C798EE064B2->dd0a3b65-d36c-4f93-b232-3c8e6f6667b6: receive RaftClientReply:client-8C798EE064B2->dd0a3b65-d36c-4f93-b232-3c8e6f6667b6@group-B02456D89C11, cid=1715, SUCCESS, logIndex=2441, commits[dd0a3b65-d36c-4f93-b232-3c8e6f6667b6:c2443]
2019-09-18 13:04:23,026 [SCMBlockDeletingService#0] DEBUG block.SCMBlockDeletingService (SCMBlockDeletingService.java:call(155)) - Scanned deleted blocks log and got 0 delTX to process.
2019-09-18 13:04:23,027 [grpc-default-executor-0] INFO  client.GrpcClientProtocolClient (GrpcClientProtocolClient.java:onNext(264)) - client-8C798EE064B2->dd0a3b65-d36c-4f93-b232-3c8e6f6667b6: receive RaftClientReply:client-8C798EE064B2->dd0a3b65-d36c-4f93-b232-3c8e6f6667b6@group-B02456D89C11, cid=1716, SUCCESS, logIndex=2442, commits[dd0a3b65-d36c-4f93-b232-3c8e6f6667b6:c2443]
2019-09-18 13:04:23,046 [grpc-default-executor-0] INFO  client.GrpcClientProtocolClient (GrpcClientProtocolClient.java:onNext(264)) - client-8C798EE064B2->dd0a3b65-d36c-4f93-b232-3c8e6f6667b6: receive RaftClientReply:client-8C798EE064B2->dd0a3b65-d36c-4f93-b232-3c8e6f6667b6@group-B02456D89C11, cid=1717, SUCCESS, logIndex=2444, commits[dd0a3b65-d36c-4f93-b232-3c8e6f6667b6:c2445]
2019-09-18 13:04:23,046 [grpc-default-executor-0] INFO  client.GrpcClientProtocolClient (GrpcClientProtocolClient.java:onNext(264)) - client-8C798EE064B2->dd0a3b65-d36c-4f93-b232-3c8e6f6667b6: receive RaftClientReply:client-8C798EE064B2->dd0a3b65-d36c-4f93-b232-3c8e6f6667b6@group-B02456D89C11, cid=1718, SUCCESS, logIndex=2445, commits[dd0a3b65-d36c-4f93-b232-3c8e6f6667b6:c2447]
2019-09-18 13:04:23,046 [grpc-default-executor-0] INFO  client.GrpcClientProtocolClient (GrpcClientProtocolClient.java:onNext(264)) - client-8C798EE064B2->dd0a3b65-d36c-4f93-b232-3c8e6f6667b6: receive RaftClientReply:client-8C798EE064B2->dd0a3b65-d36c-4f93-b232-3c8e6f6667b6@group-B02456D89C11, cid=1719, SUCCESS, logIndex=2446, commits[dd0a3b65-d36c-4f93-b232-3c8e6f6667b6:c2447]
2019-09-18 13:04:23,047 [grpc-default-executor-0] INFO  client.GrpcClientProtocolClient (GrpcClientProtocolClient.java:onNext(264)) - client-8C798EE064B2->dd0a3b65-d36c-4f93-b232-3c8e6f6667b6: receive RaftClientReply:client-8C798EE064B2->dd0a3b65-d36c-4f93-b232-3c8e6f6667b6@group-B02456D89C11, cid=1720, SUCCESS, logIndex=2447, commits[dd0a3b65-d36c-4f93-b232-3c8e6f6667b6:c2448]
2019-09-18 13:04:23,070 [grpc-default-executor-0] INFO  client.GrpcClientProtocolClient (GrpcClientProtocolClient.java:onNext(264)) - client-8C798EE064B2->dd0a3b65-d36c-4f93-b232-3c8e6f6667b6: receive RaftClientReply:client-8C798EE064B2->dd0a3b65-d36c-4f93-b232-3c8e6f6667b6@group-B02456D89C11, cid=1721, SUCCESS, logIndex=2450, commits[dd0a3b65-d36c-4f93-b232-3c8e6f6667b6:c2451]
2019-09-18 13:04:23,070 [grpc-default-executor-0] INFO  client.GrpcClientProtocolClient (GrpcClientProtocolClient.java:onNext(264)) - client-8C798EE064B2->dd0a3b65-d36c-4f93-b232-3c8e6f6667b6: receive RaftClientReply:client-8C798EE064B2->dd0a3b65-d36c-4f93-b232-3c8e6f6667b6@group-B02456D89C11, cid=1722, SUCCESS, logIndex=2451, commits[dd0a3b65-d36c-4f93-b232-3c8e6f6667b6:c2452]
2019-09-18 13:04:23,127 [SCMBlockDeletingService#0] DEBUG block.SCMBlockDeletingService (SCMBlockDeletingService.java:call(138)) - Running DeletedBlockTransactionScanner
2019-09-18 13:04:23,127 [SCMBlockDeletingService#0] DEBUG block.SCMBlockDeletingService (SCMBlockDeletingService.java:call(155)) - Scanned deleted blocks log and got 0 delTX to process.
2019-09-18 13:04:23,258 [SCMBlockDeletingService#0] DEBUG block.SCMBlockDeletingService (SCMBlockDeletingService.java:call(138)) - Running DeletedBlockTransactionScanner
2019-09-18 13:04:23,259 [SCMBlockDeletingService#0] DEBUG block.SCMBlockDeletingService (SCMBlockDeletingService.java:call(155)) - Scanned deleted blocks log and got 0 delTX to process.
2019-09-18 13:04:23,277 [grpc-default-executor-0] INFO  client.GrpcClientProtocolClient (GrpcClientProtocolClient.java:onNext(264)) - client-8C798EE064B2->dd0a3b65-d36c-4f93-b232-3c8e6f6667b6: receive RaftClientReply:client-8C798EE064B2->dd0a3b65-d36c-4f93-b232-3c8e6f6667b6@group-B02456D89C11, cid=1723, SUCCESS, logIndex=2453, commits[dd0a3b65-d36c-4f93-b232-3c8e6f6667b6:c2454]
2019-09-18 13:04:23,278 [grpc-default-executor-0] INFO  client.GrpcClientProtocolClient (GrpcClientProtocolClient.java:onNext(264)) - client-8C798EE064B2->dd0a3b65-d36c-4f93-b232-3c8e6f6667b6: receive RaftClientReply:client-8C798EE064B2->dd0a3b65-d36c-4f93-b232-3c8e6f6667b6@group-B02456D89C11, cid=1724, SUCCESS, logIndex=2454, commits[dd0a3b65-d36c-4f93-b232-3c8e6f6667b6:c2454]
2019-09-18 13:04:23,311 [grpc-default-executor-0] INFO  client.GrpcClientProtocolClient (GrpcClientProtocolClient.java:onNext(264)) - client-8C798EE064B2->dd0a3b65-d36c-4f93-b232-3c8e6f6667b6: receive RaftClientReply:client-8C798EE064B2->dd0a3b65-d36c-4f93-b232-3c8e6f6667b6@group-B02456D89C11, cid=1725, SUCCESS, logIndex=2456, commits[dd0a3b65-d36c-4f93-b232-3c8e6f6667b6:c2459]
2019-09-18 13:04:23,311 [grpc-default-executor-0] INFO  client.GrpcClientProtocolClient (GrpcClientProtocolClient.java:onNext(264)) - client-8C798EE064B2->dd0a3b65-d36c-4f93-b232-3c8e6f6667b6: receive RaftClientReply:client-8C798EE064B2->dd0a3b65-d36c-4f93-b232-3c8e6f6667b6@group-B02456D89C11, cid=1726, SUCCESS, logIndex=2457, commits[dd0a3b65-d36c-4f93-b232-3c8e6f6667b6:c2460]
2019-09-18 13:04:23,312 [grpc-default-executor-0] INFO  client.GrpcClientProtocolClient (GrpcClientProtocolClient.java:onNext(264)) - client-8C798EE064B2->dd0a3b65-d36c-4f93-b232-3c8e6f6667b6: receive RaftClientReply:client-8C798EE064B2->dd0a3b65-d36c-4f93-b232-3c8e6f6667b6@group-B02456D89C11, cid=1727, SUCCESS, logIndex=2458, commits[dd0a3b65-d36c-4f93-b232-3c8e6f6667b6:c2460]
2019-09-18 13:04:23,312 [grpc-default-executor-0] INFO  client.GrpcClientProtocolClient (GrpcClientProtocolClient.java:onNext(264)) - client-8C798EE064B2->dd0a3b65-d36c-4f93-b232-3c8e6f6667b6: receive RaftClientReply:client-8C798EE064B2->dd0a3b65-d36c-4f93-b232-3c8e6f6667b6@group-B02456D89C11, cid=1728, SUCCESS, logIndex=2459, commits[dd0a3b65-d36c-4f93-b232-3c8e6f6667b6:c2460]
2019-09-18 13:04:23,346 [grpc-default-executor-1] INFO  client.GrpcClientProtocolClient (GrpcClientProtocolClient.java:onNext(264)) - client-8C798EE064B2->dd0a3b65-d36c-4f93-b232-3c8e6f6667b6: receive RaftClientReply:client-8C798EE064B2->dd0a3b65-d36c-4f93-b232-3c8e6f6667b6@group-B02456D89C11, cid=1729, SUCCESS, logIndex=2461, commits[dd0a3b65-d36c-4f93-b232-3c8e6f6667b6:c2462]
2019-09-18 13:04:23,347 [grpc-default-executor-1] INFO  client.GrpcClientProtocolClient (GrpcClientProtocolClient.java:onNext(264)) - client-8C798EE064B2->dd0a3b65-d36c-4f93-b232-3c8e6f6667b6: receive RaftClientReply:client-8C798EE064B2->dd0a3b65-d36c-4f93-b232-3c8e6f6667b6@group-B02456D89C11, cid=1730, SUCCESS, logIndex=2462, commits[dd0a3b65-d36c-4f93-b232-3c8e6f6667b6:c2464]
2019-09-18 13:04:23,348 [grpc-default-executor-1] INFO  client.GrpcClientProtocolClient (GrpcClientProtocolClient.java:onNext(264)) - client-8C798EE064B2->dd0a3b65-d36c-4f93-b232-3c8e6f6667b6: receive RaftClientReply:client-8C798EE064B2->dd0a3b65-d36c-4f93-b232-3c8e6f6667b6@group-B02456D89C11, cid=1731, SUCCESS, logIndex=2463, commits[dd0a3b65-d36c-4f93-b232-3c8e6f6667b6:c2465]
2019-09-18 13:04:23,348 [grpc-default-executor-1] INFO  client.GrpcClientProtocolClient (GrpcClientProtocolClient.java:onNext(264)) - client-8C798EE064B2->dd0a3b65-d36c-4f93-b232-3c8e6f6667b6: receive RaftClientReply:client-8C798EE064B2->dd0a3b65-d36c-4f93-b232-3c8e6f6667b6@group-B02456D89C11, cid=1732, SUCCESS, logIndex=2464, commits[dd0a3b65-d36c-4f93-b232-3c8e6f6667b6:c2465]
2019-09-18 13:04:23,359 [SCMBlockDeletingService#0] DEBUG block.SCMBlockDeletingService (SCMBlockDeletingService.java:call(138)) - Running DeletedBlockTransactionScanner
2019-09-18 13:04:23,359 [SCMBlockDeletingService#0] DEBUG block.SCMBlockDeletingService (SCMBlockDeletingService.java:call(155)) - Scanned deleted blocks log and got 0 delTX to process.
2019-09-18 13:04:23,369 [grpc-default-executor-1] INFO  client.GrpcClientProtocolClient (GrpcClientProtocolClient.java:onNext(264)) - client-8C798EE064B2->dd0a3b65-d36c-4f93-b232-3c8e6f6667b6: receive RaftClientReply:client-8C798EE064B2->dd0a3b65-d36c-4f93-b232-3c8e6f6667b6@group-B02456D89C11, cid=1733, SUCCESS, logIndex=2467, commits[dd0a3b65-d36c-4f93-b232-3c8e6f6667b6:c2468]
2019-09-18 13:04:23,369 [grpc-default-executor-1] INFO  client.GrpcClientProtocolClient (GrpcClientProtocolClient.java:onNext(264)) - client-8C798EE064B2->dd0a3b65-d36c-4f93-b232-3c8e6f6667b6: receive RaftClientReply:client-8C798EE064B2->dd0a3b65-d36c-4f93-b232-3c8e6f6667b6@group-B02456D89C11, cid=1734, SUCCESS, logIndex=2468, commits[dd0a3b65-d36c-4f93-b232-3c8e6f6667b6:c2470]
2019-09-18 13:04:23,370 [grpc-default-executor-1] INFO  client.GrpcClientProtocolClient (GrpcClientProtocolClient.java:onNext(264)) - client-8C798EE064B2->dd0a3b65-d36c-4f93-b232-3c8e6f6667b6: receive RaftClientReply:client-8C798EE064B2->dd0a3b65-d36c-4f93-b232-3c8e6f6667b6@group-B02456D89C11, cid=1735, SUCCESS, logIndex=2469, commits[dd0a3b65-d36c-4f93-b232-3c8e6f6667b6:c2470]
2019-09-18 13:04:23,370 [grpc-default-executor-1] INFO  client.GrpcClientProtocolClient (GrpcClientProtocolClient.java:onNext(264)) - client-8C798EE064B2->dd0a3b65-d36c-4f93-b232-3c8e6f6667b6: receive RaftClientReply:client-8C798EE064B2->dd0a3b65-d36c-4f93-b232-3c8e6f6667b6@group-B02456D89C11, cid=1736, SUCCESS, logIndex=2470, commits[dd0a3b65-d36c-4f93-b232-3c8e6f6667b6:c2471]
2019-09-18 13:04:23,397 [grpc-default-executor-0] INFO  client.GrpcClientProtocolClient (GrpcClientProtocolClient.java:onNext(264)) - client-8C798EE064B2->dd0a3b65-d36c-4f93-b232-3c8e6f6667b6: receive RaftClientReply:client-8C798EE064B2->dd0a3b65-d36c-4f93-b232-3c8e6f6667b6@group-B02456D89C11, cid=1737, SUCCESS, logIndex=2473, commits[dd0a3b65-d36c-4f93-b232-3c8e6f6667b6:c2474]
2019-09-18 13:04:23,398 [grpc-default-executor-0] INFO  client.GrpcClientProtocolClient (GrpcClientProtocolClient.java:onNext(264)) - client-8C798EE064B2->dd0a3b65-d36c-4f93-b232-3c8e6f6667b6: receive RaftClientReply:client-8C798EE064B2->dd0a3b65-d36c-4f93-b232-3c8e6f6667b6@group-B02456D89C11, cid=1738, SUCCESS, logIndex=2474, commits[dd0a3b65-d36c-4f93-b232-3c8e6f6667b6:c2476]
2019-09-18 13:04:23,398 [grpc-default-executor-0] INFO  client.GrpcClientProtocolClient (GrpcClientProtocolClient.java:onNext(264)) - client-8C798EE064B2->dd0a3b65-d36c-4f93-b232-3c8e6f6667b6: receive RaftClientReply:client-8C798EE064B2->dd0a3b65-d36c-4f93-b232-3c8e6f6667b6@group-B02456D89C11, cid=1739, SUCCESS, logIndex=2475, commits[dd0a3b65-d36c-4f93-b232-3c8e6f6667b6:c2476]
2019-09-18 13:04:23,399 [grpc-default-executor-0] INFO  client.GrpcClientProtocolClient (GrpcClientProtocolClient.java:onNext(264)) - client-8C798EE064B2->dd0a3b65-d36c-4f93-b232-3c8e6f6667b6: receive RaftClientReply:client-8C798EE064B2->dd0a3b65-d36c-4f93-b232-3c8e6f6667b6@group-B02456D89C11, cid=1740, SUCCESS, logIndex=2476, commits[dd0a3b65-d36c-4f93-b232-3c8e6f6667b6:c2477]
2019-09-18 13:04:23,417 [grpc-default-executor-0] INFO  client.GrpcClientProtocolClient (GrpcClientProtocolClient.java:onNext(264)) - client-8C798EE064B2->dd0a3b65-d36c-4f93-b232-3c8e6f6667b6: receive RaftClientReply:client-8C798EE064B2->dd0a3b65-d36c-4f93-b232-3c8e6f6667b6@group-B02456D89C11, cid=1741, SUCCESS, logIndex=2479, commits[dd0a3b65-d36c-4f93-b232-3c8e6f6667b6:c2480]
2019-09-18 13:04:23,418 [grpc-default-executor-0] INFO  client.GrpcClientProtocolClient (GrpcClientProtocolClient.java:onNext(264)) - client-8C798EE064B2->dd0a3b65-d36c-4f93-b232-3c8e6f6667b6: receive RaftClientReply:client-8C798EE064B2->dd0a3b65-d36c-4f93-b232-3c8e6f6667b6@group-B02456D89C11, cid=1742, SUCCESS, logIndex=2480, commits[dd0a3b65-d36c-4f93-b232-3c8e6f6667b6:c2482]
2019-09-18 13:04:23,418 [grpc-default-executor-0] INFO  client.GrpcClientProtocolClient (GrpcClientProtocolClient.java:onNext(264)) - client-8C798EE064B2->dd0a3b65-d36c-4f93-b232-3c8e6f6667b6: receive RaftClientReply:client-8C798EE064B2->dd0a3b65-d36c-4f93-b232-3c8e6f6667b6@group-B02456D89C11, cid=1743, SUCCESS, logIndex=2481, commits[dd0a3b65-d36c-4f93-b232-3c8e6f6667b6:c2482]
2019-09-18 13:04:23,419 [grpc-default-executor-0] INFO  client.GrpcClientProtocolClient (GrpcClientProtocolClient.java:onNext(264)) - client-8C798EE064B2->dd0a3b65-d36c-4f93-b232-3c8e6f6667b6: receive RaftClientReply:client-8C798EE064B2->dd0a3b65-d36c-4f93-b232-3c8e6f6667b6@group-B02456D89C11, cid=1744, SUCCESS, logIndex=2482, commits[dd0a3b65-d36c-4f93-b232-3c8e6f6667b6:c2482]
2019-09-18 13:04:23,452 [grpc-default-executor-0] INFO  client.GrpcClientProtocolClient (GrpcClientProtocolClient.java:onNext(264)) - client-8C798EE064B2->dd0a3b65-d36c-4f93-b232-3c8e6f6667b6: receive RaftClientReply:client-8C798EE064B2->dd0a3b65-d36c-4f93-b232-3c8e6f6667b6@group-B02456D89C11, cid=1745, SUCCESS, logIndex=2485, commits[dd0a3b65-d36c-4f93-b232-3c8e6f6667b6:c2486]
2019-09-18 13:04:23,453 [grpc-default-executor-0] INFO  client.GrpcClientProtocolClient (GrpcClientProtocolClient.java:onNext(264)) - client-8C798EE064B2->dd0a3b65-d36c-4f93-b232-3c8e6f6667b6: receive RaftClientReply:client-8C798EE064B2->dd0a3b65-d36c-4f93-b232-3c8e6f6667b6@group-B02456D89C11, cid=1746, SUCCESS, logIndex=2486, commits[dd0a3b65-d36c-4f93-b232-3c8e6f6667b6:c2486]
2019-09-18 13:04:23,458 [grpc-default-executor-0] INFO  client.GrpcClientProtocolClient (GrpcClientProtocolClient.java:onNext(264)) - client-8C798EE064B2->dd0a3b65-d36c-4f93-b232-3c8e6f6667b6: receive RaftClientReply:client-8C798EE064B2->dd0a3b65-d36c-4f93-b232-3c8e6f6667b6@group-B02456D89C11, cid=1747, SUCCESS, logIndex=2487, commits[dd0a3b65-d36c-4f93-b232-3c8e6f6667b6:c2488]
2019-09-18 13:04:23,458 [grpc-default-executor-0] INFO  client.GrpcClientProtocolClient (GrpcClientProtocolClient.java:onNext(264)) - client-8C798EE064B2->dd0a3b65-d36c-4f93-b232-3c8e6f6667b6: receive RaftClientReply:client-8C798EE064B2->dd0a3b65-d36c-4f93-b232-3c8e6f6667b6@group-B02456D89C11, cid=1748, SUCCESS, logIndex=2488, commits[dd0a3b65-d36c-4f93-b232-3c8e6f6667b6:c2489]
2019-09-18 13:04:23,460 [SCMBlockDeletingService#0] DEBUG block.SCMBlockDeletingService (SCMBlockDeletingService.java:call(138)) - Running DeletedBlockTransactionScanner
2019-09-18 13:04:23,460 [SCMBlockDeletingService#0] DEBUG block.SCMBlockDeletingService (SCMBlockDeletingService.java:call(155)) - Scanned deleted blocks log and got 0 delTX to process.
2019-09-18 13:04:23,482 [grpc-default-executor-0] INFO  client.GrpcClientProtocolClient (GrpcClientProtocolClient.java:onNext(264)) - client-8C798EE064B2->dd0a3b65-d36c-4f93-b232-3c8e6f6667b6: receive RaftClientReply:client-8C798EE064B2->dd0a3b65-d36c-4f93-b232-3c8e6f6667b6@group-B02456D89C11, cid=1749, SUCCESS, logIndex=2491, commits[dd0a3b65-d36c-4f93-b232-3c8e6f6667b6:c2494]
2019-09-18 13:04:23,483 [grpc-default-executor-0] INFO  client.GrpcClientProtocolClient (GrpcClientProtocolClient.java:onNext(264)) - client-8C798EE064B2->dd0a3b65-d36c-4f93-b232-3c8e6f6667b6: receive RaftClientReply:client-8C798EE064B2->dd0a3b65-d36c-4f93-b232-3c8e6f6667b6@group-B02456D89C11, cid=1750, SUCCESS, logIndex=2492, commits[dd0a3b65-d36c-4f93-b232-3c8e6f6667b6:c2495]
2019-09-18 13:04:23,483 [grpc-default-executor-0] INFO  client.GrpcClientProtocolClient (GrpcClientProtocolClient.java:onNext(264)) - client-8C798EE064B2->dd0a3b65-d36c-4f93-b232-3c8e6f6667b6: receive RaftClientReply:client-8C798EE064B2->dd0a3b65-d36c-4f93-b232-3c8e6f6667b6@group-B02456D89C11, cid=1751, SUCCESS, logIndex=2493, commits[dd0a3b65-d36c-4f93-b232-3c8e6f6667b6:c2495]
2019-09-18 13:04:23,483 [grpc-default-executor-0] INFO  client.GrpcClientProtocolClient (GrpcClientProtocolClient.java:onNext(264)) - client-8C798EE064B2->dd0a3b65-d36c-4f93-b232-3c8e6f6667b6: receive RaftClientReply:client-8C798EE064B2->dd0a3b65-d36c-4f93-b232-3c8e6f6667b6@group-B02456D89C11, cid=1752, SUCCESS, logIndex=2494, commits[dd0a3b65-d36c-4f93-b232-3c8e6f6667b6:c2495]
2019-09-18 13:04:23,516 [grpc-default-executor-0] INFO  client.GrpcClientProtocolClient (GrpcClientProtocolClient.java:onNext(264)) - client-8C798EE064B2->dd0a3b65-d36c-4f93-b232-3c8e6f6667b6: receive RaftClientReply:client-8C798EE064B2->dd0a3b65-d36c-4f93-b232-3c8e6f6667b6@group-B02456D89C11, cid=1753, SUCCESS, logIndex=2496, commits[dd0a3b65-d36c-4f93-b232-3c8e6f6667b6:c2499]
2019-09-18 13:04:23,517 [grpc-default-executor-0] INFO  client.GrpcClientProtocolClient (GrpcClientProtocolClient.java:onNext(264)) - client-8C798EE064B2->dd0a3b65-d36c-4f93-b232-3c8e6f6667b6: receive RaftClientReply:client-8C798EE064B2->dd0a3b65-d36c-4f93-b232-3c8e6f6667b6@group-B02456D89C11, cid=1754, SUCCESS, logIndex=2497, commits[dd0a3b65-d36c-4f93-b232-3c8e6f6667b6:c2500]
2019-09-18 13:04:23,517 [grpc-default-executor-0] INFO  client.GrpcClientProtocolClient (GrpcClientProtocolClient.java:onNext(264)) - client-8C798EE064B2->dd0a3b65-d36c-4f93-b232-3c8e6f6667b6: receive RaftClientReply:client-8C798EE064B2->dd0a3b65-d36c-4f93-b232-3c8e6f6667b6@group-B02456D89C11, cid=1755, SUCCESS, logIndex=2498, commits[dd0a3b65-d36c-4f93-b232-3c8e6f6667b6:c2500]
2019-09-18 13:04:23,518 [grpc-default-executor-0] INFO  client.GrpcClientProtocolClient (GrpcClientProtocolClient.java:onNext(264)) - client-8C798EE064B2->dd0a3b65-d36c-4f93-b232-3c8e6f6667b6: receive RaftClientReply:client-8C798EE064B2->dd0a3b65-d36c-4f93-b232-3c8e6f6667b6@group-B02456D89C11, cid=1756, SUCCESS, logIndex=2499, commits[dd0a3b65-d36c-4f93-b232-3c8e6f6667b6:c2500]
2019-09-18 13:04:23,540 [grpc-default-executor-1] INFO  client.GrpcClientProtocolClient (GrpcClientProtocolClient.java:onNext(264)) - client-8C798EE064B2->dd0a3b65-d36c-4f93-b232-3c8e6f6667b6: receive RaftClientReply:client-8C798EE064B2->dd0a3b65-d36c-4f93-b232-3c8e6f6667b6@group-B02456D89C11, cid=1757, SUCCESS, logIndex=2501, commits[dd0a3b65-d36c-4f93-b232-3c8e6f6667b6:c2504]
2019-09-18 13:04:23,541 [grpc-default-executor-1] INFO  client.GrpcClientProtocolClient (GrpcClientProtocolClient.java:onNext(264)) - client-8C798EE064B2->dd0a3b65-d36c-4f93-b232-3c8e6f6667b6: receive RaftClientReply:client-8C798EE064B2->dd0a3b65-d36c-4f93-b232-3c8e6f6667b6@group-B02456D89C11, cid=1758, SUCCESS, logIndex=2502, commits[dd0a3b65-d36c-4f93-b232-3c8e6f6667b6:c2505]
2019-09-18 13:04:23,541 [grpc-default-executor-1] INFO  client.GrpcClientProtocolClient (GrpcClientProtocolClient.java:onNext(264)) - client-8C798EE064B2->dd0a3b65-d36c-4f93-b232-3c8e6f6667b6: receive RaftClientReply:client-8C798EE064B2->dd0a3b65-d36c-4f93-b232-3c8e6f6667b6@group-B02456D89C11, cid=1759, SUCCESS, logIndex=2503, commits[dd0a3b65-d36c-4f93-b232-3c8e6f6667b6:c2505]
2019-09-18 13:04:23,541 [grpc-default-executor-1] INFO  client.GrpcClientProtocolClient (GrpcClientProtocolClient.java:onNext(264)) - client-8C798EE064B2->dd0a3b65-d36c-4f93-b232-3c8e6f6667b6: receive RaftClientReply:client-8C798EE064B2->dd0a3b65-d36c-4f93-b232-3c8e6f6667b6@group-B02456D89C11, cid=1760, SUCCESS, logIndex=2504, commits[dd0a3b65-d36c-4f93-b232-3c8e6f6667b6:c2505]
2019-09-18 13:04:23,561 [SCMBlockDeletingService#1] DEBUG block.SCMBlockDeletingService (SCMBlockDeletingService.java:call(138)) - Running DeletedBlockTransactionScanner
2019-09-18 13:04:23,561 [SCMBlockDeletingService#1] DEBUG block.SCMBlockDeletingService (SCMBlockDeletingService.java:call(155)) - Scanned deleted blocks log and got 0 delTX to process.
2019-09-18 13:04:23,573 [grpc-default-executor-0] INFO  client.GrpcClientProtocolClient (GrpcClientProtocolClient.java:onNext(264)) - client-8C798EE064B2->dd0a3b65-d36c-4f93-b232-3c8e6f6667b6: receive RaftClientReply:client-8C798EE064B2->dd0a3b65-d36c-4f93-b232-3c8e6f6667b6@group-B02456D89C11, cid=1761, SUCCESS, logIndex=2506, commits[dd0a3b65-d36c-4f93-b232-3c8e6f6667b6:c2509]
2019-09-18 13:04:23,573 [grpc-default-executor-0] INFO  client.GrpcClientProtocolClient (GrpcClientProtocolClient.java:onNext(264)) - client-8C798EE064B2->dd0a3b65-d36c-4f93-b232-3c8e6f6667b6: receive RaftClientReply:client-8C798EE064B2->dd0a3b65-d36c-4f93-b232-3c8e6f6667b6@group-B02456D89C11, cid=1762, SUCCESS, logIndex=2507, commits[dd0a3b65-d36c-4f93-b232-3c8e6f6667b6:c2510]
2019-09-18 13:04:23,574 [grpc-default-executor-0] INFO  client.GrpcClientProtocolClient (GrpcClientProtocolClient.java:onNext(264)) - client-8C798EE064B2->dd0a3b65-d36c-4f93-b232-3c8e6f6667b6: receive RaftClientReply:client-8C798EE064B2->dd0a3b65-d36c-4f93-b232-3c8e6f6667b6@group-B02456D89C11, cid=1763, SUCCESS, logIndex=2508, commits[dd0a3b65-d36c-4f93-b232-3c8e6f6667b6:c2510]
2019-09-18 13:04:23,574 [grpc-default-executor-0] INFO  client.GrpcClientProtocolClient (GrpcClientProtocolClient.java:onNext(264)) - client-8C798EE064B2->dd0a3b65-d36c-4f93-b232-3c8e6f6667b6: receive RaftClientReply:client-8C798EE064B2->dd0a3b65-d36c-4f93-b232-3c8e6f6667b6@group-B02456D89C11, cid=1764, SUCCESS, logIndex=2509, commits[dd0a3b65-d36c-4f93-b232-3c8e6f6667b6:c2510]
2019-09-18 13:04:23,596 [grpc-default-executor-0] INFO  client.GrpcClientProtocolClient (GrpcClientProtocolClient.java:onNext(264)) - client-8C798EE064B2->dd0a3b65-d36c-4f93-b232-3c8e6f6667b6: receive RaftClientReply:client-8C798EE064B2->dd0a3b65-d36c-4f93-b232-3c8e6f6667b6@group-B02456D89C11, cid=1765, SUCCESS, logIndex=2511, commits[dd0a3b65-d36c-4f93-b232-3c8e6f6667b6:c2514]
2019-09-18 13:04:23,597 [grpc-default-executor-0] INFO  client.GrpcClientProtocolClient (GrpcClientProtocolClient.java:onNext(264)) - client-8C798EE064B2->dd0a3b65-d36c-4f93-b232-3c8e6f6667b6: receive RaftClientReply:client-8C798EE064B2->dd0a3b65-d36c-4f93-b232-3c8e6f6667b6@group-B02456D89C11, cid=1766, SUCCESS, logIndex=2512, commits[dd0a3b65-d36c-4f93-b232-3c8e6f6667b6:c2515]
2019-09-18 13:04:23,597 [grpc-default-executor-0] INFO  client.GrpcClientProtocolClient (GrpcClientProtocolClient.java:onNext(264)) - client-8C798EE064B2->dd0a3b65-d36c-4f93-b232-3c8e6f6667b6: receive RaftClientReply:client-8C798EE064B2->dd0a3b65-d36c-4f93-b232-3c8e6f6667b6@group-B02456D89C11, cid=1767, SUCCESS, logIndex=2513, commits[dd0a3b65-d36c-4f93-b232-3c8e6f6667b6:c2515]
2019-09-18 13:04:23,598 [grpc-default-executor-0] INFO  client.GrpcClientProtocolClient (GrpcClientProtocolClient.java:onNext(264)) - client-8C798EE064B2->dd0a3b65-d36c-4f93-b232-3c8e6f6667b6: receive RaftClientReply:client-8C798EE064B2->dd0a3b65-d36c-4f93-b232-3c8e6f6667b6@group-B02456D89C11, cid=1768, SUCCESS, logIndex=2514, commits[dd0a3b65-d36c-4f93-b232-3c8e6f6667b6:c2515]
2019-09-18 13:04:23,662 [SCMBlockDeletingService#1] DEBUG block.SCMBlockDeletingService (SCMBlockDeletingService.java:call(138)) - Running DeletedBlockTransactionScanner
2019-09-18 13:04:23,662 [SCMBlockDeletingService#1] DEBUG block.SCMBlockDeletingService (SCMBlockDeletingService.java:call(155)) - Scanned deleted blocks log and got 0 delTX to process.
2019-09-18 13:04:23,732 [grpc-default-executor-0] INFO  client.GrpcClientProtocolClient (GrpcClientProtocolClient.java:onNext(264)) - client-8C798EE064B2->dd0a3b65-d36c-4f93-b232-3c8e6f6667b6: receive RaftClientReply:client-8C798EE064B2->dd0a3b65-d36c-4f93-b232-3c8e6f6667b6@group-B02456D89C11, cid=1769, SUCCESS, logIndex=2516, commits[dd0a3b65-d36c-4f93-b232-3c8e6f6667b6:c2519]
2019-09-18 13:04:23,733 [grpc-default-executor-0] INFO  client.GrpcClientProtocolClient (GrpcClientProtocolClient.java:onNext(264)) - client-8C798EE064B2->dd0a3b65-d36c-4f93-b232-3c8e6f6667b6: receive RaftClientReply:client-8C798EE064B2->dd0a3b65-d36c-4f93-b232-3c8e6f6667b6@group-B02456D89C11, cid=1770, SUCCESS, logIndex=2517, commits[dd0a3b65-d36c-4f93-b232-3c8e6f6667b6:c2520]
2019-09-18 13:04:23,733 [grpc-default-executor-0] INFO  client.GrpcClientProtocolClient (GrpcClientProtocolClient.java:onNext(264)) - client-8C798EE064B2->dd0a3b65-d36c-4f93-b232-3c8e6f6667b6: receive RaftClientReply:client-8C798EE064B2->dd0a3b65-d36c-4f93-b232-3c8e6f6667b6@group-B02456D89C11, cid=1771, SUCCESS, logIndex=2518, commits[dd0a3b65-d36c-4f93-b232-3c8e6f6667b6:c2520]
2019-09-18 13:04:23,734 [grpc-default-executor-0] INFO  client.GrpcClientProtocolClient (GrpcClientProtocolClient.java:onNext(264)) - client-8C798EE064B2->dd0a3b65-d36c-4f93-b232-3c8e6f6667b6: receive RaftClientReply:client-8C798EE064B2->dd0a3b65-d36c-4f93-b232-3c8e6f6667b6@group-B02456D89C11, cid=1772, SUCCESS, logIndex=2519, commits[dd0a3b65-d36c-4f93-b232-3c8e6f6667b6:c2520]
2019-09-18 13:04:23,757 [grpc-default-executor-0] INFO  client.GrpcClientProtocolClient (GrpcClientProtocolClient.java:onNext(264)) - client-8C798EE064B2->dd0a3b65-d36c-4f93-b232-3c8e6f6667b6: receive RaftClientReply:client-8C798EE064B2->dd0a3b65-d36c-4f93-b232-3c8e6f6667b6@group-B02456D89C11, cid=1773, SUCCESS, logIndex=2521, commits[dd0a3b65-d36c-4f93-b232-3c8e6f6667b6:c2524]
2019-09-18 13:04:23,758 [grpc-default-executor-0] INFO  client.GrpcClientProtocolClient (GrpcClientProtocolClient.java:onNext(264)) - client-8C798EE064B2->dd0a3b65-d36c-4f93-b232-3c8e6f6667b6: receive RaftClientReply:client-8C798EE064B2->dd0a3b65-d36c-4f93-b232-3c8e6f6667b6@group-B02456D89C11, cid=1774, SUCCESS, logIndex=2522, commits[dd0a3b65-d36c-4f93-b232-3c8e6f6667b6:c2525]
2019-09-18 13:04:23,758 [grpc-default-executor-0] INFO  client.GrpcClientProtocolClient (GrpcClientProtocolClient.java:onNext(264)) - client-8C798EE064B2->dd0a3b65-d36c-4f93-b232-3c8e6f6667b6: receive RaftClientReply:client-8C798EE064B2->dd0a3b65-d36c-4f93-b232-3c8e6f6667b6@group-B02456D89C11, cid=1775, SUCCESS, logIndex=2523, commits[dd0a3b65-d36c-4f93-b232-3c8e6f6667b6:c2525]
2019-09-18 13:04:23,759 [grpc-default-executor-0] INFO  client.GrpcClientProtocolClient (GrpcClientProtocolClient.java:onNext(264)) - client-8C798EE064B2->dd0a3b65-d36c-4f93-b232-3c8e6f6667b6: receive RaftClientReply:client-8C798EE064B2->dd0a3b65-d36c-4f93-b232-3c8e6f6667b6@group-B02456D89C11, cid=1776, SUCCESS, logIndex=2524, commits[dd0a3b65-d36c-4f93-b232-3c8e6f6667b6:c2525]
2019-09-18 13:04:23,762 [SCMBlockDeletingService#1] DEBUG block.SCMBlockDeletingService (SCMBlockDeletingService.java:call(138)) - Running DeletedBlockTransactionScanner
2019-09-18 13:04:23,762 [SCMBlockDeletingService#1] DEBUG block.SCMBlockDeletingService (SCMBlockDeletingService.java:call(155)) - Scanned deleted blocks log and got 0 delTX to process.
2019-09-18 13:04:23,791 [grpc-default-executor-0] INFO  client.GrpcClientProtocolClient (GrpcClientProtocolClient.java:onNext(264)) - client-8C798EE064B2->dd0a3b65-d36c-4f93-b232-3c8e6f6667b6: receive RaftClientReply:client-8C798EE064B2->dd0a3b65-d36c-4f93-b232-3c8e6f6667b6@group-B02456D89C11, cid=1777, SUCCESS, logIndex=2526, commits[dd0a3b65-d36c-4f93-b232-3c8e6f6667b6:c2529]
2019-09-18 13:04:23,792 [grpc-default-executor-0] INFO  client.GrpcClientProtocolClient (GrpcClientProtocolClient.java:onNext(264)) - client-8C798EE064B2->dd0a3b65-d36c-4f93-b232-3c8e6f6667b6: receive RaftClientReply:client-8C798EE064B2->dd0a3b65-d36c-4f93-b232-3c8e6f6667b6@group-B02456D89C11, cid=1778, SUCCESS, logIndex=2527, commits[dd0a3b65-d36c-4f93-b232-3c8e6f6667b6:c2530]
2019-09-18 13:04:23,792 [grpc-default-executor-0] INFO  client.GrpcClientProtocolClient (GrpcClientProtocolClient.java:onNext(264)) - client-8C798EE064B2->dd0a3b65-d36c-4f93-b232-3c8e6f6667b6: receive RaftClientReply:client-8C798EE064B2->dd0a3b65-d36c-4f93-b232-3c8e6f6667b6@group-B02456D89C11, cid=1779, SUCCESS, logIndex=2528, commits[dd0a3b65-d36c-4f93-b232-3c8e6f6667b6:c2530]
2019-09-18 13:04:23,792 [grpc-default-executor-0] INFO  client.GrpcClientProtocolClient (GrpcClientProtocolClient.java:onNext(264)) - client-8C798EE064B2->dd0a3b65-d36c-4f93-b232-3c8e6f6667b6: receive RaftClientReply:client-8C798EE064B2->dd0a3b65-d36c-4f93-b232-3c8e6f6667b6@group-B02456D89C11, cid=1780, SUCCESS, logIndex=2529, commits[dd0a3b65-d36c-4f93-b232-3c8e6f6667b6:c2530]
2019-09-18 13:04:23,816 [grpc-default-executor-1] INFO  client.GrpcClientProtocolClient (GrpcClientProtocolClient.java:onNext(264)) - client-8C798EE064B2->dd0a3b65-d36c-4f93-b232-3c8e6f6667b6: receive RaftClientReply:client-8C798EE064B2->dd0a3b65-d36c-4f93-b232-3c8e6f6667b6@group-B02456D89C11, cid=1781, SUCCESS, logIndex=2531, commits[dd0a3b65-d36c-4f93-b232-3c8e6f6667b6:c2534]
2019-09-18 13:04:23,816 [grpc-default-executor-1] INFO  client.GrpcClientProtocolClient (GrpcClientProtocolClient.java:onNext(264)) - client-8C798EE064B2->dd0a3b65-d36c-4f93-b232-3c8e6f6667b6: receive RaftClientReply:client-8C798EE064B2->dd0a3b65-d36c-4f93-b232-3c8e6f6667b6@group-B02456D89C11, cid=1782, SUCCESS, logIndex=2532, commits[dd0a3b65-d36c-4f93-b232-3c8e6f6667b6:c2535]
2019-09-18 13:04:23,817 [grpc-default-executor-1] INFO  client.GrpcClientProtocolClient (GrpcClientProtocolClient.java:onNext(264)) - client-8C798EE064B2->dd0a3b65-d36c-4f93-b232-3c8e6f6667b6: receive RaftClientReply:client-8C798EE064B2->dd0a3b65-d36c-4f93-b232-3c8e6f6667b6@group-B02456D89C11, cid=1783, SUCCESS, logIndex=2533, commits[dd0a3b65-d36c-4f93-b232-3c8e6f6667b6:c2535]
2019-09-18 13:04:23,817 [grpc-default-executor-1] INFO  client.GrpcClientProtocolClient (GrpcClientProtocolClient.java:onNext(264)) - client-8C798EE064B2->dd0a3b65-d36c-4f93-b232-3c8e6f6667b6: receive RaftClientReply:client-8C798EE064B2->dd0a3b65-d36c-4f93-b232-3c8e6f6667b6@group-B02456D89C11, cid=1784, SUCCESS, logIndex=2534, commits[dd0a3b65-d36c-4f93-b232-3c8e6f6667b6:c2535]
2019-09-18 13:04:23,848 [grpc-default-executor-1] INFO  client.GrpcClientProtocolClient (GrpcClientProtocolClient.java:onNext(264)) - client-8C798EE064B2->dd0a3b65-d36c-4f93-b232-3c8e6f6667b6: receive RaftClientReply:client-8C798EE064B2->dd0a3b65-d36c-4f93-b232-3c8e6f6667b6@group-B02456D89C11, cid=1785, SUCCESS, logIndex=2536, commits[dd0a3b65-d36c-4f93-b232-3c8e6f6667b6:c2539]
2019-09-18 13:04:23,849 [grpc-default-executor-1] INFO  client.GrpcClientProtocolClient (GrpcClientProtocolClient.java:onNext(264)) - client-8C798EE064B2->dd0a3b65-d36c-4f93-b232-3c8e6f6667b6: receive RaftClientReply:client-8C798EE064B2->dd0a3b65-d36c-4f93-b232-3c8e6f6667b6@group-B02456D89C11, cid=1786, SUCCESS, logIndex=2537, commits[dd0a3b65-d36c-4f93-b232-3c8e6f6667b6:c2540]
2019-09-18 13:04:23,850 [grpc-default-executor-1] INFO  client.GrpcClientProtocolClient (GrpcClientProtocolClient.java:onNext(264)) - client-8C798EE064B2->dd0a3b65-d36c-4f93-b232-3c8e6f6667b6: receive RaftClientReply:client-8C798EE064B2->dd0a3b65-d36c-4f93-b232-3c8e6f6667b6@group-B02456D89C11, cid=1787, SUCCESS, logIndex=2538, commits[dd0a3b65-d36c-4f93-b232-3c8e6f6667b6:c2540]
2019-09-18 13:04:23,850 [grpc-default-executor-1] INFO  client.GrpcClientProtocolClient (GrpcClientProtocolClient.java:onNext(264)) - client-8C798EE064B2->dd0a3b65-d36c-4f93-b232-3c8e6f6667b6: receive RaftClientReply:client-8C798EE064B2->dd0a3b65-d36c-4f93-b232-3c8e6f6667b6@group-B02456D89C11, cid=1788, SUCCESS, logIndex=2539, commits[dd0a3b65-d36c-4f93-b232-3c8e6f6667b6:c2540]
2019-09-18 13:04:23,863 [SCMBlockDeletingService#1] DEBUG block.SCMBlockDeletingService (SCMBlockDeletingService.java:call(138)) - Running DeletedBlockTransactionScanner
2019-09-18 13:04:23,863 [SCMBlockDeletingService#1] DEBUG block.SCMBlockDeletingService (SCMBlockDeletingService.java:call(155)) - Scanned deleted blocks log and got 0 delTX to process.
2019-09-18 13:04:23,870 [grpc-default-executor-1] INFO  client.GrpcClientProtocolClient (GrpcClientProtocolClient.java:onNext(264)) - client-8C798EE064B2->dd0a3b65-d36c-4f93-b232-3c8e6f6667b6: receive RaftClientReply:client-8C798EE064B2->dd0a3b65-d36c-4f93-b232-3c8e6f6667b6@group-B02456D89C11, cid=1789, SUCCESS, logIndex=2541, commits[dd0a3b65-d36c-4f93-b232-3c8e6f6667b6:c2542]
2019-09-18 13:04:23,871 [grpc-default-executor-1] INFO  client.GrpcClientProtocolClient (GrpcClientProtocolClient.java:onNext(264)) - client-8C798EE064B2->dd0a3b65-d36c-4f93-b232-3c8e6f6667b6: receive RaftClientReply:client-8C798EE064B2->dd0a3b65-d36c-4f93-b232-3c8e6f6667b6@group-B02456D89C11, cid=1790, SUCCESS, logIndex=2542, commits[dd0a3b65-d36c-4f93-b232-3c8e6f6667b6:c2544]
2019-09-18 13:04:23,871 [grpc-default-executor-1] INFO  client.GrpcClientProtocolClient (GrpcClientProtocolClient.java:onNext(264)) - client-8C798EE064B2->dd0a3b65-d36c-4f93-b232-3c8e6f6667b6: receive RaftClientReply:client-8C798EE064B2->dd0a3b65-d36c-4f93-b232-3c8e6f6667b6@group-B02456D89C11, cid=1791, SUCCESS, logIndex=2543, commits[dd0a3b65-d36c-4f93-b232-3c8e6f6667b6:c2545]
2019-09-18 13:04:23,871 [grpc-default-executor-1] INFO  client.GrpcClientProtocolClient (GrpcClientProtocolClient.java:onNext(264)) - client-8C798EE064B2->dd0a3b65-d36c-4f93-b232-3c8e6f6667b6: receive RaftClientReply:client-8C798EE064B2->dd0a3b65-d36c-4f93-b232-3c8e6f6667b6@group-B02456D89C11, cid=1792, SUCCESS, logIndex=2544, commits[dd0a3b65-d36c-4f93-b232-3c8e6f6667b6:c2545]
2019-09-18 13:04:23,900 [grpc-default-executor-1] INFO  client.GrpcClientProtocolClient (GrpcClientProtocolClient.java:onNext(264)) - client-8C798EE064B2->dd0a3b65-d36c-4f93-b232-3c8e6f6667b6: receive RaftClientReply:client-8C798EE064B2->dd0a3b65-d36c-4f93-b232-3c8e6f6667b6@group-B02456D89C11, cid=1793, SUCCESS, logIndex=2547, commits[dd0a3b65-d36c-4f93-b232-3c8e6f6667b6:c2548]
2019-09-18 13:04:23,901 [grpc-default-executor-1] INFO  client.GrpcClientProtocolClient (GrpcClientProtocolClient.java:onNext(264)) - client-8C798EE064B2->dd0a3b65-d36c-4f93-b232-3c8e6f6667b6: receive RaftClientReply:client-8C798EE064B2->dd0a3b65-d36c-4f93-b232-3c8e6f6667b6@group-B02456D89C11, cid=1794, SUCCESS, logIndex=2548, commits[dd0a3b65-d36c-4f93-b232-3c8e6f6667b6:c2550]
2019-09-18 13:04:23,901 [grpc-default-executor-1] INFO  client.GrpcClientProtocolClient (GrpcClientProtocolClient.java:onNext(264)) - client-8C798EE064B2->dd0a3b65-d36c-4f93-b232-3c8e6f6667b6: receive RaftClientReply:client-8C798EE064B2->dd0a3b65-d36c-4f93-b232-3c8e6f6667b6@group-B02456D89C11, cid=1795, SUCCESS, logIndex=2549, commits[dd0a3b65-d36c-4f93-b232-3c8e6f6667b6:c2550]
2019-09-18 13:04:23,902 [grpc-default-executor-1] INFO  client.GrpcClientProtocolClient (GrpcClientProtocolClient.java:onNext(264)) - client-8C798EE064B2->dd0a3b65-d36c-4f93-b232-3c8e6f6667b6: receive RaftClientReply:client-8C798EE064B2->dd0a3b65-d36c-4f93-b232-3c8e6f6667b6@group-B02456D89C11, cid=1796, SUCCESS, logIndex=2550, commits[dd0a3b65-d36c-4f93-b232-3c8e6f6667b6:c2551]
2019-09-18 13:04:23,923 [grpc-default-executor-1] INFO  client.GrpcClientProtocolClient (GrpcClientProtocolClient.java:onNext(264)) - client-8C798EE064B2->dd0a3b65-d36c-4f93-b232-3c8e6f6667b6: receive RaftClientReply:client-8C798EE064B2->dd0a3b65-d36c-4f93-b232-3c8e6f6667b6@group-B02456D89C11, cid=1797, SUCCESS, logIndex=2553, commits[dd0a3b65-d36c-4f93-b232-3c8e6f6667b6:c2556]
2019-09-18 13:04:23,924 [grpc-default-executor-1] INFO  client.GrpcClientProtocolClient (GrpcClientProtocolClient.java:onNext(264)) - client-8C798EE064B2->dd0a3b65-d36c-4f93-b232-3c8e6f6667b6: receive RaftClientReply:client-8C798EE064B2->dd0a3b65-d36c-4f93-b232-3c8e6f6667b6@group-B02456D89C11, cid=1798, SUCCESS, logIndex=2554, commits[dd0a3b65-d36c-4f93-b232-3c8e6f6667b6:c2556]
2019-09-18 13:04:23,924 [grpc-default-executor-1] INFO  client.GrpcClientProtocolClient (GrpcClientProtocolClient.java:onNext(264)) - client-8C798EE064B2->dd0a3b65-d36c-4f93-b232-3c8e6f6667b6: receive RaftClientReply:client-8C798EE064B2->dd0a3b65-d36c-4f93-b232-3c8e6f6667b6@group-B02456D89C11, cid=1799, SUCCESS, logIndex=2555, commits[dd0a3b65-d36c-4f93-b232-3c8e6f6667b6:c2557]
2019-09-18 13:04:23,925 [grpc-default-executor-1] INFO  client.GrpcClientProtocolClient (GrpcClientProtocolClient.java:onNext(264)) - client-8C798EE064B2->dd0a3b65-d36c-4f93-b232-3c8e6f6667b6: receive RaftClientReply:client-8C798EE064B2->dd0a3b65-d36c-4f93-b232-3c8e6f6667b6@group-B02456D89C11, cid=1800, SUCCESS, logIndex=2556, commits[dd0a3b65-d36c-4f93-b232-3c8e6f6667b6:c2557]
2019-09-18 13:04:23,953 [grpc-default-executor-1] INFO  client.GrpcClientProtocolClient (GrpcClientProtocolClient.java:onNext(264)) - client-8C798EE064B2->dd0a3b65-d36c-4f93-b232-3c8e6f6667b6: receive RaftClientReply:client-8C798EE064B2->dd0a3b65-d36c-4f93-b232-3c8e6f6667b6@group-B02456D89C11, cid=1801, SUCCESS, logIndex=2558, commits[dd0a3b65-d36c-4f93-b232-3c8e6f6667b6:c2559]
2019-09-18 13:04:23,954 [grpc-default-executor-1] INFO  client.GrpcClientProtocolClient (GrpcClientProtocolClient.java:onNext(264)) - client-8C798EE064B2->dd0a3b65-d36c-4f93-b232-3c8e6f6667b6: receive RaftClientReply:client-8C798EE064B2->dd0a3b65-d36c-4f93-b232-3c8e6f6667b6@group-B02456D89C11, cid=1802, SUCCESS, logIndex=2559, commits[dd0a3b65-d36c-4f93-b232-3c8e6f6667b6:c2559]
2019-09-18 13:04:23,954 [grpc-default-executor-1] INFO  client.GrpcClientProtocolClient (GrpcClientProtocolClient.java:onNext(264)) - client-8C798EE064B2->dd0a3b65-d36c-4f93-b232-3c8e6f6667b6: receive RaftClientReply:client-8C798EE064B2->dd0a3b65-d36c-4f93-b232-3c8e6f6667b6@group-B02456D89C11, cid=1803, SUCCESS, logIndex=2560, commits[dd0a3b65-d36c-4f93-b232-3c8e6f6667b6:c2561]
2019-09-18 13:04:23,955 [grpc-default-executor-1] INFO  client.GrpcClientProtocolClient (GrpcClientProtocolClient.java:onNext(264)) - client-8C798EE064B2->dd0a3b65-d36c-4f93-b232-3c8e6f6667b6: receive RaftClientReply:client-8C798EE064B2->dd0a3b65-d36c-4f93-b232-3c8e6f6667b6@group-B02456D89C11, cid=1804, SUCCESS, logIndex=2561, commits[dd0a3b65-d36c-4f93-b232-3c8e6f6667b6:c2561]
2019-09-18 13:04:23,963 [SCMBlockDeletingService#1] DEBUG block.SCMBlockDeletingService (SCMBlockDeletingService.java:call(138)) - Running DeletedBlockTransactionScanner
2019-09-18 13:04:23,964 [SCMBlockDeletingService#1] DEBUG block.SCMBlockDeletingService (SCMBlockDeletingService.java:call(155)) - Scanned deleted blocks log and got 0 delTX to process.
2019-09-18 13:04:24,064 [SCMBlockDeletingService#1] DEBUG block.SCMBlockDeletingService (SCMBlockDeletingService.java:call(138)) - Running DeletedBlockTransactionScanner
2019-09-18 13:04:24,065 [SCMBlockDeletingService#1] DEBUG block.SCMBlockDeletingService (SCMBlockDeletingService.java:call(155)) - Scanned deleted blocks log and got 0 delTX to process.
2019-09-18 13:04:24,165 [SCMBlockDeletingService#1] DEBUG block.SCMBlockDeletingService (SCMBlockDeletingService.java:call(138)) - Running DeletedBlockTransactionScanner
2019-09-18 13:04:24,165 [SCMBlockDeletingService#1] DEBUG block.SCMBlockDeletingService (SCMBlockDeletingService.java:call(155)) - Scanned deleted blocks log and got 0 delTX to process.
2019-09-18 13:04:24,266 [SCMBlockDeletingService#1] DEBUG block.SCMBlockDeletingService (SCMBlockDeletingService.java:call(138)) - Running DeletedBlockTransactionScanner
2019-09-18 13:04:24,266 [SCMBlockDeletingService#1] DEBUG block.SCMBlockDeletingService (SCMBlockDeletingService.java:call(155)) - Scanned deleted blocks log and got 0 delTX to process.
2019-09-18 13:04:24,343 [grpc-default-executor-0] INFO  client.GrpcClientProtocolClient (GrpcClientProtocolClient.java:onNext(264)) - client-8C798EE064B2->dd0a3b65-d36c-4f93-b232-3c8e6f6667b6: receive RaftClientReply:client-8C798EE064B2->dd0a3b65-d36c-4f93-b232-3c8e6f6667b6@group-B02456D89C11, cid=1805, SUCCESS, logIndex=2564, commits[dd0a3b65-d36c-4f93-b232-3c8e6f6667b6:c2567]
2019-09-18 13:04:24,344 [grpc-default-executor-0] INFO  client.GrpcClientProtocolClient (GrpcClientProtocolClient.java:onNext(264)) - client-8C798EE064B2->dd0a3b65-d36c-4f93-b232-3c8e6f6667b6: receive RaftClientReply:client-8C798EE064B2->dd0a3b65-d36c-4f93-b232-3c8e6f6667b6@group-B02456D89C11, cid=1806, SUCCESS, logIndex=2565, commits[dd0a3b65-d36c-4f93-b232-3c8e6f6667b6:c2568]
2019-09-18 13:04:24,345 [grpc-default-executor-0] INFO  client.GrpcClientProtocolClient (GrpcClientProtocolClient.java:onNext(264)) - client-8C798EE064B2->dd0a3b65-d36c-4f93-b232-3c8e6f6667b6: receive RaftClientReply:client-8C798EE064B2->dd0a3b65-d36c-4f93-b232-3c8e6f6667b6@group-B02456D89C11, cid=1807, SUCCESS, logIndex=2566, commits[dd0a3b65-d36c-4f93-b232-3c8e6f6667b6:c2568]
2019-09-18 13:04:24,345 [grpc-default-executor-0] INFO  client.GrpcClientProtocolClient (GrpcClientProtocolClient.java:onNext(264)) - client-8C798EE064B2->dd0a3b65-d36c-4f93-b232-3c8e6f6667b6: receive RaftClientReply:client-8C798EE064B2->dd0a3b65-d36c-4f93-b232-3c8e6f6667b6@group-B02456D89C11, cid=1808, SUCCESS, logIndex=2567, commits[dd0a3b65-d36c-4f93-b232-3c8e6f6667b6:c2568]
2019-09-18 13:04:24,367 [SCMBlockDeletingService#1] DEBUG block.SCMBlockDeletingService (SCMBlockDeletingService.java:call(138)) - Running DeletedBlockTransactionScanner
2019-09-18 13:04:24,367 [SCMBlockDeletingService#1] DEBUG block.SCMBlockDeletingService (SCMBlockDeletingService.java:call(155)) - Scanned deleted blocks log and got 0 delTX to process.
2019-09-18 13:04:24,381 [grpc-default-executor-0] INFO  client.GrpcClientProtocolClient (GrpcClientProtocolClient.java:onNext(264)) - client-8C798EE064B2->dd0a3b65-d36c-4f93-b232-3c8e6f6667b6: receive RaftClientReply:client-8C798EE064B2->dd0a3b65-d36c-4f93-b232-3c8e6f6667b6@group-B02456D89C11, cid=1809, SUCCESS, logIndex=2569, commits[dd0a3b65-d36c-4f93-b232-3c8e6f6667b6:c2570]
2019-09-18 13:04:24,382 [grpc-default-executor-0] INFO  client.GrpcClientProtocolClient (GrpcClientProtocolClient.java:onNext(264)) - client-8C798EE064B2->dd0a3b65-d36c-4f93-b232-3c8e6f6667b6: receive RaftClientReply:client-8C798EE064B2->dd0a3b65-d36c-4f93-b232-3c8e6f6667b6@group-B02456D89C11, cid=1810, SUCCESS, logIndex=2570, commits[dd0a3b65-d36c-4f93-b232-3c8e6f6667b6:c2570]
2019-09-18 13:04:24,382 [grpc-default-executor-0] INFO  client.GrpcClientProtocolClient (GrpcClientProtocolClient.java:onNext(264)) - client-8C798EE064B2->dd0a3b65-d36c-4f93-b232-3c8e6f6667b6: receive RaftClientReply:client-8C798EE064B2->dd0a3b65-d36c-4f93-b232-3c8e6f6667b6@group-B02456D89C11, cid=1811, SUCCESS, logIndex=2571, commits[dd0a3b65-d36c-4f93-b232-3c8e6f6667b6:c2572]
2019-09-18 13:04:24,382 [grpc-default-executor-0] INFO  client.GrpcClientProtocolClient (GrpcClientProtocolClient.java:onNext(264)) - client-8C798EE064B2->dd0a3b65-d36c-4f93-b232-3c8e6f6667b6: receive RaftClientReply:client-8C798EE064B2->dd0a3b65-d36c-4f93-b232-3c8e6f6667b6@group-B02456D89C11, cid=1812, SUCCESS, logIndex=2572, commits[dd0a3b65-d36c-4f93-b232-3c8e6f6667b6:c2572]
2019-09-18 13:04:24,492 [SCMBlockDeletingService#1] DEBUG block.SCMBlockDeletingService (SCMBlockDeletingService.java:call(138)) - Running DeletedBlockTransactionScanner
2019-09-18 13:04:24,493 [SCMBlockDeletingService#1] DEBUG block.SCMBlockDeletingService (SCMBlockDeletingService.java:call(155)) - Scanned deleted blocks log and got 0 delTX to process.
2019-09-18 13:04:24,593 [SCMBlockDeletingService#0] DEBUG block.SCMBlockDeletingService (SCMBlockDeletingService.java:call(138)) - Running DeletedBlockTransactionScanner
2019-09-18 13:04:24,594 [SCMBlockDeletingService#0] DEBUG block.SCMBlockDeletingService (SCMBlockDeletingService.java:call(155)) - Scanned deleted blocks log and got 0 delTX to process.
2019-09-18 13:04:24,642 [grpc-default-executor-0] INFO  client.GrpcClientProtocolClient (GrpcClientProtocolClient.java:onNext(264)) - client-8C798EE064B2->dd0a3b65-d36c-4f93-b232-3c8e6f6667b6: receive RaftClientReply:client-8C798EE064B2->dd0a3b65-d36c-4f93-b232-3c8e6f6667b6@group-B02456D89C11, cid=1813, SUCCESS, logIndex=2575, commits[dd0a3b65-d36c-4f93-b232-3c8e6f6667b6:c2578]
2019-09-18 13:04:24,643 [grpc-default-executor-0] INFO  client.GrpcClientProtocolClient (GrpcClientProtocolClient.java:onNext(264)) - client-8C798EE064B2->dd0a3b65-d36c-4f93-b232-3c8e6f6667b6: receive RaftClientReply:client-8C798EE064B2->dd0a3b65-d36c-4f93-b232-3c8e6f6667b6@group-B02456D89C11, cid=1814, SUCCESS, logIndex=2576, commits[dd0a3b65-d36c-4f93-b232-3c8e6f6667b6:c2579]
2019-09-18 13:04:24,643 [grpc-default-executor-0] INFO  client.GrpcClientProtocolClient (GrpcClientProtocolClient.java:onNext(264)) - client-8C798EE064B2->dd0a3b65-d36c-4f93-b232-3c8e6f6667b6: receive RaftClientReply:client-8C798EE064B2->dd0a3b65-d36c-4f93-b232-3c8e6f6667b6@group-B02456D89C11, cid=1815, SUCCESS, logIndex=2577, commits[dd0a3b65-d36c-4f93-b232-3c8e6f6667b6:c2579]
2019-09-18 13:04:24,643 [grpc-default-executor-0] INFO  client.GrpcClientProtocolClient (GrpcClientProtocolClient.java:onNext(264)) - client-8C798EE064B2->dd0a3b65-d36c-4f93-b232-3c8e6f6667b6: receive RaftClientReply:client-8C798EE064B2->dd0a3b65-d36c-4f93-b232-3c8e6f6667b6@group-B02456D89C11, cid=1816, SUCCESS, logIndex=2578, commits[dd0a3b65-d36c-4f93-b232-3c8e6f6667b6:c2579]
2019-09-18 13:04:24,675 [grpc-default-executor-1] INFO  client.GrpcClientProtocolClient (GrpcClientProtocolClient.java:onNext(264)) - client-8C798EE064B2->dd0a3b65-d36c-4f93-b232-3c8e6f6667b6: receive RaftClientReply:client-8C798EE064B2->dd0a3b65-d36c-4f93-b232-3c8e6f6667b6@group-B02456D89C11, cid=1817, SUCCESS, logIndex=2580, commits[dd0a3b65-d36c-4f93-b232-3c8e6f6667b6:c2583]
2019-09-18 13:04:24,676 [grpc-default-executor-1] INFO  client.GrpcClientProtocolClient (GrpcClientProtocolClient.java:onNext(264)) - client-8C798EE064B2->dd0a3b65-d36c-4f93-b232-3c8e6f6667b6: receive RaftClientReply:client-8C798EE064B2->dd0a3b65-d36c-4f93-b232-3c8e6f6667b6@group-B02456D89C11, cid=1818, SUCCESS, logIndex=2581, commits[dd0a3b65-d36c-4f93-b232-3c8e6f6667b6:c2584]
2019-09-18 13:04:24,676 [grpc-default-executor-1] INFO  client.GrpcClientProtocolClient (GrpcClientProtocolClient.java:onNext(264)) - client-8C798EE064B2->dd0a3b65-d36c-4f93-b232-3c8e6f6667b6: receive RaftClientReply:client-8C798EE064B2->dd0a3b65-d36c-4f93-b232-3c8e6f6667b6@group-B02456D89C11, cid=1819, SUCCESS, logIndex=2582, commits[dd0a3b65-d36c-4f93-b232-3c8e6f6667b6:c2584]
2019-09-18 13:04:24,676 [grpc-default-executor-1] INFO  client.GrpcClientProtocolClient (GrpcClientProtocolClient.java:onNext(264)) - client-8C798EE064B2->dd0a3b65-d36c-4f93-b232-3c8e6f6667b6: receive RaftClientReply:client-8C798EE064B2->dd0a3b65-d36c-4f93-b232-3c8e6f6667b6@group-B02456D89C11, cid=1820, SUCCESS, logIndex=2583, commits[dd0a3b65-d36c-4f93-b232-3c8e6f6667b6:c2584]
2019-09-18 13:04:24,694 [SCMBlockDeletingService#0] DEBUG block.SCMBlockDeletingService (SCMBlockDeletingService.java:call(138)) - Running DeletedBlockTransactionScanner
2019-09-18 13:04:24,694 [SCMBlockDeletingService#0] DEBUG block.SCMBlockDeletingService (SCMBlockDeletingService.java:call(155)) - Scanned deleted blocks log and got 0 delTX to process.
2019-09-18 13:04:24,698 [grpc-default-executor-0] INFO  client.GrpcClientProtocolClient (GrpcClientProtocolClient.java:onNext(264)) - client-8C798EE064B2->dd0a3b65-d36c-4f93-b232-3c8e6f6667b6: receive RaftClientReply:client-8C798EE064B2->dd0a3b65-d36c-4f93-b232-3c8e6f6667b6@group-B02456D89C11, cid=1821, SUCCESS, logIndex=2585, commits[dd0a3b65-d36c-4f93-b232-3c8e6f6667b6:c2588]
2019-09-18 13:04:24,698 [grpc-default-executor-0] INFO  client.GrpcClientProtocolClient (GrpcClientProtocolClient.java:onNext(264)) - client-8C798EE064B2->dd0a3b65-d36c-4f93-b232-3c8e6f6667b6: receive RaftClientReply:client-8C798EE064B2->dd0a3b65-d36c-4f93-b232-3c8e6f6667b6@group-B02456D89C11, cid=1822, SUCCESS, logIndex=2586, commits[dd0a3b65-d36c-4f93-b232-3c8e6f6667b6:c2589]
2019-09-18 13:04:24,699 [grpc-default-executor-0] INFO  client.GrpcClientProtocolClient (GrpcClientProtocolClient.java:onNext(264)) - client-8C798EE064B2->dd0a3b65-d36c-4f93-b232-3c8e6f6667b6: receive RaftClientReply:client-8C798EE064B2->dd0a3b65-d36c-4f93-b232-3c8e6f6667b6@group-B02456D89C11, cid=1823, SUCCESS, logIndex=2587, commits[dd0a3b65-d36c-4f93-b232-3c8e6f6667b6:c2589]
2019-09-18 13:04:24,699 [grpc-default-executor-0] INFO  client.GrpcClientProtocolClient (GrpcClientProtocolClient.java:onNext(264)) - client-8C798EE064B2->dd0a3b65-d36c-4f93-b232-3c8e6f6667b6: receive RaftClientReply:client-8C798EE064B2->dd0a3b65-d36c-4f93-b232-3c8e6f6667b6@group-B02456D89C11, cid=1824, SUCCESS, logIndex=2588, commits[dd0a3b65-d36c-4f93-b232-3c8e6f6667b6:c2589]
2019-09-18 13:04:24,726 [grpc-default-executor-0] INFO  client.GrpcClientProtocolClient (GrpcClientProtocolClient.java:onNext(264)) - client-8C798EE064B2->dd0a3b65-d36c-4f93-b232-3c8e6f6667b6: receive RaftClientReply:client-8C798EE064B2->dd0a3b65-d36c-4f93-b232-3c8e6f6667b6@group-B02456D89C11, cid=1825, SUCCESS, logIndex=2590, commits[dd0a3b65-d36c-4f93-b232-3c8e6f6667b6:c2593]
2019-09-18 13:04:24,727 [grpc-default-executor-0] INFO  client.GrpcClientProtocolClient (GrpcClientProtocolClient.java:onNext(264)) - client-8C798EE064B2->dd0a3b65-d36c-4f93-b232-3c8e6f6667b6: receive RaftClientReply:client-8C798EE064B2->dd0a3b65-d36c-4f93-b232-3c8e6f6667b6@group-B02456D89C11, cid=1826, SUCCESS, logIndex=2591, commits[dd0a3b65-d36c-4f93-b232-3c8e6f6667b6:c2594]
2019-09-18 13:04:24,727 [grpc-default-executor-0] INFO  client.GrpcClientProtocolClient (GrpcClientProtocolClient.java:onNext(264)) - client-8C798EE064B2->dd0a3b65-d36c-4f93-b232-3c8e6f6667b6: receive RaftClientReply:client-8C798EE064B2->dd0a3b65-d36c-4f93-b232-3c8e6f6667b6@group-B02456D89C11, cid=1827, SUCCESS, logIndex=2592, commits[dd0a3b65-d36c-4f93-b232-3c8e6f6667b6:c2594]
2019-09-18 13:04:24,727 [grpc-default-executor-0] INFO  client.GrpcClientProtocolClient (GrpcClientProtocolClient.java:onNext(264)) - client-8C798EE064B2->dd0a3b65-d36c-4f93-b232-3c8e6f6667b6: receive RaftClientReply:client-8C798EE064B2->dd0a3b65-d36c-4f93-b232-3c8e6f6667b6@group-B02456D89C11, cid=1828, SUCCESS, logIndex=2593, commits[dd0a3b65-d36c-4f93-b232-3c8e6f6667b6:c2594]
2019-09-18 13:04:24,750 [grpc-default-executor-1] INFO  client.GrpcClientProtocolClient (GrpcClientProtocolClient.java:onNext(264)) - client-8C798EE064B2->dd0a3b65-d36c-4f93-b232-3c8e6f6667b6: receive RaftClientReply:client-8C798EE064B2->dd0a3b65-d36c-4f93-b232-3c8e6f6667b6@group-B02456D89C11, cid=1829, SUCCESS, logIndex=2595, commits[dd0a3b65-d36c-4f93-b232-3c8e6f6667b6:c2598]
2019-09-18 13:04:24,750 [grpc-default-executor-1] INFO  client.GrpcClientProtocolClient (GrpcClientProtocolClient.java:onNext(264)) - client-8C798EE064B2->dd0a3b65-d36c-4f93-b232-3c8e6f6667b6: receive RaftClientReply:client-8C798EE064B2->dd0a3b65-d36c-4f93-b232-3c8e6f6667b6@group-B02456D89C11, cid=1830, SUCCESS, logIndex=2596, commits[dd0a3b65-d36c-4f93-b232-3c8e6f6667b6:c2599]
2019-09-18 13:04:24,751 [grpc-default-executor-1] INFO  client.GrpcClientProtocolClient (GrpcClientProtocolClient.java:onNext(264)) - client-8C798EE064B2->dd0a3b65-d36c-4f93-b232-3c8e6f6667b6: receive RaftClientReply:client-8C798EE064B2->dd0a3b65-d36c-4f93-b232-3c8e6f6667b6@group-B02456D89C11, cid=1831, SUCCESS, logIndex=2597, commits[dd0a3b65-d36c-4f93-b232-3c8e6f6667b6:c2599]
2019-09-18 13:04:24,751 [grpc-default-executor-1] INFO  client.GrpcClientProtocolClient (GrpcClientProtocolClient.java:onNext(264)) - client-8C798EE064B2->dd0a3b65-d36c-4f93-b232-3c8e6f6667b6: receive RaftClientReply:client-8C798EE064B2->dd0a3b65-d36c-4f93-b232-3c8e6f6667b6@group-B02456D89C11, cid=1832, SUCCESS, logIndex=2598, commits[dd0a3b65-d36c-4f93-b232-3c8e6f6667b6:c2599]
2019-09-18 13:04:24,779 [grpc-default-executor-0] INFO  client.GrpcClientProtocolClient (GrpcClientProtocolClient.java:onNext(264)) - client-8C798EE064B2->dd0a3b65-d36c-4f93-b232-3c8e6f6667b6: receive RaftClientReply:client-8C798EE064B2->dd0a3b65-d36c-4f93-b232-3c8e6f6667b6@group-B02456D89C11, cid=1833, SUCCESS, logIndex=2600, commits[dd0a3b65-d36c-4f93-b232-3c8e6f6667b6:c2603]
2019-09-18 13:04:24,779 [grpc-default-executor-0] INFO  client.GrpcClientProtocolClient (GrpcClientProtocolClient.java:onNext(264)) - client-8C798EE064B2->dd0a3b65-d36c-4f93-b232-3c8e6f6667b6: receive RaftClientReply:client-8C798EE064B2->dd0a3b65-d36c-4f93-b232-3c8e6f6667b6@group-B02456D89C11, cid=1834, SUCCESS, logIndex=2601, commits[dd0a3b65-d36c-4f93-b232-3c8e6f6667b6:c2604]
2019-09-18 13:04:24,780 [grpc-default-executor-0] INFO  client.GrpcClientProtocolClient (GrpcClientProtocolClient.java:onNext(264)) - client-8C798EE064B2->dd0a3b65-d36c-4f93-b232-3c8e6f6667b6: receive RaftClientReply:client-8C798EE064B2->dd0a3b65-d36c-4f93-b232-3c8e6f6667b6@group-B02456D89C11, cid=1835, SUCCESS, logIndex=2602, commits[dd0a3b65-d36c-4f93-b232-3c8e6f6667b6:c2604]
2019-09-18 13:04:24,780 [grpc-default-executor-0] INFO  client.GrpcClientProtocolClient (GrpcClientProtocolClient.java:onNext(264)) - client-8C798EE064B2->dd0a3b65-d36c-4f93-b232-3c8e6f6667b6: receive RaftClientReply:client-8C798EE064B2->dd0a3b65-d36c-4f93-b232-3c8e6f6667b6@group-B02456D89C11, cid=1836, SUCCESS, logIndex=2603, commits[dd0a3b65-d36c-4f93-b232-3c8e6f6667b6:c2604]
2019-09-18 13:04:24,794 [SCMBlockDeletingService#0] DEBUG block.SCMBlockDeletingService (SCMBlockDeletingService.java:call(138)) - Running DeletedBlockTransactionScanner
2019-09-18 13:04:24,795 [SCMBlockDeletingService#0] DEBUG block.SCMBlockDeletingService (SCMBlockDeletingService.java:call(155)) - Scanned deleted blocks log and got 0 delTX to process.
2019-09-18 13:04:24,798 [grpc-default-executor-0] INFO  client.GrpcClientProtocolClient (GrpcClientProtocolClient.java:onNext(264)) - client-8C798EE064B2->dd0a3b65-d36c-4f93-b232-3c8e6f6667b6: receive RaftClientReply:client-8C798EE064B2->dd0a3b65-d36c-4f93-b232-3c8e6f6667b6@group-B02456D89C11, cid=1837, SUCCESS, logIndex=2605, commits[dd0a3b65-d36c-4f93-b232-3c8e6f6667b6:c2606]
2019-09-18 13:04:24,798 [grpc-default-executor-0] INFO  client.GrpcClientProtocolClient (GrpcClientProtocolClient.java:onNext(264)) - client-8C798EE064B2->dd0a3b65-d36c-4f93-b232-3c8e6f6667b6: receive RaftClientReply:client-8C798EE064B2->dd0a3b65-d36c-4f93-b232-3c8e6f6667b6@group-B02456D89C11, cid=1838, SUCCESS, logIndex=2606, commits[dd0a3b65-d36c-4f93-b232-3c8e6f6667b6:c2608]
2019-09-18 13:04:24,799 [grpc-default-executor-0] INFO  client.GrpcClientProtocolClient (GrpcClientProtocolClient.java:onNext(264)) - client-8C798EE064B2->dd0a3b65-d36c-4f93-b232-3c8e6f6667b6: receive RaftClientReply:client-8C798EE064B2->dd0a3b65-d36c-4f93-b232-3c8e6f6667b6@group-B02456D89C11, cid=1839, SUCCESS, logIndex=2607, commits[dd0a3b65-d36c-4f93-b232-3c8e6f6667b6:c2608]
2019-09-18 13:04:24,799 [grpc-default-executor-0] INFO  client.GrpcClientProtocolClient (GrpcClientProtocolClient.java:onNext(264)) - client-8C798EE064B2->dd0a3b65-d36c-4f93-b232-3c8e6f6667b6: receive RaftClientReply:client-8C798EE064B2->dd0a3b65-d36c-4f93-b232-3c8e6f6667b6@group-B02456D89C11, cid=1840, SUCCESS, logIndex=2608, commits[dd0a3b65-d36c-4f93-b232-3c8e6f6667b6:c2609]
2019-09-18 13:04:24,825 [grpc-default-executor-0] INFO  client.GrpcClientProtocolClient (GrpcClientProtocolClient.java:onNext(264)) - client-8C798EE064B2->dd0a3b65-d36c-4f93-b232-3c8e6f6667b6: receive RaftClientReply:client-8C798EE064B2->dd0a3b65-d36c-4f93-b232-3c8e6f6667b6@group-B02456D89C11, cid=1841, SUCCESS, logIndex=2611, commits[dd0a3b65-d36c-4f93-b232-3c8e6f6667b6:c2614]
2019-09-18 13:04:24,826 [grpc-default-executor-0] INFO  client.GrpcClientProtocolClient (GrpcClientProtocolClient.java:onNext(264)) - client-8C798EE064B2->dd0a3b65-d36c-4f93-b232-3c8e6f6667b6: receive RaftClientReply:client-8C798EE064B2->dd0a3b65-d36c-4f93-b232-3c8e6f6667b6@group-B02456D89C11, cid=1842, SUCCESS, logIndex=2612, commits[dd0a3b65-d36c-4f93-b232-3c8e6f6667b6:c2615]
2019-09-18 13:04:24,826 [grpc-default-executor-0] INFO  client.GrpcClientProtocolClient (GrpcClientProtocolClient.java:onNext(264)) - client-8C798EE064B2->dd0a3b65-d36c-4f93-b232-3c8e6f6667b6: receive RaftClientReply:client-8C798EE064B2->dd0a3b65-d36c-4f93-b232-3c8e6f6667b6@group-B02456D89C11, cid=1843, SUCCESS, logIndex=2613, commits[dd0a3b65-d36c-4f93-b232-3c8e6f6667b6:c2615]
2019-09-18 13:04:24,826 [grpc-default-executor-0] INFO  client.GrpcClientProtocolClient (GrpcClientProtocolClient.java:onNext(264)) - client-8C798EE064B2->dd0a3b65-d36c-4f93-b232-3c8e6f6667b6: receive RaftClientReply:client-8C798EE064B2->dd0a3b65-d36c-4f93-b232-3c8e6f6667b6@group-B02456D89C11, cid=1844, SUCCESS, logIndex=2614, commits[dd0a3b65-d36c-4f93-b232-3c8e6f6667b6:c2615]
2019-09-18 13:04:24,846 [grpc-default-executor-1] INFO  client.GrpcClientProtocolClient (GrpcClientProtocolClient.java:onNext(264)) - client-8C798EE064B2->dd0a3b65-d36c-4f93-b232-3c8e6f6667b6: receive RaftClientReply:client-8C798EE064B2->dd0a3b65-d36c-4f93-b232-3c8e6f6667b6@group-B02456D89C11, cid=1845, SUCCESS, logIndex=2616, commits[dd0a3b65-d36c-4f93-b232-3c8e6f6667b6:c2619]
2019-09-18 13:04:24,847 [grpc-default-executor-1] INFO  client.GrpcClientProtocolClient (GrpcClientProtocolClient.java:onNext(264)) - client-8C798EE064B2->dd0a3b65-d36c-4f93-b232-3c8e6f6667b6: receive RaftClientReply:client-8C798EE064B2->dd0a3b65-d36c-4f93-b232-3c8e6f6667b6@group-B02456D89C11, cid=1846, SUCCESS, logIndex=2617, commits[dd0a3b65-d36c-4f93-b232-3c8e6f6667b6:c2620]
2019-09-18 13:04:24,847 [grpc-default-executor-1] INFO  client.GrpcClientProtocolClient (GrpcClientProtocolClient.java:onNext(264)) - client-8C798EE064B2->dd0a3b65-d36c-4f93-b232-3c8e6f6667b6: receive RaftClientReply:client-8C798EE064B2->dd0a3b65-d36c-4f93-b232-3c8e6f6667b6@group-B02456D89C11, cid=1847, SUCCESS, logIndex=2618, commits[dd0a3b65-d36c-4f93-b232-3c8e6f6667b6:c2620]
2019-09-18 13:04:24,848 [grpc-default-executor-1] INFO  client.GrpcClientProtocolClient (GrpcClientProtocolClient.java:onNext(264)) - client-8C798EE064B2->dd0a3b65-d36c-4f93-b232-3c8e6f6667b6: receive RaftClientReply:client-8C798EE064B2->dd0a3b65-d36c-4f93-b232-3c8e6f6667b6@group-B02456D89C11, cid=1848, SUCCESS, logIndex=2619, commits[dd0a3b65-d36c-4f93-b232-3c8e6f6667b6:c2620]
2019-09-18 13:04:24,870 [grpc-default-executor-1] INFO  client.GrpcClientProtocolClient (GrpcClientProtocolClient.java:onNext(264)) - client-8C798EE064B2->dd0a3b65-d36c-4f93-b232-3c8e6f6667b6: receive RaftClientReply:client-8C798EE064B2->dd0a3b65-d36c-4f93-b232-3c8e6f6667b6@group-B02456D89C11, cid=1849, SUCCESS, logIndex=2621, commits[dd0a3b65-d36c-4f93-b232-3c8e6f6667b6:c2622]
2019-09-18 13:04:24,871 [grpc-default-executor-1] INFO  client.GrpcClientProtocolClient (GrpcClientProtocolClient.java:onNext(264)) - client-8C798EE064B2->dd0a3b65-d36c-4f93-b232-3c8e6f6667b6: receive RaftClientReply:client-8C798EE064B2->dd0a3b65-d36c-4f93-b232-3c8e6f6667b6@group-B02456D89C11, cid=1850, SUCCESS, logIndex=2622, commits[dd0a3b65-d36c-4f93-b232-3c8e6f6667b6:c2622]
2019-09-18 13:04:24,871 [grpc-default-executor-1] INFO  client.GrpcClientProtocolClient (GrpcClientProtocolClient.java:onNext(264)) - client-8C798EE064B2->dd0a3b65-d36c-4f93-b232-3c8e6f6667b6: receive RaftClientReply:client-8C798EE064B2->dd0a3b65-d36c-4f93-b232-3c8e6f6667b6@group-B02456D89C11, cid=1851, SUCCESS, logIndex=2623, commits[dd0a3b65-d36c-4f93-b232-3c8e6f6667b6:c2624]
2019-09-18 13:04:24,871 [grpc-default-executor-1] INFO  client.GrpcClientProtocolClient (GrpcClientProtocolClient.java:onNext(264)) - client-8C798EE064B2->dd0a3b65-d36c-4f93-b232-3c8e6f6667b6: receive RaftClientReply:client-8C798EE064B2->dd0a3b65-d36c-4f93-b232-3c8e6f6667b6@group-B02456D89C11, cid=1852, SUCCESS, logIndex=2624, commits[dd0a3b65-d36c-4f93-b232-3c8e6f6667b6:c2624]
2019-09-18 13:04:24,890 [grpc-default-executor-0] INFO  client.GrpcClientProtocolClient (GrpcClientProtocolClient.java:onNext(264)) - client-8C798EE064B2->dd0a3b65-d36c-4f93-b232-3c8e6f6667b6: receive RaftClientReply:client-8C798EE064B2->dd0a3b65-d36c-4f93-b232-3c8e6f6667b6@group-B02456D89C11, cid=1853, SUCCESS, logIndex=2627, commits[dd0a3b65-d36c-4f93-b232-3c8e6f6667b6:c2630]
2019-09-18 13:04:24,890 [grpc-default-executor-0] INFO  client.GrpcClientProtocolClient (GrpcClientProtocolClient.java:onNext(264)) - client-8C798EE064B2->dd0a3b65-d36c-4f93-b232-3c8e6f6667b6: receive RaftClientReply:client-8C798EE064B2->dd0a3b65-d36c-4f93-b232-3c8e6f6667b6@group-B02456D89C11, cid=1854, SUCCESS, logIndex=2628, commits[dd0a3b65-d36c-4f93-b232-3c8e6f6667b6:c2631]
2019-09-18 13:04:24,891 [grpc-default-executor-0] INFO  client.GrpcClientProtocolClient (GrpcClientProtocolClient.java:onNext(264)) - client-8C798EE064B2->dd0a3b65-d36c-4f93-b232-3c8e6f6667b6: receive RaftClientReply:client-8C798EE064B2->dd0a3b65-d36c-4f93-b232-3c8e6f6667b6@group-B02456D89C11, cid=1855, SUCCESS, logIndex=2629, commits[dd0a3b65-d36c-4f93-b232-3c8e6f6667b6:c2631]
2019-09-18 13:04:24,891 [grpc-default-executor-0] INFO  client.GrpcClientProtocolClient (GrpcClientProtocolClient.java:onNext(264)) - client-8C798EE064B2->dd0a3b65-d36c-4f93-b232-3c8e6f6667b6: receive RaftClientReply:client-8C798EE064B2->dd0a3b65-d36c-4f93-b232-3c8e6f6667b6@group-B02456D89C11, cid=1856, SUCCESS, logIndex=2630, commits[dd0a3b65-d36c-4f93-b232-3c8e6f6667b6:c2631]
2019-09-18 13:04:24,895 [SCMBlockDeletingService#0] DEBUG block.SCMBlockDeletingService (SCMBlockDeletingService.java:call(138)) - Running DeletedBlockTransactionScanner
2019-09-18 13:04:24,895 [SCMBlockDeletingService#0] DEBUG block.SCMBlockDeletingService (SCMBlockDeletingService.java:call(155)) - Scanned deleted blocks log and got 0 delTX to process.
2019-09-18 13:04:24,995 [SCMBlockDeletingService#0] DEBUG block.SCMBlockDeletingService (SCMBlockDeletingService.java:call(138)) - Running DeletedBlockTransactionScanner
2019-09-18 13:04:24,996 [SCMBlockDeletingService#0] DEBUG block.SCMBlockDeletingService (SCMBlockDeletingService.java:call(155)) - Scanned deleted blocks log and got 0 delTX to process.
2019-09-18 13:04:25,005 [grpc-default-executor-0] INFO  client.GrpcClientProtocolClient (GrpcClientProtocolClient.java:onNext(264)) - client-8C798EE064B2->dd0a3b65-d36c-4f93-b232-3c8e6f6667b6: receive RaftClientReply:client-8C798EE064B2->dd0a3b65-d36c-4f93-b232-3c8e6f6667b6@group-B02456D89C11, cid=1857, SUCCESS, logIndex=2632, commits[dd0a3b65-d36c-4f93-b232-3c8e6f6667b6:c2637]
2019-09-18 13:04:25,006 [grpc-default-executor-0] INFO  client.GrpcClientProtocolClient (GrpcClientProtocolClient.java:onNext(264)) - client-8C798EE064B2->dd0a3b65-d36c-4f93-b232-3c8e6f6667b6: receive RaftClientReply:client-8C798EE064B2->dd0a3b65-d36c-4f93-b232-3c8e6f6667b6@group-B02456D89C11, cid=1858, SUCCESS, logIndex=2633, commits[dd0a3b65-d36c-4f93-b232-3c8e6f6667b6:c2637]
2019-09-18 13:04:25,006 [grpc-default-executor-0] INFO  client.GrpcClientProtocolClient (GrpcClientProtocolClient.java:onNext(264)) - client-8C798EE064B2->dd0a3b65-d36c-4f93-b232-3c8e6f6667b6: receive RaftClientReply:client-8C798EE064B2->dd0a3b65-d36c-4f93-b232-3c8e6f6667b6@group-B02456D89C11, cid=1859, SUCCESS, logIndex=2634, commits[dd0a3b65-d36c-4f93-b232-3c8e6f6667b6:c2637]
2019-09-18 13:04:25,006 [grpc-default-executor-0] INFO  client.GrpcClientProtocolClient (GrpcClientProtocolClient.java:onNext(264)) - client-8C798EE064B2->dd0a3b65-d36c-4f93-b232-3c8e6f6667b6: receive RaftClientReply:client-8C798EE064B2->dd0a3b65-d36c-4f93-b232-3c8e6f6667b6@group-B02456D89C11, cid=1860, SUCCESS, logIndex=2635, commits[dd0a3b65-d36c-4f93-b232-3c8e6f6667b6:c2637]
2019-09-18 13:04:25,024 [grpc-default-executor-1] INFO  client.GrpcClientProtocolClient (GrpcClientProtocolClient.java:onNext(264)) - client-8C798EE064B2->dd0a3b65-d36c-4f93-b232-3c8e6f6667b6: receive RaftClientReply:client-8C798EE064B2->dd0a3b65-d36c-4f93-b232-3c8e6f6667b6@group-B02456D89C11, cid=1861, SUCCESS, logIndex=2638, commits[dd0a3b65-d36c-4f93-b232-3c8e6f6667b6:c2639]
2019-09-18 13:04:25,025 [grpc-default-executor-1] INFO  client.GrpcClientProtocolClient (GrpcClientProtocolClient.java:onNext(264)) - client-8C798EE064B2->dd0a3b65-d36c-4f93-b232-3c8e6f6667b6: receive RaftClientReply:client-8C798EE064B2->dd0a3b65-d36c-4f93-b232-3c8e6f6667b6@group-B02456D89C11, cid=1862, SUCCESS, logIndex=2639, commits[dd0a3b65-d36c-4f93-b232-3c8e6f6667b6:c2641]
2019-09-18 13:04:25,025 [grpc-default-executor-1] INFO  client.GrpcClientProtocolClient (GrpcClientProtocolClient.java:onNext(264)) - client-8C798EE064B2->dd0a3b65-d36c-4f93-b232-3c8e6f6667b6: receive RaftClientReply:client-8C798EE064B2->dd0a3b65-d36c-4f93-b232-3c8e6f6667b6@group-B02456D89C11, cid=1863, SUCCESS, logIndex=2640, commits[dd0a3b65-d36c-4f93-b232-3c8e6f6667b6:c2641]
2019-09-18 13:04:25,025 [grpc-default-executor-1] INFO  client.GrpcClientProtocolClient (GrpcClientProtocolClient.java:onNext(264)) - client-8C798EE064B2->dd0a3b65-d36c-4f93-b232-3c8e6f6667b6: receive RaftClientReply:client-8C798EE064B2->dd0a3b65-d36c-4f93-b232-3c8e6f6667b6@group-B02456D89C11, cid=1864, SUCCESS, logIndex=2641, commits[dd0a3b65-d36c-4f93-b232-3c8e6f6667b6:c2641]
2019-09-18 13:04:25,055 [grpc-default-executor-0] INFO  client.GrpcClientProtocolClient (GrpcClientProtocolClient.java:onNext(264)) - client-8C798EE064B2->dd0a3b65-d36c-4f93-b232-3c8e6f6667b6: receive RaftClientReply:client-8C798EE064B2->dd0a3b65-d36c-4f93-b232-3c8e6f6667b6@group-B02456D89C11, cid=1865, SUCCESS, logIndex=2644, commits[dd0a3b65-d36c-4f93-b232-3c8e6f6667b6:c2647]
2019-09-18 13:04:25,055 [grpc-default-executor-0] INFO  client.GrpcClientProtocolClient (GrpcClientProtocolClient.java:onNext(264)) - client-8C798EE064B2->dd0a3b65-d36c-4f93-b232-3c8e6f6667b6: receive RaftClientReply:client-8C798EE064B2->dd0a3b65-d36c-4f93-b232-3c8e6f6667b6@group-B02456D89C11, cid=1866, SUCCESS, logIndex=2645, commits[dd0a3b65-d36c-4f93-b232-3c8e6f6667b6:c2648]
2019-09-18 13:04:25,055 [grpc-default-executor-0] INFO  client.GrpcClientProtocolClient (GrpcClientProtocolClient.java:onNext(264)) - client-8C798EE064B2->dd0a3b65-d36c-4f93-b232-3c8e6f6667b6: receive RaftClientReply:client-8C798EE064B2->dd0a3b65-d36c-4f93-b232-3c8e6f6667b6@group-B02456D89C11, cid=1867, SUCCESS, logIndex=2646, commits[dd0a3b65-d36c-4f93-b232-3c8e6f6667b6:c2648]
2019-09-18 13:04:25,056 [grpc-default-executor-0] INFO  client.GrpcClientProtocolClient (GrpcClientProtocolClient.java:onNext(264)) - client-8C798EE064B2->dd0a3b65-d36c-4f93-b232-3c8e6f6667b6: receive RaftClientReply:client-8C798EE064B2->dd0a3b65-d36c-4f93-b232-3c8e6f6667b6@group-B02456D89C11, cid=1868, SUCCESS, logIndex=2647, commits[dd0a3b65-d36c-4f93-b232-3c8e6f6667b6:c2648]
2019-09-18 13:04:25,075 [grpc-default-executor-0] INFO  client.GrpcClientProtocolClient (GrpcClientProtocolClient.java:onNext(264)) - client-8C798EE064B2->dd0a3b65-d36c-4f93-b232-3c8e6f6667b6: receive RaftClientReply:client-8C798EE064B2->dd0a3b65-d36c-4f93-b232-3c8e6f6667b6@group-B02456D89C11, cid=1869, SUCCESS, logIndex=2649, commits[dd0a3b65-d36c-4f93-b232-3c8e6f6667b6:c2652]
2019-09-18 13:04:25,075 [grpc-default-executor-0] INFO  client.GrpcClientProtocolClient (GrpcClientProtocolClient.java:onNext(264)) - client-8C798EE064B2->dd0a3b65-d36c-4f93-b232-3c8e6f6667b6: receive RaftClientReply:client-8C798EE064B2->dd0a3b65-d36c-4f93-b232-3c8e6f6667b6@group-B02456D89C11, cid=1870, SUCCESS, logIndex=2650, commits[dd0a3b65-d36c-4f93-b232-3c8e6f6667b6:c2652]
2019-09-18 13:04:25,075 [grpc-default-executor-0] INFO  client.GrpcClientProtocolClient (GrpcClientProtocolClient.java:onNext(264)) - client-8C798EE064B2->dd0a3b65-d36c-4f93-b232-3c8e6f6667b6: receive RaftClientReply:client-8C798EE064B2->dd0a3b65-d36c-4f93-b232-3c8e6f6667b6@group-B02456D89C11, cid=1871, SUCCESS, logIndex=2651, commits[dd0a3b65-d36c-4f93-b232-3c8e6f6667b6:c2653]
2019-09-18 13:04:25,076 [grpc-default-executor-0] INFO  client.GrpcClientProtocolClient (GrpcClientProtocolClient.java:onNext(264)) - client-8C798EE064B2->dd0a3b65-d36c-4f93-b232-3c8e6f6667b6: receive RaftClientReply:client-8C798EE064B2->dd0a3b65-d36c-4f93-b232-3c8e6f6667b6@group-B02456D89C11, cid=1872, SUCCESS, logIndex=2652, commits[dd0a3b65-d36c-4f93-b232-3c8e6f6667b6:c2653]
2019-09-18 13:04:25,096 [SCMBlockDeletingService#0] DEBUG block.SCMBlockDeletingService (SCMBlockDeletingService.java:call(138)) - Running DeletedBlockTransactionScanner
2019-09-18 13:04:25,096 [SCMBlockDeletingService#0] DEBUG block.SCMBlockDeletingService (SCMBlockDeletingService.java:call(155)) - Scanned deleted blocks log and got 0 delTX to process.
2019-09-18 13:04:25,101 [grpc-default-executor-0] INFO  client.GrpcClientProtocolClient (GrpcClientProtocolClient.java:onNext(264)) - client-8C798EE064B2->dd0a3b65-d36c-4f93-b232-3c8e6f6667b6: receive RaftClientReply:client-8C798EE064B2->dd0a3b65-d36c-4f93-b232-3c8e6f6667b6@group-B02456D89C11, cid=1873, SUCCESS, logIndex=2654, commits[dd0a3b65-d36c-4f93-b232-3c8e6f6667b6:c2657]
2019-09-18 13:04:25,102 [grpc-default-executor-0] INFO  client.GrpcClientProtocolClient (GrpcClientProtocolClient.java:onNext(264)) - client-8C798EE064B2->dd0a3b65-d36c-4f93-b232-3c8e6f6667b6: receive RaftClientReply:client-8C798EE064B2->dd0a3b65-d36c-4f93-b232-3c8e6f6667b6@group-B02456D89C11, cid=1874, SUCCESS, logIndex=2655, commits[dd0a3b65-d36c-4f93-b232-3c8e6f6667b6:c2658]
2019-09-18 13:04:25,102 [grpc-default-executor-0] INFO  client.GrpcClientProtocolClient (GrpcClientProtocolClient.java:onNext(264)) - client-8C798EE064B2->dd0a3b65-d36c-4f93-b232-3c8e6f6667b6: receive RaftClientReply:client-8C798EE064B2->dd0a3b65-d36c-4f93-b232-3c8e6f6667b6@group-B02456D89C11, cid=1875, SUCCESS, logIndex=2656, commits[dd0a3b65-d36c-4f93-b232-3c8e6f6667b6:c2658]
2019-09-18 13:04:25,102 [grpc-default-executor-0] INFO  client.GrpcClientProtocolClient (GrpcClientProtocolClient.java:onNext(264)) - client-8C798EE064B2->dd0a3b65-d36c-4f93-b232-3c8e6f6667b6: receive RaftClientReply:client-8C798EE064B2->dd0a3b65-d36c-4f93-b232-3c8e6f6667b6@group-B02456D89C11, cid=1876, SUCCESS, logIndex=2657, commits[dd0a3b65-d36c-4f93-b232-3c8e6f6667b6:c2658]
2019-09-18 13:04:25,121 [grpc-default-executor-0] INFO  client.GrpcClientProtocolClient (GrpcClientProtocolClient.java:onNext(264)) - client-8C798EE064B2->dd0a3b65-d36c-4f93-b232-3c8e6f6667b6: receive RaftClientReply:client-8C798EE064B2->dd0a3b65-d36c-4f93-b232-3c8e6f6667b6@group-B02456D89C11, cid=1877, SUCCESS, logIndex=2659, commits[dd0a3b65-d36c-4f93-b232-3c8e6f6667b6:c2662]
2019-09-18 13:04:25,122 [grpc-default-executor-0] INFO  client.GrpcClientProtocolClient (GrpcClientProtocolClient.java:onNext(264)) - client-8C798EE064B2->dd0a3b65-d36c-4f93-b232-3c8e6f6667b6: receive RaftClientReply:client-8C798EE064B2->dd0a3b65-d36c-4f93-b232-3c8e6f6667b6@group-B02456D89C11, cid=1878, SUCCESS, logIndex=2660, commits[dd0a3b65-d36c-4f93-b232-3c8e6f6667b6:c2663]
2019-09-18 13:04:25,122 [grpc-default-executor-0] INFO  client.GrpcClientProtocolClient (GrpcClientProtocolClient.java:onNext(264)) - client-8C798EE064B2->dd0a3b65-d36c-4f93-b232-3c8e6f6667b6: receive RaftClientReply:client-8C798EE064B2->dd0a3b65-d36c-4f93-b232-3c8e6f6667b6@group-B02456D89C11, cid=1879, SUCCESS, logIndex=2661, commits[dd0a3b65-d36c-4f93-b232-3c8e6f6667b6:c2663]
2019-09-18 13:04:25,122 [grpc-default-executor-0] INFO  client.GrpcClientProtocolClient (GrpcClientProtocolClient.java:onNext(264)) - client-8C798EE064B2->dd0a3b65-d36c-4f93-b232-3c8e6f6667b6: receive RaftClientReply:client-8C798EE064B2->dd0a3b65-d36c-4f93-b232-3c8e6f6667b6@group-B02456D89C11, cid=1880, SUCCESS, logIndex=2662, commits[dd0a3b65-d36c-4f93-b232-3c8e6f6667b6:c2663]
2019-09-18 13:04:25,147 [grpc-default-executor-0] INFO  client.GrpcClientProtocolClient (GrpcClientProtocolClient.java:onNext(264)) - client-8C798EE064B2->dd0a3b65-d36c-4f93-b232-3c8e6f6667b6: receive RaftClientReply:client-8C798EE064B2->dd0a3b65-d36c-4f93-b232-3c8e6f6667b6@group-B02456D89C11, cid=1881, SUCCESS, logIndex=2664, commits[dd0a3b65-d36c-4f93-b232-3c8e6f6667b6:c2665]
2019-09-18 13:04:25,148 [grpc-default-executor-0] INFO  client.GrpcClientProtocolClient (GrpcClientProtocolClient.java:onNext(264)) - client-8C798EE064B2->dd0a3b65-d36c-4f93-b232-3c8e6f6667b6: receive RaftClientReply:client-8C798EE064B2->dd0a3b65-d36c-4f93-b232-3c8e6f6667b6@group-B02456D89C11, cid=1882, SUCCESS, logIndex=2665, commits[dd0a3b65-d36c-4f93-b232-3c8e6f6667b6:c2668]
2019-09-18 13:04:25,148 [grpc-default-executor-0] INFO  client.GrpcClientProtocolClient (GrpcClientProtocolClient.java:onNext(264)) - client-8C798EE064B2->dd0a3b65-d36c-4f93-b232-3c8e6f6667b6: receive RaftClientReply:client-8C798EE064B2->dd0a3b65-d36c-4f93-b232-3c8e6f6667b6@group-B02456D89C11, cid=1883, SUCCESS, logIndex=2666, commits[dd0a3b65-d36c-4f93-b232-3c8e6f6667b6:c2668]
2019-09-18 13:04:25,148 [grpc-default-executor-0] INFO  client.GrpcClientProtocolClient (GrpcClientProtocolClient.java:onNext(264)) - client-8C798EE064B2->dd0a3b65-d36c-4f93-b232-3c8e6f6667b6: receive RaftClientReply:client-8C798EE064B2->dd0a3b65-d36c-4f93-b232-3c8e6f6667b6@group-B02456D89C11, cid=1884, SUCCESS, logIndex=2667, commits[dd0a3b65-d36c-4f93-b232-3c8e6f6667b6:c2668]
2019-09-18 13:04:25,169 [grpc-default-executor-1] INFO  client.GrpcClientProtocolClient (GrpcClientProtocolClient.java:onNext(264)) - client-8C798EE064B2->dd0a3b65-d36c-4f93-b232-3c8e6f6667b6: receive RaftClientReply:client-8C798EE064B2->dd0a3b65-d36c-4f93-b232-3c8e6f6667b6@group-B02456D89C11, cid=1885, SUCCESS, logIndex=2669, commits[dd0a3b65-d36c-4f93-b232-3c8e6f6667b6:c2672]
2019-09-18 13:04:25,170 [grpc-default-executor-1] INFO  client.GrpcClientProtocolClient (GrpcClientProtocolClient.java:onNext(264)) - client-8C798EE064B2->dd0a3b65-d36c-4f93-b232-3c8e6f6667b6: receive RaftClientReply:client-8C798EE064B2->dd0a3b65-d36c-4f93-b232-3c8e6f6667b6@group-B02456D89C11, cid=1886, SUCCESS, logIndex=2670, commits[dd0a3b65-d36c-4f93-b232-3c8e6f6667b6:c2672]
2019-09-18 13:04:25,170 [grpc-default-executor-1] INFO  client.GrpcClientProtocolClient (GrpcClientProtocolClient.java:onNext(264)) - client-8C798EE064B2->dd0a3b65-d36c-4f93-b232-3c8e6f6667b6: receive RaftClientReply:client-8C798EE064B2->dd0a3b65-d36c-4f93-b232-3c8e6f6667b6@group-B02456D89C11, cid=1887, SUCCESS, logIndex=2671, commits[dd0a3b65-d36c-4f93-b232-3c8e6f6667b6:c2673]
2019-09-18 13:04:25,170 [grpc-default-executor-1] INFO  client.GrpcClientProtocolClient (GrpcClientProtocolClient.java:onNext(264)) - client-8C798EE064B2->dd0a3b65-d36c-4f93-b232-3c8e6f6667b6: receive RaftClientReply:client-8C798EE064B2->dd0a3b65-d36c-4f93-b232-3c8e6f6667b6@group-B02456D89C11, cid=1888, SUCCESS, logIndex=2672, commits[dd0a3b65-d36c-4f93-b232-3c8e6f6667b6:c2673]
2019-09-18 13:04:25,197 [SCMBlockDeletingService#1] DEBUG block.SCMBlockDeletingService (SCMBlockDeletingService.java:call(138)) - Running DeletedBlockTransactionScanner
2019-09-18 13:04:25,197 [SCMBlockDeletingService#1] DEBUG block.SCMBlockDeletingService (SCMBlockDeletingService.java:call(155)) - Scanned deleted blocks log and got 0 delTX to process.
2019-09-18 13:04:25,200 [grpc-default-executor-1] INFO  client.GrpcClientProtocolClient (GrpcClientProtocolClient.java:onNext(264)) - client-8C798EE064B2->dd0a3b65-d36c-4f93-b232-3c8e6f6667b6: receive RaftClientReply:client-8C798EE064B2->dd0a3b65-d36c-4f93-b232-3c8e6f6667b6@group-B02456D89C11, cid=1889, SUCCESS, logIndex=2674, commits[dd0a3b65-d36c-4f93-b232-3c8e6f6667b6:c2677]
2019-09-18 13:04:25,202 [grpc-default-executor-1] INFO  client.GrpcClientProtocolClient (GrpcClientProtocolClient.java:onNext(264)) - client-8C798EE064B2->dd0a3b65-d36c-4f93-b232-3c8e6f6667b6: receive RaftClientReply:client-8C798EE064B2->dd0a3b65-d36c-4f93-b232-3c8e6f6667b6@group-B02456D89C11, cid=1890, SUCCESS, logIndex=2675, commits[dd0a3b65-d36c-4f93-b232-3c8e6f6667b6:c2678]
2019-09-18 13:04:25,202 [grpc-default-executor-1] INFO  client.GrpcClientProtocolClient (GrpcClientProtocolClient.java:onNext(264)) - client-8C798EE064B2->dd0a3b65-d36c-4f93-b232-3c8e6f6667b6: receive RaftClientReply:client-8C798EE064B2->dd0a3b65-d36c-4f93-b232-3c8e6f6667b6@group-B02456D89C11, cid=1891, SUCCESS, logIndex=2676, commits[dd0a3b65-d36c-4f93-b232-3c8e6f6667b6:c2678]
2019-09-18 13:04:25,202 [grpc-default-executor-1] INFO  client.GrpcClientProtocolClient (GrpcClientProtocolClient.java:onNext(264)) - client-8C798EE064B2->dd0a3b65-d36c-4f93-b232-3c8e6f6667b6: receive RaftClientReply:client-8C798EE064B2->dd0a3b65-d36c-4f93-b232-3c8e6f6667b6@group-B02456D89C11, cid=1892, SUCCESS, logIndex=2677, commits[dd0a3b65-d36c-4f93-b232-3c8e6f6667b6:c2678]
2019-09-18 13:04:25,223 [grpc-default-executor-0] INFO  client.GrpcClientProtocolClient (GrpcClientProtocolClient.java:onNext(264)) - client-8C798EE064B2->dd0a3b65-d36c-4f93-b232-3c8e6f6667b6: receive RaftClientReply:client-8C798EE064B2->dd0a3b65-d36c-4f93-b232-3c8e6f6667b6@group-B02456D89C11, cid=1893, SUCCESS, logIndex=2679, commits[dd0a3b65-d36c-4f93-b232-3c8e6f6667b6:c2680]
2019-09-18 13:04:25,223 [grpc-default-executor-0] INFO  client.GrpcClientProtocolClient (GrpcClientProtocolClient.java:onNext(264)) - client-8C798EE064B2->dd0a3b65-d36c-4f93-b232-3c8e6f6667b6: receive RaftClientReply:client-8C798EE064B2->dd0a3b65-d36c-4f93-b232-3c8e6f6667b6@group-B02456D89C11, cid=1894, SUCCESS, logIndex=2680, commits[dd0a3b65-d36c-4f93-b232-3c8e6f6667b6:c2682]
2019-09-18 13:04:25,224 [grpc-default-executor-0] INFO  client.GrpcClientProtocolClient (GrpcClientProtocolClient.java:onNext(264)) - client-8C798EE064B2->dd0a3b65-d36c-4f93-b232-3c8e6f6667b6: receive RaftClientReply:client-8C798EE064B2->dd0a3b65-d36c-4f93-b232-3c8e6f6667b6@group-B02456D89C11, cid=1895, SUCCESS, logIndex=2681, commits[dd0a3b65-d36c-4f93-b232-3c8e6f6667b6:c2682]
2019-09-18 13:04:25,224 [grpc-default-executor-0] INFO  client.GrpcClientProtocolClient (GrpcClientProtocolClient.java:onNext(264)) - client-8C798EE064B2->dd0a3b65-d36c-4f93-b232-3c8e6f6667b6: receive RaftClientReply:client-8C798EE064B2->dd0a3b65-d36c-4f93-b232-3c8e6f6667b6@group-B02456D89C11, cid=1896, SUCCESS, logIndex=2682, commits[dd0a3b65-d36c-4f93-b232-3c8e6f6667b6:c2683]
2019-09-18 13:04:25,350 [SCMBlockDeletingService#0] DEBUG block.SCMBlockDeletingService (SCMBlockDeletingService.java:call(138)) - Running DeletedBlockTransactionScanner
2019-09-18 13:04:25,350 [SCMBlockDeletingService#0] DEBUG block.SCMBlockDeletingService (SCMBlockDeletingService.java:call(155)) - Scanned deleted blocks log and got 0 delTX to process.
2019-09-18 13:04:25,363 [grpc-default-executor-0] INFO  client.GrpcClientProtocolClient (GrpcClientProtocolClient.java:onNext(264)) - client-8C798EE064B2->dd0a3b65-d36c-4f93-b232-3c8e6f6667b6: receive RaftClientReply:client-8C798EE064B2->dd0a3b65-d36c-4f93-b232-3c8e6f6667b6@group-B02456D89C11, cid=1897, SUCCESS, logIndex=2685, commits[dd0a3b65-d36c-4f93-b232-3c8e6f6667b6:c2686]
2019-09-18 13:04:25,364 [grpc-default-executor-0] INFO  client.GrpcClientProtocolClient (GrpcClientProtocolClient.java:onNext(264)) - client-8C798EE064B2->dd0a3b65-d36c-4f93-b232-3c8e6f6667b6: receive RaftClientReply:client-8C798EE064B2->dd0a3b65-d36c-4f93-b232-3c8e6f6667b6@group-B02456D89C11, cid=1898, SUCCESS, logIndex=2686, commits[dd0a3b65-d36c-4f93-b232-3c8e6f6667b6:c2688]
2019-09-18 13:04:25,365 [grpc-default-executor-0] INFO  client.GrpcClientProtocolClient (GrpcClientProtocolClient.java:onNext(264)) - client-8C798EE064B2->dd0a3b65-d36c-4f93-b232-3c8e6f6667b6: receive RaftClientReply:client-8C798EE064B2->dd0a3b65-d36c-4f93-b232-3c8e6f6667b6@group-B02456D89C11, cid=1899, SUCCESS, logIndex=2687, commits[dd0a3b65-d36c-4f93-b232-3c8e6f6667b6:c2689]
2019-09-18 13:04:25,365 [grpc-default-executor-0] INFO  client.GrpcClientProtocolClient (GrpcClientProtocolClient.java:onNext(264)) - client-8C798EE064B2->dd0a3b65-d36c-4f93-b232-3c8e6f6667b6: receive RaftClientReply:client-8C798EE064B2->dd0a3b65-d36c-4f93-b232-3c8e6f6667b6@group-B02456D89C11, cid=1900, SUCCESS, logIndex=2688, commits[dd0a3b65-d36c-4f93-b232-3c8e6f6667b6:c2689]
2019-09-18 13:04:25,451 [SCMBlockDeletingService#1] DEBUG block.SCMBlockDeletingService (SCMBlockDeletingService.java:call(138)) - Running DeletedBlockTransactionScanner
2019-09-18 13:04:25,451 [SCMBlockDeletingService#1] DEBUG block.SCMBlockDeletingService (SCMBlockDeletingService.java:call(155)) - Scanned deleted blocks log and got 0 delTX to process.
2019-09-18 13:04:25,505 [grpc-default-executor-0] INFO  client.GrpcClientProtocolClient (GrpcClientProtocolClient.java:onNext(264)) - client-8C798EE064B2->dd0a3b65-d36c-4f93-b232-3c8e6f6667b6: receive RaftClientReply:client-8C798EE064B2->dd0a3b65-d36c-4f93-b232-3c8e6f6667b6@group-B02456D89C11, cid=1901, SUCCESS, logIndex=2691, commits[dd0a3b65-d36c-4f93-b232-3c8e6f6667b6:c2692]
2019-09-18 13:04:25,506 [grpc-default-executor-0] INFO  client.GrpcClientProtocolClient (GrpcClientProtocolClient.java:onNext(264)) - client-8C798EE064B2->dd0a3b65-d36c-4f93-b232-3c8e6f6667b6: receive RaftClientReply:client-8C798EE064B2->dd0a3b65-d36c-4f93-b232-3c8e6f6667b6@group-B02456D89C11, cid=1902, SUCCESS, logIndex=2692, commits[dd0a3b65-d36c-4f93-b232-3c8e6f6667b6:c2694]
2019-09-18 13:04:25,506 [grpc-default-executor-0] INFO  client.GrpcClientProtocolClient (GrpcClientProtocolClient.java:onNext(264)) - client-8C798EE064B2->dd0a3b65-d36c-4f93-b232-3c8e6f6667b6: receive RaftClientReply:client-8C798EE064B2->dd0a3b65-d36c-4f93-b232-3c8e6f6667b6@group-B02456D89C11, cid=1903, SUCCESS, logIndex=2693, commits[dd0a3b65-d36c-4f93-b232-3c8e6f6667b6:c2695]
2019-09-18 13:04:25,507 [grpc-default-executor-0] INFO  client.GrpcClientProtocolClient (GrpcClientProtocolClient.java:onNext(264)) - client-8C798EE064B2->dd0a3b65-d36c-4f93-b232-3c8e6f6667b6: receive RaftClientReply:client-8C798EE064B2->dd0a3b65-d36c-4f93-b232-3c8e6f6667b6@group-B02456D89C11, cid=1904, SUCCESS, logIndex=2694, commits[dd0a3b65-d36c-4f93-b232-3c8e6f6667b6:c2695]
2019-09-18 13:04:25,534 [grpc-default-executor-1] INFO  client.GrpcClientProtocolClient (GrpcClientProtocolClient.java:onNext(264)) - client-8C798EE064B2->dd0a3b65-d36c-4f93-b232-3c8e6f6667b6: receive RaftClientReply:client-8C798EE064B2->dd0a3b65-d36c-4f93-b232-3c8e6f6667b6@group-B02456D89C11, cid=1905, SUCCESS, logIndex=2697, commits[dd0a3b65-d36c-4f93-b232-3c8e6f6667b6:c2698]
2019-09-18 13:04:25,535 [grpc-default-executor-1] INFO  client.GrpcClientProtocolClient (GrpcClientProtocolClient.java:onNext(264)) - client-8C798EE064B2->dd0a3b65-d36c-4f93-b232-3c8e6f6667b6: receive RaftClientReply:client-8C798EE064B2->dd0a3b65-d36c-4f93-b232-3c8e6f6667b6@group-B02456D89C11, cid=1906, SUCCESS, logIndex=2698, commits[dd0a3b65-d36c-4f93-b232-3c8e6f6667b6:c2700]
2019-09-18 13:04:25,535 [grpc-default-executor-1] INFO  client.GrpcClientProtocolClient (GrpcClientProtocolClient.java:onNext(264)) - client-8C798EE064B2->dd0a3b65-d36c-4f93-b232-3c8e6f6667b6: receive RaftClientReply:client-8C798EE064B2->dd0a3b65-d36c-4f93-b232-3c8e6f6667b6@group-B02456D89C11, cid=1907, SUCCESS, logIndex=2699, commits[dd0a3b65-d36c-4f93-b232-3c8e6f6667b6:c2700]
2019-09-18 13:04:25,536 [grpc-default-executor-1] INFO  client.GrpcClientProtocolClient (GrpcClientProtocolClient.java:onNext(264)) - client-8C798EE064B2->dd0a3b65-d36c-4f93-b232-3c8e6f6667b6: receive RaftClientReply:client-8C798EE064B2->dd0a3b65-d36c-4f93-b232-3c8e6f6667b6@group-B02456D89C11, cid=1908, SUCCESS, logIndex=2700, commits[dd0a3b65-d36c-4f93-b232-3c8e6f6667b6:c2700]
2019-09-18 13:04:25,551 [SCMBlockDeletingService#1] DEBUG block.SCMBlockDeletingService (SCMBlockDeletingService.java:call(138)) - Running DeletedBlockTransactionScanner
2019-09-18 13:04:25,551 [SCMBlockDeletingService#1] DEBUG block.SCMBlockDeletingService (SCMBlockDeletingService.java:call(155)) - Scanned deleted blocks log and got 0 delTX to process.
2019-09-18 13:04:25,557 [grpc-default-executor-1] INFO  client.GrpcClientProtocolClient (GrpcClientProtocolClient.java:onNext(264)) - client-8C798EE064B2->dd0a3b65-d36c-4f93-b232-3c8e6f6667b6: receive RaftClientReply:client-8C798EE064B2->dd0a3b65-d36c-4f93-b232-3c8e6f6667b6@group-B02456D89C11, cid=1909, SUCCESS, logIndex=2703, commits[dd0a3b65-d36c-4f93-b232-3c8e6f6667b6:c2706]
2019-09-18 13:04:25,557 [grpc-default-executor-1] INFO  client.GrpcClientProtocolClient (GrpcClientProtocolClient.java:onNext(264)) - client-8C798EE064B2->dd0a3b65-d36c-4f93-b232-3c8e6f6667b6: receive RaftClientReply:client-8C798EE064B2->dd0a3b65-d36c-4f93-b232-3c8e6f6667b6@group-B02456D89C11, cid=1910, SUCCESS, logIndex=2704, commits[dd0a3b65-d36c-4f93-b232-3c8e6f6667b6:c2706]
2019-09-18 13:04:25,558 [grpc-default-executor-1] INFO  client.GrpcClientProtocolClient (GrpcClientProtocolClient.java:onNext(264)) - client-8C798EE064B2->dd0a3b65-d36c-4f93-b232-3c8e6f6667b6: receive RaftClientReply:client-8C798EE064B2->dd0a3b65-d36c-4f93-b232-3c8e6f6667b6@group-B02456D89C11, cid=1911, SUCCESS, logIndex=2705, commits[dd0a3b65-d36c-4f93-b232-3c8e6f6667b6:c2707]
2019-09-18 13:04:25,558 [grpc-default-executor-1] INFO  client.GrpcClientProtocolClient (GrpcClientProtocolClient.java:onNext(264)) - client-8C798EE064B2->dd0a3b65-d36c-4f93-b232-3c8e6f6667b6: receive RaftClientReply:client-8C798EE064B2->dd0a3b65-d36c-4f93-b232-3c8e6f6667b6@group-B02456D89C11, cid=1912, SUCCESS, logIndex=2706, commits[dd0a3b65-d36c-4f93-b232-3c8e6f6667b6:c2707]
2019-09-18 13:04:25,584 [grpc-default-executor-1] INFO  client.GrpcClientProtocolClient (GrpcClientProtocolClient.java:onNext(264)) - client-8C798EE064B2->dd0a3b65-d36c-4f93-b232-3c8e6f6667b6: receive RaftClientReply:client-8C798EE064B2->dd0a3b65-d36c-4f93-b232-3c8e6f6667b6@group-B02456D89C11, cid=1913, SUCCESS, logIndex=2708, commits[dd0a3b65-d36c-4f93-b232-3c8e6f6667b6:c2709]
2019-09-18 13:04:25,585 [grpc-default-executor-1] INFO  client.GrpcClientProtocolClient (GrpcClientProtocolClient.java:onNext(264)) - client-8C798EE064B2->dd0a3b65-d36c-4f93-b232-3c8e6f6667b6: receive RaftClientReply:client-8C798EE064B2->dd0a3b65-d36c-4f93-b232-3c8e6f6667b6@group-B02456D89C11, cid=1914, SUCCESS, logIndex=2709, commits[dd0a3b65-d36c-4f93-b232-3c8e6f6667b6:c2711]
2019-09-18 13:04:25,585 [grpc-default-executor-1] INFO  client.GrpcClientProtocolClient (GrpcClientProtocolClient.java:onNext(264)) - client-8C798EE064B2->dd0a3b65-d36c-4f93-b232-3c8e6f6667b6: receive RaftClientReply:client-8C798EE064B2->dd0a3b65-d36c-4f93-b232-3c8e6f6667b6@group-B02456D89C11, cid=1915, SUCCESS, logIndex=2710, commits[dd0a3b65-d36c-4f93-b232-3c8e6f6667b6:c2712]
2019-09-18 13:04:25,585 [grpc-default-executor-1] INFO  client.GrpcClientProtocolClient (GrpcClientProtocolClient.java:onNext(264)) - client-8C798EE064B2->dd0a3b65-d36c-4f93-b232-3c8e6f6667b6: receive RaftClientReply:client-8C798EE064B2->dd0a3b65-d36c-4f93-b232-3c8e6f6667b6@group-B02456D89C11, cid=1916, SUCCESS, logIndex=2711, commits[dd0a3b65-d36c-4f93-b232-3c8e6f6667b6:c2712]
2019-09-18 13:04:25,604 [grpc-default-executor-1] INFO  client.GrpcClientProtocolClient (GrpcClientProtocolClient.java:onNext(264)) - client-8C798EE064B2->dd0a3b65-d36c-4f93-b232-3c8e6f6667b6: receive RaftClientReply:client-8C798EE064B2->dd0a3b65-d36c-4f93-b232-3c8e6f6667b6@group-B02456D89C11, cid=1917, SUCCESS, logIndex=2714, commits[dd0a3b65-d36c-4f93-b232-3c8e6f6667b6:c2715]
2019-09-18 13:04:25,604 [grpc-default-executor-1] INFO  client.GrpcClientProtocolClient (GrpcClientProtocolClient.java:onNext(264)) - client-8C798EE064B2->dd0a3b65-d36c-4f93-b232-3c8e6f6667b6: receive RaftClientReply:client-8C798EE064B2->dd0a3b65-d36c-4f93-b232-3c8e6f6667b6@group-B02456D89C11, cid=1918, SUCCESS, logIndex=2715, commits[dd0a3b65-d36c-4f93-b232-3c8e6f6667b6:c2717]
2019-09-18 13:04:25,604 [grpc-default-executor-1] INFO  client.GrpcClientProtocolClient (GrpcClientProtocolClient.java:onNext(264)) - client-8C798EE064B2->dd0a3b65-d36c-4f93-b232-3c8e6f6667b6: receive RaftClientReply:client-8C798EE064B2->dd0a3b65-d36c-4f93-b232-3c8e6f6667b6@group-B02456D89C11, cid=1919, SUCCESS, logIndex=2716, commits[dd0a3b65-d36c-4f93-b232-3c8e6f6667b6:c2717]
2019-09-18 13:04:25,605 [grpc-default-executor-1] INFO  client.GrpcClientProtocolClient (GrpcClientProtocolClient.java:onNext(264)) - client-8C798EE064B2->dd0a3b65-d36c-4f93-b232-3c8e6f6667b6: receive RaftClientReply:client-8C798EE064B2->dd0a3b65-d36c-4f93-b232-3c8e6f6667b6@group-B02456D89C11, cid=1920, SUCCESS, logIndex=2717, commits[dd0a3b65-d36c-4f93-b232-3c8e6f6667b6:c2718]
2019-09-18 13:04:25,632 [grpc-default-executor-1] INFO  client.GrpcClientProtocolClient (GrpcClientProtocolClient.java:onNext(264)) - client-8C798EE064B2->dd0a3b65-d36c-4f93-b232-3c8e6f6667b6: receive RaftClientReply:client-8C798EE064B2->dd0a3b65-d36c-4f93-b232-3c8e6f6667b6@group-B02456D89C11, cid=1921, SUCCESS, logIndex=2720, commits[dd0a3b65-d36c-4f93-b232-3c8e6f6667b6:c2721]
2019-09-18 13:04:25,633 [grpc-default-executor-1] INFO  client.GrpcClientProtocolClient (GrpcClientProtocolClient.java:onNext(264)) - client-8C798EE064B2->dd0a3b65-d36c-4f93-b232-3c8e6f6667b6: receive RaftClientReply:client-8C798EE064B2->dd0a3b65-d36c-4f93-b232-3c8e6f6667b6@group-B02456D89C11, cid=1922, SUCCESS, logIndex=2721, commits[dd0a3b65-d36c-4f93-b232-3c8e6f6667b6:c2723]
2019-09-18 13:04:25,634 [grpc-default-executor-1] INFO  client.GrpcClientProtocolClient (GrpcClientProtocolClient.java:onNext(264)) - client-8C798EE064B2->dd0a3b65-d36c-4f93-b232-3c8e6f6667b6: receive RaftClientReply:client-8C798EE064B2->dd0a3b65-d36c-4f93-b232-3c8e6f6667b6@group-B02456D89C11, cid=1923, SUCCESS, logIndex=2722, commits[dd0a3b65-d36c-4f93-b232-3c8e6f6667b6:c2723]
2019-09-18 13:04:25,634 [grpc-default-executor-1] INFO  client.GrpcClientProtocolClient (GrpcClientProtocolClient.java:onNext(264)) - client-8C798EE064B2->dd0a3b65-d36c-4f93-b232-3c8e6f6667b6: receive RaftClientReply:client-8C798EE064B2->dd0a3b65-d36c-4f93-b232-3c8e6f6667b6@group-B02456D89C11, cid=1924, SUCCESS, logIndex=2723, commits[dd0a3b65-d36c-4f93-b232-3c8e6f6667b6:c2724]
2019-09-18 13:04:25,652 [SCMBlockDeletingService#1] DEBUG block.SCMBlockDeletingService (SCMBlockDeletingService.java:call(138)) - Running DeletedBlockTransactionScanner
2019-09-18 13:04:25,652 [SCMBlockDeletingService#1] DEBUG block.SCMBlockDeletingService (SCMBlockDeletingService.java:call(155)) - Scanned deleted blocks log and got 0 delTX to process.
2019-09-18 13:04:25,662 [grpc-default-executor-1] INFO  client.GrpcClientProtocolClient (GrpcClientProtocolClient.java:onNext(264)) - client-8C798EE064B2->dd0a3b65-d36c-4f93-b232-3c8e6f6667b6: receive RaftClientReply:client-8C798EE064B2->dd0a3b65-d36c-4f93-b232-3c8e6f6667b6@group-B02456D89C11, cid=1925, SUCCESS, logIndex=2726, commits[dd0a3b65-d36c-4f93-b232-3c8e6f6667b6:c2727]
2019-09-18 13:04:25,663 [grpc-default-executor-1] INFO  client.GrpcClientProtocolClient (GrpcClientProtocolClient.java:onNext(264)) - client-8C798EE064B2->dd0a3b65-d36c-4f93-b232-3c8e6f6667b6: receive RaftClientReply:client-8C798EE064B2->dd0a3b65-d36c-4f93-b232-3c8e6f6667b6@group-B02456D89C11, cid=1926, SUCCESS, logIndex=2727, commits[dd0a3b65-d36c-4f93-b232-3c8e6f6667b6:c2729]
2019-09-18 13:04:25,663 [grpc-default-executor-1] INFO  client.GrpcClientProtocolClient (GrpcClientProtocolClient.java:onNext(264)) - client-8C798EE064B2->dd0a3b65-d36c-4f93-b232-3c8e6f6667b6: receive RaftClientReply:client-8C798EE064B2->dd0a3b65-d36c-4f93-b232-3c8e6f6667b6@group-B02456D89C11, cid=1927, SUCCESS, logIndex=2728, commits[dd0a3b65-d36c-4f93-b232-3c8e6f6667b6:c2729]
2019-09-18 13:04:25,663 [grpc-default-executor-1] INFO  client.GrpcClientProtocolClient (GrpcClientProtocolClient.java:onNext(264)) - client-8C798EE064B2->dd0a3b65-d36c-4f93-b232-3c8e6f6667b6: receive RaftClientReply:client-8C798EE064B2->dd0a3b65-d36c-4f93-b232-3c8e6f6667b6@group-B02456D89C11, cid=1928, SUCCESS, logIndex=2729, commits[dd0a3b65-d36c-4f93-b232-3c8e6f6667b6:c2730]
2019-09-18 13:04:25,691 [grpc-default-executor-1] INFO  client.GrpcClientProtocolClient (GrpcClientProtocolClient.java:onNext(264)) - client-8C798EE064B2->dd0a3b65-d36c-4f93-b232-3c8e6f6667b6: receive RaftClientReply:client-8C798EE064B2->dd0a3b65-d36c-4f93-b232-3c8e6f6667b6@group-B02456D89C11, cid=1929, SUCCESS, logIndex=2732, commits[dd0a3b65-d36c-4f93-b232-3c8e6f6667b6:c2733]
2019-09-18 13:04:25,691 [grpc-default-executor-1] INFO  client.GrpcClientProtocolClient (GrpcClientProtocolClient.java:onNext(264)) - client-8C798EE064B2->dd0a3b65-d36c-4f93-b232-3c8e6f6667b6: receive RaftClientReply:client-8C798EE064B2->dd0a3b65-d36c-4f93-b232-3c8e6f6667b6@group-B02456D89C11, cid=1930, SUCCESS, logIndex=2733, commits[dd0a3b65-d36c-4f93-b232-3c8e6f6667b6:c2735]
2019-09-18 13:04:25,692 [grpc-default-executor-1] INFO  client.GrpcClientProtocolClient (GrpcClientProtocolClient.java:onNext(264)) - client-8C798EE064B2->dd0a3b65-d36c-4f93-b232-3c8e6f6667b6: receive RaftClientReply:client-8C798EE064B2->dd0a3b65-d36c-4f93-b232-3c8e6f6667b6@group-B02456D89C11, cid=1931, SUCCESS, logIndex=2734, commits[dd0a3b65-d36c-4f93-b232-3c8e6f6667b6:c2735]
2019-09-18 13:04:25,692 [grpc-default-executor-1] INFO  client.GrpcClientProtocolClient (GrpcClientProtocolClient.java:onNext(264)) - client-8C798EE064B2->dd0a3b65-d36c-4f93-b232-3c8e6f6667b6: receive RaftClientReply:client-8C798EE064B2->dd0a3b65-d36c-4f93-b232-3c8e6f6667b6@group-B02456D89C11, cid=1932, SUCCESS, logIndex=2735, commits[dd0a3b65-d36c-4f93-b232-3c8e6f6667b6:c2736]
2019-09-18 13:04:25,711 [grpc-default-executor-1] INFO  client.GrpcClientProtocolClient (GrpcClientProtocolClient.java:onNext(264)) - client-8C798EE064B2->dd0a3b65-d36c-4f93-b232-3c8e6f6667b6: receive RaftClientReply:client-8C798EE064B2->dd0a3b65-d36c-4f93-b232-3c8e6f6667b6@group-B02456D89C11, cid=1933, SUCCESS, logIndex=2738, commits[dd0a3b65-d36c-4f93-b232-3c8e6f6667b6:c2739]
2019-09-18 13:04:25,711 [grpc-default-executor-1] INFO  client.GrpcClientProtocolClient (GrpcClientProtocolClient.java:onNext(264)) - client-8C798EE064B2->dd0a3b65-d36c-4f93-b232-3c8e6f6667b6: receive RaftClientReply:client-8C798EE064B2->dd0a3b65-d36c-4f93-b232-3c8e6f6667b6@group-B02456D89C11, cid=1934, SUCCESS, logIndex=2739, commits[dd0a3b65-d36c-4f93-b232-3c8e6f6667b6:c2741]
2019-09-18 13:04:25,712 [grpc-default-executor-1] INFO  client.GrpcClientProtocolClient (GrpcClientProtocolClient.java:onNext(264)) - client-8C798EE064B2->dd0a3b65-d36c-4f93-b232-3c8e6f6667b6: receive RaftClientReply:client-8C798EE064B2->dd0a3b65-d36c-4f93-b232-3c8e6f6667b6@group-B02456D89C11, cid=1935, SUCCESS, logIndex=2740, commits[dd0a3b65-d36c-4f93-b232-3c8e6f6667b6:c2741]
2019-09-18 13:04:25,712 [grpc-default-executor-1] INFO  client.GrpcClientProtocolClient (GrpcClientProtocolClient.java:onNext(264)) - client-8C798EE064B2->dd0a3b65-d36c-4f93-b232-3c8e6f6667b6: receive RaftClientReply:client-8C798EE064B2->dd0a3b65-d36c-4f93-b232-3c8e6f6667b6@group-B02456D89C11, cid=1936, SUCCESS, logIndex=2741, commits[dd0a3b65-d36c-4f93-b232-3c8e6f6667b6:c2742]
2019-09-18 13:04:25,740 [grpc-default-executor-0] INFO  client.GrpcClientProtocolClient (GrpcClientProtocolClient.java:onNext(264)) - client-8C798EE064B2->dd0a3b65-d36c-4f93-b232-3c8e6f6667b6: receive RaftClientReply:client-8C798EE064B2->dd0a3b65-d36c-4f93-b232-3c8e6f6667b6@group-B02456D89C11, cid=1937, SUCCESS, logIndex=2744, commits[dd0a3b65-d36c-4f93-b232-3c8e6f6667b6:c2745]
2019-09-18 13:04:25,740 [grpc-default-executor-0] INFO  client.GrpcClientProtocolClient (GrpcClientProtocolClient.java:onNext(264)) - client-8C798EE064B2->dd0a3b65-d36c-4f93-b232-3c8e6f6667b6: receive RaftClientReply:client-8C798EE064B2->dd0a3b65-d36c-4f93-b232-3c8e6f6667b6@group-B02456D89C11, cid=1938, SUCCESS, logIndex=2745, commits[dd0a3b65-d36c-4f93-b232-3c8e6f6667b6:c2747]
2019-09-18 13:04:25,741 [grpc-default-executor-0] INFO  client.GrpcClientProtocolClient (GrpcClientProtocolClient.java:onNext(264)) - client-8C798EE064B2->dd0a3b65-d36c-4f93-b232-3c8e6f6667b6: receive RaftClientReply:client-8C798EE064B2->dd0a3b65-d36c-4f93-b232-3c8e6f6667b6@group-B02456D89C11, cid=1939, SUCCESS, logIndex=2746, commits[dd0a3b65-d36c-4f93-b232-3c8e6f6667b6:c2748]
2019-09-18 13:04:25,741 [grpc-default-executor-0] INFO  client.GrpcClientProtocolClient (GrpcClientProtocolClient.java:onNext(264)) - client-8C798EE064B2->dd0a3b65-d36c-4f93-b232-3c8e6f6667b6: receive RaftClientReply:client-8C798EE064B2->dd0a3b65-d36c-4f93-b232-3c8e6f6667b6@group-B02456D89C11, cid=1940, SUCCESS, logIndex=2747, commits[dd0a3b65-d36c-4f93-b232-3c8e6f6667b6:c2749]
2019-09-18 13:04:25,752 [SCMBlockDeletingService#1] DEBUG block.SCMBlockDeletingService (SCMBlockDeletingService.java:call(138)) - Running DeletedBlockTransactionScanner
2019-09-18 13:04:25,753 [SCMBlockDeletingService#1] DEBUG block.SCMBlockDeletingService (SCMBlockDeletingService.java:call(155)) - Scanned deleted blocks log and got 0 delTX to process.
2019-09-18 13:04:25,760 [grpc-default-executor-0] INFO  client.GrpcClientProtocolClient (GrpcClientProtocolClient.java:onNext(264)) - client-8C798EE064B2->dd0a3b65-d36c-4f93-b232-3c8e6f6667b6: receive RaftClientReply:client-8C798EE064B2->dd0a3b65-d36c-4f93-b232-3c8e6f6667b6@group-B02456D89C11, cid=1941, SUCCESS, logIndex=2750, commits[dd0a3b65-d36c-4f93-b232-3c8e6f6667b6:c2751]
2019-09-18 13:04:25,761 [grpc-default-executor-0] INFO  client.GrpcClientProtocolClient (GrpcClientProtocolClient.java:onNext(264)) - client-8C798EE064B2->dd0a3b65-d36c-4f93-b232-3c8e6f6667b6: receive RaftClientReply:client-8C798EE064B2->dd0a3b65-d36c-4f93-b232-3c8e6f6667b6@group-B02456D89C11, cid=1942, SUCCESS, logIndex=2751, commits[dd0a3b65-d36c-4f93-b232-3c8e6f6667b6:c2753]
2019-09-18 13:04:25,761 [grpc-default-executor-0] INFO  client.GrpcClientProtocolClient (GrpcClientProtocolClient.java:onNext(264)) - client-8C798EE064B2->dd0a3b65-d36c-4f93-b232-3c8e6f6667b6: receive RaftClientReply:client-8C798EE064B2->dd0a3b65-d36c-4f93-b232-3c8e6f6667b6@group-B02456D89C11, cid=1943, SUCCESS, logIndex=2752, commits[dd0a3b65-d36c-4f93-b232-3c8e6f6667b6:c2754]
2019-09-18 13:04:25,762 [grpc-default-executor-0] INFO  client.GrpcClientProtocolClient (GrpcClientProtocolClient.java:onNext(264)) - client-8C798EE064B2->dd0a3b65-d36c-4f93-b232-3c8e6f6667b6: receive RaftClientReply:client-8C798EE064B2->dd0a3b65-d36c-4f93-b232-3c8e6f6667b6@group-B02456D89C11, cid=1944, SUCCESS, logIndex=2753, commits[dd0a3b65-d36c-4f93-b232-3c8e6f6667b6:c2755]
2019-09-18 13:04:25,853 [SCMBlockDeletingService#1] DEBUG block.SCMBlockDeletingService (SCMBlockDeletingService.java:call(138)) - Running DeletedBlockTransactionScanner
2019-09-18 13:04:25,853 [SCMBlockDeletingService#1] DEBUG block.SCMBlockDeletingService (SCMBlockDeletingService.java:call(155)) - Scanned deleted blocks log and got 0 delTX to process.
2019-09-18 13:04:25,923 [grpc-default-executor-1] INFO  client.GrpcClientProtocolClient (GrpcClientProtocolClient.java:onNext(264)) - client-8C798EE064B2->dd0a3b65-d36c-4f93-b232-3c8e6f6667b6: receive RaftClientReply:client-8C798EE064B2->dd0a3b65-d36c-4f93-b232-3c8e6f6667b6@group-B02456D89C11, cid=1945, SUCCESS, logIndex=2756, commits[dd0a3b65-d36c-4f93-b232-3c8e6f6667b6:c2757]
2019-09-18 13:04:25,925 [grpc-default-executor-1] INFO  client.GrpcClientProtocolClient (GrpcClientProtocolClient.java:onNext(264)) - client-8C798EE064B2->dd0a3b65-d36c-4f93-b232-3c8e6f6667b6: receive RaftClientReply:client-8C798EE064B2->dd0a3b65-d36c-4f93-b232-3c8e6f6667b6@group-B02456D89C11, cid=1946, SUCCESS, logIndex=2757, commits[dd0a3b65-d36c-4f93-b232-3c8e6f6667b6:c2757]
2019-09-18 13:04:25,932 [grpc-default-executor-1] INFO  client.GrpcClientProtocolClient (GrpcClientProtocolClient.java:onNext(264)) - client-8C798EE064B2->dd0a3b65-d36c-4f93-b232-3c8e6f6667b6: receive RaftClientReply:client-8C798EE064B2->dd0a3b65-d36c-4f93-b232-3c8e6f6667b6@group-B02456D89C11, cid=1947, SUCCESS, logIndex=2758, commits[dd0a3b65-d36c-4f93-b232-3c8e6f6667b6:c2759]
2019-09-18 13:04:25,933 [grpc-default-executor-1] INFO  client.GrpcClientProtocolClient (GrpcClientProtocolClient.java:onNext(264)) - client-8C798EE064B2->dd0a3b65-d36c-4f93-b232-3c8e6f6667b6: receive RaftClientReply:client-8C798EE064B2->dd0a3b65-d36c-4f93-b232-3c8e6f6667b6@group-B02456D89C11, cid=1948, SUCCESS, logIndex=2759, commits[dd0a3b65-d36c-4f93-b232-3c8e6f6667b6:c2759]
2019-09-18 13:04:25,954 [SCMBlockDeletingService#1] DEBUG block.SCMBlockDeletingService (SCMBlockDeletingService.java:call(138)) - Running DeletedBlockTransactionScanner
2019-09-18 13:04:25,954 [SCMBlockDeletingService#1] DEBUG block.SCMBlockDeletingService (SCMBlockDeletingService.java:call(155)) - Scanned deleted blocks log and got 0 delTX to process.
2019-09-18 13:04:25,963 [grpc-default-executor-1] INFO  client.GrpcClientProtocolClient (GrpcClientProtocolClient.java:onNext(264)) - client-8C798EE064B2->dd0a3b65-d36c-4f93-b232-3c8e6f6667b6: receive RaftClientReply:client-8C798EE064B2->dd0a3b65-d36c-4f93-b232-3c8e6f6667b6@group-B02456D89C11, cid=1949, SUCCESS, logIndex=2762, commits[dd0a3b65-d36c-4f93-b232-3c8e6f6667b6:c2763]
2019-09-18 13:04:25,963 [grpc-default-executor-1] INFO  client.GrpcClientProtocolClient (GrpcClientProtocolClient.java:onNext(264)) - client-8C798EE064B2->dd0a3b65-d36c-4f93-b232-3c8e6f6667b6: receive RaftClientReply:client-8C798EE064B2->dd0a3b65-d36c-4f93-b232-3c8e6f6667b6@group-B02456D89C11, cid=1950, SUCCESS, logIndex=2763, commits[dd0a3b65-d36c-4f93-b232-3c8e6f6667b6:c2765]
2019-09-18 13:04:25,964 [grpc-default-executor-1] INFO  client.GrpcClientProtocolClient (GrpcClientProtocolClient.java:onNext(264)) - client-8C798EE064B2->dd0a3b65-d36c-4f93-b232-3c8e6f6667b6: receive RaftClientReply:client-8C798EE064B2->dd0a3b65-d36c-4f93-b232-3c8e6f6667b6@group-B02456D89C11, cid=1951, SUCCESS, logIndex=2764, commits[dd0a3b65-d36c-4f93-b232-3c8e6f6667b6:c2765]
2019-09-18 13:04:25,965 [grpc-default-executor-1] INFO  client.GrpcClientProtocolClient (GrpcClientProtocolClient.java:onNext(264)) - client-8C798EE064B2->dd0a3b65-d36c-4f93-b232-3c8e6f6667b6: receive RaftClientReply:client-8C798EE064B2->dd0a3b65-d36c-4f93-b232-3c8e6f6667b6@group-B02456D89C11, cid=1952, SUCCESS, logIndex=2765, commits[dd0a3b65-d36c-4f93-b232-3c8e6f6667b6:c2766]
2019-09-18 13:04:26,005 [grpc-default-executor-0] INFO  client.GrpcClientProtocolClient (GrpcClientProtocolClient.java:onNext(264)) - client-8C798EE064B2->dd0a3b65-d36c-4f93-b232-3c8e6f6667b6: receive RaftClientReply:client-8C798EE064B2->dd0a3b65-d36c-4f93-b232-3c8e6f6667b6@group-B02456D89C11, cid=1953, SUCCESS, logIndex=2768, commits[dd0a3b65-d36c-4f93-b232-3c8e6f6667b6:c2769]
2019-09-18 13:04:26,007 [grpc-default-executor-0] INFO  client.GrpcClientProtocolClient (GrpcClientProtocolClient.java:onNext(264)) - client-8C798EE064B2->dd0a3b65-d36c-4f93-b232-3c8e6f6667b6: receive RaftClientReply:client-8C798EE064B2->dd0a3b65-d36c-4f93-b232-3c8e6f6667b6@group-B02456D89C11, cid=1954, SUCCESS, logIndex=2769, commits[dd0a3b65-d36c-4f93-b232-3c8e6f6667b6:c2771]
2019-09-18 13:04:26,007 [grpc-default-executor-0] INFO  client.GrpcClientProtocolClient (GrpcClientProtocolClient.java:onNext(264)) - client-8C798EE064B2->dd0a3b65-d36c-4f93-b232-3c8e6f6667b6: receive RaftClientReply:client-8C798EE064B2->dd0a3b65-d36c-4f93-b232-3c8e6f6667b6@group-B02456D89C11, cid=1955, SUCCESS, logIndex=2770, commits[dd0a3b65-d36c-4f93-b232-3c8e6f6667b6:c2771]
2019-09-18 13:04:26,008 [grpc-default-executor-0] INFO  client.GrpcClientProtocolClient (GrpcClientProtocolClient.java:onNext(264)) - client-8C798EE064B2->dd0a3b65-d36c-4f93-b232-3c8e6f6667b6: receive RaftClientReply:client-8C798EE064B2->dd0a3b65-d36c-4f93-b232-3c8e6f6667b6@group-B02456D89C11, cid=1956, SUCCESS, logIndex=2771, commits[dd0a3b65-d36c-4f93-b232-3c8e6f6667b6:c2772]
2019-09-18 13:04:26,029 [grpc-default-executor-1] INFO  client.GrpcClientProtocolClient (GrpcClientProtocolClient.java:onNext(264)) - client-8C798EE064B2->dd0a3b65-d36c-4f93-b232-3c8e6f6667b6: receive RaftClientReply:client-8C798EE064B2->dd0a3b65-d36c-4f93-b232-3c8e6f6667b6@group-B02456D89C11, cid=1957, SUCCESS, logIndex=2774, commits[dd0a3b65-d36c-4f93-b232-3c8e6f6667b6:c2775]
2019-09-18 13:04:26,030 [grpc-default-executor-1] INFO  client.GrpcClientProtocolClient (GrpcClientProtocolClient.java:onNext(264)) - client-8C798EE064B2->dd0a3b65-d36c-4f93-b232-3c8e6f6667b6: receive RaftClientReply:client-8C798EE064B2->dd0a3b65-d36c-4f93-b232-3c8e6f6667b6@group-B02456D89C11, cid=1958, SUCCESS, logIndex=2775, commits[dd0a3b65-d36c-4f93-b232-3c8e6f6667b6:c2777]
2019-09-18 13:04:26,030 [grpc-default-executor-1] INFO  client.GrpcClientProtocolClient (GrpcClientProtocolClient.java:onNext(264)) - client-8C798EE064B2->dd0a3b65-d36c-4f93-b232-3c8e6f6667b6: receive RaftClientReply:client-8C798EE064B2->dd0a3b65-d36c-4f93-b232-3c8e6f6667b6@group-B02456D89C11, cid=1959, SUCCESS, logIndex=2776, commits[dd0a3b65-d36c-4f93-b232-3c8e6f6667b6:c2778]
2019-09-18 13:04:26,031 [grpc-default-executor-1] INFO  client.GrpcClientProtocolClient (GrpcClientProtocolClient.java:onNext(264)) - client-8C798EE064B2->dd0a3b65-d36c-4f93-b232-3c8e6f6667b6: receive RaftClientReply:client-8C798EE064B2->dd0a3b65-d36c-4f93-b232-3c8e6f6667b6@group-B02456D89C11, cid=1960, SUCCESS, logIndex=2777, commits[dd0a3b65-d36c-4f93-b232-3c8e6f6667b6:c2778]
2019-09-18 13:04:26,054 [SCMBlockDeletingService#1] DEBUG block.SCMBlockDeletingService (SCMBlockDeletingService.java:call(138)) - Running DeletedBlockTransactionScanner
2019-09-18 13:04:26,055 [SCMBlockDeletingService#1] DEBUG block.SCMBlockDeletingService (SCMBlockDeletingService.java:call(155)) - Scanned deleted blocks log and got 0 delTX to process.
2019-09-18 13:04:26,068 [grpc-default-executor-1] INFO  client.GrpcClientProtocolClient (GrpcClientProtocolClient.java:onNext(264)) - client-8C798EE064B2->dd0a3b65-d36c-4f93-b232-3c8e6f6667b6: receive RaftClientReply:client-8C798EE064B2->dd0a3b65-d36c-4f93-b232-3c8e6f6667b6@group-B02456D89C11, cid=1961, SUCCESS, logIndex=2780, commits[dd0a3b65-d36c-4f93-b232-3c8e6f6667b6:c2783]
2019-09-18 13:04:26,069 [grpc-default-executor-1] INFO  client.GrpcClientProtocolClient (GrpcClientProtocolClient.java:onNext(264)) - client-8C798EE064B2->dd0a3b65-d36c-4f93-b232-3c8e6f6667b6: receive RaftClientReply:client-8C798EE064B2->dd0a3b65-d36c-4f93-b232-3c8e6f6667b6@group-B02456D89C11, cid=1962, SUCCESS, logIndex=2781, commits[dd0a3b65-d36c-4f93-b232-3c8e6f6667b6:c2784]
2019-09-18 13:04:26,069 [grpc-default-executor-1] INFO  client.GrpcClientProtocolClient (GrpcClientProtocolClient.java:onNext(264)) - client-8C798EE064B2->dd0a3b65-d36c-4f93-b232-3c8e6f6667b6: receive RaftClientReply:client-8C798EE064B2->dd0a3b65-d36c-4f93-b232-3c8e6f6667b6@group-B02456D89C11, cid=1963, SUCCESS, logIndex=2782, commits[dd0a3b65-d36c-4f93-b232-3c8e6f6667b6:c2784]
2019-09-18 13:04:26,070 [grpc-default-executor-1] INFO  client.GrpcClientProtocolClient (GrpcClientProtocolClient.java:onNext(264)) - client-8C798EE064B2->dd0a3b65-d36c-4f93-b232-3c8e6f6667b6: receive RaftClientReply:client-8C798EE064B2->dd0a3b65-d36c-4f93-b232-3c8e6f6667b6@group-B02456D89C11, cid=1964, SUCCESS, logIndex=2783, commits[dd0a3b65-d36c-4f93-b232-3c8e6f6667b6:c2784]
2019-09-18 13:04:26,091 [grpc-default-executor-1] INFO  client.GrpcClientProtocolClient (GrpcClientProtocolClient.java:onNext(264)) - client-8C798EE064B2->dd0a3b65-d36c-4f93-b232-3c8e6f6667b6: receive RaftClientReply:client-8C798EE064B2->dd0a3b65-d36c-4f93-b232-3c8e6f6667b6@group-B02456D89C11, cid=1965, SUCCESS, logIndex=2785, commits[dd0a3b65-d36c-4f93-b232-3c8e6f6667b6:c2786]
2019-09-18 13:04:26,092 [grpc-default-executor-1] INFO  client.GrpcClientProtocolClient (GrpcClientProtocolClient.java:onNext(264)) - client-8C798EE064B2->dd0a3b65-d36c-4f93-b232-3c8e6f6667b6: receive RaftClientReply:client-8C798EE064B2->dd0a3b65-d36c-4f93-b232-3c8e6f6667b6@group-B02456D89C11, cid=1966, SUCCESS, logIndex=2786, commits[dd0a3b65-d36c-4f93-b232-3c8e6f6667b6:c2788]
2019-09-18 13:04:26,092 [grpc-default-executor-1] INFO  client.GrpcClientProtocolClient (GrpcClientProtocolClient.java:onNext(264)) - client-8C798EE064B2->dd0a3b65-d36c-4f93-b232-3c8e6f6667b6: receive RaftClientReply:client-8C798EE064B2->dd0a3b65-d36c-4f93-b232-3c8e6f6667b6@group-B02456D89C11, cid=1967, SUCCESS, logIndex=2787, commits[dd0a3b65-d36c-4f93-b232-3c8e6f6667b6:c2788]
2019-09-18 13:04:26,093 [grpc-default-executor-1] INFO  client.GrpcClientProtocolClient (GrpcClientProtocolClient.java:onNext(264)) - client-8C798EE064B2->dd0a3b65-d36c-4f93-b232-3c8e6f6667b6: receive RaftClientReply:client-8C798EE064B2->dd0a3b65-d36c-4f93-b232-3c8e6f6667b6@group-B02456D89C11, cid=1968, SUCCESS, logIndex=2788, commits[dd0a3b65-d36c-4f93-b232-3c8e6f6667b6:c2788]
2019-09-18 13:04:26,130 [grpc-default-executor-1] INFO  client.GrpcClientProtocolClient (GrpcClientProtocolClient.java:onNext(264)) - client-8C798EE064B2->dd0a3b65-d36c-4f93-b232-3c8e6f6667b6: receive RaftClientReply:client-8C798EE064B2->dd0a3b65-d36c-4f93-b232-3c8e6f6667b6@group-B02456D89C11, cid=1969, SUCCESS, logIndex=2791, commits[dd0a3b65-d36c-4f93-b232-3c8e6f6667b6:c2792]
2019-09-18 13:04:26,131 [grpc-default-executor-1] INFO  client.GrpcClientProtocolClient (GrpcClientProtocolClient.java:onNext(264)) - client-8C798EE064B2->dd0a3b65-d36c-4f93-b232-3c8e6f6667b6: receive RaftClientReply:client-8C798EE064B2->dd0a3b65-d36c-4f93-b232-3c8e6f6667b6@group-B02456D89C11, cid=1970, SUCCESS, logIndex=2792, commits[dd0a3b65-d36c-4f93-b232-3c8e6f6667b6:c2792]
2019-09-18 13:04:26,132 [grpc-default-executor-1] INFO  client.GrpcClientProtocolClient (GrpcClientProtocolClient.java:onNext(264)) - client-8C798EE064B2->dd0a3b65-d36c-4f93-b232-3c8e6f6667b6: receive RaftClientReply:client-8C798EE064B2->dd0a3b65-d36c-4f93-b232-3c8e6f6667b6@group-B02456D89C11, cid=1971, SUCCESS, logIndex=2793, commits[dd0a3b65-d36c-4f93-b232-3c8e6f6667b6:c2794]
2019-09-18 13:04:26,133 [grpc-default-executor-1] INFO  client.GrpcClientProtocolClient (GrpcClientProtocolClient.java:onNext(264)) - client-8C798EE064B2->dd0a3b65-d36c-4f93-b232-3c8e6f6667b6: receive RaftClientReply:client-8C798EE064B2->dd0a3b65-d36c-4f93-b232-3c8e6f6667b6@group-B02456D89C11, cid=1972, SUCCESS, logIndex=2794, commits[dd0a3b65-d36c-4f93-b232-3c8e6f6667b6:c2795]
2019-09-18 13:04:26,155 [SCMBlockDeletingService#1] DEBUG block.SCMBlockDeletingService (SCMBlockDeletingService.java:call(138)) - Running DeletedBlockTransactionScanner
2019-09-18 13:04:26,155 [SCMBlockDeletingService#1] DEBUG block.SCMBlockDeletingService (SCMBlockDeletingService.java:call(155)) - Scanned deleted blocks log and got 0 delTX to process.
2019-09-18 13:04:26,159 [grpc-default-executor-0] INFO  client.GrpcClientProtocolClient (GrpcClientProtocolClient.java:onNext(264)) - client-8C798EE064B2->dd0a3b65-d36c-4f93-b232-3c8e6f6667b6: receive RaftClientReply:client-8C798EE064B2->dd0a3b65-d36c-4f93-b232-3c8e6f6667b6@group-B02456D89C11, cid=1973, SUCCESS, logIndex=2797, commits[dd0a3b65-d36c-4f93-b232-3c8e6f6667b6:c2798]
2019-09-18 13:04:26,159 [grpc-default-executor-0] INFO  client.GrpcClientProtocolClient (GrpcClientProtocolClient.java:onNext(264)) - client-8C798EE064B2->dd0a3b65-d36c-4f93-b232-3c8e6f6667b6: receive RaftClientReply:client-8C798EE064B2->dd0a3b65-d36c-4f93-b232-3c8e6f6667b6@group-B02456D89C11, cid=1974, SUCCESS, logIndex=2798, commits[dd0a3b65-d36c-4f93-b232-3c8e6f6667b6:c2800]
2019-09-18 13:04:26,160 [grpc-default-executor-0] INFO  client.GrpcClientProtocolClient (GrpcClientProtocolClient.java:onNext(264)) - client-8C798EE064B2->dd0a3b65-d36c-4f93-b232-3c8e6f6667b6: receive RaftClientReply:client-8C798EE064B2->dd0a3b65-d36c-4f93-b232-3c8e6f6667b6@group-B02456D89C11, cid=1975, SUCCESS, logIndex=2799, commits[dd0a3b65-d36c-4f93-b232-3c8e6f6667b6:c2800]
2019-09-18 13:04:26,160 [grpc-default-executor-0] INFO  client.GrpcClientProtocolClient (GrpcClientProtocolClient.java:onNext(264)) - client-8C798EE064B2->dd0a3b65-d36c-4f93-b232-3c8e6f6667b6: receive RaftClientReply:client-8C798EE064B2->dd0a3b65-d36c-4f93-b232-3c8e6f6667b6@group-B02456D89C11, cid=1976, SUCCESS, logIndex=2800, commits[dd0a3b65-d36c-4f93-b232-3c8e6f6667b6:c2801]
2019-09-18 13:04:26,194 [grpc-default-executor-1] INFO  client.GrpcClientProtocolClient (GrpcClientProtocolClient.java:onNext(264)) - client-8C798EE064B2->dd0a3b65-d36c-4f93-b232-3c8e6f6667b6: receive RaftClientReply:client-8C798EE064B2->dd0a3b65-d36c-4f93-b232-3c8e6f6667b6@group-B02456D89C11, cid=1977, SUCCESS, logIndex=2803, commits[dd0a3b65-d36c-4f93-b232-3c8e6f6667b6:c2804]
2019-09-18 13:04:26,194 [grpc-default-executor-1] INFO  client.GrpcClientProtocolClient (GrpcClientProtocolClient.java:onNext(264)) - client-8C798EE064B2->dd0a3b65-d36c-4f93-b232-3c8e6f6667b6: receive RaftClientReply:client-8C798EE064B2->dd0a3b65-d36c-4f93-b232-3c8e6f6667b6@group-B02456D89C11, cid=1978, SUCCESS, logIndex=2804, commits[dd0a3b65-d36c-4f93-b232-3c8e6f6667b6:c2806]
2019-09-18 13:04:26,195 [grpc-default-executor-1] INFO  client.GrpcClientProtocolClient (GrpcClientProtocolClient.java:onNext(264)) - client-8C798EE064B2->dd0a3b65-d36c-4f93-b232-3c8e6f6667b6: receive RaftClientReply:client-8C798EE064B2->dd0a3b65-d36c-4f93-b232-3c8e6f6667b6@group-B02456D89C11, cid=1979, SUCCESS, logIndex=2805, commits[dd0a3b65-d36c-4f93-b232-3c8e6f6667b6:c2807]
2019-09-18 13:04:26,195 [grpc-default-executor-1] INFO  client.GrpcClientProtocolClient (GrpcClientProtocolClient.java:onNext(264)) - client-8C798EE064B2->dd0a3b65-d36c-4f93-b232-3c8e6f6667b6: receive RaftClientReply:client-8C798EE064B2->dd0a3b65-d36c-4f93-b232-3c8e6f6667b6@group-B02456D89C11, cid=1980, SUCCESS, logIndex=2806, commits[dd0a3b65-d36c-4f93-b232-3c8e6f6667b6:c2808]
2019-09-18 13:04:26,217 [grpc-default-executor-0] INFO  client.GrpcClientProtocolClient (GrpcClientProtocolClient.java:onNext(264)) - client-8C798EE064B2->dd0a3b65-d36c-4f93-b232-3c8e6f6667b6: receive RaftClientReply:client-8C798EE064B2->dd0a3b65-d36c-4f93-b232-3c8e6f6667b6@group-B02456D89C11, cid=1981, SUCCESS, logIndex=2809, commits[dd0a3b65-d36c-4f93-b232-3c8e6f6667b6:c2810]
2019-09-18 13:04:26,218 [grpc-default-executor-0] INFO  client.GrpcClientProtocolClient (GrpcClientProtocolClient.java:onNext(264)) - client-8C798EE064B2->dd0a3b65-d36c-4f93-b232-3c8e6f6667b6: receive RaftClientReply:client-8C798EE064B2->dd0a3b65-d36c-4f93-b232-3c8e6f6667b6@group-B02456D89C11, cid=1982, SUCCESS, logIndex=2810, commits[dd0a3b65-d36c-4f93-b232-3c8e6f6667b6:c2813]
2019-09-18 13:04:26,218 [grpc-default-executor-0] INFO  client.GrpcClientProtocolClient (GrpcClientProtocolClient.java:onNext(264)) - client-8C798EE064B2->dd0a3b65-d36c-4f93-b232-3c8e6f6667b6: receive RaftClientReply:client-8C798EE064B2->dd0a3b65-d36c-4f93-b232-3c8e6f6667b6@group-B02456D89C11, cid=1983, SUCCESS, logIndex=2811, commits[dd0a3b65-d36c-4f93-b232-3c8e6f6667b6:c2814]
2019-09-18 13:04:26,218 [grpc-default-executor-0] INFO  client.GrpcClientProtocolClient (GrpcClientProtocolClient.java:onNext(264)) - client-8C798EE064B2->dd0a3b65-d36c-4f93-b232-3c8e6f6667b6: receive RaftClientReply:client-8C798EE064B2->dd0a3b65-d36c-4f93-b232-3c8e6f6667b6@group-B02456D89C11, cid=1984, SUCCESS, logIndex=2812, commits[dd0a3b65-d36c-4f93-b232-3c8e6f6667b6:c2814]
2019-09-18 13:04:26,387 [SCMBlockDeletingService#1] DEBUG block.SCMBlockDeletingService (SCMBlockDeletingService.java:call(138)) - Running DeletedBlockTransactionScanner
2019-09-18 13:04:26,387 [SCMBlockDeletingService#1] DEBUG block.SCMBlockDeletingService (SCMBlockDeletingService.java:call(155)) - Scanned deleted blocks log and got 0 delTX to process.
2019-09-18 13:04:26,407 [grpc-default-executor-0] INFO  client.GrpcClientProtocolClient (GrpcClientProtocolClient.java:onNext(264)) - client-8C798EE064B2->dd0a3b65-d36c-4f93-b232-3c8e6f6667b6: receive RaftClientReply:client-8C798EE064B2->dd0a3b65-d36c-4f93-b232-3c8e6f6667b6@group-B02456D89C11, cid=1985, SUCCESS, logIndex=2815, commits[dd0a3b65-d36c-4f93-b232-3c8e6f6667b6:c2818]
2019-09-18 13:04:26,407 [grpc-default-executor-0] INFO  client.GrpcClientProtocolClient (GrpcClientProtocolClient.java:onNext(264)) - client-8C798EE064B2->dd0a3b65-d36c-4f93-b232-3c8e6f6667b6: receive RaftClientReply:client-8C798EE064B2->dd0a3b65-d36c-4f93-b232-3c8e6f6667b6@group-B02456D89C11, cid=1986, SUCCESS, logIndex=2816, commits[dd0a3b65-d36c-4f93-b232-3c8e6f6667b6:c2819]
2019-09-18 13:04:26,407 [grpc-default-executor-0] INFO  client.GrpcClientProtocolClient (GrpcClientProtocolClient.java:onNext(264)) - client-8C798EE064B2->dd0a3b65-d36c-4f93-b232-3c8e6f6667b6: receive RaftClientReply:client-8C798EE064B2->dd0a3b65-d36c-4f93-b232-3c8e6f6667b6@group-B02456D89C11, cid=1987, SUCCESS, logIndex=2817, commits[dd0a3b65-d36c-4f93-b232-3c8e6f6667b6:c2819]
2019-09-18 13:04:26,408 [grpc-default-executor-0] INFO  client.GrpcClientProtocolClient (GrpcClientProtocolClient.java:onNext(264)) - client-8C798EE064B2->dd0a3b65-d36c-4f93-b232-3c8e6f6667b6: receive RaftClientReply:client-8C798EE064B2->dd0a3b65-d36c-4f93-b232-3c8e6f6667b6@group-B02456D89C11, cid=1988, SUCCESS, logIndex=2818, commits[dd0a3b65-d36c-4f93-b232-3c8e6f6667b6:c2819]
2019-09-18 13:04:26,488 [SCMBlockDeletingService#1] DEBUG block.SCMBlockDeletingService (SCMBlockDeletingService.java:call(138)) - Running DeletedBlockTransactionScanner
2019-09-18 13:04:26,488 [SCMBlockDeletingService#1] DEBUG block.SCMBlockDeletingService (SCMBlockDeletingService.java:call(155)) - Scanned deleted blocks log and got 0 delTX to process.
2019-09-18 13:04:26,539 [grpc-default-executor-0] INFO  client.GrpcClientProtocolClient (GrpcClientProtocolClient.java:onNext(264)) - client-8C798EE064B2->dd0a3b65-d36c-4f93-b232-3c8e6f6667b6: receive RaftClientReply:client-8C798EE064B2->dd0a3b65-d36c-4f93-b232-3c8e6f6667b6@group-B02456D89C11, cid=1989, SUCCESS, logIndex=2820, commits[dd0a3b65-d36c-4f93-b232-3c8e6f6667b6:c2823]
2019-09-18 13:04:26,540 [grpc-default-executor-0] INFO  client.GrpcClientProtocolClient (GrpcClientProtocolClient.java:onNext(264)) - client-8C798EE064B2->dd0a3b65-d36c-4f93-b232-3c8e6f6667b6: receive RaftClientReply:client-8C798EE064B2->dd0a3b65-d36c-4f93-b232-3c8e6f6667b6@group-B02456D89C11, cid=1990, SUCCESS, logIndex=2821, commits[dd0a3b65-d36c-4f93-b232-3c8e6f6667b6:c2824]
2019-09-18 13:04:26,540 [grpc-default-executor-0] INFO  client.GrpcClientProtocolClient (GrpcClientProtocolClient.java:onNext(264)) - client-8C798EE064B2->dd0a3b65-d36c-4f93-b232-3c8e6f6667b6: receive RaftClientReply:client-8C798EE064B2->dd0a3b65-d36c-4f93-b232-3c8e6f6667b6@group-B02456D89C11, cid=1991, SUCCESS, logIndex=2822, commits[dd0a3b65-d36c-4f93-b232-3c8e6f6667b6:c2824]
2019-09-18 13:04:26,540 [grpc-default-executor-0] INFO  client.GrpcClientProtocolClient (GrpcClientProtocolClient.java:onNext(264)) - client-8C798EE064B2->dd0a3b65-d36c-4f93-b232-3c8e6f6667b6: receive RaftClientReply:client-8C798EE064B2->dd0a3b65-d36c-4f93-b232-3c8e6f6667b6@group-B02456D89C11, cid=1992, SUCCESS, logIndex=2823, commits[dd0a3b65-d36c-4f93-b232-3c8e6f6667b6:c2824]
2019-09-18 13:04:26,575 [grpc-default-executor-0] INFO  client.GrpcClientProtocolClient (GrpcClientProtocolClient.java:onNext(264)) - client-8C798EE064B2->dd0a3b65-d36c-4f93-b232-3c8e6f6667b6: receive RaftClientReply:client-8C798EE064B2->dd0a3b65-d36c-4f93-b232-3c8e6f6667b6@group-B02456D89C11, cid=1993, SUCCESS, logIndex=2825, commits[dd0a3b65-d36c-4f93-b232-3c8e6f6667b6:c2828]
2019-09-18 13:04:26,575 [grpc-default-executor-0] INFO  client.GrpcClientProtocolClient (GrpcClientProtocolClient.java:onNext(264)) - client-8C798EE064B2->dd0a3b65-d36c-4f93-b232-3c8e6f6667b6: receive RaftClientReply:client-8C798EE064B2->dd0a3b65-d36c-4f93-b232-3c8e6f6667b6@group-B02456D89C11, cid=1994, SUCCESS, logIndex=2826, commits[dd0a3b65-d36c-4f93-b232-3c8e6f6667b6:c2829]
2019-09-18 13:04:26,576 [grpc-default-executor-0] INFO  client.GrpcClientProtocolClient (GrpcClientProtocolClient.java:onNext(264)) - client-8C798EE064B2->dd0a3b65-d36c-4f93-b232-3c8e6f6667b6: receive RaftClientReply:client-8C798EE064B2->dd0a3b65-d36c-4f93-b232-3c8e6f6667b6@group-B02456D89C11, cid=1995, SUCCESS, logIndex=2827, commits[dd0a3b65-d36c-4f93-b232-3c8e6f6667b6:c2829]
2019-09-18 13:04:26,576 [grpc-default-executor-0] INFO  client.GrpcClientProtocolClient (GrpcClientProtocolClient.java:onNext(264)) - client-8C798EE064B2->dd0a3b65-d36c-4f93-b232-3c8e6f6667b6: receive RaftClientReply:client-8C798EE064B2->dd0a3b65-d36c-4f93-b232-3c8e6f6667b6@group-B02456D89C11, cid=1996, SUCCESS, logIndex=2828, commits[dd0a3b65-d36c-4f93-b232-3c8e6f6667b6:c2829]
2019-09-18 13:04:26,588 [SCMBlockDeletingService#0] DEBUG block.SCMBlockDeletingService (SCMBlockDeletingService.java:call(138)) - Running DeletedBlockTransactionScanner
2019-09-18 13:04:26,589 [SCMBlockDeletingService#0] DEBUG block.SCMBlockDeletingService (SCMBlockDeletingService.java:call(155)) - Scanned deleted blocks log and got 0 delTX to process.
2019-09-18 13:04:26,599 [grpc-default-executor-1] INFO  client.GrpcClientProtocolClient (GrpcClientProtocolClient.java:onNext(264)) - client-8C798EE064B2->dd0a3b65-d36c-4f93-b232-3c8e6f6667b6: receive RaftClientReply:client-8C798EE064B2->dd0a3b65-d36c-4f93-b232-3c8e6f6667b6@group-B02456D89C11, cid=1997, SUCCESS, logIndex=2830, commits[dd0a3b65-d36c-4f93-b232-3c8e6f6667b6:c2833]
2019-09-18 13:04:26,599 [grpc-default-executor-1] INFO  client.GrpcClientProtocolClient (GrpcClientProtocolClient.java:onNext(264)) - client-8C798EE064B2->dd0a3b65-d36c-4f93-b232-3c8e6f6667b6: receive RaftClientReply:client-8C798EE064B2->dd0a3b65-d36c-4f93-b232-3c8e6f6667b6@group-B02456D89C11, cid=1998, SUCCESS, logIndex=2831, commits[dd0a3b65-d36c-4f93-b232-3c8e6f6667b6:c2834]
2019-09-18 13:04:26,600 [grpc-default-executor-1] INFO  client.GrpcClientProtocolClient (GrpcClientProtocolClient.java:onNext(264)) - client-8C798EE064B2->dd0a3b65-d36c-4f93-b232-3c8e6f6667b6: receive RaftClientReply:client-8C798EE064B2->dd0a3b65-d36c-4f93-b232-3c8e6f6667b6@group-B02456D89C11, cid=1999, SUCCESS, logIndex=2832, commits[dd0a3b65-d36c-4f93-b232-3c8e6f6667b6:c2834]
2019-09-18 13:04:26,600 [grpc-default-executor-1] INFO  client.GrpcClientProtocolClient (GrpcClientProtocolClient.java:onNext(264)) - client-8C798EE064B2->dd0a3b65-d36c-4f93-b232-3c8e6f6667b6: receive RaftClientReply:client-8C798EE064B2->dd0a3b65-d36c-4f93-b232-3c8e6f6667b6@group-B02456D89C11, cid=2000, SUCCESS, logIndex=2833, commits[dd0a3b65-d36c-4f93-b232-3c8e6f6667b6:c2834]
2019-09-18 13:04:26,632 [grpc-default-executor-1] INFO  client.GrpcClientProtocolClient (GrpcClientProtocolClient.java:onNext(264)) - client-8C798EE064B2->dd0a3b65-d36c-4f93-b232-3c8e6f6667b6: receive RaftClientReply:client-8C798EE064B2->dd0a3b65-d36c-4f93-b232-3c8e6f6667b6@group-B02456D89C11, cid=2001, SUCCESS, logIndex=2835, commits[dd0a3b65-d36c-4f93-b232-3c8e6f6667b6:c2838]
2019-09-18 13:04:26,632 [grpc-default-executor-1] INFO  client.GrpcClientProtocolClient (GrpcClientProtocolClient.java:onNext(264)) - client-8C798EE064B2->dd0a3b65-d36c-4f93-b232-3c8e6f6667b6: receive RaftClientReply:client-8C798EE064B2->dd0a3b65-d36c-4f93-b232-3c8e6f6667b6@group-B02456D89C11, cid=2002, SUCCESS, logIndex=2836, commits[dd0a3b65-d36c-4f93-b232-3c8e6f6667b6:c2839]
2019-09-18 13:04:26,633 [grpc-default-executor-1] INFO  client.GrpcClientProtocolClient (GrpcClientProtocolClient.java:onNext(264)) - client-8C798EE064B2->dd0a3b65-d36c-4f93-b232-3c8e6f6667b6: receive RaftClientReply:client-8C798EE064B2->dd0a3b65-d36c-4f93-b232-3c8e6f6667b6@group-B02456D89C11, cid=2003, SUCCESS, logIndex=2837, commits[dd0a3b65-d36c-4f93-b232-3c8e6f6667b6:c2839]
2019-09-18 13:04:26,633 [grpc-default-executor-1] INFO  client.GrpcClientProtocolClient (GrpcClientProtocolClient.java:onNext(264)) - client-8C798EE064B2->dd0a3b65-d36c-4f93-b232-3c8e6f6667b6: receive RaftClientReply:client-8C798EE064B2->dd0a3b65-d36c-4f93-b232-3c8e6f6667b6@group-B02456D89C11, cid=2004, SUCCESS, logIndex=2838, commits[dd0a3b65-d36c-4f93-b232-3c8e6f6667b6:c2839]
2019-09-18 13:04:26,659 [grpc-default-executor-1] INFO  client.GrpcClientProtocolClient (GrpcClientProtocolClient.java:onNext(264)) - client-8C798EE064B2->dd0a3b65-d36c-4f93-b232-3c8e6f6667b6: receive RaftClientReply:client-8C798EE064B2->dd0a3b65-d36c-4f93-b232-3c8e6f6667b6@group-B02456D89C11, cid=2005, SUCCESS, logIndex=2840, commits[dd0a3b65-d36c-4f93-b232-3c8e6f6667b6:c2843]
2019-09-18 13:04:26,659 [grpc-default-executor-1] INFO  client.GrpcClientProtocolClient (GrpcClientProtocolClient.java:onNext(264)) - client-8C798EE064B2->dd0a3b65-d36c-4f93-b232-3c8e6f6667b6: receive RaftClientReply:client-8C798EE064B2->dd0a3b65-d36c-4f93-b232-3c8e6f6667b6@group-B02456D89C11, cid=2006, SUCCESS, logIndex=2841, commits[dd0a3b65-d36c-4f93-b232-3c8e6f6667b6:c2843]
2019-09-18 13:04:26,659 [grpc-default-executor-1] INFO  client.GrpcClientProtocolClient (GrpcClientProtocolClient.java:onNext(264)) - client-8C798EE064B2->dd0a3b65-d36c-4f93-b232-3c8e6f6667b6: receive RaftClientReply:client-8C798EE064B2->dd0a3b65-d36c-4f93-b232-3c8e6f6667b6@group-B02456D89C11, cid=2007, SUCCESS, logIndex=2842, commits[dd0a3b65-d36c-4f93-b232-3c8e6f6667b6:c2844]
2019-09-18 13:04:26,660 [grpc-default-executor-1] INFO  client.GrpcClientProtocolClient (GrpcClientProtocolClient.java:onNext(264)) - client-8C798EE064B2->dd0a3b65-d36c-4f93-b232-3c8e6f6667b6: receive RaftClientReply:client-8C798EE064B2->dd0a3b65-d36c-4f93-b232-3c8e6f6667b6@group-B02456D89C11, cid=2008, SUCCESS, logIndex=2843, commits[dd0a3b65-d36c-4f93-b232-3c8e6f6667b6:c2844]
2019-09-18 13:04:26,689 [SCMBlockDeletingService#0] DEBUG block.SCMBlockDeletingService (SCMBlockDeletingService.java:call(138)) - Running DeletedBlockTransactionScanner
2019-09-18 13:04:26,689 [SCMBlockDeletingService#0] DEBUG block.SCMBlockDeletingService (SCMBlockDeletingService.java:call(155)) - Scanned deleted blocks log and got 0 delTX to process.
2019-09-18 13:04:26,690 [grpc-default-executor-1] INFO  client.GrpcClientProtocolClient (GrpcClientProtocolClient.java:onNext(264)) - client-8C798EE064B2->dd0a3b65-d36c-4f93-b232-3c8e6f6667b6: receive RaftClientReply:client-8C798EE064B2->dd0a3b65-d36c-4f93-b232-3c8e6f6667b6@group-B02456D89C11, cid=2009, SUCCESS, logIndex=2845, commits[dd0a3b65-d36c-4f93-b232-3c8e6f6667b6:c2848]
2019-09-18 13:04:26,690 [grpc-default-executor-1] INFO  client.GrpcClientProtocolClient (GrpcClientProtocolClient.java:onNext(264)) - client-8C798EE064B2->dd0a3b65-d36c-4f93-b232-3c8e6f6667b6: receive RaftClientReply:client-8C798EE064B2->dd0a3b65-d36c-4f93-b232-3c8e6f6667b6@group-B02456D89C11, cid=2010, SUCCESS, logIndex=2846, commits[dd0a3b65-d36c-4f93-b232-3c8e6f6667b6:c2849]
2019-09-18 13:04:26,691 [grpc-default-executor-1] INFO  client.GrpcClientProtocolClient (GrpcClientProtocolClient.java:onNext(264)) - client-8C798EE064B2->dd0a3b65-d36c-4f93-b232-3c8e6f6667b6: receive RaftClientReply:client-8C798EE064B2->dd0a3b65-d36c-4f93-b232-3c8e6f6667b6@group-B02456D89C11, cid=2011, SUCCESS, logIndex=2847, commits[dd0a3b65-d36c-4f93-b232-3c8e6f6667b6:c2849]
2019-09-18 13:04:26,691 [grpc-default-executor-1] INFO  client.GrpcClientProtocolClient (GrpcClientProtocolClient.java:onNext(264)) - client-8C798EE064B2->dd0a3b65-d36c-4f93-b232-3c8e6f6667b6: receive RaftClientReply:client-8C798EE064B2->dd0a3b65-d36c-4f93-b232-3c8e6f6667b6@group-B02456D89C11, cid=2012, SUCCESS, logIndex=2848, commits[dd0a3b65-d36c-4f93-b232-3c8e6f6667b6:c2849]
2019-09-18 13:04:26,714 [grpc-default-executor-1] INFO  client.GrpcClientProtocolClient (GrpcClientProtocolClient.java:onNext(264)) - client-8C798EE064B2->dd0a3b65-d36c-4f93-b232-3c8e6f6667b6: receive RaftClientReply:client-8C798EE064B2->dd0a3b65-d36c-4f93-b232-3c8e6f6667b6@group-B02456D89C11, cid=2013, SUCCESS, logIndex=2850, commits[dd0a3b65-d36c-4f93-b232-3c8e6f6667b6:c2853]
2019-09-18 13:04:26,715 [grpc-default-executor-1] INFO  client.GrpcClientProtocolClient (GrpcClientProtocolClient.java:onNext(264)) - client-8C798EE064B2->dd0a3b65-d36c-4f93-b232-3c8e6f6667b6: receive RaftClientReply:client-8C798EE064B2->dd0a3b65-d36c-4f93-b232-3c8e6f6667b6@group-B02456D89C11, cid=2014, SUCCESS, logIndex=2851, commits[dd0a3b65-d36c-4f93-b232-3c8e6f6667b6:c2854]
2019-09-18 13:04:26,715 [grpc-default-executor-1] INFO  client.GrpcClientProtocolClient (GrpcClientProtocolClient.java:onNext(264)) - client-8C798EE064B2->dd0a3b65-d36c-4f93-b232-3c8e6f6667b6: receive RaftClientReply:client-8C798EE064B2->dd0a3b65-d36c-4f93-b232-3c8e6f6667b6@group-B02456D89C11, cid=2015, SUCCESS, logIndex=2852, commits[dd0a3b65-d36c-4f93-b232-3c8e6f6667b6:c2854]
2019-09-18 13:04:26,716 [grpc-default-executor-1] INFO  client.GrpcClientProtocolClient (GrpcClientProtocolClient.java:onNext(264)) - client-8C798EE064B2->dd0a3b65-d36c-4f93-b232-3c8e6f6667b6: receive RaftClientReply:client-8C798EE064B2->dd0a3b65-d36c-4f93-b232-3c8e6f6667b6@group-B02456D89C11, cid=2016, SUCCESS, logIndex=2853, commits[dd0a3b65-d36c-4f93-b232-3c8e6f6667b6:c2854]
2019-09-18 13:04:26,747 [grpc-default-executor-1] INFO  client.GrpcClientProtocolClient (GrpcClientProtocolClient.java:onNext(264)) - client-8C798EE064B2->dd0a3b65-d36c-4f93-b232-3c8e6f6667b6: receive RaftClientReply:client-8C798EE064B2->dd0a3b65-d36c-4f93-b232-3c8e6f6667b6@group-B02456D89C11, cid=2017, SUCCESS, logIndex=2855, commits[dd0a3b65-d36c-4f93-b232-3c8e6f6667b6:c2858]
2019-09-18 13:04:26,748 [grpc-default-executor-1] INFO  client.GrpcClientProtocolClient (GrpcClientProtocolClient.java:onNext(264)) - client-8C798EE064B2->dd0a3b65-d36c-4f93-b232-3c8e6f6667b6: receive RaftClientReply:client-8C798EE064B2->dd0a3b65-d36c-4f93-b232-3c8e6f6667b6@group-B02456D89C11, cid=2018, SUCCESS, logIndex=2856, commits[dd0a3b65-d36c-4f93-b232-3c8e6f6667b6:c2859]
2019-09-18 13:04:26,748 [grpc-default-executor-1] INFO  client.GrpcClientProtocolClient (GrpcClientProtocolClient.java:onNext(264)) - client-8C798EE064B2->dd0a3b65-d36c-4f93-b232-3c8e6f6667b6: receive RaftClientReply:client-8C798EE064B2->dd0a3b65-d36c-4f93-b232-3c8e6f6667b6@group-B02456D89C11, cid=2019, SUCCESS, logIndex=2857, commits[dd0a3b65-d36c-4f93-b232-3c8e6f6667b6:c2859]
2019-09-18 13:04:26,748 [grpc-default-executor-1] INFO  client.GrpcClientProtocolClient (GrpcClientProtocolClient.java:onNext(264)) - client-8C798EE064B2->dd0a3b65-d36c-4f93-b232-3c8e6f6667b6: receive RaftClientReply:client-8C798EE064B2->dd0a3b65-d36c-4f93-b232-3c8e6f6667b6@group-B02456D89C11, cid=2020, SUCCESS, logIndex=2858, commits[dd0a3b65-d36c-4f93-b232-3c8e6f6667b6:c2859]
2019-09-18 13:04:26,769 [grpc-default-executor-0] INFO  client.GrpcClientProtocolClient (GrpcClientProtocolClient.java:onNext(264)) - client-8C798EE064B2->dd0a3b65-d36c-4f93-b232-3c8e6f6667b6: receive RaftClientReply:client-8C798EE064B2->dd0a3b65-d36c-4f93-b232-3c8e6f6667b6@group-B02456D89C11, cid=2021, SUCCESS, logIndex=2860, commits[dd0a3b65-d36c-4f93-b232-3c8e6f6667b6:c2863]
2019-09-18 13:04:26,769 [grpc-default-executor-0] INFO  client.GrpcClientProtocolClient (GrpcClientProtocolClient.java:onNext(264)) - client-8C798EE064B2->dd0a3b65-d36c-4f93-b232-3c8e6f6667b6: receive RaftClientReply:client-8C798EE064B2->dd0a3b65-d36c-4f93-b232-3c8e6f6667b6@group-B02456D89C11, cid=2022, SUCCESS, logIndex=2861, commits[dd0a3b65-d36c-4f93-b232-3c8e6f6667b6:c2864]
2019-09-18 13:04:26,770 [grpc-default-executor-0] INFO  client.GrpcClientProtocolClient (GrpcClientProtocolClient.java:onNext(264)) - client-8C798EE064B2->dd0a3b65-d36c-4f93-b232-3c8e6f6667b6: receive RaftClientReply:client-8C798EE064B2->dd0a3b65-d36c-4f93-b232-3c8e6f6667b6@group-B02456D89C11, cid=2023, SUCCESS, logIndex=2862, commits[dd0a3b65-d36c-4f93-b232-3c8e6f6667b6:c2864]
2019-09-18 13:04:26,770 [grpc-default-executor-0] INFO  client.GrpcClientProtocolClient (GrpcClientProtocolClient.java:onNext(264)) - client-8C798EE064B2->dd0a3b65-d36c-4f93-b232-3c8e6f6667b6: receive RaftClientReply:client-8C798EE064B2->dd0a3b65-d36c-4f93-b232-3c8e6f6667b6@group-B02456D89C11, cid=2024, SUCCESS, logIndex=2863, commits[dd0a3b65-d36c-4f93-b232-3c8e6f6667b6:c2864]
2019-09-18 13:04:26,790 [SCMBlockDeletingService#0] DEBUG block.SCMBlockDeletingService (SCMBlockDeletingService.java:call(138)) - Running DeletedBlockTransactionScanner
2019-09-18 13:04:26,790 [SCMBlockDeletingService#0] DEBUG block.SCMBlockDeletingService (SCMBlockDeletingService.java:call(155)) - Scanned deleted blocks log and got 0 delTX to process.
2019-09-18 13:04:26,799 [grpc-default-executor-0] INFO  client.GrpcClientProtocolClient (GrpcClientProtocolClient.java:onNext(264)) - client-8C798EE064B2->dd0a3b65-d36c-4f93-b232-3c8e6f6667b6: receive RaftClientReply:client-8C798EE064B2->dd0a3b65-d36c-4f93-b232-3c8e6f6667b6@group-B02456D89C11, cid=2025, SUCCESS, logIndex=2865, commits[dd0a3b65-d36c-4f93-b232-3c8e6f6667b6:c2868]
2019-09-18 13:04:26,800 [grpc-default-executor-0] INFO  client.GrpcClientProtocolClient (GrpcClientProtocolClient.java:onNext(264)) - client-8C798EE064B2->dd0a3b65-d36c-4f93-b232-3c8e6f6667b6: receive RaftClientReply:client-8C798EE064B2->dd0a3b65-d36c-4f93-b232-3c8e6f6667b6@group-B02456D89C11, cid=2026, SUCCESS, logIndex=2866, commits[dd0a3b65-d36c-4f93-b232-3c8e6f6667b6:c2869]
2019-09-18 13:04:26,800 [grpc-default-executor-0] INFO  client.GrpcClientProtocolClient (GrpcClientProtocolClient.java:onNext(264)) - client-8C798EE064B2->dd0a3b65-d36c-4f93-b232-3c8e6f6667b6: receive RaftClientReply:client-8C798EE064B2->dd0a3b65-d36c-4f93-b232-3c8e6f6667b6@group-B02456D89C11, cid=2027, SUCCESS, logIndex=2867, commits[dd0a3b65-d36c-4f93-b232-3c8e6f6667b6:c2869]
2019-09-18 13:04:26,800 [grpc-default-executor-0] INFO  client.GrpcClientProtocolClient (GrpcClientProtocolClient.java:onNext(264)) - client-8C798EE064B2->dd0a3b65-d36c-4f93-b232-3c8e6f6667b6: receive RaftClientReply:client-8C798EE064B2->dd0a3b65-d36c-4f93-b232-3c8e6f6667b6@group-B02456D89C11, cid=2028, SUCCESS, logIndex=2868, commits[dd0a3b65-d36c-4f93-b232-3c8e6f6667b6:c2869]
2019-09-18 13:04:26,833 [grpc-default-executor-0] INFO  client.GrpcClientProtocolClient (GrpcClientProtocolClient.java:onNext(264)) - client-8C798EE064B2->dd0a3b65-d36c-4f93-b232-3c8e6f6667b6: receive RaftClientReply:client-8C798EE064B2->dd0a3b65-d36c-4f93-b232-3c8e6f6667b6@group-B02456D89C11, cid=2029, SUCCESS, logIndex=2870, commits[dd0a3b65-d36c-4f93-b232-3c8e6f6667b6:c2873]
2019-09-18 13:04:26,833 [grpc-default-executor-0] INFO  client.GrpcClientProtocolClient (GrpcClientProtocolClient.java:onNext(264)) - client-8C798EE064B2->dd0a3b65-d36c-4f93-b232-3c8e6f6667b6: receive RaftClientReply:client-8C798EE064B2->dd0a3b65-d36c-4f93-b232-3c8e6f6667b6@group-B02456D89C11, cid=2030, SUCCESS, logIndex=2871, commits[dd0a3b65-d36c-4f93-b232-3c8e6f6667b6:c2874]
2019-09-18 13:04:26,833 [grpc-default-executor-0] INFO  client.GrpcClientProtocolClient (GrpcClientProtocolClient.java:onNext(264)) - client-8C798EE064B2->dd0a3b65-d36c-4f93-b232-3c8e6f6667b6: receive RaftClientReply:client-8C798EE064B2->dd0a3b65-d36c-4f93-b232-3c8e6f6667b6@group-B02456D89C11, cid=2031, SUCCESS, logIndex=2872, commits[dd0a3b65-d36c-4f93-b232-3c8e6f6667b6:c2874]
2019-09-18 13:04:26,834 [grpc-default-executor-0] INFO  client.GrpcClientProtocolClient (GrpcClientProtocolClient.java:onNext(264)) - client-8C798EE064B2->dd0a3b65-d36c-4f93-b232-3c8e6f6667b6: receive RaftClientReply:client-8C798EE064B2->dd0a3b65-d36c-4f93-b232-3c8e6f6667b6@group-B02456D89C11, cid=2032, SUCCESS, logIndex=2873, commits[dd0a3b65-d36c-4f93-b232-3c8e6f6667b6:c2874]
2019-09-18 13:04:26,890 [SCMBlockDeletingService#0] DEBUG block.SCMBlockDeletingService (SCMBlockDeletingService.java:call(138)) - Running DeletedBlockTransactionScanner
2019-09-18 13:04:26,891 [SCMBlockDeletingService#0] DEBUG block.SCMBlockDeletingService (SCMBlockDeletingService.java:call(155)) - Scanned deleted blocks log and got 0 delTX to process.
2019-09-18 13:04:26,955 [grpc-default-executor-0] INFO  client.GrpcClientProtocolClient (GrpcClientProtocolClient.java:onNext(264)) - client-8C798EE064B2->dd0a3b65-d36c-4f93-b232-3c8e6f6667b6: receive RaftClientReply:client-8C798EE064B2->dd0a3b65-d36c-4f93-b232-3c8e6f6667b6@group-B02456D89C11, cid=2033, SUCCESS, logIndex=2875, commits[dd0a3b65-d36c-4f93-b232-3c8e6f6667b6:c2878]
2019-09-18 13:04:26,956 [grpc-default-executor-0] INFO  client.GrpcClientProtocolClient (GrpcClientProtocolClient.java:onNext(264)) - client-8C798EE064B2->dd0a3b65-d36c-4f93-b232-3c8e6f6667b6: receive RaftClientReply:client-8C798EE064B2->dd0a3b65-d36c-4f93-b232-3c8e6f6667b6@group-B02456D89C11, cid=2034, SUCCESS, logIndex=2876, commits[dd0a3b65-d36c-4f93-b232-3c8e6f6667b6:c2878]
2019-09-18 13:04:26,956 [grpc-default-executor-0] INFO  client.GrpcClientProtocolClient (GrpcClientProtocolClient.java:onNext(264)) - client-8C798EE064B2->dd0a3b65-d36c-4f93-b232-3c8e6f6667b6: receive RaftClientReply:client-8C798EE064B2->dd0a3b65-d36c-4f93-b232-3c8e6f6667b6@group-B02456D89C11, cid=2035, SUCCESS, logIndex=2877, commits[dd0a3b65-d36c-4f93-b232-3c8e6f6667b6:c2879]
2019-09-18 13:04:26,956 [grpc-default-executor-0] INFO  client.GrpcClientProtocolClient (GrpcClientProtocolClient.java:onNext(264)) - client-8C798EE064B2->dd0a3b65-d36c-4f93-b232-3c8e6f6667b6: receive RaftClientReply:client-8C798EE064B2->dd0a3b65-d36c-4f93-b232-3c8e6f6667b6@group-B02456D89C11, cid=2036, SUCCESS, logIndex=2878, commits[dd0a3b65-d36c-4f93-b232-3c8e6f6667b6:c2879]
2019-09-18 13:04:26,979 [grpc-default-executor-1] INFO  client.GrpcClientProtocolClient (GrpcClientProtocolClient.java:onNext(264)) - client-8C798EE064B2->dd0a3b65-d36c-4f93-b232-3c8e6f6667b6: receive RaftClientReply:client-8C798EE064B2->dd0a3b65-d36c-4f93-b232-3c8e6f6667b6@group-B02456D89C11, cid=2037, SUCCESS, logIndex=2880, commits[dd0a3b65-d36c-4f93-b232-3c8e6f6667b6:c2883]
2019-09-18 13:04:26,980 [grpc-default-executor-1] INFO  client.GrpcClientProtocolClient (GrpcClientProtocolClient.java:onNext(264)) - client-8C798EE064B2->dd0a3b65-d36c-4f93-b232-3c8e6f6667b6: receive RaftClientReply:client-8C798EE064B2->dd0a3b65-d36c-4f93-b232-3c8e6f6667b6@group-B02456D89C11, cid=2038, SUCCESS, logIndex=2881, commits[dd0a3b65-d36c-4f93-b232-3c8e6f6667b6:c2884]
2019-09-18 13:04:26,980 [grpc-default-executor-1] INFO  client.GrpcClientProtocolClient (GrpcClientProtocolClient.java:onNext(264)) - client-8C798EE064B2->dd0a3b65-d36c-4f93-b232-3c8e6f6667b6: receive RaftClientReply:client-8C798EE064B2->dd0a3b65-d36c-4f93-b232-3c8e6f6667b6@group-B02456D89C11, cid=2039, SUCCESS, logIndex=2882, commits[dd0a3b65-d36c-4f93-b232-3c8e6f6667b6:c2884]
2019-09-18 13:04:26,981 [grpc-default-executor-1] INFO  client.GrpcClientProtocolClient (GrpcClientProtocolClient.java:onNext(264)) - client-8C798EE064B2->dd0a3b65-d36c-4f93-b232-3c8e6f6667b6: receive RaftClientReply:client-8C798EE064B2->dd0a3b65-d36c-4f93-b232-3c8e6f6667b6@group-B02456D89C11, cid=2040, SUCCESS, logIndex=2883, commits[dd0a3b65-d36c-4f93-b232-3c8e6f6667b6:c2884]
2019-09-18 13:04:26,991 [SCMBlockDeletingService#0] DEBUG block.SCMBlockDeletingService (SCMBlockDeletingService.java:call(138)) - Running DeletedBlockTransactionScanner
2019-09-18 13:04:26,991 [SCMBlockDeletingService#0] DEBUG block.SCMBlockDeletingService (SCMBlockDeletingService.java:call(155)) - Scanned deleted blocks log and got 0 delTX to process.
2019-09-18 13:04:27,010 [grpc-default-executor-0] INFO  client.GrpcClientProtocolClient (GrpcClientProtocolClient.java:onNext(264)) - client-8C798EE064B2->dd0a3b65-d36c-4f93-b232-3c8e6f6667b6: receive RaftClientReply:client-8C798EE064B2->dd0a3b65-d36c-4f93-b232-3c8e6f6667b6@group-B02456D89C11, cid=2041, SUCCESS, logIndex=2885, commits[dd0a3b65-d36c-4f93-b232-3c8e6f6667b6:c2886]
2019-09-18 13:04:27,011 [grpc-default-executor-0] INFO  client.GrpcClientProtocolClient (GrpcClientProtocolClient.java:onNext(264)) - client-8C798EE064B2->dd0a3b65-d36c-4f93-b232-3c8e6f6667b6: receive RaftClientReply:client-8C798EE064B2->dd0a3b65-d36c-4f93-b232-3c8e6f6667b6@group-B02456D89C11, cid=2042, SUCCESS, logIndex=2886, commits[dd0a3b65-d36c-4f93-b232-3c8e6f6667b6:c2888]
2019-09-18 13:04:27,011 [grpc-default-executor-0] INFO  client.GrpcClientProtocolClient (GrpcClientProtocolClient.java:onNext(264)) - client-8C798EE064B2->dd0a3b65-d36c-4f93-b232-3c8e6f6667b6: receive RaftClientReply:client-8C798EE064B2->dd0a3b65-d36c-4f93-b232-3c8e6f6667b6@group-B02456D89C11, cid=2043, SUCCESS, logIndex=2887, commits[dd0a3b65-d36c-4f93-b232-3c8e6f6667b6:c2888]
2019-09-18 13:04:27,011 [grpc-default-executor-0] INFO  client.GrpcClientProtocolClient (GrpcClientProtocolClient.java:onNext(264)) - client-8C798EE064B2->dd0a3b65-d36c-4f93-b232-3c8e6f6667b6: receive RaftClientReply:client-8C798EE064B2->dd0a3b65-d36c-4f93-b232-3c8e6f6667b6@group-B02456D89C11, cid=2044, SUCCESS, logIndex=2888, commits[dd0a3b65-d36c-4f93-b232-3c8e6f6667b6:c2889]
2019-09-18 13:04:27,034 [grpc-default-executor-0] INFO  client.GrpcClientProtocolClient (GrpcClientProtocolClient.java:onNext(264)) - client-8C798EE064B2->dd0a3b65-d36c-4f93-b232-3c8e6f6667b6: receive RaftClientReply:client-8C798EE064B2->dd0a3b65-d36c-4f93-b232-3c8e6f6667b6@group-B02456D89C11, cid=2045, SUCCESS, logIndex=2891, commits[dd0a3b65-d36c-4f93-b232-3c8e6f6667b6:c2895]
2019-09-18 13:04:27,035 [grpc-default-executor-0] INFO  client.GrpcClientProtocolClient (GrpcClientProtocolClient.java:onNext(264)) - client-8C798EE064B2->dd0a3b65-d36c-4f93-b232-3c8e6f6667b6: receive RaftClientReply:client-8C798EE064B2->dd0a3b65-d36c-4f93-b232-3c8e6f6667b6@group-B02456D89C11, cid=2046, SUCCESS, logIndex=2892, commits[dd0a3b65-d36c-4f93-b232-3c8e6f6667b6:c2895]
2019-09-18 13:04:27,035 [grpc-default-executor-0] INFO  client.GrpcClientProtocolClient (GrpcClientProtocolClient.java:onNext(264)) - client-8C798EE064B2->dd0a3b65-d36c-4f93-b232-3c8e6f6667b6: receive RaftClientReply:client-8C798EE064B2->dd0a3b65-d36c-4f93-b232-3c8e6f6667b6@group-B02456D89C11, cid=2047, SUCCESS, logIndex=2893, commits[dd0a3b65-d36c-4f93-b232-3c8e6f6667b6:c2895]
2019-09-18 13:04:27,036 [grpc-default-executor-0] INFO  client.GrpcClientProtocolClient (GrpcClientProtocolClient.java:onNext(264)) - client-8C798EE064B2->dd0a3b65-d36c-4f93-b232-3c8e6f6667b6: receive RaftClientReply:client-8C798EE064B2->dd0a3b65-d36c-4f93-b232-3c8e6f6667b6@group-B02456D89C11, cid=2048, SUCCESS, logIndex=2894, commits[dd0a3b65-d36c-4f93-b232-3c8e6f6667b6:c2895]
2019-09-18 13:04:27,066 [grpc-default-executor-0] INFO  client.GrpcClientProtocolClient (GrpcClientProtocolClient.java:onNext(264)) - client-8C798EE064B2->dd0a3b65-d36c-4f93-b232-3c8e6f6667b6: receive RaftClientReply:client-8C798EE064B2->dd0a3b65-d36c-4f93-b232-3c8e6f6667b6@group-B02456D89C11, cid=2049, SUCCESS, logIndex=2896, commits[dd0a3b65-d36c-4f93-b232-3c8e6f6667b6:c2899]
2019-09-18 13:04:27,066 [grpc-default-executor-0] INFO  client.GrpcClientProtocolClient (GrpcClientProtocolClient.java:onNext(264)) - client-8C798EE064B2->dd0a3b65-d36c-4f93-b232-3c8e6f6667b6: receive RaftClientReply:client-8C798EE064B2->dd0a3b65-d36c-4f93-b232-3c8e6f6667b6@group-B02456D89C11, cid=2050, SUCCESS, logIndex=2897, commits[dd0a3b65-d36c-4f93-b232-3c8e6f6667b6:c2900]
2019-09-18 13:04:27,066 [grpc-default-executor-0] INFO  client.GrpcClientProtocolClient (GrpcClientProtocolClient.java:onNext(264)) - client-8C798EE064B2->dd0a3b65-d36c-4f93-b232-3c8e6f6667b6: receive RaftClientReply:client-8C798EE064B2->dd0a3b65-d36c-4f93-b232-3c8e6f6667b6@group-B02456D89C11, cid=2051, SUCCESS, logIndex=2898, commits[dd0a3b65-d36c-4f93-b232-3c8e6f6667b6:c2900]
2019-09-18 13:04:27,067 [grpc-default-executor-0] INFO  client.GrpcClientProtocolClient (GrpcClientProtocolClient.java:onNext(264)) - client-8C798EE064B2->dd0a3b65-d36c-4f93-b232-3c8e6f6667b6: receive RaftClientReply:client-8C798EE064B2->dd0a3b65-d36c-4f93-b232-3c8e6f6667b6@group-B02456D89C11, cid=2052, SUCCESS, logIndex=2899, commits[dd0a3b65-d36c-4f93-b232-3c8e6f6667b6:c2900]
2019-09-18 13:04:27,087 [grpc-default-executor-0] INFO  client.GrpcClientProtocolClient (GrpcClientProtocolClient.java:onNext(264)) - client-8C798EE064B2->dd0a3b65-d36c-4f93-b232-3c8e6f6667b6: receive RaftClientReply:client-8C798EE064B2->dd0a3b65-d36c-4f93-b232-3c8e6f6667b6@group-B02456D89C11, cid=2053, SUCCESS, logIndex=2901, commits[dd0a3b65-d36c-4f93-b232-3c8e6f6667b6:c2902]
2019-09-18 13:04:27,087 [grpc-default-executor-0] INFO  client.GrpcClientProtocolClient (GrpcClientProtocolClient.java:onNext(264)) - client-8C798EE064B2->dd0a3b65-d36c-4f93-b232-3c8e6f6667b6: receive RaftClientReply:client-8C798EE064B2->dd0a3b65-d36c-4f93-b232-3c8e6f6667b6@group-B02456D89C11, cid=2054, SUCCESS, logIndex=2902, commits[dd0a3b65-d36c-4f93-b232-3c8e6f6667b6:c2904]
2019-09-18 13:04:27,087 [grpc-default-executor-0] INFO  client.GrpcClientProtocolClient (GrpcClientProtocolClient.java:onNext(264)) - client-8C798EE064B2->dd0a3b65-d36c-4f93-b232-3c8e6f6667b6: receive RaftClientReply:client-8C798EE064B2->dd0a3b65-d36c-4f93-b232-3c8e6f6667b6@group-B02456D89C11, cid=2055, SUCCESS, logIndex=2903, commits[dd0a3b65-d36c-4f93-b232-3c8e6f6667b6:c2905]
2019-09-18 13:04:27,088 [grpc-default-executor-0] INFO  client.GrpcClientProtocolClient (GrpcClientProtocolClient.java:onNext(264)) - client-8C798EE064B2->dd0a3b65-d36c-4f93-b232-3c8e6f6667b6: receive RaftClientReply:client-8C798EE064B2->dd0a3b65-d36c-4f93-b232-3c8e6f6667b6@group-B02456D89C11, cid=2056, SUCCESS, logIndex=2904, commits[dd0a3b65-d36c-4f93-b232-3c8e6f6667b6:c2905]
2019-09-18 13:04:27,091 [SCMBlockDeletingService#0] DEBUG block.SCMBlockDeletingService (SCMBlockDeletingService.java:call(138)) - Running DeletedBlockTransactionScanner
2019-09-18 13:04:27,092 [SCMBlockDeletingService#0] DEBUG block.SCMBlockDeletingService (SCMBlockDeletingService.java:call(155)) - Scanned deleted blocks log and got 0 delTX to process.
2019-09-18 13:04:27,129 [grpc-default-executor-0] INFO  client.GrpcClientProtocolClient (GrpcClientProtocolClient.java:onNext(264)) - client-8C798EE064B2->dd0a3b65-d36c-4f93-b232-3c8e6f6667b6: receive RaftClientReply:client-8C798EE064B2->dd0a3b65-d36c-4f93-b232-3c8e6f6667b6@group-B02456D89C11, cid=2057, SUCCESS, logIndex=2907, commits[dd0a3b65-d36c-4f93-b232-3c8e6f6667b6:c2910]
2019-09-18 13:04:27,130 [grpc-default-executor-0] INFO  client.GrpcClientProtocolClient (GrpcClientProtocolClient.java:onNext(264)) - client-8C798EE064B2->dd0a3b65-d36c-4f93-b232-3c8e6f6667b6: receive RaftClientReply:client-8C798EE064B2->dd0a3b65-d36c-4f93-b232-3c8e6f6667b6@group-B02456D89C11, cid=2058, SUCCESS, logIndex=2908, commits[dd0a3b65-d36c-4f93-b232-3c8e6f6667b6:c2911]
2019-09-18 13:04:27,130 [grpc-default-executor-0] INFO  client.GrpcClientProtocolClient (GrpcClientProtocolClient.java:onNext(264)) - client-8C798EE064B2->dd0a3b65-d36c-4f93-b232-3c8e6f6667b6: receive RaftClientReply:client-8C798EE064B2->dd0a3b65-d36c-4f93-b232-3c8e6f6667b6@group-B02456D89C11, cid=2059, SUCCESS, logIndex=2909, commits[dd0a3b65-d36c-4f93-b232-3c8e6f6667b6:c2911]
2019-09-18 13:04:27,131 [grpc-default-executor-0] INFO  client.GrpcClientProtocolClient (GrpcClientProtocolClient.java:onNext(264)) - client-8C798EE064B2->dd0a3b65-d36c-4f93-b232-3c8e6f6667b6: receive RaftClientReply:client-8C798EE064B2->dd0a3b65-d36c-4f93-b232-3c8e6f6667b6@group-B02456D89C11, cid=2060, SUCCESS, logIndex=2910, commits[dd0a3b65-d36c-4f93-b232-3c8e6f6667b6:c2911]
2019-09-18 13:04:27,151 [grpc-default-executor-1] INFO  client.GrpcClientProtocolClient (GrpcClientProtocolClient.java:onNext(264)) - client-8C798EE064B2->dd0a3b65-d36c-4f93-b232-3c8e6f6667b6: receive RaftClientReply:client-8C798EE064B2->dd0a3b65-d36c-4f93-b232-3c8e6f6667b6@group-B02456D89C11, cid=2061, SUCCESS, logIndex=2912, commits[dd0a3b65-d36c-4f93-b232-3c8e6f6667b6:c2913]
2019-09-18 13:04:27,152 [grpc-default-executor-1] INFO  client.GrpcClientProtocolClient (GrpcClientProtocolClient.java:onNext(264)) - client-8C798EE064B2->dd0a3b65-d36c-4f93-b232-3c8e6f6667b6: receive RaftClientReply:client-8C798EE064B2->dd0a3b65-d36c-4f93-b232-3c8e6f6667b6@group-B02456D89C11, cid=2062, SUCCESS, logIndex=2913, commits[dd0a3b65-d36c-4f93-b232-3c8e6f6667b6:c2915]
2019-09-18 13:04:27,152 [grpc-default-executor-1] INFO  client.GrpcClientProtocolClient (GrpcClientProtocolClient.java:onNext(264)) - client-8C798EE064B2->dd0a3b65-d36c-4f93-b232-3c8e6f6667b6: receive RaftClientReply:client-8C798EE064B2->dd0a3b65-d36c-4f93-b232-3c8e6f6667b6@group-B02456D89C11, cid=2063, SUCCESS, logIndex=2914, commits[dd0a3b65-d36c-4f93-b232-3c8e6f6667b6:c2915]
2019-09-18 13:04:27,152 [grpc-default-executor-1] INFO  client.GrpcClientProtocolClient (GrpcClientProtocolClient.java:onNext(264)) - client-8C798EE064B2->dd0a3b65-d36c-4f93-b232-3c8e6f6667b6: receive RaftClientReply:client-8C798EE064B2->dd0a3b65-d36c-4f93-b232-3c8e6f6667b6@group-B02456D89C11, cid=2064, SUCCESS, logIndex=2915, commits[dd0a3b65-d36c-4f93-b232-3c8e6f6667b6:c2915]
2019-09-18 13:04:27,180 [grpc-default-executor-0] INFO  client.GrpcClientProtocolClient (GrpcClientProtocolClient.java:onNext(264)) - client-8C798EE064B2->dd0a3b65-d36c-4f93-b232-3c8e6f6667b6: receive RaftClientReply:client-8C798EE064B2->dd0a3b65-d36c-4f93-b232-3c8e6f6667b6@group-B02456D89C11, cid=2065, SUCCESS, logIndex=2918, commits[dd0a3b65-d36c-4f93-b232-3c8e6f6667b6:c2919]
2019-09-18 13:04:27,181 [grpc-default-executor-0] INFO  client.GrpcClientProtocolClient (GrpcClientProtocolClient.java:onNext(264)) - client-8C798EE064B2->dd0a3b65-d36c-4f93-b232-3c8e6f6667b6: receive RaftClientReply:client-8C798EE064B2->dd0a3b65-d36c-4f93-b232-3c8e6f6667b6@group-B02456D89C11, cid=2066, SUCCESS, logIndex=2919, commits[dd0a3b65-d36c-4f93-b232-3c8e6f6667b6:c2921]
2019-09-18 13:04:27,181 [grpc-default-executor-0] INFO  client.GrpcClientProtocolClient (GrpcClientProtocolClient.java:onNext(264)) - client-8C798EE064B2->dd0a3b65-d36c-4f93-b232-3c8e6f6667b6: receive RaftClientReply:client-8C798EE064B2->dd0a3b65-d36c-4f93-b232-3c8e6f6667b6@group-B02456D89C11, cid=2067, SUCCESS, logIndex=2920, commits[dd0a3b65-d36c-4f93-b232-3c8e6f6667b6:c2921]
2019-09-18 13:04:27,181 [grpc-default-executor-0] INFO  client.GrpcClientProtocolClient (GrpcClientProtocolClient.java:onNext(264)) - client-8C798EE064B2->dd0a3b65-d36c-4f93-b232-3c8e6f6667b6: receive RaftClientReply:client-8C798EE064B2->dd0a3b65-d36c-4f93-b232-3c8e6f6667b6@group-B02456D89C11, cid=2068, SUCCESS, logIndex=2921, commits[dd0a3b65-d36c-4f93-b232-3c8e6f6667b6:c2922]
2019-09-18 13:04:27,192 [SCMBlockDeletingService#0] DEBUG block.SCMBlockDeletingService (SCMBlockDeletingService.java:call(138)) - Running DeletedBlockTransactionScanner
2019-09-18 13:04:27,192 [SCMBlockDeletingService#0] DEBUG block.SCMBlockDeletingService (SCMBlockDeletingService.java:call(155)) - Scanned deleted blocks log and got 0 delTX to process.
2019-09-18 13:04:27,202 [grpc-default-executor-1] INFO  client.GrpcClientProtocolClient (GrpcClientProtocolClient.java:onNext(264)) - client-8C798EE064B2->dd0a3b65-d36c-4f93-b232-3c8e6f6667b6: receive RaftClientReply:client-8C798EE064B2->dd0a3b65-d36c-4f93-b232-3c8e6f6667b6@group-B02456D89C11, cid=2069, SUCCESS, logIndex=2924, commits[dd0a3b65-d36c-4f93-b232-3c8e6f6667b6:c2925]
2019-09-18 13:04:27,202 [grpc-default-executor-1] INFO  client.GrpcClientProtocolClient (GrpcClientProtocolClient.java:onNext(264)) - client-8C798EE064B2->dd0a3b65-d36c-4f93-b232-3c8e6f6667b6: receive RaftClientReply:client-8C798EE064B2->dd0a3b65-d36c-4f93-b232-3c8e6f6667b6@group-B02456D89C11, cid=2070, SUCCESS, logIndex=2925, commits[dd0a3b65-d36c-4f93-b232-3c8e6f6667b6:c2925]
2019-09-18 13:04:27,202 [grpc-default-executor-1] INFO  client.GrpcClientProtocolClient (GrpcClientProtocolClient.java:onNext(264)) - client-8C798EE064B2->dd0a3b65-d36c-4f93-b232-3c8e6f6667b6: receive RaftClientReply:client-8C798EE064B2->dd0a3b65-d36c-4f93-b232-3c8e6f6667b6@group-B02456D89C11, cid=2071, SUCCESS, logIndex=2926, commits[dd0a3b65-d36c-4f93-b232-3c8e6f6667b6:c2927]
2019-09-18 13:04:27,203 [grpc-default-executor-1] INFO  client.GrpcClientProtocolClient (GrpcClientProtocolClient.java:onNext(264)) - client-8C798EE064B2->dd0a3b65-d36c-4f93-b232-3c8e6f6667b6: receive RaftClientReply:client-8C798EE064B2->dd0a3b65-d36c-4f93-b232-3c8e6f6667b6@group-B02456D89C11, cid=2072, SUCCESS, logIndex=2927, commits[dd0a3b65-d36c-4f93-b232-3c8e6f6667b6:c2928]
2019-09-18 13:04:27,235 [grpc-default-executor-1] INFO  client.GrpcClientProtocolClient (GrpcClientProtocolClient.java:onNext(264)) - client-8C798EE064B2->dd0a3b65-d36c-4f93-b232-3c8e6f6667b6: receive RaftClientReply:client-8C798EE064B2->dd0a3b65-d36c-4f93-b232-3c8e6f6667b6@group-B02456D89C11, cid=2073, SUCCESS, logIndex=2930, commits[dd0a3b65-d36c-4f93-b232-3c8e6f6667b6:c2931]
2019-09-18 13:04:27,235 [grpc-default-executor-1] INFO  client.GrpcClientProtocolClient (GrpcClientProtocolClient.java:onNext(264)) - client-8C798EE064B2->dd0a3b65-d36c-4f93-b232-3c8e6f6667b6: receive RaftClientReply:client-8C798EE064B2->dd0a3b65-d36c-4f93-b232-3c8e6f6667b6@group-B02456D89C11, cid=2074, SUCCESS, logIndex=2931, commits[dd0a3b65-d36c-4f93-b232-3c8e6f6667b6:c2931]
2019-09-18 13:04:27,237 [grpc-default-executor-1] INFO  client.GrpcClientProtocolClient (GrpcClientProtocolClient.java:onNext(264)) - client-8C798EE064B2->dd0a3b65-d36c-4f93-b232-3c8e6f6667b6: receive RaftClientReply:client-8C798EE064B2->dd0a3b65-d36c-4f93-b232-3c8e6f6667b6@group-B02456D89C11, cid=2075, SUCCESS, logIndex=2932, commits[dd0a3b65-d36c-4f93-b232-3c8e6f6667b6:c2934]
2019-09-18 13:04:27,238 [grpc-default-executor-1] INFO  client.GrpcClientProtocolClient (GrpcClientProtocolClient.java:onNext(264)) - client-8C798EE064B2->dd0a3b65-d36c-4f93-b232-3c8e6f6667b6: receive RaftClientReply:client-8C798EE064B2->dd0a3b65-d36c-4f93-b232-3c8e6f6667b6@group-B02456D89C11, cid=2076, SUCCESS, logIndex=2933, commits[dd0a3b65-d36c-4f93-b232-3c8e6f6667b6:c2934]
2019-09-18 13:04:27,341 [SCMBlockDeletingService#0] DEBUG block.SCMBlockDeletingService (SCMBlockDeletingService.java:call(138)) - Running DeletedBlockTransactionScanner
2019-09-18 13:04:27,342 [SCMBlockDeletingService#0] DEBUG block.SCMBlockDeletingService (SCMBlockDeletingService.java:call(155)) - Scanned deleted blocks log and got 0 delTX to process.
2019-09-18 13:04:27,442 [SCMBlockDeletingService#0] DEBUG block.SCMBlockDeletingService (SCMBlockDeletingService.java:call(138)) - Running DeletedBlockTransactionScanner
2019-09-18 13:04:27,443 [SCMBlockDeletingService#0] DEBUG block.SCMBlockDeletingService (SCMBlockDeletingService.java:call(155)) - Scanned deleted blocks log and got 0 delTX to process.
2019-09-18 13:04:27,484 [grpc-default-executor-1] INFO  client.GrpcClientProtocolClient (GrpcClientProtocolClient.java:onNext(264)) - client-8C798EE064B2->dd0a3b65-d36c-4f93-b232-3c8e6f6667b6: receive RaftClientReply:client-8C798EE064B2->dd0a3b65-d36c-4f93-b232-3c8e6f6667b6@group-B02456D89C11, cid=2077, SUCCESS, logIndex=2935, commits[dd0a3b65-d36c-4f93-b232-3c8e6f6667b6:c2936]
2019-09-18 13:04:27,484 [grpc-default-executor-1] INFO  client.GrpcClientProtocolClient (GrpcClientProtocolClient.java:onNext(264)) - client-8C798EE064B2->dd0a3b65-d36c-4f93-b232-3c8e6f6667b6: receive RaftClientReply:client-8C798EE064B2->dd0a3b65-d36c-4f93-b232-3c8e6f6667b6@group-B02456D89C11, cid=2078, SUCCESS, logIndex=2936, commits[dd0a3b65-d36c-4f93-b232-3c8e6f6667b6:c2938]
2019-09-18 13:04:27,485 [grpc-default-executor-1] INFO  client.GrpcClientProtocolClient (GrpcClientProtocolClient.java:onNext(264)) - client-8C798EE064B2->dd0a3b65-d36c-4f93-b232-3c8e6f6667b6: receive RaftClientReply:client-8C798EE064B2->dd0a3b65-d36c-4f93-b232-3c8e6f6667b6@group-B02456D89C11, cid=2079, SUCCESS, logIndex=2937, commits[dd0a3b65-d36c-4f93-b232-3c8e6f6667b6:c2939]
2019-09-18 13:04:27,485 [grpc-default-executor-1] INFO  client.GrpcClientProtocolClient (GrpcClientProtocolClient.java:onNext(264)) - client-8C798EE064B2->dd0a3b65-d36c-4f93-b232-3c8e6f6667b6: receive RaftClientReply:client-8C798EE064B2->dd0a3b65-d36c-4f93-b232-3c8e6f6667b6@group-B02456D89C11, cid=2080, SUCCESS, logIndex=2938, commits[dd0a3b65-d36c-4f93-b232-3c8e6f6667b6:c2940]
2019-09-18 13:04:27,520 [grpc-default-executor-1] INFO  client.GrpcClientProtocolClient (GrpcClientProtocolClient.java:onNext(264)) - client-8C798EE064B2->dd0a3b65-d36c-4f93-b232-3c8e6f6667b6: receive RaftClientReply:client-8C798EE064B2->dd0a3b65-d36c-4f93-b232-3c8e6f6667b6@group-B02456D89C11, cid=2081, SUCCESS, logIndex=2941, commits[dd0a3b65-d36c-4f93-b232-3c8e6f6667b6:c2942]
2019-09-18 13:04:27,520 [grpc-default-executor-1] INFO  client.GrpcClientProtocolClient (GrpcClientProtocolClient.java:onNext(264)) - client-8C798EE064B2->dd0a3b65-d36c-4f93-b232-3c8e6f6667b6: receive RaftClientReply:client-8C798EE064B2->dd0a3b65-d36c-4f93-b232-3c8e6f6667b6@group-B02456D89C11, cid=2082, SUCCESS, logIndex=2942, commits[dd0a3b65-d36c-4f93-b232-3c8e6f6667b6:c2944]
2019-09-18 13:04:27,521 [grpc-default-executor-1] INFO  client.GrpcClientProtocolClient (GrpcClientProtocolClient.java:onNext(264)) - client-8C798EE064B2->dd0a3b65-d36c-4f93-b232-3c8e6f6667b6: receive RaftClientReply:client-8C798EE064B2->dd0a3b65-d36c-4f93-b232-3c8e6f6667b6@group-B02456D89C11, cid=2083, SUCCESS, logIndex=2943, commits[dd0a3b65-d36c-4f93-b232-3c8e6f6667b6:c2945]
2019-09-18 13:04:27,521 [grpc-default-executor-1] INFO  client.GrpcClientProtocolClient (GrpcClientProtocolClient.java:onNext(264)) - client-8C798EE064B2->dd0a3b65-d36c-4f93-b232-3c8e6f6667b6: receive RaftClientReply:client-8C798EE064B2->dd0a3b65-d36c-4f93-b232-3c8e6f6667b6@group-B02456D89C11, cid=2084, SUCCESS, logIndex=2944, commits[dd0a3b65-d36c-4f93-b232-3c8e6f6667b6:c2946]
2019-09-18 13:04:27,543 [SCMBlockDeletingService#0] DEBUG block.SCMBlockDeletingService (SCMBlockDeletingService.java:call(138)) - Running DeletedBlockTransactionScanner
2019-09-18 13:04:27,543 [SCMBlockDeletingService#0] DEBUG block.SCMBlockDeletingService (SCMBlockDeletingService.java:call(155)) - Scanned deleted blocks log and got 0 delTX to process.
2019-09-18 13:04:27,546 [grpc-default-executor-1] INFO  client.GrpcClientProtocolClient (GrpcClientProtocolClient.java:onNext(264)) - client-8C798EE064B2->dd0a3b65-d36c-4f93-b232-3c8e6f6667b6: receive RaftClientReply:client-8C798EE064B2->dd0a3b65-d36c-4f93-b232-3c8e6f6667b6@group-B02456D89C11, cid=2085, SUCCESS, logIndex=2947, commits[dd0a3b65-d36c-4f93-b232-3c8e6f6667b6:c2948]
2019-09-18 13:04:27,546 [grpc-default-executor-1] INFO  client.GrpcClientProtocolClient (GrpcClientProtocolClient.java:onNext(264)) - client-8C798EE064B2->dd0a3b65-d36c-4f93-b232-3c8e6f6667b6: receive RaftClientReply:client-8C798EE064B2->dd0a3b65-d36c-4f93-b232-3c8e6f6667b6@group-B02456D89C11, cid=2086, SUCCESS, logIndex=2948, commits[dd0a3b65-d36c-4f93-b232-3c8e6f6667b6:c2950]
2019-09-18 13:04:27,547 [grpc-default-executor-1] INFO  client.GrpcClientProtocolClient (GrpcClientProtocolClient.java:onNext(264)) - client-8C798EE064B2->dd0a3b65-d36c-4f93-b232-3c8e6f6667b6: receive RaftClientReply:client-8C798EE064B2->dd0a3b65-d36c-4f93-b232-3c8e6f6667b6@group-B02456D89C11, cid=2087, SUCCESS, logIndex=2949, commits[dd0a3b65-d36c-4f93-b232-3c8e6f6667b6:c2950]
2019-09-18 13:04:27,547 [grpc-default-executor-1] INFO  client.GrpcClientProtocolClient (GrpcClientProtocolClient.java:onNext(264)) - client-8C798EE064B2->dd0a3b65-d36c-4f93-b232-3c8e6f6667b6: receive RaftClientReply:client-8C798EE064B2->dd0a3b65-d36c-4f93-b232-3c8e6f6667b6@group-B02456D89C11, cid=2088, SUCCESS, logIndex=2950, commits[dd0a3b65-d36c-4f93-b232-3c8e6f6667b6:c2951]
2019-09-18 13:04:27,579 [grpc-default-executor-1] INFO  client.GrpcClientProtocolClient (GrpcClientProtocolClient.java:onNext(264)) - client-8C798EE064B2->dd0a3b65-d36c-4f93-b232-3c8e6f6667b6: receive RaftClientReply:client-8C798EE064B2->dd0a3b65-d36c-4f93-b232-3c8e6f6667b6@group-B02456D89C11, cid=2089, SUCCESS, logIndex=2953, commits[dd0a3b65-d36c-4f93-b232-3c8e6f6667b6:c2954]
2019-09-18 13:04:27,580 [grpc-default-executor-1] INFO  client.GrpcClientProtocolClient (GrpcClientProtocolClient.java:onNext(264)) - client-8C798EE064B2->dd0a3b65-d36c-4f93-b232-3c8e6f6667b6: receive RaftClientReply:client-8C798EE064B2->dd0a3b65-d36c-4f93-b232-3c8e6f6667b6@group-B02456D89C11, cid=2090, SUCCESS, logIndex=2954, commits[dd0a3b65-d36c-4f93-b232-3c8e6f6667b6:c2956]
2019-09-18 13:04:27,580 [grpc-default-executor-1] INFO  client.GrpcClientProtocolClient (GrpcClientProtocolClient.java:onNext(264)) - client-8C798EE064B2->dd0a3b65-d36c-4f93-b232-3c8e6f6667b6: receive RaftClientReply:client-8C798EE064B2->dd0a3b65-d36c-4f93-b232-3c8e6f6667b6@group-B02456D89C11, cid=2091, SUCCESS, logIndex=2955, commits[dd0a3b65-d36c-4f93-b232-3c8e6f6667b6:c2956]
2019-09-18 13:04:27,581 [grpc-default-executor-1] INFO  client.GrpcClientProtocolClient (GrpcClientProtocolClient.java:onNext(264)) - client-8C798EE064B2->dd0a3b65-d36c-4f93-b232-3c8e6f6667b6: receive RaftClientReply:client-8C798EE064B2->dd0a3b65-d36c-4f93-b232-3c8e6f6667b6@group-B02456D89C11, cid=2092, SUCCESS, logIndex=2956, commits[dd0a3b65-d36c-4f93-b232-3c8e6f6667b6:c2957]
2019-09-18 13:04:27,602 [grpc-default-executor-1] INFO  client.GrpcClientProtocolClient (GrpcClientProtocolClient.java:onNext(264)) - client-8C798EE064B2->dd0a3b65-d36c-4f93-b232-3c8e6f6667b6: receive RaftClientReply:client-8C798EE064B2->dd0a3b65-d36c-4f93-b232-3c8e6f6667b6@group-B02456D89C11, cid=2093, SUCCESS, logIndex=2959, commits[dd0a3b65-d36c-4f93-b232-3c8e6f6667b6:c2960]
2019-09-18 13:04:27,602 [grpc-default-executor-1] INFO  client.GrpcClientProtocolClient (GrpcClientProtocolClient.java:onNext(264)) - client-8C798EE064B2->dd0a3b65-d36c-4f93-b232-3c8e6f6667b6: receive RaftClientReply:client-8C798EE064B2->dd0a3b65-d36c-4f93-b232-3c8e6f6667b6@group-B02456D89C11, cid=2094, SUCCESS, logIndex=2960, commits[dd0a3b65-d36c-4f93-b232-3c8e6f6667b6:c2962]
2019-09-18 13:04:27,603 [grpc-default-executor-1] INFO  client.GrpcClientProtocolClient (GrpcClientProtocolClient.java:onNext(264)) - client-8C798EE064B2->dd0a3b65-d36c-4f93-b232-3c8e6f6667b6: receive RaftClientReply:client-8C798EE064B2->dd0a3b65-d36c-4f93-b232-3c8e6f6667b6@group-B02456D89C11, cid=2095, SUCCESS, logIndex=2961, commits[dd0a3b65-d36c-4f93-b232-3c8e6f6667b6:c2962]
2019-09-18 13:04:27,603 [grpc-default-executor-1] INFO  client.GrpcClientProtocolClient (GrpcClientProtocolClient.java:onNext(264)) - client-8C798EE064B2->dd0a3b65-d36c-4f93-b232-3c8e6f6667b6: receive RaftClientReply:client-8C798EE064B2->dd0a3b65-d36c-4f93-b232-3c8e6f6667b6@group-B02456D89C11, cid=2096, SUCCESS, logIndex=2962, commits[dd0a3b65-d36c-4f93-b232-3c8e6f6667b6:c2963]
2019-09-18 13:04:27,633 [grpc-default-executor-1] INFO  client.GrpcClientProtocolClient (GrpcClientProtocolClient.java:onNext(264)) - client-8C798EE064B2->dd0a3b65-d36c-4f93-b232-3c8e6f6667b6: receive RaftClientReply:client-8C798EE064B2->dd0a3b65-d36c-4f93-b232-3c8e6f6667b6@group-B02456D89C11, cid=2097, SUCCESS, logIndex=2965, commits[dd0a3b65-d36c-4f93-b232-3c8e6f6667b6:c2966]
2019-09-18 13:04:27,634 [grpc-default-executor-1] INFO  client.GrpcClientProtocolClient (GrpcClientProtocolClient.java:onNext(264)) - client-8C798EE064B2->dd0a3b65-d36c-4f93-b232-3c8e6f6667b6: receive RaftClientReply:client-8C798EE064B2->dd0a3b65-d36c-4f93-b232-3c8e6f6667b6@group-B02456D89C11, cid=2098, SUCCESS, logIndex=2966, commits[dd0a3b65-d36c-4f93-b232-3c8e6f6667b6:c2968]
2019-09-18 13:04:27,634 [grpc-default-executor-1] INFO  client.GrpcClientProtocolClient (GrpcClientProtocolClient.java:onNext(264)) - client-8C798EE064B2->dd0a3b65-d36c-4f93-b232-3c8e6f6667b6: receive RaftClientReply:client-8C798EE064B2->dd0a3b65-d36c-4f93-b232-3c8e6f6667b6@group-B02456D89C11, cid=2099, SUCCESS, logIndex=2967, commits[dd0a3b65-d36c-4f93-b232-3c8e6f6667b6:c2968]
2019-09-18 13:04:27,634 [grpc-default-executor-1] INFO  client.GrpcClientProtocolClient (GrpcClientProtocolClient.java:onNext(264)) - client-8C798EE064B2->dd0a3b65-d36c-4f93-b232-3c8e6f6667b6: receive RaftClientReply:client-8C798EE064B2->dd0a3b65-d36c-4f93-b232-3c8e6f6667b6@group-B02456D89C11, cid=2100, SUCCESS, logIndex=2968, commits[dd0a3b65-d36c-4f93-b232-3c8e6f6667b6:c2968]
2019-09-18 13:04:27,644 [SCMBlockDeletingService#1] DEBUG block.SCMBlockDeletingService (SCMBlockDeletingService.java:call(138)) - Running DeletedBlockTransactionScanner
2019-09-18 13:04:27,644 [SCMBlockDeletingService#1] DEBUG block.SCMBlockDeletingService (SCMBlockDeletingService.java:call(155)) - Scanned deleted blocks log and got 0 delTX to process.
2019-09-18 13:04:27,654 [grpc-default-executor-1] INFO  client.GrpcClientProtocolClient (GrpcClientProtocolClient.java:onNext(264)) - client-8C798EE064B2->dd0a3b65-d36c-4f93-b232-3c8e6f6667b6: receive RaftClientReply:client-8C798EE064B2->dd0a3b65-d36c-4f93-b232-3c8e6f6667b6@group-B02456D89C11, cid=2101, SUCCESS, logIndex=2971, commits[dd0a3b65-d36c-4f93-b232-3c8e6f6667b6:c2972]
2019-09-18 13:04:27,654 [grpc-default-executor-1] INFO  client.GrpcClientProtocolClient (GrpcClientProtocolClient.java:onNext(264)) - client-8C798EE064B2->dd0a3b65-d36c-4f93-b232-3c8e6f6667b6: receive RaftClientReply:client-8C798EE064B2->dd0a3b65-d36c-4f93-b232-3c8e6f6667b6@group-B02456D89C11, cid=2102, SUCCESS, logIndex=2972, commits[dd0a3b65-d36c-4f93-b232-3c8e6f6667b6:c2974]
2019-09-18 13:04:27,654 [grpc-default-executor-1] INFO  client.GrpcClientProtocolClient (GrpcClientProtocolClient.java:onNext(264)) - client-8C798EE064B2->dd0a3b65-d36c-4f93-b232-3c8e6f6667b6: receive RaftClientReply:client-8C798EE064B2->dd0a3b65-d36c-4f93-b232-3c8e6f6667b6@group-B02456D89C11, cid=2103, SUCCESS, logIndex=2973, commits[dd0a3b65-d36c-4f93-b232-3c8e6f6667b6:c2974]
2019-09-18 13:04:27,655 [grpc-default-executor-1] INFO  client.GrpcClientProtocolClient (GrpcClientProtocolClient.java:onNext(264)) - client-8C798EE064B2->dd0a3b65-d36c-4f93-b232-3c8e6f6667b6: receive RaftClientReply:client-8C798EE064B2->dd0a3b65-d36c-4f93-b232-3c8e6f6667b6@group-B02456D89C11, cid=2104, SUCCESS, logIndex=2974, commits[dd0a3b65-d36c-4f93-b232-3c8e6f6667b6:c2975]
2019-09-18 13:04:27,686 [grpc-default-executor-1] INFO  client.GrpcClientProtocolClient (GrpcClientProtocolClient.java:onNext(264)) - client-8C798EE064B2->dd0a3b65-d36c-4f93-b232-3c8e6f6667b6: receive RaftClientReply:client-8C798EE064B2->dd0a3b65-d36c-4f93-b232-3c8e6f6667b6@group-B02456D89C11, cid=2105, SUCCESS, logIndex=2977, commits[dd0a3b65-d36c-4f93-b232-3c8e6f6667b6:c2980]
2019-09-18 13:04:27,686 [grpc-default-executor-1] INFO  client.GrpcClientProtocolClient (GrpcClientProtocolClient.java:onNext(264)) - client-8C798EE064B2->dd0a3b65-d36c-4f93-b232-3c8e6f6667b6: receive RaftClientReply:client-8C798EE064B2->dd0a3b65-d36c-4f93-b232-3c8e6f6667b6@group-B02456D89C11, cid=2106, SUCCESS, logIndex=2978, commits[dd0a3b65-d36c-4f93-b232-3c8e6f6667b6:c2981]
2019-09-18 13:04:27,687 [grpc-default-executor-1] INFO  client.GrpcClientProtocolClient (GrpcClientProtocolClient.java:onNext(264)) - client-8C798EE064B2->dd0a3b65-d36c-4f93-b232-3c8e6f6667b6: receive RaftClientReply:client-8C798EE064B2->dd0a3b65-d36c-4f93-b232-3c8e6f6667b6@group-B02456D89C11, cid=2107, SUCCESS, logIndex=2979, commits[dd0a3b65-d36c-4f93-b232-3c8e6f6667b6:c2981]
2019-09-18 13:04:27,687 [grpc-default-executor-1] INFO  client.GrpcClientProtocolClient (GrpcClientProtocolClient.java:onNext(264)) - client-8C798EE064B2->dd0a3b65-d36c-4f93-b232-3c8e6f6667b6: receive RaftClientReply:client-8C798EE064B2->dd0a3b65-d36c-4f93-b232-3c8e6f6667b6@group-B02456D89C11, cid=2108, SUCCESS, logIndex=2980, commits[dd0a3b65-d36c-4f93-b232-3c8e6f6667b6:c2981]
2019-09-18 13:04:27,709 [grpc-default-executor-1] INFO  client.GrpcClientProtocolClient (GrpcClientProtocolClient.java:onNext(264)) - client-8C798EE064B2->dd0a3b65-d36c-4f93-b232-3c8e6f6667b6: receive RaftClientReply:client-8C798EE064B2->dd0a3b65-d36c-4f93-b232-3c8e6f6667b6@group-B02456D89C11, cid=2109, SUCCESS, logIndex=2982, commits[dd0a3b65-d36c-4f93-b232-3c8e6f6667b6:c2985]
2019-09-18 13:04:27,709 [grpc-default-executor-1] INFO  client.GrpcClientProtocolClient (GrpcClientProtocolClient.java:onNext(264)) - client-8C798EE064B2->dd0a3b65-d36c-4f93-b232-3c8e6f6667b6: receive RaftClientReply:client-8C798EE064B2->dd0a3b65-d36c-4f93-b232-3c8e6f6667b6@group-B02456D89C11, cid=2110, SUCCESS, logIndex=2983, commits[dd0a3b65-d36c-4f93-b232-3c8e6f6667b6:c2986]
2019-09-18 13:04:27,710 [grpc-default-executor-1] INFO  client.GrpcClientProtocolClient (GrpcClientProtocolClient.java:onNext(264)) - client-8C798EE064B2->dd0a3b65-d36c-4f93-b232-3c8e6f6667b6: receive RaftClientReply:client-8C798EE064B2->dd0a3b65-d36c-4f93-b232-3c8e6f6667b6@group-B02456D89C11, cid=2111, SUCCESS, logIndex=2984, commits[dd0a3b65-d36c-4f93-b232-3c8e6f6667b6:c2986]
2019-09-18 13:04:27,710 [grpc-default-executor-1] INFO  client.GrpcClientProtocolClient (GrpcClientProtocolClient.java:onNext(264)) - client-8C798EE064B2->dd0a3b65-d36c-4f93-b232-3c8e6f6667b6: receive RaftClientReply:client-8C798EE064B2->dd0a3b65-d36c-4f93-b232-3c8e6f6667b6@group-B02456D89C11, cid=2112, SUCCESS, logIndex=2985, commits[dd0a3b65-d36c-4f93-b232-3c8e6f6667b6:c2986]
2019-09-18 13:04:27,739 [grpc-default-executor-0] INFO  client.GrpcClientProtocolClient (GrpcClientProtocolClient.java:onNext(264)) - client-8C798EE064B2->dd0a3b65-d36c-4f93-b232-3c8e6f6667b6: receive RaftClientReply:client-8C798EE064B2->dd0a3b65-d36c-4f93-b232-3c8e6f6667b6@group-B02456D89C11, cid=2113, SUCCESS, logIndex=2987, commits[dd0a3b65-d36c-4f93-b232-3c8e6f6667b6:c2988]
2019-09-18 13:04:27,740 [grpc-default-executor-0] INFO  client.GrpcClientProtocolClient (GrpcClientProtocolClient.java:onNext(264)) - client-8C798EE064B2->dd0a3b65-d36c-4f93-b232-3c8e6f6667b6: receive RaftClientReply:client-8C798EE064B2->dd0a3b65-d36c-4f93-b232-3c8e6f6667b6@group-B02456D89C11, cid=2114, SUCCESS, logIndex=2988, commits[dd0a3b65-d36c-4f93-b232-3c8e6f6667b6:c2990]
2019-09-18 13:04:27,740 [grpc-default-executor-0] INFO  client.GrpcClientProtocolClient (GrpcClientProtocolClient.java:onNext(264)) - client-8C798EE064B2->dd0a3b65-d36c-4f93-b232-3c8e6f6667b6: receive RaftClientReply:client-8C798EE064B2->dd0a3b65-d36c-4f93-b232-3c8e6f6667b6@group-B02456D89C11, cid=2115, SUCCESS, logIndex=2989, commits[dd0a3b65-d36c-4f93-b232-3c8e6f6667b6:c2990]
2019-09-18 13:04:27,740 [grpc-default-executor-0] INFO  client.GrpcClientProtocolClient (GrpcClientProtocolClient.java:onNext(264)) - client-8C798EE064B2->dd0a3b65-d36c-4f93-b232-3c8e6f6667b6: receive RaftClientReply:client-8C798EE064B2->dd0a3b65-d36c-4f93-b232-3c8e6f6667b6@group-B02456D89C11, cid=2116, SUCCESS, logIndex=2990, commits[dd0a3b65-d36c-4f93-b232-3c8e6f6667b6:c2991]
2019-09-18 13:04:27,744 [SCMBlockDeletingService#1] DEBUG block.SCMBlockDeletingService (SCMBlockDeletingService.java:call(138)) - Running DeletedBlockTransactionScanner
2019-09-18 13:04:27,745 [SCMBlockDeletingService#1] DEBUG block.SCMBlockDeletingService (SCMBlockDeletingService.java:call(155)) - Scanned deleted blocks log and got 0 delTX to process.
2019-09-18 13:04:27,772 [grpc-default-executor-0] INFO  client.GrpcClientProtocolClient (GrpcClientProtocolClient.java:onNext(264)) - client-8C798EE064B2->dd0a3b65-d36c-4f93-b232-3c8e6f6667b6: receive RaftClientReply:client-8C798EE064B2->dd0a3b65-d36c-4f93-b232-3c8e6f6667b6@group-B02456D89C11, cid=2117, SUCCESS, logIndex=2993, commits[dd0a3b65-d36c-4f93-b232-3c8e6f6667b6:c2994]
2019-09-18 13:04:27,772 [grpc-default-executor-0] INFO  client.GrpcClientProtocolClient (GrpcClientProtocolClient.java:onNext(264)) - client-8C798EE064B2->dd0a3b65-d36c-4f93-b232-3c8e6f6667b6: receive RaftClientReply:client-8C798EE064B2->dd0a3b65-d36c-4f93-b232-3c8e6f6667b6@group-B02456D89C11, cid=2118, SUCCESS, logIndex=2994, commits[dd0a3b65-d36c-4f93-b232-3c8e6f6667b6:c2994]
2019-09-18 13:04:27,773 [grpc-default-executor-0] INFO  client.GrpcClientProtocolClient (GrpcClientProtocolClient.java:onNext(264)) - client-8C798EE064B2->dd0a3b65-d36c-4f93-b232-3c8e6f6667b6: receive RaftClientReply:client-8C798EE064B2->dd0a3b65-d36c-4f93-b232-3c8e6f6667b6@group-B02456D89C11, cid=2119, SUCCESS, logIndex=2995, commits[dd0a3b65-d36c-4f93-b232-3c8e6f6667b6:c2996]
2019-09-18 13:04:27,773 [grpc-default-executor-0] INFO  client.GrpcClientProtocolClient (GrpcClientProtocolClient.java:onNext(264)) - client-8C798EE064B2->dd0a3b65-d36c-4f93-b232-3c8e6f6667b6: receive RaftClientReply:client-8C798EE064B2->dd0a3b65-d36c-4f93-b232-3c8e6f6667b6@group-B02456D89C11, cid=2120, SUCCESS, logIndex=2996, commits[dd0a3b65-d36c-4f93-b232-3c8e6f6667b6:c2997]
2019-09-18 13:04:27,845 [SCMBlockDeletingService#1] DEBUG block.SCMBlockDeletingService (SCMBlockDeletingService.java:call(138)) - Running DeletedBlockTransactionScanner
2019-09-18 13:04:27,845 [SCMBlockDeletingService#1] DEBUG block.SCMBlockDeletingService (SCMBlockDeletingService.java:call(155)) - Scanned deleted blocks log and got 0 delTX to process.
2019-09-18 13:04:27,917 [grpc-default-executor-1] INFO  client.GrpcClientProtocolClient (GrpcClientProtocolClient.java:onNext(264)) - client-8C798EE064B2->dd0a3b65-d36c-4f93-b232-3c8e6f6667b6: receive RaftClientReply:client-8C798EE064B2->dd0a3b65-d36c-4f93-b232-3c8e6f6667b6@group-B02456D89C11, cid=2121, SUCCESS, logIndex=2999, commits[dd0a3b65-d36c-4f93-b232-3c8e6f6667b6:c3002]
2019-09-18 13:04:27,918 [grpc-default-executor-1] INFO  client.GrpcClientProtocolClient (GrpcClientProtocolClient.java:onNext(264)) - client-8C798EE064B2->dd0a3b65-d36c-4f93-b232-3c8e6f6667b6: receive RaftClientReply:client-8C798EE064B2->dd0a3b65-d36c-4f93-b232-3c8e6f6667b6@group-B02456D89C11, cid=2122, SUCCESS, logIndex=3000, commits[dd0a3b65-d36c-4f93-b232-3c8e6f6667b6:c3003]
2019-09-18 13:04:27,918 [grpc-default-executor-1] INFO  client.GrpcClientProtocolClient (GrpcClientProtocolClient.java:onNext(264)) - client-8C798EE064B2->dd0a3b65-d36c-4f93-b232-3c8e6f6667b6: receive RaftClientReply:client-8C798EE064B2->dd0a3b65-d36c-4f93-b232-3c8e6f6667b6@group-B02456D89C11, cid=2123, SUCCESS, logIndex=3001, commits[dd0a3b65-d36c-4f93-b232-3c8e6f6667b6:c3004]
2019-09-18 13:04:27,919 [grpc-default-executor-1] INFO  client.GrpcClientProtocolClient (GrpcClientProtocolClient.java:onNext(264)) - client-8C798EE064B2->dd0a3b65-d36c-4f93-b232-3c8e6f6667b6: receive RaftClientReply:client-8C798EE064B2->dd0a3b65-d36c-4f93-b232-3c8e6f6667b6@group-B02456D89C11, cid=2124, SUCCESS, logIndex=3002, commits[dd0a3b65-d36c-4f93-b232-3c8e6f6667b6:c3004]
2019-09-18 13:04:27,942 [grpc-default-executor-1] INFO  client.GrpcClientProtocolClient (GrpcClientProtocolClient.java:onNext(264)) - client-8C798EE064B2->dd0a3b65-d36c-4f93-b232-3c8e6f6667b6: receive RaftClientReply:client-8C798EE064B2->dd0a3b65-d36c-4f93-b232-3c8e6f6667b6@group-B02456D89C11, cid=2125, SUCCESS, logIndex=3005, commits[dd0a3b65-d36c-4f93-b232-3c8e6f6667b6:c3006]
2019-09-18 13:04:27,942 [grpc-default-executor-1] INFO  client.GrpcClientProtocolClient (GrpcClientProtocolClient.java:onNext(264)) - client-8C798EE064B2->dd0a3b65-d36c-4f93-b232-3c8e6f6667b6: receive RaftClientReply:client-8C798EE064B2->dd0a3b65-d36c-4f93-b232-3c8e6f6667b6@group-B02456D89C11, cid=2126, SUCCESS, logIndex=3006, commits[dd0a3b65-d36c-4f93-b232-3c8e6f6667b6:c3008]
2019-09-18 13:04:27,943 [grpc-default-executor-1] INFO  client.GrpcClientProtocolClient (GrpcClientProtocolClient.java:onNext(264)) - client-8C798EE064B2->dd0a3b65-d36c-4f93-b232-3c8e6f6667b6: receive RaftClientReply:client-8C798EE064B2->dd0a3b65-d36c-4f93-b232-3c8e6f6667b6@group-B02456D89C11, cid=2127, SUCCESS, logIndex=3007, commits[dd0a3b65-d36c-4f93-b232-3c8e6f6667b6:c3009]
2019-09-18 13:04:27,943 [grpc-default-executor-1] INFO  client.GrpcClientProtocolClient (GrpcClientProtocolClient.java:onNext(264)) - client-8C798EE064B2->dd0a3b65-d36c-4f93-b232-3c8e6f6667b6: receive RaftClientReply:client-8C798EE064B2->dd0a3b65-d36c-4f93-b232-3c8e6f6667b6@group-B02456D89C11, cid=2128, SUCCESS, logIndex=3008, commits[dd0a3b65-d36c-4f93-b232-3c8e6f6667b6:c3009]
2019-09-18 13:04:27,946 [SCMBlockDeletingService#1] DEBUG block.SCMBlockDeletingService (SCMBlockDeletingService.java:call(138)) - Running DeletedBlockTransactionScanner
2019-09-18 13:04:27,946 [SCMBlockDeletingService#1] DEBUG block.SCMBlockDeletingService (SCMBlockDeletingService.java:call(155)) - Scanned deleted blocks log and got 0 delTX to process.
2019-09-18 13:04:27,984 [grpc-default-executor-1] INFO  client.GrpcClientProtocolClient (GrpcClientProtocolClient.java:onNext(264)) - client-8C798EE064B2->dd0a3b65-d36c-4f93-b232-3c8e6f6667b6: receive RaftClientReply:client-8C798EE064B2->dd0a3b65-d36c-4f93-b232-3c8e6f6667b6@group-B02456D89C11, cid=2129, SUCCESS, logIndex=3011, commits[dd0a3b65-d36c-4f93-b232-3c8e6f6667b6:c3014]
2019-09-18 13:04:27,985 [grpc-default-executor-1] INFO  client.GrpcClientProtocolClient (GrpcClientProtocolClient.java:onNext(264)) - client-8C798EE064B2->dd0a3b65-d36c-4f93-b232-3c8e6f6667b6: receive RaftClientReply:client-8C798EE064B2->dd0a3b65-d36c-4f93-b232-3c8e6f6667b6@group-B02456D89C11, cid=2130, SUCCESS, logIndex=3012, commits[dd0a3b65-d36c-4f93-b232-3c8e6f6667b6:c3014]
2019-09-18 13:04:27,986 [grpc-default-executor-1] INFO  client.GrpcClientProtocolClient (GrpcClientProtocolClient.java:onNext(264)) - client-8C798EE064B2->dd0a3b65-d36c-4f93-b232-3c8e6f6667b6: receive RaftClientReply:client-8C798EE064B2->dd0a3b65-d36c-4f93-b232-3c8e6f6667b6@group-B02456D89C11, cid=2131, SUCCESS, logIndex=3013, commits[dd0a3b65-d36c-4f93-b232-3c8e6f6667b6:c3014]
2019-09-18 13:04:27,986 [grpc-default-executor-1] INFO  client.GrpcClientProtocolClient (GrpcClientProtocolClient.java:onNext(264)) - client-8C798EE064B2->dd0a3b65-d36c-4f93-b232-3c8e6f6667b6: receive RaftClientReply:client-8C798EE064B2->dd0a3b65-d36c-4f93-b232-3c8e6f6667b6@group-B02456D89C11, cid=2132, SUCCESS, logIndex=3014, commits[dd0a3b65-d36c-4f93-b232-3c8e6f6667b6:c3014]
2019-09-18 13:04:28,001 [grpc-default-executor-1] INFO  client.GrpcClientProtocolClient (GrpcClientProtocolClient.java:onNext(264)) - client-8C798EE064B2->dd0a3b65-d36c-4f93-b232-3c8e6f6667b6: receive RaftClientReply:client-8C798EE064B2->dd0a3b65-d36c-4f93-b232-3c8e6f6667b6@group-B02456D89C11, cid=2133, SUCCESS, logIndex=3016, commits[dd0a3b65-d36c-4f93-b232-3c8e6f6667b6:c3019]
2019-09-18 13:04:28,001 [grpc-default-executor-1] INFO  client.GrpcClientProtocolClient (GrpcClientProtocolClient.java:onNext(264)) - client-8C798EE064B2->dd0a3b65-d36c-4f93-b232-3c8e6f6667b6: receive RaftClientReply:client-8C798EE064B2->dd0a3b65-d36c-4f93-b232-3c8e6f6667b6@group-B02456D89C11, cid=2134, SUCCESS, logIndex=3017, commits[dd0a3b65-d36c-4f93-b232-3c8e6f6667b6:c3019]
2019-09-18 13:04:28,001 [grpc-default-executor-1] INFO  client.GrpcClientProtocolClient (GrpcClientProtocolClient.java:onNext(264)) - client-8C798EE064B2->dd0a3b65-d36c-4f93-b232-3c8e6f6667b6: receive RaftClientReply:client-8C798EE064B2->dd0a3b65-d36c-4f93-b232-3c8e6f6667b6@group-B02456D89C11, cid=2135, SUCCESS, logIndex=3018, commits[dd0a3b65-d36c-4f93-b232-3c8e6f6667b6:c3020]
2019-09-18 13:04:28,002 [grpc-default-executor-1] INFO  client.GrpcClientProtocolClient (GrpcClientProtocolClient.java:onNext(264)) - client-8C798EE064B2->dd0a3b65-d36c-4f93-b232-3c8e6f6667b6: receive RaftClientReply:client-8C798EE064B2->dd0a3b65-d36c-4f93-b232-3c8e6f6667b6@group-B02456D89C11, cid=2136, SUCCESS, logIndex=3019, commits[dd0a3b65-d36c-4f93-b232-3c8e6f6667b6:c3020]
2019-09-18 13:04:28,039 [grpc-default-executor-0] INFO  client.GrpcClientProtocolClient (GrpcClientProtocolClient.java:onNext(264)) - client-8C798EE064B2->dd0a3b65-d36c-4f93-b232-3c8e6f6667b6: receive RaftClientReply:client-8C798EE064B2->dd0a3b65-d36c-4f93-b232-3c8e6f6667b6@group-B02456D89C11, cid=2137, SUCCESS, logIndex=3021, commits[dd0a3b65-d36c-4f93-b232-3c8e6f6667b6:c3024]
2019-09-18 13:04:28,040 [grpc-default-executor-0] INFO  client.GrpcClientProtocolClient (GrpcClientProtocolClient.java:onNext(264)) - client-8C798EE064B2->dd0a3b65-d36c-4f93-b232-3c8e6f6667b6: receive RaftClientReply:client-8C798EE064B2->dd0a3b65-d36c-4f93-b232-3c8e6f6667b6@group-B02456D89C11, cid=2138, SUCCESS, logIndex=3022, commits[dd0a3b65-d36c-4f93-b232-3c8e6f6667b6:c3024]
2019-09-18 13:04:28,040 [grpc-default-executor-0] INFO  client.GrpcClientProtocolClient (GrpcClientProtocolClient.java:onNext(264)) - client-8C798EE064B2->dd0a3b65-d36c-4f93-b232-3c8e6f6667b6: receive RaftClientReply:client-8C798EE064B2->dd0a3b65-d36c-4f93-b232-3c8e6f6667b6@group-B02456D89C11, cid=2139, SUCCESS, logIndex=3023, commits[dd0a3b65-d36c-4f93-b232-3c8e6f6667b6:c3024]
2019-09-18 13:04:28,041 [grpc-default-executor-0] INFO  client.GrpcClientProtocolClient (GrpcClientProtocolClient.java:onNext(264)) - client-8C798EE064B2->dd0a3b65-d36c-4f93-b232-3c8e6f6667b6: receive RaftClientReply:client-8C798EE064B2->dd0a3b65-d36c-4f93-b232-3c8e6f6667b6@group-B02456D89C11, cid=2140, SUCCESS, logIndex=3024, commits[dd0a3b65-d36c-4f93-b232-3c8e6f6667b6:c3024]
2019-09-18 13:04:28,046 [SCMBlockDeletingService#0] DEBUG block.SCMBlockDeletingService (SCMBlockDeletingService.java:call(138)) - Running DeletedBlockTransactionScanner
2019-09-18 13:04:28,047 [SCMBlockDeletingService#0] DEBUG block.SCMBlockDeletingService (SCMBlockDeletingService.java:call(155)) - Scanned deleted blocks log and got 0 delTX to process.
2019-09-18 13:04:28,067 [grpc-default-executor-0] INFO  client.GrpcClientProtocolClient (GrpcClientProtocolClient.java:onNext(264)) - client-8C798EE064B2->dd0a3b65-d36c-4f93-b232-3c8e6f6667b6: receive RaftClientReply:client-8C798EE064B2->dd0a3b65-d36c-4f93-b232-3c8e6f6667b6@group-B02456D89C11, cid=2141, SUCCESS, logIndex=3026, commits[dd0a3b65-d36c-4f93-b232-3c8e6f6667b6:c3029]
2019-09-18 13:04:28,068 [grpc-default-executor-0] INFO  client.GrpcClientProtocolClient (GrpcClientProtocolClient.java:onNext(264)) - client-8C798EE064B2->dd0a3b65-d36c-4f93-b232-3c8e6f6667b6: receive RaftClientReply:client-8C798EE064B2->dd0a3b65-d36c-4f93-b232-3c8e6f6667b6@group-B02456D89C11, cid=2142, SUCCESS, logIndex=3027, commits[dd0a3b65-d36c-4f93-b232-3c8e6f6667b6:c3030]
2019-09-18 13:04:28,068 [grpc-default-executor-0] INFO  client.GrpcClientProtocolClient (GrpcClientProtocolClient.java:onNext(264)) - client-8C798EE064B2->dd0a3b65-d36c-4f93-b232-3c8e6f6667b6: receive RaftClientReply:client-8C798EE064B2->dd0a3b65-d36c-4f93-b232-3c8e6f6667b6@group-B02456D89C11, cid=2143, SUCCESS, logIndex=3028, commits[dd0a3b65-d36c-4f93-b232-3c8e6f6667b6:c3030]
2019-09-18 13:04:28,068 [grpc-default-executor-0] INFO  client.GrpcClientProtocolClient (GrpcClientProtocolClient.java:onNext(264)) - client-8C798EE064B2->dd0a3b65-d36c-4f93-b232-3c8e6f6667b6: receive RaftClientReply:client-8C798EE064B2->dd0a3b65-d36c-4f93-b232-3c8e6f6667b6@group-B02456D89C11, cid=2144, SUCCESS, logIndex=3029, commits[dd0a3b65-d36c-4f93-b232-3c8e6f6667b6:c3030]
2019-09-18 13:04:28,101 [grpc-default-executor-0] INFO  client.GrpcClientProtocolClient (GrpcClientProtocolClient.java:onNext(264)) - client-8C798EE064B2->dd0a3b65-d36c-4f93-b232-3c8e6f6667b6: receive RaftClientReply:client-8C798EE064B2->dd0a3b65-d36c-4f93-b232-3c8e6f6667b6@group-B02456D89C11, cid=2145, SUCCESS, logIndex=3031, commits[dd0a3b65-d36c-4f93-b232-3c8e6f6667b6:c3032]
2019-09-18 13:04:28,102 [grpc-default-executor-0] INFO  client.GrpcClientProtocolClient (GrpcClientProtocolClient.java:onNext(264)) - client-8C798EE064B2->dd0a3b65-d36c-4f93-b232-3c8e6f6667b6: receive RaftClientReply:client-8C798EE064B2->dd0a3b65-d36c-4f93-b232-3c8e6f6667b6@group-B02456D89C11, cid=2146, SUCCESS, logIndex=3032, commits[dd0a3b65-d36c-4f93-b232-3c8e6f6667b6:c3034]
2019-09-18 13:04:28,102 [grpc-default-executor-0] INFO  client.GrpcClientProtocolClient (GrpcClientProtocolClient.java:onNext(264)) - client-8C798EE064B2->dd0a3b65-d36c-4f93-b232-3c8e6f6667b6: receive RaftClientReply:client-8C798EE064B2->dd0a3b65-d36c-4f93-b232-3c8e6f6667b6@group-B02456D89C11, cid=2147, SUCCESS, logIndex=3033, commits[dd0a3b65-d36c-4f93-b232-3c8e6f6667b6:c3035]
2019-09-18 13:04:28,103 [grpc-default-executor-0] INFO  client.GrpcClientProtocolClient (GrpcClientProtocolClient.java:onNext(264)) - client-8C798EE064B2->dd0a3b65-d36c-4f93-b232-3c8e6f6667b6: receive RaftClientReply:client-8C798EE064B2->dd0a3b65-d36c-4f93-b232-3c8e6f6667b6@group-B02456D89C11, cid=2148, SUCCESS, logIndex=3034, commits[dd0a3b65-d36c-4f93-b232-3c8e6f6667b6:c3036]
2019-09-18 13:04:28,125 [grpc-default-executor-0] INFO  client.GrpcClientProtocolClient (GrpcClientProtocolClient.java:onNext(264)) - client-8C798EE064B2->dd0a3b65-d36c-4f93-b232-3c8e6f6667b6: receive RaftClientReply:client-8C798EE064B2->dd0a3b65-d36c-4f93-b232-3c8e6f6667b6@group-B02456D89C11, cid=2149, SUCCESS, logIndex=3037, commits[dd0a3b65-d36c-4f93-b232-3c8e6f6667b6:c3038]
2019-09-18 13:04:28,126 [grpc-default-executor-0] INFO  client.GrpcClientProtocolClient (GrpcClientProtocolClient.java:onNext(264)) - client-8C798EE064B2->dd0a3b65-d36c-4f93-b232-3c8e6f6667b6: receive RaftClientReply:client-8C798EE064B2->dd0a3b65-d36c-4f93-b232-3c8e6f6667b6@group-B02456D89C11, cid=2150, SUCCESS, logIndex=3038, commits[dd0a3b65-d36c-4f93-b232-3c8e6f6667b6:c3040]
2019-09-18 13:04:28,126 [grpc-default-executor-0] INFO  client.GrpcClientProtocolClient (GrpcClientProtocolClient.java:onNext(264)) - client-8C798EE064B2->dd0a3b65-d36c-4f93-b232-3c8e6f6667b6: receive RaftClientReply:client-8C798EE064B2->dd0a3b65-d36c-4f93-b232-3c8e6f6667b6@group-B02456D89C11, cid=2151, SUCCESS, logIndex=3039, commits[dd0a3b65-d36c-4f93-b232-3c8e6f6667b6:c3041]
2019-09-18 13:04:28,126 [grpc-default-executor-0] INFO  client.GrpcClientProtocolClient (GrpcClientProtocolClient.java:onNext(264)) - client-8C798EE064B2->dd0a3b65-d36c-4f93-b232-3c8e6f6667b6: receive RaftClientReply:client-8C798EE064B2->dd0a3b65-d36c-4f93-b232-3c8e6f6667b6@group-B02456D89C11, cid=2152, SUCCESS, logIndex=3040, commits[dd0a3b65-d36c-4f93-b232-3c8e6f6667b6:c3042]
2019-09-18 13:04:28,147 [SCMBlockDeletingService#1] DEBUG block.SCMBlockDeletingService (SCMBlockDeletingService.java:call(138)) - Running DeletedBlockTransactionScanner
2019-09-18 13:04:28,147 [SCMBlockDeletingService#1] DEBUG block.SCMBlockDeletingService (SCMBlockDeletingService.java:call(155)) - Scanned deleted blocks log and got 0 delTX to process.
2019-09-18 13:04:28,164 [grpc-default-executor-0] INFO  client.GrpcClientProtocolClient (GrpcClientProtocolClient.java:onNext(264)) - client-8C798EE064B2->dd0a3b65-d36c-4f93-b232-3c8e6f6667b6: receive RaftClientReply:client-8C798EE064B2->dd0a3b65-d36c-4f93-b232-3c8e6f6667b6@group-B02456D89C11, cid=2153, SUCCESS, logIndex=3043, commits[dd0a3b65-d36c-4f93-b232-3c8e6f6667b6:c3046]
2019-09-18 13:04:28,165 [grpc-default-executor-0] INFO  client.GrpcClientProtocolClient (GrpcClientProtocolClient.java:onNext(264)) - client-8C798EE064B2->dd0a3b65-d36c-4f93-b232-3c8e6f6667b6: receive RaftClientReply:client-8C798EE064B2->dd0a3b65-d36c-4f93-b232-3c8e6f6667b6@group-B02456D89C11, cid=2154, SUCCESS, logIndex=3044, commits[dd0a3b65-d36c-4f93-b232-3c8e6f6667b6:c3047]
2019-09-18 13:04:28,165 [grpc-default-executor-0] INFO  client.GrpcClientProtocolClient (GrpcClientProtocolClient.java:onNext(264)) - client-8C798EE064B2->dd0a3b65-d36c-4f93-b232-3c8e6f6667b6: receive RaftClientReply:client-8C798EE064B2->dd0a3b65-d36c-4f93-b232-3c8e6f6667b6@group-B02456D89C11, cid=2155, SUCCESS, logIndex=3045, commits[dd0a3b65-d36c-4f93-b232-3c8e6f6667b6:c3047]
2019-09-18 13:04:28,166 [grpc-default-executor-0] INFO  client.GrpcClientProtocolClient (GrpcClientProtocolClient.java:onNext(264)) - client-8C798EE064B2->dd0a3b65-d36c-4f93-b232-3c8e6f6667b6: receive RaftClientReply:client-8C798EE064B2->dd0a3b65-d36c-4f93-b232-3c8e6f6667b6@group-B02456D89C11, cid=2156, SUCCESS, logIndex=3046, commits[dd0a3b65-d36c-4f93-b232-3c8e6f6667b6:c3047]
2019-09-18 13:04:28,188 [grpc-default-executor-0] INFO  client.GrpcClientProtocolClient (GrpcClientProtocolClient.java:onNext(264)) - client-8C798EE064B2->dd0a3b65-d36c-4f93-b232-3c8e6f6667b6: receive RaftClientReply:client-8C798EE064B2->dd0a3b65-d36c-4f93-b232-3c8e6f6667b6@group-B02456D89C11, cid=2157, SUCCESS, logIndex=3048, commits[dd0a3b65-d36c-4f93-b232-3c8e6f6667b6:c3049]
2019-09-18 13:04:28,188 [grpc-default-executor-0] INFO  client.GrpcClientProtocolClient (GrpcClientProtocolClient.java:onNext(264)) - client-8C798EE064B2->dd0a3b65-d36c-4f93-b232-3c8e6f6667b6: receive RaftClientReply:client-8C798EE064B2->dd0a3b65-d36c-4f93-b232-3c8e6f6667b6@group-B02456D89C11, cid=2158, SUCCESS, logIndex=3049, commits[dd0a3b65-d36c-4f93-b232-3c8e6f6667b6:c3051]
2019-09-18 13:04:28,189 [grpc-default-executor-0] INFO  client.GrpcClientProtocolClient (GrpcClientProtocolClient.java:onNext(264)) - client-8C798EE064B2->dd0a3b65-d36c-4f93-b232-3c8e6f6667b6: receive RaftClientReply:client-8C798EE064B2->dd0a3b65-d36c-4f93-b232-3c8e6f6667b6@group-B02456D89C11, cid=2159, SUCCESS, logIndex=3050, commits[dd0a3b65-d36c-4f93-b232-3c8e6f6667b6:c3052]
2019-09-18 13:04:28,189 [grpc-default-executor-0] INFO  client.GrpcClientProtocolClient (GrpcClientProtocolClient.java:onNext(264)) - client-8C798EE064B2->dd0a3b65-d36c-4f93-b232-3c8e6f6667b6: receive RaftClientReply:client-8C798EE064B2->dd0a3b65-d36c-4f93-b232-3c8e6f6667b6@group-B02456D89C11, cid=2160, SUCCESS, logIndex=3051, commits[dd0a3b65-d36c-4f93-b232-3c8e6f6667b6:c3053]
2019-09-18 13:04:28,234 [grpc-default-executor-0] INFO  client.GrpcClientProtocolClient (GrpcClientProtocolClient.java:onNext(264)) - client-8C798EE064B2->dd0a3b65-d36c-4f93-b232-3c8e6f6667b6: receive RaftClientReply:client-8C798EE064B2->dd0a3b65-d36c-4f93-b232-3c8e6f6667b6@group-B02456D89C11, cid=2161, SUCCESS, logIndex=3054, commits[dd0a3b65-d36c-4f93-b232-3c8e6f6667b6:c3055]
2019-09-18 13:04:28,235 [grpc-default-executor-0] INFO  client.GrpcClientProtocolClient (GrpcClientProtocolClient.java:onNext(264)) - client-8C798EE064B2->dd0a3b65-d36c-4f93-b232-3c8e6f6667b6: receive RaftClientReply:client-8C798EE064B2->dd0a3b65-d36c-4f93-b232-3c8e6f6667b6@group-B02456D89C11, cid=2162, SUCCESS, logIndex=3055, commits[dd0a3b65-d36c-4f93-b232-3c8e6f6667b6:c3058]
2019-09-18 13:04:28,235 [grpc-default-executor-0] INFO  client.GrpcClientProtocolClient (GrpcClientProtocolClient.java:onNext(264)) - client-8C798EE064B2->dd0a3b65-d36c-4f93-b232-3c8e6f6667b6: receive RaftClientReply:client-8C798EE064B2->dd0a3b65-d36c-4f93-b232-3c8e6f6667b6@group-B02456D89C11, cid=2163, SUCCESS, logIndex=3056, commits[dd0a3b65-d36c-4f93-b232-3c8e6f6667b6:c3059]
2019-09-18 13:04:28,236 [grpc-default-executor-0] INFO  client.GrpcClientProtocolClient (GrpcClientProtocolClient.java:onNext(264)) - client-8C798EE064B2->dd0a3b65-d36c-4f93-b232-3c8e6f6667b6: receive RaftClientReply:client-8C798EE064B2->dd0a3b65-d36c-4f93-b232-3c8e6f6667b6@group-B02456D89C11, cid=2164, SUCCESS, logIndex=3057, commits[dd0a3b65-d36c-4f93-b232-3c8e6f6667b6:c3059]
2019-09-18 13:04:28,362 [SCMBlockDeletingService#0] DEBUG block.SCMBlockDeletingService (SCMBlockDeletingService.java:call(138)) - Running DeletedBlockTransactionScanner
2019-09-18 13:04:28,363 [SCMBlockDeletingService#0] DEBUG block.SCMBlockDeletingService (SCMBlockDeletingService.java:call(155)) - Scanned deleted blocks log and got 0 delTX to process.
2019-09-18 13:04:28,379 [grpc-default-executor-0] INFO  client.GrpcClientProtocolClient (GrpcClientProtocolClient.java:onNext(264)) - client-8C798EE064B2->dd0a3b65-d36c-4f93-b232-3c8e6f6667b6: receive RaftClientReply:client-8C798EE064B2->dd0a3b65-d36c-4f93-b232-3c8e6f6667b6@group-B02456D89C11, cid=2165, SUCCESS, logIndex=3060, commits[dd0a3b65-d36c-4f93-b232-3c8e6f6667b6:c3061]
2019-09-18 13:04:28,380 [grpc-default-executor-0] INFO  client.GrpcClientProtocolClient (GrpcClientProtocolClient.java:onNext(264)) - client-8C798EE064B2->dd0a3b65-d36c-4f93-b232-3c8e6f6667b6: receive RaftClientReply:client-8C798EE064B2->dd0a3b65-d36c-4f93-b232-3c8e6f6667b6@group-B02456D89C11, cid=2166, SUCCESS, logIndex=3061, commits[dd0a3b65-d36c-4f93-b232-3c8e6f6667b6:c3062]
2019-09-18 13:04:28,463 [SCMBlockDeletingService#0] DEBUG block.SCMBlockDeletingService (SCMBlockDeletingService.java:call(138)) - Running DeletedBlockTransactionScanner
2019-09-18 13:04:28,464 [SCMBlockDeletingService#0] DEBUG block.SCMBlockDeletingService (SCMBlockDeletingService.java:call(155)) - Scanned deleted blocks log and got 0 delTX to process.
2019-09-18 13:04:28,486 [grpc-default-executor-1] INFO  client.GrpcClientProtocolClient (GrpcClientProtocolClient.java:onNext(264)) - client-8C798EE064B2->dd0a3b65-d36c-4f93-b232-3c8e6f6667b6: receive RaftClientReply:client-8C798EE064B2->dd0a3b65-d36c-4f93-b232-3c8e6f6667b6@group-B02456D89C11, cid=2167, SUCCESS, logIndex=3063, commits[dd0a3b65-d36c-4f93-b232-3c8e6f6667b6:c3064]
2019-09-18 13:04:28,487 [grpc-default-executor-1] INFO  client.GrpcClientProtocolClient (GrpcClientProtocolClient.java:onNext(264)) - client-8C798EE064B2->dd0a3b65-d36c-4f93-b232-3c8e6f6667b6: receive RaftClientReply:client-8C798EE064B2->dd0a3b65-d36c-4f93-b232-3c8e6f6667b6@group-B02456D89C11, cid=2168, SUCCESS, logIndex=3064, commits[dd0a3b65-d36c-4f93-b232-3c8e6f6667b6:c3065]
2019-09-18 13:04:28,518 [grpc-default-executor-1] INFO  client.GrpcClientProtocolClient (GrpcClientProtocolClient.java:onNext(264)) - client-8C798EE064B2->dd0a3b65-d36c-4f93-b232-3c8e6f6667b6: receive RaftClientReply:client-8C798EE064B2->dd0a3b65-d36c-4f93-b232-3c8e6f6667b6@group-B02456D89C11, cid=2169, SUCCESS, logIndex=3066, commits[dd0a3b65-d36c-4f93-b232-3c8e6f6667b6:c3069]
2019-09-18 13:04:28,518 [grpc-default-executor-1] INFO  client.GrpcClientProtocolClient (GrpcClientProtocolClient.java:onNext(264)) - client-8C798EE064B2->dd0a3b65-d36c-4f93-b232-3c8e6f6667b6: receive RaftClientReply:client-8C798EE064B2->dd0a3b65-d36c-4f93-b232-3c8e6f6667b6@group-B02456D89C11, cid=2170, SUCCESS, logIndex=3067, commits[dd0a3b65-d36c-4f93-b232-3c8e6f6667b6:c3070]
2019-09-18 13:04:28,519 [grpc-default-executor-1] INFO  client.GrpcClientProtocolClient (GrpcClientProtocolClient.java:onNext(264)) - client-8C798EE064B2->dd0a3b65-d36c-4f93-b232-3c8e6f6667b6: receive RaftClientReply:client-8C798EE064B2->dd0a3b65-d36c-4f93-b232-3c8e6f6667b6@group-B02456D89C11, cid=2171, SUCCESS, logIndex=3068, commits[dd0a3b65-d36c-4f93-b232-3c8e6f6667b6:c3070]
2019-09-18 13:04:28,520 [grpc-default-executor-1] INFO  client.GrpcClientProtocolClient (GrpcClientProtocolClient.java:onNext(264)) - client-8C798EE064B2->dd0a3b65-d36c-4f93-b232-3c8e6f6667b6: receive RaftClientReply:client-8C798EE064B2->dd0a3b65-d36c-4f93-b232-3c8e6f6667b6@group-B02456D89C11, cid=2172, SUCCESS, logIndex=3069, commits[dd0a3b65-d36c-4f93-b232-3c8e6f6667b6:c3070]
2019-09-18 13:04:28,539 [grpc-default-executor-1] INFO  client.GrpcClientProtocolClient (GrpcClientProtocolClient.java:onNext(264)) - client-8C798EE064B2->dd0a3b65-d36c-4f93-b232-3c8e6f6667b6: receive RaftClientReply:client-8C798EE064B2->dd0a3b65-d36c-4f93-b232-3c8e6f6667b6@group-B02456D89C11, cid=2173, SUCCESS, logIndex=3071, commits[dd0a3b65-d36c-4f93-b232-3c8e6f6667b6:c3071]
2019-09-18 13:04:28,540 [grpc-default-executor-1] INFO  client.GrpcClientProtocolClient (GrpcClientProtocolClient.java:onNext(264)) - client-8C798EE064B2->dd0a3b65-d36c-4f93-b232-3c8e6f6667b6: receive RaftClientReply:client-8C798EE064B2->dd0a3b65-d36c-4f93-b232-3c8e6f6667b6@group-B02456D89C11, cid=2174, SUCCESS, logIndex=3072, commits[dd0a3b65-d36c-4f93-b232-3c8e6f6667b6:c3075]
2019-09-18 13:04:28,540 [grpc-default-executor-1] INFO  client.GrpcClientProtocolClient (GrpcClientProtocolClient.java:onNext(264)) - client-8C798EE064B2->dd0a3b65-d36c-4f93-b232-3c8e6f6667b6: receive RaftClientReply:client-8C798EE064B2->dd0a3b65-d36c-4f93-b232-3c8e6f6667b6@group-B02456D89C11, cid=2175, SUCCESS, logIndex=3073, commits[dd0a3b65-d36c-4f93-b232-3c8e6f6667b6:c3076]
2019-09-18 13:04:28,540 [grpc-default-executor-1] INFO  client.GrpcClientProtocolClient (GrpcClientProtocolClient.java:onNext(264)) - client-8C798EE064B2->dd0a3b65-d36c-4f93-b232-3c8e6f6667b6: receive RaftClientReply:client-8C798EE064B2->dd0a3b65-d36c-4f93-b232-3c8e6f6667b6@group-B02456D89C11, cid=2176, SUCCESS, logIndex=3074, commits[dd0a3b65-d36c-4f93-b232-3c8e6f6667b6:c3076]
2019-09-18 13:04:28,564 [SCMBlockDeletingService#0] DEBUG block.SCMBlockDeletingService (SCMBlockDeletingService.java:call(138)) - Running DeletedBlockTransactionScanner
2019-09-18 13:04:28,564 [SCMBlockDeletingService#0] DEBUG block.SCMBlockDeletingService (SCMBlockDeletingService.java:call(155)) - Scanned deleted blocks log and got 0 delTX to process.
2019-09-18 13:04:28,571 [grpc-default-executor-1] INFO  client.GrpcClientProtocolClient (GrpcClientProtocolClient.java:onNext(264)) - client-8C798EE064B2->dd0a3b65-d36c-4f93-b232-3c8e6f6667b6: receive RaftClientReply:client-8C798EE064B2->dd0a3b65-d36c-4f93-b232-3c8e6f6667b6@group-B02456D89C11, cid=2177, SUCCESS, logIndex=3077, commits[dd0a3b65-d36c-4f93-b232-3c8e6f6667b6:c3078]
2019-09-18 13:04:28,572 [grpc-default-executor-1] INFO  client.GrpcClientProtocolClient (GrpcClientProtocolClient.java:onNext(264)) - client-8C798EE064B2->dd0a3b65-d36c-4f93-b232-3c8e6f6667b6: receive RaftClientReply:client-8C798EE064B2->dd0a3b65-d36c-4f93-b232-3c8e6f6667b6@group-B02456D89C11, cid=2178, SUCCESS, logIndex=3078, commits[dd0a3b65-d36c-4f93-b232-3c8e6f6667b6:c3080]
2019-09-18 13:04:28,572 [grpc-default-executor-1] INFO  client.GrpcClientProtocolClient (GrpcClientProtocolClient.java:onNext(264)) - client-8C798EE064B2->dd0a3b65-d36c-4f93-b232-3c8e6f6667b6: receive RaftClientReply:client-8C798EE064B2->dd0a3b65-d36c-4f93-b232-3c8e6f6667b6@group-B02456D89C11, cid=2179, SUCCESS, logIndex=3079, commits[dd0a3b65-d36c-4f93-b232-3c8e6f6667b6:c3081]
2019-09-18 13:04:28,572 [grpc-default-executor-1] INFO  client.GrpcClientProtocolClient (GrpcClientProtocolClient.java:onNext(264)) - client-8C798EE064B2->dd0a3b65-d36c-4f93-b232-3c8e6f6667b6: receive RaftClientReply:client-8C798EE064B2->dd0a3b65-d36c-4f93-b232-3c8e6f6667b6@group-B02456D89C11, cid=2180, SUCCESS, logIndex=3080, commits[dd0a3b65-d36c-4f93-b232-3c8e6f6667b6:c3081]
2019-09-18 13:04:28,593 [grpc-default-executor-1] INFO  client.GrpcClientProtocolClient (GrpcClientProtocolClient.java:onNext(264)) - client-8C798EE064B2->dd0a3b65-d36c-4f93-b232-3c8e6f6667b6: receive RaftClientReply:client-8C798EE064B2->dd0a3b65-d36c-4f93-b232-3c8e6f6667b6@group-B02456D89C11, cid=2181, SUCCESS, logIndex=3083, commits[dd0a3b65-d36c-4f93-b232-3c8e6f6667b6:c3086]
2019-09-18 13:04:28,594 [grpc-default-executor-1] INFO  client.GrpcClientProtocolClient (GrpcClientProtocolClient.java:onNext(264)) - client-8C798EE064B2->dd0a3b65-d36c-4f93-b232-3c8e6f6667b6: receive RaftClientReply:client-8C798EE064B2->dd0a3b65-d36c-4f93-b232-3c8e6f6667b6@group-B02456D89C11, cid=2182, SUCCESS, logIndex=3084, commits[dd0a3b65-d36c-4f93-b232-3c8e6f6667b6:c3087]
2019-09-18 13:04:28,594 [grpc-default-executor-1] INFO  client.GrpcClientProtocolClient (GrpcClientProtocolClient.java:onNext(264)) - client-8C798EE064B2->dd0a3b65-d36c-4f93-b232-3c8e6f6667b6: receive RaftClientReply:client-8C798EE064B2->dd0a3b65-d36c-4f93-b232-3c8e6f6667b6@group-B02456D89C11, cid=2183, SUCCESS, logIndex=3085, commits[dd0a3b65-d36c-4f93-b232-3c8e6f6667b6:c3087]
2019-09-18 13:04:28,594 [grpc-default-executor-1] INFO  client.GrpcClientProtocolClient (GrpcClientProtocolClient.java:onNext(264)) - client-8C798EE064B2->dd0a3b65-d36c-4f93-b232-3c8e6f6667b6: receive RaftClientReply:client-8C798EE064B2->dd0a3b65-d36c-4f93-b232-3c8e6f6667b6@group-B02456D89C11, cid=2184, SUCCESS, logIndex=3086, commits[dd0a3b65-d36c-4f93-b232-3c8e6f6667b6:c3087]
2019-09-18 13:04:28,623 [grpc-default-executor-1] INFO  client.GrpcClientProtocolClient (GrpcClientProtocolClient.java:onNext(264)) - client-8C798EE064B2->dd0a3b65-d36c-4f93-b232-3c8e6f6667b6: receive RaftClientReply:client-8C798EE064B2->dd0a3b65-d36c-4f93-b232-3c8e6f6667b6@group-B02456D89C11, cid=2185, SUCCESS, logIndex=3088, commits[dd0a3b65-d36c-4f93-b232-3c8e6f6667b6:c3091]
2019-09-18 13:04:28,624 [grpc-default-executor-1] INFO  client.GrpcClientProtocolClient (GrpcClientProtocolClient.java:onNext(264)) - client-8C798EE064B2->dd0a3b65-d36c-4f93-b232-3c8e6f6667b6: receive RaftClientReply:client-8C798EE064B2->dd0a3b65-d36c-4f93-b232-3c8e6f6667b6@group-B02456D89C11, cid=2186, SUCCESS, logIndex=3089, commits[dd0a3b65-d36c-4f93-b232-3c8e6f6667b6:c3091]
2019-09-18 13:04:28,624 [grpc-default-executor-1] INFO  client.GrpcClientProtocolClient (GrpcClientProtocolClient.java:onNext(264)) - client-8C798EE064B2->dd0a3b65-d36c-4f93-b232-3c8e6f6667b6: receive RaftClientReply:client-8C798EE064B2->dd0a3b65-d36c-4f93-b232-3c8e6f6667b6@group-B02456D89C11, cid=2187, SUCCESS, logIndex=3090, commits[dd0a3b65-d36c-4f93-b232-3c8e6f6667b6:c3092]
2019-09-18 13:04:28,624 [grpc-default-executor-1] INFO  client.GrpcClientProtocolClient (GrpcClientProtocolClient.java:onNext(264)) - client-8C798EE064B2->dd0a3b65-d36c-4f93-b232-3c8e6f6667b6: receive RaftClientReply:client-8C798EE064B2->dd0a3b65-d36c-4f93-b232-3c8e6f6667b6@group-B02456D89C11, cid=2188, SUCCESS, logIndex=3091, commits[dd0a3b65-d36c-4f93-b232-3c8e6f6667b6:c3092]
2019-09-18 13:04:28,645 [grpc-default-executor-0] INFO  client.GrpcClientProtocolClient (GrpcClientProtocolClient.java:onNext(264)) - client-8C798EE064B2->dd0a3b65-d36c-4f93-b232-3c8e6f6667b6: receive RaftClientReply:client-8C798EE064B2->dd0a3b65-d36c-4f93-b232-3c8e6f6667b6@group-B02456D89C11, cid=2189, SUCCESS, logIndex=3093, commits[dd0a3b65-d36c-4f93-b232-3c8e6f6667b6:c3096]
2019-09-18 13:04:28,645 [grpc-default-executor-0] INFO  client.GrpcClientProtocolClient (GrpcClientProtocolClient.java:onNext(264)) - client-8C798EE064B2->dd0a3b65-d36c-4f93-b232-3c8e6f6667b6: receive RaftClientReply:client-8C798EE064B2->dd0a3b65-d36c-4f93-b232-3c8e6f6667b6@group-B02456D89C11, cid=2190, SUCCESS, logIndex=3094, commits[dd0a3b65-d36c-4f93-b232-3c8e6f6667b6:c3097]
2019-09-18 13:04:28,645 [grpc-default-executor-0] INFO  client.GrpcClientProtocolClient (GrpcClientProtocolClient.java:onNext(264)) - client-8C798EE064B2->dd0a3b65-d36c-4f93-b232-3c8e6f6667b6: receive RaftClientReply:client-8C798EE064B2->dd0a3b65-d36c-4f93-b232-3c8e6f6667b6@group-B02456D89C11, cid=2191, SUCCESS, logIndex=3095, commits[dd0a3b65-d36c-4f93-b232-3c8e6f6667b6:c3097]
2019-09-18 13:04:28,646 [grpc-default-executor-0] INFO  client.GrpcClientProtocolClient (GrpcClientProtocolClient.java:onNext(264)) - client-8C798EE064B2->dd0a3b65-d36c-4f93-b232-3c8e6f6667b6: receive RaftClientReply:client-8C798EE064B2->dd0a3b65-d36c-4f93-b232-3c8e6f6667b6@group-B02456D89C11, cid=2192, SUCCESS, logIndex=3096, commits[dd0a3b65-d36c-4f93-b232-3c8e6f6667b6:c3097]
2019-09-18 13:04:28,665 [SCMBlockDeletingService#0] DEBUG block.SCMBlockDeletingService (SCMBlockDeletingService.java:call(138)) - Running DeletedBlockTransactionScanner
2019-09-18 13:04:28,665 [SCMBlockDeletingService#0] DEBUG block.SCMBlockDeletingService (SCMBlockDeletingService.java:call(155)) - Scanned deleted blocks log and got 0 delTX to process.
2019-09-18 13:04:28,675 [grpc-default-executor-1] INFO  client.GrpcClientProtocolClient (GrpcClientProtocolClient.java:onNext(264)) - client-8C798EE064B2->dd0a3b65-d36c-4f93-b232-3c8e6f6667b6: receive RaftClientReply:client-8C798EE064B2->dd0a3b65-d36c-4f93-b232-3c8e6f6667b6@group-B02456D89C11, cid=2193, SUCCESS, logIndex=3098, commits[dd0a3b65-d36c-4f93-b232-3c8e6f6667b6:c3101]
2019-09-18 13:04:28,675 [grpc-default-executor-1] INFO  client.GrpcClientProtocolClient (GrpcClientProtocolClient.java:onNext(264)) - client-8C798EE064B2->dd0a3b65-d36c-4f93-b232-3c8e6f6667b6: receive RaftClientReply:client-8C798EE064B2->dd0a3b65-d36c-4f93-b232-3c8e6f6667b6@group-B02456D89C11, cid=2194, SUCCESS, logIndex=3099, commits[dd0a3b65-d36c-4f93-b232-3c8e6f6667b6:c3102]
2019-09-18 13:04:28,676 [grpc-default-executor-1] INFO  client.GrpcClientProtocolClient (GrpcClientProtocolClient.java:onNext(264)) - client-8C798EE064B2->dd0a3b65-d36c-4f93-b232-3c8e6f6667b6: receive RaftClientReply:client-8C798EE064B2->dd0a3b65-d36c-4f93-b232-3c8e6f6667b6@group-B02456D89C11, cid=2195, SUCCESS, logIndex=3100, commits[dd0a3b65-d36c-4f93-b232-3c8e6f6667b6:c3102]
2019-09-18 13:04:28,676 [grpc-default-executor-1] INFO  client.GrpcClientProtocolClient (GrpcClientProtocolClient.java:onNext(264)) - client-8C798EE064B2->dd0a3b65-d36c-4f93-b232-3c8e6f6667b6: receive RaftClientReply:client-8C798EE064B2->dd0a3b65-d36c-4f93-b232-3c8e6f6667b6@group-B02456D89C11, cid=2196, SUCCESS, logIndex=3101, commits[dd0a3b65-d36c-4f93-b232-3c8e6f6667b6:c3102]
2019-09-18 13:04:28,699 [grpc-default-executor-1] INFO  client.GrpcClientProtocolClient (GrpcClientProtocolClient.java:onNext(264)) - client-8C798EE064B2->dd0a3b65-d36c-4f93-b232-3c8e6f6667b6: receive RaftClientReply:client-8C798EE064B2->dd0a3b65-d36c-4f93-b232-3c8e6f6667b6@group-B02456D89C11, cid=2197, SUCCESS, logIndex=3103, commits[dd0a3b65-d36c-4f93-b232-3c8e6f6667b6:c3106]
2019-09-18 13:04:28,699 [grpc-default-executor-1] INFO  client.GrpcClientProtocolClient (GrpcClientProtocolClient.java:onNext(264)) - client-8C798EE064B2->dd0a3b65-d36c-4f93-b232-3c8e6f6667b6: receive RaftClientReply:client-8C798EE064B2->dd0a3b65-d36c-4f93-b232-3c8e6f6667b6@group-B02456D89C11, cid=2198, SUCCESS, logIndex=3104, commits[dd0a3b65-d36c-4f93-b232-3c8e6f6667b6:c3107]
2019-09-18 13:04:28,699 [grpc-default-executor-1] INFO  client.GrpcClientProtocolClient (GrpcClientProtocolClient.java:onNext(264)) - client-8C798EE064B2->dd0a3b65-d36c-4f93-b232-3c8e6f6667b6: receive RaftClientReply:client-8C798EE064B2->dd0a3b65-d36c-4f93-b232-3c8e6f6667b6@group-B02456D89C11, cid=2199, SUCCESS, logIndex=3105, commits[dd0a3b65-d36c-4f93-b232-3c8e6f6667b6:c3107]
2019-09-18 13:04:28,700 [grpc-default-executor-1] INFO  client.GrpcClientProtocolClient (GrpcClientProtocolClient.java:onNext(264)) - client-8C798EE064B2->dd0a3b65-d36c-4f93-b232-3c8e6f6667b6: receive RaftClientReply:client-8C798EE064B2->dd0a3b65-d36c-4f93-b232-3c8e6f6667b6@group-B02456D89C11, cid=2200, SUCCESS, logIndex=3106, commits[dd0a3b65-d36c-4f93-b232-3c8e6f6667b6:c3107]
2019-09-18 13:04:28,727 [grpc-default-executor-1] INFO  client.GrpcClientProtocolClient (GrpcClientProtocolClient.java:onNext(264)) - client-8C798EE064B2->dd0a3b65-d36c-4f93-b232-3c8e6f6667b6: receive RaftClientReply:client-8C798EE064B2->dd0a3b65-d36c-4f93-b232-3c8e6f6667b6@group-B02456D89C11, cid=2201, SUCCESS, logIndex=3108, commits[dd0a3b65-d36c-4f93-b232-3c8e6f6667b6:c3111]
2019-09-18 13:04:28,728 [grpc-default-executor-1] INFO  client.GrpcClientProtocolClient (GrpcClientProtocolClient.java:onNext(264)) - client-8C798EE064B2->dd0a3b65-d36c-4f93-b232-3c8e6f6667b6: receive RaftClientReply:client-8C798EE064B2->dd0a3b65-d36c-4f93-b232-3c8e6f6667b6@group-B02456D89C11, cid=2202, SUCCESS, logIndex=3109, commits[dd0a3b65-d36c-4f93-b232-3c8e6f6667b6:c3112]
2019-09-18 13:04:28,728 [grpc-default-executor-1] INFO  client.GrpcClientProtocolClient (GrpcClientProtocolClient.java:onNext(264)) - client-8C798EE064B2->dd0a3b65-d36c-4f93-b232-3c8e6f6667b6: receive RaftClientReply:client-8C798EE064B2->dd0a3b65-d36c-4f93-b232-3c8e6f6667b6@group-B02456D89C11, cid=2203, SUCCESS, logIndex=3110, commits[dd0a3b65-d36c-4f93-b232-3c8e6f6667b6:c3112]
2019-09-18 13:04:28,728 [grpc-default-executor-1] INFO  client.GrpcClientProtocolClient (GrpcClientProtocolClient.java:onNext(264)) - client-8C798EE064B2->dd0a3b65-d36c-4f93-b232-3c8e6f6667b6: receive RaftClientReply:client-8C798EE064B2->dd0a3b65-d36c-4f93-b232-3c8e6f6667b6@group-B02456D89C11, cid=2204, SUCCESS, logIndex=3111, commits[dd0a3b65-d36c-4f93-b232-3c8e6f6667b6:c3112]
2019-09-18 13:04:28,749 [grpc-default-executor-0] INFO  client.GrpcClientProtocolClient (GrpcClientProtocolClient.java:onNext(264)) - client-8C798EE064B2->dd0a3b65-d36c-4f93-b232-3c8e6f6667b6: receive RaftClientReply:client-8C798EE064B2->dd0a3b65-d36c-4f93-b232-3c8e6f6667b6@group-B02456D89C11, cid=2205, SUCCESS, logIndex=3113, commits[dd0a3b65-d36c-4f93-b232-3c8e6f6667b6:c3116]
2019-09-18 13:04:28,750 [grpc-default-executor-0] INFO  client.GrpcClientProtocolClient (GrpcClientProtocolClient.java:onNext(264)) - client-8C798EE064B2->dd0a3b65-d36c-4f93-b232-3c8e6f6667b6: receive RaftClientReply:client-8C798EE064B2->dd0a3b65-d36c-4f93-b232-3c8e6f6667b6@group-B02456D89C11, cid=2206, SUCCESS, logIndex=3114, commits[dd0a3b65-d36c-4f93-b232-3c8e6f6667b6:c3117]
2019-09-18 13:04:28,750 [grpc-default-executor-0] INFO  client.GrpcClientProtocolClient (GrpcClientProtocolClient.java:onNext(264)) - client-8C798EE064B2->dd0a3b65-d36c-4f93-b232-3c8e6f6667b6: receive RaftClientReply:client-8C798EE064B2->dd0a3b65-d36c-4f93-b232-3c8e6f6667b6@group-B02456D89C11, cid=2207, SUCCESS, logIndex=3115, commits[dd0a3b65-d36c-4f93-b232-3c8e6f6667b6:c3117]
2019-09-18 13:04:28,750 [grpc-default-executor-0] INFO  client.GrpcClientProtocolClient (GrpcClientProtocolClient.java:onNext(264)) - client-8C798EE064B2->dd0a3b65-d36c-4f93-b232-3c8e6f6667b6: receive RaftClientReply:client-8C798EE064B2->dd0a3b65-d36c-4f93-b232-3c8e6f6667b6@group-B02456D89C11, cid=2208, SUCCESS, logIndex=3116, commits[dd0a3b65-d36c-4f93-b232-3c8e6f6667b6:c3117]
2019-09-18 13:04:28,765 [SCMBlockDeletingService#0] DEBUG block.SCMBlockDeletingService (SCMBlockDeletingService.java:call(138)) - Running DeletedBlockTransactionScanner
2019-09-18 13:04:28,765 [SCMBlockDeletingService#0] DEBUG block.SCMBlockDeletingService (SCMBlockDeletingService.java:call(155)) - Scanned deleted blocks log and got 0 delTX to process.
2019-09-18 13:04:28,779 [grpc-default-executor-1] INFO  client.GrpcClientProtocolClient (GrpcClientProtocolClient.java:onNext(264)) - client-8C798EE064B2->dd0a3b65-d36c-4f93-b232-3c8e6f6667b6: receive RaftClientReply:client-8C798EE064B2->dd0a3b65-d36c-4f93-b232-3c8e6f6667b6@group-B02456D89C11, cid=2209, SUCCESS, logIndex=3118, commits[dd0a3b65-d36c-4f93-b232-3c8e6f6667b6:c3119]
2019-09-18 13:04:28,780 [grpc-default-executor-1] INFO  client.GrpcClientProtocolClient (GrpcClientProtocolClient.java:onNext(264)) - client-8C798EE064B2->dd0a3b65-d36c-4f93-b232-3c8e6f6667b6: receive RaftClientReply:client-8C798EE064B2->dd0a3b65-d36c-4f93-b232-3c8e6f6667b6@group-B02456D89C11, cid=2210, SUCCESS, logIndex=3119, commits[dd0a3b65-d36c-4f93-b232-3c8e6f6667b6:c3120]
2019-09-18 13:04:28,866 [SCMBlockDeletingService#1] DEBUG block.SCMBlockDeletingService (SCMBlockDeletingService.java:call(138)) - Running DeletedBlockTransactionScanner
2019-09-18 13:04:28,866 [SCMBlockDeletingService#1] DEBUG block.SCMBlockDeletingService (SCMBlockDeletingService.java:call(155)) - Scanned deleted blocks log and got 0 delTX to process.
2019-09-18 13:04:28,880 [grpc-default-executor-0] INFO  client.GrpcClientProtocolClient (GrpcClientProtocolClient.java:onNext(264)) - client-8C798EE064B2->dd0a3b65-d36c-4f93-b232-3c8e6f6667b6: receive RaftClientReply:client-8C798EE064B2->dd0a3b65-d36c-4f93-b232-3c8e6f6667b6@group-B02456D89C11, cid=2211, SUCCESS, logIndex=3121, commits[dd0a3b65-d36c-4f93-b232-3c8e6f6667b6:c3122]
2019-09-18 13:04:28,881 [grpc-default-executor-0] INFO  client.GrpcClientProtocolClient (GrpcClientProtocolClient.java:onNext(264)) - client-8C798EE064B2->dd0a3b65-d36c-4f93-b232-3c8e6f6667b6: receive RaftClientReply:client-8C798EE064B2->dd0a3b65-d36c-4f93-b232-3c8e6f6667b6@group-B02456D89C11, cid=2212, SUCCESS, logIndex=3122, commits[dd0a3b65-d36c-4f93-b232-3c8e6f6667b6:c3122]
2019-09-18 13:04:28,901 [grpc-default-executor-1] INFO  client.GrpcClientProtocolClient (GrpcClientProtocolClient.java:onNext(264)) - client-8C798EE064B2->dd0a3b65-d36c-4f93-b232-3c8e6f6667b6: receive RaftClientReply:client-8C798EE064B2->dd0a3b65-d36c-4f93-b232-3c8e6f6667b6@group-B02456D89C11, cid=2213, SUCCESS, logIndex=3124, commits[dd0a3b65-d36c-4f93-b232-3c8e6f6667b6:c3125]
2019-09-18 13:04:28,901 [grpc-default-executor-1] INFO  client.GrpcClientProtocolClient (GrpcClientProtocolClient.java:onNext(264)) - client-8C798EE064B2->dd0a3b65-d36c-4f93-b232-3c8e6f6667b6: receive RaftClientReply:client-8C798EE064B2->dd0a3b65-d36c-4f93-b232-3c8e6f6667b6@group-B02456D89C11, cid=2214, SUCCESS, logIndex=3125, commits[dd0a3b65-d36c-4f93-b232-3c8e6f6667b6:c3127]
2019-09-18 13:04:28,902 [grpc-default-executor-1] INFO  client.GrpcClientProtocolClient (GrpcClientProtocolClient.java:onNext(264)) - client-8C798EE064B2->dd0a3b65-d36c-4f93-b232-3c8e6f6667b6: receive RaftClientReply:client-8C798EE064B2->dd0a3b65-d36c-4f93-b232-3c8e6f6667b6@group-B02456D89C11, cid=2215, SUCCESS, logIndex=3126, commits[dd0a3b65-d36c-4f93-b232-3c8e6f6667b6:c3128]
2019-09-18 13:04:28,902 [grpc-default-executor-1] INFO  client.GrpcClientProtocolClient (GrpcClientProtocolClient.java:onNext(264)) - client-8C798EE064B2->dd0a3b65-d36c-4f93-b232-3c8e6f6667b6: receive RaftClientReply:client-8C798EE064B2->dd0a3b65-d36c-4f93-b232-3c8e6f6667b6@group-B02456D89C11, cid=2216, SUCCESS, logIndex=3127, commits[dd0a3b65-d36c-4f93-b232-3c8e6f6667b6:c3128]
2019-09-18 13:04:28,932 [grpc-default-executor-1] INFO  client.GrpcClientProtocolClient (GrpcClientProtocolClient.java:onNext(264)) - client-8C798EE064B2->dd0a3b65-d36c-4f93-b232-3c8e6f6667b6: receive RaftClientReply:client-8C798EE064B2->dd0a3b65-d36c-4f93-b232-3c8e6f6667b6@group-B02456D89C11, cid=2217, SUCCESS, logIndex=3130, commits[dd0a3b65-d36c-4f93-b232-3c8e6f6667b6:c3131]
2019-09-18 13:04:28,933 [grpc-default-executor-1] INFO  client.GrpcClientProtocolClient (GrpcClientProtocolClient.java:onNext(264)) - client-8C798EE064B2->dd0a3b65-d36c-4f93-b232-3c8e6f6667b6: receive RaftClientReply:client-8C798EE064B2->dd0a3b65-d36c-4f93-b232-3c8e6f6667b6@group-B02456D89C11, cid=2218, SUCCESS, logIndex=3131, commits[dd0a3b65-d36c-4f93-b232-3c8e6f6667b6:c3133]
2019-09-18 13:04:28,933 [grpc-default-executor-1] INFO  client.GrpcClientProtocolClient (GrpcClientProtocolClient.java:onNext(264)) - client-8C798EE064B2->dd0a3b65-d36c-4f93-b232-3c8e6f6667b6: receive RaftClientReply:client-8C798EE064B2->dd0a3b65-d36c-4f93-b232-3c8e6f6667b6@group-B02456D89C11, cid=2219, SUCCESS, logIndex=3132, commits[dd0a3b65-d36c-4f93-b232-3c8e6f6667b6:c3133]
2019-09-18 13:04:28,933 [grpc-default-executor-1] INFO  client.GrpcClientProtocolClient (GrpcClientProtocolClient.java:onNext(264)) - client-8C798EE064B2->dd0a3b65-d36c-4f93-b232-3c8e6f6667b6: receive RaftClientReply:client-8C798EE064B2->dd0a3b65-d36c-4f93-b232-3c8e6f6667b6@group-B02456D89C11, cid=2220, SUCCESS, logIndex=3133, commits[dd0a3b65-d36c-4f93-b232-3c8e6f6667b6:c3133]
2019-09-18 13:04:28,952 [grpc-default-executor-1] INFO  client.GrpcClientProtocolClient (GrpcClientProtocolClient.java:onNext(264)) - client-8C798EE064B2->dd0a3b65-d36c-4f93-b232-3c8e6f6667b6: receive RaftClientReply:client-8C798EE064B2->dd0a3b65-d36c-4f93-b232-3c8e6f6667b6@group-B02456D89C11, cid=2221, SUCCESS, logIndex=3136, commits[dd0a3b65-d36c-4f93-b232-3c8e6f6667b6:c3137]
2019-09-18 13:04:28,953 [grpc-default-executor-1] INFO  client.GrpcClientProtocolClient (GrpcClientProtocolClient.java:onNext(264)) - client-8C798EE064B2->dd0a3b65-d36c-4f93-b232-3c8e6f6667b6: receive RaftClientReply:client-8C798EE064B2->dd0a3b65-d36c-4f93-b232-3c8e6f6667b6@group-B02456D89C11, cid=2222, SUCCESS, logIndex=3137, commits[dd0a3b65-d36c-4f93-b232-3c8e6f6667b6:c3139]
2019-09-18 13:04:28,953 [grpc-default-executor-1] INFO  client.GrpcClientProtocolClient (GrpcClientProtocolClient.java:onNext(264)) - client-8C798EE064B2->dd0a3b65-d36c-4f93-b232-3c8e6f6667b6: receive RaftClientReply:client-8C798EE064B2->dd0a3b65-d36c-4f93-b232-3c8e6f6667b6@group-B02456D89C11, cid=2223, SUCCESS, logIndex=3138, commits[dd0a3b65-d36c-4f93-b232-3c8e6f6667b6:c3140]
2019-09-18 13:04:28,953 [grpc-default-executor-1] INFO  client.GrpcClientProtocolClient (GrpcClientProtocolClient.java:onNext(264)) - client-8C798EE064B2->dd0a3b65-d36c-4f93-b232-3c8e6f6667b6: receive RaftClientReply:client-8C798EE064B2->dd0a3b65-d36c-4f93-b232-3c8e6f6667b6@group-B02456D89C11, cid=2224, SUCCESS, logIndex=3139, commits[dd0a3b65-d36c-4f93-b232-3c8e6f6667b6:c3140]
2019-09-18 13:04:28,966 [SCMBlockDeletingService#1] DEBUG block.SCMBlockDeletingService (SCMBlockDeletingService.java:call(138)) - Running DeletedBlockTransactionScanner
2019-09-18 13:04:28,967 [SCMBlockDeletingService#1] DEBUG block.SCMBlockDeletingService (SCMBlockDeletingService.java:call(155)) - Scanned deleted blocks log and got 0 delTX to process.
2019-09-18 13:04:28,984 [grpc-default-executor-1] INFO  client.GrpcClientProtocolClient (GrpcClientProtocolClient.java:onNext(264)) - client-8C798EE064B2->dd0a3b65-d36c-4f93-b232-3c8e6f6667b6: receive RaftClientReply:client-8C798EE064B2->dd0a3b65-d36c-4f93-b232-3c8e6f6667b6@group-B02456D89C11, cid=2225, SUCCESS, logIndex=3142, commits[dd0a3b65-d36c-4f93-b232-3c8e6f6667b6:c3145]
2019-09-18 13:04:28,984 [grpc-default-executor-1] INFO  client.GrpcClientProtocolClient (GrpcClientProtocolClient.java:onNext(264)) - client-8C798EE064B2->dd0a3b65-d36c-4f93-b232-3c8e6f6667b6: receive RaftClientReply:client-8C798EE064B2->dd0a3b65-d36c-4f93-b232-3c8e6f6667b6@group-B02456D89C11, cid=2226, SUCCESS, logIndex=3143, commits[dd0a3b65-d36c-4f93-b232-3c8e6f6667b6:c3146]
2019-09-18 13:04:28,985 [grpc-default-executor-1] INFO  client.GrpcClientProtocolClient (GrpcClientProtocolClient.java:onNext(264)) - client-8C798EE064B2->dd0a3b65-d36c-4f93-b232-3c8e6f6667b6: receive RaftClientReply:client-8C798EE064B2->dd0a3b65-d36c-4f93-b232-3c8e6f6667b6@group-B02456D89C11, cid=2227, SUCCESS, logIndex=3144, commits[dd0a3b65-d36c-4f93-b232-3c8e6f6667b6:c3146]
2019-09-18 13:04:28,985 [grpc-default-executor-1] INFO  client.GrpcClientProtocolClient (GrpcClientProtocolClient.java:onNext(264)) - client-8C798EE064B2->dd0a3b65-d36c-4f93-b232-3c8e6f6667b6: receive RaftClientReply:client-8C798EE064B2->dd0a3b65-d36c-4f93-b232-3c8e6f6667b6@group-B02456D89C11, cid=2228, SUCCESS, logIndex=3145, commits[dd0a3b65-d36c-4f93-b232-3c8e6f6667b6:c3146]
2019-09-18 13:04:29,007 [grpc-default-executor-1] INFO  client.GrpcClientProtocolClient (GrpcClientProtocolClient.java:onNext(264)) - client-8C798EE064B2->dd0a3b65-d36c-4f93-b232-3c8e6f6667b6: receive RaftClientReply:client-8C798EE064B2->dd0a3b65-d36c-4f93-b232-3c8e6f6667b6@group-B02456D89C11, cid=2229, SUCCESS, logIndex=3147, commits[dd0a3b65-d36c-4f93-b232-3c8e6f6667b6:c3150]
2019-09-18 13:04:29,008 [grpc-default-executor-1] INFO  client.GrpcClientProtocolClient (GrpcClientProtocolClient.java:onNext(264)) - client-8C798EE064B2->dd0a3b65-d36c-4f93-b232-3c8e6f6667b6: receive RaftClientReply:client-8C798EE064B2->dd0a3b65-d36c-4f93-b232-3c8e6f6667b6@group-B02456D89C11, cid=2230, SUCCESS, logIndex=3148, commits[dd0a3b65-d36c-4f93-b232-3c8e6f6667b6:c3151]
2019-09-18 13:04:29,008 [grpc-default-executor-1] INFO  client.GrpcClientProtocolClient (GrpcClientProtocolClient.java:onNext(264)) - client-8C798EE064B2->dd0a3b65-d36c-4f93-b232-3c8e6f6667b6: receive RaftClientReply:client-8C798EE064B2->dd0a3b65-d36c-4f93-b232-3c8e6f6667b6@group-B02456D89C11, cid=2231, SUCCESS, logIndex=3149, commits[dd0a3b65-d36c-4f93-b232-3c8e6f6667b6:c3151]
2019-09-18 13:04:29,008 [grpc-default-executor-1] INFO  client.GrpcClientProtocolClient (GrpcClientProtocolClient.java:onNext(264)) - client-8C798EE064B2->dd0a3b65-d36c-4f93-b232-3c8e6f6667b6: receive RaftClientReply:client-8C798EE064B2->dd0a3b65-d36c-4f93-b232-3c8e6f6667b6@group-B02456D89C11, cid=2232, SUCCESS, logIndex=3150, commits[dd0a3b65-d36c-4f93-b232-3c8e6f6667b6:c3151]
2019-09-18 13:04:29,045 [grpc-default-executor-1] INFO  client.GrpcClientProtocolClient (GrpcClientProtocolClient.java:onNext(264)) - client-8C798EE064B2->dd0a3b65-d36c-4f93-b232-3c8e6f6667b6: receive RaftClientReply:client-8C798EE064B2->dd0a3b65-d36c-4f93-b232-3c8e6f6667b6@group-B02456D89C11, cid=2233, SUCCESS, logIndex=3152, commits[dd0a3b65-d36c-4f93-b232-3c8e6f6667b6:c3155]
2019-09-18 13:04:29,045 [grpc-default-executor-1] INFO  client.GrpcClientProtocolClient (GrpcClientProtocolClient.java:onNext(264)) - client-8C798EE064B2->dd0a3b65-d36c-4f93-b232-3c8e6f6667b6: receive RaftClientReply:client-8C798EE064B2->dd0a3b65-d36c-4f93-b232-3c8e6f6667b6@group-B02456D89C11, cid=2234, SUCCESS, logIndex=3153, commits[dd0a3b65-d36c-4f93-b232-3c8e6f6667b6:c3156]
2019-09-18 13:04:29,046 [grpc-default-executor-1] INFO  client.GrpcClientProtocolClient (GrpcClientProtocolClient.java:onNext(264)) - client-8C798EE064B2->dd0a3b65-d36c-4f93-b232-3c8e6f6667b6: receive RaftClientReply:client-8C798EE064B2->dd0a3b65-d36c-4f93-b232-3c8e6f6667b6@group-B02456D89C11, cid=2235, SUCCESS, logIndex=3154, commits[dd0a3b65-d36c-4f93-b232-3c8e6f6667b6:c3156]
2019-09-18 13:04:29,046 [grpc-default-executor-1] INFO  client.GrpcClientProtocolClient (GrpcClientProtocolClient.java:onNext(264)) - client-8C798EE064B2->dd0a3b65-d36c-4f93-b232-3c8e6f6667b6: receive RaftClientReply:client-8C798EE064B2->dd0a3b65-d36c-4f93-b232-3c8e6f6667b6@group-B02456D89C11, cid=2236, SUCCESS, logIndex=3155, commits[dd0a3b65-d36c-4f93-b232-3c8e6f6667b6:c3156]
2019-09-18 13:04:29,067 [SCMBlockDeletingService#1] DEBUG block.SCMBlockDeletingService (SCMBlockDeletingService.java:call(138)) - Running DeletedBlockTransactionScanner
2019-09-18 13:04:29,067 [SCMBlockDeletingService#1] DEBUG block.SCMBlockDeletingService (SCMBlockDeletingService.java:call(155)) - Scanned deleted blocks log and got 0 delTX to process.
2019-09-18 13:04:29,070 [grpc-default-executor-0] INFO  client.GrpcClientProtocolClient (GrpcClientProtocolClient.java:onNext(264)) - client-8C798EE064B2->dd0a3b65-d36c-4f93-b232-3c8e6f6667b6: receive RaftClientReply:client-8C798EE064B2->dd0a3b65-d36c-4f93-b232-3c8e6f6667b6@group-B02456D89C11, cid=2237, SUCCESS, logIndex=3157, commits[dd0a3b65-d36c-4f93-b232-3c8e6f6667b6:c3160]
2019-09-18 13:04:29,070 [grpc-default-executor-0] INFO  client.GrpcClientProtocolClient (GrpcClientProtocolClient.java:onNext(264)) - client-8C798EE064B2->dd0a3b65-d36c-4f93-b232-3c8e6f6667b6: receive RaftClientReply:client-8C798EE064B2->dd0a3b65-d36c-4f93-b232-3c8e6f6667b6@group-B02456D89C11, cid=2238, SUCCESS, logIndex=3158, commits[dd0a3b65-d36c-4f93-b232-3c8e6f6667b6:c3161]
2019-09-18 13:04:29,070 [grpc-default-executor-0] INFO  client.GrpcClientProtocolClient (GrpcClientProtocolClient.java:onNext(264)) - client-8C798EE064B2->dd0a3b65-d36c-4f93-b232-3c8e6f6667b6: receive RaftClientReply:client-8C798EE064B2->dd0a3b65-d36c-4f93-b232-3c8e6f6667b6@group-B02456D89C11, cid=2239, SUCCESS, logIndex=3159, commits[dd0a3b65-d36c-4f93-b232-3c8e6f6667b6:c3161]
2019-09-18 13:04:29,071 [grpc-default-executor-0] INFO  client.GrpcClientProtocolClient (GrpcClientProtocolClient.java:onNext(264)) - client-8C798EE064B2->dd0a3b65-d36c-4f93-b232-3c8e6f6667b6: receive RaftClientReply:client-8C798EE064B2->dd0a3b65-d36c-4f93-b232-3c8e6f6667b6@group-B02456D89C11, cid=2240, SUCCESS, logIndex=3160, commits[dd0a3b65-d36c-4f93-b232-3c8e6f6667b6:c3161]
2019-09-18 13:04:29,099 [grpc-default-executor-1] INFO  client.GrpcClientProtocolClient (GrpcClientProtocolClient.java:onNext(264)) - client-8C798EE064B2->dd0a3b65-d36c-4f93-b232-3c8e6f6667b6: receive RaftClientReply:client-8C798EE064B2->dd0a3b65-d36c-4f93-b232-3c8e6f6667b6@group-B02456D89C11, cid=2241, SUCCESS, logIndex=3162, commits[dd0a3b65-d36c-4f93-b232-3c8e6f6667b6:c3163]
2019-09-18 13:04:29,099 [grpc-default-executor-1] INFO  client.GrpcClientProtocolClient (GrpcClientProtocolClient.java:onNext(264)) - client-8C798EE064B2->dd0a3b65-d36c-4f93-b232-3c8e6f6667b6: receive RaftClientReply:client-8C798EE064B2->dd0a3b65-d36c-4f93-b232-3c8e6f6667b6@group-B02456D89C11, cid=2242, SUCCESS, logIndex=3163, commits[dd0a3b65-d36c-4f93-b232-3c8e6f6667b6:c3165]
2019-09-18 13:04:29,100 [grpc-default-executor-1] INFO  client.GrpcClientProtocolClient (GrpcClientProtocolClient.java:onNext(264)) - client-8C798EE064B2->dd0a3b65-d36c-4f93-b232-3c8e6f6667b6: receive RaftClientReply:client-8C798EE064B2->dd0a3b65-d36c-4f93-b232-3c8e6f6667b6@group-B02456D89C11, cid=2243, SUCCESS, logIndex=3164, commits[dd0a3b65-d36c-4f93-b232-3c8e6f6667b6:c3166]
2019-09-18 13:04:29,100 [grpc-default-executor-1] INFO  client.GrpcClientProtocolClient (GrpcClientProtocolClient.java:onNext(264)) - client-8C798EE064B2->dd0a3b65-d36c-4f93-b232-3c8e6f6667b6: receive RaftClientReply:client-8C798EE064B2->dd0a3b65-d36c-4f93-b232-3c8e6f6667b6@group-B02456D89C11, cid=2244, SUCCESS, logIndex=3165, commits[dd0a3b65-d36c-4f93-b232-3c8e6f6667b6:c3166]
2019-09-18 13:04:29,122 [grpc-default-executor-1] INFO  client.GrpcClientProtocolClient (GrpcClientProtocolClient.java:onNext(264)) - client-8C798EE064B2->dd0a3b65-d36c-4f93-b232-3c8e6f6667b6: receive RaftClientReply:client-8C798EE064B2->dd0a3b65-d36c-4f93-b232-3c8e6f6667b6@group-B02456D89C11, cid=2245, SUCCESS, logIndex=3168, commits[dd0a3b65-d36c-4f93-b232-3c8e6f6667b6:c3171]
2019-09-18 13:04:29,122 [grpc-default-executor-1] INFO  client.GrpcClientProtocolClient (GrpcClientProtocolClient.java:onNext(264)) - client-8C798EE064B2->dd0a3b65-d36c-4f93-b232-3c8e6f6667b6: receive RaftClientReply:client-8C798EE064B2->dd0a3b65-d36c-4f93-b232-3c8e6f6667b6@group-B02456D89C11, cid=2246, SUCCESS, logIndex=3169, commits[dd0a3b65-d36c-4f93-b232-3c8e6f6667b6:c3171]
2019-09-18 13:04:29,122 [grpc-default-executor-1] INFO  client.GrpcClientProtocolClient (GrpcClientProtocolClient.java:onNext(264)) - client-8C798EE064B2->dd0a3b65-d36c-4f93-b232-3c8e6f6667b6: receive RaftClientReply:client-8C798EE064B2->dd0a3b65-d36c-4f93-b232-3c8e6f6667b6@group-B02456D89C11, cid=2247, SUCCESS, logIndex=3170, commits[dd0a3b65-d36c-4f93-b232-3c8e6f6667b6:c3172]
2019-09-18 13:04:29,123 [grpc-default-executor-1] INFO  client.GrpcClientProtocolClient (GrpcClientProtocolClient.java:onNext(264)) - client-8C798EE064B2->dd0a3b65-d36c-4f93-b232-3c8e6f6667b6: receive RaftClientReply:client-8C798EE064B2->dd0a3b65-d36c-4f93-b232-3c8e6f6667b6@group-B02456D89C11, cid=2248, SUCCESS, logIndex=3171, commits[dd0a3b65-d36c-4f93-b232-3c8e6f6667b6:c3172]
2019-09-18 13:04:29,153 [grpc-default-executor-1] INFO  client.GrpcClientProtocolClient (GrpcClientProtocolClient.java:onNext(264)) - client-8C798EE064B2->dd0a3b65-d36c-4f93-b232-3c8e6f6667b6: receive RaftClientReply:client-8C798EE064B2->dd0a3b65-d36c-4f93-b232-3c8e6f6667b6@group-B02456D89C11, cid=2249, SUCCESS, logIndex=3173, commits[dd0a3b65-d36c-4f93-b232-3c8e6f6667b6:c3176]
2019-09-18 13:04:29,154 [grpc-default-executor-1] INFO  client.GrpcClientProtocolClient (GrpcClientProtocolClient.java:onNext(264)) - client-8C798EE064B2->dd0a3b65-d36c-4f93-b232-3c8e6f6667b6: receive RaftClientReply:client-8C798EE064B2->dd0a3b65-d36c-4f93-b232-3c8e6f6667b6@group-B02456D89C11, cid=2250, SUCCESS, logIndex=3174, commits[dd0a3b65-d36c-4f93-b232-3c8e6f6667b6:c3177]
2019-09-18 13:04:29,154 [grpc-default-executor-1] INFO  client.GrpcClientProtocolClient (GrpcClientProtocolClient.java:onNext(264)) - client-8C798EE064B2->dd0a3b65-d36c-4f93-b232-3c8e6f6667b6: receive RaftClientReply:client-8C798EE064B2->dd0a3b65-d36c-4f93-b232-3c8e6f6667b6@group-B02456D89C11, cid=2251, SUCCESS, logIndex=3175, commits[dd0a3b65-d36c-4f93-b232-3c8e6f6667b6:c3177]
2019-09-18 13:04:29,154 [grpc-default-executor-1] INFO  client.GrpcClientProtocolClient (GrpcClientProtocolClient.java:onNext(264)) - client-8C798EE064B2->dd0a3b65-d36c-4f93-b232-3c8e6f6667b6: receive RaftClientReply:client-8C798EE064B2->dd0a3b65-d36c-4f93-b232-3c8e6f6667b6@group-B02456D89C11, cid=2252, SUCCESS, logIndex=3176, commits[dd0a3b65-d36c-4f93-b232-3c8e6f6667b6:c3177]
2019-09-18 13:04:29,282 [SCMBlockDeletingService#1] DEBUG block.SCMBlockDeletingService (SCMBlockDeletingService.java:call(138)) - Running DeletedBlockTransactionScanner
2019-09-18 13:04:29,282 [SCMBlockDeletingService#1] DEBUG block.SCMBlockDeletingService (SCMBlockDeletingService.java:call(155)) - Scanned deleted blocks log and got 0 delTX to process.
2019-09-18 13:04:29,296 [grpc-default-executor-0] INFO  client.GrpcClientProtocolClient (GrpcClientProtocolClient.java:onNext(264)) - client-8C798EE064B2->dd0a3b65-d36c-4f93-b232-3c8e6f6667b6: receive RaftClientReply:client-8C798EE064B2->dd0a3b65-d36c-4f93-b232-3c8e6f6667b6@group-B02456D89C11, cid=2253, SUCCESS, logIndex=3178, commits[dd0a3b65-d36c-4f93-b232-3c8e6f6667b6:c3179]
2019-09-18 13:04:29,296 [grpc-default-executor-0] INFO  client.GrpcClientProtocolClient (GrpcClientProtocolClient.java:onNext(264)) - client-8C798EE064B2->dd0a3b65-d36c-4f93-b232-3c8e6f6667b6: receive RaftClientReply:client-8C798EE064B2->dd0a3b65-d36c-4f93-b232-3c8e6f6667b6@group-B02456D89C11, cid=2254, SUCCESS, logIndex=3179, commits[dd0a3b65-d36c-4f93-b232-3c8e6f6667b6:c3180]
2019-09-18 13:04:29,382 [SCMBlockDeletingService#1] DEBUG block.SCMBlockDeletingService (SCMBlockDeletingService.java:call(138)) - Running DeletedBlockTransactionScanner
2019-09-18 13:04:29,383 [SCMBlockDeletingService#1] DEBUG block.SCMBlockDeletingService (SCMBlockDeletingService.java:call(155)) - Scanned deleted blocks log and got 0 delTX to process.
2019-09-18 13:04:29,423 [grpc-default-executor-1] INFO  client.GrpcClientProtocolClient (GrpcClientProtocolClient.java:onNext(264)) - client-8C798EE064B2->dd0a3b65-d36c-4f93-b232-3c8e6f6667b6: receive RaftClientReply:client-8C798EE064B2->dd0a3b65-d36c-4f93-b232-3c8e6f6667b6@group-B02456D89C11, cid=2255, SUCCESS, logIndex=3181, commits[dd0a3b65-d36c-4f93-b232-3c8e6f6667b6:c3182]
2019-09-18 13:04:29,423 [grpc-default-executor-1] INFO  client.GrpcClientProtocolClient (GrpcClientProtocolClient.java:onNext(264)) - client-8C798EE064B2->dd0a3b65-d36c-4f93-b232-3c8e6f6667b6: receive RaftClientReply:client-8C798EE064B2->dd0a3b65-d36c-4f93-b232-3c8e6f6667b6@group-B02456D89C11, cid=2256, SUCCESS, logIndex=3182, commits[dd0a3b65-d36c-4f93-b232-3c8e6f6667b6:c3183]
2019-09-18 13:04:29,455 [grpc-default-executor-1] INFO  client.GrpcClientProtocolClient (GrpcClientProtocolClient.java:onNext(264)) - client-8C798EE064B2->dd0a3b65-d36c-4f93-b232-3c8e6f6667b6: receive RaftClientReply:client-8C798EE064B2->dd0a3b65-d36c-4f93-b232-3c8e6f6667b6@group-B02456D89C11, cid=2257, SUCCESS, logIndex=3184, commits[dd0a3b65-d36c-4f93-b232-3c8e6f6667b6:c3187]
2019-09-18 13:04:29,456 [grpc-default-executor-1] INFO  client.GrpcClientProtocolClient (GrpcClientProtocolClient.java:onNext(264)) - client-8C798EE064B2->dd0a3b65-d36c-4f93-b232-3c8e6f6667b6: receive RaftClientReply:client-8C798EE064B2->dd0a3b65-d36c-4f93-b232-3c8e6f6667b6@group-B02456D89C11, cid=2258, SUCCESS, logIndex=3185, commits[dd0a3b65-d36c-4f93-b232-3c8e6f6667b6:c3188]
2019-09-18 13:04:29,456 [grpc-default-executor-1] INFO  client.GrpcClientProtocolClient (GrpcClientProtocolClient.java:onNext(264)) - client-8C798EE064B2->dd0a3b65-d36c-4f93-b232-3c8e6f6667b6: receive RaftClientReply:client-8C798EE064B2->dd0a3b65-d36c-4f93-b232-3c8e6f6667b6@group-B02456D89C11, cid=2259, SUCCESS, logIndex=3186, commits[dd0a3b65-d36c-4f93-b232-3c8e6f6667b6:c3188]
2019-09-18 13:04:29,456 [grpc-default-executor-1] INFO  client.GrpcClientProtocolClient (GrpcClientProtocolClient.java:onNext(264)) - client-8C798EE064B2->dd0a3b65-d36c-4f93-b232-3c8e6f6667b6: receive RaftClientReply:client-8C798EE064B2->dd0a3b65-d36c-4f93-b232-3c8e6f6667b6@group-B02456D89C11, cid=2260, SUCCESS, logIndex=3187, commits[dd0a3b65-d36c-4f93-b232-3c8e6f6667b6:c3188]
2019-09-18 13:04:29,477 [grpc-default-executor-1] INFO  client.GrpcClientProtocolClient (GrpcClientProtocolClient.java:onNext(264)) - client-8C798EE064B2->dd0a3b65-d36c-4f93-b232-3c8e6f6667b6: receive RaftClientReply:client-8C798EE064B2->dd0a3b65-d36c-4f93-b232-3c8e6f6667b6@group-B02456D89C11, cid=2261, SUCCESS, logIndex=3189, commits[dd0a3b65-d36c-4f93-b232-3c8e6f6667b6:c3192]
2019-09-18 13:04:29,477 [grpc-default-executor-1] INFO  client.GrpcClientProtocolClient (GrpcClientProtocolClient.java:onNext(264)) - client-8C798EE064B2->dd0a3b65-d36c-4f93-b232-3c8e6f6667b6: receive RaftClientReply:client-8C798EE064B2->dd0a3b65-d36c-4f93-b232-3c8e6f6667b6@group-B02456D89C11, cid=2262, SUCCESS, logIndex=3190, commits[dd0a3b65-d36c-4f93-b232-3c8e6f6667b6:c3193]
2019-09-18 13:04:29,477 [grpc-default-executor-1] INFO  client.GrpcClientProtocolClient (GrpcClientProtocolClient.java:onNext(264)) - client-8C798EE064B2->dd0a3b65-d36c-4f93-b232-3c8e6f6667b6: receive RaftClientReply:client-8C798EE064B2->dd0a3b65-d36c-4f93-b232-3c8e6f6667b6@group-B02456D89C11, cid=2263, SUCCESS, logIndex=3191, commits[dd0a3b65-d36c-4f93-b232-3c8e6f6667b6:c3193]
2019-09-18 13:04:29,478 [grpc-default-executor-1] INFO  client.GrpcClientProtocolClient (GrpcClientProtocolClient.java:onNext(264)) - client-8C798EE064B2->dd0a3b65-d36c-4f93-b232-3c8e6f6667b6: receive RaftClientReply:client-8C798EE064B2->dd0a3b65-d36c-4f93-b232-3c8e6f6667b6@group-B02456D89C11, cid=2264, SUCCESS, logIndex=3192, commits[dd0a3b65-d36c-4f93-b232-3c8e6f6667b6:c3193]
2019-09-18 13:04:29,483 [SCMBlockDeletingService#1] DEBUG block.SCMBlockDeletingService (SCMBlockDeletingService.java:call(138)) - Running DeletedBlockTransactionScanner
2019-09-18 13:04:29,483 [SCMBlockDeletingService#1] DEBUG block.SCMBlockDeletingService (SCMBlockDeletingService.java:call(155)) - Scanned deleted blocks log and got 0 delTX to process.
2019-09-18 13:04:29,508 [grpc-default-executor-0] INFO  client.GrpcClientProtocolClient (GrpcClientProtocolClient.java:onNext(264)) - client-8C798EE064B2->dd0a3b65-d36c-4f93-b232-3c8e6f6667b6: receive RaftClientReply:client-8C798EE064B2->dd0a3b65-d36c-4f93-b232-3c8e6f6667b6@group-B02456D89C11, cid=2265, SUCCESS, logIndex=3194, commits[dd0a3b65-d36c-4f93-b232-3c8e6f6667b6:c3197]
2019-09-18 13:04:29,509 [grpc-default-executor-0] INFO  client.GrpcClientProtocolClient (GrpcClientProtocolClient.java:onNext(264)) - client-8C798EE064B2->dd0a3b65-d36c-4f93-b232-3c8e6f6667b6: receive RaftClientReply:client-8C798EE064B2->dd0a3b65-d36c-4f93-b232-3c8e6f6667b6@group-B02456D89C11, cid=2266, SUCCESS, logIndex=3195, commits[dd0a3b65-d36c-4f93-b232-3c8e6f6667b6:c3197]
2019-09-18 13:04:29,509 [grpc-default-executor-0] INFO  client.GrpcClientProtocolClient (GrpcClientProtocolClient.java:onNext(264)) - client-8C798EE064B2->dd0a3b65-d36c-4f93-b232-3c8e6f6667b6: receive RaftClientReply:client-8C798EE064B2->dd0a3b65-d36c-4f93-b232-3c8e6f6667b6@group-B02456D89C11, cid=2267, SUCCESS, logIndex=3196, commits[dd0a3b65-d36c-4f93-b232-3c8e6f6667b6:c3197]
2019-09-18 13:04:29,510 [grpc-default-executor-0] INFO  client.GrpcClientProtocolClient (GrpcClientProtocolClient.java:onNext(264)) - client-8C798EE064B2->dd0a3b65-d36c-4f93-b232-3c8e6f6667b6: receive RaftClientReply:client-8C798EE064B2->dd0a3b65-d36c-4f93-b232-3c8e6f6667b6@group-B02456D89C11, cid=2268, SUCCESS, logIndex=3197, commits[dd0a3b65-d36c-4f93-b232-3c8e6f6667b6:c3197]
2019-09-18 13:04:29,520 [grpc-default-executor-1] INFO  client.GrpcClientProtocolClient (GrpcClientProtocolClient.java:onNext(264)) - client-8C798EE064B2->dd0a3b65-d36c-4f93-b232-3c8e6f6667b6: receive RaftClientReply:client-8C798EE064B2->dd0a3b65-d36c-4f93-b232-3c8e6f6667b6@group-B02456D89C11, cid=2269, SUCCESS, logIndex=3199, commits[dd0a3b65-d36c-4f93-b232-3c8e6f6667b6:c3202]
2019-09-18 13:04:29,520 [grpc-default-executor-1] INFO  client.GrpcClientProtocolClient (GrpcClientProtocolClient.java:onNext(264)) - client-8C798EE064B2->dd0a3b65-d36c-4f93-b232-3c8e6f6667b6: receive RaftClientReply:client-8C798EE064B2->dd0a3b65-d36c-4f93-b232-3c8e6f6667b6@group-B02456D89C11, cid=2270, SUCCESS, logIndex=3200, commits[dd0a3b65-d36c-4f93-b232-3c8e6f6667b6:c3202]
2019-09-18 13:04:29,521 [grpc-default-executor-1] INFO  client.GrpcClientProtocolClient (GrpcClientProtocolClient.java:onNext(264)) - client-8C798EE064B2->dd0a3b65-d36c-4f93-b232-3c8e6f6667b6: receive RaftClientReply:client-8C798EE064B2->dd0a3b65-d36c-4f93-b232-3c8e6f6667b6@group-B02456D89C11, cid=2271, SUCCESS, logIndex=3201, commits[dd0a3b65-d36c-4f93-b232-3c8e6f6667b6:c3203]
2019-09-18 13:04:29,521 [grpc-default-executor-1] INFO  client.GrpcClientProtocolClient (GrpcClientProtocolClient.java:onNext(264)) - client-8C798EE064B2->dd0a3b65-d36c-4f93-b232-3c8e6f6667b6: receive RaftClientReply:client-8C798EE064B2->dd0a3b65-d36c-4f93-b232-3c8e6f6667b6@group-B02456D89C11, cid=2272, SUCCESS, logIndex=3202, commits[dd0a3b65-d36c-4f93-b232-3c8e6f6667b6:c3203]
2019-09-18 13:04:29,549 [grpc-default-executor-0] INFO  client.GrpcClientProtocolClient (GrpcClientProtocolClient.java:onNext(264)) - client-8C798EE064B2->dd0a3b65-d36c-4f93-b232-3c8e6f6667b6: receive RaftClientReply:client-8C798EE064B2->dd0a3b65-d36c-4f93-b232-3c8e6f6667b6@group-B02456D89C11, cid=2273, SUCCESS, logIndex=3204, commits[dd0a3b65-d36c-4f93-b232-3c8e6f6667b6:c3207]
2019-09-18 13:04:29,550 [grpc-default-executor-0] INFO  client.GrpcClientProtocolClient (GrpcClientProtocolClient.java:onNext(264)) - client-8C798EE064B2->dd0a3b65-d36c-4f93-b232-3c8e6f6667b6: receive RaftClientReply:client-8C798EE064B2->dd0a3b65-d36c-4f93-b232-3c8e6f6667b6@group-B02456D89C11, cid=2274, SUCCESS, logIndex=3205, commits[dd0a3b65-d36c-4f93-b232-3c8e6f6667b6:c3208]
2019-09-18 13:04:29,550 [grpc-default-executor-0] INFO  client.GrpcClientProtocolClient (GrpcClientProtocolClient.java:onNext(264)) - client-8C798EE064B2->dd0a3b65-d36c-4f93-b232-3c8e6f6667b6: receive RaftClientReply:client-8C798EE064B2->dd0a3b65-d36c-4f93-b232-3c8e6f6667b6@group-B02456D89C11, cid=2275, SUCCESS, logIndex=3206, commits[dd0a3b65-d36c-4f93-b232-3c8e6f6667b6:c3208]
2019-09-18 13:04:29,551 [grpc-default-executor-0] INFO  client.GrpcClientProtocolClient (GrpcClientProtocolClient.java:onNext(264)) - client-8C798EE064B2->dd0a3b65-d36c-4f93-b232-3c8e6f6667b6: receive RaftClientReply:client-8C798EE064B2->dd0a3b65-d36c-4f93-b232-3c8e6f6667b6@group-B02456D89C11, cid=2276, SUCCESS, logIndex=3207, commits[dd0a3b65-d36c-4f93-b232-3c8e6f6667b6:c3208]
2019-09-18 13:04:29,570 [grpc-default-executor-1] INFO  client.GrpcClientProtocolClient (GrpcClientProtocolClient.java:onNext(264)) - client-8C798EE064B2->dd0a3b65-d36c-4f93-b232-3c8e6f6667b6: receive RaftClientReply:client-8C798EE064B2->dd0a3b65-d36c-4f93-b232-3c8e6f6667b6@group-B02456D89C11, cid=2277, SUCCESS, logIndex=3209, commits[dd0a3b65-d36c-4f93-b232-3c8e6f6667b6:c3212]
2019-09-18 13:04:29,570 [grpc-default-executor-1] INFO  client.GrpcClientProtocolClient (GrpcClientProtocolClient.java:onNext(264)) - client-8C798EE064B2->dd0a3b65-d36c-4f93-b232-3c8e6f6667b6: receive RaftClientReply:client-8C798EE064B2->dd0a3b65-d36c-4f93-b232-3c8e6f6667b6@group-B02456D89C11, cid=2278, SUCCESS, logIndex=3210, commits[dd0a3b65-d36c-4f93-b232-3c8e6f6667b6:c3213]
2019-09-18 13:04:29,570 [grpc-default-executor-1] INFO  client.GrpcClientProtocolClient (GrpcClientProtocolClient.java:onNext(264)) - client-8C798EE064B2->dd0a3b65-d36c-4f93-b232-3c8e6f6667b6: receive RaftClientReply:client-8C798EE064B2->dd0a3b65-d36c-4f93-b232-3c8e6f6667b6@group-B02456D89C11, cid=2279, SUCCESS, logIndex=3211, commits[dd0a3b65-d36c-4f93-b232-3c8e6f6667b6:c3213]
2019-09-18 13:04:29,571 [grpc-default-executor-1] INFO  client.GrpcClientProtocolClient (GrpcClientProtocolClient.java:onNext(264)) - client-8C798EE064B2->dd0a3b65-d36c-4f93-b232-3c8e6f6667b6: receive RaftClientReply:client-8C798EE064B2->dd0a3b65-d36c-4f93-b232-3c8e6f6667b6@group-B02456D89C11, cid=2280, SUCCESS, logIndex=3212, commits[dd0a3b65-d36c-4f93-b232-3c8e6f6667b6:c3213]
2019-09-18 13:04:29,584 [SCMBlockDeletingService#1] DEBUG block.SCMBlockDeletingService (SCMBlockDeletingService.java:call(138)) - Running DeletedBlockTransactionScanner
2019-09-18 13:04:29,584 [SCMBlockDeletingService#1] DEBUG block.SCMBlockDeletingService (SCMBlockDeletingService.java:call(155)) - Scanned deleted blocks log and got 0 delTX to process.
2019-09-18 13:04:29,600 [grpc-default-executor-0] INFO  client.GrpcClientProtocolClient (GrpcClientProtocolClient.java:onNext(264)) - client-8C798EE064B2->dd0a3b65-d36c-4f93-b232-3c8e6f6667b6: receive RaftClientReply:client-8C798EE064B2->dd0a3b65-d36c-4f93-b232-3c8e6f6667b6@group-B02456D89C11, cid=2281, SUCCESS, logIndex=3214, commits[dd0a3b65-d36c-4f93-b232-3c8e6f6667b6:c3217]
2019-09-18 13:04:29,600 [grpc-default-executor-0] INFO  client.GrpcClientProtocolClient (GrpcClientProtocolClient.java:onNext(264)) - client-8C798EE064B2->dd0a3b65-d36c-4f93-b232-3c8e6f6667b6: receive RaftClientReply:client-8C798EE064B2->dd0a3b65-d36c-4f93-b232-3c8e6f6667b6@group-B02456D89C11, cid=2282, SUCCESS, logIndex=3215, commits[dd0a3b65-d36c-4f93-b232-3c8e6f6667b6:c3217]
2019-09-18 13:04:29,600 [grpc-default-executor-0] INFO  client.GrpcClientProtocolClient (GrpcClientProtocolClient.java:onNext(264)) - client-8C798EE064B2->dd0a3b65-d36c-4f93-b232-3c8e6f6667b6: receive RaftClientReply:client-8C798EE064B2->dd0a3b65-d36c-4f93-b232-3c8e6f6667b6@group-B02456D89C11, cid=2283, SUCCESS, logIndex=3216, commits[dd0a3b65-d36c-4f93-b232-3c8e6f6667b6:c3218]
2019-09-18 13:04:29,601 [grpc-default-executor-0] INFO  client.GrpcClientProtocolClient (GrpcClientProtocolClient.java:onNext(264)) - client-8C798EE064B2->dd0a3b65-d36c-4f93-b232-3c8e6f6667b6: receive RaftClientReply:client-8C798EE064B2->dd0a3b65-d36c-4f93-b232-3c8e6f6667b6@group-B02456D89C11, cid=2284, SUCCESS, logIndex=3217, commits[dd0a3b65-d36c-4f93-b232-3c8e6f6667b6:c3218]
2019-09-18 13:04:29,618 [grpc-default-executor-0] INFO  client.GrpcClientProtocolClient (GrpcClientProtocolClient.java:onNext(264)) - client-8C798EE064B2->dd0a3b65-d36c-4f93-b232-3c8e6f6667b6: receive RaftClientReply:client-8C798EE064B2->dd0a3b65-d36c-4f93-b232-3c8e6f6667b6@group-B02456D89C11, cid=2285, SUCCESS, logIndex=3219, commits[dd0a3b65-d36c-4f93-b232-3c8e6f6667b6:c3220]
2019-09-18 13:04:29,618 [grpc-default-executor-0] INFO  client.GrpcClientProtocolClient (GrpcClientProtocolClient.java:onNext(264)) - client-8C798EE064B2->dd0a3b65-d36c-4f93-b232-3c8e6f6667b6: receive RaftClientReply:client-8C798EE064B2->dd0a3b65-d36c-4f93-b232-3c8e6f6667b6@group-B02456D89C11, cid=2286, SUCCESS, logIndex=3220, commits[dd0a3b65-d36c-4f93-b232-3c8e6f6667b6:c3222]
2019-09-18 13:04:29,619 [grpc-default-executor-0] INFO  client.GrpcClientProtocolClient (GrpcClientProtocolClient.java:onNext(264)) - client-8C798EE064B2->dd0a3b65-d36c-4f93-b232-3c8e6f6667b6: receive RaftClientReply:client-8C798EE064B2->dd0a3b65-d36c-4f93-b232-3c8e6f6667b6@group-B02456D89C11, cid=2287, SUCCESS, logIndex=3221, commits[dd0a3b65-d36c-4f93-b232-3c8e6f6667b6:c3222]
2019-09-18 13:04:29,619 [grpc-default-executor-0] INFO  client.GrpcClientProtocolClient (GrpcClientProtocolClient.java:onNext(264)) - client-8C798EE064B2->dd0a3b65-d36c-4f93-b232-3c8e6f6667b6: receive RaftClientReply:client-8C798EE064B2->dd0a3b65-d36c-4f93-b232-3c8e6f6667b6@group-B02456D89C11, cid=2288, SUCCESS, logIndex=3222, commits[dd0a3b65-d36c-4f93-b232-3c8e6f6667b6:c3222]
2019-09-18 13:04:29,649 [grpc-default-executor-0] INFO  client.GrpcClientProtocolClient (GrpcClientProtocolClient.java:onNext(264)) - client-8C798EE064B2->dd0a3b65-d36c-4f93-b232-3c8e6f6667b6: receive RaftClientReply:client-8C798EE064B2->dd0a3b65-d36c-4f93-b232-3c8e6f6667b6@group-B02456D89C11, cid=2289, SUCCESS, logIndex=3225, commits[dd0a3b65-d36c-4f93-b232-3c8e6f6667b6:c3226]
2019-09-18 13:04:29,650 [grpc-default-executor-0] INFO  client.GrpcClientProtocolClient (GrpcClientProtocolClient.java:onNext(264)) - client-8C798EE064B2->dd0a3b65-d36c-4f93-b232-3c8e6f6667b6: receive RaftClientReply:client-8C798EE064B2->dd0a3b65-d36c-4f93-b232-3c8e6f6667b6@group-B02456D89C11, cid=2290, SUCCESS, logIndex=3226, commits[dd0a3b65-d36c-4f93-b232-3c8e6f6667b6:c3228]
2019-09-18 13:04:29,650 [grpc-default-executor-0] INFO  client.GrpcClientProtocolClient (GrpcClientProtocolClient.java:onNext(264)) - client-8C798EE064B2->dd0a3b65-d36c-4f93-b232-3c8e6f6667b6: receive RaftClientReply:client-8C798EE064B2->dd0a3b65-d36c-4f93-b232-3c8e6f6667b6@group-B02456D89C11, cid=2291, SUCCESS, logIndex=3227, commits[dd0a3b65-d36c-4f93-b232-3c8e6f6667b6:c3228]
2019-09-18 13:04:29,650 [grpc-default-executor-0] INFO  client.GrpcClientProtocolClient (GrpcClientProtocolClient.java:onNext(264)) - client-8C798EE064B2->dd0a3b65-d36c-4f93-b232-3c8e6f6667b6: receive RaftClientReply:client-8C798EE064B2->dd0a3b65-d36c-4f93-b232-3c8e6f6667b6@group-B02456D89C11, cid=2292, SUCCESS, logIndex=3228, commits[dd0a3b65-d36c-4f93-b232-3c8e6f6667b6:c3229]
2019-09-18 13:04:29,670 [grpc-default-executor-0] INFO  client.GrpcClientProtocolClient (GrpcClientProtocolClient.java:onNext(264)) - client-8C798EE064B2->dd0a3b65-d36c-4f93-b232-3c8e6f6667b6: receive RaftClientReply:client-8C798EE064B2->dd0a3b65-d36c-4f93-b232-3c8e6f6667b6@group-B02456D89C11, cid=2293, SUCCESS, logIndex=3231, commits[dd0a3b65-d36c-4f93-b232-3c8e6f6667b6:c3232]
2019-09-18 13:04:29,671 [grpc-default-executor-0] INFO  client.GrpcClientProtocolClient (GrpcClientProtocolClient.java:onNext(264)) - client-8C798EE064B2->dd0a3b65-d36c-4f93-b232-3c8e6f6667b6: receive RaftClientReply:client-8C798EE064B2->dd0a3b65-d36c-4f93-b232-3c8e6f6667b6@group-B02456D89C11, cid=2294, SUCCESS, logIndex=3232, commits[dd0a3b65-d36c-4f93-b232-3c8e6f6667b6:c3234]
2019-09-18 13:04:29,671 [grpc-default-executor-0] INFO  client.GrpcClientProtocolClient (GrpcClientProtocolClient.java:onNext(264)) - client-8C798EE064B2->dd0a3b65-d36c-4f93-b232-3c8e6f6667b6: receive RaftClientReply:client-8C798EE064B2->dd0a3b65-d36c-4f93-b232-3c8e6f6667b6@group-B02456D89C11, cid=2295, SUCCESS, logIndex=3233, commits[dd0a3b65-d36c-4f93-b232-3c8e6f6667b6:c3235]
2019-09-18 13:04:29,672 [grpc-default-executor-0] INFO  client.GrpcClientProtocolClient (GrpcClientProtocolClient.java:onNext(264)) - client-8C798EE064B2->dd0a3b65-d36c-4f93-b232-3c8e6f6667b6: receive RaftClientReply:client-8C798EE064B2->dd0a3b65-d36c-4f93-b232-3c8e6f6667b6@group-B02456D89C11, cid=2296, SUCCESS, logIndex=3234, commits[dd0a3b65-d36c-4f93-b232-3c8e6f6667b6:c3236]
2019-09-18 13:04:29,684 [SCMBlockDeletingService#1] DEBUG block.SCMBlockDeletingService (SCMBlockDeletingService.java:call(138)) - Running DeletedBlockTransactionScanner
2019-09-18 13:04:29,684 [SCMBlockDeletingService#1] DEBUG block.SCMBlockDeletingService (SCMBlockDeletingService.java:call(155)) - Scanned deleted blocks log and got 0 delTX to process.
2019-09-18 13:04:29,701 [grpc-default-executor-1] INFO  client.GrpcClientProtocolClient (GrpcClientProtocolClient.java:onNext(264)) - client-8C798EE064B2->dd0a3b65-d36c-4f93-b232-3c8e6f6667b6: receive RaftClientReply:client-8C798EE064B2->dd0a3b65-d36c-4f93-b232-3c8e6f6667b6@group-B02456D89C11, cid=2297, SUCCESS, logIndex=3237, commits[dd0a3b65-d36c-4f93-b232-3c8e6f6667b6:c3238]
2019-09-18 13:04:29,702 [grpc-default-executor-1] INFO  client.GrpcClientProtocolClient (GrpcClientProtocolClient.java:onNext(264)) - client-8C798EE064B2->dd0a3b65-d36c-4f93-b232-3c8e6f6667b6: receive RaftClientReply:client-8C798EE064B2->dd0a3b65-d36c-4f93-b232-3c8e6f6667b6@group-B02456D89C11, cid=2298, SUCCESS, logIndex=3238, commits[dd0a3b65-d36c-4f93-b232-3c8e6f6667b6:c3239]
2019-09-18 13:04:29,785 [SCMBlockDeletingService#1] DEBUG block.SCMBlockDeletingService (SCMBlockDeletingService.java:call(138)) - Running DeletedBlockTransactionScanner
2019-09-18 13:04:29,785 [SCMBlockDeletingService#1] DEBUG block.SCMBlockDeletingService (SCMBlockDeletingService.java:call(155)) - Scanned deleted blocks log and got 0 delTX to process.
2019-09-18 13:04:29,828 [grpc-default-executor-1] INFO  client.GrpcClientProtocolClient (GrpcClientProtocolClient.java:onNext(264)) - client-8C798EE064B2->dd0a3b65-d36c-4f93-b232-3c8e6f6667b6: receive RaftClientReply:client-8C798EE064B2->dd0a3b65-d36c-4f93-b232-3c8e6f6667b6@group-B02456D89C11, cid=2299, SUCCESS, logIndex=3240, commits[dd0a3b65-d36c-4f93-b232-3c8e6f6667b6:c3241]
2019-09-18 13:04:29,829 [grpc-default-executor-1] INFO  client.GrpcClientProtocolClient (GrpcClientProtocolClient.java:onNext(264)) - client-8C798EE064B2->dd0a3b65-d36c-4f93-b232-3c8e6f6667b6: receive RaftClientReply:client-8C798EE064B2->dd0a3b65-d36c-4f93-b232-3c8e6f6667b6@group-B02456D89C11, cid=2300, SUCCESS, logIndex=3241, commits[dd0a3b65-d36c-4f93-b232-3c8e6f6667b6:c3242]
2019-09-18 13:04:29,848 [grpc-default-executor-1] INFO  client.GrpcClientProtocolClient (GrpcClientProtocolClient.java:onNext(264)) - client-8C798EE064B2->dd0a3b65-d36c-4f93-b232-3c8e6f6667b6: receive RaftClientReply:client-8C798EE064B2->dd0a3b65-d36c-4f93-b232-3c8e6f6667b6@group-B02456D89C11, cid=2301, SUCCESS, logIndex=3243, commits[dd0a3b65-d36c-4f93-b232-3c8e6f6667b6:c3244]
2019-09-18 13:04:29,848 [grpc-default-executor-1] INFO  client.GrpcClientProtocolClient (GrpcClientProtocolClient.java:onNext(264)) - client-8C798EE064B2->dd0a3b65-d36c-4f93-b232-3c8e6f6667b6: receive RaftClientReply:client-8C798EE064B2->dd0a3b65-d36c-4f93-b232-3c8e6f6667b6@group-B02456D89C11, cid=2302, SUCCESS, logIndex=3244, commits[dd0a3b65-d36c-4f93-b232-3c8e6f6667b6:c3246]
2019-09-18 13:04:29,849 [grpc-default-executor-1] INFO  client.GrpcClientProtocolClient (GrpcClientProtocolClient.java:onNext(264)) - client-8C798EE064B2->dd0a3b65-d36c-4f93-b232-3c8e6f6667b6: receive RaftClientReply:client-8C798EE064B2->dd0a3b65-d36c-4f93-b232-3c8e6f6667b6@group-B02456D89C11, cid=2303, SUCCESS, logIndex=3245, commits[dd0a3b65-d36c-4f93-b232-3c8e6f6667b6:c3247]
2019-09-18 13:04:29,849 [grpc-default-executor-1] INFO  client.GrpcClientProtocolClient (GrpcClientProtocolClient.java:onNext(264)) - client-8C798EE064B2->dd0a3b65-d36c-4f93-b232-3c8e6f6667b6: receive RaftClientReply:client-8C798EE064B2->dd0a3b65-d36c-4f93-b232-3c8e6f6667b6@group-B02456D89C11, cid=2304, SUCCESS, logIndex=3246, commits[dd0a3b65-d36c-4f93-b232-3c8e6f6667b6:c3247]
2019-09-18 13:04:29,885 [SCMBlockDeletingService#1] DEBUG block.SCMBlockDeletingService (SCMBlockDeletingService.java:call(138)) - Running DeletedBlockTransactionScanner
2019-09-18 13:04:29,885 [SCMBlockDeletingService#1] DEBUG block.SCMBlockDeletingService (SCMBlockDeletingService.java:call(155)) - Scanned deleted blocks log and got 0 delTX to process.
2019-09-18 13:04:29,888 [grpc-default-executor-1] INFO  client.GrpcClientProtocolClient (GrpcClientProtocolClient.java:onNext(264)) - client-8C798EE064B2->dd0a3b65-d36c-4f93-b232-3c8e6f6667b6: receive RaftClientReply:client-8C798EE064B2->dd0a3b65-d36c-4f93-b232-3c8e6f6667b6@group-B02456D89C11, cid=2305, SUCCESS, logIndex=3249, commits[dd0a3b65-d36c-4f93-b232-3c8e6f6667b6:c3252]
2019-09-18 13:04:29,889 [grpc-default-executor-1] INFO  client.GrpcClientProtocolClient (GrpcClientProtocolClient.java:onNext(264)) - client-8C798EE064B2->dd0a3b65-d36c-4f93-b232-3c8e6f6667b6: receive RaftClientReply:client-8C798EE064B2->dd0a3b65-d36c-4f93-b232-3c8e6f6667b6@group-B02456D89C11, cid=2306, SUCCESS, logIndex=3250, commits[dd0a3b65-d36c-4f93-b232-3c8e6f6667b6:c3253]
2019-09-18 13:04:29,889 [grpc-default-executor-1] INFO  client.GrpcClientProtocolClient (GrpcClientProtocolClient.java:onNext(264)) - client-8C798EE064B2->dd0a3b65-d36c-4f93-b232-3c8e6f6667b6: receive RaftClientReply:client-8C798EE064B2->dd0a3b65-d36c-4f93-b232-3c8e6f6667b6@group-B02456D89C11, cid=2307, SUCCESS, logIndex=3251, commits[dd0a3b65-d36c-4f93-b232-3c8e6f6667b6:c3253]
2019-09-18 13:04:29,889 [grpc-default-executor-1] INFO  client.GrpcClientProtocolClient (GrpcClientProtocolClient.java:onNext(264)) - client-8C798EE064B2->dd0a3b65-d36c-4f93-b232-3c8e6f6667b6: receive RaftClientReply:client-8C798EE064B2->dd0a3b65-d36c-4f93-b232-3c8e6f6667b6@group-B02456D89C11, cid=2308, SUCCESS, logIndex=3252, commits[dd0a3b65-d36c-4f93-b232-3c8e6f6667b6:c3253]
2019-09-18 13:04:29,909 [grpc-default-executor-1] INFO  client.GrpcClientProtocolClient (GrpcClientProtocolClient.java:onNext(264)) - client-8C798EE064B2->dd0a3b65-d36c-4f93-b232-3c8e6f6667b6: receive RaftClientReply:client-8C798EE064B2->dd0a3b65-d36c-4f93-b232-3c8e6f6667b6@group-B02456D89C11, cid=2309, SUCCESS, logIndex=3254, commits[dd0a3b65-d36c-4f93-b232-3c8e6f6667b6:c3255]
2019-09-18 13:04:29,910 [grpc-default-executor-1] INFO  client.GrpcClientProtocolClient (GrpcClientProtocolClient.java:onNext(264)) - client-8C798EE064B2->dd0a3b65-d36c-4f93-b232-3c8e6f6667b6: receive RaftClientReply:client-8C798EE064B2->dd0a3b65-d36c-4f93-b232-3c8e6f6667b6@group-B02456D89C11, cid=2310, SUCCESS, logIndex=3255, commits[dd0a3b65-d36c-4f93-b232-3c8e6f6667b6:c3257]
2019-09-18 13:04:29,910 [grpc-default-executor-1] INFO  client.GrpcClientProtocolClient (GrpcClientProtocolClient.java:onNext(264)) - client-8C798EE064B2->dd0a3b65-d36c-4f93-b232-3c8e6f6667b6: receive RaftClientReply:client-8C798EE064B2->dd0a3b65-d36c-4f93-b232-3c8e6f6667b6@group-B02456D89C11, cid=2311, SUCCESS, logIndex=3256, commits[dd0a3b65-d36c-4f93-b232-3c8e6f6667b6:c3257]
2019-09-18 13:04:29,910 [grpc-default-executor-1] INFO  client.GrpcClientProtocolClient (GrpcClientProtocolClient.java:onNext(264)) - client-8C798EE064B2->dd0a3b65-d36c-4f93-b232-3c8e6f6667b6: receive RaftClientReply:client-8C798EE064B2->dd0a3b65-d36c-4f93-b232-3c8e6f6667b6@group-B02456D89C11, cid=2312, SUCCESS, logIndex=3257, commits[dd0a3b65-d36c-4f93-b232-3c8e6f6667b6:c3258]
2019-09-18 13:04:29,943 [grpc-default-executor-0] INFO  client.GrpcClientProtocolClient (GrpcClientProtocolClient.java:onNext(264)) - client-8C798EE064B2->dd0a3b65-d36c-4f93-b232-3c8e6f6667b6: receive RaftClientReply:client-8C798EE064B2->dd0a3b65-d36c-4f93-b232-3c8e6f6667b6@group-B02456D89C11, cid=2313, SUCCESS, logIndex=3260, commits[dd0a3b65-d36c-4f93-b232-3c8e6f6667b6:c3261]
2019-09-18 13:04:29,944 [grpc-default-executor-0] INFO  client.GrpcClientProtocolClient (GrpcClientProtocolClient.java:onNext(264)) - client-8C798EE064B2->dd0a3b65-d36c-4f93-b232-3c8e6f6667b6: receive RaftClientReply:client-8C798EE064B2->dd0a3b65-d36c-4f93-b232-3c8e6f6667b6@group-B02456D89C11, cid=2314, SUCCESS, logIndex=3261, commits[dd0a3b65-d36c-4f93-b232-3c8e6f6667b6:c3261]
2019-09-18 13:04:29,944 [grpc-default-executor-0] INFO  client.GrpcClientProtocolClient (GrpcClientProtocolClient.java:onNext(264)) - client-8C798EE064B2->dd0a3b65-d36c-4f93-b232-3c8e6f6667b6: receive RaftClientReply:client-8C798EE064B2->dd0a3b65-d36c-4f93-b232-3c8e6f6667b6@group-B02456D89C11, cid=2315, SUCCESS, logIndex=3262, commits[dd0a3b65-d36c-4f93-b232-3c8e6f6667b6:c3263]
2019-09-18 13:04:29,945 [grpc-default-executor-0] INFO  client.GrpcClientProtocolClient (GrpcClientProtocolClient.java:onNext(264)) - client-8C798EE064B2->dd0a3b65-d36c-4f93-b232-3c8e6f6667b6: receive RaftClientReply:client-8C798EE064B2->dd0a3b65-d36c-4f93-b232-3c8e6f6667b6@group-B02456D89C11, cid=2316, SUCCESS, logIndex=3263, commits[dd0a3b65-d36c-4f93-b232-3c8e6f6667b6:c3264]
2019-09-18 13:04:29,965 [grpc-default-executor-1] INFO  client.GrpcClientProtocolClient (GrpcClientProtocolClient.java:onNext(264)) - client-8C798EE064B2->dd0a3b65-d36c-4f93-b232-3c8e6f6667b6: receive RaftClientReply:client-8C798EE064B2->dd0a3b65-d36c-4f93-b232-3c8e6f6667b6@group-B02456D89C11, cid=2317, SUCCESS, logIndex=3266, commits[dd0a3b65-d36c-4f93-b232-3c8e6f6667b6:c3267]
2019-09-18 13:04:29,967 [grpc-default-executor-1] INFO  client.GrpcClientProtocolClient (GrpcClientProtocolClient.java:onNext(264)) - client-8C798EE064B2->dd0a3b65-d36c-4f93-b232-3c8e6f6667b6: receive RaftClientReply:client-8C798EE064B2->dd0a3b65-d36c-4f93-b232-3c8e6f6667b6@group-B02456D89C11, cid=2318, SUCCESS, logIndex=3267, commits[dd0a3b65-d36c-4f93-b232-3c8e6f6667b6:c3267]
2019-09-18 13:04:29,968 [grpc-default-executor-1] INFO  client.GrpcClientProtocolClient (GrpcClientProtocolClient.java:onNext(264)) - client-8C798EE064B2->dd0a3b65-d36c-4f93-b232-3c8e6f6667b6: receive RaftClientReply:client-8C798EE064B2->dd0a3b65-d36c-4f93-b232-3c8e6f6667b6@group-B02456D89C11, cid=2319, SUCCESS, logIndex=3268, commits[dd0a3b65-d36c-4f93-b232-3c8e6f6667b6:c3270]
2019-09-18 13:04:29,969 [grpc-default-executor-1] INFO  client.GrpcClientProtocolClient (GrpcClientProtocolClient.java:onNext(264)) - client-8C798EE064B2->dd0a3b65-d36c-4f93-b232-3c8e6f6667b6: receive RaftClientReply:client-8C798EE064B2->dd0a3b65-d36c-4f93-b232-3c8e6f6667b6@group-B02456D89C11, cid=2320, SUCCESS, logIndex=3269, commits[dd0a3b65-d36c-4f93-b232-3c8e6f6667b6:c3270]
2019-09-18 13:04:29,986 [SCMBlockDeletingService#1] DEBUG block.SCMBlockDeletingService (SCMBlockDeletingService.java:call(138)) - Running DeletedBlockTransactionScanner
2019-09-18 13:04:29,986 [SCMBlockDeletingService#1] DEBUG block.SCMBlockDeletingService (SCMBlockDeletingService.java:call(155)) - Scanned deleted blocks log and got 0 delTX to process.
2019-09-18 13:04:30,000 [grpc-default-executor-1] INFO  client.GrpcClientProtocolClient (GrpcClientProtocolClient.java:onNext(264)) - client-8C798EE064B2->dd0a3b65-d36c-4f93-b232-3c8e6f6667b6: receive RaftClientReply:client-8C798EE064B2->dd0a3b65-d36c-4f93-b232-3c8e6f6667b6@group-B02456D89C11, cid=2321, SUCCESS, logIndex=3271, commits[dd0a3b65-d36c-4f93-b232-3c8e6f6667b6:c3272]
2019-09-18 13:04:30,001 [grpc-default-executor-1] INFO  client.GrpcClientProtocolClient (GrpcClientProtocolClient.java:onNext(264)) - client-8C798EE064B2->dd0a3b65-d36c-4f93-b232-3c8e6f6667b6: receive RaftClientReply:client-8C798EE064B2->dd0a3b65-d36c-4f93-b232-3c8e6f6667b6@group-B02456D89C11, cid=2322, SUCCESS, logIndex=3272, commits[dd0a3b65-d36c-4f93-b232-3c8e6f6667b6:c3274]
2019-09-18 13:04:30,001 [grpc-default-executor-1] INFO  client.GrpcClientProtocolClient (GrpcClientProtocolClient.java:onNext(264)) - client-8C798EE064B2->dd0a3b65-d36c-4f93-b232-3c8e6f6667b6: receive RaftClientReply:client-8C798EE064B2->dd0a3b65-d36c-4f93-b232-3c8e6f6667b6@group-B02456D89C11, cid=2323, SUCCESS, logIndex=3273, commits[dd0a3b65-d36c-4f93-b232-3c8e6f6667b6:c3274]
2019-09-18 13:04:30,001 [grpc-default-executor-1] INFO  client.GrpcClientProtocolClient (GrpcClientProtocolClient.java:onNext(264)) - client-8C798EE064B2->dd0a3b65-d36c-4f93-b232-3c8e6f6667b6: receive RaftClientReply:client-8C798EE064B2->dd0a3b65-d36c-4f93-b232-3c8e6f6667b6@group-B02456D89C11, cid=2324, SUCCESS, logIndex=3274, commits[dd0a3b65-d36c-4f93-b232-3c8e6f6667b6:c3275]
2019-09-18 13:04:30,025 [grpc-default-executor-1] INFO  client.GrpcClientProtocolClient (GrpcClientProtocolClient.java:onNext(264)) - client-8C798EE064B2->dd0a3b65-d36c-4f93-b232-3c8e6f6667b6: receive RaftClientReply:client-8C798EE064B2->dd0a3b65-d36c-4f93-b232-3c8e6f6667b6@group-B02456D89C11, cid=2325, SUCCESS, logIndex=3277, commits[dd0a3b65-d36c-4f93-b232-3c8e6f6667b6:c3280]
2019-09-18 13:04:30,025 [grpc-default-executor-1] INFO  client.GrpcClientProtocolClient (GrpcClientProtocolClient.java:onNext(264)) - client-8C798EE064B2->dd0a3b65-d36c-4f93-b232-3c8e6f6667b6: receive RaftClientReply:client-8C798EE064B2->dd0a3b65-d36c-4f93-b232-3c8e6f6667b6@group-B02456D89C11, cid=2326, SUCCESS, logIndex=3278, commits[dd0a3b65-d36c-4f93-b232-3c8e6f6667b6:c3281]
2019-09-18 13:04:30,025 [grpc-default-executor-1] INFO  client.GrpcClientProtocolClient (GrpcClientProtocolClient.java:onNext(264)) - client-8C798EE064B2->dd0a3b65-d36c-4f93-b232-3c8e6f6667b6: receive RaftClientReply:client-8C798EE064B2->dd0a3b65-d36c-4f93-b232-3c8e6f6667b6@group-B02456D89C11, cid=2327, SUCCESS, logIndex=3279, commits[dd0a3b65-d36c-4f93-b232-3c8e6f6667b6:c3281]
2019-09-18 13:04:30,026 [grpc-default-executor-1] INFO  client.GrpcClientProtocolClient (GrpcClientProtocolClient.java:onNext(264)) - client-8C798EE064B2->dd0a3b65-d36c-4f93-b232-3c8e6f6667b6: receive RaftClientReply:client-8C798EE064B2->dd0a3b65-d36c-4f93-b232-3c8e6f6667b6@group-B02456D89C11, cid=2328, SUCCESS, logIndex=3280, commits[dd0a3b65-d36c-4f93-b232-3c8e6f6667b6:c3281]
2019-09-18 13:04:30,054 [grpc-default-executor-1] INFO  client.GrpcClientProtocolClient (GrpcClientProtocolClient.java:onNext(264)) - client-8C798EE064B2->dd0a3b65-d36c-4f93-b232-3c8e6f6667b6: receive RaftClientReply:client-8C798EE064B2->dd0a3b65-d36c-4f93-b232-3c8e6f6667b6@group-B02456D89C11, cid=2329, SUCCESS, logIndex=3282, commits[dd0a3b65-d36c-4f93-b232-3c8e6f6667b6:c3283]
2019-09-18 13:04:30,054 [grpc-default-executor-1] INFO  client.GrpcClientProtocolClient (GrpcClientProtocolClient.java:onNext(264)) - client-8C798EE064B2->dd0a3b65-d36c-4f93-b232-3c8e6f6667b6: receive RaftClientReply:client-8C798EE064B2->dd0a3b65-d36c-4f93-b232-3c8e6f6667b6@group-B02456D89C11, cid=2330, SUCCESS, logIndex=3283, commits[dd0a3b65-d36c-4f93-b232-3c8e6f6667b6:c3285]
2019-09-18 13:04:30,055 [grpc-default-executor-1] INFO  client.GrpcClientProtocolClient (GrpcClientProtocolClient.java:onNext(264)) - client-8C798EE064B2->dd0a3b65-d36c-4f93-b232-3c8e6f6667b6: receive RaftClientReply:client-8C798EE064B2->dd0a3b65-d36c-4f93-b232-3c8e6f6667b6@group-B02456D89C11, cid=2331, SUCCESS, logIndex=3284, commits[dd0a3b65-d36c-4f93-b232-3c8e6f6667b6:c3286]
2019-09-18 13:04:30,055 [grpc-default-executor-1] INFO  client.GrpcClientProtocolClient (GrpcClientProtocolClient.java:onNext(264)) - client-8C798EE064B2->dd0a3b65-d36c-4f93-b232-3c8e6f6667b6: receive RaftClientReply:client-8C798EE064B2->dd0a3b65-d36c-4f93-b232-3c8e6f6667b6@group-B02456D89C11, cid=2332, SUCCESS, logIndex=3285, commits[dd0a3b65-d36c-4f93-b232-3c8e6f6667b6:c3286]
2019-09-18 13:04:30,075 [grpc-default-executor-0] INFO  client.GrpcClientProtocolClient (GrpcClientProtocolClient.java:onNext(264)) - client-8C798EE064B2->dd0a3b65-d36c-4f93-b232-3c8e6f6667b6: receive RaftClientReply:client-8C798EE064B2->dd0a3b65-d36c-4f93-b232-3c8e6f6667b6@group-B02456D89C11, cid=2333, SUCCESS, logIndex=3288, commits[dd0a3b65-d36c-4f93-b232-3c8e6f6667b6:c3289]
2019-09-18 13:04:30,075 [grpc-default-executor-0] INFO  client.GrpcClientProtocolClient (GrpcClientProtocolClient.java:onNext(264)) - client-8C798EE064B2->dd0a3b65-d36c-4f93-b232-3c8e6f6667b6: receive RaftClientReply:client-8C798EE064B2->dd0a3b65-d36c-4f93-b232-3c8e6f6667b6@group-B02456D89C11, cid=2334, SUCCESS, logIndex=3289, commits[dd0a3b65-d36c-4f93-b232-3c8e6f6667b6:c3291]
2019-09-18 13:04:30,076 [grpc-default-executor-0] INFO  client.GrpcClientProtocolClient (GrpcClientProtocolClient.java:onNext(264)) - client-8C798EE064B2->dd0a3b65-d36c-4f93-b232-3c8e6f6667b6: receive RaftClientReply:client-8C798EE064B2->dd0a3b65-d36c-4f93-b232-3c8e6f6667b6@group-B02456D89C11, cid=2335, SUCCESS, logIndex=3290, commits[dd0a3b65-d36c-4f93-b232-3c8e6f6667b6:c3292]
2019-09-18 13:04:30,076 [grpc-default-executor-0] INFO  client.GrpcClientProtocolClient (GrpcClientProtocolClient.java:onNext(264)) - client-8C798EE064B2->dd0a3b65-d36c-4f93-b232-3c8e6f6667b6: receive RaftClientReply:client-8C798EE064B2->dd0a3b65-d36c-4f93-b232-3c8e6f6667b6@group-B02456D89C11, cid=2336, SUCCESS, logIndex=3291, commits[dd0a3b65-d36c-4f93-b232-3c8e6f6667b6:c3292]
2019-09-18 13:04:30,086 [SCMBlockDeletingService#0] DEBUG block.SCMBlockDeletingService (SCMBlockDeletingService.java:call(138)) - Running DeletedBlockTransactionScanner
2019-09-18 13:04:30,087 [SCMBlockDeletingService#0] DEBUG block.SCMBlockDeletingService (SCMBlockDeletingService.java:call(155)) - Scanned deleted blocks log and got 0 delTX to process.
2019-09-18 13:04:30,105 [grpc-default-executor-0] INFO  client.GrpcClientProtocolClient (GrpcClientProtocolClient.java:onNext(264)) - client-8C798EE064B2->dd0a3b65-d36c-4f93-b232-3c8e6f6667b6: receive RaftClientReply:client-8C798EE064B2->dd0a3b65-d36c-4f93-b232-3c8e6f6667b6@group-B02456D89C11, cid=2337, SUCCESS, logIndex=3294, commits[dd0a3b65-d36c-4f93-b232-3c8e6f6667b6:c3295]
2019-09-18 13:04:30,106 [grpc-default-executor-0] INFO  client.GrpcClientProtocolClient (GrpcClientProtocolClient.java:onNext(264)) - client-8C798EE064B2->dd0a3b65-d36c-4f93-b232-3c8e6f6667b6: receive RaftClientReply:client-8C798EE064B2->dd0a3b65-d36c-4f93-b232-3c8e6f6667b6@group-B02456D89C11, cid=2338, SUCCESS, logIndex=3295, commits[dd0a3b65-d36c-4f93-b232-3c8e6f6667b6:c3295]
2019-09-18 13:04:30,106 [grpc-default-executor-0] INFO  client.GrpcClientProtocolClient (GrpcClientProtocolClient.java:onNext(264)) - client-8C798EE064B2->dd0a3b65-d36c-4f93-b232-3c8e6f6667b6: receive RaftClientReply:client-8C798EE064B2->dd0a3b65-d36c-4f93-b232-3c8e6f6667b6@group-B02456D89C11, cid=2339, SUCCESS, logIndex=3296, commits[dd0a3b65-d36c-4f93-b232-3c8e6f6667b6:c3297]
2019-09-18 13:04:30,106 [grpc-default-executor-0] INFO  client.GrpcClientProtocolClient (GrpcClientProtocolClient.java:onNext(264)) - client-8C798EE064B2->dd0a3b65-d36c-4f93-b232-3c8e6f6667b6: receive RaftClientReply:client-8C798EE064B2->dd0a3b65-d36c-4f93-b232-3c8e6f6667b6@group-B02456D89C11, cid=2340, SUCCESS, logIndex=3297, commits[dd0a3b65-d36c-4f93-b232-3c8e6f6667b6:c3297]
2019-09-18 13:04:30,127 [grpc-default-executor-1] INFO  client.GrpcClientProtocolClient (GrpcClientProtocolClient.java:onNext(264)) - client-8C798EE064B2->dd0a3b65-d36c-4f93-b232-3c8e6f6667b6: receive RaftClientReply:client-8C798EE064B2->dd0a3b65-d36c-4f93-b232-3c8e6f6667b6@group-B02456D89C11, cid=2341, SUCCESS, logIndex=3300, commits[dd0a3b65-d36c-4f93-b232-3c8e6f6667b6:c3301]
2019-09-18 13:04:30,128 [grpc-default-executor-1] INFO  client.GrpcClientProtocolClient (GrpcClientProtocolClient.java:onNext(264)) - client-8C798EE064B2->dd0a3b65-d36c-4f93-b232-3c8e6f6667b6: receive RaftClientReply:client-8C798EE064B2->dd0a3b65-d36c-4f93-b232-3c8e6f6667b6@group-B02456D89C11, cid=2342, SUCCESS, logIndex=3301, commits[dd0a3b65-d36c-4f93-b232-3c8e6f6667b6:c3302]
2019-09-18 13:04:30,187 [SCMBlockDeletingService#1] DEBUG block.SCMBlockDeletingService (SCMBlockDeletingService.java:call(138)) - Running DeletedBlockTransactionScanner
2019-09-18 13:04:30,187 [SCMBlockDeletingService#1] DEBUG block.SCMBlockDeletingService (SCMBlockDeletingService.java:call(155)) - Scanned deleted blocks log and got 0 delTX to process.
2019-09-18 13:04:30,374 [SCMBlockDeletingService#1] DEBUG block.SCMBlockDeletingService (SCMBlockDeletingService.java:call(138)) - Running DeletedBlockTransactionScanner
2019-09-18 13:04:30,374 [SCMBlockDeletingService#1] DEBUG block.SCMBlockDeletingService (SCMBlockDeletingService.java:call(155)) - Scanned deleted blocks log and got 0 delTX to process.
2019-09-18 13:04:30,390 [grpc-default-executor-0] INFO  client.GrpcClientProtocolClient (GrpcClientProtocolClient.java:onNext(264)) - client-8C798EE064B2->dd0a3b65-d36c-4f93-b232-3c8e6f6667b6: receive RaftClientReply:client-8C798EE064B2->dd0a3b65-d36c-4f93-b232-3c8e6f6667b6@group-B02456D89C11, cid=2343, SUCCESS, logIndex=3303, commits[dd0a3b65-d36c-4f93-b232-3c8e6f6667b6:c3304]
2019-09-18 13:04:30,390 [grpc-default-executor-0] INFO  client.GrpcClientProtocolClient (GrpcClientProtocolClient.java:onNext(264)) - client-8C798EE064B2->dd0a3b65-d36c-4f93-b232-3c8e6f6667b6: receive RaftClientReply:client-8C798EE064B2->dd0a3b65-d36c-4f93-b232-3c8e6f6667b6@group-B02456D89C11, cid=2344, SUCCESS, logIndex=3304, commits[dd0a3b65-d36c-4f93-b232-3c8e6f6667b6:c3305]
2019-09-18 13:04:30,425 [grpc-default-executor-1] INFO  client.GrpcClientProtocolClient (GrpcClientProtocolClient.java:onNext(264)) - client-8C798EE064B2->dd0a3b65-d36c-4f93-b232-3c8e6f6667b6: receive RaftClientReply:client-8C798EE064B2->dd0a3b65-d36c-4f93-b232-3c8e6f6667b6@group-B02456D89C11, cid=2345, SUCCESS, logIndex=3306, commits[dd0a3b65-d36c-4f93-b232-3c8e6f6667b6:c3307]
2019-09-18 13:04:30,426 [grpc-default-executor-1] INFO  client.GrpcClientProtocolClient (GrpcClientProtocolClient.java:onNext(264)) - client-8C798EE064B2->dd0a3b65-d36c-4f93-b232-3c8e6f6667b6: receive RaftClientReply:client-8C798EE064B2->dd0a3b65-d36c-4f93-b232-3c8e6f6667b6@group-B02456D89C11, cid=2346, SUCCESS, logIndex=3307, commits[dd0a3b65-d36c-4f93-b232-3c8e6f6667b6:c3309]
2019-09-18 13:04:30,426 [grpc-default-executor-1] INFO  client.GrpcClientProtocolClient (GrpcClientProtocolClient.java:onNext(264)) - client-8C798EE064B2->dd0a3b65-d36c-4f93-b232-3c8e6f6667b6: receive RaftClientReply:client-8C798EE064B2->dd0a3b65-d36c-4f93-b232-3c8e6f6667b6@group-B02456D89C11, cid=2347, SUCCESS, logIndex=3308, commits[dd0a3b65-d36c-4f93-b232-3c8e6f6667b6:c3310]
2019-09-18 13:04:30,426 [grpc-default-executor-1] INFO  client.GrpcClientProtocolClient (GrpcClientProtocolClient.java:onNext(264)) - client-8C798EE064B2->dd0a3b65-d36c-4f93-b232-3c8e6f6667b6: receive RaftClientReply:client-8C798EE064B2->dd0a3b65-d36c-4f93-b232-3c8e6f6667b6@group-B02456D89C11, cid=2348, SUCCESS, logIndex=3309, commits[dd0a3b65-d36c-4f93-b232-3c8e6f6667b6:c3311]
2019-09-18 13:04:30,448 [grpc-default-executor-0] INFO  client.GrpcClientProtocolClient (GrpcClientProtocolClient.java:onNext(264)) - client-8C798EE064B2->dd0a3b65-d36c-4f93-b232-3c8e6f6667b6: receive RaftClientReply:client-8C798EE064B2->dd0a3b65-d36c-4f93-b232-3c8e6f6667b6@group-B02456D89C11, cid=2349, SUCCESS, logIndex=3312, commits[dd0a3b65-d36c-4f93-b232-3c8e6f6667b6:c3313]
2019-09-18 13:04:30,449 [grpc-default-executor-0] INFO  client.GrpcClientProtocolClient (GrpcClientProtocolClient.java:onNext(264)) - client-8C798EE064B2->dd0a3b65-d36c-4f93-b232-3c8e6f6667b6: receive RaftClientReply:client-8C798EE064B2->dd0a3b65-d36c-4f93-b232-3c8e6f6667b6@group-B02456D89C11, cid=2350, SUCCESS, logIndex=3313, commits[dd0a3b65-d36c-4f93-b232-3c8e6f6667b6:c3315]
2019-09-18 13:04:30,449 [grpc-default-executor-0] INFO  client.GrpcClientProtocolClient (GrpcClientProtocolClient.java:onNext(264)) - client-8C798EE064B2->dd0a3b65-d36c-4f93-b232-3c8e6f6667b6: receive RaftClientReply:client-8C798EE064B2->dd0a3b65-d36c-4f93-b232-3c8e6f6667b6@group-B02456D89C11, cid=2351, SUCCESS, logIndex=3314, commits[dd0a3b65-d36c-4f93-b232-3c8e6f6667b6:c3316]
2019-09-18 13:04:30,450 [grpc-default-executor-0] INFO  client.GrpcClientProtocolClient (GrpcClientProtocolClient.java:onNext(264)) - client-8C798EE064B2->dd0a3b65-d36c-4f93-b232-3c8e6f6667b6: receive RaftClientReply:client-8C798EE064B2->dd0a3b65-d36c-4f93-b232-3c8e6f6667b6@group-B02456D89C11, cid=2352, SUCCESS, logIndex=3315, commits[dd0a3b65-d36c-4f93-b232-3c8e6f6667b6:c3316]
2019-09-18 13:04:30,474 [SCMBlockDeletingService#1] DEBUG block.SCMBlockDeletingService (SCMBlockDeletingService.java:call(138)) - Running DeletedBlockTransactionScanner
2019-09-18 13:04:30,475 [SCMBlockDeletingService#1] DEBUG block.SCMBlockDeletingService (SCMBlockDeletingService.java:call(155)) - Scanned deleted blocks log and got 0 delTX to process.
2019-09-18 13:04:30,480 [grpc-default-executor-0] INFO  client.GrpcClientProtocolClient (GrpcClientProtocolClient.java:onNext(264)) - client-8C798EE064B2->dd0a3b65-d36c-4f93-b232-3c8e6f6667b6: receive RaftClientReply:client-8C798EE064B2->dd0a3b65-d36c-4f93-b232-3c8e6f6667b6@group-B02456D89C11, cid=2353, SUCCESS, logIndex=3318, commits[dd0a3b65-d36c-4f93-b232-3c8e6f6667b6:c3319]
2019-09-18 13:04:30,481 [grpc-default-executor-0] INFO  client.GrpcClientProtocolClient (GrpcClientProtocolClient.java:onNext(264)) - client-8C798EE064B2->dd0a3b65-d36c-4f93-b232-3c8e6f6667b6: receive RaftClientReply:client-8C798EE064B2->dd0a3b65-d36c-4f93-b232-3c8e6f6667b6@group-B02456D89C11, cid=2354, SUCCESS, logIndex=3319, commits[dd0a3b65-d36c-4f93-b232-3c8e6f6667b6:c3321]
2019-09-18 13:04:30,481 [grpc-default-executor-0] INFO  client.GrpcClientProtocolClient (GrpcClientProtocolClient.java:onNext(264)) - client-8C798EE064B2->dd0a3b65-d36c-4f93-b232-3c8e6f6667b6: receive RaftClientReply:client-8C798EE064B2->dd0a3b65-d36c-4f93-b232-3c8e6f6667b6@group-B02456D89C11, cid=2355, SUCCESS, logIndex=3320, commits[dd0a3b65-d36c-4f93-b232-3c8e6f6667b6:c3321]
2019-09-18 13:04:30,482 [grpc-default-executor-0] INFO  client.GrpcClientProtocolClient (GrpcClientProtocolClient.java:onNext(264)) - client-8C798EE064B2->dd0a3b65-d36c-4f93-b232-3c8e6f6667b6: receive RaftClientReply:client-8C798EE064B2->dd0a3b65-d36c-4f93-b232-3c8e6f6667b6@group-B02456D89C11, cid=2356, SUCCESS, logIndex=3321, commits[dd0a3b65-d36c-4f93-b232-3c8e6f6667b6:c3322]
2019-09-18 13:04:30,507 [grpc-default-executor-1] INFO  client.GrpcClientProtocolClient (GrpcClientProtocolClient.java:onNext(264)) - client-8C798EE064B2->dd0a3b65-d36c-4f93-b232-3c8e6f6667b6: receive RaftClientReply:client-8C798EE064B2->dd0a3b65-d36c-4f93-b232-3c8e6f6667b6@group-B02456D89C11, cid=2357, SUCCESS, logIndex=3324, commits[dd0a3b65-d36c-4f93-b232-3c8e6f6667b6:c3327]
2019-09-18 13:04:30,508 [grpc-default-executor-1] INFO  client.GrpcClientProtocolClient (GrpcClientProtocolClient.java:onNext(264)) - client-8C798EE064B2->dd0a3b65-d36c-4f93-b232-3c8e6f6667b6: receive RaftClientReply:client-8C798EE064B2->dd0a3b65-d36c-4f93-b232-3c8e6f6667b6@group-B02456D89C11, cid=2358, SUCCESS, logIndex=3325, commits[dd0a3b65-d36c-4f93-b232-3c8e6f6667b6:c3327]
2019-09-18 13:04:30,509 [grpc-default-executor-1] INFO  client.GrpcClientProtocolClient (GrpcClientProtocolClient.java:onNext(264)) - client-8C798EE064B2->dd0a3b65-d36c-4f93-b232-3c8e6f6667b6: receive RaftClientReply:client-8C798EE064B2->dd0a3b65-d36c-4f93-b232-3c8e6f6667b6@group-B02456D89C11, cid=2359, SUCCESS, logIndex=3326, commits[dd0a3b65-d36c-4f93-b232-3c8e6f6667b6:c3328]
2019-09-18 13:04:30,509 [grpc-default-executor-1] INFO  client.GrpcClientProtocolClient (GrpcClientProtocolClient.java:onNext(264)) - client-8C798EE064B2->dd0a3b65-d36c-4f93-b232-3c8e6f6667b6: receive RaftClientReply:client-8C798EE064B2->dd0a3b65-d36c-4f93-b232-3c8e6f6667b6@group-B02456D89C11, cid=2360, SUCCESS, logIndex=3327, commits[dd0a3b65-d36c-4f93-b232-3c8e6f6667b6:c3329]
2019-09-18 13:04:30,540 [grpc-default-executor-0] INFO  client.GrpcClientProtocolClient (GrpcClientProtocolClient.java:onNext(264)) - client-8C798EE064B2->dd0a3b65-d36c-4f93-b232-3c8e6f6667b6: receive RaftClientReply:client-8C798EE064B2->dd0a3b65-d36c-4f93-b232-3c8e6f6667b6@group-B02456D89C11, cid=2361, SUCCESS, logIndex=3330, commits[dd0a3b65-d36c-4f93-b232-3c8e6f6667b6:c3333]
2019-09-18 13:04:30,540 [grpc-default-executor-0] INFO  client.GrpcClientProtocolClient (GrpcClientProtocolClient.java:onNext(264)) - client-8C798EE064B2->dd0a3b65-d36c-4f93-b232-3c8e6f6667b6: receive RaftClientReply:client-8C798EE064B2->dd0a3b65-d36c-4f93-b232-3c8e6f6667b6@group-B02456D89C11, cid=2362, SUCCESS, logIndex=3331, commits[dd0a3b65-d36c-4f93-b232-3c8e6f6667b6:c3334]
2019-09-18 13:04:30,541 [grpc-default-executor-0] INFO  client.GrpcClientProtocolClient (GrpcClientProtocolClient.java:onNext(264)) - client-8C798EE064B2->dd0a3b65-d36c-4f93-b232-3c8e6f6667b6: receive RaftClientReply:client-8C798EE064B2->dd0a3b65-d36c-4f93-b232-3c8e6f6667b6@group-B02456D89C11, cid=2363, SUCCESS, logIndex=3332, commits[dd0a3b65-d36c-4f93-b232-3c8e6f6667b6:c3334]
2019-09-18 13:04:30,541 [grpc-default-executor-0] INFO  client.GrpcClientProtocolClient (GrpcClientProtocolClient.java:onNext(264)) - client-8C798EE064B2->dd0a3b65-d36c-4f93-b232-3c8e6f6667b6: receive RaftClientReply:client-8C798EE064B2->dd0a3b65-d36c-4f93-b232-3c8e6f6667b6@group-B02456D89C11, cid=2364, SUCCESS, logIndex=3333, commits[dd0a3b65-d36c-4f93-b232-3c8e6f6667b6:c3334]
2019-09-18 13:04:30,560 [grpc-default-executor-0] INFO  client.GrpcClientProtocolClient (GrpcClientProtocolClient.java:onNext(264)) - client-8C798EE064B2->dd0a3b65-d36c-4f93-b232-3c8e6f6667b6: receive RaftClientReply:client-8C798EE064B2->dd0a3b65-d36c-4f93-b232-3c8e6f6667b6@group-B02456D89C11, cid=2365, SUCCESS, logIndex=3335, commits[dd0a3b65-d36c-4f93-b232-3c8e6f6667b6:c3336]
2019-09-18 13:04:30,561 [grpc-default-executor-0] INFO  client.GrpcClientProtocolClient (GrpcClientProtocolClient.java:onNext(264)) - client-8C798EE064B2->dd0a3b65-d36c-4f93-b232-3c8e6f6667b6: receive RaftClientReply:client-8C798EE064B2->dd0a3b65-d36c-4f93-b232-3c8e6f6667b6@group-B02456D89C11, cid=2366, SUCCESS, logIndex=3336, commits[dd0a3b65-d36c-4f93-b232-3c8e6f6667b6:c3336]
2019-09-18 13:04:30,561 [grpc-default-executor-0] INFO  client.GrpcClientProtocolClient (GrpcClientProtocolClient.java:onNext(264)) - client-8C798EE064B2->dd0a3b65-d36c-4f93-b232-3c8e6f6667b6: receive RaftClientReply:client-8C798EE064B2->dd0a3b65-d36c-4f93-b232-3c8e6f6667b6@group-B02456D89C11, cid=2367, SUCCESS, logIndex=3337, commits[dd0a3b65-d36c-4f93-b232-3c8e6f6667b6:c3338]
2019-09-18 13:04:30,562 [grpc-default-executor-0] INFO  client.GrpcClientProtocolClient (GrpcClientProtocolClient.java:onNext(264)) - client-8C798EE064B2->dd0a3b65-d36c-4f93-b232-3c8e6f6667b6: receive RaftClientReply:client-8C798EE064B2->dd0a3b65-d36c-4f93-b232-3c8e6f6667b6@group-B02456D89C11, cid=2368, SUCCESS, logIndex=3338, commits[dd0a3b65-d36c-4f93-b232-3c8e6f6667b6:c3339]
2019-09-18 13:04:30,575 [SCMBlockDeletingService#1] DEBUG block.SCMBlockDeletingService (SCMBlockDeletingService.java:call(138)) - Running DeletedBlockTransactionScanner
2019-09-18 13:04:30,575 [SCMBlockDeletingService#1] DEBUG block.SCMBlockDeletingService (SCMBlockDeletingService.java:call(155)) - Scanned deleted blocks log and got 0 delTX to process.
2019-09-18 13:04:30,591 [grpc-default-executor-0] INFO  client.GrpcClientProtocolClient (GrpcClientProtocolClient.java:onNext(264)) - client-8C798EE064B2->dd0a3b65-d36c-4f93-b232-3c8e6f6667b6: receive RaftClientReply:client-8C798EE064B2->dd0a3b65-d36c-4f93-b232-3c8e6f6667b6@group-B02456D89C11, cid=2369, SUCCESS, logIndex=3341, commits[dd0a3b65-d36c-4f93-b232-3c8e6f6667b6:c3344]
2019-09-18 13:04:30,592 [grpc-default-executor-0] INFO  client.GrpcClientProtocolClient (GrpcClientProtocolClient.java:onNext(264)) - client-8C798EE064B2->dd0a3b65-d36c-4f93-b232-3c8e6f6667b6: receive RaftClientReply:client-8C798EE064B2->dd0a3b65-d36c-4f93-b232-3c8e6f6667b6@group-B02456D89C11, cid=2370, SUCCESS, logIndex=3342, commits[dd0a3b65-d36c-4f93-b232-3c8e6f6667b6:c3345]
2019-09-18 13:04:30,592 [grpc-default-executor-0] INFO  client.GrpcClientProtocolClient (GrpcClientProtocolClient.java:onNext(264)) - client-8C798EE064B2->dd0a3b65-d36c-4f93-b232-3c8e6f6667b6: receive RaftClientReply:client-8C798EE064B2->dd0a3b65-d36c-4f93-b232-3c8e6f6667b6@group-B02456D89C11, cid=2371, SUCCESS, logIndex=3343, commits[dd0a3b65-d36c-4f93-b232-3c8e6f6667b6:c3345]
2019-09-18 13:04:30,593 [grpc-default-executor-0] INFO  client.GrpcClientProtocolClient (GrpcClientProtocolClient.java:onNext(264)) - client-8C798EE064B2->dd0a3b65-d36c-4f93-b232-3c8e6f6667b6: receive RaftClientReply:client-8C798EE064B2->dd0a3b65-d36c-4f93-b232-3c8e6f6667b6@group-B02456D89C11, cid=2372, SUCCESS, logIndex=3344, commits[dd0a3b65-d36c-4f93-b232-3c8e6f6667b6:c3345]
2019-09-18 13:04:30,611 [grpc-default-executor-0] INFO  client.GrpcClientProtocolClient (GrpcClientProtocolClient.java:onNext(264)) - client-8C798EE064B2->dd0a3b65-d36c-4f93-b232-3c8e6f6667b6: receive RaftClientReply:client-8C798EE064B2->dd0a3b65-d36c-4f93-b232-3c8e6f6667b6@group-B02456D89C11, cid=2373, SUCCESS, logIndex=3346, commits[dd0a3b65-d36c-4f93-b232-3c8e6f6667b6:c3347]
2019-09-18 13:04:30,611 [grpc-default-executor-0] INFO  client.GrpcClientProtocolClient (GrpcClientProtocolClient.java:onNext(264)) - client-8C798EE064B2->dd0a3b65-d36c-4f93-b232-3c8e6f6667b6: receive RaftClientReply:client-8C798EE064B2->dd0a3b65-d36c-4f93-b232-3c8e6f6667b6@group-B02456D89C11, cid=2374, SUCCESS, logIndex=3347, commits[dd0a3b65-d36c-4f93-b232-3c8e6f6667b6:c3349]
2019-09-18 13:04:30,612 [grpc-default-executor-0] INFO  client.GrpcClientProtocolClient (GrpcClientProtocolClient.java:onNext(264)) - client-8C798EE064B2->dd0a3b65-d36c-4f93-b232-3c8e6f6667b6: receive RaftClientReply:client-8C798EE064B2->dd0a3b65-d36c-4f93-b232-3c8e6f6667b6@group-B02456D89C11, cid=2375, SUCCESS, logIndex=3348, commits[dd0a3b65-d36c-4f93-b232-3c8e6f6667b6:c3349]
2019-09-18 13:04:30,612 [grpc-default-executor-0] INFO  client.GrpcClientProtocolClient (GrpcClientProtocolClient.java:onNext(264)) - client-8C798EE064B2->dd0a3b65-d36c-4f93-b232-3c8e6f6667b6: receive RaftClientReply:client-8C798EE064B2->dd0a3b65-d36c-4f93-b232-3c8e6f6667b6@group-B02456D89C11, cid=2376, SUCCESS, logIndex=3349, commits[dd0a3b65-d36c-4f93-b232-3c8e6f6667b6:c3350]
2019-09-18 13:04:30,644 [grpc-default-executor-0] INFO  client.GrpcClientProtocolClient (GrpcClientProtocolClient.java:onNext(264)) - client-8C798EE064B2->dd0a3b65-d36c-4f93-b232-3c8e6f6667b6: receive RaftClientReply:client-8C798EE064B2->dd0a3b65-d36c-4f93-b232-3c8e6f6667b6@group-B02456D89C11, cid=2377, SUCCESS, logIndex=3352, commits[dd0a3b65-d36c-4f93-b232-3c8e6f6667b6:c3355]
2019-09-18 13:04:30,645 [grpc-default-executor-0] INFO  client.GrpcClientProtocolClient (GrpcClientProtocolClient.java:onNext(264)) - client-8C798EE064B2->dd0a3b65-d36c-4f93-b232-3c8e6f6667b6: receive RaftClientReply:client-8C798EE064B2->dd0a3b65-d36c-4f93-b232-3c8e6f6667b6@group-B02456D89C11, cid=2378, SUCCESS, logIndex=3353, commits[dd0a3b65-d36c-4f93-b232-3c8e6f6667b6:c3356]
2019-09-18 13:04:30,645 [grpc-default-executor-0] INFO  client.GrpcClientProtocolClient (GrpcClientProtocolClient.java:onNext(264)) - client-8C798EE064B2->dd0a3b65-d36c-4f93-b232-3c8e6f6667b6: receive RaftClientReply:client-8C798EE064B2->dd0a3b65-d36c-4f93-b232-3c8e6f6667b6@group-B02456D89C11, cid=2379, SUCCESS, logIndex=3354, commits[dd0a3b65-d36c-4f93-b232-3c8e6f6667b6:c3356]
2019-09-18 13:04:30,646 [grpc-default-executor-0] INFO  client.GrpcClientProtocolClient (GrpcClientProtocolClient.java:onNext(264)) - client-8C798EE064B2->dd0a3b65-d36c-4f93-b232-3c8e6f6667b6: receive RaftClientReply:client-8C798EE064B2->dd0a3b65-d36c-4f93-b232-3c8e6f6667b6@group-B02456D89C11, cid=2380, SUCCESS, logIndex=3355, commits[dd0a3b65-d36c-4f93-b232-3c8e6f6667b6:c3356]
2019-09-18 13:04:30,674 [grpc-default-executor-0] INFO  client.GrpcClientProtocolClient (GrpcClientProtocolClient.java:onNext(264)) - client-8C798EE064B2->dd0a3b65-d36c-4f93-b232-3c8e6f6667b6: receive RaftClientReply:client-8C798EE064B2->dd0a3b65-d36c-4f93-b232-3c8e6f6667b6@group-B02456D89C11, cid=2381, SUCCESS, logIndex=3357, commits[dd0a3b65-d36c-4f93-b232-3c8e6f6667b6:c3358]
2019-09-18 13:04:30,675 [grpc-default-executor-0] INFO  client.GrpcClientProtocolClient (GrpcClientProtocolClient.java:onNext(264)) - client-8C798EE064B2->dd0a3b65-d36c-4f93-b232-3c8e6f6667b6: receive RaftClientReply:client-8C798EE064B2->dd0a3b65-d36c-4f93-b232-3c8e6f6667b6@group-B02456D89C11, cid=2382, SUCCESS, logIndex=3358, commits[dd0a3b65-d36c-4f93-b232-3c8e6f6667b6:c3360]
2019-09-18 13:04:30,675 [grpc-default-executor-0] INFO  client.GrpcClientProtocolClient (GrpcClientProtocolClient.java:onNext(264)) - client-8C798EE064B2->dd0a3b65-d36c-4f93-b232-3c8e6f6667b6: receive RaftClientReply:client-8C798EE064B2->dd0a3b65-d36c-4f93-b232-3c8e6f6667b6@group-B02456D89C11, cid=2383, SUCCESS, logIndex=3359, commits[dd0a3b65-d36c-4f93-b232-3c8e6f6667b6:c3360]
2019-09-18 13:04:30,676 [grpc-default-executor-0] INFO  client.GrpcClientProtocolClient (GrpcClientProtocolClient.java:onNext(264)) - client-8C798EE064B2->dd0a3b65-d36c-4f93-b232-3c8e6f6667b6: receive RaftClientReply:client-8C798EE064B2->dd0a3b65-d36c-4f93-b232-3c8e6f6667b6@group-B02456D89C11, cid=2384, SUCCESS, logIndex=3360, commits[dd0a3b65-d36c-4f93-b232-3c8e6f6667b6:c3361]
2019-09-18 13:04:30,676 [SCMBlockDeletingService#1] DEBUG block.SCMBlockDeletingService (SCMBlockDeletingService.java:call(138)) - Running DeletedBlockTransactionScanner
2019-09-18 13:04:30,676 [SCMBlockDeletingService#1] DEBUG block.SCMBlockDeletingService (SCMBlockDeletingService.java:call(155)) - Scanned deleted blocks log and got 0 delTX to process.
2019-09-18 13:04:30,704 [grpc-default-executor-1] INFO  client.GrpcClientProtocolClient (GrpcClientProtocolClient.java:onNext(264)) - client-8C798EE064B2->dd0a3b65-d36c-4f93-b232-3c8e6f6667b6: receive RaftClientReply:client-8C798EE064B2->dd0a3b65-d36c-4f93-b232-3c8e6f6667b6@group-B02456D89C11, cid=2385, SUCCESS, logIndex=3363, commits[dd0a3b65-d36c-4f93-b232-3c8e6f6667b6:c3364]
2019-09-18 13:04:30,705 [grpc-default-executor-1] INFO  client.GrpcClientProtocolClient (GrpcClientProtocolClient.java:onNext(264)) - client-8C798EE064B2->dd0a3b65-d36c-4f93-b232-3c8e6f6667b6: receive RaftClientReply:client-8C798EE064B2->dd0a3b65-d36c-4f93-b232-3c8e6f6667b6@group-B02456D89C11, cid=2386, SUCCESS, logIndex=3364, commits[dd0a3b65-d36c-4f93-b232-3c8e6f6667b6:c3365]
2019-09-18 13:04:30,776 [SCMBlockDeletingService#1] DEBUG block.SCMBlockDeletingService (SCMBlockDeletingService.java:call(138)) - Running DeletedBlockTransactionScanner
2019-09-18 13:04:30,777 [SCMBlockDeletingService#1] DEBUG block.SCMBlockDeletingService (SCMBlockDeletingService.java:call(155)) - Scanned deleted blocks log and got 0 delTX to process.
2019-09-18 13:04:30,792 [grpc-default-executor-1] INFO  client.GrpcClientProtocolClient (GrpcClientProtocolClient.java:onNext(264)) - client-8C798EE064B2->dd0a3b65-d36c-4f93-b232-3c8e6f6667b6: receive RaftClientReply:client-8C798EE064B2->dd0a3b65-d36c-4f93-b232-3c8e6f6667b6@group-B02456D89C11, cid=2387, SUCCESS, logIndex=3366, commits[dd0a3b65-d36c-4f93-b232-3c8e6f6667b6:c3367]
2019-09-18 13:04:30,792 [grpc-default-executor-1] INFO  client.GrpcClientProtocolClient (GrpcClientProtocolClient.java:onNext(264)) - client-8C798EE064B2->dd0a3b65-d36c-4f93-b232-3c8e6f6667b6: receive RaftClientReply:client-8C798EE064B2->dd0a3b65-d36c-4f93-b232-3c8e6f6667b6@group-B02456D89C11, cid=2388, SUCCESS, logIndex=3367, commits[dd0a3b65-d36c-4f93-b232-3c8e6f6667b6:c3368]
2019-09-18 13:04:30,813 [grpc-default-executor-1] INFO  client.GrpcClientProtocolClient (GrpcClientProtocolClient.java:onNext(264)) - client-8C798EE064B2->dd0a3b65-d36c-4f93-b232-3c8e6f6667b6: receive RaftClientReply:client-8C798EE064B2->dd0a3b65-d36c-4f93-b232-3c8e6f6667b6@group-B02456D89C11, cid=2389, SUCCESS, logIndex=3369, commits[dd0a3b65-d36c-4f93-b232-3c8e6f6667b6:c3372]
2019-09-18 13:04:30,814 [grpc-default-executor-1] INFO  client.GrpcClientProtocolClient (GrpcClientProtocolClient.java:onNext(264)) - client-8C798EE064B2->dd0a3b65-d36c-4f93-b232-3c8e6f6667b6: receive RaftClientReply:client-8C798EE064B2->dd0a3b65-d36c-4f93-b232-3c8e6f6667b6@group-B02456D89C11, cid=2390, SUCCESS, logIndex=3370, commits[dd0a3b65-d36c-4f93-b232-3c8e6f6667b6:c3373]
2019-09-18 13:04:30,814 [grpc-default-executor-1] INFO  client.GrpcClientProtocolClient (GrpcClientProtocolClient.java:onNext(264)) - client-8C798EE064B2->dd0a3b65-d36c-4f93-b232-3c8e6f6667b6: receive RaftClientReply:client-8C798EE064B2->dd0a3b65-d36c-4f93-b232-3c8e6f6667b6@group-B02456D89C11, cid=2391, SUCCESS, logIndex=3371, commits[dd0a3b65-d36c-4f93-b232-3c8e6f6667b6:c3373]
2019-09-18 13:04:30,814 [grpc-default-executor-1] INFO  client.GrpcClientProtocolClient (GrpcClientProtocolClient.java:onNext(264)) - client-8C798EE064B2->dd0a3b65-d36c-4f93-b232-3c8e6f6667b6: receive RaftClientReply:client-8C798EE064B2->dd0a3b65-d36c-4f93-b232-3c8e6f6667b6@group-B02456D89C11, cid=2392, SUCCESS, logIndex=3372, commits[dd0a3b65-d36c-4f93-b232-3c8e6f6667b6:c3373]
2019-09-18 13:04:30,844 [grpc-default-executor-1] INFO  client.GrpcClientProtocolClient (GrpcClientProtocolClient.java:onNext(264)) - client-8C798EE064B2->dd0a3b65-d36c-4f93-b232-3c8e6f6667b6: receive RaftClientReply:client-8C798EE064B2->dd0a3b65-d36c-4f93-b232-3c8e6f6667b6@group-B02456D89C11, cid=2393, SUCCESS, logIndex=3374, commits[dd0a3b65-d36c-4f93-b232-3c8e6f6667b6:c3377]
2019-09-18 13:04:30,844 [grpc-default-executor-1] INFO  client.GrpcClientProtocolClient (GrpcClientProtocolClient.java:onNext(264)) - client-8C798EE064B2->dd0a3b65-d36c-4f93-b232-3c8e6f6667b6: receive RaftClientReply:client-8C798EE064B2->dd0a3b65-d36c-4f93-b232-3c8e6f6667b6@group-B02456D89C11, cid=2394, SUCCESS, logIndex=3375, commits[dd0a3b65-d36c-4f93-b232-3c8e6f6667b6:c3378]
2019-09-18 13:04:30,845 [grpc-default-executor-1] INFO  client.GrpcClientProtocolClient (GrpcClientProtocolClient.java:onNext(264)) - client-8C798EE064B2->dd0a3b65-d36c-4f93-b232-3c8e6f6667b6: receive RaftClientReply:client-8C798EE064B2->dd0a3b65-d36c-4f93-b232-3c8e6f6667b6@group-B02456D89C11, cid=2395, SUCCESS, logIndex=3376, commits[dd0a3b65-d36c-4f93-b232-3c8e6f6667b6:c3378]
2019-09-18 13:04:30,845 [grpc-default-executor-1] INFO  client.GrpcClientProtocolClient (GrpcClientProtocolClient.java:onNext(264)) - client-8C798EE064B2->dd0a3b65-d36c-4f93-b232-3c8e6f6667b6: receive RaftClientReply:client-8C798EE064B2->dd0a3b65-d36c-4f93-b232-3c8e6f6667b6@group-B02456D89C11, cid=2396, SUCCESS, logIndex=3377, commits[dd0a3b65-d36c-4f93-b232-3c8e6f6667b6:c3378]
2019-09-18 13:04:30,871 [grpc-default-executor-1] INFO  client.GrpcClientProtocolClient (GrpcClientProtocolClient.java:onNext(264)) - client-8C798EE064B2->dd0a3b65-d36c-4f93-b232-3c8e6f6667b6: receive RaftClientReply:client-8C798EE064B2->dd0a3b65-d36c-4f93-b232-3c8e6f6667b6@group-B02456D89C11, cid=2397, SUCCESS, logIndex=3379, commits[dd0a3b65-d36c-4f93-b232-3c8e6f6667b6:c3382]
2019-09-18 13:04:30,872 [grpc-default-executor-1] INFO  client.GrpcClientProtocolClient (GrpcClientProtocolClient.java:onNext(264)) - client-8C798EE064B2->dd0a3b65-d36c-4f93-b232-3c8e6f6667b6: receive RaftClientReply:client-8C798EE064B2->dd0a3b65-d36c-4f93-b232-3c8e6f6667b6@group-B02456D89C11, cid=2398, SUCCESS, logIndex=3380, commits[dd0a3b65-d36c-4f93-b232-3c8e6f6667b6:c3383]
2019-09-18 13:04:30,872 [grpc-default-executor-1] INFO  client.GrpcClientProtocolClient (GrpcClientProtocolClient.java:onNext(264)) - client-8C798EE064B2->dd0a3b65-d36c-4f93-b232-3c8e6f6667b6: receive RaftClientReply:client-8C798EE064B2->dd0a3b65-d36c-4f93-b232-3c8e6f6667b6@group-B02456D89C11, cid=2399, SUCCESS, logIndex=3381, commits[dd0a3b65-d36c-4f93-b232-3c8e6f6667b6:c3383]
2019-09-18 13:04:30,872 [grpc-default-executor-1] INFO  client.GrpcClientProtocolClient (GrpcClientProtocolClient.java:onNext(264)) - client-8C798EE064B2->dd0a3b65-d36c-4f93-b232-3c8e6f6667b6: receive RaftClientReply:client-8C798EE064B2->dd0a3b65-d36c-4f93-b232-3c8e6f6667b6@group-B02456D89C11, cid=2400, SUCCESS, logIndex=3382, commits[dd0a3b65-d36c-4f93-b232-3c8e6f6667b6:c3383]
2019-09-18 13:04:30,877 [SCMBlockDeletingService#1] DEBUG block.SCMBlockDeletingService (SCMBlockDeletingService.java:call(138)) - Running DeletedBlockTransactionScanner
2019-09-18 13:04:30,877 [SCMBlockDeletingService#1] DEBUG block.SCMBlockDeletingService (SCMBlockDeletingService.java:call(155)) - Scanned deleted blocks log and got 0 delTX to process.
2019-09-18 13:04:30,906 [grpc-default-executor-0] INFO  client.GrpcClientProtocolClient (GrpcClientProtocolClient.java:onNext(264)) - client-8C798EE064B2->dd0a3b65-d36c-4f93-b232-3c8e6f6667b6: receive RaftClientReply:client-8C798EE064B2->dd0a3b65-d36c-4f93-b232-3c8e6f6667b6@group-B02456D89C11, cid=2401, SUCCESS, logIndex=3384, commits[dd0a3b65-d36c-4f93-b232-3c8e6f6667b6:c3385]
2019-09-18 13:04:30,906 [grpc-default-executor-0] INFO  client.GrpcClientProtocolClient (GrpcClientProtocolClient.java:onNext(264)) - client-8C798EE064B2->dd0a3b65-d36c-4f93-b232-3c8e6f6667b6: receive RaftClientReply:client-8C798EE064B2->dd0a3b65-d36c-4f93-b232-3c8e6f6667b6@group-B02456D89C11, cid=2402, SUCCESS, logIndex=3385, commits[dd0a3b65-d36c-4f93-b232-3c8e6f6667b6:c3387]
2019-09-18 13:04:30,907 [grpc-default-executor-0] INFO  client.GrpcClientProtocolClient (GrpcClientProtocolClient.java:onNext(264)) - client-8C798EE064B2->dd0a3b65-d36c-4f93-b232-3c8e6f6667b6: receive RaftClientReply:client-8C798EE064B2->dd0a3b65-d36c-4f93-b232-3c8e6f6667b6@group-B02456D89C11, cid=2403, SUCCESS, logIndex=3386, commits[dd0a3b65-d36c-4f93-b232-3c8e6f6667b6:c3387]
2019-09-18 13:04:30,907 [grpc-default-executor-0] INFO  client.GrpcClientProtocolClient (GrpcClientProtocolClient.java:onNext(264)) - client-8C798EE064B2->dd0a3b65-d36c-4f93-b232-3c8e6f6667b6: receive RaftClientReply:client-8C798EE064B2->dd0a3b65-d36c-4f93-b232-3c8e6f6667b6@group-B02456D89C11, cid=2404, SUCCESS, logIndex=3387, commits[dd0a3b65-d36c-4f93-b232-3c8e6f6667b6:c3388]
2019-09-18 13:04:30,931 [grpc-default-executor-0] INFO  client.GrpcClientProtocolClient (GrpcClientProtocolClient.java:onNext(264)) - client-8C798EE064B2->dd0a3b65-d36c-4f93-b232-3c8e6f6667b6: receive RaftClientReply:client-8C798EE064B2->dd0a3b65-d36c-4f93-b232-3c8e6f6667b6@group-B02456D89C11, cid=2405, SUCCESS, logIndex=3390, commits[dd0a3b65-d36c-4f93-b232-3c8e6f6667b6:c3393]
2019-09-18 13:04:30,931 [grpc-default-executor-0] INFO  client.GrpcClientProtocolClient (GrpcClientProtocolClient.java:onNext(264)) - client-8C798EE064B2->dd0a3b65-d36c-4f93-b232-3c8e6f6667b6: receive RaftClientReply:client-8C798EE064B2->dd0a3b65-d36c-4f93-b232-3c8e6f6667b6@group-B02456D89C11, cid=2406, SUCCESS, logIndex=3391, commits[dd0a3b65-d36c-4f93-b232-3c8e6f6667b6:c3394]
2019-09-18 13:04:30,932 [grpc-default-executor-0] INFO  client.GrpcClientProtocolClient (GrpcClientProtocolClient.java:onNext(264)) - client-8C798EE064B2->dd0a3b65-d36c-4f93-b232-3c8e6f6667b6: receive RaftClientReply:client-8C798EE064B2->dd0a3b65-d36c-4f93-b232-3c8e6f6667b6@group-B02456D89C11, cid=2407, SUCCESS, logIndex=3392, commits[dd0a3b65-d36c-4f93-b232-3c8e6f6667b6:c3394]
2019-09-18 13:04:30,932 [grpc-default-executor-0] INFO  client.GrpcClientProtocolClient (GrpcClientProtocolClient.java:onNext(264)) - client-8C798EE064B2->dd0a3b65-d36c-4f93-b232-3c8e6f6667b6: receive RaftClientReply:client-8C798EE064B2->dd0a3b65-d36c-4f93-b232-3c8e6f6667b6@group-B02456D89C11, cid=2408, SUCCESS, logIndex=3393, commits[dd0a3b65-d36c-4f93-b232-3c8e6f6667b6:c3394]
2019-09-18 13:04:30,963 [grpc-default-executor-0] INFO  client.GrpcClientProtocolClient (GrpcClientProtocolClient.java:onNext(264)) - client-8C798EE064B2->dd0a3b65-d36c-4f93-b232-3c8e6f6667b6: receive RaftClientReply:client-8C798EE064B2->dd0a3b65-d36c-4f93-b232-3c8e6f6667b6@group-B02456D89C11, cid=2409, SUCCESS, logIndex=3395, commits[dd0a3b65-d36c-4f93-b232-3c8e6f6667b6:c3396]
2019-09-18 13:04:30,964 [grpc-default-executor-0] INFO  client.GrpcClientProtocolClient (GrpcClientProtocolClient.java:onNext(264)) - client-8C798EE064B2->dd0a3b65-d36c-4f93-b232-3c8e6f6667b6: receive RaftClientReply:client-8C798EE064B2->dd0a3b65-d36c-4f93-b232-3c8e6f6667b6@group-B02456D89C11, cid=2410, SUCCESS, logIndex=3396, commits[dd0a3b65-d36c-4f93-b232-3c8e6f6667b6:c3398]
2019-09-18 13:04:30,965 [grpc-default-executor-0] INFO  client.GrpcClientProtocolClient (GrpcClientProtocolClient.java:onNext(264)) - client-8C798EE064B2->dd0a3b65-d36c-4f93-b232-3c8e6f6667b6: receive RaftClientReply:client-8C798EE064B2->dd0a3b65-d36c-4f93-b232-3c8e6f6667b6@group-B02456D89C11, cid=2411, SUCCESS, logIndex=3397, commits[dd0a3b65-d36c-4f93-b232-3c8e6f6667b6:c3399]
2019-09-18 13:04:30,965 [grpc-default-executor-0] INFO  client.GrpcClientProtocolClient (GrpcClientProtocolClient.java:onNext(264)) - client-8C798EE064B2->dd0a3b65-d36c-4f93-b232-3c8e6f6667b6: receive RaftClientReply:client-8C798EE064B2->dd0a3b65-d36c-4f93-b232-3c8e6f6667b6@group-B02456D89C11, cid=2412, SUCCESS, logIndex=3398, commits[dd0a3b65-d36c-4f93-b232-3c8e6f6667b6:c3399]
2019-09-18 13:04:30,978 [SCMBlockDeletingService#1] DEBUG block.SCMBlockDeletingService (SCMBlockDeletingService.java:call(138)) - Running DeletedBlockTransactionScanner
2019-09-18 13:04:30,978 [SCMBlockDeletingService#1] DEBUG block.SCMBlockDeletingService (SCMBlockDeletingService.java:call(155)) - Scanned deleted blocks log and got 0 delTX to process.
2019-09-18 13:04:30,985 [grpc-default-executor-0] INFO  client.GrpcClientProtocolClient (GrpcClientProtocolClient.java:onNext(264)) - client-8C798EE064B2->dd0a3b65-d36c-4f93-b232-3c8e6f6667b6: receive RaftClientReply:client-8C798EE064B2->dd0a3b65-d36c-4f93-b232-3c8e6f6667b6@group-B02456D89C11, cid=2413, SUCCESS, logIndex=3401, commits[dd0a3b65-d36c-4f93-b232-3c8e6f6667b6:c3402]
2019-09-18 13:04:30,986 [grpc-default-executor-0] INFO  client.GrpcClientProtocolClient (GrpcClientProtocolClient.java:onNext(264)) - client-8C798EE064B2->dd0a3b65-d36c-4f93-b232-3c8e6f6667b6: receive RaftClientReply:client-8C798EE064B2->dd0a3b65-d36c-4f93-b232-3c8e6f6667b6@group-B02456D89C11, cid=2414, SUCCESS, logIndex=3402, commits[dd0a3b65-d36c-4f93-b232-3c8e6f6667b6:c3402]
2019-09-18 13:04:30,986 [grpc-default-executor-0] INFO  client.GrpcClientProtocolClient (GrpcClientProtocolClient.java:onNext(264)) - client-8C798EE064B2->dd0a3b65-d36c-4f93-b232-3c8e6f6667b6: receive RaftClientReply:client-8C798EE064B2->dd0a3b65-d36c-4f93-b232-3c8e6f6667b6@group-B02456D89C11, cid=2415, SUCCESS, logIndex=3403, commits[dd0a3b65-d36c-4f93-b232-3c8e6f6667b6:c3404]
2019-09-18 13:04:30,987 [grpc-default-executor-0] INFO  client.GrpcClientProtocolClient (GrpcClientProtocolClient.java:onNext(264)) - client-8C798EE064B2->dd0a3b65-d36c-4f93-b232-3c8e6f6667b6: receive RaftClientReply:client-8C798EE064B2->dd0a3b65-d36c-4f93-b232-3c8e6f6667b6@group-B02456D89C11, cid=2416, SUCCESS, logIndex=3404, commits[dd0a3b65-d36c-4f93-b232-3c8e6f6667b6:c3405]
2019-09-18 13:04:31,017 [grpc-default-executor-0] INFO  client.GrpcClientProtocolClient (GrpcClientProtocolClient.java:onNext(264)) - client-8C798EE064B2->dd0a3b65-d36c-4f93-b232-3c8e6f6667b6: receive RaftClientReply:client-8C798EE064B2->dd0a3b65-d36c-4f93-b232-3c8e6f6667b6@group-B02456D89C11, cid=2417, SUCCESS, logIndex=3407, commits[dd0a3b65-d36c-4f93-b232-3c8e6f6667b6:c3410]
2019-09-18 13:04:31,018 [grpc-default-executor-0] INFO  client.GrpcClientProtocolClient (GrpcClientProtocolClient.java:onNext(264)) - client-8C798EE064B2->dd0a3b65-d36c-4f93-b232-3c8e6f6667b6: receive RaftClientReply:client-8C798EE064B2->dd0a3b65-d36c-4f93-b232-3c8e6f6667b6@group-B02456D89C11, cid=2418, SUCCESS, logIndex=3408, commits[dd0a3b65-d36c-4f93-b232-3c8e6f6667b6:c3411]
2019-09-18 13:04:31,018 [grpc-default-executor-0] INFO  client.GrpcClientProtocolClient (GrpcClientProtocolClient.java:onNext(264)) - client-8C798EE064B2->dd0a3b65-d36c-4f93-b232-3c8e6f6667b6: receive RaftClientReply:client-8C798EE064B2->dd0a3b65-d36c-4f93-b232-3c8e6f6667b6@group-B02456D89C11, cid=2419, SUCCESS, logIndex=3409, commits[dd0a3b65-d36c-4f93-b232-3c8e6f6667b6:c3411]
2019-09-18 13:04:31,019 [grpc-default-executor-0] INFO  client.GrpcClientProtocolClient (GrpcClientProtocolClient.java:onNext(264)) - client-8C798EE064B2->dd0a3b65-d36c-4f93-b232-3c8e6f6667b6: receive RaftClientReply:client-8C798EE064B2->dd0a3b65-d36c-4f93-b232-3c8e6f6667b6@group-B02456D89C11, cid=2420, SUCCESS, logIndex=3410, commits[dd0a3b65-d36c-4f93-b232-3c8e6f6667b6:c3411]
2019-09-18 13:04:31,040 [grpc-default-executor-0] INFO  client.GrpcClientProtocolClient (GrpcClientProtocolClient.java:onNext(264)) - client-8C798EE064B2->dd0a3b65-d36c-4f93-b232-3c8e6f6667b6: receive RaftClientReply:client-8C798EE064B2->dd0a3b65-d36c-4f93-b232-3c8e6f6667b6@group-B02456D89C11, cid=2421, SUCCESS, logIndex=3412, commits[dd0a3b65-d36c-4f93-b232-3c8e6f6667b6:c3415]
2019-09-18 13:04:31,041 [grpc-default-executor-0] INFO  client.GrpcClientProtocolClient (GrpcClientProtocolClient.java:onNext(264)) - client-8C798EE064B2->dd0a3b65-d36c-4f93-b232-3c8e6f6667b6: receive RaftClientReply:client-8C798EE064B2->dd0a3b65-d36c-4f93-b232-3c8e6f6667b6@group-B02456D89C11, cid=2422, SUCCESS, logIndex=3413, commits[dd0a3b65-d36c-4f93-b232-3c8e6f6667b6:c3416]
2019-09-18 13:04:31,041 [grpc-default-executor-0] INFO  client.GrpcClientProtocolClient (GrpcClientProtocolClient.java:onNext(264)) - client-8C798EE064B2->dd0a3b65-d36c-4f93-b232-3c8e6f6667b6: receive RaftClientReply:client-8C798EE064B2->dd0a3b65-d36c-4f93-b232-3c8e6f6667b6@group-B02456D89C11, cid=2423, SUCCESS, logIndex=3414, commits[dd0a3b65-d36c-4f93-b232-3c8e6f6667b6:c3416]
2019-09-18 13:04:31,041 [grpc-default-executor-0] INFO  client.GrpcClientProtocolClient (GrpcClientProtocolClient.java:onNext(264)) - client-8C798EE064B2->dd0a3b65-d36c-4f93-b232-3c8e6f6667b6: receive RaftClientReply:client-8C798EE064B2->dd0a3b65-d36c-4f93-b232-3c8e6f6667b6@group-B02456D89C11, cid=2424, SUCCESS, logIndex=3415, commits[dd0a3b65-d36c-4f93-b232-3c8e6f6667b6:c3416]
2019-09-18 13:04:31,071 [grpc-default-executor-0] INFO  client.GrpcClientProtocolClient (GrpcClientProtocolClient.java:onNext(264)) - client-8C798EE064B2->dd0a3b65-d36c-4f93-b232-3c8e6f6667b6: receive RaftClientReply:client-8C798EE064B2->dd0a3b65-d36c-4f93-b232-3c8e6f6667b6@group-B02456D89C11, cid=2425, SUCCESS, logIndex=3417, commits[dd0a3b65-d36c-4f93-b232-3c8e6f6667b6:c3420]
2019-09-18 13:04:31,071 [grpc-default-executor-0] INFO  client.GrpcClientProtocolClient (GrpcClientProtocolClient.java:onNext(264)) - client-8C798EE064B2->dd0a3b65-d36c-4f93-b232-3c8e6f6667b6: receive RaftClientReply:client-8C798EE064B2->dd0a3b65-d36c-4f93-b232-3c8e6f6667b6@group-B02456D89C11, cid=2426, SUCCESS, logIndex=3418, commits[dd0a3b65-d36c-4f93-b232-3c8e6f6667b6:c3421]
2019-09-18 13:04:31,072 [grpc-default-executor-0] INFO  client.GrpcClientProtocolClient (GrpcClientProtocolClient.java:onNext(264)) - client-8C798EE064B2->dd0a3b65-d36c-4f93-b232-3c8e6f6667b6: receive RaftClientReply:client-8C798EE064B2->dd0a3b65-d36c-4f93-b232-3c8e6f6667b6@group-B02456D89C11, cid=2427, SUCCESS, logIndex=3419, commits[dd0a3b65-d36c-4f93-b232-3c8e6f6667b6:c3421]
2019-09-18 13:04:31,072 [grpc-default-executor-0] INFO  client.GrpcClientProtocolClient (GrpcClientProtocolClient.java:onNext(264)) - client-8C798EE064B2->dd0a3b65-d36c-4f93-b232-3c8e6f6667b6: receive RaftClientReply:client-8C798EE064B2->dd0a3b65-d36c-4f93-b232-3c8e6f6667b6@group-B02456D89C11, cid=2428, SUCCESS, logIndex=3420, commits[dd0a3b65-d36c-4f93-b232-3c8e6f6667b6:c3421]
2019-09-18 13:04:31,078 [SCMBlockDeletingService#0] DEBUG block.SCMBlockDeletingService (SCMBlockDeletingService.java:call(138)) - Running DeletedBlockTransactionScanner
2019-09-18 13:04:31,079 [SCMBlockDeletingService#0] DEBUG block.SCMBlockDeletingService (SCMBlockDeletingService.java:call(155)) - Scanned deleted blocks log and got 0 delTX to process.
2019-09-18 13:04:31,092 [grpc-default-executor-0] INFO  client.GrpcClientProtocolClient (GrpcClientProtocolClient.java:onNext(264)) - client-8C798EE064B2->dd0a3b65-d36c-4f93-b232-3c8e6f6667b6: receive RaftClientReply:client-8C798EE064B2->dd0a3b65-d36c-4f93-b232-3c8e6f6667b6@group-B02456D89C11, cid=2429, SUCCESS, logIndex=3422, commits[dd0a3b65-d36c-4f93-b232-3c8e6f6667b6:c3423]
2019-09-18 13:04:31,092 [grpc-default-executor-0] INFO  client.GrpcClientProtocolClient (GrpcClientProtocolClient.java:onNext(264)) - client-8C798EE064B2->dd0a3b65-d36c-4f93-b232-3c8e6f6667b6: receive RaftClientReply:client-8C798EE064B2->dd0a3b65-d36c-4f93-b232-3c8e6f6667b6@group-B02456D89C11, cid=2430, SUCCESS, logIndex=3423, commits[dd0a3b65-d36c-4f93-b232-3c8e6f6667b6:c3424]
2019-09-18 13:04:31,179 [SCMBlockDeletingService#0] DEBUG block.SCMBlockDeletingService (SCMBlockDeletingService.java:call(138)) - Running DeletedBlockTransactionScanner
2019-09-18 13:04:31,179 [SCMBlockDeletingService#0] DEBUG block.SCMBlockDeletingService (SCMBlockDeletingService.java:call(155)) - Scanned deleted blocks log and got 0 delTX to process.
2019-09-18 13:04:31,183 [grpc-default-executor-0] INFO  client.GrpcClientProtocolClient (GrpcClientProtocolClient.java:onNext(264)) - client-8C798EE064B2->dd0a3b65-d36c-4f93-b232-3c8e6f6667b6: receive RaftClientReply:client-8C798EE064B2->dd0a3b65-d36c-4f93-b232-3c8e6f6667b6@group-B02456D89C11, cid=2431, SUCCESS, logIndex=3425, commits[dd0a3b65-d36c-4f93-b232-3c8e6f6667b6:c3426]
2019-09-18 13:04:31,184 [grpc-default-executor-0] INFO  client.GrpcClientProtocolClient (GrpcClientProtocolClient.java:onNext(264)) - client-8C798EE064B2->dd0a3b65-d36c-4f93-b232-3c8e6f6667b6: receive RaftClientReply:client-8C798EE064B2->dd0a3b65-d36c-4f93-b232-3c8e6f6667b6@group-B02456D89C11, cid=2432, SUCCESS, logIndex=3426, commits[dd0a3b65-d36c-4f93-b232-3c8e6f6667b6:c3427]
2019-09-18 13:04:31,215 [grpc-default-executor-1] INFO  client.GrpcClientProtocolClient (GrpcClientProtocolClient.java:onNext(264)) - client-8C798EE064B2->dd0a3b65-d36c-4f93-b232-3c8e6f6667b6: receive RaftClientReply:client-8C798EE064B2->dd0a3b65-d36c-4f93-b232-3c8e6f6667b6@group-B02456D89C11, cid=2433, SUCCESS, logIndex=3428, commits[dd0a3b65-d36c-4f93-b232-3c8e6f6667b6:c3431]
2019-09-18 13:04:31,215 [grpc-default-executor-1] INFO  client.GrpcClientProtocolClient (GrpcClientProtocolClient.java:onNext(264)) - client-8C798EE064B2->dd0a3b65-d36c-4f93-b232-3c8e6f6667b6: receive RaftClientReply:client-8C798EE064B2->dd0a3b65-d36c-4f93-b232-3c8e6f6667b6@group-B02456D89C11, cid=2434, SUCCESS, logIndex=3429, commits[dd0a3b65-d36c-4f93-b232-3c8e6f6667b6:c3431]
2019-09-18 13:04:31,216 [grpc-default-executor-1] INFO  client.GrpcClientProtocolClient (GrpcClientProtocolClient.java:onNext(264)) - client-8C798EE064B2->dd0a3b65-d36c-4f93-b232-3c8e6f6667b6: receive RaftClientReply:client-8C798EE064B2->dd0a3b65-d36c-4f93-b232-3c8e6f6667b6@group-B02456D89C11, cid=2435, SUCCESS, logIndex=3430, commits[dd0a3b65-d36c-4f93-b232-3c8e6f6667b6:c3432]
2019-09-18 13:04:31,216 [grpc-default-executor-1] INFO  client.GrpcClientProtocolClient (GrpcClientProtocolClient.java:onNext(264)) - client-8C798EE064B2->dd0a3b65-d36c-4f93-b232-3c8e6f6667b6: receive RaftClientReply:client-8C798EE064B2->dd0a3b65-d36c-4f93-b232-3c8e6f6667b6@group-B02456D89C11, cid=2436, SUCCESS, logIndex=3431, commits[dd0a3b65-d36c-4f93-b232-3c8e6f6667b6:c3432]
2019-09-18 13:04:31,242 [grpc-default-executor-1] INFO  client.GrpcClientProtocolClient (GrpcClientProtocolClient.java:onNext(264)) - client-8C798EE064B2->dd0a3b65-d36c-4f93-b232-3c8e6f6667b6: receive RaftClientReply:client-8C798EE064B2->dd0a3b65-d36c-4f93-b232-3c8e6f6667b6@group-B02456D89C11, cid=2437, SUCCESS, logIndex=3433, commits[dd0a3b65-d36c-4f93-b232-3c8e6f6667b6:c3436]
2019-09-18 13:04:31,243 [grpc-default-executor-1] INFO  client.GrpcClientProtocolClient (GrpcClientProtocolClient.java:onNext(264)) - client-8C798EE064B2->dd0a3b65-d36c-4f93-b232-3c8e6f6667b6: receive RaftClientReply:client-8C798EE064B2->dd0a3b65-d36c-4f93-b232-3c8e6f6667b6@group-B02456D89C11, cid=2438, SUCCESS, logIndex=3434, commits[dd0a3b65-d36c-4f93-b232-3c8e6f6667b6:c3436]
2019-09-18 13:04:31,243 [grpc-default-executor-1] INFO  client.GrpcClientProtocolClient (GrpcClientProtocolClient.java:onNext(264)) - client-8C798EE064B2->dd0a3b65-d36c-4f93-b232-3c8e6f6667b6: receive RaftClientReply:client-8C798EE064B2->dd0a3b65-d36c-4f93-b232-3c8e6f6667b6@group-B02456D89C11, cid=2439, SUCCESS, logIndex=3435, commits[dd0a3b65-d36c-4f93-b232-3c8e6f6667b6:c3437]
2019-09-18 13:04:31,244 [grpc-default-executor-1] INFO  client.GrpcClientProtocolClient (GrpcClientProtocolClient.java:onNext(264)) - client-8C798EE064B2->dd0a3b65-d36c-4f93-b232-3c8e6f6667b6: receive RaftClientReply:client-8C798EE064B2->dd0a3b65-d36c-4f93-b232-3c8e6f6667b6@group-B02456D89C11, cid=2440, SUCCESS, logIndex=3436, commits[dd0a3b65-d36c-4f93-b232-3c8e6f6667b6:c3437]
2019-09-18 13:04:31,279 [grpc-default-executor-0] INFO  client.GrpcClientProtocolClient (GrpcClientProtocolClient.java:onNext(264)) - client-8C798EE064B2->dd0a3b65-d36c-4f93-b232-3c8e6f6667b6: receive RaftClientReply:client-8C798EE064B2->dd0a3b65-d36c-4f93-b232-3c8e6f6667b6@group-B02456D89C11, cid=2441, SUCCESS, logIndex=3438, commits[dd0a3b65-d36c-4f93-b232-3c8e6f6667b6:c3439]
2019-09-18 13:04:31,280 [SCMBlockDeletingService#0] DEBUG block.SCMBlockDeletingService (SCMBlockDeletingService.java:call(138)) - Running DeletedBlockTransactionScanner
2019-09-18 13:04:31,280 [SCMBlockDeletingService#0] DEBUG block.SCMBlockDeletingService (SCMBlockDeletingService.java:call(155)) - Scanned deleted blocks log and got 0 delTX to process.
2019-09-18 13:04:31,280 [grpc-default-executor-0] INFO  client.GrpcClientProtocolClient (GrpcClientProtocolClient.java:onNext(264)) - client-8C798EE064B2->dd0a3b65-d36c-4f93-b232-3c8e6f6667b6: receive RaftClientReply:client-8C798EE064B2->dd0a3b65-d36c-4f93-b232-3c8e6f6667b6@group-B02456D89C11, cid=2442, SUCCESS, logIndex=3439, commits[dd0a3b65-d36c-4f93-b232-3c8e6f6667b6:c3439]
2019-09-18 13:04:31,293 [grpc-default-executor-0] INFO  client.GrpcClientProtocolClient (GrpcClientProtocolClient.java:onNext(264)) - client-8C798EE064B2->dd0a3b65-d36c-4f93-b232-3c8e6f6667b6: receive RaftClientReply:client-8C798EE064B2->dd0a3b65-d36c-4f93-b232-3c8e6f6667b6@group-B02456D89C11, cid=2443, SUCCESS, logIndex=3440, commits[dd0a3b65-d36c-4f93-b232-3c8e6f6667b6:c3442]
2019-09-18 13:04:31,293 [grpc-default-executor-0] INFO  client.GrpcClientProtocolClient (GrpcClientProtocolClient.java:onNext(264)) - client-8C798EE064B2->dd0a3b65-d36c-4f93-b232-3c8e6f6667b6: receive RaftClientReply:client-8C798EE064B2->dd0a3b65-d36c-4f93-b232-3c8e6f6667b6@group-B02456D89C11, cid=2444, SUCCESS, logIndex=3441, commits[dd0a3b65-d36c-4f93-b232-3c8e6f6667b6:c3442]
2019-09-18 13:04:31,316 [grpc-default-executor-1] INFO  client.GrpcClientProtocolClient (GrpcClientProtocolClient.java:onNext(264)) - client-8C798EE064B2->dd0a3b65-d36c-4f93-b232-3c8e6f6667b6: receive RaftClientReply:client-8C798EE064B2->dd0a3b65-d36c-4f93-b232-3c8e6f6667b6@group-B02456D89C11, cid=2445, SUCCESS, logIndex=3443, commits[dd0a3b65-d36c-4f93-b232-3c8e6f6667b6:c3446]
2019-09-18 13:04:31,317 [grpc-default-executor-1] INFO  client.GrpcClientProtocolClient (GrpcClientProtocolClient.java:onNext(264)) - client-8C798EE064B2->dd0a3b65-d36c-4f93-b232-3c8e6f6667b6: receive RaftClientReply:client-8C798EE064B2->dd0a3b65-d36c-4f93-b232-3c8e6f6667b6@group-B02456D89C11, cid=2446, SUCCESS, logIndex=3444, commits[dd0a3b65-d36c-4f93-b232-3c8e6f6667b6:c3447]
2019-09-18 13:04:31,317 [grpc-default-executor-1] INFO  client.GrpcClientProtocolClient (GrpcClientProtocolClient.java:onNext(264)) - client-8C798EE064B2->dd0a3b65-d36c-4f93-b232-3c8e6f6667b6: receive RaftClientReply:client-8C798EE064B2->dd0a3b65-d36c-4f93-b232-3c8e6f6667b6@group-B02456D89C11, cid=2447, SUCCESS, logIndex=3445, commits[dd0a3b65-d36c-4f93-b232-3c8e6f6667b6:c3447]
2019-09-18 13:04:31,318 [grpc-default-executor-1] INFO  client.GrpcClientProtocolClient (GrpcClientProtocolClient.java:onNext(264)) - client-8C798EE064B2->dd0a3b65-d36c-4f93-b232-3c8e6f6667b6: receive RaftClientReply:client-8C798EE064B2->dd0a3b65-d36c-4f93-b232-3c8e6f6667b6@group-B02456D89C11, cid=2448, SUCCESS, logIndex=3446, commits[dd0a3b65-d36c-4f93-b232-3c8e6f6667b6:c3447]
2019-09-18 13:04:31,431 [SCMBlockDeletingService#0] DEBUG block.SCMBlockDeletingService (SCMBlockDeletingService.java:call(138)) - Running DeletedBlockTransactionScanner
2019-09-18 13:04:31,431 [SCMBlockDeletingService#0] DEBUG block.SCMBlockDeletingService (SCMBlockDeletingService.java:call(155)) - Scanned deleted blocks log and got 0 delTX to process.
2019-09-18 13:04:31,458 [grpc-default-executor-0] INFO  client.GrpcClientProtocolClient (GrpcClientProtocolClient.java:onNext(264)) - client-8C798EE064B2->dd0a3b65-d36c-4f93-b232-3c8e6f6667b6: receive RaftClientReply:client-8C798EE064B2->dd0a3b65-d36c-4f93-b232-3c8e6f6667b6@group-B02456D89C11, cid=2449, SUCCESS, logIndex=3448, commits[dd0a3b65-d36c-4f93-b232-3c8e6f6667b6:c3451]
2019-09-18 13:04:31,459 [grpc-default-executor-0] INFO  client.GrpcClientProtocolClient (GrpcClientProtocolClient.java:onNext(264)) - client-8C798EE064B2->dd0a3b65-d36c-4f93-b232-3c8e6f6667b6: receive RaftClientReply:client-8C798EE064B2->dd0a3b65-d36c-4f93-b232-3c8e6f6667b6@group-B02456D89C11, cid=2450, SUCCESS, logIndex=3449, commits[dd0a3b65-d36c-4f93-b232-3c8e6f6667b6:c3452]
2019-09-18 13:04:31,459 [grpc-default-executor-0] INFO  client.GrpcClientProtocolClient (GrpcClientProtocolClient.java:onNext(264)) - client-8C798EE064B2->dd0a3b65-d36c-4f93-b232-3c8e6f6667b6: receive RaftClientReply:client-8C798EE064B2->dd0a3b65-d36c-4f93-b232-3c8e6f6667b6@group-B02456D89C11, cid=2451, SUCCESS, logIndex=3450, commits[dd0a3b65-d36c-4f93-b232-3c8e6f6667b6:c3452]
2019-09-18 13:04:31,459 [grpc-default-executor-0] INFO  client.GrpcClientProtocolClient (GrpcClientProtocolClient.java:onNext(264)) - client-8C798EE064B2->dd0a3b65-d36c-4f93-b232-3c8e6f6667b6: receive RaftClientReply:client-8C798EE064B2->dd0a3b65-d36c-4f93-b232-3c8e6f6667b6@group-B02456D89C11, cid=2452, SUCCESS, logIndex=3451, commits[dd0a3b65-d36c-4f93-b232-3c8e6f6667b6:c3452]
2019-09-18 13:04:31,480 [grpc-default-executor-0] INFO  client.GrpcClientProtocolClient (GrpcClientProtocolClient.java:onNext(264)) - client-8C798EE064B2->dd0a3b65-d36c-4f93-b232-3c8e6f6667b6: receive RaftClientReply:client-8C798EE064B2->dd0a3b65-d36c-4f93-b232-3c8e6f6667b6@group-B02456D89C11, cid=2453, SUCCESS, logIndex=3453, commits[dd0a3b65-d36c-4f93-b232-3c8e6f6667b6:c3454]
2019-09-18 13:04:31,480 [grpc-default-executor-0] INFO  client.GrpcClientProtocolClient (GrpcClientProtocolClient.java:onNext(264)) - client-8C798EE064B2->dd0a3b65-d36c-4f93-b232-3c8e6f6667b6: receive RaftClientReply:client-8C798EE064B2->dd0a3b65-d36c-4f93-b232-3c8e6f6667b6@group-B02456D89C11, cid=2454, SUCCESS, logIndex=3454, commits[dd0a3b65-d36c-4f93-b232-3c8e6f6667b6:c3456]
2019-09-18 13:04:31,480 [grpc-default-executor-0] INFO  client.GrpcClientProtocolClient (GrpcClientProtocolClient.java:onNext(264)) - client-8C798EE064B2->dd0a3b65-d36c-4f93-b232-3c8e6f6667b6: receive RaftClientReply:client-8C798EE064B2->dd0a3b65-d36c-4f93-b232-3c8e6f6667b6@group-B02456D89C11, cid=2455, SUCCESS, logIndex=3455, commits[dd0a3b65-d36c-4f93-b232-3c8e6f6667b6:c3456]
2019-09-18 13:04:31,481 [grpc-default-executor-0] INFO  client.GrpcClientProtocolClient (GrpcClientProtocolClient.java:onNext(264)) - client-8C798EE064B2->dd0a3b65-d36c-4f93-b232-3c8e6f6667b6: receive RaftClientReply:client-8C798EE064B2->dd0a3b65-d36c-4f93-b232-3c8e6f6667b6@group-B02456D89C11, cid=2456, SUCCESS, logIndex=3456, commits[dd0a3b65-d36c-4f93-b232-3c8e6f6667b6:c3456]
2019-09-18 13:04:31,510 [grpc-default-executor-0] INFO  client.GrpcClientProtocolClient (GrpcClientProtocolClient.java:onNext(264)) - client-8C798EE064B2->dd0a3b65-d36c-4f93-b232-3c8e6f6667b6: receive RaftClientReply:client-8C798EE064B2->dd0a3b65-d36c-4f93-b232-3c8e6f6667b6@group-B02456D89C11, cid=2457, SUCCESS, logIndex=3459, commits[dd0a3b65-d36c-4f93-b232-3c8e6f6667b6:c3460]
2019-09-18 13:04:31,511 [grpc-default-executor-0] INFO  client.GrpcClientProtocolClient (GrpcClientProtocolClient.java:onNext(264)) - client-8C798EE064B2->dd0a3b65-d36c-4f93-b232-3c8e6f6667b6: receive RaftClientReply:client-8C798EE064B2->dd0a3b65-d36c-4f93-b232-3c8e6f6667b6@group-B02456D89C11, cid=2458, SUCCESS, logIndex=3460, commits[dd0a3b65-d36c-4f93-b232-3c8e6f6667b6:c3462]
2019-09-18 13:04:31,511 [grpc-default-executor-0] INFO  client.GrpcClientProtocolClient (GrpcClientProtocolClient.java:onNext(264)) - client-8C798EE064B2->dd0a3b65-d36c-4f93-b232-3c8e6f6667b6: receive RaftClientReply:client-8C798EE064B2->dd0a3b65-d36c-4f93-b232-3c8e6f6667b6@group-B02456D89C11, cid=2459, SUCCESS, logIndex=3461, commits[dd0a3b65-d36c-4f93-b232-3c8e6f6667b6:c3462]
2019-09-18 13:04:31,511 [grpc-default-executor-0] INFO  client.GrpcClientProtocolClient (GrpcClientProtocolClient.java:onNext(264)) - client-8C798EE064B2->dd0a3b65-d36c-4f93-b232-3c8e6f6667b6: receive RaftClientReply:client-8C798EE064B2->dd0a3b65-d36c-4f93-b232-3c8e6f6667b6@group-B02456D89C11, cid=2460, SUCCESS, logIndex=3462, commits[dd0a3b65-d36c-4f93-b232-3c8e6f6667b6:c3463]
2019-09-18 13:04:31,532 [SCMBlockDeletingService#0] DEBUG block.SCMBlockDeletingService (SCMBlockDeletingService.java:call(138)) - Running DeletedBlockTransactionScanner
2019-09-18 13:04:31,532 [SCMBlockDeletingService#0] DEBUG block.SCMBlockDeletingService (SCMBlockDeletingService.java:call(155)) - Scanned deleted blocks log and got 0 delTX to process.
2019-09-18 13:04:31,540 [grpc-default-executor-0] INFO  client.GrpcClientProtocolClient (GrpcClientProtocolClient.java:onNext(264)) - client-8C798EE064B2->dd0a3b65-d36c-4f93-b232-3c8e6f6667b6: receive RaftClientReply:client-8C798EE064B2->dd0a3b65-d36c-4f93-b232-3c8e6f6667b6@group-B02456D89C11, cid=2461, SUCCESS, logIndex=3465, commits[dd0a3b65-d36c-4f93-b232-3c8e6f6667b6:c3468]
2019-09-18 13:04:31,541 [grpc-default-executor-0] INFO  client.GrpcClientProtocolClient (GrpcClientProtocolClient.java:onNext(264)) - client-8C798EE064B2->dd0a3b65-d36c-4f93-b232-3c8e6f6667b6: receive RaftClientReply:client-8C798EE064B2->dd0a3b65-d36c-4f93-b232-3c8e6f6667b6@group-B02456D89C11, cid=2462, SUCCESS, logIndex=3466, commits[dd0a3b65-d36c-4f93-b232-3c8e6f6667b6:c3469]
2019-09-18 13:04:31,541 [grpc-default-executor-0] INFO  client.GrpcClientProtocolClient (GrpcClientProtocolClient.java:onNext(264)) - client-8C798EE064B2->dd0a3b65-d36c-4f93-b232-3c8e6f6667b6: receive RaftClientReply:client-8C798EE064B2->dd0a3b65-d36c-4f93-b232-3c8e6f6667b6@group-B02456D89C11, cid=2463, SUCCESS, logIndex=3467, commits[dd0a3b65-d36c-4f93-b232-3c8e6f6667b6:c3469]
2019-09-18 13:04:31,541 [grpc-default-executor-0] INFO  client.GrpcClientProtocolClient (GrpcClientProtocolClient.java:onNext(264)) - client-8C798EE064B2->dd0a3b65-d36c-4f93-b232-3c8e6f6667b6: receive RaftClientReply:client-8C798EE064B2->dd0a3b65-d36c-4f93-b232-3c8e6f6667b6@group-B02456D89C11, cid=2464, SUCCESS, logIndex=3468, commits[dd0a3b65-d36c-4f93-b232-3c8e6f6667b6:c3469]
2019-09-18 13:04:31,571 [grpc-default-executor-1] INFO  client.GrpcClientProtocolClient (GrpcClientProtocolClient.java:onNext(264)) - client-8C798EE064B2->dd0a3b65-d36c-4f93-b232-3c8e6f6667b6: receive RaftClientReply:client-8C798EE064B2->dd0a3b65-d36c-4f93-b232-3c8e6f6667b6@group-B02456D89C11, cid=2465, SUCCESS, logIndex=3470, commits[dd0a3b65-d36c-4f93-b232-3c8e6f6667b6:c3471]
2019-09-18 13:04:31,572 [grpc-default-executor-1] INFO  client.GrpcClientProtocolClient (GrpcClientProtocolClient.java:onNext(264)) - client-8C798EE064B2->dd0a3b65-d36c-4f93-b232-3c8e6f6667b6: receive RaftClientReply:client-8C798EE064B2->dd0a3b65-d36c-4f93-b232-3c8e6f6667b6@group-B02456D89C11, cid=2466, SUCCESS, logIndex=3471, commits[dd0a3b65-d36c-4f93-b232-3c8e6f6667b6:c3473]
2019-09-18 13:04:31,572 [grpc-default-executor-1] INFO  client.GrpcClientProtocolClient (GrpcClientProtocolClient.java:onNext(264)) - client-8C798EE064B2->dd0a3b65-d36c-4f93-b232-3c8e6f6667b6: receive RaftClientReply:client-8C798EE064B2->dd0a3b65-d36c-4f93-b232-3c8e6f6667b6@group-B02456D89C11, cid=2467, SUCCESS, logIndex=3472, commits[dd0a3b65-d36c-4f93-b232-3c8e6f6667b6:c3474]
2019-09-18 13:04:31,573 [grpc-default-executor-1] INFO  client.GrpcClientProtocolClient (GrpcClientProtocolClient.java:onNext(264)) - client-8C798EE064B2->dd0a3b65-d36c-4f93-b232-3c8e6f6667b6: receive RaftClientReply:client-8C798EE064B2->dd0a3b65-d36c-4f93-b232-3c8e6f6667b6@group-B02456D89C11, cid=2468, SUCCESS, logIndex=3473, commits[dd0a3b65-d36c-4f93-b232-3c8e6f6667b6:c3474]
2019-09-18 13:04:31,591 [grpc-default-executor-1] INFO  client.GrpcClientProtocolClient (GrpcClientProtocolClient.java:onNext(264)) - client-8C798EE064B2->dd0a3b65-d36c-4f93-b232-3c8e6f6667b6: receive RaftClientReply:client-8C798EE064B2->dd0a3b65-d36c-4f93-b232-3c8e6f6667b6@group-B02456D89C11, cid=2469, SUCCESS, logIndex=3476, commits[dd0a3b65-d36c-4f93-b232-3c8e6f6667b6:c3477]
2019-09-18 13:04:31,592 [grpc-default-executor-1] INFO  client.GrpcClientProtocolClient (GrpcClientProtocolClient.java:onNext(264)) - client-8C798EE064B2->dd0a3b65-d36c-4f93-b232-3c8e6f6667b6: receive RaftClientReply:client-8C798EE064B2->dd0a3b65-d36c-4f93-b232-3c8e6f6667b6@group-B02456D89C11, cid=2470, SUCCESS, logIndex=3477, commits[dd0a3b65-d36c-4f93-b232-3c8e6f6667b6:c3479]
2019-09-18 13:04:31,592 [grpc-default-executor-1] INFO  client.GrpcClientProtocolClient (GrpcClientProtocolClient.java:onNext(264)) - client-8C798EE064B2->dd0a3b65-d36c-4f93-b232-3c8e6f6667b6: receive RaftClientReply:client-8C798EE064B2->dd0a3b65-d36c-4f93-b232-3c8e6f6667b6@group-B02456D89C11, cid=2471, SUCCESS, logIndex=3478, commits[dd0a3b65-d36c-4f93-b232-3c8e6f6667b6:c3480]
2019-09-18 13:04:31,592 [grpc-default-executor-1] INFO  client.GrpcClientProtocolClient (GrpcClientProtocolClient.java:onNext(264)) - client-8C798EE064B2->dd0a3b65-d36c-4f93-b232-3c8e6f6667b6: receive RaftClientReply:client-8C798EE064B2->dd0a3b65-d36c-4f93-b232-3c8e6f6667b6@group-B02456D89C11, cid=2472, SUCCESS, logIndex=3479, commits[dd0a3b65-d36c-4f93-b232-3c8e6f6667b6:c3480]
2019-09-18 13:04:31,621 [grpc-default-executor-0] INFO  client.GrpcClientProtocolClient (GrpcClientProtocolClient.java:onNext(264)) - client-8C798EE064B2->dd0a3b65-d36c-4f93-b232-3c8e6f6667b6: receive RaftClientReply:client-8C798EE064B2->dd0a3b65-d36c-4f93-b232-3c8e6f6667b6@group-B02456D89C11, cid=2473, SUCCESS, logIndex=3482, commits[dd0a3b65-d36c-4f93-b232-3c8e6f6667b6:c3483]
2019-09-18 13:04:31,622 [grpc-default-executor-0] INFO  client.GrpcClientProtocolClient (GrpcClientProtocolClient.java:onNext(264)) - client-8C798EE064B2->dd0a3b65-d36c-4f93-b232-3c8e6f6667b6: receive RaftClientReply:client-8C798EE064B2->dd0a3b65-d36c-4f93-b232-3c8e6f6667b6@group-B02456D89C11, cid=2474, SUCCESS, logIndex=3483, commits[dd0a3b65-d36c-4f93-b232-3c8e6f6667b6:c3484]
2019-09-18 13:04:31,632 [SCMBlockDeletingService#0] DEBUG block.SCMBlockDeletingService (SCMBlockDeletingService.java:call(138)) - Running DeletedBlockTransactionScanner
2019-09-18 13:04:31,632 [SCMBlockDeletingService#0] DEBUG block.SCMBlockDeletingService (SCMBlockDeletingService.java:call(155)) - Scanned deleted blocks log and got 0 delTX to process.
2019-09-18 13:04:31,707 [grpc-default-executor-1] INFO  client.GrpcClientProtocolClient (GrpcClientProtocolClient.java:onNext(264)) - client-8C798EE064B2->dd0a3b65-d36c-4f93-b232-3c8e6f6667b6: receive RaftClientReply:client-8C798EE064B2->dd0a3b65-d36c-4f93-b232-3c8e6f6667b6@group-B02456D89C11, cid=2475, SUCCESS, logIndex=3485, commits[dd0a3b65-d36c-4f93-b232-3c8e6f6667b6:c3486]
2019-09-18 13:04:31,708 [grpc-default-executor-1] INFO  client.GrpcClientProtocolClient (GrpcClientProtocolClient.java:onNext(264)) - client-8C798EE064B2->dd0a3b65-d36c-4f93-b232-3c8e6f6667b6: receive RaftClientReply:client-8C798EE064B2->dd0a3b65-d36c-4f93-b232-3c8e6f6667b6@group-B02456D89C11, cid=2476, SUCCESS, logIndex=3486, commits[dd0a3b65-d36c-4f93-b232-3c8e6f6667b6:c3487]
2019-09-18 13:04:31,728 [grpc-default-executor-1] INFO  client.GrpcClientProtocolClient (GrpcClientProtocolClient.java:onNext(264)) - client-8C798EE064B2->dd0a3b65-d36c-4f93-b232-3c8e6f6667b6: receive RaftClientReply:client-8C798EE064B2->dd0a3b65-d36c-4f93-b232-3c8e6f6667b6@group-B02456D89C11, cid=2477, SUCCESS, logIndex=3488, commits[dd0a3b65-d36c-4f93-b232-3c8e6f6667b6:c3491]
2019-09-18 13:04:31,728 [grpc-default-executor-1] INFO  client.GrpcClientProtocolClient (GrpcClientProtocolClient.java:onNext(264)) - client-8C798EE064B2->dd0a3b65-d36c-4f93-b232-3c8e6f6667b6: receive RaftClientReply:client-8C798EE064B2->dd0a3b65-d36c-4f93-b232-3c8e6f6667b6@group-B02456D89C11, cid=2478, SUCCESS, logIndex=3489, commits[dd0a3b65-d36c-4f93-b232-3c8e6f6667b6:c3492]
2019-09-18 13:04:31,728 [grpc-default-executor-1] INFO  client.GrpcClientProtocolClient (GrpcClientProtocolClient.java:onNext(264)) - client-8C798EE064B2->dd0a3b65-d36c-4f93-b232-3c8e6f6667b6: receive RaftClientReply:client-8C798EE064B2->dd0a3b65-d36c-4f93-b232-3c8e6f6667b6@group-B02456D89C11, cid=2479, SUCCESS, logIndex=3490, commits[dd0a3b65-d36c-4f93-b232-3c8e6f6667b6:c3492]
2019-09-18 13:04:31,729 [grpc-default-executor-1] INFO  client.GrpcClientProtocolClient (GrpcClientProtocolClient.java:onNext(264)) - client-8C798EE064B2->dd0a3b65-d36c-4f93-b232-3c8e6f6667b6: receive RaftClientReply:client-8C798EE064B2->dd0a3b65-d36c-4f93-b232-3c8e6f6667b6@group-B02456D89C11, cid=2480, SUCCESS, logIndex=3491, commits[dd0a3b65-d36c-4f93-b232-3c8e6f6667b6:c3492]
2019-09-18 13:04:31,733 [SCMBlockDeletingService#1] DEBUG block.SCMBlockDeletingService (SCMBlockDeletingService.java:call(138)) - Running DeletedBlockTransactionScanner
2019-09-18 13:04:31,733 [SCMBlockDeletingService#1] DEBUG block.SCMBlockDeletingService (SCMBlockDeletingService.java:call(155)) - Scanned deleted blocks log and got 0 delTX to process.
2019-09-18 13:04:31,760 [grpc-default-executor-1] INFO  client.GrpcClientProtocolClient (GrpcClientProtocolClient.java:onNext(264)) - client-8C798EE064B2->dd0a3b65-d36c-4f93-b232-3c8e6f6667b6: receive RaftClientReply:client-8C798EE064B2->dd0a3b65-d36c-4f93-b232-3c8e6f6667b6@group-B02456D89C11, cid=2481, SUCCESS, logIndex=3493, commits[dd0a3b65-d36c-4f93-b232-3c8e6f6667b6:c3496]
2019-09-18 13:04:31,760 [grpc-default-executor-1] INFO  client.GrpcClientProtocolClient (GrpcClientProtocolClient.java:onNext(264)) - client-8C798EE064B2->dd0a3b65-d36c-4f93-b232-3c8e6f6667b6: receive RaftClientReply:client-8C798EE064B2->dd0a3b65-d36c-4f93-b232-3c8e6f6667b6@group-B02456D89C11, cid=2482, SUCCESS, logIndex=3494, commits[dd0a3b65-d36c-4f93-b232-3c8e6f6667b6:c3497]
2019-09-18 13:04:31,761 [grpc-default-executor-1] INFO  client.GrpcClientProtocolClient (GrpcClientProtocolClient.java:onNext(264)) - client-8C798EE064B2->dd0a3b65-d36c-4f93-b232-3c8e6f6667b6: receive RaftClientReply:client-8C798EE064B2->dd0a3b65-d36c-4f93-b232-3c8e6f6667b6@group-B02456D89C11, cid=2483, SUCCESS, logIndex=3495, commits[dd0a3b65-d36c-4f93-b232-3c8e6f6667b6:c3497]
2019-09-18 13:04:31,761 [grpc-default-executor-1] INFO  client.GrpcClientProtocolClient (GrpcClientProtocolClient.java:onNext(264)) - client-8C798EE064B2->dd0a3b65-d36c-4f93-b232-3c8e6f6667b6: receive RaftClientReply:client-8C798EE064B2->dd0a3b65-d36c-4f93-b232-3c8e6f6667b6@group-B02456D89C11, cid=2484, SUCCESS, logIndex=3496, commits[dd0a3b65-d36c-4f93-b232-3c8e6f6667b6:c3497]
2019-09-18 13:04:31,780 [grpc-default-executor-1] INFO  client.GrpcClientProtocolClient (GrpcClientProtocolClient.java:onNext(264)) - client-8C798EE064B2->dd0a3b65-d36c-4f93-b232-3c8e6f6667b6: receive RaftClientReply:client-8C798EE064B2->dd0a3b65-d36c-4f93-b232-3c8e6f6667b6@group-B02456D89C11, cid=2485, SUCCESS, logIndex=3498, commits[dd0a3b65-d36c-4f93-b232-3c8e6f6667b6:c3499]
2019-09-18 13:04:31,780 [grpc-default-executor-1] INFO  client.GrpcClientProtocolClient (GrpcClientProtocolClient.java:onNext(264)) - client-8C798EE064B2->dd0a3b65-d36c-4f93-b232-3c8e6f6667b6: receive RaftClientReply:client-8C798EE064B2->dd0a3b65-d36c-4f93-b232-3c8e6f6667b6@group-B02456D89C11, cid=2486, SUCCESS, logIndex=3499, commits[dd0a3b65-d36c-4f93-b232-3c8e6f6667b6:c3501]
2019-09-18 13:04:31,781 [grpc-default-executor-1] INFO  client.GrpcClientProtocolClient (GrpcClientProtocolClient.java:onNext(264)) - client-8C798EE064B2->dd0a3b65-d36c-4f93-b232-3c8e6f6667b6: receive RaftClientReply:client-8C798EE064B2->dd0a3b65-d36c-4f93-b232-3c8e6f6667b6@group-B02456D89C11, cid=2487, SUCCESS, logIndex=3500, commits[dd0a3b65-d36c-4f93-b232-3c8e6f6667b6:c3502]
2019-09-18 13:04:31,781 [grpc-default-executor-1] INFO  client.GrpcClientProtocolClient (GrpcClientProtocolClient.java:onNext(264)) - client-8C798EE064B2->dd0a3b65-d36c-4f93-b232-3c8e6f6667b6: receive RaftClientReply:client-8C798EE064B2->dd0a3b65-d36c-4f93-b232-3c8e6f6667b6@group-B02456D89C11, cid=2488, SUCCESS, logIndex=3501, commits[dd0a3b65-d36c-4f93-b232-3c8e6f6667b6:c3503]
2019-09-18 13:04:31,807 [grpc-default-executor-0] INFO  client.GrpcClientProtocolClient (GrpcClientProtocolClient.java:onNext(264)) - client-8C798EE064B2->dd0a3b65-d36c-4f93-b232-3c8e6f6667b6: receive RaftClientReply:client-8C798EE064B2->dd0a3b65-d36c-4f93-b232-3c8e6f6667b6@group-B02456D89C11, cid=2489, SUCCESS, logIndex=3504, commits[dd0a3b65-d36c-4f93-b232-3c8e6f6667b6:c3505]
2019-09-18 13:04:31,808 [grpc-default-executor-0] INFO  client.GrpcClientProtocolClient (GrpcClientProtocolClient.java:onNext(264)) - client-8C798EE064B2->dd0a3b65-d36c-4f93-b232-3c8e6f6667b6: receive RaftClientReply:client-8C798EE064B2->dd0a3b65-d36c-4f93-b232-3c8e6f6667b6@group-B02456D89C11, cid=2490, SUCCESS, logIndex=3505, commits[dd0a3b65-d36c-4f93-b232-3c8e6f6667b6:c3507]
2019-09-18 13:04:31,808 [grpc-default-executor-0] INFO  client.GrpcClientProtocolClient (GrpcClientProtocolClient.java:onNext(264)) - client-8C798EE064B2->dd0a3b65-d36c-4f93-b232-3c8e6f6667b6: receive RaftClientReply:client-8C798EE064B2->dd0a3b65-d36c-4f93-b232-3c8e6f6667b6@group-B02456D89C11, cid=2491, SUCCESS, logIndex=3506, commits[dd0a3b65-d36c-4f93-b232-3c8e6f6667b6:c3508]
2019-09-18 13:04:31,809 [grpc-default-executor-0] INFO  client.GrpcClientProtocolClient (GrpcClientProtocolClient.java:onNext(264)) - client-8C798EE064B2->dd0a3b65-d36c-4f93-b232-3c8e6f6667b6: receive RaftClientReply:client-8C798EE064B2->dd0a3b65-d36c-4f93-b232-3c8e6f6667b6@group-B02456D89C11, cid=2492, SUCCESS, logIndex=3507, commits[dd0a3b65-d36c-4f93-b232-3c8e6f6667b6:c3508]
2019-09-18 13:04:31,833 [SCMBlockDeletingService#1] DEBUG block.SCMBlockDeletingService (SCMBlockDeletingService.java:call(138)) - Running DeletedBlockTransactionScanner
2019-09-18 13:04:31,833 [SCMBlockDeletingService#1] DEBUG block.SCMBlockDeletingService (SCMBlockDeletingService.java:call(155)) - Scanned deleted blocks log and got 0 delTX to process.
2019-09-18 13:04:31,838 [grpc-default-executor-1] INFO  client.GrpcClientProtocolClient (GrpcClientProtocolClient.java:onNext(264)) - client-8C798EE064B2->dd0a3b65-d36c-4f93-b232-3c8e6f6667b6: receive RaftClientReply:client-8C798EE064B2->dd0a3b65-d36c-4f93-b232-3c8e6f6667b6@group-B02456D89C11, cid=2493, SUCCESS, logIndex=3510, commits[dd0a3b65-d36c-4f93-b232-3c8e6f6667b6:c3513]
2019-09-18 13:04:31,839 [grpc-default-executor-1] INFO  client.GrpcClientProtocolClient (GrpcClientProtocolClient.java:onNext(264)) - client-8C798EE064B2->dd0a3b65-d36c-4f93-b232-3c8e6f6667b6: receive RaftClientReply:client-8C798EE064B2->dd0a3b65-d36c-4f93-b232-3c8e6f6667b6@group-B02456D89C11, cid=2494, SUCCESS, logIndex=3511, commits[dd0a3b65-d36c-4f93-b232-3c8e6f6667b6:c3514]
2019-09-18 13:04:31,839 [grpc-default-executor-1] INFO  client.GrpcClientProtocolClient (GrpcClientProtocolClient.java:onNext(264)) - client-8C798EE064B2->dd0a3b65-d36c-4f93-b232-3c8e6f6667b6: receive RaftClientReply:client-8C798EE064B2->dd0a3b65-d36c-4f93-b232-3c8e6f6667b6@group-B02456D89C11, cid=2495, SUCCESS, logIndex=3512, commits[dd0a3b65-d36c-4f93-b232-3c8e6f6667b6:c3514]
2019-09-18 13:04:31,839 [grpc-default-executor-1] INFO  client.GrpcClientProtocolClient (GrpcClientProtocolClient.java:onNext(264)) - client-8C798EE064B2->dd0a3b65-d36c-4f93-b232-3c8e6f6667b6: receive RaftClientReply:client-8C798EE064B2->dd0a3b65-d36c-4f93-b232-3c8e6f6667b6@group-B02456D89C11, cid=2496, SUCCESS, logIndex=3513, commits[dd0a3b65-d36c-4f93-b232-3c8e6f6667b6:c3514]
2019-09-18 13:04:31,867 [grpc-default-executor-1] INFO  client.GrpcClientProtocolClient (GrpcClientProtocolClient.java:onNext(264)) - client-8C798EE064B2->dd0a3b65-d36c-4f93-b232-3c8e6f6667b6: receive RaftClientReply:client-8C798EE064B2->dd0a3b65-d36c-4f93-b232-3c8e6f6667b6@group-B02456D89C11, cid=2497, SUCCESS, logIndex=3515, commits[dd0a3b65-d36c-4f93-b232-3c8e6f6667b6:c3518]
2019-09-18 13:04:31,868 [grpc-default-executor-1] INFO  client.GrpcClientProtocolClient (GrpcClientProtocolClient.java:onNext(264)) - client-8C798EE064B2->dd0a3b65-d36c-4f93-b232-3c8e6f6667b6: receive RaftClientReply:client-8C798EE064B2->dd0a3b65-d36c-4f93-b232-3c8e6f6667b6@group-B02456D89C11, cid=2498, SUCCESS, logIndex=3516, commits[dd0a3b65-d36c-4f93-b232-3c8e6f6667b6:c3519]
2019-09-18 13:04:31,868 [grpc-default-executor-1] INFO  client.GrpcClientProtocolClient (GrpcClientProtocolClient.java:onNext(264)) - client-8C798EE064B2->dd0a3b65-d36c-4f93-b232-3c8e6f6667b6: receive RaftClientReply:client-8C798EE064B2->dd0a3b65-d36c-4f93-b232-3c8e6f6667b6@group-B02456D89C11, cid=2499, SUCCESS, logIndex=3517, commits[dd0a3b65-d36c-4f93-b232-3c8e6f6667b6:c3519]
2019-09-18 13:04:31,868 [grpc-default-executor-1] INFO  client.GrpcClientProtocolClient (GrpcClientProtocolClient.java:onNext(264)) - client-8C798EE064B2->dd0a3b65-d36c-4f93-b232-3c8e6f6667b6: receive RaftClientReply:client-8C798EE064B2->dd0a3b65-d36c-4f93-b232-3c8e6f6667b6@group-B02456D89C11, cid=2500, SUCCESS, logIndex=3518, commits[dd0a3b65-d36c-4f93-b232-3c8e6f6667b6:c3519]
2019-09-18 13:04:31,892 [grpc-default-executor-1] INFO  client.GrpcClientProtocolClient (GrpcClientProtocolClient.java:onNext(264)) - client-8C798EE064B2->dd0a3b65-d36c-4f93-b232-3c8e6f6667b6: receive RaftClientReply:client-8C798EE064B2->dd0a3b65-d36c-4f93-b232-3c8e6f6667b6@group-B02456D89C11, cid=2501, SUCCESS, logIndex=3520, commits[dd0a3b65-d36c-4f93-b232-3c8e6f6667b6:c3523]
2019-09-18 13:04:31,892 [grpc-default-executor-1] INFO  client.GrpcClientProtocolClient (GrpcClientProtocolClient.java:onNext(264)) - client-8C798EE064B2->dd0a3b65-d36c-4f93-b232-3c8e6f6667b6: receive RaftClientReply:client-8C798EE064B2->dd0a3b65-d36c-4f93-b232-3c8e6f6667b6@group-B02456D89C11, cid=2502, SUCCESS, logIndex=3521, commits[dd0a3b65-d36c-4f93-b232-3c8e6f6667b6:c3524]
2019-09-18 13:04:31,892 [grpc-default-executor-1] INFO  client.GrpcClientProtocolClient (GrpcClientProtocolClient.java:onNext(264)) - client-8C798EE064B2->dd0a3b65-d36c-4f93-b232-3c8e6f6667b6: receive RaftClientReply:client-8C798EE064B2->dd0a3b65-d36c-4f93-b232-3c8e6f6667b6@group-B02456D89C11, cid=2503, SUCCESS, logIndex=3522, commits[dd0a3b65-d36c-4f93-b232-3c8e6f6667b6:c3524]
2019-09-18 13:04:31,893 [grpc-default-executor-1] INFO  client.GrpcClientProtocolClient (GrpcClientProtocolClient.java:onNext(264)) - client-8C798EE064B2->dd0a3b65-d36c-4f93-b232-3c8e6f6667b6: receive RaftClientReply:client-8C798EE064B2->dd0a3b65-d36c-4f93-b232-3c8e6f6667b6@group-B02456D89C11, cid=2504, SUCCESS, logIndex=3523, commits[dd0a3b65-d36c-4f93-b232-3c8e6f6667b6:c3524]
2019-09-18 13:04:31,921 [grpc-default-executor-0] INFO  client.GrpcClientProtocolClient (GrpcClientProtocolClient.java:onNext(264)) - client-8C798EE064B2->dd0a3b65-d36c-4f93-b232-3c8e6f6667b6: receive RaftClientReply:client-8C798EE064B2->dd0a3b65-d36c-4f93-b232-3c8e6f6667b6@group-B02456D89C11, cid=2505, SUCCESS, logIndex=3525, commits[dd0a3b65-d36c-4f93-b232-3c8e6f6667b6:c3528]
2019-09-18 13:04:31,922 [grpc-default-executor-0] INFO  client.GrpcClientProtocolClient (GrpcClientProtocolClient.java:onNext(264)) - client-8C798EE064B2->dd0a3b65-d36c-4f93-b232-3c8e6f6667b6: receive RaftClientReply:client-8C798EE064B2->dd0a3b65-d36c-4f93-b232-3c8e6f6667b6@group-B02456D89C11, cid=2506, SUCCESS, logIndex=3526, commits[dd0a3b65-d36c-4f93-b232-3c8e6f6667b6:c3529]
2019-09-18 13:04:31,922 [grpc-default-executor-0] INFO  client.GrpcClientProtocolClient (GrpcClientProtocolClient.java:onNext(264)) - client-8C798EE064B2->dd0a3b65-d36c-4f93-b232-3c8e6f6667b6: receive RaftClientReply:client-8C798EE064B2->dd0a3b65-d36c-4f93-b232-3c8e6f6667b6@group-B02456D89C11, cid=2507, SUCCESS, logIndex=3527, commits[dd0a3b65-d36c-4f93-b232-3c8e6f6667b6:c3529]
2019-09-18 13:04:31,923 [grpc-default-executor-0] INFO  client.GrpcClientProtocolClient (GrpcClientProtocolClient.java:onNext(264)) - client-8C798EE064B2->dd0a3b65-d36c-4f93-b232-3c8e6f6667b6: receive RaftClientReply:client-8C798EE064B2->dd0a3b65-d36c-4f93-b232-3c8e6f6667b6@group-B02456D89C11, cid=2508, SUCCESS, logIndex=3528, commits[dd0a3b65-d36c-4f93-b232-3c8e6f6667b6:c3529]
2019-09-18 13:04:31,934 [SCMBlockDeletingService#1] DEBUG block.SCMBlockDeletingService (SCMBlockDeletingService.java:call(138)) - Running DeletedBlockTransactionScanner
2019-09-18 13:04:31,934 [SCMBlockDeletingService#1] DEBUG block.SCMBlockDeletingService (SCMBlockDeletingService.java:call(155)) - Scanned deleted blocks log and got 0 delTX to process.
2019-09-18 13:04:31,944 [grpc-default-executor-1] INFO  client.GrpcClientProtocolClient (GrpcClientProtocolClient.java:onNext(264)) - client-8C798EE064B2->dd0a3b65-d36c-4f93-b232-3c8e6f6667b6: receive RaftClientReply:client-8C798EE064B2->dd0a3b65-d36c-4f93-b232-3c8e6f6667b6@group-B02456D89C11, cid=2509, SUCCESS, logIndex=3530, commits[dd0a3b65-d36c-4f93-b232-3c8e6f6667b6:c3533]
2019-09-18 13:04:31,944 [grpc-default-executor-1] INFO  client.GrpcClientProtocolClient (GrpcClientProtocolClient.java:onNext(264)) - client-8C798EE064B2->dd0a3b65-d36c-4f93-b232-3c8e6f6667b6: receive RaftClientReply:client-8C798EE064B2->dd0a3b65-d36c-4f93-b232-3c8e6f6667b6@group-B02456D89C11, cid=2510, SUCCESS, logIndex=3531, commits[dd0a3b65-d36c-4f93-b232-3c8e6f6667b6:c3534]
2019-09-18 13:04:31,944 [grpc-default-executor-1] INFO  client.GrpcClientProtocolClient (GrpcClientProtocolClient.java:onNext(264)) - client-8C798EE064B2->dd0a3b65-d36c-4f93-b232-3c8e6f6667b6: receive RaftClientReply:client-8C798EE064B2->dd0a3b65-d36c-4f93-b232-3c8e6f6667b6@group-B02456D89C11, cid=2511, SUCCESS, logIndex=3532, commits[dd0a3b65-d36c-4f93-b232-3c8e6f6667b6:c3534]
2019-09-18 13:04:31,945 [grpc-default-executor-1] INFO  client.GrpcClientProtocolClient (GrpcClientProtocolClient.java:onNext(264)) - client-8C798EE064B2->dd0a3b65-d36c-4f93-b232-3c8e6f6667b6: receive RaftClientReply:client-8C798EE064B2->dd0a3b65-d36c-4f93-b232-3c8e6f6667b6@group-B02456D89C11, cid=2512, SUCCESS, logIndex=3533, commits[dd0a3b65-d36c-4f93-b232-3c8e6f6667b6:c3534]
2019-09-18 13:04:31,973 [grpc-default-executor-1] INFO  client.GrpcClientProtocolClient (GrpcClientProtocolClient.java:onNext(264)) - client-8C798EE064B2->dd0a3b65-d36c-4f93-b232-3c8e6f6667b6: receive RaftClientReply:client-8C798EE064B2->dd0a3b65-d36c-4f93-b232-3c8e6f6667b6@group-B02456D89C11, cid=2513, SUCCESS, logIndex=3535, commits[dd0a3b65-d36c-4f93-b232-3c8e6f6667b6:c3538]
2019-09-18 13:04:31,974 [grpc-default-executor-1] INFO  client.GrpcClientProtocolClient (GrpcClientProtocolClient.java:onNext(264)) - client-8C798EE064B2->dd0a3b65-d36c-4f93-b232-3c8e6f6667b6: receive RaftClientReply:client-8C798EE064B2->dd0a3b65-d36c-4f93-b232-3c8e6f6667b6@group-B02456D89C11, cid=2514, SUCCESS, logIndex=3536, commits[dd0a3b65-d36c-4f93-b232-3c8e6f6667b6:c3538]
2019-09-18 13:04:31,974 [grpc-default-executor-1] INFO  client.GrpcClientProtocolClient (GrpcClientProtocolClient.java:onNext(264)) - client-8C798EE064B2->dd0a3b65-d36c-4f93-b232-3c8e6f6667b6: receive RaftClientReply:client-8C798EE064B2->dd0a3b65-d36c-4f93-b232-3c8e6f6667b6@group-B02456D89C11, cid=2515, SUCCESS, logIndex=3537, commits[dd0a3b65-d36c-4f93-b232-3c8e6f6667b6:c3539]
2019-09-18 13:04:31,974 [grpc-default-executor-1] INFO  client.GrpcClientProtocolClient (GrpcClientProtocolClient.java:onNext(264)) - client-8C798EE064B2->dd0a3b65-d36c-4f93-b232-3c8e6f6667b6: receive RaftClientReply:client-8C798EE064B2->dd0a3b65-d36c-4f93-b232-3c8e6f6667b6@group-B02456D89C11, cid=2516, SUCCESS, logIndex=3538, commits[dd0a3b65-d36c-4f93-b232-3c8e6f6667b6:c3539]
2019-09-18 13:04:31,994 [grpc-default-executor-1] INFO  client.GrpcClientProtocolClient (GrpcClientProtocolClient.java:onNext(264)) - client-8C798EE064B2->dd0a3b65-d36c-4f93-b232-3c8e6f6667b6: receive RaftClientReply:client-8C798EE064B2->dd0a3b65-d36c-4f93-b232-3c8e6f6667b6@group-B02456D89C11, cid=2517, SUCCESS, logIndex=3540, commits[dd0a3b65-d36c-4f93-b232-3c8e6f6667b6:c3541]
2019-09-18 13:04:31,994 [grpc-default-executor-1] INFO  client.GrpcClientProtocolClient (GrpcClientProtocolClient.java:onNext(264)) - client-8C798EE064B2->dd0a3b65-d36c-4f93-b232-3c8e6f6667b6: receive RaftClientReply:client-8C798EE064B2->dd0a3b65-d36c-4f93-b232-3c8e6f6667b6@group-B02456D89C11, cid=2518, SUCCESS, logIndex=3541, commits[dd0a3b65-d36c-4f93-b232-3c8e6f6667b6:c3542]
2019-09-18 13:04:32,034 [SCMBlockDeletingService#1] DEBUG block.SCMBlockDeletingService (SCMBlockDeletingService.java:call(138)) - Running DeletedBlockTransactionScanner
2019-09-18 13:04:32,034 [SCMBlockDeletingService#1] DEBUG block.SCMBlockDeletingService (SCMBlockDeletingService.java:call(155)) - Scanned deleted blocks log and got 0 delTX to process.
2019-09-18 13:04:32,084 [grpc-default-executor-0] INFO  client.GrpcClientProtocolClient (GrpcClientProtocolClient.java:onNext(264)) - client-8C798EE064B2->dd0a3b65-d36c-4f93-b232-3c8e6f6667b6: receive RaftClientReply:client-8C798EE064B2->dd0a3b65-d36c-4f93-b232-3c8e6f6667b6@group-B02456D89C11, cid=2519, SUCCESS, logIndex=3543, commits[dd0a3b65-d36c-4f93-b232-3c8e6f6667b6:c3544]
2019-09-18 13:04:32,085 [grpc-default-executor-0] INFO  client.GrpcClientProtocolClient (GrpcClientProtocolClient.java:onNext(264)) - client-8C798EE064B2->dd0a3b65-d36c-4f93-b232-3c8e6f6667b6: receive RaftClientReply:client-8C798EE064B2->dd0a3b65-d36c-4f93-b232-3c8e6f6667b6@group-B02456D89C11, cid=2520, SUCCESS, logIndex=3544, commits[dd0a3b65-d36c-4f93-b232-3c8e6f6667b6:c3545]
2019-09-18 13:04:32,113 [grpc-default-executor-0] INFO  client.GrpcClientProtocolClient (GrpcClientProtocolClient.java:onNext(264)) - client-8C798EE064B2->dd0a3b65-d36c-4f93-b232-3c8e6f6667b6: receive RaftClientReply:client-8C798EE064B2->dd0a3b65-d36c-4f93-b232-3c8e6f6667b6@group-B02456D89C11, cid=2521, SUCCESS, logIndex=3546, commits[dd0a3b65-d36c-4f93-b232-3c8e6f6667b6:c3549]
2019-09-18 13:04:32,113 [grpc-default-executor-0] INFO  client.GrpcClientProtocolClient (GrpcClientProtocolClient.java:onNext(264)) - client-8C798EE064B2->dd0a3b65-d36c-4f93-b232-3c8e6f6667b6: receive RaftClientReply:client-8C798EE064B2->dd0a3b65-d36c-4f93-b232-3c8e6f6667b6@group-B02456D89C11, cid=2522, SUCCESS, logIndex=3547, commits[dd0a3b65-d36c-4f93-b232-3c8e6f6667b6:c3550]
2019-09-18 13:04:32,114 [grpc-default-executor-0] INFO  client.GrpcClientProtocolClient (GrpcClientProtocolClient.java:onNext(264)) - client-8C798EE064B2->dd0a3b65-d36c-4f93-b232-3c8e6f6667b6: receive RaftClientReply:client-8C798EE064B2->dd0a3b65-d36c-4f93-b232-3c8e6f6667b6@group-B02456D89C11, cid=2523, SUCCESS, logIndex=3548, commits[dd0a3b65-d36c-4f93-b232-3c8e6f6667b6:c3550]
2019-09-18 13:04:32,114 [grpc-default-executor-0] INFO  client.GrpcClientProtocolClient (GrpcClientProtocolClient.java:onNext(264)) - client-8C798EE064B2->dd0a3b65-d36c-4f93-b232-3c8e6f6667b6: receive RaftClientReply:client-8C798EE064B2->dd0a3b65-d36c-4f93-b232-3c8e6f6667b6@group-B02456D89C11, cid=2524, SUCCESS, logIndex=3549, commits[dd0a3b65-d36c-4f93-b232-3c8e6f6667b6:c3550]
2019-09-18 13:04:32,126 [grpc-default-executor-1] INFO  client.GrpcClientProtocolClient (GrpcClientProtocolClient.java:onNext(264)) - client-8C798EE064B2->dd0a3b65-d36c-4f93-b232-3c8e6f6667b6: receive RaftClientReply:client-8C798EE064B2->dd0a3b65-d36c-4f93-b232-3c8e6f6667b6@group-B02456D89C11, cid=2525, SUCCESS, logIndex=3551, commits[dd0a3b65-d36c-4f93-b232-3c8e6f6667b6:c3552]
2019-09-18 13:04:32,126 [grpc-default-executor-1] INFO  client.GrpcClientProtocolClient (GrpcClientProtocolClient.java:onNext(264)) - client-8C798EE064B2->dd0a3b65-d36c-4f93-b232-3c8e6f6667b6: receive RaftClientReply:client-8C798EE064B2->dd0a3b65-d36c-4f93-b232-3c8e6f6667b6@group-B02456D89C11, cid=2526, SUCCESS, logIndex=3552, commits[dd0a3b65-d36c-4f93-b232-3c8e6f6667b6:c3554]
2019-09-18 13:04:32,126 [grpc-default-executor-1] INFO  client.GrpcClientProtocolClient (GrpcClientProtocolClient.java:onNext(264)) - client-8C798EE064B2->dd0a3b65-d36c-4f93-b232-3c8e6f6667b6: receive RaftClientReply:client-8C798EE064B2->dd0a3b65-d36c-4f93-b232-3c8e6f6667b6@group-B02456D89C11, cid=2527, SUCCESS, logIndex=3553, commits[dd0a3b65-d36c-4f93-b232-3c8e6f6667b6:c3554]
2019-09-18 13:04:32,127 [grpc-default-executor-1] INFO  client.GrpcClientProtocolClient (GrpcClientProtocolClient.java:onNext(264)) - client-8C798EE064B2->dd0a3b65-d36c-4f93-b232-3c8e6f6667b6: receive RaftClientReply:client-8C798EE064B2->dd0a3b65-d36c-4f93-b232-3c8e6f6667b6@group-B02456D89C11, cid=2528, SUCCESS, logIndex=3554, commits[dd0a3b65-d36c-4f93-b232-3c8e6f6667b6:c3555]
2019-09-18 13:04:32,135 [SCMBlockDeletingService#1] DEBUG block.SCMBlockDeletingService (SCMBlockDeletingService.java:call(138)) - Running DeletedBlockTransactionScanner
2019-09-18 13:04:32,135 [SCMBlockDeletingService#1] DEBUG block.SCMBlockDeletingService (SCMBlockDeletingService.java:call(155)) - Scanned deleted blocks log and got 0 delTX to process.
2019-09-18 13:04:32,149 [grpc-default-executor-0] INFO  client.GrpcClientProtocolClient (GrpcClientProtocolClient.java:onNext(264)) - client-8C798EE064B2->dd0a3b65-d36c-4f93-b232-3c8e6f6667b6: receive RaftClientReply:client-8C798EE064B2->dd0a3b65-d36c-4f93-b232-3c8e6f6667b6@group-B02456D89C11, cid=2529, SUCCESS, logIndex=3557, commits[dd0a3b65-d36c-4f93-b232-3c8e6f6667b6:c3560]
2019-09-18 13:04:32,150 [grpc-default-executor-0] INFO  client.GrpcClientProtocolClient (GrpcClientProtocolClient.java:onNext(264)) - client-8C798EE064B2->dd0a3b65-d36c-4f93-b232-3c8e6f6667b6: receive RaftClientReply:client-8C798EE064B2->dd0a3b65-d36c-4f93-b232-3c8e6f6667b6@group-B02456D89C11, cid=2530, SUCCESS, logIndex=3558, commits[dd0a3b65-d36c-4f93-b232-3c8e6f6667b6:c3561]
2019-09-18 13:04:32,150 [grpc-default-executor-0] INFO  client.GrpcClientProtocolClient (GrpcClientProtocolClient.java:onNext(264)) - client-8C798EE064B2->dd0a3b65-d36c-4f93-b232-3c8e6f6667b6: receive RaftClientReply:client-8C798EE064B2->dd0a3b65-d36c-4f93-b232-3c8e6f6667b6@group-B02456D89C11, cid=2531, SUCCESS, logIndex=3559, commits[dd0a3b65-d36c-4f93-b232-3c8e6f6667b6:c3561]
2019-09-18 13:04:32,151 [grpc-default-executor-0] INFO  client.GrpcClientProtocolClient (GrpcClientProtocolClient.java:onNext(264)) - client-8C798EE064B2->dd0a3b65-d36c-4f93-b232-3c8e6f6667b6: receive RaftClientReply:client-8C798EE064B2->dd0a3b65-d36c-4f93-b232-3c8e6f6667b6@group-B02456D89C11, cid=2532, SUCCESS, logIndex=3560, commits[dd0a3b65-d36c-4f93-b232-3c8e6f6667b6:c3561]
2019-09-18 13:04:32,169 [grpc-default-executor-1] INFO  client.GrpcClientProtocolClient (GrpcClientProtocolClient.java:onNext(264)) - client-8C798EE064B2->dd0a3b65-d36c-4f93-b232-3c8e6f6667b6: receive RaftClientReply:client-8C798EE064B2->dd0a3b65-d36c-4f93-b232-3c8e6f6667b6@group-B02456D89C11, cid=2533, SUCCESS, logIndex=3562, commits[dd0a3b65-d36c-4f93-b232-3c8e6f6667b6:c3563]
2019-09-18 13:04:32,169 [grpc-default-executor-1] INFO  client.GrpcClientProtocolClient (GrpcClientProtocolClient.java:onNext(264)) - client-8C798EE064B2->dd0a3b65-d36c-4f93-b232-3c8e6f6667b6: receive RaftClientReply:client-8C798EE064B2->dd0a3b65-d36c-4f93-b232-3c8e6f6667b6@group-B02456D89C11, cid=2534, SUCCESS, logIndex=3563, commits[dd0a3b65-d36c-4f93-b232-3c8e6f6667b6:c3565]
2019-09-18 13:04:32,170 [grpc-default-executor-1] INFO  client.GrpcClientProtocolClient (GrpcClientProtocolClient.java:onNext(264)) - client-8C798EE064B2->dd0a3b65-d36c-4f93-b232-3c8e6f6667b6: receive RaftClientReply:client-8C798EE064B2->dd0a3b65-d36c-4f93-b232-3c8e6f6667b6@group-B02456D89C11, cid=2535, SUCCESS, logIndex=3564, commits[dd0a3b65-d36c-4f93-b232-3c8e6f6667b6:c3565]
2019-09-18 13:04:32,170 [grpc-default-executor-1] INFO  client.GrpcClientProtocolClient (GrpcClientProtocolClient.java:onNext(264)) - client-8C798EE064B2->dd0a3b65-d36c-4f93-b232-3c8e6f6667b6: receive RaftClientReply:client-8C798EE064B2->dd0a3b65-d36c-4f93-b232-3c8e6f6667b6@group-B02456D89C11, cid=2536, SUCCESS, logIndex=3565, commits[dd0a3b65-d36c-4f93-b232-3c8e6f6667b6:c3566]
2019-09-18 13:04:32,196 [grpc-default-executor-0] INFO  client.GrpcClientProtocolClient (GrpcClientProtocolClient.java:onNext(264)) - client-8C798EE064B2->dd0a3b65-d36c-4f93-b232-3c8e6f6667b6: receive RaftClientReply:client-8C798EE064B2->dd0a3b65-d36c-4f93-b232-3c8e6f6667b6@group-B02456D89C11, cid=2537, SUCCESS, logIndex=3568, commits[dd0a3b65-d36c-4f93-b232-3c8e6f6667b6:c3571]
2019-09-18 13:04:32,197 [grpc-default-executor-0] INFO  client.GrpcClientProtocolClient (GrpcClientProtocolClient.java:onNext(264)) - client-8C798EE064B2->dd0a3b65-d36c-4f93-b232-3c8e6f6667b6: receive RaftClientReply:client-8C798EE064B2->dd0a3b65-d36c-4f93-b232-3c8e6f6667b6@group-B02456D89C11, cid=2538, SUCCESS, logIndex=3569, commits[dd0a3b65-d36c-4f93-b232-3c8e6f6667b6:c3572]
2019-09-18 13:04:32,197 [grpc-default-executor-0] INFO  client.GrpcClientProtocolClient (GrpcClientProtocolClient.java:onNext(264)) - client-8C798EE064B2->dd0a3b65-d36c-4f93-b232-3c8e6f6667b6: receive RaftClientReply:client-8C798EE064B2->dd0a3b65-d36c-4f93-b232-3c8e6f6667b6@group-B02456D89C11, cid=2539, SUCCESS, logIndex=3570, commits[dd0a3b65-d36c-4f93-b232-3c8e6f6667b6:c3572]
2019-09-18 13:04:32,197 [grpc-default-executor-0] INFO  client.GrpcClientProtocolClient (GrpcClientProtocolClient.java:onNext(264)) - client-8C798EE064B2->dd0a3b65-d36c-4f93-b232-3c8e6f6667b6: receive RaftClientReply:client-8C798EE064B2->dd0a3b65-d36c-4f93-b232-3c8e6f6667b6@group-B02456D89C11, cid=2540, SUCCESS, logIndex=3571, commits[dd0a3b65-d36c-4f93-b232-3c8e6f6667b6:c3572]
2019-09-18 13:04:32,218 [grpc-default-executor-0] INFO  client.GrpcClientProtocolClient (GrpcClientProtocolClient.java:onNext(264)) - client-8C798EE064B2->dd0a3b65-d36c-4f93-b232-3c8e6f6667b6: receive RaftClientReply:client-8C798EE064B2->dd0a3b65-d36c-4f93-b232-3c8e6f6667b6@group-B02456D89C11, cid=2541, SUCCESS, logIndex=3573, commits[dd0a3b65-d36c-4f93-b232-3c8e6f6667b6:c3576]
2019-09-18 13:04:32,218 [grpc-default-executor-0] INFO  client.GrpcClientProtocolClient (GrpcClientProtocolClient.java:onNext(264)) - client-8C798EE064B2->dd0a3b65-d36c-4f93-b232-3c8e6f6667b6: receive RaftClientReply:client-8C798EE064B2->dd0a3b65-d36c-4f93-b232-3c8e6f6667b6@group-B02456D89C11, cid=2542, SUCCESS, logIndex=3574, commits[dd0a3b65-d36c-4f93-b232-3c8e6f6667b6:c3577]
2019-09-18 13:04:32,219 [grpc-default-executor-0] INFO  client.GrpcClientProtocolClient (GrpcClientProtocolClient.java:onNext(264)) - client-8C798EE064B2->dd0a3b65-d36c-4f93-b232-3c8e6f6667b6: receive RaftClientReply:client-8C798EE064B2->dd0a3b65-d36c-4f93-b232-3c8e6f6667b6@group-B02456D89C11, cid=2543, SUCCESS, logIndex=3575, commits[dd0a3b65-d36c-4f93-b232-3c8e6f6667b6:c3577]
2019-09-18 13:04:32,219 [grpc-default-executor-0] INFO  client.GrpcClientProtocolClient (GrpcClientProtocolClient.java:onNext(264)) - client-8C798EE064B2->dd0a3b65-d36c-4f93-b232-3c8e6f6667b6: receive RaftClientReply:client-8C798EE064B2->dd0a3b65-d36c-4f93-b232-3c8e6f6667b6@group-B02456D89C11, cid=2544, SUCCESS, logIndex=3576, commits[dd0a3b65-d36c-4f93-b232-3c8e6f6667b6:c3577]
2019-09-18 13:04:32,235 [SCMBlockDeletingService#0] DEBUG block.SCMBlockDeletingService (SCMBlockDeletingService.java:call(138)) - Running DeletedBlockTransactionScanner
2019-09-18 13:04:32,235 [SCMBlockDeletingService#0] DEBUG block.SCMBlockDeletingService (SCMBlockDeletingService.java:call(155)) - Scanned deleted blocks log and got 0 delTX to process.
2019-09-18 13:04:32,245 [grpc-default-executor-0] INFO  client.GrpcClientProtocolClient (GrpcClientProtocolClient.java:onNext(264)) - client-8C798EE064B2->dd0a3b65-d36c-4f93-b232-3c8e6f6667b6: receive RaftClientReply:client-8C798EE064B2->dd0a3b65-d36c-4f93-b232-3c8e6f6667b6@group-B02456D89C11, cid=2545, SUCCESS, logIndex=3578, commits[dd0a3b65-d36c-4f93-b232-3c8e6f6667b6:c3579]
2019-09-18 13:04:32,246 [grpc-default-executor-0] INFO  client.GrpcClientProtocolClient (GrpcClientProtocolClient.java:onNext(264)) - client-8C798EE064B2->dd0a3b65-d36c-4f93-b232-3c8e6f6667b6: receive RaftClientReply:client-8C798EE064B2->dd0a3b65-d36c-4f93-b232-3c8e6f6667b6@group-B02456D89C11, cid=2546, SUCCESS, logIndex=3579, commits[dd0a3b65-d36c-4f93-b232-3c8e6f6667b6:c3581]
2019-09-18 13:04:32,246 [grpc-default-executor-0] INFO  client.GrpcClientProtocolClient (GrpcClientProtocolClient.java:onNext(264)) - client-8C798EE064B2->dd0a3b65-d36c-4f93-b232-3c8e6f6667b6: receive RaftClientReply:client-8C798EE064B2->dd0a3b65-d36c-4f93-b232-3c8e6f6667b6@group-B02456D89C11, cid=2547, SUCCESS, logIndex=3580, commits[dd0a3b65-d36c-4f93-b232-3c8e6f6667b6:c3582]
2019-09-18 13:04:32,246 [grpc-default-executor-0] INFO  client.GrpcClientProtocolClient (GrpcClientProtocolClient.java:onNext(264)) - client-8C798EE064B2->dd0a3b65-d36c-4f93-b232-3c8e6f6667b6: receive RaftClientReply:client-8C798EE064B2->dd0a3b65-d36c-4f93-b232-3c8e6f6667b6@group-B02456D89C11, cid=2548, SUCCESS, logIndex=3581, commits[dd0a3b65-d36c-4f93-b232-3c8e6f6667b6:c3582]
2019-09-18 13:04:32,266 [grpc-default-executor-1] INFO  client.GrpcClientProtocolClient (GrpcClientProtocolClient.java:onNext(264)) - client-8C798EE064B2->dd0a3b65-d36c-4f93-b232-3c8e6f6667b6: receive RaftClientReply:client-8C798EE064B2->dd0a3b65-d36c-4f93-b232-3c8e6f6667b6@group-B02456D89C11, cid=2549, SUCCESS, logIndex=3584, commits[dd0a3b65-d36c-4f93-b232-3c8e6f6667b6:c3587]
2019-09-18 13:04:32,267 [grpc-default-executor-1] INFO  client.GrpcClientProtocolClient (GrpcClientProtocolClient.java:onNext(264)) - client-8C798EE064B2->dd0a3b65-d36c-4f93-b232-3c8e6f6667b6: receive RaftClientReply:client-8C798EE064B2->dd0a3b65-d36c-4f93-b232-3c8e6f6667b6@group-B02456D89C11, cid=2550, SUCCESS, logIndex=3585, commits[dd0a3b65-d36c-4f93-b232-3c8e6f6667b6:c3588]
2019-09-18 13:04:32,267 [grpc-default-executor-1] INFO  client.GrpcClientProtocolClient (GrpcClientProtocolClient.java:onNext(264)) - client-8C798EE064B2->dd0a3b65-d36c-4f93-b232-3c8e6f6667b6: receive RaftClientReply:client-8C798EE064B2->dd0a3b65-d36c-4f93-b232-3c8e6f6667b6@group-B02456D89C11, cid=2551, SUCCESS, logIndex=3586, commits[dd0a3b65-d36c-4f93-b232-3c8e6f6667b6:c3588]
2019-09-18 13:04:32,267 [grpc-default-executor-1] INFO  client.GrpcClientProtocolClient (GrpcClientProtocolClient.java:onNext(264)) - client-8C798EE064B2->dd0a3b65-d36c-4f93-b232-3c8e6f6667b6: receive RaftClientReply:client-8C798EE064B2->dd0a3b65-d36c-4f93-b232-3c8e6f6667b6@group-B02456D89C11, cid=2552, SUCCESS, logIndex=3587, commits[dd0a3b65-d36c-4f93-b232-3c8e6f6667b6:c3588]
2019-09-18 13:04:32,361 [SCMBlockDeletingService#0] DEBUG block.SCMBlockDeletingService (SCMBlockDeletingService.java:call(138)) - Running DeletedBlockTransactionScanner
2019-09-18 13:04:32,361 [SCMBlockDeletingService#0] DEBUG block.SCMBlockDeletingService (SCMBlockDeletingService.java:call(155)) - Scanned deleted blocks log and got 0 delTX to process.
2019-09-18 13:04:32,398 [grpc-default-executor-0] INFO  client.GrpcClientProtocolClient (GrpcClientProtocolClient.java:onNext(264)) - client-8C798EE064B2->dd0a3b65-d36c-4f93-b232-3c8e6f6667b6: receive RaftClientReply:client-8C798EE064B2->dd0a3b65-d36c-4f93-b232-3c8e6f6667b6@group-B02456D89C11, cid=2553, SUCCESS, logIndex=3589, commits[dd0a3b65-d36c-4f93-b232-3c8e6f6667b6:c3590]
2019-09-18 13:04:32,399 [grpc-default-executor-0] INFO  client.GrpcClientProtocolClient (GrpcClientProtocolClient.java:onNext(264)) - client-8C798EE064B2->dd0a3b65-d36c-4f93-b232-3c8e6f6667b6: receive RaftClientReply:client-8C798EE064B2->dd0a3b65-d36c-4f93-b232-3c8e6f6667b6@group-B02456D89C11, cid=2554, SUCCESS, logIndex=3590, commits[dd0a3b65-d36c-4f93-b232-3c8e6f6667b6:c3592]
2019-09-18 13:04:32,399 [grpc-default-executor-0] INFO  client.GrpcClientProtocolClient (GrpcClientProtocolClient.java:onNext(264)) - client-8C798EE064B2->dd0a3b65-d36c-4f93-b232-3c8e6f6667b6: receive RaftClientReply:client-8C798EE064B2->dd0a3b65-d36c-4f93-b232-3c8e6f6667b6@group-B02456D89C11, cid=2555, SUCCESS, logIndex=3591, commits[dd0a3b65-d36c-4f93-b232-3c8e6f6667b6:c3593]
2019-09-18 13:04:32,399 [grpc-default-executor-0] INFO  client.GrpcClientProtocolClient (GrpcClientProtocolClient.java:onNext(264)) - client-8C798EE064B2->dd0a3b65-d36c-4f93-b232-3c8e6f6667b6: receive RaftClientReply:client-8C798EE064B2->dd0a3b65-d36c-4f93-b232-3c8e6f6667b6@group-B02456D89C11, cid=2556, SUCCESS, logIndex=3592, commits[dd0a3b65-d36c-4f93-b232-3c8e6f6667b6:c3593]
2019-09-18 13:04:32,421 [grpc-default-executor-1] INFO  client.GrpcClientProtocolClient (GrpcClientProtocolClient.java:onNext(264)) - client-8C798EE064B2->dd0a3b65-d36c-4f93-b232-3c8e6f6667b6: receive RaftClientReply:client-8C798EE064B2->dd0a3b65-d36c-4f93-b232-3c8e6f6667b6@group-B02456D89C11, cid=2557, SUCCESS, logIndex=3595, commits[dd0a3b65-d36c-4f93-b232-3c8e6f6667b6:c3596]
2019-09-18 13:04:32,422 [grpc-default-executor-1] INFO  client.GrpcClientProtocolClient (GrpcClientProtocolClient.java:onNext(264)) - client-8C798EE064B2->dd0a3b65-d36c-4f93-b232-3c8e6f6667b6: receive RaftClientReply:client-8C798EE064B2->dd0a3b65-d36c-4f93-b232-3c8e6f6667b6@group-B02456D89C11, cid=2558, SUCCESS, logIndex=3596, commits[dd0a3b65-d36c-4f93-b232-3c8e6f6667b6:c3598]
2019-09-18 13:04:32,422 [grpc-default-executor-1] INFO  client.GrpcClientProtocolClient (GrpcClientProtocolClient.java:onNext(264)) - client-8C798EE064B2->dd0a3b65-d36c-4f93-b232-3c8e6f6667b6: receive RaftClientReply:client-8C798EE064B2->dd0a3b65-d36c-4f93-b232-3c8e6f6667b6@group-B02456D89C11, cid=2559, SUCCESS, logIndex=3597, commits[dd0a3b65-d36c-4f93-b232-3c8e6f6667b6:c3599]
2019-09-18 13:04:32,422 [grpc-default-executor-1] INFO  client.GrpcClientProtocolClient (GrpcClientProtocolClient.java:onNext(264)) - client-8C798EE064B2->dd0a3b65-d36c-4f93-b232-3c8e6f6667b6: receive RaftClientReply:client-8C798EE064B2->dd0a3b65-d36c-4f93-b232-3c8e6f6667b6@group-B02456D89C11, cid=2560, SUCCESS, logIndex=3598, commits[dd0a3b65-d36c-4f93-b232-3c8e6f6667b6:c3600]
2019-09-18 13:04:32,453 [grpc-default-executor-0] INFO  client.GrpcClientProtocolClient (GrpcClientProtocolClient.java:onNext(264)) - client-8C798EE064B2->dd0a3b65-d36c-4f93-b232-3c8e6f6667b6: receive RaftClientReply:client-8C798EE064B2->dd0a3b65-d36c-4f93-b232-3c8e6f6667b6@group-B02456D89C11, cid=2561, SUCCESS, logIndex=3601, commits[dd0a3b65-d36c-4f93-b232-3c8e6f6667b6:c3602]
2019-09-18 13:04:32,453 [grpc-default-executor-0] INFO  client.GrpcClientProtocolClient (GrpcClientProtocolClient.java:onNext(264)) - client-8C798EE064B2->dd0a3b65-d36c-4f93-b232-3c8e6f6667b6: receive RaftClientReply:client-8C798EE064B2->dd0a3b65-d36c-4f93-b232-3c8e6f6667b6@group-B02456D89C11, cid=2562, SUCCESS, logIndex=3602, commits[dd0a3b65-d36c-4f93-b232-3c8e6f6667b6:c3603]
2019-09-18 13:04:32,461 [SCMBlockDeletingService#0] DEBUG block.SCMBlockDeletingService (SCMBlockDeletingService.java:call(138)) - Running DeletedBlockTransactionScanner
2019-09-18 13:04:32,462 [SCMBlockDeletingService#0] DEBUG block.SCMBlockDeletingService (SCMBlockDeletingService.java:call(155)) - Scanned deleted blocks log and got 0 delTX to process.
2019-09-18 13:04:32,559 [grpc-default-executor-1] INFO  client.GrpcClientProtocolClient (GrpcClientProtocolClient.java:onNext(264)) - client-8C798EE064B2->dd0a3b65-d36c-4f93-b232-3c8e6f6667b6: receive RaftClientReply:client-8C798EE064B2->dd0a3b65-d36c-4f93-b232-3c8e6f6667b6@group-B02456D89C11, cid=2563, SUCCESS, logIndex=3604, commits[dd0a3b65-d36c-4f93-b232-3c8e6f6667b6:c3605]
2019-09-18 13:04:32,560 [grpc-default-executor-1] INFO  client.GrpcClientProtocolClient (GrpcClientProtocolClient.java:onNext(264)) - client-8C798EE064B2->dd0a3b65-d36c-4f93-b232-3c8e6f6667b6: receive RaftClientReply:client-8C798EE064B2->dd0a3b65-d36c-4f93-b232-3c8e6f6667b6@group-B02456D89C11, cid=2564, SUCCESS, logIndex=3605, commits[dd0a3b65-d36c-4f93-b232-3c8e6f6667b6:c3605]
2019-09-18 13:04:32,562 [SCMBlockDeletingService#0] DEBUG block.SCMBlockDeletingService (SCMBlockDeletingService.java:call(138)) - Running DeletedBlockTransactionScanner
2019-09-18 13:04:32,562 [SCMBlockDeletingService#0] DEBUG block.SCMBlockDeletingService (SCMBlockDeletingService.java:call(155)) - Scanned deleted blocks log and got 0 delTX to process.
2019-09-18 13:04:32,583 [grpc-default-executor-1] INFO  client.GrpcClientProtocolClient (GrpcClientProtocolClient.java:onNext(264)) - client-8C798EE064B2->dd0a3b65-d36c-4f93-b232-3c8e6f6667b6: receive RaftClientReply:client-8C798EE064B2->dd0a3b65-d36c-4f93-b232-3c8e6f6667b6@group-B02456D89C11, cid=2565, SUCCESS, logIndex=3607, commits[dd0a3b65-d36c-4f93-b232-3c8e6f6667b6:c3610]
2019-09-18 13:04:32,584 [grpc-default-executor-1] INFO  client.GrpcClientProtocolClient (GrpcClientProtocolClient.java:onNext(264)) - client-8C798EE064B2->dd0a3b65-d36c-4f93-b232-3c8e6f6667b6: receive RaftClientReply:client-8C798EE064B2->dd0a3b65-d36c-4f93-b232-3c8e6f6667b6@group-B02456D89C11, cid=2566, SUCCESS, logIndex=3608, commits[dd0a3b65-d36c-4f93-b232-3c8e6f6667b6:c3611]
2019-09-18 13:04:32,584 [grpc-default-executor-1] INFO  client.GrpcClientProtocolClient (GrpcClientProtocolClient.java:onNext(264)) - client-8C798EE064B2->dd0a3b65-d36c-4f93-b232-3c8e6f6667b6: receive RaftClientReply:client-8C798EE064B2->dd0a3b65-d36c-4f93-b232-3c8e6f6667b6@group-B02456D89C11, cid=2567, SUCCESS, logIndex=3609, commits[dd0a3b65-d36c-4f93-b232-3c8e6f6667b6:c3611]
2019-09-18 13:04:32,584 [grpc-default-executor-1] INFO  client.GrpcClientProtocolClient (GrpcClientProtocolClient.java:onNext(264)) - client-8C798EE064B2->dd0a3b65-d36c-4f93-b232-3c8e6f6667b6: receive RaftClientReply:client-8C798EE064B2->dd0a3b65-d36c-4f93-b232-3c8e6f6667b6@group-B02456D89C11, cid=2568, SUCCESS, logIndex=3610, commits[dd0a3b65-d36c-4f93-b232-3c8e6f6667b6:c3611]
2019-09-18 13:04:32,613 [grpc-default-executor-0] INFO  client.GrpcClientProtocolClient (GrpcClientProtocolClient.java:onNext(264)) - client-8C798EE064B2->dd0a3b65-d36c-4f93-b232-3c8e6f6667b6: receive RaftClientReply:client-8C798EE064B2->dd0a3b65-d36c-4f93-b232-3c8e6f6667b6@group-B02456D89C11, cid=2569, SUCCESS, logIndex=3612, commits[dd0a3b65-d36c-4f93-b232-3c8e6f6667b6:c3613]
2019-09-18 13:04:32,614 [grpc-default-executor-0] INFO  client.GrpcClientProtocolClient (GrpcClientProtocolClient.java:onNext(264)) - client-8C798EE064B2->dd0a3b65-d36c-4f93-b232-3c8e6f6667b6: receive RaftClientReply:client-8C798EE064B2->dd0a3b65-d36c-4f93-b232-3c8e6f6667b6@group-B02456D89C11, cid=2570, SUCCESS, logIndex=3613, commits[dd0a3b65-d36c-4f93-b232-3c8e6f6667b6:c3615]
2019-09-18 13:04:32,614 [grpc-default-executor-0] INFO  client.GrpcClientProtocolClient (GrpcClientProtocolClient.java:onNext(264)) - client-8C798EE064B2->dd0a3b65-d36c-4f93-b232-3c8e6f6667b6: receive RaftClientReply:client-8C798EE064B2->dd0a3b65-d36c-4f93-b232-3c8e6f6667b6@group-B02456D89C11, cid=2571, SUCCESS, logIndex=3614, commits[dd0a3b65-d36c-4f93-b232-3c8e6f6667b6:c3615]
2019-09-18 13:04:32,615 [grpc-default-executor-0] INFO  client.GrpcClientProtocolClient (GrpcClientProtocolClient.java:onNext(264)) - client-8C798EE064B2->dd0a3b65-d36c-4f93-b232-3c8e6f6667b6: receive RaftClientReply:client-8C798EE064B2->dd0a3b65-d36c-4f93-b232-3c8e6f6667b6@group-B02456D89C11, cid=2572, SUCCESS, logIndex=3615, commits[dd0a3b65-d36c-4f93-b232-3c8e6f6667b6:c3616]
2019-09-18 13:04:32,634 [grpc-default-executor-0] INFO  client.GrpcClientProtocolClient (GrpcClientProtocolClient.java:onNext(264)) - client-8C798EE064B2->dd0a3b65-d36c-4f93-b232-3c8e6f6667b6: receive RaftClientReply:client-8C798EE064B2->dd0a3b65-d36c-4f93-b232-3c8e6f6667b6@group-B02456D89C11, cid=2573, SUCCESS, logIndex=3618, commits[dd0a3b65-d36c-4f93-b232-3c8e6f6667b6:c3619]
2019-09-18 13:04:32,635 [grpc-default-executor-0] INFO  client.GrpcClientProtocolClient (GrpcClientProtocolClient.java:onNext(264)) - client-8C798EE064B2->dd0a3b65-d36c-4f93-b232-3c8e6f6667b6: receive RaftClientReply:client-8C798EE064B2->dd0a3b65-d36c-4f93-b232-3c8e6f6667b6@group-B02456D89C11, cid=2574, SUCCESS, logIndex=3619, commits[dd0a3b65-d36c-4f93-b232-3c8e6f6667b6:c3621]
2019-09-18 13:04:32,635 [grpc-default-executor-0] INFO  client.GrpcClientProtocolClient (GrpcClientProtocolClient.java:onNext(264)) - client-8C798EE064B2->dd0a3b65-d36c-4f93-b232-3c8e6f6667b6: receive RaftClientReply:client-8C798EE064B2->dd0a3b65-d36c-4f93-b232-3c8e6f6667b6@group-B02456D89C11, cid=2575, SUCCESS, logIndex=3620, commits[dd0a3b65-d36c-4f93-b232-3c8e6f6667b6:c3622]
2019-09-18 13:04:32,635 [grpc-default-executor-0] INFO  client.GrpcClientProtocolClient (GrpcClientProtocolClient.java:onNext(264)) - client-8C798EE064B2->dd0a3b65-d36c-4f93-b232-3c8e6f6667b6: receive RaftClientReply:client-8C798EE064B2->dd0a3b65-d36c-4f93-b232-3c8e6f6667b6@group-B02456D89C11, cid=2576, SUCCESS, logIndex=3621, commits[dd0a3b65-d36c-4f93-b232-3c8e6f6667b6:c3622]
2019-09-18 13:04:32,662 [grpc-default-executor-1] INFO  client.GrpcClientProtocolClient (GrpcClientProtocolClient.java:onNext(264)) - client-8C798EE064B2->dd0a3b65-d36c-4f93-b232-3c8e6f6667b6: receive RaftClientReply:client-8C798EE064B2->dd0a3b65-d36c-4f93-b232-3c8e6f6667b6@group-B02456D89C11, cid=2577, SUCCESS, logIndex=3624, commits[dd0a3b65-d36c-4f93-b232-3c8e6f6667b6:c3625]
2019-09-18 13:04:32,662 [grpc-default-executor-1] INFO  client.GrpcClientProtocolClient (GrpcClientProtocolClient.java:onNext(264)) - client-8C798EE064B2->dd0a3b65-d36c-4f93-b232-3c8e6f6667b6: receive RaftClientReply:client-8C798EE064B2->dd0a3b65-d36c-4f93-b232-3c8e6f6667b6@group-B02456D89C11, cid=2578, SUCCESS, logIndex=3625, commits[dd0a3b65-d36c-4f93-b232-3c8e6f6667b6:c3627]
2019-09-18 13:04:32,662 [grpc-default-executor-1] INFO  client.GrpcClientProtocolClient (GrpcClientProtocolClient.java:onNext(264)) - client-8C798EE064B2->dd0a3b65-d36c-4f93-b232-3c8e6f6667b6: receive RaftClientReply:client-8C798EE064B2->dd0a3b65-d36c-4f93-b232-3c8e6f6667b6@group-B02456D89C11, cid=2579, SUCCESS, logIndex=3626, commits[dd0a3b65-d36c-4f93-b232-3c8e6f6667b6:c3628]
2019-09-18 13:04:32,663 [SCMBlockDeletingService#0] DEBUG block.SCMBlockDeletingService (SCMBlockDeletingService.java:call(138)) - Running DeletedBlockTransactionScanner
2019-09-18 13:04:32,663 [grpc-default-executor-1] INFO  client.GrpcClientProtocolClient (GrpcClientProtocolClient.java:onNext(264)) - client-8C798EE064B2->dd0a3b65-d36c-4f93-b232-3c8e6f6667b6: receive RaftClientReply:client-8C798EE064B2->dd0a3b65-d36c-4f93-b232-3c8e6f6667b6@group-B02456D89C11, cid=2580, SUCCESS, logIndex=3627, commits[dd0a3b65-d36c-4f93-b232-3c8e6f6667b6:c3628]
2019-09-18 13:04:32,663 [SCMBlockDeletingService#0] DEBUG block.SCMBlockDeletingService (SCMBlockDeletingService.java:call(155)) - Scanned deleted blocks log and got 0 delTX to process.
2019-09-18 13:04:32,693 [grpc-default-executor-1] INFO  client.GrpcClientProtocolClient (GrpcClientProtocolClient.java:onNext(264)) - client-8C798EE064B2->dd0a3b65-d36c-4f93-b232-3c8e6f6667b6: receive RaftClientReply:client-8C798EE064B2->dd0a3b65-d36c-4f93-b232-3c8e6f6667b6@group-B02456D89C11, cid=2581, SUCCESS, logIndex=3630, commits[dd0a3b65-d36c-4f93-b232-3c8e6f6667b6:c3631]
2019-09-18 13:04:32,693 [grpc-default-executor-1] INFO  client.GrpcClientProtocolClient (GrpcClientProtocolClient.java:onNext(264)) - client-8C798EE064B2->dd0a3b65-d36c-4f93-b232-3c8e6f6667b6: receive RaftClientReply:client-8C798EE064B2->dd0a3b65-d36c-4f93-b232-3c8e6f6667b6@group-B02456D89C11, cid=2582, SUCCESS, logIndex=3631, commits[dd0a3b65-d36c-4f93-b232-3c8e6f6667b6:c3633]
2019-09-18 13:04:32,693 [grpc-default-executor-1] INFO  client.GrpcClientProtocolClient (GrpcClientProtocolClient.java:onNext(264)) - client-8C798EE064B2->dd0a3b65-d36c-4f93-b232-3c8e6f6667b6: receive RaftClientReply:client-8C798EE064B2->dd0a3b65-d36c-4f93-b232-3c8e6f6667b6@group-B02456D89C11, cid=2583, SUCCESS, logIndex=3632, commits[dd0a3b65-d36c-4f93-b232-3c8e6f6667b6:c3633]
2019-09-18 13:04:32,694 [grpc-default-executor-1] INFO  client.GrpcClientProtocolClient (GrpcClientProtocolClient.java:onNext(264)) - client-8C798EE064B2->dd0a3b65-d36c-4f93-b232-3c8e6f6667b6: receive RaftClientReply:client-8C798EE064B2->dd0a3b65-d36c-4f93-b232-3c8e6f6667b6@group-B02456D89C11, cid=2584, SUCCESS, logIndex=3633, commits[dd0a3b65-d36c-4f93-b232-3c8e6f6667b6:c3634]
2019-09-18 13:04:32,720 [grpc-default-executor-0] INFO  client.GrpcClientProtocolClient (GrpcClientProtocolClient.java:onNext(264)) - client-8C798EE064B2->dd0a3b65-d36c-4f93-b232-3c8e6f6667b6: receive RaftClientReply:client-8C798EE064B2->dd0a3b65-d36c-4f93-b232-3c8e6f6667b6@group-B02456D89C11, cid=2585, SUCCESS, logIndex=3636, commits[dd0a3b65-d36c-4f93-b232-3c8e6f6667b6:c3637]
2019-09-18 13:04:32,721 [grpc-default-executor-0] INFO  client.GrpcClientProtocolClient (GrpcClientProtocolClient.java:onNext(264)) - client-8C798EE064B2->dd0a3b65-d36c-4f93-b232-3c8e6f6667b6: receive RaftClientReply:client-8C798EE064B2->dd0a3b65-d36c-4f93-b232-3c8e6f6667b6@group-B02456D89C11, cid=2586, SUCCESS, logIndex=3637, commits[dd0a3b65-d36c-4f93-b232-3c8e6f6667b6:c3637]
2019-09-18 13:04:32,721 [grpc-default-executor-0] INFO  client.GrpcClientProtocolClient (GrpcClientProtocolClient.java:onNext(264)) - client-8C798EE064B2->dd0a3b65-d36c-4f93-b232-3c8e6f6667b6: receive RaftClientReply:client-8C798EE064B2->dd0a3b65-d36c-4f93-b232-3c8e6f6667b6@group-B02456D89C11, cid=2587, SUCCESS, logIndex=3638, commits[dd0a3b65-d36c-4f93-b232-3c8e6f6667b6:c3639]
2019-09-18 13:04:32,722 [grpc-default-executor-0] INFO  client.GrpcClientProtocolClient (GrpcClientProtocolClient.java:onNext(264)) - client-8C798EE064B2->dd0a3b65-d36c-4f93-b232-3c8e6f6667b6: receive RaftClientReply:client-8C798EE064B2->dd0a3b65-d36c-4f93-b232-3c8e6f6667b6@group-B02456D89C11, cid=2588, SUCCESS, logIndex=3639, commits[dd0a3b65-d36c-4f93-b232-3c8e6f6667b6:c3640]
2019-09-18 13:04:32,740 [grpc-default-executor-0] INFO  client.GrpcClientProtocolClient (GrpcClientProtocolClient.java:onNext(264)) - client-8C798EE064B2->dd0a3b65-d36c-4f93-b232-3c8e6f6667b6: receive RaftClientReply:client-8C798EE064B2->dd0a3b65-d36c-4f93-b232-3c8e6f6667b6@group-B02456D89C11, cid=2589, SUCCESS, logIndex=3642, commits[dd0a3b65-d36c-4f93-b232-3c8e6f6667b6:c3643]
2019-09-18 13:04:32,740 [grpc-default-executor-0] INFO  client.GrpcClientProtocolClient (GrpcClientProtocolClient.java:onNext(264)) - client-8C798EE064B2->dd0a3b65-d36c-4f93-b232-3c8e6f6667b6: receive RaftClientReply:client-8C798EE064B2->dd0a3b65-d36c-4f93-b232-3c8e6f6667b6@group-B02456D89C11, cid=2590, SUCCESS, logIndex=3643, commits[dd0a3b65-d36c-4f93-b232-3c8e6f6667b6:c3643]
2019-09-18 13:04:32,741 [grpc-default-executor-0] INFO  client.GrpcClientProtocolClient (GrpcClientProtocolClient.java:onNext(264)) - client-8C798EE064B2->dd0a3b65-d36c-4f93-b232-3c8e6f6667b6: receive RaftClientReply:client-8C798EE064B2->dd0a3b65-d36c-4f93-b232-3c8e6f6667b6@group-B02456D89C11, cid=2591, SUCCESS, logIndex=3644, commits[dd0a3b65-d36c-4f93-b232-3c8e6f6667b6:c3645]
2019-09-18 13:04:32,741 [grpc-default-executor-0] INFO  client.GrpcClientProtocolClient (GrpcClientProtocolClient.java:onNext(264)) - client-8C798EE064B2->dd0a3b65-d36c-4f93-b232-3c8e6f6667b6: receive RaftClientReply:client-8C798EE064B2->dd0a3b65-d36c-4f93-b232-3c8e6f6667b6@group-B02456D89C11, cid=2592, SUCCESS, logIndex=3645, commits[dd0a3b65-d36c-4f93-b232-3c8e6f6667b6:c3646]
2019-09-18 13:04:32,763 [SCMBlockDeletingService#0] DEBUG block.SCMBlockDeletingService (SCMBlockDeletingService.java:call(138)) - Running DeletedBlockTransactionScanner
2019-09-18 13:04:32,763 [SCMBlockDeletingService#0] DEBUG block.SCMBlockDeletingService (SCMBlockDeletingService.java:call(155)) - Scanned deleted blocks log and got 0 delTX to process.
2019-09-18 13:04:32,769 [grpc-default-executor-0] INFO  client.GrpcClientProtocolClient (GrpcClientProtocolClient.java:onNext(264)) - client-8C798EE064B2->dd0a3b65-d36c-4f93-b232-3c8e6f6667b6: receive RaftClientReply:client-8C798EE064B2->dd0a3b65-d36c-4f93-b232-3c8e6f6667b6@group-B02456D89C11, cid=2593, SUCCESS, logIndex=3648, commits[dd0a3b65-d36c-4f93-b232-3c8e6f6667b6:c3649]
2019-09-18 13:04:32,769 [grpc-default-executor-0] INFO  client.GrpcClientProtocolClient (GrpcClientProtocolClient.java:onNext(264)) - client-8C798EE064B2->dd0a3b65-d36c-4f93-b232-3c8e6f6667b6: receive RaftClientReply:client-8C798EE064B2->dd0a3b65-d36c-4f93-b232-3c8e6f6667b6@group-B02456D89C11, cid=2594, SUCCESS, logIndex=3649, commits[dd0a3b65-d36c-4f93-b232-3c8e6f6667b6:c3651]
2019-09-18 13:04:32,770 [grpc-default-executor-0] INFO  client.GrpcClientProtocolClient (GrpcClientProtocolClient.java:onNext(264)) - client-8C798EE064B2->dd0a3b65-d36c-4f93-b232-3c8e6f6667b6: receive RaftClientReply:client-8C798EE064B2->dd0a3b65-d36c-4f93-b232-3c8e6f6667b6@group-B02456D89C11, cid=2595, SUCCESS, logIndex=3650, commits[dd0a3b65-d36c-4f93-b232-3c8e6f6667b6:c3651]
2019-09-18 13:04:32,770 [grpc-default-executor-0] INFO  client.GrpcClientProtocolClient (GrpcClientProtocolClient.java:onNext(264)) - client-8C798EE064B2->dd0a3b65-d36c-4f93-b232-3c8e6f6667b6: receive RaftClientReply:client-8C798EE064B2->dd0a3b65-d36c-4f93-b232-3c8e6f6667b6@group-B02456D89C11, cid=2596, SUCCESS, logIndex=3651, commits[dd0a3b65-d36c-4f93-b232-3c8e6f6667b6:c3652]
2019-09-18 13:04:32,788 [grpc-default-executor-0] INFO  client.GrpcClientProtocolClient (GrpcClientProtocolClient.java:onNext(264)) - client-8C798EE064B2->dd0a3b65-d36c-4f93-b232-3c8e6f6667b6: receive RaftClientReply:client-8C798EE064B2->dd0a3b65-d36c-4f93-b232-3c8e6f6667b6@group-B02456D89C11, cid=2597, SUCCESS, logIndex=3654, commits[dd0a3b65-d36c-4f93-b232-3c8e6f6667b6:c3655]
2019-09-18 13:04:32,789 [grpc-default-executor-0] INFO  client.GrpcClientProtocolClient (GrpcClientProtocolClient.java:onNext(264)) - client-8C798EE064B2->dd0a3b65-d36c-4f93-b232-3c8e6f6667b6: receive RaftClientReply:client-8C798EE064B2->dd0a3b65-d36c-4f93-b232-3c8e6f6667b6@group-B02456D89C11, cid=2598, SUCCESS, logIndex=3655, commits[dd0a3b65-d36c-4f93-b232-3c8e6f6667b6:c3655]
2019-09-18 13:04:32,790 [grpc-default-executor-0] INFO  client.GrpcClientProtocolClient (GrpcClientProtocolClient.java:onNext(264)) - client-8C798EE064B2->dd0a3b65-d36c-4f93-b232-3c8e6f6667b6: receive RaftClientReply:client-8C798EE064B2->dd0a3b65-d36c-4f93-b232-3c8e6f6667b6@group-B02456D89C11, cid=2599, SUCCESS, logIndex=3656, commits[dd0a3b65-d36c-4f93-b232-3c8e6f6667b6:c3657]
2019-09-18 13:04:32,791 [grpc-default-executor-0] INFO  client.GrpcClientProtocolClient (GrpcClientProtocolClient.java:onNext(264)) - client-8C798EE064B2->dd0a3b65-d36c-4f93-b232-3c8e6f6667b6: receive RaftClientReply:client-8C798EE064B2->dd0a3b65-d36c-4f93-b232-3c8e6f6667b6@group-B02456D89C11, cid=2600, SUCCESS, logIndex=3657, commits[dd0a3b65-d36c-4f93-b232-3c8e6f6667b6:c3657]
2019-09-18 13:04:32,819 [grpc-default-executor-1] INFO  client.GrpcClientProtocolClient (GrpcClientProtocolClient.java:onNext(264)) - client-8C798EE064B2->dd0a3b65-d36c-4f93-b232-3c8e6f6667b6: receive RaftClientReply:client-8C798EE064B2->dd0a3b65-d36c-4f93-b232-3c8e6f6667b6@group-B02456D89C11, cid=2601, SUCCESS, logIndex=3660, commits[dd0a3b65-d36c-4f93-b232-3c8e6f6667b6:c3661]
2019-09-18 13:04:32,819 [grpc-default-executor-1] INFO  client.GrpcClientProtocolClient (GrpcClientProtocolClient.java:onNext(264)) - client-8C798EE064B2->dd0a3b65-d36c-4f93-b232-3c8e6f6667b6: receive RaftClientReply:client-8C798EE064B2->dd0a3b65-d36c-4f93-b232-3c8e6f6667b6@group-B02456D89C11, cid=2602, SUCCESS, logIndex=3661, commits[dd0a3b65-d36c-4f93-b232-3c8e6f6667b6:c3663]
2019-09-18 13:04:32,820 [grpc-default-executor-1] INFO  client.GrpcClientProtocolClient (GrpcClientProtocolClient.java:onNext(264)) - client-8C798EE064B2->dd0a3b65-d36c-4f93-b232-3c8e6f6667b6: receive RaftClientReply:client-8C798EE064B2->dd0a3b65-d36c-4f93-b232-3c8e6f6667b6@group-B02456D89C11, cid=2603, SUCCESS, logIndex=3662, commits[dd0a3b65-d36c-4f93-b232-3c8e6f6667b6:c3664]
2019-09-18 13:04:32,820 [grpc-default-executor-1] INFO  client.GrpcClientProtocolClient (GrpcClientProtocolClient.java:onNext(264)) - client-8C798EE064B2->dd0a3b65-d36c-4f93-b232-3c8e6f6667b6: receive RaftClientReply:client-8C798EE064B2->dd0a3b65-d36c-4f93-b232-3c8e6f6667b6@group-B02456D89C11, cid=2604, SUCCESS, logIndex=3663, commits[dd0a3b65-d36c-4f93-b232-3c8e6f6667b6:c3664]
2019-09-18 13:04:32,841 [grpc-default-executor-1] INFO  client.GrpcClientProtocolClient (GrpcClientProtocolClient.java:onNext(264)) - client-8C798EE064B2->dd0a3b65-d36c-4f93-b232-3c8e6f6667b6: receive RaftClientReply:client-8C798EE064B2->dd0a3b65-d36c-4f93-b232-3c8e6f6667b6@group-B02456D89C11, cid=2605, SUCCESS, logIndex=3666, commits[dd0a3b65-d36c-4f93-b232-3c8e6f6667b6:c3669]
2019-09-18 13:04:32,841 [grpc-default-executor-1] INFO  client.GrpcClientProtocolClient (GrpcClientProtocolClient.java:onNext(264)) - client-8C798EE064B2->dd0a3b65-d36c-4f93-b232-3c8e6f6667b6: receive RaftClientReply:client-8C798EE064B2->dd0a3b65-d36c-4f93-b232-3c8e6f6667b6@group-B02456D89C11, cid=2606, SUCCESS, logIndex=3667, commits[dd0a3b65-d36c-4f93-b232-3c8e6f6667b6:c3670]
2019-09-18 13:04:32,842 [grpc-default-executor-1] INFO  client.GrpcClientProtocolClient (GrpcClientProtocolClient.java:onNext(264)) - client-8C798EE064B2->dd0a3b65-d36c-4f93-b232-3c8e6f6667b6: receive RaftClientReply:client-8C798EE064B2->dd0a3b65-d36c-4f93-b232-3c8e6f6667b6@group-B02456D89C11, cid=2607, SUCCESS, logIndex=3668, commits[dd0a3b65-d36c-4f93-b232-3c8e6f6667b6:c3670]
2019-09-18 13:04:32,842 [grpc-default-executor-1] INFO  client.GrpcClientProtocolClient (GrpcClientProtocolClient.java:onNext(264)) - client-8C798EE064B2->dd0a3b65-d36c-4f93-b232-3c8e6f6667b6: receive RaftClientReply:client-8C798EE064B2->dd0a3b65-d36c-4f93-b232-3c8e6f6667b6@group-B02456D89C11, cid=2608, SUCCESS, logIndex=3669, commits[dd0a3b65-d36c-4f93-b232-3c8e6f6667b6:c3670]
2019-09-18 13:04:32,864 [SCMBlockDeletingService#0] DEBUG block.SCMBlockDeletingService (SCMBlockDeletingService.java:call(138)) - Running DeletedBlockTransactionScanner
2019-09-18 13:04:32,864 [SCMBlockDeletingService#0] DEBUG block.SCMBlockDeletingService (SCMBlockDeletingService.java:call(155)) - Scanned deleted blocks log and got 0 delTX to process.
2019-09-18 13:04:32,964 [SCMBlockDeletingService#0] DEBUG block.SCMBlockDeletingService (SCMBlockDeletingService.java:call(138)) - Running DeletedBlockTransactionScanner
2019-09-18 13:04:32,965 [SCMBlockDeletingService#0] DEBUG block.SCMBlockDeletingService (SCMBlockDeletingService.java:call(155)) - Scanned deleted blocks log and got 0 delTX to process.
2019-09-18 13:04:32,965 [grpc-default-executor-1] INFO  client.GrpcClientProtocolClient (GrpcClientProtocolClient.java:onNext(264)) - client-8C798EE064B2->dd0a3b65-d36c-4f93-b232-3c8e6f6667b6: receive RaftClientReply:client-8C798EE064B2->dd0a3b65-d36c-4f93-b232-3c8e6f6667b6@group-B02456D89C11, cid=2609, SUCCESS, logIndex=3671, commits[dd0a3b65-d36c-4f93-b232-3c8e6f6667b6:c3674]
2019-09-18 13:04:32,965 [grpc-default-executor-1] INFO  client.GrpcClientProtocolClient (GrpcClientProtocolClient.java:onNext(264)) - client-8C798EE064B2->dd0a3b65-d36c-4f93-b232-3c8e6f6667b6: receive RaftClientReply:client-8C798EE064B2->dd0a3b65-d36c-4f93-b232-3c8e6f6667b6@group-B02456D89C11, cid=2610, SUCCESS, logIndex=3672, commits[dd0a3b65-d36c-4f93-b232-3c8e6f6667b6:c3675]
2019-09-18 13:04:32,966 [grpc-default-executor-1] INFO  client.GrpcClientProtocolClient (GrpcClientProtocolClient.java:onNext(264)) - client-8C798EE064B2->dd0a3b65-d36c-4f93-b232-3c8e6f6667b6: receive RaftClientReply:client-8C798EE064B2->dd0a3b65-d36c-4f93-b232-3c8e6f6667b6@group-B02456D89C11, cid=2611, SUCCESS, logIndex=3673, commits[dd0a3b65-d36c-4f93-b232-3c8e6f6667b6:c3675]
2019-09-18 13:04:32,966 [grpc-default-executor-1] INFO  client.GrpcClientProtocolClient (GrpcClientProtocolClient.java:onNext(264)) - client-8C798EE064B2->dd0a3b65-d36c-4f93-b232-3c8e6f6667b6: receive RaftClientReply:client-8C798EE064B2->dd0a3b65-d36c-4f93-b232-3c8e6f6667b6@group-B02456D89C11, cid=2612, SUCCESS, logIndex=3674, commits[dd0a3b65-d36c-4f93-b232-3c8e6f6667b6:c3675]
2019-09-18 13:04:32,998 [grpc-default-executor-0] INFO  client.GrpcClientProtocolClient (GrpcClientProtocolClient.java:onNext(264)) - client-8C798EE064B2->dd0a3b65-d36c-4f93-b232-3c8e6f6667b6: receive RaftClientReply:client-8C798EE064B2->dd0a3b65-d36c-4f93-b232-3c8e6f6667b6@group-B02456D89C11, cid=2613, SUCCESS, logIndex=3676, commits[dd0a3b65-d36c-4f93-b232-3c8e6f6667b6:c3679]
2019-09-18 13:04:32,998 [grpc-default-executor-0] INFO  client.GrpcClientProtocolClient (GrpcClientProtocolClient.java:onNext(264)) - client-8C798EE064B2->dd0a3b65-d36c-4f93-b232-3c8e6f6667b6: receive RaftClientReply:client-8C798EE064B2->dd0a3b65-d36c-4f93-b232-3c8e6f6667b6@group-B02456D89C11, cid=2614, SUCCESS, logIndex=3677, commits[dd0a3b65-d36c-4f93-b232-3c8e6f6667b6:c3680]
2019-09-18 13:04:32,998 [grpc-default-executor-0] INFO  client.GrpcClientProtocolClient (GrpcClientProtocolClient.java:onNext(264)) - client-8C798EE064B2->dd0a3b65-d36c-4f93-b232-3c8e6f6667b6: receive RaftClientReply:client-8C798EE064B2->dd0a3b65-d36c-4f93-b232-3c8e6f6667b6@group-B02456D89C11, cid=2615, SUCCESS, logIndex=3678, commits[dd0a3b65-d36c-4f93-b232-3c8e6f6667b6:c3680]
2019-09-18 13:04:32,999 [grpc-default-executor-0] INFO  client.GrpcClientProtocolClient (GrpcClientProtocolClient.java:onNext(264)) - client-8C798EE064B2->dd0a3b65-d36c-4f93-b232-3c8e6f6667b6: receive RaftClientReply:client-8C798EE064B2->dd0a3b65-d36c-4f93-b232-3c8e6f6667b6@group-B02456D89C11, cid=2616, SUCCESS, logIndex=3679, commits[dd0a3b65-d36c-4f93-b232-3c8e6f6667b6:c3680]
2019-09-18 13:04:33,027 [grpc-default-executor-1] INFO  client.GrpcClientProtocolClient (GrpcClientProtocolClient.java:onNext(264)) - client-8C798EE064B2->dd0a3b65-d36c-4f93-b232-3c8e6f6667b6: receive RaftClientReply:client-8C798EE064B2->dd0a3b65-d36c-4f93-b232-3c8e6f6667b6@group-B02456D89C11, cid=2617, SUCCESS, logIndex=3681, commits[dd0a3b65-d36c-4f93-b232-3c8e6f6667b6:c3682]
2019-09-18 13:04:33,028 [grpc-default-executor-1] INFO  client.GrpcClientProtocolClient (GrpcClientProtocolClient.java:onNext(264)) - client-8C798EE064B2->dd0a3b65-d36c-4f93-b232-3c8e6f6667b6: receive RaftClientReply:client-8C798EE064B2->dd0a3b65-d36c-4f93-b232-3c8e6f6667b6@group-B02456D89C11, cid=2618, SUCCESS, logIndex=3682, commits[dd0a3b65-d36c-4f93-b232-3c8e6f6667b6:c3682]
2019-09-18 13:04:33,029 [grpc-default-executor-1] INFO  client.GrpcClientProtocolClient (GrpcClientProtocolClient.java:onNext(264)) - client-8C798EE064B2->dd0a3b65-d36c-4f93-b232-3c8e6f6667b6: receive RaftClientReply:client-8C798EE064B2->dd0a3b65-d36c-4f93-b232-3c8e6f6667b6@group-B02456D89C11, cid=2619, SUCCESS, logIndex=3683, commits[dd0a3b65-d36c-4f93-b232-3c8e6f6667b6:c3684]
2019-09-18 13:04:33,029 [grpc-default-executor-1] INFO  client.GrpcClientProtocolClient (GrpcClientProtocolClient.java:onNext(264)) - client-8C798EE064B2->dd0a3b65-d36c-4f93-b232-3c8e6f6667b6: receive RaftClientReply:client-8C798EE064B2->dd0a3b65-d36c-4f93-b232-3c8e6f6667b6@group-B02456D89C11, cid=2620, SUCCESS, logIndex=3684, commits[dd0a3b65-d36c-4f93-b232-3c8e6f6667b6:c3685]
2019-09-18 13:04:33,049 [grpc-default-executor-1] INFO  client.GrpcClientProtocolClient (GrpcClientProtocolClient.java:onNext(264)) - client-8C798EE064B2->dd0a3b65-d36c-4f93-b232-3c8e6f6667b6: receive RaftClientReply:client-8C798EE064B2->dd0a3b65-d36c-4f93-b232-3c8e6f6667b6@group-B02456D89C11, cid=2621, SUCCESS, logIndex=3687, commits[dd0a3b65-d36c-4f93-b232-3c8e6f6667b6:c3688]
2019-09-18 13:04:33,049 [grpc-default-executor-1] INFO  client.GrpcClientProtocolClient (GrpcClientProtocolClient.java:onNext(264)) - client-8C798EE064B2->dd0a3b65-d36c-4f93-b232-3c8e6f6667b6: receive RaftClientReply:client-8C798EE064B2->dd0a3b65-d36c-4f93-b232-3c8e6f6667b6@group-B02456D89C11, cid=2622, SUCCESS, logIndex=3688, commits[dd0a3b65-d36c-4f93-b232-3c8e6f6667b6:c3690]
2019-09-18 13:04:33,050 [grpc-default-executor-1] INFO  client.GrpcClientProtocolClient (GrpcClientProtocolClient.java:onNext(264)) - client-8C798EE064B2->dd0a3b65-d36c-4f93-b232-3c8e6f6667b6: receive RaftClientReply:client-8C798EE064B2->dd0a3b65-d36c-4f93-b232-3c8e6f6667b6@group-B02456D89C11, cid=2623, SUCCESS, logIndex=3689, commits[dd0a3b65-d36c-4f93-b232-3c8e6f6667b6:c3690]
2019-09-18 13:04:33,050 [grpc-default-executor-1] INFO  client.GrpcClientProtocolClient (GrpcClientProtocolClient.java:onNext(264)) - client-8C798EE064B2->dd0a3b65-d36c-4f93-b232-3c8e6f6667b6: receive RaftClientReply:client-8C798EE064B2->dd0a3b65-d36c-4f93-b232-3c8e6f6667b6@group-B02456D89C11, cid=2624, SUCCESS, logIndex=3690, commits[dd0a3b65-d36c-4f93-b232-3c8e6f6667b6:c3691]
2019-09-18 13:04:33,065 [SCMBlockDeletingService#0] DEBUG block.SCMBlockDeletingService (SCMBlockDeletingService.java:call(138)) - Running DeletedBlockTransactionScanner
2019-09-18 13:04:33,065 [SCMBlockDeletingService#0] DEBUG block.SCMBlockDeletingService (SCMBlockDeletingService.java:call(155)) - Scanned deleted blocks log and got 0 delTX to process.
2019-09-18 13:04:33,084 [grpc-default-executor-0] INFO  client.GrpcClientProtocolClient (GrpcClientProtocolClient.java:onNext(264)) - client-8C798EE064B2->dd0a3b65-d36c-4f93-b232-3c8e6f6667b6: receive RaftClientReply:client-8C798EE064B2->dd0a3b65-d36c-4f93-b232-3c8e6f6667b6@group-B02456D89C11, cid=2625, SUCCESS, logIndex=3693, commits[dd0a3b65-d36c-4f93-b232-3c8e6f6667b6:c3696]
2019-09-18 13:04:33,085 [grpc-default-executor-0] INFO  client.GrpcClientProtocolClient (GrpcClientProtocolClient.java:onNext(264)) - client-8C798EE064B2->dd0a3b65-d36c-4f93-b232-3c8e6f6667b6: receive RaftClientReply:client-8C798EE064B2->dd0a3b65-d36c-4f93-b232-3c8e6f6667b6@group-B02456D89C11, cid=2626, SUCCESS, logIndex=3694, commits[dd0a3b65-d36c-4f93-b232-3c8e6f6667b6:c3696]
2019-09-18 13:04:33,085 [grpc-default-executor-0] INFO  client.GrpcClientProtocolClient (GrpcClientProtocolClient.java:onNext(264)) - client-8C798EE064B2->dd0a3b65-d36c-4f93-b232-3c8e6f6667b6: receive RaftClientReply:client-8C798EE064B2->dd0a3b65-d36c-4f93-b232-3c8e6f6667b6@group-B02456D89C11, cid=2627, SUCCESS, logIndex=3695, commits[dd0a3b65-d36c-4f93-b232-3c8e6f6667b6:c3696]
2019-09-18 13:04:33,085 [grpc-default-executor-0] INFO  client.GrpcClientProtocolClient (GrpcClientProtocolClient.java:onNext(264)) - client-8C798EE064B2->dd0a3b65-d36c-4f93-b232-3c8e6f6667b6: receive RaftClientReply:client-8C798EE064B2->dd0a3b65-d36c-4f93-b232-3c8e6f6667b6@group-B02456D89C11, cid=2628, SUCCESS, logIndex=3696, commits[dd0a3b65-d36c-4f93-b232-3c8e6f6667b6:c3696]
2019-09-18 13:04:33,104 [grpc-default-executor-0] INFO  client.GrpcClientProtocolClient (GrpcClientProtocolClient.java:onNext(264)) - client-8C798EE064B2->dd0a3b65-d36c-4f93-b232-3c8e6f6667b6: receive RaftClientReply:client-8C798EE064B2->dd0a3b65-d36c-4f93-b232-3c8e6f6667b6@group-B02456D89C11, cid=2629, SUCCESS, logIndex=3698, commits[dd0a3b65-d36c-4f93-b232-3c8e6f6667b6:c3699]
2019-09-18 13:04:33,105 [grpc-default-executor-0] INFO  client.GrpcClientProtocolClient (GrpcClientProtocolClient.java:onNext(264)) - client-8C798EE064B2->dd0a3b65-d36c-4f93-b232-3c8e6f6667b6: receive RaftClientReply:client-8C798EE064B2->dd0a3b65-d36c-4f93-b232-3c8e6f6667b6@group-B02456D89C11, cid=2630, SUCCESS, logIndex=3699, commits[dd0a3b65-d36c-4f93-b232-3c8e6f6667b6:c3701]
2019-09-18 13:04:33,105 [grpc-default-executor-0] INFO  client.GrpcClientProtocolClient (GrpcClientProtocolClient.java:onNext(264)) - client-8C798EE064B2->dd0a3b65-d36c-4f93-b232-3c8e6f6667b6: receive RaftClientReply:client-8C798EE064B2->dd0a3b65-d36c-4f93-b232-3c8e6f6667b6@group-B02456D89C11, cid=2631, SUCCESS, logIndex=3700, commits[dd0a3b65-d36c-4f93-b232-3c8e6f6667b6:c3702]
2019-09-18 13:04:33,106 [grpc-default-executor-0] INFO  client.GrpcClientProtocolClient (GrpcClientProtocolClient.java:onNext(264)) - client-8C798EE064B2->dd0a3b65-d36c-4f93-b232-3c8e6f6667b6: receive RaftClientReply:client-8C798EE064B2->dd0a3b65-d36c-4f93-b232-3c8e6f6667b6@group-B02456D89C11, cid=2632, SUCCESS, logIndex=3701, commits[dd0a3b65-d36c-4f93-b232-3c8e6f6667b6:c3702]
2019-09-18 13:04:33,135 [grpc-default-executor-1] INFO  client.GrpcClientProtocolClient (GrpcClientProtocolClient.java:onNext(264)) - client-8C798EE064B2->dd0a3b65-d36c-4f93-b232-3c8e6f6667b6: receive RaftClientReply:client-8C798EE064B2->dd0a3b65-d36c-4f93-b232-3c8e6f6667b6@group-B02456D89C11, cid=2633, SUCCESS, logIndex=3704, commits[dd0a3b65-d36c-4f93-b232-3c8e6f6667b6:c3707]
2019-09-18 13:04:33,136 [grpc-default-executor-1] INFO  client.GrpcClientProtocolClient (GrpcClientProtocolClient.java:onNext(264)) - client-8C798EE064B2->dd0a3b65-d36c-4f93-b232-3c8e6f6667b6: receive RaftClientReply:client-8C798EE064B2->dd0a3b65-d36c-4f93-b232-3c8e6f6667b6@group-B02456D89C11, cid=2634, SUCCESS, logIndex=3705, commits[dd0a3b65-d36c-4f93-b232-3c8e6f6667b6:c3708]
2019-09-18 13:04:33,136 [grpc-default-executor-1] INFO  client.GrpcClientProtocolClient (GrpcClientProtocolClient.java:onNext(264)) - client-8C798EE064B2->dd0a3b65-d36c-4f93-b232-3c8e6f6667b6: receive RaftClientReply:client-8C798EE064B2->dd0a3b65-d36c-4f93-b232-3c8e6f6667b6@group-B02456D89C11, cid=2635, SUCCESS, logIndex=3706, commits[dd0a3b65-d36c-4f93-b232-3c8e6f6667b6:c3708]
2019-09-18 13:04:33,136 [grpc-default-executor-1] INFO  client.GrpcClientProtocolClient (GrpcClientProtocolClient.java:onNext(264)) - client-8C798EE064B2->dd0a3b65-d36c-4f93-b232-3c8e6f6667b6: receive RaftClientReply:client-8C798EE064B2->dd0a3b65-d36c-4f93-b232-3c8e6f6667b6@group-B02456D89C11, cid=2636, SUCCESS, logIndex=3707, commits[dd0a3b65-d36c-4f93-b232-3c8e6f6667b6:c3708]
2019-09-18 13:04:33,156 [grpc-default-executor-1] INFO  client.GrpcClientProtocolClient (GrpcClientProtocolClient.java:onNext(264)) - client-8C798EE064B2->dd0a3b65-d36c-4f93-b232-3c8e6f6667b6: receive RaftClientReply:client-8C798EE064B2->dd0a3b65-d36c-4f93-b232-3c8e6f6667b6@group-B02456D89C11, cid=2637, SUCCESS, logIndex=3709, commits[dd0a3b65-d36c-4f93-b232-3c8e6f6667b6:c3710]
2019-09-18 13:04:33,156 [grpc-default-executor-1] INFO  client.GrpcClientProtocolClient (GrpcClientProtocolClient.java:onNext(264)) - client-8C798EE064B2->dd0a3b65-d36c-4f93-b232-3c8e6f6667b6: receive RaftClientReply:client-8C798EE064B2->dd0a3b65-d36c-4f93-b232-3c8e6f6667b6@group-B02456D89C11, cid=2638, SUCCESS, logIndex=3710, commits[dd0a3b65-d36c-4f93-b232-3c8e6f6667b6:c3712]
2019-09-18 13:04:33,157 [grpc-default-executor-1] INFO  client.GrpcClientProtocolClient (GrpcClientProtocolClient.java:onNext(264)) - client-8C798EE064B2->dd0a3b65-d36c-4f93-b232-3c8e6f6667b6: receive RaftClientReply:client-8C798EE064B2->dd0a3b65-d36c-4f93-b232-3c8e6f6667b6@group-B02456D89C11, cid=2639, SUCCESS, logIndex=3711, commits[dd0a3b65-d36c-4f93-b232-3c8e6f6667b6:c3713]
2019-09-18 13:04:33,157 [grpc-default-executor-1] INFO  client.GrpcClientProtocolClient (GrpcClientProtocolClient.java:onNext(264)) - client-8C798EE064B2->dd0a3b65-d36c-4f93-b232-3c8e6f6667b6: receive RaftClientReply:client-8C798EE064B2->dd0a3b65-d36c-4f93-b232-3c8e6f6667b6@group-B02456D89C11, cid=2640, SUCCESS, logIndex=3712, commits[dd0a3b65-d36c-4f93-b232-3c8e6f6667b6:c3713]
2019-09-18 13:04:33,165 [SCMBlockDeletingService#0] DEBUG block.SCMBlockDeletingService (SCMBlockDeletingService.java:call(138)) - Running DeletedBlockTransactionScanner
2019-09-18 13:04:33,166 [SCMBlockDeletingService#0] DEBUG block.SCMBlockDeletingService (SCMBlockDeletingService.java:call(155)) - Scanned deleted blocks log and got 0 delTX to process.
2019-09-18 13:04:33,182 [grpc-default-executor-1] INFO  client.GrpcClientProtocolClient (GrpcClientProtocolClient.java:onNext(264)) - client-8C798EE064B2->dd0a3b65-d36c-4f93-b232-3c8e6f6667b6: receive RaftClientReply:client-8C798EE064B2->dd0a3b65-d36c-4f93-b232-3c8e6f6667b6@group-B02456D89C11, cid=2641, SUCCESS, logIndex=3715, commits[dd0a3b65-d36c-4f93-b232-3c8e6f6667b6:c3716]
2019-09-18 13:04:33,183 [grpc-default-executor-1] INFO  client.GrpcClientProtocolClient (GrpcClientProtocolClient.java:onNext(264)) - client-8C798EE064B2->dd0a3b65-d36c-4f93-b232-3c8e6f6667b6: receive RaftClientReply:client-8C798EE064B2->dd0a3b65-d36c-4f93-b232-3c8e6f6667b6@group-B02456D89C11, cid=2642, SUCCESS, logIndex=3716, commits[dd0a3b65-d36c-4f93-b232-3c8e6f6667b6:c3716]
2019-09-18 13:04:33,191 [grpc-default-executor-1] INFO  client.GrpcClientProtocolClient (GrpcClientProtocolClient.java:onNext(264)) - client-8C798EE064B2->dd0a3b65-d36c-4f93-b232-3c8e6f6667b6: receive RaftClientReply:client-8C798EE064B2->dd0a3b65-d36c-4f93-b232-3c8e6f6667b6@group-B02456D89C11, cid=2643, SUCCESS, logIndex=3717, commits[dd0a3b65-d36c-4f93-b232-3c8e6f6667b6:c3718]
2019-09-18 13:04:33,191 [grpc-default-executor-1] INFO  client.GrpcClientProtocolClient (GrpcClientProtocolClient.java:onNext(264)) - client-8C798EE064B2->dd0a3b65-d36c-4f93-b232-3c8e6f6667b6: receive RaftClientReply:client-8C798EE064B2->dd0a3b65-d36c-4f93-b232-3c8e6f6667b6@group-B02456D89C11, cid=2644, SUCCESS, logIndex=3718, commits[dd0a3b65-d36c-4f93-b232-3c8e6f6667b6:c3718]
2019-09-18 13:04:33,210 [grpc-default-executor-1] INFO  client.GrpcClientProtocolClient (GrpcClientProtocolClient.java:onNext(264)) - client-8C798EE064B2->dd0a3b65-d36c-4f93-b232-3c8e6f6667b6: receive RaftClientReply:client-8C798EE064B2->dd0a3b65-d36c-4f93-b232-3c8e6f6667b6@group-B02456D89C11, cid=2645, SUCCESS, logIndex=3721, commits[dd0a3b65-d36c-4f93-b232-3c8e6f6667b6:c3722]
2019-09-18 13:04:33,210 [grpc-default-executor-1] INFO  client.GrpcClientProtocolClient (GrpcClientProtocolClient.java:onNext(264)) - client-8C798EE064B2->dd0a3b65-d36c-4f93-b232-3c8e6f6667b6: receive RaftClientReply:client-8C798EE064B2->dd0a3b65-d36c-4f93-b232-3c8e6f6667b6@group-B02456D89C11, cid=2646, SUCCESS, logIndex=3722, commits[dd0a3b65-d36c-4f93-b232-3c8e6f6667b6:c3724]
2019-09-18 13:04:33,211 [grpc-default-executor-1] INFO  client.GrpcClientProtocolClient (GrpcClientProtocolClient.java:onNext(264)) - client-8C798EE064B2->dd0a3b65-d36c-4f93-b232-3c8e6f6667b6: receive RaftClientReply:client-8C798EE064B2->dd0a3b65-d36c-4f93-b232-3c8e6f6667b6@group-B02456D89C11, cid=2647, SUCCESS, logIndex=3723, commits[dd0a3b65-d36c-4f93-b232-3c8e6f6667b6:c3724]
2019-09-18 13:04:33,211 [grpc-default-executor-1] INFO  client.GrpcClientProtocolClient (GrpcClientProtocolClient.java:onNext(264)) - client-8C798EE064B2->dd0a3b65-d36c-4f93-b232-3c8e6f6667b6: receive RaftClientReply:client-8C798EE064B2->dd0a3b65-d36c-4f93-b232-3c8e6f6667b6@group-B02456D89C11, cid=2648, SUCCESS, logIndex=3724, commits[dd0a3b65-d36c-4f93-b232-3c8e6f6667b6:c3725]
2019-09-18 13:04:33,303 [SCMBlockDeletingService#0] DEBUG block.SCMBlockDeletingService (SCMBlockDeletingService.java:call(138)) - Running DeletedBlockTransactionScanner
2019-09-18 13:04:33,303 [SCMBlockDeletingService#0] DEBUG block.SCMBlockDeletingService (SCMBlockDeletingService.java:call(155)) - Scanned deleted blocks log and got 0 delTX to process.
2019-09-18 13:04:33,329 [grpc-default-executor-0] INFO  client.GrpcClientProtocolClient (GrpcClientProtocolClient.java:onNext(264)) - client-8C798EE064B2->dd0a3b65-d36c-4f93-b232-3c8e6f6667b6: receive RaftClientReply:client-8C798EE064B2->dd0a3b65-d36c-4f93-b232-3c8e6f6667b6@group-B02456D89C11, cid=2649, SUCCESS, logIndex=3727, commits[dd0a3b65-d36c-4f93-b232-3c8e6f6667b6:c3730]
2019-09-18 13:04:33,330 [grpc-default-executor-0] INFO  client.GrpcClientProtocolClient (GrpcClientProtocolClient.java:onNext(264)) - client-8C798EE064B2->dd0a3b65-d36c-4f93-b232-3c8e6f6667b6: receive RaftClientReply:client-8C798EE064B2->dd0a3b65-d36c-4f93-b232-3c8e6f6667b6@group-B02456D89C11, cid=2650, SUCCESS, logIndex=3728, commits[dd0a3b65-d36c-4f93-b232-3c8e6f6667b6:c3731]
2019-09-18 13:04:33,330 [grpc-default-executor-0] INFO  client.GrpcClientProtocolClient (GrpcClientProtocolClient.java:onNext(264)) - client-8C798EE064B2->dd0a3b65-d36c-4f93-b232-3c8e6f6667b6: receive RaftClientReply:client-8C798EE064B2->dd0a3b65-d36c-4f93-b232-3c8e6f6667b6@group-B02456D89C11, cid=2651, SUCCESS, logIndex=3729, commits[dd0a3b65-d36c-4f93-b232-3c8e6f6667b6:c3731]
2019-09-18 13:04:33,331 [grpc-default-executor-0] INFO  client.GrpcClientProtocolClient (GrpcClientProtocolClient.java:onNext(264)) - client-8C798EE064B2->dd0a3b65-d36c-4f93-b232-3c8e6f6667b6: receive RaftClientReply:client-8C798EE064B2->dd0a3b65-d36c-4f93-b232-3c8e6f6667b6@group-B02456D89C11, cid=2652, SUCCESS, logIndex=3730, commits[dd0a3b65-d36c-4f93-b232-3c8e6f6667b6:c3732]
2019-09-18 13:04:33,403 [SCMBlockDeletingService#0] DEBUG block.SCMBlockDeletingService (SCMBlockDeletingService.java:call(138)) - Running DeletedBlockTransactionScanner
2019-09-18 13:04:33,404 [SCMBlockDeletingService#0] DEBUG block.SCMBlockDeletingService (SCMBlockDeletingService.java:call(155)) - Scanned deleted blocks log and got 0 delTX to process.
2019-09-18 13:04:33,459 [grpc-default-executor-0] INFO  client.GrpcClientProtocolClient (GrpcClientProtocolClient.java:onNext(264)) - client-8C798EE064B2->dd0a3b65-d36c-4f93-b232-3c8e6f6667b6: receive RaftClientReply:client-8C798EE064B2->dd0a3b65-d36c-4f93-b232-3c8e6f6667b6@group-B02456D89C11, cid=2653, SUCCESS, logIndex=3733, commits[dd0a3b65-d36c-4f93-b232-3c8e6f6667b6:c3736]
2019-09-18 13:04:33,460 [grpc-default-executor-0] INFO  client.GrpcClientProtocolClient (GrpcClientProtocolClient.java:onNext(264)) - client-8C798EE064B2->dd0a3b65-d36c-4f93-b232-3c8e6f6667b6: receive RaftClientReply:client-8C798EE064B2->dd0a3b65-d36c-4f93-b232-3c8e6f6667b6@group-B02456D89C11, cid=2654, SUCCESS, logIndex=3734, commits[dd0a3b65-d36c-4f93-b232-3c8e6f6667b6:c3737]
2019-09-18 13:04:33,460 [grpc-default-executor-0] INFO  client.GrpcClientProtocolClient (GrpcClientProtocolClient.java:onNext(264)) - client-8C798EE064B2->dd0a3b65-d36c-4f93-b232-3c8e6f6667b6: receive RaftClientReply:client-8C798EE064B2->dd0a3b65-d36c-4f93-b232-3c8e6f6667b6@group-B02456D89C11, cid=2655, SUCCESS, logIndex=3735, commits[dd0a3b65-d36c-4f93-b232-3c8e6f6667b6:c3737]
2019-09-18 13:04:33,460 [grpc-default-executor-0] INFO  client.GrpcClientProtocolClient (GrpcClientProtocolClient.java:onNext(264)) - client-8C798EE064B2->dd0a3b65-d36c-4f93-b232-3c8e6f6667b6: receive RaftClientReply:client-8C798EE064B2->dd0a3b65-d36c-4f93-b232-3c8e6f6667b6@group-B02456D89C11, cid=2656, SUCCESS, logIndex=3736, commits[dd0a3b65-d36c-4f93-b232-3c8e6f6667b6:c3737]
2019-09-18 13:04:33,490 [grpc-default-executor-1] INFO  client.GrpcClientProtocolClient (GrpcClientProtocolClient.java:onNext(264)) - client-8C798EE064B2->dd0a3b65-d36c-4f93-b232-3c8e6f6667b6: receive RaftClientReply:client-8C798EE064B2->dd0a3b65-d36c-4f93-b232-3c8e6f6667b6@group-B02456D89C11, cid=2657, SUCCESS, logIndex=3738, commits[dd0a3b65-d36c-4f93-b232-3c8e6f6667b6:c3741]
2019-09-18 13:04:33,490 [grpc-default-executor-1] INFO  client.GrpcClientProtocolClient (GrpcClientProtocolClient.java:onNext(264)) - client-8C798EE064B2->dd0a3b65-d36c-4f93-b232-3c8e6f6667b6: receive RaftClientReply:client-8C798EE064B2->dd0a3b65-d36c-4f93-b232-3c8e6f6667b6@group-B02456D89C11, cid=2658, SUCCESS, logIndex=3739, commits[dd0a3b65-d36c-4f93-b232-3c8e6f6667b6:c3742]
2019-09-18 13:04:33,491 [grpc-default-executor-1] INFO  client.GrpcClientProtocolClient (GrpcClientProtocolClient.java:onNext(264)) - client-8C798EE064B2->dd0a3b65-d36c-4f93-b232-3c8e6f6667b6: receive RaftClientReply:client-8C798EE064B2->dd0a3b65-d36c-4f93-b232-3c8e6f6667b6@group-B02456D89C11, cid=2659, SUCCESS, logIndex=3740, commits[dd0a3b65-d36c-4f93-b232-3c8e6f6667b6:c3742]
2019-09-18 13:04:33,491 [grpc-default-executor-1] INFO  client.GrpcClientProtocolClient (GrpcClientProtocolClient.java:onNext(264)) - client-8C798EE064B2->dd0a3b65-d36c-4f93-b232-3c8e6f6667b6: receive RaftClientReply:client-8C798EE064B2->dd0a3b65-d36c-4f93-b232-3c8e6f6667b6@group-B02456D89C11, cid=2660, SUCCESS, logIndex=3741, commits[dd0a3b65-d36c-4f93-b232-3c8e6f6667b6:c3742]
2019-09-18 13:04:33,504 [SCMBlockDeletingService#0] DEBUG block.SCMBlockDeletingService (SCMBlockDeletingService.java:call(138)) - Running DeletedBlockTransactionScanner
2019-09-18 13:04:33,504 [SCMBlockDeletingService#0] DEBUG block.SCMBlockDeletingService (SCMBlockDeletingService.java:call(155)) - Scanned deleted blocks log and got 0 delTX to process.
2019-09-18 13:04:33,510 [grpc-default-executor-1] INFO  client.GrpcClientProtocolClient (GrpcClientProtocolClient.java:onNext(264)) - client-8C798EE064B2->dd0a3b65-d36c-4f93-b232-3c8e6f6667b6: receive RaftClientReply:client-8C798EE064B2->dd0a3b65-d36c-4f93-b232-3c8e6f6667b6@group-B02456D89C11, cid=2661, SUCCESS, logIndex=3743, commits[dd0a3b65-d36c-4f93-b232-3c8e6f6667b6:c3744]
2019-09-18 13:04:33,511 [grpc-default-executor-1] INFO  client.GrpcClientProtocolClient (GrpcClientProtocolClient.java:onNext(264)) - client-8C798EE064B2->dd0a3b65-d36c-4f93-b232-3c8e6f6667b6: receive RaftClientReply:client-8C798EE064B2->dd0a3b65-d36c-4f93-b232-3c8e6f6667b6@group-B02456D89C11, cid=2662, SUCCESS, logIndex=3744, commits[dd0a3b65-d36c-4f93-b232-3c8e6f6667b6:c3746]
2019-09-18 13:04:33,511 [grpc-default-executor-1] INFO  client.GrpcClientProtocolClient (GrpcClientProtocolClient.java:onNext(264)) - client-8C798EE064B2->dd0a3b65-d36c-4f93-b232-3c8e6f6667b6: receive RaftClientReply:client-8C798EE064B2->dd0a3b65-d36c-4f93-b232-3c8e6f6667b6@group-B02456D89C11, cid=2663, SUCCESS, logIndex=3745, commits[dd0a3b65-d36c-4f93-b232-3c8e6f6667b6:c3746]
2019-09-18 13:04:33,511 [grpc-default-executor-1] INFO  client.GrpcClientProtocolClient (GrpcClientProtocolClient.java:onNext(264)) - client-8C798EE064B2->dd0a3b65-d36c-4f93-b232-3c8e6f6667b6: receive RaftClientReply:client-8C798EE064B2->dd0a3b65-d36c-4f93-b232-3c8e6f6667b6@group-B02456D89C11, cid=2664, SUCCESS, logIndex=3746, commits[dd0a3b65-d36c-4f93-b232-3c8e6f6667b6:c3747]
2019-09-18 13:04:33,541 [grpc-default-executor-0] INFO  client.GrpcClientProtocolClient (GrpcClientProtocolClient.java:onNext(264)) - client-8C798EE064B2->dd0a3b65-d36c-4f93-b232-3c8e6f6667b6: receive RaftClientReply:client-8C798EE064B2->dd0a3b65-d36c-4f93-b232-3c8e6f6667b6@group-B02456D89C11, cid=2665, SUCCESS, logIndex=3749, commits[dd0a3b65-d36c-4f93-b232-3c8e6f6667b6:c3752]
2019-09-18 13:04:33,542 [grpc-default-executor-0] INFO  client.GrpcClientProtocolClient (GrpcClientProtocolClient.java:onNext(264)) - client-8C798EE064B2->dd0a3b65-d36c-4f93-b232-3c8e6f6667b6: receive RaftClientReply:client-8C798EE064B2->dd0a3b65-d36c-4f93-b232-3c8e6f6667b6@group-B02456D89C11, cid=2666, SUCCESS, logIndex=3750, commits[dd0a3b65-d36c-4f93-b232-3c8e6f6667b6:c3753]
2019-09-18 13:04:33,542 [grpc-default-executor-0] INFO  client.GrpcClientProtocolClient (GrpcClientProtocolClient.java:onNext(264)) - client-8C798EE064B2->dd0a3b65-d36c-4f93-b232-3c8e6f6667b6: receive RaftClientReply:client-8C798EE064B2->dd0a3b65-d36c-4f93-b232-3c8e6f6667b6@group-B02456D89C11, cid=2667, SUCCESS, logIndex=3751, commits[dd0a3b65-d36c-4f93-b232-3c8e6f6667b6:c3753]
2019-09-18 13:04:33,542 [grpc-default-executor-0] INFO  client.GrpcClientProtocolClient (GrpcClientProtocolClient.java:onNext(264)) - client-8C798EE064B2->dd0a3b65-d36c-4f93-b232-3c8e6f6667b6: receive RaftClientReply:client-8C798EE064B2->dd0a3b65-d36c-4f93-b232-3c8e6f6667b6@group-B02456D89C11, cid=2668, SUCCESS, logIndex=3752, commits[dd0a3b65-d36c-4f93-b232-3c8e6f6667b6:c3753]
2019-09-18 13:04:33,561 [grpc-default-executor-0] INFO  client.GrpcClientProtocolClient (GrpcClientProtocolClient.java:onNext(264)) - client-8C798EE064B2->dd0a3b65-d36c-4f93-b232-3c8e6f6667b6: receive RaftClientReply:client-8C798EE064B2->dd0a3b65-d36c-4f93-b232-3c8e6f6667b6@group-B02456D89C11, cid=2669, SUCCESS, logIndex=3754, commits[dd0a3b65-d36c-4f93-b232-3c8e6f6667b6:c3757]
2019-09-18 13:04:33,561 [grpc-default-executor-0] INFO  client.GrpcClientProtocolClient (GrpcClientProtocolClient.java:onNext(264)) - client-8C798EE064B2->dd0a3b65-d36c-4f93-b232-3c8e6f6667b6: receive RaftClientReply:client-8C798EE064B2->dd0a3b65-d36c-4f93-b232-3c8e6f6667b6@group-B02456D89C11, cid=2670, SUCCESS, logIndex=3755, commits[dd0a3b65-d36c-4f93-b232-3c8e6f6667b6:c3758]
2019-09-18 13:04:33,562 [grpc-default-executor-0] INFO  client.GrpcClientProtocolClient (GrpcClientProtocolClient.java:onNext(264)) - client-8C798EE064B2->dd0a3b65-d36c-4f93-b232-3c8e6f6667b6: receive RaftClientReply:client-8C798EE064B2->dd0a3b65-d36c-4f93-b232-3c8e6f6667b6@group-B02456D89C11, cid=2671, SUCCESS, logIndex=3756, commits[dd0a3b65-d36c-4f93-b232-3c8e6f6667b6:c3758]
2019-09-18 13:04:33,562 [grpc-default-executor-0] INFO  client.GrpcClientProtocolClient (GrpcClientProtocolClient.java:onNext(264)) - client-8C798EE064B2->dd0a3b65-d36c-4f93-b232-3c8e6f6667b6: receive RaftClientReply:client-8C798EE064B2->dd0a3b65-d36c-4f93-b232-3c8e6f6667b6@group-B02456D89C11, cid=2672, SUCCESS, logIndex=3757, commits[dd0a3b65-d36c-4f93-b232-3c8e6f6667b6:c3758]
2019-09-18 13:04:33,591 [grpc-default-executor-1] INFO  client.GrpcClientProtocolClient (GrpcClientProtocolClient.java:onNext(264)) - client-8C798EE064B2->dd0a3b65-d36c-4f93-b232-3c8e6f6667b6: receive RaftClientReply:client-8C798EE064B2->dd0a3b65-d36c-4f93-b232-3c8e6f6667b6@group-B02456D89C11, cid=2673, SUCCESS, logIndex=3759, commits[dd0a3b65-d36c-4f93-b232-3c8e6f6667b6:c3762]
2019-09-18 13:04:33,592 [grpc-default-executor-1] INFO  client.GrpcClientProtocolClient (GrpcClientProtocolClient.java:onNext(264)) - client-8C798EE064B2->dd0a3b65-d36c-4f93-b232-3c8e6f6667b6: receive RaftClientReply:client-8C798EE064B2->dd0a3b65-d36c-4f93-b232-3c8e6f6667b6@group-B02456D89C11, cid=2674, SUCCESS, logIndex=3760, commits[dd0a3b65-d36c-4f93-b232-3c8e6f6667b6:c3763]
2019-09-18 13:04:33,592 [grpc-default-executor-1] INFO  client.GrpcClientProtocolClient (GrpcClientProtocolClient.java:onNext(264)) - client-8C798EE064B2->dd0a3b65-d36c-4f93-b232-3c8e6f6667b6: receive RaftClientReply:client-8C798EE064B2->dd0a3b65-d36c-4f93-b232-3c8e6f6667b6@group-B02456D89C11, cid=2675, SUCCESS, logIndex=3761, commits[dd0a3b65-d36c-4f93-b232-3c8e6f6667b6:c3763]
2019-09-18 13:04:33,593 [grpc-default-executor-1] INFO  client.GrpcClientProtocolClient (GrpcClientProtocolClient.java:onNext(264)) - client-8C798EE064B2->dd0a3b65-d36c-4f93-b232-3c8e6f6667b6: receive RaftClientReply:client-8C798EE064B2->dd0a3b65-d36c-4f93-b232-3c8e6f6667b6@group-B02456D89C11, cid=2676, SUCCESS, logIndex=3762, commits[dd0a3b65-d36c-4f93-b232-3c8e6f6667b6:c3763]
2019-09-18 13:04:33,605 [SCMBlockDeletingService#0] DEBUG block.SCMBlockDeletingService (SCMBlockDeletingService.java:call(138)) - Running DeletedBlockTransactionScanner
2019-09-18 13:04:33,605 [SCMBlockDeletingService#0] DEBUG block.SCMBlockDeletingService (SCMBlockDeletingService.java:call(155)) - Scanned deleted blocks log and got 0 delTX to process.
2019-09-18 13:04:33,622 [grpc-default-executor-1] INFO  client.GrpcClientProtocolClient (GrpcClientProtocolClient.java:onNext(264)) - client-8C798EE064B2->dd0a3b65-d36c-4f93-b232-3c8e6f6667b6: receive RaftClientReply:client-8C798EE064B2->dd0a3b65-d36c-4f93-b232-3c8e6f6667b6@group-B02456D89C11, cid=2677, SUCCESS, logIndex=3764, commits[dd0a3b65-d36c-4f93-b232-3c8e6f6667b6:c3767]
2019-09-18 13:04:33,622 [grpc-default-executor-1] INFO  client.GrpcClientProtocolClient (GrpcClientProtocolClient.java:onNext(264)) - client-8C798EE064B2->dd0a3b65-d36c-4f93-b232-3c8e6f6667b6: receive RaftClientReply:client-8C798EE064B2->dd0a3b65-d36c-4f93-b232-3c8e6f6667b6@group-B02456D89C11, cid=2678, SUCCESS, logIndex=3765, commits[dd0a3b65-d36c-4f93-b232-3c8e6f6667b6:c3768]
2019-09-18 13:04:33,623 [grpc-default-executor-1] INFO  client.GrpcClientProtocolClient (GrpcClientProtocolClient.java:onNext(264)) - client-8C798EE064B2->dd0a3b65-d36c-4f93-b232-3c8e6f6667b6: receive RaftClientReply:client-8C798EE064B2->dd0a3b65-d36c-4f93-b232-3c8e6f6667b6@group-B02456D89C11, cid=2679, SUCCESS, logIndex=3766, commits[dd0a3b65-d36c-4f93-b232-3c8e6f6667b6:c3768]
2019-09-18 13:04:33,623 [grpc-default-executor-1] INFO  client.GrpcClientProtocolClient (GrpcClientProtocolClient.java:onNext(264)) - client-8C798EE064B2->dd0a3b65-d36c-4f93-b232-3c8e6f6667b6: receive RaftClientReply:client-8C798EE064B2->dd0a3b65-d36c-4f93-b232-3c8e6f6667b6@group-B02456D89C11, cid=2680, SUCCESS, logIndex=3767, commits[dd0a3b65-d36c-4f93-b232-3c8e6f6667b6:c3768]
2019-09-18 13:04:33,652 [grpc-default-executor-1] INFO  client.GrpcClientProtocolClient (GrpcClientProtocolClient.java:onNext(264)) - client-8C798EE064B2->dd0a3b65-d36c-4f93-b232-3c8e6f6667b6: receive RaftClientReply:client-8C798EE064B2->dd0a3b65-d36c-4f93-b232-3c8e6f6667b6@group-B02456D89C11, cid=2681, SUCCESS, logIndex=3769, commits[dd0a3b65-d36c-4f93-b232-3c8e6f6667b6:c3770]
2019-09-18 13:04:33,653 [grpc-default-executor-1] INFO  client.GrpcClientProtocolClient (GrpcClientProtocolClient.java:onNext(264)) - client-8C798EE064B2->dd0a3b65-d36c-4f93-b232-3c8e6f6667b6: receive RaftClientReply:client-8C798EE064B2->dd0a3b65-d36c-4f93-b232-3c8e6f6667b6@group-B02456D89C11, cid=2682, SUCCESS, logIndex=3770, commits[dd0a3b65-d36c-4f93-b232-3c8e6f6667b6:c3770]
2019-09-18 13:04:33,653 [grpc-default-executor-1] INFO  client.GrpcClientProtocolClient (GrpcClientProtocolClient.java:onNext(264)) - client-8C798EE064B2->dd0a3b65-d36c-4f93-b232-3c8e6f6667b6: receive RaftClientReply:client-8C798EE064B2->dd0a3b65-d36c-4f93-b232-3c8e6f6667b6@group-B02456D89C11, cid=2683, SUCCESS, logIndex=3771, commits[dd0a3b65-d36c-4f93-b232-3c8e6f6667b6:c3772]
2019-09-18 13:04:33,653 [grpc-default-executor-1] INFO  client.GrpcClientProtocolClient (GrpcClientProtocolClient.java:onNext(264)) - client-8C798EE064B2->dd0a3b65-d36c-4f93-b232-3c8e6f6667b6: receive RaftClientReply:client-8C798EE064B2->dd0a3b65-d36c-4f93-b232-3c8e6f6667b6@group-B02456D89C11, cid=2684, SUCCESS, logIndex=3772, commits[dd0a3b65-d36c-4f93-b232-3c8e6f6667b6:c3772]
2019-09-18 13:04:33,678 [grpc-default-executor-1] INFO  client.GrpcClientProtocolClient (GrpcClientProtocolClient.java:onNext(264)) - client-8C798EE064B2->dd0a3b65-d36c-4f93-b232-3c8e6f6667b6: receive RaftClientReply:client-8C798EE064B2->dd0a3b65-d36c-4f93-b232-3c8e6f6667b6@group-B02456D89C11, cid=2685, SUCCESS, logIndex=3775, commits[dd0a3b65-d36c-4f93-b232-3c8e6f6667b6:c3776]
2019-09-18 13:04:33,679 [grpc-default-executor-1] INFO  client.GrpcClientProtocolClient (GrpcClientProtocolClient.java:onNext(264)) - client-8C798EE064B2->dd0a3b65-d36c-4f93-b232-3c8e6f6667b6: receive RaftClientReply:client-8C798EE064B2->dd0a3b65-d36c-4f93-b232-3c8e6f6667b6@group-B02456D89C11, cid=2686, SUCCESS, logIndex=3776, commits[dd0a3b65-d36c-4f93-b232-3c8e6f6667b6:c3776]
2019-09-18 13:04:33,681 [grpc-default-executor-1] INFO  client.GrpcClientProtocolClient (GrpcClientProtocolClient.java:onNext(264)) - client-8C798EE064B2->dd0a3b65-d36c-4f93-b232-3c8e6f6667b6: receive RaftClientReply:client-8C798EE064B2->dd0a3b65-d36c-4f93-b232-3c8e6f6667b6@group-B02456D89C11, cid=2687, SUCCESS, logIndex=3777, commits[dd0a3b65-d36c-4f93-b232-3c8e6f6667b6:c3778]
2019-09-18 13:04:33,682 [grpc-default-executor-1] INFO  client.GrpcClientProtocolClient (GrpcClientProtocolClient.java:onNext(264)) - client-8C798EE064B2->dd0a3b65-d36c-4f93-b232-3c8e6f6667b6: receive RaftClientReply:client-8C798EE064B2->dd0a3b65-d36c-4f93-b232-3c8e6f6667b6@group-B02456D89C11, cid=2688, SUCCESS, logIndex=3778, commits[dd0a3b65-d36c-4f93-b232-3c8e6f6667b6:c3778]
2019-09-18 13:04:33,705 [SCMBlockDeletingService#0] DEBUG block.SCMBlockDeletingService (SCMBlockDeletingService.java:call(138)) - Running DeletedBlockTransactionScanner
2019-09-18 13:04:33,705 [SCMBlockDeletingService#0] DEBUG block.SCMBlockDeletingService (SCMBlockDeletingService.java:call(155)) - Scanned deleted blocks log and got 0 delTX to process.
2019-09-18 13:04:33,711 [grpc-default-executor-1] INFO  client.GrpcClientProtocolClient (GrpcClientProtocolClient.java:onNext(264)) - client-8C798EE064B2->dd0a3b65-d36c-4f93-b232-3c8e6f6667b6: receive RaftClientReply:client-8C798EE064B2->dd0a3b65-d36c-4f93-b232-3c8e6f6667b6@group-B02456D89C11, cid=2689, SUCCESS, logIndex=3781, commits[dd0a3b65-d36c-4f93-b232-3c8e6f6667b6:c3782]
2019-09-18 13:04:33,712 [grpc-default-executor-1] INFO  client.GrpcClientProtocolClient (GrpcClientProtocolClient.java:onNext(264)) - client-8C798EE064B2->dd0a3b65-d36c-4f93-b232-3c8e6f6667b6: receive RaftClientReply:client-8C798EE064B2->dd0a3b65-d36c-4f93-b232-3c8e6f6667b6@group-B02456D89C11, cid=2690, SUCCESS, logIndex=3782, commits[dd0a3b65-d36c-4f93-b232-3c8e6f6667b6:c3784]
2019-09-18 13:04:33,712 [grpc-default-executor-1] INFO  client.GrpcClientProtocolClient (GrpcClientProtocolClient.java:onNext(264)) - client-8C798EE064B2->dd0a3b65-d36c-4f93-b232-3c8e6f6667b6: receive RaftClientReply:client-8C798EE064B2->dd0a3b65-d36c-4f93-b232-3c8e6f6667b6@group-B02456D89C11, cid=2691, SUCCESS, logIndex=3783, commits[dd0a3b65-d36c-4f93-b232-3c8e6f6667b6:c3784]
2019-09-18 13:04:33,713 [grpc-default-executor-1] INFO  client.GrpcClientProtocolClient (GrpcClientProtocolClient.java:onNext(264)) - client-8C798EE064B2->dd0a3b65-d36c-4f93-b232-3c8e6f6667b6: receive RaftClientReply:client-8C798EE064B2->dd0a3b65-d36c-4f93-b232-3c8e6f6667b6@group-B02456D89C11, cid=2692, SUCCESS, logIndex=3784, commits[dd0a3b65-d36c-4f93-b232-3c8e6f6667b6:c3785]
2019-09-18 13:04:33,732 [grpc-default-executor-1] INFO  client.GrpcClientProtocolClient (GrpcClientProtocolClient.java:onNext(264)) - client-8C798EE064B2->dd0a3b65-d36c-4f93-b232-3c8e6f6667b6: receive RaftClientReply:client-8C798EE064B2->dd0a3b65-d36c-4f93-b232-3c8e6f6667b6@group-B02456D89C11, cid=2693, SUCCESS, logIndex=3787, commits[dd0a3b65-d36c-4f93-b232-3c8e6f6667b6:c3788]
2019-09-18 13:04:33,732 [grpc-default-executor-1] INFO  client.GrpcClientProtocolClient (GrpcClientProtocolClient.java:onNext(264)) - client-8C798EE064B2->dd0a3b65-d36c-4f93-b232-3c8e6f6667b6: receive RaftClientReply:client-8C798EE064B2->dd0a3b65-d36c-4f93-b232-3c8e6f6667b6@group-B02456D89C11, cid=2694, SUCCESS, logIndex=3788, commits[dd0a3b65-d36c-4f93-b232-3c8e6f6667b6:c3790]
2019-09-18 13:04:33,733 [grpc-default-executor-1] INFO  client.GrpcClientProtocolClient (GrpcClientProtocolClient.java:onNext(264)) - client-8C798EE064B2->dd0a3b65-d36c-4f93-b232-3c8e6f6667b6: receive RaftClientReply:client-8C798EE064B2->dd0a3b65-d36c-4f93-b232-3c8e6f6667b6@group-B02456D89C11, cid=2695, SUCCESS, logIndex=3789, commits[dd0a3b65-d36c-4f93-b232-3c8e6f6667b6:c3790]
2019-09-18 13:04:33,733 [grpc-default-executor-1] INFO  client.GrpcClientProtocolClient (GrpcClientProtocolClient.java:onNext(264)) - client-8C798EE064B2->dd0a3b65-d36c-4f93-b232-3c8e6f6667b6: receive RaftClientReply:client-8C798EE064B2->dd0a3b65-d36c-4f93-b232-3c8e6f6667b6@group-B02456D89C11, cid=2696, SUCCESS, logIndex=3790, commits[dd0a3b65-d36c-4f93-b232-3c8e6f6667b6:c3791]
2019-09-18 13:04:33,805 [SCMBlockDeletingService#0] DEBUG block.SCMBlockDeletingService (SCMBlockDeletingService.java:call(138)) - Running DeletedBlockTransactionScanner
2019-09-18 13:04:33,806 [SCMBlockDeletingService#0] DEBUG block.SCMBlockDeletingService (SCMBlockDeletingService.java:call(155)) - Scanned deleted blocks log and got 0 delTX to process.
2019-09-18 13:04:33,873 [grpc-default-executor-1] INFO  client.GrpcClientProtocolClient (GrpcClientProtocolClient.java:onNext(264)) - client-8C798EE064B2->dd0a3b65-d36c-4f93-b232-3c8e6f6667b6: receive RaftClientReply:client-8C798EE064B2->dd0a3b65-d36c-4f93-b232-3c8e6f6667b6@group-B02456D89C11, cid=2697, SUCCESS, logIndex=3793, commits[dd0a3b65-d36c-4f93-b232-3c8e6f6667b6:c3794]
2019-09-18 13:04:33,874 [grpc-default-executor-1] INFO  client.GrpcClientProtocolClient (GrpcClientProtocolClient.java:onNext(264)) - client-8C798EE064B2->dd0a3b65-d36c-4f93-b232-3c8e6f6667b6: receive RaftClientReply:client-8C798EE064B2->dd0a3b65-d36c-4f93-b232-3c8e6f6667b6@group-B02456D89C11, cid=2698, SUCCESS, logIndex=3794, commits[dd0a3b65-d36c-4f93-b232-3c8e6f6667b6:c3796]
2019-09-18 13:04:33,874 [grpc-default-executor-1] INFO  client.GrpcClientProtocolClient (GrpcClientProtocolClient.java:onNext(264)) - client-8C798EE064B2->dd0a3b65-d36c-4f93-b232-3c8e6f6667b6: receive RaftClientReply:client-8C798EE064B2->dd0a3b65-d36c-4f93-b232-3c8e6f6667b6@group-B02456D89C11, cid=2699, SUCCESS, logIndex=3795, commits[dd0a3b65-d36c-4f93-b232-3c8e6f6667b6:c3797]
2019-09-18 13:04:33,874 [grpc-default-executor-1] INFO  client.GrpcClientProtocolClient (GrpcClientProtocolClient.java:onNext(264)) - client-8C798EE064B2->dd0a3b65-d36c-4f93-b232-3c8e6f6667b6: receive RaftClientReply:client-8C798EE064B2->dd0a3b65-d36c-4f93-b232-3c8e6f6667b6@group-B02456D89C11, cid=2700, SUCCESS, logIndex=3796, commits[dd0a3b65-d36c-4f93-b232-3c8e6f6667b6:c3797]
2019-09-18 13:04:33,895 [grpc-default-executor-1] INFO  client.GrpcClientProtocolClient (GrpcClientProtocolClient.java:onNext(264)) - client-8C798EE064B2->dd0a3b65-d36c-4f93-b232-3c8e6f6667b6: receive RaftClientReply:client-8C798EE064B2->dd0a3b65-d36c-4f93-b232-3c8e6f6667b6@group-B02456D89C11, cid=2701, SUCCESS, logIndex=3799, commits[dd0a3b65-d36c-4f93-b232-3c8e6f6667b6:c3802]
2019-09-18 13:04:33,895 [grpc-default-executor-1] INFO  client.GrpcClientProtocolClient (GrpcClientProtocolClient.java:onNext(264)) - client-8C798EE064B2->dd0a3b65-d36c-4f93-b232-3c8e6f6667b6: receive RaftClientReply:client-8C798EE064B2->dd0a3b65-d36c-4f93-b232-3c8e6f6667b6@group-B02456D89C11, cid=2702, SUCCESS, logIndex=3800, commits[dd0a3b65-d36c-4f93-b232-3c8e6f6667b6:c3803]
2019-09-18 13:04:33,896 [grpc-default-executor-1] INFO  client.GrpcClientProtocolClient (GrpcClientProtocolClient.java:onNext(264)) - client-8C798EE064B2->dd0a3b65-d36c-4f93-b232-3c8e6f6667b6: receive RaftClientReply:client-8C798EE064B2->dd0a3b65-d36c-4f93-b232-3c8e6f6667b6@group-B02456D89C11, cid=2703, SUCCESS, logIndex=3801, commits[dd0a3b65-d36c-4f93-b232-3c8e6f6667b6:c3803]
2019-09-18 13:04:33,896 [grpc-default-executor-1] INFO  client.GrpcClientProtocolClient (GrpcClientProtocolClient.java:onNext(264)) - client-8C798EE064B2->dd0a3b65-d36c-4f93-b232-3c8e6f6667b6: receive RaftClientReply:client-8C798EE064B2->dd0a3b65-d36c-4f93-b232-3c8e6f6667b6@group-B02456D89C11, cid=2704, SUCCESS, logIndex=3802, commits[dd0a3b65-d36c-4f93-b232-3c8e6f6667b6:c3803]
2019-09-18 13:04:33,906 [SCMBlockDeletingService#1] DEBUG block.SCMBlockDeletingService (SCMBlockDeletingService.java:call(138)) - Running DeletedBlockTransactionScanner
2019-09-18 13:04:33,906 [SCMBlockDeletingService#1] DEBUG block.SCMBlockDeletingService (SCMBlockDeletingService.java:call(155)) - Scanned deleted blocks log and got 0 delTX to process.
2019-09-18 13:04:33,923 [grpc-default-executor-1] INFO  client.GrpcClientProtocolClient (GrpcClientProtocolClient.java:onNext(264)) - client-8C798EE064B2->dd0a3b65-d36c-4f93-b232-3c8e6f6667b6: receive RaftClientReply:client-8C798EE064B2->dd0a3b65-d36c-4f93-b232-3c8e6f6667b6@group-B02456D89C11, cid=2705, SUCCESS, logIndex=3804, commits[dd0a3b65-d36c-4f93-b232-3c8e6f6667b6:c3805]
2019-09-18 13:04:33,924 [grpc-default-executor-1] INFO  client.GrpcClientProtocolClient (GrpcClientProtocolClient.java:onNext(264)) - client-8C798EE064B2->dd0a3b65-d36c-4f93-b232-3c8e6f6667b6: receive RaftClientReply:client-8C798EE064B2->dd0a3b65-d36c-4f93-b232-3c8e6f6667b6@group-B02456D89C11, cid=2706, SUCCESS, logIndex=3805, commits[dd0a3b65-d36c-4f93-b232-3c8e6f6667b6:c3805]
2019-09-18 13:04:33,926 [grpc-default-executor-1] INFO  client.GrpcClientProtocolClient (GrpcClientProtocolClient.java:onNext(264)) - client-8C798EE064B2->dd0a3b65-d36c-4f93-b232-3c8e6f6667b6: receive RaftClientReply:client-8C798EE064B2->dd0a3b65-d36c-4f93-b232-3c8e6f6667b6@group-B02456D89C11, cid=2707, SUCCESS, logIndex=3806, commits[dd0a3b65-d36c-4f93-b232-3c8e6f6667b6:c3807]
2019-09-18 13:04:33,926 [grpc-default-executor-1] INFO  client.GrpcClientProtocolClient (GrpcClientProtocolClient.java:onNext(264)) - client-8C798EE064B2->dd0a3b65-d36c-4f93-b232-3c8e6f6667b6: receive RaftClientReply:client-8C798EE064B2->dd0a3b65-d36c-4f93-b232-3c8e6f6667b6@group-B02456D89C11, cid=2708, SUCCESS, logIndex=3807, commits[dd0a3b65-d36c-4f93-b232-3c8e6f6667b6:c3807]
2019-09-18 13:04:33,938 [grpc-default-executor-1] INFO  client.GrpcClientProtocolClient (GrpcClientProtocolClient.java:onNext(264)) - client-8C798EE064B2->dd0a3b65-d36c-4f93-b232-3c8e6f6667b6: receive RaftClientReply:client-8C798EE064B2->dd0a3b65-d36c-4f93-b232-3c8e6f6667b6@group-B02456D89C11, cid=2709, SUCCESS, logIndex=3810, commits[dd0a3b65-d36c-4f93-b232-3c8e6f6667b6:c3813]
2019-09-18 13:04:33,938 [grpc-default-executor-1] INFO  client.GrpcClientProtocolClient (GrpcClientProtocolClient.java:onNext(264)) - client-8C798EE064B2->dd0a3b65-d36c-4f93-b232-3c8e6f6667b6: receive RaftClientReply:client-8C798EE064B2->dd0a3b65-d36c-4f93-b232-3c8e6f6667b6@group-B02456D89C11, cid=2710, SUCCESS, logIndex=3811, commits[dd0a3b65-d36c-4f93-b232-3c8e6f6667b6:c3813]
2019-09-18 13:04:33,938 [grpc-default-executor-1] INFO  client.GrpcClientProtocolClient (GrpcClientProtocolClient.java:onNext(264)) - client-8C798EE064B2->dd0a3b65-d36c-4f93-b232-3c8e6f6667b6: receive RaftClientReply:client-8C798EE064B2->dd0a3b65-d36c-4f93-b232-3c8e6f6667b6@group-B02456D89C11, cid=2711, SUCCESS, logIndex=3812, commits[dd0a3b65-d36c-4f93-b232-3c8e6f6667b6:c3813]
2019-09-18 13:04:33,938 [grpc-default-executor-1] INFO  client.GrpcClientProtocolClient (GrpcClientProtocolClient.java:onNext(264)) - client-8C798EE064B2->dd0a3b65-d36c-4f93-b232-3c8e6f6667b6: receive RaftClientReply:client-8C798EE064B2->dd0a3b65-d36c-4f93-b232-3c8e6f6667b6@group-B02456D89C11, cid=2712, SUCCESS, logIndex=3813, commits[dd0a3b65-d36c-4f93-b232-3c8e6f6667b6:c3813]
2019-09-18 13:04:33,966 [grpc-default-executor-1] INFO  client.GrpcClientProtocolClient (GrpcClientProtocolClient.java:onNext(264)) - client-8C798EE064B2->dd0a3b65-d36c-4f93-b232-3c8e6f6667b6: receive RaftClientReply:client-8C798EE064B2->dd0a3b65-d36c-4f93-b232-3c8e6f6667b6@group-B02456D89C11, cid=2713, SUCCESS, logIndex=3815, commits[dd0a3b65-d36c-4f93-b232-3c8e6f6667b6:c3816]
2019-09-18 13:04:33,967 [grpc-default-executor-1] INFO  client.GrpcClientProtocolClient (GrpcClientProtocolClient.java:onNext(264)) - client-8C798EE064B2->dd0a3b65-d36c-4f93-b232-3c8e6f6667b6: receive RaftClientReply:client-8C798EE064B2->dd0a3b65-d36c-4f93-b232-3c8e6f6667b6@group-B02456D89C11, cid=2714, SUCCESS, logIndex=3816, commits[dd0a3b65-d36c-4f93-b232-3c8e6f6667b6:c3818]
2019-09-18 13:04:33,967 [grpc-default-executor-1] INFO  client.GrpcClientProtocolClient (GrpcClientProtocolClient.java:onNext(264)) - client-8C798EE064B2->dd0a3b65-d36c-4f93-b232-3c8e6f6667b6: receive RaftClientReply:client-8C798EE064B2->dd0a3b65-d36c-4f93-b232-3c8e6f6667b6@group-B02456D89C11, cid=2715, SUCCESS, logIndex=3817, commits[dd0a3b65-d36c-4f93-b232-3c8e6f6667b6:c3819]
2019-09-18 13:04:33,967 [grpc-default-executor-1] INFO  client.GrpcClientProtocolClient (GrpcClientProtocolClient.java:onNext(264)) - client-8C798EE064B2->dd0a3b65-d36c-4f93-b232-3c8e6f6667b6: receive RaftClientReply:client-8C798EE064B2->dd0a3b65-d36c-4f93-b232-3c8e6f6667b6@group-B02456D89C11, cid=2716, SUCCESS, logIndex=3818, commits[dd0a3b65-d36c-4f93-b232-3c8e6f6667b6:c3819]
2019-09-18 13:04:33,987 [grpc-default-executor-0] INFO  client.GrpcClientProtocolClient (GrpcClientProtocolClient.java:onNext(264)) - client-8C798EE064B2->dd0a3b65-d36c-4f93-b232-3c8e6f6667b6: receive RaftClientReply:client-8C798EE064B2->dd0a3b65-d36c-4f93-b232-3c8e6f6667b6@group-B02456D89C11, cid=2717, SUCCESS, logIndex=3821, commits[dd0a3b65-d36c-4f93-b232-3c8e6f6667b6:c3822]
2019-09-18 13:04:33,988 [grpc-default-executor-0] INFO  client.GrpcClientProtocolClient (GrpcClientProtocolClient.java:onNext(264)) - client-8C798EE064B2->dd0a3b65-d36c-4f93-b232-3c8e6f6667b6: receive RaftClientReply:client-8C798EE064B2->dd0a3b65-d36c-4f93-b232-3c8e6f6667b6@group-B02456D89C11, cid=2718, SUCCESS, logIndex=3822, commits[dd0a3b65-d36c-4f93-b232-3c8e6f6667b6:c3824]
2019-09-18 13:04:33,988 [grpc-default-executor-0] INFO  client.GrpcClientProtocolClient (GrpcClientProtocolClient.java:onNext(264)) - client-8C798EE064B2->dd0a3b65-d36c-4f93-b232-3c8e6f6667b6: receive RaftClientReply:client-8C798EE064B2->dd0a3b65-d36c-4f93-b232-3c8e6f6667b6@group-B02456D89C11, cid=2719, SUCCESS, logIndex=3823, commits[dd0a3b65-d36c-4f93-b232-3c8e6f6667b6:c3825]
2019-09-18 13:04:33,988 [grpc-default-executor-0] INFO  client.GrpcClientProtocolClient (GrpcClientProtocolClient.java:onNext(264)) - client-8C798EE064B2->dd0a3b65-d36c-4f93-b232-3c8e6f6667b6: receive RaftClientReply:client-8C798EE064B2->dd0a3b65-d36c-4f93-b232-3c8e6f6667b6@group-B02456D89C11, cid=2720, SUCCESS, logIndex=3824, commits[dd0a3b65-d36c-4f93-b232-3c8e6f6667b6:c3825]
2019-09-18 13:04:34,007 [SCMBlockDeletingService#1] DEBUG block.SCMBlockDeletingService (SCMBlockDeletingService.java:call(138)) - Running DeletedBlockTransactionScanner
2019-09-18 13:04:34,007 [SCMBlockDeletingService#1] DEBUG block.SCMBlockDeletingService (SCMBlockDeletingService.java:call(155)) - Scanned deleted blocks log and got 0 delTX to process.
2019-09-18 13:04:34,019 [grpc-default-executor-0] INFO  client.GrpcClientProtocolClient (GrpcClientProtocolClient.java:onNext(264)) - client-8C798EE064B2->dd0a3b65-d36c-4f93-b232-3c8e6f6667b6: receive RaftClientReply:client-8C798EE064B2->dd0a3b65-d36c-4f93-b232-3c8e6f6667b6@group-B02456D89C11, cid=2721, SUCCESS, logIndex=3827, commits[dd0a3b65-d36c-4f93-b232-3c8e6f6667b6:c3830]
2019-09-18 13:04:34,019 [grpc-default-executor-0] INFO  client.GrpcClientProtocolClient (GrpcClientProtocolClient.java:onNext(264)) - client-8C798EE064B2->dd0a3b65-d36c-4f93-b232-3c8e6f6667b6: receive RaftClientReply:client-8C798EE064B2->dd0a3b65-d36c-4f93-b232-3c8e6f6667b6@group-B02456D89C11, cid=2722, SUCCESS, logIndex=3828, commits[dd0a3b65-d36c-4f93-b232-3c8e6f6667b6:c3831]
2019-09-18 13:04:34,020 [grpc-default-executor-0] INFO  client.GrpcClientProtocolClient (GrpcClientProtocolClient.java:onNext(264)) - client-8C798EE064B2->dd0a3b65-d36c-4f93-b232-3c8e6f6667b6: receive RaftClientReply:client-8C798EE064B2->dd0a3b65-d36c-4f93-b232-3c8e6f6667b6@group-B02456D89C11, cid=2723, SUCCESS, logIndex=3829, commits[dd0a3b65-d36c-4f93-b232-3c8e6f6667b6:c3831]
2019-09-18 13:04:34,020 [grpc-default-executor-0] INFO  client.GrpcClientProtocolClient (GrpcClientProtocolClient.java:onNext(264)) - client-8C798EE064B2->dd0a3b65-d36c-4f93-b232-3c8e6f6667b6: receive RaftClientReply:client-8C798EE064B2->dd0a3b65-d36c-4f93-b232-3c8e6f6667b6@group-B02456D89C11, cid=2724, SUCCESS, logIndex=3830, commits[dd0a3b65-d36c-4f93-b232-3c8e6f6667b6:c3831]
2019-09-18 13:04:34,038 [grpc-default-executor-1] INFO  client.GrpcClientProtocolClient (GrpcClientProtocolClient.java:onNext(264)) - client-8C798EE064B2->dd0a3b65-d36c-4f93-b232-3c8e6f6667b6: receive RaftClientReply:client-8C798EE064B2->dd0a3b65-d36c-4f93-b232-3c8e6f6667b6@group-B02456D89C11, cid=2725, SUCCESS, logIndex=3832, commits[dd0a3b65-d36c-4f93-b232-3c8e6f6667b6:c3833]
2019-09-18 13:04:34,039 [grpc-default-executor-1] INFO  client.GrpcClientProtocolClient (GrpcClientProtocolClient.java:onNext(264)) - client-8C798EE064B2->dd0a3b65-d36c-4f93-b232-3c8e6f6667b6: receive RaftClientReply:client-8C798EE064B2->dd0a3b65-d36c-4f93-b232-3c8e6f6667b6@group-B02456D89C11, cid=2726, SUCCESS, logIndex=3833, commits[dd0a3b65-d36c-4f93-b232-3c8e6f6667b6:c3833]
2019-09-18 13:04:34,040 [grpc-default-executor-1] INFO  client.GrpcClientProtocolClient (GrpcClientProtocolClient.java:onNext(264)) - client-8C798EE064B2->dd0a3b65-d36c-4f93-b232-3c8e6f6667b6: receive RaftClientReply:client-8C798EE064B2->dd0a3b65-d36c-4f93-b232-3c8e6f6667b6@group-B02456D89C11, cid=2727, SUCCESS, logIndex=3834, commits[dd0a3b65-d36c-4f93-b232-3c8e6f6667b6:c3835]
2019-09-18 13:04:34,040 [grpc-default-executor-1] INFO  client.GrpcClientProtocolClient (GrpcClientProtocolClient.java:onNext(264)) - client-8C798EE064B2->dd0a3b65-d36c-4f93-b232-3c8e6f6667b6: receive RaftClientReply:client-8C798EE064B2->dd0a3b65-d36c-4f93-b232-3c8e6f6667b6@group-B02456D89C11, cid=2728, SUCCESS, logIndex=3835, commits[dd0a3b65-d36c-4f93-b232-3c8e6f6667b6:c3836]
2019-09-18 13:04:34,069 [grpc-default-executor-0] INFO  client.GrpcClientProtocolClient (GrpcClientProtocolClient.java:onNext(264)) - client-8C798EE064B2->dd0a3b65-d36c-4f93-b232-3c8e6f6667b6: receive RaftClientReply:client-8C798EE064B2->dd0a3b65-d36c-4f93-b232-3c8e6f6667b6@group-B02456D89C11, cid=2729, SUCCESS, logIndex=3838, commits[dd0a3b65-d36c-4f93-b232-3c8e6f6667b6:c3839]
2019-09-18 13:04:34,070 [grpc-default-executor-0] INFO  client.GrpcClientProtocolClient (GrpcClientProtocolClient.java:onNext(264)) - client-8C798EE064B2->dd0a3b65-d36c-4f93-b232-3c8e6f6667b6: receive RaftClientReply:client-8C798EE064B2->dd0a3b65-d36c-4f93-b232-3c8e6f6667b6@group-B02456D89C11, cid=2730, SUCCESS, logIndex=3839, commits[dd0a3b65-d36c-4f93-b232-3c8e6f6667b6:c3841]
2019-09-18 13:04:34,070 [grpc-default-executor-0] INFO  client.GrpcClientProtocolClient (GrpcClientProtocolClient.java:onNext(264)) - client-8C798EE064B2->dd0a3b65-d36c-4f93-b232-3c8e6f6667b6: receive RaftClientReply:client-8C798EE064B2->dd0a3b65-d36c-4f93-b232-3c8e6f6667b6@group-B02456D89C11, cid=2731, SUCCESS, logIndex=3840, commits[dd0a3b65-d36c-4f93-b232-3c8e6f6667b6:c3842]
2019-09-18 13:04:34,070 [grpc-default-executor-0] INFO  client.GrpcClientProtocolClient (GrpcClientProtocolClient.java:onNext(264)) - client-8C798EE064B2->dd0a3b65-d36c-4f93-b232-3c8e6f6667b6: receive RaftClientReply:client-8C798EE064B2->dd0a3b65-d36c-4f93-b232-3c8e6f6667b6@group-B02456D89C11, cid=2732, SUCCESS, logIndex=3841, commits[dd0a3b65-d36c-4f93-b232-3c8e6f6667b6:c3842]
2019-09-18 13:04:34,092 [grpc-default-executor-1] INFO  client.GrpcClientProtocolClient (GrpcClientProtocolClient.java:onNext(264)) - client-8C798EE064B2->dd0a3b65-d36c-4f93-b232-3c8e6f6667b6: receive RaftClientReply:client-8C798EE064B2->dd0a3b65-d36c-4f93-b232-3c8e6f6667b6@group-B02456D89C11, cid=2733, SUCCESS, logIndex=3844, commits[dd0a3b65-d36c-4f93-b232-3c8e6f6667b6:c3847]
2019-09-18 13:04:34,092 [grpc-default-executor-1] INFO  client.GrpcClientProtocolClient (GrpcClientProtocolClient.java:onNext(264)) - client-8C798EE064B2->dd0a3b65-d36c-4f93-b232-3c8e6f6667b6: receive RaftClientReply:client-8C798EE064B2->dd0a3b65-d36c-4f93-b232-3c8e6f6667b6@group-B02456D89C11, cid=2734, SUCCESS, logIndex=3845, commits[dd0a3b65-d36c-4f93-b232-3c8e6f6667b6:c3848]
2019-09-18 13:04:34,093 [grpc-default-executor-1] INFO  client.GrpcClientProtocolClient (GrpcClientProtocolClient.java:onNext(264)) - client-8C798EE064B2->dd0a3b65-d36c-4f93-b232-3c8e6f6667b6: receive RaftClientReply:client-8C798EE064B2->dd0a3b65-d36c-4f93-b232-3c8e6f6667b6@group-B02456D89C11, cid=2735, SUCCESS, logIndex=3846, commits[dd0a3b65-d36c-4f93-b232-3c8e6f6667b6:c3848]
2019-09-18 13:04:34,093 [grpc-default-executor-1] INFO  client.GrpcClientProtocolClient (GrpcClientProtocolClient.java:onNext(264)) - client-8C798EE064B2->dd0a3b65-d36c-4f93-b232-3c8e6f6667b6: receive RaftClientReply:client-8C798EE064B2->dd0a3b65-d36c-4f93-b232-3c8e6f6667b6@group-B02456D89C11, cid=2736, SUCCESS, logIndex=3847, commits[dd0a3b65-d36c-4f93-b232-3c8e6f6667b6:c3848]
2019-09-18 13:04:34,107 [SCMBlockDeletingService#1] DEBUG block.SCMBlockDeletingService (SCMBlockDeletingService.java:call(138)) - Running DeletedBlockTransactionScanner
2019-09-18 13:04:34,107 [SCMBlockDeletingService#1] DEBUG block.SCMBlockDeletingService (SCMBlockDeletingService.java:call(155)) - Scanned deleted blocks log and got 0 delTX to process.
2019-09-18 13:04:34,121 [grpc-default-executor-1] INFO  client.GrpcClientProtocolClient (GrpcClientProtocolClient.java:onNext(264)) - client-8C798EE064B2->dd0a3b65-d36c-4f93-b232-3c8e6f6667b6: receive RaftClientReply:client-8C798EE064B2->dd0a3b65-d36c-4f93-b232-3c8e6f6667b6@group-B02456D89C11, cid=2737, SUCCESS, logIndex=3849, commits[dd0a3b65-d36c-4f93-b232-3c8e6f6667b6:c3850]
2019-09-18 13:04:34,122 [grpc-default-executor-1] INFO  client.GrpcClientProtocolClient (GrpcClientProtocolClient.java:onNext(264)) - client-8C798EE064B2->dd0a3b65-d36c-4f93-b232-3c8e6f6667b6: receive RaftClientReply:client-8C798EE064B2->dd0a3b65-d36c-4f93-b232-3c8e6f6667b6@group-B02456D89C11, cid=2738, SUCCESS, logIndex=3850, commits[dd0a3b65-d36c-4f93-b232-3c8e6f6667b6:c3852]
2019-09-18 13:04:34,122 [grpc-default-executor-1] INFO  client.GrpcClientProtocolClient (GrpcClientProtocolClient.java:onNext(264)) - client-8C798EE064B2->dd0a3b65-d36c-4f93-b232-3c8e6f6667b6: receive RaftClientReply:client-8C798EE064B2->dd0a3b65-d36c-4f93-b232-3c8e6f6667b6@group-B02456D89C11, cid=2739, SUCCESS, logIndex=3851, commits[dd0a3b65-d36c-4f93-b232-3c8e6f6667b6:c3853]
2019-09-18 13:04:34,123 [grpc-default-executor-1] INFO  client.GrpcClientProtocolClient (GrpcClientProtocolClient.java:onNext(264)) - client-8C798EE064B2->dd0a3b65-d36c-4f93-b232-3c8e6f6667b6: receive RaftClientReply:client-8C798EE064B2->dd0a3b65-d36c-4f93-b232-3c8e6f6667b6@group-B02456D89C11, cid=2740, SUCCESS, logIndex=3852, commits[dd0a3b65-d36c-4f93-b232-3c8e6f6667b6:c3853]
2019-09-18 13:04:34,209 [SCMBlockDeletingService#1] DEBUG block.SCMBlockDeletingService (SCMBlockDeletingService.java:call(138)) - Running DeletedBlockTransactionScanner
2019-09-18 13:04:34,210 [SCMBlockDeletingService#1] DEBUG block.SCMBlockDeletingService (SCMBlockDeletingService.java:call(155)) - Scanned deleted blocks log and got 0 delTX to process.
2019-09-18 13:04:34,310 [SCMBlockDeletingService#1] DEBUG block.SCMBlockDeletingService (SCMBlockDeletingService.java:call(138)) - Running DeletedBlockTransactionScanner
2019-09-18 13:04:34,311 [SCMBlockDeletingService#1] DEBUG block.SCMBlockDeletingService (SCMBlockDeletingService.java:call(155)) - Scanned deleted blocks log and got 0 delTX to process.
2019-09-18 13:04:34,348 [grpc-default-executor-1] INFO  client.GrpcClientProtocolClient (GrpcClientProtocolClient.java:onNext(264)) - client-8C798EE064B2->dd0a3b65-d36c-4f93-b232-3c8e6f6667b6: receive RaftClientReply:client-8C798EE064B2->dd0a3b65-d36c-4f93-b232-3c8e6f6667b6@group-B02456D89C11, cid=2741, SUCCESS, logIndex=3855, commits[dd0a3b65-d36c-4f93-b232-3c8e6f6667b6:c3858]
2019-09-18 13:04:34,348 [grpc-default-executor-1] INFO  client.GrpcClientProtocolClient (GrpcClientProtocolClient.java:onNext(264)) - client-8C798EE064B2->dd0a3b65-d36c-4f93-b232-3c8e6f6667b6: receive RaftClientReply:client-8C798EE064B2->dd0a3b65-d36c-4f93-b232-3c8e6f6667b6@group-B02456D89C11, cid=2742, SUCCESS, logIndex=3856, commits[dd0a3b65-d36c-4f93-b232-3c8e6f6667b6:c3858]
2019-09-18 13:04:34,349 [grpc-default-executor-1] INFO  client.GrpcClientProtocolClient (GrpcClientProtocolClient.java:onNext(264)) - client-8C798EE064B2->dd0a3b65-d36c-4f93-b232-3c8e6f6667b6: receive RaftClientReply:client-8C798EE064B2->dd0a3b65-d36c-4f93-b232-3c8e6f6667b6@group-B02456D89C11, cid=2743, SUCCESS, logIndex=3857, commits[dd0a3b65-d36c-4f93-b232-3c8e6f6667b6:c3859]
2019-09-18 13:04:34,349 [grpc-default-executor-1] INFO  client.GrpcClientProtocolClient (GrpcClientProtocolClient.java:onNext(264)) - client-8C798EE064B2->dd0a3b65-d36c-4f93-b232-3c8e6f6667b6: receive RaftClientReply:client-8C798EE064B2->dd0a3b65-d36c-4f93-b232-3c8e6f6667b6@group-B02456D89C11, cid=2744, SUCCESS, logIndex=3858, commits[dd0a3b65-d36c-4f93-b232-3c8e6f6667b6:c3859]
2019-09-18 13:04:34,384 [grpc-default-executor-0] INFO  client.GrpcClientProtocolClient (GrpcClientProtocolClient.java:onNext(264)) - client-8C798EE064B2->dd0a3b65-d36c-4f93-b232-3c8e6f6667b6: receive RaftClientReply:client-8C798EE064B2->dd0a3b65-d36c-4f93-b232-3c8e6f6667b6@group-B02456D89C11, cid=2745, SUCCESS, logIndex=3860, commits[dd0a3b65-d36c-4f93-b232-3c8e6f6667b6:c3863]
2019-09-18 13:04:34,385 [grpc-default-executor-0] INFO  client.GrpcClientProtocolClient (GrpcClientProtocolClient.java:onNext(264)) - client-8C798EE064B2->dd0a3b65-d36c-4f93-b232-3c8e6f6667b6: receive RaftClientReply:client-8C798EE064B2->dd0a3b65-d36c-4f93-b232-3c8e6f6667b6@group-B02456D89C11, cid=2746, SUCCESS, logIndex=3861, commits[dd0a3b65-d36c-4f93-b232-3c8e6f6667b6:c3864]
2019-09-18 13:04:34,386 [grpc-default-executor-0] INFO  client.GrpcClientProtocolClient (GrpcClientProtocolClient.java:onNext(264)) - client-8C798EE064B2->dd0a3b65-d36c-4f93-b232-3c8e6f6667b6: receive RaftClientReply:client-8C798EE064B2->dd0a3b65-d36c-4f93-b232-3c8e6f6667b6@group-B02456D89C11, cid=2747, SUCCESS, logIndex=3862, commits[dd0a3b65-d36c-4f93-b232-3c8e6f6667b6:c3864]
2019-09-18 13:04:34,386 [grpc-default-executor-0] INFO  client.GrpcClientProtocolClient (GrpcClientProtocolClient.java:onNext(264)) - client-8C798EE064B2->dd0a3b65-d36c-4f93-b232-3c8e6f6667b6: receive RaftClientReply:client-8C798EE064B2->dd0a3b65-d36c-4f93-b232-3c8e6f6667b6@group-B02456D89C11, cid=2748, SUCCESS, logIndex=3863, commits[dd0a3b65-d36c-4f93-b232-3c8e6f6667b6:c3864]
2019-09-18 13:04:34,406 [grpc-default-executor-0] INFO  client.GrpcClientProtocolClient (GrpcClientProtocolClient.java:onNext(264)) - client-8C798EE064B2->dd0a3b65-d36c-4f93-b232-3c8e6f6667b6: receive RaftClientReply:client-8C798EE064B2->dd0a3b65-d36c-4f93-b232-3c8e6f6667b6@group-B02456D89C11, cid=2749, SUCCESS, logIndex=3865, commits[dd0a3b65-d36c-4f93-b232-3c8e6f6667b6:c3866]
2019-09-18 13:04:34,406 [grpc-default-executor-0] INFO  client.GrpcClientProtocolClient (GrpcClientProtocolClient.java:onNext(264)) - client-8C798EE064B2->dd0a3b65-d36c-4f93-b232-3c8e6f6667b6: receive RaftClientReply:client-8C798EE064B2->dd0a3b65-d36c-4f93-b232-3c8e6f6667b6@group-B02456D89C11, cid=2750, SUCCESS, logIndex=3866, commits[dd0a3b65-d36c-4f93-b232-3c8e6f6667b6:c3868]
2019-09-18 13:04:34,407 [grpc-default-executor-0] INFO  client.GrpcClientProtocolClient (GrpcClientProtocolClient.java:onNext(264)) - client-8C798EE064B2->dd0a3b65-d36c-4f93-b232-3c8e6f6667b6: receive RaftClientReply:client-8C798EE064B2->dd0a3b65-d36c-4f93-b232-3c8e6f6667b6@group-B02456D89C11, cid=2751, SUCCESS, logIndex=3867, commits[dd0a3b65-d36c-4f93-b232-3c8e6f6667b6:c3868]
2019-09-18 13:04:34,407 [grpc-default-executor-0] INFO  client.GrpcClientProtocolClient (GrpcClientProtocolClient.java:onNext(264)) - client-8C798EE064B2->dd0a3b65-d36c-4f93-b232-3c8e6f6667b6: receive RaftClientReply:client-8C798EE064B2->dd0a3b65-d36c-4f93-b232-3c8e6f6667b6@group-B02456D89C11, cid=2752, SUCCESS, logIndex=3868, commits[dd0a3b65-d36c-4f93-b232-3c8e6f6667b6:c3869]
2019-09-18 13:04:34,411 [SCMBlockDeletingService#1] DEBUG block.SCMBlockDeletingService (SCMBlockDeletingService.java:call(138)) - Running DeletedBlockTransactionScanner
2019-09-18 13:04:34,411 [SCMBlockDeletingService#1] DEBUG block.SCMBlockDeletingService (SCMBlockDeletingService.java:call(155)) - Scanned deleted blocks log and got 0 delTX to process.
2019-09-18 13:04:34,437 [grpc-default-executor-0] INFO  client.GrpcClientProtocolClient (GrpcClientProtocolClient.java:onNext(264)) - client-8C798EE064B2->dd0a3b65-d36c-4f93-b232-3c8e6f6667b6: receive RaftClientReply:client-8C798EE064B2->dd0a3b65-d36c-4f93-b232-3c8e6f6667b6@group-B02456D89C11, cid=2753, SUCCESS, logIndex=3871, commits[dd0a3b65-d36c-4f93-b232-3c8e6f6667b6:c3872]
2019-09-18 13:04:34,437 [grpc-default-executor-0] INFO  client.GrpcClientProtocolClient (GrpcClientProtocolClient.java:onNext(264)) - client-8C798EE064B2->dd0a3b65-d36c-4f93-b232-3c8e6f6667b6: receive RaftClientReply:client-8C798EE064B2->dd0a3b65-d36c-4f93-b232-3c8e6f6667b6@group-B02456D89C11, cid=2754, SUCCESS, logIndex=3872, commits[dd0a3b65-d36c-4f93-b232-3c8e6f6667b6:c3874]
2019-09-18 13:04:34,438 [grpc-default-executor-0] INFO  client.GrpcClientProtocolClient (GrpcClientProtocolClient.java:onNext(264)) - client-8C798EE064B2->dd0a3b65-d36c-4f93-b232-3c8e6f6667b6: receive RaftClientReply:client-8C798EE064B2->dd0a3b65-d36c-4f93-b232-3c8e6f6667b6@group-B02456D89C11, cid=2755, SUCCESS, logIndex=3873, commits[dd0a3b65-d36c-4f93-b232-3c8e6f6667b6:c3875]
2019-09-18 13:04:34,438 [grpc-default-executor-0] INFO  client.GrpcClientProtocolClient (GrpcClientProtocolClient.java:onNext(264)) - client-8C798EE064B2->dd0a3b65-d36c-4f93-b232-3c8e6f6667b6: receive RaftClientReply:client-8C798EE064B2->dd0a3b65-d36c-4f93-b232-3c8e6f6667b6@group-B02456D89C11, cid=2756, SUCCESS, logIndex=3874, commits[dd0a3b65-d36c-4f93-b232-3c8e6f6667b6:c3875]
2019-09-18 13:04:34,459 [grpc-default-executor-0] INFO  client.GrpcClientProtocolClient (GrpcClientProtocolClient.java:onNext(264)) - client-8C798EE064B2->dd0a3b65-d36c-4f93-b232-3c8e6f6667b6: receive RaftClientReply:client-8C798EE064B2->dd0a3b65-d36c-4f93-b232-3c8e6f6667b6@group-B02456D89C11, cid=2757, SUCCESS, logIndex=3877, commits[dd0a3b65-d36c-4f93-b232-3c8e6f6667b6:c3878]
2019-09-18 13:04:34,459 [grpc-default-executor-0] INFO  client.GrpcClientProtocolClient (GrpcClientProtocolClient.java:onNext(264)) - client-8C798EE064B2->dd0a3b65-d36c-4f93-b232-3c8e6f6667b6: receive RaftClientReply:client-8C798EE064B2->dd0a3b65-d36c-4f93-b232-3c8e6f6667b6@group-B02456D89C11, cid=2758, SUCCESS, logIndex=3878, commits[dd0a3b65-d36c-4f93-b232-3c8e6f6667b6:c3878]
2019-09-18 13:04:34,460 [grpc-default-executor-0] INFO  client.GrpcClientProtocolClient (GrpcClientProtocolClient.java:onNext(264)) - client-8C798EE064B2->dd0a3b65-d36c-4f93-b232-3c8e6f6667b6: receive RaftClientReply:client-8C798EE064B2->dd0a3b65-d36c-4f93-b232-3c8e6f6667b6@group-B02456D89C11, cid=2759, SUCCESS, logIndex=3879, commits[dd0a3b65-d36c-4f93-b232-3c8e6f6667b6:c3880]
2019-09-18 13:04:34,460 [grpc-default-executor-0] INFO  client.GrpcClientProtocolClient (GrpcClientProtocolClient.java:onNext(264)) - client-8C798EE064B2->dd0a3b65-d36c-4f93-b232-3c8e6f6667b6: receive RaftClientReply:client-8C798EE064B2->dd0a3b65-d36c-4f93-b232-3c8e6f6667b6@group-B02456D89C11, cid=2760, SUCCESS, logIndex=3880, commits[dd0a3b65-d36c-4f93-b232-3c8e6f6667b6:c3880]
2019-09-18 13:04:34,488 [grpc-default-executor-1] INFO  client.GrpcClientProtocolClient (GrpcClientProtocolClient.java:onNext(264)) - client-8C798EE064B2->dd0a3b65-d36c-4f93-b232-3c8e6f6667b6: receive RaftClientReply:client-8C798EE064B2->dd0a3b65-d36c-4f93-b232-3c8e6f6667b6@group-B02456D89C11, cid=2761, SUCCESS, logIndex=3883, commits[dd0a3b65-d36c-4f93-b232-3c8e6f6667b6:c3884]
2019-09-18 13:04:34,488 [grpc-default-executor-1] INFO  client.GrpcClientProtocolClient (GrpcClientProtocolClient.java:onNext(264)) - client-8C798EE064B2->dd0a3b65-d36c-4f93-b232-3c8e6f6667b6: receive RaftClientReply:client-8C798EE064B2->dd0a3b65-d36c-4f93-b232-3c8e6f6667b6@group-B02456D89C11, cid=2762, SUCCESS, logIndex=3884, commits[dd0a3b65-d36c-4f93-b232-3c8e6f6667b6:c3887]
2019-09-18 13:04:34,489 [grpc-default-executor-1] INFO  client.GrpcClientProtocolClient (GrpcClientProtocolClient.java:onNext(264)) - client-8C798EE064B2->dd0a3b65-d36c-4f93-b232-3c8e6f6667b6: receive RaftClientReply:client-8C798EE064B2->dd0a3b65-d36c-4f93-b232-3c8e6f6667b6@group-B02456D89C11, cid=2763, SUCCESS, logIndex=3885, commits[dd0a3b65-d36c-4f93-b232-3c8e6f6667b6:c3887]
2019-09-18 13:04:34,489 [grpc-default-executor-1] INFO  client.GrpcClientProtocolClient (GrpcClientProtocolClient.java:onNext(264)) - client-8C798EE064B2->dd0a3b65-d36c-4f93-b232-3c8e6f6667b6: receive RaftClientReply:client-8C798EE064B2->dd0a3b65-d36c-4f93-b232-3c8e6f6667b6@group-B02456D89C11, cid=2764, SUCCESS, logIndex=3886, commits[dd0a3b65-d36c-4f93-b232-3c8e6f6667b6:c3887]
2019-09-18 13:04:34,511 [SCMBlockDeletingService#1] DEBUG block.SCMBlockDeletingService (SCMBlockDeletingService.java:call(138)) - Running DeletedBlockTransactionScanner
2019-09-18 13:04:34,512 [SCMBlockDeletingService#1] DEBUG block.SCMBlockDeletingService (SCMBlockDeletingService.java:call(155)) - Scanned deleted blocks log and got 0 delTX to process.
2019-09-18 13:04:34,514 [grpc-default-executor-1] INFO  client.GrpcClientProtocolClient (GrpcClientProtocolClient.java:onNext(264)) - client-8C798EE064B2->dd0a3b65-d36c-4f93-b232-3c8e6f6667b6: receive RaftClientReply:client-8C798EE064B2->dd0a3b65-d36c-4f93-b232-3c8e6f6667b6@group-B02456D89C11, cid=2765, SUCCESS, logIndex=3889, commits[dd0a3b65-d36c-4f93-b232-3c8e6f6667b6:c3892]
2019-09-18 13:04:34,515 [grpc-default-executor-1] INFO  client.GrpcClientProtocolClient (GrpcClientProtocolClient.java:onNext(264)) - client-8C798EE064B2->dd0a3b65-d36c-4f93-b232-3c8e6f6667b6: receive RaftClientReply:client-8C798EE064B2->dd0a3b65-d36c-4f93-b232-3c8e6f6667b6@group-B02456D89C11, cid=2766, SUCCESS, logIndex=3890, commits[dd0a3b65-d36c-4f93-b232-3c8e6f6667b6:c3893]
2019-09-18 13:04:34,515 [grpc-default-executor-1] INFO  client.GrpcClientProtocolClient (GrpcClientProtocolClient.java:onNext(264)) - client-8C798EE064B2->dd0a3b65-d36c-4f93-b232-3c8e6f6667b6: receive RaftClientReply:client-8C798EE064B2->dd0a3b65-d36c-4f93-b232-3c8e6f6667b6@group-B02456D89C11, cid=2767, SUCCESS, logIndex=3891, commits[dd0a3b65-d36c-4f93-b232-3c8e6f6667b6:c3893]
2019-09-18 13:04:34,516 [grpc-default-executor-1] INFO  client.GrpcClientProtocolClient (GrpcClientProtocolClient.java:onNext(264)) - client-8C798EE064B2->dd0a3b65-d36c-4f93-b232-3c8e6f6667b6: receive RaftClientReply:client-8C798EE064B2->dd0a3b65-d36c-4f93-b232-3c8e6f6667b6@group-B02456D89C11, cid=2768, SUCCESS, logIndex=3892, commits[dd0a3b65-d36c-4f93-b232-3c8e6f6667b6:c3893]
2019-09-18 13:04:34,545 [grpc-default-executor-1] INFO  client.GrpcClientProtocolClient (GrpcClientProtocolClient.java:onNext(264)) - client-8C798EE064B2->dd0a3b65-d36c-4f93-b232-3c8e6f6667b6: receive RaftClientReply:client-8C798EE064B2->dd0a3b65-d36c-4f93-b232-3c8e6f6667b6@group-B02456D89C11, cid=2769, SUCCESS, logIndex=3894, commits[dd0a3b65-d36c-4f93-b232-3c8e6f6667b6:c3897]
2019-09-18 13:04:34,546 [grpc-default-executor-1] INFO  client.GrpcClientProtocolClient (GrpcClientProtocolClient.java:onNext(264)) - client-8C798EE064B2->dd0a3b65-d36c-4f93-b232-3c8e6f6667b6: receive RaftClientReply:client-8C798EE064B2->dd0a3b65-d36c-4f93-b232-3c8e6f6667b6@group-B02456D89C11, cid=2770, SUCCESS, logIndex=3895, commits[dd0a3b65-d36c-4f93-b232-3c8e6f6667b6:c3898]
2019-09-18 13:04:34,546 [grpc-default-executor-1] INFO  client.GrpcClientProtocolClient (GrpcClientProtocolClient.java:onNext(264)) - client-8C798EE064B2->dd0a3b65-d36c-4f93-b232-3c8e6f6667b6: receive RaftClientReply:client-8C798EE064B2->dd0a3b65-d36c-4f93-b232-3c8e6f6667b6@group-B02456D89C11, cid=2771, SUCCESS, logIndex=3896, commits[dd0a3b65-d36c-4f93-b232-3c8e6f6667b6:c3898]
2019-09-18 13:04:34,547 [grpc-default-executor-1] INFO  client.GrpcClientProtocolClient (GrpcClientProtocolClient.java:onNext(264)) - client-8C798EE064B2->dd0a3b65-d36c-4f93-b232-3c8e6f6667b6: receive RaftClientReply:client-8C798EE064B2->dd0a3b65-d36c-4f93-b232-3c8e6f6667b6@group-B02456D89C11, cid=2772, SUCCESS, logIndex=3897, commits[dd0a3b65-d36c-4f93-b232-3c8e6f6667b6:c3898]
2019-09-18 13:04:34,567 [grpc-default-executor-1] INFO  client.GrpcClientProtocolClient (GrpcClientProtocolClient.java:onNext(264)) - client-8C798EE064B2->dd0a3b65-d36c-4f93-b232-3c8e6f6667b6: receive RaftClientReply:client-8C798EE064B2->dd0a3b65-d36c-4f93-b232-3c8e6f6667b6@group-B02456D89C11, cid=2773, SUCCESS, logIndex=3899, commits[dd0a3b65-d36c-4f93-b232-3c8e6f6667b6:c3900]
2019-09-18 13:04:34,568 [grpc-default-executor-1] INFO  client.GrpcClientProtocolClient (GrpcClientProtocolClient.java:onNext(264)) - client-8C798EE064B2->dd0a3b65-d36c-4f93-b232-3c8e6f6667b6: receive RaftClientReply:client-8C798EE064B2->dd0a3b65-d36c-4f93-b232-3c8e6f6667b6@group-B02456D89C11, cid=2774, SUCCESS, logIndex=3900, commits[dd0a3b65-d36c-4f93-b232-3c8e6f6667b6:c3902]
2019-09-18 13:04:34,568 [grpc-default-executor-1] INFO  client.GrpcClientProtocolClient (GrpcClientProtocolClient.java:onNext(264)) - client-8C798EE064B2->dd0a3b65-d36c-4f93-b232-3c8e6f6667b6: receive RaftClientReply:client-8C798EE064B2->dd0a3b65-d36c-4f93-b232-3c8e6f6667b6@group-B02456D89C11, cid=2775, SUCCESS, logIndex=3901, commits[dd0a3b65-d36c-4f93-b232-3c8e6f6667b6:c3902]
2019-09-18 13:04:34,569 [grpc-default-executor-1] INFO  client.GrpcClientProtocolClient (GrpcClientProtocolClient.java:onNext(264)) - client-8C798EE064B2->dd0a3b65-d36c-4f93-b232-3c8e6f6667b6: receive RaftClientReply:client-8C798EE064B2->dd0a3b65-d36c-4f93-b232-3c8e6f6667b6@group-B02456D89C11, cid=2776, SUCCESS, logIndex=3902, commits[dd0a3b65-d36c-4f93-b232-3c8e6f6667b6:c3902]
2019-09-18 13:04:34,598 [grpc-default-executor-1] INFO  client.GrpcClientProtocolClient (GrpcClientProtocolClient.java:onNext(264)) - client-8C798EE064B2->dd0a3b65-d36c-4f93-b232-3c8e6f6667b6: receive RaftClientReply:client-8C798EE064B2->dd0a3b65-d36c-4f93-b232-3c8e6f6667b6@group-B02456D89C11, cid=2777, SUCCESS, logIndex=3905, commits[dd0a3b65-d36c-4f93-b232-3c8e6f6667b6:c3908]
2019-09-18 13:04:34,599 [grpc-default-executor-1] INFO  client.GrpcClientProtocolClient (GrpcClientProtocolClient.java:onNext(264)) - client-8C798EE064B2->dd0a3b65-d36c-4f93-b232-3c8e6f6667b6: receive RaftClientReply:client-8C798EE064B2->dd0a3b65-d36c-4f93-b232-3c8e6f6667b6@group-B02456D89C11, cid=2778, SUCCESS, logIndex=3906, commits[dd0a3b65-d36c-4f93-b232-3c8e6f6667b6:c3909]
2019-09-18 13:04:34,599 [grpc-default-executor-1] INFO  client.GrpcClientProtocolClient (GrpcClientProtocolClient.java:onNext(264)) - client-8C798EE064B2->dd0a3b65-d36c-4f93-b232-3c8e6f6667b6: receive RaftClientReply:client-8C798EE064B2->dd0a3b65-d36c-4f93-b232-3c8e6f6667b6@group-B02456D89C11, cid=2779, SUCCESS, logIndex=3907, commits[dd0a3b65-d36c-4f93-b232-3c8e6f6667b6:c3909]
2019-09-18 13:04:34,599 [grpc-default-executor-1] INFO  client.GrpcClientProtocolClient (GrpcClientProtocolClient.java:onNext(264)) - client-8C798EE064B2->dd0a3b65-d36c-4f93-b232-3c8e6f6667b6: receive RaftClientReply:client-8C798EE064B2->dd0a3b65-d36c-4f93-b232-3c8e6f6667b6@group-B02456D89C11, cid=2780, SUCCESS, logIndex=3908, commits[dd0a3b65-d36c-4f93-b232-3c8e6f6667b6:c3909]
2019-09-18 13:04:34,612 [SCMBlockDeletingService#1] DEBUG block.SCMBlockDeletingService (SCMBlockDeletingService.java:call(138)) - Running DeletedBlockTransactionScanner
2019-09-18 13:04:34,613 [SCMBlockDeletingService#1] DEBUG block.SCMBlockDeletingService (SCMBlockDeletingService.java:call(155)) - Scanned deleted blocks log and got 0 delTX to process.
2019-09-18 13:04:34,622 [grpc-default-executor-1] INFO  client.GrpcClientProtocolClient (GrpcClientProtocolClient.java:onNext(264)) - client-8C798EE064B2->dd0a3b65-d36c-4f93-b232-3c8e6f6667b6: receive RaftClientReply:client-8C798EE064B2->dd0a3b65-d36c-4f93-b232-3c8e6f6667b6@group-B02456D89C11, cid=2781, SUCCESS, logIndex=3910, commits[dd0a3b65-d36c-4f93-b232-3c8e6f6667b6:c3911]
2019-09-18 13:04:34,622 [grpc-default-executor-1] INFO  client.GrpcClientProtocolClient (GrpcClientProtocolClient.java:onNext(264)) - client-8C798EE064B2->dd0a3b65-d36c-4f93-b232-3c8e6f6667b6: receive RaftClientReply:client-8C798EE064B2->dd0a3b65-d36c-4f93-b232-3c8e6f6667b6@group-B02456D89C11, cid=2782, SUCCESS, logIndex=3911, commits[dd0a3b65-d36c-4f93-b232-3c8e6f6667b6:c3913]
2019-09-18 13:04:34,622 [grpc-default-executor-1] INFO  client.GrpcClientProtocolClient (GrpcClientProtocolClient.java:onNext(264)) - client-8C798EE064B2->dd0a3b65-d36c-4f93-b232-3c8e6f6667b6: receive RaftClientReply:client-8C798EE064B2->dd0a3b65-d36c-4f93-b232-3c8e6f6667b6@group-B02456D89C11, cid=2783, SUCCESS, logIndex=3912, commits[dd0a3b65-d36c-4f93-b232-3c8e6f6667b6:c3913]
2019-09-18 13:04:34,622 [grpc-default-executor-1] INFO  client.GrpcClientProtocolClient (GrpcClientProtocolClient.java:onNext(264)) - client-8C798EE064B2->dd0a3b65-d36c-4f93-b232-3c8e6f6667b6: receive RaftClientReply:client-8C798EE064B2->dd0a3b65-d36c-4f93-b232-3c8e6f6667b6@group-B02456D89C11, cid=2784, SUCCESS, logIndex=3913, commits[dd0a3b65-d36c-4f93-b232-3c8e6f6667b6:c3914]
2019-09-18 13:04:34,713 [SCMBlockDeletingService#1] DEBUG block.SCMBlockDeletingService (SCMBlockDeletingService.java:call(138)) - Running DeletedBlockTransactionScanner
2019-09-18 13:04:34,713 [SCMBlockDeletingService#1] DEBUG block.SCMBlockDeletingService (SCMBlockDeletingService.java:call(155)) - Scanned deleted blocks log and got 0 delTX to process.
2019-09-18 13:04:34,748 [grpc-default-executor-0] INFO  client.GrpcClientProtocolClient (GrpcClientProtocolClient.java:onNext(264)) - client-8C798EE064B2->dd0a3b65-d36c-4f93-b232-3c8e6f6667b6: receive RaftClientReply:client-8C798EE064B2->dd0a3b65-d36c-4f93-b232-3c8e6f6667b6@group-B02456D89C11, cid=2785, SUCCESS, logIndex=3916, commits[dd0a3b65-d36c-4f93-b232-3c8e6f6667b6:c3917]
2019-09-18 13:04:34,749 [grpc-default-executor-0] INFO  client.GrpcClientProtocolClient (GrpcClientProtocolClient.java:onNext(264)) - client-8C798EE064B2->dd0a3b65-d36c-4f93-b232-3c8e6f6667b6: receive RaftClientReply:client-8C798EE064B2->dd0a3b65-d36c-4f93-b232-3c8e6f6667b6@group-B02456D89C11, cid=2786, SUCCESS, logIndex=3917, commits[dd0a3b65-d36c-4f93-b232-3c8e6f6667b6:c3919]
2019-09-18 13:04:34,749 [grpc-default-executor-0] INFO  client.GrpcClientProtocolClient (GrpcClientProtocolClient.java:onNext(264)) - client-8C798EE064B2->dd0a3b65-d36c-4f93-b232-3c8e6f6667b6: receive RaftClientReply:client-8C798EE064B2->dd0a3b65-d36c-4f93-b232-3c8e6f6667b6@group-B02456D89C11, cid=2787, SUCCESS, logIndex=3918, commits[dd0a3b65-d36c-4f93-b232-3c8e6f6667b6:c3920]
2019-09-18 13:04:34,749 [grpc-default-executor-0] INFO  client.GrpcClientProtocolClient (GrpcClientProtocolClient.java:onNext(264)) - client-8C798EE064B2->dd0a3b65-d36c-4f93-b232-3c8e6f6667b6: receive RaftClientReply:client-8C798EE064B2->dd0a3b65-d36c-4f93-b232-3c8e6f6667b6@group-B02456D89C11, cid=2788, SUCCESS, logIndex=3919, commits[dd0a3b65-d36c-4f93-b232-3c8e6f6667b6:c3920]
2019-09-18 13:04:34,767 [grpc-default-executor-0] INFO  client.GrpcClientProtocolClient (GrpcClientProtocolClient.java:onNext(264)) - client-8C798EE064B2->dd0a3b65-d36c-4f93-b232-3c8e6f6667b6: receive RaftClientReply:client-8C798EE064B2->dd0a3b65-d36c-4f93-b232-3c8e6f6667b6@group-B02456D89C11, cid=2789, SUCCESS, logIndex=3922, commits[dd0a3b65-d36c-4f93-b232-3c8e6f6667b6:c3923]
2019-09-18 13:04:34,768 [grpc-default-executor-0] INFO  client.GrpcClientProtocolClient (GrpcClientProtocolClient.java:onNext(264)) - client-8C798EE064B2->dd0a3b65-d36c-4f93-b232-3c8e6f6667b6: receive RaftClientReply:client-8C798EE064B2->dd0a3b65-d36c-4f93-b232-3c8e6f6667b6@group-B02456D89C11, cid=2790, SUCCESS, logIndex=3923, commits[dd0a3b65-d36c-4f93-b232-3c8e6f6667b6:c3925]
2019-09-18 13:04:34,768 [grpc-default-executor-0] INFO  client.GrpcClientProtocolClient (GrpcClientProtocolClient.java:onNext(264)) - client-8C798EE064B2->dd0a3b65-d36c-4f93-b232-3c8e6f6667b6: receive RaftClientReply:client-8C798EE064B2->dd0a3b65-d36c-4f93-b232-3c8e6f6667b6@group-B02456D89C11, cid=2791, SUCCESS, logIndex=3924, commits[dd0a3b65-d36c-4f93-b232-3c8e6f6667b6:c3925]
2019-09-18 13:04:34,768 [grpc-default-executor-0] INFO  client.GrpcClientProtocolClient (GrpcClientProtocolClient.java:onNext(264)) - client-8C798EE064B2->dd0a3b65-d36c-4f93-b232-3c8e6f6667b6: receive RaftClientReply:client-8C798EE064B2->dd0a3b65-d36c-4f93-b232-3c8e6f6667b6@group-B02456D89C11, cid=2792, SUCCESS, logIndex=3925, commits[dd0a3b65-d36c-4f93-b232-3c8e6f6667b6:c3926]
2019-09-18 13:04:34,800 [grpc-default-executor-0] INFO  client.GrpcClientProtocolClient (GrpcClientProtocolClient.java:onNext(264)) - client-8C798EE064B2->dd0a3b65-d36c-4f93-b232-3c8e6f6667b6: receive RaftClientReply:client-8C798EE064B2->dd0a3b65-d36c-4f93-b232-3c8e6f6667b6@group-B02456D89C11, cid=2793, SUCCESS, logIndex=3928, commits[dd0a3b65-d36c-4f93-b232-3c8e6f6667b6:c3931]
2019-09-18 13:04:34,800 [grpc-default-executor-0] INFO  client.GrpcClientProtocolClient (GrpcClientProtocolClient.java:onNext(264)) - client-8C798EE064B2->dd0a3b65-d36c-4f93-b232-3c8e6f6667b6: receive RaftClientReply:client-8C798EE064B2->dd0a3b65-d36c-4f93-b232-3c8e6f6667b6@group-B02456D89C11, cid=2794, SUCCESS, logIndex=3929, commits[dd0a3b65-d36c-4f93-b232-3c8e6f6667b6:c3932]
2019-09-18 13:04:34,801 [grpc-default-executor-0] INFO  client.GrpcClientProtocolClient (GrpcClientProtocolClient.java:onNext(264)) - client-8C798EE064B2->dd0a3b65-d36c-4f93-b232-3c8e6f6667b6: receive RaftClientReply:client-8C798EE064B2->dd0a3b65-d36c-4f93-b232-3c8e6f6667b6@group-B02456D89C11, cid=2795, SUCCESS, logIndex=3930, commits[dd0a3b65-d36c-4f93-b232-3c8e6f6667b6:c3932]
2019-09-18 13:04:34,801 [grpc-default-executor-0] INFO  client.GrpcClientProtocolClient (GrpcClientProtocolClient.java:onNext(264)) - client-8C798EE064B2->dd0a3b65-d36c-4f93-b232-3c8e6f6667b6: receive RaftClientReply:client-8C798EE064B2->dd0a3b65-d36c-4f93-b232-3c8e6f6667b6@group-B02456D89C11, cid=2796, SUCCESS, logIndex=3931, commits[dd0a3b65-d36c-4f93-b232-3c8e6f6667b6:c3932]
2019-09-18 13:04:34,814 [SCMBlockDeletingService#1] DEBUG block.SCMBlockDeletingService (SCMBlockDeletingService.java:call(138)) - Running DeletedBlockTransactionScanner
2019-09-18 13:04:34,814 [SCMBlockDeletingService#1] DEBUG block.SCMBlockDeletingService (SCMBlockDeletingService.java:call(155)) - Scanned deleted blocks log and got 0 delTX to process.
2019-09-18 13:04:34,822 [grpc-default-executor-1] INFO  client.GrpcClientProtocolClient (GrpcClientProtocolClient.java:onNext(264)) - client-8C798EE064B2->dd0a3b65-d36c-4f93-b232-3c8e6f6667b6: receive RaftClientReply:client-8C798EE064B2->dd0a3b65-d36c-4f93-b232-3c8e6f6667b6@group-B02456D89C11, cid=2797, SUCCESS, logIndex=3933, commits[dd0a3b65-d36c-4f93-b232-3c8e6f6667b6:c3936]
2019-09-18 13:04:34,822 [grpc-default-executor-1] INFO  client.GrpcClientProtocolClient (GrpcClientProtocolClient.java:onNext(264)) - client-8C798EE064B2->dd0a3b65-d36c-4f93-b232-3c8e6f6667b6: receive RaftClientReply:client-8C798EE064B2->dd0a3b65-d36c-4f93-b232-3c8e6f6667b6@group-B02456D89C11, cid=2798, SUCCESS, logIndex=3934, commits[dd0a3b65-d36c-4f93-b232-3c8e6f6667b6:c3937]
2019-09-18 13:04:34,822 [grpc-default-executor-1] INFO  client.GrpcClientProtocolClient (GrpcClientProtocolClient.java:onNext(264)) - client-8C798EE064B2->dd0a3b65-d36c-4f93-b232-3c8e6f6667b6: receive RaftClientReply:client-8C798EE064B2->dd0a3b65-d36c-4f93-b232-3c8e6f6667b6@group-B02456D89C11, cid=2799, SUCCESS, logIndex=3935, commits[dd0a3b65-d36c-4f93-b232-3c8e6f6667b6:c3937]
2019-09-18 13:04:34,823 [grpc-default-executor-1] INFO  client.GrpcClientProtocolClient (GrpcClientProtocolClient.java:onNext(264)) - client-8C798EE064B2->dd0a3b65-d36c-4f93-b232-3c8e6f6667b6: receive RaftClientReply:client-8C798EE064B2->dd0a3b65-d36c-4f93-b232-3c8e6f6667b6@group-B02456D89C11, cid=2800, SUCCESS, logIndex=3936, commits[dd0a3b65-d36c-4f93-b232-3c8e6f6667b6:c3937]
2019-09-18 13:04:34,854 [grpc-default-executor-1] INFO  client.GrpcClientProtocolClient (GrpcClientProtocolClient.java:onNext(264)) - client-8C798EE064B2->dd0a3b65-d36c-4f93-b232-3c8e6f6667b6: receive RaftClientReply:client-8C798EE064B2->dd0a3b65-d36c-4f93-b232-3c8e6f6667b6@group-B02456D89C11, cid=2801, SUCCESS, logIndex=3938, commits[dd0a3b65-d36c-4f93-b232-3c8e6f6667b6:c3941]
2019-09-18 13:04:34,855 [grpc-default-executor-1] INFO  client.GrpcClientProtocolClient (GrpcClientProtocolClient.java:onNext(264)) - client-8C798EE064B2->dd0a3b65-d36c-4f93-b232-3c8e6f6667b6: receive RaftClientReply:client-8C798EE064B2->dd0a3b65-d36c-4f93-b232-3c8e6f6667b6@group-B02456D89C11, cid=2802, SUCCESS, logIndex=3939, commits[dd0a3b65-d36c-4f93-b232-3c8e6f6667b6:c3942]
2019-09-18 13:04:34,855 [grpc-default-executor-1] INFO  client.GrpcClientProtocolClient (GrpcClientProtocolClient.java:onNext(264)) - client-8C798EE064B2->dd0a3b65-d36c-4f93-b232-3c8e6f6667b6: receive RaftClientReply:client-8C798EE064B2->dd0a3b65-d36c-4f93-b232-3c8e6f6667b6@group-B02456D89C11, cid=2803, SUCCESS, logIndex=3940, commits[dd0a3b65-d36c-4f93-b232-3c8e6f6667b6:c3942]
2019-09-18 13:04:34,856 [grpc-default-executor-1] INFO  client.GrpcClientProtocolClient (GrpcClientProtocolClient.java:onNext(264)) - client-8C798EE064B2->dd0a3b65-d36c-4f93-b232-3c8e6f6667b6: receive RaftClientReply:client-8C798EE064B2->dd0a3b65-d36c-4f93-b232-3c8e6f6667b6@group-B02456D89C11, cid=2804, SUCCESS, logIndex=3941, commits[dd0a3b65-d36c-4f93-b232-3c8e6f6667b6:c3942]
2019-09-18 13:04:34,876 [grpc-default-executor-0] INFO  client.GrpcClientProtocolClient (GrpcClientProtocolClient.java:onNext(264)) - client-8C798EE064B2->dd0a3b65-d36c-4f93-b232-3c8e6f6667b6: receive RaftClientReply:client-8C798EE064B2->dd0a3b65-d36c-4f93-b232-3c8e6f6667b6@group-B02456D89C11, cid=2805, SUCCESS, logIndex=3943, commits[dd0a3b65-d36c-4f93-b232-3c8e6f6667b6:c3946]
2019-09-18 13:04:34,876 [grpc-default-executor-0] INFO  client.GrpcClientProtocolClient (GrpcClientProtocolClient.java:onNext(264)) - client-8C798EE064B2->dd0a3b65-d36c-4f93-b232-3c8e6f6667b6: receive RaftClientReply:client-8C798EE064B2->dd0a3b65-d36c-4f93-b232-3c8e6f6667b6@group-B02456D89C11, cid=2806, SUCCESS, logIndex=3944, commits[dd0a3b65-d36c-4f93-b232-3c8e6f6667b6:c3946]
2019-09-18 13:04:34,877 [grpc-default-executor-0] INFO  client.GrpcClientProtocolClient (GrpcClientProtocolClient.java:onNext(264)) - client-8C798EE064B2->dd0a3b65-d36c-4f93-b232-3c8e6f6667b6: receive RaftClientReply:client-8C798EE064B2->dd0a3b65-d36c-4f93-b232-3c8e6f6667b6@group-B02456D89C11, cid=2807, SUCCESS, logIndex=3945, commits[dd0a3b65-d36c-4f93-b232-3c8e6f6667b6:c3947]
2019-09-18 13:04:34,877 [grpc-default-executor-0] INFO  client.GrpcClientProtocolClient (GrpcClientProtocolClient.java:onNext(264)) - client-8C798EE064B2->dd0a3b65-d36c-4f93-b232-3c8e6f6667b6: receive RaftClientReply:client-8C798EE064B2->dd0a3b65-d36c-4f93-b232-3c8e6f6667b6@group-B02456D89C11, cid=2808, SUCCESS, logIndex=3946, commits[dd0a3b65-d36c-4f93-b232-3c8e6f6667b6:c3947]
2019-09-18 13:04:34,908 [grpc-default-executor-0] INFO  client.GrpcClientProtocolClient (GrpcClientProtocolClient.java:onNext(264)) - client-8C798EE064B2->dd0a3b65-d36c-4f93-b232-3c8e6f6667b6: receive RaftClientReply:client-8C798EE064B2->dd0a3b65-d36c-4f93-b232-3c8e6f6667b6@group-B02456D89C11, cid=2809, SUCCESS, logIndex=3948, commits[dd0a3b65-d36c-4f93-b232-3c8e6f6667b6:c3951]
2019-09-18 13:04:34,909 [grpc-default-executor-0] INFO  client.GrpcClientProtocolClient (GrpcClientProtocolClient.java:onNext(264)) - client-8C798EE064B2->dd0a3b65-d36c-4f93-b232-3c8e6f6667b6: receive RaftClientReply:client-8C798EE064B2->dd0a3b65-d36c-4f93-b232-3c8e6f6667b6@group-B02456D89C11, cid=2810, SUCCESS, logIndex=3949, commits[dd0a3b65-d36c-4f93-b232-3c8e6f6667b6:c3952]
2019-09-18 13:04:34,909 [grpc-default-executor-0] INFO  client.GrpcClientProtocolClient (GrpcClientProtocolClient.java:onNext(264)) - client-8C798EE064B2->dd0a3b65-d36c-4f93-b232-3c8e6f6667b6: receive RaftClientReply:client-8C798EE064B2->dd0a3b65-d36c-4f93-b232-3c8e6f6667b6@group-B02456D89C11, cid=2811, SUCCESS, logIndex=3950, commits[dd0a3b65-d36c-4f93-b232-3c8e6f6667b6:c3952]
2019-09-18 13:04:34,909 [grpc-default-executor-0] INFO  client.GrpcClientProtocolClient (GrpcClientProtocolClient.java:onNext(264)) - client-8C798EE064B2->dd0a3b65-d36c-4f93-b232-3c8e6f6667b6: receive RaftClientReply:client-8C798EE064B2->dd0a3b65-d36c-4f93-b232-3c8e6f6667b6@group-B02456D89C11, cid=2812, SUCCESS, logIndex=3951, commits[dd0a3b65-d36c-4f93-b232-3c8e6f6667b6:c3952]
2019-09-18 13:04:34,914 [SCMBlockDeletingService#1] DEBUG block.SCMBlockDeletingService (SCMBlockDeletingService.java:call(138)) - Running DeletedBlockTransactionScanner
2019-09-18 13:04:34,914 [SCMBlockDeletingService#1] DEBUG block.SCMBlockDeletingService (SCMBlockDeletingService.java:call(155)) - Scanned deleted blocks log and got 0 delTX to process.
2019-09-18 13:04:34,927 [grpc-default-executor-1] INFO  client.GrpcClientProtocolClient (GrpcClientProtocolClient.java:onNext(264)) - client-8C798EE064B2->dd0a3b65-d36c-4f93-b232-3c8e6f6667b6: receive RaftClientReply:client-8C798EE064B2->dd0a3b65-d36c-4f93-b232-3c8e6f6667b6@group-B02456D89C11, cid=2813, SUCCESS, logIndex=3953, commits[dd0a3b65-d36c-4f93-b232-3c8e6f6667b6:c3954]
2019-09-18 13:04:34,928 [grpc-default-executor-1] INFO  client.GrpcClientProtocolClient (GrpcClientProtocolClient.java:onNext(264)) - client-8C798EE064B2->dd0a3b65-d36c-4f93-b232-3c8e6f6667b6: receive RaftClientReply:client-8C798EE064B2->dd0a3b65-d36c-4f93-b232-3c8e6f6667b6@group-B02456D89C11, cid=2814, SUCCESS, logIndex=3954, commits[dd0a3b65-d36c-4f93-b232-3c8e6f6667b6:c3956]
2019-09-18 13:04:34,928 [grpc-default-executor-1] INFO  client.GrpcClientProtocolClient (GrpcClientProtocolClient.java:onNext(264)) - client-8C798EE064B2->dd0a3b65-d36c-4f93-b232-3c8e6f6667b6: receive RaftClientReply:client-8C798EE064B2->dd0a3b65-d36c-4f93-b232-3c8e6f6667b6@group-B02456D89C11, cid=2815, SUCCESS, logIndex=3955, commits[dd0a3b65-d36c-4f93-b232-3c8e6f6667b6:c3957]
2019-09-18 13:04:34,929 [grpc-default-executor-1] INFO  client.GrpcClientProtocolClient (GrpcClientProtocolClient.java:onNext(264)) - client-8C798EE064B2->dd0a3b65-d36c-4f93-b232-3c8e6f6667b6: receive RaftClientReply:client-8C798EE064B2->dd0a3b65-d36c-4f93-b232-3c8e6f6667b6@group-B02456D89C11, cid=2816, SUCCESS, logIndex=3956, commits[dd0a3b65-d36c-4f93-b232-3c8e6f6667b6:c3957]
2019-09-18 13:04:34,956 [grpc-default-executor-0] INFO  client.GrpcClientProtocolClient (GrpcClientProtocolClient.java:onNext(264)) - client-8C798EE064B2->dd0a3b65-d36c-4f93-b232-3c8e6f6667b6: receive RaftClientReply:client-8C798EE064B2->dd0a3b65-d36c-4f93-b232-3c8e6f6667b6@group-B02456D89C11, cid=2817, SUCCESS, logIndex=3959, commits[dd0a3b65-d36c-4f93-b232-3c8e6f6667b6:c3962]
2019-09-18 13:04:34,956 [grpc-default-executor-0] INFO  client.GrpcClientProtocolClient (GrpcClientProtocolClient.java:onNext(264)) - client-8C798EE064B2->dd0a3b65-d36c-4f93-b232-3c8e6f6667b6: receive RaftClientReply:client-8C798EE064B2->dd0a3b65-d36c-4f93-b232-3c8e6f6667b6@group-B02456D89C11, cid=2818, SUCCESS, logIndex=3960, commits[dd0a3b65-d36c-4f93-b232-3c8e6f6667b6:c3963]
2019-09-18 13:04:34,957 [grpc-default-executor-0] INFO  client.GrpcClientProtocolClient (GrpcClientProtocolClient.java:onNext(264)) - client-8C798EE064B2->dd0a3b65-d36c-4f93-b232-3c8e6f6667b6: receive RaftClientReply:client-8C798EE064B2->dd0a3b65-d36c-4f93-b232-3c8e6f6667b6@group-B02456D89C11, cid=2819, SUCCESS, logIndex=3961, commits[dd0a3b65-d36c-4f93-b232-3c8e6f6667b6:c3963]
2019-09-18 13:04:34,957 [grpc-default-executor-0] INFO  client.GrpcClientProtocolClient (GrpcClientProtocolClient.java:onNext(264)) - client-8C798EE064B2->dd0a3b65-d36c-4f93-b232-3c8e6f6667b6: receive RaftClientReply:client-8C798EE064B2->dd0a3b65-d36c-4f93-b232-3c8e6f6667b6@group-B02456D89C11, cid=2820, SUCCESS, logIndex=3962, commits[dd0a3b65-d36c-4f93-b232-3c8e6f6667b6:c3963]
2019-09-18 13:04:34,984 [grpc-default-executor-1] INFO  client.GrpcClientProtocolClient (GrpcClientProtocolClient.java:onNext(264)) - client-8C798EE064B2->dd0a3b65-d36c-4f93-b232-3c8e6f6667b6: receive RaftClientReply:client-8C798EE064B2->dd0a3b65-d36c-4f93-b232-3c8e6f6667b6@group-B02456D89C11, cid=2821, SUCCESS, logIndex=3964, commits[dd0a3b65-d36c-4f93-b232-3c8e6f6667b6:c3967]
2019-09-18 13:04:34,985 [grpc-default-executor-1] INFO  client.GrpcClientProtocolClient (GrpcClientProtocolClient.java:onNext(264)) - client-8C798EE064B2->dd0a3b65-d36c-4f93-b232-3c8e6f6667b6: receive RaftClientReply:client-8C798EE064B2->dd0a3b65-d36c-4f93-b232-3c8e6f6667b6@group-B02456D89C11, cid=2822, SUCCESS, logIndex=3965, commits[dd0a3b65-d36c-4f93-b232-3c8e6f6667b6:c3967]
2019-09-18 13:04:34,985 [grpc-default-executor-1] INFO  client.GrpcClientProtocolClient (GrpcClientProtocolClient.java:onNext(264)) - client-8C798EE064B2->dd0a3b65-d36c-4f93-b232-3c8e6f6667b6: receive RaftClientReply:client-8C798EE064B2->dd0a3b65-d36c-4f93-b232-3c8e6f6667b6@group-B02456D89C11, cid=2823, SUCCESS, logIndex=3966, commits[dd0a3b65-d36c-4f93-b232-3c8e6f6667b6:c3968]
2019-09-18 13:04:34,985 [grpc-default-executor-1] INFO  client.GrpcClientProtocolClient (GrpcClientProtocolClient.java:onNext(264)) - client-8C798EE064B2->dd0a3b65-d36c-4f93-b232-3c8e6f6667b6: receive RaftClientReply:client-8C798EE064B2->dd0a3b65-d36c-4f93-b232-3c8e6f6667b6@group-B02456D89C11, cid=2824, SUCCESS, logIndex=3967, commits[dd0a3b65-d36c-4f93-b232-3c8e6f6667b6:c3968]
2019-09-18 13:04:35,015 [grpc-default-executor-0] INFO  client.GrpcClientProtocolClient (GrpcClientProtocolClient.java:onNext(264)) - client-8C798EE064B2->dd0a3b65-d36c-4f93-b232-3c8e6f6667b6: receive RaftClientReply:client-8C798EE064B2->dd0a3b65-d36c-4f93-b232-3c8e6f6667b6@group-B02456D89C11, cid=2825, SUCCESS, logIndex=3969, commits[dd0a3b65-d36c-4f93-b232-3c8e6f6667b6:c3970]
2019-09-18 13:04:35,015 [SCMBlockDeletingService#1] DEBUG block.SCMBlockDeletingService (SCMBlockDeletingService.java:call(138)) - Running DeletedBlockTransactionScanner
2019-09-18 13:04:35,015 [SCMBlockDeletingService#1] DEBUG block.SCMBlockDeletingService (SCMBlockDeletingService.java:call(155)) - Scanned deleted blocks log and got 0 delTX to process.
2019-09-18 13:04:35,015 [grpc-default-executor-0] INFO  client.GrpcClientProtocolClient (GrpcClientProtocolClient.java:onNext(264)) - client-8C798EE064B2->dd0a3b65-d36c-4f93-b232-3c8e6f6667b6: receive RaftClientReply:client-8C798EE064B2->dd0a3b65-d36c-4f93-b232-3c8e6f6667b6@group-B02456D89C11, cid=2826, SUCCESS, logIndex=3970, commits[dd0a3b65-d36c-4f93-b232-3c8e6f6667b6:c3970]
2019-09-18 13:04:35,015 [grpc-default-executor-0] INFO  client.GrpcClientProtocolClient (GrpcClientProtocolClient.java:onNext(264)) - client-8C798EE064B2->dd0a3b65-d36c-4f93-b232-3c8e6f6667b6: receive RaftClientReply:client-8C798EE064B2->dd0a3b65-d36c-4f93-b232-3c8e6f6667b6@group-B02456D89C11, cid=2827, SUCCESS, logIndex=3971, commits[dd0a3b65-d36c-4f93-b232-3c8e6f6667b6:c3972]
2019-09-18 13:04:35,016 [grpc-default-executor-0] INFO  client.GrpcClientProtocolClient (GrpcClientProtocolClient.java:onNext(264)) - client-8C798EE064B2->dd0a3b65-d36c-4f93-b232-3c8e6f6667b6: receive RaftClientReply:client-8C798EE064B2->dd0a3b65-d36c-4f93-b232-3c8e6f6667b6@group-B02456D89C11, cid=2828, SUCCESS, logIndex=3972, commits[dd0a3b65-d36c-4f93-b232-3c8e6f6667b6:c3973]
2019-09-18 13:04:35,173 [SCMBlockDeletingService#1] DEBUG block.SCMBlockDeletingService (SCMBlockDeletingService.java:call(138)) - Running DeletedBlockTransactionScanner
2019-09-18 13:04:35,174 [SCMBlockDeletingService#1] DEBUG block.SCMBlockDeletingService (SCMBlockDeletingService.java:call(155)) - Scanned deleted blocks log and got 0 delTX to process.
2019-09-18 13:04:35,274 [SCMBlockDeletingService#1] DEBUG block.SCMBlockDeletingService (SCMBlockDeletingService.java:call(138)) - Running DeletedBlockTransactionScanner
2019-09-18 13:04:35,274 [SCMBlockDeletingService#1] DEBUG block.SCMBlockDeletingService (SCMBlockDeletingService.java:call(155)) - Scanned deleted blocks log and got 0 delTX to process.
2019-09-18 13:04:35,322 [grpc-default-executor-1] INFO  client.GrpcClientProtocolClient (GrpcClientProtocolClient.java:onNext(264)) - client-8C798EE064B2->dd0a3b65-d36c-4f93-b232-3c8e6f6667b6: receive RaftClientReply:client-8C798EE064B2->dd0a3b65-d36c-4f93-b232-3c8e6f6667b6@group-B02456D89C11, cid=2829, SUCCESS, logIndex=3975, commits[dd0a3b65-d36c-4f93-b232-3c8e6f6667b6:c3976]
2019-09-18 13:04:35,322 [grpc-default-executor-1] INFO  client.GrpcClientProtocolClient (GrpcClientProtocolClient.java:onNext(264)) - client-8C798EE064B2->dd0a3b65-d36c-4f93-b232-3c8e6f6667b6: receive RaftClientReply:client-8C798EE064B2->dd0a3b65-d36c-4f93-b232-3c8e6f6667b6@group-B02456D89C11, cid=2830, SUCCESS, logIndex=3976, commits[dd0a3b65-d36c-4f93-b232-3c8e6f6667b6:c3976]
2019-09-18 13:04:35,323 [grpc-default-executor-1] INFO  client.GrpcClientProtocolClient (GrpcClientProtocolClient.java:onNext(264)) - client-8C798EE064B2->dd0a3b65-d36c-4f93-b232-3c8e6f6667b6: receive RaftClientReply:client-8C798EE064B2->dd0a3b65-d36c-4f93-b232-3c8e6f6667b6@group-B02456D89C11, cid=2831, SUCCESS, logIndex=3977, commits[dd0a3b65-d36c-4f93-b232-3c8e6f6667b6:c3978]
2019-09-18 13:04:35,323 [grpc-default-executor-1] INFO  client.GrpcClientProtocolClient (GrpcClientProtocolClient.java:onNext(264)) - client-8C798EE064B2->dd0a3b65-d36c-4f93-b232-3c8e6f6667b6: receive RaftClientReply:client-8C798EE064B2->dd0a3b65-d36c-4f93-b232-3c8e6f6667b6@group-B02456D89C11, cid=2832, SUCCESS, logIndex=3978, commits[dd0a3b65-d36c-4f93-b232-3c8e6f6667b6:c3979]
2019-09-18 13:04:35,354 [grpc-default-executor-1] INFO  client.GrpcClientProtocolClient (GrpcClientProtocolClient.java:onNext(264)) - client-8C798EE064B2->dd0a3b65-d36c-4f93-b232-3c8e6f6667b6: receive RaftClientReply:client-8C798EE064B2->dd0a3b65-d36c-4f93-b232-3c8e6f6667b6@group-B02456D89C11, cid=2833, SUCCESS, logIndex=3981, commits[dd0a3b65-d36c-4f93-b232-3c8e6f6667b6:c3982]
2019-09-18 13:04:35,355 [grpc-default-executor-1] INFO  client.GrpcClientProtocolClient (GrpcClientProtocolClient.java:onNext(264)) - client-8C798EE064B2->dd0a3b65-d36c-4f93-b232-3c8e6f6667b6: receive RaftClientReply:client-8C798EE064B2->dd0a3b65-d36c-4f93-b232-3c8e6f6667b6@group-B02456D89C11, cid=2834, SUCCESS, logIndex=3982, commits[dd0a3b65-d36c-4f93-b232-3c8e6f6667b6:c3982]
2019-09-18 13:04:35,355 [grpc-default-executor-1] INFO  client.GrpcClientProtocolClient (GrpcClientProtocolClient.java:onNext(264)) - client-8C798EE064B2->dd0a3b65-d36c-4f93-b232-3c8e6f6667b6: receive RaftClientReply:client-8C798EE064B2->dd0a3b65-d36c-4f93-b232-3c8e6f6667b6@group-B02456D89C11, cid=2835, SUCCESS, logIndex=3983, commits[dd0a3b65-d36c-4f93-b232-3c8e6f6667b6:c3984]
2019-09-18 13:04:35,355 [grpc-default-executor-1] INFO  client.GrpcClientProtocolClient (GrpcClientProtocolClient.java:onNext(264)) - client-8C798EE064B2->dd0a3b65-d36c-4f93-b232-3c8e6f6667b6: receive RaftClientReply:client-8C798EE064B2->dd0a3b65-d36c-4f93-b232-3c8e6f6667b6@group-B02456D89C11, cid=2836, SUCCESS, logIndex=3984, commits[dd0a3b65-d36c-4f93-b232-3c8e6f6667b6:c3985]
2019-09-18 13:04:35,374 [SCMBlockDeletingService#1] DEBUG block.SCMBlockDeletingService (SCMBlockDeletingService.java:call(138)) - Running DeletedBlockTransactionScanner
2019-09-18 13:04:35,375 [SCMBlockDeletingService#1] DEBUG block.SCMBlockDeletingService (SCMBlockDeletingService.java:call(155)) - Scanned deleted blocks log and got 0 delTX to process.
2019-09-18 13:04:35,375 [grpc-default-executor-1] INFO  client.GrpcClientProtocolClient (GrpcClientProtocolClient.java:onNext(264)) - client-8C798EE064B2->dd0a3b65-d36c-4f93-b232-3c8e6f6667b6: receive RaftClientReply:client-8C798EE064B2->dd0a3b65-d36c-4f93-b232-3c8e6f6667b6@group-B02456D89C11, cid=2837, SUCCESS, logIndex=3987, commits[dd0a3b65-d36c-4f93-b232-3c8e6f6667b6:c3988]
2019-09-18 13:04:35,375 [grpc-default-executor-1] INFO  client.GrpcClientProtocolClient (GrpcClientProtocolClient.java:onNext(264)) - client-8C798EE064B2->dd0a3b65-d36c-4f93-b232-3c8e6f6667b6: receive RaftClientReply:client-8C798EE064B2->dd0a3b65-d36c-4f93-b232-3c8e6f6667b6@group-B02456D89C11, cid=2838, SUCCESS, logIndex=3988, commits[dd0a3b65-d36c-4f93-b232-3c8e6f6667b6:c3990]
2019-09-18 13:04:35,376 [grpc-default-executor-1] INFO  client.GrpcClientProtocolClient (GrpcClientProtocolClient.java:onNext(264)) - client-8C798EE064B2->dd0a3b65-d36c-4f93-b232-3c8e6f6667b6: receive RaftClientReply:client-8C798EE064B2->dd0a3b65-d36c-4f93-b232-3c8e6f6667b6@group-B02456D89C11, cid=2839, SUCCESS, logIndex=3989, commits[dd0a3b65-d36c-4f93-b232-3c8e6f6667b6:c3991]
2019-09-18 13:04:35,376 [grpc-default-executor-1] INFO  client.GrpcClientProtocolClient (GrpcClientProtocolClient.java:onNext(264)) - client-8C798EE064B2->dd0a3b65-d36c-4f93-b232-3c8e6f6667b6: receive RaftClientReply:client-8C798EE064B2->dd0a3b65-d36c-4f93-b232-3c8e6f6667b6@group-B02456D89C11, cid=2840, SUCCESS, logIndex=3990, commits[dd0a3b65-d36c-4f93-b232-3c8e6f6667b6:c3991]
2019-09-18 13:04:35,405 [grpc-default-executor-1] INFO  client.GrpcClientProtocolClient (GrpcClientProtocolClient.java:onNext(264)) - client-8C798EE064B2->dd0a3b65-d36c-4f93-b232-3c8e6f6667b6: receive RaftClientReply:client-8C798EE064B2->dd0a3b65-d36c-4f93-b232-3c8e6f6667b6@group-B02456D89C11, cid=2841, SUCCESS, logIndex=3993, commits[dd0a3b65-d36c-4f93-b232-3c8e6f6667b6:c3994]
2019-09-18 13:04:35,406 [grpc-default-executor-1] INFO  client.GrpcClientProtocolClient (GrpcClientProtocolClient.java:onNext(264)) - client-8C798EE064B2->dd0a3b65-d36c-4f93-b232-3c8e6f6667b6: receive RaftClientReply:client-8C798EE064B2->dd0a3b65-d36c-4f93-b232-3c8e6f6667b6@group-B02456D89C11, cid=2842, SUCCESS, logIndex=3994, commits[dd0a3b65-d36c-4f93-b232-3c8e6f6667b6:c3996]
2019-09-18 13:04:35,407 [grpc-default-executor-1] INFO  client.GrpcClientProtocolClient (GrpcClientProtocolClient.java:onNext(264)) - client-8C798EE064B2->dd0a3b65-d36c-4f93-b232-3c8e6f6667b6: receive RaftClientReply:client-8C798EE064B2->dd0a3b65-d36c-4f93-b232-3c8e6f6667b6@group-B02456D89C11, cid=2843, SUCCESS, logIndex=3995, commits[dd0a3b65-d36c-4f93-b232-3c8e6f6667b6:c3997]
2019-09-18 13:04:35,407 [grpc-default-executor-1] INFO  client.GrpcClientProtocolClient (GrpcClientProtocolClient.java:onNext(264)) - client-8C798EE064B2->dd0a3b65-d36c-4f93-b232-3c8e6f6667b6: receive RaftClientReply:client-8C798EE064B2->dd0a3b65-d36c-4f93-b232-3c8e6f6667b6@group-B02456D89C11, cid=2844, SUCCESS, logIndex=3996, commits[dd0a3b65-d36c-4f93-b232-3c8e6f6667b6:c3997]
2019-09-18 13:04:35,426 [grpc-default-executor-1] INFO  client.GrpcClientProtocolClient (GrpcClientProtocolClient.java:onNext(264)) - client-8C798EE064B2->dd0a3b65-d36c-4f93-b232-3c8e6f6667b6: receive RaftClientReply:client-8C798EE064B2->dd0a3b65-d36c-4f93-b232-3c8e6f6667b6@group-B02456D89C11, cid=2845, SUCCESS, logIndex=3999, commits[dd0a3b65-d36c-4f93-b232-3c8e6f6667b6:c4000]
2019-09-18 13:04:35,427 [grpc-default-executor-1] INFO  client.GrpcClientProtocolClient (GrpcClientProtocolClient.java:onNext(264)) - client-8C798EE064B2->dd0a3b65-d36c-4f93-b232-3c8e6f6667b6: receive RaftClientReply:client-8C798EE064B2->dd0a3b65-d36c-4f93-b232-3c8e6f6667b6@group-B02456D89C11, cid=2846, SUCCESS, logIndex=4000, commits[dd0a3b65-d36c-4f93-b232-3c8e6f6667b6:c4002]
2019-09-18 13:04:35,427 [grpc-default-executor-1] INFO  client.GrpcClientProtocolClient (GrpcClientProtocolClient.java:onNext(264)) - client-8C798EE064B2->dd0a3b65-d36c-4f93-b232-3c8e6f6667b6: receive RaftClientReply:client-8C798EE064B2->dd0a3b65-d36c-4f93-b232-3c8e6f6667b6@group-B02456D89C11, cid=2847, SUCCESS, logIndex=4001, commits[dd0a3b65-d36c-4f93-b232-3c8e6f6667b6:c4002]
2019-09-18 13:04:35,428 [grpc-default-executor-1] INFO  client.GrpcClientProtocolClient (GrpcClientProtocolClient.java:onNext(264)) - client-8C798EE064B2->dd0a3b65-d36c-4f93-b232-3c8e6f6667b6: receive RaftClientReply:client-8C798EE064B2->dd0a3b65-d36c-4f93-b232-3c8e6f6667b6@group-B02456D89C11, cid=2848, SUCCESS, logIndex=4002, commits[dd0a3b65-d36c-4f93-b232-3c8e6f6667b6:c4003]
2019-09-18 13:04:35,457 [grpc-default-executor-1] INFO  client.GrpcClientProtocolClient (GrpcClientProtocolClient.java:onNext(264)) - client-8C798EE064B2->dd0a3b65-d36c-4f93-b232-3c8e6f6667b6: receive RaftClientReply:client-8C798EE064B2->dd0a3b65-d36c-4f93-b232-3c8e6f6667b6@group-B02456D89C11, cid=2849, SUCCESS, logIndex=4005, commits[dd0a3b65-d36c-4f93-b232-3c8e6f6667b6:c4008]
2019-09-18 13:04:35,458 [grpc-default-executor-1] INFO  client.GrpcClientProtocolClient (GrpcClientProtocolClient.java:onNext(264)) - client-8C798EE064B2->dd0a3b65-d36c-4f93-b232-3c8e6f6667b6: receive RaftClientReply:client-8C798EE064B2->dd0a3b65-d36c-4f93-b232-3c8e6f6667b6@group-B02456D89C11, cid=2850, SUCCESS, logIndex=4006, commits[dd0a3b65-d36c-4f93-b232-3c8e6f6667b6:c4009]
2019-09-18 13:04:35,458 [grpc-default-executor-1] INFO  client.GrpcClientProtocolClient (GrpcClientProtocolClient.java:onNext(264)) - client-8C798EE064B2->dd0a3b65-d36c-4f93-b232-3c8e6f6667b6: receive RaftClientReply:client-8C798EE064B2->dd0a3b65-d36c-4f93-b232-3c8e6f6667b6@group-B02456D89C11, cid=2851, SUCCESS, logIndex=4007, commits[dd0a3b65-d36c-4f93-b232-3c8e6f6667b6:c4009]
2019-09-18 13:04:35,459 [grpc-default-executor-1] INFO  client.GrpcClientProtocolClient (GrpcClientProtocolClient.java:onNext(264)) - client-8C798EE064B2->dd0a3b65-d36c-4f93-b232-3c8e6f6667b6: receive RaftClientReply:client-8C798EE064B2->dd0a3b65-d36c-4f93-b232-3c8e6f6667b6@group-B02456D89C11, cid=2852, SUCCESS, logIndex=4008, commits[dd0a3b65-d36c-4f93-b232-3c8e6f6667b6:c4009]
2019-09-18 13:04:35,475 [SCMBlockDeletingService#1] DEBUG block.SCMBlockDeletingService (SCMBlockDeletingService.java:call(138)) - Running DeletedBlockTransactionScanner
2019-09-18 13:04:35,475 [SCMBlockDeletingService#1] DEBUG block.SCMBlockDeletingService (SCMBlockDeletingService.java:call(155)) - Scanned deleted blocks log and got 0 delTX to process.
2019-09-18 13:04:35,477 [grpc-default-executor-1] INFO  client.GrpcClientProtocolClient (GrpcClientProtocolClient.java:onNext(264)) - client-8C798EE064B2->dd0a3b65-d36c-4f93-b232-3c8e6f6667b6: receive RaftClientReply:client-8C798EE064B2->dd0a3b65-d36c-4f93-b232-3c8e6f6667b6@group-B02456D89C11, cid=2853, SUCCESS, logIndex=4010, commits[dd0a3b65-d36c-4f93-b232-3c8e6f6667b6:c4011]
2019-09-18 13:04:35,477 [grpc-default-executor-1] INFO  client.GrpcClientProtocolClient (GrpcClientProtocolClient.java:onNext(264)) - client-8C798EE064B2->dd0a3b65-d36c-4f93-b232-3c8e6f6667b6: receive RaftClientReply:client-8C798EE064B2->dd0a3b65-d36c-4f93-b232-3c8e6f6667b6@group-B02456D89C11, cid=2854, SUCCESS, logIndex=4011, commits[dd0a3b65-d36c-4f93-b232-3c8e6f6667b6:c4013]
2019-09-18 13:04:35,478 [grpc-default-executor-1] INFO  client.GrpcClientProtocolClient (GrpcClientProtocolClient.java:onNext(264)) - client-8C798EE064B2->dd0a3b65-d36c-4f93-b232-3c8e6f6667b6: receive RaftClientReply:client-8C798EE064B2->dd0a3b65-d36c-4f93-b232-3c8e6f6667b6@group-B02456D89C11, cid=2855, SUCCESS, logIndex=4012, commits[dd0a3b65-d36c-4f93-b232-3c8e6f6667b6:c4013]
2019-09-18 13:04:35,478 [grpc-default-executor-1] INFO  client.GrpcClientProtocolClient (GrpcClientProtocolClient.java:onNext(264)) - client-8C798EE064B2->dd0a3b65-d36c-4f93-b232-3c8e6f6667b6: receive RaftClientReply:client-8C798EE064B2->dd0a3b65-d36c-4f93-b232-3c8e6f6667b6@group-B02456D89C11, cid=2856, SUCCESS, logIndex=4013, commits[dd0a3b65-d36c-4f93-b232-3c8e6f6667b6:c4014]
2019-09-18 13:04:35,507 [grpc-default-executor-1] INFO  client.GrpcClientProtocolClient (GrpcClientProtocolClient.java:onNext(264)) - client-8C798EE064B2->dd0a3b65-d36c-4f93-b232-3c8e6f6667b6: receive RaftClientReply:client-8C798EE064B2->dd0a3b65-d36c-4f93-b232-3c8e6f6667b6@group-B02456D89C11, cid=2857, SUCCESS, logIndex=4016, commits[dd0a3b65-d36c-4f93-b232-3c8e6f6667b6:c4019]
2019-09-18 13:04:35,511 [grpc-default-executor-1] INFO  client.GrpcClientProtocolClient (GrpcClientProtocolClient.java:onNext(264)) - client-8C798EE064B2->dd0a3b65-d36c-4f93-b232-3c8e6f6667b6: receive RaftClientReply:client-8C798EE064B2->dd0a3b65-d36c-4f93-b232-3c8e6f6667b6@group-B02456D89C11, cid=2858, SUCCESS, logIndex=4017, commits[dd0a3b65-d36c-4f93-b232-3c8e6f6667b6:c4019]
2019-09-18 13:04:35,511 [grpc-default-executor-1] INFO  client.GrpcClientProtocolClient (GrpcClientProtocolClient.java:onNext(264)) - client-8C798EE064B2->dd0a3b65-d36c-4f93-b232-3c8e6f6667b6: receive RaftClientReply:client-8C798EE064B2->dd0a3b65-d36c-4f93-b232-3c8e6f6667b6@group-B02456D89C11, cid=2859, SUCCESS, logIndex=4018, commits[dd0a3b65-d36c-4f93-b232-3c8e6f6667b6:c4019]
2019-09-18 13:04:35,511 [grpc-default-executor-1] INFO  client.GrpcClientProtocolClient (GrpcClientProtocolClient.java:onNext(264)) - client-8C798EE064B2->dd0a3b65-d36c-4f93-b232-3c8e6f6667b6: receive RaftClientReply:client-8C798EE064B2->dd0a3b65-d36c-4f93-b232-3c8e6f6667b6@group-B02456D89C11, cid=2860, SUCCESS, logIndex=4019, commits[dd0a3b65-d36c-4f93-b232-3c8e6f6667b6:c4019]
2019-09-18 13:04:35,534 [grpc-default-executor-0] INFO  client.GrpcClientProtocolClient (GrpcClientProtocolClient.java:onNext(264)) - client-8C798EE064B2->dd0a3b65-d36c-4f93-b232-3c8e6f6667b6: receive RaftClientReply:client-8C798EE064B2->dd0a3b65-d36c-4f93-b232-3c8e6f6667b6@group-B02456D89C11, cid=2861, SUCCESS, logIndex=4021, commits[dd0a3b65-d36c-4f93-b232-3c8e6f6667b6:c4024]
2019-09-18 13:04:35,535 [grpc-default-executor-0] INFO  client.GrpcClientProtocolClient (GrpcClientProtocolClient.java:onNext(264)) - client-8C798EE064B2->dd0a3b65-d36c-4f93-b232-3c8e6f6667b6: receive RaftClientReply:client-8C798EE064B2->dd0a3b65-d36c-4f93-b232-3c8e6f6667b6@group-B02456D89C11, cid=2862, SUCCESS, logIndex=4022, commits[dd0a3b65-d36c-4f93-b232-3c8e6f6667b6:c4025]
2019-09-18 13:04:35,535 [grpc-default-executor-0] INFO  client.GrpcClientProtocolClient (GrpcClientProtocolClient.java:onNext(264)) - client-8C798EE064B2->dd0a3b65-d36c-4f93-b232-3c8e6f6667b6: receive RaftClientReply:client-8C798EE064B2->dd0a3b65-d36c-4f93-b232-3c8e6f6667b6@group-B02456D89C11, cid=2863, SUCCESS, logIndex=4023, commits[dd0a3b65-d36c-4f93-b232-3c8e6f6667b6:c4025]
2019-09-18 13:04:35,536 [grpc-default-executor-0] INFO  client.GrpcClientProtocolClient (GrpcClientProtocolClient.java:onNext(264)) - client-8C798EE064B2->dd0a3b65-d36c-4f93-b232-3c8e6f6667b6: receive RaftClientReply:client-8C798EE064B2->dd0a3b65-d36c-4f93-b232-3c8e6f6667b6@group-B02456D89C11, cid=2864, SUCCESS, logIndex=4024, commits[dd0a3b65-d36c-4f93-b232-3c8e6f6667b6:c4025]
2019-09-18 13:04:35,568 [grpc-default-executor-0] INFO  client.GrpcClientProtocolClient (GrpcClientProtocolClient.java:onNext(264)) - client-8C798EE064B2->dd0a3b65-d36c-4f93-b232-3c8e6f6667b6: receive RaftClientReply:client-8C798EE064B2->dd0a3b65-d36c-4f93-b232-3c8e6f6667b6@group-B02456D89C11, cid=2865, SUCCESS, logIndex=4026, commits[dd0a3b65-d36c-4f93-b232-3c8e6f6667b6:c4029]
2019-09-18 13:04:35,569 [grpc-default-executor-0] INFO  client.GrpcClientProtocolClient (GrpcClientProtocolClient.java:onNext(264)) - client-8C798EE064B2->dd0a3b65-d36c-4f93-b232-3c8e6f6667b6: receive RaftClientReply:client-8C798EE064B2->dd0a3b65-d36c-4f93-b232-3c8e6f6667b6@group-B02456D89C11, cid=2866, SUCCESS, logIndex=4027, commits[dd0a3b65-d36c-4f93-b232-3c8e6f6667b6:c4029]
2019-09-18 13:04:35,569 [grpc-default-executor-0] INFO  client.GrpcClientProtocolClient (GrpcClientProtocolClient.java:onNext(264)) - client-8C798EE064B2->dd0a3b65-d36c-4f93-b232-3c8e6f6667b6: receive RaftClientReply:client-8C798EE064B2->dd0a3b65-d36c-4f93-b232-3c8e6f6667b6@group-B02456D89C11, cid=2867, SUCCESS, logIndex=4028, commits[dd0a3b65-d36c-4f93-b232-3c8e6f6667b6:c4030]
2019-09-18 13:04:35,569 [grpc-default-executor-0] INFO  client.GrpcClientProtocolClient (GrpcClientProtocolClient.java:onNext(264)) - client-8C798EE064B2->dd0a3b65-d36c-4f93-b232-3c8e6f6667b6: receive RaftClientReply:client-8C798EE064B2->dd0a3b65-d36c-4f93-b232-3c8e6f6667b6@group-B02456D89C11, cid=2868, SUCCESS, logIndex=4029, commits[dd0a3b65-d36c-4f93-b232-3c8e6f6667b6:c4030]
2019-09-18 13:04:35,576 [SCMBlockDeletingService#1] DEBUG block.SCMBlockDeletingService (SCMBlockDeletingService.java:call(138)) - Running DeletedBlockTransactionScanner
2019-09-18 13:04:35,576 [SCMBlockDeletingService#1] DEBUG block.SCMBlockDeletingService (SCMBlockDeletingService.java:call(155)) - Scanned deleted blocks log and got 0 delTX to process.
2019-09-18 13:04:35,594 [grpc-default-executor-1] INFO  client.GrpcClientProtocolClient (GrpcClientProtocolClient.java:onNext(264)) - client-8C798EE064B2->dd0a3b65-d36c-4f93-b232-3c8e6f6667b6: receive RaftClientReply:client-8C798EE064B2->dd0a3b65-d36c-4f93-b232-3c8e6f6667b6@group-B02456D89C11, cid=2869, SUCCESS, logIndex=4031, commits[dd0a3b65-d36c-4f93-b232-3c8e6f6667b6:c4035]
2019-09-18 13:04:35,594 [grpc-default-executor-1] INFO  client.GrpcClientProtocolClient (GrpcClientProtocolClient.java:onNext(264)) - client-8C798EE064B2->dd0a3b65-d36c-4f93-b232-3c8e6f6667b6: receive RaftClientReply:client-8C798EE064B2->dd0a3b65-d36c-4f93-b232-3c8e6f6667b6@group-B02456D89C11, cid=2870, SUCCESS, logIndex=4032, commits[dd0a3b65-d36c-4f93-b232-3c8e6f6667b6:c4035]
2019-09-18 13:04:35,594 [grpc-default-executor-1] INFO  client.GrpcClientProtocolClient (GrpcClientProtocolClient.java:onNext(264)) - client-8C798EE064B2->dd0a3b65-d36c-4f93-b232-3c8e6f6667b6: receive RaftClientReply:client-8C798EE064B2->dd0a3b65-d36c-4f93-b232-3c8e6f6667b6@group-B02456D89C11, cid=2871, SUCCESS, logIndex=4033, commits[dd0a3b65-d36c-4f93-b232-3c8e6f6667b6:c4035]
2019-09-18 13:04:35,595 [grpc-default-executor-1] INFO  client.GrpcClientProtocolClient (GrpcClientProtocolClient.java:onNext(264)) - client-8C798EE064B2->dd0a3b65-d36c-4f93-b232-3c8e6f6667b6: receive RaftClientReply:client-8C798EE064B2->dd0a3b65-d36c-4f93-b232-3c8e6f6667b6@group-B02456D89C11, cid=2872, SUCCESS, logIndex=4034, commits[dd0a3b65-d36c-4f93-b232-3c8e6f6667b6:c4035]
2019-09-18 13:04:35,676 [SCMBlockDeletingService#0] DEBUG block.SCMBlockDeletingService (SCMBlockDeletingService.java:call(138)) - Running DeletedBlockTransactionScanner
2019-09-18 13:04:35,677 [SCMBlockDeletingService#0] DEBUG block.SCMBlockDeletingService (SCMBlockDeletingService.java:call(155)) - Scanned deleted blocks log and got 0 delTX to process.
2019-09-18 13:04:35,741 [grpc-default-executor-1] INFO  client.GrpcClientProtocolClient (GrpcClientProtocolClient.java:onNext(264)) - client-8C798EE064B2->dd0a3b65-d36c-4f93-b232-3c8e6f6667b6: receive RaftClientReply:client-8C798EE064B2->dd0a3b65-d36c-4f93-b232-3c8e6f6667b6@group-B02456D89C11, cid=2873, SUCCESS, logIndex=4036, commits[dd0a3b65-d36c-4f93-b232-3c8e6f6667b6:c4039]
2019-09-18 13:04:35,742 [grpc-default-executor-1] INFO  client.GrpcClientProtocolClient (GrpcClientProtocolClient.java:onNext(264)) - client-8C798EE064B2->dd0a3b65-d36c-4f93-b232-3c8e6f6667b6: receive RaftClientReply:client-8C798EE064B2->dd0a3b65-d36c-4f93-b232-3c8e6f6667b6@group-B02456D89C11, cid=2874, SUCCESS, logIndex=4037, commits[dd0a3b65-d36c-4f93-b232-3c8e6f6667b6:c4040]
2019-09-18 13:04:35,742 [grpc-default-executor-1] INFO  client.GrpcClientProtocolClient (GrpcClientProtocolClient.java:onNext(264)) - client-8C798EE064B2->dd0a3b65-d36c-4f93-b232-3c8e6f6667b6: receive RaftClientReply:client-8C798EE064B2->dd0a3b65-d36c-4f93-b232-3c8e6f6667b6@group-B02456D89C11, cid=2875, SUCCESS, logIndex=4038, commits[dd0a3b65-d36c-4f93-b232-3c8e6f6667b6:c4040]
2019-09-18 13:04:35,743 [grpc-default-executor-1] INFO  client.GrpcClientProtocolClient (GrpcClientProtocolClient.java:onNext(264)) - client-8C798EE064B2->dd0a3b65-d36c-4f93-b232-3c8e6f6667b6: receive RaftClientReply:client-8C798EE064B2->dd0a3b65-d36c-4f93-b232-3c8e6f6667b6@group-B02456D89C11, cid=2876, SUCCESS, logIndex=4039, commits[dd0a3b65-d36c-4f93-b232-3c8e6f6667b6:c4040]
2019-09-18 13:04:35,765 [grpc-default-executor-1] INFO  client.GrpcClientProtocolClient (GrpcClientProtocolClient.java:onNext(264)) - client-8C798EE064B2->dd0a3b65-d36c-4f93-b232-3c8e6f6667b6: receive RaftClientReply:client-8C798EE064B2->dd0a3b65-d36c-4f93-b232-3c8e6f6667b6@group-B02456D89C11, cid=2877, SUCCESS, logIndex=4041, commits[dd0a3b65-d36c-4f93-b232-3c8e6f6667b6:c4044]
2019-09-18 13:04:35,766 [grpc-default-executor-1] INFO  client.GrpcClientProtocolClient (GrpcClientProtocolClient.java:onNext(264)) - client-8C798EE064B2->dd0a3b65-d36c-4f93-b232-3c8e6f6667b6: receive RaftClientReply:client-8C798EE064B2->dd0a3b65-d36c-4f93-b232-3c8e6f6667b6@group-B02456D89C11, cid=2878, SUCCESS, logIndex=4042, commits[dd0a3b65-d36c-4f93-b232-3c8e6f6667b6:c4045]
2019-09-18 13:04:35,766 [grpc-default-executor-1] INFO  client.GrpcClientProtocolClient (GrpcClientProtocolClient.java:onNext(264)) - client-8C798EE064B2->dd0a3b65-d36c-4f93-b232-3c8e6f6667b6: receive RaftClientReply:client-8C798EE064B2->dd0a3b65-d36c-4f93-b232-3c8e6f6667b6@group-B02456D89C11, cid=2879, SUCCESS, logIndex=4043, commits[dd0a3b65-d36c-4f93-b232-3c8e6f6667b6:c4045]
2019-09-18 13:04:35,767 [grpc-default-executor-1] INFO  client.GrpcClientProtocolClient (GrpcClientProtocolClient.java:onNext(264)) - client-8C798EE064B2->dd0a3b65-d36c-4f93-b232-3c8e6f6667b6: receive RaftClientReply:client-8C798EE064B2->dd0a3b65-d36c-4f93-b232-3c8e6f6667b6@group-B02456D89C11, cid=2880, SUCCESS, logIndex=4044, commits[dd0a3b65-d36c-4f93-b232-3c8e6f6667b6:c4045]
2019-09-18 13:04:35,777 [SCMBlockDeletingService#0] DEBUG block.SCMBlockDeletingService (SCMBlockDeletingService.java:call(138)) - Running DeletedBlockTransactionScanner
2019-09-18 13:04:35,777 [SCMBlockDeletingService#0] DEBUG block.SCMBlockDeletingService (SCMBlockDeletingService.java:call(155)) - Scanned deleted blocks log and got 0 delTX to process.
2019-09-18 13:04:35,802 [grpc-default-executor-1] INFO  client.GrpcClientProtocolClient (GrpcClientProtocolClient.java:onNext(264)) - client-8C798EE064B2->dd0a3b65-d36c-4f93-b232-3c8e6f6667b6: receive RaftClientReply:client-8C798EE064B2->dd0a3b65-d36c-4f93-b232-3c8e6f6667b6@group-B02456D89C11, cid=2881, SUCCESS, logIndex=4046, commits[dd0a3b65-d36c-4f93-b232-3c8e6f6667b6:c4049]
2019-09-18 13:04:35,803 [grpc-default-executor-1] INFO  client.GrpcClientProtocolClient (GrpcClientProtocolClient.java:onNext(264)) - client-8C798EE064B2->dd0a3b65-d36c-4f93-b232-3c8e6f6667b6: receive RaftClientReply:client-8C798EE064B2->dd0a3b65-d36c-4f93-b232-3c8e6f6667b6@group-B02456D89C11, cid=2882, SUCCESS, logIndex=4047, commits[dd0a3b65-d36c-4f93-b232-3c8e6f6667b6:c4049]
2019-09-18 13:04:35,803 [grpc-default-executor-1] INFO  client.GrpcClientProtocolClient (GrpcClientProtocolClient.java:onNext(264)) - client-8C798EE064B2->dd0a3b65-d36c-4f93-b232-3c8e6f6667b6: receive RaftClientReply:client-8C798EE064B2->dd0a3b65-d36c-4f93-b232-3c8e6f6667b6@group-B02456D89C11, cid=2883, SUCCESS, logIndex=4048, commits[dd0a3b65-d36c-4f93-b232-3c8e6f6667b6:c4050]
2019-09-18 13:04:35,804 [grpc-default-executor-1] INFO  client.GrpcClientProtocolClient (GrpcClientProtocolClient.java:onNext(264)) - client-8C798EE064B2->dd0a3b65-d36c-4f93-b232-3c8e6f6667b6: receive RaftClientReply:client-8C798EE064B2->dd0a3b65-d36c-4f93-b232-3c8e6f6667b6@group-B02456D89C11, cid=2884, SUCCESS, logIndex=4049, commits[dd0a3b65-d36c-4f93-b232-3c8e6f6667b6:c4050]
2019-09-18 13:04:35,824 [grpc-default-executor-1] INFO  client.GrpcClientProtocolClient (GrpcClientProtocolClient.java:onNext(264)) - client-8C798EE064B2->dd0a3b65-d36c-4f93-b232-3c8e6f6667b6: receive RaftClientReply:client-8C798EE064B2->dd0a3b65-d36c-4f93-b232-3c8e6f6667b6@group-B02456D89C11, cid=2885, SUCCESS, logIndex=4051, commits[dd0a3b65-d36c-4f93-b232-3c8e6f6667b6:c4052]
2019-09-18 13:04:35,824 [grpc-default-executor-1] INFO  client.GrpcClientProtocolClient (GrpcClientProtocolClient.java:onNext(264)) - client-8C798EE064B2->dd0a3b65-d36c-4f93-b232-3c8e6f6667b6: receive RaftClientReply:client-8C798EE064B2->dd0a3b65-d36c-4f93-b232-3c8e6f6667b6@group-B02456D89C11, cid=2886, SUCCESS, logIndex=4052, commits[dd0a3b65-d36c-4f93-b232-3c8e6f6667b6:c4054]
2019-09-18 13:04:35,824 [grpc-default-executor-1] INFO  client.GrpcClientProtocolClient (GrpcClientProtocolClient.java:onNext(264)) - client-8C798EE064B2->dd0a3b65-d36c-4f93-b232-3c8e6f6667b6: receive RaftClientReply:client-8C798EE064B2->dd0a3b65-d36c-4f93-b232-3c8e6f6667b6@group-B02456D89C11, cid=2887, SUCCESS, logIndex=4053, commits[dd0a3b65-d36c-4f93-b232-3c8e6f6667b6:c4054]
2019-09-18 13:04:35,825 [grpc-default-executor-1] INFO  client.GrpcClientProtocolClient (GrpcClientProtocolClient.java:onNext(264)) - client-8C798EE064B2->dd0a3b65-d36c-4f93-b232-3c8e6f6667b6: receive RaftClientReply:client-8C798EE064B2->dd0a3b65-d36c-4f93-b232-3c8e6f6667b6@group-B02456D89C11, cid=2888, SUCCESS, logIndex=4054, commits[dd0a3b65-d36c-4f93-b232-3c8e6f6667b6:c4055]
2019-09-18 13:04:35,859 [grpc-default-executor-0] INFO  client.GrpcClientProtocolClient (GrpcClientProtocolClient.java:onNext(264)) - client-8C798EE064B2->dd0a3b65-d36c-4f93-b232-3c8e6f6667b6: receive RaftClientReply:client-8C798EE064B2->dd0a3b65-d36c-4f93-b232-3c8e6f6667b6@group-B02456D89C11, cid=2889, SUCCESS, logIndex=4057, commits[dd0a3b65-d36c-4f93-b232-3c8e6f6667b6:c4060]
2019-09-18 13:04:35,860 [grpc-default-executor-0] INFO  client.GrpcClientProtocolClient (GrpcClientProtocolClient.java:onNext(264)) - client-8C798EE064B2->dd0a3b65-d36c-4f93-b232-3c8e6f6667b6: receive RaftClientReply:client-8C798EE064B2->dd0a3b65-d36c-4f93-b232-3c8e6f6667b6@group-B02456D89C11, cid=2890, SUCCESS, logIndex=4058, commits[dd0a3b65-d36c-4f93-b232-3c8e6f6667b6:c4061]
2019-09-18 13:04:35,860 [grpc-default-executor-0] INFO  client.GrpcClientProtocolClient (GrpcClientProtocolClient.java:onNext(264)) - client-8C798EE064B2->dd0a3b65-d36c-4f93-b232-3c8e6f6667b6: receive RaftClientReply:client-8C798EE064B2->dd0a3b65-d36c-4f93-b232-3c8e6f6667b6@group-B02456D89C11, cid=2891, SUCCESS, logIndex=4059, commits[dd0a3b65-d36c-4f93-b232-3c8e6f6667b6:c4061]
2019-09-18 13:04:35,860 [grpc-default-executor-0] INFO  client.GrpcClientProtocolClient (GrpcClientProtocolClient.java:onNext(264)) - client-8C798EE064B2->dd0a3b65-d36c-4f93-b232-3c8e6f6667b6: receive RaftClientReply:client-8C798EE064B2->dd0a3b65-d36c-4f93-b232-3c8e6f6667b6@group-B02456D89C11, cid=2892, SUCCESS, logIndex=4060, commits[dd0a3b65-d36c-4f93-b232-3c8e6f6667b6:c4061]
2019-09-18 13:04:35,875 [grpc-default-executor-0] INFO  client.GrpcClientProtocolClient (GrpcClientProtocolClient.java:onNext(264)) - client-8C798EE064B2->dd0a3b65-d36c-4f93-b232-3c8e6f6667b6: receive RaftClientReply:client-8C798EE064B2->dd0a3b65-d36c-4f93-b232-3c8e6f6667b6@group-B02456D89C11, cid=2893, SUCCESS, logIndex=4062, commits[dd0a3b65-d36c-4f93-b232-3c8e6f6667b6:c4063]
2019-09-18 13:04:35,875 [grpc-default-executor-0] INFO  client.GrpcClientProtocolClient (GrpcClientProtocolClient.java:onNext(264)) - client-8C798EE064B2->dd0a3b65-d36c-4f93-b232-3c8e6f6667b6: receive RaftClientReply:client-8C798EE064B2->dd0a3b65-d36c-4f93-b232-3c8e6f6667b6@group-B02456D89C11, cid=2894, SUCCESS, logIndex=4063, commits[dd0a3b65-d36c-4f93-b232-3c8e6f6667b6:c4065]
2019-09-18 13:04:35,875 [grpc-default-executor-0] INFO  client.GrpcClientProtocolClient (GrpcClientProtocolClient.java:onNext(264)) - client-8C798EE064B2->dd0a3b65-d36c-4f93-b232-3c8e6f6667b6: receive RaftClientReply:client-8C798EE064B2->dd0a3b65-d36c-4f93-b232-3c8e6f6667b6@group-B02456D89C11, cid=2895, SUCCESS, logIndex=4064, commits[dd0a3b65-d36c-4f93-b232-3c8e6f6667b6:c4065]
2019-09-18 13:04:35,876 [grpc-default-executor-0] INFO  client.GrpcClientProtocolClient (GrpcClientProtocolClient.java:onNext(264)) - client-8C798EE064B2->dd0a3b65-d36c-4f93-b232-3c8e6f6667b6: receive RaftClientReply:client-8C798EE064B2->dd0a3b65-d36c-4f93-b232-3c8e6f6667b6@group-B02456D89C11, cid=2896, SUCCESS, logIndex=4065, commits[dd0a3b65-d36c-4f93-b232-3c8e6f6667b6:c4066]
2019-09-18 13:04:35,877 [SCMBlockDeletingService#0] DEBUG block.SCMBlockDeletingService (SCMBlockDeletingService.java:call(138)) - Running DeletedBlockTransactionScanner
2019-09-18 13:04:35,878 [SCMBlockDeletingService#0] DEBUG block.SCMBlockDeletingService (SCMBlockDeletingService.java:call(155)) - Scanned deleted blocks log and got 0 delTX to process.
2019-09-18 13:04:35,908 [grpc-default-executor-0] INFO  client.GrpcClientProtocolClient (GrpcClientProtocolClient.java:onNext(264)) - client-8C798EE064B2->dd0a3b65-d36c-4f93-b232-3c8e6f6667b6: receive RaftClientReply:client-8C798EE064B2->dd0a3b65-d36c-4f93-b232-3c8e6f6667b6@group-B02456D89C11, cid=2897, SUCCESS, logIndex=4068, commits[dd0a3b65-d36c-4f93-b232-3c8e6f6667b6:c4071]
2019-09-18 13:04:35,908 [grpc-default-executor-0] INFO  client.GrpcClientProtocolClient (GrpcClientProtocolClient.java:onNext(264)) - client-8C798EE064B2->dd0a3b65-d36c-4f93-b232-3c8e6f6667b6: receive RaftClientReply:client-8C798EE064B2->dd0a3b65-d36c-4f93-b232-3c8e6f6667b6@group-B02456D89C11, cid=2898, SUCCESS, logIndex=4069, commits[dd0a3b65-d36c-4f93-b232-3c8e6f6667b6:c4072]
2019-09-18 13:04:35,909 [grpc-default-executor-0] INFO  client.GrpcClientProtocolClient (GrpcClientProtocolClient.java:onNext(264)) - client-8C798EE064B2->dd0a3b65-d36c-4f93-b232-3c8e6f6667b6: receive RaftClientReply:client-8C798EE064B2->dd0a3b65-d36c-4f93-b232-3c8e6f6667b6@group-B02456D89C11, cid=2899, SUCCESS, logIndex=4070, commits[dd0a3b65-d36c-4f93-b232-3c8e6f6667b6:c4072]
2019-09-18 13:04:35,909 [grpc-default-executor-0] INFO  client.GrpcClientProtocolClient (GrpcClientProtocolClient.java:onNext(264)) - client-8C798EE064B2->dd0a3b65-d36c-4f93-b232-3c8e6f6667b6: receive RaftClientReply:client-8C798EE064B2->dd0a3b65-d36c-4f93-b232-3c8e6f6667b6@group-B02456D89C11, cid=2900, SUCCESS, logIndex=4071, commits[dd0a3b65-d36c-4f93-b232-3c8e6f6667b6:c4072]
2019-09-18 13:04:35,932 [grpc-default-executor-0] INFO  client.GrpcClientProtocolClient (GrpcClientProtocolClient.java:onNext(264)) - client-8C798EE064B2->dd0a3b65-d36c-4f93-b232-3c8e6f6667b6: receive RaftClientReply:client-8C798EE064B2->dd0a3b65-d36c-4f93-b232-3c8e6f6667b6@group-B02456D89C11, cid=2901, SUCCESS, logIndex=4073, commits[dd0a3b65-d36c-4f93-b232-3c8e6f6667b6:c4076]
2019-09-18 13:04:35,933 [grpc-default-executor-0] INFO  client.GrpcClientProtocolClient (GrpcClientProtocolClient.java:onNext(264)) - client-8C798EE064B2->dd0a3b65-d36c-4f93-b232-3c8e6f6667b6: receive RaftClientReply:client-8C798EE064B2->dd0a3b65-d36c-4f93-b232-3c8e6f6667b6@group-B02456D89C11, cid=2902, SUCCESS, logIndex=4074, commits[dd0a3b65-d36c-4f93-b232-3c8e6f6667b6:c4077]
2019-09-18 13:04:35,933 [grpc-default-executor-0] INFO  client.GrpcClientProtocolClient (GrpcClientProtocolClient.java:onNext(264)) - client-8C798EE064B2->dd0a3b65-d36c-4f93-b232-3c8e6f6667b6: receive RaftClientReply:client-8C798EE064B2->dd0a3b65-d36c-4f93-b232-3c8e6f6667b6@group-B02456D89C11, cid=2903, SUCCESS, logIndex=4075, commits[dd0a3b65-d36c-4f93-b232-3c8e6f6667b6:c4077]
2019-09-18 13:04:35,933 [grpc-default-executor-0] INFO  client.GrpcClientProtocolClient (GrpcClientProtocolClient.java:onNext(264)) - client-8C798EE064B2->dd0a3b65-d36c-4f93-b232-3c8e6f6667b6: receive RaftClientReply:client-8C798EE064B2->dd0a3b65-d36c-4f93-b232-3c8e6f6667b6@group-B02456D89C11, cid=2904, SUCCESS, logIndex=4076, commits[dd0a3b65-d36c-4f93-b232-3c8e6f6667b6:c4077]
2019-09-18 13:04:35,962 [grpc-default-executor-1] INFO  client.GrpcClientProtocolClient (GrpcClientProtocolClient.java:onNext(264)) - client-8C798EE064B2->dd0a3b65-d36c-4f93-b232-3c8e6f6667b6: receive RaftClientReply:client-8C798EE064B2->dd0a3b65-d36c-4f93-b232-3c8e6f6667b6@group-B02456D89C11, cid=2905, SUCCESS, logIndex=4078, commits[dd0a3b65-d36c-4f93-b232-3c8e6f6667b6:c4079]
2019-09-18 13:04:35,963 [grpc-default-executor-1] INFO  client.GrpcClientProtocolClient (GrpcClientProtocolClient.java:onNext(264)) - client-8C798EE064B2->dd0a3b65-d36c-4f93-b232-3c8e6f6667b6: receive RaftClientReply:client-8C798EE064B2->dd0a3b65-d36c-4f93-b232-3c8e6f6667b6@group-B02456D89C11, cid=2906, SUCCESS, logIndex=4079, commits[dd0a3b65-d36c-4f93-b232-3c8e6f6667b6:c4079]
2019-09-18 13:04:35,963 [grpc-default-executor-1] INFO  client.GrpcClientProtocolClient (GrpcClientProtocolClient.java:onNext(264)) - client-8C798EE064B2->dd0a3b65-d36c-4f93-b232-3c8e6f6667b6: receive RaftClientReply:client-8C798EE064B2->dd0a3b65-d36c-4f93-b232-3c8e6f6667b6@group-B02456D89C11, cid=2907, SUCCESS, logIndex=4080, commits[dd0a3b65-d36c-4f93-b232-3c8e6f6667b6:c4081]
2019-09-18 13:04:35,964 [grpc-default-executor-1] INFO  client.GrpcClientProtocolClient (GrpcClientProtocolClient.java:onNext(264)) - client-8C798EE064B2->dd0a3b65-d36c-4f93-b232-3c8e6f6667b6: receive RaftClientReply:client-8C798EE064B2->dd0a3b65-d36c-4f93-b232-3c8e6f6667b6@group-B02456D89C11, cid=2908, SUCCESS, logIndex=4081, commits[dd0a3b65-d36c-4f93-b232-3c8e6f6667b6:c4081]
2019-09-18 13:04:35,978 [SCMBlockDeletingService#0] DEBUG block.SCMBlockDeletingService (SCMBlockDeletingService.java:call(138)) - Running DeletedBlockTransactionScanner
2019-09-18 13:04:35,978 [SCMBlockDeletingService#0] DEBUG block.SCMBlockDeletingService (SCMBlockDeletingService.java:call(155)) - Scanned deleted blocks log and got 0 delTX to process.
2019-09-18 13:04:35,983 [grpc-default-executor-0] INFO  client.GrpcClientProtocolClient (GrpcClientProtocolClient.java:onNext(264)) - client-8C798EE064B2->dd0a3b65-d36c-4f93-b232-3c8e6f6667b6: receive RaftClientReply:client-8C798EE064B2->dd0a3b65-d36c-4f93-b232-3c8e6f6667b6@group-B02456D89C11, cid=2909, SUCCESS, logIndex=4084, commits[dd0a3b65-d36c-4f93-b232-3c8e6f6667b6:c4085]
2019-09-18 13:04:35,983 [grpc-default-executor-0] INFO  client.GrpcClientProtocolClient (GrpcClientProtocolClient.java:onNext(264)) - client-8C798EE064B2->dd0a3b65-d36c-4f93-b232-3c8e6f6667b6: receive RaftClientReply:client-8C798EE064B2->dd0a3b65-d36c-4f93-b232-3c8e6f6667b6@group-B02456D89C11, cid=2910, SUCCESS, logIndex=4085, commits[dd0a3b65-d36c-4f93-b232-3c8e6f6667b6:c4087]
2019-09-18 13:04:35,983 [grpc-default-executor-0] INFO  client.GrpcClientProtocolClient (GrpcClientProtocolClient.java:onNext(264)) - client-8C798EE064B2->dd0a3b65-d36c-4f93-b232-3c8e6f6667b6: receive RaftClientReply:client-8C798EE064B2->dd0a3b65-d36c-4f93-b232-3c8e6f6667b6@group-B02456D89C11, cid=2911, SUCCESS, logIndex=4086, commits[dd0a3b65-d36c-4f93-b232-3c8e6f6667b6:c4087]
2019-09-18 13:04:35,984 [grpc-default-executor-0] INFO  client.GrpcClientProtocolClient (GrpcClientProtocolClient.java:onNext(264)) - client-8C798EE064B2->dd0a3b65-d36c-4f93-b232-3c8e6f6667b6: receive RaftClientReply:client-8C798EE064B2->dd0a3b65-d36c-4f93-b232-3c8e6f6667b6@group-B02456D89C11, cid=2912, SUCCESS, logIndex=4087, commits[dd0a3b65-d36c-4f93-b232-3c8e6f6667b6:c4087]
2019-09-18 13:04:36,020 [grpc-default-executor-0] INFO  client.GrpcClientProtocolClient (GrpcClientProtocolClient.java:onNext(264)) - client-8C798EE064B2->dd0a3b65-d36c-4f93-b232-3c8e6f6667b6: receive RaftClientReply:client-8C798EE064B2->dd0a3b65-d36c-4f93-b232-3c8e6f6667b6@group-B02456D89C11, cid=2913, SUCCESS, logIndex=4090, commits[dd0a3b65-d36c-4f93-b232-3c8e6f6667b6:c4093]
2019-09-18 13:04:36,021 [grpc-default-executor-0] INFO  client.GrpcClientProtocolClient (GrpcClientProtocolClient.java:onNext(264)) - client-8C798EE064B2->dd0a3b65-d36c-4f93-b232-3c8e6f6667b6: receive RaftClientReply:client-8C798EE064B2->dd0a3b65-d36c-4f93-b232-3c8e6f6667b6@group-B02456D89C11, cid=2914, SUCCESS, logIndex=4091, commits[dd0a3b65-d36c-4f93-b232-3c8e6f6667b6:c4094]
2019-09-18 13:04:36,022 [grpc-default-executor-0] INFO  client.GrpcClientProtocolClient (GrpcClientProtocolClient.java:onNext(264)) - client-8C798EE064B2->dd0a3b65-d36c-4f93-b232-3c8e6f6667b6: receive RaftClientReply:client-8C798EE064B2->dd0a3b65-d36c-4f93-b232-3c8e6f6667b6@group-B02456D89C11, cid=2915, SUCCESS, logIndex=4092, commits[dd0a3b65-d36c-4f93-b232-3c8e6f6667b6:c4094]
2019-09-18 13:04:36,022 [grpc-default-executor-0] INFO  client.GrpcClientProtocolClient (GrpcClientProtocolClient.java:onNext(264)) - client-8C798EE064B2->dd0a3b65-d36c-4f93-b232-3c8e6f6667b6: receive RaftClientReply:client-8C798EE064B2->dd0a3b65-d36c-4f93-b232-3c8e6f6667b6@group-B02456D89C11, cid=2916, SUCCESS, logIndex=4093, commits[dd0a3b65-d36c-4f93-b232-3c8e6f6667b6:c4094]
2019-09-18 13:04:36,109 [SCMBlockDeletingService#0] DEBUG block.SCMBlockDeletingService (SCMBlockDeletingService.java:call(138)) - Running DeletedBlockTransactionScanner
2019-09-18 13:04:36,110 [SCMBlockDeletingService#0] DEBUG block.SCMBlockDeletingService (SCMBlockDeletingService.java:call(155)) - Scanned deleted blocks log and got 0 delTX to process.
2019-09-18 13:04:36,210 [SCMBlockDeletingService#0] DEBUG block.SCMBlockDeletingService (SCMBlockDeletingService.java:call(138)) - Running DeletedBlockTransactionScanner
2019-09-18 13:04:36,210 [SCMBlockDeletingService#0] DEBUG block.SCMBlockDeletingService (SCMBlockDeletingService.java:call(155)) - Scanned deleted blocks log and got 0 delTX to process.
2019-09-18 13:04:36,215 [grpc-default-executor-1] INFO  client.GrpcClientProtocolClient (GrpcClientProtocolClient.java:onNext(264)) - client-8C798EE064B2->dd0a3b65-d36c-4f93-b232-3c8e6f6667b6: receive RaftClientReply:client-8C798EE064B2->dd0a3b65-d36c-4f93-b232-3c8e6f6667b6@group-B02456D89C11, cid=2917, SUCCESS, logIndex=4095, commits[dd0a3b65-d36c-4f93-b232-3c8e6f6667b6:c4098]
2019-09-18 13:04:36,215 [grpc-default-executor-1] INFO  client.GrpcClientProtocolClient (GrpcClientProtocolClient.java:onNext(264)) - client-8C798EE064B2->dd0a3b65-d36c-4f93-b232-3c8e6f6667b6: receive RaftClientReply:client-8C798EE064B2->dd0a3b65-d36c-4f93-b232-3c8e6f6667b6@group-B02456D89C11, cid=2918, SUCCESS, logIndex=4096, commits[dd0a3b65-d36c-4f93-b232-3c8e6f6667b6:c4099]
2019-09-18 13:04:36,216 [grpc-default-executor-1] INFO  client.GrpcClientProtocolClient (GrpcClientProtocolClient.java:onNext(264)) - client-8C798EE064B2->dd0a3b65-d36c-4f93-b232-3c8e6f6667b6: receive RaftClientReply:client-8C798EE064B2->dd0a3b65-d36c-4f93-b232-3c8e6f6667b6@group-B02456D89C11, cid=2919, SUCCESS, logIndex=4097, commits[dd0a3b65-d36c-4f93-b232-3c8e6f6667b6:c4099]
2019-09-18 13:04:36,216 [grpc-default-executor-1] INFO  client.GrpcClientProtocolClient (GrpcClientProtocolClient.java:onNext(264)) - client-8C798EE064B2->dd0a3b65-d36c-4f93-b232-3c8e6f6667b6: receive RaftClientReply:client-8C798EE064B2->dd0a3b65-d36c-4f93-b232-3c8e6f6667b6@group-B02456D89C11, cid=2920, SUCCESS, logIndex=4098, commits[dd0a3b65-d36c-4f93-b232-3c8e6f6667b6:c4099]
2019-09-18 13:04:36,248 [grpc-default-executor-0] INFO  client.GrpcClientProtocolClient (GrpcClientProtocolClient.java:onNext(264)) - client-8C798EE064B2->dd0a3b65-d36c-4f93-b232-3c8e6f6667b6: receive RaftClientReply:client-8C798EE064B2->dd0a3b65-d36c-4f93-b232-3c8e6f6667b6@group-B02456D89C11, cid=2921, SUCCESS, logIndex=4100, commits[dd0a3b65-d36c-4f93-b232-3c8e6f6667b6:c4103]
2019-09-18 13:04:36,249 [grpc-default-executor-0] INFO  client.GrpcClientProtocolClient (GrpcClientProtocolClient.java:onNext(264)) - client-8C798EE064B2->dd0a3b65-d36c-4f93-b232-3c8e6f6667b6: receive RaftClientReply:client-8C798EE064B2->dd0a3b65-d36c-4f93-b232-3c8e6f6667b6@group-B02456D89C11, cid=2922, SUCCESS, logIndex=4101, commits[dd0a3b65-d36c-4f93-b232-3c8e6f6667b6:c4104]
2019-09-18 13:04:36,249 [grpc-default-executor-0] INFO  client.GrpcClientProtocolClient (GrpcClientProtocolClient.java:onNext(264)) - client-8C798EE064B2->dd0a3b65-d36c-4f93-b232-3c8e6f6667b6: receive RaftClientReply:client-8C798EE064B2->dd0a3b65-d36c-4f93-b232-3c8e6f6667b6@group-B02456D89C11, cid=2923, SUCCESS, logIndex=4102, commits[dd0a3b65-d36c-4f93-b232-3c8e6f6667b6:c4104]
2019-09-18 13:04:36,250 [grpc-default-executor-0] INFO  client.GrpcClientProtocolClient (GrpcClientProtocolClient.java:onNext(264)) - client-8C798EE064B2->dd0a3b65-d36c-4f93-b232-3c8e6f6667b6: receive RaftClientReply:client-8C798EE064B2->dd0a3b65-d36c-4f93-b232-3c8e6f6667b6@group-B02456D89C11, cid=2924, SUCCESS, logIndex=4103, commits[dd0a3b65-d36c-4f93-b232-3c8e6f6667b6:c4104]
2019-09-18 13:04:36,271 [grpc-default-executor-0] INFO  client.GrpcClientProtocolClient (GrpcClientProtocolClient.java:onNext(264)) - client-8C798EE064B2->dd0a3b65-d36c-4f93-b232-3c8e6f6667b6: receive RaftClientReply:client-8C798EE064B2->dd0a3b65-d36c-4f93-b232-3c8e6f6667b6@group-B02456D89C11, cid=2925, SUCCESS, logIndex=4105, commits[dd0a3b65-d36c-4f93-b232-3c8e6f6667b6:c4108]
2019-09-18 13:04:36,272 [grpc-default-executor-0] INFO  client.GrpcClientProtocolClient (GrpcClientProtocolClient.java:onNext(264)) - client-8C798EE064B2->dd0a3b65-d36c-4f93-b232-3c8e6f6667b6: receive RaftClientReply:client-8C798EE064B2->dd0a3b65-d36c-4f93-b232-3c8e6f6667b6@group-B02456D89C11, cid=2926, SUCCESS, logIndex=4106, commits[dd0a3b65-d36c-4f93-b232-3c8e6f6667b6:c4108]
2019-09-18 13:04:36,272 [grpc-default-executor-0] INFO  client.GrpcClientProtocolClient (GrpcClientProtocolClient.java:onNext(264)) - client-8C798EE064B2->dd0a3b65-d36c-4f93-b232-3c8e6f6667b6: receive RaftClientReply:client-8C798EE064B2->dd0a3b65-d36c-4f93-b232-3c8e6f6667b6@group-B02456D89C11, cid=2927, SUCCESS, logIndex=4107, commits[dd0a3b65-d36c-4f93-b232-3c8e6f6667b6:c4109]
2019-09-18 13:04:36,272 [grpc-default-executor-0] INFO  client.GrpcClientProtocolClient (GrpcClientProtocolClient.java:onNext(264)) - client-8C798EE064B2->dd0a3b65-d36c-4f93-b232-3c8e6f6667b6: receive RaftClientReply:client-8C798EE064B2->dd0a3b65-d36c-4f93-b232-3c8e6f6667b6@group-B02456D89C11, cid=2928, SUCCESS, logIndex=4108, commits[dd0a3b65-d36c-4f93-b232-3c8e6f6667b6:c4109]
2019-09-18 13:04:36,308 [grpc-default-executor-0] INFO  client.GrpcClientProtocolClient (GrpcClientProtocolClient.java:onNext(264)) - client-8C798EE064B2->dd0a3b65-d36c-4f93-b232-3c8e6f6667b6: receive RaftClientReply:client-8C798EE064B2->dd0a3b65-d36c-4f93-b232-3c8e6f6667b6@group-B02456D89C11, cid=2929, SUCCESS, logIndex=4110, commits[dd0a3b65-d36c-4f93-b232-3c8e6f6667b6:c4113]
2019-09-18 13:04:36,308 [grpc-default-executor-0] INFO  client.GrpcClientProtocolClient (GrpcClientProtocolClient.java:onNext(264)) - client-8C798EE064B2->dd0a3b65-d36c-4f93-b232-3c8e6f6667b6: receive RaftClientReply:client-8C798EE064B2->dd0a3b65-d36c-4f93-b232-3c8e6f6667b6@group-B02456D89C11, cid=2930, SUCCESS, logIndex=4111, commits[dd0a3b65-d36c-4f93-b232-3c8e6f6667b6:c4113]
2019-09-18 13:04:36,309 [grpc-default-executor-0] INFO  client.GrpcClientProtocolClient (GrpcClientProtocolClient.java:onNext(264)) - client-8C798EE064B2->dd0a3b65-d36c-4f93-b232-3c8e6f6667b6: receive RaftClientReply:client-8C798EE064B2->dd0a3b65-d36c-4f93-b232-3c8e6f6667b6@group-B02456D89C11, cid=2931, SUCCESS, logIndex=4112, commits[dd0a3b65-d36c-4f93-b232-3c8e6f6667b6:c4113]
2019-09-18 13:04:36,309 [grpc-default-executor-0] INFO  client.GrpcClientProtocolClient (GrpcClientProtocolClient.java:onNext(264)) - client-8C798EE064B2->dd0a3b65-d36c-4f93-b232-3c8e6f6667b6: receive RaftClientReply:client-8C798EE064B2->dd0a3b65-d36c-4f93-b232-3c8e6f6667b6@group-B02456D89C11, cid=2932, SUCCESS, logIndex=4113, commits[dd0a3b65-d36c-4f93-b232-3c8e6f6667b6:c4113]
2019-09-18 13:04:36,311 [SCMBlockDeletingService#0] DEBUG block.SCMBlockDeletingService (SCMBlockDeletingService.java:call(138)) - Running DeletedBlockTransactionScanner
2019-09-18 13:04:36,311 [SCMBlockDeletingService#0] DEBUG block.SCMBlockDeletingService (SCMBlockDeletingService.java:call(155)) - Scanned deleted blocks log and got 0 delTX to process.
2019-09-18 13:04:36,332 [grpc-default-executor-0] INFO  client.GrpcClientProtocolClient (GrpcClientProtocolClient.java:onNext(264)) - client-8C798EE064B2->dd0a3b65-d36c-4f93-b232-3c8e6f6667b6: receive RaftClientReply:client-8C798EE064B2->dd0a3b65-d36c-4f93-b232-3c8e6f6667b6@group-B02456D89C11, cid=2933, SUCCESS, logIndex=4115, commits[dd0a3b65-d36c-4f93-b232-3c8e6f6667b6:c4118]
2019-09-18 13:04:36,333 [grpc-default-executor-0] INFO  client.GrpcClientProtocolClient (GrpcClientProtocolClient.java:onNext(264)) - client-8C798EE064B2->dd0a3b65-d36c-4f93-b232-3c8e6f6667b6: receive RaftClientReply:client-8C798EE064B2->dd0a3b65-d36c-4f93-b232-3c8e6f6667b6@group-B02456D89C11, cid=2934, SUCCESS, logIndex=4116, commits[dd0a3b65-d36c-4f93-b232-3c8e6f6667b6:c4119]
2019-09-18 13:04:36,333 [grpc-default-executor-0] INFO  client.GrpcClientProtocolClient (GrpcClientProtocolClient.java:onNext(264)) - client-8C798EE064B2->dd0a3b65-d36c-4f93-b232-3c8e6f6667b6: receive RaftClientReply:client-8C798EE064B2->dd0a3b65-d36c-4f93-b232-3c8e6f6667b6@group-B02456D89C11, cid=2935, SUCCESS, logIndex=4117, commits[dd0a3b65-d36c-4f93-b232-3c8e6f6667b6:c4119]
2019-09-18 13:04:36,334 [grpc-default-executor-0] INFO  client.GrpcClientProtocolClient (GrpcClientProtocolClient.java:onNext(264)) - client-8C798EE064B2->dd0a3b65-d36c-4f93-b232-3c8e6f6667b6: receive RaftClientReply:client-8C798EE064B2->dd0a3b65-d36c-4f93-b232-3c8e6f6667b6@group-B02456D89C11, cid=2936, SUCCESS, logIndex=4118, commits[dd0a3b65-d36c-4f93-b232-3c8e6f6667b6:c4119]
2019-09-18 13:04:36,361 [grpc-default-executor-1] INFO  client.GrpcClientProtocolClient (GrpcClientProtocolClient.java:onNext(264)) - client-8C798EE064B2->dd0a3b65-d36c-4f93-b232-3c8e6f6667b6: receive RaftClientReply:client-8C798EE064B2->dd0a3b65-d36c-4f93-b232-3c8e6f6667b6@group-B02456D89C11, cid=2937, SUCCESS, logIndex=4120, commits[dd0a3b65-d36c-4f93-b232-3c8e6f6667b6:c4121]
2019-09-18 13:04:36,362 [grpc-default-executor-1] INFO  client.GrpcClientProtocolClient (GrpcClientProtocolClient.java:onNext(264)) - client-8C798EE064B2->dd0a3b65-d36c-4f93-b232-3c8e6f6667b6: receive RaftClientReply:client-8C798EE064B2->dd0a3b65-d36c-4f93-b232-3c8e6f6667b6@group-B02456D89C11, cid=2938, SUCCESS, logIndex=4121, commits[dd0a3b65-d36c-4f93-b232-3c8e6f6667b6:c4123]
2019-09-18 13:04:36,362 [grpc-default-executor-1] INFO  client.GrpcClientProtocolClient (GrpcClientProtocolClient.java:onNext(264)) - client-8C798EE064B2->dd0a3b65-d36c-4f93-b232-3c8e6f6667b6: receive RaftClientReply:client-8C798EE064B2->dd0a3b65-d36c-4f93-b232-3c8e6f6667b6@group-B02456D89C11, cid=2939, SUCCESS, logIndex=4122, commits[dd0a3b65-d36c-4f93-b232-3c8e6f6667b6:c4124]
2019-09-18 13:04:36,362 [grpc-default-executor-1] INFO  client.GrpcClientProtocolClient (GrpcClientProtocolClient.java:onNext(264)) - client-8C798EE064B2->dd0a3b65-d36c-4f93-b232-3c8e6f6667b6: receive RaftClientReply:client-8C798EE064B2->dd0a3b65-d36c-4f93-b232-3c8e6f6667b6@group-B02456D89C11, cid=2940, SUCCESS, logIndex=4123, commits[dd0a3b65-d36c-4f93-b232-3c8e6f6667b6:c4125]
2019-09-18 13:04:36,382 [grpc-default-executor-0] INFO  client.GrpcClientProtocolClient (GrpcClientProtocolClient.java:onNext(264)) - client-8C798EE064B2->dd0a3b65-d36c-4f93-b232-3c8e6f6667b6: receive RaftClientReply:client-8C798EE064B2->dd0a3b65-d36c-4f93-b232-3c8e6f6667b6@group-B02456D89C11, cid=2941, SUCCESS, logIndex=4126, commits[dd0a3b65-d36c-4f93-b232-3c8e6f6667b6:c4127]
2019-09-18 13:04:36,382 [grpc-default-executor-0] INFO  client.GrpcClientProtocolClient (GrpcClientProtocolClient.java:onNext(264)) - client-8C798EE064B2->dd0a3b65-d36c-4f93-b232-3c8e6f6667b6: receive RaftClientReply:client-8C798EE064B2->dd0a3b65-d36c-4f93-b232-3c8e6f6667b6@group-B02456D89C11, cid=2942, SUCCESS, logIndex=4127, commits[dd0a3b65-d36c-4f93-b232-3c8e6f6667b6:c4129]
2019-09-18 13:04:36,383 [grpc-default-executor-0] INFO  client.GrpcClientProtocolClient (GrpcClientProtocolClient.java:onNext(264)) - client-8C798EE064B2->dd0a3b65-d36c-4f93-b232-3c8e6f6667b6: receive RaftClientReply:client-8C798EE064B2->dd0a3b65-d36c-4f93-b232-3c8e6f6667b6@group-B02456D89C11, cid=2943, SUCCESS, logIndex=4128, commits[dd0a3b65-d36c-4f93-b232-3c8e6f6667b6:c4130]
2019-09-18 13:04:36,383 [grpc-default-executor-0] INFO  client.GrpcClientProtocolClient (GrpcClientProtocolClient.java:onNext(264)) - client-8C798EE064B2->dd0a3b65-d36c-4f93-b232-3c8e6f6667b6: receive RaftClientReply:client-8C798EE064B2->dd0a3b65-d36c-4f93-b232-3c8e6f6667b6@group-B02456D89C11, cid=2944, SUCCESS, logIndex=4129, commits[dd0a3b65-d36c-4f93-b232-3c8e6f6667b6:c4130]
2019-09-18 13:04:36,411 [SCMBlockDeletingService#0] DEBUG block.SCMBlockDeletingService (SCMBlockDeletingService.java:call(138)) - Running DeletedBlockTransactionScanner
2019-09-18 13:04:36,412 [SCMBlockDeletingService#0] DEBUG block.SCMBlockDeletingService (SCMBlockDeletingService.java:call(155)) - Scanned deleted blocks log and got 0 delTX to process.
2019-09-18 13:04:36,415 [grpc-default-executor-0] INFO  client.GrpcClientProtocolClient (GrpcClientProtocolClient.java:onNext(264)) - client-8C798EE064B2->dd0a3b65-d36c-4f93-b232-3c8e6f6667b6: receive RaftClientReply:client-8C798EE064B2->dd0a3b65-d36c-4f93-b232-3c8e6f6667b6@group-B02456D89C11, cid=2945, SUCCESS, logIndex=4132, commits[dd0a3b65-d36c-4f93-b232-3c8e6f6667b6:c4135]
2019-09-18 13:04:36,415 [grpc-default-executor-0] INFO  client.GrpcClientProtocolClient (GrpcClientProtocolClient.java:onNext(264)) - client-8C798EE064B2->dd0a3b65-d36c-4f93-b232-3c8e6f6667b6: receive RaftClientReply:client-8C798EE064B2->dd0a3b65-d36c-4f93-b232-3c8e6f6667b6@group-B02456D89C11, cid=2946, SUCCESS, logIndex=4133, commits[dd0a3b65-d36c-4f93-b232-3c8e6f6667b6:c4136]
2019-09-18 13:04:36,415 [grpc-default-executor-0] INFO  client.GrpcClientProtocolClient (GrpcClientProtocolClient.java:onNext(264)) - client-8C798EE064B2->dd0a3b65-d36c-4f93-b232-3c8e6f6667b6: receive RaftClientReply:client-8C798EE064B2->dd0a3b65-d36c-4f93-b232-3c8e6f6667b6@group-B02456D89C11, cid=2947, SUCCESS, logIndex=4134, commits[dd0a3b65-d36c-4f93-b232-3c8e6f6667b6:c4136]
2019-09-18 13:04:36,416 [grpc-default-executor-0] INFO  client.GrpcClientProtocolClient (GrpcClientProtocolClient.java:onNext(264)) - client-8C798EE064B2->dd0a3b65-d36c-4f93-b232-3c8e6f6667b6: receive RaftClientReply:client-8C798EE064B2->dd0a3b65-d36c-4f93-b232-3c8e6f6667b6@group-B02456D89C11, cid=2948, SUCCESS, logIndex=4135, commits[dd0a3b65-d36c-4f93-b232-3c8e6f6667b6:c4136]
2019-09-18 13:04:36,435 [grpc-default-executor-0] INFO  client.GrpcClientProtocolClient (GrpcClientProtocolClient.java:onNext(264)) - client-8C798EE064B2->dd0a3b65-d36c-4f93-b232-3c8e6f6667b6: receive RaftClientReply:client-8C798EE064B2->dd0a3b65-d36c-4f93-b232-3c8e6f6667b6@group-B02456D89C11, cid=2949, SUCCESS, logIndex=4137, commits[dd0a3b65-d36c-4f93-b232-3c8e6f6667b6:c4138]
2019-09-18 13:04:36,435 [grpc-default-executor-0] INFO  client.GrpcClientProtocolClient (GrpcClientProtocolClient.java:onNext(264)) - client-8C798EE064B2->dd0a3b65-d36c-4f93-b232-3c8e6f6667b6: receive RaftClientReply:client-8C798EE064B2->dd0a3b65-d36c-4f93-b232-3c8e6f6667b6@group-B02456D89C11, cid=2950, SUCCESS, logIndex=4138, commits[dd0a3b65-d36c-4f93-b232-3c8e6f6667b6:c4138]
2019-09-18 13:04:36,435 [grpc-default-executor-0] INFO  client.GrpcClientProtocolClient (GrpcClientProtocolClient.java:onNext(264)) - client-8C798EE064B2->dd0a3b65-d36c-4f93-b232-3c8e6f6667b6: receive RaftClientReply:client-8C798EE064B2->dd0a3b65-d36c-4f93-b232-3c8e6f6667b6@group-B02456D89C11, cid=2951, SUCCESS, logIndex=4139, commits[dd0a3b65-d36c-4f93-b232-3c8e6f6667b6:c4140]
2019-09-18 13:04:36,436 [grpc-default-executor-0] INFO  client.GrpcClientProtocolClient (GrpcClientProtocolClient.java:onNext(264)) - client-8C798EE064B2->dd0a3b65-d36c-4f93-b232-3c8e6f6667b6: receive RaftClientReply:client-8C798EE064B2->dd0a3b65-d36c-4f93-b232-3c8e6f6667b6@group-B02456D89C11, cid=2952, SUCCESS, logIndex=4140, commits[dd0a3b65-d36c-4f93-b232-3c8e6f6667b6:c4140]
2019-09-18 13:04:36,465 [grpc-default-executor-1] INFO  client.GrpcClientProtocolClient (GrpcClientProtocolClient.java:onNext(264)) - client-8C798EE064B2->dd0a3b65-d36c-4f93-b232-3c8e6f6667b6: receive RaftClientReply:client-8C798EE064B2->dd0a3b65-d36c-4f93-b232-3c8e6f6667b6@group-B02456D89C11, cid=2953, SUCCESS, logIndex=4143, commits[dd0a3b65-d36c-4f93-b232-3c8e6f6667b6:c4146]
2019-09-18 13:04:36,465 [grpc-default-executor-1] INFO  client.GrpcClientProtocolClient (GrpcClientProtocolClient.java:onNext(264)) - client-8C798EE064B2->dd0a3b65-d36c-4f93-b232-3c8e6f6667b6: receive RaftClientReply:client-8C798EE064B2->dd0a3b65-d36c-4f93-b232-3c8e6f6667b6@group-B02456D89C11, cid=2954, SUCCESS, logIndex=4144, commits[dd0a3b65-d36c-4f93-b232-3c8e6f6667b6:c4147]
2019-09-18 13:04:36,466 [grpc-default-executor-1] INFO  client.GrpcClientProtocolClient (GrpcClientProtocolClient.java:onNext(264)) - client-8C798EE064B2->dd0a3b65-d36c-4f93-b232-3c8e6f6667b6: receive RaftClientReply:client-8C798EE064B2->dd0a3b65-d36c-4f93-b232-3c8e6f6667b6@group-B02456D89C11, cid=2955, SUCCESS, logIndex=4145, commits[dd0a3b65-d36c-4f93-b232-3c8e6f6667b6:c4147]
2019-09-18 13:04:36,466 [grpc-default-executor-1] INFO  client.GrpcClientProtocolClient (GrpcClientProtocolClient.java:onNext(264)) - client-8C798EE064B2->dd0a3b65-d36c-4f93-b232-3c8e6f6667b6: receive RaftClientReply:client-8C798EE064B2->dd0a3b65-d36c-4f93-b232-3c8e6f6667b6@group-B02456D89C11, cid=2956, SUCCESS, logIndex=4146, commits[dd0a3b65-d36c-4f93-b232-3c8e6f6667b6:c4147]
2019-09-18 13:04:36,484 [grpc-default-executor-1] INFO  client.GrpcClientProtocolClient (GrpcClientProtocolClient.java:onNext(264)) - client-8C798EE064B2->dd0a3b65-d36c-4f93-b232-3c8e6f6667b6: receive RaftClientReply:client-8C798EE064B2->dd0a3b65-d36c-4f93-b232-3c8e6f6667b6@group-B02456D89C11, cid=2957, SUCCESS, logIndex=4148, commits[dd0a3b65-d36c-4f93-b232-3c8e6f6667b6:c4151]
2019-09-18 13:04:36,484 [grpc-default-executor-1] INFO  client.GrpcClientProtocolClient (GrpcClientProtocolClient.java:onNext(264)) - client-8C798EE064B2->dd0a3b65-d36c-4f93-b232-3c8e6f6667b6: receive RaftClientReply:client-8C798EE064B2->dd0a3b65-d36c-4f93-b232-3c8e6f6667b6@group-B02456D89C11, cid=2958, SUCCESS, logIndex=4149, commits[dd0a3b65-d36c-4f93-b232-3c8e6f6667b6:c4152]
2019-09-18 13:04:36,484 [grpc-default-executor-1] INFO  client.GrpcClientProtocolClient (GrpcClientProtocolClient.java:onNext(264)) - client-8C798EE064B2->dd0a3b65-d36c-4f93-b232-3c8e6f6667b6: receive RaftClientReply:client-8C798EE064B2->dd0a3b65-d36c-4f93-b232-3c8e6f6667b6@group-B02456D89C11, cid=2959, SUCCESS, logIndex=4150, commits[dd0a3b65-d36c-4f93-b232-3c8e6f6667b6:c4152]
2019-09-18 13:04:36,485 [grpc-default-executor-1] INFO  client.GrpcClientProtocolClient (GrpcClientProtocolClient.java:onNext(264)) - client-8C798EE064B2->dd0a3b65-d36c-4f93-b232-3c8e6f6667b6: receive RaftClientReply:client-8C798EE064B2->dd0a3b65-d36c-4f93-b232-3c8e6f6667b6@group-B02456D89C11, cid=2960, SUCCESS, logIndex=4151, commits[dd0a3b65-d36c-4f93-b232-3c8e6f6667b6:c4152]
2019-09-18 13:04:36,512 [SCMBlockDeletingService#0] DEBUG block.SCMBlockDeletingService (SCMBlockDeletingService.java:call(138)) - Running DeletedBlockTransactionScanner
2019-09-18 13:04:36,512 [SCMBlockDeletingService#0] DEBUG block.SCMBlockDeletingService (SCMBlockDeletingService.java:call(155)) - Scanned deleted blocks log and got 0 delTX to process.
2019-09-18 13:04:36,612 [grpc-default-executor-1] INFO  client.GrpcClientProtocolClient (GrpcClientProtocolClient.java:onNext(264)) - client-8C798EE064B2->dd0a3b65-d36c-4f93-b232-3c8e6f6667b6: receive RaftClientReply:client-8C798EE064B2->dd0a3b65-d36c-4f93-b232-3c8e6f6667b6@group-B02456D89C11, cid=2961, SUCCESS, logIndex=4153, commits[dd0a3b65-d36c-4f93-b232-3c8e6f6667b6:c4156]
2019-09-18 13:04:36,612 [grpc-default-executor-1] INFO  client.GrpcClientProtocolClient (GrpcClientProtocolClient.java:onNext(264)) - client-8C798EE064B2->dd0a3b65-d36c-4f93-b232-3c8e6f6667b6: receive RaftClientReply:client-8C798EE064B2->dd0a3b65-d36c-4f93-b232-3c8e6f6667b6@group-B02456D89C11, cid=2962, SUCCESS, logIndex=4154, commits[dd0a3b65-d36c-4f93-b232-3c8e6f6667b6:c4157]
2019-09-18 13:04:36,612 [SCMBlockDeletingService#0] DEBUG block.SCMBlockDeletingService (SCMBlockDeletingService.java:call(138)) - Running DeletedBlockTransactionScanner
2019-09-18 13:04:36,613 [grpc-default-executor-1] INFO  client.GrpcClientProtocolClient (GrpcClientProtocolClient.java:onNext(264)) - client-8C798EE064B2->dd0a3b65-d36c-4f93-b232-3c8e6f6667b6: receive RaftClientReply:client-8C798EE064B2->dd0a3b65-d36c-4f93-b232-3c8e6f6667b6@group-B02456D89C11, cid=2963, SUCCESS, logIndex=4155, commits[dd0a3b65-d36c-4f93-b232-3c8e6f6667b6:c4157]
2019-09-18 13:04:36,613 [SCMBlockDeletingService#0] DEBUG block.SCMBlockDeletingService (SCMBlockDeletingService.java:call(155)) - Scanned deleted blocks log and got 0 delTX to process.
2019-09-18 13:04:36,613 [grpc-default-executor-1] INFO  client.GrpcClientProtocolClient (GrpcClientProtocolClient.java:onNext(264)) - client-8C798EE064B2->dd0a3b65-d36c-4f93-b232-3c8e6f6667b6: receive RaftClientReply:client-8C798EE064B2->dd0a3b65-d36c-4f93-b232-3c8e6f6667b6@group-B02456D89C11, cid=2964, SUCCESS, logIndex=4156, commits[dd0a3b65-d36c-4f93-b232-3c8e6f6667b6:c4157]
2019-09-18 13:04:36,632 [grpc-default-executor-1] INFO  client.GrpcClientProtocolClient (GrpcClientProtocolClient.java:onNext(264)) - client-8C798EE064B2->dd0a3b65-d36c-4f93-b232-3c8e6f6667b6: receive RaftClientReply:client-8C798EE064B2->dd0a3b65-d36c-4f93-b232-3c8e6f6667b6@group-B02456D89C11, cid=2965, SUCCESS, logIndex=4158, commits[dd0a3b65-d36c-4f93-b232-3c8e6f6667b6:c4159]
2019-09-18 13:04:36,633 [grpc-default-executor-1] INFO  client.GrpcClientProtocolClient (GrpcClientProtocolClient.java:onNext(264)) - client-8C798EE064B2->dd0a3b65-d36c-4f93-b232-3c8e6f6667b6: receive RaftClientReply:client-8C798EE064B2->dd0a3b65-d36c-4f93-b232-3c8e6f6667b6@group-B02456D89C11, cid=2966, SUCCESS, logIndex=4159, commits[dd0a3b65-d36c-4f93-b232-3c8e6f6667b6:c4161]
2019-09-18 13:04:36,633 [grpc-default-executor-1] INFO  client.GrpcClientProtocolClient (GrpcClientProtocolClient.java:onNext(264)) - client-8C798EE064B2->dd0a3b65-d36c-4f93-b232-3c8e6f6667b6: receive RaftClientReply:client-8C798EE064B2->dd0a3b65-d36c-4f93-b232-3c8e6f6667b6@group-B02456D89C11, cid=2967, SUCCESS, logIndex=4160, commits[dd0a3b65-d36c-4f93-b232-3c8e6f6667b6:c4161]
2019-09-18 13:04:36,633 [grpc-default-executor-1] INFO  client.GrpcClientProtocolClient (GrpcClientProtocolClient.java:onNext(264)) - client-8C798EE064B2->dd0a3b65-d36c-4f93-b232-3c8e6f6667b6: receive RaftClientReply:client-8C798EE064B2->dd0a3b65-d36c-4f93-b232-3c8e6f6667b6@group-B02456D89C11, cid=2968, SUCCESS, logIndex=4161, commits[dd0a3b65-d36c-4f93-b232-3c8e6f6667b6:c4162]
2019-09-18 13:04:36,668 [grpc-default-executor-0] INFO  client.GrpcClientProtocolClient (GrpcClientProtocolClient.java:onNext(264)) - client-8C798EE064B2->dd0a3b65-d36c-4f93-b232-3c8e6f6667b6: receive RaftClientReply:client-8C798EE064B2->dd0a3b65-d36c-4f93-b232-3c8e6f6667b6@group-B02456D89C11, cid=2969, SUCCESS, logIndex=4164, commits[dd0a3b65-d36c-4f93-b232-3c8e6f6667b6:c4167]
2019-09-18 13:04:36,669 [grpc-default-executor-0] INFO  client.GrpcClientProtocolClient (GrpcClientProtocolClient.java:onNext(264)) - client-8C798EE064B2->dd0a3b65-d36c-4f93-b232-3c8e6f6667b6: receive RaftClientReply:client-8C798EE064B2->dd0a3b65-d36c-4f93-b232-3c8e6f6667b6@group-B02456D89C11, cid=2970, SUCCESS, logIndex=4165, commits[dd0a3b65-d36c-4f93-b232-3c8e6f6667b6:c4167]
2019-09-18 13:04:36,669 [grpc-default-executor-0] INFO  client.GrpcClientProtocolClient (GrpcClientProtocolClient.java:onNext(264)) - client-8C798EE064B2->dd0a3b65-d36c-4f93-b232-3c8e6f6667b6: receive RaftClientReply:client-8C798EE064B2->dd0a3b65-d36c-4f93-b232-3c8e6f6667b6@group-B02456D89C11, cid=2971, SUCCESS, logIndex=4166, commits[dd0a3b65-d36c-4f93-b232-3c8e6f6667b6:c4167]
2019-09-18 13:04:36,670 [grpc-default-executor-0] INFO  client.GrpcClientProtocolClient (GrpcClientProtocolClient.java:onNext(264)) - client-8C798EE064B2->dd0a3b65-d36c-4f93-b232-3c8e6f6667b6: receive RaftClientReply:client-8C798EE064B2->dd0a3b65-d36c-4f93-b232-3c8e6f6667b6@group-B02456D89C11, cid=2972, SUCCESS, logIndex=4167, commits[dd0a3b65-d36c-4f93-b232-3c8e6f6667b6:c4167]
2019-09-18 13:04:36,686 [grpc-default-executor-0] INFO  client.GrpcClientProtocolClient (GrpcClientProtocolClient.java:onNext(264)) - client-8C798EE064B2->dd0a3b65-d36c-4f93-b232-3c8e6f6667b6: receive RaftClientReply:client-8C798EE064B2->dd0a3b65-d36c-4f93-b232-3c8e6f6667b6@group-B02456D89C11, cid=2973, SUCCESS, logIndex=4169, commits[dd0a3b65-d36c-4f93-b232-3c8e6f6667b6:c4170]
2019-09-18 13:04:36,686 [grpc-default-executor-0] INFO  client.GrpcClientProtocolClient (GrpcClientProtocolClient.java:onNext(264)) - client-8C798EE064B2->dd0a3b65-d36c-4f93-b232-3c8e6f6667b6: receive RaftClientReply:client-8C798EE064B2->dd0a3b65-d36c-4f93-b232-3c8e6f6667b6@group-B02456D89C11, cid=2974, SUCCESS, logIndex=4170, commits[dd0a3b65-d36c-4f93-b232-3c8e6f6667b6:c4170]
2019-09-18 13:04:36,695 [grpc-default-executor-0] INFO  client.GrpcClientProtocolClient (GrpcClientProtocolClient.java:onNext(264)) - client-8C798EE064B2->dd0a3b65-d36c-4f93-b232-3c8e6f6667b6: receive RaftClientReply:client-8C798EE064B2->dd0a3b65-d36c-4f93-b232-3c8e6f6667b6@group-B02456D89C11, cid=2975, SUCCESS, logIndex=4171, commits[dd0a3b65-d36c-4f93-b232-3c8e6f6667b6:c4172]
2019-09-18 13:04:36,695 [grpc-default-executor-0] INFO  client.GrpcClientProtocolClient (GrpcClientProtocolClient.java:onNext(264)) - client-8C798EE064B2->dd0a3b65-d36c-4f93-b232-3c8e6f6667b6: receive RaftClientReply:client-8C798EE064B2->dd0a3b65-d36c-4f93-b232-3c8e6f6667b6@group-B02456D89C11, cid=2976, SUCCESS, logIndex=4172, commits[dd0a3b65-d36c-4f93-b232-3c8e6f6667b6:c4173]
2019-09-18 13:04:36,713 [SCMBlockDeletingService#0] DEBUG block.SCMBlockDeletingService (SCMBlockDeletingService.java:call(138)) - Running DeletedBlockTransactionScanner
2019-09-18 13:04:36,713 [SCMBlockDeletingService#0] DEBUG block.SCMBlockDeletingService (SCMBlockDeletingService.java:call(155)) - Scanned deleted blocks log and got 0 delTX to process.
2019-09-18 13:04:36,724 [grpc-default-executor-0] INFO  client.GrpcClientProtocolClient (GrpcClientProtocolClient.java:onNext(264)) - client-8C798EE064B2->dd0a3b65-d36c-4f93-b232-3c8e6f6667b6: receive RaftClientReply:client-8C798EE064B2->dd0a3b65-d36c-4f93-b232-3c8e6f6667b6@group-B02456D89C11, cid=2977, SUCCESS, logIndex=4175, commits[dd0a3b65-d36c-4f93-b232-3c8e6f6667b6:c4176]
2019-09-18 13:04:36,725 [grpc-default-executor-0] INFO  client.GrpcClientProtocolClient (GrpcClientProtocolClient.java:onNext(264)) - client-8C798EE064B2->dd0a3b65-d36c-4f93-b232-3c8e6f6667b6: receive RaftClientReply:client-8C798EE064B2->dd0a3b65-d36c-4f93-b232-3c8e6f6667b6@group-B02456D89C11, cid=2978, SUCCESS, logIndex=4176, commits[dd0a3b65-d36c-4f93-b232-3c8e6f6667b6:c4176]
2019-09-18 13:04:36,726 [grpc-default-executor-0] INFO  client.GrpcClientProtocolClient (GrpcClientProtocolClient.java:onNext(264)) - client-8C798EE064B2->dd0a3b65-d36c-4f93-b232-3c8e6f6667b6: receive RaftClientReply:client-8C798EE064B2->dd0a3b65-d36c-4f93-b232-3c8e6f6667b6@group-B02456D89C11, cid=2979, SUCCESS, logIndex=4177, commits[dd0a3b65-d36c-4f93-b232-3c8e6f6667b6:c4178]
2019-09-18 13:04:36,726 [grpc-default-executor-0] INFO  client.GrpcClientProtocolClient (GrpcClientProtocolClient.java:onNext(264)) - client-8C798EE064B2->dd0a3b65-d36c-4f93-b232-3c8e6f6667b6: receive RaftClientReply:client-8C798EE064B2->dd0a3b65-d36c-4f93-b232-3c8e6f6667b6@group-B02456D89C11, cid=2980, SUCCESS, logIndex=4178, commits[dd0a3b65-d36c-4f93-b232-3c8e6f6667b6:c4178]
2019-09-18 13:04:36,740 [grpc-default-executor-1] INFO  client.GrpcClientProtocolClient (GrpcClientProtocolClient.java:onNext(264)) - client-8C798EE064B2->dd0a3b65-d36c-4f93-b232-3c8e6f6667b6: receive RaftClientReply:client-8C798EE064B2->dd0a3b65-d36c-4f93-b232-3c8e6f6667b6@group-B02456D89C11, cid=2981, SUCCESS, logIndex=4181, commits[dd0a3b65-d36c-4f93-b232-3c8e6f6667b6:c4184]
2019-09-18 13:04:36,741 [grpc-default-executor-1] INFO  client.GrpcClientProtocolClient (GrpcClientProtocolClient.java:onNext(264)) - client-8C798EE064B2->dd0a3b65-d36c-4f93-b232-3c8e6f6667b6: receive RaftClientReply:client-8C798EE064B2->dd0a3b65-d36c-4f93-b232-3c8e6f6667b6@group-B02456D89C11, cid=2982, SUCCESS, logIndex=4182, commits[dd0a3b65-d36c-4f93-b232-3c8e6f6667b6:c4184]
2019-09-18 13:04:36,741 [grpc-default-executor-1] INFO  client.GrpcClientProtocolClient (GrpcClientProtocolClient.java:onNext(264)) - client-8C798EE064B2->dd0a3b65-d36c-4f93-b232-3c8e6f6667b6: receive RaftClientReply:client-8C798EE064B2->dd0a3b65-d36c-4f93-b232-3c8e6f6667b6@group-B02456D89C11, cid=2983, SUCCESS, logIndex=4183, commits[dd0a3b65-d36c-4f93-b232-3c8e6f6667b6:c4184]
2019-09-18 13:04:36,741 [grpc-default-executor-1] INFO  client.GrpcClientProtocolClient (GrpcClientProtocolClient.java:onNext(264)) - client-8C798EE064B2->dd0a3b65-d36c-4f93-b232-3c8e6f6667b6: receive RaftClientReply:client-8C798EE064B2->dd0a3b65-d36c-4f93-b232-3c8e6f6667b6@group-B02456D89C11, cid=2984, SUCCESS, logIndex=4184, commits[dd0a3b65-d36c-4f93-b232-3c8e6f6667b6:c4184]
2019-09-18 13:04:36,770 [grpc-default-executor-1] INFO  client.GrpcClientProtocolClient (GrpcClientProtocolClient.java:onNext(264)) - client-8C798EE064B2->dd0a3b65-d36c-4f93-b232-3c8e6f6667b6: receive RaftClientReply:client-8C798EE064B2->dd0a3b65-d36c-4f93-b232-3c8e6f6667b6@group-B02456D89C11, cid=2985, SUCCESS, logIndex=4186, commits[dd0a3b65-d36c-4f93-b232-3c8e6f6667b6:c4189]
2019-09-18 13:04:36,770 [grpc-default-executor-1] INFO  client.GrpcClientProtocolClient (GrpcClientProtocolClient.java:onNext(264)) - client-8C798EE064B2->dd0a3b65-d36c-4f93-b232-3c8e6f6667b6: receive RaftClientReply:client-8C798EE064B2->dd0a3b65-d36c-4f93-b232-3c8e6f6667b6@group-B02456D89C11, cid=2986, SUCCESS, logIndex=4187, commits[dd0a3b65-d36c-4f93-b232-3c8e6f6667b6:c4189]
2019-09-18 13:04:36,770 [grpc-default-executor-1] INFO  client.GrpcClientProtocolClient (GrpcClientProtocolClient.java:onNext(264)) - client-8C798EE064B2->dd0a3b65-d36c-4f93-b232-3c8e6f6667b6: receive RaftClientReply:client-8C798EE064B2->dd0a3b65-d36c-4f93-b232-3c8e6f6667b6@group-B02456D89C11, cid=2987, SUCCESS, logIndex=4188, commits[dd0a3b65-d36c-4f93-b232-3c8e6f6667b6:c4189]
2019-09-18 13:04:36,770 [grpc-default-executor-1] INFO  client.GrpcClientProtocolClient (GrpcClientProtocolClient.java:onNext(264)) - client-8C798EE064B2->dd0a3b65-d36c-4f93-b232-3c8e6f6667b6: receive RaftClientReply:client-8C798EE064B2->dd0a3b65-d36c-4f93-b232-3c8e6f6667b6@group-B02456D89C11, cid=2988, SUCCESS, logIndex=4189, commits[dd0a3b65-d36c-4f93-b232-3c8e6f6667b6:c4189]
2019-09-18 13:04:36,788 [grpc-default-executor-1] INFO  client.GrpcClientProtocolClient (GrpcClientProtocolClient.java:onNext(264)) - client-8C798EE064B2->dd0a3b65-d36c-4f93-b232-3c8e6f6667b6: receive RaftClientReply:client-8C798EE064B2->dd0a3b65-d36c-4f93-b232-3c8e6f6667b6@group-B02456D89C11, cid=2989, SUCCESS, logIndex=4191, commits[dd0a3b65-d36c-4f93-b232-3c8e6f6667b6:c4192]
2019-09-18 13:04:36,789 [grpc-default-executor-1] INFO  client.GrpcClientProtocolClient (GrpcClientProtocolClient.java:onNext(264)) - client-8C798EE064B2->dd0a3b65-d36c-4f93-b232-3c8e6f6667b6: receive RaftClientReply:client-8C798EE064B2->dd0a3b65-d36c-4f93-b232-3c8e6f6667b6@group-B02456D89C11, cid=2990, SUCCESS, logIndex=4192, commits[dd0a3b65-d36c-4f93-b232-3c8e6f6667b6:c4194]
2019-09-18 13:04:36,789 [grpc-default-executor-1] INFO  client.GrpcClientProtocolClient (GrpcClientProtocolClient.java:onNext(264)) - client-8C798EE064B2->dd0a3b65-d36c-4f93-b232-3c8e6f6667b6: receive RaftClientReply:client-8C798EE064B2->dd0a3b65-d36c-4f93-b232-3c8e6f6667b6@group-B02456D89C11, cid=2991, SUCCESS, logIndex=4193, commits[dd0a3b65-d36c-4f93-b232-3c8e6f6667b6:c4195]
2019-09-18 13:04:36,789 [grpc-default-executor-1] INFO  client.GrpcClientProtocolClient (GrpcClientProtocolClient.java:onNext(264)) - client-8C798EE064B2->dd0a3b65-d36c-4f93-b232-3c8e6f6667b6: receive RaftClientReply:client-8C798EE064B2->dd0a3b65-d36c-4f93-b232-3c8e6f6667b6@group-B02456D89C11, cid=2992, SUCCESS, logIndex=4194, commits[dd0a3b65-d36c-4f93-b232-3c8e6f6667b6:c4195]
2019-09-18 13:04:36,814 [SCMBlockDeletingService#0] DEBUG block.SCMBlockDeletingService (SCMBlockDeletingService.java:call(138)) - Running DeletedBlockTransactionScanner
2019-09-18 13:04:36,814 [SCMBlockDeletingService#0] DEBUG block.SCMBlockDeletingService (SCMBlockDeletingService.java:call(155)) - Scanned deleted blocks log and got 0 delTX to process.
2019-09-18 13:04:36,821 [grpc-default-executor-1] INFO  client.GrpcClientProtocolClient (GrpcClientProtocolClient.java:onNext(264)) - client-8C798EE064B2->dd0a3b65-d36c-4f93-b232-3c8e6f6667b6: receive RaftClientReply:client-8C798EE064B2->dd0a3b65-d36c-4f93-b232-3c8e6f6667b6@group-B02456D89C11, cid=2993, SUCCESS, logIndex=4197, commits[dd0a3b65-d36c-4f93-b232-3c8e6f6667b6:c4200]
2019-09-18 13:04:36,821 [grpc-default-executor-1] INFO  client.GrpcClientProtocolClient (GrpcClientProtocolClient.java:onNext(264)) - client-8C798EE064B2->dd0a3b65-d36c-4f93-b232-3c8e6f6667b6: receive RaftClientReply:client-8C798EE064B2->dd0a3b65-d36c-4f93-b232-3c8e6f6667b6@group-B02456D89C11, cid=2994, SUCCESS, logIndex=4198, commits[dd0a3b65-d36c-4f93-b232-3c8e6f6667b6:c4201]
2019-09-18 13:04:36,822 [grpc-default-executor-1] INFO  client.GrpcClientProtocolClient (GrpcClientProtocolClient.java:onNext(264)) - client-8C798EE064B2->dd0a3b65-d36c-4f93-b232-3c8e6f6667b6: receive RaftClientReply:client-8C798EE064B2->dd0a3b65-d36c-4f93-b232-3c8e6f6667b6@group-B02456D89C11, cid=2995, SUCCESS, logIndex=4199, commits[dd0a3b65-d36c-4f93-b232-3c8e6f6667b6:c4201]
2019-09-18 13:04:36,822 [grpc-default-executor-1] INFO  client.GrpcClientProtocolClient (GrpcClientProtocolClient.java:onNext(264)) - client-8C798EE064B2->dd0a3b65-d36c-4f93-b232-3c8e6f6667b6: receive RaftClientReply:client-8C798EE064B2->dd0a3b65-d36c-4f93-b232-3c8e6f6667b6@group-B02456D89C11, cid=2996, SUCCESS, logIndex=4200, commits[dd0a3b65-d36c-4f93-b232-3c8e6f6667b6:c4201]
2019-09-18 13:04:36,841 [grpc-default-executor-0] INFO  client.GrpcClientProtocolClient (GrpcClientProtocolClient.java:onNext(264)) - client-8C798EE064B2->dd0a3b65-d36c-4f93-b232-3c8e6f6667b6: receive RaftClientReply:client-8C798EE064B2->dd0a3b65-d36c-4f93-b232-3c8e6f6667b6@group-B02456D89C11, cid=2997, SUCCESS, logIndex=4202, commits[dd0a3b65-d36c-4f93-b232-3c8e6f6667b6:c4205]
2019-09-18 13:04:36,841 [grpc-default-executor-0] INFO  client.GrpcClientProtocolClient (GrpcClientProtocolClient.java:onNext(264)) - client-8C798EE064B2->dd0a3b65-d36c-4f93-b232-3c8e6f6667b6: receive RaftClientReply:client-8C798EE064B2->dd0a3b65-d36c-4f93-b232-3c8e6f6667b6@group-B02456D89C11, cid=2998, SUCCESS, logIndex=4203, commits[dd0a3b65-d36c-4f93-b232-3c8e6f6667b6:c4206]
2019-09-18 13:04:36,842 [grpc-default-executor-0] INFO  client.GrpcClientProtocolClient (GrpcClientProtocolClient.java:onNext(264)) - client-8C798EE064B2->dd0a3b65-d36c-4f93-b232-3c8e6f6667b6: receive RaftClientReply:client-8C798EE064B2->dd0a3b65-d36c-4f93-b232-3c8e6f6667b6@group-B02456D89C11, cid=2999, SUCCESS, logIndex=4204, commits[dd0a3b65-d36c-4f93-b232-3c8e6f6667b6:c4206]
2019-09-18 13:04:36,842 [grpc-default-executor-0] INFO  client.GrpcClientProtocolClient (GrpcClientProtocolClient.java:onNext(264)) - client-8C798EE064B2->dd0a3b65-d36c-4f93-b232-3c8e6f6667b6: receive RaftClientReply:client-8C798EE064B2->dd0a3b65-d36c-4f93-b232-3c8e6f6667b6@group-B02456D89C11, cid=3000, SUCCESS, logIndex=4205, commits[dd0a3b65-d36c-4f93-b232-3c8e6f6667b6:c4206]
2019-09-18 13:04:36,870 [grpc-default-executor-0] INFO  client.GrpcClientProtocolClient (GrpcClientProtocolClient.java:onNext(264)) - client-8C798EE064B2->dd0a3b65-d36c-4f93-b232-3c8e6f6667b6: receive RaftClientReply:client-8C798EE064B2->dd0a3b65-d36c-4f93-b232-3c8e6f6667b6@group-B02456D89C11, cid=3001, SUCCESS, logIndex=4207, commits[dd0a3b65-d36c-4f93-b232-3c8e6f6667b6:c4208]
2019-09-18 13:04:36,871 [grpc-default-executor-0] INFO  client.GrpcClientProtocolClient (GrpcClientProtocolClient.java:onNext(264)) - client-8C798EE064B2->dd0a3b65-d36c-4f93-b232-3c8e6f6667b6: receive RaftClientReply:client-8C798EE064B2->dd0a3b65-d36c-4f93-b232-3c8e6f6667b6@group-B02456D89C11, cid=3002, SUCCESS, logIndex=4208, commits[dd0a3b65-d36c-4f93-b232-3c8e6f6667b6:c4210]
2019-09-18 13:04:36,871 [grpc-default-executor-0] INFO  client.GrpcClientProtocolClient (GrpcClientProtocolClient.java:onNext(264)) - client-8C798EE064B2->dd0a3b65-d36c-4f93-b232-3c8e6f6667b6: receive RaftClientReply:client-8C798EE064B2->dd0a3b65-d36c-4f93-b232-3c8e6f6667b6@group-B02456D89C11, cid=3003, SUCCESS, logIndex=4209, commits[dd0a3b65-d36c-4f93-b232-3c8e6f6667b6:c4211]
2019-09-18 13:04:36,871 [grpc-default-executor-0] INFO  client.GrpcClientProtocolClient (GrpcClientProtocolClient.java:onNext(264)) - client-8C798EE064B2->dd0a3b65-d36c-4f93-b232-3c8e6f6667b6: receive RaftClientReply:client-8C798EE064B2->dd0a3b65-d36c-4f93-b232-3c8e6f6667b6@group-B02456D89C11, cid=3004, SUCCESS, logIndex=4210, commits[dd0a3b65-d36c-4f93-b232-3c8e6f6667b6:c4211]
2019-09-18 13:04:36,947 [SCMBlockDeletingService#1] DEBUG block.SCMBlockDeletingService (SCMBlockDeletingService.java:call(138)) - Running DeletedBlockTransactionScanner
2019-09-18 13:04:36,947 [SCMBlockDeletingService#1] DEBUG block.SCMBlockDeletingService (SCMBlockDeletingService.java:call(155)) - Scanned deleted blocks log and got 0 delTX to process.
2019-09-18 13:04:37,048 [SCMBlockDeletingService#1] DEBUG block.SCMBlockDeletingService (SCMBlockDeletingService.java:call(138)) - Running DeletedBlockTransactionScanner
2019-09-18 13:04:37,048 [SCMBlockDeletingService#1] DEBUG block.SCMBlockDeletingService (SCMBlockDeletingService.java:call(155)) - Scanned deleted blocks log and got 0 delTX to process.
2019-09-18 13:04:37,068 [grpc-default-executor-0] INFO  client.GrpcClientProtocolClient (GrpcClientProtocolClient.java:onNext(264)) - client-8C798EE064B2->dd0a3b65-d36c-4f93-b232-3c8e6f6667b6: receive RaftClientReply:client-8C798EE064B2->dd0a3b65-d36c-4f93-b232-3c8e6f6667b6@group-B02456D89C11, cid=3005, SUCCESS, logIndex=4213, commits[dd0a3b65-d36c-4f93-b232-3c8e6f6667b6:c4214]
2019-09-18 13:04:37,068 [grpc-default-executor-0] INFO  client.GrpcClientProtocolClient (GrpcClientProtocolClient.java:onNext(264)) - client-8C798EE064B2->dd0a3b65-d36c-4f93-b232-3c8e6f6667b6: receive RaftClientReply:client-8C798EE064B2->dd0a3b65-d36c-4f93-b232-3c8e6f6667b6@group-B02456D89C11, cid=3006, SUCCESS, logIndex=4214, commits[dd0a3b65-d36c-4f93-b232-3c8e6f6667b6:c4216]
2019-09-18 13:04:37,069 [grpc-default-executor-0] INFO  client.GrpcClientProtocolClient (GrpcClientProtocolClient.java:onNext(264)) - client-8C798EE064B2->dd0a3b65-d36c-4f93-b232-3c8e6f6667b6: receive RaftClientReply:client-8C798EE064B2->dd0a3b65-d36c-4f93-b232-3c8e6f6667b6@group-B02456D89C11, cid=3007, SUCCESS, logIndex=4215, commits[dd0a3b65-d36c-4f93-b232-3c8e6f6667b6:c4217]
2019-09-18 13:04:37,069 [grpc-default-executor-0] INFO  client.GrpcClientProtocolClient (GrpcClientProtocolClient.java:onNext(264)) - client-8C798EE064B2->dd0a3b65-d36c-4f93-b232-3c8e6f6667b6: receive RaftClientReply:client-8C798EE064B2->dd0a3b65-d36c-4f93-b232-3c8e6f6667b6@group-B02456D89C11, cid=3008, SUCCESS, logIndex=4216, commits[dd0a3b65-d36c-4f93-b232-3c8e6f6667b6:c4217]
2019-09-18 13:04:37,108 [grpc-default-executor-1] INFO  client.GrpcClientProtocolClient (GrpcClientProtocolClient.java:onNext(264)) - client-8C798EE064B2->dd0a3b65-d36c-4f93-b232-3c8e6f6667b6: receive RaftClientReply:client-8C798EE064B2->dd0a3b65-d36c-4f93-b232-3c8e6f6667b6@group-B02456D89C11, cid=3009, SUCCESS, logIndex=4219, commits[dd0a3b65-d36c-4f93-b232-3c8e6f6667b6:c4222]
2019-09-18 13:04:37,109 [grpc-default-executor-1] INFO  client.GrpcClientProtocolClient (GrpcClientProtocolClient.java:onNext(264)) - client-8C798EE064B2->dd0a3b65-d36c-4f93-b232-3c8e6f6667b6: receive RaftClientReply:client-8C798EE064B2->dd0a3b65-d36c-4f93-b232-3c8e6f6667b6@group-B02456D89C11, cid=3010, SUCCESS, logIndex=4220, commits[dd0a3b65-d36c-4f93-b232-3c8e6f6667b6:c4223]
2019-09-18 13:04:37,109 [grpc-default-executor-1] INFO  client.GrpcClientProtocolClient (GrpcClientProtocolClient.java:onNext(264)) - client-8C798EE064B2->dd0a3b65-d36c-4f93-b232-3c8e6f6667b6: receive RaftClientReply:client-8C798EE064B2->dd0a3b65-d36c-4f93-b232-3c8e6f6667b6@group-B02456D89C11, cid=3011, SUCCESS, logIndex=4221, commits[dd0a3b65-d36c-4f93-b232-3c8e6f6667b6:c4223]
2019-09-18 13:04:37,109 [grpc-default-executor-1] INFO  client.GrpcClientProtocolClient (GrpcClientProtocolClient.java:onNext(264)) - client-8C798EE064B2->dd0a3b65-d36c-4f93-b232-3c8e6f6667b6: receive RaftClientReply:client-8C798EE064B2->dd0a3b65-d36c-4f93-b232-3c8e6f6667b6@group-B02456D89C11, cid=3012, SUCCESS, logIndex=4222, commits[dd0a3b65-d36c-4f93-b232-3c8e6f6667b6:c4223]
2019-09-18 13:04:37,119 [grpc-default-executor-0] INFO  client.GrpcClientProtocolClient (GrpcClientProtocolClient.java:onNext(264)) - client-8C798EE064B2->dd0a3b65-d36c-4f93-b232-3c8e6f6667b6: receive RaftClientReply:client-8C798EE064B2->dd0a3b65-d36c-4f93-b232-3c8e6f6667b6@group-B02456D89C11, cid=3013, SUCCESS, logIndex=4224, commits[dd0a3b65-d36c-4f93-b232-3c8e6f6667b6:c4227]
2019-09-18 13:04:37,120 [grpc-default-executor-0] INFO  client.GrpcClientProtocolClient (GrpcClientProtocolClient.java:onNext(264)) - client-8C798EE064B2->dd0a3b65-d36c-4f93-b232-3c8e6f6667b6: receive RaftClientReply:client-8C798EE064B2->dd0a3b65-d36c-4f93-b232-3c8e6f6667b6@group-B02456D89C11, cid=3014, SUCCESS, logIndex=4225, commits[dd0a3b65-d36c-4f93-b232-3c8e6f6667b6:c4228]
2019-09-18 13:04:37,120 [grpc-default-executor-0] INFO  client.GrpcClientProtocolClient (GrpcClientProtocolClient.java:onNext(264)) - client-8C798EE064B2->dd0a3b65-d36c-4f93-b232-3c8e6f6667b6: receive RaftClientReply:client-8C798EE064B2->dd0a3b65-d36c-4f93-b232-3c8e6f6667b6@group-B02456D89C11, cid=3015, SUCCESS, logIndex=4226, commits[dd0a3b65-d36c-4f93-b232-3c8e6f6667b6:c4228]
2019-09-18 13:04:37,121 [grpc-default-executor-0] INFO  client.GrpcClientProtocolClient (GrpcClientProtocolClient.java:onNext(264)) - client-8C798EE064B2->dd0a3b65-d36c-4f93-b232-3c8e6f6667b6: receive RaftClientReply:client-8C798EE064B2->dd0a3b65-d36c-4f93-b232-3c8e6f6667b6@group-B02456D89C11, cid=3016, SUCCESS, logIndex=4227, commits[dd0a3b65-d36c-4f93-b232-3c8e6f6667b6:c4228]
2019-09-18 13:04:37,140 [grpc-default-executor-0] INFO  client.GrpcClientProtocolClient (GrpcClientProtocolClient.java:onNext(264)) - client-8C798EE064B2->dd0a3b65-d36c-4f93-b232-3c8e6f6667b6: receive RaftClientReply:client-8C798EE064B2->dd0a3b65-d36c-4f93-b232-3c8e6f6667b6@group-B02456D89C11, cid=3017, SUCCESS, logIndex=4229, commits[dd0a3b65-d36c-4f93-b232-3c8e6f6667b6:c4232]
2019-09-18 13:04:37,141 [grpc-default-executor-0] INFO  client.GrpcClientProtocolClient (GrpcClientProtocolClient.java:onNext(264)) - client-8C798EE064B2->dd0a3b65-d36c-4f93-b232-3c8e6f6667b6: receive RaftClientReply:client-8C798EE064B2->dd0a3b65-d36c-4f93-b232-3c8e6f6667b6@group-B02456D89C11, cid=3018, SUCCESS, logIndex=4230, commits[dd0a3b65-d36c-4f93-b232-3c8e6f6667b6:c4233]
2019-09-18 13:04:37,141 [grpc-default-executor-0] INFO  client.GrpcClientProtocolClient (GrpcClientProtocolClient.java:onNext(264)) - client-8C798EE064B2->dd0a3b65-d36c-4f93-b232-3c8e6f6667b6: receive RaftClientReply:client-8C798EE064B2->dd0a3b65-d36c-4f93-b232-3c8e6f6667b6@group-B02456D89C11, cid=3019, SUCCESS, logIndex=4231, commits[dd0a3b65-d36c-4f93-b232-3c8e6f6667b6:c4233]
2019-09-18 13:04:37,141 [grpc-default-executor-0] INFO  client.GrpcClientProtocolClient (GrpcClientProtocolClient.java:onNext(264)) - client-8C798EE064B2->dd0a3b65-d36c-4f93-b232-3c8e6f6667b6: receive RaftClientReply:client-8C798EE064B2->dd0a3b65-d36c-4f93-b232-3c8e6f6667b6@group-B02456D89C11, cid=3020, SUCCESS, logIndex=4232, commits[dd0a3b65-d36c-4f93-b232-3c8e6f6667b6:c4233]
2019-09-18 13:04:37,148 [SCMBlockDeletingService#1] DEBUG block.SCMBlockDeletingService (SCMBlockDeletingService.java:call(138)) - Running DeletedBlockTransactionScanner
2019-09-18 13:04:37,148 [SCMBlockDeletingService#1] DEBUG block.SCMBlockDeletingService (SCMBlockDeletingService.java:call(155)) - Scanned deleted blocks log and got 0 delTX to process.
2019-09-18 13:04:37,152 [grpc-default-executor-0] INFO  client.GrpcClientProtocolClient (GrpcClientProtocolClient.java:onNext(264)) - client-8C798EE064B2->dd0a3b65-d36c-4f93-b232-3c8e6f6667b6: receive RaftClientReply:client-8C798EE064B2->dd0a3b65-d36c-4f93-b232-3c8e6f6667b6@group-B02456D89C11, cid=3021, SUCCESS, logIndex=4234, commits[dd0a3b65-d36c-4f93-b232-3c8e6f6667b6:c4237]
2019-09-18 13:04:37,152 [grpc-default-executor-0] INFO  client.GrpcClientProtocolClient (GrpcClientProtocolClient.java:onNext(264)) - client-8C798EE064B2->dd0a3b65-d36c-4f93-b232-3c8e6f6667b6: receive RaftClientReply:client-8C798EE064B2->dd0a3b65-d36c-4f93-b232-3c8e6f6667b6@group-B02456D89C11, cid=3022, SUCCESS, logIndex=4235, commits[dd0a3b65-d36c-4f93-b232-3c8e6f6667b6:c4237]
2019-09-18 13:04:37,153 [grpc-default-executor-0] INFO  client.GrpcClientProtocolClient (GrpcClientProtocolClient.java:onNext(264)) - client-8C798EE064B2->dd0a3b65-d36c-4f93-b232-3c8e6f6667b6: receive RaftClientReply:client-8C798EE064B2->dd0a3b65-d36c-4f93-b232-3c8e6f6667b6@group-B02456D89C11, cid=3023, SUCCESS, logIndex=4236, commits[dd0a3b65-d36c-4f93-b232-3c8e6f6667b6:c4237]
2019-09-18 13:04:37,153 [grpc-default-executor-0] INFO  client.GrpcClientProtocolClient (GrpcClientProtocolClient.java:onNext(264)) - client-8C798EE064B2->dd0a3b65-d36c-4f93-b232-3c8e6f6667b6: receive RaftClientReply:client-8C798EE064B2->dd0a3b65-d36c-4f93-b232-3c8e6f6667b6@group-B02456D89C11, cid=3024, SUCCESS, logIndex=4237, commits[dd0a3b65-d36c-4f93-b232-3c8e6f6667b6:c4238]
2019-09-18 13:04:37,171 [grpc-default-executor-1] INFO  client.GrpcClientProtocolClient (GrpcClientProtocolClient.java:onNext(264)) - client-8C798EE064B2->dd0a3b65-d36c-4f93-b232-3c8e6f6667b6: receive RaftClientReply:client-8C798EE064B2->dd0a3b65-d36c-4f93-b232-3c8e6f6667b6@group-B02456D89C11, cid=3025, SUCCESS, logIndex=4239, commits[dd0a3b65-d36c-4f93-b232-3c8e6f6667b6:c4240]
2019-09-18 13:04:37,171 [grpc-default-executor-1] INFO  client.GrpcClientProtocolClient (GrpcClientProtocolClient.java:onNext(264)) - client-8C798EE064B2->dd0a3b65-d36c-4f93-b232-3c8e6f6667b6: receive RaftClientReply:client-8C798EE064B2->dd0a3b65-d36c-4f93-b232-3c8e6f6667b6@group-B02456D89C11, cid=3026, SUCCESS, logIndex=4240, commits[dd0a3b65-d36c-4f93-b232-3c8e6f6667b6:c4241]
2019-09-18 13:04:37,182 [grpc-default-executor-1] INFO  client.GrpcClientProtocolClient (GrpcClientProtocolClient.java:onNext(264)) - client-8C798EE064B2->dd0a3b65-d36c-4f93-b232-3c8e6f6667b6: receive RaftClientReply:client-8C798EE064B2->dd0a3b65-d36c-4f93-b232-3c8e6f6667b6@group-B02456D89C11, cid=3027, SUCCESS, logIndex=4242, commits[dd0a3b65-d36c-4f93-b232-3c8e6f6667b6:c4243]
2019-09-18 13:04:37,183 [grpc-default-executor-1] INFO  client.GrpcClientProtocolClient (GrpcClientProtocolClient.java:onNext(264)) - client-8C798EE064B2->dd0a3b65-d36c-4f93-b232-3c8e6f6667b6: receive RaftClientReply:client-8C798EE064B2->dd0a3b65-d36c-4f93-b232-3c8e6f6667b6@group-B02456D89C11, cid=3028, SUCCESS, logIndex=4243, commits[dd0a3b65-d36c-4f93-b232-3c8e6f6667b6:c4243]
2019-09-18 13:04:37,192 [grpc-default-executor-1] INFO  client.GrpcClientProtocolClient (GrpcClientProtocolClient.java:onNext(264)) - client-8C798EE064B2->dd0a3b65-d36c-4f93-b232-3c8e6f6667b6: receive RaftClientReply:client-8C798EE064B2->dd0a3b65-d36c-4f93-b232-3c8e6f6667b6@group-B02456D89C11, cid=3029, SUCCESS, logIndex=4245, commits[dd0a3b65-d36c-4f93-b232-3c8e6f6667b6:c4246]
2019-09-18 13:04:37,193 [grpc-default-executor-1] INFO  client.GrpcClientProtocolClient (GrpcClientProtocolClient.java:onNext(264)) - client-8C798EE064B2->dd0a3b65-d36c-4f93-b232-3c8e6f6667b6: receive RaftClientReply:client-8C798EE064B2->dd0a3b65-d36c-4f93-b232-3c8e6f6667b6@group-B02456D89C11, cid=3030, SUCCESS, logIndex=4246, commits[dd0a3b65-d36c-4f93-b232-3c8e6f6667b6:c4246]
2019-09-18 13:04:37,195 [grpc-default-executor-1] INFO  client.GrpcClientProtocolClient (GrpcClientProtocolClient.java:onNext(264)) - client-8C798EE064B2->dd0a3b65-d36c-4f93-b232-3c8e6f6667b6: receive RaftClientReply:client-8C798EE064B2->dd0a3b65-d36c-4f93-b232-3c8e6f6667b6@group-B02456D89C11, cid=3031, SUCCESS, logIndex=4247, commits[dd0a3b65-d36c-4f93-b232-3c8e6f6667b6:c4249]
2019-09-18 13:04:37,195 [grpc-default-executor-1] INFO  client.GrpcClientProtocolClient (GrpcClientProtocolClient.java:onNext(264)) - client-8C798EE064B2->dd0a3b65-d36c-4f93-b232-3c8e6f6667b6: receive RaftClientReply:client-8C798EE064B2->dd0a3b65-d36c-4f93-b232-3c8e6f6667b6@group-B02456D89C11, cid=3032, SUCCESS, logIndex=4248, commits[dd0a3b65-d36c-4f93-b232-3c8e6f6667b6:c4249]
2019-09-18 13:04:37,215 [grpc-default-executor-0] INFO  client.GrpcClientProtocolClient (GrpcClientProtocolClient.java:onNext(264)) - client-8C798EE064B2->dd0a3b65-d36c-4f93-b232-3c8e6f6667b6: receive RaftClientReply:client-8C798EE064B2->dd0a3b65-d36c-4f93-b232-3c8e6f6667b6@group-B02456D89C11, cid=3033, SUCCESS, logIndex=4250, commits[dd0a3b65-d36c-4f93-b232-3c8e6f6667b6:c4251]
2019-09-18 13:04:37,215 [grpc-default-executor-0] INFO  client.GrpcClientProtocolClient (GrpcClientProtocolClient.java:onNext(264)) - client-8C798EE064B2->dd0a3b65-d36c-4f93-b232-3c8e6f6667b6: receive RaftClientReply:client-8C798EE064B2->dd0a3b65-d36c-4f93-b232-3c8e6f6667b6@group-B02456D89C11, cid=3034, SUCCESS, logIndex=4251, commits[dd0a3b65-d36c-4f93-b232-3c8e6f6667b6:c4251]
2019-09-18 13:04:37,226 [grpc-default-executor-0] INFO  client.GrpcClientProtocolClient (GrpcClientProtocolClient.java:onNext(264)) - client-8C798EE064B2->dd0a3b65-d36c-4f93-b232-3c8e6f6667b6: receive RaftClientReply:client-8C798EE064B2->dd0a3b65-d36c-4f93-b232-3c8e6f6667b6@group-B02456D89C11, cid=3035, SUCCESS, logIndex=4252, commits[dd0a3b65-d36c-4f93-b232-3c8e6f6667b6:c4254]
2019-09-18 13:04:37,226 [grpc-default-executor-0] INFO  client.GrpcClientProtocolClient (GrpcClientProtocolClient.java:onNext(264)) - client-8C798EE064B2->dd0a3b65-d36c-4f93-b232-3c8e6f6667b6: receive RaftClientReply:client-8C798EE064B2->dd0a3b65-d36c-4f93-b232-3c8e6f6667b6@group-B02456D89C11, cid=3036, SUCCESS, logIndex=4253, commits[dd0a3b65-d36c-4f93-b232-3c8e6f6667b6:c4254]
2019-09-18 13:04:37,249 [SCMBlockDeletingService#1] DEBUG block.SCMBlockDeletingService (SCMBlockDeletingService.java:call(138)) - Running DeletedBlockTransactionScanner
2019-09-18 13:04:37,249 [SCMBlockDeletingService#1] DEBUG block.SCMBlockDeletingService (SCMBlockDeletingService.java:call(155)) - Scanned deleted blocks log and got 0 delTX to process.
2019-09-18 13:04:37,349 [SCMBlockDeletingService#1] DEBUG block.SCMBlockDeletingService (SCMBlockDeletingService.java:call(138)) - Running DeletedBlockTransactionScanner
2019-09-18 13:04:37,350 [SCMBlockDeletingService#1] DEBUG block.SCMBlockDeletingService (SCMBlockDeletingService.java:call(155)) - Scanned deleted blocks log and got 0 delTX to process.
2019-09-18 13:04:37,450 [SCMBlockDeletingService#1] DEBUG block.SCMBlockDeletingService (SCMBlockDeletingService.java:call(138)) - Running DeletedBlockTransactionScanner
2019-09-18 13:04:37,450 [SCMBlockDeletingService#1] DEBUG block.SCMBlockDeletingService (SCMBlockDeletingService.java:call(155)) - Scanned deleted blocks log and got 0 delTX to process.
2019-09-18 13:04:37,473 [grpc-default-executor-0] INFO  client.GrpcClientProtocolClient (GrpcClientProtocolClient.java:onNext(264)) - client-8C798EE064B2->dd0a3b65-d36c-4f93-b232-3c8e6f6667b6: receive RaftClientReply:client-8C798EE064B2->dd0a3b65-d36c-4f93-b232-3c8e6f6667b6@group-B02456D89C11, cid=3037, SUCCESS, logIndex=4255, commits[dd0a3b65-d36c-4f93-b232-3c8e6f6667b6:c4256]
2019-09-18 13:04:37,474 [grpc-default-executor-0] INFO  client.GrpcClientProtocolClient (GrpcClientProtocolClient.java:onNext(264)) - client-8C798EE064B2->dd0a3b65-d36c-4f93-b232-3c8e6f6667b6: receive RaftClientReply:client-8C798EE064B2->dd0a3b65-d36c-4f93-b232-3c8e6f6667b6@group-B02456D89C11, cid=3038, SUCCESS, logIndex=4256, commits[dd0a3b65-d36c-4f93-b232-3c8e6f6667b6:c4256]
2019-09-18 13:04:37,551 [SCMBlockDeletingService#1] DEBUG block.SCMBlockDeletingService (SCMBlockDeletingService.java:call(138)) - Running DeletedBlockTransactionScanner
2019-09-18 13:04:37,551 [SCMBlockDeletingService#1] DEBUG block.SCMBlockDeletingService (SCMBlockDeletingService.java:call(155)) - Scanned deleted blocks log and got 0 delTX to process.
2019-09-18 13:04:37,556 [grpc-default-executor-0] INFO  client.GrpcClientProtocolClient (GrpcClientProtocolClient.java:onNext(264)) - client-8C798EE064B2->dd0a3b65-d36c-4f93-b232-3c8e6f6667b6: receive RaftClientReply:client-8C798EE064B2->dd0a3b65-d36c-4f93-b232-3c8e6f6667b6@group-B02456D89C11, cid=3039, SUCCESS, logIndex=4257, commits[dd0a3b65-d36c-4f93-b232-3c8e6f6667b6:c4258]
2019-09-18 13:04:37,556 [grpc-default-executor-0] INFO  client.GrpcClientProtocolClient (GrpcClientProtocolClient.java:onNext(264)) - client-8C798EE064B2->dd0a3b65-d36c-4f93-b232-3c8e6f6667b6: receive RaftClientReply:client-8C798EE064B2->dd0a3b65-d36c-4f93-b232-3c8e6f6667b6@group-B02456D89C11, cid=3040, SUCCESS, logIndex=4258, commits[dd0a3b65-d36c-4f93-b232-3c8e6f6667b6:c4258]
2019-09-18 13:04:37,651 [SCMBlockDeletingService#1] DEBUG block.SCMBlockDeletingService (SCMBlockDeletingService.java:call(138)) - Running DeletedBlockTransactionScanner
2019-09-18 13:04:37,652 [SCMBlockDeletingService#1] DEBUG block.SCMBlockDeletingService (SCMBlockDeletingService.java:call(155)) - Scanned deleted blocks log and got 0 delTX to process.
2019-09-18 13:04:37,752 [SCMBlockDeletingService#1] DEBUG block.SCMBlockDeletingService (SCMBlockDeletingService.java:call(138)) - Running DeletedBlockTransactionScanner
2019-09-18 13:04:37,752 [SCMBlockDeletingService#1] DEBUG block.SCMBlockDeletingService (SCMBlockDeletingService.java:call(155)) - Scanned deleted blocks log and got 0 delTX to process.
2019-09-18 13:04:37,853 [SCMBlockDeletingService#1] DEBUG block.SCMBlockDeletingService (SCMBlockDeletingService.java:call(138)) - Running DeletedBlockTransactionScanner
2019-09-18 13:04:37,853 [SCMBlockDeletingService#1] DEBUG block.SCMBlockDeletingService (SCMBlockDeletingService.java:call(155)) - Scanned deleted blocks log and got 0 delTX to process.
2019-09-18 13:04:37,953 [SCMBlockDeletingService#1] DEBUG block.SCMBlockDeletingService (SCMBlockDeletingService.java:call(138)) - Running DeletedBlockTransactionScanner
2019-09-18 13:04:37,953 [SCMBlockDeletingService#1] DEBUG block.SCMBlockDeletingService (SCMBlockDeletingService.java:call(155)) - Scanned deleted blocks log and got 0 delTX to process.
2019-09-18 13:04:38,054 [SCMBlockDeletingService#1] DEBUG block.SCMBlockDeletingService (SCMBlockDeletingService.java:call(138)) - Running DeletedBlockTransactionScanner
2019-09-18 13:04:38,054 [SCMBlockDeletingService#1] DEBUG block.SCMBlockDeletingService (SCMBlockDeletingService.java:call(155)) - Scanned deleted blocks log and got 0 delTX to process.
2019-09-18 13:04:38,154 [SCMBlockDeletingService#1] DEBUG block.SCMBlockDeletingService (SCMBlockDeletingService.java:call(138)) - Running DeletedBlockTransactionScanner
2019-09-18 13:04:38,155 [SCMBlockDeletingService#1] DEBUG block.SCMBlockDeletingService (SCMBlockDeletingService.java:call(155)) - Scanned deleted blocks log and got 0 delTX to process.
2019-09-18 13:04:38,255 [SCMBlockDeletingService#1] DEBUG block.SCMBlockDeletingService (SCMBlockDeletingService.java:call(138)) - Running DeletedBlockTransactionScanner
2019-09-18 13:04:38,255 [SCMBlockDeletingService#1] DEBUG block.SCMBlockDeletingService (SCMBlockDeletingService.java:call(155)) - Scanned deleted blocks log and got 0 delTX to process.
2019-09-18 13:04:38,355 [SCMBlockDeletingService#1] DEBUG block.SCMBlockDeletingService (SCMBlockDeletingService.java:call(138)) - Running DeletedBlockTransactionScanner
2019-09-18 13:04:38,356 [SCMBlockDeletingService#1] DEBUG block.SCMBlockDeletingService (SCMBlockDeletingService.java:call(155)) - Scanned deleted blocks log and got 0 delTX to process.
2019-09-18 13:04:38,456 [SCMBlockDeletingService#1] DEBUG block.SCMBlockDeletingService (SCMBlockDeletingService.java:call(138)) - Running DeletedBlockTransactionScanner
2019-09-18 13:04:38,456 [SCMBlockDeletingService#1] DEBUG block.SCMBlockDeletingService (SCMBlockDeletingService.java:call(155)) - Scanned deleted blocks log and got 0 delTX to process.
2019-09-18 13:04:38,557 [SCMBlockDeletingService#1] DEBUG block.SCMBlockDeletingService (SCMBlockDeletingService.java:call(138)) - Running DeletedBlockTransactionScanner
2019-09-18 13:04:38,557 [SCMBlockDeletingService#1] DEBUG block.SCMBlockDeletingService (SCMBlockDeletingService.java:call(155)) - Scanned deleted blocks log and got 0 delTX to process.
2019-09-18 13:04:38,657 [SCMBlockDeletingService#1] DEBUG block.SCMBlockDeletingService (SCMBlockDeletingService.java:call(138)) - Running DeletedBlockTransactionScanner
2019-09-18 13:04:38,657 [SCMBlockDeletingService#1] DEBUG block.SCMBlockDeletingService (SCMBlockDeletingService.java:call(155)) - Scanned deleted blocks log and got 0 delTX to process.
2019-09-18 13:04:38,758 [SCMBlockDeletingService#1] DEBUG block.SCMBlockDeletingService (SCMBlockDeletingService.java:call(138)) - Running DeletedBlockTransactionScanner
2019-09-18 13:04:38,758 [SCMBlockDeletingService#1] DEBUG block.SCMBlockDeletingService (SCMBlockDeletingService.java:call(155)) - Scanned deleted blocks log and got 0 delTX to process.
2019-09-18 13:04:38,858 [SCMBlockDeletingService#1] DEBUG block.SCMBlockDeletingService (SCMBlockDeletingService.java:call(138)) - Running DeletedBlockTransactionScanner
2019-09-18 13:04:38,859 [SCMBlockDeletingService#1] DEBUG block.SCMBlockDeletingService (SCMBlockDeletingService.java:call(155)) - Scanned deleted blocks log and got 0 delTX to process.
2019-09-18 13:04:38,959 [SCMBlockDeletingService#1] DEBUG block.SCMBlockDeletingService (SCMBlockDeletingService.java:call(138)) - Running DeletedBlockTransactionScanner
2019-09-18 13:04:38,959 [SCMBlockDeletingService#1] DEBUG block.SCMBlockDeletingService (SCMBlockDeletingService.java:call(155)) - Scanned deleted blocks log and got 0 delTX to process.
2019-09-18 13:04:39,060 [SCMBlockDeletingService#1] DEBUG block.SCMBlockDeletingService (SCMBlockDeletingService.java:call(138)) - Running DeletedBlockTransactionScanner
2019-09-18 13:04:39,060 [SCMBlockDeletingService#1] DEBUG block.SCMBlockDeletingService (SCMBlockDeletingService.java:call(155)) - Scanned deleted blocks log and got 0 delTX to process.
2019-09-18 13:04:39,160 [SCMBlockDeletingService#1] DEBUG block.SCMBlockDeletingService (SCMBlockDeletingService.java:call(138)) - Running DeletedBlockTransactionScanner
2019-09-18 13:04:39,160 [SCMBlockDeletingService#1] DEBUG block.SCMBlockDeletingService (SCMBlockDeletingService.java:call(155)) - Scanned deleted blocks log and got 0 delTX to process.
2019-09-18 13:04:39,261 [SCMBlockDeletingService#1] DEBUG block.SCMBlockDeletingService (SCMBlockDeletingService.java:call(138)) - Running DeletedBlockTransactionScanner
2019-09-18 13:04:39,261 [SCMBlockDeletingService#1] DEBUG block.SCMBlockDeletingService (SCMBlockDeletingService.java:call(155)) - Scanned deleted blocks log and got 0 delTX to process.
2019-09-18 13:04:39,361 [SCMBlockDeletingService#1] DEBUG block.SCMBlockDeletingService (SCMBlockDeletingService.java:call(138)) - Running DeletedBlockTransactionScanner
2019-09-18 13:04:39,362 [SCMBlockDeletingService#1] DEBUG block.SCMBlockDeletingService (SCMBlockDeletingService.java:call(155)) - Scanned deleted blocks log and got 0 delTX to process.
2019-09-18 13:04:39,450 [grpc-default-executor-0] INFO  client.GrpcClientProtocolClient (GrpcClientProtocolClient.java:onNext(264)) - client-8C798EE064B2->dd0a3b65-d36c-4f93-b232-3c8e6f6667b6: receive RaftClientReply:client-8C798EE064B2->dd0a3b65-d36c-4f93-b232-3c8e6f6667b6@group-B02456D89C11, cid=3041, SUCCESS, logIndex=4261, commits[dd0a3b65-d36c-4f93-b232-3c8e6f6667b6:c4264]
2019-09-18 13:04:39,451 [grpc-default-executor-0] INFO  client.GrpcClientProtocolClient (GrpcClientProtocolClient.java:onNext(264)) - client-8C798EE064B2->dd0a3b65-d36c-4f93-b232-3c8e6f6667b6: receive RaftClientReply:client-8C798EE064B2->dd0a3b65-d36c-4f93-b232-3c8e6f6667b6@group-B02456D89C11, cid=3042, SUCCESS, logIndex=4262, commits[dd0a3b65-d36c-4f93-b232-3c8e6f6667b6:c4264]
2019-09-18 13:04:39,451 [grpc-default-executor-0] INFO  client.GrpcClientProtocolClient (GrpcClientProtocolClient.java:onNext(264)) - client-8C798EE064B2->dd0a3b65-d36c-4f93-b232-3c8e6f6667b6: receive RaftClientReply:client-8C798EE064B2->dd0a3b65-d36c-4f93-b232-3c8e6f6667b6@group-B02456D89C11, cid=3043, SUCCESS, logIndex=4263, commits[dd0a3b65-d36c-4f93-b232-3c8e6f6667b6:c4264]
2019-09-18 13:04:39,451 [grpc-default-executor-0] INFO  client.GrpcClientProtocolClient (GrpcClientProtocolClient.java:onNext(264)) - client-8C798EE064B2->dd0a3b65-d36c-4f93-b232-3c8e6f6667b6: receive RaftClientReply:client-8C798EE064B2->dd0a3b65-d36c-4f93-b232-3c8e6f6667b6@group-B02456D89C11, cid=3044, SUCCESS, logIndex=4264, commits[dd0a3b65-d36c-4f93-b232-3c8e6f6667b6:c4264]
2019-09-18 13:04:39,462 [SCMBlockDeletingService#1] DEBUG block.SCMBlockDeletingService (SCMBlockDeletingService.java:call(138)) - Running DeletedBlockTransactionScanner
2019-09-18 13:04:39,462 [SCMBlockDeletingService#1] DEBUG block.SCMBlockDeletingService (SCMBlockDeletingService.java:call(155)) - Scanned deleted blocks log and got 0 delTX to process.
2019-09-18 13:04:39,493 [grpc-default-executor-0] INFO  client.GrpcClientProtocolClient (GrpcClientProtocolClient.java:onNext(264)) - client-8C798EE064B2->dd0a3b65-d36c-4f93-b232-3c8e6f6667b6: receive RaftClientReply:client-8C798EE064B2->dd0a3b65-d36c-4f93-b232-3c8e6f6667b6@group-B02456D89C11, cid=3045, SUCCESS, logIndex=4266, commits[dd0a3b65-d36c-4f93-b232-3c8e6f6667b6:c4269]
2019-09-18 13:04:39,494 [grpc-default-executor-0] INFO  client.GrpcClientProtocolClient (GrpcClientProtocolClient.java:onNext(264)) - client-8C798EE064B2->dd0a3b65-d36c-4f93-b232-3c8e6f6667b6: receive RaftClientReply:client-8C798EE064B2->dd0a3b65-d36c-4f93-b232-3c8e6f6667b6@group-B02456D89C11, cid=3046, SUCCESS, logIndex=4267, commits[dd0a3b65-d36c-4f93-b232-3c8e6f6667b6:c4269]
2019-09-18 13:04:39,494 [grpc-default-executor-0] INFO  client.GrpcClientProtocolClient (GrpcClientProtocolClient.java:onNext(264)) - client-8C798EE064B2->dd0a3b65-d36c-4f93-b232-3c8e6f6667b6: receive RaftClientReply:client-8C798EE064B2->dd0a3b65-d36c-4f93-b232-3c8e6f6667b6@group-B02456D89C11, cid=3047, SUCCESS, logIndex=4268, commits[dd0a3b65-d36c-4f93-b232-3c8e6f6667b6:c4269]
2019-09-18 13:04:39,494 [grpc-default-executor-0] INFO  client.GrpcClientProtocolClient (GrpcClientProtocolClient.java:onNext(264)) - client-8C798EE064B2->dd0a3b65-d36c-4f93-b232-3c8e6f6667b6: receive RaftClientReply:client-8C798EE064B2->dd0a3b65-d36c-4f93-b232-3c8e6f6667b6@group-B02456D89C11, cid=3048, SUCCESS, logIndex=4269, commits[dd0a3b65-d36c-4f93-b232-3c8e6f6667b6:c4269]
2019-09-18 13:04:39,538 [grpc-default-executor-1] INFO  client.GrpcClientProtocolClient (GrpcClientProtocolClient.java:onNext(264)) - client-8C798EE064B2->dd0a3b65-d36c-4f93-b232-3c8e6f6667b6: receive RaftClientReply:client-8C798EE064B2->dd0a3b65-d36c-4f93-b232-3c8e6f6667b6@group-B02456D89C11, cid=3049, SUCCESS, logIndex=4271, commits[dd0a3b65-d36c-4f93-b232-3c8e6f6667b6:c4272]
2019-09-18 13:04:39,539 [grpc-default-executor-1] INFO  client.GrpcClientProtocolClient (GrpcClientProtocolClient.java:onNext(264)) - client-8C798EE064B2->dd0a3b65-d36c-4f93-b232-3c8e6f6667b6: receive RaftClientReply:client-8C798EE064B2->dd0a3b65-d36c-4f93-b232-3c8e6f6667b6@group-B02456D89C11, cid=3050, SUCCESS, logIndex=4272, commits[dd0a3b65-d36c-4f93-b232-3c8e6f6667b6:c4272]
2019-09-18 13:04:39,563 [SCMBlockDeletingService#1] DEBUG block.SCMBlockDeletingService (SCMBlockDeletingService.java:call(138)) - Running DeletedBlockTransactionScanner
2019-09-18 13:04:39,563 [SCMBlockDeletingService#1] DEBUG block.SCMBlockDeletingService (SCMBlockDeletingService.java:call(155)) - Scanned deleted blocks log and got 0 delTX to process.
2019-09-18 13:04:39,649 [grpc-default-executor-0] INFO  client.GrpcClientProtocolClient (GrpcClientProtocolClient.java:onNext(264)) - client-8C798EE064B2->dd0a3b65-d36c-4f93-b232-3c8e6f6667b6: receive RaftClientReply:client-8C798EE064B2->dd0a3b65-d36c-4f93-b232-3c8e6f6667b6@group-B02456D89C11, cid=3051, SUCCESS, logIndex=4274, commits[dd0a3b65-d36c-4f93-b232-3c8e6f6667b6:c4275]
2019-09-18 13:04:39,649 [grpc-default-executor-0] INFO  client.GrpcClientProtocolClient (GrpcClientProtocolClient.java:onNext(264)) - client-8C798EE064B2->dd0a3b65-d36c-4f93-b232-3c8e6f6667b6: receive RaftClientReply:client-8C798EE064B2->dd0a3b65-d36c-4f93-b232-3c8e6f6667b6@group-B02456D89C11, cid=3052, SUCCESS, logIndex=4275, commits[dd0a3b65-d36c-4f93-b232-3c8e6f6667b6:c4275]
2019-09-18 13:04:39,663 [SCMBlockDeletingService#1] DEBUG block.SCMBlockDeletingService (SCMBlockDeletingService.java:call(138)) - Running DeletedBlockTransactionScanner
2019-09-18 13:04:39,663 [SCMBlockDeletingService#1] DEBUG block.SCMBlockDeletingService (SCMBlockDeletingService.java:call(155)) - Scanned deleted blocks log and got 0 delTX to process.
2019-09-18 13:04:39,689 [grpc-default-executor-0] INFO  client.GrpcClientProtocolClient (GrpcClientProtocolClient.java:onNext(264)) - client-8C798EE064B2->dd0a3b65-d36c-4f93-b232-3c8e6f6667b6: receive RaftClientReply:client-8C798EE064B2->dd0a3b65-d36c-4f93-b232-3c8e6f6667b6@group-B02456D89C11, cid=3053, SUCCESS, logIndex=4277, commits[dd0a3b65-d36c-4f93-b232-3c8e6f6667b6:c4280]
2019-09-18 13:04:39,689 [grpc-default-executor-0] INFO  client.GrpcClientProtocolClient (GrpcClientProtocolClient.java:onNext(264)) - client-8C798EE064B2->dd0a3b65-d36c-4f93-b232-3c8e6f6667b6: receive RaftClientReply:client-8C798EE064B2->dd0a3b65-d36c-4f93-b232-3c8e6f6667b6@group-B02456D89C11, cid=3054, SUCCESS, logIndex=4278, commits[dd0a3b65-d36c-4f93-b232-3c8e6f6667b6:c4281]
2019-09-18 13:04:39,690 [grpc-default-executor-0] INFO  client.GrpcClientProtocolClient (GrpcClientProtocolClient.java:onNext(264)) - client-8C798EE064B2->dd0a3b65-d36c-4f93-b232-3c8e6f6667b6: receive RaftClientReply:client-8C798EE064B2->dd0a3b65-d36c-4f93-b232-3c8e6f6667b6@group-B02456D89C11, cid=3055, SUCCESS, logIndex=4279, commits[dd0a3b65-d36c-4f93-b232-3c8e6f6667b6:c4281]
2019-09-18 13:04:39,690 [grpc-default-executor-0] INFO  client.GrpcClientProtocolClient (GrpcClientProtocolClient.java:onNext(264)) - client-8C798EE064B2->dd0a3b65-d36c-4f93-b232-3c8e6f6667b6: receive RaftClientReply:client-8C798EE064B2->dd0a3b65-d36c-4f93-b232-3c8e6f6667b6@group-B02456D89C11, cid=3056, SUCCESS, logIndex=4280, commits[dd0a3b65-d36c-4f93-b232-3c8e6f6667b6:c4281]
2019-09-18 13:04:39,724 [grpc-default-executor-1] INFO  client.GrpcClientProtocolClient (GrpcClientProtocolClient.java:onNext(264)) - client-8C798EE064B2->dd0a3b65-d36c-4f93-b232-3c8e6f6667b6: receive RaftClientReply:client-8C798EE064B2->dd0a3b65-d36c-4f93-b232-3c8e6f6667b6@group-B02456D89C11, cid=3057, SUCCESS, logIndex=4282, commits[dd0a3b65-d36c-4f93-b232-3c8e6f6667b6:c4283]
2019-09-18 13:04:39,724 [grpc-default-executor-1] INFO  client.GrpcClientProtocolClient (GrpcClientProtocolClient.java:onNext(264)) - client-8C798EE064B2->dd0a3b65-d36c-4f93-b232-3c8e6f6667b6: receive RaftClientReply:client-8C798EE064B2->dd0a3b65-d36c-4f93-b232-3c8e6f6667b6@group-B02456D89C11, cid=3058, SUCCESS, logIndex=4283, commits[dd0a3b65-d36c-4f93-b232-3c8e6f6667b6:c4285]
2019-09-18 13:04:39,725 [grpc-default-executor-1] INFO  client.GrpcClientProtocolClient (GrpcClientProtocolClient.java:onNext(264)) - client-8C798EE064B2->dd0a3b65-d36c-4f93-b232-3c8e6f6667b6: receive RaftClientReply:client-8C798EE064B2->dd0a3b65-d36c-4f93-b232-3c8e6f6667b6@group-B02456D89C11, cid=3059, SUCCESS, logIndex=4284, commits[dd0a3b65-d36c-4f93-b232-3c8e6f6667b6:c4285]
2019-09-18 13:04:39,725 [grpc-default-executor-1] INFO  client.GrpcClientProtocolClient (GrpcClientProtocolClient.java:onNext(264)) - client-8C798EE064B2->dd0a3b65-d36c-4f93-b232-3c8e6f6667b6: receive RaftClientReply:client-8C798EE064B2->dd0a3b65-d36c-4f93-b232-3c8e6f6667b6@group-B02456D89C11, cid=3060, SUCCESS, logIndex=4285, commits[dd0a3b65-d36c-4f93-b232-3c8e6f6667b6:c4286]
2019-09-18 13:04:39,739 [grpc-default-executor-1] INFO  client.GrpcClientProtocolClient (GrpcClientProtocolClient.java:onNext(264)) - client-8C798EE064B2->dd0a3b65-d36c-4f93-b232-3c8e6f6667b6: receive RaftClientReply:client-8C798EE064B2->dd0a3b65-d36c-4f93-b232-3c8e6f6667b6@group-B02456D89C11, cid=3061, SUCCESS, logIndex=4288, commits[dd0a3b65-d36c-4f93-b232-3c8e6f6667b6:c4289]
2019-09-18 13:04:39,739 [grpc-default-executor-1] INFO  client.GrpcClientProtocolClient (GrpcClientProtocolClient.java:onNext(264)) - client-8C798EE064B2->dd0a3b65-d36c-4f93-b232-3c8e6f6667b6: receive RaftClientReply:client-8C798EE064B2->dd0a3b65-d36c-4f93-b232-3c8e6f6667b6@group-B02456D89C11, cid=3062, SUCCESS, logIndex=4289, commits[dd0a3b65-d36c-4f93-b232-3c8e6f6667b6:c4289]
2019-09-18 13:04:39,761 [grpc-default-executor-1] INFO  client.GrpcClientProtocolClient (GrpcClientProtocolClient.java:onNext(264)) - client-8C798EE064B2->dd0a3b65-d36c-4f93-b232-3c8e6f6667b6: receive RaftClientReply:client-8C798EE064B2->dd0a3b65-d36c-4f93-b232-3c8e6f6667b6@group-B02456D89C11, cid=3063, SUCCESS, logIndex=4290, commits[dd0a3b65-d36c-4f93-b232-3c8e6f6667b6:c4291]
2019-09-18 13:04:39,762 [grpc-default-executor-1] INFO  client.GrpcClientProtocolClient (GrpcClientProtocolClient.java:onNext(264)) - client-8C798EE064B2->dd0a3b65-d36c-4f93-b232-3c8e6f6667b6: receive RaftClientReply:client-8C798EE064B2->dd0a3b65-d36c-4f93-b232-3c8e6f6667b6@group-B02456D89C11, cid=3064, SUCCESS, logIndex=4291, commits[dd0a3b65-d36c-4f93-b232-3c8e6f6667b6:c4291]
2019-09-18 13:04:39,764 [SCMBlockDeletingService#1] DEBUG block.SCMBlockDeletingService (SCMBlockDeletingService.java:call(138)) - Running DeletedBlockTransactionScanner
2019-09-18 13:04:39,764 [SCMBlockDeletingService#1] DEBUG block.SCMBlockDeletingService (SCMBlockDeletingService.java:call(155)) - Scanned deleted blocks log and got 0 delTX to process.
2019-09-18 13:04:39,795 [grpc-default-executor-1] INFO  client.GrpcClientProtocolClient (GrpcClientProtocolClient.java:onNext(264)) - client-8C798EE064B2->dd0a3b65-d36c-4f93-b232-3c8e6f6667b6: receive RaftClientReply:client-8C798EE064B2->dd0a3b65-d36c-4f93-b232-3c8e6f6667b6@group-B02456D89C11, cid=3065, SUCCESS, logIndex=4294, commits[dd0a3b65-d36c-4f93-b232-3c8e6f6667b6:c4297]
2019-09-18 13:04:39,795 [grpc-default-executor-1] INFO  client.GrpcClientProtocolClient (GrpcClientProtocolClient.java:onNext(264)) - client-8C798EE064B2->dd0a3b65-d36c-4f93-b232-3c8e6f6667b6: receive RaftClientReply:client-8C798EE064B2->dd0a3b65-d36c-4f93-b232-3c8e6f6667b6@group-B02456D89C11, cid=3066, SUCCESS, logIndex=4295, commits[dd0a3b65-d36c-4f93-b232-3c8e6f6667b6:c4297]
2019-09-18 13:04:39,796 [grpc-default-executor-1] INFO  client.GrpcClientProtocolClient (GrpcClientProtocolClient.java:onNext(264)) - client-8C798EE064B2->dd0a3b65-d36c-4f93-b232-3c8e6f6667b6: receive RaftClientReply:client-8C798EE064B2->dd0a3b65-d36c-4f93-b232-3c8e6f6667b6@group-B02456D89C11, cid=3067, SUCCESS, logIndex=4296, commits[dd0a3b65-d36c-4f93-b232-3c8e6f6667b6:c4297]
2019-09-18 13:04:39,796 [grpc-default-executor-1] INFO  client.GrpcClientProtocolClient (GrpcClientProtocolClient.java:onNext(264)) - client-8C798EE064B2->dd0a3b65-d36c-4f93-b232-3c8e6f6667b6: receive RaftClientReply:client-8C798EE064B2->dd0a3b65-d36c-4f93-b232-3c8e6f6667b6@group-B02456D89C11, cid=3068, SUCCESS, logIndex=4297, commits[dd0a3b65-d36c-4f93-b232-3c8e6f6667b6:c4297]
2019-09-18 13:04:39,825 [grpc-default-executor-1] INFO  client.GrpcClientProtocolClient (GrpcClientProtocolClient.java:onNext(264)) - client-8C798EE064B2->dd0a3b65-d36c-4f93-b232-3c8e6f6667b6: receive RaftClientReply:client-8C798EE064B2->dd0a3b65-d36c-4f93-b232-3c8e6f6667b6@group-B02456D89C11, cid=3069, SUCCESS, logIndex=4299, commits[dd0a3b65-d36c-4f93-b232-3c8e6f6667b6:c4300]
2019-09-18 13:04:39,825 [grpc-default-executor-1] INFO  client.GrpcClientProtocolClient (GrpcClientProtocolClient.java:onNext(264)) - client-8C798EE064B2->dd0a3b65-d36c-4f93-b232-3c8e6f6667b6: receive RaftClientReply:client-8C798EE064B2->dd0a3b65-d36c-4f93-b232-3c8e6f6667b6@group-B02456D89C11, cid=3070, SUCCESS, logIndex=4300, commits[dd0a3b65-d36c-4f93-b232-3c8e6f6667b6:c4300]
2019-09-18 13:04:39,836 [grpc-default-executor-1] INFO  client.GrpcClientProtocolClient (GrpcClientProtocolClient.java:onNext(264)) - client-8C798EE064B2->dd0a3b65-d36c-4f93-b232-3c8e6f6667b6: receive RaftClientReply:client-8C798EE064B2->dd0a3b65-d36c-4f93-b232-3c8e6f6667b6@group-B02456D89C11, cid=3071, SUCCESS, logIndex=4301, commits[dd0a3b65-d36c-4f93-b232-3c8e6f6667b6:c4302]
2019-09-18 13:04:39,836 [grpc-default-executor-1] INFO  client.GrpcClientProtocolClient (GrpcClientProtocolClient.java:onNext(264)) - client-8C798EE064B2->dd0a3b65-d36c-4f93-b232-3c8e6f6667b6: receive RaftClientReply:client-8C798EE064B2->dd0a3b65-d36c-4f93-b232-3c8e6f6667b6@group-B02456D89C11, cid=3072, SUCCESS, logIndex=4302, commits[dd0a3b65-d36c-4f93-b232-3c8e6f6667b6:c4302]
2019-09-18 13:04:39,864 [SCMBlockDeletingService#1] DEBUG block.SCMBlockDeletingService (SCMBlockDeletingService.java:call(138)) - Running DeletedBlockTransactionScanner
2019-09-18 13:04:39,865 [SCMBlockDeletingService#1] DEBUG block.SCMBlockDeletingService (SCMBlockDeletingService.java:call(155)) - Scanned deleted blocks log and got 0 delTX to process.
2019-09-18 13:04:39,871 [grpc-default-executor-1] INFO  client.GrpcClientProtocolClient (GrpcClientProtocolClient.java:onNext(264)) - client-8C798EE064B2->dd0a3b65-d36c-4f93-b232-3c8e6f6667b6: receive RaftClientReply:client-8C798EE064B2->dd0a3b65-d36c-4f93-b232-3c8e6f6667b6@group-B02456D89C11, cid=3073, SUCCESS, logIndex=4305, commits[dd0a3b65-d36c-4f93-b232-3c8e6f6667b6:c4308]
2019-09-18 13:04:39,871 [grpc-default-executor-1] INFO  client.GrpcClientProtocolClient (GrpcClientProtocolClient.java:onNext(264)) - client-8C798EE064B2->dd0a3b65-d36c-4f93-b232-3c8e6f6667b6: receive RaftClientReply:client-8C798EE064B2->dd0a3b65-d36c-4f93-b232-3c8e6f6667b6@group-B02456D89C11, cid=3074, SUCCESS, logIndex=4306, commits[dd0a3b65-d36c-4f93-b232-3c8e6f6667b6:c4308]
2019-09-18 13:04:39,871 [grpc-default-executor-1] INFO  client.GrpcClientProtocolClient (GrpcClientProtocolClient.java:onNext(264)) - client-8C798EE064B2->dd0a3b65-d36c-4f93-b232-3c8e6f6667b6: receive RaftClientReply:client-8C798EE064B2->dd0a3b65-d36c-4f93-b232-3c8e6f6667b6@group-B02456D89C11, cid=3075, SUCCESS, logIndex=4307, commits[dd0a3b65-d36c-4f93-b232-3c8e6f6667b6:c4308]
2019-09-18 13:04:39,872 [grpc-default-executor-1] INFO  client.GrpcClientProtocolClient (GrpcClientProtocolClient.java:onNext(264)) - client-8C798EE064B2->dd0a3b65-d36c-4f93-b232-3c8e6f6667b6: receive RaftClientReply:client-8C798EE064B2->dd0a3b65-d36c-4f93-b232-3c8e6f6667b6@group-B02456D89C11, cid=3076, SUCCESS, logIndex=4308, commits[dd0a3b65-d36c-4f93-b232-3c8e6f6667b6:c4308]
2019-09-18 13:04:39,905 [grpc-default-executor-0] INFO  client.GrpcClientProtocolClient (GrpcClientProtocolClient.java:onNext(264)) - client-8C798EE064B2->dd0a3b65-d36c-4f93-b232-3c8e6f6667b6: receive RaftClientReply:client-8C798EE064B2->dd0a3b65-d36c-4f93-b232-3c8e6f6667b6@group-B02456D89C11, cid=3077, SUCCESS, logIndex=4310, commits[dd0a3b65-d36c-4f93-b232-3c8e6f6667b6:c4313]
2019-09-18 13:04:39,905 [grpc-default-executor-0] INFO  client.GrpcClientProtocolClient (GrpcClientProtocolClient.java:onNext(264)) - client-8C798EE064B2->dd0a3b65-d36c-4f93-b232-3c8e6f6667b6: receive RaftClientReply:client-8C798EE064B2->dd0a3b65-d36c-4f93-b232-3c8e6f6667b6@group-B02456D89C11, cid=3078, SUCCESS, logIndex=4311, commits[dd0a3b65-d36c-4f93-b232-3c8e6f6667b6:c4314]
2019-09-18 13:04:39,906 [grpc-default-executor-0] INFO  client.GrpcClientProtocolClient (GrpcClientProtocolClient.java:onNext(264)) - client-8C798EE064B2->dd0a3b65-d36c-4f93-b232-3c8e6f6667b6: receive RaftClientReply:client-8C798EE064B2->dd0a3b65-d36c-4f93-b232-3c8e6f6667b6@group-B02456D89C11, cid=3079, SUCCESS, logIndex=4312, commits[dd0a3b65-d36c-4f93-b232-3c8e6f6667b6:c4314]
2019-09-18 13:04:39,906 [grpc-default-executor-0] INFO  client.GrpcClientProtocolClient (GrpcClientProtocolClient.java:onNext(264)) - client-8C798EE064B2->dd0a3b65-d36c-4f93-b232-3c8e6f6667b6: receive RaftClientReply:client-8C798EE064B2->dd0a3b65-d36c-4f93-b232-3c8e6f6667b6@group-B02456D89C11, cid=3080, SUCCESS, logIndex=4313, commits[dd0a3b65-d36c-4f93-b232-3c8e6f6667b6:c4314]
2019-09-18 13:04:39,934 [grpc-default-executor-0] INFO  client.GrpcClientProtocolClient (GrpcClientProtocolClient.java:onNext(264)) - client-8C798EE064B2->dd0a3b65-d36c-4f93-b232-3c8e6f6667b6: receive RaftClientReply:client-8C798EE064B2->dd0a3b65-d36c-4f93-b232-3c8e6f6667b6@group-B02456D89C11, cid=3081, SUCCESS, logIndex=4315, commits[dd0a3b65-d36c-4f93-b232-3c8e6f6667b6:c4316]
2019-09-18 13:04:39,935 [grpc-default-executor-0] INFO  client.GrpcClientProtocolClient (GrpcClientProtocolClient.java:onNext(264)) - client-8C798EE064B2->dd0a3b65-d36c-4f93-b232-3c8e6f6667b6: receive RaftClientReply:client-8C798EE064B2->dd0a3b65-d36c-4f93-b232-3c8e6f6667b6@group-B02456D89C11, cid=3082, SUCCESS, logIndex=4316, commits[dd0a3b65-d36c-4f93-b232-3c8e6f6667b6:c4316]
2019-09-18 13:04:39,945 [grpc-default-executor-0] INFO  client.GrpcClientProtocolClient (GrpcClientProtocolClient.java:onNext(264)) - client-8C798EE064B2->dd0a3b65-d36c-4f93-b232-3c8e6f6667b6: receive RaftClientReply:client-8C798EE064B2->dd0a3b65-d36c-4f93-b232-3c8e6f6667b6@group-B02456D89C11, cid=3083, SUCCESS, logIndex=4317, commits[dd0a3b65-d36c-4f93-b232-3c8e6f6667b6:c4318]
2019-09-18 13:04:39,946 [grpc-default-executor-0] INFO  client.GrpcClientProtocolClient (GrpcClientProtocolClient.java:onNext(264)) - client-8C798EE064B2->dd0a3b65-d36c-4f93-b232-3c8e6f6667b6: receive RaftClientReply:client-8C798EE064B2->dd0a3b65-d36c-4f93-b232-3c8e6f6667b6@group-B02456D89C11, cid=3084, SUCCESS, logIndex=4318, commits[dd0a3b65-d36c-4f93-b232-3c8e6f6667b6:c4318]
2019-09-18 13:04:39,965 [SCMBlockDeletingService#0] DEBUG block.SCMBlockDeletingService (SCMBlockDeletingService.java:call(138)) - Running DeletedBlockTransactionScanner
2019-09-18 13:04:39,965 [SCMBlockDeletingService#0] DEBUG block.SCMBlockDeletingService (SCMBlockDeletingService.java:call(155)) - Scanned deleted blocks log and got 0 delTX to process.
2019-09-18 13:04:40,006 [grpc-default-executor-0] INFO  client.GrpcClientProtocolClient (GrpcClientProtocolClient.java:onNext(264)) - client-8C798EE064B2->dd0a3b65-d36c-4f93-b232-3c8e6f6667b6: receive RaftClientReply:client-8C798EE064B2->dd0a3b65-d36c-4f93-b232-3c8e6f6667b6@group-B02456D89C11, cid=3085, SUCCESS, logIndex=4321, commits[dd0a3b65-d36c-4f93-b232-3c8e6f6667b6:c4324]
2019-09-18 13:04:40,007 [grpc-default-executor-0] INFO  client.GrpcClientProtocolClient (GrpcClientProtocolClient.java:onNext(264)) - client-8C798EE064B2->dd0a3b65-d36c-4f93-b232-3c8e6f6667b6: receive RaftClientReply:client-8C798EE064B2->dd0a3b65-d36c-4f93-b232-3c8e6f6667b6@group-B02456D89C11, cid=3086, SUCCESS, logIndex=4322, commits[dd0a3b65-d36c-4f93-b232-3c8e6f6667b6:c4324]
2019-09-18 13:04:40,007 [grpc-default-executor-0] INFO  client.GrpcClientProtocolClient (GrpcClientProtocolClient.java:onNext(264)) - client-8C798EE064B2->dd0a3b65-d36c-4f93-b232-3c8e6f6667b6: receive RaftClientReply:client-8C798EE064B2->dd0a3b65-d36c-4f93-b232-3c8e6f6667b6@group-B02456D89C11, cid=3087, SUCCESS, logIndex=4323, commits[dd0a3b65-d36c-4f93-b232-3c8e6f6667b6:c4324]
2019-09-18 13:04:40,008 [grpc-default-executor-0] INFO  client.GrpcClientProtocolClient (GrpcClientProtocolClient.java:onNext(264)) - client-8C798EE064B2->dd0a3b65-d36c-4f93-b232-3c8e6f6667b6: receive RaftClientReply:client-8C798EE064B2->dd0a3b65-d36c-4f93-b232-3c8e6f6667b6@group-B02456D89C11, cid=3088, SUCCESS, logIndex=4324, commits[dd0a3b65-d36c-4f93-b232-3c8e6f6667b6:c4324]
2019-09-18 13:04:40,049 [grpc-default-executor-1] INFO  client.GrpcClientProtocolClient (GrpcClientProtocolClient.java:onNext(264)) - client-8C798EE064B2->dd0a3b65-d36c-4f93-b232-3c8e6f6667b6: receive RaftClientReply:client-8C798EE064B2->dd0a3b65-d36c-4f93-b232-3c8e6f6667b6@group-B02456D89C11, cid=3089, SUCCESS, logIndex=4326, commits[dd0a3b65-d36c-4f93-b232-3c8e6f6667b6:c4327]
2019-09-18 13:04:40,049 [grpc-default-executor-1] INFO  client.GrpcClientProtocolClient (GrpcClientProtocolClient.java:onNext(264)) - client-8C798EE064B2->dd0a3b65-d36c-4f93-b232-3c8e6f6667b6: receive RaftClientReply:client-8C798EE064B2->dd0a3b65-d36c-4f93-b232-3c8e6f6667b6@group-B02456D89C11, cid=3090, SUCCESS, logIndex=4327, commits[dd0a3b65-d36c-4f93-b232-3c8e6f6667b6:c4329]
2019-09-18 13:04:40,050 [grpc-default-executor-1] INFO  client.GrpcClientProtocolClient (GrpcClientProtocolClient.java:onNext(264)) - client-8C798EE064B2->dd0a3b65-d36c-4f93-b232-3c8e6f6667b6: receive RaftClientReply:client-8C798EE064B2->dd0a3b65-d36c-4f93-b232-3c8e6f6667b6@group-B02456D89C11, cid=3091, SUCCESS, logIndex=4328, commits[dd0a3b65-d36c-4f93-b232-3c8e6f6667b6:c4330]
2019-09-18 13:04:40,050 [grpc-default-executor-1] INFO  client.GrpcClientProtocolClient (GrpcClientProtocolClient.java:onNext(264)) - client-8C798EE064B2->dd0a3b65-d36c-4f93-b232-3c8e6f6667b6: receive RaftClientReply:client-8C798EE064B2->dd0a3b65-d36c-4f93-b232-3c8e6f6667b6@group-B02456D89C11, cid=3092, SUCCESS, logIndex=4329, commits[dd0a3b65-d36c-4f93-b232-3c8e6f6667b6:c4330]
2019-09-18 13:04:40,112 [SCMBlockDeletingService#0] DEBUG block.SCMBlockDeletingService (SCMBlockDeletingService.java:call(138)) - Running DeletedBlockTransactionScanner
2019-09-18 13:04:40,112 [SCMBlockDeletingService#0] DEBUG block.SCMBlockDeletingService (SCMBlockDeletingService.java:call(155)) - Scanned deleted blocks log and got 0 delTX to process.
2019-09-18 13:04:40,144 [grpc-default-executor-0] INFO  client.GrpcClientProtocolClient (GrpcClientProtocolClient.java:onNext(264)) - client-8C798EE064B2->dd0a3b65-d36c-4f93-b232-3c8e6f6667b6: receive RaftClientReply:client-8C798EE064B2->dd0a3b65-d36c-4f93-b232-3c8e6f6667b6@group-B02456D89C11, cid=3093, SUCCESS, logIndex=4332, commits[dd0a3b65-d36c-4f93-b232-3c8e6f6667b6:c4333]
2019-09-18 13:04:40,144 [grpc-default-executor-0] INFO  client.GrpcClientProtocolClient (GrpcClientProtocolClient.java:onNext(264)) - client-8C798EE064B2->dd0a3b65-d36c-4f93-b232-3c8e6f6667b6: receive RaftClientReply:client-8C798EE064B2->dd0a3b65-d36c-4f93-b232-3c8e6f6667b6@group-B02456D89C11, cid=3094, SUCCESS, logIndex=4333, commits[dd0a3b65-d36c-4f93-b232-3c8e6f6667b6:c4333]
2019-09-18 13:04:40,212 [SCMBlockDeletingService#0] DEBUG block.SCMBlockDeletingService (SCMBlockDeletingService.java:call(138)) - Running DeletedBlockTransactionScanner
2019-09-18 13:04:40,213 [SCMBlockDeletingService#0] DEBUG block.SCMBlockDeletingService (SCMBlockDeletingService.java:call(155)) - Scanned deleted blocks log and got 0 delTX to process.
2019-09-18 13:04:40,252 [grpc-default-executor-1] INFO  client.GrpcClientProtocolClient (GrpcClientProtocolClient.java:onNext(264)) - client-8C798EE064B2->dd0a3b65-d36c-4f93-b232-3c8e6f6667b6: receive RaftClientReply:client-8C798EE064B2->dd0a3b65-d36c-4f93-b232-3c8e6f6667b6@group-B02456D89C11, cid=3095, SUCCESS, logIndex=4335, commits[dd0a3b65-d36c-4f93-b232-3c8e6f6667b6:c4336]
2019-09-18 13:04:40,253 [grpc-default-executor-1] INFO  client.GrpcClientProtocolClient (GrpcClientProtocolClient.java:onNext(264)) - client-8C798EE064B2->dd0a3b65-d36c-4f93-b232-3c8e6f6667b6: receive RaftClientReply:client-8C798EE064B2->dd0a3b65-d36c-4f93-b232-3c8e6f6667b6@group-B02456D89C11, cid=3096, SUCCESS, logIndex=4336, commits[dd0a3b65-d36c-4f93-b232-3c8e6f6667b6:c4336]
2019-09-18 13:04:40,300 [grpc-default-executor-0] INFO  client.GrpcClientProtocolClient (GrpcClientProtocolClient.java:onNext(264)) - client-8C798EE064B2->dd0a3b65-d36c-4f93-b232-3c8e6f6667b6: receive RaftClientReply:client-8C798EE064B2->dd0a3b65-d36c-4f93-b232-3c8e6f6667b6@group-B02456D89C11, cid=3097, SUCCESS, logIndex=4338, commits[dd0a3b65-d36c-4f93-b232-3c8e6f6667b6:c4341]
2019-09-18 13:04:40,301 [grpc-default-executor-0] INFO  client.GrpcClientProtocolClient (GrpcClientProtocolClient.java:onNext(264)) - client-8C798EE064B2->dd0a3b65-d36c-4f93-b232-3c8e6f6667b6: receive RaftClientReply:client-8C798EE064B2->dd0a3b65-d36c-4f93-b232-3c8e6f6667b6@group-B02456D89C11, cid=3098, SUCCESS, logIndex=4339, commits[dd0a3b65-d36c-4f93-b232-3c8e6f6667b6:c4342]
2019-09-18 13:04:40,301 [grpc-default-executor-0] INFO  client.GrpcClientProtocolClient (GrpcClientProtocolClient.java:onNext(264)) - client-8C798EE064B2->dd0a3b65-d36c-4f93-b232-3c8e6f6667b6: receive RaftClientReply:client-8C798EE064B2->dd0a3b65-d36c-4f93-b232-3c8e6f6667b6@group-B02456D89C11, cid=3099, SUCCESS, logIndex=4340, commits[dd0a3b65-d36c-4f93-b232-3c8e6f6667b6:c4342]
2019-09-18 13:04:40,301 [grpc-default-executor-0] INFO  client.GrpcClientProtocolClient (GrpcClientProtocolClient.java:onNext(264)) - client-8C798EE064B2->dd0a3b65-d36c-4f93-b232-3c8e6f6667b6: receive RaftClientReply:client-8C798EE064B2->dd0a3b65-d36c-4f93-b232-3c8e6f6667b6@group-B02456D89C11, cid=3100, SUCCESS, logIndex=4341, commits[dd0a3b65-d36c-4f93-b232-3c8e6f6667b6:c4342]
2019-09-18 13:04:40,313 [SCMBlockDeletingService#0] DEBUG block.SCMBlockDeletingService (SCMBlockDeletingService.java:call(138)) - Running DeletedBlockTransactionScanner
2019-09-18 13:04:40,313 [SCMBlockDeletingService#0] DEBUG block.SCMBlockDeletingService (SCMBlockDeletingService.java:call(155)) - Scanned deleted blocks log and got 0 delTX to process.
2019-09-18 13:04:40,322 [grpc-default-executor-1] INFO  client.GrpcClientProtocolClient (GrpcClientProtocolClient.java:onNext(264)) - client-8C798EE064B2->dd0a3b65-d36c-4f93-b232-3c8e6f6667b6: receive RaftClientReply:client-8C798EE064B2->dd0a3b65-d36c-4f93-b232-3c8e6f6667b6@group-B02456D89C11, cid=3101, SUCCESS, logIndex=4343, commits[dd0a3b65-d36c-4f93-b232-3c8e6f6667b6:c4344]
2019-09-18 13:04:40,322 [grpc-default-executor-1] INFO  client.GrpcClientProtocolClient (GrpcClientProtocolClient.java:onNext(264)) - client-8C798EE064B2->dd0a3b65-d36c-4f93-b232-3c8e6f6667b6: receive RaftClientReply:client-8C798EE064B2->dd0a3b65-d36c-4f93-b232-3c8e6f6667b6@group-B02456D89C11, cid=3102, SUCCESS, logIndex=4344, commits[dd0a3b65-d36c-4f93-b232-3c8e6f6667b6:c4344]
2019-09-18 13:04:40,344 [grpc-default-executor-1] INFO  client.GrpcClientProtocolClient (GrpcClientProtocolClient.java:onNext(264)) - client-8C798EE064B2->dd0a3b65-d36c-4f93-b232-3c8e6f6667b6: receive RaftClientReply:client-8C798EE064B2->dd0a3b65-d36c-4f93-b232-3c8e6f6667b6@group-B02456D89C11, cid=3103, SUCCESS, logIndex=4345, commits[dd0a3b65-d36c-4f93-b232-3c8e6f6667b6:c4346]
2019-09-18 13:04:40,344 [grpc-default-executor-1] INFO  client.GrpcClientProtocolClient (GrpcClientProtocolClient.java:onNext(264)) - client-8C798EE064B2->dd0a3b65-d36c-4f93-b232-3c8e6f6667b6: receive RaftClientReply:client-8C798EE064B2->dd0a3b65-d36c-4f93-b232-3c8e6f6667b6@group-B02456D89C11, cid=3104, SUCCESS, logIndex=4346, commits[dd0a3b65-d36c-4f93-b232-3c8e6f6667b6:c4346]
2019-09-18 13:04:40,410 [grpc-default-executor-1] INFO  client.GrpcClientProtocolClient (GrpcClientProtocolClient.java:onNext(264)) - client-8C798EE064B2->dd0a3b65-d36c-4f93-b232-3c8e6f6667b6: receive RaftClientReply:client-8C798EE064B2->dd0a3b65-d36c-4f93-b232-3c8e6f6667b6@group-B02456D89C11, cid=3105, SUCCESS, logIndex=4349, commits[dd0a3b65-d36c-4f93-b232-3c8e6f6667b6:c4352]
2019-09-18 13:04:40,411 [grpc-default-executor-1] INFO  client.GrpcClientProtocolClient (GrpcClientProtocolClient.java:onNext(264)) - client-8C798EE064B2->dd0a3b65-d36c-4f93-b232-3c8e6f6667b6: receive RaftClientReply:client-8C798EE064B2->dd0a3b65-d36c-4f93-b232-3c8e6f6667b6@group-B02456D89C11, cid=3106, SUCCESS, logIndex=4350, commits[dd0a3b65-d36c-4f93-b232-3c8e6f6667b6:c4352]
2019-09-18 13:04:40,412 [grpc-default-executor-1] INFO  client.GrpcClientProtocolClient (GrpcClientProtocolClient.java:onNext(264)) - client-8C798EE064B2->dd0a3b65-d36c-4f93-b232-3c8e6f6667b6: receive RaftClientReply:client-8C798EE064B2->dd0a3b65-d36c-4f93-b232-3c8e6f6667b6@group-B02456D89C11, cid=3107, SUCCESS, logIndex=4351, commits[dd0a3b65-d36c-4f93-b232-3c8e6f6667b6:c4353]
2019-09-18 13:04:40,412 [grpc-default-executor-1] INFO  client.GrpcClientProtocolClient (GrpcClientProtocolClient.java:onNext(264)) - client-8C798EE064B2->dd0a3b65-d36c-4f93-b232-3c8e6f6667b6: receive RaftClientReply:client-8C798EE064B2->dd0a3b65-d36c-4f93-b232-3c8e6f6667b6@group-B02456D89C11, cid=3108, SUCCESS, logIndex=4352, commits[dd0a3b65-d36c-4f93-b232-3c8e6f6667b6:c4353]
2019-09-18 13:04:40,414 [SCMBlockDeletingService#0] DEBUG block.SCMBlockDeletingService (SCMBlockDeletingService.java:call(138)) - Running DeletedBlockTransactionScanner
2019-09-18 13:04:40,414 [SCMBlockDeletingService#0] DEBUG block.SCMBlockDeletingService (SCMBlockDeletingService.java:call(155)) - Scanned deleted blocks log and got 0 delTX to process.
2019-09-18 13:04:40,432 [grpc-default-executor-1] INFO  client.GrpcClientProtocolClient (GrpcClientProtocolClient.java:onNext(264)) - client-8C798EE064B2->dd0a3b65-d36c-4f93-b232-3c8e6f6667b6: receive RaftClientReply:client-8C798EE064B2->dd0a3b65-d36c-4f93-b232-3c8e6f6667b6@group-B02456D89C11, cid=3109, SUCCESS, logIndex=4354, commits[dd0a3b65-d36c-4f93-b232-3c8e6f6667b6:c4355]
2019-09-18 13:04:40,432 [grpc-default-executor-1] INFO  client.GrpcClientProtocolClient (GrpcClientProtocolClient.java:onNext(264)) - client-8C798EE064B2->dd0a3b65-d36c-4f93-b232-3c8e6f6667b6: receive RaftClientReply:client-8C798EE064B2->dd0a3b65-d36c-4f93-b232-3c8e6f6667b6@group-B02456D89C11, cid=3110, SUCCESS, logIndex=4355, commits[dd0a3b65-d36c-4f93-b232-3c8e6f6667b6:c4355]
2019-09-18 13:04:40,433 [grpc-default-executor-1] INFO  client.GrpcClientProtocolClient (GrpcClientProtocolClient.java:onNext(264)) - client-8C798EE064B2->dd0a3b65-d36c-4f93-b232-3c8e6f6667b6: receive RaftClientReply:client-8C798EE064B2->dd0a3b65-d36c-4f93-b232-3c8e6f6667b6@group-B02456D89C11, cid=3111, SUCCESS, logIndex=4356, commits[dd0a3b65-d36c-4f93-b232-3c8e6f6667b6:c4357]
2019-09-18 13:04:40,433 [grpc-default-executor-1] INFO  client.GrpcClientProtocolClient (GrpcClientProtocolClient.java:onNext(264)) - client-8C798EE064B2->dd0a3b65-d36c-4f93-b232-3c8e6f6667b6: receive RaftClientReply:client-8C798EE064B2->dd0a3b65-d36c-4f93-b232-3c8e6f6667b6@group-B02456D89C11, cid=3112, SUCCESS, logIndex=4357, commits[dd0a3b65-d36c-4f93-b232-3c8e6f6667b6:c4357]
2019-09-18 13:04:40,477 [grpc-default-executor-1] INFO  client.GrpcClientProtocolClient (GrpcClientProtocolClient.java:onNext(264)) - client-8C798EE064B2->dd0a3b65-d36c-4f93-b232-3c8e6f6667b6: receive RaftClientReply:client-8C798EE064B2->dd0a3b65-d36c-4f93-b232-3c8e6f6667b6@group-B02456D89C11, cid=3113, SUCCESS, logIndex=4360, commits[dd0a3b65-d36c-4f93-b232-3c8e6f6667b6:c4361]
2019-09-18 13:04:40,478 [grpc-default-executor-1] INFO  client.GrpcClientProtocolClient (GrpcClientProtocolClient.java:onNext(264)) - client-8C798EE064B2->dd0a3b65-d36c-4f93-b232-3c8e6f6667b6: receive RaftClientReply:client-8C798EE064B2->dd0a3b65-d36c-4f93-b232-3c8e6f6667b6@group-B02456D89C11, cid=3114, SUCCESS, logIndex=4361, commits[dd0a3b65-d36c-4f93-b232-3c8e6f6667b6:c4361]
2019-09-18 13:04:40,497 [grpc-default-executor-1] INFO  client.GrpcClientProtocolClient (GrpcClientProtocolClient.java:onNext(264)) - client-8C798EE064B2->dd0a3b65-d36c-4f93-b232-3c8e6f6667b6: receive RaftClientReply:client-8C798EE064B2->dd0a3b65-d36c-4f93-b232-3c8e6f6667b6@group-B02456D89C11, cid=3115, SUCCESS, logIndex=4362, commits[dd0a3b65-d36c-4f93-b232-3c8e6f6667b6:c4364]
2019-09-18 13:04:40,497 [grpc-default-executor-1] INFO  client.GrpcClientProtocolClient (GrpcClientProtocolClient.java:onNext(264)) - client-8C798EE064B2->dd0a3b65-d36c-4f93-b232-3c8e6f6667b6: receive RaftClientReply:client-8C798EE064B2->dd0a3b65-d36c-4f93-b232-3c8e6f6667b6@group-B02456D89C11, cid=3116, SUCCESS, logIndex=4363, commits[dd0a3b65-d36c-4f93-b232-3c8e6f6667b6:c4364]
2019-09-18 13:04:40,514 [SCMBlockDeletingService#0] DEBUG block.SCMBlockDeletingService (SCMBlockDeletingService.java:call(138)) - Running DeletedBlockTransactionScanner
2019-09-18 13:04:40,514 [SCMBlockDeletingService#0] DEBUG block.SCMBlockDeletingService (SCMBlockDeletingService.java:call(155)) - Scanned deleted blocks log and got 0 delTX to process.
2019-09-18 13:04:40,532 [grpc-default-executor-1] INFO  client.GrpcClientProtocolClient (GrpcClientProtocolClient.java:onNext(264)) - client-8C798EE064B2->dd0a3b65-d36c-4f93-b232-3c8e6f6667b6: receive RaftClientReply:client-8C798EE064B2->dd0a3b65-d36c-4f93-b232-3c8e6f6667b6@group-B02456D89C11, cid=3117, SUCCESS, logIndex=4365, commits[dd0a3b65-d36c-4f93-b232-3c8e6f6667b6:c4366]
2019-09-18 13:04:40,532 [grpc-default-executor-1] INFO  client.GrpcClientProtocolClient (GrpcClientProtocolClient.java:onNext(264)) - client-8C798EE064B2->dd0a3b65-d36c-4f93-b232-3c8e6f6667b6: receive RaftClientReply:client-8C798EE064B2->dd0a3b65-d36c-4f93-b232-3c8e6f6667b6@group-B02456D89C11, cid=3118, SUCCESS, logIndex=4366, commits[dd0a3b65-d36c-4f93-b232-3c8e6f6667b6:c4366]
2019-09-18 13:04:40,534 [grpc-default-executor-1] INFO  client.GrpcClientProtocolClient (GrpcClientProtocolClient.java:onNext(264)) - client-8C798EE064B2->dd0a3b65-d36c-4f93-b232-3c8e6f6667b6: receive RaftClientReply:client-8C798EE064B2->dd0a3b65-d36c-4f93-b232-3c8e6f6667b6@group-B02456D89C11, cid=3119, SUCCESS, logIndex=4367, commits[dd0a3b65-d36c-4f93-b232-3c8e6f6667b6:c4368]
2019-09-18 13:04:40,534 [grpc-default-executor-1] INFO  client.GrpcClientProtocolClient (GrpcClientProtocolClient.java:onNext(264)) - client-8C798EE064B2->dd0a3b65-d36c-4f93-b232-3c8e6f6667b6: receive RaftClientReply:client-8C798EE064B2->dd0a3b65-d36c-4f93-b232-3c8e6f6667b6@group-B02456D89C11, cid=3120, SUCCESS, logIndex=4368, commits[dd0a3b65-d36c-4f93-b232-3c8e6f6667b6:c4368]
2019-09-18 13:04:40,571 [grpc-default-executor-0] INFO  client.GrpcClientProtocolClient (GrpcClientProtocolClient.java:onNext(264)) - client-8C798EE064B2->dd0a3b65-d36c-4f93-b232-3c8e6f6667b6: receive RaftClientReply:client-8C798EE064B2->dd0a3b65-d36c-4f93-b232-3c8e6f6667b6@group-B02456D89C11, cid=3121, SUCCESS, logIndex=4371, commits[dd0a3b65-d36c-4f93-b232-3c8e6f6667b6:c4374]
2019-09-18 13:04:40,571 [grpc-default-executor-0] INFO  client.GrpcClientProtocolClient (GrpcClientProtocolClient.java:onNext(264)) - client-8C798EE064B2->dd0a3b65-d36c-4f93-b232-3c8e6f6667b6: receive RaftClientReply:client-8C798EE064B2->dd0a3b65-d36c-4f93-b232-3c8e6f6667b6@group-B02456D89C11, cid=3122, SUCCESS, logIndex=4372, commits[dd0a3b65-d36c-4f93-b232-3c8e6f6667b6:c4374]
2019-09-18 13:04:40,571 [grpc-default-executor-0] INFO  client.GrpcClientProtocolClient (GrpcClientProtocolClient.java:onNext(264)) - client-8C798EE064B2->dd0a3b65-d36c-4f93-b232-3c8e6f6667b6: receive RaftClientReply:client-8C798EE064B2->dd0a3b65-d36c-4f93-b232-3c8e6f6667b6@group-B02456D89C11, cid=3123, SUCCESS, logIndex=4373, commits[dd0a3b65-d36c-4f93-b232-3c8e6f6667b6:c4374]
2019-09-18 13:04:40,572 [grpc-default-executor-0] INFO  client.GrpcClientProtocolClient (GrpcClientProtocolClient.java:onNext(264)) - client-8C798EE064B2->dd0a3b65-d36c-4f93-b232-3c8e6f6667b6: receive RaftClientReply:client-8C798EE064B2->dd0a3b65-d36c-4f93-b232-3c8e6f6667b6@group-B02456D89C11, cid=3124, SUCCESS, logIndex=4374, commits[dd0a3b65-d36c-4f93-b232-3c8e6f6667b6:c4374]
2019-09-18 13:04:40,584 [grpc-default-executor-1] INFO  client.GrpcClientProtocolClient (GrpcClientProtocolClient.java:onNext(264)) - client-8C798EE064B2->dd0a3b65-d36c-4f93-b232-3c8e6f6667b6: receive RaftClientReply:client-8C798EE064B2->dd0a3b65-d36c-4f93-b232-3c8e6f6667b6@group-B02456D89C11, cid=3125, SUCCESS, logIndex=4376, commits[dd0a3b65-d36c-4f93-b232-3c8e6f6667b6:c4379]
2019-09-18 13:04:40,584 [grpc-default-executor-1] INFO  client.GrpcClientProtocolClient (GrpcClientProtocolClient.java:onNext(264)) - client-8C798EE064B2->dd0a3b65-d36c-4f93-b232-3c8e6f6667b6: receive RaftClientReply:client-8C798EE064B2->dd0a3b65-d36c-4f93-b232-3c8e6f6667b6@group-B02456D89C11, cid=3126, SUCCESS, logIndex=4377, commits[dd0a3b65-d36c-4f93-b232-3c8e6f6667b6:c4379]
2019-09-18 13:04:40,584 [grpc-default-executor-1] INFO  client.GrpcClientProtocolClient (GrpcClientProtocolClient.java:onNext(264)) - client-8C798EE064B2->dd0a3b65-d36c-4f93-b232-3c8e6f6667b6: receive RaftClientReply:client-8C798EE064B2->dd0a3b65-d36c-4f93-b232-3c8e6f6667b6@group-B02456D89C11, cid=3127, SUCCESS, logIndex=4378, commits[dd0a3b65-d36c-4f93-b232-3c8e6f6667b6:c4379]
2019-09-18 13:04:40,584 [grpc-default-executor-1] INFO  client.GrpcClientProtocolClient (GrpcClientProtocolClient.java:onNext(264)) - client-8C798EE064B2->dd0a3b65-d36c-4f93-b232-3c8e6f6667b6: receive RaftClientReply:client-8C798EE064B2->dd0a3b65-d36c-4f93-b232-3c8e6f6667b6@group-B02456D89C11, cid=3128, SUCCESS, logIndex=4379, commits[dd0a3b65-d36c-4f93-b232-3c8e6f6667b6:c4379]
2019-09-18 13:04:40,615 [SCMBlockDeletingService#0] DEBUG block.SCMBlockDeletingService (SCMBlockDeletingService.java:call(138)) - Running DeletedBlockTransactionScanner
2019-09-18 13:04:40,615 [SCMBlockDeletingService#0] DEBUG block.SCMBlockDeletingService (SCMBlockDeletingService.java:call(155)) - Scanned deleted blocks log and got 0 delTX to process.
2019-09-18 13:04:40,615 [grpc-default-executor-0] INFO  client.GrpcClientProtocolClient (GrpcClientProtocolClient.java:onNext(264)) - client-8C798EE064B2->dd0a3b65-d36c-4f93-b232-3c8e6f6667b6: receive RaftClientReply:client-8C798EE064B2->dd0a3b65-d36c-4f93-b232-3c8e6f6667b6@group-B02456D89C11, cid=3129, SUCCESS, logIndex=4381, commits[dd0a3b65-d36c-4f93-b232-3c8e6f6667b6:c4382]
2019-09-18 13:04:40,616 [grpc-default-executor-0] INFO  client.GrpcClientProtocolClient (GrpcClientProtocolClient.java:onNext(264)) - client-8C798EE064B2->dd0a3b65-d36c-4f93-b232-3c8e6f6667b6: receive RaftClientReply:client-8C798EE064B2->dd0a3b65-d36c-4f93-b232-3c8e6f6667b6@group-B02456D89C11, cid=3130, SUCCESS, logIndex=4382, commits[dd0a3b65-d36c-4f93-b232-3c8e6f6667b6:c4382]
2019-09-18 13:04:40,617 [grpc-default-executor-0] INFO  client.GrpcClientProtocolClient (GrpcClientProtocolClient.java:onNext(264)) - client-8C798EE064B2->dd0a3b65-d36c-4f93-b232-3c8e6f6667b6: receive RaftClientReply:client-8C798EE064B2->dd0a3b65-d36c-4f93-b232-3c8e6f6667b6@group-B02456D89C11, cid=3131, SUCCESS, logIndex=4383, commits[dd0a3b65-d36c-4f93-b232-3c8e6f6667b6:c4384]
2019-09-18 13:04:40,618 [grpc-default-executor-0] INFO  client.GrpcClientProtocolClient (GrpcClientProtocolClient.java:onNext(264)) - client-8C798EE064B2->dd0a3b65-d36c-4f93-b232-3c8e6f6667b6: receive RaftClientReply:client-8C798EE064B2->dd0a3b65-d36c-4f93-b232-3c8e6f6667b6@group-B02456D89C11, cid=3132, SUCCESS, logIndex=4384, commits[dd0a3b65-d36c-4f93-b232-3c8e6f6667b6:c4384]
2019-09-18 13:04:40,641 [grpc-default-executor-0] INFO  client.GrpcClientProtocolClient (GrpcClientProtocolClient.java:onNext(264)) - client-8C798EE064B2->dd0a3b65-d36c-4f93-b232-3c8e6f6667b6: receive RaftClientReply:client-8C798EE064B2->dd0a3b65-d36c-4f93-b232-3c8e6f6667b6@group-B02456D89C11, cid=3133, SUCCESS, logIndex=4387, commits[dd0a3b65-d36c-4f93-b232-3c8e6f6667b6:c4390]
2019-09-18 13:04:40,642 [grpc-default-executor-0] INFO  client.GrpcClientProtocolClient (GrpcClientProtocolClient.java:onNext(264)) - client-8C798EE064B2->dd0a3b65-d36c-4f93-b232-3c8e6f6667b6: receive RaftClientReply:client-8C798EE064B2->dd0a3b65-d36c-4f93-b232-3c8e6f6667b6@group-B02456D89C11, cid=3134, SUCCESS, logIndex=4388, commits[dd0a3b65-d36c-4f93-b232-3c8e6f6667b6:c4391]
2019-09-18 13:04:40,642 [grpc-default-executor-0] INFO  client.GrpcClientProtocolClient (GrpcClientProtocolClient.java:onNext(264)) - client-8C798EE064B2->dd0a3b65-d36c-4f93-b232-3c8e6f6667b6: receive RaftClientReply:client-8C798EE064B2->dd0a3b65-d36c-4f93-b232-3c8e6f6667b6@group-B02456D89C11, cid=3135, SUCCESS, logIndex=4389, commits[dd0a3b65-d36c-4f93-b232-3c8e6f6667b6:c4391]
2019-09-18 13:04:40,643 [grpc-default-executor-0] INFO  client.GrpcClientProtocolClient (GrpcClientProtocolClient.java:onNext(264)) - client-8C798EE064B2->dd0a3b65-d36c-4f93-b232-3c8e6f6667b6: receive RaftClientReply:client-8C798EE064B2->dd0a3b65-d36c-4f93-b232-3c8e6f6667b6@group-B02456D89C11, cid=3136, SUCCESS, logIndex=4390, commits[dd0a3b65-d36c-4f93-b232-3c8e6f6667b6:c4391]
2019-09-18 13:04:40,670 [grpc-default-executor-1] INFO  client.GrpcClientProtocolClient (GrpcClientProtocolClient.java:onNext(264)) - client-8C798EE064B2->dd0a3b65-d36c-4f93-b232-3c8e6f6667b6: receive RaftClientReply:client-8C798EE064B2->dd0a3b65-d36c-4f93-b232-3c8e6f6667b6@group-B02456D89C11, cid=3137, SUCCESS, logIndex=4392, commits[dd0a3b65-d36c-4f93-b232-3c8e6f6667b6:c4393]
2019-09-18 13:04:40,670 [grpc-default-executor-1] INFO  client.GrpcClientProtocolClient (GrpcClientProtocolClient.java:onNext(264)) - client-8C798EE064B2->dd0a3b65-d36c-4f93-b232-3c8e6f6667b6: receive RaftClientReply:client-8C798EE064B2->dd0a3b65-d36c-4f93-b232-3c8e6f6667b6@group-B02456D89C11, cid=3138, SUCCESS, logIndex=4393, commits[dd0a3b65-d36c-4f93-b232-3c8e6f6667b6:c4394]
2019-09-18 13:04:40,715 [SCMBlockDeletingService#0] DEBUG block.SCMBlockDeletingService (SCMBlockDeletingService.java:call(138)) - Running DeletedBlockTransactionScanner
2019-09-18 13:04:40,715 [SCMBlockDeletingService#0] DEBUG block.SCMBlockDeletingService (SCMBlockDeletingService.java:call(155)) - Scanned deleted blocks log and got 0 delTX to process.
2019-09-18 13:04:40,799 [grpc-default-executor-0] INFO  client.GrpcClientProtocolClient (GrpcClientProtocolClient.java:onNext(264)) - client-8C798EE064B2->dd0a3b65-d36c-4f93-b232-3c8e6f6667b6: receive RaftClientReply:client-8C798EE064B2->dd0a3b65-d36c-4f93-b232-3c8e6f6667b6@group-B02456D89C11, cid=3139, SUCCESS, logIndex=4395, commits[dd0a3b65-d36c-4f93-b232-3c8e6f6667b6:c4396]
2019-09-18 13:04:40,800 [grpc-default-executor-0] INFO  client.GrpcClientProtocolClient (GrpcClientProtocolClient.java:onNext(264)) - client-8C798EE064B2->dd0a3b65-d36c-4f93-b232-3c8e6f6667b6: receive RaftClientReply:client-8C798EE064B2->dd0a3b65-d36c-4f93-b232-3c8e6f6667b6@group-B02456D89C11, cid=3140, SUCCESS, logIndex=4396, commits[dd0a3b65-d36c-4f93-b232-3c8e6f6667b6:c4397]
2019-09-18 13:04:40,816 [SCMBlockDeletingService#1] DEBUG block.SCMBlockDeletingService (SCMBlockDeletingService.java:call(138)) - Running DeletedBlockTransactionScanner
2019-09-18 13:04:40,816 [SCMBlockDeletingService#1] DEBUG block.SCMBlockDeletingService (SCMBlockDeletingService.java:call(155)) - Scanned deleted blocks log and got 0 delTX to process.
2019-09-18 13:04:40,817 [grpc-default-executor-0] INFO  client.GrpcClientProtocolClient (GrpcClientProtocolClient.java:onNext(264)) - client-8C798EE064B2->dd0a3b65-d36c-4f93-b232-3c8e6f6667b6: receive RaftClientReply:client-8C798EE064B2->dd0a3b65-d36c-4f93-b232-3c8e6f6667b6@group-B02456D89C11, cid=3141, SUCCESS, logIndex=4398, commits[dd0a3b65-d36c-4f93-b232-3c8e6f6667b6:c4399]
2019-09-18 13:04:40,817 [grpc-default-executor-0] INFO  client.GrpcClientProtocolClient (GrpcClientProtocolClient.java:onNext(264)) - client-8C798EE064B2->dd0a3b65-d36c-4f93-b232-3c8e6f6667b6: receive RaftClientReply:client-8C798EE064B2->dd0a3b65-d36c-4f93-b232-3c8e6f6667b6@group-B02456D89C11, cid=3142, SUCCESS, logIndex=4399, commits[dd0a3b65-d36c-4f93-b232-3c8e6f6667b6:c4399]
2019-09-18 13:04:40,826 [grpc-default-executor-0] INFO  client.GrpcClientProtocolClient (GrpcClientProtocolClient.java:onNext(264)) - client-8C798EE064B2->dd0a3b65-d36c-4f93-b232-3c8e6f6667b6: receive RaftClientReply:client-8C798EE064B2->dd0a3b65-d36c-4f93-b232-3c8e6f6667b6@group-B02456D89C11, cid=3143, SUCCESS, logIndex=4400, commits[dd0a3b65-d36c-4f93-b232-3c8e6f6667b6:c4401]
2019-09-18 13:04:40,826 [grpc-default-executor-0] INFO  client.GrpcClientProtocolClient (GrpcClientProtocolClient.java:onNext(264)) - client-8C798EE064B2->dd0a3b65-d36c-4f93-b232-3c8e6f6667b6: receive RaftClientReply:client-8C798EE064B2->dd0a3b65-d36c-4f93-b232-3c8e6f6667b6@group-B02456D89C11, cid=3144, SUCCESS, logIndex=4401, commits[dd0a3b65-d36c-4f93-b232-3c8e6f6667b6:c4402]
2019-09-18 13:04:40,850 [grpc-default-executor-0] INFO  client.GrpcClientProtocolClient (GrpcClientProtocolClient.java:onNext(264)) - client-8C798EE064B2->dd0a3b65-d36c-4f93-b232-3c8e6f6667b6: receive RaftClientReply:client-8C798EE064B2->dd0a3b65-d36c-4f93-b232-3c8e6f6667b6@group-B02456D89C11, cid=3145, SUCCESS, logIndex=4404, commits[dd0a3b65-d36c-4f93-b232-3c8e6f6667b6:c4405]
2019-09-18 13:04:40,850 [grpc-default-executor-0] INFO  client.GrpcClientProtocolClient (GrpcClientProtocolClient.java:onNext(264)) - client-8C798EE064B2->dd0a3b65-d36c-4f93-b232-3c8e6f6667b6: receive RaftClientReply:client-8C798EE064B2->dd0a3b65-d36c-4f93-b232-3c8e6f6667b6@group-B02456D89C11, cid=3146, SUCCESS, logIndex=4405, commits[dd0a3b65-d36c-4f93-b232-3c8e6f6667b6:c4405]
2019-09-18 13:04:40,916 [SCMBlockDeletingService#1] DEBUG block.SCMBlockDeletingService (SCMBlockDeletingService.java:call(138)) - Running DeletedBlockTransactionScanner
2019-09-18 13:04:40,917 [SCMBlockDeletingService#1] DEBUG block.SCMBlockDeletingService (SCMBlockDeletingService.java:call(155)) - Scanned deleted blocks log and got 0 delTX to process.
2019-09-18 13:04:40,921 [grpc-default-executor-0] INFO  client.GrpcClientProtocolClient (GrpcClientProtocolClient.java:onNext(264)) - client-8C798EE064B2->dd0a3b65-d36c-4f93-b232-3c8e6f6667b6: receive RaftClientReply:client-8C798EE064B2->dd0a3b65-d36c-4f93-b232-3c8e6f6667b6@group-B02456D89C11, cid=3147, SUCCESS, logIndex=4406, commits[dd0a3b65-d36c-4f93-b232-3c8e6f6667b6:c4409]
2019-09-18 13:04:40,922 [grpc-default-executor-0] INFO  client.GrpcClientProtocolClient (GrpcClientProtocolClient.java:onNext(264)) - client-8C798EE064B2->dd0a3b65-d36c-4f93-b232-3c8e6f6667b6: receive RaftClientReply:client-8C798EE064B2->dd0a3b65-d36c-4f93-b232-3c8e6f6667b6@group-B02456D89C11, cid=3148, SUCCESS, logIndex=4407, commits[dd0a3b65-d36c-4f93-b232-3c8e6f6667b6:c4409]
2019-09-18 13:04:40,941 [grpc-default-executor-0] INFO  client.GrpcClientProtocolClient (GrpcClientProtocolClient.java:onNext(264)) - client-8C798EE064B2->dd0a3b65-d36c-4f93-b232-3c8e6f6667b6: receive RaftClientReply:client-8C798EE064B2->dd0a3b65-d36c-4f93-b232-3c8e6f6667b6@group-B02456D89C11, cid=3149, SUCCESS, logIndex=4410, commits[dd0a3b65-d36c-4f93-b232-3c8e6f6667b6:c4413]
2019-09-18 13:04:40,941 [grpc-default-executor-0] INFO  client.GrpcClientProtocolClient (GrpcClientProtocolClient.java:onNext(264)) - client-8C798EE064B2->dd0a3b65-d36c-4f93-b232-3c8e6f6667b6: receive RaftClientReply:client-8C798EE064B2->dd0a3b65-d36c-4f93-b232-3c8e6f6667b6@group-B02456D89C11, cid=3150, SUCCESS, logIndex=4411, commits[dd0a3b65-d36c-4f93-b232-3c8e6f6667b6:c4414]
2019-09-18 13:04:40,942 [grpc-default-executor-0] INFO  client.GrpcClientProtocolClient (GrpcClientProtocolClient.java:onNext(264)) - client-8C798EE064B2->dd0a3b65-d36c-4f93-b232-3c8e6f6667b6: receive RaftClientReply:client-8C798EE064B2->dd0a3b65-d36c-4f93-b232-3c8e6f6667b6@group-B02456D89C11, cid=3151, SUCCESS, logIndex=4412, commits[dd0a3b65-d36c-4f93-b232-3c8e6f6667b6:c4414]
2019-09-18 13:04:40,942 [grpc-default-executor-0] INFO  client.GrpcClientProtocolClient (GrpcClientProtocolClient.java:onNext(264)) - client-8C798EE064B2->dd0a3b65-d36c-4f93-b232-3c8e6f6667b6: receive RaftClientReply:client-8C798EE064B2->dd0a3b65-d36c-4f93-b232-3c8e6f6667b6@group-B02456D89C11, cid=3152, SUCCESS, logIndex=4413, commits[dd0a3b65-d36c-4f93-b232-3c8e6f6667b6:c4414]
2019-09-18 13:04:40,972 [grpc-default-executor-0] INFO  client.GrpcClientProtocolClient (GrpcClientProtocolClient.java:onNext(264)) - client-8C798EE064B2->dd0a3b65-d36c-4f93-b232-3c8e6f6667b6: receive RaftClientReply:client-8C798EE064B2->dd0a3b65-d36c-4f93-b232-3c8e6f6667b6@group-B02456D89C11, cid=3153, SUCCESS, logIndex=4415, commits[dd0a3b65-d36c-4f93-b232-3c8e6f6667b6:c4418]
2019-09-18 13:04:40,973 [grpc-default-executor-0] INFO  client.GrpcClientProtocolClient (GrpcClientProtocolClient.java:onNext(264)) - client-8C798EE064B2->dd0a3b65-d36c-4f93-b232-3c8e6f6667b6: receive RaftClientReply:client-8C798EE064B2->dd0a3b65-d36c-4f93-b232-3c8e6f6667b6@group-B02456D89C11, cid=3154, SUCCESS, logIndex=4416, commits[dd0a3b65-d36c-4f93-b232-3c8e6f6667b6:c4419]
2019-09-18 13:04:40,973 [grpc-default-executor-0] INFO  client.GrpcClientProtocolClient (GrpcClientProtocolClient.java:onNext(264)) - client-8C798EE064B2->dd0a3b65-d36c-4f93-b232-3c8e6f6667b6: receive RaftClientReply:client-8C798EE064B2->dd0a3b65-d36c-4f93-b232-3c8e6f6667b6@group-B02456D89C11, cid=3155, SUCCESS, logIndex=4417, commits[dd0a3b65-d36c-4f93-b232-3c8e6f6667b6:c4419]
2019-09-18 13:04:40,973 [grpc-default-executor-0] INFO  client.GrpcClientProtocolClient (GrpcClientProtocolClient.java:onNext(264)) - client-8C798EE064B2->dd0a3b65-d36c-4f93-b232-3c8e6f6667b6: receive RaftClientReply:client-8C798EE064B2->dd0a3b65-d36c-4f93-b232-3c8e6f6667b6@group-B02456D89C11, cid=3156, SUCCESS, logIndex=4418, commits[dd0a3b65-d36c-4f93-b232-3c8e6f6667b6:c4419]
2019-09-18 13:04:40,993 [grpc-default-executor-0] INFO  client.GrpcClientProtocolClient (GrpcClientProtocolClient.java:onNext(264)) - client-8C798EE064B2->dd0a3b65-d36c-4f93-b232-3c8e6f6667b6: receive RaftClientReply:client-8C798EE064B2->dd0a3b65-d36c-4f93-b232-3c8e6f6667b6@group-B02456D89C11, cid=3157, SUCCESS, logIndex=4420, commits[dd0a3b65-d36c-4f93-b232-3c8e6f6667b6:c4423]
2019-09-18 13:04:40,993 [grpc-default-executor-0] INFO  client.GrpcClientProtocolClient (GrpcClientProtocolClient.java:onNext(264)) - client-8C798EE064B2->dd0a3b65-d36c-4f93-b232-3c8e6f6667b6: receive RaftClientReply:client-8C798EE064B2->dd0a3b65-d36c-4f93-b232-3c8e6f6667b6@group-B02456D89C11, cid=3158, SUCCESS, logIndex=4421, commits[dd0a3b65-d36c-4f93-b232-3c8e6f6667b6:c4424]
2019-09-18 13:04:40,993 [grpc-default-executor-0] INFO  client.GrpcClientProtocolClient (GrpcClientProtocolClient.java:onNext(264)) - client-8C798EE064B2->dd0a3b65-d36c-4f93-b232-3c8e6f6667b6: receive RaftClientReply:client-8C798EE064B2->dd0a3b65-d36c-4f93-b232-3c8e6f6667b6@group-B02456D89C11, cid=3159, SUCCESS, logIndex=4422, commits[dd0a3b65-d36c-4f93-b232-3c8e6f6667b6:c4424]
2019-09-18 13:04:40,993 [grpc-default-executor-0] INFO  client.GrpcClientProtocolClient (GrpcClientProtocolClient.java:onNext(264)) - client-8C798EE064B2->dd0a3b65-d36c-4f93-b232-3c8e6f6667b6: receive RaftClientReply:client-8C798EE064B2->dd0a3b65-d36c-4f93-b232-3c8e6f6667b6@group-B02456D89C11, cid=3160, SUCCESS, logIndex=4423, commits[dd0a3b65-d36c-4f93-b232-3c8e6f6667b6:c4424]
2019-09-18 13:04:41,017 [SCMBlockDeletingService#1] DEBUG block.SCMBlockDeletingService (SCMBlockDeletingService.java:call(138)) - Running DeletedBlockTransactionScanner
2019-09-18 13:04:41,017 [SCMBlockDeletingService#1] DEBUG block.SCMBlockDeletingService (SCMBlockDeletingService.java:call(155)) - Scanned deleted blocks log and got 0 delTX to process.
2019-09-18 13:04:41,025 [grpc-default-executor-1] INFO  client.GrpcClientProtocolClient (GrpcClientProtocolClient.java:onNext(264)) - client-8C798EE064B2->dd0a3b65-d36c-4f93-b232-3c8e6f6667b6: receive RaftClientReply:client-8C798EE064B2->dd0a3b65-d36c-4f93-b232-3c8e6f6667b6@group-B02456D89C11, cid=3161, SUCCESS, logIndex=4425, commits[dd0a3b65-d36c-4f93-b232-3c8e6f6667b6:c4426]
2019-09-18 13:04:41,025 [grpc-default-executor-1] INFO  client.GrpcClientProtocolClient (GrpcClientProtocolClient.java:onNext(264)) - client-8C798EE064B2->dd0a3b65-d36c-4f93-b232-3c8e6f6667b6: receive RaftClientReply:client-8C798EE064B2->dd0a3b65-d36c-4f93-b232-3c8e6f6667b6@group-B02456D89C11, cid=3162, SUCCESS, logIndex=4426, commits[dd0a3b65-d36c-4f93-b232-3c8e6f6667b6:c4428]
2019-09-18 13:04:41,026 [grpc-default-executor-1] INFO  client.GrpcClientProtocolClient (GrpcClientProtocolClient.java:onNext(264)) - client-8C798EE064B2->dd0a3b65-d36c-4f93-b232-3c8e6f6667b6: receive RaftClientReply:client-8C798EE064B2->dd0a3b65-d36c-4f93-b232-3c8e6f6667b6@group-B02456D89C11, cid=3163, SUCCESS, logIndex=4427, commits[dd0a3b65-d36c-4f93-b232-3c8e6f6667b6:c4428]
2019-09-18 13:04:41,026 [grpc-default-executor-1] INFO  client.GrpcClientProtocolClient (GrpcClientProtocolClient.java:onNext(264)) - client-8C798EE064B2->dd0a3b65-d36c-4f93-b232-3c8e6f6667b6: receive RaftClientReply:client-8C798EE064B2->dd0a3b65-d36c-4f93-b232-3c8e6f6667b6@group-B02456D89C11, cid=3164, SUCCESS, logIndex=4428, commits[dd0a3b65-d36c-4f93-b232-3c8e6f6667b6:c4428]
2019-09-18 13:04:41,044 [grpc-default-executor-1] INFO  client.GrpcClientProtocolClient (GrpcClientProtocolClient.java:onNext(264)) - client-8C798EE064B2->dd0a3b65-d36c-4f93-b232-3c8e6f6667b6: receive RaftClientReply:client-8C798EE064B2->dd0a3b65-d36c-4f93-b232-3c8e6f6667b6@group-B02456D89C11, cid=3165, SUCCESS, logIndex=4431, commits[dd0a3b65-d36c-4f93-b232-3c8e6f6667b6:c4432]
2019-09-18 13:04:41,044 [grpc-default-executor-1] INFO  client.GrpcClientProtocolClient (GrpcClientProtocolClient.java:onNext(264)) - client-8C798EE064B2->dd0a3b65-d36c-4f93-b232-3c8e6f6667b6: receive RaftClientReply:client-8C798EE064B2->dd0a3b65-d36c-4f93-b232-3c8e6f6667b6@group-B02456D89C11, cid=3166, SUCCESS, logIndex=4432, commits[dd0a3b65-d36c-4f93-b232-3c8e6f6667b6:c4434]
2019-09-18 13:04:41,045 [grpc-default-executor-1] INFO  client.GrpcClientProtocolClient (GrpcClientProtocolClient.java:onNext(264)) - client-8C798EE064B2->dd0a3b65-d36c-4f93-b232-3c8e6f6667b6: receive RaftClientReply:client-8C798EE064B2->dd0a3b65-d36c-4f93-b232-3c8e6f6667b6@group-B02456D89C11, cid=3167, SUCCESS, logIndex=4433, commits[dd0a3b65-d36c-4f93-b232-3c8e6f6667b6:c4434]
2019-09-18 13:04:41,045 [grpc-default-executor-1] INFO  client.GrpcClientProtocolClient (GrpcClientProtocolClient.java:onNext(264)) - client-8C798EE064B2->dd0a3b65-d36c-4f93-b232-3c8e6f6667b6: receive RaftClientReply:client-8C798EE064B2->dd0a3b65-d36c-4f93-b232-3c8e6f6667b6@group-B02456D89C11, cid=3168, SUCCESS, logIndex=4434, commits[dd0a3b65-d36c-4f93-b232-3c8e6f6667b6:c4435]
2019-09-18 13:04:41,090 [grpc-default-executor-1] INFO  client.GrpcClientProtocolClient (GrpcClientProtocolClient.java:onNext(264)) - client-8C798EE064B2->dd0a3b65-d36c-4f93-b232-3c8e6f6667b6: receive RaftClientReply:client-8C798EE064B2->dd0a3b65-d36c-4f93-b232-3c8e6f6667b6@group-B02456D89C11, cid=3169, SUCCESS, logIndex=4437, commits[dd0a3b65-d36c-4f93-b232-3c8e6f6667b6:c4440]
2019-09-18 13:04:41,091 [grpc-default-executor-1] INFO  client.GrpcClientProtocolClient (GrpcClientProtocolClient.java:onNext(264)) - client-8C798EE064B2->dd0a3b65-d36c-4f93-b232-3c8e6f6667b6: receive RaftClientReply:client-8C798EE064B2->dd0a3b65-d36c-4f93-b232-3c8e6f6667b6@group-B02456D89C11, cid=3170, SUCCESS, logIndex=4438, commits[dd0a3b65-d36c-4f93-b232-3c8e6f6667b6:c4441]
2019-09-18 13:04:41,091 [grpc-default-executor-1] INFO  client.GrpcClientProtocolClient (GrpcClientProtocolClient.java:onNext(264)) - client-8C798EE064B2->dd0a3b65-d36c-4f93-b232-3c8e6f6667b6: receive RaftClientReply:client-8C798EE064B2->dd0a3b65-d36c-4f93-b232-3c8e6f6667b6@group-B02456D89C11, cid=3171, SUCCESS, logIndex=4439, commits[dd0a3b65-d36c-4f93-b232-3c8e6f6667b6:c4441]
2019-09-18 13:04:41,091 [grpc-default-executor-1] INFO  client.GrpcClientProtocolClient (GrpcClientProtocolClient.java:onNext(264)) - client-8C798EE064B2->dd0a3b65-d36c-4f93-b232-3c8e6f6667b6: receive RaftClientReply:client-8C798EE064B2->dd0a3b65-d36c-4f93-b232-3c8e6f6667b6@group-B02456D89C11, cid=3172, SUCCESS, logIndex=4440, commits[dd0a3b65-d36c-4f93-b232-3c8e6f6667b6:c4441]
2019-09-18 13:04:41,110 [grpc-default-executor-1] INFO  client.GrpcClientProtocolClient (GrpcClientProtocolClient.java:onNext(264)) - client-8C798EE064B2->dd0a3b65-d36c-4f93-b232-3c8e6f6667b6: receive RaftClientReply:client-8C798EE064B2->dd0a3b65-d36c-4f93-b232-3c8e6f6667b6@group-B02456D89C11, cid=3173, SUCCESS, logIndex=4442, commits[dd0a3b65-d36c-4f93-b232-3c8e6f6667b6:c4443]
2019-09-18 13:04:41,110 [grpc-default-executor-1] INFO  client.GrpcClientProtocolClient (GrpcClientProtocolClient.java:onNext(264)) - client-8C798EE064B2->dd0a3b65-d36c-4f93-b232-3c8e6f6667b6: receive RaftClientReply:client-8C798EE064B2->dd0a3b65-d36c-4f93-b232-3c8e6f6667b6@group-B02456D89C11, cid=3174, SUCCESS, logIndex=4443, commits[dd0a3b65-d36c-4f93-b232-3c8e6f6667b6:c4443]
2019-09-18 13:04:41,117 [SCMBlockDeletingService#1] DEBUG block.SCMBlockDeletingService (SCMBlockDeletingService.java:call(138)) - Running DeletedBlockTransactionScanner
2019-09-18 13:04:41,118 [SCMBlockDeletingService#1] DEBUG block.SCMBlockDeletingService (SCMBlockDeletingService.java:call(155)) - Scanned deleted blocks log and got 0 delTX to process.
2019-09-18 13:04:41,125 [grpc-default-executor-1] INFO  client.GrpcClientProtocolClient (GrpcClientProtocolClient.java:onNext(264)) - client-8C798EE064B2->dd0a3b65-d36c-4f93-b232-3c8e6f6667b6: receive RaftClientReply:client-8C798EE064B2->dd0a3b65-d36c-4f93-b232-3c8e6f6667b6@group-B02456D89C11, cid=3175, SUCCESS, logIndex=4444, commits[dd0a3b65-d36c-4f93-b232-3c8e6f6667b6:c4445]
2019-09-18 13:04:41,126 [grpc-default-executor-1] INFO  client.GrpcClientProtocolClient (GrpcClientProtocolClient.java:onNext(264)) - client-8C798EE064B2->dd0a3b65-d36c-4f93-b232-3c8e6f6667b6: receive RaftClientReply:client-8C798EE064B2->dd0a3b65-d36c-4f93-b232-3c8e6f6667b6@group-B02456D89C11, cid=3176, SUCCESS, logIndex=4445, commits[dd0a3b65-d36c-4f93-b232-3c8e6f6667b6:c4446]
2019-09-18 13:04:41,154 [grpc-default-executor-1] INFO  client.GrpcClientProtocolClient (GrpcClientProtocolClient.java:onNext(264)) - client-8C798EE064B2->dd0a3b65-d36c-4f93-b232-3c8e6f6667b6: receive RaftClientReply:client-8C798EE064B2->dd0a3b65-d36c-4f93-b232-3c8e6f6667b6@group-B02456D89C11, cid=3177, SUCCESS, logIndex=4448, commits[dd0a3b65-d36c-4f93-b232-3c8e6f6667b6:c4449]
2019-09-18 13:04:41,154 [grpc-default-executor-1] INFO  client.GrpcClientProtocolClient (GrpcClientProtocolClient.java:onNext(264)) - client-8C798EE064B2->dd0a3b65-d36c-4f93-b232-3c8e6f6667b6: receive RaftClientReply:client-8C798EE064B2->dd0a3b65-d36c-4f93-b232-3c8e6f6667b6@group-B02456D89C11, cid=3178, SUCCESS, logIndex=4449, commits[dd0a3b65-d36c-4f93-b232-3c8e6f6667b6:c4449]
2019-09-18 13:04:41,155 [grpc-default-executor-1] INFO  client.GrpcClientProtocolClient (GrpcClientProtocolClient.java:onNext(264)) - client-8C798EE064B2->dd0a3b65-d36c-4f93-b232-3c8e6f6667b6: receive RaftClientReply:client-8C798EE064B2->dd0a3b65-d36c-4f93-b232-3c8e6f6667b6@group-B02456D89C11, cid=3179, SUCCESS, logIndex=4450, commits[dd0a3b65-d36c-4f93-b232-3c8e6f6667b6:c4451]
2019-09-18 13:04:41,156 [grpc-default-executor-1] INFO  client.GrpcClientProtocolClient (GrpcClientProtocolClient.java:onNext(264)) - client-8C798EE064B2->dd0a3b65-d36c-4f93-b232-3c8e6f6667b6: receive RaftClientReply:client-8C798EE064B2->dd0a3b65-d36c-4f93-b232-3c8e6f6667b6@group-B02456D89C11, cid=3180, SUCCESS, logIndex=4451, commits[dd0a3b65-d36c-4f93-b232-3c8e6f6667b6:c4451]
2019-09-18 13:04:41,239 [SCMBlockDeletingService#0] DEBUG block.SCMBlockDeletingService (SCMBlockDeletingService.java:call(138)) - Running DeletedBlockTransactionScanner
2019-09-18 13:04:41,239 [SCMBlockDeletingService#0] DEBUG block.SCMBlockDeletingService (SCMBlockDeletingService.java:call(155)) - Scanned deleted blocks log and got 0 delTX to process.
2019-09-18 13:04:41,254 [grpc-default-executor-0] INFO  client.GrpcClientProtocolClient (GrpcClientProtocolClient.java:onNext(264)) - client-8C798EE064B2->dd0a3b65-d36c-4f93-b232-3c8e6f6667b6: receive RaftClientReply:client-8C798EE064B2->dd0a3b65-d36c-4f93-b232-3c8e6f6667b6@group-B02456D89C11, cid=3181, SUCCESS, logIndex=4454, commits[dd0a3b65-d36c-4f93-b232-3c8e6f6667b6:c4455]
2019-09-18 13:04:41,254 [grpc-default-executor-0] INFO  client.GrpcClientProtocolClient (GrpcClientProtocolClient.java:onNext(264)) - client-8C798EE064B2->dd0a3b65-d36c-4f93-b232-3c8e6f6667b6: receive RaftClientReply:client-8C798EE064B2->dd0a3b65-d36c-4f93-b232-3c8e6f6667b6@group-B02456D89C11, cid=3182, SUCCESS, logIndex=4455, commits[dd0a3b65-d36c-4f93-b232-3c8e6f6667b6:c4455]
2019-09-18 13:04:41,340 [SCMBlockDeletingService#0] DEBUG block.SCMBlockDeletingService (SCMBlockDeletingService.java:call(138)) - Running DeletedBlockTransactionScanner
2019-09-18 13:04:41,340 [SCMBlockDeletingService#0] DEBUG block.SCMBlockDeletingService (SCMBlockDeletingService.java:call(155)) - Scanned deleted blocks log and got 0 delTX to process.
2019-09-18 13:04:41,342 [grpc-default-executor-1] INFO  client.GrpcClientProtocolClient (GrpcClientProtocolClient.java:onNext(264)) - client-8C798EE064B2->dd0a3b65-d36c-4f93-b232-3c8e6f6667b6: receive RaftClientReply:client-8C798EE064B2->dd0a3b65-d36c-4f93-b232-3c8e6f6667b6@group-B02456D89C11, cid=3183, SUCCESS, logIndex=4457, commits[dd0a3b65-d36c-4f93-b232-3c8e6f6667b6:c4458]
2019-09-18 13:04:41,343 [grpc-default-executor-1] INFO  client.GrpcClientProtocolClient (GrpcClientProtocolClient.java:onNext(264)) - client-8C798EE064B2->dd0a3b65-d36c-4f93-b232-3c8e6f6667b6: receive RaftClientReply:client-8C798EE064B2->dd0a3b65-d36c-4f93-b232-3c8e6f6667b6@group-B02456D89C11, cid=3184, SUCCESS, logIndex=4458, commits[dd0a3b65-d36c-4f93-b232-3c8e6f6667b6:c4458]
2019-09-18 13:04:41,365 [grpc-default-executor-0] INFO  client.GrpcClientProtocolClient (GrpcClientProtocolClient.java:onNext(264)) - client-8C798EE064B2->dd0a3b65-d36c-4f93-b232-3c8e6f6667b6: receive RaftClientReply:client-8C798EE064B2->dd0a3b65-d36c-4f93-b232-3c8e6f6667b6@group-B02456D89C11, cid=3185, SUCCESS, logIndex=4460, commits[dd0a3b65-d36c-4f93-b232-3c8e6f6667b6:c4461]
2019-09-18 13:04:41,366 [grpc-default-executor-0] INFO  client.GrpcClientProtocolClient (GrpcClientProtocolClient.java:onNext(264)) - client-8C798EE064B2->dd0a3b65-d36c-4f93-b232-3c8e6f6667b6: receive RaftClientReply:client-8C798EE064B2->dd0a3b65-d36c-4f93-b232-3c8e6f6667b6@group-B02456D89C11, cid=3186, SUCCESS, logIndex=4461, commits[dd0a3b65-d36c-4f93-b232-3c8e6f6667b6:c4463]
2019-09-18 13:04:41,366 [grpc-default-executor-0] INFO  client.GrpcClientProtocolClient (GrpcClientProtocolClient.java:onNext(264)) - client-8C798EE064B2->dd0a3b65-d36c-4f93-b232-3c8e6f6667b6: receive RaftClientReply:client-8C798EE064B2->dd0a3b65-d36c-4f93-b232-3c8e6f6667b6@group-B02456D89C11, cid=3187, SUCCESS, logIndex=4462, commits[dd0a3b65-d36c-4f93-b232-3c8e6f6667b6:c4463]
2019-09-18 13:04:41,366 [grpc-default-executor-0] INFO  client.GrpcClientProtocolClient (GrpcClientProtocolClient.java:onNext(264)) - client-8C798EE064B2->dd0a3b65-d36c-4f93-b232-3c8e6f6667b6: receive RaftClientReply:client-8C798EE064B2->dd0a3b65-d36c-4f93-b232-3c8e6f6667b6@group-B02456D89C11, cid=3188, SUCCESS, logIndex=4463, commits[dd0a3b65-d36c-4f93-b232-3c8e6f6667b6:c4463]
2019-09-18 13:04:41,390 [grpc-default-executor-0] INFO  client.GrpcClientProtocolClient (GrpcClientProtocolClient.java:onNext(264)) - client-8C798EE064B2->dd0a3b65-d36c-4f93-b232-3c8e6f6667b6: receive RaftClientReply:client-8C798EE064B2->dd0a3b65-d36c-4f93-b232-3c8e6f6667b6@group-B02456D89C11, cid=3189, SUCCESS, logIndex=4466, commits[dd0a3b65-d36c-4f93-b232-3c8e6f6667b6:c4467]
2019-09-18 13:04:41,390 [grpc-default-executor-0] INFO  client.GrpcClientProtocolClient (GrpcClientProtocolClient.java:onNext(264)) - client-8C798EE064B2->dd0a3b65-d36c-4f93-b232-3c8e6f6667b6: receive RaftClientReply:client-8C798EE064B2->dd0a3b65-d36c-4f93-b232-3c8e6f6667b6@group-B02456D89C11, cid=3190, SUCCESS, logIndex=4467, commits[dd0a3b65-d36c-4f93-b232-3c8e6f6667b6:c4467]
2019-09-18 13:04:41,391 [grpc-default-executor-0] INFO  client.GrpcClientProtocolClient (GrpcClientProtocolClient.java:onNext(264)) - client-8C798EE064B2->dd0a3b65-d36c-4f93-b232-3c8e6f6667b6: receive RaftClientReply:client-8C798EE064B2->dd0a3b65-d36c-4f93-b232-3c8e6f6667b6@group-B02456D89C11, cid=3191, SUCCESS, logIndex=4468, commits[dd0a3b65-d36c-4f93-b232-3c8e6f6667b6:c4469]
2019-09-18 13:04:41,391 [grpc-default-executor-0] INFO  client.GrpcClientProtocolClient (GrpcClientProtocolClient.java:onNext(264)) - client-8C798EE064B2->dd0a3b65-d36c-4f93-b232-3c8e6f6667b6: receive RaftClientReply:client-8C798EE064B2->dd0a3b65-d36c-4f93-b232-3c8e6f6667b6@group-B02456D89C11, cid=3192, SUCCESS, logIndex=4469, commits[dd0a3b65-d36c-4f93-b232-3c8e6f6667b6:c4469]
2019-09-18 13:04:41,416 [grpc-default-executor-0] INFO  client.GrpcClientProtocolClient (GrpcClientProtocolClient.java:onNext(264)) - client-8C798EE064B2->dd0a3b65-d36c-4f93-b232-3c8e6f6667b6: receive RaftClientReply:client-8C798EE064B2->dd0a3b65-d36c-4f93-b232-3c8e6f6667b6@group-B02456D89C11, cid=3193, SUCCESS, logIndex=4472, commits[dd0a3b65-d36c-4f93-b232-3c8e6f6667b6:c4473]
2019-09-18 13:04:41,416 [grpc-default-executor-0] INFO  client.GrpcClientProtocolClient (GrpcClientProtocolClient.java:onNext(264)) - client-8C798EE064B2->dd0a3b65-d36c-4f93-b232-3c8e6f6667b6: receive RaftClientReply:client-8C798EE064B2->dd0a3b65-d36c-4f93-b232-3c8e6f6667b6@group-B02456D89C11, cid=3194, SUCCESS, logIndex=4473, commits[dd0a3b65-d36c-4f93-b232-3c8e6f6667b6:c4473]
2019-09-18 13:04:41,418 [grpc-default-executor-0] INFO  client.GrpcClientProtocolClient (GrpcClientProtocolClient.java:onNext(264)) - client-8C798EE064B2->dd0a3b65-d36c-4f93-b232-3c8e6f6667b6: receive RaftClientReply:client-8C798EE064B2->dd0a3b65-d36c-4f93-b232-3c8e6f6667b6@group-B02456D89C11, cid=3195, SUCCESS, logIndex=4474, commits[dd0a3b65-d36c-4f93-b232-3c8e6f6667b6:c4475]
2019-09-18 13:04:41,418 [grpc-default-executor-0] INFO  client.GrpcClientProtocolClient (GrpcClientProtocolClient.java:onNext(264)) - client-8C798EE064B2->dd0a3b65-d36c-4f93-b232-3c8e6f6667b6: receive RaftClientReply:client-8C798EE064B2->dd0a3b65-d36c-4f93-b232-3c8e6f6667b6@group-B02456D89C11, cid=3196, SUCCESS, logIndex=4475, commits[dd0a3b65-d36c-4f93-b232-3c8e6f6667b6:c4475]
2019-09-18 13:04:41,430 [grpc-default-executor-1] INFO  client.GrpcClientProtocolClient (GrpcClientProtocolClient.java:onNext(264)) - client-8C798EE064B2->dd0a3b65-d36c-4f93-b232-3c8e6f6667b6: receive RaftClientReply:client-8C798EE064B2->dd0a3b65-d36c-4f93-b232-3c8e6f6667b6@group-B02456D89C11, cid=3197, SUCCESS, logIndex=4478, commits[dd0a3b65-d36c-4f93-b232-3c8e6f6667b6:c4481]
2019-09-18 13:04:41,430 [grpc-default-executor-1] INFO  client.GrpcClientProtocolClient (GrpcClientProtocolClient.java:onNext(264)) - client-8C798EE064B2->dd0a3b65-d36c-4f93-b232-3c8e6f6667b6: receive RaftClientReply:client-8C798EE064B2->dd0a3b65-d36c-4f93-b232-3c8e6f6667b6@group-B02456D89C11, cid=3198, SUCCESS, logIndex=4479, commits[dd0a3b65-d36c-4f93-b232-3c8e6f6667b6:c4482]
2019-09-18 13:04:41,430 [grpc-default-executor-1] INFO  client.GrpcClientProtocolClient (GrpcClientProtocolClient.java:onNext(264)) - client-8C798EE064B2->dd0a3b65-d36c-4f93-b232-3c8e6f6667b6: receive RaftClientReply:client-8C798EE064B2->dd0a3b65-d36c-4f93-b232-3c8e6f6667b6@group-B02456D89C11, cid=3199, SUCCESS, logIndex=4480, commits[dd0a3b65-d36c-4f93-b232-3c8e6f6667b6:c4482]
2019-09-18 13:04:41,430 [grpc-default-executor-1] INFO  client.GrpcClientProtocolClient (GrpcClientProtocolClient.java:onNext(264)) - client-8C798EE064B2->dd0a3b65-d36c-4f93-b232-3c8e6f6667b6: receive RaftClientReply:client-8C798EE064B2->dd0a3b65-d36c-4f93-b232-3c8e6f6667b6@group-B02456D89C11, cid=3200, SUCCESS, logIndex=4481, commits[dd0a3b65-d36c-4f93-b232-3c8e6f6667b6:c4482]
2019-09-18 13:04:41,440 [SCMBlockDeletingService#0] DEBUG block.SCMBlockDeletingService (SCMBlockDeletingService.java:call(138)) - Running DeletedBlockTransactionScanner
2019-09-18 13:04:41,440 [SCMBlockDeletingService#0] DEBUG block.SCMBlockDeletingService (SCMBlockDeletingService.java:call(155)) - Scanned deleted blocks log and got 0 delTX to process.
2019-09-18 13:04:41,461 [grpc-default-executor-0] INFO  client.GrpcClientProtocolClient (GrpcClientProtocolClient.java:onNext(264)) - client-8C798EE064B2->dd0a3b65-d36c-4f93-b232-3c8e6f6667b6: receive RaftClientReply:client-8C798EE064B2->dd0a3b65-d36c-4f93-b232-3c8e6f6667b6@group-B02456D89C11, cid=3201, SUCCESS, logIndex=4483, commits[dd0a3b65-d36c-4f93-b232-3c8e6f6667b6:c4486]
2019-09-18 13:04:41,462 [grpc-default-executor-0] INFO  client.GrpcClientProtocolClient (GrpcClientProtocolClient.java:onNext(264)) - client-8C798EE064B2->dd0a3b65-d36c-4f93-b232-3c8e6f6667b6: receive RaftClientReply:client-8C798EE064B2->dd0a3b65-d36c-4f93-b232-3c8e6f6667b6@group-B02456D89C11, cid=3202, SUCCESS, logIndex=4484, commits[dd0a3b65-d36c-4f93-b232-3c8e6f6667b6:c4486]
2019-09-18 13:04:41,462 [grpc-default-executor-0] INFO  client.GrpcClientProtocolClient (GrpcClientProtocolClient.java:onNext(264)) - client-8C798EE064B2->dd0a3b65-d36c-4f93-b232-3c8e6f6667b6: receive RaftClientReply:client-8C798EE064B2->dd0a3b65-d36c-4f93-b232-3c8e6f6667b6@group-B02456D89C11, cid=3203, SUCCESS, logIndex=4485, commits[dd0a3b65-d36c-4f93-b232-3c8e6f6667b6:c4487]
2019-09-18 13:04:41,462 [grpc-default-executor-0] INFO  client.GrpcClientProtocolClient (GrpcClientProtocolClient.java:onNext(264)) - client-8C798EE064B2->dd0a3b65-d36c-4f93-b232-3c8e6f6667b6: receive RaftClientReply:client-8C798EE064B2->dd0a3b65-d36c-4f93-b232-3c8e6f6667b6@group-B02456D89C11, cid=3204, SUCCESS, logIndex=4486, commits[dd0a3b65-d36c-4f93-b232-3c8e6f6667b6:c4487]
2019-09-18 13:04:41,481 [grpc-default-executor-0] INFO  client.GrpcClientProtocolClient (GrpcClientProtocolClient.java:onNext(264)) - client-8C798EE064B2->dd0a3b65-d36c-4f93-b232-3c8e6f6667b6: receive RaftClientReply:client-8C798EE064B2->dd0a3b65-d36c-4f93-b232-3c8e6f6667b6@group-B02456D89C11, cid=3205, SUCCESS, logIndex=4488, commits[dd0a3b65-d36c-4f93-b232-3c8e6f6667b6:c4491]
2019-09-18 13:04:41,482 [grpc-default-executor-0] INFO  client.GrpcClientProtocolClient (GrpcClientProtocolClient.java:onNext(264)) - client-8C798EE064B2->dd0a3b65-d36c-4f93-b232-3c8e6f6667b6: receive RaftClientReply:client-8C798EE064B2->dd0a3b65-d36c-4f93-b232-3c8e6f6667b6@group-B02456D89C11, cid=3206, SUCCESS, logIndex=4489, commits[dd0a3b65-d36c-4f93-b232-3c8e6f6667b6:c4492]
2019-09-18 13:04:41,482 [grpc-default-executor-1] INFO  client.GrpcClientProtocolClient (GrpcClientProtocolClient.java:onNext(264)) - client-8C798EE064B2->dd0a3b65-d36c-4f93-b232-3c8e6f6667b6: receive RaftClientReply:client-8C798EE064B2->dd0a3b65-d36c-4f93-b232-3c8e6f6667b6@group-B02456D89C11, cid=3207, SUCCESS, logIndex=4490, commits[dd0a3b65-d36c-4f93-b232-3c8e6f6667b6:c4492]
2019-09-18 13:04:41,482 [grpc-default-executor-1] INFO  client.GrpcClientProtocolClient (GrpcClientProtocolClient.java:onNext(264)) - client-8C798EE064B2->dd0a3b65-d36c-4f93-b232-3c8e6f6667b6: receive RaftClientReply:client-8C798EE064B2->dd0a3b65-d36c-4f93-b232-3c8e6f6667b6@group-B02456D89C11, cid=3208, SUCCESS, logIndex=4491, commits[dd0a3b65-d36c-4f93-b232-3c8e6f6667b6:c4492]
2019-09-18 13:04:41,509 [grpc-default-executor-0] INFO  client.GrpcClientProtocolClient (GrpcClientProtocolClient.java:onNext(264)) - client-8C798EE064B2->dd0a3b65-d36c-4f93-b232-3c8e6f6667b6: receive RaftClientReply:client-8C798EE064B2->dd0a3b65-d36c-4f93-b232-3c8e6f6667b6@group-B02456D89C11, cid=3209, SUCCESS, logIndex=4493, commits[dd0a3b65-d36c-4f93-b232-3c8e6f6667b6:c4496]
2019-09-18 13:04:41,509 [grpc-default-executor-0] INFO  client.GrpcClientProtocolClient (GrpcClientProtocolClient.java:onNext(264)) - client-8C798EE064B2->dd0a3b65-d36c-4f93-b232-3c8e6f6667b6: receive RaftClientReply:client-8C798EE064B2->dd0a3b65-d36c-4f93-b232-3c8e6f6667b6@group-B02456D89C11, cid=3210, SUCCESS, logIndex=4494, commits[dd0a3b65-d36c-4f93-b232-3c8e6f6667b6:c4496]
2019-09-18 13:04:41,510 [grpc-default-executor-0] INFO  client.GrpcClientProtocolClient (GrpcClientProtocolClient.java:onNext(264)) - client-8C798EE064B2->dd0a3b65-d36c-4f93-b232-3c8e6f6667b6: receive RaftClientReply:client-8C798EE064B2->dd0a3b65-d36c-4f93-b232-3c8e6f6667b6@group-B02456D89C11, cid=3211, SUCCESS, logIndex=4495, commits[dd0a3b65-d36c-4f93-b232-3c8e6f6667b6:c4497]
2019-09-18 13:04:41,510 [grpc-default-executor-0] INFO  client.GrpcClientProtocolClient (GrpcClientProtocolClient.java:onNext(264)) - client-8C798EE064B2->dd0a3b65-d36c-4f93-b232-3c8e6f6667b6: receive RaftClientReply:client-8C798EE064B2->dd0a3b65-d36c-4f93-b232-3c8e6f6667b6@group-B02456D89C11, cid=3212, SUCCESS, logIndex=4496, commits[dd0a3b65-d36c-4f93-b232-3c8e6f6667b6:c4497]
2019-09-18 13:04:41,528 [grpc-default-executor-0] INFO  client.GrpcClientProtocolClient (GrpcClientProtocolClient.java:onNext(264)) - client-8C798EE064B2->dd0a3b65-d36c-4f93-b232-3c8e6f6667b6: receive RaftClientReply:client-8C798EE064B2->dd0a3b65-d36c-4f93-b232-3c8e6f6667b6@group-B02456D89C11, cid=3213, SUCCESS, logIndex=4498, commits[dd0a3b65-d36c-4f93-b232-3c8e6f6667b6:c4499]
2019-09-18 13:04:41,528 [grpc-default-executor-0] INFO  client.GrpcClientProtocolClient (GrpcClientProtocolClient.java:onNext(264)) - client-8C798EE064B2->dd0a3b65-d36c-4f93-b232-3c8e6f6667b6: receive RaftClientReply:client-8C798EE064B2->dd0a3b65-d36c-4f93-b232-3c8e6f6667b6@group-B02456D89C11, cid=3214, SUCCESS, logIndex=4499, commits[dd0a3b65-d36c-4f93-b232-3c8e6f6667b6:c4501]
2019-09-18 13:04:41,528 [grpc-default-executor-0] INFO  client.GrpcClientProtocolClient (GrpcClientProtocolClient.java:onNext(264)) - client-8C798EE064B2->dd0a3b65-d36c-4f93-b232-3c8e6f6667b6: receive RaftClientReply:client-8C798EE064B2->dd0a3b65-d36c-4f93-b232-3c8e6f6667b6@group-B02456D89C11, cid=3215, SUCCESS, logIndex=4500, commits[dd0a3b65-d36c-4f93-b232-3c8e6f6667b6:c4501]
2019-09-18 13:04:41,528 [grpc-default-executor-0] INFO  client.GrpcClientProtocolClient (GrpcClientProtocolClient.java:onNext(264)) - client-8C798EE064B2->dd0a3b65-d36c-4f93-b232-3c8e6f6667b6: receive RaftClientReply:client-8C798EE064B2->dd0a3b65-d36c-4f93-b232-3c8e6f6667b6@group-B02456D89C11, cid=3216, SUCCESS, logIndex=4501, commits[dd0a3b65-d36c-4f93-b232-3c8e6f6667b6:c4502]
2019-09-18 13:04:41,541 [SCMBlockDeletingService#0] DEBUG block.SCMBlockDeletingService (SCMBlockDeletingService.java:call(138)) - Running DeletedBlockTransactionScanner
2019-09-18 13:04:41,541 [SCMBlockDeletingService#0] DEBUG block.SCMBlockDeletingService (SCMBlockDeletingService.java:call(155)) - Scanned deleted blocks log and got 0 delTX to process.
2019-09-18 13:04:41,552 [grpc-default-executor-0] INFO  client.GrpcClientProtocolClient (GrpcClientProtocolClient.java:onNext(264)) - client-8C798EE064B2->dd0a3b65-d36c-4f93-b232-3c8e6f6667b6: receive RaftClientReply:client-8C798EE064B2->dd0a3b65-d36c-4f93-b232-3c8e6f6667b6@group-B02456D89C11, cid=3217, SUCCESS, logIndex=4504, commits[dd0a3b65-d36c-4f93-b232-3c8e6f6667b6:c4505]
2019-09-18 13:04:41,553 [grpc-default-executor-0] INFO  client.GrpcClientProtocolClient (GrpcClientProtocolClient.java:onNext(264)) - client-8C798EE064B2->dd0a3b65-d36c-4f93-b232-3c8e6f6667b6: receive RaftClientReply:client-8C798EE064B2->dd0a3b65-d36c-4f93-b232-3c8e6f6667b6@group-B02456D89C11, cid=3218, SUCCESS, logIndex=4505, commits[dd0a3b65-d36c-4f93-b232-3c8e6f6667b6:c4507]
2019-09-18 13:04:41,553 [grpc-default-executor-0] INFO  client.GrpcClientProtocolClient (GrpcClientProtocolClient.java:onNext(264)) - client-8C798EE064B2->dd0a3b65-d36c-4f93-b232-3c8e6f6667b6: receive RaftClientReply:client-8C798EE064B2->dd0a3b65-d36c-4f93-b232-3c8e6f6667b6@group-B02456D89C11, cid=3219, SUCCESS, logIndex=4506, commits[dd0a3b65-d36c-4f93-b232-3c8e6f6667b6:c4508]
2019-09-18 13:04:41,553 [grpc-default-executor-0] INFO  client.GrpcClientProtocolClient (GrpcClientProtocolClient.java:onNext(264)) - client-8C798EE064B2->dd0a3b65-d36c-4f93-b232-3c8e6f6667b6: receive RaftClientReply:client-8C798EE064B2->dd0a3b65-d36c-4f93-b232-3c8e6f6667b6@group-B02456D89C11, cid=3220, SUCCESS, logIndex=4507, commits[dd0a3b65-d36c-4f93-b232-3c8e6f6667b6:c4508]
2019-09-18 13:04:41,572 [grpc-default-executor-1] INFO  client.GrpcClientProtocolClient (GrpcClientProtocolClient.java:onNext(264)) - client-8C798EE064B2->dd0a3b65-d36c-4f93-b232-3c8e6f6667b6: receive RaftClientReply:client-8C798EE064B2->dd0a3b65-d36c-4f93-b232-3c8e6f6667b6@group-B02456D89C11, cid=3221, SUCCESS, logIndex=4510, commits[dd0a3b65-d36c-4f93-b232-3c8e6f6667b6:c4513]
2019-09-18 13:04:41,572 [grpc-default-executor-1] INFO  client.GrpcClientProtocolClient (GrpcClientProtocolClient.java:onNext(264)) - client-8C798EE064B2->dd0a3b65-d36c-4f93-b232-3c8e6f6667b6: receive RaftClientReply:client-8C798EE064B2->dd0a3b65-d36c-4f93-b232-3c8e6f6667b6@group-B02456D89C11, cid=3222, SUCCESS, logIndex=4511, commits[dd0a3b65-d36c-4f93-b232-3c8e6f6667b6:c4513]
2019-09-18 13:04:41,572 [grpc-default-executor-1] INFO  client.GrpcClientProtocolClient (GrpcClientProtocolClient.java:onNext(264)) - client-8C798EE064B2->dd0a3b65-d36c-4f93-b232-3c8e6f6667b6: receive RaftClientReply:client-8C798EE064B2->dd0a3b65-d36c-4f93-b232-3c8e6f6667b6@group-B02456D89C11, cid=3223, SUCCESS, logIndex=4512, commits[dd0a3b65-d36c-4f93-b232-3c8e6f6667b6:c4514]
2019-09-18 13:04:41,573 [grpc-default-executor-1] INFO  client.GrpcClientProtocolClient (GrpcClientProtocolClient.java:onNext(264)) - client-8C798EE064B2->dd0a3b65-d36c-4f93-b232-3c8e6f6667b6: receive RaftClientReply:client-8C798EE064B2->dd0a3b65-d36c-4f93-b232-3c8e6f6667b6@group-B02456D89C11, cid=3224, SUCCESS, logIndex=4513, commits[dd0a3b65-d36c-4f93-b232-3c8e6f6667b6:c4514]
2019-09-18 13:04:41,601 [grpc-default-executor-0] INFO  client.GrpcClientProtocolClient (GrpcClientProtocolClient.java:onNext(264)) - client-8C798EE064B2->dd0a3b65-d36c-4f93-b232-3c8e6f6667b6: receive RaftClientReply:client-8C798EE064B2->dd0a3b65-d36c-4f93-b232-3c8e6f6667b6@group-B02456D89C11, cid=3225, SUCCESS, logIndex=4515, commits[dd0a3b65-d36c-4f93-b232-3c8e6f6667b6:c4516]
2019-09-18 13:04:41,601 [grpc-default-executor-0] INFO  client.GrpcClientProtocolClient (GrpcClientProtocolClient.java:onNext(264)) - client-8C798EE064B2->dd0a3b65-d36c-4f93-b232-3c8e6f6667b6: receive RaftClientReply:client-8C798EE064B2->dd0a3b65-d36c-4f93-b232-3c8e6f6667b6@group-B02456D89C11, cid=3226, SUCCESS, logIndex=4516, commits[dd0a3b65-d36c-4f93-b232-3c8e6f6667b6:c4517]
2019-09-18 13:04:41,641 [SCMBlockDeletingService#0] DEBUG block.SCMBlockDeletingService (SCMBlockDeletingService.java:call(138)) - Running DeletedBlockTransactionScanner
2019-09-18 13:04:41,641 [SCMBlockDeletingService#0] DEBUG block.SCMBlockDeletingService (SCMBlockDeletingService.java:call(155)) - Scanned deleted blocks log and got 0 delTX to process.
2019-09-18 13:04:41,713 [grpc-default-executor-1] INFO  client.GrpcClientProtocolClient (GrpcClientProtocolClient.java:onNext(264)) - client-8C798EE064B2->dd0a3b65-d36c-4f93-b232-3c8e6f6667b6: receive RaftClientReply:client-8C798EE064B2->dd0a3b65-d36c-4f93-b232-3c8e6f6667b6@group-B02456D89C11, cid=3227, SUCCESS, logIndex=4518, commits[dd0a3b65-d36c-4f93-b232-3c8e6f6667b6:c4519]
2019-09-18 13:04:41,713 [grpc-default-executor-1] INFO  client.GrpcClientProtocolClient (GrpcClientProtocolClient.java:onNext(264)) - client-8C798EE064B2->dd0a3b65-d36c-4f93-b232-3c8e6f6667b6: receive RaftClientReply:client-8C798EE064B2->dd0a3b65-d36c-4f93-b232-3c8e6f6667b6@group-B02456D89C11, cid=3228, SUCCESS, logIndex=4519, commits[dd0a3b65-d36c-4f93-b232-3c8e6f6667b6:c4520]
2019-09-18 13:04:41,734 [grpc-default-executor-1] INFO  client.GrpcClientProtocolClient (GrpcClientProtocolClient.java:onNext(264)) - client-8C798EE064B2->dd0a3b65-d36c-4f93-b232-3c8e6f6667b6: receive RaftClientReply:client-8C798EE064B2->dd0a3b65-d36c-4f93-b232-3c8e6f6667b6@group-B02456D89C11, cid=3229, SUCCESS, logIndex=4521, commits[dd0a3b65-d36c-4f93-b232-3c8e6f6667b6:c4524]
2019-09-18 13:04:41,735 [grpc-default-executor-1] INFO  client.GrpcClientProtocolClient (GrpcClientProtocolClient.java:onNext(264)) - client-8C798EE064B2->dd0a3b65-d36c-4f93-b232-3c8e6f6667b6: receive RaftClientReply:client-8C798EE064B2->dd0a3b65-d36c-4f93-b232-3c8e6f6667b6@group-B02456D89C11, cid=3230, SUCCESS, logIndex=4522, commits[dd0a3b65-d36c-4f93-b232-3c8e6f6667b6:c4525]
2019-09-18 13:04:41,735 [grpc-default-executor-1] INFO  client.GrpcClientProtocolClient (GrpcClientProtocolClient.java:onNext(264)) - client-8C798EE064B2->dd0a3b65-d36c-4f93-b232-3c8e6f6667b6: receive RaftClientReply:client-8C798EE064B2->dd0a3b65-d36c-4f93-b232-3c8e6f6667b6@group-B02456D89C11, cid=3231, SUCCESS, logIndex=4523, commits[dd0a3b65-d36c-4f93-b232-3c8e6f6667b6:c4525]
2019-09-18 13:04:41,735 [grpc-default-executor-1] INFO  client.GrpcClientProtocolClient (GrpcClientProtocolClient.java:onNext(264)) - client-8C798EE064B2->dd0a3b65-d36c-4f93-b232-3c8e6f6667b6: receive RaftClientReply:client-8C798EE064B2->dd0a3b65-d36c-4f93-b232-3c8e6f6667b6@group-B02456D89C11, cid=3232, SUCCESS, logIndex=4524, commits[dd0a3b65-d36c-4f93-b232-3c8e6f6667b6:c4525]
2019-09-18 13:04:41,742 [SCMBlockDeletingService#0] DEBUG block.SCMBlockDeletingService (SCMBlockDeletingService.java:call(138)) - Running DeletedBlockTransactionScanner
2019-09-18 13:04:41,742 [SCMBlockDeletingService#0] DEBUG block.SCMBlockDeletingService (SCMBlockDeletingService.java:call(155)) - Scanned deleted blocks log and got 0 delTX to process.
2019-09-18 13:04:41,764 [grpc-default-executor-0] INFO  client.GrpcClientProtocolClient (GrpcClientProtocolClient.java:onNext(264)) - client-8C798EE064B2->dd0a3b65-d36c-4f93-b232-3c8e6f6667b6: receive RaftClientReply:client-8C798EE064B2->dd0a3b65-d36c-4f93-b232-3c8e6f6667b6@group-B02456D89C11, cid=3233, SUCCESS, logIndex=4526, commits[dd0a3b65-d36c-4f93-b232-3c8e6f6667b6:c4527]
2019-09-18 13:04:41,765 [grpc-default-executor-0] INFO  client.GrpcClientProtocolClient (GrpcClientProtocolClient.java:onNext(264)) - client-8C798EE064B2->dd0a3b65-d36c-4f93-b232-3c8e6f6667b6: receive RaftClientReply:client-8C798EE064B2->dd0a3b65-d36c-4f93-b232-3c8e6f6667b6@group-B02456D89C11, cid=3234, SUCCESS, logIndex=4527, commits[dd0a3b65-d36c-4f93-b232-3c8e6f6667b6:c4529]
2019-09-18 13:04:41,765 [grpc-default-executor-0] INFO  client.GrpcClientProtocolClient (GrpcClientProtocolClient.java:onNext(264)) - client-8C798EE064B2->dd0a3b65-d36c-4f93-b232-3c8e6f6667b6: receive RaftClientReply:client-8C798EE064B2->dd0a3b65-d36c-4f93-b232-3c8e6f6667b6@group-B02456D89C11, cid=3235, SUCCESS, logIndex=4528, commits[dd0a3b65-d36c-4f93-b232-3c8e6f6667b6:c4529]
2019-09-18 13:04:41,765 [grpc-default-executor-0] INFO  client.GrpcClientProtocolClient (GrpcClientProtocolClient.java:onNext(264)) - client-8C798EE064B2->dd0a3b65-d36c-4f93-b232-3c8e6f6667b6: receive RaftClientReply:client-8C798EE064B2->dd0a3b65-d36c-4f93-b232-3c8e6f6667b6@group-B02456D89C11, cid=3236, SUCCESS, logIndex=4529, commits[dd0a3b65-d36c-4f93-b232-3c8e6f6667b6:c4530]
2019-09-18 13:04:41,788 [grpc-default-executor-1] INFO  client.GrpcClientProtocolClient (GrpcClientProtocolClient.java:onNext(264)) - client-8C798EE064B2->dd0a3b65-d36c-4f93-b232-3c8e6f6667b6: receive RaftClientReply:client-8C798EE064B2->dd0a3b65-d36c-4f93-b232-3c8e6f6667b6@group-B02456D89C11, cid=3237, SUCCESS, logIndex=4532, commits[dd0a3b65-d36c-4f93-b232-3c8e6f6667b6:c4533]
2019-09-18 13:04:41,788 [grpc-default-executor-1] INFO  client.GrpcClientProtocolClient (GrpcClientProtocolClient.java:onNext(264)) - client-8C798EE064B2->dd0a3b65-d36c-4f93-b232-3c8e6f6667b6: receive RaftClientReply:client-8C798EE064B2->dd0a3b65-d36c-4f93-b232-3c8e6f6667b6@group-B02456D89C11, cid=3238, SUCCESS, logIndex=4533, commits[dd0a3b65-d36c-4f93-b232-3c8e6f6667b6:c4535]
2019-09-18 13:04:41,789 [grpc-default-executor-1] INFO  client.GrpcClientProtocolClient (GrpcClientProtocolClient.java:onNext(264)) - client-8C798EE064B2->dd0a3b65-d36c-4f93-b232-3c8e6f6667b6: receive RaftClientReply:client-8C798EE064B2->dd0a3b65-d36c-4f93-b232-3c8e6f6667b6@group-B02456D89C11, cid=3239, SUCCESS, logIndex=4534, commits[dd0a3b65-d36c-4f93-b232-3c8e6f6667b6:c4536]
2019-09-18 13:04:41,789 [grpc-default-executor-1] INFO  client.GrpcClientProtocolClient (GrpcClientProtocolClient.java:onNext(264)) - client-8C798EE064B2->dd0a3b65-d36c-4f93-b232-3c8e6f6667b6: receive RaftClientReply:client-8C798EE064B2->dd0a3b65-d36c-4f93-b232-3c8e6f6667b6@group-B02456D89C11, cid=3240, SUCCESS, logIndex=4535, commits[dd0a3b65-d36c-4f93-b232-3c8e6f6667b6:c4536]
2019-09-18 13:04:41,814 [grpc-default-executor-0] INFO  client.GrpcClientProtocolClient (GrpcClientProtocolClient.java:onNext(264)) - client-8C798EE064B2->dd0a3b65-d36c-4f93-b232-3c8e6f6667b6: receive RaftClientReply:client-8C798EE064B2->dd0a3b65-d36c-4f93-b232-3c8e6f6667b6@group-B02456D89C11, cid=3241, SUCCESS, logIndex=4538, commits[dd0a3b65-d36c-4f93-b232-3c8e6f6667b6:c4539]
2019-09-18 13:04:41,814 [grpc-default-executor-0] INFO  client.GrpcClientProtocolClient (GrpcClientProtocolClient.java:onNext(264)) - client-8C798EE064B2->dd0a3b65-d36c-4f93-b232-3c8e6f6667b6: receive RaftClientReply:client-8C798EE064B2->dd0a3b65-d36c-4f93-b232-3c8e6f6667b6@group-B02456D89C11, cid=3242, SUCCESS, logIndex=4539, commits[dd0a3b65-d36c-4f93-b232-3c8e6f6667b6:c4539]
2019-09-18 13:04:41,816 [grpc-default-executor-0] INFO  client.GrpcClientProtocolClient (GrpcClientProtocolClient.java:onNext(264)) - client-8C798EE064B2->dd0a3b65-d36c-4f93-b232-3c8e6f6667b6: receive RaftClientReply:client-8C798EE064B2->dd0a3b65-d36c-4f93-b232-3c8e6f6667b6@group-B02456D89C11, cid=3243, SUCCESS, logIndex=4540, commits[dd0a3b65-d36c-4f93-b232-3c8e6f6667b6:c4541]
2019-09-18 13:04:41,816 [grpc-default-executor-0] INFO  client.GrpcClientProtocolClient (GrpcClientProtocolClient.java:onNext(264)) - client-8C798EE064B2->dd0a3b65-d36c-4f93-b232-3c8e6f6667b6: receive RaftClientReply:client-8C798EE064B2->dd0a3b65-d36c-4f93-b232-3c8e6f6667b6@group-B02456D89C11, cid=3244, SUCCESS, logIndex=4541, commits[dd0a3b65-d36c-4f93-b232-3c8e6f6667b6:c4541]
2019-09-18 13:04:41,828 [grpc-default-executor-1] INFO  client.GrpcClientProtocolClient (GrpcClientProtocolClient.java:onNext(264)) - client-8C798EE064B2->dd0a3b65-d36c-4f93-b232-3c8e6f6667b6: receive RaftClientReply:client-8C798EE064B2->dd0a3b65-d36c-4f93-b232-3c8e6f6667b6@group-B02456D89C11, cid=3245, SUCCESS, logIndex=4544, commits[dd0a3b65-d36c-4f93-b232-3c8e6f6667b6:c4547]
2019-09-18 13:04:41,828 [grpc-default-executor-1] INFO  client.GrpcClientProtocolClient (GrpcClientProtocolClient.java:onNext(264)) - client-8C798EE064B2->dd0a3b65-d36c-4f93-b232-3c8e6f6667b6: receive RaftClientReply:client-8C798EE064B2->dd0a3b65-d36c-4f93-b232-3c8e6f6667b6@group-B02456D89C11, cid=3246, SUCCESS, logIndex=4545, commits[dd0a3b65-d36c-4f93-b232-3c8e6f6667b6:c4548]
2019-09-18 13:04:41,828 [grpc-default-executor-1] INFO  client.GrpcClientProtocolClient (GrpcClientProtocolClient.java:onNext(264)) - client-8C798EE064B2->dd0a3b65-d36c-4f93-b232-3c8e6f6667b6: receive RaftClientReply:client-8C798EE064B2->dd0a3b65-d36c-4f93-b232-3c8e6f6667b6@group-B02456D89C11, cid=3247, SUCCESS, logIndex=4546, commits[dd0a3b65-d36c-4f93-b232-3c8e6f6667b6:c4548]
2019-09-18 13:04:41,828 [grpc-default-executor-1] INFO  client.GrpcClientProtocolClient (GrpcClientProtocolClient.java:onNext(264)) - client-8C798EE064B2->dd0a3b65-d36c-4f93-b232-3c8e6f6667b6: receive RaftClientReply:client-8C798EE064B2->dd0a3b65-d36c-4f93-b232-3c8e6f6667b6@group-B02456D89C11, cid=3248, SUCCESS, logIndex=4547, commits[dd0a3b65-d36c-4f93-b232-3c8e6f6667b6:c4548]
2019-09-18 13:04:41,842 [SCMBlockDeletingService#0] DEBUG block.SCMBlockDeletingService (SCMBlockDeletingService.java:call(138)) - Running DeletedBlockTransactionScanner
2019-09-18 13:04:41,842 [SCMBlockDeletingService#0] DEBUG block.SCMBlockDeletingService (SCMBlockDeletingService.java:call(155)) - Scanned deleted blocks log and got 0 delTX to process.
2019-09-18 13:04:41,853 [grpc-default-executor-1] INFO  client.GrpcClientProtocolClient (GrpcClientProtocolClient.java:onNext(264)) - client-8C798EE064B2->dd0a3b65-d36c-4f93-b232-3c8e6f6667b6: receive RaftClientReply:client-8C798EE064B2->dd0a3b65-d36c-4f93-b232-3c8e6f6667b6@group-B02456D89C11, cid=3249, SUCCESS, logIndex=4549, commits[dd0a3b65-d36c-4f93-b232-3c8e6f6667b6:c4550]
2019-09-18 13:04:41,853 [grpc-default-executor-1] INFO  client.GrpcClientProtocolClient (GrpcClientProtocolClient.java:onNext(264)) - client-8C798EE064B2->dd0a3b65-d36c-4f93-b232-3c8e6f6667b6: receive RaftClientReply:client-8C798EE064B2->dd0a3b65-d36c-4f93-b232-3c8e6f6667b6@group-B02456D89C11, cid=3250, SUCCESS, logIndex=4550, commits[dd0a3b65-d36c-4f93-b232-3c8e6f6667b6:c4552]
2019-09-18 13:04:41,854 [grpc-default-executor-1] INFO  client.GrpcClientProtocolClient (GrpcClientProtocolClient.java:onNext(264)) - client-8C798EE064B2->dd0a3b65-d36c-4f93-b232-3c8e6f6667b6: receive RaftClientReply:client-8C798EE064B2->dd0a3b65-d36c-4f93-b232-3c8e6f6667b6@group-B02456D89C11, cid=3251, SUCCESS, logIndex=4551, commits[dd0a3b65-d36c-4f93-b232-3c8e6f6667b6:c4552]
2019-09-18 13:04:41,854 [grpc-default-executor-1] INFO  client.GrpcClientProtocolClient (GrpcClientProtocolClient.java:onNext(264)) - client-8C798EE064B2->dd0a3b65-d36c-4f93-b232-3c8e6f6667b6: receive RaftClientReply:client-8C798EE064B2->dd0a3b65-d36c-4f93-b232-3c8e6f6667b6@group-B02456D89C11, cid=3252, SUCCESS, logIndex=4552, commits[dd0a3b65-d36c-4f93-b232-3c8e6f6667b6:c4553]
2019-09-18 13:04:41,871 [grpc-default-executor-0] INFO  client.GrpcClientProtocolClient (GrpcClientProtocolClient.java:onNext(264)) - client-8C798EE064B2->dd0a3b65-d36c-4f93-b232-3c8e6f6667b6: receive RaftClientReply:client-8C798EE064B2->dd0a3b65-d36c-4f93-b232-3c8e6f6667b6@group-B02456D89C11, cid=3253, SUCCESS, logIndex=4555, commits[dd0a3b65-d36c-4f93-b232-3c8e6f6667b6:c4556]
2019-09-18 13:04:41,871 [grpc-default-executor-0] INFO  client.GrpcClientProtocolClient (GrpcClientProtocolClient.java:onNext(264)) - client-8C798EE064B2->dd0a3b65-d36c-4f93-b232-3c8e6f6667b6: receive RaftClientReply:client-8C798EE064B2->dd0a3b65-d36c-4f93-b232-3c8e6f6667b6@group-B02456D89C11, cid=3254, SUCCESS, logIndex=4556, commits[dd0a3b65-d36c-4f93-b232-3c8e6f6667b6:c4558]
2019-09-18 13:04:41,872 [grpc-default-executor-0] INFO  client.GrpcClientProtocolClient (GrpcClientProtocolClient.java:onNext(264)) - client-8C798EE064B2->dd0a3b65-d36c-4f93-b232-3c8e6f6667b6: receive RaftClientReply:client-8C798EE064B2->dd0a3b65-d36c-4f93-b232-3c8e6f6667b6@group-B02456D89C11, cid=3255, SUCCESS, logIndex=4557, commits[dd0a3b65-d36c-4f93-b232-3c8e6f6667b6:c4558]
2019-09-18 13:04:41,872 [grpc-default-executor-1] INFO  client.GrpcClientProtocolClient (GrpcClientProtocolClient.java:onNext(264)) - client-8C798EE064B2->dd0a3b65-d36c-4f93-b232-3c8e6f6667b6: receive RaftClientReply:client-8C798EE064B2->dd0a3b65-d36c-4f93-b232-3c8e6f6667b6@group-B02456D89C11, cid=3256, SUCCESS, logIndex=4558, commits[dd0a3b65-d36c-4f93-b232-3c8e6f6667b6:c4559]
2019-09-18 13:04:41,896 [grpc-default-executor-1] INFO  client.GrpcClientProtocolClient (GrpcClientProtocolClient.java:onNext(264)) - client-8C798EE064B2->dd0a3b65-d36c-4f93-b232-3c8e6f6667b6: receive RaftClientReply:client-8C798EE064B2->dd0a3b65-d36c-4f93-b232-3c8e6f6667b6@group-B02456D89C11, cid=3257, SUCCESS, logIndex=4561, commits[dd0a3b65-d36c-4f93-b232-3c8e6f6667b6:c4562]
2019-09-18 13:04:41,897 [grpc-default-executor-1] INFO  client.GrpcClientProtocolClient (GrpcClientProtocolClient.java:onNext(264)) - client-8C798EE064B2->dd0a3b65-d36c-4f93-b232-3c8e6f6667b6: receive RaftClientReply:client-8C798EE064B2->dd0a3b65-d36c-4f93-b232-3c8e6f6667b6@group-B02456D89C11, cid=3258, SUCCESS, logIndex=4562, commits[dd0a3b65-d36c-4f93-b232-3c8e6f6667b6:c4564]
2019-09-18 13:04:41,897 [grpc-default-executor-1] INFO  client.GrpcClientProtocolClient (GrpcClientProtocolClient.java:onNext(264)) - client-8C798EE064B2->dd0a3b65-d36c-4f93-b232-3c8e6f6667b6: receive RaftClientReply:client-8C798EE064B2->dd0a3b65-d36c-4f93-b232-3c8e6f6667b6@group-B02456D89C11, cid=3259, SUCCESS, logIndex=4563, commits[dd0a3b65-d36c-4f93-b232-3c8e6f6667b6:c4564]
2019-09-18 13:04:41,897 [grpc-default-executor-1] INFO  client.GrpcClientProtocolClient (GrpcClientProtocolClient.java:onNext(264)) - client-8C798EE064B2->dd0a3b65-d36c-4f93-b232-3c8e6f6667b6: receive RaftClientReply:client-8C798EE064B2->dd0a3b65-d36c-4f93-b232-3c8e6f6667b6@group-B02456D89C11, cid=3260, SUCCESS, logIndex=4564, commits[dd0a3b65-d36c-4f93-b232-3c8e6f6667b6:c4565]
2019-09-18 13:04:41,916 [grpc-default-executor-1] INFO  client.GrpcClientProtocolClient (GrpcClientProtocolClient.java:onNext(264)) - client-8C798EE064B2->dd0a3b65-d36c-4f93-b232-3c8e6f6667b6: receive RaftClientReply:client-8C798EE064B2->dd0a3b65-d36c-4f93-b232-3c8e6f6667b6@group-B02456D89C11, cid=3261, SUCCESS, logIndex=4567, commits[dd0a3b65-d36c-4f93-b232-3c8e6f6667b6:c4570]
2019-09-18 13:04:41,916 [grpc-default-executor-1] INFO  client.GrpcClientProtocolClient (GrpcClientProtocolClient.java:onNext(264)) - client-8C798EE064B2->dd0a3b65-d36c-4f93-b232-3c8e6f6667b6: receive RaftClientReply:client-8C798EE064B2->dd0a3b65-d36c-4f93-b232-3c8e6f6667b6@group-B02456D89C11, cid=3262, SUCCESS, logIndex=4568, commits[dd0a3b65-d36c-4f93-b232-3c8e6f6667b6:c4571]
2019-09-18 13:04:41,916 [grpc-default-executor-1] INFO  client.GrpcClientProtocolClient (GrpcClientProtocolClient.java:onNext(264)) - client-8C798EE064B2->dd0a3b65-d36c-4f93-b232-3c8e6f6667b6: receive RaftClientReply:client-8C798EE064B2->dd0a3b65-d36c-4f93-b232-3c8e6f6667b6@group-B02456D89C11, cid=3263, SUCCESS, logIndex=4569, commits[dd0a3b65-d36c-4f93-b232-3c8e6f6667b6:c4571]
2019-09-18 13:04:41,916 [grpc-default-executor-1] INFO  client.GrpcClientProtocolClient (GrpcClientProtocolClient.java:onNext(264)) - client-8C798EE064B2->dd0a3b65-d36c-4f93-b232-3c8e6f6667b6: receive RaftClientReply:client-8C798EE064B2->dd0a3b65-d36c-4f93-b232-3c8e6f6667b6@group-B02456D89C11, cid=3264, SUCCESS, logIndex=4570, commits[dd0a3b65-d36c-4f93-b232-3c8e6f6667b6:c4571]
2019-09-18 13:04:41,941 [grpc-default-executor-1] INFO  client.GrpcClientProtocolClient (GrpcClientProtocolClient.java:onNext(264)) - client-8C798EE064B2->dd0a3b65-d36c-4f93-b232-3c8e6f6667b6: receive RaftClientReply:client-8C798EE064B2->dd0a3b65-d36c-4f93-b232-3c8e6f6667b6@group-B02456D89C11, cid=3265, SUCCESS, logIndex=4572, commits[dd0a3b65-d36c-4f93-b232-3c8e6f6667b6:c4575]
2019-09-18 13:04:41,942 [grpc-default-executor-1] INFO  client.GrpcClientProtocolClient (GrpcClientProtocolClient.java:onNext(264)) - client-8C798EE064B2->dd0a3b65-d36c-4f93-b232-3c8e6f6667b6: receive RaftClientReply:client-8C798EE064B2->dd0a3b65-d36c-4f93-b232-3c8e6f6667b6@group-B02456D89C11, cid=3266, SUCCESS, logIndex=4573, commits[dd0a3b65-d36c-4f93-b232-3c8e6f6667b6:c4575]
2019-09-18 13:04:41,942 [grpc-default-executor-1] INFO  client.GrpcClientProtocolClient (GrpcClientProtocolClient.java:onNext(264)) - client-8C798EE064B2->dd0a3b65-d36c-4f93-b232-3c8e6f6667b6: receive RaftClientReply:client-8C798EE064B2->dd0a3b65-d36c-4f93-b232-3c8e6f6667b6@group-B02456D89C11, cid=3267, SUCCESS, logIndex=4574, commits[dd0a3b65-d36c-4f93-b232-3c8e6f6667b6:c4576]
2019-09-18 13:04:41,942 [grpc-default-executor-1] INFO  client.GrpcClientProtocolClient (GrpcClientProtocolClient.java:onNext(264)) - client-8C798EE064B2->dd0a3b65-d36c-4f93-b232-3c8e6f6667b6: receive RaftClientReply:client-8C798EE064B2->dd0a3b65-d36c-4f93-b232-3c8e6f6667b6@group-B02456D89C11, cid=3268, SUCCESS, logIndex=4575, commits[dd0a3b65-d36c-4f93-b232-3c8e6f6667b6:c4576]
2019-09-18 13:04:41,943 [SCMBlockDeletingService#0] DEBUG block.SCMBlockDeletingService (SCMBlockDeletingService.java:call(138)) - Running DeletedBlockTransactionScanner
2019-09-18 13:04:41,943 [SCMBlockDeletingService#0] DEBUG block.SCMBlockDeletingService (SCMBlockDeletingService.java:call(155)) - Scanned deleted blocks log and got 0 delTX to process.
2019-09-18 13:04:41,960 [grpc-default-executor-1] INFO  client.GrpcClientProtocolClient (GrpcClientProtocolClient.java:onNext(264)) - client-8C798EE064B2->dd0a3b65-d36c-4f93-b232-3c8e6f6667b6: receive RaftClientReply:client-8C798EE064B2->dd0a3b65-d36c-4f93-b232-3c8e6f6667b6@group-B02456D89C11, cid=3269, SUCCESS, logIndex=4577, commits[dd0a3b65-d36c-4f93-b232-3c8e6f6667b6:c4578]
2019-09-18 13:04:41,960 [grpc-default-executor-1] INFO  client.GrpcClientProtocolClient (GrpcClientProtocolClient.java:onNext(264)) - client-8C798EE064B2->dd0a3b65-d36c-4f93-b232-3c8e6f6667b6: receive RaftClientReply:client-8C798EE064B2->dd0a3b65-d36c-4f93-b232-3c8e6f6667b6@group-B02456D89C11, cid=3270, SUCCESS, logIndex=4578, commits[dd0a3b65-d36c-4f93-b232-3c8e6f6667b6:c4578]
2019-09-18 13:04:42,126 [SCMBlockDeletingService#0] DEBUG block.SCMBlockDeletingService (SCMBlockDeletingService.java:call(138)) - Running DeletedBlockTransactionScanner
2019-09-18 13:04:42,126 [SCMBlockDeletingService#0] DEBUG block.SCMBlockDeletingService (SCMBlockDeletingService.java:call(155)) - Scanned deleted blocks log and got 0 delTX to process.
2019-09-18 13:04:42,151 [grpc-default-executor-1] INFO  client.GrpcClientProtocolClient (GrpcClientProtocolClient.java:onNext(264)) - client-8C798EE064B2->dd0a3b65-d36c-4f93-b232-3c8e6f6667b6: receive RaftClientReply:client-8C798EE064B2->dd0a3b65-d36c-4f93-b232-3c8e6f6667b6@group-B02456D89C11, cid=3271, SUCCESS, logIndex=4580, commits[dd0a3b65-d36c-4f93-b232-3c8e6f6667b6:c4581]
2019-09-18 13:04:42,152 [grpc-default-executor-1] INFO  client.GrpcClientProtocolClient (GrpcClientProtocolClient.java:onNext(264)) - client-8C798EE064B2->dd0a3b65-d36c-4f93-b232-3c8e6f6667b6: receive RaftClientReply:client-8C798EE064B2->dd0a3b65-d36c-4f93-b232-3c8e6f6667b6@group-B02456D89C11, cid=3272, SUCCESS, logIndex=4581, commits[dd0a3b65-d36c-4f93-b232-3c8e6f6667b6:c4582]
2019-09-18 13:04:42,182 [grpc-default-executor-0] INFO  client.GrpcClientProtocolClient (GrpcClientProtocolClient.java:onNext(264)) - client-8C798EE064B2->dd0a3b65-d36c-4f93-b232-3c8e6f6667b6: receive RaftClientReply:client-8C798EE064B2->dd0a3b65-d36c-4f93-b232-3c8e6f6667b6@group-B02456D89C11, cid=3273, SUCCESS, logIndex=4583, commits[dd0a3b65-d36c-4f93-b232-3c8e6f6667b6:c4584]
2019-09-18 13:04:42,182 [grpc-default-executor-0] INFO  client.GrpcClientProtocolClient (GrpcClientProtocolClient.java:onNext(264)) - client-8C798EE064B2->dd0a3b65-d36c-4f93-b232-3c8e6f6667b6: receive RaftClientReply:client-8C798EE064B2->dd0a3b65-d36c-4f93-b232-3c8e6f6667b6@group-B02456D89C11, cid=3274, SUCCESS, logIndex=4584, commits[dd0a3b65-d36c-4f93-b232-3c8e6f6667b6:c4586]
2019-09-18 13:04:42,183 [grpc-default-executor-0] INFO  client.GrpcClientProtocolClient (GrpcClientProtocolClient.java:onNext(264)) - client-8C798EE064B2->dd0a3b65-d36c-4f93-b232-3c8e6f6667b6: receive RaftClientReply:client-8C798EE064B2->dd0a3b65-d36c-4f93-b232-3c8e6f6667b6@group-B02456D89C11, cid=3275, SUCCESS, logIndex=4585, commits[dd0a3b65-d36c-4f93-b232-3c8e6f6667b6:c4587]
2019-09-18 13:04:42,183 [grpc-default-executor-0] INFO  client.GrpcClientProtocolClient (GrpcClientProtocolClient.java:onNext(264)) - client-8C798EE064B2->dd0a3b65-d36c-4f93-b232-3c8e6f6667b6: receive RaftClientReply:client-8C798EE064B2->dd0a3b65-d36c-4f93-b232-3c8e6f6667b6@group-B02456D89C11, cid=3276, SUCCESS, logIndex=4586, commits[dd0a3b65-d36c-4f93-b232-3c8e6f6667b6:c4587]
2019-09-18 13:04:42,202 [grpc-default-executor-1] INFO  client.GrpcClientProtocolClient (GrpcClientProtocolClient.java:onNext(264)) - client-8C798EE064B2->dd0a3b65-d36c-4f93-b232-3c8e6f6667b6: receive RaftClientReply:client-8C798EE064B2->dd0a3b65-d36c-4f93-b232-3c8e6f6667b6@group-B02456D89C11, cid=3277, SUCCESS, logIndex=4589, commits[dd0a3b65-d36c-4f93-b232-3c8e6f6667b6:c4590]
2019-09-18 13:04:42,203 [grpc-default-executor-1] INFO  client.GrpcClientProtocolClient (GrpcClientProtocolClient.java:onNext(264)) - client-8C798EE064B2->dd0a3b65-d36c-4f93-b232-3c8e6f6667b6: receive RaftClientReply:client-8C798EE064B2->dd0a3b65-d36c-4f93-b232-3c8e6f6667b6@group-B02456D89C11, cid=3278, SUCCESS, logIndex=4590, commits[dd0a3b65-d36c-4f93-b232-3c8e6f6667b6:c4592]
2019-09-18 13:04:42,203 [grpc-default-executor-1] INFO  client.GrpcClientProtocolClient (GrpcClientProtocolClient.java:onNext(264)) - client-8C798EE064B2->dd0a3b65-d36c-4f93-b232-3c8e6f6667b6: receive RaftClientReply:client-8C798EE064B2->dd0a3b65-d36c-4f93-b232-3c8e6f6667b6@group-B02456D89C11, cid=3279, SUCCESS, logIndex=4591, commits[dd0a3b65-d36c-4f93-b232-3c8e6f6667b6:c4592]
2019-09-18 13:04:42,204 [grpc-default-executor-1] INFO  client.GrpcClientProtocolClient (GrpcClientProtocolClient.java:onNext(264)) - client-8C798EE064B2->dd0a3b65-d36c-4f93-b232-3c8e6f6667b6: receive RaftClientReply:client-8C798EE064B2->dd0a3b65-d36c-4f93-b232-3c8e6f6667b6@group-B02456D89C11, cid=3280, SUCCESS, logIndex=4592, commits[dd0a3b65-d36c-4f93-b232-3c8e6f6667b6:c4593]
2019-09-18 13:04:42,227 [SCMBlockDeletingService#0] DEBUG block.SCMBlockDeletingService (SCMBlockDeletingService.java:call(138)) - Running DeletedBlockTransactionScanner
2019-09-18 13:04:42,227 [SCMBlockDeletingService#0] DEBUG block.SCMBlockDeletingService (SCMBlockDeletingService.java:call(155)) - Scanned deleted blocks log and got 0 delTX to process.
2019-09-18 13:04:42,234 [grpc-default-executor-1] INFO  client.GrpcClientProtocolClient (GrpcClientProtocolClient.java:onNext(264)) - client-8C798EE064B2->dd0a3b65-d36c-4f93-b232-3c8e6f6667b6: receive RaftClientReply:client-8C798EE064B2->dd0a3b65-d36c-4f93-b232-3c8e6f6667b6@group-B02456D89C11, cid=3281, SUCCESS, logIndex=4595, commits[dd0a3b65-d36c-4f93-b232-3c8e6f6667b6:c4596]
2019-09-18 13:04:42,234 [grpc-default-executor-1] INFO  client.GrpcClientProtocolClient (GrpcClientProtocolClient.java:onNext(264)) - client-8C798EE064B2->dd0a3b65-d36c-4f93-b232-3c8e6f6667b6: receive RaftClientReply:client-8C798EE064B2->dd0a3b65-d36c-4f93-b232-3c8e6f6667b6@group-B02456D89C11, cid=3282, SUCCESS, logIndex=4596, commits[dd0a3b65-d36c-4f93-b232-3c8e6f6667b6:c4596]
2019-09-18 13:04:42,235 [grpc-default-executor-1] INFO  client.GrpcClientProtocolClient (GrpcClientProtocolClient.java:onNext(264)) - client-8C798EE064B2->dd0a3b65-d36c-4f93-b232-3c8e6f6667b6: receive RaftClientReply:client-8C798EE064B2->dd0a3b65-d36c-4f93-b232-3c8e6f6667b6@group-B02456D89C11, cid=3283, SUCCESS, logIndex=4597, commits[dd0a3b65-d36c-4f93-b232-3c8e6f6667b6:c4598]
2019-09-18 13:04:42,235 [grpc-default-executor-1] INFO  client.GrpcClientProtocolClient (GrpcClientProtocolClient.java:onNext(264)) - client-8C798EE064B2->dd0a3b65-d36c-4f93-b232-3c8e6f6667b6: receive RaftClientReply:client-8C798EE064B2->dd0a3b65-d36c-4f93-b232-3c8e6f6667b6@group-B02456D89C11, cid=3284, SUCCESS, logIndex=4598, commits[dd0a3b65-d36c-4f93-b232-3c8e6f6667b6:c4598]
2019-09-18 13:04:42,255 [grpc-default-executor-1] INFO  client.GrpcClientProtocolClient (GrpcClientProtocolClient.java:onNext(264)) - client-8C798EE064B2->dd0a3b65-d36c-4f93-b232-3c8e6f6667b6: receive RaftClientReply:client-8C798EE064B2->dd0a3b65-d36c-4f93-b232-3c8e6f6667b6@group-B02456D89C11, cid=3285, SUCCESS, logIndex=4601, commits[dd0a3b65-d36c-4f93-b232-3c8e6f6667b6:c4602]
2019-09-18 13:04:42,256 [grpc-default-executor-1] INFO  client.GrpcClientProtocolClient (GrpcClientProtocolClient.java:onNext(264)) - client-8C798EE064B2->dd0a3b65-d36c-4f93-b232-3c8e6f6667b6: receive RaftClientReply:client-8C798EE064B2->dd0a3b65-d36c-4f93-b232-3c8e6f6667b6@group-B02456D89C11, cid=3286, SUCCESS, logIndex=4602, commits[dd0a3b65-d36c-4f93-b232-3c8e6f6667b6:c4602]
2019-09-18 13:04:42,256 [grpc-default-executor-1] INFO  client.GrpcClientProtocolClient (GrpcClientProtocolClient.java:onNext(264)) - client-8C798EE064B2->dd0a3b65-d36c-4f93-b232-3c8e6f6667b6: receive RaftClientReply:client-8C798EE064B2->dd0a3b65-d36c-4f93-b232-3c8e6f6667b6@group-B02456D89C11, cid=3287, SUCCESS, logIndex=4603, commits[dd0a3b65-d36c-4f93-b232-3c8e6f6667b6:c4604]
2019-09-18 13:04:42,256 [grpc-default-executor-1] INFO  client.GrpcClientProtocolClient (GrpcClientProtocolClient.java:onNext(264)) - client-8C798EE064B2->dd0a3b65-d36c-4f93-b232-3c8e6f6667b6: receive RaftClientReply:client-8C798EE064B2->dd0a3b65-d36c-4f93-b232-3c8e6f6667b6@group-B02456D89C11, cid=3288, SUCCESS, logIndex=4604, commits[dd0a3b65-d36c-4f93-b232-3c8e6f6667b6:c4605]
2019-09-18 13:04:42,292 [grpc-default-executor-1] INFO  client.GrpcClientProtocolClient (GrpcClientProtocolClient.java:onNext(264)) - client-8C798EE064B2->dd0a3b65-d36c-4f93-b232-3c8e6f6667b6: receive RaftClientReply:client-8C798EE064B2->dd0a3b65-d36c-4f93-b232-3c8e6f6667b6@group-B02456D89C11, cid=3289, SUCCESS, logIndex=4607, commits[dd0a3b65-d36c-4f93-b232-3c8e6f6667b6:c4608]
2019-09-18 13:04:42,293 [grpc-default-executor-1] INFO  client.GrpcClientProtocolClient (GrpcClientProtocolClient.java:onNext(264)) - client-8C798EE064B2->dd0a3b65-d36c-4f93-b232-3c8e6f6667b6: receive RaftClientReply:client-8C798EE064B2->dd0a3b65-d36c-4f93-b232-3c8e6f6667b6@group-B02456D89C11, cid=3290, SUCCESS, logIndex=4608, commits[dd0a3b65-d36c-4f93-b232-3c8e6f6667b6:c4610]
2019-09-18 13:04:42,293 [grpc-default-executor-1] INFO  client.GrpcClientProtocolClient (GrpcClientProtocolClient.java:onNext(264)) - client-8C798EE064B2->dd0a3b65-d36c-4f93-b232-3c8e6f6667b6: receive RaftClientReply:client-8C798EE064B2->dd0a3b65-d36c-4f93-b232-3c8e6f6667b6@group-B02456D89C11, cid=3291, SUCCESS, logIndex=4609, commits[dd0a3b65-d36c-4f93-b232-3c8e6f6667b6:c4611]
2019-09-18 13:04:42,293 [grpc-default-executor-1] INFO  client.GrpcClientProtocolClient (GrpcClientProtocolClient.java:onNext(264)) - client-8C798EE064B2->dd0a3b65-d36c-4f93-b232-3c8e6f6667b6: receive RaftClientReply:client-8C798EE064B2->dd0a3b65-d36c-4f93-b232-3c8e6f6667b6@group-B02456D89C11, cid=3292, SUCCESS, logIndex=4610, commits[dd0a3b65-d36c-4f93-b232-3c8e6f6667b6:c4611]
2019-09-18 13:04:42,314 [grpc-default-executor-1] INFO  client.GrpcClientProtocolClient (GrpcClientProtocolClient.java:onNext(264)) - client-8C798EE064B2->dd0a3b65-d36c-4f93-b232-3c8e6f6667b6: receive RaftClientReply:client-8C798EE064B2->dd0a3b65-d36c-4f93-b232-3c8e6f6667b6@group-B02456D89C11, cid=3293, SUCCESS, logIndex=4613, commits[dd0a3b65-d36c-4f93-b232-3c8e6f6667b6:c4616]
2019-09-18 13:04:42,314 [grpc-default-executor-1] INFO  client.GrpcClientProtocolClient (GrpcClientProtocolClient.java:onNext(264)) - client-8C798EE064B2->dd0a3b65-d36c-4f93-b232-3c8e6f6667b6: receive RaftClientReply:client-8C798EE064B2->dd0a3b65-d36c-4f93-b232-3c8e6f6667b6@group-B02456D89C11, cid=3294, SUCCESS, logIndex=4614, commits[dd0a3b65-d36c-4f93-b232-3c8e6f6667b6:c4617]
2019-09-18 13:04:42,314 [grpc-default-executor-1] INFO  client.GrpcClientProtocolClient (GrpcClientProtocolClient.java:onNext(264)) - client-8C798EE064B2->dd0a3b65-d36c-4f93-b232-3c8e6f6667b6: receive RaftClientReply:client-8C798EE064B2->dd0a3b65-d36c-4f93-b232-3c8e6f6667b6@group-B02456D89C11, cid=3295, SUCCESS, logIndex=4615, commits[dd0a3b65-d36c-4f93-b232-3c8e6f6667b6:c4617]
2019-09-18 13:04:42,315 [grpc-default-executor-1] INFO  client.GrpcClientProtocolClient (GrpcClientProtocolClient.java:onNext(264)) - client-8C798EE064B2->dd0a3b65-d36c-4f93-b232-3c8e6f6667b6: receive RaftClientReply:client-8C798EE064B2->dd0a3b65-d36c-4f93-b232-3c8e6f6667b6@group-B02456D89C11, cid=3296, SUCCESS, logIndex=4616, commits[dd0a3b65-d36c-4f93-b232-3c8e6f6667b6:c4617]
2019-09-18 13:04:42,327 [SCMBlockDeletingService#0] DEBUG block.SCMBlockDeletingService (SCMBlockDeletingService.java:call(138)) - Running DeletedBlockTransactionScanner
2019-09-18 13:04:42,328 [SCMBlockDeletingService#0] DEBUG block.SCMBlockDeletingService (SCMBlockDeletingService.java:call(155)) - Scanned deleted blocks log and got 0 delTX to process.
2019-09-18 13:04:42,347 [grpc-default-executor-1] INFO  client.GrpcClientProtocolClient (GrpcClientProtocolClient.java:onNext(264)) - client-8C798EE064B2->dd0a3b65-d36c-4f93-b232-3c8e6f6667b6: receive RaftClientReply:client-8C798EE064B2->dd0a3b65-d36c-4f93-b232-3c8e6f6667b6@group-B02456D89C11, cid=3297, SUCCESS, logIndex=4618, commits[dd0a3b65-d36c-4f93-b232-3c8e6f6667b6:c4621]
2019-09-18 13:04:42,348 [grpc-default-executor-1] INFO  client.GrpcClientProtocolClient (GrpcClientProtocolClient.java:onNext(264)) - client-8C798EE064B2->dd0a3b65-d36c-4f93-b232-3c8e6f6667b6: receive RaftClientReply:client-8C798EE064B2->dd0a3b65-d36c-4f93-b232-3c8e6f6667b6@group-B02456D89C11, cid=3298, SUCCESS, logIndex=4619, commits[dd0a3b65-d36c-4f93-b232-3c8e6f6667b6:c4622]
2019-09-18 13:04:42,348 [grpc-default-executor-1] INFO  client.GrpcClientProtocolClient (GrpcClientProtocolClient.java:onNext(264)) - client-8C798EE064B2->dd0a3b65-d36c-4f93-b232-3c8e6f6667b6: receive RaftClientReply:client-8C798EE064B2->dd0a3b65-d36c-4f93-b232-3c8e6f6667b6@group-B02456D89C11, cid=3299, SUCCESS, logIndex=4620, commits[dd0a3b65-d36c-4f93-b232-3c8e6f6667b6:c4622]
2019-09-18 13:04:42,348 [grpc-default-executor-1] INFO  client.GrpcClientProtocolClient (GrpcClientProtocolClient.java:onNext(264)) - client-8C798EE064B2->dd0a3b65-d36c-4f93-b232-3c8e6f6667b6: receive RaftClientReply:client-8C798EE064B2->dd0a3b65-d36c-4f93-b232-3c8e6f6667b6@group-B02456D89C11, cid=3300, SUCCESS, logIndex=4621, commits[dd0a3b65-d36c-4f93-b232-3c8e6f6667b6:c4622]
2019-09-18 13:04:42,367 [grpc-default-executor-0] INFO  client.GrpcClientProtocolClient (GrpcClientProtocolClient.java:onNext(264)) - client-8C798EE064B2->dd0a3b65-d36c-4f93-b232-3c8e6f6667b6: receive RaftClientReply:client-8C798EE064B2->dd0a3b65-d36c-4f93-b232-3c8e6f6667b6@group-B02456D89C11, cid=3301, SUCCESS, logIndex=4623, commits[dd0a3b65-d36c-4f93-b232-3c8e6f6667b6:c4624]
2019-09-18 13:04:42,367 [grpc-default-executor-0] INFO  client.GrpcClientProtocolClient (GrpcClientProtocolClient.java:onNext(264)) - client-8C798EE064B2->dd0a3b65-d36c-4f93-b232-3c8e6f6667b6: receive RaftClientReply:client-8C798EE064B2->dd0a3b65-d36c-4f93-b232-3c8e6f6667b6@group-B02456D89C11, cid=3302, SUCCESS, logIndex=4624, commits[dd0a3b65-d36c-4f93-b232-3c8e6f6667b6:c4626]
2019-09-18 13:04:42,367 [grpc-default-executor-0] INFO  client.GrpcClientProtocolClient (GrpcClientProtocolClient.java:onNext(264)) - client-8C798EE064B2->dd0a3b65-d36c-4f93-b232-3c8e6f6667b6: receive RaftClientReply:client-8C798EE064B2->dd0a3b65-d36c-4f93-b232-3c8e6f6667b6@group-B02456D89C11, cid=3303, SUCCESS, logIndex=4625, commits[dd0a3b65-d36c-4f93-b232-3c8e6f6667b6:c4627]
2019-09-18 13:04:42,368 [grpc-default-executor-0] INFO  client.GrpcClientProtocolClient (GrpcClientProtocolClient.java:onNext(264)) - client-8C798EE064B2->dd0a3b65-d36c-4f93-b232-3c8e6f6667b6: receive RaftClientReply:client-8C798EE064B2->dd0a3b65-d36c-4f93-b232-3c8e6f6667b6@group-B02456D89C11, cid=3304, SUCCESS, logIndex=4626, commits[dd0a3b65-d36c-4f93-b232-3c8e6f6667b6:c4627]
2019-09-18 13:04:42,385 [grpc-default-executor-0] INFO  client.GrpcClientProtocolClient (GrpcClientProtocolClient.java:onNext(264)) - client-8C798EE064B2->dd0a3b65-d36c-4f93-b232-3c8e6f6667b6: receive RaftClientReply:client-8C798EE064B2->dd0a3b65-d36c-4f93-b232-3c8e6f6667b6@group-B02456D89C11, cid=3305, SUCCESS, logIndex=4629, commits[dd0a3b65-d36c-4f93-b232-3c8e6f6667b6:c4630]
2019-09-18 13:04:42,385 [grpc-default-executor-0] INFO  client.GrpcClientProtocolClient (GrpcClientProtocolClient.java:onNext(264)) - client-8C798EE064B2->dd0a3b65-d36c-4f93-b232-3c8e6f6667b6: receive RaftClientReply:client-8C798EE064B2->dd0a3b65-d36c-4f93-b232-3c8e6f6667b6@group-B02456D89C11, cid=3306, SUCCESS, logIndex=4630, commits[dd0a3b65-d36c-4f93-b232-3c8e6f6667b6:c4630]
2019-09-18 13:04:42,387 [grpc-default-executor-0] INFO  client.GrpcClientProtocolClient (GrpcClientProtocolClient.java:onNext(264)) - client-8C798EE064B2->dd0a3b65-d36c-4f93-b232-3c8e6f6667b6: receive RaftClientReply:client-8C798EE064B2->dd0a3b65-d36c-4f93-b232-3c8e6f6667b6@group-B02456D89C11, cid=3307, SUCCESS, logIndex=4631, commits[dd0a3b65-d36c-4f93-b232-3c8e6f6667b6:c4633]
2019-09-18 13:04:42,387 [grpc-default-executor-0] INFO  client.GrpcClientProtocolClient (GrpcClientProtocolClient.java:onNext(264)) - client-8C798EE064B2->dd0a3b65-d36c-4f93-b232-3c8e6f6667b6: receive RaftClientReply:client-8C798EE064B2->dd0a3b65-d36c-4f93-b232-3c8e6f6667b6@group-B02456D89C11, cid=3308, SUCCESS, logIndex=4632, commits[dd0a3b65-d36c-4f93-b232-3c8e6f6667b6:c4633]
2019-09-18 13:04:42,398 [grpc-default-executor-0] INFO  client.GrpcClientProtocolClient (GrpcClientProtocolClient.java:onNext(264)) - client-8C798EE064B2->dd0a3b65-d36c-4f93-b232-3c8e6f6667b6: receive RaftClientReply:client-8C798EE064B2->dd0a3b65-d36c-4f93-b232-3c8e6f6667b6@group-B02456D89C11, cid=3309, SUCCESS, logIndex=4634, commits[dd0a3b65-d36c-4f93-b232-3c8e6f6667b6:c4637]
2019-09-18 13:04:42,398 [grpc-default-executor-0] INFO  client.GrpcClientProtocolClient (GrpcClientProtocolClient.java:onNext(264)) - client-8C798EE064B2->dd0a3b65-d36c-4f93-b232-3c8e6f6667b6: receive RaftClientReply:client-8C798EE064B2->dd0a3b65-d36c-4f93-b232-3c8e6f6667b6@group-B02456D89C11, cid=3310, SUCCESS, logIndex=4635, commits[dd0a3b65-d36c-4f93-b232-3c8e6f6667b6:c4638]
2019-09-18 13:04:42,398 [grpc-default-executor-0] INFO  client.GrpcClientProtocolClient (GrpcClientProtocolClient.java:onNext(264)) - client-8C798EE064B2->dd0a3b65-d36c-4f93-b232-3c8e6f6667b6: receive RaftClientReply:client-8C798EE064B2->dd0a3b65-d36c-4f93-b232-3c8e6f6667b6@group-B02456D89C11, cid=3311, SUCCESS, logIndex=4636, commits[dd0a3b65-d36c-4f93-b232-3c8e6f6667b6:c4638]
2019-09-18 13:04:42,399 [grpc-default-executor-0] INFO  client.GrpcClientProtocolClient (GrpcClientProtocolClient.java:onNext(264)) - client-8C798EE064B2->dd0a3b65-d36c-4f93-b232-3c8e6f6667b6: receive RaftClientReply:client-8C798EE064B2->dd0a3b65-d36c-4f93-b232-3c8e6f6667b6@group-B02456D89C11, cid=3312, SUCCESS, logIndex=4637, commits[dd0a3b65-d36c-4f93-b232-3c8e6f6667b6:c4638]
2019-09-18 13:04:42,417 [grpc-default-executor-0] INFO  client.GrpcClientProtocolClient (GrpcClientProtocolClient.java:onNext(264)) - client-8C798EE064B2->dd0a3b65-d36c-4f93-b232-3c8e6f6667b6: receive RaftClientReply:client-8C798EE064B2->dd0a3b65-d36c-4f93-b232-3c8e6f6667b6@group-B02456D89C11, cid=3313, SUCCESS, logIndex=4639, commits[dd0a3b65-d36c-4f93-b232-3c8e6f6667b6:c4640]
2019-09-18 13:04:42,418 [grpc-default-executor-0] INFO  client.GrpcClientProtocolClient (GrpcClientProtocolClient.java:onNext(264)) - client-8C798EE064B2->dd0a3b65-d36c-4f93-b232-3c8e6f6667b6: receive RaftClientReply:client-8C798EE064B2->dd0a3b65-d36c-4f93-b232-3c8e6f6667b6@group-B02456D89C11, cid=3314, SUCCESS, logIndex=4640, commits[dd0a3b65-d36c-4f93-b232-3c8e6f6667b6:c4640]
2019-09-18 13:04:42,428 [SCMBlockDeletingService#0] DEBUG block.SCMBlockDeletingService (SCMBlockDeletingService.java:call(138)) - Running DeletedBlockTransactionScanner
2019-09-18 13:04:42,428 [SCMBlockDeletingService#0] DEBUG block.SCMBlockDeletingService (SCMBlockDeletingService.java:call(155)) - Scanned deleted blocks log and got 0 delTX to process.
2019-09-18 13:04:42,512 [grpc-default-executor-0] INFO  client.GrpcClientProtocolClient (GrpcClientProtocolClient.java:onNext(264)) - client-8C798EE064B2->dd0a3b65-d36c-4f93-b232-3c8e6f6667b6: receive RaftClientReply:client-8C798EE064B2->dd0a3b65-d36c-4f93-b232-3c8e6f6667b6@group-B02456D89C11, cid=3315, SUCCESS, logIndex=4642, commits[dd0a3b65-d36c-4f93-b232-3c8e6f6667b6:c4643]
2019-09-18 13:04:42,512 [grpc-default-executor-0] INFO  client.GrpcClientProtocolClient (GrpcClientProtocolClient.java:onNext(264)) - client-8C798EE064B2->dd0a3b65-d36c-4f93-b232-3c8e6f6667b6: receive RaftClientReply:client-8C798EE064B2->dd0a3b65-d36c-4f93-b232-3c8e6f6667b6@group-B02456D89C11, cid=3316, SUCCESS, logIndex=4643, commits[dd0a3b65-d36c-4f93-b232-3c8e6f6667b6:c4644]
2019-09-18 13:04:42,523 [grpc-default-executor-0] INFO  client.GrpcClientProtocolClient (GrpcClientProtocolClient.java:onNext(264)) - client-8C798EE064B2->dd0a3b65-d36c-4f93-b232-3c8e6f6667b6: receive RaftClientReply:client-8C798EE064B2->dd0a3b65-d36c-4f93-b232-3c8e6f6667b6@group-B02456D89C11, cid=3317, SUCCESS, logIndex=4645, commits[dd0a3b65-d36c-4f93-b232-3c8e6f6667b6:c4648]
2019-09-18 13:04:42,523 [grpc-default-executor-0] INFO  client.GrpcClientProtocolClient (GrpcClientProtocolClient.java:onNext(264)) - client-8C798EE064B2->dd0a3b65-d36c-4f93-b232-3c8e6f6667b6: receive RaftClientReply:client-8C798EE064B2->dd0a3b65-d36c-4f93-b232-3c8e6f6667b6@group-B02456D89C11, cid=3318, SUCCESS, logIndex=4646, commits[dd0a3b65-d36c-4f93-b232-3c8e6f6667b6:c4649]
2019-09-18 13:04:42,524 [grpc-default-executor-0] INFO  client.GrpcClientProtocolClient (GrpcClientProtocolClient.java:onNext(264)) - client-8C798EE064B2->dd0a3b65-d36c-4f93-b232-3c8e6f6667b6: receive RaftClientReply:client-8C798EE064B2->dd0a3b65-d36c-4f93-b232-3c8e6f6667b6@group-B02456D89C11, cid=3319, SUCCESS, logIndex=4647, commits[dd0a3b65-d36c-4f93-b232-3c8e6f6667b6:c4649]
2019-09-18 13:04:42,524 [grpc-default-executor-0] INFO  client.GrpcClientProtocolClient (GrpcClientProtocolClient.java:onNext(264)) - client-8C798EE064B2->dd0a3b65-d36c-4f93-b232-3c8e6f6667b6: receive RaftClientReply:client-8C798EE064B2->dd0a3b65-d36c-4f93-b232-3c8e6f6667b6@group-B02456D89C11, cid=3320, SUCCESS, logIndex=4648, commits[dd0a3b65-d36c-4f93-b232-3c8e6f6667b6:c4649]
2019-09-18 13:04:42,528 [SCMBlockDeletingService#0] DEBUG block.SCMBlockDeletingService (SCMBlockDeletingService.java:call(138)) - Running DeletedBlockTransactionScanner
2019-09-18 13:04:42,529 [SCMBlockDeletingService#0] DEBUG block.SCMBlockDeletingService (SCMBlockDeletingService.java:call(155)) - Scanned deleted blocks log and got 0 delTX to process.
2019-09-18 13:04:42,540 [grpc-default-executor-0] INFO  client.GrpcClientProtocolClient (GrpcClientProtocolClient.java:onNext(264)) - client-8C798EE064B2->dd0a3b65-d36c-4f93-b232-3c8e6f6667b6: receive RaftClientReply:client-8C798EE064B2->dd0a3b65-d36c-4f93-b232-3c8e6f6667b6@group-B02456D89C11, cid=3321, SUCCESS, logIndex=4650, commits[dd0a3b65-d36c-4f93-b232-3c8e6f6667b6:c4651]
2019-09-18 13:04:42,540 [grpc-default-executor-0] INFO  client.GrpcClientProtocolClient (GrpcClientProtocolClient.java:onNext(264)) - client-8C798EE064B2->dd0a3b65-d36c-4f93-b232-3c8e6f6667b6: receive RaftClientReply:client-8C798EE064B2->dd0a3b65-d36c-4f93-b232-3c8e6f6667b6@group-B02456D89C11, cid=3322, SUCCESS, logIndex=4651, commits[dd0a3b65-d36c-4f93-b232-3c8e6f6667b6:c4653]
2019-09-18 13:04:42,541 [grpc-default-executor-0] INFO  client.GrpcClientProtocolClient (GrpcClientProtocolClient.java:onNext(264)) - client-8C798EE064B2->dd0a3b65-d36c-4f93-b232-3c8e6f6667b6: receive RaftClientReply:client-8C798EE064B2->dd0a3b65-d36c-4f93-b232-3c8e6f6667b6@group-B02456D89C11, cid=3323, SUCCESS, logIndex=4652, commits[dd0a3b65-d36c-4f93-b232-3c8e6f6667b6:c4654]
2019-09-18 13:04:42,541 [grpc-default-executor-0] INFO  client.GrpcClientProtocolClient (GrpcClientProtocolClient.java:onNext(264)) - client-8C798EE064B2->dd0a3b65-d36c-4f93-b232-3c8e6f6667b6: receive RaftClientReply:client-8C798EE064B2->dd0a3b65-d36c-4f93-b232-3c8e6f6667b6@group-B02456D89C11, cid=3324, SUCCESS, logIndex=4653, commits[dd0a3b65-d36c-4f93-b232-3c8e6f6667b6:c4654]
2019-09-18 13:04:42,549 [grpc-default-executor-0] INFO  client.GrpcClientProtocolClient (GrpcClientProtocolClient.java:onNext(264)) - client-8C798EE064B2->dd0a3b65-d36c-4f93-b232-3c8e6f6667b6: receive RaftClientReply:client-8C798EE064B2->dd0a3b65-d36c-4f93-b232-3c8e6f6667b6@group-B02456D89C11, cid=3325, SUCCESS, logIndex=4656, commits[dd0a3b65-d36c-4f93-b232-3c8e6f6667b6:c4657]
2019-09-18 13:04:42,549 [grpc-default-executor-0] INFO  client.GrpcClientProtocolClient (GrpcClientProtocolClient.java:onNext(264)) - client-8C798EE064B2->dd0a3b65-d36c-4f93-b232-3c8e6f6667b6: receive RaftClientReply:client-8C798EE064B2->dd0a3b65-d36c-4f93-b232-3c8e6f6667b6@group-B02456D89C11, cid=3326, SUCCESS, logIndex=4657, commits[dd0a3b65-d36c-4f93-b232-3c8e6f6667b6:c4660]
2019-09-18 13:04:42,549 [grpc-default-executor-0] INFO  client.GrpcClientProtocolClient (GrpcClientProtocolClient.java:onNext(264)) - client-8C798EE064B2->dd0a3b65-d36c-4f93-b232-3c8e6f6667b6: receive RaftClientReply:client-8C798EE064B2->dd0a3b65-d36c-4f93-b232-3c8e6f6667b6@group-B02456D89C11, cid=3327, SUCCESS, logIndex=4658, commits[dd0a3b65-d36c-4f93-b232-3c8e6f6667b6:c4660]
2019-09-18 13:04:42,550 [grpc-default-executor-0] INFO  client.GrpcClientProtocolClient (GrpcClientProtocolClient.java:onNext(264)) - client-8C798EE064B2->dd0a3b65-d36c-4f93-b232-3c8e6f6667b6: receive RaftClientReply:client-8C798EE064B2->dd0a3b65-d36c-4f93-b232-3c8e6f6667b6@group-B02456D89C11, cid=3328, SUCCESS, logIndex=4659, commits[dd0a3b65-d36c-4f93-b232-3c8e6f6667b6:c4660]
2019-09-18 13:04:42,585 [grpc-default-executor-1] INFO  client.GrpcClientProtocolClient (GrpcClientProtocolClient.java:onNext(264)) - client-8C798EE064B2->dd0a3b65-d36c-4f93-b232-3c8e6f6667b6: receive RaftClientReply:client-8C798EE064B2->dd0a3b65-d36c-4f93-b232-3c8e6f6667b6@group-B02456D89C11, cid=3329, SUCCESS, logIndex=4661, commits[dd0a3b65-d36c-4f93-b232-3c8e6f6667b6:c4662]
2019-09-18 13:04:42,586 [grpc-default-executor-1] INFO  client.GrpcClientProtocolClient (GrpcClientProtocolClient.java:onNext(264)) - client-8C798EE064B2->dd0a3b65-d36c-4f93-b232-3c8e6f6667b6: receive RaftClientReply:client-8C798EE064B2->dd0a3b65-d36c-4f93-b232-3c8e6f6667b6@group-B02456D89C11, cid=3330, SUCCESS, logIndex=4662, commits[dd0a3b65-d36c-4f93-b232-3c8e6f6667b6:c4664]
2019-09-18 13:04:42,586 [grpc-default-executor-1] INFO  client.GrpcClientProtocolClient (GrpcClientProtocolClient.java:onNext(264)) - client-8C798EE064B2->dd0a3b65-d36c-4f93-b232-3c8e6f6667b6: receive RaftClientReply:client-8C798EE064B2->dd0a3b65-d36c-4f93-b232-3c8e6f6667b6@group-B02456D89C11, cid=3331, SUCCESS, logIndex=4663, commits[dd0a3b65-d36c-4f93-b232-3c8e6f6667b6:c4665]
2019-09-18 13:04:42,586 [grpc-default-executor-1] INFO  client.GrpcClientProtocolClient (GrpcClientProtocolClient.java:onNext(264)) - client-8C798EE064B2->dd0a3b65-d36c-4f93-b232-3c8e6f6667b6: receive RaftClientReply:client-8C798EE064B2->dd0a3b65-d36c-4f93-b232-3c8e6f6667b6@group-B02456D89C11, cid=3332, SUCCESS, logIndex=4664, commits[dd0a3b65-d36c-4f93-b232-3c8e6f6667b6:c4665]
2019-09-18 13:04:42,606 [grpc-default-executor-1] INFO  client.GrpcClientProtocolClient (GrpcClientProtocolClient.java:onNext(264)) - client-8C798EE064B2->dd0a3b65-d36c-4f93-b232-3c8e6f6667b6: receive RaftClientReply:client-8C798EE064B2->dd0a3b65-d36c-4f93-b232-3c8e6f6667b6@group-B02456D89C11, cid=3333, SUCCESS, logIndex=4667, commits[dd0a3b65-d36c-4f93-b232-3c8e6f6667b6:c4670]
2019-09-18 13:04:42,606 [grpc-default-executor-1] INFO  client.GrpcClientProtocolClient (GrpcClientProtocolClient.java:onNext(264)) - client-8C798EE064B2->dd0a3b65-d36c-4f93-b232-3c8e6f6667b6: receive RaftClientReply:client-8C798EE064B2->dd0a3b65-d36c-4f93-b232-3c8e6f6667b6@group-B02456D89C11, cid=3334, SUCCESS, logIndex=4668, commits[dd0a3b65-d36c-4f93-b232-3c8e6f6667b6:c4671]
2019-09-18 13:04:42,607 [grpc-default-executor-1] INFO  client.GrpcClientProtocolClient (GrpcClientProtocolClient.java:onNext(264)) - client-8C798EE064B2->dd0a3b65-d36c-4f93-b232-3c8e6f6667b6: receive RaftClientReply:client-8C798EE064B2->dd0a3b65-d36c-4f93-b232-3c8e6f6667b6@group-B02456D89C11, cid=3335, SUCCESS, logIndex=4669, commits[dd0a3b65-d36c-4f93-b232-3c8e6f6667b6:c4671]
2019-09-18 13:04:42,607 [grpc-default-executor-1] INFO  client.GrpcClientProtocolClient (GrpcClientProtocolClient.java:onNext(264)) - client-8C798EE064B2->dd0a3b65-d36c-4f93-b232-3c8e6f6667b6: receive RaftClientReply:client-8C798EE064B2->dd0a3b65-d36c-4f93-b232-3c8e6f6667b6@group-B02456D89C11, cid=3336, SUCCESS, logIndex=4670, commits[dd0a3b65-d36c-4f93-b232-3c8e6f6667b6:c4671]
2019-09-18 13:04:42,629 [SCMBlockDeletingService#0] DEBUG block.SCMBlockDeletingService (SCMBlockDeletingService.java:call(138)) - Running DeletedBlockTransactionScanner
2019-09-18 13:04:42,629 [SCMBlockDeletingService#0] DEBUG block.SCMBlockDeletingService (SCMBlockDeletingService.java:call(155)) - Scanned deleted blocks log and got 0 delTX to process.
2019-09-18 13:04:42,636 [grpc-default-executor-1] INFO  client.GrpcClientProtocolClient (GrpcClientProtocolClient.java:onNext(264)) - client-8C798EE064B2->dd0a3b65-d36c-4f93-b232-3c8e6f6667b6: receive RaftClientReply:client-8C798EE064B2->dd0a3b65-d36c-4f93-b232-3c8e6f6667b6@group-B02456D89C11, cid=3337, SUCCESS, logIndex=4672, commits[dd0a3b65-d36c-4f93-b232-3c8e6f6667b6:c4673]
2019-09-18 13:04:42,636 [grpc-default-executor-1] INFO  client.GrpcClientProtocolClient (GrpcClientProtocolClient.java:onNext(264)) - client-8C798EE064B2->dd0a3b65-d36c-4f93-b232-3c8e6f6667b6: receive RaftClientReply:client-8C798EE064B2->dd0a3b65-d36c-4f93-b232-3c8e6f6667b6@group-B02456D89C11, cid=3338, SUCCESS, logIndex=4673, commits[dd0a3b65-d36c-4f93-b232-3c8e6f6667b6:c4673]
2019-09-18 13:04:42,638 [grpc-default-executor-1] INFO  client.GrpcClientProtocolClient (GrpcClientProtocolClient.java:onNext(264)) - client-8C798EE064B2->dd0a3b65-d36c-4f93-b232-3c8e6f6667b6: receive RaftClientReply:client-8C798EE064B2->dd0a3b65-d36c-4f93-b232-3c8e6f6667b6@group-B02456D89C11, cid=3339, SUCCESS, logIndex=4674, commits[dd0a3b65-d36c-4f93-b232-3c8e6f6667b6:c4675]
2019-09-18 13:04:42,638 [grpc-default-executor-1] INFO  client.GrpcClientProtocolClient (GrpcClientProtocolClient.java:onNext(264)) - client-8C798EE064B2->dd0a3b65-d36c-4f93-b232-3c8e6f6667b6: receive RaftClientReply:client-8C798EE064B2->dd0a3b65-d36c-4f93-b232-3c8e6f6667b6@group-B02456D89C11, cid=3340, SUCCESS, logIndex=4675, commits[dd0a3b65-d36c-4f93-b232-3c8e6f6667b6:c4675]
2019-09-18 13:04:42,650 [grpc-default-executor-1] INFO  client.GrpcClientProtocolClient (GrpcClientProtocolClient.java:onNext(264)) - client-8C798EE064B2->dd0a3b65-d36c-4f93-b232-3c8e6f6667b6: receive RaftClientReply:client-8C798EE064B2->dd0a3b65-d36c-4f93-b232-3c8e6f6667b6@group-B02456D89C11, cid=3341, SUCCESS, logIndex=4678, commits[dd0a3b65-d36c-4f93-b232-3c8e6f6667b6:c4681]
2019-09-18 13:04:42,650 [grpc-default-executor-1] INFO  client.GrpcClientProtocolClient (GrpcClientProtocolClient.java:onNext(264)) - client-8C798EE064B2->dd0a3b65-d36c-4f93-b232-3c8e6f6667b6: receive RaftClientReply:client-8C798EE064B2->dd0a3b65-d36c-4f93-b232-3c8e6f6667b6@group-B02456D89C11, cid=3342, SUCCESS, logIndex=4679, commits[dd0a3b65-d36c-4f93-b232-3c8e6f6667b6:c4681]
2019-09-18 13:04:42,651 [grpc-default-executor-1] INFO  client.GrpcClientProtocolClient (GrpcClientProtocolClient.java:onNext(264)) - client-8C798EE064B2->dd0a3b65-d36c-4f93-b232-3c8e6f6667b6: receive RaftClientReply:client-8C798EE064B2->dd0a3b65-d36c-4f93-b232-3c8e6f6667b6@group-B02456D89C11, cid=3343, SUCCESS, logIndex=4680, commits[dd0a3b65-d36c-4f93-b232-3c8e6f6667b6:c4681]
2019-09-18 13:04:42,651 [grpc-default-executor-1] INFO  client.GrpcClientProtocolClient (GrpcClientProtocolClient.java:onNext(264)) - client-8C798EE064B2->dd0a3b65-d36c-4f93-b232-3c8e6f6667b6: receive RaftClientReply:client-8C798EE064B2->dd0a3b65-d36c-4f93-b232-3c8e6f6667b6@group-B02456D89C11, cid=3344, SUCCESS, logIndex=4681, commits[dd0a3b65-d36c-4f93-b232-3c8e6f6667b6:c4681]
2019-09-18 13:04:42,679 [grpc-default-executor-0] INFO  client.GrpcClientProtocolClient (GrpcClientProtocolClient.java:onNext(264)) - client-8C798EE064B2->dd0a3b65-d36c-4f93-b232-3c8e6f6667b6: receive RaftClientReply:client-8C798EE064B2->dd0a3b65-d36c-4f93-b232-3c8e6f6667b6@group-B02456D89C11, cid=3345, SUCCESS, logIndex=4683, commits[dd0a3b65-d36c-4f93-b232-3c8e6f6667b6:c4686]
2019-09-18 13:04:42,680 [grpc-default-executor-0] INFO  client.GrpcClientProtocolClient (GrpcClientProtocolClient.java:onNext(264)) - client-8C798EE064B2->dd0a3b65-d36c-4f93-b232-3c8e6f6667b6: receive RaftClientReply:client-8C798EE064B2->dd0a3b65-d36c-4f93-b232-3c8e6f6667b6@group-B02456D89C11, cid=3346, SUCCESS, logIndex=4684, commits[dd0a3b65-d36c-4f93-b232-3c8e6f6667b6:c4687]
2019-09-18 13:04:42,680 [grpc-default-executor-0] INFO  client.GrpcClientProtocolClient (GrpcClientProtocolClient.java:onNext(264)) - client-8C798EE064B2->dd0a3b65-d36c-4f93-b232-3c8e6f6667b6: receive RaftClientReply:client-8C798EE064B2->dd0a3b65-d36c-4f93-b232-3c8e6f6667b6@group-B02456D89C11, cid=3347, SUCCESS, logIndex=4685, commits[dd0a3b65-d36c-4f93-b232-3c8e6f6667b6:c4687]
2019-09-18 13:04:42,680 [grpc-default-executor-0] INFO  client.GrpcClientProtocolClient (GrpcClientProtocolClient.java:onNext(264)) - client-8C798EE064B2->dd0a3b65-d36c-4f93-b232-3c8e6f6667b6: receive RaftClientReply:client-8C798EE064B2->dd0a3b65-d36c-4f93-b232-3c8e6f6667b6@group-B02456D89C11, cid=3348, SUCCESS, logIndex=4686, commits[dd0a3b65-d36c-4f93-b232-3c8e6f6667b6:c4687]
2019-09-18 13:04:42,698 [grpc-default-executor-1] INFO  client.GrpcClientProtocolClient (GrpcClientProtocolClient.java:onNext(264)) - client-8C798EE064B2->dd0a3b65-d36c-4f93-b232-3c8e6f6667b6: receive RaftClientReply:client-8C798EE064B2->dd0a3b65-d36c-4f93-b232-3c8e6f6667b6@group-B02456D89C11, cid=3349, SUCCESS, logIndex=4688, commits[dd0a3b65-d36c-4f93-b232-3c8e6f6667b6:c4689]
2019-09-18 13:04:42,699 [grpc-default-executor-1] INFO  client.GrpcClientProtocolClient (GrpcClientProtocolClient.java:onNext(264)) - client-8C798EE064B2->dd0a3b65-d36c-4f93-b232-3c8e6f6667b6: receive RaftClientReply:client-8C798EE064B2->dd0a3b65-d36c-4f93-b232-3c8e6f6667b6@group-B02456D89C11, cid=3350, SUCCESS, logIndex=4689, commits[dd0a3b65-d36c-4f93-b232-3c8e6f6667b6:c4689]
2019-09-18 13:04:42,700 [grpc-default-executor-1] INFO  client.GrpcClientProtocolClient (GrpcClientProtocolClient.java:onNext(264)) - client-8C798EE064B2->dd0a3b65-d36c-4f93-b232-3c8e6f6667b6: receive RaftClientReply:client-8C798EE064B2->dd0a3b65-d36c-4f93-b232-3c8e6f6667b6@group-B02456D89C11, cid=3351, SUCCESS, logIndex=4690, commits[dd0a3b65-d36c-4f93-b232-3c8e6f6667b6:c4691]
2019-09-18 13:04:42,701 [grpc-default-executor-1] INFO  client.GrpcClientProtocolClient (GrpcClientProtocolClient.java:onNext(264)) - client-8C798EE064B2->dd0a3b65-d36c-4f93-b232-3c8e6f6667b6: receive RaftClientReply:client-8C798EE064B2->dd0a3b65-d36c-4f93-b232-3c8e6f6667b6@group-B02456D89C11, cid=3352, SUCCESS, logIndex=4691, commits[dd0a3b65-d36c-4f93-b232-3c8e6f6667b6:c4691]
2019-09-18 13:04:42,729 [SCMBlockDeletingService#0] DEBUG block.SCMBlockDeletingService (SCMBlockDeletingService.java:call(138)) - Running DeletedBlockTransactionScanner
2019-09-18 13:04:42,730 [SCMBlockDeletingService#0] DEBUG block.SCMBlockDeletingService (SCMBlockDeletingService.java:call(155)) - Scanned deleted blocks log and got 0 delTX to process.
2019-09-18 13:04:42,730 [grpc-default-executor-1] INFO  client.GrpcClientProtocolClient (GrpcClientProtocolClient.java:onNext(264)) - client-8C798EE064B2->dd0a3b65-d36c-4f93-b232-3c8e6f6667b6: receive RaftClientReply:client-8C798EE064B2->dd0a3b65-d36c-4f93-b232-3c8e6f6667b6@group-B02456D89C11, cid=3353, SUCCESS, logIndex=4694, commits[dd0a3b65-d36c-4f93-b232-3c8e6f6667b6:c4697]
2019-09-18 13:04:42,730 [grpc-default-executor-1] INFO  client.GrpcClientProtocolClient (GrpcClientProtocolClient.java:onNext(264)) - client-8C798EE064B2->dd0a3b65-d36c-4f93-b232-3c8e6f6667b6: receive RaftClientReply:client-8C798EE064B2->dd0a3b65-d36c-4f93-b232-3c8e6f6667b6@group-B02456D89C11, cid=3354, SUCCESS, logIndex=4695, commits[dd0a3b65-d36c-4f93-b232-3c8e6f6667b6:c4697]
2019-09-18 13:04:42,731 [grpc-default-executor-1] INFO  client.GrpcClientProtocolClient (GrpcClientProtocolClient.java:onNext(264)) - client-8C798EE064B2->dd0a3b65-d36c-4f93-b232-3c8e6f6667b6: receive RaftClientReply:client-8C798EE064B2->dd0a3b65-d36c-4f93-b232-3c8e6f6667b6@group-B02456D89C11, cid=3355, SUCCESS, logIndex=4696, commits[dd0a3b65-d36c-4f93-b232-3c8e6f6667b6:c4697]
2019-09-18 13:04:42,731 [grpc-default-executor-1] INFO  client.GrpcClientProtocolClient (GrpcClientProtocolClient.java:onNext(264)) - client-8C798EE064B2->dd0a3b65-d36c-4f93-b232-3c8e6f6667b6: receive RaftClientReply:client-8C798EE064B2->dd0a3b65-d36c-4f93-b232-3c8e6f6667b6@group-B02456D89C11, cid=3356, SUCCESS, logIndex=4697, commits[dd0a3b65-d36c-4f93-b232-3c8e6f6667b6:c4697]
2019-09-18 13:04:42,750 [grpc-default-executor-0] INFO  client.GrpcClientProtocolClient (GrpcClientProtocolClient.java:onNext(264)) - client-8C798EE064B2->dd0a3b65-d36c-4f93-b232-3c8e6f6667b6: receive RaftClientReply:client-8C798EE064B2->dd0a3b65-d36c-4f93-b232-3c8e6f6667b6@group-B02456D89C11, cid=3357, SUCCESS, logIndex=4699, commits[dd0a3b65-d36c-4f93-b232-3c8e6f6667b6:c4700]
2019-09-18 13:04:42,750 [grpc-default-executor-0] INFO  client.GrpcClientProtocolClient (GrpcClientProtocolClient.java:onNext(264)) - client-8C798EE064B2->dd0a3b65-d36c-4f93-b232-3c8e6f6667b6: receive RaftClientReply:client-8C798EE064B2->dd0a3b65-d36c-4f93-b232-3c8e6f6667b6@group-B02456D89C11, cid=3358, SUCCESS, logIndex=4700, commits[dd0a3b65-d36c-4f93-b232-3c8e6f6667b6:c4701]
2019-09-18 13:04:42,830 [SCMBlockDeletingService#0] DEBUG block.SCMBlockDeletingService (SCMBlockDeletingService.java:call(138)) - Running DeletedBlockTransactionScanner
2019-09-18 13:04:42,830 [SCMBlockDeletingService#0] DEBUG block.SCMBlockDeletingService (SCMBlockDeletingService.java:call(155)) - Scanned deleted blocks log and got 0 delTX to process.
2019-09-18 13:04:42,840 [grpc-default-executor-1] INFO  client.GrpcClientProtocolClient (GrpcClientProtocolClient.java:onNext(264)) - client-8C798EE064B2->dd0a3b65-d36c-4f93-b232-3c8e6f6667b6: receive RaftClientReply:client-8C798EE064B2->dd0a3b65-d36c-4f93-b232-3c8e6f6667b6@group-B02456D89C11, cid=3359, SUCCESS, logIndex=4702, commits[dd0a3b65-d36c-4f93-b232-3c8e6f6667b6:c4703]
2019-09-18 13:04:42,840 [grpc-default-executor-1] INFO  client.GrpcClientProtocolClient (GrpcClientProtocolClient.java:onNext(264)) - client-8C798EE064B2->dd0a3b65-d36c-4f93-b232-3c8e6f6667b6: receive RaftClientReply:client-8C798EE064B2->dd0a3b65-d36c-4f93-b232-3c8e6f6667b6@group-B02456D89C11, cid=3360, SUCCESS, logIndex=4703, commits[dd0a3b65-d36c-4f93-b232-3c8e6f6667b6:c4704]
2019-09-18 13:04:43,417 [SCMBlockDeletingService#0] DEBUG block.SCMBlockDeletingService (SCMBlockDeletingService.java:call(138)) - Running DeletedBlockTransactionScanner
2019-09-18 13:04:43,418 [SCMBlockDeletingService#0] DEBUG block.SCMBlockDeletingService (SCMBlockDeletingService.java:call(155)) - Scanned deleted blocks log and got 0 delTX to process.
2019-09-18 13:04:43,444 [grpc-default-executor-1] INFO  client.GrpcClientProtocolClient (GrpcClientProtocolClient.java:onNext(264)) - client-8C798EE064B2->dd0a3b65-d36c-4f93-b232-3c8e6f6667b6: receive RaftClientReply:client-8C798EE064B2->dd0a3b65-d36c-4f93-b232-3c8e6f6667b6@group-B02456D89C11, cid=3361, SUCCESS, logIndex=4705, commits[dd0a3b65-d36c-4f93-b232-3c8e6f6667b6:c4706]
2019-09-18 13:04:43,444 [grpc-default-executor-1] INFO  client.GrpcClientProtocolClient (GrpcClientProtocolClient.java:onNext(264)) - client-8C798EE064B2->dd0a3b65-d36c-4f93-b232-3c8e6f6667b6: receive RaftClientReply:client-8C798EE064B2->dd0a3b65-d36c-4f93-b232-3c8e6f6667b6@group-B02456D89C11, cid=3362, SUCCESS, logIndex=4706, commits[dd0a3b65-d36c-4f93-b232-3c8e6f6667b6:c4706]
2019-09-18 13:04:43,446 [grpc-default-executor-1] INFO  client.GrpcClientProtocolClient (GrpcClientProtocolClient.java:onNext(264)) - client-8C798EE064B2->dd0a3b65-d36c-4f93-b232-3c8e6f6667b6: receive RaftClientReply:client-8C798EE064B2->dd0a3b65-d36c-4f93-b232-3c8e6f6667b6@group-B02456D89C11, cid=3363, SUCCESS, logIndex=4707, commits[dd0a3b65-d36c-4f93-b232-3c8e6f6667b6:c4708]
2019-09-18 13:04:43,446 [grpc-default-executor-1] INFO  client.GrpcClientProtocolClient (GrpcClientProtocolClient.java:onNext(264)) - client-8C798EE064B2->dd0a3b65-d36c-4f93-b232-3c8e6f6667b6: receive RaftClientReply:client-8C798EE064B2->dd0a3b65-d36c-4f93-b232-3c8e6f6667b6@group-B02456D89C11, cid=3364, SUCCESS, logIndex=4708, commits[dd0a3b65-d36c-4f93-b232-3c8e6f6667b6:c4708]
2019-09-18 13:04:43,469 [grpc-default-executor-1] INFO  client.GrpcClientProtocolClient (GrpcClientProtocolClient.java:onNext(264)) - client-8C798EE064B2->dd0a3b65-d36c-4f93-b232-3c8e6f6667b6: receive RaftClientReply:client-8C798EE064B2->dd0a3b65-d36c-4f93-b232-3c8e6f6667b6@group-B02456D89C11, cid=3365, SUCCESS, logIndex=4711, commits[dd0a3b65-d36c-4f93-b232-3c8e6f6667b6:c4714]
2019-09-18 13:04:43,470 [grpc-default-executor-1] INFO  client.GrpcClientProtocolClient (GrpcClientProtocolClient.java:onNext(264)) - client-8C798EE064B2->dd0a3b65-d36c-4f93-b232-3c8e6f6667b6: receive RaftClientReply:client-8C798EE064B2->dd0a3b65-d36c-4f93-b232-3c8e6f6667b6@group-B02456D89C11, cid=3366, SUCCESS, logIndex=4712, commits[dd0a3b65-d36c-4f93-b232-3c8e6f6667b6:c4715]
2019-09-18 13:04:43,470 [grpc-default-executor-1] INFO  client.GrpcClientProtocolClient (GrpcClientProtocolClient.java:onNext(264)) - client-8C798EE064B2->dd0a3b65-d36c-4f93-b232-3c8e6f6667b6: receive RaftClientReply:client-8C798EE064B2->dd0a3b65-d36c-4f93-b232-3c8e6f6667b6@group-B02456D89C11, cid=3367, SUCCESS, logIndex=4713, commits[dd0a3b65-d36c-4f93-b232-3c8e6f6667b6:c4715]
2019-09-18 13:04:43,470 [grpc-default-executor-1] INFO  client.GrpcClientProtocolClient (GrpcClientProtocolClient.java:onNext(264)) - client-8C798EE064B2->dd0a3b65-d36c-4f93-b232-3c8e6f6667b6: receive RaftClientReply:client-8C798EE064B2->dd0a3b65-d36c-4f93-b232-3c8e6f6667b6@group-B02456D89C11, cid=3368, SUCCESS, logIndex=4714, commits[dd0a3b65-d36c-4f93-b232-3c8e6f6667b6:c4715]
2019-09-18 13:04:43,502 [grpc-default-executor-1] INFO  client.GrpcClientProtocolClient (GrpcClientProtocolClient.java:onNext(264)) - client-8C798EE064B2->dd0a3b65-d36c-4f93-b232-3c8e6f6667b6: receive RaftClientReply:client-8C798EE064B2->dd0a3b65-d36c-4f93-b232-3c8e6f6667b6@group-B02456D89C11, cid=3369, SUCCESS, logIndex=4716, commits[dd0a3b65-d36c-4f93-b232-3c8e6f6667b6:c4717]
2019-09-18 13:04:43,502 [grpc-default-executor-1] INFO  client.GrpcClientProtocolClient (GrpcClientProtocolClient.java:onNext(264)) - client-8C798EE064B2->dd0a3b65-d36c-4f93-b232-3c8e6f6667b6: receive RaftClientReply:client-8C798EE064B2->dd0a3b65-d36c-4f93-b232-3c8e6f6667b6@group-B02456D89C11, cid=3370, SUCCESS, logIndex=4717, commits[dd0a3b65-d36c-4f93-b232-3c8e6f6667b6:c4719]
2019-09-18 13:04:43,503 [grpc-default-executor-1] INFO  client.GrpcClientProtocolClient (GrpcClientProtocolClient.java:onNext(264)) - client-8C798EE064B2->dd0a3b65-d36c-4f93-b232-3c8e6f6667b6: receive RaftClientReply:client-8C798EE064B2->dd0a3b65-d36c-4f93-b232-3c8e6f6667b6@group-B02456D89C11, cid=3371, SUCCESS, logIndex=4718, commits[dd0a3b65-d36c-4f93-b232-3c8e6f6667b6:c4719]
2019-09-18 13:04:43,503 [grpc-default-executor-1] INFO  client.GrpcClientProtocolClient (GrpcClientProtocolClient.java:onNext(264)) - client-8C798EE064B2->dd0a3b65-d36c-4f93-b232-3c8e6f6667b6: receive RaftClientReply:client-8C798EE064B2->dd0a3b65-d36c-4f93-b232-3c8e6f6667b6@group-B02456D89C11, cid=3372, SUCCESS, logIndex=4719, commits[dd0a3b65-d36c-4f93-b232-3c8e6f6667b6:c4719]
2019-09-18 13:04:43,518 [SCMBlockDeletingService#0] DEBUG block.SCMBlockDeletingService (SCMBlockDeletingService.java:call(138)) - Running DeletedBlockTransactionScanner
2019-09-18 13:04:43,518 [SCMBlockDeletingService#0] DEBUG block.SCMBlockDeletingService (SCMBlockDeletingService.java:call(155)) - Scanned deleted blocks log and got 0 delTX to process.
2019-09-18 13:04:43,522 [grpc-default-executor-0] INFO  client.GrpcClientProtocolClient (GrpcClientProtocolClient.java:onNext(264)) - client-8C798EE064B2->dd0a3b65-d36c-4f93-b232-3c8e6f6667b6: receive RaftClientReply:client-8C798EE064B2->dd0a3b65-d36c-4f93-b232-3c8e6f6667b6@group-B02456D89C11, cid=3373, SUCCESS, logIndex=4722, commits[dd0a3b65-d36c-4f93-b232-3c8e6f6667b6:c4723]
2019-09-18 13:04:43,523 [grpc-default-executor-0] INFO  client.GrpcClientProtocolClient (GrpcClientProtocolClient.java:onNext(264)) - client-8C798EE064B2->dd0a3b65-d36c-4f93-b232-3c8e6f6667b6: receive RaftClientReply:client-8C798EE064B2->dd0a3b65-d36c-4f93-b232-3c8e6f6667b6@group-B02456D89C11, cid=3374, SUCCESS, logIndex=4723, commits[dd0a3b65-d36c-4f93-b232-3c8e6f6667b6:c4725]
2019-09-18 13:04:43,523 [grpc-default-executor-0] INFO  client.GrpcClientProtocolClient (GrpcClientProtocolClient.java:onNext(264)) - client-8C798EE064B2->dd0a3b65-d36c-4f93-b232-3c8e6f6667b6: receive RaftClientReply:client-8C798EE064B2->dd0a3b65-d36c-4f93-b232-3c8e6f6667b6@group-B02456D89C11, cid=3375, SUCCESS, logIndex=4724, commits[dd0a3b65-d36c-4f93-b232-3c8e6f6667b6:c4725]
2019-09-18 13:04:43,523 [grpc-default-executor-0] INFO  client.GrpcClientProtocolClient (GrpcClientProtocolClient.java:onNext(264)) - client-8C798EE064B2->dd0a3b65-d36c-4f93-b232-3c8e6f6667b6: receive RaftClientReply:client-8C798EE064B2->dd0a3b65-d36c-4f93-b232-3c8e6f6667b6@group-B02456D89C11, cid=3376, SUCCESS, logIndex=4725, commits[dd0a3b65-d36c-4f93-b232-3c8e6f6667b6:c4726]
2019-09-18 13:04:43,552 [grpc-default-executor-1] INFO  client.GrpcClientProtocolClient (GrpcClientProtocolClient.java:onNext(264)) - client-8C798EE064B2->dd0a3b65-d36c-4f93-b232-3c8e6f6667b6: receive RaftClientReply:client-8C798EE064B2->dd0a3b65-d36c-4f93-b232-3c8e6f6667b6@group-B02456D89C11, cid=3377, SUCCESS, logIndex=4728, commits[dd0a3b65-d36c-4f93-b232-3c8e6f6667b6:c4729]
2019-09-18 13:04:43,553 [grpc-default-executor-1] INFO  client.GrpcClientProtocolClient (GrpcClientProtocolClient.java:onNext(264)) - client-8C798EE064B2->dd0a3b65-d36c-4f93-b232-3c8e6f6667b6: receive RaftClientReply:client-8C798EE064B2->dd0a3b65-d36c-4f93-b232-3c8e6f6667b6@group-B02456D89C11, cid=3378, SUCCESS, logIndex=4729, commits[dd0a3b65-d36c-4f93-b232-3c8e6f6667b6:c4729]
2019-09-18 13:04:43,554 [grpc-default-executor-1] INFO  client.GrpcClientProtocolClient (GrpcClientProtocolClient.java:onNext(264)) - client-8C798EE064B2->dd0a3b65-d36c-4f93-b232-3c8e6f6667b6: receive RaftClientReply:client-8C798EE064B2->dd0a3b65-d36c-4f93-b232-3c8e6f6667b6@group-B02456D89C11, cid=3379, SUCCESS, logIndex=4730, commits[dd0a3b65-d36c-4f93-b232-3c8e6f6667b6:c4731]
2019-09-18 13:04:43,554 [grpc-default-executor-1] INFO  client.GrpcClientProtocolClient (GrpcClientProtocolClient.java:onNext(264)) - client-8C798EE064B2->dd0a3b65-d36c-4f93-b232-3c8e6f6667b6: receive RaftClientReply:client-8C798EE064B2->dd0a3b65-d36c-4f93-b232-3c8e6f6667b6@group-B02456D89C11, cid=3380, SUCCESS, logIndex=4731, commits[dd0a3b65-d36c-4f93-b232-3c8e6f6667b6:c4731]
2019-09-18 13:04:43,566 [grpc-default-executor-1] INFO  client.GrpcClientProtocolClient (GrpcClientProtocolClient.java:onNext(264)) - client-8C798EE064B2->dd0a3b65-d36c-4f93-b232-3c8e6f6667b6: receive RaftClientReply:client-8C798EE064B2->dd0a3b65-d36c-4f93-b232-3c8e6f6667b6@group-B02456D89C11, cid=3381, SUCCESS, logIndex=4734, commits[dd0a3b65-d36c-4f93-b232-3c8e6f6667b6:c4737]
2019-09-18 13:04:43,567 [grpc-default-executor-1] INFO  client.GrpcClientProtocolClient (GrpcClientProtocolClient.java:onNext(264)) - client-8C798EE064B2->dd0a3b65-d36c-4f93-b232-3c8e6f6667b6: receive RaftClientReply:client-8C798EE064B2->dd0a3b65-d36c-4f93-b232-3c8e6f6667b6@group-B02456D89C11, cid=3382, SUCCESS, logIndex=4735, commits[dd0a3b65-d36c-4f93-b232-3c8e6f6667b6:c4738]
2019-09-18 13:04:43,567 [grpc-default-executor-1] INFO  client.GrpcClientProtocolClient (GrpcClientProtocolClient.java:onNext(264)) - client-8C798EE064B2->dd0a3b65-d36c-4f93-b232-3c8e6f6667b6: receive RaftClientReply:client-8C798EE064B2->dd0a3b65-d36c-4f93-b232-3c8e6f6667b6@group-B02456D89C11, cid=3383, SUCCESS, logIndex=4736, commits[dd0a3b65-d36c-4f93-b232-3c8e6f6667b6:c4738]
2019-09-18 13:04:43,567 [grpc-default-executor-1] INFO  client.GrpcClientProtocolClient (GrpcClientProtocolClient.java:onNext(264)) - client-8C798EE064B2->dd0a3b65-d36c-4f93-b232-3c8e6f6667b6: receive RaftClientReply:client-8C798EE064B2->dd0a3b65-d36c-4f93-b232-3c8e6f6667b6@group-B02456D89C11, cid=3384, SUCCESS, logIndex=4737, commits[dd0a3b65-d36c-4f93-b232-3c8e6f6667b6:c4738]
2019-09-18 13:04:43,598 [grpc-default-executor-0] INFO  client.GrpcClientProtocolClient (GrpcClientProtocolClient.java:onNext(264)) - client-8C798EE064B2->dd0a3b65-d36c-4f93-b232-3c8e6f6667b6: receive RaftClientReply:client-8C798EE064B2->dd0a3b65-d36c-4f93-b232-3c8e6f6667b6@group-B02456D89C11, cid=3385, SUCCESS, logIndex=4739, commits[dd0a3b65-d36c-4f93-b232-3c8e6f6667b6:c4742]
2019-09-18 13:04:43,599 [grpc-default-executor-0] INFO  client.GrpcClientProtocolClient (GrpcClientProtocolClient.java:onNext(264)) - client-8C798EE064B2->dd0a3b65-d36c-4f93-b232-3c8e6f6667b6: receive RaftClientReply:client-8C798EE064B2->dd0a3b65-d36c-4f93-b232-3c8e6f6667b6@group-B02456D89C11, cid=3386, SUCCESS, logIndex=4740, commits[dd0a3b65-d36c-4f93-b232-3c8e6f6667b6:c4742]
2019-09-18 13:04:43,599 [grpc-default-executor-0] INFO  client.GrpcClientProtocolClient (GrpcClientProtocolClient.java:onNext(264)) - client-8C798EE064B2->dd0a3b65-d36c-4f93-b232-3c8e6f6667b6: receive RaftClientReply:client-8C798EE064B2->dd0a3b65-d36c-4f93-b232-3c8e6f6667b6@group-B02456D89C11, cid=3387, SUCCESS, logIndex=4741, commits[dd0a3b65-d36c-4f93-b232-3c8e6f6667b6:c4742]
2019-09-18 13:04:43,599 [grpc-default-executor-0] INFO  client.GrpcClientProtocolClient (GrpcClientProtocolClient.java:onNext(264)) - client-8C798EE064B2->dd0a3b65-d36c-4f93-b232-3c8e6f6667b6: receive RaftClientReply:client-8C798EE064B2->dd0a3b65-d36c-4f93-b232-3c8e6f6667b6@group-B02456D89C11, cid=3388, SUCCESS, logIndex=4742, commits[dd0a3b65-d36c-4f93-b232-3c8e6f6667b6:c4742]
2019-09-18 13:04:43,618 [grpc-default-executor-0] INFO  client.GrpcClientProtocolClient (GrpcClientProtocolClient.java:onNext(264)) - client-8C798EE064B2->dd0a3b65-d36c-4f93-b232-3c8e6f6667b6: receive RaftClientReply:client-8C798EE064B2->dd0a3b65-d36c-4f93-b232-3c8e6f6667b6@group-B02456D89C11, cid=3389, SUCCESS, logIndex=4744, commits[dd0a3b65-d36c-4f93-b232-3c8e6f6667b6:c4745]
2019-09-18 13:04:43,618 [grpc-default-executor-0] INFO  client.GrpcClientProtocolClient (GrpcClientProtocolClient.java:onNext(264)) - client-8C798EE064B2->dd0a3b65-d36c-4f93-b232-3c8e6f6667b6: receive RaftClientReply:client-8C798EE064B2->dd0a3b65-d36c-4f93-b232-3c8e6f6667b6@group-B02456D89C11, cid=3390, SUCCESS, logIndex=4745, commits[dd0a3b65-d36c-4f93-b232-3c8e6f6667b6:c4747]
2019-09-18 13:04:43,619 [grpc-default-executor-0] INFO  client.GrpcClientProtocolClient (GrpcClientProtocolClient.java:onNext(264)) - client-8C798EE064B2->dd0a3b65-d36c-4f93-b232-3c8e6f6667b6: receive RaftClientReply:client-8C798EE064B2->dd0a3b65-d36c-4f93-b232-3c8e6f6667b6@group-B02456D89C11, cid=3391, SUCCESS, logIndex=4746, commits[dd0a3b65-d36c-4f93-b232-3c8e6f6667b6:c4747]
2019-09-18 13:04:43,619 [SCMBlockDeletingService#0] DEBUG block.SCMBlockDeletingService (SCMBlockDeletingService.java:call(138)) - Running DeletedBlockTransactionScanner
2019-09-18 13:04:43,619 [grpc-default-executor-0] INFO  client.GrpcClientProtocolClient (GrpcClientProtocolClient.java:onNext(264)) - client-8C798EE064B2->dd0a3b65-d36c-4f93-b232-3c8e6f6667b6: receive RaftClientReply:client-8C798EE064B2->dd0a3b65-d36c-4f93-b232-3c8e6f6667b6@group-B02456D89C11, cid=3392, SUCCESS, logIndex=4747, commits[dd0a3b65-d36c-4f93-b232-3c8e6f6667b6:c4748]
2019-09-18 13:04:43,619 [SCMBlockDeletingService#0] DEBUG block.SCMBlockDeletingService (SCMBlockDeletingService.java:call(155)) - Scanned deleted blocks log and got 0 delTX to process.
2019-09-18 13:04:43,649 [grpc-default-executor-1] INFO  client.GrpcClientProtocolClient (GrpcClientProtocolClient.java:onNext(264)) - client-8C798EE064B2->dd0a3b65-d36c-4f93-b232-3c8e6f6667b6: receive RaftClientReply:client-8C798EE064B2->dd0a3b65-d36c-4f93-b232-3c8e6f6667b6@group-B02456D89C11, cid=3393, SUCCESS, logIndex=4750, commits[dd0a3b65-d36c-4f93-b232-3c8e6f6667b6:c4753]
2019-09-18 13:04:43,650 [grpc-default-executor-1] INFO  client.GrpcClientProtocolClient (GrpcClientProtocolClient.java:onNext(264)) - client-8C798EE064B2->dd0a3b65-d36c-4f93-b232-3c8e6f6667b6: receive RaftClientReply:client-8C798EE064B2->dd0a3b65-d36c-4f93-b232-3c8e6f6667b6@group-B02456D89C11, cid=3394, SUCCESS, logIndex=4751, commits[dd0a3b65-d36c-4f93-b232-3c8e6f6667b6:c4753]
2019-09-18 13:04:43,650 [grpc-default-executor-1] INFO  client.GrpcClientProtocolClient (GrpcClientProtocolClient.java:onNext(264)) - client-8C798EE064B2->dd0a3b65-d36c-4f93-b232-3c8e6f6667b6: receive RaftClientReply:client-8C798EE064B2->dd0a3b65-d36c-4f93-b232-3c8e6f6667b6@group-B02456D89C11, cid=3395, SUCCESS, logIndex=4752, commits[dd0a3b65-d36c-4f93-b232-3c8e6f6667b6:c4754]
2019-09-18 13:04:43,650 [grpc-default-executor-1] INFO  client.GrpcClientProtocolClient (GrpcClientProtocolClient.java:onNext(264)) - client-8C798EE064B2->dd0a3b65-d36c-4f93-b232-3c8e6f6667b6: receive RaftClientReply:client-8C798EE064B2->dd0a3b65-d36c-4f93-b232-3c8e6f6667b6@group-B02456D89C11, cid=3396, SUCCESS, logIndex=4753, commits[dd0a3b65-d36c-4f93-b232-3c8e6f6667b6:c4754]
2019-09-18 13:04:43,669 [grpc-default-executor-1] INFO  client.GrpcClientProtocolClient (GrpcClientProtocolClient.java:onNext(264)) - client-8C798EE064B2->dd0a3b65-d36c-4f93-b232-3c8e6f6667b6: receive RaftClientReply:client-8C798EE064B2->dd0a3b65-d36c-4f93-b232-3c8e6f6667b6@group-B02456D89C11, cid=3397, SUCCESS, logIndex=4755, commits[dd0a3b65-d36c-4f93-b232-3c8e6f6667b6:c4756]
2019-09-18 13:04:43,669 [grpc-default-executor-1] INFO  client.GrpcClientProtocolClient (GrpcClientProtocolClient.java:onNext(264)) - client-8C798EE064B2->dd0a3b65-d36c-4f93-b232-3c8e6f6667b6: receive RaftClientReply:client-8C798EE064B2->dd0a3b65-d36c-4f93-b232-3c8e6f6667b6@group-B02456D89C11, cid=3398, SUCCESS, logIndex=4756, commits[dd0a3b65-d36c-4f93-b232-3c8e6f6667b6:c4758]
2019-09-18 13:04:43,670 [grpc-default-executor-1] INFO  client.GrpcClientProtocolClient (GrpcClientProtocolClient.java:onNext(264)) - client-8C798EE064B2->dd0a3b65-d36c-4f93-b232-3c8e6f6667b6: receive RaftClientReply:client-8C798EE064B2->dd0a3b65-d36c-4f93-b232-3c8e6f6667b6@group-B02456D89C11, cid=3399, SUCCESS, logIndex=4757, commits[dd0a3b65-d36c-4f93-b232-3c8e6f6667b6:c4759]
2019-09-18 13:04:43,670 [grpc-default-executor-1] INFO  client.GrpcClientProtocolClient (GrpcClientProtocolClient.java:onNext(264)) - client-8C798EE064B2->dd0a3b65-d36c-4f93-b232-3c8e6f6667b6: receive RaftClientReply:client-8C798EE064B2->dd0a3b65-d36c-4f93-b232-3c8e6f6667b6@group-B02456D89C11, cid=3400, SUCCESS, logIndex=4758, commits[dd0a3b65-d36c-4f93-b232-3c8e6f6667b6:c4759]
2019-09-18 13:04:43,699 [grpc-default-executor-1] INFO  client.GrpcClientProtocolClient (GrpcClientProtocolClient.java:onNext(264)) - client-8C798EE064B2->dd0a3b65-d36c-4f93-b232-3c8e6f6667b6: receive RaftClientReply:client-8C798EE064B2->dd0a3b65-d36c-4f93-b232-3c8e6f6667b6@group-B02456D89C11, cid=3401, SUCCESS, logIndex=4761, commits[dd0a3b65-d36c-4f93-b232-3c8e6f6667b6:c4762]
2019-09-18 13:04:43,700 [grpc-default-executor-1] INFO  client.GrpcClientProtocolClient (GrpcClientProtocolClient.java:onNext(264)) - client-8C798EE064B2->dd0a3b65-d36c-4f93-b232-3c8e6f6667b6: receive RaftClientReply:client-8C798EE064B2->dd0a3b65-d36c-4f93-b232-3c8e6f6667b6@group-B02456D89C11, cid=3402, SUCCESS, logIndex=4762, commits[dd0a3b65-d36c-4f93-b232-3c8e6f6667b6:c4763]
2019-09-18 13:04:43,719 [SCMBlockDeletingService#0] DEBUG block.SCMBlockDeletingService (SCMBlockDeletingService.java:call(138)) - Running DeletedBlockTransactionScanner
2019-09-18 13:04:43,720 [SCMBlockDeletingService#0] DEBUG block.SCMBlockDeletingService (SCMBlockDeletingService.java:call(155)) - Scanned deleted blocks log and got 0 delTX to process.
2019-09-18 13:04:43,794 [grpc-default-executor-0] INFO  client.GrpcClientProtocolClient (GrpcClientProtocolClient.java:onNext(264)) - client-8C798EE064B2->dd0a3b65-d36c-4f93-b232-3c8e6f6667b6: receive RaftClientReply:client-8C798EE064B2->dd0a3b65-d36c-4f93-b232-3c8e6f6667b6@group-B02456D89C11, cid=3403, SUCCESS, logIndex=4764, commits[dd0a3b65-d36c-4f93-b232-3c8e6f6667b6:c4765]
2019-09-18 13:04:43,794 [grpc-default-executor-0] INFO  client.GrpcClientProtocolClient (GrpcClientProtocolClient.java:onNext(264)) - client-8C798EE064B2->dd0a3b65-d36c-4f93-b232-3c8e6f6667b6: receive RaftClientReply:client-8C798EE064B2->dd0a3b65-d36c-4f93-b232-3c8e6f6667b6@group-B02456D89C11, cid=3404, SUCCESS, logIndex=4765, commits[dd0a3b65-d36c-4f93-b232-3c8e6f6667b6:c4766]
2019-09-18 13:04:43,814 [grpc-default-executor-0] INFO  client.GrpcClientProtocolClient (GrpcClientProtocolClient.java:onNext(264)) - client-8C798EE064B2->dd0a3b65-d36c-4f93-b232-3c8e6f6667b6: receive RaftClientReply:client-8C798EE064B2->dd0a3b65-d36c-4f93-b232-3c8e6f6667b6@group-B02456D89C11, cid=3405, SUCCESS, logIndex=4767, commits[dd0a3b65-d36c-4f93-b232-3c8e6f6667b6:c4770]
2019-09-18 13:04:43,815 [grpc-default-executor-0] INFO  client.GrpcClientProtocolClient (GrpcClientProtocolClient.java:onNext(264)) - client-8C798EE064B2->dd0a3b65-d36c-4f93-b232-3c8e6f6667b6: receive RaftClientReply:client-8C798EE064B2->dd0a3b65-d36c-4f93-b232-3c8e6f6667b6@group-B02456D89C11, cid=3406, SUCCESS, logIndex=4768, commits[dd0a3b65-d36c-4f93-b232-3c8e6f6667b6:c4771]
2019-09-18 13:04:43,815 [grpc-default-executor-0] INFO  client.GrpcClientProtocolClient (GrpcClientProtocolClient.java:onNext(264)) - client-8C798EE064B2->dd0a3b65-d36c-4f93-b232-3c8e6f6667b6: receive RaftClientReply:client-8C798EE064B2->dd0a3b65-d36c-4f93-b232-3c8e6f6667b6@group-B02456D89C11, cid=3407, SUCCESS, logIndex=4769, commits[dd0a3b65-d36c-4f93-b232-3c8e6f6667b6:c4771]
2019-09-18 13:04:43,816 [grpc-default-executor-0] INFO  client.GrpcClientProtocolClient (GrpcClientProtocolClient.java:onNext(264)) - client-8C798EE064B2->dd0a3b65-d36c-4f93-b232-3c8e6f6667b6: receive RaftClientReply:client-8C798EE064B2->dd0a3b65-d36c-4f93-b232-3c8e6f6667b6@group-B02456D89C11, cid=3408, SUCCESS, logIndex=4770, commits[dd0a3b65-d36c-4f93-b232-3c8e6f6667b6:c4771]
2019-09-18 13:04:43,822 [SCMBlockDeletingService#0] DEBUG block.SCMBlockDeletingService (SCMBlockDeletingService.java:call(138)) - Running DeletedBlockTransactionScanner
2019-09-18 13:04:43,822 [SCMBlockDeletingService#0] DEBUG block.SCMBlockDeletingService (SCMBlockDeletingService.java:call(155)) - Scanned deleted blocks log and got 0 delTX to process.
2019-09-18 13:04:43,849 [grpc-default-executor-0] INFO  client.GrpcClientProtocolClient (GrpcClientProtocolClient.java:onNext(264)) - client-8C798EE064B2->dd0a3b65-d36c-4f93-b232-3c8e6f6667b6: receive RaftClientReply:client-8C798EE064B2->dd0a3b65-d36c-4f93-b232-3c8e6f6667b6@group-B02456D89C11, cid=3409, SUCCESS, logIndex=4772, commits[dd0a3b65-d36c-4f93-b232-3c8e6f6667b6:c4775]
2019-09-18 13:04:43,850 [grpc-default-executor-0] INFO  client.GrpcClientProtocolClient (GrpcClientProtocolClient.java:onNext(264)) - client-8C798EE064B2->dd0a3b65-d36c-4f93-b232-3c8e6f6667b6: receive RaftClientReply:client-8C798EE064B2->dd0a3b65-d36c-4f93-b232-3c8e6f6667b6@group-B02456D89C11, cid=3410, SUCCESS, logIndex=4773, commits[dd0a3b65-d36c-4f93-b232-3c8e6f6667b6:c4776]
2019-09-18 13:04:43,850 [grpc-default-executor-0] INFO  client.GrpcClientProtocolClient (GrpcClientProtocolClient.java:onNext(264)) - client-8C798EE064B2->dd0a3b65-d36c-4f93-b232-3c8e6f6667b6: receive RaftClientReply:client-8C798EE064B2->dd0a3b65-d36c-4f93-b232-3c8e6f6667b6@group-B02456D89C11, cid=3411, SUCCESS, logIndex=4774, commits[dd0a3b65-d36c-4f93-b232-3c8e6f6667b6:c4776]
2019-09-18 13:04:43,850 [grpc-default-executor-0] INFO  client.GrpcClientProtocolClient (GrpcClientProtocolClient.java:onNext(264)) - client-8C798EE064B2->dd0a3b65-d36c-4f93-b232-3c8e6f6667b6: receive RaftClientReply:client-8C798EE064B2->dd0a3b65-d36c-4f93-b232-3c8e6f6667b6@group-B02456D89C11, cid=3412, SUCCESS, logIndex=4775, commits[dd0a3b65-d36c-4f93-b232-3c8e6f6667b6:c4776]
2019-09-18 13:04:43,869 [grpc-default-executor-1] INFO  client.GrpcClientProtocolClient (GrpcClientProtocolClient.java:onNext(264)) - client-8C798EE064B2->dd0a3b65-d36c-4f93-b232-3c8e6f6667b6: receive RaftClientReply:client-8C798EE064B2->dd0a3b65-d36c-4f93-b232-3c8e6f6667b6@group-B02456D89C11, cid=3413, SUCCESS, logIndex=4777, commits[dd0a3b65-d36c-4f93-b232-3c8e6f6667b6:c4778]
2019-09-18 13:04:43,869 [grpc-default-executor-1] INFO  client.GrpcClientProtocolClient (GrpcClientProtocolClient.java:onNext(264)) - client-8C798EE064B2->dd0a3b65-d36c-4f93-b232-3c8e6f6667b6: receive RaftClientReply:client-8C798EE064B2->dd0a3b65-d36c-4f93-b232-3c8e6f6667b6@group-B02456D89C11, cid=3414, SUCCESS, logIndex=4778, commits[dd0a3b65-d36c-4f93-b232-3c8e6f6667b6:c4778]
2019-09-18 13:04:43,871 [grpc-default-executor-1] INFO  client.GrpcClientProtocolClient (GrpcClientProtocolClient.java:onNext(264)) - client-8C798EE064B2->dd0a3b65-d36c-4f93-b232-3c8e6f6667b6: receive RaftClientReply:client-8C798EE064B2->dd0a3b65-d36c-4f93-b232-3c8e6f6667b6@group-B02456D89C11, cid=3415, SUCCESS, logIndex=4779, commits[dd0a3b65-d36c-4f93-b232-3c8e6f6667b6:c4780]
2019-09-18 13:04:43,871 [grpc-default-executor-1] INFO  client.GrpcClientProtocolClient (GrpcClientProtocolClient.java:onNext(264)) - client-8C798EE064B2->dd0a3b65-d36c-4f93-b232-3c8e6f6667b6: receive RaftClientReply:client-8C798EE064B2->dd0a3b65-d36c-4f93-b232-3c8e6f6667b6@group-B02456D89C11, cid=3416, SUCCESS, logIndex=4780, commits[dd0a3b65-d36c-4f93-b232-3c8e6f6667b6:c4780]
2019-09-18 13:04:43,902 [grpc-default-executor-1] INFO  client.GrpcClientProtocolClient (GrpcClientProtocolClient.java:onNext(264)) - client-8C798EE064B2->dd0a3b65-d36c-4f93-b232-3c8e6f6667b6: receive RaftClientReply:client-8C798EE064B2->dd0a3b65-d36c-4f93-b232-3c8e6f6667b6@group-B02456D89C11, cid=3417, SUCCESS, logIndex=4783, commits[dd0a3b65-d36c-4f93-b232-3c8e6f6667b6:c4786]
2019-09-18 13:04:43,902 [grpc-default-executor-1] INFO  client.GrpcClientProtocolClient (GrpcClientProtocolClient.java:onNext(264)) - client-8C798EE064B2->dd0a3b65-d36c-4f93-b232-3c8e6f6667b6: receive RaftClientReply:client-8C798EE064B2->dd0a3b65-d36c-4f93-b232-3c8e6f6667b6@group-B02456D89C11, cid=3418, SUCCESS, logIndex=4784, commits[dd0a3b65-d36c-4f93-b232-3c8e6f6667b6:c4787]
2019-09-18 13:04:43,903 [grpc-default-executor-1] INFO  client.GrpcClientProtocolClient (GrpcClientProtocolClient.java:onNext(264)) - client-8C798EE064B2->dd0a3b65-d36c-4f93-b232-3c8e6f6667b6: receive RaftClientReply:client-8C798EE064B2->dd0a3b65-d36c-4f93-b232-3c8e6f6667b6@group-B02456D89C11, cid=3419, SUCCESS, logIndex=4785, commits[dd0a3b65-d36c-4f93-b232-3c8e6f6667b6:c4787]
2019-09-18 13:04:43,903 [grpc-default-executor-1] INFO  client.GrpcClientProtocolClient (GrpcClientProtocolClient.java:onNext(264)) - client-8C798EE064B2->dd0a3b65-d36c-4f93-b232-3c8e6f6667b6: receive RaftClientReply:client-8C798EE064B2->dd0a3b65-d36c-4f93-b232-3c8e6f6667b6@group-B02456D89C11, cid=3420, SUCCESS, logIndex=4786, commits[dd0a3b65-d36c-4f93-b232-3c8e6f6667b6:c4787]
2019-09-18 13:04:43,922 [SCMBlockDeletingService#0] DEBUG block.SCMBlockDeletingService (SCMBlockDeletingService.java:call(138)) - Running DeletedBlockTransactionScanner
2019-09-18 13:04:43,922 [SCMBlockDeletingService#0] DEBUG block.SCMBlockDeletingService (SCMBlockDeletingService.java:call(155)) - Scanned deleted blocks log and got 0 delTX to process.
2019-09-18 13:04:43,925 [grpc-default-executor-1] INFO  client.GrpcClientProtocolClient (GrpcClientProtocolClient.java:onNext(264)) - client-8C798EE064B2->dd0a3b65-d36c-4f93-b232-3c8e6f6667b6: receive RaftClientReply:client-8C798EE064B2->dd0a3b65-d36c-4f93-b232-3c8e6f6667b6@group-B02456D89C11, cid=3421, SUCCESS, logIndex=4788, commits[dd0a3b65-d36c-4f93-b232-3c8e6f6667b6:c4791]
2019-09-18 13:04:43,925 [grpc-default-executor-1] INFO  client.GrpcClientProtocolClient (GrpcClientProtocolClient.java:onNext(264)) - client-8C798EE064B2->dd0a3b65-d36c-4f93-b232-3c8e6f6667b6: receive RaftClientReply:client-8C798EE064B2->dd0a3b65-d36c-4f93-b232-3c8e6f6667b6@group-B02456D89C11, cid=3422, SUCCESS, logIndex=4789, commits[dd0a3b65-d36c-4f93-b232-3c8e6f6667b6:c4792]
2019-09-18 13:04:43,925 [grpc-default-executor-1] INFO  client.GrpcClientProtocolClient (GrpcClientProtocolClient.java:onNext(264)) - client-8C798EE064B2->dd0a3b65-d36c-4f93-b232-3c8e6f6667b6: receive RaftClientReply:client-8C798EE064B2->dd0a3b65-d36c-4f93-b232-3c8e6f6667b6@group-B02456D89C11, cid=3423, SUCCESS, logIndex=4790, commits[dd0a3b65-d36c-4f93-b232-3c8e6f6667b6:c4792]
2019-09-18 13:04:43,926 [grpc-default-executor-1] INFO  client.GrpcClientProtocolClient (GrpcClientProtocolClient.java:onNext(264)) - client-8C798EE064B2->dd0a3b65-d36c-4f93-b232-3c8e6f6667b6: receive RaftClientReply:client-8C798EE064B2->dd0a3b65-d36c-4f93-b232-3c8e6f6667b6@group-B02456D89C11, cid=3424, SUCCESS, logIndex=4791, commits[dd0a3b65-d36c-4f93-b232-3c8e6f6667b6:c4792]
2019-09-18 13:04:43,954 [grpc-default-executor-0] INFO  client.GrpcClientProtocolClient (GrpcClientProtocolClient.java:onNext(264)) - client-8C798EE064B2->dd0a3b65-d36c-4f93-b232-3c8e6f6667b6: receive RaftClientReply:client-8C798EE064B2->dd0a3b65-d36c-4f93-b232-3c8e6f6667b6@group-B02456D89C11, cid=3425, SUCCESS, logIndex=4793, commits[dd0a3b65-d36c-4f93-b232-3c8e6f6667b6:c4794]
2019-09-18 13:04:43,954 [grpc-default-executor-0] INFO  client.GrpcClientProtocolClient (GrpcClientProtocolClient.java:onNext(264)) - client-8C798EE064B2->dd0a3b65-d36c-4f93-b232-3c8e6f6667b6: receive RaftClientReply:client-8C798EE064B2->dd0a3b65-d36c-4f93-b232-3c8e6f6667b6@group-B02456D89C11, cid=3426, SUCCESS, logIndex=4794, commits[dd0a3b65-d36c-4f93-b232-3c8e6f6667b6:c4796]
2019-09-18 13:04:43,954 [grpc-default-executor-0] INFO  client.GrpcClientProtocolClient (GrpcClientProtocolClient.java:onNext(264)) - client-8C798EE064B2->dd0a3b65-d36c-4f93-b232-3c8e6f6667b6: receive RaftClientReply:client-8C798EE064B2->dd0a3b65-d36c-4f93-b232-3c8e6f6667b6@group-B02456D89C11, cid=3427, SUCCESS, logIndex=4795, commits[dd0a3b65-d36c-4f93-b232-3c8e6f6667b6:c4797]
2019-09-18 13:04:43,955 [grpc-default-executor-0] INFO  client.GrpcClientProtocolClient (GrpcClientProtocolClient.java:onNext(264)) - client-8C798EE064B2->dd0a3b65-d36c-4f93-b232-3c8e6f6667b6: receive RaftClientReply:client-8C798EE064B2->dd0a3b65-d36c-4f93-b232-3c8e6f6667b6@group-B02456D89C11, cid=3428, SUCCESS, logIndex=4796, commits[dd0a3b65-d36c-4f93-b232-3c8e6f6667b6:c4797]
2019-09-18 13:04:43,975 [grpc-default-executor-0] INFO  client.GrpcClientProtocolClient (GrpcClientProtocolClient.java:onNext(264)) - client-8C798EE064B2->dd0a3b65-d36c-4f93-b232-3c8e6f6667b6: receive RaftClientReply:client-8C798EE064B2->dd0a3b65-d36c-4f93-b232-3c8e6f6667b6@group-B02456D89C11, cid=3429, SUCCESS, logIndex=4799, commits[dd0a3b65-d36c-4f93-b232-3c8e6f6667b6:c4802]
2019-09-18 13:04:43,975 [grpc-default-executor-0] INFO  client.GrpcClientProtocolClient (GrpcClientProtocolClient.java:onNext(264)) - client-8C798EE064B2->dd0a3b65-d36c-4f93-b232-3c8e6f6667b6: receive RaftClientReply:client-8C798EE064B2->dd0a3b65-d36c-4f93-b232-3c8e6f6667b6@group-B02456D89C11, cid=3430, SUCCESS, logIndex=4800, commits[dd0a3b65-d36c-4f93-b232-3c8e6f6667b6:c4803]
2019-09-18 13:04:43,975 [grpc-default-executor-0] INFO  client.GrpcClientProtocolClient (GrpcClientProtocolClient.java:onNext(264)) - client-8C798EE064B2->dd0a3b65-d36c-4f93-b232-3c8e6f6667b6: receive RaftClientReply:client-8C798EE064B2->dd0a3b65-d36c-4f93-b232-3c8e6f6667b6@group-B02456D89C11, cid=3431, SUCCESS, logIndex=4801, commits[dd0a3b65-d36c-4f93-b232-3c8e6f6667b6:c4803]
2019-09-18 13:04:43,976 [grpc-default-executor-0] INFO  client.GrpcClientProtocolClient (GrpcClientProtocolClient.java:onNext(264)) - client-8C798EE064B2->dd0a3b65-d36c-4f93-b232-3c8e6f6667b6: receive RaftClientReply:client-8C798EE064B2->dd0a3b65-d36c-4f93-b232-3c8e6f6667b6@group-B02456D89C11, cid=3432, SUCCESS, logIndex=4802, commits[dd0a3b65-d36c-4f93-b232-3c8e6f6667b6:c4803]
2019-09-18 13:04:44,004 [grpc-default-executor-0] INFO  client.GrpcClientProtocolClient (GrpcClientProtocolClient.java:onNext(264)) - client-8C798EE064B2->dd0a3b65-d36c-4f93-b232-3c8e6f6667b6: receive RaftClientReply:client-8C798EE064B2->dd0a3b65-d36c-4f93-b232-3c8e6f6667b6@group-B02456D89C11, cid=3433, SUCCESS, logIndex=4804, commits[dd0a3b65-d36c-4f93-b232-3c8e6f6667b6:c4807]
2019-09-18 13:04:44,005 [grpc-default-executor-0] INFO  client.GrpcClientProtocolClient (GrpcClientProtocolClient.java:onNext(264)) - client-8C798EE064B2->dd0a3b65-d36c-4f93-b232-3c8e6f6667b6: receive RaftClientReply:client-8C798EE064B2->dd0a3b65-d36c-4f93-b232-3c8e6f6667b6@group-B02456D89C11, cid=3434, SUCCESS, logIndex=4805, commits[dd0a3b65-d36c-4f93-b232-3c8e6f6667b6:c4808]
2019-09-18 13:04:44,005 [grpc-default-executor-0] INFO  client.GrpcClientProtocolClient (GrpcClientProtocolClient.java:onNext(264)) - client-8C798EE064B2->dd0a3b65-d36c-4f93-b232-3c8e6f6667b6: receive RaftClientReply:client-8C798EE064B2->dd0a3b65-d36c-4f93-b232-3c8e6f6667b6@group-B02456D89C11, cid=3435, SUCCESS, logIndex=4806, commits[dd0a3b65-d36c-4f93-b232-3c8e6f6667b6:c4808]
2019-09-18 13:04:44,005 [grpc-default-executor-0] INFO  client.GrpcClientProtocolClient (GrpcClientProtocolClient.java:onNext(264)) - client-8C798EE064B2->dd0a3b65-d36c-4f93-b232-3c8e6f6667b6: receive RaftClientReply:client-8C798EE064B2->dd0a3b65-d36c-4f93-b232-3c8e6f6667b6@group-B02456D89C11, cid=3436, SUCCESS, logIndex=4807, commits[dd0a3b65-d36c-4f93-b232-3c8e6f6667b6:c4808]
2019-09-18 13:04:44,022 [grpc-default-executor-0] INFO  client.GrpcClientProtocolClient (GrpcClientProtocolClient.java:onNext(264)) - client-8C798EE064B2->dd0a3b65-d36c-4f93-b232-3c8e6f6667b6: receive RaftClientReply:client-8C798EE064B2->dd0a3b65-d36c-4f93-b232-3c8e6f6667b6@group-B02456D89C11, cid=3437, SUCCESS, logIndex=4809, commits[dd0a3b65-d36c-4f93-b232-3c8e6f6667b6:c4810]
2019-09-18 13:04:44,022 [grpc-default-executor-0] INFO  client.GrpcClientProtocolClient (GrpcClientProtocolClient.java:onNext(264)) - client-8C798EE064B2->dd0a3b65-d36c-4f93-b232-3c8e6f6667b6: receive RaftClientReply:client-8C798EE064B2->dd0a3b65-d36c-4f93-b232-3c8e6f6667b6@group-B02456D89C11, cid=3438, SUCCESS, logIndex=4810, commits[dd0a3b65-d36c-4f93-b232-3c8e6f6667b6:c4812]
2019-09-18 13:04:44,023 [grpc-default-executor-0] INFO  client.GrpcClientProtocolClient (GrpcClientProtocolClient.java:onNext(264)) - client-8C798EE064B2->dd0a3b65-d36c-4f93-b232-3c8e6f6667b6: receive RaftClientReply:client-8C798EE064B2->dd0a3b65-d36c-4f93-b232-3c8e6f6667b6@group-B02456D89C11, cid=3439, SUCCESS, logIndex=4811, commits[dd0a3b65-d36c-4f93-b232-3c8e6f6667b6:c4812]
2019-09-18 13:04:44,023 [SCMBlockDeletingService#0] DEBUG block.SCMBlockDeletingService (SCMBlockDeletingService.java:call(138)) - Running DeletedBlockTransactionScanner
2019-09-18 13:04:44,023 [SCMBlockDeletingService#0] DEBUG block.SCMBlockDeletingService (SCMBlockDeletingService.java:call(155)) - Scanned deleted blocks log and got 0 delTX to process.
2019-09-18 13:04:44,023 [grpc-default-executor-0] INFO  client.GrpcClientProtocolClient (GrpcClientProtocolClient.java:onNext(264)) - client-8C798EE064B2->dd0a3b65-d36c-4f93-b232-3c8e6f6667b6: receive RaftClientReply:client-8C798EE064B2->dd0a3b65-d36c-4f93-b232-3c8e6f6667b6@group-B02456D89C11, cid=3440, SUCCESS, logIndex=4812, commits[dd0a3b65-d36c-4f93-b232-3c8e6f6667b6:c4813]
2019-09-18 13:04:44,054 [grpc-default-executor-1] INFO  client.GrpcClientProtocolClient (GrpcClientProtocolClient.java:onNext(264)) - client-8C798EE064B2->dd0a3b65-d36c-4f93-b232-3c8e6f6667b6: receive RaftClientReply:client-8C798EE064B2->dd0a3b65-d36c-4f93-b232-3c8e6f6667b6@group-B02456D89C11, cid=3441, SUCCESS, logIndex=4815, commits[dd0a3b65-d36c-4f93-b232-3c8e6f6667b6:c4818]
2019-09-18 13:04:44,054 [grpc-default-executor-1] INFO  client.GrpcClientProtocolClient (GrpcClientProtocolClient.java:onNext(264)) - client-8C798EE064B2->dd0a3b65-d36c-4f93-b232-3c8e6f6667b6: receive RaftClientReply:client-8C798EE064B2->dd0a3b65-d36c-4f93-b232-3c8e6f6667b6@group-B02456D89C11, cid=3442, SUCCESS, logIndex=4816, commits[dd0a3b65-d36c-4f93-b232-3c8e6f6667b6:c4818]
2019-09-18 13:04:44,054 [grpc-default-executor-1] INFO  client.GrpcClientProtocolClient (GrpcClientProtocolClient.java:onNext(264)) - client-8C798EE064B2->dd0a3b65-d36c-4f93-b232-3c8e6f6667b6: receive RaftClientReply:client-8C798EE064B2->dd0a3b65-d36c-4f93-b232-3c8e6f6667b6@group-B02456D89C11, cid=3443, SUCCESS, logIndex=4817, commits[dd0a3b65-d36c-4f93-b232-3c8e6f6667b6:c4819]
2019-09-18 13:04:44,055 [grpc-default-executor-1] INFO  client.GrpcClientProtocolClient (GrpcClientProtocolClient.java:onNext(264)) - client-8C798EE064B2->dd0a3b65-d36c-4f93-b232-3c8e6f6667b6: receive RaftClientReply:client-8C798EE064B2->dd0a3b65-d36c-4f93-b232-3c8e6f6667b6@group-B02456D89C11, cid=3444, SUCCESS, logIndex=4818, commits[dd0a3b65-d36c-4f93-b232-3c8e6f6667b6:c4819]
2019-09-18 13:04:44,079 [grpc-default-executor-1] INFO  client.GrpcClientProtocolClient (GrpcClientProtocolClient.java:onNext(264)) - client-8C798EE064B2->dd0a3b65-d36c-4f93-b232-3c8e6f6667b6: receive RaftClientReply:client-8C798EE064B2->dd0a3b65-d36c-4f93-b232-3c8e6f6667b6@group-B02456D89C11, cid=3445, SUCCESS, logIndex=4820, commits[dd0a3b65-d36c-4f93-b232-3c8e6f6667b6:c4821]
2019-09-18 13:04:44,080 [grpc-default-executor-1] INFO  client.GrpcClientProtocolClient (GrpcClientProtocolClient.java:onNext(264)) - client-8C798EE064B2->dd0a3b65-d36c-4f93-b232-3c8e6f6667b6: receive RaftClientReply:client-8C798EE064B2->dd0a3b65-d36c-4f93-b232-3c8e6f6667b6@group-B02456D89C11, cid=3446, SUCCESS, logIndex=4821, commits[dd0a3b65-d36c-4f93-b232-3c8e6f6667b6:c4822]
2019-09-18 13:04:44,123 [SCMBlockDeletingService#0] DEBUG block.SCMBlockDeletingService (SCMBlockDeletingService.java:call(138)) - Running DeletedBlockTransactionScanner
2019-09-18 13:04:44,124 [SCMBlockDeletingService#0] DEBUG block.SCMBlockDeletingService (SCMBlockDeletingService.java:call(155)) - Scanned deleted blocks log and got 0 delTX to process.
2019-09-18 13:04:44,160 [grpc-default-executor-0] INFO  client.GrpcClientProtocolClient (GrpcClientProtocolClient.java:onNext(264)) - client-8C798EE064B2->dd0a3b65-d36c-4f93-b232-3c8e6f6667b6: receive RaftClientReply:client-8C798EE064B2->dd0a3b65-d36c-4f93-b232-3c8e6f6667b6@group-B02456D89C11, cid=3447, SUCCESS, logIndex=4823, commits[dd0a3b65-d36c-4f93-b232-3c8e6f6667b6:c4824]
2019-09-18 13:04:44,160 [grpc-default-executor-1] INFO  client.GrpcClientProtocolClient (GrpcClientProtocolClient.java:onNext(264)) - client-8C798EE064B2->dd0a3b65-d36c-4f93-b232-3c8e6f6667b6: receive RaftClientReply:client-8C798EE064B2->dd0a3b65-d36c-4f93-b232-3c8e6f6667b6@group-B02456D89C11, cid=3448, SUCCESS, logIndex=4824, commits[dd0a3b65-d36c-4f93-b232-3c8e6f6667b6:c4824]
2019-09-18 13:04:44,190 [grpc-default-executor-1] INFO  client.GrpcClientProtocolClient (GrpcClientProtocolClient.java:onNext(264)) - client-8C798EE064B2->dd0a3b65-d36c-4f93-b232-3c8e6f6667b6: receive RaftClientReply:client-8C798EE064B2->dd0a3b65-d36c-4f93-b232-3c8e6f6667b6@group-B02456D89C11, cid=3449, SUCCESS, logIndex=4826, commits[dd0a3b65-d36c-4f93-b232-3c8e6f6667b6:c4827]
2019-09-18 13:04:44,191 [grpc-default-executor-1] INFO  client.GrpcClientProtocolClient (GrpcClientProtocolClient.java:onNext(264)) - client-8C798EE064B2->dd0a3b65-d36c-4f93-b232-3c8e6f6667b6: receive RaftClientReply:client-8C798EE064B2->dd0a3b65-d36c-4f93-b232-3c8e6f6667b6@group-B02456D89C11, cid=3450, SUCCESS, logIndex=4827, commits[dd0a3b65-d36c-4f93-b232-3c8e6f6667b6:c4827]
2019-09-18 13:04:44,192 [grpc-default-executor-1] INFO  client.GrpcClientProtocolClient (GrpcClientProtocolClient.java:onNext(264)) - client-8C798EE064B2->dd0a3b65-d36c-4f93-b232-3c8e6f6667b6: receive RaftClientReply:client-8C798EE064B2->dd0a3b65-d36c-4f93-b232-3c8e6f6667b6@group-B02456D89C11, cid=3451, SUCCESS, logIndex=4828, commits[dd0a3b65-d36c-4f93-b232-3c8e6f6667b6:c4829]
2019-09-18 13:04:44,193 [grpc-default-executor-1] INFO  client.GrpcClientProtocolClient (GrpcClientProtocolClient.java:onNext(264)) - client-8C798EE064B2->dd0a3b65-d36c-4f93-b232-3c8e6f6667b6: receive RaftClientReply:client-8C798EE064B2->dd0a3b65-d36c-4f93-b232-3c8e6f6667b6@group-B02456D89C11, cid=3452, SUCCESS, logIndex=4829, commits[dd0a3b65-d36c-4f93-b232-3c8e6f6667b6:c4829]
2019-09-18 13:04:44,224 [SCMBlockDeletingService#0] DEBUG block.SCMBlockDeletingService (SCMBlockDeletingService.java:call(138)) - Running DeletedBlockTransactionScanner
2019-09-18 13:04:44,224 [SCMBlockDeletingService#0] DEBUG block.SCMBlockDeletingService (SCMBlockDeletingService.java:call(155)) - Scanned deleted blocks log and got 0 delTX to process.
2019-09-18 13:04:44,295 [grpc-default-executor-1] INFO  client.GrpcClientProtocolClient (GrpcClientProtocolClient.java:onNext(264)) - client-8C798EE064B2->dd0a3b65-d36c-4f93-b232-3c8e6f6667b6: receive RaftClientReply:client-8C798EE064B2->dd0a3b65-d36c-4f93-b232-3c8e6f6667b6@group-B02456D89C11, cid=3453, SUCCESS, logIndex=4832, commits[dd0a3b65-d36c-4f93-b232-3c8e6f6667b6:c4833]
2019-09-18 13:04:44,296 [grpc-default-executor-1] INFO  client.GrpcClientProtocolClient (GrpcClientProtocolClient.java:onNext(264)) - client-8C798EE064B2->dd0a3b65-d36c-4f93-b232-3c8e6f6667b6: receive RaftClientReply:client-8C798EE064B2->dd0a3b65-d36c-4f93-b232-3c8e6f6667b6@group-B02456D89C11, cid=3454, SUCCESS, logIndex=4833, commits[dd0a3b65-d36c-4f93-b232-3c8e6f6667b6:c4835]
2019-09-18 13:04:44,296 [grpc-default-executor-1] INFO  client.GrpcClientProtocolClient (GrpcClientProtocolClient.java:onNext(264)) - client-8C798EE064B2->dd0a3b65-d36c-4f93-b232-3c8e6f6667b6: receive RaftClientReply:client-8C798EE064B2->dd0a3b65-d36c-4f93-b232-3c8e6f6667b6@group-B02456D89C11, cid=3455, SUCCESS, logIndex=4834, commits[dd0a3b65-d36c-4f93-b232-3c8e6f6667b6:c4835]
2019-09-18 13:04:44,296 [grpc-default-executor-1] INFO  client.GrpcClientProtocolClient (GrpcClientProtocolClient.java:onNext(264)) - client-8C798EE064B2->dd0a3b65-d36c-4f93-b232-3c8e6f6667b6: receive RaftClientReply:client-8C798EE064B2->dd0a3b65-d36c-4f93-b232-3c8e6f6667b6@group-B02456D89C11, cid=3456, SUCCESS, logIndex=4835, commits[dd0a3b65-d36c-4f93-b232-3c8e6f6667b6:c4836]
2019-09-18 13:04:44,325 [SCMBlockDeletingService#0] DEBUG block.SCMBlockDeletingService (SCMBlockDeletingService.java:call(138)) - Running DeletedBlockTransactionScanner
2019-09-18 13:04:44,325 [SCMBlockDeletingService#0] DEBUG block.SCMBlockDeletingService (SCMBlockDeletingService.java:call(155)) - Scanned deleted blocks log and got 0 delTX to process.
2019-09-18 13:04:44,332 [grpc-default-executor-1] INFO  client.GrpcClientProtocolClient (GrpcClientProtocolClient.java:onNext(264)) - client-8C798EE064B2->dd0a3b65-d36c-4f93-b232-3c8e6f6667b6: receive RaftClientReply:client-8C798EE064B2->dd0a3b65-d36c-4f93-b232-3c8e6f6667b6@group-B02456D89C11, cid=3457, SUCCESS, logIndex=4838, commits[dd0a3b65-d36c-4f93-b232-3c8e6f6667b6:c4841]
2019-09-18 13:04:44,333 [grpc-default-executor-1] INFO  client.GrpcClientProtocolClient (GrpcClientProtocolClient.java:onNext(264)) - client-8C798EE064B2->dd0a3b65-d36c-4f93-b232-3c8e6f6667b6: receive RaftClientReply:client-8C798EE064B2->dd0a3b65-d36c-4f93-b232-3c8e6f6667b6@group-B02456D89C11, cid=3458, SUCCESS, logIndex=4839, commits[dd0a3b65-d36c-4f93-b232-3c8e6f6667b6:c4842]
2019-09-18 13:04:44,333 [grpc-default-executor-1] INFO  client.GrpcClientProtocolClient (GrpcClientProtocolClient.java:onNext(264)) - client-8C798EE064B2->dd0a3b65-d36c-4f93-b232-3c8e6f6667b6: receive RaftClientReply:client-8C798EE064B2->dd0a3b65-d36c-4f93-b232-3c8e6f6667b6@group-B02456D89C11, cid=3459, SUCCESS, logIndex=4840, commits[dd0a3b65-d36c-4f93-b232-3c8e6f6667b6:c4842]
2019-09-18 13:04:44,333 [grpc-default-executor-1] INFO  client.GrpcClientProtocolClient (GrpcClientProtocolClient.java:onNext(264)) - client-8C798EE064B2->dd0a3b65-d36c-4f93-b232-3c8e6f6667b6: receive RaftClientReply:client-8C798EE064B2->dd0a3b65-d36c-4f93-b232-3c8e6f6667b6@group-B02456D89C11, cid=3460, SUCCESS, logIndex=4841, commits[dd0a3b65-d36c-4f93-b232-3c8e6f6667b6:c4842]
2019-09-18 13:04:44,418 [grpc-default-executor-1] INFO  client.GrpcClientProtocolClient (GrpcClientProtocolClient.java:onNext(264)) - client-8C798EE064B2->dd0a3b65-d36c-4f93-b232-3c8e6f6667b6: receive RaftClientReply:client-8C798EE064B2->dd0a3b65-d36c-4f93-b232-3c8e6f6667b6@group-B02456D89C11, cid=3461, SUCCESS, logIndex=4843, commits[dd0a3b65-d36c-4f93-b232-3c8e6f6667b6:c4844]
2019-09-18 13:04:44,419 [grpc-default-executor-1] INFO  client.GrpcClientProtocolClient (GrpcClientProtocolClient.java:onNext(264)) - client-8C798EE064B2->dd0a3b65-d36c-4f93-b232-3c8e6f6667b6: receive RaftClientReply:client-8C798EE064B2->dd0a3b65-d36c-4f93-b232-3c8e6f6667b6@group-B02456D89C11, cid=3462, SUCCESS, logIndex=4844, commits[dd0a3b65-d36c-4f93-b232-3c8e6f6667b6:c4844]
2019-09-18 13:04:44,420 [grpc-default-executor-1] INFO  client.GrpcClientProtocolClient (GrpcClientProtocolClient.java:onNext(264)) - client-8C798EE064B2->dd0a3b65-d36c-4f93-b232-3c8e6f6667b6: receive RaftClientReply:client-8C798EE064B2->dd0a3b65-d36c-4f93-b232-3c8e6f6667b6@group-B02456D89C11, cid=3463, SUCCESS, logIndex=4845, commits[dd0a3b65-d36c-4f93-b232-3c8e6f6667b6:c4846]
2019-09-18 13:04:44,421 [grpc-default-executor-1] INFO  client.GrpcClientProtocolClient (GrpcClientProtocolClient.java:onNext(264)) - client-8C798EE064B2->dd0a3b65-d36c-4f93-b232-3c8e6f6667b6: receive RaftClientReply:client-8C798EE064B2->dd0a3b65-d36c-4f93-b232-3c8e6f6667b6@group-B02456D89C11, cid=3464, SUCCESS, logIndex=4846, commits[dd0a3b65-d36c-4f93-b232-3c8e6f6667b6:c4846]
2019-09-18 13:04:44,425 [SCMBlockDeletingService#0] DEBUG block.SCMBlockDeletingService (SCMBlockDeletingService.java:call(138)) - Running DeletedBlockTransactionScanner
2019-09-18 13:04:44,425 [SCMBlockDeletingService#0] DEBUG block.SCMBlockDeletingService (SCMBlockDeletingService.java:call(155)) - Scanned deleted blocks log and got 0 delTX to process.
2019-09-18 13:04:44,463 [grpc-default-executor-1] INFO  client.GrpcClientProtocolClient (GrpcClientProtocolClient.java:onNext(264)) - client-8C798EE064B2->dd0a3b65-d36c-4f93-b232-3c8e6f6667b6: receive RaftClientReply:client-8C798EE064B2->dd0a3b65-d36c-4f93-b232-3c8e6f6667b6@group-B02456D89C11, cid=3465, SUCCESS, logIndex=4849, commits[dd0a3b65-d36c-4f93-b232-3c8e6f6667b6:c4850]
2019-09-18 13:04:44,463 [grpc-default-executor-1] INFO  client.GrpcClientProtocolClient (GrpcClientProtocolClient.java:onNext(264)) - client-8C798EE064B2->dd0a3b65-d36c-4f93-b232-3c8e6f6667b6: receive RaftClientReply:client-8C798EE064B2->dd0a3b65-d36c-4f93-b232-3c8e6f6667b6@group-B02456D89C11, cid=3466, SUCCESS, logIndex=4850, commits[dd0a3b65-d36c-4f93-b232-3c8e6f6667b6:c4850]
2019-09-18 13:04:44,465 [grpc-default-executor-1] INFO  client.GrpcClientProtocolClient (GrpcClientProtocolClient.java:onNext(264)) - client-8C798EE064B2->dd0a3b65-d36c-4f93-b232-3c8e6f6667b6: receive RaftClientReply:client-8C798EE064B2->dd0a3b65-d36c-4f93-b232-3c8e6f6667b6@group-B02456D89C11, cid=3467, SUCCESS, logIndex=4851, commits[dd0a3b65-d36c-4f93-b232-3c8e6f6667b6:c4852]
2019-09-18 13:04:44,465 [grpc-default-executor-1] INFO  client.GrpcClientProtocolClient (GrpcClientProtocolClient.java:onNext(264)) - client-8C798EE064B2->dd0a3b65-d36c-4f93-b232-3c8e6f6667b6: receive RaftClientReply:client-8C798EE064B2->dd0a3b65-d36c-4f93-b232-3c8e6f6667b6@group-B02456D89C11, cid=3468, SUCCESS, logIndex=4852, commits[dd0a3b65-d36c-4f93-b232-3c8e6f6667b6:c4852]
2019-09-18 13:04:44,476 [grpc-default-executor-1] INFO  client.GrpcClientProtocolClient (GrpcClientProtocolClient.java:onNext(264)) - client-8C798EE064B2->dd0a3b65-d36c-4f93-b232-3c8e6f6667b6: receive RaftClientReply:client-8C798EE064B2->dd0a3b65-d36c-4f93-b232-3c8e6f6667b6@group-B02456D89C11, cid=3469, SUCCESS, logIndex=4855, commits[dd0a3b65-d36c-4f93-b232-3c8e6f6667b6:c4856]
2019-09-18 13:04:44,477 [grpc-default-executor-1] INFO  client.GrpcClientProtocolClient (GrpcClientProtocolClient.java:onNext(264)) - client-8C798EE064B2->dd0a3b65-d36c-4f93-b232-3c8e6f6667b6: receive RaftClientReply:client-8C798EE064B2->dd0a3b65-d36c-4f93-b232-3c8e6f6667b6@group-B02456D89C11, cid=3470, SUCCESS, logIndex=4856, commits[dd0a3b65-d36c-4f93-b232-3c8e6f6667b6:c4856]
2019-09-18 13:04:44,489 [grpc-default-executor-1] INFO  client.GrpcClientProtocolClient (GrpcClientProtocolClient.java:onNext(264)) - client-8C798EE064B2->dd0a3b65-d36c-4f93-b232-3c8e6f6667b6: receive RaftClientReply:client-8C798EE064B2->dd0a3b65-d36c-4f93-b232-3c8e6f6667b6@group-B02456D89C11, cid=3471, SUCCESS, logIndex=4857, commits[dd0a3b65-d36c-4f93-b232-3c8e6f6667b6:c4859]
2019-09-18 13:04:44,489 [grpc-default-executor-1] INFO  client.GrpcClientProtocolClient (GrpcClientProtocolClient.java:onNext(264)) - client-8C798EE064B2->dd0a3b65-d36c-4f93-b232-3c8e6f6667b6: receive RaftClientReply:client-8C798EE064B2->dd0a3b65-d36c-4f93-b232-3c8e6f6667b6@group-B02456D89C11, cid=3472, SUCCESS, logIndex=4858, commits[dd0a3b65-d36c-4f93-b232-3c8e6f6667b6:c4859]
2019-09-18 13:04:44,519 [grpc-default-executor-1] INFO  client.GrpcClientProtocolClient (GrpcClientProtocolClient.java:onNext(264)) - client-8C798EE064B2->dd0a3b65-d36c-4f93-b232-3c8e6f6667b6: receive RaftClientReply:client-8C798EE064B2->dd0a3b65-d36c-4f93-b232-3c8e6f6667b6@group-B02456D89C11, cid=3473, SUCCESS, logIndex=4860, commits[dd0a3b65-d36c-4f93-b232-3c8e6f6667b6:c4861]
2019-09-18 13:04:44,520 [grpc-default-executor-1] INFO  client.GrpcClientProtocolClient (GrpcClientProtocolClient.java:onNext(264)) - client-8C798EE064B2->dd0a3b65-d36c-4f93-b232-3c8e6f6667b6: receive RaftClientReply:client-8C798EE064B2->dd0a3b65-d36c-4f93-b232-3c8e6f6667b6@group-B02456D89C11, cid=3474, SUCCESS, logIndex=4861, commits[dd0a3b65-d36c-4f93-b232-3c8e6f6667b6:c4861]
2019-09-18 13:04:44,521 [grpc-default-executor-1] INFO  client.GrpcClientProtocolClient (GrpcClientProtocolClient.java:onNext(264)) - client-8C798EE064B2->dd0a3b65-d36c-4f93-b232-3c8e6f6667b6: receive RaftClientReply:client-8C798EE064B2->dd0a3b65-d36c-4f93-b232-3c8e6f6667b6@group-B02456D89C11, cid=3475, SUCCESS, logIndex=4862, commits[dd0a3b65-d36c-4f93-b232-3c8e6f6667b6:c4863]
2019-09-18 13:04:44,522 [grpc-default-executor-1] INFO  client.GrpcClientProtocolClient (GrpcClientProtocolClient.java:onNext(264)) - client-8C798EE064B2->dd0a3b65-d36c-4f93-b232-3c8e6f6667b6: receive RaftClientReply:client-8C798EE064B2->dd0a3b65-d36c-4f93-b232-3c8e6f6667b6@group-B02456D89C11, cid=3476, SUCCESS, logIndex=4863, commits[dd0a3b65-d36c-4f93-b232-3c8e6f6667b6:c4863]
2019-09-18 13:04:44,526 [SCMBlockDeletingService#0] DEBUG block.SCMBlockDeletingService (SCMBlockDeletingService.java:call(138)) - Running DeletedBlockTransactionScanner
2019-09-18 13:04:44,526 [SCMBlockDeletingService#0] DEBUG block.SCMBlockDeletingService (SCMBlockDeletingService.java:call(155)) - Scanned deleted blocks log and got 0 delTX to process.
2019-09-18 13:04:44,544 [grpc-default-executor-0] INFO  client.GrpcClientProtocolClient (GrpcClientProtocolClient.java:onNext(264)) - client-8C798EE064B2->dd0a3b65-d36c-4f93-b232-3c8e6f6667b6: receive RaftClientReply:client-8C798EE064B2->dd0a3b65-d36c-4f93-b232-3c8e6f6667b6@group-B02456D89C11, cid=3477, SUCCESS, logIndex=4866, commits[dd0a3b65-d36c-4f93-b232-3c8e6f6667b6:c4869]
2019-09-18 13:04:44,544 [grpc-default-executor-0] INFO  client.GrpcClientProtocolClient (GrpcClientProtocolClient.java:onNext(264)) - client-8C798EE064B2->dd0a3b65-d36c-4f93-b232-3c8e6f6667b6: receive RaftClientReply:client-8C798EE064B2->dd0a3b65-d36c-4f93-b232-3c8e6f6667b6@group-B02456D89C11, cid=3478, SUCCESS, logIndex=4867, commits[dd0a3b65-d36c-4f93-b232-3c8e6f6667b6:c4870]
2019-09-18 13:04:44,544 [grpc-default-executor-0] INFO  client.GrpcClientProtocolClient (GrpcClientProtocolClient.java:onNext(264)) - client-8C798EE064B2->dd0a3b65-d36c-4f93-b232-3c8e6f6667b6: receive RaftClientReply:client-8C798EE064B2->dd0a3b65-d36c-4f93-b232-3c8e6f6667b6@group-B02456D89C11, cid=3479, SUCCESS, logIndex=4868, commits[dd0a3b65-d36c-4f93-b232-3c8e6f6667b6:c4870]
2019-09-18 13:04:44,545 [grpc-default-executor-0] INFO  client.GrpcClientProtocolClient (GrpcClientProtocolClient.java:onNext(264)) - client-8C798EE064B2->dd0a3b65-d36c-4f93-b232-3c8e6f6667b6: receive RaftClientReply:client-8C798EE064B2->dd0a3b65-d36c-4f93-b232-3c8e6f6667b6@group-B02456D89C11, cid=3480, SUCCESS, logIndex=4869, commits[dd0a3b65-d36c-4f93-b232-3c8e6f6667b6:c4870]
2019-09-18 13:04:44,577 [grpc-default-executor-0] INFO  client.GrpcClientProtocolClient (GrpcClientProtocolClient.java:onNext(264)) - client-8C798EE064B2->dd0a3b65-d36c-4f93-b232-3c8e6f6667b6: receive RaftClientReply:client-8C798EE064B2->dd0a3b65-d36c-4f93-b232-3c8e6f6667b6@group-B02456D89C11, cid=3481, SUCCESS, logIndex=4871, commits[dd0a3b65-d36c-4f93-b232-3c8e6f6667b6:c4872]
2019-09-18 13:04:44,578 [grpc-default-executor-0] INFO  client.GrpcClientProtocolClient (GrpcClientProtocolClient.java:onNext(264)) - client-8C798EE064B2->dd0a3b65-d36c-4f93-b232-3c8e6f6667b6: receive RaftClientReply:client-8C798EE064B2->dd0a3b65-d36c-4f93-b232-3c8e6f6667b6@group-B02456D89C11, cid=3482, SUCCESS, logIndex=4872, commits[dd0a3b65-d36c-4f93-b232-3c8e6f6667b6:c4874]
2019-09-18 13:04:44,578 [grpc-default-executor-0] INFO  client.GrpcClientProtocolClient (GrpcClientProtocolClient.java:onNext(264)) - client-8C798EE064B2->dd0a3b65-d36c-4f93-b232-3c8e6f6667b6: receive RaftClientReply:client-8C798EE064B2->dd0a3b65-d36c-4f93-b232-3c8e6f6667b6@group-B02456D89C11, cid=3483, SUCCESS, logIndex=4873, commits[dd0a3b65-d36c-4f93-b232-3c8e6f6667b6:c4875]
2019-09-18 13:04:44,579 [grpc-default-executor-0] INFO  client.GrpcClientProtocolClient (GrpcClientProtocolClient.java:onNext(264)) - client-8C798EE064B2->dd0a3b65-d36c-4f93-b232-3c8e6f6667b6: receive RaftClientReply:client-8C798EE064B2->dd0a3b65-d36c-4f93-b232-3c8e6f6667b6@group-B02456D89C11, cid=3484, SUCCESS, logIndex=4874, commits[dd0a3b65-d36c-4f93-b232-3c8e6f6667b6:c4875]
2019-09-18 13:04:44,599 [grpc-default-executor-0] INFO  client.GrpcClientProtocolClient (GrpcClientProtocolClient.java:onNext(264)) - client-8C798EE064B2->dd0a3b65-d36c-4f93-b232-3c8e6f6667b6: receive RaftClientReply:client-8C798EE064B2->dd0a3b65-d36c-4f93-b232-3c8e6f6667b6@group-B02456D89C11, cid=3485, SUCCESS, logIndex=4877, commits[dd0a3b65-d36c-4f93-b232-3c8e6f6667b6:c4878]
2019-09-18 13:04:44,599 [grpc-default-executor-0] INFO  client.GrpcClientProtocolClient (GrpcClientProtocolClient.java:onNext(264)) - client-8C798EE064B2->dd0a3b65-d36c-4f93-b232-3c8e6f6667b6: receive RaftClientReply:client-8C798EE064B2->dd0a3b65-d36c-4f93-b232-3c8e6f6667b6@group-B02456D89C11, cid=3486, SUCCESS, logIndex=4878, commits[dd0a3b65-d36c-4f93-b232-3c8e6f6667b6:c4880]
2019-09-18 13:04:44,600 [grpc-default-executor-0] INFO  client.GrpcClientProtocolClient (GrpcClientProtocolClient.java:onNext(264)) - client-8C798EE064B2->dd0a3b65-d36c-4f93-b232-3c8e6f6667b6: receive RaftClientReply:client-8C798EE064B2->dd0a3b65-d36c-4f93-b232-3c8e6f6667b6@group-B02456D89C11, cid=3487, SUCCESS, logIndex=4879, commits[dd0a3b65-d36c-4f93-b232-3c8e6f6667b6:c4881]
2019-09-18 13:04:44,600 [grpc-default-executor-0] INFO  client.GrpcClientProtocolClient (GrpcClientProtocolClient.java:onNext(264)) - client-8C798EE064B2->dd0a3b65-d36c-4f93-b232-3c8e6f6667b6: receive RaftClientReply:client-8C798EE064B2->dd0a3b65-d36c-4f93-b232-3c8e6f6667b6@group-B02456D89C11, cid=3488, SUCCESS, logIndex=4880, commits[dd0a3b65-d36c-4f93-b232-3c8e6f6667b6:c4882]
2019-09-18 13:04:44,626 [SCMBlockDeletingService#0] DEBUG block.SCMBlockDeletingService (SCMBlockDeletingService.java:call(138)) - Running DeletedBlockTransactionScanner
2019-09-18 13:04:44,627 [SCMBlockDeletingService#0] DEBUG block.SCMBlockDeletingService (SCMBlockDeletingService.java:call(155)) - Scanned deleted blocks log and got 0 delTX to process.
2019-09-18 13:04:44,631 [grpc-default-executor-0] INFO  client.GrpcClientProtocolClient (GrpcClientProtocolClient.java:onNext(264)) - client-8C798EE064B2->dd0a3b65-d36c-4f93-b232-3c8e6f6667b6: receive RaftClientReply:client-8C798EE064B2->dd0a3b65-d36c-4f93-b232-3c8e6f6667b6@group-B02456D89C11, cid=3489, SUCCESS, logIndex=4883, commits[dd0a3b65-d36c-4f93-b232-3c8e6f6667b6:c4884]
2019-09-18 13:04:44,632 [grpc-default-executor-0] INFO  client.GrpcClientProtocolClient (GrpcClientProtocolClient.java:onNext(264)) - client-8C798EE064B2->dd0a3b65-d36c-4f93-b232-3c8e6f6667b6: receive RaftClientReply:client-8C798EE064B2->dd0a3b65-d36c-4f93-b232-3c8e6f6667b6@group-B02456D89C11, cid=3490, SUCCESS, logIndex=4884, commits[dd0a3b65-d36c-4f93-b232-3c8e6f6667b6:c4884]
2019-09-18 13:04:44,633 [grpc-default-executor-0] INFO  client.GrpcClientProtocolClient (GrpcClientProtocolClient.java:onNext(264)) - client-8C798EE064B2->dd0a3b65-d36c-4f93-b232-3c8e6f6667b6: receive RaftClientReply:client-8C798EE064B2->dd0a3b65-d36c-4f93-b232-3c8e6f6667b6@group-B02456D89C11, cid=3491, SUCCESS, logIndex=4885, commits[dd0a3b65-d36c-4f93-b232-3c8e6f6667b6:c4886]
2019-09-18 13:04:44,634 [grpc-default-executor-0] INFO  client.GrpcClientProtocolClient (GrpcClientProtocolClient.java:onNext(264)) - client-8C798EE064B2->dd0a3b65-d36c-4f93-b232-3c8e6f6667b6: receive RaftClientReply:client-8C798EE064B2->dd0a3b65-d36c-4f93-b232-3c8e6f6667b6@group-B02456D89C11, cid=3492, SUCCESS, logIndex=4886, commits[dd0a3b65-d36c-4f93-b232-3c8e6f6667b6:c4886]
2019-09-18 13:04:44,727 [SCMBlockDeletingService#0] DEBUG block.SCMBlockDeletingService (SCMBlockDeletingService.java:call(138)) - Running DeletedBlockTransactionScanner
2019-09-18 13:04:44,727 [SCMBlockDeletingService#0] DEBUG block.SCMBlockDeletingService (SCMBlockDeletingService.java:call(155)) - Scanned deleted blocks log and got 0 delTX to process.
2019-09-18 13:04:44,770 [grpc-default-executor-0] INFO  client.GrpcClientProtocolClient (GrpcClientProtocolClient.java:onNext(264)) - client-8C798EE064B2->dd0a3b65-d36c-4f93-b232-3c8e6f6667b6: receive RaftClientReply:client-8C798EE064B2->dd0a3b65-d36c-4f93-b232-3c8e6f6667b6@group-B02456D89C11, cid=3493, SUCCESS, logIndex=4889, commits[dd0a3b65-d36c-4f93-b232-3c8e6f6667b6:c4890]
2019-09-18 13:04:44,771 [grpc-default-executor-0] INFO  client.GrpcClientProtocolClient (GrpcClientProtocolClient.java:onNext(264)) - client-8C798EE064B2->dd0a3b65-d36c-4f93-b232-3c8e6f6667b6: receive RaftClientReply:client-8C798EE064B2->dd0a3b65-d36c-4f93-b232-3c8e6f6667b6@group-B02456D89C11, cid=3494, SUCCESS, logIndex=4890, commits[dd0a3b65-d36c-4f93-b232-3c8e6f6667b6:c4890]
2019-09-18 13:04:44,772 [grpc-default-executor-0] INFO  client.GrpcClientProtocolClient (GrpcClientProtocolClient.java:onNext(264)) - client-8C798EE064B2->dd0a3b65-d36c-4f93-b232-3c8e6f6667b6: receive RaftClientReply:client-8C798EE064B2->dd0a3b65-d36c-4f93-b232-3c8e6f6667b6@group-B02456D89C11, cid=3495, SUCCESS, logIndex=4891, commits[dd0a3b65-d36c-4f93-b232-3c8e6f6667b6:c4892]
2019-09-18 13:04:44,772 [grpc-default-executor-0] INFO  client.GrpcClientProtocolClient (GrpcClientProtocolClient.java:onNext(264)) - client-8C798EE064B2->dd0a3b65-d36c-4f93-b232-3c8e6f6667b6: receive RaftClientReply:client-8C798EE064B2->dd0a3b65-d36c-4f93-b232-3c8e6f6667b6@group-B02456D89C11, cid=3496, SUCCESS, logIndex=4892, commits[dd0a3b65-d36c-4f93-b232-3c8e6f6667b6:c4892]
2019-09-18 13:04:44,806 [grpc-default-executor-0] INFO  client.GrpcClientProtocolClient (GrpcClientProtocolClient.java:onNext(264)) - client-8C798EE064B2->dd0a3b65-d36c-4f93-b232-3c8e6f6667b6: receive RaftClientReply:client-8C798EE064B2->dd0a3b65-d36c-4f93-b232-3c8e6f6667b6@group-B02456D89C11, cid=3497, SUCCESS, logIndex=4895, commits[dd0a3b65-d36c-4f93-b232-3c8e6f6667b6:c4896]
2019-09-18 13:04:44,806 [grpc-default-executor-0] INFO  client.GrpcClientProtocolClient (GrpcClientProtocolClient.java:onNext(264)) - client-8C798EE064B2->dd0a3b65-d36c-4f93-b232-3c8e6f6667b6: receive RaftClientReply:client-8C798EE064B2->dd0a3b65-d36c-4f93-b232-3c8e6f6667b6@group-B02456D89C11, cid=3498, SUCCESS, logIndex=4896, commits[dd0a3b65-d36c-4f93-b232-3c8e6f6667b6:c4898]
2019-09-18 13:04:44,807 [grpc-default-executor-0] INFO  client.GrpcClientProtocolClient (GrpcClientProtocolClient.java:onNext(264)) - client-8C798EE064B2->dd0a3b65-d36c-4f93-b232-3c8e6f6667b6: receive RaftClientReply:client-8C798EE064B2->dd0a3b65-d36c-4f93-b232-3c8e6f6667b6@group-B02456D89C11, cid=3499, SUCCESS, logIndex=4897, commits[dd0a3b65-d36c-4f93-b232-3c8e6f6667b6:c4898]
2019-09-18 13:04:44,807 [grpc-default-executor-0] INFO  client.GrpcClientProtocolClient (GrpcClientProtocolClient.java:onNext(264)) - client-8C798EE064B2->dd0a3b65-d36c-4f93-b232-3c8e6f6667b6: receive RaftClientReply:client-8C798EE064B2->dd0a3b65-d36c-4f93-b232-3c8e6f6667b6@group-B02456D89C11, cid=3500, SUCCESS, logIndex=4898, commits[dd0a3b65-d36c-4f93-b232-3c8e6f6667b6:c4898]
2019-09-18 13:04:44,826 [grpc-default-executor-0] INFO  client.GrpcClientProtocolClient (GrpcClientProtocolClient.java:onNext(264)) - client-8C798EE064B2->dd0a3b65-d36c-4f93-b232-3c8e6f6667b6: receive RaftClientReply:client-8C798EE064B2->dd0a3b65-d36c-4f93-b232-3c8e6f6667b6@group-B02456D89C11, cid=3501, SUCCESS, logIndex=4901, commits[dd0a3b65-d36c-4f93-b232-3c8e6f6667b6:c4902]
2019-09-18 13:04:44,826 [grpc-default-executor-0] INFO  client.GrpcClientProtocolClient (GrpcClientProtocolClient.java:onNext(264)) - client-8C798EE064B2->dd0a3b65-d36c-4f93-b232-3c8e6f6667b6: receive RaftClientReply:client-8C798EE064B2->dd0a3b65-d36c-4f93-b232-3c8e6f6667b6@group-B02456D89C11, cid=3502, SUCCESS, logIndex=4902, commits[dd0a3b65-d36c-4f93-b232-3c8e6f6667b6:c4902]
2019-09-18 13:04:44,826 [grpc-default-executor-0] INFO  client.GrpcClientProtocolClient (GrpcClientProtocolClient.java:onNext(264)) - client-8C798EE064B2->dd0a3b65-d36c-4f93-b232-3c8e6f6667b6: receive RaftClientReply:client-8C798EE064B2->dd0a3b65-d36c-4f93-b232-3c8e6f6667b6@group-B02456D89C11, cid=3503, SUCCESS, logIndex=4903, commits[dd0a3b65-d36c-4f93-b232-3c8e6f6667b6:c4904]
2019-09-18 13:04:44,827 [grpc-default-executor-0] INFO  client.GrpcClientProtocolClient (GrpcClientProtocolClient.java:onNext(264)) - client-8C798EE064B2->dd0a3b65-d36c-4f93-b232-3c8e6f6667b6: receive RaftClientReply:client-8C798EE064B2->dd0a3b65-d36c-4f93-b232-3c8e6f6667b6@group-B02456D89C11, cid=3504, SUCCESS, logIndex=4904, commits[dd0a3b65-d36c-4f93-b232-3c8e6f6667b6:c4904]
2019-09-18 13:04:44,828 [SCMBlockDeletingService#0] DEBUG block.SCMBlockDeletingService (SCMBlockDeletingService.java:call(138)) - Running DeletedBlockTransactionScanner
2019-09-18 13:04:44,828 [SCMBlockDeletingService#0] DEBUG block.SCMBlockDeletingService (SCMBlockDeletingService.java:call(155)) - Scanned deleted blocks log and got 0 delTX to process.
2019-09-18 13:04:44,854 [grpc-default-executor-1] INFO  client.GrpcClientProtocolClient (GrpcClientProtocolClient.java:onNext(264)) - client-8C798EE064B2->dd0a3b65-d36c-4f93-b232-3c8e6f6667b6: receive RaftClientReply:client-8C798EE064B2->dd0a3b65-d36c-4f93-b232-3c8e6f6667b6@group-B02456D89C11, cid=3505, SUCCESS, logIndex=4907, commits[dd0a3b65-d36c-4f93-b232-3c8e6f6667b6:c4908]
2019-09-18 13:04:44,855 [grpc-default-executor-1] INFO  client.GrpcClientProtocolClient (GrpcClientProtocolClient.java:onNext(264)) - client-8C798EE064B2->dd0a3b65-d36c-4f93-b232-3c8e6f6667b6: receive RaftClientReply:client-8C798EE064B2->dd0a3b65-d36c-4f93-b232-3c8e6f6667b6@group-B02456D89C11, cid=3506, SUCCESS, logIndex=4908, commits[dd0a3b65-d36c-4f93-b232-3c8e6f6667b6:c4910]
2019-09-18 13:04:44,855 [grpc-default-executor-1] INFO  client.GrpcClientProtocolClient (GrpcClientProtocolClient.java:onNext(264)) - client-8C798EE064B2->dd0a3b65-d36c-4f93-b232-3c8e6f6667b6: receive RaftClientReply:client-8C798EE064B2->dd0a3b65-d36c-4f93-b232-3c8e6f6667b6@group-B02456D89C11, cid=3507, SUCCESS, logIndex=4909, commits[dd0a3b65-d36c-4f93-b232-3c8e6f6667b6:c4911]
2019-09-18 13:04:44,855 [grpc-default-executor-1] INFO  client.GrpcClientProtocolClient (GrpcClientProtocolClient.java:onNext(264)) - client-8C798EE064B2->dd0a3b65-d36c-4f93-b232-3c8e6f6667b6: receive RaftClientReply:client-8C798EE064B2->dd0a3b65-d36c-4f93-b232-3c8e6f6667b6@group-B02456D89C11, cid=3508, SUCCESS, logIndex=4910, commits[dd0a3b65-d36c-4f93-b232-3c8e6f6667b6:c4911]
2019-09-18 13:04:44,874 [grpc-default-executor-1] INFO  client.GrpcClientProtocolClient (GrpcClientProtocolClient.java:onNext(264)) - client-8C798EE064B2->dd0a3b65-d36c-4f93-b232-3c8e6f6667b6: receive RaftClientReply:client-8C798EE064B2->dd0a3b65-d36c-4f93-b232-3c8e6f6667b6@group-B02456D89C11, cid=3509, SUCCESS, logIndex=4913, commits[dd0a3b65-d36c-4f93-b232-3c8e6f6667b6:c4914]
2019-09-18 13:04:44,874 [grpc-default-executor-1] INFO  client.GrpcClientProtocolClient (GrpcClientProtocolClient.java:onNext(264)) - client-8C798EE064B2->dd0a3b65-d36c-4f93-b232-3c8e6f6667b6: receive RaftClientReply:client-8C798EE064B2->dd0a3b65-d36c-4f93-b232-3c8e6f6667b6@group-B02456D89C11, cid=3510, SUCCESS, logIndex=4914, commits[dd0a3b65-d36c-4f93-b232-3c8e6f6667b6:c4914]
2019-09-18 13:04:44,876 [grpc-default-executor-1] INFO  client.GrpcClientProtocolClient (GrpcClientProtocolClient.java:onNext(264)) - client-8C798EE064B2->dd0a3b65-d36c-4f93-b232-3c8e6f6667b6: receive RaftClientReply:client-8C798EE064B2->dd0a3b65-d36c-4f93-b232-3c8e6f6667b6@group-B02456D89C11, cid=3511, SUCCESS, logIndex=4915, commits[dd0a3b65-d36c-4f93-b232-3c8e6f6667b6:c4916]
2019-09-18 13:04:44,876 [grpc-default-executor-1] INFO  client.GrpcClientProtocolClient (GrpcClientProtocolClient.java:onNext(264)) - client-8C798EE064B2->dd0a3b65-d36c-4f93-b232-3c8e6f6667b6: receive RaftClientReply:client-8C798EE064B2->dd0a3b65-d36c-4f93-b232-3c8e6f6667b6@group-B02456D89C11, cid=3512, SUCCESS, logIndex=4916, commits[dd0a3b65-d36c-4f93-b232-3c8e6f6667b6:c4916]
2019-09-18 13:04:44,906 [grpc-default-executor-1] INFO  client.GrpcClientProtocolClient (GrpcClientProtocolClient.java:onNext(264)) - client-8C798EE064B2->dd0a3b65-d36c-4f93-b232-3c8e6f6667b6: receive RaftClientReply:client-8C798EE064B2->dd0a3b65-d36c-4f93-b232-3c8e6f6667b6@group-B02456D89C11, cid=3513, SUCCESS, logIndex=4919, commits[dd0a3b65-d36c-4f93-b232-3c8e6f6667b6:c4920]
2019-09-18 13:04:44,906 [grpc-default-executor-1] INFO  client.GrpcClientProtocolClient (GrpcClientProtocolClient.java:onNext(264)) - client-8C798EE064B2->dd0a3b65-d36c-4f93-b232-3c8e6f6667b6: receive RaftClientReply:client-8C798EE064B2->dd0a3b65-d36c-4f93-b232-3c8e6f6667b6@group-B02456D89C11, cid=3514, SUCCESS, logIndex=4920, commits[dd0a3b65-d36c-4f93-b232-3c8e6f6667b6:c4922]
2019-09-18 13:04:44,907 [grpc-default-executor-1] INFO  client.GrpcClientProtocolClient (GrpcClientProtocolClient.java:onNext(264)) - client-8C798EE064B2->dd0a3b65-d36c-4f93-b232-3c8e6f6667b6: receive RaftClientReply:client-8C798EE064B2->dd0a3b65-d36c-4f93-b232-3c8e6f6667b6@group-B02456D89C11, cid=3515, SUCCESS, logIndex=4921, commits[dd0a3b65-d36c-4f93-b232-3c8e6f6667b6:c4923]
2019-09-18 13:04:44,907 [grpc-default-executor-1] INFO  client.GrpcClientProtocolClient (GrpcClientProtocolClient.java:onNext(264)) - client-8C798EE064B2->dd0a3b65-d36c-4f93-b232-3c8e6f6667b6: receive RaftClientReply:client-8C798EE064B2->dd0a3b65-d36c-4f93-b232-3c8e6f6667b6@group-B02456D89C11, cid=3516, SUCCESS, logIndex=4922, commits[dd0a3b65-d36c-4f93-b232-3c8e6f6667b6:c4923]
2019-09-18 13:04:44,925 [grpc-default-executor-1] INFO  client.GrpcClientProtocolClient (GrpcClientProtocolClient.java:onNext(264)) - client-8C798EE064B2->dd0a3b65-d36c-4f93-b232-3c8e6f6667b6: receive RaftClientReply:client-8C798EE064B2->dd0a3b65-d36c-4f93-b232-3c8e6f6667b6@group-B02456D89C11, cid=3517, SUCCESS, logIndex=4925, commits[dd0a3b65-d36c-4f93-b232-3c8e6f6667b6:c4926]
2019-09-18 13:04:44,926 [grpc-default-executor-1] INFO  client.GrpcClientProtocolClient (GrpcClientProtocolClient.java:onNext(264)) - client-8C798EE064B2->dd0a3b65-d36c-4f93-b232-3c8e6f6667b6: receive RaftClientReply:client-8C798EE064B2->dd0a3b65-d36c-4f93-b232-3c8e6f6667b6@group-B02456D89C11, cid=3518, SUCCESS, logIndex=4926, commits[dd0a3b65-d36c-4f93-b232-3c8e6f6667b6:c4928]
2019-09-18 13:04:44,926 [grpc-default-executor-1] INFO  client.GrpcClientProtocolClient (GrpcClientProtocolClient.java:onNext(264)) - client-8C798EE064B2->dd0a3b65-d36c-4f93-b232-3c8e6f6667b6: receive RaftClientReply:client-8C798EE064B2->dd0a3b65-d36c-4f93-b232-3c8e6f6667b6@group-B02456D89C11, cid=3519, SUCCESS, logIndex=4927, commits[dd0a3b65-d36c-4f93-b232-3c8e6f6667b6:c4929]
2019-09-18 13:04:44,926 [grpc-default-executor-1] INFO  client.GrpcClientProtocolClient (GrpcClientProtocolClient.java:onNext(264)) - client-8C798EE064B2->dd0a3b65-d36c-4f93-b232-3c8e6f6667b6: receive RaftClientReply:client-8C798EE064B2->dd0a3b65-d36c-4f93-b232-3c8e6f6667b6@group-B02456D89C11, cid=3520, SUCCESS, logIndex=4928, commits[dd0a3b65-d36c-4f93-b232-3c8e6f6667b6:c4929]
2019-09-18 13:04:44,928 [SCMBlockDeletingService#0] DEBUG block.SCMBlockDeletingService (SCMBlockDeletingService.java:call(138)) - Running DeletedBlockTransactionScanner
2019-09-18 13:04:44,928 [SCMBlockDeletingService#0] DEBUG block.SCMBlockDeletingService (SCMBlockDeletingService.java:call(155)) - Scanned deleted blocks log and got 0 delTX to process.
2019-09-18 13:04:44,953 [grpc-default-executor-0] INFO  client.GrpcClientProtocolClient (GrpcClientProtocolClient.java:onNext(264)) - client-8C798EE064B2->dd0a3b65-d36c-4f93-b232-3c8e6f6667b6: receive RaftClientReply:client-8C798EE064B2->dd0a3b65-d36c-4f93-b232-3c8e6f6667b6@group-B02456D89C11, cid=3521, SUCCESS, logIndex=4931, commits[dd0a3b65-d36c-4f93-b232-3c8e6f6667b6:c4932]
2019-09-18 13:04:44,953 [grpc-default-executor-0] INFO  client.GrpcClientProtocolClient (GrpcClientProtocolClient.java:onNext(264)) - client-8C798EE064B2->dd0a3b65-d36c-4f93-b232-3c8e6f6667b6: receive RaftClientReply:client-8C798EE064B2->dd0a3b65-d36c-4f93-b232-3c8e6f6667b6@group-B02456D89C11, cid=3522, SUCCESS, logIndex=4932, commits[dd0a3b65-d36c-4f93-b232-3c8e6f6667b6:c4934]
2019-09-18 13:04:44,954 [grpc-default-executor-0] INFO  client.GrpcClientProtocolClient (GrpcClientProtocolClient.java:onNext(264)) - client-8C798EE064B2->dd0a3b65-d36c-4f93-b232-3c8e6f6667b6: receive RaftClientReply:client-8C798EE064B2->dd0a3b65-d36c-4f93-b232-3c8e6f6667b6@group-B02456D89C11, cid=3523, SUCCESS, logIndex=4933, commits[dd0a3b65-d36c-4f93-b232-3c8e6f6667b6:c4934]
2019-09-18 13:04:44,954 [grpc-default-executor-0] INFO  client.GrpcClientProtocolClient (GrpcClientProtocolClient.java:onNext(264)) - client-8C798EE064B2->dd0a3b65-d36c-4f93-b232-3c8e6f6667b6: receive RaftClientReply:client-8C798EE064B2->dd0a3b65-d36c-4f93-b232-3c8e6f6667b6@group-B02456D89C11, cid=3524, SUCCESS, logIndex=4934, commits[dd0a3b65-d36c-4f93-b232-3c8e6f6667b6:c4935]
2019-09-18 13:04:44,981 [grpc-default-executor-0] INFO  client.GrpcClientProtocolClient (GrpcClientProtocolClient.java:onNext(264)) - client-8C798EE064B2->dd0a3b65-d36c-4f93-b232-3c8e6f6667b6: receive RaftClientReply:client-8C798EE064B2->dd0a3b65-d36c-4f93-b232-3c8e6f6667b6@group-B02456D89C11, cid=3525, SUCCESS, logIndex=4937, commits[dd0a3b65-d36c-4f93-b232-3c8e6f6667b6:c4938]
2019-09-18 13:04:44,982 [grpc-default-executor-0] INFO  client.GrpcClientProtocolClient (GrpcClientProtocolClient.java:onNext(264)) - client-8C798EE064B2->dd0a3b65-d36c-4f93-b232-3c8e6f6667b6: receive RaftClientReply:client-8C798EE064B2->dd0a3b65-d36c-4f93-b232-3c8e6f6667b6@group-B02456D89C11, cid=3526, SUCCESS, logIndex=4938, commits[dd0a3b65-d36c-4f93-b232-3c8e6f6667b6:c4940]
2019-09-18 13:04:44,982 [grpc-default-executor-0] INFO  client.GrpcClientProtocolClient (GrpcClientProtocolClient.java:onNext(264)) - client-8C798EE064B2->dd0a3b65-d36c-4f93-b232-3c8e6f6667b6: receive RaftClientReply:client-8C798EE064B2->dd0a3b65-d36c-4f93-b232-3c8e6f6667b6@group-B02456D89C11, cid=3527, SUCCESS, logIndex=4939, commits[dd0a3b65-d36c-4f93-b232-3c8e6f6667b6:c4940]
2019-09-18 13:04:44,982 [grpc-default-executor-0] INFO  client.GrpcClientProtocolClient (GrpcClientProtocolClient.java:onNext(264)) - client-8C798EE064B2->dd0a3b65-d36c-4f93-b232-3c8e6f6667b6: receive RaftClientReply:client-8C798EE064B2->dd0a3b65-d36c-4f93-b232-3c8e6f6667b6@group-B02456D89C11, cid=3528, SUCCESS, logIndex=4940, commits[dd0a3b65-d36c-4f93-b232-3c8e6f6667b6:c4941]
2019-09-18 13:04:45,013 [grpc-default-executor-0] INFO  client.GrpcClientProtocolClient (GrpcClientProtocolClient.java:onNext(264)) - client-8C798EE064B2->dd0a3b65-d36c-4f93-b232-3c8e6f6667b6: receive RaftClientReply:client-8C798EE064B2->dd0a3b65-d36c-4f93-b232-3c8e6f6667b6@group-B02456D89C11, cid=3529, SUCCESS, logIndex=4943, commits[dd0a3b65-d36c-4f93-b232-3c8e6f6667b6:c4944]
2019-09-18 13:04:45,014 [grpc-default-executor-0] INFO  client.GrpcClientProtocolClient (GrpcClientProtocolClient.java:onNext(264)) - client-8C798EE064B2->dd0a3b65-d36c-4f93-b232-3c8e6f6667b6: receive RaftClientReply:client-8C798EE064B2->dd0a3b65-d36c-4f93-b232-3c8e6f6667b6@group-B02456D89C11, cid=3530, SUCCESS, logIndex=4944, commits[dd0a3b65-d36c-4f93-b232-3c8e6f6667b6:c4944]
2019-09-18 13:04:45,015 [grpc-default-executor-0] INFO  client.GrpcClientProtocolClient (GrpcClientProtocolClient.java:onNext(264)) - client-8C798EE064B2->dd0a3b65-d36c-4f93-b232-3c8e6f6667b6: receive RaftClientReply:client-8C798EE064B2->dd0a3b65-d36c-4f93-b232-3c8e6f6667b6@group-B02456D89C11, cid=3531, SUCCESS, logIndex=4945, commits[dd0a3b65-d36c-4f93-b232-3c8e6f6667b6:c4946]
2019-09-18 13:04:45,015 [grpc-default-executor-0] INFO  client.GrpcClientProtocolClient (GrpcClientProtocolClient.java:onNext(264)) - client-8C798EE064B2->dd0a3b65-d36c-4f93-b232-3c8e6f6667b6: receive RaftClientReply:client-8C798EE064B2->dd0a3b65-d36c-4f93-b232-3c8e6f6667b6@group-B02456D89C11, cid=3532, SUCCESS, logIndex=4946, commits[dd0a3b65-d36c-4f93-b232-3c8e6f6667b6:c4946]
2019-09-18 13:04:45,026 [grpc-default-executor-1] INFO  client.GrpcClientProtocolClient (GrpcClientProtocolClient.java:onNext(264)) - client-8C798EE064B2->dd0a3b65-d36c-4f93-b232-3c8e6f6667b6: receive RaftClientReply:client-8C798EE064B2->dd0a3b65-d36c-4f93-b232-3c8e6f6667b6@group-B02456D89C11, cid=3533, SUCCESS, logIndex=4949, commits[dd0a3b65-d36c-4f93-b232-3c8e6f6667b6:c4952]
2019-09-18 13:04:45,027 [grpc-default-executor-1] INFO  client.GrpcClientProtocolClient (GrpcClientProtocolClient.java:onNext(264)) - client-8C798EE064B2->dd0a3b65-d36c-4f93-b232-3c8e6f6667b6: receive RaftClientReply:client-8C798EE064B2->dd0a3b65-d36c-4f93-b232-3c8e6f6667b6@group-B02456D89C11, cid=3534, SUCCESS, logIndex=4950, commits[dd0a3b65-d36c-4f93-b232-3c8e6f6667b6:c4953]
2019-09-18 13:04:45,027 [grpc-default-executor-1] INFO  client.GrpcClientProtocolClient (GrpcClientProtocolClient.java:onNext(264)) - client-8C798EE064B2->dd0a3b65-d36c-4f93-b232-3c8e6f6667b6: receive RaftClientReply:client-8C798EE064B2->dd0a3b65-d36c-4f93-b232-3c8e6f6667b6@group-B02456D89C11, cid=3535, SUCCESS, logIndex=4951, commits[dd0a3b65-d36c-4f93-b232-3c8e6f6667b6:c4953]
2019-09-18 13:04:45,028 [grpc-default-executor-1] INFO  client.GrpcClientProtocolClient (GrpcClientProtocolClient.java:onNext(264)) - client-8C798EE064B2->dd0a3b65-d36c-4f93-b232-3c8e6f6667b6: receive RaftClientReply:client-8C798EE064B2->dd0a3b65-d36c-4f93-b232-3c8e6f6667b6@group-B02456D89C11, cid=3536, SUCCESS, logIndex=4952, commits[dd0a3b65-d36c-4f93-b232-3c8e6f6667b6:c4953]
2019-09-18 13:04:45,029 [SCMBlockDeletingService#0] DEBUG block.SCMBlockDeletingService (SCMBlockDeletingService.java:call(138)) - Running DeletedBlockTransactionScanner
2019-09-18 13:04:45,029 [SCMBlockDeletingService#0] DEBUG block.SCMBlockDeletingService (SCMBlockDeletingService.java:call(155)) - Scanned deleted blocks log and got 0 delTX to process.
2019-09-18 13:04:45,129 [SCMBlockDeletingService#0] DEBUG block.SCMBlockDeletingService (SCMBlockDeletingService.java:call(138)) - Running DeletedBlockTransactionScanner
2019-09-18 13:04:45,129 [SCMBlockDeletingService#0] DEBUG block.SCMBlockDeletingService (SCMBlockDeletingService.java:call(155)) - Scanned deleted blocks log and got 0 delTX to process.
2019-09-18 13:04:45,155 [grpc-default-executor-1] INFO  client.GrpcClientProtocolClient (GrpcClientProtocolClient.java:onNext(264)) - client-8C798EE064B2->dd0a3b65-d36c-4f93-b232-3c8e6f6667b6: receive RaftClientReply:client-8C798EE064B2->dd0a3b65-d36c-4f93-b232-3c8e6f6667b6@group-B02456D89C11, cid=3537, SUCCESS, logIndex=4954, commits[dd0a3b65-d36c-4f93-b232-3c8e6f6667b6:c4955]
2019-09-18 13:04:45,156 [grpc-default-executor-1] INFO  client.GrpcClientProtocolClient (GrpcClientProtocolClient.java:onNext(264)) - client-8C798EE064B2->dd0a3b65-d36c-4f93-b232-3c8e6f6667b6: receive RaftClientReply:client-8C798EE064B2->dd0a3b65-d36c-4f93-b232-3c8e6f6667b6@group-B02456D89C11, cid=3538, SUCCESS, logIndex=4955, commits[dd0a3b65-d36c-4f93-b232-3c8e6f6667b6:c4955]
2019-09-18 13:04:45,157 [grpc-default-executor-1] INFO  client.GrpcClientProtocolClient (GrpcClientProtocolClient.java:onNext(264)) - client-8C798EE064B2->dd0a3b65-d36c-4f93-b232-3c8e6f6667b6: receive RaftClientReply:client-8C798EE064B2->dd0a3b65-d36c-4f93-b232-3c8e6f6667b6@group-B02456D89C11, cid=3539, SUCCESS, logIndex=4956, commits[dd0a3b65-d36c-4f93-b232-3c8e6f6667b6:c4957]
2019-09-18 13:04:45,158 [grpc-default-executor-1] INFO  client.GrpcClientProtocolClient (GrpcClientProtocolClient.java:onNext(264)) - client-8C798EE064B2->dd0a3b65-d36c-4f93-b232-3c8e6f6667b6: receive RaftClientReply:client-8C798EE064B2->dd0a3b65-d36c-4f93-b232-3c8e6f6667b6@group-B02456D89C11, cid=3540, SUCCESS, logIndex=4957, commits[dd0a3b65-d36c-4f93-b232-3c8e6f6667b6:c4957]
2019-09-18 13:04:45,192 [grpc-default-executor-1] INFO  client.GrpcClientProtocolClient (GrpcClientProtocolClient.java:onNext(264)) - client-8C798EE064B2->dd0a3b65-d36c-4f93-b232-3c8e6f6667b6: receive RaftClientReply:client-8C798EE064B2->dd0a3b65-d36c-4f93-b232-3c8e6f6667b6@group-B02456D89C11, cid=3541, SUCCESS, logIndex=4960, commits[dd0a3b65-d36c-4f93-b232-3c8e6f6667b6:c4963]
2019-09-18 13:04:45,192 [grpc-default-executor-1] INFO  client.GrpcClientProtocolClient (GrpcClientProtocolClient.java:onNext(264)) - client-8C798EE064B2->dd0a3b65-d36c-4f93-b232-3c8e6f6667b6: receive RaftClientReply:client-8C798EE064B2->dd0a3b65-d36c-4f93-b232-3c8e6f6667b6@group-B02456D89C11, cid=3542, SUCCESS, logIndex=4961, commits[dd0a3b65-d36c-4f93-b232-3c8e6f6667b6:c4964]
2019-09-18 13:04:45,193 [grpc-default-executor-1] INFO  client.GrpcClientProtocolClient (GrpcClientProtocolClient.java:onNext(264)) - client-8C798EE064B2->dd0a3b65-d36c-4f93-b232-3c8e6f6667b6: receive RaftClientReply:client-8C798EE064B2->dd0a3b65-d36c-4f93-b232-3c8e6f6667b6@group-B02456D89C11, cid=3543, SUCCESS, logIndex=4962, commits[dd0a3b65-d36c-4f93-b232-3c8e6f6667b6:c4964]
2019-09-18 13:04:45,193 [grpc-default-executor-1] INFO  client.GrpcClientProtocolClient (GrpcClientProtocolClient.java:onNext(264)) - client-8C798EE064B2->dd0a3b65-d36c-4f93-b232-3c8e6f6667b6: receive RaftClientReply:client-8C798EE064B2->dd0a3b65-d36c-4f93-b232-3c8e6f6667b6@group-B02456D89C11, cid=3544, SUCCESS, logIndex=4963, commits[dd0a3b65-d36c-4f93-b232-3c8e6f6667b6:c4964]
2019-09-18 13:04:45,226 [grpc-default-executor-1] INFO  client.GrpcClientProtocolClient (GrpcClientProtocolClient.java:onNext(264)) - client-8C798EE064B2->dd0a3b65-d36c-4f93-b232-3c8e6f6667b6: receive RaftClientReply:client-8C798EE064B2->dd0a3b65-d36c-4f93-b232-3c8e6f6667b6@group-B02456D89C11, cid=3545, SUCCESS, logIndex=4965, commits[dd0a3b65-d36c-4f93-b232-3c8e6f6667b6:c4966]
2019-09-18 13:04:45,226 [grpc-default-executor-1] INFO  client.GrpcClientProtocolClient (GrpcClientProtocolClient.java:onNext(264)) - client-8C798EE064B2->dd0a3b65-d36c-4f93-b232-3c8e6f6667b6: receive RaftClientReply:client-8C798EE064B2->dd0a3b65-d36c-4f93-b232-3c8e6f6667b6@group-B02456D89C11, cid=3546, SUCCESS, logIndex=4966, commits[dd0a3b65-d36c-4f93-b232-3c8e6f6667b6:c4966]
2019-09-18 13:04:45,227 [grpc-default-executor-1] INFO  client.GrpcClientProtocolClient (GrpcClientProtocolClient.java:onNext(264)) - client-8C798EE064B2->dd0a3b65-d36c-4f93-b232-3c8e6f6667b6: receive RaftClientReply:client-8C798EE064B2->dd0a3b65-d36c-4f93-b232-3c8e6f6667b6@group-B02456D89C11, cid=3547, SUCCESS, logIndex=4967, commits[dd0a3b65-d36c-4f93-b232-3c8e6f6667b6:c4968]
2019-09-18 13:04:45,228 [grpc-default-executor-1] INFO  client.GrpcClientProtocolClient (GrpcClientProtocolClient.java:onNext(264)) - client-8C798EE064B2->dd0a3b65-d36c-4f93-b232-3c8e6f6667b6: receive RaftClientReply:client-8C798EE064B2->dd0a3b65-d36c-4f93-b232-3c8e6f6667b6@group-B02456D89C11, cid=3548, SUCCESS, logIndex=4968, commits[dd0a3b65-d36c-4f93-b232-3c8e6f6667b6:c4968]
2019-09-18 13:04:45,230 [SCMBlockDeletingService#0] DEBUG block.SCMBlockDeletingService (SCMBlockDeletingService.java:call(138)) - Running DeletedBlockTransactionScanner
2019-09-18 13:04:45,230 [SCMBlockDeletingService#0] DEBUG block.SCMBlockDeletingService (SCMBlockDeletingService.java:call(155)) - Scanned deleted blocks log and got 0 delTX to process.
2019-09-18 13:04:45,240 [grpc-default-executor-0] INFO  client.GrpcClientProtocolClient (GrpcClientProtocolClient.java:onNext(264)) - client-8C798EE064B2->dd0a3b65-d36c-4f93-b232-3c8e6f6667b6: receive RaftClientReply:client-8C798EE064B2->dd0a3b65-d36c-4f93-b232-3c8e6f6667b6@group-B02456D89C11, cid=3549, SUCCESS, logIndex=4971, commits[dd0a3b65-d36c-4f93-b232-3c8e6f6667b6:c4974]
2019-09-18 13:04:45,240 [grpc-default-executor-0] INFO  client.GrpcClientProtocolClient (GrpcClientProtocolClient.java:onNext(264)) - client-8C798EE064B2->dd0a3b65-d36c-4f93-b232-3c8e6f6667b6: receive RaftClientReply:client-8C798EE064B2->dd0a3b65-d36c-4f93-b232-3c8e6f6667b6@group-B02456D89C11, cid=3550, SUCCESS, logIndex=4972, commits[dd0a3b65-d36c-4f93-b232-3c8e6f6667b6:c4974]
2019-09-18 13:04:45,240 [grpc-default-executor-0] INFO  client.GrpcClientProtocolClient (GrpcClientProtocolClient.java:onNext(264)) - client-8C798EE064B2->dd0a3b65-d36c-4f93-b232-3c8e6f6667b6: receive RaftClientReply:client-8C798EE064B2->dd0a3b65-d36c-4f93-b232-3c8e6f6667b6@group-B02456D89C11, cid=3551, SUCCESS, logIndex=4973, commits[dd0a3b65-d36c-4f93-b232-3c8e6f6667b6:c4975]
2019-09-18 13:04:45,241 [grpc-default-executor-0] INFO  client.GrpcClientProtocolClient (GrpcClientProtocolClient.java:onNext(264)) - client-8C798EE064B2->dd0a3b65-d36c-4f93-b232-3c8e6f6667b6: receive RaftClientReply:client-8C798EE064B2->dd0a3b65-d36c-4f93-b232-3c8e6f6667b6@group-B02456D89C11, cid=3552, SUCCESS, logIndex=4974, commits[dd0a3b65-d36c-4f93-b232-3c8e6f6667b6:c4975]
2019-09-18 13:04:45,271 [grpc-default-executor-0] INFO  client.GrpcClientProtocolClient (GrpcClientProtocolClient.java:onNext(264)) - client-8C798EE064B2->dd0a3b65-d36c-4f93-b232-3c8e6f6667b6: receive RaftClientReply:client-8C798EE064B2->dd0a3b65-d36c-4f93-b232-3c8e6f6667b6@group-B02456D89C11, cid=3553, SUCCESS, logIndex=4976, commits[dd0a3b65-d36c-4f93-b232-3c8e6f6667b6:c4977]
2019-09-18 13:04:45,272 [grpc-default-executor-0] INFO  client.GrpcClientProtocolClient (GrpcClientProtocolClient.java:onNext(264)) - client-8C798EE064B2->dd0a3b65-d36c-4f93-b232-3c8e6f6667b6: receive RaftClientReply:client-8C798EE064B2->dd0a3b65-d36c-4f93-b232-3c8e6f6667b6@group-B02456D89C11, cid=3554, SUCCESS, logIndex=4977, commits[dd0a3b65-d36c-4f93-b232-3c8e6f6667b6:c4979]
2019-09-18 13:04:45,272 [grpc-default-executor-0] INFO  client.GrpcClientProtocolClient (GrpcClientProtocolClient.java:onNext(264)) - client-8C798EE064B2->dd0a3b65-d36c-4f93-b232-3c8e6f6667b6: receive RaftClientReply:client-8C798EE064B2->dd0a3b65-d36c-4f93-b232-3c8e6f6667b6@group-B02456D89C11, cid=3555, SUCCESS, logIndex=4978, commits[dd0a3b65-d36c-4f93-b232-3c8e6f6667b6:c4979]
2019-09-18 13:04:45,273 [grpc-default-executor-0] INFO  client.GrpcClientProtocolClient (GrpcClientProtocolClient.java:onNext(264)) - client-8C798EE064B2->dd0a3b65-d36c-4f93-b232-3c8e6f6667b6: receive RaftClientReply:client-8C798EE064B2->dd0a3b65-d36c-4f93-b232-3c8e6f6667b6@group-B02456D89C11, cid=3556, SUCCESS, logIndex=4979, commits[dd0a3b65-d36c-4f93-b232-3c8e6f6667b6:c4980]
2019-09-18 13:04:45,292 [grpc-default-executor-0] INFO  client.GrpcClientProtocolClient (GrpcClientProtocolClient.java:onNext(264)) - client-8C798EE064B2->dd0a3b65-d36c-4f93-b232-3c8e6f6667b6: receive RaftClientReply:client-8C798EE064B2->dd0a3b65-d36c-4f93-b232-3c8e6f6667b6@group-B02456D89C11, cid=3557, SUCCESS, logIndex=4982, commits[dd0a3b65-d36c-4f93-b232-3c8e6f6667b6:c4983]
2019-09-18 13:04:45,292 [grpc-default-executor-0] INFO  client.GrpcClientProtocolClient (GrpcClientProtocolClient.java:onNext(264)) - client-8C798EE064B2->dd0a3b65-d36c-4f93-b232-3c8e6f6667b6: receive RaftClientReply:client-8C798EE064B2->dd0a3b65-d36c-4f93-b232-3c8e6f6667b6@group-B02456D89C11, cid=3558, SUCCESS, logIndex=4983, commits[dd0a3b65-d36c-4f93-b232-3c8e6f6667b6:c4985]
2019-09-18 13:04:45,293 [grpc-default-executor-0] INFO  client.GrpcClientProtocolClient (GrpcClientProtocolClient.java:onNext(264)) - client-8C798EE064B2->dd0a3b65-d36c-4f93-b232-3c8e6f6667b6: receive RaftClientReply:client-8C798EE064B2->dd0a3b65-d36c-4f93-b232-3c8e6f6667b6@group-B02456D89C11, cid=3559, SUCCESS, logIndex=4984, commits[dd0a3b65-d36c-4f93-b232-3c8e6f6667b6:c4986]
2019-09-18 13:04:45,293 [grpc-default-executor-0] INFO  client.GrpcClientProtocolClient (GrpcClientProtocolClient.java:onNext(264)) - client-8C798EE064B2->dd0a3b65-d36c-4f93-b232-3c8e6f6667b6: receive RaftClientReply:client-8C798EE064B2->dd0a3b65-d36c-4f93-b232-3c8e6f6667b6@group-B02456D89C11, cid=3560, SUCCESS, logIndex=4985, commits[dd0a3b65-d36c-4f93-b232-3c8e6f6667b6:c4986]
2019-09-18 13:04:45,382 [SCMBlockDeletingService#0] DEBUG block.SCMBlockDeletingService (SCMBlockDeletingService.java:call(138)) - Running DeletedBlockTransactionScanner
2019-09-18 13:04:45,382 [SCMBlockDeletingService#0] DEBUG block.SCMBlockDeletingService (SCMBlockDeletingService.java:call(155)) - Scanned deleted blocks log and got 0 delTX to process.
2019-09-18 13:04:45,411 [grpc-default-executor-1] INFO  client.GrpcClientProtocolClient (GrpcClientProtocolClient.java:onNext(264)) - client-8C798EE064B2->dd0a3b65-d36c-4f93-b232-3c8e6f6667b6: receive RaftClientReply:client-8C798EE064B2->dd0a3b65-d36c-4f93-b232-3c8e6f6667b6@group-B02456D89C11, cid=3561, SUCCESS, logIndex=4988, commits[dd0a3b65-d36c-4f93-b232-3c8e6f6667b6:c4991]
2019-09-18 13:04:45,411 [grpc-default-executor-1] INFO  client.GrpcClientProtocolClient (GrpcClientProtocolClient.java:onNext(264)) - client-8C798EE064B2->dd0a3b65-d36c-4f93-b232-3c8e6f6667b6: receive RaftClientReply:client-8C798EE064B2->dd0a3b65-d36c-4f93-b232-3c8e6f6667b6@group-B02456D89C11, cid=3562, SUCCESS, logIndex=4989, commits[dd0a3b65-d36c-4f93-b232-3c8e6f6667b6:c4992]
2019-09-18 13:04:45,412 [grpc-default-executor-1] INFO  client.GrpcClientProtocolClient (GrpcClientProtocolClient.java:onNext(264)) - client-8C798EE064B2->dd0a3b65-d36c-4f93-b232-3c8e6f6667b6: receive RaftClientReply:client-8C798EE064B2->dd0a3b65-d36c-4f93-b232-3c8e6f6667b6@group-B02456D89C11, cid=3563, SUCCESS, logIndex=4990, commits[dd0a3b65-d36c-4f93-b232-3c8e6f6667b6:c4992]
2019-09-18 13:04:45,412 [grpc-default-executor-1] INFO  client.GrpcClientProtocolClient (GrpcClientProtocolClient.java:onNext(264)) - client-8C798EE064B2->dd0a3b65-d36c-4f93-b232-3c8e6f6667b6: receive RaftClientReply:client-8C798EE064B2->dd0a3b65-d36c-4f93-b232-3c8e6f6667b6@group-B02456D89C11, cid=3564, SUCCESS, logIndex=4991, commits[dd0a3b65-d36c-4f93-b232-3c8e6f6667b6:c4992]
2019-09-18 13:04:45,432 [grpc-default-executor-1] INFO  client.GrpcClientProtocolClient (GrpcClientProtocolClient.java:onNext(264)) - client-8C798EE064B2->dd0a3b65-d36c-4f93-b232-3c8e6f6667b6: receive RaftClientReply:client-8C798EE064B2->dd0a3b65-d36c-4f93-b232-3c8e6f6667b6@group-B02456D89C11, cid=3565, SUCCESS, logIndex=4993, commits[dd0a3b65-d36c-4f93-b232-3c8e6f6667b6:c4994]
2019-09-18 13:04:45,433 [grpc-default-executor-1] INFO  client.GrpcClientProtocolClient (GrpcClientProtocolClient.java:onNext(264)) - client-8C798EE064B2->dd0a3b65-d36c-4f93-b232-3c8e6f6667b6: receive RaftClientReply:client-8C798EE064B2->dd0a3b65-d36c-4f93-b232-3c8e6f6667b6@group-B02456D89C11, cid=3566, SUCCESS, logIndex=4994, commits[dd0a3b65-d36c-4f93-b232-3c8e6f6667b6:c4996]
2019-09-18 13:04:45,433 [grpc-default-executor-1] INFO  client.GrpcClientProtocolClient (GrpcClientProtocolClient.java:onNext(264)) - client-8C798EE064B2->dd0a3b65-d36c-4f93-b232-3c8e6f6667b6: receive RaftClientReply:client-8C798EE064B2->dd0a3b65-d36c-4f93-b232-3c8e6f6667b6@group-B02456D89C11, cid=3567, SUCCESS, logIndex=4995, commits[dd0a3b65-d36c-4f93-b232-3c8e6f6667b6:c4997]
2019-09-18 13:04:45,433 [grpc-default-executor-1] INFO  client.GrpcClientProtocolClient (GrpcClientProtocolClient.java:onNext(264)) - client-8C798EE064B2->dd0a3b65-d36c-4f93-b232-3c8e6f6667b6: receive RaftClientReply:client-8C798EE064B2->dd0a3b65-d36c-4f93-b232-3c8e6f6667b6@group-B02456D89C11, cid=3568, SUCCESS, logIndex=4996, commits[dd0a3b65-d36c-4f93-b232-3c8e6f6667b6:c4997]
2019-09-18 13:04:45,465 [grpc-default-executor-1] INFO  client.GrpcClientProtocolClient (GrpcClientProtocolClient.java:onNext(264)) - client-8C798EE064B2->dd0a3b65-d36c-4f93-b232-3c8e6f6667b6: receive RaftClientReply:client-8C798EE064B2->dd0a3b65-d36c-4f93-b232-3c8e6f6667b6@group-B02456D89C11, cid=3569, SUCCESS, logIndex=4999, commits[dd0a3b65-d36c-4f93-b232-3c8e6f6667b6:c5000]
2019-09-18 13:04:45,465 [grpc-default-executor-1] INFO  client.GrpcClientProtocolClient (GrpcClientProtocolClient.java:onNext(264)) - client-8C798EE064B2->dd0a3b65-d36c-4f93-b232-3c8e6f6667b6: receive RaftClientReply:client-8C798EE064B2->dd0a3b65-d36c-4f93-b232-3c8e6f6667b6@group-B02456D89C11, cid=3570, SUCCESS, logIndex=5000, commits[dd0a3b65-d36c-4f93-b232-3c8e6f6667b6:c5002]
2019-09-18 13:04:45,466 [grpc-default-executor-1] INFO  client.GrpcClientProtocolClient (GrpcClientProtocolClient.java:onNext(264)) - client-8C798EE064B2->dd0a3b65-d36c-4f93-b232-3c8e6f6667b6: receive RaftClientReply:client-8C798EE064B2->dd0a3b65-d36c-4f93-b232-3c8e6f6667b6@group-B02456D89C11, cid=3571, SUCCESS, logIndex=5001, commits[dd0a3b65-d36c-4f93-b232-3c8e6f6667b6:c5003]
2019-09-18 13:04:45,466 [grpc-default-executor-1] INFO  client.GrpcClientProtocolClient (GrpcClientProtocolClient.java:onNext(264)) - client-8C798EE064B2->dd0a3b65-d36c-4f93-b232-3c8e6f6667b6: receive RaftClientReply:client-8C798EE064B2->dd0a3b65-d36c-4f93-b232-3c8e6f6667b6@group-B02456D89C11, cid=3572, SUCCESS, logIndex=5002, commits[dd0a3b65-d36c-4f93-b232-3c8e6f6667b6:c5004]
2019-09-18 13:04:45,483 [SCMBlockDeletingService#0] DEBUG block.SCMBlockDeletingService (SCMBlockDeletingService.java:call(138)) - Running DeletedBlockTransactionScanner
2019-09-18 13:04:45,483 [SCMBlockDeletingService#0] DEBUG block.SCMBlockDeletingService (SCMBlockDeletingService.java:call(155)) - Scanned deleted blocks log and got 0 delTX to process.
2019-09-18 13:04:45,485 [grpc-default-executor-0] INFO  client.GrpcClientProtocolClient (GrpcClientProtocolClient.java:onNext(264)) - client-8C798EE064B2->dd0a3b65-d36c-4f93-b232-3c8e6f6667b6: receive RaftClientReply:client-8C798EE064B2->dd0a3b65-d36c-4f93-b232-3c8e6f6667b6@group-B02456D89C11, cid=3573, SUCCESS, logIndex=5005, commits[dd0a3b65-d36c-4f93-b232-3c8e6f6667b6:c5006]
2019-09-18 13:04:45,486 [grpc-default-executor-0] INFO  client.GrpcClientProtocolClient (GrpcClientProtocolClient.java:onNext(264)) - client-8C798EE064B2->dd0a3b65-d36c-4f93-b232-3c8e6f6667b6: receive RaftClientReply:client-8C798EE064B2->dd0a3b65-d36c-4f93-b232-3c8e6f6667b6@group-B02456D89C11, cid=3574, SUCCESS, logIndex=5006, commits[dd0a3b65-d36c-4f93-b232-3c8e6f6667b6:c5006]
2019-09-18 13:04:45,488 [grpc-default-executor-0] INFO  client.GrpcClientProtocolClient (GrpcClientProtocolClient.java:onNext(264)) - client-8C798EE064B2->dd0a3b65-d36c-4f93-b232-3c8e6f6667b6: receive RaftClientReply:client-8C798EE064B2->dd0a3b65-d36c-4f93-b232-3c8e6f6667b6@group-B02456D89C11, cid=3575, SUCCESS, logIndex=5007, commits[dd0a3b65-d36c-4f93-b232-3c8e6f6667b6:c5008]
2019-09-18 13:04:45,488 [grpc-default-executor-0] INFO  client.GrpcClientProtocolClient (GrpcClientProtocolClient.java:onNext(264)) - client-8C798EE064B2->dd0a3b65-d36c-4f93-b232-3c8e6f6667b6: receive RaftClientReply:client-8C798EE064B2->dd0a3b65-d36c-4f93-b232-3c8e6f6667b6@group-B02456D89C11, cid=3576, SUCCESS, logIndex=5008, commits[dd0a3b65-d36c-4f93-b232-3c8e6f6667b6:c5008]
2019-09-18 13:04:45,519 [grpc-default-executor-0] INFO  client.GrpcClientProtocolClient (GrpcClientProtocolClient.java:onNext(264)) - client-8C798EE064B2->dd0a3b65-d36c-4f93-b232-3c8e6f6667b6: receive RaftClientReply:client-8C798EE064B2->dd0a3b65-d36c-4f93-b232-3c8e6f6667b6@group-B02456D89C11, cid=3577, SUCCESS, logIndex=5011, commits[dd0a3b65-d36c-4f93-b232-3c8e6f6667b6:c5012]
2019-09-18 13:04:45,520 [grpc-default-executor-0] INFO  client.GrpcClientProtocolClient (GrpcClientProtocolClient.java:onNext(264)) - client-8C798EE064B2->dd0a3b65-d36c-4f93-b232-3c8e6f6667b6: receive RaftClientReply:client-8C798EE064B2->dd0a3b65-d36c-4f93-b232-3c8e6f6667b6@group-B02456D89C11, cid=3578, SUCCESS, logIndex=5012, commits[dd0a3b65-d36c-4f93-b232-3c8e6f6667b6:c5012]
2019-09-18 13:04:45,521 [grpc-default-executor-0] INFO  client.GrpcClientProtocolClient (GrpcClientProtocolClient.java:onNext(264)) - client-8C798EE064B2->dd0a3b65-d36c-4f93-b232-3c8e6f6667b6: receive RaftClientReply:client-8C798EE064B2->dd0a3b65-d36c-4f93-b232-3c8e6f6667b6@group-B02456D89C11, cid=3579, SUCCESS, logIndex=5013, commits[dd0a3b65-d36c-4f93-b232-3c8e6f6667b6:c5014]
2019-09-18 13:04:45,521 [grpc-default-executor-0] INFO  client.GrpcClientProtocolClient (GrpcClientProtocolClient.java:onNext(264)) - client-8C798EE064B2->dd0a3b65-d36c-4f93-b232-3c8e6f6667b6: receive RaftClientReply:client-8C798EE064B2->dd0a3b65-d36c-4f93-b232-3c8e6f6667b6@group-B02456D89C11, cid=3580, SUCCESS, logIndex=5014, commits[dd0a3b65-d36c-4f93-b232-3c8e6f6667b6:c5014]
2019-09-18 13:04:45,583 [SCMBlockDeletingService#0] DEBUG block.SCMBlockDeletingService (SCMBlockDeletingService.java:call(138)) - Running DeletedBlockTransactionScanner
2019-09-18 13:04:45,583 [SCMBlockDeletingService#0] DEBUG block.SCMBlockDeletingService (SCMBlockDeletingService.java:call(155)) - Scanned deleted blocks log and got 0 delTX to process.
2019-09-18 13:04:45,646 [grpc-default-executor-0] INFO  client.GrpcClientProtocolClient (GrpcClientProtocolClient.java:onNext(264)) - client-8C798EE064B2->dd0a3b65-d36c-4f93-b232-3c8e6f6667b6: receive RaftClientReply:client-8C798EE064B2->dd0a3b65-d36c-4f93-b232-3c8e6f6667b6@group-B02456D89C11, cid=3581, SUCCESS, logIndex=5017, commits[dd0a3b65-d36c-4f93-b232-3c8e6f6667b6:c5020]
2019-09-18 13:04:45,646 [grpc-default-executor-0] INFO  client.GrpcClientProtocolClient (GrpcClientProtocolClient.java:onNext(264)) - client-8C798EE064B2->dd0a3b65-d36c-4f93-b232-3c8e6f6667b6: receive RaftClientReply:client-8C798EE064B2->dd0a3b65-d36c-4f93-b232-3c8e6f6667b6@group-B02456D89C11, cid=3582, SUCCESS, logIndex=5018, commits[dd0a3b65-d36c-4f93-b232-3c8e6f6667b6:c5020]
2019-09-18 13:04:45,646 [grpc-default-executor-0] INFO  client.GrpcClientProtocolClient (GrpcClientProtocolClient.java:onNext(264)) - client-8C798EE064B2->dd0a3b65-d36c-4f93-b232-3c8e6f6667b6: receive RaftClientReply:client-8C798EE064B2->dd0a3b65-d36c-4f93-b232-3c8e6f6667b6@group-B02456D89C11, cid=3583, SUCCESS, logIndex=5019, commits[dd0a3b65-d36c-4f93-b232-3c8e6f6667b6:c5020]
2019-09-18 13:04:45,647 [grpc-default-executor-0] INFO  client.GrpcClientProtocolClient (GrpcClientProtocolClient.java:onNext(264)) - client-8C798EE064B2->dd0a3b65-d36c-4f93-b232-3c8e6f6667b6: receive RaftClientReply:client-8C798EE064B2->dd0a3b65-d36c-4f93-b232-3c8e6f6667b6@group-B02456D89C11, cid=3584, SUCCESS, logIndex=5020, commits[dd0a3b65-d36c-4f93-b232-3c8e6f6667b6:c5021]
2019-09-18 13:04:45,676 [grpc-default-executor-0] INFO  client.GrpcClientProtocolClient (GrpcClientProtocolClient.java:onNext(264)) - client-8C798EE064B2->dd0a3b65-d36c-4f93-b232-3c8e6f6667b6: receive RaftClientReply:client-8C798EE064B2->dd0a3b65-d36c-4f93-b232-3c8e6f6667b6@group-B02456D89C11, cid=3585, SUCCESS, logIndex=5022, commits[dd0a3b65-d36c-4f93-b232-3c8e6f6667b6:c5023]
2019-09-18 13:04:45,677 [grpc-default-executor-0] INFO  client.GrpcClientProtocolClient (GrpcClientProtocolClient.java:onNext(264)) - client-8C798EE064B2->dd0a3b65-d36c-4f93-b232-3c8e6f6667b6: receive RaftClientReply:client-8C798EE064B2->dd0a3b65-d36c-4f93-b232-3c8e6f6667b6@group-B02456D89C11, cid=3586, SUCCESS, logIndex=5023, commits[dd0a3b65-d36c-4f93-b232-3c8e6f6667b6:c5025]
2019-09-18 13:04:45,677 [grpc-default-executor-0] INFO  client.GrpcClientProtocolClient (GrpcClientProtocolClient.java:onNext(264)) - client-8C798EE064B2->dd0a3b65-d36c-4f93-b232-3c8e6f6667b6: receive RaftClientReply:client-8C798EE064B2->dd0a3b65-d36c-4f93-b232-3c8e6f6667b6@group-B02456D89C11, cid=3587, SUCCESS, logIndex=5024, commits[dd0a3b65-d36c-4f93-b232-3c8e6f6667b6:c5026]
2019-09-18 13:04:45,677 [grpc-default-executor-0] INFO  client.GrpcClientProtocolClient (GrpcClientProtocolClient.java:onNext(264)) - client-8C798EE064B2->dd0a3b65-d36c-4f93-b232-3c8e6f6667b6: receive RaftClientReply:client-8C798EE064B2->dd0a3b65-d36c-4f93-b232-3c8e6f6667b6@group-B02456D89C11, cid=3588, SUCCESS, logIndex=5025, commits[dd0a3b65-d36c-4f93-b232-3c8e6f6667b6:c5026]
2019-09-18 13:04:45,684 [SCMBlockDeletingService#0] DEBUG block.SCMBlockDeletingService (SCMBlockDeletingService.java:call(138)) - Running DeletedBlockTransactionScanner
2019-09-18 13:04:45,684 [SCMBlockDeletingService#0] DEBUG block.SCMBlockDeletingService (SCMBlockDeletingService.java:call(155)) - Scanned deleted blocks log and got 0 delTX to process.
2019-09-18 13:04:45,696 [grpc-default-executor-0] INFO  client.GrpcClientProtocolClient (GrpcClientProtocolClient.java:onNext(264)) - client-8C798EE064B2->dd0a3b65-d36c-4f93-b232-3c8e6f6667b6: receive RaftClientReply:client-8C798EE064B2->dd0a3b65-d36c-4f93-b232-3c8e6f6667b6@group-B02456D89C11, cid=3589, SUCCESS, logIndex=5028, commits[dd0a3b65-d36c-4f93-b232-3c8e6f6667b6:c5029]
2019-09-18 13:04:45,696 [grpc-default-executor-0] INFO  client.GrpcClientProtocolClient (GrpcClientProtocolClient.java:onNext(264)) - client-8C798EE064B2->dd0a3b65-d36c-4f93-b232-3c8e6f6667b6: receive RaftClientReply:client-8C798EE064B2->dd0a3b65-d36c-4f93-b232-3c8e6f6667b6@group-B02456D89C11, cid=3590, SUCCESS, logIndex=5029, commits[dd0a3b65-d36c-4f93-b232-3c8e6f6667b6:c5031]
2019-09-18 13:04:45,696 [grpc-default-executor-0] INFO  client.GrpcClientProtocolClient (GrpcClientProtocolClient.java:onNext(264)) - client-8C798EE064B2->dd0a3b65-d36c-4f93-b232-3c8e6f6667b6: receive RaftClientReply:client-8C798EE064B2->dd0a3b65-d36c-4f93-b232-3c8e6f6667b6@group-B02456D89C11, cid=3591, SUCCESS, logIndex=5030, commits[dd0a3b65-d36c-4f93-b232-3c8e6f6667b6:c5032]
2019-09-18 13:04:45,696 [grpc-default-executor-0] INFO  client.GrpcClientProtocolClient (GrpcClientProtocolClient.java:onNext(264)) - client-8C798EE064B2->dd0a3b65-d36c-4f93-b232-3c8e6f6667b6: receive RaftClientReply:client-8C798EE064B2->dd0a3b65-d36c-4f93-b232-3c8e6f6667b6@group-B02456D89C11, cid=3592, SUCCESS, logIndex=5031, commits[dd0a3b65-d36c-4f93-b232-3c8e6f6667b6:c5032]
2019-09-18 13:04:45,725 [grpc-default-executor-1] INFO  client.GrpcClientProtocolClient (GrpcClientProtocolClient.java:onNext(264)) - client-8C798EE064B2->dd0a3b65-d36c-4f93-b232-3c8e6f6667b6: receive RaftClientReply:client-8C798EE064B2->dd0a3b65-d36c-4f93-b232-3c8e6f6667b6@group-B02456D89C11, cid=3593, SUCCESS, logIndex=5034, commits[dd0a3b65-d36c-4f93-b232-3c8e6f6667b6:c5035]
2019-09-18 13:04:45,725 [grpc-default-executor-1] INFO  client.GrpcClientProtocolClient (GrpcClientProtocolClient.java:onNext(264)) - client-8C798EE064B2->dd0a3b65-d36c-4f93-b232-3c8e6f6667b6: receive RaftClientReply:client-8C798EE064B2->dd0a3b65-d36c-4f93-b232-3c8e6f6667b6@group-B02456D89C11, cid=3594, SUCCESS, logIndex=5035, commits[dd0a3b65-d36c-4f93-b232-3c8e6f6667b6:c5037]
2019-09-18 13:04:45,726 [grpc-default-executor-1] INFO  client.GrpcClientProtocolClient (GrpcClientProtocolClient.java:onNext(264)) - client-8C798EE064B2->dd0a3b65-d36c-4f93-b232-3c8e6f6667b6: receive RaftClientReply:client-8C798EE064B2->dd0a3b65-d36c-4f93-b232-3c8e6f6667b6@group-B02456D89C11, cid=3595, SUCCESS, logIndex=5036, commits[dd0a3b65-d36c-4f93-b232-3c8e6f6667b6:c5038]
2019-09-18 13:04:45,726 [grpc-default-executor-1] INFO  client.GrpcClientProtocolClient (GrpcClientProtocolClient.java:onNext(264)) - client-8C798EE064B2->dd0a3b65-d36c-4f93-b232-3c8e6f6667b6: receive RaftClientReply:client-8C798EE064B2->dd0a3b65-d36c-4f93-b232-3c8e6f6667b6@group-B02456D89C11, cid=3596, SUCCESS, logIndex=5037, commits[dd0a3b65-d36c-4f93-b232-3c8e6f6667b6:c5038]
2019-09-18 13:04:45,758 [grpc-default-executor-0] INFO  client.GrpcClientProtocolClient (GrpcClientProtocolClient.java:onNext(264)) - client-8C798EE064B2->dd0a3b65-d36c-4f93-b232-3c8e6f6667b6: receive RaftClientReply:client-8C798EE064B2->dd0a3b65-d36c-4f93-b232-3c8e6f6667b6@group-B02456D89C11, cid=3597, SUCCESS, logIndex=5040, commits[dd0a3b65-d36c-4f93-b232-3c8e6f6667b6:c5041]
2019-09-18 13:04:45,758 [grpc-default-executor-0] INFO  client.GrpcClientProtocolClient (GrpcClientProtocolClient.java:onNext(264)) - client-8C798EE064B2->dd0a3b65-d36c-4f93-b232-3c8e6f6667b6: receive RaftClientReply:client-8C798EE064B2->dd0a3b65-d36c-4f93-b232-3c8e6f6667b6@group-B02456D89C11, cid=3598, SUCCESS, logIndex=5041, commits[dd0a3b65-d36c-4f93-b232-3c8e6f6667b6:c5043]
2019-09-18 13:04:45,758 [grpc-default-executor-0] INFO  client.GrpcClientProtocolClient (GrpcClientProtocolClient.java:onNext(264)) - client-8C798EE064B2->dd0a3b65-d36c-4f93-b232-3c8e6f6667b6: receive RaftClientReply:client-8C798EE064B2->dd0a3b65-d36c-4f93-b232-3c8e6f6667b6@group-B02456D89C11, cid=3599, SUCCESS, logIndex=5042, commits[dd0a3b65-d36c-4f93-b232-3c8e6f6667b6:c5043]
2019-09-18 13:04:45,759 [grpc-default-executor-0] INFO  client.GrpcClientProtocolClient (GrpcClientProtocolClient.java:onNext(264)) - client-8C798EE064B2->dd0a3b65-d36c-4f93-b232-3c8e6f6667b6: receive RaftClientReply:client-8C798EE064B2->dd0a3b65-d36c-4f93-b232-3c8e6f6667b6@group-B02456D89C11, cid=3600, SUCCESS, logIndex=5043, commits[dd0a3b65-d36c-4f93-b232-3c8e6f6667b6:c5044]
2019-09-18 13:04:45,784 [SCMBlockDeletingService#0] DEBUG block.SCMBlockDeletingService (SCMBlockDeletingService.java:call(138)) - Running DeletedBlockTransactionScanner
2019-09-18 13:04:45,784 [SCMBlockDeletingService#0] DEBUG block.SCMBlockDeletingService (SCMBlockDeletingService.java:call(155)) - Scanned deleted blocks log and got 0 delTX to process.
2019-09-18 13:04:45,788 [grpc-default-executor-0] INFO  client.GrpcClientProtocolClient (GrpcClientProtocolClient.java:onNext(264)) - client-8C798EE064B2->dd0a3b65-d36c-4f93-b232-3c8e6f6667b6: receive RaftClientReply:client-8C798EE064B2->dd0a3b65-d36c-4f93-b232-3c8e6f6667b6@group-B02456D89C11, cid=3601, SUCCESS, logIndex=5046, commits[dd0a3b65-d36c-4f93-b232-3c8e6f6667b6:c5047]
2019-09-18 13:04:45,788 [grpc-default-executor-0] INFO  client.GrpcClientProtocolClient (GrpcClientProtocolClient.java:onNext(264)) - client-8C798EE064B2->dd0a3b65-d36c-4f93-b232-3c8e6f6667b6: receive RaftClientReply:client-8C798EE064B2->dd0a3b65-d36c-4f93-b232-3c8e6f6667b6@group-B02456D89C11, cid=3602, SUCCESS, logIndex=5047, commits[dd0a3b65-d36c-4f93-b232-3c8e6f6667b6:c5047]
2019-09-18 13:04:45,791 [grpc-default-executor-0] INFO  client.GrpcClientProtocolClient (GrpcClientProtocolClient.java:onNext(264)) - client-8C798EE064B2->dd0a3b65-d36c-4f93-b232-3c8e6f6667b6: receive RaftClientReply:client-8C798EE064B2->dd0a3b65-d36c-4f93-b232-3c8e6f6667b6@group-B02456D89C11, cid=3603, SUCCESS, logIndex=5048, commits[dd0a3b65-d36c-4f93-b232-3c8e6f6667b6:c5050]
2019-09-18 13:04:45,791 [grpc-default-executor-0] INFO  client.GrpcClientProtocolClient (GrpcClientProtocolClient.java:onNext(264)) - client-8C798EE064B2->dd0a3b65-d36c-4f93-b232-3c8e6f6667b6: receive RaftClientReply:client-8C798EE064B2->dd0a3b65-d36c-4f93-b232-3c8e6f6667b6@group-B02456D89C11, cid=3604, SUCCESS, logIndex=5049, commits[dd0a3b65-d36c-4f93-b232-3c8e6f6667b6:c5050]
2019-09-18 13:04:45,810 [grpc-default-executor-0] INFO  client.GrpcClientProtocolClient (GrpcClientProtocolClient.java:onNext(264)) - client-8C798EE064B2->dd0a3b65-d36c-4f93-b232-3c8e6f6667b6: receive RaftClientReply:client-8C798EE064B2->dd0a3b65-d36c-4f93-b232-3c8e6f6667b6@group-B02456D89C11, cid=3605, SUCCESS, logIndex=5051, commits[dd0a3b65-d36c-4f93-b232-3c8e6f6667b6:c5052]
2019-09-18 13:04:45,810 [grpc-default-executor-0] INFO  client.GrpcClientProtocolClient (GrpcClientProtocolClient.java:onNext(264)) - client-8C798EE064B2->dd0a3b65-d36c-4f93-b232-3c8e6f6667b6: receive RaftClientReply:client-8C798EE064B2->dd0a3b65-d36c-4f93-b232-3c8e6f6667b6@group-B02456D89C11, cid=3606, SUCCESS, logIndex=5052, commits[dd0a3b65-d36c-4f93-b232-3c8e6f6667b6:c5052]
2019-09-18 13:04:45,812 [grpc-default-executor-0] INFO  client.GrpcClientProtocolClient (GrpcClientProtocolClient.java:onNext(264)) - client-8C798EE064B2->dd0a3b65-d36c-4f93-b232-3c8e6f6667b6: receive RaftClientReply:client-8C798EE064B2->dd0a3b65-d36c-4f93-b232-3c8e6f6667b6@group-B02456D89C11, cid=3607, SUCCESS, logIndex=5053, commits[dd0a3b65-d36c-4f93-b232-3c8e6f6667b6:c5054]
2019-09-18 13:04:45,812 [grpc-default-executor-0] INFO  client.GrpcClientProtocolClient (GrpcClientProtocolClient.java:onNext(264)) - client-8C798EE064B2->dd0a3b65-d36c-4f93-b232-3c8e6f6667b6: receive RaftClientReply:client-8C798EE064B2->dd0a3b65-d36c-4f93-b232-3c8e6f6667b6@group-B02456D89C11, cid=3608, SUCCESS, logIndex=5054, commits[dd0a3b65-d36c-4f93-b232-3c8e6f6667b6:c5054]
2019-09-18 13:04:45,843 [grpc-default-executor-0] INFO  client.GrpcClientProtocolClient (GrpcClientProtocolClient.java:onNext(264)) - client-8C798EE064B2->dd0a3b65-d36c-4f93-b232-3c8e6f6667b6: receive RaftClientReply:client-8C798EE064B2->dd0a3b65-d36c-4f93-b232-3c8e6f6667b6@group-B02456D89C11, cid=3609, SUCCESS, logIndex=5057, commits[dd0a3b65-d36c-4f93-b232-3c8e6f6667b6:c5058]
2019-09-18 13:04:45,844 [grpc-default-executor-0] INFO  client.GrpcClientProtocolClient (GrpcClientProtocolClient.java:onNext(264)) - client-8C798EE064B2->dd0a3b65-d36c-4f93-b232-3c8e6f6667b6: receive RaftClientReply:client-8C798EE064B2->dd0a3b65-d36c-4f93-b232-3c8e6f6667b6@group-B02456D89C11, cid=3610, SUCCESS, logIndex=5058, commits[dd0a3b65-d36c-4f93-b232-3c8e6f6667b6:c5058]
2019-09-18 13:04:45,845 [grpc-default-executor-0] INFO  client.GrpcClientProtocolClient (GrpcClientProtocolClient.java:onNext(264)) - client-8C798EE064B2->dd0a3b65-d36c-4f93-b232-3c8e6f6667b6: receive RaftClientReply:client-8C798EE064B2->dd0a3b65-d36c-4f93-b232-3c8e6f6667b6@group-B02456D89C11, cid=3611, SUCCESS, logIndex=5059, commits[dd0a3b65-d36c-4f93-b232-3c8e6f6667b6:c5060]
2019-09-18 13:04:45,846 [grpc-default-executor-0] INFO  client.GrpcClientProtocolClient (GrpcClientProtocolClient.java:onNext(264)) - client-8C798EE064B2->dd0a3b65-d36c-4f93-b232-3c8e6f6667b6: receive RaftClientReply:client-8C798EE064B2->dd0a3b65-d36c-4f93-b232-3c8e6f6667b6@group-B02456D89C11, cid=3612, SUCCESS, logIndex=5060, commits[dd0a3b65-d36c-4f93-b232-3c8e6f6667b6:c5060]
2019-09-18 13:04:45,859 [grpc-default-executor-1] INFO  client.GrpcClientProtocolClient (GrpcClientProtocolClient.java:onNext(264)) - client-8C798EE064B2->dd0a3b65-d36c-4f93-b232-3c8e6f6667b6: receive RaftClientReply:client-8C798EE064B2->dd0a3b65-d36c-4f93-b232-3c8e6f6667b6@group-B02456D89C11, cid=3613, SUCCESS, logIndex=5063, commits[dd0a3b65-d36c-4f93-b232-3c8e6f6667b6:c5066]
2019-09-18 13:04:45,859 [grpc-default-executor-1] INFO  client.GrpcClientProtocolClient (GrpcClientProtocolClient.java:onNext(264)) - client-8C798EE064B2->dd0a3b65-d36c-4f93-b232-3c8e6f6667b6: receive RaftClientReply:client-8C798EE064B2->dd0a3b65-d36c-4f93-b232-3c8e6f6667b6@group-B02456D89C11, cid=3614, SUCCESS, logIndex=5064, commits[dd0a3b65-d36c-4f93-b232-3c8e6f6667b6:c5066]
2019-09-18 13:04:45,859 [grpc-default-executor-1] INFO  client.GrpcClientProtocolClient (GrpcClientProtocolClient.java:onNext(264)) - client-8C798EE064B2->dd0a3b65-d36c-4f93-b232-3c8e6f6667b6: receive RaftClientReply:client-8C798EE064B2->dd0a3b65-d36c-4f93-b232-3c8e6f6667b6@group-B02456D89C11, cid=3615, SUCCESS, logIndex=5065, commits[dd0a3b65-d36c-4f93-b232-3c8e6f6667b6:c5066]
2019-09-18 13:04:45,859 [grpc-default-executor-1] INFO  client.GrpcClientProtocolClient (GrpcClientProtocolClient.java:onNext(264)) - client-8C798EE064B2->dd0a3b65-d36c-4f93-b232-3c8e6f6667b6: receive RaftClientReply:client-8C798EE064B2->dd0a3b65-d36c-4f93-b232-3c8e6f6667b6@group-B02456D89C11, cid=3616, SUCCESS, logIndex=5066, commits[dd0a3b65-d36c-4f93-b232-3c8e6f6667b6:c5066]
2019-09-18 13:04:45,885 [SCMBlockDeletingService#0] DEBUG block.SCMBlockDeletingService (SCMBlockDeletingService.java:call(138)) - Running DeletedBlockTransactionScanner
2019-09-18 13:04:45,885 [SCMBlockDeletingService#0] DEBUG block.SCMBlockDeletingService (SCMBlockDeletingService.java:call(155)) - Scanned deleted blocks log and got 0 delTX to process.
2019-09-18 13:04:45,889 [grpc-default-executor-1] INFO  client.GrpcClientProtocolClient (GrpcClientProtocolClient.java:onNext(264)) - client-8C798EE064B2->dd0a3b65-d36c-4f93-b232-3c8e6f6667b6: receive RaftClientReply:client-8C798EE064B2->dd0a3b65-d36c-4f93-b232-3c8e6f6667b6@group-B02456D89C11, cid=3617, SUCCESS, logIndex=5068, commits[dd0a3b65-d36c-4f93-b232-3c8e6f6667b6:c5069]
2019-09-18 13:04:45,889 [grpc-default-executor-1] INFO  client.GrpcClientProtocolClient (GrpcClientProtocolClient.java:onNext(264)) - client-8C798EE064B2->dd0a3b65-d36c-4f93-b232-3c8e6f6667b6: receive RaftClientReply:client-8C798EE064B2->dd0a3b65-d36c-4f93-b232-3c8e6f6667b6@group-B02456D89C11, cid=3618, SUCCESS, logIndex=5069, commits[dd0a3b65-d36c-4f93-b232-3c8e6f6667b6:c5071]
2019-09-18 13:04:45,889 [grpc-default-executor-1] INFO  client.GrpcClientProtocolClient (GrpcClientProtocolClient.java:onNext(264)) - client-8C798EE064B2->dd0a3b65-d36c-4f93-b232-3c8e6f6667b6: receive RaftClientReply:client-8C798EE064B2->dd0a3b65-d36c-4f93-b232-3c8e6f6667b6@group-B02456D89C11, cid=3619, SUCCESS, logIndex=5070, commits[dd0a3b65-d36c-4f93-b232-3c8e6f6667b6:c5071]
2019-09-18 13:04:45,890 [grpc-default-executor-1] INFO  client.GrpcClientProtocolClient (GrpcClientProtocolClient.java:onNext(264)) - client-8C798EE064B2->dd0a3b65-d36c-4f93-b232-3c8e6f6667b6: receive RaftClientReply:client-8C798EE064B2->dd0a3b65-d36c-4f93-b232-3c8e6f6667b6@group-B02456D89C11, cid=3620, SUCCESS, logIndex=5071, commits[dd0a3b65-d36c-4f93-b232-3c8e6f6667b6:c5072]
2019-09-18 13:04:45,908 [grpc-default-executor-1] INFO  client.GrpcClientProtocolClient (GrpcClientProtocolClient.java:onNext(264)) - client-8C798EE064B2->dd0a3b65-d36c-4f93-b232-3c8e6f6667b6: receive RaftClientReply:client-8C798EE064B2->dd0a3b65-d36c-4f93-b232-3c8e6f6667b6@group-B02456D89C11, cid=3621, SUCCESS, logIndex=5074, commits[dd0a3b65-d36c-4f93-b232-3c8e6f6667b6:c5075]
2019-09-18 13:04:45,909 [grpc-default-executor-1] INFO  client.GrpcClientProtocolClient (GrpcClientProtocolClient.java:onNext(264)) - client-8C798EE064B2->dd0a3b65-d36c-4f93-b232-3c8e6f6667b6: receive RaftClientReply:client-8C798EE064B2->dd0a3b65-d36c-4f93-b232-3c8e6f6667b6@group-B02456D89C11, cid=3622, SUCCESS, logIndex=5075, commits[dd0a3b65-d36c-4f93-b232-3c8e6f6667b6:c5077]
2019-09-18 13:04:45,909 [grpc-default-executor-1] INFO  client.GrpcClientProtocolClient (GrpcClientProtocolClient.java:onNext(264)) - client-8C798EE064B2->dd0a3b65-d36c-4f93-b232-3c8e6f6667b6: receive RaftClientReply:client-8C798EE064B2->dd0a3b65-d36c-4f93-b232-3c8e6f6667b6@group-B02456D89C11, cid=3623, SUCCESS, logIndex=5076, commits[dd0a3b65-d36c-4f93-b232-3c8e6f6667b6:c5078]
2019-09-18 13:04:45,909 [grpc-default-executor-1] INFO  client.GrpcClientProtocolClient (GrpcClientProtocolClient.java:onNext(264)) - client-8C798EE064B2->dd0a3b65-d36c-4f93-b232-3c8e6f6667b6: receive RaftClientReply:client-8C798EE064B2->dd0a3b65-d36c-4f93-b232-3c8e6f6667b6@group-B02456D89C11, cid=3624, SUCCESS, logIndex=5077, commits[dd0a3b65-d36c-4f93-b232-3c8e6f6667b6:c5078]
2019-09-18 13:04:45,985 [SCMBlockDeletingService#0] DEBUG block.SCMBlockDeletingService (SCMBlockDeletingService.java:call(138)) - Running DeletedBlockTransactionScanner
2019-09-18 13:04:45,986 [SCMBlockDeletingService#0] DEBUG block.SCMBlockDeletingService (SCMBlockDeletingService.java:call(155)) - Scanned deleted blocks log and got 0 delTX to process.
2019-09-18 13:04:46,049 [grpc-default-executor-1] INFO  client.GrpcClientProtocolClient (GrpcClientProtocolClient.java:onNext(264)) - client-8C798EE064B2->dd0a3b65-d36c-4f93-b232-3c8e6f6667b6: receive RaftClientReply:client-8C798EE064B2->dd0a3b65-d36c-4f93-b232-3c8e6f6667b6@group-B02456D89C11, cid=3625, SUCCESS, logIndex=5080, commits[dd0a3b65-d36c-4f93-b232-3c8e6f6667b6:c5081]
2019-09-18 13:04:46,050 [grpc-default-executor-1] INFO  client.GrpcClientProtocolClient (GrpcClientProtocolClient.java:onNext(264)) - client-8C798EE064B2->dd0a3b65-d36c-4f93-b232-3c8e6f6667b6: receive RaftClientReply:client-8C798EE064B2->dd0a3b65-d36c-4f93-b232-3c8e6f6667b6@group-B02456D89C11, cid=3626, SUCCESS, logIndex=5081, commits[dd0a3b65-d36c-4f93-b232-3c8e6f6667b6:c5083]
2019-09-18 13:04:46,050 [grpc-default-executor-1] INFO  client.GrpcClientProtocolClient (GrpcClientProtocolClient.java:onNext(264)) - client-8C798EE064B2->dd0a3b65-d36c-4f93-b232-3c8e6f6667b6: receive RaftClientReply:client-8C798EE064B2->dd0a3b65-d36c-4f93-b232-3c8e6f6667b6@group-B02456D89C11, cid=3627, SUCCESS, logIndex=5082, commits[dd0a3b65-d36c-4f93-b232-3c8e6f6667b6:c5083]
2019-09-18 13:04:46,050 [grpc-default-executor-1] INFO  client.GrpcClientProtocolClient (GrpcClientProtocolClient.java:onNext(264)) - client-8C798EE064B2->dd0a3b65-d36c-4f93-b232-3c8e6f6667b6: receive RaftClientReply:client-8C798EE064B2->dd0a3b65-d36c-4f93-b232-3c8e6f6667b6@group-B02456D89C11, cid=3628, SUCCESS, logIndex=5083, commits[dd0a3b65-d36c-4f93-b232-3c8e6f6667b6:c5084]
2019-09-18 13:04:46,068 [grpc-default-executor-1] INFO  client.GrpcClientProtocolClient (GrpcClientProtocolClient.java:onNext(264)) - client-8C798EE064B2->dd0a3b65-d36c-4f93-b232-3c8e6f6667b6: receive RaftClientReply:client-8C798EE064B2->dd0a3b65-d36c-4f93-b232-3c8e6f6667b6@group-B02456D89C11, cid=3629, SUCCESS, logIndex=5086, commits[dd0a3b65-d36c-4f93-b232-3c8e6f6667b6:c5087]
2019-09-18 13:04:46,068 [grpc-default-executor-1] INFO  client.GrpcClientProtocolClient (GrpcClientProtocolClient.java:onNext(264)) - client-8C798EE064B2->dd0a3b65-d36c-4f93-b232-3c8e6f6667b6: receive RaftClientReply:client-8C798EE064B2->dd0a3b65-d36c-4f93-b232-3c8e6f6667b6@group-B02456D89C11, cid=3630, SUCCESS, logIndex=5087, commits[dd0a3b65-d36c-4f93-b232-3c8e6f6667b6:c5087]
2019-09-18 13:04:46,069 [grpc-default-executor-1] INFO  client.GrpcClientProtocolClient (GrpcClientProtocolClient.java:onNext(264)) - client-8C798EE064B2->dd0a3b65-d36c-4f93-b232-3c8e6f6667b6: receive RaftClientReply:client-8C798EE064B2->dd0a3b65-d36c-4f93-b232-3c8e6f6667b6@group-B02456D89C11, cid=3631, SUCCESS, logIndex=5088, commits[dd0a3b65-d36c-4f93-b232-3c8e6f6667b6:c5089]
2019-09-18 13:04:46,069 [grpc-default-executor-1] INFO  client.GrpcClientProtocolClient (GrpcClientProtocolClient.java:onNext(264)) - client-8C798EE064B2->dd0a3b65-d36c-4f93-b232-3c8e6f6667b6: receive RaftClientReply:client-8C798EE064B2->dd0a3b65-d36c-4f93-b232-3c8e6f6667b6@group-B02456D89C11, cid=3632, SUCCESS, logIndex=5089, commits[dd0a3b65-d36c-4f93-b232-3c8e6f6667b6:c5089]
2019-09-18 13:04:46,086 [SCMBlockDeletingService#0] DEBUG block.SCMBlockDeletingService (SCMBlockDeletingService.java:call(138)) - Running DeletedBlockTransactionScanner
2019-09-18 13:04:46,086 [SCMBlockDeletingService#0] DEBUG block.SCMBlockDeletingService (SCMBlockDeletingService.java:call(155)) - Scanned deleted blocks log and got 0 delTX to process.
2019-09-18 13:04:46,101 [grpc-default-executor-1] INFO  client.GrpcClientProtocolClient (GrpcClientProtocolClient.java:onNext(264)) - client-8C798EE064B2->dd0a3b65-d36c-4f93-b232-3c8e6f6667b6: receive RaftClientReply:client-8C798EE064B2->dd0a3b65-d36c-4f93-b232-3c8e6f6667b6@group-B02456D89C11, cid=3633, SUCCESS, logIndex=5092, commits[dd0a3b65-d36c-4f93-b232-3c8e6f6667b6:c5095]
2019-09-18 13:04:46,101 [grpc-default-executor-1] INFO  client.GrpcClientProtocolClient (GrpcClientProtocolClient.java:onNext(264)) - client-8C798EE064B2->dd0a3b65-d36c-4f93-b232-3c8e6f6667b6: receive RaftClientReply:client-8C798EE064B2->dd0a3b65-d36c-4f93-b232-3c8e6f6667b6@group-B02456D89C11, cid=3634, SUCCESS, logIndex=5093, commits[dd0a3b65-d36c-4f93-b232-3c8e6f6667b6:c5096]
2019-09-18 13:04:46,101 [grpc-default-executor-1] INFO  client.GrpcClientProtocolClient (GrpcClientProtocolClient.java:onNext(264)) - client-8C798EE064B2->dd0a3b65-d36c-4f93-b232-3c8e6f6667b6: receive RaftClientReply:client-8C798EE064B2->dd0a3b65-d36c-4f93-b232-3c8e6f6667b6@group-B02456D89C11, cid=3635, SUCCESS, logIndex=5094, commits[dd0a3b65-d36c-4f93-b232-3c8e6f6667b6:c5096]
2019-09-18 13:04:46,102 [grpc-default-executor-1] INFO  client.GrpcClientProtocolClient (GrpcClientProtocolClient.java:onNext(264)) - client-8C798EE064B2->dd0a3b65-d36c-4f93-b232-3c8e6f6667b6: receive RaftClientReply:client-8C798EE064B2->dd0a3b65-d36c-4f93-b232-3c8e6f6667b6@group-B02456D89C11, cid=3636, SUCCESS, logIndex=5095, commits[dd0a3b65-d36c-4f93-b232-3c8e6f6667b6:c5096]
2019-09-18 13:04:46,119 [grpc-default-executor-0] INFO  client.GrpcClientProtocolClient (GrpcClientProtocolClient.java:onNext(264)) - client-8C798EE064B2->dd0a3b65-d36c-4f93-b232-3c8e6f6667b6: receive RaftClientReply:client-8C798EE064B2->dd0a3b65-d36c-4f93-b232-3c8e6f6667b6@group-B02456D89C11, cid=3637, SUCCESS, logIndex=5097, commits[dd0a3b65-d36c-4f93-b232-3c8e6f6667b6:c5098]
2019-09-18 13:04:46,120 [grpc-default-executor-0] INFO  client.GrpcClientProtocolClient (GrpcClientProtocolClient.java:onNext(264)) - client-8C798EE064B2->dd0a3b65-d36c-4f93-b232-3c8e6f6667b6: receive RaftClientReply:client-8C798EE064B2->dd0a3b65-d36c-4f93-b232-3c8e6f6667b6@group-B02456D89C11, cid=3638, SUCCESS, logIndex=5098, commits[dd0a3b65-d36c-4f93-b232-3c8e6f6667b6:c5098]
2019-09-18 13:04:46,121 [grpc-default-executor-0] INFO  client.GrpcClientProtocolClient (GrpcClientProtocolClient.java:onNext(264)) - client-8C798EE064B2->dd0a3b65-d36c-4f93-b232-3c8e6f6667b6: receive RaftClientReply:client-8C798EE064B2->dd0a3b65-d36c-4f93-b232-3c8e6f6667b6@group-B02456D89C11, cid=3639, SUCCESS, logIndex=5099, commits[dd0a3b65-d36c-4f93-b232-3c8e6f6667b6:c5100]
2019-09-18 13:04:46,121 [grpc-default-executor-0] INFO  client.GrpcClientProtocolClient (GrpcClientProtocolClient.java:onNext(264)) - client-8C798EE064B2->dd0a3b65-d36c-4f93-b232-3c8e6f6667b6: receive RaftClientReply:client-8C798EE064B2->dd0a3b65-d36c-4f93-b232-3c8e6f6667b6@group-B02456D89C11, cid=3640, SUCCESS, logIndex=5100, commits[dd0a3b65-d36c-4f93-b232-3c8e6f6667b6:c5100]
2019-09-18 13:04:46,153 [grpc-default-executor-0] INFO  client.GrpcClientProtocolClient (GrpcClientProtocolClient.java:onNext(264)) - client-8C798EE064B2->dd0a3b65-d36c-4f93-b232-3c8e6f6667b6: receive RaftClientReply:client-8C798EE064B2->dd0a3b65-d36c-4f93-b232-3c8e6f6667b6@group-B02456D89C11, cid=3641, SUCCESS, logIndex=5103, commits[dd0a3b65-d36c-4f93-b232-3c8e6f6667b6:c5106]
2019-09-18 13:04:46,153 [grpc-default-executor-0] INFO  client.GrpcClientProtocolClient (GrpcClientProtocolClient.java:onNext(264)) - client-8C798EE064B2->dd0a3b65-d36c-4f93-b232-3c8e6f6667b6: receive RaftClientReply:client-8C798EE064B2->dd0a3b65-d36c-4f93-b232-3c8e6f6667b6@group-B02456D89C11, cid=3642, SUCCESS, logIndex=5104, commits[dd0a3b65-d36c-4f93-b232-3c8e6f6667b6:c5107]
2019-09-18 13:04:46,154 [grpc-default-executor-0] INFO  client.GrpcClientProtocolClient (GrpcClientProtocolClient.java:onNext(264)) - client-8C798EE064B2->dd0a3b65-d36c-4f93-b232-3c8e6f6667b6: receive RaftClientReply:client-8C798EE064B2->dd0a3b65-d36c-4f93-b232-3c8e6f6667b6@group-B02456D89C11, cid=3643, SUCCESS, logIndex=5105, commits[dd0a3b65-d36c-4f93-b232-3c8e6f6667b6:c5107]
2019-09-18 13:04:46,154 [grpc-default-executor-0] INFO  client.GrpcClientProtocolClient (GrpcClientProtocolClient.java:onNext(264)) - client-8C798EE064B2->dd0a3b65-d36c-4f93-b232-3c8e6f6667b6: receive RaftClientReply:client-8C798EE064B2->dd0a3b65-d36c-4f93-b232-3c8e6f6667b6@group-B02456D89C11, cid=3644, SUCCESS, logIndex=5106, commits[dd0a3b65-d36c-4f93-b232-3c8e6f6667b6:c5107]
2019-09-18 13:04:46,173 [grpc-default-executor-0] INFO  client.GrpcClientProtocolClient (GrpcClientProtocolClient.java:onNext(264)) - client-8C798EE064B2->dd0a3b65-d36c-4f93-b232-3c8e6f6667b6: receive RaftClientReply:client-8C798EE064B2->dd0a3b65-d36c-4f93-b232-3c8e6f6667b6@group-B02456D89C11, cid=3645, SUCCESS, logIndex=5108, commits[dd0a3b65-d36c-4f93-b232-3c8e6f6667b6:c5111]
2019-09-18 13:04:46,174 [grpc-default-executor-0] INFO  client.GrpcClientProtocolClient (GrpcClientProtocolClient.java:onNext(264)) - client-8C798EE064B2->dd0a3b65-d36c-4f93-b232-3c8e6f6667b6: receive RaftClientReply:client-8C798EE064B2->dd0a3b65-d36c-4f93-b232-3c8e6f6667b6@group-B02456D89C11, cid=3646, SUCCESS, logIndex=5109, commits[dd0a3b65-d36c-4f93-b232-3c8e6f6667b6:c5111]
2019-09-18 13:04:46,174 [grpc-default-executor-0] INFO  client.GrpcClientProtocolClient (GrpcClientProtocolClient.java:onNext(264)) - client-8C798EE064B2->dd0a3b65-d36c-4f93-b232-3c8e6f6667b6: receive RaftClientReply:client-8C798EE064B2->dd0a3b65-d36c-4f93-b232-3c8e6f6667b6@group-B02456D89C11, cid=3647, SUCCESS, logIndex=5110, commits[dd0a3b65-d36c-4f93-b232-3c8e6f6667b6:c5112]
2019-09-18 13:04:46,174 [grpc-default-executor-0] INFO  client.GrpcClientProtocolClient (GrpcClientProtocolClient.java:onNext(264)) - client-8C798EE064B2->dd0a3b65-d36c-4f93-b232-3c8e6f6667b6: receive RaftClientReply:client-8C798EE064B2->dd0a3b65-d36c-4f93-b232-3c8e6f6667b6@group-B02456D89C11, cid=3648, SUCCESS, logIndex=5111, commits[dd0a3b65-d36c-4f93-b232-3c8e6f6667b6:c5112]
2019-09-18 13:04:46,187 [SCMBlockDeletingService#0] DEBUG block.SCMBlockDeletingService (SCMBlockDeletingService.java:call(138)) - Running DeletedBlockTransactionScanner
2019-09-18 13:04:46,187 [SCMBlockDeletingService#0] DEBUG block.SCMBlockDeletingService (SCMBlockDeletingService.java:call(155)) - Scanned deleted blocks log and got 0 delTX to process.
2019-09-18 13:04:46,205 [grpc-default-executor-0] INFO  client.GrpcClientProtocolClient (GrpcClientProtocolClient.java:onNext(264)) - client-8C798EE064B2->dd0a3b65-d36c-4f93-b232-3c8e6f6667b6: receive RaftClientReply:client-8C798EE064B2->dd0a3b65-d36c-4f93-b232-3c8e6f6667b6@group-B02456D89C11, cid=3649, SUCCESS, logIndex=5113, commits[dd0a3b65-d36c-4f93-b232-3c8e6f6667b6:c5114]
2019-09-18 13:04:46,205 [grpc-default-executor-0] INFO  client.GrpcClientProtocolClient (GrpcClientProtocolClient.java:onNext(264)) - client-8C798EE064B2->dd0a3b65-d36c-4f93-b232-3c8e6f6667b6: receive RaftClientReply:client-8C798EE064B2->dd0a3b65-d36c-4f93-b232-3c8e6f6667b6@group-B02456D89C11, cid=3650, SUCCESS, logIndex=5114, commits[dd0a3b65-d36c-4f93-b232-3c8e6f6667b6:c5114]
2019-09-18 13:04:46,207 [grpc-default-executor-0] INFO  client.GrpcClientProtocolClient (GrpcClientProtocolClient.java:onNext(264)) - client-8C798EE064B2->dd0a3b65-d36c-4f93-b232-3c8e6f6667b6: receive RaftClientReply:client-8C798EE064B2->dd0a3b65-d36c-4f93-b232-3c8e6f6667b6@group-B02456D89C11, cid=3651, SUCCESS, logIndex=5115, commits[dd0a3b65-d36c-4f93-b232-3c8e6f6667b6:c5116]
2019-09-18 13:04:46,207 [grpc-default-executor-0] INFO  client.GrpcClientProtocolClient (GrpcClientProtocolClient.java:onNext(264)) - client-8C798EE064B2->dd0a3b65-d36c-4f93-b232-3c8e6f6667b6: receive RaftClientReply:client-8C798EE064B2->dd0a3b65-d36c-4f93-b232-3c8e6f6667b6@group-B02456D89C11, cid=3652, SUCCESS, logIndex=5116, commits[dd0a3b65-d36c-4f93-b232-3c8e6f6667b6:c5116]
2019-09-18 13:04:46,230 [grpc-default-executor-0] INFO  client.GrpcClientProtocolClient (GrpcClientProtocolClient.java:onNext(264)) - client-8C798EE064B2->dd0a3b65-d36c-4f93-b232-3c8e6f6667b6: receive RaftClientReply:client-8C798EE064B2->dd0a3b65-d36c-4f93-b232-3c8e6f6667b6@group-B02456D89C11, cid=3653, SUCCESS, logIndex=5119, commits[dd0a3b65-d36c-4f93-b232-3c8e6f6667b6:c5122]
2019-09-18 13:04:46,230 [grpc-default-executor-0] INFO  client.GrpcClientProtocolClient (GrpcClientProtocolClient.java:onNext(264)) - client-8C798EE064B2->dd0a3b65-d36c-4f93-b232-3c8e6f6667b6: receive RaftClientReply:client-8C798EE064B2->dd0a3b65-d36c-4f93-b232-3c8e6f6667b6@group-B02456D89C11, cid=3654, SUCCESS, logIndex=5120, commits[dd0a3b65-d36c-4f93-b232-3c8e6f6667b6:c5122]
2019-09-18 13:04:46,231 [grpc-default-executor-0] INFO  client.GrpcClientProtocolClient (GrpcClientProtocolClient.java:onNext(264)) - client-8C798EE064B2->dd0a3b65-d36c-4f93-b232-3c8e6f6667b6: receive RaftClientReply:client-8C798EE064B2->dd0a3b65-d36c-4f93-b232-3c8e6f6667b6@group-B02456D89C11, cid=3655, SUCCESS, logIndex=5121, commits[dd0a3b65-d36c-4f93-b232-3c8e6f6667b6:c5123]
2019-09-18 13:04:46,231 [grpc-default-executor-0] INFO  client.GrpcClientProtocolClient (GrpcClientProtocolClient.java:onNext(264)) - client-8C798EE064B2->dd0a3b65-d36c-4f93-b232-3c8e6f6667b6: receive RaftClientReply:client-8C798EE064B2->dd0a3b65-d36c-4f93-b232-3c8e6f6667b6@group-B02456D89C11, cid=3656, SUCCESS, logIndex=5122, commits[dd0a3b65-d36c-4f93-b232-3c8e6f6667b6:c5123]
2019-09-18 13:04:46,366 [SCMBlockDeletingService#0] DEBUG block.SCMBlockDeletingService (SCMBlockDeletingService.java:call(138)) - Running DeletedBlockTransactionScanner
2019-09-18 13:04:46,367 [SCMBlockDeletingService#0] DEBUG block.SCMBlockDeletingService (SCMBlockDeletingService.java:call(155)) - Scanned deleted blocks log and got 0 delTX to process.
2019-09-18 13:04:46,392 [grpc-default-executor-0] INFO  client.GrpcClientProtocolClient (GrpcClientProtocolClient.java:onNext(264)) - client-8C798EE064B2->dd0a3b65-d36c-4f93-b232-3c8e6f6667b6: receive RaftClientReply:client-8C798EE064B2->dd0a3b65-d36c-4f93-b232-3c8e6f6667b6@group-B02456D89C11, cid=3657, SUCCESS, logIndex=5124, commits[dd0a3b65-d36c-4f93-b232-3c8e6f6667b6:c5125]
2019-09-18 13:04:46,393 [grpc-default-executor-0] INFO  client.GrpcClientProtocolClient (GrpcClientProtocolClient.java:onNext(264)) - client-8C798EE064B2->dd0a3b65-d36c-4f93-b232-3c8e6f6667b6: receive RaftClientReply:client-8C798EE064B2->dd0a3b65-d36c-4f93-b232-3c8e6f6667b6@group-B02456D89C11, cid=3658, SUCCESS, logIndex=5125, commits[dd0a3b65-d36c-4f93-b232-3c8e6f6667b6:c5127]
2019-09-18 13:04:46,393 [grpc-default-executor-0] INFO  client.GrpcClientProtocolClient (GrpcClientProtocolClient.java:onNext(264)) - client-8C798EE064B2->dd0a3b65-d36c-4f93-b232-3c8e6f6667b6: receive RaftClientReply:client-8C798EE064B2->dd0a3b65-d36c-4f93-b232-3c8e6f6667b6@group-B02456D89C11, cid=3659, SUCCESS, logIndex=5126, commits[dd0a3b65-d36c-4f93-b232-3c8e6f6667b6:c5127]
2019-09-18 13:04:46,394 [grpc-default-executor-0] INFO  client.GrpcClientProtocolClient (GrpcClientProtocolClient.java:onNext(264)) - client-8C798EE064B2->dd0a3b65-d36c-4f93-b232-3c8e6f6667b6: receive RaftClientReply:client-8C798EE064B2->dd0a3b65-d36c-4f93-b232-3c8e6f6667b6@group-B02456D89C11, cid=3660, SUCCESS, logIndex=5127, commits[dd0a3b65-d36c-4f93-b232-3c8e6f6667b6:c5128]
2019-09-18 13:04:46,416 [grpc-default-executor-0] INFO  client.GrpcClientProtocolClient (GrpcClientProtocolClient.java:onNext(264)) - client-8C798EE064B2->dd0a3b65-d36c-4f93-b232-3c8e6f6667b6: receive RaftClientReply:client-8C798EE064B2->dd0a3b65-d36c-4f93-b232-3c8e6f6667b6@group-B02456D89C11, cid=3661, SUCCESS, logIndex=5130, commits[dd0a3b65-d36c-4f93-b232-3c8e6f6667b6:c5131]
2019-09-18 13:04:46,418 [grpc-default-executor-0] INFO  client.GrpcClientProtocolClient (GrpcClientProtocolClient.java:onNext(264)) - client-8C798EE064B2->dd0a3b65-d36c-4f93-b232-3c8e6f6667b6: receive RaftClientReply:client-8C798EE064B2->dd0a3b65-d36c-4f93-b232-3c8e6f6667b6@group-B02456D89C11, cid=3662, SUCCESS, logIndex=5131, commits[dd0a3b65-d36c-4f93-b232-3c8e6f6667b6:c5131]
2019-09-18 13:04:46,419 [grpc-default-executor-0] INFO  client.GrpcClientProtocolClient (GrpcClientProtocolClient.java:onNext(264)) - client-8C798EE064B2->dd0a3b65-d36c-4f93-b232-3c8e6f6667b6: receive RaftClientReply:client-8C798EE064B2->dd0a3b65-d36c-4f93-b232-3c8e6f6667b6@group-B02456D89C11, cid=3663, SUCCESS, logIndex=5132, commits[dd0a3b65-d36c-4f93-b232-3c8e6f6667b6:c5134]
2019-09-18 13:04:46,420 [grpc-default-executor-0] INFO  client.GrpcClientProtocolClient (GrpcClientProtocolClient.java:onNext(264)) - client-8C798EE064B2->dd0a3b65-d36c-4f93-b232-3c8e6f6667b6: receive RaftClientReply:client-8C798EE064B2->dd0a3b65-d36c-4f93-b232-3c8e6f6667b6@group-B02456D89C11, cid=3664, SUCCESS, logIndex=5133, commits[dd0a3b65-d36c-4f93-b232-3c8e6f6667b6:c5134]
2019-09-18 13:04:46,456 [grpc-default-executor-0] INFO  client.GrpcClientProtocolClient (GrpcClientProtocolClient.java:onNext(264)) - client-8C798EE064B2->dd0a3b65-d36c-4f93-b232-3c8e6f6667b6: receive RaftClientReply:client-8C798EE064B2->dd0a3b65-d36c-4f93-b232-3c8e6f6667b6@group-B02456D89C11, cid=3665, SUCCESS, logIndex=5135, commits[dd0a3b65-d36c-4f93-b232-3c8e6f6667b6:c5136]
2019-09-18 13:04:46,457 [grpc-default-executor-0] INFO  client.GrpcClientProtocolClient (GrpcClientProtocolClient.java:onNext(264)) - client-8C798EE064B2->dd0a3b65-d36c-4f93-b232-3c8e6f6667b6: receive RaftClientReply:client-8C798EE064B2->dd0a3b65-d36c-4f93-b232-3c8e6f6667b6@group-B02456D89C11, cid=3666, SUCCESS, logIndex=5136, commits[dd0a3b65-d36c-4f93-b232-3c8e6f6667b6:c5138]
2019-09-18 13:04:46,458 [grpc-default-executor-0] INFO  client.GrpcClientProtocolClient (GrpcClientProtocolClient.java:onNext(264)) - client-8C798EE064B2->dd0a3b65-d36c-4f93-b232-3c8e6f6667b6: receive RaftClientReply:client-8C798EE064B2->dd0a3b65-d36c-4f93-b232-3c8e6f6667b6@group-B02456D89C11, cid=3667, SUCCESS, logIndex=5137, commits[dd0a3b65-d36c-4f93-b232-3c8e6f6667b6:c5138]
2019-09-18 13:04:46,458 [grpc-default-executor-0] INFO  client.GrpcClientProtocolClient (GrpcClientProtocolClient.java:onNext(264)) - client-8C798EE064B2->dd0a3b65-d36c-4f93-b232-3c8e6f6667b6: receive RaftClientReply:client-8C798EE064B2->dd0a3b65-d36c-4f93-b232-3c8e6f6667b6@group-B02456D89C11, cid=3668, SUCCESS, logIndex=5138, commits[dd0a3b65-d36c-4f93-b232-3c8e6f6667b6:c5139]
2019-09-18 13:04:46,467 [SCMBlockDeletingService#0] DEBUG block.SCMBlockDeletingService (SCMBlockDeletingService.java:call(138)) - Running DeletedBlockTransactionScanner
2019-09-18 13:04:46,467 [SCMBlockDeletingService#0] DEBUG block.SCMBlockDeletingService (SCMBlockDeletingService.java:call(155)) - Scanned deleted blocks log and got 0 delTX to process.
2019-09-18 13:04:46,568 [SCMBlockDeletingService#0] DEBUG block.SCMBlockDeletingService (SCMBlockDeletingService.java:call(138)) - Running DeletedBlockTransactionScanner
2019-09-18 13:04:46,568 [SCMBlockDeletingService#0] DEBUG block.SCMBlockDeletingService (SCMBlockDeletingService.java:call(155)) - Scanned deleted blocks log and got 0 delTX to process.
2019-09-18 13:04:46,606 [grpc-default-executor-1] INFO  client.GrpcClientProtocolClient (GrpcClientProtocolClient.java:onNext(264)) - client-8C798EE064B2->dd0a3b65-d36c-4f93-b232-3c8e6f6667b6: receive RaftClientReply:client-8C798EE064B2->dd0a3b65-d36c-4f93-b232-3c8e6f6667b6@group-B02456D89C11, cid=3669, SUCCESS, logIndex=5141, commits[dd0a3b65-d36c-4f93-b232-3c8e6f6667b6:c5144]
2019-09-18 13:04:46,607 [grpc-default-executor-1] INFO  client.GrpcClientProtocolClient (GrpcClientProtocolClient.java:onNext(264)) - client-8C798EE064B2->dd0a3b65-d36c-4f93-b232-3c8e6f6667b6: receive RaftClientReply:client-8C798EE064B2->dd0a3b65-d36c-4f93-b232-3c8e6f6667b6@group-B02456D89C11, cid=3670, SUCCESS, logIndex=5142, commits[dd0a3b65-d36c-4f93-b232-3c8e6f6667b6:c5145]
2019-09-18 13:04:46,608 [grpc-default-executor-1] INFO  client.GrpcClientProtocolClient (GrpcClientProtocolClient.java:onNext(264)) - client-8C798EE064B2->dd0a3b65-d36c-4f93-b232-3c8e6f6667b6: receive RaftClientReply:client-8C798EE064B2->dd0a3b65-d36c-4f93-b232-3c8e6f6667b6@group-B02456D89C11, cid=3671, SUCCESS, logIndex=5143, commits[dd0a3b65-d36c-4f93-b232-3c8e6f6667b6:c5145]
2019-09-18 13:04:46,608 [grpc-default-executor-1] INFO  client.GrpcClientProtocolClient (GrpcClientProtocolClient.java:onNext(264)) - client-8C798EE064B2->dd0a3b65-d36c-4f93-b232-3c8e6f6667b6: receive RaftClientReply:client-8C798EE064B2->dd0a3b65-d36c-4f93-b232-3c8e6f6667b6@group-B02456D89C11, cid=3672, SUCCESS, logIndex=5144, commits[dd0a3b65-d36c-4f93-b232-3c8e6f6667b6:c5146]
2019-09-18 13:04:46,652 [grpc-default-executor-1] INFO  client.GrpcClientProtocolClient (GrpcClientProtocolClient.java:onNext(264)) - client-8C798EE064B2->dd0a3b65-d36c-4f93-b232-3c8e6f6667b6: receive RaftClientReply:client-8C798EE064B2->dd0a3b65-d36c-4f93-b232-3c8e6f6667b6@group-B02456D89C11, cid=3673, SUCCESS, logIndex=5147, commits[dd0a3b65-d36c-4f93-b232-3c8e6f6667b6:c5148]
2019-09-18 13:04:46,654 [grpc-default-executor-1] INFO  client.GrpcClientProtocolClient (GrpcClientProtocolClient.java:onNext(264)) - client-8C798EE064B2->dd0a3b65-d36c-4f93-b232-3c8e6f6667b6: receive RaftClientReply:client-8C798EE064B2->dd0a3b65-d36c-4f93-b232-3c8e6f6667b6@group-B02456D89C11, cid=3674, SUCCESS, logIndex=5148, commits[dd0a3b65-d36c-4f93-b232-3c8e6f6667b6:c5150]
2019-09-18 13:04:46,655 [grpc-default-executor-1] INFO  client.GrpcClientProtocolClient (GrpcClientProtocolClient.java:onNext(264)) - client-8C798EE064B2->dd0a3b65-d36c-4f93-b232-3c8e6f6667b6: receive RaftClientReply:client-8C798EE064B2->dd0a3b65-d36c-4f93-b232-3c8e6f6667b6@group-B02456D89C11, cid=3675, SUCCESS, logIndex=5149, commits[dd0a3b65-d36c-4f93-b232-3c8e6f6667b6:c5151]
2019-09-18 13:04:46,655 [grpc-default-executor-1] INFO  client.GrpcClientProtocolClient (GrpcClientProtocolClient.java:onNext(264)) - client-8C798EE064B2->dd0a3b65-d36c-4f93-b232-3c8e6f6667b6: receive RaftClientReply:client-8C798EE064B2->dd0a3b65-d36c-4f93-b232-3c8e6f6667b6@group-B02456D89C11, cid=3676, SUCCESS, logIndex=5150, commits[dd0a3b65-d36c-4f93-b232-3c8e6f6667b6:c5152]
2019-09-18 13:04:46,669 [SCMBlockDeletingService#0] DEBUG block.SCMBlockDeletingService (SCMBlockDeletingService.java:call(138)) - Running DeletedBlockTransactionScanner
2019-09-18 13:04:46,669 [SCMBlockDeletingService#0] DEBUG block.SCMBlockDeletingService (SCMBlockDeletingService.java:call(155)) - Scanned deleted blocks log and got 0 delTX to process.
2019-09-18 13:04:46,672 [grpc-default-executor-0] INFO  client.GrpcClientProtocolClient (GrpcClientProtocolClient.java:onNext(264)) - client-8C798EE064B2->dd0a3b65-d36c-4f93-b232-3c8e6f6667b6: receive RaftClientReply:client-8C798EE064B2->dd0a3b65-d36c-4f93-b232-3c8e6f6667b6@group-B02456D89C11, cid=3677, SUCCESS, logIndex=5153, commits[dd0a3b65-d36c-4f93-b232-3c8e6f6667b6:c5154]
2019-09-18 13:04:46,672 [grpc-default-executor-0] INFO  client.GrpcClientProtocolClient (GrpcClientProtocolClient.java:onNext(264)) - client-8C798EE064B2->dd0a3b65-d36c-4f93-b232-3c8e6f6667b6: receive RaftClientReply:client-8C798EE064B2->dd0a3b65-d36c-4f93-b232-3c8e6f6667b6@group-B02456D89C11, cid=3678, SUCCESS, logIndex=5154, commits[dd0a3b65-d36c-4f93-b232-3c8e6f6667b6:c5154]
2019-09-18 13:04:46,673 [grpc-default-executor-0] INFO  client.GrpcClientProtocolClient (GrpcClientProtocolClient.java:onNext(264)) - client-8C798EE064B2->dd0a3b65-d36c-4f93-b232-3c8e6f6667b6: receive RaftClientReply:client-8C798EE064B2->dd0a3b65-d36c-4f93-b232-3c8e6f6667b6@group-B02456D89C11, cid=3679, SUCCESS, logIndex=5155, commits[dd0a3b65-d36c-4f93-b232-3c8e6f6667b6:c5157]
2019-09-18 13:04:46,673 [grpc-default-executor-0] INFO  client.GrpcClientProtocolClient (GrpcClientProtocolClient.java:onNext(264)) - client-8C798EE064B2->dd0a3b65-d36c-4f93-b232-3c8e6f6667b6: receive RaftClientReply:client-8C798EE064B2->dd0a3b65-d36c-4f93-b232-3c8e6f6667b6@group-B02456D89C11, cid=3680, SUCCESS, logIndex=5156, commits[dd0a3b65-d36c-4f93-b232-3c8e6f6667b6:c5157]
2019-09-18 13:04:46,710 [grpc-default-executor-0] INFO  client.GrpcClientProtocolClient (GrpcClientProtocolClient.java:onNext(264)) - client-8C798EE064B2->dd0a3b65-d36c-4f93-b232-3c8e6f6667b6: receive RaftClientReply:client-8C798EE064B2->dd0a3b65-d36c-4f93-b232-3c8e6f6667b6@group-B02456D89C11, cid=3681, SUCCESS, logIndex=5159, commits[dd0a3b65-d36c-4f93-b232-3c8e6f6667b6:c5162]
2019-09-18 13:04:46,711 [grpc-default-executor-0] INFO  client.GrpcClientProtocolClient (GrpcClientProtocolClient.java:onNext(264)) - client-8C798EE064B2->dd0a3b65-d36c-4f93-b232-3c8e6f6667b6: receive RaftClientReply:client-8C798EE064B2->dd0a3b65-d36c-4f93-b232-3c8e6f6667b6@group-B02456D89C11, cid=3682, SUCCESS, logIndex=5160, commits[dd0a3b65-d36c-4f93-b232-3c8e6f6667b6:c5163]
2019-09-18 13:04:46,711 [grpc-default-executor-0] INFO  client.GrpcClientProtocolClient (GrpcClientProtocolClient.java:onNext(264)) - client-8C798EE064B2->dd0a3b65-d36c-4f93-b232-3c8e6f6667b6: receive RaftClientReply:client-8C798EE064B2->dd0a3b65-d36c-4f93-b232-3c8e6f6667b6@group-B02456D89C11, cid=3683, SUCCESS, logIndex=5161, commits[dd0a3b65-d36c-4f93-b232-3c8e6f6667b6:c5163]
2019-09-18 13:04:46,711 [grpc-default-executor-0] INFO  client.GrpcClientProtocolClient (GrpcClientProtocolClient.java:onNext(264)) - client-8C798EE064B2->dd0a3b65-d36c-4f93-b232-3c8e6f6667b6: receive RaftClientReply:client-8C798EE064B2->dd0a3b65-d36c-4f93-b232-3c8e6f6667b6@group-B02456D89C11, cid=3684, SUCCESS, logIndex=5162, commits[dd0a3b65-d36c-4f93-b232-3c8e6f6667b6:c5163]
2019-09-18 13:04:46,734 [grpc-default-executor-0] INFO  client.GrpcClientProtocolClient (GrpcClientProtocolClient.java:onNext(264)) - client-8C798EE064B2->dd0a3b65-d36c-4f93-b232-3c8e6f6667b6: receive RaftClientReply:client-8C798EE064B2->dd0a3b65-d36c-4f93-b232-3c8e6f6667b6@group-B02456D89C11, cid=3685, SUCCESS, logIndex=5164, commits[dd0a3b65-d36c-4f93-b232-3c8e6f6667b6:c5167]
2019-09-18 13:04:46,735 [grpc-default-executor-0] INFO  client.GrpcClientProtocolClient (GrpcClientProtocolClient.java:onNext(264)) - client-8C798EE064B2->dd0a3b65-d36c-4f93-b232-3c8e6f6667b6: receive RaftClientReply:client-8C798EE064B2->dd0a3b65-d36c-4f93-b232-3c8e6f6667b6@group-B02456D89C11, cid=3686, SUCCESS, logIndex=5165, commits[dd0a3b65-d36c-4f93-b232-3c8e6f6667b6:c5168]
2019-09-18 13:04:46,735 [grpc-default-executor-0] INFO  client.GrpcClientProtocolClient (GrpcClientProtocolClient.java:onNext(264)) - client-8C798EE064B2->dd0a3b65-d36c-4f93-b232-3c8e6f6667b6: receive RaftClientReply:client-8C798EE064B2->dd0a3b65-d36c-4f93-b232-3c8e6f6667b6@group-B02456D89C11, cid=3687, SUCCESS, logIndex=5166, commits[dd0a3b65-d36c-4f93-b232-3c8e6f6667b6:c5168]
2019-09-18 13:04:46,736 [grpc-default-executor-0] INFO  client.GrpcClientProtocolClient (GrpcClientProtocolClient.java:onNext(264)) - client-8C798EE064B2->dd0a3b65-d36c-4f93-b232-3c8e6f6667b6: receive RaftClientReply:client-8C798EE064B2->dd0a3b65-d36c-4f93-b232-3c8e6f6667b6@group-B02456D89C11, cid=3688, SUCCESS, logIndex=5167, commits[dd0a3b65-d36c-4f93-b232-3c8e6f6667b6:c5168]
2019-09-18 13:04:46,769 [SCMBlockDeletingService#0] DEBUG block.SCMBlockDeletingService (SCMBlockDeletingService.java:call(138)) - Running DeletedBlockTransactionScanner
2019-09-18 13:04:46,769 [SCMBlockDeletingService#0] DEBUG block.SCMBlockDeletingService (SCMBlockDeletingService.java:call(155)) - Scanned deleted blocks log and got 0 delTX to process.
2019-09-18 13:04:46,772 [grpc-default-executor-0] INFO  client.GrpcClientProtocolClient (GrpcClientProtocolClient.java:onNext(264)) - client-8C798EE064B2->dd0a3b65-d36c-4f93-b232-3c8e6f6667b6: receive RaftClientReply:client-8C798EE064B2->dd0a3b65-d36c-4f93-b232-3c8e6f6667b6@group-B02456D89C11, cid=3689, SUCCESS, logIndex=5169, commits[dd0a3b65-d36c-4f93-b232-3c8e6f6667b6:c5170]
2019-09-18 13:04:46,772 [grpc-default-executor-0] INFO  client.GrpcClientProtocolClient (GrpcClientProtocolClient.java:onNext(264)) - client-8C798EE064B2->dd0a3b65-d36c-4f93-b232-3c8e6f6667b6: receive RaftClientReply:client-8C798EE064B2->dd0a3b65-d36c-4f93-b232-3c8e6f6667b6@group-B02456D89C11, cid=3690, SUCCESS, logIndex=5170, commits[dd0a3b65-d36c-4f93-b232-3c8e6f6667b6:c5170]
2019-09-18 13:04:46,773 [grpc-default-executor-0] INFO  client.GrpcClientProtocolClient (GrpcClientProtocolClient.java:onNext(264)) - client-8C798EE064B2->dd0a3b65-d36c-4f93-b232-3c8e6f6667b6: receive RaftClientReply:client-8C798EE064B2->dd0a3b65-d36c-4f93-b232-3c8e6f6667b6@group-B02456D89C11, cid=3691, SUCCESS, logIndex=5171, commits[dd0a3b65-d36c-4f93-b232-3c8e6f6667b6:c5172]
2019-09-18 13:04:46,773 [grpc-default-executor-0] INFO  client.GrpcClientProtocolClient (GrpcClientProtocolClient.java:onNext(264)) - client-8C798EE064B2->dd0a3b65-d36c-4f93-b232-3c8e6f6667b6: receive RaftClientReply:client-8C798EE064B2->dd0a3b65-d36c-4f93-b232-3c8e6f6667b6@group-B02456D89C11, cid=3692, SUCCESS, logIndex=5172, commits[dd0a3b65-d36c-4f93-b232-3c8e6f6667b6:c5172]
2019-09-18 13:04:46,795 [grpc-default-executor-0] INFO  client.GrpcClientProtocolClient (GrpcClientProtocolClient.java:onNext(264)) - client-8C798EE064B2->dd0a3b65-d36c-4f93-b232-3c8e6f6667b6: receive RaftClientReply:client-8C798EE064B2->dd0a3b65-d36c-4f93-b232-3c8e6f6667b6@group-B02456D89C11, cid=3693, SUCCESS, logIndex=5175, commits[dd0a3b65-d36c-4f93-b232-3c8e6f6667b6:c5178]
2019-09-18 13:04:46,795 [grpc-default-executor-0] INFO  client.GrpcClientProtocolClient (GrpcClientProtocolClient.java:onNext(264)) - client-8C798EE064B2->dd0a3b65-d36c-4f93-b232-3c8e6f6667b6: receive RaftClientReply:client-8C798EE064B2->dd0a3b65-d36c-4f93-b232-3c8e6f6667b6@group-B02456D89C11, cid=3694, SUCCESS, logIndex=5176, commits[dd0a3b65-d36c-4f93-b232-3c8e6f6667b6:c5178]
2019-09-18 13:04:46,796 [grpc-default-executor-0] INFO  client.GrpcClientProtocolClient (GrpcClientProtocolClient.java:onNext(264)) - client-8C798EE064B2->dd0a3b65-d36c-4f93-b232-3c8e6f6667b6: receive RaftClientReply:client-8C798EE064B2->dd0a3b65-d36c-4f93-b232-3c8e6f6667b6@group-B02456D89C11, cid=3695, SUCCESS, logIndex=5177, commits[dd0a3b65-d36c-4f93-b232-3c8e6f6667b6:c5178]
2019-09-18 13:04:46,796 [grpc-default-executor-0] INFO  client.GrpcClientProtocolClient (GrpcClientProtocolClient.java:onNext(264)) - client-8C798EE064B2->dd0a3b65-d36c-4f93-b232-3c8e6f6667b6: receive RaftClientReply:client-8C798EE064B2->dd0a3b65-d36c-4f93-b232-3c8e6f6667b6@group-B02456D89C11, cid=3696, SUCCESS, logIndex=5178, commits[dd0a3b65-d36c-4f93-b232-3c8e6f6667b6:c5179]
2019-09-18 13:04:46,827 [grpc-default-executor-1] INFO  client.GrpcClientProtocolClient (GrpcClientProtocolClient.java:onNext(264)) - client-8C798EE064B2->dd0a3b65-d36c-4f93-b232-3c8e6f6667b6: receive RaftClientReply:client-8C798EE064B2->dd0a3b65-d36c-4f93-b232-3c8e6f6667b6@group-B02456D89C11, cid=3697, SUCCESS, logIndex=5180, commits[dd0a3b65-d36c-4f93-b232-3c8e6f6667b6:c5181]
2019-09-18 13:04:46,828 [grpc-default-executor-1] INFO  client.GrpcClientProtocolClient (GrpcClientProtocolClient.java:onNext(264)) - client-8C798EE064B2->dd0a3b65-d36c-4f93-b232-3c8e6f6667b6: receive RaftClientReply:client-8C798EE064B2->dd0a3b65-d36c-4f93-b232-3c8e6f6667b6@group-B02456D89C11, cid=3698, SUCCESS, logIndex=5181, commits[dd0a3b65-d36c-4f93-b232-3c8e6f6667b6:c5181]
2019-09-18 13:04:46,829 [grpc-default-executor-1] INFO  client.GrpcClientProtocolClient (GrpcClientProtocolClient.java:onNext(264)) - client-8C798EE064B2->dd0a3b65-d36c-4f93-b232-3c8e6f6667b6: receive RaftClientReply:client-8C798EE064B2->dd0a3b65-d36c-4f93-b232-3c8e6f6667b6@group-B02456D89C11, cid=3699, SUCCESS, logIndex=5182, commits[dd0a3b65-d36c-4f93-b232-3c8e6f6667b6:c5183]
2019-09-18 13:04:46,829 [grpc-default-executor-1] INFO  client.GrpcClientProtocolClient (GrpcClientProtocolClient.java:onNext(264)) - client-8C798EE064B2->dd0a3b65-d36c-4f93-b232-3c8e6f6667b6: receive RaftClientReply:client-8C798EE064B2->dd0a3b65-d36c-4f93-b232-3c8e6f6667b6@group-B02456D89C11, cid=3700, SUCCESS, logIndex=5183, commits[dd0a3b65-d36c-4f93-b232-3c8e6f6667b6:c5183]
2019-09-18 13:04:46,842 [grpc-default-executor-0] INFO  client.GrpcClientProtocolClient (GrpcClientProtocolClient.java:onNext(264)) - client-8C798EE064B2->dd0a3b65-d36c-4f93-b232-3c8e6f6667b6: receive RaftClientReply:client-8C798EE064B2->dd0a3b65-d36c-4f93-b232-3c8e6f6667b6@group-B02456D89C11, cid=3701, SUCCESS, logIndex=5186, commits[dd0a3b65-d36c-4f93-b232-3c8e6f6667b6:c5189]
2019-09-18 13:04:46,843 [grpc-default-executor-0] INFO  client.GrpcClientProtocolClient (GrpcClientProtocolClient.java:onNext(264)) - client-8C798EE064B2->dd0a3b65-d36c-4f93-b232-3c8e6f6667b6: receive RaftClientReply:client-8C798EE064B2->dd0a3b65-d36c-4f93-b232-3c8e6f6667b6@group-B02456D89C11, cid=3702, SUCCESS, logIndex=5187, commits[dd0a3b65-d36c-4f93-b232-3c8e6f6667b6:c5189]
2019-09-18 13:04:46,843 [grpc-default-executor-0] INFO  client.GrpcClientProtocolClient (GrpcClientProtocolClient.java:onNext(264)) - client-8C798EE064B2->dd0a3b65-d36c-4f93-b232-3c8e6f6667b6: receive RaftClientReply:client-8C798EE064B2->dd0a3b65-d36c-4f93-b232-3c8e6f6667b6@group-B02456D89C11, cid=3703, SUCCESS, logIndex=5188, commits[dd0a3b65-d36c-4f93-b232-3c8e6f6667b6:c5189]
2019-09-18 13:04:46,843 [grpc-default-executor-0] INFO  client.GrpcClientProtocolClient (GrpcClientProtocolClient.java:onNext(264)) - client-8C798EE064B2->dd0a3b65-d36c-4f93-b232-3c8e6f6667b6: receive RaftClientReply:client-8C798EE064B2->dd0a3b65-d36c-4f93-b232-3c8e6f6667b6@group-B02456D89C11, cid=3704, SUCCESS, logIndex=5189, commits[dd0a3b65-d36c-4f93-b232-3c8e6f6667b6:c5189]
2019-09-18 13:04:46,870 [SCMBlockDeletingService#0] DEBUG block.SCMBlockDeletingService (SCMBlockDeletingService.java:call(138)) - Running DeletedBlockTransactionScanner
2019-09-18 13:04:46,870 [SCMBlockDeletingService#0] DEBUG block.SCMBlockDeletingService (SCMBlockDeletingService.java:call(155)) - Scanned deleted blocks log and got 0 delTX to process.
2019-09-18 13:04:46,875 [grpc-default-executor-1] INFO  client.GrpcClientProtocolClient (GrpcClientProtocolClient.java:onNext(264)) - client-8C798EE064B2->dd0a3b65-d36c-4f93-b232-3c8e6f6667b6: receive RaftClientReply:client-8C798EE064B2->dd0a3b65-d36c-4f93-b232-3c8e6f6667b6@group-B02456D89C11, cid=3705, SUCCESS, logIndex=5191, commits[dd0a3b65-d36c-4f93-b232-3c8e6f6667b6:c5192]
2019-09-18 13:04:46,875 [grpc-default-executor-1] INFO  client.GrpcClientProtocolClient (GrpcClientProtocolClient.java:onNext(264)) - client-8C798EE064B2->dd0a3b65-d36c-4f93-b232-3c8e6f6667b6: receive RaftClientReply:client-8C798EE064B2->dd0a3b65-d36c-4f93-b232-3c8e6f6667b6@group-B02456D89C11, cid=3706, SUCCESS, logIndex=5192, commits[dd0a3b65-d36c-4f93-b232-3c8e6f6667b6:c5194]
2019-09-18 13:04:46,876 [grpc-default-executor-1] INFO  client.GrpcClientProtocolClient (GrpcClientProtocolClient.java:onNext(264)) - client-8C798EE064B2->dd0a3b65-d36c-4f93-b232-3c8e6f6667b6: receive RaftClientReply:client-8C798EE064B2->dd0a3b65-d36c-4f93-b232-3c8e6f6667b6@group-B02456D89C11, cid=3707, SUCCESS, logIndex=5193, commits[dd0a3b65-d36c-4f93-b232-3c8e6f6667b6:c5194]
2019-09-18 13:04:46,876 [grpc-default-executor-1] INFO  client.GrpcClientProtocolClient (GrpcClientProtocolClient.java:onNext(264)) - client-8C798EE064B2->dd0a3b65-d36c-4f93-b232-3c8e6f6667b6: receive RaftClientReply:client-8C798EE064B2->dd0a3b65-d36c-4f93-b232-3c8e6f6667b6@group-B02456D89C11, cid=3708, SUCCESS, logIndex=5194, commits[dd0a3b65-d36c-4f93-b232-3c8e6f6667b6:c5195]
2019-09-18 13:04:46,896 [grpc-default-executor-0] INFO  client.GrpcClientProtocolClient (GrpcClientProtocolClient.java:onNext(264)) - client-8C798EE064B2->dd0a3b65-d36c-4f93-b232-3c8e6f6667b6: receive RaftClientReply:client-8C798EE064B2->dd0a3b65-d36c-4f93-b232-3c8e6f6667b6@group-B02456D89C11, cid=3709, SUCCESS, logIndex=5197, commits[dd0a3b65-d36c-4f93-b232-3c8e6f6667b6:c5198]
2019-09-18 13:04:46,897 [grpc-default-executor-0] INFO  client.GrpcClientProtocolClient (GrpcClientProtocolClient.java:onNext(264)) - client-8C798EE064B2->dd0a3b65-d36c-4f93-b232-3c8e6f6667b6: receive RaftClientReply:client-8C798EE064B2->dd0a3b65-d36c-4f93-b232-3c8e6f6667b6@group-B02456D89C11, cid=3710, SUCCESS, logIndex=5198, commits[dd0a3b65-d36c-4f93-b232-3c8e6f6667b6:c5198]
2019-09-18 13:04:46,898 [grpc-default-executor-0] INFO  client.GrpcClientProtocolClient (GrpcClientProtocolClient.java:onNext(264)) - client-8C798EE064B2->dd0a3b65-d36c-4f93-b232-3c8e6f6667b6: receive RaftClientReply:client-8C798EE064B2->dd0a3b65-d36c-4f93-b232-3c8e6f6667b6@group-B02456D89C11, cid=3711, SUCCESS, logIndex=5199, commits[dd0a3b65-d36c-4f93-b232-3c8e6f6667b6:c5200]
2019-09-18 13:04:46,899 [grpc-default-executor-0] INFO  client.GrpcClientProtocolClient (GrpcClientProtocolClient.java:onNext(264)) - client-8C798EE064B2->dd0a3b65-d36c-4f93-b232-3c8e6f6667b6: receive RaftClientReply:client-8C798EE064B2->dd0a3b65-d36c-4f93-b232-3c8e6f6667b6@group-B02456D89C11, cid=3712, SUCCESS, logIndex=5200, commits[dd0a3b65-d36c-4f93-b232-3c8e6f6667b6:c5200]
2019-09-18 13:04:46,970 [SCMBlockDeletingService#1] DEBUG block.SCMBlockDeletingService (SCMBlockDeletingService.java:call(138)) - Running DeletedBlockTransactionScanner
2019-09-18 13:04:46,970 [SCMBlockDeletingService#1] DEBUG block.SCMBlockDeletingService (SCMBlockDeletingService.java:call(155)) - Scanned deleted blocks log and got 0 delTX to process.
2019-09-18 13:04:47,071 [SCMBlockDeletingService#1] DEBUG block.SCMBlockDeletingService (SCMBlockDeletingService.java:call(138)) - Running DeletedBlockTransactionScanner
2019-09-18 13:04:47,071 [SCMBlockDeletingService#1] DEBUG block.SCMBlockDeletingService (SCMBlockDeletingService.java:call(155)) - Scanned deleted blocks log and got 0 delTX to process.
2019-09-18 13:04:47,073 [grpc-default-executor-1] INFO  client.GrpcClientProtocolClient (GrpcClientProtocolClient.java:onNext(264)) - client-8C798EE064B2->dd0a3b65-d36c-4f93-b232-3c8e6f6667b6: receive RaftClientReply:client-8C798EE064B2->dd0a3b65-d36c-4f93-b232-3c8e6f6667b6@group-B02456D89C11, cid=3713, SUCCESS, logIndex=5203, commits[dd0a3b65-d36c-4f93-b232-3c8e6f6667b6:c5204]
2019-09-18 13:04:47,073 [grpc-default-executor-1] INFO  client.GrpcClientProtocolClient (GrpcClientProtocolClient.java:onNext(264)) - client-8C798EE064B2->dd0a3b65-d36c-4f93-b232-3c8e6f6667b6: receive RaftClientReply:client-8C798EE064B2->dd0a3b65-d36c-4f93-b232-3c8e6f6667b6@group-B02456D89C11, cid=3714, SUCCESS, logIndex=5204, commits[dd0a3b65-d36c-4f93-b232-3c8e6f6667b6:c5204]
2019-09-18 13:04:47,074 [grpc-default-executor-1] INFO  client.GrpcClientProtocolClient (GrpcClientProtocolClient.java:onNext(264)) - client-8C798EE064B2->dd0a3b65-d36c-4f93-b232-3c8e6f6667b6: receive RaftClientReply:client-8C798EE064B2->dd0a3b65-d36c-4f93-b232-3c8e6f6667b6@group-B02456D89C11, cid=3715, SUCCESS, logIndex=5205, commits[dd0a3b65-d36c-4f93-b232-3c8e6f6667b6:c5206]
2019-09-18 13:04:47,075 [grpc-default-executor-1] INFO  client.GrpcClientProtocolClient (GrpcClientProtocolClient.java:onNext(264)) - client-8C798EE064B2->dd0a3b65-d36c-4f93-b232-3c8e6f6667b6: receive RaftClientReply:client-8C798EE064B2->dd0a3b65-d36c-4f93-b232-3c8e6f6667b6@group-B02456D89C11, cid=3716, SUCCESS, logIndex=5206, commits[dd0a3b65-d36c-4f93-b232-3c8e6f6667b6:c5206]
2019-09-18 13:04:47,098 [grpc-default-executor-0] INFO  client.GrpcClientProtocolClient (GrpcClientProtocolClient.java:onNext(264)) - client-8C798EE064B2->dd0a3b65-d36c-4f93-b232-3c8e6f6667b6: receive RaftClientReply:client-8C798EE064B2->dd0a3b65-d36c-4f93-b232-3c8e6f6667b6@group-B02456D89C11, cid=3717, SUCCESS, logIndex=5209, commits[dd0a3b65-d36c-4f93-b232-3c8e6f6667b6:c5212]
2019-09-18 13:04:47,099 [grpc-default-executor-0] INFO  client.GrpcClientProtocolClient (GrpcClientProtocolClient.java:onNext(264)) - client-8C798EE064B2->dd0a3b65-d36c-4f93-b232-3c8e6f6667b6: receive RaftClientReply:client-8C798EE064B2->dd0a3b65-d36c-4f93-b232-3c8e6f6667b6@group-B02456D89C11, cid=3718, SUCCESS, logIndex=5210, commits[dd0a3b65-d36c-4f93-b232-3c8e6f6667b6:c5212]
2019-09-18 13:04:47,099 [grpc-default-executor-0] INFO  client.GrpcClientProtocolClient (GrpcClientProtocolClient.java:onNext(264)) - client-8C798EE064B2->dd0a3b65-d36c-4f93-b232-3c8e6f6667b6: receive RaftClientReply:client-8C798EE064B2->dd0a3b65-d36c-4f93-b232-3c8e6f6667b6@group-B02456D89C11, cid=3719, SUCCESS, logIndex=5211, commits[dd0a3b65-d36c-4f93-b232-3c8e6f6667b6:c5213]
2019-09-18 13:04:47,100 [grpc-default-executor-0] INFO  client.GrpcClientProtocolClient (GrpcClientProtocolClient.java:onNext(264)) - client-8C798EE064B2->dd0a3b65-d36c-4f93-b232-3c8e6f6667b6: receive RaftClientReply:client-8C798EE064B2->dd0a3b65-d36c-4f93-b232-3c8e6f6667b6@group-B02456D89C11, cid=3720, SUCCESS, logIndex=5212, commits[dd0a3b65-d36c-4f93-b232-3c8e6f6667b6:c5213]
2019-09-18 13:04:47,138 [grpc-default-executor-0] INFO  client.GrpcClientProtocolClient (GrpcClientProtocolClient.java:onNext(264)) - client-8C798EE064B2->dd0a3b65-d36c-4f93-b232-3c8e6f6667b6: receive RaftClientReply:client-8C798EE064B2->dd0a3b65-d36c-4f93-b232-3c8e6f6667b6@group-B02456D89C11, cid=3721, SUCCESS, logIndex=5214, commits[dd0a3b65-d36c-4f93-b232-3c8e6f6667b6:c5215]
2019-09-18 13:04:47,139 [grpc-default-executor-0] INFO  client.GrpcClientProtocolClient (GrpcClientProtocolClient.java:onNext(264)) - client-8C798EE064B2->dd0a3b65-d36c-4f93-b232-3c8e6f6667b6: receive RaftClientReply:client-8C798EE064B2->dd0a3b65-d36c-4f93-b232-3c8e6f6667b6@group-B02456D89C11, cid=3722, SUCCESS, logIndex=5215, commits[dd0a3b65-d36c-4f93-b232-3c8e6f6667b6:c5215]
2019-09-18 13:04:47,140 [grpc-default-executor-0] INFO  client.GrpcClientProtocolClient (GrpcClientProtocolClient.java:onNext(264)) - client-8C798EE064B2->dd0a3b65-d36c-4f93-b232-3c8e6f6667b6: receive RaftClientReply:client-8C798EE064B2->dd0a3b65-d36c-4f93-b232-3c8e6f6667b6@group-B02456D89C11, cid=3723, SUCCESS, logIndex=5216, commits[dd0a3b65-d36c-4f93-b232-3c8e6f6667b6:c5217]
2019-09-18 13:04:47,140 [grpc-default-executor-0] INFO  client.GrpcClientProtocolClient (GrpcClientProtocolClient.java:onNext(264)) - client-8C798EE064B2->dd0a3b65-d36c-4f93-b232-3c8e6f6667b6: receive RaftClientReply:client-8C798EE064B2->dd0a3b65-d36c-4f93-b232-3c8e6f6667b6@group-B02456D89C11, cid=3724, SUCCESS, logIndex=5217, commits[dd0a3b65-d36c-4f93-b232-3c8e6f6667b6:c5217]
2019-09-18 13:04:47,167 [grpc-default-executor-0] INFO  client.GrpcClientProtocolClient (GrpcClientProtocolClient.java:onNext(264)) - client-8C798EE064B2->dd0a3b65-d36c-4f93-b232-3c8e6f6667b6: receive RaftClientReply:client-8C798EE064B2->dd0a3b65-d36c-4f93-b232-3c8e6f6667b6@group-B02456D89C11, cid=3725, SUCCESS, logIndex=5220, commits[dd0a3b65-d36c-4f93-b232-3c8e6f6667b6:c5223]
2019-09-18 13:04:47,167 [grpc-default-executor-0] INFO  client.GrpcClientProtocolClient (GrpcClientProtocolClient.java:onNext(264)) - client-8C798EE064B2->dd0a3b65-d36c-4f93-b232-3c8e6f6667b6: receive RaftClientReply:client-8C798EE064B2->dd0a3b65-d36c-4f93-b232-3c8e6f6667b6@group-B02456D89C11, cid=3726, SUCCESS, logIndex=5221, commits[dd0a3b65-d36c-4f93-b232-3c8e6f6667b6:c5224]
2019-09-18 13:04:47,168 [grpc-default-executor-0] INFO  client.GrpcClientProtocolClient (GrpcClientProtocolClient.java:onNext(264)) - client-8C798EE064B2->dd0a3b65-d36c-4f93-b232-3c8e6f6667b6: receive RaftClientReply:client-8C798EE064B2->dd0a3b65-d36c-4f93-b232-3c8e6f6667b6@group-B02456D89C11, cid=3727, SUCCESS, logIndex=5222, commits[dd0a3b65-d36c-4f93-b232-3c8e6f6667b6:c5224]
2019-09-18 13:04:47,168 [grpc-default-executor-0] INFO  client.GrpcClientProtocolClient (GrpcClientProtocolClient.java:onNext(264)) - client-8C798EE064B2->dd0a3b65-d36c-4f93-b232-3c8e6f6667b6: receive RaftClientReply:client-8C798EE064B2->dd0a3b65-d36c-4f93-b232-3c8e6f6667b6@group-B02456D89C11, cid=3728, SUCCESS, logIndex=5223, commits[dd0a3b65-d36c-4f93-b232-3c8e6f6667b6:c5224]
2019-09-18 13:04:47,172 [SCMBlockDeletingService#1] DEBUG block.SCMBlockDeletingService (SCMBlockDeletingService.java:call(138)) - Running DeletedBlockTransactionScanner
2019-09-18 13:04:47,172 [SCMBlockDeletingService#1] DEBUG block.SCMBlockDeletingService (SCMBlockDeletingService.java:call(155)) - Scanned deleted blocks log and got 0 delTX to process.
2019-09-18 13:04:47,205 [grpc-default-executor-1] INFO  client.GrpcClientProtocolClient (GrpcClientProtocolClient.java:onNext(264)) - client-8C798EE064B2->dd0a3b65-d36c-4f93-b232-3c8e6f6667b6: receive RaftClientReply:client-8C798EE064B2->dd0a3b65-d36c-4f93-b232-3c8e6f6667b6@group-B02456D89C11, cid=3729, SUCCESS, logIndex=5225, commits[dd0a3b65-d36c-4f93-b232-3c8e6f6667b6:c5226]
2019-09-18 13:04:47,206 [grpc-default-executor-1] INFO  client.GrpcClientProtocolClient (GrpcClientProtocolClient.java:onNext(264)) - client-8C798EE064B2->dd0a3b65-d36c-4f93-b232-3c8e6f6667b6: receive RaftClientReply:client-8C798EE064B2->dd0a3b65-d36c-4f93-b232-3c8e6f6667b6@group-B02456D89C11, cid=3730, SUCCESS, logIndex=5226, commits[dd0a3b65-d36c-4f93-b232-3c8e6f6667b6:c5228]
2019-09-18 13:04:47,206 [grpc-default-executor-1] INFO  client.GrpcClientProtocolClient (GrpcClientProtocolClient.java:onNext(264)) - client-8C798EE064B2->dd0a3b65-d36c-4f93-b232-3c8e6f6667b6: receive RaftClientReply:client-8C798EE064B2->dd0a3b65-d36c-4f93-b232-3c8e6f6667b6@group-B02456D89C11, cid=3731, SUCCESS, logIndex=5227, commits[dd0a3b65-d36c-4f93-b232-3c8e6f6667b6:c5229]
2019-09-18 13:04:47,207 [grpc-default-executor-1] INFO  client.GrpcClientProtocolClient (GrpcClientProtocolClient.java:onNext(264)) - client-8C798EE064B2->dd0a3b65-d36c-4f93-b232-3c8e6f6667b6: receive RaftClientReply:client-8C798EE064B2->dd0a3b65-d36c-4f93-b232-3c8e6f6667b6@group-B02456D89C11, cid=3732, SUCCESS, logIndex=5228, commits[dd0a3b65-d36c-4f93-b232-3c8e6f6667b6:c5230]
2019-09-18 13:04:47,229 [grpc-default-executor-1] INFO  client.GrpcClientProtocolClient (GrpcClientProtocolClient.java:onNext(264)) - client-8C798EE064B2->dd0a3b65-d36c-4f93-b232-3c8e6f6667b6: receive RaftClientReply:client-8C798EE064B2->dd0a3b65-d36c-4f93-b232-3c8e6f6667b6@group-B02456D89C11, cid=3733, SUCCESS, logIndex=5231, commits[dd0a3b65-d36c-4f93-b232-3c8e6f6667b6:c5232]
2019-09-18 13:04:47,229 [grpc-default-executor-1] INFO  client.GrpcClientProtocolClient (GrpcClientProtocolClient.java:onNext(264)) - client-8C798EE064B2->dd0a3b65-d36c-4f93-b232-3c8e6f6667b6: receive RaftClientReply:client-8C798EE064B2->dd0a3b65-d36c-4f93-b232-3c8e6f6667b6@group-B02456D89C11, cid=3734, SUCCESS, logIndex=5232, commits[dd0a3b65-d36c-4f93-b232-3c8e6f6667b6:c5234]
2019-09-18 13:04:47,230 [grpc-default-executor-1] INFO  client.GrpcClientProtocolClient (GrpcClientProtocolClient.java:onNext(264)) - client-8C798EE064B2->dd0a3b65-d36c-4f93-b232-3c8e6f6667b6: receive RaftClientReply:client-8C798EE064B2->dd0a3b65-d36c-4f93-b232-3c8e6f6667b6@group-B02456D89C11, cid=3735, SUCCESS, logIndex=5233, commits[dd0a3b65-d36c-4f93-b232-3c8e6f6667b6:c5234]
2019-09-18 13:04:47,230 [grpc-default-executor-1] INFO  client.GrpcClientProtocolClient (GrpcClientProtocolClient.java:onNext(264)) - client-8C798EE064B2->dd0a3b65-d36c-4f93-b232-3c8e6f6667b6: receive RaftClientReply:client-8C798EE064B2->dd0a3b65-d36c-4f93-b232-3c8e6f6667b6@group-B02456D89C11, cid=3736, SUCCESS, logIndex=5234, commits[dd0a3b65-d36c-4f93-b232-3c8e6f6667b6:c5235]
2019-09-18 13:04:47,273 [SCMBlockDeletingService#1] DEBUG block.SCMBlockDeletingService (SCMBlockDeletingService.java:call(138)) - Running DeletedBlockTransactionScanner
2019-09-18 13:04:47,273 [SCMBlockDeletingService#1] DEBUG block.SCMBlockDeletingService (SCMBlockDeletingService.java:call(155)) - Scanned deleted blocks log and got 0 delTX to process.
2019-09-18 13:04:47,278 [grpc-default-executor-0] INFO  client.GrpcClientProtocolClient (GrpcClientProtocolClient.java:onNext(264)) - client-8C798EE064B2->dd0a3b65-d36c-4f93-b232-3c8e6f6667b6: receive RaftClientReply:client-8C798EE064B2->dd0a3b65-d36c-4f93-b232-3c8e6f6667b6@group-B02456D89C11, cid=3737, SUCCESS, logIndex=5237, commits[dd0a3b65-d36c-4f93-b232-3c8e6f6667b6:c5240]
2019-09-18 13:04:47,278 [grpc-default-executor-0] INFO  client.GrpcClientProtocolClient (GrpcClientProtocolClient.java:onNext(264)) - client-8C798EE064B2->dd0a3b65-d36c-4f93-b232-3c8e6f6667b6: receive RaftClientReply:client-8C798EE064B2->dd0a3b65-d36c-4f93-b232-3c8e6f6667b6@group-B02456D89C11, cid=3738, SUCCESS, logIndex=5238, commits[dd0a3b65-d36c-4f93-b232-3c8e6f6667b6:c5240]
2019-09-18 13:04:47,279 [grpc-default-executor-0] INFO  client.GrpcClientProtocolClient (GrpcClientProtocolClient.java:onNext(264)) - client-8C798EE064B2->dd0a3b65-d36c-4f93-b232-3c8e6f6667b6: receive RaftClientReply:client-8C798EE064B2->dd0a3b65-d36c-4f93-b232-3c8e6f6667b6@group-B02456D89C11, cid=3739, SUCCESS, logIndex=5239, commits[dd0a3b65-d36c-4f93-b232-3c8e6f6667b6:c5240]
2019-09-18 13:04:47,279 [grpc-default-executor-0] INFO  client.GrpcClientProtocolClient (GrpcClientProtocolClient.java:onNext(264)) - client-8C798EE064B2->dd0a3b65-d36c-4f93-b232-3c8e6f6667b6: receive RaftClientReply:client-8C798EE064B2->dd0a3b65-d36c-4f93-b232-3c8e6f6667b6@group-B02456D89C11, cid=3740, SUCCESS, logIndex=5240, commits[dd0a3b65-d36c-4f93-b232-3c8e6f6667b6:c5240]
2019-09-18 13:04:47,302 [grpc-default-executor-0] INFO  client.GrpcClientProtocolClient (GrpcClientProtocolClient.java:onNext(264)) - client-8C798EE064B2->dd0a3b65-d36c-4f93-b232-3c8e6f6667b6: receive RaftClientReply:client-8C798EE064B2->dd0a3b65-d36c-4f93-b232-3c8e6f6667b6@group-B02456D89C11, cid=3741, SUCCESS, logIndex=5242, commits[dd0a3b65-d36c-4f93-b232-3c8e6f6667b6:c5243]
2019-09-18 13:04:47,302 [grpc-default-executor-0] INFO  client.GrpcClientProtocolClient (GrpcClientProtocolClient.java:onNext(264)) - client-8C798EE064B2->dd0a3b65-d36c-4f93-b232-3c8e6f6667b6: receive RaftClientReply:client-8C798EE064B2->dd0a3b65-d36c-4f93-b232-3c8e6f6667b6@group-B02456D89C11, cid=3742, SUCCESS, logIndex=5243, commits[dd0a3b65-d36c-4f93-b232-3c8e6f6667b6:c5243]
2019-09-18 13:04:47,303 [grpc-default-executor-0] INFO  client.GrpcClientProtocolClient (GrpcClientProtocolClient.java:onNext(264)) - client-8C798EE064B2->dd0a3b65-d36c-4f93-b232-3c8e6f6667b6: receive RaftClientReply:client-8C798EE064B2->dd0a3b65-d36c-4f93-b232-3c8e6f6667b6@group-B02456D89C11, cid=3743, SUCCESS, logIndex=5244, commits[dd0a3b65-d36c-4f93-b232-3c8e6f6667b6:c5245]
2019-09-18 13:04:47,304 [grpc-default-executor-0] INFO  client.GrpcClientProtocolClient (GrpcClientProtocolClient.java:onNext(264)) - client-8C798EE064B2->dd0a3b65-d36c-4f93-b232-3c8e6f6667b6: receive RaftClientReply:client-8C798EE064B2->dd0a3b65-d36c-4f93-b232-3c8e6f6667b6@group-B02456D89C11, cid=3744, SUCCESS, logIndex=5245, commits[dd0a3b65-d36c-4f93-b232-3c8e6f6667b6:c5245]
2019-09-18 13:04:47,345 [grpc-default-executor-1] INFO  client.GrpcClientProtocolClient (GrpcClientProtocolClient.java:onNext(264)) - client-8C798EE064B2->dd0a3b65-d36c-4f93-b232-3c8e6f6667b6: receive RaftClientReply:client-8C798EE064B2->dd0a3b65-d36c-4f93-b232-3c8e6f6667b6@group-B02456D89C11, cid=3745, SUCCESS, logIndex=5248, commits[dd0a3b65-d36c-4f93-b232-3c8e6f6667b6:c5249]
2019-09-18 13:04:47,346 [grpc-default-executor-1] INFO  client.GrpcClientProtocolClient (GrpcClientProtocolClient.java:onNext(264)) - client-8C798EE064B2->dd0a3b65-d36c-4f93-b232-3c8e6f6667b6: receive RaftClientReply:client-8C798EE064B2->dd0a3b65-d36c-4f93-b232-3c8e6f6667b6@group-B02456D89C11, cid=3746, SUCCESS, logIndex=5249, commits[dd0a3b65-d36c-4f93-b232-3c8e6f6667b6:c5251]
2019-09-18 13:04:47,346 [grpc-default-executor-1] INFO  client.GrpcClientProtocolClient (GrpcClientProtocolClient.java:onNext(264)) - client-8C798EE064B2->dd0a3b65-d36c-4f93-b232-3c8e6f6667b6: receive RaftClientReply:client-8C798EE064B2->dd0a3b65-d36c-4f93-b232-3c8e6f6667b6@group-B02456D89C11, cid=3747, SUCCESS, logIndex=5250, commits[dd0a3b65-d36c-4f93-b232-3c8e6f6667b6:c5252]
2019-09-18 13:04:47,346 [grpc-default-executor-1] INFO  client.GrpcClientProtocolClient (GrpcClientProtocolClient.java:onNext(264)) - client-8C798EE064B2->dd0a3b65-d36c-4f93-b232-3c8e6f6667b6: receive RaftClientReply:client-8C798EE064B2->dd0a3b65-d36c-4f93-b232-3c8e6f6667b6@group-B02456D89C11, cid=3748, SUCCESS, logIndex=5251, commits[dd0a3b65-d36c-4f93-b232-3c8e6f6667b6:c5252]
2019-09-18 13:04:47,365 [grpc-default-executor-0] INFO  client.GrpcClientProtocolClient (GrpcClientProtocolClient.java:onNext(264)) - client-8C798EE064B2->dd0a3b65-d36c-4f93-b232-3c8e6f6667b6: receive RaftClientReply:client-8C798EE064B2->dd0a3b65-d36c-4f93-b232-3c8e6f6667b6@group-B02456D89C11, cid=3749, SUCCESS, logIndex=5254, commits[dd0a3b65-d36c-4f93-b232-3c8e6f6667b6:c5255]
2019-09-18 13:04:47,366 [grpc-default-executor-0] INFO  client.GrpcClientProtocolClient (GrpcClientProtocolClient.java:onNext(264)) - client-8C798EE064B2->dd0a3b65-d36c-4f93-b232-3c8e6f6667b6: receive RaftClientReply:client-8C798EE064B2->dd0a3b65-d36c-4f93-b232-3c8e6f6667b6@group-B02456D89C11, cid=3750, SUCCESS, logIndex=5255, commits[dd0a3b65-d36c-4f93-b232-3c8e6f6667b6:c5255]
2019-09-18 13:04:47,369 [grpc-default-executor-0] INFO  client.GrpcClientProtocolClient (GrpcClientProtocolClient.java:onNext(264)) - client-8C798EE064B2->dd0a3b65-d36c-4f93-b232-3c8e6f6667b6: receive RaftClientReply:client-8C798EE064B2->dd0a3b65-d36c-4f93-b232-3c8e6f6667b6@group-B02456D89C11, cid=3751, SUCCESS, logIndex=5256, commits[dd0a3b65-d36c-4f93-b232-3c8e6f6667b6:c5257]
2019-09-18 13:04:47,370 [grpc-default-executor-0] INFO  client.GrpcClientProtocolClient (GrpcClientProtocolClient.java:onNext(264)) - client-8C798EE064B2->dd0a3b65-d36c-4f93-b232-3c8e6f6667b6: receive RaftClientReply:client-8C798EE064B2->dd0a3b65-d36c-4f93-b232-3c8e6f6667b6@group-B02456D89C11, cid=3752, SUCCESS, logIndex=5257, commits[dd0a3b65-d36c-4f93-b232-3c8e6f6667b6:c5257]
2019-09-18 13:04:47,373 [SCMBlockDeletingService#1] DEBUG block.SCMBlockDeletingService (SCMBlockDeletingService.java:call(138)) - Running DeletedBlockTransactionScanner
2019-09-18 13:04:47,374 [SCMBlockDeletingService#1] DEBUG block.SCMBlockDeletingService (SCMBlockDeletingService.java:call(155)) - Scanned deleted blocks log and got 0 delTX to process.
2019-09-18 13:04:47,533 [SCMBlockDeletingService#1] DEBUG block.SCMBlockDeletingService (SCMBlockDeletingService.java:call(138)) - Running DeletedBlockTransactionScanner
2019-09-18 13:04:47,533 [SCMBlockDeletingService#1] DEBUG block.SCMBlockDeletingService (SCMBlockDeletingService.java:call(155)) - Scanned deleted blocks log and got 0 delTX to process.
2019-09-18 13:04:47,566 [grpc-default-executor-0] INFO  client.GrpcClientProtocolClient (GrpcClientProtocolClient.java:onNext(264)) - client-8C798EE064B2->dd0a3b65-d36c-4f93-b232-3c8e6f6667b6: receive RaftClientReply:client-8C798EE064B2->dd0a3b65-d36c-4f93-b232-3c8e6f6667b6@group-B02456D89C11, cid=3753, SUCCESS, logIndex=5260, commits[dd0a3b65-d36c-4f93-b232-3c8e6f6667b6:c5264]
2019-09-18 13:04:47,567 [grpc-default-executor-0] INFO  client.GrpcClientProtocolClient (GrpcClientProtocolClient.java:onNext(264)) - client-8C798EE064B2->dd0a3b65-d36c-4f93-b232-3c8e6f6667b6: receive RaftClientReply:client-8C798EE064B2->dd0a3b65-d36c-4f93-b232-3c8e6f6667b6@group-B02456D89C11, cid=3754, SUCCESS, logIndex=5261, commits[dd0a3b65-d36c-4f93-b232-3c8e6f6667b6:c5264]
2019-09-18 13:04:47,567 [grpc-default-executor-0] INFO  client.GrpcClientProtocolClient (GrpcClientProtocolClient.java:onNext(264)) - client-8C798EE064B2->dd0a3b65-d36c-4f93-b232-3c8e6f6667b6: receive RaftClientReply:client-8C798EE064B2->dd0a3b65-d36c-4f93-b232-3c8e6f6667b6@group-B02456D89C11, cid=3755, SUCCESS, logIndex=5262, commits[dd0a3b65-d36c-4f93-b232-3c8e6f6667b6:c5264]
2019-09-18 13:04:47,567 [grpc-default-executor-0] INFO  client.GrpcClientProtocolClient (GrpcClientProtocolClient.java:onNext(264)) - client-8C798EE064B2->dd0a3b65-d36c-4f93-b232-3c8e6f6667b6: receive RaftClientReply:client-8C798EE064B2->dd0a3b65-d36c-4f93-b232-3c8e6f6667b6@group-B02456D89C11, cid=3756, SUCCESS, logIndex=5263, commits[dd0a3b65-d36c-4f93-b232-3c8e6f6667b6:c5264]
2019-09-18 13:04:47,633 [SCMBlockDeletingService#1] DEBUG block.SCMBlockDeletingService (SCMBlockDeletingService.java:call(138)) - Running DeletedBlockTransactionScanner
2019-09-18 13:04:47,634 [SCMBlockDeletingService#1] DEBUG block.SCMBlockDeletingService (SCMBlockDeletingService.java:call(155)) - Scanned deleted blocks log and got 0 delTX to process.
2019-09-18 13:04:47,709 [grpc-default-executor-1] INFO  client.GrpcClientProtocolClient (GrpcClientProtocolClient.java:onNext(264)) - client-8C798EE064B2->dd0a3b65-d36c-4f93-b232-3c8e6f6667b6: receive RaftClientReply:client-8C798EE064B2->dd0a3b65-d36c-4f93-b232-3c8e6f6667b6@group-B02456D89C11, cid=3757, SUCCESS, logIndex=5265, commits[dd0a3b65-d36c-4f93-b232-3c8e6f6667b6:c5268]
2019-09-18 13:04:47,709 [grpc-default-executor-1] INFO  client.GrpcClientProtocolClient (GrpcClientProtocolClient.java:onNext(264)) - client-8C798EE064B2->dd0a3b65-d36c-4f93-b232-3c8e6f6667b6: receive RaftClientReply:client-8C798EE064B2->dd0a3b65-d36c-4f93-b232-3c8e6f6667b6@group-B02456D89C11, cid=3758, SUCCESS, logIndex=5266, commits[dd0a3b65-d36c-4f93-b232-3c8e6f6667b6:c5269]
2019-09-18 13:04:47,709 [grpc-default-executor-1] INFO  client.GrpcClientProtocolClient (GrpcClientProtocolClient.java:onNext(264)) - client-8C798EE064B2->dd0a3b65-d36c-4f93-b232-3c8e6f6667b6: receive RaftClientReply:client-8C798EE064B2->dd0a3b65-d36c-4f93-b232-3c8e6f6667b6@group-B02456D89C11, cid=3759, SUCCESS, logIndex=5267, commits[dd0a3b65-d36c-4f93-b232-3c8e6f6667b6:c5269]
2019-09-18 13:04:47,710 [grpc-default-executor-1] INFO  client.GrpcClientProtocolClient (GrpcClientProtocolClient.java:onNext(264)) - client-8C798EE064B2->dd0a3b65-d36c-4f93-b232-3c8e6f6667b6: receive RaftClientReply:client-8C798EE064B2->dd0a3b65-d36c-4f93-b232-3c8e6f6667b6@group-B02456D89C11, cid=3760, SUCCESS, logIndex=5268, commits[dd0a3b65-d36c-4f93-b232-3c8e6f6667b6:c5269]
2019-09-18 13:04:47,734 [SCMBlockDeletingService#1] DEBUG block.SCMBlockDeletingService (SCMBlockDeletingService.java:call(138)) - Running DeletedBlockTransactionScanner
2019-09-18 13:04:47,734 [SCMBlockDeletingService#1] DEBUG block.SCMBlockDeletingService (SCMBlockDeletingService.java:call(155)) - Scanned deleted blocks log and got 0 delTX to process.
2019-09-18 13:04:47,745 [grpc-default-executor-1] INFO  client.GrpcClientProtocolClient (GrpcClientProtocolClient.java:onNext(264)) - client-8C798EE064B2->dd0a3b65-d36c-4f93-b232-3c8e6f6667b6: receive RaftClientReply:client-8C798EE064B2->dd0a3b65-d36c-4f93-b232-3c8e6f6667b6@group-B02456D89C11, cid=3761, SUCCESS, logIndex=5270, commits[dd0a3b65-d36c-4f93-b232-3c8e6f6667b6:c5273]
2019-09-18 13:04:47,746 [grpc-default-executor-1] INFO  client.GrpcClientProtocolClient (GrpcClientProtocolClient.java:onNext(264)) - client-8C798EE064B2->dd0a3b65-d36c-4f93-b232-3c8e6f6667b6: receive RaftClientReply:client-8C798EE064B2->dd0a3b65-d36c-4f93-b232-3c8e6f6667b6@group-B02456D89C11, cid=3762, SUCCESS, logIndex=5271, commits[dd0a3b65-d36c-4f93-b232-3c8e6f6667b6:c5274]
2019-09-18 13:04:47,746 [grpc-default-executor-1] INFO  client.GrpcClientProtocolClient (GrpcClientProtocolClient.java:onNext(264)) - client-8C798EE064B2->dd0a3b65-d36c-4f93-b232-3c8e6f6667b6: receive RaftClientReply:client-8C798EE064B2->dd0a3b65-d36c-4f93-b232-3c8e6f6667b6@group-B02456D89C11, cid=3763, SUCCESS, logIndex=5272, commits[dd0a3b65-d36c-4f93-b232-3c8e6f6667b6:c5274]
2019-09-18 13:04:47,746 [grpc-default-executor-1] INFO  client.GrpcClientProtocolClient (GrpcClientProtocolClient.java:onNext(264)) - client-8C798EE064B2->dd0a3b65-d36c-4f93-b232-3c8e6f6667b6: receive RaftClientReply:client-8C798EE064B2->dd0a3b65-d36c-4f93-b232-3c8e6f6667b6@group-B02456D89C11, cid=3764, SUCCESS, logIndex=5273, commits[dd0a3b65-d36c-4f93-b232-3c8e6f6667b6:c5274]
2019-09-18 13:04:47,769 [grpc-default-executor-0] INFO  client.GrpcClientProtocolClient (GrpcClientProtocolClient.java:onNext(264)) - client-8C798EE064B2->dd0a3b65-d36c-4f93-b232-3c8e6f6667b6: receive RaftClientReply:client-8C798EE064B2->dd0a3b65-d36c-4f93-b232-3c8e6f6667b6@group-B02456D89C11, cid=3765, SUCCESS, logIndex=5275, commits[dd0a3b65-d36c-4f93-b232-3c8e6f6667b6:c5278]
2019-09-18 13:04:47,769 [grpc-default-executor-0] INFO  client.GrpcClientProtocolClient (GrpcClientProtocolClient.java:onNext(264)) - client-8C798EE064B2->dd0a3b65-d36c-4f93-b232-3c8e6f6667b6: receive RaftClientReply:client-8C798EE064B2->dd0a3b65-d36c-4f93-b232-3c8e6f6667b6@group-B02456D89C11, cid=3766, SUCCESS, logIndex=5276, commits[dd0a3b65-d36c-4f93-b232-3c8e6f6667b6:c5279]
2019-09-18 13:04:47,769 [grpc-default-executor-0] INFO  client.GrpcClientProtocolClient (GrpcClientProtocolClient.java:onNext(264)) - client-8C798EE064B2->dd0a3b65-d36c-4f93-b232-3c8e6f6667b6: receive RaftClientReply:client-8C798EE064B2->dd0a3b65-d36c-4f93-b232-3c8e6f6667b6@group-B02456D89C11, cid=3767, SUCCESS, logIndex=5277, commits[dd0a3b65-d36c-4f93-b232-3c8e6f6667b6:c5279]
2019-09-18 13:04:47,770 [grpc-default-executor-0] INFO  client.GrpcClientProtocolClient (GrpcClientProtocolClient.java:onNext(264)) - client-8C798EE064B2->dd0a3b65-d36c-4f93-b232-3c8e6f6667b6: receive RaftClientReply:client-8C798EE064B2->dd0a3b65-d36c-4f93-b232-3c8e6f6667b6@group-B02456D89C11, cid=3768, SUCCESS, logIndex=5278, commits[dd0a3b65-d36c-4f93-b232-3c8e6f6667b6:c5279]
2019-09-18 13:04:47,803 [grpc-default-executor-1] INFO  client.GrpcClientProtocolClient (GrpcClientProtocolClient.java:onNext(264)) - client-8C798EE064B2->dd0a3b65-d36c-4f93-b232-3c8e6f6667b6: receive RaftClientReply:client-8C798EE064B2->dd0a3b65-d36c-4f93-b232-3c8e6f6667b6@group-B02456D89C11, cid=3769, SUCCESS, logIndex=5280, commits[dd0a3b65-d36c-4f93-b232-3c8e6f6667b6:c5283]
2019-09-18 13:04:47,804 [grpc-default-executor-1] INFO  client.GrpcClientProtocolClient (GrpcClientProtocolClient.java:onNext(264)) - client-8C798EE064B2->dd0a3b65-d36c-4f93-b232-3c8e6f6667b6: receive RaftClientReply:client-8C798EE064B2->dd0a3b65-d36c-4f93-b232-3c8e6f6667b6@group-B02456D89C11, cid=3770, SUCCESS, logIndex=5281, commits[dd0a3b65-d36c-4f93-b232-3c8e6f6667b6:c5284]
2019-09-18 13:04:47,804 [grpc-default-executor-1] INFO  client.GrpcClientProtocolClient (GrpcClientProtocolClient.java:onNext(264)) - client-8C798EE064B2->dd0a3b65-d36c-4f93-b232-3c8e6f6667b6: receive RaftClientReply:client-8C798EE064B2->dd0a3b65-d36c-4f93-b232-3c8e6f6667b6@group-B02456D89C11, cid=3771, SUCCESS, logIndex=5282, commits[dd0a3b65-d36c-4f93-b232-3c8e6f6667b6:c5284]
2019-09-18 13:04:47,804 [grpc-default-executor-1] INFO  client.GrpcClientProtocolClient (GrpcClientProtocolClient.java:onNext(264)) - client-8C798EE064B2->dd0a3b65-d36c-4f93-b232-3c8e6f6667b6: receive RaftClientReply:client-8C798EE064B2->dd0a3b65-d36c-4f93-b232-3c8e6f6667b6@group-B02456D89C11, cid=3772, SUCCESS, logIndex=5283, commits[dd0a3b65-d36c-4f93-b232-3c8e6f6667b6:c5284]
2019-09-18 13:04:47,827 [grpc-default-executor-1] INFO  client.GrpcClientProtocolClient (GrpcClientProtocolClient.java:onNext(264)) - client-8C798EE064B2->dd0a3b65-d36c-4f93-b232-3c8e6f6667b6: receive RaftClientReply:client-8C798EE064B2->dd0a3b65-d36c-4f93-b232-3c8e6f6667b6@group-B02456D89C11, cid=3773, SUCCESS, logIndex=5285, commits[dd0a3b65-d36c-4f93-b232-3c8e6f6667b6:c5288]
2019-09-18 13:04:47,827 [grpc-default-executor-1] INFO  client.GrpcClientProtocolClient (GrpcClientProtocolClient.java:onNext(264)) - client-8C798EE064B2->dd0a3b65-d36c-4f93-b232-3c8e6f6667b6: receive RaftClientReply:client-8C798EE064B2->dd0a3b65-d36c-4f93-b232-3c8e6f6667b6@group-B02456D89C11, cid=3774, SUCCESS, logIndex=5286, commits[dd0a3b65-d36c-4f93-b232-3c8e6f6667b6:c5289]
2019-09-18 13:04:47,827 [grpc-default-executor-1] INFO  client.GrpcClientProtocolClient (GrpcClientProtocolClient.java:onNext(264)) - client-8C798EE064B2->dd0a3b65-d36c-4f93-b232-3c8e6f6667b6: receive RaftClientReply:client-8C798EE064B2->dd0a3b65-d36c-4f93-b232-3c8e6f6667b6@group-B02456D89C11, cid=3775, SUCCESS, logIndex=5287, commits[dd0a3b65-d36c-4f93-b232-3c8e6f6667b6:c5289]
2019-09-18 13:04:47,828 [grpc-default-executor-1] INFO  client.GrpcClientProtocolClient (GrpcClientProtocolClient.java:onNext(264)) - client-8C798EE064B2->dd0a3b65-d36c-4f93-b232-3c8e6f6667b6: receive RaftClientReply:client-8C798EE064B2->dd0a3b65-d36c-4f93-b232-3c8e6f6667b6@group-B02456D89C11, cid=3776, SUCCESS, logIndex=5288, commits[dd0a3b65-d36c-4f93-b232-3c8e6f6667b6:c5289]
2019-09-18 13:04:47,835 [SCMBlockDeletingService#1] DEBUG block.SCMBlockDeletingService (SCMBlockDeletingService.java:call(138)) - Running DeletedBlockTransactionScanner
2019-09-18 13:04:47,835 [SCMBlockDeletingService#1] DEBUG block.SCMBlockDeletingService (SCMBlockDeletingService.java:call(155)) - Scanned deleted blocks log and got 0 delTX to process.
2019-09-18 13:04:47,857 [grpc-default-executor-1] INFO  client.GrpcClientProtocolClient (GrpcClientProtocolClient.java:onNext(264)) - client-8C798EE064B2->dd0a3b65-d36c-4f93-b232-3c8e6f6667b6: receive RaftClientReply:client-8C798EE064B2->dd0a3b65-d36c-4f93-b232-3c8e6f6667b6@group-B02456D89C11, cid=3777, SUCCESS, logIndex=5290, commits[dd0a3b65-d36c-4f93-b232-3c8e6f6667b6:c5291]
2019-09-18 13:04:47,858 [grpc-default-executor-1] INFO  client.GrpcClientProtocolClient (GrpcClientProtocolClient.java:onNext(264)) - client-8C798EE064B2->dd0a3b65-d36c-4f93-b232-3c8e6f6667b6: receive RaftClientReply:client-8C798EE064B2->dd0a3b65-d36c-4f93-b232-3c8e6f6667b6@group-B02456D89C11, cid=3778, SUCCESS, logIndex=5291, commits[dd0a3b65-d36c-4f93-b232-3c8e6f6667b6:c5293]
2019-09-18 13:04:47,858 [grpc-default-executor-1] INFO  client.GrpcClientProtocolClient (GrpcClientProtocolClient.java:onNext(264)) - client-8C798EE064B2->dd0a3b65-d36c-4f93-b232-3c8e6f6667b6: receive RaftClientReply:client-8C798EE064B2->dd0a3b65-d36c-4f93-b232-3c8e6f6667b6@group-B02456D89C11, cid=3779, SUCCESS, logIndex=5292, commits[dd0a3b65-d36c-4f93-b232-3c8e6f6667b6:c5293]
2019-09-18 13:04:47,859 [grpc-default-executor-1] INFO  client.GrpcClientProtocolClient (GrpcClientProtocolClient.java:onNext(264)) - client-8C798EE064B2->dd0a3b65-d36c-4f93-b232-3c8e6f6667b6: receive RaftClientReply:client-8C798EE064B2->dd0a3b65-d36c-4f93-b232-3c8e6f6667b6@group-B02456D89C11, cid=3780, SUCCESS, logIndex=5293, commits[dd0a3b65-d36c-4f93-b232-3c8e6f6667b6:c5294]
2019-09-18 13:04:47,890 [grpc-default-executor-0] INFO  client.GrpcClientProtocolClient (GrpcClientProtocolClient.java:onNext(264)) - client-8C798EE064B2->dd0a3b65-d36c-4f93-b232-3c8e6f6667b6: receive RaftClientReply:client-8C798EE064B2->dd0a3b65-d36c-4f93-b232-3c8e6f6667b6@group-B02456D89C11, cid=3781, SUCCESS, logIndex=5296, commits[dd0a3b65-d36c-4f93-b232-3c8e6f6667b6:c5299]
2019-09-18 13:04:47,891 [grpc-default-executor-0] INFO  client.GrpcClientProtocolClient (GrpcClientProtocolClient.java:onNext(264)) - client-8C798EE064B2->dd0a3b65-d36c-4f93-b232-3c8e6f6667b6: receive RaftClientReply:client-8C798EE064B2->dd0a3b65-d36c-4f93-b232-3c8e6f6667b6@group-B02456D89C11, cid=3782, SUCCESS, logIndex=5297, commits[dd0a3b65-d36c-4f93-b232-3c8e6f6667b6:c5300]
2019-09-18 13:04:47,891 [grpc-default-executor-0] INFO  client.GrpcClientProtocolClient (GrpcClientProtocolClient.java:onNext(264)) - client-8C798EE064B2->dd0a3b65-d36c-4f93-b232-3c8e6f6667b6: receive RaftClientReply:client-8C798EE064B2->dd0a3b65-d36c-4f93-b232-3c8e6f6667b6@group-B02456D89C11, cid=3783, SUCCESS, logIndex=5298, commits[dd0a3b65-d36c-4f93-b232-3c8e6f6667b6:c5300]
2019-09-18 13:04:47,891 [grpc-default-executor-0] INFO  client.GrpcClientProtocolClient (GrpcClientProtocolClient.java:onNext(264)) - client-8C798EE064B2->dd0a3b65-d36c-4f93-b232-3c8e6f6667b6: receive RaftClientReply:client-8C798EE064B2->dd0a3b65-d36c-4f93-b232-3c8e6f6667b6@group-B02456D89C11, cid=3784, SUCCESS, logIndex=5299, commits[dd0a3b65-d36c-4f93-b232-3c8e6f6667b6:c5300]
2019-09-18 13:04:47,928 [grpc-default-executor-1] INFO  client.GrpcClientProtocolClient (GrpcClientProtocolClient.java:onNext(264)) - client-8C798EE064B2->dd0a3b65-d36c-4f93-b232-3c8e6f6667b6: receive RaftClientReply:client-8C798EE064B2->dd0a3b65-d36c-4f93-b232-3c8e6f6667b6@group-B02456D89C11, cid=3785, SUCCESS, logIndex=5301, commits[dd0a3b65-d36c-4f93-b232-3c8e6f6667b6:c5302]
2019-09-18 13:04:47,929 [grpc-default-executor-1] INFO  client.GrpcClientProtocolClient (GrpcClientProtocolClient.java:onNext(264)) - client-8C798EE064B2->dd0a3b65-d36c-4f93-b232-3c8e6f6667b6: receive RaftClientReply:client-8C798EE064B2->dd0a3b65-d36c-4f93-b232-3c8e6f6667b6@group-B02456D89C11, cid=3786, SUCCESS, logIndex=5302, commits[dd0a3b65-d36c-4f93-b232-3c8e6f6667b6:c5302]
2019-09-18 13:04:47,932 [grpc-default-executor-1] INFO  client.GrpcClientProtocolClient (GrpcClientProtocolClient.java:onNext(264)) - client-8C798EE064B2->dd0a3b65-d36c-4f93-b232-3c8e6f6667b6: receive RaftClientReply:client-8C798EE064B2->dd0a3b65-d36c-4f93-b232-3c8e6f6667b6@group-B02456D89C11, cid=3787, SUCCESS, logIndex=5303, commits[dd0a3b65-d36c-4f93-b232-3c8e6f6667b6:c5304]
2019-09-18 13:04:47,932 [grpc-default-executor-1] INFO  client.GrpcClientProtocolClient (GrpcClientProtocolClient.java:onNext(264)) - client-8C798EE064B2->dd0a3b65-d36c-4f93-b232-3c8e6f6667b6: receive RaftClientReply:client-8C798EE064B2->dd0a3b65-d36c-4f93-b232-3c8e6f6667b6@group-B02456D89C11, cid=3788, SUCCESS, logIndex=5304, commits[dd0a3b65-d36c-4f93-b232-3c8e6f6667b6:c5305]
2019-09-18 13:04:47,935 [SCMBlockDeletingService#1] DEBUG block.SCMBlockDeletingService (SCMBlockDeletingService.java:call(138)) - Running DeletedBlockTransactionScanner
2019-09-18 13:04:47,936 [SCMBlockDeletingService#1] DEBUG block.SCMBlockDeletingService (SCMBlockDeletingService.java:call(155)) - Scanned deleted blocks log and got 0 delTX to process.
2019-09-18 13:04:47,954 [grpc-default-executor-0] INFO  client.GrpcClientProtocolClient (GrpcClientProtocolClient.java:onNext(264)) - client-8C798EE064B2->dd0a3b65-d36c-4f93-b232-3c8e6f6667b6: receive RaftClientReply:client-8C798EE064B2->dd0a3b65-d36c-4f93-b232-3c8e6f6667b6@group-B02456D89C11, cid=3789, SUCCESS, logIndex=5307, commits[dd0a3b65-d36c-4f93-b232-3c8e6f6667b6:c5308]
2019-09-18 13:04:47,954 [grpc-default-executor-0] INFO  client.GrpcClientProtocolClient (GrpcClientProtocolClient.java:onNext(264)) - client-8C798EE064B2->dd0a3b65-d36c-4f93-b232-3c8e6f6667b6: receive RaftClientReply:client-8C798EE064B2->dd0a3b65-d36c-4f93-b232-3c8e6f6667b6@group-B02456D89C11, cid=3790, SUCCESS, logIndex=5308, commits[dd0a3b65-d36c-4f93-b232-3c8e6f6667b6:c5308]
2019-09-18 13:04:47,956 [grpc-default-executor-0] INFO  client.GrpcClientProtocolClient (GrpcClientProtocolClient.java:onNext(264)) - client-8C798EE064B2->dd0a3b65-d36c-4f93-b232-3c8e6f6667b6: receive RaftClientReply:client-8C798EE064B2->dd0a3b65-d36c-4f93-b232-3c8e6f6667b6@group-B02456D89C11, cid=3791, SUCCESS, logIndex=5309, commits[dd0a3b65-d36c-4f93-b232-3c8e6f6667b6:c5310]
2019-09-18 13:04:47,957 [grpc-default-executor-0] INFO  client.GrpcClientProtocolClient (GrpcClientProtocolClient.java:onNext(264)) - client-8C798EE064B2->dd0a3b65-d36c-4f93-b232-3c8e6f6667b6: receive RaftClientReply:client-8C798EE064B2->dd0a3b65-d36c-4f93-b232-3c8e6f6667b6@group-B02456D89C11, cid=3792, SUCCESS, logIndex=5310, commits[dd0a3b65-d36c-4f93-b232-3c8e6f6667b6:c5310]
2019-09-18 13:04:47,990 [grpc-default-executor-0] INFO  client.GrpcClientProtocolClient (GrpcClientProtocolClient.java:onNext(264)) - client-8C798EE064B2->dd0a3b65-d36c-4f93-b232-3c8e6f6667b6: receive RaftClientReply:client-8C798EE064B2->dd0a3b65-d36c-4f93-b232-3c8e6f6667b6@group-B02456D89C11, cid=3793, SUCCESS, logIndex=5313, commits[dd0a3b65-d36c-4f93-b232-3c8e6f6667b6:c5314]
2019-09-18 13:04:47,990 [grpc-default-executor-0] INFO  client.GrpcClientProtocolClient (GrpcClientProtocolClient.java:onNext(264)) - client-8C798EE064B2->dd0a3b65-d36c-4f93-b232-3c8e6f6667b6: receive RaftClientReply:client-8C798EE064B2->dd0a3b65-d36c-4f93-b232-3c8e6f6667b6@group-B02456D89C11, cid=3794, SUCCESS, logIndex=5314, commits[dd0a3b65-d36c-4f93-b232-3c8e6f6667b6:c5316]
2019-09-18 13:04:47,991 [grpc-default-executor-0] INFO  client.GrpcClientProtocolClient (GrpcClientProtocolClient.java:onNext(264)) - client-8C798EE064B2->dd0a3b65-d36c-4f93-b232-3c8e6f6667b6: receive RaftClientReply:client-8C798EE064B2->dd0a3b65-d36c-4f93-b232-3c8e6f6667b6@group-B02456D89C11, cid=3795, SUCCESS, logIndex=5315, commits[dd0a3b65-d36c-4f93-b232-3c8e6f6667b6:c5316]
2019-09-18 13:04:47,991 [grpc-default-executor-0] INFO  client.GrpcClientProtocolClient (GrpcClientProtocolClient.java:onNext(264)) - client-8C798EE064B2->dd0a3b65-d36c-4f93-b232-3c8e6f6667b6: receive RaftClientReply:client-8C798EE064B2->dd0a3b65-d36c-4f93-b232-3c8e6f6667b6@group-B02456D89C11, cid=3796, SUCCESS, logIndex=5316, commits[dd0a3b65-d36c-4f93-b232-3c8e6f6667b6:c5317]
2019-09-18 13:04:48,012 [grpc-default-executor-0] INFO  client.GrpcClientProtocolClient (GrpcClientProtocolClient.java:onNext(264)) - client-8C798EE064B2->dd0a3b65-d36c-4f93-b232-3c8e6f6667b6: receive RaftClientReply:client-8C798EE064B2->dd0a3b65-d36c-4f93-b232-3c8e6f6667b6@group-B02456D89C11, cid=3797, SUCCESS, logIndex=5319, commits[dd0a3b65-d36c-4f93-b232-3c8e6f6667b6:c5320]
2019-09-18 13:04:48,012 [grpc-default-executor-0] INFO  client.GrpcClientProtocolClient (GrpcClientProtocolClient.java:onNext(264)) - client-8C798EE064B2->dd0a3b65-d36c-4f93-b232-3c8e6f6667b6: receive RaftClientReply:client-8C798EE064B2->dd0a3b65-d36c-4f93-b232-3c8e6f6667b6@group-B02456D89C11, cid=3798, SUCCESS, logIndex=5320, commits[dd0a3b65-d36c-4f93-b232-3c8e6f6667b6:c5322]
2019-09-18 13:04:48,013 [grpc-default-executor-0] INFO  client.GrpcClientProtocolClient (GrpcClientProtocolClient.java:onNext(264)) - client-8C798EE064B2->dd0a3b65-d36c-4f93-b232-3c8e6f6667b6: receive RaftClientReply:client-8C798EE064B2->dd0a3b65-d36c-4f93-b232-3c8e6f6667b6@group-B02456D89C11, cid=3799, SUCCESS, logIndex=5321, commits[dd0a3b65-d36c-4f93-b232-3c8e6f6667b6:c5322]
2019-09-18 13:04:48,013 [grpc-default-executor-0] INFO  client.GrpcClientProtocolClient (GrpcClientProtocolClient.java:onNext(264)) - client-8C798EE064B2->dd0a3b65-d36c-4f93-b232-3c8e6f6667b6: receive RaftClientReply:client-8C798EE064B2->dd0a3b65-d36c-4f93-b232-3c8e6f6667b6@group-B02456D89C11, cid=3800, SUCCESS, logIndex=5322, commits[dd0a3b65-d36c-4f93-b232-3c8e6f6667b6:c5323]
2019-09-18 13:04:48,036 [SCMBlockDeletingService#1] DEBUG block.SCMBlockDeletingService (SCMBlockDeletingService.java:call(138)) - Running DeletedBlockTransactionScanner
2019-09-18 13:04:48,036 [SCMBlockDeletingService#1] DEBUG block.SCMBlockDeletingService (SCMBlockDeletingService.java:call(155)) - Scanned deleted blocks log and got 0 delTX to process.
2019-09-18 13:04:48,137 [SCMBlockDeletingService#1] DEBUG block.SCMBlockDeletingService (SCMBlockDeletingService.java:call(138)) - Running DeletedBlockTransactionScanner
2019-09-18 13:04:48,137 [SCMBlockDeletingService#1] DEBUG block.SCMBlockDeletingService (SCMBlockDeletingService.java:call(155)) - Scanned deleted blocks log and got 0 delTX to process.
2019-09-18 13:04:48,167 [grpc-default-executor-0] INFO  client.GrpcClientProtocolClient (GrpcClientProtocolClient.java:onNext(264)) - client-8C798EE064B2->dd0a3b65-d36c-4f93-b232-3c8e6f6667b6: receive RaftClientReply:client-8C798EE064B2->dd0a3b65-d36c-4f93-b232-3c8e6f6667b6@group-B02456D89C11, cid=3801, SUCCESS, logIndex=5325, commits[dd0a3b65-d36c-4f93-b232-3c8e6f6667b6:c5326]
2019-09-18 13:04:48,167 [grpc-default-executor-0] INFO  client.GrpcClientProtocolClient (GrpcClientProtocolClient.java:onNext(264)) - client-8C798EE064B2->dd0a3b65-d36c-4f93-b232-3c8e6f6667b6: receive RaftClientReply:client-8C798EE064B2->dd0a3b65-d36c-4f93-b232-3c8e6f6667b6@group-B02456D89C11, cid=3802, SUCCESS, logIndex=5326, commits[dd0a3b65-d36c-4f93-b232-3c8e6f6667b6:c5328]
2019-09-18 13:04:48,168 [grpc-default-executor-0] INFO  client.GrpcClientProtocolClient (GrpcClientProtocolClient.java:onNext(264)) - client-8C798EE064B2->dd0a3b65-d36c-4f93-b232-3c8e6f6667b6: receive RaftClientReply:client-8C798EE064B2->dd0a3b65-d36c-4f93-b232-3c8e6f6667b6@group-B02456D89C11, cid=3803, SUCCESS, logIndex=5327, commits[dd0a3b65-d36c-4f93-b232-3c8e6f6667b6:c5328]
2019-09-18 13:04:48,168 [grpc-default-executor-0] INFO  client.GrpcClientProtocolClient (GrpcClientProtocolClient.java:onNext(264)) - client-8C798EE064B2->dd0a3b65-d36c-4f93-b232-3c8e6f6667b6: receive RaftClientReply:client-8C798EE064B2->dd0a3b65-d36c-4f93-b232-3c8e6f6667b6@group-B02456D89C11, cid=3804, SUCCESS, logIndex=5328, commits[dd0a3b65-d36c-4f93-b232-3c8e6f6667b6:c5329]
2019-09-18 13:04:48,188 [grpc-default-executor-1] INFO  client.GrpcClientProtocolClient (GrpcClientProtocolClient.java:onNext(264)) - client-8C798EE064B2->dd0a3b65-d36c-4f93-b232-3c8e6f6667b6: receive RaftClientReply:client-8C798EE064B2->dd0a3b65-d36c-4f93-b232-3c8e6f6667b6@group-B02456D89C11, cid=3805, SUCCESS, logIndex=5331, commits[dd0a3b65-d36c-4f93-b232-3c8e6f6667b6:c5332]
2019-09-18 13:04:48,189 [grpc-default-executor-1] INFO  client.GrpcClientProtocolClient (GrpcClientProtocolClient.java:onNext(264)) - client-8C798EE064B2->dd0a3b65-d36c-4f93-b232-3c8e6f6667b6: receive RaftClientReply:client-8C798EE064B2->dd0a3b65-d36c-4f93-b232-3c8e6f6667b6@group-B02456D89C11, cid=3806, SUCCESS, logIndex=5332, commits[dd0a3b65-d36c-4f93-b232-3c8e6f6667b6:c5334]
2019-09-18 13:04:48,189 [grpc-default-executor-0] INFO  client.GrpcClientProtocolClient (GrpcClientProtocolClient.java:onNext(264)) - client-8C798EE064B2->dd0a3b65-d36c-4f93-b232-3c8e6f6667b6: receive RaftClientReply:client-8C798EE064B2->dd0a3b65-d36c-4f93-b232-3c8e6f6667b6@group-B02456D89C11, cid=3807, SUCCESS, logIndex=5333, commits[dd0a3b65-d36c-4f93-b232-3c8e6f6667b6:c5334]
2019-09-18 13:04:48,189 [grpc-default-executor-0] INFO  client.GrpcClientProtocolClient (GrpcClientProtocolClient.java:onNext(264)) - client-8C798EE064B2->dd0a3b65-d36c-4f93-b232-3c8e6f6667b6: receive RaftClientReply:client-8C798EE064B2->dd0a3b65-d36c-4f93-b232-3c8e6f6667b6@group-B02456D89C11, cid=3808, SUCCESS, logIndex=5334, commits[dd0a3b65-d36c-4f93-b232-3c8e6f6667b6:c5335]
2019-09-18 13:04:48,221 [grpc-default-executor-1] INFO  client.GrpcClientProtocolClient (GrpcClientProtocolClient.java:onNext(264)) - client-8C798EE064B2->dd0a3b65-d36c-4f93-b232-3c8e6f6667b6: receive RaftClientReply:client-8C798EE064B2->dd0a3b65-d36c-4f93-b232-3c8e6f6667b6@group-B02456D89C11, cid=3809, SUCCESS, logIndex=5337, commits[dd0a3b65-d36c-4f93-b232-3c8e6f6667b6:c5338]
2019-09-18 13:04:48,223 [grpc-default-executor-1] INFO  client.GrpcClientProtocolClient (GrpcClientProtocolClient.java:onNext(264)) - client-8C798EE064B2->dd0a3b65-d36c-4f93-b232-3c8e6f6667b6: receive RaftClientReply:client-8C798EE064B2->dd0a3b65-d36c-4f93-b232-3c8e6f6667b6@group-B02456D89C11, cid=3810, SUCCESS, logIndex=5338, commits[dd0a3b65-d36c-4f93-b232-3c8e6f6667b6:c5340]
2019-09-18 13:04:48,224 [grpc-default-executor-1] INFO  client.GrpcClientProtocolClient (GrpcClientProtocolClient.java:onNext(264)) - client-8C798EE064B2->dd0a3b65-d36c-4f93-b232-3c8e6f6667b6: receive RaftClientReply:client-8C798EE064B2->dd0a3b65-d36c-4f93-b232-3c8e6f6667b6@group-B02456D89C11, cid=3811, SUCCESS, logIndex=5339, commits[dd0a3b65-d36c-4f93-b232-3c8e6f6667b6:c5340]
2019-09-18 13:04:48,224 [grpc-default-executor-1] INFO  client.GrpcClientProtocolClient (GrpcClientProtocolClient.java:onNext(264)) - client-8C798EE064B2->dd0a3b65-d36c-4f93-b232-3c8e6f6667b6: receive RaftClientReply:client-8C798EE064B2->dd0a3b65-d36c-4f93-b232-3c8e6f6667b6@group-B02456D89C11, cid=3812, SUCCESS, logIndex=5340, commits[dd0a3b65-d36c-4f93-b232-3c8e6f6667b6:c5340]
2019-09-18 13:04:48,237 [SCMBlockDeletingService#1] DEBUG block.SCMBlockDeletingService (SCMBlockDeletingService.java:call(138)) - Running DeletedBlockTransactionScanner
2019-09-18 13:04:48,238 [SCMBlockDeletingService#1] DEBUG block.SCMBlockDeletingService (SCMBlockDeletingService.java:call(155)) - Scanned deleted blocks log and got 0 delTX to process.
2019-09-18 13:04:48,245 [grpc-default-executor-0] INFO  client.GrpcClientProtocolClient (GrpcClientProtocolClient.java:onNext(264)) - client-8C798EE064B2->dd0a3b65-d36c-4f93-b232-3c8e6f6667b6: receive RaftClientReply:client-8C798EE064B2->dd0a3b65-d36c-4f93-b232-3c8e6f6667b6@group-B02456D89C11, cid=3813, SUCCESS, logIndex=5343, commits[dd0a3b65-d36c-4f93-b232-3c8e6f6667b6:c5344]
2019-09-18 13:04:48,246 [grpc-default-executor-0] INFO  client.GrpcClientProtocolClient (GrpcClientProtocolClient.java:onNext(264)) - client-8C798EE064B2->dd0a3b65-d36c-4f93-b232-3c8e6f6667b6: receive RaftClientReply:client-8C798EE064B2->dd0a3b65-d36c-4f93-b232-3c8e6f6667b6@group-B02456D89C11, cid=3814, SUCCESS, logIndex=5344, commits[dd0a3b65-d36c-4f93-b232-3c8e6f6667b6:c5344]
2019-09-18 13:04:48,247 [grpc-default-executor-0] INFO  client.GrpcClientProtocolClient (GrpcClientProtocolClient.java:onNext(264)) - client-8C798EE064B2->dd0a3b65-d36c-4f93-b232-3c8e6f6667b6: receive RaftClientReply:client-8C798EE064B2->dd0a3b65-d36c-4f93-b232-3c8e6f6667b6@group-B02456D89C11, cid=3815, SUCCESS, logIndex=5345, commits[dd0a3b65-d36c-4f93-b232-3c8e6f6667b6:c5346]
2019-09-18 13:04:48,248 [grpc-default-executor-0] INFO  client.GrpcClientProtocolClient (GrpcClientProtocolClient.java:onNext(264)) - client-8C798EE064B2->dd0a3b65-d36c-4f93-b232-3c8e6f6667b6: receive RaftClientReply:client-8C798EE064B2->dd0a3b65-d36c-4f93-b232-3c8e6f6667b6@group-B02456D89C11, cid=3816, SUCCESS, logIndex=5346, commits[dd0a3b65-d36c-4f93-b232-3c8e6f6667b6:c5346]
2019-09-18 13:04:48,286 [grpc-default-executor-0] INFO  client.GrpcClientProtocolClient (GrpcClientProtocolClient.java:onNext(264)) - client-8C798EE064B2->dd0a3b65-d36c-4f93-b232-3c8e6f6667b6: receive RaftClientReply:client-8C798EE064B2->dd0a3b65-d36c-4f93-b232-3c8e6f6667b6@group-B02456D89C11, cid=3817, SUCCESS, logIndex=5349, commits[dd0a3b65-d36c-4f93-b232-3c8e6f6667b6:c5350]
2019-09-18 13:04:48,287 [grpc-default-executor-0] INFO  client.GrpcClientProtocolClient (GrpcClientProtocolClient.java:onNext(264)) - client-8C798EE064B2->dd0a3b65-d36c-4f93-b232-3c8e6f6667b6: receive RaftClientReply:client-8C798EE064B2->dd0a3b65-d36c-4f93-b232-3c8e6f6667b6@group-B02456D89C11, cid=3818, SUCCESS, logIndex=5350, commits[dd0a3b65-d36c-4f93-b232-3c8e6f6667b6:c5352]
2019-09-18 13:04:48,287 [grpc-default-executor-0] INFO  client.GrpcClientProtocolClient (GrpcClientProtocolClient.java:onNext(264)) - client-8C798EE064B2->dd0a3b65-d36c-4f93-b232-3c8e6f6667b6: receive RaftClientReply:client-8C798EE064B2->dd0a3b65-d36c-4f93-b232-3c8e6f6667b6@group-B02456D89C11, cid=3819, SUCCESS, logIndex=5351, commits[dd0a3b65-d36c-4f93-b232-3c8e6f6667b6:c5352]
2019-09-18 13:04:48,287 [grpc-default-executor-0] INFO  client.GrpcClientProtocolClient (GrpcClientProtocolClient.java:onNext(264)) - client-8C798EE064B2->dd0a3b65-d36c-4f93-b232-3c8e6f6667b6: receive RaftClientReply:client-8C798EE064B2->dd0a3b65-d36c-4f93-b232-3c8e6f6667b6@group-B02456D89C11, cid=3820, SUCCESS, logIndex=5352, commits[dd0a3b65-d36c-4f93-b232-3c8e6f6667b6:c5353]
2019-09-18 13:04:48,310 [grpc-default-executor-0] INFO  client.GrpcClientProtocolClient (GrpcClientProtocolClient.java:onNext(264)) - client-8C798EE064B2->dd0a3b65-d36c-4f93-b232-3c8e6f6667b6: receive RaftClientReply:client-8C798EE064B2->dd0a3b65-d36c-4f93-b232-3c8e6f6667b6@group-B02456D89C11, cid=3821, SUCCESS, logIndex=5355, commits[dd0a3b65-d36c-4f93-b232-3c8e6f6667b6:c5356]
2019-09-18 13:04:48,311 [grpc-default-executor-0] INFO  client.GrpcClientProtocolClient (GrpcClientProtocolClient.java:onNext(264)) - client-8C798EE064B2->dd0a3b65-d36c-4f93-b232-3c8e6f6667b6: receive RaftClientReply:client-8C798EE064B2->dd0a3b65-d36c-4f93-b232-3c8e6f6667b6@group-B02456D89C11, cid=3822, SUCCESS, logIndex=5356, commits[dd0a3b65-d36c-4f93-b232-3c8e6f6667b6:c5358]
2019-09-18 13:04:48,311 [grpc-default-executor-0] INFO  client.GrpcClientProtocolClient (GrpcClientProtocolClient.java:onNext(264)) - client-8C798EE064B2->dd0a3b65-d36c-4f93-b232-3c8e6f6667b6: receive RaftClientReply:client-8C798EE064B2->dd0a3b65-d36c-4f93-b232-3c8e6f6667b6@group-B02456D89C11, cid=3823, SUCCESS, logIndex=5357, commits[dd0a3b65-d36c-4f93-b232-3c8e6f6667b6:c5359]
2019-09-18 13:04:48,312 [grpc-default-executor-0] INFO  client.GrpcClientProtocolClient (GrpcClientProtocolClient.java:onNext(264)) - client-8C798EE064B2->dd0a3b65-d36c-4f93-b232-3c8e6f6667b6: receive RaftClientReply:client-8C798EE064B2->dd0a3b65-d36c-4f93-b232-3c8e6f6667b6@group-B02456D89C11, cid=3824, SUCCESS, logIndex=5358, commits[dd0a3b65-d36c-4f93-b232-3c8e6f6667b6:c5360]
2019-09-18 13:04:48,338 [SCMBlockDeletingService#1] DEBUG block.SCMBlockDeletingService (SCMBlockDeletingService.java:call(138)) - Running DeletedBlockTransactionScanner
2019-09-18 13:04:48,338 [SCMBlockDeletingService#1] DEBUG block.SCMBlockDeletingService (SCMBlockDeletingService.java:call(155)) - Scanned deleted blocks log and got 0 delTX to process.
2019-09-18 13:04:48,345 [grpc-default-executor-1] INFO  client.GrpcClientProtocolClient (GrpcClientProtocolClient.java:onNext(264)) - client-8C798EE064B2->dd0a3b65-d36c-4f93-b232-3c8e6f6667b6: receive RaftClientReply:client-8C798EE064B2->dd0a3b65-d36c-4f93-b232-3c8e6f6667b6@group-B02456D89C11, cid=3825, SUCCESS, logIndex=5361, commits[dd0a3b65-d36c-4f93-b232-3c8e6f6667b6:c5362]
2019-09-18 13:04:48,346 [grpc-default-executor-1] INFO  client.GrpcClientProtocolClient (GrpcClientProtocolClient.java:onNext(264)) - client-8C798EE064B2->dd0a3b65-d36c-4f93-b232-3c8e6f6667b6: receive RaftClientReply:client-8C798EE064B2->dd0a3b65-d36c-4f93-b232-3c8e6f6667b6@group-B02456D89C11, cid=3826, SUCCESS, logIndex=5362, commits[dd0a3b65-d36c-4f93-b232-3c8e6f6667b6:c5364]
2019-09-18 13:04:48,346 [grpc-default-executor-1] INFO  client.GrpcClientProtocolClient (GrpcClientProtocolClient.java:onNext(264)) - client-8C798EE064B2->dd0a3b65-d36c-4f93-b232-3c8e6f6667b6: receive RaftClientReply:client-8C798EE064B2->dd0a3b65-d36c-4f93-b232-3c8e6f6667b6@group-B02456D89C11, cid=3827, SUCCESS, logIndex=5363, commits[dd0a3b65-d36c-4f93-b232-3c8e6f6667b6:c5365]
2019-09-18 13:04:48,347 [grpc-default-executor-1] INFO  client.GrpcClientProtocolClient (GrpcClientProtocolClient.java:onNext(264)) - client-8C798EE064B2->dd0a3b65-d36c-4f93-b232-3c8e6f6667b6: receive RaftClientReply:client-8C798EE064B2->dd0a3b65-d36c-4f93-b232-3c8e6f6667b6@group-B02456D89C11, cid=3828, SUCCESS, logIndex=5364, commits[dd0a3b65-d36c-4f93-b232-3c8e6f6667b6:c5366]
2019-09-18 13:04:48,367 [grpc-default-executor-1] INFO  client.GrpcClientProtocolClient (GrpcClientProtocolClient.java:onNext(264)) - client-8C798EE064B2->dd0a3b65-d36c-4f93-b232-3c8e6f6667b6: receive RaftClientReply:client-8C798EE064B2->dd0a3b65-d36c-4f93-b232-3c8e6f6667b6@group-B02456D89C11, cid=3829, SUCCESS, logIndex=5367, commits[dd0a3b65-d36c-4f93-b232-3c8e6f6667b6:c5368]
2019-09-18 13:04:48,369 [grpc-default-executor-1] INFO  client.GrpcClientProtocolClient (GrpcClientProtocolClient.java:onNext(264)) - client-8C798EE064B2->dd0a3b65-d36c-4f93-b232-3c8e6f6667b6: receive RaftClientReply:client-8C798EE064B2->dd0a3b65-d36c-4f93-b232-3c8e6f6667b6@group-B02456D89C11, cid=3830, SUCCESS, logIndex=5368, commits[dd0a3b65-d36c-4f93-b232-3c8e6f6667b6:c5370]
2019-09-18 13:04:48,369 [grpc-default-executor-1] INFO  client.GrpcClientProtocolClient (GrpcClientProtocolClient.java:onNext(264)) - client-8C798EE064B2->dd0a3b65-d36c-4f93-b232-3c8e6f6667b6: receive RaftClientReply:client-8C798EE064B2->dd0a3b65-d36c-4f93-b232-3c8e6f6667b6@group-B02456D89C11, cid=3831, SUCCESS, logIndex=5369, commits[dd0a3b65-d36c-4f93-b232-3c8e6f6667b6:c5371]
2019-09-18 13:04:48,369 [grpc-default-executor-1] INFO  client.GrpcClientProtocolClient (GrpcClientProtocolClient.java:onNext(264)) - client-8C798EE064B2->dd0a3b65-d36c-4f93-b232-3c8e6f6667b6: receive RaftClientReply:client-8C798EE064B2->dd0a3b65-d36c-4f93-b232-3c8e6f6667b6@group-B02456D89C11, cid=3832, SUCCESS, logIndex=5370, commits[dd0a3b65-d36c-4f93-b232-3c8e6f6667b6:c5372]
2019-09-18 13:04:48,407 [grpc-default-executor-1] INFO  client.GrpcClientProtocolClient (GrpcClientProtocolClient.java:onNext(264)) - client-8C798EE064B2->dd0a3b65-d36c-4f93-b232-3c8e6f6667b6: receive RaftClientReply:client-8C798EE064B2->dd0a3b65-d36c-4f93-b232-3c8e6f6667b6@group-B02456D89C11, cid=3833, SUCCESS, logIndex=5373, commits[dd0a3b65-d36c-4f93-b232-3c8e6f6667b6:c5374]
2019-09-18 13:04:48,408 [grpc-default-executor-1] INFO  client.GrpcClientProtocolClient (GrpcClientProtocolClient.java:onNext(264)) - client-8C798EE064B2->dd0a3b65-d36c-4f93-b232-3c8e6f6667b6: receive RaftClientReply:client-8C798EE064B2->dd0a3b65-d36c-4f93-b232-3c8e6f6667b6@group-B02456D89C11, cid=3834, SUCCESS, logIndex=5374, commits[dd0a3b65-d36c-4f93-b232-3c8e6f6667b6:c5376]
2019-09-18 13:04:48,408 [grpc-default-executor-1] INFO  client.GrpcClientProtocolClient (GrpcClientProtocolClient.java:onNext(264)) - client-8C798EE064B2->dd0a3b65-d36c-4f93-b232-3c8e6f6667b6: receive RaftClientReply:client-8C798EE064B2->dd0a3b65-d36c-4f93-b232-3c8e6f6667b6@group-B02456D89C11, cid=3835, SUCCESS, logIndex=5375, commits[dd0a3b65-d36c-4f93-b232-3c8e6f6667b6:c5377]
2019-09-18 13:04:48,409 [grpc-default-executor-1] INFO  client.GrpcClientProtocolClient (GrpcClientProtocolClient.java:onNext(264)) - client-8C798EE064B2->dd0a3b65-d36c-4f93-b232-3c8e6f6667b6: receive RaftClientReply:client-8C798EE064B2->dd0a3b65-d36c-4f93-b232-3c8e6f6667b6@group-B02456D89C11, cid=3836, SUCCESS, logIndex=5376, commits[dd0a3b65-d36c-4f93-b232-3c8e6f6667b6:c5378]
2019-09-18 13:04:48,431 [grpc-default-executor-1] INFO  client.GrpcClientProtocolClient (GrpcClientProtocolClient.java:onNext(264)) - client-8C798EE064B2->dd0a3b65-d36c-4f93-b232-3c8e6f6667b6: receive RaftClientReply:client-8C798EE064B2->dd0a3b65-d36c-4f93-b232-3c8e6f6667b6@group-B02456D89C11, cid=3837, SUCCESS, logIndex=5379, commits[dd0a3b65-d36c-4f93-b232-3c8e6f6667b6:c5382]
2019-09-18 13:04:48,431 [grpc-default-executor-1] INFO  client.GrpcClientProtocolClient (GrpcClientProtocolClient.java:onNext(264)) - client-8C798EE064B2->dd0a3b65-d36c-4f93-b232-3c8e6f6667b6: receive RaftClientReply:client-8C798EE064B2->dd0a3b65-d36c-4f93-b232-3c8e6f6667b6@group-B02456D89C11, cid=3838, SUCCESS, logIndex=5380, commits[dd0a3b65-d36c-4f93-b232-3c8e6f6667b6:c5383]
2019-09-18 13:04:48,432 [grpc-default-executor-1] INFO  client.GrpcClientProtocolClient (GrpcClientProtocolClient.java:onNext(264)) - client-8C798EE064B2->dd0a3b65-d36c-4f93-b232-3c8e6f6667b6: receive RaftClientReply:client-8C798EE064B2->dd0a3b65-d36c-4f93-b232-3c8e6f6667b6@group-B02456D89C11, cid=3839, SUCCESS, logIndex=5381, commits[dd0a3b65-d36c-4f93-b232-3c8e6f6667b6:c5383]
2019-09-18 13:04:48,432 [grpc-default-executor-1] INFO  client.GrpcClientProtocolClient (GrpcClientProtocolClient.java:onNext(264)) - client-8C798EE064B2->dd0a3b65-d36c-4f93-b232-3c8e6f6667b6: receive RaftClientReply:client-8C798EE064B2->dd0a3b65-d36c-4f93-b232-3c8e6f6667b6@group-B02456D89C11, cid=3840, SUCCESS, logIndex=5382, commits[dd0a3b65-d36c-4f93-b232-3c8e6f6667b6:c5384]
2019-09-18 13:04:48,438 [SCMBlockDeletingService#1] DEBUG block.SCMBlockDeletingService (SCMBlockDeletingService.java:call(138)) - Running DeletedBlockTransactionScanner
2019-09-18 13:04:48,439 [SCMBlockDeletingService#1] DEBUG block.SCMBlockDeletingService (SCMBlockDeletingService.java:call(155)) - Scanned deleted blocks log and got 0 delTX to process.
2019-09-18 13:04:48,468 [grpc-default-executor-1] INFO  client.GrpcClientProtocolClient (GrpcClientProtocolClient.java:onNext(264)) - client-8C798EE064B2->dd0a3b65-d36c-4f93-b232-3c8e6f6667b6: receive RaftClientReply:client-8C798EE064B2->dd0a3b65-d36c-4f93-b232-3c8e6f6667b6@group-B02456D89C11, cid=3841, SUCCESS, logIndex=5385, commits[dd0a3b65-d36c-4f93-b232-3c8e6f6667b6:c5386]
2019-09-18 13:04:48,469 [grpc-default-executor-1] INFO  client.GrpcClientProtocolClient (GrpcClientProtocolClient.java:onNext(264)) - client-8C798EE064B2->dd0a3b65-d36c-4f93-b232-3c8e6f6667b6: receive RaftClientReply:client-8C798EE064B2->dd0a3b65-d36c-4f93-b232-3c8e6f6667b6@group-B02456D89C11, cid=3842, SUCCESS, logIndex=5386, commits[dd0a3b65-d36c-4f93-b232-3c8e6f6667b6:c5386]
2019-09-18 13:04:48,469 [grpc-default-executor-1] INFO  client.GrpcClientProtocolClient (GrpcClientProtocolClient.java:onNext(264)) - client-8C798EE064B2->dd0a3b65-d36c-4f93-b232-3c8e6f6667b6: receive RaftClientReply:client-8C798EE064B2->dd0a3b65-d36c-4f93-b232-3c8e6f6667b6@group-B02456D89C11, cid=3843, SUCCESS, logIndex=5387, commits[dd0a3b65-d36c-4f93-b232-3c8e6f6667b6:c5388]
2019-09-18 13:04:48,470 [grpc-default-executor-1] INFO  client.GrpcClientProtocolClient (GrpcClientProtocolClient.java:onNext(264)) - client-8C798EE064B2->dd0a3b65-d36c-4f93-b232-3c8e6f6667b6: receive RaftClientReply:client-8C798EE064B2->dd0a3b65-d36c-4f93-b232-3c8e6f6667b6@group-B02456D89C11, cid=3844, SUCCESS, logIndex=5388, commits[dd0a3b65-d36c-4f93-b232-3c8e6f6667b6:c5389]
2019-09-18 13:04:48,611 [SCMBlockDeletingService#1] DEBUG block.SCMBlockDeletingService (SCMBlockDeletingService.java:call(138)) - Running DeletedBlockTransactionScanner
2019-09-18 13:04:48,612 [SCMBlockDeletingService#1] DEBUG block.SCMBlockDeletingService (SCMBlockDeletingService.java:call(155)) - Scanned deleted blocks log and got 0 delTX to process.
2019-09-18 13:04:48,712 [SCMBlockDeletingService#1] DEBUG block.SCMBlockDeletingService (SCMBlockDeletingService.java:call(138)) - Running DeletedBlockTransactionScanner
2019-09-18 13:04:48,712 [SCMBlockDeletingService#1] DEBUG block.SCMBlockDeletingService (SCMBlockDeletingService.java:call(155)) - Scanned deleted blocks log and got 0 delTX to process.
2019-09-18 13:04:48,771 [grpc-default-executor-1] INFO  client.GrpcClientProtocolClient (GrpcClientProtocolClient.java:onNext(264)) - client-8C798EE064B2->dd0a3b65-d36c-4f93-b232-3c8e6f6667b6: receive RaftClientReply:client-8C798EE064B2->dd0a3b65-d36c-4f93-b232-3c8e6f6667b6@group-B02456D89C11, cid=3845, SUCCESS, logIndex=5391, commits[dd0a3b65-d36c-4f93-b232-3c8e6f6667b6:c5394]
2019-09-18 13:04:48,772 [grpc-default-executor-1] INFO  client.GrpcClientProtocolClient (GrpcClientProtocolClient.java:onNext(264)) - client-8C798EE064B2->dd0a3b65-d36c-4f93-b232-3c8e6f6667b6: receive RaftClientReply:client-8C798EE064B2->dd0a3b65-d36c-4f93-b232-3c8e6f6667b6@group-B02456D89C11, cid=3846, SUCCESS, logIndex=5392, commits[dd0a3b65-d36c-4f93-b232-3c8e6f6667b6:c5394]
2019-09-18 13:04:48,772 [grpc-default-executor-1] INFO  client.GrpcClientProtocolClient (GrpcClientProtocolClient.java:onNext(264)) - client-8C798EE064B2->dd0a3b65-d36c-4f93-b232-3c8e6f6667b6: receive RaftClientReply:client-8C798EE064B2->dd0a3b65-d36c-4f93-b232-3c8e6f6667b6@group-B02456D89C11, cid=3847, SUCCESS, logIndex=5393, commits[dd0a3b65-d36c-4f93-b232-3c8e6f6667b6:c5394]
2019-09-18 13:04:48,773 [grpc-default-executor-1] INFO  client.GrpcClientProtocolClient (GrpcClientProtocolClient.java:onNext(264)) - client-8C798EE064B2->dd0a3b65-d36c-4f93-b232-3c8e6f6667b6: receive RaftClientReply:client-8C798EE064B2->dd0a3b65-d36c-4f93-b232-3c8e6f6667b6@group-B02456D89C11, cid=3848, SUCCESS, logIndex=5394, commits[dd0a3b65-d36c-4f93-b232-3c8e6f6667b6:c5394]
2019-09-18 13:04:48,813 [grpc-default-executor-0] INFO  client.GrpcClientProtocolClient (GrpcClientProtocolClient.java:onNext(264)) - client-8C798EE064B2->dd0a3b65-d36c-4f93-b232-3c8e6f6667b6: receive RaftClientReply:client-8C798EE064B2->dd0a3b65-d36c-4f93-b232-3c8e6f6667b6@group-B02456D89C11, cid=3849, SUCCESS, logIndex=5396, commits[dd0a3b65-d36c-4f93-b232-3c8e6f6667b6:c5399]
2019-09-18 13:04:48,813 [SCMBlockDeletingService#1] DEBUG block.SCMBlockDeletingService (SCMBlockDeletingService.java:call(138)) - Running DeletedBlockTransactionScanner
2019-09-18 13:04:48,813 [SCMBlockDeletingService#1] DEBUG block.SCMBlockDeletingService (SCMBlockDeletingService.java:call(155)) - Scanned deleted blocks log and got 0 delTX to process.
2019-09-18 13:04:48,813 [grpc-default-executor-0] INFO  client.GrpcClientProtocolClient (GrpcClientProtocolClient.java:onNext(264)) - client-8C798EE064B2->dd0a3b65-d36c-4f93-b232-3c8e6f6667b6: receive RaftClientReply:client-8C798EE064B2->dd0a3b65-d36c-4f93-b232-3c8e6f6667b6@group-B02456D89C11, cid=3850, SUCCESS, logIndex=5397, commits[dd0a3b65-d36c-4f93-b232-3c8e6f6667b6:c5400]
2019-09-18 13:04:48,814 [grpc-default-executor-0] INFO  client.GrpcClientProtocolClient (GrpcClientProtocolClient.java:onNext(264)) - client-8C798EE064B2->dd0a3b65-d36c-4f93-b232-3c8e6f6667b6: receive RaftClientReply:client-8C798EE064B2->dd0a3b65-d36c-4f93-b232-3c8e6f6667b6@group-B02456D89C11, cid=3851, SUCCESS, logIndex=5398, commits[dd0a3b65-d36c-4f93-b232-3c8e6f6667b6:c5400]
2019-09-18 13:04:48,814 [grpc-default-executor-0] INFO  client.GrpcClientProtocolClient (GrpcClientProtocolClient.java:onNext(264)) - client-8C798EE064B2->dd0a3b65-d36c-4f93-b232-3c8e6f6667b6: receive RaftClientReply:client-8C798EE064B2->dd0a3b65-d36c-4f93-b232-3c8e6f6667b6@group-B02456D89C11, cid=3852, SUCCESS, logIndex=5399, commits[dd0a3b65-d36c-4f93-b232-3c8e6f6667b6:c5400]
2019-09-18 13:04:48,835 [grpc-default-executor-1] INFO  client.GrpcClientProtocolClient (GrpcClientProtocolClient.java:onNext(264)) - client-8C798EE064B2->dd0a3b65-d36c-4f93-b232-3c8e6f6667b6: receive RaftClientReply:client-8C798EE064B2->dd0a3b65-d36c-4f93-b232-3c8e6f6667b6@group-B02456D89C11, cid=3853, SUCCESS, logIndex=5401, commits[dd0a3b65-d36c-4f93-b232-3c8e6f6667b6:c5402]
2019-09-18 13:04:48,836 [grpc-default-executor-1] INFO  client.GrpcClientProtocolClient (GrpcClientProtocolClient.java:onNext(264)) - client-8C798EE064B2->dd0a3b65-d36c-4f93-b232-3c8e6f6667b6: receive RaftClientReply:client-8C798EE064B2->dd0a3b65-d36c-4f93-b232-3c8e6f6667b6@group-B02456D89C11, cid=3854, SUCCESS, logIndex=5402, commits[dd0a3b65-d36c-4f93-b232-3c8e6f6667b6:c5402]
2019-09-18 13:04:48,837 [grpc-default-executor-1] INFO  client.GrpcClientProtocolClient (GrpcClientProtocolClient.java:onNext(264)) - client-8C798EE064B2->dd0a3b65-d36c-4f93-b232-3c8e6f6667b6: receive RaftClientReply:client-8C798EE064B2->dd0a3b65-d36c-4f93-b232-3c8e6f6667b6@group-B02456D89C11, cid=3855, SUCCESS, logIndex=5403, commits[dd0a3b65-d36c-4f93-b232-3c8e6f6667b6:c5404]
2019-09-18 13:04:48,837 [grpc-default-executor-1] INFO  client.GrpcClientProtocolClient (GrpcClientProtocolClient.java:onNext(264)) - client-8C798EE064B2->dd0a3b65-d36c-4f93-b232-3c8e6f6667b6: receive RaftClientReply:client-8C798EE064B2->dd0a3b65-d36c-4f93-b232-3c8e6f6667b6@group-B02456D89C11, cid=3856, SUCCESS, logIndex=5404, commits[dd0a3b65-d36c-4f93-b232-3c8e6f6667b6:c5404]
2019-09-18 13:04:48,873 [grpc-default-executor-1] INFO  client.GrpcClientProtocolClient (GrpcClientProtocolClient.java:onNext(264)) - client-8C798EE064B2->dd0a3b65-d36c-4f93-b232-3c8e6f6667b6: receive RaftClientReply:client-8C798EE064B2->dd0a3b65-d36c-4f93-b232-3c8e6f6667b6@group-B02456D89C11, cid=3857, SUCCESS, logIndex=5407, commits[dd0a3b65-d36c-4f93-b232-3c8e6f6667b6:c5408]
2019-09-18 13:04:48,874 [grpc-default-executor-1] INFO  client.GrpcClientProtocolClient (GrpcClientProtocolClient.java:onNext(264)) - client-8C798EE064B2->dd0a3b65-d36c-4f93-b232-3c8e6f6667b6: receive RaftClientReply:client-8C798EE064B2->dd0a3b65-d36c-4f93-b232-3c8e6f6667b6@group-B02456D89C11, cid=3858, SUCCESS, logIndex=5408, commits[dd0a3b65-d36c-4f93-b232-3c8e6f6667b6:c5410]
2019-09-18 13:04:48,874 [grpc-default-executor-1] INFO  client.GrpcClientProtocolClient (GrpcClientProtocolClient.java:onNext(264)) - client-8C798EE064B2->dd0a3b65-d36c-4f93-b232-3c8e6f6667b6: receive RaftClientReply:client-8C798EE064B2->dd0a3b65-d36c-4f93-b232-3c8e6f6667b6@group-B02456D89C11, cid=3859, SUCCESS, logIndex=5409, commits[dd0a3b65-d36c-4f93-b232-3c8e6f6667b6:c5411]
2019-09-18 13:04:48,875 [grpc-default-executor-1] INFO  client.GrpcClientProtocolClient (GrpcClientProtocolClient.java:onNext(264)) - client-8C798EE064B2->dd0a3b65-d36c-4f93-b232-3c8e6f6667b6: receive RaftClientReply:client-8C798EE064B2->dd0a3b65-d36c-4f93-b232-3c8e6f6667b6@group-B02456D89C11, cid=3860, SUCCESS, logIndex=5410, commits[dd0a3b65-d36c-4f93-b232-3c8e6f6667b6:c5412]
2019-09-18 13:04:48,896 [grpc-default-executor-1] INFO  client.GrpcClientProtocolClient (GrpcClientProtocolClient.java:onNext(264)) - client-8C798EE064B2->dd0a3b65-d36c-4f93-b232-3c8e6f6667b6: receive RaftClientReply:client-8C798EE064B2->dd0a3b65-d36c-4f93-b232-3c8e6f6667b6@group-B02456D89C11, cid=3861, SUCCESS, logIndex=5413, commits[dd0a3b65-d36c-4f93-b232-3c8e6f6667b6:c5414]
2019-09-18 13:04:48,897 [grpc-default-executor-1] INFO  client.GrpcClientProtocolClient (GrpcClientProtocolClient.java:onNext(264)) - client-8C798EE064B2->dd0a3b65-d36c-4f93-b232-3c8e6f6667b6: receive RaftClientReply:client-8C798EE064B2->dd0a3b65-d36c-4f93-b232-3c8e6f6667b6@group-B02456D89C11, cid=3862, SUCCESS, logIndex=5414, commits[dd0a3b65-d36c-4f93-b232-3c8e6f6667b6:c5414]
2019-09-18 13:04:48,898 [grpc-default-executor-1] INFO  client.GrpcClientProtocolClient (GrpcClientProtocolClient.java:onNext(264)) - client-8C798EE064B2->dd0a3b65-d36c-4f93-b232-3c8e6f6667b6: receive RaftClientReply:client-8C798EE064B2->dd0a3b65-d36c-4f93-b232-3c8e6f6667b6@group-B02456D89C11, cid=3863, SUCCESS, logIndex=5415, commits[dd0a3b65-d36c-4f93-b232-3c8e6f6667b6:c5416]
2019-09-18 13:04:48,899 [grpc-default-executor-1] INFO  client.GrpcClientProtocolClient (GrpcClientProtocolClient.java:onNext(264)) - client-8C798EE064B2->dd0a3b65-d36c-4f93-b232-3c8e6f6667b6: receive RaftClientReply:client-8C798EE064B2->dd0a3b65-d36c-4f93-b232-3c8e6f6667b6@group-B02456D89C11, cid=3864, SUCCESS, logIndex=5416, commits[dd0a3b65-d36c-4f93-b232-3c8e6f6667b6:c5416]
2019-09-18 13:04:48,913 [SCMBlockDeletingService#1] DEBUG block.SCMBlockDeletingService (SCMBlockDeletingService.java:call(138)) - Running DeletedBlockTransactionScanner
2019-09-18 13:04:48,914 [SCMBlockDeletingService#1] DEBUG block.SCMBlockDeletingService (SCMBlockDeletingService.java:call(155)) - Scanned deleted blocks log and got 0 delTX to process.
2019-09-18 13:04:48,936 [grpc-default-executor-0] INFO  client.GrpcClientProtocolClient (GrpcClientProtocolClient.java:onNext(264)) - client-8C798EE064B2->dd0a3b65-d36c-4f93-b232-3c8e6f6667b6: receive RaftClientReply:client-8C798EE064B2->dd0a3b65-d36c-4f93-b232-3c8e6f6667b6@group-B02456D89C11, cid=3865, SUCCESS, logIndex=5419, commits[dd0a3b65-d36c-4f93-b232-3c8e6f6667b6:c5422]
2019-09-18 13:04:48,936 [grpc-default-executor-0] INFO  client.GrpcClientProtocolClient (GrpcClientProtocolClient.java:onNext(264)) - client-8C798EE064B2->dd0a3b65-d36c-4f93-b232-3c8e6f6667b6: receive RaftClientReply:client-8C798EE064B2->dd0a3b65-d36c-4f93-b232-3c8e6f6667b6@group-B02456D89C11, cid=3866, SUCCESS, logIndex=5420, commits[dd0a3b65-d36c-4f93-b232-3c8e6f6667b6:c5423]
2019-09-18 13:04:48,937 [grpc-default-executor-0] INFO  client.GrpcClientProtocolClient (GrpcClientProtocolClient.java:onNext(264)) - client-8C798EE064B2->dd0a3b65-d36c-4f93-b232-3c8e6f6667b6: receive RaftClientReply:client-8C798EE064B2->dd0a3b65-d36c-4f93-b232-3c8e6f6667b6@group-B02456D89C11, cid=3867, SUCCESS, logIndex=5421, commits[dd0a3b65-d36c-4f93-b232-3c8e6f6667b6:c5423]
2019-09-18 13:04:48,937 [grpc-default-executor-0] INFO  client.GrpcClientProtocolClient (GrpcClientProtocolClient.java:onNext(264)) - client-8C798EE064B2->dd0a3b65-d36c-4f93-b232-3c8e6f6667b6: receive RaftClientReply:client-8C798EE064B2->dd0a3b65-d36c-4f93-b232-3c8e6f6667b6@group-B02456D89C11, cid=3868, SUCCESS, logIndex=5422, commits[dd0a3b65-d36c-4f93-b232-3c8e6f6667b6:c5423]
2019-09-18 13:04:48,960 [grpc-default-executor-0] INFO  client.GrpcClientProtocolClient (GrpcClientProtocolClient.java:onNext(264)) - client-8C798EE064B2->dd0a3b65-d36c-4f93-b232-3c8e6f6667b6: receive RaftClientReply:client-8C798EE064B2->dd0a3b65-d36c-4f93-b232-3c8e6f6667b6@group-B02456D89C11, cid=3869, SUCCESS, logIndex=5424, commits[dd0a3b65-d36c-4f93-b232-3c8e6f6667b6:c5427]
2019-09-18 13:04:48,961 [grpc-default-executor-0] INFO  client.GrpcClientProtocolClient (GrpcClientProtocolClient.java:onNext(264)) - client-8C798EE064B2->dd0a3b65-d36c-4f93-b232-3c8e6f6667b6: receive RaftClientReply:client-8C798EE064B2->dd0a3b65-d36c-4f93-b232-3c8e6f6667b6@group-B02456D89C11, cid=3870, SUCCESS, logIndex=5425, commits[dd0a3b65-d36c-4f93-b232-3c8e6f6667b6:c5428]
2019-09-18 13:04:48,961 [grpc-default-executor-0] INFO  client.GrpcClientProtocolClient (GrpcClientProtocolClient.java:onNext(264)) - client-8C798EE064B2->dd0a3b65-d36c-4f93-b232-3c8e6f6667b6: receive RaftClientReply:client-8C798EE064B2->dd0a3b65-d36c-4f93-b232-3c8e6f6667b6@group-B02456D89C11, cid=3871, SUCCESS, logIndex=5426, commits[dd0a3b65-d36c-4f93-b232-3c8e6f6667b6:c5428]
2019-09-18 13:04:48,961 [grpc-default-executor-0] INFO  client.GrpcClientProtocolClient (GrpcClientProtocolClient.java:onNext(264)) - client-8C798EE064B2->dd0a3b65-d36c-4f93-b232-3c8e6f6667b6: receive RaftClientReply:client-8C798EE064B2->dd0a3b65-d36c-4f93-b232-3c8e6f6667b6@group-B02456D89C11, cid=3872, SUCCESS, logIndex=5427, commits[dd0a3b65-d36c-4f93-b232-3c8e6f6667b6:c5428]
2019-09-18 13:04:48,995 [grpc-default-executor-0] INFO  client.GrpcClientProtocolClient (GrpcClientProtocolClient.java:onNext(264)) - client-8C798EE064B2->dd0a3b65-d36c-4f93-b232-3c8e6f6667b6: receive RaftClientReply:client-8C798EE064B2->dd0a3b65-d36c-4f93-b232-3c8e6f6667b6@group-B02456D89C11, cid=3873, SUCCESS, logIndex=5429, commits[dd0a3b65-d36c-4f93-b232-3c8e6f6667b6:c5432]
2019-09-18 13:04:48,996 [grpc-default-executor-0] INFO  client.GrpcClientProtocolClient (GrpcClientProtocolClient.java:onNext(264)) - client-8C798EE064B2->dd0a3b65-d36c-4f93-b232-3c8e6f6667b6: receive RaftClientReply:client-8C798EE064B2->dd0a3b65-d36c-4f93-b232-3c8e6f6667b6@group-B02456D89C11, cid=3874, SUCCESS, logIndex=5430, commits[dd0a3b65-d36c-4f93-b232-3c8e6f6667b6:c5432]
2019-09-18 13:04:48,996 [grpc-default-executor-0] INFO  client.GrpcClientProtocolClient (GrpcClientProtocolClient.java:onNext(264)) - client-8C798EE064B2->dd0a3b65-d36c-4f93-b232-3c8e6f6667b6: receive RaftClientReply:client-8C798EE064B2->dd0a3b65-d36c-4f93-b232-3c8e6f6667b6@group-B02456D89C11, cid=3875, SUCCESS, logIndex=5431, commits[dd0a3b65-d36c-4f93-b232-3c8e6f6667b6:c5433]
2019-09-18 13:04:48,996 [grpc-default-executor-0] INFO  client.GrpcClientProtocolClient (GrpcClientProtocolClient.java:onNext(264)) - client-8C798EE064B2->dd0a3b65-d36c-4f93-b232-3c8e6f6667b6: receive RaftClientReply:client-8C798EE064B2->dd0a3b65-d36c-4f93-b232-3c8e6f6667b6@group-B02456D89C11, cid=3876, SUCCESS, logIndex=5432, commits[dd0a3b65-d36c-4f93-b232-3c8e6f6667b6:c5433]
2019-09-18 13:04:49,014 [SCMBlockDeletingService#1] DEBUG block.SCMBlockDeletingService (SCMBlockDeletingService.java:call(138)) - Running DeletedBlockTransactionScanner
2019-09-18 13:04:49,014 [SCMBlockDeletingService#1] DEBUG block.SCMBlockDeletingService (SCMBlockDeletingService.java:call(155)) - Scanned deleted blocks log and got 0 delTX to process.
2019-09-18 13:04:49,018 [grpc-default-executor-0] INFO  client.GrpcClientProtocolClient (GrpcClientProtocolClient.java:onNext(264)) - client-8C798EE064B2->dd0a3b65-d36c-4f93-b232-3c8e6f6667b6: receive RaftClientReply:client-8C798EE064B2->dd0a3b65-d36c-4f93-b232-3c8e6f6667b6@group-B02456D89C11, cid=3877, SUCCESS, logIndex=5434, commits[dd0a3b65-d36c-4f93-b232-3c8e6f6667b6:c5437]
2019-09-18 13:04:49,018 [grpc-default-executor-0] INFO  client.GrpcClientProtocolClient (GrpcClientProtocolClient.java:onNext(264)) - client-8C798EE064B2->dd0a3b65-d36c-4f93-b232-3c8e6f6667b6: receive RaftClientReply:client-8C798EE064B2->dd0a3b65-d36c-4f93-b232-3c8e6f6667b6@group-B02456D89C11, cid=3878, SUCCESS, logIndex=5435, commits[dd0a3b65-d36c-4f93-b232-3c8e6f6667b6:c5437]
2019-09-18 13:04:49,018 [grpc-default-executor-0] INFO  client.GrpcClientProtocolClient (GrpcClientProtocolClient.java:onNext(264)) - client-8C798EE064B2->dd0a3b65-d36c-4f93-b232-3c8e6f6667b6: receive RaftClientReply:client-8C798EE064B2->dd0a3b65-d36c-4f93-b232-3c8e6f6667b6@group-B02456D89C11, cid=3879, SUCCESS, logIndex=5436, commits[dd0a3b65-d36c-4f93-b232-3c8e6f6667b6:c5438]
2019-09-18 13:04:49,019 [grpc-default-executor-0] INFO  client.GrpcClientProtocolClient (GrpcClientProtocolClient.java:onNext(264)) - client-8C798EE064B2->dd0a3b65-d36c-4f93-b232-3c8e6f6667b6: receive RaftClientReply:client-8C798EE064B2->dd0a3b65-d36c-4f93-b232-3c8e6f6667b6@group-B02456D89C11, cid=3880, SUCCESS, logIndex=5437, commits[dd0a3b65-d36c-4f93-b232-3c8e6f6667b6:c5438]
2019-09-18 13:04:49,048 [grpc-default-executor-0] INFO  client.GrpcClientProtocolClient (GrpcClientProtocolClient.java:onNext(264)) - client-8C798EE064B2->dd0a3b65-d36c-4f93-b232-3c8e6f6667b6: receive RaftClientReply:client-8C798EE064B2->dd0a3b65-d36c-4f93-b232-3c8e6f6667b6@group-B02456D89C11, cid=3881, SUCCESS, logIndex=5439, commits[dd0a3b65-d36c-4f93-b232-3c8e6f6667b6:c5440]
2019-09-18 13:04:49,049 [grpc-default-executor-0] INFO  client.GrpcClientProtocolClient (GrpcClientProtocolClient.java:onNext(264)) - client-8C798EE064B2->dd0a3b65-d36c-4f93-b232-3c8e6f6667b6: receive RaftClientReply:client-8C798EE064B2->dd0a3b65-d36c-4f93-b232-3c8e6f6667b6@group-B02456D89C11, cid=3882, SUCCESS, logIndex=5440, commits[dd0a3b65-d36c-4f93-b232-3c8e6f6667b6:c5442]
2019-09-18 13:04:49,049 [grpc-default-executor-0] INFO  client.GrpcClientProtocolClient (GrpcClientProtocolClient.java:onNext(264)) - client-8C798EE064B2->dd0a3b65-d36c-4f93-b232-3c8e6f6667b6: receive RaftClientReply:client-8C798EE064B2->dd0a3b65-d36c-4f93-b232-3c8e6f6667b6@group-B02456D89C11, cid=3883, SUCCESS, logIndex=5441, commits[dd0a3b65-d36c-4f93-b232-3c8e6f6667b6:c5443]
2019-09-18 13:04:49,049 [grpc-default-executor-0] INFO  client.GrpcClientProtocolClient (GrpcClientProtocolClient.java:onNext(264)) - client-8C798EE064B2->dd0a3b65-d36c-4f93-b232-3c8e6f6667b6: receive RaftClientReply:client-8C798EE064B2->dd0a3b65-d36c-4f93-b232-3c8e6f6667b6@group-B02456D89C11, cid=3884, SUCCESS, logIndex=5442, commits[dd0a3b65-d36c-4f93-b232-3c8e6f6667b6:c5444]
2019-09-18 13:04:49,067 [grpc-default-executor-0] INFO  client.GrpcClientProtocolClient (GrpcClientProtocolClient.java:onNext(264)) - client-8C798EE064B2->dd0a3b65-d36c-4f93-b232-3c8e6f6667b6: receive RaftClientReply:client-8C798EE064B2->dd0a3b65-d36c-4f93-b232-3c8e6f6667b6@group-B02456D89C11, cid=3885, SUCCESS, logIndex=5445, commits[dd0a3b65-d36c-4f93-b232-3c8e6f6667b6:c5446]
2019-09-18 13:04:49,067 [grpc-default-executor-0] INFO  client.GrpcClientProtocolClient (GrpcClientProtocolClient.java:onNext(264)) - client-8C798EE064B2->dd0a3b65-d36c-4f93-b232-3c8e6f6667b6: receive RaftClientReply:client-8C798EE064B2->dd0a3b65-d36c-4f93-b232-3c8e6f6667b6@group-B02456D89C11, cid=3886, SUCCESS, logIndex=5446, commits[dd0a3b65-d36c-4f93-b232-3c8e6f6667b6:c5448]
2019-09-18 13:04:49,068 [grpc-default-executor-0] INFO  client.GrpcClientProtocolClient (GrpcClientProtocolClient.java:onNext(264)) - client-8C798EE064B2->dd0a3b65-d36c-4f93-b232-3c8e6f6667b6: receive RaftClientReply:client-8C798EE064B2->dd0a3b65-d36c-4f93-b232-3c8e6f6667b6@group-B02456D89C11, cid=3887, SUCCESS, logIndex=5447, commits[dd0a3b65-d36c-4f93-b232-3c8e6f6667b6:c5448]
2019-09-18 13:04:49,068 [grpc-default-executor-0] INFO  client.GrpcClientProtocolClient (GrpcClientProtocolClient.java:onNext(264)) - client-8C798EE064B2->dd0a3b65-d36c-4f93-b232-3c8e6f6667b6: receive RaftClientReply:client-8C798EE064B2->dd0a3b65-d36c-4f93-b232-3c8e6f6667b6@group-B02456D89C11, cid=3888, SUCCESS, logIndex=5448, commits[dd0a3b65-d36c-4f93-b232-3c8e6f6667b6:c5449]
2019-09-18 13:04:49,100 [grpc-default-executor-1] INFO  client.GrpcClientProtocolClient (GrpcClientProtocolClient.java:onNext(264)) - client-8C798EE064B2->dd0a3b65-d36c-4f93-b232-3c8e6f6667b6: receive RaftClientReply:client-8C798EE064B2->dd0a3b65-d36c-4f93-b232-3c8e6f6667b6@group-B02456D89C11, cid=3889, SUCCESS, logIndex=5451, commits[dd0a3b65-d36c-4f93-b232-3c8e6f6667b6:c5452]
2019-09-18 13:04:49,100 [grpc-default-executor-1] INFO  client.GrpcClientProtocolClient (GrpcClientProtocolClient.java:onNext(264)) - client-8C798EE064B2->dd0a3b65-d36c-4f93-b232-3c8e6f6667b6: receive RaftClientReply:client-8C798EE064B2->dd0a3b65-d36c-4f93-b232-3c8e6f6667b6@group-B02456D89C11, cid=3890, SUCCESS, logIndex=5452, commits[dd0a3b65-d36c-4f93-b232-3c8e6f6667b6:c5453]
2019-09-18 13:04:49,115 [SCMBlockDeletingService#1] DEBUG block.SCMBlockDeletingService (SCMBlockDeletingService.java:call(138)) - Running DeletedBlockTransactionScanner
2019-09-18 13:04:49,115 [SCMBlockDeletingService#1] DEBUG block.SCMBlockDeletingService (SCMBlockDeletingService.java:call(155)) - Scanned deleted blocks log and got 0 delTX to process.
2019-09-18 13:04:49,215 [grpc-default-executor-0] INFO  client.GrpcClientProtocolClient (GrpcClientProtocolClient.java:onNext(264)) - client-8C798EE064B2->dd0a3b65-d36c-4f93-b232-3c8e6f6667b6: receive RaftClientReply:client-8C798EE064B2->dd0a3b65-d36c-4f93-b232-3c8e6f6667b6@group-B02456D89C11, cid=3891, SUCCESS, logIndex=5454, commits[dd0a3b65-d36c-4f93-b232-3c8e6f6667b6:c5455]
2019-09-18 13:04:49,215 [SCMBlockDeletingService#1] DEBUG block.SCMBlockDeletingService (SCMBlockDeletingService.java:call(138)) - Running DeletedBlockTransactionScanner
2019-09-18 13:04:49,215 [grpc-default-executor-0] INFO  client.GrpcClientProtocolClient (GrpcClientProtocolClient.java:onNext(264)) - client-8C798EE064B2->dd0a3b65-d36c-4f93-b232-3c8e6f6667b6: receive RaftClientReply:client-8C798EE064B2->dd0a3b65-d36c-4f93-b232-3c8e6f6667b6@group-B02456D89C11, cid=3892, SUCCESS, logIndex=5455, commits[dd0a3b65-d36c-4f93-b232-3c8e6f6667b6:c5455]
2019-09-18 13:04:49,215 [SCMBlockDeletingService#1] DEBUG block.SCMBlockDeletingService (SCMBlockDeletingService.java:call(155)) - Scanned deleted blocks log and got 0 delTX to process.
2019-09-18 13:04:49,237 [grpc-default-executor-1] INFO  client.GrpcClientProtocolClient (GrpcClientProtocolClient.java:onNext(264)) - client-8C798EE064B2->dd0a3b65-d36c-4f93-b232-3c8e6f6667b6: receive RaftClientReply:client-8C798EE064B2->dd0a3b65-d36c-4f93-b232-3c8e6f6667b6@group-B02456D89C11, cid=3893, SUCCESS, logIndex=5457, commits[dd0a3b65-d36c-4f93-b232-3c8e6f6667b6:c5460]
2019-09-18 13:04:49,238 [grpc-default-executor-1] INFO  client.GrpcClientProtocolClient (GrpcClientProtocolClient.java:onNext(264)) - client-8C798EE064B2->dd0a3b65-d36c-4f93-b232-3c8e6f6667b6: receive RaftClientReply:client-8C798EE064B2->dd0a3b65-d36c-4f93-b232-3c8e6f6667b6@group-B02456D89C11, cid=3894, SUCCESS, logIndex=5458, commits[dd0a3b65-d36c-4f93-b232-3c8e6f6667b6:c5460]
2019-09-18 13:04:49,238 [grpc-default-executor-1] INFO  client.GrpcClientProtocolClient (GrpcClientProtocolClient.java:onNext(264)) - client-8C798EE064B2->dd0a3b65-d36c-4f93-b232-3c8e6f6667b6: receive RaftClientReply:client-8C798EE064B2->dd0a3b65-d36c-4f93-b232-3c8e6f6667b6@group-B02456D89C11, cid=3895, SUCCESS, logIndex=5459, commits[dd0a3b65-d36c-4f93-b232-3c8e6f6667b6:c5461]
2019-09-18 13:04:49,239 [grpc-default-executor-1] INFO  client.GrpcClientProtocolClient (GrpcClientProtocolClient.java:onNext(264)) - client-8C798EE064B2->dd0a3b65-d36c-4f93-b232-3c8e6f6667b6: receive RaftClientReply:client-8C798EE064B2->dd0a3b65-d36c-4f93-b232-3c8e6f6667b6@group-B02456D89C11, cid=3896, SUCCESS, logIndex=5460, commits[dd0a3b65-d36c-4f93-b232-3c8e6f6667b6:c5461]
2019-09-18 13:04:49,272 [grpc-default-executor-1] INFO  client.GrpcClientProtocolClient (GrpcClientProtocolClient.java:onNext(264)) - client-8C798EE064B2->dd0a3b65-d36c-4f93-b232-3c8e6f6667b6: receive RaftClientReply:client-8C798EE064B2->dd0a3b65-d36c-4f93-b232-3c8e6f6667b6@group-B02456D89C11, cid=3897, SUCCESS, logIndex=5462, commits[dd0a3b65-d36c-4f93-b232-3c8e6f6667b6:c5465]
2019-09-18 13:04:49,273 [grpc-default-executor-1] INFO  client.GrpcClientProtocolClient (GrpcClientProtocolClient.java:onNext(264)) - client-8C798EE064B2->dd0a3b65-d36c-4f93-b232-3c8e6f6667b6: receive RaftClientReply:client-8C798EE064B2->dd0a3b65-d36c-4f93-b232-3c8e6f6667b6@group-B02456D89C11, cid=3898, SUCCESS, logIndex=5463, commits[dd0a3b65-d36c-4f93-b232-3c8e6f6667b6:c5465]
2019-09-18 13:04:49,273 [grpc-default-executor-1] INFO  client.GrpcClientProtocolClient (GrpcClientProtocolClient.java:onNext(264)) - client-8C798EE064B2->dd0a3b65-d36c-4f93-b232-3c8e6f6667b6: receive RaftClientReply:client-8C798EE064B2->dd0a3b65-d36c-4f93-b232-3c8e6f6667b6@group-B02456D89C11, cid=3899, SUCCESS, logIndex=5464, commits[dd0a3b65-d36c-4f93-b232-3c8e6f6667b6:c5466]
2019-09-18 13:04:49,273 [grpc-default-executor-1] INFO  client.GrpcClientProtocolClient (GrpcClientProtocolClient.java:onNext(264)) - client-8C798EE064B2->dd0a3b65-d36c-4f93-b232-3c8e6f6667b6: receive RaftClientReply:client-8C798EE064B2->dd0a3b65-d36c-4f93-b232-3c8e6f6667b6@group-B02456D89C11, cid=3900, SUCCESS, logIndex=5465, commits[dd0a3b65-d36c-4f93-b232-3c8e6f6667b6:c5466]
2019-09-18 13:04:49,295 [grpc-default-executor-0] INFO  client.GrpcClientProtocolClient (GrpcClientProtocolClient.java:onNext(264)) - client-8C798EE064B2->dd0a3b65-d36c-4f93-b232-3c8e6f6667b6: receive RaftClientReply:client-8C798EE064B2->dd0a3b65-d36c-4f93-b232-3c8e6f6667b6@group-B02456D89C11, cid=3901, SUCCESS, logIndex=5467, commits[dd0a3b65-d36c-4f93-b232-3c8e6f6667b6:c5470]
2019-09-18 13:04:49,296 [grpc-default-executor-0] INFO  client.GrpcClientProtocolClient (GrpcClientProtocolClient.java:onNext(264)) - client-8C798EE064B2->dd0a3b65-d36c-4f93-b232-3c8e6f6667b6: receive RaftClientReply:client-8C798EE064B2->dd0a3b65-d36c-4f93-b232-3c8e6f6667b6@group-B02456D89C11, cid=3902, SUCCESS, logIndex=5468, commits[dd0a3b65-d36c-4f93-b232-3c8e6f6667b6:c5470]
2019-09-18 13:04:49,296 [grpc-default-executor-0] INFO  client.GrpcClientProtocolClient (GrpcClientProtocolClient.java:onNext(264)) - client-8C798EE064B2->dd0a3b65-d36c-4f93-b232-3c8e6f6667b6: receive RaftClientReply:client-8C798EE064B2->dd0a3b65-d36c-4f93-b232-3c8e6f6667b6@group-B02456D89C11, cid=3903, SUCCESS, logIndex=5469, commits[dd0a3b65-d36c-4f93-b232-3c8e6f6667b6:c5471]
2019-09-18 13:04:49,296 [grpc-default-executor-0] INFO  client.GrpcClientProtocolClient (GrpcClientProtocolClient.java:onNext(264)) - client-8C798EE064B2->dd0a3b65-d36c-4f93-b232-3c8e6f6667b6: receive RaftClientReply:client-8C798EE064B2->dd0a3b65-d36c-4f93-b232-3c8e6f6667b6@group-B02456D89C11, cid=3904, SUCCESS, logIndex=5470, commits[dd0a3b65-d36c-4f93-b232-3c8e6f6667b6:c5471]
2019-09-18 13:04:49,316 [SCMBlockDeletingService#1] DEBUG block.SCMBlockDeletingService (SCMBlockDeletingService.java:call(138)) - Running DeletedBlockTransactionScanner
2019-09-18 13:04:49,316 [SCMBlockDeletingService#1] DEBUG block.SCMBlockDeletingService (SCMBlockDeletingService.java:call(155)) - Scanned deleted blocks log and got 0 delTX to process.
2019-09-18 13:04:49,330 [grpc-default-executor-0] INFO  client.GrpcClientProtocolClient (GrpcClientProtocolClient.java:onNext(264)) - client-8C798EE064B2->dd0a3b65-d36c-4f93-b232-3c8e6f6667b6: receive RaftClientReply:client-8C798EE064B2->dd0a3b65-d36c-4f93-b232-3c8e6f6667b6@group-B02456D89C11, cid=3905, SUCCESS, logIndex=5472, commits[dd0a3b65-d36c-4f93-b232-3c8e6f6667b6:c5475]
2019-09-18 13:04:49,331 [grpc-default-executor-0] INFO  client.GrpcClientProtocolClient (GrpcClientProtocolClient.java:onNext(264)) - client-8C798EE064B2->dd0a3b65-d36c-4f93-b232-3c8e6f6667b6: receive RaftClientReply:client-8C798EE064B2->dd0a3b65-d36c-4f93-b232-3c8e6f6667b6@group-B02456D89C11, cid=3906, SUCCESS, logIndex=5473, commits[dd0a3b65-d36c-4f93-b232-3c8e6f6667b6:c5475]
2019-09-18 13:04:49,331 [grpc-default-executor-0] INFO  client.GrpcClientProtocolClient (GrpcClientProtocolClient.java:onNext(264)) - client-8C798EE064B2->dd0a3b65-d36c-4f93-b232-3c8e6f6667b6: receive RaftClientReply:client-8C798EE064B2->dd0a3b65-d36c-4f93-b232-3c8e6f6667b6@group-B02456D89C11, cid=3907, SUCCESS, logIndex=5474, commits[dd0a3b65-d36c-4f93-b232-3c8e6f6667b6:c5475]
2019-09-18 13:04:49,331 [grpc-default-executor-0] INFO  client.GrpcClientProtocolClient (GrpcClientProtocolClient.java:onNext(264)) - client-8C798EE064B2->dd0a3b65-d36c-4f93-b232-3c8e6f6667b6: receive RaftClientReply:client-8C798EE064B2->dd0a3b65-d36c-4f93-b232-3c8e6f6667b6@group-B02456D89C11, cid=3908, SUCCESS, logIndex=5475, commits[dd0a3b65-d36c-4f93-b232-3c8e6f6667b6:c5476]
2019-09-18 13:04:49,340 [grpc-default-executor-0] INFO  segmented.SegmentedRaftLogWorker (SegmentedRaftLogWorker.java:rollLogSegment(385)) - dd0a3b65-d36c-4f93-b232-3c8e6f6667b6@group-B02456D89C11-SegmentedRaftLogWorker: Rolling segment log-0_5476 to index:5476
2019-09-18 13:04:49,344 [dd0a3b65-d36c-4f93-b232-3c8e6f6667b6@group-B02456D89C11-SegmentedRaftLogWorker] INFO  segmented.SegmentedRaftLogWorker (SegmentedRaftLogWorker.java:execute(526)) - dd0a3b65-d36c-4f93-b232-3c8e6f6667b6@group-B02456D89C11-SegmentedRaftLogWorker: Rolled log segment from /workdir/hadoop-ozone/integration-test/target/test-dir/MiniOzoneClusterImpl-d4f86b9a-5145-424e-a2a6-5719e876ec3b/datanode-0/data/ratis/0a294b72-135c-4742-84ec-b02456d89c11/current/log_inprogress_0 to /workdir/hadoop-ozone/integration-test/target/test-dir/MiniOzoneClusterImpl-d4f86b9a-5145-424e-a2a6-5719e876ec3b/datanode-0/data/ratis/0a294b72-135c-4742-84ec-b02456d89c11/current/log_0-5476
2019-09-18 13:04:49,405 [dd0a3b65-d36c-4f93-b232-3c8e6f6667b6@group-B02456D89C11-SegmentedRaftLogWorker] INFO  segmented.SegmentedRaftLogWorker (SegmentedRaftLogWorker.java:execute(569)) - dd0a3b65-d36c-4f93-b232-3c8e6f6667b6@group-B02456D89C11-SegmentedRaftLogWorker: created new log segment /workdir/hadoop-ozone/integration-test/target/test-dir/MiniOzoneClusterImpl-d4f86b9a-5145-424e-a2a6-5719e876ec3b/datanode-0/data/ratis/0a294b72-135c-4742-84ec-b02456d89c11/current/log_inprogress_5477
2019-09-18 13:04:49,416 [SCMBlockDeletingService#1] DEBUG block.SCMBlockDeletingService (SCMBlockDeletingService.java:call(138)) - Running DeletedBlockTransactionScanner
2019-09-18 13:04:49,418 [SCMBlockDeletingService#1] DEBUG block.SCMBlockDeletingService (SCMBlockDeletingService.java:call(155)) - Scanned deleted blocks log and got 0 delTX to process.
2019-09-18 13:04:49,420 [grpc-default-executor-0] INFO  client.GrpcClientProtocolClient (GrpcClientProtocolClient.java:onNext(264)) - client-8C798EE064B2->dd0a3b65-d36c-4f93-b232-3c8e6f6667b6: receive RaftClientReply:client-8C798EE064B2->dd0a3b65-d36c-4f93-b232-3c8e6f6667b6@group-B02456D89C11, cid=3909, SUCCESS, logIndex=5477, commits[dd0a3b65-d36c-4f93-b232-3c8e6f6667b6:c5480]
2019-09-18 13:04:49,420 [grpc-default-executor-0] INFO  client.GrpcClientProtocolClient (GrpcClientProtocolClient.java:onNext(264)) - client-8C798EE064B2->dd0a3b65-d36c-4f93-b232-3c8e6f6667b6: receive RaftClientReply:client-8C798EE064B2->dd0a3b65-d36c-4f93-b232-3c8e6f6667b6@group-B02456D89C11, cid=3910, SUCCESS, logIndex=5478, commits[dd0a3b65-d36c-4f93-b232-3c8e6f6667b6:c5480]
2019-09-18 13:04:49,421 [grpc-default-executor-0] INFO  client.GrpcClientProtocolClient (GrpcClientProtocolClient.java:onNext(264)) - client-8C798EE064B2->dd0a3b65-d36c-4f93-b232-3c8e6f6667b6: receive RaftClientReply:client-8C798EE064B2->dd0a3b65-d36c-4f93-b232-3c8e6f6667b6@group-B02456D89C11, cid=3911, SUCCESS, logIndex=5479, commits[dd0a3b65-d36c-4f93-b232-3c8e6f6667b6:c5480]
2019-09-18 13:04:49,421 [grpc-default-executor-0] INFO  client.GrpcClientProtocolClient (GrpcClientProtocolClient.java:onNext(264)) - client-8C798EE064B2->dd0a3b65-d36c-4f93-b232-3c8e6f6667b6: receive RaftClientReply:client-8C798EE064B2->dd0a3b65-d36c-4f93-b232-3c8e6f6667b6@group-B02456D89C11, cid=3912, SUCCESS, logIndex=5480, commits[dd0a3b65-d36c-4f93-b232-3c8e6f6667b6:c5480]
2019-09-18 13:04:49,454 [grpc-default-executor-1] INFO  client.GrpcClientProtocolClient (GrpcClientProtocolClient.java:onNext(264)) - client-8C798EE064B2->dd0a3b65-d36c-4f93-b232-3c8e6f6667b6: receive RaftClientReply:client-8C798EE064B2->dd0a3b65-d36c-4f93-b232-3c8e6f6667b6@group-B02456D89C11, cid=3913, SUCCESS, logIndex=5482, commits[dd0a3b65-d36c-4f93-b232-3c8e6f6667b6:c5483]
2019-09-18 13:04:49,455 [grpc-default-executor-1] INFO  client.GrpcClientProtocolClient (GrpcClientProtocolClient.java:onNext(264)) - client-8C798EE064B2->dd0a3b65-d36c-4f93-b232-3c8e6f6667b6: receive RaftClientReply:client-8C798EE064B2->dd0a3b65-d36c-4f93-b232-3c8e6f6667b6@group-B02456D89C11, cid=3914, SUCCESS, logIndex=5483, commits[dd0a3b65-d36c-4f93-b232-3c8e6f6667b6:c5483]
2019-09-18 13:04:49,456 [grpc-default-executor-1] INFO  client.GrpcClientProtocolClient (GrpcClientProtocolClient.java:onNext(264)) - client-8C798EE064B2->dd0a3b65-d36c-4f93-b232-3c8e6f6667b6: receive RaftClientReply:client-8C798EE064B2->dd0a3b65-d36c-4f93-b232-3c8e6f6667b6@group-B02456D89C11, cid=3915, SUCCESS, logIndex=5484, commits[dd0a3b65-d36c-4f93-b232-3c8e6f6667b6:c5485]
2019-09-18 13:04:49,456 [grpc-default-executor-1] INFO  client.GrpcClientProtocolClient (GrpcClientProtocolClient.java:onNext(264)) - client-8C798EE064B2->dd0a3b65-d36c-4f93-b232-3c8e6f6667b6: receive RaftClientReply:client-8C798EE064B2->dd0a3b65-d36c-4f93-b232-3c8e6f6667b6@group-B02456D89C11, cid=3916, SUCCESS, logIndex=5485, commits[dd0a3b65-d36c-4f93-b232-3c8e6f6667b6:c5485]
2019-09-18 13:04:49,480 [grpc-default-executor-0] INFO  client.GrpcClientProtocolClient (GrpcClientProtocolClient.java:onNext(264)) - client-8C798EE064B2->dd0a3b65-d36c-4f93-b232-3c8e6f6667b6: receive RaftClientReply:client-8C798EE064B2->dd0a3b65-d36c-4f93-b232-3c8e6f6667b6@group-B02456D89C11, cid=3917, SUCCESS, logIndex=5488, commits[dd0a3b65-d36c-4f93-b232-3c8e6f6667b6:c5491]
2019-09-18 13:04:49,480 [grpc-default-executor-0] INFO  client.GrpcClientProtocolClient (GrpcClientProtocolClient.java:onNext(264)) - client-8C798EE064B2->dd0a3b65-d36c-4f93-b232-3c8e6f6667b6: receive RaftClientReply:client-8C798EE064B2->dd0a3b65-d36c-4f93-b232-3c8e6f6667b6@group-B02456D89C11, cid=3918, SUCCESS, logIndex=5489, commits[dd0a3b65-d36c-4f93-b232-3c8e6f6667b6:c5492]
2019-09-18 13:04:49,480 [grpc-default-executor-0] INFO  client.GrpcClientProtocolClient (GrpcClientProtocolClient.java:onNext(264)) - client-8C798EE064B2->dd0a3b65-d36c-4f93-b232-3c8e6f6667b6: receive RaftClientReply:client-8C798EE064B2->dd0a3b65-d36c-4f93-b232-3c8e6f6667b6@group-B02456D89C11, cid=3919, SUCCESS, logIndex=5490, commits[dd0a3b65-d36c-4f93-b232-3c8e6f6667b6:c5492]
2019-09-18 13:04:49,481 [grpc-default-executor-0] INFO  client.GrpcClientProtocolClient (GrpcClientProtocolClient.java:onNext(264)) - client-8C798EE064B2->dd0a3b65-d36c-4f93-b232-3c8e6f6667b6: receive RaftClientReply:client-8C798EE064B2->dd0a3b65-d36c-4f93-b232-3c8e6f6667b6@group-B02456D89C11, cid=3920, SUCCESS, logIndex=5491, commits[dd0a3b65-d36c-4f93-b232-3c8e6f6667b6:c5492]
2019-09-18 13:04:49,517 [grpc-default-executor-0] INFO  client.GrpcClientProtocolClient (GrpcClientProtocolClient.java:onNext(264)) - client-8C798EE064B2->dd0a3b65-d36c-4f93-b232-3c8e6f6667b6: receive RaftClientReply:client-8C798EE064B2->dd0a3b65-d36c-4f93-b232-3c8e6f6667b6@group-B02456D89C11, cid=3921, SUCCESS, logIndex=5493, commits[dd0a3b65-d36c-4f93-b232-3c8e6f6667b6:c5496]
2019-09-18 13:04:49,518 [grpc-default-executor-0] INFO  client.GrpcClientProtocolClient (GrpcClientProtocolClient.java:onNext(264)) - client-8C798EE064B2->dd0a3b65-d36c-4f93-b232-3c8e6f6667b6: receive RaftClientReply:client-8C798EE064B2->dd0a3b65-d36c-4f93-b232-3c8e6f6667b6@group-B02456D89C11, cid=3922, SUCCESS, logIndex=5494, commits[dd0a3b65-d36c-4f93-b232-3c8e6f6667b6:c5497]
2019-09-18 13:04:49,518 [grpc-default-executor-0] INFO  client.GrpcClientProtocolClient (GrpcClientProtocolClient.java:onNext(264)) - client-8C798EE064B2->dd0a3b65-d36c-4f93-b232-3c8e6f6667b6: receive RaftClientReply:client-8C798EE064B2->dd0a3b65-d36c-4f93-b232-3c8e6f6667b6@group-B02456D89C11, cid=3923, SUCCESS, logIndex=5495, commits[dd0a3b65-d36c-4f93-b232-3c8e6f6667b6:c5497]
2019-09-18 13:04:49,518 [grpc-default-executor-0] INFO  client.GrpcClientProtocolClient (GrpcClientProtocolClient.java:onNext(264)) - client-8C798EE064B2->dd0a3b65-d36c-4f93-b232-3c8e6f6667b6: receive RaftClientReply:client-8C798EE064B2->dd0a3b65-d36c-4f93-b232-3c8e6f6667b6@group-B02456D89C11, cid=3924, SUCCESS, logIndex=5496, commits[dd0a3b65-d36c-4f93-b232-3c8e6f6667b6:c5497]
2019-09-18 13:04:49,519 [SCMBlockDeletingService#1] DEBUG block.SCMBlockDeletingService (SCMBlockDeletingService.java:call(138)) - Running DeletedBlockTransactionScanner
2019-09-18 13:04:49,519 [SCMBlockDeletingService#1] DEBUG block.SCMBlockDeletingService (SCMBlockDeletingService.java:call(155)) - Scanned deleted blocks log and got 0 delTX to process.
2019-09-18 13:04:49,538 [grpc-default-executor-0] INFO  client.GrpcClientProtocolClient (GrpcClientProtocolClient.java:onNext(264)) - client-8C798EE064B2->dd0a3b65-d36c-4f93-b232-3c8e6f6667b6: receive RaftClientReply:client-8C798EE064B2->dd0a3b65-d36c-4f93-b232-3c8e6f6667b6@group-B02456D89C11, cid=3925, SUCCESS, logIndex=5498, commits[dd0a3b65-d36c-4f93-b232-3c8e6f6667b6:c5499]
2019-09-18 13:04:49,538 [grpc-default-executor-0] INFO  client.GrpcClientProtocolClient (GrpcClientProtocolClient.java:onNext(264)) - client-8C798EE064B2->dd0a3b65-d36c-4f93-b232-3c8e6f6667b6: receive RaftClientReply:client-8C798EE064B2->dd0a3b65-d36c-4f93-b232-3c8e6f6667b6@group-B02456D89C11, cid=3926, SUCCESS, logIndex=5499, commits[dd0a3b65-d36c-4f93-b232-3c8e6f6667b6:c5501]
2019-09-18 13:04:49,538 [grpc-default-executor-0] INFO  client.GrpcClientProtocolClient (GrpcClientProtocolClient.java:onNext(264)) - client-8C798EE064B2->dd0a3b65-d36c-4f93-b232-3c8e6f6667b6: receive RaftClientReply:client-8C798EE064B2->dd0a3b65-d36c-4f93-b232-3c8e6f6667b6@group-B02456D89C11, cid=3927, SUCCESS, logIndex=5500, commits[dd0a3b65-d36c-4f93-b232-3c8e6f6667b6:c5502]
2019-09-18 13:04:49,539 [grpc-default-executor-0] INFO  client.GrpcClientProtocolClient (GrpcClientProtocolClient.java:onNext(264)) - client-8C798EE064B2->dd0a3b65-d36c-4f93-b232-3c8e6f6667b6: receive RaftClientReply:client-8C798EE064B2->dd0a3b65-d36c-4f93-b232-3c8e6f6667b6@group-B02456D89C11, cid=3928, SUCCESS, logIndex=5501, commits[dd0a3b65-d36c-4f93-b232-3c8e6f6667b6:c5502]
2019-09-18 13:04:49,572 [grpc-default-executor-0] INFO  client.GrpcClientProtocolClient (GrpcClientProtocolClient.java:onNext(264)) - client-8C798EE064B2->dd0a3b65-d36c-4f93-b232-3c8e6f6667b6: receive RaftClientReply:client-8C798EE064B2->dd0a3b65-d36c-4f93-b232-3c8e6f6667b6@group-B02456D89C11, cid=3929, SUCCESS, logIndex=5504, commits[dd0a3b65-d36c-4f93-b232-3c8e6f6667b6:c5507]
2019-09-18 13:04:49,573 [grpc-default-executor-0] INFO  client.GrpcClientProtocolClient (GrpcClientProtocolClient.java:onNext(264)) - client-8C798EE064B2->dd0a3b65-d36c-4f93-b232-3c8e6f6667b6: receive RaftClientReply:client-8C798EE064B2->dd0a3b65-d36c-4f93-b232-3c8e6f6667b6@group-B02456D89C11, cid=3930, SUCCESS, logIndex=5505, commits[dd0a3b65-d36c-4f93-b232-3c8e6f6667b6:c5508]
2019-09-18 13:04:49,573 [grpc-default-executor-0] INFO  client.GrpcClientProtocolClient (GrpcClientProtocolClient.java:onNext(264)) - client-8C798EE064B2->dd0a3b65-d36c-4f93-b232-3c8e6f6667b6: receive RaftClientReply:client-8C798EE064B2->dd0a3b65-d36c-4f93-b232-3c8e6f6667b6@group-B02456D89C11, cid=3931, SUCCESS, logIndex=5506, commits[dd0a3b65-d36c-4f93-b232-3c8e6f6667b6:c5508]
2019-09-18 13:04:49,573 [grpc-default-executor-0] INFO  client.GrpcClientProtocolClient (GrpcClientProtocolClient.java:onNext(264)) - client-8C798EE064B2->dd0a3b65-d36c-4f93-b232-3c8e6f6667b6: receive RaftClientReply:client-8C798EE064B2->dd0a3b65-d36c-4f93-b232-3c8e6f6667b6@group-B02456D89C11, cid=3932, SUCCESS, logIndex=5507, commits[dd0a3b65-d36c-4f93-b232-3c8e6f6667b6:c5508]
2019-09-18 13:04:49,684 [SCMBlockDeletingService#1] DEBUG block.SCMBlockDeletingService (SCMBlockDeletingService.java:call(138)) - Running DeletedBlockTransactionScanner
2019-09-18 13:04:49,684 [SCMBlockDeletingService#1] DEBUG block.SCMBlockDeletingService (SCMBlockDeletingService.java:call(155)) - Scanned deleted blocks log and got 0 delTX to process.
2019-09-18 13:04:49,703 [grpc-default-executor-0] INFO  client.GrpcClientProtocolClient (GrpcClientProtocolClient.java:onNext(264)) - client-8C798EE064B2->dd0a3b65-d36c-4f93-b232-3c8e6f6667b6: receive RaftClientReply:client-8C798EE064B2->dd0a3b65-d36c-4f93-b232-3c8e6f6667b6@group-B02456D89C11, cid=3933, SUCCESS, logIndex=5509, commits[dd0a3b65-d36c-4f93-b232-3c8e6f6667b6:c5510]
2019-09-18 13:04:49,704 [grpc-default-executor-0] INFO  client.GrpcClientProtocolClient (GrpcClientProtocolClient.java:onNext(264)) - client-8C798EE064B2->dd0a3b65-d36c-4f93-b232-3c8e6f6667b6: receive RaftClientReply:client-8C798EE064B2->dd0a3b65-d36c-4f93-b232-3c8e6f6667b6@group-B02456D89C11, cid=3934, SUCCESS, logIndex=5510, commits[dd0a3b65-d36c-4f93-b232-3c8e6f6667b6:c5511]
2019-09-18 13:04:49,785 [SCMBlockDeletingService#1] DEBUG block.SCMBlockDeletingService (SCMBlockDeletingService.java:call(138)) - Running DeletedBlockTransactionScanner
2019-09-18 13:04:49,785 [SCMBlockDeletingService#1] DEBUG block.SCMBlockDeletingService (SCMBlockDeletingService.java:call(155)) - Scanned deleted blocks log and got 0 delTX to process.
2019-09-18 13:04:49,816 [grpc-default-executor-1] INFO  client.GrpcClientProtocolClient (GrpcClientProtocolClient.java:onNext(264)) - client-8C798EE064B2->dd0a3b65-d36c-4f93-b232-3c8e6f6667b6: receive RaftClientReply:client-8C798EE064B2->dd0a3b65-d36c-4f93-b232-3c8e6f6667b6@group-B02456D89C11, cid=3935, SUCCESS, logIndex=5512, commits[dd0a3b65-d36c-4f93-b232-3c8e6f6667b6:c5513]
2019-09-18 13:04:49,817 [grpc-default-executor-1] INFO  client.GrpcClientProtocolClient (GrpcClientProtocolClient.java:onNext(264)) - client-8C798EE064B2->dd0a3b65-d36c-4f93-b232-3c8e6f6667b6: receive RaftClientReply:client-8C798EE064B2->dd0a3b65-d36c-4f93-b232-3c8e6f6667b6@group-B02456D89C11, cid=3936, SUCCESS, logIndex=5513, commits[dd0a3b65-d36c-4f93-b232-3c8e6f6667b6:c5514]
2019-09-18 13:04:49,851 [grpc-default-executor-0] INFO  client.GrpcClientProtocolClient (GrpcClientProtocolClient.java:onNext(264)) - client-8C798EE064B2->dd0a3b65-d36c-4f93-b232-3c8e6f6667b6: receive RaftClientReply:client-8C798EE064B2->dd0a3b65-d36c-4f93-b232-3c8e6f6667b6@group-B02456D89C11, cid=3937, SUCCESS, logIndex=5515, commits[dd0a3b65-d36c-4f93-b232-3c8e6f6667b6:c5518]
2019-09-18 13:04:49,851 [grpc-default-executor-0] INFO  client.GrpcClientProtocolClient (GrpcClientProtocolClient.java:onNext(264)) - client-8C798EE064B2->dd0a3b65-d36c-4f93-b232-3c8e6f6667b6: receive RaftClientReply:client-8C798EE064B2->dd0a3b65-d36c-4f93-b232-3c8e6f6667b6@group-B02456D89C11, cid=3938, SUCCESS, logIndex=5516, commits[dd0a3b65-d36c-4f93-b232-3c8e6f6667b6:c5519]
2019-09-18 13:04:49,852 [grpc-default-executor-0] INFO  client.GrpcClientProtocolClient (GrpcClientProtocolClient.java:onNext(264)) - client-8C798EE064B2->dd0a3b65-d36c-4f93-b232-3c8e6f6667b6: receive RaftClientReply:client-8C798EE064B2->dd0a3b65-d36c-4f93-b232-3c8e6f6667b6@group-B02456D89C11, cid=3939, SUCCESS, logIndex=5517, commits[dd0a3b65-d36c-4f93-b232-3c8e6f6667b6:c5519]
2019-09-18 13:04:49,852 [grpc-default-executor-0] INFO  client.GrpcClientProtocolClient (GrpcClientProtocolClient.java:onNext(264)) - client-8C798EE064B2->dd0a3b65-d36c-4f93-b232-3c8e6f6667b6: receive RaftClientReply:client-8C798EE064B2->dd0a3b65-d36c-4f93-b232-3c8e6f6667b6@group-B02456D89C11, cid=3940, SUCCESS, logIndex=5518, commits[dd0a3b65-d36c-4f93-b232-3c8e6f6667b6:c5519]
2019-09-18 13:04:49,872 [grpc-default-executor-0] INFO  client.GrpcClientProtocolClient (GrpcClientProtocolClient.java:onNext(264)) - client-8C798EE064B2->dd0a3b65-d36c-4f93-b232-3c8e6f6667b6: receive RaftClientReply:client-8C798EE064B2->dd0a3b65-d36c-4f93-b232-3c8e6f6667b6@group-B02456D89C11, cid=3941, SUCCESS, logIndex=5520, commits[dd0a3b65-d36c-4f93-b232-3c8e6f6667b6:c5521]
2019-09-18 13:04:49,873 [grpc-default-executor-0] INFO  client.GrpcClientProtocolClient (GrpcClientProtocolClient.java:onNext(264)) - client-8C798EE064B2->dd0a3b65-d36c-4f93-b232-3c8e6f6667b6: receive RaftClientReply:client-8C798EE064B2->dd0a3b65-d36c-4f93-b232-3c8e6f6667b6@group-B02456D89C11, cid=3942, SUCCESS, logIndex=5521, commits[dd0a3b65-d36c-4f93-b232-3c8e6f6667b6:c5521]
2019-09-18 13:04:49,874 [grpc-default-executor-0] INFO  client.GrpcClientProtocolClient (GrpcClientProtocolClient.java:onNext(264)) - client-8C798EE064B2->dd0a3b65-d36c-4f93-b232-3c8e6f6667b6: receive RaftClientReply:client-8C798EE064B2->dd0a3b65-d36c-4f93-b232-3c8e6f6667b6@group-B02456D89C11, cid=3943, SUCCESS, logIndex=5522, commits[dd0a3b65-d36c-4f93-b232-3c8e6f6667b6:c5523]
2019-09-18 13:04:49,875 [grpc-default-executor-0] INFO  client.GrpcClientProtocolClient (GrpcClientProtocolClient.java:onNext(264)) - client-8C798EE064B2->dd0a3b65-d36c-4f93-b232-3c8e6f6667b6: receive RaftClientReply:client-8C798EE064B2->dd0a3b65-d36c-4f93-b232-3c8e6f6667b6@group-B02456D89C11, cid=3944, SUCCESS, logIndex=5523, commits[dd0a3b65-d36c-4f93-b232-3c8e6f6667b6:c5523]
2019-09-18 13:04:49,885 [SCMBlockDeletingService#1] DEBUG block.SCMBlockDeletingService (SCMBlockDeletingService.java:call(138)) - Running DeletedBlockTransactionScanner
2019-09-18 13:04:49,886 [SCMBlockDeletingService#1] DEBUG block.SCMBlockDeletingService (SCMBlockDeletingService.java:call(155)) - Scanned deleted blocks log and got 0 delTX to process.
2019-09-18 13:04:49,909 [grpc-default-executor-1] INFO  client.GrpcClientProtocolClient (GrpcClientProtocolClient.java:onNext(264)) - client-8C798EE064B2->dd0a3b65-d36c-4f93-b232-3c8e6f6667b6: receive RaftClientReply:client-8C798EE064B2->dd0a3b65-d36c-4f93-b232-3c8e6f6667b6@group-B02456D89C11, cid=3945, SUCCESS, logIndex=5526, commits[dd0a3b65-d36c-4f93-b232-3c8e6f6667b6:c5529]
2019-09-18 13:04:49,910 [grpc-default-executor-1] INFO  client.GrpcClientProtocolClient (GrpcClientProtocolClient.java:onNext(264)) - client-8C798EE064B2->dd0a3b65-d36c-4f93-b232-3c8e6f6667b6: receive RaftClientReply:client-8C798EE064B2->dd0a3b65-d36c-4f93-b232-3c8e6f6667b6@group-B02456D89C11, cid=3946, SUCCESS, logIndex=5527, commits[dd0a3b65-d36c-4f93-b232-3c8e6f6667b6:c5529]
2019-09-18 13:04:49,910 [grpc-default-executor-1] INFO  client.GrpcClientProtocolClient (GrpcClientProtocolClient.java:onNext(264)) - client-8C798EE064B2->dd0a3b65-d36c-4f93-b232-3c8e6f6667b6: receive RaftClientReply:client-8C798EE064B2->dd0a3b65-d36c-4f93-b232-3c8e6f6667b6@group-B02456D89C11, cid=3947, SUCCESS, logIndex=5528, commits[dd0a3b65-d36c-4f93-b232-3c8e6f6667b6:c5530]
2019-09-18 13:04:49,910 [grpc-default-executor-1] INFO  client.GrpcClientProtocolClient (GrpcClientProtocolClient.java:onNext(264)) - client-8C798EE064B2->dd0a3b65-d36c-4f93-b232-3c8e6f6667b6: receive RaftClientReply:client-8C798EE064B2->dd0a3b65-d36c-4f93-b232-3c8e6f6667b6@group-B02456D89C11, cid=3948, SUCCESS, logIndex=5529, commits[dd0a3b65-d36c-4f93-b232-3c8e6f6667b6:c5530]
2019-09-18 13:04:49,932 [grpc-default-executor-1] INFO  client.GrpcClientProtocolClient (GrpcClientProtocolClient.java:onNext(264)) - client-8C798EE064B2->dd0a3b65-d36c-4f93-b232-3c8e6f6667b6: receive RaftClientReply:client-8C798EE064B2->dd0a3b65-d36c-4f93-b232-3c8e6f6667b6@group-B02456D89C11, cid=3949, SUCCESS, logIndex=5531, commits[dd0a3b65-d36c-4f93-b232-3c8e6f6667b6:c5534]
2019-09-18 13:04:49,933 [grpc-default-executor-1] INFO  client.GrpcClientProtocolClient (GrpcClientProtocolClient.java:onNext(264)) - client-8C798EE064B2->dd0a3b65-d36c-4f93-b232-3c8e6f6667b6: receive RaftClientReply:client-8C798EE064B2->dd0a3b65-d36c-4f93-b232-3c8e6f6667b6@group-B02456D89C11, cid=3950, SUCCESS, logIndex=5532, commits[dd0a3b65-d36c-4f93-b232-3c8e6f6667b6:c5535]
2019-09-18 13:04:49,933 [grpc-default-executor-1] INFO  client.GrpcClientProtocolClient (GrpcClientProtocolClient.java:onNext(264)) - client-8C798EE064B2->dd0a3b65-d36c-4f93-b232-3c8e6f6667b6: receive RaftClientReply:client-8C798EE064B2->dd0a3b65-d36c-4f93-b232-3c8e6f6667b6@group-B02456D89C11, cid=3951, SUCCESS, logIndex=5533, commits[dd0a3b65-d36c-4f93-b232-3c8e6f6667b6:c5535]
2019-09-18 13:04:49,933 [grpc-default-executor-1] INFO  client.GrpcClientProtocolClient (GrpcClientProtocolClient.java:onNext(264)) - client-8C798EE064B2->dd0a3b65-d36c-4f93-b232-3c8e6f6667b6: receive RaftClientReply:client-8C798EE064B2->dd0a3b65-d36c-4f93-b232-3c8e6f6667b6@group-B02456D89C11, cid=3952, SUCCESS, logIndex=5534, commits[dd0a3b65-d36c-4f93-b232-3c8e6f6667b6:c5535]
2019-09-18 13:04:49,964 [grpc-default-executor-1] INFO  client.GrpcClientProtocolClient (GrpcClientProtocolClient.java:onNext(264)) - client-8C798EE064B2->dd0a3b65-d36c-4f93-b232-3c8e6f6667b6: receive RaftClientReply:client-8C798EE064B2->dd0a3b65-d36c-4f93-b232-3c8e6f6667b6@group-B02456D89C11, cid=3953, SUCCESS, logIndex=5536, commits[dd0a3b65-d36c-4f93-b232-3c8e6f6667b6:c5537]
2019-09-18 13:04:49,965 [grpc-default-executor-1] INFO  client.GrpcClientProtocolClient (GrpcClientProtocolClient.java:onNext(264)) - client-8C798EE064B2->dd0a3b65-d36c-4f93-b232-3c8e6f6667b6: receive RaftClientReply:client-8C798EE064B2->dd0a3b65-d36c-4f93-b232-3c8e6f6667b6@group-B02456D89C11, cid=3954, SUCCESS, logIndex=5537, commits[dd0a3b65-d36c-4f93-b232-3c8e6f6667b6:c5537]
2019-09-18 13:04:49,966 [grpc-default-executor-1] INFO  client.GrpcClientProtocolClient (GrpcClientProtocolClient.java:onNext(264)) - client-8C798EE064B2->dd0a3b65-d36c-4f93-b232-3c8e6f6667b6: receive RaftClientReply:client-8C798EE064B2->dd0a3b65-d36c-4f93-b232-3c8e6f6667b6@group-B02456D89C11, cid=3955, SUCCESS, logIndex=5538, commits[dd0a3b65-d36c-4f93-b232-3c8e6f6667b6:c5539]
2019-09-18 13:04:49,967 [grpc-default-executor-1] INFO  client.GrpcClientProtocolClient (GrpcClientProtocolClient.java:onNext(264)) - client-8C798EE064B2->dd0a3b65-d36c-4f93-b232-3c8e6f6667b6: receive RaftClientReply:client-8C798EE064B2->dd0a3b65-d36c-4f93-b232-3c8e6f6667b6@group-B02456D89C11, cid=3956, SUCCESS, logIndex=5539, commits[dd0a3b65-d36c-4f93-b232-3c8e6f6667b6:c5539]
2019-09-18 13:04:49,979 [grpc-default-executor-1] INFO  client.GrpcClientProtocolClient (GrpcClientProtocolClient.java:onNext(264)) - client-8C798EE064B2->dd0a3b65-d36c-4f93-b232-3c8e6f6667b6: receive RaftClientReply:client-8C798EE064B2->dd0a3b65-d36c-4f93-b232-3c8e6f6667b6@group-B02456D89C11, cid=3957, SUCCESS, logIndex=5542, commits[dd0a3b65-d36c-4f93-b232-3c8e6f6667b6:c5545]
2019-09-18 13:04:49,979 [grpc-default-executor-1] INFO  client.GrpcClientProtocolClient (GrpcClientProtocolClient.java:onNext(264)) - client-8C798EE064B2->dd0a3b65-d36c-4f93-b232-3c8e6f6667b6: receive RaftClientReply:client-8C798EE064B2->dd0a3b65-d36c-4f93-b232-3c8e6f6667b6@group-B02456D89C11, cid=3958, SUCCESS, logIndex=5543, commits[dd0a3b65-d36c-4f93-b232-3c8e6f6667b6:c5546]
2019-09-18 13:04:49,979 [grpc-default-executor-1] INFO  client.GrpcClientProtocolClient (GrpcClientProtocolClient.java:onNext(264)) - client-8C798EE064B2->dd0a3b65-d36c-4f93-b232-3c8e6f6667b6: receive RaftClientReply:client-8C798EE064B2->dd0a3b65-d36c-4f93-b232-3c8e6f6667b6@group-B02456D89C11, cid=3959, SUCCESS, logIndex=5544, commits[dd0a3b65-d36c-4f93-b232-3c8e6f6667b6:c5546]
2019-09-18 13:04:49,980 [grpc-default-executor-1] INFO  client.GrpcClientProtocolClient (GrpcClientProtocolClient.java:onNext(264)) - client-8C798EE064B2->dd0a3b65-d36c-4f93-b232-3c8e6f6667b6: receive RaftClientReply:client-8C798EE064B2->dd0a3b65-d36c-4f93-b232-3c8e6f6667b6@group-B02456D89C11, cid=3960, SUCCESS, logIndex=5545, commits[dd0a3b65-d36c-4f93-b232-3c8e6f6667b6:c5546]
2019-09-18 13:04:49,986 [SCMBlockDeletingService#0] DEBUG block.SCMBlockDeletingService (SCMBlockDeletingService.java:call(138)) - Running DeletedBlockTransactionScanner
2019-09-18 13:04:49,986 [SCMBlockDeletingService#0] DEBUG block.SCMBlockDeletingService (SCMBlockDeletingService.java:call(155)) - Scanned deleted blocks log and got 0 delTX to process.
2019-09-18 13:04:50,015 [grpc-default-executor-1] INFO  client.GrpcClientProtocolClient (GrpcClientProtocolClient.java:onNext(264)) - client-8C798EE064B2->dd0a3b65-d36c-4f93-b232-3c8e6f6667b6: receive RaftClientReply:client-8C798EE064B2->dd0a3b65-d36c-4f93-b232-3c8e6f6667b6@group-B02456D89C11, cid=3961, SUCCESS, logIndex=5547, commits[dd0a3b65-d36c-4f93-b232-3c8e6f6667b6:c5550]
2019-09-18 13:04:50,015 [grpc-default-executor-1] INFO  client.GrpcClientProtocolClient (GrpcClientProtocolClient.java:onNext(264)) - client-8C798EE064B2->dd0a3b65-d36c-4f93-b232-3c8e6f6667b6: receive RaftClientReply:client-8C798EE064B2->dd0a3b65-d36c-4f93-b232-3c8e6f6667b6@group-B02456D89C11, cid=3962, SUCCESS, logIndex=5548, commits[dd0a3b65-d36c-4f93-b232-3c8e6f6667b6:c5551]
2019-09-18 13:04:50,016 [grpc-default-executor-1] INFO  client.GrpcClientProtocolClient (GrpcClientProtocolClient.java:onNext(264)) - client-8C798EE064B2->dd0a3b65-d36c-4f93-b232-3c8e6f6667b6: receive RaftClientReply:client-8C798EE064B2->dd0a3b65-d36c-4f93-b232-3c8e6f6667b6@group-B02456D89C11, cid=3963, SUCCESS, logIndex=5549, commits[dd0a3b65-d36c-4f93-b232-3c8e6f6667b6:c5551]
2019-09-18 13:04:50,016 [grpc-default-executor-1] INFO  client.GrpcClientProtocolClient (GrpcClientProtocolClient.java:onNext(264)) - client-8C798EE064B2->dd0a3b65-d36c-4f93-b232-3c8e6f6667b6: receive RaftClientReply:client-8C798EE064B2->dd0a3b65-d36c-4f93-b232-3c8e6f6667b6@group-B02456D89C11, cid=3964, SUCCESS, logIndex=5550, commits[dd0a3b65-d36c-4f93-b232-3c8e6f6667b6:c5551]
2019-09-18 13:04:50,035 [grpc-default-executor-1] INFO  client.GrpcClientProtocolClient (GrpcClientProtocolClient.java:onNext(264)) - client-8C798EE064B2->dd0a3b65-d36c-4f93-b232-3c8e6f6667b6: receive RaftClientReply:client-8C798EE064B2->dd0a3b65-d36c-4f93-b232-3c8e6f6667b6@group-B02456D89C11, cid=3965, SUCCESS, logIndex=5552, commits[dd0a3b65-d36c-4f93-b232-3c8e6f6667b6:c5555]
2019-09-18 13:04:50,035 [grpc-default-executor-1] INFO  client.GrpcClientProtocolClient (GrpcClientProtocolClient.java:onNext(264)) - client-8C798EE064B2->dd0a3b65-d36c-4f93-b232-3c8e6f6667b6: receive RaftClientReply:client-8C798EE064B2->dd0a3b65-d36c-4f93-b232-3c8e6f6667b6@group-B02456D89C11, cid=3966, SUCCESS, logIndex=5553, commits[dd0a3b65-d36c-4f93-b232-3c8e6f6667b6:c5555]
2019-09-18 13:04:50,036 [grpc-default-executor-1] INFO  client.GrpcClientProtocolClient (GrpcClientProtocolClient.java:onNext(264)) - client-8C798EE064B2->dd0a3b65-d36c-4f93-b232-3c8e6f6667b6: receive RaftClientReply:client-8C798EE064B2->dd0a3b65-d36c-4f93-b232-3c8e6f6667b6@group-B02456D89C11, cid=3967, SUCCESS, logIndex=5554, commits[dd0a3b65-d36c-4f93-b232-3c8e6f6667b6:c5556]
2019-09-18 13:04:50,036 [grpc-default-executor-1] INFO  client.GrpcClientProtocolClient (GrpcClientProtocolClient.java:onNext(264)) - client-8C798EE064B2->dd0a3b65-d36c-4f93-b232-3c8e6f6667b6: receive RaftClientReply:client-8C798EE064B2->dd0a3b65-d36c-4f93-b232-3c8e6f6667b6@group-B02456D89C11, cid=3968, SUCCESS, logIndex=5555, commits[dd0a3b65-d36c-4f93-b232-3c8e6f6667b6:c5556]
2019-09-18 13:04:50,067 [grpc-default-executor-1] INFO  client.GrpcClientProtocolClient (GrpcClientProtocolClient.java:onNext(264)) - client-8C798EE064B2->dd0a3b65-d36c-4f93-b232-3c8e6f6667b6: receive RaftClientReply:client-8C798EE064B2->dd0a3b65-d36c-4f93-b232-3c8e6f6667b6@group-B02456D89C11, cid=3969, SUCCESS, logIndex=5558, commits[dd0a3b65-d36c-4f93-b232-3c8e6f6667b6:c5559]
2019-09-18 13:04:50,067 [grpc-default-executor-1] INFO  client.GrpcClientProtocolClient (GrpcClientProtocolClient.java:onNext(264)) - client-8C798EE064B2->dd0a3b65-d36c-4f93-b232-3c8e6f6667b6: receive RaftClientReply:client-8C798EE064B2->dd0a3b65-d36c-4f93-b232-3c8e6f6667b6@group-B02456D89C11, cid=3970, SUCCESS, logIndex=5559, commits[dd0a3b65-d36c-4f93-b232-3c8e6f6667b6:c5561]
2019-09-18 13:04:50,068 [grpc-default-executor-1] INFO  client.GrpcClientProtocolClient (GrpcClientProtocolClient.java:onNext(264)) - client-8C798EE064B2->dd0a3b65-d36c-4f93-b232-3c8e6f6667b6: receive RaftClientReply:client-8C798EE064B2->dd0a3b65-d36c-4f93-b232-3c8e6f6667b6@group-B02456D89C11, cid=3971, SUCCESS, logIndex=5560, commits[dd0a3b65-d36c-4f93-b232-3c8e6f6667b6:c5561]
2019-09-18 13:04:50,068 [grpc-default-executor-1] INFO  client.GrpcClientProtocolClient (GrpcClientProtocolClient.java:onNext(264)) - client-8C798EE064B2->dd0a3b65-d36c-4f93-b232-3c8e6f6667b6: receive RaftClientReply:client-8C798EE064B2->dd0a3b65-d36c-4f93-b232-3c8e6f6667b6@group-B02456D89C11, cid=3972, SUCCESS, logIndex=5561, commits[dd0a3b65-d36c-4f93-b232-3c8e6f6667b6:c5562]
2019-09-18 13:04:50,086 [grpc-default-executor-1] INFO  client.GrpcClientProtocolClient (GrpcClientProtocolClient.java:onNext(264)) - client-8C798EE064B2->dd0a3b65-d36c-4f93-b232-3c8e6f6667b6: receive RaftClientReply:client-8C798EE064B2->dd0a3b65-d36c-4f93-b232-3c8e6f6667b6@group-B02456D89C11, cid=3973, SUCCESS, logIndex=5564, commits[dd0a3b65-d36c-4f93-b232-3c8e6f6667b6:c5565]
2019-09-18 13:04:50,086 [SCMBlockDeletingService#0] DEBUG block.SCMBlockDeletingService (SCMBlockDeletingService.java:call(138)) - Running DeletedBlockTransactionScanner
2019-09-18 13:04:50,087 [SCMBlockDeletingService#0] DEBUG block.SCMBlockDeletingService (SCMBlockDeletingService.java:call(155)) - Scanned deleted blocks log and got 0 delTX to process.
2019-09-18 13:04:50,087 [grpc-default-executor-1] INFO  client.GrpcClientProtocolClient (GrpcClientProtocolClient.java:onNext(264)) - client-8C798EE064B2->dd0a3b65-d36c-4f93-b232-3c8e6f6667b6: receive RaftClientReply:client-8C798EE064B2->dd0a3b65-d36c-4f93-b232-3c8e6f6667b6@group-B02456D89C11, cid=3974, SUCCESS, logIndex=5565, commits[dd0a3b65-d36c-4f93-b232-3c8e6f6667b6:c5567]
2019-09-18 13:04:50,087 [grpc-default-executor-1] INFO  client.GrpcClientProtocolClient (GrpcClientProtocolClient.java:onNext(264)) - client-8C798EE064B2->dd0a3b65-d36c-4f93-b232-3c8e6f6667b6: receive RaftClientReply:client-8C798EE064B2->dd0a3b65-d36c-4f93-b232-3c8e6f6667b6@group-B02456D89C11, cid=3975, SUCCESS, logIndex=5566, commits[dd0a3b65-d36c-4f93-b232-3c8e6f6667b6:c5568]
2019-09-18 13:04:50,087 [grpc-default-executor-1] INFO  client.GrpcClientProtocolClient (GrpcClientProtocolClient.java:onNext(264)) - client-8C798EE064B2->dd0a3b65-d36c-4f93-b232-3c8e6f6667b6: receive RaftClientReply:client-8C798EE064B2->dd0a3b65-d36c-4f93-b232-3c8e6f6667b6@group-B02456D89C11, cid=3976, SUCCESS, logIndex=5567, commits[dd0a3b65-d36c-4f93-b232-3c8e6f6667b6:c5568]
2019-09-18 13:04:50,117 [grpc-default-executor-0] INFO  client.GrpcClientProtocolClient (GrpcClientProtocolClient.java:onNext(264)) - client-8C798EE064B2->dd0a3b65-d36c-4f93-b232-3c8e6f6667b6: receive RaftClientReply:client-8C798EE064B2->dd0a3b65-d36c-4f93-b232-3c8e6f6667b6@group-B02456D89C11, cid=3977, SUCCESS, logIndex=5570, commits[dd0a3b65-d36c-4f93-b232-3c8e6f6667b6:c5571]
2019-09-18 13:04:50,118 [grpc-default-executor-0] INFO  client.GrpcClientProtocolClient (GrpcClientProtocolClient.java:onNext(264)) - client-8C798EE064B2->dd0a3b65-d36c-4f93-b232-3c8e6f6667b6: receive RaftClientReply:client-8C798EE064B2->dd0a3b65-d36c-4f93-b232-3c8e6f6667b6@group-B02456D89C11, cid=3978, SUCCESS, logIndex=5571, commits[dd0a3b65-d36c-4f93-b232-3c8e6f6667b6:c5572]
2019-09-18 13:04:50,187 [SCMBlockDeletingService#1] DEBUG block.SCMBlockDeletingService (SCMBlockDeletingService.java:call(138)) - Running DeletedBlockTransactionScanner
2019-09-18 13:04:50,188 [SCMBlockDeletingService#1] DEBUG block.SCMBlockDeletingService (SCMBlockDeletingService.java:call(155)) - Scanned deleted blocks log and got 0 delTX to process.
2019-09-18 13:04:50,216 [grpc-default-executor-1] INFO  client.GrpcClientProtocolClient (GrpcClientProtocolClient.java:onNext(264)) - client-8C798EE064B2->dd0a3b65-d36c-4f93-b232-3c8e6f6667b6: receive RaftClientReply:client-8C798EE064B2->dd0a3b65-d36c-4f93-b232-3c8e6f6667b6@group-B02456D89C11, cid=3979, SUCCESS, logIndex=5573, commits[dd0a3b65-d36c-4f93-b232-3c8e6f6667b6:c5575]
2019-09-18 13:04:50,216 [grpc-default-executor-1] INFO  client.GrpcClientProtocolClient (GrpcClientProtocolClient.java:onNext(264)) - client-8C798EE064B2->dd0a3b65-d36c-4f93-b232-3c8e6f6667b6: receive RaftClientReply:client-8C798EE064B2->dd0a3b65-d36c-4f93-b232-3c8e6f6667b6@group-B02456D89C11, cid=3980, SUCCESS, logIndex=5574, commits[dd0a3b65-d36c-4f93-b232-3c8e6f6667b6:c5575]
2019-09-18 13:04:50,235 [grpc-default-executor-1] INFO  client.GrpcClientProtocolClient (GrpcClientProtocolClient.java:onNext(264)) - client-8C798EE064B2->dd0a3b65-d36c-4f93-b232-3c8e6f6667b6: receive RaftClientReply:client-8C798EE064B2->dd0a3b65-d36c-4f93-b232-3c8e6f6667b6@group-B02456D89C11, cid=3981, SUCCESS, logIndex=5576, commits[dd0a3b65-d36c-4f93-b232-3c8e6f6667b6:c5577]
2019-09-18 13:04:50,235 [grpc-default-executor-1] INFO  client.GrpcClientProtocolClient (GrpcClientProtocolClient.java:onNext(264)) - client-8C798EE064B2->dd0a3b65-d36c-4f93-b232-3c8e6f6667b6: receive RaftClientReply:client-8C798EE064B2->dd0a3b65-d36c-4f93-b232-3c8e6f6667b6@group-B02456D89C11, cid=3982, SUCCESS, logIndex=5577, commits[dd0a3b65-d36c-4f93-b232-3c8e6f6667b6:c5579]
2019-09-18 13:04:50,236 [grpc-default-executor-1] INFO  client.GrpcClientProtocolClient (GrpcClientProtocolClient.java:onNext(264)) - client-8C798EE064B2->dd0a3b65-d36c-4f93-b232-3c8e6f6667b6: receive RaftClientReply:client-8C798EE064B2->dd0a3b65-d36c-4f93-b232-3c8e6f6667b6@group-B02456D89C11, cid=3983, SUCCESS, logIndex=5578, commits[dd0a3b65-d36c-4f93-b232-3c8e6f6667b6:c5580]
2019-09-18 13:04:50,236 [grpc-default-executor-1] INFO  client.GrpcClientProtocolClient (GrpcClientProtocolClient.java:onNext(264)) - client-8C798EE064B2->dd0a3b65-d36c-4f93-b232-3c8e6f6667b6: receive RaftClientReply:client-8C798EE064B2->dd0a3b65-d36c-4f93-b232-3c8e6f6667b6@group-B02456D89C11, cid=3984, SUCCESS, logIndex=5579, commits[dd0a3b65-d36c-4f93-b232-3c8e6f6667b6:c5581]
2019-09-18 13:04:50,270 [grpc-default-executor-1] INFO  client.GrpcClientProtocolClient (GrpcClientProtocolClient.java:onNext(264)) - client-8C798EE064B2->dd0a3b65-d36c-4f93-b232-3c8e6f6667b6: receive RaftClientReply:client-8C798EE064B2->dd0a3b65-d36c-4f93-b232-3c8e6f6667b6@group-B02456D89C11, cid=3985, SUCCESS, logIndex=5582, commits[dd0a3b65-d36c-4f93-b232-3c8e6f6667b6:c5585]
2019-09-18 13:04:50,271 [grpc-default-executor-1] INFO  client.GrpcClientProtocolClient (GrpcClientProtocolClient.java:onNext(264)) - client-8C798EE064B2->dd0a3b65-d36c-4f93-b232-3c8e6f6667b6: receive RaftClientReply:client-8C798EE064B2->dd0a3b65-d36c-4f93-b232-3c8e6f6667b6@group-B02456D89C11, cid=3986, SUCCESS, logIndex=5583, commits[dd0a3b65-d36c-4f93-b232-3c8e6f6667b6:c5586]
2019-09-18 13:04:50,271 [grpc-default-executor-1] INFO  client.GrpcClientProtocolClient (GrpcClientProtocolClient.java:onNext(264)) - client-8C798EE064B2->dd0a3b65-d36c-4f93-b232-3c8e6f6667b6: receive RaftClientReply:client-8C798EE064B2->dd0a3b65-d36c-4f93-b232-3c8e6f6667b6@group-B02456D89C11, cid=3987, SUCCESS, logIndex=5584, commits[dd0a3b65-d36c-4f93-b232-3c8e6f6667b6:c5586]
2019-09-18 13:04:50,271 [grpc-default-executor-1] INFO  client.GrpcClientProtocolClient (GrpcClientProtocolClient.java:onNext(264)) - client-8C798EE064B2->dd0a3b65-d36c-4f93-b232-3c8e6f6667b6: receive RaftClientReply:client-8C798EE064B2->dd0a3b65-d36c-4f93-b232-3c8e6f6667b6@group-B02456D89C11, cid=3988, SUCCESS, logIndex=5585, commits[dd0a3b65-d36c-4f93-b232-3c8e6f6667b6:c5586]
2019-09-18 13:04:50,288 [SCMBlockDeletingService#1] DEBUG block.SCMBlockDeletingService (SCMBlockDeletingService.java:call(138)) - Running DeletedBlockTransactionScanner
2019-09-18 13:04:50,289 [SCMBlockDeletingService#1] DEBUG block.SCMBlockDeletingService (SCMBlockDeletingService.java:call(155)) - Scanned deleted blocks log and got 0 delTX to process.
2019-09-18 13:04:50,290 [grpc-default-executor-0] INFO  client.GrpcClientProtocolClient (GrpcClientProtocolClient.java:onNext(264)) - client-8C798EE064B2->dd0a3b65-d36c-4f93-b232-3c8e6f6667b6: receive RaftClientReply:client-8C798EE064B2->dd0a3b65-d36c-4f93-b232-3c8e6f6667b6@group-B02456D89C11, cid=3989, SUCCESS, logIndex=5587, commits[dd0a3b65-d36c-4f93-b232-3c8e6f6667b6:c5588]
2019-09-18 13:04:50,290 [grpc-default-executor-0] INFO  client.GrpcClientProtocolClient (GrpcClientProtocolClient.java:onNext(264)) - client-8C798EE064B2->dd0a3b65-d36c-4f93-b232-3c8e6f6667b6: receive RaftClientReply:client-8C798EE064B2->dd0a3b65-d36c-4f93-b232-3c8e6f6667b6@group-B02456D89C11, cid=3990, SUCCESS, logIndex=5588, commits[dd0a3b65-d36c-4f93-b232-3c8e6f6667b6:c5590]
2019-09-18 13:04:50,291 [grpc-default-executor-0] INFO  client.GrpcClientProtocolClient (GrpcClientProtocolClient.java:onNext(264)) - client-8C798EE064B2->dd0a3b65-d36c-4f93-b232-3c8e6f6667b6: receive RaftClientReply:client-8C798EE064B2->dd0a3b65-d36c-4f93-b232-3c8e6f6667b6@group-B02456D89C11, cid=3991, SUCCESS, logIndex=5589, commits[dd0a3b65-d36c-4f93-b232-3c8e6f6667b6:c5590]
2019-09-18 13:04:50,291 [grpc-default-executor-0] INFO  client.GrpcClientProtocolClient (GrpcClientProtocolClient.java:onNext(264)) - client-8C798EE064B2->dd0a3b65-d36c-4f93-b232-3c8e6f6667b6: receive RaftClientReply:client-8C798EE064B2->dd0a3b65-d36c-4f93-b232-3c8e6f6667b6@group-B02456D89C11, cid=3992, SUCCESS, logIndex=5590, commits[dd0a3b65-d36c-4f93-b232-3c8e6f6667b6:c5591]
2019-09-18 13:04:50,321 [grpc-default-executor-0] INFO  client.GrpcClientProtocolClient (GrpcClientProtocolClient.java:onNext(264)) - client-8C798EE064B2->dd0a3b65-d36c-4f93-b232-3c8e6f6667b6: receive RaftClientReply:client-8C798EE064B2->dd0a3b65-d36c-4f93-b232-3c8e6f6667b6@group-B02456D89C11, cid=3993, SUCCESS, logIndex=5593, commits[dd0a3b65-d36c-4f93-b232-3c8e6f6667b6:c5594]
2019-09-18 13:04:50,322 [grpc-default-executor-0] INFO  client.GrpcClientProtocolClient (GrpcClientProtocolClient.java:onNext(264)) - client-8C798EE064B2->dd0a3b65-d36c-4f93-b232-3c8e6f6667b6: receive RaftClientReply:client-8C798EE064B2->dd0a3b65-d36c-4f93-b232-3c8e6f6667b6@group-B02456D89C11, cid=3994, SUCCESS, logIndex=5594, commits[dd0a3b65-d36c-4f93-b232-3c8e6f6667b6:c5594]
2019-09-18 13:04:50,329 [grpc-default-executor-0] INFO  client.GrpcClientProtocolClient (GrpcClientProtocolClient.java:onNext(264)) - client-8C798EE064B2->dd0a3b65-d36c-4f93-b232-3c8e6f6667b6: receive RaftClientReply:client-8C798EE064B2->dd0a3b65-d36c-4f93-b232-3c8e6f6667b6@group-B02456D89C11, cid=3995, SUCCESS, logIndex=5595, commits[dd0a3b65-d36c-4f93-b232-3c8e6f6667b6:c5596]
2019-09-18 13:04:50,330 [grpc-default-executor-0] INFO  client.GrpcClientProtocolClient (GrpcClientProtocolClient.java:onNext(264)) - client-8C798EE064B2->dd0a3b65-d36c-4f93-b232-3c8e6f6667b6: receive RaftClientReply:client-8C798EE064B2->dd0a3b65-d36c-4f93-b232-3c8e6f6667b6@group-B02456D89C11, cid=3996, SUCCESS, logIndex=5596, commits[dd0a3b65-d36c-4f93-b232-3c8e6f6667b6:c5597]
2019-09-18 13:04:50,351 [grpc-default-executor-0] INFO  client.GrpcClientProtocolClient (GrpcClientProtocolClient.java:onNext(264)) - client-8C798EE064B2->dd0a3b65-d36c-4f93-b232-3c8e6f6667b6: receive RaftClientReply:client-8C798EE064B2->dd0a3b65-d36c-4f93-b232-3c8e6f6667b6@group-B02456D89C11, cid=3997, SUCCESS, logIndex=5599, commits[dd0a3b65-d36c-4f93-b232-3c8e6f6667b6:c5600]
2019-09-18 13:04:50,351 [grpc-default-executor-0] INFO  client.GrpcClientProtocolClient (GrpcClientProtocolClient.java:onNext(264)) - client-8C798EE064B2->dd0a3b65-d36c-4f93-b232-3c8e6f6667b6: receive RaftClientReply:client-8C798EE064B2->dd0a3b65-d36c-4f93-b232-3c8e6f6667b6@group-B02456D89C11, cid=3998, SUCCESS, logIndex=5600, commits[dd0a3b65-d36c-4f93-b232-3c8e6f6667b6:c5602]
2019-09-18 13:04:50,352 [grpc-default-executor-0] INFO  client.GrpcClientProtocolClient (GrpcClientProtocolClient.java:onNext(264)) - client-8C798EE064B2->dd0a3b65-d36c-4f93-b232-3c8e6f6667b6: receive RaftClientReply:client-8C798EE064B2->dd0a3b65-d36c-4f93-b232-3c8e6f6667b6@group-B02456D89C11, cid=3999, SUCCESS, logIndex=5601, commits[dd0a3b65-d36c-4f93-b232-3c8e6f6667b6:c5602]
2019-09-18 13:04:50,352 [grpc-default-executor-0] INFO  client.GrpcClientProtocolClient (GrpcClientProtocolClient.java:onNext(264)) - client-8C798EE064B2->dd0a3b65-d36c-4f93-b232-3c8e6f6667b6: receive RaftClientReply:client-8C798EE064B2->dd0a3b65-d36c-4f93-b232-3c8e6f6667b6@group-B02456D89C11, cid=4000, SUCCESS, logIndex=5602, commits[dd0a3b65-d36c-4f93-b232-3c8e6f6667b6:c5603]
2019-09-18 13:04:50,385 [grpc-default-executor-0] INFO  client.GrpcClientProtocolClient (GrpcClientProtocolClient.java:onNext(264)) - client-8C798EE064B2->dd0a3b65-d36c-4f93-b232-3c8e6f6667b6: receive RaftClientReply:client-8C798EE064B2->dd0a3b65-d36c-4f93-b232-3c8e6f6667b6@group-B02456D89C11, cid=4001, SUCCESS, logIndex=5605, commits[dd0a3b65-d36c-4f93-b232-3c8e6f6667b6:c5606]
2019-09-18 13:04:50,385 [grpc-default-executor-0] INFO  client.GrpcClientProtocolClient (GrpcClientProtocolClient.java:onNext(264)) - client-8C798EE064B2->dd0a3b65-d36c-4f93-b232-3c8e6f6667b6: receive RaftClientReply:client-8C798EE064B2->dd0a3b65-d36c-4f93-b232-3c8e6f6667b6@group-B02456D89C11, cid=4002, SUCCESS, logIndex=5606, commits[dd0a3b65-d36c-4f93-b232-3c8e6f6667b6:c5606]
2019-09-18 13:04:50,387 [grpc-default-executor-0] INFO  client.GrpcClientProtocolClient (GrpcClientProtocolClient.java:onNext(264)) - client-8C798EE064B2->dd0a3b65-d36c-4f93-b232-3c8e6f6667b6: receive RaftClientReply:client-8C798EE064B2->dd0a3b65-d36c-4f93-b232-3c8e6f6667b6@group-B02456D89C11, cid=4003, SUCCESS, logIndex=5607, commits[dd0a3b65-d36c-4f93-b232-3c8e6f6667b6:c5608]
2019-09-18 13:04:50,387 [grpc-default-executor-0] INFO  client.GrpcClientProtocolClient (GrpcClientProtocolClient.java:onNext(264)) - client-8C798EE064B2->dd0a3b65-d36c-4f93-b232-3c8e6f6667b6: receive RaftClientReply:client-8C798EE064B2->dd0a3b65-d36c-4f93-b232-3c8e6f6667b6@group-B02456D89C11, cid=4004, SUCCESS, logIndex=5608, commits[dd0a3b65-d36c-4f93-b232-3c8e6f6667b6:c5608]
2019-09-18 13:04:50,389 [SCMBlockDeletingService#0] DEBUG block.SCMBlockDeletingService (SCMBlockDeletingService.java:call(138)) - Running DeletedBlockTransactionScanner
2019-09-18 13:04:50,389 [SCMBlockDeletingService#0] DEBUG block.SCMBlockDeletingService (SCMBlockDeletingService.java:call(155)) - Scanned deleted blocks log and got 0 delTX to process.
2019-09-18 13:04:50,410 [grpc-default-executor-0] INFO  client.GrpcClientProtocolClient (GrpcClientProtocolClient.java:onNext(264)) - client-8C798EE064B2->dd0a3b65-d36c-4f93-b232-3c8e6f6667b6: receive RaftClientReply:client-8C798EE064B2->dd0a3b65-d36c-4f93-b232-3c8e6f6667b6@group-B02456D89C11, cid=4005, SUCCESS, logIndex=5611, commits[dd0a3b65-d36c-4f93-b232-3c8e6f6667b6:c5614]
2019-09-18 13:04:50,411 [grpc-default-executor-0] INFO  client.GrpcClientProtocolClient (GrpcClientProtocolClient.java:onNext(264)) - client-8C798EE064B2->dd0a3b65-d36c-4f93-b232-3c8e6f6667b6: receive RaftClientReply:client-8C798EE064B2->dd0a3b65-d36c-4f93-b232-3c8e6f6667b6@group-B02456D89C11, cid=4006, SUCCESS, logIndex=5612, commits[dd0a3b65-d36c-4f93-b232-3c8e6f6667b6:c5615]
2019-09-18 13:04:50,411 [grpc-default-executor-0] INFO  client.GrpcClientProtocolClient (GrpcClientProtocolClient.java:onNext(264)) - client-8C798EE064B2->dd0a3b65-d36c-4f93-b232-3c8e6f6667b6: receive RaftClientReply:client-8C798EE064B2->dd0a3b65-d36c-4f93-b232-3c8e6f6667b6@group-B02456D89C11, cid=4007, SUCCESS, logIndex=5613, commits[dd0a3b65-d36c-4f93-b232-3c8e6f6667b6:c5615]
2019-09-18 13:04:50,411 [grpc-default-executor-0] INFO  client.GrpcClientProtocolClient (GrpcClientProtocolClient.java:onNext(264)) - client-8C798EE064B2->dd0a3b65-d36c-4f93-b232-3c8e6f6667b6: receive RaftClientReply:client-8C798EE064B2->dd0a3b65-d36c-4f93-b232-3c8e6f6667b6@group-B02456D89C11, cid=4008, SUCCESS, logIndex=5614, commits[dd0a3b65-d36c-4f93-b232-3c8e6f6667b6:c5615]
2019-09-18 13:04:50,444 [grpc-default-executor-1] INFO  client.GrpcClientProtocolClient (GrpcClientProtocolClient.java:onNext(264)) - client-8C798EE064B2->dd0a3b65-d36c-4f93-b232-3c8e6f6667b6: receive RaftClientReply:client-8C798EE064B2->dd0a3b65-d36c-4f93-b232-3c8e6f6667b6@group-B02456D89C11, cid=4009, SUCCESS, logIndex=5616, commits[dd0a3b65-d36c-4f93-b232-3c8e6f6667b6:c5617]
2019-09-18 13:04:50,445 [grpc-default-executor-1] INFO  client.GrpcClientProtocolClient (GrpcClientProtocolClient.java:onNext(264)) - client-8C798EE064B2->dd0a3b65-d36c-4f93-b232-3c8e6f6667b6: receive RaftClientReply:client-8C798EE064B2->dd0a3b65-d36c-4f93-b232-3c8e6f6667b6@group-B02456D89C11, cid=4010, SUCCESS, logIndex=5617, commits[dd0a3b65-d36c-4f93-b232-3c8e6f6667b6:c5617]
2019-09-18 13:04:50,446 [grpc-default-executor-1] INFO  client.GrpcClientProtocolClient (GrpcClientProtocolClient.java:onNext(264)) - client-8C798EE064B2->dd0a3b65-d36c-4f93-b232-3c8e6f6667b6: receive RaftClientReply:client-8C798EE064B2->dd0a3b65-d36c-4f93-b232-3c8e6f6667b6@group-B02456D89C11, cid=4011, SUCCESS, logIndex=5618, commits[dd0a3b65-d36c-4f93-b232-3c8e6f6667b6:c5619]
2019-09-18 13:04:50,446 [grpc-default-executor-1] INFO  client.GrpcClientProtocolClient (GrpcClientProtocolClient.java:onNext(264)) - client-8C798EE064B2->dd0a3b65-d36c-4f93-b232-3c8e6f6667b6: receive RaftClientReply:client-8C798EE064B2->dd0a3b65-d36c-4f93-b232-3c8e6f6667b6@group-B02456D89C11, cid=4012, SUCCESS, logIndex=5619, commits[dd0a3b65-d36c-4f93-b232-3c8e6f6667b6:c5619]
2019-09-18 13:04:50,469 [grpc-default-executor-1] INFO  client.GrpcClientProtocolClient (GrpcClientProtocolClient.java:onNext(264)) - client-8C798EE064B2->dd0a3b65-d36c-4f93-b232-3c8e6f6667b6: receive RaftClientReply:client-8C798EE064B2->dd0a3b65-d36c-4f93-b232-3c8e6f6667b6@group-B02456D89C11, cid=4013, SUCCESS, logIndex=5622, commits[dd0a3b65-d36c-4f93-b232-3c8e6f6667b6:c5625]
2019-09-18 13:04:50,469 [grpc-default-executor-1] INFO  client.GrpcClientProtocolClient (GrpcClientProtocolClient.java:onNext(264)) - client-8C798EE064B2->dd0a3b65-d36c-4f93-b232-3c8e6f6667b6: receive RaftClientReply:client-8C798EE064B2->dd0a3b65-d36c-4f93-b232-3c8e6f6667b6@group-B02456D89C11, cid=4014, SUCCESS, logIndex=5623, commits[dd0a3b65-d36c-4f93-b232-3c8e6f6667b6:c5626]
2019-09-18 13:04:50,470 [grpc-default-executor-1] INFO  client.GrpcClientProtocolClient (GrpcClientProtocolClient.java:onNext(264)) - client-8C798EE064B2->dd0a3b65-d36c-4f93-b232-3c8e6f6667b6: receive RaftClientReply:client-8C798EE064B2->dd0a3b65-d36c-4f93-b232-3c8e6f6667b6@group-B02456D89C11, cid=4015, SUCCESS, logIndex=5624, commits[dd0a3b65-d36c-4f93-b232-3c8e6f6667b6:c5626]
2019-09-18 13:04:50,470 [grpc-default-executor-1] INFO  client.GrpcClientProtocolClient (GrpcClientProtocolClient.java:onNext(264)) - client-8C798EE064B2->dd0a3b65-d36c-4f93-b232-3c8e6f6667b6: receive RaftClientReply:client-8C798EE064B2->dd0a3b65-d36c-4f93-b232-3c8e6f6667b6@group-B02456D89C11, cid=4016, SUCCESS, logIndex=5625, commits[dd0a3b65-d36c-4f93-b232-3c8e6f6667b6:c5626]
2019-09-18 13:04:50,490 [SCMBlockDeletingService#0] DEBUG block.SCMBlockDeletingService (SCMBlockDeletingService.java:call(138)) - Running DeletedBlockTransactionScanner
2019-09-18 13:04:50,490 [SCMBlockDeletingService#0] DEBUG block.SCMBlockDeletingService (SCMBlockDeletingService.java:call(155)) - Scanned deleted blocks log and got 0 delTX to process.
2019-09-18 13:04:50,501 [grpc-default-executor-1] INFO  client.GrpcClientProtocolClient (GrpcClientProtocolClient.java:onNext(264)) - client-8C798EE064B2->dd0a3b65-d36c-4f93-b232-3c8e6f6667b6: receive RaftClientReply:client-8C798EE064B2->dd0a3b65-d36c-4f93-b232-3c8e6f6667b6@group-B02456D89C11, cid=4017, SUCCESS, logIndex=5627, commits[dd0a3b65-d36c-4f93-b232-3c8e6f6667b6:c5628]
2019-09-18 13:04:50,501 [grpc-default-executor-1] INFO  client.GrpcClientProtocolClient (GrpcClientProtocolClient.java:onNext(264)) - client-8C798EE064B2->dd0a3b65-d36c-4f93-b232-3c8e6f6667b6: receive RaftClientReply:client-8C798EE064B2->dd0a3b65-d36c-4f93-b232-3c8e6f6667b6@group-B02456D89C11, cid=4018, SUCCESS, logIndex=5628, commits[dd0a3b65-d36c-4f93-b232-3c8e6f6667b6:c5628]
2019-09-18 13:04:50,503 [grpc-default-executor-1] INFO  client.GrpcClientProtocolClient (GrpcClientProtocolClient.java:onNext(264)) - client-8C798EE064B2->dd0a3b65-d36c-4f93-b232-3c8e6f6667b6: receive RaftClientReply:client-8C798EE064B2->dd0a3b65-d36c-4f93-b232-3c8e6f6667b6@group-B02456D89C11, cid=4019, SUCCESS, logIndex=5629, commits[dd0a3b65-d36c-4f93-b232-3c8e6f6667b6:c5630]
2019-09-18 13:04:50,503 [grpc-default-executor-1] INFO  client.GrpcClientProtocolClient (GrpcClientProtocolClient.java:onNext(264)) - client-8C798EE064B2->dd0a3b65-d36c-4f93-b232-3c8e6f6667b6: receive RaftClientReply:client-8C798EE064B2->dd0a3b65-d36c-4f93-b232-3c8e6f6667b6@group-B02456D89C11, cid=4020, SUCCESS, logIndex=5630, commits[dd0a3b65-d36c-4f93-b232-3c8e6f6667b6:c5630]
2019-09-18 13:04:50,590 [SCMBlockDeletingService#0] DEBUG block.SCMBlockDeletingService (SCMBlockDeletingService.java:call(138)) - Running DeletedBlockTransactionScanner
2019-09-18 13:04:50,590 [SCMBlockDeletingService#0] DEBUG block.SCMBlockDeletingService (SCMBlockDeletingService.java:call(155)) - Scanned deleted blocks log and got 0 delTX to process.
2019-09-18 13:04:50,602 [grpc-default-executor-0] INFO  client.GrpcClientProtocolClient (GrpcClientProtocolClient.java:onNext(264)) - client-8C798EE064B2->dd0a3b65-d36c-4f93-b232-3c8e6f6667b6: receive RaftClientReply:client-8C798EE064B2->dd0a3b65-d36c-4f93-b232-3c8e6f6667b6@group-B02456D89C11, cid=4021, SUCCESS, logIndex=5633, commits[dd0a3b65-d36c-4f93-b232-3c8e6f6667b6:c5634]
2019-09-18 13:04:50,603 [grpc-default-executor-0] INFO  client.GrpcClientProtocolClient (GrpcClientProtocolClient.java:onNext(264)) - client-8C798EE064B2->dd0a3b65-d36c-4f93-b232-3c8e6f6667b6: receive RaftClientReply:client-8C798EE064B2->dd0a3b65-d36c-4f93-b232-3c8e6f6667b6@group-B02456D89C11, cid=4022, SUCCESS, logIndex=5634, commits[dd0a3b65-d36c-4f93-b232-3c8e6f6667b6:c5635]
2019-09-18 13:04:50,691 [SCMBlockDeletingService#0] DEBUG block.SCMBlockDeletingService (SCMBlockDeletingService.java:call(138)) - Running DeletedBlockTransactionScanner
2019-09-18 13:04:50,691 [SCMBlockDeletingService#0] DEBUG block.SCMBlockDeletingService (SCMBlockDeletingService.java:call(155)) - Scanned deleted blocks log and got 0 delTX to process.
2019-09-18 13:04:50,723 [grpc-default-executor-1] INFO  client.GrpcClientProtocolClient (GrpcClientProtocolClient.java:onNext(264)) - client-8C798EE064B2->dd0a3b65-d36c-4f93-b232-3c8e6f6667b6: receive RaftClientReply:client-8C798EE064B2->dd0a3b65-d36c-4f93-b232-3c8e6f6667b6@group-B02456D89C11, cid=4023, SUCCESS, logIndex=5636, commits[dd0a3b65-d36c-4f93-b232-3c8e6f6667b6:c5637]
2019-09-18 13:04:50,723 [grpc-default-executor-1] INFO  client.GrpcClientProtocolClient (GrpcClientProtocolClient.java:onNext(264)) - client-8C798EE064B2->dd0a3b65-d36c-4f93-b232-3c8e6f6667b6: receive RaftClientReply:client-8C798EE064B2->dd0a3b65-d36c-4f93-b232-3c8e6f6667b6@group-B02456D89C11, cid=4024, SUCCESS, logIndex=5637, commits[dd0a3b65-d36c-4f93-b232-3c8e6f6667b6:c5638]
2019-09-18 13:04:50,783 [grpc-default-executor-1] INFO  client.GrpcClientProtocolClient (GrpcClientProtocolClient.java:onNext(264)) - client-8C798EE064B2->dd0a3b65-d36c-4f93-b232-3c8e6f6667b6: receive RaftClientReply:client-8C798EE064B2->dd0a3b65-d36c-4f93-b232-3c8e6f6667b6@group-B02456D89C11, cid=4025, SUCCESS, logIndex=5639, commits[dd0a3b65-d36c-4f93-b232-3c8e6f6667b6:c5642]
2019-09-18 13:04:50,784 [grpc-default-executor-1] INFO  client.GrpcClientProtocolClient (GrpcClientProtocolClient.java:onNext(264)) - client-8C798EE064B2->dd0a3b65-d36c-4f93-b232-3c8e6f6667b6: receive RaftClientReply:client-8C798EE064B2->dd0a3b65-d36c-4f93-b232-3c8e6f6667b6@group-B02456D89C11, cid=4026, SUCCESS, logIndex=5640, commits[dd0a3b65-d36c-4f93-b232-3c8e6f6667b6:c5643]
2019-09-18 13:04:50,784 [grpc-default-executor-1] INFO  client.GrpcClientProtocolClient (GrpcClientProtocolClient.java:onNext(264)) - client-8C798EE064B2->dd0a3b65-d36c-4f93-b232-3c8e6f6667b6: receive RaftClientReply:client-8C798EE064B2->dd0a3b65-d36c-4f93-b232-3c8e6f6667b6@group-B02456D89C11, cid=4027, SUCCESS, logIndex=5641, commits[dd0a3b65-d36c-4f93-b232-3c8e6f6667b6:c5643]
2019-09-18 13:04:50,784 [grpc-default-executor-1] INFO  client.GrpcClientProtocolClient (GrpcClientProtocolClient.java:onNext(264)) - client-8C798EE064B2->dd0a3b65-d36c-4f93-b232-3c8e6f6667b6: receive RaftClientReply:client-8C798EE064B2->dd0a3b65-d36c-4f93-b232-3c8e6f6667b6@group-B02456D89C11, cid=4028, SUCCESS, logIndex=5642, commits[dd0a3b65-d36c-4f93-b232-3c8e6f6667b6:c5643]
2019-09-18 13:04:50,791 [SCMBlockDeletingService#0] DEBUG block.SCMBlockDeletingService (SCMBlockDeletingService.java:call(138)) - Running DeletedBlockTransactionScanner
2019-09-18 13:04:50,792 [SCMBlockDeletingService#0] DEBUG block.SCMBlockDeletingService (SCMBlockDeletingService.java:call(155)) - Scanned deleted blocks log and got 0 delTX to process.
2019-09-18 13:04:50,809 [grpc-default-executor-1] INFO  client.GrpcClientProtocolClient (GrpcClientProtocolClient.java:onNext(264)) - client-8C798EE064B2->dd0a3b65-d36c-4f93-b232-3c8e6f6667b6: receive RaftClientReply:client-8C798EE064B2->dd0a3b65-d36c-4f93-b232-3c8e6f6667b6@group-B02456D89C11, cid=4029, SUCCESS, logIndex=5644, commits[dd0a3b65-d36c-4f93-b232-3c8e6f6667b6:c5647]
2019-09-18 13:04:50,810 [grpc-default-executor-1] INFO  client.GrpcClientProtocolClient (GrpcClientProtocolClient.java:onNext(264)) - client-8C798EE064B2->dd0a3b65-d36c-4f93-b232-3c8e6f6667b6: receive RaftClientReply:client-8C798EE064B2->dd0a3b65-d36c-4f93-b232-3c8e6f6667b6@group-B02456D89C11, cid=4030, SUCCESS, logIndex=5645, commits[dd0a3b65-d36c-4f93-b232-3c8e6f6667b6:c5647]
2019-09-18 13:04:50,810 [grpc-default-executor-1] INFO  client.GrpcClientProtocolClient (GrpcClientProtocolClient.java:onNext(264)) - client-8C798EE064B2->dd0a3b65-d36c-4f93-b232-3c8e6f6667b6: receive RaftClientReply:client-8C798EE064B2->dd0a3b65-d36c-4f93-b232-3c8e6f6667b6@group-B02456D89C11, cid=4031, SUCCESS, logIndex=5646, commits[dd0a3b65-d36c-4f93-b232-3c8e6f6667b6:c5647]
2019-09-18 13:04:50,810 [grpc-default-executor-1] INFO  client.GrpcClientProtocolClient (GrpcClientProtocolClient.java:onNext(264)) - client-8C798EE064B2->dd0a3b65-d36c-4f93-b232-3c8e6f6667b6: receive RaftClientReply:client-8C798EE064B2->dd0a3b65-d36c-4f93-b232-3c8e6f6667b6@group-B02456D89C11, cid=4032, SUCCESS, logIndex=5647, commits[dd0a3b65-d36c-4f93-b232-3c8e6f6667b6:c5647]
2019-09-18 13:04:50,841 [grpc-default-executor-1] INFO  client.GrpcClientProtocolClient (GrpcClientProtocolClient.java:onNext(264)) - client-8C798EE064B2->dd0a3b65-d36c-4f93-b232-3c8e6f6667b6: receive RaftClientReply:client-8C798EE064B2->dd0a3b65-d36c-4f93-b232-3c8e6f6667b6@group-B02456D89C11, cid=4033, SUCCESS, logIndex=5649, commits[dd0a3b65-d36c-4f93-b232-3c8e6f6667b6:c5650]
2019-09-18 13:04:50,842 [grpc-default-executor-1] INFO  client.GrpcClientProtocolClient (GrpcClientProtocolClient.java:onNext(264)) - client-8C798EE064B2->dd0a3b65-d36c-4f93-b232-3c8e6f6667b6: receive RaftClientReply:client-8C798EE064B2->dd0a3b65-d36c-4f93-b232-3c8e6f6667b6@group-B02456D89C11, cid=4034, SUCCESS, logIndex=5650, commits[dd0a3b65-d36c-4f93-b232-3c8e6f6667b6:c5652]
2019-09-18 13:04:50,842 [grpc-default-executor-1] INFO  client.GrpcClientProtocolClient (GrpcClientProtocolClient.java:onNext(264)) - client-8C798EE064B2->dd0a3b65-d36c-4f93-b232-3c8e6f6667b6: receive RaftClientReply:client-8C798EE064B2->dd0a3b65-d36c-4f93-b232-3c8e6f6667b6@group-B02456D89C11, cid=4035, SUCCESS, logIndex=5651, commits[dd0a3b65-d36c-4f93-b232-3c8e6f6667b6:c5653]
2019-09-18 13:04:50,842 [grpc-default-executor-1] INFO  client.GrpcClientProtocolClient (GrpcClientProtocolClient.java:onNext(264)) - client-8C798EE064B2->dd0a3b65-d36c-4f93-b232-3c8e6f6667b6: receive RaftClientReply:client-8C798EE064B2->dd0a3b65-d36c-4f93-b232-3c8e6f6667b6@group-B02456D89C11, cid=4036, SUCCESS, logIndex=5652, commits[dd0a3b65-d36c-4f93-b232-3c8e6f6667b6:c5653]
2019-09-18 13:04:50,861 [grpc-default-executor-1] INFO  client.GrpcClientProtocolClient (GrpcClientProtocolClient.java:onNext(264)) - client-8C798EE064B2->dd0a3b65-d36c-4f93-b232-3c8e6f6667b6: receive RaftClientReply:client-8C798EE064B2->dd0a3b65-d36c-4f93-b232-3c8e6f6667b6@group-B02456D89C11, cid=4037, SUCCESS, logIndex=5655, commits[dd0a3b65-d36c-4f93-b232-3c8e6f6667b6:c5656]
2019-09-18 13:04:50,861 [grpc-default-executor-1] INFO  client.GrpcClientProtocolClient (GrpcClientProtocolClient.java:onNext(264)) - client-8C798EE064B2->dd0a3b65-d36c-4f93-b232-3c8e6f6667b6: receive RaftClientReply:client-8C798EE064B2->dd0a3b65-d36c-4f93-b232-3c8e6f6667b6@group-B02456D89C11, cid=4038, SUCCESS, logIndex=5656, commits[dd0a3b65-d36c-4f93-b232-3c8e6f6667b6:c5656]
2019-09-18 13:04:50,863 [grpc-default-executor-1] INFO  client.GrpcClientProtocolClient (GrpcClientProtocolClient.java:onNext(264)) - client-8C798EE064B2->dd0a3b65-d36c-4f93-b232-3c8e6f6667b6: receive RaftClientReply:client-8C798EE064B2->dd0a3b65-d36c-4f93-b232-3c8e6f6667b6@group-B02456D89C11, cid=4039, SUCCESS, logIndex=5657, commits[dd0a3b65-d36c-4f93-b232-3c8e6f6667b6:c5658]
2019-09-18 13:04:50,863 [grpc-default-executor-1] INFO  client.GrpcClientProtocolClient (GrpcClientProtocolClient.java:onNext(264)) - client-8C798EE064B2->dd0a3b65-d36c-4f93-b232-3c8e6f6667b6: receive RaftClientReply:client-8C798EE064B2->dd0a3b65-d36c-4f93-b232-3c8e6f6667b6@group-B02456D89C11, cid=4040, SUCCESS, logIndex=5658, commits[dd0a3b65-d36c-4f93-b232-3c8e6f6667b6:c5658]
2019-09-18 13:04:50,892 [SCMBlockDeletingService#0] DEBUG block.SCMBlockDeletingService (SCMBlockDeletingService.java:call(138)) - Running DeletedBlockTransactionScanner
2019-09-18 13:04:50,892 [SCMBlockDeletingService#0] DEBUG block.SCMBlockDeletingService (SCMBlockDeletingService.java:call(155)) - Scanned deleted blocks log and got 0 delTX to process.
2019-09-18 13:04:50,905 [grpc-default-executor-0] INFO  client.GrpcClientProtocolClient (GrpcClientProtocolClient.java:onNext(264)) - client-8C798EE064B2->dd0a3b65-d36c-4f93-b232-3c8e6f6667b6: receive RaftClientReply:client-8C798EE064B2->dd0a3b65-d36c-4f93-b232-3c8e6f6667b6@group-B02456D89C11, cid=4041, SUCCESS, logIndex=5661, commits[dd0a3b65-d36c-4f93-b232-3c8e6f6667b6:c5662]
2019-09-18 13:04:50,905 [grpc-default-executor-0] INFO  client.GrpcClientProtocolClient (GrpcClientProtocolClient.java:onNext(264)) - client-8C798EE064B2->dd0a3b65-d36c-4f93-b232-3c8e6f6667b6: receive RaftClientReply:client-8C798EE064B2->dd0a3b65-d36c-4f93-b232-3c8e6f6667b6@group-B02456D89C11, cid=4042, SUCCESS, logIndex=5662, commits[dd0a3b65-d36c-4f93-b232-3c8e6f6667b6:c5664]
2019-09-18 13:04:50,906 [grpc-default-executor-0] INFO  client.GrpcClientProtocolClient (GrpcClientProtocolClient.java:onNext(264)) - client-8C798EE064B2->dd0a3b65-d36c-4f93-b232-3c8e6f6667b6: receive RaftClientReply:client-8C798EE064B2->dd0a3b65-d36c-4f93-b232-3c8e6f6667b6@group-B02456D89C11, cid=4043, SUCCESS, logIndex=5663, commits[dd0a3b65-d36c-4f93-b232-3c8e6f6667b6:c5664]
2019-09-18 13:04:50,906 [grpc-default-executor-0] INFO  client.GrpcClientProtocolClient (GrpcClientProtocolClient.java:onNext(264)) - client-8C798EE064B2->dd0a3b65-d36c-4f93-b232-3c8e6f6667b6: receive RaftClientReply:client-8C798EE064B2->dd0a3b65-d36c-4f93-b232-3c8e6f6667b6@group-B02456D89C11, cid=4044, SUCCESS, logIndex=5664, commits[dd0a3b65-d36c-4f93-b232-3c8e6f6667b6:c5665]
2019-09-18 13:04:50,924 [grpc-default-executor-1] INFO  client.GrpcClientProtocolClient (GrpcClientProtocolClient.java:onNext(264)) - client-8C798EE064B2->dd0a3b65-d36c-4f93-b232-3c8e6f6667b6: receive RaftClientReply:client-8C798EE064B2->dd0a3b65-d36c-4f93-b232-3c8e6f6667b6@group-B02456D89C11, cid=4045, SUCCESS, logIndex=5667, commits[dd0a3b65-d36c-4f93-b232-3c8e6f6667b6:c5668]
2019-09-18 13:04:50,925 [grpc-default-executor-1] INFO  client.GrpcClientProtocolClient (GrpcClientProtocolClient.java:onNext(264)) - client-8C798EE064B2->dd0a3b65-d36c-4f93-b232-3c8e6f6667b6: receive RaftClientReply:client-8C798EE064B2->dd0a3b65-d36c-4f93-b232-3c8e6f6667b6@group-B02456D89C11, cid=4046, SUCCESS, logIndex=5668, commits[dd0a3b65-d36c-4f93-b232-3c8e6f6667b6:c5668]
2019-09-18 13:04:50,926 [grpc-default-executor-1] INFO  client.GrpcClientProtocolClient (GrpcClientProtocolClient.java:onNext(264)) - client-8C798EE064B2->dd0a3b65-d36c-4f93-b232-3c8e6f6667b6: receive RaftClientReply:client-8C798EE064B2->dd0a3b65-d36c-4f93-b232-3c8e6f6667b6@group-B02456D89C11, cid=4047, SUCCESS, logIndex=5669, commits[dd0a3b65-d36c-4f93-b232-3c8e6f6667b6:c5670]
2019-09-18 13:04:50,927 [grpc-default-executor-1] INFO  client.GrpcClientProtocolClient (GrpcClientProtocolClient.java:onNext(264)) - client-8C798EE064B2->dd0a3b65-d36c-4f93-b232-3c8e6f6667b6: receive RaftClientReply:client-8C798EE064B2->dd0a3b65-d36c-4f93-b232-3c8e6f6667b6@group-B02456D89C11, cid=4048, SUCCESS, logIndex=5670, commits[dd0a3b65-d36c-4f93-b232-3c8e6f6667b6:c5670]
2019-09-18 13:04:50,959 [grpc-default-executor-1] INFO  client.GrpcClientProtocolClient (GrpcClientProtocolClient.java:onNext(264)) - client-8C798EE064B2->dd0a3b65-d36c-4f93-b232-3c8e6f6667b6: receive RaftClientReply:client-8C798EE064B2->dd0a3b65-d36c-4f93-b232-3c8e6f6667b6@group-B02456D89C11, cid=4049, SUCCESS, logIndex=5673, commits[dd0a3b65-d36c-4f93-b232-3c8e6f6667b6:c5674]
2019-09-18 13:04:50,959 [grpc-default-executor-1] INFO  client.GrpcClientProtocolClient (GrpcClientProtocolClient.java:onNext(264)) - client-8C798EE064B2->dd0a3b65-d36c-4f93-b232-3c8e6f6667b6: receive RaftClientReply:client-8C798EE064B2->dd0a3b65-d36c-4f93-b232-3c8e6f6667b6@group-B02456D89C11, cid=4050, SUCCESS, logIndex=5674, commits[dd0a3b65-d36c-4f93-b232-3c8e6f6667b6:c5676]
2019-09-18 13:04:50,959 [grpc-default-executor-1] INFO  client.GrpcClientProtocolClient (GrpcClientProtocolClient.java:onNext(264)) - client-8C798EE064B2->dd0a3b65-d36c-4f93-b232-3c8e6f6667b6: receive RaftClientReply:client-8C798EE064B2->dd0a3b65-d36c-4f93-b232-3c8e6f6667b6@group-B02456D89C11, cid=4051, SUCCESS, logIndex=5675, commits[dd0a3b65-d36c-4f93-b232-3c8e6f6667b6:c5677]
2019-09-18 13:04:50,960 [grpc-default-executor-1] INFO  client.GrpcClientProtocolClient (GrpcClientProtocolClient.java:onNext(264)) - client-8C798EE064B2->dd0a3b65-d36c-4f93-b232-3c8e6f6667b6: receive RaftClientReply:client-8C798EE064B2->dd0a3b65-d36c-4f93-b232-3c8e6f6667b6@group-B02456D89C11, cid=4052, SUCCESS, logIndex=5676, commits[dd0a3b65-d36c-4f93-b232-3c8e6f6667b6:c5677]
2019-09-18 13:04:50,978 [grpc-default-executor-0] INFO  client.GrpcClientProtocolClient (GrpcClientProtocolClient.java:onNext(264)) - client-8C798EE064B2->dd0a3b65-d36c-4f93-b232-3c8e6f6667b6: receive RaftClientReply:client-8C798EE064B2->dd0a3b65-d36c-4f93-b232-3c8e6f6667b6@group-B02456D89C11, cid=4053, SUCCESS, logIndex=5679, commits[dd0a3b65-d36c-4f93-b232-3c8e6f6667b6:c5680]
2019-09-18 13:04:50,979 [grpc-default-executor-0] INFO  client.GrpcClientProtocolClient (GrpcClientProtocolClient.java:onNext(264)) - client-8C798EE064B2->dd0a3b65-d36c-4f93-b232-3c8e6f6667b6: receive RaftClientReply:client-8C798EE064B2->dd0a3b65-d36c-4f93-b232-3c8e6f6667b6@group-B02456D89C11, cid=4054, SUCCESS, logIndex=5680, commits[dd0a3b65-d36c-4f93-b232-3c8e6f6667b6:c5682]
2019-09-18 13:04:50,979 [grpc-default-executor-0] INFO  client.GrpcClientProtocolClient (GrpcClientProtocolClient.java:onNext(264)) - client-8C798EE064B2->dd0a3b65-d36c-4f93-b232-3c8e6f6667b6: receive RaftClientReply:client-8C798EE064B2->dd0a3b65-d36c-4f93-b232-3c8e6f6667b6@group-B02456D89C11, cid=4055, SUCCESS, logIndex=5681, commits[dd0a3b65-d36c-4f93-b232-3c8e6f6667b6:c5683]
2019-09-18 13:04:50,979 [grpc-default-executor-0] INFO  client.GrpcClientProtocolClient (GrpcClientProtocolClient.java:onNext(264)) - client-8C798EE064B2->dd0a3b65-d36c-4f93-b232-3c8e6f6667b6: receive RaftClientReply:client-8C798EE064B2->dd0a3b65-d36c-4f93-b232-3c8e6f6667b6@group-B02456D89C11, cid=4056, SUCCESS, logIndex=5682, commits[dd0a3b65-d36c-4f93-b232-3c8e6f6667b6:c5683]
2019-09-18 13:04:50,992 [SCMBlockDeletingService#0] DEBUG block.SCMBlockDeletingService (SCMBlockDeletingService.java:call(138)) - Running DeletedBlockTransactionScanner
2019-09-18 13:04:50,993 [SCMBlockDeletingService#0] DEBUG block.SCMBlockDeletingService (SCMBlockDeletingService.java:call(155)) - Scanned deleted blocks log and got 0 delTX to process.
2019-09-18 13:04:51,013 [grpc-default-executor-0] INFO  client.GrpcClientProtocolClient (GrpcClientProtocolClient.java:onNext(264)) - client-8C798EE064B2->dd0a3b65-d36c-4f93-b232-3c8e6f6667b6: receive RaftClientReply:client-8C798EE064B2->dd0a3b65-d36c-4f93-b232-3c8e6f6667b6@group-B02456D89C11, cid=4057, SUCCESS, logIndex=5685, commits[dd0a3b65-d36c-4f93-b232-3c8e6f6667b6:c5688]
2019-09-18 13:04:51,014 [grpc-default-executor-0] INFO  client.GrpcClientProtocolClient (GrpcClientProtocolClient.java:onNext(264)) - client-8C798EE064B2->dd0a3b65-d36c-4f93-b232-3c8e6f6667b6: receive RaftClientReply:client-8C798EE064B2->dd0a3b65-d36c-4f93-b232-3c8e6f6667b6@group-B02456D89C11, cid=4058, SUCCESS, logIndex=5686, commits[dd0a3b65-d36c-4f93-b232-3c8e6f6667b6:c5689]
2019-09-18 13:04:51,014 [grpc-default-executor-0] INFO  client.GrpcClientProtocolClient (GrpcClientProtocolClient.java:onNext(264)) - client-8C798EE064B2->dd0a3b65-d36c-4f93-b232-3c8e6f6667b6: receive RaftClientReply:client-8C798EE064B2->dd0a3b65-d36c-4f93-b232-3c8e6f6667b6@group-B02456D89C11, cid=4059, SUCCESS, logIndex=5687, commits[dd0a3b65-d36c-4f93-b232-3c8e6f6667b6:c5689]
2019-09-18 13:04:51,014 [grpc-default-executor-0] INFO  client.GrpcClientProtocolClient (GrpcClientProtocolClient.java:onNext(264)) - client-8C798EE064B2->dd0a3b65-d36c-4f93-b232-3c8e6f6667b6: receive RaftClientReply:client-8C798EE064B2->dd0a3b65-d36c-4f93-b232-3c8e6f6667b6@group-B02456D89C11, cid=4060, SUCCESS, logIndex=5688, commits[dd0a3b65-d36c-4f93-b232-3c8e6f6667b6:c5689]
2019-09-18 13:04:51,035 [grpc-default-executor-1] INFO  client.GrpcClientProtocolClient (GrpcClientProtocolClient.java:onNext(264)) - client-8C798EE064B2->dd0a3b65-d36c-4f93-b232-3c8e6f6667b6: receive RaftClientReply:client-8C798EE064B2->dd0a3b65-d36c-4f93-b232-3c8e6f6667b6@group-B02456D89C11, cid=4061, SUCCESS, logIndex=5690, commits[dd0a3b65-d36c-4f93-b232-3c8e6f6667b6:c5691]
2019-09-18 13:04:51,036 [grpc-default-executor-1] INFO  client.GrpcClientProtocolClient (GrpcClientProtocolClient.java:onNext(264)) - client-8C798EE064B2->dd0a3b65-d36c-4f93-b232-3c8e6f6667b6: receive RaftClientReply:client-8C798EE064B2->dd0a3b65-d36c-4f93-b232-3c8e6f6667b6@group-B02456D89C11, cid=4062, SUCCESS, logIndex=5691, commits[dd0a3b65-d36c-4f93-b232-3c8e6f6667b6:c5693]
2019-09-18 13:04:51,036 [grpc-default-executor-1] INFO  client.GrpcClientProtocolClient (GrpcClientProtocolClient.java:onNext(264)) - client-8C798EE064B2->dd0a3b65-d36c-4f93-b232-3c8e6f6667b6: receive RaftClientReply:client-8C798EE064B2->dd0a3b65-d36c-4f93-b232-3c8e6f6667b6@group-B02456D89C11, cid=4063, SUCCESS, logIndex=5692, commits[dd0a3b65-d36c-4f93-b232-3c8e6f6667b6:c5694]
2019-09-18 13:04:51,037 [grpc-default-executor-1] INFO  client.GrpcClientProtocolClient (GrpcClientProtocolClient.java:onNext(264)) - client-8C798EE064B2->dd0a3b65-d36c-4f93-b232-3c8e6f6667b6: receive RaftClientReply:client-8C798EE064B2->dd0a3b65-d36c-4f93-b232-3c8e6f6667b6@group-B02456D89C11, cid=4064, SUCCESS, logIndex=5693, commits[dd0a3b65-d36c-4f93-b232-3c8e6f6667b6:c5695]
2019-09-18 13:04:51,070 [grpc-default-executor-0] INFO  client.GrpcClientProtocolClient (GrpcClientProtocolClient.java:onNext(264)) - client-8C798EE064B2->dd0a3b65-d36c-4f93-b232-3c8e6f6667b6: receive RaftClientReply:client-8C798EE064B2->dd0a3b65-d36c-4f93-b232-3c8e6f6667b6@group-B02456D89C11, cid=4065, SUCCESS, logIndex=5696, commits[dd0a3b65-d36c-4f93-b232-3c8e6f6667b6:c5697]
2019-09-18 13:04:51,070 [grpc-default-executor-0] INFO  client.GrpcClientProtocolClient (GrpcClientProtocolClient.java:onNext(264)) - client-8C798EE064B2->dd0a3b65-d36c-4f93-b232-3c8e6f6667b6: receive RaftClientReply:client-8C798EE064B2->dd0a3b65-d36c-4f93-b232-3c8e6f6667b6@group-B02456D89C11, cid=4066, SUCCESS, logIndex=5697, commits[dd0a3b65-d36c-4f93-b232-3c8e6f6667b6:c5698]
2019-09-18 13:04:51,093 [SCMBlockDeletingService#0] DEBUG block.SCMBlockDeletingService (SCMBlockDeletingService.java:call(138)) - Running DeletedBlockTransactionScanner
2019-09-18 13:04:51,093 [SCMBlockDeletingService#0] DEBUG block.SCMBlockDeletingService (SCMBlockDeletingService.java:call(155)) - Scanned deleted blocks log and got 0 delTX to process.
2019-09-18 13:04:51,189 [grpc-default-executor-1] INFO  client.GrpcClientProtocolClient (GrpcClientProtocolClient.java:onNext(264)) - client-8C798EE064B2->dd0a3b65-d36c-4f93-b232-3c8e6f6667b6: receive RaftClientReply:client-8C798EE064B2->dd0a3b65-d36c-4f93-b232-3c8e6f6667b6@group-B02456D89C11, cid=4067, SUCCESS, logIndex=5699, commits[dd0a3b65-d36c-4f93-b232-3c8e6f6667b6:c5700]
2019-09-18 13:04:51,189 [grpc-default-executor-1] INFO  client.GrpcClientProtocolClient (GrpcClientProtocolClient.java:onNext(264)) - client-8C798EE064B2->dd0a3b65-d36c-4f93-b232-3c8e6f6667b6: receive RaftClientReply:client-8C798EE064B2->dd0a3b65-d36c-4f93-b232-3c8e6f6667b6@group-B02456D89C11, cid=4068, SUCCESS, logIndex=5700, commits[dd0a3b65-d36c-4f93-b232-3c8e6f6667b6:c5701]
2019-09-18 13:04:51,194 [SCMBlockDeletingService#0] DEBUG block.SCMBlockDeletingService (SCMBlockDeletingService.java:call(138)) - Running DeletedBlockTransactionScanner
2019-09-18 13:04:51,194 [SCMBlockDeletingService#0] DEBUG block.SCMBlockDeletingService (SCMBlockDeletingService.java:call(155)) - Scanned deleted blocks log and got 0 delTX to process.
2019-09-18 13:04:51,210 [grpc-default-executor-1] INFO  client.GrpcClientProtocolClient (GrpcClientProtocolClient.java:onNext(264)) - client-8C798EE064B2->dd0a3b65-d36c-4f93-b232-3c8e6f6667b6: receive RaftClientReply:client-8C798EE064B2->dd0a3b65-d36c-4f93-b232-3c8e6f6667b6@group-B02456D89C11, cid=4069, SUCCESS, logIndex=5702, commits[dd0a3b65-d36c-4f93-b232-3c8e6f6667b6:c5703]
2019-09-18 13:04:51,210 [grpc-default-executor-1] INFO  client.GrpcClientProtocolClient (GrpcClientProtocolClient.java:onNext(264)) - client-8C798EE064B2->dd0a3b65-d36c-4f93-b232-3c8e6f6667b6: receive RaftClientReply:client-8C798EE064B2->dd0a3b65-d36c-4f93-b232-3c8e6f6667b6@group-B02456D89C11, cid=4070, SUCCESS, logIndex=5703, commits[dd0a3b65-d36c-4f93-b232-3c8e6f6667b6:c5703]
2019-09-18 13:04:51,212 [grpc-default-executor-1] INFO  client.GrpcClientProtocolClient (GrpcClientProtocolClient.java:onNext(264)) - client-8C798EE064B2->dd0a3b65-d36c-4f93-b232-3c8e6f6667b6: receive RaftClientReply:client-8C798EE064B2->dd0a3b65-d36c-4f93-b232-3c8e6f6667b6@group-B02456D89C11, cid=4071, SUCCESS, logIndex=5704, commits[dd0a3b65-d36c-4f93-b232-3c8e6f6667b6:c5705]
2019-09-18 13:04:51,212 [grpc-default-executor-1] INFO  client.GrpcClientProtocolClient (GrpcClientProtocolClient.java:onNext(264)) - client-8C798EE064B2->dd0a3b65-d36c-4f93-b232-3c8e6f6667b6: receive RaftClientReply:client-8C798EE064B2->dd0a3b65-d36c-4f93-b232-3c8e6f6667b6@group-B02456D89C11, cid=4072, SUCCESS, logIndex=5705, commits[dd0a3b65-d36c-4f93-b232-3c8e6f6667b6:c5705]
2019-09-18 13:04:51,245 [grpc-default-executor-1] INFO  client.GrpcClientProtocolClient (GrpcClientProtocolClient.java:onNext(264)) - client-8C798EE064B2->dd0a3b65-d36c-4f93-b232-3c8e6f6667b6: receive RaftClientReply:client-8C798EE064B2->dd0a3b65-d36c-4f93-b232-3c8e6f6667b6@group-B02456D89C11, cid=4073, SUCCESS, logIndex=5708, commits[dd0a3b65-d36c-4f93-b232-3c8e6f6667b6:c5709]
2019-09-18 13:04:51,245 [grpc-default-executor-1] INFO  client.GrpcClientProtocolClient (GrpcClientProtocolClient.java:onNext(264)) - client-8C798EE064B2->dd0a3b65-d36c-4f93-b232-3c8e6f6667b6: receive RaftClientReply:client-8C798EE064B2->dd0a3b65-d36c-4f93-b232-3c8e6f6667b6@group-B02456D89C11, cid=4074, SUCCESS, logIndex=5709, commits[dd0a3b65-d36c-4f93-b232-3c8e6f6667b6:c5709]
2019-09-18 13:04:51,247 [grpc-default-executor-1] INFO  client.GrpcClientProtocolClient (GrpcClientProtocolClient.java:onNext(264)) - client-8C798EE064B2->dd0a3b65-d36c-4f93-b232-3c8e6f6667b6: receive RaftClientReply:client-8C798EE064B2->dd0a3b65-d36c-4f93-b232-3c8e6f6667b6@group-B02456D89C11, cid=4075, SUCCESS, logIndex=5710, commits[dd0a3b65-d36c-4f93-b232-3c8e6f6667b6:c5711]
2019-09-18 13:04:51,247 [grpc-default-executor-1] INFO  client.GrpcClientProtocolClient (GrpcClientProtocolClient.java:onNext(264)) - client-8C798EE064B2->dd0a3b65-d36c-4f93-b232-3c8e6f6667b6: receive RaftClientReply:client-8C798EE064B2->dd0a3b65-d36c-4f93-b232-3c8e6f6667b6@group-B02456D89C11, cid=4076, SUCCESS, logIndex=5711, commits[dd0a3b65-d36c-4f93-b232-3c8e6f6667b6:c5711]
2019-09-18 13:04:51,258 [grpc-default-executor-1] INFO  client.GrpcClientProtocolClient (GrpcClientProtocolClient.java:onNext(264)) - client-8C798EE064B2->dd0a3b65-d36c-4f93-b232-3c8e6f6667b6: receive RaftClientReply:client-8C798EE064B2->dd0a3b65-d36c-4f93-b232-3c8e6f6667b6@group-B02456D89C11, cid=4077, SUCCESS, logIndex=5714, commits[dd0a3b65-d36c-4f93-b232-3c8e6f6667b6:c5717]
2019-09-18 13:04:51,259 [grpc-default-executor-1] INFO  client.GrpcClientProtocolClient (GrpcClientProtocolClient.java:onNext(264)) - client-8C798EE064B2->dd0a3b65-d36c-4f93-b232-3c8e6f6667b6: receive RaftClientReply:client-8C798EE064B2->dd0a3b65-d36c-4f93-b232-3c8e6f6667b6@group-B02456D89C11, cid=4078, SUCCESS, logIndex=5715, commits[dd0a3b65-d36c-4f93-b232-3c8e6f6667b6:c5718]
2019-09-18 13:04:51,259 [grpc-default-executor-1] INFO  client.GrpcClientProtocolClient (GrpcClientProtocolClient.java:onNext(264)) - client-8C798EE064B2->dd0a3b65-d36c-4f93-b232-3c8e6f6667b6: receive RaftClientReply:client-8C798EE064B2->dd0a3b65-d36c-4f93-b232-3c8e6f6667b6@group-B02456D89C11, cid=4079, SUCCESS, logIndex=5716, commits[dd0a3b65-d36c-4f93-b232-3c8e6f6667b6:c5718]
2019-09-18 13:04:51,260 [grpc-default-executor-1] INFO  client.GrpcClientProtocolClient (GrpcClientProtocolClient.java:onNext(264)) - client-8C798EE064B2->dd0a3b65-d36c-4f93-b232-3c8e6f6667b6: receive RaftClientReply:client-8C798EE064B2->dd0a3b65-d36c-4f93-b232-3c8e6f6667b6@group-B02456D89C11, cid=4080, SUCCESS, logIndex=5717, commits[dd0a3b65-d36c-4f93-b232-3c8e6f6667b6:c5718]
2019-09-18 13:04:51,294 [grpc-default-executor-1] INFO  client.GrpcClientProtocolClient (GrpcClientProtocolClient.java:onNext(264)) - client-8C798EE064B2->dd0a3b65-d36c-4f93-b232-3c8e6f6667b6: receive RaftClientReply:client-8C798EE064B2->dd0a3b65-d36c-4f93-b232-3c8e6f6667b6@group-B02456D89C11, cid=4081, SUCCESS, logIndex=5719, commits[dd0a3b65-d36c-4f93-b232-3c8e6f6667b6:c5722]
2019-09-18 13:04:51,294 [SCMBlockDeletingService#0] DEBUG block.SCMBlockDeletingService (SCMBlockDeletingService.java:call(138)) - Running DeletedBlockTransactionScanner
2019-09-18 13:04:51,294 [SCMBlockDeletingService#0] DEBUG block.SCMBlockDeletingService (SCMBlockDeletingService.java:call(155)) - Scanned deleted blocks log and got 0 delTX to process.
2019-09-18 13:04:51,295 [grpc-default-executor-1] INFO  client.GrpcClientProtocolClient (GrpcClientProtocolClient.java:onNext(264)) - client-8C798EE064B2->dd0a3b65-d36c-4f93-b232-3c8e6f6667b6: receive RaftClientReply:client-8C798EE064B2->dd0a3b65-d36c-4f93-b232-3c8e6f6667b6@group-B02456D89C11, cid=4082, SUCCESS, logIndex=5720, commits[dd0a3b65-d36c-4f93-b232-3c8e6f6667b6:c5722]
2019-09-18 13:04:51,295 [grpc-default-executor-1] INFO  client.GrpcClientProtocolClient (GrpcClientProtocolClient.java:onNext(264)) - client-8C798EE064B2->dd0a3b65-d36c-4f93-b232-3c8e6f6667b6: receive RaftClientReply:client-8C798EE064B2->dd0a3b65-d36c-4f93-b232-3c8e6f6667b6@group-B02456D89C11, cid=4083, SUCCESS, logIndex=5721, commits[dd0a3b65-d36c-4f93-b232-3c8e6f6667b6:c5723]
2019-09-18 13:04:51,295 [grpc-default-executor-1] INFO  client.GrpcClientProtocolClient (GrpcClientProtocolClient.java:onNext(264)) - client-8C798EE064B2->dd0a3b65-d36c-4f93-b232-3c8e6f6667b6: receive RaftClientReply:client-8C798EE064B2->dd0a3b65-d36c-4f93-b232-3c8e6f6667b6@group-B02456D89C11, cid=4084, SUCCESS, logIndex=5722, commits[dd0a3b65-d36c-4f93-b232-3c8e6f6667b6:c5723]
2019-09-18 13:04:51,315 [grpc-default-executor-1] INFO  client.GrpcClientProtocolClient (GrpcClientProtocolClient.java:onNext(264)) - client-8C798EE064B2->dd0a3b65-d36c-4f93-b232-3c8e6f6667b6: receive RaftClientReply:client-8C798EE064B2->dd0a3b65-d36c-4f93-b232-3c8e6f6667b6@group-B02456D89C11, cid=4085, SUCCESS, logIndex=5725, commits[dd0a3b65-d36c-4f93-b232-3c8e6f6667b6:c5726]
2019-09-18 13:04:51,315 [grpc-default-executor-1] INFO  client.GrpcClientProtocolClient (GrpcClientProtocolClient.java:onNext(264)) - client-8C798EE064B2->dd0a3b65-d36c-4f93-b232-3c8e6f6667b6: receive RaftClientReply:client-8C798EE064B2->dd0a3b65-d36c-4f93-b232-3c8e6f6667b6@group-B02456D89C11, cid=4086, SUCCESS, logIndex=5726, commits[dd0a3b65-d36c-4f93-b232-3c8e6f6667b6:c5728]
2019-09-18 13:04:51,315 [grpc-default-executor-1] INFO  client.GrpcClientProtocolClient (GrpcClientProtocolClient.java:onNext(264)) - client-8C798EE064B2->dd0a3b65-d36c-4f93-b232-3c8e6f6667b6: receive RaftClientReply:client-8C798EE064B2->dd0a3b65-d36c-4f93-b232-3c8e6f6667b6@group-B02456D89C11, cid=4087, SUCCESS, logIndex=5727, commits[dd0a3b65-d36c-4f93-b232-3c8e6f6667b6:c5729]
2019-09-18 13:04:51,316 [grpc-default-executor-1] INFO  client.GrpcClientProtocolClient (GrpcClientProtocolClient.java:onNext(264)) - client-8C798EE064B2->dd0a3b65-d36c-4f93-b232-3c8e6f6667b6: receive RaftClientReply:client-8C798EE064B2->dd0a3b65-d36c-4f93-b232-3c8e6f6667b6@group-B02456D89C11, cid=4088, SUCCESS, logIndex=5728, commits[dd0a3b65-d36c-4f93-b232-3c8e6f6667b6:c5729]
2019-09-18 13:04:51,357 [grpc-default-executor-1] INFO  client.GrpcClientProtocolClient (GrpcClientProtocolClient.java:onNext(264)) - client-8C798EE064B2->dd0a3b65-d36c-4f93-b232-3c8e6f6667b6: receive RaftClientReply:client-8C798EE064B2->dd0a3b65-d36c-4f93-b232-3c8e6f6667b6@group-B02456D89C11, cid=4089, SUCCESS, logIndex=5731, commits[dd0a3b65-d36c-4f93-b232-3c8e6f6667b6:c5734]
2019-09-18 13:04:51,357 [grpc-default-executor-1] INFO  client.GrpcClientProtocolClient (GrpcClientProtocolClient.java:onNext(264)) - client-8C798EE064B2->dd0a3b65-d36c-4f93-b232-3c8e6f6667b6: receive RaftClientReply:client-8C798EE064B2->dd0a3b65-d36c-4f93-b232-3c8e6f6667b6@group-B02456D89C11, cid=4090, SUCCESS, logIndex=5732, commits[dd0a3b65-d36c-4f93-b232-3c8e6f6667b6:c5734]
2019-09-18 13:04:51,358 [grpc-default-executor-1] INFO  client.GrpcClientProtocolClient (GrpcClientProtocolClient.java:onNext(264)) - client-8C798EE064B2->dd0a3b65-d36c-4f93-b232-3c8e6f6667b6: receive RaftClientReply:client-8C798EE064B2->dd0a3b65-d36c-4f93-b232-3c8e6f6667b6@group-B02456D89C11, cid=4091, SUCCESS, logIndex=5733, commits[dd0a3b65-d36c-4f93-b232-3c8e6f6667b6:c5734]
2019-09-18 13:04:51,358 [grpc-default-executor-1] INFO  client.GrpcClientProtocolClient (GrpcClientProtocolClient.java:onNext(264)) - client-8C798EE064B2->dd0a3b65-d36c-4f93-b232-3c8e6f6667b6: receive RaftClientReply:client-8C798EE064B2->dd0a3b65-d36c-4f93-b232-3c8e6f6667b6@group-B02456D89C11, cid=4092, SUCCESS, logIndex=5734, commits[dd0a3b65-d36c-4f93-b232-3c8e6f6667b6:c5735]
2019-09-18 13:04:51,377 [grpc-default-executor-1] INFO  client.GrpcClientProtocolClient (GrpcClientProtocolClient.java:onNext(264)) - client-8C798EE064B2->dd0a3b65-d36c-4f93-b232-3c8e6f6667b6: receive RaftClientReply:client-8C798EE064B2->dd0a3b65-d36c-4f93-b232-3c8e6f6667b6@group-B02456D89C11, cid=4093, SUCCESS, logIndex=5736, commits[dd0a3b65-d36c-4f93-b232-3c8e6f6667b6:c5737]
2019-09-18 13:04:51,377 [grpc-default-executor-1] INFO  client.GrpcClientProtocolClient (GrpcClientProtocolClient.java:onNext(264)) - client-8C798EE064B2->dd0a3b65-d36c-4f93-b232-3c8e6f6667b6: receive RaftClientReply:client-8C798EE064B2->dd0a3b65-d36c-4f93-b232-3c8e6f6667b6@group-B02456D89C11, cid=4094, SUCCESS, logIndex=5737, commits[dd0a3b65-d36c-4f93-b232-3c8e6f6667b6:c5737]
2019-09-18 13:04:51,379 [grpc-default-executor-1] INFO  client.GrpcClientProtocolClient (GrpcClientProtocolClient.java:onNext(264)) - client-8C798EE064B2->dd0a3b65-d36c-4f93-b232-3c8e6f6667b6: receive RaftClientReply:client-8C798EE064B2->dd0a3b65-d36c-4f93-b232-3c8e6f6667b6@group-B02456D89C11, cid=4095, SUCCESS, logIndex=5738, commits[dd0a3b65-d36c-4f93-b232-3c8e6f6667b6:c5739]
2019-09-18 13:04:51,379 [grpc-default-executor-1] INFO  client.GrpcClientProtocolClient (GrpcClientProtocolClient.java:onNext(264)) - client-8C798EE064B2->dd0a3b65-d36c-4f93-b232-3c8e6f6667b6: receive RaftClientReply:client-8C798EE064B2->dd0a3b65-d36c-4f93-b232-3c8e6f6667b6@group-B02456D89C11, cid=4096, SUCCESS, logIndex=5739, commits[dd0a3b65-d36c-4f93-b232-3c8e6f6667b6:c5739]
2019-09-18 13:04:51,395 [SCMBlockDeletingService#0] DEBUG block.SCMBlockDeletingService (SCMBlockDeletingService.java:call(138)) - Running DeletedBlockTransactionScanner
2019-09-18 13:04:51,395 [SCMBlockDeletingService#0] DEBUG block.SCMBlockDeletingService (SCMBlockDeletingService.java:call(155)) - Scanned deleted blocks log and got 0 delTX to process.
2019-09-18 13:04:51,409 [grpc-default-executor-0] INFO  client.GrpcClientProtocolClient (GrpcClientProtocolClient.java:onNext(264)) - client-8C798EE064B2->dd0a3b65-d36c-4f93-b232-3c8e6f6667b6: receive RaftClientReply:client-8C798EE064B2->dd0a3b65-d36c-4f93-b232-3c8e6f6667b6@group-B02456D89C11, cid=4097, SUCCESS, logIndex=5742, commits[dd0a3b65-d36c-4f93-b232-3c8e6f6667b6:c5743]
2019-09-18 13:04:51,410 [grpc-default-executor-0] INFO  client.GrpcClientProtocolClient (GrpcClientProtocolClient.java:onNext(264)) - client-8C798EE064B2->dd0a3b65-d36c-4f93-b232-3c8e6f6667b6: receive RaftClientReply:client-8C798EE064B2->dd0a3b65-d36c-4f93-b232-3c8e6f6667b6@group-B02456D89C11, cid=4098, SUCCESS, logIndex=5743, commits[dd0a3b65-d36c-4f93-b232-3c8e6f6667b6:c5745]
2019-09-18 13:04:51,410 [grpc-default-executor-0] INFO  client.GrpcClientProtocolClient (GrpcClientProtocolClient.java:onNext(264)) - client-8C798EE064B2->dd0a3b65-d36c-4f93-b232-3c8e6f6667b6: receive RaftClientReply:client-8C798EE064B2->dd0a3b65-d36c-4f93-b232-3c8e6f6667b6@group-B02456D89C11, cid=4099, SUCCESS, logIndex=5744, commits[dd0a3b65-d36c-4f93-b232-3c8e6f6667b6:c5746]
2019-09-18 13:04:51,410 [grpc-default-executor-0] INFO  client.GrpcClientProtocolClient (GrpcClientProtocolClient.java:onNext(264)) - client-8C798EE064B2->dd0a3b65-d36c-4f93-b232-3c8e6f6667b6: receive RaftClientReply:client-8C798EE064B2->dd0a3b65-d36c-4f93-b232-3c8e6f6667b6@group-B02456D89C11, cid=4100, SUCCESS, logIndex=5745, commits[dd0a3b65-d36c-4f93-b232-3c8e6f6667b6:c5746]
2019-09-18 13:04:51,429 [grpc-default-executor-0] INFO  client.GrpcClientProtocolClient (GrpcClientProtocolClient.java:onNext(264)) - client-8C798EE064B2->dd0a3b65-d36c-4f93-b232-3c8e6f6667b6: receive RaftClientReply:client-8C798EE064B2->dd0a3b65-d36c-4f93-b232-3c8e6f6667b6@group-B02456D89C11, cid=4101, SUCCESS, logIndex=5748, commits[dd0a3b65-d36c-4f93-b232-3c8e6f6667b6:c5749]
2019-09-18 13:04:51,429 [grpc-default-executor-0] INFO  client.GrpcClientProtocolClient (GrpcClientProtocolClient.java:onNext(264)) - client-8C798EE064B2->dd0a3b65-d36c-4f93-b232-3c8e6f6667b6: receive RaftClientReply:client-8C798EE064B2->dd0a3b65-d36c-4f93-b232-3c8e6f6667b6@group-B02456D89C11, cid=4102, SUCCESS, logIndex=5749, commits[dd0a3b65-d36c-4f93-b232-3c8e6f6667b6:c5751]
2019-09-18 13:04:51,430 [grpc-default-executor-0] INFO  client.GrpcClientProtocolClient (GrpcClientProtocolClient.java:onNext(264)) - client-8C798EE064B2->dd0a3b65-d36c-4f93-b232-3c8e6f6667b6: receive RaftClientReply:client-8C798EE064B2->dd0a3b65-d36c-4f93-b232-3c8e6f6667b6@group-B02456D89C11, cid=4103, SUCCESS, logIndex=5750, commits[dd0a3b65-d36c-4f93-b232-3c8e6f6667b6:c5751]
2019-09-18 13:04:51,430 [grpc-default-executor-0] INFO  client.GrpcClientProtocolClient (GrpcClientProtocolClient.java:onNext(264)) - client-8C798EE064B2->dd0a3b65-d36c-4f93-b232-3c8e6f6667b6: receive RaftClientReply:client-8C798EE064B2->dd0a3b65-d36c-4f93-b232-3c8e6f6667b6@group-B02456D89C11, cid=4104, SUCCESS, logIndex=5751, commits[dd0a3b65-d36c-4f93-b232-3c8e6f6667b6:c5752]
2019-09-18 13:04:51,462 [grpc-default-executor-0] INFO  client.GrpcClientProtocolClient (GrpcClientProtocolClient.java:onNext(264)) - client-8C798EE064B2->dd0a3b65-d36c-4f93-b232-3c8e6f6667b6: receive RaftClientReply:client-8C798EE064B2->dd0a3b65-d36c-4f93-b232-3c8e6f6667b6@group-B02456D89C11, cid=4105, SUCCESS, logIndex=5754, commits[dd0a3b65-d36c-4f93-b232-3c8e6f6667b6:c5755]
2019-09-18 13:04:51,462 [grpc-default-executor-0] INFO  client.GrpcClientProtocolClient (GrpcClientProtocolClient.java:onNext(264)) - client-8C798EE064B2->dd0a3b65-d36c-4f93-b232-3c8e6f6667b6: receive RaftClientReply:client-8C798EE064B2->dd0a3b65-d36c-4f93-b232-3c8e6f6667b6@group-B02456D89C11, cid=4106, SUCCESS, logIndex=5755, commits[dd0a3b65-d36c-4f93-b232-3c8e6f6667b6:c5757]
2019-09-18 13:04:51,462 [grpc-default-executor-0] INFO  client.GrpcClientProtocolClient (GrpcClientProtocolClient.java:onNext(264)) - client-8C798EE064B2->dd0a3b65-d36c-4f93-b232-3c8e6f6667b6: receive RaftClientReply:client-8C798EE064B2->dd0a3b65-d36c-4f93-b232-3c8e6f6667b6@group-B02456D89C11, cid=4107, SUCCESS, logIndex=5756, commits[dd0a3b65-d36c-4f93-b232-3c8e6f6667b6:c5758]
2019-09-18 13:04:51,463 [grpc-default-executor-0] INFO  client.GrpcClientProtocolClient (GrpcClientProtocolClient.java:onNext(264)) - client-8C798EE064B2->dd0a3b65-d36c-4f93-b232-3c8e6f6667b6: receive RaftClientReply:client-8C798EE064B2->dd0a3b65-d36c-4f93-b232-3c8e6f6667b6@group-B02456D89C11, cid=4108, SUCCESS, logIndex=5757, commits[dd0a3b65-d36c-4f93-b232-3c8e6f6667b6:c5758]
2019-09-18 13:04:51,548 [SCMBlockDeletingService#0] DEBUG block.SCMBlockDeletingService (SCMBlockDeletingService.java:call(138)) - Running DeletedBlockTransactionScanner
2019-09-18 13:04:51,549 [SCMBlockDeletingService#0] DEBUG block.SCMBlockDeletingService (SCMBlockDeletingService.java:call(155)) - Scanned deleted blocks log and got 0 delTX to process.
2019-09-18 13:04:51,567 [grpc-default-executor-0] INFO  client.GrpcClientProtocolClient (GrpcClientProtocolClient.java:onNext(264)) - client-8C798EE064B2->dd0a3b65-d36c-4f93-b232-3c8e6f6667b6: receive RaftClientReply:client-8C798EE064B2->dd0a3b65-d36c-4f93-b232-3c8e6f6667b6@group-B02456D89C11, cid=4109, SUCCESS, logIndex=5760, commits[dd0a3b65-d36c-4f93-b232-3c8e6f6667b6:c5761]
2019-09-18 13:04:51,567 [grpc-default-executor-0] INFO  client.GrpcClientProtocolClient (GrpcClientProtocolClient.java:onNext(264)) - client-8C798EE064B2->dd0a3b65-d36c-4f93-b232-3c8e6f6667b6: receive RaftClientReply:client-8C798EE064B2->dd0a3b65-d36c-4f93-b232-3c8e6f6667b6@group-B02456D89C11, cid=4110, SUCCESS, logIndex=5761, commits[dd0a3b65-d36c-4f93-b232-3c8e6f6667b6:c5762]
2019-09-18 13:04:51,649 [SCMBlockDeletingService#0] DEBUG block.SCMBlockDeletingService (SCMBlockDeletingService.java:call(138)) - Running DeletedBlockTransactionScanner
2019-09-18 13:04:51,649 [SCMBlockDeletingService#0] DEBUG block.SCMBlockDeletingService (SCMBlockDeletingService.java:call(155)) - Scanned deleted blocks log and got 0 delTX to process.
2019-09-18 13:04:51,681 [grpc-default-executor-0] INFO  client.GrpcClientProtocolClient (GrpcClientProtocolClient.java:onNext(264)) - client-8C798EE064B2->dd0a3b65-d36c-4f93-b232-3c8e6f6667b6: receive RaftClientReply:client-8C798EE064B2->dd0a3b65-d36c-4f93-b232-3c8e6f6667b6@group-B02456D89C11, cid=4111, SUCCESS, logIndex=5763, commits[dd0a3b65-d36c-4f93-b232-3c8e6f6667b6:c5764]
2019-09-18 13:04:51,681 [grpc-default-executor-0] INFO  client.GrpcClientProtocolClient (GrpcClientProtocolClient.java:onNext(264)) - client-8C798EE064B2->dd0a3b65-d36c-4f93-b232-3c8e6f6667b6: receive RaftClientReply:client-8C798EE064B2->dd0a3b65-d36c-4f93-b232-3c8e6f6667b6@group-B02456D89C11, cid=4112, SUCCESS, logIndex=5764, commits[dd0a3b65-d36c-4f93-b232-3c8e6f6667b6:c5765]
2019-09-18 13:04:51,713 [grpc-default-executor-0] INFO  client.GrpcClientProtocolClient (GrpcClientProtocolClient.java:onNext(264)) - client-8C798EE064B2->dd0a3b65-d36c-4f93-b232-3c8e6f6667b6: receive RaftClientReply:client-8C798EE064B2->dd0a3b65-d36c-4f93-b232-3c8e6f6667b6@group-B02456D89C11, cid=4113, SUCCESS, logIndex=5766, commits[dd0a3b65-d36c-4f93-b232-3c8e6f6667b6:c5769]
2019-09-18 13:04:51,713 [grpc-default-executor-0] INFO  client.GrpcClientProtocolClient (GrpcClientProtocolClient.java:onNext(264)) - client-8C798EE064B2->dd0a3b65-d36c-4f93-b232-3c8e6f6667b6: receive RaftClientReply:client-8C798EE064B2->dd0a3b65-d36c-4f93-b232-3c8e6f6667b6@group-B02456D89C11, cid=4114, SUCCESS, logIndex=5767, commits[dd0a3b65-d36c-4f93-b232-3c8e6f6667b6:c5770]
2019-09-18 13:04:51,714 [grpc-default-executor-0] INFO  client.GrpcClientProtocolClient (GrpcClientProtocolClient.java:onNext(264)) - client-8C798EE064B2->dd0a3b65-d36c-4f93-b232-3c8e6f6667b6: receive RaftClientReply:client-8C798EE064B2->dd0a3b65-d36c-4f93-b232-3c8e6f6667b6@group-B02456D89C11, cid=4115, SUCCESS, logIndex=5768, commits[dd0a3b65-d36c-4f93-b232-3c8e6f6667b6:c5770]
2019-09-18 13:04:51,714 [grpc-default-executor-0] INFO  client.GrpcClientProtocolClient (GrpcClientProtocolClient.java:onNext(264)) - client-8C798EE064B2->dd0a3b65-d36c-4f93-b232-3c8e6f6667b6: receive RaftClientReply:client-8C798EE064B2->dd0a3b65-d36c-4f93-b232-3c8e6f6667b6@group-B02456D89C11, cid=4116, SUCCESS, logIndex=5769, commits[dd0a3b65-d36c-4f93-b232-3c8e6f6667b6:c5770]
2019-09-18 13:04:51,735 [grpc-default-executor-0] INFO  client.GrpcClientProtocolClient (GrpcClientProtocolClient.java:onNext(264)) - client-8C798EE064B2->dd0a3b65-d36c-4f93-b232-3c8e6f6667b6: receive RaftClientReply:client-8C798EE064B2->dd0a3b65-d36c-4f93-b232-3c8e6f6667b6@group-B02456D89C11, cid=4117, SUCCESS, logIndex=5771, commits[dd0a3b65-d36c-4f93-b232-3c8e6f6667b6:c5774]
2019-09-18 13:04:51,735 [grpc-default-executor-0] INFO  client.GrpcClientProtocolClient (GrpcClientProtocolClient.java:onNext(264)) - client-8C798EE064B2->dd0a3b65-d36c-4f93-b232-3c8e6f6667b6: receive RaftClientReply:client-8C798EE064B2->dd0a3b65-d36c-4f93-b232-3c8e6f6667b6@group-B02456D89C11, cid=4118, SUCCESS, logIndex=5772, commits[dd0a3b65-d36c-4f93-b232-3c8e6f6667b6:c5775]
2019-09-18 13:04:51,736 [grpc-default-executor-0] INFO  client.GrpcClientProtocolClient (GrpcClientProtocolClient.java:onNext(264)) - client-8C798EE064B2->dd0a3b65-d36c-4f93-b232-3c8e6f6667b6: receive RaftClientReply:client-8C798EE064B2->dd0a3b65-d36c-4f93-b232-3c8e6f6667b6@group-B02456D89C11, cid=4119, SUCCESS, logIndex=5773, commits[dd0a3b65-d36c-4f93-b232-3c8e6f6667b6:c5775]
2019-09-18 13:04:51,736 [grpc-default-executor-0] INFO  client.GrpcClientProtocolClient (GrpcClientProtocolClient.java:onNext(264)) - client-8C798EE064B2->dd0a3b65-d36c-4f93-b232-3c8e6f6667b6: receive RaftClientReply:client-8C798EE064B2->dd0a3b65-d36c-4f93-b232-3c8e6f6667b6@group-B02456D89C11, cid=4120, SUCCESS, logIndex=5774, commits[dd0a3b65-d36c-4f93-b232-3c8e6f6667b6:c5775]
2019-09-18 13:04:51,750 [SCMBlockDeletingService#0] DEBUG block.SCMBlockDeletingService (SCMBlockDeletingService.java:call(138)) - Running DeletedBlockTransactionScanner
2019-09-18 13:04:51,750 [SCMBlockDeletingService#0] DEBUG block.SCMBlockDeletingService (SCMBlockDeletingService.java:call(155)) - Scanned deleted blocks log and got 0 delTX to process.
2019-09-18 13:04:51,769 [grpc-default-executor-1] INFO  client.GrpcClientProtocolClient (GrpcClientProtocolClient.java:onNext(264)) - client-8C798EE064B2->dd0a3b65-d36c-4f93-b232-3c8e6f6667b6: receive RaftClientReply:client-8C798EE064B2->dd0a3b65-d36c-4f93-b232-3c8e6f6667b6@group-B02456D89C11, cid=4121, SUCCESS, logIndex=5776, commits[dd0a3b65-d36c-4f93-b232-3c8e6f6667b6:c5779]
2019-09-18 13:04:51,769 [grpc-default-executor-1] INFO  client.GrpcClientProtocolClient (GrpcClientProtocolClient.java:onNext(264)) - client-8C798EE064B2->dd0a3b65-d36c-4f93-b232-3c8e6f6667b6: receive RaftClientReply:client-8C798EE064B2->dd0a3b65-d36c-4f93-b232-3c8e6f6667b6@group-B02456D89C11, cid=4122, SUCCESS, logIndex=5777, commits[dd0a3b65-d36c-4f93-b232-3c8e6f6667b6:c5780]
2019-09-18 13:04:51,770 [grpc-default-executor-1] INFO  client.GrpcClientProtocolClient (GrpcClientProtocolClient.java:onNext(264)) - client-8C798EE064B2->dd0a3b65-d36c-4f93-b232-3c8e6f6667b6: receive RaftClientReply:client-8C798EE064B2->dd0a3b65-d36c-4f93-b232-3c8e6f6667b6@group-B02456D89C11, cid=4123, SUCCESS, logIndex=5778, commits[dd0a3b65-d36c-4f93-b232-3c8e6f6667b6:c5780]
2019-09-18 13:04:51,770 [grpc-default-executor-1] INFO  client.GrpcClientProtocolClient (GrpcClientProtocolClient.java:onNext(264)) - client-8C798EE064B2->dd0a3b65-d36c-4f93-b232-3c8e6f6667b6: receive RaftClientReply:client-8C798EE064B2->dd0a3b65-d36c-4f93-b232-3c8e6f6667b6@group-B02456D89C11, cid=4124, SUCCESS, logIndex=5779, commits[dd0a3b65-d36c-4f93-b232-3c8e6f6667b6:c5780]
2019-09-18 13:04:51,790 [grpc-default-executor-1] INFO  client.GrpcClientProtocolClient (GrpcClientProtocolClient.java:onNext(264)) - client-8C798EE064B2->dd0a3b65-d36c-4f93-b232-3c8e6f6667b6: receive RaftClientReply:client-8C798EE064B2->dd0a3b65-d36c-4f93-b232-3c8e6f6667b6@group-B02456D89C11, cid=4125, SUCCESS, logIndex=5781, commits[dd0a3b65-d36c-4f93-b232-3c8e6f6667b6:c5784]
2019-09-18 13:04:51,790 [grpc-default-executor-1] INFO  client.GrpcClientProtocolClient (GrpcClientProtocolClient.java:onNext(264)) - client-8C798EE064B2->dd0a3b65-d36c-4f93-b232-3c8e6f6667b6: receive RaftClientReply:client-8C798EE064B2->dd0a3b65-d36c-4f93-b232-3c8e6f6667b6@group-B02456D89C11, cid=4126, SUCCESS, logIndex=5782, commits[dd0a3b65-d36c-4f93-b232-3c8e6f6667b6:c5785]
2019-09-18 13:04:51,791 [grpc-default-executor-1] INFO  client.GrpcClientProtocolClient (GrpcClientProtocolClient.java:onNext(264)) - client-8C798EE064B2->dd0a3b65-d36c-4f93-b232-3c8e6f6667b6: receive RaftClientReply:client-8C798EE064B2->dd0a3b65-d36c-4f93-b232-3c8e6f6667b6@group-B02456D89C11, cid=4127, SUCCESS, logIndex=5783, commits[dd0a3b65-d36c-4f93-b232-3c8e6f6667b6:c5785]
2019-09-18 13:04:51,792 [grpc-default-executor-1] INFO  client.GrpcClientProtocolClient (GrpcClientProtocolClient.java:onNext(264)) - client-8C798EE064B2->dd0a3b65-d36c-4f93-b232-3c8e6f6667b6: receive RaftClientReply:client-8C798EE064B2->dd0a3b65-d36c-4f93-b232-3c8e6f6667b6@group-B02456D89C11, cid=4128, SUCCESS, logIndex=5784, commits[dd0a3b65-d36c-4f93-b232-3c8e6f6667b6:c5785]
2019-09-18 13:04:51,809 [grpc-default-executor-0] INFO  client.GrpcClientProtocolClient (GrpcClientProtocolClient.java:onNext(264)) - client-8C798EE064B2->dd0a3b65-d36c-4f93-b232-3c8e6f6667b6: receive RaftClientReply:client-8C798EE064B2->dd0a3b65-d36c-4f93-b232-3c8e6f6667b6@group-B02456D89C11, cid=4129, SUCCESS, logIndex=5786, commits[dd0a3b65-d36c-4f93-b232-3c8e6f6667b6:c5787]
2019-09-18 13:04:51,809 [grpc-default-executor-0] INFO  client.GrpcClientProtocolClient (GrpcClientProtocolClient.java:onNext(264)) - client-8C798EE064B2->dd0a3b65-d36c-4f93-b232-3c8e6f6667b6: receive RaftClientReply:client-8C798EE064B2->dd0a3b65-d36c-4f93-b232-3c8e6f6667b6@group-B02456D89C11, cid=4130, SUCCESS, logIndex=5787, commits[dd0a3b65-d36c-4f93-b232-3c8e6f6667b6:c5787]
2019-09-18 13:04:51,821 [grpc-default-executor-0] INFO  client.GrpcClientProtocolClient (GrpcClientProtocolClient.java:onNext(264)) - client-8C798EE064B2->dd0a3b65-d36c-4f93-b232-3c8e6f6667b6: receive RaftClientReply:client-8C798EE064B2->dd0a3b65-d36c-4f93-b232-3c8e6f6667b6@group-B02456D89C11, cid=4131, SUCCESS, logIndex=5788, commits[dd0a3b65-d36c-4f93-b232-3c8e6f6667b6:c5790]
2019-09-18 13:04:51,822 [grpc-default-executor-0] INFO  client.GrpcClientProtocolClient (GrpcClientProtocolClient.java:onNext(264)) - client-8C798EE064B2->dd0a3b65-d36c-4f93-b232-3c8e6f6667b6: receive RaftClientReply:client-8C798EE064B2->dd0a3b65-d36c-4f93-b232-3c8e6f6667b6@group-B02456D89C11, cid=4132, SUCCESS, logIndex=5789, commits[dd0a3b65-d36c-4f93-b232-3c8e6f6667b6:c5790]
2019-09-18 13:04:51,839 [grpc-default-executor-1] INFO  client.GrpcClientProtocolClient (GrpcClientProtocolClient.java:onNext(264)) - client-8C798EE064B2->dd0a3b65-d36c-4f93-b232-3c8e6f6667b6: receive RaftClientReply:client-8C798EE064B2->dd0a3b65-d36c-4f93-b232-3c8e6f6667b6@group-B02456D89C11, cid=4133, SUCCESS, logIndex=5791, commits[dd0a3b65-d36c-4f93-b232-3c8e6f6667b6:c5792]
2019-09-18 13:04:51,840 [grpc-default-executor-1] INFO  client.GrpcClientProtocolClient (GrpcClientProtocolClient.java:onNext(264)) - client-8C798EE064B2->dd0a3b65-d36c-4f93-b232-3c8e6f6667b6: receive RaftClientReply:client-8C798EE064B2->dd0a3b65-d36c-4f93-b232-3c8e6f6667b6@group-B02456D89C11, cid=4134, SUCCESS, logIndex=5792, commits[dd0a3b65-d36c-4f93-b232-3c8e6f6667b6:c5792]
2019-09-18 13:04:51,840 [grpc-default-executor-1] INFO  client.GrpcClientProtocolClient (GrpcClientProtocolClient.java:onNext(264)) - client-8C798EE064B2->dd0a3b65-d36c-4f93-b232-3c8e6f6667b6: receive RaftClientReply:client-8C798EE064B2->dd0a3b65-d36c-4f93-b232-3c8e6f6667b6@group-B02456D89C11, cid=4135, SUCCESS, logIndex=5793, commits[dd0a3b65-d36c-4f93-b232-3c8e6f6667b6:c5794]
2019-09-18 13:04:51,840 [grpc-default-executor-1] INFO  client.GrpcClientProtocolClient (GrpcClientProtocolClient.java:onNext(264)) - client-8C798EE064B2->dd0a3b65-d36c-4f93-b232-3c8e6f6667b6: receive RaftClientReply:client-8C798EE064B2->dd0a3b65-d36c-4f93-b232-3c8e6f6667b6@group-B02456D89C11, cid=4136, SUCCESS, logIndex=5794, commits[dd0a3b65-d36c-4f93-b232-3c8e6f6667b6:c5794]
2019-09-18 13:04:51,850 [SCMBlockDeletingService#0] DEBUG block.SCMBlockDeletingService (SCMBlockDeletingService.java:call(138)) - Running DeletedBlockTransactionScanner
2019-09-18 13:04:51,850 [SCMBlockDeletingService#0] DEBUG block.SCMBlockDeletingService (SCMBlockDeletingService.java:call(155)) - Scanned deleted blocks log and got 0 delTX to process.
2019-09-18 13:04:51,870 [grpc-default-executor-0] INFO  client.GrpcClientProtocolClient (GrpcClientProtocolClient.java:onNext(264)) - client-8C798EE064B2->dd0a3b65-d36c-4f93-b232-3c8e6f6667b6: receive RaftClientReply:client-8C798EE064B2->dd0a3b65-d36c-4f93-b232-3c8e6f6667b6@group-B02456D89C11, cid=4137, SUCCESS, logIndex=5797, commits[dd0a3b65-d36c-4f93-b232-3c8e6f6667b6:c5798]
2019-09-18 13:04:51,871 [grpc-default-executor-0] INFO  client.GrpcClientProtocolClient (GrpcClientProtocolClient.java:onNext(264)) - client-8C798EE064B2->dd0a3b65-d36c-4f93-b232-3c8e6f6667b6: receive RaftClientReply:client-8C798EE064B2->dd0a3b65-d36c-4f93-b232-3c8e6f6667b6@group-B02456D89C11, cid=4138, SUCCESS, logIndex=5798, commits[dd0a3b65-d36c-4f93-b232-3c8e6f6667b6:c5800]
2019-09-18 13:04:51,871 [grpc-default-executor-0] INFO  client.GrpcClientProtocolClient (GrpcClientProtocolClient.java:onNext(264)) - client-8C798EE064B2->dd0a3b65-d36c-4f93-b232-3c8e6f6667b6: receive RaftClientReply:client-8C798EE064B2->dd0a3b65-d36c-4f93-b232-3c8e6f6667b6@group-B02456D89C11, cid=4139, SUCCESS, logIndex=5799, commits[dd0a3b65-d36c-4f93-b232-3c8e6f6667b6:c5800]
2019-09-18 13:04:51,871 [grpc-default-executor-0] INFO  client.GrpcClientProtocolClient (GrpcClientProtocolClient.java:onNext(264)) - client-8C798EE064B2->dd0a3b65-d36c-4f93-b232-3c8e6f6667b6: receive RaftClientReply:client-8C798EE064B2->dd0a3b65-d36c-4f93-b232-3c8e6f6667b6@group-B02456D89C11, cid=4140, SUCCESS, logIndex=5800, commits[dd0a3b65-d36c-4f93-b232-3c8e6f6667b6:c5801]
2019-09-18 13:04:51,889 [grpc-default-executor-0] INFO  client.GrpcClientProtocolClient (GrpcClientProtocolClient.java:onNext(264)) - client-8C798EE064B2->dd0a3b65-d36c-4f93-b232-3c8e6f6667b6: receive RaftClientReply:client-8C798EE064B2->dd0a3b65-d36c-4f93-b232-3c8e6f6667b6@group-B02456D89C11, cid=4141, SUCCESS, logIndex=5803, commits[dd0a3b65-d36c-4f93-b232-3c8e6f6667b6:c5804]
2019-09-18 13:04:51,889 [grpc-default-executor-0] INFO  client.GrpcClientProtocolClient (GrpcClientProtocolClient.java:onNext(264)) - client-8C798EE064B2->dd0a3b65-d36c-4f93-b232-3c8e6f6667b6: receive RaftClientReply:client-8C798EE064B2->dd0a3b65-d36c-4f93-b232-3c8e6f6667b6@group-B02456D89C11, cid=4142, SUCCESS, logIndex=5804, commits[dd0a3b65-d36c-4f93-b232-3c8e6f6667b6:c5806]
2019-09-18 13:04:51,890 [grpc-default-executor-0] INFO  client.GrpcClientProtocolClient (GrpcClientProtocolClient.java:onNext(264)) - client-8C798EE064B2->dd0a3b65-d36c-4f93-b232-3c8e6f6667b6: receive RaftClientReply:client-8C798EE064B2->dd0a3b65-d36c-4f93-b232-3c8e6f6667b6@group-B02456D89C11, cid=4143, SUCCESS, logIndex=5805, commits[dd0a3b65-d36c-4f93-b232-3c8e6f6667b6:c5806]
2019-09-18 13:04:51,890 [grpc-default-executor-0] INFO  client.GrpcClientProtocolClient (GrpcClientProtocolClient.java:onNext(264)) - client-8C798EE064B2->dd0a3b65-d36c-4f93-b232-3c8e6f6667b6: receive RaftClientReply:client-8C798EE064B2->dd0a3b65-d36c-4f93-b232-3c8e6f6667b6@group-B02456D89C11, cid=4144, SUCCESS, logIndex=5806, commits[dd0a3b65-d36c-4f93-b232-3c8e6f6667b6:c5806]
2019-09-18 13:04:51,921 [grpc-default-executor-1] INFO  client.GrpcClientProtocolClient (GrpcClientProtocolClient.java:onNext(264)) - client-8C798EE064B2->dd0a3b65-d36c-4f93-b232-3c8e6f6667b6: receive RaftClientReply:client-8C798EE064B2->dd0a3b65-d36c-4f93-b232-3c8e6f6667b6@group-B02456D89C11, cid=4145, SUCCESS, logIndex=5809, commits[dd0a3b65-d36c-4f93-b232-3c8e6f6667b6:c5812]
2019-09-18 13:04:51,922 [grpc-default-executor-1] INFO  client.GrpcClientProtocolClient (GrpcClientProtocolClient.java:onNext(264)) - client-8C798EE064B2->dd0a3b65-d36c-4f93-b232-3c8e6f6667b6: receive RaftClientReply:client-8C798EE064B2->dd0a3b65-d36c-4f93-b232-3c8e6f6667b6@group-B02456D89C11, cid=4146, SUCCESS, logIndex=5810, commits[dd0a3b65-d36c-4f93-b232-3c8e6f6667b6:c5812]
2019-09-18 13:04:51,922 [grpc-default-executor-1] INFO  client.GrpcClientProtocolClient (GrpcClientProtocolClient.java:onNext(264)) - client-8C798EE064B2->dd0a3b65-d36c-4f93-b232-3c8e6f6667b6: receive RaftClientReply:client-8C798EE064B2->dd0a3b65-d36c-4f93-b232-3c8e6f6667b6@group-B02456D89C11, cid=4147, SUCCESS, logIndex=5811, commits[dd0a3b65-d36c-4f93-b232-3c8e6f6667b6:c5812]
2019-09-18 13:04:51,922 [grpc-default-executor-1] INFO  client.GrpcClientProtocolClient (GrpcClientProtocolClient.java:onNext(264)) - client-8C798EE064B2->dd0a3b65-d36c-4f93-b232-3c8e6f6667b6: receive RaftClientReply:client-8C798EE064B2->dd0a3b65-d36c-4f93-b232-3c8e6f6667b6@group-B02456D89C11, cid=4148, SUCCESS, logIndex=5812, commits[dd0a3b65-d36c-4f93-b232-3c8e6f6667b6:c5813]
2019-09-18 13:04:51,942 [grpc-default-executor-0] INFO  client.GrpcClientProtocolClient (GrpcClientProtocolClient.java:onNext(264)) - client-8C798EE064B2->dd0a3b65-d36c-4f93-b232-3c8e6f6667b6: receive RaftClientReply:client-8C798EE064B2->dd0a3b65-d36c-4f93-b232-3c8e6f6667b6@group-B02456D89C11, cid=4149, SUCCESS, logIndex=5815, commits[dd0a3b65-d36c-4f93-b232-3c8e6f6667b6:c5816]
2019-09-18 13:04:51,943 [grpc-default-executor-0] INFO  client.GrpcClientProtocolClient (GrpcClientProtocolClient.java:onNext(264)) - client-8C798EE064B2->dd0a3b65-d36c-4f93-b232-3c8e6f6667b6: receive RaftClientReply:client-8C798EE064B2->dd0a3b65-d36c-4f93-b232-3c8e6f6667b6@group-B02456D89C11, cid=4150, SUCCESS, logIndex=5816, commits[dd0a3b65-d36c-4f93-b232-3c8e6f6667b6:c5816]
2019-09-18 13:04:51,944 [grpc-default-executor-0] INFO  client.GrpcClientProtocolClient (GrpcClientProtocolClient.java:onNext(264)) - client-8C798EE064B2->dd0a3b65-d36c-4f93-b232-3c8e6f6667b6: receive RaftClientReply:client-8C798EE064B2->dd0a3b65-d36c-4f93-b232-3c8e6f6667b6@group-B02456D89C11, cid=4151, SUCCESS, logIndex=5817, commits[dd0a3b65-d36c-4f93-b232-3c8e6f6667b6:c5818]
2019-09-18 13:04:51,944 [grpc-default-executor-0] INFO  client.GrpcClientProtocolClient (GrpcClientProtocolClient.java:onNext(264)) - client-8C798EE064B2->dd0a3b65-d36c-4f93-b232-3c8e6f6667b6: receive RaftClientReply:client-8C798EE064B2->dd0a3b65-d36c-4f93-b232-3c8e6f6667b6@group-B02456D89C11, cid=4152, SUCCESS, logIndex=5818, commits[dd0a3b65-d36c-4f93-b232-3c8e6f6667b6:c5818]
2019-09-18 13:04:51,951 [SCMBlockDeletingService#0] DEBUG block.SCMBlockDeletingService (SCMBlockDeletingService.java:call(138)) - Running DeletedBlockTransactionScanner
2019-09-18 13:04:51,951 [SCMBlockDeletingService#0] DEBUG block.SCMBlockDeletingService (SCMBlockDeletingService.java:call(155)) - Scanned deleted blocks log and got 0 delTX to process.
2019-09-18 13:04:51,976 [grpc-default-executor-0] INFO  client.GrpcClientProtocolClient (GrpcClientProtocolClient.java:onNext(264)) - client-8C798EE064B2->dd0a3b65-d36c-4f93-b232-3c8e6f6667b6: receive RaftClientReply:client-8C798EE064B2->dd0a3b65-d36c-4f93-b232-3c8e6f6667b6@group-B02456D89C11, cid=4153, SUCCESS, logIndex=5821, commits[dd0a3b65-d36c-4f93-b232-3c8e6f6667b6:c5822]
2019-09-18 13:04:51,977 [grpc-default-executor-0] INFO  client.GrpcClientProtocolClient (GrpcClientProtocolClient.java:onNext(264)) - client-8C798EE064B2->dd0a3b65-d36c-4f93-b232-3c8e6f6667b6: receive RaftClientReply:client-8C798EE064B2->dd0a3b65-d36c-4f93-b232-3c8e6f6667b6@group-B02456D89C11, cid=4154, SUCCESS, logIndex=5822, commits[dd0a3b65-d36c-4f93-b232-3c8e6f6667b6:c5823]
2019-09-18 13:04:52,051 [SCMBlockDeletingService#0] DEBUG block.SCMBlockDeletingService (SCMBlockDeletingService.java:call(138)) - Running DeletedBlockTransactionScanner
2019-09-18 13:04:52,052 [SCMBlockDeletingService#0] DEBUG block.SCMBlockDeletingService (SCMBlockDeletingService.java:call(155)) - Scanned deleted blocks log and got 0 delTX to process.
2019-09-18 13:04:52,065 [grpc-default-executor-1] INFO  client.GrpcClientProtocolClient (GrpcClientProtocolClient.java:onNext(264)) - client-8C798EE064B2->dd0a3b65-d36c-4f93-b232-3c8e6f6667b6: receive RaftClientReply:client-8C798EE064B2->dd0a3b65-d36c-4f93-b232-3c8e6f6667b6@group-B02456D89C11, cid=4155, SUCCESS, logIndex=5824, commits[dd0a3b65-d36c-4f93-b232-3c8e6f6667b6:c5825]
2019-09-18 13:04:52,065 [grpc-default-executor-1] INFO  client.GrpcClientProtocolClient (GrpcClientProtocolClient.java:onNext(264)) - client-8C798EE064B2->dd0a3b65-d36c-4f93-b232-3c8e6f6667b6: receive RaftClientReply:client-8C798EE064B2->dd0a3b65-d36c-4f93-b232-3c8e6f6667b6@group-B02456D89C11, cid=4156, SUCCESS, logIndex=5825, commits[dd0a3b65-d36c-4f93-b232-3c8e6f6667b6:c5826]
2019-09-18 13:04:52,086 [grpc-default-executor-1] INFO  client.GrpcClientProtocolClient (GrpcClientProtocolClient.java:onNext(264)) - client-8C798EE064B2->dd0a3b65-d36c-4f93-b232-3c8e6f6667b6: receive RaftClientReply:client-8C798EE064B2->dd0a3b65-d36c-4f93-b232-3c8e6f6667b6@group-B02456D89C11, cid=4157, SUCCESS, logIndex=5827, commits[dd0a3b65-d36c-4f93-b232-3c8e6f6667b6:c5830]
2019-09-18 13:04:52,086 [grpc-default-executor-1] INFO  client.GrpcClientProtocolClient (GrpcClientProtocolClient.java:onNext(264)) - client-8C798EE064B2->dd0a3b65-d36c-4f93-b232-3c8e6f6667b6: receive RaftClientReply:client-8C798EE064B2->dd0a3b65-d36c-4f93-b232-3c8e6f6667b6@group-B02456D89C11, cid=4158, SUCCESS, logIndex=5828, commits[dd0a3b65-d36c-4f93-b232-3c8e6f6667b6:c5830]
2019-09-18 13:04:52,087 [grpc-default-executor-1] INFO  client.GrpcClientProtocolClient (GrpcClientProtocolClient.java:onNext(264)) - client-8C798EE064B2->dd0a3b65-d36c-4f93-b232-3c8e6f6667b6: receive RaftClientReply:client-8C798EE064B2->dd0a3b65-d36c-4f93-b232-3c8e6f6667b6@group-B02456D89C11, cid=4159, SUCCESS, logIndex=5829, commits[dd0a3b65-d36c-4f93-b232-3c8e6f6667b6:c5831]
2019-09-18 13:04:52,087 [grpc-default-executor-1] INFO  client.GrpcClientProtocolClient (GrpcClientProtocolClient.java:onNext(264)) - client-8C798EE064B2->dd0a3b65-d36c-4f93-b232-3c8e6f6667b6: receive RaftClientReply:client-8C798EE064B2->dd0a3b65-d36c-4f93-b232-3c8e6f6667b6@group-B02456D89C11, cid=4160, SUCCESS, logIndex=5830, commits[dd0a3b65-d36c-4f93-b232-3c8e6f6667b6:c5831]
2019-09-18 13:04:52,118 [grpc-default-executor-1] INFO  client.GrpcClientProtocolClient (GrpcClientProtocolClient.java:onNext(264)) - client-8C798EE064B2->dd0a3b65-d36c-4f93-b232-3c8e6f6667b6: receive RaftClientReply:client-8C798EE064B2->dd0a3b65-d36c-4f93-b232-3c8e6f6667b6@group-B02456D89C11, cid=4161, SUCCESS, logIndex=5832, commits[dd0a3b65-d36c-4f93-b232-3c8e6f6667b6:c5833]
2019-09-18 13:04:52,118 [grpc-default-executor-1] INFO  client.GrpcClientProtocolClient (GrpcClientProtocolClient.java:onNext(264)) - client-8C798EE064B2->dd0a3b65-d36c-4f93-b232-3c8e6f6667b6: receive RaftClientReply:client-8C798EE064B2->dd0a3b65-d36c-4f93-b232-3c8e6f6667b6@group-B02456D89C11, cid=4162, SUCCESS, logIndex=5833, commits[dd0a3b65-d36c-4f93-b232-3c8e6f6667b6:c5835]
2019-09-18 13:04:52,119 [grpc-default-executor-1] INFO  client.GrpcClientProtocolClient (GrpcClientProtocolClient.java:onNext(264)) - client-8C798EE064B2->dd0a3b65-d36c-4f93-b232-3c8e6f6667b6: receive RaftClientReply:client-8C798EE064B2->dd0a3b65-d36c-4f93-b232-3c8e6f6667b6@group-B02456D89C11, cid=4163, SUCCESS, logIndex=5834, commits[dd0a3b65-d36c-4f93-b232-3c8e6f6667b6:c5836]
2019-09-18 13:04:52,119 [grpc-default-executor-1] INFO  client.GrpcClientProtocolClient (GrpcClientProtocolClient.java:onNext(264)) - client-8C798EE064B2->dd0a3b65-d36c-4f93-b232-3c8e6f6667b6: receive RaftClientReply:client-8C798EE064B2->dd0a3b65-d36c-4f93-b232-3c8e6f6667b6@group-B02456D89C11, cid=4164, SUCCESS, logIndex=5835, commits[dd0a3b65-d36c-4f93-b232-3c8e6f6667b6:c5837]
2019-09-18 13:04:52,138 [grpc-default-executor-1] INFO  client.GrpcClientProtocolClient (GrpcClientProtocolClient.java:onNext(264)) - client-8C798EE064B2->dd0a3b65-d36c-4f93-b232-3c8e6f6667b6: receive RaftClientReply:client-8C798EE064B2->dd0a3b65-d36c-4f93-b232-3c8e6f6667b6@group-B02456D89C11, cid=4165, SUCCESS, logIndex=5838, commits[dd0a3b65-d36c-4f93-b232-3c8e6f6667b6:c5839]
2019-09-18 13:04:52,138 [grpc-default-executor-1] INFO  client.GrpcClientProtocolClient (GrpcClientProtocolClient.java:onNext(264)) - client-8C798EE064B2->dd0a3b65-d36c-4f93-b232-3c8e6f6667b6: receive RaftClientReply:client-8C798EE064B2->dd0a3b65-d36c-4f93-b232-3c8e6f6667b6@group-B02456D89C11, cid=4166, SUCCESS, logIndex=5839, commits[dd0a3b65-d36c-4f93-b232-3c8e6f6667b6:c5841]
2019-09-18 13:04:52,139 [grpc-default-executor-1] INFO  client.GrpcClientProtocolClient (GrpcClientProtocolClient.java:onNext(264)) - client-8C798EE064B2->dd0a3b65-d36c-4f93-b232-3c8e6f6667b6: receive RaftClientReply:client-8C798EE064B2->dd0a3b65-d36c-4f93-b232-3c8e6f6667b6@group-B02456D89C11, cid=4167, SUCCESS, logIndex=5840, commits[dd0a3b65-d36c-4f93-b232-3c8e6f6667b6:c5842]
2019-09-18 13:04:52,139 [grpc-default-executor-1] INFO  client.GrpcClientProtocolClient (GrpcClientProtocolClient.java:onNext(264)) - client-8C798EE064B2->dd0a3b65-d36c-4f93-b232-3c8e6f6667b6: receive RaftClientReply:client-8C798EE064B2->dd0a3b65-d36c-4f93-b232-3c8e6f6667b6@group-B02456D89C11, cid=4168, SUCCESS, logIndex=5841, commits[dd0a3b65-d36c-4f93-b232-3c8e6f6667b6:c5842]
2019-09-18 13:04:52,152 [SCMBlockDeletingService#0] DEBUG block.SCMBlockDeletingService (SCMBlockDeletingService.java:call(138)) - Running DeletedBlockTransactionScanner
2019-09-18 13:04:52,153 [SCMBlockDeletingService#0] DEBUG block.SCMBlockDeletingService (SCMBlockDeletingService.java:call(155)) - Scanned deleted blocks log and got 0 delTX to process.
2019-09-18 13:04:52,171 [grpc-default-executor-1] INFO  client.GrpcClientProtocolClient (GrpcClientProtocolClient.java:onNext(264)) - client-8C798EE064B2->dd0a3b65-d36c-4f93-b232-3c8e6f6667b6: receive RaftClientReply:client-8C798EE064B2->dd0a3b65-d36c-4f93-b232-3c8e6f6667b6@group-B02456D89C11, cid=4169, SUCCESS, logIndex=5844, commits[dd0a3b65-d36c-4f93-b232-3c8e6f6667b6:c5847]
2019-09-18 13:04:52,171 [grpc-default-executor-1] INFO  client.GrpcClientProtocolClient (GrpcClientProtocolClient.java:onNext(264)) - client-8C798EE064B2->dd0a3b65-d36c-4f93-b232-3c8e6f6667b6: receive RaftClientReply:client-8C798EE064B2->dd0a3b65-d36c-4f93-b232-3c8e6f6667b6@group-B02456D89C11, cid=4170, SUCCESS, logIndex=5845, commits[dd0a3b65-d36c-4f93-b232-3c8e6f6667b6:c5847]
2019-09-18 13:04:52,171 [grpc-default-executor-1] INFO  client.GrpcClientProtocolClient (GrpcClientProtocolClient.java:onNext(264)) - client-8C798EE064B2->dd0a3b65-d36c-4f93-b232-3c8e6f6667b6: receive RaftClientReply:client-8C798EE064B2->dd0a3b65-d36c-4f93-b232-3c8e6f6667b6@group-B02456D89C11, cid=4171, SUCCESS, logIndex=5846, commits[dd0a3b65-d36c-4f93-b232-3c8e6f6667b6:c5847]
2019-09-18 13:04:52,172 [grpc-default-executor-1] INFO  client.GrpcClientProtocolClient (GrpcClientProtocolClient.java:onNext(264)) - client-8C798EE064B2->dd0a3b65-d36c-4f93-b232-3c8e6f6667b6: receive RaftClientReply:client-8C798EE064B2->dd0a3b65-d36c-4f93-b232-3c8e6f6667b6@group-B02456D89C11, cid=4172, SUCCESS, logIndex=5847, commits[dd0a3b65-d36c-4f93-b232-3c8e6f6667b6:c5847]
2019-09-18 13:04:52,190 [grpc-default-executor-1] INFO  client.GrpcClientProtocolClient (GrpcClientProtocolClient.java:onNext(264)) - client-8C798EE064B2->dd0a3b65-d36c-4f93-b232-3c8e6f6667b6: receive RaftClientReply:client-8C798EE064B2->dd0a3b65-d36c-4f93-b232-3c8e6f6667b6@group-B02456D89C11, cid=4173, SUCCESS, logIndex=5849, commits[dd0a3b65-d36c-4f93-b232-3c8e6f6667b6:c5850]
2019-09-18 13:04:52,190 [grpc-default-executor-1] INFO  client.GrpcClientProtocolClient (GrpcClientProtocolClient.java:onNext(264)) - client-8C798EE064B2->dd0a3b65-d36c-4f93-b232-3c8e6f6667b6: receive RaftClientReply:client-8C798EE064B2->dd0a3b65-d36c-4f93-b232-3c8e6f6667b6@group-B02456D89C11, cid=4174, SUCCESS, logIndex=5850, commits[dd0a3b65-d36c-4f93-b232-3c8e6f6667b6:c5852]
2019-09-18 13:04:52,190 [grpc-default-executor-1] INFO  client.GrpcClientProtocolClient (GrpcClientProtocolClient.java:onNext(264)) - client-8C798EE064B2->dd0a3b65-d36c-4f93-b232-3c8e6f6667b6: receive RaftClientReply:client-8C798EE064B2->dd0a3b65-d36c-4f93-b232-3c8e6f6667b6@group-B02456D89C11, cid=4175, SUCCESS, logIndex=5851, commits[dd0a3b65-d36c-4f93-b232-3c8e6f6667b6:c5852]
2019-09-18 13:04:52,191 [grpc-default-executor-1] INFO  client.GrpcClientProtocolClient (GrpcClientProtocolClient.java:onNext(264)) - client-8C798EE064B2->dd0a3b65-d36c-4f93-b232-3c8e6f6667b6: receive RaftClientReply:client-8C798EE064B2->dd0a3b65-d36c-4f93-b232-3c8e6f6667b6@group-B02456D89C11, cid=4176, SUCCESS, logIndex=5852, commits[dd0a3b65-d36c-4f93-b232-3c8e6f6667b6:c5853]
2019-09-18 13:04:52,220 [grpc-default-executor-0] INFO  client.GrpcClientProtocolClient (GrpcClientProtocolClient.java:onNext(264)) - client-8C798EE064B2->dd0a3b65-d36c-4f93-b232-3c8e6f6667b6: receive RaftClientReply:client-8C798EE064B2->dd0a3b65-d36c-4f93-b232-3c8e6f6667b6@group-B02456D89C11, cid=4177, SUCCESS, logIndex=5855, commits[dd0a3b65-d36c-4f93-b232-3c8e6f6667b6:c5858]
2019-09-18 13:04:52,220 [grpc-default-executor-0] INFO  client.GrpcClientProtocolClient (GrpcClientProtocolClient.java:onNext(264)) - client-8C798EE064B2->dd0a3b65-d36c-4f93-b232-3c8e6f6667b6: receive RaftClientReply:client-8C798EE064B2->dd0a3b65-d36c-4f93-b232-3c8e6f6667b6@group-B02456D89C11, cid=4178, SUCCESS, logIndex=5856, commits[dd0a3b65-d36c-4f93-b232-3c8e6f6667b6:c5858]
2019-09-18 13:04:52,220 [grpc-default-executor-0] INFO  client.GrpcClientProtocolClient (GrpcClientProtocolClient.java:onNext(264)) - client-8C798EE064B2->dd0a3b65-d36c-4f93-b232-3c8e6f6667b6: receive RaftClientReply:client-8C798EE064B2->dd0a3b65-d36c-4f93-b232-3c8e6f6667b6@group-B02456D89C11, cid=4179, SUCCESS, logIndex=5857, commits[dd0a3b65-d36c-4f93-b232-3c8e6f6667b6:c5858]
2019-09-18 13:04:52,220 [grpc-default-executor-0] INFO  client.GrpcClientProtocolClient (GrpcClientProtocolClient.java:onNext(264)) - client-8C798EE064B2->dd0a3b65-d36c-4f93-b232-3c8e6f6667b6: receive RaftClientReply:client-8C798EE064B2->dd0a3b65-d36c-4f93-b232-3c8e6f6667b6@group-B02456D89C11, cid=4180, SUCCESS, logIndex=5858, commits[dd0a3b65-d36c-4f93-b232-3c8e6f6667b6:c5858]
2019-09-18 13:04:52,238 [grpc-default-executor-0] INFO  client.GrpcClientProtocolClient (GrpcClientProtocolClient.java:onNext(264)) - client-8C798EE064B2->dd0a3b65-d36c-4f93-b232-3c8e6f6667b6: receive RaftClientReply:client-8C798EE064B2->dd0a3b65-d36c-4f93-b232-3c8e6f6667b6@group-B02456D89C11, cid=4181, SUCCESS, logIndex=5860, commits[dd0a3b65-d36c-4f93-b232-3c8e6f6667b6:c5861]
2019-09-18 13:04:52,239 [grpc-default-executor-0] INFO  client.GrpcClientProtocolClient (GrpcClientProtocolClient.java:onNext(264)) - client-8C798EE064B2->dd0a3b65-d36c-4f93-b232-3c8e6f6667b6: receive RaftClientReply:client-8C798EE064B2->dd0a3b65-d36c-4f93-b232-3c8e6f6667b6@group-B02456D89C11, cid=4182, SUCCESS, logIndex=5861, commits[dd0a3b65-d36c-4f93-b232-3c8e6f6667b6:c5863]
2019-09-18 13:04:52,239 [grpc-default-executor-0] INFO  client.GrpcClientProtocolClient (GrpcClientProtocolClient.java:onNext(264)) - client-8C798EE064B2->dd0a3b65-d36c-4f93-b232-3c8e6f6667b6: receive RaftClientReply:client-8C798EE064B2->dd0a3b65-d36c-4f93-b232-3c8e6f6667b6@group-B02456D89C11, cid=4183, SUCCESS, logIndex=5862, commits[dd0a3b65-d36c-4f93-b232-3c8e6f6667b6:c5863]
2019-09-18 13:04:52,239 [grpc-default-executor-0] INFO  client.GrpcClientProtocolClient (GrpcClientProtocolClient.java:onNext(264)) - client-8C798EE064B2->dd0a3b65-d36c-4f93-b232-3c8e6f6667b6: receive RaftClientReply:client-8C798EE064B2->dd0a3b65-d36c-4f93-b232-3c8e6f6667b6@group-B02456D89C11, cid=4184, SUCCESS, logIndex=5863, commits[dd0a3b65-d36c-4f93-b232-3c8e6f6667b6:c5864]
2019-09-18 13:04:52,253 [SCMBlockDeletingService#0] DEBUG block.SCMBlockDeletingService (SCMBlockDeletingService.java:call(138)) - Running DeletedBlockTransactionScanner
2019-09-18 13:04:52,253 [SCMBlockDeletingService#0] DEBUG block.SCMBlockDeletingService (SCMBlockDeletingService.java:call(155)) - Scanned deleted blocks log and got 0 delTX to process.
2019-09-18 13:04:52,265 [grpc-default-executor-1] INFO  client.GrpcClientProtocolClient (GrpcClientProtocolClient.java:onNext(264)) - client-8C798EE064B2->dd0a3b65-d36c-4f93-b232-3c8e6f6667b6: receive RaftClientReply:client-8C798EE064B2->dd0a3b65-d36c-4f93-b232-3c8e6f6667b6@group-B02456D89C11, cid=4185, SUCCESS, logIndex=5866, commits[dd0a3b65-d36c-4f93-b232-3c8e6f6667b6:c5867]
2019-09-18 13:04:52,266 [grpc-default-executor-1] INFO  client.GrpcClientProtocolClient (GrpcClientProtocolClient.java:onNext(264)) - client-8C798EE064B2->dd0a3b65-d36c-4f93-b232-3c8e6f6667b6: receive RaftClientReply:client-8C798EE064B2->dd0a3b65-d36c-4f93-b232-3c8e6f6667b6@group-B02456D89C11, cid=4186, SUCCESS, logIndex=5867, commits[dd0a3b65-d36c-4f93-b232-3c8e6f6667b6:c5869]
2019-09-18 13:04:52,266 [grpc-default-executor-1] INFO  client.GrpcClientProtocolClient (GrpcClientProtocolClient.java:onNext(264)) - client-8C798EE064B2->dd0a3b65-d36c-4f93-b232-3c8e6f6667b6: receive RaftClientReply:client-8C798EE064B2->dd0a3b65-d36c-4f93-b232-3c8e6f6667b6@group-B02456D89C11, cid=4187, SUCCESS, logIndex=5868, commits[dd0a3b65-d36c-4f93-b232-3c8e6f6667b6:c5870]
2019-09-18 13:04:52,266 [grpc-default-executor-1] INFO  client.GrpcClientProtocolClient (GrpcClientProtocolClient.java:onNext(264)) - client-8C798EE064B2->dd0a3b65-d36c-4f93-b232-3c8e6f6667b6: receive RaftClientReply:client-8C798EE064B2->dd0a3b65-d36c-4f93-b232-3c8e6f6667b6@group-B02456D89C11, cid=4188, SUCCESS, logIndex=5869, commits[dd0a3b65-d36c-4f93-b232-3c8e6f6667b6:c5870]
2019-09-18 13:04:52,279 [grpc-default-executor-0] INFO  client.GrpcClientProtocolClient (GrpcClientProtocolClient.java:onNext(264)) - client-8C798EE064B2->dd0a3b65-d36c-4f93-b232-3c8e6f6667b6: receive RaftClientReply:client-8C798EE064B2->dd0a3b65-d36c-4f93-b232-3c8e6f6667b6@group-B02456D89C11, cid=4189, SUCCESS, logIndex=5872, commits[dd0a3b65-d36c-4f93-b232-3c8e6f6667b6:c5875]
2019-09-18 13:04:52,280 [grpc-default-executor-0] INFO  client.GrpcClientProtocolClient (GrpcClientProtocolClient.java:onNext(264)) - client-8C798EE064B2->dd0a3b65-d36c-4f93-b232-3c8e6f6667b6: receive RaftClientReply:client-8C798EE064B2->dd0a3b65-d36c-4f93-b232-3c8e6f6667b6@group-B02456D89C11, cid=4190, SUCCESS, logIndex=5873, commits[dd0a3b65-d36c-4f93-b232-3c8e6f6667b6:c5876]
2019-09-18 13:04:52,280 [grpc-default-executor-0] INFO  client.GrpcClientProtocolClient (GrpcClientProtocolClient.java:onNext(264)) - client-8C798EE064B2->dd0a3b65-d36c-4f93-b232-3c8e6f6667b6: receive RaftClientReply:client-8C798EE064B2->dd0a3b65-d36c-4f93-b232-3c8e6f6667b6@group-B02456D89C11, cid=4191, SUCCESS, logIndex=5874, commits[dd0a3b65-d36c-4f93-b232-3c8e6f6667b6:c5876]
2019-09-18 13:04:52,280 [grpc-default-executor-0] INFO  client.GrpcClientProtocolClient (GrpcClientProtocolClient.java:onNext(264)) - client-8C798EE064B2->dd0a3b65-d36c-4f93-b232-3c8e6f6667b6: receive RaftClientReply:client-8C798EE064B2->dd0a3b65-d36c-4f93-b232-3c8e6f6667b6@group-B02456D89C11, cid=4192, SUCCESS, logIndex=5875, commits[dd0a3b65-d36c-4f93-b232-3c8e6f6667b6:c5876]
2019-09-18 13:04:52,308 [grpc-default-executor-0] INFO  client.GrpcClientProtocolClient (GrpcClientProtocolClient.java:onNext(264)) - client-8C798EE064B2->dd0a3b65-d36c-4f93-b232-3c8e6f6667b6: receive RaftClientReply:client-8C798EE064B2->dd0a3b65-d36c-4f93-b232-3c8e6f6667b6@group-B02456D89C11, cid=4193, SUCCESS, logIndex=5877, commits[dd0a3b65-d36c-4f93-b232-3c8e6f6667b6:c5878]
2019-09-18 13:04:52,309 [grpc-default-executor-0] INFO  client.GrpcClientProtocolClient (GrpcClientProtocolClient.java:onNext(264)) - client-8C798EE064B2->dd0a3b65-d36c-4f93-b232-3c8e6f6667b6: receive RaftClientReply:client-8C798EE064B2->dd0a3b65-d36c-4f93-b232-3c8e6f6667b6@group-B02456D89C11, cid=4194, SUCCESS, logIndex=5878, commits[dd0a3b65-d36c-4f93-b232-3c8e6f6667b6:c5880]
2019-09-18 13:04:52,309 [grpc-default-executor-0] INFO  client.GrpcClientProtocolClient (GrpcClientProtocolClient.java:onNext(264)) - client-8C798EE064B2->dd0a3b65-d36c-4f93-b232-3c8e6f6667b6: receive RaftClientReply:client-8C798EE064B2->dd0a3b65-d36c-4f93-b232-3c8e6f6667b6@group-B02456D89C11, cid=4195, SUCCESS, logIndex=5879, commits[dd0a3b65-d36c-4f93-b232-3c8e6f6667b6:c5880]
2019-09-18 13:04:52,309 [grpc-default-executor-0] INFO  client.GrpcClientProtocolClient (GrpcClientProtocolClient.java:onNext(264)) - client-8C798EE064B2->dd0a3b65-d36c-4f93-b232-3c8e6f6667b6: receive RaftClientReply:client-8C798EE064B2->dd0a3b65-d36c-4f93-b232-3c8e6f6667b6@group-B02456D89C11, cid=4196, SUCCESS, logIndex=5880, commits[dd0a3b65-d36c-4f93-b232-3c8e6f6667b6:c5881]
2019-09-18 13:04:52,448 [SCMBlockDeletingService#0] DEBUG block.SCMBlockDeletingService (SCMBlockDeletingService.java:call(138)) - Running DeletedBlockTransactionScanner
2019-09-18 13:04:52,448 [SCMBlockDeletingService#0] DEBUG block.SCMBlockDeletingService (SCMBlockDeletingService.java:call(155)) - Scanned deleted blocks log and got 0 delTX to process.
2019-09-18 13:04:52,465 [grpc-default-executor-0] INFO  client.GrpcClientProtocolClient (GrpcClientProtocolClient.java:onNext(264)) - client-8C798EE064B2->dd0a3b65-d36c-4f93-b232-3c8e6f6667b6: receive RaftClientReply:client-8C798EE064B2->dd0a3b65-d36c-4f93-b232-3c8e6f6667b6@group-B02456D89C11, cid=4197, SUCCESS, logIndex=5883, commits[dd0a3b65-d36c-4f93-b232-3c8e6f6667b6:c5884]
2019-09-18 13:04:52,466 [grpc-default-executor-0] INFO  client.GrpcClientProtocolClient (GrpcClientProtocolClient.java:onNext(264)) - client-8C798EE064B2->dd0a3b65-d36c-4f93-b232-3c8e6f6667b6: receive RaftClientReply:client-8C798EE064B2->dd0a3b65-d36c-4f93-b232-3c8e6f6667b6@group-B02456D89C11, cid=4198, SUCCESS, logIndex=5884, commits[dd0a3b65-d36c-4f93-b232-3c8e6f6667b6:c5885]
2019-09-18 13:04:52,548 [SCMBlockDeletingService#0] DEBUG block.SCMBlockDeletingService (SCMBlockDeletingService.java:call(138)) - Running DeletedBlockTransactionScanner
2019-09-18 13:04:52,549 [SCMBlockDeletingService#0] DEBUG block.SCMBlockDeletingService (SCMBlockDeletingService.java:call(155)) - Scanned deleted blocks log and got 0 delTX to process.
2019-09-18 13:04:52,571 [grpc-default-executor-1] INFO  client.GrpcClientProtocolClient (GrpcClientProtocolClient.java:onNext(264)) - client-8C798EE064B2->dd0a3b65-d36c-4f93-b232-3c8e6f6667b6: receive RaftClientReply:client-8C798EE064B2->dd0a3b65-d36c-4f93-b232-3c8e6f6667b6@group-B02456D89C11, cid=4199, SUCCESS, logIndex=5886, commits[dd0a3b65-d36c-4f93-b232-3c8e6f6667b6:c5888]
2019-09-18 13:04:52,572 [grpc-default-executor-1] INFO  client.GrpcClientProtocolClient (GrpcClientProtocolClient.java:onNext(264)) - client-8C798EE064B2->dd0a3b65-d36c-4f93-b232-3c8e6f6667b6: receive RaftClientReply:client-8C798EE064B2->dd0a3b65-d36c-4f93-b232-3c8e6f6667b6@group-B02456D89C11, cid=4200, SUCCESS, logIndex=5887, commits[dd0a3b65-d36c-4f93-b232-3c8e6f6667b6:c5888]
2019-09-18 13:04:52,606 [grpc-default-executor-1] INFO  client.GrpcClientProtocolClient (GrpcClientProtocolClient.java:onNext(264)) - client-8C798EE064B2->dd0a3b65-d36c-4f93-b232-3c8e6f6667b6: receive RaftClientReply:client-8C798EE064B2->dd0a3b65-d36c-4f93-b232-3c8e6f6667b6@group-B02456D89C11, cid=4201, SUCCESS, logIndex=5889, commits[dd0a3b65-d36c-4f93-b232-3c8e6f6667b6:c5892]
2019-09-18 13:04:52,607 [grpc-default-executor-1] INFO  client.GrpcClientProtocolClient (GrpcClientProtocolClient.java:onNext(264)) - client-8C798EE064B2->dd0a3b65-d36c-4f93-b232-3c8e6f6667b6: receive RaftClientReply:client-8C798EE064B2->dd0a3b65-d36c-4f93-b232-3c8e6f6667b6@group-B02456D89C11, cid=4202, SUCCESS, logIndex=5890, commits[dd0a3b65-d36c-4f93-b232-3c8e6f6667b6:c5893]
2019-09-18 13:04:52,607 [grpc-default-executor-1] INFO  client.GrpcClientProtocolClient (GrpcClientProtocolClient.java:onNext(264)) - client-8C798EE064B2->dd0a3b65-d36c-4f93-b232-3c8e6f6667b6: receive RaftClientReply:client-8C798EE064B2->dd0a3b65-d36c-4f93-b232-3c8e6f6667b6@group-B02456D89C11, cid=4203, SUCCESS, logIndex=5891, commits[dd0a3b65-d36c-4f93-b232-3c8e6f6667b6:c5893]
2019-09-18 13:04:52,607 [grpc-default-executor-1] INFO  client.GrpcClientProtocolClient (GrpcClientProtocolClient.java:onNext(264)) - client-8C798EE064B2->dd0a3b65-d36c-4f93-b232-3c8e6f6667b6: receive RaftClientReply:client-8C798EE064B2->dd0a3b65-d36c-4f93-b232-3c8e6f6667b6@group-B02456D89C11, cid=4204, SUCCESS, logIndex=5892, commits[dd0a3b65-d36c-4f93-b232-3c8e6f6667b6:c5893]
2019-09-18 13:04:52,625 [grpc-default-executor-1] INFO  client.GrpcClientProtocolClient (GrpcClientProtocolClient.java:onNext(264)) - client-8C798EE064B2->dd0a3b65-d36c-4f93-b232-3c8e6f6667b6: receive RaftClientReply:client-8C798EE064B2->dd0a3b65-d36c-4f93-b232-3c8e6f6667b6@group-B02456D89C11, cid=4205, SUCCESS, logIndex=5894, commits[dd0a3b65-d36c-4f93-b232-3c8e6f6667b6:c5895]
2019-09-18 13:04:52,626 [grpc-default-executor-1] INFO  client.GrpcClientProtocolClient (GrpcClientProtocolClient.java:onNext(264)) - client-8C798EE064B2->dd0a3b65-d36c-4f93-b232-3c8e6f6667b6: receive RaftClientReply:client-8C798EE064B2->dd0a3b65-d36c-4f93-b232-3c8e6f6667b6@group-B02456D89C11, cid=4206, SUCCESS, logIndex=5895, commits[dd0a3b65-d36c-4f93-b232-3c8e6f6667b6:c5895]
2019-09-18 13:04:52,628 [grpc-default-executor-1] INFO  client.GrpcClientProtocolClient (GrpcClientProtocolClient.java:onNext(264)) - client-8C798EE064B2->dd0a3b65-d36c-4f93-b232-3c8e6f6667b6: receive RaftClientReply:client-8C798EE064B2->dd0a3b65-d36c-4f93-b232-3c8e6f6667b6@group-B02456D89C11, cid=4207, SUCCESS, logIndex=5896, commits[dd0a3b65-d36c-4f93-b232-3c8e6f6667b6:c5897]
2019-09-18 13:04:52,628 [grpc-default-executor-1] INFO  client.GrpcClientProtocolClient (GrpcClientProtocolClient.java:onNext(264)) - client-8C798EE064B2->dd0a3b65-d36c-4f93-b232-3c8e6f6667b6: receive RaftClientReply:client-8C798EE064B2->dd0a3b65-d36c-4f93-b232-3c8e6f6667b6@group-B02456D89C11, cid=4208, SUCCESS, logIndex=5897, commits[dd0a3b65-d36c-4f93-b232-3c8e6f6667b6:c5897]
2019-09-18 13:04:52,646 [grpc-default-executor-1] INFO  client.GrpcClientProtocolClient (GrpcClientProtocolClient.java:onNext(264)) - client-8C798EE064B2->dd0a3b65-d36c-4f93-b232-3c8e6f6667b6: receive RaftClientReply:client-8C798EE064B2->dd0a3b65-d36c-4f93-b232-3c8e6f6667b6@group-B02456D89C11, cid=4209, SUCCESS, logIndex=5900, commits[dd0a3b65-d36c-4f93-b232-3c8e6f6667b6:c5901]
2019-09-18 13:04:52,647 [grpc-default-executor-1] INFO  client.GrpcClientProtocolClient (GrpcClientProtocolClient.java:onNext(264)) - client-8C798EE064B2->dd0a3b65-d36c-4f93-b232-3c8e6f6667b6: receive RaftClientReply:client-8C798EE064B2->dd0a3b65-d36c-4f93-b232-3c8e6f6667b6@group-B02456D89C11, cid=4210, SUCCESS, logIndex=5901, commits[dd0a3b65-d36c-4f93-b232-3c8e6f6667b6:c5901]
2019-09-18 13:04:52,649 [SCMBlockDeletingService#0] DEBUG block.SCMBlockDeletingService (SCMBlockDeletingService.java:call(138)) - Running DeletedBlockTransactionScanner
2019-09-18 13:04:52,649 [grpc-default-executor-1] INFO  client.GrpcClientProtocolClient (GrpcClientProtocolClient.java:onNext(264)) - client-8C798EE064B2->dd0a3b65-d36c-4f93-b232-3c8e6f6667b6: receive RaftClientReply:client-8C798EE064B2->dd0a3b65-d36c-4f93-b232-3c8e6f6667b6@group-B02456D89C11, cid=4211, SUCCESS, logIndex=5902, commits[dd0a3b65-d36c-4f93-b232-3c8e6f6667b6:c5904]
2019-09-18 13:04:52,649 [SCMBlockDeletingService#0] DEBUG block.SCMBlockDeletingService (SCMBlockDeletingService.java:call(155)) - Scanned deleted blocks log and got 0 delTX to process.
2019-09-18 13:04:52,650 [grpc-default-executor-1] INFO  client.GrpcClientProtocolClient (GrpcClientProtocolClient.java:onNext(264)) - client-8C798EE064B2->dd0a3b65-d36c-4f93-b232-3c8e6f6667b6: receive RaftClientReply:client-8C798EE064B2->dd0a3b65-d36c-4f93-b232-3c8e6f6667b6@group-B02456D89C11, cid=4212, SUCCESS, logIndex=5904, commits[dd0a3b65-d36c-4f93-b232-3c8e6f6667b6:c5904]
2019-09-18 13:04:52,661 [grpc-default-executor-1] INFO  client.GrpcClientProtocolClient (GrpcClientProtocolClient.java:onNext(264)) - client-8C798EE064B2->dd0a3b65-d36c-4f93-b232-3c8e6f6667b6: receive RaftClientReply:client-8C798EE064B2->dd0a3b65-d36c-4f93-b232-3c8e6f6667b6@group-B02456D89C11, cid=4213, SUCCESS, logIndex=5906, commits[dd0a3b65-d36c-4f93-b232-3c8e6f6667b6:c5907]
2019-09-18 13:04:52,661 [grpc-default-executor-1] INFO  client.GrpcClientProtocolClient (GrpcClientProtocolClient.java:onNext(264)) - client-8C798EE064B2->dd0a3b65-d36c-4f93-b232-3c8e6f6667b6: receive RaftClientReply:client-8C798EE064B2->dd0a3b65-d36c-4f93-b232-3c8e6f6667b6@group-B02456D89C11, cid=4214, SUCCESS, logIndex=5907, commits[dd0a3b65-d36c-4f93-b232-3c8e6f6667b6:c5909]
2019-09-18 13:04:52,662 [grpc-default-executor-1] INFO  client.GrpcClientProtocolClient (GrpcClientProtocolClient.java:onNext(264)) - client-8C798EE064B2->dd0a3b65-d36c-4f93-b232-3c8e6f6667b6: receive RaftClientReply:client-8C798EE064B2->dd0a3b65-d36c-4f93-b232-3c8e6f6667b6@group-B02456D89C11, cid=4215, SUCCESS, logIndex=5908, commits[dd0a3b65-d36c-4f93-b232-3c8e6f6667b6:c5909]
2019-09-18 13:04:52,662 [grpc-default-executor-1] INFO  client.GrpcClientProtocolClient (GrpcClientProtocolClient.java:onNext(264)) - client-8C798EE064B2->dd0a3b65-d36c-4f93-b232-3c8e6f6667b6: receive RaftClientReply:client-8C798EE064B2->dd0a3b65-d36c-4f93-b232-3c8e6f6667b6@group-B02456D89C11, cid=4216, SUCCESS, logIndex=5909, commits[dd0a3b65-d36c-4f93-b232-3c8e6f6667b6:c5910]
2019-09-18 13:04:52,683 [grpc-default-executor-1] INFO  client.GrpcClientProtocolClient (GrpcClientProtocolClient.java:onNext(264)) - client-8C798EE064B2->dd0a3b65-d36c-4f93-b232-3c8e6f6667b6: receive RaftClientReply:client-8C798EE064B2->dd0a3b65-d36c-4f93-b232-3c8e6f6667b6@group-B02456D89C11, cid=4217, SUCCESS, logIndex=5912, commits[dd0a3b65-d36c-4f93-b232-3c8e6f6667b6:c5913]
2019-09-18 13:04:52,683 [grpc-default-executor-1] INFO  client.GrpcClientProtocolClient (GrpcClientProtocolClient.java:onNext(264)) - client-8C798EE064B2->dd0a3b65-d36c-4f93-b232-3c8e6f6667b6: receive RaftClientReply:client-8C798EE064B2->dd0a3b65-d36c-4f93-b232-3c8e6f6667b6@group-B02456D89C11, cid=4218, SUCCESS, logIndex=5913, commits[dd0a3b65-d36c-4f93-b232-3c8e6f6667b6:c5913]
2019-09-18 13:04:52,689 [grpc-default-executor-1] INFO  client.GrpcClientProtocolClient (GrpcClientProtocolClient.java:onNext(264)) - client-8C798EE064B2->dd0a3b65-d36c-4f93-b232-3c8e6f6667b6: receive RaftClientReply:client-8C798EE064B2->dd0a3b65-d36c-4f93-b232-3c8e6f6667b6@group-B02456D89C11, cid=4219, SUCCESS, logIndex=5914, commits[dd0a3b65-d36c-4f93-b232-3c8e6f6667b6:c5916]
2019-09-18 13:04:52,689 [grpc-default-executor-1] INFO  client.GrpcClientProtocolClient (GrpcClientProtocolClient.java:onNext(264)) - client-8C798EE064B2->dd0a3b65-d36c-4f93-b232-3c8e6f6667b6: receive RaftClientReply:client-8C798EE064B2->dd0a3b65-d36c-4f93-b232-3c8e6f6667b6@group-B02456D89C11, cid=4220, SUCCESS, logIndex=5915, commits[dd0a3b65-d36c-4f93-b232-3c8e6f6667b6:c5916]
2019-09-18 13:04:52,700 [grpc-default-executor-1] INFO  client.GrpcClientProtocolClient (GrpcClientProtocolClient.java:onNext(264)) - client-8C798EE064B2->dd0a3b65-d36c-4f93-b232-3c8e6f6667b6: receive RaftClientReply:client-8C798EE064B2->dd0a3b65-d36c-4f93-b232-3c8e6f6667b6@group-B02456D89C11, cid=4221, SUCCESS, logIndex=5917, commits[dd0a3b65-d36c-4f93-b232-3c8e6f6667b6:c5920]
2019-09-18 13:04:52,700 [grpc-default-executor-1] INFO  client.GrpcClientProtocolClient (GrpcClientProtocolClient.java:onNext(264)) - client-8C798EE064B2->dd0a3b65-d36c-4f93-b232-3c8e6f6667b6: receive RaftClientReply:client-8C798EE064B2->dd0a3b65-d36c-4f93-b232-3c8e6f6667b6@group-B02456D89C11, cid=4222, SUCCESS, logIndex=5918, commits[dd0a3b65-d36c-4f93-b232-3c8e6f6667b6:c5920]
2019-09-18 13:04:52,701 [grpc-default-executor-1] INFO  client.GrpcClientProtocolClient (GrpcClientProtocolClient.java:onNext(264)) - client-8C798EE064B2->dd0a3b65-d36c-4f93-b232-3c8e6f6667b6: receive RaftClientReply:client-8C798EE064B2->dd0a3b65-d36c-4f93-b232-3c8e6f6667b6@group-B02456D89C11, cid=4223, SUCCESS, logIndex=5919, commits[dd0a3b65-d36c-4f93-b232-3c8e6f6667b6:c5920]
2019-09-18 13:04:52,701 [grpc-default-executor-1] INFO  client.GrpcClientProtocolClient (GrpcClientProtocolClient.java:onNext(264)) - client-8C798EE064B2->dd0a3b65-d36c-4f93-b232-3c8e6f6667b6: receive RaftClientReply:client-8C798EE064B2->dd0a3b65-d36c-4f93-b232-3c8e6f6667b6@group-B02456D89C11, cid=4224, SUCCESS, logIndex=5920, commits[dd0a3b65-d36c-4f93-b232-3c8e6f6667b6:c5920]
2019-09-18 13:04:52,727 [grpc-default-executor-1] INFO  client.GrpcClientProtocolClient (GrpcClientProtocolClient.java:onNext(264)) - client-8C798EE064B2->dd0a3b65-d36c-4f93-b232-3c8e6f6667b6: receive RaftClientReply:client-8C798EE064B2->dd0a3b65-d36c-4f93-b232-3c8e6f6667b6@group-B02456D89C11, cid=4225, SUCCESS, logIndex=5922, commits[dd0a3b65-d36c-4f93-b232-3c8e6f6667b6:c5923]
2019-09-18 13:04:52,728 [grpc-default-executor-1] INFO  client.GrpcClientProtocolClient (GrpcClientProtocolClient.java:onNext(264)) - client-8C798EE064B2->dd0a3b65-d36c-4f93-b232-3c8e6f6667b6: receive RaftClientReply:client-8C798EE064B2->dd0a3b65-d36c-4f93-b232-3c8e6f6667b6@group-B02456D89C11, cid=4226, SUCCESS, logIndex=5923, commits[dd0a3b65-d36c-4f93-b232-3c8e6f6667b6:c5925]
2019-09-18 13:04:52,728 [grpc-default-executor-1] INFO  client.GrpcClientProtocolClient (GrpcClientProtocolClient.java:onNext(264)) - client-8C798EE064B2->dd0a3b65-d36c-4f93-b232-3c8e6f6667b6: receive RaftClientReply:client-8C798EE064B2->dd0a3b65-d36c-4f93-b232-3c8e6f6667b6@group-B02456D89C11, cid=4227, SUCCESS, logIndex=5924, commits[dd0a3b65-d36c-4f93-b232-3c8e6f6667b6:c5926]
2019-09-18 13:04:52,728 [grpc-default-executor-1] INFO  client.GrpcClientProtocolClient (GrpcClientProtocolClient.java:onNext(264)) - client-8C798EE064B2->dd0a3b65-d36c-4f93-b232-3c8e6f6667b6: receive RaftClientReply:client-8C798EE064B2->dd0a3b65-d36c-4f93-b232-3c8e6f6667b6@group-B02456D89C11, cid=4228, SUCCESS, logIndex=5925, commits[dd0a3b65-d36c-4f93-b232-3c8e6f6667b6:c5926]
2019-09-18 13:04:52,739 [grpc-default-executor-1] INFO  client.GrpcClientProtocolClient (GrpcClientProtocolClient.java:onNext(264)) - client-8C798EE064B2->dd0a3b65-d36c-4f93-b232-3c8e6f6667b6: receive RaftClientReply:client-8C798EE064B2->dd0a3b65-d36c-4f93-b232-3c8e6f6667b6@group-B02456D89C11, cid=4229, SUCCESS, logIndex=5928, commits[dd0a3b65-d36c-4f93-b232-3c8e6f6667b6:c5931]
2019-09-18 13:04:52,739 [grpc-default-executor-1] INFO  client.GrpcClientProtocolClient (GrpcClientProtocolClient.java:onNext(264)) - client-8C798EE064B2->dd0a3b65-d36c-4f93-b232-3c8e6f6667b6: receive RaftClientReply:client-8C798EE064B2->dd0a3b65-d36c-4f93-b232-3c8e6f6667b6@group-B02456D89C11, cid=4230, SUCCESS, logIndex=5929, commits[dd0a3b65-d36c-4f93-b232-3c8e6f6667b6:c5931]
2019-09-18 13:04:52,740 [grpc-default-executor-1] INFO  client.GrpcClientProtocolClient (GrpcClientProtocolClient.java:onNext(264)) - client-8C798EE064B2->dd0a3b65-d36c-4f93-b232-3c8e6f6667b6: receive RaftClientReply:client-8C798EE064B2->dd0a3b65-d36c-4f93-b232-3c8e6f6667b6@group-B02456D89C11, cid=4231, SUCCESS, logIndex=5930, commits[dd0a3b65-d36c-4f93-b232-3c8e6f6667b6:c5932]
2019-09-18 13:04:52,740 [grpc-default-executor-1] INFO  client.GrpcClientProtocolClient (GrpcClientProtocolClient.java:onNext(264)) - client-8C798EE064B2->dd0a3b65-d36c-4f93-b232-3c8e6f6667b6: receive RaftClientReply:client-8C798EE064B2->dd0a3b65-d36c-4f93-b232-3c8e6f6667b6@group-B02456D89C11, cid=4232, SUCCESS, logIndex=5931, commits[dd0a3b65-d36c-4f93-b232-3c8e6f6667b6:c5932]
2019-09-18 13:04:52,750 [SCMBlockDeletingService#0] DEBUG block.SCMBlockDeletingService (SCMBlockDeletingService.java:call(138)) - Running DeletedBlockTransactionScanner
2019-09-18 13:04:52,750 [SCMBlockDeletingService#0] DEBUG block.SCMBlockDeletingService (SCMBlockDeletingService.java:call(155)) - Scanned deleted blocks log and got 0 delTX to process.
2019-09-18 13:04:52,761 [grpc-default-executor-1] INFO  client.GrpcClientProtocolClient (GrpcClientProtocolClient.java:onNext(264)) - client-8C798EE064B2->dd0a3b65-d36c-4f93-b232-3c8e6f6667b6: receive RaftClientReply:client-8C798EE064B2->dd0a3b65-d36c-4f93-b232-3c8e6f6667b6@group-B02456D89C11, cid=4233, SUCCESS, logIndex=5933, commits[dd0a3b65-d36c-4f93-b232-3c8e6f6667b6:c5936]
2019-09-18 13:04:52,761 [grpc-default-executor-1] INFO  client.GrpcClientProtocolClient (GrpcClientProtocolClient.java:onNext(264)) - client-8C798EE064B2->dd0a3b65-d36c-4f93-b232-3c8e6f6667b6: receive RaftClientReply:client-8C798EE064B2->dd0a3b65-d36c-4f93-b232-3c8e6f6667b6@group-B02456D89C11, cid=4234, SUCCESS, logIndex=5934, commits[dd0a3b65-d36c-4f93-b232-3c8e6f6667b6:c5937]
2019-09-18 13:04:52,762 [grpc-default-executor-1] INFO  client.GrpcClientProtocolClient (GrpcClientProtocolClient.java:onNext(264)) - client-8C798EE064B2->dd0a3b65-d36c-4f93-b232-3c8e6f6667b6: receive RaftClientReply:client-8C798EE064B2->dd0a3b65-d36c-4f93-b232-3c8e6f6667b6@group-B02456D89C11, cid=4235, SUCCESS, logIndex=5935, commits[dd0a3b65-d36c-4f93-b232-3c8e6f6667b6:c5937]
2019-09-18 13:04:52,762 [grpc-default-executor-1] INFO  client.GrpcClientProtocolClient (GrpcClientProtocolClient.java:onNext(264)) - client-8C798EE064B2->dd0a3b65-d36c-4f93-b232-3c8e6f6667b6: receive RaftClientReply:client-8C798EE064B2->dd0a3b65-d36c-4f93-b232-3c8e6f6667b6@group-B02456D89C11, cid=4236, SUCCESS, logIndex=5936, commits[dd0a3b65-d36c-4f93-b232-3c8e6f6667b6:c5937]
2019-09-18 13:04:52,777 [grpc-default-executor-0] INFO  client.GrpcClientProtocolClient (GrpcClientProtocolClient.java:onNext(264)) - client-8C798EE064B2->dd0a3b65-d36c-4f93-b232-3c8e6f6667b6: receive RaftClientReply:client-8C798EE064B2->dd0a3b65-d36c-4f93-b232-3c8e6f6667b6@group-B02456D89C11, cid=4237, SUCCESS, logIndex=5938, commits[dd0a3b65-d36c-4f93-b232-3c8e6f6667b6:c5939]
2019-09-18 13:04:52,778 [grpc-default-executor-0] INFO  client.GrpcClientProtocolClient (GrpcClientProtocolClient.java:onNext(264)) - client-8C798EE064B2->dd0a3b65-d36c-4f93-b232-3c8e6f6667b6: receive RaftClientReply:client-8C798EE064B2->dd0a3b65-d36c-4f93-b232-3c8e6f6667b6@group-B02456D89C11, cid=4238, SUCCESS, logIndex=5939, commits[dd0a3b65-d36c-4f93-b232-3c8e6f6667b6:c5941]
2019-09-18 13:04:52,778 [grpc-default-executor-0] INFO  client.GrpcClientProtocolClient (GrpcClientProtocolClient.java:onNext(264)) - client-8C798EE064B2->dd0a3b65-d36c-4f93-b232-3c8e6f6667b6: receive RaftClientReply:client-8C798EE064B2->dd0a3b65-d36c-4f93-b232-3c8e6f6667b6@group-B02456D89C11, cid=4239, SUCCESS, logIndex=5940, commits[dd0a3b65-d36c-4f93-b232-3c8e6f6667b6:c5941]
2019-09-18 13:04:52,778 [grpc-default-executor-0] INFO  client.GrpcClientProtocolClient (GrpcClientProtocolClient.java:onNext(264)) - client-8C798EE064B2->dd0a3b65-d36c-4f93-b232-3c8e6f6667b6: receive RaftClientReply:client-8C798EE064B2->dd0a3b65-d36c-4f93-b232-3c8e6f6667b6@group-B02456D89C11, cid=4240, SUCCESS, logIndex=5941, commits[dd0a3b65-d36c-4f93-b232-3c8e6f6667b6:c5942]
2019-09-18 13:04:52,800 [grpc-default-executor-0] INFO  client.GrpcClientProtocolClient (GrpcClientProtocolClient.java:onNext(264)) - client-8C798EE064B2->dd0a3b65-d36c-4f93-b232-3c8e6f6667b6: receive RaftClientReply:client-8C798EE064B2->dd0a3b65-d36c-4f93-b232-3c8e6f6667b6@group-B02456D89C11, cid=4241, SUCCESS, logIndex=5944, commits[dd0a3b65-d36c-4f93-b232-3c8e6f6667b6:c5945]
2019-09-18 13:04:52,801 [grpc-default-executor-0] INFO  client.GrpcClientProtocolClient (GrpcClientProtocolClient.java:onNext(264)) - client-8C798EE064B2->dd0a3b65-d36c-4f93-b232-3c8e6f6667b6: receive RaftClientReply:client-8C798EE064B2->dd0a3b65-d36c-4f93-b232-3c8e6f6667b6@group-B02456D89C11, cid=4242, SUCCESS, logIndex=5945, commits[dd0a3b65-d36c-4f93-b232-3c8e6f6667b6:c5946]
2019-09-18 13:04:52,850 [SCMBlockDeletingService#0] DEBUG block.SCMBlockDeletingService (SCMBlockDeletingService.java:call(138)) - Running DeletedBlockTransactionScanner
2019-09-18 13:04:52,850 [SCMBlockDeletingService#0] DEBUG block.SCMBlockDeletingService (SCMBlockDeletingService.java:call(155)) - Scanned deleted blocks log and got 0 delTX to process.
2019-09-18 13:04:52,928 [grpc-default-executor-1] INFO  client.GrpcClientProtocolClient (GrpcClientProtocolClient.java:onNext(264)) - client-8C798EE064B2->dd0a3b65-d36c-4f93-b232-3c8e6f6667b6: receive RaftClientReply:client-8C798EE064B2->dd0a3b65-d36c-4f93-b232-3c8e6f6667b6@group-B02456D89C11, cid=4243, SUCCESS, logIndex=5947, commits[dd0a3b65-d36c-4f93-b232-3c8e6f6667b6:c5948]
2019-09-18 13:04:52,928 [grpc-default-executor-1] INFO  client.GrpcClientProtocolClient (GrpcClientProtocolClient.java:onNext(264)) - client-8C798EE064B2->dd0a3b65-d36c-4f93-b232-3c8e6f6667b6: receive RaftClientReply:client-8C798EE064B2->dd0a3b65-d36c-4f93-b232-3c8e6f6667b6@group-B02456D89C11, cid=4244, SUCCESS, logIndex=5948, commits[dd0a3b65-d36c-4f93-b232-3c8e6f6667b6:c5948]
2019-09-18 13:04:52,949 [grpc-default-executor-1] INFO  client.GrpcClientProtocolClient (GrpcClientProtocolClient.java:onNext(264)) - client-8C798EE064B2->dd0a3b65-d36c-4f93-b232-3c8e6f6667b6: receive RaftClientReply:client-8C798EE064B2->dd0a3b65-d36c-4f93-b232-3c8e6f6667b6@group-B02456D89C11, cid=4245, SUCCESS, logIndex=5950, commits[dd0a3b65-d36c-4f93-b232-3c8e6f6667b6:c5953]
2019-09-18 13:04:52,950 [grpc-default-executor-1] INFO  client.GrpcClientProtocolClient (GrpcClientProtocolClient.java:onNext(264)) - client-8C798EE064B2->dd0a3b65-d36c-4f93-b232-3c8e6f6667b6: receive RaftClientReply:client-8C798EE064B2->dd0a3b65-d36c-4f93-b232-3c8e6f6667b6@group-B02456D89C11, cid=4246, SUCCESS, logIndex=5951, commits[dd0a3b65-d36c-4f93-b232-3c8e6f6667b6:c5953]
2019-09-18 13:04:52,950 [grpc-default-executor-1] INFO  client.GrpcClientProtocolClient (GrpcClientProtocolClient.java:onNext(264)) - client-8C798EE064B2->dd0a3b65-d36c-4f93-b232-3c8e6f6667b6: receive RaftClientReply:client-8C798EE064B2->dd0a3b65-d36c-4f93-b232-3c8e6f6667b6@group-B02456D89C11, cid=4247, SUCCESS, logIndex=5952, commits[dd0a3b65-d36c-4f93-b232-3c8e6f6667b6:c5954]
2019-09-18 13:04:52,951 [grpc-default-executor-1] INFO  client.GrpcClientProtocolClient (GrpcClientProtocolClient.java:onNext(264)) - client-8C798EE064B2->dd0a3b65-d36c-4f93-b232-3c8e6f6667b6: receive RaftClientReply:client-8C798EE064B2->dd0a3b65-d36c-4f93-b232-3c8e6f6667b6@group-B02456D89C11, cid=4248, SUCCESS, logIndex=5953, commits[dd0a3b65-d36c-4f93-b232-3c8e6f6667b6:c5954]
2019-09-18 13:04:52,951 [SCMBlockDeletingService#0] DEBUG block.SCMBlockDeletingService (SCMBlockDeletingService.java:call(138)) - Running DeletedBlockTransactionScanner
2019-09-18 13:04:52,951 [SCMBlockDeletingService#0] DEBUG block.SCMBlockDeletingService (SCMBlockDeletingService.java:call(155)) - Scanned deleted blocks log and got 0 delTX to process.
2019-09-18 13:04:52,984 [grpc-default-executor-0] INFO  client.GrpcClientProtocolClient (GrpcClientProtocolClient.java:onNext(264)) - client-8C798EE064B2->dd0a3b65-d36c-4f93-b232-3c8e6f6667b6: receive RaftClientReply:client-8C798EE064B2->dd0a3b65-d36c-4f93-b232-3c8e6f6667b6@group-B02456D89C11, cid=4249, SUCCESS, logIndex=5955, commits[dd0a3b65-d36c-4f93-b232-3c8e6f6667b6:c5958]
2019-09-18 13:04:52,985 [grpc-default-executor-0] INFO  client.GrpcClientProtocolClient (GrpcClientProtocolClient.java:onNext(264)) - client-8C798EE064B2->dd0a3b65-d36c-4f93-b232-3c8e6f6667b6: receive RaftClientReply:client-8C798EE064B2->dd0a3b65-d36c-4f93-b232-3c8e6f6667b6@group-B02456D89C11, cid=4250, SUCCESS, logIndex=5956, commits[dd0a3b65-d36c-4f93-b232-3c8e6f6667b6:c5958]
2019-09-18 13:04:52,985 [grpc-default-executor-0] INFO  client.GrpcClientProtocolClient (GrpcClientProtocolClient.java:onNext(264)) - client-8C798EE064B2->dd0a3b65-d36c-4f93-b232-3c8e6f6667b6: receive RaftClientReply:client-8C798EE064B2->dd0a3b65-d36c-4f93-b232-3c8e6f6667b6@group-B02456D89C11, cid=4251, SUCCESS, logIndex=5957, commits[dd0a3b65-d36c-4f93-b232-3c8e6f6667b6:c5959]
2019-09-18 13:04:52,985 [grpc-default-executor-0] INFO  client.GrpcClientProtocolClient (GrpcClientProtocolClient.java:onNext(264)) - client-8C798EE064B2->dd0a3b65-d36c-4f93-b232-3c8e6f6667b6: receive RaftClientReply:client-8C798EE064B2->dd0a3b65-d36c-4f93-b232-3c8e6f6667b6@group-B02456D89C11, cid=4252, SUCCESS, logIndex=5958, commits[dd0a3b65-d36c-4f93-b232-3c8e6f6667b6:c5959]
2019-09-18 13:04:53,004 [grpc-default-executor-0] INFO  client.GrpcClientProtocolClient (GrpcClientProtocolClient.java:onNext(264)) - client-8C798EE064B2->dd0a3b65-d36c-4f93-b232-3c8e6f6667b6: receive RaftClientReply:client-8C798EE064B2->dd0a3b65-d36c-4f93-b232-3c8e6f6667b6@group-B02456D89C11, cid=4253, SUCCESS, logIndex=5960, commits[dd0a3b65-d36c-4f93-b232-3c8e6f6667b6:c5961]
2019-09-18 13:04:53,004 [grpc-default-executor-0] INFO  client.GrpcClientProtocolClient (GrpcClientProtocolClient.java:onNext(264)) - client-8C798EE064B2->dd0a3b65-d36c-4f93-b232-3c8e6f6667b6: receive RaftClientReply:client-8C798EE064B2->dd0a3b65-d36c-4f93-b232-3c8e6f6667b6@group-B02456D89C11, cid=4254, SUCCESS, logIndex=5961, commits[dd0a3b65-d36c-4f93-b232-3c8e6f6667b6:c5961]
2019-09-18 13:04:53,006 [grpc-default-executor-0] INFO  client.GrpcClientProtocolClient (GrpcClientProtocolClient.java:onNext(264)) - client-8C798EE064B2->dd0a3b65-d36c-4f93-b232-3c8e6f6667b6: receive RaftClientReply:client-8C798EE064B2->dd0a3b65-d36c-4f93-b232-3c8e6f6667b6@group-B02456D89C11, cid=4255, SUCCESS, logIndex=5962, commits[dd0a3b65-d36c-4f93-b232-3c8e6f6667b6:c5963]
2019-09-18 13:04:53,006 [grpc-default-executor-0] INFO  client.GrpcClientProtocolClient (GrpcClientProtocolClient.java:onNext(264)) - client-8C798EE064B2->dd0a3b65-d36c-4f93-b232-3c8e6f6667b6: receive RaftClientReply:client-8C798EE064B2->dd0a3b65-d36c-4f93-b232-3c8e6f6667b6@group-B02456D89C11, cid=4256, SUCCESS, logIndex=5963, commits[dd0a3b65-d36c-4f93-b232-3c8e6f6667b6:c5963]
2019-09-18 13:04:53,040 [grpc-default-executor-0] INFO  client.GrpcClientProtocolClient (GrpcClientProtocolClient.java:onNext(264)) - client-8C798EE064B2->dd0a3b65-d36c-4f93-b232-3c8e6f6667b6: receive RaftClientReply:client-8C798EE064B2->dd0a3b65-d36c-4f93-b232-3c8e6f6667b6@group-B02456D89C11, cid=4257, SUCCESS, logIndex=5966, commits[dd0a3b65-d36c-4f93-b232-3c8e6f6667b6:c5967]
2019-09-18 13:04:53,040 [grpc-default-executor-0] INFO  client.GrpcClientProtocolClient (GrpcClientProtocolClient.java:onNext(264)) - client-8C798EE064B2->dd0a3b65-d36c-4f93-b232-3c8e6f6667b6: receive RaftClientReply:client-8C798EE064B2->dd0a3b65-d36c-4f93-b232-3c8e6f6667b6@group-B02456D89C11, cid=4258, SUCCESS, logIndex=5967, commits[dd0a3b65-d36c-4f93-b232-3c8e6f6667b6:c5969]
2019-09-18 13:04:53,041 [grpc-default-executor-0] INFO  client.GrpcClientProtocolClient (GrpcClientProtocolClient.java:onNext(264)) - client-8C798EE064B2->dd0a3b65-d36c-4f93-b232-3c8e6f6667b6: receive RaftClientReply:client-8C798EE064B2->dd0a3b65-d36c-4f93-b232-3c8e6f6667b6@group-B02456D89C11, cid=4259, SUCCESS, logIndex=5968, commits[dd0a3b65-d36c-4f93-b232-3c8e6f6667b6:c5970]
2019-09-18 13:04:53,041 [grpc-default-executor-0] INFO  client.GrpcClientProtocolClient (GrpcClientProtocolClient.java:onNext(264)) - client-8C798EE064B2->dd0a3b65-d36c-4f93-b232-3c8e6f6667b6: receive RaftClientReply:client-8C798EE064B2->dd0a3b65-d36c-4f93-b232-3c8e6f6667b6@group-B02456D89C11, cid=4260, SUCCESS, logIndex=5969, commits[dd0a3b65-d36c-4f93-b232-3c8e6f6667b6:c5970]
2019-09-18 13:04:53,051 [SCMBlockDeletingService#1] DEBUG block.SCMBlockDeletingService (SCMBlockDeletingService.java:call(138)) - Running DeletedBlockTransactionScanner
2019-09-18 13:04:53,051 [SCMBlockDeletingService#1] DEBUG block.SCMBlockDeletingService (SCMBlockDeletingService.java:call(155)) - Scanned deleted blocks log and got 0 delTX to process.
2019-09-18 13:04:53,060 [grpc-default-executor-0] INFO  client.GrpcClientProtocolClient (GrpcClientProtocolClient.java:onNext(264)) - client-8C798EE064B2->dd0a3b65-d36c-4f93-b232-3c8e6f6667b6: receive RaftClientReply:client-8C798EE064B2->dd0a3b65-d36c-4f93-b232-3c8e6f6667b6@group-B02456D89C11, cid=4261, SUCCESS, logIndex=5972, commits[dd0a3b65-d36c-4f93-b232-3c8e6f6667b6:c5973]
2019-09-18 13:04:53,060 [grpc-default-executor-0] INFO  client.GrpcClientProtocolClient (GrpcClientProtocolClient.java:onNext(264)) - client-8C798EE064B2->dd0a3b65-d36c-4f93-b232-3c8e6f6667b6: receive RaftClientReply:client-8C798EE064B2->dd0a3b65-d36c-4f93-b232-3c8e6f6667b6@group-B02456D89C11, cid=4262, SUCCESS, logIndex=5973, commits[dd0a3b65-d36c-4f93-b232-3c8e6f6667b6:c5973]
2019-09-18 13:04:53,062 [grpc-default-executor-0] INFO  client.GrpcClientProtocolClient (GrpcClientProtocolClient.java:onNext(264)) - client-8C798EE064B2->dd0a3b65-d36c-4f93-b232-3c8e6f6667b6: receive RaftClientReply:client-8C798EE064B2->dd0a3b65-d36c-4f93-b232-3c8e6f6667b6@group-B02456D89C11, cid=4263, SUCCESS, logIndex=5974, commits[dd0a3b65-d36c-4f93-b232-3c8e6f6667b6:c5975]
2019-09-18 13:04:53,063 [grpc-default-executor-0] INFO  client.GrpcClientProtocolClient (GrpcClientProtocolClient.java:onNext(264)) - client-8C798EE064B2->dd0a3b65-d36c-4f93-b232-3c8e6f6667b6: receive RaftClientReply:client-8C798EE064B2->dd0a3b65-d36c-4f93-b232-3c8e6f6667b6@group-B02456D89C11, cid=4264, SUCCESS, logIndex=5975, commits[dd0a3b65-d36c-4f93-b232-3c8e6f6667b6:c5975]
2019-09-18 13:04:53,092 [grpc-default-executor-0] INFO  client.GrpcClientProtocolClient (GrpcClientProtocolClient.java:onNext(264)) - client-8C798EE064B2->dd0a3b65-d36c-4f93-b232-3c8e6f6667b6: receive RaftClientReply:client-8C798EE064B2->dd0a3b65-d36c-4f93-b232-3c8e6f6667b6@group-B02456D89C11, cid=4265, SUCCESS, logIndex=5978, commits[dd0a3b65-d36c-4f93-b232-3c8e6f6667b6:c5979]
2019-09-18 13:04:53,092 [grpc-default-executor-0] INFO  client.GrpcClientProtocolClient (GrpcClientProtocolClient.java:onNext(264)) - client-8C798EE064B2->dd0a3b65-d36c-4f93-b232-3c8e6f6667b6: receive RaftClientReply:client-8C798EE064B2->dd0a3b65-d36c-4f93-b232-3c8e6f6667b6@group-B02456D89C11, cid=4266, SUCCESS, logIndex=5979, commits[dd0a3b65-d36c-4f93-b232-3c8e6f6667b6:c5979]
2019-09-18 13:04:53,094 [grpc-default-executor-0] INFO  client.GrpcClientProtocolClient (GrpcClientProtocolClient.java:onNext(264)) - client-8C798EE064B2->dd0a3b65-d36c-4f93-b232-3c8e6f6667b6: receive RaftClientReply:client-8C798EE064B2->dd0a3b65-d36c-4f93-b232-3c8e6f6667b6@group-B02456D89C11, cid=4267, SUCCESS, logIndex=5980, commits[dd0a3b65-d36c-4f93-b232-3c8e6f6667b6:c5981]
2019-09-18 13:04:53,094 [grpc-default-executor-0] INFO  client.GrpcClientProtocolClient (GrpcClientProtocolClient.java:onNext(264)) - client-8C798EE064B2->dd0a3b65-d36c-4f93-b232-3c8e6f6667b6: receive RaftClientReply:client-8C798EE064B2->dd0a3b65-d36c-4f93-b232-3c8e6f6667b6@group-B02456D89C11, cid=4268, SUCCESS, logIndex=5981, commits[dd0a3b65-d36c-4f93-b232-3c8e6f6667b6:c5981]
2019-09-18 13:04:53,106 [grpc-default-executor-0] INFO  client.GrpcClientProtocolClient (GrpcClientProtocolClient.java:onNext(264)) - client-8C798EE064B2->dd0a3b65-d36c-4f93-b232-3c8e6f6667b6: receive RaftClientReply:client-8C798EE064B2->dd0a3b65-d36c-4f93-b232-3c8e6f6667b6@group-B02456D89C11, cid=4269, SUCCESS, logIndex=5984, commits[dd0a3b65-d36c-4f93-b232-3c8e6f6667b6:c5987]
2019-09-18 13:04:53,106 [grpc-default-executor-0] INFO  client.GrpcClientProtocolClient (GrpcClientProtocolClient.java:onNext(264)) - client-8C798EE064B2->dd0a3b65-d36c-4f93-b232-3c8e6f6667b6: receive RaftClientReply:client-8C798EE064B2->dd0a3b65-d36c-4f93-b232-3c8e6f6667b6@group-B02456D89C11, cid=4270, SUCCESS, logIndex=5985, commits[dd0a3b65-d36c-4f93-b232-3c8e6f6667b6:c5988]
2019-09-18 13:04:53,107 [grpc-default-executor-0] INFO  client.GrpcClientProtocolClient (GrpcClientProtocolClient.java:onNext(264)) - client-8C798EE064B2->dd0a3b65-d36c-4f93-b232-3c8e6f6667b6: receive RaftClientReply:client-8C798EE064B2->dd0a3b65-d36c-4f93-b232-3c8e6f6667b6@group-B02456D89C11, cid=4271, SUCCESS, logIndex=5986, commits[dd0a3b65-d36c-4f93-b232-3c8e6f6667b6:c5988]
2019-09-18 13:04:53,107 [grpc-default-executor-0] INFO  client.GrpcClientProtocolClient (GrpcClientProtocolClient.java:onNext(264)) - client-8C798EE064B2->dd0a3b65-d36c-4f93-b232-3c8e6f6667b6: receive RaftClientReply:client-8C798EE064B2->dd0a3b65-d36c-4f93-b232-3c8e6f6667b6@group-B02456D89C11, cid=4272, SUCCESS, logIndex=5987, commits[dd0a3b65-d36c-4f93-b232-3c8e6f6667b6:c5988]
2019-09-18 13:04:53,147 [grpc-default-executor-1] INFO  client.GrpcClientProtocolClient (GrpcClientProtocolClient.java:onNext(264)) - client-8C798EE064B2->dd0a3b65-d36c-4f93-b232-3c8e6f6667b6: receive RaftClientReply:client-8C798EE064B2->dd0a3b65-d36c-4f93-b232-3c8e6f6667b6@group-B02456D89C11, cid=4273, SUCCESS, logIndex=5989, commits[dd0a3b65-d36c-4f93-b232-3c8e6f6667b6:c5992]
2019-09-18 13:04:53,148 [grpc-default-executor-1] INFO  client.GrpcClientProtocolClient (GrpcClientProtocolClient.java:onNext(264)) - client-8C798EE064B2->dd0a3b65-d36c-4f93-b232-3c8e6f6667b6: receive RaftClientReply:client-8C798EE064B2->dd0a3b65-d36c-4f93-b232-3c8e6f6667b6@group-B02456D89C11, cid=4274, SUCCESS, logIndex=5990, commits[dd0a3b65-d36c-4f93-b232-3c8e6f6667b6:c5992]
2019-09-18 13:04:53,148 [grpc-default-executor-1] INFO  client.GrpcClientProtocolClient (GrpcClientProtocolClient.java:onNext(264)) - client-8C798EE064B2->dd0a3b65-d36c-4f93-b232-3c8e6f6667b6: receive RaftClientReply:client-8C798EE064B2->dd0a3b65-d36c-4f93-b232-3c8e6f6667b6@group-B02456D89C11, cid=4275, SUCCESS, logIndex=5991, commits[dd0a3b65-d36c-4f93-b232-3c8e6f6667b6:c5993]
2019-09-18 13:04:53,148 [grpc-default-executor-1] INFO  client.GrpcClientProtocolClient (GrpcClientProtocolClient.java:onNext(264)) - client-8C798EE064B2->dd0a3b65-d36c-4f93-b232-3c8e6f6667b6: receive RaftClientReply:client-8C798EE064B2->dd0a3b65-d36c-4f93-b232-3c8e6f6667b6@group-B02456D89C11, cid=4276, SUCCESS, logIndex=5992, commits[dd0a3b65-d36c-4f93-b232-3c8e6f6667b6:c5993]
2019-09-18 13:04:53,152 [SCMBlockDeletingService#1] DEBUG block.SCMBlockDeletingService (SCMBlockDeletingService.java:call(138)) - Running DeletedBlockTransactionScanner
2019-09-18 13:04:53,152 [SCMBlockDeletingService#1] DEBUG block.SCMBlockDeletingService (SCMBlockDeletingService.java:call(155)) - Scanned deleted blocks log and got 0 delTX to process.
2019-09-18 13:04:53,167 [grpc-default-executor-0] INFO  client.GrpcClientProtocolClient (GrpcClientProtocolClient.java:onNext(264)) - client-8C798EE064B2->dd0a3b65-d36c-4f93-b232-3c8e6f6667b6: receive RaftClientReply:client-8C798EE064B2->dd0a3b65-d36c-4f93-b232-3c8e6f6667b6@group-B02456D89C11, cid=4277, SUCCESS, logIndex=5994, commits[dd0a3b65-d36c-4f93-b232-3c8e6f6667b6:c5995]
2019-09-18 13:04:53,167 [grpc-default-executor-0] INFO  client.GrpcClientProtocolClient (GrpcClientProtocolClient.java:onNext(264)) - client-8C798EE064B2->dd0a3b65-d36c-4f93-b232-3c8e6f6667b6: receive RaftClientReply:client-8C798EE064B2->dd0a3b65-d36c-4f93-b232-3c8e6f6667b6@group-B02456D89C11, cid=4278, SUCCESS, logIndex=5995, commits[dd0a3b65-d36c-4f93-b232-3c8e6f6667b6:c5997]
2019-09-18 13:04:53,168 [grpc-default-executor-0] INFO  client.GrpcClientProtocolClient (GrpcClientProtocolClient.java:onNext(264)) - client-8C798EE064B2->dd0a3b65-d36c-4f93-b232-3c8e6f6667b6: receive RaftClientReply:client-8C798EE064B2->dd0a3b65-d36c-4f93-b232-3c8e6f6667b6@group-B02456D89C11, cid=4279, SUCCESS, logIndex=5996, commits[dd0a3b65-d36c-4f93-b232-3c8e6f6667b6:c5998]
2019-09-18 13:04:53,168 [grpc-default-executor-0] INFO  client.GrpcClientProtocolClient (GrpcClientProtocolClient.java:onNext(264)) - client-8C798EE064B2->dd0a3b65-d36c-4f93-b232-3c8e6f6667b6: receive RaftClientReply:client-8C798EE064B2->dd0a3b65-d36c-4f93-b232-3c8e6f6667b6@group-B02456D89C11, cid=4280, SUCCESS, logIndex=5997, commits[dd0a3b65-d36c-4f93-b232-3c8e6f6667b6:c5998]
2019-09-18 13:04:53,198 [grpc-default-executor-0] INFO  client.GrpcClientProtocolClient (GrpcClientProtocolClient.java:onNext(264)) - client-8C798EE064B2->dd0a3b65-d36c-4f93-b232-3c8e6f6667b6: receive RaftClientReply:client-8C798EE064B2->dd0a3b65-d36c-4f93-b232-3c8e6f6667b6@group-B02456D89C11, cid=4281, SUCCESS, logIndex=6000, commits[dd0a3b65-d36c-4f93-b232-3c8e6f6667b6:c6003]
2019-09-18 13:04:53,198 [grpc-default-executor-0] INFO  client.GrpcClientProtocolClient (GrpcClientProtocolClient.java:onNext(264)) - client-8C798EE064B2->dd0a3b65-d36c-4f93-b232-3c8e6f6667b6: receive RaftClientReply:client-8C798EE064B2->dd0a3b65-d36c-4f93-b232-3c8e6f6667b6@group-B02456D89C11, cid=4282, SUCCESS, logIndex=6001, commits[dd0a3b65-d36c-4f93-b232-3c8e6f6667b6:c6003]
2019-09-18 13:04:53,198 [grpc-default-executor-0] INFO  client.GrpcClientProtocolClient (GrpcClientProtocolClient.java:onNext(264)) - client-8C798EE064B2->dd0a3b65-d36c-4f93-b232-3c8e6f6667b6: receive RaftClientReply:client-8C798EE064B2->dd0a3b65-d36c-4f93-b232-3c8e6f6667b6@group-B02456D89C11, cid=4283, SUCCESS, logIndex=6002, commits[dd0a3b65-d36c-4f93-b232-3c8e6f6667b6:c6004]
2019-09-18 13:04:53,199 [grpc-default-executor-0] INFO  client.GrpcClientProtocolClient (GrpcClientProtocolClient.java:onNext(264)) - client-8C798EE064B2->dd0a3b65-d36c-4f93-b232-3c8e6f6667b6: receive RaftClientReply:client-8C798EE064B2->dd0a3b65-d36c-4f93-b232-3c8e6f6667b6@group-B02456D89C11, cid=4284, SUCCESS, logIndex=6003, commits[dd0a3b65-d36c-4f93-b232-3c8e6f6667b6:c6004]
2019-09-18 13:04:53,313 [SCMBlockDeletingService#1] DEBUG block.SCMBlockDeletingService (SCMBlockDeletingService.java:call(138)) - Running DeletedBlockTransactionScanner
2019-09-18 13:04:53,313 [SCMBlockDeletingService#1] DEBUG block.SCMBlockDeletingService (SCMBlockDeletingService.java:call(155)) - Scanned deleted blocks log and got 0 delTX to process.
2019-09-18 13:04:53,340 [grpc-default-executor-1] INFO  client.GrpcClientProtocolClient (GrpcClientProtocolClient.java:onNext(264)) - client-8C798EE064B2->dd0a3b65-d36c-4f93-b232-3c8e6f6667b6: receive RaftClientReply:client-8C798EE064B2->dd0a3b65-d36c-4f93-b232-3c8e6f6667b6@group-B02456D89C11, cid=4285, SUCCESS, logIndex=6005, commits[dd0a3b65-d36c-4f93-b232-3c8e6f6667b6:c6006]
2019-09-18 13:04:53,341 [grpc-default-executor-1] INFO  client.GrpcClientProtocolClient (GrpcClientProtocolClient.java:onNext(264)) - client-8C798EE064B2->dd0a3b65-d36c-4f93-b232-3c8e6f6667b6: receive RaftClientReply:client-8C798EE064B2->dd0a3b65-d36c-4f93-b232-3c8e6f6667b6@group-B02456D89C11, cid=4286, SUCCESS, logIndex=6006, commits[dd0a3b65-d36c-4f93-b232-3c8e6f6667b6:c6007]
2019-09-18 13:04:53,414 [SCMBlockDeletingService#1] DEBUG block.SCMBlockDeletingService (SCMBlockDeletingService.java:call(138)) - Running DeletedBlockTransactionScanner
2019-09-18 13:04:53,414 [SCMBlockDeletingService#1] DEBUG block.SCMBlockDeletingService (SCMBlockDeletingService.java:call(155)) - Scanned deleted blocks log and got 0 delTX to process.
2019-09-18 13:04:53,447 [grpc-default-executor-1] INFO  client.GrpcClientProtocolClient (GrpcClientProtocolClient.java:onNext(264)) - client-8C798EE064B2->dd0a3b65-d36c-4f93-b232-3c8e6f6667b6: receive RaftClientReply:client-8C798EE064B2->dd0a3b65-d36c-4f93-b232-3c8e6f6667b6@group-B02456D89C11, cid=4287, SUCCESS, logIndex=6008, commits[dd0a3b65-d36c-4f93-b232-3c8e6f6667b6:c6009]
2019-09-18 13:04:53,447 [grpc-default-executor-1] INFO  client.GrpcClientProtocolClient (GrpcClientProtocolClient.java:onNext(264)) - client-8C798EE064B2->dd0a3b65-d36c-4f93-b232-3c8e6f6667b6: receive RaftClientReply:client-8C798EE064B2->dd0a3b65-d36c-4f93-b232-3c8e6f6667b6@group-B02456D89C11, cid=4288, SUCCESS, logIndex=6009, commits[dd0a3b65-d36c-4f93-b232-3c8e6f6667b6:c6010]
2019-09-18 13:04:53,479 [grpc-default-executor-0] INFO  client.GrpcClientProtocolClient (GrpcClientProtocolClient.java:onNext(264)) - client-8C798EE064B2->dd0a3b65-d36c-4f93-b232-3c8e6f6667b6: receive RaftClientReply:client-8C798EE064B2->dd0a3b65-d36c-4f93-b232-3c8e6f6667b6@group-B02456D89C11, cid=4289, SUCCESS, logIndex=6011, commits[dd0a3b65-d36c-4f93-b232-3c8e6f6667b6:c6012]
2019-09-18 13:04:53,480 [grpc-default-executor-1] INFO  client.GrpcClientProtocolClient (GrpcClientProtocolClient.java:onNext(264)) - client-8C798EE064B2->dd0a3b65-d36c-4f93-b232-3c8e6f6667b6: receive RaftClientReply:client-8C798EE064B2->dd0a3b65-d36c-4f93-b232-3c8e6f6667b6@group-B02456D89C11, cid=4290, SUCCESS, logIndex=6012, commits[dd0a3b65-d36c-4f93-b232-3c8e6f6667b6:c6014]
2019-09-18 13:04:53,480 [grpc-default-executor-1] INFO  client.GrpcClientProtocolClient (GrpcClientProtocolClient.java:onNext(264)) - client-8C798EE064B2->dd0a3b65-d36c-4f93-b232-3c8e6f6667b6: receive RaftClientReply:client-8C798EE064B2->dd0a3b65-d36c-4f93-b232-3c8e6f6667b6@group-B02456D89C11, cid=4291, SUCCESS, logIndex=6013, commits[dd0a3b65-d36c-4f93-b232-3c8e6f6667b6:c6014]
2019-09-18 13:04:53,481 [grpc-default-executor-1] INFO  client.GrpcClientProtocolClient (GrpcClientProtocolClient.java:onNext(264)) - client-8C798EE064B2->dd0a3b65-d36c-4f93-b232-3c8e6f6667b6: receive RaftClientReply:client-8C798EE064B2->dd0a3b65-d36c-4f93-b232-3c8e6f6667b6@group-B02456D89C11, cid=4292, SUCCESS, logIndex=6014, commits[dd0a3b65-d36c-4f93-b232-3c8e6f6667b6:c6015]
2019-09-18 13:04:53,500 [grpc-default-executor-0] INFO  client.GrpcClientProtocolClient (GrpcClientProtocolClient.java:onNext(264)) - client-8C798EE064B2->dd0a3b65-d36c-4f93-b232-3c8e6f6667b6: receive RaftClientReply:client-8C798EE064B2->dd0a3b65-d36c-4f93-b232-3c8e6f6667b6@group-B02456D89C11, cid=4293, SUCCESS, logIndex=6017, commits[dd0a3b65-d36c-4f93-b232-3c8e6f6667b6:c6018]
2019-09-18 13:04:53,501 [grpc-default-executor-0] INFO  client.GrpcClientProtocolClient (GrpcClientProtocolClient.java:onNext(264)) - client-8C798EE064B2->dd0a3b65-d36c-4f93-b232-3c8e6f6667b6: receive RaftClientReply:client-8C798EE064B2->dd0a3b65-d36c-4f93-b232-3c8e6f6667b6@group-B02456D89C11, cid=4294, SUCCESS, logIndex=6018, commits[dd0a3b65-d36c-4f93-b232-3c8e6f6667b6:c6018]
2019-09-18 13:04:53,502 [grpc-default-executor-0] INFO  client.GrpcClientProtocolClient (GrpcClientProtocolClient.java:onNext(264)) - client-8C798EE064B2->dd0a3b65-d36c-4f93-b232-3c8e6f6667b6: receive RaftClientReply:client-8C798EE064B2->dd0a3b65-d36c-4f93-b232-3c8e6f6667b6@group-B02456D89C11, cid=4295, SUCCESS, logIndex=6019, commits[dd0a3b65-d36c-4f93-b232-3c8e6f6667b6:c6020]
2019-09-18 13:04:53,503 [grpc-default-executor-0] INFO  client.GrpcClientProtocolClient (GrpcClientProtocolClient.java:onNext(264)) - client-8C798EE064B2->dd0a3b65-d36c-4f93-b232-3c8e6f6667b6: receive RaftClientReply:client-8C798EE064B2->dd0a3b65-d36c-4f93-b232-3c8e6f6667b6@group-B02456D89C11, cid=4296, SUCCESS, logIndex=6020, commits[dd0a3b65-d36c-4f93-b232-3c8e6f6667b6:c6020]
2019-09-18 13:04:53,514 [SCMBlockDeletingService#1] DEBUG block.SCMBlockDeletingService (SCMBlockDeletingService.java:call(138)) - Running DeletedBlockTransactionScanner
2019-09-18 13:04:53,514 [SCMBlockDeletingService#1] DEBUG block.SCMBlockDeletingService (SCMBlockDeletingService.java:call(155)) - Scanned deleted blocks log and got 0 delTX to process.
2019-09-18 13:04:53,533 [grpc-default-executor-0] INFO  client.GrpcClientProtocolClient (GrpcClientProtocolClient.java:onNext(264)) - client-8C798EE064B2->dd0a3b65-d36c-4f93-b232-3c8e6f6667b6: receive RaftClientReply:client-8C798EE064B2->dd0a3b65-d36c-4f93-b232-3c8e6f6667b6@group-B02456D89C11, cid=4297, SUCCESS, logIndex=6023, commits[dd0a3b65-d36c-4f93-b232-3c8e6f6667b6:c6024]
2019-09-18 13:04:53,534 [grpc-default-executor-0] INFO  client.GrpcClientProtocolClient (GrpcClientProtocolClient.java:onNext(264)) - client-8C798EE064B2->dd0a3b65-d36c-4f93-b232-3c8e6f6667b6: receive RaftClientReply:client-8C798EE064B2->dd0a3b65-d36c-4f93-b232-3c8e6f6667b6@group-B02456D89C11, cid=4298, SUCCESS, logIndex=6024, commits[dd0a3b65-d36c-4f93-b232-3c8e6f6667b6:c6026]
2019-09-18 13:04:53,534 [grpc-default-executor-0] INFO  client.GrpcClientProtocolClient (GrpcClientProtocolClient.java:onNext(264)) - client-8C798EE064B2->dd0a3b65-d36c-4f93-b232-3c8e6f6667b6: receive RaftClientReply:client-8C798EE064B2->dd0a3b65-d36c-4f93-b232-3c8e6f6667b6@group-B02456D89C11, cid=4299, SUCCESS, logIndex=6025, commits[dd0a3b65-d36c-4f93-b232-3c8e6f6667b6:c6027]
2019-09-18 13:04:53,534 [grpc-default-executor-0] INFO  client.GrpcClientProtocolClient (GrpcClientProtocolClient.java:onNext(264)) - client-8C798EE064B2->dd0a3b65-d36c-4f93-b232-3c8e6f6667b6: receive RaftClientReply:client-8C798EE064B2->dd0a3b65-d36c-4f93-b232-3c8e6f6667b6@group-B02456D89C11, cid=4300, SUCCESS, logIndex=6026, commits[dd0a3b65-d36c-4f93-b232-3c8e6f6667b6:c6027]
2019-09-18 13:04:53,553 [grpc-default-executor-1] INFO  client.GrpcClientProtocolClient (GrpcClientProtocolClient.java:onNext(264)) - client-8C798EE064B2->dd0a3b65-d36c-4f93-b232-3c8e6f6667b6: receive RaftClientReply:client-8C798EE064B2->dd0a3b65-d36c-4f93-b232-3c8e6f6667b6@group-B02456D89C11, cid=4301, SUCCESS, logIndex=6029, commits[dd0a3b65-d36c-4f93-b232-3c8e6f6667b6:c6030]
2019-09-18 13:04:53,553 [grpc-default-executor-1] INFO  client.GrpcClientProtocolClient (GrpcClientProtocolClient.java:onNext(264)) - client-8C798EE064B2->dd0a3b65-d36c-4f93-b232-3c8e6f6667b6: receive RaftClientReply:client-8C798EE064B2->dd0a3b65-d36c-4f93-b232-3c8e6f6667b6@group-B02456D89C11, cid=4302, SUCCESS, logIndex=6030, commits[dd0a3b65-d36c-4f93-b232-3c8e6f6667b6:c6032]
2019-09-18 13:04:53,554 [grpc-default-executor-1] INFO  client.GrpcClientProtocolClient (GrpcClientProtocolClient.java:onNext(264)) - client-8C798EE064B2->dd0a3b65-d36c-4f93-b232-3c8e6f6667b6: receive RaftClientReply:client-8C798EE064B2->dd0a3b65-d36c-4f93-b232-3c8e6f6667b6@group-B02456D89C11, cid=4303, SUCCESS, logIndex=6031, commits[dd0a3b65-d36c-4f93-b232-3c8e6f6667b6:c6033]
2019-09-18 13:04:53,554 [grpc-default-executor-1] INFO  client.GrpcClientProtocolClient (GrpcClientProtocolClient.java:onNext(264)) - client-8C798EE064B2->dd0a3b65-d36c-4f93-b232-3c8e6f6667b6: receive RaftClientReply:client-8C798EE064B2->dd0a3b65-d36c-4f93-b232-3c8e6f6667b6@group-B02456D89C11, cid=4304, SUCCESS, logIndex=6032, commits[dd0a3b65-d36c-4f93-b232-3c8e6f6667b6:c6033]
2019-09-18 13:04:53,588 [grpc-default-executor-0] INFO  client.GrpcClientProtocolClient (GrpcClientProtocolClient.java:onNext(264)) - client-8C798EE064B2->dd0a3b65-d36c-4f93-b232-3c8e6f6667b6: receive RaftClientReply:client-8C798EE064B2->dd0a3b65-d36c-4f93-b232-3c8e6f6667b6@group-B02456D89C11, cid=4305, SUCCESS, logIndex=6035, commits[dd0a3b65-d36c-4f93-b232-3c8e6f6667b6:c6038]
2019-09-18 13:04:53,588 [grpc-default-executor-0] INFO  client.GrpcClientProtocolClient (GrpcClientProtocolClient.java:onNext(264)) - client-8C798EE064B2->dd0a3b65-d36c-4f93-b232-3c8e6f6667b6: receive RaftClientReply:client-8C798EE064B2->dd0a3b65-d36c-4f93-b232-3c8e6f6667b6@group-B02456D89C11, cid=4306, SUCCESS, logIndex=6036, commits[dd0a3b65-d36c-4f93-b232-3c8e6f6667b6:c6039]
2019-09-18 13:04:53,589 [grpc-default-executor-0] INFO  client.GrpcClientProtocolClient (GrpcClientProtocolClient.java:onNext(264)) - client-8C798EE064B2->dd0a3b65-d36c-4f93-b232-3c8e6f6667b6: receive RaftClientReply:client-8C798EE064B2->dd0a3b65-d36c-4f93-b232-3c8e6f6667b6@group-B02456D89C11, cid=4307, SUCCESS, logIndex=6037, commits[dd0a3b65-d36c-4f93-b232-3c8e6f6667b6:c6039]
2019-09-18 13:04:53,589 [grpc-default-executor-0] INFO  client.GrpcClientProtocolClient (GrpcClientProtocolClient.java:onNext(264)) - client-8C798EE064B2->dd0a3b65-d36c-4f93-b232-3c8e6f6667b6: receive RaftClientReply:client-8C798EE064B2->dd0a3b65-d36c-4f93-b232-3c8e6f6667b6@group-B02456D89C11, cid=4308, SUCCESS, logIndex=6038, commits[dd0a3b65-d36c-4f93-b232-3c8e6f6667b6:c6039]
2019-09-18 13:04:53,608 [grpc-default-executor-0] INFO  client.GrpcClientProtocolClient (GrpcClientProtocolClient.java:onNext(264)) - client-8C798EE064B2->dd0a3b65-d36c-4f93-b232-3c8e6f6667b6: receive RaftClientReply:client-8C798EE064B2->dd0a3b65-d36c-4f93-b232-3c8e6f6667b6@group-B02456D89C11, cid=4309, SUCCESS, logIndex=6040, commits[dd0a3b65-d36c-4f93-b232-3c8e6f6667b6:c6041]
2019-09-18 13:04:53,608 [grpc-default-executor-0] INFO  client.GrpcClientProtocolClient (GrpcClientProtocolClient.java:onNext(264)) - client-8C798EE064B2->dd0a3b65-d36c-4f93-b232-3c8e6f6667b6: receive RaftClientReply:client-8C798EE064B2->dd0a3b65-d36c-4f93-b232-3c8e6f6667b6@group-B02456D89C11, cid=4310, SUCCESS, logIndex=6041, commits[dd0a3b65-d36c-4f93-b232-3c8e6f6667b6:c6043]
2019-09-18 13:04:53,609 [grpc-default-executor-0] INFO  client.GrpcClientProtocolClient (GrpcClientProtocolClient.java:onNext(264)) - client-8C798EE064B2->dd0a3b65-d36c-4f93-b232-3c8e6f6667b6: receive RaftClientReply:client-8C798EE064B2->dd0a3b65-d36c-4f93-b232-3c8e6f6667b6@group-B02456D89C11, cid=4311, SUCCESS, logIndex=6042, commits[dd0a3b65-d36c-4f93-b232-3c8e6f6667b6:c6044]
2019-09-18 13:04:53,609 [grpc-default-executor-0] INFO  client.GrpcClientProtocolClient (GrpcClientProtocolClient.java:onNext(264)) - client-8C798EE064B2->dd0a3b65-d36c-4f93-b232-3c8e6f6667b6: receive RaftClientReply:client-8C798EE064B2->dd0a3b65-d36c-4f93-b232-3c8e6f6667b6@group-B02456D89C11, cid=4312, SUCCESS, logIndex=6043, commits[dd0a3b65-d36c-4f93-b232-3c8e6f6667b6:c6044]
2019-09-18 13:04:53,615 [SCMBlockDeletingService#1] DEBUG block.SCMBlockDeletingService (SCMBlockDeletingService.java:call(138)) - Running DeletedBlockTransactionScanner
2019-09-18 13:04:53,615 [SCMBlockDeletingService#1] DEBUG block.SCMBlockDeletingService (SCMBlockDeletingService.java:call(155)) - Scanned deleted blocks log and got 0 delTX to process.
2019-09-18 13:04:53,648 [grpc-default-executor-0] INFO  client.GrpcClientProtocolClient (GrpcClientProtocolClient.java:onNext(264)) - client-8C798EE064B2->dd0a3b65-d36c-4f93-b232-3c8e6f6667b6: receive RaftClientReply:client-8C798EE064B2->dd0a3b65-d36c-4f93-b232-3c8e6f6667b6@group-B02456D89C11, cid=4313, SUCCESS, logIndex=6046, commits[dd0a3b65-d36c-4f93-b232-3c8e6f6667b6:c6049]
2019-09-18 13:04:53,649 [grpc-default-executor-0] INFO  client.GrpcClientProtocolClient (GrpcClientProtocolClient.java:onNext(264)) - client-8C798EE064B2->dd0a3b65-d36c-4f93-b232-3c8e6f6667b6: receive RaftClientReply:client-8C798EE064B2->dd0a3b65-d36c-4f93-b232-3c8e6f6667b6@group-B02456D89C11, cid=4314, SUCCESS, logIndex=6047, commits[dd0a3b65-d36c-4f93-b232-3c8e6f6667b6:c6050]
2019-09-18 13:04:53,649 [grpc-default-executor-0] INFO  client.GrpcClientProtocolClient (GrpcClientProtocolClient.java:onNext(264)) - client-8C798EE064B2->dd0a3b65-d36c-4f93-b232-3c8e6f6667b6: receive RaftClientReply:client-8C798EE064B2->dd0a3b65-d36c-4f93-b232-3c8e6f6667b6@group-B02456D89C11, cid=4315, SUCCESS, logIndex=6048, commits[dd0a3b65-d36c-4f93-b232-3c8e6f6667b6:c6050]
2019-09-18 13:04:53,649 [grpc-default-executor-0] INFO  client.GrpcClientProtocolClient (GrpcClientProtocolClient.java:onNext(264)) - client-8C798EE064B2->dd0a3b65-d36c-4f93-b232-3c8e6f6667b6: receive RaftClientReply:client-8C798EE064B2->dd0a3b65-d36c-4f93-b232-3c8e6f6667b6@group-B02456D89C11, cid=4316, SUCCESS, logIndex=6049, commits[dd0a3b65-d36c-4f93-b232-3c8e6f6667b6:c6050]
2019-09-18 13:04:53,670 [grpc-default-executor-0] INFO  client.GrpcClientProtocolClient (GrpcClientProtocolClient.java:onNext(264)) - client-8C798EE064B2->dd0a3b65-d36c-4f93-b232-3c8e6f6667b6: receive RaftClientReply:client-8C798EE064B2->dd0a3b65-d36c-4f93-b232-3c8e6f6667b6@group-B02456D89C11, cid=4317, SUCCESS, logIndex=6051, commits[dd0a3b65-d36c-4f93-b232-3c8e6f6667b6:c6054]
2019-09-18 13:04:53,671 [grpc-default-executor-0] INFO  client.GrpcClientProtocolClient (GrpcClientProtocolClient.java:onNext(264)) - client-8C798EE064B2->dd0a3b65-d36c-4f93-b232-3c8e6f6667b6: receive RaftClientReply:client-8C798EE064B2->dd0a3b65-d36c-4f93-b232-3c8e6f6667b6@group-B02456D89C11, cid=4318, SUCCESS, logIndex=6052, commits[dd0a3b65-d36c-4f93-b232-3c8e6f6667b6:c6055]
2019-09-18 13:04:53,671 [grpc-default-executor-0] INFO  client.GrpcClientProtocolClient (GrpcClientProtocolClient.java:onNext(264)) - client-8C798EE064B2->dd0a3b65-d36c-4f93-b232-3c8e6f6667b6: receive RaftClientReply:client-8C798EE064B2->dd0a3b65-d36c-4f93-b232-3c8e6f6667b6@group-B02456D89C11, cid=4319, SUCCESS, logIndex=6053, commits[dd0a3b65-d36c-4f93-b232-3c8e6f6667b6:c6055]
2019-09-18 13:04:53,671 [grpc-default-executor-0] INFO  client.GrpcClientProtocolClient (GrpcClientProtocolClient.java:onNext(264)) - client-8C798EE064B2->dd0a3b65-d36c-4f93-b232-3c8e6f6667b6: receive RaftClientReply:client-8C798EE064B2->dd0a3b65-d36c-4f93-b232-3c8e6f6667b6@group-B02456D89C11, cid=4320, SUCCESS, logIndex=6054, commits[dd0a3b65-d36c-4f93-b232-3c8e6f6667b6:c6055]
2019-09-18 13:04:53,705 [grpc-default-executor-0] INFO  client.GrpcClientProtocolClient (GrpcClientProtocolClient.java:onNext(264)) - client-8C798EE064B2->dd0a3b65-d36c-4f93-b232-3c8e6f6667b6: receive RaftClientReply:client-8C798EE064B2->dd0a3b65-d36c-4f93-b232-3c8e6f6667b6@group-B02456D89C11, cid=4321, SUCCESS, logIndex=6056, commits[dd0a3b65-d36c-4f93-b232-3c8e6f6667b6:c6059]
2019-09-18 13:04:53,705 [grpc-default-executor-0] INFO  client.GrpcClientProtocolClient (GrpcClientProtocolClient.java:onNext(264)) - client-8C798EE064B2->dd0a3b65-d36c-4f93-b232-3c8e6f6667b6: receive RaftClientReply:client-8C798EE064B2->dd0a3b65-d36c-4f93-b232-3c8e6f6667b6@group-B02456D89C11, cid=4322, SUCCESS, logIndex=6057, commits[dd0a3b65-d36c-4f93-b232-3c8e6f6667b6:c6060]
2019-09-18 13:04:53,705 [grpc-default-executor-0] INFO  client.GrpcClientProtocolClient (GrpcClientProtocolClient.java:onNext(264)) - client-8C798EE064B2->dd0a3b65-d36c-4f93-b232-3c8e6f6667b6: receive RaftClientReply:client-8C798EE064B2->dd0a3b65-d36c-4f93-b232-3c8e6f6667b6@group-B02456D89C11, cid=4323, SUCCESS, logIndex=6058, commits[dd0a3b65-d36c-4f93-b232-3c8e6f6667b6:c6060]
2019-09-18 13:04:53,706 [grpc-default-executor-0] INFO  client.GrpcClientProtocolClient (GrpcClientProtocolClient.java:onNext(264)) - client-8C798EE064B2->dd0a3b65-d36c-4f93-b232-3c8e6f6667b6: receive RaftClientReply:client-8C798EE064B2->dd0a3b65-d36c-4f93-b232-3c8e6f6667b6@group-B02456D89C11, cid=4324, SUCCESS, logIndex=6059, commits[dd0a3b65-d36c-4f93-b232-3c8e6f6667b6:c6060]
2019-09-18 13:04:53,715 [SCMBlockDeletingService#1] DEBUG block.SCMBlockDeletingService (SCMBlockDeletingService.java:call(138)) - Running DeletedBlockTransactionScanner
2019-09-18 13:04:53,716 [SCMBlockDeletingService#1] DEBUG block.SCMBlockDeletingService (SCMBlockDeletingService.java:call(155)) - Scanned deleted blocks log and got 0 delTX to process.
2019-09-18 13:04:53,724 [grpc-default-executor-0] INFO  client.GrpcClientProtocolClient (GrpcClientProtocolClient.java:onNext(264)) - client-8C798EE064B2->dd0a3b65-d36c-4f93-b232-3c8e6f6667b6: receive RaftClientReply:client-8C798EE064B2->dd0a3b65-d36c-4f93-b232-3c8e6f6667b6@group-B02456D89C11, cid=4325, SUCCESS, logIndex=6061, commits[dd0a3b65-d36c-4f93-b232-3c8e6f6667b6:c6062]
2019-09-18 13:04:53,724 [grpc-default-executor-0] INFO  client.GrpcClientProtocolClient (GrpcClientProtocolClient.java:onNext(264)) - client-8C798EE064B2->dd0a3b65-d36c-4f93-b232-3c8e6f6667b6: receive RaftClientReply:client-8C798EE064B2->dd0a3b65-d36c-4f93-b232-3c8e6f6667b6@group-B02456D89C11, cid=4326, SUCCESS, logIndex=6062, commits[dd0a3b65-d36c-4f93-b232-3c8e6f6667b6:c6064]
2019-09-18 13:04:53,725 [grpc-default-executor-0] INFO  client.GrpcClientProtocolClient (GrpcClientProtocolClient.java:onNext(264)) - client-8C798EE064B2->dd0a3b65-d36c-4f93-b232-3c8e6f6667b6: receive RaftClientReply:client-8C798EE064B2->dd0a3b65-d36c-4f93-b232-3c8e6f6667b6@group-B02456D89C11, cid=4327, SUCCESS, logIndex=6063, commits[dd0a3b65-d36c-4f93-b232-3c8e6f6667b6:c6065]
2019-09-18 13:04:53,725 [grpc-default-executor-0] INFO  client.GrpcClientProtocolClient (GrpcClientProtocolClient.java:onNext(264)) - client-8C798EE064B2->dd0a3b65-d36c-4f93-b232-3c8e6f6667b6: receive RaftClientReply:client-8C798EE064B2->dd0a3b65-d36c-4f93-b232-3c8e6f6667b6@group-B02456D89C11, cid=4328, SUCCESS, logIndex=6064, commits[dd0a3b65-d36c-4f93-b232-3c8e6f6667b6:c6065]
2019-09-18 13:04:53,758 [grpc-default-executor-0] INFO  client.GrpcClientProtocolClient (GrpcClientProtocolClient.java:onNext(264)) - client-8C798EE064B2->dd0a3b65-d36c-4f93-b232-3c8e6f6667b6: receive RaftClientReply:client-8C798EE064B2->dd0a3b65-d36c-4f93-b232-3c8e6f6667b6@group-B02456D89C11, cid=4329, SUCCESS, logIndex=6067, commits[dd0a3b65-d36c-4f93-b232-3c8e6f6667b6:c6070]
2019-09-18 13:04:53,758 [grpc-default-executor-0] INFO  client.GrpcClientProtocolClient (GrpcClientProtocolClient.java:onNext(264)) - client-8C798EE064B2->dd0a3b65-d36c-4f93-b232-3c8e6f6667b6: receive RaftClientReply:client-8C798EE064B2->dd0a3b65-d36c-4f93-b232-3c8e6f6667b6@group-B02456D89C11, cid=4330, SUCCESS, logIndex=6068, commits[dd0a3b65-d36c-4f93-b232-3c8e6f6667b6:c6071]
2019-09-18 13:04:53,758 [grpc-default-executor-0] INFO  client.GrpcClientProtocolClient (GrpcClientProtocolClient.java:onNext(264)) - client-8C798EE064B2->dd0a3b65-d36c-4f93-b232-3c8e6f6667b6: receive RaftClientReply:client-8C798EE064B2->dd0a3b65-d36c-4f93-b232-3c8e6f6667b6@group-B02456D89C11, cid=4331, SUCCESS, logIndex=6069, commits[dd0a3b65-d36c-4f93-b232-3c8e6f6667b6:c6071]
2019-09-18 13:04:53,759 [grpc-default-executor-0] INFO  client.GrpcClientProtocolClient (GrpcClientProtocolClient.java:onNext(264)) - client-8C798EE064B2->dd0a3b65-d36c-4f93-b232-3c8e6f6667b6: receive RaftClientReply:client-8C798EE064B2->dd0a3b65-d36c-4f93-b232-3c8e6f6667b6@group-B02456D89C11, cid=4332, SUCCESS, logIndex=6070, commits[dd0a3b65-d36c-4f93-b232-3c8e6f6667b6:c6071]
2019-09-18 13:04:53,816 [SCMBlockDeletingService#1] DEBUG block.SCMBlockDeletingService (SCMBlockDeletingService.java:call(138)) - Running DeletedBlockTransactionScanner
2019-09-18 13:04:53,816 [SCMBlockDeletingService#1] DEBUG block.SCMBlockDeletingService (SCMBlockDeletingService.java:call(155)) - Scanned deleted blocks log and got 0 delTX to process.
2019-09-18 13:04:53,870 [grpc-default-executor-0] INFO  client.GrpcClientProtocolClient (GrpcClientProtocolClient.java:onNext(264)) - client-8C798EE064B2->dd0a3b65-d36c-4f93-b232-3c8e6f6667b6: receive RaftClientReply:client-8C798EE064B2->dd0a3b65-d36c-4f93-b232-3c8e6f6667b6@group-B02456D89C11, cid=4333, SUCCESS, logIndex=6072, commits[dd0a3b65-d36c-4f93-b232-3c8e6f6667b6:c6075]
2019-09-18 13:04:53,870 [grpc-default-executor-0] INFO  client.GrpcClientProtocolClient (GrpcClientProtocolClient.java:onNext(264)) - client-8C798EE064B2->dd0a3b65-d36c-4f93-b232-3c8e6f6667b6: receive RaftClientReply:client-8C798EE064B2->dd0a3b65-d36c-4f93-b232-3c8e6f6667b6@group-B02456D89C11, cid=4334, SUCCESS, logIndex=6073, commits[dd0a3b65-d36c-4f93-b232-3c8e6f6667b6:c6075]
2019-09-18 13:04:53,871 [grpc-default-executor-0] INFO  client.GrpcClientProtocolClient (GrpcClientProtocolClient.java:onNext(264)) - client-8C798EE064B2->dd0a3b65-d36c-4f93-b232-3c8e6f6667b6: receive RaftClientReply:client-8C798EE064B2->dd0a3b65-d36c-4f93-b232-3c8e6f6667b6@group-B02456D89C11, cid=4335, SUCCESS, logIndex=6074, commits[dd0a3b65-d36c-4f93-b232-3c8e6f6667b6:c6075]
2019-09-18 13:04:53,871 [grpc-default-executor-0] INFO  client.GrpcClientProtocolClient (GrpcClientProtocolClient.java:onNext(264)) - client-8C798EE064B2->dd0a3b65-d36c-4f93-b232-3c8e6f6667b6: receive RaftClientReply:client-8C798EE064B2->dd0a3b65-d36c-4f93-b232-3c8e6f6667b6@group-B02456D89C11, cid=4336, SUCCESS, logIndex=6075, commits[dd0a3b65-d36c-4f93-b232-3c8e6f6667b6:c6075]
2019-09-18 13:04:53,900 [grpc-default-executor-1] INFO  client.GrpcClientProtocolClient (GrpcClientProtocolClient.java:onNext(264)) - client-8C798EE064B2->dd0a3b65-d36c-4f93-b232-3c8e6f6667b6: receive RaftClientReply:client-8C798EE064B2->dd0a3b65-d36c-4f93-b232-3c8e6f6667b6@group-B02456D89C11, cid=4337, SUCCESS, logIndex=6077, commits[dd0a3b65-d36c-4f93-b232-3c8e6f6667b6:c6080]
2019-09-18 13:04:53,901 [grpc-default-executor-1] INFO  client.GrpcClientProtocolClient (GrpcClientProtocolClient.java:onNext(264)) - client-8C798EE064B2->dd0a3b65-d36c-4f93-b232-3c8e6f6667b6: receive RaftClientReply:client-8C798EE064B2->dd0a3b65-d36c-4f93-b232-3c8e6f6667b6@group-B02456D89C11, cid=4338, SUCCESS, logIndex=6078, commits[dd0a3b65-d36c-4f93-b232-3c8e6f6667b6:c6080]
2019-09-18 13:04:53,901 [grpc-default-executor-1] INFO  client.GrpcClientProtocolClient (GrpcClientProtocolClient.java:onNext(264)) - client-8C798EE064B2->dd0a3b65-d36c-4f93-b232-3c8e6f6667b6: receive RaftClientReply:client-8C798EE064B2->dd0a3b65-d36c-4f93-b232-3c8e6f6667b6@group-B02456D89C11, cid=4339, SUCCESS, logIndex=6079, commits[dd0a3b65-d36c-4f93-b232-3c8e6f6667b6:c6080]
2019-09-18 13:04:53,902 [grpc-default-executor-1] INFO  client.GrpcClientProtocolClient (GrpcClientProtocolClient.java:onNext(264)) - client-8C798EE064B2->dd0a3b65-d36c-4f93-b232-3c8e6f6667b6: receive RaftClientReply:client-8C798EE064B2->dd0a3b65-d36c-4f93-b232-3c8e6f6667b6@group-B02456D89C11, cid=4340, SUCCESS, logIndex=6080, commits[dd0a3b65-d36c-4f93-b232-3c8e6f6667b6:c6080]
2019-09-18 13:04:53,917 [SCMBlockDeletingService#1] DEBUG block.SCMBlockDeletingService (SCMBlockDeletingService.java:call(138)) - Running DeletedBlockTransactionScanner
2019-09-18 13:04:53,917 [SCMBlockDeletingService#1] DEBUG block.SCMBlockDeletingService (SCMBlockDeletingService.java:call(155)) - Scanned deleted blocks log and got 0 delTX to process.
2019-09-18 13:04:53,920 [grpc-default-executor-1] INFO  client.GrpcClientProtocolClient (GrpcClientProtocolClient.java:onNext(264)) - client-8C798EE064B2->dd0a3b65-d36c-4f93-b232-3c8e6f6667b6: receive RaftClientReply:client-8C798EE064B2->dd0a3b65-d36c-4f93-b232-3c8e6f6667b6@group-B02456D89C11, cid=4341, SUCCESS, logIndex=6082, commits[dd0a3b65-d36c-4f93-b232-3c8e6f6667b6:c6085]
2019-09-18 13:04:53,921 [grpc-default-executor-1] INFO  client.GrpcClientProtocolClient (GrpcClientProtocolClient.java:onNext(264)) - client-8C798EE064B2->dd0a3b65-d36c-4f93-b232-3c8e6f6667b6: receive RaftClientReply:client-8C798EE064B2->dd0a3b65-d36c-4f93-b232-3c8e6f6667b6@group-B02456D89C11, cid=4342, SUCCESS, logIndex=6083, commits[dd0a3b65-d36c-4f93-b232-3c8e6f6667b6:c6086]
2019-09-18 13:04:53,921 [grpc-default-executor-1] INFO  client.GrpcClientProtocolClient (GrpcClientProtocolClient.java:onNext(264)) - client-8C798EE064B2->dd0a3b65-d36c-4f93-b232-3c8e6f6667b6: receive RaftClientReply:client-8C798EE064B2->dd0a3b65-d36c-4f93-b232-3c8e6f6667b6@group-B02456D89C11, cid=4343, SUCCESS, logIndex=6084, commits[dd0a3b65-d36c-4f93-b232-3c8e6f6667b6:c6086]
2019-09-18 13:04:53,921 [grpc-default-executor-1] INFO  client.GrpcClientProtocolClient (GrpcClientProtocolClient.java:onNext(264)) - client-8C798EE064B2->dd0a3b65-d36c-4f93-b232-3c8e6f6667b6: receive RaftClientReply:client-8C798EE064B2->dd0a3b65-d36c-4f93-b232-3c8e6f6667b6@group-B02456D89C11, cid=4344, SUCCESS, logIndex=6085, commits[dd0a3b65-d36c-4f93-b232-3c8e6f6667b6:c6086]
2019-09-18 13:04:53,951 [grpc-default-executor-1] INFO  client.GrpcClientProtocolClient (GrpcClientProtocolClient.java:onNext(264)) - client-8C798EE064B2->dd0a3b65-d36c-4f93-b232-3c8e6f6667b6: receive RaftClientReply:client-8C798EE064B2->dd0a3b65-d36c-4f93-b232-3c8e6f6667b6@group-B02456D89C11, cid=4345, SUCCESS, logIndex=6087, commits[dd0a3b65-d36c-4f93-b232-3c8e6f6667b6:c6088]
2019-09-18 13:04:53,952 [grpc-default-executor-1] INFO  client.GrpcClientProtocolClient (GrpcClientProtocolClient.java:onNext(264)) - client-8C798EE064B2->dd0a3b65-d36c-4f93-b232-3c8e6f6667b6: receive RaftClientReply:client-8C798EE064B2->dd0a3b65-d36c-4f93-b232-3c8e6f6667b6@group-B02456D89C11, cid=4346, SUCCESS, logIndex=6088, commits[dd0a3b65-d36c-4f93-b232-3c8e6f6667b6:c6090]
2019-09-18 13:04:53,952 [grpc-default-executor-1] INFO  client.GrpcClientProtocolClient (GrpcClientProtocolClient.java:onNext(264)) - client-8C798EE064B2->dd0a3b65-d36c-4f93-b232-3c8e6f6667b6: receive RaftClientReply:client-8C798EE064B2->dd0a3b65-d36c-4f93-b232-3c8e6f6667b6@group-B02456D89C11, cid=4347, SUCCESS, logIndex=6089, commits[dd0a3b65-d36c-4f93-b232-3c8e6f6667b6:c6091]
2019-09-18 13:04:53,953 [grpc-default-executor-1] INFO  client.GrpcClientProtocolClient (GrpcClientProtocolClient.java:onNext(264)) - client-8C798EE064B2->dd0a3b65-d36c-4f93-b232-3c8e6f6667b6: receive RaftClientReply:client-8C798EE064B2->dd0a3b65-d36c-4f93-b232-3c8e6f6667b6@group-B02456D89C11, cid=4348, SUCCESS, logIndex=6090, commits[dd0a3b65-d36c-4f93-b232-3c8e6f6667b6:c6091]
2019-09-18 13:04:53,971 [grpc-default-executor-1] INFO  client.GrpcClientProtocolClient (GrpcClientProtocolClient.java:onNext(264)) - client-8C798EE064B2->dd0a3b65-d36c-4f93-b232-3c8e6f6667b6: receive RaftClientReply:client-8C798EE064B2->dd0a3b65-d36c-4f93-b232-3c8e6f6667b6@group-B02456D89C11, cid=4349, SUCCESS, logIndex=6093, commits[dd0a3b65-d36c-4f93-b232-3c8e6f6667b6:c6094]
2019-09-18 13:04:53,971 [grpc-default-executor-1] INFO  client.GrpcClientProtocolClient (GrpcClientProtocolClient.java:onNext(264)) - client-8C798EE064B2->dd0a3b65-d36c-4f93-b232-3c8e6f6667b6: receive RaftClientReply:client-8C798EE064B2->dd0a3b65-d36c-4f93-b232-3c8e6f6667b6@group-B02456D89C11, cid=4350, SUCCESS, logIndex=6094, commits[dd0a3b65-d36c-4f93-b232-3c8e6f6667b6:c6094]
2019-09-18 13:04:53,973 [grpc-default-executor-1] INFO  client.GrpcClientProtocolClient (GrpcClientProtocolClient.java:onNext(264)) - client-8C798EE064B2->dd0a3b65-d36c-4f93-b232-3c8e6f6667b6: receive RaftClientReply:client-8C798EE064B2->dd0a3b65-d36c-4f93-b232-3c8e6f6667b6@group-B02456D89C11, cid=4351, SUCCESS, logIndex=6095, commits[dd0a3b65-d36c-4f93-b232-3c8e6f6667b6:c6096]
2019-09-18 13:04:53,973 [grpc-default-executor-1] INFO  client.GrpcClientProtocolClient (GrpcClientProtocolClient.java:onNext(264)) - client-8C798EE064B2->dd0a3b65-d36c-4f93-b232-3c8e6f6667b6: receive RaftClientReply:client-8C798EE064B2->dd0a3b65-d36c-4f93-b232-3c8e6f6667b6@group-B02456D89C11, cid=4352, SUCCESS, logIndex=6096, commits[dd0a3b65-d36c-4f93-b232-3c8e6f6667b6:c6096]
2019-09-18 13:04:54,006 [grpc-default-executor-0] INFO  client.GrpcClientProtocolClient (GrpcClientProtocolClient.java:onNext(264)) - client-8C798EE064B2->dd0a3b65-d36c-4f93-b232-3c8e6f6667b6: receive RaftClientReply:client-8C798EE064B2->dd0a3b65-d36c-4f93-b232-3c8e6f6667b6@group-B02456D89C11, cid=4353, SUCCESS, logIndex=6099, commits[dd0a3b65-d36c-4f93-b232-3c8e6f6667b6:c6102]
2019-09-18 13:04:54,006 [grpc-default-executor-0] INFO  client.GrpcClientProtocolClient (GrpcClientProtocolClient.java:onNext(264)) - client-8C798EE064B2->dd0a3b65-d36c-4f93-b232-3c8e6f6667b6: receive RaftClientReply:client-8C798EE064B2->dd0a3b65-d36c-4f93-b232-3c8e6f6667b6@group-B02456D89C11, cid=4354, SUCCESS, logIndex=6100, commits[dd0a3b65-d36c-4f93-b232-3c8e6f6667b6:c6103]
2019-09-18 13:04:54,007 [grpc-default-executor-0] INFO  client.GrpcClientProtocolClient (GrpcClientProtocolClient.java:onNext(264)) - client-8C798EE064B2->dd0a3b65-d36c-4f93-b232-3c8e6f6667b6: receive RaftClientReply:client-8C798EE064B2->dd0a3b65-d36c-4f93-b232-3c8e6f6667b6@group-B02456D89C11, cid=4355, SUCCESS, logIndex=6101, commits[dd0a3b65-d36c-4f93-b232-3c8e6f6667b6:c6103]
2019-09-18 13:04:54,007 [grpc-default-executor-0] INFO  client.GrpcClientProtocolClient (GrpcClientProtocolClient.java:onNext(264)) - client-8C798EE064B2->dd0a3b65-d36c-4f93-b232-3c8e6f6667b6: receive RaftClientReply:client-8C798EE064B2->dd0a3b65-d36c-4f93-b232-3c8e6f6667b6@group-B02456D89C11, cid=4356, SUCCESS, logIndex=6102, commits[dd0a3b65-d36c-4f93-b232-3c8e6f6667b6:c6103]
2019-09-18 13:04:54,017 [SCMBlockDeletingService#1] DEBUG block.SCMBlockDeletingService (SCMBlockDeletingService.java:call(138)) - Running DeletedBlockTransactionScanner
2019-09-18 13:04:54,017 [SCMBlockDeletingService#1] DEBUG block.SCMBlockDeletingService (SCMBlockDeletingService.java:call(155)) - Scanned deleted blocks log and got 0 delTX to process.
2019-09-18 13:04:54,027 [grpc-default-executor-1] INFO  client.GrpcClientProtocolClient (GrpcClientProtocolClient.java:onNext(264)) - client-8C798EE064B2->dd0a3b65-d36c-4f93-b232-3c8e6f6667b6: receive RaftClientReply:client-8C798EE064B2->dd0a3b65-d36c-4f93-b232-3c8e6f6667b6@group-B02456D89C11, cid=4357, SUCCESS, logIndex=6104, commits[dd0a3b65-d36c-4f93-b232-3c8e6f6667b6:c6107]
2019-09-18 13:04:54,027 [grpc-default-executor-1] INFO  client.GrpcClientProtocolClient (GrpcClientProtocolClient.java:onNext(264)) - client-8C798EE064B2->dd0a3b65-d36c-4f93-b232-3c8e6f6667b6: receive RaftClientReply:client-8C798EE064B2->dd0a3b65-d36c-4f93-b232-3c8e6f6667b6@group-B02456D89C11, cid=4358, SUCCESS, logIndex=6105, commits[dd0a3b65-d36c-4f93-b232-3c8e6f6667b6:c6108]
2019-09-18 13:04:54,027 [grpc-default-executor-1] INFO  client.GrpcClientProtocolClient (GrpcClientProtocolClient.java:onNext(264)) - client-8C798EE064B2->dd0a3b65-d36c-4f93-b232-3c8e6f6667b6: receive RaftClientReply:client-8C798EE064B2->dd0a3b65-d36c-4f93-b232-3c8e6f6667b6@group-B02456D89C11, cid=4359, SUCCESS, logIndex=6106, commits[dd0a3b65-d36c-4f93-b232-3c8e6f6667b6:c6108]
2019-09-18 13:04:54,028 [grpc-default-executor-1] INFO  client.GrpcClientProtocolClient (GrpcClientProtocolClient.java:onNext(264)) - client-8C798EE064B2->dd0a3b65-d36c-4f93-b232-3c8e6f6667b6: receive RaftClientReply:client-8C798EE064B2->dd0a3b65-d36c-4f93-b232-3c8e6f6667b6@group-B02456D89C11, cid=4360, SUCCESS, logIndex=6107, commits[dd0a3b65-d36c-4f93-b232-3c8e6f6667b6:c6108]
2019-09-18 13:04:54,060 [grpc-default-executor-1] INFO  client.GrpcClientProtocolClient (GrpcClientProtocolClient.java:onNext(264)) - client-8C798EE064B2->dd0a3b65-d36c-4f93-b232-3c8e6f6667b6: receive RaftClientReply:client-8C798EE064B2->dd0a3b65-d36c-4f93-b232-3c8e6f6667b6@group-B02456D89C11, cid=4361, SUCCESS, logIndex=6109, commits[dd0a3b65-d36c-4f93-b232-3c8e6f6667b6:c6112]
2019-09-18 13:04:54,060 [grpc-default-executor-1] INFO  client.GrpcClientProtocolClient (GrpcClientProtocolClient.java:onNext(264)) - client-8C798EE064B2->dd0a3b65-d36c-4f93-b232-3c8e6f6667b6: receive RaftClientReply:client-8C798EE064B2->dd0a3b65-d36c-4f93-b232-3c8e6f6667b6@group-B02456D89C11, cid=4362, SUCCESS, logIndex=6110, commits[dd0a3b65-d36c-4f93-b232-3c8e6f6667b6:c6113]
2019-09-18 13:04:54,060 [grpc-default-executor-1] INFO  client.GrpcClientProtocolClient (GrpcClientProtocolClient.java:onNext(264)) - client-8C798EE064B2->dd0a3b65-d36c-4f93-b232-3c8e6f6667b6: receive RaftClientReply:client-8C798EE064B2->dd0a3b65-d36c-4f93-b232-3c8e6f6667b6@group-B02456D89C11, cid=4363, SUCCESS, logIndex=6111, commits[dd0a3b65-d36c-4f93-b232-3c8e6f6667b6:c6113]
2019-09-18 13:04:54,061 [grpc-default-executor-1] INFO  client.GrpcClientProtocolClient (GrpcClientProtocolClient.java:onNext(264)) - client-8C798EE064B2->dd0a3b65-d36c-4f93-b232-3c8e6f6667b6: receive RaftClientReply:client-8C798EE064B2->dd0a3b65-d36c-4f93-b232-3c8e6f6667b6@group-B02456D89C11, cid=4364, SUCCESS, logIndex=6112, commits[dd0a3b65-d36c-4f93-b232-3c8e6f6667b6:c6113]
2019-09-18 13:04:54,081 [grpc-default-executor-1] INFO  client.GrpcClientProtocolClient (GrpcClientProtocolClient.java:onNext(264)) - client-8C798EE064B2->dd0a3b65-d36c-4f93-b232-3c8e6f6667b6: receive RaftClientReply:client-8C798EE064B2->dd0a3b65-d36c-4f93-b232-3c8e6f6667b6@group-B02456D89C11, cid=4365, SUCCESS, logIndex=6114, commits[dd0a3b65-d36c-4f93-b232-3c8e6f6667b6:c6117]
2019-09-18 13:04:54,081 [grpc-default-executor-1] INFO  client.GrpcClientProtocolClient (GrpcClientProtocolClient.java:onNext(264)) - client-8C798EE064B2->dd0a3b65-d36c-4f93-b232-3c8e6f6667b6: receive RaftClientReply:client-8C798EE064B2->dd0a3b65-d36c-4f93-b232-3c8e6f6667b6@group-B02456D89C11, cid=4366, SUCCESS, logIndex=6115, commits[dd0a3b65-d36c-4f93-b232-3c8e6f6667b6:c6118]
2019-09-18 13:04:54,082 [grpc-default-executor-1] INFO  client.GrpcClientProtocolClient (GrpcClientProtocolClient.java:onNext(264)) - client-8C798EE064B2->dd0a3b65-d36c-4f93-b232-3c8e6f6667b6: receive RaftClientReply:client-8C798EE064B2->dd0a3b65-d36c-4f93-b232-3c8e6f6667b6@group-B02456D89C11, cid=4367, SUCCESS, logIndex=6116, commits[dd0a3b65-d36c-4f93-b232-3c8e6f6667b6:c6118]
2019-09-18 13:04:54,082 [grpc-default-executor-1] INFO  client.GrpcClientProtocolClient (GrpcClientProtocolClient.java:onNext(264)) - client-8C798EE064B2->dd0a3b65-d36c-4f93-b232-3c8e6f6667b6: receive RaftClientReply:client-8C798EE064B2->dd0a3b65-d36c-4f93-b232-3c8e6f6667b6@group-B02456D89C11, cid=4368, SUCCESS, logIndex=6117, commits[dd0a3b65-d36c-4f93-b232-3c8e6f6667b6:c6118]
2019-09-18 13:04:54,115 [grpc-default-executor-1] INFO  client.GrpcClientProtocolClient (GrpcClientProtocolClient.java:onNext(264)) - client-8C798EE064B2->dd0a3b65-d36c-4f93-b232-3c8e6f6667b6: receive RaftClientReply:client-8C798EE064B2->dd0a3b65-d36c-4f93-b232-3c8e6f6667b6@group-B02456D89C11, cid=4369, SUCCESS, logIndex=6119, commits[dd0a3b65-d36c-4f93-b232-3c8e6f6667b6:c6122]
2019-09-18 13:04:54,116 [grpc-default-executor-1] INFO  client.GrpcClientProtocolClient (GrpcClientProtocolClient.java:onNext(264)) - client-8C798EE064B2->dd0a3b65-d36c-4f93-b232-3c8e6f6667b6: receive RaftClientReply:client-8C798EE064B2->dd0a3b65-d36c-4f93-b232-3c8e6f6667b6@group-B02456D89C11, cid=4370, SUCCESS, logIndex=6120, commits[dd0a3b65-d36c-4f93-b232-3c8e6f6667b6:c6122]
2019-09-18 13:04:54,116 [grpc-default-executor-1] INFO  client.GrpcClientProtocolClient (GrpcClientProtocolClient.java:onNext(264)) - client-8C798EE064B2->dd0a3b65-d36c-4f93-b232-3c8e6f6667b6: receive RaftClientReply:client-8C798EE064B2->dd0a3b65-d36c-4f93-b232-3c8e6f6667b6@group-B02456D89C11, cid=4371, SUCCESS, logIndex=6121, commits[dd0a3b65-d36c-4f93-b232-3c8e6f6667b6:c6123]
2019-09-18 13:04:54,116 [grpc-default-executor-1] INFO  client.GrpcClientProtocolClient (GrpcClientProtocolClient.java:onNext(264)) - client-8C798EE064B2->dd0a3b65-d36c-4f93-b232-3c8e6f6667b6: receive RaftClientReply:client-8C798EE064B2->dd0a3b65-d36c-4f93-b232-3c8e6f6667b6@group-B02456D89C11, cid=4372, SUCCESS, logIndex=6122, commits[dd0a3b65-d36c-4f93-b232-3c8e6f6667b6:c6124]
2019-09-18 13:04:54,118 [SCMBlockDeletingService#1] DEBUG block.SCMBlockDeletingService (SCMBlockDeletingService.java:call(138)) - Running DeletedBlockTransactionScanner
2019-09-18 13:04:54,118 [SCMBlockDeletingService#1] DEBUG block.SCMBlockDeletingService (SCMBlockDeletingService.java:call(155)) - Scanned deleted blocks log and got 0 delTX to process.
2019-09-18 13:04:54,136 [grpc-default-executor-0] INFO  client.GrpcClientProtocolClient (GrpcClientProtocolClient.java:onNext(264)) - client-8C798EE064B2->dd0a3b65-d36c-4f93-b232-3c8e6f6667b6: receive RaftClientReply:client-8C798EE064B2->dd0a3b65-d36c-4f93-b232-3c8e6f6667b6@group-B02456D89C11, cid=4373, SUCCESS, logIndex=6125, commits[dd0a3b65-d36c-4f93-b232-3c8e6f6667b6:c6128]
2019-09-18 13:04:54,137 [grpc-default-executor-0] INFO  client.GrpcClientProtocolClient (GrpcClientProtocolClient.java:onNext(264)) - client-8C798EE064B2->dd0a3b65-d36c-4f93-b232-3c8e6f6667b6: receive RaftClientReply:client-8C798EE064B2->dd0a3b65-d36c-4f93-b232-3c8e6f6667b6@group-B02456D89C11, cid=4374, SUCCESS, logIndex=6126, commits[dd0a3b65-d36c-4f93-b232-3c8e6f6667b6:c6128]
2019-09-18 13:04:54,137 [grpc-default-executor-0] INFO  client.GrpcClientProtocolClient (GrpcClientProtocolClient.java:onNext(264)) - client-8C798EE064B2->dd0a3b65-d36c-4f93-b232-3c8e6f6667b6: receive RaftClientReply:client-8C798EE064B2->dd0a3b65-d36c-4f93-b232-3c8e6f6667b6@group-B02456D89C11, cid=4375, SUCCESS, logIndex=6127, commits[dd0a3b65-d36c-4f93-b232-3c8e6f6667b6:c6129]
2019-09-18 13:04:54,137 [grpc-default-executor-0] INFO  client.GrpcClientProtocolClient (GrpcClientProtocolClient.java:onNext(264)) - client-8C798EE064B2->dd0a3b65-d36c-4f93-b232-3c8e6f6667b6: receive RaftClientReply:client-8C798EE064B2->dd0a3b65-d36c-4f93-b232-3c8e6f6667b6@group-B02456D89C11, cid=4376, SUCCESS, logIndex=6128, commits[dd0a3b65-d36c-4f93-b232-3c8e6f6667b6:c6130]
2019-09-18 13:04:54,236 [SCMBlockDeletingService#1] DEBUG block.SCMBlockDeletingService (SCMBlockDeletingService.java:call(138)) - Running DeletedBlockTransactionScanner
2019-09-18 13:04:54,237 [SCMBlockDeletingService#1] DEBUG block.SCMBlockDeletingService (SCMBlockDeletingService.java:call(155)) - Scanned deleted blocks log and got 0 delTX to process.
2019-09-18 13:04:54,337 [SCMBlockDeletingService#1] DEBUG block.SCMBlockDeletingService (SCMBlockDeletingService.java:call(138)) - Running DeletedBlockTransactionScanner
2019-09-18 13:04:54,337 [SCMBlockDeletingService#1] DEBUG block.SCMBlockDeletingService (SCMBlockDeletingService.java:call(155)) - Scanned deleted blocks log and got 0 delTX to process.
2019-09-18 13:04:54,437 [SCMBlockDeletingService#1] DEBUG block.SCMBlockDeletingService (SCMBlockDeletingService.java:call(138)) - Running DeletedBlockTransactionScanner
2019-09-18 13:04:54,438 [SCMBlockDeletingService#1] DEBUG block.SCMBlockDeletingService (SCMBlockDeletingService.java:call(155)) - Scanned deleted blocks log and got 0 delTX to process.
2019-09-18 13:04:54,538 [SCMBlockDeletingService#1] DEBUG block.SCMBlockDeletingService (SCMBlockDeletingService.java:call(138)) - Running DeletedBlockTransactionScanner
2019-09-18 13:04:54,538 [SCMBlockDeletingService#1] DEBUG block.SCMBlockDeletingService (SCMBlockDeletingService.java:call(155)) - Scanned deleted blocks log and got 0 delTX to process.
2019-09-18 13:04:54,639 [SCMBlockDeletingService#1] DEBUG block.SCMBlockDeletingService (SCMBlockDeletingService.java:call(138)) - Running DeletedBlockTransactionScanner
2019-09-18 13:04:54,639 [SCMBlockDeletingService#1] DEBUG block.SCMBlockDeletingService (SCMBlockDeletingService.java:call(155)) - Scanned deleted blocks log and got 0 delTX to process.
2019-09-18 13:04:54,700 [grpc-default-executor-1] INFO  client.GrpcClientProtocolClient (GrpcClientProtocolClient.java:onNext(264)) - client-8C798EE064B2->dd0a3b65-d36c-4f93-b232-3c8e6f6667b6: receive RaftClientReply:client-8C798EE064B2->dd0a3b65-d36c-4f93-b232-3c8e6f6667b6@group-B02456D89C11, cid=4377, SUCCESS, logIndex=6131, commits[dd0a3b65-d36c-4f93-b232-3c8e6f6667b6:c6134]
2019-09-18 13:04:54,700 [grpc-default-executor-1] INFO  client.GrpcClientProtocolClient (GrpcClientProtocolClient.java:onNext(264)) - client-8C798EE064B2->dd0a3b65-d36c-4f93-b232-3c8e6f6667b6: receive RaftClientReply:client-8C798EE064B2->dd0a3b65-d36c-4f93-b232-3c8e6f6667b6@group-B02456D89C11, cid=4378, SUCCESS, logIndex=6132, commits[dd0a3b65-d36c-4f93-b232-3c8e6f6667b6:c6134]
2019-09-18 13:04:54,701 [grpc-default-executor-1] INFO  client.GrpcClientProtocolClient (GrpcClientProtocolClient.java:onNext(264)) - client-8C798EE064B2->dd0a3b65-d36c-4f93-b232-3c8e6f6667b6: receive RaftClientReply:client-8C798EE064B2->dd0a3b65-d36c-4f93-b232-3c8e6f6667b6@group-B02456D89C11, cid=4379, SUCCESS, logIndex=6133, commits[dd0a3b65-d36c-4f93-b232-3c8e6f6667b6:c6134]
2019-09-18 13:04:54,701 [grpc-default-executor-1] INFO  client.GrpcClientProtocolClient (GrpcClientProtocolClient.java:onNext(264)) - client-8C798EE064B2->dd0a3b65-d36c-4f93-b232-3c8e6f6667b6: receive RaftClientReply:client-8C798EE064B2->dd0a3b65-d36c-4f93-b232-3c8e6f6667b6@group-B02456D89C11, cid=4380, SUCCESS, logIndex=6134, commits[dd0a3b65-d36c-4f93-b232-3c8e6f6667b6:c6134]
2019-09-18 13:04:54,739 [SCMBlockDeletingService#1] DEBUG block.SCMBlockDeletingService (SCMBlockDeletingService.java:call(138)) - Running DeletedBlockTransactionScanner
2019-09-18 13:04:54,740 [SCMBlockDeletingService#1] DEBUG block.SCMBlockDeletingService (SCMBlockDeletingService.java:call(155)) - Scanned deleted blocks log and got 0 delTX to process.
2019-09-18 13:04:54,840 [SCMBlockDeletingService#1] DEBUG block.SCMBlockDeletingService (SCMBlockDeletingService.java:call(138)) - Running DeletedBlockTransactionScanner
2019-09-18 13:04:54,840 [SCMBlockDeletingService#1] DEBUG block.SCMBlockDeletingService (SCMBlockDeletingService.java:call(155)) - Scanned deleted blocks log and got 0 delTX to process.
2019-09-18 13:04:54,940 [SCMBlockDeletingService#1] DEBUG block.SCMBlockDeletingService (SCMBlockDeletingService.java:call(138)) - Running DeletedBlockTransactionScanner
2019-09-18 13:04:54,941 [SCMBlockDeletingService#1] DEBUG block.SCMBlockDeletingService (SCMBlockDeletingService.java:call(155)) - Scanned deleted blocks log and got 0 delTX to process.
2019-09-18 13:04:55,041 [SCMBlockDeletingService#1] DEBUG block.SCMBlockDeletingService (SCMBlockDeletingService.java:call(138)) - Running DeletedBlockTransactionScanner
2019-09-18 13:04:55,041 [SCMBlockDeletingService#1] DEBUG block.SCMBlockDeletingService (SCMBlockDeletingService.java:call(155)) - Scanned deleted blocks log and got 0 delTX to process.
2019-09-18 13:04:55,141 [SCMBlockDeletingService#1] DEBUG block.SCMBlockDeletingService (SCMBlockDeletingService.java:call(138)) - Running DeletedBlockTransactionScanner
2019-09-18 13:04:55,142 [SCMBlockDeletingService#1] DEBUG block.SCMBlockDeletingService (SCMBlockDeletingService.java:call(155)) - Scanned deleted blocks log and got 0 delTX to process.
2019-09-18 13:04:55,242 [SCMBlockDeletingService#1] DEBUG block.SCMBlockDeletingService (SCMBlockDeletingService.java:call(138)) - Running DeletedBlockTransactionScanner
2019-09-18 13:04:55,242 [SCMBlockDeletingService#1] DEBUG block.SCMBlockDeletingService (SCMBlockDeletingService.java:call(155)) - Scanned deleted blocks log and got 0 delTX to process.
2019-09-18 13:04:55,343 [SCMBlockDeletingService#1] DEBUG block.SCMBlockDeletingService (SCMBlockDeletingService.java:call(138)) - Running DeletedBlockTransactionScanner
2019-09-18 13:04:55,343 [SCMBlockDeletingService#1] DEBUG block.SCMBlockDeletingService (SCMBlockDeletingService.java:call(155)) - Scanned deleted blocks log and got 0 delTX to process.
2019-09-18 13:04:55,443 [SCMBlockDeletingService#1] DEBUG block.SCMBlockDeletingService (SCMBlockDeletingService.java:call(138)) - Running DeletedBlockTransactionScanner
2019-09-18 13:04:55,443 [SCMBlockDeletingService#1] DEBUG block.SCMBlockDeletingService (SCMBlockDeletingService.java:call(155)) - Scanned deleted blocks log and got 0 delTX to process.
2019-09-18 13:04:55,544 [SCMBlockDeletingService#1] DEBUG block.SCMBlockDeletingService (SCMBlockDeletingService.java:call(138)) - Running DeletedBlockTransactionScanner
2019-09-18 13:04:55,544 [SCMBlockDeletingService#1] DEBUG block.SCMBlockDeletingService (SCMBlockDeletingService.java:call(155)) - Scanned deleted blocks log and got 0 delTX to process.
2019-09-18 13:04:55,644 [SCMBlockDeletingService#1] DEBUG block.SCMBlockDeletingService (SCMBlockDeletingService.java:call(138)) - Running DeletedBlockTransactionScanner
2019-09-18 13:04:55,645 [SCMBlockDeletingService#1] DEBUG block.SCMBlockDeletingService (SCMBlockDeletingService.java:call(155)) - Scanned deleted blocks log and got 0 delTX to process.
2019-09-18 13:04:55,745 [SCMBlockDeletingService#1] DEBUG block.SCMBlockDeletingService (SCMBlockDeletingService.java:call(138)) - Running DeletedBlockTransactionScanner
2019-09-18 13:04:55,745 [SCMBlockDeletingService#1] DEBUG block.SCMBlockDeletingService (SCMBlockDeletingService.java:call(155)) - Scanned deleted blocks log and got 0 delTX to process.
2019-09-18 13:04:55,845 [SCMBlockDeletingService#1] DEBUG block.SCMBlockDeletingService (SCMBlockDeletingService.java:call(138)) - Running DeletedBlockTransactionScanner
2019-09-18 13:04:55,846 [SCMBlockDeletingService#1] DEBUG block.SCMBlockDeletingService (SCMBlockDeletingService.java:call(155)) - Scanned deleted blocks log and got 0 delTX to process.
2019-09-18 13:04:55,946 [SCMBlockDeletingService#1] DEBUG block.SCMBlockDeletingService (SCMBlockDeletingService.java:call(138)) - Running DeletedBlockTransactionScanner
2019-09-18 13:04:55,947 [SCMBlockDeletingService#1] DEBUG block.SCMBlockDeletingService (SCMBlockDeletingService.java:call(155)) - Scanned deleted blocks log and got 0 delTX to process.
2019-09-18 13:04:56,047 [SCMBlockDeletingService#1] DEBUG block.SCMBlockDeletingService (SCMBlockDeletingService.java:call(138)) - Running DeletedBlockTransactionScanner
2019-09-18 13:04:56,047 [SCMBlockDeletingService#1] DEBUG block.SCMBlockDeletingService (SCMBlockDeletingService.java:call(155)) - Scanned deleted blocks log and got 0 delTX to process.
2019-09-18 13:04:56,148 [SCMBlockDeletingService#1] DEBUG block.SCMBlockDeletingService (SCMBlockDeletingService.java:call(138)) - Running DeletedBlockTransactionScanner
2019-09-18 13:04:56,148 [SCMBlockDeletingService#1] DEBUG block.SCMBlockDeletingService (SCMBlockDeletingService.java:call(155)) - Scanned deleted blocks log and got 0 delTX to process.
2019-09-18 13:04:56,248 [SCMBlockDeletingService#1] DEBUG block.SCMBlockDeletingService (SCMBlockDeletingService.java:call(138)) - Running DeletedBlockTransactionScanner
2019-09-18 13:04:56,248 [SCMBlockDeletingService#1] DEBUG block.SCMBlockDeletingService (SCMBlockDeletingService.java:call(155)) - Scanned deleted blocks log and got 0 delTX to process.
2019-09-18 13:04:56,349 [SCMBlockDeletingService#1] DEBUG block.SCMBlockDeletingService (SCMBlockDeletingService.java:call(138)) - Running DeletedBlockTransactionScanner
2019-09-18 13:04:56,349 [SCMBlockDeletingService#1] DEBUG block.SCMBlockDeletingService (SCMBlockDeletingService.java:call(155)) - Scanned deleted blocks log and got 0 delTX to process.
2019-09-18 13:04:56,449 [SCMBlockDeletingService#1] DEBUG block.SCMBlockDeletingService (SCMBlockDeletingService.java:call(138)) - Running DeletedBlockTransactionScanner
2019-09-18 13:04:56,450 [SCMBlockDeletingService#1] DEBUG block.SCMBlockDeletingService (SCMBlockDeletingService.java:call(155)) - Scanned deleted blocks log and got 0 delTX to process.
2019-09-18 13:04:56,550 [SCMBlockDeletingService#1] DEBUG block.SCMBlockDeletingService (SCMBlockDeletingService.java:call(138)) - Running DeletedBlockTransactionScanner
2019-09-18 13:04:56,550 [SCMBlockDeletingService#1] DEBUG block.SCMBlockDeletingService (SCMBlockDeletingService.java:call(155)) - Scanned deleted blocks log and got 0 delTX to process.
2019-09-18 13:04:56,592 [grpc-default-executor-0] INFO  client.GrpcClientProtocolClient (GrpcClientProtocolClient.java:onNext(264)) - client-8C798EE064B2->dd0a3b65-d36c-4f93-b232-3c8e6f6667b6: receive RaftClientReply:client-8C798EE064B2->dd0a3b65-d36c-4f93-b232-3c8e6f6667b6@group-B02456D89C11, cid=4381, SUCCESS, logIndex=6136, commits[dd0a3b65-d36c-4f93-b232-3c8e6f6667b6:c6139]
2019-09-18 13:04:56,592 [grpc-default-executor-0] INFO  client.GrpcClientProtocolClient (GrpcClientProtocolClient.java:onNext(264)) - client-8C798EE064B2->dd0a3b65-d36c-4f93-b232-3c8e6f6667b6: receive RaftClientReply:client-8C798EE064B2->dd0a3b65-d36c-4f93-b232-3c8e6f6667b6@group-B02456D89C11, cid=4382, SUCCESS, logIndex=6137, commits[dd0a3b65-d36c-4f93-b232-3c8e6f6667b6:c6139]
2019-09-18 13:04:56,593 [grpc-default-executor-0] INFO  client.GrpcClientProtocolClient (GrpcClientProtocolClient.java:onNext(264)) - client-8C798EE064B2->dd0a3b65-d36c-4f93-b232-3c8e6f6667b6: receive RaftClientReply:client-8C798EE064B2->dd0a3b65-d36c-4f93-b232-3c8e6f6667b6@group-B02456D89C11, cid=4383, SUCCESS, logIndex=6138, commits[dd0a3b65-d36c-4f93-b232-3c8e6f6667b6:c6139]
2019-09-18 13:04:56,593 [grpc-default-executor-0] INFO  client.GrpcClientProtocolClient (GrpcClientProtocolClient.java:onNext(264)) - client-8C798EE064B2->dd0a3b65-d36c-4f93-b232-3c8e6f6667b6: receive RaftClientReply:client-8C798EE064B2->dd0a3b65-d36c-4f93-b232-3c8e6f6667b6@group-B02456D89C11, cid=4384, SUCCESS, logIndex=6139, commits[dd0a3b65-d36c-4f93-b232-3c8e6f6667b6:c6139]
2019-09-18 13:04:56,629 [grpc-default-executor-1] INFO  client.GrpcClientProtocolClient (GrpcClientProtocolClient.java:onNext(264)) - client-8C798EE064B2->dd0a3b65-d36c-4f93-b232-3c8e6f6667b6: receive RaftClientReply:client-8C798EE064B2->dd0a3b65-d36c-4f93-b232-3c8e6f6667b6@group-B02456D89C11, cid=4385, SUCCESS, logIndex=6141, commits[dd0a3b65-d36c-4f93-b232-3c8e6f6667b6:c6144]
2019-09-18 13:04:56,629 [grpc-default-executor-1] INFO  client.GrpcClientProtocolClient (GrpcClientProtocolClient.java:onNext(264)) - client-8C798EE064B2->dd0a3b65-d36c-4f93-b232-3c8e6f6667b6: receive RaftClientReply:client-8C798EE064B2->dd0a3b65-d36c-4f93-b232-3c8e6f6667b6@group-B02456D89C11, cid=4386, SUCCESS, logIndex=6142, commits[dd0a3b65-d36c-4f93-b232-3c8e6f6667b6:c6145]
2019-09-18 13:04:56,629 [grpc-default-executor-1] INFO  client.GrpcClientProtocolClient (GrpcClientProtocolClient.java:onNext(264)) - client-8C798EE064B2->dd0a3b65-d36c-4f93-b232-3c8e6f6667b6: receive RaftClientReply:client-8C798EE064B2->dd0a3b65-d36c-4f93-b232-3c8e6f6667b6@group-B02456D89C11, cid=4387, SUCCESS, logIndex=6143, commits[dd0a3b65-d36c-4f93-b232-3c8e6f6667b6:c6145]
2019-09-18 13:04:56,630 [grpc-default-executor-1] INFO  client.GrpcClientProtocolClient (GrpcClientProtocolClient.java:onNext(264)) - client-8C798EE064B2->dd0a3b65-d36c-4f93-b232-3c8e6f6667b6: receive RaftClientReply:client-8C798EE064B2->dd0a3b65-d36c-4f93-b232-3c8e6f6667b6@group-B02456D89C11, cid=4388, SUCCESS, logIndex=6144, commits[dd0a3b65-d36c-4f93-b232-3c8e6f6667b6:c6145]
2019-09-18 13:04:56,648 [grpc-default-executor-1] INFO  client.GrpcClientProtocolClient (GrpcClientProtocolClient.java:onNext(264)) - client-8C798EE064B2->dd0a3b65-d36c-4f93-b232-3c8e6f6667b6: receive RaftClientReply:client-8C798EE064B2->dd0a3b65-d36c-4f93-b232-3c8e6f6667b6@group-B02456D89C11, cid=4389, SUCCESS, logIndex=6146, commits[dd0a3b65-d36c-4f93-b232-3c8e6f6667b6:c6147]
2019-09-18 13:04:56,648 [grpc-default-executor-1] INFO  client.GrpcClientProtocolClient (GrpcClientProtocolClient.java:onNext(264)) - client-8C798EE064B2->dd0a3b65-d36c-4f93-b232-3c8e6f6667b6: receive RaftClientReply:client-8C798EE064B2->dd0a3b65-d36c-4f93-b232-3c8e6f6667b6@group-B02456D89C11, cid=4390, SUCCESS, logIndex=6147, commits[dd0a3b65-d36c-4f93-b232-3c8e6f6667b6:c6149]
2019-09-18 13:04:56,649 [grpc-default-executor-1] INFO  client.GrpcClientProtocolClient (GrpcClientProtocolClient.java:onNext(264)) - client-8C798EE064B2->dd0a3b65-d36c-4f93-b232-3c8e6f6667b6: receive RaftClientReply:client-8C798EE064B2->dd0a3b65-d36c-4f93-b232-3c8e6f6667b6@group-B02456D89C11, cid=4391, SUCCESS, logIndex=6148, commits[dd0a3b65-d36c-4f93-b232-3c8e6f6667b6:c6149]
2019-09-18 13:04:56,650 [grpc-default-executor-1] INFO  client.GrpcClientProtocolClient (GrpcClientProtocolClient.java:onNext(264)) - client-8C798EE064B2->dd0a3b65-d36c-4f93-b232-3c8e6f6667b6: receive RaftClientReply:client-8C798EE064B2->dd0a3b65-d36c-4f93-b232-3c8e6f6667b6@group-B02456D89C11, cid=4392, SUCCESS, logIndex=6149, commits[dd0a3b65-d36c-4f93-b232-3c8e6f6667b6:c6151]
2019-09-18 13:04:56,650 [SCMBlockDeletingService#1] DEBUG block.SCMBlockDeletingService (SCMBlockDeletingService.java:call(138)) - Running DeletedBlockTransactionScanner
2019-09-18 13:04:56,651 [SCMBlockDeletingService#1] DEBUG block.SCMBlockDeletingService (SCMBlockDeletingService.java:call(155)) - Scanned deleted blocks log and got 0 delTX to process.
2019-09-18 13:04:56,679 [grpc-default-executor-1] INFO  client.GrpcClientProtocolClient (GrpcClientProtocolClient.java:onNext(264)) - client-8C798EE064B2->dd0a3b65-d36c-4f93-b232-3c8e6f6667b6: receive RaftClientReply:client-8C798EE064B2->dd0a3b65-d36c-4f93-b232-3c8e6f6667b6@group-B02456D89C11, cid=4393, SUCCESS, logIndex=6152, commits[dd0a3b65-d36c-4f93-b232-3c8e6f6667b6:c6153]
2019-09-18 13:04:56,679 [grpc-default-executor-1] INFO  client.GrpcClientProtocolClient (GrpcClientProtocolClient.java:onNext(264)) - client-8C798EE064B2->dd0a3b65-d36c-4f93-b232-3c8e6f6667b6: receive RaftClientReply:client-8C798EE064B2->dd0a3b65-d36c-4f93-b232-3c8e6f6667b6@group-B02456D89C11, cid=4394, SUCCESS, logIndex=6153, commits[dd0a3b65-d36c-4f93-b232-3c8e6f6667b6:c6155]
2019-09-18 13:04:56,679 [grpc-default-executor-1] INFO  client.GrpcClientProtocolClient (GrpcClientProtocolClient.java:onNext(264)) - client-8C798EE064B2->dd0a3b65-d36c-4f93-b232-3c8e6f6667b6: receive RaftClientReply:client-8C798EE064B2->dd0a3b65-d36c-4f93-b232-3c8e6f6667b6@group-B02456D89C11, cid=4395, SUCCESS, logIndex=6154, commits[dd0a3b65-d36c-4f93-b232-3c8e6f6667b6:c6156]
2019-09-18 13:04:56,680 [grpc-default-executor-1] INFO  client.GrpcClientProtocolClient (GrpcClientProtocolClient.java:onNext(264)) - client-8C798EE064B2->dd0a3b65-d36c-4f93-b232-3c8e6f6667b6: receive RaftClientReply:client-8C798EE064B2->dd0a3b65-d36c-4f93-b232-3c8e6f6667b6@group-B02456D89C11, cid=4396, SUCCESS, logIndex=6155, commits[dd0a3b65-d36c-4f93-b232-3c8e6f6667b6:c6156]
2019-09-18 13:04:56,711 [grpc-default-executor-1] INFO  client.GrpcClientProtocolClient (GrpcClientProtocolClient.java:onNext(264)) - client-8C798EE064B2->dd0a3b65-d36c-4f93-b232-3c8e6f6667b6: receive RaftClientReply:client-8C798EE064B2->dd0a3b65-d36c-4f93-b232-3c8e6f6667b6@group-B02456D89C11, cid=4397, SUCCESS, logIndex=6158, commits[dd0a3b65-d36c-4f93-b232-3c8e6f6667b6:c6159]
2019-09-18 13:04:56,711 [grpc-default-executor-1] INFO  client.GrpcClientProtocolClient (GrpcClientProtocolClient.java:onNext(264)) - client-8C798EE064B2->dd0a3b65-d36c-4f93-b232-3c8e6f6667b6: receive RaftClientReply:client-8C798EE064B2->dd0a3b65-d36c-4f93-b232-3c8e6f6667b6@group-B02456D89C11, cid=4398, SUCCESS, logIndex=6159, commits[dd0a3b65-d36c-4f93-b232-3c8e6f6667b6:c6161]
2019-09-18 13:04:56,712 [grpc-default-executor-1] INFO  client.GrpcClientProtocolClient (GrpcClientProtocolClient.java:onNext(264)) - client-8C798EE064B2->dd0a3b65-d36c-4f93-b232-3c8e6f6667b6: receive RaftClientReply:client-8C798EE064B2->dd0a3b65-d36c-4f93-b232-3c8e6f6667b6@group-B02456D89C11, cid=4399, SUCCESS, logIndex=6160, commits[dd0a3b65-d36c-4f93-b232-3c8e6f6667b6:c6162]
2019-09-18 13:04:56,712 [grpc-default-executor-1] INFO  client.GrpcClientProtocolClient (GrpcClientProtocolClient.java:onNext(264)) - client-8C798EE064B2->dd0a3b65-d36c-4f93-b232-3c8e6f6667b6: receive RaftClientReply:client-8C798EE064B2->dd0a3b65-d36c-4f93-b232-3c8e6f6667b6@group-B02456D89C11, cid=4400, SUCCESS, logIndex=6161, commits[dd0a3b65-d36c-4f93-b232-3c8e6f6667b6:c6162]
2019-09-18 13:04:56,745 [grpc-default-executor-1] INFO  client.GrpcClientProtocolClient (GrpcClientProtocolClient.java:onNext(264)) - client-8C798EE064B2->dd0a3b65-d36c-4f93-b232-3c8e6f6667b6: receive RaftClientReply:client-8C798EE064B2->dd0a3b65-d36c-4f93-b232-3c8e6f6667b6@group-B02456D89C11, cid=4401, SUCCESS, logIndex=6164, commits[dd0a3b65-d36c-4f93-b232-3c8e6f6667b6:c6167]
2019-09-18 13:04:56,746 [grpc-default-executor-1] INFO  client.GrpcClientProtocolClient (GrpcClientProtocolClient.java:onNext(264)) - client-8C798EE064B2->dd0a3b65-d36c-4f93-b232-3c8e6f6667b6: receive RaftClientReply:client-8C798EE064B2->dd0a3b65-d36c-4f93-b232-3c8e6f6667b6@group-B02456D89C11, cid=4402, SUCCESS, logIndex=6165, commits[dd0a3b65-d36c-4f93-b232-3c8e6f6667b6:c6167]
2019-09-18 13:04:56,746 [grpc-default-executor-1] INFO  client.GrpcClientProtocolClient (GrpcClientProtocolClient.java:onNext(264)) - client-8C798EE064B2->dd0a3b65-d36c-4f93-b232-3c8e6f6667b6: receive RaftClientReply:client-8C798EE064B2->dd0a3b65-d36c-4f93-b232-3c8e6f6667b6@group-B02456D89C11, cid=4403, SUCCESS, logIndex=6166, commits[dd0a3b65-d36c-4f93-b232-3c8e6f6667b6:c6167]
2019-09-18 13:04:56,746 [grpc-default-executor-1] INFO  client.GrpcClientProtocolClient (GrpcClientProtocolClient.java:onNext(264)) - client-8C798EE064B2->dd0a3b65-d36c-4f93-b232-3c8e6f6667b6: receive RaftClientReply:client-8C798EE064B2->dd0a3b65-d36c-4f93-b232-3c8e6f6667b6@group-B02456D89C11, cid=4404, SUCCESS, logIndex=6167, commits[dd0a3b65-d36c-4f93-b232-3c8e6f6667b6:c6167]
2019-09-18 13:04:56,751 [SCMBlockDeletingService#1] DEBUG block.SCMBlockDeletingService (SCMBlockDeletingService.java:call(138)) - Running DeletedBlockTransactionScanner
2019-09-18 13:04:56,751 [SCMBlockDeletingService#1] DEBUG block.SCMBlockDeletingService (SCMBlockDeletingService.java:call(155)) - Scanned deleted blocks log and got 0 delTX to process.
2019-09-18 13:04:56,766 [grpc-default-executor-0] INFO  client.GrpcClientProtocolClient (GrpcClientProtocolClient.java:onNext(264)) - client-8C798EE064B2->dd0a3b65-d36c-4f93-b232-3c8e6f6667b6: receive RaftClientReply:client-8C798EE064B2->dd0a3b65-d36c-4f93-b232-3c8e6f6667b6@group-B02456D89C11, cid=4405, SUCCESS, logIndex=6169, commits[dd0a3b65-d36c-4f93-b232-3c8e6f6667b6:c6172]
2019-09-18 13:04:56,766 [grpc-default-executor-0] INFO  client.GrpcClientProtocolClient (GrpcClientProtocolClient.java:onNext(264)) - client-8C798EE064B2->dd0a3b65-d36c-4f93-b232-3c8e6f6667b6: receive RaftClientReply:client-8C798EE064B2->dd0a3b65-d36c-4f93-b232-3c8e6f6667b6@group-B02456D89C11, cid=4406, SUCCESS, logIndex=6170, commits[dd0a3b65-d36c-4f93-b232-3c8e6f6667b6:c6172]
2019-09-18 13:04:56,766 [grpc-default-executor-0] INFO  client.GrpcClientProtocolClient (GrpcClientProtocolClient.java:onNext(264)) - client-8C798EE064B2->dd0a3b65-d36c-4f93-b232-3c8e6f6667b6: receive RaftClientReply:client-8C798EE064B2->dd0a3b65-d36c-4f93-b232-3c8e6f6667b6@group-B02456D89C11, cid=4407, SUCCESS, logIndex=6171, commits[dd0a3b65-d36c-4f93-b232-3c8e6f6667b6:c6173]
2019-09-18 13:04:56,767 [grpc-default-executor-0] INFO  client.GrpcClientProtocolClient (GrpcClientProtocolClient.java:onNext(264)) - client-8C798EE064B2->dd0a3b65-d36c-4f93-b232-3c8e6f6667b6: receive RaftClientReply:client-8C798EE064B2->dd0a3b65-d36c-4f93-b232-3c8e6f6667b6@group-B02456D89C11, cid=4408, SUCCESS, logIndex=6172, commits[dd0a3b65-d36c-4f93-b232-3c8e6f6667b6:c6173]
2019-09-18 13:04:56,800 [grpc-default-executor-0] INFO  client.GrpcClientProtocolClient (GrpcClientProtocolClient.java:onNext(264)) - client-8C798EE064B2->dd0a3b65-d36c-4f93-b232-3c8e6f6667b6: receive RaftClientReply:client-8C798EE064B2->dd0a3b65-d36c-4f93-b232-3c8e6f6667b6@group-B02456D89C11, cid=4409, SUCCESS, logIndex=6174, commits[dd0a3b65-d36c-4f93-b232-3c8e6f6667b6:c6177]
2019-09-18 13:04:56,801 [grpc-default-executor-0] INFO  client.GrpcClientProtocolClient (GrpcClientProtocolClient.java:onNext(264)) - client-8C798EE064B2->dd0a3b65-d36c-4f93-b232-3c8e6f6667b6: receive RaftClientReply:client-8C798EE064B2->dd0a3b65-d36c-4f93-b232-3c8e6f6667b6@group-B02456D89C11, cid=4410, SUCCESS, logIndex=6175, commits[dd0a3b65-d36c-4f93-b232-3c8e6f6667b6:c6177]
2019-09-18 13:04:56,801 [grpc-default-executor-0] INFO  client.GrpcClientProtocolClient (GrpcClientProtocolClient.java:onNext(264)) - client-8C798EE064B2->dd0a3b65-d36c-4f93-b232-3c8e6f6667b6: receive RaftClientReply:client-8C798EE064B2->dd0a3b65-d36c-4f93-b232-3c8e6f6667b6@group-B02456D89C11, cid=4411, SUCCESS, logIndex=6176, commits[dd0a3b65-d36c-4f93-b232-3c8e6f6667b6:c6178]
2019-09-18 13:04:56,801 [grpc-default-executor-0] INFO  client.GrpcClientProtocolClient (GrpcClientProtocolClient.java:onNext(264)) - client-8C798EE064B2->dd0a3b65-d36c-4f93-b232-3c8e6f6667b6: receive RaftClientReply:client-8C798EE064B2->dd0a3b65-d36c-4f93-b232-3c8e6f6667b6@group-B02456D89C11, cid=4412, SUCCESS, logIndex=6177, commits[dd0a3b65-d36c-4f93-b232-3c8e6f6667b6:c6178]
2019-09-18 13:04:56,819 [grpc-default-executor-1] INFO  client.GrpcClientProtocolClient (GrpcClientProtocolClient.java:onNext(264)) - client-8C798EE064B2->dd0a3b65-d36c-4f93-b232-3c8e6f6667b6: receive RaftClientReply:client-8C798EE064B2->dd0a3b65-d36c-4f93-b232-3c8e6f6667b6@group-B02456D89C11, cid=4413, SUCCESS, logIndex=6179, commits[dd0a3b65-d36c-4f93-b232-3c8e6f6667b6:c6180]
2019-09-18 13:04:56,819 [grpc-default-executor-1] INFO  client.GrpcClientProtocolClient (GrpcClientProtocolClient.java:onNext(264)) - client-8C798EE064B2->dd0a3b65-d36c-4f93-b232-3c8e6f6667b6: receive RaftClientReply:client-8C798EE064B2->dd0a3b65-d36c-4f93-b232-3c8e6f6667b6@group-B02456D89C11, cid=4414, SUCCESS, logIndex=6180, commits[dd0a3b65-d36c-4f93-b232-3c8e6f6667b6:c6182]
2019-09-18 13:04:56,819 [grpc-default-executor-1] INFO  client.GrpcClientProtocolClient (GrpcClientProtocolClient.java:onNext(264)) - client-8C798EE064B2->dd0a3b65-d36c-4f93-b232-3c8e6f6667b6: receive RaftClientReply:client-8C798EE064B2->dd0a3b65-d36c-4f93-b232-3c8e6f6667b6@group-B02456D89C11, cid=4415, SUCCESS, logIndex=6181, commits[dd0a3b65-d36c-4f93-b232-3c8e6f6667b6:c6182]
2019-09-18 13:04:56,820 [grpc-default-executor-1] INFO  client.GrpcClientProtocolClient (GrpcClientProtocolClient.java:onNext(264)) - client-8C798EE064B2->dd0a3b65-d36c-4f93-b232-3c8e6f6667b6: receive RaftClientReply:client-8C798EE064B2->dd0a3b65-d36c-4f93-b232-3c8e6f6667b6@group-B02456D89C11, cid=4416, SUCCESS, logIndex=6182, commits[dd0a3b65-d36c-4f93-b232-3c8e6f6667b6:c6182]
2019-09-18 13:04:56,848 [grpc-default-executor-1] INFO  client.GrpcClientProtocolClient (GrpcClientProtocolClient.java:onNext(264)) - client-8C798EE064B2->dd0a3b65-d36c-4f93-b232-3c8e6f6667b6: receive RaftClientReply:client-8C798EE064B2->dd0a3b65-d36c-4f93-b232-3c8e6f6667b6@group-B02456D89C11, cid=4417, SUCCESS, logIndex=6185, commits[dd0a3b65-d36c-4f93-b232-3c8e6f6667b6:c6186]
2019-09-18 13:04:56,848 [grpc-default-executor-1] INFO  client.GrpcClientProtocolClient (GrpcClientProtocolClient.java:onNext(264)) - client-8C798EE064B2->dd0a3b65-d36c-4f93-b232-3c8e6f6667b6: receive RaftClientReply:client-8C798EE064B2->dd0a3b65-d36c-4f93-b232-3c8e6f6667b6@group-B02456D89C11, cid=4418, SUCCESS, logIndex=6186, commits[dd0a3b65-d36c-4f93-b232-3c8e6f6667b6:c6188]
2019-09-18 13:04:56,849 [grpc-default-executor-1] INFO  client.GrpcClientProtocolClient (GrpcClientProtocolClient.java:onNext(264)) - client-8C798EE064B2->dd0a3b65-d36c-4f93-b232-3c8e6f6667b6: receive RaftClientReply:client-8C798EE064B2->dd0a3b65-d36c-4f93-b232-3c8e6f6667b6@group-B02456D89C11, cid=4419, SUCCESS, logIndex=6187, commits[dd0a3b65-d36c-4f93-b232-3c8e6f6667b6:c6189]
2019-09-18 13:04:56,849 [grpc-default-executor-1] INFO  client.GrpcClientProtocolClient (GrpcClientProtocolClient.java:onNext(264)) - client-8C798EE064B2->dd0a3b65-d36c-4f93-b232-3c8e6f6667b6: receive RaftClientReply:client-8C798EE064B2->dd0a3b65-d36c-4f93-b232-3c8e6f6667b6@group-B02456D89C11, cid=4420, SUCCESS, logIndex=6188, commits[dd0a3b65-d36c-4f93-b232-3c8e6f6667b6:c6190]
2019-09-18 13:04:56,851 [SCMBlockDeletingService#1] DEBUG block.SCMBlockDeletingService (SCMBlockDeletingService.java:call(138)) - Running DeletedBlockTransactionScanner
2019-09-18 13:04:56,851 [SCMBlockDeletingService#1] DEBUG block.SCMBlockDeletingService (SCMBlockDeletingService.java:call(155)) - Scanned deleted blocks log and got 0 delTX to process.
2019-09-18 13:04:56,872 [grpc-default-executor-1] INFO  client.GrpcClientProtocolClient (GrpcClientProtocolClient.java:onNext(264)) - client-8C798EE064B2->dd0a3b65-d36c-4f93-b232-3c8e6f6667b6: receive RaftClientReply:client-8C798EE064B2->dd0a3b65-d36c-4f93-b232-3c8e6f6667b6@group-B02456D89C11, cid=4421, SUCCESS, logIndex=6191, commits[dd0a3b65-d36c-4f93-b232-3c8e6f6667b6:c6192]
2019-09-18 13:04:56,873 [grpc-default-executor-1] INFO  client.GrpcClientProtocolClient (GrpcClientProtocolClient.java:onNext(264)) - client-8C798EE064B2->dd0a3b65-d36c-4f93-b232-3c8e6f6667b6: receive RaftClientReply:client-8C798EE064B2->dd0a3b65-d36c-4f93-b232-3c8e6f6667b6@group-B02456D89C11, cid=4422, SUCCESS, logIndex=6192, commits[dd0a3b65-d36c-4f93-b232-3c8e6f6667b6:c6192]
2019-09-18 13:04:56,952 [SCMBlockDeletingService#1] DEBUG block.SCMBlockDeletingService (SCMBlockDeletingService.java:call(138)) - Running DeletedBlockTransactionScanner
2019-09-18 13:04:56,952 [SCMBlockDeletingService#1] DEBUG block.SCMBlockDeletingService (SCMBlockDeletingService.java:call(155)) - Scanned deleted blocks log and got 0 delTX to process.
2019-09-18 13:04:57,052 [SCMBlockDeletingService#1] DEBUG block.SCMBlockDeletingService (SCMBlockDeletingService.java:call(138)) - Running DeletedBlockTransactionScanner
2019-09-18 13:04:57,053 [SCMBlockDeletingService#1] DEBUG block.SCMBlockDeletingService (SCMBlockDeletingService.java:call(155)) - Scanned deleted blocks log and got 0 delTX to process.
2019-09-18 13:04:57,153 [SCMBlockDeletingService#1] DEBUG block.SCMBlockDeletingService (SCMBlockDeletingService.java:call(138)) - Running DeletedBlockTransactionScanner
2019-09-18 13:04:57,153 [SCMBlockDeletingService#1] DEBUG block.SCMBlockDeletingService (SCMBlockDeletingService.java:call(155)) - Scanned deleted blocks log and got 0 delTX to process.
2019-09-18 13:04:57,253 [SCMBlockDeletingService#1] DEBUG block.SCMBlockDeletingService (SCMBlockDeletingService.java:call(138)) - Running DeletedBlockTransactionScanner
2019-09-18 13:04:57,253 [SCMBlockDeletingService#1] DEBUG block.SCMBlockDeletingService (SCMBlockDeletingService.java:call(155)) - Scanned deleted blocks log and got 0 delTX to process.
2019-09-18 13:04:57,354 [SCMBlockDeletingService#1] DEBUG block.SCMBlockDeletingService (SCMBlockDeletingService.java:call(138)) - Running DeletedBlockTransactionScanner
2019-09-18 13:04:57,354 [SCMBlockDeletingService#1] DEBUG block.SCMBlockDeletingService (SCMBlockDeletingService.java:call(155)) - Scanned deleted blocks log and got 0 delTX to process.
2019-09-18 13:04:57,455 [SCMBlockDeletingService#0] DEBUG block.SCMBlockDeletingService (SCMBlockDeletingService.java:call(138)) - Running DeletedBlockTransactionScanner
2019-09-18 13:04:57,455 [SCMBlockDeletingService#0] DEBUG block.SCMBlockDeletingService (SCMBlockDeletingService.java:call(155)) - Scanned deleted blocks log and got 0 delTX to process.
2019-09-18 13:04:57,472 [IPC Server handler 15 on 36523] INFO  server.SCMBlockProtocolServer (SCMBlockProtocolServer.java:deleteKeyBlocks(212)) - SCM is informed by OM to delete 1 blocks
2019-09-18 13:04:57,474 [IPC Server handler 15 on 36523] INFO  block.BlockManagerImpl (BlockManagerImpl.java:deleteBlocks(269)) - Deleting blocks conID: 1 locID: 102813652152614912 bcsId: 0,conID: 2 locID: 102813652152811521 bcsId: 0,conID: 3 locID: 102813652152811522 bcsId: 0,conID: 1 locID: 102813652152877059 bcsId: 0,conID: 2 locID: 102813652152942596 bcsId: 0,conID: 3 locID: 102813652152942597 bcsId: 0,conID: 1 locID: 102813652415610887 bcsId: 0,conID: 2 locID: 102813652422230024 bcsId: 0,conID: 3 locID: 102813652427341833 bcsId: 0,conID: 1 locID: 102813652431601674 bcsId: 0,conID: 2 locID: 102813652435992587 bcsId: 0,conID: 3 locID: 102813652441366540 bcsId: 0,conID: 1 locID: 102813652452638733 bcsId: 0,conID: 2 locID: 102813652457095182 bcsId: 0,conID: 3 locID: 102813652471513103 bcsId: 0,conID: 1 locID: 102813652476297232 bcsId: 0,conID: 2 locID: 102813652481671185 bcsId: 0,conID: 3 locID: 102813652494057490 bcsId: 0,conID: 1 locID: 102813652499365907 bcsId: 0,conID: 2 locID: 102813652503887892 bcsId: 0,conID: 3 locID: 102813652510900245 bcsId: 0,conID: 1 locID: 102813652515553302 bcsId: 0,conID: 2 locID: 102813652519223319 bcsId: 0,conID: 3 locID: 102813652529905688 bcsId: 0,conID: 1 locID: 102813652533772313 bcsId: 0,conID: 2 locID: 102813652537442330 bcsId: 0,conID: 3 locID: 102813652541046811 bcsId: 0,conID: 1 locID: 102813652544716828 bcsId: 0,conID: 2 locID: 102813652555595805 bcsId: 0,conID: 3 locID: 102813652558872606 bcsId: 0,conID: 1 locID: 102813652562346015 bcsId: 0,conID: 2 locID: 102813652565884960 bcsId: 0,conID: 3 locID: 102813652569161761 bcsId: 0,conID: 1 locID: 102813652584038434 bcsId: 0,conID: 2 locID: 102813652594458659 bcsId: 0,conID: 3 locID: 102813652598128676 bcsId: 0,conID: 1 locID: 102813652601536549 bcsId: 0,conID: 2 locID: 102813652604878886 bcsId: 0,conID: 3 locID: 102813652608352295 bcsId: 0,conID: 1 locID: 102813652618313768 bcsId: 0,conID: 2 locID: 102813652621787177 bcsId: 0,conID: 3 locID: 102813652625326122 bcsId: 0,conID: 1 locID: 102813652628340779 bcsId: 0,conID: 2 locID: 102813652631683116 bcsId: 0,conID: 3 locID: 102813652635090989 bcsId: 0,conID: 1 locID: 102813652644659246 bcsId: 0,conID: 2 locID: 102813652648984623 bcsId: 0,conID: 3 locID: 102813652652261424 bcsId: 0,conID: 1 locID: 102813652655603761 bcsId: 0,conID: 2 locID: 102813652658815026 bcsId: 0,conID: 3 locID: 102813652677099571 bcsId: 0,conID: 1 locID: 102813652680900660 bcsId: 0,conID: 2 locID: 102813652684374069 bcsId: 0,conID: 3 locID: 102813652687847478 bcsId: 0,conID: 1 locID: 102813652691386423 bcsId: 0,conID: 2 locID: 102813652694728760 bcsId: 0,conID: 3 locID: 102813652704297017 bcsId: 0,conID: 1 locID: 102813652707704890 bcsId: 0,conID: 2 locID: 102813652710981691 bcsId: 0,conID: 3 locID: 102813652714717244 bcsId: 0,conID: 1 locID: 102813652718190653 bcsId: 0,conID: 2 locID: 102813652735230014 bcsId: 0,conID: 3 locID: 102813652739293247 bcsId: 0,conID: 1 locID: 102813652743225408 bcsId: 0,conID: 2 locID: 102813652747812929 bcsId: 0,conID: 3 locID: 102813652752465986 bcsId: 0,conID: 1 locID: 102813652756136003 bcsId: 0,conID: 2 locID: 102813652767408196 bcsId: 0,conID: 3 locID: 102813652782743621 bcsId: 0,conID: 1 locID: 102813652787331142 bcsId: 0,conID: 2 locID: 102813652791066695 bcsId: 0,conID: 3 locID: 102813652794671176 bcsId: 0,conID: 1 locID: 102813652805550153 bcsId: 0,conID: 2 locID: 102813652809875530 bcsId: 0,conID: 3 locID: 102813652813611083 bcsId: 0,conID: 1 locID: 102813652817215564 bcsId: 0,conID: 2 locID: 102813652821082189 bcsId: 0,conID: 3 locID: 102813652825210958 bcsId: 0,conID: 1 locID: 102813652841136207 bcsId: 0,conID: 2 locID: 102813652844740688 bcsId: 0,conID: 3 locID: 102813652848279633 bcsId: 0,conID: 1 locID: 102813652851425362 bcsId: 0,conID: 2 locID: 102813652854571091 bcsId: 0,conID: 3 locID: 102813652863877204 bcsId: 0,conID: 1 locID: 102813652867154005 bcsId: 0,conID: 2 locID: 102813652875804758 bcsId: 0,conID: 3 locID: 102813652879278167 bcsId: 0,conID: 1 locID: 102813652882554968 bcsId: 0,conID: 2 locID: 102813652886290521 bcsId: 0,conID: 3 locID: 102813652897300570 bcsId: 0,conID: 1 locID: 102813652900905051 bcsId: 0,conID: 2 locID: 102813652904968284 bcsId: 0,conID: 3 locID: 102813652908376157 bcsId: 0,conID: 1 locID: 102813652911652958 bcsId: 0,conID: 2 locID: 102813652926398559 bcsId: 0,conID: 3 locID: 102813652930003040 bcsId: 0,conID: 1 locID: 102813652933476449 bcsId: 0,conID: 2 locID: 102813652936949858 bcsId: 0,conID: 3 locID: 102813652940226659 bcsId: 0,conID: 1 locID: 102813652943568996 bcsId: 0,conID: 2 locID: 102813652952875109 bcsId: 0,conID: 3 locID: 102813652956479590 bcsId: 0,conID: 1 locID: 102813652959756391 bcsId: 0,conID: 2 locID: 102813652963754088 bcsId: 0,conID: 3 locID: 102813652972011625 bcsId: 0,conID: 1 locID: 102813652982300778 bcsId: 0,conID: 2 locID: 102813652985839723 bcsId: 0,conID: 3 locID: 102813652989182060 bcsId: 0,conID: 1 locID: 102813652992327789 bcsId: 0,conID: 2 locID: 102813652995604590 bcsId: 0,conID: 3 locID: 102813652998946927 bcsId: 0,conID: 1 locID: 102813653015396464 bcsId: 0,conID: 2 locID: 102813653018673265 bcsId: 0,conID: 3 locID: 102813653046526066 bcsId: 0,conID: 1 locID: 102813653049737331 bcsId: 0,conID: 2 locID: 102813653053210740 bcsId: 0,conID: 3 locID: 102813653056028789 bcsId: 0,conID: 1 locID: 102813653067628662 bcsId: 0,conID: 2 locID: 102813653070512247 bcsId: 0,conID: 3 locID: 102813653074641016 bcsId: 0,conID: 1 locID: 102813653078114425 bcsId: 0,conID: 2 locID: 102813653081522298 bcsId: 0,conID: 3 locID: 102813653101445243 bcsId: 0,conID: 1 locID: 102813653104918652 bcsId: 0,conID: 2 locID: 102813653109637245 bcsId: 0,conID: 3 locID: 102813653113438334 bcsId: 0,conID: 1 locID: 102813653116715135 bcsId: 0,conID: 2 locID: 102813653120581760 bcsId: 0,conID: 3 locID: 102813653132378241 bcsId: 0,conID: 1 locID: 102813653136638082 bcsId: 0,conID: 2 locID: 102813653148172419 bcsId: 0,conID: 3 locID: 102813653151580292 bcsId: 0,conID: 1 locID: 102813653154857093 bcsId: 0,conID: 2 locID: 102813653164097670 bcsId: 0,conID: 3 locID: 102813653167440007 bcsId: 0,conID: 1 locID: 102813653170520200 bcsId: 0,conID: 2 locID: 102813653173403785 bcsId: 0,conID: 3 locID: 102813653176746122 bcsId: 0,conID: 1 locID: 102813653180416139 bcsId: 0,conID: 2 locID: 102813653196669068 bcsId: 0,conID: 3 locID: 102813653199814797 bcsId: 0,conID: 1 locID: 102813653202960526 bcsId: 0,conID: 2 locID: 102813653206106255 bcsId: 0,conID: 3 locID: 102813653209514128 bcsId: 0,conID: 1 locID: 102813653217443985 bcsId: 0,conID: 2 locID: 102813653220851858 bcsId: 0,conID: 3 locID: 102813653223800979 bcsId: 0,conID: 1 locID: 102813653226750100 bcsId: 0,conID: 2 locID: 102813653234942101 bcsId: 0,conID: 3 locID: 102813653238874262 bcsId: 0,conID: 1 locID: 102813653249360023 bcsId: 0,conID: 2 locID: 102813653252243608 bcsId: 0,conID: 3 locID: 102813653254799513 bcsId: 0,conID: 1 locID: 102813653256765594 bcsId: 0,conID: 2 locID: 102813653258993819 bcsId: 0,conID: 3 locID: 102813653268824220 bcsId: 0,conID: 1 locID: 102813653277147293 bcsId: 0,conID: 2 locID: 102813653279244446 bcsId: 0,conID: 3 locID: 102813653281210527 bcsId: 0,conID: 1 locID: 102813653283242144 bcsId: 0,conID: 2 locID: 102813653286256801 bcsId: 0,conID: 3 locID: 102813653295038626 bcsId: 0,conID: 1 locID: 102813653297004707 bcsId: 0,conID: 2 locID: 102813653298905252 bcsId: 0,conID: 3 locID: 102813653300740261 bcsId: 0,conID: 1 locID: 102813653303689382 bcsId: 0,conID: 2 locID: 102813653318959271 bcsId: 0,conID: 3 locID: 102813653322236072 bcsId: 0,conID: 1 locID: 102813653325381801 bcsId: 0,conID: 2 locID: 102813653327282346 bcsId: 0,conID: 3 locID: 102813653329117355 bcsId: 0,conID: 1 locID: 102813653330952364 bcsId: 0,conID: 2 locID: 102813653341765805 bcsId: 0,conID: 3 locID: 102813653345108142 bcsId: 0,conID: 1 locID: 102813653353431215 bcsId: 0,conID: 2 locID: 102813653357101232 bcsId: 0,conID: 3 locID: 102813654023143601 bcsId: 0,conID: 1 locID: 102813654038282418 bcsId: 0,conID: 2 locID: 102813654043852979 bcsId: 0,conID: 3 locID: 102813654047981748 bcsId: 0,conID: 1 locID: 102813654051979445 bcsId: 0,conID: 2 locID: 102813654055649462 bcsId: 0,conID: 3 locID: 102813654059450551 bcsId: 0,conID: 1 locID: 102813654077079736 bcsId: 0,conID: 2 locID: 102813654080749753 bcsId: 0,conID: 3 locID: 102813654084354234 bcsId: 0,conID: 1 locID: 102813654088548539 bcsId: 0,conID: 2 locID: 102813654092021948 bcsId: 0,conID: 3 locID: 102813654101459133 bcsId: 0,conID: 1 locID: 102813654104998078 bcsId: 0,conID: 2 locID: 102813654115287231 bcsId: 0,conID: 3 locID: 102813654118760640 bcsId: 0,conID: 1 locID: 102813654122102977 bcsId: 0,conID: 2 locID: 102813654125379778 bcsId: 0,conID: 3 locID: 102813654134292675 bcsId: 0,conID: 1 locID: 102813654137635012 bcsId: 0,conID: 2 locID: 102813654140715205 bcsId: 0,conID: 3 locID: 102813654144123078 bcsId: 0,conID: 1 locID: 102813654147334343 bcsId: 0,conID: 2 locID: 102813654184624328 bcsId: 0,conID: 3 locID: 102813654187966665 bcsId: 0,conID: 1 locID: 102813654191046858 bcsId: 0,conID: 2 locID: 102813654194323659 bcsId: 0,conID: 3 locID: 102813654198124748 bcsId: 0,conID: 1 locID: 102813654201270477 bcsId: 0,conID: 2 locID: 102813654211231950 bcsId: 0,conID: 3 locID: 102813654215426255 bcsId: 0,conID: 1 locID: 102813654222110928 bcsId: 0,conID: 2 locID: 102813654225649873 bcsId: 0,conID: 3 locID: 102813654228926674 bcsId: 0,conID: 1 locID: 102813654239674579 bcsId: 0,conID: 2 locID: 102813654243082452 bcsId: 0,conID: 3 locID: 102813654246424789 bcsId: 0,conID: 1 locID: 102813654249570518 bcsId: 0,conID: 2 locID: 102813654253371607 bcsId: 0,conID: 3 locID: 102813654256779480 bcsId: 0,conID: 1 locID: 102813654274343129 bcsId: 0,conID: 2 locID: 102813654277947610 bcsId: 0,conID: 3 locID: 102813654281158875 bcsId: 0,conID: 1 locID: 102813654285484252 bcsId: 0,conID: 2 locID: 102813654289219805 bcsId: 0,conID: 3 locID: 102813654292889822 bcsId: 0,conID: 1 locID: 102813654303441119 bcsId: 0,conID: 2 locID: 102813654307307744 bcsId: 0,conID: 3 locID: 102813654310846689 bcsId: 0,conID: 1 locID: 102813654314320098 bcsId: 0,conID: 2 locID: 102813654341976291 bcsId: 0,conID: 3 locID: 102813654361440484 bcsId: 0,conID: 1 locID: 102813654365044965 bcsId: 0,conID: 2 locID: 102813654368452838 bcsId: 0,conID: 3 locID: 102813654371598567 bcsId: 0,conID: 1 locID: 102813654374744296 bcsId: 0,conID: 2 locID: 102813654377627881 bcsId: 0,conID: 3 locID: 102813654386671850 bcsId: 0,conID: 1 locID: 102813654389686507 bcsId: 0,conID: 2 locID: 102813654392766700 bcsId: 0,conID: 3 locID: 102813654395912429 bcsId: 0,conID: 1 locID: 102813654399451374 bcsId: 0,conID: 2 locID: 102813654417998063 bcsId: 0,conID: 3 locID: 102813654421340400 bcsId: 0,conID: 1 locID: 102813654424420593 bcsId: 0,conID: 2 locID: 102813654428287218 bcsId: 0,conID: 3 locID: 102813654431432947 bcsId: 0,conID: 1 locID: 102813654434709748 bcsId: 0,conID: 2 locID: 102813654448144629 bcsId: 0,conID: 3 locID: 102813654452338934 bcsId: 0,conID: 1 locID: 102813654456533239 bcsId: 0,conID: 2 locID: 102813654460793080 bcsId: 0,conID: 3 locID: 102813654464856313 bcsId: 0,conID: 1 locID: 102813654485893370 bcsId: 0,conID: 2 locID: 102813654489628923 bcsId: 0,conID: 3 locID: 102813654493561084 bcsId: 0,conID: 1 locID: 102813654497231101 bcsId: 0,conID: 2 locID: 102813654500770046 bcsId: 0,conID: 3 locID: 102813654504964351 bcsId: 0,conID: 1 locID: 102813654514598144 bcsId: 0,conID: 2 locID: 102813654518202625 bcsId: 0,conID: 3 locID: 102813654521610498 bcsId: 0,conID: 1 locID: 102813654525804803 bcsId: 0,conID: 2 locID: 102813654529147140 bcsId: 0,conID: 3 locID: 102813654547693829 bcsId: 0,conID: 1 locID: 102813654551757062 bcsId: 0,conID: 2 locID: 102813654555427079 bcsId: 0,conID: 3 locID: 102813654558703880 bcsId: 0,conID: 1 locID: 102813654562373897 bcsId: 0,conID: 2 locID: 102813654566502666 bcsId: 0,conID: 3 locID: 102813654577774859 bcsId: 0,conID: 1 locID: 102813654581510412 bcsId: 0,conID: 2 locID: 102813654585966861 bcsId: 0,conID: 3 locID: 102813654589702414 bcsId: 0,conID: 1 locID: 102813654593765647 bcsId: 0,conID: 2 locID: 102813654613360912 bcsId: 0,conID: 3 locID: 102813654616834321 bcsId: 0,conID: 1 locID: 102813654620307730 bcsId: 0,conID: 2 locID: 102813654623715603 bcsId: 0,conID: 3 locID: 102813654627254548 bcsId: 0,conID: 1 locID: 102813654630531349 bcsId: 0,conID: 2 locID: 102813654640558358 bcsId: 0,conID: 3 locID: 102813654643835159 bcsId: 0,conID: 1 locID: 102813654647505176 bcsId: 0,conID: 2 locID: 102813654651568409 bcsId: 0,conID: 3 locID: 102813654654976282 bcsId: 0,conID: 1 locID: 102813654674637083 bcsId: 0,conID: 2 locID: 102813654678241564 bcsId: 0,conID: 3 locID: 102813654681059613 bcsId: 0,conID: 1 locID: 102813654684336414 bcsId: 0,conID: 2 locID: 102813654687482143 bcsId: 0,conID: 3 locID: 102813654690955552 bcsId: 0,conID: 1 locID: 102813654702555425 bcsId: 0,conID: 2 locID: 102813654706553122 bcsId: 0,conID: 3 locID: 102813654710419747 bcsId: 0,conID: 1 locID: 102813654714089764 bcsId: 0,conID: 2 locID: 102813654717432101 bcsId: 0,conID: 3 locID: 102813654738075942 bcsId: 0,conID: 1 locID: 102813654741942567 bcsId: 0,conID: 2 locID: 102813654745874728 bcsId: 0,conID: 3 locID: 102813654749282601 bcsId: 0,conID: 1 locID: 102813654752559402 bcsId: 0,conID: 2 locID: 102813654756753707 bcsId: 0,conID: 3 locID: 102813654765797676 bcsId: 0,conID: 1 locID: 102813654769729837 bcsId: 0,conID: 2 locID: 102813654773596462 bcsId: 0,conID: 3 locID: 102813654777135407 bcsId: 0,conID: 1 locID: 102813654780674352 bcsId: 0,conID: 2 locID: 102813654790046001 bcsId: 0,conID: 3 locID: 102813654794174770 bcsId: 0,conID: 1 locID: 102813654798762291 bcsId: 0,conID: 2 locID: 102813654809510196 bcsId: 0,conID: 3 locID: 102813654813507893 bcsId: 0,conID: 1 locID: 102813654816784694 bcsId: 0,conID: 2 locID: 102813654825763127 bcsId: 0,conID: 3 locID: 102813654829171000 bcsId: 0,conID: 1 locID: 102813654832972089 bcsId: 0,conID: 2 locID: 102813654836511034 bcsId: 0,conID: 3 locID: 102813654839918907 bcsId: 0,conID: 1 locID: 102813654849093948 bcsId: 0,conID: 2 locID: 102813654851846461 bcsId: 0,conID: 3 locID: 102813654854664510 bcsId: 0,conID: 1 locID: 102813654857875775 bcsId: 0,conID: 2 locID: 102813654861021504 bcsId: 0,conID: 3 locID: 102813654871245121 bcsId: 0,conID: 1 locID: 102813654881796418 bcsId: 0,conID: 2 locID: 102813654885138755 bcsId: 0,conID: 3 locID: 102813654889005380 bcsId: 0,conID: 1 locID: 102813654892085573 bcsId: 0,conID: 2 locID: 102813654895362374 bcsId: 0,conID: 3 locID: 102813654898704711 bcsId: 0,conID: 1 locID: 102813654908993864 bcsId: 0,conID: 2 locID: 102813654912336201 bcsId: 0,conID: 3 locID: 102813654915940682 bcsId: 0,conID: 1 locID: 102813654919348555 bcsId: 0,conID: 2 locID: 102813654922887500 bcsId: 0,conID: 3 locID: 102813654939205965 bcsId: 0,conID: 1 locID: 102813654942548302 bcsId: 0,conID: 2 locID: 102813654945890639 bcsId: 0,conID: 3 locID: 102813654949888336 bcsId: 0,conID: 1 locID: 102813654953754961 bcsId: 0,conID: 2 locID: 102813654957097298 bcsId: 0,conID: 3 locID: 102813654967779667 bcsId: 0,conID: 1 locID: 102813654970532180 bcsId: 0,conID: 2 locID: 102813654973808981 bcsId: 0,conID: 3 locID: 102813654977216854 bcsId: 0,conID: 1 locID: 102813654980690263 bcsId: 0,conID: 2 locID: 102813654997467480 bcsId: 0,conID: 3 locID: 102813655001268569 bcsId: 0,conID: 1 locID: 102813655004741978 bcsId: 0,conID: 2 locID: 102813655008346459 bcsId: 0,conID: 3 locID: 102813655011885404 bcsId: 0,conID: 1 locID: 102813655015358813 bcsId: 0,conID: 2 locID: 102813655024927070 bcsId: 0,conID: 3 locID: 102813655028531551 bcsId: 0,conID: 1 locID: 102813655032070496 bcsId: 0,conID: 2 locID: 102813655035412833 bcsId: 0,conID: 3 locID: 102813655039148386 bcsId: 0,conID: 1 locID: 102813655061299555 bcsId: 0,conID: 2 locID: 102813655064772964 bcsId: 0,conID: 3 locID: 102813655068115301 bcsId: 0,conID: 1 locID: 102813655071457638 bcsId: 0,conID: 2 locID: 102813655075324263 bcsId: 0,conID: 3 locID: 102813655079059816 bcsId: 0,conID: 1 locID: 102813655090397545 bcsId: 0,conID: 2 locID: 102813655094198634 bcsId: 0,conID: 3 locID: 102813655097540971 bcsId: 0,conID: 1 locID: 102813655101276524 bcsId: 0,conID: 2 locID: 102813655104618861 bcsId: 0,conID: 3 locID: 102813655119888750 bcsId: 0,conID: 1 locID: 102813655123493231 bcsId: 0,conID: 2 locID: 102813655127490928 bcsId: 0,conID: 3 locID: 102813655130767729 bcsId: 0,conID: 1 locID: 102813655134175602 bcsId: 0,conID: 2 locID: 102813655137452403 bcsId: 0,conID: 3 locID: 102813655147151732 bcsId: 0,conID: 1 locID: 102813655151214965 bcsId: 0,conID: 2 locID: 102813655154229622 bcsId: 0,conID: 3 locID: 102813655157375351 bcsId: 0,conID: 1 locID: 102813655160848760 bcsId: 0,conID: 2 locID: 102813655175725433 bcsId: 0,conID: 3 locID: 102813655179133306 bcsId: 0,conID: 1 locID: 102813655181230459 bcsId: 0,conID: 2 locID: 102813655183982972 bcsId: 0,conID: 3 locID: 102813655207641469 bcsId: 0,conID: 1 locID: 102813655334650238 bcsId: 0,conID: 2 locID: 102813655347495295 bcsId: 0,conID: 3 locID: 102813655352213888 bcsId: 0,conID: 1 locID: 102813655357129089 bcsId: 0,conID: 2 locID: 102813655361651074 bcsId: 0,conID: 3 locID: 102813655368335747 bcsId: 0,conID: 1 locID: 102813655384392068 bcsId: 0,conID: 2 locID: 102813655390421381 bcsId: 0,conID: 3 locID: 102813655396188550 bcsId: 0,conID: 1 locID: 102813655402807687 bcsId: 0,conID: 2 locID: 102813655406084488 bcsId: 0,conID: 3 locID: 102813655409885577 bcsId: 0,conID: 1 locID: 102813655421878666 bcsId: 0,conID: 2 locID: 102813655429480843 bcsId: 0,conID: 3 locID: 102813655432888716 bcsId: 0,conID: 1 locID: 102813655436296589 bcsId: 0,conID: 2 locID: 102813655441539470 bcsId: 0,conID: 3 locID: 102813655455760783 bcsId: 0,conID: 1 locID: 102813655458906512 bcsId: 0,conID: 2 locID: 102813655461527953 bcsId: 0,conID: 3 locID: 102813655464935826 bcsId: 0,conID: 1 locID: 102813655467950483 bcsId: 0,conID: 2 locID: 102813655470899604 bcsId: 0,conID: 3 locID: 102813655481516437 bcsId: 0,conID: 1 locID: 102813655485055382 bcsId: 0,conID: 2 locID: 102813655487611287 bcsId: 0,conID: 3 locID: 102813655490494872 bcsId: 0,conID: 1 locID: 102813655493378457 bcsId: 0,conID: 2 locID: 102813655508844954 bcsId: 0,conID: 3 locID: 102813655512187291 bcsId: 0,conID: 1 locID: 102813655515660700 bcsId: 0,conID: 2 locID: 102813655519461789 bcsId: 0,conID: 3 locID: 102813655522935198 bcsId: 0,conID: 1 locID: 102813655524966815 bcsId: 0,conID: 2 locID: 102813655533158816 bcsId: 0,conID: 3 locID: 102813655534862753 bcsId: 0,conID: 1 locID: 102813655538663842 bcsId: 0,conID: 2 locID: 102813655541547427 bcsId: 0,conID: 3 locID: 102813655544758692 bcsId: 0,conID: 1 locID: 102813655553933733 bcsId: 0,conID: 2 locID: 102813655595221414 bcsId: 0,conID: 3 locID: 102813655598694823 bcsId: 0,conID: 1 locID: 102813655601578408 bcsId: 0,conID: 2 locID: 102813655604986281 bcsId: 0,conID: 3 locID: 102813655608263082 bcsId: 0,conID: 1 locID: 102813655617831339 bcsId: 0,conID: 2 locID: 102813655621501356 bcsId: 0,conID: 3 locID: 102813655625040301 bcsId: 0,conID: 1 locID: 102813655628317102 bcsId: 0,conID: 2 locID: 102813655631462831 bcsId: 0,conID: 3 locID: 102813655640441264 bcsId: 0,conID: 1 locID: 102813655649419697 bcsId: 0,conID: 2 locID: 102813655657546162 bcsId: 0,conID: 3 locID: 102813655662002611 bcsId: 0,conID: 1 locID: 102813655665672628 bcsId: 0,conID: 2 locID: 102813655669277109 bcsId: 0,conID: 3 locID: 102813655680549302 bcsId: 0,conID: 1 locID: 102813655684088247 bcsId: 0,conID: 2 locID: 102813655687365048 bcsId: 0,conID: 3 locID: 102813655690641849 bcsId: 0,conID: 1 locID: 102813655694311866 bcsId: 0,conID: 2 locID: 102813655697260987 bcsId: 0,conID: 3 locID: 102813655708139964 bcsId: 0,conID: 1 locID: 102813655711220157 bcsId: 0,conID: 2 locID: 102813655714693566 bcsId: 0,conID: 3 locID: 102813655723868607 bcsId: 0,conID: 1 locID: 102813655727473088 bcsId: 0,conID: 2 locID: 102813655737827777 bcsId: 0,conID: 3 locID: 102813655741104578 bcsId: 0,conID: 1 locID: 102813655745233347 bcsId: 0,conID: 2 locID: 102813655748706756 bcsId: 0,conID: 3 locID: 102813655751786949 bcsId: 0,conID: 1 locID: 102813655755063750 bcsId: 0,conID: 2 locID: 102813655765549511 bcsId: 0,conID: 3 locID: 102813655768957384 bcsId: 0,conID: 1 locID: 102813655772430793 bcsId: 0,conID: 2 locID: 102813655776166346 bcsId: 0,conID: 3 locID: 102813655788552651 bcsId: 0,conID: 1 locID: 102813655801004492 bcsId: 0,conID: 2 locID: 102813655805198797 bcsId: 0,conID: 3 locID: 102813655809262030 bcsId: 0,conID: 1 locID: 102813655813194191 bcsId: 0,conID: 2 locID: 102813655816274384 bcsId: 0,conID: 3 locID: 102813655819944401 bcsId: 0,conID: 1 locID: 102813655833117138 bcsId: 0,conID: 2 locID: 102813655837573587 bcsId: 0,conID: 3 locID: 102813655841702356 bcsId: 0,conID: 1 locID: 102813655846617557 bcsId: 0,conID: 2 locID: 102813655850811862 bcsId: 0,conID: 3 locID: 102813655873094103 bcsId: 0,conID: 1 locID: 102813655877026264 bcsId: 0,conID: 2 locID: 102813655880761817 bcsId: 0,conID: 3 locID: 102813655885021658 bcsId: 0,conID: 1 locID: 102813655889281499 bcsId: 0,conID: 2 locID: 102813655892951516 bcsId: 0,conID: 3 locID: 102813655904485853 bcsId: 0,conID: 1 locID: 102813655908352478 bcsId: 0,conID: 2 locID: 102813655912546783 bcsId: 0,conID: 3 locID: 102813655916282336 bcsId: 0,conID: 1 locID: 102813655920411105 bcsId: 0,conID: 2 locID: 102813655942824418 bcsId: 0,conID: 3 locID: 102813655947018723 bcsId: 0,conID: 1 locID: 102813655951016420 bcsId: 0,conID: 2 locID: 102813655955079653 bcsId: 0,conID: 3 locID: 102813655958880742 bcsId: 0,conID: 1 locID: 102813655962092007 bcsId: 0,conID: 2 locID: 102813655973298664 bcsId: 0,conID: 3 locID: 102813655977034217 bcsId: 0,conID: 1 locID: 102813655985226218 bcsId: 0,conID: 2 locID: 102813655989158379 bcsId: 0,conID: 3 locID: 102813655992959468 bcsId: 0,conID: 1 locID: 102813656011178477 bcsId: 0,conID: 2 locID: 102813656014979566 bcsId: 0,conID: 3 locID: 102813656018780655 bcsId: 0,conID: 1 locID: 102813656021795312 bcsId: 0,conID: 2 locID: 102813656025530865 bcsId: 0,conID: 3 locID: 102813656028873202 bcsId: 0,conID: 1 locID: 102813656038769139 bcsId: 0,conID: 2 locID: 102813656042242548 bcsId: 0,conID: 3 locID: 102813656046240245 bcsId: 0,conID: 1 locID: 102813656050106870 bcsId: 0,conID: 2 locID: 102813656053973495 bcsId: 0,conID: 3 locID: 102813656070554104 bcsId: 0,conID: 1 locID: 102813656076255737 bcsId: 0,conID: 2 locID: 102813656079729146 bcsId: 0,conID: 3 locID: 102813656083857915 bcsId: 0,conID: 1 locID: 102813656087331324 bcsId: 0,conID: 2 locID: 102813656091132413 bcsId: 0,conID: 3 locID: 102813656102601214 bcsId: 0,conID: 1 locID: 102813656105746943 bcsId: 0,conID: 2 locID: 102813656109482496 bcsId: 0,conID: 3 locID: 102813656113611265 bcsId: 0,conID: 1 locID: 102813656116888066 bcsId: 0,conID: 2 locID: 102813656133403139 bcsId: 0,conID: 3 locID: 102813656137007620 bcsId: 0,conID: 1 locID: 102813656140612101 bcsId: 0,conID: 2 locID: 102813656143757830 bcsId: 0,conID: 3 locID: 102813656147034631 bcsId: 0,conID: 1 locID: 102813656150573576 bcsId: 0,conID: 2 locID: 102813656159945225 bcsId: 0,conID: 3 locID: 102813656163353098 bcsId: 0,conID: 1 locID: 102813656166695435 bcsId: 0,conID: 2 locID: 102813656169906700 bcsId: 0,conID: 3 locID: 102813656172528141 bcsId: 0,conID: 1 locID: 102813656191795726 bcsId: 0,conID: 2 locID: 102813656195400207 bcsId: 0,conID: 3 locID: 102813656197628432 bcsId: 0,conID: 1 locID: 102813656200118801 bcsId: 0,conID: 2 locID: 102813656202674706 bcsId: 0,conID: 3 locID: 102813656205296147 bcsId: 0,conID: 1 locID: 102813656216502804 bcsId: 0,conID: 2 locID: 102813656220172821 bcsId: 0,conID: 3 locID: 102813656223842838 bcsId: 0,conID: 1 locID: 102813656226791959 bcsId: 0,conID: 2 locID: 102813656230789656 bcsId: 0,conID: 3 locID: 102813656249074201 bcsId: 0,conID: 1 locID: 102813656252678682 bcsId: 0,conID: 2 locID: 102813656256086555 bcsId: 0,conID: 3 locID: 102813656259691036 bcsId: 0,conID: 1 locID: 102813656263754269 bcsId: 0,conID: 2 locID: 102813656267293214 bcsId: 0,conID: 3 locID: 102813656276861471 bcsId: 0,conID: 1 locID: 102813656280138272 bcsId: 0,conID: 2 locID: 102813656283546145 bcsId: 0,conID: 3 locID: 102813656287085090 bcsId: 0,conID: 1 locID: 102813656290689571 bcsId: 0,conID: 2 locID: 102813656294294052 bcsId: 0,conID: 3 locID: 102813656455316005 bcsId: 0,conID: 1 locID: 102813656458986022 bcsId: 0,conID: 2 locID: 102813656463049255 bcsId: 0,conID: 3 locID: 102813656466588200 bcsId: 0,conID: 1 locID: 102813656470061609 bcsId: 0
2019-09-18 13:04:57,555 [SCMBlockDeletingService#0] DEBUG block.SCMBlockDeletingService (SCMBlockDeletingService.java:call(138)) - Running DeletedBlockTransactionScanner
2019-09-18 13:04:57,556 [SCMBlockDeletingService#0] DEBUG block.SCMBlockDeletingService (SCMBlockDeletingService.java:call(155)) - Scanned deleted blocks log and got 0 delTX to process.
2019-09-18 13:04:57,656 [SCMBlockDeletingService#0] DEBUG block.SCMBlockDeletingService (SCMBlockDeletingService.java:call(138)) - Running DeletedBlockTransactionScanner
2019-09-18 13:04:57,657 [SCMBlockDeletingService#0] DEBUG block.SCMBlockDeletingService (SCMBlockDeletingService.java:call(155)) - Scanned deleted blocks log and got 0 delTX to process.
2019-09-18 13:04:57,757 [SCMBlockDeletingService#0] DEBUG block.SCMBlockDeletingService (SCMBlockDeletingService.java:call(138)) - Running DeletedBlockTransactionScanner
2019-09-18 13:04:57,758 [SCMBlockDeletingService#0] DEBUG block.SCMBlockDeletingService (SCMBlockDeletingService.java:call(155)) - Scanned deleted blocks log and got 0 delTX to process.
2019-09-18 13:04:57,858 [SCMBlockDeletingService#0] DEBUG block.SCMBlockDeletingService (SCMBlockDeletingService.java:call(138)) - Running DeletedBlockTransactionScanner
2019-09-18 13:04:57,859 [SCMBlockDeletingService#0] DEBUG block.SCMBlockDeletingService (SCMBlockDeletingService.java:call(155)) - Scanned deleted blocks log and got 0 delTX to process.
2019-09-18 13:04:57,959 [SCMBlockDeletingService#0] DEBUG block.SCMBlockDeletingService (SCMBlockDeletingService.java:call(138)) - Running DeletedBlockTransactionScanner
2019-09-18 13:04:57,959 [SCMBlockDeletingService#0] DEBUG block.SCMBlockDeletingService (SCMBlockDeletingService.java:call(155)) - Scanned deleted blocks log and got 0 delTX to process.
2019-09-18 13:04:58,060 [SCMBlockDeletingService#0] DEBUG block.SCMBlockDeletingService (SCMBlockDeletingService.java:call(138)) - Running DeletedBlockTransactionScanner
2019-09-18 13:04:58,060 [SCMBlockDeletingService#0] DEBUG block.SCMBlockDeletingService (SCMBlockDeletingService.java:call(155)) - Scanned deleted blocks log and got 0 delTX to process.
2019-09-18 13:04:58,161 [SCMBlockDeletingService#0] DEBUG block.SCMBlockDeletingService (SCMBlockDeletingService.java:call(138)) - Running DeletedBlockTransactionScanner
2019-09-18 13:04:58,161 [SCMBlockDeletingService#0] DEBUG block.SCMBlockDeletingService (SCMBlockDeletingService.java:call(155)) - Scanned deleted blocks log and got 0 delTX to process.
2019-09-18 13:04:58,262 [SCMBlockDeletingService#0] DEBUG block.SCMBlockDeletingService (SCMBlockDeletingService.java:call(138)) - Running DeletedBlockTransactionScanner
2019-09-18 13:04:58,262 [SCMBlockDeletingService#0] DEBUG block.SCMBlockDeletingService (SCMBlockDeletingService.java:call(155)) - Scanned deleted blocks log and got 0 delTX to process.
2019-09-18 13:04:58,363 [SCMBlockDeletingService#0] DEBUG block.SCMBlockDeletingService (SCMBlockDeletingService.java:call(138)) - Running DeletedBlockTransactionScanner
2019-09-18 13:04:58,363 [SCMBlockDeletingService#0] DEBUG block.SCMBlockDeletingService (SCMBlockDeletingService.java:call(155)) - Scanned deleted blocks log and got 0 delTX to process.
2019-09-18 13:04:58,464 [SCMBlockDeletingService#0] DEBUG block.SCMBlockDeletingService (SCMBlockDeletingService.java:call(138)) - Running DeletedBlockTransactionScanner
2019-09-18 13:04:58,464 [SCMBlockDeletingService#0] DEBUG block.SCMBlockDeletingService (SCMBlockDeletingService.java:call(155)) - Scanned deleted blocks log and got 0 delTX to process.
2019-09-18 13:04:58,565 [SCMBlockDeletingService#0] DEBUG block.SCMBlockDeletingService (SCMBlockDeletingService.java:call(138)) - Running DeletedBlockTransactionScanner
2019-09-18 13:04:58,565 [SCMBlockDeletingService#0] DEBUG block.SCMBlockDeletingService (SCMBlockDeletingService.java:call(155)) - Scanned deleted blocks log and got 0 delTX to process.
2019-09-18 13:04:58,665 [SCMBlockDeletingService#0] DEBUG block.SCMBlockDeletingService (SCMBlockDeletingService.java:call(138)) - Running DeletedBlockTransactionScanner
2019-09-18 13:04:58,666 [SCMBlockDeletingService#0] DEBUG block.SCMBlockDeletingService (SCMBlockDeletingService.java:call(155)) - Scanned deleted blocks log and got 0 delTX to process.
2019-09-18 13:04:58,767 [SCMBlockDeletingService#0] DEBUG block.SCMBlockDeletingService (SCMBlockDeletingService.java:call(138)) - Running DeletedBlockTransactionScanner
2019-09-18 13:04:58,767 [SCMBlockDeletingService#0] DEBUG block.SCMBlockDeletingService (SCMBlockDeletingService.java:call(155)) - Scanned deleted blocks log and got 0 delTX to process.
2019-09-18 13:04:58,868 [SCMBlockDeletingService#0] DEBUG block.SCMBlockDeletingService (SCMBlockDeletingService.java:call(138)) - Running DeletedBlockTransactionScanner
2019-09-18 13:04:58,868 [SCMBlockDeletingService#0] DEBUG block.SCMBlockDeletingService (SCMBlockDeletingService.java:call(155)) - Scanned deleted blocks log and got 0 delTX to process.
2019-09-18 13:04:58,969 [SCMBlockDeletingService#0] DEBUG block.SCMBlockDeletingService (SCMBlockDeletingService.java:call(138)) - Running DeletedBlockTransactionScanner
2019-09-18 13:04:58,969 [SCMBlockDeletingService#0] DEBUG block.SCMBlockDeletingService (SCMBlockDeletingService.java:call(155)) - Scanned deleted blocks log and got 0 delTX to process.
2019-09-18 13:04:59,070 [SCMBlockDeletingService#0] DEBUG block.SCMBlockDeletingService (SCMBlockDeletingService.java:call(138)) - Running DeletedBlockTransactionScanner
2019-09-18 13:04:59,070 [SCMBlockDeletingService#0] DEBUG block.SCMBlockDeletingService (SCMBlockDeletingService.java:call(155)) - Scanned deleted blocks log and got 0 delTX to process.
2019-09-18 13:04:59,171 [SCMBlockDeletingService#0] DEBUG block.SCMBlockDeletingService (SCMBlockDeletingService.java:call(138)) - Running DeletedBlockTransactionScanner
2019-09-18 13:04:59,171 [SCMBlockDeletingService#0] DEBUG block.SCMBlockDeletingService (SCMBlockDeletingService.java:call(155)) - Scanned deleted blocks log and got 0 delTX to process.
2019-09-18 13:04:59,271 [SCMBlockDeletingService#0] DEBUG block.SCMBlockDeletingService (SCMBlockDeletingService.java:call(138)) - Running DeletedBlockTransactionScanner
2019-09-18 13:04:59,272 [SCMBlockDeletingService#0] DEBUG block.SCMBlockDeletingService (SCMBlockDeletingService.java:call(155)) - Scanned deleted blocks log and got 0 delTX to process.
2019-09-18 13:04:59,372 [SCMBlockDeletingService#0] DEBUG block.SCMBlockDeletingService (SCMBlockDeletingService.java:call(138)) - Running DeletedBlockTransactionScanner
2019-09-18 13:04:59,373 [SCMBlockDeletingService#0] DEBUG block.SCMBlockDeletingService (SCMBlockDeletingService.java:call(155)) - Scanned deleted blocks log and got 0 delTX to process.
2019-09-18 13:04:59,473 [SCMBlockDeletingService#0] DEBUG block.SCMBlockDeletingService (SCMBlockDeletingService.java:call(138)) - Running DeletedBlockTransactionScanner
2019-09-18 13:04:59,474 [SCMBlockDeletingService#0] DEBUG block.SCMBlockDeletingService (SCMBlockDeletingService.java:call(155)) - Scanned deleted blocks log and got 0 delTX to process.
2019-09-18 13:04:59,574 [SCMBlockDeletingService#0] DEBUG block.SCMBlockDeletingService (SCMBlockDeletingService.java:call(138)) - Running DeletedBlockTransactionScanner
2019-09-18 13:04:59,575 [SCMBlockDeletingService#0] DEBUG block.SCMBlockDeletingService (SCMBlockDeletingService.java:call(155)) - Scanned deleted blocks log and got 0 delTX to process.
2019-09-18 13:04:59,675 [SCMBlockDeletingService#0] DEBUG block.SCMBlockDeletingService (SCMBlockDeletingService.java:call(138)) - Running DeletedBlockTransactionScanner
2019-09-18 13:04:59,676 [SCMBlockDeletingService#0] DEBUG block.SCMBlockDeletingService (SCMBlockDeletingService.java:call(155)) - Scanned deleted blocks log and got 0 delTX to process.
2019-09-18 13:04:59,776 [SCMBlockDeletingService#0] DEBUG block.SCMBlockDeletingService (SCMBlockDeletingService.java:call(138)) - Running DeletedBlockTransactionScanner
2019-09-18 13:04:59,777 [SCMBlockDeletingService#0] DEBUG block.SCMBlockDeletingService (SCMBlockDeletingService.java:call(155)) - Scanned deleted blocks log and got 0 delTX to process.
2019-09-18 13:04:59,877 [SCMBlockDeletingService#0] DEBUG block.SCMBlockDeletingService (SCMBlockDeletingService.java:call(138)) - Running DeletedBlockTransactionScanner
2019-09-18 13:04:59,878 [SCMBlockDeletingService#0] DEBUG block.SCMBlockDeletingService (SCMBlockDeletingService.java:call(155)) - Scanned deleted blocks log and got 0 delTX to process.
2019-09-18 13:04:59,978 [SCMBlockDeletingService#0] DEBUG block.SCMBlockDeletingService (SCMBlockDeletingService.java:call(138)) - Running DeletedBlockTransactionScanner
2019-09-18 13:04:59,979 [SCMBlockDeletingService#0] DEBUG block.SCMBlockDeletingService (SCMBlockDeletingService.java:call(155)) - Scanned deleted blocks log and got 0 delTX to process.
2019-09-18 13:05:00,079 [SCMBlockDeletingService#0] DEBUG block.SCMBlockDeletingService (SCMBlockDeletingService.java:call(138)) - Running DeletedBlockTransactionScanner
2019-09-18 13:05:00,080 [SCMBlockDeletingService#0] DEBUG block.SCMBlockDeletingService (SCMBlockDeletingService.java:call(155)) - Scanned deleted blocks log and got 0 delTX to process.
2019-09-18 13:05:00,180 [SCMBlockDeletingService#0] DEBUG block.SCMBlockDeletingService (SCMBlockDeletingService.java:call(138)) - Running DeletedBlockTransactionScanner
2019-09-18 13:05:00,181 [SCMBlockDeletingService#0] DEBUG block.SCMBlockDeletingService (SCMBlockDeletingService.java:call(155)) - Scanned deleted blocks log and got 0 delTX to process.
2019-09-18 13:05:00,281 [SCMBlockDeletingService#0] DEBUG block.SCMBlockDeletingService (SCMBlockDeletingService.java:call(138)) - Running DeletedBlockTransactionScanner
2019-09-18 13:05:00,281 [SCMBlockDeletingService#0] DEBUG block.SCMBlockDeletingService (SCMBlockDeletingService.java:call(155)) - Scanned deleted blocks log and got 0 delTX to process.
2019-09-18 13:05:00,382 [SCMBlockDeletingService#0] DEBUG block.SCMBlockDeletingService (SCMBlockDeletingService.java:call(138)) - Running DeletedBlockTransactionScanner
2019-09-18 13:05:00,382 [SCMBlockDeletingService#0] DEBUG block.SCMBlockDeletingService (SCMBlockDeletingService.java:call(155)) - Scanned deleted blocks log and got 0 delTX to process.
2019-09-18 13:05:00,483 [SCMBlockDeletingService#0] DEBUG block.SCMBlockDeletingService (SCMBlockDeletingService.java:call(138)) - Running DeletedBlockTransactionScanner
2019-09-18 13:05:00,483 [SCMBlockDeletingService#0] DEBUG block.SCMBlockDeletingService (SCMBlockDeletingService.java:call(155)) - Scanned deleted blocks log and got 0 delTX to process.
2019-09-18 13:05:00,584 [SCMBlockDeletingService#0] DEBUG block.SCMBlockDeletingService (SCMBlockDeletingService.java:call(138)) - Running DeletedBlockTransactionScanner
2019-09-18 13:05:00,584 [SCMBlockDeletingService#0] DEBUG block.SCMBlockDeletingService (SCMBlockDeletingService.java:call(155)) - Scanned deleted blocks log and got 0 delTX to process.
2019-09-18 13:05:00,685 [SCMBlockDeletingService#0] DEBUG block.SCMBlockDeletingService (SCMBlockDeletingService.java:call(138)) - Running DeletedBlockTransactionScanner
2019-09-18 13:05:00,685 [SCMBlockDeletingService#0] DEBUG block.SCMBlockDeletingService (SCMBlockDeletingService.java:call(155)) - Scanned deleted blocks log and got 0 delTX to process.
2019-09-18 13:05:00,786 [SCMBlockDeletingService#0] DEBUG block.SCMBlockDeletingService (SCMBlockDeletingService.java:call(138)) - Running DeletedBlockTransactionScanner
2019-09-18 13:05:00,786 [SCMBlockDeletingService#0] DEBUG block.SCMBlockDeletingService (SCMBlockDeletingService.java:call(155)) - Scanned deleted blocks log and got 0 delTX to process.
2019-09-18 13:05:00,887 [SCMBlockDeletingService#0] DEBUG block.SCMBlockDeletingService (SCMBlockDeletingService.java:call(138)) - Running DeletedBlockTransactionScanner
2019-09-18 13:05:00,887 [SCMBlockDeletingService#0] DEBUG block.SCMBlockDeletingService (SCMBlockDeletingService.java:call(155)) - Scanned deleted blocks log and got 0 delTX to process.
2019-09-18 13:05:00,987 [SCMBlockDeletingService#0] DEBUG block.SCMBlockDeletingService (SCMBlockDeletingService.java:call(138)) - Running DeletedBlockTransactionScanner
2019-09-18 13:05:00,988 [SCMBlockDeletingService#0] DEBUG block.SCMBlockDeletingService (SCMBlockDeletingService.java:call(155)) - Scanned deleted blocks log and got 0 delTX to process.
2019-09-18 13:05:01,089 [SCMBlockDeletingService#0] DEBUG block.SCMBlockDeletingService (SCMBlockDeletingService.java:call(138)) - Running DeletedBlockTransactionScanner
2019-09-18 13:05:01,089 [SCMBlockDeletingService#0] DEBUG block.SCMBlockDeletingService (SCMBlockDeletingService.java:call(155)) - Scanned deleted blocks log and got 0 delTX to process.
2019-09-18 13:05:01,190 [SCMBlockDeletingService#0] DEBUG block.SCMBlockDeletingService (SCMBlockDeletingService.java:call(138)) - Running DeletedBlockTransactionScanner
2019-09-18 13:05:01,190 [SCMBlockDeletingService#0] DEBUG block.SCMBlockDeletingService (SCMBlockDeletingService.java:call(155)) - Scanned deleted blocks log and got 0 delTX to process.
2019-09-18 13:05:01,290 [SCMBlockDeletingService#0] DEBUG block.SCMBlockDeletingService (SCMBlockDeletingService.java:call(138)) - Running DeletedBlockTransactionScanner
2019-09-18 13:05:01,291 [SCMBlockDeletingService#0] DEBUG block.SCMBlockDeletingService (SCMBlockDeletingService.java:call(155)) - Scanned deleted blocks log and got 0 delTX to process.
2019-09-18 13:05:01,391 [SCMBlockDeletingService#0] DEBUG block.SCMBlockDeletingService (SCMBlockDeletingService.java:call(138)) - Running DeletedBlockTransactionScanner
2019-09-18 13:05:01,392 [SCMBlockDeletingService#0] DEBUG block.SCMBlockDeletingService (SCMBlockDeletingService.java:call(155)) - Scanned deleted blocks log and got 0 delTX to process.
2019-09-18 13:05:01,492 [SCMBlockDeletingService#0] DEBUG block.SCMBlockDeletingService (SCMBlockDeletingService.java:call(138)) - Running DeletedBlockTransactionScanner
2019-09-18 13:05:01,493 [SCMBlockDeletingService#0] DEBUG block.SCMBlockDeletingService (SCMBlockDeletingService.java:call(155)) - Scanned deleted blocks log and got 0 delTX to process.
2019-09-18 13:05:01,593 [SCMBlockDeletingService#0] DEBUG block.SCMBlockDeletingService (SCMBlockDeletingService.java:call(138)) - Running DeletedBlockTransactionScanner
2019-09-18 13:05:01,593 [SCMBlockDeletingService#0] DEBUG block.SCMBlockDeletingService (SCMBlockDeletingService.java:call(155)) - Scanned deleted blocks log and got 0 delTX to process.
2019-09-18 13:05:01,694 [SCMBlockDeletingService#0] DEBUG block.SCMBlockDeletingService (SCMBlockDeletingService.java:call(138)) - Running DeletedBlockTransactionScanner
2019-09-18 13:05:01,694 [SCMBlockDeletingService#0] DEBUG block.SCMBlockDeletingService (SCMBlockDeletingService.java:call(155)) - Scanned deleted blocks log and got 0 delTX to process.
2019-09-18 13:05:01,795 [SCMBlockDeletingService#0] DEBUG block.SCMBlockDeletingService (SCMBlockDeletingService.java:call(138)) - Running DeletedBlockTransactionScanner
2019-09-18 13:05:01,796 [SCMBlockDeletingService#0] DEBUG block.SCMBlockDeletingService (SCMBlockDeletingService.java:call(155)) - Scanned deleted blocks log and got 0 delTX to process.
2019-09-18 13:05:01,896 [SCMBlockDeletingService#0] DEBUG block.SCMBlockDeletingService (SCMBlockDeletingService.java:call(138)) - Running DeletedBlockTransactionScanner
2019-09-18 13:05:01,896 [SCMBlockDeletingService#0] DEBUG block.SCMBlockDeletingService (SCMBlockDeletingService.java:call(155)) - Scanned deleted blocks log and got 0 delTX to process.
2019-09-18 13:05:01,997 [SCMBlockDeletingService#0] DEBUG block.SCMBlockDeletingService (SCMBlockDeletingService.java:call(138)) - Running DeletedBlockTransactionScanner
2019-09-18 13:05:01,997 [SCMBlockDeletingService#0] DEBUG block.SCMBlockDeletingService (SCMBlockDeletingService.java:call(155)) - Scanned deleted blocks log and got 0 delTX to process.
2019-09-18 13:05:02,097 [SCMBlockDeletingService#0] DEBUG block.SCMBlockDeletingService (SCMBlockDeletingService.java:call(138)) - Running DeletedBlockTransactionScanner
2019-09-18 13:05:02,098 [SCMBlockDeletingService#0] DEBUG block.SCMBlockDeletingService (SCMBlockDeletingService.java:call(155)) - Scanned deleted blocks log and got 0 delTX to process.
2019-09-18 13:05:02,198 [SCMBlockDeletingService#0] DEBUG block.SCMBlockDeletingService (SCMBlockDeletingService.java:call(138)) - Running DeletedBlockTransactionScanner
2019-09-18 13:05:02,199 [SCMBlockDeletingService#0] DEBUG block.SCMBlockDeletingService (SCMBlockDeletingService.java:call(155)) - Scanned deleted blocks log and got 0 delTX to process.
2019-09-18 13:05:02,299 [SCMBlockDeletingService#0] DEBUG block.SCMBlockDeletingService (SCMBlockDeletingService.java:call(138)) - Running DeletedBlockTransactionScanner
2019-09-18 13:05:02,300 [SCMBlockDeletingService#0] DEBUG block.SCMBlockDeletingService (SCMBlockDeletingService.java:call(155)) - Scanned deleted blocks log and got 0 delTX to process.
2019-09-18 13:05:02,400 [SCMBlockDeletingService#0] DEBUG block.SCMBlockDeletingService (SCMBlockDeletingService.java:call(138)) - Running DeletedBlockTransactionScanner
2019-09-18 13:05:02,405 [SCMBlockDeletingService#0] DEBUG block.SCMBlockDeletingService (SCMBlockDeletingService.java:call(155)) - Scanned deleted blocks log and got 3 delTX to process.
2019-09-18 13:05:02,414 [SCMBlockDeletingService#0] DEBUG block.SCMBlockDeletingService (SCMBlockDeletingService.java:call(171)) - Added delete block command for datanode dd0a3b65-d36c-4f93-b232-3c8e6f6667b6 in the queue, number of delete block transactions: 3, TxID list: 1,2,3
2019-09-18 13:05:02,415 [SCMBlockDeletingService#0] INFO  block.SCMBlockDeletingService (SCMBlockDeletingService.java:call(182)) - Totally added 3 delete blocks command for 1 datanodes, task elapsed time: 15ms
2019-09-18 13:05:02,516 [SCMBlockDeletingService#0] DEBUG block.SCMBlockDeletingService (SCMBlockDeletingService.java:call(138)) - Running DeletedBlockTransactionScanner
2019-09-18 13:05:02,516 [SCMBlockDeletingService#0] DEBUG block.SCMBlockDeletingService (SCMBlockDeletingService.java:call(155)) - Scanned deleted blocks log and got 3 delTX to process.
2019-09-18 13:05:02,517 [SCMBlockDeletingService#0] DEBUG block.SCMBlockDeletingService (SCMBlockDeletingService.java:call(171)) - Added delete block command for datanode dd0a3b65-d36c-4f93-b232-3c8e6f6667b6 in the queue, number of delete block transactions: 3, TxID list: 1,2,3
2019-09-18 13:05:02,517 [SCMBlockDeletingService#0] INFO  block.SCMBlockDeletingService (SCMBlockDeletingService.java:call(182)) - Totally added 3 delete blocks command for 1 datanodes, task elapsed time: 1ms
2019-09-18 13:05:02,519 [Datanode State Machine Thread - 0] INFO  statemachine.DatanodeStateMachine (DatanodeStateMachine.java:lambda$startDaemon$0(350)) - Ozone container server started.
2019-09-18 13:05:02,618 [SCMBlockDeletingService#0] DEBUG block.SCMBlockDeletingService (SCMBlockDeletingService.java:call(138)) - Running DeletedBlockTransactionScanner
2019-09-18 13:05:02,618 [SCMBlockDeletingService#0] DEBUG block.SCMBlockDeletingService (SCMBlockDeletingService.java:call(155)) - Scanned deleted blocks log and got 3 delTX to process.
2019-09-18 13:05:02,618 [SCMBlockDeletingService#0] DEBUG block.SCMBlockDeletingService (SCMBlockDeletingService.java:call(171)) - Added delete block command for datanode dd0a3b65-d36c-4f93-b232-3c8e6f6667b6 in the queue, number of delete block transactions: 3, TxID list: 1,2,3
2019-09-18 13:05:02,619 [SCMBlockDeletingService#0] INFO  block.SCMBlockDeletingService (SCMBlockDeletingService.java:call(182)) - Totally added 3 delete blocks command for 1 datanodes, task elapsed time: 1ms
2019-09-18 13:05:02,719 [SCMBlockDeletingService#0] DEBUG block.SCMBlockDeletingService (SCMBlockDeletingService.java:call(138)) - Running DeletedBlockTransactionScanner
2019-09-18 13:05:02,720 [SCMBlockDeletingService#0] DEBUG block.SCMBlockDeletingService (SCMBlockDeletingService.java:call(155)) - Scanned deleted blocks log and got 3 delTX to process.
2019-09-18 13:05:02,720 [SCMBlockDeletingService#0] DEBUG block.SCMBlockDeletingService (SCMBlockDeletingService.java:call(171)) - Added delete block command for datanode dd0a3b65-d36c-4f93-b232-3c8e6f6667b6 in the queue, number of delete block transactions: 3, TxID list: 1,2,3
2019-09-18 13:05:02,720 [SCMBlockDeletingService#0] INFO  block.SCMBlockDeletingService (SCMBlockDeletingService.java:call(182)) - Totally added 3 delete blocks command for 1 datanodes, task elapsed time: 1ms
2019-09-18 13:05:02,821 [SCMBlockDeletingService#0] DEBUG block.SCMBlockDeletingService (SCMBlockDeletingService.java:call(138)) - Running DeletedBlockTransactionScanner
2019-09-18 13:05:02,821 [SCMBlockDeletingService#0] DEBUG block.SCMBlockDeletingService (SCMBlockDeletingService.java:call(155)) - Scanned deleted blocks log and got 3 delTX to process.
2019-09-18 13:05:02,821 [SCMBlockDeletingService#0] DEBUG block.SCMBlockDeletingService (SCMBlockDeletingService.java:call(171)) - Added delete block command for datanode dd0a3b65-d36c-4f93-b232-3c8e6f6667b6 in the queue, number of delete block transactions: 3, TxID list: 1,2,3
2019-09-18 13:05:02,822 [SCMBlockDeletingService#0] INFO  block.SCMBlockDeletingService (SCMBlockDeletingService.java:call(182)) - Totally added 3 delete blocks command for 1 datanodes, task elapsed time: 1ms
2019-09-18 13:05:02,922 [SCMBlockDeletingService#0] DEBUG block.SCMBlockDeletingService (SCMBlockDeletingService.java:call(138)) - Running DeletedBlockTransactionScanner
2019-09-18 13:05:02,923 [SCMBlockDeletingService#0] DEBUG block.SCMBlockDeletingService (SCMBlockDeletingService.java:call(155)) - Scanned deleted blocks log and got 3 delTX to process.
2019-09-18 13:05:02,923 [SCMBlockDeletingService#0] DEBUG block.SCMBlockDeletingService (SCMBlockDeletingService.java:call(171)) - Added delete block command for datanode dd0a3b65-d36c-4f93-b232-3c8e6f6667b6 in the queue, number of delete block transactions: 3, TxID list: 1,2,3
2019-09-18 13:05:02,924 [SCMBlockDeletingService#0] INFO  block.SCMBlockDeletingService (SCMBlockDeletingService.java:call(182)) - Totally added 3 delete blocks command for 1 datanodes, task elapsed time: 1ms
2019-09-18 13:05:03,024 [SCMBlockDeletingService#0] DEBUG block.SCMBlockDeletingService (SCMBlockDeletingService.java:call(138)) - Running DeletedBlockTransactionScanner
2019-09-18 13:05:03,025 [SCMBlockDeletingService#0] DEBUG block.SCMBlockDeletingService (SCMBlockDeletingService.java:call(155)) - Scanned deleted blocks log and got 3 delTX to process.
2019-09-18 13:05:03,025 [SCMBlockDeletingService#0] DEBUG block.SCMBlockDeletingService (SCMBlockDeletingService.java:call(171)) - Added delete block command for datanode dd0a3b65-d36c-4f93-b232-3c8e6f6667b6 in the queue, number of delete block transactions: 3, TxID list: 1,2,3
2019-09-18 13:05:03,025 [SCMBlockDeletingService#0] INFO  block.SCMBlockDeletingService (SCMBlockDeletingService.java:call(182)) - Totally added 3 delete blocks command for 1 datanodes, task elapsed time: 1ms
2019-09-18 13:05:03,126 [SCMBlockDeletingService#0] DEBUG block.SCMBlockDeletingService (SCMBlockDeletingService.java:call(138)) - Running DeletedBlockTransactionScanner
2019-09-18 13:05:03,126 [SCMBlockDeletingService#0] DEBUG block.SCMBlockDeletingService (SCMBlockDeletingService.java:call(155)) - Scanned deleted blocks log and got 3 delTX to process.
2019-09-18 13:05:03,126 [SCMBlockDeletingService#0] DEBUG block.SCMBlockDeletingService (SCMBlockDeletingService.java:call(171)) - Added delete block command for datanode dd0a3b65-d36c-4f93-b232-3c8e6f6667b6 in the queue, number of delete block transactions: 3, TxID list: 1,2,3
2019-09-18 13:05:03,127 [SCMBlockDeletingService#0] INFO  block.SCMBlockDeletingService (SCMBlockDeletingService.java:call(182)) - Totally added 3 delete blocks command for 1 datanodes, task elapsed time: 1ms
2019-09-18 13:05:03,227 [SCMBlockDeletingService#0] DEBUG block.SCMBlockDeletingService (SCMBlockDeletingService.java:call(138)) - Running DeletedBlockTransactionScanner
2019-09-18 13:05:03,228 [SCMBlockDeletingService#0] DEBUG block.SCMBlockDeletingService (SCMBlockDeletingService.java:call(155)) - Scanned deleted blocks log and got 3 delTX to process.
2019-09-18 13:05:03,228 [SCMBlockDeletingService#0] DEBUG block.SCMBlockDeletingService (SCMBlockDeletingService.java:call(171)) - Added delete block command for datanode dd0a3b65-d36c-4f93-b232-3c8e6f6667b6 in the queue, number of delete block transactions: 3, TxID list: 1,2,3
2019-09-18 13:05:03,228 [SCMBlockDeletingService#0] INFO  block.SCMBlockDeletingService (SCMBlockDeletingService.java:call(182)) - Totally added 3 delete blocks command for 1 datanodes, task elapsed time: 1ms
2019-09-18 13:05:03,329 [SCMBlockDeletingService#0] DEBUG block.SCMBlockDeletingService (SCMBlockDeletingService.java:call(138)) - Running DeletedBlockTransactionScanner
2019-09-18 13:05:03,329 [SCMBlockDeletingService#0] DEBUG block.SCMBlockDeletingService (SCMBlockDeletingService.java:call(155)) - Scanned deleted blocks log and got 3 delTX to process.
2019-09-18 13:05:03,330 [SCMBlockDeletingService#0] DEBUG block.SCMBlockDeletingService (SCMBlockDeletingService.java:call(171)) - Added delete block command for datanode dd0a3b65-d36c-4f93-b232-3c8e6f6667b6 in the queue, number of delete block transactions: 3, TxID list: 1,2,3
2019-09-18 13:05:03,330 [SCMBlockDeletingService#0] INFO  block.SCMBlockDeletingService (SCMBlockDeletingService.java:call(182)) - Totally added 3 delete blocks command for 1 datanodes, task elapsed time: 2ms
2019-09-18 13:05:03,417 [pool-7-thread-1] INFO  commands.RetriableDatanodeEventWatcher (RetriableDatanodeEventWatcher.java:onTimeout(47)) - RetriableDatanodeCommand type=deleteBlocksCommand with id=1568811902413 timed out. Retrying.
2019-09-18 13:05:03,430 [SCMBlockDeletingService#0] DEBUG block.SCMBlockDeletingService (SCMBlockDeletingService.java:call(138)) - Running DeletedBlockTransactionScanner
2019-09-18 13:05:03,431 [SCMBlockDeletingService#0] DEBUG block.SCMBlockDeletingService (SCMBlockDeletingService.java:call(155)) - Scanned deleted blocks log and got 3 delTX to process.
2019-09-18 13:05:03,431 [SCMBlockDeletingService#0] DEBUG block.SCMBlockDeletingService (SCMBlockDeletingService.java:call(171)) - Added delete block command for datanode dd0a3b65-d36c-4f93-b232-3c8e6f6667b6 in the queue, number of delete block transactions: 3, TxID list: 1,2,3
2019-09-18 13:05:03,432 [SCMBlockDeletingService#0] INFO  block.SCMBlockDeletingService (SCMBlockDeletingService.java:call(182)) - Totally added 3 delete blocks command for 1 datanodes, task elapsed time: 1ms
2019-09-18 13:05:03,517 [pool-7-thread-1] INFO  commands.RetriableDatanodeEventWatcher (RetriableDatanodeEventWatcher.java:onTimeout(47)) - RetriableDatanodeCommand type=deleteBlocksCommand with id=1568811902414 timed out. Retrying.
2019-09-18 13:05:03,532 [SCMBlockDeletingService#0] DEBUG block.SCMBlockDeletingService (SCMBlockDeletingService.java:call(138)) - Running DeletedBlockTransactionScanner
2019-09-18 13:05:03,532 [SCMBlockDeletingService#0] DEBUG block.SCMBlockDeletingService (SCMBlockDeletingService.java:call(155)) - Scanned deleted blocks log and got 3 delTX to process.
2019-09-18 13:05:03,533 [SCMBlockDeletingService#0] DEBUG block.SCMBlockDeletingService (SCMBlockDeletingService.java:call(171)) - Added delete block command for datanode dd0a3b65-d36c-4f93-b232-3c8e6f6667b6 in the queue, number of delete block transactions: 3, TxID list: 1,2,3
2019-09-18 13:05:03,533 [SCMBlockDeletingService#0] INFO  block.SCMBlockDeletingService (SCMBlockDeletingService.java:call(182)) - Totally added 3 delete blocks command for 1 datanodes, task elapsed time: 1ms
2019-09-18 13:05:03,618 [pool-7-thread-1] INFO  commands.RetriableDatanodeEventWatcher (RetriableDatanodeEventWatcher.java:onTimeout(47)) - RetriableDatanodeCommand type=deleteBlocksCommand with id=1568811902415 timed out. Retrying.
2019-09-18 13:05:03,634 [SCMBlockDeletingService#0] DEBUG block.SCMBlockDeletingService (SCMBlockDeletingService.java:call(138)) - Running DeletedBlockTransactionScanner
2019-09-18 13:05:03,634 [SCMBlockDeletingService#0] DEBUG block.SCMBlockDeletingService (SCMBlockDeletingService.java:call(155)) - Scanned deleted blocks log and got 3 delTX to process.
2019-09-18 13:05:03,634 [SCMBlockDeletingService#0] DEBUG block.SCMBlockDeletingService (SCMBlockDeletingService.java:call(171)) - Added delete block command for datanode dd0a3b65-d36c-4f93-b232-3c8e6f6667b6 in the queue, number of delete block transactions: 3, TxID list: 1,2,3
2019-09-18 13:05:03,635 [SCMBlockDeletingService#0] INFO  block.SCMBlockDeletingService (SCMBlockDeletingService.java:call(182)) - Totally added 3 delete blocks command for 1 datanodes, task elapsed time: 1ms
2019-09-18 13:05:03,721 [pool-7-thread-1] INFO  commands.RetriableDatanodeEventWatcher (RetriableDatanodeEventWatcher.java:onTimeout(47)) - RetriableDatanodeCommand type=deleteBlocksCommand with id=1568811902416 timed out. Retrying.
2019-09-18 13:05:03,735 [SCMBlockDeletingService#0] DEBUG block.SCMBlockDeletingService (SCMBlockDeletingService.java:call(138)) - Running DeletedBlockTransactionScanner
2019-09-18 13:05:03,735 [SCMBlockDeletingService#0] DEBUG block.SCMBlockDeletingService (SCMBlockDeletingService.java:call(155)) - Scanned deleted blocks log and got 3 delTX to process.
2019-09-18 13:05:03,736 [SCMBlockDeletingService#0] DEBUG block.SCMBlockDeletingService (SCMBlockDeletingService.java:call(171)) - Added delete block command for datanode dd0a3b65-d36c-4f93-b232-3c8e6f6667b6 in the queue, number of delete block transactions: 3, TxID list: 1,2,3
2019-09-18 13:05:03,736 [SCMBlockDeletingService#0] INFO  block.SCMBlockDeletingService (SCMBlockDeletingService.java:call(182)) - Totally added 3 delete blocks command for 1 datanodes, task elapsed time: 1ms
2019-09-18 13:05:03,822 [pool-7-thread-1] INFO  commands.RetriableDatanodeEventWatcher (RetriableDatanodeEventWatcher.java:onTimeout(47)) - RetriableDatanodeCommand type=deleteBlocksCommand with id=1568811902417 timed out. Retrying.
2019-09-18 13:05:03,836 [SCMBlockDeletingService#0] DEBUG block.SCMBlockDeletingService (SCMBlockDeletingService.java:call(138)) - Running DeletedBlockTransactionScanner
2019-09-18 13:05:03,837 [SCMBlockDeletingService#0] DEBUG block.SCMBlockDeletingService (SCMBlockDeletingService.java:call(155)) - Scanned deleted blocks log and got 3 delTX to process.
2019-09-18 13:05:03,837 [SCMBlockDeletingService#0] DEBUG block.SCMBlockDeletingService (SCMBlockDeletingService.java:call(171)) - Added delete block command for datanode dd0a3b65-d36c-4f93-b232-3c8e6f6667b6 in the queue, number of delete block transactions: 3, TxID list: 1,2,3
2019-09-18 13:05:03,837 [SCMBlockDeletingService#0] INFO  block.SCMBlockDeletingService (SCMBlockDeletingService.java:call(182)) - Totally added 3 delete blocks command for 1 datanodes, task elapsed time: 1ms
2019-09-18 13:05:03,923 [pool-7-thread-1] INFO  commands.RetriableDatanodeEventWatcher (RetriableDatanodeEventWatcher.java:onTimeout(47)) - RetriableDatanodeCommand type=deleteBlocksCommand with id=1568811902418 timed out. Retrying.
2019-09-18 13:05:03,938 [SCMBlockDeletingService#0] DEBUG block.SCMBlockDeletingService (SCMBlockDeletingService.java:call(138)) - Running DeletedBlockTransactionScanner
2019-09-18 13:05:03,938 [SCMBlockDeletingService#0] DEBUG block.SCMBlockDeletingService (SCMBlockDeletingService.java:call(155)) - Scanned deleted blocks log and got 3 delTX to process.
2019-09-18 13:05:03,939 [SCMBlockDeletingService#0] DEBUG block.SCMBlockDeletingService (SCMBlockDeletingService.java:call(171)) - Added delete block command for datanode dd0a3b65-d36c-4f93-b232-3c8e6f6667b6 in the queue, number of delete block transactions: 3, TxID list: 1,2,3
2019-09-18 13:05:03,939 [SCMBlockDeletingService#0] INFO  block.SCMBlockDeletingService (SCMBlockDeletingService.java:call(182)) - Totally added 3 delete blocks command for 1 datanodes, task elapsed time: 1ms
2019-09-18 13:05:04,025 [pool-7-thread-1] INFO  commands.RetriableDatanodeEventWatcher (RetriableDatanodeEventWatcher.java:onTimeout(47)) - RetriableDatanodeCommand type=deleteBlocksCommand with id=1568811902419 timed out. Retrying.
2019-09-18 13:05:04,039 [SCMBlockDeletingService#0] DEBUG block.SCMBlockDeletingService (SCMBlockDeletingService.java:call(138)) - Running DeletedBlockTransactionScanner
2019-09-18 13:05:04,040 [SCMBlockDeletingService#0] DEBUG block.SCMBlockDeletingService (SCMBlockDeletingService.java:call(155)) - Scanned deleted blocks log and got 3 delTX to process.
2019-09-18 13:05:04,040 [SCMBlockDeletingService#0] DEBUG block.SCMBlockDeletingService (SCMBlockDeletingService.java:call(171)) - Added delete block command for datanode dd0a3b65-d36c-4f93-b232-3c8e6f6667b6 in the queue, number of delete block transactions: 3, TxID list: 1,2,3
2019-09-18 13:05:04,041 [SCMBlockDeletingService#0] INFO  block.SCMBlockDeletingService (SCMBlockDeletingService.java:call(182)) - Totally added 3 delete blocks command for 1 datanodes, task elapsed time: 1ms
2019-09-18 13:05:04,126 [pool-7-thread-1] INFO  commands.RetriableDatanodeEventWatcher (RetriableDatanodeEventWatcher.java:onTimeout(47)) - RetriableDatanodeCommand type=deleteBlocksCommand with id=1568811902420 timed out. Retrying.
2019-09-18 13:05:04,141 [SCMBlockDeletingService#0] DEBUG block.SCMBlockDeletingService (SCMBlockDeletingService.java:call(138)) - Running DeletedBlockTransactionScanner
2019-09-18 13:05:04,141 [SCMBlockDeletingService#0] DEBUG block.SCMBlockDeletingService (SCMBlockDeletingService.java:call(155)) - Scanned deleted blocks log and got 3 delTX to process.
2019-09-18 13:05:04,142 [SCMBlockDeletingService#0] DEBUG block.SCMBlockDeletingService (SCMBlockDeletingService.java:call(171)) - Added delete block command for datanode dd0a3b65-d36c-4f93-b232-3c8e6f6667b6 in the queue, number of delete block transactions: 3, TxID list: 1,2,3
2019-09-18 13:05:04,142 [SCMBlockDeletingService#0] INFO  block.SCMBlockDeletingService (SCMBlockDeletingService.java:call(182)) - Totally added 3 delete blocks command for 1 datanodes, task elapsed time: 1ms
2019-09-18 13:05:04,229 [pool-7-thread-1] INFO  commands.RetriableDatanodeEventWatcher (RetriableDatanodeEventWatcher.java:onTimeout(47)) - RetriableDatanodeCommand type=deleteBlocksCommand with id=1568811902421 timed out. Retrying.
2019-09-18 13:05:04,242 [SCMBlockDeletingService#0] DEBUG block.SCMBlockDeletingService (SCMBlockDeletingService.java:call(138)) - Running DeletedBlockTransactionScanner
2019-09-18 13:05:04,243 [SCMBlockDeletingService#0] DEBUG block.SCMBlockDeletingService (SCMBlockDeletingService.java:call(155)) - Scanned deleted blocks log and got 3 delTX to process.
2019-09-18 13:05:04,243 [SCMBlockDeletingService#0] DEBUG block.SCMBlockDeletingService (SCMBlockDeletingService.java:call(171)) - Added delete block command for datanode dd0a3b65-d36c-4f93-b232-3c8e6f6667b6 in the queue, number of delete block transactions: 3, TxID list: 1,2,3
2019-09-18 13:05:04,244 [SCMBlockDeletingService#0] INFO  block.SCMBlockDeletingService (SCMBlockDeletingService.java:call(182)) - Totally added 3 delete blocks command for 1 datanodes, task elapsed time: 1ms
2019-09-18 13:05:04,329 [pool-7-thread-1] INFO  commands.RetriableDatanodeEventWatcher (RetriableDatanodeEventWatcher.java:onTimeout(47)) - RetriableDatanodeCommand type=deleteBlocksCommand with id=1568811902422 timed out. Retrying.
2019-09-18 13:05:04,344 [SCMBlockDeletingService#0] DEBUG block.SCMBlockDeletingService (SCMBlockDeletingService.java:call(138)) - Running DeletedBlockTransactionScanner
2019-09-18 13:05:04,344 [SCMBlockDeletingService#0] DEBUG block.SCMBlockDeletingService (SCMBlockDeletingService.java:call(155)) - Scanned deleted blocks log and got 3 delTX to process.
2019-09-18 13:05:04,345 [SCMBlockDeletingService#0] DEBUG block.SCMBlockDeletingService (SCMBlockDeletingService.java:call(171)) - Added delete block command for datanode dd0a3b65-d36c-4f93-b232-3c8e6f6667b6 in the queue, number of delete block transactions: 3, TxID list: 1,2,3
2019-09-18 13:05:04,345 [SCMBlockDeletingService#0] INFO  block.SCMBlockDeletingService (SCMBlockDeletingService.java:call(182)) - Totally added 3 delete blocks command for 1 datanodes, task elapsed time: 1ms
2019-09-18 13:05:04,418 [pool-7-thread-1] INFO  commands.RetriableDatanodeEventWatcher (RetriableDatanodeEventWatcher.java:onTimeout(47)) - RetriableDatanodeCommand type=deleteBlocksCommand with id=1568811902413 timed out. Retrying.
2019-09-18 13:05:04,432 [pool-7-thread-1] INFO  commands.RetriableDatanodeEventWatcher (RetriableDatanodeEventWatcher.java:onTimeout(47)) - RetriableDatanodeCommand type=deleteBlocksCommand with id=1568811902423 timed out. Retrying.
2019-09-18 13:05:04,445 [SCMBlockDeletingService#0] DEBUG block.SCMBlockDeletingService (SCMBlockDeletingService.java:call(138)) - Running DeletedBlockTransactionScanner
2019-09-18 13:05:04,446 [SCMBlockDeletingService#0] DEBUG block.SCMBlockDeletingService (SCMBlockDeletingService.java:call(155)) - Scanned deleted blocks log and got 3 delTX to process.
2019-09-18 13:05:04,446 [SCMBlockDeletingService#0] DEBUG block.SCMBlockDeletingService (SCMBlockDeletingService.java:call(171)) - Added delete block command for datanode dd0a3b65-d36c-4f93-b232-3c8e6f6667b6 in the queue, number of delete block transactions: 3, TxID list: 1,2,3
2019-09-18 13:05:04,446 [SCMBlockDeletingService#0] INFO  block.SCMBlockDeletingService (SCMBlockDeletingService.java:call(182)) - Totally added 3 delete blocks command for 1 datanodes, task elapsed time: 1ms
2019-09-18 13:05:04,516 [pool-7-thread-1] INFO  commands.RetriableDatanodeEventWatcher (RetriableDatanodeEventWatcher.java:onTimeout(47)) - RetriableDatanodeCommand type=deleteBlocksCommand with id=1568811902414 timed out. Retrying.
2019-09-18 13:05:04,533 [pool-7-thread-1] INFO  commands.RetriableDatanodeEventWatcher (RetriableDatanodeEventWatcher.java:onTimeout(47)) - RetriableDatanodeCommand type=deleteBlocksCommand with id=1568811902424 timed out. Retrying.
2019-09-18 13:05:04,547 [SCMBlockDeletingService#0] DEBUG block.SCMBlockDeletingService (SCMBlockDeletingService.java:call(138)) - Running DeletedBlockTransactionScanner
2019-09-18 13:05:04,547 [SCMBlockDeletingService#0] DEBUG block.SCMBlockDeletingService (SCMBlockDeletingService.java:call(155)) - Scanned deleted blocks log and got 3 delTX to process.
2019-09-18 13:05:04,548 [SCMBlockDeletingService#0] DEBUG block.SCMBlockDeletingService (SCMBlockDeletingService.java:call(171)) - Added delete block command for datanode dd0a3b65-d36c-4f93-b232-3c8e6f6667b6 in the queue, number of delete block transactions: 3, TxID list: 1,2,3
2019-09-18 13:05:04,548 [SCMBlockDeletingService#0] INFO  block.SCMBlockDeletingService (SCMBlockDeletingService.java:call(182)) - Totally added 3 delete blocks command for 1 datanodes, task elapsed time: 2ms
2019-09-18 13:05:04,619 [pool-7-thread-1] INFO  commands.RetriableDatanodeEventWatcher (RetriableDatanodeEventWatcher.java:onTimeout(47)) - RetriableDatanodeCommand type=deleteBlocksCommand with id=1568811902415 timed out. Retrying.
2019-09-18 13:05:04,635 [pool-7-thread-1] INFO  commands.RetriableDatanodeEventWatcher (RetriableDatanodeEventWatcher.java:onTimeout(47)) - RetriableDatanodeCommand type=deleteBlocksCommand with id=1568811902425 timed out. Retrying.
2019-09-18 13:05:04,648 [SCMBlockDeletingService#0] DEBUG block.SCMBlockDeletingService (SCMBlockDeletingService.java:call(138)) - Running DeletedBlockTransactionScanner
2019-09-18 13:05:04,649 [SCMBlockDeletingService#0] DEBUG block.SCMBlockDeletingService (SCMBlockDeletingService.java:call(155)) - Scanned deleted blocks log and got 3 delTX to process.
2019-09-18 13:05:04,650 [SCMBlockDeletingService#0] DEBUG block.SCMBlockDeletingService (SCMBlockDeletingService.java:call(171)) - Added delete block command for datanode dd0a3b65-d36c-4f93-b232-3c8e6f6667b6 in the queue, number of delete block transactions: 3, TxID list: 1,2,3
2019-09-18 13:05:04,650 [SCMBlockDeletingService#0] INFO  block.SCMBlockDeletingService (SCMBlockDeletingService.java:call(182)) - Totally added 3 delete blocks command for 1 datanodes, task elapsed time: 2ms
2019-09-18 13:05:04,721 [pool-7-thread-1] INFO  commands.RetriableDatanodeEventWatcher (RetriableDatanodeEventWatcher.java:onTimeout(47)) - RetriableDatanodeCommand type=deleteBlocksCommand with id=1568811902416 timed out. Retrying.
2019-09-18 13:05:04,735 [pool-7-thread-1] INFO  commands.RetriableDatanodeEventWatcher (RetriableDatanodeEventWatcher.java:onTimeout(47)) - RetriableDatanodeCommand type=deleteBlocksCommand with id=1568811902426 timed out. Retrying.
2019-09-18 13:05:04,750 [SCMBlockDeletingService#0] DEBUG block.SCMBlockDeletingService (SCMBlockDeletingService.java:call(138)) - Running DeletedBlockTransactionScanner
2019-09-18 13:05:04,751 [SCMBlockDeletingService#0] DEBUG block.SCMBlockDeletingService (SCMBlockDeletingService.java:call(155)) - Scanned deleted blocks log and got 3 delTX to process.
2019-09-18 13:05:04,751 [SCMBlockDeletingService#0] DEBUG block.SCMBlockDeletingService (SCMBlockDeletingService.java:call(171)) - Added delete block command for datanode dd0a3b65-d36c-4f93-b232-3c8e6f6667b6 in the queue, number of delete block transactions: 3, TxID list: 1,2,3
2019-09-18 13:05:04,751 [SCMBlockDeletingService#0] INFO  block.SCMBlockDeletingService (SCMBlockDeletingService.java:call(182)) - Totally added 3 delete blocks command for 1 datanodes, task elapsed time: 1ms
2019-09-18 13:05:04,822 [pool-7-thread-1] INFO  commands.RetriableDatanodeEventWatcher (RetriableDatanodeEventWatcher.java:onTimeout(47)) - RetriableDatanodeCommand type=deleteBlocksCommand with id=1568811902417 timed out. Retrying.
2019-09-18 13:05:04,838 [pool-7-thread-1] INFO  commands.RetriableDatanodeEventWatcher (RetriableDatanodeEventWatcher.java:onTimeout(47)) - RetriableDatanodeCommand type=deleteBlocksCommand with id=1568811902427 timed out. Retrying.
2019-09-18 13:05:04,852 [SCMBlockDeletingService#0] DEBUG block.SCMBlockDeletingService (SCMBlockDeletingService.java:call(138)) - Running DeletedBlockTransactionScanner
2019-09-18 13:05:04,852 [SCMBlockDeletingService#0] DEBUG block.SCMBlockDeletingService (SCMBlockDeletingService.java:call(155)) - Scanned deleted blocks log and got 3 delTX to process.
2019-09-18 13:05:04,853 [SCMBlockDeletingService#0] DEBUG block.SCMBlockDeletingService (SCMBlockDeletingService.java:call(171)) - Added delete block command for datanode dd0a3b65-d36c-4f93-b232-3c8e6f6667b6 in the queue, number of delete block transactions: 3, TxID list: 1,2,3
2019-09-18 13:05:04,853 [SCMBlockDeletingService#0] INFO  block.SCMBlockDeletingService (SCMBlockDeletingService.java:call(182)) - Totally added 3 delete blocks command for 1 datanodes, task elapsed time: 1ms
2019-09-18 13:05:04,924 [pool-7-thread-1] INFO  commands.RetriableDatanodeEventWatcher (RetriableDatanodeEventWatcher.java:onTimeout(47)) - RetriableDatanodeCommand type=deleteBlocksCommand with id=1568811902418 timed out. Retrying.
2019-09-18 13:05:04,939 [pool-7-thread-1] INFO  commands.RetriableDatanodeEventWatcher (RetriableDatanodeEventWatcher.java:onTimeout(47)) - RetriableDatanodeCommand type=deleteBlocksCommand with id=1568811902428 timed out. Retrying.
2019-09-18 13:05:04,953 [SCMBlockDeletingService#0] DEBUG block.SCMBlockDeletingService (SCMBlockDeletingService.java:call(138)) - Running DeletedBlockTransactionScanner
2019-09-18 13:05:04,954 [SCMBlockDeletingService#0] DEBUG block.SCMBlockDeletingService (SCMBlockDeletingService.java:call(155)) - Scanned deleted blocks log and got 3 delTX to process.
2019-09-18 13:05:04,954 [SCMBlockDeletingService#0] DEBUG block.SCMBlockDeletingService (SCMBlockDeletingService.java:call(171)) - Added delete block command for datanode dd0a3b65-d36c-4f93-b232-3c8e6f6667b6 in the queue, number of delete block transactions: 3, TxID list: 1,2,3
2019-09-18 13:05:04,954 [SCMBlockDeletingService#0] INFO  block.SCMBlockDeletingService (SCMBlockDeletingService.java:call(182)) - Totally added 3 delete blocks command for 1 datanodes, task elapsed time: 1ms
2019-09-18 13:05:05,025 [pool-7-thread-1] INFO  commands.RetriableDatanodeEventWatcher (RetriableDatanodeEventWatcher.java:onTimeout(47)) - RetriableDatanodeCommand type=deleteBlocksCommand with id=1568811902419 timed out. Retrying.
2019-09-18 13:05:05,041 [pool-7-thread-1] INFO  commands.RetriableDatanodeEventWatcher (RetriableDatanodeEventWatcher.java:onTimeout(47)) - RetriableDatanodeCommand type=deleteBlocksCommand with id=1568811902429 timed out. Retrying.
2019-09-18 13:05:05,055 [SCMBlockDeletingService#0] DEBUG block.SCMBlockDeletingService (SCMBlockDeletingService.java:call(138)) - Running DeletedBlockTransactionScanner
2019-09-18 13:05:05,055 [SCMBlockDeletingService#0] DEBUG block.SCMBlockDeletingService (SCMBlockDeletingService.java:call(155)) - Scanned deleted blocks log and got 3 delTX to process.
2019-09-18 13:05:05,055 [SCMBlockDeletingService#0] DEBUG block.SCMBlockDeletingService (SCMBlockDeletingService.java:call(171)) - Added delete block command for datanode dd0a3b65-d36c-4f93-b232-3c8e6f6667b6 in the queue, number of delete block transactions: 3, TxID list: 1,2,3
2019-09-18 13:05:05,056 [SCMBlockDeletingService#0] INFO  block.SCMBlockDeletingService (SCMBlockDeletingService.java:call(182)) - Totally added 3 delete blocks command for 1 datanodes, task elapsed time: 1ms
2019-09-18 13:05:05,127 [pool-7-thread-1] INFO  commands.RetriableDatanodeEventWatcher (RetriableDatanodeEventWatcher.java:onTimeout(47)) - RetriableDatanodeCommand type=deleteBlocksCommand with id=1568811902420 timed out. Retrying.
2019-09-18 13:05:05,141 [pool-7-thread-1] INFO  commands.RetriableDatanodeEventWatcher (RetriableDatanodeEventWatcher.java:onTimeout(47)) - RetriableDatanodeCommand type=deleteBlocksCommand with id=1568811902430 timed out. Retrying.
2019-09-18 13:05:05,156 [SCMBlockDeletingService#0] DEBUG block.SCMBlockDeletingService (SCMBlockDeletingService.java:call(138)) - Running DeletedBlockTransactionScanner
2019-09-18 13:05:05,157 [SCMBlockDeletingService#0] DEBUG block.SCMBlockDeletingService (SCMBlockDeletingService.java:call(155)) - Scanned deleted blocks log and got 3 delTX to process.
2019-09-18 13:05:05,157 [SCMBlockDeletingService#0] DEBUG block.SCMBlockDeletingService (SCMBlockDeletingService.java:call(171)) - Added delete block command for datanode dd0a3b65-d36c-4f93-b232-3c8e6f6667b6 in the queue, number of delete block transactions: 3, TxID list: 1,2,3
2019-09-18 13:05:05,158 [SCMBlockDeletingService#0] INFO  block.SCMBlockDeletingService (SCMBlockDeletingService.java:call(182)) - Totally added 3 delete blocks command for 1 datanodes, task elapsed time: 1ms
2019-09-18 13:05:05,229 [pool-7-thread-1] INFO  commands.RetriableDatanodeEventWatcher (RetriableDatanodeEventWatcher.java:onTimeout(47)) - RetriableDatanodeCommand type=deleteBlocksCommand with id=1568811902421 timed out. Retrying.
2019-09-18 13:05:05,244 [pool-7-thread-1] INFO  commands.RetriableDatanodeEventWatcher (RetriableDatanodeEventWatcher.java:onTimeout(47)) - RetriableDatanodeCommand type=deleteBlocksCommand with id=1568811902431 timed out. Retrying.
2019-09-18 13:05:05,258 [SCMBlockDeletingService#0] DEBUG block.SCMBlockDeletingService (SCMBlockDeletingService.java:call(138)) - Running DeletedBlockTransactionScanner
2019-09-18 13:05:05,259 [SCMBlockDeletingService#0] DEBUG block.SCMBlockDeletingService (SCMBlockDeletingService.java:call(155)) - Scanned deleted blocks log and got 3 delTX to process.
2019-09-18 13:05:05,259 [SCMBlockDeletingService#0] DEBUG block.SCMBlockDeletingService (SCMBlockDeletingService.java:call(171)) - Added delete block command for datanode dd0a3b65-d36c-4f93-b232-3c8e6f6667b6 in the queue, number of delete block transactions: 3, TxID list: 1,2,3
2019-09-18 13:05:05,259 [SCMBlockDeletingService#0] INFO  block.SCMBlockDeletingService (SCMBlockDeletingService.java:call(182)) - Totally added 3 delete blocks command for 1 datanodes, task elapsed time: 1ms
2019-09-18 13:05:05,329 [pool-7-thread-1] INFO  commands.RetriableDatanodeEventWatcher (RetriableDatanodeEventWatcher.java:onTimeout(47)) - RetriableDatanodeCommand type=deleteBlocksCommand with id=1568811902422 timed out. Retrying.
2019-09-18 13:05:05,345 [pool-7-thread-1] INFO  commands.RetriableDatanodeEventWatcher (RetriableDatanodeEventWatcher.java:onTimeout(47)) - RetriableDatanodeCommand type=deleteBlocksCommand with id=1568811902432 timed out. Retrying.
2019-09-18 13:05:05,353 [EventQueue-StaleNodeForStaleNodeHandler] INFO  node.StaleNodeHandler (StaleNodeHandler.java:onMessage(58)) - Datanode dd0a3b65-d36c-4f93-b232-3c8e6f6667b6{ip: 192.168.69.108, host: pr-hdds-2141-4zm8s-3863693661, networkLocation: /default-rack, certSerialId: null} moved to stale state. Finalizing its pipelines [PipelineID=0a294b72-135c-4742-84ec-b02456d89c11]
2019-09-18 13:05:05,354 [EventQueue-StaleNodeForStaleNodeHandler] INFO  pipeline.SCMPipelineManager (SCMPipelineManager.java:finalizeAndDestroyPipeline(311)) - destroying pipeline:Pipeline[ Id: 0a294b72-135c-4742-84ec-b02456d89c11, Nodes: dd0a3b65-d36c-4f93-b232-3c8e6f6667b6{ip: 192.168.69.108, host: pr-hdds-2141-4zm8s-3863693661, networkLocation: /default-rack, certSerialId: null}, Type:RATIS, Factor:ONE, State:OPEN]
2019-09-18 13:05:05,356 [EventQueue-StaleNodeForStaleNodeHandler] INFO  pipeline.PipelineStateManager (PipelineStateManager.java:finalizePipeline(123)) - Pipeline Pipeline[ Id: 0a294b72-135c-4742-84ec-b02456d89c11, Nodes: dd0a3b65-d36c-4f93-b232-3c8e6f6667b6{ip: 192.168.69.108, host: pr-hdds-2141-4zm8s-3863693661, networkLocation: /default-rack, certSerialId: null}, Type:RATIS, Factor:ONE, State:CLOSED] moved to CLOSED state
2019-09-18 13:05:05,360 [SCMBlockDeletingService#0] DEBUG block.SCMBlockDeletingService (SCMBlockDeletingService.java:call(138)) - Running DeletedBlockTransactionScanner
2019-09-18 13:05:05,360 [SCMBlockDeletingService#0] DEBUG block.SCMBlockDeletingService (SCMBlockDeletingService.java:call(155)) - Scanned deleted blocks log and got 3 delTX to process.
2019-09-18 13:05:05,361 [SCMBlockDeletingService#0] DEBUG block.SCMBlockDeletingService (SCMBlockDeletingService.java:call(171)) - Added delete block command for datanode dd0a3b65-d36c-4f93-b232-3c8e6f6667b6 in the queue, number of delete block transactions: 3, TxID list: 1,2,3
2019-09-18 13:05:05,361 [SCMBlockDeletingService#0] INFO  block.SCMBlockDeletingService (SCMBlockDeletingService.java:call(182)) - Totally added 3 delete blocks command for 1 datanodes, task elapsed time: 2ms
2019-09-18 13:05:05,419 [pool-7-thread-1] INFO  commands.RetriableDatanodeEventWatcher (RetriableDatanodeEventWatcher.java:onTimeout(47)) - RetriableDatanodeCommand type=deleteBlocksCommand with id=1568811902413 timed out. Retrying.
2019-09-18 13:05:05,432 [pool-7-thread-1] INFO  commands.RetriableDatanodeEventWatcher (RetriableDatanodeEventWatcher.java:onTimeout(47)) - RetriableDatanodeCommand type=deleteBlocksCommand with id=1568811902423 timed out. Retrying.
2019-09-18 13:05:05,446 [pool-7-thread-1] INFO  commands.RetriableDatanodeEventWatcher (RetriableDatanodeEventWatcher.java:onTimeout(47)) - RetriableDatanodeCommand type=deleteBlocksCommand with id=1568811902433 timed out. Retrying.
2019-09-18 13:05:05,461 [SCMBlockDeletingService#0] DEBUG block.SCMBlockDeletingService (SCMBlockDeletingService.java:call(138)) - Running DeletedBlockTransactionScanner
2019-09-18 13:05:05,462 [SCMBlockDeletingService#0] DEBUG block.SCMBlockDeletingService (SCMBlockDeletingService.java:call(155)) - Scanned deleted blocks log and got 3 delTX to process.
2019-09-18 13:05:05,462 [SCMBlockDeletingService#0] DEBUG block.SCMBlockDeletingService (SCMBlockDeletingService.java:call(171)) - Added delete block command for datanode dd0a3b65-d36c-4f93-b232-3c8e6f6667b6 in the queue, number of delete block transactions: 3, TxID list: 1,2,3
2019-09-18 13:05:05,462 [SCMBlockDeletingService#0] INFO  block.SCMBlockDeletingService (SCMBlockDeletingService.java:call(182)) - Totally added 3 delete blocks command for 1 datanodes, task elapsed time: 1ms
2019-09-18 13:05:05,516 [pool-7-thread-1] INFO  commands.RetriableDatanodeEventWatcher (RetriableDatanodeEventWatcher.java:onTimeout(47)) - RetriableDatanodeCommand type=deleteBlocksCommand with id=1568811902414 timed out. Retrying.
2019-09-18 13:05:05,534 [pool-7-thread-1] INFO  commands.RetriableDatanodeEventWatcher (RetriableDatanodeEventWatcher.java:onTimeout(47)) - RetriableDatanodeCommand type=deleteBlocksCommand with id=1568811902424 timed out. Retrying.
2019-09-18 13:05:05,548 [pool-7-thread-1] INFO  commands.RetriableDatanodeEventWatcher (RetriableDatanodeEventWatcher.java:onTimeout(47)) - RetriableDatanodeCommand type=deleteBlocksCommand with id=1568811902434 timed out. Retrying.
2019-09-18 13:05:05,562 [SCMBlockDeletingService#0] DEBUG block.SCMBlockDeletingService (SCMBlockDeletingService.java:call(138)) - Running DeletedBlockTransactionScanner
2019-09-18 13:05:05,563 [SCMBlockDeletingService#0] DEBUG block.SCMBlockDeletingService (SCMBlockDeletingService.java:call(155)) - Scanned deleted blocks log and got 3 delTX to process.
2019-09-18 13:05:05,563 [SCMBlockDeletingService#0] DEBUG block.SCMBlockDeletingService (SCMBlockDeletingService.java:call(171)) - Added delete block command for datanode dd0a3b65-d36c-4f93-b232-3c8e6f6667b6 in the queue, number of delete block transactions: 3, TxID list: 1,2,3
2019-09-18 13:05:05,564 [SCMBlockDeletingService#0] INFO  block.SCMBlockDeletingService (SCMBlockDeletingService.java:call(182)) - Totally added 3 delete blocks command for 1 datanodes, task elapsed time: 1ms
2019-09-18 13:05:05,620 [pool-7-thread-1] INFO  commands.RetriableDatanodeEventWatcher (RetriableDatanodeEventWatcher.java:onTimeout(47)) - RetriableDatanodeCommand type=deleteBlocksCommand with id=1568811902415 timed out. Retrying.
2019-09-18 13:05:05,635 [pool-7-thread-1] INFO  commands.RetriableDatanodeEventWatcher (RetriableDatanodeEventWatcher.java:onTimeout(47)) - RetriableDatanodeCommand type=deleteBlocksCommand with id=1568811902425 timed out. Retrying.
2019-09-18 13:05:05,650 [pool-7-thread-1] INFO  commands.RetriableDatanodeEventWatcher (RetriableDatanodeEventWatcher.java:onTimeout(47)) - RetriableDatanodeCommand type=deleteBlocksCommand with id=1568811902435 timed out. Retrying.
2019-09-18 13:05:05,664 [SCMBlockDeletingService#0] DEBUG block.SCMBlockDeletingService (SCMBlockDeletingService.java:call(138)) - Running DeletedBlockTransactionScanner
2019-09-18 13:05:05,664 [SCMBlockDeletingService#0] DEBUG block.SCMBlockDeletingService (SCMBlockDeletingService.java:call(155)) - Scanned deleted blocks log and got 3 delTX to process.
2019-09-18 13:05:05,665 [SCMBlockDeletingService#0] DEBUG block.SCMBlockDeletingService (SCMBlockDeletingService.java:call(171)) - Added delete block command for datanode dd0a3b65-d36c-4f93-b232-3c8e6f6667b6 in the queue, number of delete block transactions: 3, TxID list: 1,2,3
2019-09-18 13:05:05,665 [SCMBlockDeletingService#0] INFO  block.SCMBlockDeletingService (SCMBlockDeletingService.java:call(182)) - Totally added 3 delete blocks command for 1 datanodes, task elapsed time: 1ms
2019-09-18 13:05:05,722 [pool-7-thread-1] INFO  commands.RetriableDatanodeEventWatcher (RetriableDatanodeEventWatcher.java:onTimeout(47)) - RetriableDatanodeCommand type=deleteBlocksCommand with id=1568811902416 timed out. Retrying.
2019-09-18 13:05:05,736 [pool-7-thread-1] INFO  commands.RetriableDatanodeEventWatcher (RetriableDatanodeEventWatcher.java:onTimeout(47)) - RetriableDatanodeCommand type=deleteBlocksCommand with id=1568811902426 timed out. Retrying.
2019-09-18 13:05:05,751 [pool-7-thread-1] INFO  commands.RetriableDatanodeEventWatcher (RetriableDatanodeEventWatcher.java:onTimeout(47)) - RetriableDatanodeCommand type=deleteBlocksCommand with id=1568811902436 timed out. Retrying.
2019-09-18 13:05:05,765 [SCMBlockDeletingService#0] DEBUG block.SCMBlockDeletingService (SCMBlockDeletingService.java:call(138)) - Running DeletedBlockTransactionScanner
2019-09-18 13:05:05,766 [SCMBlockDeletingService#0] DEBUG block.SCMBlockDeletingService (SCMBlockDeletingService.java:call(155)) - Scanned deleted blocks log and got 3 delTX to process.
2019-09-18 13:05:05,766 [SCMBlockDeletingService#0] DEBUG block.SCMBlockDeletingService (SCMBlockDeletingService.java:call(171)) - Added delete block command for datanode dd0a3b65-d36c-4f93-b232-3c8e6f6667b6 in the queue, number of delete block transactions: 3, TxID list: 1,2,3
2019-09-18 13:05:05,766 [SCMBlockDeletingService#0] INFO  block.SCMBlockDeletingService (SCMBlockDeletingService.java:call(182)) - Totally added 3 delete blocks command for 1 datanodes, task elapsed time: 1ms
2019-09-18 13:05:05,822 [pool-7-thread-1] INFO  commands.RetriableDatanodeEventWatcher (RetriableDatanodeEventWatcher.java:onTimeout(47)) - RetriableDatanodeCommand type=deleteBlocksCommand with id=1568811902417 timed out. Retrying.
2019-09-18 13:05:05,838 [pool-7-thread-1] INFO  commands.RetriableDatanodeEventWatcher (RetriableDatanodeEventWatcher.java:onTimeout(47)) - RetriableDatanodeCommand type=deleteBlocksCommand with id=1568811902427 timed out. Retrying.
2019-09-18 13:05:05,853 [pool-7-thread-1] INFO  commands.RetriableDatanodeEventWatcher (RetriableDatanodeEventWatcher.java:onTimeout(47)) - RetriableDatanodeCommand type=deleteBlocksCommand with id=1568811902437 timed out. Retrying.
2019-09-18 13:05:05,867 [SCMBlockDeletingService#0] DEBUG block.SCMBlockDeletingService (SCMBlockDeletingService.java:call(138)) - Running DeletedBlockTransactionScanner
2019-09-18 13:05:05,867 [SCMBlockDeletingService#0] DEBUG block.SCMBlockDeletingService (SCMBlockDeletingService.java:call(155)) - Scanned deleted blocks log and got 3 delTX to process.
2019-09-18 13:05:05,867 [SCMBlockDeletingService#0] DEBUG block.SCMBlockDeletingService (SCMBlockDeletingService.java:call(171)) - Added delete block command for datanode dd0a3b65-d36c-4f93-b232-3c8e6f6667b6 in the queue, number of delete block transactions: 3, TxID list: 1,2,3
2019-09-18 13:05:05,868 [SCMBlockDeletingService#0] INFO  block.SCMBlockDeletingService (SCMBlockDeletingService.java:call(182)) - Totally added 3 delete blocks command for 1 datanodes, task elapsed time: 1ms
2019-09-18 13:05:05,925 [pool-7-thread-1] INFO  commands.RetriableDatanodeEventWatcher (RetriableDatanodeEventWatcher.java:onTimeout(47)) - RetriableDatanodeCommand type=deleteBlocksCommand with id=1568811902418 timed out. Retrying.
2019-09-18 13:05:05,938 [pool-7-thread-1] INFO  commands.RetriableDatanodeEventWatcher (RetriableDatanodeEventWatcher.java:onTimeout(47)) - RetriableDatanodeCommand type=deleteBlocksCommand with id=1568811902428 timed out. Retrying.
2019-09-18 13:05:05,955 [pool-7-thread-1] INFO  commands.RetriableDatanodeEventWatcher (RetriableDatanodeEventWatcher.java:onTimeout(47)) - RetriableDatanodeCommand type=deleteBlocksCommand with id=1568811902438 timed out. Retrying.
2019-09-18 13:05:05,968 [SCMBlockDeletingService#0] DEBUG block.SCMBlockDeletingService (SCMBlockDeletingService.java:call(138)) - Running DeletedBlockTransactionScanner
2019-09-18 13:05:05,969 [SCMBlockDeletingService#0] DEBUG block.SCMBlockDeletingService (SCMBlockDeletingService.java:call(155)) - Scanned deleted blocks log and got 3 delTX to process.
2019-09-18 13:05:05,969 [SCMBlockDeletingService#0] DEBUG block.SCMBlockDeletingService (SCMBlockDeletingService.java:call(171)) - Added delete block command for datanode dd0a3b65-d36c-4f93-b232-3c8e6f6667b6 in the queue, number of delete block transactions: 3, TxID list: 1,2,3
2019-09-18 13:05:05,969 [SCMBlockDeletingService#0] INFO  block.SCMBlockDeletingService (SCMBlockDeletingService.java:call(182)) - Totally added 3 delete blocks command for 1 datanodes, task elapsed time: 1ms
2019-09-18 13:05:06,025 [pool-7-thread-1] INFO  commands.RetriableDatanodeEventWatcher (RetriableDatanodeEventWatcher.java:onTimeout(47)) - RetriableDatanodeCommand type=deleteBlocksCommand with id=1568811902419 timed out. Retrying.
2019-09-18 13:05:06,042 [pool-7-thread-1] INFO  commands.RetriableDatanodeEventWatcher (RetriableDatanodeEventWatcher.java:onTimeout(47)) - RetriableDatanodeCommand type=deleteBlocksCommand with id=1568811902429 timed out. Retrying.
2019-09-18 13:05:06,056 [pool-7-thread-1] INFO  commands.RetriableDatanodeEventWatcher (RetriableDatanodeEventWatcher.java:onTimeout(47)) - RetriableDatanodeCommand type=deleteBlocksCommand with id=1568811902439 timed out. Retrying.
2019-09-18 13:05:06,070 [SCMBlockDeletingService#0] DEBUG block.SCMBlockDeletingService (SCMBlockDeletingService.java:call(138)) - Running DeletedBlockTransactionScanner
2019-09-18 13:05:06,070 [SCMBlockDeletingService#0] DEBUG block.SCMBlockDeletingService (SCMBlockDeletingService.java:call(155)) - Scanned deleted blocks log and got 3 delTX to process.
2019-09-18 13:05:06,070 [SCMBlockDeletingService#0] DEBUG block.SCMBlockDeletingService (SCMBlockDeletingService.java:call(171)) - Added delete block command for datanode dd0a3b65-d36c-4f93-b232-3c8e6f6667b6 in the queue, number of delete block transactions: 3, TxID list: 1,2,3
2019-09-18 13:05:06,071 [SCMBlockDeletingService#0] INFO  block.SCMBlockDeletingService (SCMBlockDeletingService.java:call(182)) - Totally added 3 delete blocks command for 1 datanodes, task elapsed time: 1ms
2019-09-18 13:05:06,128 [pool-7-thread-1] INFO  commands.RetriableDatanodeEventWatcher (RetriableDatanodeEventWatcher.java:onTimeout(47)) - RetriableDatanodeCommand type=deleteBlocksCommand with id=1568811902420 timed out. Retrying.
2019-09-18 13:05:06,141 [pool-7-thread-1] INFO  commands.RetriableDatanodeEventWatcher (RetriableDatanodeEventWatcher.java:onTimeout(47)) - RetriableDatanodeCommand type=deleteBlocksCommand with id=1568811902430 timed out. Retrying.
2019-09-18 13:05:06,158 [pool-7-thread-1] INFO  commands.RetriableDatanodeEventWatcher (RetriableDatanodeEventWatcher.java:onTimeout(47)) - RetriableDatanodeCommand type=deleteBlocksCommand with id=1568811902440 timed out. Retrying.
2019-09-18 13:05:06,171 [SCMBlockDeletingService#0] DEBUG block.SCMBlockDeletingService (SCMBlockDeletingService.java:call(138)) - Running DeletedBlockTransactionScanner
2019-09-18 13:05:06,172 [SCMBlockDeletingService#0] DEBUG block.SCMBlockDeletingService (SCMBlockDeletingService.java:call(155)) - Scanned deleted blocks log and got 3 delTX to process.
2019-09-18 13:05:06,172 [SCMBlockDeletingService#0] DEBUG block.SCMBlockDeletingService (SCMBlockDeletingService.java:call(171)) - Added delete block command for datanode dd0a3b65-d36c-4f93-b232-3c8e6f6667b6 in the queue, number of delete block transactions: 3, TxID list: 1,2,3
2019-09-18 13:05:06,173 [SCMBlockDeletingService#0] INFO  block.SCMBlockDeletingService (SCMBlockDeletingService.java:call(182)) - Totally added 3 delete blocks command for 1 datanodes, task elapsed time: 1ms
2019-09-18 13:05:06,230 [pool-7-thread-1] INFO  commands.RetriableDatanodeEventWatcher (RetriableDatanodeEventWatcher.java:onTimeout(47)) - RetriableDatanodeCommand type=deleteBlocksCommand with id=1568811902421 timed out. Retrying.
2019-09-18 13:05:06,244 [pool-7-thread-1] INFO  commands.RetriableDatanodeEventWatcher (RetriableDatanodeEventWatcher.java:onTimeout(47)) - RetriableDatanodeCommand type=deleteBlocksCommand with id=1568811902431 timed out. Retrying.
2019-09-18 13:05:06,259 [pool-7-thread-1] INFO  commands.RetriableDatanodeEventWatcher (RetriableDatanodeEventWatcher.java:onTimeout(47)) - RetriableDatanodeCommand type=deleteBlocksCommand with id=1568811902441 timed out. Retrying.
2019-09-18 13:05:06,273 [SCMBlockDeletingService#0] DEBUG block.SCMBlockDeletingService (SCMBlockDeletingService.java:call(138)) - Running DeletedBlockTransactionScanner
2019-09-18 13:05:06,274 [SCMBlockDeletingService#0] DEBUG block.SCMBlockDeletingService (SCMBlockDeletingService.java:call(155)) - Scanned deleted blocks log and got 3 delTX to process.
2019-09-18 13:05:06,274 [SCMBlockDeletingService#0] DEBUG block.SCMBlockDeletingService (SCMBlockDeletingService.java:call(171)) - Added delete block command for datanode dd0a3b65-d36c-4f93-b232-3c8e6f6667b6 in the queue, number of delete block transactions: 3, TxID list: 1,2,3
2019-09-18 13:05:06,274 [SCMBlockDeletingService#0] INFO  block.SCMBlockDeletingService (SCMBlockDeletingService.java:call(182)) - Totally added 3 delete blocks command for 1 datanodes, task elapsed time: 1ms
2019-09-18 13:05:06,329 [pool-7-thread-1] INFO  commands.RetriableDatanodeEventWatcher (RetriableDatanodeEventWatcher.java:onTimeout(47)) - RetriableDatanodeCommand type=deleteBlocksCommand with id=1568811902422 timed out. Retrying.
2019-09-18 13:05:06,346 [pool-7-thread-1] INFO  commands.RetriableDatanodeEventWatcher (RetriableDatanodeEventWatcher.java:onTimeout(47)) - RetriableDatanodeCommand type=deleteBlocksCommand with id=1568811902432 timed out. Retrying.
2019-09-18 13:05:06,361 [pool-7-thread-1] INFO  commands.RetriableDatanodeEventWatcher (RetriableDatanodeEventWatcher.java:onTimeout(47)) - RetriableDatanodeCommand type=deleteBlocksCommand with id=1568811902442 timed out. Retrying.
2019-09-18 13:05:06,375 [SCMBlockDeletingService#0] DEBUG block.SCMBlockDeletingService (SCMBlockDeletingService.java:call(138)) - Running DeletedBlockTransactionScanner
2019-09-18 13:05:06,375 [SCMBlockDeletingService#0] DEBUG block.SCMBlockDeletingService (SCMBlockDeletingService.java:call(155)) - Scanned deleted blocks log and got 3 delTX to process.
2019-09-18 13:05:06,375 [SCMBlockDeletingService#0] DEBUG block.SCMBlockDeletingService (SCMBlockDeletingService.java:call(171)) - Added delete block command for datanode dd0a3b65-d36c-4f93-b232-3c8e6f6667b6 in the queue, number of delete block transactions: 3, TxID list: 1,2,3
2019-09-18 13:05:06,376 [SCMBlockDeletingService#0] INFO  block.SCMBlockDeletingService (SCMBlockDeletingService.java:call(182)) - Totally added 3 delete blocks command for 1 datanodes, task elapsed time: 1ms
2019-09-18 13:05:06,420 [pool-7-thread-1] INFO  commands.RetriableDatanodeEventWatcher (RetriableDatanodeEventWatcher.java:onTimeout(47)) - RetriableDatanodeCommand type=deleteBlocksCommand with id=1568811902413 timed out. Retrying.
2019-09-18 13:05:06,432 [pool-7-thread-1] INFO  commands.RetriableDatanodeEventWatcher (RetriableDatanodeEventWatcher.java:onTimeout(47)) - RetriableDatanodeCommand type=deleteBlocksCommand with id=1568811902423 timed out. Retrying.
2019-09-18 13:05:06,447 [pool-7-thread-1] INFO  commands.RetriableDatanodeEventWatcher (RetriableDatanodeEventWatcher.java:onTimeout(47)) - RetriableDatanodeCommand type=deleteBlocksCommand with id=1568811902433 timed out. Retrying.
2019-09-18 13:05:06,461 [pool-7-thread-1] INFO  commands.RetriableDatanodeEventWatcher (RetriableDatanodeEventWatcher.java:onTimeout(47)) - RetriableDatanodeCommand type=deleteBlocksCommand with id=1568811902443 timed out. Retrying.
2019-09-18 13:05:06,476 [SCMBlockDeletingService#0] DEBUG block.SCMBlockDeletingService (SCMBlockDeletingService.java:call(138)) - Running DeletedBlockTransactionScanner
2019-09-18 13:05:06,476 [SCMBlockDeletingService#0] DEBUG block.SCMBlockDeletingService (SCMBlockDeletingService.java:call(155)) - Scanned deleted blocks log and got 3 delTX to process.
2019-09-18 13:05:06,477 [SCMBlockDeletingService#0] DEBUG block.SCMBlockDeletingService (SCMBlockDeletingService.java:call(171)) - Added delete block command for datanode dd0a3b65-d36c-4f93-b232-3c8e6f6667b6 in the queue, number of delete block transactions: 3, TxID list: 1,2,3
2019-09-18 13:05:06,477 [SCMBlockDeletingService#0] INFO  block.SCMBlockDeletingService (SCMBlockDeletingService.java:call(182)) - Totally added 3 delete blocks command for 1 datanodes, task elapsed time: 1ms
2019-09-18 13:05:06,517 [pool-7-thread-1] INFO  commands.RetriableDatanodeEventWatcher (RetriableDatanodeEventWatcher.java:onTimeout(47)) - RetriableDatanodeCommand type=deleteBlocksCommand with id=1568811902414 timed out. Retrying.
2019-09-18 13:05:06,535 [pool-7-thread-1] INFO  commands.RetriableDatanodeEventWatcher (RetriableDatanodeEventWatcher.java:onTimeout(47)) - RetriableDatanodeCommand type=deleteBlocksCommand with id=1568811902424 timed out. Retrying.
2019-09-18 13:05:06,547 [pool-7-thread-1] INFO  commands.RetriableDatanodeEventWatcher (RetriableDatanodeEventWatcher.java:onTimeout(47)) - RetriableDatanodeCommand type=deleteBlocksCommand with id=1568811902434 timed out. Retrying.
2019-09-18 13:05:06,564 [pool-7-thread-1] INFO  commands.RetriableDatanodeEventWatcher (RetriableDatanodeEventWatcher.java:onTimeout(47)) - RetriableDatanodeCommand type=deleteBlocksCommand with id=1568811902444 timed out. Retrying.
2019-09-18 13:05:06,577 [SCMBlockDeletingService#0] DEBUG block.SCMBlockDeletingService (SCMBlockDeletingService.java:call(138)) - Running DeletedBlockTransactionScanner
2019-09-18 13:05:06,578 [SCMBlockDeletingService#0] DEBUG block.SCMBlockDeletingService (SCMBlockDeletingService.java:call(155)) - Scanned deleted blocks log and got 3 delTX to process.
2019-09-18 13:05:06,578 [SCMBlockDeletingService#0] DEBUG block.SCMBlockDeletingService (SCMBlockDeletingService.java:call(171)) - Added delete block command for datanode dd0a3b65-d36c-4f93-b232-3c8e6f6667b6 in the queue, number of delete block transactions: 3, TxID list: 1,2,3
2019-09-18 13:05:06,578 [SCMBlockDeletingService#0] INFO  block.SCMBlockDeletingService (SCMBlockDeletingService.java:call(182)) - Totally added 3 delete blocks command for 1 datanodes, task elapsed time: 1ms
2019-09-18 13:05:06,619 [pool-7-thread-1] INFO  commands.RetriableDatanodeEventWatcher (RetriableDatanodeEventWatcher.java:onTimeout(47)) - RetriableDatanodeCommand type=deleteBlocksCommand with id=1568811902415 timed out. Retrying.
2019-09-18 13:05:06,636 [pool-7-thread-1] INFO  commands.RetriableDatanodeEventWatcher (RetriableDatanodeEventWatcher.java:onTimeout(47)) - RetriableDatanodeCommand type=deleteBlocksCommand with id=1568811902425 timed out. Retrying.
2019-09-18 13:05:06,651 [pool-7-thread-1] INFO  commands.RetriableDatanodeEventWatcher (RetriableDatanodeEventWatcher.java:onTimeout(47)) - RetriableDatanodeCommand type=deleteBlocksCommand with id=1568811902435 timed out. Retrying.
2019-09-18 13:05:06,664 [pool-7-thread-1] INFO  commands.RetriableDatanodeEventWatcher (RetriableDatanodeEventWatcher.java:onTimeout(47)) - RetriableDatanodeCommand type=deleteBlocksCommand with id=1568811902445 timed out. Retrying.
2019-09-18 13:05:06,679 [SCMBlockDeletingService#0] DEBUG block.SCMBlockDeletingService (SCMBlockDeletingService.java:call(138)) - Running DeletedBlockTransactionScanner
2019-09-18 13:05:06,679 [SCMBlockDeletingService#0] DEBUG block.SCMBlockDeletingService (SCMBlockDeletingService.java:call(155)) - Scanned deleted blocks log and got 3 delTX to process.
2019-09-18 13:05:06,680 [SCMBlockDeletingService#0] DEBUG block.SCMBlockDeletingService (SCMBlockDeletingService.java:call(171)) - Added delete block command for datanode dd0a3b65-d36c-4f93-b232-3c8e6f6667b6 in the queue, number of delete block transactions: 3, TxID list: 1,2,3
2019-09-18 13:05:06,680 [SCMBlockDeletingService#0] INFO  block.SCMBlockDeletingService (SCMBlockDeletingService.java:call(182)) - Totally added 3 delete blocks command for 1 datanodes, task elapsed time: 2ms
2019-09-18 13:05:06,723 [pool-7-thread-1] INFO  commands.RetriableDatanodeEventWatcher (RetriableDatanodeEventWatcher.java:onTimeout(47)) - RetriableDatanodeCommand type=deleteBlocksCommand with id=1568811902416 timed out. Retrying.
2019-09-18 13:05:06,736 [pool-7-thread-1] INFO  commands.RetriableDatanodeEventWatcher (RetriableDatanodeEventWatcher.java:onTimeout(47)) - RetriableDatanodeCommand type=deleteBlocksCommand with id=1568811902426 timed out. Retrying.
2019-09-18 13:05:06,752 [pool-7-thread-1] INFO  commands.RetriableDatanodeEventWatcher (RetriableDatanodeEventWatcher.java:onTimeout(47)) - RetriableDatanodeCommand type=deleteBlocksCommand with id=1568811902436 timed out. Retrying.
2019-09-18 13:05:06,767 [pool-7-thread-1] INFO  commands.RetriableDatanodeEventWatcher (RetriableDatanodeEventWatcher.java:onTimeout(47)) - RetriableDatanodeCommand type=deleteBlocksCommand with id=1568811902446 timed out. Retrying.
2019-09-18 13:05:06,780 [SCMBlockDeletingService#0] DEBUG block.SCMBlockDeletingService (SCMBlockDeletingService.java:call(138)) - Running DeletedBlockTransactionScanner
2019-09-18 13:05:06,781 [SCMBlockDeletingService#0] DEBUG block.SCMBlockDeletingService (SCMBlockDeletingService.java:call(155)) - Scanned deleted blocks log and got 3 delTX to process.
2019-09-18 13:05:06,781 [SCMBlockDeletingService#0] DEBUG block.SCMBlockDeletingService (SCMBlockDeletingService.java:call(171)) - Added delete block command for datanode dd0a3b65-d36c-4f93-b232-3c8e6f6667b6 in the queue, number of delete block transactions: 3, TxID list: 1,2,3
2019-09-18 13:05:06,782 [SCMBlockDeletingService#0] INFO  block.SCMBlockDeletingService (SCMBlockDeletingService.java:call(182)) - Totally added 3 delete blocks command for 1 datanodes, task elapsed time: 1ms
2019-09-18 13:05:06,822 [pool-7-thread-1] INFO  commands.RetriableDatanodeEventWatcher (RetriableDatanodeEventWatcher.java:onTimeout(47)) - RetriableDatanodeCommand type=deleteBlocksCommand with id=1568811902417 timed out. Retrying.
2019-09-18 13:05:06,838 [pool-7-thread-1] INFO  commands.RetriableDatanodeEventWatcher (RetriableDatanodeEventWatcher.java:onTimeout(47)) - RetriableDatanodeCommand type=deleteBlocksCommand with id=1568811902427 timed out. Retrying.
2019-09-18 13:05:06,853 [pool-7-thread-1] INFO  commands.RetriableDatanodeEventWatcher (RetriableDatanodeEventWatcher.java:onTimeout(47)) - RetriableDatanodeCommand type=deleteBlocksCommand with id=1568811902437 timed out. Retrying.
2019-09-18 13:05:06,867 [pool-7-thread-1] INFO  commands.RetriableDatanodeEventWatcher (RetriableDatanodeEventWatcher.java:onTimeout(47)) - RetriableDatanodeCommand type=deleteBlocksCommand with id=1568811902447 timed out. Retrying.
2019-09-18 13:05:06,882 [SCMBlockDeletingService#0] DEBUG block.SCMBlockDeletingService (SCMBlockDeletingService.java:call(138)) - Running DeletedBlockTransactionScanner
2019-09-18 13:05:06,882 [SCMBlockDeletingService#0] DEBUG block.SCMBlockDeletingService (SCMBlockDeletingService.java:call(155)) - Scanned deleted blocks log and got 3 delTX to process.
2019-09-18 13:05:06,883 [SCMBlockDeletingService#0] DEBUG block.SCMBlockDeletingService (SCMBlockDeletingService.java:call(171)) - Added delete block command for datanode dd0a3b65-d36c-4f93-b232-3c8e6f6667b6 in the queue, number of delete block transactions: 3, TxID list: 1,2,3
2019-09-18 13:05:06,883 [SCMBlockDeletingService#0] INFO  block.SCMBlockDeletingService (SCMBlockDeletingService.java:call(182)) - Totally added 3 delete blocks command for 1 datanodes, task elapsed time: 1ms
2019-09-18 13:05:06,926 [pool-7-thread-1] INFO  commands.RetriableDatanodeEventWatcher (RetriableDatanodeEventWatcher.java:onTimeout(47)) - RetriableDatanodeCommand type=deleteBlocksCommand with id=1568811902418 timed out. Retrying.
2019-09-18 13:05:06,939 [pool-7-thread-1] INFO  commands.RetriableDatanodeEventWatcher (RetriableDatanodeEventWatcher.java:onTimeout(47)) - RetriableDatanodeCommand type=deleteBlocksCommand with id=1568811902428 timed out. Retrying.
2019-09-18 13:05:06,955 [pool-7-thread-1] INFO  commands.RetriableDatanodeEventWatcher (RetriableDatanodeEventWatcher.java:onTimeout(47)) - RetriableDatanodeCommand type=deleteBlocksCommand with id=1568811902438 timed out. Retrying.
2019-09-18 13:05:06,969 [pool-7-thread-1] INFO  commands.RetriableDatanodeEventWatcher (RetriableDatanodeEventWatcher.java:onTimeout(47)) - RetriableDatanodeCommand type=deleteBlocksCommand with id=1568811902448 timed out. Retrying.
2019-09-18 13:05:06,983 [SCMBlockDeletingService#0] DEBUG block.SCMBlockDeletingService (SCMBlockDeletingService.java:call(138)) - Running DeletedBlockTransactionScanner
2019-09-18 13:05:06,984 [SCMBlockDeletingService#0] DEBUG block.SCMBlockDeletingService (SCMBlockDeletingService.java:call(155)) - Scanned deleted blocks log and got 3 delTX to process.
2019-09-18 13:05:06,984 [SCMBlockDeletingService#0] DEBUG block.SCMBlockDeletingService (SCMBlockDeletingService.java:call(171)) - Added delete block command for datanode dd0a3b65-d36c-4f93-b232-3c8e6f6667b6 in the queue, number of delete block transactions: 3, TxID list: 1,2,3
2019-09-18 13:05:06,984 [SCMBlockDeletingService#0] INFO  block.SCMBlockDeletingService (SCMBlockDeletingService.java:call(182)) - Totally added 3 delete blocks command for 1 datanodes, task elapsed time: 1ms
2019-09-18 13:05:07,025 [pool-7-thread-1] INFO  commands.RetriableDatanodeEventWatcher (RetriableDatanodeEventWatcher.java:onTimeout(47)) - RetriableDatanodeCommand type=deleteBlocksCommand with id=1568811902419 timed out. Retrying.
2019-09-18 13:05:07,043 [pool-7-thread-1] INFO  commands.RetriableDatanodeEventWatcher (RetriableDatanodeEventWatcher.java:onTimeout(47)) - RetriableDatanodeCommand type=deleteBlocksCommand with id=1568811902429 timed out. Retrying.
2019-09-18 13:05:07,055 [pool-7-thread-1] INFO  commands.RetriableDatanodeEventWatcher (RetriableDatanodeEventWatcher.java:onTimeout(47)) - RetriableDatanodeCommand type=deleteBlocksCommand with id=1568811902439 timed out. Retrying.
2019-09-18 13:05:07,071 [pool-7-thread-1] INFO  commands.RetriableDatanodeEventWatcher (RetriableDatanodeEventWatcher.java:onTimeout(47)) - RetriableDatanodeCommand type=deleteBlocksCommand with id=1568811902449 timed out. Retrying.
2019-09-18 13:05:07,085 [SCMBlockDeletingService#0] DEBUG block.SCMBlockDeletingService (SCMBlockDeletingService.java:call(138)) - Running DeletedBlockTransactionScanner
2019-09-18 13:05:07,085 [SCMBlockDeletingService#0] DEBUG block.SCMBlockDeletingService (SCMBlockDeletingService.java:call(155)) - Scanned deleted blocks log and got 3 delTX to process.
2019-09-18 13:05:07,085 [SCMBlockDeletingService#0] DEBUG block.SCMBlockDeletingService (SCMBlockDeletingService.java:call(171)) - Added delete block command for datanode dd0a3b65-d36c-4f93-b232-3c8e6f6667b6 in the queue, number of delete block transactions: 3, TxID list: 1,2,3
2019-09-18 13:05:07,086 [SCMBlockDeletingService#0] INFO  block.SCMBlockDeletingService (SCMBlockDeletingService.java:call(182)) - Totally added 3 delete blocks command for 1 datanodes, task elapsed time: 1ms
2019-09-18 13:05:07,129 [pool-7-thread-1] INFO  commands.RetriableDatanodeEventWatcher (RetriableDatanodeEventWatcher.java:onTimeout(47)) - RetriableDatanodeCommand type=deleteBlocksCommand with id=1568811902420 timed out. Retrying.
2019-09-18 13:05:07,141 [pool-7-thread-1] INFO  commands.RetriableDatanodeEventWatcher (RetriableDatanodeEventWatcher.java:onTimeout(47)) - RetriableDatanodeCommand type=deleteBlocksCommand with id=1568811902430 timed out. Retrying.
2019-09-18 13:05:07,159 [pool-7-thread-1] INFO  commands.RetriableDatanodeEventWatcher (RetriableDatanodeEventWatcher.java:onTimeout(47)) - RetriableDatanodeCommand type=deleteBlocksCommand with id=1568811902440 timed out. Retrying.
2019-09-18 13:05:07,173 [pool-7-thread-1] INFO  commands.RetriableDatanodeEventWatcher (RetriableDatanodeEventWatcher.java:onTimeout(47)) - RetriableDatanodeCommand type=deleteBlocksCommand with id=1568811902450 timed out. Retrying.
2019-09-18 13:05:07,186 [SCMBlockDeletingService#0] DEBUG block.SCMBlockDeletingService (SCMBlockDeletingService.java:call(138)) - Running DeletedBlockTransactionScanner
2019-09-18 13:05:07,187 [SCMBlockDeletingService#0] DEBUG block.SCMBlockDeletingService (SCMBlockDeletingService.java:call(155)) - Scanned deleted blocks log and got 3 delTX to process.
2019-09-18 13:05:07,187 [SCMBlockDeletingService#0] DEBUG block.SCMBlockDeletingService (SCMBlockDeletingService.java:call(171)) - Added delete block command for datanode dd0a3b65-d36c-4f93-b232-3c8e6f6667b6 in the queue, number of delete block transactions: 3, TxID list: 1,2,3
2019-09-18 13:05:07,187 [SCMBlockDeletingService#0] INFO  block.SCMBlockDeletingService (SCMBlockDeletingService.java:call(182)) - Totally added 3 delete blocks command for 1 datanodes, task elapsed time: 1ms
2019-09-18 13:05:07,229 [pool-7-thread-1] INFO  commands.RetriableDatanodeEventWatcher (RetriableDatanodeEventWatcher.java:onTimeout(47)) - RetriableDatanodeCommand type=deleteBlocksCommand with id=1568811902421 timed out. Retrying.
2019-09-18 13:05:07,245 [pool-7-thread-1] INFO  commands.RetriableDatanodeEventWatcher (RetriableDatanodeEventWatcher.java:onTimeout(47)) - RetriableDatanodeCommand type=deleteBlocksCommand with id=1568811902431 timed out. Retrying.
2019-09-18 13:05:07,258 [pool-7-thread-1] INFO  commands.RetriableDatanodeEventWatcher (RetriableDatanodeEventWatcher.java:onTimeout(47)) - RetriableDatanodeCommand type=deleteBlocksCommand with id=1568811902441 timed out. Retrying.
2019-09-18 13:05:07,274 [pool-7-thread-1] INFO  commands.RetriableDatanodeEventWatcher (RetriableDatanodeEventWatcher.java:onTimeout(47)) - RetriableDatanodeCommand type=deleteBlocksCommand with id=1568811902451 timed out. Retrying.
2019-09-18 13:05:07,287 [SCMBlockDeletingService#0] DEBUG block.SCMBlockDeletingService (SCMBlockDeletingService.java:call(138)) - Running DeletedBlockTransactionScanner
2019-09-18 13:05:07,288 [SCMBlockDeletingService#0] DEBUG block.SCMBlockDeletingService (SCMBlockDeletingService.java:call(155)) - Scanned deleted blocks log and got 3 delTX to process.
2019-09-18 13:05:07,288 [SCMBlockDeletingService#0] DEBUG block.SCMBlockDeletingService (SCMBlockDeletingService.java:call(171)) - Added delete block command for datanode dd0a3b65-d36c-4f93-b232-3c8e6f6667b6 in the queue, number of delete block transactions: 3, TxID list: 1,2,3
2019-09-18 13:05:07,288 [SCMBlockDeletingService#0] INFO  block.SCMBlockDeletingService (SCMBlockDeletingService.java:call(182)) - Totally added 3 delete blocks command for 1 datanodes, task elapsed time: 1ms
2019-09-18 13:05:07,329 [pool-7-thread-1] INFO  commands.RetriableDatanodeEventWatcher (RetriableDatanodeEventWatcher.java:onTimeout(47)) - RetriableDatanodeCommand type=deleteBlocksCommand with id=1568811902422 timed out. Retrying.
2019-09-18 13:05:07,347 [pool-7-thread-1] INFO  commands.RetriableDatanodeEventWatcher (RetriableDatanodeEventWatcher.java:onTimeout(47)) - RetriableDatanodeCommand type=deleteBlocksCommand with id=1568811902432 timed out. Retrying.
2019-09-18 13:05:07,361 [pool-7-thread-1] INFO  commands.RetriableDatanodeEventWatcher (RetriableDatanodeEventWatcher.java:onTimeout(47)) - RetriableDatanodeCommand type=deleteBlocksCommand with id=1568811902442 timed out. Retrying.
2019-09-18 13:05:07,361 [main] INFO  ozoneimpl.OzoneContainer (OzoneContainer.java:stop(231)) - Attempting to stop container services.
2019-09-18 13:05:07,363 [main] INFO  impl.RaftServerProxy (RaftServerProxy.java:lambda$close$4(314)) - dd0a3b65-d36c-4f93-b232-3c8e6f6667b6: close
2019-09-18 13:05:07,366 [main] INFO  impl.RaftServerImpl (RaftServerImpl.java:lambda$shutdown$3(251)) - dd0a3b65-d36c-4f93-b232-3c8e6f6667b6@group-B02456D89C11: shutdown
2019-09-18 13:05:07,366 [main] INFO  util.JmxRegister (JmxRegister.java:unregister(73)) - Successfully un-registered JMX Bean with object name Ratis:service=RaftServer,group=group-B02456D89C11,id=dd0a3b65-d36c-4f93-b232-3c8e6f6667b6
2019-09-18 13:05:07,368 [main] INFO  impl.RoleInfo (RoleInfo.java:shutdownLeaderState(104)) - dd0a3b65-d36c-4f93-b232-3c8e6f6667b6: shutdown LeaderState
2019-09-18 13:05:07,369 [main] INFO  impl.PendingRequests (PendingRequests.java:sendNotLeaderResponses(202)) - dd0a3b65-d36c-4f93-b232-3c8e6f6667b6-PendingRequests: sendNotLeaderResponses
2019-09-18 13:05:07,375 [main] INFO  impl.StateMachineUpdater (StateMachineUpdater.java:stopAndJoin(125)) - dd0a3b65-d36c-4f93-b232-3c8e6f6667b6@group-B02456D89C11-StateMachineUpdater: set stopIndex = 6193
2019-09-18 13:05:07,376 [pool-7-thread-1] INFO  commands.RetriableDatanodeEventWatcher (RetriableDatanodeEventWatcher.java:onTimeout(47)) - RetriableDatanodeCommand type=deleteBlocksCommand with id=1568811902452 timed out. Retrying.
2019-09-18 13:05:07,376 [dd0a3b65-d36c-4f93-b232-3c8e6f6667b6@group-B02456D89C11-StateMachineUpdater] INFO  ratis.ContainerStateMachine (ContainerStateMachine.java:takeSnapshot(289)) - group-B02456D89C11: Taking a snapshot at:(t:1, i:6193) file /workdir/hadoop-ozone/integration-test/target/test-dir/MiniOzoneClusterImpl-d4f86b9a-5145-424e-a2a6-5719e876ec3b/datanode-0/data/ratis/0a294b72-135c-4742-84ec-b02456d89c11/sm/snapshot.1_6193
2019-09-18 13:05:07,389 [SCMBlockDeletingService#0] DEBUG block.SCMBlockDeletingService (SCMBlockDeletingService.java:call(138)) - Running DeletedBlockTransactionScanner
2019-09-18 13:05:07,389 [SCMBlockDeletingService#0] DEBUG block.SCMBlockDeletingService (SCMBlockDeletingService.java:call(155)) - Scanned deleted blocks log and got 3 delTX to process.
2019-09-18 13:05:07,389 [SCMBlockDeletingService#0] DEBUG block.SCMBlockDeletingService (SCMBlockDeletingService.java:call(171)) - Added delete block command for datanode dd0a3b65-d36c-4f93-b232-3c8e6f6667b6 in the queue, number of delete block transactions: 3, TxID list: 1,2,3
2019-09-18 13:05:07,390 [SCMBlockDeletingService#0] INFO  block.SCMBlockDeletingService (SCMBlockDeletingService.java:call(182)) - Totally added 3 delete blocks command for 1 datanodes, task elapsed time: 1ms
2019-09-18 13:05:07,417 [dd0a3b65-d36c-4f93-b232-3c8e6f6667b6@group-B02456D89C11-StateMachineUpdater] INFO  ratis.ContainerStateMachine (ContainerStateMachine.java:takeSnapshot(300)) - group-B02456D89C11: Finished taking a snapshot at:(t:1, i:6193) file:/workdir/hadoop-ozone/integration-test/target/test-dir/MiniOzoneClusterImpl-d4f86b9a-5145-424e-a2a6-5719e876ec3b/datanode-0/data/ratis/0a294b72-135c-4742-84ec-b02456d89c11/sm/snapshot.1_6193 time:41
2019-09-18 13:05:07,418 [dd0a3b65-d36c-4f93-b232-3c8e6f6667b6@group-B02456D89C11-StateMachineUpdater] INFO  impl.StateMachineUpdater (StateMachineUpdater.java:takeSnapshot(258)) - dd0a3b65-d36c-4f93-b232-3c8e6f6667b6@group-B02456D89C11-StateMachineUpdater: Took a snapshot at index 6193
2019-09-18 13:05:07,419 [dd0a3b65-d36c-4f93-b232-3c8e6f6667b6@group-B02456D89C11-StateMachineUpdater] INFO  impl.StateMachineUpdater (StateMachineUpdater.java:lambda$new$0(83)) - dd0a3b65-d36c-4f93-b232-3c8e6f6667b6@group-B02456D89C11-StateMachineUpdater: snapshotIndex: updateIncreasingly -1 -> 6193
2019-09-18 13:05:07,421 [pool-7-thread-1] INFO  commands.RetriableDatanodeEventWatcher (RetriableDatanodeEventWatcher.java:onTimeout(47)) - RetriableDatanodeCommand type=deleteBlocksCommand with id=1568811902413 timed out. Retrying.
2019-09-18 13:05:07,431 [main] INFO  impl.RaftServerImpl (ServerState.java:close(385)) - dd0a3b65-d36c-4f93-b232-3c8e6f6667b6@group-B02456D89C11: closes. applyIndex: 6193
2019-09-18 13:05:07,433 [pool-7-thread-1] INFO  commands.RetriableDatanodeEventWatcher (RetriableDatanodeEventWatcher.java:onTimeout(47)) - RetriableDatanodeCommand type=deleteBlocksCommand with id=1568811902423 timed out. Retrying.
2019-09-18 13:05:07,436 [dd0a3b65-d36c-4f93-b232-3c8e6f6667b6@group-B02456D89C11-SegmentedRaftLogWorker] INFO  segmented.SegmentedRaftLogWorker (SegmentedRaftLogWorker.java:run(313)) - dd0a3b65-d36c-4f93-b232-3c8e6f6667b6@group-B02456D89C11-SegmentedRaftLogWorker was interrupted, exiting. There are 0 tasks remaining in the queue.
2019-09-18 13:05:07,437 [main] INFO  segmented.SegmentedRaftLogWorker (SegmentedRaftLogWorker.java:close(228)) - dd0a3b65-d36c-4f93-b232-3c8e6f6667b6@group-B02456D89C11-SegmentedRaftLogWorker close()
2019-09-18 13:05:07,439 [main] INFO  server.GrpcService (GrpcService.java:closeImpl(164)) - dd0a3b65-d36c-4f93-b232-3c8e6f6667b6: shutdown server with port 41901 now
2019-09-18 13:05:07,443 [main] INFO  server.GrpcService (GrpcService.java:closeImpl(172)) - dd0a3b65-d36c-4f93-b232-3c8e6f6667b6: shutdown server with port 41901 successfully
2019-09-18 13:05:07,447 [pool-7-thread-1] INFO  commands.RetriableDatanodeEventWatcher (RetriableDatanodeEventWatcher.java:onTimeout(47)) - RetriableDatanodeCommand type=deleteBlocksCommand with id=1568811902433 timed out. Retrying.
2019-09-18 13:05:07,453 [refreshUsed-/workdir/hadoop-ozone/integration-test/target/test-dir/MiniOzoneClusterImpl-d4f86b9a-5145-424e-a2a6-5719e876ec3b/datanode-0/data/containers] WARN  fs.CachingGetSpaceUsed (CachingGetSpaceUsed.java:run(183)) - Thread Interrupted waiting to refresh disk information: sleep interrupted
2019-09-18 13:05:07,462 [pool-7-thread-1] INFO  commands.RetriableDatanodeEventWatcher (RetriableDatanodeEventWatcher.java:onTimeout(47)) - RetriableDatanodeCommand type=deleteBlocksCommand with id=1568811902443 timed out. Retrying.
2019-09-18 13:05:07,469 [main] INFO  utils.BackgroundService (BackgroundService.java:shutdown(148)) - Shutting down service BlockDeletingService
2019-09-18 13:05:07,473 [main] INFO  statemachine.DatanodeStateMachine (DatanodeStateMachine.java:stopDaemon(395)) - Ozone container server stopped.
2019-09-18 13:05:07,476 [pool-7-thread-1] INFO  commands.RetriableDatanodeEventWatcher (RetriableDatanodeEventWatcher.java:onTimeout(47)) - RetriableDatanodeCommand type=deleteBlocksCommand with id=1568811902453 timed out. Retrying.
2019-09-18 13:05:07,479 [main] INFO  handler.ContextHandler (ContextHandler.java:doStop(910)) - Stopped o.e.j.w.WebAppContext@70228253{/,null,UNAVAILABLE}{/hddsDatanode}
2019-09-18 13:05:07,485 [main] INFO  server.AbstractConnector (AbstractConnector.java:doStop(318)) - Stopped ServerConnector@63c12e52{HTTP/1.1,[http/1.1]}{0.0.0.0:0}
2019-09-18 13:05:07,485 [main] INFO  handler.ContextHandler (ContextHandler.java:doStop(910)) - Stopped o.e.j.s.ServletContextHandler@51c959a4{/static,jar:file:/home/user/.m2/repository/org/apache/hadoop/hadoop-hdds-container-service/0.5.0-SNAPSHOT/hadoop-hdds-container-service-0.5.0-SNAPSHOT.jar!/webapps/static,UNAVAILABLE}
2019-09-18 13:05:07,486 [main] INFO  handler.ContextHandler (ContextHandler.java:doStop(910)) - Stopped o.e.j.s.ServletContextHandler@1229a2b7{/logs,file:///workdir/hadoop-ozone/integration-test/target/log,UNAVAILABLE}
2019-09-18 13:05:07,490 [SCMBlockDeletingService#1] DEBUG block.SCMBlockDeletingService (SCMBlockDeletingService.java:call(138)) - Running DeletedBlockTransactionScanner
2019-09-18 13:05:07,491 [SCMBlockDeletingService#1] DEBUG block.SCMBlockDeletingService (SCMBlockDeletingService.java:call(155)) - Scanned deleted blocks log and got 3 delTX to process.
2019-09-18 13:05:07,491 [SCMBlockDeletingService#1] DEBUG block.SCMBlockDeletingService (SCMBlockDeletingService.java:call(171)) - Added delete block command for datanode dd0a3b65-d36c-4f93-b232-3c8e6f6667b6 in the queue, number of delete block transactions: 3, TxID list: 1,2,3
2019-09-18 13:05:07,491 [SCMBlockDeletingService#1] INFO  block.SCMBlockDeletingService (SCMBlockDeletingService.java:call(182)) - Totally added 3 delete blocks command for 1 datanodes, task elapsed time: 1ms
2019-09-18 13:05:07,518 [pool-7-thread-1] INFO  commands.RetriableDatanodeEventWatcher (RetriableDatanodeEventWatcher.java:onTimeout(47)) - RetriableDatanodeCommand type=deleteBlocksCommand with id=1568811902414 timed out. Retrying.
2019-09-18 13:05:07,535 [pool-7-thread-1] INFO  commands.RetriableDatanodeEventWatcher (RetriableDatanodeEventWatcher.java:onTimeout(47)) - RetriableDatanodeCommand type=deleteBlocksCommand with id=1568811902424 timed out. Retrying.
2019-09-18 13:05:07,548 [pool-7-thread-1] INFO  commands.RetriableDatanodeEventWatcher (RetriableDatanodeEventWatcher.java:onTimeout(47)) - RetriableDatanodeCommand type=deleteBlocksCommand with id=1568811902434 timed out. Retrying.
2019-09-18 13:05:07,564 [pool-7-thread-1] INFO  commands.RetriableDatanodeEventWatcher (RetriableDatanodeEventWatcher.java:onTimeout(47)) - RetriableDatanodeCommand type=deleteBlocksCommand with id=1568811902444 timed out. Retrying.
2019-09-18 13:05:07,579 [pool-7-thread-1] INFO  commands.RetriableDatanodeEventWatcher (RetriableDatanodeEventWatcher.java:onTimeout(47)) - RetriableDatanodeCommand type=deleteBlocksCommand with id=1568811902454 timed out. Retrying.
2019-09-18 13:05:07,592 [SCMBlockDeletingService#1] DEBUG block.SCMBlockDeletingService (SCMBlockDeletingService.java:call(138)) - Running DeletedBlockTransactionScanner
2019-09-18 13:05:07,592 [SCMBlockDeletingService#1] DEBUG block.SCMBlockDeletingService (SCMBlockDeletingService.java:call(155)) - Scanned deleted blocks log and got 3 delTX to process.
2019-09-18 13:05:07,592 [SCMBlockDeletingService#1] DEBUG block.SCMBlockDeletingService (SCMBlockDeletingService.java:call(171)) - Added delete block command for datanode dd0a3b65-d36c-4f93-b232-3c8e6f6667b6 in the queue, number of delete block transactions: 3, TxID list: 1,2,3
2019-09-18 13:05:07,593 [SCMBlockDeletingService#1] INFO  block.SCMBlockDeletingService (SCMBlockDeletingService.java:call(182)) - Totally added 3 delete blocks command for 1 datanodes, task elapsed time: 1ms
2019-09-18 13:05:07,620 [pool-7-thread-1] INFO  commands.RetriableDatanodeEventWatcher (RetriableDatanodeEventWatcher.java:onTimeout(47)) - RetriableDatanodeCommand type=deleteBlocksCommand with id=1568811902415 timed out. Retrying.
2019-09-18 13:05:07,636 [pool-7-thread-1] INFO  commands.RetriableDatanodeEventWatcher (RetriableDatanodeEventWatcher.java:onTimeout(47)) - RetriableDatanodeCommand type=deleteBlocksCommand with id=1568811902425 timed out. Retrying.
2019-09-18 13:05:07,652 [pool-7-thread-1] INFO  commands.RetriableDatanodeEventWatcher (RetriableDatanodeEventWatcher.java:onTimeout(47)) - RetriableDatanodeCommand type=deleteBlocksCommand with id=1568811902435 timed out. Retrying.
2019-09-18 13:05:07,665 [pool-7-thread-1] INFO  commands.RetriableDatanodeEventWatcher (RetriableDatanodeEventWatcher.java:onTimeout(47)) - RetriableDatanodeCommand type=deleteBlocksCommand with id=1568811902445 timed out. Retrying.
2019-09-18 13:05:07,680 [pool-7-thread-1] INFO  commands.RetriableDatanodeEventWatcher (RetriableDatanodeEventWatcher.java:onTimeout(47)) - RetriableDatanodeCommand type=deleteBlocksCommand with id=1568811902455 timed out. Retrying.
2019-09-18 13:05:07,693 [SCMBlockDeletingService#1] DEBUG block.SCMBlockDeletingService (SCMBlockDeletingService.java:call(138)) - Running DeletedBlockTransactionScanner
2019-09-18 13:05:07,694 [SCMBlockDeletingService#1] DEBUG block.SCMBlockDeletingService (SCMBlockDeletingService.java:call(155)) - Scanned deleted blocks log and got 3 delTX to process.
2019-09-18 13:05:07,694 [SCMBlockDeletingService#1] DEBUG block.SCMBlockDeletingService (SCMBlockDeletingService.java:call(171)) - Added delete block command for datanode dd0a3b65-d36c-4f93-b232-3c8e6f6667b6 in the queue, number of delete block transactions: 3, TxID list: 1,2,3
2019-09-18 13:05:07,694 [SCMBlockDeletingService#1] INFO  block.SCMBlockDeletingService (SCMBlockDeletingService.java:call(182)) - Totally added 3 delete blocks command for 1 datanodes, task elapsed time: 1ms
2019-09-18 13:05:07,723 [pool-7-thread-1] INFO  commands.RetriableDatanodeEventWatcher (RetriableDatanodeEventWatcher.java:onTimeout(47)) - RetriableDatanodeCommand type=deleteBlocksCommand with id=1568811902416 timed out. Retrying.
2019-09-18 13:05:07,737 [pool-7-thread-1] INFO  commands.RetriableDatanodeEventWatcher (RetriableDatanodeEventWatcher.java:onTimeout(47)) - RetriableDatanodeCommand type=deleteBlocksCommand with id=1568811902426 timed out. Retrying.
2019-09-18 13:05:07,752 [pool-7-thread-1] INFO  commands.RetriableDatanodeEventWatcher (RetriableDatanodeEventWatcher.java:onTimeout(47)) - RetriableDatanodeCommand type=deleteBlocksCommand with id=1568811902436 timed out. Retrying.
2019-09-18 13:05:07,768 [pool-7-thread-1] INFO  commands.RetriableDatanodeEventWatcher (RetriableDatanodeEventWatcher.java:onTimeout(47)) - RetriableDatanodeCommand type=deleteBlocksCommand with id=1568811902446 timed out. Retrying.
2019-09-18 13:05:07,782 [pool-7-thread-1] INFO  commands.RetriableDatanodeEventWatcher (RetriableDatanodeEventWatcher.java:onTimeout(47)) - RetriableDatanodeCommand type=deleteBlocksCommand with id=1568811902456 timed out. Retrying.
2019-09-18 13:05:07,795 [SCMBlockDeletingService#1] DEBUG block.SCMBlockDeletingService (SCMBlockDeletingService.java:call(138)) - Running DeletedBlockTransactionScanner
2019-09-18 13:05:07,795 [SCMBlockDeletingService#1] DEBUG block.SCMBlockDeletingService (SCMBlockDeletingService.java:call(155)) - Scanned deleted blocks log and got 3 delTX to process.
2019-09-18 13:05:07,795 [SCMBlockDeletingService#1] DEBUG block.SCMBlockDeletingService (SCMBlockDeletingService.java:call(171)) - Added delete block command for datanode dd0a3b65-d36c-4f93-b232-3c8e6f6667b6 in the queue, number of delete block transactions: 3, TxID list: 1,2,3
2019-09-18 13:05:07,796 [SCMBlockDeletingService#1] INFO  block.SCMBlockDeletingService (SCMBlockDeletingService.java:call(182)) - Totally added 3 delete blocks command for 1 datanodes, task elapsed time: 1ms
2019-09-18 13:05:07,823 [pool-7-thread-1] INFO  commands.RetriableDatanodeEventWatcher (RetriableDatanodeEventWatcher.java:onTimeout(47)) - RetriableDatanodeCommand type=deleteBlocksCommand with id=1568811902417 timed out. Retrying.
2019-09-18 13:05:07,838 [pool-7-thread-1] INFO  commands.RetriableDatanodeEventWatcher (RetriableDatanodeEventWatcher.java:onTimeout(47)) - RetriableDatanodeCommand type=deleteBlocksCommand with id=1568811902427 timed out. Retrying.
2019-09-18 13:05:07,854 [pool-7-thread-1] INFO  commands.RetriableDatanodeEventWatcher (RetriableDatanodeEventWatcher.java:onTimeout(47)) - RetriableDatanodeCommand type=deleteBlocksCommand with id=1568811902437 timed out. Retrying.
2019-09-18 13:05:07,868 [pool-7-thread-1] INFO  commands.RetriableDatanodeEventWatcher (RetriableDatanodeEventWatcher.java:onTimeout(47)) - RetriableDatanodeCommand type=deleteBlocksCommand with id=1568811902447 timed out. Retrying.
2019-09-18 13:05:07,882 [pool-7-thread-1] INFO  commands.RetriableDatanodeEventWatcher (RetriableDatanodeEventWatcher.java:onTimeout(47)) - RetriableDatanodeCommand type=deleteBlocksCommand with id=1568811902457 timed out. Retrying.
2019-09-18 13:05:07,896 [SCMBlockDeletingService#1] DEBUG block.SCMBlockDeletingService (SCMBlockDeletingService.java:call(138)) - Running DeletedBlockTransactionScanner
2019-09-18 13:05:07,897 [SCMBlockDeletingService#1] DEBUG block.SCMBlockDeletingService (SCMBlockDeletingService.java:call(155)) - Scanned deleted blocks log and got 3 delTX to process.
2019-09-18 13:05:07,897 [SCMBlockDeletingService#1] DEBUG block.SCMBlockDeletingService (SCMBlockDeletingService.java:call(171)) - Added delete block command for datanode dd0a3b65-d36c-4f93-b232-3c8e6f6667b6 in the queue, number of delete block transactions: 3, TxID list: 1,2,3
2019-09-18 13:05:07,897 [SCMBlockDeletingService#1] INFO  block.SCMBlockDeletingService (SCMBlockDeletingService.java:call(182)) - Totally added 3 delete blocks command for 1 datanodes, task elapsed time: 1ms
2019-09-18 13:05:07,926 [pool-7-thread-1] INFO  commands.RetriableDatanodeEventWatcher (RetriableDatanodeEventWatcher.java:onTimeout(47)) - RetriableDatanodeCommand type=deleteBlocksCommand with id=1568811902418 timed out. Retrying.
2019-09-18 13:05:07,939 [pool-7-thread-1] INFO  commands.RetriableDatanodeEventWatcher (RetriableDatanodeEventWatcher.java:onTimeout(47)) - RetriableDatanodeCommand type=deleteBlocksCommand with id=1568811902428 timed out. Retrying.
2019-09-18 13:05:07,955 [pool-7-thread-1] INFO  commands.RetriableDatanodeEventWatcher (RetriableDatanodeEventWatcher.java:onTimeout(47)) - RetriableDatanodeCommand type=deleteBlocksCommand with id=1568811902438 timed out. Retrying.
2019-09-18 13:05:07,970 [pool-7-thread-1] INFO  commands.RetriableDatanodeEventWatcher (RetriableDatanodeEventWatcher.java:onTimeout(47)) - RetriableDatanodeCommand type=deleteBlocksCommand with id=1568811902448 timed out. Retrying.
2019-09-18 13:05:07,985 [pool-7-thread-1] INFO  commands.RetriableDatanodeEventWatcher (RetriableDatanodeEventWatcher.java:onTimeout(47)) - RetriableDatanodeCommand type=deleteBlocksCommand with id=1568811902458 timed out. Retrying.
2019-09-18 13:05:07,988 [main] INFO  ozone.MiniOzoneClusterImpl (MiniOzoneClusterImpl.java:lambda$waitForClusterToBeReady$0(145)) - Cluster is ready. Got 0 of 0 DN Heartbeats.
2019-09-18 13:05:07,993 [main] INFO  impl.MetricsSystemImpl (MetricsSystemImpl.java:init(158)) - HddsDatanode metrics system started (again)
2019-09-18 13:05:07,998 [SCMBlockDeletingService#1] DEBUG block.SCMBlockDeletingService (SCMBlockDeletingService.java:call(138)) - Running DeletedBlockTransactionScanner
2019-09-18 13:05:07,999 [SCMBlockDeletingService#1] DEBUG block.SCMBlockDeletingService (SCMBlockDeletingService.java:call(155)) - Scanned deleted blocks log and got 3 delTX to process.
2019-09-18 13:05:07,999 [SCMBlockDeletingService#1] DEBUG block.SCMBlockDeletingService (SCMBlockDeletingService.java:call(171)) - Added delete block command for datanode dd0a3b65-d36c-4f93-b232-3c8e6f6667b6 in the queue, number of delete block transactions: 3, TxID list: 1,2,3
2019-09-18 13:05:07,999 [SCMBlockDeletingService#1] INFO  block.SCMBlockDeletingService (SCMBlockDeletingService.java:call(182)) - Totally added 3 delete blocks command for 1 datanodes, task elapsed time: 1ms
2019-09-18 13:05:08,025 [pool-7-thread-1] INFO  commands.RetriableDatanodeEventWatcher (RetriableDatanodeEventWatcher.java:onTimeout(47)) - RetriableDatanodeCommand type=deleteBlocksCommand with id=1568811902419 timed out. Retrying.
2019-09-18 13:05:08,044 [pool-7-thread-1] INFO  commands.RetriableDatanodeEventWatcher (RetriableDatanodeEventWatcher.java:onTimeout(47)) - RetriableDatanodeCommand type=deleteBlocksCommand with id=1568811902429 timed out. Retrying.
2019-09-18 13:05:08,051 [main] INFO  ozone.HddsDatanodeService (HddsDatanodeService.java:start(184)) - HddsDatanodeService host:pr-hdds-2141-4zm8s-3863693661 ip:192.168.69.108
2019-09-18 13:05:08,056 [pool-7-thread-1] INFO  commands.RetriableDatanodeEventWatcher (RetriableDatanodeEventWatcher.java:onTimeout(47)) - RetriableDatanodeCommand type=deleteBlocksCommand with id=1568811902439 timed out. Retrying.
2019-09-18 13:05:08,057 [main] INFO  volume.VolumeUsage (VolumeUsage.java:loadScmUsed(144)) - Cached ScmUsed found for /workdir/hadoop-ozone/integration-test/target/test-dir/MiniOzoneClusterImpl-d4f86b9a-5145-424e-a2a6-5719e876ec3b/datanode-0/data/containers : 4096 
2019-09-18 13:05:08,057 [main] INFO  volume.HddsVolume (HddsVolume.java:<init>(176)) - Creating Volume: /workdir/hadoop-ozone/integration-test/target/test-dir/MiniOzoneClusterImpl-d4f86b9a-5145-424e-a2a6-5719e876ec3b/datanode-0/data/containers/hdds of  storage type : DISK and capacity : 1482555576320
2019-09-18 13:05:08,058 [main] INFO  volume.VolumeSet (VolumeSet.java:initializeVolumeSet(170)) - Added Volume : /workdir/hadoop-ozone/integration-test/target/test-dir/MiniOzoneClusterImpl-d4f86b9a-5145-424e-a2a6-5719e876ec3b/datanode-0/data/containers/hdds to VolumeSet
2019-09-18 13:05:08,058 [main] INFO  volume.ThrottledAsyncChecker (ThrottledAsyncChecker.java:schedule(139)) - Scheduling a check for org.apache.hadoop.ozone.container.common.volume.HddsVolume@462abec3
2019-09-18 13:05:08,059 [main] INFO  volume.HddsVolumeChecker (HddsVolumeChecker.java:checkAllVolumes(202)) - Scheduled health check for volume org.apache.hadoop.ozone.container.common.volume.HddsVolume@462abec3
2019-09-18 13:05:08,071 [pool-7-thread-1] INFO  commands.RetriableDatanodeEventWatcher (RetriableDatanodeEventWatcher.java:onTimeout(47)) - RetriableDatanodeCommand type=deleteBlocksCommand with id=1568811902449 timed out. Retrying.
2019-09-18 13:05:08,086 [pool-7-thread-1] INFO  commands.RetriableDatanodeEventWatcher (RetriableDatanodeEventWatcher.java:onTimeout(47)) - RetriableDatanodeCommand type=deleteBlocksCommand with id=1568811902459 timed out. Retrying.
2019-09-18 13:05:08,100 [SCMBlockDeletingService#1] DEBUG block.SCMBlockDeletingService (SCMBlockDeletingService.java:call(138)) - Running DeletedBlockTransactionScanner
2019-09-18 13:05:08,100 [SCMBlockDeletingService#1] DEBUG block.SCMBlockDeletingService (SCMBlockDeletingService.java:call(155)) - Scanned deleted blocks log and got 3 delTX to process.
2019-09-18 13:05:08,100 [SCMBlockDeletingService#1] DEBUG block.SCMBlockDeletingService (SCMBlockDeletingService.java:call(171)) - Added delete block command for datanode dd0a3b65-d36c-4f93-b232-3c8e6f6667b6 in the queue, number of delete block transactions: 3, TxID list: 1,2,3
2019-09-18 13:05:08,101 [SCMBlockDeletingService#1] INFO  block.SCMBlockDeletingService (SCMBlockDeletingService.java:call(182)) - Totally added 3 delete blocks command for 1 datanodes, task elapsed time: 1ms
2019-09-18 13:05:08,130 [pool-7-thread-1] INFO  commands.RetriableDatanodeEventWatcher (RetriableDatanodeEventWatcher.java:onTimeout(47)) - RetriableDatanodeCommand type=deleteBlocksCommand with id=1568811902420 timed out. Retrying.
2019-09-18 13:05:08,141 [pool-7-thread-1] INFO  commands.RetriableDatanodeEventWatcher (RetriableDatanodeEventWatcher.java:onTimeout(47)) - RetriableDatanodeCommand type=deleteBlocksCommand with id=1568811902430 timed out. Retrying.
2019-09-18 13:05:08,160 [pool-7-thread-1] INFO  commands.RetriableDatanodeEventWatcher (RetriableDatanodeEventWatcher.java:onTimeout(47)) - RetriableDatanodeCommand type=deleteBlocksCommand with id=1568811902440 timed out. Retrying.
2019-09-18 13:05:08,171 [main] INFO  impl.RaftServerProxy (ConfUtils.java:logGet(43)) - raft.rpc.type = GRPC (default)
2019-09-18 13:05:08,171 [main] INFO  grpc.GrpcFactory (GrpcFactory.java:checkPooledByteBufAllocatorUseCacheForAllThreads(45)) - PERFORMANCE WARNING: useCacheForAllThreads is true that may cause Netty to create a lot garbage objects and, as a result, trigger GC.
	It is recommended to disable useCacheForAllThreads by setting -Dorg.apache.ratis.thirdparty.io.netty.allocator.useCacheForAllThreads=false in command line.
2019-09-18 13:05:08,172 [main] INFO  grpc.GrpcConfigKeys$Server (ConfUtils.java:logGet(43)) - raft.grpc.server.port = 41901 (custom)
2019-09-18 13:05:08,172 [main] INFO  server.GrpcService (ConfUtils.java:logGet(43)) - raft.grpc.message.size.max = 33570816 (custom)
2019-09-18 13:05:08,172 [pool-7-thread-1] INFO  commands.RetriableDatanodeEventWatcher (RetriableDatanodeEventWatcher.java:onTimeout(47)) - RetriableDatanodeCommand type=deleteBlocksCommand with id=1568811902450 timed out. Retrying.
ConfUtils.java:logGet(43)) - raft.server.log.appender.buffer.byte-limit = 33554432 (custom)
2019-09-18 13:05:08,172 [pool-7-thread-1] INFO  commands.RetriableDatanodeEventWatcher (RetriableDatanodeEventWatcher.java:onTimeout(47)) - RetriableDatanodeCommand type=deleteBlocksCommand with id=1568811902450 timed out. Retrying.
2019-09-18 13:05:08,173 [main] INFO  server.GrpcService (ConfUtils.java:logGet(43)) - raft.grpc.flow.control.window = 1MB (=1048576) (default)
2019-09-18 13:05:08,173 [main] INFO  server.RaftServerConfigKeys (ConfUtils.java:logGet(43)) - raft.server.rpc.request.timeout = 3000ms (default)
2019-09-18 13:05:08,174 [main] INFO  server.RaftServerConfigKeys (ConfUtils.java:logGet(43)) - raft.server.storage.dir = [/workdir/hadoop-ozone/integration-test/target/test-dir/MiniOzoneClusterImpl-d4f86b9a-5145-424e-a2a6-5719e876ec3b/datanode-0/data/ratis] (custom)
2019-09-18 13:05:08,175 [main] INFO  impl.RaftServerProxy (RaftServerProxy.java:lambda$null$0(191)) - dd0a3b65-d36c-4f93-b232-3c8e6f6667b6: found a subdirectory /workdir/hadoop-ozone/integration-test/target/test-dir/MiniOzoneClusterImpl-d4f86b9a-5145-424e-a2a6-5719e876ec3b/datanode-0/data/ratis/0a294b72-135c-4742-84ec-b02456d89c11
2019-09-18 13:05:08,177 [main] INFO  impl.RaftServerProxy (RaftServerProxy.java:addNew(89)) - dd0a3b65-d36c-4f93-b232-3c8e6f6667b6: addNew group-B02456D89C11:[] returns group-B02456D89C11:java.util.concurrent.CompletableFuture@5a8c93[Not completed]
2019-09-18 13:05:08,180 [pool-592-thread-1] INFO  impl.RaftServerImpl (RaftServerImpl.java:<init>(95)) - dd0a3b65-d36c-4f93-b232-3c8e6f6667b6: new RaftServerImpl for group-B02456D89C11:[] with ContainerStateMachine:uninitialized
2019-09-18 13:05:08,180 [main] INFO  hdfs.DFSUtil (DFSUtil.java:httpServerTemplateForNNAndJN(1641)) - Starting Web-server for hddsDatanode at: http://0.0.0.0:34188
2019-09-18 13:05:08,181 [pool-592-thread-1] INFO  server.RaftServerConfigKeys (ConfUtils.java:logGet(43)) - raft.server.rpc.timeout.min = 5s (custom)
2019-09-18 13:05:08,181 [pool-592-thread-1] INFO  server.RaftServerConfigKeys (ConfUtils.java:logGet(43)) - raft.server.rpc.timeout.max = 5200ms (custom)
2019-09-18 13:05:08,182 [pool-592-thread-1] INFO  server.RaftServerConfigKeys (ConfUtils.java:logGet(43)) - raft.server.rpcslowness.timeout = 120s (custom)
2019-09-18 13:05:08,182 [pool-592-thread-1] INFO  server.RaftServerConfigKeys (ConfUtils.java:logGet(43)) - raft.server.sleep.deviation.threshold = 300 (default)
2019-09-18 13:05:08,182 [pool-592-thread-1] INFO  server.RaftServerConfigKeys (ConfUtils.java:logGet(43)) - raft.server.log.appender.install.snapshot.enabled = false (custom)
2019-09-18 13:05:08,182 [pool-592-thread-1] INFO  impl.RaftServerImpl (ServerState.java:<init>(103)) - dd0a3b65-d36c-4f93-b232-3c8e6f6667b6@group-B02456D89C11: ConfigurationManager, init=-1: [], old=null, confs=<EMPTY_MAP>
2019-09-18 13:05:08,182 [pool-592-thread-1] INFO  server.RaftServerConfigKeys (ConfUtils.java:logGet(43)) - raft.server.storage.dir = [/workdir/hadoop-ozone/integration-test/target/test-dir/MiniOzoneClusterImpl-d4f86b9a-5145-424e-a2a6-5719e876ec3b/datanode-0/data/ratis] (custom)
2019-09-18 13:05:08,183 [main] INFO  server.AuthenticationFilter (AuthenticationFilter.java:constructSecretProvider(240)) - Unable to initialize FileSignerSecretProvider, falling back to use random secrets.
2019-09-18 13:05:08,184 [main] WARN  http.HttpRequestLog (HttpRequestLog.java:getRequestLog(97)) - Jetty request log can only be enabled using Log4j
2019-09-18 13:05:08,186 [pool-7-thread-1] INFO  commands.RetriableDatanodeEventWatcher (RetriableDatanodeEventWatcher.java:onTimeout(47)) - RetriableDatanodeCommand type=deleteBlocksCommand with id=1568811902460 timed out. Retrying.
HttpServer2.java:addGlobalFilter(975)) - Added global filter 'safety' (class=org.apache.hadoop.http.HttpServer2$QuotingInputFilter)
2019-09-18 13:05:08,186 [pool-7-thread-1] INFO  commands.RetriableDatanodeEventWatcher (RetriableDatanodeEventWatcher.java:onTimeout(47)) - RetriableDatanodeCommand type=deleteBlocksCommand with id=1568811902460 timed out. Retrying.
2019-09-18 13:05:08,187 [main] INFO  http.HttpServer2 (HttpServer2.java:addFilter(948)) - Added filter static_user_filter (class=org.apache.hadoop.http.lib.StaticUserWebFilter$StaticUserFilter) to context hddsDatanode
2019-09-18 13:05:08,187 [main] INFO  http.HttpServer2 (HttpServer2.java:addFilter(958)) - Added filter static_user_filter (class=org.apache.hadoop.http.lib.StaticUserWebFilter$StaticUserFilter) to context logs
2019-09-18 13:05:08,187 [main] INFO  http.HttpServer2 (HttpServer2.java:addFilter(958)) - Added filter static_user_filter (class=org.apache.hadoop.http.lib.StaticUserWebFilter$StaticUserFilter) to context static
2019-09-18 13:05:08,189 [main] INFO  http.HttpServer2 (HttpServer2.java:bindListener(1191)) - Jetty bound to port 34188
2019-09-18 13:05:08,189 [main] INFO  server.Server (Server.java:doStart(351)) - jetty-9.3.24.v20180605, build timestamp: 2018-06-05T17:11:56Z, git hash: 84205aa28f11a4f31f2a3b86d1bba2cc8ab69827
2019-09-18 13:05:08,191 [main] INFO  handler.ContextHandler (ContextHandler.java:doStart(781)) - Started o.e.j.s.ServletContextHandler@55651434{/logs,file:///workdir/hadoop-ozone/integration-test/target/log,AVAILABLE}
2019-09-18 13:05:08,192 [main] INFO  handler.ContextHandler (ContextHandler.java:doStart(781)) - Started o.e.j.s.ServletContextHandler@50448409{/static,jar:file:/home/user/.m2/repository/org/apache/hadoop/hadoop-hdds-container-service/0.5.0-SNAPSHOT/hadoop-hdds-container-service-0.5.0-SNAPSHOT.jar!/webapps/static,AVAILABLE}
2019-09-18 13:05:08,201 [SCMBlockDeletingService#1] DEBUG block.SCMBlockDeletingService (SCMBlockDeletingService.java:call(138)) - Running DeletedBlockTransactionScanner
2019-09-18 13:05:08,202 [SCMBlockDeletingService#1] DEBUG block.SCMBlockDeletingService (SCMBlockDeletingService.java:call(155)) - Scanned deleted blocks log and got 3 delTX to process.
2019-09-18 13:05:08,202 [SCMBlockDeletingService#1] DEBUG block.SCMBlockDeletingService (SCMBlockDeletingService.java:call(171)) - Added delete block command for datanode dd0a3b65-d36c-4f93-b232-3c8e6f6667b6 in the queue, number of delete block transactions: 3, TxID list: 1,2,3
2019-09-18 13:05:08,216 [SCMBlockDeletingService#1] INFO  block.SCMBlockDeletingService (SCMBlockDeletingService.java:call(182)) - Totally added 3 delete blocks command for 1 datanodes, task elapsed time: 15ms
2019-09-18 13:05:08,217 [pool-592-thread-1] INFO  storage.RaftStorageDirectory (RaftStorageDirectory.java:tryLock(328)) - Lock on /workdir/hadoop-ozone/integration-test/target/test-dir/MiniOzoneClusterImpl-d4f86b9a-5145-424e-a2a6-5719e876ec3b/datanode-0/data/ratis/0a294b72-135c-4742-84ec-b02456d89c11/in_use.lock acquired by nodename 3240@pr-hdds-2141-4zm8s-3863693661
2019-09-18 13:05:08,220 [pool-592-thread-1] INFO  ratis.ContainerStateMachine (ContainerStateMachine.java:loadSnapshot(239)) - group-B02456D89C11: Setting the last applied index to (t:1, i:6193)
2019-09-18 13:05:08,226 [pool-592-thread-1] INFO  impl.RaftServerImpl (ServerState.java:setRaftConf(354)) - dd0a3b65-d36c-4f93-b232-3c8e6f6667b6@group-B02456D89C11: set configuration 0: [dd0a3b65-d36c-4f93-b232-3c8e6f6667b6:192.168.69.108:41901], old=null at 0
2019-09-18 13:05:08,227 [pool-592-thread-1] INFO  server.RaftServerConfigKeys (ConfUtils.java:logGet(43)) - raft.server.notification.no-leader.timeout = 120s (custom)
2019-09-18 13:05:08,227 [pool-592-thread-1] INFO  server.RaftServerConfigKeys (ConfUtils.java:logGet(43)) - raft.server.log.use.memory = false (default)
2019-09-18 13:05:08,227 [pool-592-thread-1] INFO  server.RaftServerConfigKeys (ConfUtils.java:logGet(43)) - raft.server.log.purge.gap = 1000000 (custom)
2019-09-18 13:05:08,227 [pool-592-thread-1] INFO  server.RaftServerConfigKeys (ConfUtils.java:logGet(43)) - raft.server.log.appender.buffer.byte-limit = 33554432 (custom)
2019-09-18 13:05:08,227 [pool-592-thread-1] INFO  server.RaftServerConfigKeys (ConfUtils.java:logGet(43)) - raft.server.log.segment.size.max = 1048576 (custom)
2019-09-18 13:05:08,227 [pool-592-thread-1] INFO  server.RaftServerConfigKeys (ConfUtils.java:logGet(43)) - raft.server.log.segment.cache.num.max = 2 (custom)
2019-09-18 13:05:08,227 [pool-592-thread-1] INFO  segmented.SegmentedRaftLogWorker (SegmentedRaftLogWorker.java:<init>(172)) - new dd0a3b65-d36c-4f93-b232-3c8e6f6667b6@group-B02456D89C11-SegmentedRaftLogWorker for RaftStorage:Storage Directory /workdir/hadoop-ozone/integration-test/target/test-dir/MiniOzoneClusterImpl-d4f86b9a-5145-424e-a2a6-5719e876ec3b/datanode-0/data/ratis/0a294b72-135c-4742-84ec-b02456d89c11
2019-09-18 13:05:08,228 [pool-592-thread-1] INFO  server.RaftServerConfigKeys (ConfUtils.java:logGet(43)) - raft.server.log.queue.byte-limit = 2147483647 (custom)
2019-09-18 13:05:08,228 [pool-592-thread-1] INFO  server.RaftServerConfigKeys (ConfUtils.java:logGet(43)) - raft.server.log.queue.element-limit = 1024 (custom)
2019-09-18 13:05:08,228 [pool-592-thread-1] INFO  server.RaftServerConfigKeys (ConfUtils.java:logGet(43)) - raft.server.log.segment.size.max = 1048576 (custom)
2019-09-18 13:05:08,228 [pool-592-thread-1] INFO  server.RaftServerConfigKeys (ConfUtils.java:logGet(43)) - raft.server.log.preallocated.size = 16384 (custom)
2019-09-18 13:05:08,228 [pool-592-thread-1] INFO  server.RaftServerConfigKeys (ConfUtils.java:logGet(43)) - raft.server.log.write.buffer.size = 33554432 (custom)
2019-09-18 13:05:08,228 [pool-592-thread-1] INFO  server.RaftServerConfigKeys (ConfUtils.java:logGet(43)) - raft.server.log.force.sync.num = 128 (default)
2019-09-18 13:05:08,228 [pool-592-thread-1] INFO  server.RaftServerConfigKeys (ConfUtils.java:logGet(43)) - raft.server.log.statemachine.data.sync = true (default)
2019-09-18 13:05:08,228 [pool-592-thread-1] INFO  server.RaftServerConfigKeys (ConfUtils.java:logGet(43)) - raft.server.log.statemachine.data.sync.timeout = 10s (default)
2019-09-18 13:05:08,229 [pool-592-thread-1] INFO  server.RaftServerConfigKeys (ConfUtils.java:logGet(43)) - raft.server.log.statemachine.data.sync.timeout.retry = -1 (default)
2019-09-18 13:05:08,229 [pool-592-thread-1] INFO  server.RaftServerConfigKeys (ConfUtils.java:logGet(43)) - raft.server.log.statemachine.data.caching.enabled = true (custom)
2019-09-18 13:05:08,229 [pool-7-thread-1] INFO  commands.RetriableDatanodeEventWatcher (RetriableDatanodeEventWatcher.java:onTimeout(47)) - RetriableDatanodeCommand type=deleteBlocksCommand with id=1568811902421 timed out. Retrying.
2019-09-18 13:05:08,234 [pool-592-thread-1] INFO  impl.RaftServerImpl (ServerState.java:setRaftConf(354)) - dd0a3b65-d36c-4f93-b232-3c8e6f6667b6@group-B02456D89C11: set configuration 0: [dd0a3b65-d36c-4f93-b232-3c8e6f6667b6:192.168.69.108:41901], old=null at 0
2019-09-18 13:05:08,237 [main] INFO  handler.ContextHandler (ContextHandler.java:doStart(781)) - Started o.e.j.w.WebAppContext@157ec23b{/,file:///tmp/jetty-0.0.0.0-34188-hddsDatanode-_-any-3251010281873681033.dir/webapp/,AVAILABLE}{/hddsDatanode}
2019-09-18 13:05:08,237 [main] INFO  server.AbstractConnector (AbstractConnector.java:doStart(278)) - Started ServerConnector@44d64d4e{HTTP/1.1,[http/1.1]}{0.0.0.0:34188}
2019-09-18 13:05:08,238 [main] INFO  server.Server (Server.java:doStart(419)) - Started @90782ms
2019-09-18 13:05:08,238 [main] WARN  impl.MetricsSystemImpl (MetricsSystemImpl.java:register(276)) - Sink prometheus already exists!
2019-09-18 13:05:08,239 [main] INFO  server.BaseHttpServer (BaseHttpServer.java:updateConnectorAddress(215)) - HTTP server of HDDSDATANODE is listening at http://0.0.0.0:34188
2019-09-18 13:05:08,240 [main] INFO  ozone.MiniOzoneClusterImpl (MiniOzoneClusterImpl.java:lambda$waitForClusterToBeReady$0(145)) - Waiting for cluster to be ready. Got 0 of 1 DN Heartbeats.
2019-09-18 13:05:08,241 [org.apache.hadoop.util.JvmPauseMonitor$Monitor@e163115] INFO  util.JvmPauseMonitor (JvmPauseMonitor.java:run(188)) - Starting JVM pause monitor
2019-09-18 13:05:08,246 [pool-7-thread-1] INFO  commands.RetriableDatanodeEventWatcher (RetriableDatanodeEventWatcher.java:onTimeout(47)) - RetriableDatanodeCommand type=deleteBlocksCommand with id=1568811902431 timed out. Retrying.
2019-09-18 13:05:08,259 [pool-7-thread-1] INFO  commands.RetriableDatanodeEventWatcher (RetriableDatanodeEventWatcher.java:onTimeout(47)) - RetriableDatanodeCommand type=deleteBlocksCommand with id=1568811902441 timed out. Retrying.
2019-09-18 13:05:08,274 [pool-7-thread-1] INFO  commands.RetriableDatanodeEventWatcher (RetriableDatanodeEventWatcher.java:onTimeout(47)) - RetriableDatanodeCommand type=deleteBlocksCommand with id=1568811902451 timed out. Retrying.
2019-09-18 13:05:08,281 [pool-592-thread-1] INFO  segmented.LogSegment (LogSegment.java:loadSegment(123)) - Successfully read 5477 entries from segment file /workdir/hadoop-ozone/integration-test/target/test-dir/MiniOzoneClusterImpl-d4f86b9a-5145-424e-a2a6-5719e876ec3b/datanode-0/data/ratis/0a294b72-135c-4742-84ec-b02456d89c11/current/log_0-5476
2019-09-18 13:05:08,284 [pool-592-thread-1] INFO  segmented.LogSegment (LogSegment.java:loadSegment(123)) - Successfully read 717 entries from segment file /workdir/hadoop-ozone/integration-test/target/test-dir/MiniOzoneClusterImpl-d4f86b9a-5145-424e-a2a6-5719e876ec3b/datanode-0/data/ratis/0a294b72-135c-4742-84ec-b02456d89c11/current/log_inprogress_5477
2019-09-18 13:05:08,284 [pool-592-thread-1] INFO  segmented.SegmentedRaftLogWorker (SegmentedRaftLogWorker.java:lambda$new$0(132)) - dd0a3b65-d36c-4f93-b232-3c8e6f6667b6@group-B02456D89C11-SegmentedRaftLogWorker: flushIndex: setUnconditionally 0 -> 6193
2019-09-18 13:05:08,289 [pool-7-thread-1] INFO  commands.RetriableDatanodeEventWatcher (RetriableDatanodeEventWatcher.java:onTimeout(47)) - RetriableDatanodeCommand type=deleteBlocksCommand with id=1568811902461 timed out. Retrying.
2019-09-18 13:05:08,310 [pool-592-thread-1] INFO  raftlog.RaftLog (RaftLog.java:lambda$new$0(61)) - dd0a3b65-d36c-4f93-b232-3c8e6f6667b6@group-B02456D89C11-SegmentedRaftLog: commitIndex: updateToMax old=6193, new=6192, updated? false
2019-09-18 13:05:08,311 [pool-592-thread-1] INFO  server.RaftServerConfigKeys (ConfUtils.java:logGet(43)) - raft.server.snapshot.auto.trigger.enabled = true (custom)
2019-09-18 13:05:08,311 [pool-592-thread-1] INFO  server.RaftServerConfigKeys (ConfUtils.java:logGet(43)) - raft.server.snapshot.auto.trigger.threshold = 10000 (custom)
2019-09-18 13:05:08,311 [pool-592-thread-1] INFO  server.RaftServerConfigKeys (ConfUtils.java:logGet(43)) - raft.server.snapshot.retention.num.files = 5 (custom)
2019-09-18 13:05:08,311 [pool-592-thread-1] INFO  server.RaftServerConfigKeys (ConfUtils.java:logGet(43)) - raft.server.retrycache.expirytime = 600000ms (custom)
2019-09-18 13:05:08,317 [SCMBlockDeletingService#1] DEBUG block.SCMBlockDeletingService (SCMBlockDeletingService.java:call(138)) - Running DeletedBlockTransactionScanner
2019-09-18 13:05:08,317 [SCMBlockDeletingService#1] DEBUG block.SCMBlockDeletingService (SCMBlockDeletingService.java:call(155)) - Scanned deleted blocks log and got 3 delTX to process.
2019-09-18 13:05:08,317 [SCMBlockDeletingService#1] DEBUG block.SCMBlockDeletingService (SCMBlockDeletingService.java:call(171)) - Added delete block command for datanode dd0a3b65-d36c-4f93-b232-3c8e6f6667b6 in the queue, number of delete block transactions: 3, TxID list: 1,2,3
2019-09-18 13:05:08,318 [SCMBlockDeletingService#1] INFO  block.SCMBlockDeletingService (SCMBlockDeletingService.java:call(182)) - Totally added 3 delete blocks command for 1 datanodes, task elapsed time: 1ms
2019-09-18 13:05:08,330 [pool-7-thread-1] INFO  commands.RetriableDatanodeEventWatcher (RetriableDatanodeEventWatcher.java:onTimeout(47)) - RetriableDatanodeCommand type=deleteBlocksCommand with id=1568811902422 timed out. Retrying.
2019-09-18 13:05:08,347 [pool-7-thread-1] INFO  commands.RetriableDatanodeEventWatcher (RetriableDatanodeEventWatcher.java:onTimeout(47)) - RetriableDatanodeCommand type=deleteBlocksCommand with id=1568811902432 timed out. Retrying.
2019-09-18 13:05:08,362 [pool-7-thread-1] INFO  commands.RetriableDatanodeEventWatcher (RetriableDatanodeEventWatcher.java:onTimeout(47)) - RetriableDatanodeCommand type=deleteBlocksCommand with id=1568811902442 timed out. Retrying.
2019-09-18 13:05:08,377 [pool-7-thread-1] INFO  commands.RetriableDatanodeEventWatcher (RetriableDatanodeEventWatcher.java:onTimeout(47)) - RetriableDatanodeCommand type=deleteBlocksCommand with id=1568811902452 timed out. Retrying.
2019-09-18 13:05:08,390 [pool-7-thread-1] INFO  commands.RetriableDatanodeEventWatcher (RetriableDatanodeEventWatcher.java:onTimeout(47)) - RetriableDatanodeCommand type=deleteBlocksCommand with id=1568811902462 timed out. Retrying.
2019-09-18 13:05:08,418 [SCMBlockDeletingService#1] DEBUG block.SCMBlockDeletingService (SCMBlockDeletingService.java:call(138)) - Running DeletedBlockTransactionScanner
2019-09-18 13:05:08,419 [SCMBlockDeletingService#1] DEBUG block.SCMBlockDeletingService (SCMBlockDeletingService.java:call(155)) - Scanned deleted blocks log and got 3 delTX to process.
2019-09-18 13:05:08,419 [SCMBlockDeletingService#1] DEBUG block.SCMBlockDeletingService (SCMBlockDeletingService.java:call(171)) - Added delete block command for datanode dd0a3b65-d36c-4f93-b232-3c8e6f6667b6 in the queue, number of delete block transactions: 3, TxID list: 1,2,3
2019-09-18 13:05:08,419 [SCMBlockDeletingService#1] INFO  block.SCMBlockDeletingService (SCMBlockDeletingService.java:call(182)) - Totally added 3 delete blocks command for 1 datanodes, task elapsed time: 1ms
2019-09-18 13:05:08,427 [pool-7-thread-1] INFO  commands.RetriableDatanodeEventWatcher (RetriableDatanodeEventWatcher.java:onTimeout(47)) - RetriableDatanodeCommand type=deleteBlocksCommand with id=1568811902413 timed out. Retrying.
2019-09-18 13:05:08,433 [pool-7-thread-1] INFO  commands.RetriableDatanodeEventWatcher (RetriableDatanodeEventWatcher.java:onTimeout(47)) - RetriableDatanodeCommand type=deleteBlocksCommand with id=1568811902423 timed out. Retrying.
2019-09-18 13:05:08,447 [pool-7-thread-1] INFO  commands.RetriableDatanodeEventWatcher (RetriableDatanodeEventWatcher.java:onTimeout(47)) - RetriableDatanodeCommand type=deleteBlocksCommand with id=1568811902433 timed out. Retrying.
2019-09-18 13:05:08,463 [pool-7-thread-1] INFO  commands.RetriableDatanodeEventWatcher (RetriableDatanodeEventWatcher.java:onTimeout(47)) - RetriableDatanodeCommand type=deleteBlocksCommand with id=1568811902443 timed out. Retrying.
2019-09-18 13:05:08,480 [pool-7-thread-1] INFO  commands.RetriableDatanodeEventWatcher (RetriableDatanodeEventWatcher.java:onTimeout(47)) - RetriableDatanodeCommand type=deleteBlocksCommand with id=1568811902453 timed out. Retrying.
2019-09-18 13:05:08,491 [pool-7-thread-1] INFO  commands.RetriableDatanodeEventWatcher (RetriableDatanodeEventWatcher.java:onTimeout(47)) - RetriableDatanodeCommand type=deleteBlocksCommand with id=1568811902463 timed out. Retrying.
2019-09-18 13:05:08,520 [SCMBlockDeletingService#1] DEBUG block.SCMBlockDeletingService (SCMBlockDeletingService.java:call(138)) - Running DeletedBlockTransactionScanner
2019-09-18 13:05:08,520 [SCMBlockDeletingService#1] DEBUG block.SCMBlockDeletingService (SCMBlockDeletingService.java:call(155)) - Scanned deleted blocks log and got 3 delTX to process.
2019-09-18 13:05:08,520 [SCMBlockDeletingService#1] DEBUG block.SCMBlockDeletingService (RetriableDatanodeEventWatcher.java:onTimeout(47)) - RetriableDatanodeCommand type=deleteBlocksCommand with id=1568811902414 timed out. Retrying.
SCMBlockDeletingService.java:call(171)) - Added delete block command for datanode dd0a3b65-d36c-4f93-b232-3c8e6f6667b6 in the queue, number of delete block transactions: 3, TxID list: 1,2,3
2019-09-18 13:05:08,520 [pool-7-thread-1] INFO  commands.RetriableDatanodeEventWatcher (RetriableDatanodeEventWatcher.java:onTimeout(47)) - RetriableDatanodeCommand type=deleteBlocksCommand with id=1568811902414 timed out. Retrying.
2019-09-18 13:05:08,521 [SCMBlockDeletingService#1] INFO  block.SCMBlockDeletingService (SCMBlockDeletingService.java:call(182)) - Totally added 3 delete blocks command for 1 datanodes, task elapsed time: 1ms
2019-09-18 13:05:08,536 [pool-7-thread-1] INFO  commands.RetriableDatanodeEventWatcher (RetriableDatanodeEventWatcher.java:onTimeout(47)) - RetriableDatanodeCommand type=deleteBlocksCommand with id=1568811902424 timed out. Retrying.
2019-09-18 13:05:08,547 [pool-7-thread-1] INFO  commands.RetriableDatanodeEventWatcher (RetriableDatanodeEventWatcher.java:onTimeout(47)) - RetriableDatanodeCommand type=deleteBlocksCommand with id=1568811902434 timed out. Retrying.
2019-09-18 13:05:08,565 [pool-7-thread-1] INFO  commands.RetriableDatanodeEventWatcher (RetriableDatanodeEventWatcher.java:onTimeout(47)) - RetriableDatanodeCommand type=deleteBlocksCommand with id=1568811902444 timed out. Retrying.
2019-09-18 13:05:08,580 [pool-7-thread-1] INFO  commands.RetriableDatanodeEventWatcher (RetriableDatanodeEventWatcher.java:onTimeout(47)) - RetriableDatanodeCommand type=deleteBlocksCommand with id=1568811902454 timed out. Retrying.
2019-09-18 13:05:08,592 [pool-7-thread-1] INFO  commands.RetriableDatanodeEventWatcher (RetriableDatanodeEventWatcher.java:onTimeout(47)) - RetriableDatanodeCommand type=deleteBlocksCommand with id=1568811902464 timed out. Retrying.
2019-09-18 13:05:08,621 [pool-7-thread-1] INFO  commands.RetriableDatanodeEventWatcher (RetriableDatanodeEventWatcher.java:onTimeout(47)) - RetriableDatanodeCommand type=deleteBlocksCommand with id=1568811902415 timed out. Retrying.
2019-09-18 13:05:08,621 [SCMBlockDeletingService#1] DEBUG block.SCMBlockDeletingService (SCMBlockDeletingService.java:call(138)) - Running DeletedBlockTransactionScanner
2019-09-18 13:05:08,622 [SCMBlockDeletingService#1] DEBUG block.SCMBlockDeletingService (SCMBlockDeletingService.java:call(155)) - Scanned deleted blocks log and got 3 delTX to process.
2019-09-18 13:05:08,622 [SCMBlockDeletingService#1] DEBUG block.SCMBlockDeletingService (SCMBlockDeletingService.java:call(171)) - Added delete block command for datanode dd0a3b65-d36c-4f93-b232-3c8e6f6667b6 in the queue, number of delete block transactions: 3, TxID list: 1,2,3
2019-09-18 13:05:08,622 [SCMBlockDeletingService#1] INFO  block.SCMBlockDeletingService (SCMBlockDeletingService.java:call(182)) - Totally added 3 delete blocks command for 1 datanodes, task elapsed time: 1ms
2019-09-18 13:05:08,636 [pool-7-thread-1] INFO  commands.RetriableDatanodeEventWatcher (RetriableDatanodeEventWatcher.java:onTimeout(47)) - RetriableDatanodeCommand type=deleteBlocksCommand with id=1568811902425 timed out. Retrying.
2019-09-18 13:05:08,653 [pool-7-thread-1] INFO  commands.RetriableDatanodeEventWatcher (RetriableDatanodeEventWatcher.java:onTimeout(47)) - RetriableDatanodeCommand type=deleteBlocksCommand with id=1568811902435 timed out. Retrying.
2019-09-18 13:05:08,664 [pool-7-thread-1] INFO  commands.RetriableDatanodeEventWatcher (RetriableDatanodeEventWatcher.java:onTimeout(47)) - RetriableDatanodeCommand type=deleteBlocksCommand with id=1568811902445 timed out. Retrying.
2019-09-18 13:05:08,681 [pool-7-thread-1] INFO  commands.RetriableDatanodeEventWatcher (RetriableDatanodeEventWatcher.java:onTimeout(47)) - RetriableDatanodeCommand type=deleteBlocksCommand with id=1568811902455 timed out. Retrying.
2019-09-18 13:05:08,695 [pool-7-thread-1] INFO  commands.RetriableDatanodeEventWatcher (RetriableDatanodeEventWatcher.java:onTimeout(47)) - RetriableDatanodeCommand type=deleteBlocksCommand with id=1568811902465 timed out. Retrying.
2019-09-18 13:05:08,722 [SCMBlockDeletingService#1] DEBUG block.SCMBlockDeletingService (SCMBlockDeletingService.java:call(138)) - Running DeletedBlockTransactionScanner
2019-09-18 13:05:08,723 [SCMBlockDeletingService#1] DEBUG block.SCMBlockDeletingService (SCMBlockDeletingService.java:call(155)) - Scanned deleted blocks log and got 3 delTX to process.
commands.RetriableDatanodeEventWatcher (2019-09-18 13:05:08,723 [SCMBlockDeletingService#1] DEBUG block.SCMBlockDeletingService (RetriableDatanodeEventWatcher.java:onTimeout(47)) - RetriableDatanodeCommand type=deleteBlocksCommand with id=1568811902416 timed out. Retrying.
SCMBlockDeletingService.java:call(171)) - Added delete block command for datanode dd0a3b65-d36c-4f93-b232-3c8e6f6667b6 in the queue, number of delete block transactions: 3, TxID list: 1,2,3
2019-09-18 13:05:08,723 [pool-7-thread-1] INFO  commands.RetriableDatanodeEventWatcher (RetriableDatanodeEventWatcher.java:onTimeout(47)) - RetriableDatanodeCommand type=deleteBlocksCommand with id=1568811902416 timed out. Retrying.
2019-09-18 13:05:08,723 [SCMBlockDeletingService#1] INFO  block.SCMBlockDeletingService (SCMBlockDeletingService.java:call(182)) - Totally added 3 delete blocks command for 1 datanodes, task elapsed time: 1ms
2019-09-18 13:05:08,738 [pool-7-thread-1] INFO  commands.RetriableDatanodeEventWatcher (RetriableDatanodeEventWatcher.java:onTimeout(47)) - RetriableDatanodeCommand type=deleteBlocksCommand with id=1568811902426 timed out. Retrying.
2019-09-18 13:05:08,752 [pool-7-thread-1] INFO  commands.RetriableDatanodeEventWatcher (RetriableDatanodeEventWatcher.java:onTimeout(47)) - RetriableDatanodeCommand type=deleteBlocksCommand with id=1568811902436 timed out. Retrying.
2019-09-18 13:05:08,769 [pool-7-thread-1] INFO  commands.RetriableDatanodeEventWatcher (RetriableDatanodeEventWatcher.java:onTimeout(47)) - RetriableDatanodeCommand type=deleteBlocksCommand with id=1568811902446 timed out. Retrying.
2019-09-18 13:05:08,783 [pool-7-thread-1] INFO  commands.RetriableDatanodeEventWatcher (RetriableDatanodeEventWatcher.java:onTimeout(47)) - RetriableDatanodeCommand type=deleteBlocksCommand with id=1568811902456 timed out. Retrying.
2019-09-18 13:05:08,795 [pool-7-thread-1] INFO  commands.RetriableDatanodeEventWatcher (RetriableDatanodeEventWatcher.java:onTimeout(47)) - RetriableDatanodeCommand type=deleteBlocksCommand with id=1568811902466 timed out. Retrying.
2019-09-18 13:05:08,824 [SCMBlockDeletingService#1] DEBUG block.SCMBlockDeletingService (RetriableDatanodeEventWatcher.java:onTimeout(47)) - RetriableDatanodeCommand type=deleteBlocksCommand with id=1568811902417 timed out. Retrying.
SCMBlockDeletingService.java:call(138)) - Running DeletedBlockTransactionScanner
2019-09-18 13:05:08,824 [pool-7-thread-1] INFO  commands.RetriableDatanodeEventWatcher (RetriableDatanodeEventWatcher.java:onTimeout(47)) - RetriableDatanodeCommand type=deleteBlocksCommand with id=1568811902417 timed out. Retrying.
2019-09-18 13:05:08,824 [SCMBlockDeletingService#1] DEBUG block.SCMBlockDeletingService (SCMBlockDeletingService.java:call(155)) - Scanned deleted blocks log and got 3 delTX to process.
2019-09-18 13:05:08,825 [SCMBlockDeletingService#1] DEBUG block.SCMBlockDeletingService (SCMBlockDeletingService.java:call(171)) - Added delete block command for datanode dd0a3b65-d36c-4f93-b232-3c8e6f6667b6 in the queue, number of delete block transactions: 3, TxID list: 1,2,3
2019-09-18 13:05:08,825 [SCMBlockDeletingService#1] INFO  block.SCMBlockDeletingService (SCMBlockDeletingService.java:call(182)) - Totally added 3 delete blocks command for 1 datanodes, task elapsed time: 2ms
2019-09-18 13:05:08,839 [pool-7-thread-1] INFO  commands.RetriableDatanodeEventWatcher (RetriableDatanodeEventWatcher.java:onTimeout(47)) - RetriableDatanodeCommand type=deleteBlocksCommand with id=1568811902427 timed out. Retrying.
2019-09-18 13:05:08,855 [pool-7-thread-1] INFO  commands.RetriableDatanodeEventWatcher (RetriableDatanodeEventWatcher.java:onTimeout(47)) - RetriableDatanodeCommand type=deleteBlocksCommand with id=1568811902437 timed out. Retrying.
2019-09-18 13:05:08,867 [pool-7-thread-1] INFO  commands.RetriableDatanodeEventWatcher (RetriableDatanodeEventWatcher.java:onTimeout(47)) - RetriableDatanodeCommand type=deleteBlocksCommand with id=1568811902447 timed out. Retrying.
2019-09-18 13:05:08,883 [pool-7-thread-1] INFO  commands.RetriableDatanodeEventWatcher (RetriableDatanodeEventWatcher.java:onTimeout(47)) - RetriableDatanodeCommand type=deleteBlocksCommand with id=1568811902457 timed out. Retrying.
2019-09-18 13:05:08,896 [pool-7-thread-1] INFO  commands.RetriableDatanodeEventWatcher (RetriableDatanodeEventWatcher.java:onTimeout(47)) - RetriableDatanodeCommand type=deleteBlocksCommand with id=1568811902467 timed out. Retrying.
2019-09-18 13:05:08,925 [SCMBlockDeletingService#1] DEBUG block.SCMBlockDeletingService (SCMBlockDeletingService.java:call(138)) - Running DeletedBlockTransactionScanner
2019-09-18 13:05:08,926 [SCMBlockDeletingService#1] DEBUG block.SCMBlockDeletingService (SCMBlockDeletingService.java:call(155)) - Scanned deleted blocks log and got 3 delTX to process.
2019-09-18 13:05:08,926 [SCMBlockDeletingService#1] DEBUG block.SCMBlockDeletingService (SCMBlockDeletingService.java:call(171)) - Added delete block command for datanode dd0a3b65-d36c-4f93-b232-3c8e6f6667b6 in the queue, number of delete block transactions: 3, TxID list: 1,2,3
2019-09-18 13:05:08,926 [pool-7-thread-1] INFO  commands.RetriableDatanodeEventWatcher (RetriableDatanodeEventWatcher.java:onTimeout(47)) - RetriableDatanodeCommand type=deleteBlocksCommand with id=1568811902418 timed out. Retrying.
2019-09-18 13:05:08,927 [SCMBlockDeletingService#1] INFO  block.SCMBlockDeletingService (SCMBlockDeletingService.java:call(182)) - Totally added 3 delete blocks command for 1 datanodes, task elapsed time: 1ms
2019-09-18 13:05:08,940 [pool-7-thread-1] INFO  commands.RetriableDatanodeEventWatcher (RetriableDatanodeEventWatcher.java:onTimeout(47)) - RetriableDatanodeCommand type=deleteBlocksCommand with id=1568811902428 timed out. Retrying.
2019-09-18 13:05:08,955 [pool-7-thread-1] INFO  commands.RetriableDatanodeEventWatcher (RetriableDatanodeEventWatcher.java:onTimeout(47)) - RetriableDatanodeCommand type=deleteBlocksCommand with id=1568811902438 timed out. Retrying.
2019-09-18 13:05:08,971 [pool-7-thread-1] INFO  commands.RetriableDatanodeEventWatcher (RetriableDatanodeEventWatcher.java:onTimeout(47)) - RetriableDatanodeCommand type=deleteBlocksCommand with id=1568811902448 timed out. Retrying.
2019-09-18 13:05:08,985 [pool-7-thread-1] INFO  commands.RetriableDatanodeEventWatcher (RetriableDatanodeEventWatcher.java:onTimeout(47)) - RetriableDatanodeCommand type=deleteBlocksCommand with id=1568811902458 timed out. Retrying.
2019-09-18 13:05:08,998 [pool-7-thread-1] INFO  commands.RetriableDatanodeEventWatcher (RetriableDatanodeEventWatcher.java:onTimeout(47)) - RetriableDatanodeCommand type=deleteBlocksCommand with id=1568811902468 timed out. Retrying.
2019-09-18 13:05:09,026 [pool-7-thread-1] INFO  commands.RetriableDatanodeEventWatcher (RetriableDatanodeEventWatcher.java:onTimeout(47)) - RetriableDatanodeCommand type=deleteBlocksCommand with id=1568811902419 timed out. Retrying.
2019-09-18 13:05:09,027 [SCMBlockDeletingService#1] DEBUG block.SCMBlockDeletingService (SCMBlockDeletingService.java:call(138)) - Running DeletedBlockTransactionScanner
2019-09-18 13:05:09,027 [SCMBlockDeletingService#1] DEBUG block.SCMBlockDeletingService (SCMBlockDeletingService.java:call(155)) - Scanned deleted blocks log and got 3 delTX to process.
2019-09-18 13:05:09,028 [SCMBlockDeletingService#1] DEBUG block.SCMBlockDeletingService (SCMBlockDeletingService.java:call(171)) - Added delete block command for datanode dd0a3b65-d36c-4f93-b232-3c8e6f6667b6 in the queue, number of delete block transactions: 3, TxID list: 1,2,3
2019-09-18 13:05:09,028 [SCMBlockDeletingService#1] INFO  block.SCMBlockDeletingService (SCMBlockDeletingService.java:call(182)) - Totally added 3 delete blocks command for 1 datanodes, task elapsed time: 1ms
2019-09-18 13:05:09,045 [pool-7-thread-1] INFO  commands.RetriableDatanodeEventWatcher (RetriableDatanodeEventWatcher.java:onTimeout(47)) - RetriableDatanodeCommand type=deleteBlocksCommand with id=1568811902429 timed out. Retrying.
2019-09-18 13:05:09,056 [pool-7-thread-1] INFO  commands.RetriableDatanodeEventWatcher (RetriableDatanodeEventWatcher.java:onTimeout(47)) - RetriableDatanodeCommand type=deleteBlocksCommand with id=1568811902439 timed out. Retrying.
2019-09-18 13:05:09,071 [pool-7-thread-1] INFO  commands.RetriableDatanodeEventWatcher (RetriableDatanodeEventWatcher.java:onTimeout(47)) - RetriableDatanodeCommand type=deleteBlocksCommand with id=1568811902449 timed out. Retrying.
2019-09-18 13:05:09,087 [pool-7-thread-1] INFO  commands.RetriableDatanodeEventWatcher (RetriableDatanodeEventWatcher.java:onTimeout(47)) - RetriableDatanodeCommand type=deleteBlocksCommand with id=1568811902459 timed out. Retrying.
2019-09-18 13:05:09,100 [pool-7-thread-1] INFO  commands.RetriableDatanodeEventWatcher (RetriableDatanodeEventWatcher.java:onTimeout(47)) - RetriableDatanodeCommand type=deleteBlocksCommand with id=1568811902469 timed out. Retrying.
2019-09-18 13:05:09,129 [SCMBlockDeletingService#1] DEBUG block.SCMBlockDeletingService (SCMBlockDeletingService.java:call(138)) - Running DeletedBlockTransactionScanner
2019-09-18 13:05:09,129 [SCMBlockDeletingService#1] DEBUG block.SCMBlockDeletingService (SCMBlockDeletingService.java:call(155)) - Scanned deleted blocks log and got 3 delTX to process.
2019-09-18 13:05:09,129 [SCMBlockDeletingService#1] DEBUG block.SCMBlockDeletingService (SCMBlockDeletingService.java:call(171)) - Added delete block command for datanode dd0a3b65-d36c-4f93-b232-3c8e6f6667b6 in the queue, number of delete block transactions: 3, TxID list: 1,2,3
2019-09-18 13:05:09,130 [SCMBlockDeletingService#1] INFO  block.SCMBlockDeletingService (SCMBlockDeletingService.java:call(182)) - Totally added 3 delete blocks command for 1 datanodes, task elapsed time: 1ms
2019-09-18 13:05:09,131 [pool-7-thread-1] INFO  commands.RetriableDatanodeEventWatcher (RetriableDatanodeEventWatcher.java:onTimeout(47)) - RetriableDatanodeCommand type=deleteBlocksCommand with id=1568811902420 timed out. Retrying.
2019-09-18 13:05:09,141 [pool-7-thread-1] INFO  commands.RetriableDatanodeEventWatcher (RetriableDatanodeEventWatcher.java:onTimeout(47)) - RetriableDatanodeCommand type=deleteBlocksCommand with id=1568811902430 timed out. Retrying.
2019-09-18 13:05:09,161 [pool-7-thread-1] INFO  commands.RetriableDatanodeEventWatcher (RetriableDatanodeEventWatcher.java:onTimeout(47)) - RetriableDatanodeCommand type=deleteBlocksCommand with id=1568811902440 timed out. Retrying.
2019-09-18 13:05:09,173 [pool-7-thread-1] INFO  commands.RetriableDatanodeEventWatcher (RetriableDatanodeEventWatcher.java:onTimeout(47)) - RetriableDatanodeCommand type=deleteBlocksCommand with id=1568811902450 timed out. Retrying.
2019-09-18 13:05:09,186 [pool-7-thread-1] INFO  commands.RetriableDatanodeEventWatcher (RetriableDatanodeEventWatcher.java:onTimeout(47)) - RetriableDatanodeCommand type=deleteBlocksCommand with id=1568811902460 timed out. Retrying.
2019-09-18 13:05:09,203 [pool-7-thread-1] INFO  commands.RetriableDatanodeEventWatcher (RetriableDatanodeEventWatcher.java:onTimeout(47)) - RetriableDatanodeCommand type=deleteBlocksCommand with id=1568811902470 timed out. Retrying.
2019-09-18 13:05:09,230 [pool-7-thread-1] INFO  commands.RetriableDatanodeEventWatcher (RetriableDatanodeEventWatcher.java:onTimeout(47)) - RetriableDatanodeCommand type=deleteBlocksCommand with id=1568811902421 timed out. Retrying.
2019-09-18 13:05:09,230 [SCMBlockDeletingService#1] DEBUG block.SCMBlockDeletingService (SCMBlockDeletingService.java:call(138)) - Running DeletedBlockTransactionScanner
2019-09-18 13:05:09,231 [SCMBlockDeletingService#1] DEBUG block.SCMBlockDeletingService (SCMBlockDeletingService.java:call(155)) - Scanned deleted blocks log and got 3 delTX to process.
2019-09-18 13:05:09,231 [SCMBlockDeletingService#1] DEBUG block.SCMBlockDeletingService (SCMBlockDeletingService.java:call(171)) - Added delete block command for datanode dd0a3b65-d36c-4f93-b232-3c8e6f6667b6 in the queue, number of delete block transactions: 3, TxID list: 1,2,3
2019-09-18 13:05:09,231 [SCMBlockDeletingService#1] INFO  block.SCMBlockDeletingService (SCMBlockDeletingService.java:call(182)) - Totally added 3 delete blocks command for 1 datanodes, task elapsed time: 1ms
2019-09-18 13:05:09,240 [main] INFO  ozone.MiniOzoneClusterImpl (MiniOzoneClusterImpl.java:lambda$waitForClusterToBeReady$0(145)) - Waiting for cluster to be ready. Got 0 of 1 DN Heartbeats.
2019-09-18 13:05:09,246 [pool-7-thread-1] INFO  commands.RetriableDatanodeEventWatcher (RetriableDatanodeEventWatcher.java:onTimeout(47)) - RetriableDatanodeCommand type=deleteBlocksCommand with id=1568811902431 timed out. Retrying.
2019-09-18 13:05:09,259 [pool-7-thread-1] INFO  commands.RetriableDatanodeEventWatcher (RetriableDatanodeEventWatcher.java:onTimeout(47)) - RetriableDatanodeCommand type=deleteBlocksCommand with id=1568811902441 timed out. Retrying.
2019-09-18 13:05:09,274 [pool-7-thread-1] INFO  commands.RetriableDatanodeEventWatcher (RetriableDatanodeEventWatcher.java:onTimeout(47)) - RetriableDatanodeCommand type=deleteBlocksCommand with id=1568811902451 timed out. Retrying.
2019-09-18 13:05:09,290 [pool-7-thread-1] INFO  commands.RetriableDatanodeEventWatcher (RetriableDatanodeEventWatcher.java:onTimeout(47)) - RetriableDatanodeCommand type=deleteBlocksCommand with id=1568811902461 timed out. Retrying.
2019-09-18 13:05:09,317 [pool-7-thread-1] INFO  commands.RetriableDatanodeEventWatcher (RetriableDatanodeEventWatcher.java:onTimeout(47)) - RetriableDatanodeCommand type=deleteBlocksCommand with id=1568811902471 timed out. Retrying.
2019-09-18 13:05:09,331 [pool-7-thread-1] INFO  commands.RetriableDatanodeEventWatcher (RetriableDatanodeEventWatcher.java:onTimeout(47)) - RetriableDatanodeCommand type=deleteBlocksCommand with id=1568811902422 timed out. Retrying.
2019-09-18 13:05:09,331 [SCMBlockDeletingService#1] DEBUG block.SCMBlockDeletingService (SCMBlockDeletingService.java:call(138)) - Running DeletedBlockTransactionScanner
2019-09-18 13:05:09,332 [SCMBlockDeletingService#1] DEBUG block.SCMBlockDeletingService (SCMBlockDeletingService.java:call(155)) - Scanned deleted blocks log and got 3 delTX to process.
2019-09-18 13:05:09,332 [SCMBlockDeletingService#1] DEBUG block.SCMBlockDeletingService (SCMBlockDeletingService.java:call(171)) - Added delete block command for datanode dd0a3b65-d36c-4f93-b232-3c8e6f6667b6 in the queue, number of delete block transactions: 3, TxID list: 1,2,3
2019-09-18 13:05:09,332 [SCMBlockDeletingService#1] INFO  block.SCMBlockDeletingService (SCMBlockDeletingService.java:call(182)) - Totally added 3 delete blocks command for 1 datanodes, task elapsed time: 1ms
2019-09-18 13:05:09,347 [pool-7-thread-1] INFO  commands.RetriableDatanodeEventWatcher (RetriableDatanodeEventWatcher.java:onTimeout(47)) - RetriableDatanodeCommand type=deleteBlocksCommand with id=1568811902432 timed out. Retrying.
2019-09-18 13:05:09,363 [pool-7-thread-1] INFO  commands.RetriableDatanodeEventWatcher (RetriableDatanodeEventWatcher.java:onTimeout(47)) - RetriableDatanodeCommand type=deleteBlocksCommand with id=1568811902442 timed out. Retrying.
2019-09-18 13:05:09,377 [pool-7-thread-1] INFO  commands.RetriableDatanodeEventWatcher (RetriableDatanodeEventWatcher.java:onTimeout(47)) - RetriableDatanodeCommand type=deleteBlocksCommand with id=1568811902452 timed out. Retrying.
2019-09-18 13:05:09,391 [pool-7-thread-1] INFO  commands.RetriableDatanodeEventWatcher (RetriableDatanodeEventWatcher.java:onTimeout(47)) - RetriableDatanodeCommand type=deleteBlocksCommand with id=1568811902462 timed out. Retrying.
2019-09-18 13:05:09,419 [pool-7-thread-1] INFO  commands.RetriableDatanodeEventWatcher (RetriableDatanodeEventWatcher.java:onTimeout(47)) - RetriableDatanodeCommand type=deleteBlocksCommand with id=1568811902472 timed out. Retrying.
2019-09-18 13:05:09,427 [pool-7-thread-1] INFO  commands.RetriableDatanodeEventWatcher (RetriableDatanodeEventWatcher.java:onTimeout(47)) - RetriableDatanodeCommand type=deleteBlocksCommand with id=1568811902413 timed out. Retrying.
2019-09-18 13:05:09,433 [SCMBlockDeletingService#1] DEBUG block.SCMBlockDeletingService (SCMBlockDeletingService.java:call(138)) - Running DeletedBlockTransactionScanner
2019-09-18 13:05:09,433 [SCMBlockDeletingService#1] DEBUG block.SCMBlockDeletingService (SCMBlockDeletingService.java:call(155)) - Scanned deleted blocks log and got 3 delTX to process.
2019-09-18 13:05:09,433 [SCMBlockDeletingService#1] DEBUG block.SCMBlockDeletingService (SCMBlockDeletingService.java:call(171)) - Added delete block command for datanode dd0a3b65-d36c-4f93-b232-3c8e6f6667b6 in the queue, number of delete block transactions: 3, TxID list: 1,2,3
2019-09-18 13:05:09,434 [pool-7-thread-1] INFO  commands.RetriableDatanodeEventWatcher (RetriableDatanodeEventWatcher.java:onTimeout(47)) - RetriableDatanodeCommand type=deleteBlocksCommand with id=1568811902423 timed out. Retrying.
2019-09-18 13:05:09,434 [SCMBlockDeletingService#1] INFO  block.SCMBlockDeletingService (SCMBlockDeletingService.java:call(182)) - Totally added 3 delete blocks command for 1 datanodes, task elapsed time: 1ms
2019-09-18 13:05:09,447 [pool-7-thread-1] INFO  commands.RetriableDatanodeEventWatcher (RetriableDatanodeEventWatcher.java:onTimeout(47)) - RetriableDatanodeCommand type=deleteBlocksCommand with id=1568811902433 timed out. Retrying.
2019-09-18 13:05:09,464 [pool-7-thread-1] INFO  commands.RetriableDatanodeEventWatcher (RetriableDatanodeEventWatcher.java:onTimeout(47)) - RetriableDatanodeCommand type=deleteBlocksCommand with id=1568811902443 timed out. Retrying.
2019-09-18 13:05:09,480 [pool-7-thread-1] INFO  commands.RetriableDatanodeEventWatcher (RetriableDatanodeEventWatcher.java:onTimeout(47)) - RetriableDatanodeCommand type=deleteBlocksCommand with id=1568811902453 timed out. Retrying.
2019-09-18 13:05:09,492 [pool-7-thread-1] INFO  commands.RetriableDatanodeEventWatcher (RetriableDatanodeEventWatcher.java:onTimeout(47)) - RetriableDatanodeCommand type=deleteBlocksCommand with id=1568811902463 timed out. Retrying.
2019-09-18 13:05:09,520 [pool-7-thread-1] INFO  commands.RetriableDatanodeEventWatcher (RetriableDatanodeEventWatcher.java:onTimeout(47)) - RetriableDatanodeCommand type=deleteBlocksCommand with id=1568811902473 timed out. Retrying.
2019-09-18 13:05:09,521 [pool-7-thread-2] INFO  commands.RetriableDatanodeEventWatcher (RetriableDatanodeEventWatcher.java:onTimeout(47)) - RetriableDatanodeCommand type=deleteBlocksCommand with id=1568811902414 timed out. Retrying.
2019-09-18 13:05:09,534 [SCMBlockDeletingService#1] DEBUG block.SCMBlockDeletingService (SCMBlockDeletingService.java:call(138)) - Running DeletedBlockTransactionScanner
2019-09-18 13:05:09,535 [SCMBlockDeletingService#1] DEBUG block.SCMBlockDeletingService (SCMBlockDeletingService.java:call(155)) - Scanned deleted blocks log and got 3 delTX to process.
2019-09-18 13:05:09,535 [SCMBlockDeletingService#1] DEBUG block.SCMBlockDeletingService (SCMBlockDeletingService.java:call(171)) - Added delete block command for datanode dd0a3b65-d36c-4f93-b232-3c8e6f6667b6 in the queue, number of delete block transactions: 3, TxID list: 1,2,3
2019-09-18 13:05:09,535 [SCMBlockDeletingService#1] INFO  block.SCMBlockDeletingService (SCMBlockDeletingService.java:call(182)) - Totally added 3 delete blocks command for 1 datanodes, task elapsed time: 1ms
2019-09-18 13:05:09,536 [pool-7-thread-2] INFO  commands.RetriableDatanodeEventWatcher (RetriableDatanodeEventWatcher.java:onTimeout(47)) - RetriableDatanodeCommand type=deleteBlocksCommand with id=1568811902424 timed out. Retrying.
2019-09-18 13:05:09,548 [pool-7-thread-2] INFO  commands.RetriableDatanodeEventWatcher (RetriableDatanodeEventWatcher.java:onTimeout(47)) - RetriableDatanodeCommand type=deleteBlocksCommand with id=1568811902434 timed out. Retrying.
2019-09-18 13:05:09,565 [pool-7-thread-2] INFO  commands.RetriableDatanodeEventWatcher (RetriableDatanodeEventWatcher.java:onTimeout(47)) - RetriableDatanodeCommand type=deleteBlocksCommand with id=1568811902444 timed out. Retrying.
2019-09-18 13:05:09,581 [pool-7-thread-2] INFO  commands.RetriableDatanodeEventWatcher (RetriableDatanodeEventWatcher.java:onTimeout(47)) - RetriableDatanodeCommand type=deleteBlocksCommand with id=1568811902454 timed out. Retrying.
2019-09-18 13:05:09,593 [pool-7-thread-2] INFO  commands.RetriableDatanodeEventWatcher (RetriableDatanodeEventWatcher.java:onTimeout(47)) - RetriableDatanodeCommand type=deleteBlocksCommand with id=1568811902464 timed out. Retrying.
2019-09-18 13:05:09,621 [pool-7-thread-1] INFO  commands.RetriableDatanodeEventWatcher (RetriableDatanodeEventWatcher.java:onTimeout(47)) - RetriableDatanodeCommand type=deleteBlocksCommand with id=1568811902415 timed out. Retrying.
2019-09-18 13:05:09,621 [pool-7-thread-2] INFO  commands.RetriableDatanodeEventWatcher (RetriableDatanodeEventWatcher.java:onTimeout(47)) - RetriableDatanodeCommand type=deleteBlocksCommand with id=1568811902474 timed out. Retrying.
2019-09-18 13:05:09,636 [SCMBlockDeletingService#1] DEBUG block.SCMBlockDeletingService (SCMBlockDeletingService.java:call(138)) - Running DeletedBlockTransactionScanner
2019-09-18 13:05:09,636 [SCMBlockDeletingService#1] DEBUG block.SCMBlockDeletingService (SCMBlockDeletingService.java:call(155)) - Scanned deleted blocks log and got 3 delTX to process.
2019-09-18 13:05:09,636 [SCMBlockDeletingService#1] DEBUG block.SCMBlockDeletingService (SCMBlockDeletingService.java:call(171)) - Added delete block command for datanode dd0a3b65-d36c-4f93-b232-3c8e6f6667b6 in the queue, number of delete block transactions: 3, TxID list: 1,2,3
2019-09-18 13:05:09,636 [pool-7-thread-2] INFO  commands.RetriableDatanodeEventWatcher (RetriableDatanodeEventWatcher.java:onTimeout(47)) - RetriableDatanodeCommand type=deleteBlocksCommand with id=1568811902425 timed out. Retrying.
2019-09-18 13:05:09,637 [SCMBlockDeletingService#1] INFO  block.SCMBlockDeletingService (SCMBlockDeletingService.java:call(182)) - Totally added 3 delete blocks command for 1 datanodes, task elapsed time: 1ms
2019-09-18 13:05:09,654 [pool-7-thread-2] INFO  commands.RetriableDatanodeEventWatcher (RetriableDatanodeEventWatcher.java:onTimeout(47)) - RetriableDatanodeCommand type=deleteBlocksCommand with id=1568811902435 timed out. Retrying.
2019-09-18 13:05:09,665 [pool-7-thread-2] INFO  commands.RetriableDatanodeEventWatcher (RetriableDatanodeEventWatcher.java:onTimeout(47)) - RetriableDatanodeCommand type=deleteBlocksCommand with id=1568811902445 timed out. Retrying.
2019-09-18 13:05:09,681 [pool-7-thread-2] INFO  commands.RetriableDatanodeEventWatcher (RetriableDatanodeEventWatcher.java:onTimeout(47)) - RetriableDatanodeCommand type=deleteBlocksCommand with id=1568811902455 timed out. Retrying.
2019-09-18 13:05:09,695 [pool-7-thread-2] INFO  commands.RetriableDatanodeEventWatcher (RetriableDatanodeEventWatcher.java:onTimeout(47)) - RetriableDatanodeCommand type=deleteBlocksCommand with id=1568811902465 timed out. Retrying.
2019-09-18 13:05:09,723 [pool-7-thread-1] INFO  commands.RetriableDatanodeEventWatcher (RetriableDatanodeEventWatcher.java:onTimeout(47)) - RetriableDatanodeCommand type=deleteBlocksCommand with id=1568811902416 timed out. Retrying.
2019-09-18 13:05:09,723 [pool-7-thread-2] INFO  commands.RetriableDatanodeEventWatcher (RetriableDatanodeEventWatcher.java:onTimeout(47)) - RetriableDatanodeCommand type=deleteBlocksCommand with id=1568811902475 timed out. Retrying.
2019-09-18 13:05:09,737 [SCMBlockDeletingService#1] DEBUG block.SCMBlockDeletingService (SCMBlockDeletingService.java:call(138)) - Running DeletedBlockTransactionScanner
2019-09-18 13:05:09,737 [SCMBlockDeletingService#1] DEBUG block.SCMBlockDeletingService (SCMBlockDeletingService.java:call(155)) - Scanned deleted blocks log and got 3 delTX to process.
2019-09-18 13:05:09,738 [SCMBlockDeletingService#1] DEBUG block.SCMBlockDeletingService (SCMBlockDeletingService.java:call(171)) - Added delete block command for datanode dd0a3b65-d36c-4f93-b232-3c8e6f6667b6 in the queue, number of delete block transactions: 3, TxID list: 1,2,3
2019-09-18 13:05:09,738 [SCMBlockDeletingService#1] INFO  block.SCMBlockDeletingService (SCMBlockDeletingService.java:call(182)) - Totally added 3 delete blocks command for 1 datanodes, task elapsed time: 1ms
2019-09-18 13:05:09,739 [pool-7-thread-2] INFO  commands.RetriableDatanodeEventWatcher (RetriableDatanodeEventWatcher.java:onTimeout(47)) - RetriableDatanodeCommand type=deleteBlocksCommand with id=1568811902426 timed out. Retrying.
2019-09-18 13:05:09,752 [pool-7-thread-2] INFO  commands.RetriableDatanodeEventWatcher (RetriableDatanodeEventWatcher.java:onTimeout(47)) - RetriableDatanodeCommand type=deleteBlocksCommand with id=1568811902436 timed out. Retrying.
2019-09-18 13:05:09,769 [pool-7-thread-2] INFO  commands.RetriableDatanodeEventWatcher (RetriableDatanodeEventWatcher.java:onTimeout(47)) - RetriableDatanodeCommand type=deleteBlocksCommand with id=1568811902446 timed out. Retrying.
2019-09-18 13:05:09,784 [pool-7-thread-2] INFO  commands.RetriableDatanodeEventWatcher (RetriableDatanodeEventWatcher.java:onTimeout(47)) - RetriableDatanodeCommand type=deleteBlocksCommand with id=1568811902456 timed out. Retrying.
2019-09-18 13:05:09,795 [pool-7-thread-2] INFO  commands.RetriableDatanodeEventWatcher (RetriableDatanodeEventWatcher.java:onTimeout(47)) - RetriableDatanodeCommand type=deleteBlocksCommand with id=1568811902466 timed out. Retrying.
2019-09-18 13:05:09,825 [pool-7-thread-2] INFO  commands.RetriableDatanodeEventWatcher (RetriableDatanodeEventWatcher.java:onTimeout(47)) - RetriableDatanodeCommand type=deleteBlocksCommand with id=1568811902476 timed out. Retrying.
2019-09-18 13:05:09,825 [pool-7-thread-1] INFO  commands.RetriableDatanodeEventWatcher (RetriableDatanodeEventWatcher.java:onTimeout(47)) - RetriableDatanodeCommand type=deleteBlocksCommand with id=1568811902417 timed out. Retrying.
2019-09-18 13:05:09,838 [SCMBlockDeletingService#1] DEBUG block.SCMBlockDeletingService (SCMBlockDeletingService.java:call(138)) - Running DeletedBlockTransactionScanner
2019-09-18 13:05:09,839 [SCMBlockDeletingService#1] DEBUG block.SCMBlockDeletingService (SCMBlockDeletingService.java:call(155)) - Scanned deleted blocks log and got 3 delTX to process.
2019-09-18 13:05:09,839 [SCMBlockDeletingService#1] DEBUG block.SCMBlockDeletingService (SCMBlockDeletingService.java:call(171)) - Added delete block command for datanode dd0a3b65-d36c-4f93-b232-3c8e6f6667b6 in the queue, number of delete block transactions: 3, TxID list: 1,2,3
2019-09-18 13:05:09,839 [pool-7-thread-1] INFO  commands.RetriableDatanodeEventWatcher (RetriableDatanodeEventWatcher.java:onTimeout(47)) - RetriableDatanodeCommand type=deleteBlocksCommand with id=1568811902427 timed out. Retrying.
2019-09-18 13:05:09,839 [SCMBlockDeletingService#1] INFO  block.SCMBlockDeletingService (SCMBlockDeletingService.java:call(182)) - Totally added 3 delete blocks command for 1 datanodes, task elapsed time: 1ms
2019-09-18 13:05:09,855 [pool-7-thread-1] INFO  commands.RetriableDatanodeEventWatcher (RetriableDatanodeEventWatcher.java:onTimeout(47)) - RetriableDatanodeCommand type=deleteBlocksCommand with id=1568811902437 timed out. Retrying.
2019-09-18 13:05:09,867 [pool-7-thread-1] INFO  commands.RetriableDatanodeEventWatcher (RetriableDatanodeEventWatcher.java:onTimeout(47)) - RetriableDatanodeCommand type=deleteBlocksCommand with id=1568811902447 timed out. Retrying.
2019-09-18 13:05:09,884 [pool-7-thread-1] INFO  commands.RetriableDatanodeEventWatcher (RetriableDatanodeEventWatcher.java:onTimeout(47)) - RetriableDatanodeCommand type=deleteBlocksCommand with id=1568811902457 timed out. Retrying.
2019-09-18 13:05:09,896 [pool-7-thread-1] INFO  commands.RetriableDatanodeEventWatcher (RetriableDatanodeEventWatcher.java:onTimeout(47)) - RetriableDatanodeCommand type=deleteBlocksCommand with id=1568811902467 timed out. Retrying.
2019-09-18 13:05:09,927 [pool-7-thread-1] INFO  commands.RetriableDatanodeEventWatcher (RetriableDatanodeEventWatcher.java:onTimeout(47)) - RetriableDatanodeCommand type=deleteBlocksCommand with id=1568811902477 timed out. Retrying.
2019-09-18 13:05:09,927 [pool-7-thread-2] INFO  commands.RetriableDatanodeEventWatcher (RetriableDatanodeEventWatcher.java:onTimeout(47)) - RetriableDatanodeCommand type=deleteBlocksCommand with id=1568811902418 timed out. Retrying.
2019-09-18 13:05:09,940 [SCMBlockDeletingService#1] DEBUG block.SCMBlockDeletingService (SCMBlockDeletingService.java:call(138)) - Running DeletedBlockTransactionScanner
2019-09-18 13:05:09,940 [SCMBlockDeletingService#1] DEBUG block.SCMBlockDeletingService (SCMBlockDeletingService.java:call(155)) - Scanned deleted blocks log and got 3 delTX to process.
2019-09-18 13:05:09,940 [SCMBlockDeletingService#1] DEBUG block.SCMBlockDeletingService (SCMBlockDeletingService.java:call(171)) - Added delete block command for datanode dd0a3b65-d36c-4f93-b232-3c8e6f6667b6 in the queue, number of delete block transactions: 3, TxID list: 1,2,3
2019-09-18 13:05:09,941 [pool-7-thread-2] INFO  commands.RetriableDatanodeEventWatcher (RetriableDatanodeEventWatcher.java:onTimeout(47)) - RetriableDatanodeCommand type=deleteBlocksCommand with id=1568811902428 timed out. Retrying.
2019-09-18 13:05:09,941 [SCMBlockDeletingService#1] INFO  block.SCMBlockDeletingService (SCMBlockDeletingService.java:call(182)) - Totally added 3 delete blocks command for 1 datanodes, task elapsed time: 1ms
2019-09-18 13:05:09,955 [pool-7-thread-2] INFO  commands.RetriableDatanodeEventWatcher (RetriableDatanodeEventWatcher.java:onTimeout(47)) - RetriableDatanodeCommand type=deleteBlocksCommand with id=1568811902438 timed out. Retrying.
2019-09-18 13:05:09,972 [pool-7-thread-2] INFO  commands.RetriableDatanodeEventWatcher (RetriableDatanodeEventWatcher.java:onTimeout(47)) - RetriableDatanodeCommand type=deleteBlocksCommand with id=1568811902448 timed out. Retrying.
2019-09-18 13:05:09,984 [pool-7-thread-2] INFO  commands.RetriableDatanodeEventWatcher (RetriableDatanodeEventWatcher.java:onTimeout(47)) - RetriableDatanodeCommand type=deleteBlocksCommand with id=1568811902458 timed out. Retrying.
2019-09-18 13:05:09,999 [pool-7-thread-2] INFO  commands.RetriableDatanodeEventWatcher (RetriableDatanodeEventWatcher.java:onTimeout(47)) - RetriableDatanodeCommand type=deleteBlocksCommand with id=1568811902468 timed out. Retrying.
2019-09-18 13:05:10,026 [pool-7-thread-2] INFO  commands.RetriableDatanodeEventWatcher (RetriableDatanodeEventWatcher.java:onTimeout(47)) - RetriableDatanodeCommand type=deleteBlocksCommand with id=1568811902419 timed out. Retrying.
2019-09-18 13:05:10,028 [pool-7-thread-2] INFO  commands.RetriableDatanodeEventWatcher (RetriableDatanodeEventWatcher.java:onTimeout(47)) - RetriableDatanodeCommand type=deleteBlocksCommand with id=1568811902478 timed out. Retrying.
2019-09-18 13:05:10,041 [SCMBlockDeletingService#1] DEBUG block.SCMBlockDeletingService (SCMBlockDeletingService.java:call(138)) - Running DeletedBlockTransactionScanner
2019-09-18 13:05:10,042 [SCMBlockDeletingService#1] DEBUG block.SCMBlockDeletingService (SCMBlockDeletingService.java:call(155)) - Scanned deleted blocks log and got 3 delTX to process.
2019-09-18 13:05:10,042 [SCMBlockDeletingService#1] DEBUG block.SCMBlockDeletingService (SCMBlockDeletingService.java:call(171)) - Added delete block command for datanode dd0a3b65-d36c-4f93-b232-3c8e6f6667b6 in the queue, number of delete block transactions: 3, TxID list: 1,2,3
2019-09-18 13:05:10,042 [SCMBlockDeletingService#1] INFO  block.SCMBlockDeletingService (SCMBlockDeletingService.java:call(182)) - Totally added 3 delete blocks command for 1 datanodes, task elapsed time: 1ms
2019-09-18 13:05:10,046 [pool-7-thread-2] INFO  commands.RetriableDatanodeEventWatcher (RetriableDatanodeEventWatcher.java:onTimeout(47)) - RetriableDatanodeCommand type=deleteBlocksCommand with id=1568811902429 timed out. Retrying.
2019-09-18 13:05:10,056 [pool-7-thread-2] INFO  commands.RetriableDatanodeEventWatcher (RetriableDatanodeEventWatcher.java:onTimeout(47)) - RetriableDatanodeCommand type=deleteBlocksCommand with id=1568811902439 timed out. Retrying.
2019-09-18 13:05:10,071 [pool-7-thread-2] INFO  commands.RetriableDatanodeEventWatcher (RetriableDatanodeEventWatcher.java:onTimeout(47)) - RetriableDatanodeCommand type=deleteBlocksCommand with id=1568811902449 timed out. Retrying.
2019-09-18 13:05:10,088 [pool-7-thread-2] INFO  commands.RetriableDatanodeEventWatcher (RetriableDatanodeEventWatcher.java:onTimeout(47)) - RetriableDatanodeCommand type=deleteBlocksCommand with id=1568811902459 timed out. Retrying.
2019-09-18 13:05:10,100 [pool-7-thread-2] INFO  commands.RetriableDatanodeEventWatcher (RetriableDatanodeEventWatcher.java:onTimeout(47)) - RetriableDatanodeCommand type=deleteBlocksCommand with id=1568811902469 timed out. Retrying.
2019-09-18 13:05:10,130 [pool-7-thread-2] INFO  commands.RetriableDatanodeEventWatcher (RetriableDatanodeEventWatcher.java:onTimeout(47)) - RetriableDatanodeCommand type=deleteBlocksCommand with id=1568811902479 timed out. Retrying.
2019-09-18 13:05:10,130 [pool-7-thread-2] INFO  commands.RetriableDatanodeEventWatcher (RetriableDatanodeEventWatcher.java:onTimeout(47)) - RetriableDatanodeCommand type=deleteBlocksCommand with id=1568811902420 timed out. Retrying.
2019-09-18 13:05:10,142 [pool-7-thread-2] INFO  commands.RetriableDatanodeEventWatcher (RetriableDatanodeEventWatcher.java:onTimeout(47)) - RetriableDatanodeCommand type=deleteBlocksCommand with id=1568811902430 timed out. Retrying.
2019-09-18 13:05:10,142 [SCMBlockDeletingService#1] DEBUG block.SCMBlockDeletingService (SCMBlockDeletingService.java:call(138)) - Running DeletedBlockTransactionScanner
2019-09-18 13:05:10,143 [SCMBlockDeletingService#1] DEBUG block.SCMBlockDeletingService (SCMBlockDeletingService.java:call(155)) - Scanned deleted blocks log and got 3 delTX to process.
2019-09-18 13:05:10,143 [SCMBlockDeletingService#1] DEBUG block.SCMBlockDeletingService (SCMBlockDeletingService.java:call(171)) - Added delete block command for datanode dd0a3b65-d36c-4f93-b232-3c8e6f6667b6 in the queue, number of delete block transactions: 3, TxID list: 1,2,3
2019-09-18 13:05:10,143 [SCMBlockDeletingService#1] INFO  block.SCMBlockDeletingService (SCMBlockDeletingService.java:call(182)) - Totally added 3 delete blocks command for 1 datanodes, task elapsed time: 1ms
2019-09-18 13:05:10,160 [pool-7-thread-2] INFO  commands.RetriableDatanodeEventWatcher (RetriableDatanodeEventWatcher.java:onTimeout(47)) - RetriableDatanodeCommand type=deleteBlocksCommand with id=1568811902440 timed out. Retrying.
2019-09-18 13:05:10,174 [pool-7-thread-2] INFO  commands.RetriableDatanodeEventWatcher (RetriableDatanodeEventWatcher.java:onTimeout(47)) - RetriableDatanodeCommand type=deleteBlocksCommand with id=1568811902450 timed out. Retrying.
2019-09-18 13:05:10,187 [pool-7-thread-2] INFO  commands.RetriableDatanodeEventWatcher (RetriableDatanodeEventWatcher.java:onTimeout(47)) - RetriableDatanodeCommand type=deleteBlocksCommand with id=1568811902460 timed out. Retrying.
2019-09-18 13:05:10,203 [pool-7-thread-2] INFO  commands.RetriableDatanodeEventWatcher (RetriableDatanodeEventWatcher.java:onTimeout(47)) - RetriableDatanodeCommand type=deleteBlocksCommand with id=1568811902470 timed out. Retrying.
2019-09-18 13:05:10,230 [pool-7-thread-2] INFO  commands.RetriableDatanodeEventWatcher (RetriableDatanodeEventWatcher.java:onTimeout(47)) - RetriableDatanodeCommand type=deleteBlocksCommand with id=1568811902421 timed out. Retrying.
2019-09-18 13:05:10,230 [pool-7-thread-2] INFO  commands.RetriableDatanodeEventWatcher (RetriableDatanodeEventWatcher.java:onTimeout(47)) - RetriableDatanodeCommand type=deleteBlocksCommand with id=1568811902480 timed out. Retrying.
2019-09-18 13:05:10,241 [main] INFO  ozone.MiniOzoneClusterImpl (MiniOzoneClusterImpl.java:lambda$waitForClusterToBeReady$0(145)) - Waiting for cluster to be ready. Got 0 of 1 DN Heartbeats.
2019-09-18 13:05:10,244 [SCMBlockDeletingService#1] DEBUG block.SCMBlockDeletingService (SCMBlockDeletingService.java:call(138)) - Running DeletedBlockTransactionScanner
2019-09-18 13:05:10,244 [Datanode State Machine Thread - 0] INFO  ozoneimpl.OzoneContainer (OzoneContainer.java:start(217)) - Attempting to start container services.
2019-09-18 13:05:10,244 [SCMBlockDeletingService#1] DEBUG block.SCMBlockDeletingService (SCMBlockDeletingService.java:call(155)) - Scanned deleted blocks log and got 3 delTX to process.
2019-09-18 13:05:10,244 [Datanode State Machine Thread - 0] INFO  ozoneimpl.OzoneContainer (OzoneContainer.java:startContainerScrub(179)) - Background container scanner has been disabled.
2019-09-18 13:05:10,244 [SCMBlockDeletingService#1] DEBUG block.SCMBlockDeletingService (SCMBlockDeletingService.java:call(171)) - Added delete block command for datanode dd0a3b65-d36c-4f93-b232-3c8e6f6667b6 in the queue, number of delete block transactions: 3, TxID list: 1,2,3
2019-09-18 13:05:10,245 [Datanode State Machine Thread - 0] INFO  ratis.XceiverServerRatis (XceiverServerRatis.java:start(411)) - Starting XceiverServerRatis dd0a3b65-d36c-4f93-b232-3c8e6f6667b6 at port 41901
2019-09-18 13:05:10,246 [SCMBlockDeletingService#1] INFO  block.SCMBlockDeletingService (SCMBlockDeletingService.java:call(182)) - Totally added 3 delete blocks command for 1 datanodes, task elapsed time: 2ms
2019-09-18 13:05:10,247 [pool-7-thread-2] INFO  commands.RetriableDatanodeEventWatcher (RetriableDatanodeEventWatcher.java:onTimeout(47)) - RetriableDatanodeCommand type=deleteBlocksCommand with id=1568811902431 timed out. Retrying.
2019-09-18 13:05:10,254 [Datanode State Machine Thread - 0] INFO  impl.RaftServerImpl (RaftServerImpl.java:start(185)) - dd0a3b65-d36c-4f93-b232-3c8e6f6667b6@group-B02456D89C11: start as a follower, conf=0: [dd0a3b65-d36c-4f93-b232-3c8e6f6667b6:192.168.69.108:41901], old=null
2019-09-18 13:05:10,255 [Datanode State Machine Thread - 0] INFO  impl.RaftServerImpl (RaftServerImpl.java:setRole(174)) - dd0a3b65-d36c-4f93-b232-3c8e6f6667b6@group-B02456D89C11: changes role from      null to FOLLOWER at term 1 for startAsFollower
2019-09-18 13:05:10,255 [Datanode State Machine Thread - 0] INFO  impl.RoleInfo (RoleInfo.java:updateAndGet(143)) - dd0a3b65-d36c-4f93-b232-3c8e6f6667b6: start FollowerState
2019-09-18 13:05:10,256 [Datanode State Machine Thread - 0] INFO  util.JmxRegister (JmxRegister.java:tryRegister(44)) - Successfully registered JMX Bean with object name Ratis:service=RaftServer,group=group-B02456D89C11,id=dd0a3b65-d36c-4f93-b232-3c8e6f6667b6
2019-09-18 13:05:10,257 [Datanode State Machine Thread - 0] INFO  impl.RaftServerProxy (RaftServerProxy.java:lambda$start$3(299)) - dd0a3b65-d36c-4f93-b232-3c8e6f6667b6: start RPC server
2019-09-18 13:05:10,258 [pool-7-thread-2] INFO  commands.RetriableDatanodeEventWatcher (RetriableDatanodeEventWatcher.java:onTimeout(47)) - RetriableDatanodeCommand type=deleteBlocksCommand with id=1568811902441 timed out. Retrying.
2019-09-18 13:05:10,260 [Datanode State Machine Thread - 0] INFO  server.GrpcService (GrpcService.java:startImpl(158)) - dd0a3b65-d36c-4f93-b232-3c8e6f6667b6: GrpcService started, listening on 0.0.0.0/0.0.0.0:41901
2019-09-18 13:05:10,275 [pool-7-thread-2] INFO  commands.RetriableDatanodeEventWatcher (RetriableDatanodeEventWatcher.java:onTimeout(47)) - RetriableDatanodeCommand type=deleteBlocksCommand with id=1568811902451 timed out. Retrying.
2019-09-18 13:05:10,289 [pool-7-thread-2] INFO  commands.RetriableDatanodeEventWatcher (RetriableDatanodeEventWatcher.java:onTimeout(47)) - RetriableDatanodeCommand type=deleteBlocksCommand with id=1568811902461 timed out. Retrying.
2019-09-18 13:05:10,318 [pool-7-thread-2] INFO  commands.RetriableDatanodeEventWatcher (RetriableDatanodeEventWatcher.java:onTimeout(47)) - RetriableDatanodeCommand type=deleteBlocksCommand with id=1568811902471 timed out. Retrying.
2019-09-18 13:05:10,331 [pool-7-thread-2] INFO  commands.RetriableDatanodeEventWatcher (RetriableDatanodeEventWatcher.java:onTimeout(47)) - RetriableDatanodeCommand type=deleteBlocksCommand with id=1568811902422 timed out. Retrying.
2019-09-18 13:05:10,332 [pool-7-thread-2] INFO  commands.RetriableDatanodeEventWatcher (RetriableDatanodeEventWatcher.java:onTimeout(47)) - RetriableDatanodeCommand type=deleteBlocksCommand with id=1568811902481 timed out. Retrying.
2019-09-18 13:05:10,346 [SCMBlockDeletingService#1] DEBUG block.SCMBlockDeletingService (SCMBlockDeletingService.java:call(138)) - Running DeletedBlockTransactionScanner
2019-09-18 13:05:10,347 [SCMBlockDeletingService#1] DEBUG block.SCMBlockDeletingService (SCMBlockDeletingService.java:call(155)) - Scanned deleted blocks log and got 3 delTX to process.
2019-09-18 13:05:10,347 [SCMBlockDeletingService#1] DEBUG block.SCMBlockDeletingService (SCMBlockDeletingService.java:call(171)) - Added delete block command for datanode dd0a3b65-d36c-4f93-b232-3c8e6f6667b6 in the queue, number of delete block transactions: 3, TxID list: 1,2,3
2019-09-18 13:05:10,347 [SCMBlockDeletingService#1] INFO  block.SCMBlockDeletingService (SCMBlockDeletingService.java:call(182)) - Totally added 3 delete blocks command for 1 datanodes, task elapsed time: 1ms
2019-09-18 13:05:10,347 [pool-7-thread-2] INFO  commands.RetriableDatanodeEventWatcher (RetriableDatanodeEventWatcher.java:onTimeout(47)) - RetriableDatanodeCommand type=deleteBlocksCommand with id=1568811902432 timed out. Retrying.
2019-09-18 13:05:10,364 [pool-7-thread-2] INFO  commands.RetriableDatanodeEventWatcher (RetriableDatanodeEventWatcher.java:onTimeout(47)) - RetriableDatanodeCommand type=deleteBlocksCommand with id=1568811902442 timed out. Retrying.
2019-09-18 13:05:10,378 [pool-7-thread-2] INFO  commands.RetriableDatanodeEventWatcher (RetriableDatanodeEventWatcher.java:onTimeout(47)) - RetriableDatanodeCommand type=deleteBlocksCommand with id=1568811902452 timed out. Retrying.
2019-09-18 13:05:10,391 [pool-7-thread-2] INFO  commands.RetriableDatanodeEventWatcher (RetriableDatanodeEventWatcher.java:onTimeout(47)) - RetriableDatanodeCommand type=deleteBlocksCommand with id=1568811902462 timed out. Retrying.
2019-09-18 13:05:10,419 [pool-7-thread-2] INFO  commands.RetriableDatanodeEventWatcher (RetriableDatanodeEventWatcher.java:onTimeout(47)) - RetriableDatanodeCommand type=deleteBlocksCommand with id=1568811902472 timed out. Retrying.
2019-09-18 13:05:10,427 [pool-7-thread-2] INFO  commands.RetriableDatanodeEventWatcher (RetriableDatanodeEventWatcher.java:onTimeout(47)) - RetriableDatanodeCommand type=deleteBlocksCommand with id=1568811902413 timed out. Retrying.
2019-09-18 13:05:10,434 [pool-7-thread-2] INFO  commands.RetriableDatanodeEventWatcher (RetriableDatanodeEventWatcher.java:onTimeout(47)) - RetriableDatanodeCommand type=deleteBlocksCommand with id=1568811902482 timed out. Retrying.
2019-09-18 13:05:10,434 [pool-7-thread-1] INFO  commands.RetriableDatanodeEventWatcher (RetriableDatanodeEventWatcher.java:onTimeout(47)) - RetriableDatanodeCommand type=deleteBlocksCommand with id=1568811902423 timed out. Retrying.
2019-09-18 13:05:10,448 [pool-7-thread-1] INFO  commands.RetriableDatanodeEventWatcher (SCMBlockDeletingService.java:call(138)) - Running DeletedBlockTransactionScanner
2019-09-18 13:05:10,448 [pool-7-thread-1] INFO  commands.RetriableDatanodeEventWatcher (RetriableDatanodeEventWatcher.java:onTimeout(47)) - RetriableDatanodeCommand type=deleteBlocksCommand with id=1568811902433 timed out. Retrying.
2019-09-18 13:05:10,448 [SCMBlockDeletingService#1] DEBUG block.SCMBlockDeletingService (SCMBlockDeletingService.java:call(155)) - Scanned deleted blocks log and got 3 delTX to process.
2019-09-18 13:05:10,448 [SCMBlockDeletingService#1] DEBUG block.SCMBlockDeletingService (SCMBlockDeletingService.java:call(171)) - Added delete block command for datanode dd0a3b65-d36c-4f93-b232-3c8e6f6667b6 in the queue, number of delete block transactions: 3, TxID list: 1,2,3
2019-09-18 13:05:10,449 [SCMBlockDeletingService#1] INFO  block.SCMBlockDeletingService (SCMBlockDeletingService.java:call(182)) - Totally added 3 delete blocks command for 1 datanodes, task elapsed time: 1ms
2019-09-18 13:05:10,464 [pool-7-thread-1] INFO  commands.RetriableDatanodeEventWatcher (RetriableDatanodeEventWatcher.java:onTimeout(47)) - RetriableDatanodeCommand type=deleteBlocksCommand with id=1568811902443 timed out. Retrying.
2019-09-18 13:05:10,480 [pool-7-thread-1] INFO  commands.RetriableDatanodeEventWatcher (RetriableDatanodeEventWatcher.java:onTimeout(47)) - RetriableDatanodeCommand type=deleteBlocksCommand with id=1568811902453 timed out. Retrying.
2019-09-18 13:05:10,493 [pool-7-thread-1] INFO  commands.RetriableDatanodeEventWatcher (RetriableDatanodeEventWatcher.java:onTimeout(47)) - RetriableDatanodeCommand type=deleteBlocksCommand with id=1568811902463 timed out. Retrying.
2019-09-18 13:05:10,520 [pool-7-thread-1] INFO  commands.RetriableDatanodeEventWatcher (RetriableDatanodeEventWatcher.java:onTimeout(47)) - RetriableDatanodeCommand type=deleteBlocksCommand with id=1568811902473 timed out. Retrying.
2019-09-18 13:05:10,520 [pool-7-thread-2] INFO  commands.RetriableDatanodeEventWatcher (RetriableDatanodeEventWatcher.java:onTimeout(47)) - RetriableDatanodeCommand type=deleteBlocksCommand with id=1568811902414 timed out. Retrying.
2019-09-18 13:05:10,535 [pool-7-thread-2] INFO  commands.RetriableDatanodeEventWatcher (RetriableDatanodeEventWatcher.java:onTimeout(47)) - RetriableDatanodeCommand type=deleteBlocksCommand with id=1568811902483 timed out. Retrying.
2019-09-18 13:05:10,536 [pool-7-thread-2] INFO  commands.RetriableDatanodeEventWatcher (RetriableDatanodeEventWatcher.java:onTimeout(47)) - RetriableDatanodeCommand type=deleteBlocksCommand with id=1568811902424 timed out. Retrying.
2019-09-18 13:05:10,549 [SCMBlockDeletingService#1] DEBUG block.SCMBlockDeletingService (RetriableDatanodeEventWatcher.java:onTimeout(47)) - RetriableDatanodeCommand type=deleteBlocksCommand with id=1568811902434 timed out. Retrying.
SCMBlockDeletingService.java:call(138)) - Running DeletedBlockTransactionScanner
2019-09-18 13:05:10,549 [pool-7-thread-2] INFO  commands.RetriableDatanodeEventWatcher (RetriableDatanodeEventWatcher.java:onTimeout(47)) - RetriableDatanodeCommand type=deleteBlocksCommand with id=1568811902434 timed out. Retrying.
2019-09-18 13:05:10,550 [SCMBlockDeletingService#1] DEBUG block.SCMBlockDeletingService (SCMBlockDeletingService.java:call(155)) - Scanned deleted blocks log and got 3 delTX to process.
2019-09-18 13:05:10,550 [SCMBlockDeletingService#1] DEBUG block.SCMBlockDeletingService (SCMBlockDeletingService.java:call(171)) - Added delete block command for datanode dd0a3b65-d36c-4f93-b232-3c8e6f6667b6 in the queue, number of delete block transactions: 3, TxID list: 1,2,3
2019-09-18 13:05:10,550 [SCMBlockDeletingService#1] INFO  block.SCMBlockDeletingService (SCMBlockDeletingService.java:call(182)) - Totally added 3 delete blocks command for 1 datanodes, task elapsed time: 1ms
2019-09-18 13:05:10,565 [pool-7-thread-2] INFO  commands.RetriableDatanodeEventWatcher (RetriableDatanodeEventWatcher.java:onTimeout(47)) - RetriableDatanodeCommand type=deleteBlocksCommand with id=1568811902444 timed out. Retrying.
2019-09-18 13:05:10,582 [pool-7-thread-2] INFO  commands.RetriableDatanodeEventWatcher (RetriableDatanodeEventWatcher.java:onTimeout(47)) - RetriableDatanodeCommand type=deleteBlocksCommand with id=1568811902454 timed out. Retrying.
2019-09-18 13:05:10,592 [pool-7-thread-2] INFO  commands.RetriableDatanodeEventWatcher (RetriableDatanodeEventWatcher.java:onTimeout(47)) - RetriableDatanodeCommand type=deleteBlocksCommand with id=1568811902464 timed out. Retrying.
2019-09-18 13:05:10,622 [pool-7-thread-1] INFO  commands.RetriableDatanodeEventWatcher (RetriableDatanodeEventWatcher.java:onTimeout(47)) - RetriableDatanodeCommand type=deleteBlocksCommand with id=1568811902415 timed out. Retrying.
2019-09-18 13:05:10,622 [pool-7-thread-2] INFO  commands.RetriableDatanodeEventWatcher (RetriableDatanodeEventWatcher.java:onTimeout(47)) - RetriableDatanodeCommand type=deleteBlocksCommand with id=1568811902474 timed out. Retrying.
2019-09-18 13:05:10,637 [pool-7-thread-2] INFO  commands.RetriableDatanodeEventWatcher (RetriableDatanodeEventWatcher.java:onTimeout(47)) - RetriableDatanodeCommand type=deleteBlocksCommand with id=1568811902484 timed out. Retrying.
2019-09-18 13:05:10,637 [pool-7-thread-1] INFO  commands.RetriableDatanodeEventWatcher (RetriableDatanodeEventWatcher.java:onTimeout(47)) - RetriableDatanodeCommand type=deleteBlocksCommand with id=1568811902425 timed out. Retrying.
2019-09-18 13:05:10,651 [SCMBlockDeletingService#1] DEBUG block.SCMBlockDeletingService (SCMBlockDeletingService.java:call(138)) - Running DeletedBlockTransactionScanner
2019-09-18 13:05:10,651 [SCMBlockDeletingService#1] DEBUG block.SCMBlockDeletingService (SCMBlockDeletingService.java:call(155)) - Scanned deleted blocks log and got 3 delTX to process.
2019-09-18 13:05:10,651 [SCMBlockDeletingService#1] DEBUG block.SCMBlockDeletingService (SCMBlockDeletingService.java:call(171)) - Added delete block command for datanode dd0a3b65-d36c-4f93-b232-3c8e6f6667b6 in the queue, number of delete block transactions: 3, TxID list: 1,2,3
2019-09-18 13:05:10,652 [SCMBlockDeletingService#1] INFO  block.SCMBlockDeletingService (SCMBlockDeletingService.java:call(182)) - Totally added 3 delete blocks command for 1 datanodes, task elapsed time: 1ms
2019-09-18 13:05:10,655 [pool-7-thread-1] INFO  commands.RetriableDatanodeEventWatcher (RetriableDatanodeEventWatcher.java:onTimeout(47)) - RetriableDatanodeCommand type=deleteBlocksCommand with id=1568811902435 timed out. Retrying.
2019-09-18 13:05:10,664 [pool-7-thread-1] INFO  commands.RetriableDatanodeEventWatcher (RetriableDatanodeEventWatcher.java:onTimeout(47)) - RetriableDatanodeCommand type=deleteBlocksCommand with id=1568811902445 timed out. Retrying.
2019-09-18 13:05:10,682 [pool-7-thread-1] INFO  commands.RetriableDatanodeEventWatcher (RetriableDatanodeEventWatcher.java:onTimeout(47)) - RetriableDatanodeCommand type=deleteBlocksCommand with id=1568811902455 timed out. Retrying.
2019-09-18 13:05:10,695 [pool-7-thread-1] INFO  commands.RetriableDatanodeEventWatcher (RetriableDatanodeEventWatcher.java:onTimeout(47)) - RetriableDatanodeCommand type=deleteBlocksCommand with id=1568811902465 timed out. Retrying.
2019-09-18 13:05:10,724 [pool-7-thread-1] INFO  commands.RetriableDatanodeEventWatcher (RetriableDatanodeEventWatcher.java:onTimeout(47)) - RetriableDatanodeCommand type=deleteBlocksCommand with id=1568811902475 timed out. Retrying.
2019-09-18 13:05:10,724 [pool-7-thread-2] INFO  commands.RetriableDatanodeEventWatcher (RetriableDatanodeEventWatcher.java:onTimeout(47)) - RetriableDatanodeCommand type=deleteBlocksCommand with id=1568811902416 timed out. Retrying.
2019-09-18 13:05:10,738 [pool-7-thread-2] INFO  commands.RetriableDatanodeEventWatcher (RetriableDatanodeEventWatcher.java:onTimeout(47)) - RetriableDatanodeCommand type=deleteBlocksCommand with id=1568811902485 timed out. Retrying.
2019-09-18 13:05:10,739 [pool-7-thread-2] INFO  commands.RetriableDatanodeEventWatcher (RetriableDatanodeEventWatcher.java:onTimeout(47)) - RetriableDatanodeCommand type=deleteBlocksCommand with id=1568811902426 timed out. Retrying.
2019-09-18 13:05:10,752 [SCMBlockDeletingService#1] DEBUG block.SCMBlockDeletingService (SCMBlockDeletingService.java:call(138)) - Running DeletedBlockTransactionScanner
2019-09-18 13:05:10,752 [SCMBlockDeletingService#1] DEBUG block.SCMBlockDeletingService (SCMBlockDeletingService.java:call(155)) - Scanned deleted blocks log and got 3 delTX to process.
2019-09-18 13:05:10,753 [SCMBlockDeletingService#1] DEBUG block.SCMBlockDeletingService (SCMBlockDeletingService.java:call(171)) - Added delete block command for datanode dd0a3b65-d36c-4f93-b232-3c8e6f6667b6 in the queue, number of delete block transactions: 3, TxID list: 1,2,3
2019-09-18 13:05:10,753 [SCMBlockDeletingService#1] INFO  block.SCMBlockDeletingService (RetriableDatanodeEventWatcher.java:onTimeout(47)) - RetriableDatanodeCommand type=deleteBlocksCommand with id=1568811902436 timed out. Retrying.
SCMBlockDeletingService.java:call(182)) - Totally added 3 delete blocks command for 1 datanodes, task elapsed time: 0ms
2019-09-18 13:05:10,753 [pool-7-thread-2] INFO  commands.RetriableDatanodeEventWatcher (RetriableDatanodeEventWatcher.java:onTimeout(47)) - RetriableDatanodeCommand type=deleteBlocksCommand with id=1568811902436 timed out. Retrying.
2019-09-18 13:05:10,770 [pool-7-thread-2] INFO  commands.RetriableDatanodeEventWatcher (RetriableDatanodeEventWatcher.java:onTimeout(47)) - RetriableDatanodeCommand type=deleteBlocksCommand with id=1568811902446 timed out. Retrying.
2019-09-18 13:05:10,784 [pool-7-thread-2] INFO  commands.RetriableDatanodeEventWatcher (RetriableDatanodeEventWatcher.java:onTimeout(47)) - RetriableDatanodeCommand type=deleteBlocksCommand with id=1568811902456 timed out. Retrying.
2019-09-18 13:05:10,796 [pool-7-thread-2] INFO  commands.RetriableDatanodeEventWatcher (RetriableDatanodeEventWatcher.java:onTimeout(47)) - RetriableDatanodeCommand type=deleteBlocksCommand with id=1568811902466 timed out. Retrying.
2019-09-18 13:05:10,825 [pool-7-thread-2] INFO  commands.RetriableDatanodeEventWatcher (RetriableDatanodeEventWatcher.java:onTimeout(47)) - RetriableDatanodeCommand type=deleteBlocksCommand with id=1568811902476 timed out. Retrying.
2019-09-18 13:05:10,826 [pool-7-thread-1] INFO  commands.RetriableDatanodeEventWatcher (RetriableDatanodeEventWatcher.java:onTimeout(47)) - RetriableDatanodeCommand type=deleteBlocksCommand with id=1568811902417 timed out. Retrying.
2019-09-18 13:05:10,839 [pool-7-thread-1] INFO  commands.RetriableDatanodeEventWatcher (RetriableDatanodeEventWatcher.java:onTimeout(47)) - RetriableDatanodeCommand type=deleteBlocksCommand with id=1568811902486 timed out. Retrying.
2019-09-18 13:05:10,839 [pool-7-thread-2] INFO  commands.RetriableDatanodeEventWatcher (RetriableDatanodeEventWatcher.java:onTimeout(47)) - RetriableDatanodeCommand type=deleteBlocksCommand with id=1568811902427 timed out. Retrying.
2019-09-18 13:05:10,853 [SCMBlockDeletingService#1] DEBUG block.SCMBlockDeletingService (SCMBlockDeletingService.java:call(138)) - Running DeletedBlockTransactionScanner
2019-09-18 13:05:10,854 [SCMBlockDeletingService#1] DEBUG block.SCMBlockDeletingService (SCMBlockDeletingService.java:call(155)) - Scanned deleted blocks log and got 3 delTX to process.
2019-09-18 13:05:10,854 [SCMBlockDeletingService#1] DEBUG block.SCMBlockDeletingService (SCMBlockDeletingService.java:call(171)) - Added delete block command for datanode dd0a3b65-d36c-4f93-b232-3c8e6f6667b6 in the queue, number of delete block transactions: 3, TxID list: 1,2,3
2019-09-18 13:05:10,854 [SCMBlockDeletingService#1] INFO  block.SCMBlockDeletingService (SCMBlockDeletingService.java:call(182)) - Totally added 3 delete blocks command for 1 datanodes, task elapsed time: 1ms
2019-09-18 13:05:10,855 [pool-7-thread-2] INFO  commands.RetriableDatanodeEventWatcher (RetriableDatanodeEventWatcher.java:onTimeout(47)) - RetriableDatanodeCommand type=deleteBlocksCommand with id=1568811902437 timed out. Retrying.
2019-09-18 13:05:10,868 [pool-7-thread-2] INFO  commands.RetriableDatanodeEventWatcher (RetriableDatanodeEventWatcher.java:onTimeout(47)) - RetriableDatanodeCommand type=deleteBlocksCommand with id=1568811902447 timed out. Retrying.
2019-09-18 13:05:10,885 [pool-7-thread-2] INFO  commands.RetriableDatanodeEventWatcher (RetriableDatanodeEventWatcher.java:onTimeout(47)) - RetriableDatanodeCommand type=deleteBlocksCommand with id=1568811902457 timed out. Retrying.
2019-09-18 13:05:10,896 [pool-7-thread-2] INFO  commands.RetriableDatanodeEventWatcher (RetriableDatanodeEventWatcher.java:onTimeout(47)) - RetriableDatanodeCommand type=deleteBlocksCommand with id=1568811902467 timed out. Retrying.
2019-09-18 13:05:10,927 [pool-7-thread-1] INFO  commands.RetriableDatanodeEventWatcher (RetriableDatanodeEventWatcher.java:onTimeout(47)) - RetriableDatanodeCommand type=deleteBlocksCommand with id=1568811902418 timed out. Retrying.
2019-09-18 13:05:10,927 [pool-7-thread-2] INFO  commands.RetriableDatanodeEventWatcher (RetriableDatanodeEventWatcher.java:onTimeout(47)) - RetriableDatanodeCommand type=deleteBlocksCommand with id=1568811902477 timed out. Retrying.
2019-09-18 13:05:10,941 [pool-7-thread-1] INFO  commands.RetriableDatanodeEventWatcher (RetriableDatanodeEventWatcher.java:onTimeout(47)) - RetriableDatanodeCommand type=deleteBlocksCommand with id=1568811902428 timed out. Retrying.
2019-09-18 13:05:10,941 [pool-7-thread-2] INFO  commands.RetriableDatanodeEventWatcher (RetriableDatanodeEventWatcher.java:onTimeout(47)) - RetriableDatanodeCommand type=deleteBlocksCommand with id=1568811902487 timed out. Retrying.
2019-09-18 13:05:10,955 [SCMBlockDeletingService#1] DEBUG block.SCMBlockDeletingService (SCMBlockDeletingService.java:call(138)) - Running DeletedBlockTransactionScanner
2019-09-18 13:05:10,955 [SCMBlockDeletingService#1] DEBUG block.SCMBlockDeletingService (SCMBlockDeletingService.java:call(155)) - Scanned deleted blocks log and got 3 delTX to process.
2019-09-18 13:05:10,955 [SCMBlockDeletingService#1] DEBUG block.SCMBlockDeletingService (SCMBlockDeletingService.java:call(171)) - Added delete block command for datanode dd0a3b65-d36c-4f93-b232-3c8e6f6667b6 in the queue, number of delete block transactions: 3, TxID list: 1,2,3
2019-09-18 13:05:10,956 [SCMBlockDeletingService#1] INFO  block.SCMBlockDeletingService (SCMBlockDeletingService.java:call(182)) - Totally added 3 delete blocks command for 1 datanodes, task elapsed time: 1ms
2019-09-18 13:05:10,956 [pool-7-thread-2] INFO  commands.RetriableDatanodeEventWatcher (RetriableDatanodeEventWatcher.java:onTimeout(47)) - RetriableDatanodeCommand type=deleteBlocksCommand with id=1568811902438 timed out. Retrying.
2019-09-18 13:05:10,972 [pool-7-thread-2] INFO  commands.RetriableDatanodeEventWatcher (RetriableDatanodeEventWatcher.java:onTimeout(47)) - RetriableDatanodeCommand type=deleteBlocksCommand with id=1568811902448 timed out. Retrying.
2019-09-18 13:05:10,984 [pool-7-thread-2] INFO  commands.RetriableDatanodeEventWatcher (RetriableDatanodeEventWatcher.java:onTimeout(47)) - RetriableDatanodeCommand type=deleteBlocksCommand with id=1568811902458 timed out. Retrying.
2019-09-18 13:05:11,000 [pool-7-thread-2] INFO  commands.RetriableDatanodeEventWatcher (RetriableDatanodeEventWatcher.java:onTimeout(47)) - RetriableDatanodeCommand type=deleteBlocksCommand with id=1568811902468 timed out. Retrying.
2019-09-18 13:05:11,027 [pool-7-thread-2] INFO  commands.RetriableDatanodeEventWatcher (RetriableDatanodeEventWatcher.java:onTimeout(47)) - RetriableDatanodeCommand type=deleteBlocksCommand with id=1568811902419 timed out. Retrying.
2019-09-18 13:05:11,028 [pool-7-thread-2] INFO  commands.RetriableDatanodeEventWatcher (RetriableDatanodeEventWatcher.java:onTimeout(47)) - RetriableDatanodeCommand type=deleteBlocksCommand with id=1568811902478 timed out. Retrying.
2019-09-18 13:05:11,042 [pool-7-thread-2] INFO  commands.RetriableDatanodeEventWatcher (RetriableDatanodeEventWatcher.java:onTimeout(47)) - RetriableDatanodeCommand type=deleteBlocksCommand with id=1568811902488 timed out. Retrying.
2019-09-18 13:05:11,046 [pool-7-thread-2] INFO  commands.RetriableDatanodeEventWatcher (RetriableDatanodeEventWatcher.java:onTimeout(47)) - RetriableDatanodeCommand type=deleteBlocksCommand with id=1568811902429 timed out. Retrying.
2019-09-18 13:05:11,056 [pool-7-thread-2] INFO  commands.RetriableDatanodeEventWatcher (RetriableDatanodeEventWatcher.java:onTimeout(47)) - RetriableDatanodeCommand type=deleteBlocksCommand with id=1568811902439 timed out. Retrying.
2019-09-18 13:05:11,056 [SCMBlockDeletingService#1] DEBUG block.SCMBlockDeletingService (SCMBlockDeletingService.java:call(138)) - Running DeletedBlockTransactionScanner
2019-09-18 13:05:11,057 [SCMBlockDeletingService#1] DEBUG block.SCMBlockDeletingService (SCMBlockDeletingService.java:call(155)) - Scanned deleted blocks log and got 3 delTX to process.
2019-09-18 13:05:11,057 [SCMBlockDeletingService#1] DEBUG block.SCMBlockDeletingService (SCMBlockDeletingService.java:call(171)) - Added delete block command for datanode dd0a3b65-d36c-4f93-b232-3c8e6f6667b6 in the queue, number of delete block transactions: 3, TxID list: 1,2,3
2019-09-18 13:05:11,057 [SCMBlockDeletingService#1] INFO  block.SCMBlockDeletingService (SCMBlockDeletingService.java:call(182)) - Totally added 3 delete blocks command for 1 datanodes, task elapsed time: 1ms
2019-09-18 13:05:11,071 [pool-7-thread-2] INFO  commands.RetriableDatanodeEventWatcher (RetriableDatanodeEventWatcher.java:onTimeout(47)) - RetriableDatanodeCommand type=deleteBlocksCommand with id=1568811902449 timed out. Retrying.
2019-09-18 13:05:11,089 [pool-7-thread-2] INFO  commands.RetriableDatanodeEventWatcher (RetriableDatanodeEventWatcher.java:onTimeout(47)) - RetriableDatanodeCommand type=deleteBlocksCommand with id=1568811902459 timed out. Retrying.
2019-09-18 13:05:11,100 [pool-7-thread-2] INFO  commands.RetriableDatanodeEventWatcher (RetriableDatanodeEventWatcher.java:onTimeout(47)) - RetriableDatanodeCommand type=deleteBlocksCommand with id=1568811902469 timed out. Retrying.
2019-09-18 13:05:11,131 [pool-7-thread-2] INFO  commands.RetriableDatanodeEventWatcher (RetriableDatanodeEventWatcher.java:onTimeout(47)) - RetriableDatanodeCommand type=deleteBlocksCommand with id=1568811902479 timed out. Retrying.
2019-09-18 13:05:11,131 [pool-7-thread-1] INFO  commands.RetriableDatanodeEventWatcher (RetriableDatanodeEventWatcher.java:onTimeout(47)) - RetriableDatanodeCommand type=deleteBlocksCommand with id=1568811902420 timed out. Retrying.
2019-09-18 13:05:11,143 [pool-7-thread-1] INFO  commands.RetriableDatanodeEventWatcher (RetriableDatanodeEventWatcher.java:onTimeout(47)) - RetriableDatanodeCommand type=deleteBlocksCommand with id=1568811902430 timed out. Retrying.
2019-09-18 13:05:11,143 [pool-7-thread-1] INFO  commands.RetriableDatanodeEventWatcher (RetriableDatanodeEventWatcher.java:onTimeout(47)) - RetriableDatanodeCommand type=deleteBlocksCommand with id=1568811902489 timed out. Retrying.
2019-09-18 13:05:11,158 [SCMBlockDeletingService#1] DEBUG block.SCMBlockDeletingService (SCMBlockDeletingService.java:call(138)) - Running DeletedBlockTransactionScanner
2019-09-18 13:05:11,158 [SCMBlockDeletingService#1] DEBUG block.SCMBlockDeletingService (SCMBlockDeletingService.java:call(155)) - Scanned deleted blocks log and got 3 delTX to process.
2019-09-18 13:05:11,159 [SCMBlockDeletingService#1] DEBUG block.SCMBlockDeletingService (SCMBlockDeletingService.java:call(171)) - Added delete block command for datanode dd0a3b65-d36c-4f93-b232-3c8e6f6667b6 in the queue, number of delete block transactions: 3, TxID list: 1,2,3
2019-09-18 13:05:11,159 [SCMBlockDeletingService#1] INFO  block.SCMBlockDeletingService (SCMBlockDeletingService.java:call(182)) - Totally added 3 delete blocks command for 1 datanodes, task elapsed time: 2ms
2019-09-18 13:05:11,161 [pool-7-thread-1] INFO  commands.RetriableDatanodeEventWatcher (RetriableDatanodeEventWatcher.java:onTimeout(47)) - RetriableDatanodeCommand type=deleteBlocksCommand with id=1568811902440 timed out. Retrying.
2019-09-18 13:05:11,175 [pool-7-thread-1] INFO  commands.RetriableDatanodeEventWatcher (RetriableDatanodeEventWatcher.java:onTimeout(47)) - RetriableDatanodeCommand type=deleteBlocksCommand with id=1568811902450 timed out. Retrying.
2019-09-18 13:05:11,187 [pool-7-thread-1] INFO  commands.RetriableDatanodeEventWatcher (RetriableDatanodeEventWatcher.java:onTimeout(47)) - RetriableDatanodeCommand type=deleteBlocksCommand with id=1568811902460 timed out. Retrying.
2019-09-18 13:05:11,204 [pool-7-thread-1] INFO  commands.RetriableDatanodeEventWatcher (RetriableDatanodeEventWatcher.java:onTimeout(47)) - RetriableDatanodeCommand type=deleteBlocksCommand with id=1568811902470 timed out. Retrying.
2019-09-18 13:05:11,231 [pool-7-thread-2] INFO  commands.RetriableDatanodeEventWatcher (RetriableDatanodeEventWatcher.java:onTimeout(47)) - RetriableDatanodeCommand type=deleteBlocksCommand with id=1568811902421 timed out. Retrying.
2019-09-18 13:05:11,231 [pool-7-thread-1] INFO  commands.RetriableDatanodeEventWatcher (RetriableDatanodeEventWatcher.java:onTimeout(47)) - RetriableDatanodeCommand type=deleteBlocksCommand with id=1568811902480 timed out. Retrying.
2019-09-18 13:05:11,241 [main] INFO  ozone.MiniOzoneClusterImpl (MiniOzoneClusterImpl.java:lambda$waitForClusterToBeReady$0(145)) - Waiting for cluster to be ready. Got 0 of 1 DN Heartbeats.
2019-09-18 13:05:11,245 [pool-7-thread-1] INFO  commands.RetriableDatanodeEventWatcher (RetriableDatanodeEventWatcher.java:onTimeout(47)) - RetriableDatanodeCommand type=deleteBlocksCommand with id=1568811902490 timed out. Retrying.
2019-09-18 13:05:11,247 [pool-7-thread-1] INFO  commands.RetriableDatanodeEventWatcher (RetriableDatanodeEventWatcher.java:onTimeout(47)) - RetriableDatanodeCommand type=deleteBlocksCommand with id=1568811902431 timed out. Retrying.
2019-09-18 13:05:11,259 [SCMBlockDeletingService#1] DEBUG block.SCMBlockDeletingService (SCMBlockDeletingService.java:call(138)) - Running DeletedBlockTransactionScanner
2019-09-18 13:05:11,260 [pool-7-thread-1] INFO  commands.RetriableDatanodeEventWatcher (RetriableDatanodeEventWatcher.java:onTimeout(47)) - RetriableDatanodeCommand type=deleteBlocksCommand with id=1568811902441 timed out. Retrying.
2019-09-18 13:05:11,260 [SCMBlockDeletingService#1] DEBUG block.SCMBlockDeletingService (SCMBlockDeletingService.java:call(155)) - Scanned deleted blocks log and got 3 delTX to process.
2019-09-18 13:05:11,260 [SCMBlockDeletingService#1] DEBUG block.SCMBlockDeletingService (SCMBlockDeletingService.java:call(171)) - Added delete block command for datanode dd0a3b65-d36c-4f93-b232-3c8e6f6667b6 in the queue, number of delete block transactions: 3, TxID list: 1,2,3
2019-09-18 13:05:11,261 [SCMBlockDeletingService#1] INFO  block.SCMBlockDeletingService (SCMBlockDeletingService.java:call(182)) - Totally added 3 delete blocks command for 1 datanodes, task elapsed time: 1ms
2019-09-18 13:05:11,275 [pool-7-thread-1] INFO  commands.RetriableDatanodeEventWatcher (RetriableDatanodeEventWatcher.java:onTimeout(47)) - RetriableDatanodeCommand type=deleteBlocksCommand with id=1568811902451 timed out. Retrying.
2019-09-18 13:05:11,290 [pool-7-thread-1] INFO  commands.RetriableDatanodeEventWatcher (RetriableDatanodeEventWatcher.java:onTimeout(47)) - RetriableDatanodeCommand type=deleteBlocksCommand with id=1568811902461 timed out. Retrying.
2019-09-18 13:05:11,318 [pool-7-thread-1] INFO  commands.RetriableDatanodeEventWatcher (RetriableDatanodeEventWatcher.java:onTimeout(47)) - RetriableDatanodeCommand type=deleteBlocksCommand with id=1568811902471 timed out. Retrying.
2019-09-18 13:05:11,331 [pool-7-thread-1] INFO  commands.RetriableDatanodeEventWatcher (RetriableDatanodeEventWatcher.java:onTimeout(47)) - RetriableDatanodeCommand type=deleteBlocksCommand with id=1568811902422 timed out. Retrying.
2019-09-18 13:05:11,333 [pool-7-thread-1] INFO  commands.RetriableDatanodeEventWatcher (RetriableDatanodeEventWatcher.java:onTimeout(47)) - RetriableDatanodeCommand type=deleteBlocksCommand with id=1568811902481 timed out. Retrying.
2019-09-18 13:05:11,347 [pool-7-thread-1] INFO  commands.RetriableDatanodeEventWatcher (RetriableDatanodeEventWatcher.java:onTimeout(47)) - RetriableDatanodeCommand type=deleteBlocksCommand with id=1568811902491 timed out. Retrying.
2019-09-18 13:05:11,347 [pool-7-thread-2] INFO  commands.RetriableDatanodeEventWatcher (RetriableDatanodeEventWatcher.java:onTimeout(47)) - RetriableDatanodeCommand type=deleteBlocksCommand with id=1568811902432 timed out. Retrying.
2019-09-18 13:05:11,361 [SCMBlockDeletingService#1] DEBUG block.SCMBlockDeletingService (SCMBlockDeletingService.java:call(138)) - Running DeletedBlockTransactionScanner
2019-09-18 13:05:11,361 [SCMBlockDeletingService#1] DEBUG block.SCMBlockDeletingService (SCMBlockDeletingService.java:call(155)) - Scanned deleted blocks log and got 3 delTX to process.
2019-09-18 13:05:11,362 [SCMBlockDeletingService#1] DEBUG block.SCMBlockDeletingService (SCMBlockDeletingService.java:call(171)) - Added delete block command for datanode dd0a3b65-d36c-4f93-b232-3c8e6f6667b6 in the queue, number of delete block transactions: 3, TxID list: 1,2,3
2019-09-18 13:05:11,362 [SCMBlockDeletingService#1] INFO  block.SCMBlockDeletingService (SCMBlockDeletingService.java:call(182)) - Totally added 3 delete blocks command for 1 datanodes, task elapsed time: 0ms
2019-09-18 13:05:11,365 [pool-7-thread-2] INFO  commands.RetriableDatanodeEventWatcher (RetriableDatanodeEventWatcher.java:onTimeout(47)) - RetriableDatanodeCommand type=deleteBlocksCommand with id=1568811902442 timed out. Retrying.
2019-09-18 13:05:11,378 [pool-7-thread-2] INFO  commands.RetriableDatanodeEventWatcher (RetriableDatanodeEventWatcher.java:onTimeout(47)) - RetriableDatanodeCommand type=deleteBlocksCommand with id=1568811902452 timed out. Retrying.
2019-09-18 13:05:11,392 [pool-7-thread-2] INFO  commands.RetriableDatanodeEventWatcher (RetriableDatanodeEventWatcher.java:onTimeout(47)) - RetriableDatanodeCommand type=deleteBlocksCommand with id=1568811902462 timed out. Retrying.
2019-09-18 13:05:11,420 [pool-7-thread-2] INFO  commands.RetriableDatanodeEventWatcher (RetriableDatanodeEventWatcher.java:onTimeout(47)) - RetriableDatanodeCommand type=deleteBlocksCommand with id=1568811902472 timed out. Retrying.
2019-09-18 13:05:11,428 [pool-7-thread-2] INFO  commands.RetriableDatanodeEventWatcher (RetriableDatanodeEventWatcher.java:onTimeout(47)) - RetriableDatanodeCommand type=deleteBlocksCommand with id=1568811902413 timed out. Retrying.
2019-09-18 13:05:11,434 [pool-7-thread-2] INFO  commands.RetriableDatanodeEventWatcher (RetriableDatanodeEventWatcher.java:onTimeout(47)) - RetriableDatanodeCommand type=deleteBlocksCommand with id=1568811902482 timed out. Retrying.
2019-09-18 13:05:11,434 [pool-7-thread-1] INFO  commands.RetriableDatanodeEventWatcher (RetriableDatanodeEventWatcher.java:onTimeout(47)) - RetriableDatanodeCommand type=deleteBlocksCommand with id=1568811902423 timed out. Retrying.
2019-09-18 13:05:11,449 [pool-7-thread-1] INFO  commands.RetriableDatanodeEventWatcher (RetriableDatanodeEventWatcher.java:onTimeout(47)) - RetriableDatanodeCommand type=deleteBlocksCommand with id=1568811902492 timed out. Retrying.
2019-09-18 13:05:11,449 [pool-7-thread-2] INFO  commands.RetriableDatanodeEventWatcher (RetriableDatanodeEventWatcher.java:onTimeout(47)) - RetriableDatanodeCommand type=deleteBlocksCommand with id=1568811902433 timed out. Retrying.
2019-09-18 13:05:11,462 [SCMBlockDeletingService#1] DEBUG block.SCMBlockDeletingService (SCMBlockDeletingService.java:call(138)) - Running DeletedBlockTransactionScanner
2019-09-18 13:05:11,463 [SCMBlockDeletingService#1] DEBUG block.SCMBlockDeletingService (SCMBlockDeletingService.java:call(155)) - Scanned deleted blocks log and got 3 delTX to process.
2019-09-18 13:05:11,463 [SCMBlockDeletingService#1] DEBUG block.SCMBlockDeletingService (SCMBlockDeletingService.java:call(171)) - Added delete block command for datanode dd0a3b65-d36c-4f93-b232-3c8e6f6667b6 in the queue, number of delete block transactions: 3, TxID list: 1,2,3
2019-09-18 13:05:11,467 [pool-7-thread-2] INFO  commands.RetriableDatanodeEventWatcher (RetriableDatanodeEventWatcher.java:onTimeout(47)) - RetriableDatanodeCommand type=deleteBlocksCommand with id=1568811902443 timed out. Retrying.
2019-09-18 13:05:11,467 [SCMBlockDeletingService#1] INFO  block.SCMBlockDeletingService (SCMBlockDeletingService.java:call(182)) - Totally added 3 delete blocks command for 1 datanodes, task elapsed time: 4ms
2019-09-18 13:05:11,480 [pool-7-thread-2] INFO  commands.RetriableDatanodeEventWatcher (RetriableDatanodeEventWatcher.java:onTimeout(47)) - RetriableDatanodeCommand type=deleteBlocksCommand with id=1568811902453 timed out. Retrying.
2019-09-18 13:05:11,494 [pool-7-thread-2] INFO  commands.RetriableDatanodeEventWatcher (RetriableDatanodeEventWatcher.java:onTimeout(47)) - RetriableDatanodeCommand type=deleteBlocksCommand with id=1568811902463 timed out. Retrying.
2019-09-18 13:05:11,520 [pool-7-thread-2] INFO  commands.RetriableDatanodeEventWatcher (RetriableDatanodeEventWatcher.java:onTimeout(47)) - RetriableDatanodeCommand type=deleteBlocksCommand with id=1568811902473 timed out. Retrying.
2019-09-18 13:05:11,521 [pool-7-thread-1] INFO  commands.RetriableDatanodeEventWatcher (RetriableDatanodeEventWatcher.java:onTimeout(47)) - RetriableDatanodeCommand type=deleteBlocksCommand with id=1568811902414 timed out. Retrying.
2019-09-18 13:05:11,536 [pool-7-thread-1] INFO  commands.RetriableDatanodeEventWatcher (RetriableDatanodeEventWatcher.java:onTimeout(47)) - RetriableDatanodeCommand type=deleteBlocksCommand with id=1568811902483 timed out. Retrying.
2019-09-18 13:05:11,536 [pool-7-thread-2] INFO  commands.RetriableDatanodeEventWatcher (RetriableDatanodeEventWatcher.java:onTimeout(47)) - RetriableDatanodeCommand type=deleteBlocksCommand with id=1568811902424 timed out. Retrying.
2019-09-18 13:05:11,550 [pool-7-thread-2] INFO  commands.RetriableDatanodeEventWatcher (RetriableDatanodeEventWatcher.java:onTimeout(47)) - RetriableDatanodeCommand type=deleteBlocksCommand with id=1568811902493 timed out. Retrying.
2019-09-18 13:05:11,550 [pool-7-thread-1] INFO  commands.RetriableDatanodeEventWatcher (RetriableDatanodeEventWatcher.java:onTimeout(47)) - RetriableDatanodeCommand type=deleteBlocksCommand with id=1568811902434 timed out. Retrying.
2019-09-18 13:05:11,565 [pool-7-thread-1] INFO  commands.RetriableDatanodeEventWatcher (RetriableDatanodeEventWatcher.java:onTimeout(47)) - RetriableDatanodeCommand type=deleteBlocksCommand with id=1568811902444 timed out. Retrying.
2019-09-18 13:05:11,567 [SCMBlockDeletingService#1] DEBUG block.SCMBlockDeletingService (SCMBlockDeletingService.java:call(138)) - Running DeletedBlockTransactionScanner
2019-09-18 13:05:11,568 [SCMBlockDeletingService#1] DEBUG block.SCMBlockDeletingService (SCMBlockDeletingService.java:call(155)) - Scanned deleted blocks log and got 3 delTX to process.
2019-09-18 13:05:11,568 [SCMBlockDeletingService#1] DEBUG block.SCMBlockDeletingService (SCMBlockDeletingService.java:call(171)) - Added delete block command for datanode dd0a3b65-d36c-4f93-b232-3c8e6f6667b6 in the queue, number of delete block transactions: 3, TxID list: 1,2,3
2019-09-18 13:05:11,568 [SCMBlockDeletingService#1] INFO  block.SCMBlockDeletingService (SCMBlockDeletingService.java:call(182)) - Totally added 3 delete blocks command for 1 datanodes, task elapsed time: 1ms
2019-09-18 13:05:11,582 [pool-7-thread-1] INFO  commands.RetriableDatanodeEventWatcher (RetriableDatanodeEventWatcher.java:onTimeout(47)) - RetriableDatanodeCommand type=deleteBlocksCommand with id=1568811902454 timed out. Retrying.
2019-09-18 13:05:11,593 [pool-7-thread-1] INFO  commands.RetriableDatanodeEventWatcher (RetriableDatanodeEventWatcher.java:onTimeout(47)) - RetriableDatanodeCommand type=deleteBlocksCommand with id=1568811902464 timed out. Retrying.
2019-09-18 13:05:11,622 [pool-7-thread-1] INFO  commands.RetriableDatanodeEventWatcher (RetriableDatanodeEventWatcher.java:onTimeout(47)) - RetriableDatanodeCommand type=deleteBlocksCommand with id=1568811902474 timed out. Retrying.
2019-09-18 13:05:11,622 [pool-7-thread-2] INFO  commands.RetriableDatanodeEventWatcher (RetriableDatanodeEventWatcher.java:onTimeout(47)) - RetriableDatanodeCommand type=deleteBlocksCommand with id=1568811902415 timed out. Retrying.
2019-09-18 13:05:11,636 [pool-7-thread-2] INFO  commands.RetriableDatanodeEventWatcher (RetriableDatanodeEventWatcher.java:onTimeout(47)) - RetriableDatanodeCommand type=deleteBlocksCommand with id=1568811902484 timed out. Retrying.
2019-09-18 13:05:11,638 [pool-7-thread-2] INFO  commands.RetriableDatanodeEventWatcher (RetriableDatanodeEventWatcher.java:onTimeout(47)) - RetriableDatanodeCommand type=deleteBlocksCommand with id=1568811902425 timed out. Retrying.
2019-09-18 13:05:11,652 [pool-7-thread-2] INFO  commands.RetriableDatanodeEventWatcher (RetriableDatanodeEventWatcher.java:onTimeout(47)) - RetriableDatanodeCommand type=deleteBlocksCommand with id=1568811902494 timed out. Retrying.
2019-09-18 13:05:11,654 [pool-7-thread-2] INFO  commands.RetriableDatanodeEventWatcher (RetriableDatanodeEventWatcher.java:onTimeout(47)) - RetriableDatanodeCommand type=deleteBlocksCommand with id=1568811902435 timed out. Retrying.
2019-09-18 13:05:11,665 [pool-7-thread-2] INFO  commands.RetriableDatanodeEventWatcher (RetriableDatanodeEventWatcher.java:onTimeout(47)) - RetriableDatanodeCommand type=deleteBlocksCommand with id=1568811902445 timed out. Retrying.
2019-09-18 13:05:11,669 [SCMBlockDeletingService#1] DEBUG block.SCMBlockDeletingService (SCMBlockDeletingService.java:call(138)) - Running DeletedBlockTransactionScanner
2019-09-18 13:05:11,669 [SCMBlockDeletingService#1] DEBUG block.SCMBlockDeletingService (SCMBlockDeletingService.java:call(155)) - Scanned deleted blocks log and got 3 delTX to process.
2019-09-18 13:05:11,669 [SCMBlockDeletingService#1] DEBUG block.SCMBlockDeletingService (SCMBlockDeletingService.java:call(171)) - Added delete block command for datanode dd0a3b65-d36c-4f93-b232-3c8e6f6667b6 in the queue, number of delete block transactions: 3, TxID list: 1,2,3
2019-09-18 13:05:11,670 [SCMBlockDeletingService#1] INFO  block.SCMBlockDeletingService (SCMBlockDeletingService.java:call(182)) - Totally added 3 delete blocks command for 1 datanodes, task elapsed time: 1ms
2019-09-18 13:05:11,682 [pool-7-thread-2] INFO  commands.RetriableDatanodeEventWatcher (RetriableDatanodeEventWatcher.java:onTimeout(47)) - RetriableDatanodeCommand type=deleteBlocksCommand with id=1568811902455 timed out. Retrying.
2019-09-18 13:05:11,696 [pool-7-thread-2] INFO  commands.RetriableDatanodeEventWatcher (RetriableDatanodeEventWatcher.java:onTimeout(47)) - RetriableDatanodeCommand type=deleteBlocksCommand with id=1568811902465 timed out. Retrying.
2019-09-18 13:05:11,725 [pool-7-thread-2] INFO  commands.RetriableDatanodeEventWatcher (RetriableDatanodeEventWatcher.java:onTimeout(47)) - RetriableDatanodeCommand type=deleteBlocksCommand with id=1568811902475 timed out. Retrying.
2019-09-18 13:05:11,725 [pool-7-thread-1] INFO  commands.RetriableDatanodeEventWatcher (RetriableDatanodeEventWatcher.java:onTimeout(47)) - RetriableDatanodeCommand type=deleteBlocksCommand with id=1568811902416 timed out. Retrying.
2019-09-18 13:05:11,738 [pool-7-thread-1] INFO  commands.RetriableDatanodeEventWatcher (RetriableDatanodeEventWatcher.java:onTimeout(47)) - RetriableDatanodeCommand type=deleteBlocksCommand with id=1568811902485 timed out. Retrying.
2019-09-18 13:05:11,740 [pool-7-thread-1] INFO  commands.RetriableDatanodeEventWatcher (RetriableDatanodeEventWatcher.java:onTimeout(47)) - RetriableDatanodeCommand type=deleteBlocksCommand with id=1568811902426 timed out. Retrying.
2019-09-18 13:05:11,752 [pool-7-thread-1] INFO  commands.RetriableDatanodeEventWatcher (RetriableDatanodeEventWatcher.java:onTimeout(47)) - RetriableDatanodeCommand type=deleteBlocksCommand with id=1568811902495 timed out. Retrying.
2019-09-18 13:05:11,754 [pool-7-thread-1] INFO  commands.RetriableDatanodeEventWatcher (RetriableDatanodeEventWatcher.java:onTimeout(47)) - RetriableDatanodeCommand type=deleteBlocksCommand with id=1568811902436 timed out. Retrying.
2019-09-18 13:05:11,770 [pool-7-thread-1] INFO  commands.RetriableDatanodeEventWatcher (RetriableDatanodeEventWatcher.java:onTimeout(47)) - RetriableDatanodeCommand type=deleteBlocksCommand with id=1568811902446 timed out. Retrying.
2019-09-18 13:05:11,770 [SCMBlockDeletingService#1] DEBUG block.SCMBlockDeletingService (SCMBlockDeletingService.java:call(138)) - Running DeletedBlockTransactionScanner
2019-09-18 13:05:11,770 [SCMBlockDeletingService#1] DEBUG block.SCMBlockDeletingService (SCMBlockDeletingService.java:call(155)) - Scanned deleted blocks log and got 3 delTX to process.
2019-09-18 13:05:11,771 [SCMBlockDeletingService#1] DEBUG block.SCMBlockDeletingService (SCMBlockDeletingService.java:call(171)) - Added delete block command for datanode dd0a3b65-d36c-4f93-b232-3c8e6f6667b6 in the queue, number of delete block transactions: 3, TxID list: 1,2,3
2019-09-18 13:05:11,771 [SCMBlockDeletingService#1] INFO  block.SCMBlockDeletingService (SCMBlockDeletingService.java:call(182)) - Totally added 3 delete blocks command for 1 datanodes, task elapsed time: 0ms
2019-09-18 13:05:11,785 [pool-7-thread-1] INFO  commands.RetriableDatanodeEventWatcher (RetriableDatanodeEventWatcher.java:onTimeout(47)) - RetriableDatanodeCommand type=deleteBlocksCommand with id=1568811902456 timed out. Retrying.
2019-09-18 13:05:11,796 [pool-7-thread-1] INFO  commands.RetriableDatanodeEventWatcher (RetriableDatanodeEventWatcher.java:onTimeout(47)) - RetriableDatanodeCommand type=deleteBlocksCommand with id=1568811902466 timed out. Retrying.
2019-09-18 13:05:11,826 [pool-7-thread-1] INFO  commands.RetriableDatanodeEventWatcher (RetriableDatanodeEventWatcher.java:onTimeout(47)) - RetriableDatanodeCommand type=deleteBlocksCommand with id=1568811902476 timed out. Retrying.
2019-09-18 13:05:11,826 [pool-7-thread-2] INFO  commands.RetriableDatanodeEventWatcher (RetriableDatanodeEventWatcher.java:onTimeout(47)) - RetriableDatanodeCommand type=deleteBlocksCommand with id=1568811902417 timed out. Retrying.
2019-09-18 13:05:11,840 [pool-7-thread-2] INFO  commands.RetriableDatanodeEventWatcher (RetriableDatanodeEventWatcher.java:onTimeout(47)) - RetriableDatanodeCommand type=deleteBlocksCommand with id=1568811902486 timed out. Retrying.
2019-09-18 13:05:11,840 [pool-7-thread-1] INFO  commands.RetriableDatanodeEventWatcher (RetriableDatanodeEventWatcher.java:onTimeout(47)) - RetriableDatanodeCommand type=deleteBlocksCommand with id=1568811902427 timed out. Retrying.
2019-09-18 13:05:11,854 [pool-7-thread-1] INFO  commands.RetriableDatanodeEventWatcher (RetriableDatanodeEventWatcher.java:onTimeout(47)) - RetriableDatanodeCommand type=deleteBlocksCommand with id=1568811902496 timed out. Retrying.
2019-09-18 13:05:11,855 [pool-7-thread-1] INFO  commands.RetriableDatanodeEventWatcher (RetriableDatanodeEventWatcher.java:onTimeout(47)) - RetriableDatanodeCommand type=deleteBlocksCommand with id=1568811902437 timed out. Retrying.
2019-09-18 13:05:11,868 [pool-7-thread-1] INFO  commands.RetriableDatanodeEventWatcher (RetriableDatanodeEventWatcher.java:onTimeout(47)) - RetriableDatanodeCommand type=deleteBlocksCommand with id=1568811902447 timed out. Retrying.
2019-09-18 13:05:11,871 [SCMBlockDeletingService#1] DEBUG block.SCMBlockDeletingService (SCMBlockDeletingService.java:call(138)) - Running DeletedBlockTransactionScanner
2019-09-18 13:05:11,872 [SCMBlockDeletingService#1] DEBUG block.SCMBlockDeletingService (SCMBlockDeletingService.java:call(155)) - Scanned deleted blocks log and got 3 delTX to process.
2019-09-18 13:05:11,872 [SCMBlockDeletingService#1] DEBUG block.SCMBlockDeletingService (SCMBlockDeletingService.java:call(171)) - Added delete block command for datanode dd0a3b65-d36c-4f93-b232-3c8e6f6667b6 in the queue, number of delete block transactions: 3, TxID list: 1,2,3
2019-09-18 13:05:11,872 [SCMBlockDeletingService#1] INFO  block.SCMBlockDeletingService (SCMBlockDeletingService.java:call(182)) - Totally added 3 delete blocks command for 1 datanodes, task elapsed time: 1ms
2019-09-18 13:05:11,885 [pool-7-thread-1] INFO  commands.RetriableDatanodeEventWatcher (RetriableDatanodeEventWatcher.java:onTimeout(47)) - RetriableDatanodeCommand type=deleteBlocksCommand with id=1568811902457 timed out. Retrying.
2019-09-18 13:05:11,897 [pool-7-thread-1] INFO  commands.RetriableDatanodeEventWatcher (RetriableDatanodeEventWatcher.java:onTimeout(47)) - RetriableDatanodeCommand type=deleteBlocksCommand with id=1568811902467 timed out. Retrying.
2019-09-18 13:05:11,927 [pool-7-thread-1] INFO  commands.RetriableDatanodeEventWatcher (RetriableDatanodeEventWatcher.java:onTimeout(47)) - RetriableDatanodeCommand type=deleteBlocksCommand with id=1568811902477 timed out. Retrying.
2019-09-18 13:05:11,928 [pool-7-thread-2] INFO  commands.RetriableDatanodeEventWatcher (RetriableDatanodeEventWatcher.java:onTimeout(47)) - RetriableDatanodeCommand type=deleteBlocksCommand with id=1568811902418 timed out. Retrying.
2019-09-18 13:05:11,941 [pool-7-thread-2] INFO  commands.RetriableDatanodeEventWatcher (RetriableDatanodeEventWatcher.java:onTimeout(47)) - RetriableDatanodeCommand type=deleteBlocksCommand with id=1568811902487 timed out. Retrying.
2019-09-18 13:05:11,941 [pool-7-thread-1] INFO  commands.RetriableDatanodeEventWatcher (RetriableDatanodeEventWatcher.java:onTimeout(47)) - RetriableDatanodeCommand type=deleteBlocksCommand with id=1568811902428 timed out. Retrying.
2019-09-18 13:05:11,956 [pool-7-thread-1] INFO  commands.RetriableDatanodeEventWatcher (RetriableDatanodeEventWatcher.java:onTimeout(47)) - RetriableDatanodeCommand type=deleteBlocksCommand with id=1568811902497 timed out. Retrying.
2019-09-18 13:05:11,956 [pool-7-thread-1] INFO  commands.RetriableDatanodeEventWatcher (RetriableDatanodeEventWatcher.java:onTimeout(47)) - RetriableDatanodeCommand type=deleteBlocksCommand with id=1568811902438 timed out. Retrying.
2019-09-18 13:05:11,972 [pool-7-thread-1] INFO  commands.RetriableDatanodeEventWatcher (RetriableDatanodeEventWatcher.java:onTimeout(47)) - RetriableDatanodeCommand type=deleteBlocksCommand with id=1568811902448 timed out. Retrying.
2019-09-18 13:05:11,973 [SCMBlockDeletingService#1] DEBUG block.SCMBlockDeletingService (SCMBlockDeletingService.java:call(138)) - Running DeletedBlockTransactionScanner
2019-09-18 13:05:11,973 [SCMBlockDeletingService#1] DEBUG block.SCMBlockDeletingService (SCMBlockDeletingService.java:call(155)) - Scanned deleted blocks log and got 3 delTX to process.
2019-09-18 13:05:11,973 [SCMBlockDeletingService#1] DEBUG block.SCMBlockDeletingService (SCMBlockDeletingService.java:call(171)) - Added delete block command for datanode dd0a3b65-d36c-4f93-b232-3c8e6f6667b6 in the queue, number of delete block transactions: 3, TxID list: 1,2,3
2019-09-18 13:05:11,974 [SCMBlockDeletingService#1] INFO  block.SCMBlockDeletingService (SCMBlockDeletingService.java:call(182)) - Totally added 3 delete blocks command for 1 datanodes, task elapsed time: 1ms
2019-09-18 13:05:11,985 [pool-7-thread-1] INFO  commands.RetriableDatanodeEventWatcher (RetriableDatanodeEventWatcher.java:onTimeout(47)) - RetriableDatanodeCommand type=deleteBlocksCommand with id=1568811902458 timed out. Retrying.
2019-09-18 13:05:12,000 [pool-7-thread-1] INFO  commands.RetriableDatanodeEventWatcher (RetriableDatanodeEventWatcher.java:onTimeout(47)) - RetriableDatanodeCommand type=deleteBlocksCommand with id=1568811902468 timed out. Retrying.
2019-09-18 13:05:12,028 [pool-7-thread-1] INFO  commands.RetriableDatanodeEventWatcher (RetriableDatanodeEventWatcher.java:onTimeout(47)) - RetriableDatanodeCommand type=deleteBlocksCommand with id=1568811902419 timed out. Retrying.
2019-09-18 13:05:12,028 [pool-7-thread-1] INFO  commands.RetriableDatanodeEventWatcher (RetriableDatanodeEventWatcher.java:onTimeout(47)) - RetriableDatanodeCommand type=deleteBlocksCommand with id=1568811902478 timed out. Retrying.
2019-09-18 13:05:12,043 [pool-7-thread-1] INFO  commands.RetriableDatanodeEventWatcher (RetriableDatanodeEventWatcher.java:onTimeout(47)) - RetriableDatanodeCommand type=deleteBlocksCommand with id=1568811902488 timed out. Retrying.
2019-09-18 13:05:12,047 [pool-7-thread-1] INFO  commands.RetriableDatanodeEventWatcher (RetriableDatanodeEventWatcher.java:onTimeout(47)) - RetriableDatanodeCommand type=deleteBlocksCommand with id=1568811902429 timed out. Retrying.
2019-09-18 13:05:12,057 [pool-7-thread-1] INFO  commands.RetriableDatanodeEventWatcher (RetriableDatanodeEventWatcher.java:onTimeout(47)) - RetriableDatanodeCommand type=deleteBlocksCommand with id=1568811902439 timed out. Retrying.
2019-09-18 13:05:12,058 [pool-7-thread-1] INFO  commands.RetriableDatanodeEventWatcher (RetriableDatanodeEventWatcher.java:onTimeout(47)) - RetriableDatanodeCommand type=deleteBlocksCommand with id=1568811902498 timed out. Retrying.
2019-09-18 13:05:12,072 [pool-7-thread-1] INFO  commands.RetriableDatanodeEventWatcher (RetriableDatanodeEventWatcher.java:onTimeout(47)) - RetriableDatanodeCommand type=deleteBlocksCommand with id=1568811902449 timed out. Retrying.
2019-09-18 13:05:12,074 [SCMBlockDeletingService#1] DEBUG block.SCMBlockDeletingService (SCMBlockDeletingService.java:call(138)) - Running DeletedBlockTransactionScanner
2019-09-18 13:05:12,075 [SCMBlockDeletingService#1] DEBUG block.SCMBlockDeletingService (SCMBlockDeletingService.java:call(155)) - Scanned deleted blocks log and got 3 delTX to process.
2019-09-18 13:05:12,075 [SCMBlockDeletingService#1] DEBUG block.SCMBlockDeletingService (SCMBlockDeletingService.java:call(171)) - Added delete block command for datanode dd0a3b65-d36c-4f93-b232-3c8e6f6667b6 in the queue, number of delete block transactions: 3, TxID list: 1,2,3
2019-09-18 13:05:12,075 [SCMBlockDeletingService#1] INFO  block.SCMBlockDeletingService (SCMBlockDeletingService.java:call(182)) - Totally added 3 delete blocks command for 1 datanodes, task elapsed time: 1ms
2019-09-18 13:05:12,089 [pool-7-thread-1] INFO  commands.RetriableDatanodeEventWatcher (RetriableDatanodeEventWatcher.java:onTimeout(47)) - RetriableDatanodeCommand type=deleteBlocksCommand with id=1568811902459 timed out. Retrying.
2019-09-18 13:05:12,101 [pool-7-thread-1] INFO  commands.RetriableDatanodeEventWatcher (RetriableDatanodeEventWatcher.java:onTimeout(47)) - RetriableDatanodeCommand type=deleteBlocksCommand with id=1568811902469 timed out. Retrying.
2019-09-18 13:05:12,131 [pool-7-thread-1] INFO  commands.RetriableDatanodeEventWatcher (RetriableDatanodeEventWatcher.java:onTimeout(47)) - RetriableDatanodeCommand type=deleteBlocksCommand with id=1568811902479 timed out. Retrying.
2019-09-18 13:05:12,132 [pool-7-thread-2] INFO  commands.RetriableDatanodeEventWatcher (RetriableDatanodeEventWatcher.java:onTimeout(47)) - RetriableDatanodeCommand type=deleteBlocksCommand with id=1568811902420 timed out. Retrying.
2019-09-18 13:05:12,142 [pool-7-thread-2] INFO  commands.RetriableDatanodeEventWatcher (RetriableDatanodeEventWatcher.java:onTimeout(47)) - RetriableDatanodeCommand type=deleteBlocksCommand with id=1568811902430 timed out. Retrying.
2019-09-18 13:05:12,144 [pool-7-thread-2] INFO  commands.RetriableDatanodeEventWatcher (RetriableDatanodeEventWatcher.java:onTimeout(47)) - RetriableDatanodeCommand type=deleteBlocksCommand with id=1568811902489 timed out. Retrying.
2019-09-18 13:05:12,158 [pool-7-thread-2] INFO  commands.RetriableDatanodeEventWatcher (RetriableDatanodeEventWatcher.java:onTimeout(47)) - RetriableDatanodeCommand type=deleteBlocksCommand with id=1568811902499 timed out. Retrying.
2019-09-18 13:05:12,162 [pool-7-thread-2] INFO  commands.RetriableDatanodeEventWatcher (RetriableDatanodeEventWatcher.java:onTimeout(47)) - RetriableDatanodeCommand type=deleteBlocksCommand with id=1568811902440 timed out. Retrying.
2019-09-18 13:05:12,174 [pool-7-thread-2] INFO  commands.RetriableDatanodeEventWatcher (RetriableDatanodeEventWatcher.java:onTimeout(47)) - RetriableDatanodeCommand type=deleteBlocksCommand with id=1568811902450 timed out. Retrying.
2019-09-18 13:05:12,175 [SCMBlockDeletingService#1] DEBUG block.SCMBlockDeletingService (SCMBlockDeletingService.java:call(138)) - Running DeletedBlockTransactionScanner
2019-09-18 13:05:12,176 [SCMBlockDeletingService#1] DEBUG block.SCMBlockDeletingService (SCMBlockDeletingService.java:call(155)) - Scanned deleted blocks log and got 3 delTX to process.
2019-09-18 13:05:12,176 [SCMBlockDeletingService#1] DEBUG block.SCMBlockDeletingService (SCMBlockDeletingService.java:call(171)) - Added delete block command for datanode dd0a3b65-d36c-4f93-b232-3c8e6f6667b6 in the queue, number of delete block transactions: 3, TxID list: 1,2,3
2019-09-18 13:05:12,176 [SCMBlockDeletingService#1] INFO  block.SCMBlockDeletingService (SCMBlockDeletingService.java:call(182)) - Totally added 3 delete blocks command for 1 datanodes, task elapsed time: 1ms
2019-09-18 13:05:12,188 [pool-7-thread-2] INFO  commands.RetriableDatanodeEventWatcher (RetriableDatanodeEventWatcher.java:onTimeout(47)) - RetriableDatanodeCommand type=deleteBlocksCommand with id=1568811902460 timed out. Retrying.
2019-09-18 13:05:12,204 [pool-7-thread-2] INFO  commands.RetriableDatanodeEventWatcher (RetriableDatanodeEventWatcher.java:onTimeout(47)) - RetriableDatanodeCommand type=deleteBlocksCommand with id=1568811902470 timed out. Retrying.
2019-09-18 13:05:12,232 [pool-7-thread-2] INFO  commands.RetriableDatanodeEventWatcher (RetriableDatanodeEventWatcher.java:onTimeout(47)) - RetriableDatanodeCommand type=deleteBlocksCommand with id=1568811902480 timed out. Retrying.
2019-09-18 13:05:12,232 [pool-7-thread-1] INFO  commands.RetriableDatanodeEventWatcher (RetriableDatanodeEventWatcher.java:onTimeout(47)) - RetriableDatanodeCommand type=deleteBlocksCommand with id=1568811902421 timed out. Retrying.
2019-09-18 13:05:12,241 [main] INFO  ozone.MiniOzoneClusterImpl (MiniOzoneClusterImpl.java:lambda$waitForClusterToBeReady$0(145)) - Waiting for cluster to be ready. Got 0 of 1 DN Heartbeats.
2019-09-18 13:05:12,245 [pool-7-thread-1] INFO  commands.RetriableDatanodeEventWatcher (RetriableDatanodeEventWatcher.java:onTimeout(47)) - RetriableDatanodeCommand type=deleteBlocksCommand with id=1568811902490 timed out. Retrying.
2019-09-18 13:05:12,247 [EventQueue-PendingDeleteStatusForPendingDeleteHandler] INFO  block.SCMBlockDeletingService (SCMBlockDeletingService.java:handlePendingDeletes(115)) - Block deletion txnID mismatch in datanode dd0a3b65-d36c-4f93-b232-3c8e6f6667b6 for containerID 1. Datanode delete txnID: 0, SCM txnID: 1
2019-09-18 13:05:12,247 [EventQueue-PendingDeleteStatusForPendingDeleteHandler] INFO  block.SCMBlockDeletingService (SCMBlockDeletingService.java:handlePendingDeletes(115)) - Block deletion txnID mismatch in datanode dd0a3b65-d36c-4f93-b232-3c8e6f6667b6 for containerID 2. Datanode delete txnID: 0, SCM txnID: 2
2019-09-18 13:05:12,247 [EventQueue-PendingDeleteStatusForPendingDeleteHandler] INFO  block.SCMBlockDeletingService (SCMBlockDeletingService.java:handlePendingDeletes(115)) - Block deletion txnID mismatch in datanode dd0a3b65-d36c-4f93-b232-3c8e6f6667b6 for containerID 3. Datanode delete txnID: 0, SCM txnID: 3
2019-09-18 13:05:12,248 [pool-7-thread-1] INFO  commands.RetriableDatanodeEventWatcher (RetriableDatanodeEventWatcher.java:onTimeout(47)) - RetriableDatanodeCommand type=deleteBlocksCommand with id=1568811902431 timed out. Retrying.
2019-09-18 13:05:12,259 [pool-7-thread-1] INFO  commands.RetriableDatanodeEventWatcher (RetriableDatanodeEventWatcher.java:onTimeout(47)) - RetriableDatanodeCommand type=deleteBlocksCommand with id=1568811902441 timed out. Retrying.
2019-09-18 13:05:12,261 [pool-7-thread-1] INFO  commands.RetriableDatanodeEventWatcher (RetriableDatanodeEventWatcher.java:onTimeout(47)) - RetriableDatanodeCommand type=deleteBlocksCommand with id=1568811902500 timed out. Retrying.
2019-09-18 13:05:12,275 [pool-7-thread-1] INFO  commands.RetriableDatanodeEventWatcher (RetriableDatanodeEventWatcher.java:onTimeout(47)) - RetriableDatanodeCommand type=deleteBlocksCommand with id=1568811902451 timed out. Retrying.
2019-09-18 13:05:12,277 [SCMBlockDeletingService#1] DEBUG block.SCMBlockDeletingService (SCMBlockDeletingService.java:call(138)) - Running DeletedBlockTransactionScanner
2019-09-18 13:05:12,277 [SCMBlockDeletingService#1] DEBUG block.SCMBlockDeletingService (SCMBlockDeletingService.java:call(155)) - Scanned deleted blocks log and got 3 delTX to process.
2019-09-18 13:05:12,277 [SCMBlockDeletingService#1] DEBUG block.SCMBlockDeletingService (SCMBlockDeletingService.java:call(171)) - Added delete block command for datanode dd0a3b65-d36c-4f93-b232-3c8e6f6667b6 in the queue, number of delete block transactions: 3, TxID list: 1,2,3
2019-09-18 13:05:12,278 [SCMBlockDeletingService#1] INFO  block.SCMBlockDeletingService (SCMBlockDeletingService.java:call(182)) - Totally added 3 delete blocks command for 1 datanodes, task elapsed time: 1ms
2019-09-18 13:05:12,291 [pool-7-thread-1] INFO  commands.RetriableDatanodeEventWatcher (RetriableDatanodeEventWatcher.java:onTimeout(47)) - RetriableDatanodeCommand type=deleteBlocksCommand with id=1568811902461 timed out. Retrying.
2019-09-18 13:05:12,318 [pool-7-thread-1] INFO  commands.RetriableDatanodeEventWatcher (RetriableDatanodeEventWatcher.java:onTimeout(47)) - RetriableDatanodeCommand type=deleteBlocksCommand with id=1568811902471 timed out. Retrying.
2019-09-18 13:05:12,332 [pool-7-thread-1] INFO  commands.RetriableDatanodeEventWatcher (RetriableDatanodeEventWatcher.java:onTimeout(47)) - RetriableDatanodeCommand type=deleteBlocksCommand with id=1568811902422 timed out. Retrying.
2019-09-18 13:05:12,332 [pool-7-thread-1] INFO  commands.RetriableDatanodeEventWatcher (RetriableDatanodeEventWatcher.java:onTimeout(47)) - RetriableDatanodeCommand type=deleteBlocksCommand with id=1568811902481 timed out. Retrying.
2019-09-18 13:05:12,348 [pool-7-thread-1] INFO  commands.RetriableDatanodeEventWatcher (RetriableDatanodeEventWatcher.java:onTimeout(47)) - RetriableDatanodeCommand type=deleteBlocksCommand with id=1568811902491 timed out. Retrying.
2019-09-18 13:05:12,348 [pool-7-thread-2] INFO  commands.RetriableDatanodeEventWatcher (RetriableDatanodeEventWatcher.java:onTimeout(47)) - RetriableDatanodeCommand type=deleteBlocksCommand with id=1568811902432 timed out. Retrying.
2019-09-18 13:05:12,361 [pool-7-thread-2] INFO  commands.RetriableDatanodeEventWatcher (RetriableDatanodeEventWatcher.java:onTimeout(47)) - RetriableDatanodeCommand type=deleteBlocksCommand with id=1568811902501 timed out. Retrying.
2019-09-18 13:05:12,366 [pool-7-thread-2] INFO  commands.RetriableDatanodeEventWatcher (RetriableDatanodeEventWatcher.java:onTimeout(47)) - RetriableDatanodeCommand type=deleteBlocksCommand with id=1568811902442 timed out. Retrying.
2019-09-18 13:05:12,378 [SCMBlockDeletingService#1] DEBUG block.SCMBlockDeletingService (SCMBlockDeletingService.java:call(138)) - Running DeletedBlockTransactionScanner
2019-09-18 13:05:12,379 [pool-7-thread-2] INFO  commands.RetriableDatanodeEventWatcher (RetriableDatanodeEventWatcher.java:onTimeout(47)) - RetriableDatanodeCommand type=deleteBlocksCommand with id=1568811902452 timed out. Retrying.
SCMBlockDeletingService.java:call(155)) - Scanned deleted blocks log and got 3 delTX to process.
2019-09-18 13:05:12,379 [pool-7-thread-2] INFO  commands.RetriableDatanodeEventWatcher (RetriableDatanodeEventWatcher.java:onTimeout(47)) - RetriableDatanodeCommand type=deleteBlocksCommand with id=1568811902452 timed out. Retrying.
2019-09-18 13:05:12,379 [SCMBlockDeletingService#1] DEBUG block.SCMBlockDeletingService (SCMBlockDeletingService.java:call(171)) - Added delete block command for datanode dd0a3b65-d36c-4f93-b232-3c8e6f6667b6 in the queue, number of delete block transactions: 3, TxID list: 1,2,3
2019-09-18 13:05:12,379 [SCMBlockDeletingService#1] INFO  block.SCMBlockDeletingService (SCMBlockDeletingService.java:call(182)) - Totally added 3 delete blocks command for 1 datanodes, task elapsed time: 1ms
2019-09-18 13:05:12,391 [pool-7-thread-2] INFO  commands.RetriableDatanodeEventWatcher (RetriableDatanodeEventWatcher.java:onTimeout(47)) - RetriableDatanodeCommand type=deleteBlocksCommand with id=1568811902462 timed out. Retrying.
2019-09-18 13:05:12,421 [pool-7-thread-2] INFO  commands.RetriableDatanodeEventWatcher (RetriableDatanodeEventWatcher.java:onTimeout(47)) - RetriableDatanodeCommand type=deleteBlocksCommand with id=1568811902472 timed out. Retrying.
2019-09-18 13:05:12,427 [pool-7-thread-2] INFO  commands.RetriableDatanodeEventWatcher (RetriableDatanodeEventWatcher.java:onTimeout(47)) - RetriableDatanodeCommand type=deleteBlocksCommand with id=1568811902413 timed out. Retrying.
2019-09-18 13:05:12,435 [pool-7-thread-2] INFO  commands.RetriableDatanodeEventWatcher (RetriableDatanodeEventWatcher.java:onTimeout(47)) - RetriableDatanodeCommand type=deleteBlocksCommand with id=1568811902482 timed out. Retrying.
2019-09-18 13:05:12,435 [pool-7-thread-1] INFO  commands.RetriableDatanodeEventWatcher (RetriableDatanodeEventWatcher.java:onTimeout(47)) - RetriableDatanodeCommand type=deleteBlocksCommand with id=1568811902423 timed out. Retrying.
2019-09-18 13:05:12,450 [pool-7-thread-1] INFO  commands.RetriableDatanodeEventWatcher (RetriableDatanodeEventWatcher.java:onTimeout(47)) - RetriableDatanodeCommand type=deleteBlocksCommand with id=1568811902492 timed out. Retrying.
2019-09-18 13:05:12,450 [pool-7-thread-2] INFO  commands.RetriableDatanodeEventWatcher (RetriableDatanodeEventWatcher.java:onTimeout(47)) - RetriableDatanodeCommand type=deleteBlocksCommand with id=1568811902433 timed out. Retrying.
2019-09-18 13:05:12,463 [pool-7-thread-2] INFO  commands.RetriableDatanodeEventWatcher (RetriableDatanodeEventWatcher.java:onTimeout(47)) - RetriableDatanodeCommand type=deleteBlocksCommand with id=1568811902502 timed out. Retrying.
2019-09-18 13:05:12,468 [pool-7-thread-2] INFO  commands.RetriableDatanodeEventWatcher (RetriableDatanodeEventWatcher.java:onTimeout(47)) - RetriableDatanodeCommand type=deleteBlocksCommand with id=1568811902443 timed out. Retrying.
2019-09-18 13:05:12,480 [SCMBlockDeletingService#1] DEBUG block.SCMBlockDeletingService (SCMBlockDeletingService.java:call(138)) - Running DeletedBlockTransactionScanner
2019-09-18 13:05:12,480 [SCMBlockDeletingService#1] DEBUG block.SCMBlockDeletingService (SCMBlockDeletingService.java:call(155)) - Scanned deleted blocks log and got 3 delTX to process.
2019-09-18 13:05:12,480 [SCMBlockDeletingService#1] DEBUG block.SCMBlockDeletingService (SCMBlockDeletingService.java:call(171)) - Added delete block command for datanode dd0a3b65-d36c-4f93-b232-3c8e6f6667b6 in the queue, number of delete block transactions: 3, TxID list: 1,2,3
2019-09-18 13:05:12,480 [pool-7-thread-2] INFO  commands.RetriableDatanodeEventWatcher (RetriableDatanodeEventWatcher.java:onTimeout(47)) - RetriableDatanodeCommand type=deleteBlocksCommand with id=1568811902453 timed out. Retrying.
2019-09-18 13:05:12,481 [SCMBlockDeletingService#1] INFO  block.SCMBlockDeletingService (SCMBlockDeletingService.java:call(182)) - Totally added 3 delete blocks command for 1 datanodes, task elapsed time: 1ms
2019-09-18 13:05:12,495 [pool-7-thread-2] INFO  commands.RetriableDatanodeEventWatcher (RetriableDatanodeEventWatcher.java:onTimeout(47)) - RetriableDatanodeCommand type=deleteBlocksCommand with id=1568811902463 timed out. Retrying.
2019-09-18 13:05:12,521 [pool-7-thread-2] INFO  commands.RetriableDatanodeEventWatcher (RetriableDatanodeEventWatcher.java:onTimeout(47)) - RetriableDatanodeCommand type=deleteBlocksCommand with id=1568811902473 timed out. Retrying.
2019-09-18 13:05:12,521 [pool-7-thread-1] INFO  commands.RetriableDatanodeEventWatcher (RetriableDatanodeEventWatcher.java:onTimeout(47)) - RetriableDatanodeCommand type=deleteBlocksCommand with id=1568811902414 timed out. Retrying.
2019-09-18 13:05:12,536 [pool-7-thread-1] INFO  commands.RetriableDatanodeEventWatcher (RetriableDatanodeEventWatcher.java:onTimeout(47)) - RetriableDatanodeCommand type=deleteBlocksCommand with id=1568811902483 timed out. Retrying.
2019-09-18 13:05:12,537 [pool-7-thread-2] INFO  commands.RetriableDatanodeEventWatcher (RetriableDatanodeEventWatcher.java:onTimeout(47)) - RetriableDatanodeCommand type=deleteBlocksCommand with id=1568811902424 timed out. Retrying.
2019-09-18 13:05:12,551 [pool-7-thread-2] INFO  commands.RetriableDatanodeEventWatcher (RetriableDatanodeEventWatcher.java:onTimeout(47)) - RetriableDatanodeCommand type=deleteBlocksCommand with id=1568811902493 timed out. Retrying.
2019-09-18 13:05:12,551 [pool-7-thread-1] INFO  commands.RetriableDatanodeEventWatcher (RetriableDatanodeEventWatcher.java:onTimeout(47)) - RetriableDatanodeCommand type=deleteBlocksCommand with id=1568811902434 timed out. Retrying.
2019-09-18 13:05:12,566 [pool-7-thread-1] INFO  commands.RetriableDatanodeEventWatcher (RetriableDatanodeEventWatcher.java:onTimeout(47)) - RetriableDatanodeCommand type=deleteBlocksCommand with id=1568811902444 timed out. Retrying.
2019-09-18 13:05:12,567 [pool-7-thread-1] INFO  commands.RetriableDatanodeEventWatcher (RetriableDatanodeEventWatcher.java:onTimeout(47)) - RetriableDatanodeCommand type=deleteBlocksCommand with id=1568811902503 timed out. Retrying.
2019-09-18 13:05:12,581 [SCMBlockDeletingService#1] DEBUG block.SCMBlockDeletingService (SCMBlockDeletingService.java:call(138)) - Running DeletedBlockTransactionScanner
2019-09-18 13:05:12,581 [SCMBlockDeletingService#1] DEBUG block.SCMBlockDeletingService (SCMBlockDeletingService.java:call(155)) - Scanned deleted blocks log and got 3 delTX to process.
2019-09-18 13:05:12,582 [SCMBlockDeletingService#1] DEBUG block.SCMBlockDeletingService (SCMBlockDeletingService.java:call(171)) - Added delete block command for datanode dd0a3b65-d36c-4f93-b232-3c8e6f6667b6 in the queue, number of delete block transactions: 3, TxID list: 1,2,3
2019-09-18 13:05:12,582 [SCMBlockDeletingService#1] INFO  block.SCMBlockDeletingService (SCMBlockDeletingService.java:call(182)) - Totally added 3 delete blocks command for 1 datanodes, task elapsed time: 1ms
2019-09-18 13:05:12,583 [pool-7-thread-1] INFO  commands.RetriableDatanodeEventWatcher (RetriableDatanodeEventWatcher.java:onTimeout(47)) - RetriableDatanodeCommand type=deleteBlocksCommand with id=1568811902454 timed out. Retrying.
2019-09-18 13:05:12,593 [pool-7-thread-1] INFO  commands.RetriableDatanodeEventWatcher (RetriableDatanodeEventWatcher.java:onTimeout(47)) - RetriableDatanodeCommand type=deleteBlocksCommand with id=1568811902464 timed out. Retrying.
2019-09-18 13:05:12,623 [pool-7-thread-1] INFO  commands.RetriableDatanodeEventWatcher (RetriableDatanodeEventWatcher.java:onTimeout(47)) - RetriableDatanodeCommand type=deleteBlocksCommand with id=1568811902474 timed out. Retrying.
2019-09-18 13:05:12,623 [pool-7-thread-2] INFO  commands.RetriableDatanodeEventWatcher (RetriableDatanodeEventWatcher.java:onTimeout(47)) - RetriableDatanodeCommand type=deleteBlocksCommand with id=1568811902415 timed out. Retrying.
2019-09-18 13:05:12,637 [pool-7-thread-2] INFO  commands.RetriableDatanodeEventWatcher (RetriableDatanodeEventWatcher.java:onTimeout(47)) - RetriableDatanodeCommand type=deleteBlocksCommand with id=1568811902484 timed out. Retrying.
2019-09-18 13:05:12,637 [pool-7-thread-2] INFO  commands.RetriableDatanodeEventWatcher (RetriableDatanodeEventWatcher.java:onTimeout(47)) - RetriableDatanodeCommand type=deleteBlocksCommand with id=1568811902425 timed out. Retrying.
2019-09-18 13:05:12,652 [pool-7-thread-2] INFO  commands.RetriableDatanodeEventWatcher (RetriableDatanodeEventWatcher.java:onTimeout(47)) - RetriableDatanodeCommand type=deleteBlocksCommand with id=1568811902494 timed out. Retrying.
2019-09-18 13:05:12,655 [pool-7-thread-2] INFO  commands.RetriableDatanodeEventWatcher (RetriableDatanodeEventWatcher.java:onTimeout(47)) - RetriableDatanodeCommand type=deleteBlocksCommand with id=1568811902435 timed out. Retrying.
2019-09-18 13:05:12,666 [pool-7-thread-2] INFO  commands.RetriableDatanodeEventWatcher (RetriableDatanodeEventWatcher.java:onTimeout(47)) - RetriableDatanodeCommand type=deleteBlocksCommand with id=1568811902445 timed out. Retrying.
2019-09-18 13:05:12,670 [pool-7-thread-2] INFO  commands.RetriableDatanodeEventWatcher (RetriableDatanodeEventWatcher.java:onTimeout(47)) - RetriableDatanodeCommand type=deleteBlocksCommand with id=1568811902504 timed out. Retrying.
2019-09-18 13:05:12,682 [SCMBlockDeletingService#1] DEBUG block.SCMBlockDeletingService (SCMBlockDeletingService.java:call(138)) - Running DeletedBlockTransactionScanner
2019-09-18 13:05:12,683 [SCMBlockDeletingService#1] DEBUG block.SCMBlockDeletingService (RetriableDatanodeEventWatcher.java:onTimeout(47)) - RetriableDatanodeCommand type=deleteBlocksCommand with id=1568811902455 timed out. Retrying.
SCMBlockDeletingService.java:call(155)) - Scanned deleted blocks log and got 3 delTX to process.
2019-09-18 13:05:12,683 [pool-7-thread-2] INFO  commands.RetriableDatanodeEventWatcher (RetriableDatanodeEventWatcher.java:onTimeout(47)) - RetriableDatanodeCommand type=deleteBlocksCommand with id=1568811902455 timed out. Retrying.
2019-09-18 13:05:12,683 [SCMBlockDeletingService#1] DEBUG block.SCMBlockDeletingService (SCMBlockDeletingService.java:call(171)) - Added delete block command for datanode dd0a3b65-d36c-4f93-b232-3c8e6f6667b6 in the queue, number of delete block transactions: 3, TxID list: 1,2,3
2019-09-18 13:05:12,683 [SCMBlockDeletingService#1] INFO  block.SCMBlockDeletingService (SCMBlockDeletingService.java:call(182)) - Totally added 3 delete blocks command for 1 datanodes, task elapsed time: 1ms
2019-09-18 13:05:12,696 [pool-7-thread-2] INFO  commands.RetriableDatanodeEventWatcher (RetriableDatanodeEventWatcher.java:onTimeout(47)) - RetriableDatanodeCommand type=deleteBlocksCommand with id=1568811902465 timed out. Retrying.
2019-09-18 13:05:12,725 [pool-7-thread-2] INFO  commands.RetriableDatanodeEventWatcher (RetriableDatanodeEventWatcher.java:onTimeout(47)) - RetriableDatanodeCommand type=deleteBlocksCommand with id=1568811902475 timed out. Retrying.
2019-09-18 13:05:12,725 [pool-7-thread-2] INFO  commands.RetriableDatanodeEventWatcher (RetriableDatanodeEventWatcher.java:onTimeout(47)) - RetriableDatanodeCommand type=deleteBlocksCommand with id=1568811902416 timed out. Retrying.
2019-09-18 13:05:12,739 [pool-7-thread-2] INFO  commands.RetriableDatanodeEventWatcher (RetriableDatanodeEventWatcher.java:onTimeout(47)) - RetriableDatanodeCommand type=deleteBlocksCommand with id=1568811902485 timed out. Retrying.
2019-09-18 13:05:12,740 [pool-7-thread-2] INFO  commands.RetriableDatanodeEventWatcher (RetriableDatanodeEventWatcher.java:onTimeout(47)) - RetriableDatanodeCommand type=deleteBlocksCommand with id=1568811902426 timed out. Retrying.
2019-09-18 13:05:12,753 [pool-7-thread-2] INFO  commands.RetriableDatanodeEventWatcher (RetriableDatanodeEventWatcher.java:onTimeout(47)) - RetriableDatanodeCommand type=deleteBlocksCommand with id=1568811902495 timed out. Retrying.
2019-09-18 13:05:12,755 [pool-7-thread-2] INFO  commands.RetriableDatanodeEventWatcher (RetriableDatanodeEventWatcher.java:onTimeout(47)) - RetriableDatanodeCommand type=deleteBlocksCommand with id=1568811902436 timed out. Retrying.
2019-09-18 13:05:12,769 [pool-7-thread-2] INFO  commands.RetriableDatanodeEventWatcher (RetriableDatanodeEventWatcher.java:onTimeout(47)) - RetriableDatanodeCommand type=deleteBlocksCommand with id=1568811902446 timed out. Retrying.
2019-09-18 13:05:12,771 [pool-7-thread-2] INFO  commands.RetriableDatanodeEventWatcher (RetriableDatanodeEventWatcher.java:onTimeout(47)) - RetriableDatanodeCommand type=deleteBlocksCommand with id=1568811902505 timed out. Retrying.
2019-09-18 13:05:12,784 [SCMBlockDeletingService#1] DEBUG block.SCMBlockDeletingService (SCMBlockDeletingService.java:call(138)) - Running DeletedBlockTransactionScanner
2019-09-18 13:05:12,784 [SCMBlockDeletingService#1] DEBUG block.SCMBlockDeletingService (SCMBlockDeletingService.java:call(155)) - Scanned deleted blocks log and got 3 delTX to process.
2019-09-18 13:05:12,784 [SCMBlockDeletingService#1] DEBUG block.SCMBlockDeletingService (SCMBlockDeletingService.java:call(171)) - Added delete block command for datanode dd0a3b65-d36c-4f93-b232-3c8e6f6667b6 in the queue, number of delete block transactions: 3, TxID list: 1,2,3
2019-09-18 13:05:12,785 [SCMBlockDeletingService#1] INFO  block.SCMBlockDeletingService (SCMBlockDeletingService.java:call(182)) - Totally added 3 delete blocks command for 1 datanodes, task elapsed time: 1ms
2019-09-18 13:05:12,786 [pool-7-thread-2] INFO  commands.RetriableDatanodeEventWatcher (RetriableDatanodeEventWatcher.java:onTimeout(47)) - RetriableDatanodeCommand type=deleteBlocksCommand with id=1568811902456 timed out. Retrying.
2019-09-18 13:05:12,796 [pool-7-thread-2] INFO  commands.RetriableDatanodeEventWatcher (RetriableDatanodeEventWatcher.java:onTimeout(47)) - RetriableDatanodeCommand type=deleteBlocksCommand with id=1568811902466 timed out. Retrying.
2019-09-18 13:05:12,827 [pool-7-thread-2] INFO  commands.RetriableDatanodeEventWatcher (RetriableDatanodeEventWatcher.java:onTimeout(47)) - RetriableDatanodeCommand type=deleteBlocksCommand with id=1568811902476 timed out. Retrying.
2019-09-18 13:05:12,827 [pool-7-thread-1] INFO  commands.RetriableDatanodeEventWatcher (RetriableDatanodeEventWatcher.java:onTimeout(47)) - RetriableDatanodeCommand type=deleteBlocksCommand with id=1568811902417 timed out. Retrying.
2019-09-18 13:05:12,839 [pool-7-thread-1] INFO  commands.RetriableDatanodeEventWatcher (RetriableDatanodeEventWatcher.java:onTimeout(47)) - RetriableDatanodeCommand type=deleteBlocksCommand with id=1568811902486 timed out. Retrying.
2019-09-18 13:05:12,841 [pool-7-thread-1] INFO  commands.RetriableDatanodeEventWatcher (RetriableDatanodeEventWatcher.java:onTimeout(47)) - RetriableDatanodeCommand type=deleteBlocksCommand with id=1568811902427 timed out. Retrying.
2019-09-18 13:05:12,854 [pool-7-thread-1] INFO  commands.RetriableDatanodeEventWatcher (RetriableDatanodeEventWatcher.java:onTimeout(47)) - RetriableDatanodeCommand type=deleteBlocksCommand with id=1568811902496 timed out. Retrying.
2019-09-18 13:05:12,856 [pool-7-thread-1] INFO  commands.RetriableDatanodeEventWatcher (RetriableDatanodeEventWatcher.java:onTimeout(47)) - RetriableDatanodeCommand type=deleteBlocksCommand with id=1568811902437 timed out. Retrying.
2019-09-18 13:05:12,868 [pool-7-thread-1] INFO  commands.RetriableDatanodeEventWatcher (RetriableDatanodeEventWatcher.java:onTimeout(47)) - RetriableDatanodeCommand type=deleteBlocksCommand with id=1568811902447 timed out. Retrying.
2019-09-18 13:05:12,873 [pool-7-thread-1] INFO  commands.RetriableDatanodeEventWatcher (RetriableDatanodeEventWatcher.java:onTimeout(47)) - RetriableDatanodeCommand type=deleteBlocksCommand with id=1568811902506 timed out. Retrying.
2019-09-18 13:05:12,885 [SCMBlockDeletingService#1] DEBUG block.SCMBlockDeletingService (SCMBlockDeletingService.java:call(138)) - Running DeletedBlockTransactionScanner
2019-09-18 13:05:12,885 [pool-7-thread-1] INFO  commands.RetriableDatanodeEventWatcher (RetriableDatanodeEventWatcher.java:onTimeout(47)) - RetriableDatanodeCommand type=deleteBlocksCommand with id=1568811902457 timed out. Retrying.
2019-09-18 13:05:12,885 [SCMBlockDeletingService#1] DEBUG block.SCMBlockDeletingService (SCMBlockDeletingService.java:call(155)) - Scanned deleted blocks log and got 3 delTX to process.
2019-09-18 13:05:12,886 [SCMBlockDeletingService#1] DEBUG block.SCMBlockDeletingService (SCMBlockDeletingService.java:call(171)) - Added delete block command for datanode dd0a3b65-d36c-4f93-b232-3c8e6f6667b6 in the queue, number of delete block transactions: 3, TxID list: 1,2,3
2019-09-18 13:05:12,886 [SCMBlockDeletingService#1] INFO  block.SCMBlockDeletingService (SCMBlockDeletingService.java:call(182)) - Totally added 3 delete blocks command for 1 datanodes, task elapsed time: 1ms
2019-09-18 13:05:12,898 [pool-7-thread-1] INFO  commands.RetriableDatanodeEventWatcher (RetriableDatanodeEventWatcher.java:onTimeout(47)) - RetriableDatanodeCommand type=deleteBlocksCommand with id=1568811902467 timed out. Retrying.
2019-09-18 13:05:12,927 [pool-7-thread-1] INFO  commands.RetriableDatanodeEventWatcher (RetriableDatanodeEventWatcher.java:onTimeout(47)) - RetriableDatanodeCommand type=deleteBlocksCommand with id=1568811902477 timed out. Retrying.
2019-09-18 13:05:12,927 [pool-7-thread-2] INFO  commands.RetriableDatanodeEventWatcher (RetriableDatanodeEventWatcher.java:onTimeout(47)) - RetriableDatanodeCommand type=deleteBlocksCommand with id=1568811902418 timed out. Retrying.
2019-09-18 13:05:12,942 [pool-7-thread-2] INFO  commands.RetriableDatanodeEventWatcher (RetriableDatanodeEventWatcher.java:onTimeout(47)) - RetriableDatanodeCommand type=deleteBlocksCommand with id=1568811902487 timed out. Retrying.
2019-09-18 13:05:12,942 [pool-7-thread-1] INFO  commands.RetriableDatanodeEventWatcher (RetriableDatanodeEventWatcher.java:onTimeout(47)) - RetriableDatanodeCommand type=deleteBlocksCommand with id=1568811902428 timed out. Retrying.
2019-09-18 13:05:12,957 [pool-7-thread-1] INFO  commands.RetriableDatanodeEventWatcher (RetriableDatanodeEventWatcher.java:onTimeout(47)) - RetriableDatanodeCommand type=deleteBlocksCommand with id=1568811902497 timed out. Retrying.
2019-09-18 13:05:12,957 [pool-7-thread-2] INFO  commands.RetriableDatanodeEventWatcher (RetriableDatanodeEventWatcher.java:onTimeout(47)) - RetriableDatanodeCommand type=deleteBlocksCommand with id=1568811902438 timed out. Retrying.
2019-09-18 13:05:12,971 [pool-7-thread-2] INFO  commands.RetriableDatanodeEventWatcher (RetriableDatanodeEventWatcher.java:onTimeout(47)) - RetriableDatanodeCommand type=deleteBlocksCommand with id=1568811902448 timed out. Retrying.
2019-09-18 13:05:12,974 [pool-7-thread-2] INFO  commands.RetriableDatanodeEventWatcher (RetriableDatanodeEventWatcher.java:onTimeout(47)) - RetriableDatanodeCommand type=deleteBlocksCommand with id=1568811902507 timed out. Retrying.
2019-09-18 13:05:12,985 [pool-7-thread-2] INFO  commands.RetriableDatanodeEventWatcher (RetriableDatanodeEventWatcher.java:onTimeout(47)) - RetriableDatanodeCommand type=deleteBlocksCommand with id=1568811902458 timed out. Retrying.
2019-09-18 13:05:12,986 [SCMBlockDeletingService#1] DEBUG block.SCMBlockDeletingService (SCMBlockDeletingService.java:call(138)) - Running DeletedBlockTransactionScanner
2019-09-18 13:05:12,987 [SCMBlockDeletingService#1] DEBUG block.SCMBlockDeletingService (SCMBlockDeletingService.java:call(155)) - Scanned deleted blocks log and got 3 delTX to process.
2019-09-18 13:05:12,987 [SCMBlockDeletingService#1] DEBUG block.SCMBlockDeletingService (SCMBlockDeletingService.java:call(171)) - Added delete block command for datanode dd0a3b65-d36c-4f93-b232-3c8e6f6667b6 in the queue, number of delete block transactions: 3, TxID list: 1,2,3
2019-09-18 13:05:12,987 [SCMBlockDeletingService#1] INFO  block.SCMBlockDeletingService (SCMBlockDeletingService.java:call(182)) - Totally added 3 delete blocks command for 1 datanodes, task elapsed time: 1ms
2019-09-18 13:05:13,000 [pool-7-thread-2] INFO  commands.RetriableDatanodeEventWatcher (RetriableDatanodeEventWatcher.java:onTimeout(47)) - RetriableDatanodeCommand type=deleteBlocksCommand with id=1568811902468 timed out. Retrying.
2019-09-18 13:05:13,029 [pool-7-thread-2] INFO  commands.RetriableDatanodeEventWatcher (RetriableDatanodeEventWatcher.java:onTimeout(47)) - RetriableDatanodeCommand type=deleteBlocksCommand with id=1568811902478 timed out. Retrying.
2019-09-18 13:05:13,029 [pool-7-thread-1] INFO  commands.RetriableDatanodeEventWatcher (RetriableDatanodeEventWatcher.java:onTimeout(47)) - RetriableDatanodeCommand type=deleteBlocksCommand with id=1568811902419 timed out. Retrying.
2019-09-18 13:05:13,043 [pool-7-thread-1] INFO  commands.RetriableDatanodeEventWatcher (RetriableDatanodeEventWatcher.java:onTimeout(47)) - RetriableDatanodeCommand type=deleteBlocksCommand with id=1568811902488 timed out. Retrying.
2019-09-18 13:05:13,048 [pool-7-thread-1] INFO  commands.RetriableDatanodeEventWatcher (RetriableDatanodeEventWatcher.java:onTimeout(47)) - RetriableDatanodeCommand type=deleteBlocksCommand with id=1568811902429 timed out. Retrying.
2019-09-18 13:05:13,056 [pool-7-thread-1] INFO  commands.RetriableDatanodeEventWatcher (RetriableDatanodeEventWatcher.java:onTimeout(47)) - RetriableDatanodeCommand type=deleteBlocksCommand with id=1568811902439 timed out. Retrying.
2019-09-18 13:05:13,059 [pool-7-thread-1] INFO  commands.RetriableDatanodeEventWatcher (RetriableDatanodeEventWatcher.java:onTimeout(47)) - RetriableDatanodeCommand type=deleteBlocksCommand with id=1568811902498 timed out. Retrying.
2019-09-18 13:05:13,072 [pool-7-thread-1] INFO  commands.RetriableDatanodeEventWatcher (RetriableDatanodeEventWatcher.java:onTimeout(47)) - RetriableDatanodeCommand type=deleteBlocksCommand with id=1568811902449 timed out. Retrying.
2019-09-18 13:05:13,075 [pool-7-thread-1] INFO  commands.RetriableDatanodeEventWatcher (RetriableDatanodeEventWatcher.java:onTimeout(47)) - RetriableDatanodeCommand type=deleteBlocksCommand with id=1568811902508 timed out. Retrying.
2019-09-18 13:05:13,088 [SCMBlockDeletingService#1] DEBUG block.SCMBlockDeletingService (SCMBlockDeletingService.java:call(138)) - Running DeletedBlockTransactionScanner
2019-09-18 13:05:13,088 [SCMBlockDeletingService#1] DEBUG block.SCMBlockDeletingService (SCMBlockDeletingService.java:call(155)) - Scanned deleted blocks log and got 3 delTX to process.
2019-09-18 13:05:13,088 [SCMBlockDeletingService#1] DEBUG block.SCMBlockDeletingService (SCMBlockDeletingService.java:call(171)) - Added delete block command for datanode dd0a3b65-d36c-4f93-b232-3c8e6f6667b6 in the queue, number of delete block transactions: 3, TxID list: 1,2,3
2019-09-18 13:05:13,089 [SCMBlockDeletingService#1] INFO  block.SCMBlockDeletingService (SCMBlockDeletingService.java:call(182)) - Totally added 3 delete blocks command for 1 datanodes, task elapsed time: 1ms
2019-09-18 13:05:13,090 [pool-7-thread-1] INFO  commands.RetriableDatanodeEventWatcher (RetriableDatanodeEventWatcher.java:onTimeout(47)) - RetriableDatanodeCommand type=deleteBlocksCommand with id=1568811902459 timed out. Retrying.
2019-09-18 13:05:13,102 [pool-7-thread-1] INFO  commands.RetriableDatanodeEventWatcher (RetriableDatanodeEventWatcher.java:onTimeout(47)) - RetriableDatanodeCommand type=deleteBlocksCommand with id=1568811902469 timed out. Retrying.
2019-09-18 13:05:13,132 [pool-7-thread-1] INFO  commands.RetriableDatanodeEventWatcher (RetriableDatanodeEventWatcher.java:onTimeout(47)) - RetriableDatanodeCommand type=deleteBlocksCommand with id=1568811902479 timed out. Retrying.
2019-09-18 13:05:13,133 [pool-7-thread-1] INFO  commands.RetriableDatanodeEventWatcher (RetriableDatanodeEventWatcher.java:onTimeout(47)) - RetriableDatanodeCommand type=deleteBlocksCommand with id=1568811902420 timed out. Retrying.
2019-09-18 13:05:13,142 [pool-7-thread-1] INFO  commands.RetriableDatanodeEventWatcher (RetriableDatanodeEventWatcher.java:onTimeout(47)) - RetriableDatanodeCommand type=deleteBlocksCommand with id=1568811902430 timed out. Retrying.
2019-09-18 13:05:13,145 [pool-7-thread-1] INFO  commands.RetriableDatanodeEventWatcher (RetriableDatanodeEventWatcher.java:onTimeout(47)) - RetriableDatanodeCommand type=deleteBlocksCommand with id=1568811902489 timed out. Retrying.
2019-09-18 13:05:13,158 [pool-7-thread-1] INFO  commands.RetriableDatanodeEventWatcher (RetriableDatanodeEventWatcher.java:onTimeout(47)) - RetriableDatanodeCommand type=deleteBlocksCommand with id=1568811902499 timed out. Retrying.
2019-09-18 13:05:13,163 [pool-7-thread-1] INFO  commands.RetriableDatanodeEventWatcher (RetriableDatanodeEventWatcher.java:onTimeout(47)) - RetriableDatanodeCommand type=deleteBlocksCommand with id=1568811902440 timed out. Retrying.
2019-09-18 13:05:13,174 [pool-7-thread-1] INFO  commands.RetriableDatanodeEventWatcher (RetriableDatanodeEventWatcher.java:onTimeout(47)) - RetriableDatanodeCommand type=deleteBlocksCommand with id=1568811902450 timed out. Retrying.
2019-09-18 13:05:13,177 [pool-7-thread-1] INFO  commands.RetriableDatanodeEventWatcher (RetriableDatanodeEventWatcher.java:onTimeout(47)) - RetriableDatanodeCommand type=deleteBlocksCommand with id=1568811902509 timed out. Retrying.
2019-09-18 13:05:13,187 [pool-7-thread-1] INFO  commands.RetriableDatanodeEventWatcher (RetriableDatanodeEventWatcher.java:onTimeout(47)) - RetriableDatanodeCommand type=deleteBlocksCommand with id=1568811902460 timed out. Retrying.
2019-09-18 13:05:13,189 [SCMBlockDeletingService#1] DEBUG block.SCMBlockDeletingService (SCMBlockDeletingService.java:call(138)) - Running DeletedBlockTransactionScanner
2019-09-18 13:05:13,189 [SCMBlockDeletingService#1] DEBUG block.SCMBlockDeletingService (SCMBlockDeletingService.java:call(155)) - Scanned deleted blocks log and got 3 delTX to process.
2019-09-18 13:05:13,190 [SCMBlockDeletingService#1] DEBUG block.SCMBlockDeletingService (SCMBlockDeletingService.java:call(171)) - Added delete block command for datanode dd0a3b65-d36c-4f93-b232-3c8e6f6667b6 in the queue, number of delete block transactions: 3, TxID list: 1,2,3
2019-09-18 13:05:13,190 [SCMBlockDeletingService#1] INFO  block.SCMBlockDeletingService (SCMBlockDeletingService.java:call(182)) - Totally added 3 delete blocks command for 1 datanodes, task elapsed time: 1ms
2019-09-18 13:05:13,205 [pool-7-thread-1] INFO  commands.RetriableDatanodeEventWatcher (RetriableDatanodeEventWatcher.java:onTimeout(47)) - RetriableDatanodeCommand type=deleteBlocksCommand with id=1568811902470 timed out. Retrying.
2019-09-18 13:05:13,231 [pool-7-thread-1] INFO  commands.RetriableDatanodeEventWatcher (RetriableDatanodeEventWatcher.java:onTimeout(47)) - RetriableDatanodeCommand type=deleteBlocksCommand with id=1568811902480 timed out. Retrying.
2019-09-18 13:05:13,233 [pool-7-thread-1] INFO  commands.RetriableDatanodeEventWatcher (RetriableDatanodeEventWatcher.java:onTimeout(47)) - RetriableDatanodeCommand type=deleteBlocksCommand with id=1568811902421 timed out. Retrying.
2019-09-18 13:05:13,242 [main] INFO  ozone.MiniOzoneClusterImpl (MiniOzoneClusterImpl.java:lambda$waitForClusterToBeReady$0(145)) - Waiting for cluster to be ready. Got 0 of 1 DN Heartbeats.
2019-09-18 13:05:13,245 [pool-7-thread-1] INFO  commands.RetriableDatanodeEventWatcher (RetriableDatanodeEventWatcher.java:onTimeout(47)) - RetriableDatanodeCommand type=deleteBlocksCommand with id=1568811902490 timed out. Retrying.
2019-09-18 13:05:13,249 [pool-7-thread-1] INFO  commands.RetriableDatanodeEventWatcher (RetriableDatanodeEventWatcher.java:onTimeout(47)) - RetriableDatanodeCommand type=deleteBlocksCommand with id=1568811902431 timed out. Retrying.
2019-09-18 13:05:13,259 [pool-7-thread-1] INFO  commands.RetriableDatanodeEventWatcher (RetriableDatanodeEventWatcher.java:onTimeout(47)) - RetriableDatanodeCommand type=deleteBlocksCommand with id=1568811902441 timed out. Retrying.
2019-09-18 13:05:13,262 [pool-7-thread-1] INFO  commands.RetriableDatanodeEventWatcher (RetriableDatanodeEventWatcher.java:onTimeout(47)) - RetriableDatanodeCommand type=deleteBlocksCommand with id=1568811902500 timed out. Retrying.
2019-09-18 13:05:13,275 [pool-7-thread-1] INFO  commands.RetriableDatanodeEventWatcher (RetriableDatanodeEventWatcher.java:onTimeout(47)) - RetriableDatanodeCommand type=deleteBlocksCommand with id=1568811902451 timed out. Retrying.
2019-09-18 13:05:13,278 [pool-7-thread-1] INFO  commands.RetriableDatanodeEventWatcher (RetriableDatanodeEventWatcher.java:onTimeout(47)) - RetriableDatanodeCommand type=deleteBlocksCommand with id=1568811902510 timed out. Retrying.
2019-09-18 13:05:13,290 [SCMBlockDeletingService#1] DEBUG block.SCMBlockDeletingService (SCMBlockDeletingService.java:call(138)) - Running DeletedBlockTransactionScanner
2019-09-18 13:05:13,291 [SCMBlockDeletingService#1] DEBUG block.SCMBlockDeletingService (SCMBlockDeletingService.java:call(155)) - Scanned deleted blocks log and got 3 delTX to process.
2019-09-18 13:05:13,291 [SCMBlockDeletingService#1] DEBUG block.SCMBlockDeletingService (SCMBlockDeletingService.java:call(171)) - Added delete block command for datanode dd0a3b65-d36c-4f93-b232-3c8e6f6667b6 in the queue, number of delete block transactions: 3, TxID list: 1,2,3
2019-09-18 13:05:13,291 [pool-7-thread-1] INFO  commands.RetriableDatanodeEventWatcher (RetriableDatanodeEventWatcher.java:onTimeout(47)) - RetriableDatanodeCommand type=deleteBlocksCommand with id=1568811902461 timed out. Retrying.
2019-09-18 13:05:13,291 [SCMBlockDeletingService#1] INFO  block.SCMBlockDeletingService (SCMBlockDeletingService.java:call(182)) - Totally added 3 delete blocks command for 1 datanodes, task elapsed time: 1ms
2019-09-18 13:05:13,319 [pool-7-thread-1] INFO  commands.RetriableDatanodeEventWatcher (RetriableDatanodeEventWatcher.java:onTimeout(47)) - RetriableDatanodeCommand type=deleteBlocksCommand with id=1568811902471 timed out. Retrying.
2019-09-18 13:05:13,333 [pool-7-thread-1] INFO  commands.RetriableDatanodeEventWatcher (RetriableDatanodeEventWatcher.java:onTimeout(47)) - RetriableDatanodeCommand type=deleteBlocksCommand with id=1568811902481 timed out. Retrying.
2019-09-18 13:05:13,333 [pool-7-thread-2] INFO  commands.RetriableDatanodeEventWatcher (RetriableDatanodeEventWatcher.java:onTimeout(47)) - RetriableDatanodeCommand type=deleteBlocksCommand with id=1568811902422 timed out. Retrying.
2019-09-18 13:05:13,348 [pool-7-thread-2] INFO  commands.RetriableDatanodeEventWatcher (RetriableDatanodeEventWatcher.java:onTimeout(47)) - RetriableDatanodeCommand type=deleteBlocksCommand with id=1568811902491 timed out. Retrying.
2019-09-18 13:05:13,348 [pool-7-thread-2] INFO  commands.RetriableDatanodeEventWatcher (RetriableDatanodeEventWatcher.java:onTimeout(47)) - RetriableDatanodeCommand type=deleteBlocksCommand with id=1568811902432 timed out. Retrying.
2019-09-18 13:05:13,362 [pool-7-thread-2] INFO  commands.RetriableDatanodeEventWatcher (RetriableDatanodeEventWatcher.java:onTimeout(47)) - RetriableDatanodeCommand type=deleteBlocksCommand with id=1568811902501 timed out. Retrying.
2019-09-18 13:05:13,367 [pool-7-thread-2] INFO  commands.RetriableDatanodeEventWatcher (RetriableDatanodeEventWatcher.java:onTimeout(47)) - RetriableDatanodeCommand type=deleteBlocksCommand with id=1568811902442 timed out. Retrying.
2019-09-18 13:05:13,380 [pool-7-thread-2] INFO  commands.RetriableDatanodeEventWatcher (RetriableDatanodeEventWatcher.java:onTimeout(47)) - RetriableDatanodeCommand type=deleteBlocksCommand with id=1568811902511 timed out. Retrying.
2019-09-18 13:05:13,380 [pool-7-thread-1] INFO  commands.RetriableDatanodeEventWatcher (RetriableDatanodeEventWatcher.java:onTimeout(47)) - RetriableDatanodeCommand type=deleteBlocksCommand with id=1568811902452 timed out. Retrying.
2019-09-18 13:05:13,391 [pool-7-thread-1] INFO  commands.RetriableDatanodeEventWatcher (RetriableDatanodeEventWatcher.java:onTimeout(47)) - RetriableDatanodeCommand type=deleteBlocksCommand with id=1568811902462 timed out. Retrying.
2019-09-18 13:05:13,392 [SCMBlockDeletingService#1] DEBUG block.SCMBlockDeletingService (SCMBlockDeletingService.java:call(138)) - Running DeletedBlockTransactionScanner
2019-09-18 13:05:13,392 [SCMBlockDeletingService#1] DEBUG block.SCMBlockDeletingService (SCMBlockDeletingService.java:call(155)) - Scanned deleted blocks log and got 3 delTX to process.
2019-09-18 13:05:13,392 [SCMBlockDeletingService#1] DEBUG block.SCMBlockDeletingService (SCMBlockDeletingService.java:call(171)) - Added delete block command for datanode dd0a3b65-d36c-4f93-b232-3c8e6f6667b6 in the queue, number of delete block transactions: 3, TxID list: 1,2,3
2019-09-18 13:05:13,393 [SCMBlockDeletingService#1] INFO  block.SCMBlockDeletingService (SCMBlockDeletingService.java:call(182)) - Totally added 3 delete blocks command for 1 datanodes, task elapsed time: 1ms
2019-09-18 13:05:13,422 [pool-7-thread-1] INFO  commands.RetriableDatanodeEventWatcher (RetriableDatanodeEventWatcher.java:onTimeout(47)) - RetriableDatanodeCommand type=deleteBlocksCommand with id=1568811902472 timed out. Retrying.
2019-09-18 13:05:13,428 [pool-7-thread-1] INFO  commands.RetriableDatanodeEventWatcher (RetriableDatanodeEventWatcher.java:onTimeout(47)) - RetriableDatanodeCommand type=deleteBlocksCommand with id=1568811902413 timed out. Retrying.
2019-09-18 13:05:13,436 [pool-7-thread-1] INFO  commands.RetriableDatanodeEventWatcher (RetriableDatanodeEventWatcher.java:onTimeout(47)) - RetriableDatanodeCommand type=deleteBlocksCommand with id=1568811902482 timed out. Retrying.
2019-09-18 13:05:13,436 [pool-7-thread-2] INFO  commands.RetriableDatanodeEventWatcher (RetriableDatanodeEventWatcher.java:onTimeout(47)) - RetriableDatanodeCommand type=deleteBlocksCommand with id=1568811902423 timed out. Retrying.
2019-09-18 13:05:13,449 [pool-7-thread-2] INFO  commands.RetriableDatanodeEventWatcher (RetriableDatanodeEventWatcher.java:onTimeout(47)) - RetriableDatanodeCommand type=deleteBlocksCommand with id=1568811902492 timed out. Retrying.
2019-09-18 13:05:13,451 [pool-7-thread-2] INFO  commands.RetriableDatanodeEventWatcher (RetriableDatanodeEventWatcher.java:onTimeout(47)) - RetriableDatanodeCommand type=deleteBlocksCommand with id=1568811902433 timed out. Retrying.
2019-09-18 13:05:13,463 [pool-7-thread-2] INFO  commands.RetriableDatanodeEventWatcher (RetriableDatanodeEventWatcher.java:onTimeout(47)) - RetriableDatanodeCommand type=deleteBlocksCommand with id=1568811902502 timed out. Retrying.
2019-09-18 13:05:13,469 [pool-7-thread-2] INFO  commands.RetriableDatanodeEventWatcher (RetriableDatanodeEventWatcher.java:onTimeout(47)) - RetriableDatanodeCommand type=deleteBlocksCommand with id=1568811902443 timed out. Retrying.
2019-09-18 13:05:13,481 [pool-7-thread-2] INFO  commands.RetriableDatanodeEventWatcher (RetriableDatanodeEventWatcher.java:onTimeout(47)) - RetriableDatanodeCommand type=deleteBlocksCommand with id=1568811902512 timed out. Retrying.
2019-09-18 13:05:13,481 [pool-7-thread-1] INFO  commands.RetriableDatanodeEventWatcher (RetriableDatanodeEventWatcher.java:onTimeout(47)) - RetriableDatanodeCommand type=deleteBlocksCommand with id=1568811902453 timed out. Retrying.
2019-09-18 13:05:13,493 [SCMBlockDeletingService#1] DEBUG block.SCMBlockDeletingService (SCMBlockDeletingService.java:call(138)) - Running DeletedBlockTransactionScanner
2019-09-18 13:05:13,493 [SCMBlockDeletingService#1] DEBUG block.SCMBlockDeletingService (SCMBlockDeletingService.java:call(155)) - Scanned deleted blocks log and got 3 delTX to process.
2019-09-18 13:05:13,494 [SCMBlockDeletingService#1] DEBUG block.SCMBlockDeletingService (SCMBlockDeletingService.java:call(171)) - Added delete block command for datanode dd0a3b65-d36c-4f93-b232-3c8e6f6667b6 in the queue, number of delete block transactions: 3, TxID list: 1,2,3
2019-09-18 13:05:13,494 [SCMBlockDeletingService#1] INFO  block.SCMBlockDeletingService (SCMBlockDeletingService.java:call(182)) - Totally added 3 delete blocks command for 1 datanodes, task elapsed time: 1ms
2019-09-18 13:05:13,496 [pool-7-thread-1] INFO  commands.RetriableDatanodeEventWatcher (RetriableDatanodeEventWatcher.java:onTimeout(47)) - RetriableDatanodeCommand type=deleteBlocksCommand with id=1568811902463 timed out. Retrying.
2019-09-18 13:05:13,520 [pool-7-thread-1] INFO  commands.RetriableDatanodeEventWatcher (RetriableDatanodeEventWatcher.java:onTimeout(47)) - RetriableDatanodeCommand type=deleteBlocksCommand with id=1568811902473 timed out. Retrying.
2019-09-18 13:05:13,522 [pool-7-thread-1] INFO  commands.RetriableDatanodeEventWatcher (RetriableDatanodeEventWatcher.java:onTimeout(47)) - RetriableDatanodeCommand type=deleteBlocksCommand with id=1568811902414 timed out. Retrying.
2019-09-18 13:05:13,536 [pool-7-thread-1] INFO  commands.RetriableDatanodeEventWatcher (RetriableDatanodeEventWatcher.java:onTimeout(47)) - RetriableDatanodeCommand type=deleteBlocksCommand with id=1568811902483 timed out. Retrying.
2019-09-18 13:05:13,537 [pool-7-thread-2] INFO  commands.RetriableDatanodeEventWatcher (RetriableDatanodeEventWatcher.java:onTimeout(47)) - RetriableDatanodeCommand type=deleteBlocksCommand with id=1568811902424 timed out. Retrying.
2019-09-18 13:05:13,551 [pool-7-thread-2] INFO  commands.RetriableDatanodeEventWatcher (RetriableDatanodeEventWatcher.java:onTimeout(47)) - RetriableDatanodeCommand type=deleteBlocksCommand with id=1568811902493 timed out. Retrying.
2019-09-18 13:05:13,551 [pool-7-thread-1] INFO  commands.RetriableDatanodeEventWatcher (RetriableDatanodeEventWatcher.java:onTimeout(47)) - RetriableDatanodeCommand type=deleteBlocksCommand with id=1568811902434 timed out. Retrying.
2019-09-18 13:05:13,566 [pool-7-thread-1] INFO  commands.RetriableDatanodeEventWatcher (RetriableDatanodeEventWatcher.java:onTimeout(47)) - RetriableDatanodeCommand type=deleteBlocksCommand with id=1568811902444 timed out. Retrying.
2019-09-18 13:05:13,567 [pool-7-thread-1] INFO  commands.RetriableDatanodeEventWatcher (RetriableDatanodeEventWatcher.java:onTimeout(47)) - RetriableDatanodeCommand type=deleteBlocksCommand with id=1568811902503 timed out. Retrying.
2019-09-18 13:05:13,582 [pool-7-thread-1] INFO  commands.RetriableDatanodeEventWatcher (RetriableDatanodeEventWatcher.java:onTimeout(47)) - RetriableDatanodeCommand type=deleteBlocksCommand with id=1568811902513 timed out. Retrying.
2019-09-18 13:05:13,583 [pool-7-thread-1] INFO  commands.RetriableDatanodeEventWatcher (RetriableDatanodeEventWatcher.java:onTimeout(47)) - RetriableDatanodeCommand type=deleteBlocksCommand with id=1568811902454 timed out. Retrying.
2019-09-18 13:05:13,594 [pool-7-thread-1] INFO  commands.RetriableDatanodeEventWatcher (RetriableDatanodeEventWatcher.java:onTimeout(47)) - RetriableDatanodeCommand type=deleteBlocksCommand with id=1568811902464 timed out. Retrying.
2019-09-18 13:05:13,594 [SCMBlockDeletingService#1] DEBUG block.SCMBlockDeletingService (SCMBlockDeletingService.java:call(138)) - Running DeletedBlockTransactionScanner
2019-09-18 13:05:13,595 [SCMBlockDeletingService#1] DEBUG block.SCMBlockDeletingService (SCMBlockDeletingService.java:call(155)) - Scanned deleted blocks log and got 3 delTX to process.
2019-09-18 13:05:13,595 [SCMBlockDeletingService#1] DEBUG block.SCMBlockDeletingService (SCMBlockDeletingService.java:call(171)) - Added delete block command for datanode dd0a3b65-d36c-4f93-b232-3c8e6f6667b6 in the queue, number of delete block transactions: 3, TxID list: 1,2,3
2019-09-18 13:05:13,595 [SCMBlockDeletingService#1] INFO  block.SCMBlockDeletingService (SCMBlockDeletingService.java:call(182)) - Totally added 3 delete blocks command for 1 datanodes, task elapsed time: 1ms
2019-09-18 13:05:13,623 [pool-7-thread-1] INFO  commands.RetriableDatanodeEventWatcher (RetriableDatanodeEventWatcher.java:onTimeout(47)) - RetriableDatanodeCommand type=deleteBlocksCommand with id=1568811902474 timed out. Retrying.
2019-09-18 13:05:13,624 [pool-7-thread-2] INFO  commands.RetriableDatanodeEventWatcher (RetriableDatanodeEventWatcher.java:onTimeout(47)) - RetriableDatanodeCommand type=deleteBlocksCommand with id=1568811902415 timed out. Retrying.
2019-09-18 13:05:13,637 [pool-7-thread-2] INFO  commands.RetriableDatanodeEventWatcher (RetriableDatanodeEventWatcher.java:onTimeout(47)) - RetriableDatanodeCommand type=deleteBlocksCommand with id=1568811902484 timed out. Retrying.
2019-09-18 13:05:13,637 [pool-7-thread-1] INFO  commands.RetriableDatanodeEventWatcher (RetriableDatanodeEventWatcher.java:onTimeout(47)) - RetriableDatanodeCommand type=deleteBlocksCommand with id=1568811902425 timed out. Retrying.
2019-09-18 13:05:13,653 [pool-7-thread-1] INFO  commands.RetriableDatanodeEventWatcher (RetriableDatanodeEventWatcher.java:onTimeout(47)) - RetriableDatanodeCommand type=deleteBlocksCommand with id=1568811902494 timed out. Retrying.
2019-09-18 13:05:13,655 [pool-7-thread-1] INFO  commands.RetriableDatanodeEventWatcher (RetriableDatanodeEventWatcher.java:onTimeout(47)) - RetriableDatanodeCommand type=deleteBlocksCommand with id=1568811902435 timed out. Retrying.
2019-09-18 13:05:13,666 [pool-7-thread-1] INFO  commands.RetriableDatanodeEventWatcher (RetriableDatanodeEventWatcher.java:onTimeout(47)) - RetriableDatanodeCommand type=deleteBlocksCommand with id=1568811902445 timed out. Retrying.
2019-09-18 13:05:13,670 [pool-7-thread-1] INFO  commands.RetriableDatanodeEventWatcher (RetriableDatanodeEventWatcher.java:onTimeout(47)) - RetriableDatanodeCommand type=deleteBlocksCommand with id=1568811902504 timed out. Retrying.
2019-09-18 13:05:13,684 [pool-7-thread-1] INFO  commands.RetriableDatanodeEventWatcher (RetriableDatanodeEventWatcher.java:onTimeout(47)) - RetriableDatanodeCommand type=deleteBlocksCommand with id=1568811902514 timed out. Retrying.
2019-09-18 13:05:13,684 [pool-7-thread-2] INFO  commands.RetriableDatanodeEventWatcher (RetriableDatanodeEventWatcher.java:onTimeout(47)) - RetriableDatanodeCommand type=deleteBlocksCommand with id=1568811902455 timed out. Retrying.
2019-09-18 13:05:13,696 [SCMBlockDeletingService#1] DEBUG block.SCMBlockDeletingService (SCMBlockDeletingService.java:call(138)) - Running DeletedBlockTransactionScanner
2019-09-18 13:05:13,696 [SCMBlockDeletingService#1] DEBUG block.SCMBlockDeletingService (SCMBlockDeletingService.java:call(155)) - Scanned deleted blocks log and got 3 delTX to process.
2019-09-18 13:05:13,696 [pool-7-thread-2] INFO  commands.RetriableDatanodeEventWatcher (SCMBlockDeletingService.java:call(171)) - Added delete block command for datanode dd0a3b65-d36c-4f93-b232-3c8e6f6667b6 in the queue, number of delete block transactions: 3, TxID list: 1,2,3
2019-09-18 13:05:13,696 [pool-7-thread-2] INFO  commands.RetriableDatanodeEventWatcher (RetriableDatanodeEventWatcher.java:onTimeout(47)) - RetriableDatanodeCommand type=deleteBlocksCommand with id=1568811902465 timed out. Retrying.
2019-09-18 13:05:13,697 [SCMBlockDeletingService#1] INFO  block.SCMBlockDeletingService (SCMBlockDeletingService.java:call(182)) - Totally added 3 delete blocks command for 1 datanodes, task elapsed time: 1ms
2019-09-18 13:05:13,726 [pool-7-thread-2] INFO  commands.RetriableDatanodeEventWatcher (RetriableDatanodeEventWatcher.java:onTimeout(47)) - RetriableDatanodeCommand type=deleteBlocksCommand with id=1568811902475 timed out. Retrying.
2019-09-18 13:05:13,726 [pool-7-thread-1] INFO  commands.RetriableDatanodeEventWatcher (RetriableDatanodeEventWatcher.java:onTimeout(47)) - RetriableDatanodeCommand type=deleteBlocksCommand with id=1568811902416 timed out. Retrying.
2019-09-18 13:05:13,739 [pool-7-thread-1] INFO  commands.RetriableDatanodeEventWatcher (RetriableDatanodeEventWatcher.java:onTimeout(47)) - RetriableDatanodeCommand type=deleteBlocksCommand with id=1568811902485 timed out. Retrying.
2019-09-18 13:05:13,741 [pool-7-thread-1] INFO  commands.RetriableDatanodeEventWatcher (RetriableDatanodeEventWatcher.java:onTimeout(47)) - RetriableDatanodeCommand type=deleteBlocksCommand with id=1568811902426 timed out. Retrying.
2019-09-18 13:05:13,753 [pool-7-thread-1] INFO  commands.RetriableDatanodeEventWatcher (RetriableDatanodeEventWatcher.java:onTimeout(47)) - RetriableDatanodeCommand type=deleteBlocksCommand with id=1568811902495 timed out. Retrying.
2019-09-18 13:05:13,755 [pool-7-thread-1] INFO  commands.RetriableDatanodeEventWatcher (RetriableDatanodeEventWatcher.java:onTimeout(47)) - RetriableDatanodeCommand type=deleteBlocksCommand with id=1568811902436 timed out. Retrying.
2019-09-18 13:05:13,769 [pool-7-thread-1] INFO  commands.RetriableDatanodeEventWatcher (RetriableDatanodeEventWatcher.java:onTimeout(47)) - RetriableDatanodeCommand type=deleteBlocksCommand with id=1568811902446 timed out. Retrying.
2019-09-18 13:05:13,771 [pool-7-thread-1] INFO  commands.RetriableDatanodeEventWatcher (RetriableDatanodeEventWatcher.java:onTimeout(47)) - RetriableDatanodeCommand type=deleteBlocksCommand with id=1568811902505 timed out. Retrying.
2019-09-18 13:05:13,784 [pool-7-thread-1] INFO  commands.RetriableDatanodeEventWatcher (RetriableDatanodeEventWatcher.java:onTimeout(47)) - RetriableDatanodeCommand type=deleteBlocksCommand with id=1568811902515 timed out. Retrying.
2019-09-18 13:05:13,786 [pool-7-thread-1] INFO  commands.RetriableDatanodeEventWatcher (RetriableDatanodeEventWatcher.java:onTimeout(47)) - RetriableDatanodeCommand type=deleteBlocksCommand with id=1568811902456 timed out. Retrying.
2019-09-18 13:05:13,796 [pool-7-thread-1] INFO  commands.RetriableDatanodeEventWatcher (RetriableDatanodeEventWatcher.java:onTimeout(47)) - RetriableDatanodeCommand type=deleteBlocksCommand with id=1568811902466 timed out. Retrying.
2019-09-18 13:05:13,797 [SCMBlockDeletingService#1] DEBUG block.SCMBlockDeletingService (SCMBlockDeletingService.java:call(138)) - Running DeletedBlockTransactionScanner
2019-09-18 13:05:13,797 [SCMBlockDeletingService#1] DEBUG block.SCMBlockDeletingService (SCMBlockDeletingService.java:call(155)) - Scanned deleted blocks log and got 3 delTX to process.
2019-09-18 13:05:13,798 [SCMBlockDeletingService#1] DEBUG block.SCMBlockDeletingService (SCMBlockDeletingService.java:call(171)) - Added delete block command for datanode dd0a3b65-d36c-4f93-b232-3c8e6f6667b6 in the queue, number of delete block transactions: 3, TxID list: 1,2,3
2019-09-18 13:05:13,798 [SCMBlockDeletingService#1] INFO  block.SCMBlockDeletingService (SCMBlockDeletingService.java:call(182)) - Totally added 3 delete blocks command for 1 datanodes, task elapsed time: 1ms
2019-09-18 13:05:13,828 [pool-7-thread-2] INFO  commands.RetriableDatanodeEventWatcher (RetriableDatanodeEventWatcher.java:onTimeout(47)) - RetriableDatanodeCommand type=deleteBlocksCommand with id=1568811902417 timed out. Retrying.
2019-09-18 13:05:13,828 [pool-7-thread-1] INFO  commands.RetriableDatanodeEventWatcher (RetriableDatanodeEventWatcher.java:onTimeout(47)) - RetriableDatanodeCommand type=deleteBlocksCommand with id=1568811902476 timed out. Retrying.
2019-09-18 13:05:13,840 [pool-7-thread-1] INFO  commands.RetriableDatanodeEventWatcher (RetriableDatanodeEventWatcher.java:onTimeout(47)) - RetriableDatanodeCommand type=deleteBlocksCommand with id=1568811902486 timed out. Retrying.
2019-09-18 13:05:13,842 [pool-7-thread-1] INFO  commands.RetriableDatanodeEventWatcher (RetriableDatanodeEventWatcher.java:onTimeout(47)) - RetriableDatanodeCommand type=deleteBlocksCommand with id=1568811902427 timed out. Retrying.
2019-09-18 13:05:13,854 [pool-7-thread-1] INFO  commands.RetriableDatanodeEventWatcher (RetriableDatanodeEventWatcher.java:onTimeout(47)) - RetriableDatanodeCommand type=deleteBlocksCommand with id=1568811902496 timed out. Retrying.
2019-09-18 13:05:13,857 [pool-7-thread-1] INFO  commands.RetriableDatanodeEventWatcher (RetriableDatanodeEventWatcher.java:onTimeout(47)) - RetriableDatanodeCommand type=deleteBlocksCommand with id=1568811902437 timed out. Retrying.
2019-09-18 13:05:13,868 [pool-7-thread-1] INFO  commands.RetriableDatanodeEventWatcher (RetriableDatanodeEventWatcher.java:onTimeout(47)) - RetriableDatanodeCommand type=deleteBlocksCommand with id=1568811902447 timed out. Retrying.
2019-09-18 13:05:13,874 [pool-7-thread-1] INFO  commands.RetriableDatanodeEventWatcher (RetriableDatanodeEventWatcher.java:onTimeout(47)) - RetriableDatanodeCommand type=deleteBlocksCommand with id=1568811902506 timed out. Retrying.
2019-09-18 13:05:13,885 [pool-7-thread-1] INFO  commands.RetriableDatanodeEventWatcher (RetriableDatanodeEventWatcher.java:onTimeout(47)) - RetriableDatanodeCommand type=deleteBlocksCommand with id=1568811902516 timed out. Retrying.
2019-09-18 13:05:13,886 [pool-7-thread-2] INFO  commands.RetriableDatanodeEventWatcher (RetriableDatanodeEventWatcher.java:onTimeout(47)) - RetriableDatanodeCommand type=deleteBlocksCommand with id=1568811902457 timed out. Retrying.
2019-09-18 13:05:13,898 [SCMBlockDeletingService#1] DEBUG block.SCMBlockDeletingService (SCMBlockDeletingService.java:call(138)) - Running DeletedBlockTransactionScanner
2019-09-18 13:05:13,899 [SCMBlockDeletingService#1] DEBUG block.SCMBlockDeletingService (SCMBlockDeletingService.java:call(155)) - Scanned deleted blocks log and got 3 delTX to process.
2019-09-18 13:05:13,899 [SCMBlockDeletingService#1] DEBUG block.SCMBlockDeletingService (SCMBlockDeletingService.java:call(171)) - Added delete block command for datanode dd0a3b65-d36c-4f93-b232-3c8e6f6667b6 in the queue, number of delete block transactions: 3, TxID list: 1,2,3
2019-09-18 13:05:13,899 [pool-7-thread-2] INFO  commands.RetriableDatanodeEventWatcher (RetriableDatanodeEventWatcher.java:onTimeout(47)) - RetriableDatanodeCommand type=deleteBlocksCommand with id=1568811902467 timed out. Retrying.
2019-09-18 13:05:13,899 [SCMBlockDeletingService#1] INFO  block.SCMBlockDeletingService (SCMBlockDeletingService.java:call(182)) - Totally added 3 delete blocks command for 1 datanodes, task elapsed time: 1ms
2019-09-18 13:05:13,927 [pool-7-thread-2] INFO  commands.RetriableDatanodeEventWatcher (RetriableDatanodeEventWatcher.java:onTimeout(47)) - RetriableDatanodeCommand type=deleteBlocksCommand with id=1568811902477 timed out. Retrying.
2019-09-18 13:05:13,928 [pool-7-thread-1] INFO  commands.RetriableDatanodeEventWatcher (RetriableDatanodeEventWatcher.java:onTimeout(47)) - RetriableDatanodeCommand type=deleteBlocksCommand with id=1568811902418 timed out. Retrying.
2019-09-18 13:05:13,943 [pool-7-thread-1] INFO  commands.RetriableDatanodeEventWatcher (RetriableDatanodeEventWatcher.java:onTimeout(47)) - RetriableDatanodeCommand type=deleteBlocksCommand with id=1568811902487 timed out. Retrying.
2019-09-18 13:05:13,943 [pool-7-thread-2] INFO  commands.RetriableDatanodeEventWatcher (RetriableDatanodeEventWatcher.java:onTimeout(47)) - RetriableDatanodeCommand type=deleteBlocksCommand with id=1568811902428 timed out. Retrying.
2019-09-18 13:05:13,958 [pool-7-thread-2] INFO  commands.RetriableDatanodeEventWatcher (RetriableDatanodeEventWatcher.java:onTimeout(47)) - RetriableDatanodeCommand type=deleteBlocksCommand with id=1568811902497 timed out. Retrying.
2019-09-18 13:05:13,958 [pool-7-thread-1] INFO  commands.RetriableDatanodeEventWatcher (RetriableDatanodeEventWatcher.java:onTimeout(47)) - RetriableDatanodeCommand type=deleteBlocksCommand with id=1568811902438 timed out. Retrying.
2019-09-18 13:05:13,971 [pool-7-thread-1] INFO  commands.RetriableDatanodeEventWatcher (RetriableDatanodeEventWatcher.java:onTimeout(47)) - RetriableDatanodeCommand type=deleteBlocksCommand with id=1568811902448 timed out. Retrying.
2019-09-18 13:05:13,975 [pool-7-thread-1] INFO  commands.RetriableDatanodeEventWatcher (RetriableDatanodeEventWatcher.java:onTimeout(47)) - RetriableDatanodeCommand type=deleteBlocksCommand with id=1568811902507 timed out. Retrying.
2019-09-18 13:05:13,985 [pool-7-thread-1] INFO  commands.RetriableDatanodeEventWatcher (RetriableDatanodeEventWatcher.java:onTimeout(47)) - RetriableDatanodeCommand type=deleteBlocksCommand with id=1568811902458 timed out. Retrying.
2019-09-18 13:05:13,987 [pool-7-thread-1] INFO  commands.RetriableDatanodeEventWatcher (RetriableDatanodeEventWatcher.java:onTimeout(47)) - RetriableDatanodeCommand type=deleteBlocksCommand with id=1568811902517 timed out. Retrying.
2019-09-18 13:05:13,999 [SCMBlockDeletingService#1] DEBUG block.SCMBlockDeletingService (SCMBlockDeletingService.java:call(138)) - Running DeletedBlockTransactionScanner
2019-09-18 13:05:14,000 [SCMBlockDeletingService#1] DEBUG block.SCMBlockDeletingService (SCMBlockDeletingService.java:call(155)) - Scanned deleted blocks log and got 3 delTX to process.
2019-09-18 13:05:14,000 [pool-7-thread-1] INFO  commands.RetriableDatanodeEventWatcher (SCMBlockDeletingService.java:call(171)) - Added delete block command for datanode dd0a3b65-d36c-4f93-b232-3c8e6f6667b6 in the queue, number of delete block transactions: 3, TxID list: 1,2,3
2019-09-18 13:05:14,000 [pool-7-thread-1] INFO  commands.RetriableDatanodeEventWatcher (RetriableDatanodeEventWatcher.java:onTimeout(47)) - RetriableDatanodeCommand type=deleteBlocksCommand with id=1568811902468 timed out. Retrying.
2019-09-18 13:05:14,000 [SCMBlockDeletingService#1] INFO  block.SCMBlockDeletingService (SCMBlockDeletingService.java:call(182)) - Totally added 3 delete blocks command for 1 datanodes, task elapsed time: 1ms
2019-09-18 13:05:14,030 [pool-7-thread-1] INFO  commands.RetriableDatanodeEventWatcher (RetriableDatanodeEventWatcher.java:onTimeout(47)) - RetriableDatanodeCommand type=deleteBlocksCommand with id=1568811902478 timed out. Retrying.
2019-09-18 13:05:14,030 [pool-7-thread-2] INFO  commands.RetriableDatanodeEventWatcher (RetriableDatanodeEventWatcher.java:onTimeout(47)) - RetriableDatanodeCommand type=deleteBlocksCommand with id=1568811902419 timed out. Retrying.
2019-09-18 13:05:14,042 [pool-7-thread-2] INFO  commands.RetriableDatanodeEventWatcher (RetriableDatanodeEventWatcher.java:onTimeout(47)) - RetriableDatanodeCommand type=deleteBlocksCommand with id=1568811902488 timed out. Retrying.
2019-09-18 13:05:14,049 [pool-7-thread-2] INFO  commands.RetriableDatanodeEventWatcher (RetriableDatanodeEventWatcher.java:onTimeout(47)) - RetriableDatanodeCommand type=deleteBlocksCommand with id=1568811902429 timed out. Retrying.
2019-09-18 13:05:14,056 [pool-7-thread-2] INFO  commands.RetriableDatanodeEventWatcher (RetriableDatanodeEventWatcher.java:onTimeout(47)) - RetriableDatanodeCommand type=deleteBlocksCommand with id=1568811902439 timed out. Retrying.
2019-09-18 13:05:14,060 [pool-7-thread-2] INFO  commands.RetriableDatanodeEventWatcher (RetriableDatanodeEventWatcher.java:onTimeout(47)) - RetriableDatanodeCommand type=deleteBlocksCommand with id=1568811902498 timed out. Retrying.
2019-09-18 13:05:14,071 [pool-7-thread-2] INFO  commands.RetriableDatanodeEventWatcher (RetriableDatanodeEventWatcher.java:onTimeout(47)) - RetriableDatanodeCommand type=deleteBlocksCommand with id=1568811902449 timed out. Retrying.
2019-09-18 13:05:14,076 [pool-7-thread-2] INFO  commands.RetriableDatanodeEventWatcher (RetriableDatanodeEventWatcher.java:onTimeout(47)) - RetriableDatanodeCommand type=deleteBlocksCommand with id=1568811902508 timed out. Retrying.
2019-09-18 13:05:14,088 [pool-7-thread-2] INFO  commands.RetriableDatanodeEventWatcher (RetriableDatanodeEventWatcher.java:onTimeout(47)) - RetriableDatanodeCommand type=deleteBlocksCommand with id=1568811902518 timed out. Retrying.
2019-09-18 13:05:14,089 [pool-7-thread-2] INFO  commands.RetriableDatanodeEventWatcher (RetriableDatanodeEventWatcher.java:onTimeout(47)) - RetriableDatanodeCommand type=deleteBlocksCommand with id=1568811902459 timed out. Retrying.
2019-09-18 13:05:14,101 [SCMBlockDeletingService#1] DEBUG block.SCMBlockDeletingService (SCMBlockDeletingService.java:call(138)) - Running DeletedBlockTransactionScanner
2019-09-18 13:05:14,101 [SCMBlockDeletingService#1] DEBUG block.SCMBlockDeletingService (SCMBlockDeletingService.java:call(155)) - Scanned deleted blocks log and got 3 delTX to process.
2019-09-18 13:05:14,101 [SCMBlockDeletingService#1] DEBUG block.SCMBlockDeletingService (SCMBlockDeletingService.java:call(171)) - Added delete block command for datanode dd0a3b65-d36c-4f93-b232-3c8e6f6667b6 in the queue, number of delete block transactions: 3, TxID list: 1,2,3
2019-09-18 13:05:14,102 [SCMBlockDeletingService#1] INFO  block.SCMBlockDeletingService (SCMBlockDeletingService.java:call(182)) - Totally added 3 delete blocks command for 1 datanodes, task elapsed time: 1ms
2019-09-18 13:05:14,103 [pool-7-thread-2] INFO  commands.RetriableDatanodeEventWatcher (RetriableDatanodeEventWatcher.java:onTimeout(47)) - RetriableDatanodeCommand type=deleteBlocksCommand with id=1568811902469 timed out. Retrying.
2019-09-18 13:05:14,131 [pool-7-thread-2] INFO  commands.RetriableDatanodeEventWatcher (RetriableDatanodeEventWatcher.java:onTimeout(47)) - RetriableDatanodeCommand type=deleteBlocksCommand with id=1568811902479 timed out. Retrying.
2019-09-18 13:05:14,134 [pool-7-thread-2] INFO  commands.RetriableDatanodeEventWatcher (RetriableDatanodeEventWatcher.java:onTimeout(47)) - RetriableDatanodeCommand type=deleteBlocksCommand with id=1568811902420 timed out. Retrying.
2019-09-18 13:05:14,142 [pool-7-thread-2] INFO  commands.RetriableDatanodeEventWatcher (RetriableDatanodeEventWatcher.java:onTimeout(47)) - RetriableDatanodeCommand type=deleteBlocksCommand with id=1568811902430 timed out. Retrying.
2019-09-18 13:05:14,146 [pool-7-thread-2] INFO  commands.RetriableDatanodeEventWatcher (RetriableDatanodeEventWatcher.java:onTimeout(47)) - RetriableDatanodeCommand type=deleteBlocksCommand with id=1568811902489 timed out. Retrying.
2019-09-18 13:05:14,159 [pool-7-thread-2] INFO  commands.RetriableDatanodeEventWatcher (RetriableDatanodeEventWatcher.java:onTimeout(47)) - RetriableDatanodeCommand type=deleteBlocksCommand with id=1568811902499 timed out. Retrying.
2019-09-18 13:05:14,163 [pool-7-thread-2] INFO  commands.RetriableDatanodeEventWatcher (RetriableDatanodeEventWatcher.java:onTimeout(47)) - RetriableDatanodeCommand type=deleteBlocksCommand with id=1568811902440 timed out. Retrying.
2019-09-18 13:05:14,175 [pool-7-thread-2] INFO  commands.RetriableDatanodeEventWatcher (RetriableDatanodeEventWatcher.java:onTimeout(47)) - RetriableDatanodeCommand type=deleteBlocksCommand with id=1568811902450 timed out. Retrying.
2019-09-18 13:05:14,177 [pool-7-thread-2] INFO  commands.RetriableDatanodeEventWatcher (RetriableDatanodeEventWatcher.java:onTimeout(47)) - RetriableDatanodeCommand type=deleteBlocksCommand with id=1568811902509 timed out. Retrying.
2019-09-18 13:05:14,188 [pool-7-thread-2] INFO  commands.RetriableDatanodeEventWatcher (RetriableDatanodeEventWatcher.java:onTimeout(47)) - RetriableDatanodeCommand type=deleteBlocksCommand with id=1568811902460 timed out. Retrying.
2019-09-18 13:05:14,189 [pool-7-thread-2] INFO  commands.RetriableDatanodeEventWatcher (RetriableDatanodeEventWatcher.java:onTimeout(47)) - RetriableDatanodeCommand type=deleteBlocksCommand with id=1568811902519 timed out. Retrying.
2019-09-18 13:05:14,202 [SCMBlockDeletingService#1] DEBUG block.SCMBlockDeletingService (SCMBlockDeletingService.java:call(138)) - Running DeletedBlockTransactionScanner
2019-09-18 13:05:14,202 [SCMBlockDeletingService#1] DEBUG block.SCMBlockDeletingService (SCMBlockDeletingService.java:call(155)) - Scanned deleted blocks log and got 3 delTX to process.
2019-09-18 13:05:14,202 [SCMBlockDeletingService#1] DEBUG block.SCMBlockDeletingService (SCMBlockDeletingService.java:call(171)) - Added delete block command for datanode dd0a3b65-d36c-4f93-b232-3c8e6f6667b6 in the queue, number of delete block transactions: 3, TxID list: 1,2,3
2019-09-18 13:05:14,203 [SCMBlockDeletingService#1] INFO  block.SCMBlockDeletingService (SCMBlockDeletingService.java:call(182)) - Totally added 3 delete blocks command for 1 datanodes, task elapsed time: 0ms
2019-09-18 13:05:14,206 [pool-7-thread-2] INFO  commands.RetriableDatanodeEventWatcher (RetriableDatanodeEventWatcher.java:onTimeout(47)) - RetriableDatanodeCommand type=deleteBlocksCommand with id=1568811902470 timed out. Retrying.
2019-09-18 13:05:14,231 [pool-7-thread-2] INFO  commands.RetriableDatanodeEventWatcher (RetriableDatanodeEventWatcher.java:onTimeout(47)) - RetriableDatanodeCommand type=deleteBlocksCommand with id=1568811902480 timed out. Retrying.
2019-09-18 13:05:14,234 [pool-7-thread-2] INFO  commands.RetriableDatanodeEventWatcher (RetriableDatanodeEventWatcher.java:onTimeout(47)) - RetriableDatanodeCommand type=deleteBlocksCommand with id=1568811902421 timed out. Retrying.
2019-09-18 13:05:14,243 [main] INFO  ozone.MiniOzoneClusterImpl (MiniOzoneClusterImpl.java:lambda$waitForClusterToBeReady$0(145)) - Waiting for cluster to be ready. Got 0 of 1 DN Heartbeats.
2019-09-18 13:05:14,243 [EventQueue-PendingDeleteStatusForPendingDeleteHandler] INFO  block.SCMBlockDeletingService (SCMBlockDeletingService.java:handlePendingDeletes(115)) - Block deletion txnID mismatch in datanode dd0a3b65-d36c-4f93-b232-3c8e6f6667b6 for containerID 1. Datanode delete txnID: 0, SCM txnID: 1
2019-09-18 13:05:14,244 [EventQueue-PendingDeleteStatusForPendingDeleteHandler] INFO  block.SCMBlockDeletingService (SCMBlockDeletingService.java:handlePendingDeletes(115)) - Block deletion txnID mismatch in datanode dd0a3b65-d36c-4f93-b232-3c8e6f6667b6 for containerID 2. Datanode delete txnID: 0, SCM txnID: 2
2019-09-18 13:05:14,244 [EventQueue-PendingDeleteStatusForPendingDeleteHandler] INFO  block.SCMBlockDeletingService (SCMBlockDeletingService.java:handlePendingDeletes(115)) - Block deletion txnID mismatch in datanode dd0a3b65-d36c-4f93-b232-3c8e6f6667b6 for containerID 3. Datanode delete txnID: 0, SCM txnID: 3
2019-09-18 13:05:14,246 [pool-7-thread-2] INFO  commands.RetriableDatanodeEventWatcher (RetriableDatanodeEventWatcher.java:onTimeout(47)) - RetriableDatanodeCommand type=deleteBlocksCommand with id=1568811902490 timed out. Retrying.
2019-09-18 13:05:14,249 [pool-7-thread-2] INFO  commands.RetriableDatanodeEventWatcher (RetriableDatanodeEventWatcher.java:onTimeout(47)) - RetriableDatanodeCommand type=deleteBlocksCommand with id=1568811902431 timed out. Retrying.
2019-09-18 13:05:14,260 [pool-7-thread-2] INFO  commands.RetriableDatanodeEventWatcher (RetriableDatanodeEventWatcher.java:onTimeout(47)) - RetriableDatanodeCommand type=deleteBlocksCommand with id=1568811902441 timed out. Retrying.
2019-09-18 13:05:14,262 [pool-7-thread-2] INFO  commands.RetriableDatanodeEventWatcher (RetriableDatanodeEventWatcher.java:onTimeout(47)) - RetriableDatanodeCommand type=deleteBlocksCommand with id=1568811902500 timed out. Retrying.
2019-09-18 13:05:14,277 [pool-7-thread-2] INFO  commands.RetriableDatanodeEventWatcher (RetriableDatanodeEventWatcher.java:onTimeout(47)) - RetriableDatanodeCommand type=deleteBlocksCommand with id=1568811902451 timed out. Retrying.
2019-09-18 13:05:14,278 [pool-7-thread-2] INFO  commands.RetriableDatanodeEventWatcher (RetriableDatanodeEventWatcher.java:onTimeout(47)) - RetriableDatanodeCommand type=deleteBlocksCommand with id=1568811902510 timed out. Retrying.
2019-09-18 13:05:14,283 [grpc-default-executor-1] INFO  impl.RaftServerProxy (RaftServerProxy.java:addNew(89)) - dd0a3b65-d36c-4f93-b232-3c8e6f6667b6: addNew group-F22BCE6F37D8:[dd0a3b65-d36c-4f93-b232-3c8e6f6667b6:192.168.69.108:41901] returns group-F22BCE6F37D8:java.util.concurrent.CompletableFuture@301ddf4d[Not completed]
2019-09-18 13:05:14,285 [pool-592-thread-1] INFO  impl.RaftServerImpl (RaftServerImpl.java:<init>(95)) - dd0a3b65-d36c-4f93-b232-3c8e6f6667b6: new RaftServerImpl for group-F22BCE6F37D8:[dd0a3b65-d36c-4f93-b232-3c8e6f6667b6:192.168.69.108:41901] with ContainerStateMachine:uninitialized
2019-09-18 13:05:14,286 [pool-592-thread-1] INFO  server.RaftServerConfigKeys (ConfUtils.java:logGet(43)) - raft.server.rpc.timeout.min = 5s (custom)
2019-09-18 13:05:14,286 [pool-592-thread-1] INFO  server.RaftServerConfigKeys (ConfUtils.java:logGet(43)) - raft.server.rpc.timeout.max = 5200ms (custom)
2019-09-18 13:05:14,286 [pool-592-thread-1] INFO  server.RaftServerConfigKeys (ConfUtils.java:logGet(43)) - raft.server.rpcslowness.timeout = 120s (custom)
2019-09-18 13:05:14,286 [pool-592-thread-1] INFO  server.RaftServerConfigKeys (ConfUtils.java:logGet(43)) - raft.server.sleep.deviation.threshold = 300 (default)
2019-09-18 13:05:14,286 [pool-592-thread-1] INFO  server.RaftServerConfigKeys (ConfUtils.java:logGet(43)) - raft.server.log.appender.install.snapshot.enabled = false (custom)
2019-09-18 13:05:14,286 [pool-592-thread-1] INFO  impl.RaftServerImpl (ServerState.java:<init>(103)) - dd0a3b65-d36c-4f93-b232-3c8e6f6667b6@group-F22BCE6F37D8: ConfigurationManager, init=-1: [dd0a3b65-d36c-4f93-b232-3c8e6f6667b6:192.168.69.108:41901], old=null, confs=<EMPTY_MAP>
2019-09-18 13:05:14,287 [pool-592-thread-1] INFO  server.RaftServerConfigKeys (ConfUtils.java:logGet(43)) - raft.server.storage.dir = [/workdir/hadoop-ozone/integration-test/target/test-dir/MiniOzoneClusterImpl-d4f86b9a-5145-424e-a2a6-5719e876ec3b/datanode-0/data/ratis] (custom)
2019-09-18 13:05:14,287 [pool-592-thread-1] INFO  storage.RaftStorageDirectory (RaftStorageDirectory.java:analyzeStorage(246)) - The storage directory /workdir/hadoop-ozone/integration-test/target/test-dir/MiniOzoneClusterImpl-d4f86b9a-5145-424e-a2a6-5719e876ec3b/datanode-0/data/ratis/ec90bfde-bfa9-4e32-b4b0-f22bce6f37d8 does not exist. Creating ...
2019-09-18 13:05:14,292 [pool-7-thread-2] INFO  commands.RetriableDatanodeEventWatcher (RetriableDatanodeEventWatcher.java:onTimeout(47)) - RetriableDatanodeCommand type=deleteBlocksCommand with id=1568811902520 timed out. Retrying.
2019-09-18 13:05:14,292 [pool-7-thread-1] INFO  commands.RetriableDatanodeEventWatcher (RetriableDatanodeEventWatcher.java:onTimeout(47)) - RetriableDatanodeCommand type=deleteBlocksCommand with id=1568811902461 timed out. Retrying.
2019-09-18 13:05:14,300 [pool-592-thread-1] INFO  storage.RaftStorageDirectory (RaftStorageDirectory.java:tryLock(328)) - Lock on /workdir/hadoop-ozone/integration-test/target/test-dir/MiniOzoneClusterImpl-d4f86b9a-5145-424e-a2a6-5719e876ec3b/datanode-0/data/ratis/ec90bfde-bfa9-4e32-b4b0-f22bce6f37d8/in_use.lock acquired by nodename 3240@pr-hdds-2141-4zm8s-3863693661
2019-09-18 13:05:14,303 [SCMBlockDeletingService#1] DEBUG block.SCMBlockDeletingService (SCMBlockDeletingService.java:call(138)) - Running DeletedBlockTransactionScanner
2019-09-18 13:05:14,304 [SCMBlockDeletingService#1] DEBUG block.SCMBlockDeletingService (SCMBlockDeletingService.java:call(155)) - Scanned deleted blocks log and got 3 delTX to process.
2019-09-18 13:05:14,304 [SCMBlockDeletingService#1] DEBUG block.SCMBlockDeletingService (SCMBlockDeletingService.java:call(171)) - Added delete block command for datanode dd0a3b65-d36c-4f93-b232-3c8e6f6667b6 in the queue, number of delete block transactions: 3, TxID list: 1,2,3
2019-09-18 13:05:14,304 [SCMBlockDeletingService#1] INFO  block.SCMBlockDeletingService (SCMBlockDeletingService.java:call(182)) - Totally added 3 delete blocks command for 1 datanodes, task elapsed time: 1ms
2019-09-18 13:05:14,319 [pool-7-thread-1] INFO  commands.RetriableDatanodeEventWatcher (RetriableDatanodeEventWatcher.java:onTimeout(47)) - RetriableDatanodeCommand type=deleteBlocksCommand with id=1568811902471 timed out. Retrying.
2019-09-18 13:05:14,326 [pool-592-thread-1] INFO  storage.RaftStorage (RaftStorage.java:format(72)) - Storage directory /workdir/hadoop-ozone/integration-test/target/test-dir/MiniOzoneClusterImpl-d4f86b9a-5145-424e-a2a6-5719e876ec3b/datanode-0/data/ratis/ec90bfde-bfa9-4e32-b4b0-f22bce6f37d8 has been successfully formatted.
2019-09-18 13:05:14,327 [pool-592-thread-1] INFO  ratis.ContainerStateMachine (ContainerStateMachine.java:loadSnapshot(230)) - group-F22BCE6F37D8: The snapshot info is null. Setting the last applied indexto:(t:0, i:~)
2019-09-18 13:05:14,327 [pool-592-thread-1] INFO  server.RaftServerConfigKeys (ConfUtils.java:logGet(43)) - raft.server.notification.no-leader.timeout = 120s (custom)
2019-09-18 13:05:14,327 [pool-592-thread-1] INFO  server.RaftServerConfigKeys (ConfUtils.java:logGet(43)) - raft.server.log.use.memory = false (default)
2019-09-18 13:05:14,328 [pool-592-thread-1] INFO  server.RaftServerConfigKeys (ConfUtils.java:logGet(43)) - raft.server.log.purge.gap = 1000000 (custom)
2019-09-18 13:05:14,328 [pool-592-thread-1] INFO  server.RaftServerConfigKeys (ConfUtils.java:logGet(43)) - raft.server.log.appender.buffer.byte-limit = 33554432 (custom)
2019-09-18 13:05:14,328 [pool-592-thread-1] INFO  server.RaftServerConfigKeys (ConfUtils.java:logGet(43)) - raft.server.log.segment.size.max = 1048576 (custom)
2019-09-18 13:05:14,328 [pool-592-thread-1] INFO  server.RaftServerConfigKeys (ConfUtils.java:logGet(43)) - raft.server.log.segment.cache.num.max = 2 (custom)
2019-09-18 13:05:14,328 [pool-592-thread-1] INFO  segmented.SegmentedRaftLogWorker (SegmentedRaftLogWorker.java:<init>(172)) - new dd0a3b65-d36c-4f93-b232-3c8e6f6667b6@group-F22BCE6F37D8-SegmentedRaftLogWorker for RaftStorage:Storage Directory /workdir/hadoop-ozone/integration-test/target/test-dir/MiniOzoneClusterImpl-d4f86b9a-5145-424e-a2a6-5719e876ec3b/datanode-0/data/ratis/ec90bfde-bfa9-4e32-b4b0-f22bce6f37d8
2019-09-18 13:05:14,328 [pool-592-thread-1] INFO  server.RaftServerConfigKeys (ConfUtils.java:logGet(43)) - raft.server.log.queue.byte-limit = 2147483647 (custom)
2019-09-18 13:05:14,328 [pool-592-thread-1] INFO  server.RaftServerConfigKeys (ConfUtils.java:logGet(43)) - raft.server.log.queue.element-limit = 1024 (custom)
2019-09-18 13:05:14,329 [pool-592-thread-1] INFO  server.RaftServerConfigKeys (ConfUtils.java:logGet(43)) - raft.server.log.segment.size.max = 1048576 (custom)
2019-09-18 13:05:14,329 [pool-592-thread-1] INFO  server.RaftServerConfigKeys (ConfUtils.java:logGet(43)) - raft.server.log.preallocated.size = 16384 (custom)
2019-09-18 13:05:14,329 [pool-592-thread-1] INFO  server.RaftServerConfigKeys (ConfUtils.java:logGet(43)) - raft.server.log.write.buffer.size = 33554432 (custom)
2019-09-18 13:05:14,329 [pool-592-thread-1] INFO  server.RaftServerConfigKeys (ConfUtils.java:logGet(43)) - raft.server.log.force.sync.num = 128 (default)
2019-09-18 13:05:14,329 [pool-592-thread-1] INFO  server.RaftServerConfigKeys (ConfUtils.java:logGet(43)) - raft.server.log.statemachine.data.sync = true (default)
2019-09-18 13:05:14,329 [pool-592-thread-1] INFO  server.RaftServerConfigKeys (ConfUtils.java:logGet(43)) - raft.server.log.statemachine.data.sync.timeout = 10s (default)
2019-09-18 13:05:14,329 [pool-592-thread-1] INFO  server.RaftServerConfigKeys (ConfUtils.java:logGet(43)) - raft.server.log.statemachine.data.sync.timeout.retry = -1 (default)
2019-09-18 13:05:14,329 [pool-592-thread-1] INFO  server.RaftServerConfigKeys (ConfUtils.java:logGet(43)) - raft.server.log.statemachine.data.caching.enabled = true (custom)
2019-09-18 13:05:14,330 [pool-592-thread-1] INFO  segmented.SegmentedRaftLogWorker (SegmentedRaftLogWorker.java:lambda$new$0(132)) - dd0a3b65-d36c-4f93-b232-3c8e6f6667b6@group-F22BCE6F37D8-SegmentedRaftLogWorker: flushIndex: setUnconditionally 0 -> -1
2019-09-18 13:05:14,330 [pool-592-thread-1] INFO  server.RaftServerConfigKeys (ConfUtils.java:logGet(43)) - raft.server.snapshot.auto.trigger.enabled = true (custom)
2019-09-18 13:05:14,330 [pool-592-thread-1] INFO  server.RaftServerConfigKeys (ConfUtils.java:logGet(43)) - raft.server.snapshot.auto.trigger.threshold = 10000 (custom)
2019-09-18 13:05:14,330 [pool-592-thread-1] INFO  server.RaftServerConfigKeys (ConfUtils.java:logGet(43)) - raft.server.snapshot.retention.num.files = 5 (custom)
2019-09-18 13:05:14,330 [pool-592-thread-1] INFO  server.RaftServerConfigKeys (ConfUtils.java:logGet(43)) - raft.server.retrycache.expirytime = 600000ms (custom)
2019-09-18 13:05:14,345 [pool-7-thread-1] INFO  commands.RetriableDatanodeEventWatcher (RetriableDatanodeEventWatcher.java:onTimeout(47)) - RetriableDatanodeCommand type=deleteBlocksCommand with id=1568811902481 timed out. Retrying.
2019-09-18 13:05:14,353 [pool-7-thread-3] INFO  commands.RetriableDatanodeEventWatcher (RetriableDatanodeEventWatcher.java:onTimeout(47)) - RetriableDatanodeCommand type=deleteBlocksCommand with id=1568811902491 timed out. Retrying.
2019-09-18 13:05:14,353 [pool-7-thread-4] INFO  commands.RetriableDatanodeEventWatcher (RetriableDatanodeEventWatcher.java:onTimeout(47)) - RetriableDatanodeCommand type=deleteBlocksCommand with id=1568811902432 timed out. Retrying.
2019-09-18 13:05:14,353 [pool-7-thread-2] INFO  commands.RetriableDatanodeEventWatcher (RetriableDatanodeEventWatcher.java:onTimeout(47)) - RetriableDatanodeCommand type=deleteBlocksCommand with id=1568811902422 timed out. Retrying.
2019-09-18 13:05:14,355 [pool-592-thread-1] INFO  impl.RaftServerImpl (RaftServerImpl.java:start(185)) - dd0a3b65-d36c-4f93-b232-3c8e6f6667b6@group-F22BCE6F37D8: start as a follower, conf=-1: [dd0a3b65-d36c-4f93-b232-3c8e6f6667b6:192.168.69.108:41901], old=null
2019-09-18 13:05:14,356 [pool-592-thread-1] INFO  impl.RaftServerImpl (RaftServerImpl.java:setRole(174)) - dd0a3b65-d36c-4f93-b232-3c8e6f6667b6@group-F22BCE6F37D8: changes role from      null to FOLLOWER at term 0 for startAsFollower
2019-09-18 13:05:14,356 [pool-592-thread-1] INFO  impl.RoleInfo (RoleInfo.java:updateAndGet(143)) - dd0a3b65-d36c-4f93-b232-3c8e6f6667b6: start FollowerState
2019-09-18 13:05:14,356 [pool-592-thread-1] INFO  util.JmxRegister (JmxRegister.java:tryRegister(44)) - Successfully registered JMX Bean with object name Ratis:service=RaftServer,group=group-F22BCE6F37D8,id=dd0a3b65-d36c-4f93-b232-3c8e6f6667b6
2019-09-18 13:05:14,362 [pool-7-thread-2] INFO  commands.RetriableDatanodeEventWatcher (RetriableDatanodeEventWatcher.java:onTimeout(47)) - RetriableDatanodeCommand type=deleteBlocksCommand with id=1568811902501 timed out. Retrying.
2019-09-18 13:05:14,362 [RatisPipelineUtilsThread] INFO  pipeline.PipelineStateManager (PipelineStateManager.java:addPipeline(56)) - Created pipeline Pipeline[ Id: ec90bfde-bfa9-4e32-b4b0-f22bce6f37d8, Nodes: dd0a3b65-d36c-4f93-b232-3c8e6f6667b6{ip: 192.168.69.108, host: pr-hdds-2141-4zm8s-3863693661, networkLocation: /default-rack, certSerialId: null}, Type:RATIS, Factor:ONE, State:OPEN]
2019-09-18 13:05:14,367 [pool-7-thread-2] INFO  commands.RetriableDatanodeEventWatcher (RetriableDatanodeEventWatcher.java:onTimeout(47)) - RetriableDatanodeCommand type=deleteBlocksCommand with id=1568811902442 timed out. Retrying.
2019-09-18 13:05:14,380 [pool-7-thread-4] INFO  commands.RetriableDatanodeEventWatcher (RetriableDatanodeEventWatcher.java:onTimeout(47)) - RetriableDatanodeCommand type=deleteBlocksCommand with id=1568811902452 timed out. Retrying.
2019-09-18 13:05:14,381 [pool-7-thread-2] INFO  commands.RetriableDatanodeEventWatcher (RetriableDatanodeEventWatcher.java:onTimeout(47)) - RetriableDatanodeCommand type=deleteBlocksCommand with id=1568811902511 timed out. Retrying.
2019-09-18 13:05:14,391 [pool-7-thread-2] INFO  commands.RetriableDatanodeEventWatcher (RetriableDatanodeEventWatcher.java:onTimeout(47)) - RetriableDatanodeCommand type=deleteBlocksCommand with id=1568811902462 timed out. Retrying.
2019-09-18 13:05:14,392 [pool-7-thread-2] INFO  commands.RetriableDatanodeEventWatcher (RetriableDatanodeEventWatcher.java:onTimeout(47)) - RetriableDatanodeCommand type=deleteBlocksCommand with id=1568811902521 timed out. Retrying.
2019-09-18 13:05:14,404 [SCMBlockDeletingService#1] DEBUG block.SCMBlockDeletingService (SCMBlockDeletingService.java:call(138)) - Running DeletedBlockTransactionScanner
2019-09-18 13:05:14,405 [SCMBlockDeletingService#1] DEBUG block.SCMBlockDeletingService (SCMBlockDeletingService.java:call(155)) - Scanned deleted blocks log and got 3 delTX to process.
2019-09-18 13:05:14,405 [SCMBlockDeletingService#1] DEBUG block.SCMBlockDeletingService (SCMBlockDeletingService.java:call(171)) - Added delete block command for datanode dd0a3b65-d36c-4f93-b232-3c8e6f6667b6 in the queue, number of delete block transactions: 3, TxID list: 1,2,3
2019-09-18 13:05:14,405 [SCMBlockDeletingService#1] INFO  block.SCMBlockDeletingService (SCMBlockDeletingService.java:call(182)) - Totally added 3 delete blocks command for 1 datanodes, task elapsed time: 1ms
2019-09-18 13:05:14,421 [pool-7-thread-2] INFO  commands.RetriableDatanodeEventWatcher (RetriableDatanodeEventWatcher.java:onTimeout(47)) - RetriableDatanodeCommand type=deleteBlocksCommand with id=1568811902472 timed out. Retrying.
2019-09-18 13:05:14,429 [pool-7-thread-2] INFO  commands.RetriableDatanodeEventWatcher (RetriableDatanodeEventWatcher.java:onTimeout(47)) - RetriableDatanodeCommand type=deleteBlocksCommand with id=1568811902413 timed out. Retrying.
2019-09-18 13:05:14,436 [pool-7-thread-2] INFO  commands.RetriableDatanodeEventWatcher (RetriableDatanodeEventWatcher.java:onTimeout(47)) - RetriableDatanodeCommand type=deleteBlocksCommand with id=1568811902482 timed out. Retrying.
2019-09-18 13:05:14,436 [pool-7-thread-4] INFO  commands.RetriableDatanodeEventWatcher (RetriableDatanodeEventWatcher.java:onTimeout(47)) - RetriableDatanodeCommand type=deleteBlocksCommand with id=1568811902423 timed out. Retrying.
2019-09-18 13:05:14,450 [pool-7-thread-4] INFO  commands.RetriableDatanodeEventWatcher (RetriableDatanodeEventWatcher.java:onTimeout(47)) - RetriableDatanodeCommand type=deleteBlocksCommand with id=1568811902492 timed out. Retrying.
2019-09-18 13:05:14,450 [pool-7-thread-4] INFO  commands.RetriableDatanodeEventWatcher (RetriableDatanodeEventWatcher.java:onTimeout(47)) - RetriableDatanodeCommand type=deleteBlocksCommand with id=1568811902433 timed out. Retrying.
2019-09-18 13:05:14,463 [pool-7-thread-4] INFO  commands.RetriableDatanodeEventWatcher (RetriableDatanodeEventWatcher.java:onTimeout(47)) - RetriableDatanodeCommand type=deleteBlocksCommand with id=1568811902502 timed out. Retrying.
2019-09-18 13:05:14,468 [pool-7-thread-4] INFO  commands.RetriableDatanodeEventWatcher (RetriableDatanodeEventWatcher.java:onTimeout(47)) - RetriableDatanodeCommand type=deleteBlocksCommand with id=1568811902443 timed out. Retrying.
2019-09-18 13:05:14,482 [pool-7-thread-4] INFO  commands.RetriableDatanodeEventWatcher (RetriableDatanodeEventWatcher.java:onTimeout(47)) - RetriableDatanodeCommand type=deleteBlocksCommand with id=1568811902512 timed out. Retrying.
2019-09-18 13:05:14,482 [pool-7-thread-2] INFO  commands.RetriableDatanodeEventWatcher (RetriableDatanodeEventWatcher.java:onTimeout(47)) - RetriableDatanodeCommand type=deleteBlocksCommand with id=1568811902453 timed out. Retrying.
2019-09-18 13:05:14,493 [pool-7-thread-2] INFO  commands.RetriableDatanodeEventWatcher (RetriableDatanodeEventWatcher.java:onTimeout(47)) - RetriableDatanodeCommand type=deleteBlocksCommand with id=1568811902522 timed out. Retrying.
2019-09-18 13:05:14,497 [pool-7-thread-2] INFO  commands.RetriableDatanodeEventWatcher (RetriableDatanodeEventWatcher.java:onTimeout(47)) - RetriableDatanodeCommand type=deleteBlocksCommand with id=1568811902463 timed out. Retrying.
2019-09-18 13:05:14,505 [SCMBlockDeletingService#0] DEBUG block.SCMBlockDeletingService (SCMBlockDeletingService.java:call(138)) - Running DeletedBlockTransactionScanner
2019-09-18 13:05:14,506 [SCMBlockDeletingService#0] DEBUG block.SCMBlockDeletingService (SCMBlockDeletingService.java:call(155)) - Scanned deleted blocks log and got 3 delTX to process.
2019-09-18 13:05:14,561 [pool-7-thread-2] INFO  commands.RetriableDatanodeEventWatcher (block.SCMBlockDeletingService (SCMBlockDeletingService.java:call(171)) - Added delete block command for datanode dd0a3b65-d36c-4f93-b232-3c8e6f6667b6 in the queue, number of delete block transactions: 3, TxID list: 1,2,3
2019-09-18 13:05:14,561 [pool-7-thread-2] INFO  commands.RetriableDatanodeEventWatcher (RetriableDatanodeEventWatcher.java:onTimeout(47)) - RetriableDatanodeCommand type=deleteBlocksCommand with id=1568811902483 timed out. Retrying.
2019-09-18 13:05:14,567 [pool-7-thread-6] INFO  commands.RetriableDatanodeEventWatcher (RetriableDatanodeEventWatcher.java:onTimeout(47)) - RetriableDatanodeCommand type=deleteBlocksCommand with id=1568811902434 timed out. Retrying.
2019-09-18 13:05:14,567 [SCMBlockDeletingService#0] INFO  block.SCMBlockDeletingService (RetriableDatanodeEventWatcher.java:onTimeout(47)) - RetriableDatanodeCommand type=deleteBlocksCommand with id=1568811902473 timed out. Retrying.
SCMBlockDeletingService.java:call(182)) - Totally added 3 delete blocks command for 1 datanodes, task elapsed time: 62ms
2019-09-18 13:05:14,567 [pool-7-thread-3] INFO  commands.RetriableDatanodeEventWatcher (RetriableDatanodeEventWatcher.java:onTimeout(47)) - RetriableDatanodeCommand type=deleteBlocksCommand with id=1568811902473 timed out. Retrying.
2019-09-18 13:05:14,568 [pool-7-thread-1] INFO  commands.RetriableDatanodeEventWatcher (RetriableDatanodeEventWatcher.java:onTimeout(47)) - RetriableDatanodeCommand type=deleteBlocksCommand with id=1568811902424 timed out. Retrying.
2019-09-18 13:05:14,568 [pool-7-thread-4] INFO  commands.RetriableDatanodeEventWatcher (RetriableDatanodeEventWatcher.java:onTimeout(47)) - RetriableDatanodeCommand type=deleteBlocksCommand with id=1568811902493 timed out. Retrying.
2019-09-18 13:05:14,568 [pool-7-thread-7] INFO  commands.RetriableDatanodeEventWatcher (RetriableDatanodeEventWatcher.java:onTimeout(47)) - RetriableDatanodeCommand type=deleteBlocksCommand with id=1568811902444 timed out. Retrying.
2019-09-18 13:05:14,568 [pool-7-thread-5] INFO  commands.RetriableDatanodeEventWatcher (RetriableDatanodeEventWatcher.java:onTimeout(47)) - RetriableDatanodeCommand type=deleteBlocksCommand with id=1568811902414 timed out. Retrying.
2019-09-18 13:05:14,569 [pool-7-thread-5] INFO  commands.RetriableDatanodeEventWatcher (RetriableDatanodeEventWatcher.java:onTimeout(47)) - RetriableDatanodeCommand type=deleteBlocksCommand with id=1568811902503 timed out. Retrying.
2019-09-18 13:05:14,582 [pool-7-thread-5] INFO  commands.RetriableDatanodeEventWatcher (RetriableDatanodeEventWatcher.java:onTimeout(47)) - RetriableDatanodeCommand type=deleteBlocksCommand with id=1568811902513 timed out. Retrying.
2019-09-18 13:05:14,584 [pool-7-thread-5] INFO  commands.RetriableDatanodeEventWatcher (RetriableDatanodeEventWatcher.java:onTimeout(47)) - RetriableDatanodeCommand type=deleteBlocksCommand with id=1568811902454 timed out. Retrying.
2019-09-18 13:05:14,594 [pool-7-thread-5] INFO  commands.RetriableDatanodeEventWatcher (RetriableDatanodeEventWatcher.java:onTimeout(47)) - RetriableDatanodeCommand type=deleteBlocksCommand with id=1568811902464 timed out. Retrying.
2019-09-18 13:05:14,596 [pool-7-thread-5] INFO  commands.RetriableDatanodeEventWatcher (RetriableDatanodeEventWatcher.java:onTimeout(47)) - RetriableDatanodeCommand type=deleteBlocksCommand with id=1568811902523 timed out. Retrying.
2019-09-18 13:05:14,624 [pool-7-thread-5] INFO  commands.RetriableDatanodeEventWatcher (RetriableDatanodeEventWatcher.java:onTimeout(47)) - RetriableDatanodeCommand type=deleteBlocksCommand with id=1568811902474 timed out. Retrying.
2019-09-18 13:05:14,624 [pool-7-thread-7] INFO  commands.RetriableDatanodeEventWatcher (RetriableDatanodeEventWatcher.java:onTimeout(47)) - RetriableDatanodeCommand type=deleteBlocksCommand with id=1568811902415 timed out. Retrying.
2019-09-18 13:05:14,638 [pool-7-thread-7] INFO  commands.RetriableDatanodeEventWatcher (RetriableDatanodeEventWatcher.java:onTimeout(47)) - RetriableDatanodeCommand type=deleteBlocksCommand with id=1568811902484 timed out. Retrying.
2019-09-18 13:05:14,638 [pool-7-thread-5] INFO  commands.RetriableDatanodeEventWatcher (RetriableDatanodeEventWatcher.java:onTimeout(47)) - RetriableDatanodeCommand type=deleteBlocksCommand with id=1568811902425 timed out. Retrying.
2019-09-18 13:05:14,653 [pool-7-thread-5] INFO  commands.RetriableDatanodeEventWatcher (RetriableDatanodeEventWatcher.java:onTimeout(47)) - RetriableDatanodeCommand type=deleteBlocksCommand with id=1568811902494 timed out. Retrying.
2019-09-18 13:05:14,656 [pool-7-thread-5] INFO  commands.RetriableDatanodeEventWatcher (RetriableDatanodeEventWatcher.java:onTimeout(47)) - RetriableDatanodeCommand type=deleteBlocksCommand with id=1568811902435 timed out. Retrying.
2019-09-18 13:05:14,667 [pool-7-thread-5] INFO  commands.RetriableDatanodeEventWatcher (RetriableDatanodeEventWatcher.java:onTimeout(47)) - RetriableDatanodeCommand type=deleteBlocksCommand with id=1568811902445 timed out. Retrying.
2019-09-18 13:05:14,668 [SCMBlockDeletingService#0] DEBUG block.SCMBlockDeletingService (SCMBlockDeletingService.java:call(138)) - Running DeletedBlockTransactionScanner
2019-09-18 13:05:14,669 [SCMBlockDeletingService#0] DEBUG block.SCMBlockDeletingService (SCMBlockDeletingService.java:call(155)) - Scanned deleted blocks log and got 3 delTX to process.
2019-09-18 13:05:14,669 [SCMBlockDeletingService#0] DEBUG block.SCMBlockDeletingService (SCMBlockDeletingService.java:call(171)) - Added delete block command for datanode dd0a3b65-d36c-4f93-b232-3c8e6f6667b6 in the queue, number of delete block transactions: 3, TxID list: 1,2,3
2019-09-18 13:05:14,670 [SCMBlockDeletingService#0] INFO  block.SCMBlockDeletingService (SCMBlockDeletingService.java:call(182)) - Totally added 3 delete blocks command for 1 datanodes, task elapsed time: 2ms
2019-09-18 13:05:14,670 [pool-7-thread-5] INFO  commands.RetriableDatanodeEventWatcher (RetriableDatanodeEventWatcher.java:onTimeout(47)) - RetriableDatanodeCommand type=deleteBlocksCommand with id=1568811902504 timed out. Retrying.
2019-09-18 13:05:14,685 [pool-7-thread-7] INFO  commands.RetriableDatanodeEventWatcher (RetriableDatanodeEventWatcher.java:onTimeout(47)) - RetriableDatanodeCommand type=deleteBlocksCommand with id=1568811902455 timed out. Retrying.
2019-09-18 13:05:14,685 [pool-7-thread-5] INFO  commands.RetriableDatanodeEventWatcher (RetriableDatanodeEventWatcher.java:onTimeout(47)) - RetriableDatanodeCommand type=deleteBlocksCommand with id=1568811902514 timed out. Retrying.
2019-09-18 13:05:14,697 [pool-7-thread-7] INFO  commands.RetriableDatanodeEventWatcher (RetriableDatanodeEventWatcher.java:onTimeout(47)) - RetriableDatanodeCommand type=deleteBlocksCommand with id=1568811902524 timed out. Retrying.
2019-09-18 13:05:14,697 [pool-7-thread-5] INFO  commands.RetriableDatanodeEventWatcher (RetriableDatanodeEventWatcher.java:onTimeout(47)) - RetriableDatanodeCommand type=deleteBlocksCommand with id=1568811902465 timed out. Retrying.
2019-09-18 13:05:14,726 [pool-7-thread-5] INFO  commands.RetriableDatanodeEventWatcher (RetriableDatanodeEventWatcher.java:onTimeout(47)) - RetriableDatanodeCommand type=deleteBlocksCommand with id=1568811902475 timed out. Retrying.
2019-09-18 13:05:14,727 [pool-7-thread-7] INFO  commands.RetriableDatanodeEventWatcher (RetriableDatanodeEventWatcher.java:onTimeout(47)) - RetriableDatanodeCommand type=deleteBlocksCommand with id=1568811902416 timed out. Retrying.
2019-09-18 13:05:14,739 [pool-7-thread-7] INFO  commands.RetriableDatanodeEventWatcher (RetriableDatanodeEventWatcher.java:onTimeout(47)) - RetriableDatanodeCommand type=deleteBlocksCommand with id=1568811902485 timed out. Retrying.
2019-09-18 13:05:14,742 [pool-7-thread-7] INFO  commands.RetriableDatanodeEventWatcher (RetriableDatanodeEventWatcher.java:onTimeout(47)) - RetriableDatanodeCommand type=deleteBlocksCommand with id=1568811902426 timed out. Retrying.
2019-09-18 13:05:14,753 [pool-7-thread-7] INFO  commands.RetriableDatanodeEventWatcher (RetriableDatanodeEventWatcher.java:onTimeout(47)) - RetriableDatanodeCommand type=deleteBlocksCommand with id=1568811902495 timed out. Retrying.
2019-09-18 13:05:14,756 [pool-7-thread-7] INFO  commands.RetriableDatanodeEventWatcher (RetriableDatanodeEventWatcher.java:onTimeout(47)) - RetriableDatanodeCommand type=deleteBlocksCommand with id=1568811902436 timed out. Retrying.
2019-09-18 13:05:14,769 [pool-7-thread-7] INFO  commands.RetriableDatanodeEventWatcher (RetriableDatanodeEventWatcher.java:onTimeout(47)) - RetriableDatanodeCommand type=deleteBlocksCommand with id=1568811902446 timed out. Retrying.
2019-09-18 13:05:14,770 [SCMBlockDeletingService#0] DEBUG block.SCMBlockDeletingService (SCMBlockDeletingService.java:call(138)) - Running DeletedBlockTransactionScanner
2019-09-18 13:05:14,771 [SCMBlockDeletingService#0] DEBUG block.SCMBlockDeletingService (SCMBlockDeletingService.java:call(155)) - Scanned deleted blocks log and got 3 delTX to process.
2019-09-18 13:05:14,771 [SCMBlockDeletingService#0] DEBUG block.SCMBlockDeletingService (SCMBlockDeletingService.java:call(171)) - Added delete block command for datanode dd0a3b65-d36c-4f93-b232-3c8e6f6667b6 in the queue, number of delete block transactions: 3, TxID list: 1,2,3
2019-09-18 13:05:14,771 [pool-7-thread-7] INFO  commands.RetriableDatanodeEventWatcher (RetriableDatanodeEventWatcher.java:onTimeout(47)) - RetriableDatanodeCommand type=deleteBlocksCommand with id=1568811902505 timed out. Retrying.
2019-09-18 13:05:14,771 [SCMBlockDeletingService#0] INFO  block.SCMBlockDeletingService (SCMBlockDeletingService.java:call(182)) - Totally added 3 delete blocks command for 1 datanodes, task elapsed time: 1ms
2019-09-18 13:05:14,785 [pool-7-thread-7] INFO  commands.RetriableDatanodeEventWatcher (RetriableDatanodeEventWatcher.java:onTimeout(47)) - RetriableDatanodeCommand type=deleteBlocksCommand with id=1568811902515 timed out. Retrying.
2019-09-18 13:05:14,786 [pool-7-thread-7] INFO  commands.RetriableDatanodeEventWatcher (RetriableDatanodeEventWatcher.java:onTimeout(47)) - RetriableDatanodeCommand type=deleteBlocksCommand with id=1568811902456 timed out. Retrying.
2019-09-18 13:05:14,797 [pool-7-thread-7] INFO  commands.RetriableDatanodeEventWatcher (RetriableDatanodeEventWatcher.java:onTimeout(47)) - RetriableDatanodeCommand type=deleteBlocksCommand with id=1568811902466 timed out. Retrying.
2019-09-18 13:05:14,797 [pool-7-thread-5] INFO  commands.RetriableDatanodeEventWatcher (RetriableDatanodeEventWatcher.java:onTimeout(47)) - RetriableDatanodeCommand type=deleteBlocksCommand with id=1568811902525 timed out. Retrying.
2019-09-18 13:05:14,829 [pool-7-thread-7] INFO  commands.RetriableDatanodeEventWatcher (RetriableDatanodeEventWatcher.java:onTimeout(47)) - RetriableDatanodeCommand type=deleteBlocksCommand with id=1568811902417 timed out. Retrying.
2019-09-18 13:05:14,829 [pool-7-thread-5] INFO  commands.RetriableDatanodeEventWatcher (RetriableDatanodeEventWatcher.java:onTimeout(47)) - RetriableDatanodeCommand type=deleteBlocksCommand with id=1568811902476 timed out. Retrying.
2019-09-18 13:05:14,840 [pool-7-thread-5] INFO  commands.RetriableDatanodeEventWatcher (RetriableDatanodeEventWatcher.java:onTimeout(47)) - RetriableDatanodeCommand type=deleteBlocksCommand with id=1568811902486 timed out. Retrying.
2019-09-18 13:05:14,842 [pool-7-thread-5] INFO  commands.RetriableDatanodeEventWatcher (RetriableDatanodeEventWatcher.java:onTimeout(47)) - RetriableDatanodeCommand type=deleteBlocksCommand with id=1568811902427 timed out. Retrying.
2019-09-18 13:05:14,855 [pool-7-thread-5] INFO  commands.RetriableDatanodeEventWatcher (RetriableDatanodeEventWatcher.java:onTimeout(47)) - RetriableDatanodeCommand type=deleteBlocksCommand with id=1568811902496 timed out. Retrying.
2019-09-18 13:05:14,858 [pool-7-thread-5] INFO  commands.RetriableDatanodeEventWatcher (RetriableDatanodeEventWatcher.java:onTimeout(47)) - RetriableDatanodeCommand type=deleteBlocksCommand with id=1568811902437 timed out. Retrying.
2019-09-18 13:05:14,868 [pool-7-thread-5] INFO  commands.RetriableDatanodeEventWatcher (RetriableDatanodeEventWatcher.java:onTimeout(47)) - RetriableDatanodeCommand type=deleteBlocksCommand with id=1568811902447 timed out. Retrying.
2019-09-18 13:05:14,872 [SCMBlockDeletingService#0] DEBUG block.SCMBlockDeletingService (SCMBlockDeletingService.java:call(138)) - Running DeletedBlockTransactionScanner
2019-09-18 13:05:14,872 [SCMBlockDeletingService#0] DEBUG block.SCMBlockDeletingService (SCMBlockDeletingService.java:call(155)) - Scanned deleted blocks log and got 3 delTX to process.
2019-09-18 13:05:14,873 [SCMBlockDeletingService#0] DEBUG block.SCMBlockDeletingService (SCMBlockDeletingService.java:call(171)) - Added delete block command for datanode dd0a3b65-d36c-4f93-b232-3c8e6f6667b6 in the queue, number of delete block transactions: 3, TxID list: 1,2,3
2019-09-18 13:05:14,873 [SCMBlockDeletingService#0] INFO  block.SCMBlockDeletingService (SCMBlockDeletingService.java:call(182)) - Totally added 3 delete blocks command for 1 datanodes, task elapsed time: 1ms
2019-09-18 13:05:14,875 [pool-7-thread-5] INFO  commands.RetriableDatanodeEventWatcher (RetriableDatanodeEventWatcher.java:onTimeout(47)) - RetriableDatanodeCommand type=deleteBlocksCommand with id=1568811902506 timed out. Retrying.
2019-09-18 13:05:14,885 [pool-7-thread-7] INFO  commands.RetriableDatanodeEventWatcher (RetriableDatanodeEventWatcher.java:onTimeout(47)) - RetriableDatanodeCommand type=deleteBlocksCommand with id=1568811902457 timed out. Retrying.
2019-09-18 13:05:14,886 [pool-7-thread-5] INFO  commands.RetriableDatanodeEventWatcher (RetriableDatanodeEventWatcher.java:onTimeout(47)) - RetriableDatanodeCommand type=deleteBlocksCommand with id=1568811902516 timed out. Retrying.
2019-09-18 13:05:14,899 [pool-7-thread-5] INFO  commands.RetriableDatanodeEventWatcher (RetriableDatanodeEventWatcher.java:onTimeout(47)) - RetriableDatanodeCommand type=deleteBlocksCommand with id=1568811902467 timed out. Retrying.
2019-09-18 13:05:14,899 [pool-7-thread-7] INFO  commands.RetriableDatanodeEventWatcher (RetriableDatanodeEventWatcher.java:onTimeout(47)) - RetriableDatanodeCommand type=deleteBlocksCommand with id=1568811902526 timed out. Retrying.
2019-09-18 13:05:14,928 [pool-7-thread-5] INFO  commands.RetriableDatanodeEventWatcher (RetriableDatanodeEventWatcher.java:onTimeout(47)) - RetriableDatanodeCommand type=deleteBlocksCommand with id=1568811902418 timed out. Retrying.
2019-09-18 13:05:14,928 [pool-7-thread-7] INFO  commands.RetriableDatanodeEventWatcher (RetriableDatanodeEventWatcher.java:onTimeout(47)) - RetriableDatanodeCommand type=deleteBlocksCommand with id=1568811902477 timed out. Retrying.
2019-09-18 13:05:14,943 [pool-7-thread-7] INFO  commands.RetriableDatanodeEventWatcher (RetriableDatanodeEventWatcher.java:onTimeout(47)) - RetriableDatanodeCommand type=deleteBlocksCommand with id=1568811902487 timed out. Retrying.
2019-09-18 13:05:14,943 [pool-7-thread-5] INFO  commands.RetriableDatanodeEventWatcher (RetriableDatanodeEventWatcher.java:onTimeout(47)) - RetriableDatanodeCommand type=deleteBlocksCommand with id=1568811902428 timed out. Retrying.
2019-09-18 13:05:14,958 [pool-7-thread-5] INFO  commands.RetriableDatanodeEventWatcher (RetriableDatanodeEventWatcher.java:onTimeout(47)) - RetriableDatanodeCommand type=deleteBlocksCommand with id=1568811902497 timed out. Retrying.
2019-09-18 13:05:14,958 [pool-7-thread-5] INFO  commands.RetriableDatanodeEventWatcher (RetriableDatanodeEventWatcher.java:onTimeout(47)) - RetriableDatanodeCommand type=deleteBlocksCommand with id=1568811902438 timed out. Retrying.
2019-09-18 13:05:14,972 [pool-7-thread-5] INFO  commands.RetriableDatanodeEventWatcher (RetriableDatanodeEventWatcher.java:onTimeout(47)) - RetriableDatanodeCommand type=deleteBlocksCommand with id=1568811902448 timed out. Retrying.
2019-09-18 13:05:14,973 [SCMBlockDeletingService#0] DEBUG block.SCMBlockDeletingService (SCMBlockDeletingService.java:call(138)) - Running DeletedBlockTransactionScanner
2019-09-18 13:05:14,974 [SCMBlockDeletingService#0] DEBUG block.SCMBlockDeletingService (SCMBlockDeletingService.java:call(155)) - Scanned deleted blocks log and got 3 delTX to process.
2019-09-18 13:05:14,974 [SCMBlockDeletingService#0] DEBUG block.SCMBlockDeletingService (SCMBlockDeletingService.java:call(171)) - Added delete block command for datanode dd0a3b65-d36c-4f93-b232-3c8e6f6667b6 in the queue, number of delete block transactions: 3, TxID list: 1,2,3
2019-09-18 13:05:14,974 [pool-7-thread-5] INFO  commands.RetriableDatanodeEventWatcher (RetriableDatanodeEventWatcher.java:onTimeout(47)) - RetriableDatanodeCommand type=deleteBlocksCommand with id=1568811902507 timed out. Retrying.
2019-09-18 13:05:14,974 [SCMBlockDeletingService#0] INFO  block.SCMBlockDeletingService (SCMBlockDeletingService.java:call(182)) - Totally added 3 delete blocks command for 1 datanodes, task elapsed time: 1ms
2019-09-18 13:05:14,985 [pool-7-thread-5] INFO  commands.RetriableDatanodeEventWatcher (RetriableDatanodeEventWatcher.java:onTimeout(47)) - RetriableDatanodeCommand type=deleteBlocksCommand with id=1568811902458 timed out. Retrying.
2019-09-18 13:05:14,988 [pool-7-thread-5] INFO  commands.RetriableDatanodeEventWatcher (RetriableDatanodeEventWatcher.java:onTimeout(47)) - RetriableDatanodeCommand type=deleteBlocksCommand with id=1568811902517 timed out. Retrying.
2019-09-18 13:05:15,000 [pool-7-thread-5] INFO  commands.RetriableDatanodeEventWatcher (RetriableDatanodeEventWatcher.java:onTimeout(47)) - RetriableDatanodeCommand type=deleteBlocksCommand with id=1568811902468 timed out. Retrying.
2019-09-18 13:05:15,001 [pool-7-thread-7] INFO  commands.RetriableDatanodeEventWatcher (RetriableDatanodeEventWatcher.java:onTimeout(47)) - RetriableDatanodeCommand type=deleteBlocksCommand with id=1568811902527 timed out. Retrying.
2019-09-18 13:05:15,030 [pool-7-thread-5] INFO  commands.RetriableDatanodeEventWatcher (RetriableDatanodeEventWatcher.java:onTimeout(47)) - RetriableDatanodeCommand type=deleteBlocksCommand with id=1568811902419 timed out. Retrying.
2019-09-18 13:05:15,030 [pool-7-thread-7] INFO  commands.RetriableDatanodeEventWatcher (RetriableDatanodeEventWatcher.java:onTimeout(47)) - RetriableDatanodeCommand type=deleteBlocksCommand with id=1568811902478 timed out. Retrying.
2019-09-18 13:05:15,043 [pool-7-thread-7] INFO  commands.RetriableDatanodeEventWatcher (RetriableDatanodeEventWatcher.java:onTimeout(47)) - RetriableDatanodeCommand type=deleteBlocksCommand with id=1568811902488 timed out. Retrying.
2019-09-18 13:05:15,049 [pool-7-thread-7] INFO  commands.RetriableDatanodeEventWatcher (RetriableDatanodeEventWatcher.java:onTimeout(47)) - RetriableDatanodeCommand type=deleteBlocksCommand with id=1568811902429 timed out. Retrying.
2019-09-18 13:05:15,057 [pool-7-thread-7] INFO  commands.RetriableDatanodeEventWatcher (RetriableDatanodeEventWatcher.java:onTimeout(47)) - RetriableDatanodeCommand type=deleteBlocksCommand with id=1568811902439 timed out. Retrying.
2019-09-18 13:05:15,060 [pool-7-thread-7] INFO  commands.RetriableDatanodeEventWatcher (RetriableDatanodeEventWatcher.java:onTimeout(47)) - RetriableDatanodeCommand type=deleteBlocksCommand with id=1568811902498 timed out. Retrying.
2019-09-18 13:05:15,071 [pool-7-thread-7] INFO  commands.RetriableDatanodeEventWatcher (RetriableDatanodeEventWatcher.java:onTimeout(47)) - RetriableDatanodeCommand type=deleteBlocksCommand with id=1568811902449 timed out. Retrying.
2019-09-18 13:05:15,075 [SCMBlockDeletingService#0] DEBUG block.SCMBlockDeletingService (SCMBlockDeletingService.java:call(138)) - Running DeletedBlockTransactionScanner
2019-09-18 13:05:15,075 [SCMBlockDeletingService#0] DEBUG block.SCMBlockDeletingService (SCMBlockDeletingService.java:call(155)) - Scanned deleted blocks log and got 3 delTX to process.
2019-09-18 13:05:15,075 [SCMBlockDeletingService#0] DEBUG block.SCMBlockDeletingService (SCMBlockDeletingService.java:call(171)) - Added delete block command for datanode dd0a3b65-d36c-4f93-b232-3c8e6f6667b6 in the queue, number of delete block transactions: 3, TxID list: 1,2,3
2019-09-18 13:05:15,076 [SCMBlockDeletingService#0] INFO  block.SCMBlockDeletingService (SCMBlockDeletingService.java:call(182)) - Totally added 3 delete blocks command for 1 datanodes, task elapsed time: 2ms
2019-09-18 13:05:15,077 [pool-7-thread-7] INFO  commands.RetriableDatanodeEventWatcher (RetriableDatanodeEventWatcher.java:onTimeout(47)) - RetriableDatanodeCommand type=deleteBlocksCommand with id=1568811902508 timed out. Retrying.
2019-09-18 13:05:15,088 [pool-7-thread-7] INFO  commands.RetriableDatanodeEventWatcher (RetriableDatanodeEventWatcher.java:onTimeout(47)) - RetriableDatanodeCommand type=deleteBlocksCommand with id=1568811902518 timed out. Retrying.
2019-09-18 13:05:15,089 [pool-7-thread-7] INFO  commands.RetriableDatanodeEventWatcher (RetriableDatanodeEventWatcher.java:onTimeout(47)) - RetriableDatanodeCommand type=deleteBlocksCommand with id=1568811902459 timed out. Retrying.
2019-09-18 13:05:15,102 [pool-7-thread-7] INFO  commands.RetriableDatanodeEventWatcher (RetriableDatanodeEventWatcher.java:onTimeout(47)) - RetriableDatanodeCommand type=deleteBlocksCommand with id=1568811902528 timed out. Retrying.
2019-09-18 13:05:15,103 [pool-7-thread-7] INFO  commands.RetriableDatanodeEventWatcher (RetriableDatanodeEventWatcher.java:onTimeout(47)) - RetriableDatanodeCommand type=deleteBlocksCommand with id=1568811902469 timed out. Retrying.
2019-09-18 13:05:15,131 [pool-7-thread-7] INFO  commands.RetriableDatanodeEventWatcher (RetriableDatanodeEventWatcher.java:onTimeout(47)) - RetriableDatanodeCommand type=deleteBlocksCommand with id=1568811902479 timed out. Retrying.
2019-09-18 13:05:15,134 [pool-7-thread-7] INFO  commands.RetriableDatanodeEventWatcher (RetriableDatanodeEventWatcher.java:onTimeout(47)) - RetriableDatanodeCommand type=deleteBlocksCommand with id=1568811902420 timed out. Retrying.
2019-09-18 13:05:15,142 [pool-7-thread-7] INFO  commands.RetriableDatanodeEventWatcher (RetriableDatanodeEventWatcher.java:onTimeout(47)) - RetriableDatanodeCommand type=deleteBlocksCommand with id=1568811902430 timed out. Retrying.
2019-09-18 13:05:15,146 [pool-7-thread-7] INFO  commands.RetriableDatanodeEventWatcher (RetriableDatanodeEventWatcher.java:onTimeout(47)) - RetriableDatanodeCommand type=deleteBlocksCommand with id=1568811902489 timed out. Retrying.
2019-09-18 13:05:15,160 [pool-7-thread-7] INFO  commands.RetriableDatanodeEventWatcher (RetriableDatanodeEventWatcher.java:onTimeout(47)) - RetriableDatanodeCommand type=deleteBlocksCommand with id=1568811902499 timed out. Retrying.
2019-09-18 13:05:15,163 [pool-7-thread-7] INFO  commands.RetriableDatanodeEventWatcher (RetriableDatanodeEventWatcher.java:onTimeout(47)) - RetriableDatanodeCommand type=deleteBlocksCommand with id=1568811902440 timed out. Retrying.
2019-09-18 13:05:15,227 [pool-7-thread-7] INFO  commands.RetriableDatanodeEventWatcher (SCMBlockDeletingService.java:call(138)) - Running DeletedBlockTransactionScanner
2019-09-18 13:05:15,227 [pool-7-thread-7] INFO  commands.RetriableDatanodeEventWatcher (RetriableDatanodeEventWatcher.java:onTimeout(47)) - RetriableDatanodeCommand type=deleteBlocksCommand with id=1568811902470 timed out. Retrying.
2019-09-18 13:05:15,228 [pool-7-thread-1] INFO  commands.RetriableDatanodeEventWatcher (RetriableDatanodeEventWatcher.java:onTimeout(47)) - RetriableDatanodeCommand type=deleteBlocksCommand with id=1568811902529 timed out. Retrying.
2019-09-18 13:05:15,228 [SCMBlockDeletingService#0] DEBUG block.SCMBlockDeletingService (SCMBlockDeletingService.java:call(155)) - Scanned deleted blocks log and got 3 delTX to process.
2019-09-18 13:05:15,228 [SCMBlockDeletingService#0] DEBUG block.SCMBlockDeletingService (SCMBlockDeletingService.java:call(171)) - Added delete block command for datanode dd0a3b65-d36c-4f93-b232-3c8e6f6667b6 in the queue, number of delete block transactions: 3, TxID list: 1,2,3
2019-09-18 13:05:15,228 [pool-7-thread-6] INFO  commands.RetriableDatanodeEventWatcher (RetriableDatanodeEventWatcher.java:onTimeout(47)) - RetriableDatanodeCommand type=deleteBlocksCommand with id=1568811902460 timed out. Retrying.
2019-09-18 13:05:15,228 [SCMBlockDeletingService#0] INFO  block.SCMBlockDeletingService (RetriableDatanodeEventWatcher.java:onTimeout(47)) - RetriableDatanodeCommand type=deleteBlocksCommand with id=1568811902450 timed out. Retrying.
SCMBlockDeletingService.java:call(182)) - Totally added 3 delete blocks command for 1 datanodes, task elapsed time: 1ms
2019-09-18 13:05:15,228 [pool-7-thread-3] INFO  commands.RetriableDatanodeEventWatcher (RetriableDatanodeEventWatcher.java:onTimeout(47)) - RetriableDatanodeCommand type=deleteBlocksCommand with id=1568811902450 timed out. Retrying.
2019-09-18 13:05:15,229 [pool-7-thread-4] INFO  commands.RetriableDatanodeEventWatcher (RetriableDatanodeEventWatcher.java:onTimeout(47)) - RetriableDatanodeCommand type=deleteBlocksCommand with id=1568811902509 timed out. Retrying.
2019-09-18 13:05:15,229 [pool-7-thread-5] INFO  commands.RetriableDatanodeEventWatcher (RetriableDatanodeEventWatcher.java:onTimeout(47)) - RetriableDatanodeCommand type=deleteBlocksCommand with id=1568811902519 timed out. Retrying.
2019-09-18 13:05:15,231 [pool-7-thread-5] INFO  commands.RetriableDatanodeEventWatcher (RetriableDatanodeEventWatcher.java:onTimeout(47)) - RetriableDatanodeCommand type=deleteBlocksCommand with id=1568811902480 timed out. Retrying.
2019-09-18 13:05:15,233 [pool-7-thread-5] INFO  commands.RetriableDatanodeEventWatcher (RetriableDatanodeEventWatcher.java:onTimeout(47)) - RetriableDatanodeCommand type=deleteBlocksCommand with id=1568811902421 timed out. Retrying.
2019-09-18 13:05:15,243 [main] INFO  ozone.MiniOzoneClusterImpl (MiniOzoneClusterImpl.java:lambda$waitForClusterToBeReady$0(145)) - Cluster is ready. Got 1 of 1 DN Heartbeats.
2019-09-18 13:05:15,247 [pool-7-thread-5] INFO  commands.RetriableDatanodeEventWatcher (RetriableDatanodeEventWatcher.java:onTimeout(47)) - RetriableDatanodeCommand type=deleteBlocksCommand with id=1568811902490 timed out. Retrying.
2019-09-18 13:05:15,249 [pool-7-thread-5] INFO2019-09-18 13:05:15,249 [Datanode State Machine Thread - 0] ERROR   statemachine.EndpointStateMachine (commands.RetriableDatanodeEventWatcher (RetriableDatanodeEventWatcher.java:onTimeout(47)) - RetriableDatanodeCommand type=deleteBlocksCommand with id=1568811902431 timed out. Retrying.
EndpointStateMachine.java:logIfNeeded(204)) - Unable to communicate to SCM server at 0.0.0.0:44222 for past 0 seconds.
java.net.SocketTimeoutException: Call From pr-hdds-2141-4zm8s-3863693661/192.168.69.108 to 0.0.0.0:44222 failed on socket timeout exception: java.net.SocketTimeoutException: 1000 millis timeout while waiting for channel to be ready for read. ch : java.nio.channels.SocketChannel[connected local=/192.168.69.108:51558 remote=/0.0.0.0:44222]; For more details see:  http://wiki.apache.org/hadoop/SocketTimeout
	at sun.reflect.NativeConstructorAccessorImpl.newInstance0(Native Method)
	at sun.reflect.NativeConstructorAccessorImpl.newInstance(NativeConstructorAccessorImpl.java:62)
	at sun.reflect.DelegatingConstructorAccessorImpl.newInstance(DelegatingConstructorAccessorImpl.java:45)
	at java.lang.reflect.Constructor.newInstance(Constructor.java:423)
	at org.apache.hadoop.net.NetUtils.wrapWithMessage(NetUtils.java:831)
	at org.apache.hadoop.net.NetUtils.wrapException(NetUtils.java:775)
	at org.apache.hadoop.ipc.Client.getRpcResponse(Client.java:1515)
	at org.apache.hadoop.ipc.Client.call(Client.java:1457)
	at org.apache.hadoop.ipc.Client.call(Client.java:1367)
	at org.apache.hadoop.ipc.ProtobufRpcEngine$Invoker.invoke(ProtobufRpcEngine.java:228)
	at org.apache.hadoop.ipc.ProtobufRpcEngine$Invoker.invoke(ProtobufRpcEngine.java:116)
	at com.sun.proxy.$Proxy32.sendHeartbeat(Unknown Source)
	at org.apache.hadoop.ozone.protocolPB.StorageContainerDatanodeProtocolClientSideTranslatorPB.sendHeartbeat(StorageContainerDatanodeProtocolClientSideTranslatorPB.java:131)
	at org.apache.hadoop.ozone.container.common.states.endpoint.HeartbeatEndpointTask.call(HeartbeatEndpointTask.java:143)
	at org.apache.hadoop.ozone.container.common.states.endpoint.HeartbeatEndpointTask.call(HeartbeatEndpointTask.java:74)
	at java.util.concurrent.FutureTask.run(FutureTask.java:266)
	at java.util.concurrent.Executors$RunnableAdapter.call(Executors.java:511)
	at java.util.concurrent.FutureTask.run(FutureTask.java:266)
	at java.util.concurrent.ThreadPoolExecutor.runWorker(ThreadPoolExecutor.java:1149)
	at java.util.concurrent.ThreadPoolExecutor$Worker.run(ThreadPoolExecutor.java:624)
	at java.lang.Thread.run(Thread.java:748)
Caused by: java.net.SocketTimeoutException: 1000 millis timeout while waiting for channel to be ready for read. ch : java.nio.channels.SocketChannel[connected local=/192.168.69.108:51558 remote=/0.0.0.0:44222]
	at org.apache.hadoop.net.SocketIOWithTimeout.doIO(SocketIOWithTimeout.java:164)
	at org.apache.hadoop.net.SocketInputStream.read(SocketInputStream.java:161)
	at org.apache.hadoop.net.SocketInputStream.read(SocketInputStream.java:131)
	at java.io.FilterInputStream.read(FilterInputStream.java:133)
	at java.io.BufferedInputStream.fill(BufferedInputStream.java:246)
	at java.io.BufferedInputStream.read(BufferedInputStream.java:265)
	at java.io.FilterInputStream.read(FilterInputStream.java:83)
	at java.io.FilterInputStream.read(FilterInputStream.java:83)
	at org.apache.hadoop.ipc.Client$Connection$PingInputStream.read(Client.java:557)
	at java.io.DataInputStream.readInt(DataInputStream.java:387)
	at org.apache.hadoop.ipc.Client$IpcStreams.readResponse(Client.java:1816)
	at org.apache.hadoop.ipc.Client$Connection.receiveRpcResponse(Client.java:1173)
	at org.apache.hadoop.ipc.Client$Connection.run(Client.java:1069)
2019-09-18 13:05:15,249 [pool-7-thread-5] INFO  commands.RetriableDatanodeEventWatcher (RetriableDatanodeEventWatcher.java:onTimeout(47)) - RetriableDatanodeCommand type=deleteBlocksCommand with id=1568811902431 timed out. Retrying.
2019-09-18 13:05:15,260 [pool-7-thread-5] INFO  commands.RetriableDatanodeEventWatcher (RetriableDatanodeEventWatcher.java:onTimeout(47)) - RetriableDatanodeCommand type=deleteBlocksCommand with id=1568811902441 timed out. Retrying.
2019-09-18 13:05:15,261 [EventQueue-PendingDeleteStatusForPendingDeleteHandler] INFO  block.SCMBlockDeletingService (SCMBlockDeletingService.java:handlePendingDeletes(115)) - Block deletion txnID mismatch in datanode dd0a3b65-d36c-4f93-b232-3c8e6f6667b6 for containerID 1. Datanode delete txnID: 0, SCM txnID: 1
2019-09-18 13:05:15,261 [EventQueue-PendingDeleteStatusForPendingDeleteHandler] INFO  block.SCMBlockDeletingService (SCMBlockDeletingService.java:handlePendingDeletes(115)) - Block deletion txnID mismatch in datanode dd0a3b65-d36c-4f93-b232-3c8e6f6667b6 for containerID 2. Datanode delete txnID: 0, SCM txnID: 2
2019-09-18 13:05:15,261 [EventQueue-PendingDeleteStatusForPendingDeleteHandler] INFO  block.SCMBlockDeletingService (SCMBlockDeletingService.java:handlePendingDeletes(115)) - Block deletion txnID mismatch in datanode dd0a3b65-d36c-4f93-b232-3c8e6f6667b6 for containerID 3. Datanode delete txnID: 0, SCM txnID: 3
2019-09-18 13:05:15,263 [pool-7-thread-5] INFO  commands.RetriableDatanodeEventWatcher (RetriableDatanodeEventWatcher.java:onTimeout(47)) - RetriableDatanodeCommand type=deleteBlocksCommand with id=1568811902500 timed out. Retrying.
2019-09-18 13:05:15,276 [pool-7-thread-5] INFO  commands.RetriableDatanodeEventWatcher (RetriableDatanodeEventWatcher.java:onTimeout(47)) - RetriableDatanodeCommand type=deleteBlocksCommand with id=1568811902451 timed out. Retrying.
2019-09-18 13:05:15,278 [pool-7-thread-5] INFO  commands.RetriableDatanodeEventWatcher (RetriableDatanodeEventWatcher.java:onTimeout(47)) - RetriableDatanodeCommand type=deleteBlocksCommand with id=1568811902510 timed out. Retrying.
2019-09-18 13:05:15,293 [pool-7-thread-5] INFO  commands.RetriableDatanodeEventWatcher (RetriableDatanodeEventWatcher.java:onTimeout(47)) - RetriableDatanodeCommand type=deleteBlocksCommand with id=1568811902520 timed out. Retrying.
2019-09-18 13:05:15,293 [pool-7-thread-4] INFO  commands.RetriableDatanodeEventWatcher (RetriableDatanodeEventWatcher.java:onTimeout(47)) - RetriableDatanodeCommand type=deleteBlocksCommand with id=1568811902461 timed out. Retrying.
2019-09-18 13:05:15,304 [pool-7-thread-4] INFO  commands.RetriableDatanodeEventWatcher (RetriableDatanodeEventWatcher.java:onTimeout(47)) - RetriableDatanodeCommand type=deleteBlocksCommand with id=1568811902530 timed out. Retrying.
2019-09-18 13:05:15,320 [pool-7-thread-4] INFO  commands.RetriableDatanodeEventWatcher (RetriableDatanodeEventWatcher.java:onTimeout(47)) - RetriableDatanodeCommand type=deleteBlocksCommand with id=1568811902471 timed out. Retrying.
2019-09-18 13:05:15,329 [SCMBlockDeletingService#0] DEBUG block.SCMBlockDeletingService (SCMBlockDeletingService.java:call(138)) - Running DeletedBlockTransactionScanner
2019-09-18 13:05:15,329 [SCMBlockDeletingService#0] DEBUG block.SCMBlockDeletingService (SCMBlockDeletingService.java:call(155)) - Scanned deleted blocks log and got 3 delTX to process.
2019-09-18 13:05:15,329 [SCMBlockDeletingService#0] DEBUG block.SCMBlockDeletingService (SCMBlockDeletingService.java:call(171)) - Added delete block command for datanode dd0a3b65-d36c-4f93-b232-3c8e6f6667b6 in the queue, number of delete block transactions: 3, TxID list: 1,2,3
2019-09-18 13:05:15,330 [SCMBlockDeletingService#0] INFO  block.SCMBlockDeletingService (SCMBlockDeletingService.java:call(182)) - Totally added 3 delete blocks command for 1 datanodes, task elapsed time: 1ms
2019-09-18 13:05:15,354 [pool-7-thread-4] INFO  commands.RetriableDatanodeEventWatcher (RetriableDatanodeEventWatcher.java:onTimeout(47)) - RetriableDatanodeCommand type=deleteBlocksCommand with id=1568811902481 timed out. Retrying.
2019-09-18 13:05:15,354 [pool-7-thread-3] INFO  commands.RetriableDatanodeEventWatcher (RetriableDatanodeEventWatcher.java:onTimeout(47)) - RetriableDatanodeCommand type=deleteBlocksCommand with id=1568811902422 timed out. Retrying.
2019-09-18 13:05:15,354 [pool-7-thread-5] INFO  commands.RetriableDatanodeEventWatcher (RetriableDatanodeEventWatcher.java:onTimeout(47)) - RetriableDatanodeCommand type=deleteBlocksCommand with id=1568811902491 timed out. Retrying.
2019-09-18 13:05:15,354 [pool-7-thread-6] INFO  commands.RetriableDatanodeEventWatcher (RetriableDatanodeEventWatcher.java:onTimeout(47)) - RetriableDatanodeCommand type=deleteBlocksCommand with id=1568811902432 timed out. Retrying.
2019-09-18 13:05:15,363 [pool-7-thread-6] INFO  commands.RetriableDatanodeEventWatcher (RetriableDatanodeEventWatcher.java:onTimeout(47)) - RetriableDatanodeCommand type=deleteBlocksCommand with id=1568811902501 timed out. Retrying.
2019-09-18 13:05:15,367 [pool-7-thread-6] INFO  commands.RetriableDatanodeEventWatcher (RetriableDatanodeEventWatcher.java:onTimeout(47)) - RetriableDatanodeCommand type=deleteBlocksCommand with id=1568811902442 timed out. Retrying.
2019-09-18 13:05:15,381 [pool-7-thread-5] INFO  commands.RetriableDatanodeEventWatcher (RetriableDatanodeEventWatcher.java:onTimeout(47)) - RetriableDatanodeCommand type=deleteBlocksCommand with id=1568811902452 timed out. Retrying.
2019-09-18 13:05:15,381 [pool-7-thread-6] INFO  commands.RetriableDatanodeEventWatcher (RetriableDatanodeEventWatcher.java:onTimeout(47)) - RetriableDatanodeCommand type=deleteBlocksCommand with id=1568811902511 timed out. Retrying.
2019-09-18 13:05:15,388 [Thread-4621] INFO  impl.FollowerState (FollowerState.java:run(106)) - dd0a3b65-d36c-4f93-b232-3c8e6f6667b6:group-B02456D89C11 changes to CANDIDATE, lastRpcTime:5132, electionTimeout:5132ms
2019-09-18 13:05:15,389 [Thread-4621] INFO  impl.RoleInfo (RoleInfo.java:shutdownFollowerState(121)) - dd0a3b65-d36c-4f93-b232-3c8e6f6667b6: shutdown FollowerState
2019-09-18 13:05:15,389 [Thread-4621] INFO  impl.RaftServerImpl (RaftServerImpl.java:setRole(174)) - dd0a3b65-d36c-4f93-b232-3c8e6f6667b6@group-B02456D89C11: changes role from  FOLLOWER to CANDIDATE at term 1 for changeToCandidate
2019-09-18 13:05:15,390 [Thread-4621] INFO  impl.RoleInfo (RoleInfo.java:updateAndGet(143)) - dd0a3b65-d36c-4f93-b232-3c8e6f6667b6: start LeaderElection
2019-09-18 13:05:15,392 [pool-7-thread-6] INFO  commands.RetriableDatanodeEventWatcher (RetriableDatanodeEventWatcher.java:onTimeout(47)) - RetriableDatanodeCommand type=deleteBlocksCommand with id=1568811902462 timed out. Retrying.
2019-09-18 13:05:15,392 [pool-7-thread-6] INFO  commands.RetriableDatanodeEventWatcher (RetriableDatanodeEventWatcher.java:onTimeout(47)) - RetriableDatanodeCommand type=deleteBlocksCommand with id=1568811902521 timed out. Retrying.
2019-09-18 13:05:15,405 [pool-7-thread-6] INFO  commands.RetriableDatanodeEventWatcher (RetriableDatanodeEventWatcher.java:onTimeout(47)) - RetriableDatanodeCommand type=deleteBlocksCommand with id=1568811902531 timed out. Retrying.
2019-09-18 13:05:15,418 [dd0a3b65-d36c-4f93-b232-3c8e6f6667b6@group-B02456D89C11:LeaderElection2] INFO  impl.LeaderElection (LeaderElection.java:askForVotes(182)) - dd0a3b65-d36c-4f93-b232-3c8e6f6667b6@group-B02456D89C11:LeaderElection2: begin an election at term 2 for 0: [dd0a3b65-d36c-4f93-b232-3c8e6f6667b6:192.168.69.108:41901], old=null
2019-09-18 13:05:15,421 [dd0a3b65-d36c-4f93-b232-3c8e6f6667b6@group-B02456D89C11:LeaderElection2] INFO  impl.RoleInfo (RoleInfo.java:shutdownLeaderElection(134)) - dd0a3b65-d36c-4f93-b232-3c8e6f6667b6: shutdown LeaderElection
2019-09-18 13:05:15,421 [dd0a3b65-d36c-4f93-b232-3c8e6f6667b6@group-B02456D89C11:LeaderElection2] INFO  impl.RaftServerImpl (RaftServerImpl.java:setRole(174)) - dd0a3b65-d36c-4f93-b232-3c8e6f6667b6@group-B02456D89C11: changes role from CANDIDATE to LEADER at term 2 for changeToLeader
2019-09-18 13:05:15,422 [dd0a3b65-d36c-4f93-b232-3c8e6f6667b6@group-B02456D89C11:LeaderElection2] INFO  impl.RaftServerImpl (ServerState.java:setLeader(253)) - dd0a3b65-d36c-4f93-b232-3c8e6f6667b6@group-B02456D89C11: change Leader from null to dd0a3b65-d36c-4f93-b232-3c8e6f6667b6 at term 2 for becomeLeader, leader elected after 7194ms
2019-09-18 13:05:15,422 [dd0a3b65-d36c-4f93-b232-3c8e6f6667b6@group-B02456D89C11:LeaderElection2] INFO  server.RaftServerConfigKeys (ConfUtils.java:logGet(43)) - raft.server.staging.catchup.gap = 1000 (default)
2019-09-18 13:05:15,422 [pool-7-thread-6] INFO  commands.RetriableDatanodeEventWatcher (ConfUtils.java:logGet(43)) - raft.server.rpc.sleep.time = 25ms (default)
2019-09-18 13:05:15,422 [dd0a3b65-d36c-4f93-b232-3c8e6f6667b6@group-B02456D89C11:LeaderElection2] INFO  server.RaftServerConfigKeys (RetriableDatanodeEventWatcher.java:onTimeout(47)) - RetriableDatanodeCommand type=deleteBlocksCommand with id=1568811902472 timed out. Retrying.
ConfUtils.java:logGet(43)) - raft.server.write.element-limit = 4096 (default)
2019-09-18 13:05:15,422 [pool-7-thread-6] INFO  commands.RetriableDatanodeEventWatcher (RetriableDatanodeEventWatcher.java:onTimeout(47)) - RetriableDatanodeCommand type=deleteBlocksCommand with id=1568811902472 timed out. Retrying.
2019-09-18 13:05:15,422 [dd0a3b65-d36c-4f93-b232-3c8e6f6667b6@group-B02456D89C11:LeaderElection2] INFO  server.RaftServerConfigKeys (ConfUtils.java:logGet(43)) - raft.server.watch.timeout = 10s (default)
2019-09-18 13:05:15,422 [dd0a3b65-d36c-4f93-b232-3c8e6f6667b6@group-B02456D89C11:LeaderElection2] INFO  server.RaftServerConfigKeys (ConfUtils.java:logGet(43)) - raft.server.watch.timeout.denomination = 1s (default)
2019-09-18 13:05:15,423 [dd0a3b65-d36c-4f93-b232-3c8e6f6667b6@group-B02456D89C11:LeaderElection2] INFO  server.RaftServerConfigKeys (ConfUtils.java:logGet(43)) - raft.server.watch.element-limit = 65536 (default)
2019-09-18 13:05:15,423 [dd0a3b65-d36c-4f93-b232-3c8e6f6667b6@group-B02456D89C11:LeaderElection2] INFO  impl.RoleInfo (RoleInfo.java:updateAndGet(143)) - dd0a3b65-d36c-4f93-b232-3c8e6f6667b6: start LeaderState
2019-09-18 13:05:15,424 [dd0a3b65-d36c-4f93-b232-3c8e6f6667b6@group-B02456D89C11:LeaderElection2] INFO  segmented.SegmentedRaftLogWorker (SegmentedRaftLogWorker.java:rollLogSegment(385)) - dd0a3b65-d36c-4f93-b232-3c8e6f6667b6@group-B02456D89C11-SegmentedRaftLogWorker: Rolling segment log-5477_6193 to index:6193
2019-09-18 13:05:15,426 [dd0a3b65-d36c-4f93-b232-3c8e6f6667b6@group-B02456D89C11-SegmentedRaftLogWorker] INFO  segmented.SegmentedRaftLogWorker (SegmentedRaftLogWorker.java:execute(526)) - dd0a3b65-d36c-4f93-b232-3c8e6f6667b6@group-B02456D89C11-SegmentedRaftLogWorker: Rolled log segment from /workdir/hadoop-ozone/integration-test/target/test-dir/MiniOzoneClusterImpl-d4f86b9a-5145-424e-a2a6-5719e876ec3b/datanode-0/data/ratis/0a294b72-135c-4742-84ec-b02456d89c11/current/log_inprogress_5477 to /workdir/hadoop-ozone/integration-test/target/test-dir/MiniOzoneClusterImpl-d4f86b9a-5145-424e-a2a6-5719e876ec3b/datanode-0/data/ratis/0a294b72-135c-4742-84ec-b02456d89c11/current/log_5477-6193
2019-09-18 13:05:15,426 [dd0a3b65-d36c-4f93-b232-3c8e6f6667b6@group-B02456D89C11:LeaderElection2] INFO  impl.RaftServerImpl (ServerState.java:setRaftConf(354)) - dd0a3b65-d36c-4f93-b232-3c8e6f6667b6@group-B02456D89C11: set configuration 6194: [dd0a3b65-d36c-4f93-b232-3c8e6f6667b6:192.168.69.108:41901], old=null at 6194
2019-09-18 13:05:15,430 [pool-7-thread-6] INFO  commands.RetriableDatanodeEventWatcher (RetriableDatanodeEventWatcher.java:onTimeout(47)) - RetriableDatanodeCommand type=deleteBlocksCommand with id=1568811902413 timed out. Retrying.
  2019-09-18 13:05:15,458 [commands.RetriableDatanodeEventWatcher (SCMBlockDeletingService#0] DEBUG block.SCMBlockDeletingService (SCMBlockDeletingService.java:call(138)) - Running DeletedBlockTransactionScanner
2019-09-18 13:05:15,458 [pool-7-thread-5] INFO  commands.RetriableDatanodeEventWatcher (RetriableDatanodeEventWatcher.java:onTimeout(47)) - RetriableDatanodeCommand type=deleteBlocksCommand with id=1568811902482 timed out. Retrying.
2019-09-18 13:05:15,458 [pool-7-thread-1] INFO  commands.RetriableDatanodeEventWatcher (RetriableDatanodeEventWatcher.java:onTimeout(47)) - RetriableDatanodeCommand type=deleteBlocksCommand with id=1568811902433 timed out. Retrying.
SCMBlockDeletingService.java:call(155)) - Scanned deleted blocks log and got 3 delTX to process.
2019-09-18 13:05:15,458 [SCMBlockDeletingService#0] DEBUG block.SCMBlockDeletingService (RetriableDatanodeEventWatcher.java:onTimeout(47)) - RetriableDatanodeCommand type=deleteBlocksCommand with id=1568811902492 timed out. Retrying.
SCMBlockDeletingService.java:call(171)) - Added delete block command for datanode dd0a3b65-d36c-4f93-b232-3c8e6f6667b6 in the queue, number of delete block transactions: 3, TxID list: 1,2,3
2019-09-18 13:05:15,458 [pool-7-thread-3] INFO  commands.RetriableDatanodeEventWatcher (RetriableDatanodeEventWatcher.java:onTimeout(47)) - RetriableDatanodeCommand type=deleteBlocksCommand with id=1568811902492 timed out. Retrying.
2019-09-18 13:05:15,459 [SCMBlockDeletingService#0] INFO  block.SCMBlockDeletingService (SCMBlockDeletingService.java:call(182)) - Totally added 3 delete blocks command for 1 datanodes, task elapsed time: 1ms
2019-09-18 13:05:15,459 [pool-7-thread-4] INFO  commands.RetriableDatanodeEventWatcher (RetriableDatanodeEventWatcher.java:onTimeout(47)) - RetriableDatanodeCommand type=deleteBlocksCommand with id=1568811902423 timed out. Retrying.
2019-09-18 13:05:15,464 [pool-7-thread-4] INFO  commands.RetriableDatanodeEventWatcher (RetriableDatanodeEventWatcher.java:onTimeout(47)) - RetriableDatanodeCommand type=deleteBlocksCommand with id=1568811902502 timed out. Retrying.
2019-09-18 13:05:15,468 [pool-7-thread-4] INFO  commands.RetriableDatanodeEventWatcher (RetriableDatanodeEventWatcher.java:onTimeout(47)) - RetriableDatanodeCommand type=deleteBlocksCommand with id=1568811902443 timed out. Retrying.
2019-09-18 13:05:15,482 [pool-7-thread-4] INFO  commands.RetriableDatanodeEventWatcher (RetriableDatanodeEventWatcher.java:onTimeout(47)) - RetriableDatanodeCommand type=deleteBlocksCommand with id=1568811902512 timed out. Retrying.
2019-09-18 13:05:15,482 [pool-7-thread-4] INFO  commands.RetriableDatanodeEventWatcher (RetriableDatanodeEventWatcher.java:onTimeout(47)) - RetriableDatanodeCommand type=deleteBlocksCommand with id=1568811902453 timed out. Retrying.
2019-09-18 13:05:15,482 [dd0a3b65-d36c-4f93-b232-3c8e6f6667b6@group-B02456D89C11-SegmentedRaftLogWorker] INFO  segmented.SegmentedRaftLogWorker (SegmentedRaftLogWorker.java:execute(569)) - dd0a3b65-d36c-4f93-b232-3c8e6f6667b6@group-B02456D89C11-SegmentedRaftLogWorker: created new log segment /workdir/hadoop-ozone/integration-test/target/test-dir/MiniOzoneClusterImpl-d4f86b9a-5145-424e-a2a6-5719e876ec3b/datanode-0/data/ratis/0a294b72-135c-4742-84ec-b02456d89c11/current/log_inprogress_6194
2019-09-18 13:05:15,484 [EventQueue-PendingDeleteStatusForPendingDeleteHandler] INFO  block.SCMBlockDeletingService (SCMBlockDeletingService.java:handlePendingDeletes(115)) - Block deletion txnID mismatch in datanode dd0a3b65-d36c-4f93-b232-3c8e6f6667b6 for containerID 1. Datanode delete txnID: 0, SCM txnID: 1
2019-09-18 13:05:15,484 [EventQueue-PendingDeleteStatusForPendingDeleteHandler] INFO  block.SCMBlockDeletingService (SCMBlockDeletingService.java:handlePendingDeletes(115)) - Block deletion txnID mismatch in datanode dd0a3b65-d36c-4f93-b232-3c8e6f6667b6 for containerID 2. Datanode delete txnID: 0, SCM txnID: 2
2019-09-18 13:05:15,484 [EventQueue-PendingDeleteStatusForPendingDeleteHandler] INFO  block.SCMBlockDeletingService (SCMBlockDeletingService.java:handlePendingDeletes(115)) - Block deletion txnID mismatch in datanode dd0a3b65-d36c-4f93-b232-3c8e6f6667b6 for containerID 3. Datanode delete txnID: 0, SCM txnID: 3
2019-09-18 13:05:15,493 [pool-7-thread-4] INFO  commands.RetriableDatanodeEventWatcher (RetriableDatanodeEventWatcher.java:onTimeout(47)) - RetriableDatanodeCommand type=deleteBlocksCommand with id=1568811902522 timed out. Retrying.
2019-09-18 13:05:15,497 [pool-7-thread-4] INFO  commands.RetriableDatanodeEventWatcher (RetriableDatanodeEventWatcher.java:onTimeout(47)) - RetriableDatanodeCommand type=deleteBlocksCommand with id=1568811902463 timed out. Retrying.
2019-09-18 13:05:15,506 [pool-7-thread-4] INFO  commands.RetriableDatanodeEventWatcher (RetriableDatanodeEventWatcher.java:onTimeout(47)) - RetriableDatanodeCommand type=deleteBlocksCommand with id=1568811902532 timed out. Retrying.
2019-09-18 13:05:15,563 [SCMBlockDeletingService#0] DEBUG block.SCMBlockDeletingService (SCMBlockDeletingService.java:call(138)) - Running DeletedBlockTransactionScanner
2019-09-18 13:05:15,564 [SCMBlockDeletingService#0] DEBUG block.SCMBlockDeletingService (SCMBlockDeletingService.java:call(155)) - Scanned deleted blocks log and got 3 delTX to process.
2019-09-18 13:05:15,564 [SCMBlockDeletingService#0] DEBUG block.SCMBlockDeletingService (SCMBlockDeletingService.java:call(171)) - Added delete block command for datanode dd0a3b65-d36c-4f93-b232-3c8e6f6667b6 in the queue, number of delete block transactions: 3, TxID list: 1,2,3
2019-09-18 13:05:15,564 [SCMBlockDeletingService#0] INFO  block.SCMBlockDeletingService (SCMBlockDeletingService.java:call(182)) - Totally added 3 delete blocks command for 1 datanodes, task elapsed time: 1ms
2019-09-18 13:05:15,568 [pool-7-thread-3] INFO  commands.RetriableDatanodeEventWatcher (RetriableDatanodeEventWatcher.java:onTimeout(47)) - RetriableDatanodeCommand type=deleteBlocksCommand with id=1568811902493 timed out. Retrying.
2019-09-18 13:05:15,570 [pool-7-thread-7] INFO  commands.RetriableDatanodeEventWatcher (RetriableDatanodeEventWatcher.java:onTimeout(47)) - RetriableDatanodeCommand type=deleteBlocksCommand with id=1568811902434 timed out. Retrying.
2019-09-18 13:05:15,571 [pool-7-thread-6] INFO  commands.RetriableDatanodeEventWatcher (RetriableDatanodeEventWatcher.java:onTimeout(47)) - RetriableDatanodeCommand type=deleteBlocksCommand with id=1568811902414 timed out. Retrying.
2019-09-18 13:05:15,571 [pool-7-thread-2] INFO  commands.RetriableDatanodeEventWatcher (RetriableDatanodeEventWatcher.java:onTimeout(47)) - RetriableDatanodeCommand type=deleteBlocksCommand with id=1568811902444 timed out. Retrying.
2019-09-18 13:05:15,571 [pool-7-thread-1] INFO  commands.RetriableDatanodeEventWatcher (RetriableDatanodeEventWatcher.java:onTimeout(47)) - RetriableDatanodeCommand type=deleteBlocksCommand with id=1568811902473 timed out. Retrying.
2019-09-18 13:05:15,571 [pool-7-thread-5] INFO  commands.RetriableDatanodeEventWatcher (RetriableDatanodeEventWatcher.java:onTimeout(47)) - RetriableDatanodeCommand type=deleteBlocksCommand with id=1568811902424 timed out. Retrying.
2019-09-18 13:05:15,571 [pool-7-thread-4] INFO  commands.RetriableDatanodeEventWatcher (RetriableDatanodeEventWatcher.java:onTimeout(47)) - RetriableDatanodeCommand type=deleteBlocksCommand with id=1568811902483 timed out. Retrying.
2019-09-18 13:05:15,572 [pool-7-thread-3] INFO  commands.RetriableDatanodeEventWatcher (RetriableDatanodeEventWatcher.java:onTimeout(47)) - RetriableDatanodeCommand type=deleteBlocksCommand with id=1568811902503 timed out. Retrying.
2019-09-18 13:05:15,583 [pool-7-thread-3] INFO  commands.RetriableDatanodeEventWatcher (RetriableDatanodeEventWatcher.java:onTimeout(47)) - RetriableDatanodeCommand type=deleteBlocksCommand with id=1568811902513 timed out. Retrying.
2019-09-18 13:05:15,583 [pool-7-thread-4] INFO  commands.RetriableDatanodeEventWatcher (RetriableDatanodeEventWatcher.java:onTimeout(47)) - RetriableDatanodeCommand type=deleteBlocksCommand with id=1568811902454 timed out. Retrying.
2019-09-18 13:05:15,595 [pool-7-thread-4] INFO  commands.RetriableDatanodeEventWatcher (RetriableDatanodeEventWatcher.java:onTimeout(47)) - RetriableDatanodeCommand type=deleteBlocksCommand with id=1568811902464 timed out. Retrying.
2019-09-18 13:05:15,595 [pool-7-thread-4] INFO  commands.RetriableDatanodeEventWatcher (RetriableDatanodeEventWatcher.java:onTimeout(47)) - RetriableDatanodeCommand type=deleteBlocksCommand with id=1568811902523 timed out. Retrying.
2019-09-18 13:05:15,625 [pool-7-thread-3] INFO  commands.RetriableDatanodeEventWatcher (RetriableDatanodeEventWatcher.java:onTimeout(47)) - RetriableDatanodeCommand type=deleteBlocksCommand with id=1568811902415 timed out. Retrying.
2019-09-18 13:05:15,625 [pool-7-thread-4] INFO  commands.RetriableDatanodeEventWatcher (RetriableDatanodeEventWatcher.java:onTimeout(47)) - RetriableDatanodeCommand type=deleteBlocksCommand with id=1568811902474 timed out. Retrying.
2019-09-18 13:05:15,626 [IPC Server handler 0 on 44222] WARN  ipc.Server (Server.java:setupResponse(2950)) - Large response size 4190218 for call Call#2017 Retry#0 org.apache.hadoop.ozone.protocol.StorageContainerDatanodeProtocol.sendHeartbeat from 192.168.69.108:51558
2019-09-18 13:05:15,626 [IPC Server handler 0 on 44222] WARN  ipc.Server (Server.java:processResponse(1523)) - IPC Server handler 0 on 44222, call Call#2017 Retry#0 org.apache.hadoop.ozone.protocol.StorageContainerDatanodeProtocol.sendHeartbeat from 192.168.69.108:51558: output error
2019-09-18 13:05:15,627 [IPC Server handler 0 on 44222] INFO  ipc.Server (Server.java:run(2695)) - IPC Server handler 0 on 44222 caught an exception
java.nio.channels.ClosedChannelException
	at sun.nio.ch.SocketChannelImpl.ensureWriteOpen(SocketChannelImpl.java:270)
	at sun.nio.ch.SocketChannelImpl.write(SocketChannelImpl.java:461)
	at org.apache.hadoop.ipc.Server.channelIO(Server.java:3298)
	at org.apache.hadoop.ipc.Server.channelWrite(Server.java:3250)
	at org.apache.hadoop.ipc.Server.access$1700(Server.java:137)
	at org.apache.hadoop.ipc.Server$Responder.processResponse(Server.java:1473)
	at org.apache.hadoop.ipc.Server$Responder.doRespond(Server.java:1543)
	at org.apache.hadoop.ipc.Server$Connection.sendResponse(Server.java:2593)
	at org.apache.hadoop.ipc.Server$Connection.access$300(Server.java:1615)
	at org.apache.hadoop.ipc.Server$RpcCall.doResponse(Server.java:940)
	at org.apache.hadoop.ipc.Server$Call.sendResponse(Server.java:774)
	at org.apache.hadoop.ipc.Server$RpcCall.run(Server.java:885)
	at org.apache.hadoop.ipc.Server$RpcCall.run(Server.java:822)
	at java.security.AccessController.doPrivileged(Native Method)
	at javax.security.auth.Subject.doAs(Subject.java:422)
	at org.apache.hadoop.security.UserGroupInformation.doAs(UserGroupInformation.java:1730)
	at org.apache.hadoop.ipc.Server$Handler.run(Server.java:2682)
2019-09-18 13:05:15,638 [pool-7-thread-3] INFO  commands.RetriableDatanodeEventWatcher (RetriableDatanodeEventWatcher.java:onTimeout(47)) - RetriableDatanodeCommand type=deleteBlocksCommand with id=1568811902425 timed out. Retrying.
2019-09-18 13:05:15,639 [pool-7-thread-4] INFO  commands.RetriableDatanodeEventWatcher (RetriableDatanodeEventWatcher.java:onTimeout(47)) - RetriableDatanodeCommand type=deleteBlocksCommand with id=1568811902484 timed out. Retrying.
2019-09-18 13:05:15,654 [pool-7-thread-4] INFO  commands.RetriableDatanodeEventWatcher (RetriableDatanodeEventWatcher.java:onTimeout(47)) - RetriableDatanodeCommand type=deleteBlocksCommand with id=1568811902494 timed out. Retrying.
2019-09-18 13:05:15,657 [pool-7-thread-4] INFO  commands.RetriableDatanodeEventWatcher (RetriableDatanodeEventWatcher.java:onTimeout(47)) - RetriableDatanodeCommand type=deleteBlocksCommand with id=1568811902435 timed out. Retrying.
2019-09-18 13:05:15,665 [SCMBlockDeletingService#0] DEBUG block.SCMBlockDeletingService (SCMBlockDeletingService.java:call(138)) - Running DeletedBlockTransactionScanner
2019-09-18 13:05:15,665 [SCMBlockDeletingService#0] DEBUG block.SCMBlockDeletingService (SCMBlockDeletingService.java:call(155)) - Scanned deleted blocks log and got 3 delTX to process.
2019-09-18 13:05:15,665 [SCMBlockDeletingService#0] DEBUG block.SCMBlockDeletingService (SCMBlockDeletingService.java:call(171)) - Added delete block command for datanode dd0a3b65-d36c-4f93-b232-3c8e6f6667b6 in the queue, number of delete block transactions: 3, TxID list: 1,2,3
2019-09-18 13:05:15,666 [SCMBlockDeletingService#0] INFO  block.SCMBlockDeletingService (SCMBlockDeletingService.java:call(182)) - Totally added 3 delete blocks command for 1 datanodes, task elapsed time: 1ms
2019-09-18 13:05:15,669 [pool-7-thread-4] INFO  commands.RetriableDatanodeEventWatcher (RetriableDatanodeEventWatcher.java:onTimeout(47)) - RetriableDatanodeCommand type=deleteBlocksCommand with id=1568811902445 timed out. Retrying.
2019-09-18 13:05:15,670 [pool-7-thread-3] INFO  commands.RetriableDatanodeEventWatcher (RetriableDatanodeEventWatcher.java:onTimeout(47)) - RetriableDatanodeCommand type=deleteBlocksCommand with id=1568811902533 timed out. Retrying.
2019-09-18 13:05:15,670 [pool-7-thread-4] INFO  commands.RetriableDatanodeEventWatcher (RetriableDatanodeEventWatcher.java:onTimeout(47)) - RetriableDatanodeCommand type=deleteBlocksCommand with id=1568811902504 timed out. Retrying.
2019-09-18 13:05:15,686 [pool-7-thread-3] INFO  commands.RetriableDatanodeEventWatcher (RetriableDatanodeEventWatcher.java:onTimeout(47)) - RetriableDatanodeCommand type=deleteBlocksCommand with id=1568811902455 timed out. Retrying.
2019-09-18 13:05:15,686 [pool-7-thread-4] INFO  commands.RetriableDatanodeEventWatcher (RetriableDatanodeEventWatcher.java:onTimeout(47)) - RetriableDatanodeCommand type=deleteBlocksCommand with id=1568811902514 timed out. Retrying.
2019-09-18 13:05:15,697 [pool-7-thread-3] INFO  commands.RetriableDatanodeEventWatcher (RetriableDatanodeEventWatcher.java:onTimeout(47)) - RetriableDatanodeCommand type=deleteBlocksCommand with id=1568811902524 timed out. Retrying.
2019-09-18 13:05:15,697 [pool-7-thread-4] INFO  commands.RetriableDatanodeEventWatcher (RetriableDatanodeEventWatcher.java:onTimeout(47)) - RetriableDatanodeCommand type=deleteBlocksCommand with id=1568811902465 timed out. Retrying.
2019-09-18 13:05:15,727 [pool-7-thread-3] INFO  commands.RetriableDatanodeEventWatcher (RetriableDatanodeEventWatcher.java:onTimeout(47)) - RetriableDatanodeCommand type=deleteBlocksCommand with id=1568811902416 timed out. Retrying.
2019-09-18 13:05:15,727 [pool-7-thread-4] INFO  commands.RetriableDatanodeEventWatcher (RetriableDatanodeEventWatcher.java:onTimeout(47)) - RetriableDatanodeCommand type=deleteBlocksCommand with id=1568811902475 timed out. Retrying.
2019-09-18 13:05:15,740 [pool-7-thread-4] INFO  commands.RetriableDatanodeEventWatcher (RetriableDatanodeEventWatcher.java:onTimeout(47)) - RetriableDatanodeCommand type=deleteBlocksCommand with id=1568811902485 timed out. Retrying.
2019-09-18 13:05:15,742 [pool-7-thread-4] INFO  commands.RetriableDatanodeEventWatcher (RetriableDatanodeEventWatcher.java:onTimeout(47)) - RetriableDatanodeCommand type=deleteBlocksCommand with id=1568811902426 timed out. Retrying.
2019-09-18 13:05:15,754 [pool-7-thread-4] INFO  commands.RetriableDatanodeEventWatcher (RetriableDatanodeEventWatcher.java:onTimeout(47)) - RetriableDatanodeCommand type=deleteBlocksCommand with id=1568811902495 timed out. Retrying.
2019-09-18 13:05:15,756 [pool-7-thread-4] INFO  commands.RetriableDatanodeEventWatcher (RetriableDatanodeEventWatcher.java:onTimeout(47)) - RetriableDatanodeCommand type=deleteBlocksCommand with id=1568811902436 timed out. Retrying.
2019-09-18 13:05:15,766 [SCMBlockDeletingService#0] DEBUG block.SCMBlockDeletingService (SCMBlockDeletingService.java:call(138)) - Running DeletedBlockTransactionScanner
2019-09-18 13:05:15,767 [SCMBlockDeletingService#0] DEBUG block.SCMBlockDeletingService (SCMBlockDeletingService.java:call(155)) - Scanned deleted blocks log and got 3 delTX to process.
2019-09-18 13:05:15,767 [SCMBlockDeletingService#0] DEBUG block.SCMBlockDeletingService (SCMBlockDeletingService.java:call(171)) - Added delete block command for datanode dd0a3b65-d36c-4f93-b232-3c8e6f6667b6 in the queue, number of delete block transactions: 3, TxID list: 1,2,3
2019-09-18 13:05:15,767 [SCMBlockDeletingService#0] INFO  block.SCMBlockDeletingService (SCMBlockDeletingService.java:call(182)) - Totally added 3 delete blocks command for 1 datanodes, task elapsed time: 1ms
2019-09-18 13:05:15,769 [pool-7-thread-4] INFO  commands.RetriableDatanodeEventWatcher (RetriableDatanodeEventWatcher.java:onTimeout(47)) - RetriableDatanodeCommand type=deleteBlocksCommand with id=1568811902446 timed out. Retrying.
2019-09-18 13:05:15,772 [pool-7-thread-3] INFO  commands.RetriableDatanodeEventWatcher (RetriableDatanodeEventWatcher.java:onTimeout(47)) - RetriableDatanodeCommand type=deleteBlocksCommand with id=1568811902534 timed out. Retrying.
2019-09-18 13:05:15,772 [pool-7-thread-4] INFO  commands.RetriableDatanodeEventWatcher (RetriableDatanodeEventWatcher.java:onTimeout(47)) - RetriableDatanodeCommand type=deleteBlocksCommand with id=1568811902505 timed out. Retrying.
2019-09-18 13:05:15,785 [pool-7-thread-4] INFO  commands.RetriableDatanodeEventWatcher (RetriableDatanodeEventWatcher.java:onTimeout(47)) - RetriableDatanodeCommand type=deleteBlocksCommand with id=1568811902515 timed out. Retrying.
2019-09-18 13:05:15,787 [pool-7-thread-4] INFO  commands.RetriableDatanodeEventWatcher (RetriableDatanodeEventWatcher.java:onTimeout(47)) - RetriableDatanodeCommand type=deleteBlocksCommand with id=1568811902456 timed out. Retrying.
2019-09-18 13:05:15,797 [pool-7-thread-3] INFO  commands.RetriableDatanodeEventWatcher (RetriableDatanodeEventWatcher.java:onTimeout(47)) - RetriableDatanodeCommand type=deleteBlocksCommand with id=1568811902525 timed out. Retrying.
2019-09-18 13:05:15,798 [pool-7-thread-4] INFO  commands.RetriableDatanodeEventWatcher (RetriableDatanodeEventWatcher.java:onTimeout(47)) - RetriableDatanodeCommand type=deleteBlocksCommand with id=1568811902466 timed out. Retrying.
2019-09-18 13:05:15,830 [pool-7-thread-3] INFO  commands.RetriableDatanodeEventWatcher (RetriableDatanodeEventWatcher.java:onTimeout(47)) - RetriableDatanodeCommand type=deleteBlocksCommand with id=1568811902417 timed out. Retrying.
2019-09-18 13:05:15,830 [pool-7-thread-4] INFO  commands.RetriableDatanodeEventWatcher (RetriableDatanodeEventWatcher.java:onTimeout(47)) - RetriableDatanodeCommand type=deleteBlocksCommand with id=1568811902476 timed out. Retrying.
2019-09-18 13:05:15,841 [pool-7-thread-4] INFO  commands.RetriableDatanodeEventWatcher (RetriableDatanodeEventWatcher.java:onTimeout(47)) - RetriableDatanodeCommand type=deleteBlocksCommand with id=1568811902486 timed out. Retrying.
2019-09-18 13:05:15,842 [pool-7-thread-4] INFO  commands.RetriableDatanodeEventWatcher (RetriableDatanodeEventWatcher.java:onTimeout(47)) - RetriableDatanodeCommand type=deleteBlocksCommand with id=1568811902427 timed out. Retrying.
2019-09-18 13:05:15,856 [pool-7-thread-4] INFO  commands.RetriableDatanodeEventWatcher (RetriableDatanodeEventWatcher.java:onTimeout(47)) - RetriableDatanodeCommand type=deleteBlocksCommand with id=1568811902496 timed out. Retrying.
2019-09-18 13:05:15,858 [pool-7-thread-4] INFO  commands.RetriableDatanodeEventWatcher (RetriableDatanodeEventWatcher.java:onTimeout(47)) - RetriableDatanodeCommand type=deleteBlocksCommand with id=1568811902437 timed out. Retrying.
2019-09-18 13:05:15,859 [EventQueue-PendingDeleteStatusForPendingDeleteHandler] INFO  block.SCMBlockDeletingService (SCMBlockDeletingService.java:handlePendingDeletes(115)) - Block deletion txnID mismatch in datanode dd0a3b65-d36c-4f93-b232-3c8e6f6667b6 for containerID 1. Datanode delete txnID: 0, SCM txnID: 1
2019-09-18 13:05:15,860 [EventQueue-PendingDeleteStatusForPendingDeleteHandler] INFO  block.SCMBlockDeletingService (SCMBlockDeletingService.java:handlePendingDeletes(115)) - Block deletion txnID mismatch in datanode dd0a3b65-d36c-4f93-b232-3c8e6f6667b6 for containerID 2. Datanode delete txnID: 0, SCM txnID: 2
2019-09-18 13:05:15,860 [EventQueue-PendingDeleteStatusForPendingDeleteHandler] INFO  block.SCMBlockDeletingService (SCMBlockDeletingService.java:handlePendingDeletes(115)) - Block deletion txnID mismatch in datanode dd0a3b65-d36c-4f93-b232-3c8e6f6667b6 for containerID 3. Datanode delete txnID: 0, SCM txnID: 3
2019-09-18 13:05:15,867 [SCMBlockDeletingService#0] DEBUG block.SCMBlockDeletingService (SCMBlockDeletingService.java:call(138)) - Running DeletedBlockTransactionScanner
2019-09-18 13:05:15,868 [SCMBlockDeletingService#0] DEBUG block.SCMBlockDeletingService (SCMBlockDeletingService.java:call(155)) - Scanned deleted blocks log and got 3 delTX to process.
2019-09-18 13:05:15,868 [SCMBlockDeletingService#0] DEBUG block.SCMBlockDeletingService (SCMBlockDeletingService.java:call(171)) - Added delete block command for datanode dd0a3b65-d36c-4f93-b232-3c8e6f6667b6 in the queue, number of delete block transactions: 3, TxID list: 1,2,3
2019-09-18 13:05:15,868 [pool-7-thread-4] INFO  commands.RetriableDatanodeEventWatcher (RetriableDatanodeEventWatcher.java:onTimeout(47)) - RetriableDatanodeCommand type=deleteBlocksCommand with id=1568811902447 timed out. Retrying.
2019-09-18 13:05:15,868 [SCMBlockDeletingService#0] INFO  block.SCMBlockDeletingService (SCMBlockDeletingService.java:call(182)) - Totally added 3 delete blocks command for 1 datanodes, task elapsed time: 1ms
2019-09-18 13:05:15,873 [pool-7-thread-4] INFO  commands.RetriableDatanodeEventWatcher (RetriableDatanodeEventWatcher.java:onTimeout(47)) - RetriableDatanodeCommand type=deleteBlocksCommand with id=1568811902535 timed out. Retrying.
2019-09-18 13:05:15,875 [pool-7-thread-4] INFO  commands.RetriableDatanodeEventWatcher (RetriableDatanodeEventWatcher.java:onTimeout(47)) - RetriableDatanodeCommand type=deleteBlocksCommand with id=1568811902506 timed out. Retrying.
2019-09-18 13:05:15,886 [pool-7-thread-3] INFO  commands.RetriableDatanodeEventWatcher (RetriableDatanodeEventWatcher.java:onTimeout(47)) - RetriableDatanodeCommand type=deleteBlocksCommand with id=1568811902457 timed out. Retrying.
2019-09-18 13:05:15,886 [pool-7-thread-4] INFO  commands.RetriableDatanodeEventWatcher (RetriableDatanodeEventWatcher.java:onTimeout(47)) - RetriableDatanodeCommand type=deleteBlocksCommand with id=1568811902516 timed out. Retrying.
2019-09-18 13:05:15,899 [pool-7-thread-3] INFO  commands.RetriableDatanodeEventWatcher (RetriableDatanodeEventWatcher.java:onTimeout(47)) - RetriableDatanodeCommand type=deleteBlocksCommand with id=1568811902526 timed out. Retrying.
2019-09-18 13:05:15,899 [pool-7-thread-4] INFO  commands.RetriableDatanodeEventWatcher (RetriableDatanodeEventWatcher.java:onTimeout(47)) - RetriableDatanodeCommand type=deleteBlocksCommand with id=1568811902467 timed out. Retrying.
2019-09-18 13:05:15,929 [pool-7-thread-4] INFO  commands.RetriableDatanodeEventWatcher (RetriableDatanodeEventWatcher.java:onTimeout(47)) - RetriableDatanodeCommand type=deleteBlocksCommand with id=1568811902477 timed out. Retrying.
2019-09-18 13:05:15,929 [pool-7-thread-3] INFO  commands.RetriableDatanodeEventWatcher (RetriableDatanodeEventWatcher.java:onTimeout(47)) - RetriableDatanodeCommand type=deleteBlocksCommand with id=1568811902418 timed out. Retrying.
2019-09-18 13:05:15,944 [pool-7-thread-3] INFO  commands.RetriableDatanodeEventWatcher (RetriableDatanodeEventWatcher.java:onTimeout(47)) - RetriableDatanodeCommand type=deleteBlocksCommand with id=1568811902487 timed out. Retrying.
2019-09-18 13:05:15,944 [pool-7-thread-4] INFO  commands.RetriableDatanodeEventWatcher (RetriableDatanodeEventWatcher.java:onTimeout(47)) - RetriableDatanodeCommand type=deleteBlocksCommand with id=1568811902428 timed out. Retrying.
2019-09-18 13:05:15,958 [pool-7-thread-3] INFO  commands.RetriableDatanodeEventWatcher (RetriableDatanodeEventWatcher.java:onTimeout(47)) - RetriableDatanodeCommand type=deleteBlocksCommand with id=1568811902438 timed out. Retrying.
2019-09-18 13:05:15,959 [pool-7-thread-4] INFO  commands.RetriableDatanodeEventWatcher (RetriableDatanodeEventWatcher.java:onTimeout(47)) - RetriableDatanodeCommand type=deleteBlocksCommand with id=1568811902497 timed out. Retrying.
2019-09-18 13:05:15,969 [SCMBlockDeletingService#0] DEBUG block.SCMBlockDeletingService (SCMBlockDeletingService.java:call(138)) - Running DeletedBlockTransactionScanner
2019-09-18 13:05:15,969 [SCMBlockDeletingService#0] DEBUG block.SCMBlockDeletingService (SCMBlockDeletingService.java:call(155)) - Scanned deleted blocks log and got 3 delTX to process.
2019-09-18 13:05:15,969 [SCMBlockDeletingService#0] DEBUG block.SCMBlockDeletingService (SCMBlockDeletingService.java:call(171)) - Added delete block command for datanode dd0a3b65-d36c-4f93-b232-3c8e6f6667b6 in the queue, number of delete block transactions: 3, TxID list: 1,2,3
2019-09-18 13:05:15,970 [SCMBlockDeletingService#0] INFO  block.SCMBlockDeletingService (SCMBlockDeletingService.java:call(182)) - Totally added 3 delete blocks command for 1 datanodes, task elapsed time: 1ms
2019-09-18 13:05:15,971 [pool-7-thread-4] INFO  commands.RetriableDatanodeEventWatcher (RetriableDatanodeEventWatcher.java:onTimeout(47)) - RetriableDatanodeCommand type=deleteBlocksCommand with id=1568811902448 timed out. Retrying.
2019-09-18 13:05:15,975 [pool-7-thread-3] INFO  commands.RetriableDatanodeEventWatcher (RetriableDatanodeEventWatcher.java:onTimeout(47)) - RetriableDatanodeCommand type=deleteBlocksCommand with id=1568811902536 timed out. Retrying.
2019-09-18 13:05:15,975 [pool-7-thread-4] INFO  commands.RetriableDatanodeEventWatcher (RetriableDatanodeEventWatcher.java:onTimeout(47)) - RetriableDatanodeCommand type=deleteBlocksCommand with id=1568811902507 timed out. Retrying.
2019-09-18 13:05:15,986 [pool-7-thread-4] INFO  commands.RetriableDatanodeEventWatcher (RetriableDatanodeEventWatcher.java:onTimeout(47)) - RetriableDatanodeCommand type=deleteBlocksCommand with id=1568811902458 timed out. Retrying.
2019-09-18 13:05:15,988 [pool-7-thread-4] INFO  commands.RetriableDatanodeEventWatcher (RetriableDatanodeEventWatcher.java:onTimeout(47)) - RetriableDatanodeCommand type=deleteBlocksCommand with id=1568811902517 timed out. Retrying.
2019-09-18 13:05:16,001 [pool-7-thread-3] INFO  commands.RetriableDatanodeEventWatcher (RetriableDatanodeEventWatcher.java:onTimeout(47)) - RetriableDatanodeCommand type=deleteBlocksCommand with id=1568811902527 timed out. Retrying.
2019-09-18 13:05:16,001 [pool-7-thread-4] INFO  commands.RetriableDatanodeEventWatcher (RetriableDatanodeEventWatcher.java:onTimeout(47)) - RetriableDatanodeCommand type=deleteBlocksCommand with id=1568811902468 timed out. Retrying.
2019-09-18 13:05:16,030 [pool-7-thread-4] INFO  commands.RetriableDatanodeEventWatcher (RetriableDatanodeEventWatcher.java:onTimeout(47)) - RetriableDatanodeCommand type=deleteBlocksCommand with id=1568811902478 timed out. Retrying.
2019-09-18 13:05:16,030 [pool-7-thread-3] INFO  commands.RetriableDatanodeEventWatcher (RetriableDatanodeEventWatcher.java:onTimeout(47)) - RetriableDatanodeCommand type=deleteBlocksCommand with id=1568811902419 timed out. Retrying.
2019-09-18 13:05:16,044 [pool-7-thread-3] INFO  commands.RetriableDatanodeEventWatcher (RetriableDatanodeEventWatcher.java:onTimeout(47)) - RetriableDatanodeCommand type=deleteBlocksCommand with id=1568811902488 timed out. Retrying.
2019-09-18 13:05:16,050 [pool-7-thread-3] INFO  commands.RetriableDatanodeEventWatcher (RetriableDatanodeEventWatcher.java:onTimeout(47)) - RetriableDatanodeCommand type=deleteBlocksCommand with id=1568811902429 timed out. Retrying.
2019-09-18 13:05:16,056 [pool-7-thread-3] INFO  commands.RetriableDatanodeEventWatcher (RetriableDatanodeEventWatcher.java:onTimeout(47)) - RetriableDatanodeCommand type=deleteBlocksCommand with id=1568811902439 timed out. Retrying.
2019-09-18 13:05:16,061 [pool-7-thread-3] INFO  commands.RetriableDatanodeEventWatcher (RetriableDatanodeEventWatcher.java:onTimeout(47)) - RetriableDatanodeCommand type=deleteBlocksCommand with id=1568811902498 timed out. Retrying.
2019-09-18 13:05:16,070 [SCMBlockDeletingService#0] DEBUG block.SCMBlockDeletingService (SCMBlockDeletingService.java:call(138)) - Running DeletedBlockTransactionScanner
2019-09-18 13:05:16,070 [SCMBlockDeletingService#0] DEBUG block.SCMBlockDeletingService (SCMBlockDeletingService.java:call(155)) - Scanned deleted blocks log and got 3 delTX to process.
2019-09-18 13:05:16,070 [SCMBlockDeletingService#0] DEBUG block.SCMBlockDeletingService (SCMBlockDeletingService.java:call(171)) - Added delete block command for datanode dd0a3b65-d36c-4f93-b232-3c8e6f6667b6 in the queue, number of delete block transactions: 3, TxID list: 1,2,3
2019-09-18 13:05:16,071 [SCMBlockDeletingService#0] INFO  block.SCMBlockDeletingService (SCMBlockDeletingService.java:call(182)) - Totally added 3 delete blocks command for 1 datanodes, task elapsed time: 1ms
2019-09-18 13:05:16,072 [pool-7-thread-3] INFO  commands.RetriableDatanodeEventWatcher (RetriableDatanodeEventWatcher.java:onTimeout(47)) - RetriableDatanodeCommand type=deleteBlocksCommand with id=1568811902449 timed out. Retrying.
2019-09-18 13:05:16,075 [pool-7-thread-3] INFO  commands.RetriableDatanodeEventWatcher (RetriableDatanodeEventWatcher.java:onTimeout(47)) - RetriableDatanodeCommand type=deleteBlocksCommand with id=1568811902537 timed out. Retrying.
2019-09-18 13:05:16,077 [pool-7-thread-3] INFO  commands.RetriableDatanodeEventWatcher (RetriableDatanodeEventWatcher.java:onTimeout(47)) - RetriableDatanodeCommand type=deleteBlocksCommand with id=1568811902508 timed out. Retrying.
2019-09-18 13:05:16,088 [pool-7-thread-3] INFO  commands.RetriableDatanodeEventWatcher (RetriableDatanodeEventWatcher.java:onTimeout(47)) - RetriableDatanodeCommand type=deleteBlocksCommand with id=1568811902518 timed out. Retrying.
2019-09-18 13:05:16,090 [pool-7-thread-3] INFO  commands.RetriableDatanodeEventWatcher (RetriableDatanodeEventWatcher.java:onTimeout(47)) - RetriableDatanodeCommand type=deleteBlocksCommand with id=1568811902459 timed out. Retrying.
2019-09-18 13:05:16,103 [pool-7-thread-3] INFO  commands.RetriableDatanodeEventWatcher (RetriableDatanodeEventWatcher.java:onTimeout(47)) - RetriableDatanodeCommand type=deleteBlocksCommand with id=1568811902528 timed out. Retrying.
2019-09-18 13:05:16,103 [pool-7-thread-3] INFO  commands.RetriableDatanodeEventWatcher (RetriableDatanodeEventWatcher.java:onTimeout(47)) - RetriableDatanodeCommand type=deleteBlocksCommand with id=1568811902469 timed out. Retrying.
2019-09-18 13:05:16,131 [pool-7-thread-3] INFO  commands.RetriableDatanodeEventWatcher (RetriableDatanodeEventWatcher.java:onTimeout(47)) - RetriableDatanodeCommand type=deleteBlocksCommand with id=1568811902479 timed out. Retrying.
2019-09-18 13:05:16,135 [pool-7-thread-3] INFO  commands.RetriableDatanodeEventWatcher (RetriableDatanodeEventWatcher.java:onTimeout(47)) - RetriableDatanodeCommand type=deleteBlocksCommand with id=1568811902420 timed out. Retrying.
2019-09-18 13:05:16,143 [pool-7-thread-3] INFO  commands.RetriableDatanodeEventWatcher (RetriableDatanodeEventWatcher.java:onTimeout(47)) - RetriableDatanodeCommand type=deleteBlocksCommand with id=1568811902430 timed out. Retrying.
2019-09-18 13:05:16,145 [pool-7-thread-3] INFO  commands.RetriableDatanodeEventWatcher (RetriableDatanodeEventWatcher.java:onTimeout(47)) - RetriableDatanodeCommand type=deleteBlocksCommand with id=1568811902489 timed out. Retrying.
2019-09-18 13:05:16,161 [pool-7-thread-3] INFO  commands.RetriableDatanodeEventWatcher (RetriableDatanodeEventWatcher.java:onTimeout(47)) - RetriableDatanodeCommand type=deleteBlocksCommand with id=1568811902499 timed out. Retrying.
2019-09-18 13:05:16,163 [pool-7-thread-3] INFO  commands.RetriableDatanodeEventWatcher (RetriableDatanodeEventWatcher.java:onTimeout(47)) - RetriableDatanodeCommand type=deleteBlocksCommand with id=1568811902440 timed out. Retrying.
2019-09-18 13:05:16,171 [SCMBlockDeletingService#0] DEBUG block.SCMBlockDeletingService (SCMBlockDeletingService.java:call(138)) - Running DeletedBlockTransactionScanner
2019-09-18 13:05:16,171 [SCMBlockDeletingService#0] DEBUG block.SCMBlockDeletingService (SCMBlockDeletingService.java:call(155)) - Scanned deleted blocks log and got 3 delTX to process.
2019-09-18 13:05:16,172 [SCMBlockDeletingService#0] DEBUG block.SCMBlockDeletingService (SCMBlockDeletingService.java:call(171)) - Added delete block command for datanode dd0a3b65-d36c-4f93-b232-3c8e6f6667b6 in the queue, number of delete block transactions: 3, TxID list: 1,2,3
2019-09-18 13:05:16,172 [SCMBlockDeletingService#0] INFO  block.SCMBlockDeletingService (SCMBlockDeletingService.java:call(182)) - Totally added 3 delete blocks command for 1 datanodes, task elapsed time: 1ms
2019-09-18 13:05:16,229 [pool-7-thread-5] INFO  commands.RetriableDatanodeEventWatcher (RetriableDatanodeEventWatcher.java:onTimeout(47)) - RetriableDatanodeCommand type=deleteBlocksCommand with id=1568811902509 timed out. Retrying.
2019-09-18 13:05:16,229 [pool-7-thread-6] INFO  commands.RetriableDatanodeEventWatcher (RetriableDatanodeEventWatcher.java:onTimeout(47)) - RetriableDatanodeCommand type=deleteBlocksCommand with id=1568811902450 timed out. Retrying.
2019-09-18 13:05:16,229 [pool-7-thread-7] INFO  commands.RetriableDatanodeEventWatcher (RetriableDatanodeEventWatcher.java:onTimeout(47)) - RetriableDatanodeCommand type=deleteBlocksCommand with id=1568811902460 timed out. Retrying.
2019-09-18 13:05:16,230 [pool-7-thread-2] INFO  commands.RetriableDatanodeEventWatcher (RetriableDatanodeEventWatcher.java:onTimeout(47)) - RetriableDatanodeCommand type=deleteBlocksCommand with id=1568811902538 timed out. Retrying.
2019-09-18 13:05:16,230 [pool-7-thread-4] INFO  commands.RetriableDatanodeEventWatcher (RetriableDatanodeEventWatcher.java:onTimeout(47)) - RetriableDatanodeCommand type=deleteBlocksCommand with id=1568811902519 timed out. Retrying.
2019-09-18 13:05:16,230 [pool-7-thread-3] INFO  commands.RetriableDatanodeEventWatcher (RetriableDatanodeEventWatcher.java:onTimeout(47)) - RetriableDatanodeCommand type=deleteBlocksCommand with id=1568811902470 timed out. Retrying.
2019-09-18 13:05:16,230 [pool-7-thread-1] INFO  commands.RetriableDatanodeEventWatcher (RetriableDatanodeEventWatcher.java:onTimeout(47)) - RetriableDatanodeCommand type=deleteBlocksCommand with id=1568811902529 timed out. Retrying.
2019-09-18 13:05:16,232 [pool-7-thread-1] INFO  commands.RetriableDatanodeEventWatcher (RetriableDatanodeEventWatcher.java:onTimeout(47)) - RetriableDatanodeCommand type=deleteBlocksCommand with id=1568811902480 timed out. Retrying.
2019-09-18 13:05:16,233 [pool-7-thread-1] INFO  commands.RetriableDatanodeEventWatcher (RetriableDatanodeEventWatcher.java:onTimeout(47)) - RetriableDatanodeCommand type=deleteBlocksCommand with id=1568811902421 timed out. Retrying.
2019-09-18 13:05:16,248 [pool-7-thread-1] INFO  commands.RetriableDatanodeEventWatcher (RetriableDatanodeEventWatcher.java:onTimeout(47)) - RetriableDatanodeCommand type=deleteBlocksCommand with id=1568811902490 timed out. Retrying.
2019-09-18 13:05:16,249 [Command processor thread] INFO  commandhandler.DeleteBlocksCommandHandler (DeleteBlocksCommandHandler.java:handle(106)) - Start to delete container blocks, TXIDs=[1(0),2(0),3(0)], numOfContainers=3, numOfBlocks=553
2019-09-18 13:05:16,253 [pool-7-thread-1] INFO  commands.RetriableDatanodeEventWatcher (RetriableDatanodeEventWatcher.java:onTimeout(47)) - RetriableDatanodeCommand type=deleteBlocksCommand with id=1568811902431 timed out. Retrying.
2019-09-18 13:05:16,259 [EventQueue-PendingDeleteStatusForPendingDeleteHandler] INFO  block.SCMBlockDeletingService (SCMBlockDeletingService.java:handlePendingDeletes(115)) - Block deletion txnID mismatch in datanode dd0a3b65-d36c-4f93-b232-3c8e6f6667b6 for containerID 1. Datanode delete txnID: 0, SCM txnID: 1
2019-09-18 13:05:16,260 [EventQueue-PendingDeleteStatusForPendingDeleteHandler] INFO  block.SCMBlockDeletingService (SCMBlockDeletingService.java:handlePendingDeletes(115)) - Block deletion txnID mismatch in datanode dd0a3b65-d36c-4f93-b232-3c8e6f6667b6 for containerID 2. Datanode delete txnID: 0, SCM txnID: 2
2019-09-18 13:05:16,260 [EventQueue-PendingDeleteStatusForPendingDeleteHandler] INFO  block.SCMBlockDeletingService (SCMBlockDeletingService.java:handlePendingDeletes(115)) - Block deletion txnID mismatch in datanode dd0a3b65-d36c-4f93-b232-3c8e6f6667b6 for containerID 3. Datanode delete txnID: 0, SCM txnID: 3
2019-09-18 13:05:16,261 [pool-7-thread-1] INFO  commands.RetriableDatanodeEventWatcher (RetriableDatanodeEventWatcher.java:onTimeout(47)) - RetriableDatanodeCommand type=deleteBlocksCommand with id=1568811902441 timed out. Retrying.
2019-09-18 13:05:16,263 [pool-7-thread-1] INFO  commands.RetriableDatanodeEventWatcher (RetriableDatanodeEventWatcher.java:onTimeout(47)) - RetriableDatanodeCommand type=deleteBlocksCommand with id=1568811902500 timed out. Retrying.
2019-09-18 13:05:16,272 [SCMBlockDeletingService#0] DEBUG block.SCMBlockDeletingService (SCMBlockDeletingService.java:call(138)) - Running DeletedBlockTransactionScanner
2019-09-18 13:05:16,273 [SCMBlockDeletingService#0] DEBUG block.SCMBlockDeletingService (SCMBlockDeletingService.java:call(155)) - Scanned deleted blocks log and got 3 delTX to process.
2019-09-18 13:05:16,273 [SCMBlockDeletingService#0] DEBUG block.SCMBlockDeletingService (SCMBlockDeletingService.java:call(171)) - Added delete block command for datanode dd0a3b65-d36c-4f93-b232-3c8e6f6667b6 in the queue, number of delete block transactions: 3, TxID list: 1,2,3
2019-09-18 13:05:16,273 [SCMBlockDeletingService#0] INFO  block.SCMBlockDeletingService (SCMBlockDeletingService.java:call(182)) - Totally added 3 delete blocks command for 1 datanodes, task elapsed time: 1ms
2019-09-18 13:05:16,276 [pool-7-thread-1] INFO  commands.RetriableDatanodeEventWatcher (RetriableDatanodeEventWatcher.java:onTimeout(47)) - RetriableDatanodeCommand type=deleteBlocksCommand with id=1568811902451 timed out. Retrying.
2019-09-18 13:05:16,277 [BlockDeletingService#9] INFO  background.BlockDeletingService (BlockDeletingService.java:getTasks(130)) - Plan to choose 10 containers for block deletion, actually returns 1 valid containers.
2019-09-18 13:05:16,279 [pool-7-thread-1] INFO  commands.RetriableDatanodeEventWatcher (RetriableDatanodeEventWatcher.java:onTimeout(47)) - RetriableDatanodeCommand type=deleteBlocksCommand with id=1568811902510 timed out. Retrying.
2019-09-18 13:05:16,289 [Command processor thread] INFO  commandhandler.DeleteBlocksCommandHandler (DeleteBlocksCommandHandler.java:handle(106)) - Start to delete container blocks, TXIDs=[1(0),2(0),3(0)], numOfContainers=3, numOfBlocks=553
2019-09-18 13:05:16,294 [pool-7-thread-1] INFO  commands.RetriableDatanodeEventWatcher (RetriableDatanodeEventWatcher.java:onTimeout(47)) - RetriableDatanodeCommand type=deleteBlocksCommand with id=1568811902520 timed out. Retrying.
2019-09-18 13:05:16,294 [pool-7-thread-3] INFO  commands.RetriableDatanodeEventWatcher (RetriableDatanodeEventWatcher.java:onTimeout(47)) - RetriableDatanodeCommand type=deleteBlocksCommand with id=1568811902461 timed out. Retrying.
2019-09-18 13:05:16,304 [pool-7-thread-3] INFO  commands.RetriableDatanodeEventWatcher (RetriableDatanodeEventWatcher.java:onTimeout(47)) - RetriableDatanodeCommand type=deleteBlocksCommand with id=1568811902530 timed out. Retrying.
2019-09-18 13:05:16,320 [pool-7-thread-3] INFO  commands.RetriableDatanodeEventWatcher (RetriableDatanodeEventWatcher.java:onTimeout(47)) - RetriableDatanodeCommand type=deleteBlocksCommand with id=1568811902471 timed out. Retrying.
2019-09-18 13:05:16,330 [pool-7-thread-3] INFO  commands.RetriableDatanodeEventWatcher (RetriableDatanodeEventWatcher.java:onTimeout(47)) - RetriableDatanodeCommand type=deleteBlocksCommand with id=1568811902539 timed out. Retrying.
2019-09-18 13:05:16,354 [pool-7-thread-3] INFO  commands.RetriableDatanodeEventWatcher (RetriableDatanodeEventWatcher.java:onTimeout(47)) - RetriableDatanodeCommand type=deleteBlocksCommand with id=1568811902481 timed out. Retrying.
2019-09-18 13:05:16,354 [pool-7-thread-2] INFO  commands.RetriableDatanodeEventWatcher (RetriableDatanodeEventWatcher.java:onTimeout(47)) - RetriableDatanodeCommand type=deleteBlocksCommand with id=1568811902432 timed out. Retrying.
2019-09-18 13:05:16,355 [pool-7-thread-4] INFO  commands.RetriableDatanodeEventWatcher (RetriableDatanodeEventWatcher.java:onTimeout(47)) - RetriableDatanodeCommand type=deleteBlocksCommand with id=1568811902422 timed out. Retrying.
2019-09-18 13:05:16,355 [pool-7-thread-1] INFO  commands.RetriableDatanodeEventWatcher (RetriableDatanodeEventWatcher.java:onTimeout(47)) - RetriableDatanodeCommand type=deleteBlocksCommand with id=1568811902491 timed out. Retrying.
2019-09-18 13:05:16,363 [pool-7-thread-1] INFO  commands.RetriableDatanodeEventWatcher (RetriableDatanodeEventWatcher.java:onTimeout(47)) - RetriableDatanodeCommand type=deleteBlocksCommand with id=1568811902501 timed out. Retrying.
2019-09-18 13:05:16,367 [pool-7-thread-1] INFO  commands.RetriableDatanodeEventWatcher (RetriableDatanodeEventWatcher.java:onTimeout(47)) - RetriableDatanodeCommand type=deleteBlocksCommand with id=1568811902442 timed out. Retrying.
2019-09-18 13:05:16,373 [SCMBlockDeletingService#0] DEBUG block.SCMBlockDeletingService (SCMBlockDeletingService.java:call(138)) - Running DeletedBlockTransactionScanner
2019-09-18 13:05:16,374 [SCMBlockDeletingService#0] DEBUG block.SCMBlockDeletingService (SCMBlockDeletingService.java:call(155)) - Scanned deleted blocks log and got 3 delTX to process.
2019-09-18 13:05:16,374 [SCMBlockDeletingService#0] DEBUG block.SCMBlockDeletingService (SCMBlockDeletingService.java:call(171)) - Added delete block command for datanode dd0a3b65-d36c-4f93-b232-3c8e6f6667b6 in the queue, number of delete block transactions: 3, TxID list: 1,2,3
2019-09-18 13:05:16,374 [SCMBlockDeletingService#0] INFO  block.SCMBlockDeletingService (SCMBlockDeletingService.java:call(182)) - Totally added 3 delete blocks command for 1 datanodes, task elapsed time: 1ms
2019-09-18 13:05:16,381 [pool-7-thread-1] INFO  commands.RetriableDatanodeEventWatcher (RetriableDatanodeEventWatcher.java:onTimeout(47)) - RetriableDatanodeCommand type=deleteBlocksCommand with id=1568811902511 timed out. Retrying.
2019-09-18 13:05:16,381 [pool-7-thread-4] INFO  commands.RetriableDatanodeEventWatcher (RetriableDatanodeEventWatcher.java:onTimeout(47)) - RetriableDatanodeCommand type=deleteBlocksCommand with id=1568811902452 timed out. Retrying.
2019-09-18 13:05:16,393 [pool-7-thread-4] INFO  commands.RetriableDatanodeEventWatcher (RetriableDatanodeEventWatcher.java:onTimeout(47)) - RetriableDatanodeCommand type=deleteBlocksCommand with id=1568811902521 timed out. Retrying.
2019-09-18 13:05:16,393 [pool-7-thread-1] INFO  commands.RetriableDatanodeEventWatcher (RetriableDatanodeEventWatcher.java:onTimeout(47)) - RetriableDatanodeCommand type=deleteBlocksCommand with id=1568811902462 timed out. Retrying.
2019-09-18 13:05:16,404 [pool-7-thread-1] INFO  commands.RetriableDatanodeEventWatcher (RetriableDatanodeEventWatcher.java:onTimeout(47)) - RetriableDatanodeCommand type=deleteBlocksCommand with id=1568811902531 timed out. Retrying.
2019-09-18 13:05:16,423 [pool-7-thread-1] INFO  commands.RetriableDatanodeEventWatcher (RetriableDatanodeEventWatcher.java:onTimeout(47)) - RetriableDatanodeCommand type=deleteBlocksCommand with id=1568811902472 timed out. Retrying.
2019-09-18 13:05:16,459 [pool-7-thread-1] INFO  commands.RetriableDatanodeEventWatcher (RetriableDatanodeEventWatcher.java:onTimeout(47)) - RetriableDatanodeCommand type=deleteBlocksCommand with id=1568811902482 timed out. Retrying.
2019-09-18 13:05:16,459 [pool-7-thread-6] INFO  commands.RetriableDatanodeEventWatcher (RetriableDatanodeEventWatcher.java:onTimeout(47)) - RetriableDatanodeCommand type=deleteBlocksCommand with id=1568811902433 timed out. Retrying.
2019-09-18 13:05:16,459 [pool-7-thread-3] INFO  commands.RetriableDatanodeEventWatcher (RetriableDatanodeEventWatcher.java:onTimeout(47)) - RetriableDatanodeCommand type=deleteBlocksCommand with id=1568811902423 timed out. Retrying.
2019-09-18 13:05:16,460 [pool-7-thread-7] INFO  commands.RetriableDatanodeEventWatcher (RetriableDatanodeEventWatcher.java:onTimeout(47)) - RetriableDatanodeCommand type=deleteBlocksCommand with id=1568811902413 timed out. Retrying.
2019-09-18 13:05:16,460 [pool-7-thread-2] INFO  commands.RetriableDatanodeEventWatcher (RetriableDatanodeEventWatcher.java:onTimeout(47)) - RetriableDatanodeCommand type=deleteBlocksCommand with id=1568811902540 timed out. Retrying.
2019-09-18 13:05:16,460 [pool-7-thread-4] INFO  commands.RetriableDatanodeEventWatcher (RetriableDatanodeEventWatcher.java:onTimeout(47)) - RetriableDatanodeCommand type=deleteBlocksCommand with id=1568811902492 timed out. Retrying.
2019-09-18 13:05:16,465 [pool-7-thread-4] INFO  commands.RetriableDatanodeEventWatcher (RetriableDatanodeEventWatcher.java:onTimeout(47)) - RetriableDatanodeCommand type=deleteBlocksCommand with id=1568811902502 timed out. Retrying.
2019-09-18 13:05:16,468 [pool-7-thread-4] INFO  commands.RetriableDatanodeEventWatcher (RetriableDatanodeEventWatcher.java:onTimeout(47)) - RetriableDatanodeCommand type=deleteBlocksCommand with id=1568811902443 timed out. Retrying.
2019-09-18 13:05:16,475 [SCMBlockDeletingService#0] DEBUG block.SCMBlockDeletingService (SCMBlockDeletingService.java:call(138)) - Running DeletedBlockTransactionScanner
2019-09-18 13:05:16,475 [SCMBlockDeletingService#0] DEBUG block.SCMBlockDeletingService (SCMBlockDeletingService.java:call(155)) - Scanned deleted blocks log and got 3 delTX to process.
2019-09-18 13:05:16,475 [SCMBlockDeletingService#0] DEBUG block.SCMBlockDeletingService (SCMBlockDeletingService.java:call(171)) - Added delete block command for datanode dd0a3b65-d36c-4f93-b232-3c8e6f6667b6 in the queue, number of delete block transactions: 3, TxID list: 1,2,3
2019-09-18 13:05:16,476 [SCMBlockDeletingService#0] INFO  block.SCMBlockDeletingService (SCMBlockDeletingService.java:call(182)) - Totally added 3 delete blocks command for 1 datanodes, task elapsed time: 1ms
2019-09-18 13:05:16,483 [pool-7-thread-4] INFO  commands.RetriableDatanodeEventWatcher (RetriableDatanodeEventWatcher.java:onTimeout(47)) - RetriableDatanodeCommand type=deleteBlocksCommand with id=1568811902512 timed out. Retrying.
2019-09-18 13:05:16,483 [pool-7-thread-2] INFO  commands.RetriableDatanodeEventWatcher (RetriableDatanodeEventWatcher.java:onTimeout(47)) - RetriableDatanodeCommand type=deleteBlocksCommand with id=1568811902453 timed out. Retrying.
2019-09-18 13:05:16,493 [pool-7-thread-2] INFO  commands.RetriableDatanodeEventWatcher (RetriableDatanodeEventWatcher.java:onTimeout(47)) - RetriableDatanodeCommand type=deleteBlocksCommand with id=1568811902522 timed out. Retrying.
2019-09-18 13:05:16,498 [pool-7-thread-2] INFO  commands.RetriableDatanodeEventWatcher (RetriableDatanodeEventWatcher.java:onTimeout(47)) - RetriableDatanodeCommand type=deleteBlocksCommand with id=1568811902463 timed out. Retrying.
2019-09-18 13:05:16,507 [pool-7-thread-2] INFO  commands.RetriableDatanodeEventWatcher (RetriableDatanodeEventWatcher.java:onTimeout(47)) - RetriableDatanodeCommand type=deleteBlocksCommand with id=1568811902532 timed out. Retrying.
2019-09-18 13:05:16,564 [pool-7-thread-2] INFO  commands.RetriableDatanodeEventWatcher (RetriableDatanodeEventWatcher.java:onTimeout(47)) - RetriableDatanodeCommand type=deleteBlocksCommand with id=1568811902541 timed out. Retrying.
2019-09-18 13:05:16,569 [pool-7-thread-2] INFO  commands.RetriableDatanodeEventWatcher (RetriableDatanodeEventWatcher.java:onTimeout(47)) - RetriableDatanodeCommand type=deleteBlocksCommand with id=1568811902493 timed out. Retrying.
2019-09-18 13:05:16,571 [pool-7-thread-2] INFO  commands.RetriableDatanodeEventWatcher (RetriableDatanodeEventWatcher.java:onTimeout(47)) - RetriableDatanodeCommand type=deleteBlocksCommand with id=1568811902483 timed out. Retrying.
2019-09-18 13:05:16,571 [pool-7-thread-5] INFO  commands.RetriableDatanodeEventWatcher (RetriableDatanodeEventWatcher.java:onTimeout(47)) - RetriableDatanodeCommand type=deleteBlocksCommand with id=1568811902444 timed out. Retrying.
2019-09-18 13:05:16,572 [pool-7-thread-6] INFO  commands.RetriableDatanodeEventWatcher (RetriableDatanodeEventWatcher.java:onTimeout(47)) - RetriableDatanodeCommand type=deleteBlocksCommand with id=1568811902414 timed out. Retrying.
2019-09-18 13:05:16,572 [pool-7-thread-3] INFO  commands.RetriableDatanodeEventWatcher (RetriableDatanodeEventWatcher.java:onTimeout(47)) - RetriableDatanodeCommand type=deleteBlocksCommand with id=1568811902424 timed out. Retrying.
2019-09-18 13:05:16,572 [pool-7-thread-4] INFO  commands.RetriableDatanodeEventWatcher (RetriableDatanodeEventWatcher.java:onTimeout(47)) - RetriableDatanodeCommand type=deleteBlocksCommand with id=1568811902473 timed out. Retrying.
2019-09-18 13:05:16,572 [pool-7-thread-1] INFO  commands.RetriableDatanodeEventWatcher (RetriableDatanodeEventWatcher.java:onTimeout(47)) - RetriableDatanodeCommand type=deleteBlocksCommand with id=1568811902434 timed out. Retrying.
2019-09-18 13:05:16,572 [pool-7-thread-7] INFO  commands.RetriableDatanodeEventWatcher (RetriableDatanodeEventWatcher.java:onTimeout(47)) - RetriableDatanodeCommand type=deleteBlocksCommand with id=1568811902503 timed out. Retrying.
2019-09-18 13:05:16,576 [SCMBlockDeletingService#0] DEBUG block.SCMBlockDeletingService (SCMBlockDeletingService.java:call(138)) - Running DeletedBlockTransactionScanner
2019-09-18 13:05:16,576 [SCMBlockDeletingService#0] DEBUG block.SCMBlockDeletingService (SCMBlockDeletingService.java:call(155)) - Scanned deleted blocks log and got 3 delTX to process.
2019-09-18 13:05:16,577 [SCMBlockDeletingService#0] DEBUG block.SCMBlockDeletingService (SCMBlockDeletingService.java:call(171)) - Added delete block command for datanode dd0a3b65-d36c-4f93-b232-3c8e6f6667b6 in the queue, number of delete block transactions: 3, TxID list: 1,2,3
2019-09-18 13:05:16,577 [SCMBlockDeletingService#0] INFO  block.SCMBlockDeletingService (SCMBlockDeletingService.java:call(182)) - Totally added 3 delete blocks command for 1 datanodes, task elapsed time: 1ms
2019-09-18 13:05:16,584 [pool-7-thread-7] INFO  commands.RetriableDatanodeEventWatcher (RetriableDatanodeEventWatcher.java:onTimeout(47)) - RetriableDatanodeCommand type=deleteBlocksCommand with id=1568811902513 timed out. Retrying.
2019-09-18 13:05:16,584 [pool-7-thread-1] INFO  commands.RetriableDatanodeEventWatcher (RetriableDatanodeEventWatcher.java:onTimeout(47)) - RetriableDatanodeCommand type=deleteBlocksCommand with id=1568811902454 timed out. Retrying.
2019-09-18 13:05:16,595 [pool-7-thread-7] INFO  commands.RetriableDatanodeEventWatcher (RetriableDatanodeEventWatcher.java:onTimeout(47)) - RetriableDatanodeCommand type=deleteBlocksCommand with id=1568811902523 timed out. Retrying.
2019-09-18 13:05:16,595 [pool-7-thread-1] INFO  commands.RetriableDatanodeEventWatcher (RetriableDatanodeEventWatcher.java:onTimeout(47)) - RetriableDatanodeCommand type=deleteBlocksCommand with id=1568811902464 timed out. Retrying.
2019-09-18 13:05:16,626 [pool-7-thread-7] INFO  commands.RetriableDatanodeEventWatcher (RetriableDatanodeEventWatcher.java:onTimeout(47)) - RetriableDatanodeCommand type=deleteBlocksCommand with id=1568811902415 timed out. Retrying.
2019-09-18 13:05:16,626 [pool-7-thread-1] INFO  commands.RetriableDatanodeEventWatcher (RetriableDatanodeEventWatcher.java:onTimeout(47)) - RetriableDatanodeCommand type=deleteBlocksCommand with id=1568811902474 timed out. Retrying.
2019-09-18 13:05:16,638 [pool-7-thread-7] INFO  commands.RetriableDatanodeEventWatcher (RetriableDatanodeEventWatcher.java:onTimeout(47)) - RetriableDatanodeCommand type=deleteBlocksCommand with id=1568811902425 timed out. Retrying.
2019-09-18 13:05:16,638 [pool-7-thread-1] INFO  commands.RetriableDatanodeEventWatcher (RetriableDatanodeEventWatcher.java:onTimeout(47)) - RetriableDatanodeCommand type=deleteBlocksCommand with id=1568811902484 timed out. Retrying.
2019-09-18 13:05:16,655 [pool-7-thread-1] INFO  commands.RetriableDatanodeEventWatcher (RetriableDatanodeEventWatcher.java:onTimeout(47)) - RetriableDatanodeCommand type=deleteBlocksCommand with id=1568811902494 timed out. Retrying.
2019-09-18 13:05:16,656 [pool-7-thread-1] INFO  commands.RetriableDatanodeEventWatcher (RetriableDatanodeEventWatcher.java:onTimeout(47)) - RetriableDatanodeCommand type=deleteBlocksCommand with id=1568811902435 timed out. Retrying.
2019-09-18 13:05:16,666 [pool-7-thread-1] INFO  commands.RetriableDatanodeEventWatcher (RetriableDatanodeEventWatcher.java:onTimeout(47)) - RetriableDatanodeCommand type=deleteBlocksCommand with id=1568811902542 timed out. Retrying.
2019-09-18 13:05:16,668 [pool-7-thread-1] INFO  commands.RetriableDatanodeEventWatcher (RetriableDatanodeEventWatcher.java:onTimeout(47)) - RetriableDatanodeCommand type=deleteBlocksCommand with id=1568811902445 timed out. Retrying.
2019-09-18 13:05:16,670 [pool-7-thread-7] INFO  commands.RetriableDatanodeEventWatcher (RetriableDatanodeEventWatcher.java:onTimeout(47)) - RetriableDatanodeCommand type=deleteBlocksCommand with id=1568811902533 timed out. Retrying.
2019-09-18 13:05:16,671 [pool-7-thread-1] INFO  commands.RetriableDatanodeEventWatcher (RetriableDatanodeEventWatcher.java:onTimeout(47)) - RetriableDatanodeCommand type=deleteBlocksCommand with id=1568811902504 timed out. Retrying.
2019-09-18 13:05:16,677 [SCMBlockDeletingService#0] DEBUG block.SCMBlockDeletingService (SCMBlockDeletingService.java:call(138)) - Running DeletedBlockTransactionScanner
2019-09-18 13:05:16,678 [SCMBlockDeletingService#0] DEBUG block.SCMBlockDeletingService (SCMBlockDeletingService.java:call(155)) - Scanned deleted blocks log and got 3 delTX to process.
2019-09-18 13:05:16,678 [SCMBlockDeletingService#0] DEBUG block.SCMBlockDeletingService (SCMBlockDeletingService.java:call(171)) - Added delete block command for datanode dd0a3b65-d36c-4f93-b232-3c8e6f6667b6 in the queue, number of delete block transactions: 3, TxID list: 1,2,3
2019-09-18 13:05:16,678 [SCMBlockDeletingService#0] INFO  block.SCMBlockDeletingService (SCMBlockDeletingService.java:call(182)) - Totally added 3 delete blocks command for 1 datanodes, task elapsed time: 1ms
2019-09-18 13:05:16,686 [pool-7-thread-7] INFO  commands.RetriableDatanodeEventWatcher (RetriableDatanodeEventWatcher.java:onTimeout(47)) - RetriableDatanodeCommand type=deleteBlocksCommand with id=1568811902455 timed out. Retrying.
2019-09-18 13:05:16,686 [pool-7-thread-1] INFO  commands.RetriableDatanodeEventWatcher (RetriableDatanodeEventWatcher.java:onTimeout(47)) - RetriableDatanodeCommand type=deleteBlocksCommand with id=1568811902514 timed out. Retrying.
2019-09-18 13:05:16,698 [pool-7-thread-7] INFO  commands.RetriableDatanodeEventWatcher (RetriableDatanodeEventWatcher.java:onTimeout(47)) - RetriableDatanodeCommand type=deleteBlocksCommand with id=1568811902524 timed out. Retrying.
2019-09-18 13:05:16,698 [pool-7-thread-1] INFO  commands.RetriableDatanodeEventWatcher (RetriableDatanodeEventWatcher.java:onTimeout(47)) - RetriableDatanodeCommand type=deleteBlocksCommand with id=1568811902465 timed out. Retrying.
2019-09-18 13:05:16,727 [pool-7-thread-7] INFO  commands.RetriableDatanodeEventWatcher (RetriableDatanodeEventWatcher.java:onTimeout(47)) - RetriableDatanodeCommand type=deleteBlocksCommand with id=1568811902416 timed out. Retrying.
2019-09-18 13:05:16,727 [pool-7-thread-1] INFO  commands.RetriableDatanodeEventWatcher (RetriableDatanodeEventWatcher.java:onTimeout(47)) - RetriableDatanodeCommand type=deleteBlocksCommand with id=1568811902475 timed out. Retrying.
2019-09-18 13:05:16,740 [pool-7-thread-1] INFO  commands.RetriableDatanodeEventWatcher (RetriableDatanodeEventWatcher.java:onTimeout(47)) - RetriableDatanodeCommand type=deleteBlocksCommand with id=1568811902485 timed out. Retrying.
2019-09-18 13:05:16,742 [pool-7-thread-1] INFO  commands.RetriableDatanodeEventWatcher (RetriableDatanodeEventWatcher.java:onTimeout(47)) - RetriableDatanodeCommand type=deleteBlocksCommand with id=1568811902426 timed out. Retrying.
2019-09-18 13:05:16,754 [pool-7-thread-1] INFO  commands.RetriableDatanodeEventWatcher (RetriableDatanodeEventWatcher.java:onTimeout(47)) - RetriableDatanodeCommand type=deleteBlocksCommand with id=1568811902495 timed out. Retrying.
2019-09-18 13:05:16,756 [pool-7-thread-1] INFO  commands.RetriableDatanodeEventWatcher (RetriableDatanodeEventWatcher.java:onTimeout(47)) - RetriableDatanodeCommand type=deleteBlocksCommand with id=1568811902436 timed out. Retrying.
2019-09-18 13:05:16,801 [SCMBlockDeletingService#0] DEBUG block.SCMBlockDeletingService (RetriableDatanodeEventWatcher.java:onTimeout(47)) - RetriableDatanodeCommand type=deleteBlocksCommand with id=1568811902543 timed out. Retrying.
SCMBlockDeletingService.java:call(138)) - Running DeletedBlockTransactionScanner
2019-09-18 13:05:16,767 [pool-7-thread-1] INFO  commands.RetriableDatanodeEventWatcher (RetriableDatanodeEventWatcher.java:onTimeout(47)) - RetriableDatanodeCommand type=deleteBlocksCommand with id=1568811902543 timed out. Retrying.
2019-09-18 13:05:16,801 [SCMBlockDeletingService#0] DEBUG block.SCMBlockDeletingService (RetriableDatanodeEventWatcher.java:onTimeout(47)) - RetriableDatanodeCommand type=deleteBlocksCommand with id=1568811902456 timed out. Retrying.
SCMBlockDeletingService.java:call(155)) - Scanned deleted blocks log and got 3 delTX to process.
2019-09-18 13:05:16,801 [pool-7-thread-2] INFO  commands.RetriableDatanodeEventWatcher (RetriableDatanodeEventWatcher.java:onTimeout(47)) - RetriableDatanodeCommand type=deleteBlocksCommand with id=1568811902456 timed out. Retrying.
2019-09-18 13:05:16,802 [pool-7-thread-5] INFO  commands.RetriableDatanodeEventWatcher (SCMBlockDeletingService.java:call(171)) - Added delete block command for datanode dd0a3b65-d36c-4f93-b232-3c8e6f6667b6 in the queue, number of delete block transactions: 3, TxID list: 1,2,3
2019-09-18 13:05:16,802 [pool-7-thread-5] INFO  commands.RetriableDatanodeEventWatcher (RetriableDatanodeEventWatcher.java:onTimeout(47)) - RetriableDatanodeCommand type=deleteBlocksCommand with id=1568811902534 timed out. Retrying.
2019-09-18 13:05:16,802 [pool-7-thread-6] INFO  commands.RetriableDatanodeEventWatcher (RetriableDatanodeEventWatcher.java:onTimeout(47)) - RetriableDatanodeCommand type=deleteBlocksCommand with id=1568811902505 timed out. Retrying.
2019-09-18 13:05:16,802 [pool-7-thread-3] INFO  commands.RetriableDatanodeEventWatcher (SCMBlockDeletingService.java:call(182)) - Totally added 3 delete blocks command for 1 datanodes, task elapsed time: 1ms
2019-09-18 13:05:16,802 [pool-7-thread-3] INFO  commands.RetriableDatanodeEventWatcher (RetriableDatanodeEventWatcher.java:onTimeout(47)) - RetriableDatanodeCommand type=deleteBlocksCommand with id=1568811902525 timed out. Retrying.
2019-09-18 13:05:16,802 [pool-7-thread-4] INFO  commands.RetriableDatanodeEventWatcher (RetriableDatanodeEventWatcher.java:onTimeout(47)) - RetriableDatanodeCommand type=deleteBlocksCommand with id=1568811902515 timed out. Retrying.
2019-09-18 13:05:16,802 [pool-7-thread-7] INFO  commands.RetriableDatanodeEventWatcher (RetriableDatanodeEventWatcher.java:onTimeout(47)) - RetriableDatanodeCommand type=deleteBlocksCommand with id=1568811902466 timed out. Retrying.
2019-09-18 13:05:16,803 [pool-7-thread-8] INFO  commands.RetriableDatanodeEventWatcher (RetriableDatanodeEventWatcher.java:onTimeout(47)) - RetriableDatanodeCommand type=deleteBlocksCommand with id=1568811902446 timed out. Retrying.
2019-09-18 13:05:16,830 [pool-7-thread-7] INFO  commands.RetriableDatanodeEventWatcher (RetriableDatanodeEventWatcher.java:onTimeout(47)) - RetriableDatanodeCommand type=deleteBlocksCommand with id=1568811902417 timed out. Retrying.
2019-09-18 13:05:16,831 [pool-7-thread-8] INFO  commands.RetriableDatanodeEventWatcher (RetriableDatanodeEventWatcher.java:onTimeout(47)) - RetriableDatanodeCommand type=deleteBlocksCommand with id=1568811902476 timed out. Retrying.
2019-09-18 13:05:16,842 [pool-7-thread-7] INFO  commands.RetriableDatanodeEventWatcher (RetriableDatanodeEventWatcher.java:onTimeout(47)) - RetriableDatanodeCommand type=deleteBlocksCommand with id=1568811902427 timed out. Retrying.
2019-09-18 13:05:16,842 [pool-7-thread-8] INFO  commands.RetriableDatanodeEventWatcher (RetriableDatanodeEventWatcher.java:onTimeout(47)) - RetriableDatanodeCommand type=deleteBlocksCommand with id=1568811902486 timed out. Retrying.
2019-09-18 13:05:16,856 [pool-7-thread-8] INFO  commands.RetriableDatanodeEventWatcher (RetriableDatanodeEventWatcher.java:onTimeout(47)) - RetriableDatanodeCommand type=deleteBlocksCommand with id=1568811902496 timed out. Retrying.
2019-09-18 13:05:16,858 [pool-7-thread-8] INFO  commands.RetriableDatanodeEventWatcher (RetriableDatanodeEventWatcher.java:onTimeout(47)) - RetriableDatanodeCommand type=deleteBlocksCommand with id=1568811902437 timed out. Retrying.
2019-09-18 13:05:16,869 [pool-7-thread-7] INFO  commands.RetriableDatanodeEventWatcher (RetriableDatanodeEventWatcher.java:onTimeout(47)) - RetriableDatanodeCommand type=deleteBlocksCommand with id=1568811902447 timed out. Retrying.
2019-09-18 13:05:16,869 [pool-7-thread-8] INFO  commands.RetriableDatanodeEventWatcher (RetriableDatanodeEventWatcher.java:onTimeout(47)) - RetriableDatanodeCommand type=deleteBlocksCommand with id=1568811902544 timed out. Retrying.
2019-09-18 13:05:16,872 [pool-7-thread-8] INFO  commands.RetriableDatanodeEventWatcher (RetriableDatanodeEventWatcher.java:onTimeout(47)) - RetriableDatanodeCommand type=deleteBlocksCommand with id=1568811902535 timed out. Retrying.
2019-09-18 13:05:16,876 [pool-7-thread-8] INFO  commands.RetriableDatanodeEventWatcher (RetriableDatanodeEventWatcher.java:onTimeout(47)) - RetriableDatanodeCommand type=deleteBlocksCommand with id=1568811902506 timed out. Retrying.
2019-09-18 13:05:16,886 [pool-7-thread-8] INFO  commands.RetriableDatanodeEventWatcher (RetriableDatanodeEventWatcher.java:onTimeout(47)) - RetriableDatanodeCommand type=deleteBlocksCommand with id=1568811902516 timed out. Retrying.
2019-09-18 13:05:16,886 [pool-7-thread-7] INFO  commands.RetriableDatanodeEventWatcher (RetriableDatanodeEventWatcher.java:onTimeout(47)) - RetriableDatanodeCommand type=deleteBlocksCommand with id=1568811902457 timed out. Retrying.
2019-09-18 13:05:16,900 [pool-7-thread-7] INFO  commands.RetriableDatanodeEventWatcher (RetriableDatanodeEventWatcher.java:onTimeout(47)) - RetriableDatanodeCommand type=deleteBlocksCommand with id=1568811902467 timed out. Retrying.
2019-09-18 13:05:16,900 [pool-7-thread-8] INFO  commands.RetriableDatanodeEventWatcher (RetriableDatanodeEventWatcher.java:onTimeout(47)) - RetriableDatanodeCommand type=deleteBlocksCommand with id=1568811902526 timed out. Retrying.
2019-09-18 13:05:16,902 [SCMBlockDeletingService#0] DEBUG block.SCMBlockDeletingService (SCMBlockDeletingService.java:call(138)) - Running DeletedBlockTransactionScanner
2019-09-18 13:05:16,903 [SCMBlockDeletingService#0] DEBUG block.SCMBlockDeletingService (SCMBlockDeletingService.java:call(155)) - Scanned deleted blocks log and got 3 delTX to process.
2019-09-18 13:05:16,903 [SCMBlockDeletingService#0] DEBUG block.SCMBlockDeletingService (SCMBlockDeletingService.java:call(171)) - Added delete block command for datanode dd0a3b65-d36c-4f93-b232-3c8e6f6667b6 in the queue, number of delete block transactions: 3, TxID list: 1,2,3
2019-09-18 13:05:16,903 [SCMBlockDeletingService#0] INFO  block.SCMBlockDeletingService (SCMBlockDeletingService.java:call(182)) - Totally added 3 delete blocks command for 1 datanodes, task elapsed time: 1ms
2019-09-18 13:05:16,929 [pool-7-thread-7] INFO  commands.RetriableDatanodeEventWatcher (RetriableDatanodeEventWatcher.java:onTimeout(47)) - RetriableDatanodeCommand type=deleteBlocksCommand with id=1568811902418 timed out. Retrying.
2019-09-18 13:05:16,929 [pool-7-thread-8] INFO  commands.RetriableDatanodeEventWatcher (RetriableDatanodeEventWatcher.java:onTimeout(47)) - RetriableDatanodeCommand type=deleteBlocksCommand with id=1568811902477 timed out. Retrying.
2019-09-18 13:05:16,945 [pool-7-thread-8] INFO  commands.RetriableDatanodeEventWatcher (RetriableDatanodeEventWatcher.java:onTimeout(47)) - RetriableDatanodeCommand type=deleteBlocksCommand with id=1568811902487 timed out. Retrying.
2019-09-18 13:05:16,945 [pool-7-thread-7] INFO  commands.RetriableDatanodeEventWatcher (RetriableDatanodeEventWatcher.java:onTimeout(47)) - RetriableDatanodeCommand type=deleteBlocksCommand with id=1568811902428 timed out. Retrying.
2019-09-18 13:05:16,958 [pool-7-thread-7] INFO  commands.RetriableDatanodeEventWatcher (RetriableDatanodeEventWatcher.java:onTimeout(47)) - RetriableDatanodeCommand type=deleteBlocksCommand with id=1568811902497 timed out. Retrying.
2019-09-18 13:05:16,959 [pool-7-thread-8] INFO  commands.RetriableDatanodeEventWatcher (RetriableDatanodeEventWatcher.java:onTimeout(47)) - RetriableDatanodeCommand type=deleteBlocksCommand with id=1568811902438 timed out. Retrying.
2019-09-18 13:05:16,970 [pool-7-thread-8] INFO  commands.RetriableDatanodeEventWatcher (RetriableDatanodeEventWatcher.java:onTimeout(47)) - RetriableDatanodeCommand type=deleteBlocksCommand with id=1568811902545 timed out. Retrying.
2019-09-18 13:05:16,971 [pool-7-thread-8] INFO  commands.RetriableDatanodeEventWatcher (RetriableDatanodeEventWatcher.java:onTimeout(47)) - RetriableDatanodeCommand type=deleteBlocksCommand with id=1568811902448 timed out. Retrying.
2019-09-18 13:05:16,976 [pool-7-thread-7] INFO  commands.RetriableDatanodeEventWatcher (RetriableDatanodeEventWatcher.java:onTimeout(47)) - RetriableDatanodeCommand type=deleteBlocksCommand with id=1568811902536 timed out. Retrying.
2019-09-18 13:05:16,976 [pool-7-thread-8] INFO  commands.RetriableDatanodeEventWatcher (RetriableDatanodeEventWatcher.java:onTimeout(47)) - RetriableDatanodeCommand type=deleteBlocksCommand with id=1568811902507 timed out. Retrying.
2019-09-18 13:05:16,985 [pool-7-thread-8] INFO  commands.RetriableDatanodeEventWatcher (RetriableDatanodeEventWatcher.java:onTimeout(47)) - RetriableDatanodeCommand type=deleteBlocksCommand with id=1568811902458 timed out. Retrying.
2019-09-18 13:05:16,989 [pool-7-thread-8] INFO  commands.RetriableDatanodeEventWatcher (RetriableDatanodeEventWatcher.java:onTimeout(47)) - RetriableDatanodeCommand type=deleteBlocksCommand with id=1568811902517 timed out. Retrying.
2019-09-18 13:05:17,001 [pool-7-thread-8] INFO  commands.RetriableDatanodeEventWatcher (RetriableDatanodeEventWatcher.java:onTimeout(47)) - RetriableDatanodeCommand type=deleteBlocksCommand with id=1568811902527 timed out. Retrying.
2019-09-18 13:05:17,001 [pool-7-thread-8] INFO  commands.RetriableDatanodeEventWatcher (RetriableDatanodeEventWatcher.java:onTimeout(47)) - RetriableDatanodeCommand type=deleteBlocksCommand with id=1568811902468 timed out. Retrying.
2019-09-18 13:05:17,004 [SCMBlockDeletingService#0] DEBUG block.SCMBlockDeletingService (SCMBlockDeletingService.java:call(138)) - Running DeletedBlockTransactionScanner
2019-09-18 13:05:17,004 [SCMBlockDeletingService#0] DEBUG block.SCMBlockDeletingService (SCMBlockDeletingService.java:call(155)) - Scanned deleted blocks log and got 3 delTX to process.
2019-09-18 13:05:17,004 [SCMBlockDeletingService#0] DEBUG block.SCMBlockDeletingService (SCMBlockDeletingService.java:call(171)) - Added delete block command for datanode dd0a3b65-d36c-4f93-b232-3c8e6f6667b6 in the queue, number of delete block transactions: 3, TxID list: 1,2,3
2019-09-18 13:05:17,005 [SCMBlockDeletingService#0] INFO  block.SCMBlockDeletingService (SCMBlockDeletingService.java:call(182)) - Totally added 3 delete blocks command for 1 datanodes, task elapsed time: 1ms
2019-09-18 13:05:17,030 [pool-7-thread-8] INFO  commands.RetriableDatanodeEventWatcher (RetriableDatanodeEventWatcher.java:onTimeout(47)) - RetriableDatanodeCommand type=deleteBlocksCommand with id=1568811902478 timed out. Retrying.
2019-09-18 13:05:17,031 [pool-7-thread-7] INFO  commands.RetriableDatanodeEventWatcher (RetriableDatanodeEventWatcher.java:onTimeout(47)) - RetriableDatanodeCommand type=deleteBlocksCommand with id=1568811902419 timed out. Retrying.
2019-09-18 13:05:17,044 [pool-7-thread-7] INFO  commands.RetriableDatanodeEventWatcher (RetriableDatanodeEventWatcher.java:onTimeout(47)) - RetriableDatanodeCommand type=deleteBlocksCommand with id=1568811902488 timed out. Retrying.
2019-09-18 13:05:17,050 [pool-7-thread-7] INFO  commands.RetriableDatanodeEventWatcher (RetriableDatanodeEventWatcher.java:onTimeout(47)) - RetriableDatanodeCommand type=deleteBlocksCommand with id=1568811902429 timed out. Retrying.
2019-09-18 13:05:17,056 [pool-7-thread-7] INFO  commands.RetriableDatanodeEventWatcher (RetriableDatanodeEventWatcher.java:onTimeout(47)) - RetriableDatanodeCommand type=deleteBlocksCommand with id=1568811902439 timed out. Retrying.
2019-09-18 13:05:17,061 [pool-7-thread-7] INFO  commands.RetriableDatanodeEventWatcher (RetriableDatanodeEventWatcher.java:onTimeout(47)) - RetriableDatanodeCommand type=deleteBlocksCommand with id=1568811902498 timed out. Retrying.
2019-09-18 13:05:17,070 [pool-7-thread-7] INFO  commands.RetriableDatanodeEventWatcher (RetriableDatanodeEventWatcher.java:onTimeout(47)) - RetriableDatanodeCommand type=deleteBlocksCommand with id=1568811902546 timed out. Retrying.
2019-09-18 13:05:17,073 [pool-7-thread-7] INFO  commands.RetriableDatanodeEventWatcher (RetriableDatanodeEventWatcher.java:onTimeout(47)) - RetriableDatanodeCommand type=deleteBlocksCommand with id=1568811902449 timed out. Retrying.
2019-09-18 13:05:17,075 [pool-7-thread-7] INFO  commands.RetriableDatanodeEventWatcher (RetriableDatanodeEventWatcher.java:onTimeout(47)) - RetriableDatanodeCommand type=deleteBlocksCommand with id=1568811902537 timed out. Retrying.
2019-09-18 13:05:17,078 [pool-7-thread-7] INFO  commands.RetriableDatanodeEventWatcher (RetriableDatanodeEventWatcher.java:onTimeout(47)) - RetriableDatanodeCommand type=deleteBlocksCommand with id=1568811902508 timed out. Retrying.
2019-09-18 13:05:17,088 [pool-7-thread-7] INFO  commands.RetriableDatanodeEventWatcher (RetriableDatanodeEventWatcher.java:onTimeout(47)) - RetriableDatanodeCommand type=deleteBlocksCommand with id=1568811902518 timed out. Retrying.
2019-09-18 13:05:17,091 [pool-7-thread-7] INFO  commands.RetriableDatanodeEventWatcher (RetriableDatanodeEventWatcher.java:onTimeout(47)) - RetriableDatanodeCommand type=deleteBlocksCommand with id=1568811902459 timed out. Retrying.
2019-09-18 13:05:17,102 [pool-7-thread-7] INFO  commands.RetriableDatanodeEventWatcher (RetriableDatanodeEventWatcher.java:onTimeout(47)) - RetriableDatanodeCommand type=deleteBlocksCommand with id=1568811902528 timed out. Retrying.
2019-09-18 13:05:17,104 [pool-7-thread-7] INFO  commands.RetriableDatanodeEventWatcher (RetriableDatanodeEventWatcher.java:onTimeout(47)) - RetriableDatanodeCommand type=deleteBlocksCommand with id=1568811902469 timed out. Retrying.
2019-09-18 13:05:17,105 [SCMBlockDeletingService#0] DEBUG block.SCMBlockDeletingService (SCMBlockDeletingService.java:call(138)) - Running DeletedBlockTransactionScanner
2019-09-18 13:05:17,105 [SCMBlockDeletingService#0] DEBUG block.SCMBlockDeletingService (SCMBlockDeletingService.java:call(155)) - Scanned deleted blocks log and got 3 delTX to process.
2019-09-18 13:05:17,105 [SCMBlockDeletingService#0] DEBUG block.SCMBlockDeletingService (SCMBlockDeletingService.java:call(171)) - Added delete block command for datanode dd0a3b65-d36c-4f93-b232-3c8e6f6667b6 in the queue, number of delete block transactions: 3, TxID list: 1,2,3
2019-09-18 13:05:17,106 [SCMBlockDeletingService#0] INFO  block.SCMBlockDeletingService (SCMBlockDeletingService.java:call(182)) - Totally added 3 delete blocks command for 1 datanodes, task elapsed time: 0ms
2019-09-18 13:05:17,132 [pool-7-thread-7] INFO  commands.RetriableDatanodeEventWatcher (RetriableDatanodeEventWatcher.java:onTimeout(47)) - RetriableDatanodeCommand type=deleteBlocksCommand with id=1568811902479 timed out. Retrying.
2019-09-18 13:05:17,135 [pool-7-thread-7] INFO  commands.RetriableDatanodeEventWatcher (RetriableDatanodeEventWatcher.java:onTimeout(47)) - RetriableDatanodeCommand type=deleteBlocksCommand with id=1568811902420 timed out. Retrying.
2019-09-18 13:05:17,143 [pool-7-thread-7] INFO  commands.RetriableDatanodeEventWatcher (RetriableDatanodeEventWatcher.java:onTimeout(47)) - RetriableDatanodeCommand type=deleteBlocksCommand with id=1568811902430 timed out. Retrying.
2019-09-18 13:05:17,145 [pool-7-thread-7] INFO  commands.RetriableDatanodeEventWatcher (RetriableDatanodeEventWatcher.java:onTimeout(47)) - RetriableDatanodeCommand type=deleteBlocksCommand with id=1568811902489 timed out. Retrying.
2019-09-18 13:05:17,161 [pool-7-thread-7] INFO  commands.RetriableDatanodeEventWatcher (RetriableDatanodeEventWatcher.java:onTimeout(47)) - RetriableDatanodeCommand type=deleteBlocksCommand with id=1568811902499 timed out. Retrying.
2019-09-18 13:05:17,163 [pool-7-thread-7] INFO  commands.RetriableDatanodeEventWatcher (RetriableDatanodeEventWatcher.java:onTimeout(47)) - RetriableDatanodeCommand type=deleteBlocksCommand with id=1568811902440 timed out. Retrying.
2019-09-18 13:05:17,172 [pool-7-thread-7] INFO  commands.RetriableDatanodeEventWatcher (RetriableDatanodeEventWatcher.java:onTimeout(47)) - RetriableDatanodeCommand type=deleteBlocksCommand with id=1568811902547 timed out. Retrying.
2019-09-18 13:05:17,206 [SCMBlockDeletingService#0] DEBUG block.SCMBlockDeletingService (SCMBlockDeletingService.java:call(138)) - Running DeletedBlockTransactionScanner
2019-09-18 13:05:17,206 [SCMBlockDeletingService#0] DEBUG block.SCMBlockDeletingService (SCMBlockDeletingService.java:call(155)) - Scanned deleted blocks log and got 3 delTX to process.
2019-09-18 13:05:17,207 [SCMBlockDeletingService#0] DEBUG block.SCMBlockDeletingService (SCMBlockDeletingService.java:call(171)) - Added delete block command for datanode dd0a3b65-d36c-4f93-b232-3c8e6f6667b6 in the queue, number of delete block transactions: 3, TxID list: 1,2,3
2019-09-18 13:05:17,207 [SCMBlockDeletingService#0] INFO  block.SCMBlockDeletingService (SCMBlockDeletingService.java:call(182)) - Totally added 3 delete blocks command for 1 datanodes, task elapsed time: 1ms
2019-09-18 13:05:17,230 [pool-7-thread-7] INFO  commands.RetriableDatanodeEventWatcher (RetriableDatanodeEventWatcher.java:onTimeout(47)) - RetriableDatanodeCommand type=deleteBlocksCommand with id=1568811902509 timed out. Retrying.
2019-09-18 13:05:17,230 [pool-7-thread-8] INFO  commands.RetriableDatanodeEventWatcher (RetriableDatanodeEventWatcher.java:onTimeout(47)) - RetriableDatanodeCommand type=deleteBlocksCommand with id=1568811902538 timed out. Retrying.
2019-09-18 13:05:17,230 [pool-7-thread-3] INFO  commands.RetriableDatanodeEventWatcher (RetriableDatanodeEventWatcher.java:onTimeout(47)) - RetriableDatanodeCommand type=deleteBlocksCommand with id=1568811902460 timed out. Retrying.
2019-09-18 13:05:17,231 [pool-7-thread-4] INFO  commands.RetriableDatanodeEventWatcher (RetriableDatanodeEventWatcher.java:onTimeout(47)) - RetriableDatanodeCommand type=deleteBlocksCommand with id=1568811902450 timed out. Retrying.
2019-09-18 13:05:17,231 [pool-7-thread-6] INFO  commands.RetriableDatanodeEventWatcher (RetriableDatanodeEventWatcher.java:onTimeout(47)) - RetriableDatanodeCommand type=deleteBlocksCommand with id=1568811902519 timed out. Retrying.
2019-09-18 13:05:17,231 [pool-7-thread-5] INFO  commands.RetriableDatanodeEventWatcher (RetriableDatanodeEventWatcher.java:onTimeout(47)) - RetriableDatanodeCommand type=deleteBlocksCommand with id=1568811902529 timed out. Retrying.
2019-09-18 13:05:17,231 [pool-7-thread-7] INFO  commands.RetriableDatanodeEventWatcher (RetriableDatanodeEventWatcher.java:onTimeout(47)) - RetriableDatanodeCommand type=deleteBlocksCommand with id=1568811902470 timed out. Retrying.
2019-09-18 13:05:17,233 [pool-7-thread-7] INFO  commands.RetriableDatanodeEventWatcher (RetriableDatanodeEventWatcher.java:onTimeout(47)) - RetriableDatanodeCommand type=deleteBlocksCommand with id=1568811902480 timed out. Retrying.
2019-09-18 13:05:17,233 [pool-7-thread-7] INFO  commands.RetriableDatanodeEventWatcher (RetriableDatanodeEventWatcher.java:onTimeout(47)) - RetriableDatanodeCommand type=deleteBlocksCommand with id=1568811902421 timed out. Retrying.
2019-09-18 13:05:17,247 [pool-7-thread-7] INFO  commands.RetriableDatanodeEventWatcher (RetriableDatanodeEventWatcher.java:onTimeout(47)) - RetriableDatanodeCommand type=deleteBlocksCommand with id=1568811902490 timed out. Retrying.
2019-09-18 13:05:17,254 [pool-7-thread-7] INFO  commands.RetriableDatanodeEventWatcher (RetriableDatanodeEventWatcher.java:onTimeout(47)) - RetriableDatanodeCommand type=deleteBlocksCommand with id=1568811902431 timed out. Retrying.
2019-09-18 13:05:17,260 [pool-7-thread-7] INFO  commands.RetriableDatanodeEventWatcher (RetriableDatanodeEventWatcher.java:onTimeout(47)) - RetriableDatanodeCommand type=deleteBlocksCommand with id=1568811902441 timed out. Retrying.
2019-09-18 13:05:17,264 [pool-7-thread-7] INFO  commands.RetriableDatanodeEventWatcher (RetriableDatanodeEventWatcher.java:onTimeout(47)) - RetriableDatanodeCommand type=deleteBlocksCommand with id=1568811902500 timed out. Retrying.
2019-09-18 13:05:17,273 [pool-7-thread-7] INFO  commands.RetriableDatanodeEventWatcher (RetriableDatanodeEventWatcher.java:onTimeout(47)) - RetriableDatanodeCommand type=deleteBlocksCommand with id=1568811902548 timed out. Retrying.
2019-09-18 13:05:17,277 [pool-7-thread-7] INFO  commands.RetriableDatanodeEventWatcher (RetriableDatanodeEventWatcher.java:onTimeout(47)) - RetriableDatanodeCommand type=deleteBlocksCommand with id=1568811902451 timed out. Retrying.
2019-09-18 13:05:17,278 [pool-7-thread-7] INFO  commands.RetriableDatanodeEventWatcher (RetriableDatanodeEventWatcher.java:onTimeout(47)) - RetriableDatanodeCommand type=deleteBlocksCommand with id=1568811902510 timed out. Retrying.
2019-09-18 13:05:17,295 [pool-7-thread-7] INFO  commands.RetriableDatanodeEventWatcher (RetriableDatanodeEventWatcher.java:onTimeout(47)) - RetriableDatanodeCommand type=deleteBlocksCommand with id=1568811902520 timed out. Retrying.
2019-09-18 13:05:17,295 [pool-7-thread-5] INFO  commands.RetriableDatanodeEventWatcher (RetriableDatanodeEventWatcher.java:onTimeout(47)) - RetriableDatanodeCommand type=deleteBlocksCommand with id=1568811902461 timed out. Retrying.
2019-09-18 13:05:17,304 [pool-7-thread-5] INFO  commands.RetriableDatanodeEventWatcher (RetriableDatanodeEventWatcher.java:onTimeout(47)) - RetriableDatanodeCommand type=deleteBlocksCommand with id=1568811902530 timed out. Retrying.
2019-09-18 13:05:17,307 [SCMBlockDeletingService#0] DEBUG block.SCMBlockDeletingService (SCMBlockDeletingService.java:call(138)) - Running DeletedBlockTransactionScanner
2019-09-18 13:05:17,308 [SCMBlockDeletingService#0] DEBUG block.SCMBlockDeletingService (SCMBlockDeletingService.java:call(155)) - Scanned deleted blocks log and got 3 delTX to process.
2019-09-18 13:05:17,308 [SCMBlockDeletingService#0] DEBUG block.SCMBlockDeletingService (SCMBlockDeletingService.java:call(171)) - Added delete block command for datanode dd0a3b65-d36c-4f93-b232-3c8e6f6667b6 in the queue, number of delete block transactions: 3, TxID list: 1,2,3
2019-09-18 13:05:17,308 [SCMBlockDeletingService#0] INFO  block.SCMBlockDeletingService (SCMBlockDeletingService.java:call(182)) - Totally added 3 delete blocks command for 1 datanodes, task elapsed time: 1ms
2019-09-18 13:05:17,320 [pool-7-thread-5] INFO  commands.RetriableDatanodeEventWatcher (RetriableDatanodeEventWatcher.java:onTimeout(47)) - RetriableDatanodeCommand type=deleteBlocksCommand with id=1568811902471 timed out. Retrying.
2019-09-18 13:05:17,330 [pool-7-thread-5] INFO  commands.RetriableDatanodeEventWatcher (RetriableDatanodeEventWatcher.java:onTimeout(47)) - RetriableDatanodeCommand type=deleteBlocksCommand with id=1568811902539 timed out. Retrying.
2019-09-18 13:05:17,356 [pool-7-thread-7] INFO  commands.RetriableDatanodeEventWatcher (RetriableDatanodeEventWatcher.java:onTimeout(47)) - RetriableDatanodeCommand type=deleteBlocksCommand with id=1568811902491 timed out. Retrying.
2019-09-18 13:05:17,356 [pool-7-thread-5] INFO  commands.RetriableDatanodeEventWatcher (RetriableDatanodeEventWatcher.java:onTimeout(47)) - RetriableDatanodeCommand type=deleteBlocksCommand with id=1568811902481 timed out. Retrying.
2019-09-18 13:05:17,356 [pool-7-thread-4] INFO  commands.RetriableDatanodeEventWatcher (RetriableDatanodeEventWatcher.java:onTimeout(47)) - RetriableDatanodeCommand type=deleteBlocksCommand with id=1568811902432 timed out. Retrying.
2019-09-18 13:05:17,357 [pool-7-thread-6] INFO  commands.RetriableDatanodeEventWatcher (RetriableDatanodeEventWatcher.java:onTimeout(47)) - RetriableDatanodeCommand type=deleteBlocksCommand with id=1568811902422 timed out. Retrying.
2019-09-18 13:05:17,363 [pool-7-thread-6] INFO  commands.RetriableDatanodeEventWatcher (RetriableDatanodeEventWatcher.java:onTimeout(47)) - RetriableDatanodeCommand type=deleteBlocksCommand with id=1568811902501 timed out. Retrying.
2019-09-18 13:05:17,368 [pool-7-thread-6] INFO  commands.RetriableDatanodeEventWatcher (RetriableDatanodeEventWatcher.java:onTimeout(47)) - RetriableDatanodeCommand type=deleteBlocksCommand with id=1568811902442 timed out. Retrying.
2019-09-18 13:05:17,375 [pool-7-thread-6] INFO  commands.RetriableDatanodeEventWatcher (RetriableDatanodeEventWatcher.java:onTimeout(47)) - RetriableDatanodeCommand type=deleteBlocksCommand with id=1568811902549 timed out. Retrying.
2019-09-18 13:05:17,381 [pool-7-thread-6] INFO  commands.RetriableDatanodeEventWatcher (RetriableDatanodeEventWatcher.java:onTimeout(47)) - RetriableDatanodeCommand type=deleteBlocksCommand with id=1568811902511 timed out. Retrying.
2019-09-18 13:05:17,382 [pool-7-thread-4] INFO  commands.RetriableDatanodeEventWatcher (RetriableDatanodeEventWatcher.java:onTimeout(47)) - RetriableDatanodeCommand type=deleteBlocksCommand with id=1568811902452 timed out. Retrying.
2019-09-18 13:05:17,393 [pool-7-thread-4] INFO  commands.RetriableDatanodeEventWatcher (RetriableDatanodeEventWatcher.java:onTimeout(47)) - RetriableDatanodeCommand type=deleteBlocksCommand with id=1568811902521 timed out. Retrying.
2019-09-18 13:05:17,393 [pool-7-thread-6] INFO  commands.RetriableDatanodeEventWatcher (RetriableDatanodeEventWatcher.java:onTimeout(47)) - RetriableDatanodeCommand type=deleteBlocksCommand with id=1568811902462 timed out. Retrying.
2019-09-18 13:05:17,405 [pool-7-thread-6] INFO  commands.RetriableDatanodeEventWatcher (RetriableDatanodeEventWatcher.java:onTimeout(47)) - RetriableDatanodeCommand type=deleteBlocksCommand with id=1568811902531 timed out. Retrying.
2019-09-18 13:05:17,409 [SCMBlockDeletingService#0] DEBUG block.SCMBlockDeletingService (SCMBlockDeletingService.java:call(138)) - Running DeletedBlockTransactionScanner
2019-09-18 13:05:17,409 [SCMBlockDeletingService#0] DEBUG block.SCMBlockDeletingService (SCMBlockDeletingService.java:call(155)) - Scanned deleted blocks log and got 3 delTX to process.
2019-09-18 13:05:17,409 [SCMBlockDeletingService#0] DEBUG block.SCMBlockDeletingService (SCMBlockDeletingService.java:call(171)) - Added delete block command for datanode dd0a3b65-d36c-4f93-b232-3c8e6f6667b6 in the queue, number of delete block transactions: 3, TxID list: 1,2,3
2019-09-18 13:05:17,409 [SCMBlockDeletingService#0] INFO  block.SCMBlockDeletingService (SCMBlockDeletingService.java:call(182)) - Totally added 3 delete blocks command for 1 datanodes, task elapsed time: 1ms
2019-09-18 13:05:17,422 [pool-7-thread-6] INFO  commands.RetriableDatanodeEventWatcher (RetriableDatanodeEventWatcher.java:onTimeout(47)) - RetriableDatanodeCommand type=deleteBlocksCommand with id=1568811902472 timed out. Retrying.
2019-09-18 13:05:17,460 [pool-7-thread-4] INFO  commands.RetriableDatanodeEventWatcher (RetriableDatanodeEventWatcher.java:onTimeout(47)) - RetriableDatanodeCommand type=deleteBlocksCommand with id=1568811902423 timed out. Retrying.
2019-09-18 13:05:17,460 [pool-7-thread-5] INFO  commands.RetriableDatanodeEventWatcher (RetriableDatanodeEventWatcher.java:onTimeout(47)) - RetriableDatanodeCommand type=deleteBlocksCommand with id=1568811902433 timed out. Retrying.
2019-09-18 13:05:17,460 [pool-7-thread-6] INFO  commands.RetriableDatanodeEventWatcher (RetriableDatanodeEventWatcher.java:onTimeout(47)) - RetriableDatanodeCommand type=deleteBlocksCommand with id=1568811902482 timed out. Retrying.
2019-09-18 13:05:17,460 [pool-7-thread-3] INFO  commands.RetriableDatanodeEventWatcher (RetriableDatanodeEventWatcher.java:onTimeout(47)) - RetriableDatanodeCommand type=deleteBlocksCommand with id=1568811902413 timed out. Retrying.
2019-09-18 13:05:17,461 [pool-7-thread-7] INFO  commands.RetriableDatanodeEventWatcher (RetriableDatanodeEventWatcher.java:onTimeout(47)) - RetriableDatanodeCommand type=deleteBlocksCommand with id=1568811902540 timed out. Retrying.
2019-09-18 13:05:17,461 [pool-7-thread-4] INFO  commands.RetriableDatanodeEventWatcher (RetriableDatanodeEventWatcher.java:onTimeout(47)) - RetriableDatanodeCommand type=deleteBlocksCommand with id=1568811902492 timed out. Retrying.
2019-09-18 13:05:17,464 [pool-7-thread-4] INFO  commands.RetriableDatanodeEventWatcher (RetriableDatanodeEventWatcher.java:onTimeout(47)) - RetriableDatanodeCommand type=deleteBlocksCommand with id=1568811902502 timed out. Retrying.
2019-09-18 13:05:17,469 [pool-7-thread-4] INFO  commands.RetriableDatanodeEventWatcher (RetriableDatanodeEventWatcher.java:onTimeout(47)) - RetriableDatanodeCommand type=deleteBlocksCommand with id=1568811902443 timed out. Retrying.
2019-09-18 13:05:17,475 [pool-7-thread-4] INFO  commands.RetriableDatanodeEventWatcher (RetriableDatanodeEventWatcher.java:onTimeout(47)) - RetriableDatanodeCommand type=deleteBlocksCommand with id=1568811902550 timed out. Retrying.
2019-09-18 13:05:17,484 [pool-7-thread-4] INFO  commands.RetriableDatanodeEventWatcher (RetriableDatanodeEventWatcher.java:onTimeout(47)) - RetriableDatanodeCommand type=deleteBlocksCommand with id=1568811902512 timed out. Retrying.
2019-09-18 13:05:17,484 [pool-7-thread-7] INFO  commands.RetriableDatanodeEventWatcher (RetriableDatanodeEventWatcher.java:onTimeout(47)) - RetriableDatanodeCommand type=deleteBlocksCommand with id=1568811902453 timed out. Retrying.
2019-09-18 13:05:17,493 [pool-7-thread-7] INFO  commands.RetriableDatanodeEventWatcher (RetriableDatanodeEventWatcher.java:onTimeout(47)) - RetriableDatanodeCommand type=deleteBlocksCommand with id=1568811902522 timed out. Retrying.
2019-09-18 13:05:17,498 [pool-7-thread-7] INFO  commands.RetriableDatanodeEventWatcher (RetriableDatanodeEventWatcher.java:onTimeout(47)) - RetriableDatanodeCommand type=deleteBlocksCommand with id=1568811902463 timed out. Retrying.
2019-09-18 13:05:17,507 [pool-7-thread-7] INFO  commands.RetriableDatanodeEventWatcher (RetriableDatanodeEventWatcher.java:onTimeout(47)) - RetriableDatanodeCommand type=deleteBlocksCommand with id=1568811902532 timed out. Retrying.
2019-09-18 13:05:17,510 [SCMBlockDeletingService#0] DEBUG block.SCMBlockDeletingService (SCMBlockDeletingService.java:call(138)) - Running DeletedBlockTransactionScanner
2019-09-18 13:05:17,510 [SCMBlockDeletingService#0] DEBUG block.SCMBlockDeletingService (SCMBlockDeletingService.java:call(155)) - Scanned deleted blocks log and got 3 delTX to process.
2019-09-18 13:05:17,510 [SCMBlockDeletingService#0] DEBUG block.SCMBlockDeletingService (SCMBlockDeletingService.java:call(171)) - Added delete block command for datanode dd0a3b65-d36c-4f93-b232-3c8e6f6667b6 in the queue, number of delete block transactions: 3, TxID list: 1,2,3
2019-09-18 13:05:17,511 [SCMBlockDeletingService#0] INFO  block.SCMBlockDeletingService (SCMBlockDeletingService.java:call(182)) - Totally added 3 delete blocks command for 1 datanodes, task elapsed time: 1ms
2019-09-18 13:05:17,565 [pool-7-thread-7] INFO  commands.RetriableDatanodeEventWatcher (RetriableDatanodeEventWatcher.java:onTimeout(47)) - RetriableDatanodeCommand type=deleteBlocksCommand with id=1568811902541 timed out. Retrying.
2019-09-18 13:05:17,569 [pool-7-thread-7] INFO  commands.RetriableDatanodeEventWatcher (RetriableDatanodeEventWatcher.java:onTimeout(47)) - RetriableDatanodeCommand type=deleteBlocksCommand with id=1568811902493 timed out. Retrying.
2019-09-18 13:05:17,571 [pool-7-thread-7] INFO  commands.RetriableDatanodeEventWatcher (RetriableDatanodeEventWatcher.java:onTimeout(47)) - RetriableDatanodeCommand type=deleteBlocksCommand with id=1568811902483 timed out. Retrying.
2019-09-18 13:05:17,572 [pool-7-thread-3] INFO  commands.RetriableDatanodeEventWatcher (RetriableDatanodeEventWatcher.java:onTimeout(47)) - RetriableDatanodeCommand type=deleteBlocksCommand with id=1568811902444 timed out. Retrying.
2019-09-18 13:05:17,572 [pool-7-thread-4] INFO  commands.RetriableDatanodeEventWatcher (RetriableDatanodeEventWatcher.java:onTimeout(47)) - RetriableDatanodeCommand type=deleteBlocksCommand with id=1568811902414 timed out. Retrying.
2019-09-18 13:05:17,572 [pool-7-thread-5] INFO  commands.RetriableDatanodeEventWatcher (RetriableDatanodeEventWatcher.java:onTimeout(47)) - RetriableDatanodeCommand type=deleteBlocksCommand with id=1568811902434 timed out. Retrying.
2019-09-18 13:05:17,572 [pool-7-thread-6] INFO  commands.RetriableDatanodeEventWatcher (RetriableDatanodeEventWatcher.java:onTimeout(47)) - RetriableDatanodeCommand type=deleteBlocksCommand with id=1568811902424 timed out. Retrying.
2019-09-18 13:05:17,572 [pool-7-thread-3] INFO  commands.RetriableDatanodeEventWatcher (RetriableDatanodeEventWatcher.java:onTimeout(47)) - RetriableDatanodeCommand type=deleteBlocksCommand with id=1568811902473 timed out. Retrying.
2019-09-18 13:05:17,573 [pool-7-thread-7] INFO  commands.RetriableDatanodeEventWatcher (RetriableDatanodeEventWatcher.java:onTimeout(47)) - RetriableDatanodeCommand type=deleteBlocksCommand with id=1568811902503 timed out. Retrying.
2019-09-18 13:05:17,576 [pool-7-thread-7] INFO  commands.RetriableDatanodeEventWatcher (RetriableDatanodeEventWatcher.java:onTimeout(47)) - RetriableDatanodeCommand type=deleteBlocksCommand with id=1568811902551 timed out. Retrying.
2019-09-18 13:05:17,584 [pool-7-thread-7] INFO  commands.RetriableDatanodeEventWatcher (RetriableDatanodeEventWatcher.java:onTimeout(47)) - RetriableDatanodeCommand type=deleteBlocksCommand with id=1568811902513 timed out. Retrying.
2019-09-18 13:05:17,585 [pool-7-thread-3] INFO  commands.RetriableDatanodeEventWatcher (RetriableDatanodeEventWatcher.java:onTimeout(47)) - RetriableDatanodeCommand type=deleteBlocksCommand with id=1568811902454 timed out. Retrying.
2019-09-18 13:05:17,595 [pool-7-thread-3] INFO  commands.RetriableDatanodeEventWatcher (RetriableDatanodeEventWatcher.java:onTimeout(47)) - RetriableDatanodeCommand type=deleteBlocksCommand with id=1568811902464 timed out. Retrying.
2019-09-18 13:05:17,595 [pool-7-thread-7] INFO  commands.RetriableDatanodeEventWatcher (RetriableDatanodeEventWatcher.java:onTimeout(47)) - RetriableDatanodeCommand type=deleteBlocksCommand with id=1568811902523 timed out. Retrying.
2019-09-18 13:05:17,611 [SCMBlockDeletingService#0] DEBUG block.SCMBlockDeletingService (SCMBlockDeletingService.java:call(138)) - Running DeletedBlockTransactionScanner
2019-09-18 13:05:17,611 [SCMBlockDeletingService#0] DEBUG block.SCMBlockDeletingService (SCMBlockDeletingService.java:call(155)) - Scanned deleted blocks log and got 3 delTX to process.
2019-09-18 13:05:17,612 [SCMBlockDeletingService#0] DEBUG block.SCMBlockDeletingService (SCMBlockDeletingService.java:call(171)) - Added delete block command for datanode dd0a3b65-d36c-4f93-b232-3c8e6f6667b6 in the queue, number of delete block transactions: 3, TxID list: 1,2,3
2019-09-18 13:05:17,612 [SCMBlockDeletingService#0] INFO  block.SCMBlockDeletingService (SCMBlockDeletingService.java:call(182)) - Totally added 3 delete blocks command for 1 datanodes, task elapsed time: 0ms
2019-09-18 13:05:17,627 [pool-7-thread-7] INFO  commands.RetriableDatanodeEventWatcher (RetriableDatanodeEventWatcher.java:onTimeout(47)) - RetriableDatanodeCommand type=deleteBlocksCommand with id=1568811902474 timed out. Retrying.
2019-09-18 13:05:17,627 [pool-7-thread-3] INFO  commands.RetriableDatanodeEventWatcher (RetriableDatanodeEventWatcher.java:onTimeout(47)) - RetriableDatanodeCommand type=deleteBlocksCommand with id=1568811902415 timed out. Retrying.
2019-09-18 13:05:17,639 [pool-7-thread-3] INFO  commands.RetriableDatanodeEventWatcher (RetriableDatanodeEventWatcher.java:onTimeout(47)) - RetriableDatanodeCommand type=deleteBlocksCommand with id=1568811902484 timed out. Retrying.
2019-09-18 13:05:17,639 [pool-7-thread-7] INFO  commands.RetriableDatanodeEventWatcher (RetriableDatanodeEventWatcher.java:onTimeout(47)) - RetriableDatanodeCommand type=deleteBlocksCommand with id=1568811902425 timed out. Retrying.
2019-09-18 13:05:17,655 [pool-7-thread-7] INFO  commands.RetriableDatanodeEventWatcher (RetriableDatanodeEventWatcher.java:onTimeout(47)) - RetriableDatanodeCommand type=deleteBlocksCommand with id=1568811902494 timed out. Retrying.
2019-09-18 13:05:17,657 [pool-7-thread-7] INFO  commands.RetriableDatanodeEventWatcher (RetriableDatanodeEventWatcher.java:onTimeout(47)) - RetriableDatanodeCommand type=deleteBlocksCommand with id=1568811902435 timed out. Retrying.
2019-09-18 13:05:17,665 [pool-7-thread-7] INFO  commands.RetriableDatanodeEventWatcher (RetriableDatanodeEventWatcher.java:onTimeout(47)) - RetriableDatanodeCommand type=deleteBlocksCommand with id=1568811902542 timed out. Retrying.
2019-09-18 13:05:17,669 [pool-7-thread-7] INFO  commands.RetriableDatanodeEventWatcher (RetriableDatanodeEventWatcher.java:onTimeout(47)) - RetriableDatanodeCommand type=deleteBlocksCommand with id=1568811902445 timed out. Retrying.
2019-09-18 13:05:17,670 [pool-7-thread-3] INFO  commands.RetriableDatanodeEventWatcher (RetriableDatanodeEventWatcher.java:onTimeout(47)) - RetriableDatanodeCommand type=deleteBlocksCommand with id=1568811902533 timed out. Retrying.
2019-09-18 13:05:17,670 [pool-7-thread-7] INFO  commands.RetriableDatanodeEventWatcher (RetriableDatanodeEventWatcher.java:onTimeout(47)) - RetriableDatanodeCommand type=deleteBlocksCommand with id=1568811902504 timed out. Retrying.
2019-09-18 13:05:17,679 [pool-7-thread-7] INFO  commands.RetriableDatanodeEventWatcher (RetriableDatanodeEventWatcher.java:onTimeout(47)) - RetriableDatanodeCommand type=deleteBlocksCommand with id=1568811902552 timed out. Retrying.
2019-09-18 13:05:17,686 [pool-7-thread-7] INFO  commands.RetriableDatanodeEventWatcher (RetriableDatanodeEventWatcher.java:onTimeout(47)) - RetriableDatanodeCommand type=deleteBlocksCommand with id=1568811902514 timed out. Retrying.
2019-09-18 13:05:17,686 [pool-7-thread-3] INFO  commands.RetriableDatanodeEventWatcher (RetriableDatanodeEventWatcher.java:onTimeout(47)) - RetriableDatanodeCommand type=deleteBlocksCommand with id=1568811902455 timed out. Retrying.
2019-09-18 13:05:17,699 [pool-7-thread-3] INFO  commands.RetriableDatanodeEventWatcher (RetriableDatanodeEventWatcher.java:onTimeout(47)) - RetriableDatanodeCommand type=deleteBlocksCommand with id=1568811902465 timed out. Retrying.
2019-09-18 13:05:17,699 [pool-7-thread-7] INFO  commands.RetriableDatanodeEventWatcher (RetriableDatanodeEventWatcher.java:onTimeout(47)) - RetriableDatanodeCommand type=deleteBlocksCommand with id=1568811902524 timed out. Retrying.
2019-09-18 13:05:17,712 [SCMBlockDeletingService#0] DEBUG block.SCMBlockDeletingService (SCMBlockDeletingService.java:call(138)) - Running DeletedBlockTransactionScanner
2019-09-18 13:05:17,713 [SCMBlockDeletingService#0] DEBUG block.SCMBlockDeletingService (SCMBlockDeletingService.java:call(155)) - Scanned deleted blocks log and got 3 delTX to process.
2019-09-18 13:05:17,713 [SCMBlockDeletingService#0] DEBUG block.SCMBlockDeletingService (SCMBlockDeletingService.java:call(171)) - Added delete block command for datanode dd0a3b65-d36c-4f93-b232-3c8e6f6667b6 in the queue, number of delete block transactions: 3, TxID list: 1,2,3
2019-09-18 13:05:17,713 [SCMBlockDeletingService#0] INFO  block.SCMBlockDeletingService (SCMBlockDeletingService.java:call(182)) - Totally added 3 delete blocks command for 1 datanodes, task elapsed time: 1ms
2019-09-18 13:05:17,727 [pool-7-thread-7] INFO  commands.RetriableDatanodeEventWatcher (RetriableDatanodeEventWatcher.java:onTimeout(47)) - RetriableDatanodeCommand type=deleteBlocksCommand with id=1568811902475 timed out. Retrying.
2019-09-18 13:05:17,727 [pool-7-thread-3] INFO  commands.RetriableDatanodeEventWatcher (RetriableDatanodeEventWatcher.java:onTimeout(47)) - RetriableDatanodeCommand type=deleteBlocksCommand with id=1568811902416 timed out. Retrying.
2019-09-18 13:05:17,741 [pool-7-thread-3] INFO  commands.RetriableDatanodeEventWatcher (RetriableDatanodeEventWatcher.java:onTimeout(47)) - RetriableDatanodeCommand type=deleteBlocksCommand with id=1568811902485 timed out. Retrying.
2019-09-18 13:05:17,742 [pool-7-thread-3] INFO  commands.RetriableDatanodeEventWatcher (RetriableDatanodeEventWatcher.java:onTimeout(47)) - RetriableDatanodeCommand type=deleteBlocksCommand with id=1568811902426 timed out. Retrying.
2019-09-18 13:05:17,755 [pool-7-thread-3] INFO  commands.RetriableDatanodeEventWatcher (RetriableDatanodeEventWatcher.java:onTimeout(47)) - RetriableDatanodeCommand type=deleteBlocksCommand with id=1568811902495 timed out. Retrying.
2019-09-18 13:05:17,756 [pool-7-thread-3] INFO  commands.RetriableDatanodeEventWatcher (RetriableDatanodeEventWatcher.java:onTimeout(47)) - RetriableDatanodeCommand type=deleteBlocksCommand with id=1568811902436 timed out. Retrying.
]]></system-out>
    <system-err><![CDATA[ERROR StatusLogger No Log4j 2 configuration file found. Using default configuration (logging only errors to the console), or user programmatically provided configurations. Set system property 'log4j2.debug' to show Log4j 2 internal initialization logging. See https://logging.apache.org/log4j/2.x/manual/configuration.html for instructions on how to configure Log4j 2
]]></system-err>
  </testcase>
</testsuite>