<?xml version="1.0" encoding="UTF-8"?>
<testsuite xmlns:xsi="http://www.w3.org/2001/XMLSchema-instance" xsi:noNamespaceSchemaLocation="https://maven.apache.org/surefire/maven-surefire-plugin/xsd/surefire-test-report.xsd" name="org.apache.hadoop.ozone.client.rpc.TestBlockOutputStreamWithFailures" time="679.295" tests="8" errors="0" skipped="0" failures="1">
  <properties>
    <property name="awt.toolkit" value="sun.awt.X11.XToolkit"/>
    <property name="file.encoding.pkg" value="sun.io"/>
    <property name="java.specification.version" value="1.8"/>
    <property name="sun.cpu.isalist" value=""/>
    <property name="sun.jnu.encoding" value="UTF-8"/>
    <property name="java.class.path" value="/workdir/hadoop-ozone/integration-test/target/test-classes:/workdir/hadoop-ozone/integration-test/target/classes:/home/user/.m2/repository/org/apache/hadoop/hadoop-ozone-common/0.5.0-SNAPSHOT/hadoop-ozone-common-0.5.0-SNAPSHOT.jar:/home/user/.m2/repository/org/apache/commons/commons-compress/1.4.1/commons-compress-1.4.1.jar:/home/user/.m2/repository/org/tukaani/xz/1.0/xz-1.0.jar:/home/user/.m2/repository/org/apache/hadoop/hadoop-common/3.2.0/hadoop-common-3.2.0.jar:/home/user/.m2/repository/org/apache/hadoop/hadoop-hdfs/3.2.0/hadoop-hdfs-3.2.0.jar:/home/user/.m2/repository/org/apache/hadoop/hadoop-hdfs-client/3.2.0/hadoop-hdfs-client-3.2.0.jar:/home/user/.m2/repository/com/fasterxml/jackson/core/jackson-annotations/2.9.5/jackson-annotations-2.9.5.jar:/home/user/.m2/repository/org/apache/hadoop/hadoop-hdds-common/0.5.0-SNAPSHOT/hadoop-hdds-common-0.5.0-SNAPSHOT.jar:/home/user/.m2/repository/javax/annotation/javax.annotation-api/1.2/javax.annotation-api-1.2.jar:/home/user/.m2/repository/org/apache/ratis/ratis-server/0.4.0-78e95b9-SNAPSHOT/ratis-server-0.4.0-78e95b9-SNAPSHOT.jar:/home/user/.m2/repository/org/apache/ratis/ratis-thirdparty-misc/0.2.0/ratis-thirdparty-misc-0.2.0.jar:/home/user/.m2/repository/org/apache/ratis/ratis-proto/0.4.0-78e95b9-SNAPSHOT/ratis-proto-0.4.0-78e95b9-SNAPSHOT.jar:/home/user/.m2/repository/org/apache/ratis/ratis-common/0.4.0-78e95b9-SNAPSHOT/ratis-common-0.4.0-78e95b9-SNAPSHOT.jar:/home/user/.m2/repository/org/apache/ratis/ratis-client/0.4.0-78e95b9-SNAPSHOT/ratis-client-0.4.0-78e95b9-SNAPSHOT.jar:/home/user/.m2/repository/org/apache/ratis/ratis-metrics/0.4.0-78e95b9-SNAPSHOT/ratis-metrics-0.4.0-78e95b9-SNAPSHOT.jar:/home/user/.m2/repository/com/github/joshelser/dropwizard-metrics-hadoop-metrics2-reporter/0.1.2/dropwizard-metrics-hadoop-metrics2-reporter-0.1.2.jar:/home/user/.m2/repository/io/dropwizard/metrics/metrics-jvm/3.2.5/metrics-jvm-3.2.5.jar:/home/user/.m2/repository/io/dropwizard/metrics/metrics-ganglia/3.2.5/metrics-ganglia-3.2.5.jar:/home/user/.m2/repository/info/ganglia/gmetric4j/gmetric4j/1.0.7/gmetric4j-1.0.7.jar:/home/user/.m2/repository/org/apache/ratis/ratis-netty/0.4.0-78e95b9-SNAPSHOT/ratis-netty-0.4.0-78e95b9-SNAPSHOT.jar:/home/user/.m2/repository/org/apache/ratis/ratis-grpc/0.4.0-78e95b9-SNAPSHOT/ratis-grpc-0.4.0-78e95b9-SNAPSHOT.jar:/home/user/.m2/repository/org/rocksdb/rocksdbjni/6.0.1/rocksdbjni-6.0.1.jar:/home/user/.m2/repository/org/apache/logging/log4j/log4j-api/2.11.0/log4j-api-2.11.0.jar:/home/user/.m2/repository/org/apache/logging/log4j/log4j-core/2.11.0/log4j-core-2.11.0.jar:/home/user/.m2/repository/com/lmax/disruptor/3.4.2/disruptor-3.4.2.jar:/home/user/.m2/repository/org/apache/commons/commons-pool2/2.6.0/commons-pool2-2.6.0.jar:/home/user/.m2/repository/org/bouncycastle/bcpkix-jdk15on/1.60/bcpkix-jdk15on-1.60.jar:/home/user/.m2/repository/commons-validator/commons-validator/1.6/commons-validator-1.6.jar:/home/user/.m2/repository/commons-digester/commons-digester/1.8.1/commons-digester-1.8.1.jar:/home/user/.m2/repository/io/jaegertracing/jaeger-client/0.33.1/jaeger-client-0.33.1.jar:/home/user/.m2/repository/io/jaegertracing/jaeger-thrift/0.33.1/jaeger-thrift-0.33.1.jar:/home/user/.m2/repository/org/apache/thrift/libthrift/0.11.0/libthrift-0.11.0.jar:/home/user/.m2/repository/com/squareup/okhttp3/okhttp/3.9.0/okhttp-3.9.0.jar:/home/user/.m2/repository/com/squareup/okio/okio/1.13.0/okio-1.13.0.jar:/home/user/.m2/repository/io/jaegertracing/jaeger-core/0.33.1/jaeger-core-0.33.1.jar:/home/user/.m2/repository/io/jaegertracing/jaeger-tracerresolver/0.33.1/jaeger-tracerresolver-0.33.1.jar:/home/user/.m2/repository/io/opentracing/contrib/opentracing-tracerresolver/0.1.5/opentracing-tracerresolver-0.1.5.jar:/home/user/.m2/repository/io/opentracing/opentracing-util/0.31.0/opentracing-util-0.31.0.jar:/home/user/.m2/repository/io/opentracing/opentracing-api/0.31.0/opentracing-api-0.31.0.jar:/home/user/.m2/repository/io/opentracing/opentracing-noop/0.31.0/opentracing-noop-0.31.0.jar:/home/user/.m2/repository/org/apache/hadoop/hadoop-hdds-server-framework/0.5.0-SNAPSHOT/hadoop-hdds-server-framework-0.5.0-SNAPSHOT.jar:/home/user/.m2/repository/org/apache/hadoop/hadoop-hdds-container-service/0.5.0-SNAPSHOT/hadoop-hdds-container-service-0.5.0-SNAPSHOT.jar:/home/user/.m2/repository/org/apache/hadoop/hadoop-hdds-client/0.5.0-SNAPSHOT/hadoop-hdds-client-0.5.0-SNAPSHOT.jar:/home/user/.m2/repository/org/apache/hadoop/hadoop-hdds-tools/0.5.0-SNAPSHOT/hadoop-hdds-tools-0.5.0-SNAPSHOT.jar:/home/user/.m2/repository/org/apache/hadoop/hadoop-hdds-server-scm/0.5.0-SNAPSHOT/hadoop-hdds-server-scm-0.5.0-SNAPSHOT.jar:/home/user/.m2/repository/org/apache/hadoop/hadoop-hdds-docs/0.5.0-SNAPSHOT/hadoop-hdds-docs-0.5.0-SNAPSHOT.jar:/home/user/.m2/repository/io/dropwizard/metrics/metrics-core/3.2.4/metrics-core-3.2.4.jar:/home/user/.m2/repository/org/hamcrest/hamcrest-all/1.3/hamcrest-all-1.3.jar:/home/user/.m2/repository/org/bouncycastle/bcprov-jdk15on/1.60/bcprov-jdk15on-1.60.jar:/home/user/.m2/repository/info/picocli/picocli/3.9.6/picocli-3.9.6.jar:/home/user/.m2/repository/com/google/protobuf/protobuf-java/2.5.0/protobuf-java-2.5.0.jar:/home/user/.m2/repository/com/google/guava/guava/11.0.2/guava-11.0.2.jar:/home/user/.m2/repository/org/apache/hadoop/hadoop-ozone-ozone-manager/0.5.0-SNAPSHOT/hadoop-ozone-ozone-manager-0.5.0-SNAPSHOT.jar:/home/user/.m2/repository/org/apache/hadoop/hadoop-minikdc/3.2.0/hadoop-minikdc-3.2.0.jar:/home/user/.m2/repository/commons-io/commons-io/2.5/commons-io-2.5.jar:/home/user/.m2/repository/org/apache/kerby/kerb-simplekdc/1.0.1/kerb-simplekdc-1.0.1.jar:/home/user/.m2/repository/org/apache/kerby/kerb-client/1.0.1/kerb-client-1.0.1.jar:/home/user/.m2/repository/org/apache/kerby/kerby-config/1.0.1/kerby-config-1.0.1.jar:/home/user/.m2/repository/org/apache/kerby/kerb-core/1.0.1/kerb-core-1.0.1.jar:/home/user/.m2/repository/org/apache/kerby/kerby-pkix/1.0.1/kerby-pkix-1.0.1.jar:/home/user/.m2/repository/org/apache/kerby/kerby-asn1/1.0.1/kerby-asn1-1.0.1.jar:/home/user/.m2/repository/org/apache/kerby/kerby-util/1.0.1/kerby-util-1.0.1.jar:/home/user/.m2/repository/org/apache/kerby/kerb-common/1.0.1/kerb-common-1.0.1.jar:/home/user/.m2/repository/org/apache/kerby/kerb-crypto/1.0.1/kerb-crypto-1.0.1.jar:/home/user/.m2/repository/org/apache/kerby/kerb-util/1.0.1/kerb-util-1.0.1.jar:/home/user/.m2/repository/org/apache/kerby/token-provider/1.0.1/token-provider-1.0.1.jar:/home/user/.m2/repository/org/apache/kerby/kerb-admin/1.0.1/kerb-admin-1.0.1.jar:/home/user/.m2/repository/org/apache/kerby/kerb-server/1.0.1/kerb-server-1.0.1.jar:/home/user/.m2/repository/org/apache/kerby/kerb-identity/1.0.1/kerb-identity-1.0.1.jar:/home/user/.m2/repository/org/apache/kerby/kerby-xdr/1.0.1/kerby-xdr-1.0.1.jar:/home/user/.m2/repository/org/slf4j/slf4j-log4j12/1.7.25/slf4j-log4j12-1.7.25.jar:/home/user/.m2/repository/org/apache/hadoop/hadoop-ozone-s3gateway/0.5.0-SNAPSHOT/hadoop-ozone-s3gateway-0.5.0-SNAPSHOT.jar:/home/user/.m2/repository/org/jboss/weld/servlet/weld-servlet/2.4.7.Final/weld-servlet-2.4.7.Final.jar:/home/user/.m2/repository/org/glassfish/jersey/containers/jersey-container-servlet-core/2.27/jersey-container-servlet-core-2.27.jar:/home/user/.m2/repository/org/glassfish/hk2/external/javax.inject/2.5.0-b42/javax.inject-2.5.0-b42.jar:/home/user/.m2/repository/org/glassfish/jersey/core/jersey-common/2.27/jersey-common-2.27.jar:/home/user/.m2/repository/org/glassfish/hk2/osgi-resource-locator/1.0.1/osgi-resource-locator-1.0.1.jar:/home/user/.m2/repository/javax/ws/rs/javax.ws.rs-api/2.1/javax.ws.rs-api-2.1.jar:/home/user/.m2/repository/org/glassfish/jersey/ext/cdi/jersey-cdi1x/2.27/jersey-cdi1x-2.27.jar:/home/user/.m2/repository/org/glassfish/jersey/inject/jersey-hk2/2.27/jersey-hk2-2.27.jar:/home/user/.m2/repository/org/glassfish/hk2/hk2-locator/2.5.0-b42/hk2-locator-2.5.0-b42.jar:/home/user/.m2/repository/org/javassist/javassist/3.22.0-CR2/javassist-3.22.0-CR2.jar:/home/user/.m2/repository/org/glassfish/hk2/hk2-api/2.5.0/hk2-api-2.5.0.jar:/home/user/.m2/repository/org/glassfish/hk2/external/jakarta.inject/2.5.0/jakarta.inject-2.5.0.jar:/home/user/.m2/repository/org/glassfish/hk2/hk2-utils/2.5.0/hk2-utils-2.5.0.jar:/home/user/.m2/repository/jakarta/annotation/jakarta.annotation-api/1.3.4/jakarta.annotation-api-1.3.4.jar:/home/user/.m2/repository/org/glassfish/hk2/external/aopalliance-repackaged/2.5.0/aopalliance-repackaged-2.5.0.jar:/home/user/.m2/repository/com/fasterxml/jackson/dataformat/jackson-dataformat-xml/2.9.0/jackson-dataformat-xml-2.9.0.jar:/home/user/.m2/repository/com/fasterxml/jackson/core/jackson-core/2.9.5/jackson-core-2.9.5.jar:/home/user/.m2/repository/com/fasterxml/jackson/module/jackson-module-jaxb-annotations/2.9.5/jackson-module-jaxb-annotations-2.9.5.jar:/home/user/.m2/repository/javax/enterprise/cdi-api/1.2/cdi-api-1.2.jar:/home/user/.m2/repository/javax/el/javax.el-api/3.0.0/javax.el-api-3.0.0.jar:/home/user/.m2/repository/javax/interceptor/javax.interceptor-api/1.2/javax.interceptor-api-1.2.jar:/home/user/.m2/repository/javax/inject/javax.inject/1/javax.inject-1.jar:/home/user/.m2/repository/com/sun/xml/bind/jaxb-impl/2.3.0.1/jaxb-impl-2.3.0.1.jar:/home/user/.m2/repository/com/sun/xml/bind/jaxb-core/2.3.0.1/jaxb-core-2.3.0.1.jar:/home/user/.m2/repository/javax/xml/bind/jaxb-api/2.3.0/jaxb-api-2.3.0.jar:/home/user/.m2/repository/javax/activation/activation/1.1.1/activation-1.1.1.jar:/home/user/.m2/repository/org/apache/hadoop/hadoop-ozone-csi/0.5.0-SNAPSHOT/hadoop-ozone-csi-0.5.0-SNAPSHOT.jar:/home/user/.m2/repository/com/google/protobuf/protobuf-java-util/3.5.1/protobuf-java-util-3.5.1.jar:/home/user/.m2/repository/org/apache/hadoop/hadoop-hdds-config/0.5.0-SNAPSHOT/hadoop-hdds-config-0.5.0-SNAPSHOT.jar:/home/user/.m2/repository/io/grpc/grpc-netty/1.17.1/grpc-netty-1.17.1.jar:/home/user/.m2/repository/io/grpc/grpc-core/1.17.1/grpc-core-1.17.1.jar:/home/user/.m2/repository/io/grpc/grpc-context/1.17.1/grpc-context-1.17.1.jar:/home/user/.m2/repository/com/google/errorprone/error_prone_annotations/2.2.0/error_prone_annotations-2.2.0.jar:/home/user/.m2/repository/org/codehaus/mojo/animal-sniffer-annotations/1.17/animal-sniffer-annotations-1.17.jar:/home/user/.m2/repository/io/opencensus/opencensus-api/0.17.0/opencensus-api-0.17.0.jar:/home/user/.m2/repository/io/opencensus/opencensus-contrib-grpc-metrics/0.17.0/opencensus-contrib-grpc-metrics-0.17.0.jar:/home/user/.m2/repository/io/netty/netty-codec-http2/4.1.30.Final/netty-codec-http2-4.1.30.Final.jar:/home/user/.m2/repository/io/netty/netty-codec-http/4.1.30.Final/netty-codec-http-4.1.30.Final.jar:/home/user/.m2/repository/io/netty/netty-codec/4.1.30.Final/netty-codec-4.1.30.Final.jar:/home/user/.m2/repository/io/netty/netty-handler/4.1.30.Final/netty-handler-4.1.30.Final.jar:/home/user/.m2/repository/io/netty/netty-handler-proxy/4.1.30.Final/netty-handler-proxy-4.1.30.Final.jar:/home/user/.m2/repository/io/netty/netty-codec-socks/4.1.30.Final/netty-codec-socks-4.1.30.Final.jar:/home/user/.m2/repository/io/netty/netty-transport-native-epoll/4.1.30.Final/netty-transport-native-epoll-4.1.30.Final.jar:/home/user/.m2/repository/io/netty/netty-common/4.1.30.Final/netty-common-4.1.30.Final.jar:/home/user/.m2/repository/io/netty/netty-buffer/4.1.30.Final/netty-buffer-4.1.30.Final.jar:/home/user/.m2/repository/io/netty/netty-transport/4.1.30.Final/netty-transport-4.1.30.Final.jar:/home/user/.m2/repository/io/netty/netty-resolver/4.1.30.Final/netty-resolver-4.1.30.Final.jar:/home/user/.m2/repository/io/netty/netty-transport-native-unix-common/4.1.30.Final/netty-transport-native-unix-common-4.1.30.Final.jar:/home/user/.m2/repository/io/grpc/grpc-protobuf/1.17.1/grpc-protobuf-1.17.1.jar:/home/user/.m2/repository/com/google/api/grpc/proto-google-common-protos/1.0.0/proto-google-common-protos-1.0.0.jar:/home/user/.m2/repository/io/grpc/grpc-protobuf-lite/1.17.1/grpc-protobuf-lite-1.17.1.jar:/home/user/.m2/repository/io/grpc/grpc-stub/1.17.1/grpc-stub-1.17.1.jar:/home/user/.m2/repository/org/apache/hadoop/hadoop-ozone-recon/0.5.0-SNAPSHOT/hadoop-ozone-recon-0.5.0-SNAPSHOT.jar:/home/user/.m2/repository/org/apache/hadoop/hadoop-ozone-reconcodegen/0.5.0-SNAPSHOT/hadoop-ozone-reconcodegen-0.5.0-SNAPSHOT.jar:/home/user/.m2/repository/com/google/inject/extensions/guice-multibindings/4.0/guice-multibindings-4.0.jar:/home/user/.m2/repository/com/google/inject/guice/4.0/guice-4.0.jar:/home/user/.m2/repository/aopalliance/aopalliance/1.0/aopalliance-1.0.jar:/home/user/.m2/repository/com/google/inject/extensions/guice-servlet/4.0/guice-servlet-4.0.jar:/home/user/.m2/repository/org/glassfish/jersey/containers/jersey-container-servlet/2.27/jersey-container-servlet-2.27.jar:/home/user/.m2/repository/org/glassfish/hk2/guice-bridge/2.5.0/guice-bridge-2.5.0.jar:/home/user/.m2/repository/org/glassfish/jersey/core/jersey-server/2.27/jersey-server-2.27.jar:/home/user/.m2/repository/org/glassfish/jersey/core/jersey-client/2.27/jersey-client-2.27.jar:/home/user/.m2/repository/org/glassfish/jersey/media/jersey-media-jaxb/2.27/jersey-media-jaxb-2.27.jar:/home/user/.m2/repository/javax/validation/validation-api/1.1.0.Final/validation-api-1.1.0.Final.jar:/home/user/.m2/repository/org/glassfish/jersey/media/jersey-media-json-jackson/2.27/jersey-media-json-jackson-2.27.jar:/home/user/.m2/repository/org/glassfish/jersey/ext/jersey-entity-filtering/2.27/jersey-entity-filtering-2.27.jar:/home/user/.m2/repository/com/google/inject/extensions/guice-assistedinject/4.0/guice-assistedinject-4.0.jar:/home/user/.m2/repository/org/jooq/jooq/3.11.10/jooq-3.11.10.jar:/home/user/.m2/repository/org/jooq/jooq-meta/3.11.10/jooq-meta-3.11.10.jar:/home/user/.m2/repository/org/jooq/jooq-codegen/3.11.10/jooq-codegen-3.11.10.jar:/home/user/.m2/repository/com/jolbox/bonecp/0.8.0.RELEASE/bonecp-0.8.0.RELEASE.jar:/home/user/.m2/repository/org/xerial/sqlite-jdbc/3.25.2/sqlite-jdbc-3.25.2.jar:/home/user/.m2/repository/org/springframework/spring-jdbc/5.1.3.RELEASE/spring-jdbc-5.1.3.RELEASE.jar:/home/user/.m2/repository/org/springframework/spring-beans/5.1.3.RELEASE/spring-beans-5.1.3.RELEASE.jar:/home/user/.m2/repository/org/springframework/spring-core/5.1.3.RELEASE/spring-core-5.1.3.RELEASE.jar:/home/user/.m2/repository/org/springframework/spring-jcl/5.1.3.RELEASE/spring-jcl-5.1.3.RELEASE.jar:/home/user/.m2/repository/org/springframework/spring-tx/5.1.3.RELEASE/spring-tx-5.1.3.RELEASE.jar:/home/user/.m2/repository/org/apache/hadoop/hadoop-ozone-client/0.5.0-SNAPSHOT/hadoop-ozone-client-0.5.0-SNAPSHOT.jar:/home/user/.m2/repository/commons-lang/commons-lang/2.6/commons-lang-2.6.jar:/home/user/.m2/repository/org/apache/hadoop/hadoop-ozone-ozone-manager/0.5.0-SNAPSHOT/hadoop-ozone-ozone-manager-0.5.0-SNAPSHOT-tests.jar:/home/user/.m2/repository/junit/junit/4.11/junit-4.11.jar:/home/user/.m2/repository/org/hamcrest/hamcrest-core/1.3/hamcrest-core-1.3.jar:/home/user/.m2/repository/org/openjdk/jmh/jmh-core/1.19/jmh-core-1.19.jar:/home/user/.m2/repository/net/sf/jopt-simple/jopt-simple/4.6/jopt-simple-4.6.jar:/home/user/.m2/repository/org/apache/commons/commons-math3/3.1.1/commons-math3-3.1.1.jar:/home/user/.m2/repository/org/openjdk/jmh/jmh-generator-annprocess/1.19/jmh-generator-annprocess-1.19.jar:/home/user/.m2/repository/org/mockito/mockito-all/1.8.5/mockito-all-1.8.5.jar:/home/user/.m2/repository/org/apache/hadoop/hadoop-kms/3.2.0/hadoop-kms-3.2.0.jar:/home/user/.m2/repository/org/apache/hadoop/hadoop-auth/3.2.0/hadoop-auth-3.2.0.jar:/home/user/.m2/repository/com/nimbusds/nimbus-jose-jwt/4.41.1/nimbus-jose-jwt-4.41.1.jar:/home/user/.m2/repository/com/github/stephenc/jcip/jcip-annotations/1.0-1/jcip-annotations-1.0-1.jar:/home/user/.m2/repository/net/minidev/json-smart/2.3/json-smart-2.3.jar:/home/user/.m2/repository/net/minidev/accessors-smart/1.2/accessors-smart-1.2.jar:/home/user/.m2/repository/org/ow2/asm/asm/5.0.4/asm-5.0.4.jar:/home/user/.m2/repository/org/apache/curator/curator-framework/2.12.0/curator-framework-2.12.0.jar:/home/user/.m2/repository/com/sun/jersey/jersey-core/1.19/jersey-core-1.19.jar:/home/user/.m2/repository/javax/ws/rs/jsr311-api/1.1.1/jsr311-api-1.1.1.jar:/home/user/.m2/repository/com/sun/jersey/jersey-server/1.19/jersey-server-1.19.jar:/home/user/.m2/repository/javax/servlet/javax.servlet-api/3.1.0/javax.servlet-api-3.1.0.jar:/home/user/.m2/repository/org/eclipse/jetty/jetty-server/9.3.24.v20180605/jetty-server-9.3.24.v20180605.jar:/home/user/.m2/repository/org/eclipse/jetty/jetty-http/9.3.24.v20180605/jetty-http-9.3.24.v20180605.jar:/home/user/.m2/repository/org/eclipse/jetty/jetty-io/9.3.24.v20180605/jetty-io-9.3.24.v20180605.jar:/home/user/.m2/repository/org/eclipse/jetty/jetty-webapp/9.3.24.v20180605/jetty-webapp-9.3.24.v20180605.jar:/home/user/.m2/repository/org/eclipse/jetty/jetty-xml/9.3.24.v20180605/jetty-xml-9.3.24.v20180605.jar:/home/user/.m2/repository/log4j/log4j/1.2.17/log4j-1.2.17.jar:/home/user/.m2/repository/org/slf4j/slf4j-api/1.7.25/slf4j-api-1.7.25.jar:/home/user/.m2/repository/org/slf4j/jul-to-slf4j/1.7.25/jul-to-slf4j-1.7.25.jar:/home/user/.m2/repository/org/eclipse/jetty/jetty-util/9.3.24.v20180605/jetty-util-9.3.24.v20180605.jar:/home/user/.m2/repository/com/fasterxml/jackson/core/jackson-databind/2.9.5/jackson-databind-2.9.5.jar:/home/user/.m2/repository/org/apache/hadoop/hadoop-kms/3.2.0/hadoop-kms-3.2.0-tests.jar:/home/user/.m2/repository/org/apache/hadoop/hadoop-hdds-server-scm/0.5.0-SNAPSHOT/hadoop-hdds-server-scm-0.5.0-SNAPSHOT-tests.jar:/home/user/.m2/repository/org/apache/hadoop/hadoop-hdds-container-service/0.5.0-SNAPSHOT/hadoop-hdds-container-service-0.5.0-SNAPSHOT-tests.jar:/home/user/.m2/repository/org/yaml/snakeyaml/1.16/snakeyaml-1.16.jar:/home/user/.m2/repository/org/apache/hadoop/hadoop-common/3.2.0/hadoop-common-3.2.0-tests.jar:/home/user/.m2/repository/org/apache/hadoop/hadoop-annotations/3.2.0/hadoop-annotations-3.2.0.jar:/usr/lib/jvm/java-1.8-openjdk/jre/../lib/tools.jar:/home/user/.m2/repository/commons-cli/commons-cli/1.2/commons-cli-1.2.jar:/home/user/.m2/repository/org/apache/httpcomponents/httpclient/4.5.2/httpclient-4.5.2.jar:/home/user/.m2/repository/org/apache/httpcomponents/httpcore/4.4.4/httpcore-4.4.4.jar:/home/user/.m2/repository/commons-codec/commons-codec/1.11/commons-codec-1.11.jar:/home/user/.m2/repository/commons-net/commons-net/3.6/commons-net-3.6.jar:/home/user/.m2/repository/commons-collections/commons-collections/3.2.2/commons-collections-3.2.2.jar:/home/user/.m2/repository/org/eclipse/jetty/jetty-servlet/9.3.24.v20180605/jetty-servlet-9.3.24.v20180605.jar:/home/user/.m2/repository/org/eclipse/jetty/jetty-security/9.3.24.v20180605/jetty-security-9.3.24.v20180605.jar:/home/user/.m2/repository/javax/servlet/jsp/jsp-api/2.1/jsp-api-2.1.jar:/home/user/.m2/repository/com/sun/jersey/jersey-servlet/1.19/jersey-servlet-1.19.jar:/home/user/.m2/repository/com/sun/jersey/jersey-json/1.19/jersey-json-1.19.jar:/home/user/.m2/repository/org/codehaus/jettison/jettison/1.1/jettison-1.1.jar:/home/user/.m2/repository/org/codehaus/jackson/jackson-core-asl/1.9.13/jackson-core-asl-1.9.13.jar:/home/user/.m2/repository/org/codehaus/jackson/jackson-mapper-asl/1.9.13/jackson-mapper-asl-1.9.13.jar:/home/user/.m2/repository/org/codehaus/jackson/jackson-jaxrs/1.9.13/jackson-jaxrs-1.9.13.jar:/home/user/.m2/repository/org/codehaus/jackson/jackson-xc/1.9.13/jackson-xc-1.9.13.jar:/home/user/.m2/repository/commons-logging/commons-logging/1.1.3/commons-logging-1.1.3.jar:/home/user/.m2/repository/commons-beanutils/commons-beanutils/1.9.3/commons-beanutils-1.9.3.jar:/home/user/.m2/repository/org/apache/commons/commons-configuration2/2.1.1/commons-configuration2-2.1.1.jar:/home/user/.m2/repository/org/apache/commons/commons-lang3/3.7/commons-lang3-3.7.jar:/home/user/.m2/repository/org/apache/commons/commons-text/1.4/commons-text-1.4.jar:/home/user/.m2/repository/org/apache/avro/avro/1.7.7/avro-1.7.7.jar:/home/user/.m2/repository/com/thoughtworks/paranamer/paranamer/2.3/paranamer-2.3.jar:/home/user/.m2/repository/org/xerial/snappy/snappy-java/1.0.5/snappy-java-1.0.5.jar:/home/user/.m2/repository/com/google/re2j/re2j/1.1/re2j-1.1.jar:/home/user/.m2/repository/com/google/code/gson/gson/2.2.4/gson-2.2.4.jar:/home/user/.m2/repository/com/jcraft/jsch/0.1.54/jsch-0.1.54.jar:/home/user/.m2/repository/org/apache/curator/curator-client/2.12.0/curator-client-2.12.0.jar:/home/user/.m2/repository/org/apache/curator/curator-recipes/2.12.0/curator-recipes-2.12.0.jar:/home/user/.m2/repository/com/google/code/findbugs/jsr305/3.0.0/jsr305-3.0.0.jar:/home/user/.m2/repository/org/apache/htrace/htrace-core4/4.1.0-incubating/htrace-core4-4.1.0-incubating.jar:/home/user/.m2/repository/org/apache/zookeeper/zookeeper/3.4.13/zookeeper-3.4.13.jar:/home/user/.m2/repository/org/apache/yetus/audience-annotations/0.5.0/audience-annotations-0.5.0.jar:/home/user/.m2/repository/org/codehaus/woodstox/stax2-api/3.1.4/stax2-api-3.1.4.jar:/home/user/.m2/repository/com/fasterxml/woodstox/woodstox-core/5.0.3/woodstox-core-5.0.3.jar:/home/user/.m2/repository/dnsjava/dnsjava/2.1.7/dnsjava-2.1.7.jar:/home/user/.m2/repository/org/apache/hadoop/hadoop-hdfs/3.2.0/hadoop-hdfs-3.2.0-tests.jar:/home/user/.m2/repository/org/eclipse/jetty/jetty-util-ajax/9.3.24.v20180605/jetty-util-ajax-9.3.24.v20180605.jar:/home/user/.m2/repository/commons-daemon/commons-daemon/1.0.13/commons-daemon-1.0.13.jar:/home/user/.m2/repository/io/netty/netty/3.10.5.Final/netty-3.10.5.Final.jar:/home/user/.m2/repository/io/netty/netty-all/4.0.52.Final/netty-all-4.0.52.Final.jar:/home/user/.m2/repository/org/fusesource/leveldbjni/leveldbjni-all/1.8/leveldbjni-all-1.8.jar:"/>
    <property name="java.vm.vendor" value="IcedTea"/>
    <property name="sun.arch.data.model" value="64"/>
    <property name="test.build.dir" value="/workdir/hadoop-ozone/integration-test/target/test-dir"/>
    <property name="test.cache.data" value=""/>
    <property name="java.vendor.url" value="https://icedtea.classpath.org"/>
    <property name="user.timezone" value=""/>
    <property name="java.vm.specification.version" value="1.8"/>
    <property name="os.name" value="Linux"/>
    <property name="test.build.data" value="/workdir/hadoop-ozone/integration-test/target/test-dir"/>
    <property name="user.country" value="US"/>
    <property name="sun.java.launcher" value="SUN_STANDARD"/>
    <property name="sun.boot.library.path" value="/usr/lib/jvm/java-1.8-openjdk/jre/lib/amd64"/>
    <property name="sun.java.command" value="/workdir/hadoop-ozone/integration-test/target/surefire/surefirebooter5584929179656309275.jar /workdir/hadoop-ozone/integration-test/target/surefire 2019-09-18T13-02-02_482-jvmRun1 surefire4121136899411680531tmp surefire_207590823480878960138tmp"/>
    <property name="test" value="!TestMiniChaosOzoneCluster"/>
    <property name="surefire.test.class.path" value="/workdir/hadoop-ozone/integration-test/target/test-classes:/workdir/hadoop-ozone/integration-test/target/classes:/home/user/.m2/repository/org/apache/hadoop/hadoop-ozone-common/0.5.0-SNAPSHOT/hadoop-ozone-common-0.5.0-SNAPSHOT.jar:/home/user/.m2/repository/org/apache/commons/commons-compress/1.4.1/commons-compress-1.4.1.jar:/home/user/.m2/repository/org/tukaani/xz/1.0/xz-1.0.jar:/home/user/.m2/repository/org/apache/hadoop/hadoop-common/3.2.0/hadoop-common-3.2.0.jar:/home/user/.m2/repository/org/apache/hadoop/hadoop-hdfs/3.2.0/hadoop-hdfs-3.2.0.jar:/home/user/.m2/repository/org/apache/hadoop/hadoop-hdfs-client/3.2.0/hadoop-hdfs-client-3.2.0.jar:/home/user/.m2/repository/com/fasterxml/jackson/core/jackson-annotations/2.9.5/jackson-annotations-2.9.5.jar:/home/user/.m2/repository/org/apache/hadoop/hadoop-hdds-common/0.5.0-SNAPSHOT/hadoop-hdds-common-0.5.0-SNAPSHOT.jar:/home/user/.m2/repository/javax/annotation/javax.annotation-api/1.2/javax.annotation-api-1.2.jar:/home/user/.m2/repository/org/apache/ratis/ratis-server/0.4.0-78e95b9-SNAPSHOT/ratis-server-0.4.0-78e95b9-SNAPSHOT.jar:/home/user/.m2/repository/org/apache/ratis/ratis-thirdparty-misc/0.2.0/ratis-thirdparty-misc-0.2.0.jar:/home/user/.m2/repository/org/apache/ratis/ratis-proto/0.4.0-78e95b9-SNAPSHOT/ratis-proto-0.4.0-78e95b9-SNAPSHOT.jar:/home/user/.m2/repository/org/apache/ratis/ratis-common/0.4.0-78e95b9-SNAPSHOT/ratis-common-0.4.0-78e95b9-SNAPSHOT.jar:/home/user/.m2/repository/org/apache/ratis/ratis-client/0.4.0-78e95b9-SNAPSHOT/ratis-client-0.4.0-78e95b9-SNAPSHOT.jar:/home/user/.m2/repository/org/apache/ratis/ratis-metrics/0.4.0-78e95b9-SNAPSHOT/ratis-metrics-0.4.0-78e95b9-SNAPSHOT.jar:/home/user/.m2/repository/com/github/joshelser/dropwizard-metrics-hadoop-metrics2-reporter/0.1.2/dropwizard-metrics-hadoop-metrics2-reporter-0.1.2.jar:/home/user/.m2/repository/io/dropwizard/metrics/metrics-jvm/3.2.5/metrics-jvm-3.2.5.jar:/home/user/.m2/repository/io/dropwizard/metrics/metrics-ganglia/3.2.5/metrics-ganglia-3.2.5.jar:/home/user/.m2/repository/info/ganglia/gmetric4j/gmetric4j/1.0.7/gmetric4j-1.0.7.jar:/home/user/.m2/repository/org/apache/ratis/ratis-netty/0.4.0-78e95b9-SNAPSHOT/ratis-netty-0.4.0-78e95b9-SNAPSHOT.jar:/home/user/.m2/repository/org/apache/ratis/ratis-grpc/0.4.0-78e95b9-SNAPSHOT/ratis-grpc-0.4.0-78e95b9-SNAPSHOT.jar:/home/user/.m2/repository/org/rocksdb/rocksdbjni/6.0.1/rocksdbjni-6.0.1.jar:/home/user/.m2/repository/org/apache/logging/log4j/log4j-api/2.11.0/log4j-api-2.11.0.jar:/home/user/.m2/repository/org/apache/logging/log4j/log4j-core/2.11.0/log4j-core-2.11.0.jar:/home/user/.m2/repository/com/lmax/disruptor/3.4.2/disruptor-3.4.2.jar:/home/user/.m2/repository/org/apache/commons/commons-pool2/2.6.0/commons-pool2-2.6.0.jar:/home/user/.m2/repository/org/bouncycastle/bcpkix-jdk15on/1.60/bcpkix-jdk15on-1.60.jar:/home/user/.m2/repository/commons-validator/commons-validator/1.6/commons-validator-1.6.jar:/home/user/.m2/repository/commons-digester/commons-digester/1.8.1/commons-digester-1.8.1.jar:/home/user/.m2/repository/io/jaegertracing/jaeger-client/0.33.1/jaeger-client-0.33.1.jar:/home/user/.m2/repository/io/jaegertracing/jaeger-thrift/0.33.1/jaeger-thrift-0.33.1.jar:/home/user/.m2/repository/org/apache/thrift/libthrift/0.11.0/libthrift-0.11.0.jar:/home/user/.m2/repository/com/squareup/okhttp3/okhttp/3.9.0/okhttp-3.9.0.jar:/home/user/.m2/repository/com/squareup/okio/okio/1.13.0/okio-1.13.0.jar:/home/user/.m2/repository/io/jaegertracing/jaeger-core/0.33.1/jaeger-core-0.33.1.jar:/home/user/.m2/repository/io/jaegertracing/jaeger-tracerresolver/0.33.1/jaeger-tracerresolver-0.33.1.jar:/home/user/.m2/repository/io/opentracing/contrib/opentracing-tracerresolver/0.1.5/opentracing-tracerresolver-0.1.5.jar:/home/user/.m2/repository/io/opentracing/opentracing-util/0.31.0/opentracing-util-0.31.0.jar:/home/user/.m2/repository/io/opentracing/opentracing-api/0.31.0/opentracing-api-0.31.0.jar:/home/user/.m2/repository/io/opentracing/opentracing-noop/0.31.0/opentracing-noop-0.31.0.jar:/home/user/.m2/repository/org/apache/hadoop/hadoop-hdds-server-framework/0.5.0-SNAPSHOT/hadoop-hdds-server-framework-0.5.0-SNAPSHOT.jar:/home/user/.m2/repository/org/apache/hadoop/hadoop-hdds-container-service/0.5.0-SNAPSHOT/hadoop-hdds-container-service-0.5.0-SNAPSHOT.jar:/home/user/.m2/repository/org/apache/hadoop/hadoop-hdds-client/0.5.0-SNAPSHOT/hadoop-hdds-client-0.5.0-SNAPSHOT.jar:/home/user/.m2/repository/org/apache/hadoop/hadoop-hdds-tools/0.5.0-SNAPSHOT/hadoop-hdds-tools-0.5.0-SNAPSHOT.jar:/home/user/.m2/repository/org/apache/hadoop/hadoop-hdds-server-scm/0.5.0-SNAPSHOT/hadoop-hdds-server-scm-0.5.0-SNAPSHOT.jar:/home/user/.m2/repository/org/apache/hadoop/hadoop-hdds-docs/0.5.0-SNAPSHOT/hadoop-hdds-docs-0.5.0-SNAPSHOT.jar:/home/user/.m2/repository/io/dropwizard/metrics/metrics-core/3.2.4/metrics-core-3.2.4.jar:/home/user/.m2/repository/org/hamcrest/hamcrest-all/1.3/hamcrest-all-1.3.jar:/home/user/.m2/repository/org/bouncycastle/bcprov-jdk15on/1.60/bcprov-jdk15on-1.60.jar:/home/user/.m2/repository/info/picocli/picocli/3.9.6/picocli-3.9.6.jar:/home/user/.m2/repository/com/google/protobuf/protobuf-java/2.5.0/protobuf-java-2.5.0.jar:/home/user/.m2/repository/com/google/guava/guava/11.0.2/guava-11.0.2.jar:/home/user/.m2/repository/org/apache/hadoop/hadoop-ozone-ozone-manager/0.5.0-SNAPSHOT/hadoop-ozone-ozone-manager-0.5.0-SNAPSHOT.jar:/home/user/.m2/repository/org/apache/hadoop/hadoop-minikdc/3.2.0/hadoop-minikdc-3.2.0.jar:/home/user/.m2/repository/commons-io/commons-io/2.5/commons-io-2.5.jar:/home/user/.m2/repository/org/apache/kerby/kerb-simplekdc/1.0.1/kerb-simplekdc-1.0.1.jar:/home/user/.m2/repository/org/apache/kerby/kerb-client/1.0.1/kerb-client-1.0.1.jar:/home/user/.m2/repository/org/apache/kerby/kerby-config/1.0.1/kerby-config-1.0.1.jar:/home/user/.m2/repository/org/apache/kerby/kerb-core/1.0.1/kerb-core-1.0.1.jar:/home/user/.m2/repository/org/apache/kerby/kerby-pkix/1.0.1/kerby-pkix-1.0.1.jar:/home/user/.m2/repository/org/apache/kerby/kerby-asn1/1.0.1/kerby-asn1-1.0.1.jar:/home/user/.m2/repository/org/apache/kerby/kerby-util/1.0.1/kerby-util-1.0.1.jar:/home/user/.m2/repository/org/apache/kerby/kerb-common/1.0.1/kerb-common-1.0.1.jar:/home/user/.m2/repository/org/apache/kerby/kerb-crypto/1.0.1/kerb-crypto-1.0.1.jar:/home/user/.m2/repository/org/apache/kerby/kerb-util/1.0.1/kerb-util-1.0.1.jar:/home/user/.m2/repository/org/apache/kerby/token-provider/1.0.1/token-provider-1.0.1.jar:/home/user/.m2/repository/org/apache/kerby/kerb-admin/1.0.1/kerb-admin-1.0.1.jar:/home/user/.m2/repository/org/apache/kerby/kerb-server/1.0.1/kerb-server-1.0.1.jar:/home/user/.m2/repository/org/apache/kerby/kerb-identity/1.0.1/kerb-identity-1.0.1.jar:/home/user/.m2/repository/org/apache/kerby/kerby-xdr/1.0.1/kerby-xdr-1.0.1.jar:/home/user/.m2/repository/org/slf4j/slf4j-log4j12/1.7.25/slf4j-log4j12-1.7.25.jar:/home/user/.m2/repository/org/apache/hadoop/hadoop-ozone-s3gateway/0.5.0-SNAPSHOT/hadoop-ozone-s3gateway-0.5.0-SNAPSHOT.jar:/home/user/.m2/repository/org/jboss/weld/servlet/weld-servlet/2.4.7.Final/weld-servlet-2.4.7.Final.jar:/home/user/.m2/repository/org/glassfish/jersey/containers/jersey-container-servlet-core/2.27/jersey-container-servlet-core-2.27.jar:/home/user/.m2/repository/org/glassfish/hk2/external/javax.inject/2.5.0-b42/javax.inject-2.5.0-b42.jar:/home/user/.m2/repository/org/glassfish/jersey/core/jersey-common/2.27/jersey-common-2.27.jar:/home/user/.m2/repository/org/glassfish/hk2/osgi-resource-locator/1.0.1/osgi-resource-locator-1.0.1.jar:/home/user/.m2/repository/javax/ws/rs/javax.ws.rs-api/2.1/javax.ws.rs-api-2.1.jar:/home/user/.m2/repository/org/glassfish/jersey/ext/cdi/jersey-cdi1x/2.27/jersey-cdi1x-2.27.jar:/home/user/.m2/repository/org/glassfish/jersey/inject/jersey-hk2/2.27/jersey-hk2-2.27.jar:/home/user/.m2/repository/org/glassfish/hk2/hk2-locator/2.5.0-b42/hk2-locator-2.5.0-b42.jar:/home/user/.m2/repository/org/javassist/javassist/3.22.0-CR2/javassist-3.22.0-CR2.jar:/home/user/.m2/repository/org/glassfish/hk2/hk2-api/2.5.0/hk2-api-2.5.0.jar:/home/user/.m2/repository/org/glassfish/hk2/external/jakarta.inject/2.5.0/jakarta.inject-2.5.0.jar:/home/user/.m2/repository/org/glassfish/hk2/hk2-utils/2.5.0/hk2-utils-2.5.0.jar:/home/user/.m2/repository/jakarta/annotation/jakarta.annotation-api/1.3.4/jakarta.annotation-api-1.3.4.jar:/home/user/.m2/repository/org/glassfish/hk2/external/aopalliance-repackaged/2.5.0/aopalliance-repackaged-2.5.0.jar:/home/user/.m2/repository/com/fasterxml/jackson/dataformat/jackson-dataformat-xml/2.9.0/jackson-dataformat-xml-2.9.0.jar:/home/user/.m2/repository/com/fasterxml/jackson/core/jackson-core/2.9.5/jackson-core-2.9.5.jar:/home/user/.m2/repository/com/fasterxml/jackson/module/jackson-module-jaxb-annotations/2.9.5/jackson-module-jaxb-annotations-2.9.5.jar:/home/user/.m2/repository/javax/enterprise/cdi-api/1.2/cdi-api-1.2.jar:/home/user/.m2/repository/javax/el/javax.el-api/3.0.0/javax.el-api-3.0.0.jar:/home/user/.m2/repository/javax/interceptor/javax.interceptor-api/1.2/javax.interceptor-api-1.2.jar:/home/user/.m2/repository/javax/inject/javax.inject/1/javax.inject-1.jar:/home/user/.m2/repository/com/sun/xml/bind/jaxb-impl/2.3.0.1/jaxb-impl-2.3.0.1.jar:/home/user/.m2/repository/com/sun/xml/bind/jaxb-core/2.3.0.1/jaxb-core-2.3.0.1.jar:/home/user/.m2/repository/javax/xml/bind/jaxb-api/2.3.0/jaxb-api-2.3.0.jar:/home/user/.m2/repository/javax/activation/activation/1.1.1/activation-1.1.1.jar:/home/user/.m2/repository/org/apache/hadoop/hadoop-ozone-csi/0.5.0-SNAPSHOT/hadoop-ozone-csi-0.5.0-SNAPSHOT.jar:/home/user/.m2/repository/com/google/protobuf/protobuf-java-util/3.5.1/protobuf-java-util-3.5.1.jar:/home/user/.m2/repository/org/apache/hadoop/hadoop-hdds-config/0.5.0-SNAPSHOT/hadoop-hdds-config-0.5.0-SNAPSHOT.jar:/home/user/.m2/repository/io/grpc/grpc-netty/1.17.1/grpc-netty-1.17.1.jar:/home/user/.m2/repository/io/grpc/grpc-core/1.17.1/grpc-core-1.17.1.jar:/home/user/.m2/repository/io/grpc/grpc-context/1.17.1/grpc-context-1.17.1.jar:/home/user/.m2/repository/com/google/errorprone/error_prone_annotations/2.2.0/error_prone_annotations-2.2.0.jar:/home/user/.m2/repository/org/codehaus/mojo/animal-sniffer-annotations/1.17/animal-sniffer-annotations-1.17.jar:/home/user/.m2/repository/io/opencensus/opencensus-api/0.17.0/opencensus-api-0.17.0.jar:/home/user/.m2/repository/io/opencensus/opencensus-contrib-grpc-metrics/0.17.0/opencensus-contrib-grpc-metrics-0.17.0.jar:/home/user/.m2/repository/io/netty/netty-codec-http2/4.1.30.Final/netty-codec-http2-4.1.30.Final.jar:/home/user/.m2/repository/io/netty/netty-codec-http/4.1.30.Final/netty-codec-http-4.1.30.Final.jar:/home/user/.m2/repository/io/netty/netty-codec/4.1.30.Final/netty-codec-4.1.30.Final.jar:/home/user/.m2/repository/io/netty/netty-handler/4.1.30.Final/netty-handler-4.1.30.Final.jar:/home/user/.m2/repository/io/netty/netty-handler-proxy/4.1.30.Final/netty-handler-proxy-4.1.30.Final.jar:/home/user/.m2/repository/io/netty/netty-codec-socks/4.1.30.Final/netty-codec-socks-4.1.30.Final.jar:/home/user/.m2/repository/io/netty/netty-transport-native-epoll/4.1.30.Final/netty-transport-native-epoll-4.1.30.Final.jar:/home/user/.m2/repository/io/netty/netty-common/4.1.30.Final/netty-common-4.1.30.Final.jar:/home/user/.m2/repository/io/netty/netty-buffer/4.1.30.Final/netty-buffer-4.1.30.Final.jar:/home/user/.m2/repository/io/netty/netty-transport/4.1.30.Final/netty-transport-4.1.30.Final.jar:/home/user/.m2/repository/io/netty/netty-resolver/4.1.30.Final/netty-resolver-4.1.30.Final.jar:/home/user/.m2/repository/io/netty/netty-transport-native-unix-common/4.1.30.Final/netty-transport-native-unix-common-4.1.30.Final.jar:/home/user/.m2/repository/io/grpc/grpc-protobuf/1.17.1/grpc-protobuf-1.17.1.jar:/home/user/.m2/repository/com/google/api/grpc/proto-google-common-protos/1.0.0/proto-google-common-protos-1.0.0.jar:/home/user/.m2/repository/io/grpc/grpc-protobuf-lite/1.17.1/grpc-protobuf-lite-1.17.1.jar:/home/user/.m2/repository/io/grpc/grpc-stub/1.17.1/grpc-stub-1.17.1.jar:/home/user/.m2/repository/org/apache/hadoop/hadoop-ozone-recon/0.5.0-SNAPSHOT/hadoop-ozone-recon-0.5.0-SNAPSHOT.jar:/home/user/.m2/repository/org/apache/hadoop/hadoop-ozone-reconcodegen/0.5.0-SNAPSHOT/hadoop-ozone-reconcodegen-0.5.0-SNAPSHOT.jar:/home/user/.m2/repository/com/google/inject/extensions/guice-multibindings/4.0/guice-multibindings-4.0.jar:/home/user/.m2/repository/com/google/inject/guice/4.0/guice-4.0.jar:/home/user/.m2/repository/aopalliance/aopalliance/1.0/aopalliance-1.0.jar:/home/user/.m2/repository/com/google/inject/extensions/guice-servlet/4.0/guice-servlet-4.0.jar:/home/user/.m2/repository/org/glassfish/jersey/containers/jersey-container-servlet/2.27/jersey-container-servlet-2.27.jar:/home/user/.m2/repository/org/glassfish/hk2/guice-bridge/2.5.0/guice-bridge-2.5.0.jar:/home/user/.m2/repository/org/glassfish/jersey/core/jersey-server/2.27/jersey-server-2.27.jar:/home/user/.m2/repository/org/glassfish/jersey/core/jersey-client/2.27/jersey-client-2.27.jar:/home/user/.m2/repository/org/glassfish/jersey/media/jersey-media-jaxb/2.27/jersey-media-jaxb-2.27.jar:/home/user/.m2/repository/javax/validation/validation-api/1.1.0.Final/validation-api-1.1.0.Final.jar:/home/user/.m2/repository/org/glassfish/jersey/media/jersey-media-json-jackson/2.27/jersey-media-json-jackson-2.27.jar:/home/user/.m2/repository/org/glassfish/jersey/ext/jersey-entity-filtering/2.27/jersey-entity-filtering-2.27.jar:/home/user/.m2/repository/com/google/inject/extensions/guice-assistedinject/4.0/guice-assistedinject-4.0.jar:/home/user/.m2/repository/org/jooq/jooq/3.11.10/jooq-3.11.10.jar:/home/user/.m2/repository/org/jooq/jooq-meta/3.11.10/jooq-meta-3.11.10.jar:/home/user/.m2/repository/org/jooq/jooq-codegen/3.11.10/jooq-codegen-3.11.10.jar:/home/user/.m2/repository/com/jolbox/bonecp/0.8.0.RELEASE/bonecp-0.8.0.RELEASE.jar:/home/user/.m2/repository/org/xerial/sqlite-jdbc/3.25.2/sqlite-jdbc-3.25.2.jar:/home/user/.m2/repository/org/springframework/spring-jdbc/5.1.3.RELEASE/spring-jdbc-5.1.3.RELEASE.jar:/home/user/.m2/repository/org/springframework/spring-beans/5.1.3.RELEASE/spring-beans-5.1.3.RELEASE.jar:/home/user/.m2/repository/org/springframework/spring-core/5.1.3.RELEASE/spring-core-5.1.3.RELEASE.jar:/home/user/.m2/repository/org/springframework/spring-jcl/5.1.3.RELEASE/spring-jcl-5.1.3.RELEASE.jar:/home/user/.m2/repository/org/springframework/spring-tx/5.1.3.RELEASE/spring-tx-5.1.3.RELEASE.jar:/home/user/.m2/repository/org/apache/hadoop/hadoop-ozone-client/0.5.0-SNAPSHOT/hadoop-ozone-client-0.5.0-SNAPSHOT.jar:/home/user/.m2/repository/commons-lang/commons-lang/2.6/commons-lang-2.6.jar:/home/user/.m2/repository/org/apache/hadoop/hadoop-ozone-ozone-manager/0.5.0-SNAPSHOT/hadoop-ozone-ozone-manager-0.5.0-SNAPSHOT-tests.jar:/home/user/.m2/repository/junit/junit/4.11/junit-4.11.jar:/home/user/.m2/repository/org/hamcrest/hamcrest-core/1.3/hamcrest-core-1.3.jar:/home/user/.m2/repository/org/openjdk/jmh/jmh-core/1.19/jmh-core-1.19.jar:/home/user/.m2/repository/net/sf/jopt-simple/jopt-simple/4.6/jopt-simple-4.6.jar:/home/user/.m2/repository/org/apache/commons/commons-math3/3.1.1/commons-math3-3.1.1.jar:/home/user/.m2/repository/org/openjdk/jmh/jmh-generator-annprocess/1.19/jmh-generator-annprocess-1.19.jar:/home/user/.m2/repository/org/mockito/mockito-all/1.8.5/mockito-all-1.8.5.jar:/home/user/.m2/repository/org/apache/hadoop/hadoop-kms/3.2.0/hadoop-kms-3.2.0.jar:/home/user/.m2/repository/org/apache/hadoop/hadoop-auth/3.2.0/hadoop-auth-3.2.0.jar:/home/user/.m2/repository/com/nimbusds/nimbus-jose-jwt/4.41.1/nimbus-jose-jwt-4.41.1.jar:/home/user/.m2/repository/com/github/stephenc/jcip/jcip-annotations/1.0-1/jcip-annotations-1.0-1.jar:/home/user/.m2/repository/net/minidev/json-smart/2.3/json-smart-2.3.jar:/home/user/.m2/repository/net/minidev/accessors-smart/1.2/accessors-smart-1.2.jar:/home/user/.m2/repository/org/ow2/asm/asm/5.0.4/asm-5.0.4.jar:/home/user/.m2/repository/org/apache/curator/curator-framework/2.12.0/curator-framework-2.12.0.jar:/home/user/.m2/repository/com/sun/jersey/jersey-core/1.19/jersey-core-1.19.jar:/home/user/.m2/repository/javax/ws/rs/jsr311-api/1.1.1/jsr311-api-1.1.1.jar:/home/user/.m2/repository/com/sun/jersey/jersey-server/1.19/jersey-server-1.19.jar:/home/user/.m2/repository/javax/servlet/javax.servlet-api/3.1.0/javax.servlet-api-3.1.0.jar:/home/user/.m2/repository/org/eclipse/jetty/jetty-server/9.3.24.v20180605/jetty-server-9.3.24.v20180605.jar:/home/user/.m2/repository/org/eclipse/jetty/jetty-http/9.3.24.v20180605/jetty-http-9.3.24.v20180605.jar:/home/user/.m2/repository/org/eclipse/jetty/jetty-io/9.3.24.v20180605/jetty-io-9.3.24.v20180605.jar:/home/user/.m2/repository/org/eclipse/jetty/jetty-webapp/9.3.24.v20180605/jetty-webapp-9.3.24.v20180605.jar:/home/user/.m2/repository/org/eclipse/jetty/jetty-xml/9.3.24.v20180605/jetty-xml-9.3.24.v20180605.jar:/home/user/.m2/repository/log4j/log4j/1.2.17/log4j-1.2.17.jar:/home/user/.m2/repository/org/slf4j/slf4j-api/1.7.25/slf4j-api-1.7.25.jar:/home/user/.m2/repository/org/slf4j/jul-to-slf4j/1.7.25/jul-to-slf4j-1.7.25.jar:/home/user/.m2/repository/org/eclipse/jetty/jetty-util/9.3.24.v20180605/jetty-util-9.3.24.v20180605.jar:/home/user/.m2/repository/com/fasterxml/jackson/core/jackson-databind/2.9.5/jackson-databind-2.9.5.jar:/home/user/.m2/repository/org/apache/hadoop/hadoop-kms/3.2.0/hadoop-kms-3.2.0-tests.jar:/home/user/.m2/repository/org/apache/hadoop/hadoop-hdds-server-scm/0.5.0-SNAPSHOT/hadoop-hdds-server-scm-0.5.0-SNAPSHOT-tests.jar:/home/user/.m2/repository/org/apache/hadoop/hadoop-hdds-container-service/0.5.0-SNAPSHOT/hadoop-hdds-container-service-0.5.0-SNAPSHOT-tests.jar:/home/user/.m2/repository/org/yaml/snakeyaml/1.16/snakeyaml-1.16.jar:/home/user/.m2/repository/org/apache/hadoop/hadoop-common/3.2.0/hadoop-common-3.2.0-tests.jar:/home/user/.m2/repository/org/apache/hadoop/hadoop-annotations/3.2.0/hadoop-annotations-3.2.0.jar:/usr/lib/jvm/java-1.8-openjdk/jre/../lib/tools.jar:/home/user/.m2/repository/commons-cli/commons-cli/1.2/commons-cli-1.2.jar:/home/user/.m2/repository/org/apache/httpcomponents/httpclient/4.5.2/httpclient-4.5.2.jar:/home/user/.m2/repository/org/apache/httpcomponents/httpcore/4.4.4/httpcore-4.4.4.jar:/home/user/.m2/repository/commons-codec/commons-codec/1.11/commons-codec-1.11.jar:/home/user/.m2/repository/commons-net/commons-net/3.6/commons-net-3.6.jar:/home/user/.m2/repository/commons-collections/commons-collections/3.2.2/commons-collections-3.2.2.jar:/home/user/.m2/repository/org/eclipse/jetty/jetty-servlet/9.3.24.v20180605/jetty-servlet-9.3.24.v20180605.jar:/home/user/.m2/repository/org/eclipse/jetty/jetty-security/9.3.24.v20180605/jetty-security-9.3.24.v20180605.jar:/home/user/.m2/repository/javax/servlet/jsp/jsp-api/2.1/jsp-api-2.1.jar:/home/user/.m2/repository/com/sun/jersey/jersey-servlet/1.19/jersey-servlet-1.19.jar:/home/user/.m2/repository/com/sun/jersey/jersey-json/1.19/jersey-json-1.19.jar:/home/user/.m2/repository/org/codehaus/jettison/jettison/1.1/jettison-1.1.jar:/home/user/.m2/repository/org/codehaus/jackson/jackson-core-asl/1.9.13/jackson-core-asl-1.9.13.jar:/home/user/.m2/repository/org/codehaus/jackson/jackson-mapper-asl/1.9.13/jackson-mapper-asl-1.9.13.jar:/home/user/.m2/repository/org/codehaus/jackson/jackson-jaxrs/1.9.13/jackson-jaxrs-1.9.13.jar:/home/user/.m2/repository/org/codehaus/jackson/jackson-xc/1.9.13/jackson-xc-1.9.13.jar:/home/user/.m2/repository/commons-logging/commons-logging/1.1.3/commons-logging-1.1.3.jar:/home/user/.m2/repository/commons-beanutils/commons-beanutils/1.9.3/commons-beanutils-1.9.3.jar:/home/user/.m2/repository/org/apache/commons/commons-configuration2/2.1.1/commons-configuration2-2.1.1.jar:/home/user/.m2/repository/org/apache/commons/commons-lang3/3.7/commons-lang3-3.7.jar:/home/user/.m2/repository/org/apache/commons/commons-text/1.4/commons-text-1.4.jar:/home/user/.m2/repository/org/apache/avro/avro/1.7.7/avro-1.7.7.jar:/home/user/.m2/repository/com/thoughtworks/paranamer/paranamer/2.3/paranamer-2.3.jar:/home/user/.m2/repository/org/xerial/snappy/snappy-java/1.0.5/snappy-java-1.0.5.jar:/home/user/.m2/repository/com/google/re2j/re2j/1.1/re2j-1.1.jar:/home/user/.m2/repository/com/google/code/gson/gson/2.2.4/gson-2.2.4.jar:/home/user/.m2/repository/com/jcraft/jsch/0.1.54/jsch-0.1.54.jar:/home/user/.m2/repository/org/apache/curator/curator-client/2.12.0/curator-client-2.12.0.jar:/home/user/.m2/repository/org/apache/curator/curator-recipes/2.12.0/curator-recipes-2.12.0.jar:/home/user/.m2/repository/com/google/code/findbugs/jsr305/3.0.0/jsr305-3.0.0.jar:/home/user/.m2/repository/org/apache/htrace/htrace-core4/4.1.0-incubating/htrace-core4-4.1.0-incubating.jar:/home/user/.m2/repository/org/apache/zookeeper/zookeeper/3.4.13/zookeeper-3.4.13.jar:/home/user/.m2/repository/org/apache/yetus/audience-annotations/0.5.0/audience-annotations-0.5.0.jar:/home/user/.m2/repository/org/codehaus/woodstox/stax2-api/3.1.4/stax2-api-3.1.4.jar:/home/user/.m2/repository/com/fasterxml/woodstox/woodstox-core/5.0.3/woodstox-core-5.0.3.jar:/home/user/.m2/repository/dnsjava/dnsjava/2.1.7/dnsjava-2.1.7.jar:/home/user/.m2/repository/org/apache/hadoop/hadoop-hdfs/3.2.0/hadoop-hdfs-3.2.0-tests.jar:/home/user/.m2/repository/org/eclipse/jetty/jetty-util-ajax/9.3.24.v20180605/jetty-util-ajax-9.3.24.v20180605.jar:/home/user/.m2/repository/commons-daemon/commons-daemon/1.0.13/commons-daemon-1.0.13.jar:/home/user/.m2/repository/io/netty/netty/3.10.5.Final/netty-3.10.5.Final.jar:/home/user/.m2/repository/io/netty/netty-all/4.0.52.Final/netty-all-4.0.52.Final.jar:/home/user/.m2/repository/org/fusesource/leveldbjni/leveldbjni-all/1.8/leveldbjni-all-1.8.jar:"/>
    <property name="sun.cpu.endian" value="little"/>
    <property name="user.home" value="/home/user"/>
    <property name="user.language" value="en"/>
    <property name="java.specification.vendor" value="Oracle Corporation"/>
    <property name="java.home" value="/usr/lib/jvm/java-1.8-openjdk/jre"/>
    <property name="java.security.krb5.conf" value="/workdir/hadoop-ozone/integration-test/target/test-classes/krb5.conf"/>
    <property name="basedir" value="/workdir/hadoop-ozone/integration-test"/>
    <property name="file.separator" value="/"/>
    <property name="line.separator" value="&#10;"/>
    <property name="java.vm.specification.vendor" value="Oracle Corporation"/>
    <property name="java.specification.name" value="Java Platform API Specification"/>
    <property name="java.awt.graphicsenv" value="sun.awt.X11GraphicsEnvironment"/>
    <property name="surefire.real.class.path" value="/workdir/hadoop-ozone/integration-test/target/surefire/surefirebooter5584929179656309275.jar"/>
    <property name="hadoop.log.dir" value="/workdir/hadoop-ozone/integration-test/target/log"/>
    <property name="sun.boot.class.path" value="/usr/lib/jvm/java-1.8-openjdk/jre/lib/resources.jar:/usr/lib/jvm/java-1.8-openjdk/jre/lib/rt.jar:/usr/lib/jvm/java-1.8-openjdk/jre/lib/sunrsasign.jar:/usr/lib/jvm/java-1.8-openjdk/jre/lib/jsse.jar:/usr/lib/jvm/java-1.8-openjdk/jre/lib/jce.jar:/usr/lib/jvm/java-1.8-openjdk/jre/lib/charsets.jar:/usr/lib/jvm/java-1.8-openjdk/jre/lib/jfr.jar:/usr/lib/jvm/java-1.8-openjdk/jre/classes"/>
    <property name="sun.management.compiler" value="HotSpot 64-Bit Tiered Compilers"/>
    <property name="java.runtime.version" value="1.8.0_212-b04"/>
    <property name="java.net.preferIPv4Stack" value="true"/>
    <property name="user.name" value="jenkins1000"/>
    <property name="path.separator" value=":"/>
    <property name="java.security.egd" value="file:///dev/urandom"/>
    <property name="os.version" value="3.10.0-957.12.2.el7.x86_64"/>
    <property name="java.endorsed.dirs" value="/usr/lib/jvm/java-1.8-openjdk/jre/lib/endorsed"/>
    <property name="java.runtime.name" value="OpenJDK Runtime Environment"/>
    <property name="file.encoding" value="UTF-8"/>
    <property name="java.vm.name" value="OpenJDK 64-Bit Server VM"/>
    <property name="test.build.webapps" value=""/>
    <property name="localRepository" value="/home/user/.m2/repository"/>
    <property name="java.vendor.url.bug" value="https://icedtea.classpath.org/bugzilla"/>
    <property name="java.io.tmpdir" value="/tmp"/>
    <property name="require.test.libhadoop" value=""/>
    <property name="java.version" value="1.8.0_212"/>
    <property name="user.dir" value="/workdir/hadoop-ozone/integration-test"/>
    <property name="os.arch" value="amd64"/>
    <property name="java.vm.specification.name" value="Java Virtual Machine Specification"/>
    <property name="test.build.classes" value="/workdir/hadoop-ozone/integration-test/target/test-classes"/>
    <property name="java.awt.printerjob" value="sun.print.PSPrinterJob"/>
    <property name="sun.os.patch.level" value="unknown"/>
    <property name="hadoop.tmp.dir" value="/workdir/hadoop-ozone/integration-test/target/tmp"/>
    <property name="java.library.path" value="/usr/lib/jvm/java-1.8-openjdk/jre/lib/amd64/server:/usr/lib/jvm/java-1.8-openjdk/jre/lib/amd64:/usr/lib/jvm/java-1.8-openjdk/jre/../lib/amd64:/workdir/hadoop-ozone/integration-test/target/native/target/usr/local/lib:/workdir/hadoop-ozone/integration-test/../../hadoop-common-project/hadoop-common/target/native/target/usr/local/lib:/usr/java/packages/lib/amd64:/usr/lib64:/lib64:/lib:/usr/lib"/>
    <property name="java.vm.info" value="mixed mode"/>
    <property name="java.vendor" value="IcedTea"/>
    <property name="java.vm.version" value="25.212-b04"/>
    <property name="java.ext.dirs" value="/usr/lib/jvm/java-1.8-openjdk/jre/lib/ext:/usr/java/packages/lib/ext"/>
    <property name="sun.io.unicode.encoding" value="UnicodeLittle"/>
    <property name="java.class.version" value="52.0"/>
  </properties>
  <testcase name="test2DatanodesFailure" classname="org.apache.hadoop.ozone.client.rpc.TestBlockOutputStreamWithFailures" time="48.42"/>
  <testcase name="testDatanodeFailureWithPreAllocation" classname="org.apache.hadoop.ozone.client.rpc.TestBlockOutputStreamWithFailures" time="223.723"/>
  <testcase name="testDatanodeFailureWithSingleNodeRatis" classname="org.apache.hadoop.ozone.client.rpc.TestBlockOutputStreamWithFailures" time="221.613"/>
  <testcase name="testWatchForCommitWithSingleNodeRatis" classname="org.apache.hadoop.ozone.client.rpc.TestBlockOutputStreamWithFailures" time="35.347"/>
  <testcase name="testWatchForCommitDatanodeFailure" classname="org.apache.hadoop.ozone.client.rpc.TestBlockOutputStreamWithFailures" time="42.693">
    <failure message="expected:&lt;2&gt; but was:&lt;3&gt;" type="java.lang.AssertionError"><![CDATA[java.lang.AssertionError: expected:<2> but was:<3>
	at org.junit.Assert.fail(Assert.java:88)
	at org.junit.Assert.failNotEquals(Assert.java:743)
	at org.junit.Assert.assertEquals(Assert.java:118)
	at org.junit.Assert.assertEquals(Assert.java:555)
	at org.junit.Assert.assertEquals(Assert.java:542)
	at org.apache.hadoop.ozone.client.rpc.TestBlockOutputStreamWithFailures.testWatchForCommitDatanodeFailure(TestBlockOutputStreamWithFailures.java:366)
	at sun.reflect.NativeMethodAccessorImpl.invoke0(Native Method)
	at sun.reflect.NativeMethodAccessorImpl.invoke(NativeMethodAccessorImpl.java:62)
	at sun.reflect.DelegatingMethodAccessorImpl.invoke(DelegatingMethodAccessorImpl.java:43)
	at java.lang.reflect.Method.invoke(Method.java:498)
	at org.junit.runners.model.FrameworkMethod$1.runReflectiveCall(FrameworkMethod.java:47)
	at org.junit.internal.runners.model.ReflectiveCallable.run(ReflectiveCallable.java:12)
	at org.junit.runners.model.FrameworkMethod.invokeExplosively(FrameworkMethod.java:44)
	at org.junit.internal.runners.statements.InvokeMethod.evaluate(InvokeMethod.java:17)
	at org.junit.internal.runners.statements.RunBefores.evaluate(RunBefores.java:26)
	at org.junit.internal.runners.statements.RunAfters.evaluate(RunAfters.java:27)
	at org.junit.runners.ParentRunner.runLeaf(ParentRunner.java:271)
	at org.junit.runners.BlockJUnit4ClassRunner.runChild(BlockJUnit4ClassRunner.java:70)
	at org.junit.runners.BlockJUnit4ClassRunner.runChild(BlockJUnit4ClassRunner.java:50)
	at org.junit.runners.ParentRunner$3.run(ParentRunner.java:238)
	at org.junit.runners.ParentRunner$1.schedule(ParentRunner.java:63)
	at org.junit.runners.ParentRunner.runChildren(ParentRunner.java:236)
	at org.junit.runners.ParentRunner.access$000(ParentRunner.java:53)
	at org.junit.runners.ParentRunner$2.evaluate(ParentRunner.java:229)
	at org.junit.runners.ParentRunner.run(ParentRunner.java:309)
	at org.apache.maven.surefire.junit4.JUnit4Provider.execute(JUnit4Provider.java:365)
	at org.apache.maven.surefire.junit4.JUnit4Provider.executeWithRerun(JUnit4Provider.java:273)
	at org.apache.maven.surefire.junit4.JUnit4Provider.executeTestSet(JUnit4Provider.java:238)
	at org.apache.maven.surefire.junit4.JUnit4Provider.invoke(JUnit4Provider.java:159)
	at org.apache.maven.surefire.booter.ForkedBooter.invokeProviderInSameClassLoader(ForkedBooter.java:384)
	at org.apache.maven.surefire.booter.ForkedBooter.runSuitesInProcess(ForkedBooter.java:345)
	at org.apache.maven.surefire.booter.ForkedBooter.execute(ForkedBooter.java:126)
	at org.apache.maven.surefire.booter.ForkedBooter.main(ForkedBooter.java:418)
]]></failure>
    <system-out><![CDATA[2019-09-18 13:18:40,320 [main] WARN  server.ServerUtils (ServerUtils.java:getScmDbDir(145)) - ozone.scm.db.dirs is not configured. We recommend adding this setting. Falling back to ozone.metadata.dirs instead.
2019-09-18 13:18:40,338 [main] WARN  server.ServerUtils (ServerUtils.java:getScmDbDir(145)) - ozone.scm.db.dirs is not configured. We recommend adding this setting. Falling back to ozone.metadata.dirs instead.
2019-09-18 13:18:40,339 [main] WARN  server.ServerUtils (ServerUtils.java:getScmDbDir(145)) - ozone.scm.db.dirs is not configured. We recommend adding this setting. Falling back to ozone.metadata.dirs instead.
2019-09-18 13:18:40,339 [main] INFO  db.DBStoreBuilder (DBStoreBuilder.java:addTable(110)) - using custom profile for table: deletedBlocks
2019-09-18 13:18:40,340 [main] INFO  db.DBStoreBuilder (DBStoreBuilder.java:processTables(161)) - Using default column profile:DBProfile.DISK for Table:deletedBlocks
2019-09-18 13:18:40,340 [main] INFO  db.DBStoreBuilder (DBStoreBuilder.java:addTable(110)) - using custom profile for table: validCerts
2019-09-18 13:18:40,340 [main] INFO  db.DBStoreBuilder (DBStoreBuilder.java:processTables(161)) - Using default column profile:DBProfile.DISK for Table:validCerts
2019-09-18 13:18:40,340 [main] INFO  db.DBStoreBuilder (DBStoreBuilder.java:addTable(110)) - using custom profile for table: revokedCerts
2019-09-18 13:18:40,341 [main] INFO  db.DBStoreBuilder (DBStoreBuilder.java:processTables(161)) - Using default column profile:DBProfile.DISK for Table:revokedCerts
2019-09-18 13:18:40,341 [main] INFO  db.DBStoreBuilder (DBStoreBuilder.java:addTable(110)) - using custom profile for table: default
2019-09-18 13:18:40,341 [main] INFO  db.DBStoreBuilder (DBStoreBuilder.java:processTables(167)) - Using default column profile:DBProfile.DISK for Table:default
2019-09-18 13:18:40,341 [main] INFO  db.DBStoreBuilder (DBStoreBuilder.java:getDbProfile(198)) - Using default options. DBProfile.DISK
2019-09-18 13:18:40,598 [main] INFO  net.NodeSchemaLoader (NodeSchemaLoader.java:loadSchemaFromFile(125)) - Loading file from sun.misc.CompoundEnumeration@285a4fe3
2019-09-18 13:18:40,599 [main] INFO  net.NodeSchemaLoader (NodeSchemaLoader.java:loadSchema(171)) - Loading network topology layer schema file
2019-09-18 13:18:40,608 [main] INFO  node.SCMNodeManager (SCMNodeManager.java:<init>(114)) - Entering startup safe mode.
2019-09-18 13:18:40,609 [main] INFO  algorithms.ContainerPlacementPolicyFactory (ContainerPlacementPolicyFactory.java:getPolicy(57)) - Create container placement policy of type org.apache.hadoop.hdds.scm.container.placement.algorithms.SCMContainerPlacementRandom
2019-09-18 13:18:40,609 [main] WARN  server.ServerUtils (ServerUtils.java:getScmDbDir(145)) - ozone.scm.db.dirs is not configured. We recommend adding this setting. Falling back to ozone.metadata.dirs instead.
2019-09-18 13:18:40,659 [main] INFO  pipeline.SCMPipelineManager (SCMPipelineManager.java:initializePipelineState(128)) - No pipeline exists in current db
2019-09-18 13:18:40,659 [main] WARN  server.ServerUtils (ServerUtils.java:getScmDbDir(145)) - ozone.scm.db.dirs is not configured. We recommend adding this setting. Falling back to ozone.metadata.dirs instead.
2019-09-18 13:18:40,712 [main] WARN  events.EventQueue (EventQueue.java:fireEvent(183)) - No event handler registered for event TypedEvent{payloadType=SafeModeStatus, name='SafeModeStatus'}
2019-09-18 13:18:40,713 [main] INFO  ipc.CallQueueManager (CallQueueManager.java:<init>(84)) - Using callQueue: class java.util.concurrent.LinkedBlockingQueue, queueCapacity: 2000, scheduler: class org.apache.hadoop.ipc.DefaultRpcScheduler, ipcBackoff: false.
2019-09-18 13:18:40,714 [Socket Reader #1 for port 44000] INFO  ipc.Server (Server.java:run(1074)) - Starting Socket Reader #1 for port 44000
2019-09-18 13:18:40,717 [main] INFO  ipc.CallQueueManager (CallQueueManager.java:<init>(84)) - Using callQueue: class java.util.concurrent.LinkedBlockingQueue, queueCapacity: 2000, scheduler: class org.apache.hadoop.ipc.DefaultRpcScheduler, ipcBackoff: false.
2019-09-18 13:18:40,718 [Socket Reader #1 for port 39235] INFO  ipc.Server (Server.java:run(1074)) - Starting Socket Reader #1 for port 39235
2019-09-18 13:18:40,719 [main] INFO  ipc.CallQueueManager (CallQueueManager.java:<init>(84)) - Using callQueue: class java.util.concurrent.LinkedBlockingQueue, queueCapacity: 2000, scheduler: class org.apache.hadoop.ipc.DefaultRpcScheduler, ipcBackoff: false.
2019-09-18 13:18:40,720 [Socket Reader #1 for port 35953] INFO  ipc.Server (Server.java:run(1074)) - Starting Socket Reader #1 for port 35953
2019-09-18 13:18:40,723 [main] INFO  hdfs.DFSUtil (DFSUtil.java:httpServerTemplateForNNAndJN(1641)) - Starting Web-server for scm at: http://0.0.0.0:0
2019-09-18 13:18:40,725 [main] INFO  server.AuthenticationFilter (AuthenticationFilter.java:constructSecretProvider(240)) - Unable to initialize FileSignerSecretProvider, falling back to use random secrets.
2019-09-18 13:18:40,725 [main] WARN  http.HttpRequestLog (HttpRequestLog.java:getRequestLog(97)) - Jetty request log can only be enabled using Log4j
2019-09-18 13:18:40,727 [main] INFO  http.HttpServer2 (HttpServer2.java:addGlobalFilter(975)) - Added global filter 'safety' (class=org.apache.hadoop.http.HttpServer2$QuotingInputFilter)
2019-09-18 13:18:40,728 [main] INFO  http.HttpServer2 (HttpServer2.java:addFilter(948)) - Added filter static_user_filter (class=org.apache.hadoop.http.lib.StaticUserWebFilter$StaticUserFilter) to context scm
2019-09-18 13:18:40,728 [main] INFO  http.HttpServer2 (HttpServer2.java:addFilter(958)) - Added filter static_user_filter (class=org.apache.hadoop.http.lib.StaticUserWebFilter$StaticUserFilter) to context static
2019-09-18 13:18:40,728 [main] INFO  http.HttpServer2 (HttpServer2.java:addFilter(958)) - Added filter static_user_filter (class=org.apache.hadoop.http.lib.StaticUserWebFilter$StaticUserFilter) to context logs
2019-09-18 13:18:40,730 [main] INFO  server.StorageContainerManager (StorageContainerManager.java:start(763)) - StorageContainerLocationProtocol RPC server is listening at /0.0.0.0:35953
2019-09-18 13:18:40,732 [main] WARN  impl.MetricsConfig (MetricsConfig.java:loadFirst(134)) - Cannot locate configuration: tried hadoop-metrics2-storagecontainermanager.properties,hadoop-metrics2.properties
2019-09-18 13:18:40,733 [main] INFO  impl.MetricsSystemImpl (MetricsSystemImpl.java:startTimer(374)) - Scheduled Metric snapshot period at 10 second(s).
2019-09-18 13:18:40,733 [main] INFO  impl.MetricsSystemImpl (MetricsSystemImpl.java:start(191)) - StorageContainerManager metrics system started
2019-09-18 13:18:40,807 [main] WARN  impl.MetricsSystemImpl (MetricsSystemImpl.java:register(276)) - Sink prometheus already exists!
2019-09-18 13:18:40,897 [main] INFO  server.SCMClientProtocolServer (SCMClientProtocolServer.java:start(151)) - RPC server for Client  is listening at /0.0.0.0:35953
2019-09-18 13:18:40,897 [IPC Server Responder] INFO  ipc.Server (Server.java:run(1314)) - IPC Server Responder: starting
2019-09-18 13:18:40,898 [IPC Server listener on 35953] INFO  ipc.Server (Server.java:run(1153)) - IPC Server listener on 35953: starting
2019-09-18 13:18:40,903 [main] INFO  server.StorageContainerManager (StorageContainerManager.java:start(773)) - ScmBlockLocationProtocol RPC server is listening at /0.0.0.0:39235
2019-09-18 13:18:40,903 [main] INFO  server.SCMBlockProtocolServer (SCMBlockProtocolServer.java:start(146)) - RPC server for Block Protocol is listening at /0.0.0.0:39235
2019-09-18 13:18:40,903 [IPC Server Responder] INFO  ipc.Server (Server.java:run(1314)) - IPC Server Responder: starting
2019-09-18 13:18:40,903 [IPC Server listener on 39235] INFO  ipc.Server (Server.java:run(1153)) - IPC Server listener on 39235: starting
2019-09-18 13:18:40,908 [main] INFO  server.StorageContainerManager (StorageContainerManager.java:start(777)) - ScmDatanodeProtocl RPC server is listening at /0.0.0.0:44000
2019-09-18 13:18:40,908 [main] INFO  server.SCMDatanodeProtocolServer (SCMDatanodeProtocolServer.java:start(191)) - RPC server for DataNodes is listening at /0.0.0.0:44000
2019-09-18 13:18:40,909 [IPC Server Responder] INFO  ipc.Server (Server.java:run(1314)) - IPC Server Responder: starting
2019-09-18 13:18:40,909 [IPC Server listener on 44000] INFO  ipc.Server (Server.java:run(1153)) - IPC Server listener on 44000: starting
2019-09-18 13:18:40,914 [main] INFO  http.HttpServer2 (HttpServer2.java:bindListener(1191)) - Jetty bound to port 40777
2019-09-18 13:18:40,914 [main] INFO  server.Server (Server.java:doStart(351)) - jetty-9.3.24.v20180605, build timestamp: 2018-06-05T17:11:56Z, git hash: 84205aa28f11a4f31f2a3b86d1bba2cc8ab69827
2019-09-18 13:18:40,916 [main] INFO  handler.ContextHandler (ContextHandler.java:doStart(781)) - Started o.e.j.s.ServletContextHandler@6222391a{/logs,file:///workdir/hadoop-ozone/integration-test/target/log,AVAILABLE}
2019-09-18 13:18:40,916 [main] INFO  handler.ContextHandler (ContextHandler.java:doStart(781)) - Started o.e.j.s.ServletContextHandler@d2708a7{/static,file:///workdir/hadoop-ozone/integration-test/target/test-classes/webapps/static,AVAILABLE}
2019-09-18 13:18:40,920 [main] INFO  handler.ContextHandler (ContextHandler.java:doStart(781)) - Started o.e.j.w.WebAppContext@7da1e005{/,file:///workdir/hadoop-ozone/integration-test/target/test-classes/webapps/scm/,AVAILABLE}{/scm}
2019-09-18 13:18:40,921 [main] INFO  server.AbstractConnector (AbstractConnector.java:doStart(278)) - Started ServerConnector@38159384{HTTP/1.1,[http/1.1]}{0.0.0.0:40777}
2019-09-18 13:18:40,922 [main] INFO  server.Server (Server.java:doStart(419)) - Started @530315ms
2019-09-18 13:18:40,922 [main] WARN  impl.MetricsSystemImpl (MetricsSystemImpl.java:register(276)) - Sink prometheus already exists!
2019-09-18 13:18:40,923 [main] INFO  server.BaseHttpServer (BaseHttpServer.java:updateConnectorAddress(215)) - HTTP server of SCM is listening at http://0.0.0.0:40777
2019-09-18 13:18:40,923 [main] WARN  server.ServerUtils (ServerUtils.java:getDBPath(222)) - ozone.om.db.dirs is not configured. We recommend adding this setting. Falling back to ozone.metadata.dirs instead.
2019-09-18 13:18:40,925 [org.apache.hadoop.util.JvmPauseMonitor$Monitor@723e2d08] INFO  util.JvmPauseMonitor (JvmPauseMonitor.java:run(188)) - Starting JVM pause monitor
2019-09-18 13:18:40,938 [main] WARN  server.ServerUtils (ServerUtils.java:getDBPath(222)) - ozone.om.db.dirs is not configured. We recommend adding this setting. Falling back to ozone.metadata.dirs instead.
2019-09-18 13:18:40,938 [main] WARN  server.ServerUtils (ServerUtils.java:getDBPath(222)) - ozone.om.db.dirs is not configured. We recommend adding this setting. Falling back to ozone.metadata.dirs instead.
2019-09-18 13:18:40,938 [main] INFO  om.OzoneManager (OzoneManager.java:setOMNodeDetails(649)) - OM Service ID is not set. Setting it to the default ID: omServiceIdDefault
2019-09-18 13:18:40,938 [main] INFO  om.OzoneManager (OzoneManager.java:setOMNodeDetails(655)) - OM Node ID is not set. Setting it to the OmStorage's OmID: 65bfcaa0-0874-4206-93cf-0436867f3f89
2019-09-18 13:18:40,939 [main] INFO  om.OzoneManager (OzoneManager.java:loadOMHAConfigs(606)) - Found matching OM address with OMServiceId: null, OMNodeId: null, RPC Address: localhost:0 and Ratis port: 9872
2019-09-18 13:18:40,945 [main] WARN  server.ServerUtils (ServerUtils.java:getDBPath(222)) - ozone.om.db.dirs is not configured. We recommend adding this setting. Falling back to ozone.metadata.dirs instead.
2019-09-18 13:18:40,946 [main] INFO  db.DBStoreBuilder (DBStoreBuilder.java:addTable(110)) - using custom profile for table: userTable
2019-09-18 13:18:40,946 [main] INFO  db.DBStoreBuilder (DBStoreBuilder.java:processTables(161)) - Using default column profile:DBProfile.DISK for Table:userTable
2019-09-18 13:18:40,946 [main] INFO  db.DBStoreBuilder (DBStoreBuilder.java:addTable(110)) - using custom profile for table: volumeTable
2019-09-18 13:18:40,947 [main] INFO  db.DBStoreBuilder (DBStoreBuilder.java:processTables(161)) - Using default column profile:DBProfile.DISK for Table:volumeTable
2019-09-18 13:18:40,947 [main] INFO  db.DBStoreBuilder (DBStoreBuilder.java:addTable(110)) - using custom profile for table: bucketTable
2019-09-18 13:18:40,947 [main] INFO  db.DBStoreBuilder (DBStoreBuilder.java:processTables(161)) - Using default column profile:DBProfile.DISK for Table:bucketTable
2019-09-18 13:18:40,947 [main] INFO  db.DBStoreBuilder (DBStoreBuilder.java:addTable(110)) - using custom profile for table: keyTable
2019-09-18 13:18:40,948 [main] INFO  db.DBStoreBuilder (DBStoreBuilder.java:processTables(161)) - Using default column profile:DBProfile.DISK for Table:keyTable
2019-09-18 13:18:40,948 [main] INFO  db.DBStoreBuilder (DBStoreBuilder.java:addTable(110)) - using custom profile for table: deletedTable
2019-09-18 13:18:40,948 [main] INFO  db.DBStoreBuilder (DBStoreBuilder.java:processTables(161)) - Using default column profile:DBProfile.DISK for Table:deletedTable
2019-09-18 13:18:40,948 [main] INFO  db.DBStoreBuilder (DBStoreBuilder.java:addTable(110)) - using custom profile for table: openKeyTable
2019-09-18 13:18:40,948 [main] INFO  db.DBStoreBuilder (DBStoreBuilder.java:processTables(161)) - Using default column profile:DBProfile.DISK for Table:openKeyTable
2019-09-18 13:18:40,949 [main] INFO  db.DBStoreBuilder (DBStoreBuilder.java:addTable(110)) - using custom profile for table: s3Table
2019-09-18 13:18:40,949 [main] INFO  db.DBStoreBuilder (DBStoreBuilder.java:processTables(161)) - Using default column profile:DBProfile.DISK for Table:s3Table
2019-09-18 13:18:40,949 [main] INFO  db.DBStoreBuilder (DBStoreBuilder.java:addTable(110)) - using custom profile for table: multipartInfoTable
2019-09-18 13:18:40,949 [main] INFO  db.DBStoreBuilder (DBStoreBuilder.java:processTables(161)) - Using default column profile:DBProfile.DISK for Table:multipartInfoTable
2019-09-18 13:18:40,949 [main] INFO  db.DBStoreBuilder (DBStoreBuilder.java:addTable(110)) - using custom profile for table: dTokenTable
2019-09-18 13:18:40,950 [main] INFO  db.DBStoreBuilder (DBStoreBuilder.java:processTables(161)) - Using default column profile:DBProfile.DISK for Table:dTokenTable
2019-09-18 13:18:40,950 [main] INFO  db.DBStoreBuilder (DBStoreBuilder.java:addTable(110)) - using custom profile for table: s3SecretTable
2019-09-18 13:18:40,950 [main] INFO  db.DBStoreBuilder (DBStoreBuilder.java:processTables(161)) - Using default column profile:DBProfile.DISK for Table:s3SecretTable
2019-09-18 13:18:40,950 [main] INFO  db.DBStoreBuilder (DBStoreBuilder.java:addTable(110)) - using custom profile for table: prefixTable
2019-09-18 13:18:40,950 [main] INFO  db.DBStoreBuilder (DBStoreBuilder.java:processTables(161)) - Using default column profile:DBProfile.DISK for Table:prefixTable
2019-09-18 13:18:40,951 [main] INFO  db.DBStoreBuilder (DBStoreBuilder.java:addTable(110)) - using custom profile for table: default
2019-09-18 13:18:40,951 [main] INFO  db.DBStoreBuilder (DBStoreBuilder.java:processTables(167)) - Using default column profile:DBProfile.DISK for Table:default
2019-09-18 13:18:40,951 [main] INFO  db.DBStoreBuilder (DBStoreBuilder.java:getDbProfile(198)) - Using default options. DBProfile.DISK
2019-09-18 13:18:41,375 [main] INFO  ipc.CallQueueManager (CallQueueManager.java:<init>(84)) - Using callQueue: class java.util.concurrent.LinkedBlockingQueue, queueCapacity: 2000, scheduler: class org.apache.hadoop.ipc.DefaultRpcScheduler, ipcBackoff: false.
2019-09-18 13:18:41,376 [Socket Reader #1 for port 39910] INFO  ipc.Server (Server.java:run(1074)) - Starting Socket Reader #1 for port 39910
2019-09-18 13:18:41,390 [main] INFO  om.OzoneManager (OzoneManager.java:start(1240)) - OzoneManager RPC server is listening at localhost/127.0.0.1:39910
2019-09-18 13:18:41,390 [main] INFO  impl.MetricsSystemImpl (MetricsSystemImpl.java:init(158)) - OzoneManager metrics system started (again)
2019-09-18 13:18:41,391 [IPC Server Responder] INFO  ipc.Server (Server.java:run(1314)) - IPC Server Responder: starting
2019-09-18 13:18:41,391 [IPC Server listener on 39910] INFO  ipc.Server (Server.java:run(1153)) - IPC Server listener on 39910: starting
2019-09-18 13:18:41,398 [main] INFO  hdfs.DFSUtil (DFSUtil.java:httpServerTemplateForNNAndJN(1641)) - Starting Web-server for ozoneManager at: http://0.0.0.0:0
2019-09-18 13:18:41,400 [main] INFO  server.AuthenticationFilter (AuthenticationFilter.java:constructSecretProvider(240)) - Unable to initialize FileSignerSecretProvider, falling back to use random secrets.
2019-09-18 13:18:41,400 [main] WARN  http.HttpRequestLog (HttpRequestLog.java:getRequestLog(97)) - Jetty request log can only be enabled using Log4j
2019-09-18 13:18:41,403 [main] INFO  http.HttpServer2 (HttpServer2.java:addGlobalFilter(975)) - Added global filter 'safety' (class=org.apache.hadoop.http.HttpServer2$QuotingInputFilter)
2019-09-18 13:18:41,403 [main] INFO  http.HttpServer2 (HttpServer2.java:addFilter(948)) - Added filter static_user_filter (class=org.apache.hadoop.http.lib.StaticUserWebFilter$StaticUserFilter) to context ozoneManager
2019-09-18 13:18:41,404 [main] INFO  http.HttpServer2 (HttpServer2.java:addFilter(958)) - Added filter static_user_filter (class=org.apache.hadoop.http.lib.StaticUserWebFilter$StaticUserFilter) to context logs
2019-09-18 13:18:41,404 [main] INFO  http.HttpServer2 (HttpServer2.java:addFilter(958)) - Added filter static_user_filter (class=org.apache.hadoop.http.lib.StaticUserWebFilter$StaticUserFilter) to context static
2019-09-18 13:18:41,405 [main] INFO  http.HttpServer2 (HttpServer2.java:bindListener(1191)) - Jetty bound to port 41066
2019-09-18 13:18:41,405 [main] INFO  server.Server (Server.java:doStart(351)) - jetty-9.3.24.v20180605, build timestamp: 2018-06-05T17:11:56Z, git hash: 84205aa28f11a4f31f2a3b86d1bba2cc8ab69827
2019-09-18 13:18:41,407 [main] INFO  handler.ContextHandler (ContextHandler.java:doStart(781)) - Started o.e.j.s.ServletContextHandler@530ee28b{/logs,file:///workdir/hadoop-ozone/integration-test/target/log,AVAILABLE}
2019-09-18 13:18:41,407 [main] INFO  handler.ContextHandler (ContextHandler.java:doStart(781)) - Started o.e.j.s.ServletContextHandler@4def7d36{/static,file:///workdir/hadoop-ozone/integration-test/target/test-classes/webapps/static,AVAILABLE}
2019-09-18 13:18:41,412 [main] INFO  handler.ContextHandler (ContextHandler.java:doStart(781)) - Started o.e.j.w.WebAppContext@546ed2a0{/,file:///workdir/hadoop-ozone/integration-test/target/test-classes/webapps/ozoneManager/,AVAILABLE}{/ozoneManager}
2019-09-18 13:18:41,413 [main] INFO  server.AbstractConnector (AbstractConnector.java:doStart(278)) - Started ServerConnector@5bfc79cb{HTTP/1.1,[http/1.1]}{0.0.0.0:41066}
2019-09-18 13:18:41,414 [main] INFO  server.Server (Server.java:doStart(419)) - Started @530807ms
2019-09-18 13:18:41,414 [main] WARN  impl.MetricsSystemImpl (MetricsSystemImpl.java:register(276)) - Sink prometheus already exists!
2019-09-18 13:18:41,415 [main] INFO  server.BaseHttpServer (BaseHttpServer.java:updateConnectorAddress(215)) - HTTP server of OZONEMANAGER is listening at http://0.0.0.0:41066
2019-09-18 13:18:41,429 [main] INFO  impl.MetricsSystemImpl (MetricsSystemImpl.java:init(158)) - HddsDatanode metrics system started (again)
2019-09-18 13:18:41,432 [main] INFO  ozone.HddsDatanodeService (HddsDatanodeService.java:start(184)) - HddsDatanodeService host:pr-hdds-2141-4zm8s-3863693661 ip:192.168.69.108
2019-09-18 13:18:41,438 [main] INFO  volume.HddsVolume (HddsVolume.java:<init>(176)) - Creating Volume: /workdir/hadoop-ozone/integration-test/target/test-dir/MiniOzoneClusterImpl-62b0528d-f78b-4475-bf9a-37d6dcf32bc1/datanode-0/data/containers/hdds of  storage type : DISK and capacity : 1482555576320
2019-09-18 13:18:41,438 [main] INFO  volume.VolumeSet (VolumeSet.java:initializeVolumeSet(170)) - Added Volume : /workdir/hadoop-ozone/integration-test/target/test-dir/MiniOzoneClusterImpl-62b0528d-f78b-4475-bf9a-37d6dcf32bc1/datanode-0/data/containers/hdds to VolumeSet
2019-09-18 13:18:41,438 [main] INFO  volume.ThrottledAsyncChecker (ThrottledAsyncChecker.java:schedule(139)) - Scheduling a check for org.apache.hadoop.ozone.container.common.volume.HddsVolume@6f1fa1d0
2019-09-18 13:18:41,439 [main] INFO  volume.HddsVolumeChecker (HddsVolumeChecker.java:checkAllVolumes(202)) - Scheduled health check for volume org.apache.hadoop.ozone.container.common.volume.HddsVolume@6f1fa1d0
2019-09-18 13:18:41,453 [main] INFO  impl.RaftServerProxy (ConfUtils.java:logGet(43)) - raft.rpc.type = GRPC (default)
2019-09-18 13:18:41,454 [main] INFO  grpc.GrpcFactory (GrpcFactory.java:checkPooledByteBufAllocatorUseCacheForAllThreads(45)) - PERFORMANCE WARNING: useCacheForAllThreads is true that may cause Netty to create a lot garbage objects and, as a result, trigger GC.
	It is recommended to disable useCacheForAllThreads by setting -Dorg.apache.ratis.thirdparty.io.netty.allocator.useCacheForAllThreads=false in command line.
2019-09-18 13:18:41,454 [main] INFO  grpc.GrpcConfigKeys$Server (ConfUtils.java:logGet(43)) - raft.grpc.server.port = 0 (default)
2019-09-18 13:18:41,454 [main] INFO  server.GrpcService (ConfUtils.java:logGet(43)) - raft.grpc.message.size.max = 33570816 (custom)
2019-09-18 13:18:41,454 [main] INFO  server.RaftServerConfigKeys (ConfUtils.java:logGet(43)) - raft.server.log.appender.buffer.byte-limit = 33554432 (custom)
2019-09-18 13:18:41,454 [main] INFO  server.GrpcService (ConfUtils.java:logGet(43)) - raft.grpc.flow.control.window = 1MB (=1048576) (default)
2019-09-18 13:18:41,455 [main] INFO  server.RaftServerConfigKeys (ConfUtils.java:logGet(43)) - raft.server.rpc.request.timeout = 3000ms (default)
2019-09-18 13:18:41,455 [main] INFO  server.RaftServerConfigKeys (ConfUtils.java:logGet(43)) - raft.server.storage.dir = [/workdir/hadoop-ozone/integration-test/target/test-dir/MiniOzoneClusterImpl-62b0528d-f78b-4475-bf9a-37d6dcf32bc1/datanode-0/data/ratis] (custom)
2019-09-18 13:18:41,456 [main] INFO  hdfs.DFSUtil (DFSUtil.java:httpServerTemplateForNNAndJN(1641)) - Starting Web-server for hddsDatanode at: http://0.0.0.0:0
2019-09-18 13:18:41,458 [main] INFO  server.AuthenticationFilter (AuthenticationFilter.java:constructSecretProvider(240)) - Unable to initialize FileSignerSecretProvider, falling back to use random secrets.
2019-09-18 13:18:41,458 [main] WARN  http.HttpRequestLog (HttpRequestLog.java:getRequestLog(97)) - Jetty request log can only be enabled using Log4j
2019-09-18 13:18:41,459 [main] INFO  http.HttpServer2 (HttpServer2.java:addGlobalFilter(975)) - Added global filter 'safety' (class=org.apache.hadoop.http.HttpServer2$QuotingInputFilter)
2019-09-18 13:18:41,460 [main] INFO  http.HttpServer2 (HttpServer2.java:addFilter(948)) - Added filter static_user_filter (class=org.apache.hadoop.http.lib.StaticUserWebFilter$StaticUserFilter) to context hddsDatanode
2019-09-18 13:18:41,460 [main] INFO  http.HttpServer2 (HttpServer2.java:addFilter(958)) - Added filter static_user_filter (class=org.apache.hadoop.http.lib.StaticUserWebFilter$StaticUserFilter) to context logs
2019-09-18 13:18:41,460 [main] INFO  http.HttpServer2 (HttpServer2.java:addFilter(958)) - Added filter static_user_filter (class=org.apache.hadoop.http.lib.StaticUserWebFilter$StaticUserFilter) to context static
2019-09-18 13:18:41,461 [main] INFO  http.HttpServer2 (HttpServer2.java:bindListener(1191)) - Jetty bound to port 43829
2019-09-18 13:18:41,461 [main] INFO  server.Server (Server.java:doStart(351)) - jetty-9.3.24.v20180605, build timestamp: 2018-06-05T17:11:56Z, git hash: 84205aa28f11a4f31f2a3b86d1bba2cc8ab69827
2019-09-18 13:18:41,462 [main] INFO  handler.ContextHandler (ContextHandler.java:doStart(781)) - Started o.e.j.s.ServletContextHandler@4cc12db2{/logs,file:///workdir/hadoop-ozone/integration-test/target/log,AVAILABLE}
2019-09-18 13:18:41,463 [main] INFO  handler.ContextHandler (ContextHandler.java:doStart(781)) - Started o.e.j.s.ServletContextHandler@39d77de9{/static,jar:file:/home/user/.m2/repository/org/apache/hadoop/hadoop-hdds-container-service/0.5.0-SNAPSHOT/hadoop-hdds-container-service-0.5.0-SNAPSHOT.jar!/webapps/static,AVAILABLE}
2019-09-18 13:18:41,501 [main] INFO  handler.ContextHandler (ContextHandler.java:doStart(781)) - Started o.e.j.w.WebAppContext@451e2fa9{/,file:///tmp/jetty-0.0.0.0-43829-hddsDatanode-_-any-3011657151091086375.dir/webapp/,AVAILABLE}{/hddsDatanode}
2019-09-18 13:18:41,501 [main] INFO  server.AbstractConnector (AbstractConnector.java:doStart(278)) - Started ServerConnector@497ed877{HTTP/1.1,[http/1.1]}{0.0.0.0:43829}
2019-09-18 13:18:41,503 [main] INFO  server.Server (Server.java:doStart(419)) - Started @530896ms
2019-09-18 13:18:41,503 [main] WARN  impl.MetricsSystemImpl (MetricsSystemImpl.java:register(276)) - Sink prometheus already exists!
2019-09-18 13:18:41,504 [main] INFO  server.BaseHttpServer (BaseHttpServer.java:updateConnectorAddress(215)) - HTTP server of HDDSDATANODE is listening at http://0.0.0.0:43829
2019-09-18 13:18:41,504 [main] INFO  impl.MetricsSystemImpl (MetricsSystemImpl.java:init(158)) - HddsDatanode metrics system started (again)
2019-09-18 13:18:41,508 [org.apache.hadoop.util.JvmPauseMonitor$Monitor@5e6b6265] INFO  util.JvmPauseMonitor (JvmPauseMonitor.java:run(188)) - Starting JVM pause monitor
2019-09-18 13:18:41,509 [main] INFO  ozone.HddsDatanodeService (HddsDatanodeService.java:start(184)) - HddsDatanodeService host:pr-hdds-2141-4zm8s-3863693661 ip:192.168.69.108
2019-09-18 13:18:41,511 [Datanode State Machine Thread - 0] INFO  datanode.InitDatanodeState (InitDatanodeState.java:persistContainerDatanodeDetails(140)) - DatanodeDetails is persisted to /workdir/hadoop-ozone/integration-test/target/test-dir/MiniOzoneClusterImpl-62b0528d-f78b-4475-bf9a-37d6dcf32bc1/datanode-0/meta/datanode.id
2019-09-18 13:18:41,516 [main] INFO  volume.HddsVolume (HddsVolume.java:<init>(176)) - Creating Volume: /workdir/hadoop-ozone/integration-test/target/test-dir/MiniOzoneClusterImpl-62b0528d-f78b-4475-bf9a-37d6dcf32bc1/datanode-1/data/containers/hdds of  storage type : DISK and capacity : 1482555576320
2019-09-18 13:18:41,516 [main] INFO  volume.VolumeSet (VolumeSet.java:initializeVolumeSet(170)) - Added Volume : /workdir/hadoop-ozone/integration-test/target/test-dir/MiniOzoneClusterImpl-62b0528d-f78b-4475-bf9a-37d6dcf32bc1/datanode-1/data/containers/hdds to VolumeSet
2019-09-18 13:18:41,517 [main] INFO  volume.ThrottledAsyncChecker (ThrottledAsyncChecker.java:schedule(139)) - Scheduling a check for org.apache.hadoop.ozone.container.common.volume.HddsVolume@3009eed7
2019-09-18 13:18:41,517 [main] INFO  volume.HddsVolumeChecker (HddsVolumeChecker.java:checkAllVolumes(202)) - Scheduled health check for volume org.apache.hadoop.ozone.container.common.volume.HddsVolume@3009eed7
2019-09-18 13:18:41,531 [main] INFO  impl.RaftServerProxy (ConfUtils.java:logGet(43)) - raft.rpc.type = GRPC (default)
2019-09-18 13:18:41,531 [main] INFO  grpc.GrpcFactory (GrpcFactory.java:checkPooledByteBufAllocatorUseCacheForAllThreads(45)) - PERFORMANCE WARNING: useCacheForAllThreads is true that may cause Netty to create a lot garbage objects and, as a result, trigger GC.
	It is recommended to disable useCacheForAllThreads by setting -Dorg.apache.ratis.thirdparty.io.netty.allocator.useCacheForAllThreads=false in command line.
2019-09-18 13:18:41,531 [main] INFO  grpc.GrpcConfigKeys$Server (ConfUtils.java:logGet(43)) - raft.grpc.server.port = 0 (default)
2019-09-18 13:18:41,532 [main] INFO  server.GrpcService (ConfUtils.java:logGet(43)) - raft.grpc.message.size.max = 33570816 (custom)
2019-09-18 13:18:41,532 [main] INFO  server.RaftServerConfigKeys (ConfUtils.java:logGet(43)) - raft.server.log.appender.buffer.byte-limit = 33554432 (custom)
2019-09-18 13:18:41,532 [main] INFO  server.GrpcService (ConfUtils.java:logGet(43)) - raft.grpc.flow.control.window = 1MB (=1048576) (default)
2019-09-18 13:18:41,532 [main] INFO  server.RaftServerConfigKeys (ConfUtils.java:logGet(43)) - raft.server.rpc.request.timeout = 3000ms (default)
2019-09-18 13:18:41,533 [main] INFO  server.RaftServerConfigKeys (ConfUtils.java:logGet(43)) - raft.server.storage.dir = [/workdir/hadoop-ozone/integration-test/target/test-dir/MiniOzoneClusterImpl-62b0528d-f78b-4475-bf9a-37d6dcf32bc1/datanode-1/data/ratis] (custom)
2019-09-18 13:18:41,534 [main] INFO  hdfs.DFSUtil (DFSUtil.java:httpServerTemplateForNNAndJN(1641)) - Starting Web-server for hddsDatanode at: http://0.0.0.0:0
2019-09-18 13:18:41,535 [main] INFO  server.AuthenticationFilter (AuthenticationFilter.java:constructSecretProvider(240)) - Unable to initialize FileSignerSecretProvider, falling back to use random secrets.
2019-09-18 13:18:41,536 [main] WARN  http.HttpRequestLog (HttpRequestLog.java:getRequestLog(97)) - Jetty request log can only be enabled using Log4j
2019-09-18 13:18:41,537 [main] INFO  http.HttpServer2 (HttpServer2.java:addGlobalFilter(975)) - Added global filter 'safety' (class=org.apache.hadoop.http.HttpServer2$QuotingInputFilter)
2019-09-18 13:18:41,537 [main] INFO  http.HttpServer2 (HttpServer2.java:addFilter(948)) - Added filter static_user_filter (class=org.apache.hadoop.http.lib.StaticUserWebFilter$StaticUserFilter) to context hddsDatanode
2019-09-18 13:18:41,538 [main] INFO  http.HttpServer2 (HttpServer2.java:addFilter(958)) - Added filter static_user_filter (class=org.apache.hadoop.http.lib.StaticUserWebFilter$StaticUserFilter) to context static
2019-09-18 13:18:41,538 [main] INFO  http.HttpServer2 (HttpServer2.java:addFilter(958)) - Added filter static_user_filter (class=org.apache.hadoop.http.lib.StaticUserWebFilter$StaticUserFilter) to context logs
2019-09-18 13:18:41,538 [main] INFO  http.HttpServer2 (HttpServer2.java:bindListener(1191)) - Jetty bound to port 35308
2019-09-18 13:18:41,539 [main] INFO  server.Server (Server.java:doStart(351)) - jetty-9.3.24.v20180605, build timestamp: 2018-06-05T17:11:56Z, git hash: 84205aa28f11a4f31f2a3b86d1bba2cc8ab69827
2019-09-18 13:18:41,540 [main] INFO  handler.ContextHandler (ContextHandler.java:doStart(781)) - Started o.e.j.s.ServletContextHandler@5fd43e58{/logs,file:///workdir/hadoop-ozone/integration-test/target/log,AVAILABLE}
2019-09-18 13:18:41,541 [main] INFO  handler.ContextHandler (ContextHandler.java:doStart(781)) - Started o.e.j.s.ServletContextHandler@68dfda77{/static,jar:file:/home/user/.m2/repository/org/apache/hadoop/hadoop-hdds-container-service/0.5.0-SNAPSHOT/hadoop-hdds-container-service-0.5.0-SNAPSHOT.jar!/webapps/static,AVAILABLE}
2019-09-18 13:18:41,572 [main] INFO  handler.ContextHandler (ContextHandler.java:doStart(781)) - Started o.e.j.w.WebAppContext@a3cba3a{/,file:///tmp/jetty-0.0.0.0-35308-hddsDatanode-_-any-3851967053200766953.dir/webapp/,AVAILABLE}{/hddsDatanode}
2019-09-18 13:18:41,573 [main] INFO  server.AbstractConnector (AbstractConnector.java:doStart(278)) - Started ServerConnector@2aea717c{HTTP/1.1,[http/1.1]}{0.0.0.0:35308}
2019-09-18 13:18:41,575 [main] INFO  server.Server (Server.java:doStart(419)) - Started @530968ms
2019-09-18 13:18:41,575 [main] WARN  impl.MetricsSystemImpl (MetricsSystemImpl.java:register(276)) - Sink prometheus already exists!
2019-09-18 13:18:41,575 [main] INFO  server.BaseHttpServer (BaseHttpServer.java:updateConnectorAddress(215)) - HTTP server of HDDSDATANODE is listening at http://0.0.0.0:35308
2019-09-18 13:18:41,576 [main] INFO  impl.MetricsSystemImpl (MetricsSystemImpl.java:init(158)) - HddsDatanode metrics system started (again)
2019-09-18 13:18:41,580 [org.apache.hadoop.util.JvmPauseMonitor$Monitor@577c0507] INFO  util.JvmPauseMonitor (JvmPauseMonitor.java:run(188)) - Starting JVM pause monitor
2019-09-18 13:18:41,580 [main] INFO  ozone.HddsDatanodeService (HddsDatanodeService.java:start(184)) - HddsDatanodeService host:pr-hdds-2141-4zm8s-3863693661 ip:192.168.69.108
2019-09-18 13:18:41,581 [Datanode State Machine Thread - 0] INFO  datanode.InitDatanodeState (InitDatanodeState.java:persistContainerDatanodeDetails(140)) - DatanodeDetails is persisted to /workdir/hadoop-ozone/integration-test/target/test-dir/MiniOzoneClusterImpl-62b0528d-f78b-4475-bf9a-37d6dcf32bc1/datanode-1/meta/datanode.id
2019-09-18 13:18:41,586 [main] INFO  volume.HddsVolume (HddsVolume.java:<init>(176)) - Creating Volume: /workdir/hadoop-ozone/integration-test/target/test-dir/MiniOzoneClusterImpl-62b0528d-f78b-4475-bf9a-37d6dcf32bc1/datanode-2/data/containers/hdds of  storage type : DISK and capacity : 1482555576320
2019-09-18 13:18:41,586 [main] INFO  volume.VolumeSet (VolumeSet.java:initializeVolumeSet(170)) - Added Volume : /workdir/hadoop-ozone/integration-test/target/test-dir/MiniOzoneClusterImpl-62b0528d-f78b-4475-bf9a-37d6dcf32bc1/datanode-2/data/containers/hdds to VolumeSet
2019-09-18 13:18:41,587 [main] INFO  volume.ThrottledAsyncChecker (ThrottledAsyncChecker.java:schedule(139)) - Scheduling a check for org.apache.hadoop.ozone.container.common.volume.HddsVolume@545d2560
2019-09-18 13:18:41,587 [main] INFO  volume.HddsVolumeChecker (HddsVolumeChecker.java:checkAllVolumes(202)) - Scheduled health check for volume org.apache.hadoop.ozone.container.common.volume.HddsVolume@545d2560
2019-09-18 13:18:41,601 [main] INFO  impl.RaftServerProxy (ConfUtils.java:logGet(43)) - raft.rpc.type = GRPC (default)
2019-09-18 13:18:41,601 [main] INFO  grpc.GrpcFactory (GrpcFactory.java:checkPooledByteBufAllocatorUseCacheForAllThreads(45)) - PERFORMANCE WARNING: useCacheForAllThreads is true that may cause Netty to create a lot garbage objects and, as a result, trigger GC.
	It is recommended to disable useCacheForAllThreads by setting -Dorg.apache.ratis.thirdparty.io.netty.allocator.useCacheForAllThreads=false in command line.
2019-09-18 13:18:41,602 [main] INFO  grpc.GrpcConfigKeys$Server (ConfUtils.java:logGet(43)) - raft.grpc.server.port = 0 (default)
2019-09-18 13:18:41,602 [main] INFO  server.GrpcService (ConfUtils.java:logGet(43)) - raft.grpc.message.size.max = 33570816 (custom)
2019-09-18 13:18:41,602 [main] INFO  server.RaftServerConfigKeys (ConfUtils.java:logGet(43)) - raft.server.log.appender.buffer.byte-limit = 33554432 (custom)
2019-09-18 13:18:41,602 [main] INFO  server.GrpcService (ConfUtils.java:logGet(43)) - raft.grpc.flow.control.window = 1MB (=1048576) (default)
2019-09-18 13:18:41,602 [main] INFO  server.RaftServerConfigKeys (ConfUtils.java:logGet(43)) - raft.server.rpc.request.timeout = 3000ms (default)
2019-09-18 13:18:41,603 [main] INFO  server.RaftServerConfigKeys (ConfUtils.java:logGet(43)) - raft.server.storage.dir = [/workdir/hadoop-ozone/integration-test/target/test-dir/MiniOzoneClusterImpl-62b0528d-f78b-4475-bf9a-37d6dcf32bc1/datanode-2/data/ratis] (custom)
2019-09-18 13:18:41,604 [main] INFO  hdfs.DFSUtil (DFSUtil.java:httpServerTemplateForNNAndJN(1641)) - Starting Web-server for hddsDatanode at: http://0.0.0.0:0
2019-09-18 13:18:41,606 [main] INFO  server.AuthenticationFilter (AuthenticationFilter.java:constructSecretProvider(240)) - Unable to initialize FileSignerSecretProvider, falling back to use random secrets.
2019-09-18 13:18:41,606 [main] WARN  http.HttpRequestLog (HttpRequestLog.java:getRequestLog(97)) - Jetty request log can only be enabled using Log4j
2019-09-18 13:18:41,608 [main] INFO  http.HttpServer2 (HttpServer2.java:addGlobalFilter(975)) - Added global filter 'safety' (class=org.apache.hadoop.http.HttpServer2$QuotingInputFilter)
2019-09-18 13:18:41,608 [main] INFO  http.HttpServer2 (HttpServer2.java:addFilter(948)) - Added filter static_user_filter (class=org.apache.hadoop.http.lib.StaticUserWebFilter$StaticUserFilter) to context hddsDatanode
2019-09-18 13:18:41,608 [main] INFO  http.HttpServer2 (HttpServer2.java:addFilter(958)) - Added filter static_user_filter (class=org.apache.hadoop.http.lib.StaticUserWebFilter$StaticUserFilter) to context logs
2019-09-18 13:18:41,608 [main] INFO  http.HttpServer2 (HttpServer2.java:addFilter(958)) - Added filter static_user_filter (class=org.apache.hadoop.http.lib.StaticUserWebFilter$StaticUserFilter) to context static
2019-09-18 13:18:41,609 [main] INFO  http.HttpServer2 (HttpServer2.java:bindListener(1191)) - Jetty bound to port 42213
2019-09-18 13:18:41,609 [main] INFO  server.Server (Server.java:doStart(351)) - jetty-9.3.24.v20180605, build timestamp: 2018-06-05T17:11:56Z, git hash: 84205aa28f11a4f31f2a3b86d1bba2cc8ab69827
2019-09-18 13:18:41,611 [main] INFO  handler.ContextHandler (ContextHandler.java:doStart(781)) - Started o.e.j.s.ServletContextHandler@1c6a0103{/logs,file:///workdir/hadoop-ozone/integration-test/target/log,AVAILABLE}
2019-09-18 13:18:41,611 [main] INFO  handler.ContextHandler (ContextHandler.java:doStart(781)) - Started o.e.j.s.ServletContextHandler@45c80312{/static,jar:file:/home/user/.m2/repository/org/apache/hadoop/hadoop-hdds-container-service/0.5.0-SNAPSHOT/hadoop-hdds-container-service-0.5.0-SNAPSHOT.jar!/webapps/static,AVAILABLE}
2019-09-18 13:18:41,641 [main] INFO  handler.ContextHandler (ContextHandler.java:doStart(781)) - Started o.e.j.w.WebAppContext@1c3b6963{/,file:///tmp/jetty-0.0.0.0-42213-hddsDatanode-_-any-6485171460797619657.dir/webapp/,AVAILABLE}{/hddsDatanode}
2019-09-18 13:18:41,641 [main] INFO  server.AbstractConnector (AbstractConnector.java:doStart(278)) - Started ServerConnector@7364f68{HTTP/1.1,[http/1.1]}{0.0.0.0:42213}
2019-09-18 13:18:41,642 [main] INFO  server.Server (Server.java:doStart(419)) - Started @531034ms
2019-09-18 13:18:41,643 [main] WARN  impl.MetricsSystemImpl (MetricsSystemImpl.java:register(276)) - Sink prometheus already exists!
2019-09-18 13:18:41,644 [main] INFO  server.BaseHttpServer (BaseHttpServer.java:updateConnectorAddress(215)) - HTTP server of HDDSDATANODE is listening at http://0.0.0.0:42213
2019-09-18 13:18:41,644 [main] INFO  impl.MetricsSystemImpl (MetricsSystemImpl.java:init(158)) - HddsDatanode metrics system started (again)
2019-09-18 13:18:41,648 [org.apache.hadoop.util.JvmPauseMonitor$Monitor@41c5928a] INFO  util.JvmPauseMonitor (JvmPauseMonitor.java:run(188)) - Starting JVM pause monitor
2019-09-18 13:18:41,649 [main] INFO  ozone.HddsDatanodeService (HddsDatanodeService.java:start(184)) - HddsDatanodeService host:pr-hdds-2141-4zm8s-3863693661 ip:192.168.69.108
2019-09-18 13:18:41,649 [Datanode State Machine Thread - 0] INFO  datanode.InitDatanodeState (InitDatanodeState.java:persistContainerDatanodeDetails(140)) - DatanodeDetails is persisted to /workdir/hadoop-ozone/integration-test/target/test-dir/MiniOzoneClusterImpl-62b0528d-f78b-4475-bf9a-37d6dcf32bc1/datanode-2/meta/datanode.id
2019-09-18 13:18:41,654 [main] INFO  volume.HddsVolume (HddsVolume.java:<init>(176)) - Creating Volume: /workdir/hadoop-ozone/integration-test/target/test-dir/MiniOzoneClusterImpl-62b0528d-f78b-4475-bf9a-37d6dcf32bc1/datanode-3/data/containers/hdds of  storage type : DISK and capacity : 1482555576320
2019-09-18 13:18:41,654 [main] INFO  volume.VolumeSet (VolumeSet.java:initializeVolumeSet(170)) - Added Volume : /workdir/hadoop-ozone/integration-test/target/test-dir/MiniOzoneClusterImpl-62b0528d-f78b-4475-bf9a-37d6dcf32bc1/datanode-3/data/containers/hdds to VolumeSet
2019-09-18 13:18:41,654 [main] INFO  volume.ThrottledAsyncChecker (ThrottledAsyncChecker.java:schedule(139)) - Scheduling a check for org.apache.hadoop.ozone.container.common.volume.HddsVolume@4bc9ca97
2019-09-18 13:18:41,655 [main] INFO  volume.HddsVolumeChecker (HddsVolumeChecker.java:checkAllVolumes(202)) - Scheduled health check for volume org.apache.hadoop.ozone.container.common.volume.HddsVolume@4bc9ca97
2019-09-18 13:18:41,666 [main] INFO  impl.RaftServerProxy (ConfUtils.java:logGet(43)) - raft.rpc.type = GRPC (default)
2019-09-18 13:18:41,666 [main] INFO  grpc.GrpcFactory (GrpcFactory.java:checkPooledByteBufAllocatorUseCacheForAllThreads(45)) - PERFORMANCE WARNING: useCacheForAllThreads is true that may cause Netty to create a lot garbage objects and, as a result, trigger GC.
	It is recommended to disable useCacheForAllThreads by setting -Dorg.apache.ratis.thirdparty.io.netty.allocator.useCacheForAllThreads=false in command line.
2019-09-18 13:18:41,666 [main] INFO  grpc.GrpcConfigKeys$Server (ConfUtils.java:logGet(43)) - raft.grpc.server.port = 0 (default)
2019-09-18 13:18:41,666 [main] INFO  server.GrpcService (ConfUtils.java:logGet(43)) - raft.grpc.message.size.max = 33570816 (custom)
2019-09-18 13:18:41,667 [main] INFO  server.RaftServerConfigKeys (ConfUtils.java:logGet(43)) - raft.server.log.appender.buffer.byte-limit = 33554432 (custom)
2019-09-18 13:18:41,667 [main] INFO  server.GrpcService (ConfUtils.java:logGet(43)) - raft.grpc.flow.control.window = 1MB (=1048576) (default)
2019-09-18 13:18:41,667 [main] INFO  server.RaftServerConfigKeys (ConfUtils.java:logGet(43)) - raft.server.rpc.request.timeout = 3000ms (default)
2019-09-18 13:18:41,667 [main] INFO  server.RaftServerConfigKeys (ConfUtils.java:logGet(43)) - raft.server.storage.dir = [/workdir/hadoop-ozone/integration-test/target/test-dir/MiniOzoneClusterImpl-62b0528d-f78b-4475-bf9a-37d6dcf32bc1/datanode-3/data/ratis] (custom)
2019-09-18 13:18:41,668 [main] INFO  hdfs.DFSUtil (DFSUtil.java:httpServerTemplateForNNAndJN(1641)) - Starting Web-server for hddsDatanode at: http://0.0.0.0:0
2019-09-18 13:18:41,669 [main] INFO  server.AuthenticationFilter (AuthenticationFilter.java:constructSecretProvider(240)) - Unable to initialize FileSignerSecretProvider, falling back to use random secrets.
2019-09-18 13:18:41,670 [main] WARN  http.HttpRequestLog (HttpRequestLog.java:getRequestLog(97)) - Jetty request log can only be enabled using Log4j
2019-09-18 13:18:41,671 [main] INFO  http.HttpServer2 (HttpServer2.java:addGlobalFilter(975)) - Added global filter 'safety' (class=org.apache.hadoop.http.HttpServer2$QuotingInputFilter)
2019-09-18 13:18:41,671 [main] INFO  http.HttpServer2 (HttpServer2.java:addFilter(948)) - Added filter static_user_filter (class=org.apache.hadoop.http.lib.StaticUserWebFilter$StaticUserFilter) to context hddsDatanode
2019-09-18 13:18:41,671 [main] INFO  http.HttpServer2 (HttpServer2.java:addFilter(958)) - Added filter static_user_filter (class=org.apache.hadoop.http.lib.StaticUserWebFilter$StaticUserFilter) to context logs
2019-09-18 13:18:41,672 [main] INFO  http.HttpServer2 (HttpServer2.java:addFilter(958)) - Added filter static_user_filter (class=org.apache.hadoop.http.lib.StaticUserWebFilter$StaticUserFilter) to context static
2019-09-18 13:18:41,672 [main] INFO  http.HttpServer2 (HttpServer2.java:bindListener(1191)) - Jetty bound to port 42193
2019-09-18 13:18:41,672 [main] INFO  server.Server (Server.java:doStart(351)) - jetty-9.3.24.v20180605, build timestamp: 2018-06-05T17:11:56Z, git hash: 84205aa28f11a4f31f2a3b86d1bba2cc8ab69827
2019-09-18 13:18:41,674 [main] INFO  handler.ContextHandler (ContextHandler.java:doStart(781)) - Started o.e.j.s.ServletContextHandler@24d8f87a{/logs,file:///workdir/hadoop-ozone/integration-test/target/log,AVAILABLE}
2019-09-18 13:18:41,674 [main] INFO  handler.ContextHandler (ContextHandler.java:doStart(781)) - Started o.e.j.s.ServletContextHandler@255d9277{/static,jar:file:/home/user/.m2/repository/org/apache/hadoop/hadoop-hdds-container-service/0.5.0-SNAPSHOT/hadoop-hdds-container-service-0.5.0-SNAPSHOT.jar!/webapps/static,AVAILABLE}
2019-09-18 13:18:41,700 [main] INFO  handler.ContextHandler (ContextHandler.java:doStart(781)) - Started o.e.j.w.WebAppContext@256589a1{/,file:///tmp/jetty-0.0.0.0-42193-hddsDatanode-_-any-5876582000148797869.dir/webapp/,AVAILABLE}{/hddsDatanode}
2019-09-18 13:18:41,701 [main] INFO  server.AbstractConnector (AbstractConnector.java:doStart(278)) - Started ServerConnector@935493d{HTTP/1.1,[http/1.1]}{0.0.0.0:42193}
2019-09-18 13:18:41,702 [main] INFO  server.Server (Server.java:doStart(419)) - Started @531095ms
2019-09-18 13:18:41,702 [main] WARN  impl.MetricsSystemImpl (MetricsSystemImpl.java:register(276)) - Sink prometheus already exists!
2019-09-18 13:18:41,703 [main] INFO  server.BaseHttpServer (BaseHttpServer.java:updateConnectorAddress(215)) - HTTP server of HDDSDATANODE is listening at http://0.0.0.0:42193
2019-09-18 13:18:41,703 [main] INFO  impl.MetricsSystemImpl (MetricsSystemImpl.java:init(158)) - HddsDatanode metrics system started (again)
2019-09-18 13:18:41,707 [org.apache.hadoop.util.JvmPauseMonitor$Monitor@197292a1] INFO  util.JvmPauseMonitor (JvmPauseMonitor.java:run(188)) - Starting JVM pause monitor
2019-09-18 13:18:41,708 [main] INFO  ozone.HddsDatanodeService (HddsDatanodeService.java:start(184)) - HddsDatanodeService host:pr-hdds-2141-4zm8s-3863693661 ip:192.168.69.108
2019-09-18 13:18:41,708 [Datanode State Machine Thread - 0] INFO  datanode.InitDatanodeState (InitDatanodeState.java:persistContainerDatanodeDetails(140)) - DatanodeDetails is persisted to /workdir/hadoop-ozone/integration-test/target/test-dir/MiniOzoneClusterImpl-62b0528d-f78b-4475-bf9a-37d6dcf32bc1/datanode-3/meta/datanode.id
2019-09-18 13:18:41,713 [main] INFO  volume.HddsVolume (HddsVolume.java:<init>(176)) - Creating Volume: /workdir/hadoop-ozone/integration-test/target/test-dir/MiniOzoneClusterImpl-62b0528d-f78b-4475-bf9a-37d6dcf32bc1/datanode-4/data/containers/hdds of  storage type : DISK and capacity : 1482555576320
2019-09-18 13:18:41,713 [main] INFO  volume.VolumeSet (VolumeSet.java:initializeVolumeSet(170)) - Added Volume : /workdir/hadoop-ozone/integration-test/target/test-dir/MiniOzoneClusterImpl-62b0528d-f78b-4475-bf9a-37d6dcf32bc1/datanode-4/data/containers/hdds to VolumeSet
2019-09-18 13:18:41,714 [main] INFO  volume.ThrottledAsyncChecker (ThrottledAsyncChecker.java:schedule(139)) - Scheduling a check for org.apache.hadoop.ozone.container.common.volume.HddsVolume@251a90ce
2019-09-18 13:18:41,714 [main] INFO  volume.HddsVolumeChecker (HddsVolumeChecker.java:checkAllVolumes(202)) - Scheduled health check for volume org.apache.hadoop.ozone.container.common.volume.HddsVolume@251a90ce
2019-09-18 13:18:41,734 [main] INFO  impl.RaftServerProxy (ConfUtils.java:logGet(43)) - raft.rpc.type = GRPC (default)
2019-09-18 13:18:41,734 [main] INFO  grpc.GrpcFactory (GrpcFactory.java:checkPooledByteBufAllocatorUseCacheForAllThreads(45)) - PERFORMANCE WARNING: useCacheForAllThreads is true that may cause Netty to create a lot garbage objects and, as a result, trigger GC.
	It is recommended to disable useCacheForAllThreads by setting -Dorg.apache.ratis.thirdparty.io.netty.allocator.useCacheForAllThreads=false in command line.
2019-09-18 13:18:41,734 [main] INFO  grpc.GrpcConfigKeys$Server (ConfUtils.java:logGet(43)) - raft.grpc.server.port = 0 (default)
2019-09-18 13:18:41,735 [main] INFO  server.GrpcService (ConfUtils.java:logGet(43)) - raft.grpc.message.size.max = 33570816 (custom)
2019-09-18 13:18:41,735 [main] INFO  server.RaftServerConfigKeys (ConfUtils.java:logGet(43)) - raft.server.log.appender.buffer.byte-limit = 33554432 (custom)
2019-09-18 13:18:41,735 [main] INFO  server.GrpcService (ConfUtils.java:logGet(43)) - raft.grpc.flow.control.window = 1MB (=1048576) (default)
2019-09-18 13:18:41,735 [main] INFO  server.RaftServerConfigKeys (ConfUtils.java:logGet(43)) - raft.server.rpc.request.timeout = 3000ms (default)
2019-09-18 13:18:41,736 [main] INFO  server.RaftServerConfigKeys (ConfUtils.java:logGet(43)) - raft.server.storage.dir = [/workdir/hadoop-ozone/integration-test/target/test-dir/MiniOzoneClusterImpl-62b0528d-f78b-4475-bf9a-37d6dcf32bc1/datanode-4/data/ratis] (custom)
2019-09-18 13:18:41,737 [main] INFO  hdfs.DFSUtil (DFSUtil.java:httpServerTemplateForNNAndJN(1641)) - Starting Web-server for hddsDatanode at: http://0.0.0.0:0
2019-09-18 13:18:41,739 [main] INFO  server.AuthenticationFilter (AuthenticationFilter.java:constructSecretProvider(240)) - Unable to initialize FileSignerSecretProvider, falling back to use random secrets.
2019-09-18 13:18:41,739 [main] WARN  http.HttpRequestLog (HttpRequestLog.java:getRequestLog(97)) - Jetty request log can only be enabled using Log4j
2019-09-18 13:18:41,740 [main] INFO  http.HttpServer2 (HttpServer2.java:addGlobalFilter(975)) - Added global filter 'safety' (class=org.apache.hadoop.http.HttpServer2$QuotingInputFilter)
2019-09-18 13:18:41,741 [main] INFO  http.HttpServer2 (HttpServer2.java:addFilter(948)) - Added filter static_user_filter (class=org.apache.hadoop.http.lib.StaticUserWebFilter$StaticUserFilter) to context hddsDatanode
2019-09-18 13:18:41,741 [main] INFO  http.HttpServer2 (HttpServer2.java:addFilter(958)) - Added filter static_user_filter (class=org.apache.hadoop.http.lib.StaticUserWebFilter$StaticUserFilter) to context static
2019-09-18 13:18:41,741 [main] INFO  http.HttpServer2 (HttpServer2.java:addFilter(958)) - Added filter static_user_filter (class=org.apache.hadoop.http.lib.StaticUserWebFilter$StaticUserFilter) to context logs
2019-09-18 13:18:41,742 [main] INFO  http.HttpServer2 (HttpServer2.java:bindListener(1191)) - Jetty bound to port 38186
2019-09-18 13:18:41,742 [main] INFO  server.Server (Server.java:doStart(351)) - jetty-9.3.24.v20180605, build timestamp: 2018-06-05T17:11:56Z, git hash: 84205aa28f11a4f31f2a3b86d1bba2cc8ab69827
2019-09-18 13:18:41,743 [main] INFO  handler.ContextHandler (ContextHandler.java:doStart(781)) - Started o.e.j.s.ServletContextHandler@72c4a3aa{/logs,file:///workdir/hadoop-ozone/integration-test/target/log,AVAILABLE}
2019-09-18 13:18:41,744 [main] INFO  handler.ContextHandler (ContextHandler.java:doStart(781)) - Started o.e.j.s.ServletContextHandler@3711c71c{/static,jar:file:/home/user/.m2/repository/org/apache/hadoop/hadoop-hdds-container-service/0.5.0-SNAPSHOT/hadoop-hdds-container-service-0.5.0-SNAPSHOT.jar!/webapps/static,AVAILABLE}
2019-09-18 13:18:41,775 [main] INFO  handler.ContextHandler (ContextHandler.java:doStart(781)) - Started o.e.j.w.WebAppContext@2ab09943{/,file:///tmp/jetty-0.0.0.0-38186-hddsDatanode-_-any-3493843514021682955.dir/webapp/,AVAILABLE}{/hddsDatanode}
2019-09-18 13:18:41,775 [main] INFO  server.AbstractConnector (AbstractConnector.java:doStart(278)) - Started ServerConnector@7d50f2a8{HTTP/1.1,[http/1.1]}{0.0.0.0:38186}
2019-09-18 13:18:41,777 [main] INFO  server.Server (Server.java:doStart(419)) - Started @531170ms
2019-09-18 13:18:41,777 [main] WARN  impl.MetricsSystemImpl (MetricsSystemImpl.java:register(276)) - Sink prometheus already exists!
2019-09-18 13:18:41,778 [main] INFO  server.BaseHttpServer (BaseHttpServer.java:updateConnectorAddress(215)) - HTTP server of HDDSDATANODE is listening at http://0.0.0.0:38186
2019-09-18 13:18:41,778 [main] INFO  impl.MetricsSystemImpl (MetricsSystemImpl.java:init(158)) - HddsDatanode metrics system started (again)
2019-09-18 13:18:41,782 [org.apache.hadoop.util.JvmPauseMonitor$Monitor@33950239] INFO  util.JvmPauseMonitor (JvmPauseMonitor.java:run(188)) - Starting JVM pause monitor
2019-09-18 13:18:41,783 [main] INFO  ozone.HddsDatanodeService (HddsDatanodeService.java:start(184)) - HddsDatanodeService host:pr-hdds-2141-4zm8s-3863693661 ip:192.168.69.108
2019-09-18 13:18:41,783 [Datanode State Machine Thread - 0] INFO  datanode.InitDatanodeState (InitDatanodeState.java:persistContainerDatanodeDetails(140)) - DatanodeDetails is persisted to /workdir/hadoop-ozone/integration-test/target/test-dir/MiniOzoneClusterImpl-62b0528d-f78b-4475-bf9a-37d6dcf32bc1/datanode-4/meta/datanode.id
2019-09-18 13:18:41,788 [main] INFO  volume.HddsVolume (HddsVolume.java:<init>(176)) - Creating Volume: /workdir/hadoop-ozone/integration-test/target/test-dir/MiniOzoneClusterImpl-62b0528d-f78b-4475-bf9a-37d6dcf32bc1/datanode-5/data/containers/hdds of  storage type : DISK and capacity : 1482555576320
2019-09-18 13:18:41,788 [main] INFO  volume.VolumeSet (VolumeSet.java:initializeVolumeSet(170)) - Added Volume : /workdir/hadoop-ozone/integration-test/target/test-dir/MiniOzoneClusterImpl-62b0528d-f78b-4475-bf9a-37d6dcf32bc1/datanode-5/data/containers/hdds to VolumeSet
2019-09-18 13:18:41,788 [main] INFO  volume.ThrottledAsyncChecker (ThrottledAsyncChecker.java:schedule(139)) - Scheduling a check for org.apache.hadoop.ozone.container.common.volume.HddsVolume@16f7f59f
2019-09-18 13:18:41,789 [main] INFO  volume.HddsVolumeChecker (HddsVolumeChecker.java:checkAllVolumes(202)) - Scheduled health check for volume org.apache.hadoop.ozone.container.common.volume.HddsVolume@16f7f59f
2019-09-18 13:18:41,800 [main] INFO  impl.RaftServerProxy (ConfUtils.java:logGet(43)) - raft.rpc.type = GRPC (default)
2019-09-18 13:18:41,800 [main] INFO  grpc.GrpcFactory (GrpcFactory.java:checkPooledByteBufAllocatorUseCacheForAllThreads(45)) - PERFORMANCE WARNING: useCacheForAllThreads is true that may cause Netty to create a lot garbage objects and, as a result, trigger GC.
	It is recommended to disable useCacheForAllThreads by setting -Dorg.apache.ratis.thirdparty.io.netty.allocator.useCacheForAllThreads=false in command line.
2019-09-18 13:18:41,800 [main] INFO  grpc.GrpcConfigKeys$Server (ConfUtils.java:logGet(43)) - raft.grpc.server.port = 0 (default)
2019-09-18 13:18:41,801 [main] INFO  server.GrpcService (ConfUtils.java:logGet(43)) - raft.grpc.message.size.max = 33570816 (custom)
2019-09-18 13:18:41,801 [main] INFO  server.RaftServerConfigKeys (ConfUtils.java:logGet(43)) - raft.server.log.appender.buffer.byte-limit = 33554432 (custom)
2019-09-18 13:18:41,801 [main] INFO  server.GrpcService (ConfUtils.java:logGet(43)) - raft.grpc.flow.control.window = 1MB (=1048576) (default)
2019-09-18 13:18:41,801 [main] INFO  server.RaftServerConfigKeys (ConfUtils.java:logGet(43)) - raft.server.rpc.request.timeout = 3000ms (default)
2019-09-18 13:18:41,801 [main] INFO  server.RaftServerConfigKeys (ConfUtils.java:logGet(43)) - raft.server.storage.dir = [/workdir/hadoop-ozone/integration-test/target/test-dir/MiniOzoneClusterImpl-62b0528d-f78b-4475-bf9a-37d6dcf32bc1/datanode-5/data/ratis] (custom)
2019-09-18 13:18:41,802 [main] INFO  hdfs.DFSUtil (DFSUtil.java:httpServerTemplateForNNAndJN(1641)) - Starting Web-server for hddsDatanode at: http://0.0.0.0:0
2019-09-18 13:18:41,803 [main] INFO  server.AuthenticationFilter (AuthenticationFilter.java:constructSecretProvider(240)) - Unable to initialize FileSignerSecretProvider, falling back to use random secrets.
2019-09-18 13:18:41,804 [main] WARN  http.HttpRequestLog (HttpRequestLog.java:getRequestLog(97)) - Jetty request log can only be enabled using Log4j
2019-09-18 13:18:41,805 [main] INFO  http.HttpServer2 (HttpServer2.java:addGlobalFilter(975)) - Added global filter 'safety' (class=org.apache.hadoop.http.HttpServer2$QuotingInputFilter)
2019-09-18 13:18:41,805 [main] INFO  http.HttpServer2 (HttpServer2.java:addFilter(948)) - Added filter static_user_filter (class=org.apache.hadoop.http.lib.StaticUserWebFilter$StaticUserFilter) to context hddsDatanode
2019-09-18 13:18:41,805 [main] INFO  http.HttpServer2 (HttpServer2.java:addFilter(958)) - Added filter static_user_filter (class=org.apache.hadoop.http.lib.StaticUserWebFilter$StaticUserFilter) to context static
2019-09-18 13:18:41,806 [main] INFO  http.HttpServer2 (HttpServer2.java:addFilter(958)) - Added filter static_user_filter (class=org.apache.hadoop.http.lib.StaticUserWebFilter$StaticUserFilter) to context logs
2019-09-18 13:18:41,806 [main] INFO  http.HttpServer2 (HttpServer2.java:bindListener(1191)) - Jetty bound to port 33898
2019-09-18 13:18:41,806 [main] INFO  server.Server (Server.java:doStart(351)) - jetty-9.3.24.v20180605, build timestamp: 2018-06-05T17:11:56Z, git hash: 84205aa28f11a4f31f2a3b86d1bba2cc8ab69827
2019-09-18 13:18:41,808 [main] INFO  handler.ContextHandler (ContextHandler.java:doStart(781)) - Started o.e.j.s.ServletContextHandler@2d237460{/logs,file:///workdir/hadoop-ozone/integration-test/target/log,AVAILABLE}
2019-09-18 13:18:41,808 [main] INFO  handler.ContextHandler (ContextHandler.java:doStart(781)) - Started o.e.j.s.ServletContextHandler@4b3a01d8{/static,jar:file:/home/user/.m2/repository/org/apache/hadoop/hadoop-hdds-container-service/0.5.0-SNAPSHOT/hadoop-hdds-container-service-0.5.0-SNAPSHOT.jar!/webapps/static,AVAILABLE}
2019-09-18 13:18:41,835 [main] INFO  handler.ContextHandler (ContextHandler.java:doStart(781)) - Started o.e.j.w.WebAppContext@73e1ecd0{/,file:///tmp/jetty-0.0.0.0-33898-hddsDatanode-_-any-3061166993170942757.dir/webapp/,AVAILABLE}{/hddsDatanode}
2019-09-18 13:18:41,836 [main] INFO  server.AbstractConnector (AbstractConnector.java:doStart(278)) - Started ServerConnector@11eec06b{HTTP/1.1,[http/1.1]}{0.0.0.0:33898}
2019-09-18 13:18:41,837 [main] INFO  server.Server (Server.java:doStart(419)) - Started @531230ms
2019-09-18 13:18:41,837 [main] WARN  impl.MetricsSystemImpl (MetricsSystemImpl.java:register(276)) - Sink prometheus already exists!
2019-09-18 13:18:41,838 [main] INFO  server.BaseHttpServer (BaseHttpServer.java:updateConnectorAddress(215)) - HTTP server of HDDSDATANODE is listening at http://0.0.0.0:33898
2019-09-18 13:18:41,838 [main] INFO  impl.MetricsSystemImpl (MetricsSystemImpl.java:init(158)) - HddsDatanode metrics system started (again)
2019-09-18 13:18:41,842 [org.apache.hadoop.util.JvmPauseMonitor$Monitor@70bd52e1] INFO  util.JvmPauseMonitor (JvmPauseMonitor.java:run(188)) - Starting JVM pause monitor
2019-09-18 13:18:41,843 [Datanode State Machine Thread - 0] INFO  datanode.InitDatanodeState (InitDatanodeState.java:persistContainerDatanodeDetails(140)) - DatanodeDetails is persisted to /workdir/hadoop-ozone/integration-test/target/test-dir/MiniOzoneClusterImpl-62b0528d-f78b-4475-bf9a-37d6dcf32bc1/datanode-5/meta/datanode.id
2019-09-18 13:18:41,843 [main] INFO  ozone.HddsDatanodeService (HddsDatanodeService.java:start(184)) - HddsDatanodeService host:pr-hdds-2141-4zm8s-3863693661 ip:192.168.69.108
2019-09-18 13:18:41,850 [main] INFO  volume.HddsVolume (HddsVolume.java:<init>(176)) - Creating Volume: /workdir/hadoop-ozone/integration-test/target/test-dir/MiniOzoneClusterImpl-62b0528d-f78b-4475-bf9a-37d6dcf32bc1/datanode-6/data/containers/hdds of  storage type : DISK and capacity : 1482555576320
2019-09-18 13:18:41,850 [main] INFO  volume.VolumeSet (VolumeSet.java:initializeVolumeSet(170)) - Added Volume : /workdir/hadoop-ozone/integration-test/target/test-dir/MiniOzoneClusterImpl-62b0528d-f78b-4475-bf9a-37d6dcf32bc1/datanode-6/data/containers/hdds to VolumeSet
2019-09-18 13:18:41,850 [main] INFO  volume.ThrottledAsyncChecker (ThrottledAsyncChecker.java:schedule(139)) - Scheduling a check for org.apache.hadoop.ozone.container.common.volume.HddsVolume@47fb7ec9
2019-09-18 13:18:41,851 [main] INFO  volume.HddsVolumeChecker (HddsVolumeChecker.java:checkAllVolumes(202)) - Scheduled health check for volume org.apache.hadoop.ozone.container.common.volume.HddsVolume@47fb7ec9
2019-09-18 13:18:41,865 [main] INFO  impl.RaftServerProxy (ConfUtils.java:logGet(43)) - raft.rpc.type = GRPC (default)
2019-09-18 13:18:41,866 [main] INFO  grpc.GrpcFactory (GrpcFactory.java:checkPooledByteBufAllocatorUseCacheForAllThreads(45)) - PERFORMANCE WARNING: useCacheForAllThreads is true that may cause Netty to create a lot garbage objects and, as a result, trigger GC.
	It is recommended to disable useCacheForAllThreads by setting -Dorg.apache.ratis.thirdparty.io.netty.allocator.useCacheForAllThreads=false in command line.
2019-09-18 13:18:41,866 [main] INFO  grpc.GrpcConfigKeys$Server (ConfUtils.java:logGet(43)) - raft.grpc.server.port = 0 (default)
2019-09-18 13:18:41,866 [main] INFO  server.GrpcService (ConfUtils.java:logGet(43)) - raft.grpc.message.size.max = 33570816 (custom)
2019-09-18 13:18:41,866 [main] INFO  server.RaftServerConfigKeys (ConfUtils.java:logGet(43)) - raft.server.log.appender.buffer.byte-limit = 33554432 (custom)
2019-09-18 13:18:41,866 [main] INFO  server.GrpcService (ConfUtils.java:logGet(43)) - raft.grpc.flow.control.window = 1MB (=1048576) (default)
2019-09-18 13:18:41,867 [main] INFO  server.RaftServerConfigKeys (ConfUtils.java:logGet(43)) - raft.server.rpc.request.timeout = 3000ms (default)
2019-09-18 13:18:41,867 [main] INFO  server.RaftServerConfigKeys (ConfUtils.java:logGet(43)) - raft.server.storage.dir = [/workdir/hadoop-ozone/integration-test/target/test-dir/MiniOzoneClusterImpl-62b0528d-f78b-4475-bf9a-37d6dcf32bc1/datanode-6/data/ratis] (custom)
2019-09-18 13:18:41,868 [main] INFO  hdfs.DFSUtil (DFSUtil.java:httpServerTemplateForNNAndJN(1641)) - Starting Web-server for hddsDatanode at: http://0.0.0.0:0
2019-09-18 13:18:41,869 [main] INFO  server.AuthenticationFilter (AuthenticationFilter.java:constructSecretProvider(240)) - Unable to initialize FileSignerSecretProvider, falling back to use random secrets.
2019-09-18 13:18:41,870 [main] WARN  http.HttpRequestLog (HttpRequestLog.java:getRequestLog(97)) - Jetty request log can only be enabled using Log4j
2019-09-18 13:18:41,871 [main] INFO  http.HttpServer2 (HttpServer2.java:addGlobalFilter(975)) - Added global filter 'safety' (class=org.apache.hadoop.http.HttpServer2$QuotingInputFilter)
2019-09-18 13:18:41,871 [main] INFO  http.HttpServer2 (HttpServer2.java:addFilter(948)) - Added filter static_user_filter (class=org.apache.hadoop.http.lib.StaticUserWebFilter$StaticUserFilter) to context hddsDatanode
2019-09-18 13:18:41,872 [main] INFO  http.HttpServer2 (HttpServer2.java:addFilter(958)) - Added filter static_user_filter (class=org.apache.hadoop.http.lib.StaticUserWebFilter$StaticUserFilter) to context static
2019-09-18 13:18:41,872 [main] INFO  http.HttpServer2 (HttpServer2.java:addFilter(958)) - Added filter static_user_filter (class=org.apache.hadoop.http.lib.StaticUserWebFilter$StaticUserFilter) to context logs
2019-09-18 13:18:41,873 [main] INFO  http.HttpServer2 (HttpServer2.java:bindListener(1191)) - Jetty bound to port 40640
2019-09-18 13:18:41,873 [main] INFO  server.Server (Server.java:doStart(351)) - jetty-9.3.24.v20180605, build timestamp: 2018-06-05T17:11:56Z, git hash: 84205aa28f11a4f31f2a3b86d1bba2cc8ab69827
2019-09-18 13:18:41,874 [main] INFO  handler.ContextHandler (ContextHandler.java:doStart(781)) - Started o.e.j.s.ServletContextHandler@53982523{/logs,file:///workdir/hadoop-ozone/integration-test/target/log,AVAILABLE}
2019-09-18 13:18:41,875 [main] INFO  handler.ContextHandler (ContextHandler.java:doStart(781)) - Started o.e.j.s.ServletContextHandler@700b9e6b{/static,jar:file:/home/user/.m2/repository/org/apache/hadoop/hadoop-hdds-container-service/0.5.0-SNAPSHOT/hadoop-hdds-container-service-0.5.0-SNAPSHOT.jar!/webapps/static,AVAILABLE}
2019-09-18 13:18:41,903 [main] INFO  handler.ContextHandler (ContextHandler.java:doStart(781)) - Started o.e.j.w.WebAppContext@35f7969d{/,file:///tmp/jetty-0.0.0.0-40640-hddsDatanode-_-any-7952034820378168061.dir/webapp/,AVAILABLE}{/hddsDatanode}
2019-09-18 13:18:41,904 [main] INFO  server.AbstractConnector (AbstractConnector.java:doStart(278)) - Started ServerConnector@3404e5c4{HTTP/1.1,[http/1.1]}{0.0.0.0:40640}
2019-09-18 13:18:41,912 [main] INFO  server.Server (Server.java:doStart(419)) - Started @531305ms
2019-09-18 13:18:41,912 [main] WARN  impl.MetricsSystemImpl (MetricsSystemImpl.java:register(276)) - Sink prometheus already exists!
2019-09-18 13:18:41,913 [main] INFO  server.BaseHttpServer (BaseHttpServer.java:updateConnectorAddress(215)) - HTTP server of HDDSDATANODE is listening at http://0.0.0.0:40640
2019-09-18 13:18:41,913 [main] INFO  ozone.MiniOzoneClusterImpl (MiniOzoneClusterImpl.java:lambda$waitForClusterToBeReady$0(145)) - Waiting for cluster to be ready. Got 0 of 7 DN Heartbeats.
2019-09-18 13:18:41,914 [org.apache.hadoop.util.JvmPauseMonitor$Monitor@47c87f63] INFO  util.JvmPauseMonitor (JvmPauseMonitor.java:run(188)) - Starting JVM pause monitor
2019-09-18 13:18:41,915 [Datanode State Machine Thread - 0] INFO  datanode.InitDatanodeState (InitDatanodeState.java:persistContainerDatanodeDetails(140)) - DatanodeDetails is persisted to /workdir/hadoop-ozone/integration-test/target/test-dir/MiniOzoneClusterImpl-62b0528d-f78b-4475-bf9a-37d6dcf32bc1/datanode-6/meta/datanode.id
2019-09-18 13:18:42,914 [main] INFO  ozone.MiniOzoneClusterImpl (MiniOzoneClusterImpl.java:lambda$waitForClusterToBeReady$0(145)) - Waiting for cluster to be ready. Got 0 of 7 DN Heartbeats.
2019-09-18 13:18:43,541 [Datanode State Machine Thread - 0] INFO  ozoneimpl.OzoneContainer (OzoneContainer.java:start(217)) - Attempting to start container services.
2019-09-18 13:18:43,542 [Datanode State Machine Thread - 0] INFO  ozoneimpl.OzoneContainer (OzoneContainer.java:startContainerScrub(179)) - Background container scanner has been disabled.
2019-09-18 13:18:43,542 [Datanode State Machine Thread - 0] INFO  ratis.XceiverServerRatis (XceiverServerRatis.java:start(411)) - Starting XceiverServerRatis 9a1d4bd2-f6e2-46d8-bc0d-6d5e8df6a3c9 at port 0
2019-09-18 13:18:43,549 [Datanode State Machine Thread - 0] INFO  impl.RaftServerProxy (RaftServerProxy.java:lambda$start$3(299)) - 9a1d4bd2-f6e2-46d8-bc0d-6d5e8df6a3c9: start RPC server
2019-09-18 13:18:43,553 [Datanode State Machine Thread - 0] INFO  server.GrpcService (GrpcService.java:startImpl(158)) - 9a1d4bd2-f6e2-46d8-bc0d-6d5e8df6a3c9: GrpcService started, listening on 0.0.0.0/0.0.0.0:41459
2019-09-18 13:18:43,553 [Datanode State Machine Thread - 0] INFO  ratis.XceiverServerRatis (XceiverServerRatis.java:start(421)) - XceiverServerRatis 9a1d4bd2-f6e2-46d8-bc0d-6d5e8df6a3c9 is started using port 41459
2019-09-18 13:18:43,553 [Datanode State Machine Thread - 0] INFO  server.XceiverServerGrpc (XceiverServerGrpc.java:start(163)) - XceiverServerGrpc 9a1d4bd2-f6e2-46d8-bc0d-6d5e8df6a3c9 is started using port 36861
2019-09-18 13:18:43,596 [Datanode State Machine Thread - 0] INFO  ozoneimpl.OzoneContainer (OzoneContainer.java:start(217)) - Attempting to start container services.
2019-09-18 13:18:43,597 [Datanode State Machine Thread - 0] INFO  ozoneimpl.OzoneContainer (OzoneContainer.java:startContainerScrub(179)) - Background container scanner has been disabled.
2019-09-18 13:18:43,597 [Datanode State Machine Thread - 0] INFO  ratis.XceiverServerRatis (XceiverServerRatis.java:start(411)) - Starting XceiverServerRatis eb696baf-1371-4214-b447-aabaa08e9d3b at port 0
2019-09-18 13:18:43,604 [Datanode State Machine Thread - 0] INFO  impl.RaftServerProxy (RaftServerProxy.java:lambda$start$3(299)) - eb696baf-1371-4214-b447-aabaa08e9d3b: start RPC server
2019-09-18 13:18:43,604 [Datanode State Machine Thread - 0] INFO  server.GrpcService (GrpcService.java:startImpl(158)) - eb696baf-1371-4214-b447-aabaa08e9d3b: GrpcService started, listening on 0.0.0.0/0.0.0.0:41570
2019-09-18 13:18:43,605 [Datanode State Machine Thread - 0] INFO  ratis.XceiverServerRatis (XceiverServerRatis.java:start(421)) - XceiverServerRatis eb696baf-1371-4214-b447-aabaa08e9d3b is started using port 41570
2019-09-18 13:18:43,608 [Datanode State Machine Thread - 0] INFO  server.XceiverServerGrpc (XceiverServerGrpc.java:start(163)) - XceiverServerGrpc eb696baf-1371-4214-b447-aabaa08e9d3b is started using port 38865
2019-09-18 13:18:43,664 [Datanode State Machine Thread - 0] INFO  ozoneimpl.OzoneContainer (OzoneContainer.java:start(217)) - Attempting to start container services.
2019-09-18 13:18:43,665 [Datanode State Machine Thread - 0] INFO  ozoneimpl.OzoneContainer (OzoneContainer.java:startContainerScrub(179)) - Background container scanner has been disabled.
2019-09-18 13:18:43,665 [Datanode State Machine Thread - 0] INFO  ratis.XceiverServerRatis (XceiverServerRatis.java:start(411)) - Starting XceiverServerRatis 780542ca-6867-4742-bfe9-12a474ec226a at port 0
2019-09-18 13:18:43,672 [Datanode State Machine Thread - 0] INFO  impl.RaftServerProxy (RaftServerProxy.java:lambda$start$3(299)) - 780542ca-6867-4742-bfe9-12a474ec226a: start RPC server
2019-09-18 13:18:43,672 [Datanode State Machine Thread - 0] INFO  server.GrpcService (GrpcService.java:startImpl(158)) - 780542ca-6867-4742-bfe9-12a474ec226a: GrpcService started, listening on 0.0.0.0/0.0.0.0:40971
2019-09-18 13:18:43,672 [Datanode State Machine Thread - 0] INFO  ratis.XceiverServerRatis (XceiverServerRatis.java:start(421)) - XceiverServerRatis 780542ca-6867-4742-bfe9-12a474ec226a is started using port 40971
2019-09-18 13:18:43,673 [Datanode State Machine Thread - 0] INFO  server.XceiverServerGrpc (XceiverServerGrpc.java:start(163)) - XceiverServerGrpc 780542ca-6867-4742-bfe9-12a474ec226a is started using port 33194
2019-09-18 13:18:43,723 [Datanode State Machine Thread - 0] INFO  ozoneimpl.OzoneContainer (OzoneContainer.java:start(217)) - Attempting to start container services.
2019-09-18 13:18:43,724 [Datanode State Machine Thread - 0] INFO  ozoneimpl.OzoneContainer (OzoneContainer.java:startContainerScrub(179)) - Background container scanner has been disabled.
2019-09-18 13:18:43,724 [Datanode State Machine Thread - 0] INFO  ratis.XceiverServerRatis (XceiverServerRatis.java:start(411)) - Starting XceiverServerRatis 34aa374e-f09c-476d-b99f-2e062a89b85b at port 0
2019-09-18 13:18:43,731 [Datanode State Machine Thread - 0] INFO  impl.RaftServerProxy (RaftServerProxy.java:lambda$start$3(299)) - 34aa374e-f09c-476d-b99f-2e062a89b85b: start RPC server
2019-09-18 13:18:43,731 [Datanode State Machine Thread - 0] INFO  server.GrpcService (GrpcService.java:startImpl(158)) - 34aa374e-f09c-476d-b99f-2e062a89b85b: GrpcService started, listening on 0.0.0.0/0.0.0.0:45048
2019-09-18 13:18:43,732 [Datanode State Machine Thread - 0] INFO  ratis.XceiverServerRatis (XceiverServerRatis.java:start(421)) - XceiverServerRatis 34aa374e-f09c-476d-b99f-2e062a89b85b is started using port 45048
2019-09-18 13:18:43,732 [Datanode State Machine Thread - 0] INFO  server.XceiverServerGrpc (XceiverServerGrpc.java:start(163)) - XceiverServerGrpc 34aa374e-f09c-476d-b99f-2e062a89b85b is started using port 32998
2019-09-18 13:18:43,796 [Datanode State Machine Thread - 0] INFO  ozoneimpl.OzoneContainer (OzoneContainer.java:start(217)) - Attempting to start container services.
2019-09-18 13:18:43,796 [Datanode State Machine Thread - 0] INFO  ozoneimpl.OzoneContainer (OzoneContainer.java:startContainerScrub(179)) - Background container scanner has been disabled.
2019-09-18 13:18:43,796 [Datanode State Machine Thread - 0] INFO  ratis.XceiverServerRatis (XceiverServerRatis.java:start(411)) - Starting XceiverServerRatis b5e58cb2-65b2-462a-9849-1bc2048b184b at port 0
2019-09-18 13:18:43,803 [Datanode State Machine Thread - 0] INFO  impl.RaftServerProxy (RaftServerProxy.java:lambda$start$3(299)) - b5e58cb2-65b2-462a-9849-1bc2048b184b: start RPC server
2019-09-18 13:18:43,803 [Datanode State Machine Thread - 0] INFO  server.GrpcService (GrpcService.java:startImpl(158)) - b5e58cb2-65b2-462a-9849-1bc2048b184b: GrpcService started, listening on 0.0.0.0/0.0.0.0:34672
2019-09-18 13:18:43,803 [Datanode State Machine Thread - 0] INFO  ratis.XceiverServerRatis (XceiverServerRatis.java:start(421)) - XceiverServerRatis b5e58cb2-65b2-462a-9849-1bc2048b184b is started using port 34672
2019-09-18 13:18:43,804 [Datanode State Machine Thread - 0] INFO  server.XceiverServerGrpc (XceiverServerGrpc.java:start(163)) - XceiverServerGrpc b5e58cb2-65b2-462a-9849-1bc2048b184b is started using port 42583
2019-09-18 13:18:43,858 [Datanode State Machine Thread - 0] INFO  ozoneimpl.OzoneContainer (OzoneContainer.java:start(217)) - Attempting to start container services.
2019-09-18 13:18:43,859 [Datanode State Machine Thread - 0] INFO  ozoneimpl.OzoneContainer (OzoneContainer.java:startContainerScrub(179)) - Background container scanner has been disabled.
2019-09-18 13:18:43,859 [Datanode State Machine Thread - 0] INFO  ratis.XceiverServerRatis (XceiverServerRatis.java:start(411)) - Starting XceiverServerRatis 7b7c28b3-8e58-4b89-8f32-c81a2c7aabdf at port 0
2019-09-18 13:18:43,865 [Datanode State Machine Thread - 0] INFO  impl.RaftServerProxy (RaftServerProxy.java:lambda$start$3(299)) - 7b7c28b3-8e58-4b89-8f32-c81a2c7aabdf: start RPC server
2019-09-18 13:18:43,875 [Datanode State Machine Thread - 0] INFO  server.GrpcService (GrpcService.java:startImpl(158)) - 7b7c28b3-8e58-4b89-8f32-c81a2c7aabdf: GrpcService started, listening on 0.0.0.0/0.0.0.0:36959
2019-09-18 13:18:43,875 [Datanode State Machine Thread - 0] INFO  ratis.XceiverServerRatis (XceiverServerRatis.java:start(421)) - XceiverServerRatis 7b7c28b3-8e58-4b89-8f32-c81a2c7aabdf is started using port 36959
2019-09-18 13:18:43,877 [Datanode State Machine Thread - 0] INFO  server.XceiverServerGrpc (XceiverServerGrpc.java:start(163)) - XceiverServerGrpc 7b7c28b3-8e58-4b89-8f32-c81a2c7aabdf is started using port 35744
2019-09-18 13:18:43,915 [main] INFO  ozone.MiniOzoneClusterImpl (MiniOzoneClusterImpl.java:lambda$waitForClusterToBeReady$0(145)) - Waiting for cluster to be ready. Got 0 of 7 DN Heartbeats.
2019-09-18 13:18:43,928 [Datanode State Machine Thread - 0] INFO  ozoneimpl.OzoneContainer (OzoneContainer.java:start(217)) - Attempting to start container services.
2019-09-18 13:18:43,928 [Datanode State Machine Thread - 0] INFO  ozoneimpl.OzoneContainer (OzoneContainer.java:startContainerScrub(179)) - Background container scanner has been disabled.
2019-09-18 13:18:43,928 [Datanode State Machine Thread - 0] INFO  ratis.XceiverServerRatis (XceiverServerRatis.java:start(411)) - Starting XceiverServerRatis 9efe3194-bd4f-49a4-be9a-a0c0ad574cdc at port 0
2019-09-18 13:18:43,934 [Datanode State Machine Thread - 0] INFO  impl.RaftServerProxy (RaftServerProxy.java:lambda$start$3(299)) - 9efe3194-bd4f-49a4-be9a-a0c0ad574cdc: start RPC server
2019-09-18 13:18:43,935 [Datanode State Machine Thread - 0] INFO  server.GrpcService (GrpcService.java:startImpl(158)) - 9efe3194-bd4f-49a4-be9a-a0c0ad574cdc: GrpcService started, listening on 0.0.0.0/0.0.0.0:37138
2019-09-18 13:18:43,935 [Datanode State Machine Thread - 0] INFO  ratis.XceiverServerRatis (XceiverServerRatis.java:start(421)) - XceiverServerRatis 9efe3194-bd4f-49a4-be9a-a0c0ad574cdc is started using port 37138
2019-09-18 13:18:43,936 [Datanode State Machine Thread - 0] INFO  server.XceiverServerGrpc (XceiverServerGrpc.java:start(163)) - XceiverServerGrpc 9efe3194-bd4f-49a4-be9a-a0c0ad574cdc is started using port 35535
2019-09-18 13:18:44,915 [main] INFO  ozone.MiniOzoneClusterImpl (MiniOzoneClusterImpl.java:lambda$waitForClusterToBeReady$0(145)) - Waiting for cluster to be ready. Got 0 of 7 DN Heartbeats.
2019-09-18 13:18:45,514 [IPC Server handler 6 on 44000] INFO  net.NetworkTopology (NetworkTopologyImpl.java:add(111)) - Added a new node: /default-rack/9a1d4bd2-f6e2-46d8-bc0d-6d5e8df6a3c9
2019-09-18 13:18:45,517 [IPC Server handler 6 on 44000] INFO  node.SCMNodeManager (SCMNodeManager.java:register(266)) - Registered Data node : 9a1d4bd2-f6e2-46d8-bc0d-6d5e8df6a3c9{ip: 192.168.69.108, host: pr-hdds-2141-4zm8s-3863693661, networkLocation: /default-rack, certSerialId: null}
2019-09-18 13:18:45,518 [EventQueue-NodeRegistrationContainerReportForDataNodeSafeModeRule] INFO  safemode.SCMSafeModeManager (DataNodeSafeModeRule.java:process(71)) - SCM in safe mode. 1 DataNodes registered, 1 required.
2019-09-18 13:18:45,521 [EventQueue-NodeRegistrationContainerReportForDataNodeSafeModeRule] INFO  safemode.SCMSafeModeManager (SCMSafeModeManager.java:validateSafeModeExitRules(177)) - ScmSafeModeManager, all rules are successfully validated
2019-09-18 13:18:45,521 [EventQueue-NodeRegistrationContainerReportForDataNodeSafeModeRule] INFO  safemode.SCMSafeModeManager (SCMSafeModeManager.java:exitSafeMode(193)) - SCM exiting safe mode.
2019-09-18 13:18:45,534 [grpc-default-executor-9] INFO  impl.RaftServerProxy (RaftServerProxy.java:addNew(89)) - 9a1d4bd2-f6e2-46d8-bc0d-6d5e8df6a3c9: addNew group-3DF48FA98743:[9a1d4bd2-f6e2-46d8-bc0d-6d5e8df6a3c9:192.168.69.108:41459] returns group-3DF48FA98743:java.util.concurrent.CompletableFuture@b3f9d45[Not completed]
2019-09-18 13:18:45,536 [pool-409-thread-1] INFO  impl.RaftServerImpl (RaftServerImpl.java:<init>(95)) - 9a1d4bd2-f6e2-46d8-bc0d-6d5e8df6a3c9: new RaftServerImpl for group-3DF48FA98743:[9a1d4bd2-f6e2-46d8-bc0d-6d5e8df6a3c9:192.168.69.108:41459] with ContainerStateMachine:uninitialized
2019-09-18 13:18:45,536 [pool-409-thread-1] INFO  server.RaftServerConfigKeys (ConfUtils.java:logGet(43)) - raft.server.rpc.timeout.min = 5s (custom)
2019-09-18 13:18:45,537 [pool-409-thread-1] INFO  server.RaftServerConfigKeys (ConfUtils.java:logGet(43)) - raft.server.rpc.timeout.max = 5200ms (custom)
2019-09-18 13:18:45,537 [pool-409-thread-1] INFO  server.RaftServerConfigKeys (ConfUtils.java:logGet(43)) - raft.server.rpcslowness.timeout = 120s (custom)
2019-09-18 13:18:45,537 [pool-409-thread-1] INFO  server.RaftServerConfigKeys (ConfUtils.java:logGet(43)) - raft.server.sleep.deviation.threshold = 300 (default)
2019-09-18 13:18:45,537 [pool-409-thread-1] INFO  server.RaftServerConfigKeys (ConfUtils.java:logGet(43)) - raft.server.log.appender.install.snapshot.enabled = false (custom)
2019-09-18 13:18:45,537 [pool-409-thread-1] INFO  impl.RaftServerImpl (ServerState.java:<init>(103)) - 9a1d4bd2-f6e2-46d8-bc0d-6d5e8df6a3c9@group-3DF48FA98743: ConfigurationManager, init=-1: [9a1d4bd2-f6e2-46d8-bc0d-6d5e8df6a3c9:192.168.69.108:41459], old=null, confs=<EMPTY_MAP>
2019-09-18 13:18:45,538 [pool-409-thread-1] INFO  server.RaftServerConfigKeys (ConfUtils.java:logGet(43)) - raft.server.storage.dir = [/workdir/hadoop-ozone/integration-test/target/test-dir/MiniOzoneClusterImpl-62b0528d-f78b-4475-bf9a-37d6dcf32bc1/datanode-0/data/ratis] (custom)
2019-09-18 13:18:45,538 [pool-409-thread-1] INFO  storage.RaftStorageDirectory (RaftStorageDirectory.java:analyzeStorage(246)) - The storage directory /workdir/hadoop-ozone/integration-test/target/test-dir/MiniOzoneClusterImpl-62b0528d-f78b-4475-bf9a-37d6dcf32bc1/datanode-0/data/ratis/7a5c2cbc-3570-4e09-a624-3df48fa98743 does not exist. Creating ...
2019-09-18 13:18:45,564 [pool-409-thread-1] INFO  storage.RaftStorageDirectory (RaftStorageDirectory.java:tryLock(328)) - Lock on /workdir/hadoop-ozone/integration-test/target/test-dir/MiniOzoneClusterImpl-62b0528d-f78b-4475-bf9a-37d6dcf32bc1/datanode-0/data/ratis/7a5c2cbc-3570-4e09-a624-3df48fa98743/in_use.lock acquired by nodename 16951@pr-hdds-2141-4zm8s-3863693661
2019-09-18 13:18:45,577 [pool-409-thread-1] INFO  storage.RaftStorage (RaftStorage.java:format(72)) - Storage directory /workdir/hadoop-ozone/integration-test/target/test-dir/MiniOzoneClusterImpl-62b0528d-f78b-4475-bf9a-37d6dcf32bc1/datanode-0/data/ratis/7a5c2cbc-3570-4e09-a624-3df48fa98743 has been successfully formatted.
2019-09-18 13:18:45,577 [pool-409-thread-1] INFO  ratis.ContainerStateMachine (ContainerStateMachine.java:loadSnapshot(230)) - group-3DF48FA98743: The snapshot info is null. Setting the last applied indexto:(t:0, i:~)
2019-09-18 13:18:45,577 [pool-409-thread-1] INFO  server.RaftServerConfigKeys (ConfUtils.java:logGet(43)) - raft.server.notification.no-leader.timeout = 120s (custom)
2019-09-18 13:18:45,578 [pool-409-thread-1] INFO  server.RaftServerConfigKeys (ConfUtils.java:logGet(43)) - raft.server.log.use.memory = false (default)
2019-09-18 13:18:45,578 [pool-409-thread-1] INFO  server.RaftServerConfigKeys (ConfUtils.java:logGet(43)) - raft.server.log.purge.gap = 1000000 (custom)
2019-09-18 13:18:45,578 [pool-409-thread-1] INFO  server.RaftServerConfigKeys (ConfUtils.java:logGet(43)) - raft.server.log.appender.buffer.byte-limit = 33554432 (custom)
2019-09-18 13:18:45,578 [pool-409-thread-1] INFO  server.RaftServerConfigKeys (ConfUtils.java:logGet(43)) - raft.server.log.segment.size.max = 1048576 (custom)
2019-09-18 13:18:45,578 [pool-409-thread-1] INFO  server.RaftServerConfigKeys (ConfUtils.java:logGet(43)) - raft.server.log.segment.cache.num.max = 2 (custom)
2019-09-18 13:18:45,579 [pool-409-thread-1] INFO  segmented.SegmentedRaftLogWorker (SegmentedRaftLogWorker.java:<init>(172)) - new 9a1d4bd2-f6e2-46d8-bc0d-6d5e8df6a3c9@group-3DF48FA98743-SegmentedRaftLogWorker for RaftStorage:Storage Directory /workdir/hadoop-ozone/integration-test/target/test-dir/MiniOzoneClusterImpl-62b0528d-f78b-4475-bf9a-37d6dcf32bc1/datanode-0/data/ratis/7a5c2cbc-3570-4e09-a624-3df48fa98743
2019-09-18 13:18:45,580 [pool-409-thread-1] INFO  server.RaftServerConfigKeys (ConfUtils.java:logGet(43)) - raft.server.log.queue.byte-limit = 2147483647 (custom)
2019-09-18 13:18:45,581 [pool-409-thread-1] INFO  server.RaftServerConfigKeys (ConfUtils.java:logGet(43)) - raft.server.log.queue.element-limit = 1024 (custom)
2019-09-18 13:18:45,581 [pool-409-thread-1] INFO  server.RaftServerConfigKeys (ConfUtils.java:logGet(43)) - raft.server.log.segment.size.max = 1048576 (custom)
2019-09-18 13:18:45,581 [pool-409-thread-1] INFO  server.RaftServerConfigKeys (ConfUtils.java:logGet(43)) - raft.server.log.preallocated.size = 16384 (custom)
2019-09-18 13:18:45,581 [pool-409-thread-1] INFO  server.RaftServerConfigKeys (ConfUtils.java:logGet(43)) - raft.server.log.write.buffer.size = 33554432 (custom)
2019-09-18 13:18:45,581 [pool-409-thread-1] INFO  server.RaftServerConfigKeys (ConfUtils.java:logGet(43)) - raft.server.log.force.sync.num = 128 (default)
2019-09-18 13:18:45,581 [pool-409-thread-1] INFO  server.RaftServerConfigKeys (ConfUtils.java:logGet(43)) - raft.server.log.statemachine.data.sync = true (default)
2019-09-18 13:18:45,582 [pool-409-thread-1] INFO  server.RaftServerConfigKeys (ConfUtils.java:logGet(43)) - raft.server.log.statemachine.data.sync.timeout = 10s (default)
2019-09-18 13:18:45,582 [pool-409-thread-1] INFO  server.RaftServerConfigKeys (ConfUtils.java:logGet(43)) - raft.server.log.statemachine.data.sync.timeout.retry = -1 (default)
2019-09-18 13:18:45,582 [IPC Server handler 9 on 44000] INFO  net.NetworkTopology (NetworkTopologyImpl.java:add(111)) - Added a new node: /default-rack/eb696baf-1371-4214-b447-aabaa08e9d3b
2019-09-18 13:18:45,582 [pool-409-thread-1] INFO  server.RaftServerConfigKeys (ConfUtils.java:logGet(43)) - raft.server.log.statemachine.data.caching.enabled = true (custom)
2019-09-18 13:18:45,582 [IPC Server handler 9 on 44000] INFO  node.SCMNodeManager (SCMNodeManager.java:register(266)) - Registered Data node : eb696baf-1371-4214-b447-aabaa08e9d3b{ip: 192.168.69.108, host: pr-hdds-2141-4zm8s-3863693661, networkLocation: /default-rack, certSerialId: null}
2019-09-18 13:18:45,583 [pool-409-thread-1] INFO  segmented.SegmentedRaftLogWorker (SegmentedRaftLogWorker.java:lambda$new$0(132)) - 9a1d4bd2-f6e2-46d8-bc0d-6d5e8df6a3c9@group-3DF48FA98743-SegmentedRaftLogWorker: flushIndex: setUnconditionally 0 -> -1
2019-09-18 13:18:45,583 [pool-409-thread-1] INFO  server.RaftServerConfigKeys (ConfUtils.java:logGet(43)) - raft.server.snapshot.auto.trigger.enabled = true (custom)
2019-09-18 13:18:45,583 [pool-409-thread-1] INFO  server.RaftServerConfigKeys (ConfUtils.java:logGet(43)) - raft.server.snapshot.auto.trigger.threshold = 10000 (custom)
2019-09-18 13:18:45,583 [pool-409-thread-1] INFO  server.RaftServerConfigKeys (ConfUtils.java:logGet(43)) - raft.server.snapshot.retention.num.files = 5 (custom)
2019-09-18 13:18:45,583 [pool-409-thread-1] INFO  server.RaftServerConfigKeys (ConfUtils.java:logGet(43)) - raft.server.retrycache.expirytime = 600000ms (custom)
2019-09-18 13:18:45,585 [pool-409-thread-1] INFO  impl.RaftServerImpl (RaftServerImpl.java:start(185)) - 9a1d4bd2-f6e2-46d8-bc0d-6d5e8df6a3c9@group-3DF48FA98743: start as a follower, conf=-1: [9a1d4bd2-f6e2-46d8-bc0d-6d5e8df6a3c9:192.168.69.108:41459], old=null
2019-09-18 13:18:45,586 [pool-409-thread-1] INFO  impl.RaftServerImpl (RaftServerImpl.java:setRole(174)) - 9a1d4bd2-f6e2-46d8-bc0d-6d5e8df6a3c9@group-3DF48FA98743: changes role from      null to FOLLOWER at term 0 for startAsFollower
2019-09-18 13:18:45,586 [pool-409-thread-1] INFO  impl.RoleInfo (RoleInfo.java:updateAndGet(143)) - 9a1d4bd2-f6e2-46d8-bc0d-6d5e8df6a3c9: start FollowerState
2019-09-18 13:18:45,587 [pool-409-thread-1] INFO  util.JmxRegister (JmxRegister.java:tryRegister(44)) - Successfully registered JMX Bean with object name Ratis:service=RaftServer,group=group-3DF48FA98743,id=9a1d4bd2-f6e2-46d8-bc0d-6d5e8df6a3c9
2019-09-18 13:18:45,602 [RatisPipelineUtilsThread] INFO  pipeline.PipelineStateManager (PipelineStateManager.java:addPipeline(56)) - Created pipeline Pipeline[ Id: 7a5c2cbc-3570-4e09-a624-3df48fa98743, Nodes: 9a1d4bd2-f6e2-46d8-bc0d-6d5e8df6a3c9{ip: 192.168.69.108, host: pr-hdds-2141-4zm8s-3863693661, networkLocation: /default-rack, certSerialId: null}, Type:RATIS, Factor:ONE, State:OPEN]
2019-09-18 13:18:45,609 [grpc-default-executor-9] INFO  impl.RaftServerProxy (RaftServerProxy.java:addNew(89)) - eb696baf-1371-4214-b447-aabaa08e9d3b: addNew group-72FE7EE7D2C7:[eb696baf-1371-4214-b447-aabaa08e9d3b:192.168.69.108:41570] returns group-72FE7EE7D2C7:java.util.concurrent.CompletableFuture@26dd9b2b[Not completed]
2019-09-18 13:18:45,610 [pool-419-thread-1] INFO  impl.RaftServerImpl (RaftServerImpl.java:<init>(95)) - eb696baf-1371-4214-b447-aabaa08e9d3b: new RaftServerImpl for group-72FE7EE7D2C7:[eb696baf-1371-4214-b447-aabaa08e9d3b:192.168.69.108:41570] with ContainerStateMachine:uninitialized
2019-09-18 13:18:45,611 [pool-419-thread-1] INFO  server.RaftServerConfigKeys (ConfUtils.java:logGet(43)) - raft.server.rpc.timeout.min = 5s (custom)
2019-09-18 13:18:45,611 [pool-419-thread-1] INFO  server.RaftServerConfigKeys (ConfUtils.java:logGet(43)) - raft.server.rpc.timeout.max = 5200ms (custom)
2019-09-18 13:18:45,611 [pool-419-thread-1] INFO  server.RaftServerConfigKeys (ConfUtils.java:logGet(43)) - raft.server.rpcslowness.timeout = 120s (custom)
2019-09-18 13:18:45,611 [pool-419-thread-1] INFO  server.RaftServerConfigKeys (ConfUtils.java:logGet(43)) - raft.server.sleep.deviation.threshold = 300 (default)
2019-09-18 13:18:45,611 [pool-419-thread-1] INFO  server.RaftServerConfigKeys (ConfUtils.java:logGet(43)) - raft.server.log.appender.install.snapshot.enabled = false (custom)
2019-09-18 13:18:45,611 [pool-419-thread-1] INFO  impl.RaftServerImpl (ServerState.java:<init>(103)) - eb696baf-1371-4214-b447-aabaa08e9d3b@group-72FE7EE7D2C7: ConfigurationManager, init=-1: [eb696baf-1371-4214-b447-aabaa08e9d3b:192.168.69.108:41570], old=null, confs=<EMPTY_MAP>
2019-09-18 13:18:45,611 [pool-419-thread-1] INFO  server.RaftServerConfigKeys (ConfUtils.java:logGet(43)) - raft.server.storage.dir = [/workdir/hadoop-ozone/integration-test/target/test-dir/MiniOzoneClusterImpl-62b0528d-f78b-4475-bf9a-37d6dcf32bc1/datanode-1/data/ratis] (custom)
2019-09-18 13:18:45,612 [pool-419-thread-1] INFO  storage.RaftStorageDirectory (RaftStorageDirectory.java:analyzeStorage(246)) - The storage directory /workdir/hadoop-ozone/integration-test/target/test-dir/MiniOzoneClusterImpl-62b0528d-f78b-4475-bf9a-37d6dcf32bc1/datanode-1/data/ratis/36204c7e-1c77-4dc7-b5e5-72fe7ee7d2c7 does not exist. Creating ...
2019-09-18 13:18:45,637 [pool-419-thread-1] INFO  storage.RaftStorageDirectory (RaftStorageDirectory.java:tryLock(328)) - Lock on /workdir/hadoop-ozone/integration-test/target/test-dir/MiniOzoneClusterImpl-62b0528d-f78b-4475-bf9a-37d6dcf32bc1/datanode-1/data/ratis/36204c7e-1c77-4dc7-b5e5-72fe7ee7d2c7/in_use.lock acquired by nodename 16951@pr-hdds-2141-4zm8s-3863693661
2019-09-18 13:18:45,649 [IPC Server handler 0 on 44000] INFO  net.NetworkTopology (NetworkTopologyImpl.java:add(111)) - Added a new node: /default-rack/780542ca-6867-4742-bfe9-12a474ec226a
2019-09-18 13:18:45,649 [IPC Server handler 0 on 44000] INFO  node.SCMNodeManager (SCMNodeManager.java:register(266)) - Registered Data node : 780542ca-6867-4742-bfe9-12a474ec226a{ip: 192.168.69.108, host: pr-hdds-2141-4zm8s-3863693661, networkLocation: /default-rack, certSerialId: null}
2019-09-18 13:18:45,651 [pool-419-thread-1] INFO  storage.RaftStorage (RaftStorage.java:format(72)) - Storage directory /workdir/hadoop-ozone/integration-test/target/test-dir/MiniOzoneClusterImpl-62b0528d-f78b-4475-bf9a-37d6dcf32bc1/datanode-1/data/ratis/36204c7e-1c77-4dc7-b5e5-72fe7ee7d2c7 has been successfully formatted.
2019-09-18 13:18:45,651 [pool-419-thread-1] INFO  ratis.ContainerStateMachine (ContainerStateMachine.java:loadSnapshot(230)) - group-72FE7EE7D2C7: The snapshot info is null. Setting the last applied indexto:(t:0, i:~)
2019-09-18 13:18:45,651 [pool-419-thread-1] INFO  server.RaftServerConfigKeys (ConfUtils.java:logGet(43)) - raft.server.notification.no-leader.timeout = 120s (custom)
2019-09-18 13:18:45,651 [pool-419-thread-1] INFO  server.RaftServerConfigKeys (ConfUtils.java:logGet(43)) - raft.server.log.use.memory = false (default)
2019-09-18 13:18:45,652 [pool-419-thread-1] INFO  server.RaftServerConfigKeys (ConfUtils.java:logGet(43)) - raft.server.log.purge.gap = 1000000 (custom)
2019-09-18 13:18:45,652 [pool-419-thread-1] INFO  server.RaftServerConfigKeys (ConfUtils.java:logGet(43)) - raft.server.log.appender.buffer.byte-limit = 33554432 (custom)
2019-09-18 13:18:45,652 [pool-419-thread-1] INFO  server.RaftServerConfigKeys (ConfUtils.java:logGet(43)) - raft.server.log.segment.size.max = 1048576 (custom)
2019-09-18 13:18:45,652 [pool-419-thread-1] INFO  server.RaftServerConfigKeys (ConfUtils.java:logGet(43)) - raft.server.log.segment.cache.num.max = 2 (custom)
2019-09-18 13:18:45,652 [pool-419-thread-1] INFO  segmented.SegmentedRaftLogWorker (SegmentedRaftLogWorker.java:<init>(172)) - new eb696baf-1371-4214-b447-aabaa08e9d3b@group-72FE7EE7D2C7-SegmentedRaftLogWorker for RaftStorage:Storage Directory /workdir/hadoop-ozone/integration-test/target/test-dir/MiniOzoneClusterImpl-62b0528d-f78b-4475-bf9a-37d6dcf32bc1/datanode-1/data/ratis/36204c7e-1c77-4dc7-b5e5-72fe7ee7d2c7
2019-09-18 13:18:45,654 [pool-419-thread-1] INFO  server.RaftServerConfigKeys (ConfUtils.java:logGet(43)) - raft.server.log.queue.byte-limit = 2147483647 (custom)
2019-09-18 13:18:45,654 [pool-419-thread-1] INFO  server.RaftServerConfigKeys (ConfUtils.java:logGet(43)) - raft.server.log.queue.element-limit = 1024 (custom)
2019-09-18 13:18:45,654 [pool-419-thread-1] INFO  server.RaftServerConfigKeys (ConfUtils.java:logGet(43)) - raft.server.log.segment.size.max = 1048576 (custom)
2019-09-18 13:18:45,654 [pool-419-thread-1] INFO  server.RaftServerConfigKeys (ConfUtils.java:logGet(43)) - raft.server.log.preallocated.size = 16384 (custom)
2019-09-18 13:18:45,654 [pool-419-thread-1] INFO  server.RaftServerConfigKeys (ConfUtils.java:logGet(43)) - raft.server.log.write.buffer.size = 33554432 (custom)
2019-09-18 13:18:45,654 [pool-419-thread-1] INFO  server.RaftServerConfigKeys (ConfUtils.java:logGet(43)) - raft.server.log.force.sync.num = 128 (default)
2019-09-18 13:18:45,655 [pool-419-thread-1] INFO  server.RaftServerConfigKeys (ConfUtils.java:logGet(43)) - raft.server.log.statemachine.data.sync = true (default)
2019-09-18 13:18:45,655 [pool-419-thread-1] INFO  server.RaftServerConfigKeys (ConfUtils.java:logGet(43)) - raft.server.log.statemachine.data.sync.timeout = 10s (default)
2019-09-18 13:18:45,655 [pool-419-thread-1] INFO  server.RaftServerConfigKeys (ConfUtils.java:logGet(43)) - raft.server.log.statemachine.data.sync.timeout.retry = -1 (default)
2019-09-18 13:18:45,655 [pool-419-thread-1] INFO  server.RaftServerConfigKeys (ConfUtils.java:logGet(43)) - raft.server.log.statemachine.data.caching.enabled = true (custom)
2019-09-18 13:18:45,655 [pool-419-thread-1] INFO  segmented.SegmentedRaftLogWorker (SegmentedRaftLogWorker.java:lambda$new$0(132)) - eb696baf-1371-4214-b447-aabaa08e9d3b@group-72FE7EE7D2C7-SegmentedRaftLogWorker: flushIndex: setUnconditionally 0 -> -1
2019-09-18 13:18:45,656 [pool-419-thread-1] INFO  server.RaftServerConfigKeys (ConfUtils.java:logGet(43)) - raft.server.snapshot.auto.trigger.enabled = true (custom)
2019-09-18 13:18:45,656 [pool-419-thread-1] INFO  server.RaftServerConfigKeys (ConfUtils.java:logGet(43)) - raft.server.snapshot.auto.trigger.threshold = 10000 (custom)
2019-09-18 13:18:45,656 [pool-419-thread-1] INFO  server.RaftServerConfigKeys (ConfUtils.java:logGet(43)) - raft.server.snapshot.retention.num.files = 5 (custom)
2019-09-18 13:18:45,656 [pool-419-thread-1] INFO  server.RaftServerConfigKeys (ConfUtils.java:logGet(43)) - raft.server.retrycache.expirytime = 600000ms (custom)
2019-09-18 13:18:45,658 [pool-419-thread-1] INFO  impl.RaftServerImpl (RaftServerImpl.java:start(185)) - eb696baf-1371-4214-b447-aabaa08e9d3b@group-72FE7EE7D2C7: start as a follower, conf=-1: [eb696baf-1371-4214-b447-aabaa08e9d3b:192.168.69.108:41570], old=null
2019-09-18 13:18:45,658 [pool-419-thread-1] INFO  impl.RaftServerImpl (RaftServerImpl.java:setRole(174)) - eb696baf-1371-4214-b447-aabaa08e9d3b@group-72FE7EE7D2C7: changes role from      null to FOLLOWER at term 0 for startAsFollower
2019-09-18 13:18:45,658 [pool-419-thread-1] INFO  impl.RoleInfo (RoleInfo.java:updateAndGet(143)) - eb696baf-1371-4214-b447-aabaa08e9d3b: start FollowerState
2019-09-18 13:18:45,658 [pool-419-thread-1] INFO  util.JmxRegister (JmxRegister.java:tryRegister(44)) - Successfully registered JMX Bean with object name Ratis:service=RaftServer,group=group-72FE7EE7D2C7,id=eb696baf-1371-4214-b447-aabaa08e9d3b
2019-09-18 13:18:45,663 [RatisPipelineUtilsThread] INFO  pipeline.PipelineStateManager (PipelineStateManager.java:addPipeline(56)) - Created pipeline Pipeline[ Id: 36204c7e-1c77-4dc7-b5e5-72fe7ee7d2c7, Nodes: eb696baf-1371-4214-b447-aabaa08e9d3b{ip: 192.168.69.108, host: pr-hdds-2141-4zm8s-3863693661, networkLocation: /default-rack, certSerialId: null}, Type:RATIS, Factor:ONE, State:OPEN]
2019-09-18 13:18:45,669 [grpc-default-executor-9] INFO  impl.RaftServerProxy (RaftServerProxy.java:addNew(89)) - 780542ca-6867-4742-bfe9-12a474ec226a: addNew group-DDA61E32BCC8:[780542ca-6867-4742-bfe9-12a474ec226a:192.168.69.108:40971] returns group-DDA61E32BCC8:java.util.concurrent.CompletableFuture@68dd8bbc[Not completed]
2019-09-18 13:18:45,670 [pool-429-thread-1] INFO  impl.RaftServerImpl (RaftServerImpl.java:<init>(95)) - 780542ca-6867-4742-bfe9-12a474ec226a: new RaftServerImpl for group-DDA61E32BCC8:[780542ca-6867-4742-bfe9-12a474ec226a:192.168.69.108:40971] with ContainerStateMachine:uninitialized
2019-09-18 13:18:45,670 [pool-429-thread-1] INFO  server.RaftServerConfigKeys (ConfUtils.java:logGet(43)) - raft.server.rpc.timeout.min = 5s (custom)
2019-09-18 13:18:45,671 [pool-429-thread-1] INFO  server.RaftServerConfigKeys (ConfUtils.java:logGet(43)) - raft.server.rpc.timeout.max = 5200ms (custom)
2019-09-18 13:18:45,671 [pool-429-thread-1] INFO  server.RaftServerConfigKeys (ConfUtils.java:logGet(43)) - raft.server.rpcslowness.timeout = 120s (custom)
2019-09-18 13:18:45,671 [pool-429-thread-1] INFO  server.RaftServerConfigKeys (ConfUtils.java:logGet(43)) - raft.server.sleep.deviation.threshold = 300 (default)
2019-09-18 13:18:45,671 [pool-429-thread-1] INFO  server.RaftServerConfigKeys (ConfUtils.java:logGet(43)) - raft.server.log.appender.install.snapshot.enabled = false (custom)
2019-09-18 13:18:45,671 [pool-429-thread-1] INFO  impl.RaftServerImpl (ServerState.java:<init>(103)) - 780542ca-6867-4742-bfe9-12a474ec226a@group-DDA61E32BCC8: ConfigurationManager, init=-1: [780542ca-6867-4742-bfe9-12a474ec226a:192.168.69.108:40971], old=null, confs=<EMPTY_MAP>
2019-09-18 13:18:45,671 [pool-429-thread-1] INFO  server.RaftServerConfigKeys (ConfUtils.java:logGet(43)) - raft.server.storage.dir = [/workdir/hadoop-ozone/integration-test/target/test-dir/MiniOzoneClusterImpl-62b0528d-f78b-4475-bf9a-37d6dcf32bc1/datanode-2/data/ratis] (custom)
2019-09-18 13:18:45,671 [pool-429-thread-1] INFO  storage.RaftStorageDirectory (RaftStorageDirectory.java:analyzeStorage(246)) - The storage directory /workdir/hadoop-ozone/integration-test/target/test-dir/MiniOzoneClusterImpl-62b0528d-f78b-4475-bf9a-37d6dcf32bc1/datanode-2/data/ratis/268d3a67-7b6e-4ce6-8152-dda61e32bcc8 does not exist. Creating ...
2019-09-18 13:18:45,684 [pool-429-thread-1] INFO  storage.RaftStorageDirectory (RaftStorageDirectory.java:tryLock(328)) - Lock on /workdir/hadoop-ozone/integration-test/target/test-dir/MiniOzoneClusterImpl-62b0528d-f78b-4475-bf9a-37d6dcf32bc1/datanode-2/data/ratis/268d3a67-7b6e-4ce6-8152-dda61e32bcc8/in_use.lock acquired by nodename 16951@pr-hdds-2141-4zm8s-3863693661
2019-09-18 13:18:45,697 [pool-429-thread-1] INFO  storage.RaftStorage (RaftStorage.java:format(72)) - Storage directory /workdir/hadoop-ozone/integration-test/target/test-dir/MiniOzoneClusterImpl-62b0528d-f78b-4475-bf9a-37d6dcf32bc1/datanode-2/data/ratis/268d3a67-7b6e-4ce6-8152-dda61e32bcc8 has been successfully formatted.
2019-09-18 13:18:45,697 [pool-429-thread-1] INFO  ratis.ContainerStateMachine (ContainerStateMachine.java:loadSnapshot(230)) - group-DDA61E32BCC8: The snapshot info is null. Setting the last applied indexto:(t:0, i:~)
2019-09-18 13:18:45,697 [pool-429-thread-1] INFO  server.RaftServerConfigKeys (ConfUtils.java:logGet(43)) - raft.server.notification.no-leader.timeout = 120s (custom)
2019-09-18 13:18:45,698 [pool-429-thread-1] INFO  server.RaftServerConfigKeys (ConfUtils.java:logGet(43)) - raft.server.log.use.memory = false (default)
2019-09-18 13:18:45,698 [pool-429-thread-1] INFO  server.RaftServerConfigKeys (ConfUtils.java:logGet(43)) - raft.server.log.purge.gap = 1000000 (custom)
2019-09-18 13:18:45,698 [pool-429-thread-1] INFO  server.RaftServerConfigKeys (ConfUtils.java:logGet(43)) - raft.server.log.appender.buffer.byte-limit = 33554432 (custom)
2019-09-18 13:18:45,698 [pool-429-thread-1] INFO  server.RaftServerConfigKeys (ConfUtils.java:logGet(43)) - raft.server.log.segment.size.max = 1048576 (custom)
2019-09-18 13:18:45,698 [pool-429-thread-1] INFO  server.RaftServerConfigKeys (ConfUtils.java:logGet(43)) - raft.server.log.segment.cache.num.max = 2 (custom)
2019-09-18 13:18:45,698 [pool-429-thread-1] INFO  segmented.SegmentedRaftLogWorker (SegmentedRaftLogWorker.java:<init>(172)) - new 780542ca-6867-4742-bfe9-12a474ec226a@group-DDA61E32BCC8-SegmentedRaftLogWorker for RaftStorage:Storage Directory /workdir/hadoop-ozone/integration-test/target/test-dir/MiniOzoneClusterImpl-62b0528d-f78b-4475-bf9a-37d6dcf32bc1/datanode-2/data/ratis/268d3a67-7b6e-4ce6-8152-dda61e32bcc8
2019-09-18 13:18:45,699 [pool-429-thread-1] INFO  server.RaftServerConfigKeys (ConfUtils.java:logGet(43)) - raft.server.log.queue.byte-limit = 2147483647 (custom)
2019-09-18 13:18:45,699 [pool-429-thread-1] INFO  server.RaftServerConfigKeys (ConfUtils.java:logGet(43)) - raft.server.log.queue.element-limit = 1024 (custom)
2019-09-18 13:18:45,700 [pool-429-thread-1] INFO  server.RaftServerConfigKeys (ConfUtils.java:logGet(43)) - raft.server.log.segment.size.max = 1048576 (custom)
2019-09-18 13:18:45,700 [pool-429-thread-1] INFO  server.RaftServerConfigKeys (ConfUtils.java:logGet(43)) - raft.server.log.preallocated.size = 16384 (custom)
2019-09-18 13:18:45,700 [pool-429-thread-1] INFO  server.RaftServerConfigKeys (ConfUtils.java:logGet(43)) - raft.server.log.write.buffer.size = 33554432 (custom)
2019-09-18 13:18:45,700 [pool-429-thread-1] INFO  server.RaftServerConfigKeys (ConfUtils.java:logGet(43)) - raft.server.log.force.sync.num = 128 (default)
2019-09-18 13:18:45,700 [pool-429-thread-1] INFO  server.RaftServerConfigKeys (ConfUtils.java:logGet(43)) - raft.server.log.statemachine.data.sync = true (default)
2019-09-18 13:18:45,700 [pool-429-thread-1] INFO  server.RaftServerConfigKeys (ConfUtils.java:logGet(43)) - raft.server.log.statemachine.data.sync.timeout = 10s (default)
2019-09-18 13:18:45,700 [pool-429-thread-1] INFO  server.RaftServerConfigKeys (ConfUtils.java:logGet(43)) - raft.server.log.statemachine.data.sync.timeout.retry = -1 (default)
2019-09-18 13:18:45,700 [pool-429-thread-1] INFO  server.RaftServerConfigKeys (ConfUtils.java:logGet(43)) - raft.server.log.statemachine.data.caching.enabled = true (custom)
2019-09-18 13:18:45,701 [pool-429-thread-1] INFO  segmented.SegmentedRaftLogWorker (SegmentedRaftLogWorker.java:lambda$new$0(132)) - 780542ca-6867-4742-bfe9-12a474ec226a@group-DDA61E32BCC8-SegmentedRaftLogWorker: flushIndex: setUnconditionally 0 -> -1
2019-09-18 13:18:45,701 [pool-429-thread-1] INFO  server.RaftServerConfigKeys (ConfUtils.java:logGet(43)) - raft.server.snapshot.auto.trigger.enabled = true (custom)
2019-09-18 13:18:45,701 [pool-429-thread-1] INFO  server.RaftServerConfigKeys (ConfUtils.java:logGet(43)) - raft.server.snapshot.auto.trigger.threshold = 10000 (custom)
2019-09-18 13:18:45,701 [pool-429-thread-1] INFO  server.RaftServerConfigKeys (ConfUtils.java:logGet(43)) - raft.server.snapshot.retention.num.files = 5 (custom)
2019-09-18 13:18:45,701 [pool-429-thread-1] INFO  server.RaftServerConfigKeys (ConfUtils.java:logGet(43)) - raft.server.retrycache.expirytime = 600000ms (custom)
2019-09-18 13:18:45,702 [pool-429-thread-1] INFO  impl.RaftServerImpl (RaftServerImpl.java:start(185)) - 780542ca-6867-4742-bfe9-12a474ec226a@group-DDA61E32BCC8: start as a follower, conf=-1: [780542ca-6867-4742-bfe9-12a474ec226a:192.168.69.108:40971], old=null
2019-09-18 13:18:45,703 [pool-429-thread-1] INFO  impl.RaftServerImpl (RaftServerImpl.java:setRole(174)) - 780542ca-6867-4742-bfe9-12a474ec226a@group-DDA61E32BCC8: changes role from      null to FOLLOWER at term 0 for startAsFollower
2019-09-18 13:18:45,703 [pool-429-thread-1] INFO  impl.RoleInfo (RoleInfo.java:updateAndGet(143)) - 780542ca-6867-4742-bfe9-12a474ec226a: start FollowerState
2019-09-18 13:18:45,703 [pool-429-thread-1] INFO  util.JmxRegister (JmxRegister.java:tryRegister(44)) - Successfully registered JMX Bean with object name Ratis:service=RaftServer,group=group-DDA61E32BCC8,id=780542ca-6867-4742-bfe9-12a474ec226a
2019-09-18 13:18:45,707 [RatisPipelineUtilsThread] INFO  pipeline.PipelineStateManager (PipelineStateManager.java:addPipeline(56)) - Created pipeline Pipeline[ Id: 268d3a67-7b6e-4ce6-8152-dda61e32bcc8, Nodes: 780542ca-6867-4742-bfe9-12a474ec226a{ip: 192.168.69.108, host: pr-hdds-2141-4zm8s-3863693661, networkLocation: /default-rack, certSerialId: null}, Type:RATIS, Factor:ONE, State:OPEN]
2019-09-18 13:18:45,709 [IPC Server handler 7 on 44000] INFO  net.NetworkTopology (NetworkTopologyImpl.java:add(111)) - Added a new node: /default-rack/34aa374e-f09c-476d-b99f-2e062a89b85b
2019-09-18 13:18:45,709 [IPC Server handler 7 on 44000] INFO  node.SCMNodeManager (SCMNodeManager.java:register(266)) - Registered Data node : 34aa374e-f09c-476d-b99f-2e062a89b85b{ip: 192.168.69.108, host: pr-hdds-2141-4zm8s-3863693661, networkLocation: /default-rack, certSerialId: null}
2019-09-18 13:18:45,717 [grpc-default-executor-2] INFO  impl.RaftServerProxy (RaftServerProxy.java:addNew(89)) - 9a1d4bd2-f6e2-46d8-bc0d-6d5e8df6a3c9: addNew group-D025A6FD987B:[eb696baf-1371-4214-b447-aabaa08e9d3b:192.168.69.108:41570, 780542ca-6867-4742-bfe9-12a474ec226a:192.168.69.108:40971, 9a1d4bd2-f6e2-46d8-bc0d-6d5e8df6a3c9:192.168.69.108:41459] returns group-D025A6FD987B:java.util.concurrent.CompletableFuture@7c2b3098[Not completed]
2019-09-18 13:18:45,717 [grpc-default-executor-9] INFO  impl.RaftServerProxy (RaftServerProxy.java:addNew(89)) - 780542ca-6867-4742-bfe9-12a474ec226a: addNew group-D025A6FD987B:[eb696baf-1371-4214-b447-aabaa08e9d3b:192.168.69.108:41570, 780542ca-6867-4742-bfe9-12a474ec226a:192.168.69.108:40971, 9a1d4bd2-f6e2-46d8-bc0d-6d5e8df6a3c9:192.168.69.108:41459] returns group-D025A6FD987B:java.util.concurrent.CompletableFuture@cbaadf2[Not completed]
2019-09-18 13:18:45,718 [pool-429-thread-1] INFO  impl.RaftServerImpl (RaftServerImpl.java:<init>(95)) - 780542ca-6867-4742-bfe9-12a474ec226a: new RaftServerImpl for group-D025A6FD987B:[eb696baf-1371-4214-b447-aabaa08e9d3b:192.168.69.108:41570, 780542ca-6867-4742-bfe9-12a474ec226a:192.168.69.108:40971, 9a1d4bd2-f6e2-46d8-bc0d-6d5e8df6a3c9:192.168.69.108:41459] with ContainerStateMachine:uninitialized
2019-09-18 13:18:45,718 [pool-429-thread-1] INFO  server.RaftServerConfigKeys (ConfUtils.java:logGet(43)) - raft.server.rpc.timeout.min = 5s (custom)
2019-09-18 13:18:45,718 [pool-429-thread-1] INFO  server.RaftServerConfigKeys (ConfUtils.java:logGet(43)) - raft.server.rpc.timeout.max = 5200ms (custom)
2019-09-18 13:18:45,718 [pool-429-thread-1] INFO  server.RaftServerConfigKeys (ConfUtils.java:logGet(43)) - raft.server.rpcslowness.timeout = 120s (custom)
2019-09-18 13:18:45,718 [grpc-default-executor-9] INFO  impl.RaftServerProxy (RaftServerProxy.java:addNew(89)) - eb696baf-1371-4214-b447-aabaa08e9d3b: addNew group-D025A6FD987B:[eb696baf-1371-4214-b447-aabaa08e9d3b:192.168.69.108:41570, 780542ca-6867-4742-bfe9-12a474ec226a:192.168.69.108:40971, 9a1d4bd2-f6e2-46d8-bc0d-6d5e8df6a3c9:192.168.69.108:41459] returns group-D025A6FD987B:java.util.concurrent.CompletableFuture@396a5a4d[Not completed]
2019-09-18 13:18:45,718 [pool-429-thread-1] INFO  server.RaftServerConfigKeys (ConfUtils.java:logGet(43)) - raft.server.sleep.deviation.threshold = 300 (default)
2019-09-18 13:18:45,718 [pool-429-thread-1] INFO  server.RaftServerConfigKeys (ConfUtils.java:logGet(43)) - raft.server.log.appender.install.snapshot.enabled = false (custom)
2019-09-18 13:18:45,718 [pool-409-thread-1] INFO  impl.RaftServerImpl (RaftServerImpl.java:<init>(95)) - 9a1d4bd2-f6e2-46d8-bc0d-6d5e8df6a3c9: new RaftServerImpl for group-D025A6FD987B:[eb696baf-1371-4214-b447-aabaa08e9d3b:192.168.69.108:41570, 780542ca-6867-4742-bfe9-12a474ec226a:192.168.69.108:40971, 9a1d4bd2-f6e2-46d8-bc0d-6d5e8df6a3c9:192.168.69.108:41459] with ContainerStateMachine:uninitialized
2019-09-18 13:18:45,718 [pool-429-thread-1] INFO  impl.RaftServerImpl (ServerState.java:<init>(103)) - 780542ca-6867-4742-bfe9-12a474ec226a@group-D025A6FD987B: ConfigurationManager, init=-1: [eb696baf-1371-4214-b447-aabaa08e9d3b:192.168.69.108:41570, 780542ca-6867-4742-bfe9-12a474ec226a:192.168.69.108:40971, 9a1d4bd2-f6e2-46d8-bc0d-6d5e8df6a3c9:192.168.69.108:41459], old=null, confs=<EMPTY_MAP>
2019-09-18 13:18:45,719 [pool-409-thread-1] INFO  server.RaftServerConfigKeys (ConfUtils.java:logGet(43)) - raft.server.rpc.timeout.min = 5s (custom)
2019-09-18 13:18:45,719 [pool-429-thread-1] INFO  server.RaftServerConfigKeys (ConfUtils.java:logGet(43)) - raft.server.storage.dir = [/workdir/hadoop-ozone/integration-test/target/test-dir/MiniOzoneClusterImpl-62b0528d-f78b-4475-bf9a-37d6dcf32bc1/datanode-2/data/ratis] (custom)
2019-09-18 13:18:45,719 [pool-409-thread-1] INFO  server.RaftServerConfigKeys (ConfUtils.java:logGet(43)) - raft.server.rpc.timeout.max = 5200ms (custom)
2019-09-18 13:18:45,719 [pool-419-thread-1] INFO  impl.RaftServerImpl (RaftServerImpl.java:<init>(95)) - eb696baf-1371-4214-b447-aabaa08e9d3b: new RaftServerImpl for group-D025A6FD987B:[eb696baf-1371-4214-b447-aabaa08e9d3b:192.168.69.108:41570, 780542ca-6867-4742-bfe9-12a474ec226a:192.168.69.108:40971, 9a1d4bd2-f6e2-46d8-bc0d-6d5e8df6a3c9:192.168.69.108:41459] with ContainerStateMachine:uninitialized
2019-09-18 13:18:45,719 [pool-429-thread-1] INFO  storage.RaftStorageDirectory (RaftStorageDirectory.java:analyzeStorage(246)) - The storage directory /workdir/hadoop-ozone/integration-test/target/test-dir/MiniOzoneClusterImpl-62b0528d-f78b-4475-bf9a-37d6dcf32bc1/datanode-2/data/ratis/309197b0-fbea-4cb2-8b1c-d025a6fd987b does not exist. Creating ...
2019-09-18 13:18:45,719 [pool-409-thread-1] INFO  server.RaftServerConfigKeys (ConfUtils.java:logGet(43)) - raft.server.rpcslowness.timeout = 120s (custom)
2019-09-18 13:18:45,719 [pool-419-thread-1] INFO  server.RaftServerConfigKeys (ConfUtils.java:logGet(43)) - raft.server.rpc.timeout.min = 5s (custom)
2019-09-18 13:18:45,719 [pool-409-thread-1] INFO  server.RaftServerConfigKeys (ConfUtils.java:logGet(43)) - raft.server.sleep.deviation.threshold = 300 (default)
2019-09-18 13:18:45,719 [pool-419-thread-1] INFO  server.RaftServerConfigKeys (ConfUtils.java:logGet(43)) - raft.server.rpc.timeout.max = 5200ms (custom)
2019-09-18 13:18:45,720 [pool-409-thread-1] INFO  server.RaftServerConfigKeys (ConfUtils.java:logGet(43)) - raft.server.log.appender.install.snapshot.enabled = false (custom)
2019-09-18 13:18:45,720 [pool-419-thread-1] INFO  server.RaftServerConfigKeys (ConfUtils.java:logGet(43)) - raft.server.rpcslowness.timeout = 120s (custom)
2019-09-18 13:18:45,720 [pool-409-thread-1] INFO  impl.RaftServerImpl (ServerState.java:<init>(103)) - 9a1d4bd2-f6e2-46d8-bc0d-6d5e8df6a3c9@group-D025A6FD987B: ConfigurationManager, init=-1: [eb696baf-1371-4214-b447-aabaa08e9d3b:192.168.69.108:41570, 780542ca-6867-4742-bfe9-12a474ec226a:192.168.69.108:40971, 9a1d4bd2-f6e2-46d8-bc0d-6d5e8df6a3c9:192.168.69.108:41459], old=null, confs=<EMPTY_MAP>
2019-09-18 13:18:45,720 [pool-419-thread-1] INFO  server.RaftServerConfigKeys (ConfUtils.java:logGet(43)) - raft.server.sleep.deviation.threshold = 300 (default)
2019-09-18 13:18:45,720 [pool-409-thread-1] INFO  server.RaftServerConfigKeys (ConfUtils.java:logGet(43)) - raft.server.storage.dir = [/workdir/hadoop-ozone/integration-test/target/test-dir/MiniOzoneClusterImpl-62b0528d-f78b-4475-bf9a-37d6dcf32bc1/datanode-0/data/ratis] (custom)
2019-09-18 13:18:45,720 [pool-419-thread-1] INFO  server.RaftServerConfigKeys (ConfUtils.java:logGet(43)) - raft.server.log.appender.install.snapshot.enabled = false (custom)
2019-09-18 13:18:45,720 [pool-419-thread-1] INFO  impl.RaftServerImpl (ServerState.java:<init>(103)) - eb696baf-1371-4214-b447-aabaa08e9d3b@group-D025A6FD987B: ConfigurationManager, init=-1: [eb696baf-1371-4214-b447-aabaa08e9d3b:192.168.69.108:41570, 780542ca-6867-4742-bfe9-12a474ec226a:192.168.69.108:40971, 9a1d4bd2-f6e2-46d8-bc0d-6d5e8df6a3c9:192.168.69.108:41459], old=null, confs=<EMPTY_MAP>
2019-09-18 13:18:45,721 [pool-409-thread-1] INFO  storage.RaftStorageDirectory (RaftStorageDirectory.java:analyzeStorage(246)) - The storage directory /workdir/hadoop-ozone/integration-test/target/test-dir/MiniOzoneClusterImpl-62b0528d-f78b-4475-bf9a-37d6dcf32bc1/datanode-0/data/ratis/309197b0-fbea-4cb2-8b1c-d025a6fd987b does not exist. Creating ...
2019-09-18 13:18:45,721 [pool-419-thread-1] INFO  server.RaftServerConfigKeys (ConfUtils.java:logGet(43)) - raft.server.storage.dir = [/workdir/hadoop-ozone/integration-test/target/test-dir/MiniOzoneClusterImpl-62b0528d-f78b-4475-bf9a-37d6dcf32bc1/datanode-1/data/ratis] (custom)
2019-09-18 13:18:45,721 [pool-419-thread-1] INFO  storage.RaftStorageDirectory (RaftStorageDirectory.java:analyzeStorage(246)) - The storage directory /workdir/hadoop-ozone/integration-test/target/test-dir/MiniOzoneClusterImpl-62b0528d-f78b-4475-bf9a-37d6dcf32bc1/datanode-1/data/ratis/309197b0-fbea-4cb2-8b1c-d025a6fd987b does not exist. Creating ...
2019-09-18 13:18:45,744 [pool-429-thread-1] INFO  storage.RaftStorageDirectory (RaftStorageDirectory.java:tryLock(328)) - Lock on /workdir/hadoop-ozone/integration-test/target/test-dir/MiniOzoneClusterImpl-62b0528d-f78b-4475-bf9a-37d6dcf32bc1/datanode-2/data/ratis/309197b0-fbea-4cb2-8b1c-d025a6fd987b/in_use.lock acquired by nodename 16951@pr-hdds-2141-4zm8s-3863693661
2019-09-18 13:18:45,744 [pool-419-thread-1] INFO  storage.RaftStorageDirectory (RaftStorageDirectory.java:tryLock(328)) - Lock on /workdir/hadoop-ozone/integration-test/target/test-dir/MiniOzoneClusterImpl-62b0528d-f78b-4475-bf9a-37d6dcf32bc1/datanode-1/data/ratis/309197b0-fbea-4cb2-8b1c-d025a6fd987b/in_use.lock acquired by nodename 16951@pr-hdds-2141-4zm8s-3863693661
2019-09-18 13:18:45,744 [pool-409-thread-1] INFO  storage.RaftStorageDirectory (RaftStorageDirectory.java:tryLock(328)) - Lock on /workdir/hadoop-ozone/integration-test/target/test-dir/MiniOzoneClusterImpl-62b0528d-f78b-4475-bf9a-37d6dcf32bc1/datanode-0/data/ratis/309197b0-fbea-4cb2-8b1c-d025a6fd987b/in_use.lock acquired by nodename 16951@pr-hdds-2141-4zm8s-3863693661
2019-09-18 13:18:45,770 [pool-429-thread-1] INFO  storage.RaftStorage (RaftStorage.java:format(72)) - Storage directory /workdir/hadoop-ozone/integration-test/target/test-dir/MiniOzoneClusterImpl-62b0528d-f78b-4475-bf9a-37d6dcf32bc1/datanode-2/data/ratis/309197b0-fbea-4cb2-8b1c-d025a6fd987b has been successfully formatted.
2019-09-18 13:18:45,770 [pool-419-thread-1] INFO  storage.RaftStorage (RaftStorage.java:format(72)) - Storage directory /workdir/hadoop-ozone/integration-test/target/test-dir/MiniOzoneClusterImpl-62b0528d-f78b-4475-bf9a-37d6dcf32bc1/datanode-1/data/ratis/309197b0-fbea-4cb2-8b1c-d025a6fd987b has been successfully formatted.
2019-09-18 13:18:45,770 [pool-409-thread-1] INFO  storage.RaftStorage (RaftStorage.java:format(72)) - Storage directory /workdir/hadoop-ozone/integration-test/target/test-dir/MiniOzoneClusterImpl-62b0528d-f78b-4475-bf9a-37d6dcf32bc1/datanode-0/data/ratis/309197b0-fbea-4cb2-8b1c-d025a6fd987b has been successfully formatted.
2019-09-18 13:18:45,771 [pool-419-thread-1] INFO  ratis.ContainerStateMachine (ContainerStateMachine.java:loadSnapshot(230)) - group-D025A6FD987B: The snapshot info is null. Setting the last applied indexto:(t:0, i:~)
2019-09-18 13:18:45,771 [pool-429-thread-1] INFO  ratis.ContainerStateMachine (ContainerStateMachine.java:loadSnapshot(230)) - group-D025A6FD987B: The snapshot info is null. Setting the last applied indexto:(t:0, i:~)
2019-09-18 13:18:45,771 [pool-419-thread-1] INFO  server.RaftServerConfigKeys (ConfUtils.java:logGet(43)) - raft.server.notification.no-leader.timeout = 120s (custom)
2019-09-18 13:18:45,771 [pool-409-thread-1] INFO  ratis.ContainerStateMachine (ContainerStateMachine.java:loadSnapshot(230)) - group-D025A6FD987B: The snapshot info is null. Setting the last applied indexto:(t:0, i:~)
2019-09-18 13:18:45,771 [pool-419-thread-1] INFO  server.RaftServerConfigKeys (ConfUtils.java:logGet(43)) - raft.server.log.use.memory = false (default)
2019-09-18 13:18:45,771 [pool-429-thread-1] INFO  server.RaftServerConfigKeys (ConfUtils.java:logGet(43)) - raft.server.notification.no-leader.timeout = 120s (custom)
2019-09-18 13:18:45,771 [pool-419-thread-1] INFO  server.RaftServerConfigKeys (ConfUtils.java:logGet(43)) - raft.server.log.purge.gap = 1000000 (custom)
2019-09-18 13:18:45,771 [pool-409-thread-1] INFO  server.RaftServerConfigKeys (ConfUtils.java:logGet(43)) - raft.server.notification.no-leader.timeout = 120s (custom)
2019-09-18 13:18:45,771 [pool-419-thread-1] INFO  server.RaftServerConfigKeys (ConfUtils.java:logGet(43)) - raft.server.log.appender.buffer.byte-limit = 33554432 (custom)
2019-09-18 13:18:45,771 [pool-429-thread-1] INFO  server.RaftServerConfigKeys (ConfUtils.java:logGet(43)) - raft.server.log.use.memory = false (default)
2019-09-18 13:18:45,772 [pool-419-thread-1] INFO  server.RaftServerConfigKeys (ConfUtils.java:logGet(43)) - raft.server.log.segment.size.max = 1048576 (custom)
2019-09-18 13:18:45,772 [pool-409-thread-1] INFO  server.RaftServerConfigKeys (ConfUtils.java:logGet(43)) - raft.server.log.use.memory = false (default)
2019-09-18 13:18:45,772 [pool-419-thread-1] INFO  server.RaftServerConfigKeys (ConfUtils.java:logGet(43)) - raft.server.log.segment.cache.num.max = 2 (custom)
2019-09-18 13:18:45,772 [pool-429-thread-1] INFO  server.RaftServerConfigKeys (ConfUtils.java:logGet(43)) - raft.server.log.purge.gap = 1000000 (custom)
2019-09-18 13:18:45,772 [pool-419-thread-1] INFO  segmented.SegmentedRaftLogWorker (SegmentedRaftLogWorker.java:<init>(172)) - new eb696baf-1371-4214-b447-aabaa08e9d3b@group-D025A6FD987B-SegmentedRaftLogWorker for RaftStorage:Storage Directory /workdir/hadoop-ozone/integration-test/target/test-dir/MiniOzoneClusterImpl-62b0528d-f78b-4475-bf9a-37d6dcf32bc1/datanode-1/data/ratis/309197b0-fbea-4cb2-8b1c-d025a6fd987b
2019-09-18 13:18:45,772 [pool-409-thread-1] INFO  server.RaftServerConfigKeys (ConfUtils.java:logGet(43)) - raft.server.log.purge.gap = 1000000 (custom)
2019-09-18 13:18:45,772 [pool-419-thread-1] INFO  server.RaftServerConfigKeys (ConfUtils.java:logGet(43)) - raft.server.log.queue.byte-limit = 2147483647 (custom)
2019-09-18 13:18:45,772 [pool-419-thread-1] INFO  server.RaftServerConfigKeys (ConfUtils.java:logGet(43)) - raft.server.log.queue.element-limit = 1024 (custom)
2019-09-18 13:18:45,772 [pool-429-thread-1] INFO  server.RaftServerConfigKeys (ConfUtils.java:logGet(43)) - raft.server.log.appender.buffer.byte-limit = 33554432 (custom)
2019-09-18 13:18:45,772 [pool-419-thread-1] INFO  server.RaftServerConfigKeys (ConfUtils.java:logGet(43)) - raft.server.log.segment.size.max = 1048576 (custom)
2019-09-18 13:18:45,772 [pool-409-thread-1] INFO  server.RaftServerConfigKeys (ConfUtils.java:logGet(43)) - raft.server.log.appender.buffer.byte-limit = 33554432 (custom)
2019-09-18 13:18:45,773 [pool-419-thread-1] INFO  server.RaftServerConfigKeys (ConfUtils.java:logGet(43)) - raft.server.log.preallocated.size = 16384 (custom)
2019-09-18 13:18:45,773 [pool-419-thread-1] INFO  server.RaftServerConfigKeys (ConfUtils.java:logGet(43)) - raft.server.log.write.buffer.size = 33554432 (custom)
2019-09-18 13:18:45,773 [pool-429-thread-1] INFO  server.RaftServerConfigKeys (ConfUtils.java:logGet(43)) - raft.server.log.segment.size.max = 1048576 (custom)
2019-09-18 13:18:45,773 [pool-419-thread-1] INFO  server.RaftServerConfigKeys (ConfUtils.java:logGet(43)) - raft.server.log.force.sync.num = 128 (default)
2019-09-18 13:18:45,773 [pool-409-thread-1] INFO  server.RaftServerConfigKeys (ConfUtils.java:logGet(43)) - raft.server.log.segment.size.max = 1048576 (custom)
2019-09-18 13:18:45,773 [pool-419-thread-1] INFO  server.RaftServerConfigKeys (ConfUtils.java:logGet(43)) - raft.server.log.statemachine.data.sync = true (default)
2019-09-18 13:18:45,773 [pool-419-thread-1] INFO  server.RaftServerConfigKeys (ConfUtils.java:logGet(43)) - raft.server.log.statemachine.data.sync.timeout = 10s (default)
2019-09-18 13:18:45,773 [pool-429-thread-1] INFO  server.RaftServerConfigKeys (ConfUtils.java:logGet(43)) - raft.server.log.segment.cache.num.max = 2 (custom)
2019-09-18 13:18:45,773 [pool-419-thread-1] INFO  server.RaftServerConfigKeys (ConfUtils.java:logGet(43)) - raft.server.log.statemachine.data.sync.timeout.retry = -1 (default)
2019-09-18 13:18:45,773 [pool-409-thread-1] INFO  server.RaftServerConfigKeys (ConfUtils.java:logGet(43)) - raft.server.log.segment.cache.num.max = 2 (custom)
2019-09-18 13:18:45,774 [pool-419-thread-1] INFO  server.RaftServerConfigKeys (ConfUtils.java:logGet(43)) - raft.server.log.statemachine.data.caching.enabled = true (custom)
2019-09-18 13:18:45,774 [pool-429-thread-1] INFO  segmented.SegmentedRaftLogWorker (SegmentedRaftLogWorker.java:<init>(172)) - new 780542ca-6867-4742-bfe9-12a474ec226a@group-D025A6FD987B-SegmentedRaftLogWorker for RaftStorage:Storage Directory /workdir/hadoop-ozone/integration-test/target/test-dir/MiniOzoneClusterImpl-62b0528d-f78b-4475-bf9a-37d6dcf32bc1/datanode-2/data/ratis/309197b0-fbea-4cb2-8b1c-d025a6fd987b
2019-09-18 13:18:45,774 [pool-409-thread-1] INFO  segmented.SegmentedRaftLogWorker (SegmentedRaftLogWorker.java:<init>(172)) - new 9a1d4bd2-f6e2-46d8-bc0d-6d5e8df6a3c9@group-D025A6FD987B-SegmentedRaftLogWorker for RaftStorage:Storage Directory /workdir/hadoop-ozone/integration-test/target/test-dir/MiniOzoneClusterImpl-62b0528d-f78b-4475-bf9a-37d6dcf32bc1/datanode-0/data/ratis/309197b0-fbea-4cb2-8b1c-d025a6fd987b
2019-09-18 13:18:45,774 [pool-419-thread-1] INFO  segmented.SegmentedRaftLogWorker (SegmentedRaftLogWorker.java:lambda$new$0(132)) - eb696baf-1371-4214-b447-aabaa08e9d3b@group-D025A6FD987B-SegmentedRaftLogWorker: flushIndex: setUnconditionally 0 -> -1
2019-09-18 13:18:45,774 [pool-429-thread-1] INFO  server.RaftServerConfigKeys (ConfUtils.java:logGet(43)) - raft.server.log.queue.byte-limit = 2147483647 (custom)
2019-09-18 13:18:45,774 [pool-409-thread-1] INFO  server.RaftServerConfigKeys (ConfUtils.java:logGet(43)) - raft.server.log.queue.byte-limit = 2147483647 (custom)
2019-09-18 13:18:45,774 [pool-419-thread-1] INFO  server.RaftServerConfigKeys (ConfUtils.java:logGet(43)) - raft.server.snapshot.auto.trigger.enabled = true (custom)
2019-09-18 13:18:45,774 [pool-429-thread-1] INFO  server.RaftServerConfigKeys (ConfUtils.java:logGet(43)) - raft.server.log.queue.element-limit = 1024 (custom)
2019-09-18 13:18:45,774 [pool-419-thread-1] INFO  server.RaftServerConfigKeys (ConfUtils.java:logGet(43)) - raft.server.snapshot.auto.trigger.threshold = 10000 (custom)
2019-09-18 13:18:45,774 [pool-409-thread-1] INFO  server.RaftServerConfigKeys (ConfUtils.java:logGet(43)) - raft.server.log.queue.element-limit = 1024 (custom)
2019-09-18 13:18:45,775 [pool-419-thread-1] INFO  server.RaftServerConfigKeys (ConfUtils.java:logGet(43)) - raft.server.snapshot.retention.num.files = 5 (custom)
2019-09-18 13:18:45,775 [pool-429-thread-1] INFO  server.RaftServerConfigKeys (ConfUtils.java:logGet(43)) - raft.server.log.segment.size.max = 1048576 (custom)
2019-09-18 13:18:45,775 [pool-419-thread-1] INFO  server.RaftServerConfigKeys (ConfUtils.java:logGet(43)) - raft.server.retrycache.expirytime = 600000ms (custom)
2019-09-18 13:18:45,775 [pool-409-thread-1] INFO  server.RaftServerConfigKeys (ConfUtils.java:logGet(43)) - raft.server.log.segment.size.max = 1048576 (custom)
2019-09-18 13:18:45,775 [pool-429-thread-1] INFO  server.RaftServerConfigKeys (ConfUtils.java:logGet(43)) - raft.server.log.preallocated.size = 16384 (custom)
2019-09-18 13:18:45,775 [pool-409-thread-1] INFO  server.RaftServerConfigKeys (ConfUtils.java:logGet(43)) - raft.server.log.preallocated.size = 16384 (custom)
2019-09-18 13:18:45,775 [pool-429-thread-1] INFO  server.RaftServerConfigKeys (ConfUtils.java:logGet(43)) - raft.server.log.write.buffer.size = 33554432 (custom)
2019-09-18 13:18:45,775 [pool-409-thread-1] INFO  server.RaftServerConfigKeys (ConfUtils.java:logGet(43)) - raft.server.log.write.buffer.size = 33554432 (custom)
2019-09-18 13:18:45,775 [pool-429-thread-1] INFO  server.RaftServerConfigKeys (ConfUtils.java:logGet(43)) - raft.server.log.force.sync.num = 128 (default)
2019-09-18 13:18:45,775 [pool-409-thread-1] INFO  server.RaftServerConfigKeys (ConfUtils.java:logGet(43)) - raft.server.log.force.sync.num = 128 (default)
2019-09-18 13:18:45,775 [pool-429-thread-1] INFO  server.RaftServerConfigKeys (ConfUtils.java:logGet(43)) - raft.server.log.statemachine.data.sync = true (default)
2019-09-18 13:18:45,776 [pool-409-thread-1] INFO  server.RaftServerConfigKeys (ConfUtils.java:logGet(43)) - raft.server.log.statemachine.data.sync = true (default)
2019-09-18 13:18:45,776 [pool-429-thread-1] INFO  server.RaftServerConfigKeys (ConfUtils.java:logGet(43)) - raft.server.log.statemachine.data.sync.timeout = 10s (default)
2019-09-18 13:18:45,776 [pool-409-thread-1] INFO  server.RaftServerConfigKeys (ConfUtils.java:logGet(43)) - raft.server.log.statemachine.data.sync.timeout = 10s (default)
2019-09-18 13:18:45,776 [pool-429-thread-1] INFO  server.RaftServerConfigKeys (ConfUtils.java:logGet(43)) - raft.server.log.statemachine.data.sync.timeout.retry = -1 (default)
2019-09-18 13:18:45,776 [pool-409-thread-1] INFO  server.RaftServerConfigKeys (ConfUtils.java:logGet(43)) - raft.server.log.statemachine.data.sync.timeout.retry = -1 (default)
2019-09-18 13:18:45,776 [pool-429-thread-1] INFO  server.RaftServerConfigKeys (ConfUtils.java:logGet(43)) - raft.server.log.statemachine.data.caching.enabled = true (custom)
2019-09-18 13:18:45,776 [pool-409-thread-1] INFO  server.RaftServerConfigKeys (ConfUtils.java:logGet(43)) - raft.server.log.statemachine.data.caching.enabled = true (custom)
2019-09-18 13:18:45,776 [pool-429-thread-1] INFO  segmented.SegmentedRaftLogWorker (SegmentedRaftLogWorker.java:lambda$new$0(132)) - 780542ca-6867-4742-bfe9-12a474ec226a@group-D025A6FD987B-SegmentedRaftLogWorker: flushIndex: setUnconditionally 0 -> -1
2019-09-18 13:18:45,776 [pool-409-thread-1] INFO  segmented.SegmentedRaftLogWorker (SegmentedRaftLogWorker.java:lambda$new$0(132)) - 9a1d4bd2-f6e2-46d8-bc0d-6d5e8df6a3c9@group-D025A6FD987B-SegmentedRaftLogWorker: flushIndex: setUnconditionally 0 -> -1
2019-09-18 13:18:45,776 [pool-419-thread-1] INFO  impl.RaftServerImpl (RaftServerImpl.java:start(185)) - eb696baf-1371-4214-b447-aabaa08e9d3b@group-D025A6FD987B: start as a follower, conf=-1: [eb696baf-1371-4214-b447-aabaa08e9d3b:192.168.69.108:41570, 780542ca-6867-4742-bfe9-12a474ec226a:192.168.69.108:40971, 9a1d4bd2-f6e2-46d8-bc0d-6d5e8df6a3c9:192.168.69.108:41459], old=null
2019-09-18 13:18:45,777 [pool-429-thread-1] INFO  server.RaftServerConfigKeys (ConfUtils.java:logGet(43)) - raft.server.snapshot.auto.trigger.enabled = true (custom)
2019-09-18 13:18:45,777 [pool-419-thread-1] INFO  impl.RaftServerImpl (RaftServerImpl.java:setRole(174)) - eb696baf-1371-4214-b447-aabaa08e9d3b@group-D025A6FD987B: changes role from      null to FOLLOWER at term 0 for startAsFollower
2019-09-18 13:18:45,777 [pool-409-thread-1] INFO  server.RaftServerConfigKeys (ConfUtils.java:logGet(43)) - raft.server.snapshot.auto.trigger.enabled = true (custom)
2019-09-18 13:18:45,777 [pool-419-thread-1] INFO  impl.RoleInfo (RoleInfo.java:updateAndGet(143)) - eb696baf-1371-4214-b447-aabaa08e9d3b: start FollowerState
2019-09-18 13:18:45,777 [pool-429-thread-1] INFO  server.RaftServerConfigKeys (ConfUtils.java:logGet(43)) - raft.server.snapshot.auto.trigger.threshold = 10000 (custom)
2019-09-18 13:18:45,777 [pool-409-thread-1] INFO  server.RaftServerConfigKeys (ConfUtils.java:logGet(43)) - raft.server.snapshot.auto.trigger.threshold = 10000 (custom)
2019-09-18 13:18:45,777 [pool-429-thread-1] INFO  server.RaftServerConfigKeys (ConfUtils.java:logGet(43)) - raft.server.snapshot.retention.num.files = 5 (custom)
2019-09-18 13:18:45,790 [pool-419-thread-1] INFO  util.JmxRegister (JmxRegister.java:tryRegister(44)) - Successfully registered JMX Bean with object name Ratis:service=RaftServer,group=group-D025A6FD987B,id=eb696baf-1371-4214-b447-aabaa08e9d3b
2019-09-18 13:18:45,777 [pool-409-thread-1] INFO  server.RaftServerConfigKeys (ConfUtils.java:logGet(43)) - raft.server.snapshot.retention.num.files = 5 (custom)
2019-09-18 13:18:45,790 [pool-429-thread-1] INFO  server.RaftServerConfigKeys (ConfUtils.java:logGet(43)) - raft.server.retrycache.expirytime = 600000ms (custom)
2019-09-18 13:18:45,790 [pool-409-thread-1] INFO  server.RaftServerConfigKeys (ConfUtils.java:logGet(43)) - raft.server.retrycache.expirytime = 600000ms (custom)
2019-09-18 13:18:45,799 [IPC Server handler 2 on 44000] INFO  net.NetworkTopology (NetworkTopologyImpl.java:add(111)) - Added a new node: /default-rack/b5e58cb2-65b2-462a-9849-1bc2048b184b
2019-09-18 13:18:45,802 [IPC Server handler 2 on 44000] INFO  node.SCMNodeManager (SCMNodeManager.java:register(266)) - Registered Data node : b5e58cb2-65b2-462a-9849-1bc2048b184b{ip: 192.168.69.108, host: pr-hdds-2141-4zm8s-3863693661, networkLocation: /default-rack, certSerialId: null}
2019-09-18 13:18:45,803 [pool-409-thread-1] INFO  impl.RaftServerImpl (RaftServerImpl.java:start(185)) - 9a1d4bd2-f6e2-46d8-bc0d-6d5e8df6a3c9@group-D025A6FD987B: start as a follower, conf=-1: [eb696baf-1371-4214-b447-aabaa08e9d3b:192.168.69.108:41570, 780542ca-6867-4742-bfe9-12a474ec226a:192.168.69.108:40971, 9a1d4bd2-f6e2-46d8-bc0d-6d5e8df6a3c9:192.168.69.108:41459], old=null
2019-09-18 13:18:45,803 [pool-409-thread-1] INFO  impl.RaftServerImpl (RaftServerImpl.java:setRole(174)) - 9a1d4bd2-f6e2-46d8-bc0d-6d5e8df6a3c9@group-D025A6FD987B: changes role from      null to FOLLOWER at term 0 for startAsFollower
2019-09-18 13:18:45,803 [pool-409-thread-1] INFO  impl.RoleInfo (RoleInfo.java:updateAndGet(143)) - 9a1d4bd2-f6e2-46d8-bc0d-6d5e8df6a3c9: start FollowerState
2019-09-18 13:18:45,804 [pool-409-thread-1] INFO  util.JmxRegister (JmxRegister.java:tryRegister(44)) - Successfully registered JMX Bean with object name Ratis:service=RaftServer,group=group-D025A6FD987B,id=9a1d4bd2-f6e2-46d8-bc0d-6d5e8df6a3c9
2019-09-18 13:18:45,804 [pool-429-thread-1] INFO  impl.RaftServerImpl (RaftServerImpl.java:start(185)) - 780542ca-6867-4742-bfe9-12a474ec226a@group-D025A6FD987B: start as a follower, conf=-1: [eb696baf-1371-4214-b447-aabaa08e9d3b:192.168.69.108:41570, 780542ca-6867-4742-bfe9-12a474ec226a:192.168.69.108:40971, 9a1d4bd2-f6e2-46d8-bc0d-6d5e8df6a3c9:192.168.69.108:41459], old=null
2019-09-18 13:18:45,804 [pool-429-thread-1] INFO  impl.RaftServerImpl (RaftServerImpl.java:setRole(174)) - 780542ca-6867-4742-bfe9-12a474ec226a@group-D025A6FD987B: changes role from      null to FOLLOWER at term 0 for startAsFollower
2019-09-18 13:18:45,804 [pool-429-thread-1] INFO  impl.RoleInfo (RoleInfo.java:updateAndGet(143)) - 780542ca-6867-4742-bfe9-12a474ec226a: start FollowerState
2019-09-18 13:18:45,805 [pool-429-thread-1] INFO  util.JmxRegister (JmxRegister.java:tryRegister(44)) - Successfully registered JMX Bean with object name Ratis:service=RaftServer,group=group-D025A6FD987B,id=780542ca-6867-4742-bfe9-12a474ec226a
2019-09-18 13:18:45,811 [RatisPipelineUtilsThread] INFO  pipeline.PipelineStateManager (PipelineStateManager.java:addPipeline(56)) - Created pipeline Pipeline[ Id: 309197b0-fbea-4cb2-8b1c-d025a6fd987b, Nodes: 780542ca-6867-4742-bfe9-12a474ec226a{ip: 192.168.69.108, host: pr-hdds-2141-4zm8s-3863693661, networkLocation: /default-rack, certSerialId: null}9a1d4bd2-f6e2-46d8-bc0d-6d5e8df6a3c9{ip: 192.168.69.108, host: pr-hdds-2141-4zm8s-3863693661, networkLocation: /default-rack, certSerialId: null}eb696baf-1371-4214-b447-aabaa08e9d3b{ip: 192.168.69.108, host: pr-hdds-2141-4zm8s-3863693661, networkLocation: /default-rack, certSerialId: null}, Type:RATIS, Factor:THREE, State:OPEN]
2019-09-18 13:18:45,819 [grpc-default-executor-9] INFO  impl.RaftServerProxy (RaftServerProxy.java:addNew(89)) - b5e58cb2-65b2-462a-9849-1bc2048b184b: addNew group-4EFA183A01A4:[b5e58cb2-65b2-462a-9849-1bc2048b184b:192.168.69.108:34672] returns group-4EFA183A01A4:java.util.concurrent.CompletableFuture@5c43e90a[Not completed]
2019-09-18 13:18:45,820 [pool-449-thread-1] INFO  impl.RaftServerImpl (RaftServerImpl.java:<init>(95)) - b5e58cb2-65b2-462a-9849-1bc2048b184b: new RaftServerImpl for group-4EFA183A01A4:[b5e58cb2-65b2-462a-9849-1bc2048b184b:192.168.69.108:34672] with ContainerStateMachine:uninitialized
2019-09-18 13:18:45,822 [pool-449-thread-1] INFO  server.RaftServerConfigKeys (ConfUtils.java:logGet(43)) - raft.server.rpc.timeout.min = 5s (custom)
2019-09-18 13:18:45,822 [pool-449-thread-1] INFO  server.RaftServerConfigKeys (ConfUtils.java:logGet(43)) - raft.server.rpc.timeout.max = 5200ms (custom)
2019-09-18 13:18:45,822 [pool-449-thread-1] INFO  server.RaftServerConfigKeys (ConfUtils.java:logGet(43)) - raft.server.rpcslowness.timeout = 120s (custom)
2019-09-18 13:18:45,822 [pool-449-thread-1] INFO  server.RaftServerConfigKeys (ConfUtils.java:logGet(43)) - raft.server.sleep.deviation.threshold = 300 (default)
2019-09-18 13:18:45,822 [pool-449-thread-1] INFO  server.RaftServerConfigKeys (ConfUtils.java:logGet(43)) - raft.server.log.appender.install.snapshot.enabled = false (custom)
2019-09-18 13:18:45,822 [pool-449-thread-1] INFO  impl.RaftServerImpl (ServerState.java:<init>(103)) - b5e58cb2-65b2-462a-9849-1bc2048b184b@group-4EFA183A01A4: ConfigurationManager, init=-1: [b5e58cb2-65b2-462a-9849-1bc2048b184b:192.168.69.108:34672], old=null, confs=<EMPTY_MAP>
2019-09-18 13:18:45,822 [pool-449-thread-1] INFO  server.RaftServerConfigKeys (ConfUtils.java:logGet(43)) - raft.server.storage.dir = [/workdir/hadoop-ozone/integration-test/target/test-dir/MiniOzoneClusterImpl-62b0528d-f78b-4475-bf9a-37d6dcf32bc1/datanode-4/data/ratis] (custom)
2019-09-18 13:18:45,823 [pool-449-thread-1] INFO  storage.RaftStorageDirectory (RaftStorageDirectory.java:analyzeStorage(246)) - The storage directory /workdir/hadoop-ozone/integration-test/target/test-dir/MiniOzoneClusterImpl-62b0528d-f78b-4475-bf9a-37d6dcf32bc1/datanode-4/data/ratis/75bd6103-8578-4e0d-b1f5-4efa183a01a4 does not exist. Creating ...
2019-09-18 13:18:45,837 [pool-449-thread-1] INFO  storage.RaftStorageDirectory (RaftStorageDirectory.java:tryLock(328)) - Lock on /workdir/hadoop-ozone/integration-test/target/test-dir/MiniOzoneClusterImpl-62b0528d-f78b-4475-bf9a-37d6dcf32bc1/datanode-4/data/ratis/75bd6103-8578-4e0d-b1f5-4efa183a01a4/in_use.lock acquired by nodename 16951@pr-hdds-2141-4zm8s-3863693661
2019-09-18 13:18:45,843 [IPC Server handler 5 on 44000] INFO  net.NetworkTopology (NetworkTopologyImpl.java:add(111)) - Added a new node: /default-rack/7b7c28b3-8e58-4b89-8f32-c81a2c7aabdf
2019-09-18 13:18:45,843 [IPC Server handler 5 on 44000] INFO  node.SCMNodeManager (SCMNodeManager.java:register(266)) - Registered Data node : 7b7c28b3-8e58-4b89-8f32-c81a2c7aabdf{ip: 192.168.69.108, host: pr-hdds-2141-4zm8s-3863693661, networkLocation: /default-rack, certSerialId: null}
2019-09-18 13:18:45,862 [pool-449-thread-1] INFO  storage.RaftStorage (RaftStorage.java:format(72)) - Storage directory /workdir/hadoop-ozone/integration-test/target/test-dir/MiniOzoneClusterImpl-62b0528d-f78b-4475-bf9a-37d6dcf32bc1/datanode-4/data/ratis/75bd6103-8578-4e0d-b1f5-4efa183a01a4 has been successfully formatted.
2019-09-18 13:18:45,862 [pool-449-thread-1] INFO  ratis.ContainerStateMachine (ContainerStateMachine.java:loadSnapshot(230)) - group-4EFA183A01A4: The snapshot info is null. Setting the last applied indexto:(t:0, i:~)
2019-09-18 13:18:45,862 [pool-449-thread-1] INFO  server.RaftServerConfigKeys (ConfUtils.java:logGet(43)) - raft.server.notification.no-leader.timeout = 120s (custom)
2019-09-18 13:18:45,862 [pool-449-thread-1] INFO  server.RaftServerConfigKeys (ConfUtils.java:logGet(43)) - raft.server.log.use.memory = false (default)
2019-09-18 13:18:45,862 [pool-449-thread-1] INFO  server.RaftServerConfigKeys (ConfUtils.java:logGet(43)) - raft.server.log.purge.gap = 1000000 (custom)
2019-09-18 13:18:45,863 [pool-449-thread-1] INFO  server.RaftServerConfigKeys (ConfUtils.java:logGet(43)) - raft.server.log.appender.buffer.byte-limit = 33554432 (custom)
2019-09-18 13:18:45,863 [pool-449-thread-1] INFO  server.RaftServerConfigKeys (ConfUtils.java:logGet(43)) - raft.server.log.segment.size.max = 1048576 (custom)
2019-09-18 13:18:45,863 [pool-449-thread-1] INFO  server.RaftServerConfigKeys (ConfUtils.java:logGet(43)) - raft.server.log.segment.cache.num.max = 2 (custom)
2019-09-18 13:18:45,863 [pool-449-thread-1] INFO  segmented.SegmentedRaftLogWorker (SegmentedRaftLogWorker.java:<init>(172)) - new b5e58cb2-65b2-462a-9849-1bc2048b184b@group-4EFA183A01A4-SegmentedRaftLogWorker for RaftStorage:Storage Directory /workdir/hadoop-ozone/integration-test/target/test-dir/MiniOzoneClusterImpl-62b0528d-f78b-4475-bf9a-37d6dcf32bc1/datanode-4/data/ratis/75bd6103-8578-4e0d-b1f5-4efa183a01a4
2019-09-18 13:18:45,865 [pool-449-thread-1] INFO  server.RaftServerConfigKeys (ConfUtils.java:logGet(43)) - raft.server.log.queue.byte-limit = 2147483647 (custom)
2019-09-18 13:18:45,865 [pool-449-thread-1] INFO  server.RaftServerConfigKeys (ConfUtils.java:logGet(43)) - raft.server.log.queue.element-limit = 1024 (custom)
2019-09-18 13:18:45,865 [pool-449-thread-1] INFO  server.RaftServerConfigKeys (ConfUtils.java:logGet(43)) - raft.server.log.segment.size.max = 1048576 (custom)
2019-09-18 13:18:45,865 [pool-449-thread-1] INFO  server.RaftServerConfigKeys (ConfUtils.java:logGet(43)) - raft.server.log.preallocated.size = 16384 (custom)
2019-09-18 13:18:45,865 [pool-449-thread-1] INFO  server.RaftServerConfigKeys (ConfUtils.java:logGet(43)) - raft.server.log.write.buffer.size = 33554432 (custom)
2019-09-18 13:18:45,865 [pool-449-thread-1] INFO  server.RaftServerConfigKeys (ConfUtils.java:logGet(43)) - raft.server.log.force.sync.num = 128 (default)
2019-09-18 13:18:45,865 [pool-449-thread-1] INFO  server.RaftServerConfigKeys (ConfUtils.java:logGet(43)) - raft.server.log.statemachine.data.sync = true (default)
2019-09-18 13:18:45,866 [pool-449-thread-1] INFO  server.RaftServerConfigKeys (ConfUtils.java:logGet(43)) - raft.server.log.statemachine.data.sync.timeout = 10s (default)
2019-09-18 13:18:45,866 [pool-449-thread-1] INFO  server.RaftServerConfigKeys (ConfUtils.java:logGet(43)) - raft.server.log.statemachine.data.sync.timeout.retry = -1 (default)
2019-09-18 13:18:45,866 [pool-449-thread-1] INFO  server.RaftServerConfigKeys (ConfUtils.java:logGet(43)) - raft.server.log.statemachine.data.caching.enabled = true (custom)
2019-09-18 13:18:45,866 [pool-449-thread-1] INFO  segmented.SegmentedRaftLogWorker (SegmentedRaftLogWorker.java:lambda$new$0(132)) - b5e58cb2-65b2-462a-9849-1bc2048b184b@group-4EFA183A01A4-SegmentedRaftLogWorker: flushIndex: setUnconditionally 0 -> -1
2019-09-18 13:18:45,866 [pool-449-thread-1] INFO  server.RaftServerConfigKeys (ConfUtils.java:logGet(43)) - raft.server.snapshot.auto.trigger.enabled = true (custom)
2019-09-18 13:18:45,867 [pool-449-thread-1] INFO  server.RaftServerConfigKeys (ConfUtils.java:logGet(43)) - raft.server.snapshot.auto.trigger.threshold = 10000 (custom)
2019-09-18 13:18:45,867 [pool-449-thread-1] INFO  server.RaftServerConfigKeys (ConfUtils.java:logGet(43)) - raft.server.snapshot.retention.num.files = 5 (custom)
2019-09-18 13:18:45,867 [pool-449-thread-1] INFO  server.RaftServerConfigKeys (ConfUtils.java:logGet(43)) - raft.server.retrycache.expirytime = 600000ms (custom)
2019-09-18 13:18:45,868 [pool-449-thread-1] INFO  impl.RaftServerImpl (RaftServerImpl.java:start(185)) - b5e58cb2-65b2-462a-9849-1bc2048b184b@group-4EFA183A01A4: start as a follower, conf=-1: [b5e58cb2-65b2-462a-9849-1bc2048b184b:192.168.69.108:34672], old=null
2019-09-18 13:18:45,868 [pool-449-thread-1] INFO  impl.RaftServerImpl (RaftServerImpl.java:setRole(174)) - b5e58cb2-65b2-462a-9849-1bc2048b184b@group-4EFA183A01A4: changes role from      null to FOLLOWER at term 0 for startAsFollower
2019-09-18 13:18:45,869 [pool-449-thread-1] INFO  impl.RoleInfo (RoleInfo.java:updateAndGet(143)) - b5e58cb2-65b2-462a-9849-1bc2048b184b: start FollowerState
2019-09-18 13:18:45,869 [pool-449-thread-1] INFO  util.JmxRegister (JmxRegister.java:tryRegister(44)) - Successfully registered JMX Bean with object name Ratis:service=RaftServer,group=group-4EFA183A01A4,id=b5e58cb2-65b2-462a-9849-1bc2048b184b
2019-09-18 13:18:45,874 [RatisPipelineUtilsThread] INFO  pipeline.PipelineStateManager (PipelineStateManager.java:addPipeline(56)) - Created pipeline Pipeline[ Id: 75bd6103-8578-4e0d-b1f5-4efa183a01a4, Nodes: b5e58cb2-65b2-462a-9849-1bc2048b184b{ip: 192.168.69.108, host: pr-hdds-2141-4zm8s-3863693661, networkLocation: /default-rack, certSerialId: null}, Type:RATIS, Factor:ONE, State:OPEN]
2019-09-18 13:18:45,882 [grpc-default-executor-9] INFO  impl.RaftServerProxy (RaftServerProxy.java:addNew(89)) - 7b7c28b3-8e58-4b89-8f32-c81a2c7aabdf: addNew group-11F2796033C8:[7b7c28b3-8e58-4b89-8f32-c81a2c7aabdf:192.168.69.108:36959] returns group-11F2796033C8:java.util.concurrent.CompletableFuture@2ba914b[Not completed]
2019-09-18 13:18:45,883 [pool-459-thread-1] INFO  impl.RaftServerImpl (RaftServerImpl.java:<init>(95)) - 7b7c28b3-8e58-4b89-8f32-c81a2c7aabdf: new RaftServerImpl for group-11F2796033C8:[7b7c28b3-8e58-4b89-8f32-c81a2c7aabdf:192.168.69.108:36959] with ContainerStateMachine:uninitialized
2019-09-18 13:18:45,883 [pool-459-thread-1] INFO  server.RaftServerConfigKeys (ConfUtils.java:logGet(43)) - raft.server.rpc.timeout.min = 5s (custom)
2019-09-18 13:18:45,883 [pool-459-thread-1] INFO  server.RaftServerConfigKeys (ConfUtils.java:logGet(43)) - raft.server.rpc.timeout.max = 5200ms (custom)
2019-09-18 13:18:45,883 [pool-459-thread-1] INFO  server.RaftServerConfigKeys (ConfUtils.java:logGet(43)) - raft.server.rpcslowness.timeout = 120s (custom)
2019-09-18 13:18:45,883 [pool-459-thread-1] INFO  server.RaftServerConfigKeys (ConfUtils.java:logGet(43)) - raft.server.sleep.deviation.threshold = 300 (default)
2019-09-18 13:18:45,883 [pool-459-thread-1] INFO  server.RaftServerConfigKeys (ConfUtils.java:logGet(43)) - raft.server.log.appender.install.snapshot.enabled = false (custom)
2019-09-18 13:18:45,883 [pool-459-thread-1] INFO  impl.RaftServerImpl (ServerState.java:<init>(103)) - 7b7c28b3-8e58-4b89-8f32-c81a2c7aabdf@group-11F2796033C8: ConfigurationManager, init=-1: [7b7c28b3-8e58-4b89-8f32-c81a2c7aabdf:192.168.69.108:36959], old=null, confs=<EMPTY_MAP>
2019-09-18 13:18:45,884 [pool-459-thread-1] INFO  server.RaftServerConfigKeys (ConfUtils.java:logGet(43)) - raft.server.storage.dir = [/workdir/hadoop-ozone/integration-test/target/test-dir/MiniOzoneClusterImpl-62b0528d-f78b-4475-bf9a-37d6dcf32bc1/datanode-5/data/ratis] (custom)
2019-09-18 13:18:45,884 [pool-459-thread-1] INFO  storage.RaftStorageDirectory (RaftStorageDirectory.java:analyzeStorage(246)) - The storage directory /workdir/hadoop-ozone/integration-test/target/test-dir/MiniOzoneClusterImpl-62b0528d-f78b-4475-bf9a-37d6dcf32bc1/datanode-5/data/ratis/abf7f063-46f1-4784-b03f-11f2796033c8 does not exist. Creating ...
2019-09-18 13:18:45,897 [pool-459-thread-1] INFO  storage.RaftStorageDirectory (RaftStorageDirectory.java:tryLock(328)) - Lock on /workdir/hadoop-ozone/integration-test/target/test-dir/MiniOzoneClusterImpl-62b0528d-f78b-4475-bf9a-37d6dcf32bc1/datanode-5/data/ratis/abf7f063-46f1-4784-b03f-11f2796033c8/in_use.lock acquired by nodename 16951@pr-hdds-2141-4zm8s-3863693661
2019-09-18 13:18:45,909 [pool-459-thread-1] INFO  storage.RaftStorage (RaftStorage.java:format(72)) - Storage directory /workdir/hadoop-ozone/integration-test/target/test-dir/MiniOzoneClusterImpl-62b0528d-f78b-4475-bf9a-37d6dcf32bc1/datanode-5/data/ratis/abf7f063-46f1-4784-b03f-11f2796033c8 has been successfully formatted.
2019-09-18 13:18:45,909 [pool-459-thread-1] INFO  ratis.ContainerStateMachine (ContainerStateMachine.java:loadSnapshot(230)) - group-11F2796033C8: The snapshot info is null. Setting the last applied indexto:(t:0, i:~)
2019-09-18 13:18:45,910 [pool-459-thread-1] INFO  server.RaftServerConfigKeys (ConfUtils.java:logGet(43)) - raft.server.notification.no-leader.timeout = 120s (custom)
2019-09-18 13:18:45,910 [pool-459-thread-1] INFO  server.RaftServerConfigKeys (ConfUtils.java:logGet(43)) - raft.server.log.use.memory = false (default)
2019-09-18 13:18:45,910 [pool-459-thread-1] INFO  server.RaftServerConfigKeys (ConfUtils.java:logGet(43)) - raft.server.log.purge.gap = 1000000 (custom)
2019-09-18 13:18:45,910 [pool-459-thread-1] INFO  server.RaftServerConfigKeys (ConfUtils.java:logGet(43)) - raft.server.log.appender.buffer.byte-limit = 33554432 (custom)
2019-09-18 13:18:45,910 [pool-459-thread-1] INFO  server.RaftServerConfigKeys (ConfUtils.java:logGet(43)) - raft.server.log.segment.size.max = 1048576 (custom)
2019-09-18 13:18:45,910 [pool-459-thread-1] INFO  server.RaftServerConfigKeys (ConfUtils.java:logGet(43)) - raft.server.log.segment.cache.num.max = 2 (custom)
2019-09-18 13:18:45,910 [pool-459-thread-1] INFO  segmented.SegmentedRaftLogWorker (SegmentedRaftLogWorker.java:<init>(172)) - new 7b7c28b3-8e58-4b89-8f32-c81a2c7aabdf@group-11F2796033C8-SegmentedRaftLogWorker for RaftStorage:Storage Directory /workdir/hadoop-ozone/integration-test/target/test-dir/MiniOzoneClusterImpl-62b0528d-f78b-4475-bf9a-37d6dcf32bc1/datanode-5/data/ratis/abf7f063-46f1-4784-b03f-11f2796033c8
2019-09-18 13:18:45,912 [pool-459-thread-1] INFO  server.RaftServerConfigKeys (ConfUtils.java:logGet(43)) - raft.server.log.queue.byte-limit = 2147483647 (custom)
2019-09-18 13:18:45,912 [pool-459-thread-1] INFO  server.RaftServerConfigKeys (ConfUtils.java:logGet(43)) - raft.server.log.queue.element-limit = 1024 (custom)
2019-09-18 13:18:45,912 [pool-459-thread-1] INFO  server.RaftServerConfigKeys (ConfUtils.java:logGet(43)) - raft.server.log.segment.size.max = 1048576 (custom)
2019-09-18 13:18:45,913 [pool-459-thread-1] INFO  server.RaftServerConfigKeys (ConfUtils.java:logGet(43)) - raft.server.log.preallocated.size = 16384 (custom)
2019-09-18 13:18:45,913 [pool-459-thread-1] INFO  server.RaftServerConfigKeys (ConfUtils.java:logGet(43)) - raft.server.log.write.buffer.size = 33554432 (custom)
2019-09-18 13:18:45,913 [pool-459-thread-1] INFO  server.RaftServerConfigKeys (ConfUtils.java:logGet(43)) - raft.server.log.force.sync.num = 128 (default)
2019-09-18 13:18:45,913 [pool-459-thread-1] INFO  server.RaftServerConfigKeys (ConfUtils.java:logGet(43)) - raft.server.log.statemachine.data.sync = true (default)
2019-09-18 13:18:45,913 [pool-459-thread-1] INFO  server.RaftServerConfigKeys (ConfUtils.java:logGet(43)) - raft.server.log.statemachine.data.sync.timeout = 10s (default)
2019-09-18 13:18:45,913 [pool-459-thread-1] INFO  server.RaftServerConfigKeys (ConfUtils.java:logGet(43)) - raft.server.log.statemachine.data.sync.timeout.retry = -1 (default)
2019-09-18 13:18:45,913 [pool-459-thread-1] INFO  server.RaftServerConfigKeys (ConfUtils.java:logGet(43)) - raft.server.log.statemachine.data.caching.enabled = true (custom)
2019-09-18 13:18:45,914 [pool-459-thread-1] INFO  segmented.SegmentedRaftLogWorker (SegmentedRaftLogWorker.java:lambda$new$0(132)) - 7b7c28b3-8e58-4b89-8f32-c81a2c7aabdf@group-11F2796033C8-SegmentedRaftLogWorker: flushIndex: setUnconditionally 0 -> -1
2019-09-18 13:18:45,914 [pool-459-thread-1] INFO  server.RaftServerConfigKeys (ConfUtils.java:logGet(43)) - raft.server.snapshot.auto.trigger.enabled = true (custom)
2019-09-18 13:18:45,914 [pool-459-thread-1] INFO  server.RaftServerConfigKeys (ConfUtils.java:logGet(43)) - raft.server.snapshot.auto.trigger.threshold = 10000 (custom)
2019-09-18 13:18:45,914 [pool-459-thread-1] INFO  server.RaftServerConfigKeys (ConfUtils.java:logGet(43)) - raft.server.snapshot.retention.num.files = 5 (custom)
2019-09-18 13:18:45,914 [pool-459-thread-1] INFO  server.RaftServerConfigKeys (ConfUtils.java:logGet(43)) - raft.server.retrycache.expirytime = 600000ms (custom)
2019-09-18 13:18:45,916 [main] INFO  ozone.MiniOzoneClusterImpl (MiniOzoneClusterImpl.java:lambda$waitForClusterToBeReady$0(145)) - Waiting for cluster to be ready. Got 6 of 7 DN Heartbeats.
2019-09-18 13:18:45,916 [IPC Server handler 6 on 44000] INFO  net.NetworkTopology (NetworkTopologyImpl.java:add(111)) - Added a new node: /default-rack/9efe3194-bd4f-49a4-be9a-a0c0ad574cdc
2019-09-18 13:18:45,916 [pool-459-thread-1] INFO  impl.RaftServerImpl (RaftServerImpl.java:start(185)) - 7b7c28b3-8e58-4b89-8f32-c81a2c7aabdf@group-11F2796033C8: start as a follower, conf=-1: [7b7c28b3-8e58-4b89-8f32-c81a2c7aabdf:192.168.69.108:36959], old=null
2019-09-18 13:18:45,916 [IPC Server handler 6 on 44000] INFO  node.SCMNodeManager (SCMNodeManager.java:register(266)) - Registered Data node : 9efe3194-bd4f-49a4-be9a-a0c0ad574cdc{ip: 192.168.69.108, host: pr-hdds-2141-4zm8s-3863693661, networkLocation: /default-rack, certSerialId: null}
2019-09-18 13:18:45,916 [pool-459-thread-1] INFO  impl.RaftServerImpl (RaftServerImpl.java:setRole(174)) - 7b7c28b3-8e58-4b89-8f32-c81a2c7aabdf@group-11F2796033C8: changes role from      null to FOLLOWER at term 0 for startAsFollower
2019-09-18 13:18:45,917 [pool-459-thread-1] INFO  impl.RoleInfo (RoleInfo.java:updateAndGet(143)) - 7b7c28b3-8e58-4b89-8f32-c81a2c7aabdf: start FollowerState
2019-09-18 13:18:45,917 [pool-459-thread-1] INFO  util.JmxRegister (JmxRegister.java:tryRegister(44)) - Successfully registered JMX Bean with object name Ratis:service=RaftServer,group=group-11F2796033C8,id=7b7c28b3-8e58-4b89-8f32-c81a2c7aabdf
2019-09-18 13:18:45,922 [RatisPipelineUtilsThread] INFO  pipeline.PipelineStateManager (PipelineStateManager.java:addPipeline(56)) - Created pipeline Pipeline[ Id: abf7f063-46f1-4784-b03f-11f2796033c8, Nodes: 7b7c28b3-8e58-4b89-8f32-c81a2c7aabdf{ip: 192.168.69.108, host: pr-hdds-2141-4zm8s-3863693661, networkLocation: /default-rack, certSerialId: null}, Type:RATIS, Factor:ONE, State:OPEN]
2019-09-18 13:18:45,928 [grpc-default-executor-9] INFO  impl.RaftServerProxy (RaftServerProxy.java:addNew(89)) - 9efe3194-bd4f-49a4-be9a-a0c0ad574cdc: addNew group-223002EF1782:[9efe3194-bd4f-49a4-be9a-a0c0ad574cdc:192.168.69.108:37138] returns group-223002EF1782:java.util.concurrent.CompletableFuture@172db7f3[Not completed]
2019-09-18 13:18:45,929 [pool-469-thread-1] INFO  impl.RaftServerImpl (RaftServerImpl.java:<init>(95)) - 9efe3194-bd4f-49a4-be9a-a0c0ad574cdc: new RaftServerImpl for group-223002EF1782:[9efe3194-bd4f-49a4-be9a-a0c0ad574cdc:192.168.69.108:37138] with ContainerStateMachine:uninitialized
2019-09-18 13:18:45,929 [pool-469-thread-1] INFO  server.RaftServerConfigKeys (ConfUtils.java:logGet(43)) - raft.server.rpc.timeout.min = 5s (custom)
2019-09-18 13:18:45,929 [pool-469-thread-1] INFO  server.RaftServerConfigKeys (ConfUtils.java:logGet(43)) - raft.server.rpc.timeout.max = 5200ms (custom)
2019-09-18 13:18:45,929 [pool-469-thread-1] INFO  server.RaftServerConfigKeys (ConfUtils.java:logGet(43)) - raft.server.rpcslowness.timeout = 120s (custom)
2019-09-18 13:18:45,929 [pool-469-thread-1] INFO  server.RaftServerConfigKeys (ConfUtils.java:logGet(43)) - raft.server.sleep.deviation.threshold = 300 (default)
2019-09-18 13:18:45,930 [pool-469-thread-1] INFO  server.RaftServerConfigKeys (ConfUtils.java:logGet(43)) - raft.server.log.appender.install.snapshot.enabled = false (custom)
2019-09-18 13:18:45,930 [pool-469-thread-1] INFO  impl.RaftServerImpl (ServerState.java:<init>(103)) - 9efe3194-bd4f-49a4-be9a-a0c0ad574cdc@group-223002EF1782: ConfigurationManager, init=-1: [9efe3194-bd4f-49a4-be9a-a0c0ad574cdc:192.168.69.108:37138], old=null, confs=<EMPTY_MAP>
2019-09-18 13:18:45,930 [pool-469-thread-1] INFO  server.RaftServerConfigKeys (ConfUtils.java:logGet(43)) - raft.server.storage.dir = [/workdir/hadoop-ozone/integration-test/target/test-dir/MiniOzoneClusterImpl-62b0528d-f78b-4475-bf9a-37d6dcf32bc1/datanode-6/data/ratis] (custom)
2019-09-18 13:18:45,930 [pool-469-thread-1] INFO  storage.RaftStorageDirectory (RaftStorageDirectory.java:analyzeStorage(246)) - The storage directory /workdir/hadoop-ozone/integration-test/target/test-dir/MiniOzoneClusterImpl-62b0528d-f78b-4475-bf9a-37d6dcf32bc1/datanode-6/data/ratis/461622b8-1a11-4b3d-a75c-223002ef1782 does not exist. Creating ...
2019-09-18 13:18:45,942 [pool-469-thread-1] INFO  storage.RaftStorageDirectory (RaftStorageDirectory.java:tryLock(328)) - Lock on /workdir/hadoop-ozone/integration-test/target/test-dir/MiniOzoneClusterImpl-62b0528d-f78b-4475-bf9a-37d6dcf32bc1/datanode-6/data/ratis/461622b8-1a11-4b3d-a75c-223002ef1782/in_use.lock acquired by nodename 16951@pr-hdds-2141-4zm8s-3863693661
2019-09-18 13:18:45,955 [pool-469-thread-1] INFO  storage.RaftStorage (RaftStorage.java:format(72)) - Storage directory /workdir/hadoop-ozone/integration-test/target/test-dir/MiniOzoneClusterImpl-62b0528d-f78b-4475-bf9a-37d6dcf32bc1/datanode-6/data/ratis/461622b8-1a11-4b3d-a75c-223002ef1782 has been successfully formatted.
2019-09-18 13:18:45,956 [pool-469-thread-1] INFO  ratis.ContainerStateMachine (ContainerStateMachine.java:loadSnapshot(230)) - group-223002EF1782: The snapshot info is null. Setting the last applied indexto:(t:0, i:~)
2019-09-18 13:18:45,956 [pool-469-thread-1] INFO  server.RaftServerConfigKeys (ConfUtils.java:logGet(43)) - raft.server.notification.no-leader.timeout = 120s (custom)
2019-09-18 13:18:45,956 [pool-469-thread-1] INFO  server.RaftServerConfigKeys (ConfUtils.java:logGet(43)) - raft.server.log.use.memory = false (default)
2019-09-18 13:18:45,956 [pool-469-thread-1] INFO  server.RaftServerConfigKeys (ConfUtils.java:logGet(43)) - raft.server.log.purge.gap = 1000000 (custom)
2019-09-18 13:18:45,956 [pool-469-thread-1] INFO  server.RaftServerConfigKeys (ConfUtils.java:logGet(43)) - raft.server.log.appender.buffer.byte-limit = 33554432 (custom)
2019-09-18 13:18:45,956 [pool-469-thread-1] INFO  server.RaftServerConfigKeys (ConfUtils.java:logGet(43)) - raft.server.log.segment.size.max = 1048576 (custom)
2019-09-18 13:18:45,956 [pool-469-thread-1] INFO  server.RaftServerConfigKeys (ConfUtils.java:logGet(43)) - raft.server.log.segment.cache.num.max = 2 (custom)
2019-09-18 13:18:45,957 [pool-469-thread-1] INFO  segmented.SegmentedRaftLogWorker (SegmentedRaftLogWorker.java:<init>(172)) - new 9efe3194-bd4f-49a4-be9a-a0c0ad574cdc@group-223002EF1782-SegmentedRaftLogWorker for RaftStorage:Storage Directory /workdir/hadoop-ozone/integration-test/target/test-dir/MiniOzoneClusterImpl-62b0528d-f78b-4475-bf9a-37d6dcf32bc1/datanode-6/data/ratis/461622b8-1a11-4b3d-a75c-223002ef1782
2019-09-18 13:18:45,958 [pool-469-thread-1] INFO  server.RaftServerConfigKeys (ConfUtils.java:logGet(43)) - raft.server.log.queue.byte-limit = 2147483647 (custom)
2019-09-18 13:18:45,959 [pool-469-thread-1] INFO  server.RaftServerConfigKeys (ConfUtils.java:logGet(43)) - raft.server.log.queue.element-limit = 1024 (custom)
2019-09-18 13:18:45,959 [pool-469-thread-1] INFO  server.RaftServerConfigKeys (ConfUtils.java:logGet(43)) - raft.server.log.segment.size.max = 1048576 (custom)
2019-09-18 13:18:45,959 [pool-469-thread-1] INFO  server.RaftServerConfigKeys (ConfUtils.java:logGet(43)) - raft.server.log.preallocated.size = 16384 (custom)
2019-09-18 13:18:45,959 [pool-469-thread-1] INFO  server.RaftServerConfigKeys (ConfUtils.java:logGet(43)) - raft.server.log.write.buffer.size = 33554432 (custom)
2019-09-18 13:18:45,959 [pool-469-thread-1] INFO  server.RaftServerConfigKeys (ConfUtils.java:logGet(43)) - raft.server.log.force.sync.num = 128 (default)
2019-09-18 13:18:45,959 [pool-469-thread-1] INFO  server.RaftServerConfigKeys (ConfUtils.java:logGet(43)) - raft.server.log.statemachine.data.sync = true (default)
2019-09-18 13:18:45,959 [pool-469-thread-1] INFO  server.RaftServerConfigKeys (ConfUtils.java:logGet(43)) - raft.server.log.statemachine.data.sync.timeout = 10s (default)
2019-09-18 13:18:45,960 [pool-469-thread-1] INFO  server.RaftServerConfigKeys (ConfUtils.java:logGet(43)) - raft.server.log.statemachine.data.sync.timeout.retry = -1 (default)
2019-09-18 13:18:45,960 [pool-469-thread-1] INFO  server.RaftServerConfigKeys (ConfUtils.java:logGet(43)) - raft.server.log.statemachine.data.caching.enabled = true (custom)
2019-09-18 13:18:45,960 [pool-469-thread-1] INFO  segmented.SegmentedRaftLogWorker (SegmentedRaftLogWorker.java:lambda$new$0(132)) - 9efe3194-bd4f-49a4-be9a-a0c0ad574cdc@group-223002EF1782-SegmentedRaftLogWorker: flushIndex: setUnconditionally 0 -> -1
2019-09-18 13:18:45,961 [pool-469-thread-1] INFO  server.RaftServerConfigKeys (ConfUtils.java:logGet(43)) - raft.server.snapshot.auto.trigger.enabled = true (custom)
2019-09-18 13:18:45,961 [pool-469-thread-1] INFO  server.RaftServerConfigKeys (ConfUtils.java:logGet(43)) - raft.server.snapshot.auto.trigger.threshold = 10000 (custom)
2019-09-18 13:18:45,961 [pool-469-thread-1] INFO  server.RaftServerConfigKeys (ConfUtils.java:logGet(43)) - raft.server.snapshot.retention.num.files = 5 (custom)
2019-09-18 13:18:45,961 [pool-469-thread-1] INFO  server.RaftServerConfigKeys (ConfUtils.java:logGet(43)) - raft.server.retrycache.expirytime = 600000ms (custom)
2019-09-18 13:18:45,963 [pool-469-thread-1] INFO  impl.RaftServerImpl (RaftServerImpl.java:start(185)) - 9efe3194-bd4f-49a4-be9a-a0c0ad574cdc@group-223002EF1782: start as a follower, conf=-1: [9efe3194-bd4f-49a4-be9a-a0c0ad574cdc:192.168.69.108:37138], old=null
2019-09-18 13:18:45,963 [pool-469-thread-1] INFO  impl.RaftServerImpl (RaftServerImpl.java:setRole(174)) - 9efe3194-bd4f-49a4-be9a-a0c0ad574cdc@group-223002EF1782: changes role from      null to FOLLOWER at term 0 for startAsFollower
2019-09-18 13:18:45,963 [pool-469-thread-1] INFO  impl.RoleInfo (RoleInfo.java:updateAndGet(143)) - 9efe3194-bd4f-49a4-be9a-a0c0ad574cdc: start FollowerState
2019-09-18 13:18:45,963 [pool-469-thread-1] INFO  util.JmxRegister (JmxRegister.java:tryRegister(44)) - Successfully registered JMX Bean with object name Ratis:service=RaftServer,group=group-223002EF1782,id=9efe3194-bd4f-49a4-be9a-a0c0ad574cdc
2019-09-18 13:18:45,969 [RatisPipelineUtilsThread] INFO  pipeline.PipelineStateManager (PipelineStateManager.java:addPipeline(56)) - Created pipeline Pipeline[ Id: 461622b8-1a11-4b3d-a75c-223002ef1782, Nodes: 9efe3194-bd4f-49a4-be9a-a0c0ad574cdc{ip: 192.168.69.108, host: pr-hdds-2141-4zm8s-3863693661, networkLocation: /default-rack, certSerialId: null}, Type:RATIS, Factor:ONE, State:OPEN]
2019-09-18 13:18:45,975 [grpc-default-executor-9] INFO  impl.RaftServerProxy (RaftServerProxy.java:addNew(89)) - 34aa374e-f09c-476d-b99f-2e062a89b85b: addNew group-BB182CFBC6AF:[34aa374e-f09c-476d-b99f-2e062a89b85b:192.168.69.108:45048] returns group-BB182CFBC6AF:java.util.concurrent.CompletableFuture@6b780817[Not completed]
2019-09-18 13:18:45,977 [pool-439-thread-1] INFO  impl.RaftServerImpl (RaftServerImpl.java:<init>(95)) - 34aa374e-f09c-476d-b99f-2e062a89b85b: new RaftServerImpl for group-BB182CFBC6AF:[34aa374e-f09c-476d-b99f-2e062a89b85b:192.168.69.108:45048] with ContainerStateMachine:uninitialized
2019-09-18 13:18:45,977 [pool-439-thread-1] INFO  server.RaftServerConfigKeys (ConfUtils.java:logGet(43)) - raft.server.rpc.timeout.min = 5s (custom)
2019-09-18 13:18:45,977 [pool-439-thread-1] INFO  server.RaftServerConfigKeys (ConfUtils.java:logGet(43)) - raft.server.rpc.timeout.max = 5200ms (custom)
2019-09-18 13:18:45,977 [pool-439-thread-1] INFO  server.RaftServerConfigKeys (ConfUtils.java:logGet(43)) - raft.server.rpcslowness.timeout = 120s (custom)
2019-09-18 13:18:45,977 [pool-439-thread-1] INFO  server.RaftServerConfigKeys (ConfUtils.java:logGet(43)) - raft.server.sleep.deviation.threshold = 300 (default)
2019-09-18 13:18:45,977 [pool-439-thread-1] INFO  server.RaftServerConfigKeys (ConfUtils.java:logGet(43)) - raft.server.log.appender.install.snapshot.enabled = false (custom)
2019-09-18 13:18:45,978 [pool-439-thread-1] INFO  impl.RaftServerImpl (ServerState.java:<init>(103)) - 34aa374e-f09c-476d-b99f-2e062a89b85b@group-BB182CFBC6AF: ConfigurationManager, init=-1: [34aa374e-f09c-476d-b99f-2e062a89b85b:192.168.69.108:45048], old=null, confs=<EMPTY_MAP>
2019-09-18 13:18:45,978 [pool-439-thread-1] INFO  server.RaftServerConfigKeys (ConfUtils.java:logGet(43)) - raft.server.storage.dir = [/workdir/hadoop-ozone/integration-test/target/test-dir/MiniOzoneClusterImpl-62b0528d-f78b-4475-bf9a-37d6dcf32bc1/datanode-3/data/ratis] (custom)
2019-09-18 13:18:45,978 [pool-439-thread-1] INFO  storage.RaftStorageDirectory (RaftStorageDirectory.java:analyzeStorage(246)) - The storage directory /workdir/hadoop-ozone/integration-test/target/test-dir/MiniOzoneClusterImpl-62b0528d-f78b-4475-bf9a-37d6dcf32bc1/datanode-3/data/ratis/85383d8e-88b3-4086-bceb-bb182cfbc6af does not exist. Creating ...
2019-09-18 13:18:45,992 [pool-439-thread-1] INFO  storage.RaftStorageDirectory (RaftStorageDirectory.java:tryLock(328)) - Lock on /workdir/hadoop-ozone/integration-test/target/test-dir/MiniOzoneClusterImpl-62b0528d-f78b-4475-bf9a-37d6dcf32bc1/datanode-3/data/ratis/85383d8e-88b3-4086-bceb-bb182cfbc6af/in_use.lock acquired by nodename 16951@pr-hdds-2141-4zm8s-3863693661
2019-09-18 13:18:46,005 [pool-439-thread-1] INFO  storage.RaftStorage (RaftStorage.java:format(72)) - Storage directory /workdir/hadoop-ozone/integration-test/target/test-dir/MiniOzoneClusterImpl-62b0528d-f78b-4475-bf9a-37d6dcf32bc1/datanode-3/data/ratis/85383d8e-88b3-4086-bceb-bb182cfbc6af has been successfully formatted.
2019-09-18 13:18:46,006 [pool-439-thread-1] INFO  ratis.ContainerStateMachine (ContainerStateMachine.java:loadSnapshot(230)) - group-BB182CFBC6AF: The snapshot info is null. Setting the last applied indexto:(t:0, i:~)
2019-09-18 13:18:46,006 [pool-439-thread-1] INFO  server.RaftServerConfigKeys (ConfUtils.java:logGet(43)) - raft.server.notification.no-leader.timeout = 120s (custom)
2019-09-18 13:18:46,006 [pool-439-thread-1] INFO  server.RaftServerConfigKeys (ConfUtils.java:logGet(43)) - raft.server.log.use.memory = false (default)
2019-09-18 13:18:46,006 [pool-439-thread-1] INFO  server.RaftServerConfigKeys (ConfUtils.java:logGet(43)) - raft.server.log.purge.gap = 1000000 (custom)
2019-09-18 13:18:46,006 [pool-439-thread-1] INFO  server.RaftServerConfigKeys (ConfUtils.java:logGet(43)) - raft.server.log.appender.buffer.byte-limit = 33554432 (custom)
2019-09-18 13:18:46,006 [pool-439-thread-1] INFO  server.RaftServerConfigKeys (ConfUtils.java:logGet(43)) - raft.server.log.segment.size.max = 1048576 (custom)
2019-09-18 13:18:46,006 [pool-439-thread-1] INFO  server.RaftServerConfigKeys (ConfUtils.java:logGet(43)) - raft.server.log.segment.cache.num.max = 2 (custom)
2019-09-18 13:18:46,006 [pool-439-thread-1] INFO  segmented.SegmentedRaftLogWorker (SegmentedRaftLogWorker.java:<init>(172)) - new 34aa374e-f09c-476d-b99f-2e062a89b85b@group-BB182CFBC6AF-SegmentedRaftLogWorker for RaftStorage:Storage Directory /workdir/hadoop-ozone/integration-test/target/test-dir/MiniOzoneClusterImpl-62b0528d-f78b-4475-bf9a-37d6dcf32bc1/datanode-3/data/ratis/85383d8e-88b3-4086-bceb-bb182cfbc6af
2019-09-18 13:18:46,008 [pool-439-thread-1] INFO  server.RaftServerConfigKeys (ConfUtils.java:logGet(43)) - raft.server.log.queue.byte-limit = 2147483647 (custom)
2019-09-18 13:18:46,008 [pool-439-thread-1] INFO  server.RaftServerConfigKeys (ConfUtils.java:logGet(43)) - raft.server.log.queue.element-limit = 1024 (custom)
2019-09-18 13:18:46,008 [pool-439-thread-1] INFO  server.RaftServerConfigKeys (ConfUtils.java:logGet(43)) - raft.server.log.segment.size.max = 1048576 (custom)
2019-09-18 13:18:46,009 [pool-439-thread-1] INFO  server.RaftServerConfigKeys (ConfUtils.java:logGet(43)) - raft.server.log.preallocated.size = 16384 (custom)
2019-09-18 13:18:46,009 [pool-439-thread-1] INFO  server.RaftServerConfigKeys (ConfUtils.java:logGet(43)) - raft.server.log.write.buffer.size = 33554432 (custom)
2019-09-18 13:18:46,009 [pool-439-thread-1] INFO  server.RaftServerConfigKeys (ConfUtils.java:logGet(43)) - raft.server.log.force.sync.num = 128 (default)
2019-09-18 13:18:46,009 [pool-439-thread-1] INFO  server.RaftServerConfigKeys (ConfUtils.java:logGet(43)) - raft.server.log.statemachine.data.sync = true (default)
2019-09-18 13:18:46,009 [pool-439-thread-1] INFO  server.RaftServerConfigKeys (ConfUtils.java:logGet(43)) - raft.server.log.statemachine.data.sync.timeout = 10s (default)
2019-09-18 13:18:46,009 [pool-439-thread-1] INFO  server.RaftServerConfigKeys (ConfUtils.java:logGet(43)) - raft.server.log.statemachine.data.sync.timeout.retry = -1 (default)
2019-09-18 13:18:46,009 [pool-439-thread-1] INFO  server.RaftServerConfigKeys (ConfUtils.java:logGet(43)) - raft.server.log.statemachine.data.caching.enabled = true (custom)
2019-09-18 13:18:46,010 [pool-439-thread-1] INFO  segmented.SegmentedRaftLogWorker (SegmentedRaftLogWorker.java:lambda$new$0(132)) - 34aa374e-f09c-476d-b99f-2e062a89b85b@group-BB182CFBC6AF-SegmentedRaftLogWorker: flushIndex: setUnconditionally 0 -> -1
2019-09-18 13:18:46,010 [pool-439-thread-1] INFO  server.RaftServerConfigKeys (ConfUtils.java:logGet(43)) - raft.server.snapshot.auto.trigger.enabled = true (custom)
2019-09-18 13:18:46,010 [pool-439-thread-1] INFO  server.RaftServerConfigKeys (ConfUtils.java:logGet(43)) - raft.server.snapshot.auto.trigger.threshold = 10000 (custom)
2019-09-18 13:18:46,010 [pool-439-thread-1] INFO  server.RaftServerConfigKeys (ConfUtils.java:logGet(43)) - raft.server.snapshot.retention.num.files = 5 (custom)
2019-09-18 13:18:46,010 [pool-439-thread-1] INFO  server.RaftServerConfigKeys (ConfUtils.java:logGet(43)) - raft.server.retrycache.expirytime = 600000ms (custom)
2019-09-18 13:18:46,012 [pool-439-thread-1] INFO  impl.RaftServerImpl (RaftServerImpl.java:start(185)) - 34aa374e-f09c-476d-b99f-2e062a89b85b@group-BB182CFBC6AF: start as a follower, conf=-1: [34aa374e-f09c-476d-b99f-2e062a89b85b:192.168.69.108:45048], old=null
2019-09-18 13:18:46,012 [pool-439-thread-1] INFO  impl.RaftServerImpl (RaftServerImpl.java:setRole(174)) - 34aa374e-f09c-476d-b99f-2e062a89b85b@group-BB182CFBC6AF: changes role from      null to FOLLOWER at term 0 for startAsFollower
2019-09-18 13:18:46,012 [pool-439-thread-1] INFO  impl.RoleInfo (RoleInfo.java:updateAndGet(143)) - 34aa374e-f09c-476d-b99f-2e062a89b85b: start FollowerState
2019-09-18 13:18:46,013 [pool-439-thread-1] INFO  util.JmxRegister (JmxRegister.java:tryRegister(44)) - Successfully registered JMX Bean with object name Ratis:service=RaftServer,group=group-BB182CFBC6AF,id=34aa374e-f09c-476d-b99f-2e062a89b85b
2019-09-18 13:18:46,018 [RatisPipelineUtilsThread] INFO  pipeline.PipelineStateManager (PipelineStateManager.java:addPipeline(56)) - Created pipeline Pipeline[ Id: 85383d8e-88b3-4086-bceb-bb182cfbc6af, Nodes: 34aa374e-f09c-476d-b99f-2e062a89b85b{ip: 192.168.69.108, host: pr-hdds-2141-4zm8s-3863693661, networkLocation: /default-rack, certSerialId: null}, Type:RATIS, Factor:ONE, State:OPEN]
2019-09-18 13:18:46,030 [grpc-default-executor-8] INFO  impl.RaftServerProxy (RaftServerProxy.java:addNew(89)) - b5e58cb2-65b2-462a-9849-1bc2048b184b: addNew group-1B011D0DD7FC:[9efe3194-bd4f-49a4-be9a-a0c0ad574cdc:192.168.69.108:37138, 7b7c28b3-8e58-4b89-8f32-c81a2c7aabdf:192.168.69.108:36959, b5e58cb2-65b2-462a-9849-1bc2048b184b:192.168.69.108:34672] returns group-1B011D0DD7FC:java.util.concurrent.CompletableFuture@6fa145c2[Not completed]
2019-09-18 13:18:46,031 [grpc-default-executor-2] INFO  impl.RaftServerProxy (RaftServerProxy.java:addNew(89)) - 9efe3194-bd4f-49a4-be9a-a0c0ad574cdc: addNew group-1B011D0DD7FC:[9efe3194-bd4f-49a4-be9a-a0c0ad574cdc:192.168.69.108:37138, 7b7c28b3-8e58-4b89-8f32-c81a2c7aabdf:192.168.69.108:36959, b5e58cb2-65b2-462a-9849-1bc2048b184b:192.168.69.108:34672] returns group-1B011D0DD7FC:java.util.concurrent.CompletableFuture@65e7621b[Not completed]
2019-09-18 13:18:46,031 [grpc-default-executor-9] INFO  impl.RaftServerProxy (RaftServerProxy.java:addNew(89)) - 7b7c28b3-8e58-4b89-8f32-c81a2c7aabdf: addNew group-1B011D0DD7FC:[9efe3194-bd4f-49a4-be9a-a0c0ad574cdc:192.168.69.108:37138, 7b7c28b3-8e58-4b89-8f32-c81a2c7aabdf:192.168.69.108:36959, b5e58cb2-65b2-462a-9849-1bc2048b184b:192.168.69.108:34672] returns group-1B011D0DD7FC:java.util.concurrent.CompletableFuture@a2479ee[Not completed]
2019-09-18 13:18:46,032 [pool-449-thread-1] INFO  impl.RaftServerImpl (RaftServerImpl.java:<init>(95)) - b5e58cb2-65b2-462a-9849-1bc2048b184b: new RaftServerImpl for group-1B011D0DD7FC:[9efe3194-bd4f-49a4-be9a-a0c0ad574cdc:192.168.69.108:37138, 7b7c28b3-8e58-4b89-8f32-c81a2c7aabdf:192.168.69.108:36959, b5e58cb2-65b2-462a-9849-1bc2048b184b:192.168.69.108:34672] with ContainerStateMachine:uninitialized
2019-09-18 13:18:46,032 [pool-449-thread-1] INFO  server.RaftServerConfigKeys (ConfUtils.java:logGet(43)) - raft.server.rpc.timeout.min = 5s (custom)
2019-09-18 13:18:46,032 [pool-449-thread-1] INFO  server.RaftServerConfigKeys (ConfUtils.java:logGet(43)) - raft.server.rpc.timeout.max = 5200ms (custom)
2019-09-18 13:18:46,032 [pool-449-thread-1] INFO  server.RaftServerConfigKeys (ConfUtils.java:logGet(43)) - raft.server.rpcslowness.timeout = 120s (custom)
2019-09-18 13:18:46,032 [pool-449-thread-1] INFO  server.RaftServerConfigKeys (ConfUtils.java:logGet(43)) - raft.server.sleep.deviation.threshold = 300 (default)
2019-09-18 13:18:46,033 [pool-449-thread-1] INFO  server.RaftServerConfigKeys (ConfUtils.java:logGet(43)) - raft.server.log.appender.install.snapshot.enabled = false (custom)
2019-09-18 13:18:46,033 [pool-449-thread-1] INFO  impl.RaftServerImpl (ServerState.java:<init>(103)) - b5e58cb2-65b2-462a-9849-1bc2048b184b@group-1B011D0DD7FC: ConfigurationManager, init=-1: [9efe3194-bd4f-49a4-be9a-a0c0ad574cdc:192.168.69.108:37138, 7b7c28b3-8e58-4b89-8f32-c81a2c7aabdf:192.168.69.108:36959, b5e58cb2-65b2-462a-9849-1bc2048b184b:192.168.69.108:34672], old=null, confs=<EMPTY_MAP>
2019-09-18 13:18:46,033 [pool-449-thread-1] INFO  server.RaftServerConfigKeys (ConfUtils.java:logGet(43)) - raft.server.storage.dir = [/workdir/hadoop-ozone/integration-test/target/test-dir/MiniOzoneClusterImpl-62b0528d-f78b-4475-bf9a-37d6dcf32bc1/datanode-4/data/ratis] (custom)
2019-09-18 13:18:46,033 [pool-459-thread-1] INFO  impl.RaftServerImpl (RaftServerImpl.java:<init>(95)) - 7b7c28b3-8e58-4b89-8f32-c81a2c7aabdf: new RaftServerImpl for group-1B011D0DD7FC:[9efe3194-bd4f-49a4-be9a-a0c0ad574cdc:192.168.69.108:37138, 7b7c28b3-8e58-4b89-8f32-c81a2c7aabdf:192.168.69.108:36959, b5e58cb2-65b2-462a-9849-1bc2048b184b:192.168.69.108:34672] with ContainerStateMachine:uninitialized
2019-09-18 13:18:46,033 [pool-449-thread-1] INFO  storage.RaftStorageDirectory (RaftStorageDirectory.java:analyzeStorage(246)) - The storage directory /workdir/hadoop-ozone/integration-test/target/test-dir/MiniOzoneClusterImpl-62b0528d-f78b-4475-bf9a-37d6dcf32bc1/datanode-4/data/ratis/022740f1-b230-465a-8fed-1b011d0dd7fc does not exist. Creating ...
2019-09-18 13:18:46,033 [pool-459-thread-1] INFO  server.RaftServerConfigKeys (ConfUtils.java:logGet(43)) - raft.server.rpc.timeout.min = 5s (custom)
2019-09-18 13:18:46,034 [pool-459-thread-1] INFO  server.RaftServerConfigKeys (ConfUtils.java:logGet(43)) - raft.server.rpc.timeout.max = 5200ms (custom)
2019-09-18 13:18:46,034 [pool-459-thread-1] INFO  server.RaftServerConfigKeys (ConfUtils.java:logGet(43)) - raft.server.rpcslowness.timeout = 120s (custom)
2019-09-18 13:18:46,034 [pool-459-thread-1] INFO  server.RaftServerConfigKeys (ConfUtils.java:logGet(43)) - raft.server.sleep.deviation.threshold = 300 (default)
2019-09-18 13:18:46,034 [pool-469-thread-1] INFO  impl.RaftServerImpl (RaftServerImpl.java:<init>(95)) - 9efe3194-bd4f-49a4-be9a-a0c0ad574cdc: new RaftServerImpl for group-1B011D0DD7FC:[9efe3194-bd4f-49a4-be9a-a0c0ad574cdc:192.168.69.108:37138, 7b7c28b3-8e58-4b89-8f32-c81a2c7aabdf:192.168.69.108:36959, b5e58cb2-65b2-462a-9849-1bc2048b184b:192.168.69.108:34672] with ContainerStateMachine:uninitialized
2019-09-18 13:18:46,034 [pool-459-thread-1] INFO  server.RaftServerConfigKeys (ConfUtils.java:logGet(43)) - raft.server.log.appender.install.snapshot.enabled = false (custom)
2019-09-18 13:18:46,034 [pool-469-thread-1] INFO  server.RaftServerConfigKeys (ConfUtils.java:logGet(43)) - raft.server.rpc.timeout.min = 5s (custom)
2019-09-18 13:18:46,035 [pool-459-thread-1] INFO  impl.RaftServerImpl (ServerState.java:<init>(103)) - 7b7c28b3-8e58-4b89-8f32-c81a2c7aabdf@group-1B011D0DD7FC: ConfigurationManager, init=-1: [9efe3194-bd4f-49a4-be9a-a0c0ad574cdc:192.168.69.108:37138, 7b7c28b3-8e58-4b89-8f32-c81a2c7aabdf:192.168.69.108:36959, b5e58cb2-65b2-462a-9849-1bc2048b184b:192.168.69.108:34672], old=null, confs=<EMPTY_MAP>
2019-09-18 13:18:46,035 [pool-469-thread-1] INFO  server.RaftServerConfigKeys (ConfUtils.java:logGet(43)) - raft.server.rpc.timeout.max = 5200ms (custom)
2019-09-18 13:18:46,035 [pool-459-thread-1] INFO  server.RaftServerConfigKeys (ConfUtils.java:logGet(43)) - raft.server.storage.dir = [/workdir/hadoop-ozone/integration-test/target/test-dir/MiniOzoneClusterImpl-62b0528d-f78b-4475-bf9a-37d6dcf32bc1/datanode-5/data/ratis] (custom)
2019-09-18 13:18:46,035 [pool-469-thread-1] INFO  server.RaftServerConfigKeys (ConfUtils.java:logGet(43)) - raft.server.rpcslowness.timeout = 120s (custom)
2019-09-18 13:18:46,035 [pool-469-thread-1] INFO  server.RaftServerConfigKeys (ConfUtils.java:logGet(43)) - raft.server.sleep.deviation.threshold = 300 (default)
2019-09-18 13:18:46,035 [pool-459-thread-1] INFO  storage.RaftStorageDirectory (RaftStorageDirectory.java:analyzeStorage(246)) - The storage directory /workdir/hadoop-ozone/integration-test/target/test-dir/MiniOzoneClusterImpl-62b0528d-f78b-4475-bf9a-37d6dcf32bc1/datanode-5/data/ratis/022740f1-b230-465a-8fed-1b011d0dd7fc does not exist. Creating ...
2019-09-18 13:18:46,035 [pool-469-thread-1] INFO  server.RaftServerConfigKeys (ConfUtils.java:logGet(43)) - raft.server.log.appender.install.snapshot.enabled = false (custom)
2019-09-18 13:18:46,036 [pool-469-thread-1] INFO  impl.RaftServerImpl (ServerState.java:<init>(103)) - 9efe3194-bd4f-49a4-be9a-a0c0ad574cdc@group-1B011D0DD7FC: ConfigurationManager, init=-1: [9efe3194-bd4f-49a4-be9a-a0c0ad574cdc:192.168.69.108:37138, 7b7c28b3-8e58-4b89-8f32-c81a2c7aabdf:192.168.69.108:36959, b5e58cb2-65b2-462a-9849-1bc2048b184b:192.168.69.108:34672], old=null, confs=<EMPTY_MAP>
2019-09-18 13:18:46,036 [pool-469-thread-1] INFO  server.RaftServerConfigKeys (ConfUtils.java:logGet(43)) - raft.server.storage.dir = [/workdir/hadoop-ozone/integration-test/target/test-dir/MiniOzoneClusterImpl-62b0528d-f78b-4475-bf9a-37d6dcf32bc1/datanode-6/data/ratis] (custom)
2019-09-18 13:18:46,036 [pool-469-thread-1] INFO  storage.RaftStorageDirectory (RaftStorageDirectory.java:analyzeStorage(246)) - The storage directory /workdir/hadoop-ozone/integration-test/target/test-dir/MiniOzoneClusterImpl-62b0528d-f78b-4475-bf9a-37d6dcf32bc1/datanode-6/data/ratis/022740f1-b230-465a-8fed-1b011d0dd7fc does not exist. Creating ...
2019-09-18 13:18:46,058 [pool-449-thread-1] INFO  storage.RaftStorageDirectory (RaftStorageDirectory.java:tryLock(328)) - Lock on /workdir/hadoop-ozone/integration-test/target/test-dir/MiniOzoneClusterImpl-62b0528d-f78b-4475-bf9a-37d6dcf32bc1/datanode-4/data/ratis/022740f1-b230-465a-8fed-1b011d0dd7fc/in_use.lock acquired by nodename 16951@pr-hdds-2141-4zm8s-3863693661
2019-09-18 13:18:46,058 [pool-469-thread-1] INFO  storage.RaftStorageDirectory (RaftStorageDirectory.java:tryLock(328)) - Lock on /workdir/hadoop-ozone/integration-test/target/test-dir/MiniOzoneClusterImpl-62b0528d-f78b-4475-bf9a-37d6dcf32bc1/datanode-6/data/ratis/022740f1-b230-465a-8fed-1b011d0dd7fc/in_use.lock acquired by nodename 16951@pr-hdds-2141-4zm8s-3863693661
2019-09-18 13:18:46,058 [pool-459-thread-1] INFO  storage.RaftStorageDirectory (RaftStorageDirectory.java:tryLock(328)) - Lock on /workdir/hadoop-ozone/integration-test/target/test-dir/MiniOzoneClusterImpl-62b0528d-f78b-4475-bf9a-37d6dcf32bc1/datanode-5/data/ratis/022740f1-b230-465a-8fed-1b011d0dd7fc/in_use.lock acquired by nodename 16951@pr-hdds-2141-4zm8s-3863693661
2019-09-18 13:18:46,083 [pool-449-thread-1] INFO  storage.RaftStorage (RaftStorage.java:format(72)) - Storage directory /workdir/hadoop-ozone/integration-test/target/test-dir/MiniOzoneClusterImpl-62b0528d-f78b-4475-bf9a-37d6dcf32bc1/datanode-4/data/ratis/022740f1-b230-465a-8fed-1b011d0dd7fc has been successfully formatted.
2019-09-18 13:18:46,084 [pool-459-thread-1] INFO  storage.RaftStorage (RaftStorage.java:format(72)) - Storage directory /workdir/hadoop-ozone/integration-test/target/test-dir/MiniOzoneClusterImpl-62b0528d-f78b-4475-bf9a-37d6dcf32bc1/datanode-5/data/ratis/022740f1-b230-465a-8fed-1b011d0dd7fc has been successfully formatted.
2019-09-18 13:18:46,084 [pool-449-thread-1] INFO  ratis.ContainerStateMachine (ContainerStateMachine.java:loadSnapshot(230)) - group-1B011D0DD7FC: The snapshot info is null. Setting the last applied indexto:(t:0, i:~)
2019-09-18 13:18:46,084 [pool-459-thread-1] INFO  ratis.ContainerStateMachine (ContainerStateMachine.java:loadSnapshot(230)) - group-1B011D0DD7FC: The snapshot info is null. Setting the last applied indexto:(t:0, i:~)
2019-09-18 13:18:46,083 [pool-469-thread-1] INFO  storage.RaftStorage (RaftStorage.java:format(72)) - Storage directory /workdir/hadoop-ozone/integration-test/target/test-dir/MiniOzoneClusterImpl-62b0528d-f78b-4475-bf9a-37d6dcf32bc1/datanode-6/data/ratis/022740f1-b230-465a-8fed-1b011d0dd7fc has been successfully formatted.
2019-09-18 13:18:46,084 [pool-459-thread-1] INFO  server.RaftServerConfigKeys (ConfUtils.java:logGet(43)) - raft.server.notification.no-leader.timeout = 120s (custom)
2019-09-18 13:18:46,087 [pool-459-thread-1] INFO  server.RaftServerConfigKeys (ConfUtils.java:logGet(43)) - raft.server.log.use.memory = false (default)
2019-09-18 13:18:46,084 [pool-449-thread-1] INFO  server.RaftServerConfigKeys (ConfUtils.java:logGet(43)) - raft.server.notification.no-leader.timeout = 120s (custom)
2019-09-18 13:18:46,087 [pool-459-thread-1] INFO  server.RaftServerConfigKeys (ConfUtils.java:logGet(43)) - raft.server.log.purge.gap = 1000000 (custom)
2019-09-18 13:18:46,087 [pool-469-thread-1] INFO  ratis.ContainerStateMachine (ContainerStateMachine.java:loadSnapshot(230)) - group-1B011D0DD7FC: The snapshot info is null. Setting the last applied indexto:(t:0, i:~)
2019-09-18 13:18:46,088 [pool-459-thread-1] INFO  server.RaftServerConfigKeys (ConfUtils.java:logGet(43)) - raft.server.log.appender.buffer.byte-limit = 33554432 (custom)
2019-09-18 13:18:46,087 [pool-449-thread-1] INFO  server.RaftServerConfigKeys (ConfUtils.java:logGet(43)) - raft.server.log.use.memory = false (default)
2019-09-18 13:18:46,088 [pool-459-thread-1] INFO  server.RaftServerConfigKeys (ConfUtils.java:logGet(43)) - raft.server.log.segment.size.max = 1048576 (custom)
2019-09-18 13:18:46,088 [pool-469-thread-1] INFO  server.RaftServerConfigKeys (ConfUtils.java:logGet(43)) - raft.server.notification.no-leader.timeout = 120s (custom)
2019-09-18 13:18:46,088 [pool-459-thread-1] INFO  server.RaftServerConfigKeys (ConfUtils.java:logGet(43)) - raft.server.log.segment.cache.num.max = 2 (custom)
2019-09-18 13:18:46,088 [pool-449-thread-1] INFO  server.RaftServerConfigKeys (ConfUtils.java:logGet(43)) - raft.server.log.purge.gap = 1000000 (custom)
2019-09-18 13:18:46,089 [pool-459-thread-1] INFO  segmented.SegmentedRaftLogWorker (SegmentedRaftLogWorker.java:<init>(172)) - new 7b7c28b3-8e58-4b89-8f32-c81a2c7aabdf@group-1B011D0DD7FC-SegmentedRaftLogWorker for RaftStorage:Storage Directory /workdir/hadoop-ozone/integration-test/target/test-dir/MiniOzoneClusterImpl-62b0528d-f78b-4475-bf9a-37d6dcf32bc1/datanode-5/data/ratis/022740f1-b230-465a-8fed-1b011d0dd7fc
2019-09-18 13:18:46,088 [pool-469-thread-1] INFO  server.RaftServerConfigKeys (ConfUtils.java:logGet(43)) - raft.server.log.use.memory = false (default)
2019-09-18 13:18:46,089 [pool-459-thread-1] INFO  server.RaftServerConfigKeys (ConfUtils.java:logGet(43)) - raft.server.log.queue.byte-limit = 2147483647 (custom)
2019-09-18 13:18:46,089 [pool-459-thread-1] INFO  server.RaftServerConfigKeys (ConfUtils.java:logGet(43)) - raft.server.log.queue.element-limit = 1024 (custom)
2019-09-18 13:18:46,089 [pool-449-thread-1] INFO  server.RaftServerConfigKeys (ConfUtils.java:logGet(43)) - raft.server.log.appender.buffer.byte-limit = 33554432 (custom)
2019-09-18 13:18:46,089 [pool-459-thread-1] INFO  server.RaftServerConfigKeys (ConfUtils.java:logGet(43)) - raft.server.log.segment.size.max = 1048576 (custom)
2019-09-18 13:18:46,089 [pool-469-thread-1] INFO  server.RaftServerConfigKeys (ConfUtils.java:logGet(43)) - raft.server.log.purge.gap = 1000000 (custom)
2019-09-18 13:18:46,090 [pool-459-thread-1] INFO  server.RaftServerConfigKeys (ConfUtils.java:logGet(43)) - raft.server.log.preallocated.size = 16384 (custom)
2019-09-18 13:18:46,090 [pool-459-thread-1] INFO  server.RaftServerConfigKeys (ConfUtils.java:logGet(43)) - raft.server.log.write.buffer.size = 33554432 (custom)
2019-09-18 13:18:46,089 [pool-449-thread-1] INFO  server.RaftServerConfigKeys (ConfUtils.java:logGet(43)) - raft.server.log.segment.size.max = 1048576 (custom)
2019-09-18 13:18:46,090 [pool-459-thread-1] INFO  server.RaftServerConfigKeys (ConfUtils.java:logGet(43)) - raft.server.log.force.sync.num = 128 (default)
2019-09-18 13:18:46,090 [pool-459-thread-1] INFO  server.RaftServerConfigKeys (ConfUtils.java:logGet(43)) - raft.server.log.statemachine.data.sync = true (default)
2019-09-18 13:18:46,090 [pool-469-thread-1] INFO  server.RaftServerConfigKeys (ConfUtils.java:logGet(43)) - raft.server.log.appender.buffer.byte-limit = 33554432 (custom)
2019-09-18 13:18:46,091 [pool-459-thread-1] INFO  server.RaftServerConfigKeys (ConfUtils.java:logGet(43)) - raft.server.log.statemachine.data.sync.timeout = 10s (default)
2019-09-18 13:18:46,090 [pool-449-thread-1] INFO  server.RaftServerConfigKeys (ConfUtils.java:logGet(43)) - raft.server.log.segment.cache.num.max = 2 (custom)
2019-09-18 13:18:46,091 [pool-459-thread-1] INFO  server.RaftServerConfigKeys (ConfUtils.java:logGet(43)) - raft.server.log.statemachine.data.sync.timeout.retry = -1 (default)
2019-09-18 13:18:46,091 [pool-469-thread-1] INFO  server.RaftServerConfigKeys (ConfUtils.java:logGet(43)) - raft.server.log.segment.size.max = 1048576 (custom)
2019-09-18 13:18:46,091 [pool-459-thread-1] INFO  server.RaftServerConfigKeys (ConfUtils.java:logGet(43)) - raft.server.log.statemachine.data.caching.enabled = true (custom)
2019-09-18 13:18:46,091 [pool-449-thread-1] INFO  segmented.SegmentedRaftLogWorker (SegmentedRaftLogWorker.java:<init>(172)) - new b5e58cb2-65b2-462a-9849-1bc2048b184b@group-1B011D0DD7FC-SegmentedRaftLogWorker for RaftStorage:Storage Directory /workdir/hadoop-ozone/integration-test/target/test-dir/MiniOzoneClusterImpl-62b0528d-f78b-4475-bf9a-37d6dcf32bc1/datanode-4/data/ratis/022740f1-b230-465a-8fed-1b011d0dd7fc
2019-09-18 13:18:46,091 [pool-469-thread-1] INFO  server.RaftServerConfigKeys (ConfUtils.java:logGet(43)) - raft.server.log.segment.cache.num.max = 2 (custom)
2019-09-18 13:18:46,092 [pool-449-thread-1] INFO  server.RaftServerConfigKeys (ConfUtils.java:logGet(43)) - raft.server.log.queue.byte-limit = 2147483647 (custom)
2019-09-18 13:18:46,092 [pool-459-thread-1] INFO  segmented.SegmentedRaftLogWorker (SegmentedRaftLogWorker.java:lambda$new$0(132)) - 7b7c28b3-8e58-4b89-8f32-c81a2c7aabdf@group-1B011D0DD7FC-SegmentedRaftLogWorker: flushIndex: setUnconditionally 0 -> -1
2019-09-18 13:18:46,092 [pool-449-thread-1] INFO  server.RaftServerConfigKeys (ConfUtils.java:logGet(43)) - raft.server.log.queue.element-limit = 1024 (custom)
2019-09-18 13:18:46,092 [pool-469-thread-1] INFO  segmented.SegmentedRaftLogWorker (SegmentedRaftLogWorker.java:<init>(172)) - new 9efe3194-bd4f-49a4-be9a-a0c0ad574cdc@group-1B011D0DD7FC-SegmentedRaftLogWorker for RaftStorage:Storage Directory /workdir/hadoop-ozone/integration-test/target/test-dir/MiniOzoneClusterImpl-62b0528d-f78b-4475-bf9a-37d6dcf32bc1/datanode-6/data/ratis/022740f1-b230-465a-8fed-1b011d0dd7fc
2019-09-18 13:18:46,092 [pool-459-thread-1] INFO  server.RaftServerConfigKeys (ConfUtils.java:logGet(43)) - raft.server.snapshot.auto.trigger.enabled = true (custom)
2019-09-18 13:18:46,092 [pool-449-thread-1] INFO  server.RaftServerConfigKeys (ConfUtils.java:logGet(43)) - raft.server.log.segment.size.max = 1048576 (custom)
2019-09-18 13:18:46,092 [pool-459-thread-1] INFO  server.RaftServerConfigKeys (ConfUtils.java:logGet(43)) - raft.server.snapshot.auto.trigger.threshold = 10000 (custom)
2019-09-18 13:18:46,092 [pool-469-thread-1] INFO  server.RaftServerConfigKeys (ConfUtils.java:logGet(43)) - raft.server.log.queue.byte-limit = 2147483647 (custom)
2019-09-18 13:18:46,093 [pool-459-thread-1] INFO  server.RaftServerConfigKeys (ConfUtils.java:logGet(43)) - raft.server.snapshot.retention.num.files = 5 (custom)
2019-09-18 13:18:46,093 [pool-449-thread-1] INFO  server.RaftServerConfigKeys (ConfUtils.java:logGet(43)) - raft.server.log.preallocated.size = 16384 (custom)
2019-09-18 13:18:46,093 [pool-459-thread-1] INFO  server.RaftServerConfigKeys (ConfUtils.java:logGet(43)) - raft.server.retrycache.expirytime = 600000ms (custom)
2019-09-18 13:18:46,093 [pool-469-thread-1] INFO  server.RaftServerConfigKeys (ConfUtils.java:logGet(43)) - raft.server.log.queue.element-limit = 1024 (custom)
2019-09-18 13:18:46,093 [pool-449-thread-1] INFO  server.RaftServerConfigKeys (ConfUtils.java:logGet(43)) - raft.server.log.write.buffer.size = 33554432 (custom)
2019-09-18 13:18:46,093 [pool-469-thread-1] INFO  server.RaftServerConfigKeys (ConfUtils.java:logGet(43)) - raft.server.log.segment.size.max = 1048576 (custom)
2019-09-18 13:18:46,094 [pool-449-thread-1] INFO  server.RaftServerConfigKeys (ConfUtils.java:logGet(43)) - raft.server.log.force.sync.num = 128 (default)
2019-09-18 13:18:46,094 [pool-469-thread-1] INFO  server.RaftServerConfigKeys (ConfUtils.java:logGet(43)) - raft.server.log.preallocated.size = 16384 (custom)
2019-09-18 13:18:46,094 [pool-449-thread-1] INFO  server.RaftServerConfigKeys (ConfUtils.java:logGet(43)) - raft.server.log.statemachine.data.sync = true (default)
2019-09-18 13:18:46,094 [pool-469-thread-1] INFO  server.RaftServerConfigKeys (ConfUtils.java:logGet(43)) - raft.server.log.write.buffer.size = 33554432 (custom)
2019-09-18 13:18:46,094 [pool-449-thread-1] INFO  server.RaftServerConfigKeys (ConfUtils.java:logGet(43)) - raft.server.log.statemachine.data.sync.timeout = 10s (default)
2019-09-18 13:18:46,094 [pool-469-thread-1] INFO  server.RaftServerConfigKeys (ConfUtils.java:logGet(43)) - raft.server.log.force.sync.num = 128 (default)
2019-09-18 13:18:46,094 [pool-449-thread-1] INFO  server.RaftServerConfigKeys (ConfUtils.java:logGet(43)) - raft.server.log.statemachine.data.sync.timeout.retry = -1 (default)
2019-09-18 13:18:46,094 [pool-469-thread-1] INFO  server.RaftServerConfigKeys (ConfUtils.java:logGet(43)) - raft.server.log.statemachine.data.sync = true (default)
2019-09-18 13:18:46,095 [pool-449-thread-1] INFO  server.RaftServerConfigKeys (ConfUtils.java:logGet(43)) - raft.server.log.statemachine.data.caching.enabled = true (custom)
2019-09-18 13:18:46,095 [pool-469-thread-1] INFO  server.RaftServerConfigKeys (ConfUtils.java:logGet(43)) - raft.server.log.statemachine.data.sync.timeout = 10s (default)
2019-09-18 13:18:46,095 [pool-449-thread-1] INFO  segmented.SegmentedRaftLogWorker (SegmentedRaftLogWorker.java:lambda$new$0(132)) - b5e58cb2-65b2-462a-9849-1bc2048b184b@group-1B011D0DD7FC-SegmentedRaftLogWorker: flushIndex: setUnconditionally 0 -> -1
2019-09-18 13:18:46,095 [pool-469-thread-1] INFO  server.RaftServerConfigKeys (ConfUtils.java:logGet(43)) - raft.server.log.statemachine.data.sync.timeout.retry = -1 (default)
2019-09-18 13:18:46,095 [pool-449-thread-1] INFO  server.RaftServerConfigKeys (ConfUtils.java:logGet(43)) - raft.server.snapshot.auto.trigger.enabled = true (custom)
2019-09-18 13:18:46,095 [pool-459-thread-1] INFO  impl.RaftServerImpl (RaftServerImpl.java:start(185)) - 7b7c28b3-8e58-4b89-8f32-c81a2c7aabdf@group-1B011D0DD7FC: start as a follower, conf=-1: [9efe3194-bd4f-49a4-be9a-a0c0ad574cdc:192.168.69.108:37138, 7b7c28b3-8e58-4b89-8f32-c81a2c7aabdf:192.168.69.108:36959, b5e58cb2-65b2-462a-9849-1bc2048b184b:192.168.69.108:34672], old=null
2019-09-18 13:18:46,095 [pool-469-thread-1] INFO  server.RaftServerConfigKeys (ConfUtils.java:logGet(43)) - raft.server.log.statemachine.data.caching.enabled = true (custom)
2019-09-18 13:18:46,096 [pool-459-thread-1] INFO  impl.RaftServerImpl (RaftServerImpl.java:setRole(174)) - 7b7c28b3-8e58-4b89-8f32-c81a2c7aabdf@group-1B011D0DD7FC: changes role from      null to FOLLOWER at term 0 for startAsFollower
2019-09-18 13:18:46,095 [pool-449-thread-1] INFO  server.RaftServerConfigKeys (ConfUtils.java:logGet(43)) - raft.server.snapshot.auto.trigger.threshold = 10000 (custom)
2019-09-18 13:18:46,096 [pool-459-thread-1] INFO  impl.RoleInfo (RoleInfo.java:updateAndGet(143)) - 7b7c28b3-8e58-4b89-8f32-c81a2c7aabdf: start FollowerState
2019-09-18 13:18:46,096 [pool-469-thread-1] INFO  segmented.SegmentedRaftLogWorker (SegmentedRaftLogWorker.java:lambda$new$0(132)) - 9efe3194-bd4f-49a4-be9a-a0c0ad574cdc@group-1B011D0DD7FC-SegmentedRaftLogWorker: flushIndex: setUnconditionally 0 -> -1
2019-09-18 13:18:46,096 [pool-449-thread-1] INFO  server.RaftServerConfigKeys (ConfUtils.java:logGet(43)) - raft.server.snapshot.retention.num.files = 5 (custom)
2019-09-18 13:18:46,096 [pool-459-thread-1] INFO  util.JmxRegister (JmxRegister.java:tryRegister(44)) - Successfully registered JMX Bean with object name Ratis:service=RaftServer,group=group-1B011D0DD7FC,id=7b7c28b3-8e58-4b89-8f32-c81a2c7aabdf
2019-09-18 13:18:46,096 [pool-469-thread-1] INFO  server.RaftServerConfigKeys (ConfUtils.java:logGet(43)) - raft.server.snapshot.auto.trigger.enabled = true (custom)
2019-09-18 13:18:46,096 [pool-449-thread-1] INFO  server.RaftServerConfigKeys (ConfUtils.java:logGet(43)) - raft.server.retrycache.expirytime = 600000ms (custom)
2019-09-18 13:18:46,097 [pool-469-thread-1] INFO  server.RaftServerConfigKeys (ConfUtils.java:logGet(43)) - raft.server.snapshot.auto.trigger.threshold = 10000 (custom)
2019-09-18 13:18:46,097 [pool-469-thread-1] INFO  server.RaftServerConfigKeys (ConfUtils.java:logGet(43)) - raft.server.snapshot.retention.num.files = 5 (custom)
2019-09-18 13:18:46,097 [pool-469-thread-1] INFO  server.RaftServerConfigKeys (ConfUtils.java:logGet(43)) - raft.server.retrycache.expirytime = 600000ms (custom)
2019-09-18 13:18:46,101 [pool-449-thread-1] INFO  impl.RaftServerImpl (RaftServerImpl.java:start(185)) - b5e58cb2-65b2-462a-9849-1bc2048b184b@group-1B011D0DD7FC: start as a follower, conf=-1: [9efe3194-bd4f-49a4-be9a-a0c0ad574cdc:192.168.69.108:37138, 7b7c28b3-8e58-4b89-8f32-c81a2c7aabdf:192.168.69.108:36959, b5e58cb2-65b2-462a-9849-1bc2048b184b:192.168.69.108:34672], old=null
2019-09-18 13:18:46,101 [pool-449-thread-1] INFO  impl.RaftServerImpl (RaftServerImpl.java:setRole(174)) - b5e58cb2-65b2-462a-9849-1bc2048b184b@group-1B011D0DD7FC: changes role from      null to FOLLOWER at term 0 for startAsFollower
2019-09-18 13:18:46,101 [pool-449-thread-1] INFO  impl.RoleInfo (RoleInfo.java:updateAndGet(143)) - b5e58cb2-65b2-462a-9849-1bc2048b184b: start FollowerState
2019-09-18 13:18:46,101 [pool-449-thread-1] INFO  util.JmxRegister (JmxRegister.java:tryRegister(44)) - Successfully registered JMX Bean with object name Ratis:service=RaftServer,group=group-1B011D0DD7FC,id=b5e58cb2-65b2-462a-9849-1bc2048b184b
2019-09-18 13:18:46,102 [pool-469-thread-1] INFO  impl.RaftServerImpl (RaftServerImpl.java:start(185)) - 9efe3194-bd4f-49a4-be9a-a0c0ad574cdc@group-1B011D0DD7FC: start as a follower, conf=-1: [9efe3194-bd4f-49a4-be9a-a0c0ad574cdc:192.168.69.108:37138, 7b7c28b3-8e58-4b89-8f32-c81a2c7aabdf:192.168.69.108:36959, b5e58cb2-65b2-462a-9849-1bc2048b184b:192.168.69.108:34672], old=null
2019-09-18 13:18:46,102 [pool-469-thread-1] INFO  impl.RaftServerImpl (RaftServerImpl.java:setRole(174)) - 9efe3194-bd4f-49a4-be9a-a0c0ad574cdc@group-1B011D0DD7FC: changes role from      null to FOLLOWER at term 0 for startAsFollower
2019-09-18 13:18:46,102 [pool-469-thread-1] INFO  impl.RoleInfo (RoleInfo.java:updateAndGet(143)) - 9efe3194-bd4f-49a4-be9a-a0c0ad574cdc: start FollowerState
2019-09-18 13:18:46,105 [pool-469-thread-1] INFO  util.JmxRegister (JmxRegister.java:tryRegister(44)) - Successfully registered JMX Bean with object name Ratis:service=RaftServer,group=group-1B011D0DD7FC,id=9efe3194-bd4f-49a4-be9a-a0c0ad574cdc
2019-09-18 13:18:46,110 [RatisPipelineUtilsThread] INFO  pipeline.PipelineStateManager (PipelineStateManager.java:addPipeline(56)) - Created pipeline Pipeline[ Id: 022740f1-b230-465a-8fed-1b011d0dd7fc, Nodes: 9efe3194-bd4f-49a4-be9a-a0c0ad574cdc{ip: 192.168.69.108, host: pr-hdds-2141-4zm8s-3863693661, networkLocation: /default-rack, certSerialId: null}7b7c28b3-8e58-4b89-8f32-c81a2c7aabdf{ip: 192.168.69.108, host: pr-hdds-2141-4zm8s-3863693661, networkLocation: /default-rack, certSerialId: null}b5e58cb2-65b2-462a-9849-1bc2048b184b{ip: 192.168.69.108, host: pr-hdds-2141-4zm8s-3863693661, networkLocation: /default-rack, certSerialId: null}, Type:RATIS, Factor:THREE, State:OPEN]
2019-09-18 13:18:46,916 [main] INFO  ozone.MiniOzoneClusterImpl (MiniOzoneClusterImpl.java:lambda$waitForClusterToBeReady$0(145)) - Cluster is ready. Got 7 of 7 DN Heartbeats.
2019-09-18 13:18:46,949 [main] INFO  rpc.RpcClient (RpcClient.java:createVolume(302)) - Creating Volume: testblockoutputstream, with jenkins1000 as owner.
2019-09-18 13:18:46,953 [IPC Server handler 1 on 39910] INFO  volume.OMVolumeCreateRequest (OMVolumeCreateRequest.java:validateAndUpdateCache(189)) - created volume:testblockoutputstream for user:jenkins1000
2019-09-18 13:18:46,969 [main] INFO  rpc.RpcClient (RpcClient.java:createBucket(441)) - Creating Bucket: testblockoutputstream/testblockoutputstream, with Versioning false and Storage Type set to DISK and Encryption set to false 
2019-09-18 13:18:47,011 [grpc-default-executor-2] INFO  client.GrpcClientProtocolClient (GrpcClientProtocolClient.java:onNext(264)) - client-81B2B449C4EC->780542ca-6867-4742-bfe9-12a474ec226a: receive RaftClientReply:client-81B2B449C4EC->780542ca-6867-4742-bfe9-12a474ec226a@group-D025A6FD987B, cid=175, FAILED org.apache.ratis.protocol.NotLeaderException: Server 780542ca-6867-4742-bfe9-12a474ec226a@group-D025A6FD987B is not the leader, logIndex=0, commits[780542ca-6867-4742-bfe9-12a474ec226a:c-1]
2019-09-18 13:18:48,032 [grpc-default-executor-9] INFO  client.GrpcClientProtocolClient (GrpcClientProtocolClient.java:onNext(264)) - client-81B2B449C4EC->9a1d4bd2-f6e2-46d8-bc0d-6d5e8df6a3c9: receive RaftClientReply:client-81B2B449C4EC->9a1d4bd2-f6e2-46d8-bc0d-6d5e8df6a3c9@group-D025A6FD987B, cid=175, FAILED org.apache.ratis.protocol.NotLeaderException: Server 9a1d4bd2-f6e2-46d8-bc0d-6d5e8df6a3c9@group-D025A6FD987B is not the leader, logIndex=0, commits[9a1d4bd2-f6e2-46d8-bc0d-6d5e8df6a3c9:c-1]
2019-09-18 13:18:48,526 [Thread-2890] INFO  container.ReplicationManager (ReplicationManager.java:start(162)) - Starting Replication Monitor Thread.
2019-09-18 13:18:48,530 [ReplicationMonitor] INFO  container.ReplicationManager (ReplicationManager.java:run(225)) - Replication Monitor Thread took 0 milliseconds for processing 1 containers.
2019-09-18 13:18:49,052 [grpc-default-executor-9] INFO  client.GrpcClientProtocolClient (GrpcClientProtocolClient.java:onNext(264)) - client-81B2B449C4EC->780542ca-6867-4742-bfe9-12a474ec226a: receive RaftClientReply:client-81B2B449C4EC->780542ca-6867-4742-bfe9-12a474ec226a@group-D025A6FD987B, cid=175, FAILED org.apache.ratis.protocol.NotLeaderException: Server 780542ca-6867-4742-bfe9-12a474ec226a@group-D025A6FD987B is not the leader, logIndex=0, commits[780542ca-6867-4742-bfe9-12a474ec226a:c-1]
2019-09-18 13:18:50,071 [grpc-default-executor-2] INFO  client.GrpcClientProtocolClient (GrpcClientProtocolClient.java:onNext(264)) - client-81B2B449C4EC->9a1d4bd2-f6e2-46d8-bc0d-6d5e8df6a3c9: receive RaftClientReply:client-81B2B449C4EC->9a1d4bd2-f6e2-46d8-bc0d-6d5e8df6a3c9@group-D025A6FD987B, cid=175, FAILED org.apache.ratis.protocol.NotLeaderException: Server 9a1d4bd2-f6e2-46d8-bc0d-6d5e8df6a3c9@group-D025A6FD987B is not the leader, logIndex=0, commits[9a1d4bd2-f6e2-46d8-bc0d-6d5e8df6a3c9:c-1]
2019-09-18 13:18:50,702 [Thread-2892] INFO  impl.FollowerState (FollowerState.java:run(106)) - 9a1d4bd2-f6e2-46d8-bc0d-6d5e8df6a3c9:group-3DF48FA98743 changes to CANDIDATE, lastRpcTime:5115, electionTimeout:5115ms
2019-09-18 13:18:50,703 [Thread-2892] INFO  impl.RoleInfo (RoleInfo.java:shutdownFollowerState(121)) - 9a1d4bd2-f6e2-46d8-bc0d-6d5e8df6a3c9: shutdown FollowerState
2019-09-18 13:18:50,703 [Thread-2892] INFO  impl.RaftServerImpl (RaftServerImpl.java:setRole(174)) - 9a1d4bd2-f6e2-46d8-bc0d-6d5e8df6a3c9@group-3DF48FA98743: changes role from  FOLLOWER to CANDIDATE at term 0 for changeToCandidate
2019-09-18 13:18:50,704 [Thread-2892] INFO  impl.RoleInfo (RoleInfo.java:updateAndGet(143)) - 9a1d4bd2-f6e2-46d8-bc0d-6d5e8df6a3c9: start LeaderElection
2019-09-18 13:18:50,738 [9a1d4bd2-f6e2-46d8-bc0d-6d5e8df6a3c9@group-3DF48FA98743:LeaderElection51] INFO  impl.LeaderElection (LeaderElection.java:askForVotes(182)) - 9a1d4bd2-f6e2-46d8-bc0d-6d5e8df6a3c9@group-3DF48FA98743:LeaderElection51: begin an election at term 1 for -1: [9a1d4bd2-f6e2-46d8-bc0d-6d5e8df6a3c9:192.168.69.108:41459], old=null
2019-09-18 13:18:50,739 [9a1d4bd2-f6e2-46d8-bc0d-6d5e8df6a3c9@group-3DF48FA98743:LeaderElection51] INFO  impl.RoleInfo (RoleInfo.java:shutdownLeaderElection(134)) - 9a1d4bd2-f6e2-46d8-bc0d-6d5e8df6a3c9: shutdown LeaderElection
2019-09-18 13:18:50,739 [9a1d4bd2-f6e2-46d8-bc0d-6d5e8df6a3c9@group-3DF48FA98743:LeaderElection51] INFO  impl.RaftServerImpl (RaftServerImpl.java:setRole(174)) - 9a1d4bd2-f6e2-46d8-bc0d-6d5e8df6a3c9@group-3DF48FA98743: changes role from CANDIDATE to LEADER at term 1 for changeToLeader
2019-09-18 13:18:50,739 [9a1d4bd2-f6e2-46d8-bc0d-6d5e8df6a3c9@group-3DF48FA98743:LeaderElection51] INFO  impl.RaftServerImpl (ServerState.java:setLeader(253)) - 9a1d4bd2-f6e2-46d8-bc0d-6d5e8df6a3c9@group-3DF48FA98743: change Leader from null to 9a1d4bd2-f6e2-46d8-bc0d-6d5e8df6a3c9 at term 1 for becomeLeader, leader elected after 5161ms
2019-09-18 13:18:50,740 [9a1d4bd2-f6e2-46d8-bc0d-6d5e8df6a3c9@group-3DF48FA98743:LeaderElection51] INFO  server.RaftServerConfigKeys (ConfUtils.java:logGet(43)) - raft.server.staging.catchup.gap = 1000 (default)
2019-09-18 13:18:50,740 [9a1d4bd2-f6e2-46d8-bc0d-6d5e8df6a3c9@group-3DF48FA98743:LeaderElection51] INFO  server.RaftServerConfigKeys (ConfUtils.java:logGet(43)) - raft.server.rpc.sleep.time = 25ms (default)
2019-09-18 13:18:50,740 [9a1d4bd2-f6e2-46d8-bc0d-6d5e8df6a3c9@group-3DF48FA98743:LeaderElection51] INFO  server.RaftServerConfigKeys (ConfUtils.java:logGet(43)) - raft.server.write.element-limit = 4096 (default)
2019-09-18 13:18:50,740 [9a1d4bd2-f6e2-46d8-bc0d-6d5e8df6a3c9@group-3DF48FA98743:LeaderElection51] INFO  server.RaftServerConfigKeys (ConfUtils.java:logGet(43)) - raft.server.watch.timeout = 10s (default)
2019-09-18 13:18:50,740 [9a1d4bd2-f6e2-46d8-bc0d-6d5e8df6a3c9@group-3DF48FA98743:LeaderElection51] INFO  server.RaftServerConfigKeys (ConfUtils.java:logGet(43)) - raft.server.watch.timeout.denomination = 1s (default)
2019-09-18 13:18:50,741 [9a1d4bd2-f6e2-46d8-bc0d-6d5e8df6a3c9@group-3DF48FA98743:LeaderElection51] INFO  server.RaftServerConfigKeys (ConfUtils.java:logGet(43)) - raft.server.watch.element-limit = 65536 (default)
2019-09-18 13:18:50,744 [9a1d4bd2-f6e2-46d8-bc0d-6d5e8df6a3c9@group-3DF48FA98743:LeaderElection51] INFO  impl.RoleInfo (RoleInfo.java:updateAndGet(143)) - 9a1d4bd2-f6e2-46d8-bc0d-6d5e8df6a3c9: start LeaderState
2019-09-18 13:18:50,745 [9a1d4bd2-f6e2-46d8-bc0d-6d5e8df6a3c9@group-3DF48FA98743:LeaderElection51] INFO  segmented.SegmentedRaftLogWorker (SegmentedRaftLogWorker.java:startLogSegment(380)) - 9a1d4bd2-f6e2-46d8-bc0d-6d5e8df6a3c9@group-3DF48FA98743-SegmentedRaftLogWorker: Starting segment from index:0
2019-09-18 13:18:50,746 [9a1d4bd2-f6e2-46d8-bc0d-6d5e8df6a3c9@group-3DF48FA98743:LeaderElection51] INFO  impl.RaftServerImpl (ServerState.java:setRaftConf(354)) - 9a1d4bd2-f6e2-46d8-bc0d-6d5e8df6a3c9@group-3DF48FA98743: set configuration 0: [9a1d4bd2-f6e2-46d8-bc0d-6d5e8df6a3c9:192.168.69.108:41459], old=null at 0
2019-09-18 13:18:50,747 [Thread-2898] INFO  impl.FollowerState (FollowerState.java:run(106)) - 780542ca-6867-4742-bfe9-12a474ec226a:group-DDA61E32BCC8 changes to CANDIDATE, lastRpcTime:5044, electionTimeout:5044ms
2019-09-18 13:18:50,748 [Thread-2898] INFO  impl.RoleInfo (RoleInfo.java:shutdownFollowerState(121)) - 780542ca-6867-4742-bfe9-12a474ec226a: shutdown FollowerState
2019-09-18 13:18:50,748 [Thread-2898] INFO  impl.RaftServerImpl (RaftServerImpl.java:setRole(174)) - 780542ca-6867-4742-bfe9-12a474ec226a@group-DDA61E32BCC8: changes role from  FOLLOWER to CANDIDATE at term 0 for changeToCandidate
2019-09-18 13:18:50,748 [Thread-2898] INFO  impl.RoleInfo (RoleInfo.java:updateAndGet(143)) - 780542ca-6867-4742-bfe9-12a474ec226a: start LeaderElection
2019-09-18 13:18:50,787 [Thread-2895] INFO  impl.FollowerState (FollowerState.java:run(106)) - eb696baf-1371-4214-b447-aabaa08e9d3b:group-72FE7EE7D2C7 changes to CANDIDATE, lastRpcTime:5128, electionTimeout:5122ms
2019-09-18 13:18:50,810 [Thread-2895] INFO  impl.RoleInfo (RoleInfo.java:shutdownFollowerState(121)) - eb696baf-1371-4214-b447-aabaa08e9d3b: shutdown FollowerState
2019-09-18 13:18:50,810 [Thread-2895] INFO  impl.RaftServerImpl (RaftServerImpl.java:setRole(174)) - eb696baf-1371-4214-b447-aabaa08e9d3b@group-72FE7EE7D2C7: changes role from  FOLLOWER to CANDIDATE at term 0 for changeToCandidate
2019-09-18 13:18:50,811 [Thread-2895] INFO  impl.RoleInfo (RoleInfo.java:updateAndGet(143)) - eb696baf-1371-4214-b447-aabaa08e9d3b: start LeaderElection
2019-09-18 13:18:50,811 [9a1d4bd2-f6e2-46d8-bc0d-6d5e8df6a3c9@group-3DF48FA98743-SegmentedRaftLogWorker] INFO  segmented.SegmentedRaftLogWorker (SegmentedRaftLogWorker.java:execute(569)) - 9a1d4bd2-f6e2-46d8-bc0d-6d5e8df6a3c9@group-3DF48FA98743-SegmentedRaftLogWorker: created new log segment /workdir/hadoop-ozone/integration-test/target/test-dir/MiniOzoneClusterImpl-62b0528d-f78b-4475-bf9a-37d6dcf32bc1/datanode-0/data/ratis/7a5c2cbc-3570-4e09-a624-3df48fa98743/current/log_inprogress_0
2019-09-18 13:18:50,816 [780542ca-6867-4742-bfe9-12a474ec226a@group-DDA61E32BCC8:LeaderElection52] INFO  impl.LeaderElection (LeaderElection.java:askForVotes(182)) - 780542ca-6867-4742-bfe9-12a474ec226a@group-DDA61E32BCC8:LeaderElection52: begin an election at term 1 for -1: [780542ca-6867-4742-bfe9-12a474ec226a:192.168.69.108:40971], old=null
2019-09-18 13:18:50,817 [780542ca-6867-4742-bfe9-12a474ec226a@group-DDA61E32BCC8:LeaderElection52] INFO  impl.RoleInfo (RoleInfo.java:shutdownLeaderElection(134)) - 780542ca-6867-4742-bfe9-12a474ec226a: shutdown LeaderElection
2019-09-18 13:18:50,817 [780542ca-6867-4742-bfe9-12a474ec226a@group-DDA61E32BCC8:LeaderElection52] INFO  impl.RaftServerImpl (RaftServerImpl.java:setRole(174)) - 780542ca-6867-4742-bfe9-12a474ec226a@group-DDA61E32BCC8: changes role from CANDIDATE to LEADER at term 1 for changeToLeader
2019-09-18 13:18:50,817 [780542ca-6867-4742-bfe9-12a474ec226a@group-DDA61E32BCC8:LeaderElection52] INFO  impl.RaftServerImpl (ServerState.java:setLeader(253)) - 780542ca-6867-4742-bfe9-12a474ec226a@group-DDA61E32BCC8: change Leader from null to 780542ca-6867-4742-bfe9-12a474ec226a at term 1 for becomeLeader, leader elected after 5119ms
2019-09-18 13:18:50,817 [780542ca-6867-4742-bfe9-12a474ec226a@group-DDA61E32BCC8:LeaderElection52] INFO  server.RaftServerConfigKeys (ConfUtils.java:logGet(43)) - raft.server.staging.catchup.gap = 1000 (default)
2019-09-18 13:18:50,817 [780542ca-6867-4742-bfe9-12a474ec226a@group-DDA61E32BCC8:LeaderElection52] INFO  server.RaftServerConfigKeys (ConfUtils.java:logGet(43)) - raft.server.rpc.sleep.time = 25ms (default)
2019-09-18 13:18:50,817 [780542ca-6867-4742-bfe9-12a474ec226a@group-DDA61E32BCC8:LeaderElection52] INFO  server.RaftServerConfigKeys (ConfUtils.java:logGet(43)) - raft.server.write.element-limit = 4096 (default)
2019-09-18 13:18:50,818 [780542ca-6867-4742-bfe9-12a474ec226a@group-DDA61E32BCC8:LeaderElection52] INFO  server.RaftServerConfigKeys (ConfUtils.java:logGet(43)) - raft.server.watch.timeout = 10s (default)
2019-09-18 13:18:50,818 [780542ca-6867-4742-bfe9-12a474ec226a@group-DDA61E32BCC8:LeaderElection52] INFO  server.RaftServerConfigKeys (ConfUtils.java:logGet(43)) - raft.server.watch.timeout.denomination = 1s (default)
2019-09-18 13:18:50,818 [780542ca-6867-4742-bfe9-12a474ec226a@group-DDA61E32BCC8:LeaderElection52] INFO  server.RaftServerConfigKeys (ConfUtils.java:logGet(43)) - raft.server.watch.element-limit = 65536 (default)
2019-09-18 13:18:50,821 [780542ca-6867-4742-bfe9-12a474ec226a@group-DDA61E32BCC8:LeaderElection52] INFO  impl.RoleInfo (RoleInfo.java:updateAndGet(143)) - 780542ca-6867-4742-bfe9-12a474ec226a: start LeaderState
2019-09-18 13:18:50,821 [780542ca-6867-4742-bfe9-12a474ec226a@group-DDA61E32BCC8:LeaderElection52] INFO  segmented.SegmentedRaftLogWorker (SegmentedRaftLogWorker.java:startLogSegment(380)) - 780542ca-6867-4742-bfe9-12a474ec226a@group-DDA61E32BCC8-SegmentedRaftLogWorker: Starting segment from index:0
2019-09-18 13:18:50,822 [780542ca-6867-4742-bfe9-12a474ec226a@group-DDA61E32BCC8:LeaderElection52] INFO  impl.RaftServerImpl (ServerState.java:setRaftConf(354)) - 780542ca-6867-4742-bfe9-12a474ec226a@group-DDA61E32BCC8: set configuration 0: [780542ca-6867-4742-bfe9-12a474ec226a:192.168.69.108:40971], old=null at 0
2019-09-18 13:18:50,865 [eb696baf-1371-4214-b447-aabaa08e9d3b@group-72FE7EE7D2C7:LeaderElection53] INFO  impl.LeaderElection (LeaderElection.java:askForVotes(182)) - eb696baf-1371-4214-b447-aabaa08e9d3b@group-72FE7EE7D2C7:LeaderElection53: begin an election at term 1 for -1: [eb696baf-1371-4214-b447-aabaa08e9d3b:192.168.69.108:41570], old=null
2019-09-18 13:18:50,865 [eb696baf-1371-4214-b447-aabaa08e9d3b@group-72FE7EE7D2C7:LeaderElection53] INFO  impl.RoleInfo (RoleInfo.java:shutdownLeaderElection(134)) - eb696baf-1371-4214-b447-aabaa08e9d3b: shutdown LeaderElection
2019-09-18 13:18:50,865 [eb696baf-1371-4214-b447-aabaa08e9d3b@group-72FE7EE7D2C7:LeaderElection53] INFO  impl.RaftServerImpl (RaftServerImpl.java:setRole(174)) - eb696baf-1371-4214-b447-aabaa08e9d3b@group-72FE7EE7D2C7: changes role from CANDIDATE to LEADER at term 1 for changeToLeader
2019-09-18 13:18:50,865 [eb696baf-1371-4214-b447-aabaa08e9d3b@group-72FE7EE7D2C7:LeaderElection53] INFO  impl.RaftServerImpl (ServerState.java:setLeader(253)) - eb696baf-1371-4214-b447-aabaa08e9d3b@group-72FE7EE7D2C7: change Leader from null to eb696baf-1371-4214-b447-aabaa08e9d3b at term 1 for becomeLeader, leader elected after 5213ms
2019-09-18 13:18:50,866 [eb696baf-1371-4214-b447-aabaa08e9d3b@group-72FE7EE7D2C7:LeaderElection53] INFO  server.RaftServerConfigKeys (ConfUtils.java:logGet(43)) - raft.server.staging.catchup.gap = 1000 (default)
2019-09-18 13:18:50,866 [eb696baf-1371-4214-b447-aabaa08e9d3b@group-72FE7EE7D2C7:LeaderElection53] INFO  server.RaftServerConfigKeys (ConfUtils.java:logGet(43)) - raft.server.rpc.sleep.time = 25ms (default)
2019-09-18 13:18:50,866 [eb696baf-1371-4214-b447-aabaa08e9d3b@group-72FE7EE7D2C7:LeaderElection53] INFO  server.RaftServerConfigKeys (ConfUtils.java:logGet(43)) - raft.server.write.element-limit = 4096 (default)
2019-09-18 13:18:50,866 [eb696baf-1371-4214-b447-aabaa08e9d3b@group-72FE7EE7D2C7:LeaderElection53] INFO  server.RaftServerConfigKeys (ConfUtils.java:logGet(43)) - raft.server.watch.timeout = 10s (default)
2019-09-18 13:18:50,867 [eb696baf-1371-4214-b447-aabaa08e9d3b@group-72FE7EE7D2C7:LeaderElection53] INFO  server.RaftServerConfigKeys (ConfUtils.java:logGet(43)) - raft.server.watch.timeout.denomination = 1s (default)
2019-09-18 13:18:50,867 [eb696baf-1371-4214-b447-aabaa08e9d3b@group-72FE7EE7D2C7:LeaderElection53] INFO  server.RaftServerConfigKeys (ConfUtils.java:logGet(43)) - raft.server.watch.element-limit = 65536 (default)
2019-09-18 13:18:50,867 [Thread-2907] INFO  impl.FollowerState (FollowerState.java:run(106)) - 780542ca-6867-4742-bfe9-12a474ec226a:group-D025A6FD987B changes to CANDIDATE, lastRpcTime:5062, electionTimeout:5062ms
2019-09-18 13:18:50,867 [Thread-2907] INFO  impl.RoleInfo (RoleInfo.java:shutdownFollowerState(121)) - 780542ca-6867-4742-bfe9-12a474ec226a: shutdown FollowerState
2019-09-18 13:18:50,867 [Thread-2907] INFO  impl.RaftServerImpl (RaftServerImpl.java:setRole(174)) - 780542ca-6867-4742-bfe9-12a474ec226a@group-D025A6FD987B: changes role from  FOLLOWER to CANDIDATE at term 0 for changeToCandidate
2019-09-18 13:18:50,868 [Thread-2907] INFO  impl.RoleInfo (RoleInfo.java:updateAndGet(143)) - 780542ca-6867-4742-bfe9-12a474ec226a: start LeaderElection
2019-09-18 13:18:50,873 [eb696baf-1371-4214-b447-aabaa08e9d3b@group-72FE7EE7D2C7:LeaderElection53] INFO  impl.RoleInfo (RoleInfo.java:updateAndGet(143)) - eb696baf-1371-4214-b447-aabaa08e9d3b: start LeaderState
2019-09-18 13:18:50,873 [eb696baf-1371-4214-b447-aabaa08e9d3b@group-72FE7EE7D2C7:LeaderElection53] INFO  segmented.SegmentedRaftLogWorker (SegmentedRaftLogWorker.java:startLogSegment(380)) - eb696baf-1371-4214-b447-aabaa08e9d3b@group-72FE7EE7D2C7-SegmentedRaftLogWorker: Starting segment from index:0
2019-09-18 13:18:50,874 [eb696baf-1371-4214-b447-aabaa08e9d3b@group-72FE7EE7D2C7:LeaderElection53] INFO  impl.RaftServerImpl (ServerState.java:setRaftConf(354)) - eb696baf-1371-4214-b447-aabaa08e9d3b@group-72FE7EE7D2C7: set configuration 0: [eb696baf-1371-4214-b447-aabaa08e9d3b:192.168.69.108:41570], old=null at 0
2019-09-18 13:18:50,922 [780542ca-6867-4742-bfe9-12a474ec226a@group-DDA61E32BCC8-SegmentedRaftLogWorker] INFO  segmented.SegmentedRaftLogWorker (SegmentedRaftLogWorker.java:execute(569)) - 780542ca-6867-4742-bfe9-12a474ec226a@group-DDA61E32BCC8-SegmentedRaftLogWorker: created new log segment /workdir/hadoop-ozone/integration-test/target/test-dir/MiniOzoneClusterImpl-62b0528d-f78b-4475-bf9a-37d6dcf32bc1/datanode-2/data/ratis/268d3a67-7b6e-4ce6-8152-dda61e32bcc8/current/log_inprogress_0
2019-09-18 13:18:50,922 [Thread-2901] INFO  impl.FollowerState (FollowerState.java:run(106)) - eb696baf-1371-4214-b447-aabaa08e9d3b:group-D025A6FD987B changes to CANDIDATE, lastRpcTime:5144, electionTimeout:5085ms
2019-09-18 13:18:50,922 [780542ca-6867-4742-bfe9-12a474ec226a@group-D025A6FD987B:LeaderElection54] INFO  impl.LeaderElection (LeaderElection.java:askForVotes(182)) - 780542ca-6867-4742-bfe9-12a474ec226a@group-D025A6FD987B:LeaderElection54: begin an election at term 1 for -1: [eb696baf-1371-4214-b447-aabaa08e9d3b:192.168.69.108:41570, 780542ca-6867-4742-bfe9-12a474ec226a:192.168.69.108:40971, 9a1d4bd2-f6e2-46d8-bc0d-6d5e8df6a3c9:192.168.69.108:41459], old=null
2019-09-18 13:18:50,922 [Thread-2901] INFO  impl.RoleInfo (RoleInfo.java:shutdownFollowerState(121)) - eb696baf-1371-4214-b447-aabaa08e9d3b: shutdown FollowerState
2019-09-18 13:18:50,922 [Thread-2901] INFO  impl.RaftServerImpl (RaftServerImpl.java:setRole(174)) - eb696baf-1371-4214-b447-aabaa08e9d3b@group-D025A6FD987B: changes role from  FOLLOWER to CANDIDATE at term 0 for changeToCandidate
2019-09-18 13:18:50,923 [Thread-2901] INFO  impl.RoleInfo (RoleInfo.java:updateAndGet(143)) - eb696baf-1371-4214-b447-aabaa08e9d3b: start LeaderElection
2019-09-18 13:18:50,941 [grpc-default-executor-2] INFO  impl.RaftServerImpl (RaftServerImpl.java:setRole(174)) - 9a1d4bd2-f6e2-46d8-bc0d-6d5e8df6a3c9@group-D025A6FD987B: changes role from  FOLLOWER to FOLLOWER at term 1 for recognizeCandidate:780542ca-6867-4742-bfe9-12a474ec226a
2019-09-18 13:18:50,941 [Thread-2913] INFO  impl.FollowerState (FollowerState.java:run(106)) - 7b7c28b3-8e58-4b89-8f32-c81a2c7aabdf:group-11F2796033C8 changes to CANDIDATE, lastRpcTime:5024, electionTimeout:5024ms
2019-09-18 13:18:50,941 [grpc-default-executor-2] INFO  impl.RoleInfo (RoleInfo.java:shutdownFollowerState(121)) - 9a1d4bd2-f6e2-46d8-bc0d-6d5e8df6a3c9: shutdown FollowerState
2019-09-18 13:18:50,942 [Thread-2913] INFO  impl.RoleInfo (RoleInfo.java:shutdownFollowerState(121)) - 7b7c28b3-8e58-4b89-8f32-c81a2c7aabdf: shutdown FollowerState
2019-09-18 13:18:50,942 [grpc-default-executor-2] INFO  impl.RoleInfo (RoleInfo.java:updateAndGet(143)) - 9a1d4bd2-f6e2-46d8-bc0d-6d5e8df6a3c9: start FollowerState
2019-09-18 13:18:50,942 [Thread-2905] INFO  impl.FollowerState (FollowerState.java:run(115)) - 9a1d4bd2-f6e2-46d8-bc0d-6d5e8df6a3c9: FollowerState was interrupted: java.lang.InterruptedException: sleep interrupted
2019-09-18 13:18:50,942 [Thread-2913] INFO  impl.RaftServerImpl (RaftServerImpl.java:setRole(174)) - 7b7c28b3-8e58-4b89-8f32-c81a2c7aabdf@group-11F2796033C8: changes role from  FOLLOWER to CANDIDATE at term 0 for changeToCandidate
2019-09-18 13:18:50,945 [eb696baf-1371-4214-b447-aabaa08e9d3b@group-72FE7EE7D2C7-SegmentedRaftLogWorker] INFO  segmented.SegmentedRaftLogWorker (SegmentedRaftLogWorker.java:execute(569)) - eb696baf-1371-4214-b447-aabaa08e9d3b@group-72FE7EE7D2C7-SegmentedRaftLogWorker: created new log segment /workdir/hadoop-ozone/integration-test/target/test-dir/MiniOzoneClusterImpl-62b0528d-f78b-4475-bf9a-37d6dcf32bc1/datanode-1/data/ratis/36204c7e-1c77-4dc7-b5e5-72fe7ee7d2c7/current/log_inprogress_0
2019-09-18 13:18:50,946 [Thread-2913] INFO  impl.RoleInfo (RoleInfo.java:updateAndGet(143)) - 7b7c28b3-8e58-4b89-8f32-c81a2c7aabdf: start LeaderElection
2019-09-18 13:18:50,946 [eb696baf-1371-4214-b447-aabaa08e9d3b@group-D025A6FD987B:LeaderElection55] INFO  impl.LeaderElection (LeaderElection.java:askForVotes(182)) - eb696baf-1371-4214-b447-aabaa08e9d3b@group-D025A6FD987B:LeaderElection55: begin an election at term 1 for -1: [eb696baf-1371-4214-b447-aabaa08e9d3b:192.168.69.108:41570, 780542ca-6867-4742-bfe9-12a474ec226a:192.168.69.108:40971, 9a1d4bd2-f6e2-46d8-bc0d-6d5e8df6a3c9:192.168.69.108:41459], old=null
2019-09-18 13:18:50,979 [7b7c28b3-8e58-4b89-8f32-c81a2c7aabdf@group-11F2796033C8:LeaderElection56] INFO  impl.LeaderElection (LeaderElection.java:askForVotes(182)) - 7b7c28b3-8e58-4b89-8f32-c81a2c7aabdf@group-11F2796033C8:LeaderElection56: begin an election at term 1 for -1: [7b7c28b3-8e58-4b89-8f32-c81a2c7aabdf:192.168.69.108:36959], old=null
2019-09-18 13:18:50,980 [7b7c28b3-8e58-4b89-8f32-c81a2c7aabdf@group-11F2796033C8:LeaderElection56] INFO  impl.RoleInfo (RoleInfo.java:shutdownLeaderElection(134)) - 7b7c28b3-8e58-4b89-8f32-c81a2c7aabdf: shutdown LeaderElection
2019-09-18 13:18:50,980 [7b7c28b3-8e58-4b89-8f32-c81a2c7aabdf@group-11F2796033C8:LeaderElection56] INFO  impl.RaftServerImpl (RaftServerImpl.java:setRole(174)) - 7b7c28b3-8e58-4b89-8f32-c81a2c7aabdf@group-11F2796033C8: changes role from CANDIDATE to LEADER at term 1 for changeToLeader
2019-09-18 13:18:50,980 [7b7c28b3-8e58-4b89-8f32-c81a2c7aabdf@group-11F2796033C8:LeaderElection56] INFO  impl.RaftServerImpl (ServerState.java:setLeader(253)) - 7b7c28b3-8e58-4b89-8f32-c81a2c7aabdf@group-11F2796033C8: change Leader from null to 7b7c28b3-8e58-4b89-8f32-c81a2c7aabdf at term 1 for becomeLeader, leader elected after 5070ms
2019-09-18 13:18:50,990 [7b7c28b3-8e58-4b89-8f32-c81a2c7aabdf@group-11F2796033C8:LeaderElection56] INFO  server.RaftServerConfigKeys (ConfUtils.java:logGet(43)) - raft.server.staging.catchup.gap = 1000 (default)
2019-09-18 13:18:50,991 [7b7c28b3-8e58-4b89-8f32-c81a2c7aabdf@group-11F2796033C8:LeaderElection56] INFO  server.RaftServerConfigKeys (ConfUtils.java:logGet(43)) - raft.server.rpc.sleep.time = 25ms (default)
2019-09-18 13:18:50,991 [780542ca-6867-4742-bfe9-12a474ec226a@group-D025A6FD987B:LeaderElection54] INFO  impl.LeaderElection (LeaderElection.java:logAndReturn(56)) - 780542ca-6867-4742-bfe9-12a474ec226a@group-D025A6FD987B:LeaderElection54: Election PASSED; received 2 response(s) [780542ca-6867-4742-bfe9-12a474ec226a<-eb696baf-1371-4214-b447-aabaa08e9d3b#0:FAIL-t1, 780542ca-6867-4742-bfe9-12a474ec226a<-9a1d4bd2-f6e2-46d8-bc0d-6d5e8df6a3c9#0:OK-t1] and 0 exception(s); 780542ca-6867-4742-bfe9-12a474ec226a@group-D025A6FD987B:t1, leader=null, voted=780542ca-6867-4742-bfe9-12a474ec226a, raftlog=780542ca-6867-4742-bfe9-12a474ec226a@group-D025A6FD987B-SegmentedRaftLog:OPENED:c-1,f-1,i0, conf=-1: [eb696baf-1371-4214-b447-aabaa08e9d3b:192.168.69.108:41570, 780542ca-6867-4742-bfe9-12a474ec226a:192.168.69.108:40971, 9a1d4bd2-f6e2-46d8-bc0d-6d5e8df6a3c9:192.168.69.108:41459], old=null
2019-09-18 13:18:50,991 [7b7c28b3-8e58-4b89-8f32-c81a2c7aabdf@group-11F2796033C8:LeaderElection56] INFO  server.RaftServerConfigKeys (ConfUtils.java:logGet(43)) - raft.server.write.element-limit = 4096 (default)
2019-09-18 13:18:50,991 [eb696baf-1371-4214-b447-aabaa08e9d3b@group-D025A6FD987B:LeaderElection55] INFO  impl.LeaderElection (LeaderElection.java:logAndReturn(56)) - eb696baf-1371-4214-b447-aabaa08e9d3b@group-D025A6FD987B:LeaderElection55: Election REJECTED; received 2 response(s) [eb696baf-1371-4214-b447-aabaa08e9d3b<-780542ca-6867-4742-bfe9-12a474ec226a#0:FAIL-t1, eb696baf-1371-4214-b447-aabaa08e9d3b<-9a1d4bd2-f6e2-46d8-bc0d-6d5e8df6a3c9#0:FAIL-t1] and 0 exception(s); eb696baf-1371-4214-b447-aabaa08e9d3b@group-D025A6FD987B:t1, leader=null, voted=eb696baf-1371-4214-b447-aabaa08e9d3b, raftlog=eb696baf-1371-4214-b447-aabaa08e9d3b@group-D025A6FD987B-SegmentedRaftLog:OPENED:c-1,f-1,i0, conf=-1: [eb696baf-1371-4214-b447-aabaa08e9d3b:192.168.69.108:41570, 780542ca-6867-4742-bfe9-12a474ec226a:192.168.69.108:40971, 9a1d4bd2-f6e2-46d8-bc0d-6d5e8df6a3c9:192.168.69.108:41459], old=null
2019-09-18 13:18:50,991 [7b7c28b3-8e58-4b89-8f32-c81a2c7aabdf@group-11F2796033C8:LeaderElection56] INFO  server.RaftServerConfigKeys (ConfUtils.java:logGet(43)) - raft.server.watch.timeout = 10s (default)
2019-09-18 13:18:50,991 [780542ca-6867-4742-bfe9-12a474ec226a@group-D025A6FD987B:LeaderElection54] INFO  impl.RoleInfo (RoleInfo.java:shutdownLeaderElection(134)) - 780542ca-6867-4742-bfe9-12a474ec226a: shutdown LeaderElection
2019-09-18 13:18:50,996 [Thread-2910] INFO  impl.FollowerState (FollowerState.java:run(106)) - b5e58cb2-65b2-462a-9849-1bc2048b184b:group-4EFA183A01A4 changes to CANDIDATE, lastRpcTime:5127, electionTimeout:5126ms
2019-09-18 13:18:50,994 [7b7c28b3-8e58-4b89-8f32-c81a2c7aabdf@group-11F2796033C8:LeaderElection56] INFO  server.RaftServerConfigKeys (ConfUtils.java:logGet(43)) - raft.server.watch.timeout.denomination = 1s (default)
2019-09-18 13:18:50,994 [eb696baf-1371-4214-b447-aabaa08e9d3b@group-D025A6FD987B:LeaderElection55] INFO  impl.RaftServerImpl (RaftServerImpl.java:setRole(174)) - eb696baf-1371-4214-b447-aabaa08e9d3b@group-D025A6FD987B: changes role from CANDIDATE to FOLLOWER at term 1 for DISCOVERED_A_NEW_TERM
2019-09-18 13:18:50,997 [eb696baf-1371-4214-b447-aabaa08e9d3b@group-D025A6FD987B:LeaderElection55] INFO  impl.RoleInfo (RoleInfo.java:shutdownLeaderElection(134)) - eb696baf-1371-4214-b447-aabaa08e9d3b: shutdown LeaderElection
2019-09-18 13:18:50,997 [7b7c28b3-8e58-4b89-8f32-c81a2c7aabdf@group-11F2796033C8:LeaderElection56] INFO  server.RaftServerConfigKeys (ConfUtils.java:logGet(43)) - raft.server.watch.element-limit = 65536 (default)
2019-09-18 13:18:50,997 [Thread-2910] INFO  impl.RoleInfo (RoleInfo.java:shutdownFollowerState(121)) - b5e58cb2-65b2-462a-9849-1bc2048b184b: shutdown FollowerState
2019-09-18 13:18:50,998 [Thread-2910] INFO  impl.RaftServerImpl (RaftServerImpl.java:setRole(174)) - b5e58cb2-65b2-462a-9849-1bc2048b184b@group-4EFA183A01A4: changes role from  FOLLOWER to CANDIDATE at term 0 for changeToCandidate
2019-09-18 13:18:50,996 [780542ca-6867-4742-bfe9-12a474ec226a@group-D025A6FD987B:LeaderElection54] INFO  impl.RaftServerImpl (RaftServerImpl.java:setRole(174)) - 780542ca-6867-4742-bfe9-12a474ec226a@group-D025A6FD987B: changes role from CANDIDATE to LEADER at term 1 for changeToLeader
2019-09-18 13:18:50,998 [Thread-2910] INFO  impl.RoleInfo (RoleInfo.java:updateAndGet(143)) - b5e58cb2-65b2-462a-9849-1bc2048b184b: start LeaderElection
2019-09-18 13:18:50,997 [eb696baf-1371-4214-b447-aabaa08e9d3b@group-D025A6FD987B:LeaderElection55] INFO  impl.RoleInfo (RoleInfo.java:updateAndGet(143)) - eb696baf-1371-4214-b447-aabaa08e9d3b: start FollowerState
2019-09-18 13:18:50,998 [780542ca-6867-4742-bfe9-12a474ec226a@group-D025A6FD987B:LeaderElection54] INFO  impl.RaftServerImpl (ServerState.java:setLeader(253)) - 780542ca-6867-4742-bfe9-12a474ec226a@group-D025A6FD987B: change Leader from null to 780542ca-6867-4742-bfe9-12a474ec226a at term 1 for becomeLeader, leader elected after 5226ms
2019-09-18 13:18:50,998 [780542ca-6867-4742-bfe9-12a474ec226a@group-D025A6FD987B:LeaderElection54] INFO  server.RaftServerConfigKeys (ConfUtils.java:logGet(43)) - raft.server.staging.catchup.gap = 1000 (default)
2019-09-18 13:18:51,001 [780542ca-6867-4742-bfe9-12a474ec226a@group-D025A6FD987B:LeaderElection54] INFO  server.RaftServerConfigKeys (ConfUtils.java:logGet(43)) - raft.server.rpc.sleep.time = 25ms (default)
2019-09-18 13:18:51,001 [780542ca-6867-4742-bfe9-12a474ec226a@group-D025A6FD987B:LeaderElection54] INFO  server.RaftServerConfigKeys (ConfUtils.java:logGet(43)) - raft.server.write.element-limit = 4096 (default)
2019-09-18 13:18:51,002 [780542ca-6867-4742-bfe9-12a474ec226a@group-D025A6FD987B:LeaderElection54] INFO  server.RaftServerConfigKeys (ConfUtils.java:logGet(43)) - raft.server.watch.timeout = 10s (default)
2019-09-18 13:18:51,002 [780542ca-6867-4742-bfe9-12a474ec226a@group-D025A6FD987B:LeaderElection54] INFO  server.RaftServerConfigKeys (ConfUtils.java:logGet(43)) - raft.server.watch.timeout.denomination = 1s (default)
2019-09-18 13:18:51,002 [7b7c28b3-8e58-4b89-8f32-c81a2c7aabdf@group-11F2796033C8:LeaderElection56] INFO  impl.RoleInfo (RoleInfo.java:updateAndGet(143)) - 7b7c28b3-8e58-4b89-8f32-c81a2c7aabdf: start LeaderState
2019-09-18 13:18:51,002 [780542ca-6867-4742-bfe9-12a474ec226a@group-D025A6FD987B:LeaderElection54] INFO  server.RaftServerConfigKeys (ConfUtils.java:logGet(43)) - raft.server.watch.element-limit = 65536 (default)
2019-09-18 13:18:51,002 [7b7c28b3-8e58-4b89-8f32-c81a2c7aabdf@group-11F2796033C8:LeaderElection56] INFO  segmented.SegmentedRaftLogWorker (SegmentedRaftLogWorker.java:startLogSegment(380)) - 7b7c28b3-8e58-4b89-8f32-c81a2c7aabdf@group-11F2796033C8-SegmentedRaftLogWorker: Starting segment from index:0
2019-09-18 13:18:51,003 [7b7c28b3-8e58-4b89-8f32-c81a2c7aabdf@group-11F2796033C8:LeaderElection56] INFO  impl.RaftServerImpl (ServerState.java:setRaftConf(354)) - 7b7c28b3-8e58-4b89-8f32-c81a2c7aabdf@group-11F2796033C8: set configuration 0: [7b7c28b3-8e58-4b89-8f32-c81a2c7aabdf:192.168.69.108:36959], old=null at 0
2019-09-18 13:18:51,042 [b5e58cb2-65b2-462a-9849-1bc2048b184b@group-4EFA183A01A4:LeaderElection57] INFO  impl.LeaderElection (LeaderElection.java:askForVotes(182)) - b5e58cb2-65b2-462a-9849-1bc2048b184b@group-4EFA183A01A4:LeaderElection57: begin an election at term 1 for -1: [b5e58cb2-65b2-462a-9849-1bc2048b184b:192.168.69.108:34672], old=null
2019-09-18 13:18:51,046 [b5e58cb2-65b2-462a-9849-1bc2048b184b@group-4EFA183A01A4:LeaderElection57] INFO  impl.RoleInfo (RoleInfo.java:shutdownLeaderElection(134)) - b5e58cb2-65b2-462a-9849-1bc2048b184b: shutdown LeaderElection
2019-09-18 13:18:51,046 [b5e58cb2-65b2-462a-9849-1bc2048b184b@group-4EFA183A01A4:LeaderElection57] INFO  impl.RaftServerImpl (RaftServerImpl.java:setRole(174)) - b5e58cb2-65b2-462a-9849-1bc2048b184b@group-4EFA183A01A4: changes role from CANDIDATE to LEADER at term 1 for changeToLeader
2019-09-18 13:18:51,046 [b5e58cb2-65b2-462a-9849-1bc2048b184b@group-4EFA183A01A4:LeaderElection57] INFO  impl.RaftServerImpl (ServerState.java:setLeader(253)) - b5e58cb2-65b2-462a-9849-1bc2048b184b@group-4EFA183A01A4: change Leader from null to b5e58cb2-65b2-462a-9849-1bc2048b184b at term 1 for becomeLeader, leader elected after 5183ms
2019-09-18 13:18:51,046 [b5e58cb2-65b2-462a-9849-1bc2048b184b@group-4EFA183A01A4:LeaderElection57] INFO  server.RaftServerConfigKeys (ConfUtils.java:logGet(43)) - raft.server.staging.catchup.gap = 1000 (default)
2019-09-18 13:18:51,046 [b5e58cb2-65b2-462a-9849-1bc2048b184b@group-4EFA183A01A4:LeaderElection57] INFO  server.RaftServerConfigKeys (ConfUtils.java:logGet(43)) - raft.server.rpc.sleep.time = 25ms (default)
2019-09-18 13:18:51,046 [b5e58cb2-65b2-462a-9849-1bc2048b184b@group-4EFA183A01A4:LeaderElection57] INFO  server.RaftServerConfigKeys (ConfUtils.java:logGet(43)) - raft.server.write.element-limit = 4096 (default)
2019-09-18 13:18:51,047 [b5e58cb2-65b2-462a-9849-1bc2048b184b@group-4EFA183A01A4:LeaderElection57] INFO  server.RaftServerConfigKeys (ConfUtils.java:logGet(43)) - raft.server.watch.timeout = 10s (default)
2019-09-18 13:18:51,047 [b5e58cb2-65b2-462a-9849-1bc2048b184b@group-4EFA183A01A4:LeaderElection57] INFO  server.RaftServerConfigKeys (ConfUtils.java:logGet(43)) - raft.server.watch.timeout.denomination = 1s (default)
2019-09-18 13:18:51,047 [b5e58cb2-65b2-462a-9849-1bc2048b184b@group-4EFA183A01A4:LeaderElection57] INFO  server.RaftServerConfigKeys (ConfUtils.java:logGet(43)) - raft.server.watch.element-limit = 65536 (default)
2019-09-18 13:18:51,047 [780542ca-6867-4742-bfe9-12a474ec226a@group-D025A6FD987B:LeaderElection54] INFO  server.RaftServerConfigKeys (ConfUtils.java:logGet(43)) - raft.server.log.appender.snapshot.chunk.size.max = 16MB (=16777216) (default)
2019-09-18 13:18:51,047 [780542ca-6867-4742-bfe9-12a474ec226a@group-D025A6FD987B:LeaderElection54] INFO  server.RaftServerConfigKeys (ConfUtils.java:logGet(43)) - raft.server.log.appender.buffer.byte-limit = 33554432 (custom)
2019-09-18 13:18:51,048 [780542ca-6867-4742-bfe9-12a474ec226a@group-D025A6FD987B:LeaderElection54] INFO  server.RaftServerConfigKeys (ConfUtils.java:logGet(43)) - raft.server.log.appender.buffer.element-limit = 1 (custom)
2019-09-18 13:18:51,048 [780542ca-6867-4742-bfe9-12a474ec226a@group-D025A6FD987B:LeaderElection54] INFO  grpc.GrpcConfigKeys$Server (ConfUtils.java:logGet(43)) - raft.grpc.server.leader.outstanding.appends.max = 128 (default)
2019-09-18 13:18:51,048 [780542ca-6867-4742-bfe9-12a474ec226a@group-D025A6FD987B:LeaderElection54] INFO  server.RaftServerConfigKeys (ConfUtils.java:logGet(43)) - raft.server.rpc.request.timeout = 3000ms (default)
2019-09-18 13:18:51,049 [780542ca-6867-4742-bfe9-12a474ec226a@group-D025A6FD987B:LeaderElection54] INFO  server.RaftServerConfigKeys (ConfUtils.java:logGet(43)) - raft.server.log.appender.install.snapshot.enabled = false (custom)
2019-09-18 13:18:51,049 [780542ca-6867-4742-bfe9-12a474ec226a@group-D025A6FD987B:LeaderElection54] INFO  server.RaftServerConfigKeys (ConfUtils.java:logGet(43)) - raft.server.log.appender.snapshot.chunk.size.max = 16MB (=16777216) (default)
2019-09-18 13:18:51,049 [b5e58cb2-65b2-462a-9849-1bc2048b184b@group-4EFA183A01A4:LeaderElection57] INFO  impl.RoleInfo (RoleInfo.java:updateAndGet(143)) - b5e58cb2-65b2-462a-9849-1bc2048b184b: start LeaderState
2019-09-18 13:18:51,049 [780542ca-6867-4742-bfe9-12a474ec226a@group-D025A6FD987B:LeaderElection54] INFO  server.RaftServerConfigKeys (ConfUtils.java:logGet(43)) - raft.server.log.appender.buffer.byte-limit = 33554432 (custom)
2019-09-18 13:18:51,049 [b5e58cb2-65b2-462a-9849-1bc2048b184b@group-4EFA183A01A4:LeaderElection57] INFO  segmented.SegmentedRaftLogWorker (SegmentedRaftLogWorker.java:startLogSegment(380)) - b5e58cb2-65b2-462a-9849-1bc2048b184b@group-4EFA183A01A4-SegmentedRaftLogWorker: Starting segment from index:0
2019-09-18 13:18:51,049 [780542ca-6867-4742-bfe9-12a474ec226a@group-D025A6FD987B:LeaderElection54] INFO  server.RaftServerConfigKeys (ConfUtils.java:logGet(43)) - raft.server.log.appender.buffer.element-limit = 1 (custom)
2019-09-18 13:18:51,050 [780542ca-6867-4742-bfe9-12a474ec226a@group-D025A6FD987B:LeaderElection54] INFO  grpc.GrpcConfigKeys$Server (ConfUtils.java:logGet(43)) - raft.grpc.server.leader.outstanding.appends.max = 128 (default)
2019-09-18 13:18:51,050 [b5e58cb2-65b2-462a-9849-1bc2048b184b@group-4EFA183A01A4:LeaderElection57] INFO  impl.RaftServerImpl (ServerState.java:setRaftConf(354)) - b5e58cb2-65b2-462a-9849-1bc2048b184b@group-4EFA183A01A4: set configuration 0: [b5e58cb2-65b2-462a-9849-1bc2048b184b:192.168.69.108:34672], old=null at 0
2019-09-18 13:18:51,050 [780542ca-6867-4742-bfe9-12a474ec226a@group-D025A6FD987B:LeaderElection54] INFO  server.RaftServerConfigKeys (ConfUtils.java:logGet(43)) - raft.server.rpc.request.timeout = 3000ms (default)
2019-09-18 13:18:51,089 [7b7c28b3-8e58-4b89-8f32-c81a2c7aabdf@group-11F2796033C8-SegmentedRaftLogWorker] INFO  segmented.SegmentedRaftLogWorker (SegmentedRaftLogWorker.java:execute(569)) - 7b7c28b3-8e58-4b89-8f32-c81a2c7aabdf@group-11F2796033C8-SegmentedRaftLogWorker: created new log segment /workdir/hadoop-ozone/integration-test/target/test-dir/MiniOzoneClusterImpl-62b0528d-f78b-4475-bf9a-37d6dcf32bc1/datanode-5/data/ratis/abf7f063-46f1-4784-b03f-11f2796033c8/current/log_inprogress_0
2019-09-18 13:18:51,089 [780542ca-6867-4742-bfe9-12a474ec226a@group-D025A6FD987B:LeaderElection54] INFO  server.RaftServerConfigKeys (ConfUtils.java:logGet(43)) - raft.server.log.appender.install.snapshot.enabled = false (custom)
2019-09-18 13:18:51,090 [780542ca-6867-4742-bfe9-12a474ec226a@group-D025A6FD987B:LeaderElection54] INFO  impl.RoleInfo (RoleInfo.java:updateAndGet(143)) - 780542ca-6867-4742-bfe9-12a474ec226a: start LeaderState
2019-09-18 13:18:51,090 [780542ca-6867-4742-bfe9-12a474ec226a@group-D025A6FD987B:LeaderElection54] INFO  segmented.SegmentedRaftLogWorker (SegmentedRaftLogWorker.java:startLogSegment(380)) - 780542ca-6867-4742-bfe9-12a474ec226a@group-D025A6FD987B-SegmentedRaftLogWorker: Starting segment from index:0
2019-09-18 13:18:51,091 [780542ca-6867-4742-bfe9-12a474ec226a@group-D025A6FD987B:LeaderElection54] INFO  impl.RaftServerImpl (ServerState.java:setRaftConf(354)) - 780542ca-6867-4742-bfe9-12a474ec226a@group-D025A6FD987B: set configuration 0: [eb696baf-1371-4214-b447-aabaa08e9d3b:192.168.69.108:41570, 780542ca-6867-4742-bfe9-12a474ec226a:192.168.69.108:40971, 9a1d4bd2-f6e2-46d8-bc0d-6d5e8df6a3c9:192.168.69.108:41459], old=null at 0
2019-09-18 13:18:51,093 [grpc-default-executor-8] INFO  impl.RaftServerImpl (ServerState.java:setLeader(253)) - 9a1d4bd2-f6e2-46d8-bc0d-6d5e8df6a3c9@group-D025A6FD987B: change Leader from null to 780542ca-6867-4742-bfe9-12a474ec226a at term 1 for appendEntries, leader elected after 5321ms
2019-09-18 13:18:51,093 [grpc-default-executor-9] INFO  impl.RaftServerImpl (ServerState.java:setLeader(253)) - eb696baf-1371-4214-b447-aabaa08e9d3b@group-D025A6FD987B: change Leader from null to 780542ca-6867-4742-bfe9-12a474ec226a at term 1 for appendEntries, leader elected after 5322ms
2019-09-18 13:18:51,137 [Thread-2919] INFO  impl.FollowerState (FollowerState.java:run(106)) - 34aa374e-f09c-476d-b99f-2e062a89b85b:group-BB182CFBC6AF changes to CANDIDATE, lastRpcTime:5125, electionTimeout:5123ms
2019-09-18 13:18:51,138 [Thread-2919] INFO  impl.RoleInfo (RoleInfo.java:shutdownFollowerState(121)) - 34aa374e-f09c-476d-b99f-2e062a89b85b: shutdown FollowerState
2019-09-18 13:18:51,138 [b5e58cb2-65b2-462a-9849-1bc2048b184b@group-4EFA183A01A4-SegmentedRaftLogWorker] INFO  segmented.SegmentedRaftLogWorker (SegmentedRaftLogWorker.java:execute(569)) - b5e58cb2-65b2-462a-9849-1bc2048b184b@group-4EFA183A01A4-SegmentedRaftLogWorker: created new log segment /workdir/hadoop-ozone/integration-test/target/test-dir/MiniOzoneClusterImpl-62b0528d-f78b-4475-bf9a-37d6dcf32bc1/datanode-4/data/ratis/75bd6103-8578-4e0d-b1f5-4efa183a01a4/current/log_inprogress_0
2019-09-18 13:18:51,138 [Thread-2919] INFO  impl.RaftServerImpl (RaftServerImpl.java:setRole(174)) - 34aa374e-f09c-476d-b99f-2e062a89b85b@group-BB182CFBC6AF: changes role from  FOLLOWER to CANDIDATE at term 0 for changeToCandidate
2019-09-18 13:18:51,138 [Thread-2916] INFO  impl.FollowerState (FollowerState.java:run(106)) - 9efe3194-bd4f-49a4-be9a-a0c0ad574cdc:group-223002EF1782 changes to CANDIDATE, lastRpcTime:5174, electionTimeout:5142ms
2019-09-18 13:18:51,138 [Thread-2919] INFO  impl.RoleInfo (RoleInfo.java:updateAndGet(143)) - 34aa374e-f09c-476d-b99f-2e062a89b85b: start LeaderElection
2019-09-18 13:18:51,138 [Thread-2916] INFO  impl.RoleInfo (RoleInfo.java:shutdownFollowerState(121)) - 9efe3194-bd4f-49a4-be9a-a0c0ad574cdc: shutdown FollowerState
2019-09-18 13:18:51,139 [Thread-2916] INFO  impl.RaftServerImpl (RaftServerImpl.java:setRole(174)) - 9efe3194-bd4f-49a4-be9a-a0c0ad574cdc@group-223002EF1782: changes role from  FOLLOWER to CANDIDATE at term 0 for changeToCandidate
2019-09-18 13:18:51,145 [Thread-2916] INFO  impl.RoleInfo (RoleInfo.java:updateAndGet(143)) - 9efe3194-bd4f-49a4-be9a-a0c0ad574cdc: start LeaderElection
2019-09-18 13:18:51,151 [780542ca-6867-4742-bfe9-12a474ec226a@group-D025A6FD987B-SegmentedRaftLogWorker] INFO  segmented.SegmentedRaftLogWorker (SegmentedRaftLogWorker.java:execute(569)) - 780542ca-6867-4742-bfe9-12a474ec226a@group-D025A6FD987B-SegmentedRaftLogWorker: created new log segment /workdir/hadoop-ozone/integration-test/target/test-dir/MiniOzoneClusterImpl-62b0528d-f78b-4475-bf9a-37d6dcf32bc1/datanode-2/data/ratis/309197b0-fbea-4cb2-8b1c-d025a6fd987b/current/log_inprogress_0
2019-09-18 13:18:51,151 [Thread-2926] INFO  impl.FollowerState (FollowerState.java:run(106)) - b5e58cb2-65b2-462a-9849-1bc2048b184b:group-1B011D0DD7FC changes to CANDIDATE, lastRpcTime:5050, electionTimeout:5048ms
2019-09-18 13:18:51,155 [Thread-2926] INFO  impl.RoleInfo (RoleInfo.java:shutdownFollowerState(121)) - b5e58cb2-65b2-462a-9849-1bc2048b184b: shutdown FollowerState
2019-09-18 13:18:51,155 [Thread-2926] INFO  impl.RaftServerImpl (RaftServerImpl.java:setRole(174)) - b5e58cb2-65b2-462a-9849-1bc2048b184b@group-1B011D0DD7FC: changes role from  FOLLOWER to CANDIDATE at term 0 for changeToCandidate
2019-09-18 13:18:51,155 [grpc-default-executor-9] INFO  client.GrpcClientProtocolClient (GrpcClientProtocolClient.java:onNext(264)) - client-81B2B449C4EC->eb696baf-1371-4214-b447-aabaa08e9d3b: receive RaftClientReply:client-81B2B449C4EC->eb696baf-1371-4214-b447-aabaa08e9d3b@group-D025A6FD987B, cid=175, FAILED org.apache.ratis.protocol.NotLeaderException: Server eb696baf-1371-4214-b447-aabaa08e9d3b@group-D025A6FD987B is not the leader, logIndex=0, commits[eb696baf-1371-4214-b447-aabaa08e9d3b:c-1, 780542ca-6867-4742-bfe9-12a474ec226a:c-1, 9a1d4bd2-f6e2-46d8-bc0d-6d5e8df6a3c9:c-1]
2019-09-18 13:18:51,156 [grpc-default-executor-2] INFO  impl.RaftServerImpl (ServerState.java:setRaftConf(354)) - 9a1d4bd2-f6e2-46d8-bc0d-6d5e8df6a3c9@group-D025A6FD987B: set configuration 0: [eb696baf-1371-4214-b447-aabaa08e9d3b:192.168.69.108:41570, 780542ca-6867-4742-bfe9-12a474ec226a:192.168.69.108:40971, 9a1d4bd2-f6e2-46d8-bc0d-6d5e8df6a3c9:192.168.69.108:41459], old=null at 0
2019-09-18 13:18:51,155 [Thread-2926] INFO  impl.RoleInfo (RoleInfo.java:updateAndGet(143)) - b5e58cb2-65b2-462a-9849-1bc2048b184b: start LeaderElection
2019-09-18 13:18:51,156 [grpc-default-executor-2] INFO  segmented.SegmentedRaftLogWorker (SegmentedRaftLogWorker.java:startLogSegment(380)) - 9a1d4bd2-f6e2-46d8-bc0d-6d5e8df6a3c9@group-D025A6FD987B-SegmentedRaftLogWorker: Starting segment from index:0
2019-09-18 13:18:51,156 [grpc-default-executor-8] INFO  impl.RaftServerImpl (ServerState.java:setRaftConf(354)) - eb696baf-1371-4214-b447-aabaa08e9d3b@group-D025A6FD987B: set configuration 0: [eb696baf-1371-4214-b447-aabaa08e9d3b:192.168.69.108:41570, 780542ca-6867-4742-bfe9-12a474ec226a:192.168.69.108:40971, 9a1d4bd2-f6e2-46d8-bc0d-6d5e8df6a3c9:192.168.69.108:41459], old=null at 0
2019-09-18 13:18:51,163 [grpc-default-executor-8] INFO  segmented.SegmentedRaftLogWorker (SegmentedRaftLogWorker.java:startLogSegment(380)) - eb696baf-1371-4214-b447-aabaa08e9d3b@group-D025A6FD987B-SegmentedRaftLogWorker: Starting segment from index:0
2019-09-18 13:18:51,180 [9efe3194-bd4f-49a4-be9a-a0c0ad574cdc@group-223002EF1782:LeaderElection59] INFO  impl.LeaderElection (LeaderElection.java:askForVotes(182)) - 9efe3194-bd4f-49a4-be9a-a0c0ad574cdc@group-223002EF1782:LeaderElection59: begin an election at term 1 for -1: [9efe3194-bd4f-49a4-be9a-a0c0ad574cdc:192.168.69.108:37138], old=null
2019-09-18 13:18:51,180 [b5e58cb2-65b2-462a-9849-1bc2048b184b@group-1B011D0DD7FC:LeaderElection60] INFO  impl.LeaderElection (LeaderElection.java:askForVotes(182)) - b5e58cb2-65b2-462a-9849-1bc2048b184b@group-1B011D0DD7FC:LeaderElection60: begin an election at term 1 for -1: [9efe3194-bd4f-49a4-be9a-a0c0ad574cdc:192.168.69.108:37138, 7b7c28b3-8e58-4b89-8f32-c81a2c7aabdf:192.168.69.108:36959, b5e58cb2-65b2-462a-9849-1bc2048b184b:192.168.69.108:34672], old=null
2019-09-18 13:18:51,180 [34aa374e-f09c-476d-b99f-2e062a89b85b@group-BB182CFBC6AF:LeaderElection58] INFO  impl.LeaderElection (LeaderElection.java:askForVotes(182)) - 34aa374e-f09c-476d-b99f-2e062a89b85b@group-BB182CFBC6AF:LeaderElection58: begin an election at term 1 for -1: [34aa374e-f09c-476d-b99f-2e062a89b85b:192.168.69.108:45048], old=null
2019-09-18 13:18:51,181 [9efe3194-bd4f-49a4-be9a-a0c0ad574cdc@group-223002EF1782:LeaderElection59] INFO  impl.RoleInfo (RoleInfo.java:shutdownLeaderElection(134)) - 9efe3194-bd4f-49a4-be9a-a0c0ad574cdc: shutdown LeaderElection
2019-09-18 13:18:51,181 [34aa374e-f09c-476d-b99f-2e062a89b85b@group-BB182CFBC6AF:LeaderElection58] INFO  impl.RoleInfo (RoleInfo.java:shutdownLeaderElection(134)) - 34aa374e-f09c-476d-b99f-2e062a89b85b: shutdown LeaderElection
2019-09-18 13:18:51,181 [9efe3194-bd4f-49a4-be9a-a0c0ad574cdc@group-223002EF1782:LeaderElection59] INFO  impl.RaftServerImpl (RaftServerImpl.java:setRole(174)) - 9efe3194-bd4f-49a4-be9a-a0c0ad574cdc@group-223002EF1782: changes role from CANDIDATE to LEADER at term 1 for changeToLeader
2019-09-18 13:18:51,181 [34aa374e-f09c-476d-b99f-2e062a89b85b@group-BB182CFBC6AF:LeaderElection58] INFO  impl.RaftServerImpl (RaftServerImpl.java:setRole(174)) - 34aa374e-f09c-476d-b99f-2e062a89b85b@group-BB182CFBC6AF: changes role from CANDIDATE to LEADER at term 1 for changeToLeader
2019-09-18 13:18:51,181 [9efe3194-bd4f-49a4-be9a-a0c0ad574cdc@group-223002EF1782:LeaderElection59] INFO  impl.RaftServerImpl (ServerState.java:setLeader(253)) - 9efe3194-bd4f-49a4-be9a-a0c0ad574cdc@group-223002EF1782: change Leader from null to 9efe3194-bd4f-49a4-be9a-a0c0ad574cdc at term 1 for becomeLeader, leader elected after 5225ms
2019-09-18 13:18:51,181 [34aa374e-f09c-476d-b99f-2e062a89b85b@group-BB182CFBC6AF:LeaderElection58] INFO  impl.RaftServerImpl (ServerState.java:setLeader(253)) - 34aa374e-f09c-476d-b99f-2e062a89b85b@group-BB182CFBC6AF: change Leader from null to 34aa374e-f09c-476d-b99f-2e062a89b85b at term 1 for becomeLeader, leader elected after 5175ms
2019-09-18 13:18:51,182 [9efe3194-bd4f-49a4-be9a-a0c0ad574cdc@group-223002EF1782:LeaderElection59] INFO  server.RaftServerConfigKeys (ConfUtils.java:logGet(43)) - raft.server.staging.catchup.gap = 1000 (default)
2019-09-18 13:18:51,182 [34aa374e-f09c-476d-b99f-2e062a89b85b@group-BB182CFBC6AF:LeaderElection58] INFO  server.RaftServerConfigKeys (ConfUtils.java:logGet(43)) - raft.server.staging.catchup.gap = 1000 (default)
2019-09-18 13:18:51,182 [9efe3194-bd4f-49a4-be9a-a0c0ad574cdc@group-223002EF1782:LeaderElection59] INFO  server.RaftServerConfigKeys (ConfUtils.java:logGet(43)) - raft.server.rpc.sleep.time = 25ms (default)
2019-09-18 13:18:51,182 [34aa374e-f09c-476d-b99f-2e062a89b85b@group-BB182CFBC6AF:LeaderElection58] INFO  server.RaftServerConfigKeys (ConfUtils.java:logGet(43)) - raft.server.rpc.sleep.time = 25ms (default)
2019-09-18 13:18:51,182 [9efe3194-bd4f-49a4-be9a-a0c0ad574cdc@group-223002EF1782:LeaderElection59] INFO  server.RaftServerConfigKeys (ConfUtils.java:logGet(43)) - raft.server.write.element-limit = 4096 (default)
2019-09-18 13:18:51,182 [34aa374e-f09c-476d-b99f-2e062a89b85b@group-BB182CFBC6AF:LeaderElection58] INFO  server.RaftServerConfigKeys (ConfUtils.java:logGet(43)) - raft.server.write.element-limit = 4096 (default)
2019-09-18 13:18:51,182 [9efe3194-bd4f-49a4-be9a-a0c0ad574cdc@group-223002EF1782:LeaderElection59] INFO  server.RaftServerConfigKeys (ConfUtils.java:logGet(43)) - raft.server.watch.timeout = 10s (default)
2019-09-18 13:18:51,183 [9efe3194-bd4f-49a4-be9a-a0c0ad574cdc@group-223002EF1782:LeaderElection59] INFO  server.RaftServerConfigKeys (ConfUtils.java:logGet(43)) - raft.server.watch.timeout.denomination = 1s (default)
2019-09-18 13:18:51,183 [34aa374e-f09c-476d-b99f-2e062a89b85b@group-BB182CFBC6AF:LeaderElection58] INFO  server.RaftServerConfigKeys (ConfUtils.java:logGet(43)) - raft.server.watch.timeout = 10s (default)
2019-09-18 13:18:51,183 [9efe3194-bd4f-49a4-be9a-a0c0ad574cdc@group-223002EF1782:LeaderElection59] INFO  server.RaftServerConfigKeys (ConfUtils.java:logGet(43)) - raft.server.watch.element-limit = 65536 (default)
2019-09-18 13:18:51,183 [34aa374e-f09c-476d-b99f-2e062a89b85b@group-BB182CFBC6AF:LeaderElection58] INFO  server.RaftServerConfigKeys (ConfUtils.java:logGet(43)) - raft.server.watch.timeout.denomination = 1s (default)
2019-09-18 13:18:51,214 [34aa374e-f09c-476d-b99f-2e062a89b85b@group-BB182CFBC6AF:LeaderElection58] INFO  server.RaftServerConfigKeys (ConfUtils.java:logGet(43)) - raft.server.watch.element-limit = 65536 (default)
2019-09-18 13:18:51,216 [grpc-default-executor-8] INFO  impl.RaftServerImpl (RaftServerImpl.java:setRole(174)) - 9efe3194-bd4f-49a4-be9a-a0c0ad574cdc@group-1B011D0DD7FC: changes role from  FOLLOWER to FOLLOWER at term 1 for recognizeCandidate:b5e58cb2-65b2-462a-9849-1bc2048b184b
2019-09-18 13:18:51,216 [grpc-default-executor-7] INFO  impl.RaftServerImpl (RaftServerImpl.java:setRole(174)) - 7b7c28b3-8e58-4b89-8f32-c81a2c7aabdf@group-1B011D0DD7FC: changes role from  FOLLOWER to FOLLOWER at term 1 for recognizeCandidate:b5e58cb2-65b2-462a-9849-1bc2048b184b
2019-09-18 13:18:51,217 [grpc-default-executor-8] INFO  impl.RoleInfo (RoleInfo.java:shutdownFollowerState(121)) - 9efe3194-bd4f-49a4-be9a-a0c0ad574cdc: shutdown FollowerState
2019-09-18 13:18:51,217 [grpc-default-executor-7] INFO  impl.RoleInfo (RoleInfo.java:shutdownFollowerState(121)) - 7b7c28b3-8e58-4b89-8f32-c81a2c7aabdf: shutdown FollowerState
2019-09-18 13:18:51,217 [grpc-default-executor-8] INFO  impl.RoleInfo (RoleInfo.java:updateAndGet(143)) - 9efe3194-bd4f-49a4-be9a-a0c0ad574cdc: start FollowerState
2019-09-18 13:18:51,217 [grpc-default-executor-7] INFO  impl.RoleInfo (RoleInfo.java:updateAndGet(143)) - 7b7c28b3-8e58-4b89-8f32-c81a2c7aabdf: start FollowerState
2019-09-18 13:18:51,217 [Thread-2928] INFO  impl.FollowerState (FollowerState.java:run(115)) - 9efe3194-bd4f-49a4-be9a-a0c0ad574cdc: FollowerState was interrupted: java.lang.InterruptedException: sleep interrupted
2019-09-18 13:18:51,218 [9efe3194-bd4f-49a4-be9a-a0c0ad574cdc@group-223002EF1782:LeaderElection59] INFO  impl.RoleInfo (RoleInfo.java:updateAndGet(143)) - 9efe3194-bd4f-49a4-be9a-a0c0ad574cdc: start LeaderState
2019-09-18 13:18:51,218 [Thread-2922] INFO  impl.FollowerState (FollowerState.java:run(115)) - 7b7c28b3-8e58-4b89-8f32-c81a2c7aabdf: FollowerState was interrupted: java.lang.InterruptedException: sleep interrupted
2019-09-18 13:18:51,218 [34aa374e-f09c-476d-b99f-2e062a89b85b@group-BB182CFBC6AF:LeaderElection58] INFO  impl.RoleInfo (RoleInfo.java:updateAndGet(143)) - 34aa374e-f09c-476d-b99f-2e062a89b85b: start LeaderState
2019-09-18 13:18:51,221 [9efe3194-bd4f-49a4-be9a-a0c0ad574cdc@group-223002EF1782:LeaderElection59] INFO  segmented.SegmentedRaftLogWorker (SegmentedRaftLogWorker.java:startLogSegment(380)) - 9efe3194-bd4f-49a4-be9a-a0c0ad574cdc@group-223002EF1782-SegmentedRaftLogWorker: Starting segment from index:0
2019-09-18 13:18:51,224 [34aa374e-f09c-476d-b99f-2e062a89b85b@group-BB182CFBC6AF:LeaderElection58] INFO  segmented.SegmentedRaftLogWorker (SegmentedRaftLogWorker.java:startLogSegment(380)) - 34aa374e-f09c-476d-b99f-2e062a89b85b@group-BB182CFBC6AF-SegmentedRaftLogWorker: Starting segment from index:0
2019-09-18 13:18:51,224 [9efe3194-bd4f-49a4-be9a-a0c0ad574cdc@group-223002EF1782:LeaderElection59] INFO  impl.RaftServerImpl (ServerState.java:setRaftConf(354)) - 9efe3194-bd4f-49a4-be9a-a0c0ad574cdc@group-223002EF1782: set configuration 0: [9efe3194-bd4f-49a4-be9a-a0c0ad574cdc:192.168.69.108:37138], old=null at 0
2019-09-18 13:18:51,225 [34aa374e-f09c-476d-b99f-2e062a89b85b@group-BB182CFBC6AF:LeaderElection58] INFO  impl.RaftServerImpl (ServerState.java:setRaftConf(354)) - 34aa374e-f09c-476d-b99f-2e062a89b85b@group-BB182CFBC6AF: set configuration 0: [34aa374e-f09c-476d-b99f-2e062a89b85b:192.168.69.108:45048], old=null at 0
2019-09-18 13:18:51,262 [eb696baf-1371-4214-b447-aabaa08e9d3b@group-D025A6FD987B-SegmentedRaftLogWorker] INFO  segmented.SegmentedRaftLogWorker (SegmentedRaftLogWorker.java:execute(569)) - eb696baf-1371-4214-b447-aabaa08e9d3b@group-D025A6FD987B-SegmentedRaftLogWorker: created new log segment /workdir/hadoop-ozone/integration-test/target/test-dir/MiniOzoneClusterImpl-62b0528d-f78b-4475-bf9a-37d6dcf32bc1/datanode-1/data/ratis/309197b0-fbea-4cb2-8b1c-d025a6fd987b/current/log_inprogress_0
2019-09-18 13:18:51,262 [9a1d4bd2-f6e2-46d8-bc0d-6d5e8df6a3c9@group-D025A6FD987B-SegmentedRaftLogWorker] INFO  segmented.SegmentedRaftLogWorker (SegmentedRaftLogWorker.java:execute(569)) - 9a1d4bd2-f6e2-46d8-bc0d-6d5e8df6a3c9@group-D025A6FD987B-SegmentedRaftLogWorker: created new log segment /workdir/hadoop-ozone/integration-test/target/test-dir/MiniOzoneClusterImpl-62b0528d-f78b-4475-bf9a-37d6dcf32bc1/datanode-0/data/ratis/309197b0-fbea-4cb2-8b1c-d025a6fd987b/current/log_inprogress_0
2019-09-18 13:18:51,300 [b5e58cb2-65b2-462a-9849-1bc2048b184b@group-1B011D0DD7FC:LeaderElection60] INFO  impl.LeaderElection (LeaderElection.java:logAndReturn(56)) - b5e58cb2-65b2-462a-9849-1bc2048b184b@group-1B011D0DD7FC:LeaderElection60: Election PASSED; received 1 response(s) [b5e58cb2-65b2-462a-9849-1bc2048b184b<-9efe3194-bd4f-49a4-be9a-a0c0ad574cdc#0:OK-t1] and 0 exception(s); b5e58cb2-65b2-462a-9849-1bc2048b184b@group-1B011D0DD7FC:t1, leader=null, voted=b5e58cb2-65b2-462a-9849-1bc2048b184b, raftlog=b5e58cb2-65b2-462a-9849-1bc2048b184b@group-1B011D0DD7FC-SegmentedRaftLog:OPENED:c-1,f-1,i0, conf=-1: [9efe3194-bd4f-49a4-be9a-a0c0ad574cdc:192.168.69.108:37138, 7b7c28b3-8e58-4b89-8f32-c81a2c7aabdf:192.168.69.108:36959, b5e58cb2-65b2-462a-9849-1bc2048b184b:192.168.69.108:34672], old=null
2019-09-18 13:18:51,300 [b5e58cb2-65b2-462a-9849-1bc2048b184b@group-1B011D0DD7FC:LeaderElection60] INFO  impl.RoleInfo (RoleInfo.java:shutdownLeaderElection(134)) - b5e58cb2-65b2-462a-9849-1bc2048b184b: shutdown LeaderElection
2019-09-18 13:18:51,300 [b5e58cb2-65b2-462a-9849-1bc2048b184b@group-1B011D0DD7FC:LeaderElection60] INFO  impl.RaftServerImpl (RaftServerImpl.java:setRole(174)) - b5e58cb2-65b2-462a-9849-1bc2048b184b@group-1B011D0DD7FC: changes role from CANDIDATE to LEADER at term 1 for changeToLeader
2019-09-18 13:18:51,300 [b5e58cb2-65b2-462a-9849-1bc2048b184b@group-1B011D0DD7FC:LeaderElection60] INFO  impl.RaftServerImpl (ServerState.java:setLeader(253)) - b5e58cb2-65b2-462a-9849-1bc2048b184b@group-1B011D0DD7FC: change Leader from null to b5e58cb2-65b2-462a-9849-1bc2048b184b at term 1 for becomeLeader, leader elected after 5216ms
2019-09-18 13:18:51,300 [b5e58cb2-65b2-462a-9849-1bc2048b184b@group-1B011D0DD7FC:LeaderElection60] INFO  server.RaftServerConfigKeys (ConfUtils.java:logGet(43)) - raft.server.staging.catchup.gap = 1000 (default)
2019-09-18 13:18:51,300 [b5e58cb2-65b2-462a-9849-1bc2048b184b@group-1B011D0DD7FC:LeaderElection60] INFO  server.RaftServerConfigKeys (ConfUtils.java:logGet(43)) - raft.server.rpc.sleep.time = 25ms (default)
2019-09-18 13:18:51,301 [b5e58cb2-65b2-462a-9849-1bc2048b184b@group-1B011D0DD7FC:LeaderElection60] INFO  server.RaftServerConfigKeys (ConfUtils.java:logGet(43)) - raft.server.write.element-limit = 4096 (default)
2019-09-18 13:18:51,301 [b5e58cb2-65b2-462a-9849-1bc2048b184b@group-1B011D0DD7FC:LeaderElection60] INFO  server.RaftServerConfigKeys (ConfUtils.java:logGet(43)) - raft.server.watch.timeout = 10s (default)
2019-09-18 13:18:51,301 [b5e58cb2-65b2-462a-9849-1bc2048b184b@group-1B011D0DD7FC:LeaderElection60] INFO  server.RaftServerConfigKeys (ConfUtils.java:logGet(43)) - raft.server.watch.timeout.denomination = 1s (default)
2019-09-18 13:18:51,301 [b5e58cb2-65b2-462a-9849-1bc2048b184b@group-1B011D0DD7FC:LeaderElection60] INFO  server.RaftServerConfigKeys (ConfUtils.java:logGet(43)) - raft.server.watch.element-limit = 65536 (default)
2019-09-18 13:18:51,302 [b5e58cb2-65b2-462a-9849-1bc2048b184b@group-1B011D0DD7FC:LeaderElection60] INFO  server.RaftServerConfigKeys (ConfUtils.java:logGet(43)) - raft.server.log.appender.snapshot.chunk.size.max = 16MB (=16777216) (default)
2019-09-18 13:18:51,302 [b5e58cb2-65b2-462a-9849-1bc2048b184b@group-1B011D0DD7FC:LeaderElection60] INFO  server.RaftServerConfigKeys (ConfUtils.java:logGet(43)) - raft.server.log.appender.buffer.byte-limit = 33554432 (custom)
2019-09-18 13:18:51,302 [b5e58cb2-65b2-462a-9849-1bc2048b184b@group-1B011D0DD7FC:LeaderElection60] INFO  server.RaftServerConfigKeys (ConfUtils.java:logGet(43)) - raft.server.log.appender.buffer.element-limit = 1 (custom)
2019-09-18 13:18:51,303 [b5e58cb2-65b2-462a-9849-1bc2048b184b@group-1B011D0DD7FC:LeaderElection60] INFO  grpc.GrpcConfigKeys$Server (ConfUtils.java:logGet(43)) - raft.grpc.server.leader.outstanding.appends.max = 128 (default)
2019-09-18 13:18:51,303 [b5e58cb2-65b2-462a-9849-1bc2048b184b@group-1B011D0DD7FC:LeaderElection60] INFO  server.RaftServerConfigKeys (ConfUtils.java:logGet(43)) - raft.server.rpc.request.timeout = 3000ms (default)
2019-09-18 13:18:51,303 [b5e58cb2-65b2-462a-9849-1bc2048b184b@group-1B011D0DD7FC:LeaderElection60] INFO  server.RaftServerConfigKeys (ConfUtils.java:logGet(43)) - raft.server.log.appender.install.snapshot.enabled = false (custom)
2019-09-18 13:18:51,303 [b5e58cb2-65b2-462a-9849-1bc2048b184b@group-1B011D0DD7FC:LeaderElection60] INFO  server.RaftServerConfigKeys (ConfUtils.java:logGet(43)) - raft.server.log.appender.snapshot.chunk.size.max = 16MB (=16777216) (default)
2019-09-18 13:18:51,303 [b5e58cb2-65b2-462a-9849-1bc2048b184b@group-1B011D0DD7FC:LeaderElection60] INFO  server.RaftServerConfigKeys (ConfUtils.java:logGet(43)) - raft.server.log.appender.buffer.byte-limit = 33554432 (custom)
2019-09-18 13:18:51,303 [b5e58cb2-65b2-462a-9849-1bc2048b184b@group-1B011D0DD7FC:LeaderElection60] INFO  server.RaftServerConfigKeys (ConfUtils.java:logGet(43)) - raft.server.log.appender.buffer.element-limit = 1 (custom)
2019-09-18 13:18:51,303 [b5e58cb2-65b2-462a-9849-1bc2048b184b@group-1B011D0DD7FC:LeaderElection60] INFO  grpc.GrpcConfigKeys$Server (ConfUtils.java:logGet(43)) - raft.grpc.server.leader.outstanding.appends.max = 128 (default)
2019-09-18 13:18:51,304 [b5e58cb2-65b2-462a-9849-1bc2048b184b@group-1B011D0DD7FC:LeaderElection60] INFO  server.RaftServerConfigKeys (ConfUtils.java:logGet(43)) - raft.server.rpc.request.timeout = 3000ms (default)
2019-09-18 13:18:51,304 [b5e58cb2-65b2-462a-9849-1bc2048b184b@group-1B011D0DD7FC:LeaderElection60] INFO  server.RaftServerConfigKeys (ConfUtils.java:logGet(43)) - raft.server.log.appender.install.snapshot.enabled = false (custom)
2019-09-18 13:18:51,304 [b5e58cb2-65b2-462a-9849-1bc2048b184b@group-1B011D0DD7FC:LeaderElection60] INFO  impl.RoleInfo (RoleInfo.java:updateAndGet(143)) - b5e58cb2-65b2-462a-9849-1bc2048b184b: start LeaderState
2019-09-18 13:18:51,304 [b5e58cb2-65b2-462a-9849-1bc2048b184b@group-1B011D0DD7FC:LeaderElection60] INFO  segmented.SegmentedRaftLogWorker (SegmentedRaftLogWorker.java:startLogSegment(380)) - b5e58cb2-65b2-462a-9849-1bc2048b184b@group-1B011D0DD7FC-SegmentedRaftLogWorker: Starting segment from index:0
2019-09-18 13:18:51,305 [b5e58cb2-65b2-462a-9849-1bc2048b184b@group-1B011D0DD7FC:LeaderElection60] INFO  impl.RaftServerImpl (ServerState.java:setRaftConf(354)) - b5e58cb2-65b2-462a-9849-1bc2048b184b@group-1B011D0DD7FC: set configuration 0: [9efe3194-bd4f-49a4-be9a-a0c0ad574cdc:192.168.69.108:37138, 7b7c28b3-8e58-4b89-8f32-c81a2c7aabdf:192.168.69.108:36959, b5e58cb2-65b2-462a-9849-1bc2048b184b:192.168.69.108:34672], old=null at 0
2019-09-18 13:18:51,347 [9efe3194-bd4f-49a4-be9a-a0c0ad574cdc@group-223002EF1782-SegmentedRaftLogWorker] INFO  segmented.SegmentedRaftLogWorker (SegmentedRaftLogWorker.java:execute(569)) - 9efe3194-bd4f-49a4-be9a-a0c0ad574cdc@group-223002EF1782-SegmentedRaftLogWorker: created new log segment /workdir/hadoop-ozone/integration-test/target/test-dir/MiniOzoneClusterImpl-62b0528d-f78b-4475-bf9a-37d6dcf32bc1/datanode-6/data/ratis/461622b8-1a11-4b3d-a75c-223002ef1782/current/log_inprogress_0
2019-09-18 13:18:51,347 [34aa374e-f09c-476d-b99f-2e062a89b85b@group-BB182CFBC6AF-SegmentedRaftLogWorker] INFO  segmented.SegmentedRaftLogWorker (SegmentedRaftLogWorker.java:execute(569)) - 34aa374e-f09c-476d-b99f-2e062a89b85b@group-BB182CFBC6AF-SegmentedRaftLogWorker: created new log segment /workdir/hadoop-ozone/integration-test/target/test-dir/MiniOzoneClusterImpl-62b0528d-f78b-4475-bf9a-37d6dcf32bc1/datanode-3/data/ratis/85383d8e-88b3-4086-bceb-bb182cfbc6af/current/log_inprogress_0
2019-09-18 13:18:51,354 [grpc-default-executor-8] INFO  impl.RaftServerImpl (ServerState.java:setLeader(253)) - 7b7c28b3-8e58-4b89-8f32-c81a2c7aabdf@group-1B011D0DD7FC: change Leader from null to b5e58cb2-65b2-462a-9849-1bc2048b184b at term 1 for appendEntries, leader elected after 5269ms
2019-09-18 13:18:51,356 [grpc-default-executor-7] INFO  impl.RaftServerImpl (ServerState.java:setLeader(253)) - 9efe3194-bd4f-49a4-be9a-a0c0ad574cdc@group-1B011D0DD7FC: change Leader from null to b5e58cb2-65b2-462a-9849-1bc2048b184b at term 1 for appendEntries, leader elected after 5268ms
2019-09-18 13:18:51,357 [b5e58cb2-65b2-462a-9849-1bc2048b184b@group-1B011D0DD7FC-SegmentedRaftLogWorker] INFO  segmented.SegmentedRaftLogWorker (SegmentedRaftLogWorker.java:execute(569)) - b5e58cb2-65b2-462a-9849-1bc2048b184b@group-1B011D0DD7FC-SegmentedRaftLogWorker: created new log segment /workdir/hadoop-ozone/integration-test/target/test-dir/MiniOzoneClusterImpl-62b0528d-f78b-4475-bf9a-37d6dcf32bc1/datanode-4/data/ratis/022740f1-b230-465a-8fed-1b011d0dd7fc/current/log_inprogress_0
2019-09-18 13:18:51,358 [grpc-default-executor-7] INFO  impl.RaftServerImpl (ServerState.java:setRaftConf(354)) - 7b7c28b3-8e58-4b89-8f32-c81a2c7aabdf@group-1B011D0DD7FC: set configuration 0: [9efe3194-bd4f-49a4-be9a-a0c0ad574cdc:192.168.69.108:37138, 7b7c28b3-8e58-4b89-8f32-c81a2c7aabdf:192.168.69.108:36959, b5e58cb2-65b2-462a-9849-1bc2048b184b:192.168.69.108:34672], old=null at 0
2019-09-18 13:18:51,360 [grpc-default-executor-9] INFO  impl.RaftServerImpl (ServerState.java:setRaftConf(354)) - 9efe3194-bd4f-49a4-be9a-a0c0ad574cdc@group-1B011D0DD7FC: set configuration 0: [9efe3194-bd4f-49a4-be9a-a0c0ad574cdc:192.168.69.108:37138, 7b7c28b3-8e58-4b89-8f32-c81a2c7aabdf:192.168.69.108:36959, b5e58cb2-65b2-462a-9849-1bc2048b184b:192.168.69.108:34672], old=null at 0
2019-09-18 13:18:51,361 [grpc-default-executor-7] INFO  segmented.SegmentedRaftLogWorker (SegmentedRaftLogWorker.java:startLogSegment(380)) - 7b7c28b3-8e58-4b89-8f32-c81a2c7aabdf@group-1B011D0DD7FC-SegmentedRaftLogWorker: Starting segment from index:0
2019-09-18 13:18:51,361 [grpc-default-executor-9] INFO  segmented.SegmentedRaftLogWorker (SegmentedRaftLogWorker.java:startLogSegment(380)) - 9efe3194-bd4f-49a4-be9a-a0c0ad574cdc@group-1B011D0DD7FC-SegmentedRaftLogWorker: Starting segment from index:0
2019-09-18 13:18:51,417 [9efe3194-bd4f-49a4-be9a-a0c0ad574cdc@group-1B011D0DD7FC-SegmentedRaftLogWorker] INFO  segmented.SegmentedRaftLogWorker (SegmentedRaftLogWorker.java:execute(569)) - 9efe3194-bd4f-49a4-be9a-a0c0ad574cdc@group-1B011D0DD7FC-SegmentedRaftLogWorker: created new log segment /workdir/hadoop-ozone/integration-test/target/test-dir/MiniOzoneClusterImpl-62b0528d-f78b-4475-bf9a-37d6dcf32bc1/datanode-6/data/ratis/022740f1-b230-465a-8fed-1b011d0dd7fc/current/log_inprogress_0
2019-09-18 13:18:51,417 [7b7c28b3-8e58-4b89-8f32-c81a2c7aabdf@group-1B011D0DD7FC-SegmentedRaftLogWorker] INFO  segmented.SegmentedRaftLogWorker (SegmentedRaftLogWorker.java:execute(569)) - 7b7c28b3-8e58-4b89-8f32-c81a2c7aabdf@group-1B011D0DD7FC-SegmentedRaftLogWorker: created new log segment /workdir/hadoop-ozone/integration-test/target/test-dir/MiniOzoneClusterImpl-62b0528d-f78b-4475-bf9a-37d6dcf32bc1/datanode-5/data/ratis/022740f1-b230-465a-8fed-1b011d0dd7fc/current/log_inprogress_0
2019-09-18 13:18:52,174 [grpc-default-executor-9] INFO  client.GrpcClientProtocolClient (GrpcClientProtocolClient.java:onNext(264)) - client-81B2B449C4EC->9a1d4bd2-f6e2-46d8-bc0d-6d5e8df6a3c9: receive RaftClientReply:client-81B2B449C4EC->9a1d4bd2-f6e2-46d8-bc0d-6d5e8df6a3c9@group-D025A6FD987B, cid=175, FAILED org.apache.ratis.protocol.NotLeaderException: Server 9a1d4bd2-f6e2-46d8-bc0d-6d5e8df6a3c9@group-D025A6FD987B is not the leader 780542ca-6867-4742-bfe9-12a474ec226a:192.168.69.108:40971, logIndex=0, commits[9a1d4bd2-f6e2-46d8-bc0d-6d5e8df6a3c9:c-1, eb696baf-1371-4214-b447-aabaa08e9d3b:c-1, 780542ca-6867-4742-bfe9-12a474ec226a:c-1]
2019-09-18 13:18:52,354 [grpc-default-executor-9] INFO  client.GrpcClientProtocolClient (GrpcClientProtocolClient.java:onNext(264)) - client-81B2B449C4EC->780542ca-6867-4742-bfe9-12a474ec226a: receive RaftClientReply:client-81B2B449C4EC->780542ca-6867-4742-bfe9-12a474ec226a@group-D025A6FD987B, cid=175, SUCCESS, logIndex=1, commits[780542ca-6867-4742-bfe9-12a474ec226a:c1, eb696baf-1371-4214-b447-aabaa08e9d3b:c0, 9a1d4bd2-f6e2-46d8-bc0d-6d5e8df6a3c9:c0]
2019-09-18 13:18:52,381 [grpc-default-executor-9] INFO  client.GrpcClientProtocolClient (GrpcClientProtocolClient.java:onNext(264)) - client-81B2B449C4EC->780542ca-6867-4742-bfe9-12a474ec226a: receive RaftClientReply:client-81B2B449C4EC->780542ca-6867-4742-bfe9-12a474ec226a@group-D025A6FD987B, cid=176, SUCCESS, logIndex=3, commits[780542ca-6867-4742-bfe9-12a474ec226a:c3, eb696baf-1371-4214-b447-aabaa08e9d3b:c2, 9a1d4bd2-f6e2-46d8-bc0d-6d5e8df6a3c9:c1]
2019-09-18 13:18:52,423 [grpc-default-executor-8] INFO  client.GrpcClientProtocolClient (GrpcClientProtocolClient.java:onNext(264)) - client-81B2B449C4EC->780542ca-6867-4742-bfe9-12a474ec226a: receive RaftClientReply:client-81B2B449C4EC->780542ca-6867-4742-bfe9-12a474ec226a@group-D025A6FD987B, cid=177, SUCCESS, logIndex=4, commits[780542ca-6867-4742-bfe9-12a474ec226a:c12, eb696baf-1371-4214-b447-aabaa08e9d3b:c7, 9a1d4bd2-f6e2-46d8-bc0d-6d5e8df6a3c9:c7]
2019-09-18 13:18:52,425 [grpc-default-executor-8] INFO  client.GrpcClientProtocolClient (GrpcClientProtocolClient.java:onNext(264)) - client-81B2B449C4EC->780542ca-6867-4742-bfe9-12a474ec226a: receive RaftClientReply:client-81B2B449C4EC->780542ca-6867-4742-bfe9-12a474ec226a@group-D025A6FD987B, cid=178, SUCCESS, logIndex=5, commits[780542ca-6867-4742-bfe9-12a474ec226a:c12, eb696baf-1371-4214-b447-aabaa08e9d3b:c7, 9a1d4bd2-f6e2-46d8-bc0d-6d5e8df6a3c9:c7]
2019-09-18 13:18:52,426 [grpc-default-executor-8] INFO  client.GrpcClientProtocolClient (GrpcClientProtocolClient.java:onNext(264)) - client-81B2B449C4EC->780542ca-6867-4742-bfe9-12a474ec226a: receive RaftClientReply:client-81B2B449C4EC->780542ca-6867-4742-bfe9-12a474ec226a@group-D025A6FD987B, cid=179, SUCCESS, logIndex=6, commits[780542ca-6867-4742-bfe9-12a474ec226a:c12, eb696baf-1371-4214-b447-aabaa08e9d3b:c7, 9a1d4bd2-f6e2-46d8-bc0d-6d5e8df6a3c9:c7]
2019-09-18 13:18:52,533 [grpc-default-executor-8] INFO  client.GrpcClientProtocolClient (GrpcClientProtocolClient.java:onNext(264)) - client-81B2B449C4EC->780542ca-6867-4742-bfe9-12a474ec226a: receive RaftClientReply:client-81B2B449C4EC->780542ca-6867-4742-bfe9-12a474ec226a@group-D025A6FD987B, cid=180, SUCCESS, logIndex=7, commits[780542ca-6867-4742-bfe9-12a474ec226a:c12, eb696baf-1371-4214-b447-aabaa08e9d3b:c7, 9a1d4bd2-f6e2-46d8-bc0d-6d5e8df6a3c9:c7]
2019-09-18 13:18:52,553 [grpc-default-executor-7] INFO  client.GrpcClientProtocolClient (GrpcClientProtocolClient.java:onNext(264)) - client-81B2B449C4EC->780542ca-6867-4742-bfe9-12a474ec226a: receive RaftClientReply:client-81B2B449C4EC->780542ca-6867-4742-bfe9-12a474ec226a@group-D025A6FD987B, cid=181, SUCCESS, logIndex=13, commits[780542ca-6867-4742-bfe9-12a474ec226a:c13, eb696baf-1371-4214-b447-aabaa08e9d3b:c12, 9a1d4bd2-f6e2-46d8-bc0d-6d5e8df6a3c9:c12]
2019-09-18 13:18:52,554 [grpc-default-executor-7] INFO  client.GrpcClientProtocolClient (GrpcClientProtocolClient.java:onNext(264)) - client-81B2B449C4EC->780542ca-6867-4742-bfe9-12a474ec226a: receive RaftClientReply:client-81B2B449C4EC->780542ca-6867-4742-bfe9-12a474ec226a@group-D025A6FD987B, cid=182, SUCCESS, logIndex=14, commits[780542ca-6867-4742-bfe9-12a474ec226a:c14, eb696baf-1371-4214-b447-aabaa08e9d3b:c12, 9a1d4bd2-f6e2-46d8-bc0d-6d5e8df6a3c9:c12]
2019-09-18 13:18:52,583 [grpc-default-executor-7] INFO  client.GrpcClientProtocolClient (GrpcClientProtocolClient.java:onNext(264)) - client-81B2B449C4EC->780542ca-6867-4742-bfe9-12a474ec226a: receive RaftClientReply:client-81B2B449C4EC->780542ca-6867-4742-bfe9-12a474ec226a@group-D025A6FD987B, cid=183, SUCCESS, logIndex=0, commits[780542ca-6867-4742-bfe9-12a474ec226a:c16, eb696baf-1371-4214-b447-aabaa08e9d3b:c14, 9a1d4bd2-f6e2-46d8-bc0d-6d5e8df6a3c9:c14]
2019-09-18 13:18:53,329 [Datanode State Machine Thread - 0] INFO  statemachine.DatanodeStateMachine (DatanodeStateMachine.java:lambda$startDaemon$0(350)) - Ozone container server started.
2019-09-18 13:18:57,357 [EventQueue-StaleNodeForStaleNodeHandler] INFO  node.StaleNodeHandler (StaleNodeHandler.java:onMessage(58)) - Datanode 780542ca-6867-4742-bfe9-12a474ec226a{ip: 192.168.69.108, host: pr-hdds-2141-4zm8s-3863693661, networkLocation: /default-rack, certSerialId: null} moved to stale state. Finalizing its pipelines [PipelineID=309197b0-fbea-4cb2-8b1c-d025a6fd987b, PipelineID=268d3a67-7b6e-4ce6-8152-dda61e32bcc8]
2019-09-18 13:18:57,358 [EventQueue-StaleNodeForStaleNodeHandler] INFO  pipeline.SCMPipelineManager (SCMPipelineManager.java:finalizeAndDestroyPipeline(311)) - destroying pipeline:Pipeline[ Id: 309197b0-fbea-4cb2-8b1c-d025a6fd987b, Nodes: 780542ca-6867-4742-bfe9-12a474ec226a{ip: 192.168.69.108, host: pr-hdds-2141-4zm8s-3863693661, networkLocation: /default-rack, certSerialId: null}9a1d4bd2-f6e2-46d8-bc0d-6d5e8df6a3c9{ip: 192.168.69.108, host: pr-hdds-2141-4zm8s-3863693661, networkLocation: /default-rack, certSerialId: null}eb696baf-1371-4214-b447-aabaa08e9d3b{ip: 192.168.69.108, host: pr-hdds-2141-4zm8s-3863693661, networkLocation: /default-rack, certSerialId: null}, Type:RATIS, Factor:THREE, State:OPEN]
2019-09-18 13:18:57,358 [EventQueue-StaleNodeForStaleNodeHandler] INFO  pipeline.PipelineStateManager (PipelineStateManager.java:finalizePipeline(123)) - Pipeline Pipeline[ Id: 309197b0-fbea-4cb2-8b1c-d025a6fd987b, Nodes: 780542ca-6867-4742-bfe9-12a474ec226a{ip: 192.168.69.108, host: pr-hdds-2141-4zm8s-3863693661, networkLocation: /default-rack, certSerialId: null}9a1d4bd2-f6e2-46d8-bc0d-6d5e8df6a3c9{ip: 192.168.69.108, host: pr-hdds-2141-4zm8s-3863693661, networkLocation: /default-rack, certSerialId: null}eb696baf-1371-4214-b447-aabaa08e9d3b{ip: 192.168.69.108, host: pr-hdds-2141-4zm8s-3863693661, networkLocation: /default-rack, certSerialId: null}, Type:RATIS, Factor:THREE, State:CLOSED] moved to CLOSED state
2019-09-18 13:18:57,359 [EventQueue-StaleNodeForStaleNodeHandler] INFO  pipeline.SCMPipelineManager (SCMPipelineManager.java:finalizeAndDestroyPipeline(311)) - destroying pipeline:Pipeline[ Id: 268d3a67-7b6e-4ce6-8152-dda61e32bcc8, Nodes: 780542ca-6867-4742-bfe9-12a474ec226a{ip: 192.168.69.108, host: pr-hdds-2141-4zm8s-3863693661, networkLocation: /default-rack, certSerialId: null}, Type:RATIS, Factor:ONE, State:OPEN]
2019-09-18 13:18:57,359 [EventQueue-CloseContainerForCloseContainerEventHandler] INFO  container.CloseContainerEventHandler (CloseContainerEventHandler.java:onMessage(61)) - Close container Event triggered for container : #1
2019-09-18 13:18:57,369 [EventQueue-StaleNodeForStaleNodeHandler] INFO  pipeline.PipelineStateManager (PipelineStateManager.java:finalizePipeline(123)) - Pipeline Pipeline[ Id: 268d3a67-7b6e-4ce6-8152-dda61e32bcc8, Nodes: 780542ca-6867-4742-bfe9-12a474ec226a{ip: 192.168.69.108, host: pr-hdds-2141-4zm8s-3863693661, networkLocation: /default-rack, certSerialId: null}, Type:RATIS, Factor:ONE, State:CLOSED] moved to CLOSED state
2019-09-18 13:18:57,585 [main] INFO  ozoneimpl.OzoneContainer (OzoneContainer.java:stop(231)) - Attempting to stop container services.
2019-09-18 13:18:57,586 [main] INFO  impl.RaftServerProxy (RaftServerProxy.java:lambda$close$4(314)) - 780542ca-6867-4742-bfe9-12a474ec226a: close
2019-09-18 13:18:57,587 [main] INFO  impl.RaftServerImpl (RaftServerImpl.java:lambda$shutdown$3(251)) - 780542ca-6867-4742-bfe9-12a474ec226a@group-D025A6FD987B: shutdown
2019-09-18 13:18:57,587 [ForkJoinPool.commonPool-worker-0] INFO  impl.RaftServerImpl (RaftServerImpl.java:lambda$shutdown$3(251)) - 780542ca-6867-4742-bfe9-12a474ec226a@group-DDA61E32BCC8: shutdown
2019-09-18 13:18:57,588 [main] INFO  util.JmxRegister (JmxRegister.java:unregister(73)) - Successfully un-registered JMX Bean with object name Ratis:service=RaftServer,group=group-D025A6FD987B,id=780542ca-6867-4742-bfe9-12a474ec226a
2019-09-18 13:18:57,588 [ForkJoinPool.commonPool-worker-0] INFO  util.JmxRegister (JmxRegister.java:unregister(73)) - Successfully un-registered JMX Bean with object name Ratis:service=RaftServer,group=group-DDA61E32BCC8,id=780542ca-6867-4742-bfe9-12a474ec226a
2019-09-18 13:18:57,588 [main] INFO  impl.RoleInfo (RoleInfo.java:shutdownLeaderState(104)) - 780542ca-6867-4742-bfe9-12a474ec226a: shutdown LeaderState
2019-09-18 13:18:57,589 [ForkJoinPool.commonPool-worker-0] INFO  impl.RoleInfo (RoleInfo.java:shutdownLeaderState(104)) - 780542ca-6867-4742-bfe9-12a474ec226a: shutdown LeaderState
2019-09-18 13:18:57,594 [org.apache.ratis.server.impl.LogAppender$AppenderDaemon$$Lambda$485/2069651634@6c7f0c8a] WARN  server.GrpcLogAppender (GrpcLogAppender.java:mayWait(143)) - 780542ca-6867-4742-bfe9-12a474ec226a@group-D025A6FD987B->9a1d4bd2-f6e2-46d8-bc0d-6d5e8df6a3c9-GrpcLogAppender: Wait interrupted by java.lang.InterruptedException
2019-09-18 13:18:57,593 [main] INFO  impl.PendingRequests (PendingRequests.java:sendNotLeaderResponses(202)) - 780542ca-6867-4742-bfe9-12a474ec226a-PendingRequests: sendNotLeaderResponses
2019-09-18 13:18:57,594 [org.apache.ratis.server.impl.LogAppender$AppenderDaemon$$Lambda$485/2069651634@1cae9089] WARN  server.GrpcLogAppender (GrpcLogAppender.java:mayWait(143)) - 780542ca-6867-4742-bfe9-12a474ec226a@group-D025A6FD987B->eb696baf-1371-4214-b447-aabaa08e9d3b-GrpcLogAppender: Wait interrupted by java.lang.InterruptedException
2019-09-18 13:18:57,594 [ForkJoinPool.commonPool-worker-0] INFO  impl.PendingRequests (PendingRequests.java:sendNotLeaderResponses(202)) - 780542ca-6867-4742-bfe9-12a474ec226a-PendingRequests: sendNotLeaderResponses
2019-09-18 13:18:57,595 [grpc-default-executor-7] INFO  server.GrpcServerProtocolService (GrpcServerProtocolService.java:onCompleted(113)) - 9a1d4bd2-f6e2-46d8-bc0d-6d5e8df6a3c9: Completed APPEND_ENTRIES, lastRequest: 780542ca-6867-4742-bfe9-12a474ec226a->9a1d4bd2-f6e2-46d8-bc0d-6d5e8df6a3c9#19-t1, previous=(t:1, i:16), leaderCommit=16, initializing? false, entries: <empty>
2019-09-18 13:18:57,595 [grpc-default-executor-8] INFO  server.GrpcServerProtocolService (GrpcServerProtocolService.java:onCompleted(113)) - eb696baf-1371-4214-b447-aabaa08e9d3b: Completed APPEND_ENTRIES, lastRequest: 780542ca-6867-4742-bfe9-12a474ec226a->eb696baf-1371-4214-b447-aabaa08e9d3b#19-t1, previous=(t:1, i:16), leaderCommit=16, initializing? false, entries: <empty>
2019-09-18 13:18:57,597 [ForkJoinPool.commonPool-worker-0] INFO  impl.StateMachineUpdater (StateMachineUpdater.java:stopAndJoin(125)) - 780542ca-6867-4742-bfe9-12a474ec226a@group-DDA61E32BCC8-StateMachineUpdater: set stopIndex = 0
2019-09-18 13:18:57,597 [main] INFO  impl.StateMachineUpdater (StateMachineUpdater.java:stopAndJoin(125)) - 780542ca-6867-4742-bfe9-12a474ec226a@group-D025A6FD987B-StateMachineUpdater: set stopIndex = 16
2019-09-18 13:18:57,597 [ForkJoinPool.commonPool-worker-0] INFO  impl.RaftServerImpl (ServerState.java:close(385)) - 780542ca-6867-4742-bfe9-12a474ec226a@group-DDA61E32BCC8: closes. applyIndex: 0
2019-09-18 13:18:57,597 [780542ca-6867-4742-bfe9-12a474ec226a@group-D025A6FD987B-StateMachineUpdater] INFO  ratis.ContainerStateMachine (ContainerStateMachine.java:takeSnapshot(289)) - group-D025A6FD987B: Taking a snapshot at:(t:1, i:14) file /workdir/hadoop-ozone/integration-test/target/test-dir/MiniOzoneClusterImpl-62b0528d-f78b-4475-bf9a-37d6dcf32bc1/datanode-2/data/ratis/309197b0-fbea-4cb2-8b1c-d025a6fd987b/sm/snapshot.1_14
2019-09-18 13:18:57,598 [grpc-default-executor-9] INFO  server.GrpcLogAppender (GrpcLogAppender.java:onCompleted(293)) - 780542ca-6867-4742-bfe9-12a474ec226a@group-D025A6FD987B->9a1d4bd2-f6e2-46d8-bc0d-6d5e8df6a3c9-AppendLogResponseHandler: follower responses appendEntries COMPLETED
2019-09-18 13:18:57,598 [grpc-default-executor-2] INFO  server.GrpcLogAppender (GrpcLogAppender.java:onCompleted(293)) - 780542ca-6867-4742-bfe9-12a474ec226a@group-D025A6FD987B->eb696baf-1371-4214-b447-aabaa08e9d3b-AppendLogResponseHandler: follower responses appendEntries COMPLETED
2019-09-18 13:18:57,598 [780542ca-6867-4742-bfe9-12a474ec226a@group-DDA61E32BCC8-SegmentedRaftLogWorker] INFO  segmented.SegmentedRaftLogWorker (SegmentedRaftLogWorker.java:run(313)) - 780542ca-6867-4742-bfe9-12a474ec226a@group-DDA61E32BCC8-SegmentedRaftLogWorker was interrupted, exiting. There are 0 tasks remaining in the queue.
2019-09-18 13:18:57,601 [grpc-default-executor-9] INFO  impl.FollowerInfo (FollowerInfo.java:lambda$new$0(51)) - 780542ca-6867-4742-bfe9-12a474ec226a@group-D025A6FD987B->9a1d4bd2-f6e2-46d8-bc0d-6d5e8df6a3c9: nextIndex: updateUnconditionally 17 -> 16
2019-09-18 13:18:57,601 [grpc-default-executor-2] INFO  impl.FollowerInfo (FollowerInfo.java:lambda$new$0(51)) - 780542ca-6867-4742-bfe9-12a474ec226a@group-D025A6FD987B->eb696baf-1371-4214-b447-aabaa08e9d3b: nextIndex: updateUnconditionally 17 -> 16
2019-09-18 13:18:57,610 [ForkJoinPool.commonPool-worker-0] INFO  segmented.SegmentedRaftLogWorker (SegmentedRaftLogWorker.java:close(228)) - 780542ca-6867-4742-bfe9-12a474ec226a@group-DDA61E32BCC8-SegmentedRaftLogWorker close()
2019-09-18 13:18:57,625 [780542ca-6867-4742-bfe9-12a474ec226a@group-D025A6FD987B-StateMachineUpdater] INFO  ratis.ContainerStateMachine (ContainerStateMachine.java:takeSnapshot(300)) - group-D025A6FD987B: Finished taking a snapshot at:(t:1, i:14) file:/workdir/hadoop-ozone/integration-test/target/test-dir/MiniOzoneClusterImpl-62b0528d-f78b-4475-bf9a-37d6dcf32bc1/datanode-2/data/ratis/309197b0-fbea-4cb2-8b1c-d025a6fd987b/sm/snapshot.1_14 time:28
2019-09-18 13:18:57,626 [780542ca-6867-4742-bfe9-12a474ec226a@group-D025A6FD987B-StateMachineUpdater] INFO  impl.StateMachineUpdater (StateMachineUpdater.java:takeSnapshot(258)) - 780542ca-6867-4742-bfe9-12a474ec226a@group-D025A6FD987B-StateMachineUpdater: Took a snapshot at index 14
2019-09-18 13:18:57,626 [780542ca-6867-4742-bfe9-12a474ec226a@group-D025A6FD987B-StateMachineUpdater] INFO  impl.StateMachineUpdater (StateMachineUpdater.java:lambda$new$0(83)) - 780542ca-6867-4742-bfe9-12a474ec226a@group-D025A6FD987B-StateMachineUpdater: snapshotIndex: updateIncreasingly -1 -> 14
2019-09-18 13:18:57,626 [780542ca-6867-4742-bfe9-12a474ec226a@group-D025A6FD987B-StateMachineUpdater] INFO  ratis.ContainerStateMachine (ContainerStateMachine.java:takeSnapshot(289)) - group-D025A6FD987B: Taking a snapshot at:(t:1, i:14) file /workdir/hadoop-ozone/integration-test/target/test-dir/MiniOzoneClusterImpl-62b0528d-f78b-4475-bf9a-37d6dcf32bc1/datanode-2/data/ratis/309197b0-fbea-4cb2-8b1c-d025a6fd987b/sm/snapshot.1_14
2019-09-18 13:18:57,638 [780542ca-6867-4742-bfe9-12a474ec226a@group-D025A6FD987B-StateMachineUpdater] INFO  ratis.ContainerStateMachine (ContainerStateMachine.java:takeSnapshot(300)) - group-D025A6FD987B: Finished taking a snapshot at:(t:1, i:14) file:/workdir/hadoop-ozone/integration-test/target/test-dir/MiniOzoneClusterImpl-62b0528d-f78b-4475-bf9a-37d6dcf32bc1/datanode-2/data/ratis/309197b0-fbea-4cb2-8b1c-d025a6fd987b/sm/snapshot.1_14 time:12
2019-09-18 13:18:57,638 [780542ca-6867-4742-bfe9-12a474ec226a@group-D025A6FD987B-StateMachineUpdater] INFO  impl.StateMachineUpdater (StateMachineUpdater.java:takeSnapshot(258)) - 780542ca-6867-4742-bfe9-12a474ec226a@group-D025A6FD987B-StateMachineUpdater: Took a snapshot at index 14
2019-09-18 13:18:57,639 [780542ca-6867-4742-bfe9-12a474ec226a@group-D025A6FD987B-StateMachineUpdater] INFO  impl.StateMachineUpdater (StateMachineUpdater.java:lambda$new$0(83)) - 780542ca-6867-4742-bfe9-12a474ec226a@group-D025A6FD987B-StateMachineUpdater: snapshotIndex: updateIncreasingly 14 -> 14
2019-09-18 13:18:57,639 [main] INFO  impl.RaftServerImpl (ServerState.java:close(385)) - 780542ca-6867-4742-bfe9-12a474ec226a@group-D025A6FD987B: closes. applyIndex: 16
2019-09-18 13:18:57,639 [780542ca-6867-4742-bfe9-12a474ec226a@group-D025A6FD987B-SegmentedRaftLogWorker] INFO  segmented.SegmentedRaftLogWorker (SegmentedRaftLogWorker.java:run(313)) - 780542ca-6867-4742-bfe9-12a474ec226a@group-D025A6FD987B-SegmentedRaftLogWorker was interrupted, exiting. There are 0 tasks remaining in the queue.
2019-09-18 13:18:57,641 [main] INFO  segmented.SegmentedRaftLogWorker (SegmentedRaftLogWorker.java:close(228)) - 780542ca-6867-4742-bfe9-12a474ec226a@group-D025A6FD987B-SegmentedRaftLogWorker close()
2019-09-18 13:18:57,645 [main] INFO  server.GrpcService (GrpcService.java:closeImpl(164)) - 780542ca-6867-4742-bfe9-12a474ec226a: shutdown server with port 40971 now
2019-09-18 13:18:57,646 [main] INFO  server.GrpcService (GrpcService.java:closeImpl(172)) - 780542ca-6867-4742-bfe9-12a474ec226a: shutdown server with port 40971 successfully
2019-09-18 13:18:57,646 [grpc-default-executor-9] WARN  client.GrpcClientProtocolService (LogUtils.java:warn(134)) - 3-UnorderedRequestStreamObserver3: onError: org.apache.ratis.thirdparty.io.grpc.StatusRuntimeException: CANCELLED: cancelled before receiving half close
2019-09-18 13:18:57,651 [refreshUsed-/workdir/hadoop-ozone/integration-test/target/test-dir/MiniOzoneClusterImpl-62b0528d-f78b-4475-bf9a-37d6dcf32bc1/datanode-2/data/containers] WARN  fs.CachingGetSpaceUsed (CachingGetSpaceUsed.java:run(183)) - Thread Interrupted waiting to refresh disk information: sleep interrupted
2019-09-18 13:18:57,669 [main] INFO  utils.BackgroundService (BackgroundService.java:shutdown(148)) - Shutting down service BlockDeletingService
2019-09-18 13:18:57,675 [main] INFO  statemachine.DatanodeStateMachine (DatanodeStateMachine.java:stopDaemon(395)) - Ozone container server stopped.
2019-09-18 13:18:57,677 [main] INFO  handler.ContextHandler (ContextHandler.java:doStop(910)) - Stopped o.e.j.w.WebAppContext@1c3b6963{/,null,UNAVAILABLE}{/hddsDatanode}
2019-09-18 13:18:57,678 [main] INFO  server.AbstractConnector (AbstractConnector.java:doStop(318)) - Stopped ServerConnector@7364f68{HTTP/1.1,[http/1.1]}{0.0.0.0:0}
2019-09-18 13:18:57,678 [main] INFO  handler.ContextHandler (ContextHandler.java:doStop(910)) - Stopped o.e.j.s.ServletContextHandler@45c80312{/static,jar:file:/home/user/.m2/repository/org/apache/hadoop/hadoop-hdds-container-service/0.5.0-SNAPSHOT/hadoop-hdds-container-service-0.5.0-SNAPSHOT.jar!/webapps/static,UNAVAILABLE}
2019-09-18 13:18:57,678 [main] INFO  handler.ContextHandler (ContextHandler.java:doStop(910)) - Stopped o.e.j.s.ServletContextHandler@1c6a0103{/logs,file:///workdir/hadoop-ozone/integration-test/target/log,UNAVAILABLE}
2019-09-18 13:18:59,697 [grpc-default-executor-2] INFO  client.GrpcClientProtocolClient (GrpcClientProtocolClient.java:onNext(264)) - client-81B2B449C4EC->eb696baf-1371-4214-b447-aabaa08e9d3b: receive RaftClientReply:client-81B2B449C4EC->eb696baf-1371-4214-b447-aabaa08e9d3b@group-D025A6FD987B, cid=184, FAILED org.apache.ratis.protocol.NotLeaderException: Server eb696baf-1371-4214-b447-aabaa08e9d3b@group-D025A6FD987B is not the leader 780542ca-6867-4742-bfe9-12a474ec226a:192.168.69.108:40971, logIndex=0, commits[eb696baf-1371-4214-b447-aabaa08e9d3b:c16, 780542ca-6867-4742-bfe9-12a474ec226a:c16, 9a1d4bd2-f6e2-46d8-bc0d-6d5e8df6a3c9:c16]
2019-09-18 13:19:00,728 [grpc-default-executor-2] INFO  client.GrpcClientProtocolClient (GrpcClientProtocolClient.java:onNext(264)) - client-81B2B449C4EC->eb696baf-1371-4214-b447-aabaa08e9d3b: receive RaftClientReply:client-81B2B449C4EC->eb696baf-1371-4214-b447-aabaa08e9d3b@group-D025A6FD987B, cid=184, FAILED org.apache.ratis.protocol.NotLeaderException: Server eb696baf-1371-4214-b447-aabaa08e9d3b@group-D025A6FD987B is not the leader 780542ca-6867-4742-bfe9-12a474ec226a:192.168.69.108:40971, logIndex=0, commits[eb696baf-1371-4214-b447-aabaa08e9d3b:c16, 780542ca-6867-4742-bfe9-12a474ec226a:c16, 9a1d4bd2-f6e2-46d8-bc0d-6d5e8df6a3c9:c16]
2019-09-18 13:19:01,749 [grpc-default-executor-9] INFO  client.GrpcClientProtocolClient (GrpcClientProtocolClient.java:onNext(264)) - client-81B2B449C4EC->9a1d4bd2-f6e2-46d8-bc0d-6d5e8df6a3c9: receive RaftClientReply:client-81B2B449C4EC->9a1d4bd2-f6e2-46d8-bc0d-6d5e8df6a3c9@group-D025A6FD987B, cid=184, FAILED org.apache.ratis.protocol.NotLeaderException: Server 9a1d4bd2-f6e2-46d8-bc0d-6d5e8df6a3c9@group-D025A6FD987B is not the leader 780542ca-6867-4742-bfe9-12a474ec226a:192.168.69.108:40971, logIndex=0, commits[9a1d4bd2-f6e2-46d8-bc0d-6d5e8df6a3c9:c16, eb696baf-1371-4214-b447-aabaa08e9d3b:c16, 780542ca-6867-4742-bfe9-12a474ec226a:c16]
2019-09-18 13:19:02,776 [grpc-default-executor-2] INFO  client.GrpcClientProtocolClient (GrpcClientProtocolClient.java:onNext(264)) - client-81B2B449C4EC->9a1d4bd2-f6e2-46d8-bc0d-6d5e8df6a3c9: receive RaftClientReply:client-81B2B449C4EC->9a1d4bd2-f6e2-46d8-bc0d-6d5e8df6a3c9@group-D025A6FD987B, cid=184, FAILED org.apache.ratis.protocol.NotLeaderException: Server 9a1d4bd2-f6e2-46d8-bc0d-6d5e8df6a3c9@group-D025A6FD987B is not the leader 780542ca-6867-4742-bfe9-12a474ec226a:192.168.69.108:40971, logIndex=0, commits[9a1d4bd2-f6e2-46d8-bc0d-6d5e8df6a3c9:c16, eb696baf-1371-4214-b447-aabaa08e9d3b:c16, 780542ca-6867-4742-bfe9-12a474ec226a:c16]
2019-09-18 13:19:03,807 [grpc-default-executor-9] INFO  client.GrpcClientProtocolClient (GrpcClientProtocolClient.java:onNext(264)) - client-81B2B449C4EC->9a1d4bd2-f6e2-46d8-bc0d-6d5e8df6a3c9: receive RaftClientReply:client-81B2B449C4EC->9a1d4bd2-f6e2-46d8-bc0d-6d5e8df6a3c9@group-D025A6FD987B, cid=184, FAILED org.apache.ratis.protocol.NotLeaderException: Server 9a1d4bd2-f6e2-46d8-bc0d-6d5e8df6a3c9@group-D025A6FD987B is not the leader 780542ca-6867-4742-bfe9-12a474ec226a:192.168.69.108:40971, logIndex=0, commits[9a1d4bd2-f6e2-46d8-bc0d-6d5e8df6a3c9:c16, eb696baf-1371-4214-b447-aabaa08e9d3b:c16, 780542ca-6867-4742-bfe9-12a474ec226a:c16]
2019-09-18 13:19:04,843 [grpc-default-executor-2] INFO  client.GrpcClientProtocolClient (GrpcClientProtocolClient.java:onNext(264)) - client-81B2B449C4EC->9a1d4bd2-f6e2-46d8-bc0d-6d5e8df6a3c9: receive RaftClientReply:client-81B2B449C4EC->9a1d4bd2-f6e2-46d8-bc0d-6d5e8df6a3c9@group-D025A6FD987B, cid=184, FAILED org.apache.ratis.protocol.NotLeaderException: Server 9a1d4bd2-f6e2-46d8-bc0d-6d5e8df6a3c9@group-D025A6FD987B is not the leader 780542ca-6867-4742-bfe9-12a474ec226a:192.168.69.108:40971, logIndex=0, commits[9a1d4bd2-f6e2-46d8-bc0d-6d5e8df6a3c9:c16, eb696baf-1371-4214-b447-aabaa08e9d3b:c16, 780542ca-6867-4742-bfe9-12a474ec226a:c16]
2019-09-18 13:19:05,876 [grpc-default-executor-7] INFO  client.GrpcClientProtocolClient (GrpcClientProtocolClient.java:onNext(264)) - client-81B2B449C4EC->9a1d4bd2-f6e2-46d8-bc0d-6d5e8df6a3c9: receive RaftClientReply:client-81B2B449C4EC->9a1d4bd2-f6e2-46d8-bc0d-6d5e8df6a3c9@group-D025A6FD987B, cid=184, FAILED org.apache.ratis.protocol.NotLeaderException: Server 9a1d4bd2-f6e2-46d8-bc0d-6d5e8df6a3c9@group-D025A6FD987B is not the leader 780542ca-6867-4742-bfe9-12a474ec226a:192.168.69.108:40971, logIndex=0, commits[9a1d4bd2-f6e2-46d8-bc0d-6d5e8df6a3c9:c16, eb696baf-1371-4214-b447-aabaa08e9d3b:c16, 780542ca-6867-4742-bfe9-12a474ec226a:c16]
2019-09-18 13:19:06,154 [Thread-2952] INFO  impl.FollowerState (FollowerState.java:run(106)) - 9a1d4bd2-f6e2-46d8-bc0d-6d5e8df6a3c9:group-D025A6FD987B changes to CANDIDATE, lastRpcTime:8570, electionTimeout:5046ms
2019-09-18 13:19:06,157 [Thread-2952] INFO  impl.RoleInfo (RoleInfo.java:shutdownFollowerState(121)) - 9a1d4bd2-f6e2-46d8-bc0d-6d5e8df6a3c9: shutdown FollowerState
2019-09-18 13:19:06,158 [Thread-2952] INFO  impl.RaftServerImpl (RaftServerImpl.java:setRole(174)) - 9a1d4bd2-f6e2-46d8-bc0d-6d5e8df6a3c9@group-D025A6FD987B: changes role from  FOLLOWER to CANDIDATE at term 1 for changeToCandidate
2019-09-18 13:19:06,158 [Thread-2952] INFO  impl.RoleInfo (RoleInfo.java:updateAndGet(143)) - 9a1d4bd2-f6e2-46d8-bc0d-6d5e8df6a3c9: start LeaderElection
2019-09-18 13:19:06,161 [9a1d4bd2-f6e2-46d8-bc0d-6d5e8df6a3c9@group-D025A6FD987B:LeaderElection61] INFO  impl.RaftServerImpl (ServerState.java:setLeader(253)) - 9a1d4bd2-f6e2-46d8-bc0d-6d5e8df6a3c9@group-D025A6FD987B: change Leader from 780542ca-6867-4742-bfe9-12a474ec226a to null at term 1 for initElection
2019-09-18 13:19:06,177 [9a1d4bd2-f6e2-46d8-bc0d-6d5e8df6a3c9@group-D025A6FD987B:LeaderElection61] INFO  impl.LeaderElection (LeaderElection.java:askForVotes(182)) - 9a1d4bd2-f6e2-46d8-bc0d-6d5e8df6a3c9@group-D025A6FD987B:LeaderElection61: begin an election at term 2 for 0: [eb696baf-1371-4214-b447-aabaa08e9d3b:192.168.69.108:41570, 780542ca-6867-4742-bfe9-12a474ec226a:192.168.69.108:40971, 9a1d4bd2-f6e2-46d8-bc0d-6d5e8df6a3c9:192.168.69.108:41459], old=null
2019-09-18 13:19:06,180 [9a1d4bd2-f6e2-46d8-bc0d-6d5e8df6a3c9@group-D025A6FD987B:LeaderElection61] INFO  impl.LeaderElection (LogUtils.java:infoOrTrace(149)) - 9a1d4bd2-f6e2-46d8-bc0d-6d5e8df6a3c9@group-D025A6FD987B:LeaderElection61 got exception when requesting votes: {}
java.util.concurrent.ExecutionException: org.apache.ratis.thirdparty.io.grpc.StatusRuntimeException: UNAVAILABLE: io exception
	at java.util.concurrent.FutureTask.report(FutureTask.java:122)
	at java.util.concurrent.FutureTask.get(FutureTask.java:192)
	at org.apache.ratis.server.impl.LeaderElection.waitForResults(LeaderElection.java:263)
	at org.apache.ratis.server.impl.LeaderElection.askForVotes(LeaderElection.java:201)
	at org.apache.ratis.server.impl.LeaderElection.run(LeaderElection.java:133)
	at java.lang.Thread.run(Thread.java:748)
Caused by: org.apache.ratis.thirdparty.io.grpc.StatusRuntimeException: UNAVAILABLE: io exception
	at org.apache.ratis.thirdparty.io.grpc.stub.ClientCalls.toStatusRuntimeException(ClientCalls.java:233)
	at org.apache.ratis.thirdparty.io.grpc.stub.ClientCalls.getUnchecked(ClientCalls.java:214)
	at org.apache.ratis.thirdparty.io.grpc.stub.ClientCalls.blockingUnaryCall(ClientCalls.java:139)
	at org.apache.ratis.proto.grpc.RaftServerProtocolServiceGrpc$RaftServerProtocolServiceBlockingStub.requestVote(RaftServerProtocolServiceGrpc.java:265)
	at org.apache.ratis.grpc.server.GrpcServerProtocolClient.requestVote(GrpcServerProtocolClient.java:90)
	at org.apache.ratis.grpc.server.GrpcService.requestVote(GrpcService.java:204)
	at org.apache.ratis.server.impl.LeaderElection.lambda$submitRequests$1(LeaderElection.java:238)
	at java.util.concurrent.FutureTask.run(FutureTask.java:266)
	at java.util.concurrent.Executors$RunnableAdapter.call(Executors.java:511)
	at java.util.concurrent.FutureTask.run(FutureTask.java:266)
	at java.util.concurrent.ThreadPoolExecutor.runWorker(ThreadPoolExecutor.java:1149)
	at java.util.concurrent.ThreadPoolExecutor$Worker.run(ThreadPoolExecutor.java:624)
	... 1 more
Caused by: org.apache.ratis.thirdparty.io.netty.channel.AbstractChannel$AnnotatedConnectException: Connection refused: /192.168.69.108:40971
	at sun.nio.ch.SocketChannelImpl.checkConnect(Native Method)
	at sun.nio.ch.SocketChannelImpl.finishConnect(SocketChannelImpl.java:717)
	at org.apache.ratis.thirdparty.io.netty.channel.socket.nio.NioSocketChannel.doFinishConnect(NioSocketChannel.java:327)
	at org.apache.ratis.thirdparty.io.netty.channel.nio.AbstractNioChannel$AbstractNioUnsafe.finishConnect(AbstractNioChannel.java:340)
	at org.apache.ratis.thirdparty.io.netty.channel.nio.NioEventLoop.processSelectedKey(NioEventLoop.java:632)
	at org.apache.ratis.thirdparty.io.netty.channel.nio.NioEventLoop.processSelectedKeysOptimized(NioEventLoop.java:579)
	at org.apache.ratis.thirdparty.io.netty.channel.nio.NioEventLoop.processSelectedKeys(NioEventLoop.java:496)
	at org.apache.ratis.thirdparty.io.netty.channel.nio.NioEventLoop.run(NioEventLoop.java:458)
	at org.apache.ratis.thirdparty.io.netty.util.concurrent.SingleThreadEventExecutor$5.run(SingleThreadEventExecutor.java:897)
	at org.apache.ratis.thirdparty.io.netty.util.concurrent.FastThreadLocalRunnable.run(FastThreadLocalRunnable.java:30)
	... 1 more
Caused by: java.net.ConnectException: Connection refused
	... 11 more
2019-09-18 13:19:06,187 [grpc-default-executor-7] INFO  impl.RaftServerImpl (ServerState.java:setLeader(253)) - eb696baf-1371-4214-b447-aabaa08e9d3b@group-D025A6FD987B: change Leader from 780542ca-6867-4742-bfe9-12a474ec226a to null at term 2 for updateCurrentTerm
2019-09-18 13:19:06,187 [grpc-default-executor-7] INFO  impl.RaftServerImpl (RaftServerImpl.java:setRole(174)) - eb696baf-1371-4214-b447-aabaa08e9d3b@group-D025A6FD987B: changes role from  FOLLOWER to FOLLOWER at term 2 for recognizeCandidate:9a1d4bd2-f6e2-46d8-bc0d-6d5e8df6a3c9
2019-09-18 13:19:06,187 [grpc-default-executor-7] INFO  impl.RoleInfo (RoleInfo.java:shutdownFollowerState(121)) - eb696baf-1371-4214-b447-aabaa08e9d3b: shutdown FollowerState
2019-09-18 13:19:06,188 [grpc-default-executor-7] INFO  impl.RoleInfo (RoleInfo.java:updateAndGet(143)) - eb696baf-1371-4214-b447-aabaa08e9d3b: start FollowerState
2019-09-18 13:19:06,188 [Thread-2957] INFO  impl.FollowerState (FollowerState.java:run(115)) - eb696baf-1371-4214-b447-aabaa08e9d3b: FollowerState was interrupted: java.lang.InterruptedException: sleep interrupted
2019-09-18 13:19:06,206 [9a1d4bd2-f6e2-46d8-bc0d-6d5e8df6a3c9@group-D025A6FD987B:LeaderElection61] INFO  impl.LeaderElection (LeaderElection.java:logAndReturn(56)) - 9a1d4bd2-f6e2-46d8-bc0d-6d5e8df6a3c9@group-D025A6FD987B:LeaderElection61: Election PASSED; received 1 response(s) [9a1d4bd2-f6e2-46d8-bc0d-6d5e8df6a3c9<-eb696baf-1371-4214-b447-aabaa08e9d3b#0:OK-t2] and 1 exception(s); 9a1d4bd2-f6e2-46d8-bc0d-6d5e8df6a3c9@group-D025A6FD987B:t2, leader=null, voted=9a1d4bd2-f6e2-46d8-bc0d-6d5e8df6a3c9, raftlog=9a1d4bd2-f6e2-46d8-bc0d-6d5e8df6a3c9@group-D025A6FD987B-SegmentedRaftLog:OPENED:c16,f16,i16, conf=0: [eb696baf-1371-4214-b447-aabaa08e9d3b:192.168.69.108:41570, 780542ca-6867-4742-bfe9-12a474ec226a:192.168.69.108:40971, 9a1d4bd2-f6e2-46d8-bc0d-6d5e8df6a3c9:192.168.69.108:41459], old=null
2019-09-18 13:19:06,206 [9a1d4bd2-f6e2-46d8-bc0d-6d5e8df6a3c9@group-D025A6FD987B:LeaderElection61] INFO  impl.LeaderElection (LogUtils.java:infoOrTrace(149)) -   Exception 0: {}
java.util.concurrent.ExecutionException: org.apache.ratis.thirdparty.io.grpc.StatusRuntimeException: UNAVAILABLE: io exception
	at java.util.concurrent.FutureTask.report(FutureTask.java:122)
	at java.util.concurrent.FutureTask.get(FutureTask.java:192)
	at org.apache.ratis.server.impl.LeaderElection.waitForResults(LeaderElection.java:263)
	at org.apache.ratis.server.impl.LeaderElection.askForVotes(LeaderElection.java:201)
	at org.apache.ratis.server.impl.LeaderElection.run(LeaderElection.java:133)
	at java.lang.Thread.run(Thread.java:748)
Caused by: org.apache.ratis.thirdparty.io.grpc.StatusRuntimeException: UNAVAILABLE: io exception
	at org.apache.ratis.thirdparty.io.grpc.stub.ClientCalls.toStatusRuntimeException(ClientCalls.java:233)
	at org.apache.ratis.thirdparty.io.grpc.stub.ClientCalls.getUnchecked(ClientCalls.java:214)
	at org.apache.ratis.thirdparty.io.grpc.stub.ClientCalls.blockingUnaryCall(ClientCalls.java:139)
	at org.apache.ratis.proto.grpc.RaftServerProtocolServiceGrpc$RaftServerProtocolServiceBlockingStub.requestVote(RaftServerProtocolServiceGrpc.java:265)
	at org.apache.ratis.grpc.server.GrpcServerProtocolClient.requestVote(GrpcServerProtocolClient.java:90)
	at org.apache.ratis.grpc.server.GrpcService.requestVote(GrpcService.java:204)
	at org.apache.ratis.server.impl.LeaderElection.lambda$submitRequests$1(LeaderElection.java:238)
	at java.util.concurrent.FutureTask.run(FutureTask.java:266)
	at java.util.concurrent.Executors$RunnableAdapter.call(Executors.java:511)
	at java.util.concurrent.FutureTask.run(FutureTask.java:266)
	at java.util.concurrent.ThreadPoolExecutor.runWorker(ThreadPoolExecutor.java:1149)
	at java.util.concurrent.ThreadPoolExecutor$Worker.run(ThreadPoolExecutor.java:624)
	... 1 more
Caused by: org.apache.ratis.thirdparty.io.netty.channel.AbstractChannel$AnnotatedConnectException: Connection refused: /192.168.69.108:40971
	at sun.nio.ch.SocketChannelImpl.checkConnect(Native Method)
	at sun.nio.ch.SocketChannelImpl.finishConnect(SocketChannelImpl.java:717)
	at org.apache.ratis.thirdparty.io.netty.channel.socket.nio.NioSocketChannel.doFinishConnect(NioSocketChannel.java:327)
	at org.apache.ratis.thirdparty.io.netty.channel.nio.AbstractNioChannel$AbstractNioUnsafe.finishConnect(AbstractNioChannel.java:340)
	at org.apache.ratis.thirdparty.io.netty.channel.nio.NioEventLoop.processSelectedKey(NioEventLoop.java:632)
	at org.apache.ratis.thirdparty.io.netty.channel.nio.NioEventLoop.processSelectedKeysOptimized(NioEventLoop.java:579)
	at org.apache.ratis.thirdparty.io.netty.channel.nio.NioEventLoop.processSelectedKeys(NioEventLoop.java:496)
	at org.apache.ratis.thirdparty.io.netty.channel.nio.NioEventLoop.run(NioEventLoop.java:458)
	at org.apache.ratis.thirdparty.io.netty.util.concurrent.SingleThreadEventExecutor$5.run(SingleThreadEventExecutor.java:897)
	at org.apache.ratis.thirdparty.io.netty.util.concurrent.FastThreadLocalRunnable.run(FastThreadLocalRunnable.java:30)
	... 1 more
Caused by: java.net.ConnectException: Connection refused
	... 11 more
2019-09-18 13:19:06,206 [9a1d4bd2-f6e2-46d8-bc0d-6d5e8df6a3c9@group-D025A6FD987B:LeaderElection61] INFO  impl.RoleInfo (RoleInfo.java:shutdownLeaderElection(134)) - 9a1d4bd2-f6e2-46d8-bc0d-6d5e8df6a3c9: shutdown LeaderElection
2019-09-18 13:19:06,207 [9a1d4bd2-f6e2-46d8-bc0d-6d5e8df6a3c9@group-D025A6FD987B:LeaderElection61] INFO  impl.RaftServerImpl (RaftServerImpl.java:setRole(174)) - 9a1d4bd2-f6e2-46d8-bc0d-6d5e8df6a3c9@group-D025A6FD987B: changes role from CANDIDATE to LEADER at term 2 for changeToLeader
2019-09-18 13:19:06,207 [9a1d4bd2-f6e2-46d8-bc0d-6d5e8df6a3c9@group-D025A6FD987B:LeaderElection61] INFO  impl.RaftServerImpl (ServerState.java:setLeader(253)) - 9a1d4bd2-f6e2-46d8-bc0d-6d5e8df6a3c9@group-D025A6FD987B: change Leader from null to 9a1d4bd2-f6e2-46d8-bc0d-6d5e8df6a3c9 at term 2 for becomeLeader, leader elected after 46ms
2019-09-18 13:19:06,207 [9a1d4bd2-f6e2-46d8-bc0d-6d5e8df6a3c9@group-D025A6FD987B:LeaderElection61] INFO  server.RaftServerConfigKeys (ConfUtils.java:logGet(43)) - raft.server.staging.catchup.gap = 1000 (default)
2019-09-18 13:19:06,207 [9a1d4bd2-f6e2-46d8-bc0d-6d5e8df6a3c9@group-D025A6FD987B:LeaderElection61] INFO  server.RaftServerConfigKeys (ConfUtils.java:logGet(43)) - raft.server.rpc.sleep.time = 25ms (default)
2019-09-18 13:19:06,207 [9a1d4bd2-f6e2-46d8-bc0d-6d5e8df6a3c9@group-D025A6FD987B:LeaderElection61] INFO  server.RaftServerConfigKeys (ConfUtils.java:logGet(43)) - raft.server.write.element-limit = 4096 (default)
2019-09-18 13:19:06,208 [9a1d4bd2-f6e2-46d8-bc0d-6d5e8df6a3c9@group-D025A6FD987B:LeaderElection61] INFO  server.RaftServerConfigKeys (ConfUtils.java:logGet(43)) - raft.server.watch.timeout = 10s (default)
2019-09-18 13:19:06,208 [9a1d4bd2-f6e2-46d8-bc0d-6d5e8df6a3c9@group-D025A6FD987B:LeaderElection61] INFO  server.RaftServerConfigKeys (ConfUtils.java:logGet(43)) - raft.server.watch.timeout.denomination = 1s (default)
2019-09-18 13:19:06,208 [9a1d4bd2-f6e2-46d8-bc0d-6d5e8df6a3c9@group-D025A6FD987B:LeaderElection61] INFO  server.RaftServerConfigKeys (ConfUtils.java:logGet(43)) - raft.server.watch.element-limit = 65536 (default)
2019-09-18 13:19:06,211 [9a1d4bd2-f6e2-46d8-bc0d-6d5e8df6a3c9@group-D025A6FD987B:LeaderElection61] INFO  server.RaftServerConfigKeys (ConfUtils.java:logGet(43)) - raft.server.log.appender.snapshot.chunk.size.max = 16MB (=16777216) (default)
2019-09-18 13:19:06,212 [9a1d4bd2-f6e2-46d8-bc0d-6d5e8df6a3c9@group-D025A6FD987B:LeaderElection61] INFO  server.RaftServerConfigKeys (ConfUtils.java:logGet(43)) - raft.server.log.appender.buffer.byte-limit = 33554432 (custom)
2019-09-18 13:19:06,212 [9a1d4bd2-f6e2-46d8-bc0d-6d5e8df6a3c9@group-D025A6FD987B:LeaderElection61] INFO  server.RaftServerConfigKeys (ConfUtils.java:logGet(43)) - raft.server.log.appender.buffer.element-limit = 1 (custom)
2019-09-18 13:19:06,212 [9a1d4bd2-f6e2-46d8-bc0d-6d5e8df6a3c9@group-D025A6FD987B:LeaderElection61] INFO  grpc.GrpcConfigKeys$Server (ConfUtils.java:logGet(43)) - raft.grpc.server.leader.outstanding.appends.max = 128 (default)
2019-09-18 13:19:06,212 [9a1d4bd2-f6e2-46d8-bc0d-6d5e8df6a3c9@group-D025A6FD987B:LeaderElection61] INFO  server.RaftServerConfigKeys (ConfUtils.java:logGet(43)) - raft.server.rpc.request.timeout = 3000ms (default)
2019-09-18 13:19:06,212 [9a1d4bd2-f6e2-46d8-bc0d-6d5e8df6a3c9@group-D025A6FD987B:LeaderElection61] INFO  server.RaftServerConfigKeys (ConfUtils.java:logGet(43)) - raft.server.log.appender.install.snapshot.enabled = false (custom)
2019-09-18 13:19:06,213 [9a1d4bd2-f6e2-46d8-bc0d-6d5e8df6a3c9@group-D025A6FD987B:LeaderElection61] INFO  server.RaftServerConfigKeys (ConfUtils.java:logGet(43)) - raft.server.log.appender.snapshot.chunk.size.max = 16MB (=16777216) (default)
2019-09-18 13:19:06,213 [9a1d4bd2-f6e2-46d8-bc0d-6d5e8df6a3c9@group-D025A6FD987B:LeaderElection61] INFO  server.RaftServerConfigKeys (ConfUtils.java:logGet(43)) - raft.server.log.appender.buffer.byte-limit = 33554432 (custom)
2019-09-18 13:19:06,213 [9a1d4bd2-f6e2-46d8-bc0d-6d5e8df6a3c9@group-D025A6FD987B:LeaderElection61] INFO  server.RaftServerConfigKeys (ConfUtils.java:logGet(43)) - raft.server.log.appender.buffer.element-limit = 1 (custom)
2019-09-18 13:19:06,213 [9a1d4bd2-f6e2-46d8-bc0d-6d5e8df6a3c9@group-D025A6FD987B:LeaderElection61] INFO  grpc.GrpcConfigKeys$Server (ConfUtils.java:logGet(43)) - raft.grpc.server.leader.outstanding.appends.max = 128 (default)
2019-09-18 13:19:06,213 [9a1d4bd2-f6e2-46d8-bc0d-6d5e8df6a3c9@group-D025A6FD987B:LeaderElection61] INFO  server.RaftServerConfigKeys (ConfUtils.java:logGet(43)) - raft.server.rpc.request.timeout = 3000ms (default)
2019-09-18 13:19:06,214 [9a1d4bd2-f6e2-46d8-bc0d-6d5e8df6a3c9@group-D025A6FD987B:LeaderElection61] INFO  server.RaftServerConfigKeys (ConfUtils.java:logGet(43)) - raft.server.log.appender.install.snapshot.enabled = false (custom)
2019-09-18 13:19:06,214 [9a1d4bd2-f6e2-46d8-bc0d-6d5e8df6a3c9@group-D025A6FD987B:LeaderElection61] INFO  impl.RoleInfo (RoleInfo.java:updateAndGet(143)) - 9a1d4bd2-f6e2-46d8-bc0d-6d5e8df6a3c9: start LeaderState
2019-09-18 13:19:06,214 [9a1d4bd2-f6e2-46d8-bc0d-6d5e8df6a3c9@group-D025A6FD987B:LeaderElection61] INFO  segmented.SegmentedRaftLogWorker (SegmentedRaftLogWorker.java:rollLogSegment(385)) - 9a1d4bd2-f6e2-46d8-bc0d-6d5e8df6a3c9@group-D025A6FD987B-SegmentedRaftLogWorker: Rolling segment log-0_16 to index:16
2019-09-18 13:19:06,215 [9a1d4bd2-f6e2-46d8-bc0d-6d5e8df6a3c9@group-D025A6FD987B-SegmentedRaftLogWorker] INFO  segmented.SegmentedRaftLogWorker (SegmentedRaftLogWorker.java:execute(526)) - 9a1d4bd2-f6e2-46d8-bc0d-6d5e8df6a3c9@group-D025A6FD987B-SegmentedRaftLogWorker: Rolled log segment from /workdir/hadoop-ozone/integration-test/target/test-dir/MiniOzoneClusterImpl-62b0528d-f78b-4475-bf9a-37d6dcf32bc1/datanode-0/data/ratis/309197b0-fbea-4cb2-8b1c-d025a6fd987b/current/log_inprogress_0 to /workdir/hadoop-ozone/integration-test/target/test-dir/MiniOzoneClusterImpl-62b0528d-f78b-4475-bf9a-37d6dcf32bc1/datanode-0/data/ratis/309197b0-fbea-4cb2-8b1c-d025a6fd987b/current/log_0-16
2019-09-18 13:19:06,217 [9a1d4bd2-f6e2-46d8-bc0d-6d5e8df6a3c9@group-D025A6FD987B:LeaderElection61] INFO  impl.RaftServerImpl (ServerState.java:setRaftConf(354)) - 9a1d4bd2-f6e2-46d8-bc0d-6d5e8df6a3c9@group-D025A6FD987B: set configuration 17: [eb696baf-1371-4214-b447-aabaa08e9d3b:192.168.69.108:41570, 780542ca-6867-4742-bfe9-12a474ec226a:192.168.69.108:40971, 9a1d4bd2-f6e2-46d8-bc0d-6d5e8df6a3c9:192.168.69.108:41459], old=null at 17
2019-09-18 13:19:06,218 [grpc-default-executor-7] WARN  server.GrpcLogAppender (LogUtils.java:warn(134)) - 9a1d4bd2-f6e2-46d8-bc0d-6d5e8df6a3c9@group-D025A6FD987B->780542ca-6867-4742-bfe9-12a474ec226a-AppendLogResponseHandler: Failed appendEntries: org.apache.ratis.thirdparty.io.grpc.StatusRuntimeException: UNAVAILABLE: io exception
2019-09-18 13:19:06,246 [grpc-default-executor-7] INFO  impl.FollowerInfo (FollowerInfo.java:lambda$new$0(51)) - 9a1d4bd2-f6e2-46d8-bc0d-6d5e8df6a3c9@group-D025A6FD987B->780542ca-6867-4742-bfe9-12a474ec226a: nextIndex: updateUnconditionally 17 -> 1
2019-09-18 13:19:06,247 [grpc-default-executor-7] INFO  impl.RaftServerImpl (ServerState.java:setLeader(253)) - eb696baf-1371-4214-b447-aabaa08e9d3b@group-D025A6FD987B: change Leader from null to 9a1d4bd2-f6e2-46d8-bc0d-6d5e8df6a3c9 at term 2 for appendEntries, leader elected after 60ms
2019-09-18 13:19:06,249 [grpc-default-executor-7] INFO  impl.RaftServerImpl (ServerState.java:setRaftConf(354)) - eb696baf-1371-4214-b447-aabaa08e9d3b@group-D025A6FD987B: set configuration 17: [eb696baf-1371-4214-b447-aabaa08e9d3b:192.168.69.108:41570, 780542ca-6867-4742-bfe9-12a474ec226a:192.168.69.108:40971, 9a1d4bd2-f6e2-46d8-bc0d-6d5e8df6a3c9:192.168.69.108:41459], old=null at 17
2019-09-18 13:19:06,250 [grpc-default-executor-7] INFO  segmented.SegmentedRaftLogWorker (SegmentedRaftLogWorker.java:rollLogSegment(385)) - eb696baf-1371-4214-b447-aabaa08e9d3b@group-D025A6FD987B-SegmentedRaftLogWorker: Rolling segment log-0_16 to index:16
2019-09-18 13:19:06,250 [eb696baf-1371-4214-b447-aabaa08e9d3b@group-D025A6FD987B-SegmentedRaftLogWorker] INFO  segmented.SegmentedRaftLogWorker (SegmentedRaftLogWorker.java:execute(526)) - eb696baf-1371-4214-b447-aabaa08e9d3b@group-D025A6FD987B-SegmentedRaftLogWorker: Rolled log segment from /workdir/hadoop-ozone/integration-test/target/test-dir/MiniOzoneClusterImpl-62b0528d-f78b-4475-bf9a-37d6dcf32bc1/datanode-1/data/ratis/309197b0-fbea-4cb2-8b1c-d025a6fd987b/current/log_inprogress_0 to /workdir/hadoop-ozone/integration-test/target/test-dir/MiniOzoneClusterImpl-62b0528d-f78b-4475-bf9a-37d6dcf32bc1/datanode-1/data/ratis/309197b0-fbea-4cb2-8b1c-d025a6fd987b/current/log_0-16
2019-09-18 13:19:06,268 [9a1d4bd2-f6e2-46d8-bc0d-6d5e8df6a3c9@group-D025A6FD987B-SegmentedRaftLogWorker] INFO  segmented.SegmentedRaftLogWorker (SegmentedRaftLogWorker.java:execute(569)) - 9a1d4bd2-f6e2-46d8-bc0d-6d5e8df6a3c9@group-D025A6FD987B-SegmentedRaftLogWorker: created new log segment /workdir/hadoop-ozone/integration-test/target/test-dir/MiniOzoneClusterImpl-62b0528d-f78b-4475-bf9a-37d6dcf32bc1/datanode-0/data/ratis/309197b0-fbea-4cb2-8b1c-d025a6fd987b/current/log_inprogress_17
2019-09-18 13:19:06,298 [eb696baf-1371-4214-b447-aabaa08e9d3b@group-D025A6FD987B-SegmentedRaftLogWorker] INFO  segmented.SegmentedRaftLogWorker (SegmentedRaftLogWorker.java:execute(569)) - eb696baf-1371-4214-b447-aabaa08e9d3b@group-D025A6FD987B-SegmentedRaftLogWorker: created new log segment /workdir/hadoop-ozone/integration-test/target/test-dir/MiniOzoneClusterImpl-62b0528d-f78b-4475-bf9a-37d6dcf32bc1/datanode-1/data/ratis/309197b0-fbea-4cb2-8b1c-d025a6fd987b/current/log_inprogress_17
2019-09-18 13:19:06,320 [grpc-default-executor-7] WARN  server.GrpcLogAppender (LogUtils.java:warn(134)) - 9a1d4bd2-f6e2-46d8-bc0d-6d5e8df6a3c9@group-D025A6FD987B->780542ca-6867-4742-bfe9-12a474ec226a-AppendLogResponseHandler: Failed appendEntries: org.apache.ratis.thirdparty.io.grpc.StatusRuntimeException: UNAVAILABLE: io exception
2019-09-18 13:19:06,320 [grpc-default-executor-7] INFO  impl.FollowerInfo (FollowerInfo.java:lambda$new$0(51)) - 9a1d4bd2-f6e2-46d8-bc0d-6d5e8df6a3c9@group-D025A6FD987B->780542ca-6867-4742-bfe9-12a474ec226a: nextIndex: updateUnconditionally 2 -> 1
2019-09-18 13:19:06,331 [grpc-default-executor-9] WARN  server.GrpcLogAppender (LogUtils.java:warn(134)) - 9a1d4bd2-f6e2-46d8-bc0d-6d5e8df6a3c9@group-D025A6FD987B->780542ca-6867-4742-bfe9-12a474ec226a-AppendLogResponseHandler: Failed appendEntries: org.apache.ratis.thirdparty.io.grpc.StatusRuntimeException: UNAVAILABLE: io exception
2019-09-18 13:19:06,331 [grpc-default-executor-9] INFO  impl.FollowerInfo (FollowerInfo.java:lambda$new$0(51)) - 9a1d4bd2-f6e2-46d8-bc0d-6d5e8df6a3c9@group-D025A6FD987B->780542ca-6867-4742-bfe9-12a474ec226a: nextIndex: updateUnconditionally 2 -> 1
2019-09-18 13:19:06,921 [grpc-default-executor-2] INFO  client.GrpcClientProtocolClient (GrpcClientProtocolClient.java:onNext(264)) - client-81B2B449C4EC->eb696baf-1371-4214-b447-aabaa08e9d3b: receive RaftClientReply:client-81B2B449C4EC->eb696baf-1371-4214-b447-aabaa08e9d3b@group-D025A6FD987B, cid=184, FAILED org.apache.ratis.protocol.NotLeaderException: Server eb696baf-1371-4214-b447-aabaa08e9d3b@group-D025A6FD987B is not the leader 9a1d4bd2-f6e2-46d8-bc0d-6d5e8df6a3c9:192.168.69.108:41459, logIndex=0, commits[eb696baf-1371-4214-b447-aabaa08e9d3b:c17, 780542ca-6867-4742-bfe9-12a474ec226a:c16, 9a1d4bd2-f6e2-46d8-bc0d-6d5e8df6a3c9:c17]
13:19:06.937 [grpc-default-executor-9] ERROR DNAudit - user=null | ip=null | op=WRITE_CHUNK {blockData=conID: 1 locID: 102813710876213261 bcsId: 14} | ret=FAILURE
org.apache.hadoop.hdds.scm.container.common.helpers.ContainerNotOpenException: Container 1 in CLOSING state
	at org.apache.hadoop.ozone.container.common.impl.HddsDispatcher.validateContainerCommand(HddsDispatcher.java:434) ~[hadoop-hdds-container-service-0.5.0-SNAPSHOT.jar:?]
	at org.apache.hadoop.ozone.container.common.transport.server.ratis.ContainerStateMachine.startTransaction(ContainerStateMachine.java:315) ~[hadoop-hdds-container-service-0.5.0-SNAPSHOT.jar:?]
	at org.apache.ratis.server.impl.RaftServerImpl.submitClientRequestAsync(RaftServerImpl.java:573) ~[ratis-server-0.4.0-78e95b9-SNAPSHOT.jar:0.4.0-78e95b9-SNAPSHOT]
	at org.apache.ratis.server.impl.RaftServerProxy.lambda$submitClientRequestAsync$7(RaftServerProxy.java:333) ~[ratis-server-0.4.0-78e95b9-SNAPSHOT.jar:0.4.0-78e95b9-SNAPSHOT]
	at org.apache.ratis.server.impl.RaftServerProxy.lambda$null$5(RaftServerProxy.java:328) ~[ratis-server-0.4.0-78e95b9-SNAPSHOT.jar:0.4.0-78e95b9-SNAPSHOT]
	at org.apache.ratis.util.JavaUtils.callAsUnchecked(JavaUtils.java:109) ~[ratis-common-0.4.0-78e95b9-SNAPSHOT.jar:0.4.0-78e95b9-SNAPSHOT]
	at org.apache.ratis.server.impl.RaftServerProxy.lambda$submitRequest$6(RaftServerProxy.java:328) ~[ratis-server-0.4.0-78e95b9-SNAPSHOT.jar:0.4.0-78e95b9-SNAPSHOT]
	at java.util.concurrent.CompletableFuture.uniComposeStage(CompletableFuture.java:981) ~[?:1.8.0_212]
	at java.util.concurrent.CompletableFuture.thenCompose(CompletableFuture.java:2124) ~[?:1.8.0_212]
	at org.apache.ratis.server.impl.RaftServerProxy.submitRequest(RaftServerProxy.java:327) ~[ratis-server-0.4.0-78e95b9-SNAPSHOT.jar:0.4.0-78e95b9-SNAPSHOT]
	at org.apache.ratis.server.impl.RaftServerProxy.submitClientRequestAsync(RaftServerProxy.java:333) ~[ratis-server-0.4.0-78e95b9-SNAPSHOT.jar:0.4.0-78e95b9-SNAPSHOT]
	at org.apache.ratis.grpc.client.GrpcClientProtocolService$RequestStreamObserver.processClientRequest(GrpcClientProtocolService.java:220) ~[ratis-grpc-0.4.0-78e95b9-SNAPSHOT.jar:0.4.0-78e95b9-SNAPSHOT]
	at org.apache.ratis.grpc.client.GrpcClientProtocolService$OrderedRequestStreamObserver.processClientRequest(GrpcClientProtocolService.java:326) ~[ratis-grpc-0.4.0-78e95b9-SNAPSHOT.jar:0.4.0-78e95b9-SNAPSHOT]
	at org.apache.ratis.util.SlidingWindow$Server.processRequestsFromHead(SlidingWindow.java:429) [ratis-common-0.4.0-78e95b9-SNAPSHOT.jar:0.4.0-78e95b9-SNAPSHOT]
	at org.apache.ratis.util.SlidingWindow$Server.receivedRequest(SlidingWindow.java:421) [ratis-common-0.4.0-78e95b9-SNAPSHOT.jar:0.4.0-78e95b9-SNAPSHOT]
	at org.apache.ratis.grpc.client.GrpcClientProtocolService$OrderedRequestStreamObserver.processClientRequest(GrpcClientProtocolService.java:345) [ratis-grpc-0.4.0-78e95b9-SNAPSHOT.jar:0.4.0-78e95b9-SNAPSHOT]
	at org.apache.ratis.grpc.client.GrpcClientProtocolService$RequestStreamObserver.onNext(GrpcClientProtocolService.java:240) [ratis-grpc-0.4.0-78e95b9-SNAPSHOT.jar:0.4.0-78e95b9-SNAPSHOT]
	at org.apache.ratis.grpc.client.GrpcClientProtocolService$RequestStreamObserver.onNext(GrpcClientProtocolService.java:168) [ratis-grpc-0.4.0-78e95b9-SNAPSHOT.jar:0.4.0-78e95b9-SNAPSHOT]
	at org.apache.ratis.thirdparty.io.grpc.stub.ServerCalls$StreamingServerCallHandler$StreamingServerCallListener.onMessage(ServerCalls.java:248) [ratis-thirdparty-misc-0.2.0.jar:0.2.0]
	at org.apache.ratis.thirdparty.io.grpc.internal.ServerCallImpl$ServerStreamListenerImpl.messagesAvailable(ServerCallImpl.java:263) [ratis-thirdparty-misc-0.2.0.jar:0.2.0]
	at org.apache.ratis.thirdparty.io.grpc.internal.ServerImpl$JumpToApplicationThreadServerStreamListener$1MessagesAvailable.runInContext(ServerImpl.java:686) [ratis-thirdparty-misc-0.2.0.jar:0.2.0]
	at org.apache.ratis.thirdparty.io.grpc.internal.ContextRunnable.run(ContextRunnable.java:37) [ratis-thirdparty-misc-0.2.0.jar:0.2.0]
	at org.apache.ratis.thirdparty.io.grpc.internal.SerializingExecutor.run(SerializingExecutor.java:123) [ratis-thirdparty-misc-0.2.0.jar:0.2.0]
	at java.util.concurrent.ThreadPoolExecutor.runWorker(ThreadPoolExecutor.java:1149) [?:1.8.0_212]
	at java.util.concurrent.ThreadPoolExecutor$Worker.run(ThreadPoolExecutor.java:624) [?:1.8.0_212]
	at java.lang.Thread.run(Thread.java:748) [?:1.8.0_212]
2019-09-18 13:19:06,952 [grpc-default-executor-9] INFO  client.GrpcClientProtocolClient (GrpcClientProtocolClient.java:onNext(264)) - client-81B2B449C4EC->9a1d4bd2-f6e2-46d8-bc0d-6d5e8df6a3c9: receive RaftClientReply:client-81B2B449C4EC->9a1d4bd2-f6e2-46d8-bc0d-6d5e8df6a3c9@group-D025A6FD987B, cid=184, FAILED org.apache.ratis.protocol.StateMachineException: org.apache.hadoop.hdds.scm.container.common.helpers.ContainerNotOpenException from Server 9a1d4bd2-f6e2-46d8-bc0d-6d5e8df6a3c9@group-D025A6FD987B: Container 1 in CLOSING state, logIndex=0, commits[9a1d4bd2-f6e2-46d8-bc0d-6d5e8df6a3c9:c18, eb696baf-1371-4214-b447-aabaa08e9d3b:c17, 780542ca-6867-4742-bfe9-12a474ec226a:c16]
13:19:06.953 [grpc-default-executor-2] ERROR DNAudit - user=null | ip=null | op=WRITE_CHUNK {blockData=conID: 1 locID: 102813710876213261 bcsId: 14} | ret=FAILURE
org.apache.hadoop.hdds.scm.container.common.helpers.ContainerNotOpenException: Container 1 in CLOSING state
	at org.apache.hadoop.ozone.container.common.impl.HddsDispatcher.validateContainerCommand(HddsDispatcher.java:434) ~[hadoop-hdds-container-service-0.5.0-SNAPSHOT.jar:?]
	at org.apache.hadoop.ozone.container.common.transport.server.ratis.ContainerStateMachine.startTransaction(ContainerStateMachine.java:315) ~[hadoop-hdds-container-service-0.5.0-SNAPSHOT.jar:?]
	at org.apache.ratis.server.impl.RaftServerImpl.submitClientRequestAsync(RaftServerImpl.java:573) ~[ratis-server-0.4.0-78e95b9-SNAPSHOT.jar:0.4.0-78e95b9-SNAPSHOT]
	at org.apache.ratis.server.impl.RaftServerProxy.lambda$submitClientRequestAsync$7(RaftServerProxy.java:333) ~[ratis-server-0.4.0-78e95b9-SNAPSHOT.jar:0.4.0-78e95b9-SNAPSHOT]
	at org.apache.ratis.server.impl.RaftServerProxy.lambda$null$5(RaftServerProxy.java:328) ~[ratis-server-0.4.0-78e95b9-SNAPSHOT.jar:0.4.0-78e95b9-SNAPSHOT]
	at org.apache.ratis.util.JavaUtils.callAsUnchecked(JavaUtils.java:109) ~[ratis-common-0.4.0-78e95b9-SNAPSHOT.jar:0.4.0-78e95b9-SNAPSHOT]
	at org.apache.ratis.server.impl.RaftServerProxy.lambda$submitRequest$6(RaftServerProxy.java:328) ~[ratis-server-0.4.0-78e95b9-SNAPSHOT.jar:0.4.0-78e95b9-SNAPSHOT]
	at java.util.concurrent.CompletableFuture.uniComposeStage(CompletableFuture.java:981) ~[?:1.8.0_212]
	at java.util.concurrent.CompletableFuture.thenCompose(CompletableFuture.java:2124) ~[?:1.8.0_212]
	at org.apache.ratis.server.impl.RaftServerProxy.submitRequest(RaftServerProxy.java:327) ~[ratis-server-0.4.0-78e95b9-SNAPSHOT.jar:0.4.0-78e95b9-SNAPSHOT]
	at org.apache.ratis.server.impl.RaftServerProxy.submitClientRequestAsync(RaftServerProxy.java:333) ~[ratis-server-0.4.0-78e95b9-SNAPSHOT.jar:0.4.0-78e95b9-SNAPSHOT]
	at org.apache.ratis.grpc.client.GrpcClientProtocolService$RequestStreamObserver.processClientRequest(GrpcClientProtocolService.java:220) ~[ratis-grpc-0.4.0-78e95b9-SNAPSHOT.jar:0.4.0-78e95b9-SNAPSHOT]
	at org.apache.ratis.grpc.client.GrpcClientProtocolService$OrderedRequestStreamObserver.processClientRequest(GrpcClientProtocolService.java:326) ~[ratis-grpc-0.4.0-78e95b9-SNAPSHOT.jar:0.4.0-78e95b9-SNAPSHOT]
	at org.apache.ratis.util.SlidingWindow$Server.processRequestsFromHead(SlidingWindow.java:429) [ratis-common-0.4.0-78e95b9-SNAPSHOT.jar:0.4.0-78e95b9-SNAPSHOT]
	at org.apache.ratis.util.SlidingWindow$Server.receivedRequest(SlidingWindow.java:421) [ratis-common-0.4.0-78e95b9-SNAPSHOT.jar:0.4.0-78e95b9-SNAPSHOT]
	at org.apache.ratis.grpc.client.GrpcClientProtocolService$OrderedRequestStreamObserver.processClientRequest(GrpcClientProtocolService.java:345) [ratis-grpc-0.4.0-78e95b9-SNAPSHOT.jar:0.4.0-78e95b9-SNAPSHOT]
	at org.apache.ratis.grpc.client.GrpcClientProtocolService$RequestStreamObserver.onNext(GrpcClientProtocolService.java:240) [ratis-grpc-0.4.0-78e95b9-SNAPSHOT.jar:0.4.0-78e95b9-SNAPSHOT]
	at org.apache.ratis.grpc.client.GrpcClientProtocolService$RequestStreamObserver.onNext(GrpcClientProtocolService.java:168) [ratis-grpc-0.4.0-78e95b9-SNAPSHOT.jar:0.4.0-78e95b9-SNAPSHOT]
	at org.apache.ratis.thirdparty.io.grpc.stub.ServerCalls$StreamingServerCallHandler$StreamingServerCallListener.onMessage(ServerCalls.java:248) [ratis-thirdparty-misc-0.2.0.jar:0.2.0]
	at org.apache.ratis.thirdparty.io.grpc.internal.ServerCallImpl$ServerStreamListenerImpl.messagesAvailable(ServerCallImpl.java:263) [ratis-thirdparty-misc-0.2.0.jar:0.2.0]
	at org.apache.ratis.thirdparty.io.grpc.internal.ServerImpl$JumpToApplicationThreadServerStreamListener$1MessagesAvailable.runInContext(ServerImpl.java:686) [ratis-thirdparty-misc-0.2.0.jar:0.2.0]
	at org.apache.ratis.thirdparty.io.grpc.internal.ContextRunnable.run(ContextRunnable.java:37) [ratis-thirdparty-misc-0.2.0.jar:0.2.0]
	at org.apache.ratis.thirdparty.io.grpc.internal.SerializingExecutor.run(SerializingExecutor.java:123) [ratis-thirdparty-misc-0.2.0.jar:0.2.0]
	at java.util.concurrent.ThreadPoolExecutor.runWorker(ThreadPoolExecutor.java:1149) [?:1.8.0_212]
	at java.util.concurrent.ThreadPoolExecutor$Worker.run(ThreadPoolExecutor.java:624) [?:1.8.0_212]
	at java.lang.Thread.run(Thread.java:748) [?:1.8.0_212]
13:19:06.955 [grpc-default-executor-2] ERROR DNAudit - user=null | ip=null | op=PUT_BLOCK {blockData=[blockId=conID: 1 locID: 102813710876213261 bcsId: 0,size=650]} | ret=FAILURE
org.apache.hadoop.hdds.scm.container.common.helpers.ContainerNotOpenException: Container 1 in CLOSING state
	at org.apache.hadoop.ozone.container.common.impl.HddsDispatcher.validateContainerCommand(HddsDispatcher.java:434) ~[hadoop-hdds-container-service-0.5.0-SNAPSHOT.jar:?]
	at org.apache.hadoop.ozone.container.common.transport.server.ratis.ContainerStateMachine.startTransaction(ContainerStateMachine.java:315) ~[hadoop-hdds-container-service-0.5.0-SNAPSHOT.jar:?]
	at org.apache.ratis.server.impl.RaftServerImpl.submitClientRequestAsync(RaftServerImpl.java:573) ~[ratis-server-0.4.0-78e95b9-SNAPSHOT.jar:0.4.0-78e95b9-SNAPSHOT]
	at org.apache.ratis.server.impl.RaftServerProxy.lambda$submitClientRequestAsync$7(RaftServerProxy.java:333) ~[ratis-server-0.4.0-78e95b9-SNAPSHOT.jar:0.4.0-78e95b9-SNAPSHOT]
	at org.apache.ratis.server.impl.RaftServerProxy.lambda$null$5(RaftServerProxy.java:328) ~[ratis-server-0.4.0-78e95b9-SNAPSHOT.jar:0.4.0-78e95b9-SNAPSHOT]
	at org.apache.ratis.util.JavaUtils.callAsUnchecked(JavaUtils.java:109) ~[ratis-common-0.4.0-78e95b9-SNAPSHOT.jar:0.4.0-78e95b9-SNAPSHOT]
	at org.apache.ratis.server.impl.RaftServerProxy.lambda$submitRequest$6(RaftServerProxy.java:328) ~[ratis-server-0.4.0-78e95b9-SNAPSHOT.jar:0.4.0-78e95b9-SNAPSHOT]
	at java.util.concurrent.CompletableFuture.uniComposeStage(CompletableFuture.java:981) ~[?:1.8.0_212]
	at java.util.concurrent.CompletableFuture.thenCompose(CompletableFuture.java:2124) ~[?:1.8.0_212]
	at org.apache.ratis.server.impl.RaftServerProxy.submitRequest(RaftServerProxy.java:327) ~[ratis-server-0.4.0-78e95b9-SNAPSHOT.jar:0.4.0-78e95b9-SNAPSHOT]
	at org.apache.ratis.server.impl.RaftServerProxy.submitClientRequestAsync(RaftServerProxy.java:333) ~[ratis-server-0.4.0-78e95b9-SNAPSHOT.jar:0.4.0-78e95b9-SNAPSHOT]
	at org.apache.ratis.grpc.client.GrpcClientProtocolService$RequestStreamObserver.processClientRequest(GrpcClientProtocolService.java:220) ~[ratis-grpc-0.4.0-78e95b9-SNAPSHOT.jar:0.4.0-78e95b9-SNAPSHOT]
	at org.apache.ratis.grpc.client.GrpcClientProtocolService$OrderedRequestStreamObserver.processClientRequest(GrpcClientProtocolService.java:326) ~[ratis-grpc-0.4.0-78e95b9-SNAPSHOT.jar:0.4.0-78e95b9-SNAPSHOT]
	at org.apache.ratis.util.SlidingWindow$Server.processRequestsFromHead(SlidingWindow.java:429) [ratis-common-0.4.0-78e95b9-SNAPSHOT.jar:0.4.0-78e95b9-SNAPSHOT]
	at org.apache.ratis.util.SlidingWindow$Server.receivedRequest(SlidingWindow.java:421) [ratis-common-0.4.0-78e95b9-SNAPSHOT.jar:0.4.0-78e95b9-SNAPSHOT]
	at org.apache.ratis.grpc.client.GrpcClientProtocolService$OrderedRequestStreamObserver.processClientRequest(GrpcClientProtocolService.java:345) [ratis-grpc-0.4.0-78e95b9-SNAPSHOT.jar:0.4.0-78e95b9-SNAPSHOT]
	at org.apache.ratis.grpc.client.GrpcClientProtocolService$RequestStreamObserver.onNext(GrpcClientProtocolService.java:240) [ratis-grpc-0.4.0-78e95b9-SNAPSHOT.jar:0.4.0-78e95b9-SNAPSHOT]
	at org.apache.ratis.grpc.client.GrpcClientProtocolService$RequestStreamObserver.onNext(GrpcClientProtocolService.java:168) [ratis-grpc-0.4.0-78e95b9-SNAPSHOT.jar:0.4.0-78e95b9-SNAPSHOT]
	at org.apache.ratis.thirdparty.io.grpc.stub.ServerCalls$StreamingServerCallHandler$StreamingServerCallListener.onMessage(ServerCalls.java:248) [ratis-thirdparty-misc-0.2.0.jar:0.2.0]
	at org.apache.ratis.thirdparty.io.grpc.internal.ServerCallImpl$ServerStreamListenerImpl.messagesAvailable(ServerCallImpl.java:263) [ratis-thirdparty-misc-0.2.0.jar:0.2.0]
	at org.apache.ratis.thirdparty.io.grpc.internal.ServerImpl$JumpToApplicationThreadServerStreamListener$1MessagesAvailable.runInContext(ServerImpl.java:686) [ratis-thirdparty-misc-0.2.0.jar:0.2.0]
	at org.apache.ratis.thirdparty.io.grpc.internal.ContextRunnable.run(ContextRunnable.java:37) [ratis-thirdparty-misc-0.2.0.jar:0.2.0]
	at org.apache.ratis.thirdparty.io.grpc.internal.SerializingExecutor.run(SerializingExecutor.java:123) [ratis-thirdparty-misc-0.2.0.jar:0.2.0]
	at java.util.concurrent.ThreadPoolExecutor.runWorker(ThreadPoolExecutor.java:1149) [?:1.8.0_212]
	at java.util.concurrent.ThreadPoolExecutor$Worker.run(ThreadPoolExecutor.java:624) [?:1.8.0_212]
	at java.lang.Thread.run(Thread.java:748) [?:1.8.0_212]
2019-09-18 13:19:06,968 [grpc-default-executor-9] INFO  client.GrpcClientProtocolClient (GrpcClientProtocolClient.java:onNext(264)) - client-81B2B449C4EC->9a1d4bd2-f6e2-46d8-bc0d-6d5e8df6a3c9: receive RaftClientReply:client-81B2B449C4EC->9a1d4bd2-f6e2-46d8-bc0d-6d5e8df6a3c9@group-D025A6FD987B, cid=185, FAILED org.apache.ratis.protocol.StateMachineException: org.apache.hadoop.hdds.scm.container.common.helpers.ContainerNotOpenException from Server 9a1d4bd2-f6e2-46d8-bc0d-6d5e8df6a3c9@group-D025A6FD987B: Container 1 in CLOSING state, logIndex=0, commits[9a1d4bd2-f6e2-46d8-bc0d-6d5e8df6a3c9:c18, eb696baf-1371-4214-b447-aabaa08e9d3b:c17, 780542ca-6867-4742-bfe9-12a474ec226a:c16]
13:19:06.969 [grpc-default-executor-2] ERROR DNAudit - user=null | ip=null | op=WRITE_CHUNK {blockData=conID: 1 locID: 102813710876213261 bcsId: 14} | ret=FAILURE
org.apache.hadoop.hdds.scm.container.common.helpers.ContainerNotOpenException: Container 1 in CLOSING state
	at org.apache.hadoop.ozone.container.common.impl.HddsDispatcher.validateContainerCommand(HddsDispatcher.java:434) ~[hadoop-hdds-container-service-0.5.0-SNAPSHOT.jar:?]
	at org.apache.hadoop.ozone.container.common.transport.server.ratis.ContainerStateMachine.startTransaction(ContainerStateMachine.java:315) ~[hadoop-hdds-container-service-0.5.0-SNAPSHOT.jar:?]
	at org.apache.ratis.server.impl.RaftServerImpl.submitClientRequestAsync(RaftServerImpl.java:573) ~[ratis-server-0.4.0-78e95b9-SNAPSHOT.jar:0.4.0-78e95b9-SNAPSHOT]
	at org.apache.ratis.server.impl.RaftServerProxy.lambda$submitClientRequestAsync$7(RaftServerProxy.java:333) ~[ratis-server-0.4.0-78e95b9-SNAPSHOT.jar:0.4.0-78e95b9-SNAPSHOT]
	at org.apache.ratis.server.impl.RaftServerProxy.lambda$null$5(RaftServerProxy.java:328) ~[ratis-server-0.4.0-78e95b9-SNAPSHOT.jar:0.4.0-78e95b9-SNAPSHOT]
	at org.apache.ratis.util.JavaUtils.callAsUnchecked(JavaUtils.java:109) ~[ratis-common-0.4.0-78e95b9-SNAPSHOT.jar:0.4.0-78e95b9-SNAPSHOT]
	at org.apache.ratis.server.impl.RaftServerProxy.lambda$submitRequest$6(RaftServerProxy.java:328) ~[ratis-server-0.4.0-78e95b9-SNAPSHOT.jar:0.4.0-78e95b9-SNAPSHOT]
	at java.util.concurrent.CompletableFuture.uniComposeStage(CompletableFuture.java:981) ~[?:1.8.0_212]
	at java.util.concurrent.CompletableFuture.thenCompose(CompletableFuture.java:2124) ~[?:1.8.0_212]
	at org.apache.ratis.server.impl.RaftServerProxy.submitRequest(RaftServerProxy.java:327) ~[ratis-server-0.4.0-78e95b9-SNAPSHOT.jar:0.4.0-78e95b9-SNAPSHOT]
	at org.apache.ratis.server.impl.RaftServerProxy.submitClientRequestAsync(RaftServerProxy.java:333) ~[ratis-server-0.4.0-78e95b9-SNAPSHOT.jar:0.4.0-78e95b9-SNAPSHOT]
	at org.apache.ratis.grpc.client.GrpcClientProtocolService$RequestStreamObserver.processClientRequest(GrpcClientProtocolService.java:220) ~[ratis-grpc-0.4.0-78e95b9-SNAPSHOT.jar:0.4.0-78e95b9-SNAPSHOT]
	at org.apache.ratis.grpc.client.GrpcClientProtocolService$OrderedRequestStreamObserver.processClientRequest(GrpcClientProtocolService.java:326) ~[ratis-grpc-0.4.0-78e95b9-SNAPSHOT.jar:0.4.0-78e95b9-SNAPSHOT]
	at org.apache.ratis.util.SlidingWindow$Server.processRequestsFromHead(SlidingWindow.java:429) [ratis-common-0.4.0-78e95b9-SNAPSHOT.jar:0.4.0-78e95b9-SNAPSHOT]
	at org.apache.ratis.util.SlidingWindow$Server.receivedRequest(SlidingWindow.java:421) [ratis-common-0.4.0-78e95b9-SNAPSHOT.jar:0.4.0-78e95b9-SNAPSHOT]
	at org.apache.ratis.grpc.client.GrpcClientProtocolService$OrderedRequestStreamObserver.processClientRequest(GrpcClientProtocolService.java:345) [ratis-grpc-0.4.0-78e95b9-SNAPSHOT.jar:0.4.0-78e95b9-SNAPSHOT]
	at org.apache.ratis.grpc.client.GrpcClientProtocolService$RequestStreamObserver.onNext(GrpcClientProtocolService.java:240) [ratis-grpc-0.4.0-78e95b9-SNAPSHOT.jar:0.4.0-78e95b9-SNAPSHOT]
	at org.apache.ratis.grpc.client.GrpcClientProtocolService$RequestStreamObserver.onNext(GrpcClientProtocolService.java:168) [ratis-grpc-0.4.0-78e95b9-SNAPSHOT.jar:0.4.0-78e95b9-SNAPSHOT]
	at org.apache.ratis.thirdparty.io.grpc.stub.ServerCalls$StreamingServerCallHandler$StreamingServerCallListener.onMessage(ServerCalls.java:248) [ratis-thirdparty-misc-0.2.0.jar:0.2.0]
	at org.apache.ratis.thirdparty.io.grpc.internal.ServerCallImpl$ServerStreamListenerImpl.messagesAvailable(ServerCallImpl.java:263) [ratis-thirdparty-misc-0.2.0.jar:0.2.0]
	at org.apache.ratis.thirdparty.io.grpc.internal.ServerImpl$JumpToApplicationThreadServerStreamListener$1MessagesAvailable.runInContext(ServerImpl.java:686) [ratis-thirdparty-misc-0.2.0.jar:0.2.0]
	at org.apache.ratis.thirdparty.io.grpc.internal.ContextRunnable.run(ContextRunnable.java:37) [ratis-thirdparty-misc-0.2.0.jar:0.2.0]
	at org.apache.ratis.thirdparty.io.grpc.internal.SerializingExecutor.run(SerializingExecutor.java:123) [ratis-thirdparty-misc-0.2.0.jar:0.2.0]
	at java.util.concurrent.ThreadPoolExecutor.runWorker(ThreadPoolExecutor.java:1149) [?:1.8.0_212]
	at java.util.concurrent.ThreadPoolExecutor$Worker.run(ThreadPoolExecutor.java:624) [?:1.8.0_212]
	at java.lang.Thread.run(Thread.java:748) [?:1.8.0_212]
2019-09-18 13:19:06,970 [grpc-default-executor-9] INFO  client.GrpcClientProtocolClient (GrpcClientProtocolClient.java:onNext(264)) - client-81B2B449C4EC->9a1d4bd2-f6e2-46d8-bc0d-6d5e8df6a3c9: receive RaftClientReply:client-81B2B449C4EC->9a1d4bd2-f6e2-46d8-bc0d-6d5e8df6a3c9@group-D025A6FD987B, cid=186, FAILED org.apache.ratis.protocol.StateMachineException: org.apache.hadoop.hdds.scm.container.common.helpers.ContainerNotOpenException from Server 9a1d4bd2-f6e2-46d8-bc0d-6d5e8df6a3c9@group-D025A6FD987B: Container 1 in CLOSING state, logIndex=0, commits[9a1d4bd2-f6e2-46d8-bc0d-6d5e8df6a3c9:c18, eb696baf-1371-4214-b447-aabaa08e9d3b:c17, 780542ca-6867-4742-bfe9-12a474ec226a:c16]
13:19:06.970 [grpc-default-executor-2] ERROR DNAudit - user=null | ip=null | op=WRITE_CHUNK {blockData=conID: 1 locID: 102813710876213261 bcsId: 14} | ret=FAILURE
org.apache.hadoop.hdds.scm.container.common.helpers.ContainerNotOpenException: Container 1 in CLOSING state
	at org.apache.hadoop.ozone.container.common.impl.HddsDispatcher.validateContainerCommand(HddsDispatcher.java:434) ~[hadoop-hdds-container-service-0.5.0-SNAPSHOT.jar:?]
	at org.apache.hadoop.ozone.container.common.transport.server.ratis.ContainerStateMachine.startTransaction(ContainerStateMachine.java:315) ~[hadoop-hdds-container-service-0.5.0-SNAPSHOT.jar:?]
	at org.apache.ratis.server.impl.RaftServerImpl.submitClientRequestAsync(RaftServerImpl.java:573) ~[ratis-server-0.4.0-78e95b9-SNAPSHOT.jar:0.4.0-78e95b9-SNAPSHOT]
	at org.apache.ratis.server.impl.RaftServerProxy.lambda$submitClientRequestAsync$7(RaftServerProxy.java:333) ~[ratis-server-0.4.0-78e95b9-SNAPSHOT.jar:0.4.0-78e95b9-SNAPSHOT]
	at org.apache.ratis.server.impl.RaftServerProxy.lambda$null$5(RaftServerProxy.java:328) ~[ratis-server-0.4.0-78e95b9-SNAPSHOT.jar:0.4.0-78e95b9-SNAPSHOT]
	at org.apache.ratis.util.JavaUtils.callAsUnchecked(JavaUtils.java:109) ~[ratis-common-0.4.0-78e95b9-SNAPSHOT.jar:0.4.0-78e95b9-SNAPSHOT]
	at org.apache.ratis.server.impl.RaftServerProxy.lambda$submitRequest$6(RaftServerProxy.java:328) ~[ratis-server-0.4.0-78e95b9-SNAPSHOT.jar:0.4.0-78e95b9-SNAPSHOT]
	at java.util.concurrent.CompletableFuture.uniComposeStage(CompletableFuture.java:981) ~[?:1.8.0_212]
	at java.util.concurrent.CompletableFuture.thenCompose(CompletableFuture.java:2124) ~[?:1.8.0_212]
	at org.apache.ratis.server.impl.RaftServerProxy.submitRequest(RaftServerProxy.java:327) ~[ratis-server-0.4.0-78e95b9-SNAPSHOT.jar:0.4.0-78e95b9-SNAPSHOT]
	at org.apache.ratis.server.impl.RaftServerProxy.submitClientRequestAsync(RaftServerProxy.java:333) ~[ratis-server-0.4.0-78e95b9-SNAPSHOT.jar:0.4.0-78e95b9-SNAPSHOT]
	at org.apache.ratis.grpc.client.GrpcClientProtocolService$RequestStreamObserver.processClientRequest(GrpcClientProtocolService.java:220) ~[ratis-grpc-0.4.0-78e95b9-SNAPSHOT.jar:0.4.0-78e95b9-SNAPSHOT]
	at org.apache.ratis.grpc.client.GrpcClientProtocolService$OrderedRequestStreamObserver.processClientRequest(GrpcClientProtocolService.java:326) ~[ratis-grpc-0.4.0-78e95b9-SNAPSHOT.jar:0.4.0-78e95b9-SNAPSHOT]
	at org.apache.ratis.util.SlidingWindow$Server.processRequestsFromHead(SlidingWindow.java:429) [ratis-common-0.4.0-78e95b9-SNAPSHOT.jar:0.4.0-78e95b9-SNAPSHOT]
	at org.apache.ratis.util.SlidingWindow$Server.receivedRequest(SlidingWindow.java:421) [ratis-common-0.4.0-78e95b9-SNAPSHOT.jar:0.4.0-78e95b9-SNAPSHOT]
	at org.apache.ratis.grpc.client.GrpcClientProtocolService$OrderedRequestStreamObserver.processClientRequest(GrpcClientProtocolService.java:345) [ratis-grpc-0.4.0-78e95b9-SNAPSHOT.jar:0.4.0-78e95b9-SNAPSHOT]
	at org.apache.ratis.grpc.client.GrpcClientProtocolService$RequestStreamObserver.onNext(GrpcClientProtocolService.java:240) [ratis-grpc-0.4.0-78e95b9-SNAPSHOT.jar:0.4.0-78e95b9-SNAPSHOT]
	at org.apache.ratis.grpc.client.GrpcClientProtocolService$RequestStreamObserver.onNext(GrpcClientProtocolService.java:168) [ratis-grpc-0.4.0-78e95b9-SNAPSHOT.jar:0.4.0-78e95b9-SNAPSHOT]
	at org.apache.ratis.thirdparty.io.grpc.stub.ServerCalls$StreamingServerCallHandler$StreamingServerCallListener.onMessage(ServerCalls.java:248) [ratis-thirdparty-misc-0.2.0.jar:0.2.0]
	at org.apache.ratis.thirdparty.io.grpc.internal.ServerCallImpl$ServerStreamListenerImpl.messagesAvailable(ServerCallImpl.java:263) [ratis-thirdparty-misc-0.2.0.jar:0.2.0]
	at org.apache.ratis.thirdparty.io.grpc.internal.ServerImpl$JumpToApplicationThreadServerStreamListener$1MessagesAvailable.runInContext(ServerImpl.java:686) [ratis-thirdparty-misc-0.2.0.jar:0.2.0]
	at org.apache.ratis.thirdparty.io.grpc.internal.ContextRunnable.run(ContextRunnable.java:37) [ratis-thirdparty-misc-0.2.0.jar:0.2.0]
	at org.apache.ratis.thirdparty.io.grpc.internal.SerializingExecutor.run(SerializingExecutor.java:123) [ratis-thirdparty-misc-0.2.0.jar:0.2.0]
	at java.util.concurrent.ThreadPoolExecutor.runWorker(ThreadPoolExecutor.java:1149) [?:1.8.0_212]
	at java.util.concurrent.ThreadPoolExecutor$Worker.run(ThreadPoolExecutor.java:624) [?:1.8.0_212]
	at java.lang.Thread.run(Thread.java:748) [?:1.8.0_212]
13:19:06.981 [grpc-default-executor-2] ERROR DNAudit - user=null | ip=null | op=PUT_BLOCK {blockData=[blockId=conID: 1 locID: 102813710876213261 bcsId: 0,size=800]} | ret=FAILURE
org.apache.hadoop.hdds.scm.container.common.helpers.ContainerNotOpenException: Container 1 in CLOSING state
	at org.apache.hadoop.ozone.container.common.impl.HddsDispatcher.validateContainerCommand(HddsDispatcher.java:434) ~[hadoop-hdds-container-service-0.5.0-SNAPSHOT.jar:?]
	at org.apache.hadoop.ozone.container.common.transport.server.ratis.ContainerStateMachine.startTransaction(ContainerStateMachine.java:315) ~[hadoop-hdds-container-service-0.5.0-SNAPSHOT.jar:?]
	at org.apache.ratis.server.impl.RaftServerImpl.submitClientRequestAsync(RaftServerImpl.java:573) ~[ratis-server-0.4.0-78e95b9-SNAPSHOT.jar:0.4.0-78e95b9-SNAPSHOT]
	at org.apache.ratis.server.impl.RaftServerProxy.lambda$submitClientRequestAsync$7(RaftServerProxy.java:333) ~[ratis-server-0.4.0-78e95b9-SNAPSHOT.jar:0.4.0-78e95b9-SNAPSHOT]
	at org.apache.ratis.server.impl.RaftServerProxy.lambda$null$5(RaftServerProxy.java:328) ~[ratis-server-0.4.0-78e95b9-SNAPSHOT.jar:0.4.0-78e95b9-SNAPSHOT]
	at org.apache.ratis.util.JavaUtils.callAsUnchecked(JavaUtils.java:109) ~[ratis-common-0.4.0-78e95b9-SNAPSHOT.jar:0.4.0-78e95b9-SNAPSHOT]
	at org.apache.ratis.server.impl.RaftServerProxy.lambda$submitRequest$6(RaftServerProxy.java:328) ~[ratis-server-0.4.0-78e95b9-SNAPSHOT.jar:0.4.0-78e95b9-SNAPSHOT]
	at java.util.concurrent.CompletableFuture.uniComposeStage(CompletableFuture.java:981) ~[?:1.8.0_212]
	at java.util.concurrent.CompletableFuture.thenCompose(CompletableFuture.java:2124) ~[?:1.8.0_212]
	at org.apache.ratis.server.impl.RaftServerProxy.submitRequest(RaftServerProxy.java:327) ~[ratis-server-0.4.0-78e95b9-SNAPSHOT.jar:0.4.0-78e95b9-SNAPSHOT]
	at org.apache.ratis.server.impl.RaftServerProxy.submitClientRequestAsync(RaftServerProxy.java:333) ~[ratis-server-0.4.0-78e95b9-SNAPSHOT.jar:0.4.0-78e95b9-SNAPSHOT]
	at org.apache.ratis.grpc.client.GrpcClientProtocolService$RequestStreamObserver.processClientRequest(GrpcClientProtocolService.java:220) ~[ratis-grpc-0.4.0-78e95b9-SNAPSHOT.jar:0.4.0-78e95b9-SNAPSHOT]
	at org.apache.ratis.grpc.client.GrpcClientProtocolService$OrderedRequestStreamObserver.processClientRequest(GrpcClientProtocolService.java:326) ~[ratis-grpc-0.4.0-78e95b9-SNAPSHOT.jar:0.4.0-78e95b9-SNAPSHOT]
	at org.apache.ratis.util.SlidingWindow$Server.processRequestsFromHead(SlidingWindow.java:429) [ratis-common-0.4.0-78e95b9-SNAPSHOT.jar:0.4.0-78e95b9-SNAPSHOT]
	at org.apache.ratis.util.SlidingWindow$Server.receivedRequest(SlidingWindow.java:421) [ratis-common-0.4.0-78e95b9-SNAPSHOT.jar:0.4.0-78e95b9-SNAPSHOT]
	at org.apache.ratis.grpc.client.GrpcClientProtocolService$OrderedRequestStreamObserver.processClientRequest(GrpcClientProtocolService.java:345) [ratis-grpc-0.4.0-78e95b9-SNAPSHOT.jar:0.4.0-78e95b9-SNAPSHOT]
	at org.apache.ratis.grpc.client.GrpcClientProtocolService$RequestStreamObserver.onNext(GrpcClientProtocolService.java:240) [ratis-grpc-0.4.0-78e95b9-SNAPSHOT.jar:0.4.0-78e95b9-SNAPSHOT]
	at org.apache.ratis.grpc.client.GrpcClientProtocolService$RequestStreamObserver.onNext(GrpcClientProtocolService.java:168) [ratis-grpc-0.4.0-78e95b9-SNAPSHOT.jar:0.4.0-78e95b9-SNAPSHOT]
	at org.apache.ratis.thirdparty.io.grpc.stub.ServerCalls$StreamingServerCallHandler$StreamingServerCallListener.onMessage(ServerCalls.java:248) [ratis-thirdparty-misc-0.2.0.jar:0.2.0]
	at org.apache.ratis.thirdparty.io.grpc.internal.ServerCallImpl$ServerStreamListenerImpl.messagesAvailable(ServerCallImpl.java:263) [ratis-thirdparty-misc-0.2.0.jar:0.2.0]
	at org.apache.ratis.thirdparty.io.grpc.internal.ServerImpl$JumpToApplicationThreadServerStreamListener$1MessagesAvailable.runInContext(ServerImpl.java:686) [ratis-thirdparty-misc-0.2.0.jar:0.2.0]
	at org.apache.ratis.thirdparty.io.grpc.internal.ContextRunnable.run(ContextRunnable.java:37) [ratis-thirdparty-misc-0.2.0.jar:0.2.0]
	at org.apache.ratis.thirdparty.io.grpc.internal.SerializingExecutor.run(SerializingExecutor.java:123) [ratis-thirdparty-misc-0.2.0.jar:0.2.0]
	at java.util.concurrent.ThreadPoolExecutor.runWorker(ThreadPoolExecutor.java:1149) [?:1.8.0_212]
	at java.util.concurrent.ThreadPoolExecutor$Worker.run(ThreadPoolExecutor.java:624) [?:1.8.0_212]
	at java.lang.Thread.run(Thread.java:748) [?:1.8.0_212]
2019-09-18 13:19:06,982 [grpc-default-executor-9] INFO  client.GrpcClientProtocolClient (GrpcClientProtocolClient.java:onNext(264)) - client-81B2B449C4EC->9a1d4bd2-f6e2-46d8-bc0d-6d5e8df6a3c9: receive RaftClientReply:client-81B2B449C4EC->9a1d4bd2-f6e2-46d8-bc0d-6d5e8df6a3c9@group-D025A6FD987B, cid=187, FAILED org.apache.ratis.protocol.StateMachineException: org.apache.hadoop.hdds.scm.container.common.helpers.ContainerNotOpenException from Server 9a1d4bd2-f6e2-46d8-bc0d-6d5e8df6a3c9@group-D025A6FD987B: Container 1 in CLOSING state, logIndex=0, commits[9a1d4bd2-f6e2-46d8-bc0d-6d5e8df6a3c9:c18, eb696baf-1371-4214-b447-aabaa08e9d3b:c17, 780542ca-6867-4742-bfe9-12a474ec226a:c16]
2019-09-18 13:19:06,995 [grpc-default-executor-9] INFO  client.GrpcClientProtocolClient (GrpcClientProtocolClient.java:onNext(264)) - client-81B2B449C4EC->9a1d4bd2-f6e2-46d8-bc0d-6d5e8df6a3c9: receive RaftClientReply:client-81B2B449C4EC->9a1d4bd2-f6e2-46d8-bc0d-6d5e8df6a3c9@group-D025A6FD987B, cid=188, FAILED org.apache.ratis.protocol.StateMachineException: org.apache.hadoop.hdds.scm.container.common.helpers.ContainerNotOpenException from Server 9a1d4bd2-f6e2-46d8-bc0d-6d5e8df6a3c9@group-D025A6FD987B: Container 1 in CLOSING state, logIndex=0, commits[9a1d4bd2-f6e2-46d8-bc0d-6d5e8df6a3c9:c18, eb696baf-1371-4214-b447-aabaa08e9d3b:c17, 780542ca-6867-4742-bfe9-12a474ec226a:c16]
2019-09-18 13:19:06,996 [grpc-default-executor-9] INFO  client.GrpcClientProtocolClient (GrpcClientProtocolClient.java:onNext(264)) - client-81B2B449C4EC->9a1d4bd2-f6e2-46d8-bc0d-6d5e8df6a3c9: receive RaftClientReply:client-81B2B449C4EC->9a1d4bd2-f6e2-46d8-bc0d-6d5e8df6a3c9@group-D025A6FD987B, cid=189, FAILED org.apache.ratis.protocol.StateMachineException: org.apache.hadoop.hdds.scm.container.common.helpers.ContainerNotOpenException from Server 9a1d4bd2-f6e2-46d8-bc0d-6d5e8df6a3c9@group-D025A6FD987B: Container 1 in CLOSING state, logIndex=0, commits[9a1d4bd2-f6e2-46d8-bc0d-6d5e8df6a3c9:c18, eb696baf-1371-4214-b447-aabaa08e9d3b:c17, 780542ca-6867-4742-bfe9-12a474ec226a:c16]
2019-09-18 13:19:07,059 [grpc-default-executor-2] INFO  client.GrpcClientProtocolClient (GrpcClientProtocolClient.java:onNext(264)) - client-A558AAC0EE7D->9efe3194-bd4f-49a4-be9a-a0c0ad574cdc: receive RaftClientReply:client-A558AAC0EE7D->9efe3194-bd4f-49a4-be9a-a0c0ad574cdc@group-1B011D0DD7FC, cid=190, FAILED org.apache.ratis.protocol.NotLeaderException: Server 9efe3194-bd4f-49a4-be9a-a0c0ad574cdc@group-1B011D0DD7FC is not the leader b5e58cb2-65b2-462a-9849-1bc2048b184b:192.168.69.108:34672, logIndex=0, commits[9efe3194-bd4f-49a4-be9a-a0c0ad574cdc:c0, 7b7c28b3-8e58-4b89-8f32-c81a2c7aabdf:c0, b5e58cb2-65b2-462a-9849-1bc2048b184b:c0]
2019-09-18 13:19:07,223 [grpc-default-executor-2] INFO  client.GrpcClientProtocolClient (GrpcClientProtocolClient.java:onNext(264)) - client-A558AAC0EE7D->b5e58cb2-65b2-462a-9849-1bc2048b184b: receive RaftClientReply:client-A558AAC0EE7D->b5e58cb2-65b2-462a-9849-1bc2048b184b@group-1B011D0DD7FC, cid=190, SUCCESS, logIndex=1, commits[b5e58cb2-65b2-462a-9849-1bc2048b184b:c1, 9efe3194-bd4f-49a4-be9a-a0c0ad574cdc:c0, 7b7c28b3-8e58-4b89-8f32-c81a2c7aabdf:c0]
2019-09-18 13:19:07,247 [grpc-default-executor-8] INFO  client.GrpcClientProtocolClient (GrpcClientProtocolClient.java:onNext(264)) - client-A558AAC0EE7D->b5e58cb2-65b2-462a-9849-1bc2048b184b: receive RaftClientReply:client-A558AAC0EE7D->b5e58cb2-65b2-462a-9849-1bc2048b184b@group-1B011D0DD7FC, cid=191, SUCCESS, logIndex=3, commits[b5e58cb2-65b2-462a-9849-1bc2048b184b:c6, 9efe3194-bd4f-49a4-be9a-a0c0ad574cdc:c1, 7b7c28b3-8e58-4b89-8f32-c81a2c7aabdf:c1]
2019-09-18 13:19:07,303 [grpc-default-executor-8] INFO  client.GrpcClientProtocolClient (GrpcClientProtocolClient.java:onNext(264)) - client-A558AAC0EE7D->b5e58cb2-65b2-462a-9849-1bc2048b184b: receive RaftClientReply:client-A558AAC0EE7D->b5e58cb2-65b2-462a-9849-1bc2048b184b@group-1B011D0DD7FC, cid=192, SUCCESS, logIndex=4, commits[b5e58cb2-65b2-462a-9849-1bc2048b184b:c12, 9efe3194-bd4f-49a4-be9a-a0c0ad574cdc:c7, 7b7c28b3-8e58-4b89-8f32-c81a2c7aabdf:c7]
2019-09-18 13:19:07,303 [grpc-default-executor-8] INFO  client.GrpcClientProtocolClient (GrpcClientProtocolClient.java:onNext(264)) - client-A558AAC0EE7D->b5e58cb2-65b2-462a-9849-1bc2048b184b: receive RaftClientReply:client-A558AAC0EE7D->b5e58cb2-65b2-462a-9849-1bc2048b184b@group-1B011D0DD7FC, cid=193, SUCCESS, logIndex=5, commits[b5e58cb2-65b2-462a-9849-1bc2048b184b:c12, 9efe3194-bd4f-49a4-be9a-a0c0ad574cdc:c7, 7b7c28b3-8e58-4b89-8f32-c81a2c7aabdf:c7]
2019-09-18 13:19:07,304 [grpc-default-executor-8] INFO  client.GrpcClientProtocolClient (GrpcClientProtocolClient.java:onNext(264)) - client-A558AAC0EE7D->b5e58cb2-65b2-462a-9849-1bc2048b184b: receive RaftClientReply:client-A558AAC0EE7D->b5e58cb2-65b2-462a-9849-1bc2048b184b@group-1B011D0DD7FC, cid=194, SUCCESS, logIndex=6, commits[b5e58cb2-65b2-462a-9849-1bc2048b184b:c12, 9efe3194-bd4f-49a4-be9a-a0c0ad574cdc:c7, 7b7c28b3-8e58-4b89-8f32-c81a2c7aabdf:c7]
2019-09-18 13:19:07,389 [grpc-default-executor-8] INFO  client.GrpcClientProtocolClient (GrpcClientProtocolClient.java:onNext(264)) - client-A558AAC0EE7D->b5e58cb2-65b2-462a-9849-1bc2048b184b: receive RaftClientReply:client-A558AAC0EE7D->b5e58cb2-65b2-462a-9849-1bc2048b184b@group-1B011D0DD7FC, cid=195, SUCCESS, logIndex=7, commits[b5e58cb2-65b2-462a-9849-1bc2048b184b:c12, 9efe3194-bd4f-49a4-be9a-a0c0ad574cdc:c7, 7b7c28b3-8e58-4b89-8f32-c81a2c7aabdf:c7]
2019-09-18 13:19:07,407 [grpc-default-executor-7] INFO  client.GrpcClientProtocolClient (GrpcClientProtocolClient.java:onNext(264)) - client-A558AAC0EE7D->b5e58cb2-65b2-462a-9849-1bc2048b184b: receive RaftClientReply:client-A558AAC0EE7D->b5e58cb2-65b2-462a-9849-1bc2048b184b@group-1B011D0DD7FC, cid=196, SUCCESS, logIndex=13, commits[b5e58cb2-65b2-462a-9849-1bc2048b184b:c14, 9efe3194-bd4f-49a4-be9a-a0c0ad574cdc:c12, 7b7c28b3-8e58-4b89-8f32-c81a2c7aabdf:c12]
2019-09-18 13:19:07,411 [grpc-default-executor-7] INFO  client.GrpcClientProtocolClient (GrpcClientProtocolClient.java:onNext(264)) - client-A558AAC0EE7D->b5e58cb2-65b2-462a-9849-1bc2048b184b: receive RaftClientReply:client-A558AAC0EE7D->b5e58cb2-65b2-462a-9849-1bc2048b184b@group-1B011D0DD7FC, cid=197, SUCCESS, logIndex=14, commits[b5e58cb2-65b2-462a-9849-1bc2048b184b:c14, 9efe3194-bd4f-49a4-be9a-a0c0ad574cdc:c12, 7b7c28b3-8e58-4b89-8f32-c81a2c7aabdf:c12]
2019-09-18 13:19:07,436 [grpc-default-executor-8] INFO  client.GrpcClientProtocolClient (GrpcClientProtocolClient.java:onNext(264)) - client-A558AAC0EE7D->b5e58cb2-65b2-462a-9849-1bc2048b184b: receive RaftClientReply:client-A558AAC0EE7D->b5e58cb2-65b2-462a-9849-1bc2048b184b@group-1B011D0DD7FC, cid=198, SUCCESS, logIndex=0, commits[b5e58cb2-65b2-462a-9849-1bc2048b184b:c15, 9efe3194-bd4f-49a4-be9a-a0c0ad574cdc:c14, 7b7c28b3-8e58-4b89-8f32-c81a2c7aabdf:c14]
2019-09-18 13:19:07,437 [main] INFO  ozone.MiniOzoneClusterImpl (MiniOzoneClusterImpl.java:shutdown(312)) - Shutting down the Mini Ozone Cluster
2019-09-18 13:19:07,437 [main] INFO  ozone.MiniOzoneClusterImpl (MiniOzoneClusterImpl.java:stop(327)) - Stopping the Mini Ozone Cluster
2019-09-18 13:19:07,437 [main] INFO  ozone.MiniOzoneClusterImpl (MiniOzoneClusterImpl.java:stop(329)) - Stopping the OzoneManager
2019-09-18 13:19:07,438 [main] INFO  ipc.Server (Server.java:stop(3082)) - Stopping server on 39910
2019-09-18 13:19:07,449 [IPC Server listener on 39910] INFO  ipc.Server (Server.java:run(1185)) - Stopping IPC Server listener on 39910
2019-09-18 13:19:07,451 [main] INFO  ratis.OzoneManagerDoubleBuffer (OzoneManagerDoubleBuffer.java:stop(248)) - Stopping OMDoubleBuffer flush thread
2019-09-18 13:19:07,453 [IPC Server Responder] INFO  ipc.Server (Server.java:run(1319)) - Stopping IPC Server Responder
2019-09-18 13:19:07,453 [OMDoubleBufferFlushThread] INFO  ratis.OzoneManagerDoubleBuffer (OzoneManagerDoubleBuffer.java:flushTransactions(191)) - OMDoubleBuffer flush thread OMDoubleBufferFlushThread is interrupted and will exit. OMDoubleBufferFlushThread
2019-09-18 13:19:07,463 [main] INFO  utils.BackgroundService (BackgroundService.java:shutdown(148)) - Shutting down service KeyDeletingService
2019-09-18 13:19:07,464 [main] INFO  handler.ContextHandler (ContextHandler.java:doStop(910)) - Stopped o.e.j.w.WebAppContext@546ed2a0{/,null,UNAVAILABLE}{/ozoneManager}
2019-09-18 13:19:07,465 [main] INFO  server.AbstractConnector (AbstractConnector.java:doStop(318)) - Stopped ServerConnector@5bfc79cb{HTTP/1.1,[http/1.1]}{0.0.0.0:0}
2019-09-18 13:19:07,465 [main] INFO  handler.ContextHandler (ContextHandler.java:doStop(910)) - Stopped o.e.j.s.ServletContextHandler@4def7d36{/static,file:///workdir/hadoop-ozone/integration-test/target/test-classes/webapps/static,UNAVAILABLE}
2019-09-18 13:19:07,466 [main] INFO  handler.ContextHandler (ContextHandler.java:doStop(910)) - Stopped o.e.j.s.ServletContextHandler@530ee28b{/logs,file:///workdir/hadoop-ozone/integration-test/target/log,UNAVAILABLE}
2019-09-18 13:19:07,468 [main] INFO  ozone.MiniOzoneClusterImpl (MiniOzoneClusterImpl.java:stop(335)) - Shutting the HddsDatanodes
2019-09-18 13:19:08,200 [Datanode State Machine Thread - 0] INFO  statemachine.DatanodeStateMachine (DatanodeStateMachine.java:lambda$startDaemon$0(350)) - Ozone container server started.
2019-09-18 13:19:08,362 [Datanode State Machine Thread - 0] INFO  statemachine.DatanodeStateMachine (DatanodeStateMachine.java:lambda$startDaemon$0(350)) - Ozone container server started.
2019-09-18 13:19:08,836 [grpc-default-executor-8] WARN  server.GrpcLogAppender (LogUtils.java:warn(134)) - 9a1d4bd2-f6e2-46d8-bc0d-6d5e8df6a3c9@group-D025A6FD987B->780542ca-6867-4742-bfe9-12a474ec226a-AppendLogResponseHandler: Failed appendEntries: org.apache.ratis.thirdparty.io.grpc.StatusRuntimeException: UNAVAILABLE: io exception
2019-09-18 13:19:08,836 [grpc-default-executor-8] INFO  impl.FollowerInfo (FollowerInfo.java:lambda$new$0(51)) - 9a1d4bd2-f6e2-46d8-bc0d-6d5e8df6a3c9@group-D025A6FD987B->780542ca-6867-4742-bfe9-12a474ec226a: nextIndex: updateUnconditionally 1 -> 0
2019-09-18 13:19:11,338 [grpc-default-executor-9] WARN  server.GrpcLogAppender (LogUtils.java:warn(134)) - 9a1d4bd2-f6e2-46d8-bc0d-6d5e8df6a3c9@group-D025A6FD987B->780542ca-6867-4742-bfe9-12a474ec226a-AppendLogResponseHandler: Failed appendEntries: org.apache.ratis.thirdparty.io.grpc.StatusRuntimeException: UNAVAILABLE: io exception
2019-09-18 13:19:11,340 [grpc-default-executor-9] INFO  impl.FollowerInfo (FollowerInfo.java:lambda$new$0(51)) - 9a1d4bd2-f6e2-46d8-bc0d-6d5e8df6a3c9@group-D025A6FD987B->780542ca-6867-4742-bfe9-12a474ec226a: nextIndex: updateUnconditionally 0 -> 0
2019-09-18 13:19:12,281 [EventQueue-StaleNodeForStaleNodeHandler] INFO  node.StaleNodeHandler (StaleNodeHandler.java:onMessage(58)) - Datanode b5e58cb2-65b2-462a-9849-1bc2048b184b{ip: 192.168.69.108, host: pr-hdds-2141-4zm8s-3863693661, networkLocation: /default-rack, certSerialId: null} moved to stale state. Finalizing its pipelines [PipelineID=022740f1-b230-465a-8fed-1b011d0dd7fc, PipelineID=75bd6103-8578-4e0d-b1f5-4efa183a01a4]
2019-09-18 13:19:12,282 [EventQueue-StaleNodeForStaleNodeHandler] INFO  pipeline.SCMPipelineManager (SCMPipelineManager.java:finalizeAndDestroyPipeline(311)) - destroying pipeline:Pipeline[ Id: 022740f1-b230-465a-8fed-1b011d0dd7fc, Nodes: 9efe3194-bd4f-49a4-be9a-a0c0ad574cdc{ip: 192.168.69.108, host: pr-hdds-2141-4zm8s-3863693661, networkLocation: /default-rack, certSerialId: null}7b7c28b3-8e58-4b89-8f32-c81a2c7aabdf{ip: 192.168.69.108, host: pr-hdds-2141-4zm8s-3863693661, networkLocation: /default-rack, certSerialId: null}b5e58cb2-65b2-462a-9849-1bc2048b184b{ip: 192.168.69.108, host: pr-hdds-2141-4zm8s-3863693661, networkLocation: /default-rack, certSerialId: null}, Type:RATIS, Factor:THREE, State:OPEN]
2019-09-18 13:19:12,283 [EventQueue-StaleNodeForStaleNodeHandler] INFO  pipeline.PipelineStateManager (PipelineStateManager.java:finalizePipeline(123)) - Pipeline Pipeline[ Id: 022740f1-b230-465a-8fed-1b011d0dd7fc, Nodes: 9efe3194-bd4f-49a4-be9a-a0c0ad574cdc{ip: 192.168.69.108, host: pr-hdds-2141-4zm8s-3863693661, networkLocation: /default-rack, certSerialId: null}7b7c28b3-8e58-4b89-8f32-c81a2c7aabdf{ip: 192.168.69.108, host: pr-hdds-2141-4zm8s-3863693661, networkLocation: /default-rack, certSerialId: null}b5e58cb2-65b2-462a-9849-1bc2048b184b{ip: 192.168.69.108, host: pr-hdds-2141-4zm8s-3863693661, networkLocation: /default-rack, certSerialId: null}, Type:RATIS, Factor:THREE, State:CLOSED] moved to CLOSED state
2019-09-18 13:19:12,283 [EventQueue-CloseContainerForCloseContainerEventHandler] INFO  container.CloseContainerEventHandler (CloseContainerEventHandler.java:onMessage(61)) - Close container Event triggered for container : #2
2019-09-18 13:19:12,287 [EventQueue-StaleNodeForStaleNodeHandler] INFO  pipeline.SCMPipelineManager (SCMPipelineManager.java:finalizeAndDestroyPipeline(311)) - destroying pipeline:Pipeline[ Id: 75bd6103-8578-4e0d-b1f5-4efa183a01a4, Nodes: b5e58cb2-65b2-462a-9849-1bc2048b184b{ip: 192.168.69.108, host: pr-hdds-2141-4zm8s-3863693661, networkLocation: /default-rack, certSerialId: null}, Type:RATIS, Factor:ONE, State:OPEN]
2019-09-18 13:19:12,290 [EventQueue-StaleNodeForStaleNodeHandler] INFO  pipeline.PipelineStateManager (PipelineStateManager.java:finalizePipeline(123)) - Pipeline Pipeline[ Id: 75bd6103-8578-4e0d-b1f5-4efa183a01a4, Nodes: b5e58cb2-65b2-462a-9849-1bc2048b184b{ip: 192.168.69.108, host: pr-hdds-2141-4zm8s-3863693661, networkLocation: /default-rack, certSerialId: null}, Type:RATIS, Factor:ONE, State:CLOSED] moved to CLOSED state
2019-09-18 13:19:12,381 [EventQueue-StaleNodeForStaleNodeHandler] INFO  node.StaleNodeHandler (StaleNodeHandler.java:onMessage(58)) - Datanode eb696baf-1371-4214-b447-aabaa08e9d3b{ip: 192.168.69.108, host: pr-hdds-2141-4zm8s-3863693661, networkLocation: /default-rack, certSerialId: null} moved to stale state. Finalizing its pipelines [PipelineID=36204c7e-1c77-4dc7-b5e5-72fe7ee7d2c7, PipelineID=309197b0-fbea-4cb2-8b1c-d025a6fd987b]
2019-09-18 13:19:12,381 [EventQueue-StaleNodeForStaleNodeHandler] INFO  pipeline.SCMPipelineManager (SCMPipelineManager.java:finalizeAndDestroyPipeline(311)) - destroying pipeline:Pipeline[ Id: 36204c7e-1c77-4dc7-b5e5-72fe7ee7d2c7, Nodes: eb696baf-1371-4214-b447-aabaa08e9d3b{ip: 192.168.69.108, host: pr-hdds-2141-4zm8s-3863693661, networkLocation: /default-rack, certSerialId: null}, Type:RATIS, Factor:ONE, State:OPEN]
2019-09-18 13:19:12,381 [EventQueue-StaleNodeForStaleNodeHandler] INFO  pipeline.PipelineStateManager (PipelineStateManager.java:finalizePipeline(123)) - Pipeline Pipeline[ Id: 36204c7e-1c77-4dc7-b5e5-72fe7ee7d2c7, Nodes: eb696baf-1371-4214-b447-aabaa08e9d3b{ip: 192.168.69.108, host: pr-hdds-2141-4zm8s-3863693661, networkLocation: /default-rack, certSerialId: null}, Type:RATIS, Factor:ONE, State:CLOSED] moved to CLOSED state
2019-09-18 13:19:12,382 [EventQueue-StaleNodeForStaleNodeHandler] INFO  pipeline.SCMPipelineManager (SCMPipelineManager.java:finalizeAndDestroyPipeline(311)) - destroying pipeline:Pipeline[ Id: 309197b0-fbea-4cb2-8b1c-d025a6fd987b, Nodes: 780542ca-6867-4742-bfe9-12a474ec226a{ip: 192.168.69.108, host: pr-hdds-2141-4zm8s-3863693661, networkLocation: /default-rack, certSerialId: null}9a1d4bd2-f6e2-46d8-bc0d-6d5e8df6a3c9{ip: 192.168.69.108, host: pr-hdds-2141-4zm8s-3863693661, networkLocation: /default-rack, certSerialId: null}eb696baf-1371-4214-b447-aabaa08e9d3b{ip: 192.168.69.108, host: pr-hdds-2141-4zm8s-3863693661, networkLocation: /default-rack, certSerialId: null}, Type:RATIS, Factor:THREE, State:CLOSED]
2019-09-18 13:19:12,469 [ForkJoinPool.commonPool-worker-1] INFO  ozoneimpl.OzoneContainer (OzoneContainer.java:stop(231)) - Attempting to stop container services.
2019-09-18 13:19:12,469 [main] INFO  ozoneimpl.OzoneContainer (OzoneContainer.java:stop(231)) - Attempting to stop container services.
2019-09-18 13:19:12,473 [ForkJoinPool.commonPool-worker-1] INFO  impl.RaftServerProxy (RaftServerProxy.java:lambda$close$4(314)) - eb696baf-1371-4214-b447-aabaa08e9d3b: close
2019-09-18 13:19:12,474 [main] INFO  impl.RaftServerProxy (RaftServerProxy.java:lambda$close$4(314)) - b5e58cb2-65b2-462a-9849-1bc2048b184b: close
2019-09-18 13:19:12,474 [main] INFO  impl.RaftServerImpl (RaftServerImpl.java:lambda$shutdown$3(251)) - b5e58cb2-65b2-462a-9849-1bc2048b184b@group-1B011D0DD7FC: shutdown
2019-09-18 13:19:12,474 [ForkJoinPool.commonPool-worker-1] INFO  impl.RaftServerImpl (RaftServerImpl.java:lambda$shutdown$3(251)) - eb696baf-1371-4214-b447-aabaa08e9d3b@group-72FE7EE7D2C7: shutdown
2019-09-18 13:19:12,474 [main] INFO  util.JmxRegister (JmxRegister.java:unregister(73)) - Successfully un-registered JMX Bean with object name Ratis:service=RaftServer,group=group-1B011D0DD7FC,id=b5e58cb2-65b2-462a-9849-1bc2048b184b
2019-09-18 13:19:12,475 [ForkJoinPool.commonPool-worker-1] INFO  util.JmxRegister (JmxRegister.java:unregister(73)) - Successfully un-registered JMX Bean with object name Ratis:service=RaftServer,group=group-72FE7EE7D2C7,id=eb696baf-1371-4214-b447-aabaa08e9d3b
2019-09-18 13:19:12,475 [main] INFO  impl.RoleInfo (RoleInfo.java:shutdownLeaderState(104)) - b5e58cb2-65b2-462a-9849-1bc2048b184b: shutdown LeaderState
2019-09-18 13:19:12,475 [ForkJoinPool.commonPool-worker-1] INFO  impl.RoleInfo (RoleInfo.java:shutdownLeaderState(104)) - eb696baf-1371-4214-b447-aabaa08e9d3b: shutdown LeaderState
2019-09-18 13:19:12,478 [org.apache.ratis.server.impl.LogAppender$AppenderDaemon$$Lambda$485/2069651634@70723364] WARN  server.GrpcLogAppender (GrpcLogAppender.java:mayWait(143)) - b5e58cb2-65b2-462a-9849-1bc2048b184b@group-1B011D0DD7FC->7b7c28b3-8e58-4b89-8f32-c81a2c7aabdf-GrpcLogAppender: Wait interrupted by java.lang.InterruptedException
2019-09-18 13:19:12,478 [org.apache.ratis.server.impl.LogAppender$AppenderDaemon$$Lambda$485/2069651634@39cd12a8] WARN  server.GrpcLogAppender (GrpcLogAppender.java:mayWait(143)) - b5e58cb2-65b2-462a-9849-1bc2048b184b@group-1B011D0DD7FC->9efe3194-bd4f-49a4-be9a-a0c0ad574cdc-GrpcLogAppender: Wait interrupted by java.lang.InterruptedException
2019-09-18 13:19:12,478 [main] INFO  impl.PendingRequests (PendingRequests.java:sendNotLeaderResponses(202)) - b5e58cb2-65b2-462a-9849-1bc2048b184b-PendingRequests: sendNotLeaderResponses
2019-09-18 13:19:12,479 [ForkJoinPool.commonPool-worker-1] INFO  impl.PendingRequests (PendingRequests.java:sendNotLeaderResponses(202)) - eb696baf-1371-4214-b447-aabaa08e9d3b-PendingRequests: sendNotLeaderResponses
2019-09-18 13:19:12,482 [grpc-default-executor-7] INFO  server.GrpcServerProtocolService (GrpcServerProtocolService.java:onCompleted(113)) - 7b7c28b3-8e58-4b89-8f32-c81a2c7aabdf: Completed APPEND_ENTRIES, lastRequest: b5e58cb2-65b2-462a-9849-1bc2048b184b->7b7c28b3-8e58-4b89-8f32-c81a2c7aabdf#25-t1, previous=(t:1, i:16), leaderCommit=16, initializing? false, entries: <empty>
2019-09-18 13:19:12,482 [grpc-default-executor-9] INFO  server.GrpcServerProtocolService (GrpcServerProtocolService.java:onCompleted(113)) - 9efe3194-bd4f-49a4-be9a-a0c0ad574cdc: Completed APPEND_ENTRIES, lastRequest: b5e58cb2-65b2-462a-9849-1bc2048b184b->9efe3194-bd4f-49a4-be9a-a0c0ad574cdc#25-t1, previous=(t:1, i:16), leaderCommit=16, initializing? false, entries: <empty>
2019-09-18 13:19:12,483 [b5e58cb2-65b2-462a-9849-1bc2048b184b@group-1B011D0DD7FC-StateMachineUpdater] INFO  ratis.ContainerStateMachine (ContainerStateMachine.java:takeSnapshot(289)) - group-1B011D0DD7FC: Taking a snapshot at:(t:1, i:14) file /workdir/hadoop-ozone/integration-test/target/test-dir/MiniOzoneClusterImpl-62b0528d-f78b-4475-bf9a-37d6dcf32bc1/datanode-4/data/ratis/022740f1-b230-465a-8fed-1b011d0dd7fc/sm/snapshot.1_14
2019-09-18 13:19:12,483 [ForkJoinPool.commonPool-worker-1] INFO  impl.StateMachineUpdater (StateMachineUpdater.java:stopAndJoin(125)) - eb696baf-1371-4214-b447-aabaa08e9d3b@group-72FE7EE7D2C7-StateMachineUpdater: set stopIndex = 0
2019-09-18 13:19:12,482 [main] INFO  impl.StateMachineUpdater (StateMachineUpdater.java:stopAndJoin(125)) - b5e58cb2-65b2-462a-9849-1bc2048b184b@group-1B011D0DD7FC-StateMachineUpdater: set stopIndex = 16
2019-09-18 13:19:12,484 [ForkJoinPool.commonPool-worker-1] INFO  impl.RaftServerImpl (ServerState.java:close(385)) - eb696baf-1371-4214-b447-aabaa08e9d3b@group-72FE7EE7D2C7: closes. applyIndex: 0
2019-09-18 13:19:12,483 [grpc-default-executor-7] INFO  server.GrpcLogAppender (GrpcLogAppender.java:onCompleted(293)) - b5e58cb2-65b2-462a-9849-1bc2048b184b@group-1B011D0DD7FC->9efe3194-bd4f-49a4-be9a-a0c0ad574cdc-AppendLogResponseHandler: follower responses appendEntries COMPLETED
2019-09-18 13:19:12,483 [grpc-default-executor-8] INFO  server.GrpcLogAppender (GrpcLogAppender.java:onCompleted(293)) - b5e58cb2-65b2-462a-9849-1bc2048b184b@group-1B011D0DD7FC->7b7c28b3-8e58-4b89-8f32-c81a2c7aabdf-AppendLogResponseHandler: follower responses appendEntries COMPLETED
2019-09-18 13:19:12,484 [grpc-default-executor-7] INFO  impl.FollowerInfo (FollowerInfo.java:lambda$new$0(51)) - b5e58cb2-65b2-462a-9849-1bc2048b184b@group-1B011D0DD7FC->9efe3194-bd4f-49a4-be9a-a0c0ad574cdc: nextIndex: updateUnconditionally 17 -> 16
2019-09-18 13:19:12,485 [eb696baf-1371-4214-b447-aabaa08e9d3b@group-72FE7EE7D2C7-SegmentedRaftLogWorker] INFO  segmented.SegmentedRaftLogWorker (SegmentedRaftLogWorker.java:run(313)) - eb696baf-1371-4214-b447-aabaa08e9d3b@group-72FE7EE7D2C7-SegmentedRaftLogWorker was interrupted, exiting. There are 0 tasks remaining in the queue.
2019-09-18 13:19:12,485 [grpc-default-executor-8] INFO  impl.FollowerInfo (FollowerInfo.java:lambda$new$0(51)) - b5e58cb2-65b2-462a-9849-1bc2048b184b@group-1B011D0DD7FC->7b7c28b3-8e58-4b89-8f32-c81a2c7aabdf: nextIndex: updateUnconditionally 17 -> 16
2019-09-18 13:19:12,495 [ForkJoinPool.commonPool-worker-1] INFO  segmented.SegmentedRaftLogWorker (SegmentedRaftLogWorker.java:close(228)) - eb696baf-1371-4214-b447-aabaa08e9d3b@group-72FE7EE7D2C7-SegmentedRaftLogWorker close()
2019-09-18 13:19:12,498 [ForkJoinPool.commonPool-worker-1] INFO  impl.RaftServerImpl (RaftServerImpl.java:lambda$shutdown$3(251)) - eb696baf-1371-4214-b447-aabaa08e9d3b@group-D025A6FD987B: shutdown
2019-09-18 13:19:12,499 [b5e58cb2-65b2-462a-9849-1bc2048b184b@group-1B011D0DD7FC-StateMachineUpdater] INFO  ratis.ContainerStateMachine (ContainerStateMachine.java:takeSnapshot(300)) - group-1B011D0DD7FC: Finished taking a snapshot at:(t:1, i:14) file:/workdir/hadoop-ozone/integration-test/target/test-dir/MiniOzoneClusterImpl-62b0528d-f78b-4475-bf9a-37d6dcf32bc1/datanode-4/data/ratis/022740f1-b230-465a-8fed-1b011d0dd7fc/sm/snapshot.1_14 time:16
2019-09-18 13:19:12,499 [ForkJoinPool.commonPool-worker-1] INFO  util.JmxRegister (JmxRegister.java:unregister(73)) - Successfully un-registered JMX Bean with object name Ratis:service=RaftServer,group=group-D025A6FD987B,id=eb696baf-1371-4214-b447-aabaa08e9d3b
2019-09-18 13:19:12,499 [ForkJoinPool.commonPool-worker-1] INFO  impl.RoleInfo (RoleInfo.java:shutdownFollowerState(121)) - eb696baf-1371-4214-b447-aabaa08e9d3b: shutdown FollowerState
2019-09-18 13:19:12,499 [b5e58cb2-65b2-462a-9849-1bc2048b184b@group-1B011D0DD7FC-StateMachineUpdater] INFO  impl.StateMachineUpdater (StateMachineUpdater.java:takeSnapshot(258)) - b5e58cb2-65b2-462a-9849-1bc2048b184b@group-1B011D0DD7FC-StateMachineUpdater: Took a snapshot at index 14
2019-09-18 13:19:12,499 [ForkJoinPool.commonPool-worker-1] INFO  impl.StateMachineUpdater (StateMachineUpdater.java:stopAndJoin(125)) - eb696baf-1371-4214-b447-aabaa08e9d3b@group-D025A6FD987B-StateMachineUpdater: set stopIndex = 18
2019-09-18 13:19:12,500 [eb696baf-1371-4214-b447-aabaa08e9d3b@group-D025A6FD987B-StateMachineUpdater] INFO  ratis.ContainerStateMachine (ContainerStateMachine.java:takeSnapshot(289)) - group-D025A6FD987B: Taking a snapshot at:(t:1, i:14) file /workdir/hadoop-ozone/integration-test/target/test-dir/MiniOzoneClusterImpl-62b0528d-f78b-4475-bf9a-37d6dcf32bc1/datanode-1/data/ratis/309197b0-fbea-4cb2-8b1c-d025a6fd987b/sm/snapshot.1_14
2019-09-18 13:19:12,499 [b5e58cb2-65b2-462a-9849-1bc2048b184b@group-1B011D0DD7FC-StateMachineUpdater] INFO  impl.StateMachineUpdater (StateMachineUpdater.java:lambda$new$0(83)) - b5e58cb2-65b2-462a-9849-1bc2048b184b@group-1B011D0DD7FC-StateMachineUpdater: snapshotIndex: updateIncreasingly -1 -> 14
2019-09-18 13:19:12,499 [Thread-3081] INFO  impl.FollowerState (FollowerState.java:run(115)) - eb696baf-1371-4214-b447-aabaa08e9d3b: FollowerState was interrupted: java.lang.InterruptedException: sleep interrupted
2019-09-18 13:19:12,503 [b5e58cb2-65b2-462a-9849-1bc2048b184b@group-1B011D0DD7FC-StateMachineUpdater] INFO  ratis.ContainerStateMachine (ContainerStateMachine.java:takeSnapshot(289)) - group-1B011D0DD7FC: Taking a snapshot at:(t:1, i:14) file /workdir/hadoop-ozone/integration-test/target/test-dir/MiniOzoneClusterImpl-62b0528d-f78b-4475-bf9a-37d6dcf32bc1/datanode-4/data/ratis/022740f1-b230-465a-8fed-1b011d0dd7fc/sm/snapshot.1_14
2019-09-18 13:19:12,527 [eb696baf-1371-4214-b447-aabaa08e9d3b@group-D025A6FD987B-StateMachineUpdater] INFO  ratis.ContainerStateMachine (ContainerStateMachine.java:takeSnapshot(300)) - group-D025A6FD987B: Finished taking a snapshot at:(t:1, i:14) file:/workdir/hadoop-ozone/integration-test/target/test-dir/MiniOzoneClusterImpl-62b0528d-f78b-4475-bf9a-37d6dcf32bc1/datanode-1/data/ratis/309197b0-fbea-4cb2-8b1c-d025a6fd987b/sm/snapshot.1_14 time:28
2019-09-18 13:19:12,527 [b5e58cb2-65b2-462a-9849-1bc2048b184b@group-1B011D0DD7FC-StateMachineUpdater] INFO  ratis.ContainerStateMachine (ContainerStateMachine.java:takeSnapshot(300)) - group-1B011D0DD7FC: Finished taking a snapshot at:(t:1, i:14) file:/workdir/hadoop-ozone/integration-test/target/test-dir/MiniOzoneClusterImpl-62b0528d-f78b-4475-bf9a-37d6dcf32bc1/datanode-4/data/ratis/022740f1-b230-465a-8fed-1b011d0dd7fc/sm/snapshot.1_14 time:24
2019-09-18 13:19:12,528 [eb696baf-1371-4214-b447-aabaa08e9d3b@group-D025A6FD987B-StateMachineUpdater] INFO  impl.StateMachineUpdater (StateMachineUpdater.java:takeSnapshot(258)) - eb696baf-1371-4214-b447-aabaa08e9d3b@group-D025A6FD987B-StateMachineUpdater: Took a snapshot at index 14
2019-09-18 13:19:12,528 [eb696baf-1371-4214-b447-aabaa08e9d3b@group-D025A6FD987B-StateMachineUpdater] INFO  impl.StateMachineUpdater (StateMachineUpdater.java:lambda$new$0(83)) - eb696baf-1371-4214-b447-aabaa08e9d3b@group-D025A6FD987B-StateMachineUpdater: snapshotIndex: updateIncreasingly -1 -> 14
2019-09-18 13:19:12,528 [b5e58cb2-65b2-462a-9849-1bc2048b184b@group-1B011D0DD7FC-StateMachineUpdater] INFO  impl.StateMachineUpdater (StateMachineUpdater.java:takeSnapshot(258)) - b5e58cb2-65b2-462a-9849-1bc2048b184b@group-1B011D0DD7FC-StateMachineUpdater: Took a snapshot at index 14
2019-09-18 13:19:12,528 [b5e58cb2-65b2-462a-9849-1bc2048b184b@group-1B011D0DD7FC-StateMachineUpdater] INFO  impl.StateMachineUpdater (StateMachineUpdater.java:lambda$new$0(83)) - b5e58cb2-65b2-462a-9849-1bc2048b184b@group-1B011D0DD7FC-StateMachineUpdater: snapshotIndex: updateIncreasingly 14 -> 14
2019-09-18 13:19:12,528 [eb696baf-1371-4214-b447-aabaa08e9d3b@group-D025A6FD987B-StateMachineUpdater] INFO  ratis.ContainerStateMachine (ContainerStateMachine.java:takeSnapshot(289)) - group-D025A6FD987B: Taking a snapshot at:(t:1, i:14) file /workdir/hadoop-ozone/integration-test/target/test-dir/MiniOzoneClusterImpl-62b0528d-f78b-4475-bf9a-37d6dcf32bc1/datanode-1/data/ratis/309197b0-fbea-4cb2-8b1c-d025a6fd987b/sm/snapshot.1_14
2019-09-18 13:19:12,528 [main] INFO  impl.RaftServerImpl (ServerState.java:close(385)) - b5e58cb2-65b2-462a-9849-1bc2048b184b@group-1B011D0DD7FC: closes. applyIndex: 16
2019-09-18 13:19:12,529 [b5e58cb2-65b2-462a-9849-1bc2048b184b@group-1B011D0DD7FC-SegmentedRaftLogWorker] INFO  segmented.SegmentedRaftLogWorker (SegmentedRaftLogWorker.java:run(313)) - b5e58cb2-65b2-462a-9849-1bc2048b184b@group-1B011D0DD7FC-SegmentedRaftLogWorker was interrupted, exiting. There are 0 tasks remaining in the queue.
2019-09-18 13:19:12,531 [main] INFO  segmented.SegmentedRaftLogWorker (SegmentedRaftLogWorker.java:close(228)) - b5e58cb2-65b2-462a-9849-1bc2048b184b@group-1B011D0DD7FC-SegmentedRaftLogWorker close()
2019-09-18 13:19:12,537 [main] INFO  impl.RaftServerImpl (RaftServerImpl.java:lambda$shutdown$3(251)) - b5e58cb2-65b2-462a-9849-1bc2048b184b@group-4EFA183A01A4: shutdown
2019-09-18 13:19:12,537 [main] INFO  util.JmxRegister (JmxRegister.java:unregister(73)) - Successfully un-registered JMX Bean with object name Ratis:service=RaftServer,group=group-4EFA183A01A4,id=b5e58cb2-65b2-462a-9849-1bc2048b184b
2019-09-18 13:19:12,538 [main] INFO  impl.RoleInfo (RoleInfo.java:shutdownLeaderState(104)) - b5e58cb2-65b2-462a-9849-1bc2048b184b: shutdown LeaderState
2019-09-18 13:19:12,538 [main] INFO  impl.PendingRequests (PendingRequests.java:sendNotLeaderResponses(202)) - b5e58cb2-65b2-462a-9849-1bc2048b184b-PendingRequests: sendNotLeaderResponses
2019-09-18 13:19:12,539 [main] INFO  impl.StateMachineUpdater (StateMachineUpdater.java:stopAndJoin(125)) - b5e58cb2-65b2-462a-9849-1bc2048b184b@group-4EFA183A01A4-StateMachineUpdater: set stopIndex = 0
2019-09-18 13:19:12,539 [main] INFO  impl.RaftServerImpl (ServerState.java:close(385)) - b5e58cb2-65b2-462a-9849-1bc2048b184b@group-4EFA183A01A4: closes. applyIndex: 0
2019-09-18 13:19:12,540 [b5e58cb2-65b2-462a-9849-1bc2048b184b@group-4EFA183A01A4-SegmentedRaftLogWorker] INFO  segmented.SegmentedRaftLogWorker (SegmentedRaftLogWorker.java:run(313)) - b5e58cb2-65b2-462a-9849-1bc2048b184b@group-4EFA183A01A4-SegmentedRaftLogWorker was interrupted, exiting. There are 0 tasks remaining in the queue.
2019-09-18 13:19:12,542 [main] INFO  segmented.SegmentedRaftLogWorker (SegmentedRaftLogWorker.java:close(228)) - b5e58cb2-65b2-462a-9849-1bc2048b184b@group-4EFA183A01A4-SegmentedRaftLogWorker close()
2019-09-18 13:19:12,545 [eb696baf-1371-4214-b447-aabaa08e9d3b@group-D025A6FD987B-StateMachineUpdater] INFO  ratis.ContainerStateMachine (ContainerStateMachine.java:takeSnapshot(300)) - group-D025A6FD987B: Finished taking a snapshot at:(t:1, i:14) file:/workdir/hadoop-ozone/integration-test/target/test-dir/MiniOzoneClusterImpl-62b0528d-f78b-4475-bf9a-37d6dcf32bc1/datanode-1/data/ratis/309197b0-fbea-4cb2-8b1c-d025a6fd987b/sm/snapshot.1_14 time:17
2019-09-18 13:19:12,548 [main] INFO  server.GrpcService (GrpcService.java:closeImpl(164)) - b5e58cb2-65b2-462a-9849-1bc2048b184b: shutdown server with port 34672 now
2019-09-18 13:19:12,548 [eb696baf-1371-4214-b447-aabaa08e9d3b@group-D025A6FD987B-StateMachineUpdater] INFO  impl.StateMachineUpdater (StateMachineUpdater.java:takeSnapshot(258)) - eb696baf-1371-4214-b447-aabaa08e9d3b@group-D025A6FD987B-StateMachineUpdater: Took a snapshot at index 14
2019-09-18 13:19:12,548 [eb696baf-1371-4214-b447-aabaa08e9d3b@group-D025A6FD987B-StateMachineUpdater] INFO  impl.StateMachineUpdater (StateMachineUpdater.java:lambda$new$0(83)) - eb696baf-1371-4214-b447-aabaa08e9d3b@group-D025A6FD987B-StateMachineUpdater: snapshotIndex: updateIncreasingly 14 -> 14
2019-09-18 13:19:12,549 [ForkJoinPool.commonPool-worker-1] INFO  impl.RaftServerImpl (ServerState.java:close(385)) - eb696baf-1371-4214-b447-aabaa08e9d3b@group-D025A6FD987B: closes. applyIndex: 18
2019-09-18 13:19:12,549 [grpc-default-executor-7] WARN  client.GrpcClientProtocolService (LogUtils.java:warn(134)) - 1-UnorderedRequestStreamObserver1: onError: org.apache.ratis.thirdparty.io.grpc.StatusRuntimeException: CANCELLED: cancelled before receiving half close
2019-09-18 13:19:12,549 [main] INFO  server.GrpcService (GrpcService.java:closeImpl(172)) - b5e58cb2-65b2-462a-9849-1bc2048b184b: shutdown server with port 34672 successfully
2019-09-18 13:19:12,549 [eb696baf-1371-4214-b447-aabaa08e9d3b@group-D025A6FD987B-SegmentedRaftLogWorker] INFO  segmented.SegmentedRaftLogWorker (SegmentedRaftLogWorker.java:run(313)) - eb696baf-1371-4214-b447-aabaa08e9d3b@group-D025A6FD987B-SegmentedRaftLogWorker was interrupted, exiting. There are 0 tasks remaining in the queue.
2019-09-18 13:19:12,553 [ForkJoinPool.commonPool-worker-1] INFO  segmented.SegmentedRaftLogWorker (SegmentedRaftLogWorker.java:close(228)) - eb696baf-1371-4214-b447-aabaa08e9d3b@group-D025A6FD987B-SegmentedRaftLogWorker close()
2019-09-18 13:19:12,558 [ForkJoinPool.commonPool-worker-1] INFO  server.GrpcService (GrpcService.java:closeImpl(164)) - eb696baf-1371-4214-b447-aabaa08e9d3b: shutdown server with port 41570 now
2019-09-18 13:19:12,559 [grpc-default-executor-7] WARN  server.GrpcServerProtocolService (LogUtils.java:warn(134)) - eb696baf-1371-4214-b447-aabaa08e9d3b: installSnapshot onError, lastRequest: 9a1d4bd2-f6e2-46d8-bc0d-6d5e8df6a3c9->eb696baf-1371-4214-b447-aabaa08e9d3b#4-t2, previous=(t:2, i:18), leaderCommit=18, initializing? false, entries: <empty>: org.apache.ratis.thirdparty.io.grpc.StatusRuntimeException: CANCELLED: cancelled before receiving half close
2019-09-18 13:19:12,559 [grpc-default-executor-8] WARN  server.GrpcLogAppender (LogUtils.java:warn(134)) - 9a1d4bd2-f6e2-46d8-bc0d-6d5e8df6a3c9@group-D025A6FD987B->eb696baf-1371-4214-b447-aabaa08e9d3b-AppendLogResponseHandler: Failed appendEntries: org.apache.ratis.thirdparty.io.grpc.StatusRuntimeException: CANCELLED: HTTP/2 error code: CANCEL
Received Rst Stream
2019-09-18 13:19:12,559 [ForkJoinPool.commonPool-worker-1] INFO  server.GrpcService (GrpcService.java:closeImpl(172)) - eb696baf-1371-4214-b447-aabaa08e9d3b: shutdown server with port 41570 successfully
2019-09-18 13:19:12,560 [grpc-default-executor-8] INFO  impl.FollowerInfo (FollowerInfo.java:lambda$new$0(51)) - 9a1d4bd2-f6e2-46d8-bc0d-6d5e8df6a3c9@group-D025A6FD987B->eb696baf-1371-4214-b447-aabaa08e9d3b: nextIndex: updateUnconditionally 19 -> 18
2019-09-18 13:19:12,563 [refreshUsed-/workdir/hadoop-ozone/integration-test/target/test-dir/MiniOzoneClusterImpl-62b0528d-f78b-4475-bf9a-37d6dcf32bc1/datanode-4/data/containers] WARN  fs.CachingGetSpaceUsed (CachingGetSpaceUsed.java:run(183)) - Thread Interrupted waiting to refresh disk information: sleep interrupted
2019-09-18 13:19:12,565 [refreshUsed-/workdir/hadoop-ozone/integration-test/target/test-dir/MiniOzoneClusterImpl-62b0528d-f78b-4475-bf9a-37d6dcf32bc1/datanode-1/data/containers] WARN  fs.CachingGetSpaceUsed (CachingGetSpaceUsed.java:run(183)) - Thread Interrupted waiting to refresh disk information: sleep interrupted
2019-09-18 13:19:12,590 [main] INFO  utils.BackgroundService (BackgroundService.java:shutdown(148)) - Shutting down service BlockDeletingService
2019-09-18 13:19:12,590 [ForkJoinPool.commonPool-worker-1] INFO  utils.BackgroundService (BackgroundService.java:shutdown(148)) - Shutting down service BlockDeletingService
2019-09-18 13:19:12,598 [ForkJoinPool.commonPool-worker-1] INFO  statemachine.DatanodeStateMachine (DatanodeStateMachine.java:stopDaemon(395)) - Ozone container server stopped.
2019-09-18 13:19:12,600 [main] INFO  statemachine.DatanodeStateMachine (DatanodeStateMachine.java:stopDaemon(395)) - Ozone container server stopped.
2019-09-18 13:19:12,606 [ForkJoinPool.commonPool-worker-1] INFO  handler.ContextHandler (ContextHandler.java:doStop(910)) - Stopped o.e.j.w.WebAppContext@a3cba3a{/,null,UNAVAILABLE}{/hddsDatanode}
2019-09-18 13:19:12,606 [main] INFO  handler.ContextHandler (ContextHandler.java:doStop(910)) - Stopped o.e.j.w.WebAppContext@2ab09943{/,null,UNAVAILABLE}{/hddsDatanode}
2019-09-18 13:19:12,606 [ForkJoinPool.commonPool-worker-1] INFO  server.AbstractConnector (AbstractConnector.java:doStop(318)) - Stopped ServerConnector@2aea717c{HTTP/1.1,[http/1.1]}{0.0.0.0:0}
2019-09-18 13:19:12,608 [main] INFO  server.AbstractConnector (AbstractConnector.java:doStop(318)) - Stopped ServerConnector@7d50f2a8{HTTP/1.1,[http/1.1]}{0.0.0.0:0}
2019-09-18 13:19:12,608 [ForkJoinPool.commonPool-worker-1] INFO  handler.ContextHandler (ContextHandler.java:doStop(910)) - Stopped o.e.j.s.ServletContextHandler@68dfda77{/static,jar:file:/home/user/.m2/repository/org/apache/hadoop/hadoop-hdds-container-service/0.5.0-SNAPSHOT/hadoop-hdds-container-service-0.5.0-SNAPSHOT.jar!/webapps/static,UNAVAILABLE}
2019-09-18 13:19:12,608 [main] INFO  handler.ContextHandler (ContextHandler.java:doStop(910)) - Stopped o.e.j.s.ServletContextHandler@3711c71c{/static,jar:file:/home/user/.m2/repository/org/apache/hadoop/hadoop-hdds-container-service/0.5.0-SNAPSHOT/hadoop-hdds-container-service-0.5.0-SNAPSHOT.jar!/webapps/static,UNAVAILABLE}
2019-09-18 13:19:12,610 [ForkJoinPool.commonPool-worker-1] INFO  handler.ContextHandler (ContextHandler.java:doStop(910)) - Stopped o.e.j.s.ServletContextHandler@5fd43e58{/logs,file:///workdir/hadoop-ozone/integration-test/target/log,UNAVAILABLE}
2019-09-18 13:19:12,610 [main] INFO  handler.ContextHandler (ContextHandler.java:doStop(910)) - Stopped o.e.j.s.ServletContextHandler@72c4a3aa{/logs,file:///workdir/hadoop-ozone/integration-test/target/log,UNAVAILABLE}
2019-09-18 13:19:12,699 [Datanode State Machine Thread - 0] INFO  statemachine.DatanodeStateMachine (DatanodeStateMachine.java:lambda$startDaemon$0(350)) - Ozone container server started.
2019-09-18 13:19:12,716 [Datanode State Machine Thread - 0] INFO  statemachine.DatanodeStateMachine (DatanodeStateMachine.java:lambda$startDaemon$0(350)) - Ozone container server started.
2019-09-18 13:19:13,836 [grpc-default-executor-7] WARN  server.GrpcLogAppender (LogUtils.java:warn(134)) - 9a1d4bd2-f6e2-46d8-bc0d-6d5e8df6a3c9@group-D025A6FD987B->780542ca-6867-4742-bfe9-12a474ec226a-AppendLogResponseHandler: Failed appendEntries: org.apache.ratis.thirdparty.io.grpc.StatusRuntimeException: UNAVAILABLE: io exception
2019-09-18 13:19:13,836 [grpc-default-executor-7] INFO  impl.FollowerInfo (FollowerInfo.java:lambda$new$0(51)) - 9a1d4bd2-f6e2-46d8-bc0d-6d5e8df6a3c9@group-D025A6FD987B->780542ca-6867-4742-bfe9-12a474ec226a: nextIndex: updateUnconditionally 0 -> 0
2019-09-18 13:19:13,840 [grpc-default-executor-9] WARN  server.GrpcLogAppender (LogUtils.java:warn(134)) - 9a1d4bd2-f6e2-46d8-bc0d-6d5e8df6a3c9@group-D025A6FD987B->eb696baf-1371-4214-b447-aabaa08e9d3b-AppendLogResponseHandler: Failed appendEntries: org.apache.ratis.thirdparty.io.grpc.StatusRuntimeException: UNAVAILABLE: io exception
2019-09-18 13:19:13,841 [grpc-default-executor-9] INFO  impl.FollowerInfo (FollowerInfo.java:lambda$new$0(51)) - 9a1d4bd2-f6e2-46d8-bc0d-6d5e8df6a3c9@group-D025A6FD987B->eb696baf-1371-4214-b447-aabaa08e9d3b: nextIndex: updateUnconditionally 18 -> 17
2019-09-18 13:19:16,342 [grpc-default-executor-9] WARN  server.GrpcLogAppender (LogUtils.java:warn(134)) - 9a1d4bd2-f6e2-46d8-bc0d-6d5e8df6a3c9@group-D025A6FD987B->780542ca-6867-4742-bfe9-12a474ec226a-AppendLogResponseHandler: Failed appendEntries: org.apache.ratis.thirdparty.io.grpc.StatusRuntimeException: UNAVAILABLE: io exception
2019-09-18 13:19:16,342 [grpc-default-executor-7] WARN  server.GrpcLogAppender (LogUtils.java:warn(134)) - 9a1d4bd2-f6e2-46d8-bc0d-6d5e8df6a3c9@group-D025A6FD987B->eb696baf-1371-4214-b447-aabaa08e9d3b-AppendLogResponseHandler: Failed appendEntries: org.apache.ratis.thirdparty.io.grpc.StatusRuntimeException: UNAVAILABLE: io exception
2019-09-18 13:19:16,343 [grpc-default-executor-9] INFO  impl.FollowerInfo (FollowerInfo.java:lambda$new$0(51)) - 9a1d4bd2-f6e2-46d8-bc0d-6d5e8df6a3c9@group-D025A6FD987B->780542ca-6867-4742-bfe9-12a474ec226a: nextIndex: updateUnconditionally 0 -> 0
2019-09-18 13:19:16,343 [grpc-default-executor-7] INFO  impl.FollowerInfo (FollowerInfo.java:lambda$new$0(51)) - 9a1d4bd2-f6e2-46d8-bc0d-6d5e8df6a3c9@group-D025A6FD987B->eb696baf-1371-4214-b447-aabaa08e9d3b: nextIndex: updateUnconditionally 17 -> 16
2019-09-18 13:19:16,789 [EventQueue-StaleNodeForStaleNodeHandler] INFO  node.StaleNodeHandler (StaleNodeHandler.java:onMessage(58)) - Datanode 9a1d4bd2-f6e2-46d8-bc0d-6d5e8df6a3c9{ip: 192.168.69.108, host: pr-hdds-2141-4zm8s-3863693661, networkLocation: /default-rack, certSerialId: null} moved to stale state. Finalizing its pipelines [PipelineID=7a5c2cbc-3570-4e09-a624-3df48fa98743, PipelineID=309197b0-fbea-4cb2-8b1c-d025a6fd987b]
2019-09-18 13:19:16,790 [EventQueue-StaleNodeForStaleNodeHandler] INFO  pipeline.SCMPipelineManager (SCMPipelineManager.java:finalizeAndDestroyPipeline(311)) - destroying pipeline:Pipeline[ Id: 7a5c2cbc-3570-4e09-a624-3df48fa98743, Nodes: 9a1d4bd2-f6e2-46d8-bc0d-6d5e8df6a3c9{ip: 192.168.69.108, host: pr-hdds-2141-4zm8s-3863693661, networkLocation: /default-rack, certSerialId: null}, Type:RATIS, Factor:ONE, State:OPEN]
2019-09-18 13:19:16,791 [EventQueue-StaleNodeForStaleNodeHandler] INFO  pipeline.PipelineStateManager (PipelineStateManager.java:finalizePipeline(123)) - Pipeline Pipeline[ Id: 7a5c2cbc-3570-4e09-a624-3df48fa98743, Nodes: 9a1d4bd2-f6e2-46d8-bc0d-6d5e8df6a3c9{ip: 192.168.69.108, host: pr-hdds-2141-4zm8s-3863693661, networkLocation: /default-rack, certSerialId: null}, Type:RATIS, Factor:ONE, State:CLOSED] moved to CLOSED state
2019-09-18 13:19:16,792 [EventQueue-StaleNodeForStaleNodeHandler] INFO  pipeline.SCMPipelineManager (SCMPipelineManager.java:finalizeAndDestroyPipeline(311)) - destroying pipeline:Pipeline[ Id: 309197b0-fbea-4cb2-8b1c-d025a6fd987b, Nodes: 780542ca-6867-4742-bfe9-12a474ec226a{ip: 192.168.69.108, host: pr-hdds-2141-4zm8s-3863693661, networkLocation: /default-rack, certSerialId: null}9a1d4bd2-f6e2-46d8-bc0d-6d5e8df6a3c9{ip: 192.168.69.108, host: pr-hdds-2141-4zm8s-3863693661, networkLocation: /default-rack, certSerialId: null}eb696baf-1371-4214-b447-aabaa08e9d3b{ip: 192.168.69.108, host: pr-hdds-2141-4zm8s-3863693661, networkLocation: /default-rack, certSerialId: null}, Type:RATIS, Factor:THREE, State:CLOSED]
2019-09-18 13:19:16,792 [EventQueue-StaleNodeForStaleNodeHandler] INFO  node.StaleNodeHandler (StaleNodeHandler.java:onMessage(58)) - Datanode 34aa374e-f09c-476d-b99f-2e062a89b85b{ip: 192.168.69.108, host: pr-hdds-2141-4zm8s-3863693661, networkLocation: /default-rack, certSerialId: null} moved to stale state. Finalizing its pipelines [PipelineID=85383d8e-88b3-4086-bceb-bb182cfbc6af]
2019-09-18 13:19:16,792 [EventQueue-StaleNodeForStaleNodeHandler] INFO  pipeline.SCMPipelineManager (SCMPipelineManager.java:finalizeAndDestroyPipeline(311)) - destroying pipeline:Pipeline[ Id: 85383d8e-88b3-4086-bceb-bb182cfbc6af, Nodes: 34aa374e-f09c-476d-b99f-2e062a89b85b{ip: 192.168.69.108, host: pr-hdds-2141-4zm8s-3863693661, networkLocation: /default-rack, certSerialId: null}, Type:RATIS, Factor:ONE, State:OPEN]
2019-09-18 13:19:16,793 [EventQueue-StaleNodeForStaleNodeHandler] INFO  pipeline.PipelineStateManager (PipelineStateManager.java:finalizePipeline(123)) - Pipeline Pipeline[ Id: 85383d8e-88b3-4086-bceb-bb182cfbc6af, Nodes: 34aa374e-f09c-476d-b99f-2e062a89b85b{ip: 192.168.69.108, host: pr-hdds-2141-4zm8s-3863693661, networkLocation: /default-rack, certSerialId: null}, Type:RATIS, Factor:ONE, State:CLOSED] moved to CLOSED state
2019-09-18 13:19:17,613 [main] INFO  ozoneimpl.OzoneContainer (OzoneContainer.java:stop(231)) - Attempting to stop container services.
2019-09-18 13:19:17,613 [ForkJoinPool.commonPool-worker-1] INFO  ozoneimpl.OzoneContainer (OzoneContainer.java:stop(231)) - Attempting to stop container services.
2019-09-18 13:19:17,623 [ForkJoinPool.commonPool-worker-1] INFO  impl.RaftServerProxy (RaftServerProxy.java:lambda$close$4(314)) - 9a1d4bd2-f6e2-46d8-bc0d-6d5e8df6a3c9: close
2019-09-18 13:19:17,623 [main] INFO  impl.RaftServerProxy (RaftServerProxy.java:lambda$close$4(314)) - 34aa374e-f09c-476d-b99f-2e062a89b85b: close
2019-09-18 13:19:17,624 [ForkJoinPool.commonPool-worker-1] INFO  impl.RaftServerImpl (RaftServerImpl.java:lambda$shutdown$3(251)) - 9a1d4bd2-f6e2-46d8-bc0d-6d5e8df6a3c9@group-3DF48FA98743: shutdown
2019-09-18 13:19:17,624 [main] INFO  impl.RaftServerImpl (RaftServerImpl.java:lambda$shutdown$3(251)) - 34aa374e-f09c-476d-b99f-2e062a89b85b@group-BB182CFBC6AF: shutdown
2019-09-18 13:19:17,624 [ForkJoinPool.commonPool-worker-1] INFO  util.JmxRegister (JmxRegister.java:unregister(73)) - Successfully un-registered JMX Bean with object name Ratis:service=RaftServer,group=group-3DF48FA98743,id=9a1d4bd2-f6e2-46d8-bc0d-6d5e8df6a3c9
2019-09-18 13:19:17,624 [main] INFO  util.JmxRegister (JmxRegister.java:unregister(73)) - Successfully un-registered JMX Bean with object name Ratis:service=RaftServer,group=group-BB182CFBC6AF,id=34aa374e-f09c-476d-b99f-2e062a89b85b
2019-09-18 13:19:17,625 [ForkJoinPool.commonPool-worker-1] INFO  impl.RoleInfo (RoleInfo.java:shutdownLeaderState(104)) - 9a1d4bd2-f6e2-46d8-bc0d-6d5e8df6a3c9: shutdown LeaderState
2019-09-18 13:19:17,625 [main] INFO  impl.RoleInfo (RoleInfo.java:shutdownLeaderState(104)) - 34aa374e-f09c-476d-b99f-2e062a89b85b: shutdown LeaderState
2019-09-18 13:19:17,625 [ForkJoinPool.commonPool-worker-1] INFO  impl.PendingRequests (PendingRequests.java:sendNotLeaderResponses(202)) - 9a1d4bd2-f6e2-46d8-bc0d-6d5e8df6a3c9-PendingRequests: sendNotLeaderResponses
2019-09-18 13:19:17,626 [main] INFO  impl.PendingRequests (PendingRequests.java:sendNotLeaderResponses(202)) - 34aa374e-f09c-476d-b99f-2e062a89b85b-PendingRequests: sendNotLeaderResponses
2019-09-18 13:19:17,626 [ForkJoinPool.commonPool-worker-1] INFO  impl.StateMachineUpdater (StateMachineUpdater.java:stopAndJoin(125)) - 9a1d4bd2-f6e2-46d8-bc0d-6d5e8df6a3c9@group-3DF48FA98743-StateMachineUpdater: set stopIndex = 0
2019-09-18 13:19:17,626 [main] INFO  impl.StateMachineUpdater (StateMachineUpdater.java:stopAndJoin(125)) - 34aa374e-f09c-476d-b99f-2e062a89b85b@group-BB182CFBC6AF-StateMachineUpdater: set stopIndex = 0
2019-09-18 13:19:17,627 [ForkJoinPool.commonPool-worker-1] INFO  impl.RaftServerImpl (ServerState.java:close(385)) - 9a1d4bd2-f6e2-46d8-bc0d-6d5e8df6a3c9@group-3DF48FA98743: closes. applyIndex: 0
2019-09-18 13:19:17,627 [main] INFO  impl.RaftServerImpl (ServerState.java:close(385)) - 34aa374e-f09c-476d-b99f-2e062a89b85b@group-BB182CFBC6AF: closes. applyIndex: 0
2019-09-18 13:19:17,627 [9a1d4bd2-f6e2-46d8-bc0d-6d5e8df6a3c9@group-3DF48FA98743-SegmentedRaftLogWorker] INFO  segmented.SegmentedRaftLogWorker (SegmentedRaftLogWorker.java:run(313)) - 9a1d4bd2-f6e2-46d8-bc0d-6d5e8df6a3c9@group-3DF48FA98743-SegmentedRaftLogWorker was interrupted, exiting. There are 0 tasks remaining in the queue.
2019-09-18 13:19:17,628 [34aa374e-f09c-476d-b99f-2e062a89b85b@group-BB182CFBC6AF-SegmentedRaftLogWorker] INFO  segmented.SegmentedRaftLogWorker (SegmentedRaftLogWorker.java:run(313)) - 34aa374e-f09c-476d-b99f-2e062a89b85b@group-BB182CFBC6AF-SegmentedRaftLogWorker was interrupted, exiting. There are 0 tasks remaining in the queue.
2019-09-18 13:19:17,630 [ForkJoinPool.commonPool-worker-1] INFO  segmented.SegmentedRaftLogWorker (SegmentedRaftLogWorker.java:close(228)) - 9a1d4bd2-f6e2-46d8-bc0d-6d5e8df6a3c9@group-3DF48FA98743-SegmentedRaftLogWorker close()
2019-09-18 13:19:17,636 [ForkJoinPool.commonPool-worker-1] INFO  impl.RaftServerImpl (RaftServerImpl.java:lambda$shutdown$3(251)) - 9a1d4bd2-f6e2-46d8-bc0d-6d5e8df6a3c9@group-D025A6FD987B: shutdown
2019-09-18 13:19:17,636 [main] INFO  segmented.SegmentedRaftLogWorker (SegmentedRaftLogWorker.java:close(228)) - 34aa374e-f09c-476d-b99f-2e062a89b85b@group-BB182CFBC6AF-SegmentedRaftLogWorker close()
2019-09-18 13:19:17,636 [ForkJoinPool.commonPool-worker-1] INFO  util.JmxRegister (JmxRegister.java:unregister(73)) - Successfully un-registered JMX Bean with object name Ratis:service=RaftServer,group=group-D025A6FD987B,id=9a1d4bd2-f6e2-46d8-bc0d-6d5e8df6a3c9
2019-09-18 13:19:17,640 [ForkJoinPool.commonPool-worker-1] INFO  impl.RoleInfo (RoleInfo.java:shutdownLeaderState(104)) - 9a1d4bd2-f6e2-46d8-bc0d-6d5e8df6a3c9: shutdown LeaderState
2019-09-18 13:19:17,640 [main] INFO  server.GrpcService (GrpcService.java:closeImpl(164)) - 34aa374e-f09c-476d-b99f-2e062a89b85b: shutdown server with port 45048 now
2019-09-18 13:19:17,644 [org.apache.ratis.server.impl.LogAppender$AppenderDaemon$$Lambda$485/2069651634@578e8be8] WARN  server.GrpcLogAppender (GrpcLogAppender.java:mayWait(143)) - 9a1d4bd2-f6e2-46d8-bc0d-6d5e8df6a3c9@group-D025A6FD987B->eb696baf-1371-4214-b447-aabaa08e9d3b-GrpcLogAppender: Wait interrupted by java.lang.InterruptedException
2019-09-18 13:19:17,644 [org.apache.ratis.server.impl.LogAppender$AppenderDaemon$$Lambda$485/2069651634@719f7cac] WARN  server.GrpcLogAppender (GrpcLogAppender.java:mayWait(143)) - 9a1d4bd2-f6e2-46d8-bc0d-6d5e8df6a3c9@group-D025A6FD987B->780542ca-6867-4742-bfe9-12a474ec226a-GrpcLogAppender: Wait interrupted by java.lang.InterruptedException
2019-09-18 13:19:17,643 [ForkJoinPool.commonPool-worker-1] INFO  impl.PendingRequests (PendingRequests.java:sendNotLeaderResponses(202)) - 9a1d4bd2-f6e2-46d8-bc0d-6d5e8df6a3c9-PendingRequests: sendNotLeaderResponses
2019-09-18 13:19:17,644 [ForkJoinPool.commonPool-worker-1] INFO  impl.StateMachineUpdater (StateMachineUpdater.java:stopAndJoin(125)) - 9a1d4bd2-f6e2-46d8-bc0d-6d5e8df6a3c9@group-D025A6FD987B-StateMachineUpdater: set stopIndex = 18
2019-09-18 13:19:17,658 [main] INFO  server.GrpcService (GrpcService.java:closeImpl(172)) - 34aa374e-f09c-476d-b99f-2e062a89b85b: shutdown server with port 45048 successfully
2019-09-18 13:19:17,658 [9a1d4bd2-f6e2-46d8-bc0d-6d5e8df6a3c9@group-D025A6FD987B-StateMachineUpdater] INFO  ratis.ContainerStateMachine (ContainerStateMachine.java:takeSnapshot(289)) - group-D025A6FD987B: Taking a snapshot at:(t:1, i:14) file /workdir/hadoop-ozone/integration-test/target/test-dir/MiniOzoneClusterImpl-62b0528d-f78b-4475-bf9a-37d6dcf32bc1/datanode-0/data/ratis/309197b0-fbea-4cb2-8b1c-d025a6fd987b/sm/snapshot.1_14
2019-09-18 13:19:17,665 [refreshUsed-/workdir/hadoop-ozone/integration-test/target/test-dir/MiniOzoneClusterImpl-62b0528d-f78b-4475-bf9a-37d6dcf32bc1/datanode-3/data/containers] WARN  fs.CachingGetSpaceUsed (CachingGetSpaceUsed.java:run(183)) - Thread Interrupted waiting to refresh disk information: sleep interrupted
2019-09-18 13:19:17,686 [9a1d4bd2-f6e2-46d8-bc0d-6d5e8df6a3c9@group-D025A6FD987B-StateMachineUpdater] INFO  ratis.ContainerStateMachine (ContainerStateMachine.java:takeSnapshot(300)) - group-D025A6FD987B: Finished taking a snapshot at:(t:1, i:14) file:/workdir/hadoop-ozone/integration-test/target/test-dir/MiniOzoneClusterImpl-62b0528d-f78b-4475-bf9a-37d6dcf32bc1/datanode-0/data/ratis/309197b0-fbea-4cb2-8b1c-d025a6fd987b/sm/snapshot.1_14 time:28
2019-09-18 13:19:17,687 [9a1d4bd2-f6e2-46d8-bc0d-6d5e8df6a3c9@group-D025A6FD987B-StateMachineUpdater] INFO  impl.StateMachineUpdater (StateMachineUpdater.java:takeSnapshot(258)) - 9a1d4bd2-f6e2-46d8-bc0d-6d5e8df6a3c9@group-D025A6FD987B-StateMachineUpdater: Took a snapshot at index 14
2019-09-18 13:19:17,687 [main] INFO  utils.BackgroundService (BackgroundService.java:shutdown(148)) - Shutting down service BlockDeletingService
2019-09-18 13:19:17,687 [9a1d4bd2-f6e2-46d8-bc0d-6d5e8df6a3c9@group-D025A6FD987B-StateMachineUpdater] INFO  impl.StateMachineUpdater (StateMachineUpdater.java:lambda$new$0(83)) - 9a1d4bd2-f6e2-46d8-bc0d-6d5e8df6a3c9@group-D025A6FD987B-StateMachineUpdater: snapshotIndex: updateIncreasingly -1 -> 14
2019-09-18 13:19:17,690 [9a1d4bd2-f6e2-46d8-bc0d-6d5e8df6a3c9@group-D025A6FD987B-StateMachineUpdater] INFO  ratis.ContainerStateMachine (ContainerStateMachine.java:takeSnapshot(289)) - group-D025A6FD987B: Taking a snapshot at:(t:1, i:14) file /workdir/hadoop-ozone/integration-test/target/test-dir/MiniOzoneClusterImpl-62b0528d-f78b-4475-bf9a-37d6dcf32bc1/datanode-0/data/ratis/309197b0-fbea-4cb2-8b1c-d025a6fd987b/sm/snapshot.1_14
2019-09-18 13:19:17,694 [main] INFO  statemachine.DatanodeStateMachine (DatanodeStateMachine.java:stopDaemon(395)) - Ozone container server stopped.
2019-09-18 13:19:17,706 [9a1d4bd2-f6e2-46d8-bc0d-6d5e8df6a3c9@group-D025A6FD987B-StateMachineUpdater] INFO  ratis.ContainerStateMachine (ContainerStateMachine.java:takeSnapshot(300)) - group-D025A6FD987B: Finished taking a snapshot at:(t:1, i:14) file:/workdir/hadoop-ozone/integration-test/target/test-dir/MiniOzoneClusterImpl-62b0528d-f78b-4475-bf9a-37d6dcf32bc1/datanode-0/data/ratis/309197b0-fbea-4cb2-8b1c-d025a6fd987b/sm/snapshot.1_14 time:19
2019-09-18 13:19:17,707 [9a1d4bd2-f6e2-46d8-bc0d-6d5e8df6a3c9@group-D025A6FD987B-StateMachineUpdater] INFO  impl.StateMachineUpdater (StateMachineUpdater.java:takeSnapshot(258)) - 9a1d4bd2-f6e2-46d8-bc0d-6d5e8df6a3c9@group-D025A6FD987B-StateMachineUpdater: Took a snapshot at index 14
2019-09-18 13:19:17,707 [9a1d4bd2-f6e2-46d8-bc0d-6d5e8df6a3c9@group-D025A6FD987B-StateMachineUpdater] INFO  impl.StateMachineUpdater (StateMachineUpdater.java:lambda$new$0(83)) - 9a1d4bd2-f6e2-46d8-bc0d-6d5e8df6a3c9@group-D025A6FD987B-StateMachineUpdater: snapshotIndex: updateIncreasingly 14 -> 14
2019-09-18 13:19:17,707 [ForkJoinPool.commonPool-worker-1] INFO  impl.RaftServerImpl (ServerState.java:close(385)) - 9a1d4bd2-f6e2-46d8-bc0d-6d5e8df6a3c9@group-D025A6FD987B: closes. applyIndex: 18
2019-09-18 13:19:17,707 [9a1d4bd2-f6e2-46d8-bc0d-6d5e8df6a3c9@group-D025A6FD987B-SegmentedRaftLogWorker] INFO  segmented.SegmentedRaftLogWorker (SegmentedRaftLogWorker.java:run(313)) - 9a1d4bd2-f6e2-46d8-bc0d-6d5e8df6a3c9@group-D025A6FD987B-SegmentedRaftLogWorker was interrupted, exiting. There are 0 tasks remaining in the queue.
2019-09-18 13:19:17,707 [main] INFO  handler.ContextHandler (ContextHandler.java:doStop(910)) - Stopped o.e.j.w.WebAppContext@256589a1{/,null,UNAVAILABLE}{/hddsDatanode}
2019-09-18 13:19:17,710 [ForkJoinPool.commonPool-worker-1] INFO  segmented.SegmentedRaftLogWorker (SegmentedRaftLogWorker.java:close(228)) - 9a1d4bd2-f6e2-46d8-bc0d-6d5e8df6a3c9@group-D025A6FD987B-SegmentedRaftLogWorker close()
2019-09-18 13:19:17,713 [ForkJoinPool.commonPool-worker-1] INFO  server.GrpcService (GrpcService.java:closeImpl(164)) - 9a1d4bd2-f6e2-46d8-bc0d-6d5e8df6a3c9: shutdown server with port 41459 now
2019-09-18 13:19:17,714 [ForkJoinPool.commonPool-worker-1] INFO  server.GrpcService (GrpcService.java:closeImpl(172)) - 9a1d4bd2-f6e2-46d8-bc0d-6d5e8df6a3c9: shutdown server with port 41459 successfully
2019-09-18 13:19:17,714 [main] INFO  server.AbstractConnector (AbstractConnector.java:doStop(318)) - Stopped ServerConnector@935493d{HTTP/1.1,[http/1.1]}{0.0.0.0:0}
2019-09-18 13:19:17,715 [main] INFO  handler.ContextHandler (ContextHandler.java:doStop(910)) - Stopped o.e.j.s.ServletContextHandler@255d9277{/static,jar:file:/home/user/.m2/repository/org/apache/hadoop/hadoop-hdds-container-service/0.5.0-SNAPSHOT/hadoop-hdds-container-service-0.5.0-SNAPSHOT.jar!/webapps/static,UNAVAILABLE}
2019-09-18 13:19:17,716 [main] INFO  handler.ContextHandler (ContextHandler.java:doStop(910)) - Stopped o.e.j.s.ServletContextHandler@24d8f87a{/logs,file:///workdir/hadoop-ozone/integration-test/target/log,UNAVAILABLE}
2019-09-18 13:19:17,716 [refreshUsed-/workdir/hadoop-ozone/integration-test/target/test-dir/MiniOzoneClusterImpl-62b0528d-f78b-4475-bf9a-37d6dcf32bc1/datanode-0/data/containers] WARN  fs.CachingGetSpaceUsed (CachingGetSpaceUsed.java:run(183)) - Thread Interrupted waiting to refresh disk information: sleep interrupted
2019-09-18 13:19:17,734 [ForkJoinPool.commonPool-worker-1] INFO  utils.BackgroundService (BackgroundService.java:shutdown(148)) - Shutting down service BlockDeletingService
2019-09-18 13:19:17,739 [ForkJoinPool.commonPool-worker-1] INFO  statemachine.DatanodeStateMachine (DatanodeStateMachine.java:stopDaemon(395)) - Ozone container server stopped.
2019-09-18 13:19:17,745 [ForkJoinPool.commonPool-worker-1] INFO  handler.ContextHandler (ContextHandler.java:doStop(910)) - Stopped o.e.j.w.WebAppContext@451e2fa9{/,null,UNAVAILABLE}{/hddsDatanode}
2019-09-18 13:19:17,746 [ForkJoinPool.commonPool-worker-1] INFO  server.AbstractConnector (AbstractConnector.java:doStop(318)) - Stopped ServerConnector@497ed877{HTTP/1.1,[http/1.1]}{0.0.0.0:0}
2019-09-18 13:19:17,747 [ForkJoinPool.commonPool-worker-1] INFO  handler.ContextHandler (ContextHandler.java:doStop(910)) - Stopped o.e.j.s.ServletContextHandler@39d77de9{/static,jar:file:/home/user/.m2/repository/org/apache/hadoop/hadoop-hdds-container-service/0.5.0-SNAPSHOT/hadoop-hdds-container-service-0.5.0-SNAPSHOT.jar!/webapps/static,UNAVAILABLE}
2019-09-18 13:19:17,749 [ForkJoinPool.commonPool-worker-1] INFO  handler.ContextHandler (ContextHandler.java:doStop(910)) - Stopped o.e.j.s.ServletContextHandler@4cc12db2{/logs,file:///workdir/hadoop-ozone/integration-test/target/log,UNAVAILABLE}
2019-09-18 13:19:18,230 [Datanode State Machine Thread - 0] INFO  statemachine.DatanodeStateMachine (DatanodeStateMachine.java:lambda$startDaemon$0(350)) - Ozone container server started.
2019-09-18 13:19:18,230 [Datanode State Machine Thread - 0] INFO  statemachine.DatanodeStateMachine (DatanodeStateMachine.java:lambda$startDaemon$0(350)) - Ozone container server started.
2019-09-18 13:19:21,507 [Thread-2977] INFO  impl.FollowerState (FollowerState.java:run(106)) - 7b7c28b3-8e58-4b89-8f32-c81a2c7aabdf:group-1B011D0DD7FC changes to CANDIDATE, lastRpcTime:9067, electionTimeout:5016ms
2019-09-18 13:19:21,508 [Thread-2977] INFO  impl.RoleInfo (RoleInfo.java:shutdownFollowerState(121)) - 7b7c28b3-8e58-4b89-8f32-c81a2c7aabdf: shutdown FollowerState
2019-09-18 13:19:21,508 [Thread-2977] INFO  impl.RaftServerImpl (RaftServerImpl.java:setRole(174)) - 7b7c28b3-8e58-4b89-8f32-c81a2c7aabdf@group-1B011D0DD7FC: changes role from  FOLLOWER to CANDIDATE at term 1 for changeToCandidate
2019-09-18 13:19:21,509 [Thread-2977] INFO  impl.RoleInfo (RoleInfo.java:updateAndGet(143)) - 7b7c28b3-8e58-4b89-8f32-c81a2c7aabdf: start LeaderElection
2019-09-18 13:19:21,513 [7b7c28b3-8e58-4b89-8f32-c81a2c7aabdf@group-1B011D0DD7FC:LeaderElection62] INFO  impl.RaftServerImpl (ServerState.java:setLeader(253)) - 7b7c28b3-8e58-4b89-8f32-c81a2c7aabdf@group-1B011D0DD7FC: change Leader from b5e58cb2-65b2-462a-9849-1bc2048b184b to null at term 1 for initElection
2019-09-18 13:19:21,540 [7b7c28b3-8e58-4b89-8f32-c81a2c7aabdf@group-1B011D0DD7FC:LeaderElection62] INFO  impl.LeaderElection (LeaderElection.java:askForVotes(182)) - 7b7c28b3-8e58-4b89-8f32-c81a2c7aabdf@group-1B011D0DD7FC:LeaderElection62: begin an election at term 2 for 0: [9efe3194-bd4f-49a4-be9a-a0c0ad574cdc:192.168.69.108:37138, 7b7c28b3-8e58-4b89-8f32-c81a2c7aabdf:192.168.69.108:36959, b5e58cb2-65b2-462a-9849-1bc2048b184b:192.168.69.108:34672], old=null
2019-09-18 13:19:21,549 [7b7c28b3-8e58-4b89-8f32-c81a2c7aabdf@group-1B011D0DD7FC:LeaderElection62] INFO  impl.LeaderElection (LogUtils.java:infoOrTrace(149)) - 7b7c28b3-8e58-4b89-8f32-c81a2c7aabdf@group-1B011D0DD7FC:LeaderElection62 got exception when requesting votes: {}
java.util.concurrent.ExecutionException: org.apache.ratis.thirdparty.io.grpc.StatusRuntimeException: UNAVAILABLE: io exception
	at java.util.concurrent.FutureTask.report(FutureTask.java:122)
	at java.util.concurrent.FutureTask.get(FutureTask.java:192)
	at org.apache.ratis.server.impl.LeaderElection.waitForResults(LeaderElection.java:263)
	at org.apache.ratis.server.impl.LeaderElection.askForVotes(LeaderElection.java:201)
	at org.apache.ratis.server.impl.LeaderElection.run(LeaderElection.java:133)
	at java.lang.Thread.run(Thread.java:748)
Caused by: org.apache.ratis.thirdparty.io.grpc.StatusRuntimeException: UNAVAILABLE: io exception
	at org.apache.ratis.thirdparty.io.grpc.stub.ClientCalls.toStatusRuntimeException(ClientCalls.java:233)
	at org.apache.ratis.thirdparty.io.grpc.stub.ClientCalls.getUnchecked(ClientCalls.java:214)
	at org.apache.ratis.thirdparty.io.grpc.stub.ClientCalls.blockingUnaryCall(ClientCalls.java:139)
	at org.apache.ratis.proto.grpc.RaftServerProtocolServiceGrpc$RaftServerProtocolServiceBlockingStub.requestVote(RaftServerProtocolServiceGrpc.java:265)
	at org.apache.ratis.grpc.server.GrpcServerProtocolClient.requestVote(GrpcServerProtocolClient.java:90)
	at org.apache.ratis.grpc.server.GrpcService.requestVote(GrpcService.java:204)
	at org.apache.ratis.server.impl.LeaderElection.lambda$submitRequests$1(LeaderElection.java:238)
	at java.util.concurrent.FutureTask.run(FutureTask.java:266)
	at java.util.concurrent.Executors$RunnableAdapter.call(Executors.java:511)
	at java.util.concurrent.FutureTask.run(FutureTask.java:266)
	at java.util.concurrent.ThreadPoolExecutor.runWorker(ThreadPoolExecutor.java:1149)
	at java.util.concurrent.ThreadPoolExecutor$Worker.run(ThreadPoolExecutor.java:624)
	... 1 more
Caused by: org.apache.ratis.thirdparty.io.netty.channel.AbstractChannel$AnnotatedConnectException: Connection refused: /192.168.69.108:34672
	at sun.nio.ch.SocketChannelImpl.checkConnect(Native Method)
	at sun.nio.ch.SocketChannelImpl.finishConnect(SocketChannelImpl.java:717)
	at org.apache.ratis.thirdparty.io.netty.channel.socket.nio.NioSocketChannel.doFinishConnect(NioSocketChannel.java:327)
	at org.apache.ratis.thirdparty.io.netty.channel.nio.AbstractNioChannel$AbstractNioUnsafe.finishConnect(AbstractNioChannel.java:340)
	at org.apache.ratis.thirdparty.io.netty.channel.nio.NioEventLoop.processSelectedKey(NioEventLoop.java:632)
	at org.apache.ratis.thirdparty.io.netty.channel.nio.NioEventLoop.processSelectedKeysOptimized(NioEventLoop.java:579)
	at org.apache.ratis.thirdparty.io.netty.channel.nio.NioEventLoop.processSelectedKeys(NioEventLoop.java:496)
	at org.apache.ratis.thirdparty.io.netty.channel.nio.NioEventLoop.run(NioEventLoop.java:458)
	at org.apache.ratis.thirdparty.io.netty.util.concurrent.SingleThreadEventExecutor$5.run(SingleThreadEventExecutor.java:897)
	at org.apache.ratis.thirdparty.io.netty.util.concurrent.FastThreadLocalRunnable.run(FastThreadLocalRunnable.java:30)
	... 1 more
Caused by: java.net.ConnectException: Connection refused
	... 11 more
2019-09-18 13:19:21,554 [grpc-default-executor-7] INFO  impl.RaftServerImpl (ServerState.java:setLeader(253)) - 9efe3194-bd4f-49a4-be9a-a0c0ad574cdc@group-1B011D0DD7FC: change Leader from b5e58cb2-65b2-462a-9849-1bc2048b184b to null at term 2 for updateCurrentTerm
2019-09-18 13:19:21,554 [grpc-default-executor-7] INFO  impl.RaftServerImpl (RaftServerImpl.java:setRole(174)) - 9efe3194-bd4f-49a4-be9a-a0c0ad574cdc@group-1B011D0DD7FC: changes role from  FOLLOWER to FOLLOWER at term 2 for recognizeCandidate:7b7c28b3-8e58-4b89-8f32-c81a2c7aabdf
2019-09-18 13:19:21,555 [grpc-default-executor-7] INFO  impl.RoleInfo (RoleInfo.java:shutdownFollowerState(121)) - 9efe3194-bd4f-49a4-be9a-a0c0ad574cdc: shutdown FollowerState
2019-09-18 13:19:21,555 [grpc-default-executor-7] INFO  impl.RoleInfo (RoleInfo.java:updateAndGet(143)) - 9efe3194-bd4f-49a4-be9a-a0c0ad574cdc: start FollowerState
2019-09-18 13:19:21,555 [Thread-2976] INFO  impl.FollowerState (FollowerState.java:run(115)) - 9efe3194-bd4f-49a4-be9a-a0c0ad574cdc: FollowerState was interrupted: java.lang.InterruptedException: sleep interrupted
2019-09-18 13:19:21,575 [7b7c28b3-8e58-4b89-8f32-c81a2c7aabdf@group-1B011D0DD7FC:LeaderElection62] INFO  impl.LeaderElection (LeaderElection.java:logAndReturn(56)) - 7b7c28b3-8e58-4b89-8f32-c81a2c7aabdf@group-1B011D0DD7FC:LeaderElection62: Election PASSED; received 1 response(s) [7b7c28b3-8e58-4b89-8f32-c81a2c7aabdf<-9efe3194-bd4f-49a4-be9a-a0c0ad574cdc#0:OK-t2] and 1 exception(s); 7b7c28b3-8e58-4b89-8f32-c81a2c7aabdf@group-1B011D0DD7FC:t2, leader=null, voted=7b7c28b3-8e58-4b89-8f32-c81a2c7aabdf, raftlog=7b7c28b3-8e58-4b89-8f32-c81a2c7aabdf@group-1B011D0DD7FC-SegmentedRaftLog:OPENED:c16,f16,i16, conf=0: [9efe3194-bd4f-49a4-be9a-a0c0ad574cdc:192.168.69.108:37138, 7b7c28b3-8e58-4b89-8f32-c81a2c7aabdf:192.168.69.108:36959, b5e58cb2-65b2-462a-9849-1bc2048b184b:192.168.69.108:34672], old=null
2019-09-18 13:19:21,575 [7b7c28b3-8e58-4b89-8f32-c81a2c7aabdf@group-1B011D0DD7FC:LeaderElection62] INFO  impl.LeaderElection (LogUtils.java:infoOrTrace(149)) -   Exception 0: {}
java.util.concurrent.ExecutionException: org.apache.ratis.thirdparty.io.grpc.StatusRuntimeException: UNAVAILABLE: io exception
	at java.util.concurrent.FutureTask.report(FutureTask.java:122)
	at java.util.concurrent.FutureTask.get(FutureTask.java:192)
	at org.apache.ratis.server.impl.LeaderElection.waitForResults(LeaderElection.java:263)
	at org.apache.ratis.server.impl.LeaderElection.askForVotes(LeaderElection.java:201)
	at org.apache.ratis.server.impl.LeaderElection.run(LeaderElection.java:133)
	at java.lang.Thread.run(Thread.java:748)
Caused by: org.apache.ratis.thirdparty.io.grpc.StatusRuntimeException: UNAVAILABLE: io exception
	at org.apache.ratis.thirdparty.io.grpc.stub.ClientCalls.toStatusRuntimeException(ClientCalls.java:233)
	at org.apache.ratis.thirdparty.io.grpc.stub.ClientCalls.getUnchecked(ClientCalls.java:214)
	at org.apache.ratis.thirdparty.io.grpc.stub.ClientCalls.blockingUnaryCall(ClientCalls.java:139)
	at org.apache.ratis.proto.grpc.RaftServerProtocolServiceGrpc$RaftServerProtocolServiceBlockingStub.requestVote(RaftServerProtocolServiceGrpc.java:265)
	at org.apache.ratis.grpc.server.GrpcServerProtocolClient.requestVote(GrpcServerProtocolClient.java:90)
	at org.apache.ratis.grpc.server.GrpcService.requestVote(GrpcService.java:204)
	at org.apache.ratis.server.impl.LeaderElection.lambda$submitRequests$1(LeaderElection.java:238)
	at java.util.concurrent.FutureTask.run(FutureTask.java:266)
	at java.util.concurrent.Executors$RunnableAdapter.call(Executors.java:511)
	at java.util.concurrent.FutureTask.run(FutureTask.java:266)
	at java.util.concurrent.ThreadPoolExecutor.runWorker(ThreadPoolExecutor.java:1149)
	at java.util.concurrent.ThreadPoolExecutor$Worker.run(ThreadPoolExecutor.java:624)
	... 1 more
Caused by: org.apache.ratis.thirdparty.io.netty.channel.AbstractChannel$AnnotatedConnectException: Connection refused: /192.168.69.108:34672
	at sun.nio.ch.SocketChannelImpl.checkConnect(Native Method)
	at sun.nio.ch.SocketChannelImpl.finishConnect(SocketChannelImpl.java:717)
	at org.apache.ratis.thirdparty.io.netty.channel.socket.nio.NioSocketChannel.doFinishConnect(NioSocketChannel.java:327)
	at org.apache.ratis.thirdparty.io.netty.channel.nio.AbstractNioChannel$AbstractNioUnsafe.finishConnect(AbstractNioChannel.java:340)
	at org.apache.ratis.thirdparty.io.netty.channel.nio.NioEventLoop.processSelectedKey(NioEventLoop.java:632)
	at org.apache.ratis.thirdparty.io.netty.channel.nio.NioEventLoop.processSelectedKeysOptimized(NioEventLoop.java:579)
	at org.apache.ratis.thirdparty.io.netty.channel.nio.NioEventLoop.processSelectedKeys(NioEventLoop.java:496)
	at org.apache.ratis.thirdparty.io.netty.channel.nio.NioEventLoop.run(NioEventLoop.java:458)
	at org.apache.ratis.thirdparty.io.netty.util.concurrent.SingleThreadEventExecutor$5.run(SingleThreadEventExecutor.java:897)
	at org.apache.ratis.thirdparty.io.netty.util.concurrent.FastThreadLocalRunnable.run(FastThreadLocalRunnable.java:30)
	... 1 more
Caused by: java.net.ConnectException: Connection refused
	... 11 more
2019-09-18 13:19:21,575 [7b7c28b3-8e58-4b89-8f32-c81a2c7aabdf@group-1B011D0DD7FC:LeaderElection62] INFO  impl.RoleInfo (RoleInfo.java:shutdownLeaderElection(134)) - 7b7c28b3-8e58-4b89-8f32-c81a2c7aabdf: shutdown LeaderElection
2019-09-18 13:19:21,575 [7b7c28b3-8e58-4b89-8f32-c81a2c7aabdf@group-1B011D0DD7FC:LeaderElection62] INFO  impl.RaftServerImpl (RaftServerImpl.java:setRole(174)) - 7b7c28b3-8e58-4b89-8f32-c81a2c7aabdf@group-1B011D0DD7FC: changes role from CANDIDATE to LEADER at term 2 for changeToLeader
2019-09-18 13:19:21,576 [7b7c28b3-8e58-4b89-8f32-c81a2c7aabdf@group-1B011D0DD7FC:LeaderElection62] INFO  impl.RaftServerImpl (ServerState.java:setLeader(253)) - 7b7c28b3-8e58-4b89-8f32-c81a2c7aabdf@group-1B011D0DD7FC: change Leader from null to 7b7c28b3-8e58-4b89-8f32-c81a2c7aabdf at term 2 for becomeLeader, leader elected after 62ms
2019-09-18 13:19:21,576 [7b7c28b3-8e58-4b89-8f32-c81a2c7aabdf@group-1B011D0DD7FC:LeaderElection62] INFO  server.RaftServerConfigKeys (ConfUtils.java:logGet(43)) - raft.server.staging.catchup.gap = 1000 (default)
2019-09-18 13:19:21,576 [7b7c28b3-8e58-4b89-8f32-c81a2c7aabdf@group-1B011D0DD7FC:LeaderElection62] INFO  server.RaftServerConfigKeys (ConfUtils.java:logGet(43)) - raft.server.rpc.sleep.time = 25ms (default)
2019-09-18 13:19:21,576 [7b7c28b3-8e58-4b89-8f32-c81a2c7aabdf@group-1B011D0DD7FC:LeaderElection62] INFO  server.RaftServerConfigKeys (ConfUtils.java:logGet(43)) - raft.server.write.element-limit = 4096 (default)
2019-09-18 13:19:21,577 [7b7c28b3-8e58-4b89-8f32-c81a2c7aabdf@group-1B011D0DD7FC:LeaderElection62] INFO  server.RaftServerConfigKeys (ConfUtils.java:logGet(43)) - raft.server.watch.timeout = 10s (default)
2019-09-18 13:19:21,577 [7b7c28b3-8e58-4b89-8f32-c81a2c7aabdf@group-1B011D0DD7FC:LeaderElection62] INFO  server.RaftServerConfigKeys (ConfUtils.java:logGet(43)) - raft.server.watch.timeout.denomination = 1s (default)
2019-09-18 13:19:21,577 [7b7c28b3-8e58-4b89-8f32-c81a2c7aabdf@group-1B011D0DD7FC:LeaderElection62] INFO  server.RaftServerConfigKeys (ConfUtils.java:logGet(43)) - raft.server.watch.element-limit = 65536 (default)
2019-09-18 13:19:21,580 [7b7c28b3-8e58-4b89-8f32-c81a2c7aabdf@group-1B011D0DD7FC:LeaderElection62] INFO  server.RaftServerConfigKeys (ConfUtils.java:logGet(43)) - raft.server.log.appender.snapshot.chunk.size.max = 16MB (=16777216) (default)
2019-09-18 13:19:21,581 [7b7c28b3-8e58-4b89-8f32-c81a2c7aabdf@group-1B011D0DD7FC:LeaderElection62] INFO  server.RaftServerConfigKeys (ConfUtils.java:logGet(43)) - raft.server.log.appender.buffer.byte-limit = 33554432 (custom)
2019-09-18 13:19:21,581 [7b7c28b3-8e58-4b89-8f32-c81a2c7aabdf@group-1B011D0DD7FC:LeaderElection62] INFO  server.RaftServerConfigKeys (ConfUtils.java:logGet(43)) - raft.server.log.appender.buffer.element-limit = 1 (custom)
2019-09-18 13:19:21,581 [7b7c28b3-8e58-4b89-8f32-c81a2c7aabdf@group-1B011D0DD7FC:LeaderElection62] INFO  grpc.GrpcConfigKeys$Server (ConfUtils.java:logGet(43)) - raft.grpc.server.leader.outstanding.appends.max = 128 (default)
2019-09-18 13:19:21,582 [7b7c28b3-8e58-4b89-8f32-c81a2c7aabdf@group-1B011D0DD7FC:LeaderElection62] INFO  server.RaftServerConfigKeys (ConfUtils.java:logGet(43)) - raft.server.rpc.request.timeout = 3000ms (default)
2019-09-18 13:19:21,582 [7b7c28b3-8e58-4b89-8f32-c81a2c7aabdf@group-1B011D0DD7FC:LeaderElection62] INFO  server.RaftServerConfigKeys (ConfUtils.java:logGet(43)) - raft.server.log.appender.install.snapshot.enabled = false (custom)
2019-09-18 13:19:21,582 [7b7c28b3-8e58-4b89-8f32-c81a2c7aabdf@group-1B011D0DD7FC:LeaderElection62] INFO  server.RaftServerConfigKeys (ConfUtils.java:logGet(43)) - raft.server.log.appender.snapshot.chunk.size.max = 16MB (=16777216) (default)
2019-09-18 13:19:21,582 [7b7c28b3-8e58-4b89-8f32-c81a2c7aabdf@group-1B011D0DD7FC:LeaderElection62] INFO  server.RaftServerConfigKeys (ConfUtils.java:logGet(43)) - raft.server.log.appender.buffer.byte-limit = 33554432 (custom)
2019-09-18 13:19:21,582 [7b7c28b3-8e58-4b89-8f32-c81a2c7aabdf@group-1B011D0DD7FC:LeaderElection62] INFO  server.RaftServerConfigKeys (ConfUtils.java:logGet(43)) - raft.server.log.appender.buffer.element-limit = 1 (custom)
2019-09-18 13:19:21,583 [7b7c28b3-8e58-4b89-8f32-c81a2c7aabdf@group-1B011D0DD7FC:LeaderElection62] INFO  grpc.GrpcConfigKeys$Server (ConfUtils.java:logGet(43)) - raft.grpc.server.leader.outstanding.appends.max = 128 (default)
2019-09-18 13:19:21,583 [7b7c28b3-8e58-4b89-8f32-c81a2c7aabdf@group-1B011D0DD7FC:LeaderElection62] INFO  server.RaftServerConfigKeys (ConfUtils.java:logGet(43)) - raft.server.rpc.request.timeout = 3000ms (default)
2019-09-18 13:19:21,583 [7b7c28b3-8e58-4b89-8f32-c81a2c7aabdf@group-1B011D0DD7FC:LeaderElection62] INFO  server.RaftServerConfigKeys (ConfUtils.java:logGet(43)) - raft.server.log.appender.install.snapshot.enabled = false (custom)
2019-09-18 13:19:21,583 [7b7c28b3-8e58-4b89-8f32-c81a2c7aabdf@group-1B011D0DD7FC:LeaderElection62] INFO  impl.RoleInfo (RoleInfo.java:updateAndGet(143)) - 7b7c28b3-8e58-4b89-8f32-c81a2c7aabdf: start LeaderState
2019-09-18 13:19:21,584 [7b7c28b3-8e58-4b89-8f32-c81a2c7aabdf@group-1B011D0DD7FC:LeaderElection62] INFO  segmented.SegmentedRaftLogWorker (SegmentedRaftLogWorker.java:rollLogSegment(385)) - 7b7c28b3-8e58-4b89-8f32-c81a2c7aabdf@group-1B011D0DD7FC-SegmentedRaftLogWorker: Rolling segment log-0_16 to index:16
2019-09-18 13:19:21,585 [7b7c28b3-8e58-4b89-8f32-c81a2c7aabdf@group-1B011D0DD7FC:LeaderElection62] INFO  impl.RaftServerImpl (ServerState.java:setRaftConf(354)) - 7b7c28b3-8e58-4b89-8f32-c81a2c7aabdf@group-1B011D0DD7FC: set configuration 17: [9efe3194-bd4f-49a4-be9a-a0c0ad574cdc:192.168.69.108:37138, 7b7c28b3-8e58-4b89-8f32-c81a2c7aabdf:192.168.69.108:36959, b5e58cb2-65b2-462a-9849-1bc2048b184b:192.168.69.108:34672], old=null at 17
2019-09-18 13:19:21,586 [grpc-default-executor-7] WARN  server.GrpcLogAppender (LogUtils.java:warn(134)) - 7b7c28b3-8e58-4b89-8f32-c81a2c7aabdf@group-1B011D0DD7FC->b5e58cb2-65b2-462a-9849-1bc2048b184b-AppendLogResponseHandler: Failed appendEntries: org.apache.ratis.thirdparty.io.grpc.StatusRuntimeException: UNAVAILABLE: io exception
2019-09-18 13:19:21,588 [7b7c28b3-8e58-4b89-8f32-c81a2c7aabdf@group-1B011D0DD7FC-SegmentedRaftLogWorker] INFO  segmented.SegmentedRaftLogWorker (SegmentedRaftLogWorker.java:execute(526)) - 7b7c28b3-8e58-4b89-8f32-c81a2c7aabdf@group-1B011D0DD7FC-SegmentedRaftLogWorker: Rolled log segment from /workdir/hadoop-ozone/integration-test/target/test-dir/MiniOzoneClusterImpl-62b0528d-f78b-4475-bf9a-37d6dcf32bc1/datanode-5/data/ratis/022740f1-b230-465a-8fed-1b011d0dd7fc/current/log_inprogress_0 to /workdir/hadoop-ozone/integration-test/target/test-dir/MiniOzoneClusterImpl-62b0528d-f78b-4475-bf9a-37d6dcf32bc1/datanode-5/data/ratis/022740f1-b230-465a-8fed-1b011d0dd7fc/current/log_0-16
2019-09-18 13:19:21,588 [grpc-default-executor-7] INFO  impl.FollowerInfo (FollowerInfo.java:lambda$new$0(51)) - 7b7c28b3-8e58-4b89-8f32-c81a2c7aabdf@group-1B011D0DD7FC->b5e58cb2-65b2-462a-9849-1bc2048b184b: nextIndex: updateUnconditionally 17 -> 1
2019-09-18 13:19:21,589 [grpc-default-executor-9] INFO  impl.RaftServerImpl (ServerState.java:setLeader(253)) - 9efe3194-bd4f-49a4-be9a-a0c0ad574cdc@group-1B011D0DD7FC: change Leader from null to 7b7c28b3-8e58-4b89-8f32-c81a2c7aabdf at term 2 for appendEntries, leader elected after 34ms
2019-09-18 13:19:21,593 [grpc-default-executor-9] INFO  impl.RaftServerImpl (ServerState.java:setRaftConf(354)) - 9efe3194-bd4f-49a4-be9a-a0c0ad574cdc@group-1B011D0DD7FC: set configuration 17: [9efe3194-bd4f-49a4-be9a-a0c0ad574cdc:192.168.69.108:37138, 7b7c28b3-8e58-4b89-8f32-c81a2c7aabdf:192.168.69.108:36959, b5e58cb2-65b2-462a-9849-1bc2048b184b:192.168.69.108:34672], old=null at 17
2019-09-18 13:19:21,594 [grpc-default-executor-9] INFO  segmented.SegmentedRaftLogWorker (SegmentedRaftLogWorker.java:rollLogSegment(385)) - 9efe3194-bd4f-49a4-be9a-a0c0ad574cdc@group-1B011D0DD7FC-SegmentedRaftLogWorker: Rolling segment log-0_16 to index:16
2019-09-18 13:19:21,594 [9efe3194-bd4f-49a4-be9a-a0c0ad574cdc@group-1B011D0DD7FC-SegmentedRaftLogWorker] INFO  segmented.SegmentedRaftLogWorker (SegmentedRaftLogWorker.java:execute(526)) - 9efe3194-bd4f-49a4-be9a-a0c0ad574cdc@group-1B011D0DD7FC-SegmentedRaftLogWorker: Rolled log segment from /workdir/hadoop-ozone/integration-test/target/test-dir/MiniOzoneClusterImpl-62b0528d-f78b-4475-bf9a-37d6dcf32bc1/datanode-6/data/ratis/022740f1-b230-465a-8fed-1b011d0dd7fc/current/log_inprogress_0 to /workdir/hadoop-ozone/integration-test/target/test-dir/MiniOzoneClusterImpl-62b0528d-f78b-4475-bf9a-37d6dcf32bc1/datanode-6/data/ratis/022740f1-b230-465a-8fed-1b011d0dd7fc/current/log_0-16
2019-09-18 13:19:21,641 [7b7c28b3-8e58-4b89-8f32-c81a2c7aabdf@group-1B011D0DD7FC-SegmentedRaftLogWorker] INFO  segmented.SegmentedRaftLogWorker (SegmentedRaftLogWorker.java:execute(569)) - 7b7c28b3-8e58-4b89-8f32-c81a2c7aabdf@group-1B011D0DD7FC-SegmentedRaftLogWorker: created new log segment /workdir/hadoop-ozone/integration-test/target/test-dir/MiniOzoneClusterImpl-62b0528d-f78b-4475-bf9a-37d6dcf32bc1/datanode-5/data/ratis/022740f1-b230-465a-8fed-1b011d0dd7fc/current/log_inprogress_17
2019-09-18 13:19:21,641 [9efe3194-bd4f-49a4-be9a-a0c0ad574cdc@group-1B011D0DD7FC-SegmentedRaftLogWorker] INFO  segmented.SegmentedRaftLogWorker (SegmentedRaftLogWorker.java:execute(569)) - 9efe3194-bd4f-49a4-be9a-a0c0ad574cdc@group-1B011D0DD7FC-SegmentedRaftLogWorker: created new log segment /workdir/hadoop-ozone/integration-test/target/test-dir/MiniOzoneClusterImpl-62b0528d-f78b-4475-bf9a-37d6dcf32bc1/datanode-6/data/ratis/022740f1-b230-465a-8fed-1b011d0dd7fc/current/log_inprogress_17
2019-09-18 13:19:21,662 [grpc-default-executor-9] WARN  server.GrpcLogAppender (LogUtils.java:warn(134)) - 7b7c28b3-8e58-4b89-8f32-c81a2c7aabdf@group-1B011D0DD7FC->b5e58cb2-65b2-462a-9849-1bc2048b184b-AppendLogResponseHandler: Failed appendEntries: org.apache.ratis.thirdparty.io.grpc.StatusRuntimeException: UNAVAILABLE: io exception
2019-09-18 13:19:21,662 [grpc-default-executor-9] INFO  impl.FollowerInfo (FollowerInfo.java:lambda$new$0(51)) - 7b7c28b3-8e58-4b89-8f32-c81a2c7aabdf@group-1B011D0DD7FC->b5e58cb2-65b2-462a-9849-1bc2048b184b: nextIndex: updateUnconditionally 2 -> 1
2019-09-18 13:19:21,671 [grpc-default-executor-9] WARN  server.GrpcLogAppender (LogUtils.java:warn(134)) - 7b7c28b3-8e58-4b89-8f32-c81a2c7aabdf@group-1B011D0DD7FC->b5e58cb2-65b2-462a-9849-1bc2048b184b-AppendLogResponseHandler: Failed appendEntries: org.apache.ratis.thirdparty.io.grpc.StatusRuntimeException: UNAVAILABLE: io exception
2019-09-18 13:19:21,672 [grpc-default-executor-9] INFO  impl.FollowerInfo (FollowerInfo.java:lambda$new$0(51)) - 7b7c28b3-8e58-4b89-8f32-c81a2c7aabdf@group-1B011D0DD7FC->b5e58cb2-65b2-462a-9849-1bc2048b184b: nextIndex: updateUnconditionally 2 -> 1
2019-09-18 13:19:22,296 [EventQueue-StaleNodeForStaleNodeHandler] INFO  node.StaleNodeHandler (StaleNodeHandler.java:onMessage(58)) - Datanode 9efe3194-bd4f-49a4-be9a-a0c0ad574cdc{ip: 192.168.69.108, host: pr-hdds-2141-4zm8s-3863693661, networkLocation: /default-rack, certSerialId: null} moved to stale state. Finalizing its pipelines [PipelineID=022740f1-b230-465a-8fed-1b011d0dd7fc, PipelineID=461622b8-1a11-4b3d-a75c-223002ef1782]
2019-09-18 13:19:22,297 [EventQueue-StaleNodeForStaleNodeHandler] INFO  pipeline.SCMPipelineManager (SCMPipelineManager.java:finalizeAndDestroyPipeline(311)) - destroying pipeline:Pipeline[ Id: 022740f1-b230-465a-8fed-1b011d0dd7fc, Nodes: 9efe3194-bd4f-49a4-be9a-a0c0ad574cdc{ip: 192.168.69.108, host: pr-hdds-2141-4zm8s-3863693661, networkLocation: /default-rack, certSerialId: null}7b7c28b3-8e58-4b89-8f32-c81a2c7aabdf{ip: 192.168.69.108, host: pr-hdds-2141-4zm8s-3863693661, networkLocation: /default-rack, certSerialId: null}b5e58cb2-65b2-462a-9849-1bc2048b184b{ip: 192.168.69.108, host: pr-hdds-2141-4zm8s-3863693661, networkLocation: /default-rack, certSerialId: null}, Type:RATIS, Factor:THREE, State:CLOSED]
2019-09-18 13:19:22,297 [EventQueue-StaleNodeForStaleNodeHandler] INFO  pipeline.SCMPipelineManager (SCMPipelineManager.java:finalizeAndDestroyPipeline(311)) - destroying pipeline:Pipeline[ Id: 461622b8-1a11-4b3d-a75c-223002ef1782, Nodes: 9efe3194-bd4f-49a4-be9a-a0c0ad574cdc{ip: 192.168.69.108, host: pr-hdds-2141-4zm8s-3863693661, networkLocation: /default-rack, certSerialId: null}, Type:RATIS, Factor:ONE, State:OPEN]
2019-09-18 13:19:22,297 [EventQueue-StaleNodeForStaleNodeHandler] INFO  pipeline.PipelineStateManager (PipelineStateManager.java:finalizePipeline(123)) - Pipeline Pipeline[ Id: 461622b8-1a11-4b3d-a75c-223002ef1782, Nodes: 9efe3194-bd4f-49a4-be9a-a0c0ad574cdc{ip: 192.168.69.108, host: pr-hdds-2141-4zm8s-3863693661, networkLocation: /default-rack, certSerialId: null}, Type:RATIS, Factor:ONE, State:CLOSED] moved to CLOSED state
2019-09-18 13:19:22,298 [EventQueue-StaleNodeForStaleNodeHandler] INFO  node.StaleNodeHandler (StaleNodeHandler.java:onMessage(58)) - Datanode 7b7c28b3-8e58-4b89-8f32-c81a2c7aabdf{ip: 192.168.69.108, host: pr-hdds-2141-4zm8s-3863693661, networkLocation: /default-rack, certSerialId: null} moved to stale state. Finalizing its pipelines [PipelineID=022740f1-b230-465a-8fed-1b011d0dd7fc, PipelineID=abf7f063-46f1-4784-b03f-11f2796033c8]
2019-09-18 13:19:22,298 [EventQueue-StaleNodeForStaleNodeHandler] INFO  pipeline.SCMPipelineManager (SCMPipelineManager.java:finalizeAndDestroyPipeline(311)) - destroying pipeline:Pipeline[ Id: 022740f1-b230-465a-8fed-1b011d0dd7fc, Nodes: 9efe3194-bd4f-49a4-be9a-a0c0ad574cdc{ip: 192.168.69.108, host: pr-hdds-2141-4zm8s-3863693661, networkLocation: /default-rack, certSerialId: null}7b7c28b3-8e58-4b89-8f32-c81a2c7aabdf{ip: 192.168.69.108, host: pr-hdds-2141-4zm8s-3863693661, networkLocation: /default-rack, certSerialId: null}b5e58cb2-65b2-462a-9849-1bc2048b184b{ip: 192.168.69.108, host: pr-hdds-2141-4zm8s-3863693661, networkLocation: /default-rack, certSerialId: null}, Type:RATIS, Factor:THREE, State:CLOSED]
2019-09-18 13:19:22,298 [EventQueue-StaleNodeForStaleNodeHandler] INFO  pipeline.SCMPipelineManager (SCMPipelineManager.java:finalizeAndDestroyPipeline(311)) - destroying pipeline:Pipeline[ Id: abf7f063-46f1-4784-b03f-11f2796033c8, Nodes: 7b7c28b3-8e58-4b89-8f32-c81a2c7aabdf{ip: 192.168.69.108, host: pr-hdds-2141-4zm8s-3863693661, networkLocation: /default-rack, certSerialId: null}, Type:RATIS, Factor:ONE, State:OPEN]
2019-09-18 13:19:22,298 [EventQueue-StaleNodeForStaleNodeHandler] INFO  pipeline.PipelineStateManager (PipelineStateManager.java:finalizePipeline(123)) - Pipeline Pipeline[ Id: abf7f063-46f1-4784-b03f-11f2796033c8, Nodes: 7b7c28b3-8e58-4b89-8f32-c81a2c7aabdf{ip: 192.168.69.108, host: pr-hdds-2141-4zm8s-3863693661, networkLocation: /default-rack, certSerialId: null}, Type:RATIS, Factor:ONE, State:CLOSED] moved to CLOSED state
2019-09-18 13:19:22,721 [main] INFO  ozoneimpl.OzoneContainer (OzoneContainer.java:stop(231)) - Attempting to stop container services.
2019-09-18 13:19:22,723 [main] INFO  impl.RaftServerProxy (RaftServerProxy.java:lambda$close$4(314)) - 9efe3194-bd4f-49a4-be9a-a0c0ad574cdc: close
2019-09-18 13:19:22,724 [main] INFO  impl.RaftServerImpl (RaftServerImpl.java:lambda$shutdown$3(251)) - 9efe3194-bd4f-49a4-be9a-a0c0ad574cdc@group-1B011D0DD7FC: shutdown
2019-09-18 13:19:22,724 [main] INFO  util.JmxRegister (JmxRegister.java:unregister(73)) - Successfully un-registered JMX Bean with object name Ratis:service=RaftServer,group=group-1B011D0DD7FC,id=9efe3194-bd4f-49a4-be9a-a0c0ad574cdc
2019-09-18 13:19:22,724 [main] INFO  impl.RoleInfo (RoleInfo.java:shutdownFollowerState(121)) - 9efe3194-bd4f-49a4-be9a-a0c0ad574cdc: shutdown FollowerState
2019-09-18 13:19:22,724 [main] INFO  impl.StateMachineUpdater (StateMachineUpdater.java:stopAndJoin(125)) - 9efe3194-bd4f-49a4-be9a-a0c0ad574cdc@group-1B011D0DD7FC-StateMachineUpdater: set stopIndex = 17
2019-09-18 13:19:22,725 [Thread-3162] INFO  impl.FollowerState (FollowerState.java:run(115)) - 9efe3194-bd4f-49a4-be9a-a0c0ad574cdc: FollowerState was interrupted: java.lang.InterruptedException: sleep interrupted
2019-09-18 13:19:22,725 [9efe3194-bd4f-49a4-be9a-a0c0ad574cdc@group-1B011D0DD7FC-StateMachineUpdater] INFO  ratis.ContainerStateMachine (ContainerStateMachine.java:takeSnapshot(289)) - group-1B011D0DD7FC: Taking a snapshot at:(t:1, i:14) file /workdir/hadoop-ozone/integration-test/target/test-dir/MiniOzoneClusterImpl-62b0528d-f78b-4475-bf9a-37d6dcf32bc1/datanode-6/data/ratis/022740f1-b230-465a-8fed-1b011d0dd7fc/sm/snapshot.1_14
2019-09-18 13:19:22,751 [ForkJoinPool.commonPool-worker-1] INFO  ozoneimpl.OzoneContainer (OzoneContainer.java:stop(231)) - Attempting to stop container services.
2019-09-18 13:19:22,751 [ForkJoinPool.commonPool-worker-1] INFO  impl.RaftServerProxy (RaftServerProxy.java:lambda$close$4(314)) - 7b7c28b3-8e58-4b89-8f32-c81a2c7aabdf: close
2019-09-18 13:19:22,752 [ForkJoinPool.commonPool-worker-1] INFO  impl.RaftServerImpl (RaftServerImpl.java:lambda$shutdown$3(251)) - 7b7c28b3-8e58-4b89-8f32-c81a2c7aabdf@group-1B011D0DD7FC: shutdown
2019-09-18 13:19:22,752 [9efe3194-bd4f-49a4-be9a-a0c0ad574cdc@group-1B011D0DD7FC-StateMachineUpdater] INFO  ratis.ContainerStateMachine (ContainerStateMachine.java:takeSnapshot(300)) - group-1B011D0DD7FC: Finished taking a snapshot at:(t:1, i:14) file:/workdir/hadoop-ozone/integration-test/target/test-dir/MiniOzoneClusterImpl-62b0528d-f78b-4475-bf9a-37d6dcf32bc1/datanode-6/data/ratis/022740f1-b230-465a-8fed-1b011d0dd7fc/sm/snapshot.1_14 time:27
2019-09-18 13:19:22,752 [ForkJoinPool.commonPool-worker-1] INFO  util.JmxRegister (JmxRegister.java:unregister(73)) - Successfully un-registered JMX Bean with object name Ratis:service=RaftServer,group=group-1B011D0DD7FC,id=7b7c28b3-8e58-4b89-8f32-c81a2c7aabdf
2019-09-18 13:19:22,752 [ForkJoinPool.commonPool-worker-1] INFO  impl.RoleInfo (RoleInfo.java:shutdownLeaderState(104)) - 7b7c28b3-8e58-4b89-8f32-c81a2c7aabdf: shutdown LeaderState
2019-09-18 13:19:22,752 [9efe3194-bd4f-49a4-be9a-a0c0ad574cdc@group-1B011D0DD7FC-StateMachineUpdater] INFO  impl.StateMachineUpdater (StateMachineUpdater.java:takeSnapshot(258)) - 9efe3194-bd4f-49a4-be9a-a0c0ad574cdc@group-1B011D0DD7FC-StateMachineUpdater: Took a snapshot at index 14
2019-09-18 13:19:22,756 [9efe3194-bd4f-49a4-be9a-a0c0ad574cdc@group-1B011D0DD7FC-StateMachineUpdater] INFO  impl.StateMachineUpdater (StateMachineUpdater.java:lambda$new$0(83)) - 9efe3194-bd4f-49a4-be9a-a0c0ad574cdc@group-1B011D0DD7FC-StateMachineUpdater: snapshotIndex: updateIncreasingly -1 -> 14
2019-09-18 13:19:22,756 [org.apache.ratis.server.impl.LogAppender$AppenderDaemon$$Lambda$485/2069651634@677130e1] WARN  server.GrpcLogAppender (GrpcLogAppender.java:mayWait(143)) - 7b7c28b3-8e58-4b89-8f32-c81a2c7aabdf@group-1B011D0DD7FC->9efe3194-bd4f-49a4-be9a-a0c0ad574cdc-GrpcLogAppender: Wait interrupted by java.lang.InterruptedException
2019-09-18 13:19:22,756 [org.apache.ratis.server.impl.LogAppender$AppenderDaemon$$Lambda$485/2069651634@b35fc15] WARN  server.GrpcLogAppender (GrpcLogAppender.java:mayWait(143)) - 7b7c28b3-8e58-4b89-8f32-c81a2c7aabdf@group-1B011D0DD7FC->b5e58cb2-65b2-462a-9849-1bc2048b184b-GrpcLogAppender: Wait interrupted by java.lang.InterruptedException
2019-09-18 13:19:22,756 [9efe3194-bd4f-49a4-be9a-a0c0ad574cdc@group-1B011D0DD7FC-StateMachineUpdater] INFO  ratis.ContainerStateMachine (ContainerStateMachine.java:takeSnapshot(289)) - group-1B011D0DD7FC: Taking a snapshot at:(t:1, i:14) file /workdir/hadoop-ozone/integration-test/target/test-dir/MiniOzoneClusterImpl-62b0528d-f78b-4475-bf9a-37d6dcf32bc1/datanode-6/data/ratis/022740f1-b230-465a-8fed-1b011d0dd7fc/sm/snapshot.1_14
2019-09-18 13:19:22,756 [ForkJoinPool.commonPool-worker-1] INFO  impl.PendingRequests (PendingRequests.java:sendNotLeaderResponses(202)) - 7b7c28b3-8e58-4b89-8f32-c81a2c7aabdf-PendingRequests: sendNotLeaderResponses
2019-09-18 13:19:22,769 [9efe3194-bd4f-49a4-be9a-a0c0ad574cdc@group-1B011D0DD7FC-StateMachineUpdater] INFO  ratis.ContainerStateMachine (ContainerStateMachine.java:takeSnapshot(300)) - group-1B011D0DD7FC: Finished taking a snapshot at:(t:1, i:14) file:/workdir/hadoop-ozone/integration-test/target/test-dir/MiniOzoneClusterImpl-62b0528d-f78b-4475-bf9a-37d6dcf32bc1/datanode-6/data/ratis/022740f1-b230-465a-8fed-1b011d0dd7fc/sm/snapshot.1_14 time:12
2019-09-18 13:19:22,769 [ForkJoinPool.commonPool-worker-1] INFO  impl.StateMachineUpdater (StateMachineUpdater.java:stopAndJoin(125)) - 7b7c28b3-8e58-4b89-8f32-c81a2c7aabdf@group-1B011D0DD7FC-StateMachineUpdater: set stopIndex = 18
2019-09-18 13:19:22,769 [9efe3194-bd4f-49a4-be9a-a0c0ad574cdc@group-1B011D0DD7FC-StateMachineUpdater] INFO  impl.StateMachineUpdater (StateMachineUpdater.java:takeSnapshot(258)) - 9efe3194-bd4f-49a4-be9a-a0c0ad574cdc@group-1B011D0DD7FC-StateMachineUpdater: Took a snapshot at index 14
2019-09-18 13:19:22,769 [9efe3194-bd4f-49a4-be9a-a0c0ad574cdc@group-1B011D0DD7FC-StateMachineUpdater] INFO  impl.StateMachineUpdater (StateMachineUpdater.java:lambda$new$0(83)) - 9efe3194-bd4f-49a4-be9a-a0c0ad574cdc@group-1B011D0DD7FC-StateMachineUpdater: snapshotIndex: updateIncreasingly 14 -> 14
2019-09-18 13:19:22,769 [7b7c28b3-8e58-4b89-8f32-c81a2c7aabdf@group-1B011D0DD7FC-StateMachineUpdater] INFO  ratis.ContainerStateMachine (ContainerStateMachine.java:takeSnapshot(289)) - group-1B011D0DD7FC: Taking a snapshot at:(t:1, i:14) file /workdir/hadoop-ozone/integration-test/target/test-dir/MiniOzoneClusterImpl-62b0528d-f78b-4475-bf9a-37d6dcf32bc1/datanode-5/data/ratis/022740f1-b230-465a-8fed-1b011d0dd7fc/sm/snapshot.1_14
2019-09-18 13:19:22,769 [grpc-default-executor-9] INFO  server.GrpcServerProtocolService (GrpcServerProtocolService.java:onCompleted(113)) - 9efe3194-bd4f-49a4-be9a-a0c0ad574cdc: Completed APPEND_ENTRIES, lastRequest: 7b7c28b3-8e58-4b89-8f32-c81a2c7aabdf->9efe3194-bd4f-49a4-be9a-a0c0ad574cdc#2-t2, previous=(t:2, i:17), leaderCommit=17, initializing? false, entries: size=1, first=(t:2, i:18), METADATAENTRY(c17)
2019-09-18 13:19:22,769 [main] INFO  impl.RaftServerImpl (ServerState.java:close(385)) - 9efe3194-bd4f-49a4-be9a-a0c0ad574cdc@group-1B011D0DD7FC: closes. applyIndex: 17
2019-09-18 13:19:22,770 [grpc-default-executor-9] INFO  server.GrpcLogAppender (GrpcLogAppender.java:onCompleted(293)) - 7b7c28b3-8e58-4b89-8f32-c81a2c7aabdf@group-1B011D0DD7FC->9efe3194-bd4f-49a4-be9a-a0c0ad574cdc-AppendLogResponseHandler: follower responses appendEntries COMPLETED
2019-09-18 13:19:22,770 [9efe3194-bd4f-49a4-be9a-a0c0ad574cdc@group-1B011D0DD7FC-SegmentedRaftLogWorker] INFO  segmented.SegmentedRaftLogWorker (SegmentedRaftLogWorker.java:run(313)) - 9efe3194-bd4f-49a4-be9a-a0c0ad574cdc@group-1B011D0DD7FC-SegmentedRaftLogWorker was interrupted, exiting. There are 0 tasks remaining in the queue.
2019-09-18 13:19:22,772 [grpc-default-executor-9] INFO  impl.FollowerInfo (FollowerInfo.java:lambda$new$0(51)) - 7b7c28b3-8e58-4b89-8f32-c81a2c7aabdf@group-1B011D0DD7FC->9efe3194-bd4f-49a4-be9a-a0c0ad574cdc: nextIndex: updateUnconditionally 19 -> 18
2019-09-18 13:19:22,773 [main] INFO  segmented.SegmentedRaftLogWorker (SegmentedRaftLogWorker.java:close(228)) - 9efe3194-bd4f-49a4-be9a-a0c0ad574cdc@group-1B011D0DD7FC-SegmentedRaftLogWorker close()
2019-09-18 13:19:22,776 [main] INFO  impl.RaftServerImpl (RaftServerImpl.java:lambda$shutdown$3(251)) - 9efe3194-bd4f-49a4-be9a-a0c0ad574cdc@group-223002EF1782: shutdown
2019-09-18 13:19:22,776 [main] INFO  util.JmxRegister (JmxRegister.java:unregister(73)) - Successfully un-registered JMX Bean with object name Ratis:service=RaftServer,group=group-223002EF1782,id=9efe3194-bd4f-49a4-be9a-a0c0ad574cdc
2019-09-18 13:19:22,777 [main] INFO  impl.RoleInfo (RoleInfo.java:shutdownLeaderState(104)) - 9efe3194-bd4f-49a4-be9a-a0c0ad574cdc: shutdown LeaderState
2019-09-18 13:19:22,777 [main] INFO  impl.PendingRequests (PendingRequests.java:sendNotLeaderResponses(202)) - 9efe3194-bd4f-49a4-be9a-a0c0ad574cdc-PendingRequests: sendNotLeaderResponses
2019-09-18 13:19:22,778 [main] INFO  impl.StateMachineUpdater (StateMachineUpdater.java:stopAndJoin(125)) - 9efe3194-bd4f-49a4-be9a-a0c0ad574cdc@group-223002EF1782-StateMachineUpdater: set stopIndex = 0
2019-09-18 13:19:22,778 [main] INFO  impl.RaftServerImpl (ServerState.java:close(385)) - 9efe3194-bd4f-49a4-be9a-a0c0ad574cdc@group-223002EF1782: closes. applyIndex: 0
2019-09-18 13:19:22,779 [9efe3194-bd4f-49a4-be9a-a0c0ad574cdc@group-223002EF1782-SegmentedRaftLogWorker] INFO  segmented.SegmentedRaftLogWorker (SegmentedRaftLogWorker.java:run(313)) - 9efe3194-bd4f-49a4-be9a-a0c0ad574cdc@group-223002EF1782-SegmentedRaftLogWorker was interrupted, exiting. There are 0 tasks remaining in the queue.
2019-09-18 13:19:22,780 [main] INFO  segmented.SegmentedRaftLogWorker (SegmentedRaftLogWorker.java:close(228)) - 9efe3194-bd4f-49a4-be9a-a0c0ad574cdc@group-223002EF1782-SegmentedRaftLogWorker close()
2019-09-18 13:19:22,784 [main] INFO  server.GrpcService (GrpcService.java:closeImpl(164)) - 9efe3194-bd4f-49a4-be9a-a0c0ad574cdc: shutdown server with port 37138 now
2019-09-18 13:19:22,785 [main] INFO  server.GrpcService (GrpcService.java:closeImpl(172)) - 9efe3194-bd4f-49a4-be9a-a0c0ad574cdc: shutdown server with port 37138 successfully
2019-09-18 13:19:22,789 [7b7c28b3-8e58-4b89-8f32-c81a2c7aabdf@group-1B011D0DD7FC-StateMachineUpdater] INFO  ratis.ContainerStateMachine (ContainerStateMachine.java:takeSnapshot(300)) - group-1B011D0DD7FC: Finished taking a snapshot at:(t:1, i:14) file:/workdir/hadoop-ozone/integration-test/target/test-dir/MiniOzoneClusterImpl-62b0528d-f78b-4475-bf9a-37d6dcf32bc1/datanode-5/data/ratis/022740f1-b230-465a-8fed-1b011d0dd7fc/sm/snapshot.1_14 time:20
2019-09-18 13:19:22,791 [7b7c28b3-8e58-4b89-8f32-c81a2c7aabdf@group-1B011D0DD7FC-StateMachineUpdater] INFO  impl.StateMachineUpdater (StateMachineUpdater.java:takeSnapshot(258)) - 7b7c28b3-8e58-4b89-8f32-c81a2c7aabdf@group-1B011D0DD7FC-StateMachineUpdater: Took a snapshot at index 14
2019-09-18 13:19:22,791 [refreshUsed-/workdir/hadoop-ozone/integration-test/target/test-dir/MiniOzoneClusterImpl-62b0528d-f78b-4475-bf9a-37d6dcf32bc1/datanode-6/data/containers] WARN  fs.CachingGetSpaceUsed (CachingGetSpaceUsed.java:run(183)) - Thread Interrupted waiting to refresh disk information: sleep interrupted
2019-09-18 13:19:22,791 [7b7c28b3-8e58-4b89-8f32-c81a2c7aabdf@group-1B011D0DD7FC-StateMachineUpdater] INFO  impl.StateMachineUpdater (StateMachineUpdater.java:lambda$new$0(83)) - 7b7c28b3-8e58-4b89-8f32-c81a2c7aabdf@group-1B011D0DD7FC-StateMachineUpdater: snapshotIndex: updateIncreasingly -1 -> 14
2019-09-18 13:19:22,791 [7b7c28b3-8e58-4b89-8f32-c81a2c7aabdf@group-1B011D0DD7FC-StateMachineUpdater] INFO  ratis.ContainerStateMachine (ContainerStateMachine.java:takeSnapshot(289)) - group-1B011D0DD7FC: Taking a snapshot at:(t:1, i:14) file /workdir/hadoop-ozone/integration-test/target/test-dir/MiniOzoneClusterImpl-62b0528d-f78b-4475-bf9a-37d6dcf32bc1/datanode-5/data/ratis/022740f1-b230-465a-8fed-1b011d0dd7fc/sm/snapshot.1_14
2019-09-18 13:19:22,804 [7b7c28b3-8e58-4b89-8f32-c81a2c7aabdf@group-1B011D0DD7FC-StateMachineUpdater] INFO  ratis.ContainerStateMachine (ContainerStateMachine.java:takeSnapshot(300)) - group-1B011D0DD7FC: Finished taking a snapshot at:(t:1, i:14) file:/workdir/hadoop-ozone/integration-test/target/test-dir/MiniOzoneClusterImpl-62b0528d-f78b-4475-bf9a-37d6dcf32bc1/datanode-5/data/ratis/022740f1-b230-465a-8fed-1b011d0dd7fc/sm/snapshot.1_14 time:13
2019-09-18 13:19:22,805 [7b7c28b3-8e58-4b89-8f32-c81a2c7aabdf@group-1B011D0DD7FC-StateMachineUpdater] INFO  impl.StateMachineUpdater (StateMachineUpdater.java:takeSnapshot(258)) - 7b7c28b3-8e58-4b89-8f32-c81a2c7aabdf@group-1B011D0DD7FC-StateMachineUpdater: Took a snapshot at index 14
2019-09-18 13:19:22,805 [7b7c28b3-8e58-4b89-8f32-c81a2c7aabdf@group-1B011D0DD7FC-StateMachineUpdater] INFO  impl.StateMachineUpdater (StateMachineUpdater.java:lambda$new$0(83)) - 7b7c28b3-8e58-4b89-8f32-c81a2c7aabdf@group-1B011D0DD7FC-StateMachineUpdater: snapshotIndex: updateIncreasingly 14 -> 14
2019-09-18 13:19:22,805 [ForkJoinPool.commonPool-worker-1] INFO  impl.RaftServerImpl (ServerState.java:close(385)) - 7b7c28b3-8e58-4b89-8f32-c81a2c7aabdf@group-1B011D0DD7FC: closes. applyIndex: 18
2019-09-18 13:19:22,805 [7b7c28b3-8e58-4b89-8f32-c81a2c7aabdf@group-1B011D0DD7FC-SegmentedRaftLogWorker] INFO  segmented.SegmentedRaftLogWorker (SegmentedRaftLogWorker.java:run(313)) - 7b7c28b3-8e58-4b89-8f32-c81a2c7aabdf@group-1B011D0DD7FC-SegmentedRaftLogWorker was interrupted, exiting. There are 0 tasks remaining in the queue.
2019-09-18 13:19:22,807 [ForkJoinPool.commonPool-worker-1] INFO  segmented.SegmentedRaftLogWorker (SegmentedRaftLogWorker.java:close(228)) - 7b7c28b3-8e58-4b89-8f32-c81a2c7aabdf@group-1B011D0DD7FC-SegmentedRaftLogWorker close()
2019-09-18 13:19:22,814 [ForkJoinPool.commonPool-worker-1] INFO  impl.RaftServerImpl (RaftServerImpl.java:lambda$shutdown$3(251)) - 7b7c28b3-8e58-4b89-8f32-c81a2c7aabdf@group-11F2796033C8: shutdown
2019-09-18 13:19:22,814 [ForkJoinPool.commonPool-worker-1] INFO  util.JmxRegister (JmxRegister.java:unregister(73)) - Successfully un-registered JMX Bean with object name Ratis:service=RaftServer,group=group-11F2796033C8,id=7b7c28b3-8e58-4b89-8f32-c81a2c7aabdf
2019-09-18 13:19:22,814 [ForkJoinPool.commonPool-worker-1] INFO  impl.RoleInfo (RoleInfo.java:shutdownLeaderState(104)) - 7b7c28b3-8e58-4b89-8f32-c81a2c7aabdf: shutdown LeaderState
2019-09-18 13:19:22,814 [main] INFO  utils.BackgroundService (BackgroundService.java:shutdown(148)) - Shutting down service BlockDeletingService
2019-09-18 13:19:22,815 [ForkJoinPool.commonPool-worker-1] INFO  impl.PendingRequests (PendingRequests.java:sendNotLeaderResponses(202)) - 7b7c28b3-8e58-4b89-8f32-c81a2c7aabdf-PendingRequests: sendNotLeaderResponses
2019-09-18 13:19:22,818 [ForkJoinPool.commonPool-worker-1] INFO  impl.StateMachineUpdater (StateMachineUpdater.java:stopAndJoin(125)) - 7b7c28b3-8e58-4b89-8f32-c81a2c7aabdf@group-11F2796033C8-StateMachineUpdater: set stopIndex = 0
2019-09-18 13:19:22,819 [main] INFO  statemachine.DatanodeStateMachine (DatanodeStateMachine.java:stopDaemon(395)) - Ozone container server stopped.
2019-09-18 13:19:22,819 [ForkJoinPool.commonPool-worker-1] INFO  impl.RaftServerImpl (ServerState.java:close(385)) - 7b7c28b3-8e58-4b89-8f32-c81a2c7aabdf@group-11F2796033C8: closes. applyIndex: 0
2019-09-18 13:19:22,820 [7b7c28b3-8e58-4b89-8f32-c81a2c7aabdf@group-11F2796033C8-SegmentedRaftLogWorker] INFO  segmented.SegmentedRaftLogWorker (SegmentedRaftLogWorker.java:run(313)) - 7b7c28b3-8e58-4b89-8f32-c81a2c7aabdf@group-11F2796033C8-SegmentedRaftLogWorker was interrupted, exiting. There are 0 tasks remaining in the queue.
2019-09-18 13:19:22,820 [ForkJoinPool.commonPool-worker-1] INFO  segmented.SegmentedRaftLogWorker (SegmentedRaftLogWorker.java:close(228)) - 7b7c28b3-8e58-4b89-8f32-c81a2c7aabdf@group-11F2796033C8-SegmentedRaftLogWorker close()
2019-09-18 13:19:22,822 [ForkJoinPool.commonPool-worker-1] INFO  server.GrpcService (GrpcService.java:closeImpl(164)) - 7b7c28b3-8e58-4b89-8f32-c81a2c7aabdf: shutdown server with port 36959 now
2019-09-18 13:19:22,822 [ForkJoinPool.commonPool-worker-1] INFO  server.GrpcService (GrpcService.java:closeImpl(172)) - 7b7c28b3-8e58-4b89-8f32-c81a2c7aabdf: shutdown server with port 36959 successfully
2019-09-18 13:19:22,824 [refreshUsed-/workdir/hadoop-ozone/integration-test/target/test-dir/MiniOzoneClusterImpl-62b0528d-f78b-4475-bf9a-37d6dcf32bc1/datanode-5/data/containers] WARN  fs.CachingGetSpaceUsed (CachingGetSpaceUsed.java:run(183)) - Thread Interrupted waiting to refresh disk information: sleep interrupted
2019-09-18 13:19:22,834 [main] INFO  handler.ContextHandler (ContextHandler.java:doStop(910)) - Stopped o.e.j.w.WebAppContext@35f7969d{/,null,UNAVAILABLE}{/hddsDatanode}
2019-09-18 13:19:22,836 [main] INFO  server.AbstractConnector (AbstractConnector.java:doStop(318)) - Stopped ServerConnector@3404e5c4{HTTP/1.1,[http/1.1]}{0.0.0.0:0}
2019-09-18 13:19:22,836 [main] INFO  handler.ContextHandler (ContextHandler.java:doStop(910)) - Stopped o.e.j.s.ServletContextHandler@700b9e6b{/static,jar:file:/home/user/.m2/repository/org/apache/hadoop/hadoop-hdds-container-service/0.5.0-SNAPSHOT/hadoop-hdds-container-service-0.5.0-SNAPSHOT.jar!/webapps/static,UNAVAILABLE}
2019-09-18 13:19:22,837 [main] INFO  handler.ContextHandler (ContextHandler.java:doStop(910)) - Stopped o.e.j.s.ServletContextHandler@53982523{/logs,file:///workdir/hadoop-ozone/integration-test/target/log,UNAVAILABLE}
2019-09-18 13:19:22,841 [ForkJoinPool.commonPool-worker-1] INFO  utils.BackgroundService (BackgroundService.java:shutdown(148)) - Shutting down service BlockDeletingService
2019-09-18 13:19:22,846 [ForkJoinPool.commonPool-worker-1] INFO  statemachine.DatanodeStateMachine (DatanodeStateMachine.java:stopDaemon(395)) - Ozone container server stopped.
2019-09-18 13:19:22,849 [ForkJoinPool.commonPool-worker-1] INFO  handler.ContextHandler (ContextHandler.java:doStop(910)) - Stopped o.e.j.w.WebAppContext@73e1ecd0{/,null,UNAVAILABLE}{/hddsDatanode}
2019-09-18 13:19:22,850 [ForkJoinPool.commonPool-worker-1] INFO  server.AbstractConnector (AbstractConnector.java:doStop(318)) - Stopped ServerConnector@11eec06b{HTTP/1.1,[http/1.1]}{0.0.0.0:0}
2019-09-18 13:19:22,853 [ForkJoinPool.commonPool-worker-1] INFO  handler.ContextHandler (ContextHandler.java:doStop(910)) - Stopped o.e.j.s.ServletContextHandler@4b3a01d8{/static,jar:file:/home/user/.m2/repository/org/apache/hadoop/hadoop-hdds-container-service/0.5.0-SNAPSHOT/hadoop-hdds-container-service-0.5.0-SNAPSHOT.jar!/webapps/static,UNAVAILABLE}
2019-09-18 13:19:22,854 [ForkJoinPool.commonPool-worker-1] INFO  handler.ContextHandler (ContextHandler.java:doStop(910)) - Stopped o.e.j.s.ServletContextHandler@2d237460{/logs,file:///workdir/hadoop-ozone/integration-test/target/log,UNAVAILABLE}
2019-09-18 13:19:22,855 [main] INFO  ozone.MiniOzoneClusterImpl (MiniOzoneClusterImpl.java:stop(344)) - Stopping the StorageContainerManager
2019-09-18 13:19:22,855 [main] INFO  server.StorageContainerManager (StorageContainerManager.java:stop(801)) - Stopping Replication Manager Service.
2019-09-18 13:19:22,855 [main] INFO  container.ReplicationManager (ReplicationManager.java:stop(203)) - Stopping Replication Monitor Thread.
2019-09-18 13:19:22,855 [main] INFO  server.StorageContainerManager (StorageContainerManager.java:stop(808)) - Stopping Lease Manager of the command watchers
2019-09-18 13:19:22,855 [main] INFO  server.StorageContainerManager (StorageContainerManager.java:stop(815)) - Stopping datanode service RPC server
2019-09-18 13:19:22,856 [main] INFO  server.SCMDatanodeProtocolServer (SCMDatanodeProtocolServer.java:stop(367)) - Stopping the RPC server for DataNodes
2019-09-18 13:19:22,856 [main] INFO  ipc.Server (Server.java:stop(3082)) - Stopping server on 44000
2019-09-18 13:19:22,858 [IPC Server listener on 44000] INFO  ipc.Server (Server.java:run(1185)) - Stopping IPC Server listener on 44000
2019-09-18 13:19:22,859 [IPC Server Responder] INFO  ipc.Server (Server.java:run(1319)) - Stopping IPC Server Responder
2019-09-18 13:19:22,896 [SCM Heartbeat Processing Thread - 0] WARN  node.NodeStateManager (NodeStateManager.java:scheduleNextHealthCheck(646)) - Current Thread is interrupted, shutting down HB processing thread for Node Manager.
2019-09-18 13:19:22,897 [main] INFO  server.StorageContainerManager (StorageContainerManager.java:stop(823)) - Stopping block service RPC server
2019-09-18 13:19:22,897 [main] INFO  server.SCMBlockProtocolServer (SCMBlockProtocolServer.java:stop(155)) - Stopping the RPC server for Block Protocol
2019-09-18 13:19:22,897 [main] INFO  ipc.Server (Server.java:stop(3082)) - Stopping server on 39235
2019-09-18 13:19:22,900 [IPC Server listener on 39235] INFO  ipc.Server (Server.java:run(1185)) - Stopping IPC Server listener on 39235
2019-09-18 13:19:22,900 [main] INFO  server.StorageContainerManager (StorageContainerManager.java:stop(830)) - Stopping the StorageContainerLocationProtocol RPC server
2019-09-18 13:19:22,900 [IPC Server Responder] INFO  ipc.Server (Server.java:run(1319)) - Stopping IPC Server Responder
2019-09-18 13:19:22,902 [main] INFO  server.SCMClientProtocolServer (SCMClientProtocolServer.java:stop(159)) - Stopping the RPC server for Client Protocol
2019-09-18 13:19:22,902 [main] INFO  ipc.Server (Server.java:stop(3082)) - Stopping server on 35953
2019-09-18 13:19:22,905 [IPC Server listener on 35953] INFO  ipc.Server (Server.java:run(1185)) - Stopping IPC Server listener on 35953
2019-09-18 13:19:22,905 [IPC Server Responder] INFO  ipc.Server (Server.java:run(1319)) - Stopping IPC Server Responder
2019-09-18 13:19:22,905 [main] INFO  server.StorageContainerManager (StorageContainerManager.java:stop(837)) - Stopping Storage Container Manager HTTP server.
2019-09-18 13:19:22,908 [main] INFO  handler.ContextHandler (ContextHandler.java:doStop(910)) - Stopped o.e.j.w.WebAppContext@7da1e005{/,null,UNAVAILABLE}{/scm}
2019-09-18 13:19:22,908 [main] INFO  server.AbstractConnector (AbstractConnector.java:doStop(318)) - Stopped ServerConnector@38159384{HTTP/1.1,[http/1.1]}{0.0.0.0:0}
2019-09-18 13:19:22,909 [main] INFO  handler.ContextHandler (ContextHandler.java:doStop(910)) - Stopped o.e.j.s.ServletContextHandler@d2708a7{/static,file:///workdir/hadoop-ozone/integration-test/target/test-classes/webapps/static,UNAVAILABLE}
2019-09-18 13:19:22,909 [main] INFO  handler.ContextHandler (ContextHandler.java:doStop(910)) - Stopped o.e.j.s.ServletContextHandler@6222391a{/logs,file:///workdir/hadoop-ozone/integration-test/target/log,UNAVAILABLE}
2019-09-18 13:19:22,910 [main] INFO  server.StorageContainerManager (StorageContainerManager.java:stop(848)) - Stopping Block Manager Service.
2019-09-18 13:19:22,910 [main] INFO  utils.BackgroundService (BackgroundService.java:shutdown(148)) - Shutting down service SCMBlockDeletingService
2019-09-18 13:19:22,911 [main] INFO  utils.BackgroundService (BackgroundService.java:shutdown(148)) - Shutting down service SCMBlockDeletingService
2019-09-18 13:19:22,911 [main] INFO  server.StorageContainerManager (StorageContainerManager.java:stop(870)) - Stopping SCM Event Queue.
2019-09-18 13:19:22,917 [main] INFO  impl.MetricsSystemImpl (MetricsSystemImpl.java:stop(210)) - Stopping HddsDatanode metrics system...
2019-09-18 13:19:22,947 [main] INFO  impl.MetricsSystemImpl (MetricsSystemImpl.java:stop(216)) - HddsDatanode metrics system stopped.
]]></system-out>
    <system-err><![CDATA[Sep 18, 2019 1:19:12 PM org.apache.ratis.thirdparty.io.grpc.internal.SerializingExecutor run
SEVERE: Exception while executing runnable org.apache.ratis.thirdparty.io.grpc.internal.ServerImpl$JumpToApplicationThreadServerStreamListener$1Closed@2899236a
org.apache.ratis.thirdparty.io.grpc.StatusRuntimeException: CANCELLED: call already cancelled
	at org.apache.ratis.thirdparty.io.grpc.Status.asRuntimeException(Status.java:517)
	at org.apache.ratis.thirdparty.io.grpc.stub.ServerCalls$ServerCallStreamObserverImpl.onCompleted(ServerCalls.java:356)
	at org.apache.ratis.grpc.server.GrpcServerProtocolService$ServerRequestStreamObserver.onError(GrpcServerProtocolService.java:121)
	at org.apache.ratis.thirdparty.io.grpc.stub.ServerCalls$StreamingServerCallHandler$StreamingServerCallListener.onCancel(ServerCalls.java:269)
	at org.apache.ratis.thirdparty.io.grpc.internal.ServerCallImpl$ServerStreamListenerImpl.closed(ServerCallImpl.java:293)
	at org.apache.ratis.thirdparty.io.grpc.internal.ServerImpl$JumpToApplicationThreadServerStreamListener$1Closed.runInContext(ServerImpl.java:741)
	at org.apache.ratis.thirdparty.io.grpc.internal.ContextRunnable.run(ContextRunnable.java:37)
	at org.apache.ratis.thirdparty.io.grpc.internal.SerializingExecutor.run(SerializingExecutor.java:123)
	at java.util.concurrent.ThreadPoolExecutor.runWorker(ThreadPoolExecutor.java:1149)
	at java.util.concurrent.ThreadPoolExecutor$Worker.run(ThreadPoolExecutor.java:624)
	at java.lang.Thread.run(Thread.java:748)

]]></system-err>
  </testcase>
  <testcase name="testFailureWithPrimeSizedData" classname="org.apache.hadoop.ozone.client.rpc.TestBlockOutputStreamWithFailures" time="34.67"/>
  <testcase name="testWatchForCommitWithCloseContainerException" classname="org.apache.hadoop.ozone.client.rpc.TestBlockOutputStreamWithFailures" time="36.388"/>
  <testcase name="testExceptionDuringClose" classname="org.apache.hadoop.ozone.client.rpc.TestBlockOutputStreamWithFailures" time="36.191"/>
</testsuite>