<?xml version="1.0" encoding="UTF-8"?>
<testsuite xmlns:xsi="http://www.w3.org/2001/XMLSchema-instance" xsi:noNamespaceSchemaLocation="https://maven.apache.org/surefire/maven-surefire-plugin/xsd/surefire-test-report.xsd" name="org.apache.hadoop.ozone.client.rpc.TestWatchForCommit" time="331.708" tests="5" errors="2" skipped="0" failures="1">
  <properties>
    <property name="awt.toolkit" value="sun.awt.X11.XToolkit"/>
    <property name="file.encoding.pkg" value="sun.io"/>
    <property name="java.specification.version" value="1.8"/>
    <property name="sun.cpu.isalist" value=""/>
    <property name="sun.jnu.encoding" value="UTF-8"/>
    <property name="java.class.path" value="/workdir/hadoop-ozone/integration-test/target/test-classes:/workdir/hadoop-ozone/integration-test/target/classes:/home/user/.m2/repository/org/apache/hadoop/hadoop-ozone-common/0.5.0-SNAPSHOT/hadoop-ozone-common-0.5.0-SNAPSHOT.jar:/home/user/.m2/repository/org/apache/commons/commons-compress/1.4.1/commons-compress-1.4.1.jar:/home/user/.m2/repository/org/tukaani/xz/1.0/xz-1.0.jar:/home/user/.m2/repository/org/apache/hadoop/hadoop-common/3.2.0/hadoop-common-3.2.0.jar:/home/user/.m2/repository/org/apache/hadoop/hadoop-hdfs/3.2.0/hadoop-hdfs-3.2.0.jar:/home/user/.m2/repository/org/apache/hadoop/hadoop-hdfs-client/3.2.0/hadoop-hdfs-client-3.2.0.jar:/home/user/.m2/repository/com/fasterxml/jackson/core/jackson-annotations/2.9.9/jackson-annotations-2.9.9.jar:/home/user/.m2/repository/org/apache/hadoop/hadoop-hdds-common/0.5.0-SNAPSHOT/hadoop-hdds-common-0.5.0-SNAPSHOT.jar:/home/user/.m2/repository/javax/annotation/javax.annotation-api/1.2/javax.annotation-api-1.2.jar:/home/user/.m2/repository/org/apache/ratis/ratis-server/0.4.0-78e95b9-SNAPSHOT/ratis-server-0.4.0-78e95b9-SNAPSHOT.jar:/home/user/.m2/repository/org/apache/ratis/ratis-thirdparty-misc/0.2.0/ratis-thirdparty-misc-0.2.0.jar:/home/user/.m2/repository/org/apache/ratis/ratis-proto/0.4.0-78e95b9-SNAPSHOT/ratis-proto-0.4.0-78e95b9-SNAPSHOT.jar:/home/user/.m2/repository/org/apache/ratis/ratis-common/0.4.0-78e95b9-SNAPSHOT/ratis-common-0.4.0-78e95b9-SNAPSHOT.jar:/home/user/.m2/repository/org/apache/ratis/ratis-client/0.4.0-78e95b9-SNAPSHOT/ratis-client-0.4.0-78e95b9-SNAPSHOT.jar:/home/user/.m2/repository/org/apache/ratis/ratis-metrics/0.4.0-78e95b9-SNAPSHOT/ratis-metrics-0.4.0-78e95b9-SNAPSHOT.jar:/home/user/.m2/repository/com/github/joshelser/dropwizard-metrics-hadoop-metrics2-reporter/0.1.2/dropwizard-metrics-hadoop-metrics2-reporter-0.1.2.jar:/home/user/.m2/repository/io/dropwizard/metrics/metrics-jvm/3.2.5/metrics-jvm-3.2.5.jar:/home/user/.m2/repository/io/dropwizard/metrics/metrics-ganglia/3.2.5/metrics-ganglia-3.2.5.jar:/home/user/.m2/repository/info/ganglia/gmetric4j/gmetric4j/1.0.7/gmetric4j-1.0.7.jar:/home/user/.m2/repository/org/apache/ratis/ratis-netty/0.4.0-78e95b9-SNAPSHOT/ratis-netty-0.4.0-78e95b9-SNAPSHOT.jar:/home/user/.m2/repository/org/apache/ratis/ratis-grpc/0.4.0-78e95b9-SNAPSHOT/ratis-grpc-0.4.0-78e95b9-SNAPSHOT.jar:/home/user/.m2/repository/org/rocksdb/rocksdbjni/6.0.1/rocksdbjni-6.0.1.jar:/home/user/.m2/repository/org/apache/logging/log4j/log4j-api/2.11.0/log4j-api-2.11.0.jar:/home/user/.m2/repository/org/apache/logging/log4j/log4j-core/2.11.0/log4j-core-2.11.0.jar:/home/user/.m2/repository/com/lmax/disruptor/3.4.2/disruptor-3.4.2.jar:/home/user/.m2/repository/org/apache/commons/commons-pool2/2.6.0/commons-pool2-2.6.0.jar:/home/user/.m2/repository/org/bouncycastle/bcpkix-jdk15on/1.60/bcpkix-jdk15on-1.60.jar:/home/user/.m2/repository/commons-validator/commons-validator/1.6/commons-validator-1.6.jar:/home/user/.m2/repository/commons-digester/commons-digester/1.8.1/commons-digester-1.8.1.jar:/home/user/.m2/repository/io/jaegertracing/jaeger-client/0.33.1/jaeger-client-0.33.1.jar:/home/user/.m2/repository/io/jaegertracing/jaeger-thrift/0.33.1/jaeger-thrift-0.33.1.jar:/home/user/.m2/repository/org/apache/thrift/libthrift/0.11.0/libthrift-0.11.0.jar:/home/user/.m2/repository/com/squareup/okhttp3/okhttp/3.9.0/okhttp-3.9.0.jar:/home/user/.m2/repository/com/squareup/okio/okio/1.13.0/okio-1.13.0.jar:/home/user/.m2/repository/io/jaegertracing/jaeger-core/0.33.1/jaeger-core-0.33.1.jar:/home/user/.m2/repository/io/jaegertracing/jaeger-tracerresolver/0.33.1/jaeger-tracerresolver-0.33.1.jar:/home/user/.m2/repository/io/opentracing/contrib/opentracing-tracerresolver/0.1.5/opentracing-tracerresolver-0.1.5.jar:/home/user/.m2/repository/io/opentracing/opentracing-util/0.31.0/opentracing-util-0.31.0.jar:/home/user/.m2/repository/io/opentracing/opentracing-api/0.31.0/opentracing-api-0.31.0.jar:/home/user/.m2/repository/io/opentracing/opentracing-noop/0.31.0/opentracing-noop-0.31.0.jar:/home/user/.m2/repository/org/apache/hadoop/hadoop-hdds-server-framework/0.5.0-SNAPSHOT/hadoop-hdds-server-framework-0.5.0-SNAPSHOT.jar:/home/user/.m2/repository/org/apache/hadoop/hadoop-hdds-container-service/0.5.0-SNAPSHOT/hadoop-hdds-container-service-0.5.0-SNAPSHOT.jar:/home/user/.m2/repository/org/apache/hadoop/hadoop-hdds-client/0.5.0-SNAPSHOT/hadoop-hdds-client-0.5.0-SNAPSHOT.jar:/home/user/.m2/repository/org/apache/hadoop/hadoop-hdds-tools/0.5.0-SNAPSHOT/hadoop-hdds-tools-0.5.0-SNAPSHOT.jar:/home/user/.m2/repository/org/apache/hadoop/hadoop-hdds-server-scm/0.5.0-SNAPSHOT/hadoop-hdds-server-scm-0.5.0-SNAPSHOT.jar:/home/user/.m2/repository/org/apache/hadoop/hadoop-hdds-docs/0.5.0-SNAPSHOT/hadoop-hdds-docs-0.5.0-SNAPSHOT.jar:/home/user/.m2/repository/io/dropwizard/metrics/metrics-core/3.2.4/metrics-core-3.2.4.jar:/home/user/.m2/repository/org/hamcrest/hamcrest-all/1.3/hamcrest-all-1.3.jar:/home/user/.m2/repository/org/bouncycastle/bcprov-jdk15on/1.60/bcprov-jdk15on-1.60.jar:/home/user/.m2/repository/info/picocli/picocli/3.9.6/picocli-3.9.6.jar:/home/user/.m2/repository/com/google/protobuf/protobuf-java/2.5.0/protobuf-java-2.5.0.jar:/home/user/.m2/repository/com/google/guava/guava/11.0.2/guava-11.0.2.jar:/home/user/.m2/repository/org/apache/hadoop/hadoop-ozone-ozone-manager/0.5.0-SNAPSHOT/hadoop-ozone-ozone-manager-0.5.0-SNAPSHOT.jar:/home/user/.m2/repository/org/apache/hadoop/hadoop-minikdc/3.2.0/hadoop-minikdc-3.2.0.jar:/home/user/.m2/repository/commons-io/commons-io/2.5/commons-io-2.5.jar:/home/user/.m2/repository/org/apache/kerby/kerb-simplekdc/1.0.1/kerb-simplekdc-1.0.1.jar:/home/user/.m2/repository/org/apache/kerby/kerb-client/1.0.1/kerb-client-1.0.1.jar:/home/user/.m2/repository/org/apache/kerby/kerby-config/1.0.1/kerby-config-1.0.1.jar:/home/user/.m2/repository/org/apache/kerby/kerb-core/1.0.1/kerb-core-1.0.1.jar:/home/user/.m2/repository/org/apache/kerby/kerby-pkix/1.0.1/kerby-pkix-1.0.1.jar:/home/user/.m2/repository/org/apache/kerby/kerby-asn1/1.0.1/kerby-asn1-1.0.1.jar:/home/user/.m2/repository/org/apache/kerby/kerby-util/1.0.1/kerby-util-1.0.1.jar:/home/user/.m2/repository/org/apache/kerby/kerb-common/1.0.1/kerb-common-1.0.1.jar:/home/user/.m2/repository/org/apache/kerby/kerb-crypto/1.0.1/kerb-crypto-1.0.1.jar:/home/user/.m2/repository/org/apache/kerby/kerb-util/1.0.1/kerb-util-1.0.1.jar:/home/user/.m2/repository/org/apache/kerby/token-provider/1.0.1/token-provider-1.0.1.jar:/home/user/.m2/repository/org/apache/kerby/kerb-admin/1.0.1/kerb-admin-1.0.1.jar:/home/user/.m2/repository/org/apache/kerby/kerb-server/1.0.1/kerb-server-1.0.1.jar:/home/user/.m2/repository/org/apache/kerby/kerb-identity/1.0.1/kerb-identity-1.0.1.jar:/home/user/.m2/repository/org/apache/kerby/kerby-xdr/1.0.1/kerby-xdr-1.0.1.jar:/home/user/.m2/repository/org/slf4j/slf4j-log4j12/1.7.25/slf4j-log4j12-1.7.25.jar:/home/user/.m2/repository/org/apache/hadoop/hadoop-ozone-s3gateway/0.5.0-SNAPSHOT/hadoop-ozone-s3gateway-0.5.0-SNAPSHOT.jar:/home/user/.m2/repository/org/jboss/weld/servlet/weld-servlet/2.4.7.Final/weld-servlet-2.4.7.Final.jar:/home/user/.m2/repository/org/glassfish/jersey/containers/jersey-container-servlet-core/2.27/jersey-container-servlet-core-2.27.jar:/home/user/.m2/repository/org/glassfish/hk2/external/javax.inject/2.5.0-b42/javax.inject-2.5.0-b42.jar:/home/user/.m2/repository/org/glassfish/jersey/core/jersey-common/2.27/jersey-common-2.27.jar:/home/user/.m2/repository/org/glassfish/hk2/osgi-resource-locator/1.0.1/osgi-resource-locator-1.0.1.jar:/home/user/.m2/repository/javax/ws/rs/javax.ws.rs-api/2.1/javax.ws.rs-api-2.1.jar:/home/user/.m2/repository/org/glassfish/jersey/ext/cdi/jersey-cdi1x/2.27/jersey-cdi1x-2.27.jar:/home/user/.m2/repository/org/glassfish/jersey/inject/jersey-hk2/2.27/jersey-hk2-2.27.jar:/home/user/.m2/repository/org/glassfish/hk2/hk2-locator/2.5.0-b42/hk2-locator-2.5.0-b42.jar:/home/user/.m2/repository/org/javassist/javassist/3.22.0-CR2/javassist-3.22.0-CR2.jar:/home/user/.m2/repository/org/glassfish/hk2/hk2-api/2.5.0/hk2-api-2.5.0.jar:/home/user/.m2/repository/org/glassfish/hk2/external/jakarta.inject/2.5.0/jakarta.inject-2.5.0.jar:/home/user/.m2/repository/org/glassfish/hk2/hk2-utils/2.5.0/hk2-utils-2.5.0.jar:/home/user/.m2/repository/jakarta/annotation/jakarta.annotation-api/1.3.4/jakarta.annotation-api-1.3.4.jar:/home/user/.m2/repository/org/glassfish/hk2/external/aopalliance-repackaged/2.5.0/aopalliance-repackaged-2.5.0.jar:/home/user/.m2/repository/com/fasterxml/jackson/dataformat/jackson-dataformat-xml/2.9.0/jackson-dataformat-xml-2.9.0.jar:/home/user/.m2/repository/com/fasterxml/jackson/core/jackson-core/2.9.9/jackson-core-2.9.9.jar:/home/user/.m2/repository/com/fasterxml/jackson/module/jackson-module-jaxb-annotations/2.9.9/jackson-module-jaxb-annotations-2.9.9.jar:/home/user/.m2/repository/javax/enterprise/cdi-api/1.2/cdi-api-1.2.jar:/home/user/.m2/repository/javax/el/javax.el-api/3.0.0/javax.el-api-3.0.0.jar:/home/user/.m2/repository/javax/interceptor/javax.interceptor-api/1.2/javax.interceptor-api-1.2.jar:/home/user/.m2/repository/javax/inject/javax.inject/1/javax.inject-1.jar:/home/user/.m2/repository/com/sun/xml/bind/jaxb-impl/2.3.0.1/jaxb-impl-2.3.0.1.jar:/home/user/.m2/repository/com/sun/xml/bind/jaxb-core/2.3.0.1/jaxb-core-2.3.0.1.jar:/home/user/.m2/repository/javax/xml/bind/jaxb-api/2.3.0/jaxb-api-2.3.0.jar:/home/user/.m2/repository/javax/activation/activation/1.1.1/activation-1.1.1.jar:/home/user/.m2/repository/org/apache/hadoop/hadoop-ozone-csi/0.5.0-SNAPSHOT/hadoop-ozone-csi-0.5.0-SNAPSHOT.jar:/home/user/.m2/repository/com/google/protobuf/protobuf-java-util/3.5.1/protobuf-java-util-3.5.1.jar:/home/user/.m2/repository/org/apache/hadoop/hadoop-hdds-config/0.5.0-SNAPSHOT/hadoop-hdds-config-0.5.0-SNAPSHOT.jar:/home/user/.m2/repository/io/grpc/grpc-netty/1.17.1/grpc-netty-1.17.1.jar:/home/user/.m2/repository/io/grpc/grpc-core/1.17.1/grpc-core-1.17.1.jar:/home/user/.m2/repository/io/grpc/grpc-context/1.17.1/grpc-context-1.17.1.jar:/home/user/.m2/repository/com/google/errorprone/error_prone_annotations/2.2.0/error_prone_annotations-2.2.0.jar:/home/user/.m2/repository/org/codehaus/mojo/animal-sniffer-annotations/1.17/animal-sniffer-annotations-1.17.jar:/home/user/.m2/repository/io/opencensus/opencensus-api/0.17.0/opencensus-api-0.17.0.jar:/home/user/.m2/repository/io/opencensus/opencensus-contrib-grpc-metrics/0.17.0/opencensus-contrib-grpc-metrics-0.17.0.jar:/home/user/.m2/repository/io/netty/netty-codec-http2/4.1.30.Final/netty-codec-http2-4.1.30.Final.jar:/home/user/.m2/repository/io/netty/netty-codec-http/4.1.30.Final/netty-codec-http-4.1.30.Final.jar:/home/user/.m2/repository/io/netty/netty-codec/4.1.30.Final/netty-codec-4.1.30.Final.jar:/home/user/.m2/repository/io/netty/netty-handler/4.1.30.Final/netty-handler-4.1.30.Final.jar:/home/user/.m2/repository/io/netty/netty-handler-proxy/4.1.30.Final/netty-handler-proxy-4.1.30.Final.jar:/home/user/.m2/repository/io/netty/netty-codec-socks/4.1.30.Final/netty-codec-socks-4.1.30.Final.jar:/home/user/.m2/repository/io/netty/netty-transport-native-epoll/4.1.30.Final/netty-transport-native-epoll-4.1.30.Final.jar:/home/user/.m2/repository/io/netty/netty-common/4.1.30.Final/netty-common-4.1.30.Final.jar:/home/user/.m2/repository/io/netty/netty-buffer/4.1.30.Final/netty-buffer-4.1.30.Final.jar:/home/user/.m2/repository/io/netty/netty-transport/4.1.30.Final/netty-transport-4.1.30.Final.jar:/home/user/.m2/repository/io/netty/netty-resolver/4.1.30.Final/netty-resolver-4.1.30.Final.jar:/home/user/.m2/repository/io/netty/netty-transport-native-unix-common/4.1.30.Final/netty-transport-native-unix-common-4.1.30.Final.jar:/home/user/.m2/repository/io/grpc/grpc-protobuf/1.17.1/grpc-protobuf-1.17.1.jar:/home/user/.m2/repository/com/google/api/grpc/proto-google-common-protos/1.0.0/proto-google-common-protos-1.0.0.jar:/home/user/.m2/repository/io/grpc/grpc-protobuf-lite/1.17.1/grpc-protobuf-lite-1.17.1.jar:/home/user/.m2/repository/io/grpc/grpc-stub/1.17.1/grpc-stub-1.17.1.jar:/home/user/.m2/repository/org/apache/hadoop/hadoop-ozone-recon/0.5.0-SNAPSHOT/hadoop-ozone-recon-0.5.0-SNAPSHOT.jar:/home/user/.m2/repository/org/apache/hadoop/hadoop-ozone-reconcodegen/0.5.0-SNAPSHOT/hadoop-ozone-reconcodegen-0.5.0-SNAPSHOT.jar:/home/user/.m2/repository/com/google/inject/extensions/guice-multibindings/4.0/guice-multibindings-4.0.jar:/home/user/.m2/repository/com/google/inject/guice/4.0/guice-4.0.jar:/home/user/.m2/repository/aopalliance/aopalliance/1.0/aopalliance-1.0.jar:/home/user/.m2/repository/com/google/inject/extensions/guice-servlet/4.0/guice-servlet-4.0.jar:/home/user/.m2/repository/org/glassfish/jersey/containers/jersey-container-servlet/2.27/jersey-container-servlet-2.27.jar:/home/user/.m2/repository/org/glassfish/hk2/guice-bridge/2.5.0/guice-bridge-2.5.0.jar:/home/user/.m2/repository/org/glassfish/jersey/core/jersey-server/2.27/jersey-server-2.27.jar:/home/user/.m2/repository/org/glassfish/jersey/core/jersey-client/2.27/jersey-client-2.27.jar:/home/user/.m2/repository/org/glassfish/jersey/media/jersey-media-jaxb/2.27/jersey-media-jaxb-2.27.jar:/home/user/.m2/repository/javax/validation/validation-api/1.1.0.Final/validation-api-1.1.0.Final.jar:/home/user/.m2/repository/org/glassfish/jersey/media/jersey-media-json-jackson/2.27/jersey-media-json-jackson-2.27.jar:/home/user/.m2/repository/org/glassfish/jersey/ext/jersey-entity-filtering/2.27/jersey-entity-filtering-2.27.jar:/home/user/.m2/repository/com/google/inject/extensions/guice-assistedinject/4.0/guice-assistedinject-4.0.jar:/home/user/.m2/repository/org/jooq/jooq/3.11.10/jooq-3.11.10.jar:/home/user/.m2/repository/org/jooq/jooq-meta/3.11.10/jooq-meta-3.11.10.jar:/home/user/.m2/repository/org/jooq/jooq-codegen/3.11.10/jooq-codegen-3.11.10.jar:/home/user/.m2/repository/com/jolbox/bonecp/0.8.0.RELEASE/bonecp-0.8.0.RELEASE.jar:/home/user/.m2/repository/org/xerial/sqlite-jdbc/3.25.2/sqlite-jdbc-3.25.2.jar:/home/user/.m2/repository/org/springframework/spring-jdbc/5.1.3.RELEASE/spring-jdbc-5.1.3.RELEASE.jar:/home/user/.m2/repository/org/springframework/spring-beans/5.1.3.RELEASE/spring-beans-5.1.3.RELEASE.jar:/home/user/.m2/repository/org/springframework/spring-core/5.1.3.RELEASE/spring-core-5.1.3.RELEASE.jar:/home/user/.m2/repository/org/springframework/spring-jcl/5.1.3.RELEASE/spring-jcl-5.1.3.RELEASE.jar:/home/user/.m2/repository/org/springframework/spring-tx/5.1.3.RELEASE/spring-tx-5.1.3.RELEASE.jar:/home/user/.m2/repository/org/apache/hadoop/hadoop-ozone-client/0.5.0-SNAPSHOT/hadoop-ozone-client-0.5.0-SNAPSHOT.jar:/home/user/.m2/repository/commons-lang/commons-lang/2.6/commons-lang-2.6.jar:/home/user/.m2/repository/org/apache/hadoop/hadoop-ozone-ozone-manager/0.5.0-SNAPSHOT/hadoop-ozone-ozone-manager-0.5.0-SNAPSHOT-tests.jar:/home/user/.m2/repository/junit/junit/4.11/junit-4.11.jar:/home/user/.m2/repository/org/hamcrest/hamcrest-core/1.3/hamcrest-core-1.3.jar:/home/user/.m2/repository/org/openjdk/jmh/jmh-core/1.19/jmh-core-1.19.jar:/home/user/.m2/repository/net/sf/jopt-simple/jopt-simple/4.6/jopt-simple-4.6.jar:/home/user/.m2/repository/org/apache/commons/commons-math3/3.1.1/commons-math3-3.1.1.jar:/home/user/.m2/repository/org/openjdk/jmh/jmh-generator-annprocess/1.19/jmh-generator-annprocess-1.19.jar:/home/user/.m2/repository/org/mockito/mockito-all/1.8.5/mockito-all-1.8.5.jar:/home/user/.m2/repository/org/apache/hadoop/hadoop-kms/3.2.0/hadoop-kms-3.2.0.jar:/home/user/.m2/repository/org/apache/hadoop/hadoop-auth/3.2.0/hadoop-auth-3.2.0.jar:/home/user/.m2/repository/com/nimbusds/nimbus-jose-jwt/4.41.1/nimbus-jose-jwt-4.41.1.jar:/home/user/.m2/repository/com/github/stephenc/jcip/jcip-annotations/1.0-1/jcip-annotations-1.0-1.jar:/home/user/.m2/repository/net/minidev/json-smart/2.3/json-smart-2.3.jar:/home/user/.m2/repository/net/minidev/accessors-smart/1.2/accessors-smart-1.2.jar:/home/user/.m2/repository/org/ow2/asm/asm/5.0.4/asm-5.0.4.jar:/home/user/.m2/repository/org/apache/curator/curator-framework/2.12.0/curator-framework-2.12.0.jar:/home/user/.m2/repository/com/sun/jersey/jersey-core/1.19/jersey-core-1.19.jar:/home/user/.m2/repository/javax/ws/rs/jsr311-api/1.1.1/jsr311-api-1.1.1.jar:/home/user/.m2/repository/com/sun/jersey/jersey-server/1.19/jersey-server-1.19.jar:/home/user/.m2/repository/javax/servlet/javax.servlet-api/3.1.0/javax.servlet-api-3.1.0.jar:/home/user/.m2/repository/org/eclipse/jetty/jetty-server/9.3.24.v20180605/jetty-server-9.3.24.v20180605.jar:/home/user/.m2/repository/org/eclipse/jetty/jetty-http/9.3.24.v20180605/jetty-http-9.3.24.v20180605.jar:/home/user/.m2/repository/org/eclipse/jetty/jetty-io/9.3.24.v20180605/jetty-io-9.3.24.v20180605.jar:/home/user/.m2/repository/org/eclipse/jetty/jetty-webapp/9.3.24.v20180605/jetty-webapp-9.3.24.v20180605.jar:/home/user/.m2/repository/org/eclipse/jetty/jetty-xml/9.3.24.v20180605/jetty-xml-9.3.24.v20180605.jar:/home/user/.m2/repository/log4j/log4j/1.2.17/log4j-1.2.17.jar:/home/user/.m2/repository/org/slf4j/slf4j-api/1.7.25/slf4j-api-1.7.25.jar:/home/user/.m2/repository/org/slf4j/jul-to-slf4j/1.7.25/jul-to-slf4j-1.7.25.jar:/home/user/.m2/repository/org/eclipse/jetty/jetty-util/9.3.24.v20180605/jetty-util-9.3.24.v20180605.jar:/home/user/.m2/repository/com/fasterxml/jackson/core/jackson-databind/2.9.9/jackson-databind-2.9.9.jar:/home/user/.m2/repository/org/apache/hadoop/hadoop-kms/3.2.0/hadoop-kms-3.2.0-tests.jar:/home/user/.m2/repository/org/apache/hadoop/hadoop-hdds-server-scm/0.5.0-SNAPSHOT/hadoop-hdds-server-scm-0.5.0-SNAPSHOT-tests.jar:/home/user/.m2/repository/org/apache/hadoop/hadoop-hdds-container-service/0.5.0-SNAPSHOT/hadoop-hdds-container-service-0.5.0-SNAPSHOT-tests.jar:/home/user/.m2/repository/org/yaml/snakeyaml/1.16/snakeyaml-1.16.jar:/home/user/.m2/repository/org/apache/hadoop/hadoop-common/3.2.0/hadoop-common-3.2.0-tests.jar:/home/user/.m2/repository/org/apache/hadoop/hadoop-annotations/3.2.0/hadoop-annotations-3.2.0.jar:/usr/lib/jvm/java-1.8-openjdk/jre/../lib/tools.jar:/home/user/.m2/repository/commons-cli/commons-cli/1.2/commons-cli-1.2.jar:/home/user/.m2/repository/org/apache/httpcomponents/httpclient/4.5.2/httpclient-4.5.2.jar:/home/user/.m2/repository/org/apache/httpcomponents/httpcore/4.4.4/httpcore-4.4.4.jar:/home/user/.m2/repository/commons-codec/commons-codec/1.11/commons-codec-1.11.jar:/home/user/.m2/repository/commons-net/commons-net/3.6/commons-net-3.6.jar:/home/user/.m2/repository/commons-collections/commons-collections/3.2.2/commons-collections-3.2.2.jar:/home/user/.m2/repository/org/eclipse/jetty/jetty-servlet/9.3.24.v20180605/jetty-servlet-9.3.24.v20180605.jar:/home/user/.m2/repository/org/eclipse/jetty/jetty-security/9.3.24.v20180605/jetty-security-9.3.24.v20180605.jar:/home/user/.m2/repository/javax/servlet/jsp/jsp-api/2.1/jsp-api-2.1.jar:/home/user/.m2/repository/com/sun/jersey/jersey-servlet/1.19/jersey-servlet-1.19.jar:/home/user/.m2/repository/com/sun/jersey/jersey-json/1.19/jersey-json-1.19.jar:/home/user/.m2/repository/org/codehaus/jettison/jettison/1.1/jettison-1.1.jar:/home/user/.m2/repository/org/codehaus/jackson/jackson-core-asl/1.9.13/jackson-core-asl-1.9.13.jar:/home/user/.m2/repository/org/codehaus/jackson/jackson-mapper-asl/1.9.13/jackson-mapper-asl-1.9.13.jar:/home/user/.m2/repository/org/codehaus/jackson/jackson-jaxrs/1.9.13/jackson-jaxrs-1.9.13.jar:/home/user/.m2/repository/org/codehaus/jackson/jackson-xc/1.9.13/jackson-xc-1.9.13.jar:/home/user/.m2/repository/commons-logging/commons-logging/1.1.3/commons-logging-1.1.3.jar:/home/user/.m2/repository/commons-beanutils/commons-beanutils/1.9.4/commons-beanutils-1.9.4.jar:/home/user/.m2/repository/org/apache/commons/commons-configuration2/2.1.1/commons-configuration2-2.1.1.jar:/home/user/.m2/repository/org/apache/commons/commons-lang3/3.7/commons-lang3-3.7.jar:/home/user/.m2/repository/org/apache/commons/commons-text/1.4/commons-text-1.4.jar:/home/user/.m2/repository/org/apache/avro/avro/1.7.7/avro-1.7.7.jar:/home/user/.m2/repository/com/thoughtworks/paranamer/paranamer/2.3/paranamer-2.3.jar:/home/user/.m2/repository/org/xerial/snappy/snappy-java/1.0.5/snappy-java-1.0.5.jar:/home/user/.m2/repository/com/google/re2j/re2j/1.1/re2j-1.1.jar:/home/user/.m2/repository/com/google/code/gson/gson/2.2.4/gson-2.2.4.jar:/home/user/.m2/repository/com/jcraft/jsch/0.1.54/jsch-0.1.54.jar:/home/user/.m2/repository/org/apache/curator/curator-client/2.12.0/curator-client-2.12.0.jar:/home/user/.m2/repository/org/apache/curator/curator-recipes/2.12.0/curator-recipes-2.12.0.jar:/home/user/.m2/repository/com/google/code/findbugs/jsr305/3.0.0/jsr305-3.0.0.jar:/home/user/.m2/repository/org/apache/htrace/htrace-core4/4.1.0-incubating/htrace-core4-4.1.0-incubating.jar:/home/user/.m2/repository/org/apache/zookeeper/zookeeper/3.4.13/zookeeper-3.4.13.jar:/home/user/.m2/repository/org/apache/yetus/audience-annotations/0.5.0/audience-annotations-0.5.0.jar:/home/user/.m2/repository/org/codehaus/woodstox/stax2-api/3.1.4/stax2-api-3.1.4.jar:/home/user/.m2/repository/com/fasterxml/woodstox/woodstox-core/5.0.3/woodstox-core-5.0.3.jar:/home/user/.m2/repository/dnsjava/dnsjava/2.1.7/dnsjava-2.1.7.jar:/home/user/.m2/repository/org/apache/hadoop/hadoop-hdfs/3.2.0/hadoop-hdfs-3.2.0-tests.jar:/home/user/.m2/repository/org/eclipse/jetty/jetty-util-ajax/9.3.24.v20180605/jetty-util-ajax-9.3.24.v20180605.jar:/home/user/.m2/repository/commons-daemon/commons-daemon/1.0.13/commons-daemon-1.0.13.jar:/home/user/.m2/repository/io/netty/netty/3.10.5.Final/netty-3.10.5.Final.jar:/home/user/.m2/repository/io/netty/netty-all/4.0.52.Final/netty-all-4.0.52.Final.jar:/home/user/.m2/repository/org/fusesource/leveldbjni/leveldbjni-all/1.8/leveldbjni-all-1.8.jar:"/>
    <property name="java.vm.vendor" value="IcedTea"/>
    <property name="sun.arch.data.model" value="64"/>
    <property name="test.build.dir" value="/workdir/hadoop-ozone/integration-test/target/test-dir"/>
    <property name="test.cache.data" value=""/>
    <property name="java.vendor.url" value="https://icedtea.classpath.org"/>
    <property name="user.timezone" value=""/>
    <property name="java.vm.specification.version" value="1.8"/>
    <property name="os.name" value="Linux"/>
    <property name="test.build.data" value="/workdir/hadoop-ozone/integration-test/target/test-dir"/>
    <property name="user.country" value="US"/>
    <property name="sun.java.launcher" value="SUN_STANDARD"/>
    <property name="sun.boot.library.path" value="/usr/lib/jvm/java-1.8-openjdk/jre/lib/amd64"/>
    <property name="sun.java.command" value="/workdir/hadoop-ozone/integration-test/target/surefire/surefirebooter8468120954804020615.jar /workdir/hadoop-ozone/integration-test/target/surefire 2019-09-19T23-46-49_478-jvmRun1 surefire6115800235914657895tmp surefire_20883872753385614456tmp"/>
    <property name="test" value="!TestMiniChaosOzoneCluster"/>
    <property name="surefire.test.class.path" value="/workdir/hadoop-ozone/integration-test/target/test-classes:/workdir/hadoop-ozone/integration-test/target/classes:/home/user/.m2/repository/org/apache/hadoop/hadoop-ozone-common/0.5.0-SNAPSHOT/hadoop-ozone-common-0.5.0-SNAPSHOT.jar:/home/user/.m2/repository/org/apache/commons/commons-compress/1.4.1/commons-compress-1.4.1.jar:/home/user/.m2/repository/org/tukaani/xz/1.0/xz-1.0.jar:/home/user/.m2/repository/org/apache/hadoop/hadoop-common/3.2.0/hadoop-common-3.2.0.jar:/home/user/.m2/repository/org/apache/hadoop/hadoop-hdfs/3.2.0/hadoop-hdfs-3.2.0.jar:/home/user/.m2/repository/org/apache/hadoop/hadoop-hdfs-client/3.2.0/hadoop-hdfs-client-3.2.0.jar:/home/user/.m2/repository/com/fasterxml/jackson/core/jackson-annotations/2.9.9/jackson-annotations-2.9.9.jar:/home/user/.m2/repository/org/apache/hadoop/hadoop-hdds-common/0.5.0-SNAPSHOT/hadoop-hdds-common-0.5.0-SNAPSHOT.jar:/home/user/.m2/repository/javax/annotation/javax.annotation-api/1.2/javax.annotation-api-1.2.jar:/home/user/.m2/repository/org/apache/ratis/ratis-server/0.4.0-78e95b9-SNAPSHOT/ratis-server-0.4.0-78e95b9-SNAPSHOT.jar:/home/user/.m2/repository/org/apache/ratis/ratis-thirdparty-misc/0.2.0/ratis-thirdparty-misc-0.2.0.jar:/home/user/.m2/repository/org/apache/ratis/ratis-proto/0.4.0-78e95b9-SNAPSHOT/ratis-proto-0.4.0-78e95b9-SNAPSHOT.jar:/home/user/.m2/repository/org/apache/ratis/ratis-common/0.4.0-78e95b9-SNAPSHOT/ratis-common-0.4.0-78e95b9-SNAPSHOT.jar:/home/user/.m2/repository/org/apache/ratis/ratis-client/0.4.0-78e95b9-SNAPSHOT/ratis-client-0.4.0-78e95b9-SNAPSHOT.jar:/home/user/.m2/repository/org/apache/ratis/ratis-metrics/0.4.0-78e95b9-SNAPSHOT/ratis-metrics-0.4.0-78e95b9-SNAPSHOT.jar:/home/user/.m2/repository/com/github/joshelser/dropwizard-metrics-hadoop-metrics2-reporter/0.1.2/dropwizard-metrics-hadoop-metrics2-reporter-0.1.2.jar:/home/user/.m2/repository/io/dropwizard/metrics/metrics-jvm/3.2.5/metrics-jvm-3.2.5.jar:/home/user/.m2/repository/io/dropwizard/metrics/metrics-ganglia/3.2.5/metrics-ganglia-3.2.5.jar:/home/user/.m2/repository/info/ganglia/gmetric4j/gmetric4j/1.0.7/gmetric4j-1.0.7.jar:/home/user/.m2/repository/org/apache/ratis/ratis-netty/0.4.0-78e95b9-SNAPSHOT/ratis-netty-0.4.0-78e95b9-SNAPSHOT.jar:/home/user/.m2/repository/org/apache/ratis/ratis-grpc/0.4.0-78e95b9-SNAPSHOT/ratis-grpc-0.4.0-78e95b9-SNAPSHOT.jar:/home/user/.m2/repository/org/rocksdb/rocksdbjni/6.0.1/rocksdbjni-6.0.1.jar:/home/user/.m2/repository/org/apache/logging/log4j/log4j-api/2.11.0/log4j-api-2.11.0.jar:/home/user/.m2/repository/org/apache/logging/log4j/log4j-core/2.11.0/log4j-core-2.11.0.jar:/home/user/.m2/repository/com/lmax/disruptor/3.4.2/disruptor-3.4.2.jar:/home/user/.m2/repository/org/apache/commons/commons-pool2/2.6.0/commons-pool2-2.6.0.jar:/home/user/.m2/repository/org/bouncycastle/bcpkix-jdk15on/1.60/bcpkix-jdk15on-1.60.jar:/home/user/.m2/repository/commons-validator/commons-validator/1.6/commons-validator-1.6.jar:/home/user/.m2/repository/commons-digester/commons-digester/1.8.1/commons-digester-1.8.1.jar:/home/user/.m2/repository/io/jaegertracing/jaeger-client/0.33.1/jaeger-client-0.33.1.jar:/home/user/.m2/repository/io/jaegertracing/jaeger-thrift/0.33.1/jaeger-thrift-0.33.1.jar:/home/user/.m2/repository/org/apache/thrift/libthrift/0.11.0/libthrift-0.11.0.jar:/home/user/.m2/repository/com/squareup/okhttp3/okhttp/3.9.0/okhttp-3.9.0.jar:/home/user/.m2/repository/com/squareup/okio/okio/1.13.0/okio-1.13.0.jar:/home/user/.m2/repository/io/jaegertracing/jaeger-core/0.33.1/jaeger-core-0.33.1.jar:/home/user/.m2/repository/io/jaegertracing/jaeger-tracerresolver/0.33.1/jaeger-tracerresolver-0.33.1.jar:/home/user/.m2/repository/io/opentracing/contrib/opentracing-tracerresolver/0.1.5/opentracing-tracerresolver-0.1.5.jar:/home/user/.m2/repository/io/opentracing/opentracing-util/0.31.0/opentracing-util-0.31.0.jar:/home/user/.m2/repository/io/opentracing/opentracing-api/0.31.0/opentracing-api-0.31.0.jar:/home/user/.m2/repository/io/opentracing/opentracing-noop/0.31.0/opentracing-noop-0.31.0.jar:/home/user/.m2/repository/org/apache/hadoop/hadoop-hdds-server-framework/0.5.0-SNAPSHOT/hadoop-hdds-server-framework-0.5.0-SNAPSHOT.jar:/home/user/.m2/repository/org/apache/hadoop/hadoop-hdds-container-service/0.5.0-SNAPSHOT/hadoop-hdds-container-service-0.5.0-SNAPSHOT.jar:/home/user/.m2/repository/org/apache/hadoop/hadoop-hdds-client/0.5.0-SNAPSHOT/hadoop-hdds-client-0.5.0-SNAPSHOT.jar:/home/user/.m2/repository/org/apache/hadoop/hadoop-hdds-tools/0.5.0-SNAPSHOT/hadoop-hdds-tools-0.5.0-SNAPSHOT.jar:/home/user/.m2/repository/org/apache/hadoop/hadoop-hdds-server-scm/0.5.0-SNAPSHOT/hadoop-hdds-server-scm-0.5.0-SNAPSHOT.jar:/home/user/.m2/repository/org/apache/hadoop/hadoop-hdds-docs/0.5.0-SNAPSHOT/hadoop-hdds-docs-0.5.0-SNAPSHOT.jar:/home/user/.m2/repository/io/dropwizard/metrics/metrics-core/3.2.4/metrics-core-3.2.4.jar:/home/user/.m2/repository/org/hamcrest/hamcrest-all/1.3/hamcrest-all-1.3.jar:/home/user/.m2/repository/org/bouncycastle/bcprov-jdk15on/1.60/bcprov-jdk15on-1.60.jar:/home/user/.m2/repository/info/picocli/picocli/3.9.6/picocli-3.9.6.jar:/home/user/.m2/repository/com/google/protobuf/protobuf-java/2.5.0/protobuf-java-2.5.0.jar:/home/user/.m2/repository/com/google/guava/guava/11.0.2/guava-11.0.2.jar:/home/user/.m2/repository/org/apache/hadoop/hadoop-ozone-ozone-manager/0.5.0-SNAPSHOT/hadoop-ozone-ozone-manager-0.5.0-SNAPSHOT.jar:/home/user/.m2/repository/org/apache/hadoop/hadoop-minikdc/3.2.0/hadoop-minikdc-3.2.0.jar:/home/user/.m2/repository/commons-io/commons-io/2.5/commons-io-2.5.jar:/home/user/.m2/repository/org/apache/kerby/kerb-simplekdc/1.0.1/kerb-simplekdc-1.0.1.jar:/home/user/.m2/repository/org/apache/kerby/kerb-client/1.0.1/kerb-client-1.0.1.jar:/home/user/.m2/repository/org/apache/kerby/kerby-config/1.0.1/kerby-config-1.0.1.jar:/home/user/.m2/repository/org/apache/kerby/kerb-core/1.0.1/kerb-core-1.0.1.jar:/home/user/.m2/repository/org/apache/kerby/kerby-pkix/1.0.1/kerby-pkix-1.0.1.jar:/home/user/.m2/repository/org/apache/kerby/kerby-asn1/1.0.1/kerby-asn1-1.0.1.jar:/home/user/.m2/repository/org/apache/kerby/kerby-util/1.0.1/kerby-util-1.0.1.jar:/home/user/.m2/repository/org/apache/kerby/kerb-common/1.0.1/kerb-common-1.0.1.jar:/home/user/.m2/repository/org/apache/kerby/kerb-crypto/1.0.1/kerb-crypto-1.0.1.jar:/home/user/.m2/repository/org/apache/kerby/kerb-util/1.0.1/kerb-util-1.0.1.jar:/home/user/.m2/repository/org/apache/kerby/token-provider/1.0.1/token-provider-1.0.1.jar:/home/user/.m2/repository/org/apache/kerby/kerb-admin/1.0.1/kerb-admin-1.0.1.jar:/home/user/.m2/repository/org/apache/kerby/kerb-server/1.0.1/kerb-server-1.0.1.jar:/home/user/.m2/repository/org/apache/kerby/kerb-identity/1.0.1/kerb-identity-1.0.1.jar:/home/user/.m2/repository/org/apache/kerby/kerby-xdr/1.0.1/kerby-xdr-1.0.1.jar:/home/user/.m2/repository/org/slf4j/slf4j-log4j12/1.7.25/slf4j-log4j12-1.7.25.jar:/home/user/.m2/repository/org/apache/hadoop/hadoop-ozone-s3gateway/0.5.0-SNAPSHOT/hadoop-ozone-s3gateway-0.5.0-SNAPSHOT.jar:/home/user/.m2/repository/org/jboss/weld/servlet/weld-servlet/2.4.7.Final/weld-servlet-2.4.7.Final.jar:/home/user/.m2/repository/org/glassfish/jersey/containers/jersey-container-servlet-core/2.27/jersey-container-servlet-core-2.27.jar:/home/user/.m2/repository/org/glassfish/hk2/external/javax.inject/2.5.0-b42/javax.inject-2.5.0-b42.jar:/home/user/.m2/repository/org/glassfish/jersey/core/jersey-common/2.27/jersey-common-2.27.jar:/home/user/.m2/repository/org/glassfish/hk2/osgi-resource-locator/1.0.1/osgi-resource-locator-1.0.1.jar:/home/user/.m2/repository/javax/ws/rs/javax.ws.rs-api/2.1/javax.ws.rs-api-2.1.jar:/home/user/.m2/repository/org/glassfish/jersey/ext/cdi/jersey-cdi1x/2.27/jersey-cdi1x-2.27.jar:/home/user/.m2/repository/org/glassfish/jersey/inject/jersey-hk2/2.27/jersey-hk2-2.27.jar:/home/user/.m2/repository/org/glassfish/hk2/hk2-locator/2.5.0-b42/hk2-locator-2.5.0-b42.jar:/home/user/.m2/repository/org/javassist/javassist/3.22.0-CR2/javassist-3.22.0-CR2.jar:/home/user/.m2/repository/org/glassfish/hk2/hk2-api/2.5.0/hk2-api-2.5.0.jar:/home/user/.m2/repository/org/glassfish/hk2/external/jakarta.inject/2.5.0/jakarta.inject-2.5.0.jar:/home/user/.m2/repository/org/glassfish/hk2/hk2-utils/2.5.0/hk2-utils-2.5.0.jar:/home/user/.m2/repository/jakarta/annotation/jakarta.annotation-api/1.3.4/jakarta.annotation-api-1.3.4.jar:/home/user/.m2/repository/org/glassfish/hk2/external/aopalliance-repackaged/2.5.0/aopalliance-repackaged-2.5.0.jar:/home/user/.m2/repository/com/fasterxml/jackson/dataformat/jackson-dataformat-xml/2.9.0/jackson-dataformat-xml-2.9.0.jar:/home/user/.m2/repository/com/fasterxml/jackson/core/jackson-core/2.9.9/jackson-core-2.9.9.jar:/home/user/.m2/repository/com/fasterxml/jackson/module/jackson-module-jaxb-annotations/2.9.9/jackson-module-jaxb-annotations-2.9.9.jar:/home/user/.m2/repository/javax/enterprise/cdi-api/1.2/cdi-api-1.2.jar:/home/user/.m2/repository/javax/el/javax.el-api/3.0.0/javax.el-api-3.0.0.jar:/home/user/.m2/repository/javax/interceptor/javax.interceptor-api/1.2/javax.interceptor-api-1.2.jar:/home/user/.m2/repository/javax/inject/javax.inject/1/javax.inject-1.jar:/home/user/.m2/repository/com/sun/xml/bind/jaxb-impl/2.3.0.1/jaxb-impl-2.3.0.1.jar:/home/user/.m2/repository/com/sun/xml/bind/jaxb-core/2.3.0.1/jaxb-core-2.3.0.1.jar:/home/user/.m2/repository/javax/xml/bind/jaxb-api/2.3.0/jaxb-api-2.3.0.jar:/home/user/.m2/repository/javax/activation/activation/1.1.1/activation-1.1.1.jar:/home/user/.m2/repository/org/apache/hadoop/hadoop-ozone-csi/0.5.0-SNAPSHOT/hadoop-ozone-csi-0.5.0-SNAPSHOT.jar:/home/user/.m2/repository/com/google/protobuf/protobuf-java-util/3.5.1/protobuf-java-util-3.5.1.jar:/home/user/.m2/repository/org/apache/hadoop/hadoop-hdds-config/0.5.0-SNAPSHOT/hadoop-hdds-config-0.5.0-SNAPSHOT.jar:/home/user/.m2/repository/io/grpc/grpc-netty/1.17.1/grpc-netty-1.17.1.jar:/home/user/.m2/repository/io/grpc/grpc-core/1.17.1/grpc-core-1.17.1.jar:/home/user/.m2/repository/io/grpc/grpc-context/1.17.1/grpc-context-1.17.1.jar:/home/user/.m2/repository/com/google/errorprone/error_prone_annotations/2.2.0/error_prone_annotations-2.2.0.jar:/home/user/.m2/repository/org/codehaus/mojo/animal-sniffer-annotations/1.17/animal-sniffer-annotations-1.17.jar:/home/user/.m2/repository/io/opencensus/opencensus-api/0.17.0/opencensus-api-0.17.0.jar:/home/user/.m2/repository/io/opencensus/opencensus-contrib-grpc-metrics/0.17.0/opencensus-contrib-grpc-metrics-0.17.0.jar:/home/user/.m2/repository/io/netty/netty-codec-http2/4.1.30.Final/netty-codec-http2-4.1.30.Final.jar:/home/user/.m2/repository/io/netty/netty-codec-http/4.1.30.Final/netty-codec-http-4.1.30.Final.jar:/home/user/.m2/repository/io/netty/netty-codec/4.1.30.Final/netty-codec-4.1.30.Final.jar:/home/user/.m2/repository/io/netty/netty-handler/4.1.30.Final/netty-handler-4.1.30.Final.jar:/home/user/.m2/repository/io/netty/netty-handler-proxy/4.1.30.Final/netty-handler-proxy-4.1.30.Final.jar:/home/user/.m2/repository/io/netty/netty-codec-socks/4.1.30.Final/netty-codec-socks-4.1.30.Final.jar:/home/user/.m2/repository/io/netty/netty-transport-native-epoll/4.1.30.Final/netty-transport-native-epoll-4.1.30.Final.jar:/home/user/.m2/repository/io/netty/netty-common/4.1.30.Final/netty-common-4.1.30.Final.jar:/home/user/.m2/repository/io/netty/netty-buffer/4.1.30.Final/netty-buffer-4.1.30.Final.jar:/home/user/.m2/repository/io/netty/netty-transport/4.1.30.Final/netty-transport-4.1.30.Final.jar:/home/user/.m2/repository/io/netty/netty-resolver/4.1.30.Final/netty-resolver-4.1.30.Final.jar:/home/user/.m2/repository/io/netty/netty-transport-native-unix-common/4.1.30.Final/netty-transport-native-unix-common-4.1.30.Final.jar:/home/user/.m2/repository/io/grpc/grpc-protobuf/1.17.1/grpc-protobuf-1.17.1.jar:/home/user/.m2/repository/com/google/api/grpc/proto-google-common-protos/1.0.0/proto-google-common-protos-1.0.0.jar:/home/user/.m2/repository/io/grpc/grpc-protobuf-lite/1.17.1/grpc-protobuf-lite-1.17.1.jar:/home/user/.m2/repository/io/grpc/grpc-stub/1.17.1/grpc-stub-1.17.1.jar:/home/user/.m2/repository/org/apache/hadoop/hadoop-ozone-recon/0.5.0-SNAPSHOT/hadoop-ozone-recon-0.5.0-SNAPSHOT.jar:/home/user/.m2/repository/org/apache/hadoop/hadoop-ozone-reconcodegen/0.5.0-SNAPSHOT/hadoop-ozone-reconcodegen-0.5.0-SNAPSHOT.jar:/home/user/.m2/repository/com/google/inject/extensions/guice-multibindings/4.0/guice-multibindings-4.0.jar:/home/user/.m2/repository/com/google/inject/guice/4.0/guice-4.0.jar:/home/user/.m2/repository/aopalliance/aopalliance/1.0/aopalliance-1.0.jar:/home/user/.m2/repository/com/google/inject/extensions/guice-servlet/4.0/guice-servlet-4.0.jar:/home/user/.m2/repository/org/glassfish/jersey/containers/jersey-container-servlet/2.27/jersey-container-servlet-2.27.jar:/home/user/.m2/repository/org/glassfish/hk2/guice-bridge/2.5.0/guice-bridge-2.5.0.jar:/home/user/.m2/repository/org/glassfish/jersey/core/jersey-server/2.27/jersey-server-2.27.jar:/home/user/.m2/repository/org/glassfish/jersey/core/jersey-client/2.27/jersey-client-2.27.jar:/home/user/.m2/repository/org/glassfish/jersey/media/jersey-media-jaxb/2.27/jersey-media-jaxb-2.27.jar:/home/user/.m2/repository/javax/validation/validation-api/1.1.0.Final/validation-api-1.1.0.Final.jar:/home/user/.m2/repository/org/glassfish/jersey/media/jersey-media-json-jackson/2.27/jersey-media-json-jackson-2.27.jar:/home/user/.m2/repository/org/glassfish/jersey/ext/jersey-entity-filtering/2.27/jersey-entity-filtering-2.27.jar:/home/user/.m2/repository/com/google/inject/extensions/guice-assistedinject/4.0/guice-assistedinject-4.0.jar:/home/user/.m2/repository/org/jooq/jooq/3.11.10/jooq-3.11.10.jar:/home/user/.m2/repository/org/jooq/jooq-meta/3.11.10/jooq-meta-3.11.10.jar:/home/user/.m2/repository/org/jooq/jooq-codegen/3.11.10/jooq-codegen-3.11.10.jar:/home/user/.m2/repository/com/jolbox/bonecp/0.8.0.RELEASE/bonecp-0.8.0.RELEASE.jar:/home/user/.m2/repository/org/xerial/sqlite-jdbc/3.25.2/sqlite-jdbc-3.25.2.jar:/home/user/.m2/repository/org/springframework/spring-jdbc/5.1.3.RELEASE/spring-jdbc-5.1.3.RELEASE.jar:/home/user/.m2/repository/org/springframework/spring-beans/5.1.3.RELEASE/spring-beans-5.1.3.RELEASE.jar:/home/user/.m2/repository/org/springframework/spring-core/5.1.3.RELEASE/spring-core-5.1.3.RELEASE.jar:/home/user/.m2/repository/org/springframework/spring-jcl/5.1.3.RELEASE/spring-jcl-5.1.3.RELEASE.jar:/home/user/.m2/repository/org/springframework/spring-tx/5.1.3.RELEASE/spring-tx-5.1.3.RELEASE.jar:/home/user/.m2/repository/org/apache/hadoop/hadoop-ozone-client/0.5.0-SNAPSHOT/hadoop-ozone-client-0.5.0-SNAPSHOT.jar:/home/user/.m2/repository/commons-lang/commons-lang/2.6/commons-lang-2.6.jar:/home/user/.m2/repository/org/apache/hadoop/hadoop-ozone-ozone-manager/0.5.0-SNAPSHOT/hadoop-ozone-ozone-manager-0.5.0-SNAPSHOT-tests.jar:/home/user/.m2/repository/junit/junit/4.11/junit-4.11.jar:/home/user/.m2/repository/org/hamcrest/hamcrest-core/1.3/hamcrest-core-1.3.jar:/home/user/.m2/repository/org/openjdk/jmh/jmh-core/1.19/jmh-core-1.19.jar:/home/user/.m2/repository/net/sf/jopt-simple/jopt-simple/4.6/jopt-simple-4.6.jar:/home/user/.m2/repository/org/apache/commons/commons-math3/3.1.1/commons-math3-3.1.1.jar:/home/user/.m2/repository/org/openjdk/jmh/jmh-generator-annprocess/1.19/jmh-generator-annprocess-1.19.jar:/home/user/.m2/repository/org/mockito/mockito-all/1.8.5/mockito-all-1.8.5.jar:/home/user/.m2/repository/org/apache/hadoop/hadoop-kms/3.2.0/hadoop-kms-3.2.0.jar:/home/user/.m2/repository/org/apache/hadoop/hadoop-auth/3.2.0/hadoop-auth-3.2.0.jar:/home/user/.m2/repository/com/nimbusds/nimbus-jose-jwt/4.41.1/nimbus-jose-jwt-4.41.1.jar:/home/user/.m2/repository/com/github/stephenc/jcip/jcip-annotations/1.0-1/jcip-annotations-1.0-1.jar:/home/user/.m2/repository/net/minidev/json-smart/2.3/json-smart-2.3.jar:/home/user/.m2/repository/net/minidev/accessors-smart/1.2/accessors-smart-1.2.jar:/home/user/.m2/repository/org/ow2/asm/asm/5.0.4/asm-5.0.4.jar:/home/user/.m2/repository/org/apache/curator/curator-framework/2.12.0/curator-framework-2.12.0.jar:/home/user/.m2/repository/com/sun/jersey/jersey-core/1.19/jersey-core-1.19.jar:/home/user/.m2/repository/javax/ws/rs/jsr311-api/1.1.1/jsr311-api-1.1.1.jar:/home/user/.m2/repository/com/sun/jersey/jersey-server/1.19/jersey-server-1.19.jar:/home/user/.m2/repository/javax/servlet/javax.servlet-api/3.1.0/javax.servlet-api-3.1.0.jar:/home/user/.m2/repository/org/eclipse/jetty/jetty-server/9.3.24.v20180605/jetty-server-9.3.24.v20180605.jar:/home/user/.m2/repository/org/eclipse/jetty/jetty-http/9.3.24.v20180605/jetty-http-9.3.24.v20180605.jar:/home/user/.m2/repository/org/eclipse/jetty/jetty-io/9.3.24.v20180605/jetty-io-9.3.24.v20180605.jar:/home/user/.m2/repository/org/eclipse/jetty/jetty-webapp/9.3.24.v20180605/jetty-webapp-9.3.24.v20180605.jar:/home/user/.m2/repository/org/eclipse/jetty/jetty-xml/9.3.24.v20180605/jetty-xml-9.3.24.v20180605.jar:/home/user/.m2/repository/log4j/log4j/1.2.17/log4j-1.2.17.jar:/home/user/.m2/repository/org/slf4j/slf4j-api/1.7.25/slf4j-api-1.7.25.jar:/home/user/.m2/repository/org/slf4j/jul-to-slf4j/1.7.25/jul-to-slf4j-1.7.25.jar:/home/user/.m2/repository/org/eclipse/jetty/jetty-util/9.3.24.v20180605/jetty-util-9.3.24.v20180605.jar:/home/user/.m2/repository/com/fasterxml/jackson/core/jackson-databind/2.9.9/jackson-databind-2.9.9.jar:/home/user/.m2/repository/org/apache/hadoop/hadoop-kms/3.2.0/hadoop-kms-3.2.0-tests.jar:/home/user/.m2/repository/org/apache/hadoop/hadoop-hdds-server-scm/0.5.0-SNAPSHOT/hadoop-hdds-server-scm-0.5.0-SNAPSHOT-tests.jar:/home/user/.m2/repository/org/apache/hadoop/hadoop-hdds-container-service/0.5.0-SNAPSHOT/hadoop-hdds-container-service-0.5.0-SNAPSHOT-tests.jar:/home/user/.m2/repository/org/yaml/snakeyaml/1.16/snakeyaml-1.16.jar:/home/user/.m2/repository/org/apache/hadoop/hadoop-common/3.2.0/hadoop-common-3.2.0-tests.jar:/home/user/.m2/repository/org/apache/hadoop/hadoop-annotations/3.2.0/hadoop-annotations-3.2.0.jar:/usr/lib/jvm/java-1.8-openjdk/jre/../lib/tools.jar:/home/user/.m2/repository/commons-cli/commons-cli/1.2/commons-cli-1.2.jar:/home/user/.m2/repository/org/apache/httpcomponents/httpclient/4.5.2/httpclient-4.5.2.jar:/home/user/.m2/repository/org/apache/httpcomponents/httpcore/4.4.4/httpcore-4.4.4.jar:/home/user/.m2/repository/commons-codec/commons-codec/1.11/commons-codec-1.11.jar:/home/user/.m2/repository/commons-net/commons-net/3.6/commons-net-3.6.jar:/home/user/.m2/repository/commons-collections/commons-collections/3.2.2/commons-collections-3.2.2.jar:/home/user/.m2/repository/org/eclipse/jetty/jetty-servlet/9.3.24.v20180605/jetty-servlet-9.3.24.v20180605.jar:/home/user/.m2/repository/org/eclipse/jetty/jetty-security/9.3.24.v20180605/jetty-security-9.3.24.v20180605.jar:/home/user/.m2/repository/javax/servlet/jsp/jsp-api/2.1/jsp-api-2.1.jar:/home/user/.m2/repository/com/sun/jersey/jersey-servlet/1.19/jersey-servlet-1.19.jar:/home/user/.m2/repository/com/sun/jersey/jersey-json/1.19/jersey-json-1.19.jar:/home/user/.m2/repository/org/codehaus/jettison/jettison/1.1/jettison-1.1.jar:/home/user/.m2/repository/org/codehaus/jackson/jackson-core-asl/1.9.13/jackson-core-asl-1.9.13.jar:/home/user/.m2/repository/org/codehaus/jackson/jackson-mapper-asl/1.9.13/jackson-mapper-asl-1.9.13.jar:/home/user/.m2/repository/org/codehaus/jackson/jackson-jaxrs/1.9.13/jackson-jaxrs-1.9.13.jar:/home/user/.m2/repository/org/codehaus/jackson/jackson-xc/1.9.13/jackson-xc-1.9.13.jar:/home/user/.m2/repository/commons-logging/commons-logging/1.1.3/commons-logging-1.1.3.jar:/home/user/.m2/repository/commons-beanutils/commons-beanutils/1.9.4/commons-beanutils-1.9.4.jar:/home/user/.m2/repository/org/apache/commons/commons-configuration2/2.1.1/commons-configuration2-2.1.1.jar:/home/user/.m2/repository/org/apache/commons/commons-lang3/3.7/commons-lang3-3.7.jar:/home/user/.m2/repository/org/apache/commons/commons-text/1.4/commons-text-1.4.jar:/home/user/.m2/repository/org/apache/avro/avro/1.7.7/avro-1.7.7.jar:/home/user/.m2/repository/com/thoughtworks/paranamer/paranamer/2.3/paranamer-2.3.jar:/home/user/.m2/repository/org/xerial/snappy/snappy-java/1.0.5/snappy-java-1.0.5.jar:/home/user/.m2/repository/com/google/re2j/re2j/1.1/re2j-1.1.jar:/home/user/.m2/repository/com/google/code/gson/gson/2.2.4/gson-2.2.4.jar:/home/user/.m2/repository/com/jcraft/jsch/0.1.54/jsch-0.1.54.jar:/home/user/.m2/repository/org/apache/curator/curator-client/2.12.0/curator-client-2.12.0.jar:/home/user/.m2/repository/org/apache/curator/curator-recipes/2.12.0/curator-recipes-2.12.0.jar:/home/user/.m2/repository/com/google/code/findbugs/jsr305/3.0.0/jsr305-3.0.0.jar:/home/user/.m2/repository/org/apache/htrace/htrace-core4/4.1.0-incubating/htrace-core4-4.1.0-incubating.jar:/home/user/.m2/repository/org/apache/zookeeper/zookeeper/3.4.13/zookeeper-3.4.13.jar:/home/user/.m2/repository/org/apache/yetus/audience-annotations/0.5.0/audience-annotations-0.5.0.jar:/home/user/.m2/repository/org/codehaus/woodstox/stax2-api/3.1.4/stax2-api-3.1.4.jar:/home/user/.m2/repository/com/fasterxml/woodstox/woodstox-core/5.0.3/woodstox-core-5.0.3.jar:/home/user/.m2/repository/dnsjava/dnsjava/2.1.7/dnsjava-2.1.7.jar:/home/user/.m2/repository/org/apache/hadoop/hadoop-hdfs/3.2.0/hadoop-hdfs-3.2.0-tests.jar:/home/user/.m2/repository/org/eclipse/jetty/jetty-util-ajax/9.3.24.v20180605/jetty-util-ajax-9.3.24.v20180605.jar:/home/user/.m2/repository/commons-daemon/commons-daemon/1.0.13/commons-daemon-1.0.13.jar:/home/user/.m2/repository/io/netty/netty/3.10.5.Final/netty-3.10.5.Final.jar:/home/user/.m2/repository/io/netty/netty-all/4.0.52.Final/netty-all-4.0.52.Final.jar:/home/user/.m2/repository/org/fusesource/leveldbjni/leveldbjni-all/1.8/leveldbjni-all-1.8.jar:"/>
    <property name="sun.cpu.endian" value="little"/>
    <property name="user.home" value="/home/user"/>
    <property name="user.language" value="en"/>
    <property name="java.specification.vendor" value="Oracle Corporation"/>
    <property name="java.home" value="/usr/lib/jvm/java-1.8-openjdk/jre"/>
    <property name="java.security.krb5.conf" value="/workdir/hadoop-ozone/integration-test/target/test-classes/krb5.conf"/>
    <property name="basedir" value="/workdir/hadoop-ozone/integration-test"/>
    <property name="file.separator" value="/"/>
    <property name="line.separator" value="&#10;"/>
    <property name="java.vm.specification.vendor" value="Oracle Corporation"/>
    <property name="java.specification.name" value="Java Platform API Specification"/>
    <property name="java.awt.graphicsenv" value="sun.awt.X11GraphicsEnvironment"/>
    <property name="surefire.real.class.path" value="/workdir/hadoop-ozone/integration-test/target/surefire/surefirebooter8468120954804020615.jar"/>
    <property name="hadoop.log.dir" value="/workdir/hadoop-ozone/integration-test/target/log"/>
    <property name="sun.boot.class.path" value="/usr/lib/jvm/java-1.8-openjdk/jre/lib/resources.jar:/usr/lib/jvm/java-1.8-openjdk/jre/lib/rt.jar:/usr/lib/jvm/java-1.8-openjdk/jre/lib/sunrsasign.jar:/usr/lib/jvm/java-1.8-openjdk/jre/lib/jsse.jar:/usr/lib/jvm/java-1.8-openjdk/jre/lib/jce.jar:/usr/lib/jvm/java-1.8-openjdk/jre/lib/charsets.jar:/usr/lib/jvm/java-1.8-openjdk/jre/lib/jfr.jar:/usr/lib/jvm/java-1.8-openjdk/jre/classes"/>
    <property name="sun.management.compiler" value="HotSpot 64-Bit Tiered Compilers"/>
    <property name="java.runtime.version" value="1.8.0_212-b04"/>
    <property name="java.net.preferIPv4Stack" value="true"/>
    <property name="user.name" value="jenkins1000"/>
    <property name="path.separator" value=":"/>
    <property name="java.security.egd" value="file:///dev/urandom"/>
    <property name="os.version" value="3.10.0-957.12.2.el7.x86_64"/>
    <property name="java.endorsed.dirs" value="/usr/lib/jvm/java-1.8-openjdk/jre/lib/endorsed"/>
    <property name="java.runtime.name" value="OpenJDK Runtime Environment"/>
    <property name="file.encoding" value="UTF-8"/>
    <property name="java.vm.name" value="OpenJDK 64-Bit Server VM"/>
    <property name="test.build.webapps" value=""/>
    <property name="localRepository" value="/home/user/.m2/repository"/>
    <property name="java.vendor.url.bug" value="https://icedtea.classpath.org/bugzilla"/>
    <property name="java.io.tmpdir" value="/tmp"/>
    <property name="require.test.libhadoop" value=""/>
    <property name="java.version" value="1.8.0_212"/>
    <property name="user.dir" value="/workdir/hadoop-ozone/integration-test"/>
    <property name="os.arch" value="amd64"/>
    <property name="java.vm.specification.name" value="Java Virtual Machine Specification"/>
    <property name="test.build.classes" value="/workdir/hadoop-ozone/integration-test/target/test-classes"/>
    <property name="java.awt.printerjob" value="sun.print.PSPrinterJob"/>
    <property name="sun.os.patch.level" value="unknown"/>
    <property name="hadoop.tmp.dir" value="/workdir/hadoop-ozone/integration-test/target/tmp"/>
    <property name="java.library.path" value="/usr/lib/jvm/java-1.8-openjdk/jre/lib/amd64/server:/usr/lib/jvm/java-1.8-openjdk/jre/lib/amd64:/usr/lib/jvm/java-1.8-openjdk/jre/../lib/amd64:/workdir/hadoop-ozone/integration-test/target/native/target/usr/local/lib:/workdir/hadoop-ozone/integration-test/../../hadoop-common-project/hadoop-common/target/native/target/usr/local/lib:/usr/java/packages/lib/amd64:/usr/lib64:/lib64:/lib:/usr/lib"/>
    <property name="java.vm.info" value="mixed mode"/>
    <property name="java.vendor" value="IcedTea"/>
    <property name="java.vm.version" value="25.212-b04"/>
    <property name="java.ext.dirs" value="/usr/lib/jvm/java-1.8-openjdk/jre/lib/ext:/usr/java/packages/lib/ext"/>
    <property name="sun.io.unicode.encoding" value="UnicodeLittle"/>
    <property name="java.class.version" value="52.0"/>
  </properties>
  <testcase name="testWatchForCommitWithKeyWrite" classname="org.apache.hadoop.ozone.client.rpc.TestWatchForCommit" time="86.63"/>
  <testcase name="testWatchForCommitWithSmallerTimeoutValue" classname="org.apache.hadoop.ozone.client.rpc.TestWatchForCommit" time="82.053"/>
  <testcase name="testWatchForCommitForRetryfailure" classname="org.apache.hadoop.ozone.client.rpc.TestWatchForCommit" time="70.871">
    <failure type="java.lang.AssertionError">java.lang.AssertionError
	at org.junit.Assert.fail(Assert.java:86)
	at org.junit.Assert.assertTrue(Assert.java:41)
	at org.junit.Assert.assertTrue(Assert.java:52)
	at org.apache.hadoop.ozone.client.rpc.TestWatchForCommit.testWatchForCommitForRetryfailure(TestWatchForCommit.java:348)
	at sun.reflect.NativeMethodAccessorImpl.invoke0(Native Method)
	at sun.reflect.NativeMethodAccessorImpl.invoke(NativeMethodAccessorImpl.java:62)
	at sun.reflect.DelegatingMethodAccessorImpl.invoke(DelegatingMethodAccessorImpl.java:43)
	at java.lang.reflect.Method.invoke(Method.java:498)
	at org.junit.runners.model.FrameworkMethod$1.runReflectiveCall(FrameworkMethod.java:47)
	at org.junit.internal.runners.model.ReflectiveCallable.run(ReflectiveCallable.java:12)
	at org.junit.runners.model.FrameworkMethod.invokeExplosively(FrameworkMethod.java:44)
	at org.junit.internal.runners.statements.InvokeMethod.evaluate(InvokeMethod.java:17)
	at org.junit.runners.ParentRunner.runLeaf(ParentRunner.java:271)
	at org.junit.runners.BlockJUnit4ClassRunner.runChild(BlockJUnit4ClassRunner.java:70)
	at org.junit.runners.BlockJUnit4ClassRunner.runChild(BlockJUnit4ClassRunner.java:50)
	at org.junit.runners.ParentRunner$3.run(ParentRunner.java:238)
	at org.junit.runners.ParentRunner$1.schedule(ParentRunner.java:63)
	at org.junit.runners.ParentRunner.runChildren(ParentRunner.java:236)
	at org.junit.runners.ParentRunner.access$000(ParentRunner.java:53)
	at org.junit.runners.ParentRunner$2.evaluate(ParentRunner.java:229)
	at org.junit.runners.ParentRunner.run(ParentRunner.java:309)
	at org.apache.maven.surefire.junit4.JUnit4Provider.execute(JUnit4Provider.java:365)
	at org.apache.maven.surefire.junit4.JUnit4Provider.executeWithRerun(JUnit4Provider.java:273)
	at org.apache.maven.surefire.junit4.JUnit4Provider.executeTestSet(JUnit4Provider.java:238)
	at org.apache.maven.surefire.junit4.JUnit4Provider.invoke(JUnit4Provider.java:159)
	at org.apache.maven.surefire.booter.ForkedBooter.invokeProviderInSameClassLoader(ForkedBooter.java:384)
	at org.apache.maven.surefire.booter.ForkedBooter.runSuitesInProcess(ForkedBooter.java:345)
	at org.apache.maven.surefire.booter.ForkedBooter.execute(ForkedBooter.java:126)
	at org.apache.maven.surefire.booter.ForkedBooter.main(ForkedBooter.java:418)
</failure>
    <system-out><![CDATA[2019-09-20 00:03:05,375 [main] WARN  server.ServerUtils (ServerUtils.java:getScmDbDir(145)) - ozone.scm.db.dirs is not configured. We recommend adding this setting. Falling back to ozone.metadata.dirs instead.
2019-09-20 00:03:05,420 [main] WARN  server.ServerUtils (ServerUtils.java:getScmDbDir(145)) - ozone.scm.db.dirs is not configured. We recommend adding this setting. Falling back to ozone.metadata.dirs instead.
2019-09-20 00:03:05,420 [main] WARN  server.ServerUtils (ServerUtils.java:getScmDbDir(145)) - ozone.scm.db.dirs is not configured. We recommend adding this setting. Falling back to ozone.metadata.dirs instead.
2019-09-20 00:03:05,421 [main] INFO  db.DBStoreBuilder (DBStoreBuilder.java:addTable(110)) - using custom profile for table: deletedBlocks
2019-09-20 00:03:05,421 [main] INFO  db.DBStoreBuilder (DBStoreBuilder.java:processTables(161)) - Using default column profile:DBProfile.DISK for Table:deletedBlocks
2019-09-20 00:03:05,421 [main] INFO  db.DBStoreBuilder (DBStoreBuilder.java:addTable(110)) - using custom profile for table: validCerts
2019-09-20 00:03:05,422 [main] INFO  db.DBStoreBuilder (DBStoreBuilder.java:processTables(161)) - Using default column profile:DBProfile.DISK for Table:validCerts
2019-09-20 00:03:05,422 [main] INFO  db.DBStoreBuilder (DBStoreBuilder.java:addTable(110)) - using custom profile for table: revokedCerts
2019-09-20 00:03:05,422 [main] INFO  db.DBStoreBuilder (DBStoreBuilder.java:processTables(161)) - Using default column profile:DBProfile.DISK for Table:revokedCerts
2019-09-20 00:03:05,422 [main] INFO  db.DBStoreBuilder (DBStoreBuilder.java:addTable(110)) - using custom profile for table: default
2019-09-20 00:03:05,423 [main] INFO  db.DBStoreBuilder (DBStoreBuilder.java:processTables(167)) - Using default column profile:DBProfile.DISK for Table:default
2019-09-20 00:03:05,423 [main] INFO  db.DBStoreBuilder (DBStoreBuilder.java:getDbProfile(198)) - Using default options. DBProfile.DISK
2019-09-20 00:03:05,715 [main] INFO  net.NodeSchemaLoader (NodeSchemaLoader.java:loadSchemaFromFile(125)) - Loading file from sun.misc.CompoundEnumeration@47148f3f
2019-09-20 00:03:05,715 [main] INFO  net.NodeSchemaLoader (NodeSchemaLoader.java:loadSchema(171)) - Loading network topology layer schema file
2019-09-20 00:03:05,720 [main] WARN  server.ServerUtils (ServerUtils.java:sanitizeUserArgs(70)) - ozone.scm.stale.node.interval value = 300000 is larger than max = 100000 based on the key value of ozone.scm.heartbeat.thread.interval, reset to the max value 100000.
2019-09-20 00:03:05,720 [main] WARN  server.ServerUtils (ServerUtils.java:sanitizeUserArgs(70)) - ozone.scm.stale.node.interval value = 300000 is larger than max = 100000 based on the key value of ozone.scm.heartbeat.thread.interval, reset to the max value 100000.
2019-09-20 00:03:05,721 [main] INFO  node.SCMNodeManager (SCMNodeManager.java:<init>(114)) - Entering startup safe mode.
2019-09-20 00:03:05,722 [main] INFO  algorithms.ContainerPlacementPolicyFactory (ContainerPlacementPolicyFactory.java:getPolicy(57)) - Create container placement policy of type org.apache.hadoop.hdds.scm.container.placement.algorithms.SCMContainerPlacementRandom
2019-09-20 00:03:05,722 [main] WARN  server.ServerUtils (ServerUtils.java:getScmDbDir(145)) - ozone.scm.db.dirs is not configured. We recommend adding this setting. Falling back to ozone.metadata.dirs instead.
2019-09-20 00:03:05,849 [main] INFO  pipeline.SCMPipelineManager (SCMPipelineManager.java:initializePipelineState(132)) - No pipeline exists in current db
2019-09-20 00:03:05,849 [main] WARN  server.ServerUtils (ServerUtils.java:getScmDbDir(145)) - ozone.scm.db.dirs is not configured. We recommend adding this setting. Falling back to ozone.metadata.dirs instead.
2019-09-20 00:03:06,003 [main] WARN  events.EventQueue (EventQueue.java:fireEvent(183)) - No event handler registered for event TypedEvent{payloadType=SafeModeStatus, name='SafeModeStatus'}
2019-09-20 00:03:06,004 [main] INFO  ipc.CallQueueManager (CallQueueManager.java:<init>(84)) - Using callQueue: class java.util.concurrent.LinkedBlockingQueue, queueCapacity: 2000, scheduler: class org.apache.hadoop.ipc.DefaultRpcScheduler, ipcBackoff: false.
2019-09-20 00:03:06,005 [Socket Reader #1 for port 36420] INFO  ipc.Server (Server.java:run(1074)) - Starting Socket Reader #1 for port 36420
2019-09-20 00:03:06,008 [main] INFO  ipc.CallQueueManager (CallQueueManager.java:<init>(84)) - Using callQueue: class java.util.concurrent.LinkedBlockingQueue, queueCapacity: 2000, scheduler: class org.apache.hadoop.ipc.DefaultRpcScheduler, ipcBackoff: false.
2019-09-20 00:03:06,008 [Socket Reader #1 for port 42358] INFO  ipc.Server (Server.java:run(1074)) - Starting Socket Reader #1 for port 42358
2019-09-20 00:03:06,010 [main] INFO  ipc.CallQueueManager (CallQueueManager.java:<init>(84)) - Using callQueue: class java.util.concurrent.LinkedBlockingQueue, queueCapacity: 2000, scheduler: class org.apache.hadoop.ipc.DefaultRpcScheduler, ipcBackoff: false.
2019-09-20 00:03:06,011 [Socket Reader #1 for port 46334] INFO  ipc.Server (Server.java:run(1074)) - Starting Socket Reader #1 for port 46334
2019-09-20 00:03:06,014 [main] INFO  hdfs.DFSUtil (DFSUtil.java:httpServerTemplateForNNAndJN(1641)) - Starting Web-server for scm at: http://0.0.0.0:0
2019-09-20 00:03:06,016 [main] INFO  server.AuthenticationFilter (AuthenticationFilter.java:constructSecretProvider(240)) - Unable to initialize FileSignerSecretProvider, falling back to use random secrets.
2019-09-20 00:03:06,016 [main] WARN  http.HttpRequestLog (HttpRequestLog.java:getRequestLog(97)) - Jetty request log can only be enabled using Log4j
2019-09-20 00:03:06,018 [main] INFO  http.HttpServer2 (HttpServer2.java:addGlobalFilter(975)) - Added global filter 'safety' (class=org.apache.hadoop.http.HttpServer2$QuotingInputFilter)
2019-09-20 00:03:06,019 [main] INFO  http.HttpServer2 (HttpServer2.java:addFilter(948)) - Added filter static_user_filter (class=org.apache.hadoop.http.lib.StaticUserWebFilter$StaticUserFilter) to context scm
2019-09-20 00:03:06,019 [main] INFO  http.HttpServer2 (HttpServer2.java:addFilter(958)) - Added filter static_user_filter (class=org.apache.hadoop.http.lib.StaticUserWebFilter$StaticUserFilter) to context static
2019-09-20 00:03:06,019 [main] INFO  http.HttpServer2 (HttpServer2.java:addFilter(958)) - Added filter static_user_filter (class=org.apache.hadoop.http.lib.StaticUserWebFilter$StaticUserFilter) to context logs
2019-09-20 00:03:06,021 [main] INFO  server.StorageContainerManager (StorageContainerManager.java:start(770)) - StorageContainerLocationProtocol RPC server is listening at /0.0.0.0:46334
2019-09-20 00:03:06,023 [main] WARN  impl.MetricsConfig (MetricsConfig.java:loadFirst(134)) - Cannot locate configuration: tried hadoop-metrics2-storagecontainermanager.properties,hadoop-metrics2.properties
2019-09-20 00:03:06,024 [main] INFO  impl.MetricsSystemImpl (MetricsSystemImpl.java:startTimer(374)) - Scheduled Metric snapshot period at 10 second(s).
2019-09-20 00:03:06,025 [main] INFO  impl.MetricsSystemImpl (MetricsSystemImpl.java:start(191)) - StorageContainerManager metrics system started
2019-09-20 00:03:06,095 [main] WARN  impl.MetricsSystemImpl (MetricsSystemImpl.java:register(276)) - Sink prometheus already exists!
2019-09-20 00:03:06,101 [main] INFO  server.SCMClientProtocolServer (SCMClientProtocolServer.java:start(151)) - RPC server for Client  is listening at /0.0.0.0:46334
2019-09-20 00:03:06,101 [IPC Server Responder] INFO  ipc.Server (Server.java:run(1314)) - IPC Server Responder: starting
2019-09-20 00:03:06,102 [IPC Server listener on 46334] INFO  ipc.Server (Server.java:run(1153)) - IPC Server listener on 46334: starting
2019-09-20 00:03:06,105 [main] INFO  server.StorageContainerManager (StorageContainerManager.java:start(780)) - ScmBlockLocationProtocol RPC server is listening at /0.0.0.0:42358
2019-09-20 00:03:06,106 [main] INFO  server.SCMBlockProtocolServer (SCMBlockProtocolServer.java:start(146)) - RPC server for Block Protocol is listening at /0.0.0.0:42358
2019-09-20 00:03:06,106 [IPC Server Responder] INFO  ipc.Server (Server.java:run(1314)) - IPC Server Responder: starting
2019-09-20 00:03:06,106 [IPC Server listener on 42358] INFO  ipc.Server (Server.java:run(1153)) - IPC Server listener on 42358: starting
2019-09-20 00:03:06,110 [main] INFO  server.StorageContainerManager (StorageContainerManager.java:start(784)) - ScmDatanodeProtocl RPC server is listening at /0.0.0.0:36420
2019-09-20 00:03:06,110 [main] INFO  server.SCMDatanodeProtocolServer (SCMDatanodeProtocolServer.java:start(191)) - RPC server for DataNodes is listening at /0.0.0.0:36420
2019-09-20 00:03:06,110 [IPC Server Responder] INFO  ipc.Server (Server.java:run(1314)) - IPC Server Responder: starting
2019-09-20 00:03:06,110 [IPC Server listener on 36420] INFO  ipc.Server (Server.java:run(1153)) - IPC Server listener on 36420: starting
2019-09-20 00:03:06,114 [main] INFO  http.HttpServer2 (HttpServer2.java:bindListener(1191)) - Jetty bound to port 37801
2019-09-20 00:03:06,114 [main] INFO  server.Server (Server.java:doStart(351)) - jetty-9.3.24.v20180605, build timestamp: 2018-06-05T17:11:56Z, git hash: 84205aa28f11a4f31f2a3b86d1bba2cc8ab69827
2019-09-20 00:03:06,116 [main] INFO  handler.ContextHandler (ContextHandler.java:doStart(781)) - Started o.e.j.s.ServletContextHandler@45b32dfe{/logs,file:///workdir/hadoop-ozone/integration-test/target/log,AVAILABLE}
2019-09-20 00:03:06,117 [main] INFO  handler.ContextHandler (ContextHandler.java:doStart(781)) - Started o.e.j.s.ServletContextHandler@22d9ca63{/static,file:///workdir/hadoop-ozone/integration-test/target/test-classes/webapps/static,AVAILABLE}
2019-09-20 00:03:06,221 [main] INFO  handler.ContextHandler (ContextHandler.java:doStart(781)) - Started o.e.j.w.WebAppContext@7f287b98{/,file:///workdir/hadoop-ozone/integration-test/target/test-classes/webapps/scm/,AVAILABLE}{/scm}
2019-09-20 00:03:06,222 [main] INFO  server.AbstractConnector (AbstractConnector.java:doStart(278)) - Started ServerConnector@4684240f{HTTP/1.1,[http/1.1]}{0.0.0.0:37801}
2019-09-20 00:03:06,224 [main] INFO  server.Server (Server.java:doStart(419)) - Started @169983ms
2019-09-20 00:03:06,224 [main] WARN  impl.MetricsSystemImpl (MetricsSystemImpl.java:register(276)) - Sink prometheus already exists!
2019-09-20 00:03:06,225 [main] INFO  server.BaseHttpServer (BaseHttpServer.java:updateConnectorAddress(215)) - HTTP server of SCM is listening at http://0.0.0.0:37801
2019-09-20 00:03:06,226 [main] WARN  server.ServerUtils (ServerUtils.java:getDBPath(222)) - ozone.om.db.dirs is not configured. We recommend adding this setting. Falling back to ozone.metadata.dirs instead.
2019-09-20 00:03:06,227 [org.apache.hadoop.util.JvmPauseMonitor$Monitor@6975fb1c] INFO  util.JvmPauseMonitor (JvmPauseMonitor.java:run(188)) - Starting JVM pause monitor
2019-09-20 00:03:06,333 [main] WARN  server.ServerUtils (ServerUtils.java:getDBPath(222)) - ozone.om.db.dirs is not configured. We recommend adding this setting. Falling back to ozone.metadata.dirs instead.
2019-09-20 00:03:06,333 [main] WARN  server.ServerUtils (ServerUtils.java:getDBPath(222)) - ozone.om.db.dirs is not configured. We recommend adding this setting. Falling back to ozone.metadata.dirs instead.
2019-09-20 00:03:06,334 [main] INFO  om.OzoneManager (OzoneManager.java:setOMNodeDetails(652)) - OM Service ID is not set. Setting it to the default ID: omServiceIdDefault
2019-09-20 00:03:06,334 [main] INFO  om.OzoneManager (OzoneManager.java:setOMNodeDetails(658)) - OM Node ID is not set. Setting it to the OmStorage's OmID: c9b6af76-8331-4a83-aa8c-98127091863a
2019-09-20 00:03:06,334 [main] INFO  om.OzoneManager (OzoneManager.java:loadOMHAConfigs(609)) - Found matching OM address with OMServiceId: null, OMNodeId: null, RPC Address: localhost:0 and Ratis port: 9872
2019-09-20 00:03:06,342 [main] WARN  server.ServerUtils (ServerUtils.java:getDBPath(222)) - ozone.om.db.dirs is not configured. We recommend adding this setting. Falling back to ozone.metadata.dirs instead.
2019-09-20 00:03:06,342 [main] INFO  db.DBStoreBuilder (DBStoreBuilder.java:addTable(110)) - using custom profile for table: userTable
2019-09-20 00:03:06,342 [main] INFO  db.DBStoreBuilder (DBStoreBuilder.java:processTables(161)) - Using default column profile:DBProfile.DISK for Table:userTable
2019-09-20 00:03:06,343 [main] INFO  db.DBStoreBuilder (DBStoreBuilder.java:addTable(110)) - using custom profile for table: volumeTable
2019-09-20 00:03:06,343 [main] INFO  db.DBStoreBuilder (DBStoreBuilder.java:processTables(161)) - Using default column profile:DBProfile.DISK for Table:volumeTable
2019-09-20 00:03:06,343 [main] INFO  db.DBStoreBuilder (DBStoreBuilder.java:addTable(110)) - using custom profile for table: bucketTable
2019-09-20 00:03:06,343 [main] INFO  db.DBStoreBuilder (DBStoreBuilder.java:processTables(161)) - Using default column profile:DBProfile.DISK for Table:bucketTable
2019-09-20 00:03:06,343 [main] INFO  db.DBStoreBuilder (DBStoreBuilder.java:addTable(110)) - using custom profile for table: keyTable
2019-09-20 00:03:06,344 [main] INFO  db.DBStoreBuilder (DBStoreBuilder.java:processTables(161)) - Using default column profile:DBProfile.DISK for Table:keyTable
2019-09-20 00:03:06,344 [main] INFO  db.DBStoreBuilder (DBStoreBuilder.java:addTable(110)) - using custom profile for table: deletedTable
2019-09-20 00:03:06,344 [main] INFO  db.DBStoreBuilder (DBStoreBuilder.java:processTables(161)) - Using default column profile:DBProfile.DISK for Table:deletedTable
2019-09-20 00:03:06,344 [main] INFO  db.DBStoreBuilder (DBStoreBuilder.java:addTable(110)) - using custom profile for table: openKeyTable
2019-09-20 00:03:06,344 [main] INFO  db.DBStoreBuilder (DBStoreBuilder.java:processTables(161)) - Using default column profile:DBProfile.DISK for Table:openKeyTable
2019-09-20 00:03:06,345 [main] INFO  db.DBStoreBuilder (DBStoreBuilder.java:addTable(110)) - using custom profile for table: s3Table
2019-09-20 00:03:06,345 [main] INFO  db.DBStoreBuilder (DBStoreBuilder.java:processTables(161)) - Using default column profile:DBProfile.DISK for Table:s3Table
2019-09-20 00:03:06,345 [main] INFO  db.DBStoreBuilder (DBStoreBuilder.java:addTable(110)) - using custom profile for table: multipartInfoTable
2019-09-20 00:03:06,345 [main] INFO  db.DBStoreBuilder (DBStoreBuilder.java:processTables(161)) - Using default column profile:DBProfile.DISK for Table:multipartInfoTable
2019-09-20 00:03:06,346 [main] INFO  db.DBStoreBuilder (DBStoreBuilder.java:addTable(110)) - using custom profile for table: dTokenTable
2019-09-20 00:03:06,346 [main] INFO  db.DBStoreBuilder (DBStoreBuilder.java:processTables(161)) - Using default column profile:DBProfile.DISK for Table:dTokenTable
2019-09-20 00:03:06,346 [main] INFO  db.DBStoreBuilder (DBStoreBuilder.java:addTable(110)) - using custom profile for table: s3SecretTable
2019-09-20 00:03:06,346 [main] INFO  db.DBStoreBuilder (DBStoreBuilder.java:processTables(161)) - Using default column profile:DBProfile.DISK for Table:s3SecretTable
2019-09-20 00:03:06,346 [main] INFO  db.DBStoreBuilder (DBStoreBuilder.java:addTable(110)) - using custom profile for table: prefixTable
2019-09-20 00:03:06,347 [main] INFO  db.DBStoreBuilder (DBStoreBuilder.java:processTables(161)) - Using default column profile:DBProfile.DISK for Table:prefixTable
2019-09-20 00:03:06,347 [main] INFO  db.DBStoreBuilder (DBStoreBuilder.java:addTable(110)) - using custom profile for table: default
2019-09-20 00:03:06,347 [main] INFO  db.DBStoreBuilder (DBStoreBuilder.java:processTables(167)) - Using default column profile:DBProfile.DISK for Table:default
2019-09-20 00:03:06,347 [main] INFO  db.DBStoreBuilder (DBStoreBuilder.java:getDbProfile(198)) - Using default options. DBProfile.DISK
2019-09-20 00:03:07,381 [main] INFO  ipc.CallQueueManager (CallQueueManager.java:<init>(84)) - Using callQueue: class java.util.concurrent.LinkedBlockingQueue, queueCapacity: 2000, scheduler: class org.apache.hadoop.ipc.DefaultRpcScheduler, ipcBackoff: false.
2019-09-20 00:03:07,382 [Socket Reader #1 for port 32792] INFO  ipc.Server (Server.java:run(1074)) - Starting Socket Reader #1 for port 32792
2019-09-20 00:03:07,401 [main] INFO  om.OzoneManager (OzoneManager.java:start(1243)) - OzoneManager RPC server is listening at localhost/127.0.0.1:32792
2019-09-20 00:03:07,401 [main] INFO  impl.MetricsSystemImpl (MetricsSystemImpl.java:init(158)) - OzoneManager metrics system started (again)
2019-09-20 00:03:07,402 [IPC Server Responder] INFO  ipc.Server (Server.java:run(1314)) - IPC Server Responder: starting
2019-09-20 00:03:07,403 [IPC Server listener on 32792] INFO  ipc.Server (Server.java:run(1153)) - IPC Server listener on 32792: starting
2019-09-20 00:03:07,407 [main] INFO  hdfs.DFSUtil (DFSUtil.java:httpServerTemplateForNNAndJN(1641)) - Starting Web-server for ozoneManager at: http://0.0.0.0:0
2019-09-20 00:03:07,408 [main] INFO  server.AuthenticationFilter (AuthenticationFilter.java:constructSecretProvider(240)) - Unable to initialize FileSignerSecretProvider, falling back to use random secrets.
2019-09-20 00:03:07,409 [main] WARN  http.HttpRequestLog (HttpRequestLog.java:getRequestLog(97)) - Jetty request log can only be enabled using Log4j
2019-09-20 00:03:07,411 [main] INFO  http.HttpServer2 (HttpServer2.java:addGlobalFilter(975)) - Added global filter 'safety' (class=org.apache.hadoop.http.HttpServer2$QuotingInputFilter)
2019-09-20 00:03:07,411 [main] INFO  http.HttpServer2 (HttpServer2.java:addFilter(948)) - Added filter static_user_filter (class=org.apache.hadoop.http.lib.StaticUserWebFilter$StaticUserFilter) to context ozoneManager
2019-09-20 00:03:07,411 [main] INFO  http.HttpServer2 (HttpServer2.java:addFilter(958)) - Added filter static_user_filter (class=org.apache.hadoop.http.lib.StaticUserWebFilter$StaticUserFilter) to context static
2019-09-20 00:03:07,412 [main] INFO  http.HttpServer2 (HttpServer2.java:addFilter(958)) - Added filter static_user_filter (class=org.apache.hadoop.http.lib.StaticUserWebFilter$StaticUserFilter) to context logs
2019-09-20 00:03:07,412 [main] INFO  http.HttpServer2 (HttpServer2.java:bindListener(1191)) - Jetty bound to port 41127
2019-09-20 00:03:07,413 [main] INFO  server.Server (Server.java:doStart(351)) - jetty-9.3.24.v20180605, build timestamp: 2018-06-05T17:11:56Z, git hash: 84205aa28f11a4f31f2a3b86d1bba2cc8ab69827
2019-09-20 00:03:07,414 [main] INFO  handler.ContextHandler (ContextHandler.java:doStart(781)) - Started o.e.j.s.ServletContextHandler@3f6f3cc{/logs,file:///workdir/hadoop-ozone/integration-test/target/log,AVAILABLE}
2019-09-20 00:03:07,415 [main] INFO  handler.ContextHandler (ContextHandler.java:doStart(781)) - Started o.e.j.s.ServletContextHandler@733c464f{/static,file:///workdir/hadoop-ozone/integration-test/target/test-classes/webapps/static,AVAILABLE}
2019-09-20 00:03:07,443 [main] INFO  handler.ContextHandler (ContextHandler.java:doStart(781)) - Started o.e.j.w.WebAppContext@4eaf7902{/,file:///workdir/hadoop-ozone/integration-test/target/test-classes/webapps/ozoneManager/,AVAILABLE}{/ozoneManager}
2019-09-20 00:03:07,443 [main] INFO  server.AbstractConnector (AbstractConnector.java:doStart(278)) - Started ServerConnector@20c812c8{HTTP/1.1,[http/1.1]}{0.0.0.0:41127}
2019-09-20 00:03:07,444 [main] INFO  server.Server (Server.java:doStart(419)) - Started @171203ms
2019-09-20 00:03:07,445 [main] WARN  impl.MetricsSystemImpl (MetricsSystemImpl.java:register(276)) - Sink prometheus already exists!
2019-09-20 00:03:07,446 [main] INFO  server.BaseHttpServer (BaseHttpServer.java:updateConnectorAddress(215)) - HTTP server of OZONEMANAGER is listening at http://0.0.0.0:41127
2019-09-20 00:03:07,465 [main] INFO  impl.MetricsSystemImpl (MetricsSystemImpl.java:init(158)) - HddsDatanode metrics system started (again)
2019-09-20 00:03:07,468 [main] INFO  ozone.HddsDatanodeService (HddsDatanodeService.java:start(184)) - HddsDatanodeService host:pr-hdds-2020-7x4rg-3348829713 ip:192.168.5.182
2019-09-20 00:03:07,845 [main] INFO  volume.HddsVolume (HddsVolume.java:<init>(176)) - Creating Volume: /workdir/hadoop-ozone/integration-test/target/test-dir/MiniOzoneClusterImpl-ada7dc46-4703-4a2d-bedb-21dcd6e1b415/datanode-0/data/containers/hdds of  storage type : DISK and capacity : 1482555576320
2019-09-20 00:03:07,846 [main] INFO  volume.VolumeSet (VolumeSet.java:initializeVolumeSet(170)) - Added Volume : /workdir/hadoop-ozone/integration-test/target/test-dir/MiniOzoneClusterImpl-ada7dc46-4703-4a2d-bedb-21dcd6e1b415/datanode-0/data/containers/hdds to VolumeSet
2019-09-20 00:03:07,846 [main] INFO  volume.ThrottledAsyncChecker (ThrottledAsyncChecker.java:schedule(139)) - Scheduling a check for org.apache.hadoop.ozone.container.common.volume.HddsVolume@1536ea40
2019-09-20 00:03:07,846 [main] INFO  volume.HddsVolumeChecker (HddsVolumeChecker.java:checkAllVolumes(202)) - Scheduled health check for volume org.apache.hadoop.ozone.container.common.volume.HddsVolume@1536ea40
2019-09-20 00:03:07,860 [main] INFO  impl.RaftServerProxy (ConfUtils.java:logGet(43)) - raft.rpc.type = GRPC (default)
2019-09-20 00:03:07,860 [main] INFO  grpc.GrpcFactory (GrpcFactory.java:checkPooledByteBufAllocatorUseCacheForAllThreads(45)) - PERFORMANCE WARNING: useCacheForAllThreads is true that may cause Netty to create a lot garbage objects and, as a result, trigger GC.
	It is recommended to disable useCacheForAllThreads by setting -Dorg.apache.ratis.thirdparty.io.netty.allocator.useCacheForAllThreads=false in command line.
2019-09-20 00:03:07,860 [main] INFO  grpc.GrpcConfigKeys$Server (ConfUtils.java:logGet(43)) - raft.grpc.server.port = 0 (default)
2019-09-20 00:03:07,860 [main] INFO  server.GrpcService (ConfUtils.java:logGet(43)) - raft.grpc.message.size.max = 33570816 (custom)
2019-09-20 00:03:07,861 [main] INFO  server.RaftServerConfigKeys (ConfUtils.java:logGet(43)) - raft.server.log.appender.buffer.byte-limit = 33554432 (custom)
2019-09-20 00:03:07,861 [main] INFO  server.GrpcService (ConfUtils.java:logGet(43)) - raft.grpc.flow.control.window = 1MB (=1048576) (default)
2019-09-20 00:03:07,861 [main] INFO  server.RaftServerConfigKeys (ConfUtils.java:logGet(43)) - raft.server.rpc.request.timeout = 3000ms (default)
2019-09-20 00:03:07,861 [main] INFO  server.RaftServerConfigKeys (ConfUtils.java:logGet(43)) - raft.server.storage.dir = [/workdir/hadoop-ozone/integration-test/target/test-dir/MiniOzoneClusterImpl-ada7dc46-4703-4a2d-bedb-21dcd6e1b415/datanode-0/data/ratis] (custom)
2019-09-20 00:03:07,863 [main] INFO  hdfs.DFSUtil (DFSUtil.java:httpServerTemplateForNNAndJN(1641)) - Starting Web-server for hddsDatanode at: http://0.0.0.0:0
2019-09-20 00:03:07,867 [main] INFO  server.AuthenticationFilter (AuthenticationFilter.java:constructSecretProvider(240)) - Unable to initialize FileSignerSecretProvider, falling back to use random secrets.
2019-09-20 00:03:07,867 [main] WARN  http.HttpRequestLog (HttpRequestLog.java:getRequestLog(97)) - Jetty request log can only be enabled using Log4j
2019-09-20 00:03:07,868 [main] INFO  http.HttpServer2 (HttpServer2.java:addGlobalFilter(975)) - Added global filter 'safety' (class=org.apache.hadoop.http.HttpServer2$QuotingInputFilter)
2019-09-20 00:03:07,869 [main] INFO  http.HttpServer2 (HttpServer2.java:addFilter(948)) - Added filter static_user_filter (class=org.apache.hadoop.http.lib.StaticUserWebFilter$StaticUserFilter) to context hddsDatanode
2019-09-20 00:03:07,869 [main] INFO  http.HttpServer2 (HttpServer2.java:addFilter(958)) - Added filter static_user_filter (class=org.apache.hadoop.http.lib.StaticUserWebFilter$StaticUserFilter) to context logs
2019-09-20 00:03:07,869 [main] INFO  http.HttpServer2 (HttpServer2.java:addFilter(958)) - Added filter static_user_filter (class=org.apache.hadoop.http.lib.StaticUserWebFilter$StaticUserFilter) to context static
2019-09-20 00:03:07,870 [main] INFO  http.HttpServer2 (HttpServer2.java:bindListener(1191)) - Jetty bound to port 43374
2019-09-20 00:03:07,870 [main] INFO  server.Server (Server.java:doStart(351)) - jetty-9.3.24.v20180605, build timestamp: 2018-06-05T17:11:56Z, git hash: 84205aa28f11a4f31f2a3b86d1bba2cc8ab69827
2019-09-20 00:03:07,871 [main] INFO  handler.ContextHandler (ContextHandler.java:doStart(781)) - Started o.e.j.s.ServletContextHandler@4f486211{/logs,file:///workdir/hadoop-ozone/integration-test/target/log,AVAILABLE}
2019-09-20 00:03:07,872 [main] INFO  handler.ContextHandler (ContextHandler.java:doStart(781)) - Started o.e.j.s.ServletContextHandler@3a479fda{/static,jar:file:/home/user/.m2/repository/org/apache/hadoop/hadoop-hdds-container-service/0.5.0-SNAPSHOT/hadoop-hdds-container-service-0.5.0-SNAPSHOT.jar!/webapps/static,AVAILABLE}
2019-09-20 00:03:07,897 [main] INFO  handler.ContextHandler (ContextHandler.java:doStart(781)) - Started o.e.j.w.WebAppContext@307e4c44{/,file:///tmp/jetty-0.0.0.0-43374-hddsDatanode-_-any-5263011176753165308.dir/webapp/,AVAILABLE}{/hddsDatanode}
2019-09-20 00:03:07,898 [main] INFO  server.AbstractConnector (AbstractConnector.java:doStart(278)) - Started ServerConnector@2a8a3ada{HTTP/1.1,[http/1.1]}{0.0.0.0:43374}
2019-09-20 00:03:07,902 [main] INFO  server.Server (Server.java:doStart(419)) - Started @171660ms
2019-09-20 00:03:07,902 [main] WARN  impl.MetricsSystemImpl (MetricsSystemImpl.java:register(276)) - Sink prometheus already exists!
2019-09-20 00:03:07,903 [main] INFO  server.BaseHttpServer (BaseHttpServer.java:updateConnectorAddress(215)) - HTTP server of HDDSDATANODE is listening at http://0.0.0.0:43374
2019-09-20 00:03:07,903 [main] INFO  impl.MetricsSystemImpl (MetricsSystemImpl.java:init(158)) - HddsDatanode metrics system started (again)
2019-09-20 00:03:07,905 [org.apache.hadoop.util.JvmPauseMonitor$Monitor@3947e9a8] INFO  util.JvmPauseMonitor (JvmPauseMonitor.java:run(188)) - Starting JVM pause monitor
2019-09-20 00:03:07,905 [main] INFO  ozone.HddsDatanodeService (HddsDatanodeService.java:start(184)) - HddsDatanodeService host:pr-hdds-2020-7x4rg-3348829713 ip:192.168.5.182
2019-09-20 00:03:07,908 [Datanode State Machine Thread - 0] INFO  datanode.InitDatanodeState (InitDatanodeState.java:persistContainerDatanodeDetails(140)) - DatanodeDetails is persisted to /workdir/hadoop-ozone/integration-test/target/test-dir/MiniOzoneClusterImpl-ada7dc46-4703-4a2d-bedb-21dcd6e1b415/datanode-0/meta/datanode.id
2019-09-20 00:03:07,912 [main] INFO  volume.HddsVolume (HddsVolume.java:<init>(176)) - Creating Volume: /workdir/hadoop-ozone/integration-test/target/test-dir/MiniOzoneClusterImpl-ada7dc46-4703-4a2d-bedb-21dcd6e1b415/datanode-1/data/containers/hdds of  storage type : DISK and capacity : 1482555576320
2019-09-20 00:03:07,912 [main] INFO  volume.VolumeSet (VolumeSet.java:initializeVolumeSet(170)) - Added Volume : /workdir/hadoop-ozone/integration-test/target/test-dir/MiniOzoneClusterImpl-ada7dc46-4703-4a2d-bedb-21dcd6e1b415/datanode-1/data/containers/hdds to VolumeSet
2019-09-20 00:03:07,912 [main] INFO  volume.ThrottledAsyncChecker (ThrottledAsyncChecker.java:schedule(139)) - Scheduling a check for org.apache.hadoop.ozone.container.common.volume.HddsVolume@3c952a33
2019-09-20 00:03:07,913 [main] INFO  volume.HddsVolumeChecker (HddsVolumeChecker.java:checkAllVolumes(202)) - Scheduled health check for volume org.apache.hadoop.ozone.container.common.volume.HddsVolume@3c952a33
2019-09-20 00:03:07,929 [main] INFO  impl.RaftServerProxy (ConfUtils.java:logGet(43)) - raft.rpc.type = GRPC (default)
2019-09-20 00:03:07,929 [main] INFO  grpc.GrpcFactory (GrpcFactory.java:checkPooledByteBufAllocatorUseCacheForAllThreads(45)) - PERFORMANCE WARNING: useCacheForAllThreads is true that may cause Netty to create a lot garbage objects and, as a result, trigger GC.
	It is recommended to disable useCacheForAllThreads by setting -Dorg.apache.ratis.thirdparty.io.netty.allocator.useCacheForAllThreads=false in command line.
2019-09-20 00:03:07,929 [main] INFO  grpc.GrpcConfigKeys$Server (ConfUtils.java:logGet(43)) - raft.grpc.server.port = 0 (default)
2019-09-20 00:03:07,930 [main] INFO  server.GrpcService (ConfUtils.java:logGet(43)) - raft.grpc.message.size.max = 33570816 (custom)
2019-09-20 00:03:07,930 [main] INFO  server.RaftServerConfigKeys (ConfUtils.java:logGet(43)) - raft.server.log.appender.buffer.byte-limit = 33554432 (custom)
2019-09-20 00:03:07,930 [main] INFO  server.GrpcService (ConfUtils.java:logGet(43)) - raft.grpc.flow.control.window = 1MB (=1048576) (default)
2019-09-20 00:03:07,930 [main] INFO  server.RaftServerConfigKeys (ConfUtils.java:logGet(43)) - raft.server.rpc.request.timeout = 3000ms (default)
2019-09-20 00:03:07,931 [main] INFO  server.RaftServerConfigKeys (ConfUtils.java:logGet(43)) - raft.server.storage.dir = [/workdir/hadoop-ozone/integration-test/target/test-dir/MiniOzoneClusterImpl-ada7dc46-4703-4a2d-bedb-21dcd6e1b415/datanode-1/data/ratis] (custom)
2019-09-20 00:03:07,933 [main] INFO  hdfs.DFSUtil (DFSUtil.java:httpServerTemplateForNNAndJN(1641)) - Starting Web-server for hddsDatanode at: http://0.0.0.0:0
2019-09-20 00:03:07,935 [main] INFO  server.AuthenticationFilter (AuthenticationFilter.java:constructSecretProvider(240)) - Unable to initialize FileSignerSecretProvider, falling back to use random secrets.
2019-09-20 00:03:07,935 [main] WARN  http.HttpRequestLog (HttpRequestLog.java:getRequestLog(97)) - Jetty request log can only be enabled using Log4j
2019-09-20 00:03:07,937 [main] INFO  http.HttpServer2 (HttpServer2.java:addGlobalFilter(975)) - Added global filter 'safety' (class=org.apache.hadoop.http.HttpServer2$QuotingInputFilter)
2019-09-20 00:03:07,937 [main] INFO  http.HttpServer2 (HttpServer2.java:addFilter(948)) - Added filter static_user_filter (class=org.apache.hadoop.http.lib.StaticUserWebFilter$StaticUserFilter) to context hddsDatanode
2019-09-20 00:03:07,937 [main] INFO  http.HttpServer2 (HttpServer2.java:addFilter(958)) - Added filter static_user_filter (class=org.apache.hadoop.http.lib.StaticUserWebFilter$StaticUserFilter) to context logs
2019-09-20 00:03:07,938 [main] INFO  http.HttpServer2 (HttpServer2.java:addFilter(958)) - Added filter static_user_filter (class=org.apache.hadoop.http.lib.StaticUserWebFilter$StaticUserFilter) to context static
2019-09-20 00:03:07,938 [main] INFO  http.HttpServer2 (HttpServer2.java:bindListener(1191)) - Jetty bound to port 44905
2019-09-20 00:03:07,938 [main] INFO  server.Server (Server.java:doStart(351)) - jetty-9.3.24.v20180605, build timestamp: 2018-06-05T17:11:56Z, git hash: 84205aa28f11a4f31f2a3b86d1bba2cc8ab69827
2019-09-20 00:03:07,940 [main] INFO  handler.ContextHandler (ContextHandler.java:doStart(781)) - Started o.e.j.s.ServletContextHandler@3db432c2{/logs,file:///workdir/hadoop-ozone/integration-test/target/log,AVAILABLE}
2019-09-20 00:03:07,940 [main] INFO  handler.ContextHandler (ContextHandler.java:doStart(781)) - Started o.e.j.s.ServletContextHandler@1903b5d{/static,jar:file:/home/user/.m2/repository/org/apache/hadoop/hadoop-hdds-container-service/0.5.0-SNAPSHOT/hadoop-hdds-container-service-0.5.0-SNAPSHOT.jar!/webapps/static,AVAILABLE}
2019-09-20 00:03:08,162 [main] INFO  handler.ContextHandler (ContextHandler.java:doStart(781)) - Started o.e.j.w.WebAppContext@9687f55{/,file:///tmp/jetty-0.0.0.0-44905-hddsDatanode-_-any-8176362469458871713.dir/webapp/,AVAILABLE}{/hddsDatanode}
2019-09-20 00:03:08,163 [main] INFO  server.AbstractConnector (AbstractConnector.java:doStart(278)) - Started ServerConnector@5700c9db{HTTP/1.1,[http/1.1]}{0.0.0.0:44905}
2019-09-20 00:03:08,166 [main] INFO  server.Server (Server.java:doStart(419)) - Started @171925ms
2019-09-20 00:03:08,166 [main] WARN  impl.MetricsSystemImpl (MetricsSystemImpl.java:register(276)) - Sink prometheus already exists!
2019-09-20 00:03:08,168 [main] INFO  server.BaseHttpServer (BaseHttpServer.java:updateConnectorAddress(215)) - HTTP server of HDDSDATANODE is listening at http://0.0.0.0:44905
2019-09-20 00:03:08,168 [main] INFO  impl.MetricsSystemImpl (MetricsSystemImpl.java:init(158)) - HddsDatanode metrics system started (again)
2019-09-20 00:03:08,170 [org.apache.hadoop.util.JvmPauseMonitor$Monitor@25ea40f6] INFO  util.JvmPauseMonitor (JvmPauseMonitor.java:run(188)) - Starting JVM pause monitor
2019-09-20 00:03:08,174 [main] INFO  ozone.HddsDatanodeService (HddsDatanodeService.java:start(184)) - HddsDatanodeService host:pr-hdds-2020-7x4rg-3348829713 ip:192.168.5.182
2019-09-20 00:03:08,176 [Datanode State Machine Thread - 0] INFO  datanode.InitDatanodeState (InitDatanodeState.java:persistContainerDatanodeDetails(140)) - DatanodeDetails is persisted to /workdir/hadoop-ozone/integration-test/target/test-dir/MiniOzoneClusterImpl-ada7dc46-4703-4a2d-bedb-21dcd6e1b415/datanode-1/meta/datanode.id
2019-09-20 00:03:08,182 [main] INFO  volume.HddsVolume (HddsVolume.java:<init>(176)) - Creating Volume: /workdir/hadoop-ozone/integration-test/target/test-dir/MiniOzoneClusterImpl-ada7dc46-4703-4a2d-bedb-21dcd6e1b415/datanode-2/data/containers/hdds of  storage type : DISK and capacity : 1482555576320
2019-09-20 00:03:08,182 [main] INFO  volume.VolumeSet (VolumeSet.java:initializeVolumeSet(170)) - Added Volume : /workdir/hadoop-ozone/integration-test/target/test-dir/MiniOzoneClusterImpl-ada7dc46-4703-4a2d-bedb-21dcd6e1b415/datanode-2/data/containers/hdds to VolumeSet
2019-09-20 00:03:08,182 [main] INFO  volume.ThrottledAsyncChecker (ThrottledAsyncChecker.java:schedule(139)) - Scheduling a check for org.apache.hadoop.ozone.container.common.volume.HddsVolume@78910096
2019-09-20 00:03:08,183 [main] INFO  volume.HddsVolumeChecker (HddsVolumeChecker.java:checkAllVolumes(202)) - Scheduled health check for volume org.apache.hadoop.ozone.container.common.volume.HddsVolume@78910096
2019-09-20 00:03:08,200 [main] INFO  impl.RaftServerProxy (ConfUtils.java:logGet(43)) - raft.rpc.type = GRPC (default)
2019-09-20 00:03:08,200 [main] INFO  grpc.GrpcFactory (GrpcFactory.java:checkPooledByteBufAllocatorUseCacheForAllThreads(45)) - PERFORMANCE WARNING: useCacheForAllThreads is true that may cause Netty to create a lot garbage objects and, as a result, trigger GC.
	It is recommended to disable useCacheForAllThreads by setting -Dorg.apache.ratis.thirdparty.io.netty.allocator.useCacheForAllThreads=false in command line.
2019-09-20 00:03:08,200 [main] INFO  grpc.GrpcConfigKeys$Server (ConfUtils.java:logGet(43)) - raft.grpc.server.port = 0 (default)
2019-09-20 00:03:08,201 [main] INFO  server.GrpcService (ConfUtils.java:logGet(43)) - raft.grpc.message.size.max = 33570816 (custom)
2019-09-20 00:03:08,201 [main] INFO  server.RaftServerConfigKeys (ConfUtils.java:logGet(43)) - raft.server.log.appender.buffer.byte-limit = 33554432 (custom)
2019-09-20 00:03:08,201 [main] INFO  server.GrpcService (ConfUtils.java:logGet(43)) - raft.grpc.flow.control.window = 1MB (=1048576) (default)
2019-09-20 00:03:08,201 [main] INFO  server.RaftServerConfigKeys (ConfUtils.java:logGet(43)) - raft.server.rpc.request.timeout = 3000ms (default)
2019-09-20 00:03:08,202 [main] INFO  server.RaftServerConfigKeys (ConfUtils.java:logGet(43)) - raft.server.storage.dir = [/workdir/hadoop-ozone/integration-test/target/test-dir/MiniOzoneClusterImpl-ada7dc46-4703-4a2d-bedb-21dcd6e1b415/datanode-2/data/ratis] (custom)
2019-09-20 00:03:08,204 [main] INFO  hdfs.DFSUtil (DFSUtil.java:httpServerTemplateForNNAndJN(1641)) - Starting Web-server for hddsDatanode at: http://0.0.0.0:0
2019-09-20 00:03:08,205 [main] INFO  server.AuthenticationFilter (AuthenticationFilter.java:constructSecretProvider(240)) - Unable to initialize FileSignerSecretProvider, falling back to use random secrets.
2019-09-20 00:03:08,206 [main] WARN  http.HttpRequestLog (HttpRequestLog.java:getRequestLog(97)) - Jetty request log can only be enabled using Log4j
2019-09-20 00:03:08,207 [main] INFO  http.HttpServer2 (HttpServer2.java:addGlobalFilter(975)) - Added global filter 'safety' (class=org.apache.hadoop.http.HttpServer2$QuotingInputFilter)
2019-09-20 00:03:08,208 [main] INFO  http.HttpServer2 (HttpServer2.java:addFilter(948)) - Added filter static_user_filter (class=org.apache.hadoop.http.lib.StaticUserWebFilter$StaticUserFilter) to context hddsDatanode
2019-09-20 00:03:08,208 [main] INFO  http.HttpServer2 (HttpServer2.java:addFilter(958)) - Added filter static_user_filter (class=org.apache.hadoop.http.lib.StaticUserWebFilter$StaticUserFilter) to context static
2019-09-20 00:03:08,209 [main] INFO  http.HttpServer2 (HttpServer2.java:addFilter(958)) - Added filter static_user_filter (class=org.apache.hadoop.http.lib.StaticUserWebFilter$StaticUserFilter) to context logs
2019-09-20 00:03:08,209 [main] INFO  http.HttpServer2 (HttpServer2.java:bindListener(1191)) - Jetty bound to port 35206
2019-09-20 00:03:08,210 [main] INFO  server.Server (Server.java:doStart(351)) - jetty-9.3.24.v20180605, build timestamp: 2018-06-05T17:11:56Z, git hash: 84205aa28f11a4f31f2a3b86d1bba2cc8ab69827
2019-09-20 00:03:08,212 [main] INFO  handler.ContextHandler (ContextHandler.java:doStart(781)) - Started o.e.j.s.ServletContextHandler@6fa2448b{/logs,file:///workdir/hadoop-ozone/integration-test/target/log,AVAILABLE}
2019-09-20 00:03:08,212 [main] INFO  handler.ContextHandler (ContextHandler.java:doStart(781)) - Started o.e.j.s.ServletContextHandler@5c53f292{/static,jar:file:/home/user/.m2/repository/org/apache/hadoop/hadoop-hdds-container-service/0.5.0-SNAPSHOT/hadoop-hdds-container-service-0.5.0-SNAPSHOT.jar!/webapps/static,AVAILABLE}
2019-09-20 00:03:08,250 [main] INFO  handler.ContextHandler (ContextHandler.java:doStart(781)) - Started o.e.j.w.WebAppContext@2e5e6fc4{/,file:///tmp/jetty-0.0.0.0-35206-hddsDatanode-_-any-4208460538661577949.dir/webapp/,AVAILABLE}{/hddsDatanode}
2019-09-20 00:03:08,251 [main] INFO  server.AbstractConnector (AbstractConnector.java:doStart(278)) - Started ServerConnector@2785db06{HTTP/1.1,[http/1.1]}{0.0.0.0:35206}
2019-09-20 00:03:08,252 [main] INFO  server.Server (Server.java:doStart(419)) - Started @172011ms
2019-09-20 00:03:08,252 [main] WARN  impl.MetricsSystemImpl (MetricsSystemImpl.java:register(276)) - Sink prometheus already exists!
2019-09-20 00:03:08,253 [main] INFO  server.BaseHttpServer (BaseHttpServer.java:updateConnectorAddress(215)) - HTTP server of HDDSDATANODE is listening at http://0.0.0.0:35206
2019-09-20 00:03:08,254 [main] INFO  impl.MetricsSystemImpl (MetricsSystemImpl.java:init(158)) - HddsDatanode metrics system started (again)
2019-09-20 00:03:08,256 [org.apache.hadoop.util.JvmPauseMonitor$Monitor@53ab69e1] INFO  util.JvmPauseMonitor (JvmPauseMonitor.java:run(188)) - Starting JVM pause monitor
2019-09-20 00:03:08,257 [main] INFO  ozone.HddsDatanodeService (HddsDatanodeService.java:start(184)) - HddsDatanodeService host:pr-hdds-2020-7x4rg-3348829713 ip:192.168.5.182
2019-09-20 00:03:08,258 [Datanode State Machine Thread - 0] INFO  datanode.InitDatanodeState (InitDatanodeState.java:persistContainerDatanodeDetails(140)) - DatanodeDetails is persisted to /workdir/hadoop-ozone/integration-test/target/test-dir/MiniOzoneClusterImpl-ada7dc46-4703-4a2d-bedb-21dcd6e1b415/datanode-2/meta/datanode.id
2019-09-20 00:03:08,266 [main] INFO  volume.HddsVolume (HddsVolume.java:<init>(176)) - Creating Volume: /workdir/hadoop-ozone/integration-test/target/test-dir/MiniOzoneClusterImpl-ada7dc46-4703-4a2d-bedb-21dcd6e1b415/datanode-3/data/containers/hdds of  storage type : DISK and capacity : 1482555576320
2019-09-20 00:03:08,266 [main] INFO  volume.VolumeSet (VolumeSet.java:initializeVolumeSet(170)) - Added Volume : /workdir/hadoop-ozone/integration-test/target/test-dir/MiniOzoneClusterImpl-ada7dc46-4703-4a2d-bedb-21dcd6e1b415/datanode-3/data/containers/hdds to VolumeSet
2019-09-20 00:03:08,266 [main] INFO  volume.ThrottledAsyncChecker (ThrottledAsyncChecker.java:schedule(139)) - Scheduling a check for org.apache.hadoop.ozone.container.common.volume.HddsVolume@4c302f38
2019-09-20 00:03:08,267 [main] INFO  volume.HddsVolumeChecker (HddsVolumeChecker.java:checkAllVolumes(202)) - Scheduled health check for volume org.apache.hadoop.ozone.container.common.volume.HddsVolume@4c302f38
2019-09-20 00:03:08,280 [main] INFO  impl.RaftServerProxy (ConfUtils.java:logGet(43)) - raft.rpc.type = GRPC (default)
2019-09-20 00:03:08,280 [main] INFO  grpc.GrpcFactory (GrpcFactory.java:checkPooledByteBufAllocatorUseCacheForAllThreads(45)) - PERFORMANCE WARNING: useCacheForAllThreads is true that may cause Netty to create a lot garbage objects and, as a result, trigger GC.
	It is recommended to disable useCacheForAllThreads by setting -Dorg.apache.ratis.thirdparty.io.netty.allocator.useCacheForAllThreads=false in command line.
2019-09-20 00:03:08,280 [main] INFO  grpc.GrpcConfigKeys$Server (ConfUtils.java:logGet(43)) - raft.grpc.server.port = 0 (default)
2019-09-20 00:03:08,280 [main] INFO  server.GrpcService (ConfUtils.java:logGet(43)) - raft.grpc.message.size.max = 33570816 (custom)
2019-09-20 00:03:08,281 [main] INFO  server.RaftServerConfigKeys (ConfUtils.java:logGet(43)) - raft.server.log.appender.buffer.byte-limit = 33554432 (custom)
2019-09-20 00:03:08,281 [main] INFO  server.GrpcService (ConfUtils.java:logGet(43)) - raft.grpc.flow.control.window = 1MB (=1048576) (default)
2019-09-20 00:03:08,281 [main] INFO  server.RaftServerConfigKeys (ConfUtils.java:logGet(43)) - raft.server.rpc.request.timeout = 3000ms (default)
2019-09-20 00:03:08,282 [main] INFO  server.RaftServerConfigKeys (ConfUtils.java:logGet(43)) - raft.server.storage.dir = [/workdir/hadoop-ozone/integration-test/target/test-dir/MiniOzoneClusterImpl-ada7dc46-4703-4a2d-bedb-21dcd6e1b415/datanode-3/data/ratis] (custom)
2019-09-20 00:03:08,283 [main] INFO  hdfs.DFSUtil (DFSUtil.java:httpServerTemplateForNNAndJN(1641)) - Starting Web-server for hddsDatanode at: http://0.0.0.0:0
2019-09-20 00:03:08,284 [main] INFO  server.AuthenticationFilter (AuthenticationFilter.java:constructSecretProvider(240)) - Unable to initialize FileSignerSecretProvider, falling back to use random secrets.
2019-09-20 00:03:08,284 [main] WARN  http.HttpRequestLog (HttpRequestLog.java:getRequestLog(97)) - Jetty request log can only be enabled using Log4j
2019-09-20 00:03:08,286 [main] INFO  http.HttpServer2 (HttpServer2.java:addGlobalFilter(975)) - Added global filter 'safety' (class=org.apache.hadoop.http.HttpServer2$QuotingInputFilter)
2019-09-20 00:03:08,286 [main] INFO  http.HttpServer2 (HttpServer2.java:addFilter(948)) - Added filter static_user_filter (class=org.apache.hadoop.http.lib.StaticUserWebFilter$StaticUserFilter) to context hddsDatanode
2019-09-20 00:03:08,287 [main] INFO  http.HttpServer2 (HttpServer2.java:addFilter(958)) - Added filter static_user_filter (class=org.apache.hadoop.http.lib.StaticUserWebFilter$StaticUserFilter) to context logs
2019-09-20 00:03:08,287 [main] INFO  http.HttpServer2 (HttpServer2.java:addFilter(958)) - Added filter static_user_filter (class=org.apache.hadoop.http.lib.StaticUserWebFilter$StaticUserFilter) to context static
2019-09-20 00:03:08,287 [main] INFO  http.HttpServer2 (HttpServer2.java:bindListener(1191)) - Jetty bound to port 43497
2019-09-20 00:03:08,288 [main] INFO  server.Server (Server.java:doStart(351)) - jetty-9.3.24.v20180605, build timestamp: 2018-06-05T17:11:56Z, git hash: 84205aa28f11a4f31f2a3b86d1bba2cc8ab69827
2019-09-20 00:03:08,289 [main] INFO  handler.ContextHandler (ContextHandler.java:doStart(781)) - Started o.e.j.s.ServletContextHandler@3c232051{/logs,file:///workdir/hadoop-ozone/integration-test/target/log,AVAILABLE}
2019-09-20 00:03:08,290 [main] INFO  handler.ContextHandler (ContextHandler.java:doStart(781)) - Started o.e.j.s.ServletContextHandler@3ab35b9c{/static,jar:file:/home/user/.m2/repository/org/apache/hadoop/hadoop-hdds-container-service/0.5.0-SNAPSHOT/hadoop-hdds-container-service-0.5.0-SNAPSHOT.jar!/webapps/static,AVAILABLE}
2019-09-20 00:03:08,329 [main] INFO  handler.ContextHandler (ContextHandler.java:doStart(781)) - Started o.e.j.w.WebAppContext@789c3057{/,file:///tmp/jetty-0.0.0.0-43497-hddsDatanode-_-any-6390338751326625240.dir/webapp/,AVAILABLE}{/hddsDatanode}
2019-09-20 00:03:08,329 [main] INFO  server.AbstractConnector (AbstractConnector.java:doStart(278)) - Started ServerConnector@39941489{HTTP/1.1,[http/1.1]}{0.0.0.0:43497}
2019-09-20 00:03:08,330 [main] INFO  server.Server (Server.java:doStart(419)) - Started @172089ms
2019-09-20 00:03:08,331 [main] WARN  impl.MetricsSystemImpl (MetricsSystemImpl.java:register(276)) - Sink prometheus already exists!
2019-09-20 00:03:08,331 [main] INFO  server.BaseHttpServer (BaseHttpServer.java:updateConnectorAddress(215)) - HTTP server of HDDSDATANODE is listening at http://0.0.0.0:43497
2019-09-20 00:03:08,332 [main] INFO  impl.MetricsSystemImpl (MetricsSystemImpl.java:init(158)) - HddsDatanode metrics system started (again)
2019-09-20 00:03:08,335 [org.apache.hadoop.util.JvmPauseMonitor$Monitor@2fb94480] INFO  util.JvmPauseMonitor (JvmPauseMonitor.java:run(188)) - Starting JVM pause monitor
2019-09-20 00:03:08,335 [main] INFO  ozone.HddsDatanodeService (HddsDatanodeService.java:start(184)) - HddsDatanodeService host:pr-hdds-2020-7x4rg-3348829713 ip:192.168.5.182
2019-09-20 00:03:08,336 [Datanode State Machine Thread - 0] INFO  datanode.InitDatanodeState (InitDatanodeState.java:persistContainerDatanodeDetails(140)) - DatanodeDetails is persisted to /workdir/hadoop-ozone/integration-test/target/test-dir/MiniOzoneClusterImpl-ada7dc46-4703-4a2d-bedb-21dcd6e1b415/datanode-3/meta/datanode.id
2019-09-20 00:03:08,347 [main] INFO  volume.HddsVolume (HddsVolume.java:<init>(176)) - Creating Volume: /workdir/hadoop-ozone/integration-test/target/test-dir/MiniOzoneClusterImpl-ada7dc46-4703-4a2d-bedb-21dcd6e1b415/datanode-4/data/containers/hdds of  storage type : DISK and capacity : 1482555576320
2019-09-20 00:03:08,347 [main] INFO  volume.VolumeSet (VolumeSet.java:initializeVolumeSet(170)) - Added Volume : /workdir/hadoop-ozone/integration-test/target/test-dir/MiniOzoneClusterImpl-ada7dc46-4703-4a2d-bedb-21dcd6e1b415/datanode-4/data/containers/hdds to VolumeSet
2019-09-20 00:03:08,347 [main] INFO  volume.ThrottledAsyncChecker (ThrottledAsyncChecker.java:schedule(139)) - Scheduling a check for org.apache.hadoop.ozone.container.common.volume.HddsVolume@49433c98
2019-09-20 00:03:08,348 [main] INFO  volume.HddsVolumeChecker (HddsVolumeChecker.java:checkAllVolumes(202)) - Scheduled health check for volume org.apache.hadoop.ozone.container.common.volume.HddsVolume@49433c98
2019-09-20 00:03:08,362 [main] INFO  impl.RaftServerProxy (ConfUtils.java:logGet(43)) - raft.rpc.type = GRPC (default)
2019-09-20 00:03:08,362 [main] INFO  grpc.GrpcFactory (GrpcFactory.java:checkPooledByteBufAllocatorUseCacheForAllThreads(45)) - PERFORMANCE WARNING: useCacheForAllThreads is true that may cause Netty to create a lot garbage objects and, as a result, trigger GC.
	It is recommended to disable useCacheForAllThreads by setting -Dorg.apache.ratis.thirdparty.io.netty.allocator.useCacheForAllThreads=false in command line.
2019-09-20 00:03:08,362 [main] INFO  grpc.GrpcConfigKeys$Server (ConfUtils.java:logGet(43)) - raft.grpc.server.port = 0 (default)
2019-09-20 00:03:08,362 [main] INFO  server.GrpcService (ConfUtils.java:logGet(43)) - raft.grpc.message.size.max = 33570816 (custom)
2019-09-20 00:03:08,363 [main] INFO  server.RaftServerConfigKeys (ConfUtils.java:logGet(43)) - raft.server.log.appender.buffer.byte-limit = 33554432 (custom)
2019-09-20 00:03:08,363 [main] INFO  server.GrpcService (ConfUtils.java:logGet(43)) - raft.grpc.flow.control.window = 1MB (=1048576) (default)
2019-09-20 00:03:08,363 [main] INFO  server.RaftServerConfigKeys (ConfUtils.java:logGet(43)) - raft.server.rpc.request.timeout = 3000ms (default)
2019-09-20 00:03:08,363 [main] INFO  server.RaftServerConfigKeys (ConfUtils.java:logGet(43)) - raft.server.storage.dir = [/workdir/hadoop-ozone/integration-test/target/test-dir/MiniOzoneClusterImpl-ada7dc46-4703-4a2d-bedb-21dcd6e1b415/datanode-4/data/ratis] (custom)
2019-09-20 00:03:08,365 [main] INFO  hdfs.DFSUtil (DFSUtil.java:httpServerTemplateForNNAndJN(1641)) - Starting Web-server for hddsDatanode at: http://0.0.0.0:0
2019-09-20 00:03:08,366 [main] INFO  server.AuthenticationFilter (AuthenticationFilter.java:constructSecretProvider(240)) - Unable to initialize FileSignerSecretProvider, falling back to use random secrets.
2019-09-20 00:03:08,366 [main] WARN  http.HttpRequestLog (HttpRequestLog.java:getRequestLog(97)) - Jetty request log can only be enabled using Log4j
2019-09-20 00:03:08,368 [main] INFO  http.HttpServer2 (HttpServer2.java:addGlobalFilter(975)) - Added global filter 'safety' (class=org.apache.hadoop.http.HttpServer2$QuotingInputFilter)
2019-09-20 00:03:08,368 [main] INFO  http.HttpServer2 (HttpServer2.java:addFilter(948)) - Added filter static_user_filter (class=org.apache.hadoop.http.lib.StaticUserWebFilter$StaticUserFilter) to context hddsDatanode
2019-09-20 00:03:08,368 [main] INFO  http.HttpServer2 (HttpServer2.java:addFilter(958)) - Added filter static_user_filter (class=org.apache.hadoop.http.lib.StaticUserWebFilter$StaticUserFilter) to context logs
2019-09-20 00:03:08,368 [main] INFO  http.HttpServer2 (HttpServer2.java:addFilter(958)) - Added filter static_user_filter (class=org.apache.hadoop.http.lib.StaticUserWebFilter$StaticUserFilter) to context static
2019-09-20 00:03:08,369 [main] INFO  http.HttpServer2 (HttpServer2.java:bindListener(1191)) - Jetty bound to port 43841
2019-09-20 00:03:08,369 [main] INFO  server.Server (Server.java:doStart(351)) - jetty-9.3.24.v20180605, build timestamp: 2018-06-05T17:11:56Z, git hash: 84205aa28f11a4f31f2a3b86d1bba2cc8ab69827
2019-09-20 00:03:08,371 [main] INFO  handler.ContextHandler (ContextHandler.java:doStart(781)) - Started o.e.j.s.ServletContextHandler@71e7adbb{/logs,file:///workdir/hadoop-ozone/integration-test/target/log,AVAILABLE}
2019-09-20 00:03:08,371 [main] INFO  handler.ContextHandler (ContextHandler.java:doStart(781)) - Started o.e.j.s.ServletContextHandler@7c40ffef{/static,jar:file:/home/user/.m2/repository/org/apache/hadoop/hadoop-hdds-container-service/0.5.0-SNAPSHOT/hadoop-hdds-container-service-0.5.0-SNAPSHOT.jar!/webapps/static,AVAILABLE}
2019-09-20 00:03:08,429 [main] INFO  handler.ContextHandler (ContextHandler.java:doStart(781)) - Started o.e.j.w.WebAppContext@3a8cea24{/,file:///tmp/jetty-0.0.0.0-43841-hddsDatanode-_-any-8686867928564397579.dir/webapp/,AVAILABLE}{/hddsDatanode}
2019-09-20 00:03:08,429 [main] INFO  server.AbstractConnector (AbstractConnector.java:doStart(278)) - Started ServerConnector@1eb9a3ef{HTTP/1.1,[http/1.1]}{0.0.0.0:43841}
2019-09-20 00:03:08,431 [main] INFO  server.Server (Server.java:doStart(419)) - Started @172190ms
2019-09-20 00:03:08,431 [main] WARN  impl.MetricsSystemImpl (MetricsSystemImpl.java:register(276)) - Sink prometheus already exists!
2019-09-20 00:03:08,432 [main] INFO  server.BaseHttpServer (BaseHttpServer.java:updateConnectorAddress(215)) - HTTP server of HDDSDATANODE is listening at http://0.0.0.0:43841
2019-09-20 00:03:08,433 [main] INFO  impl.MetricsSystemImpl (MetricsSystemImpl.java:init(158)) - HddsDatanode metrics system started (again)
2019-09-20 00:03:08,436 [org.apache.hadoop.util.JvmPauseMonitor$Monitor@2a1554c3] INFO  util.JvmPauseMonitor (JvmPauseMonitor.java:run(188)) - Starting JVM pause monitor
2019-09-20 00:03:08,436 [main] INFO  ozone.HddsDatanodeService (HddsDatanodeService.java:start(184)) - HddsDatanodeService host:pr-hdds-2020-7x4rg-3348829713 ip:192.168.5.182
2019-09-20 00:03:08,438 [Datanode State Machine Thread - 0] INFO  datanode.InitDatanodeState (InitDatanodeState.java:persistContainerDatanodeDetails(140)) - DatanodeDetails is persisted to /workdir/hadoop-ozone/integration-test/target/test-dir/MiniOzoneClusterImpl-ada7dc46-4703-4a2d-bedb-21dcd6e1b415/datanode-4/meta/datanode.id
2019-09-20 00:03:08,444 [main] INFO  volume.HddsVolume (HddsVolume.java:<init>(176)) - Creating Volume: /workdir/hadoop-ozone/integration-test/target/test-dir/MiniOzoneClusterImpl-ada7dc46-4703-4a2d-bedb-21dcd6e1b415/datanode-5/data/containers/hdds of  storage type : DISK and capacity : 1482555576320
2019-09-20 00:03:08,445 [main] INFO  volume.VolumeSet (VolumeSet.java:initializeVolumeSet(170)) - Added Volume : /workdir/hadoop-ozone/integration-test/target/test-dir/MiniOzoneClusterImpl-ada7dc46-4703-4a2d-bedb-21dcd6e1b415/datanode-5/data/containers/hdds to VolumeSet
2019-09-20 00:03:08,445 [main] INFO  volume.ThrottledAsyncChecker (ThrottledAsyncChecker.java:schedule(139)) - Scheduling a check for org.apache.hadoop.ozone.container.common.volume.HddsVolume@157d3a45
2019-09-20 00:03:08,446 [main] INFO  volume.HddsVolumeChecker (HddsVolumeChecker.java:checkAllVolumes(202)) - Scheduled health check for volume org.apache.hadoop.ozone.container.common.volume.HddsVolume@157d3a45
2019-09-20 00:03:08,459 [main] INFO  impl.RaftServerProxy (ConfUtils.java:logGet(43)) - raft.rpc.type = GRPC (default)
2019-09-20 00:03:08,460 [main] INFO  grpc.GrpcFactory (GrpcFactory.java:checkPooledByteBufAllocatorUseCacheForAllThreads(45)) - PERFORMANCE WARNING: useCacheForAllThreads is true that may cause Netty to create a lot garbage objects and, as a result, trigger GC.
	It is recommended to disable useCacheForAllThreads by setting -Dorg.apache.ratis.thirdparty.io.netty.allocator.useCacheForAllThreads=false in command line.
2019-09-20 00:03:08,460 [main] INFO  grpc.GrpcConfigKeys$Server (ConfUtils.java:logGet(43)) - raft.grpc.server.port = 0 (default)
2019-09-20 00:03:08,460 [main] INFO  server.GrpcService (ConfUtils.java:logGet(43)) - raft.grpc.message.size.max = 33570816 (custom)
2019-09-20 00:03:08,460 [main] INFO  server.RaftServerConfigKeys (ConfUtils.java:logGet(43)) - raft.server.log.appender.buffer.byte-limit = 33554432 (custom)
2019-09-20 00:03:08,460 [main] INFO  server.GrpcService (ConfUtils.java:logGet(43)) - raft.grpc.flow.control.window = 1MB (=1048576) (default)
2019-09-20 00:03:08,461 [main] INFO  server.RaftServerConfigKeys (ConfUtils.java:logGet(43)) - raft.server.rpc.request.timeout = 3000ms (default)
2019-09-20 00:03:08,461 [main] INFO  server.RaftServerConfigKeys (ConfUtils.java:logGet(43)) - raft.server.storage.dir = [/workdir/hadoop-ozone/integration-test/target/test-dir/MiniOzoneClusterImpl-ada7dc46-4703-4a2d-bedb-21dcd6e1b415/datanode-5/data/ratis] (custom)
2019-09-20 00:03:08,462 [main] INFO  hdfs.DFSUtil (DFSUtil.java:httpServerTemplateForNNAndJN(1641)) - Starting Web-server for hddsDatanode at: http://0.0.0.0:0
2019-09-20 00:03:08,463 [main] INFO  server.AuthenticationFilter (AuthenticationFilter.java:constructSecretProvider(240)) - Unable to initialize FileSignerSecretProvider, falling back to use random secrets.
2019-09-20 00:03:08,464 [main] WARN  http.HttpRequestLog (HttpRequestLog.java:getRequestLog(97)) - Jetty request log can only be enabled using Log4j
2019-09-20 00:03:08,465 [main] INFO  http.HttpServer2 (HttpServer2.java:addGlobalFilter(975)) - Added global filter 'safety' (class=org.apache.hadoop.http.HttpServer2$QuotingInputFilter)
2019-09-20 00:03:08,466 [main] INFO  http.HttpServer2 (HttpServer2.java:addFilter(948)) - Added filter static_user_filter (class=org.apache.hadoop.http.lib.StaticUserWebFilter$StaticUserFilter) to context hddsDatanode
2019-09-20 00:03:08,466 [main] INFO  http.HttpServer2 (HttpServer2.java:addFilter(958)) - Added filter static_user_filter (class=org.apache.hadoop.http.lib.StaticUserWebFilter$StaticUserFilter) to context logs
2019-09-20 00:03:08,466 [main] INFO  http.HttpServer2 (HttpServer2.java:addFilter(958)) - Added filter static_user_filter (class=org.apache.hadoop.http.lib.StaticUserWebFilter$StaticUserFilter) to context static
2019-09-20 00:03:08,467 [main] INFO  http.HttpServer2 (HttpServer2.java:bindListener(1191)) - Jetty bound to port 35057
2019-09-20 00:03:08,467 [main] INFO  server.Server (Server.java:doStart(351)) - jetty-9.3.24.v20180605, build timestamp: 2018-06-05T17:11:56Z, git hash: 84205aa28f11a4f31f2a3b86d1bba2cc8ab69827
2019-09-20 00:03:08,469 [main] INFO  handler.ContextHandler (ContextHandler.java:doStart(781)) - Started o.e.j.s.ServletContextHandler@704067c6{/logs,file:///workdir/hadoop-ozone/integration-test/target/log,AVAILABLE}
2019-09-20 00:03:08,469 [main] INFO  handler.ContextHandler (ContextHandler.java:doStart(781)) - Started o.e.j.s.ServletContextHandler@6002e944{/static,jar:file:/home/user/.m2/repository/org/apache/hadoop/hadoop-hdds-container-service/0.5.0-SNAPSHOT/hadoop-hdds-container-service-0.5.0-SNAPSHOT.jar!/webapps/static,AVAILABLE}
2019-09-20 00:03:08,496 [main] INFO  handler.ContextHandler (ContextHandler.java:doStart(781)) - Started o.e.j.w.WebAppContext@11d86b9d{/,file:///tmp/jetty-0.0.0.0-35057-hddsDatanode-_-any-4942380224672105989.dir/webapp/,AVAILABLE}{/hddsDatanode}
2019-09-20 00:03:08,497 [main] INFO  server.AbstractConnector (AbstractConnector.java:doStart(278)) - Started ServerConnector@6dce59e{HTTP/1.1,[http/1.1]}{0.0.0.0:35057}
2019-09-20 00:03:08,499 [main] INFO  server.Server (Server.java:doStart(419)) - Started @172257ms
2019-09-20 00:03:08,499 [main] WARN  impl.MetricsSystemImpl (MetricsSystemImpl.java:register(276)) - Sink prometheus already exists!
2019-09-20 00:03:08,500 [main] INFO  server.BaseHttpServer (BaseHttpServer.java:updateConnectorAddress(215)) - HTTP server of HDDSDATANODE is listening at http://0.0.0.0:35057
2019-09-20 00:03:08,500 [main] INFO  impl.MetricsSystemImpl (MetricsSystemImpl.java:init(158)) - HddsDatanode metrics system started (again)
2019-09-20 00:03:08,504 [org.apache.hadoop.util.JvmPauseMonitor$Monitor@553c4cd6] INFO  util.JvmPauseMonitor (JvmPauseMonitor.java:run(188)) - Starting JVM pause monitor
2019-09-20 00:03:08,504 [main] INFO  ozone.HddsDatanodeService (HddsDatanodeService.java:start(184)) - HddsDatanodeService host:pr-hdds-2020-7x4rg-3348829713 ip:192.168.5.182
2019-09-20 00:03:08,505 [Datanode State Machine Thread - 0] INFO  datanode.InitDatanodeState (InitDatanodeState.java:persistContainerDatanodeDetails(140)) - DatanodeDetails is persisted to /workdir/hadoop-ozone/integration-test/target/test-dir/MiniOzoneClusterImpl-ada7dc46-4703-4a2d-bedb-21dcd6e1b415/datanode-5/meta/datanode.id
2019-09-20 00:03:08,511 [main] INFO  volume.HddsVolume (HddsVolume.java:<init>(176)) - Creating Volume: /workdir/hadoop-ozone/integration-test/target/test-dir/MiniOzoneClusterImpl-ada7dc46-4703-4a2d-bedb-21dcd6e1b415/datanode-6/data/containers/hdds of  storage type : DISK and capacity : 1482555576320
2019-09-20 00:03:08,511 [main] INFO  volume.VolumeSet (VolumeSet.java:initializeVolumeSet(170)) - Added Volume : /workdir/hadoop-ozone/integration-test/target/test-dir/MiniOzoneClusterImpl-ada7dc46-4703-4a2d-bedb-21dcd6e1b415/datanode-6/data/containers/hdds to VolumeSet
2019-09-20 00:03:08,512 [main] INFO  volume.ThrottledAsyncChecker (ThrottledAsyncChecker.java:schedule(139)) - Scheduling a check for org.apache.hadoop.ozone.container.common.volume.HddsVolume@3d53e6f7
2019-09-20 00:03:08,512 [main] INFO  volume.HddsVolumeChecker (HddsVolumeChecker.java:checkAllVolumes(202)) - Scheduled health check for volume org.apache.hadoop.ozone.container.common.volume.HddsVolume@3d53e6f7
2019-09-20 00:03:08,524 [main] INFO  impl.RaftServerProxy (ConfUtils.java:logGet(43)) - raft.rpc.type = GRPC (default)
2019-09-20 00:03:08,524 [main] INFO  grpc.GrpcFactory (GrpcFactory.java:checkPooledByteBufAllocatorUseCacheForAllThreads(45)) - PERFORMANCE WARNING: useCacheForAllThreads is true that may cause Netty to create a lot garbage objects and, as a result, trigger GC.
	It is recommended to disable useCacheForAllThreads by setting -Dorg.apache.ratis.thirdparty.io.netty.allocator.useCacheForAllThreads=false in command line.
2019-09-20 00:03:08,524 [main] INFO  grpc.GrpcConfigKeys$Server (ConfUtils.java:logGet(43)) - raft.grpc.server.port = 0 (default)
2019-09-20 00:03:08,524 [main] INFO  server.GrpcService (ConfUtils.java:logGet(43)) - raft.grpc.message.size.max = 33570816 (custom)
2019-09-20 00:03:08,524 [main] INFO  server.RaftServerConfigKeys (ConfUtils.java:logGet(43)) - raft.server.log.appender.buffer.byte-limit = 33554432 (custom)
2019-09-20 00:03:08,524 [main] INFO  server.GrpcService (ConfUtils.java:logGet(43)) - raft.grpc.flow.control.window = 1MB (=1048576) (default)
2019-09-20 00:03:08,525 [main] INFO  server.RaftServerConfigKeys (ConfUtils.java:logGet(43)) - raft.server.rpc.request.timeout = 3000ms (default)
2019-09-20 00:03:08,525 [main] INFO  server.RaftServerConfigKeys (ConfUtils.java:logGet(43)) - raft.server.storage.dir = [/workdir/hadoop-ozone/integration-test/target/test-dir/MiniOzoneClusterImpl-ada7dc46-4703-4a2d-bedb-21dcd6e1b415/datanode-6/data/ratis] (custom)
2019-09-20 00:03:08,526 [main] INFO  hdfs.DFSUtil (DFSUtil.java:httpServerTemplateForNNAndJN(1641)) - Starting Web-server for hddsDatanode at: http://0.0.0.0:0
2019-09-20 00:03:08,527 [main] INFO  server.AuthenticationFilter (AuthenticationFilter.java:constructSecretProvider(240)) - Unable to initialize FileSignerSecretProvider, falling back to use random secrets.
2019-09-20 00:03:08,528 [main] WARN  http.HttpRequestLog (HttpRequestLog.java:getRequestLog(97)) - Jetty request log can only be enabled using Log4j
2019-09-20 00:03:08,529 [main] INFO  http.HttpServer2 (HttpServer2.java:addGlobalFilter(975)) - Added global filter 'safety' (class=org.apache.hadoop.http.HttpServer2$QuotingInputFilter)
2019-09-20 00:03:08,529 [main] INFO  http.HttpServer2 (HttpServer2.java:addFilter(948)) - Added filter static_user_filter (class=org.apache.hadoop.http.lib.StaticUserWebFilter$StaticUserFilter) to context hddsDatanode
2019-09-20 00:03:08,530 [main] INFO  http.HttpServer2 (HttpServer2.java:addFilter(958)) - Added filter static_user_filter (class=org.apache.hadoop.http.lib.StaticUserWebFilter$StaticUserFilter) to context static
2019-09-20 00:03:08,530 [main] INFO  http.HttpServer2 (HttpServer2.java:addFilter(958)) - Added filter static_user_filter (class=org.apache.hadoop.http.lib.StaticUserWebFilter$StaticUserFilter) to context logs
2019-09-20 00:03:08,530 [main] INFO  http.HttpServer2 (HttpServer2.java:bindListener(1191)) - Jetty bound to port 40994
2019-09-20 00:03:08,530 [main] INFO  server.Server (Server.java:doStart(351)) - jetty-9.3.24.v20180605, build timestamp: 2018-06-05T17:11:56Z, git hash: 84205aa28f11a4f31f2a3b86d1bba2cc8ab69827
2019-09-20 00:03:08,532 [main] INFO  handler.ContextHandler (ContextHandler.java:doStart(781)) - Started o.e.j.s.ServletContextHandler@3dc40ab9{/logs,file:///workdir/hadoop-ozone/integration-test/target/log,AVAILABLE}
2019-09-20 00:03:08,532 [main] INFO  handler.ContextHandler (ContextHandler.java:doStart(781)) - Started o.e.j.s.ServletContextHandler@6518fdfd{/static,jar:file:/home/user/.m2/repository/org/apache/hadoop/hadoop-hdds-container-service/0.5.0-SNAPSHOT/hadoop-hdds-container-service-0.5.0-SNAPSHOT.jar!/webapps/static,AVAILABLE}
2019-09-20 00:03:08,880 [main] INFO  handler.ContextHandler (ContextHandler.java:doStart(781)) - Started o.e.j.w.WebAppContext@7e8279e5{/,file:///tmp/jetty-0.0.0.0-40994-hddsDatanode-_-any-4397756644002069944.dir/webapp/,AVAILABLE}{/hddsDatanode}
2019-09-20 00:03:08,881 [main] INFO  server.AbstractConnector (AbstractConnector.java:doStart(278)) - Started ServerConnector@2b53840a{HTTP/1.1,[http/1.1]}{0.0.0.0:40994}
2019-09-20 00:03:08,882 [main] INFO  server.Server (Server.java:doStart(419)) - Started @172641ms
2019-09-20 00:03:08,883 [main] WARN  impl.MetricsSystemImpl (MetricsSystemImpl.java:register(276)) - Sink prometheus already exists!
2019-09-20 00:03:08,884 [main] INFO  server.BaseHttpServer (BaseHttpServer.java:updateConnectorAddress(215)) - HTTP server of HDDSDATANODE is listening at http://0.0.0.0:40994
2019-09-20 00:03:08,884 [main] INFO  ozone.MiniOzoneClusterImpl (MiniOzoneClusterImpl.java:lambda$waitForClusterToBeReady$0(145)) - Waiting for cluster to be ready. Got 0 of 7 DN Heartbeats.
2019-09-20 00:03:08,885 [org.apache.hadoop.util.JvmPauseMonitor$Monitor@423f3096] INFO  util.JvmPauseMonitor (JvmPauseMonitor.java:run(188)) - Starting JVM pause monitor
2019-09-20 00:03:08,887 [Datanode State Machine Thread - 0] INFO  datanode.InitDatanodeState (InitDatanodeState.java:persistContainerDatanodeDetails(140)) - DatanodeDetails is persisted to /workdir/hadoop-ozone/integration-test/target/test-dir/MiniOzoneClusterImpl-ada7dc46-4703-4a2d-bedb-21dcd6e1b415/datanode-6/meta/datanode.id
2019-09-20 00:03:09,885 [main] INFO  ozone.MiniOzoneClusterImpl (MiniOzoneClusterImpl.java:lambda$waitForClusterToBeReady$0(145)) - Waiting for cluster to be ready. Got 0 of 7 DN Heartbeats.
2019-09-20 00:03:09,958 [Datanode State Machine Thread - 0] INFO  ozoneimpl.OzoneContainer (OzoneContainer.java:start(217)) - Attempting to start container services.
2019-09-20 00:03:09,959 [Datanode State Machine Thread - 0] INFO  ozoneimpl.OzoneContainer (OzoneContainer.java:startContainerScrub(179)) - Background container scanner has been disabled.
2019-09-20 00:03:09,959 [Datanode State Machine Thread - 0] INFO  ratis.XceiverServerRatis (XceiverServerRatis.java:start(411)) - Starting XceiverServerRatis c63e7fee-7ebf-4ab3-a82c-403b5cf942fc at port 0
2019-09-20 00:03:09,966 [Datanode State Machine Thread - 0] INFO  impl.RaftServerProxy (RaftServerProxy.java:lambda$start$3(299)) - c63e7fee-7ebf-4ab3-a82c-403b5cf942fc: start RPC server
2019-09-20 00:03:09,969 [Datanode State Machine Thread - 0] INFO  server.GrpcService (GrpcService.java:startImpl(158)) - c63e7fee-7ebf-4ab3-a82c-403b5cf942fc: GrpcService started, listening on 0.0.0.0/0.0.0.0:40019
2019-09-20 00:03:09,969 [Datanode State Machine Thread - 0] INFO  ratis.XceiverServerRatis (XceiverServerRatis.java:start(421)) - XceiverServerRatis c63e7fee-7ebf-4ab3-a82c-403b5cf942fc is started using port 40019
2019-09-20 00:03:09,971 [Datanode State Machine Thread - 0] INFO  server.XceiverServerGrpc (XceiverServerGrpc.java:start(149)) - XceiverServerGrpc c63e7fee-7ebf-4ab3-a82c-403b5cf942fc is started using port 44538
2019-09-20 00:03:10,188 [Datanode State Machine Thread - 0] INFO  ozoneimpl.OzoneContainer (OzoneContainer.java:start(217)) - Attempting to start container services.
2019-09-20 00:03:10,190 [Datanode State Machine Thread - 0] INFO  ozoneimpl.OzoneContainer (OzoneContainer.java:startContainerScrub(179)) - Background container scanner has been disabled.
2019-09-20 00:03:10,190 [Datanode State Machine Thread - 0] INFO  ratis.XceiverServerRatis (XceiverServerRatis.java:start(411)) - Starting XceiverServerRatis fd99f976-ef3a-47b0-8e0c-a462a244f82b at port 0
2019-09-20 00:03:10,195 [Datanode State Machine Thread - 0] INFO  impl.RaftServerProxy (RaftServerProxy.java:lambda$start$3(299)) - fd99f976-ef3a-47b0-8e0c-a462a244f82b: start RPC server
2019-09-20 00:03:10,196 [Datanode State Machine Thread - 0] INFO  server.GrpcService (GrpcService.java:startImpl(158)) - fd99f976-ef3a-47b0-8e0c-a462a244f82b: GrpcService started, listening on 0.0.0.0/0.0.0.0:45540
2019-09-20 00:03:10,196 [Datanode State Machine Thread - 0] INFO  ratis.XceiverServerRatis (XceiverServerRatis.java:start(421)) - XceiverServerRatis fd99f976-ef3a-47b0-8e0c-a462a244f82b is started using port 45540
2019-09-20 00:03:10,198 [Datanode State Machine Thread - 0] INFO  server.XceiverServerGrpc (XceiverServerGrpc.java:start(149)) - XceiverServerGrpc fd99f976-ef3a-47b0-8e0c-a462a244f82b is started using port 37974
2019-09-20 00:03:10,281 [Datanode State Machine Thread - 0] INFO  ozoneimpl.OzoneContainer (OzoneContainer.java:start(217)) - Attempting to start container services.
2019-09-20 00:03:10,281 [Datanode State Machine Thread - 0] INFO  ozoneimpl.OzoneContainer (OzoneContainer.java:startContainerScrub(179)) - Background container scanner has been disabled.
2019-09-20 00:03:10,281 [Datanode State Machine Thread - 0] INFO  ratis.XceiverServerRatis (XceiverServerRatis.java:start(411)) - Starting XceiverServerRatis 8f58c883-e4ba-4cdd-8662-08249772462e at port 0
2019-09-20 00:03:10,410 [Datanode State Machine Thread - 0] INFO  impl.RaftServerProxy (RaftServerProxy.java:lambda$start$3(299)) - 8f58c883-e4ba-4cdd-8662-08249772462e: start RPC server
2019-09-20 00:03:10,410 [Datanode State Machine Thread - 0] INFO  server.GrpcService (GrpcService.java:startImpl(158)) - 8f58c883-e4ba-4cdd-8662-08249772462e: GrpcService started, listening on 0.0.0.0/0.0.0.0:35458
2019-09-20 00:03:10,411 [Datanode State Machine Thread - 0] INFO  ratis.XceiverServerRatis (XceiverServerRatis.java:start(421)) - XceiverServerRatis 8f58c883-e4ba-4cdd-8662-08249772462e is started using port 35458
2019-09-20 00:03:10,411 [Datanode State Machine Thread - 0] INFO  server.XceiverServerGrpc (XceiverServerGrpc.java:start(149)) - XceiverServerGrpc 8f58c883-e4ba-4cdd-8662-08249772462e is started using port 33827
2019-09-20 00:03:10,432 [Datanode State Machine Thread - 0] INFO  ozoneimpl.OzoneContainer (OzoneContainer.java:start(217)) - Attempting to start container services.
2019-09-20 00:03:10,432 [Datanode State Machine Thread - 0] INFO  ozoneimpl.OzoneContainer (OzoneContainer.java:startContainerScrub(179)) - Background container scanner has been disabled.
2019-09-20 00:03:10,432 [Datanode State Machine Thread - 0] INFO  ratis.XceiverServerRatis (XceiverServerRatis.java:start(411)) - Starting XceiverServerRatis 5c2be68a-1578-4957-a4c7-2a59839196c2 at port 0
2019-09-20 00:03:10,439 [Datanode State Machine Thread - 0] INFO  impl.RaftServerProxy (RaftServerProxy.java:lambda$start$3(299)) - 5c2be68a-1578-4957-a4c7-2a59839196c2: start RPC server
2019-09-20 00:03:10,442 [Datanode State Machine Thread - 0] INFO  server.GrpcService (GrpcService.java:startImpl(158)) - 5c2be68a-1578-4957-a4c7-2a59839196c2: GrpcService started, listening on 0.0.0.0/0.0.0.0:46445
2019-09-20 00:03:10,442 [Datanode State Machine Thread - 0] INFO  ratis.XceiverServerRatis (XceiverServerRatis.java:start(421)) - XceiverServerRatis 5c2be68a-1578-4957-a4c7-2a59839196c2 is started using port 46445
2019-09-20 00:03:10,444 [Datanode State Machine Thread - 0] INFO  server.XceiverServerGrpc (XceiverServerGrpc.java:start(149)) - XceiverServerGrpc 5c2be68a-1578-4957-a4c7-2a59839196c2 is started using port 44252
2019-09-20 00:03:10,457 [Datanode State Machine Thread - 0] INFO  ozoneimpl.OzoneContainer (OzoneContainer.java:start(217)) - Attempting to start container services.
2019-09-20 00:03:10,457 [Datanode State Machine Thread - 0] INFO  ozoneimpl.OzoneContainer (OzoneContainer.java:startContainerScrub(179)) - Background container scanner has been disabled.
2019-09-20 00:03:10,457 [Datanode State Machine Thread - 0] INFO  ratis.XceiverServerRatis (XceiverServerRatis.java:start(411)) - Starting XceiverServerRatis 52531afa-0fca-4996-9da9-05b24e9e07b9 at port 0
2019-09-20 00:03:10,463 [Datanode State Machine Thread - 0] INFO  impl.RaftServerProxy (RaftServerProxy.java:lambda$start$3(299)) - 52531afa-0fca-4996-9da9-05b24e9e07b9: start RPC server
2019-09-20 00:03:10,463 [Datanode State Machine Thread - 0] INFO  server.GrpcService (GrpcService.java:startImpl(158)) - 52531afa-0fca-4996-9da9-05b24e9e07b9: GrpcService started, listening on 0.0.0.0/0.0.0.0:36541
2019-09-20 00:03:10,463 [Datanode State Machine Thread - 0] INFO  ratis.XceiverServerRatis (XceiverServerRatis.java:start(421)) - XceiverServerRatis 52531afa-0fca-4996-9da9-05b24e9e07b9 is started using port 36541
2019-09-20 00:03:10,464 [Datanode State Machine Thread - 0] INFO  server.XceiverServerGrpc (XceiverServerGrpc.java:start(149)) - XceiverServerGrpc 52531afa-0fca-4996-9da9-05b24e9e07b9 is started using port 33479
2019-09-20 00:03:10,532 [Datanode State Machine Thread - 0] INFO  ozoneimpl.OzoneContainer (OzoneContainer.java:start(217)) - Attempting to start container services.
2019-09-20 00:03:10,533 [Datanode State Machine Thread - 0] INFO  ozoneimpl.OzoneContainer (OzoneContainer.java:startContainerScrub(179)) - Background container scanner has been disabled.
2019-09-20 00:03:10,533 [Datanode State Machine Thread - 0] INFO  ratis.XceiverServerRatis (XceiverServerRatis.java:start(411)) - Starting XceiverServerRatis f9210520-554e-41dc-a9b2-d492e03f6d34 at port 0
2019-09-20 00:03:10,540 [Datanode State Machine Thread - 0] INFO  impl.RaftServerProxy (RaftServerProxy.java:lambda$start$3(299)) - f9210520-554e-41dc-a9b2-d492e03f6d34: start RPC server
2019-09-20 00:03:10,543 [Datanode State Machine Thread - 0] INFO  server.GrpcService (GrpcService.java:startImpl(158)) - f9210520-554e-41dc-a9b2-d492e03f6d34: GrpcService started, listening on 0.0.0.0/0.0.0.0:43039
2019-09-20 00:03:10,543 [Datanode State Machine Thread - 0] INFO  ratis.XceiverServerRatis (XceiverServerRatis.java:start(421)) - XceiverServerRatis f9210520-554e-41dc-a9b2-d492e03f6d34 is started using port 43039
2019-09-20 00:03:10,545 [Datanode State Machine Thread - 0] INFO  server.XceiverServerGrpc (XceiverServerGrpc.java:start(149)) - XceiverServerGrpc f9210520-554e-41dc-a9b2-d492e03f6d34 is started using port 45385
2019-09-20 00:03:10,886 [main] INFO  ozone.MiniOzoneClusterImpl (MiniOzoneClusterImpl.java:lambda$waitForClusterToBeReady$0(145)) - Waiting for cluster to be ready. Got 0 of 7 DN Heartbeats.
2019-09-20 00:03:10,908 [Datanode State Machine Thread - 0] INFO  ozoneimpl.OzoneContainer (OzoneContainer.java:start(217)) - Attempting to start container services.
2019-09-20 00:03:10,908 [Datanode State Machine Thread - 0] INFO  ozoneimpl.OzoneContainer (OzoneContainer.java:startContainerScrub(179)) - Background container scanner has been disabled.
2019-09-20 00:03:10,908 [Datanode State Machine Thread - 0] INFO  ratis.XceiverServerRatis (XceiverServerRatis.java:start(411)) - Starting XceiverServerRatis 902aa274-92eb-4eed-ad45-ae2369f33121 at port 0
2019-09-20 00:03:10,915 [Datanode State Machine Thread - 0] INFO  impl.RaftServerProxy (RaftServerProxy.java:lambda$start$3(299)) - 902aa274-92eb-4eed-ad45-ae2369f33121: start RPC server
2019-09-20 00:03:10,915 [Datanode State Machine Thread - 0] INFO  server.GrpcService (GrpcService.java:startImpl(158)) - 902aa274-92eb-4eed-ad45-ae2369f33121: GrpcService started, listening on 0.0.0.0/0.0.0.0:41780
2019-09-20 00:03:10,916 [Datanode State Machine Thread - 0] INFO  ratis.XceiverServerRatis (XceiverServerRatis.java:start(421)) - XceiverServerRatis 902aa274-92eb-4eed-ad45-ae2369f33121 is started using port 41780
2019-09-20 00:03:10,926 [Datanode State Machine Thread - 0] INFO  server.XceiverServerGrpc (XceiverServerGrpc.java:start(149)) - XceiverServerGrpc 902aa274-92eb-4eed-ad45-ae2369f33121 is started using port 39175
2019-09-20 00:03:11,886 [main] INFO  ozone.MiniOzoneClusterImpl (MiniOzoneClusterImpl.java:lambda$waitForClusterToBeReady$0(145)) - Waiting for cluster to be ready. Got 0 of 7 DN Heartbeats.
2019-09-20 00:03:11,910 [IPC Server handler 6 on 36420] INFO  net.NetworkTopology (NetworkTopologyImpl.java:add(111)) - Added a new node: /default-rack/c63e7fee-7ebf-4ab3-a82c-403b5cf942fc
2019-09-20 00:03:11,913 [IPC Server handler 6 on 36420] INFO  node.SCMNodeManager (SCMNodeManager.java:register(266)) - Registered Data node : c63e7fee-7ebf-4ab3-a82c-403b5cf942fc{ip: 192.168.5.182, host: pr-hdds-2020-7x4rg-3348829713, networkLocation: /default-rack, certSerialId: null}
2019-09-20 00:03:11,914 [EventQueue-NodeRegistrationContainerReportForDataNodeSafeModeRule] INFO  safemode.SCMSafeModeManager (DataNodeSafeModeRule.java:process(71)) - SCM in safe mode. 1 DataNodes registered, 1 required.
2019-09-20 00:03:11,917 [EventQueue-NodeRegistrationContainerReportForDataNodeSafeModeRule] INFO  safemode.SCMSafeModeManager (SCMSafeModeManager.java:validateSafeModeExitRules(177)) - ScmSafeModeManager, all rules are successfully validated
2019-09-20 00:03:11,917 [EventQueue-NodeRegistrationContainerReportForDataNodeSafeModeRule] INFO  safemode.SCMSafeModeManager (SCMSafeModeManager.java:exitSafeMode(193)) - SCM exiting safe mode.
2019-09-20 00:03:12,082 [grpc-default-executor-6] INFO  impl.RaftServerProxy (RaftServerProxy.java:addNew(89)) - c63e7fee-7ebf-4ab3-a82c-403b5cf942fc: addNew group-AA19CB2C1B4D:[c63e7fee-7ebf-4ab3-a82c-403b5cf942fc:192.168.5.182:40019] returns group-AA19CB2C1B4D:java.util.concurrent.CompletableFuture@6500ff0a[Not completed]
2019-09-20 00:03:12,084 [pool-207-thread-1] INFO  impl.RaftServerImpl (RaftServerImpl.java:<init>(95)) - c63e7fee-7ebf-4ab3-a82c-403b5cf942fc: new RaftServerImpl for group-AA19CB2C1B4D:[c63e7fee-7ebf-4ab3-a82c-403b5cf942fc:192.168.5.182:40019] with ContainerStateMachine:uninitialized
2019-09-20 00:03:12,085 [pool-207-thread-1] INFO  server.RaftServerConfigKeys (ConfUtils.java:logGet(43)) - raft.server.rpc.timeout.min = 5s (custom)
2019-09-20 00:03:12,085 [pool-207-thread-1] INFO  server.RaftServerConfigKeys (ConfUtils.java:logGet(43)) - raft.server.rpc.timeout.max = 5200ms (custom)
2019-09-20 00:03:12,085 [pool-207-thread-1] INFO  server.RaftServerConfigKeys (ConfUtils.java:logGet(43)) - raft.server.rpcslowness.timeout = 120s (custom)
2019-09-20 00:03:12,085 [pool-207-thread-1] INFO  server.RaftServerConfigKeys (ConfUtils.java:logGet(43)) - raft.server.sleep.deviation.threshold = 300 (default)
2019-09-20 00:03:12,085 [pool-207-thread-1] INFO  server.RaftServerConfigKeys (ConfUtils.java:logGet(43)) - raft.server.log.appender.install.snapshot.enabled = false (custom)
2019-09-20 00:03:12,086 [pool-207-thread-1] INFO  impl.RaftServerImpl (ServerState.java:<init>(103)) - c63e7fee-7ebf-4ab3-a82c-403b5cf942fc@group-AA19CB2C1B4D: ConfigurationManager, init=-1: [c63e7fee-7ebf-4ab3-a82c-403b5cf942fc:192.168.5.182:40019], old=null, confs=<EMPTY_MAP>
2019-09-20 00:03:12,086 [pool-207-thread-1] INFO  server.RaftServerConfigKeys (ConfUtils.java:logGet(43)) - raft.server.storage.dir = [/workdir/hadoop-ozone/integration-test/target/test-dir/MiniOzoneClusterImpl-ada7dc46-4703-4a2d-bedb-21dcd6e1b415/datanode-0/data/ratis] (custom)
2019-09-20 00:03:12,087 [pool-207-thread-1] INFO  storage.RaftStorageDirectory (RaftStorageDirectory.java:analyzeStorage(246)) - The storage directory /workdir/hadoop-ozone/integration-test/target/test-dir/MiniOzoneClusterImpl-ada7dc46-4703-4a2d-bedb-21dcd6e1b415/datanode-0/data/ratis/efa9514c-cb87-442d-a606-aa19cb2c1b4d does not exist. Creating ...
2019-09-20 00:03:12,108 [pool-207-thread-1] INFO  storage.RaftStorageDirectory (RaftStorageDirectory.java:tryLock(328)) - Lock on /workdir/hadoop-ozone/integration-test/target/test-dir/MiniOzoneClusterImpl-ada7dc46-4703-4a2d-bedb-21dcd6e1b415/datanode-0/data/ratis/efa9514c-cb87-442d-a606-aa19cb2c1b4d/in_use.lock acquired by nodename 22703@pr-hdds-2020-7x4rg-3348829713
2019-09-20 00:03:12,135 [pool-207-thread-1] INFO  storage.RaftStorage (RaftStorage.java:format(72)) - Storage directory /workdir/hadoop-ozone/integration-test/target/test-dir/MiniOzoneClusterImpl-ada7dc46-4703-4a2d-bedb-21dcd6e1b415/datanode-0/data/ratis/efa9514c-cb87-442d-a606-aa19cb2c1b4d has been successfully formatted.
2019-09-20 00:03:12,135 [pool-207-thread-1] INFO  ratis.ContainerStateMachine (ContainerStateMachine.java:loadSnapshot(230)) - group-AA19CB2C1B4D: The snapshot info is null. Setting the last applied indexto:(t:0, i:~)
2019-09-20 00:03:12,135 [pool-207-thread-1] INFO  server.RaftServerConfigKeys (ConfUtils.java:logGet(43)) - raft.server.notification.no-leader.timeout = 120s (custom)
2019-09-20 00:03:12,135 [pool-207-thread-1] INFO  server.RaftServerConfigKeys (ConfUtils.java:logGet(43)) - raft.server.log.use.memory = false (default)
2019-09-20 00:03:12,136 [pool-207-thread-1] INFO  server.RaftServerConfigKeys (ConfUtils.java:logGet(43)) - raft.server.log.purge.gap = 1000000 (custom)
2019-09-20 00:03:12,136 [pool-207-thread-1] INFO  server.RaftServerConfigKeys (ConfUtils.java:logGet(43)) - raft.server.log.appender.buffer.byte-limit = 33554432 (custom)
2019-09-20 00:03:12,136 [pool-207-thread-1] INFO  server.RaftServerConfigKeys (ConfUtils.java:logGet(43)) - raft.server.log.segment.size.max = 1048576 (custom)
2019-09-20 00:03:12,136 [pool-207-thread-1] INFO  server.RaftServerConfigKeys (ConfUtils.java:logGet(43)) - raft.server.log.segment.cache.num.max = 2 (custom)
2019-09-20 00:03:12,136 [pool-207-thread-1] INFO  segmented.SegmentedRaftLogWorker (SegmentedRaftLogWorker.java:<init>(172)) - new c63e7fee-7ebf-4ab3-a82c-403b5cf942fc@group-AA19CB2C1B4D-SegmentedRaftLogWorker for RaftStorage:Storage Directory /workdir/hadoop-ozone/integration-test/target/test-dir/MiniOzoneClusterImpl-ada7dc46-4703-4a2d-bedb-21dcd6e1b415/datanode-0/data/ratis/efa9514c-cb87-442d-a606-aa19cb2c1b4d
2019-09-20 00:03:12,140 [pool-207-thread-1] INFO  server.RaftServerConfigKeys (ConfUtils.java:logGet(43)) - raft.server.log.queue.byte-limit = 2147483647 (custom)
2019-09-20 00:03:12,140 [pool-207-thread-1] INFO  server.RaftServerConfigKeys (ConfUtils.java:logGet(43)) - raft.server.log.queue.element-limit = 1024 (custom)
2019-09-20 00:03:12,140 [pool-207-thread-1] INFO  server.RaftServerConfigKeys (ConfUtils.java:logGet(43)) - raft.server.log.segment.size.max = 1048576 (custom)
2019-09-20 00:03:12,140 [pool-207-thread-1] INFO  server.RaftServerConfigKeys (ConfUtils.java:logGet(43)) - raft.server.log.preallocated.size = 16384 (custom)
2019-09-20 00:03:12,140 [pool-207-thread-1] INFO  server.RaftServerConfigKeys (ConfUtils.java:logGet(43)) - raft.server.log.write.buffer.size = 33554432 (custom)
2019-09-20 00:03:12,141 [pool-207-thread-1] INFO  server.RaftServerConfigKeys (ConfUtils.java:logGet(43)) - raft.server.log.force.sync.num = 128 (default)
2019-09-20 00:03:12,141 [pool-207-thread-1] INFO  server.RaftServerConfigKeys (ConfUtils.java:logGet(43)) - raft.server.log.statemachine.data.sync = true (default)
2019-09-20 00:03:12,141 [pool-207-thread-1] INFO  server.RaftServerConfigKeys (ConfUtils.java:logGet(43)) - raft.server.log.statemachine.data.sync.timeout = 10s (default)
2019-09-20 00:03:12,141 [pool-207-thread-1] INFO  server.RaftServerConfigKeys (ConfUtils.java:logGet(43)) - raft.server.log.statemachine.data.sync.timeout.retry = -1 (default)
2019-09-20 00:03:12,141 [pool-207-thread-1] INFO  server.RaftServerConfigKeys (ConfUtils.java:logGet(43)) - raft.server.log.statemachine.data.caching.enabled = true (custom)
2019-09-20 00:03:12,142 [pool-207-thread-1] INFO  segmented.SegmentedRaftLogWorker (SegmentedRaftLogWorker.java:lambda$new$0(132)) - c63e7fee-7ebf-4ab3-a82c-403b5cf942fc@group-AA19CB2C1B4D-SegmentedRaftLogWorker: flushIndex: setUnconditionally 0 -> -1
2019-09-20 00:03:12,142 [pool-207-thread-1] INFO  server.RaftServerConfigKeys (ConfUtils.java:logGet(43)) - raft.server.snapshot.auto.trigger.enabled = true (custom)
2019-09-20 00:03:12,142 [pool-207-thread-1] INFO  server.RaftServerConfigKeys (ConfUtils.java:logGet(43)) - raft.server.snapshot.auto.trigger.threshold = 10000 (custom)
2019-09-20 00:03:12,143 [pool-207-thread-1] INFO  server.RaftServerConfigKeys (ConfUtils.java:logGet(43)) - raft.server.snapshot.retention.num.files = 5 (custom)
2019-09-20 00:03:12,143 [pool-207-thread-1] INFO  server.RaftServerConfigKeys (ConfUtils.java:logGet(43)) - raft.server.retrycache.expirytime = 600000ms (custom)
2019-09-20 00:03:12,145 [pool-207-thread-1] INFO  impl.RaftServerImpl (RaftServerImpl.java:start(185)) - c63e7fee-7ebf-4ab3-a82c-403b5cf942fc@group-AA19CB2C1B4D: start as a follower, conf=-1: [c63e7fee-7ebf-4ab3-a82c-403b5cf942fc:192.168.5.182:40019], old=null
2019-09-20 00:03:12,146 [pool-207-thread-1] INFO  impl.RaftServerImpl (RaftServerImpl.java:setRole(174)) - c63e7fee-7ebf-4ab3-a82c-403b5cf942fc@group-AA19CB2C1B4D: changes role from      null to FOLLOWER at term 0 for startAsFollower
2019-09-20 00:03:12,146 [pool-207-thread-1] INFO  impl.RoleInfo (RoleInfo.java:updateAndGet(143)) - c63e7fee-7ebf-4ab3-a82c-403b5cf942fc: start FollowerState
2019-09-20 00:03:12,146 [pool-207-thread-1] INFO  util.JmxRegister (JmxRegister.java:tryRegister(44)) - Successfully registered JMX Bean with object name Ratis:service=RaftServer,group=group-AA19CB2C1B4D,id=c63e7fee-7ebf-4ab3-a82c-403b5cf942fc
2019-09-20 00:03:12,152 [RatisPipelineUtilsThread] INFO  pipeline.PipelineStateManager (PipelineStateManager.java:addPipeline(56)) - Created pipeline Pipeline[ Id: efa9514c-cb87-442d-a606-aa19cb2c1b4d, Nodes: c63e7fee-7ebf-4ab3-a82c-403b5cf942fc{ip: 192.168.5.182, host: pr-hdds-2020-7x4rg-3348829713, networkLocation: /default-rack, certSerialId: null}, Type:RATIS, Factor:ONE, State:OPEN]
2019-09-20 00:03:12,172 [IPC Server handler 0 on 36420] INFO  net.NetworkTopology (NetworkTopologyImpl.java:add(111)) - Added a new node: /default-rack/fd99f976-ef3a-47b0-8e0c-a462a244f82b
2019-09-20 00:03:12,172 [IPC Server handler 0 on 36420] INFO  node.SCMNodeManager (SCMNodeManager.java:register(266)) - Registered Data node : fd99f976-ef3a-47b0-8e0c-a462a244f82b{ip: 192.168.5.182, host: pr-hdds-2020-7x4rg-3348829713, networkLocation: /default-rack, certSerialId: null}
2019-09-20 00:03:12,180 [grpc-default-executor-6] INFO  impl.RaftServerProxy (RaftServerProxy.java:addNew(89)) - fd99f976-ef3a-47b0-8e0c-a462a244f82b: addNew group-CE6FB46A14F2:[fd99f976-ef3a-47b0-8e0c-a462a244f82b:192.168.5.182:45540] returns group-CE6FB46A14F2:java.util.concurrent.CompletableFuture@7346baf7[Not completed]
2019-09-20 00:03:12,182 [pool-217-thread-1] INFO  impl.RaftServerImpl (RaftServerImpl.java:<init>(95)) - fd99f976-ef3a-47b0-8e0c-a462a244f82b: new RaftServerImpl for group-CE6FB46A14F2:[fd99f976-ef3a-47b0-8e0c-a462a244f82b:192.168.5.182:45540] with ContainerStateMachine:uninitialized
2019-09-20 00:03:12,182 [pool-217-thread-1] INFO  server.RaftServerConfigKeys (ConfUtils.java:logGet(43)) - raft.server.rpc.timeout.min = 5s (custom)
2019-09-20 00:03:12,182 [pool-217-thread-1] INFO  server.RaftServerConfigKeys (ConfUtils.java:logGet(43)) - raft.server.rpc.timeout.max = 5200ms (custom)
2019-09-20 00:03:12,182 [pool-217-thread-1] INFO  server.RaftServerConfigKeys (ConfUtils.java:logGet(43)) - raft.server.rpcslowness.timeout = 120s (custom)
2019-09-20 00:03:12,182 [pool-217-thread-1] INFO  server.RaftServerConfigKeys (ConfUtils.java:logGet(43)) - raft.server.sleep.deviation.threshold = 300 (default)
2019-09-20 00:03:12,182 [pool-217-thread-1] INFO  server.RaftServerConfigKeys (ConfUtils.java:logGet(43)) - raft.server.log.appender.install.snapshot.enabled = false (custom)
2019-09-20 00:03:12,183 [pool-217-thread-1] INFO  impl.RaftServerImpl (ServerState.java:<init>(103)) - fd99f976-ef3a-47b0-8e0c-a462a244f82b@group-CE6FB46A14F2: ConfigurationManager, init=-1: [fd99f976-ef3a-47b0-8e0c-a462a244f82b:192.168.5.182:45540], old=null, confs=<EMPTY_MAP>
2019-09-20 00:03:12,183 [pool-217-thread-1] INFO  server.RaftServerConfigKeys (ConfUtils.java:logGet(43)) - raft.server.storage.dir = [/workdir/hadoop-ozone/integration-test/target/test-dir/MiniOzoneClusterImpl-ada7dc46-4703-4a2d-bedb-21dcd6e1b415/datanode-1/data/ratis] (custom)
2019-09-20 00:03:12,183 [pool-217-thread-1] INFO  storage.RaftStorageDirectory (RaftStorageDirectory.java:analyzeStorage(246)) - The storage directory /workdir/hadoop-ozone/integration-test/target/test-dir/MiniOzoneClusterImpl-ada7dc46-4703-4a2d-bedb-21dcd6e1b415/datanode-1/data/ratis/a19ba37d-48db-4fc5-a28e-ce6fb46a14f2 does not exist. Creating ...
2019-09-20 00:03:12,202 [pool-217-thread-1] INFO  storage.RaftStorageDirectory (RaftStorageDirectory.java:tryLock(328)) - Lock on /workdir/hadoop-ozone/integration-test/target/test-dir/MiniOzoneClusterImpl-ada7dc46-4703-4a2d-bedb-21dcd6e1b415/datanode-1/data/ratis/a19ba37d-48db-4fc5-a28e-ce6fb46a14f2/in_use.lock acquired by nodename 22703@pr-hdds-2020-7x4rg-3348829713
2019-09-20 00:03:12,219 [pool-217-thread-1] INFO  storage.RaftStorage (RaftStorage.java:format(72)) - Storage directory /workdir/hadoop-ozone/integration-test/target/test-dir/MiniOzoneClusterImpl-ada7dc46-4703-4a2d-bedb-21dcd6e1b415/datanode-1/data/ratis/a19ba37d-48db-4fc5-a28e-ce6fb46a14f2 has been successfully formatted.
2019-09-20 00:03:12,219 [pool-217-thread-1] INFO  ratis.ContainerStateMachine (ContainerStateMachine.java:loadSnapshot(230)) - group-CE6FB46A14F2: The snapshot info is null. Setting the last applied indexto:(t:0, i:~)
2019-09-20 00:03:12,219 [pool-217-thread-1] INFO  server.RaftServerConfigKeys (ConfUtils.java:logGet(43)) - raft.server.notification.no-leader.timeout = 120s (custom)
2019-09-20 00:03:12,220 [pool-217-thread-1] INFO  server.RaftServerConfigKeys (ConfUtils.java:logGet(43)) - raft.server.log.use.memory = false (default)
2019-09-20 00:03:12,220 [pool-217-thread-1] INFO  server.RaftServerConfigKeys (ConfUtils.java:logGet(43)) - raft.server.log.purge.gap = 1000000 (custom)
2019-09-20 00:03:12,220 [pool-217-thread-1] INFO  server.RaftServerConfigKeys (ConfUtils.java:logGet(43)) - raft.server.log.appender.buffer.byte-limit = 33554432 (custom)
2019-09-20 00:03:12,220 [pool-217-thread-1] INFO  server.RaftServerConfigKeys (ConfUtils.java:logGet(43)) - raft.server.log.segment.size.max = 1048576 (custom)
2019-09-20 00:03:12,220 [pool-217-thread-1] INFO  server.RaftServerConfigKeys (ConfUtils.java:logGet(43)) - raft.server.log.segment.cache.num.max = 2 (custom)
2019-09-20 00:03:12,220 [pool-217-thread-1] INFO  segmented.SegmentedRaftLogWorker (SegmentedRaftLogWorker.java:<init>(172)) - new fd99f976-ef3a-47b0-8e0c-a462a244f82b@group-CE6FB46A14F2-SegmentedRaftLogWorker for RaftStorage:Storage Directory /workdir/hadoop-ozone/integration-test/target/test-dir/MiniOzoneClusterImpl-ada7dc46-4703-4a2d-bedb-21dcd6e1b415/datanode-1/data/ratis/a19ba37d-48db-4fc5-a28e-ce6fb46a14f2
2019-09-20 00:03:12,222 [pool-217-thread-1] INFO  server.RaftServerConfigKeys (ConfUtils.java:logGet(43)) - raft.server.log.queue.byte-limit = 2147483647 (custom)
2019-09-20 00:03:12,223 [pool-217-thread-1] INFO  server.RaftServerConfigKeys (ConfUtils.java:logGet(43)) - raft.server.log.queue.element-limit = 1024 (custom)
2019-09-20 00:03:12,223 [pool-217-thread-1] INFO  server.RaftServerConfigKeys (ConfUtils.java:logGet(43)) - raft.server.log.segment.size.max = 1048576 (custom)
2019-09-20 00:03:12,223 [pool-217-thread-1] INFO  server.RaftServerConfigKeys (ConfUtils.java:logGet(43)) - raft.server.log.preallocated.size = 16384 (custom)
2019-09-20 00:03:12,223 [pool-217-thread-1] INFO  server.RaftServerConfigKeys (ConfUtils.java:logGet(43)) - raft.server.log.write.buffer.size = 33554432 (custom)
2019-09-20 00:03:12,223 [pool-217-thread-1] INFO  server.RaftServerConfigKeys (ConfUtils.java:logGet(43)) - raft.server.log.force.sync.num = 128 (default)
2019-09-20 00:03:12,223 [pool-217-thread-1] INFO  server.RaftServerConfigKeys (ConfUtils.java:logGet(43)) - raft.server.log.statemachine.data.sync = true (default)
2019-09-20 00:03:12,223 [pool-217-thread-1] INFO  server.RaftServerConfigKeys (ConfUtils.java:logGet(43)) - raft.server.log.statemachine.data.sync.timeout = 10s (default)
2019-09-20 00:03:12,224 [pool-217-thread-1] INFO  server.RaftServerConfigKeys (ConfUtils.java:logGet(43)) - raft.server.log.statemachine.data.sync.timeout.retry = -1 (default)
2019-09-20 00:03:12,224 [pool-217-thread-1] INFO  server.RaftServerConfigKeys (ConfUtils.java:logGet(43)) - raft.server.log.statemachine.data.caching.enabled = true (custom)
2019-09-20 00:03:12,224 [pool-217-thread-1] INFO  segmented.SegmentedRaftLogWorker (SegmentedRaftLogWorker.java:lambda$new$0(132)) - fd99f976-ef3a-47b0-8e0c-a462a244f82b@group-CE6FB46A14F2-SegmentedRaftLogWorker: flushIndex: setUnconditionally 0 -> -1
2019-09-20 00:03:12,224 [pool-217-thread-1] INFO  server.RaftServerConfigKeys (ConfUtils.java:logGet(43)) - raft.server.snapshot.auto.trigger.enabled = true (custom)
2019-09-20 00:03:12,225 [pool-217-thread-1] INFO  server.RaftServerConfigKeys (ConfUtils.java:logGet(43)) - raft.server.snapshot.auto.trigger.threshold = 10000 (custom)
2019-09-20 00:03:12,225 [pool-217-thread-1] INFO  server.RaftServerConfigKeys (ConfUtils.java:logGet(43)) - raft.server.snapshot.retention.num.files = 5 (custom)
2019-09-20 00:03:12,225 [pool-217-thread-1] INFO  server.RaftServerConfigKeys (ConfUtils.java:logGet(43)) - raft.server.retrycache.expirytime = 600000ms (custom)
2019-09-20 00:03:12,227 [pool-217-thread-1] INFO  impl.RaftServerImpl (RaftServerImpl.java:start(185)) - fd99f976-ef3a-47b0-8e0c-a462a244f82b@group-CE6FB46A14F2: start as a follower, conf=-1: [fd99f976-ef3a-47b0-8e0c-a462a244f82b:192.168.5.182:45540], old=null
2019-09-20 00:03:12,227 [pool-217-thread-1] INFO  impl.RaftServerImpl (RaftServerImpl.java:setRole(174)) - fd99f976-ef3a-47b0-8e0c-a462a244f82b@group-CE6FB46A14F2: changes role from      null to FOLLOWER at term 0 for startAsFollower
2019-09-20 00:03:12,227 [pool-217-thread-1] INFO  impl.RoleInfo (RoleInfo.java:updateAndGet(143)) - fd99f976-ef3a-47b0-8e0c-a462a244f82b: start FollowerState
2019-09-20 00:03:12,227 [pool-217-thread-1] INFO  util.JmxRegister (JmxRegister.java:tryRegister(44)) - Successfully registered JMX Bean with object name Ratis:service=RaftServer,group=group-CE6FB46A14F2,id=fd99f976-ef3a-47b0-8e0c-a462a244f82b
2019-09-20 00:03:12,233 [RatisPipelineUtilsThread] INFO  pipeline.PipelineStateManager (PipelineStateManager.java:addPipeline(56)) - Created pipeline Pipeline[ Id: a19ba37d-48db-4fc5-a28e-ce6fb46a14f2, Nodes: fd99f976-ef3a-47b0-8e0c-a462a244f82b{ip: 192.168.5.182, host: pr-hdds-2020-7x4rg-3348829713, networkLocation: /default-rack, certSerialId: null}, Type:RATIS, Factor:ONE, State:OPEN]
2019-09-20 00:03:12,258 [IPC Server handler 2 on 36420] INFO  net.NetworkTopology (NetworkTopologyImpl.java:add(111)) - Added a new node: /default-rack/8f58c883-e4ba-4cdd-8662-08249772462e
2019-09-20 00:03:12,258 [IPC Server handler 2 on 36420] INFO  node.SCMNodeManager (SCMNodeManager.java:register(266)) - Registered Data node : 8f58c883-e4ba-4cdd-8662-08249772462e{ip: 192.168.5.182, host: pr-hdds-2020-7x4rg-3348829713, networkLocation: /default-rack, certSerialId: null}
2019-09-20 00:03:12,268 [grpc-default-executor-6] INFO  impl.RaftServerProxy (RaftServerProxy.java:addNew(89)) - 8f58c883-e4ba-4cdd-8662-08249772462e: addNew group-60E1777E972D:[8f58c883-e4ba-4cdd-8662-08249772462e:192.168.5.182:35458] returns group-60E1777E972D:java.util.concurrent.CompletableFuture@6a166252[Not completed]
2019-09-20 00:03:12,270 [pool-227-thread-1] INFO  impl.RaftServerImpl (RaftServerImpl.java:<init>(95)) - 8f58c883-e4ba-4cdd-8662-08249772462e: new RaftServerImpl for group-60E1777E972D:[8f58c883-e4ba-4cdd-8662-08249772462e:192.168.5.182:35458] with ContainerStateMachine:uninitialized
2019-09-20 00:03:12,270 [pool-227-thread-1] INFO  server.RaftServerConfigKeys (ConfUtils.java:logGet(43)) - raft.server.rpc.timeout.min = 5s (custom)
2019-09-20 00:03:12,271 [pool-227-thread-1] INFO  server.RaftServerConfigKeys (ConfUtils.java:logGet(43)) - raft.server.rpc.timeout.max = 5200ms (custom)
2019-09-20 00:03:12,271 [pool-227-thread-1] INFO  server.RaftServerConfigKeys (ConfUtils.java:logGet(43)) - raft.server.rpcslowness.timeout = 120s (custom)
2019-09-20 00:03:12,271 [pool-227-thread-1] INFO  server.RaftServerConfigKeys (ConfUtils.java:logGet(43)) - raft.server.sleep.deviation.threshold = 300 (default)
2019-09-20 00:03:12,271 [pool-227-thread-1] INFO  server.RaftServerConfigKeys (ConfUtils.java:logGet(43)) - raft.server.log.appender.install.snapshot.enabled = false (custom)
2019-09-20 00:03:12,271 [pool-227-thread-1] INFO  impl.RaftServerImpl (ServerState.java:<init>(103)) - 8f58c883-e4ba-4cdd-8662-08249772462e@group-60E1777E972D: ConfigurationManager, init=-1: [8f58c883-e4ba-4cdd-8662-08249772462e:192.168.5.182:35458], old=null, confs=<EMPTY_MAP>
2019-09-20 00:03:12,272 [pool-227-thread-1] INFO  server.RaftServerConfigKeys (ConfUtils.java:logGet(43)) - raft.server.storage.dir = [/workdir/hadoop-ozone/integration-test/target/test-dir/MiniOzoneClusterImpl-ada7dc46-4703-4a2d-bedb-21dcd6e1b415/datanode-2/data/ratis] (custom)
2019-09-20 00:03:12,272 [pool-227-thread-1] INFO  storage.RaftStorageDirectory (RaftStorageDirectory.java:analyzeStorage(246)) - The storage directory /workdir/hadoop-ozone/integration-test/target/test-dir/MiniOzoneClusterImpl-ada7dc46-4703-4a2d-bedb-21dcd6e1b415/datanode-2/data/ratis/ad0e2b7e-2cc2-49dd-b46b-60e1777e972d does not exist. Creating ...
2019-09-20 00:03:12,299 [pool-227-thread-1] INFO  storage.RaftStorageDirectory (RaftStorageDirectory.java:tryLock(328)) - Lock on /workdir/hadoop-ozone/integration-test/target/test-dir/MiniOzoneClusterImpl-ada7dc46-4703-4a2d-bedb-21dcd6e1b415/datanode-2/data/ratis/ad0e2b7e-2cc2-49dd-b46b-60e1777e972d/in_use.lock acquired by nodename 22703@pr-hdds-2020-7x4rg-3348829713
2019-09-20 00:03:12,313 [pool-227-thread-1] INFO  storage.RaftStorage (RaftStorage.java:format(72)) - Storage directory /workdir/hadoop-ozone/integration-test/target/test-dir/MiniOzoneClusterImpl-ada7dc46-4703-4a2d-bedb-21dcd6e1b415/datanode-2/data/ratis/ad0e2b7e-2cc2-49dd-b46b-60e1777e972d has been successfully formatted.
2019-09-20 00:03:12,314 [pool-227-thread-1] INFO  ratis.ContainerStateMachine (ContainerStateMachine.java:loadSnapshot(230)) - group-60E1777E972D: The snapshot info is null. Setting the last applied indexto:(t:0, i:~)
2019-09-20 00:03:12,314 [pool-227-thread-1] INFO  server.RaftServerConfigKeys (ConfUtils.java:logGet(43)) - raft.server.notification.no-leader.timeout = 120s (custom)
2019-09-20 00:03:12,314 [pool-227-thread-1] INFO  server.RaftServerConfigKeys (ConfUtils.java:logGet(43)) - raft.server.log.use.memory = false (default)
2019-09-20 00:03:12,315 [pool-227-thread-1] INFO  server.RaftServerConfigKeys (ConfUtils.java:logGet(43)) - raft.server.log.purge.gap = 1000000 (custom)
2019-09-20 00:03:12,315 [pool-227-thread-1] INFO  server.RaftServerConfigKeys (ConfUtils.java:logGet(43)) - raft.server.log.appender.buffer.byte-limit = 33554432 (custom)
2019-09-20 00:03:12,315 [pool-227-thread-1] INFO  server.RaftServerConfigKeys (ConfUtils.java:logGet(43)) - raft.server.log.segment.size.max = 1048576 (custom)
2019-09-20 00:03:12,315 [pool-227-thread-1] INFO  server.RaftServerConfigKeys (ConfUtils.java:logGet(43)) - raft.server.log.segment.cache.num.max = 2 (custom)
2019-09-20 00:03:12,315 [pool-227-thread-1] INFO  segmented.SegmentedRaftLogWorker (SegmentedRaftLogWorker.java:<init>(172)) - new 8f58c883-e4ba-4cdd-8662-08249772462e@group-60E1777E972D-SegmentedRaftLogWorker for RaftStorage:Storage Directory /workdir/hadoop-ozone/integration-test/target/test-dir/MiniOzoneClusterImpl-ada7dc46-4703-4a2d-bedb-21dcd6e1b415/datanode-2/data/ratis/ad0e2b7e-2cc2-49dd-b46b-60e1777e972d
2019-09-20 00:03:12,319 [pool-227-thread-1] INFO  server.RaftServerConfigKeys (ConfUtils.java:logGet(43)) - raft.server.log.queue.byte-limit = 2147483647 (custom)
2019-09-20 00:03:12,320 [pool-227-thread-1] INFO  server.RaftServerConfigKeys (ConfUtils.java:logGet(43)) - raft.server.log.queue.element-limit = 1024 (custom)
2019-09-20 00:03:12,320 [pool-227-thread-1] INFO  server.RaftServerConfigKeys (ConfUtils.java:logGet(43)) - raft.server.log.segment.size.max = 1048576 (custom)
2019-09-20 00:03:12,320 [pool-227-thread-1] INFO  server.RaftServerConfigKeys (ConfUtils.java:logGet(43)) - raft.server.log.preallocated.size = 16384 (custom)
2019-09-20 00:03:12,320 [pool-227-thread-1] INFO  server.RaftServerConfigKeys (ConfUtils.java:logGet(43)) - raft.server.log.write.buffer.size = 33554432 (custom)
2019-09-20 00:03:12,320 [pool-227-thread-1] INFO  server.RaftServerConfigKeys (ConfUtils.java:logGet(43)) - raft.server.log.force.sync.num = 128 (default)
2019-09-20 00:03:12,321 [pool-227-thread-1] INFO  server.RaftServerConfigKeys (ConfUtils.java:logGet(43)) - raft.server.log.statemachine.data.sync = true (default)
2019-09-20 00:03:12,321 [pool-227-thread-1] INFO  server.RaftServerConfigKeys (ConfUtils.java:logGet(43)) - raft.server.log.statemachine.data.sync.timeout = 10s (default)
2019-09-20 00:03:12,321 [pool-227-thread-1] INFO  server.RaftServerConfigKeys (ConfUtils.java:logGet(43)) - raft.server.log.statemachine.data.sync.timeout.retry = -1 (default)
2019-09-20 00:03:12,321 [pool-227-thread-1] INFO  server.RaftServerConfigKeys (ConfUtils.java:logGet(43)) - raft.server.log.statemachine.data.caching.enabled = true (custom)
2019-09-20 00:03:12,322 [pool-227-thread-1] INFO  segmented.SegmentedRaftLogWorker (SegmentedRaftLogWorker.java:lambda$new$0(132)) - 8f58c883-e4ba-4cdd-8662-08249772462e@group-60E1777E972D-SegmentedRaftLogWorker: flushIndex: setUnconditionally 0 -> -1
2019-09-20 00:03:12,322 [pool-227-thread-1] INFO  server.RaftServerConfigKeys (ConfUtils.java:logGet(43)) - raft.server.snapshot.auto.trigger.enabled = true (custom)
2019-09-20 00:03:12,322 [pool-227-thread-1] INFO  server.RaftServerConfigKeys (ConfUtils.java:logGet(43)) - raft.server.snapshot.auto.trigger.threshold = 10000 (custom)
2019-09-20 00:03:12,323 [pool-227-thread-1] INFO  server.RaftServerConfigKeys (ConfUtils.java:logGet(43)) - raft.server.snapshot.retention.num.files = 5 (custom)
2019-09-20 00:03:12,323 [pool-227-thread-1] INFO  server.RaftServerConfigKeys (ConfUtils.java:logGet(43)) - raft.server.retrycache.expirytime = 600000ms (custom)
2019-09-20 00:03:12,326 [pool-227-thread-1] INFO  impl.RaftServerImpl (RaftServerImpl.java:start(185)) - 8f58c883-e4ba-4cdd-8662-08249772462e@group-60E1777E972D: start as a follower, conf=-1: [8f58c883-e4ba-4cdd-8662-08249772462e:192.168.5.182:35458], old=null
2019-09-20 00:03:12,326 [pool-227-thread-1] INFO  impl.RaftServerImpl (RaftServerImpl.java:setRole(174)) - 8f58c883-e4ba-4cdd-8662-08249772462e@group-60E1777E972D: changes role from      null to FOLLOWER at term 0 for startAsFollower
2019-09-20 00:03:12,327 [pool-227-thread-1] INFO  impl.RoleInfo (RoleInfo.java:updateAndGet(143)) - 8f58c883-e4ba-4cdd-8662-08249772462e: start FollowerState
2019-09-20 00:03:12,327 [pool-227-thread-1] INFO  util.JmxRegister (JmxRegister.java:tryRegister(44)) - Successfully registered JMX Bean with object name Ratis:service=RaftServer,group=group-60E1777E972D,id=8f58c883-e4ba-4cdd-8662-08249772462e
2019-09-20 00:03:12,332 [RatisPipelineUtilsThread] INFO  pipeline.PipelineStateManager (PipelineStateManager.java:addPipeline(56)) - Created pipeline Pipeline[ Id: ad0e2b7e-2cc2-49dd-b46b-60e1777e972d, Nodes: 8f58c883-e4ba-4cdd-8662-08249772462e{ip: 192.168.5.182, host: pr-hdds-2020-7x4rg-3348829713, networkLocation: /default-rack, certSerialId: null}, Type:RATIS, Factor:ONE, State:OPEN]
2019-09-20 00:03:12,337 [IPC Server handler 1 on 36420] INFO  net.NetworkTopology (NetworkTopologyImpl.java:add(111)) - Added a new node: /default-rack/5c2be68a-1578-4957-a4c7-2a59839196c2
2019-09-20 00:03:12,338 [IPC Server handler 1 on 36420] INFO  node.SCMNodeManager (SCMNodeManager.java:register(266)) - Registered Data node : 5c2be68a-1578-4957-a4c7-2a59839196c2{ip: 192.168.5.182, host: pr-hdds-2020-7x4rg-3348829713, networkLocation: /default-rack, certSerialId: null}
2019-09-20 00:03:12,347 [grpc-default-executor-1] INFO  impl.RaftServerProxy (RaftServerProxy.java:addNew(89)) - 8f58c883-e4ba-4cdd-8662-08249772462e: addNew group-0BC4DF7BF4D9:[8f58c883-e4ba-4cdd-8662-08249772462e:192.168.5.182:35458, c63e7fee-7ebf-4ab3-a82c-403b5cf942fc:192.168.5.182:40019, fd99f976-ef3a-47b0-8e0c-a462a244f82b:192.168.5.182:45540] returns group-0BC4DF7BF4D9:java.util.concurrent.CompletableFuture@6eacac75[Not completed]
2019-09-20 00:03:12,348 [grpc-default-executor-1] INFO  impl.RaftServerProxy (RaftServerProxy.java:addNew(89)) - c63e7fee-7ebf-4ab3-a82c-403b5cf942fc: addNew group-0BC4DF7BF4D9:[8f58c883-e4ba-4cdd-8662-08249772462e:192.168.5.182:35458, c63e7fee-7ebf-4ab3-a82c-403b5cf942fc:192.168.5.182:40019, fd99f976-ef3a-47b0-8e0c-a462a244f82b:192.168.5.182:45540] returns group-0BC4DF7BF4D9:java.util.concurrent.CompletableFuture@7b9afa8b[Not completed]
2019-09-20 00:03:12,348 [grpc-default-executor-3] INFO  impl.RaftServerProxy (RaftServerProxy.java:addNew(89)) - fd99f976-ef3a-47b0-8e0c-a462a244f82b: addNew group-0BC4DF7BF4D9:[8f58c883-e4ba-4cdd-8662-08249772462e:192.168.5.182:35458, c63e7fee-7ebf-4ab3-a82c-403b5cf942fc:192.168.5.182:40019, fd99f976-ef3a-47b0-8e0c-a462a244f82b:192.168.5.182:45540] returns group-0BC4DF7BF4D9:java.util.concurrent.CompletableFuture@7fff47f[Not completed]
2019-09-20 00:03:12,349 [pool-227-thread-1] INFO  impl.RaftServerImpl (RaftServerImpl.java:<init>(95)) - 8f58c883-e4ba-4cdd-8662-08249772462e: new RaftServerImpl for group-0BC4DF7BF4D9:[8f58c883-e4ba-4cdd-8662-08249772462e:192.168.5.182:35458, c63e7fee-7ebf-4ab3-a82c-403b5cf942fc:192.168.5.182:40019, fd99f976-ef3a-47b0-8e0c-a462a244f82b:192.168.5.182:45540] with ContainerStateMachine:uninitialized
2019-09-20 00:03:12,349 [pool-227-thread-1] INFO  server.RaftServerConfigKeys (ConfUtils.java:logGet(43)) - raft.server.rpc.timeout.min = 5s (custom)
2019-09-20 00:03:12,349 [pool-227-thread-1] INFO  server.RaftServerConfigKeys (ConfUtils.java:logGet(43)) - raft.server.rpc.timeout.max = 5200ms (custom)
2019-09-20 00:03:12,349 [pool-217-thread-1] INFO  impl.RaftServerImpl (RaftServerImpl.java:<init>(95)) - fd99f976-ef3a-47b0-8e0c-a462a244f82b: new RaftServerImpl for group-0BC4DF7BF4D9:[8f58c883-e4ba-4cdd-8662-08249772462e:192.168.5.182:35458, c63e7fee-7ebf-4ab3-a82c-403b5cf942fc:192.168.5.182:40019, fd99f976-ef3a-47b0-8e0c-a462a244f82b:192.168.5.182:45540] with ContainerStateMachine:uninitialized
2019-09-20 00:03:12,349 [pool-227-thread-1] INFO  server.RaftServerConfigKeys (ConfUtils.java:logGet(43)) - raft.server.rpcslowness.timeout = 120s (custom)
2019-09-20 00:03:12,349 [pool-217-thread-1] INFO  server.RaftServerConfigKeys (ConfUtils.java:logGet(43)) - raft.server.rpc.timeout.min = 5s (custom)
2019-09-20 00:03:12,349 [pool-207-thread-1] INFO  impl.RaftServerImpl (RaftServerImpl.java:<init>(95)) - c63e7fee-7ebf-4ab3-a82c-403b5cf942fc: new RaftServerImpl for group-0BC4DF7BF4D9:[8f58c883-e4ba-4cdd-8662-08249772462e:192.168.5.182:35458, c63e7fee-7ebf-4ab3-a82c-403b5cf942fc:192.168.5.182:40019, fd99f976-ef3a-47b0-8e0c-a462a244f82b:192.168.5.182:45540] with ContainerStateMachine:uninitialized
2019-09-20 00:03:12,349 [pool-227-thread-1] INFO  server.RaftServerConfigKeys (ConfUtils.java:logGet(43)) - raft.server.sleep.deviation.threshold = 300 (default)
2019-09-20 00:03:12,350 [pool-207-thread-1] INFO  server.RaftServerConfigKeys (ConfUtils.java:logGet(43)) - raft.server.rpc.timeout.min = 5s (custom)
2019-09-20 00:03:12,349 [pool-217-thread-1] INFO  server.RaftServerConfigKeys (ConfUtils.java:logGet(43)) - raft.server.rpc.timeout.max = 5200ms (custom)
2019-09-20 00:03:12,350 [pool-207-thread-1] INFO  server.RaftServerConfigKeys (ConfUtils.java:logGet(43)) - raft.server.rpc.timeout.max = 5200ms (custom)
2019-09-20 00:03:12,350 [pool-227-thread-1] INFO  server.RaftServerConfigKeys (ConfUtils.java:logGet(43)) - raft.server.log.appender.install.snapshot.enabled = false (custom)
2019-09-20 00:03:12,350 [pool-207-thread-1] INFO  server.RaftServerConfigKeys (ConfUtils.java:logGet(43)) - raft.server.rpcslowness.timeout = 120s (custom)
2019-09-20 00:03:12,350 [pool-217-thread-1] INFO  server.RaftServerConfigKeys (ConfUtils.java:logGet(43)) - raft.server.rpcslowness.timeout = 120s (custom)
2019-09-20 00:03:12,350 [pool-207-thread-1] INFO  server.RaftServerConfigKeys (ConfUtils.java:logGet(43)) - raft.server.sleep.deviation.threshold = 300 (default)
2019-09-20 00:03:12,350 [pool-227-thread-1] INFO  impl.RaftServerImpl (ServerState.java:<init>(103)) - 8f58c883-e4ba-4cdd-8662-08249772462e@group-0BC4DF7BF4D9: ConfigurationManager, init=-1: [8f58c883-e4ba-4cdd-8662-08249772462e:192.168.5.182:35458, c63e7fee-7ebf-4ab3-a82c-403b5cf942fc:192.168.5.182:40019, fd99f976-ef3a-47b0-8e0c-a462a244f82b:192.168.5.182:45540], old=null, confs=<EMPTY_MAP>
2019-09-20 00:03:12,351 [pool-207-thread-1] INFO  server.RaftServerConfigKeys (ConfUtils.java:logGet(43)) - raft.server.log.appender.install.snapshot.enabled = false (custom)
2019-09-20 00:03:12,350 [pool-217-thread-1] INFO  server.RaftServerConfigKeys (ConfUtils.java:logGet(43)) - raft.server.sleep.deviation.threshold = 300 (default)
2019-09-20 00:03:12,351 [pool-207-thread-1] INFO  impl.RaftServerImpl (ServerState.java:<init>(103)) - c63e7fee-7ebf-4ab3-a82c-403b5cf942fc@group-0BC4DF7BF4D9: ConfigurationManager, init=-1: [8f58c883-e4ba-4cdd-8662-08249772462e:192.168.5.182:35458, c63e7fee-7ebf-4ab3-a82c-403b5cf942fc:192.168.5.182:40019, fd99f976-ef3a-47b0-8e0c-a462a244f82b:192.168.5.182:45540], old=null, confs=<EMPTY_MAP>
2019-09-20 00:03:12,351 [pool-227-thread-1] INFO  server.RaftServerConfigKeys (ConfUtils.java:logGet(43)) - raft.server.storage.dir = [/workdir/hadoop-ozone/integration-test/target/test-dir/MiniOzoneClusterImpl-ada7dc46-4703-4a2d-bedb-21dcd6e1b415/datanode-2/data/ratis] (custom)
2019-09-20 00:03:12,351 [pool-207-thread-1] INFO  server.RaftServerConfigKeys (ConfUtils.java:logGet(43)) - raft.server.storage.dir = [/workdir/hadoop-ozone/integration-test/target/test-dir/MiniOzoneClusterImpl-ada7dc46-4703-4a2d-bedb-21dcd6e1b415/datanode-0/data/ratis] (custom)
2019-09-20 00:03:12,351 [pool-217-thread-1] INFO  server.RaftServerConfigKeys (ConfUtils.java:logGet(43)) - raft.server.log.appender.install.snapshot.enabled = false (custom)
2019-09-20 00:03:12,351 [pool-217-thread-1] INFO  impl.RaftServerImpl (ServerState.java:<init>(103)) - fd99f976-ef3a-47b0-8e0c-a462a244f82b@group-0BC4DF7BF4D9: ConfigurationManager, init=-1: [8f58c883-e4ba-4cdd-8662-08249772462e:192.168.5.182:35458, c63e7fee-7ebf-4ab3-a82c-403b5cf942fc:192.168.5.182:40019, fd99f976-ef3a-47b0-8e0c-a462a244f82b:192.168.5.182:45540], old=null, confs=<EMPTY_MAP>
2019-09-20 00:03:12,351 [pool-207-thread-1] INFO  storage.RaftStorageDirectory (RaftStorageDirectory.java:analyzeStorage(246)) - The storage directory /workdir/hadoop-ozone/integration-test/target/test-dir/MiniOzoneClusterImpl-ada7dc46-4703-4a2d-bedb-21dcd6e1b415/datanode-0/data/ratis/9c807bb6-9f2a-4203-be25-0bc4df7bf4d9 does not exist. Creating ...
2019-09-20 00:03:12,351 [pool-227-thread-1] INFO  storage.RaftStorageDirectory (RaftStorageDirectory.java:analyzeStorage(246)) - The storage directory /workdir/hadoop-ozone/integration-test/target/test-dir/MiniOzoneClusterImpl-ada7dc46-4703-4a2d-bedb-21dcd6e1b415/datanode-2/data/ratis/9c807bb6-9f2a-4203-be25-0bc4df7bf4d9 does not exist. Creating ...
2019-09-20 00:03:12,351 [pool-217-thread-1] INFO  server.RaftServerConfigKeys (ConfUtils.java:logGet(43)) - raft.server.storage.dir = [/workdir/hadoop-ozone/integration-test/target/test-dir/MiniOzoneClusterImpl-ada7dc46-4703-4a2d-bedb-21dcd6e1b415/datanode-1/data/ratis] (custom)
2019-09-20 00:03:12,352 [pool-217-thread-1] INFO  storage.RaftStorageDirectory (RaftStorageDirectory.java:analyzeStorage(246)) - The storage directory /workdir/hadoop-ozone/integration-test/target/test-dir/MiniOzoneClusterImpl-ada7dc46-4703-4a2d-bedb-21dcd6e1b415/datanode-1/data/ratis/9c807bb6-9f2a-4203-be25-0bc4df7bf4d9 does not exist. Creating ...
2019-09-20 00:03:12,364 [pool-207-thread-1] INFO  storage.RaftStorageDirectory (RaftStorageDirectory.java:tryLock(328)) - Lock on /workdir/hadoop-ozone/integration-test/target/test-dir/MiniOzoneClusterImpl-ada7dc46-4703-4a2d-bedb-21dcd6e1b415/datanode-0/data/ratis/9c807bb6-9f2a-4203-be25-0bc4df7bf4d9/in_use.lock acquired by nodename 22703@pr-hdds-2020-7x4rg-3348829713
2019-09-20 00:03:12,364 [pool-217-thread-1] INFO  storage.RaftStorageDirectory (RaftStorageDirectory.java:tryLock(328)) - Lock on /workdir/hadoop-ozone/integration-test/target/test-dir/MiniOzoneClusterImpl-ada7dc46-4703-4a2d-bedb-21dcd6e1b415/datanode-1/data/ratis/9c807bb6-9f2a-4203-be25-0bc4df7bf4d9/in_use.lock acquired by nodename 22703@pr-hdds-2020-7x4rg-3348829713
2019-09-20 00:03:12,364 [pool-227-thread-1] INFO  storage.RaftStorageDirectory (RaftStorageDirectory.java:tryLock(328)) - Lock on /workdir/hadoop-ozone/integration-test/target/test-dir/MiniOzoneClusterImpl-ada7dc46-4703-4a2d-bedb-21dcd6e1b415/datanode-2/data/ratis/9c807bb6-9f2a-4203-be25-0bc4df7bf4d9/in_use.lock acquired by nodename 22703@pr-hdds-2020-7x4rg-3348829713
2019-09-20 00:03:12,383 [pool-207-thread-1] INFO  storage.RaftStorage (RaftStorage.java:format(72)) - Storage directory /workdir/hadoop-ozone/integration-test/target/test-dir/MiniOzoneClusterImpl-ada7dc46-4703-4a2d-bedb-21dcd6e1b415/datanode-0/data/ratis/9c807bb6-9f2a-4203-be25-0bc4df7bf4d9 has been successfully formatted.
2019-09-20 00:03:12,383 [pool-227-thread-1] INFO  storage.RaftStorage (RaftStorage.java:format(72)) - Storage directory /workdir/hadoop-ozone/integration-test/target/test-dir/MiniOzoneClusterImpl-ada7dc46-4703-4a2d-bedb-21dcd6e1b415/datanode-2/data/ratis/9c807bb6-9f2a-4203-be25-0bc4df7bf4d9 has been successfully formatted.
2019-09-20 00:03:12,383 [pool-217-thread-1] INFO  storage.RaftStorage (RaftStorage.java:format(72)) - Storage directory /workdir/hadoop-ozone/integration-test/target/test-dir/MiniOzoneClusterImpl-ada7dc46-4703-4a2d-bedb-21dcd6e1b415/datanode-1/data/ratis/9c807bb6-9f2a-4203-be25-0bc4df7bf4d9 has been successfully formatted.
2019-09-20 00:03:12,383 [pool-207-thread-1] INFO  ratis.ContainerStateMachine (ContainerStateMachine.java:loadSnapshot(230)) - group-0BC4DF7BF4D9: The snapshot info is null. Setting the last applied indexto:(t:0, i:~)
2019-09-20 00:03:12,384 [pool-217-thread-1] INFO  ratis.ContainerStateMachine (ContainerStateMachine.java:loadSnapshot(230)) - group-0BC4DF7BF4D9: The snapshot info is null. Setting the last applied indexto:(t:0, i:~)
2019-09-20 00:03:12,384 [pool-207-thread-1] INFO  server.RaftServerConfigKeys (ConfUtils.java:logGet(43)) - raft.server.notification.no-leader.timeout = 120s (custom)
2019-09-20 00:03:12,384 [pool-227-thread-1] INFO  ratis.ContainerStateMachine (ContainerStateMachine.java:loadSnapshot(230)) - group-0BC4DF7BF4D9: The snapshot info is null. Setting the last applied indexto:(t:0, i:~)
2019-09-20 00:03:12,384 [pool-207-thread-1] INFO  server.RaftServerConfigKeys (ConfUtils.java:logGet(43)) - raft.server.log.use.memory = false (default)
2019-09-20 00:03:12,384 [pool-217-thread-1] INFO  server.RaftServerConfigKeys (ConfUtils.java:logGet(43)) - raft.server.notification.no-leader.timeout = 120s (custom)
2019-09-20 00:03:12,384 [pool-207-thread-1] INFO  server.RaftServerConfigKeys (ConfUtils.java:logGet(43)) - raft.server.log.purge.gap = 1000000 (custom)
2019-09-20 00:03:12,384 [pool-227-thread-1] INFO  server.RaftServerConfigKeys (ConfUtils.java:logGet(43)) - raft.server.notification.no-leader.timeout = 120s (custom)
2019-09-20 00:03:12,385 [pool-207-thread-1] INFO  server.RaftServerConfigKeys (ConfUtils.java:logGet(43)) - raft.server.log.appender.buffer.byte-limit = 33554432 (custom)
2019-09-20 00:03:12,384 [pool-217-thread-1] INFO  server.RaftServerConfigKeys (ConfUtils.java:logGet(43)) - raft.server.log.use.memory = false (default)
2019-09-20 00:03:12,385 [pool-207-thread-1] INFO  server.RaftServerConfigKeys (ConfUtils.java:logGet(43)) - raft.server.log.segment.size.max = 1048576 (custom)
2019-09-20 00:03:12,385 [pool-227-thread-1] INFO  server.RaftServerConfigKeys (ConfUtils.java:logGet(43)) - raft.server.log.use.memory = false (default)
2019-09-20 00:03:12,385 [pool-207-thread-1] INFO  server.RaftServerConfigKeys (ConfUtils.java:logGet(43)) - raft.server.log.segment.cache.num.max = 2 (custom)
2019-09-20 00:03:12,385 [pool-207-thread-1] INFO  segmented.SegmentedRaftLogWorker (SegmentedRaftLogWorker.java:<init>(172)) - new c63e7fee-7ebf-4ab3-a82c-403b5cf942fc@group-0BC4DF7BF4D9-SegmentedRaftLogWorker for RaftStorage:Storage Directory /workdir/hadoop-ozone/integration-test/target/test-dir/MiniOzoneClusterImpl-ada7dc46-4703-4a2d-bedb-21dcd6e1b415/datanode-0/data/ratis/9c807bb6-9f2a-4203-be25-0bc4df7bf4d9
2019-09-20 00:03:12,385 [pool-217-thread-1] INFO  server.RaftServerConfigKeys (ConfUtils.java:logGet(43)) - raft.server.log.purge.gap = 1000000 (custom)
2019-09-20 00:03:12,385 [pool-207-thread-1] INFO  server.RaftServerConfigKeys (ConfUtils.java:logGet(43)) - raft.server.log.queue.byte-limit = 2147483647 (custom)
2019-09-20 00:03:12,385 [pool-227-thread-1] INFO  server.RaftServerConfigKeys (ConfUtils.java:logGet(43)) - raft.server.log.purge.gap = 1000000 (custom)
2019-09-20 00:03:12,386 [pool-207-thread-1] INFO  server.RaftServerConfigKeys (ConfUtils.java:logGet(43)) - raft.server.log.queue.element-limit = 1024 (custom)
2019-09-20 00:03:12,386 [pool-217-thread-1] INFO  server.RaftServerConfigKeys (ConfUtils.java:logGet(43)) - raft.server.log.appender.buffer.byte-limit = 33554432 (custom)
2019-09-20 00:03:12,386 [pool-207-thread-1] INFO  server.RaftServerConfigKeys (ConfUtils.java:logGet(43)) - raft.server.log.segment.size.max = 1048576 (custom)
2019-09-20 00:03:12,386 [pool-227-thread-1] INFO  server.RaftServerConfigKeys (ConfUtils.java:logGet(43)) - raft.server.log.appender.buffer.byte-limit = 33554432 (custom)
2019-09-20 00:03:12,386 [pool-207-thread-1] INFO  server.RaftServerConfigKeys (ConfUtils.java:logGet(43)) - raft.server.log.preallocated.size = 16384 (custom)
2019-09-20 00:03:12,386 [pool-207-thread-1] INFO  server.RaftServerConfigKeys (ConfUtils.java:logGet(43)) - raft.server.log.write.buffer.size = 33554432 (custom)
2019-09-20 00:03:12,386 [pool-217-thread-1] INFO  server.RaftServerConfigKeys (ConfUtils.java:logGet(43)) - raft.server.log.segment.size.max = 1048576 (custom)
2019-09-20 00:03:12,386 [pool-207-thread-1] INFO  server.RaftServerConfigKeys (ConfUtils.java:logGet(43)) - raft.server.log.force.sync.num = 128 (default)
2019-09-20 00:03:12,386 [pool-227-thread-1] INFO  server.RaftServerConfigKeys (ConfUtils.java:logGet(43)) - raft.server.log.segment.size.max = 1048576 (custom)
2019-09-20 00:03:12,387 [pool-207-thread-1] INFO  server.RaftServerConfigKeys (ConfUtils.java:logGet(43)) - raft.server.log.statemachine.data.sync = true (default)
2019-09-20 00:03:12,387 [pool-217-thread-1] INFO  server.RaftServerConfigKeys (ConfUtils.java:logGet(43)) - raft.server.log.segment.cache.num.max = 2 (custom)
2019-09-20 00:03:12,387 [pool-207-thread-1] INFO  server.RaftServerConfigKeys (ConfUtils.java:logGet(43)) - raft.server.log.statemachine.data.sync.timeout = 10s (default)
2019-09-20 00:03:12,387 [pool-207-thread-1] INFO  server.RaftServerConfigKeys (ConfUtils.java:logGet(43)) - raft.server.log.statemachine.data.sync.timeout.retry = -1 (default)
2019-09-20 00:03:12,387 [pool-227-thread-1] INFO  server.RaftServerConfigKeys (ConfUtils.java:logGet(43)) - raft.server.log.segment.cache.num.max = 2 (custom)
2019-09-20 00:03:12,387 [pool-207-thread-1] INFO  server.RaftServerConfigKeys (ConfUtils.java:logGet(43)) - raft.server.log.statemachine.data.caching.enabled = true (custom)
2019-09-20 00:03:12,387 [pool-217-thread-1] INFO  segmented.SegmentedRaftLogWorker (SegmentedRaftLogWorker.java:<init>(172)) - new fd99f976-ef3a-47b0-8e0c-a462a244f82b@group-0BC4DF7BF4D9-SegmentedRaftLogWorker for RaftStorage:Storage Directory /workdir/hadoop-ozone/integration-test/target/test-dir/MiniOzoneClusterImpl-ada7dc46-4703-4a2d-bedb-21dcd6e1b415/datanode-1/data/ratis/9c807bb6-9f2a-4203-be25-0bc4df7bf4d9
2019-09-20 00:03:12,387 [pool-227-thread-1] INFO  segmented.SegmentedRaftLogWorker (SegmentedRaftLogWorker.java:<init>(172)) - new 8f58c883-e4ba-4cdd-8662-08249772462e@group-0BC4DF7BF4D9-SegmentedRaftLogWorker for RaftStorage:Storage Directory /workdir/hadoop-ozone/integration-test/target/test-dir/MiniOzoneClusterImpl-ada7dc46-4703-4a2d-bedb-21dcd6e1b415/datanode-2/data/ratis/9c807bb6-9f2a-4203-be25-0bc4df7bf4d9
2019-09-20 00:03:12,388 [pool-207-thread-1] INFO  segmented.SegmentedRaftLogWorker (SegmentedRaftLogWorker.java:lambda$new$0(132)) - c63e7fee-7ebf-4ab3-a82c-403b5cf942fc@group-0BC4DF7BF4D9-SegmentedRaftLogWorker: flushIndex: setUnconditionally 0 -> -1
2019-09-20 00:03:12,388 [pool-217-thread-1] INFO  server.RaftServerConfigKeys (ConfUtils.java:logGet(43)) - raft.server.log.queue.byte-limit = 2147483647 (custom)
2019-09-20 00:03:12,388 [pool-227-thread-1] INFO  server.RaftServerConfigKeys (ConfUtils.java:logGet(43)) - raft.server.log.queue.byte-limit = 2147483647 (custom)
2019-09-20 00:03:12,388 [pool-207-thread-1] INFO  server.RaftServerConfigKeys (ConfUtils.java:logGet(43)) - raft.server.snapshot.auto.trigger.enabled = true (custom)
2019-09-20 00:03:12,388 [pool-217-thread-1] INFO  server.RaftServerConfigKeys (ConfUtils.java:logGet(43)) - raft.server.log.queue.element-limit = 1024 (custom)
2019-09-20 00:03:12,388 [pool-207-thread-1] INFO  server.RaftServerConfigKeys (ConfUtils.java:logGet(43)) - raft.server.snapshot.auto.trigger.threshold = 10000 (custom)
2019-09-20 00:03:12,388 [pool-227-thread-1] INFO  server.RaftServerConfigKeys (ConfUtils.java:logGet(43)) - raft.server.log.queue.element-limit = 1024 (custom)
2019-09-20 00:03:12,389 [pool-207-thread-1] INFO  server.RaftServerConfigKeys (ConfUtils.java:logGet(43)) - raft.server.snapshot.retention.num.files = 5 (custom)
2019-09-20 00:03:12,388 [pool-217-thread-1] INFO  server.RaftServerConfigKeys (ConfUtils.java:logGet(43)) - raft.server.log.segment.size.max = 1048576 (custom)
2019-09-20 00:03:12,389 [pool-207-thread-1] INFO  server.RaftServerConfigKeys (ConfUtils.java:logGet(43)) - raft.server.retrycache.expirytime = 600000ms (custom)
2019-09-20 00:03:12,389 [pool-227-thread-1] INFO  server.RaftServerConfigKeys (ConfUtils.java:logGet(43)) - raft.server.log.segment.size.max = 1048576 (custom)
2019-09-20 00:03:12,389 [pool-217-thread-1] INFO  server.RaftServerConfigKeys (ConfUtils.java:logGet(43)) - raft.server.log.preallocated.size = 16384 (custom)
2019-09-20 00:03:12,389 [pool-227-thread-1] INFO  server.RaftServerConfigKeys (ConfUtils.java:logGet(43)) - raft.server.log.preallocated.size = 16384 (custom)
2019-09-20 00:03:12,389 [pool-217-thread-1] INFO  server.RaftServerConfigKeys (ConfUtils.java:logGet(43)) - raft.server.log.write.buffer.size = 33554432 (custom)
2019-09-20 00:03:12,389 [pool-227-thread-1] INFO  server.RaftServerConfigKeys (ConfUtils.java:logGet(43)) - raft.server.log.write.buffer.size = 33554432 (custom)
2019-09-20 00:03:12,390 [pool-217-thread-1] INFO  server.RaftServerConfigKeys (ConfUtils.java:logGet(43)) - raft.server.log.force.sync.num = 128 (default)
2019-09-20 00:03:12,390 [pool-227-thread-1] INFO  server.RaftServerConfigKeys (ConfUtils.java:logGet(43)) - raft.server.log.force.sync.num = 128 (default)
2019-09-20 00:03:12,390 [pool-217-thread-1] INFO  server.RaftServerConfigKeys (ConfUtils.java:logGet(43)) - raft.server.log.statemachine.data.sync = true (default)
2019-09-20 00:03:12,390 [pool-227-thread-1] INFO  server.RaftServerConfigKeys (ConfUtils.java:logGet(43)) - raft.server.log.statemachine.data.sync = true (default)
2019-09-20 00:03:12,390 [pool-217-thread-1] INFO  server.RaftServerConfigKeys (ConfUtils.java:logGet(43)) - raft.server.log.statemachine.data.sync.timeout = 10s (default)
2019-09-20 00:03:12,390 [pool-227-thread-1] INFO  server.RaftServerConfigKeys (ConfUtils.java:logGet(43)) - raft.server.log.statemachine.data.sync.timeout = 10s (default)
2019-09-20 00:03:12,390 [pool-217-thread-1] INFO  server.RaftServerConfigKeys (ConfUtils.java:logGet(43)) - raft.server.log.statemachine.data.sync.timeout.retry = -1 (default)
2019-09-20 00:03:12,391 [pool-207-thread-1] INFO  impl.RaftServerImpl (RaftServerImpl.java:start(185)) - c63e7fee-7ebf-4ab3-a82c-403b5cf942fc@group-0BC4DF7BF4D9: start as a follower, conf=-1: [8f58c883-e4ba-4cdd-8662-08249772462e:192.168.5.182:35458, c63e7fee-7ebf-4ab3-a82c-403b5cf942fc:192.168.5.182:40019, fd99f976-ef3a-47b0-8e0c-a462a244f82b:192.168.5.182:45540], old=null
2019-09-20 00:03:12,391 [pool-227-thread-1] INFO  server.RaftServerConfigKeys (ConfUtils.java:logGet(43)) - raft.server.log.statemachine.data.sync.timeout.retry = -1 (default)
2019-09-20 00:03:12,391 [pool-207-thread-1] INFO  impl.RaftServerImpl (RaftServerImpl.java:setRole(174)) - c63e7fee-7ebf-4ab3-a82c-403b5cf942fc@group-0BC4DF7BF4D9: changes role from      null to FOLLOWER at term 0 for startAsFollower
2019-09-20 00:03:12,391 [pool-217-thread-1] INFO  server.RaftServerConfigKeys (ConfUtils.java:logGet(43)) - raft.server.log.statemachine.data.caching.enabled = true (custom)
2019-09-20 00:03:12,391 [pool-207-thread-1] INFO  impl.RoleInfo (RoleInfo.java:updateAndGet(143)) - c63e7fee-7ebf-4ab3-a82c-403b5cf942fc: start FollowerState
2019-09-20 00:03:12,391 [pool-227-thread-1] INFO  server.RaftServerConfigKeys (ConfUtils.java:logGet(43)) - raft.server.log.statemachine.data.caching.enabled = true (custom)
2019-09-20 00:03:12,391 [pool-217-thread-1] INFO  segmented.SegmentedRaftLogWorker (SegmentedRaftLogWorker.java:lambda$new$0(132)) - fd99f976-ef3a-47b0-8e0c-a462a244f82b@group-0BC4DF7BF4D9-SegmentedRaftLogWorker: flushIndex: setUnconditionally 0 -> -1
2019-09-20 00:03:12,391 [pool-207-thread-1] INFO  util.JmxRegister (JmxRegister.java:tryRegister(44)) - Successfully registered JMX Bean with object name Ratis:service=RaftServer,group=group-0BC4DF7BF4D9,id=c63e7fee-7ebf-4ab3-a82c-403b5cf942fc
2019-09-20 00:03:12,392 [pool-227-thread-1] INFO  segmented.SegmentedRaftLogWorker (SegmentedRaftLogWorker.java:lambda$new$0(132)) - 8f58c883-e4ba-4cdd-8662-08249772462e@group-0BC4DF7BF4D9-SegmentedRaftLogWorker: flushIndex: setUnconditionally 0 -> -1
2019-09-20 00:03:12,392 [pool-217-thread-1] INFO  server.RaftServerConfigKeys (ConfUtils.java:logGet(43)) - raft.server.snapshot.auto.trigger.enabled = true (custom)
2019-09-20 00:03:12,392 [pool-217-thread-1] INFO  server.RaftServerConfigKeys (ConfUtils.java:logGet(43)) - raft.server.snapshot.auto.trigger.threshold = 10000 (custom)
2019-09-20 00:03:12,392 [pool-227-thread-1] INFO  server.RaftServerConfigKeys (ConfUtils.java:logGet(43)) - raft.server.snapshot.auto.trigger.enabled = true (custom)
2019-09-20 00:03:12,392 [pool-217-thread-1] INFO  server.RaftServerConfigKeys (ConfUtils.java:logGet(43)) - raft.server.snapshot.retention.num.files = 5 (custom)
2019-09-20 00:03:12,392 [pool-227-thread-1] INFO  server.RaftServerConfigKeys (ConfUtils.java:logGet(43)) - raft.server.snapshot.auto.trigger.threshold = 10000 (custom)
2019-09-20 00:03:12,392 [pool-217-thread-1] INFO  server.RaftServerConfigKeys (ConfUtils.java:logGet(43)) - raft.server.retrycache.expirytime = 600000ms (custom)
2019-09-20 00:03:12,393 [pool-227-thread-1] INFO  server.RaftServerConfigKeys (ConfUtils.java:logGet(43)) - raft.server.snapshot.retention.num.files = 5 (custom)
2019-09-20 00:03:12,393 [pool-227-thread-1] INFO  server.RaftServerConfigKeys (ConfUtils.java:logGet(43)) - raft.server.retrycache.expirytime = 600000ms (custom)
2019-09-20 00:03:12,399 [pool-217-thread-1] INFO  impl.RaftServerImpl (RaftServerImpl.java:start(185)) - fd99f976-ef3a-47b0-8e0c-a462a244f82b@group-0BC4DF7BF4D9: start as a follower, conf=-1: [8f58c883-e4ba-4cdd-8662-08249772462e:192.168.5.182:35458, c63e7fee-7ebf-4ab3-a82c-403b5cf942fc:192.168.5.182:40019, fd99f976-ef3a-47b0-8e0c-a462a244f82b:192.168.5.182:45540], old=null
2019-09-20 00:03:12,399 [pool-217-thread-1] INFO  impl.RaftServerImpl (RaftServerImpl.java:setRole(174)) - fd99f976-ef3a-47b0-8e0c-a462a244f82b@group-0BC4DF7BF4D9: changes role from      null to FOLLOWER at term 0 for startAsFollower
2019-09-20 00:03:12,399 [pool-217-thread-1] INFO  impl.RoleInfo (RoleInfo.java:updateAndGet(143)) - fd99f976-ef3a-47b0-8e0c-a462a244f82b: start FollowerState
2019-09-20 00:03:12,399 [pool-227-thread-1] INFO  impl.RaftServerImpl (RaftServerImpl.java:start(185)) - 8f58c883-e4ba-4cdd-8662-08249772462e@group-0BC4DF7BF4D9: start as a follower, conf=-1: [8f58c883-e4ba-4cdd-8662-08249772462e:192.168.5.182:35458, c63e7fee-7ebf-4ab3-a82c-403b5cf942fc:192.168.5.182:40019, fd99f976-ef3a-47b0-8e0c-a462a244f82b:192.168.5.182:45540], old=null
2019-09-20 00:03:12,399 [pool-217-thread-1] INFO  util.JmxRegister (JmxRegister.java:tryRegister(44)) - Successfully registered JMX Bean with object name Ratis:service=RaftServer,group=group-0BC4DF7BF4D9,id=fd99f976-ef3a-47b0-8e0c-a462a244f82b
2019-09-20 00:03:12,399 [pool-227-thread-1] INFO  impl.RaftServerImpl (RaftServerImpl.java:setRole(174)) - 8f58c883-e4ba-4cdd-8662-08249772462e@group-0BC4DF7BF4D9: changes role from      null to FOLLOWER at term 0 for startAsFollower
2019-09-20 00:03:12,399 [pool-227-thread-1] INFO  impl.RoleInfo (RoleInfo.java:updateAndGet(143)) - 8f58c883-e4ba-4cdd-8662-08249772462e: start FollowerState
2019-09-20 00:03:12,400 [pool-227-thread-1] INFO  util.JmxRegister (JmxRegister.java:tryRegister(44)) - Successfully registered JMX Bean with object name Ratis:service=RaftServer,group=group-0BC4DF7BF4D9,id=8f58c883-e4ba-4cdd-8662-08249772462e
2019-09-20 00:03:12,407 [RatisPipelineUtilsThread] INFO  pipeline.PipelineStateManager (PipelineStateManager.java:addPipeline(56)) - Created pipeline Pipeline[ Id: 9c807bb6-9f2a-4203-be25-0bc4df7bf4d9, Nodes: fd99f976-ef3a-47b0-8e0c-a462a244f82b{ip: 192.168.5.182, host: pr-hdds-2020-7x4rg-3348829713, networkLocation: /default-rack, certSerialId: null}8f58c883-e4ba-4cdd-8662-08249772462e{ip: 192.168.5.182, host: pr-hdds-2020-7x4rg-3348829713, networkLocation: /default-rack, certSerialId: null}c63e7fee-7ebf-4ab3-a82c-403b5cf942fc{ip: 192.168.5.182, host: pr-hdds-2020-7x4rg-3348829713, networkLocation: /default-rack, certSerialId: null}, Type:RATIS, Factor:THREE, State:OPEN]
2019-09-20 00:03:12,436 [IPC Server handler 4 on 36420] INFO  net.NetworkTopology (NetworkTopologyImpl.java:add(111)) - Added a new node: /default-rack/52531afa-0fca-4996-9da9-05b24e9e07b9
2019-09-20 00:03:12,437 [IPC Server handler 4 on 36420] INFO  node.SCMNodeManager (SCMNodeManager.java:register(266)) - Registered Data node : 52531afa-0fca-4996-9da9-05b24e9e07b9{ip: 192.168.5.182, host: pr-hdds-2020-7x4rg-3348829713, networkLocation: /default-rack, certSerialId: null}
2019-09-20 00:03:12,446 [grpc-default-executor-3] INFO  impl.RaftServerProxy (RaftServerProxy.java:addNew(89)) - 5c2be68a-1578-4957-a4c7-2a59839196c2: addNew group-CF4047C7B160:[5c2be68a-1578-4957-a4c7-2a59839196c2:192.168.5.182:46445] returns group-CF4047C7B160:java.util.concurrent.CompletableFuture@12d30c81[Not completed]
2019-09-20 00:03:12,450 [pool-237-thread-1] INFO  impl.RaftServerImpl (RaftServerImpl.java:<init>(95)) - 5c2be68a-1578-4957-a4c7-2a59839196c2: new RaftServerImpl for group-CF4047C7B160:[5c2be68a-1578-4957-a4c7-2a59839196c2:192.168.5.182:46445] with ContainerStateMachine:uninitialized
2019-09-20 00:03:12,450 [pool-237-thread-1] INFO  server.RaftServerConfigKeys (ConfUtils.java:logGet(43)) - raft.server.rpc.timeout.min = 5s (custom)
2019-09-20 00:03:12,450 [pool-237-thread-1] INFO  server.RaftServerConfigKeys (ConfUtils.java:logGet(43)) - raft.server.rpc.timeout.max = 5200ms (custom)
2019-09-20 00:03:12,450 [pool-237-thread-1] INFO  server.RaftServerConfigKeys (ConfUtils.java:logGet(43)) - raft.server.rpcslowness.timeout = 120s (custom)
2019-09-20 00:03:12,451 [pool-237-thread-1] INFO  server.RaftServerConfigKeys (ConfUtils.java:logGet(43)) - raft.server.sleep.deviation.threshold = 300 (default)
2019-09-20 00:03:12,451 [pool-237-thread-1] INFO  server.RaftServerConfigKeys (ConfUtils.java:logGet(43)) - raft.server.log.appender.install.snapshot.enabled = false (custom)
2019-09-20 00:03:12,451 [pool-237-thread-1] INFO  impl.RaftServerImpl (ServerState.java:<init>(103)) - 5c2be68a-1578-4957-a4c7-2a59839196c2@group-CF4047C7B160: ConfigurationManager, init=-1: [5c2be68a-1578-4957-a4c7-2a59839196c2:192.168.5.182:46445], old=null, confs=<EMPTY_MAP>
2019-09-20 00:03:12,451 [pool-237-thread-1] INFO  server.RaftServerConfigKeys (ConfUtils.java:logGet(43)) - raft.server.storage.dir = [/workdir/hadoop-ozone/integration-test/target/test-dir/MiniOzoneClusterImpl-ada7dc46-4703-4a2d-bedb-21dcd6e1b415/datanode-3/data/ratis] (custom)
2019-09-20 00:03:12,451 [pool-237-thread-1] INFO  storage.RaftStorageDirectory (RaftStorageDirectory.java:analyzeStorage(246)) - The storage directory /workdir/hadoop-ozone/integration-test/target/test-dir/MiniOzoneClusterImpl-ada7dc46-4703-4a2d-bedb-21dcd6e1b415/datanode-3/data/ratis/38c5effa-e0f2-4cb4-a019-cf4047c7b160 does not exist. Creating ...
2019-09-20 00:03:12,469 [pool-237-thread-1] INFO  storage.RaftStorageDirectory (RaftStorageDirectory.java:tryLock(328)) - Lock on /workdir/hadoop-ozone/integration-test/target/test-dir/MiniOzoneClusterImpl-ada7dc46-4703-4a2d-bedb-21dcd6e1b415/datanode-3/data/ratis/38c5effa-e0f2-4cb4-a019-cf4047c7b160/in_use.lock acquired by nodename 22703@pr-hdds-2020-7x4rg-3348829713
2019-09-20 00:03:12,486 [pool-237-thread-1] INFO  storage.RaftStorage (RaftStorage.java:format(72)) - Storage directory /workdir/hadoop-ozone/integration-test/target/test-dir/MiniOzoneClusterImpl-ada7dc46-4703-4a2d-bedb-21dcd6e1b415/datanode-3/data/ratis/38c5effa-e0f2-4cb4-a019-cf4047c7b160 has been successfully formatted.
2019-09-20 00:03:12,486 [pool-237-thread-1] INFO  ratis.ContainerStateMachine (ContainerStateMachine.java:loadSnapshot(230)) - group-CF4047C7B160: The snapshot info is null. Setting the last applied indexto:(t:0, i:~)
2019-09-20 00:03:12,486 [pool-237-thread-1] INFO  server.RaftServerConfigKeys (ConfUtils.java:logGet(43)) - raft.server.notification.no-leader.timeout = 120s (custom)
2019-09-20 00:03:12,487 [pool-237-thread-1] INFO  server.RaftServerConfigKeys (ConfUtils.java:logGet(43)) - raft.server.log.use.memory = false (default)
2019-09-20 00:03:12,487 [pool-237-thread-1] INFO  server.RaftServerConfigKeys (ConfUtils.java:logGet(43)) - raft.server.log.purge.gap = 1000000 (custom)
2019-09-20 00:03:12,487 [pool-237-thread-1] INFO  server.RaftServerConfigKeys (ConfUtils.java:logGet(43)) - raft.server.log.appender.buffer.byte-limit = 33554432 (custom)
2019-09-20 00:03:12,487 [pool-237-thread-1] INFO  server.RaftServerConfigKeys (ConfUtils.java:logGet(43)) - raft.server.log.segment.size.max = 1048576 (custom)
2019-09-20 00:03:12,487 [pool-237-thread-1] INFO  server.RaftServerConfigKeys (ConfUtils.java:logGet(43)) - raft.server.log.segment.cache.num.max = 2 (custom)
2019-09-20 00:03:12,487 [pool-237-thread-1] INFO  segmented.SegmentedRaftLogWorker (SegmentedRaftLogWorker.java:<init>(172)) - new 5c2be68a-1578-4957-a4c7-2a59839196c2@group-CF4047C7B160-SegmentedRaftLogWorker for RaftStorage:Storage Directory /workdir/hadoop-ozone/integration-test/target/test-dir/MiniOzoneClusterImpl-ada7dc46-4703-4a2d-bedb-21dcd6e1b415/datanode-3/data/ratis/38c5effa-e0f2-4cb4-a019-cf4047c7b160
2019-09-20 00:03:12,506 [IPC Server handler 5 on 36420] INFO  net.NetworkTopology (NetworkTopologyImpl.java:add(111)) - Added a new node: /default-rack/f9210520-554e-41dc-a9b2-d492e03f6d34
2019-09-20 00:03:12,506 [IPC Server handler 5 on 36420] INFO  node.SCMNodeManager (SCMNodeManager.java:register(266)) - Registered Data node : f9210520-554e-41dc-a9b2-d492e03f6d34{ip: 192.168.5.182, host: pr-hdds-2020-7x4rg-3348829713, networkLocation: /default-rack, certSerialId: null}
2019-09-20 00:03:12,615 [pool-237-thread-1] INFO  server.RaftServerConfigKeys (ConfUtils.java:logGet(43)) - raft.server.log.queue.byte-limit = 2147483647 (custom)
2019-09-20 00:03:12,615 [pool-237-thread-1] INFO  server.RaftServerConfigKeys (ConfUtils.java:logGet(43)) - raft.server.log.queue.element-limit = 1024 (custom)
2019-09-20 00:03:12,616 [pool-237-thread-1] INFO  server.RaftServerConfigKeys (ConfUtils.java:logGet(43)) - raft.server.log.segment.size.max = 1048576 (custom)
2019-09-20 00:03:12,616 [pool-237-thread-1] INFO  server.RaftServerConfigKeys (ConfUtils.java:logGet(43)) - raft.server.log.preallocated.size = 16384 (custom)
2019-09-20 00:03:12,616 [pool-237-thread-1] INFO  server.RaftServerConfigKeys (ConfUtils.java:logGet(43)) - raft.server.log.write.buffer.size = 33554432 (custom)
2019-09-20 00:03:12,616 [pool-237-thread-1] INFO  server.RaftServerConfigKeys (ConfUtils.java:logGet(43)) - raft.server.log.force.sync.num = 128 (default)
2019-09-20 00:03:12,616 [pool-237-thread-1] INFO  server.RaftServerConfigKeys (ConfUtils.java:logGet(43)) - raft.server.log.statemachine.data.sync = true (default)
2019-09-20 00:03:12,616 [pool-237-thread-1] INFO  server.RaftServerConfigKeys (ConfUtils.java:logGet(43)) - raft.server.log.statemachine.data.sync.timeout = 10s (default)
2019-09-20 00:03:12,616 [pool-237-thread-1] INFO  server.RaftServerConfigKeys (ConfUtils.java:logGet(43)) - raft.server.log.statemachine.data.sync.timeout.retry = -1 (default)
2019-09-20 00:03:12,617 [pool-237-thread-1] INFO  server.RaftServerConfigKeys (ConfUtils.java:logGet(43)) - raft.server.log.statemachine.data.caching.enabled = true (custom)
2019-09-20 00:03:12,617 [pool-237-thread-1] INFO  segmented.SegmentedRaftLogWorker (SegmentedRaftLogWorker.java:lambda$new$0(132)) - 5c2be68a-1578-4957-a4c7-2a59839196c2@group-CF4047C7B160-SegmentedRaftLogWorker: flushIndex: setUnconditionally 0 -> -1
2019-09-20 00:03:12,617 [pool-237-thread-1] INFO  server.RaftServerConfigKeys (ConfUtils.java:logGet(43)) - raft.server.snapshot.auto.trigger.enabled = true (custom)
2019-09-20 00:03:12,618 [pool-237-thread-1] INFO  server.RaftServerConfigKeys (ConfUtils.java:logGet(43)) - raft.server.snapshot.auto.trigger.threshold = 10000 (custom)
2019-09-20 00:03:12,618 [pool-237-thread-1] INFO  server.RaftServerConfigKeys (ConfUtils.java:logGet(43)) - raft.server.snapshot.retention.num.files = 5 (custom)
2019-09-20 00:03:12,618 [pool-237-thread-1] INFO  server.RaftServerConfigKeys (ConfUtils.java:logGet(43)) - raft.server.retrycache.expirytime = 600000ms (custom)
2019-09-20 00:03:12,621 [pool-237-thread-1] INFO  impl.RaftServerImpl (RaftServerImpl.java:start(185)) - 5c2be68a-1578-4957-a4c7-2a59839196c2@group-CF4047C7B160: start as a follower, conf=-1: [5c2be68a-1578-4957-a4c7-2a59839196c2:192.168.5.182:46445], old=null
2019-09-20 00:03:12,621 [pool-237-thread-1] INFO  impl.RaftServerImpl (RaftServerImpl.java:setRole(174)) - 5c2be68a-1578-4957-a4c7-2a59839196c2@group-CF4047C7B160: changes role from      null to FOLLOWER at term 0 for startAsFollower
2019-09-20 00:03:12,621 [pool-237-thread-1] INFO  impl.RoleInfo (RoleInfo.java:updateAndGet(143)) - 5c2be68a-1578-4957-a4c7-2a59839196c2: start FollowerState
2019-09-20 00:03:12,622 [pool-237-thread-1] INFO  util.JmxRegister (JmxRegister.java:tryRegister(44)) - Successfully registered JMX Bean with object name Ratis:service=RaftServer,group=group-CF4047C7B160,id=5c2be68a-1578-4957-a4c7-2a59839196c2
2019-09-20 00:03:12,627 [RatisPipelineUtilsThread] INFO  pipeline.PipelineStateManager (PipelineStateManager.java:addPipeline(56)) - Created pipeline Pipeline[ Id: 38c5effa-e0f2-4cb4-a019-cf4047c7b160, Nodes: 5c2be68a-1578-4957-a4c7-2a59839196c2{ip: 192.168.5.182, host: pr-hdds-2020-7x4rg-3348829713, networkLocation: /default-rack, certSerialId: null}, Type:RATIS, Factor:ONE, State:OPEN]
2019-09-20 00:03:12,635 [grpc-default-executor-3] INFO  impl.RaftServerProxy (RaftServerProxy.java:addNew(89)) - f9210520-554e-41dc-a9b2-d492e03f6d34: addNew group-152E00D4ADB2:[f9210520-554e-41dc-a9b2-d492e03f6d34:192.168.5.182:43039] returns group-152E00D4ADB2:java.util.concurrent.CompletableFuture@2629a7da[Not completed]
2019-09-20 00:03:12,636 [pool-257-thread-1] INFO  impl.RaftServerImpl (RaftServerImpl.java:<init>(95)) - f9210520-554e-41dc-a9b2-d492e03f6d34: new RaftServerImpl for group-152E00D4ADB2:[f9210520-554e-41dc-a9b2-d492e03f6d34:192.168.5.182:43039] with ContainerStateMachine:uninitialized
2019-09-20 00:03:12,636 [pool-257-thread-1] INFO  server.RaftServerConfigKeys (ConfUtils.java:logGet(43)) - raft.server.rpc.timeout.min = 5s (custom)
2019-09-20 00:03:12,636 [pool-257-thread-1] INFO  server.RaftServerConfigKeys (ConfUtils.java:logGet(43)) - raft.server.rpc.timeout.max = 5200ms (custom)
2019-09-20 00:03:12,636 [pool-257-thread-1] INFO  server.RaftServerConfigKeys (ConfUtils.java:logGet(43)) - raft.server.rpcslowness.timeout = 120s (custom)
2019-09-20 00:03:12,636 [pool-257-thread-1] INFO  server.RaftServerConfigKeys (ConfUtils.java:logGet(43)) - raft.server.sleep.deviation.threshold = 300 (default)
2019-09-20 00:03:12,636 [pool-257-thread-1] INFO  server.RaftServerConfigKeys (ConfUtils.java:logGet(43)) - raft.server.log.appender.install.snapshot.enabled = false (custom)
2019-09-20 00:03:12,636 [pool-257-thread-1] INFO  impl.RaftServerImpl (ServerState.java:<init>(103)) - f9210520-554e-41dc-a9b2-d492e03f6d34@group-152E00D4ADB2: ConfigurationManager, init=-1: [f9210520-554e-41dc-a9b2-d492e03f6d34:192.168.5.182:43039], old=null, confs=<EMPTY_MAP>
2019-09-20 00:03:12,636 [pool-257-thread-1] INFO  server.RaftServerConfigKeys (ConfUtils.java:logGet(43)) - raft.server.storage.dir = [/workdir/hadoop-ozone/integration-test/target/test-dir/MiniOzoneClusterImpl-ada7dc46-4703-4a2d-bedb-21dcd6e1b415/datanode-5/data/ratis] (custom)
2019-09-20 00:03:12,637 [pool-257-thread-1] INFO  storage.RaftStorageDirectory (RaftStorageDirectory.java:analyzeStorage(246)) - The storage directory /workdir/hadoop-ozone/integration-test/target/test-dir/MiniOzoneClusterImpl-ada7dc46-4703-4a2d-bedb-21dcd6e1b415/datanode-5/data/ratis/f62eca1d-1f10-4bcf-a0ed-152e00d4adb2 does not exist. Creating ...
2019-09-20 00:03:12,652 [pool-257-thread-1] INFO  storage.RaftStorageDirectory (RaftStorageDirectory.java:tryLock(328)) - Lock on /workdir/hadoop-ozone/integration-test/target/test-dir/MiniOzoneClusterImpl-ada7dc46-4703-4a2d-bedb-21dcd6e1b415/datanode-5/data/ratis/f62eca1d-1f10-4bcf-a0ed-152e00d4adb2/in_use.lock acquired by nodename 22703@pr-hdds-2020-7x4rg-3348829713
2019-09-20 00:03:12,685 [pool-257-thread-1] INFO  storage.RaftStorage (RaftStorage.java:format(72)) - Storage directory /workdir/hadoop-ozone/integration-test/target/test-dir/MiniOzoneClusterImpl-ada7dc46-4703-4a2d-bedb-21dcd6e1b415/datanode-5/data/ratis/f62eca1d-1f10-4bcf-a0ed-152e00d4adb2 has been successfully formatted.
2019-09-20 00:03:12,686 [pool-257-thread-1] INFO  ratis.ContainerStateMachine (ContainerStateMachine.java:loadSnapshot(230)) - group-152E00D4ADB2: The snapshot info is null. Setting the last applied indexto:(t:0, i:~)
2019-09-20 00:03:12,686 [pool-257-thread-1] INFO  server.RaftServerConfigKeys (ConfUtils.java:logGet(43)) - raft.server.notification.no-leader.timeout = 120s (custom)
2019-09-20 00:03:12,686 [pool-257-thread-1] INFO  server.RaftServerConfigKeys (ConfUtils.java:logGet(43)) - raft.server.log.use.memory = false (default)
2019-09-20 00:03:12,686 [pool-257-thread-1] INFO  server.RaftServerConfigKeys (ConfUtils.java:logGet(43)) - raft.server.log.purge.gap = 1000000 (custom)
2019-09-20 00:03:12,686 [pool-257-thread-1] INFO  server.RaftServerConfigKeys (ConfUtils.java:logGet(43)) - raft.server.log.appender.buffer.byte-limit = 33554432 (custom)
2019-09-20 00:03:12,686 [pool-257-thread-1] INFO  server.RaftServerConfigKeys (ConfUtils.java:logGet(43)) - raft.server.log.segment.size.max = 1048576 (custom)
2019-09-20 00:03:12,686 [pool-257-thread-1] INFO  server.RaftServerConfigKeys (ConfUtils.java:logGet(43)) - raft.server.log.segment.cache.num.max = 2 (custom)
2019-09-20 00:03:12,686 [pool-257-thread-1] INFO  segmented.SegmentedRaftLogWorker (SegmentedRaftLogWorker.java:<init>(172)) - new f9210520-554e-41dc-a9b2-d492e03f6d34@group-152E00D4ADB2-SegmentedRaftLogWorker for RaftStorage:Storage Directory /workdir/hadoop-ozone/integration-test/target/test-dir/MiniOzoneClusterImpl-ada7dc46-4703-4a2d-bedb-21dcd6e1b415/datanode-5/data/ratis/f62eca1d-1f10-4bcf-a0ed-152e00d4adb2
2019-09-20 00:03:12,688 [pool-257-thread-1] INFO  server.RaftServerConfigKeys (ConfUtils.java:logGet(43)) - raft.server.log.queue.byte-limit = 2147483647 (custom)
2019-09-20 00:03:12,688 [pool-257-thread-1] INFO  server.RaftServerConfigKeys (ConfUtils.java:logGet(43)) - raft.server.log.queue.element-limit = 1024 (custom)
2019-09-20 00:03:12,688 [pool-257-thread-1] INFO  server.RaftServerConfigKeys (ConfUtils.java:logGet(43)) - raft.server.log.segment.size.max = 1048576 (custom)
2019-09-20 00:03:12,688 [pool-257-thread-1] INFO  server.RaftServerConfigKeys (ConfUtils.java:logGet(43)) - raft.server.log.preallocated.size = 16384 (custom)
2019-09-20 00:03:12,688 [pool-257-thread-1] INFO  server.RaftServerConfigKeys (ConfUtils.java:logGet(43)) - raft.server.log.write.buffer.size = 33554432 (custom)
2019-09-20 00:03:12,689 [pool-257-thread-1] INFO  server.RaftServerConfigKeys (ConfUtils.java:logGet(43)) - raft.server.log.force.sync.num = 128 (default)
2019-09-20 00:03:12,689 [pool-257-thread-1] INFO  server.RaftServerConfigKeys (ConfUtils.java:logGet(43)) - raft.server.log.statemachine.data.sync = true (default)
2019-09-20 00:03:12,689 [pool-257-thread-1] INFO  server.RaftServerConfigKeys (ConfUtils.java:logGet(43)) - raft.server.log.statemachine.data.sync.timeout = 10s (default)
2019-09-20 00:03:12,689 [pool-257-thread-1] INFO  server.RaftServerConfigKeys (ConfUtils.java:logGet(43)) - raft.server.log.statemachine.data.sync.timeout.retry = -1 (default)
2019-09-20 00:03:12,689 [pool-257-thread-1] INFO  server.RaftServerConfigKeys (ConfUtils.java:logGet(43)) - raft.server.log.statemachine.data.caching.enabled = true (custom)
2019-09-20 00:03:12,689 [pool-257-thread-1] INFO  segmented.SegmentedRaftLogWorker (SegmentedRaftLogWorker.java:lambda$new$0(132)) - f9210520-554e-41dc-a9b2-d492e03f6d34@group-152E00D4ADB2-SegmentedRaftLogWorker: flushIndex: setUnconditionally 0 -> -1
2019-09-20 00:03:12,689 [pool-257-thread-1] INFO  server.RaftServerConfigKeys (ConfUtils.java:logGet(43)) - raft.server.snapshot.auto.trigger.enabled = true (custom)
2019-09-20 00:03:12,690 [pool-257-thread-1] INFO  server.RaftServerConfigKeys (ConfUtils.java:logGet(43)) - raft.server.snapshot.auto.trigger.threshold = 10000 (custom)
2019-09-20 00:03:12,690 [pool-257-thread-1] INFO  server.RaftServerConfigKeys (ConfUtils.java:logGet(43)) - raft.server.snapshot.retention.num.files = 5 (custom)
2019-09-20 00:03:12,690 [pool-257-thread-1] INFO  server.RaftServerConfigKeys (ConfUtils.java:logGet(43)) - raft.server.retrycache.expirytime = 600000ms (custom)
2019-09-20 00:03:12,691 [pool-257-thread-1] INFO  impl.RaftServerImpl (RaftServerImpl.java:start(185)) - f9210520-554e-41dc-a9b2-d492e03f6d34@group-152E00D4ADB2: start as a follower, conf=-1: [f9210520-554e-41dc-a9b2-d492e03f6d34:192.168.5.182:43039], old=null
2019-09-20 00:03:12,691 [pool-257-thread-1] INFO  impl.RaftServerImpl (RaftServerImpl.java:setRole(174)) - f9210520-554e-41dc-a9b2-d492e03f6d34@group-152E00D4ADB2: changes role from      null to FOLLOWER at term 0 for startAsFollower
2019-09-20 00:03:12,691 [pool-257-thread-1] INFO  impl.RoleInfo (RoleInfo.java:updateAndGet(143)) - f9210520-554e-41dc-a9b2-d492e03f6d34: start FollowerState
2019-09-20 00:03:12,692 [pool-257-thread-1] INFO  util.JmxRegister (JmxRegister.java:tryRegister(44)) - Successfully registered JMX Bean with object name Ratis:service=RaftServer,group=group-152E00D4ADB2,id=f9210520-554e-41dc-a9b2-d492e03f6d34
2019-09-20 00:03:12,697 [RatisPipelineUtilsThread] INFO  pipeline.PipelineStateManager (PipelineStateManager.java:addPipeline(56)) - Created pipeline Pipeline[ Id: f62eca1d-1f10-4bcf-a0ed-152e00d4adb2, Nodes: f9210520-554e-41dc-a9b2-d492e03f6d34{ip: 192.168.5.182, host: pr-hdds-2020-7x4rg-3348829713, networkLocation: /default-rack, certSerialId: null}, Type:RATIS, Factor:ONE, State:OPEN]
2019-09-20 00:03:12,746 [grpc-default-executor-3] INFO  impl.RaftServerProxy (RaftServerProxy.java:addNew(89)) - 52531afa-0fca-4996-9da9-05b24e9e07b9: addNew group-B623008EE091:[52531afa-0fca-4996-9da9-05b24e9e07b9:192.168.5.182:36541] returns group-B623008EE091:java.util.concurrent.CompletableFuture@6d8c28a0[Not completed]
2019-09-20 00:03:12,748 [pool-247-thread-1] INFO  impl.RaftServerImpl (RaftServerImpl.java:<init>(95)) - 52531afa-0fca-4996-9da9-05b24e9e07b9: new RaftServerImpl for group-B623008EE091:[52531afa-0fca-4996-9da9-05b24e9e07b9:192.168.5.182:36541] with ContainerStateMachine:uninitialized
2019-09-20 00:03:12,748 [pool-247-thread-1] INFO  server.RaftServerConfigKeys (ConfUtils.java:logGet(43)) - raft.server.rpc.timeout.min = 5s (custom)
2019-09-20 00:03:12,748 [pool-247-thread-1] INFO  server.RaftServerConfigKeys (ConfUtils.java:logGet(43)) - raft.server.rpc.timeout.max = 5200ms (custom)
2019-09-20 00:03:12,748 [pool-247-thread-1] INFO  server.RaftServerConfigKeys (ConfUtils.java:logGet(43)) - raft.server.rpcslowness.timeout = 120s (custom)
2019-09-20 00:03:12,748 [pool-247-thread-1] INFO  server.RaftServerConfigKeys (ConfUtils.java:logGet(43)) - raft.server.sleep.deviation.threshold = 300 (default)
2019-09-20 00:03:12,748 [pool-247-thread-1] INFO  server.RaftServerConfigKeys (ConfUtils.java:logGet(43)) - raft.server.log.appender.install.snapshot.enabled = false (custom)
2019-09-20 00:03:12,748 [pool-247-thread-1] INFO  impl.RaftServerImpl (ServerState.java:<init>(103)) - 52531afa-0fca-4996-9da9-05b24e9e07b9@group-B623008EE091: ConfigurationManager, init=-1: [52531afa-0fca-4996-9da9-05b24e9e07b9:192.168.5.182:36541], old=null, confs=<EMPTY_MAP>
2019-09-20 00:03:12,749 [pool-247-thread-1] INFO  server.RaftServerConfigKeys (ConfUtils.java:logGet(43)) - raft.server.storage.dir = [/workdir/hadoop-ozone/integration-test/target/test-dir/MiniOzoneClusterImpl-ada7dc46-4703-4a2d-bedb-21dcd6e1b415/datanode-4/data/ratis] (custom)
2019-09-20 00:03:12,749 [pool-247-thread-1] INFO  storage.RaftStorageDirectory (RaftStorageDirectory.java:analyzeStorage(246)) - The storage directory /workdir/hadoop-ozone/integration-test/target/test-dir/MiniOzoneClusterImpl-ada7dc46-4703-4a2d-bedb-21dcd6e1b415/datanode-4/data/ratis/1eb41b21-fccc-431f-b951-b623008ee091 does not exist. Creating ...
2019-09-20 00:03:12,764 [pool-247-thread-1] INFO  storage.RaftStorageDirectory (RaftStorageDirectory.java:tryLock(328)) - Lock on /workdir/hadoop-ozone/integration-test/target/test-dir/MiniOzoneClusterImpl-ada7dc46-4703-4a2d-bedb-21dcd6e1b415/datanode-4/data/ratis/1eb41b21-fccc-431f-b951-b623008ee091/in_use.lock acquired by nodename 22703@pr-hdds-2020-7x4rg-3348829713
2019-09-20 00:03:12,790 [pool-247-thread-1] INFO  storage.RaftStorage (RaftStorage.java:format(72)) - Storage directory /workdir/hadoop-ozone/integration-test/target/test-dir/MiniOzoneClusterImpl-ada7dc46-4703-4a2d-bedb-21dcd6e1b415/datanode-4/data/ratis/1eb41b21-fccc-431f-b951-b623008ee091 has been successfully formatted.
2019-09-20 00:03:12,790 [pool-247-thread-1] INFO  ratis.ContainerStateMachine (ContainerStateMachine.java:loadSnapshot(230)) - group-B623008EE091: The snapshot info is null. Setting the last applied indexto:(t:0, i:~)
2019-09-20 00:03:12,790 [pool-247-thread-1] INFO  server.RaftServerConfigKeys (ConfUtils.java:logGet(43)) - raft.server.notification.no-leader.timeout = 120s (custom)
2019-09-20 00:03:12,791 [pool-247-thread-1] INFO  server.RaftServerConfigKeys (ConfUtils.java:logGet(43)) - raft.server.log.use.memory = false (default)
2019-09-20 00:03:12,791 [pool-247-thread-1] INFO  server.RaftServerConfigKeys (ConfUtils.java:logGet(43)) - raft.server.log.purge.gap = 1000000 (custom)
2019-09-20 00:03:12,791 [pool-247-thread-1] INFO  server.RaftServerConfigKeys (ConfUtils.java:logGet(43)) - raft.server.log.appender.buffer.byte-limit = 33554432 (custom)
2019-09-20 00:03:12,791 [pool-247-thread-1] INFO  server.RaftServerConfigKeys (ConfUtils.java:logGet(43)) - raft.server.log.segment.size.max = 1048576 (custom)
2019-09-20 00:03:12,791 [pool-247-thread-1] INFO  server.RaftServerConfigKeys (ConfUtils.java:logGet(43)) - raft.server.log.segment.cache.num.max = 2 (custom)
2019-09-20 00:03:12,791 [pool-247-thread-1] INFO  segmented.SegmentedRaftLogWorker (SegmentedRaftLogWorker.java:<init>(172)) - new 52531afa-0fca-4996-9da9-05b24e9e07b9@group-B623008EE091-SegmentedRaftLogWorker for RaftStorage:Storage Directory /workdir/hadoop-ozone/integration-test/target/test-dir/MiniOzoneClusterImpl-ada7dc46-4703-4a2d-bedb-21dcd6e1b415/datanode-4/data/ratis/1eb41b21-fccc-431f-b951-b623008ee091
2019-09-20 00:03:12,793 [pool-247-thread-1] INFO  server.RaftServerConfigKeys (ConfUtils.java:logGet(43)) - raft.server.log.queue.byte-limit = 2147483647 (custom)
2019-09-20 00:03:12,793 [pool-247-thread-1] INFO  server.RaftServerConfigKeys (ConfUtils.java:logGet(43)) - raft.server.log.queue.element-limit = 1024 (custom)
2019-09-20 00:03:12,794 [pool-247-thread-1] INFO  server.RaftServerConfigKeys (ConfUtils.java:logGet(43)) - raft.server.log.segment.size.max = 1048576 (custom)
2019-09-20 00:03:12,794 [pool-247-thread-1] INFO  server.RaftServerConfigKeys (ConfUtils.java:logGet(43)) - raft.server.log.preallocated.size = 16384 (custom)
2019-09-20 00:03:12,794 [pool-247-thread-1] INFO  server.RaftServerConfigKeys (ConfUtils.java:logGet(43)) - raft.server.log.write.buffer.size = 33554432 (custom)
2019-09-20 00:03:12,794 [pool-247-thread-1] INFO  server.RaftServerConfigKeys (ConfUtils.java:logGet(43)) - raft.server.log.force.sync.num = 128 (default)
2019-09-20 00:03:12,794 [pool-247-thread-1] INFO  server.RaftServerConfigKeys (ConfUtils.java:logGet(43)) - raft.server.log.statemachine.data.sync = true (default)
2019-09-20 00:03:12,794 [pool-247-thread-1] INFO  server.RaftServerConfigKeys (ConfUtils.java:logGet(43)) - raft.server.log.statemachine.data.sync.timeout = 10s (default)
2019-09-20 00:03:12,794 [pool-247-thread-1] INFO  server.RaftServerConfigKeys (ConfUtils.java:logGet(43)) - raft.server.log.statemachine.data.sync.timeout.retry = -1 (default)
2019-09-20 00:03:12,794 [pool-247-thread-1] INFO  server.RaftServerConfigKeys (ConfUtils.java:logGet(43)) - raft.server.log.statemachine.data.caching.enabled = true (custom)
2019-09-20 00:03:12,795 [pool-247-thread-1] INFO  segmented.SegmentedRaftLogWorker (SegmentedRaftLogWorker.java:lambda$new$0(132)) - 52531afa-0fca-4996-9da9-05b24e9e07b9@group-B623008EE091-SegmentedRaftLogWorker: flushIndex: setUnconditionally 0 -> -1
2019-09-20 00:03:12,795 [pool-247-thread-1] INFO  server.RaftServerConfigKeys (ConfUtils.java:logGet(43)) - raft.server.snapshot.auto.trigger.enabled = true (custom)
2019-09-20 00:03:12,795 [pool-247-thread-1] INFO  server.RaftServerConfigKeys (ConfUtils.java:logGet(43)) - raft.server.snapshot.auto.trigger.threshold = 10000 (custom)
2019-09-20 00:03:12,795 [pool-247-thread-1] INFO  server.RaftServerConfigKeys (ConfUtils.java:logGet(43)) - raft.server.snapshot.retention.num.files = 5 (custom)
2019-09-20 00:03:12,795 [pool-247-thread-1] INFO  server.RaftServerConfigKeys (ConfUtils.java:logGet(43)) - raft.server.retrycache.expirytime = 600000ms (custom)
2019-09-20 00:03:12,797 [pool-247-thread-1] INFO  impl.RaftServerImpl (RaftServerImpl.java:start(185)) - 52531afa-0fca-4996-9da9-05b24e9e07b9@group-B623008EE091: start as a follower, conf=-1: [52531afa-0fca-4996-9da9-05b24e9e07b9:192.168.5.182:36541], old=null
2019-09-20 00:03:12,797 [pool-247-thread-1] INFO  impl.RaftServerImpl (RaftServerImpl.java:setRole(174)) - 52531afa-0fca-4996-9da9-05b24e9e07b9@group-B623008EE091: changes role from      null to FOLLOWER at term 0 for startAsFollower
2019-09-20 00:03:12,797 [pool-247-thread-1] INFO  impl.RoleInfo (RoleInfo.java:updateAndGet(143)) - 52531afa-0fca-4996-9da9-05b24e9e07b9: start FollowerState
2019-09-20 00:03:12,798 [pool-247-thread-1] INFO  util.JmxRegister (JmxRegister.java:tryRegister(44)) - Successfully registered JMX Bean with object name Ratis:service=RaftServer,group=group-B623008EE091,id=52531afa-0fca-4996-9da9-05b24e9e07b9
2019-09-20 00:03:12,802 [RatisPipelineUtilsThread] INFO  pipeline.PipelineStateManager (PipelineStateManager.java:addPipeline(56)) - Created pipeline Pipeline[ Id: 1eb41b21-fccc-431f-b951-b623008ee091, Nodes: 52531afa-0fca-4996-9da9-05b24e9e07b9{ip: 192.168.5.182, host: pr-hdds-2020-7x4rg-3348829713, networkLocation: /default-rack, certSerialId: null}, Type:RATIS, Factor:ONE, State:OPEN]
2019-09-20 00:03:12,812 [grpc-default-executor-6] INFO  impl.RaftServerProxy (RaftServerProxy.java:addNew(89)) - f9210520-554e-41dc-a9b2-d492e03f6d34: addNew group-68C8C04ADAE1:[52531afa-0fca-4996-9da9-05b24e9e07b9:192.168.5.182:36541, 5c2be68a-1578-4957-a4c7-2a59839196c2:192.168.5.182:46445, f9210520-554e-41dc-a9b2-d492e03f6d34:192.168.5.182:43039] returns group-68C8C04ADAE1:java.util.concurrent.CompletableFuture@4220c945[Not completed]
2019-09-20 00:03:12,812 [grpc-default-executor-3] INFO  impl.RaftServerProxy (RaftServerProxy.java:addNew(89)) - 52531afa-0fca-4996-9da9-05b24e9e07b9: addNew group-68C8C04ADAE1:[52531afa-0fca-4996-9da9-05b24e9e07b9:192.168.5.182:36541, 5c2be68a-1578-4957-a4c7-2a59839196c2:192.168.5.182:46445, f9210520-554e-41dc-a9b2-d492e03f6d34:192.168.5.182:43039] returns group-68C8C04ADAE1:java.util.concurrent.CompletableFuture@aec9538[Not completed]
2019-09-20 00:03:12,812 [grpc-default-executor-1] INFO  impl.RaftServerProxy (RaftServerProxy.java:addNew(89)) - 5c2be68a-1578-4957-a4c7-2a59839196c2: addNew group-68C8C04ADAE1:[52531afa-0fca-4996-9da9-05b24e9e07b9:192.168.5.182:36541, 5c2be68a-1578-4957-a4c7-2a59839196c2:192.168.5.182:46445, f9210520-554e-41dc-a9b2-d492e03f6d34:192.168.5.182:43039] returns group-68C8C04ADAE1:java.util.concurrent.CompletableFuture@3e8fbb38[Not completed]
2019-09-20 00:03:12,814 [pool-257-thread-1] INFO  impl.RaftServerImpl (RaftServerImpl.java:<init>(95)) - f9210520-554e-41dc-a9b2-d492e03f6d34: new RaftServerImpl for group-68C8C04ADAE1:[52531afa-0fca-4996-9da9-05b24e9e07b9:192.168.5.182:36541, 5c2be68a-1578-4957-a4c7-2a59839196c2:192.168.5.182:46445, f9210520-554e-41dc-a9b2-d492e03f6d34:192.168.5.182:43039] with ContainerStateMachine:uninitialized
2019-09-20 00:03:12,814 [pool-257-thread-1] INFO  server.RaftServerConfigKeys (ConfUtils.java:logGet(43)) - raft.server.rpc.timeout.min = 5s (custom)
2019-09-20 00:03:12,814 [pool-257-thread-1] INFO  server.RaftServerConfigKeys (ConfUtils.java:logGet(43)) - raft.server.rpc.timeout.max = 5200ms (custom)
2019-09-20 00:03:12,814 [pool-257-thread-1] INFO  server.RaftServerConfigKeys (ConfUtils.java:logGet(43)) - raft.server.rpcslowness.timeout = 120s (custom)
2019-09-20 00:03:12,814 [pool-257-thread-1] INFO  server.RaftServerConfigKeys (ConfUtils.java:logGet(43)) - raft.server.sleep.deviation.threshold = 300 (default)
2019-09-20 00:03:12,814 [pool-257-thread-1] INFO  server.RaftServerConfigKeys (ConfUtils.java:logGet(43)) - raft.server.log.appender.install.snapshot.enabled = false (custom)
2019-09-20 00:03:12,814 [pool-257-thread-1] INFO  impl.RaftServerImpl (ServerState.java:<init>(103)) - f9210520-554e-41dc-a9b2-d492e03f6d34@group-68C8C04ADAE1: ConfigurationManager, init=-1: [52531afa-0fca-4996-9da9-05b24e9e07b9:192.168.5.182:36541, 5c2be68a-1578-4957-a4c7-2a59839196c2:192.168.5.182:46445, f9210520-554e-41dc-a9b2-d492e03f6d34:192.168.5.182:43039], old=null, confs=<EMPTY_MAP>
2019-09-20 00:03:12,814 [pool-237-thread-1] INFO  impl.RaftServerImpl (RaftServerImpl.java:<init>(95)) - 5c2be68a-1578-4957-a4c7-2a59839196c2: new RaftServerImpl for group-68C8C04ADAE1:[52531afa-0fca-4996-9da9-05b24e9e07b9:192.168.5.182:36541, 5c2be68a-1578-4957-a4c7-2a59839196c2:192.168.5.182:46445, f9210520-554e-41dc-a9b2-d492e03f6d34:192.168.5.182:43039] with ContainerStateMachine:uninitialized
2019-09-20 00:03:12,814 [pool-257-thread-1] INFO  server.RaftServerConfigKeys (ConfUtils.java:logGet(43)) - raft.server.storage.dir = [/workdir/hadoop-ozone/integration-test/target/test-dir/MiniOzoneClusterImpl-ada7dc46-4703-4a2d-bedb-21dcd6e1b415/datanode-5/data/ratis] (custom)
2019-09-20 00:03:12,814 [pool-237-thread-1] INFO  server.RaftServerConfigKeys (ConfUtils.java:logGet(43)) - raft.server.rpc.timeout.min = 5s (custom)
2019-09-20 00:03:12,815 [pool-237-thread-1] INFO  server.RaftServerConfigKeys (ConfUtils.java:logGet(43)) - raft.server.rpc.timeout.max = 5200ms (custom)
2019-09-20 00:03:12,815 [pool-247-thread-1] INFO  impl.RaftServerImpl (RaftServerImpl.java:<init>(95)) - 52531afa-0fca-4996-9da9-05b24e9e07b9: new RaftServerImpl for group-68C8C04ADAE1:[52531afa-0fca-4996-9da9-05b24e9e07b9:192.168.5.182:36541, 5c2be68a-1578-4957-a4c7-2a59839196c2:192.168.5.182:46445, f9210520-554e-41dc-a9b2-d492e03f6d34:192.168.5.182:43039] with ContainerStateMachine:uninitialized
2019-09-20 00:03:12,815 [pool-257-thread-1] INFO  storage.RaftStorageDirectory (RaftStorageDirectory.java:analyzeStorage(246)) - The storage directory /workdir/hadoop-ozone/integration-test/target/test-dir/MiniOzoneClusterImpl-ada7dc46-4703-4a2d-bedb-21dcd6e1b415/datanode-5/data/ratis/399c1d5b-a228-4c1f-b303-68c8c04adae1 does not exist. Creating ...
2019-09-20 00:03:12,815 [pool-247-thread-1] INFO  server.RaftServerConfigKeys (ConfUtils.java:logGet(43)) - raft.server.rpc.timeout.min = 5s (custom)
2019-09-20 00:03:12,815 [pool-237-thread-1] INFO  server.RaftServerConfigKeys (ConfUtils.java:logGet(43)) - raft.server.rpcslowness.timeout = 120s (custom)
2019-09-20 00:03:12,815 [pool-247-thread-1] INFO  server.RaftServerConfigKeys (ConfUtils.java:logGet(43)) - raft.server.rpc.timeout.max = 5200ms (custom)
2019-09-20 00:03:12,815 [pool-237-thread-1] INFO  server.RaftServerConfigKeys (ConfUtils.java:logGet(43)) - raft.server.sleep.deviation.threshold = 300 (default)
2019-09-20 00:03:12,815 [pool-247-thread-1] INFO  server.RaftServerConfigKeys (ConfUtils.java:logGet(43)) - raft.server.rpcslowness.timeout = 120s (custom)
2019-09-20 00:03:12,815 [pool-237-thread-1] INFO  server.RaftServerConfigKeys (ConfUtils.java:logGet(43)) - raft.server.log.appender.install.snapshot.enabled = false (custom)
2019-09-20 00:03:12,816 [pool-247-thread-1] INFO  server.RaftServerConfigKeys (ConfUtils.java:logGet(43)) - raft.server.sleep.deviation.threshold = 300 (default)
2019-09-20 00:03:12,816 [pool-237-thread-1] INFO  impl.RaftServerImpl (ServerState.java:<init>(103)) - 5c2be68a-1578-4957-a4c7-2a59839196c2@group-68C8C04ADAE1: ConfigurationManager, init=-1: [52531afa-0fca-4996-9da9-05b24e9e07b9:192.168.5.182:36541, 5c2be68a-1578-4957-a4c7-2a59839196c2:192.168.5.182:46445, f9210520-554e-41dc-a9b2-d492e03f6d34:192.168.5.182:43039], old=null, confs=<EMPTY_MAP>
2019-09-20 00:03:12,816 [pool-247-thread-1] INFO  server.RaftServerConfigKeys (ConfUtils.java:logGet(43)) - raft.server.log.appender.install.snapshot.enabled = false (custom)
2019-09-20 00:03:12,816 [pool-237-thread-1] INFO  server.RaftServerConfigKeys (ConfUtils.java:logGet(43)) - raft.server.storage.dir = [/workdir/hadoop-ozone/integration-test/target/test-dir/MiniOzoneClusterImpl-ada7dc46-4703-4a2d-bedb-21dcd6e1b415/datanode-3/data/ratis] (custom)
2019-09-20 00:03:12,816 [pool-247-thread-1] INFO  impl.RaftServerImpl (ServerState.java:<init>(103)) - 52531afa-0fca-4996-9da9-05b24e9e07b9@group-68C8C04ADAE1: ConfigurationManager, init=-1: [52531afa-0fca-4996-9da9-05b24e9e07b9:192.168.5.182:36541, 5c2be68a-1578-4957-a4c7-2a59839196c2:192.168.5.182:46445, f9210520-554e-41dc-a9b2-d492e03f6d34:192.168.5.182:43039], old=null, confs=<EMPTY_MAP>
2019-09-20 00:03:12,816 [pool-247-thread-1] INFO  server.RaftServerConfigKeys (ConfUtils.java:logGet(43)) - raft.server.storage.dir = [/workdir/hadoop-ozone/integration-test/target/test-dir/MiniOzoneClusterImpl-ada7dc46-4703-4a2d-bedb-21dcd6e1b415/datanode-4/data/ratis] (custom)
2019-09-20 00:03:12,816 [pool-237-thread-1] INFO  storage.RaftStorageDirectory (RaftStorageDirectory.java:analyzeStorage(246)) - The storage directory /workdir/hadoop-ozone/integration-test/target/test-dir/MiniOzoneClusterImpl-ada7dc46-4703-4a2d-bedb-21dcd6e1b415/datanode-3/data/ratis/399c1d5b-a228-4c1f-b303-68c8c04adae1 does not exist. Creating ...
2019-09-20 00:03:12,818 [pool-247-thread-1] INFO  storage.RaftStorageDirectory (RaftStorageDirectory.java:analyzeStorage(246)) - The storage directory /workdir/hadoop-ozone/integration-test/target/test-dir/MiniOzoneClusterImpl-ada7dc46-4703-4a2d-bedb-21dcd6e1b415/datanode-4/data/ratis/399c1d5b-a228-4c1f-b303-68c8c04adae1 does not exist. Creating ...
2019-09-20 00:03:12,841 [pool-247-thread-1] INFO  storage.RaftStorageDirectory (RaftStorageDirectory.java:tryLock(328)) - Lock on /workdir/hadoop-ozone/integration-test/target/test-dir/MiniOzoneClusterImpl-ada7dc46-4703-4a2d-bedb-21dcd6e1b415/datanode-4/data/ratis/399c1d5b-a228-4c1f-b303-68c8c04adae1/in_use.lock acquired by nodename 22703@pr-hdds-2020-7x4rg-3348829713
2019-09-20 00:03:12,841 [pool-237-thread-1] INFO  storage.RaftStorageDirectory (RaftStorageDirectory.java:tryLock(328)) - Lock on /workdir/hadoop-ozone/integration-test/target/test-dir/MiniOzoneClusterImpl-ada7dc46-4703-4a2d-bedb-21dcd6e1b415/datanode-3/data/ratis/399c1d5b-a228-4c1f-b303-68c8c04adae1/in_use.lock acquired by nodename 22703@pr-hdds-2020-7x4rg-3348829713
2019-09-20 00:03:12,841 [pool-257-thread-1] INFO  storage.RaftStorageDirectory (RaftStorageDirectory.java:tryLock(328)) - Lock on /workdir/hadoop-ozone/integration-test/target/test-dir/MiniOzoneClusterImpl-ada7dc46-4703-4a2d-bedb-21dcd6e1b415/datanode-5/data/ratis/399c1d5b-a228-4c1f-b303-68c8c04adae1/in_use.lock acquired by nodename 22703@pr-hdds-2020-7x4rg-3348829713
2019-09-20 00:03:12,858 [pool-247-thread-1] INFO  storage.RaftStorage (RaftStorage.java:format(72)) - Storage directory /workdir/hadoop-ozone/integration-test/target/test-dir/MiniOzoneClusterImpl-ada7dc46-4703-4a2d-bedb-21dcd6e1b415/datanode-4/data/ratis/399c1d5b-a228-4c1f-b303-68c8c04adae1 has been successfully formatted.
2019-09-20 00:03:12,858 [pool-237-thread-1] INFO  storage.RaftStorage (RaftStorage.java:format(72)) - Storage directory /workdir/hadoop-ozone/integration-test/target/test-dir/MiniOzoneClusterImpl-ada7dc46-4703-4a2d-bedb-21dcd6e1b415/datanode-3/data/ratis/399c1d5b-a228-4c1f-b303-68c8c04adae1 has been successfully formatted.
2019-09-20 00:03:12,858 [pool-257-thread-1] INFO  storage.RaftStorage (RaftStorage.java:format(72)) - Storage directory /workdir/hadoop-ozone/integration-test/target/test-dir/MiniOzoneClusterImpl-ada7dc46-4703-4a2d-bedb-21dcd6e1b415/datanode-5/data/ratis/399c1d5b-a228-4c1f-b303-68c8c04adae1 has been successfully formatted.
2019-09-20 00:03:12,859 [pool-247-thread-1] INFO  ratis.ContainerStateMachine (ContainerStateMachine.java:loadSnapshot(230)) - group-68C8C04ADAE1: The snapshot info is null. Setting the last applied indexto:(t:0, i:~)
2019-09-20 00:03:12,859 [pool-257-thread-1] INFO  ratis.ContainerStateMachine (ContainerStateMachine.java:loadSnapshot(230)) - group-68C8C04ADAE1: The snapshot info is null. Setting the last applied indexto:(t:0, i:~)
2019-09-20 00:03:12,859 [pool-237-thread-1] INFO  ratis.ContainerStateMachine (ContainerStateMachine.java:loadSnapshot(230)) - group-68C8C04ADAE1: The snapshot info is null. Setting the last applied indexto:(t:0, i:~)
2019-09-20 00:03:12,859 [pool-257-thread-1] INFO  server.RaftServerConfigKeys (ConfUtils.java:logGet(43)) - raft.server.notification.no-leader.timeout = 120s (custom)
2019-09-20 00:03:12,859 [pool-247-thread-1] INFO  server.RaftServerConfigKeys (ConfUtils.java:logGet(43)) - raft.server.notification.no-leader.timeout = 120s (custom)
2019-09-20 00:03:12,859 [pool-257-thread-1] INFO  server.RaftServerConfigKeys (ConfUtils.java:logGet(43)) - raft.server.log.use.memory = false (default)
2019-09-20 00:03:12,859 [pool-237-thread-1] INFO  server.RaftServerConfigKeys (ConfUtils.java:logGet(43)) - raft.server.notification.no-leader.timeout = 120s (custom)
2019-09-20 00:03:12,859 [pool-257-thread-1] INFO  server.RaftServerConfigKeys (ConfUtils.java:logGet(43)) - raft.server.log.purge.gap = 1000000 (custom)
2019-09-20 00:03:12,859 [pool-247-thread-1] INFO  server.RaftServerConfigKeys (ConfUtils.java:logGet(43)) - raft.server.log.use.memory = false (default)
2019-09-20 00:03:12,860 [pool-257-thread-1] INFO  server.RaftServerConfigKeys (ConfUtils.java:logGet(43)) - raft.server.log.appender.buffer.byte-limit = 33554432 (custom)
2019-09-20 00:03:12,859 [pool-237-thread-1] INFO  server.RaftServerConfigKeys (ConfUtils.java:logGet(43)) - raft.server.log.use.memory = false (default)
2019-09-20 00:03:12,860 [pool-257-thread-1] INFO  server.RaftServerConfigKeys (ConfUtils.java:logGet(43)) - raft.server.log.segment.size.max = 1048576 (custom)
2019-09-20 00:03:12,860 [pool-247-thread-1] INFO  server.RaftServerConfigKeys (ConfUtils.java:logGet(43)) - raft.server.log.purge.gap = 1000000 (custom)
2019-09-20 00:03:12,860 [pool-257-thread-1] INFO  server.RaftServerConfigKeys (ConfUtils.java:logGet(43)) - raft.server.log.segment.cache.num.max = 2 (custom)
2019-09-20 00:03:12,860 [pool-237-thread-1] INFO  server.RaftServerConfigKeys (ConfUtils.java:logGet(43)) - raft.server.log.purge.gap = 1000000 (custom)
2019-09-20 00:03:12,860 [pool-257-thread-1] INFO  segmented.SegmentedRaftLogWorker (SegmentedRaftLogWorker.java:<init>(172)) - new f9210520-554e-41dc-a9b2-d492e03f6d34@group-68C8C04ADAE1-SegmentedRaftLogWorker for RaftStorage:Storage Directory /workdir/hadoop-ozone/integration-test/target/test-dir/MiniOzoneClusterImpl-ada7dc46-4703-4a2d-bedb-21dcd6e1b415/datanode-5/data/ratis/399c1d5b-a228-4c1f-b303-68c8c04adae1
2019-09-20 00:03:12,860 [pool-247-thread-1] INFO  server.RaftServerConfigKeys (ConfUtils.java:logGet(43)) - raft.server.log.appender.buffer.byte-limit = 33554432 (custom)
2019-09-20 00:03:12,860 [pool-257-thread-1] INFO  server.RaftServerConfigKeys (ConfUtils.java:logGet(43)) - raft.server.log.queue.byte-limit = 2147483647 (custom)
2019-09-20 00:03:12,860 [pool-237-thread-1] INFO  server.RaftServerConfigKeys (ConfUtils.java:logGet(43)) - raft.server.log.appender.buffer.byte-limit = 33554432 (custom)
2019-09-20 00:03:12,861 [pool-257-thread-1] INFO  server.RaftServerConfigKeys (ConfUtils.java:logGet(43)) - raft.server.log.queue.element-limit = 1024 (custom)
2019-09-20 00:03:12,860 [pool-247-thread-1] INFO  server.RaftServerConfigKeys (ConfUtils.java:logGet(43)) - raft.server.log.segment.size.max = 1048576 (custom)
2019-09-20 00:03:12,861 [pool-257-thread-1] INFO  server.RaftServerConfigKeys (ConfUtils.java:logGet(43)) - raft.server.log.segment.size.max = 1048576 (custom)
2019-09-20 00:03:12,861 [pool-257-thread-1] INFO  server.RaftServerConfigKeys (ConfUtils.java:logGet(43)) - raft.server.log.preallocated.size = 16384 (custom)
2019-09-20 00:03:12,861 [pool-257-thread-1] INFO  server.RaftServerConfigKeys (ConfUtils.java:logGet(43)) - raft.server.log.write.buffer.size = 33554432 (custom)
2019-09-20 00:03:12,861 [pool-237-thread-1] INFO  server.RaftServerConfigKeys (ConfUtils.java:logGet(43)) - raft.server.log.segment.size.max = 1048576 (custom)
2019-09-20 00:03:12,861 [pool-257-thread-1] INFO  server.RaftServerConfigKeys (ConfUtils.java:logGet(43)) - raft.server.log.force.sync.num = 128 (default)
2019-09-20 00:03:12,861 [pool-257-thread-1] INFO  server.RaftServerConfigKeys (ConfUtils.java:logGet(43)) - raft.server.log.statemachine.data.sync = true (default)
2019-09-20 00:03:12,861 [pool-247-thread-1] INFO  server.RaftServerConfigKeys (ConfUtils.java:logGet(43)) - raft.server.log.segment.cache.num.max = 2 (custom)
2019-09-20 00:03:12,862 [pool-257-thread-1] INFO  server.RaftServerConfigKeys (ConfUtils.java:logGet(43)) - raft.server.log.statemachine.data.sync.timeout = 10s (default)
2019-09-20 00:03:12,861 [pool-237-thread-1] INFO  server.RaftServerConfigKeys (ConfUtils.java:logGet(43)) - raft.server.log.segment.cache.num.max = 2 (custom)
2019-09-20 00:03:12,862 [pool-257-thread-1] INFO  server.RaftServerConfigKeys (ConfUtils.java:logGet(43)) - raft.server.log.statemachine.data.sync.timeout.retry = -1 (default)
2019-09-20 00:03:12,862 [pool-247-thread-1] INFO  segmented.SegmentedRaftLogWorker (SegmentedRaftLogWorker.java:<init>(172)) - new 52531afa-0fca-4996-9da9-05b24e9e07b9@group-68C8C04ADAE1-SegmentedRaftLogWorker for RaftStorage:Storage Directory /workdir/hadoop-ozone/integration-test/target/test-dir/MiniOzoneClusterImpl-ada7dc46-4703-4a2d-bedb-21dcd6e1b415/datanode-4/data/ratis/399c1d5b-a228-4c1f-b303-68c8c04adae1
2019-09-20 00:03:12,862 [pool-257-thread-1] INFO  server.RaftServerConfigKeys (ConfUtils.java:logGet(43)) - raft.server.log.statemachine.data.caching.enabled = true (custom)
2019-09-20 00:03:12,862 [pool-237-thread-1] INFO  segmented.SegmentedRaftLogWorker (SegmentedRaftLogWorker.java:<init>(172)) - new 5c2be68a-1578-4957-a4c7-2a59839196c2@group-68C8C04ADAE1-SegmentedRaftLogWorker for RaftStorage:Storage Directory /workdir/hadoop-ozone/integration-test/target/test-dir/MiniOzoneClusterImpl-ada7dc46-4703-4a2d-bedb-21dcd6e1b415/datanode-3/data/ratis/399c1d5b-a228-4c1f-b303-68c8c04adae1
2019-09-20 00:03:12,862 [pool-247-thread-1] INFO  server.RaftServerConfigKeys (ConfUtils.java:logGet(43)) - raft.server.log.queue.byte-limit = 2147483647 (custom)
2019-09-20 00:03:12,863 [pool-237-thread-1] INFO  server.RaftServerConfigKeys (ConfUtils.java:logGet(43)) - raft.server.log.queue.byte-limit = 2147483647 (custom)
2019-09-20 00:03:12,863 [pool-257-thread-1] INFO  segmented.SegmentedRaftLogWorker (SegmentedRaftLogWorker.java:lambda$new$0(132)) - f9210520-554e-41dc-a9b2-d492e03f6d34@group-68C8C04ADAE1-SegmentedRaftLogWorker: flushIndex: setUnconditionally 0 -> -1
2019-09-20 00:03:12,863 [pool-237-thread-1] INFO  server.RaftServerConfigKeys (ConfUtils.java:logGet(43)) - raft.server.log.queue.element-limit = 1024 (custom)
2019-09-20 00:03:12,863 [pool-247-thread-1] INFO  server.RaftServerConfigKeys (ConfUtils.java:logGet(43)) - raft.server.log.queue.element-limit = 1024 (custom)
2019-09-20 00:03:12,863 [pool-237-thread-1] INFO  server.RaftServerConfigKeys (ConfUtils.java:logGet(43)) - raft.server.log.segment.size.max = 1048576 (custom)
2019-09-20 00:03:12,863 [pool-257-thread-1] INFO  server.RaftServerConfigKeys (ConfUtils.java:logGet(43)) - raft.server.snapshot.auto.trigger.enabled = true (custom)
2019-09-20 00:03:12,863 [pool-237-thread-1] INFO  server.RaftServerConfigKeys (ConfUtils.java:logGet(43)) - raft.server.log.preallocated.size = 16384 (custom)
2019-09-20 00:03:12,863 [pool-247-thread-1] INFO  server.RaftServerConfigKeys (ConfUtils.java:logGet(43)) - raft.server.log.segment.size.max = 1048576 (custom)
2019-09-20 00:03:12,864 [pool-237-thread-1] INFO  server.RaftServerConfigKeys (ConfUtils.java:logGet(43)) - raft.server.log.write.buffer.size = 33554432 (custom)
2019-09-20 00:03:12,863 [pool-257-thread-1] INFO  server.RaftServerConfigKeys (ConfUtils.java:logGet(43)) - raft.server.snapshot.auto.trigger.threshold = 10000 (custom)
2019-09-20 00:03:12,864 [pool-237-thread-1] INFO  server.RaftServerConfigKeys (ConfUtils.java:logGet(43)) - raft.server.log.force.sync.num = 128 (default)
2019-09-20 00:03:12,864 [pool-247-thread-1] INFO  server.RaftServerConfigKeys (ConfUtils.java:logGet(43)) - raft.server.log.preallocated.size = 16384 (custom)
2019-09-20 00:03:12,864 [pool-237-thread-1] INFO  server.RaftServerConfigKeys (ConfUtils.java:logGet(43)) - raft.server.log.statemachine.data.sync = true (default)
2019-09-20 00:03:12,864 [pool-257-thread-1] INFO  server.RaftServerConfigKeys (ConfUtils.java:logGet(43)) - raft.server.snapshot.retention.num.files = 5 (custom)
2019-09-20 00:03:12,864 [pool-237-thread-1] INFO  server.RaftServerConfigKeys (ConfUtils.java:logGet(43)) - raft.server.log.statemachine.data.sync.timeout = 10s (default)
2019-09-20 00:03:12,864 [pool-247-thread-1] INFO  server.RaftServerConfigKeys (ConfUtils.java:logGet(43)) - raft.server.log.write.buffer.size = 33554432 (custom)
2019-09-20 00:03:12,865 [pool-237-thread-1] INFO  server.RaftServerConfigKeys (ConfUtils.java:logGet(43)) - raft.server.log.statemachine.data.sync.timeout.retry = -1 (default)
2019-09-20 00:03:12,865 [pool-257-thread-1] INFO  server.RaftServerConfigKeys (ConfUtils.java:logGet(43)) - raft.server.retrycache.expirytime = 600000ms (custom)
2019-09-20 00:03:12,865 [pool-237-thread-1] INFO  server.RaftServerConfigKeys (ConfUtils.java:logGet(43)) - raft.server.log.statemachine.data.caching.enabled = true (custom)
2019-09-20 00:03:12,865 [pool-247-thread-1] INFO  server.RaftServerConfigKeys (ConfUtils.java:logGet(43)) - raft.server.log.force.sync.num = 128 (default)
2019-09-20 00:03:12,865 [pool-247-thread-1] INFO  server.RaftServerConfigKeys (ConfUtils.java:logGet(43)) - raft.server.log.statemachine.data.sync = true (default)
2019-09-20 00:03:12,865 [pool-237-thread-1] INFO  segmented.SegmentedRaftLogWorker (SegmentedRaftLogWorker.java:lambda$new$0(132)) - 5c2be68a-1578-4957-a4c7-2a59839196c2@group-68C8C04ADAE1-SegmentedRaftLogWorker: flushIndex: setUnconditionally 0 -> -1
2019-09-20 00:03:12,866 [pool-247-thread-1] INFO  server.RaftServerConfigKeys (ConfUtils.java:logGet(43)) - raft.server.log.statemachine.data.sync.timeout = 10s (default)
2019-09-20 00:03:12,866 [pool-237-thread-1] INFO  server.RaftServerConfigKeys (ConfUtils.java:logGet(43)) - raft.server.snapshot.auto.trigger.enabled = true (custom)
2019-09-20 00:03:12,866 [pool-247-thread-1] INFO  server.RaftServerConfigKeys (ConfUtils.java:logGet(43)) - raft.server.log.statemachine.data.sync.timeout.retry = -1 (default)
2019-09-20 00:03:12,866 [pool-237-thread-1] INFO  server.RaftServerConfigKeys (ConfUtils.java:logGet(43)) - raft.server.snapshot.auto.trigger.threshold = 10000 (custom)
2019-09-20 00:03:12,866 [pool-247-thread-1] INFO  server.RaftServerConfigKeys (ConfUtils.java:logGet(43)) - raft.server.log.statemachine.data.caching.enabled = true (custom)
2019-09-20 00:03:12,866 [pool-237-thread-1] INFO  server.RaftServerConfigKeys (ConfUtils.java:logGet(43)) - raft.server.snapshot.retention.num.files = 5 (custom)
2019-09-20 00:03:12,867 [pool-237-thread-1] INFO  server.RaftServerConfigKeys (ConfUtils.java:logGet(43)) - raft.server.retrycache.expirytime = 600000ms (custom)
2019-09-20 00:03:12,867 [pool-257-thread-1] INFO  impl.RaftServerImpl (RaftServerImpl.java:start(185)) - f9210520-554e-41dc-a9b2-d492e03f6d34@group-68C8C04ADAE1: start as a follower, conf=-1: [52531afa-0fca-4996-9da9-05b24e9e07b9:192.168.5.182:36541, 5c2be68a-1578-4957-a4c7-2a59839196c2:192.168.5.182:46445, f9210520-554e-41dc-a9b2-d492e03f6d34:192.168.5.182:43039], old=null
2019-09-20 00:03:12,867 [pool-247-thread-1] INFO  segmented.SegmentedRaftLogWorker (SegmentedRaftLogWorker.java:lambda$new$0(132)) - 52531afa-0fca-4996-9da9-05b24e9e07b9@group-68C8C04ADAE1-SegmentedRaftLogWorker: flushIndex: setUnconditionally 0 -> -1
2019-09-20 00:03:12,867 [pool-257-thread-1] INFO  impl.RaftServerImpl (RaftServerImpl.java:setRole(174)) - f9210520-554e-41dc-a9b2-d492e03f6d34@group-68C8C04ADAE1: changes role from      null to FOLLOWER at term 0 for startAsFollower
2019-09-20 00:03:12,867 [pool-257-thread-1] INFO  impl.RoleInfo (RoleInfo.java:updateAndGet(143)) - f9210520-554e-41dc-a9b2-d492e03f6d34: start FollowerState
2019-09-20 00:03:12,867 [pool-247-thread-1] INFO  server.RaftServerConfigKeys (ConfUtils.java:logGet(43)) - raft.server.snapshot.auto.trigger.enabled = true (custom)
2019-09-20 00:03:12,867 [pool-247-thread-1] INFO  server.RaftServerConfigKeys (ConfUtils.java:logGet(43)) - raft.server.snapshot.auto.trigger.threshold = 10000 (custom)
2019-09-20 00:03:12,868 [pool-247-thread-1] INFO  server.RaftServerConfigKeys (ConfUtils.java:logGet(43)) - raft.server.snapshot.retention.num.files = 5 (custom)
2019-09-20 00:03:12,868 [pool-257-thread-1] INFO  util.JmxRegister (JmxRegister.java:tryRegister(44)) - Successfully registered JMX Bean with object name Ratis:service=RaftServer,group=group-68C8C04ADAE1,id=f9210520-554e-41dc-a9b2-d492e03f6d34
2019-09-20 00:03:12,868 [pool-247-thread-1] INFO  server.RaftServerConfigKeys (ConfUtils.java:logGet(43)) - raft.server.retrycache.expirytime = 600000ms (custom)
2019-09-20 00:03:12,869 [pool-237-thread-1] INFO  impl.RaftServerImpl (RaftServerImpl.java:start(185)) - 5c2be68a-1578-4957-a4c7-2a59839196c2@group-68C8C04ADAE1: start as a follower, conf=-1: [52531afa-0fca-4996-9da9-05b24e9e07b9:192.168.5.182:36541, 5c2be68a-1578-4957-a4c7-2a59839196c2:192.168.5.182:46445, f9210520-554e-41dc-a9b2-d492e03f6d34:192.168.5.182:43039], old=null
2019-09-20 00:03:12,869 [pool-237-thread-1] INFO  impl.RaftServerImpl (RaftServerImpl.java:setRole(174)) - 5c2be68a-1578-4957-a4c7-2a59839196c2@group-68C8C04ADAE1: changes role from      null to FOLLOWER at term 0 for startAsFollower
2019-09-20 00:03:12,869 [pool-237-thread-1] INFO  impl.RoleInfo (RoleInfo.java:updateAndGet(143)) - 5c2be68a-1578-4957-a4c7-2a59839196c2: start FollowerState
2019-09-20 00:03:12,872 [pool-237-thread-1] INFO  util.JmxRegister (JmxRegister.java:tryRegister(44)) - Successfully registered JMX Bean with object name Ratis:service=RaftServer,group=group-68C8C04ADAE1,id=5c2be68a-1578-4957-a4c7-2a59839196c2
2019-09-20 00:03:12,873 [pool-247-thread-1] INFO  impl.RaftServerImpl (RaftServerImpl.java:start(185)) - 52531afa-0fca-4996-9da9-05b24e9e07b9@group-68C8C04ADAE1: start as a follower, conf=-1: [52531afa-0fca-4996-9da9-05b24e9e07b9:192.168.5.182:36541, 5c2be68a-1578-4957-a4c7-2a59839196c2:192.168.5.182:46445, f9210520-554e-41dc-a9b2-d492e03f6d34:192.168.5.182:43039], old=null
2019-09-20 00:03:12,873 [pool-247-thread-1] INFO  impl.RaftServerImpl (RaftServerImpl.java:setRole(174)) - 52531afa-0fca-4996-9da9-05b24e9e07b9@group-68C8C04ADAE1: changes role from      null to FOLLOWER at term 0 for startAsFollower
2019-09-20 00:03:12,876 [pool-247-thread-1] INFO  impl.RoleInfo (RoleInfo.java:updateAndGet(143)) - 52531afa-0fca-4996-9da9-05b24e9e07b9: start FollowerState
2019-09-20 00:03:12,877 [pool-247-thread-1] INFO  util.JmxRegister (JmxRegister.java:tryRegister(44)) - Successfully registered JMX Bean with object name Ratis:service=RaftServer,group=group-68C8C04ADAE1,id=52531afa-0fca-4996-9da9-05b24e9e07b9
2019-09-20 00:03:12,881 [RatisPipelineUtilsThread] INFO  pipeline.PipelineStateManager (PipelineStateManager.java:addPipeline(56)) - Created pipeline Pipeline[ Id: 399c1d5b-a228-4c1f-b303-68c8c04adae1, Nodes: 5c2be68a-1578-4957-a4c7-2a59839196c2{ip: 192.168.5.182, host: pr-hdds-2020-7x4rg-3348829713, networkLocation: /default-rack, certSerialId: null}f9210520-554e-41dc-a9b2-d492e03f6d34{ip: 192.168.5.182, host: pr-hdds-2020-7x4rg-3348829713, networkLocation: /default-rack, certSerialId: null}52531afa-0fca-4996-9da9-05b24e9e07b9{ip: 192.168.5.182, host: pr-hdds-2020-7x4rg-3348829713, networkLocation: /default-rack, certSerialId: null}, Type:RATIS, Factor:THREE, State:OPEN]
2019-09-20 00:03:12,886 [IPC Server handler 6 on 36420] INFO  net.NetworkTopology (NetworkTopologyImpl.java:add(111)) - Added a new node: /default-rack/902aa274-92eb-4eed-ad45-ae2369f33121
2019-09-20 00:03:12,886 [IPC Server handler 6 on 36420] INFO  node.SCMNodeManager (SCMNodeManager.java:register(266)) - Registered Data node : 902aa274-92eb-4eed-ad45-ae2369f33121{ip: 192.168.5.182, host: pr-hdds-2020-7x4rg-3348829713, networkLocation: /default-rack, certSerialId: null}
2019-09-20 00:03:12,887 [main] INFO  ozone.MiniOzoneClusterImpl (MiniOzoneClusterImpl.java:lambda$waitForClusterToBeReady$0(145)) - Cluster is ready. Got 7 of 7 DN Heartbeats.
2019-09-20 00:03:12,909 [grpc-default-executor-1] INFO  impl.RaftServerProxy (RaftServerProxy.java:addNew(89)) - 902aa274-92eb-4eed-ad45-ae2369f33121: addNew group-A041F4D2AC58:[902aa274-92eb-4eed-ad45-ae2369f33121:192.168.5.182:41780] returns group-A041F4D2AC58:java.util.concurrent.CompletableFuture@7444995a[Not completed]
2019-09-20 00:03:12,914 [pool-267-thread-1] INFO  impl.RaftServerImpl (RaftServerImpl.java:<init>(95)) - 902aa274-92eb-4eed-ad45-ae2369f33121: new RaftServerImpl for group-A041F4D2AC58:[902aa274-92eb-4eed-ad45-ae2369f33121:192.168.5.182:41780] with ContainerStateMachine:uninitialized
2019-09-20 00:03:12,914 [pool-267-thread-1] INFO  server.RaftServerConfigKeys (ConfUtils.java:logGet(43)) - raft.server.rpc.timeout.min = 5s (custom)
2019-09-20 00:03:12,914 [pool-267-thread-1] INFO  server.RaftServerConfigKeys (ConfUtils.java:logGet(43)) - raft.server.rpc.timeout.max = 5200ms (custom)
2019-09-20 00:03:12,914 [pool-267-thread-1] INFO  server.RaftServerConfigKeys (ConfUtils.java:logGet(43)) - raft.server.rpcslowness.timeout = 120s (custom)
2019-09-20 00:03:12,914 [pool-267-thread-1] INFO  server.RaftServerConfigKeys (ConfUtils.java:logGet(43)) - raft.server.sleep.deviation.threshold = 300 (default)
2019-09-20 00:03:12,914 [pool-267-thread-1] INFO  server.RaftServerConfigKeys (ConfUtils.java:logGet(43)) - raft.server.log.appender.install.snapshot.enabled = false (custom)
2019-09-20 00:03:12,915 [pool-267-thread-1] INFO  impl.RaftServerImpl (ServerState.java:<init>(103)) - 902aa274-92eb-4eed-ad45-ae2369f33121@group-A041F4D2AC58: ConfigurationManager, init=-1: [902aa274-92eb-4eed-ad45-ae2369f33121:192.168.5.182:41780], old=null, confs=<EMPTY_MAP>
2019-09-20 00:03:12,915 [pool-267-thread-1] INFO  server.RaftServerConfigKeys (ConfUtils.java:logGet(43)) - raft.server.storage.dir = [/workdir/hadoop-ozone/integration-test/target/test-dir/MiniOzoneClusterImpl-ada7dc46-4703-4a2d-bedb-21dcd6e1b415/datanode-6/data/ratis] (custom)
2019-09-20 00:03:12,915 [pool-267-thread-1] INFO  storage.RaftStorageDirectory (RaftStorageDirectory.java:analyzeStorage(246)) - The storage directory /workdir/hadoop-ozone/integration-test/target/test-dir/MiniOzoneClusterImpl-ada7dc46-4703-4a2d-bedb-21dcd6e1b415/datanode-6/data/ratis/bff7eaf3-0e62-4590-9e5d-a041f4d2ac58 does not exist. Creating ...
2019-09-20 00:03:12,934 [main] INFO  rpc.RpcClient (RpcClient.java:createVolume(276)) - Creating Volume: watchforcommithandlingtest, with jenkins1000 as owner.
2019-09-20 00:03:12,937 [IPC Server handler 13 on 32792] INFO  volume.OMVolumeCreateRequest (OMVolumeCreateRequest.java:validateAndUpdateCache(189)) - created volume:watchforcommithandlingtest for user:jenkins1000
2019-09-20 00:03:12,948 [main] INFO  rpc.RpcClient (RpcClient.java:createBucket(415)) - Creating Bucket: watchforcommithandlingtest/watchforcommithandlingtest, with Versioning false and Storage Type set to DISK and Encryption set to false 
2019-09-20 00:03:12,950 [pool-267-thread-1] INFO  storage.RaftStorageDirectory (RaftStorageDirectory.java:tryLock(328)) - Lock on /workdir/hadoop-ozone/integration-test/target/test-dir/MiniOzoneClusterImpl-ada7dc46-4703-4a2d-bedb-21dcd6e1b415/datanode-6/data/ratis/bff7eaf3-0e62-4590-9e5d-a041f4d2ac58/in_use.lock acquired by nodename 22703@pr-hdds-2020-7x4rg-3348829713
2019-09-20 00:03:12,953 [main] INFO  ozone.MiniOzoneClusterImpl (MiniOzoneClusterImpl.java:getStorageContainerLocationClient(232)) - Creating StorageContainerLocationProtocol RPC client with address /0.0.0.0:46334
2019-09-20 00:03:12,968 [pool-267-thread-1] INFO  storage.RaftStorage (RaftStorage.java:format(72)) - Storage directory /workdir/hadoop-ozone/integration-test/target/test-dir/MiniOzoneClusterImpl-ada7dc46-4703-4a2d-bedb-21dcd6e1b415/datanode-6/data/ratis/bff7eaf3-0e62-4590-9e5d-a041f4d2ac58 has been successfully formatted.
2019-09-20 00:03:12,968 [pool-267-thread-1] INFO  ratis.ContainerStateMachine (ContainerStateMachine.java:loadSnapshot(230)) - group-A041F4D2AC58: The snapshot info is null. Setting the last applied indexto:(t:0, i:~)
2019-09-20 00:03:12,968 [pool-267-thread-1] INFO  server.RaftServerConfigKeys (ConfUtils.java:logGet(43)) - raft.server.notification.no-leader.timeout = 120s (custom)
2019-09-20 00:03:12,968 [pool-267-thread-1] INFO  server.RaftServerConfigKeys (ConfUtils.java:logGet(43)) - raft.server.log.use.memory = false (default)
2019-09-20 00:03:12,968 [pool-267-thread-1] INFO  server.RaftServerConfigKeys (ConfUtils.java:logGet(43)) - raft.server.log.purge.gap = 1000000 (custom)
2019-09-20 00:03:12,968 [pool-267-thread-1] INFO  server.RaftServerConfigKeys (ConfUtils.java:logGet(43)) - raft.server.log.appender.buffer.byte-limit = 33554432 (custom)
2019-09-20 00:03:12,968 [pool-267-thread-1] INFO  server.RaftServerConfigKeys (ConfUtils.java:logGet(43)) - raft.server.log.segment.size.max = 1048576 (custom)
2019-09-20 00:03:12,969 [pool-267-thread-1] INFO  server.RaftServerConfigKeys (ConfUtils.java:logGet(43)) - raft.server.log.segment.cache.num.max = 2 (custom)
2019-09-20 00:03:12,969 [pool-267-thread-1] INFO  segmented.SegmentedRaftLogWorker (SegmentedRaftLogWorker.java:<init>(172)) - new 902aa274-92eb-4eed-ad45-ae2369f33121@group-A041F4D2AC58-SegmentedRaftLogWorker for RaftStorage:Storage Directory /workdir/hadoop-ozone/integration-test/target/test-dir/MiniOzoneClusterImpl-ada7dc46-4703-4a2d-bedb-21dcd6e1b415/datanode-6/data/ratis/bff7eaf3-0e62-4590-9e5d-a041f4d2ac58
2019-09-20 00:03:12,970 [pool-267-thread-1] INFO  server.RaftServerConfigKeys (ConfUtils.java:logGet(43)) - raft.server.log.queue.byte-limit = 2147483647 (custom)
2019-09-20 00:03:12,970 [pool-267-thread-1] INFO  server.RaftServerConfigKeys (ConfUtils.java:logGet(43)) - raft.server.log.queue.element-limit = 1024 (custom)
2019-09-20 00:03:12,971 [pool-267-thread-1] INFO  server.RaftServerConfigKeys (ConfUtils.java:logGet(43)) - raft.server.log.segment.size.max = 1048576 (custom)
2019-09-20 00:03:12,971 [pool-267-thread-1] INFO  server.RaftServerConfigKeys (ConfUtils.java:logGet(43)) - raft.server.log.preallocated.size = 16384 (custom)
2019-09-20 00:03:12,971 [pool-267-thread-1] INFO  server.RaftServerConfigKeys (ConfUtils.java:logGet(43)) - raft.server.log.write.buffer.size = 33554432 (custom)
2019-09-20 00:03:12,971 [pool-267-thread-1] INFO  server.RaftServerConfigKeys (ConfUtils.java:logGet(43)) - raft.server.log.force.sync.num = 128 (default)
2019-09-20 00:03:12,971 [pool-267-thread-1] INFO  server.RaftServerConfigKeys (ConfUtils.java:logGet(43)) - raft.server.log.statemachine.data.sync = true (default)
2019-09-20 00:03:12,971 [pool-267-thread-1] INFO  server.RaftServerConfigKeys (ConfUtils.java:logGet(43)) - raft.server.log.statemachine.data.sync.timeout = 10s (default)
2019-09-20 00:03:12,971 [pool-267-thread-1] INFO  server.RaftServerConfigKeys (ConfUtils.java:logGet(43)) - raft.server.log.statemachine.data.sync.timeout.retry = -1 (default)
2019-09-20 00:03:12,971 [pool-267-thread-1] INFO  server.RaftServerConfigKeys (ConfUtils.java:logGet(43)) - raft.server.log.statemachine.data.caching.enabled = true (custom)
2019-09-20 00:03:12,971 [pool-267-thread-1] INFO  segmented.SegmentedRaftLogWorker (SegmentedRaftLogWorker.java:lambda$new$0(132)) - 902aa274-92eb-4eed-ad45-ae2369f33121@group-A041F4D2AC58-SegmentedRaftLogWorker: flushIndex: setUnconditionally 0 -> -1
2019-09-20 00:03:12,972 [pool-267-thread-1] INFO  server.RaftServerConfigKeys (ConfUtils.java:logGet(43)) - raft.server.snapshot.auto.trigger.enabled = true (custom)
2019-09-20 00:03:12,972 [pool-267-thread-1] INFO  server.RaftServerConfigKeys (ConfUtils.java:logGet(43)) - raft.server.snapshot.auto.trigger.threshold = 10000 (custom)
2019-09-20 00:03:12,972 [pool-267-thread-1] INFO  server.RaftServerConfigKeys (ConfUtils.java:logGet(43)) - raft.server.snapshot.retention.num.files = 5 (custom)
2019-09-20 00:03:12,972 [pool-267-thread-1] INFO  server.RaftServerConfigKeys (ConfUtils.java:logGet(43)) - raft.server.retrycache.expirytime = 600000ms (custom)
2019-09-20 00:03:12,973 [pool-267-thread-1] INFO  impl.RaftServerImpl (RaftServerImpl.java:start(185)) - 902aa274-92eb-4eed-ad45-ae2369f33121@group-A041F4D2AC58: start as a follower, conf=-1: [902aa274-92eb-4eed-ad45-ae2369f33121:192.168.5.182:41780], old=null
2019-09-20 00:03:12,973 [pool-267-thread-1] INFO  impl.RaftServerImpl (RaftServerImpl.java:setRole(174)) - 902aa274-92eb-4eed-ad45-ae2369f33121@group-A041F4D2AC58: changes role from      null to FOLLOWER at term 0 for startAsFollower
2019-09-20 00:03:12,973 [pool-267-thread-1] INFO  impl.RoleInfo (RoleInfo.java:updateAndGet(143)) - 902aa274-92eb-4eed-ad45-ae2369f33121: start FollowerState
2019-09-20 00:03:12,974 [pool-267-thread-1] INFO  util.JmxRegister (JmxRegister.java:tryRegister(44)) - Successfully registered JMX Bean with object name Ratis:service=RaftServer,group=group-A041F4D2AC58,id=902aa274-92eb-4eed-ad45-ae2369f33121
2019-09-20 00:03:12,978 [RatisPipelineUtilsThread] INFO  pipeline.PipelineStateManager (PipelineStateManager.java:addPipeline(56)) - Created pipeline Pipeline[ Id: bff7eaf3-0e62-4590-9e5d-a041f4d2ac58, Nodes: 902aa274-92eb-4eed-ad45-ae2369f33121{ip: 192.168.5.182, host: pr-hdds-2020-7x4rg-3348829713, networkLocation: /default-rack, certSerialId: null}, Type:RATIS, Factor:ONE, State:OPEN]
2019-09-20 00:03:13,052 [grpc-default-executor-1] INFO  client.GrpcClientProtocolClient (GrpcClientProtocolClient.java:onNext(264)) - client-CD71A2AEDC97->fd99f976-ef3a-47b0-8e0c-a462a244f82b: receive RaftClientReply:client-CD71A2AEDC97->fd99f976-ef3a-47b0-8e0c-a462a244f82b@group-0BC4DF7BF4D9, cid=68, FAILED org.apache.ratis.protocol.NotLeaderException: Server fd99f976-ef3a-47b0-8e0c-a462a244f82b@group-0BC4DF7BF4D9 is not the leader, logIndex=0, commits[fd99f976-ef3a-47b0-8e0c-a462a244f82b:c-1]
2019-09-20 00:03:14,082 [grpc-default-executor-1] INFO  client.GrpcClientProtocolClient (GrpcClientProtocolClient.java:onNext(264)) - client-CD71A2AEDC97->8f58c883-e4ba-4cdd-8662-08249772462e: receive RaftClientReply:client-CD71A2AEDC97->8f58c883-e4ba-4cdd-8662-08249772462e@group-0BC4DF7BF4D9, cid=68, FAILED org.apache.ratis.protocol.NotLeaderException: Server 8f58c883-e4ba-4cdd-8662-08249772462e@group-0BC4DF7BF4D9 is not the leader, logIndex=0, commits[8f58c883-e4ba-4cdd-8662-08249772462e:c-1]
2019-09-20 00:03:14,918 [Thread-1481] INFO  container.ReplicationManager (ReplicationManager.java:start(162)) - Starting Replication Monitor Thread.
2019-09-20 00:03:14,923 [ReplicationMonitor] INFO  container.ReplicationManager (ReplicationManager.java:run(225)) - Replication Monitor Thread took 0 milliseconds for processing 1 containers.
2019-09-20 00:03:15,105 [grpc-default-executor-1] INFO  client.GrpcClientProtocolClient (GrpcClientProtocolClient.java:onNext(264)) - client-CD71A2AEDC97->c63e7fee-7ebf-4ab3-a82c-403b5cf942fc: receive RaftClientReply:client-CD71A2AEDC97->c63e7fee-7ebf-4ab3-a82c-403b5cf942fc@group-0BC4DF7BF4D9, cid=68, FAILED org.apache.ratis.protocol.NotLeaderException: Server c63e7fee-7ebf-4ab3-a82c-403b5cf942fc@group-0BC4DF7BF4D9 is not the leader, logIndex=0, commits[c63e7fee-7ebf-4ab3-a82c-403b5cf942fc:c-1]
2019-09-20 00:03:16,119 [grpc-default-executor-3] INFO  client.GrpcClientProtocolClient (GrpcClientProtocolClient.java:onNext(264)) - client-CD71A2AEDC97->8f58c883-e4ba-4cdd-8662-08249772462e: receive RaftClientReply:client-CD71A2AEDC97->8f58c883-e4ba-4cdd-8662-08249772462e@group-0BC4DF7BF4D9, cid=68, FAILED org.apache.ratis.protocol.NotLeaderException: Server 8f58c883-e4ba-4cdd-8662-08249772462e@group-0BC4DF7BF4D9 is not the leader, logIndex=0, commits[8f58c883-e4ba-4cdd-8662-08249772462e:c-1]
2019-09-20 00:03:17,139 [grpc-default-executor-1] INFO  client.GrpcClientProtocolClient (GrpcClientProtocolClient.java:onNext(264)) - client-CD71A2AEDC97->fd99f976-ef3a-47b0-8e0c-a462a244f82b: receive RaftClientReply:client-CD71A2AEDC97->fd99f976-ef3a-47b0-8e0c-a462a244f82b@group-0BC4DF7BF4D9, cid=68, FAILED org.apache.ratis.protocol.NotLeaderException: Server fd99f976-ef3a-47b0-8e0c-a462a244f82b@group-0BC4DF7BF4D9 is not the leader, logIndex=0, commits[fd99f976-ef3a-47b0-8e0c-a462a244f82b:c-1]
2019-09-20 00:03:17,218 [Thread-1483] INFO  impl.FollowerState (FollowerState.java:run(106)) - c63e7fee-7ebf-4ab3-a82c-403b5cf942fc:group-AA19CB2C1B4D changes to CANDIDATE, lastRpcTime:5072, electionTimeout:5072ms
2019-09-20 00:03:17,219 [Thread-1483] INFO  impl.RoleInfo (RoleInfo.java:shutdownFollowerState(121)) - c63e7fee-7ebf-4ab3-a82c-403b5cf942fc: shutdown FollowerState
2019-09-20 00:03:17,219 [Thread-1483] INFO  impl.RaftServerImpl (RaftServerImpl.java:setRole(174)) - c63e7fee-7ebf-4ab3-a82c-403b5cf942fc@group-AA19CB2C1B4D: changes role from  FOLLOWER to CANDIDATE at term 0 for changeToCandidate
2019-09-20 00:03:17,219 [Thread-1483] INFO  impl.RoleInfo (RoleInfo.java:updateAndGet(143)) - c63e7fee-7ebf-4ab3-a82c-403b5cf942fc: start LeaderElection
2019-09-20 00:03:17,240 [c63e7fee-7ebf-4ab3-a82c-403b5cf942fc@group-AA19CB2C1B4D:LeaderElection53] INFO  impl.LeaderElection (LeaderElection.java:askForVotes(182)) - c63e7fee-7ebf-4ab3-a82c-403b5cf942fc@group-AA19CB2C1B4D:LeaderElection53: begin an election at term 1 for -1: [c63e7fee-7ebf-4ab3-a82c-403b5cf942fc:192.168.5.182:40019], old=null
2019-09-20 00:03:17,240 [c63e7fee-7ebf-4ab3-a82c-403b5cf942fc@group-AA19CB2C1B4D:LeaderElection53] INFO  impl.RoleInfo (RoleInfo.java:shutdownLeaderElection(134)) - c63e7fee-7ebf-4ab3-a82c-403b5cf942fc: shutdown LeaderElection
2019-09-20 00:03:17,241 [c63e7fee-7ebf-4ab3-a82c-403b5cf942fc@group-AA19CB2C1B4D:LeaderElection53] INFO  impl.RaftServerImpl (RaftServerImpl.java:setRole(174)) - c63e7fee-7ebf-4ab3-a82c-403b5cf942fc@group-AA19CB2C1B4D: changes role from CANDIDATE to LEADER at term 1 for changeToLeader
2019-09-20 00:03:17,241 [c63e7fee-7ebf-4ab3-a82c-403b5cf942fc@group-AA19CB2C1B4D:LeaderElection53] INFO  impl.RaftServerImpl (ServerState.java:setLeader(253)) - c63e7fee-7ebf-4ab3-a82c-403b5cf942fc@group-AA19CB2C1B4D: change Leader from null to c63e7fee-7ebf-4ab3-a82c-403b5cf942fc at term 1 for becomeLeader, leader elected after 5105ms
2019-09-20 00:03:17,241 [c63e7fee-7ebf-4ab3-a82c-403b5cf942fc@group-AA19CB2C1B4D:LeaderElection53] INFO  server.RaftServerConfigKeys (ConfUtils.java:logGet(43)) - raft.server.staging.catchup.gap = 1000 (default)
2019-09-20 00:03:17,241 [c63e7fee-7ebf-4ab3-a82c-403b5cf942fc@group-AA19CB2C1B4D:LeaderElection53] INFO  server.RaftServerConfigKeys (ConfUtils.java:logGet(43)) - raft.server.rpc.sleep.time = 25ms (default)
2019-09-20 00:03:17,241 [c63e7fee-7ebf-4ab3-a82c-403b5cf942fc@group-AA19CB2C1B4D:LeaderElection53] INFO  server.RaftServerConfigKeys (ConfUtils.java:logGet(43)) - raft.server.write.element-limit = 4096 (default)
2019-09-20 00:03:17,242 [c63e7fee-7ebf-4ab3-a82c-403b5cf942fc@group-AA19CB2C1B4D:LeaderElection53] INFO  server.RaftServerConfigKeys (ConfUtils.java:logGet(43)) - raft.server.watch.timeout = 10s (default)
2019-09-20 00:03:17,242 [c63e7fee-7ebf-4ab3-a82c-403b5cf942fc@group-AA19CB2C1B4D:LeaderElection53] INFO  server.RaftServerConfigKeys (ConfUtils.java:logGet(43)) - raft.server.watch.timeout.denomination = 1s (default)
2019-09-20 00:03:17,242 [c63e7fee-7ebf-4ab3-a82c-403b5cf942fc@group-AA19CB2C1B4D:LeaderElection53] INFO  server.RaftServerConfigKeys (ConfUtils.java:logGet(43)) - raft.server.watch.element-limit = 65536 (default)
2019-09-20 00:03:17,245 [c63e7fee-7ebf-4ab3-a82c-403b5cf942fc@group-AA19CB2C1B4D:LeaderElection53] INFO  impl.RoleInfo (RoleInfo.java:updateAndGet(143)) - c63e7fee-7ebf-4ab3-a82c-403b5cf942fc: start LeaderState
2019-09-20 00:03:17,246 [c63e7fee-7ebf-4ab3-a82c-403b5cf942fc@group-AA19CB2C1B4D:LeaderElection53] INFO  segmented.SegmentedRaftLogWorker (SegmentedRaftLogWorker.java:startLogSegment(380)) - c63e7fee-7ebf-4ab3-a82c-403b5cf942fc@group-AA19CB2C1B4D-SegmentedRaftLogWorker: Starting segment from index:0
2019-09-20 00:03:17,246 [c63e7fee-7ebf-4ab3-a82c-403b5cf942fc@group-AA19CB2C1B4D:LeaderElection53] INFO  impl.RaftServerImpl (ServerState.java:setRaftConf(354)) - c63e7fee-7ebf-4ab3-a82c-403b5cf942fc@group-AA19CB2C1B4D: set configuration 0: [c63e7fee-7ebf-4ab3-a82c-403b5cf942fc:192.168.5.182:40019], old=null at 0
2019-09-20 00:03:17,296 [c63e7fee-7ebf-4ab3-a82c-403b5cf942fc@group-AA19CB2C1B4D-SegmentedRaftLogWorker] INFO  segmented.SegmentedRaftLogWorker (SegmentedRaftLogWorker.java:execute(569)) - c63e7fee-7ebf-4ab3-a82c-403b5cf942fc@group-AA19CB2C1B4D-SegmentedRaftLogWorker: created new log segment /workdir/hadoop-ozone/integration-test/target/test-dir/MiniOzoneClusterImpl-ada7dc46-4703-4a2d-bedb-21dcd6e1b415/datanode-0/data/ratis/efa9514c-cb87-442d-a606-aa19cb2c1b4d/current/log_inprogress_0
2019-09-20 00:03:17,406 [Thread-1497] INFO  impl.FollowerState (FollowerState.java:run(106)) - 8f58c883-e4ba-4cdd-8662-08249772462e:group-0BC4DF7BF4D9 changes to CANDIDATE, lastRpcTime:5006, electionTimeout:5006ms
2019-09-20 00:03:17,406 [Thread-1497] INFO  impl.RoleInfo (RoleInfo.java:shutdownFollowerState(121)) - 8f58c883-e4ba-4cdd-8662-08249772462e: shutdown FollowerState
2019-09-20 00:03:17,406 [Thread-1497] INFO  impl.RaftServerImpl (RaftServerImpl.java:setRole(174)) - 8f58c883-e4ba-4cdd-8662-08249772462e@group-0BC4DF7BF4D9: changes role from  FOLLOWER to CANDIDATE at term 0 for changeToCandidate
2019-09-20 00:03:17,407 [Thread-1497] INFO  impl.RoleInfo (RoleInfo.java:updateAndGet(143)) - 8f58c883-e4ba-4cdd-8662-08249772462e: start LeaderElection
2019-09-20 00:03:17,422 [Thread-1489] INFO  impl.FollowerState (FollowerState.java:run(106)) - 8f58c883-e4ba-4cdd-8662-08249772462e:group-60E1777E972D changes to CANDIDATE, lastRpcTime:5095, electionTimeout:5095ms
2019-09-20 00:03:17,422 [Thread-1489] INFO  impl.RoleInfo (RoleInfo.java:shutdownFollowerState(121)) - 8f58c883-e4ba-4cdd-8662-08249772462e: shutdown FollowerState
2019-09-20 00:03:17,423 [Thread-1489] INFO  impl.RaftServerImpl (RaftServerImpl.java:setRole(174)) - 8f58c883-e4ba-4cdd-8662-08249772462e@group-60E1777E972D: changes role from  FOLLOWER to CANDIDATE at term 0 for changeToCandidate
2019-09-20 00:03:17,428 [Thread-1486] INFO  impl.FollowerState (FollowerState.java:run(106)) - fd99f976-ef3a-47b0-8e0c-a462a244f82b:group-CE6FB46A14F2 changes to CANDIDATE, lastRpcTime:5200, electionTimeout:5200ms
2019-09-20 00:03:17,428 [Thread-1486] INFO  impl.RoleInfo (RoleInfo.java:shutdownFollowerState(121)) - fd99f976-ef3a-47b0-8e0c-a462a244f82b: shutdown FollowerState
2019-09-20 00:03:17,428 [Thread-1486] INFO  impl.RaftServerImpl (RaftServerImpl.java:setRole(174)) - fd99f976-ef3a-47b0-8e0c-a462a244f82b@group-CE6FB46A14F2: changes role from  FOLLOWER to CANDIDATE at term 0 for changeToCandidate
2019-09-20 00:03:17,479 [Thread-1486] INFO  impl.RoleInfo (RoleInfo.java:updateAndGet(143)) - fd99f976-ef3a-47b0-8e0c-a462a244f82b: start LeaderElection
2019-09-20 00:03:17,479 [Thread-1489] INFO  impl.RoleInfo (RoleInfo.java:updateAndGet(143)) - 8f58c883-e4ba-4cdd-8662-08249772462e: start LeaderElection
2019-09-20 00:03:17,507 [fd99f976-ef3a-47b0-8e0c-a462a244f82b@group-CE6FB46A14F2:LeaderElection56] INFO  impl.LeaderElection (LeaderElection.java:askForVotes(182)) - fd99f976-ef3a-47b0-8e0c-a462a244f82b@group-CE6FB46A14F2:LeaderElection56: begin an election at term 1 for -1: [fd99f976-ef3a-47b0-8e0c-a462a244f82b:192.168.5.182:45540], old=null
2019-09-20 00:03:17,507 [8f58c883-e4ba-4cdd-8662-08249772462e@group-0BC4DF7BF4D9:LeaderElection54] INFO  impl.LeaderElection (LeaderElection.java:askForVotes(182)) - 8f58c883-e4ba-4cdd-8662-08249772462e@group-0BC4DF7BF4D9:LeaderElection54: begin an election at term 1 for -1: [8f58c883-e4ba-4cdd-8662-08249772462e:192.168.5.182:35458, c63e7fee-7ebf-4ab3-a82c-403b5cf942fc:192.168.5.182:40019, fd99f976-ef3a-47b0-8e0c-a462a244f82b:192.168.5.182:45540], old=null
2019-09-20 00:03:17,507 [8f58c883-e4ba-4cdd-8662-08249772462e@group-60E1777E972D:LeaderElection55] INFO  impl.LeaderElection (LeaderElection.java:askForVotes(182)) - 8f58c883-e4ba-4cdd-8662-08249772462e@group-60E1777E972D:LeaderElection55: begin an election at term 1 for -1: [8f58c883-e4ba-4cdd-8662-08249772462e:192.168.5.182:35458], old=null
2019-09-20 00:03:17,507 [fd99f976-ef3a-47b0-8e0c-a462a244f82b@group-CE6FB46A14F2:LeaderElection56] INFO  impl.RoleInfo (RoleInfo.java:shutdownLeaderElection(134)) - fd99f976-ef3a-47b0-8e0c-a462a244f82b: shutdown LeaderElection
2019-09-20 00:03:17,507 [8f58c883-e4ba-4cdd-8662-08249772462e@group-60E1777E972D:LeaderElection55] INFO  impl.RoleInfo (RoleInfo.java:shutdownLeaderElection(134)) - 8f58c883-e4ba-4cdd-8662-08249772462e: shutdown LeaderElection
2019-09-20 00:03:17,507 [fd99f976-ef3a-47b0-8e0c-a462a244f82b@group-CE6FB46A14F2:LeaderElection56] INFO  impl.RaftServerImpl (RaftServerImpl.java:setRole(174)) - fd99f976-ef3a-47b0-8e0c-a462a244f82b@group-CE6FB46A14F2: changes role from CANDIDATE to LEADER at term 1 for changeToLeader
2019-09-20 00:03:17,507 [8f58c883-e4ba-4cdd-8662-08249772462e@group-60E1777E972D:LeaderElection55] INFO  impl.RaftServerImpl (RaftServerImpl.java:setRole(174)) - 8f58c883-e4ba-4cdd-8662-08249772462e@group-60E1777E972D: changes role from CANDIDATE to LEADER at term 1 for changeToLeader
2019-09-20 00:03:17,507 [fd99f976-ef3a-47b0-8e0c-a462a244f82b@group-CE6FB46A14F2:LeaderElection56] INFO  impl.RaftServerImpl (ServerState.java:setLeader(253)) - fd99f976-ef3a-47b0-8e0c-a462a244f82b@group-CE6FB46A14F2: change Leader from null to fd99f976-ef3a-47b0-8e0c-a462a244f82b at term 1 for becomeLeader, leader elected after 5287ms
2019-09-20 00:03:17,508 [8f58c883-e4ba-4cdd-8662-08249772462e@group-60E1777E972D:LeaderElection55] INFO  impl.RaftServerImpl (ServerState.java:setLeader(253)) - 8f58c883-e4ba-4cdd-8662-08249772462e@group-60E1777E972D: change Leader from null to 8f58c883-e4ba-4cdd-8662-08249772462e at term 1 for becomeLeader, leader elected after 5193ms
2019-09-20 00:03:17,508 [fd99f976-ef3a-47b0-8e0c-a462a244f82b@group-CE6FB46A14F2:LeaderElection56] INFO  server.RaftServerConfigKeys (ConfUtils.java:logGet(43)) - raft.server.staging.catchup.gap = 1000 (default)
2019-09-20 00:03:17,508 [8f58c883-e4ba-4cdd-8662-08249772462e@group-60E1777E972D:LeaderElection55] INFO  server.RaftServerConfigKeys (ConfUtils.java:logGet(43)) - raft.server.staging.catchup.gap = 1000 (default)
2019-09-20 00:03:17,508 [fd99f976-ef3a-47b0-8e0c-a462a244f82b@group-CE6FB46A14F2:LeaderElection56] INFO  server.RaftServerConfigKeys (ConfUtils.java:logGet(43)) - raft.server.rpc.sleep.time = 25ms (default)
2019-09-20 00:03:17,508 [8f58c883-e4ba-4cdd-8662-08249772462e@group-60E1777E972D:LeaderElection55] INFO  server.RaftServerConfigKeys (ConfUtils.java:logGet(43)) - raft.server.rpc.sleep.time = 25ms (default)
2019-09-20 00:03:17,508 [fd99f976-ef3a-47b0-8e0c-a462a244f82b@group-CE6FB46A14F2:LeaderElection56] INFO  server.RaftServerConfigKeys (ConfUtils.java:logGet(43)) - raft.server.write.element-limit = 4096 (default)
2019-09-20 00:03:17,508 [8f58c883-e4ba-4cdd-8662-08249772462e@group-60E1777E972D:LeaderElection55] INFO  server.RaftServerConfigKeys (ConfUtils.java:logGet(43)) - raft.server.write.element-limit = 4096 (default)
2019-09-20 00:03:17,508 [fd99f976-ef3a-47b0-8e0c-a462a244f82b@group-CE6FB46A14F2:LeaderElection56] INFO  server.RaftServerConfigKeys (ConfUtils.java:logGet(43)) - raft.server.watch.timeout = 10s (default)
2019-09-20 00:03:17,509 [8f58c883-e4ba-4cdd-8662-08249772462e@group-60E1777E972D:LeaderElection55] INFO  server.RaftServerConfigKeys (ConfUtils.java:logGet(43)) - raft.server.watch.timeout = 10s (default)
2019-09-20 00:03:17,509 [fd99f976-ef3a-47b0-8e0c-a462a244f82b@group-CE6FB46A14F2:LeaderElection56] INFO  server.RaftServerConfigKeys (ConfUtils.java:logGet(43)) - raft.server.watch.timeout.denomination = 1s (default)
2019-09-20 00:03:17,509 [8f58c883-e4ba-4cdd-8662-08249772462e@group-60E1777E972D:LeaderElection55] INFO  server.RaftServerConfigKeys (ConfUtils.java:logGet(43)) - raft.server.watch.timeout.denomination = 1s (default)
2019-09-20 00:03:17,509 [fd99f976-ef3a-47b0-8e0c-a462a244f82b@group-CE6FB46A14F2:LeaderElection56] INFO  server.RaftServerConfigKeys (ConfUtils.java:logGet(43)) - raft.server.watch.element-limit = 65536 (default)
2019-09-20 00:03:17,509 [8f58c883-e4ba-4cdd-8662-08249772462e@group-60E1777E972D:LeaderElection55] INFO  server.RaftServerConfigKeys (ConfUtils.java:logGet(43)) - raft.server.watch.element-limit = 65536 (default)
2019-09-20 00:03:17,511 [grpc-default-executor-3] INFO  impl.RaftServerImpl (RaftServerImpl.java:setRole(174)) - c63e7fee-7ebf-4ab3-a82c-403b5cf942fc@group-0BC4DF7BF4D9: changes role from  FOLLOWER to FOLLOWER at term 1 for recognizeCandidate:8f58c883-e4ba-4cdd-8662-08249772462e
2019-09-20 00:03:17,511 [grpc-default-executor-1] INFO  impl.RaftServerImpl (RaftServerImpl.java:setRole(174)) - fd99f976-ef3a-47b0-8e0c-a462a244f82b@group-0BC4DF7BF4D9: changes role from  FOLLOWER to FOLLOWER at term 1 for recognizeCandidate:8f58c883-e4ba-4cdd-8662-08249772462e
2019-09-20 00:03:17,512 [grpc-default-executor-3] INFO  impl.RoleInfo (RoleInfo.java:shutdownFollowerState(121)) - c63e7fee-7ebf-4ab3-a82c-403b5cf942fc: shutdown FollowerState
2019-09-20 00:03:17,512 [grpc-default-executor-1] INFO  impl.RoleInfo (RoleInfo.java:shutdownFollowerState(121)) - fd99f976-ef3a-47b0-8e0c-a462a244f82b: shutdown FollowerState
2019-09-20 00:03:17,512 [Thread-1492] INFO  impl.FollowerState (FollowerState.java:run(115)) - c63e7fee-7ebf-4ab3-a82c-403b5cf942fc: FollowerState was interrupted: java.lang.InterruptedException: sleep interrupted
2019-09-20 00:03:17,512 [fd99f976-ef3a-47b0-8e0c-a462a244f82b@group-CE6FB46A14F2:LeaderElection56] INFO  impl.RoleInfo (RoleInfo.java:updateAndGet(143)) - fd99f976-ef3a-47b0-8e0c-a462a244f82b: start LeaderState
2019-09-20 00:03:17,514 [8f58c883-e4ba-4cdd-8662-08249772462e@group-60E1777E972D:LeaderElection55] INFO  impl.RoleInfo (RoleInfo.java:updateAndGet(143)) - 8f58c883-e4ba-4cdd-8662-08249772462e: start LeaderState
2019-09-20 00:03:17,512 [grpc-default-executor-3] INFO  impl.RoleInfo (RoleInfo.java:updateAndGet(143)) - c63e7fee-7ebf-4ab3-a82c-403b5cf942fc: start FollowerState
2019-09-20 00:03:17,515 [8f58c883-e4ba-4cdd-8662-08249772462e@group-60E1777E972D:LeaderElection55] INFO  segmented.SegmentedRaftLogWorker (SegmentedRaftLogWorker.java:startLogSegment(380)) - 8f58c883-e4ba-4cdd-8662-08249772462e@group-60E1777E972D-SegmentedRaftLogWorker: Starting segment from index:0
2019-09-20 00:03:17,515 [fd99f976-ef3a-47b0-8e0c-a462a244f82b@group-CE6FB46A14F2:LeaderElection56] INFO  segmented.SegmentedRaftLogWorker (SegmentedRaftLogWorker.java:startLogSegment(380)) - fd99f976-ef3a-47b0-8e0c-a462a244f82b@group-CE6FB46A14F2-SegmentedRaftLogWorker: Starting segment from index:0
2019-09-20 00:03:17,512 [Thread-1496] INFO  impl.FollowerState (FollowerState.java:run(115)) - fd99f976-ef3a-47b0-8e0c-a462a244f82b: FollowerState was interrupted: java.lang.InterruptedException: sleep interrupted
2019-09-20 00:03:17,512 [grpc-default-executor-1] INFO  impl.RoleInfo (RoleInfo.java:updateAndGet(143)) - fd99f976-ef3a-47b0-8e0c-a462a244f82b: start FollowerState
2019-09-20 00:03:17,515 [8f58c883-e4ba-4cdd-8662-08249772462e@group-60E1777E972D:LeaderElection55] INFO  impl.RaftServerImpl (ServerState.java:setRaftConf(354)) - 8f58c883-e4ba-4cdd-8662-08249772462e@group-60E1777E972D: set configuration 0: [8f58c883-e4ba-4cdd-8662-08249772462e:192.168.5.182:35458], old=null at 0
2019-09-20 00:03:17,540 [fd99f976-ef3a-47b0-8e0c-a462a244f82b@group-CE6FB46A14F2:LeaderElection56] INFO  impl.RaftServerImpl (ServerState.java:setRaftConf(354)) - fd99f976-ef3a-47b0-8e0c-a462a244f82b@group-CE6FB46A14F2: set configuration 0: [fd99f976-ef3a-47b0-8e0c-a462a244f82b:192.168.5.182:45540], old=null at 0
2019-09-20 00:03:17,577 [8f58c883-e4ba-4cdd-8662-08249772462e@group-60E1777E972D-SegmentedRaftLogWorker] INFO  segmented.SegmentedRaftLogWorker (SegmentedRaftLogWorker.java:execute(569)) - 8f58c883-e4ba-4cdd-8662-08249772462e@group-60E1777E972D-SegmentedRaftLogWorker: created new log segment /workdir/hadoop-ozone/integration-test/target/test-dir/MiniOzoneClusterImpl-ada7dc46-4703-4a2d-bedb-21dcd6e1b415/datanode-2/data/ratis/ad0e2b7e-2cc2-49dd-b46b-60e1777e972d/current/log_inprogress_0
2019-09-20 00:03:17,582 [8f58c883-e4ba-4cdd-8662-08249772462e@group-0BC4DF7BF4D9:LeaderElection54] INFO  impl.LeaderElection (LeaderElection.java:logAndReturn(56)) - 8f58c883-e4ba-4cdd-8662-08249772462e@group-0BC4DF7BF4D9:LeaderElection54: Election PASSED; received 1 response(s) [8f58c883-e4ba-4cdd-8662-08249772462e<-c63e7fee-7ebf-4ab3-a82c-403b5cf942fc#0:OK-t1] and 0 exception(s); 8f58c883-e4ba-4cdd-8662-08249772462e@group-0BC4DF7BF4D9:t1, leader=null, voted=8f58c883-e4ba-4cdd-8662-08249772462e, raftlog=8f58c883-e4ba-4cdd-8662-08249772462e@group-0BC4DF7BF4D9-SegmentedRaftLog:OPENED:c-1,f-1,i0, conf=-1: [8f58c883-e4ba-4cdd-8662-08249772462e:192.168.5.182:35458, c63e7fee-7ebf-4ab3-a82c-403b5cf942fc:192.168.5.182:40019, fd99f976-ef3a-47b0-8e0c-a462a244f82b:192.168.5.182:45540], old=null
2019-09-20 00:03:17,582 [8f58c883-e4ba-4cdd-8662-08249772462e@group-0BC4DF7BF4D9:LeaderElection54] INFO  impl.RoleInfo (RoleInfo.java:shutdownLeaderElection(134)) - 8f58c883-e4ba-4cdd-8662-08249772462e: shutdown LeaderElection
2019-09-20 00:03:17,582 [8f58c883-e4ba-4cdd-8662-08249772462e@group-0BC4DF7BF4D9:LeaderElection54] INFO  impl.RaftServerImpl (RaftServerImpl.java:setRole(174)) - 8f58c883-e4ba-4cdd-8662-08249772462e@group-0BC4DF7BF4D9: changes role from CANDIDATE to LEADER at term 1 for changeToLeader
2019-09-20 00:03:17,582 [8f58c883-e4ba-4cdd-8662-08249772462e@group-0BC4DF7BF4D9:LeaderElection54] INFO  impl.RaftServerImpl (ServerState.java:setLeader(253)) - 8f58c883-e4ba-4cdd-8662-08249772462e@group-0BC4DF7BF4D9: change Leader from null to 8f58c883-e4ba-4cdd-8662-08249772462e at term 1 for becomeLeader, leader elected after 5197ms
2019-09-20 00:03:17,582 [8f58c883-e4ba-4cdd-8662-08249772462e@group-0BC4DF7BF4D9:LeaderElection54] INFO  server.RaftServerConfigKeys (ConfUtils.java:logGet(43)) - raft.server.staging.catchup.gap = 1000 (default)
2019-09-20 00:03:17,582 [8f58c883-e4ba-4cdd-8662-08249772462e@group-0BC4DF7BF4D9:LeaderElection54] INFO  server.RaftServerConfigKeys (ConfUtils.java:logGet(43)) - raft.server.rpc.sleep.time = 25ms (default)
2019-09-20 00:03:17,583 [8f58c883-e4ba-4cdd-8662-08249772462e@group-0BC4DF7BF4D9:LeaderElection54] INFO  server.RaftServerConfigKeys (ConfUtils.java:logGet(43)) - raft.server.write.element-limit = 4096 (default)
2019-09-20 00:03:17,583 [8f58c883-e4ba-4cdd-8662-08249772462e@group-0BC4DF7BF4D9:LeaderElection54] INFO  server.RaftServerConfigKeys (ConfUtils.java:logGet(43)) - raft.server.watch.timeout = 10s (default)
2019-09-20 00:03:17,583 [8f58c883-e4ba-4cdd-8662-08249772462e@group-0BC4DF7BF4D9:LeaderElection54] INFO  server.RaftServerConfigKeys (ConfUtils.java:logGet(43)) - raft.server.watch.timeout.denomination = 1s (default)
2019-09-20 00:03:17,583 [8f58c883-e4ba-4cdd-8662-08249772462e@group-0BC4DF7BF4D9:LeaderElection54] INFO  server.RaftServerConfigKeys (ConfUtils.java:logGet(43)) - raft.server.watch.element-limit = 65536 (default)
2019-09-20 00:03:17,586 [8f58c883-e4ba-4cdd-8662-08249772462e@group-0BC4DF7BF4D9:LeaderElection54] INFO  server.RaftServerConfigKeys (ConfUtils.java:logGet(43)) - raft.server.log.appender.snapshot.chunk.size.max = 16MB (=16777216) (default)
2019-09-20 00:03:17,586 [8f58c883-e4ba-4cdd-8662-08249772462e@group-0BC4DF7BF4D9:LeaderElection54] INFO  server.RaftServerConfigKeys (ConfUtils.java:logGet(43)) - raft.server.log.appender.buffer.byte-limit = 33554432 (custom)
2019-09-20 00:03:17,586 [8f58c883-e4ba-4cdd-8662-08249772462e@group-0BC4DF7BF4D9:LeaderElection54] INFO  server.RaftServerConfigKeys (ConfUtils.java:logGet(43)) - raft.server.log.appender.buffer.element-limit = 1 (custom)
2019-09-20 00:03:17,586 [8f58c883-e4ba-4cdd-8662-08249772462e@group-0BC4DF7BF4D9:LeaderElection54] INFO  grpc.GrpcConfigKeys$Server (ConfUtils.java:logGet(43)) - raft.grpc.server.leader.outstanding.appends.max = 128 (default)
2019-09-20 00:03:17,586 [8f58c883-e4ba-4cdd-8662-08249772462e@group-0BC4DF7BF4D9:LeaderElection54] INFO  server.RaftServerConfigKeys (ConfUtils.java:logGet(43)) - raft.server.rpc.request.timeout = 3000ms (default)
2019-09-20 00:03:17,587 [8f58c883-e4ba-4cdd-8662-08249772462e@group-0BC4DF7BF4D9:LeaderElection54] INFO  server.RaftServerConfigKeys (ConfUtils.java:logGet(43)) - raft.server.log.appender.install.snapshot.enabled = false (custom)
2019-09-20 00:03:17,587 [8f58c883-e4ba-4cdd-8662-08249772462e@group-0BC4DF7BF4D9:LeaderElection54] INFO  server.RaftServerConfigKeys (ConfUtils.java:logGet(43)) - raft.server.log.appender.snapshot.chunk.size.max = 16MB (=16777216) (default)
2019-09-20 00:03:17,587 [8f58c883-e4ba-4cdd-8662-08249772462e@group-0BC4DF7BF4D9:LeaderElection54] INFO  server.RaftServerConfigKeys (ConfUtils.java:logGet(43)) - raft.server.log.appender.buffer.byte-limit = 33554432 (custom)
2019-09-20 00:03:17,587 [8f58c883-e4ba-4cdd-8662-08249772462e@group-0BC4DF7BF4D9:LeaderElection54] INFO  server.RaftServerConfigKeys (ConfUtils.java:logGet(43)) - raft.server.log.appender.buffer.element-limit = 1 (custom)
2019-09-20 00:03:17,588 [8f58c883-e4ba-4cdd-8662-08249772462e@group-0BC4DF7BF4D9:LeaderElection54] INFO  grpc.GrpcConfigKeys$Server (ConfUtils.java:logGet(43)) - raft.grpc.server.leader.outstanding.appends.max = 128 (default)
2019-09-20 00:03:17,588 [8f58c883-e4ba-4cdd-8662-08249772462e@group-0BC4DF7BF4D9:LeaderElection54] INFO  server.RaftServerConfigKeys (ConfUtils.java:logGet(43)) - raft.server.rpc.request.timeout = 3000ms (default)
2019-09-20 00:03:17,588 [8f58c883-e4ba-4cdd-8662-08249772462e@group-0BC4DF7BF4D9:LeaderElection54] INFO  server.RaftServerConfigKeys (ConfUtils.java:logGet(43)) - raft.server.log.appender.install.snapshot.enabled = false (custom)
2019-09-20 00:03:17,588 [8f58c883-e4ba-4cdd-8662-08249772462e@group-0BC4DF7BF4D9:LeaderElection54] INFO  impl.RoleInfo (RoleInfo.java:updateAndGet(143)) - 8f58c883-e4ba-4cdd-8662-08249772462e: start LeaderState
2019-09-20 00:03:17,589 [8f58c883-e4ba-4cdd-8662-08249772462e@group-0BC4DF7BF4D9:LeaderElection54] INFO  segmented.SegmentedRaftLogWorker (SegmentedRaftLogWorker.java:startLogSegment(380)) - 8f58c883-e4ba-4cdd-8662-08249772462e@group-0BC4DF7BF4D9-SegmentedRaftLogWorker: Starting segment from index:0
2019-09-20 00:03:17,589 [8f58c883-e4ba-4cdd-8662-08249772462e@group-0BC4DF7BF4D9:LeaderElection54] INFO  impl.RaftServerImpl (ServerState.java:setRaftConf(354)) - 8f58c883-e4ba-4cdd-8662-08249772462e@group-0BC4DF7BF4D9: set configuration 0: [8f58c883-e4ba-4cdd-8662-08249772462e:192.168.5.182:35458, c63e7fee-7ebf-4ab3-a82c-403b5cf942fc:192.168.5.182:40019, fd99f976-ef3a-47b0-8e0c-a462a244f82b:192.168.5.182:45540], old=null at 0
2019-09-20 00:03:17,593 [grpc-default-executor-3] INFO  impl.RaftServerImpl (ServerState.java:setLeader(253)) - c63e7fee-7ebf-4ab3-a82c-403b5cf942fc@group-0BC4DF7BF4D9: change Leader from null to 8f58c883-e4ba-4cdd-8662-08249772462e at term 1 for appendEntries, leader elected after 5209ms
2019-09-20 00:03:17,595 [grpc-default-executor-1] INFO  impl.RaftServerImpl (ServerState.java:setLeader(253)) - fd99f976-ef3a-47b0-8e0c-a462a244f82b@group-0BC4DF7BF4D9: change Leader from null to 8f58c883-e4ba-4cdd-8662-08249772462e at term 1 for appendEntries, leader elected after 5211ms
2019-09-20 00:03:17,623 [fd99f976-ef3a-47b0-8e0c-a462a244f82b@group-CE6FB46A14F2-SegmentedRaftLogWorker] INFO  segmented.SegmentedRaftLogWorker (SegmentedRaftLogWorker.java:execute(569)) - fd99f976-ef3a-47b0-8e0c-a462a244f82b@group-CE6FB46A14F2-SegmentedRaftLogWorker: created new log segment /workdir/hadoop-ozone/integration-test/target/test-dir/MiniOzoneClusterImpl-ada7dc46-4703-4a2d-bedb-21dcd6e1b415/datanode-1/data/ratis/a19ba37d-48db-4fc5-a28e-ce6fb46a14f2/current/log_inprogress_0
2019-09-20 00:03:17,624 [grpc-default-executor-1] INFO  impl.RaftServerImpl (ServerState.java:setRaftConf(354)) - c63e7fee-7ebf-4ab3-a82c-403b5cf942fc@group-0BC4DF7BF4D9: set configuration 0: [8f58c883-e4ba-4cdd-8662-08249772462e:192.168.5.182:35458, c63e7fee-7ebf-4ab3-a82c-403b5cf942fc:192.168.5.182:40019, fd99f976-ef3a-47b0-8e0c-a462a244f82b:192.168.5.182:45540], old=null at 0
2019-09-20 00:03:17,624 [grpc-default-executor-3] INFO  impl.RaftServerImpl (ServerState.java:setRaftConf(354)) - fd99f976-ef3a-47b0-8e0c-a462a244f82b@group-0BC4DF7BF4D9: set configuration 0: [8f58c883-e4ba-4cdd-8662-08249772462e:192.168.5.182:35458, c63e7fee-7ebf-4ab3-a82c-403b5cf942fc:192.168.5.182:40019, fd99f976-ef3a-47b0-8e0c-a462a244f82b:192.168.5.182:45540], old=null at 0
2019-09-20 00:03:17,625 [grpc-default-executor-1] INFO  segmented.SegmentedRaftLogWorker (SegmentedRaftLogWorker.java:startLogSegment(380)) - c63e7fee-7ebf-4ab3-a82c-403b5cf942fc@group-0BC4DF7BF4D9-SegmentedRaftLogWorker: Starting segment from index:0
2019-09-20 00:03:17,625 [grpc-default-executor-3] INFO  segmented.SegmentedRaftLogWorker (SegmentedRaftLogWorker.java:startLogSegment(380)) - fd99f976-ef3a-47b0-8e0c-a462a244f82b@group-0BC4DF7BF4D9-SegmentedRaftLogWorker: Starting segment from index:0
2019-09-20 00:03:17,640 [8f58c883-e4ba-4cdd-8662-08249772462e@group-0BC4DF7BF4D9-SegmentedRaftLogWorker] INFO  segmented.SegmentedRaftLogWorker (SegmentedRaftLogWorker.java:execute(569)) - 8f58c883-e4ba-4cdd-8662-08249772462e@group-0BC4DF7BF4D9-SegmentedRaftLogWorker: created new log segment /workdir/hadoop-ozone/integration-test/target/test-dir/MiniOzoneClusterImpl-ada7dc46-4703-4a2d-bedb-21dcd6e1b415/datanode-2/data/ratis/9c807bb6-9f2a-4203-be25-0bc4df7bf4d9/current/log_inprogress_0
2019-09-20 00:03:17,689 [c63e7fee-7ebf-4ab3-a82c-403b5cf942fc@group-0BC4DF7BF4D9-SegmentedRaftLogWorker] INFO  segmented.SegmentedRaftLogWorker (SegmentedRaftLogWorker.java:execute(569)) - c63e7fee-7ebf-4ab3-a82c-403b5cf942fc@group-0BC4DF7BF4D9-SegmentedRaftLogWorker: created new log segment /workdir/hadoop-ozone/integration-test/target/test-dir/MiniOzoneClusterImpl-ada7dc46-4703-4a2d-bedb-21dcd6e1b415/datanode-0/data/ratis/9c807bb6-9f2a-4203-be25-0bc4df7bf4d9/current/log_inprogress_0
2019-09-20 00:03:17,689 [fd99f976-ef3a-47b0-8e0c-a462a244f82b@group-0BC4DF7BF4D9-SegmentedRaftLogWorker] INFO  segmented.SegmentedRaftLogWorker (SegmentedRaftLogWorker.java:execute(569)) - fd99f976-ef3a-47b0-8e0c-a462a244f82b@group-0BC4DF7BF4D9-SegmentedRaftLogWorker: created new log segment /workdir/hadoop-ozone/integration-test/target/test-dir/MiniOzoneClusterImpl-ada7dc46-4703-4a2d-bedb-21dcd6e1b415/datanode-1/data/ratis/9c807bb6-9f2a-4203-be25-0bc4df7bf4d9/current/log_inprogress_0
2019-09-20 00:03:17,743 [Thread-1501] INFO  impl.FollowerState (FollowerState.java:run(106)) - 5c2be68a-1578-4957-a4c7-2a59839196c2:group-CF4047C7B160 changes to CANDIDATE, lastRpcTime:5121, electionTimeout:5121ms
2019-09-20 00:03:17,743 [Thread-1501] INFO  impl.RoleInfo (RoleInfo.java:shutdownFollowerState(121)) - 5c2be68a-1578-4957-a4c7-2a59839196c2: shutdown FollowerState
2019-09-20 00:03:17,743 [Thread-1501] INFO  impl.RaftServerImpl (RaftServerImpl.java:setRole(174)) - 5c2be68a-1578-4957-a4c7-2a59839196c2@group-CF4047C7B160: changes role from  FOLLOWER to CANDIDATE at term 0 for changeToCandidate
2019-09-20 00:03:17,824 [Thread-1504] INFO  impl.FollowerState (FollowerState.java:run(106)) - f9210520-554e-41dc-a9b2-d492e03f6d34:group-152E00D4ADB2 changes to CANDIDATE, lastRpcTime:5132, electionTimeout:5132ms
2019-09-20 00:03:17,825 [Thread-1504] INFO  impl.RoleInfo (RoleInfo.java:shutdownFollowerState(121)) - f9210520-554e-41dc-a9b2-d492e03f6d34: shutdown FollowerState
2019-09-20 00:03:17,825 [Thread-1504] INFO  impl.RaftServerImpl (RaftServerImpl.java:setRole(174)) - f9210520-554e-41dc-a9b2-d492e03f6d34@group-152E00D4ADB2: changes role from  FOLLOWER to CANDIDATE at term 0 for changeToCandidate
2019-09-20 00:03:17,861 [Thread-1504] INFO  impl.RoleInfo (RoleInfo.java:updateAndGet(143)) - f9210520-554e-41dc-a9b2-d492e03f6d34: start LeaderElection
2019-09-20 00:03:17,861 [Thread-1501] INFO  impl.RoleInfo (RoleInfo.java:updateAndGet(143)) - 5c2be68a-1578-4957-a4c7-2a59839196c2: start LeaderElection
2019-09-20 00:03:17,891 [f9210520-554e-41dc-a9b2-d492e03f6d34@group-152E00D4ADB2:LeaderElection58] INFO  impl.LeaderElection (LeaderElection.java:askForVotes(182)) - f9210520-554e-41dc-a9b2-d492e03f6d34@group-152E00D4ADB2:LeaderElection58: begin an election at term 1 for -1: [f9210520-554e-41dc-a9b2-d492e03f6d34:192.168.5.182:43039], old=null
2019-09-20 00:03:17,891 [5c2be68a-1578-4957-a4c7-2a59839196c2@group-CF4047C7B160:LeaderElection57] INFO  impl.LeaderElection (LeaderElection.java:askForVotes(182)) - 5c2be68a-1578-4957-a4c7-2a59839196c2@group-CF4047C7B160:LeaderElection57: begin an election at term 1 for -1: [5c2be68a-1578-4957-a4c7-2a59839196c2:192.168.5.182:46445], old=null
2019-09-20 00:03:17,891 [f9210520-554e-41dc-a9b2-d492e03f6d34@group-152E00D4ADB2:LeaderElection58] INFO  impl.RoleInfo (RoleInfo.java:shutdownLeaderElection(134)) - f9210520-554e-41dc-a9b2-d492e03f6d34: shutdown LeaderElection
2019-09-20 00:03:17,891 [5c2be68a-1578-4957-a4c7-2a59839196c2@group-CF4047C7B160:LeaderElection57] INFO  impl.RoleInfo (RoleInfo.java:shutdownLeaderElection(134)) - 5c2be68a-1578-4957-a4c7-2a59839196c2: shutdown LeaderElection
2019-09-20 00:03:17,891 [f9210520-554e-41dc-a9b2-d492e03f6d34@group-152E00D4ADB2:LeaderElection58] INFO  impl.RaftServerImpl (RaftServerImpl.java:setRole(174)) - f9210520-554e-41dc-a9b2-d492e03f6d34@group-152E00D4ADB2: changes role from CANDIDATE to LEADER at term 1 for changeToLeader
2019-09-20 00:03:17,891 [5c2be68a-1578-4957-a4c7-2a59839196c2@group-CF4047C7B160:LeaderElection57] INFO  impl.RaftServerImpl (RaftServerImpl.java:setRole(174)) - 5c2be68a-1578-4957-a4c7-2a59839196c2@group-CF4047C7B160: changes role from CANDIDATE to LEADER at term 1 for changeToLeader
2019-09-20 00:03:17,891 [f9210520-554e-41dc-a9b2-d492e03f6d34@group-152E00D4ADB2:LeaderElection58] INFO  impl.RaftServerImpl (ServerState.java:setLeader(253)) - f9210520-554e-41dc-a9b2-d492e03f6d34@group-152E00D4ADB2: change Leader from null to f9210520-554e-41dc-a9b2-d492e03f6d34 at term 1 for becomeLeader, leader elected after 5205ms
2019-09-20 00:03:17,891 [5c2be68a-1578-4957-a4c7-2a59839196c2@group-CF4047C7B160:LeaderElection57] INFO  impl.RaftServerImpl (ServerState.java:setLeader(253)) - 5c2be68a-1578-4957-a4c7-2a59839196c2@group-CF4047C7B160: change Leader from null to 5c2be68a-1578-4957-a4c7-2a59839196c2 at term 1 for becomeLeader, leader elected after 5405ms
2019-09-20 00:03:17,892 [f9210520-554e-41dc-a9b2-d492e03f6d34@group-152E00D4ADB2:LeaderElection58] INFO  server.RaftServerConfigKeys (ConfUtils.java:logGet(43)) - raft.server.staging.catchup.gap = 1000 (default)
2019-09-20 00:03:17,892 [5c2be68a-1578-4957-a4c7-2a59839196c2@group-CF4047C7B160:LeaderElection57] INFO  server.RaftServerConfigKeys (ConfUtils.java:logGet(43)) - raft.server.staging.catchup.gap = 1000 (default)
2019-09-20 00:03:17,892 [f9210520-554e-41dc-a9b2-d492e03f6d34@group-152E00D4ADB2:LeaderElection58] INFO  server.RaftServerConfigKeys (ConfUtils.java:logGet(43)) - raft.server.rpc.sleep.time = 25ms (default)
2019-09-20 00:03:17,892 [5c2be68a-1578-4957-a4c7-2a59839196c2@group-CF4047C7B160:LeaderElection57] INFO  server.RaftServerConfigKeys (ConfUtils.java:logGet(43)) - raft.server.rpc.sleep.time = 25ms (default)
2019-09-20 00:03:17,892 [f9210520-554e-41dc-a9b2-d492e03f6d34@group-152E00D4ADB2:LeaderElection58] INFO  server.RaftServerConfigKeys (ConfUtils.java:logGet(43)) - raft.server.write.element-limit = 4096 (default)
2019-09-20 00:03:17,892 [5c2be68a-1578-4957-a4c7-2a59839196c2@group-CF4047C7B160:LeaderElection57] INFO  server.RaftServerConfigKeys (ConfUtils.java:logGet(43)) - raft.server.write.element-limit = 4096 (default)
2019-09-20 00:03:17,892 [f9210520-554e-41dc-a9b2-d492e03f6d34@group-152E00D4ADB2:LeaderElection58] INFO  server.RaftServerConfigKeys (ConfUtils.java:logGet(43)) - raft.server.watch.timeout = 10s (default)
2019-09-20 00:03:17,892 [5c2be68a-1578-4957-a4c7-2a59839196c2@group-CF4047C7B160:LeaderElection57] INFO  server.RaftServerConfigKeys (ConfUtils.java:logGet(43)) - raft.server.watch.timeout = 10s (default)
2019-09-20 00:03:17,892 [f9210520-554e-41dc-a9b2-d492e03f6d34@group-152E00D4ADB2:LeaderElection58] INFO  server.RaftServerConfigKeys (ConfUtils.java:logGet(43)) - raft.server.watch.timeout.denomination = 1s (default)
2019-09-20 00:03:17,893 [5c2be68a-1578-4957-a4c7-2a59839196c2@group-CF4047C7B160:LeaderElection57] INFO  server.RaftServerConfigKeys (ConfUtils.java:logGet(43)) - raft.server.watch.timeout.denomination = 1s (default)
2019-09-20 00:03:17,893 [f9210520-554e-41dc-a9b2-d492e03f6d34@group-152E00D4ADB2:LeaderElection58] INFO  server.RaftServerConfigKeys (ConfUtils.java:logGet(43)) - raft.server.watch.element-limit = 65536 (default)
2019-09-20 00:03:17,893 [5c2be68a-1578-4957-a4c7-2a59839196c2@group-CF4047C7B160:LeaderElection57] INFO  server.RaftServerConfigKeys (ConfUtils.java:logGet(43)) - raft.server.watch.element-limit = 65536 (default)
2019-09-20 00:03:17,895 [f9210520-554e-41dc-a9b2-d492e03f6d34@group-152E00D4ADB2:LeaderElection58] INFO  impl.RoleInfo (RoleInfo.java:updateAndGet(143)) - f9210520-554e-41dc-a9b2-d492e03f6d34: start LeaderState
2019-09-20 00:03:17,896 [f9210520-554e-41dc-a9b2-d492e03f6d34@group-152E00D4ADB2:LeaderElection58] INFO  segmented.SegmentedRaftLogWorker (SegmentedRaftLogWorker.java:startLogSegment(380)) - f9210520-554e-41dc-a9b2-d492e03f6d34@group-152E00D4ADB2-SegmentedRaftLogWorker: Starting segment from index:0
2019-09-20 00:03:17,896 [5c2be68a-1578-4957-a4c7-2a59839196c2@group-CF4047C7B160:LeaderElection57] INFO  impl.RoleInfo (RoleInfo.java:updateAndGet(143)) - 5c2be68a-1578-4957-a4c7-2a59839196c2: start LeaderState
2019-09-20 00:03:17,896 [5c2be68a-1578-4957-a4c7-2a59839196c2@group-CF4047C7B160:LeaderElection57] INFO  segmented.SegmentedRaftLogWorker (SegmentedRaftLogWorker.java:startLogSegment(380)) - 5c2be68a-1578-4957-a4c7-2a59839196c2@group-CF4047C7B160-SegmentedRaftLogWorker: Starting segment from index:0
2019-09-20 00:03:17,896 [f9210520-554e-41dc-a9b2-d492e03f6d34@group-152E00D4ADB2:LeaderElection58] INFO  impl.RaftServerImpl (ServerState.java:setRaftConf(354)) - f9210520-554e-41dc-a9b2-d492e03f6d34@group-152E00D4ADB2: set configuration 0: [f9210520-554e-41dc-a9b2-d492e03f6d34:192.168.5.182:43039], old=null at 0
2019-09-20 00:03:17,896 [5c2be68a-1578-4957-a4c7-2a59839196c2@group-CF4047C7B160:LeaderElection57] INFO  impl.RaftServerImpl (ServerState.java:setRaftConf(354)) - 5c2be68a-1578-4957-a4c7-2a59839196c2@group-CF4047C7B160: set configuration 0: [5c2be68a-1578-4957-a4c7-2a59839196c2:192.168.5.182:46445], old=null at 0
2019-09-20 00:03:17,911 [Thread-1511] INFO  impl.FollowerState (FollowerState.java:run(106)) - f9210520-554e-41dc-a9b2-d492e03f6d34:group-68C8C04ADAE1 changes to CANDIDATE, lastRpcTime:5043, electionTimeout:5043ms
2019-09-20 00:03:17,911 [Thread-1511] INFO  impl.RoleInfo (RoleInfo.java:shutdownFollowerState(121)) - f9210520-554e-41dc-a9b2-d492e03f6d34: shutdown FollowerState
2019-09-20 00:03:17,911 [Thread-1511] INFO  impl.RaftServerImpl (RaftServerImpl.java:setRole(174)) - f9210520-554e-41dc-a9b2-d492e03f6d34@group-68C8C04ADAE1: changes role from  FOLLOWER to CANDIDATE at term 0 for changeToCandidate
2019-09-20 00:03:17,911 [Thread-1511] INFO  impl.RoleInfo (RoleInfo.java:updateAndGet(143)) - f9210520-554e-41dc-a9b2-d492e03f6d34: start LeaderElection
2019-09-20 00:03:17,941 [5c2be68a-1578-4957-a4c7-2a59839196c2@group-CF4047C7B160-SegmentedRaftLogWorker] INFO  segmented.SegmentedRaftLogWorker (SegmentedRaftLogWorker.java:execute(569)) - 5c2be68a-1578-4957-a4c7-2a59839196c2@group-CF4047C7B160-SegmentedRaftLogWorker: created new log segment /workdir/hadoop-ozone/integration-test/target/test-dir/MiniOzoneClusterImpl-ada7dc46-4703-4a2d-bedb-21dcd6e1b415/datanode-3/data/ratis/38c5effa-e0f2-4cb4-a019-cf4047c7b160/current/log_inprogress_0
2019-09-20 00:03:17,941 [f9210520-554e-41dc-a9b2-d492e03f6d34@group-68C8C04ADAE1:LeaderElection59] INFO  impl.LeaderElection (LeaderElection.java:askForVotes(182)) - f9210520-554e-41dc-a9b2-d492e03f6d34@group-68C8C04ADAE1:LeaderElection59: begin an election at term 1 for -1: [52531afa-0fca-4996-9da9-05b24e9e07b9:192.168.5.182:36541, 5c2be68a-1578-4957-a4c7-2a59839196c2:192.168.5.182:46445, f9210520-554e-41dc-a9b2-d492e03f6d34:192.168.5.182:43039], old=null
2019-09-20 00:03:17,941 [f9210520-554e-41dc-a9b2-d492e03f6d34@group-152E00D4ADB2-SegmentedRaftLogWorker] INFO  segmented.SegmentedRaftLogWorker (SegmentedRaftLogWorker.java:execute(569)) - f9210520-554e-41dc-a9b2-d492e03f6d34@group-152E00D4ADB2-SegmentedRaftLogWorker: created new log segment /workdir/hadoop-ozone/integration-test/target/test-dir/MiniOzoneClusterImpl-ada7dc46-4703-4a2d-bedb-21dcd6e1b415/datanode-5/data/ratis/f62eca1d-1f10-4bcf-a0ed-152e00d4adb2/current/log_inprogress_0
2019-09-20 00:03:17,947 [grpc-default-executor-3] INFO  impl.RaftServerImpl (RaftServerImpl.java:setRole(174)) - 52531afa-0fca-4996-9da9-05b24e9e07b9@group-68C8C04ADAE1: changes role from  FOLLOWER to FOLLOWER at term 1 for recognizeCandidate:f9210520-554e-41dc-a9b2-d492e03f6d34
2019-09-20 00:03:17,947 [grpc-default-executor-3] INFO  impl.RoleInfo (RoleInfo.java:shutdownFollowerState(121)) - 52531afa-0fca-4996-9da9-05b24e9e07b9: shutdown FollowerState
2019-09-20 00:03:17,948 [grpc-default-executor-1] INFO  impl.RaftServerImpl (RaftServerImpl.java:setRole(174)) - 5c2be68a-1578-4957-a4c7-2a59839196c2@group-68C8C04ADAE1: changes role from  FOLLOWER to FOLLOWER at term 1 for recognizeCandidate:f9210520-554e-41dc-a9b2-d492e03f6d34
2019-09-20 00:03:17,948 [grpc-default-executor-3] INFO  impl.RoleInfo (RoleInfo.java:updateAndGet(143)) - 52531afa-0fca-4996-9da9-05b24e9e07b9: start FollowerState
2019-09-20 00:03:17,949 [grpc-default-executor-1] INFO  impl.RoleInfo (RoleInfo.java:shutdownFollowerState(121)) - 5c2be68a-1578-4957-a4c7-2a59839196c2: shutdown FollowerState
2019-09-20 00:03:17,949 [Thread-1516] INFO  impl.FollowerState (FollowerState.java:run(115)) - 52531afa-0fca-4996-9da9-05b24e9e07b9: FollowerState was interrupted: java.lang.InterruptedException: sleep interrupted
2019-09-20 00:03:17,949 [Thread-1514] INFO  impl.FollowerState (FollowerState.java:run(115)) - 5c2be68a-1578-4957-a4c7-2a59839196c2: FollowerState was interrupted: java.lang.InterruptedException: sleep interrupted
2019-09-20 00:03:17,949 [grpc-default-executor-1] INFO  impl.RoleInfo (RoleInfo.java:updateAndGet(143)) - 5c2be68a-1578-4957-a4c7-2a59839196c2: start FollowerState
2019-09-20 00:03:17,967 [f9210520-554e-41dc-a9b2-d492e03f6d34@group-68C8C04ADAE1:LeaderElection59] INFO  impl.LeaderElection (LeaderElection.java:logAndReturn(56)) - f9210520-554e-41dc-a9b2-d492e03f6d34@group-68C8C04ADAE1:LeaderElection59: Election PASSED; received 1 response(s) [f9210520-554e-41dc-a9b2-d492e03f6d34<-52531afa-0fca-4996-9da9-05b24e9e07b9#0:OK-t1] and 0 exception(s); f9210520-554e-41dc-a9b2-d492e03f6d34@group-68C8C04ADAE1:t1, leader=null, voted=f9210520-554e-41dc-a9b2-d492e03f6d34, raftlog=f9210520-554e-41dc-a9b2-d492e03f6d34@group-68C8C04ADAE1-SegmentedRaftLog:OPENED:c-1,f-1,i0, conf=-1: [52531afa-0fca-4996-9da9-05b24e9e07b9:192.168.5.182:36541, 5c2be68a-1578-4957-a4c7-2a59839196c2:192.168.5.182:46445, f9210520-554e-41dc-a9b2-d492e03f6d34:192.168.5.182:43039], old=null
2019-09-20 00:03:17,967 [f9210520-554e-41dc-a9b2-d492e03f6d34@group-68C8C04ADAE1:LeaderElection59] INFO  impl.RoleInfo (RoleInfo.java:shutdownLeaderElection(134)) - f9210520-554e-41dc-a9b2-d492e03f6d34: shutdown LeaderElection
2019-09-20 00:03:17,967 [f9210520-554e-41dc-a9b2-d492e03f6d34@group-68C8C04ADAE1:LeaderElection59] INFO  impl.RaftServerImpl (RaftServerImpl.java:setRole(174)) - f9210520-554e-41dc-a9b2-d492e03f6d34@group-68C8C04ADAE1: changes role from CANDIDATE to LEADER at term 1 for changeToLeader
2019-09-20 00:03:17,967 [f9210520-554e-41dc-a9b2-d492e03f6d34@group-68C8C04ADAE1:LeaderElection59] INFO  impl.RaftServerImpl (ServerState.java:setLeader(253)) - f9210520-554e-41dc-a9b2-d492e03f6d34@group-68C8C04ADAE1: change Leader from null to f9210520-554e-41dc-a9b2-d492e03f6d34 at term 1 for becomeLeader, leader elected after 5108ms
2019-09-20 00:03:17,967 [f9210520-554e-41dc-a9b2-d492e03f6d34@group-68C8C04ADAE1:LeaderElection59] INFO  server.RaftServerConfigKeys (ConfUtils.java:logGet(43)) - raft.server.staging.catchup.gap = 1000 (default)
2019-09-20 00:03:17,967 [f9210520-554e-41dc-a9b2-d492e03f6d34@group-68C8C04ADAE1:LeaderElection59] INFO  server.RaftServerConfigKeys (ConfUtils.java:logGet(43)) - raft.server.rpc.sleep.time = 25ms (default)
2019-09-20 00:03:17,967 [f9210520-554e-41dc-a9b2-d492e03f6d34@group-68C8C04ADAE1:LeaderElection59] INFO  server.RaftServerConfigKeys (ConfUtils.java:logGet(43)) - raft.server.write.element-limit = 4096 (default)
2019-09-20 00:03:17,968 [f9210520-554e-41dc-a9b2-d492e03f6d34@group-68C8C04ADAE1:LeaderElection59] INFO  server.RaftServerConfigKeys (ConfUtils.java:logGet(43)) - raft.server.watch.timeout = 10s (default)
2019-09-20 00:03:17,968 [f9210520-554e-41dc-a9b2-d492e03f6d34@group-68C8C04ADAE1:LeaderElection59] INFO  server.RaftServerConfigKeys (ConfUtils.java:logGet(43)) - raft.server.watch.timeout.denomination = 1s (default)
2019-09-20 00:03:17,968 [f9210520-554e-41dc-a9b2-d492e03f6d34@group-68C8C04ADAE1:LeaderElection59] INFO  server.RaftServerConfigKeys (ConfUtils.java:logGet(43)) - raft.server.watch.element-limit = 65536 (default)
2019-09-20 00:03:17,969 [f9210520-554e-41dc-a9b2-d492e03f6d34@group-68C8C04ADAE1:LeaderElection59] INFO  server.RaftServerConfigKeys (ConfUtils.java:logGet(43)) - raft.server.log.appender.snapshot.chunk.size.max = 16MB (=16777216) (default)
2019-09-20 00:03:17,970 [f9210520-554e-41dc-a9b2-d492e03f6d34@group-68C8C04ADAE1:LeaderElection59] INFO  server.RaftServerConfigKeys (ConfUtils.java:logGet(43)) - raft.server.log.appender.buffer.byte-limit = 33554432 (custom)
2019-09-20 00:03:17,970 [f9210520-554e-41dc-a9b2-d492e03f6d34@group-68C8C04ADAE1:LeaderElection59] INFO  server.RaftServerConfigKeys (ConfUtils.java:logGet(43)) - raft.server.log.appender.buffer.element-limit = 1 (custom)
2019-09-20 00:03:17,970 [Thread-1507] INFO  impl.FollowerState (FollowerState.java:run(106)) - 52531afa-0fca-4996-9da9-05b24e9e07b9:group-B623008EE091 changes to CANDIDATE, lastRpcTime:5172, electionTimeout:5172ms
2019-09-20 00:03:17,971 [Thread-1507] INFO  impl.RoleInfo (RoleInfo.java:shutdownFollowerState(121)) - 52531afa-0fca-4996-9da9-05b24e9e07b9: shutdown FollowerState
2019-09-20 00:03:17,971 [f9210520-554e-41dc-a9b2-d492e03f6d34@group-68C8C04ADAE1:LeaderElection59] INFO  grpc.GrpcConfigKeys$Server (ConfUtils.java:logGet(43)) - raft.grpc.server.leader.outstanding.appends.max = 128 (default)
2019-09-20 00:03:17,971 [Thread-1507] INFO  impl.RaftServerImpl (RaftServerImpl.java:setRole(174)) - 52531afa-0fca-4996-9da9-05b24e9e07b9@group-B623008EE091: changes role from  FOLLOWER to CANDIDATE at term 0 for changeToCandidate
2019-09-20 00:03:17,971 [f9210520-554e-41dc-a9b2-d492e03f6d34@group-68C8C04ADAE1:LeaderElection59] INFO  server.RaftServerConfigKeys (ConfUtils.java:logGet(43)) - raft.server.rpc.request.timeout = 3000ms (default)
2019-09-20 00:03:17,971 [Thread-1507] INFO  impl.RoleInfo (RoleInfo.java:updateAndGet(143)) - 52531afa-0fca-4996-9da9-05b24e9e07b9: start LeaderElection
2019-09-20 00:03:17,972 [f9210520-554e-41dc-a9b2-d492e03f6d34@group-68C8C04ADAE1:LeaderElection59] INFO  server.RaftServerConfigKeys (ConfUtils.java:logGet(43)) - raft.server.log.appender.install.snapshot.enabled = false (custom)
2019-09-20 00:03:17,972 [f9210520-554e-41dc-a9b2-d492e03f6d34@group-68C8C04ADAE1:LeaderElection59] INFO  server.RaftServerConfigKeys (ConfUtils.java:logGet(43)) - raft.server.log.appender.snapshot.chunk.size.max = 16MB (=16777216) (default)
2019-09-20 00:03:17,972 [f9210520-554e-41dc-a9b2-d492e03f6d34@group-68C8C04ADAE1:LeaderElection59] INFO  server.RaftServerConfigKeys (ConfUtils.java:logGet(43)) - raft.server.log.appender.buffer.byte-limit = 33554432 (custom)
2019-09-20 00:03:17,975 [f9210520-554e-41dc-a9b2-d492e03f6d34@group-68C8C04ADAE1:LeaderElection59] INFO  server.RaftServerConfigKeys (ConfUtils.java:logGet(43)) - raft.server.log.appender.buffer.element-limit = 1 (custom)
2019-09-20 00:03:17,975 [f9210520-554e-41dc-a9b2-d492e03f6d34@group-68C8C04ADAE1:LeaderElection59] INFO  grpc.GrpcConfigKeys$Server (ConfUtils.java:logGet(43)) - raft.grpc.server.leader.outstanding.appends.max = 128 (default)
2019-09-20 00:03:17,975 [f9210520-554e-41dc-a9b2-d492e03f6d34@group-68C8C04ADAE1:LeaderElection59] INFO  server.RaftServerConfigKeys (ConfUtils.java:logGet(43)) - raft.server.rpc.request.timeout = 3000ms (default)
2019-09-20 00:03:17,975 [f9210520-554e-41dc-a9b2-d492e03f6d34@group-68C8C04ADAE1:LeaderElection59] INFO  server.RaftServerConfigKeys (ConfUtils.java:logGet(43)) - raft.server.log.appender.install.snapshot.enabled = false (custom)
2019-09-20 00:03:17,975 [f9210520-554e-41dc-a9b2-d492e03f6d34@group-68C8C04ADAE1:LeaderElection59] INFO  impl.RoleInfo (RoleInfo.java:updateAndGet(143)) - f9210520-554e-41dc-a9b2-d492e03f6d34: start LeaderState
2019-09-20 00:03:17,976 [f9210520-554e-41dc-a9b2-d492e03f6d34@group-68C8C04ADAE1:LeaderElection59] INFO  segmented.SegmentedRaftLogWorker (SegmentedRaftLogWorker.java:startLogSegment(380)) - f9210520-554e-41dc-a9b2-d492e03f6d34@group-68C8C04ADAE1-SegmentedRaftLogWorker: Starting segment from index:0
2019-09-20 00:03:17,976 [f9210520-554e-41dc-a9b2-d492e03f6d34@group-68C8C04ADAE1:LeaderElection59] INFO  impl.RaftServerImpl (ServerState.java:setRaftConf(354)) - f9210520-554e-41dc-a9b2-d492e03f6d34@group-68C8C04ADAE1: set configuration 0: [52531afa-0fca-4996-9da9-05b24e9e07b9:192.168.5.182:36541, 5c2be68a-1578-4957-a4c7-2a59839196c2:192.168.5.182:46445, f9210520-554e-41dc-a9b2-d492e03f6d34:192.168.5.182:43039], old=null at 0
2019-09-20 00:03:18,004 [grpc-default-executor-1] INFO  impl.RaftServerImpl (ServerState.java:setLeader(253)) - 52531afa-0fca-4996-9da9-05b24e9e07b9@group-68C8C04ADAE1: change Leader from null to f9210520-554e-41dc-a9b2-d492e03f6d34 at term 1 for appendEntries, leader elected after 5145ms
2019-09-20 00:03:18,004 [52531afa-0fca-4996-9da9-05b24e9e07b9@group-B623008EE091:LeaderElection60] INFO  impl.LeaderElection (LeaderElection.java:askForVotes(182)) - 52531afa-0fca-4996-9da9-05b24e9e07b9@group-B623008EE091:LeaderElection60: begin an election at term 1 for -1: [52531afa-0fca-4996-9da9-05b24e9e07b9:192.168.5.182:36541], old=null
2019-09-20 00:03:18,004 [grpc-default-executor-3] INFO  impl.RaftServerImpl (ServerState.java:setLeader(253)) - 5c2be68a-1578-4957-a4c7-2a59839196c2@group-68C8C04ADAE1: change Leader from null to f9210520-554e-41dc-a9b2-d492e03f6d34 at term 1 for appendEntries, leader elected after 5145ms
2019-09-20 00:03:18,005 [52531afa-0fca-4996-9da9-05b24e9e07b9@group-B623008EE091:LeaderElection60] INFO  impl.RoleInfo (RoleInfo.java:shutdownLeaderElection(134)) - 52531afa-0fca-4996-9da9-05b24e9e07b9: shutdown LeaderElection
2019-09-20 00:03:18,005 [52531afa-0fca-4996-9da9-05b24e9e07b9@group-B623008EE091:LeaderElection60] INFO  impl.RaftServerImpl (RaftServerImpl.java:setRole(174)) - 52531afa-0fca-4996-9da9-05b24e9e07b9@group-B623008EE091: changes role from CANDIDATE to LEADER at term 1 for changeToLeader
2019-09-20 00:03:18,005 [52531afa-0fca-4996-9da9-05b24e9e07b9@group-B623008EE091:LeaderElection60] INFO  impl.RaftServerImpl (ServerState.java:setLeader(253)) - 52531afa-0fca-4996-9da9-05b24e9e07b9@group-B623008EE091: change Leader from null to 52531afa-0fca-4996-9da9-05b24e9e07b9 at term 1 for becomeLeader, leader elected after 5214ms
2019-09-20 00:03:18,005 [52531afa-0fca-4996-9da9-05b24e9e07b9@group-B623008EE091:LeaderElection60] INFO  server.RaftServerConfigKeys (ConfUtils.java:logGet(43)) - raft.server.staging.catchup.gap = 1000 (default)
2019-09-20 00:03:18,005 [52531afa-0fca-4996-9da9-05b24e9e07b9@group-B623008EE091:LeaderElection60] INFO  server.RaftServerConfigKeys (ConfUtils.java:logGet(43)) - raft.server.rpc.sleep.time = 25ms (default)
2019-09-20 00:03:18,008 [Thread-1521] INFO  impl.FollowerState (FollowerState.java:run(106)) - 902aa274-92eb-4eed-ad45-ae2369f33121:group-A041F4D2AC58 changes to CANDIDATE, lastRpcTime:5034, electionTimeout:5034ms
2019-09-20 00:03:18,008 [Thread-1521] INFO  impl.RoleInfo (RoleInfo.java:shutdownFollowerState(121)) - 902aa274-92eb-4eed-ad45-ae2369f33121: shutdown FollowerState
2019-09-20 00:03:18,008 [Thread-1521] INFO  impl.RaftServerImpl (RaftServerImpl.java:setRole(174)) - 902aa274-92eb-4eed-ad45-ae2369f33121@group-A041F4D2AC58: changes role from  FOLLOWER to CANDIDATE at term 0 for changeToCandidate
2019-09-20 00:03:18,021 [f9210520-554e-41dc-a9b2-d492e03f6d34@group-68C8C04ADAE1-SegmentedRaftLogWorker] INFO  segmented.SegmentedRaftLogWorker (SegmentedRaftLogWorker.java:execute(569)) - f9210520-554e-41dc-a9b2-d492e03f6d34@group-68C8C04ADAE1-SegmentedRaftLogWorker: created new log segment /workdir/hadoop-ozone/integration-test/target/test-dir/MiniOzoneClusterImpl-ada7dc46-4703-4a2d-bedb-21dcd6e1b415/datanode-5/data/ratis/399c1d5b-a228-4c1f-b303-68c8c04adae1/current/log_inprogress_0
2019-09-20 00:03:18,355 [Thread-1521] INFO  impl.RoleInfo (RoleInfo.java:updateAndGet(143)) - 902aa274-92eb-4eed-ad45-ae2369f33121: start LeaderElection
2019-09-20 00:03:18,355 [52531afa-0fca-4996-9da9-05b24e9e07b9@group-B623008EE091:LeaderElection60] INFO  server.RaftServerConfigKeys (ConfUtils.java:logGet(43)) - raft.server.write.element-limit = 4096 (default)
2019-09-20 00:03:18,356 [52531afa-0fca-4996-9da9-05b24e9e07b9@group-B623008EE091:LeaderElection60] INFO  server.RaftServerConfigKeys (ConfUtils.java:logGet(43)) - raft.server.watch.timeout = 10s (default)
2019-09-20 00:03:18,362 [52531afa-0fca-4996-9da9-05b24e9e07b9@group-B623008EE091:LeaderElection60] INFO  server.RaftServerConfigKeys (ConfUtils.java:logGet(43)) - raft.server.watch.timeout.denomination = 1s (default)
2019-09-20 00:03:18,362 [52531afa-0fca-4996-9da9-05b24e9e07b9@group-B623008EE091:LeaderElection60] INFO  server.RaftServerConfigKeys (ConfUtils.java:logGet(43)) - raft.server.watch.element-limit = 65536 (default)
2019-09-20 00:03:18,363 [grpc-default-executor-1] INFO  impl.RaftServerImpl (ServerState.java:setRaftConf(354)) - 5c2be68a-1578-4957-a4c7-2a59839196c2@group-68C8C04ADAE1: set configuration 0: [52531afa-0fca-4996-9da9-05b24e9e07b9:192.168.5.182:36541, 5c2be68a-1578-4957-a4c7-2a59839196c2:192.168.5.182:46445, f9210520-554e-41dc-a9b2-d492e03f6d34:192.168.5.182:43039], old=null at 0
2019-09-20 00:03:18,363 [grpc-default-executor-3] INFO  impl.RaftServerImpl (ServerState.java:setRaftConf(354)) - 52531afa-0fca-4996-9da9-05b24e9e07b9@group-68C8C04ADAE1: set configuration 0: [52531afa-0fca-4996-9da9-05b24e9e07b9:192.168.5.182:36541, 5c2be68a-1578-4957-a4c7-2a59839196c2:192.168.5.182:46445, f9210520-554e-41dc-a9b2-d492e03f6d34:192.168.5.182:43039], old=null at 0
2019-09-20 00:03:18,364 [grpc-default-executor-1] INFO  segmented.SegmentedRaftLogWorker (SegmentedRaftLogWorker.java:startLogSegment(380)) - 5c2be68a-1578-4957-a4c7-2a59839196c2@group-68C8C04ADAE1-SegmentedRaftLogWorker: Starting segment from index:0
2019-09-20 00:03:18,364 [grpc-default-executor-3] INFO  segmented.SegmentedRaftLogWorker (SegmentedRaftLogWorker.java:startLogSegment(380)) - 52531afa-0fca-4996-9da9-05b24e9e07b9@group-68C8C04ADAE1-SegmentedRaftLogWorker: Starting segment from index:0
2019-09-20 00:03:18,366 [52531afa-0fca-4996-9da9-05b24e9e07b9@group-B623008EE091:LeaderElection60] INFO  impl.RoleInfo (RoleInfo.java:updateAndGet(143)) - 52531afa-0fca-4996-9da9-05b24e9e07b9: start LeaderState
2019-09-20 00:03:18,366 [52531afa-0fca-4996-9da9-05b24e9e07b9@group-B623008EE091:LeaderElection60] INFO  segmented.SegmentedRaftLogWorker (SegmentedRaftLogWorker.java:startLogSegment(380)) - 52531afa-0fca-4996-9da9-05b24e9e07b9@group-B623008EE091-SegmentedRaftLogWorker: Starting segment from index:0
2019-09-20 00:03:18,367 [52531afa-0fca-4996-9da9-05b24e9e07b9@group-B623008EE091:LeaderElection60] INFO  impl.RaftServerImpl (ServerState.java:setRaftConf(354)) - 52531afa-0fca-4996-9da9-05b24e9e07b9@group-B623008EE091: set configuration 0: [52531afa-0fca-4996-9da9-05b24e9e07b9:192.168.5.182:36541], old=null at 0
2019-09-20 00:03:18,380 [902aa274-92eb-4eed-ad45-ae2369f33121@group-A041F4D2AC58:LeaderElection61] INFO  impl.LeaderElection (LeaderElection.java:askForVotes(182)) - 902aa274-92eb-4eed-ad45-ae2369f33121@group-A041F4D2AC58:LeaderElection61: begin an election at term 1 for -1: [902aa274-92eb-4eed-ad45-ae2369f33121:192.168.5.182:41780], old=null
2019-09-20 00:03:18,380 [902aa274-92eb-4eed-ad45-ae2369f33121@group-A041F4D2AC58:LeaderElection61] INFO  impl.RoleInfo (RoleInfo.java:shutdownLeaderElection(134)) - 902aa274-92eb-4eed-ad45-ae2369f33121: shutdown LeaderElection
2019-09-20 00:03:18,380 [902aa274-92eb-4eed-ad45-ae2369f33121@group-A041F4D2AC58:LeaderElection61] INFO  impl.RaftServerImpl (RaftServerImpl.java:setRole(174)) - 902aa274-92eb-4eed-ad45-ae2369f33121@group-A041F4D2AC58: changes role from CANDIDATE to LEADER at term 1 for changeToLeader
2019-09-20 00:03:18,381 [902aa274-92eb-4eed-ad45-ae2369f33121@group-A041F4D2AC58:LeaderElection61] INFO  impl.RaftServerImpl (ServerState.java:setLeader(253)) - 902aa274-92eb-4eed-ad45-ae2369f33121@group-A041F4D2AC58: change Leader from null to 902aa274-92eb-4eed-ad45-ae2369f33121 at term 1 for becomeLeader, leader elected after 5412ms
2019-09-20 00:03:18,381 [902aa274-92eb-4eed-ad45-ae2369f33121@group-A041F4D2AC58:LeaderElection61] INFO  server.RaftServerConfigKeys (ConfUtils.java:logGet(43)) - raft.server.staging.catchup.gap = 1000 (default)
2019-09-20 00:03:18,381 [902aa274-92eb-4eed-ad45-ae2369f33121@group-A041F4D2AC58:LeaderElection61] INFO  server.RaftServerConfigKeys (ConfUtils.java:logGet(43)) - raft.server.rpc.sleep.time = 25ms (default)
2019-09-20 00:03:18,381 [902aa274-92eb-4eed-ad45-ae2369f33121@group-A041F4D2AC58:LeaderElection61] INFO  server.RaftServerConfigKeys (ConfUtils.java:logGet(43)) - raft.server.write.element-limit = 4096 (default)
2019-09-20 00:03:18,381 [902aa274-92eb-4eed-ad45-ae2369f33121@group-A041F4D2AC58:LeaderElection61] INFO  server.RaftServerConfigKeys (ConfUtils.java:logGet(43)) - raft.server.watch.timeout = 10s (default)
2019-09-20 00:03:18,381 [902aa274-92eb-4eed-ad45-ae2369f33121@group-A041F4D2AC58:LeaderElection61] INFO  server.RaftServerConfigKeys (ConfUtils.java:logGet(43)) - raft.server.watch.timeout.denomination = 1s (default)
2019-09-20 00:03:18,381 [902aa274-92eb-4eed-ad45-ae2369f33121@group-A041F4D2AC58:LeaderElection61] INFO  server.RaftServerConfigKeys (ConfUtils.java:logGet(43)) - raft.server.watch.element-limit = 65536 (default)
2019-09-20 00:03:18,384 [902aa274-92eb-4eed-ad45-ae2369f33121@group-A041F4D2AC58:LeaderElection61] INFO  impl.RoleInfo (RoleInfo.java:updateAndGet(143)) - 902aa274-92eb-4eed-ad45-ae2369f33121: start LeaderState
2019-09-20 00:03:18,384 [902aa274-92eb-4eed-ad45-ae2369f33121@group-A041F4D2AC58:LeaderElection61] INFO  segmented.SegmentedRaftLogWorker (SegmentedRaftLogWorker.java:startLogSegment(380)) - 902aa274-92eb-4eed-ad45-ae2369f33121@group-A041F4D2AC58-SegmentedRaftLogWorker: Starting segment from index:0
2019-09-20 00:03:18,384 [902aa274-92eb-4eed-ad45-ae2369f33121@group-A041F4D2AC58:LeaderElection61] INFO  impl.RaftServerImpl (ServerState.java:setRaftConf(354)) - 902aa274-92eb-4eed-ad45-ae2369f33121@group-A041F4D2AC58: set configuration 0: [902aa274-92eb-4eed-ad45-ae2369f33121:192.168.5.182:41780], old=null at 0
2019-09-20 00:03:18,450 [52531afa-0fca-4996-9da9-05b24e9e07b9@group-B623008EE091-SegmentedRaftLogWorker] INFO  segmented.SegmentedRaftLogWorker (SegmentedRaftLogWorker.java:execute(569)) - 52531afa-0fca-4996-9da9-05b24e9e07b9@group-B623008EE091-SegmentedRaftLogWorker: created new log segment /workdir/hadoop-ozone/integration-test/target/test-dir/MiniOzoneClusterImpl-ada7dc46-4703-4a2d-bedb-21dcd6e1b415/datanode-4/data/ratis/1eb41b21-fccc-431f-b951-b623008ee091/current/log_inprogress_0
2019-09-20 00:03:18,450 [5c2be68a-1578-4957-a4c7-2a59839196c2@group-68C8C04ADAE1-SegmentedRaftLogWorker] INFO  segmented.SegmentedRaftLogWorker (SegmentedRaftLogWorker.java:execute(569)) - 5c2be68a-1578-4957-a4c7-2a59839196c2@group-68C8C04ADAE1-SegmentedRaftLogWorker: created new log segment /workdir/hadoop-ozone/integration-test/target/test-dir/MiniOzoneClusterImpl-ada7dc46-4703-4a2d-bedb-21dcd6e1b415/datanode-3/data/ratis/399c1d5b-a228-4c1f-b303-68c8c04adae1/current/log_inprogress_0
2019-09-20 00:03:18,450 [52531afa-0fca-4996-9da9-05b24e9e07b9@group-68C8C04ADAE1-SegmentedRaftLogWorker] INFO  segmented.SegmentedRaftLogWorker (SegmentedRaftLogWorker.java:execute(569)) - 52531afa-0fca-4996-9da9-05b24e9e07b9@group-68C8C04ADAE1-SegmentedRaftLogWorker: created new log segment /workdir/hadoop-ozone/integration-test/target/test-dir/MiniOzoneClusterImpl-ada7dc46-4703-4a2d-bedb-21dcd6e1b415/datanode-4/data/ratis/399c1d5b-a228-4c1f-b303-68c8c04adae1/current/log_inprogress_0
2019-09-20 00:03:18,451 [902aa274-92eb-4eed-ad45-ae2369f33121@group-A041F4D2AC58-SegmentedRaftLogWorker] INFO  segmented.SegmentedRaftLogWorker (SegmentedRaftLogWorker.java:execute(569)) - 902aa274-92eb-4eed-ad45-ae2369f33121@group-A041F4D2AC58-SegmentedRaftLogWorker: created new log segment /workdir/hadoop-ozone/integration-test/target/test-dir/MiniOzoneClusterImpl-ada7dc46-4703-4a2d-bedb-21dcd6e1b415/datanode-6/data/ratis/bff7eaf3-0e62-4590-9e5d-a041f4d2ac58/current/log_inprogress_0
2019-09-20 00:03:18,726 [grpc-default-executor-1] INFO  client.GrpcClientProtocolClient (GrpcClientProtocolClient.java:onNext(264)) - client-CD71A2AEDC97->8f58c883-e4ba-4cdd-8662-08249772462e: receive RaftClientReply:client-CD71A2AEDC97->8f58c883-e4ba-4cdd-8662-08249772462e@group-0BC4DF7BF4D9, cid=68, SUCCESS, logIndex=1, commits[8f58c883-e4ba-4cdd-8662-08249772462e:c2, c63e7fee-7ebf-4ab3-a82c-403b5cf942fc:c1, fd99f976-ef3a-47b0-8e0c-a462a244f82b:c1]
2019-09-20 00:03:19,624 [Datanode State Machine Thread - 0] INFO  statemachine.DatanodeStateMachine (DatanodeStateMachine.java:lambda$startDaemon$0(350)) - Ozone container server started.
2019-09-20 00:03:23,728 [main] INFO  ozoneimpl.OzoneContainer (OzoneContainer.java:stop(231)) - Attempting to stop container services.
2019-09-20 00:03:23,729 [main] INFO  impl.RaftServerProxy (RaftServerProxy.java:lambda$close$4(314)) - fd99f976-ef3a-47b0-8e0c-a462a244f82b: close
2019-09-20 00:03:23,730 [main] INFO  impl.RaftServerImpl (RaftServerImpl.java:lambda$shutdown$3(251)) - fd99f976-ef3a-47b0-8e0c-a462a244f82b@group-CE6FB46A14F2: shutdown
2019-09-20 00:03:23,730 [ForkJoinPool.commonPool-worker-1] INFO  impl.RaftServerImpl (RaftServerImpl.java:lambda$shutdown$3(251)) - fd99f976-ef3a-47b0-8e0c-a462a244f82b@group-0BC4DF7BF4D9: shutdown
2019-09-20 00:03:23,730 [main] INFO  util.JmxRegister (JmxRegister.java:unregister(73)) - Successfully un-registered JMX Bean with object name Ratis:service=RaftServer,group=group-CE6FB46A14F2,id=fd99f976-ef3a-47b0-8e0c-a462a244f82b
2019-09-20 00:03:23,731 [ForkJoinPool.commonPool-worker-1] INFO  util.JmxRegister (JmxRegister.java:unregister(73)) - Successfully un-registered JMX Bean with object name Ratis:service=RaftServer,group=group-0BC4DF7BF4D9,id=fd99f976-ef3a-47b0-8e0c-a462a244f82b
2019-09-20 00:03:23,731 [main] INFO  impl.RoleInfo (RoleInfo.java:shutdownLeaderState(104)) - fd99f976-ef3a-47b0-8e0c-a462a244f82b: shutdown LeaderState
2019-09-20 00:03:23,731 [ForkJoinPool.commonPool-worker-1] INFO  impl.RoleInfo (RoleInfo.java:shutdownFollowerState(121)) - fd99f976-ef3a-47b0-8e0c-a462a244f82b: shutdown FollowerState
2019-09-20 00:03:23,731 [main] INFO  impl.PendingRequests (PendingRequests.java:sendNotLeaderResponses(202)) - fd99f976-ef3a-47b0-8e0c-a462a244f82b-PendingRequests: sendNotLeaderResponses
2019-09-20 00:03:23,731 [ForkJoinPool.commonPool-worker-1] INFO  impl.StateMachineUpdater (StateMachineUpdater.java:stopAndJoin(125)) - fd99f976-ef3a-47b0-8e0c-a462a244f82b@group-0BC4DF7BF4D9-StateMachineUpdater: set stopIndex = 2
2019-09-20 00:03:23,732 [fd99f976-ef3a-47b0-8e0c-a462a244f82b@group-0BC4DF7BF4D9-StateMachineUpdater] INFO  ratis.ContainerStateMachine (ContainerStateMachine.java:takeSnapshot(289)) - group-0BC4DF7BF4D9: Taking a snapshot at:(t:1, i:1) file /workdir/hadoop-ozone/integration-test/target/test-dir/MiniOzoneClusterImpl-ada7dc46-4703-4a2d-bedb-21dcd6e1b415/datanode-1/data/ratis/9c807bb6-9f2a-4203-be25-0bc4df7bf4d9/sm/snapshot.1_1
2019-09-20 00:03:23,732 [Thread-1545] INFO  impl.FollowerState (FollowerState.java:run(115)) - fd99f976-ef3a-47b0-8e0c-a462a244f82b: FollowerState was interrupted: java.lang.InterruptedException: sleep interrupted
2019-09-20 00:03:23,732 [main] INFO  impl.StateMachineUpdater (StateMachineUpdater.java:stopAndJoin(125)) - fd99f976-ef3a-47b0-8e0c-a462a244f82b@group-CE6FB46A14F2-StateMachineUpdater: set stopIndex = 0
2019-09-20 00:03:23,732 [main] INFO  impl.RaftServerImpl (ServerState.java:close(385)) - fd99f976-ef3a-47b0-8e0c-a462a244f82b@group-CE6FB46A14F2: closes. applyIndex: 0
2019-09-20 00:03:23,733 [fd99f976-ef3a-47b0-8e0c-a462a244f82b@group-CE6FB46A14F2-SegmentedRaftLogWorker] INFO  segmented.SegmentedRaftLogWorker (SegmentedRaftLogWorker.java:run(313)) - fd99f976-ef3a-47b0-8e0c-a462a244f82b@group-CE6FB46A14F2-SegmentedRaftLogWorker was interrupted, exiting. There are 0 tasks remaining in the queue.
2019-09-20 00:03:23,738 [main] INFO  segmented.SegmentedRaftLogWorker (SegmentedRaftLogWorker.java:close(228)) - fd99f976-ef3a-47b0-8e0c-a462a244f82b@group-CE6FB46A14F2-SegmentedRaftLogWorker close()
2019-09-20 00:03:23,751 [fd99f976-ef3a-47b0-8e0c-a462a244f82b@group-0BC4DF7BF4D9-StateMachineUpdater] INFO  ratis.ContainerStateMachine (ContainerStateMachine.java:takeSnapshot(300)) - group-0BC4DF7BF4D9: Finished taking a snapshot at:(t:1, i:1) file:/workdir/hadoop-ozone/integration-test/target/test-dir/MiniOzoneClusterImpl-ada7dc46-4703-4a2d-bedb-21dcd6e1b415/datanode-1/data/ratis/9c807bb6-9f2a-4203-be25-0bc4df7bf4d9/sm/snapshot.1_1 time:19
2019-09-20 00:03:23,751 [fd99f976-ef3a-47b0-8e0c-a462a244f82b@group-0BC4DF7BF4D9-StateMachineUpdater] INFO  impl.StateMachineUpdater (StateMachineUpdater.java:takeSnapshot(258)) - fd99f976-ef3a-47b0-8e0c-a462a244f82b@group-0BC4DF7BF4D9-StateMachineUpdater: Took a snapshot at index 1
2019-09-20 00:03:23,751 [fd99f976-ef3a-47b0-8e0c-a462a244f82b@group-0BC4DF7BF4D9-StateMachineUpdater] INFO  impl.StateMachineUpdater (StateMachineUpdater.java:lambda$new$0(83)) - fd99f976-ef3a-47b0-8e0c-a462a244f82b@group-0BC4DF7BF4D9-StateMachineUpdater: snapshotIndex: updateIncreasingly -1 -> 1
2019-09-20 00:03:23,752 [fd99f976-ef3a-47b0-8e0c-a462a244f82b@group-0BC4DF7BF4D9-StateMachineUpdater] INFO  ratis.ContainerStateMachine (ContainerStateMachine.java:takeSnapshot(289)) - group-0BC4DF7BF4D9: Taking a snapshot at:(t:1, i:1) file /workdir/hadoop-ozone/integration-test/target/test-dir/MiniOzoneClusterImpl-ada7dc46-4703-4a2d-bedb-21dcd6e1b415/datanode-1/data/ratis/9c807bb6-9f2a-4203-be25-0bc4df7bf4d9/sm/snapshot.1_1
2019-09-20 00:03:23,778 [fd99f976-ef3a-47b0-8e0c-a462a244f82b@group-0BC4DF7BF4D9-StateMachineUpdater] INFO  ratis.ContainerStateMachine (ContainerStateMachine.java:takeSnapshot(300)) - group-0BC4DF7BF4D9: Finished taking a snapshot at:(t:1, i:1) file:/workdir/hadoop-ozone/integration-test/target/test-dir/MiniOzoneClusterImpl-ada7dc46-4703-4a2d-bedb-21dcd6e1b415/datanode-1/data/ratis/9c807bb6-9f2a-4203-be25-0bc4df7bf4d9/sm/snapshot.1_1 time:26
2019-09-20 00:03:23,779 [fd99f976-ef3a-47b0-8e0c-a462a244f82b@group-0BC4DF7BF4D9-StateMachineUpdater] INFO  impl.StateMachineUpdater (StateMachineUpdater.java:takeSnapshot(258)) - fd99f976-ef3a-47b0-8e0c-a462a244f82b@group-0BC4DF7BF4D9-StateMachineUpdater: Took a snapshot at index 1
2019-09-20 00:03:23,779 [fd99f976-ef3a-47b0-8e0c-a462a244f82b@group-0BC4DF7BF4D9-StateMachineUpdater] INFO  impl.StateMachineUpdater (StateMachineUpdater.java:lambda$new$0(83)) - fd99f976-ef3a-47b0-8e0c-a462a244f82b@group-0BC4DF7BF4D9-StateMachineUpdater: snapshotIndex: updateIncreasingly 1 -> 1
2019-09-20 00:03:23,779 [ForkJoinPool.commonPool-worker-1] INFO  impl.RaftServerImpl (ServerState.java:close(385)) - fd99f976-ef3a-47b0-8e0c-a462a244f82b@group-0BC4DF7BF4D9: closes. applyIndex: 2
2019-09-20 00:03:23,780 [fd99f976-ef3a-47b0-8e0c-a462a244f82b@group-0BC4DF7BF4D9-SegmentedRaftLogWorker] INFO  segmented.SegmentedRaftLogWorker (SegmentedRaftLogWorker.java:run(313)) - fd99f976-ef3a-47b0-8e0c-a462a244f82b@group-0BC4DF7BF4D9-SegmentedRaftLogWorker was interrupted, exiting. There are 0 tasks remaining in the queue.
2019-09-20 00:03:23,782 [ForkJoinPool.commonPool-worker-1] INFO  segmented.SegmentedRaftLogWorker (SegmentedRaftLogWorker.java:close(228)) - fd99f976-ef3a-47b0-8e0c-a462a244f82b@group-0BC4DF7BF4D9-SegmentedRaftLogWorker close()
2019-09-20 00:03:23,785 [main] INFO  server.GrpcService (GrpcService.java:closeImpl(164)) - fd99f976-ef3a-47b0-8e0c-a462a244f82b: shutdown server with port 45540 now
2019-09-20 00:03:23,788 [grpc-default-executor-6] WARN  server.GrpcServerProtocolService (LogUtils.java:warn(134)) - fd99f976-ef3a-47b0-8e0c-a462a244f82b: installSnapshot onError, lastRequest: 8f58c883-e4ba-4cdd-8662-08249772462e->fd99f976-ef3a-47b0-8e0c-a462a244f82b#5-t1, previous=(t:1, i:2), leaderCommit=2, initializing? false, entries: <empty>: org.apache.ratis.thirdparty.io.grpc.StatusRuntimeException: CANCELLED: cancelled before receiving half close
2019-09-20 00:03:23,788 [grpc-default-executor-3] WARN  server.GrpcLogAppender (LogUtils.java:warn(134)) - 8f58c883-e4ba-4cdd-8662-08249772462e@group-0BC4DF7BF4D9->fd99f976-ef3a-47b0-8e0c-a462a244f82b-AppendLogResponseHandler: Failed appendEntries: org.apache.ratis.thirdparty.io.grpc.StatusRuntimeException: CANCELLED: HTTP/2 error code: CANCEL
Received Rst Stream
2019-09-20 00:03:23,788 [main] INFO  server.GrpcService (GrpcService.java:closeImpl(172)) - fd99f976-ef3a-47b0-8e0c-a462a244f82b: shutdown server with port 45540 successfully
2019-09-20 00:03:23,789 [grpc-default-executor-3] INFO  impl.FollowerInfo (FollowerInfo.java:lambda$new$0(51)) - 8f58c883-e4ba-4cdd-8662-08249772462e@group-0BC4DF7BF4D9->fd99f976-ef3a-47b0-8e0c-a462a244f82b: nextIndex: updateUnconditionally 3 -> 2
2019-09-20 00:03:23,790 [refreshUsed-/workdir/hadoop-ozone/integration-test/target/test-dir/MiniOzoneClusterImpl-ada7dc46-4703-4a2d-bedb-21dcd6e1b415/datanode-1/data/containers] WARN  fs.CachingGetSpaceUsed (CachingGetSpaceUsed.java:run(183)) - Thread Interrupted waiting to refresh disk information: sleep interrupted
2019-09-20 00:03:23,804 [main] INFO  utils.BackgroundService (BackgroundService.java:shutdown(148)) - Shutting down service BlockDeletingService
2019-09-20 00:03:23,808 [main] INFO  statemachine.DatanodeStateMachine (DatanodeStateMachine.java:stopDaemon(395)) - Ozone container server stopped.
2019-09-20 00:03:23,810 [main] INFO  handler.ContextHandler (ContextHandler.java:doStop(910)) - Stopped o.e.j.w.WebAppContext@9687f55{/,null,UNAVAILABLE}{/hddsDatanode}
2019-09-20 00:03:23,810 [main] INFO  server.AbstractConnector (AbstractConnector.java:doStop(318)) - Stopped ServerConnector@5700c9db{HTTP/1.1,[http/1.1]}{0.0.0.0:0}
2019-09-20 00:03:23,811 [main] INFO  handler.ContextHandler (ContextHandler.java:doStop(910)) - Stopped o.e.j.s.ServletContextHandler@1903b5d{/static,jar:file:/home/user/.m2/repository/org/apache/hadoop/hadoop-hdds-container-service/0.5.0-SNAPSHOT/hadoop-hdds-container-service-0.5.0-SNAPSHOT.jar!/webapps/static,UNAVAILABLE}
2019-09-20 00:03:23,811 [main] INFO  handler.ContextHandler (ContextHandler.java:doStop(910)) - Stopped o.e.j.s.ServletContextHandler@3db432c2{/logs,file:///workdir/hadoop-ozone/integration-test/target/log,UNAVAILABLE}
2019-09-20 00:03:24,718 [Datanode State Machine Thread - 0] INFO  statemachine.DatanodeStateMachine (DatanodeStateMachine.java:lambda$startDaemon$0(350)) - Ozone container server started.
2019-09-20 00:03:25,887 [grpc-default-executor-1] WARN  server.GrpcLogAppender (LogUtils.java:warn(134)) - 8f58c883-e4ba-4cdd-8662-08249772462e@group-0BC4DF7BF4D9->fd99f976-ef3a-47b0-8e0c-a462a244f82b-AppendLogResponseHandler: Failed appendEntries: org.apache.ratis.thirdparty.io.grpc.StatusRuntimeException: UNAVAILABLE: io exception
2019-09-20 00:03:25,888 [grpc-default-executor-1] INFO  impl.FollowerInfo (FollowerInfo.java:lambda$new$0(51)) - 8f58c883-e4ba-4cdd-8662-08249772462e@group-0BC4DF7BF4D9->fd99f976-ef3a-47b0-8e0c-a462a244f82b: nextIndex: updateUnconditionally 2 -> 1
2019-09-20 00:03:28,394 [grpc-default-executor-1] WARN  server.GrpcLogAppender (LogUtils.java:warn(134)) - 8f58c883-e4ba-4cdd-8662-08249772462e@group-0BC4DF7BF4D9->fd99f976-ef3a-47b0-8e0c-a462a244f82b-AppendLogResponseHandler: Failed appendEntries: org.apache.ratis.thirdparty.io.grpc.StatusRuntimeException: UNAVAILABLE: io exception
2019-09-20 00:03:28,396 [grpc-default-executor-1] INFO  impl.FollowerInfo (FollowerInfo.java:lambda$new$0(51)) - 8f58c883-e4ba-4cdd-8662-08249772462e@group-0BC4DF7BF4D9->fd99f976-ef3a-47b0-8e0c-a462a244f82b: nextIndex: updateUnconditionally 1 -> 0
2019-09-20 00:03:28,813 [main] INFO  ozoneimpl.OzoneContainer (OzoneContainer.java:stop(231)) - Attempting to stop container services.
2019-09-20 00:03:28,815 [main] INFO  impl.RaftServerProxy (RaftServerProxy.java:lambda$close$4(314)) - 8f58c883-e4ba-4cdd-8662-08249772462e: close
2019-09-20 00:03:29,626 [main] INFO  impl.RaftServerImpl (RaftServerImpl.java:lambda$shutdown$3(251)) - 8f58c883-e4ba-4cdd-8662-08249772462e@group-60E1777E972D: shutdown
2019-09-20 00:03:29,626 [ForkJoinPool.commonPool-worker-0] INFO  impl.RaftServerImpl (RaftServerImpl.java:lambda$shutdown$3(251)) - 8f58c883-e4ba-4cdd-8662-08249772462e@group-0BC4DF7BF4D9: shutdown
2019-09-20 00:03:29,627 [ForkJoinPool.commonPool-worker-0] INFO  util.JmxRegister (JmxRegister.java:unregister(73)) - Successfully un-registered JMX Bean with object name Ratis:service=RaftServer,group=group-0BC4DF7BF4D9,id=8f58c883-e4ba-4cdd-8662-08249772462e
2019-09-20 00:03:29,627 [ForkJoinPool.commonPool-worker-0] INFO  impl.RoleInfo (RoleInfo.java:shutdownLeaderState(104)) - 8f58c883-e4ba-4cdd-8662-08249772462e: shutdown LeaderState
2019-09-20 00:03:29,627 [main] INFO  util.JmxRegister (JmxRegister.java:unregister(73)) - Successfully un-registered JMX Bean with object name Ratis:service=RaftServer,group=group-60E1777E972D,id=8f58c883-e4ba-4cdd-8662-08249772462e
2019-09-20 00:03:29,636 [org.apache.ratis.server.impl.LogAppender$AppenderDaemon$$Lambda$505/537842209@4f5b74e6] WARN  server.GrpcLogAppender (GrpcLogAppender.java:mayWait(143)) - 8f58c883-e4ba-4cdd-8662-08249772462e@group-0BC4DF7BF4D9->c63e7fee-7ebf-4ab3-a82c-403b5cf942fc-GrpcLogAppender: Wait interrupted by java.lang.InterruptedException
2019-09-20 00:03:29,638 [main] INFO  impl.RoleInfo (RoleInfo.java:shutdownLeaderState(104)) - 8f58c883-e4ba-4cdd-8662-08249772462e: shutdown LeaderState
2019-09-20 00:03:29,639 [main] INFO  impl.PendingRequests (PendingRequests.java:sendNotLeaderResponses(202)) - 8f58c883-e4ba-4cdd-8662-08249772462e-PendingRequests: sendNotLeaderResponses
2019-09-20 00:03:29,642 [ForkJoinPool.commonPool-worker-0] INFO  impl.PendingRequests (PendingRequests.java:sendNotLeaderResponses(202)) - 8f58c883-e4ba-4cdd-8662-08249772462e-PendingRequests: sendNotLeaderResponses
2019-09-20 00:03:29,642 [main] INFO  impl.StateMachineUpdater (StateMachineUpdater.java:stopAndJoin(125)) - 8f58c883-e4ba-4cdd-8662-08249772462e@group-60E1777E972D-StateMachineUpdater: set stopIndex = 0
2019-09-20 00:03:29,642 [org.apache.ratis.server.impl.LogAppender$AppenderDaemon$$Lambda$505/537842209@43f301ec] WARN  server.GrpcLogAppender (GrpcLogAppender.java:mayWait(143)) - 8f58c883-e4ba-4cdd-8662-08249772462e@group-0BC4DF7BF4D9->fd99f976-ef3a-47b0-8e0c-a462a244f82b-GrpcLogAppender: Wait interrupted by java.lang.InterruptedException
2019-09-20 00:03:29,651 [ForkJoinPool.commonPool-worker-0] INFO  impl.StateMachineUpdater (StateMachineUpdater.java:stopAndJoin(125)) - 8f58c883-e4ba-4cdd-8662-08249772462e@group-0BC4DF7BF4D9-StateMachineUpdater: set stopIndex = 2
2019-09-20 00:03:29,651 [grpc-default-executor-3] INFO  server.GrpcServerProtocolService (GrpcServerProtocolService.java:onCompleted(113)) - c63e7fee-7ebf-4ab3-a82c-403b5cf942fc: Completed APPEND_ENTRIES, lastRequest: 8f58c883-e4ba-4cdd-8662-08249772462e->c63e7fee-7ebf-4ab3-a82c-403b5cf942fc#7-t1, previous=(t:1, i:2), leaderCommit=2, initializing? false, entries: <empty>
2019-09-20 00:03:29,651 [main] INFO  impl.RaftServerImpl (ServerState.java:close(385)) - 8f58c883-e4ba-4cdd-8662-08249772462e@group-60E1777E972D: closes. applyIndex: 0
2019-09-20 00:03:29,651 [8f58c883-e4ba-4cdd-8662-08249772462e@group-0BC4DF7BF4D9-StateMachineUpdater] INFO  ratis.ContainerStateMachine (ContainerStateMachine.java:takeSnapshot(289)) - group-0BC4DF7BF4D9: Taking a snapshot at:(t:1, i:2) file /workdir/hadoop-ozone/integration-test/target/test-dir/MiniOzoneClusterImpl-ada7dc46-4703-4a2d-bedb-21dcd6e1b415/datanode-2/data/ratis/9c807bb6-9f2a-4203-be25-0bc4df7bf4d9/sm/snapshot.1_2
2019-09-20 00:03:29,652 [8f58c883-e4ba-4cdd-8662-08249772462e@group-60E1777E972D-SegmentedRaftLogWorker] INFO  segmented.SegmentedRaftLogWorker (SegmentedRaftLogWorker.java:run(313)) - 8f58c883-e4ba-4cdd-8662-08249772462e@group-60E1777E972D-SegmentedRaftLogWorker was interrupted, exiting. There are 0 tasks remaining in the queue.
2019-09-20 00:03:29,655 [grpc-default-executor-3] INFO  server.GrpcLogAppender (GrpcLogAppender.java:onCompleted(293)) - 8f58c883-e4ba-4cdd-8662-08249772462e@group-0BC4DF7BF4D9->c63e7fee-7ebf-4ab3-a82c-403b5cf942fc-AppendLogResponseHandler: follower responses appendEntries COMPLETED
2019-09-20 00:03:29,657 [main] INFO  segmented.SegmentedRaftLogWorker (SegmentedRaftLogWorker.java:close(228)) - 8f58c883-e4ba-4cdd-8662-08249772462e@group-60E1777E972D-SegmentedRaftLogWorker close()
2019-09-20 00:03:29,657 [grpc-default-executor-3] INFO  impl.FollowerInfo (FollowerInfo.java:lambda$new$0(51)) - 8f58c883-e4ba-4cdd-8662-08249772462e@group-0BC4DF7BF4D9->c63e7fee-7ebf-4ab3-a82c-403b5cf942fc: nextIndex: updateUnconditionally 3 -> 2
2019-09-20 00:03:29,679 [8f58c883-e4ba-4cdd-8662-08249772462e@group-0BC4DF7BF4D9-StateMachineUpdater] INFO  ratis.ContainerStateMachine (ContainerStateMachine.java:takeSnapshot(300)) - group-0BC4DF7BF4D9: Finished taking a snapshot at:(t:1, i:2) file:/workdir/hadoop-ozone/integration-test/target/test-dir/MiniOzoneClusterImpl-ada7dc46-4703-4a2d-bedb-21dcd6e1b415/datanode-2/data/ratis/9c807bb6-9f2a-4203-be25-0bc4df7bf4d9/sm/snapshot.1_2 time:28
2019-09-20 00:03:29,679 [8f58c883-e4ba-4cdd-8662-08249772462e@group-0BC4DF7BF4D9-StateMachineUpdater] INFO  impl.StateMachineUpdater (StateMachineUpdater.java:takeSnapshot(258)) - 8f58c883-e4ba-4cdd-8662-08249772462e@group-0BC4DF7BF4D9-StateMachineUpdater: Took a snapshot at index 2
2019-09-20 00:03:29,679 [8f58c883-e4ba-4cdd-8662-08249772462e@group-0BC4DF7BF4D9-StateMachineUpdater] INFO  impl.StateMachineUpdater (StateMachineUpdater.java:lambda$new$0(83)) - 8f58c883-e4ba-4cdd-8662-08249772462e@group-0BC4DF7BF4D9-StateMachineUpdater: snapshotIndex: updateIncreasingly -1 -> 2
2019-09-20 00:03:29,680 [ForkJoinPool.commonPool-worker-0] INFO  impl.RaftServerImpl (ServerState.java:close(385)) - 8f58c883-e4ba-4cdd-8662-08249772462e@group-0BC4DF7BF4D9: closes. applyIndex: 2
2019-09-20 00:03:29,680 [8f58c883-e4ba-4cdd-8662-08249772462e@group-0BC4DF7BF4D9-SegmentedRaftLogWorker] INFO  segmented.SegmentedRaftLogWorker (SegmentedRaftLogWorker.java:run(313)) - 8f58c883-e4ba-4cdd-8662-08249772462e@group-0BC4DF7BF4D9-SegmentedRaftLogWorker was interrupted, exiting. There are 0 tasks remaining in the queue.
2019-09-20 00:03:29,682 [ForkJoinPool.commonPool-worker-0] INFO  segmented.SegmentedRaftLogWorker (SegmentedRaftLogWorker.java:close(228)) - 8f58c883-e4ba-4cdd-8662-08249772462e@group-0BC4DF7BF4D9-SegmentedRaftLogWorker close()
2019-09-20 00:03:29,686 [main] INFO  server.GrpcService (GrpcService.java:closeImpl(164)) - 8f58c883-e4ba-4cdd-8662-08249772462e: shutdown server with port 35458 now
2019-09-20 00:03:29,686 [main] INFO  server.GrpcService (GrpcService.java:closeImpl(172)) - 8f58c883-e4ba-4cdd-8662-08249772462e: shutdown server with port 35458 successfully
2019-09-20 00:03:29,689 [refreshUsed-/workdir/hadoop-ozone/integration-test/target/test-dir/MiniOzoneClusterImpl-ada7dc46-4703-4a2d-bedb-21dcd6e1b415/datanode-2/data/containers] WARN  fs.CachingGetSpaceUsed (CachingGetSpaceUsed.java:run(183)) - Thread Interrupted waiting to refresh disk information: sleep interrupted
2019-09-20 00:03:29,706 [main] INFO  utils.BackgroundService (BackgroundService.java:shutdown(148)) - Shutting down service BlockDeletingService
2019-09-20 00:03:29,710 [main] INFO  statemachine.DatanodeStateMachine (DatanodeStateMachine.java:stopDaemon(395)) - Ozone container server stopped.
2019-09-20 00:03:36,188 [main] INFO  handler.ContextHandler (ContextHandler.java:doStop(910)) - Stopped o.e.j.w.WebAppContext@2e5e6fc4{/,null,UNAVAILABLE}{/hddsDatanode}
2019-09-20 00:03:36,191 [main] INFO  server.AbstractConnector (AbstractConnector.java:doStop(318)) - Stopped ServerConnector@2785db06{HTTP/1.1,[http/1.1]}{0.0.0.0:0}
2019-09-20 00:03:36,192 [main] INFO  handler.ContextHandler (ContextHandler.java:doStop(910)) - Stopped o.e.j.s.ServletContextHandler@5c53f292{/static,jar:file:/home/user/.m2/repository/org/apache/hadoop/hadoop-hdds-container-service/0.5.0-SNAPSHOT/hadoop-hdds-container-service-0.5.0-SNAPSHOT.jar!/webapps/static,UNAVAILABLE}
2019-09-20 00:03:36,193 [main] INFO  handler.ContextHandler (ContextHandler.java:doStop(910)) - Stopped o.e.j.s.ServletContextHandler@6fa2448b{/logs,file:///workdir/hadoop-ozone/integration-test/target/log,UNAVAILABLE}
2019-09-20 00:03:37,805 [Thread-1544] INFO  impl.FollowerState (FollowerState.java:run(106)) - c63e7fee-7ebf-4ab3-a82c-403b5cf942fc:group-0BC4DF7BF4D9 changes to CANDIDATE, lastRpcTime:9413, electionTimeout:5125ms
2019-09-20 00:03:37,806 [Thread-1544] INFO  impl.RoleInfo (RoleInfo.java:shutdownFollowerState(121)) - c63e7fee-7ebf-4ab3-a82c-403b5cf942fc: shutdown FollowerState
2019-09-20 00:03:37,807 [Thread-1544] INFO  impl.RaftServerImpl (RaftServerImpl.java:setRole(174)) - c63e7fee-7ebf-4ab3-a82c-403b5cf942fc@group-0BC4DF7BF4D9: changes role from  FOLLOWER to CANDIDATE at term 1 for changeToCandidate
2019-09-20 00:03:37,807 [Thread-1544] INFO  impl.RoleInfo (RoleInfo.java:updateAndGet(143)) - c63e7fee-7ebf-4ab3-a82c-403b5cf942fc: start LeaderElection
2019-09-20 00:03:37,807 [c63e7fee-7ebf-4ab3-a82c-403b5cf942fc@group-0BC4DF7BF4D9:LeaderElection62] INFO  impl.RaftServerImpl (ServerState.java:setLeader(253)) - c63e7fee-7ebf-4ab3-a82c-403b5cf942fc@group-0BC4DF7BF4D9: change Leader from 8f58c883-e4ba-4cdd-8662-08249772462e to null at term 1 for initElection
2019-09-20 00:03:37,831 [c63e7fee-7ebf-4ab3-a82c-403b5cf942fc@group-0BC4DF7BF4D9:LeaderElection62] INFO  impl.LeaderElection (LeaderElection.java:askForVotes(182)) - c63e7fee-7ebf-4ab3-a82c-403b5cf942fc@group-0BC4DF7BF4D9:LeaderElection62: begin an election at term 2 for 0: [8f58c883-e4ba-4cdd-8662-08249772462e:192.168.5.182:35458, c63e7fee-7ebf-4ab3-a82c-403b5cf942fc:192.168.5.182:40019, fd99f976-ef3a-47b0-8e0c-a462a244f82b:192.168.5.182:45540], old=null
2019-09-20 00:03:37,834 [c63e7fee-7ebf-4ab3-a82c-403b5cf942fc@group-0BC4DF7BF4D9:LeaderElection62] INFO  impl.LeaderElection (LogUtils.java:infoOrTrace(149)) - c63e7fee-7ebf-4ab3-a82c-403b5cf942fc@group-0BC4DF7BF4D9:LeaderElection62 got exception when requesting votes: {}
java.util.concurrent.ExecutionException: org.apache.ratis.thirdparty.io.grpc.StatusRuntimeException: UNAVAILABLE: io exception
	at java.util.concurrent.FutureTask.report(FutureTask.java:122)
	at java.util.concurrent.FutureTask.get(FutureTask.java:192)
	at org.apache.ratis.server.impl.LeaderElection.waitForResults(LeaderElection.java:263)
	at org.apache.ratis.server.impl.LeaderElection.askForVotes(LeaderElection.java:201)
	at org.apache.ratis.server.impl.LeaderElection.run(LeaderElection.java:133)
	at java.lang.Thread.run(Thread.java:748)
Caused by: org.apache.ratis.thirdparty.io.grpc.StatusRuntimeException: UNAVAILABLE: io exception
	at org.apache.ratis.thirdparty.io.grpc.stub.ClientCalls.toStatusRuntimeException(ClientCalls.java:233)
	at org.apache.ratis.thirdparty.io.grpc.stub.ClientCalls.getUnchecked(ClientCalls.java:214)
	at org.apache.ratis.thirdparty.io.grpc.stub.ClientCalls.blockingUnaryCall(ClientCalls.java:139)
	at org.apache.ratis.proto.grpc.RaftServerProtocolServiceGrpc$RaftServerProtocolServiceBlockingStub.requestVote(RaftServerProtocolServiceGrpc.java:265)
	at org.apache.ratis.grpc.server.GrpcServerProtocolClient.requestVote(GrpcServerProtocolClient.java:90)
	at org.apache.ratis.grpc.server.GrpcService.requestVote(GrpcService.java:204)
	at org.apache.ratis.server.impl.LeaderElection.lambda$submitRequests$1(LeaderElection.java:238)
	at java.util.concurrent.FutureTask.run(FutureTask.java:266)
	at java.util.concurrent.Executors$RunnableAdapter.call(Executors.java:511)
	at java.util.concurrent.FutureTask.run(FutureTask.java:266)
	at java.util.concurrent.ThreadPoolExecutor.runWorker(ThreadPoolExecutor.java:1149)
	at java.util.concurrent.ThreadPoolExecutor$Worker.run(ThreadPoolExecutor.java:624)
	... 1 more
Caused by: org.apache.ratis.thirdparty.io.netty.channel.AbstractChannel$AnnotatedConnectException: Connection refused: /192.168.5.182:35458
	at sun.nio.ch.SocketChannelImpl.checkConnect(Native Method)
	at sun.nio.ch.SocketChannelImpl.finishConnect(SocketChannelImpl.java:717)
	at org.apache.ratis.thirdparty.io.netty.channel.socket.nio.NioSocketChannel.doFinishConnect(NioSocketChannel.java:327)
	at org.apache.ratis.thirdparty.io.netty.channel.nio.AbstractNioChannel$AbstractNioUnsafe.finishConnect(AbstractNioChannel.java:340)
	at org.apache.ratis.thirdparty.io.netty.channel.nio.NioEventLoop.processSelectedKey(NioEventLoop.java:632)
	at org.apache.ratis.thirdparty.io.netty.channel.nio.NioEventLoop.processSelectedKeysOptimized(NioEventLoop.java:579)
	at org.apache.ratis.thirdparty.io.netty.channel.nio.NioEventLoop.processSelectedKeys(NioEventLoop.java:496)
	at org.apache.ratis.thirdparty.io.netty.channel.nio.NioEventLoop.run(NioEventLoop.java:458)
	at org.apache.ratis.thirdparty.io.netty.util.concurrent.SingleThreadEventExecutor$5.run(SingleThreadEventExecutor.java:897)
	at org.apache.ratis.thirdparty.io.netty.util.concurrent.FastThreadLocalRunnable.run(FastThreadLocalRunnable.java:30)
	... 1 more
Caused by: java.net.ConnectException: Connection refused
	... 11 more
2019-09-20 00:03:37,837 [c63e7fee-7ebf-4ab3-a82c-403b5cf942fc@group-0BC4DF7BF4D9:LeaderElection62] INFO  impl.LeaderElection (LogUtils.java:infoOrTrace(149)) - c63e7fee-7ebf-4ab3-a82c-403b5cf942fc@group-0BC4DF7BF4D9:LeaderElection62 got exception when requesting votes: {}
java.util.concurrent.ExecutionException: org.apache.ratis.thirdparty.io.grpc.StatusRuntimeException: UNAVAILABLE: io exception
	at java.util.concurrent.FutureTask.report(FutureTask.java:122)
	at java.util.concurrent.FutureTask.get(FutureTask.java:192)
	at org.apache.ratis.server.impl.LeaderElection.waitForResults(LeaderElection.java:263)
	at org.apache.ratis.server.impl.LeaderElection.askForVotes(LeaderElection.java:201)
	at org.apache.ratis.server.impl.LeaderElection.run(LeaderElection.java:133)
	at java.lang.Thread.run(Thread.java:748)
Caused by: org.apache.ratis.thirdparty.io.grpc.StatusRuntimeException: UNAVAILABLE: io exception
	at org.apache.ratis.thirdparty.io.grpc.stub.ClientCalls.toStatusRuntimeException(ClientCalls.java:233)
	at org.apache.ratis.thirdparty.io.grpc.stub.ClientCalls.getUnchecked(ClientCalls.java:214)
	at org.apache.ratis.thirdparty.io.grpc.stub.ClientCalls.blockingUnaryCall(ClientCalls.java:139)
	at org.apache.ratis.proto.grpc.RaftServerProtocolServiceGrpc$RaftServerProtocolServiceBlockingStub.requestVote(RaftServerProtocolServiceGrpc.java:265)
	at org.apache.ratis.grpc.server.GrpcServerProtocolClient.requestVote(GrpcServerProtocolClient.java:90)
	at org.apache.ratis.grpc.server.GrpcService.requestVote(GrpcService.java:204)
	at org.apache.ratis.server.impl.LeaderElection.lambda$submitRequests$1(LeaderElection.java:238)
	at java.util.concurrent.FutureTask.run(FutureTask.java:266)
	at java.util.concurrent.Executors$RunnableAdapter.call(Executors.java:511)
	at java.util.concurrent.FutureTask.run(FutureTask.java:266)
	at java.util.concurrent.ThreadPoolExecutor.runWorker(ThreadPoolExecutor.java:1149)
	at java.util.concurrent.ThreadPoolExecutor$Worker.run(ThreadPoolExecutor.java:624)
	... 1 more
Caused by: org.apache.ratis.thirdparty.io.netty.channel.AbstractChannel$AnnotatedConnectException: Connection refused: /192.168.5.182:45540
	at sun.nio.ch.SocketChannelImpl.checkConnect(Native Method)
	at sun.nio.ch.SocketChannelImpl.finishConnect(SocketChannelImpl.java:717)
	at org.apache.ratis.thirdparty.io.netty.channel.socket.nio.NioSocketChannel.doFinishConnect(NioSocketChannel.java:327)
	at org.apache.ratis.thirdparty.io.netty.channel.nio.AbstractNioChannel$AbstractNioUnsafe.finishConnect(AbstractNioChannel.java:340)
	at org.apache.ratis.thirdparty.io.netty.channel.nio.NioEventLoop.processSelectedKey(NioEventLoop.java:632)
	at org.apache.ratis.thirdparty.io.netty.channel.nio.NioEventLoop.processSelectedKeysOptimized(NioEventLoop.java:579)
	at org.apache.ratis.thirdparty.io.netty.channel.nio.NioEventLoop.processSelectedKeys(NioEventLoop.java:496)
	at org.apache.ratis.thirdparty.io.netty.channel.nio.NioEventLoop.run(NioEventLoop.java:458)
	at org.apache.ratis.thirdparty.io.netty.util.concurrent.SingleThreadEventExecutor$5.run(SingleThreadEventExecutor.java:897)
	at org.apache.ratis.thirdparty.io.netty.util.concurrent.FastThreadLocalRunnable.run(FastThreadLocalRunnable.java:30)
	... 1 more
Caused by: java.net.ConnectException: Connection refused
	... 11 more
2019-09-20 00:03:37,840 [c63e7fee-7ebf-4ab3-a82c-403b5cf942fc@group-0BC4DF7BF4D9:LeaderElection62] INFO  impl.LeaderElection (LeaderElection.java:logAndReturn(56)) - c63e7fee-7ebf-4ab3-a82c-403b5cf942fc@group-0BC4DF7BF4D9:LeaderElection62: Election REJECTED; received 0 response(s) [] and 2 exception(s); c63e7fee-7ebf-4ab3-a82c-403b5cf942fc@group-0BC4DF7BF4D9:t2, leader=null, voted=c63e7fee-7ebf-4ab3-a82c-403b5cf942fc, raftlog=c63e7fee-7ebf-4ab3-a82c-403b5cf942fc@group-0BC4DF7BF4D9-SegmentedRaftLog:OPENED:c2,f2,i2, conf=0: [8f58c883-e4ba-4cdd-8662-08249772462e:192.168.5.182:35458, c63e7fee-7ebf-4ab3-a82c-403b5cf942fc:192.168.5.182:40019, fd99f976-ef3a-47b0-8e0c-a462a244f82b:192.168.5.182:45540], old=null
2019-09-20 00:03:37,840 [c63e7fee-7ebf-4ab3-a82c-403b5cf942fc@group-0BC4DF7BF4D9:LeaderElection62] INFO  impl.LeaderElection (LogUtils.java:infoOrTrace(149)) -   Exception 0: {}
java.util.concurrent.ExecutionException: org.apache.ratis.thirdparty.io.grpc.StatusRuntimeException: UNAVAILABLE: io exception
	at java.util.concurrent.FutureTask.report(FutureTask.java:122)
	at java.util.concurrent.FutureTask.get(FutureTask.java:192)
	at org.apache.ratis.server.impl.LeaderElection.waitForResults(LeaderElection.java:263)
	at org.apache.ratis.server.impl.LeaderElection.askForVotes(LeaderElection.java:201)
	at org.apache.ratis.server.impl.LeaderElection.run(LeaderElection.java:133)
	at java.lang.Thread.run(Thread.java:748)
Caused by: org.apache.ratis.thirdparty.io.grpc.StatusRuntimeException: UNAVAILABLE: io exception
	at org.apache.ratis.thirdparty.io.grpc.stub.ClientCalls.toStatusRuntimeException(ClientCalls.java:233)
	at org.apache.ratis.thirdparty.io.grpc.stub.ClientCalls.getUnchecked(ClientCalls.java:214)
	at org.apache.ratis.thirdparty.io.grpc.stub.ClientCalls.blockingUnaryCall(ClientCalls.java:139)
	at org.apache.ratis.proto.grpc.RaftServerProtocolServiceGrpc$RaftServerProtocolServiceBlockingStub.requestVote(RaftServerProtocolServiceGrpc.java:265)
	at org.apache.ratis.grpc.server.GrpcServerProtocolClient.requestVote(GrpcServerProtocolClient.java:90)
	at org.apache.ratis.grpc.server.GrpcService.requestVote(GrpcService.java:204)
	at org.apache.ratis.server.impl.LeaderElection.lambda$submitRequests$1(LeaderElection.java:238)
	at java.util.concurrent.FutureTask.run(FutureTask.java:266)
	at java.util.concurrent.Executors$RunnableAdapter.call(Executors.java:511)
	at java.util.concurrent.FutureTask.run(FutureTask.java:266)
	at java.util.concurrent.ThreadPoolExecutor.runWorker(ThreadPoolExecutor.java:1149)
	at java.util.concurrent.ThreadPoolExecutor$Worker.run(ThreadPoolExecutor.java:624)
	... 1 more
Caused by: org.apache.ratis.thirdparty.io.netty.channel.AbstractChannel$AnnotatedConnectException: Connection refused: /192.168.5.182:35458
	at sun.nio.ch.SocketChannelImpl.checkConnect(Native Method)
	at sun.nio.ch.SocketChannelImpl.finishConnect(SocketChannelImpl.java:717)
	at org.apache.ratis.thirdparty.io.netty.channel.socket.nio.NioSocketChannel.doFinishConnect(NioSocketChannel.java:327)
	at org.apache.ratis.thirdparty.io.netty.channel.nio.AbstractNioChannel$AbstractNioUnsafe.finishConnect(AbstractNioChannel.java:340)
	at org.apache.ratis.thirdparty.io.netty.channel.nio.NioEventLoop.processSelectedKey(NioEventLoop.java:632)
	at org.apache.ratis.thirdparty.io.netty.channel.nio.NioEventLoop.processSelectedKeysOptimized(NioEventLoop.java:579)
	at org.apache.ratis.thirdparty.io.netty.channel.nio.NioEventLoop.processSelectedKeys(NioEventLoop.java:496)
	at org.apache.ratis.thirdparty.io.netty.channel.nio.NioEventLoop.run(NioEventLoop.java:458)
	at org.apache.ratis.thirdparty.io.netty.util.concurrent.SingleThreadEventExecutor$5.run(SingleThreadEventExecutor.java:897)
	at org.apache.ratis.thirdparty.io.netty.util.concurrent.FastThreadLocalRunnable.run(FastThreadLocalRunnable.java:30)
	... 1 more
Caused by: java.net.ConnectException: Connection refused
	... 11 more
2019-09-20 00:03:37,840 [c63e7fee-7ebf-4ab3-a82c-403b5cf942fc@group-0BC4DF7BF4D9:LeaderElection62] INFO  impl.LeaderElection (LogUtils.java:infoOrTrace(149)) -   Exception 1: {}
java.util.concurrent.ExecutionException: org.apache.ratis.thirdparty.io.grpc.StatusRuntimeException: UNAVAILABLE: io exception
	at java.util.concurrent.FutureTask.report(FutureTask.java:122)
	at java.util.concurrent.FutureTask.get(FutureTask.java:192)
	at org.apache.ratis.server.impl.LeaderElection.waitForResults(LeaderElection.java:263)
	at org.apache.ratis.server.impl.LeaderElection.askForVotes(LeaderElection.java:201)
	at org.apache.ratis.server.impl.LeaderElection.run(LeaderElection.java:133)
	at java.lang.Thread.run(Thread.java:748)
Caused by: org.apache.ratis.thirdparty.io.grpc.StatusRuntimeException: UNAVAILABLE: io exception
	at org.apache.ratis.thirdparty.io.grpc.stub.ClientCalls.toStatusRuntimeException(ClientCalls.java:233)
	at org.apache.ratis.thirdparty.io.grpc.stub.ClientCalls.getUnchecked(ClientCalls.java:214)
	at org.apache.ratis.thirdparty.io.grpc.stub.ClientCalls.blockingUnaryCall(ClientCalls.java:139)
	at org.apache.ratis.proto.grpc.RaftServerProtocolServiceGrpc$RaftServerProtocolServiceBlockingStub.requestVote(RaftServerProtocolServiceGrpc.java:265)
	at org.apache.ratis.grpc.server.GrpcServerProtocolClient.requestVote(GrpcServerProtocolClient.java:90)
	at org.apache.ratis.grpc.server.GrpcService.requestVote(GrpcService.java:204)
	at org.apache.ratis.server.impl.LeaderElection.lambda$submitRequests$1(LeaderElection.java:238)
	at java.util.concurrent.FutureTask.run(FutureTask.java:266)
	at java.util.concurrent.Executors$RunnableAdapter.call(Executors.java:511)
	at java.util.concurrent.FutureTask.run(FutureTask.java:266)
	at java.util.concurrent.ThreadPoolExecutor.runWorker(ThreadPoolExecutor.java:1149)
	at java.util.concurrent.ThreadPoolExecutor$Worker.run(ThreadPoolExecutor.java:624)
	... 1 more
Caused by: org.apache.ratis.thirdparty.io.netty.channel.AbstractChannel$AnnotatedConnectException: Connection refused: /192.168.5.182:45540
	at sun.nio.ch.SocketChannelImpl.checkConnect(Native Method)
	at sun.nio.ch.SocketChannelImpl.finishConnect(SocketChannelImpl.java:717)
	at org.apache.ratis.thirdparty.io.netty.channel.socket.nio.NioSocketChannel.doFinishConnect(NioSocketChannel.java:327)
	at org.apache.ratis.thirdparty.io.netty.channel.nio.AbstractNioChannel$AbstractNioUnsafe.finishConnect(AbstractNioChannel.java:340)
	at org.apache.ratis.thirdparty.io.netty.channel.nio.NioEventLoop.processSelectedKey(NioEventLoop.java:632)
	at org.apache.ratis.thirdparty.io.netty.channel.nio.NioEventLoop.processSelectedKeysOptimized(NioEventLoop.java:579)
	at org.apache.ratis.thirdparty.io.netty.channel.nio.NioEventLoop.processSelectedKeys(NioEventLoop.java:496)
	at org.apache.ratis.thirdparty.io.netty.channel.nio.NioEventLoop.run(NioEventLoop.java:458)
	at org.apache.ratis.thirdparty.io.netty.util.concurrent.SingleThreadEventExecutor$5.run(SingleThreadEventExecutor.java:897)
	at org.apache.ratis.thirdparty.io.netty.util.concurrent.FastThreadLocalRunnable.run(FastThreadLocalRunnable.java:30)
	... 1 more
Caused by: java.net.ConnectException: Connection refused
	... 11 more
2019-09-20 00:03:37,840 [c63e7fee-7ebf-4ab3-a82c-403b5cf942fc@group-0BC4DF7BF4D9:LeaderElection62] INFO  impl.RaftServerImpl (RaftServerImpl.java:setRole(174)) - c63e7fee-7ebf-4ab3-a82c-403b5cf942fc@group-0BC4DF7BF4D9: changes role from CANDIDATE to FOLLOWER at term 2 for DISCOVERED_A_NEW_TERM
2019-09-20 00:03:37,841 [c63e7fee-7ebf-4ab3-a82c-403b5cf942fc@group-0BC4DF7BF4D9:LeaderElection62] INFO  impl.RoleInfo (RoleInfo.java:shutdownLeaderElection(134)) - c63e7fee-7ebf-4ab3-a82c-403b5cf942fc: shutdown LeaderElection
2019-09-20 00:03:37,841 [c63e7fee-7ebf-4ab3-a82c-403b5cf942fc@group-0BC4DF7BF4D9:LeaderElection62] INFO  impl.RoleInfo (RoleInfo.java:updateAndGet(143)) - c63e7fee-7ebf-4ab3-a82c-403b5cf942fc: start FollowerState
2019-09-20 00:03:40,704 [Thread-1621] INFO  client.GrpcClientProtocolService (GrpcClientProtocolService.java:lambda$processClientRequest$0(278)) - Failed RaftClientRequest:client-CD71A2AEDC97->c63e7fee-7ebf-4ab3-a82c-403b5cf942fc@group-0BC4DF7BF4D9, cid=69, seq=0, Watch-ALL_COMMITTED(76), Message:<EMPTY>, reply=RaftClientReply:client-CD71A2AEDC97->c63e7fee-7ebf-4ab3-a82c-403b5cf942fc@group-0BC4DF7BF4D9, cid=69, FAILED org.apache.ratis.protocol.NotLeaderException: Server c63e7fee-7ebf-4ab3-a82c-403b5cf942fc@group-0BC4DF7BF4D9 is not the leader, logIndex=0, commits[c63e7fee-7ebf-4ab3-a82c-403b5cf942fc:c2, 8f58c883-e4ba-4cdd-8662-08249772462e:c2, fd99f976-ef3a-47b0-8e0c-a462a244f82b:c2]
2019-09-20 00:03:40,710 [grpc-default-executor-3] INFO  client.GrpcClientProtocolClient (GrpcClientProtocolClient.java:onNext(264)) - client-CD71A2AEDC97->c63e7fee-7ebf-4ab3-a82c-403b5cf942fc: receive RaftClientReply:client-CD71A2AEDC97->c63e7fee-7ebf-4ab3-a82c-403b5cf942fc@group-0BC4DF7BF4D9, cid=69, FAILED org.apache.ratis.protocol.NotLeaderException: Server c63e7fee-7ebf-4ab3-a82c-403b5cf942fc@group-0BC4DF7BF4D9 is not the leader, logIndex=0, commits[c63e7fee-7ebf-4ab3-a82c-403b5cf942fc:c2, 8f58c883-e4ba-4cdd-8662-08249772462e:c2, fd99f976-ef3a-47b0-8e0c-a462a244f82b:c2]
2019-09-20 00:03:42,972 [Thread-1613] INFO  impl.FollowerState (FollowerState.java:run(106)) - c63e7fee-7ebf-4ab3-a82c-403b5cf942fc:group-0BC4DF7BF4D9 changes to CANDIDATE, lastRpcTime:5131, electionTimeout:5131ms
2019-09-20 00:03:42,976 [Thread-1613] INFO  impl.RoleInfo (RoleInfo.java:shutdownFollowerState(121)) - c63e7fee-7ebf-4ab3-a82c-403b5cf942fc: shutdown FollowerState
2019-09-20 00:03:42,976 [Thread-1613] INFO  impl.RaftServerImpl (RaftServerImpl.java:setRole(174)) - c63e7fee-7ebf-4ab3-a82c-403b5cf942fc@group-0BC4DF7BF4D9: changes role from  FOLLOWER to CANDIDATE at term 2 for changeToCandidate
2019-09-20 00:03:42,976 [Thread-1613] INFO  impl.RoleInfo (RoleInfo.java:updateAndGet(143)) - c63e7fee-7ebf-4ab3-a82c-403b5cf942fc: start LeaderElection
2019-09-20 00:03:43,016 [c63e7fee-7ebf-4ab3-a82c-403b5cf942fc@group-0BC4DF7BF4D9:LeaderElection63] INFO  impl.LeaderElection (LeaderElection.java:askForVotes(182)) - c63e7fee-7ebf-4ab3-a82c-403b5cf942fc@group-0BC4DF7BF4D9:LeaderElection63: begin an election at term 3 for 0: [8f58c883-e4ba-4cdd-8662-08249772462e:192.168.5.182:35458, c63e7fee-7ebf-4ab3-a82c-403b5cf942fc:192.168.5.182:40019, fd99f976-ef3a-47b0-8e0c-a462a244f82b:192.168.5.182:45540], old=null
2019-09-20 00:03:43,019 [c63e7fee-7ebf-4ab3-a82c-403b5cf942fc@group-0BC4DF7BF4D9:LeaderElection63] INFO  impl.LeaderElection (LogUtils.java:infoOrTrace(149)) - c63e7fee-7ebf-4ab3-a82c-403b5cf942fc@group-0BC4DF7BF4D9:LeaderElection63 got exception when requesting votes: {}
java.util.concurrent.ExecutionException: org.apache.ratis.thirdparty.io.grpc.StatusRuntimeException: UNAVAILABLE: io exception
	at java.util.concurrent.FutureTask.report(FutureTask.java:122)
	at java.util.concurrent.FutureTask.get(FutureTask.java:192)
	at org.apache.ratis.server.impl.LeaderElection.waitForResults(LeaderElection.java:263)
	at org.apache.ratis.server.impl.LeaderElection.askForVotes(LeaderElection.java:201)
	at org.apache.ratis.server.impl.LeaderElection.run(LeaderElection.java:133)
	at java.lang.Thread.run(Thread.java:748)
Caused by: org.apache.ratis.thirdparty.io.grpc.StatusRuntimeException: UNAVAILABLE: io exception
	at org.apache.ratis.thirdparty.io.grpc.stub.ClientCalls.toStatusRuntimeException(ClientCalls.java:233)
	at org.apache.ratis.thirdparty.io.grpc.stub.ClientCalls.getUnchecked(ClientCalls.java:214)
	at org.apache.ratis.thirdparty.io.grpc.stub.ClientCalls.blockingUnaryCall(ClientCalls.java:139)
	at org.apache.ratis.proto.grpc.RaftServerProtocolServiceGrpc$RaftServerProtocolServiceBlockingStub.requestVote(RaftServerProtocolServiceGrpc.java:265)
	at org.apache.ratis.grpc.server.GrpcServerProtocolClient.requestVote(GrpcServerProtocolClient.java:90)
	at org.apache.ratis.grpc.server.GrpcService.requestVote(GrpcService.java:204)
	at org.apache.ratis.server.impl.LeaderElection.lambda$submitRequests$1(LeaderElection.java:238)
	at java.util.concurrent.FutureTask.run(FutureTask.java:266)
	at java.util.concurrent.Executors$RunnableAdapter.call(Executors.java:511)
	at java.util.concurrent.FutureTask.run(FutureTask.java:266)
	at java.util.concurrent.ThreadPoolExecutor.runWorker(ThreadPoolExecutor.java:1149)
	at java.util.concurrent.ThreadPoolExecutor$Worker.run(ThreadPoolExecutor.java:624)
	... 1 more
Caused by: org.apache.ratis.thirdparty.io.netty.channel.AbstractChannel$AnnotatedConnectException: Connection refused: /192.168.5.182:45540
	at sun.nio.ch.SocketChannelImpl.checkConnect(Native Method)
	at sun.nio.ch.SocketChannelImpl.finishConnect(SocketChannelImpl.java:717)
	at org.apache.ratis.thirdparty.io.netty.channel.socket.nio.NioSocketChannel.doFinishConnect(NioSocketChannel.java:327)
	at org.apache.ratis.thirdparty.io.netty.channel.nio.AbstractNioChannel$AbstractNioUnsafe.finishConnect(AbstractNioChannel.java:340)
	at org.apache.ratis.thirdparty.io.netty.channel.nio.NioEventLoop.processSelectedKey(NioEventLoop.java:632)
	at org.apache.ratis.thirdparty.io.netty.channel.nio.NioEventLoop.processSelectedKeysOptimized(NioEventLoop.java:579)
	at org.apache.ratis.thirdparty.io.netty.channel.nio.NioEventLoop.processSelectedKeys(NioEventLoop.java:496)
	at org.apache.ratis.thirdparty.io.netty.channel.nio.NioEventLoop.run(NioEventLoop.java:458)
	at org.apache.ratis.thirdparty.io.netty.util.concurrent.SingleThreadEventExecutor$5.run(SingleThreadEventExecutor.java:897)
	at org.apache.ratis.thirdparty.io.netty.util.concurrent.FastThreadLocalRunnable.run(FastThreadLocalRunnable.java:30)
	... 1 more
Caused by: java.net.ConnectException: Connection refused
	... 11 more
2019-09-20 00:03:43,021 [c63e7fee-7ebf-4ab3-a82c-403b5cf942fc@group-0BC4DF7BF4D9:LeaderElection63] INFO  impl.LeaderElection (LogUtils.java:infoOrTrace(149)) - c63e7fee-7ebf-4ab3-a82c-403b5cf942fc@group-0BC4DF7BF4D9:LeaderElection63 got exception when requesting votes: {}
java.util.concurrent.ExecutionException: org.apache.ratis.thirdparty.io.grpc.StatusRuntimeException: UNAVAILABLE: io exception
	at java.util.concurrent.FutureTask.report(FutureTask.java:122)
	at java.util.concurrent.FutureTask.get(FutureTask.java:192)
	at org.apache.ratis.server.impl.LeaderElection.waitForResults(LeaderElection.java:263)
	at org.apache.ratis.server.impl.LeaderElection.askForVotes(LeaderElection.java:201)
	at org.apache.ratis.server.impl.LeaderElection.run(LeaderElection.java:133)
	at java.lang.Thread.run(Thread.java:748)
Caused by: org.apache.ratis.thirdparty.io.grpc.StatusRuntimeException: UNAVAILABLE: io exception
	at org.apache.ratis.thirdparty.io.grpc.stub.ClientCalls.toStatusRuntimeException(ClientCalls.java:233)
	at org.apache.ratis.thirdparty.io.grpc.stub.ClientCalls.getUnchecked(ClientCalls.java:214)
	at org.apache.ratis.thirdparty.io.grpc.stub.ClientCalls.blockingUnaryCall(ClientCalls.java:139)
	at org.apache.ratis.proto.grpc.RaftServerProtocolServiceGrpc$RaftServerProtocolServiceBlockingStub.requestVote(RaftServerProtocolServiceGrpc.java:265)
	at org.apache.ratis.grpc.server.GrpcServerProtocolClient.requestVote(GrpcServerProtocolClient.java:90)
	at org.apache.ratis.grpc.server.GrpcService.requestVote(GrpcService.java:204)
	at org.apache.ratis.server.impl.LeaderElection.lambda$submitRequests$1(LeaderElection.java:238)
	at java.util.concurrent.FutureTask.run(FutureTask.java:266)
	at java.util.concurrent.Executors$RunnableAdapter.call(Executors.java:511)
	at java.util.concurrent.FutureTask.run(FutureTask.java:266)
	at java.util.concurrent.ThreadPoolExecutor.runWorker(ThreadPoolExecutor.java:1149)
	at java.util.concurrent.ThreadPoolExecutor$Worker.run(ThreadPoolExecutor.java:624)
	... 1 more
Caused by: org.apache.ratis.thirdparty.io.netty.channel.AbstractChannel$AnnotatedConnectException: Connection refused: /192.168.5.182:35458
	at sun.nio.ch.SocketChannelImpl.checkConnect(Native Method)
	at sun.nio.ch.SocketChannelImpl.finishConnect(SocketChannelImpl.java:717)
	at org.apache.ratis.thirdparty.io.netty.channel.socket.nio.NioSocketChannel.doFinishConnect(NioSocketChannel.java:327)
	at org.apache.ratis.thirdparty.io.netty.channel.nio.AbstractNioChannel$AbstractNioUnsafe.finishConnect(AbstractNioChannel.java:340)
	at org.apache.ratis.thirdparty.io.netty.channel.nio.NioEventLoop.processSelectedKey(NioEventLoop.java:632)
	at org.apache.ratis.thirdparty.io.netty.channel.nio.NioEventLoop.processSelectedKeysOptimized(NioEventLoop.java:579)
	at org.apache.ratis.thirdparty.io.netty.channel.nio.NioEventLoop.processSelectedKeys(NioEventLoop.java:496)
	at org.apache.ratis.thirdparty.io.netty.channel.nio.NioEventLoop.run(NioEventLoop.java:458)
	at org.apache.ratis.thirdparty.io.netty.util.concurrent.SingleThreadEventExecutor$5.run(SingleThreadEventExecutor.java:897)
	at org.apache.ratis.thirdparty.io.netty.util.concurrent.FastThreadLocalRunnable.run(FastThreadLocalRunnable.java:30)
	... 1 more
Caused by: java.net.ConnectException: Connection refused
	... 11 more
2019-09-20 00:03:43,024 [c63e7fee-7ebf-4ab3-a82c-403b5cf942fc@group-0BC4DF7BF4D9:LeaderElection63] INFO  impl.LeaderElection (LeaderElection.java:logAndReturn(56)) - c63e7fee-7ebf-4ab3-a82c-403b5cf942fc@group-0BC4DF7BF4D9:LeaderElection63: Election REJECTED; received 0 response(s) [] and 2 exception(s); c63e7fee-7ebf-4ab3-a82c-403b5cf942fc@group-0BC4DF7BF4D9:t3, leader=null, voted=c63e7fee-7ebf-4ab3-a82c-403b5cf942fc, raftlog=c63e7fee-7ebf-4ab3-a82c-403b5cf942fc@group-0BC4DF7BF4D9-SegmentedRaftLog:OPENED:c2,f2,i2, conf=0: [8f58c883-e4ba-4cdd-8662-08249772462e:192.168.5.182:35458, c63e7fee-7ebf-4ab3-a82c-403b5cf942fc:192.168.5.182:40019, fd99f976-ef3a-47b0-8e0c-a462a244f82b:192.168.5.182:45540], old=null
2019-09-20 00:03:43,024 [c63e7fee-7ebf-4ab3-a82c-403b5cf942fc@group-0BC4DF7BF4D9:LeaderElection63] INFO  impl.LeaderElection (LogUtils.java:infoOrTrace(149)) -   Exception 0: {}
java.util.concurrent.ExecutionException: org.apache.ratis.thirdparty.io.grpc.StatusRuntimeException: UNAVAILABLE: io exception
	at java.util.concurrent.FutureTask.report(FutureTask.java:122)
	at java.util.concurrent.FutureTask.get(FutureTask.java:192)
	at org.apache.ratis.server.impl.LeaderElection.waitForResults(LeaderElection.java:263)
	at org.apache.ratis.server.impl.LeaderElection.askForVotes(LeaderElection.java:201)
	at org.apache.ratis.server.impl.LeaderElection.run(LeaderElection.java:133)
	at java.lang.Thread.run(Thread.java:748)
Caused by: org.apache.ratis.thirdparty.io.grpc.StatusRuntimeException: UNAVAILABLE: io exception
	at org.apache.ratis.thirdparty.io.grpc.stub.ClientCalls.toStatusRuntimeException(ClientCalls.java:233)
	at org.apache.ratis.thirdparty.io.grpc.stub.ClientCalls.getUnchecked(ClientCalls.java:214)
	at org.apache.ratis.thirdparty.io.grpc.stub.ClientCalls.blockingUnaryCall(ClientCalls.java:139)
	at org.apache.ratis.proto.grpc.RaftServerProtocolServiceGrpc$RaftServerProtocolServiceBlockingStub.requestVote(RaftServerProtocolServiceGrpc.java:265)
	at org.apache.ratis.grpc.server.GrpcServerProtocolClient.requestVote(GrpcServerProtocolClient.java:90)
	at org.apache.ratis.grpc.server.GrpcService.requestVote(GrpcService.java:204)
	at org.apache.ratis.server.impl.LeaderElection.lambda$submitRequests$1(LeaderElection.java:238)
	at java.util.concurrent.FutureTask.run(FutureTask.java:266)
	at java.util.concurrent.Executors$RunnableAdapter.call(Executors.java:511)
	at java.util.concurrent.FutureTask.run(FutureTask.java:266)
	at java.util.concurrent.ThreadPoolExecutor.runWorker(ThreadPoolExecutor.java:1149)
	at java.util.concurrent.ThreadPoolExecutor$Worker.run(ThreadPoolExecutor.java:624)
	... 1 more
Caused by: org.apache.ratis.thirdparty.io.netty.channel.AbstractChannel$AnnotatedConnectException: Connection refused: /192.168.5.182:45540
	at sun.nio.ch.SocketChannelImpl.checkConnect(Native Method)
	at sun.nio.ch.SocketChannelImpl.finishConnect(SocketChannelImpl.java:717)
	at org.apache.ratis.thirdparty.io.netty.channel.socket.nio.NioSocketChannel.doFinishConnect(NioSocketChannel.java:327)
	at org.apache.ratis.thirdparty.io.netty.channel.nio.AbstractNioChannel$AbstractNioUnsafe.finishConnect(AbstractNioChannel.java:340)
	at org.apache.ratis.thirdparty.io.netty.channel.nio.NioEventLoop.processSelectedKey(NioEventLoop.java:632)
	at org.apache.ratis.thirdparty.io.netty.channel.nio.NioEventLoop.processSelectedKeysOptimized(NioEventLoop.java:579)
	at org.apache.ratis.thirdparty.io.netty.channel.nio.NioEventLoop.processSelectedKeys(NioEventLoop.java:496)
	at org.apache.ratis.thirdparty.io.netty.channel.nio.NioEventLoop.run(NioEventLoop.java:458)
	at org.apache.ratis.thirdparty.io.netty.util.concurrent.SingleThreadEventExecutor$5.run(SingleThreadEventExecutor.java:897)
	at org.apache.ratis.thirdparty.io.netty.util.concurrent.FastThreadLocalRunnable.run(FastThreadLocalRunnable.java:30)
	... 1 more
Caused by: java.net.ConnectException: Connection refused
	... 11 more
2019-09-20 00:03:43,024 [c63e7fee-7ebf-4ab3-a82c-403b5cf942fc@group-0BC4DF7BF4D9:LeaderElection63] INFO  impl.LeaderElection (LogUtils.java:infoOrTrace(149)) -   Exception 1: {}
java.util.concurrent.ExecutionException: org.apache.ratis.thirdparty.io.grpc.StatusRuntimeException: UNAVAILABLE: io exception
	at java.util.concurrent.FutureTask.report(FutureTask.java:122)
	at java.util.concurrent.FutureTask.get(FutureTask.java:192)
	at org.apache.ratis.server.impl.LeaderElection.waitForResults(LeaderElection.java:263)
	at org.apache.ratis.server.impl.LeaderElection.askForVotes(LeaderElection.java:201)
	at org.apache.ratis.server.impl.LeaderElection.run(LeaderElection.java:133)
	at java.lang.Thread.run(Thread.java:748)
Caused by: org.apache.ratis.thirdparty.io.grpc.StatusRuntimeException: UNAVAILABLE: io exception
	at org.apache.ratis.thirdparty.io.grpc.stub.ClientCalls.toStatusRuntimeException(ClientCalls.java:233)
	at org.apache.ratis.thirdparty.io.grpc.stub.ClientCalls.getUnchecked(ClientCalls.java:214)
	at org.apache.ratis.thirdparty.io.grpc.stub.ClientCalls.blockingUnaryCall(ClientCalls.java:139)
	at org.apache.ratis.proto.grpc.RaftServerProtocolServiceGrpc$RaftServerProtocolServiceBlockingStub.requestVote(RaftServerProtocolServiceGrpc.java:265)
	at org.apache.ratis.grpc.server.GrpcServerProtocolClient.requestVote(GrpcServerProtocolClient.java:90)
	at org.apache.ratis.grpc.server.GrpcService.requestVote(GrpcService.java:204)
	at org.apache.ratis.server.impl.LeaderElection.lambda$submitRequests$1(LeaderElection.java:238)
	at java.util.concurrent.FutureTask.run(FutureTask.java:266)
	at java.util.concurrent.Executors$RunnableAdapter.call(Executors.java:511)
	at java.util.concurrent.FutureTask.run(FutureTask.java:266)
	at java.util.concurrent.ThreadPoolExecutor.runWorker(ThreadPoolExecutor.java:1149)
	at java.util.concurrent.ThreadPoolExecutor$Worker.run(ThreadPoolExecutor.java:624)
	... 1 more
Caused by: org.apache.ratis.thirdparty.io.netty.channel.AbstractChannel$AnnotatedConnectException: Connection refused: /192.168.5.182:35458
	at sun.nio.ch.SocketChannelImpl.checkConnect(Native Method)
	at sun.nio.ch.SocketChannelImpl.finishConnect(SocketChannelImpl.java:717)
	at org.apache.ratis.thirdparty.io.netty.channel.socket.nio.NioSocketChannel.doFinishConnect(NioSocketChannel.java:327)
	at org.apache.ratis.thirdparty.io.netty.channel.nio.AbstractNioChannel$AbstractNioUnsafe.finishConnect(AbstractNioChannel.java:340)
	at org.apache.ratis.thirdparty.io.netty.channel.nio.NioEventLoop.processSelectedKey(NioEventLoop.java:632)
	at org.apache.ratis.thirdparty.io.netty.channel.nio.NioEventLoop.processSelectedKeysOptimized(NioEventLoop.java:579)
	at org.apache.ratis.thirdparty.io.netty.channel.nio.NioEventLoop.processSelectedKeys(NioEventLoop.java:496)
	at org.apache.ratis.thirdparty.io.netty.channel.nio.NioEventLoop.run(NioEventLoop.java:458)
	at org.apache.ratis.thirdparty.io.netty.util.concurrent.SingleThreadEventExecutor$5.run(SingleThreadEventExecutor.java:897)
	at org.apache.ratis.thirdparty.io.netty.util.concurrent.FastThreadLocalRunnable.run(FastThreadLocalRunnable.java:30)
	... 1 more
Caused by: java.net.ConnectException: Connection refused
	... 11 more
2019-09-20 00:03:43,025 [c63e7fee-7ebf-4ab3-a82c-403b5cf942fc@group-0BC4DF7BF4D9:LeaderElection63] INFO  impl.RaftServerImpl (RaftServerImpl.java:setRole(174)) - c63e7fee-7ebf-4ab3-a82c-403b5cf942fc@group-0BC4DF7BF4D9: changes role from CANDIDATE to FOLLOWER at term 3 for DISCOVERED_A_NEW_TERM
2019-09-20 00:03:43,025 [c63e7fee-7ebf-4ab3-a82c-403b5cf942fc@group-0BC4DF7BF4D9:LeaderElection63] INFO  impl.RoleInfo (RoleInfo.java:shutdownLeaderElection(134)) - c63e7fee-7ebf-4ab3-a82c-403b5cf942fc: shutdown LeaderElection
2019-09-20 00:03:43,025 [c63e7fee-7ebf-4ab3-a82c-403b5cf942fc@group-0BC4DF7BF4D9:LeaderElection63] INFO  impl.RoleInfo (RoleInfo.java:updateAndGet(143)) - c63e7fee-7ebf-4ab3-a82c-403b5cf942fc: start FollowerState
2019-09-20 00:03:44,968 [Thread-1636] INFO  client.GrpcClientProtocolService (GrpcClientProtocolService.java:lambda$processClientRequest$0(278)) - Failed RaftClientRequest:client-CD71A2AEDC97->c63e7fee-7ebf-4ab3-a82c-403b5cf942fc@group-0BC4DF7BF4D9, cid=69, seq=0, Watch-ALL_COMMITTED(76), Message:<EMPTY>, reply=RaftClientReply:client-CD71A2AEDC97->c63e7fee-7ebf-4ab3-a82c-403b5cf942fc@group-0BC4DF7BF4D9, cid=69, FAILED org.apache.ratis.protocol.NotLeaderException: Server c63e7fee-7ebf-4ab3-a82c-403b5cf942fc@group-0BC4DF7BF4D9 is not the leader, logIndex=0, commits[c63e7fee-7ebf-4ab3-a82c-403b5cf942fc:c2, 8f58c883-e4ba-4cdd-8662-08249772462e:c2, fd99f976-ef3a-47b0-8e0c-a462a244f82b:c2]
2019-09-20 00:03:44,981 [grpc-default-executor-3] INFO  client.GrpcClientProtocolClient (GrpcClientProtocolClient.java:onNext(264)) - client-CD71A2AEDC97->c63e7fee-7ebf-4ab3-a82c-403b5cf942fc: receive RaftClientReply:client-CD71A2AEDC97->c63e7fee-7ebf-4ab3-a82c-403b5cf942fc@group-0BC4DF7BF4D9, cid=69, FAILED org.apache.ratis.protocol.NotLeaderException: Server c63e7fee-7ebf-4ab3-a82c-403b5cf942fc@group-0BC4DF7BF4D9 is not the leader, logIndex=0, commits[c63e7fee-7ebf-4ab3-a82c-403b5cf942fc:c2, 8f58c883-e4ba-4cdd-8662-08249772462e:c2, fd99f976-ef3a-47b0-8e0c-a462a244f82b:c2]
2019-09-20 00:03:48,096 [Thread-1632] INFO  impl.FollowerState (FollowerState.java:run(106)) - c63e7fee-7ebf-4ab3-a82c-403b5cf942fc:group-0BC4DF7BF4D9 changes to CANDIDATE, lastRpcTime:5071, electionTimeout:5071ms
2019-09-20 00:03:48,100 [Thread-1632] INFO  impl.RoleInfo (RoleInfo.java:shutdownFollowerState(121)) - c63e7fee-7ebf-4ab3-a82c-403b5cf942fc: shutdown FollowerState
2019-09-20 00:03:48,100 [Thread-1632] INFO  impl.RaftServerImpl (RaftServerImpl.java:setRole(174)) - c63e7fee-7ebf-4ab3-a82c-403b5cf942fc@group-0BC4DF7BF4D9: changes role from  FOLLOWER to CANDIDATE at term 3 for changeToCandidate
2019-09-20 00:03:48,100 [Thread-1632] INFO  impl.RoleInfo (RoleInfo.java:updateAndGet(143)) - c63e7fee-7ebf-4ab3-a82c-403b5cf942fc: start LeaderElection
2019-09-20 00:03:48,132 [c63e7fee-7ebf-4ab3-a82c-403b5cf942fc@group-0BC4DF7BF4D9:LeaderElection64] INFO  impl.LeaderElection (LeaderElection.java:askForVotes(182)) - c63e7fee-7ebf-4ab3-a82c-403b5cf942fc@group-0BC4DF7BF4D9:LeaderElection64: begin an election at term 4 for 0: [8f58c883-e4ba-4cdd-8662-08249772462e:192.168.5.182:35458, c63e7fee-7ebf-4ab3-a82c-403b5cf942fc:192.168.5.182:40019, fd99f976-ef3a-47b0-8e0c-a462a244f82b:192.168.5.182:45540], old=null
2019-09-20 00:03:48,136 [c63e7fee-7ebf-4ab3-a82c-403b5cf942fc@group-0BC4DF7BF4D9:LeaderElection64] INFO  impl.LeaderElection (LogUtils.java:infoOrTrace(149)) - c63e7fee-7ebf-4ab3-a82c-403b5cf942fc@group-0BC4DF7BF4D9:LeaderElection64 got exception when requesting votes: {}
java.util.concurrent.ExecutionException: org.apache.ratis.thirdparty.io.grpc.StatusRuntimeException: UNAVAILABLE: io exception
	at java.util.concurrent.FutureTask.report(FutureTask.java:122)
	at java.util.concurrent.FutureTask.get(FutureTask.java:192)
	at org.apache.ratis.server.impl.LeaderElection.waitForResults(LeaderElection.java:263)
	at org.apache.ratis.server.impl.LeaderElection.askForVotes(LeaderElection.java:201)
	at org.apache.ratis.server.impl.LeaderElection.run(LeaderElection.java:133)
	at java.lang.Thread.run(Thread.java:748)
Caused by: org.apache.ratis.thirdparty.io.grpc.StatusRuntimeException: UNAVAILABLE: io exception
	at org.apache.ratis.thirdparty.io.grpc.stub.ClientCalls.toStatusRuntimeException(ClientCalls.java:233)
	at org.apache.ratis.thirdparty.io.grpc.stub.ClientCalls.getUnchecked(ClientCalls.java:214)
	at org.apache.ratis.thirdparty.io.grpc.stub.ClientCalls.blockingUnaryCall(ClientCalls.java:139)
	at org.apache.ratis.proto.grpc.RaftServerProtocolServiceGrpc$RaftServerProtocolServiceBlockingStub.requestVote(RaftServerProtocolServiceGrpc.java:265)
	at org.apache.ratis.grpc.server.GrpcServerProtocolClient.requestVote(GrpcServerProtocolClient.java:90)
	at org.apache.ratis.grpc.server.GrpcService.requestVote(GrpcService.java:204)
	at org.apache.ratis.server.impl.LeaderElection.lambda$submitRequests$1(LeaderElection.java:238)
	at java.util.concurrent.FutureTask.run(FutureTask.java:266)
	at java.util.concurrent.Executors$RunnableAdapter.call(Executors.java:511)
	at java.util.concurrent.FutureTask.run(FutureTask.java:266)
	at java.util.concurrent.ThreadPoolExecutor.runWorker(ThreadPoolExecutor.java:1149)
	at java.util.concurrent.ThreadPoolExecutor$Worker.run(ThreadPoolExecutor.java:624)
	... 1 more
Caused by: org.apache.ratis.thirdparty.io.netty.channel.AbstractChannel$AnnotatedConnectException: Connection refused: /192.168.5.182:35458
	at sun.nio.ch.SocketChannelImpl.checkConnect(Native Method)
	at sun.nio.ch.SocketChannelImpl.finishConnect(SocketChannelImpl.java:717)
	at org.apache.ratis.thirdparty.io.netty.channel.socket.nio.NioSocketChannel.doFinishConnect(NioSocketChannel.java:327)
	at org.apache.ratis.thirdparty.io.netty.channel.nio.AbstractNioChannel$AbstractNioUnsafe.finishConnect(AbstractNioChannel.java:340)
	at org.apache.ratis.thirdparty.io.netty.channel.nio.NioEventLoop.processSelectedKey(NioEventLoop.java:632)
	at org.apache.ratis.thirdparty.io.netty.channel.nio.NioEventLoop.processSelectedKeysOptimized(NioEventLoop.java:579)
	at org.apache.ratis.thirdparty.io.netty.channel.nio.NioEventLoop.processSelectedKeys(NioEventLoop.java:496)
	at org.apache.ratis.thirdparty.io.netty.channel.nio.NioEventLoop.run(NioEventLoop.java:458)
	at org.apache.ratis.thirdparty.io.netty.util.concurrent.SingleThreadEventExecutor$5.run(SingleThreadEventExecutor.java:897)
	at org.apache.ratis.thirdparty.io.netty.util.concurrent.FastThreadLocalRunnable.run(FastThreadLocalRunnable.java:30)
	... 1 more
Caused by: java.net.ConnectException: Connection refused
	... 11 more
2019-09-20 00:03:48,139 [c63e7fee-7ebf-4ab3-a82c-403b5cf942fc@group-0BC4DF7BF4D9:LeaderElection64] INFO  impl.LeaderElection (LogUtils.java:infoOrTrace(149)) - c63e7fee-7ebf-4ab3-a82c-403b5cf942fc@group-0BC4DF7BF4D9:LeaderElection64 got exception when requesting votes: {}
java.util.concurrent.ExecutionException: org.apache.ratis.thirdparty.io.grpc.StatusRuntimeException: UNAVAILABLE: io exception
	at java.util.concurrent.FutureTask.report(FutureTask.java:122)
	at java.util.concurrent.FutureTask.get(FutureTask.java:192)
	at org.apache.ratis.server.impl.LeaderElection.waitForResults(LeaderElection.java:263)
	at org.apache.ratis.server.impl.LeaderElection.askForVotes(LeaderElection.java:201)
	at org.apache.ratis.server.impl.LeaderElection.run(LeaderElection.java:133)
	at java.lang.Thread.run(Thread.java:748)
Caused by: org.apache.ratis.thirdparty.io.grpc.StatusRuntimeException: UNAVAILABLE: io exception
	at org.apache.ratis.thirdparty.io.grpc.stub.ClientCalls.toStatusRuntimeException(ClientCalls.java:233)
	at org.apache.ratis.thirdparty.io.grpc.stub.ClientCalls.getUnchecked(ClientCalls.java:214)
	at org.apache.ratis.thirdparty.io.grpc.stub.ClientCalls.blockingUnaryCall(ClientCalls.java:139)
	at org.apache.ratis.proto.grpc.RaftServerProtocolServiceGrpc$RaftServerProtocolServiceBlockingStub.requestVote(RaftServerProtocolServiceGrpc.java:265)
	at org.apache.ratis.grpc.server.GrpcServerProtocolClient.requestVote(GrpcServerProtocolClient.java:90)
	at org.apache.ratis.grpc.server.GrpcService.requestVote(GrpcService.java:204)
	at org.apache.ratis.server.impl.LeaderElection.lambda$submitRequests$1(LeaderElection.java:238)
	at java.util.concurrent.FutureTask.run(FutureTask.java:266)
	at java.util.concurrent.Executors$RunnableAdapter.call(Executors.java:511)
	at java.util.concurrent.FutureTask.run(FutureTask.java:266)
	at java.util.concurrent.ThreadPoolExecutor.runWorker(ThreadPoolExecutor.java:1149)
	at java.util.concurrent.ThreadPoolExecutor$Worker.run(ThreadPoolExecutor.java:624)
	... 1 more
Caused by: org.apache.ratis.thirdparty.io.netty.channel.AbstractChannel$AnnotatedConnectException: Connection refused: /192.168.5.182:45540
	at sun.nio.ch.SocketChannelImpl.checkConnect(Native Method)
	at sun.nio.ch.SocketChannelImpl.finishConnect(SocketChannelImpl.java:717)
	at org.apache.ratis.thirdparty.io.netty.channel.socket.nio.NioSocketChannel.doFinishConnect(NioSocketChannel.java:327)
	at org.apache.ratis.thirdparty.io.netty.channel.nio.AbstractNioChannel$AbstractNioUnsafe.finishConnect(AbstractNioChannel.java:340)
	at org.apache.ratis.thirdparty.io.netty.channel.nio.NioEventLoop.processSelectedKey(NioEventLoop.java:632)
	at org.apache.ratis.thirdparty.io.netty.channel.nio.NioEventLoop.processSelectedKeysOptimized(NioEventLoop.java:579)
	at org.apache.ratis.thirdparty.io.netty.channel.nio.NioEventLoop.processSelectedKeys(NioEventLoop.java:496)
	at org.apache.ratis.thirdparty.io.netty.channel.nio.NioEventLoop.run(NioEventLoop.java:458)
	at org.apache.ratis.thirdparty.io.netty.util.concurrent.SingleThreadEventExecutor$5.run(SingleThreadEventExecutor.java:897)
	at org.apache.ratis.thirdparty.io.netty.util.concurrent.FastThreadLocalRunnable.run(FastThreadLocalRunnable.java:30)
	... 1 more
Caused by: java.net.ConnectException: Connection refused
	... 11 more
2019-09-20 00:03:48,141 [c63e7fee-7ebf-4ab3-a82c-403b5cf942fc@group-0BC4DF7BF4D9:LeaderElection64] INFO  impl.LeaderElection (LeaderElection.java:logAndReturn(56)) - c63e7fee-7ebf-4ab3-a82c-403b5cf942fc@group-0BC4DF7BF4D9:LeaderElection64: Election REJECTED; received 0 response(s) [] and 2 exception(s); c63e7fee-7ebf-4ab3-a82c-403b5cf942fc@group-0BC4DF7BF4D9:t4, leader=null, voted=c63e7fee-7ebf-4ab3-a82c-403b5cf942fc, raftlog=c63e7fee-7ebf-4ab3-a82c-403b5cf942fc@group-0BC4DF7BF4D9-SegmentedRaftLog:OPENED:c2,f2,i2, conf=0: [8f58c883-e4ba-4cdd-8662-08249772462e:192.168.5.182:35458, c63e7fee-7ebf-4ab3-a82c-403b5cf942fc:192.168.5.182:40019, fd99f976-ef3a-47b0-8e0c-a462a244f82b:192.168.5.182:45540], old=null
2019-09-20 00:03:48,141 [c63e7fee-7ebf-4ab3-a82c-403b5cf942fc@group-0BC4DF7BF4D9:LeaderElection64] INFO  impl.LeaderElection (LogUtils.java:infoOrTrace(149)) -   Exception 0: {}
java.util.concurrent.ExecutionException: org.apache.ratis.thirdparty.io.grpc.StatusRuntimeException: UNAVAILABLE: io exception
	at java.util.concurrent.FutureTask.report(FutureTask.java:122)
	at java.util.concurrent.FutureTask.get(FutureTask.java:192)
	at org.apache.ratis.server.impl.LeaderElection.waitForResults(LeaderElection.java:263)
	at org.apache.ratis.server.impl.LeaderElection.askForVotes(LeaderElection.java:201)
	at org.apache.ratis.server.impl.LeaderElection.run(LeaderElection.java:133)
	at java.lang.Thread.run(Thread.java:748)
Caused by: org.apache.ratis.thirdparty.io.grpc.StatusRuntimeException: UNAVAILABLE: io exception
	at org.apache.ratis.thirdparty.io.grpc.stub.ClientCalls.toStatusRuntimeException(ClientCalls.java:233)
	at org.apache.ratis.thirdparty.io.grpc.stub.ClientCalls.getUnchecked(ClientCalls.java:214)
	at org.apache.ratis.thirdparty.io.grpc.stub.ClientCalls.blockingUnaryCall(ClientCalls.java:139)
	at org.apache.ratis.proto.grpc.RaftServerProtocolServiceGrpc$RaftServerProtocolServiceBlockingStub.requestVote(RaftServerProtocolServiceGrpc.java:265)
	at org.apache.ratis.grpc.server.GrpcServerProtocolClient.requestVote(GrpcServerProtocolClient.java:90)
	at org.apache.ratis.grpc.server.GrpcService.requestVote(GrpcService.java:204)
	at org.apache.ratis.server.impl.LeaderElection.lambda$submitRequests$1(LeaderElection.java:238)
	at java.util.concurrent.FutureTask.run(FutureTask.java:266)
	at java.util.concurrent.Executors$RunnableAdapter.call(Executors.java:511)
	at java.util.concurrent.FutureTask.run(FutureTask.java:266)
	at java.util.concurrent.ThreadPoolExecutor.runWorker(ThreadPoolExecutor.java:1149)
	at java.util.concurrent.ThreadPoolExecutor$Worker.run(ThreadPoolExecutor.java:624)
	... 1 more
Caused by: org.apache.ratis.thirdparty.io.netty.channel.AbstractChannel$AnnotatedConnectException: Connection refused: /192.168.5.182:35458
	at sun.nio.ch.SocketChannelImpl.checkConnect(Native Method)
	at sun.nio.ch.SocketChannelImpl.finishConnect(SocketChannelImpl.java:717)
	at org.apache.ratis.thirdparty.io.netty.channel.socket.nio.NioSocketChannel.doFinishConnect(NioSocketChannel.java:327)
	at org.apache.ratis.thirdparty.io.netty.channel.nio.AbstractNioChannel$AbstractNioUnsafe.finishConnect(AbstractNioChannel.java:340)
	at org.apache.ratis.thirdparty.io.netty.channel.nio.NioEventLoop.processSelectedKey(NioEventLoop.java:632)
	at org.apache.ratis.thirdparty.io.netty.channel.nio.NioEventLoop.processSelectedKeysOptimized(NioEventLoop.java:579)
	at org.apache.ratis.thirdparty.io.netty.channel.nio.NioEventLoop.processSelectedKeys(NioEventLoop.java:496)
	at org.apache.ratis.thirdparty.io.netty.channel.nio.NioEventLoop.run(NioEventLoop.java:458)
	at org.apache.ratis.thirdparty.io.netty.util.concurrent.SingleThreadEventExecutor$5.run(SingleThreadEventExecutor.java:897)
	at org.apache.ratis.thirdparty.io.netty.util.concurrent.FastThreadLocalRunnable.run(FastThreadLocalRunnable.java:30)
	... 1 more
Caused by: java.net.ConnectException: Connection refused
	... 11 more
2019-09-20 00:03:48,142 [c63e7fee-7ebf-4ab3-a82c-403b5cf942fc@group-0BC4DF7BF4D9:LeaderElection64] INFO  impl.LeaderElection (LogUtils.java:infoOrTrace(149)) -   Exception 1: {}
java.util.concurrent.ExecutionException: org.apache.ratis.thirdparty.io.grpc.StatusRuntimeException: UNAVAILABLE: io exception
	at java.util.concurrent.FutureTask.report(FutureTask.java:122)
	at java.util.concurrent.FutureTask.get(FutureTask.java:192)
	at org.apache.ratis.server.impl.LeaderElection.waitForResults(LeaderElection.java:263)
	at org.apache.ratis.server.impl.LeaderElection.askForVotes(LeaderElection.java:201)
	at org.apache.ratis.server.impl.LeaderElection.run(LeaderElection.java:133)
	at java.lang.Thread.run(Thread.java:748)
Caused by: org.apache.ratis.thirdparty.io.grpc.StatusRuntimeException: UNAVAILABLE: io exception
	at org.apache.ratis.thirdparty.io.grpc.stub.ClientCalls.toStatusRuntimeException(ClientCalls.java:233)
	at org.apache.ratis.thirdparty.io.grpc.stub.ClientCalls.getUnchecked(ClientCalls.java:214)
	at org.apache.ratis.thirdparty.io.grpc.stub.ClientCalls.blockingUnaryCall(ClientCalls.java:139)
	at org.apache.ratis.proto.grpc.RaftServerProtocolServiceGrpc$RaftServerProtocolServiceBlockingStub.requestVote(RaftServerProtocolServiceGrpc.java:265)
	at org.apache.ratis.grpc.server.GrpcServerProtocolClient.requestVote(GrpcServerProtocolClient.java:90)
	at org.apache.ratis.grpc.server.GrpcService.requestVote(GrpcService.java:204)
	at org.apache.ratis.server.impl.LeaderElection.lambda$submitRequests$1(LeaderElection.java:238)
	at java.util.concurrent.FutureTask.run(FutureTask.java:266)
	at java.util.concurrent.Executors$RunnableAdapter.call(Executors.java:511)
	at java.util.concurrent.FutureTask.run(FutureTask.java:266)
	at java.util.concurrent.ThreadPoolExecutor.runWorker(ThreadPoolExecutor.java:1149)
	at java.util.concurrent.ThreadPoolExecutor$Worker.run(ThreadPoolExecutor.java:624)
	... 1 more
Caused by: org.apache.ratis.thirdparty.io.netty.channel.AbstractChannel$AnnotatedConnectException: Connection refused: /192.168.5.182:45540
	at sun.nio.ch.SocketChannelImpl.checkConnect(Native Method)
	at sun.nio.ch.SocketChannelImpl.finishConnect(SocketChannelImpl.java:717)
	at org.apache.ratis.thirdparty.io.netty.channel.socket.nio.NioSocketChannel.doFinishConnect(NioSocketChannel.java:327)
	at org.apache.ratis.thirdparty.io.netty.channel.nio.AbstractNioChannel$AbstractNioUnsafe.finishConnect(AbstractNioChannel.java:340)
	at org.apache.ratis.thirdparty.io.netty.channel.nio.NioEventLoop.processSelectedKey(NioEventLoop.java:632)
	at org.apache.ratis.thirdparty.io.netty.channel.nio.NioEventLoop.processSelectedKeysOptimized(NioEventLoop.java:579)
	at org.apache.ratis.thirdparty.io.netty.channel.nio.NioEventLoop.processSelectedKeys(NioEventLoop.java:496)
	at org.apache.ratis.thirdparty.io.netty.channel.nio.NioEventLoop.run(NioEventLoop.java:458)
	at org.apache.ratis.thirdparty.io.netty.util.concurrent.SingleThreadEventExecutor$5.run(SingleThreadEventExecutor.java:897)
	at org.apache.ratis.thirdparty.io.netty.util.concurrent.FastThreadLocalRunnable.run(FastThreadLocalRunnable.java:30)
	... 1 more
Caused by: java.net.ConnectException: Connection refused
	... 11 more
2019-09-20 00:03:48,142 [c63e7fee-7ebf-4ab3-a82c-403b5cf942fc@group-0BC4DF7BF4D9:LeaderElection64] INFO  impl.RaftServerImpl (RaftServerImpl.java:setRole(174)) - c63e7fee-7ebf-4ab3-a82c-403b5cf942fc@group-0BC4DF7BF4D9: changes role from CANDIDATE to FOLLOWER at term 4 for DISCOVERED_A_NEW_TERM
2019-09-20 00:03:48,142 [c63e7fee-7ebf-4ab3-a82c-403b5cf942fc@group-0BC4DF7BF4D9:LeaderElection64] INFO  impl.RoleInfo (RoleInfo.java:shutdownLeaderElection(134)) - c63e7fee-7ebf-4ab3-a82c-403b5cf942fc: shutdown LeaderElection
2019-09-20 00:03:48,143 [c63e7fee-7ebf-4ab3-a82c-403b5cf942fc@group-0BC4DF7BF4D9:LeaderElection64] INFO  impl.RoleInfo (RoleInfo.java:updateAndGet(143)) - c63e7fee-7ebf-4ab3-a82c-403b5cf942fc: start FollowerState
2019-09-20 00:03:49,980 [Thread-1647] INFO  client.GrpcClientProtocolService (GrpcClientProtocolService.java:lambda$processClientRequest$0(278)) - Failed RaftClientRequest:client-CD71A2AEDC97->c63e7fee-7ebf-4ab3-a82c-403b5cf942fc@group-0BC4DF7BF4D9, cid=69, seq=0, Watch-ALL_COMMITTED(76), Message:<EMPTY>, reply=RaftClientReply:client-CD71A2AEDC97->c63e7fee-7ebf-4ab3-a82c-403b5cf942fc@group-0BC4DF7BF4D9, cid=69, FAILED org.apache.ratis.protocol.NotLeaderException: Server c63e7fee-7ebf-4ab3-a82c-403b5cf942fc@group-0BC4DF7BF4D9 is not the leader, logIndex=0, commits[c63e7fee-7ebf-4ab3-a82c-403b5cf942fc:c2, 8f58c883-e4ba-4cdd-8662-08249772462e:c2, fd99f976-ef3a-47b0-8e0c-a462a244f82b:c2]
2019-09-20 00:03:49,989 [grpc-default-executor-1] INFO  client.GrpcClientProtocolClient (GrpcClientProtocolClient.java:onNext(264)) - client-CD71A2AEDC97->c63e7fee-7ebf-4ab3-a82c-403b5cf942fc: receive RaftClientReply:client-CD71A2AEDC97->c63e7fee-7ebf-4ab3-a82c-403b5cf942fc@group-0BC4DF7BF4D9, cid=69, FAILED org.apache.ratis.protocol.NotLeaderException: Server c63e7fee-7ebf-4ab3-a82c-403b5cf942fc@group-0BC4DF7BF4D9 is not the leader, logIndex=0, commits[c63e7fee-7ebf-4ab3-a82c-403b5cf942fc:c2, 8f58c883-e4ba-4cdd-8662-08249772462e:c2, fd99f976-ef3a-47b0-8e0c-a462a244f82b:c2]
2019-09-20 00:03:52,819 [Thread-1654] INFO  client.GrpcClientProtocolService (GrpcClientProtocolService.java:lambda$processClientRequest$0(278)) - Failed RaftClientRequest:client-CD71A2AEDC97->c63e7fee-7ebf-4ab3-a82c-403b5cf942fc@group-0BC4DF7BF4D9, cid=69, seq=0, Watch-ALL_COMMITTED(76), Message:<EMPTY>, reply=RaftClientReply:client-CD71A2AEDC97->c63e7fee-7ebf-4ab3-a82c-403b5cf942fc@group-0BC4DF7BF4D9, cid=69, FAILED org.apache.ratis.protocol.NotLeaderException: Server c63e7fee-7ebf-4ab3-a82c-403b5cf942fc@group-0BC4DF7BF4D9 is not the leader, logIndex=0, commits[c63e7fee-7ebf-4ab3-a82c-403b5cf942fc:c2, 8f58c883-e4ba-4cdd-8662-08249772462e:c2, fd99f976-ef3a-47b0-8e0c-a462a244f82b:c2]
2019-09-20 00:03:52,830 [grpc-default-executor-6] INFO  client.GrpcClientProtocolClient (GrpcClientProtocolClient.java:onNext(264)) - client-CD71A2AEDC97->c63e7fee-7ebf-4ab3-a82c-403b5cf942fc: receive RaftClientReply:client-CD71A2AEDC97->c63e7fee-7ebf-4ab3-a82c-403b5cf942fc@group-0BC4DF7BF4D9, cid=69, FAILED org.apache.ratis.protocol.NotLeaderException: Server c63e7fee-7ebf-4ab3-a82c-403b5cf942fc@group-0BC4DF7BF4D9 is not the leader, logIndex=0, commits[c63e7fee-7ebf-4ab3-a82c-403b5cf942fc:c2, 8f58c883-e4ba-4cdd-8662-08249772462e:c2, fd99f976-ef3a-47b0-8e0c-a462a244f82b:c2]
2019-09-20 00:03:53,146 [Thread-1645] INFO  impl.FollowerState (FollowerState.java:run(106)) - c63e7fee-7ebf-4ab3-a82c-403b5cf942fc:group-0BC4DF7BF4D9 changes to CANDIDATE, lastRpcTime:5003, electionTimeout:5003ms
2019-09-20 00:03:53,149 [Thread-1645] INFO  impl.RoleInfo (RoleInfo.java:shutdownFollowerState(121)) - c63e7fee-7ebf-4ab3-a82c-403b5cf942fc: shutdown FollowerState
2019-09-20 00:03:53,149 [Thread-1645] INFO  impl.RaftServerImpl (RaftServerImpl.java:setRole(174)) - c63e7fee-7ebf-4ab3-a82c-403b5cf942fc@group-0BC4DF7BF4D9: changes role from  FOLLOWER to CANDIDATE at term 4 for changeToCandidate
2019-09-20 00:03:53,150 [Thread-1645] INFO  impl.RoleInfo (RoleInfo.java:updateAndGet(143)) - c63e7fee-7ebf-4ab3-a82c-403b5cf942fc: start LeaderElection
2019-09-20 00:03:53,188 [c63e7fee-7ebf-4ab3-a82c-403b5cf942fc@group-0BC4DF7BF4D9:LeaderElection65] INFO  impl.LeaderElection (LeaderElection.java:askForVotes(182)) - c63e7fee-7ebf-4ab3-a82c-403b5cf942fc@group-0BC4DF7BF4D9:LeaderElection65: begin an election at term 5 for 0: [8f58c883-e4ba-4cdd-8662-08249772462e:192.168.5.182:35458, c63e7fee-7ebf-4ab3-a82c-403b5cf942fc:192.168.5.182:40019, fd99f976-ef3a-47b0-8e0c-a462a244f82b:192.168.5.182:45540], old=null
2019-09-20 00:03:53,192 [c63e7fee-7ebf-4ab3-a82c-403b5cf942fc@group-0BC4DF7BF4D9:LeaderElection65] INFO  impl.LeaderElection (LogUtils.java:infoOrTrace(149)) - c63e7fee-7ebf-4ab3-a82c-403b5cf942fc@group-0BC4DF7BF4D9:LeaderElection65 got exception when requesting votes: {}
java.util.concurrent.ExecutionException: org.apache.ratis.thirdparty.io.grpc.StatusRuntimeException: UNAVAILABLE: io exception
	at java.util.concurrent.FutureTask.report(FutureTask.java:122)
	at java.util.concurrent.FutureTask.get(FutureTask.java:192)
	at org.apache.ratis.server.impl.LeaderElection.waitForResults(LeaderElection.java:263)
	at org.apache.ratis.server.impl.LeaderElection.askForVotes(LeaderElection.java:201)
	at org.apache.ratis.server.impl.LeaderElection.run(LeaderElection.java:133)
	at java.lang.Thread.run(Thread.java:748)
Caused by: org.apache.ratis.thirdparty.io.grpc.StatusRuntimeException: UNAVAILABLE: io exception
	at org.apache.ratis.thirdparty.io.grpc.stub.ClientCalls.toStatusRuntimeException(ClientCalls.java:233)
	at org.apache.ratis.thirdparty.io.grpc.stub.ClientCalls.getUnchecked(ClientCalls.java:214)
	at org.apache.ratis.thirdparty.io.grpc.stub.ClientCalls.blockingUnaryCall(ClientCalls.java:139)
	at org.apache.ratis.proto.grpc.RaftServerProtocolServiceGrpc$RaftServerProtocolServiceBlockingStub.requestVote(RaftServerProtocolServiceGrpc.java:265)
	at org.apache.ratis.grpc.server.GrpcServerProtocolClient.requestVote(GrpcServerProtocolClient.java:90)
	at org.apache.ratis.grpc.server.GrpcService.requestVote(GrpcService.java:204)
	at org.apache.ratis.server.impl.LeaderElection.lambda$submitRequests$1(LeaderElection.java:238)
	at java.util.concurrent.FutureTask.run(FutureTask.java:266)
	at java.util.concurrent.Executors$RunnableAdapter.call(Executors.java:511)
	at java.util.concurrent.FutureTask.run(FutureTask.java:266)
	at java.util.concurrent.ThreadPoolExecutor.runWorker(ThreadPoolExecutor.java:1149)
	at java.util.concurrent.ThreadPoolExecutor$Worker.run(ThreadPoolExecutor.java:624)
	... 1 more
Caused by: org.apache.ratis.thirdparty.io.netty.channel.AbstractChannel$AnnotatedConnectException: Connection refused: /192.168.5.182:45540
	at sun.nio.ch.SocketChannelImpl.checkConnect(Native Method)
	at sun.nio.ch.SocketChannelImpl.finishConnect(SocketChannelImpl.java:717)
	at org.apache.ratis.thirdparty.io.netty.channel.socket.nio.NioSocketChannel.doFinishConnect(NioSocketChannel.java:327)
	at org.apache.ratis.thirdparty.io.netty.channel.nio.AbstractNioChannel$AbstractNioUnsafe.finishConnect(AbstractNioChannel.java:340)
	at org.apache.ratis.thirdparty.io.netty.channel.nio.NioEventLoop.processSelectedKey(NioEventLoop.java:632)
	at org.apache.ratis.thirdparty.io.netty.channel.nio.NioEventLoop.processSelectedKeysOptimized(NioEventLoop.java:579)
	at org.apache.ratis.thirdparty.io.netty.channel.nio.NioEventLoop.processSelectedKeys(NioEventLoop.java:496)
	at org.apache.ratis.thirdparty.io.netty.channel.nio.NioEventLoop.run(NioEventLoop.java:458)
	at org.apache.ratis.thirdparty.io.netty.util.concurrent.SingleThreadEventExecutor$5.run(SingleThreadEventExecutor.java:897)
	at org.apache.ratis.thirdparty.io.netty.util.concurrent.FastThreadLocalRunnable.run(FastThreadLocalRunnable.java:30)
	... 1 more
Caused by: java.net.ConnectException: Connection refused
	... 11 more
2019-09-20 00:03:53,194 [c63e7fee-7ebf-4ab3-a82c-403b5cf942fc@group-0BC4DF7BF4D9:LeaderElection65] INFO  impl.LeaderElection (LogUtils.java:infoOrTrace(149)) - c63e7fee-7ebf-4ab3-a82c-403b5cf942fc@group-0BC4DF7BF4D9:LeaderElection65 got exception when requesting votes: {}
java.util.concurrent.ExecutionException: org.apache.ratis.thirdparty.io.grpc.StatusRuntimeException: UNAVAILABLE: io exception
	at java.util.concurrent.FutureTask.report(FutureTask.java:122)
	at java.util.concurrent.FutureTask.get(FutureTask.java:192)
	at org.apache.ratis.server.impl.LeaderElection.waitForResults(LeaderElection.java:263)
	at org.apache.ratis.server.impl.LeaderElection.askForVotes(LeaderElection.java:201)
	at org.apache.ratis.server.impl.LeaderElection.run(LeaderElection.java:133)
	at java.lang.Thread.run(Thread.java:748)
Caused by: org.apache.ratis.thirdparty.io.grpc.StatusRuntimeException: UNAVAILABLE: io exception
	at org.apache.ratis.thirdparty.io.grpc.stub.ClientCalls.toStatusRuntimeException(ClientCalls.java:233)
	at org.apache.ratis.thirdparty.io.grpc.stub.ClientCalls.getUnchecked(ClientCalls.java:214)
	at org.apache.ratis.thirdparty.io.grpc.stub.ClientCalls.blockingUnaryCall(ClientCalls.java:139)
	at org.apache.ratis.proto.grpc.RaftServerProtocolServiceGrpc$RaftServerProtocolServiceBlockingStub.requestVote(RaftServerProtocolServiceGrpc.java:265)
	at org.apache.ratis.grpc.server.GrpcServerProtocolClient.requestVote(GrpcServerProtocolClient.java:90)
	at org.apache.ratis.grpc.server.GrpcService.requestVote(GrpcService.java:204)
	at org.apache.ratis.server.impl.LeaderElection.lambda$submitRequests$1(LeaderElection.java:238)
	at java.util.concurrent.FutureTask.run(FutureTask.java:266)
	at java.util.concurrent.Executors$RunnableAdapter.call(Executors.java:511)
	at java.util.concurrent.FutureTask.run(FutureTask.java:266)
	at java.util.concurrent.ThreadPoolExecutor.runWorker(ThreadPoolExecutor.java:1149)
	at java.util.concurrent.ThreadPoolExecutor$Worker.run(ThreadPoolExecutor.java:624)
	... 1 more
Caused by: org.apache.ratis.thirdparty.io.netty.channel.AbstractChannel$AnnotatedConnectException: Connection refused: /192.168.5.182:35458
	at sun.nio.ch.SocketChannelImpl.checkConnect(Native Method)
	at sun.nio.ch.SocketChannelImpl.finishConnect(SocketChannelImpl.java:717)
	at org.apache.ratis.thirdparty.io.netty.channel.socket.nio.NioSocketChannel.doFinishConnect(NioSocketChannel.java:327)
	at org.apache.ratis.thirdparty.io.netty.channel.nio.AbstractNioChannel$AbstractNioUnsafe.finishConnect(AbstractNioChannel.java:340)
	at org.apache.ratis.thirdparty.io.netty.channel.nio.NioEventLoop.processSelectedKey(NioEventLoop.java:632)
	at org.apache.ratis.thirdparty.io.netty.channel.nio.NioEventLoop.processSelectedKeysOptimized(NioEventLoop.java:579)
	at org.apache.ratis.thirdparty.io.netty.channel.nio.NioEventLoop.processSelectedKeys(NioEventLoop.java:496)
	at org.apache.ratis.thirdparty.io.netty.channel.nio.NioEventLoop.run(NioEventLoop.java:458)
	at org.apache.ratis.thirdparty.io.netty.util.concurrent.SingleThreadEventExecutor$5.run(SingleThreadEventExecutor.java:897)
	at org.apache.ratis.thirdparty.io.netty.util.concurrent.FastThreadLocalRunnable.run(FastThreadLocalRunnable.java:30)
	... 1 more
Caused by: java.net.ConnectException: Connection refused
	... 11 more
2019-09-20 00:03:53,197 [c63e7fee-7ebf-4ab3-a82c-403b5cf942fc@group-0BC4DF7BF4D9:LeaderElection65] INFO  impl.LeaderElection (LeaderElection.java:logAndReturn(56)) - c63e7fee-7ebf-4ab3-a82c-403b5cf942fc@group-0BC4DF7BF4D9:LeaderElection65: Election REJECTED; received 0 response(s) [] and 2 exception(s); c63e7fee-7ebf-4ab3-a82c-403b5cf942fc@group-0BC4DF7BF4D9:t5, leader=null, voted=c63e7fee-7ebf-4ab3-a82c-403b5cf942fc, raftlog=c63e7fee-7ebf-4ab3-a82c-403b5cf942fc@group-0BC4DF7BF4D9-SegmentedRaftLog:OPENED:c2,f2,i2, conf=0: [8f58c883-e4ba-4cdd-8662-08249772462e:192.168.5.182:35458, c63e7fee-7ebf-4ab3-a82c-403b5cf942fc:192.168.5.182:40019, fd99f976-ef3a-47b0-8e0c-a462a244f82b:192.168.5.182:45540], old=null
2019-09-20 00:03:53,197 [c63e7fee-7ebf-4ab3-a82c-403b5cf942fc@group-0BC4DF7BF4D9:LeaderElection65] INFO  impl.LeaderElection (LogUtils.java:infoOrTrace(149)) -   Exception 0: {}
java.util.concurrent.ExecutionException: org.apache.ratis.thirdparty.io.grpc.StatusRuntimeException: UNAVAILABLE: io exception
	at java.util.concurrent.FutureTask.report(FutureTask.java:122)
	at java.util.concurrent.FutureTask.get(FutureTask.java:192)
	at org.apache.ratis.server.impl.LeaderElection.waitForResults(LeaderElection.java:263)
	at org.apache.ratis.server.impl.LeaderElection.askForVotes(LeaderElection.java:201)
	at org.apache.ratis.server.impl.LeaderElection.run(LeaderElection.java:133)
	at java.lang.Thread.run(Thread.java:748)
Caused by: org.apache.ratis.thirdparty.io.grpc.StatusRuntimeException: UNAVAILABLE: io exception
	at org.apache.ratis.thirdparty.io.grpc.stub.ClientCalls.toStatusRuntimeException(ClientCalls.java:233)
	at org.apache.ratis.thirdparty.io.grpc.stub.ClientCalls.getUnchecked(ClientCalls.java:214)
	at org.apache.ratis.thirdparty.io.grpc.stub.ClientCalls.blockingUnaryCall(ClientCalls.java:139)
	at org.apache.ratis.proto.grpc.RaftServerProtocolServiceGrpc$RaftServerProtocolServiceBlockingStub.requestVote(RaftServerProtocolServiceGrpc.java:265)
	at org.apache.ratis.grpc.server.GrpcServerProtocolClient.requestVote(GrpcServerProtocolClient.java:90)
	at org.apache.ratis.grpc.server.GrpcService.requestVote(GrpcService.java:204)
	at org.apache.ratis.server.impl.LeaderElection.lambda$submitRequests$1(LeaderElection.java:238)
	at java.util.concurrent.FutureTask.run(FutureTask.java:266)
	at java.util.concurrent.Executors$RunnableAdapter.call(Executors.java:511)
	at java.util.concurrent.FutureTask.run(FutureTask.java:266)
	at java.util.concurrent.ThreadPoolExecutor.runWorker(ThreadPoolExecutor.java:1149)
	at java.util.concurrent.ThreadPoolExecutor$Worker.run(ThreadPoolExecutor.java:624)
	... 1 more
Caused by: org.apache.ratis.thirdparty.io.netty.channel.AbstractChannel$AnnotatedConnectException: Connection refused: /192.168.5.182:45540
	at sun.nio.ch.SocketChannelImpl.checkConnect(Native Method)
	at sun.nio.ch.SocketChannelImpl.finishConnect(SocketChannelImpl.java:717)
	at org.apache.ratis.thirdparty.io.netty.channel.socket.nio.NioSocketChannel.doFinishConnect(NioSocketChannel.java:327)
	at org.apache.ratis.thirdparty.io.netty.channel.nio.AbstractNioChannel$AbstractNioUnsafe.finishConnect(AbstractNioChannel.java:340)
	at org.apache.ratis.thirdparty.io.netty.channel.nio.NioEventLoop.processSelectedKey(NioEventLoop.java:632)
	at org.apache.ratis.thirdparty.io.netty.channel.nio.NioEventLoop.processSelectedKeysOptimized(NioEventLoop.java:579)
	at org.apache.ratis.thirdparty.io.netty.channel.nio.NioEventLoop.processSelectedKeys(NioEventLoop.java:496)
	at org.apache.ratis.thirdparty.io.netty.channel.nio.NioEventLoop.run(NioEventLoop.java:458)
	at org.apache.ratis.thirdparty.io.netty.util.concurrent.SingleThreadEventExecutor$5.run(SingleThreadEventExecutor.java:897)
	at org.apache.ratis.thirdparty.io.netty.util.concurrent.FastThreadLocalRunnable.run(FastThreadLocalRunnable.java:30)
	... 1 more
Caused by: java.net.ConnectException: Connection refused
	... 11 more
2019-09-20 00:03:53,197 [c63e7fee-7ebf-4ab3-a82c-403b5cf942fc@group-0BC4DF7BF4D9:LeaderElection65] INFO  impl.LeaderElection (LogUtils.java:infoOrTrace(149)) -   Exception 1: {}
java.util.concurrent.ExecutionException: org.apache.ratis.thirdparty.io.grpc.StatusRuntimeException: UNAVAILABLE: io exception
	at java.util.concurrent.FutureTask.report(FutureTask.java:122)
	at java.util.concurrent.FutureTask.get(FutureTask.java:192)
	at org.apache.ratis.server.impl.LeaderElection.waitForResults(LeaderElection.java:263)
	at org.apache.ratis.server.impl.LeaderElection.askForVotes(LeaderElection.java:201)
	at org.apache.ratis.server.impl.LeaderElection.run(LeaderElection.java:133)
	at java.lang.Thread.run(Thread.java:748)
Caused by: org.apache.ratis.thirdparty.io.grpc.StatusRuntimeException: UNAVAILABLE: io exception
	at org.apache.ratis.thirdparty.io.grpc.stub.ClientCalls.toStatusRuntimeException(ClientCalls.java:233)
	at org.apache.ratis.thirdparty.io.grpc.stub.ClientCalls.getUnchecked(ClientCalls.java:214)
	at org.apache.ratis.thirdparty.io.grpc.stub.ClientCalls.blockingUnaryCall(ClientCalls.java:139)
	at org.apache.ratis.proto.grpc.RaftServerProtocolServiceGrpc$RaftServerProtocolServiceBlockingStub.requestVote(RaftServerProtocolServiceGrpc.java:265)
	at org.apache.ratis.grpc.server.GrpcServerProtocolClient.requestVote(GrpcServerProtocolClient.java:90)
	at org.apache.ratis.grpc.server.GrpcService.requestVote(GrpcService.java:204)
	at org.apache.ratis.server.impl.LeaderElection.lambda$submitRequests$1(LeaderElection.java:238)
	at java.util.concurrent.FutureTask.run(FutureTask.java:266)
	at java.util.concurrent.Executors$RunnableAdapter.call(Executors.java:511)
	at java.util.concurrent.FutureTask.run(FutureTask.java:266)
	at java.util.concurrent.ThreadPoolExecutor.runWorker(ThreadPoolExecutor.java:1149)
	at java.util.concurrent.ThreadPoolExecutor$Worker.run(ThreadPoolExecutor.java:624)
	... 1 more
Caused by: org.apache.ratis.thirdparty.io.netty.channel.AbstractChannel$AnnotatedConnectException: Connection refused: /192.168.5.182:35458
	at sun.nio.ch.SocketChannelImpl.checkConnect(Native Method)
	at sun.nio.ch.SocketChannelImpl.finishConnect(SocketChannelImpl.java:717)
	at org.apache.ratis.thirdparty.io.netty.channel.socket.nio.NioSocketChannel.doFinishConnect(NioSocketChannel.java:327)
	at org.apache.ratis.thirdparty.io.netty.channel.nio.AbstractNioChannel$AbstractNioUnsafe.finishConnect(AbstractNioChannel.java:340)
	at org.apache.ratis.thirdparty.io.netty.channel.nio.NioEventLoop.processSelectedKey(NioEventLoop.java:632)
	at org.apache.ratis.thirdparty.io.netty.channel.nio.NioEventLoop.processSelectedKeysOptimized(NioEventLoop.java:579)
	at org.apache.ratis.thirdparty.io.netty.channel.nio.NioEventLoop.processSelectedKeys(NioEventLoop.java:496)
	at org.apache.ratis.thirdparty.io.netty.channel.nio.NioEventLoop.run(NioEventLoop.java:458)
	at org.apache.ratis.thirdparty.io.netty.util.concurrent.SingleThreadEventExecutor$5.run(SingleThreadEventExecutor.java:897)
	at org.apache.ratis.thirdparty.io.netty.util.concurrent.FastThreadLocalRunnable.run(FastThreadLocalRunnable.java:30)
	... 1 more
Caused by: java.net.ConnectException: Connection refused
	... 11 more
2019-09-20 00:03:53,198 [c63e7fee-7ebf-4ab3-a82c-403b5cf942fc@group-0BC4DF7BF4D9:LeaderElection65] INFO  impl.RaftServerImpl (RaftServerImpl.java:setRole(174)) - c63e7fee-7ebf-4ab3-a82c-403b5cf942fc@group-0BC4DF7BF4D9: changes role from CANDIDATE to FOLLOWER at term 5 for DISCOVERED_A_NEW_TERM
2019-09-20 00:03:53,198 [c63e7fee-7ebf-4ab3-a82c-403b5cf942fc@group-0BC4DF7BF4D9:LeaderElection65] INFO  impl.RoleInfo (RoleInfo.java:shutdownLeaderElection(134)) - c63e7fee-7ebf-4ab3-a82c-403b5cf942fc: shutdown LeaderElection
2019-09-20 00:03:53,198 [c63e7fee-7ebf-4ab3-a82c-403b5cf942fc@group-0BC4DF7BF4D9:LeaderElection65] INFO  impl.RoleInfo (RoleInfo.java:updateAndGet(143)) - c63e7fee-7ebf-4ab3-a82c-403b5cf942fc: start FollowerState
2019-09-20 00:03:54,868 [Thread-1665] INFO  client.GrpcClientProtocolService (GrpcClientProtocolService.java:lambda$processClientRequest$0(278)) - Failed RaftClientRequest:client-CD71A2AEDC97->c63e7fee-7ebf-4ab3-a82c-403b5cf942fc@group-0BC4DF7BF4D9, cid=69, seq=0, Watch-ALL_COMMITTED(76), Message:<EMPTY>, reply=RaftClientReply:client-CD71A2AEDC97->c63e7fee-7ebf-4ab3-a82c-403b5cf942fc@group-0BC4DF7BF4D9, cid=69, FAILED org.apache.ratis.protocol.NotLeaderException: Server c63e7fee-7ebf-4ab3-a82c-403b5cf942fc@group-0BC4DF7BF4D9 is not the leader, logIndex=0, commits[c63e7fee-7ebf-4ab3-a82c-403b5cf942fc:c2, 8f58c883-e4ba-4cdd-8662-08249772462e:c2, fd99f976-ef3a-47b0-8e0c-a462a244f82b:c2]
2019-09-20 00:03:54,876 [grpc-default-executor-1] INFO  client.GrpcClientProtocolClient (GrpcClientProtocolClient.java:onNext(264)) - client-CD71A2AEDC97->c63e7fee-7ebf-4ab3-a82c-403b5cf942fc: receive RaftClientReply:client-CD71A2AEDC97->c63e7fee-7ebf-4ab3-a82c-403b5cf942fc@group-0BC4DF7BF4D9, cid=69, FAILED org.apache.ratis.protocol.NotLeaderException: Server c63e7fee-7ebf-4ab3-a82c-403b5cf942fc@group-0BC4DF7BF4D9 is not the leader, logIndex=0, commits[c63e7fee-7ebf-4ab3-a82c-403b5cf942fc:c2, 8f58c883-e4ba-4cdd-8662-08249772462e:c2, fd99f976-ef3a-47b0-8e0c-a462a244f82b:c2]
2019-09-20 00:03:56,198 [main] WARN  scm.XceiverClientRatis (XceiverClientRatis.java:watchForCommit(292)) - 3 way commit failed on pipeline Pipeline[ Id: 9c807bb6-9f2a-4203-be25-0bc4df7bf4d9, Nodes: fd99f976-ef3a-47b0-8e0c-a462a244f82b{ip: 192.168.5.182, host: pr-hdds-2020-7x4rg-3348829713, networkLocation: /default-rack, certSerialId: null}8f58c883-e4ba-4cdd-8662-08249772462e{ip: 192.168.5.182, host: pr-hdds-2020-7x4rg-3348829713, networkLocation: /default-rack, certSerialId: null}c63e7fee-7ebf-4ab3-a82c-403b5cf942fc{ip: 192.168.5.182, host: pr-hdds-2020-7x4rg-3348829713, networkLocation: /default-rack, certSerialId: null}, Type:RATIS, Factor:THREE, State:OPEN]
java.util.concurrent.TimeoutException
	at java.util.concurrent.CompletableFuture.timedGet(CompletableFuture.java:1771)
	at java.util.concurrent.CompletableFuture.get(CompletableFuture.java:1915)
	at org.apache.hadoop.hdds.scm.XceiverClientRatis.watchForCommit(XceiverClientRatis.java:289)
	at org.apache.hadoop.ozone.client.rpc.TestWatchForCommit.testWatchForCommitForRetryfailure(TestWatchForCommit.java:345)
	at sun.reflect.NativeMethodAccessorImpl.invoke0(Native Method)
	at sun.reflect.NativeMethodAccessorImpl.invoke(NativeMethodAccessorImpl.java:62)
	at sun.reflect.DelegatingMethodAccessorImpl.invoke(DelegatingMethodAccessorImpl.java:43)
	at java.lang.reflect.Method.invoke(Method.java:498)
	at org.junit.runners.model.FrameworkMethod$1.runReflectiveCall(FrameworkMethod.java:47)
	at org.junit.internal.runners.model.ReflectiveCallable.run(ReflectiveCallable.java:12)
	at org.junit.runners.model.FrameworkMethod.invokeExplosively(FrameworkMethod.java:44)
	at org.junit.internal.runners.statements.InvokeMethod.evaluate(InvokeMethod.java:17)
	at org.junit.runners.ParentRunner.runLeaf(ParentRunner.java:271)
	at org.junit.runners.BlockJUnit4ClassRunner.runChild(BlockJUnit4ClassRunner.java:70)
	at org.junit.runners.BlockJUnit4ClassRunner.runChild(BlockJUnit4ClassRunner.java:50)
	at org.junit.runners.ParentRunner$3.run(ParentRunner.java:238)
	at org.junit.runners.ParentRunner$1.schedule(ParentRunner.java:63)
	at org.junit.runners.ParentRunner.runChildren(ParentRunner.java:236)
	at org.junit.runners.ParentRunner.access$000(ParentRunner.java:53)
	at org.junit.runners.ParentRunner$2.evaluate(ParentRunner.java:229)
	at org.junit.runners.ParentRunner.run(ParentRunner.java:309)
	at org.apache.maven.surefire.junit4.JUnit4Provider.execute(JUnit4Provider.java:365)
	at org.apache.maven.surefire.junit4.JUnit4Provider.executeWithRerun(JUnit4Provider.java:273)
	at org.apache.maven.surefire.junit4.JUnit4Provider.executeTestSet(JUnit4Provider.java:238)
	at org.apache.maven.surefire.junit4.JUnit4Provider.invoke(JUnit4Provider.java:159)
	at org.apache.maven.surefire.booter.ForkedBooter.invokeProviderInSameClassLoader(ForkedBooter.java:384)
	at org.apache.maven.surefire.booter.ForkedBooter.runSuitesInProcess(ForkedBooter.java:345)
	at org.apache.maven.surefire.booter.ForkedBooter.execute(ForkedBooter.java:126)
	at org.apache.maven.surefire.booter.ForkedBooter.main(ForkedBooter.java:418)
2019-09-20 00:03:56,212 [Thread-1672] INFO  client.GrpcClientProtocolService (GrpcClientProtocolService.java:lambda$processClientRequest$0(278)) - Failed RaftClientRequest:client-CD71A2AEDC97->c63e7fee-7ebf-4ab3-a82c-403b5cf942fc@group-0BC4DF7BF4D9, cid=70, seq=0, Watch-MAJORITY_COMMITTED(76), Message:<EMPTY>, reply=RaftClientReply:client-CD71A2AEDC97->c63e7fee-7ebf-4ab3-a82c-403b5cf942fc@group-0BC4DF7BF4D9, cid=70, FAILED org.apache.ratis.protocol.NotLeaderException: Server c63e7fee-7ebf-4ab3-a82c-403b5cf942fc@group-0BC4DF7BF4D9 is not the leader, logIndex=0, commits[c63e7fee-7ebf-4ab3-a82c-403b5cf942fc:c2, 8f58c883-e4ba-4cdd-8662-08249772462e:c2, fd99f976-ef3a-47b0-8e0c-a462a244f82b:c2]
2019-09-20 00:03:56,218 [grpc-default-executor-1] INFO  client.GrpcClientProtocolClient (GrpcClientProtocolClient.java:onNext(264)) - client-CD71A2AEDC97->c63e7fee-7ebf-4ab3-a82c-403b5cf942fc: receive RaftClientReply:client-CD71A2AEDC97->c63e7fee-7ebf-4ab3-a82c-403b5cf942fc@group-0BC4DF7BF4D9, cid=70, FAILED org.apache.ratis.protocol.NotLeaderException: Server c63e7fee-7ebf-4ab3-a82c-403b5cf942fc@group-0BC4DF7BF4D9 is not the leader, logIndex=0, commits[c63e7fee-7ebf-4ab3-a82c-403b5cf942fc:c2, 8f58c883-e4ba-4cdd-8662-08249772462e:c2, fd99f976-ef3a-47b0-8e0c-a462a244f82b:c2]
2019-09-20 00:03:58,342 [Thread-1659] INFO  impl.FollowerState (FollowerState.java:run(106)) - c63e7fee-7ebf-4ab3-a82c-403b5cf942fc:group-0BC4DF7BF4D9 changes to CANDIDATE, lastRpcTime:5143, electionTimeout:5143ms
2019-09-20 00:03:58,345 [Thread-1659] INFO  impl.RoleInfo (RoleInfo.java:shutdownFollowerState(121)) - c63e7fee-7ebf-4ab3-a82c-403b5cf942fc: shutdown FollowerState
2019-09-20 00:03:58,345 [Thread-1659] INFO  impl.RaftServerImpl (RaftServerImpl.java:setRole(174)) - c63e7fee-7ebf-4ab3-a82c-403b5cf942fc@group-0BC4DF7BF4D9: changes role from  FOLLOWER to CANDIDATE at term 5 for changeToCandidate
2019-09-20 00:03:58,345 [Thread-1659] INFO  impl.RoleInfo (RoleInfo.java:updateAndGet(143)) - c63e7fee-7ebf-4ab3-a82c-403b5cf942fc: start LeaderElection
2019-09-20 00:03:58,374 [c63e7fee-7ebf-4ab3-a82c-403b5cf942fc@group-0BC4DF7BF4D9:LeaderElection66] INFO  impl.LeaderElection (LeaderElection.java:askForVotes(182)) - c63e7fee-7ebf-4ab3-a82c-403b5cf942fc@group-0BC4DF7BF4D9:LeaderElection66: begin an election at term 6 for 0: [8f58c883-e4ba-4cdd-8662-08249772462e:192.168.5.182:35458, c63e7fee-7ebf-4ab3-a82c-403b5cf942fc:192.168.5.182:40019, fd99f976-ef3a-47b0-8e0c-a462a244f82b:192.168.5.182:45540], old=null
2019-09-20 00:03:58,377 [c63e7fee-7ebf-4ab3-a82c-403b5cf942fc@group-0BC4DF7BF4D9:LeaderElection66] INFO  impl.LeaderElection (LogUtils.java:infoOrTrace(149)) - c63e7fee-7ebf-4ab3-a82c-403b5cf942fc@group-0BC4DF7BF4D9:LeaderElection66 got exception when requesting votes: {}
java.util.concurrent.ExecutionException: org.apache.ratis.thirdparty.io.grpc.StatusRuntimeException: UNAVAILABLE: io exception
	at java.util.concurrent.FutureTask.report(FutureTask.java:122)
	at java.util.concurrent.FutureTask.get(FutureTask.java:192)
	at org.apache.ratis.server.impl.LeaderElection.waitForResults(LeaderElection.java:263)
	at org.apache.ratis.server.impl.LeaderElection.askForVotes(LeaderElection.java:201)
	at org.apache.ratis.server.impl.LeaderElection.run(LeaderElection.java:133)
	at java.lang.Thread.run(Thread.java:748)
Caused by: org.apache.ratis.thirdparty.io.grpc.StatusRuntimeException: UNAVAILABLE: io exception
	at org.apache.ratis.thirdparty.io.grpc.stub.ClientCalls.toStatusRuntimeException(ClientCalls.java:233)
	at org.apache.ratis.thirdparty.io.grpc.stub.ClientCalls.getUnchecked(ClientCalls.java:214)
	at org.apache.ratis.thirdparty.io.grpc.stub.ClientCalls.blockingUnaryCall(ClientCalls.java:139)
	at org.apache.ratis.proto.grpc.RaftServerProtocolServiceGrpc$RaftServerProtocolServiceBlockingStub.requestVote(RaftServerProtocolServiceGrpc.java:265)
	at org.apache.ratis.grpc.server.GrpcServerProtocolClient.requestVote(GrpcServerProtocolClient.java:90)
	at org.apache.ratis.grpc.server.GrpcService.requestVote(GrpcService.java:204)
	at org.apache.ratis.server.impl.LeaderElection.lambda$submitRequests$1(LeaderElection.java:238)
	at java.util.concurrent.FutureTask.run(FutureTask.java:266)
	at java.util.concurrent.Executors$RunnableAdapter.call(Executors.java:511)
	at java.util.concurrent.FutureTask.run(FutureTask.java:266)
	at java.util.concurrent.ThreadPoolExecutor.runWorker(ThreadPoolExecutor.java:1149)
	at java.util.concurrent.ThreadPoolExecutor$Worker.run(ThreadPoolExecutor.java:624)
	... 1 more
Caused by: org.apache.ratis.thirdparty.io.netty.channel.AbstractChannel$AnnotatedConnectException: Connection refused: /192.168.5.182:45540
	at sun.nio.ch.SocketChannelImpl.checkConnect(Native Method)
	at sun.nio.ch.SocketChannelImpl.finishConnect(SocketChannelImpl.java:717)
	at org.apache.ratis.thirdparty.io.netty.channel.socket.nio.NioSocketChannel.doFinishConnect(NioSocketChannel.java:327)
	at org.apache.ratis.thirdparty.io.netty.channel.nio.AbstractNioChannel$AbstractNioUnsafe.finishConnect(AbstractNioChannel.java:340)
	at org.apache.ratis.thirdparty.io.netty.channel.nio.NioEventLoop.processSelectedKey(NioEventLoop.java:632)
	at org.apache.ratis.thirdparty.io.netty.channel.nio.NioEventLoop.processSelectedKeysOptimized(NioEventLoop.java:579)
	at org.apache.ratis.thirdparty.io.netty.channel.nio.NioEventLoop.processSelectedKeys(NioEventLoop.java:496)
	at org.apache.ratis.thirdparty.io.netty.channel.nio.NioEventLoop.run(NioEventLoop.java:458)
	at org.apache.ratis.thirdparty.io.netty.util.concurrent.SingleThreadEventExecutor$5.run(SingleThreadEventExecutor.java:897)
	at org.apache.ratis.thirdparty.io.netty.util.concurrent.FastThreadLocalRunnable.run(FastThreadLocalRunnable.java:30)
	... 1 more
Caused by: java.net.ConnectException: Connection refused
	... 11 more
2019-09-20 00:03:58,379 [c63e7fee-7ebf-4ab3-a82c-403b5cf942fc@group-0BC4DF7BF4D9:LeaderElection66] INFO  impl.LeaderElection (LogUtils.java:infoOrTrace(149)) - c63e7fee-7ebf-4ab3-a82c-403b5cf942fc@group-0BC4DF7BF4D9:LeaderElection66 got exception when requesting votes: {}
java.util.concurrent.ExecutionException: org.apache.ratis.thirdparty.io.grpc.StatusRuntimeException: UNAVAILABLE: io exception
	at java.util.concurrent.FutureTask.report(FutureTask.java:122)
	at java.util.concurrent.FutureTask.get(FutureTask.java:192)
	at org.apache.ratis.server.impl.LeaderElection.waitForResults(LeaderElection.java:263)
	at org.apache.ratis.server.impl.LeaderElection.askForVotes(LeaderElection.java:201)
	at org.apache.ratis.server.impl.LeaderElection.run(LeaderElection.java:133)
	at java.lang.Thread.run(Thread.java:748)
Caused by: org.apache.ratis.thirdparty.io.grpc.StatusRuntimeException: UNAVAILABLE: io exception
	at org.apache.ratis.thirdparty.io.grpc.stub.ClientCalls.toStatusRuntimeException(ClientCalls.java:233)
	at org.apache.ratis.thirdparty.io.grpc.stub.ClientCalls.getUnchecked(ClientCalls.java:214)
	at org.apache.ratis.thirdparty.io.grpc.stub.ClientCalls.blockingUnaryCall(ClientCalls.java:139)
	at org.apache.ratis.proto.grpc.RaftServerProtocolServiceGrpc$RaftServerProtocolServiceBlockingStub.requestVote(RaftServerProtocolServiceGrpc.java:265)
	at org.apache.ratis.grpc.server.GrpcServerProtocolClient.requestVote(GrpcServerProtocolClient.java:90)
	at org.apache.ratis.grpc.server.GrpcService.requestVote(GrpcService.java:204)
	at org.apache.ratis.server.impl.LeaderElection.lambda$submitRequests$1(LeaderElection.java:238)
	at java.util.concurrent.FutureTask.run(FutureTask.java:266)
	at java.util.concurrent.Executors$RunnableAdapter.call(Executors.java:511)
	at java.util.concurrent.FutureTask.run(FutureTask.java:266)
	at java.util.concurrent.ThreadPoolExecutor.runWorker(ThreadPoolExecutor.java:1149)
	at java.util.concurrent.ThreadPoolExecutor$Worker.run(ThreadPoolExecutor.java:624)
	... 1 more
Caused by: org.apache.ratis.thirdparty.io.netty.channel.AbstractChannel$AnnotatedConnectException: Connection refused: /192.168.5.182:35458
	at sun.nio.ch.SocketChannelImpl.checkConnect(Native Method)
	at sun.nio.ch.SocketChannelImpl.finishConnect(SocketChannelImpl.java:717)
	at org.apache.ratis.thirdparty.io.netty.channel.socket.nio.NioSocketChannel.doFinishConnect(NioSocketChannel.java:327)
	at org.apache.ratis.thirdparty.io.netty.channel.nio.AbstractNioChannel$AbstractNioUnsafe.finishConnect(AbstractNioChannel.java:340)
	at org.apache.ratis.thirdparty.io.netty.channel.nio.NioEventLoop.processSelectedKey(NioEventLoop.java:632)
	at org.apache.ratis.thirdparty.io.netty.channel.nio.NioEventLoop.processSelectedKeysOptimized(NioEventLoop.java:579)
	at org.apache.ratis.thirdparty.io.netty.channel.nio.NioEventLoop.processSelectedKeys(NioEventLoop.java:496)
	at org.apache.ratis.thirdparty.io.netty.channel.nio.NioEventLoop.run(NioEventLoop.java:458)
	at org.apache.ratis.thirdparty.io.netty.util.concurrent.SingleThreadEventExecutor$5.run(SingleThreadEventExecutor.java:897)
	at org.apache.ratis.thirdparty.io.netty.util.concurrent.FastThreadLocalRunnable.run(FastThreadLocalRunnable.java:30)
	... 1 more
Caused by: java.net.ConnectException: Connection refused
	... 11 more
2019-09-20 00:03:58,381 [c63e7fee-7ebf-4ab3-a82c-403b5cf942fc@group-0BC4DF7BF4D9:LeaderElection66] INFO  impl.LeaderElection (LeaderElection.java:logAndReturn(56)) - c63e7fee-7ebf-4ab3-a82c-403b5cf942fc@group-0BC4DF7BF4D9:LeaderElection66: Election REJECTED; received 0 response(s) [] and 2 exception(s); c63e7fee-7ebf-4ab3-a82c-403b5cf942fc@group-0BC4DF7BF4D9:t6, leader=null, voted=c63e7fee-7ebf-4ab3-a82c-403b5cf942fc, raftlog=c63e7fee-7ebf-4ab3-a82c-403b5cf942fc@group-0BC4DF7BF4D9-SegmentedRaftLog:OPENED:c2,f2,i2, conf=0: [8f58c883-e4ba-4cdd-8662-08249772462e:192.168.5.182:35458, c63e7fee-7ebf-4ab3-a82c-403b5cf942fc:192.168.5.182:40019, fd99f976-ef3a-47b0-8e0c-a462a244f82b:192.168.5.182:45540], old=null
2019-09-20 00:03:58,381 [c63e7fee-7ebf-4ab3-a82c-403b5cf942fc@group-0BC4DF7BF4D9:LeaderElection66] INFO  impl.LeaderElection (LogUtils.java:infoOrTrace(149)) -   Exception 0: {}
java.util.concurrent.ExecutionException: org.apache.ratis.thirdparty.io.grpc.StatusRuntimeException: UNAVAILABLE: io exception
	at java.util.concurrent.FutureTask.report(FutureTask.java:122)
	at java.util.concurrent.FutureTask.get(FutureTask.java:192)
	at org.apache.ratis.server.impl.LeaderElection.waitForResults(LeaderElection.java:263)
	at org.apache.ratis.server.impl.LeaderElection.askForVotes(LeaderElection.java:201)
	at org.apache.ratis.server.impl.LeaderElection.run(LeaderElection.java:133)
	at java.lang.Thread.run(Thread.java:748)
Caused by: org.apache.ratis.thirdparty.io.grpc.StatusRuntimeException: UNAVAILABLE: io exception
	at org.apache.ratis.thirdparty.io.grpc.stub.ClientCalls.toStatusRuntimeException(ClientCalls.java:233)
	at org.apache.ratis.thirdparty.io.grpc.stub.ClientCalls.getUnchecked(ClientCalls.java:214)
	at org.apache.ratis.thirdparty.io.grpc.stub.ClientCalls.blockingUnaryCall(ClientCalls.java:139)
	at org.apache.ratis.proto.grpc.RaftServerProtocolServiceGrpc$RaftServerProtocolServiceBlockingStub.requestVote(RaftServerProtocolServiceGrpc.java:265)
	at org.apache.ratis.grpc.server.GrpcServerProtocolClient.requestVote(GrpcServerProtocolClient.java:90)
	at org.apache.ratis.grpc.server.GrpcService.requestVote(GrpcService.java:204)
	at org.apache.ratis.server.impl.LeaderElection.lambda$submitRequests$1(LeaderElection.java:238)
	at java.util.concurrent.FutureTask.run(FutureTask.java:266)
	at java.util.concurrent.Executors$RunnableAdapter.call(Executors.java:511)
	at java.util.concurrent.FutureTask.run(FutureTask.java:266)
	at java.util.concurrent.ThreadPoolExecutor.runWorker(ThreadPoolExecutor.java:1149)
	at java.util.concurrent.ThreadPoolExecutor$Worker.run(ThreadPoolExecutor.java:624)
	... 1 more
Caused by: org.apache.ratis.thirdparty.io.netty.channel.AbstractChannel$AnnotatedConnectException: Connection refused: /192.168.5.182:45540
	at sun.nio.ch.SocketChannelImpl.checkConnect(Native Method)
	at sun.nio.ch.SocketChannelImpl.finishConnect(SocketChannelImpl.java:717)
	at org.apache.ratis.thirdparty.io.netty.channel.socket.nio.NioSocketChannel.doFinishConnect(NioSocketChannel.java:327)
	at org.apache.ratis.thirdparty.io.netty.channel.nio.AbstractNioChannel$AbstractNioUnsafe.finishConnect(AbstractNioChannel.java:340)
	at org.apache.ratis.thirdparty.io.netty.channel.nio.NioEventLoop.processSelectedKey(NioEventLoop.java:632)
	at org.apache.ratis.thirdparty.io.netty.channel.nio.NioEventLoop.processSelectedKeysOptimized(NioEventLoop.java:579)
	at org.apache.ratis.thirdparty.io.netty.channel.nio.NioEventLoop.processSelectedKeys(NioEventLoop.java:496)
	at org.apache.ratis.thirdparty.io.netty.channel.nio.NioEventLoop.run(NioEventLoop.java:458)
	at org.apache.ratis.thirdparty.io.netty.util.concurrent.SingleThreadEventExecutor$5.run(SingleThreadEventExecutor.java:897)
	at org.apache.ratis.thirdparty.io.netty.util.concurrent.FastThreadLocalRunnable.run(FastThreadLocalRunnable.java:30)
	... 1 more
Caused by: java.net.ConnectException: Connection refused
	... 11 more
2019-09-20 00:03:58,382 [c63e7fee-7ebf-4ab3-a82c-403b5cf942fc@group-0BC4DF7BF4D9:LeaderElection66] INFO  impl.LeaderElection (LogUtils.java:infoOrTrace(149)) -   Exception 1: {}
java.util.concurrent.ExecutionException: org.apache.ratis.thirdparty.io.grpc.StatusRuntimeException: UNAVAILABLE: io exception
	at java.util.concurrent.FutureTask.report(FutureTask.java:122)
	at java.util.concurrent.FutureTask.get(FutureTask.java:192)
	at org.apache.ratis.server.impl.LeaderElection.waitForResults(LeaderElection.java:263)
	at org.apache.ratis.server.impl.LeaderElection.askForVotes(LeaderElection.java:201)
	at org.apache.ratis.server.impl.LeaderElection.run(LeaderElection.java:133)
	at java.lang.Thread.run(Thread.java:748)
Caused by: org.apache.ratis.thirdparty.io.grpc.StatusRuntimeException: UNAVAILABLE: io exception
	at org.apache.ratis.thirdparty.io.grpc.stub.ClientCalls.toStatusRuntimeException(ClientCalls.java:233)
	at org.apache.ratis.thirdparty.io.grpc.stub.ClientCalls.getUnchecked(ClientCalls.java:214)
	at org.apache.ratis.thirdparty.io.grpc.stub.ClientCalls.blockingUnaryCall(ClientCalls.java:139)
	at org.apache.ratis.proto.grpc.RaftServerProtocolServiceGrpc$RaftServerProtocolServiceBlockingStub.requestVote(RaftServerProtocolServiceGrpc.java:265)
	at org.apache.ratis.grpc.server.GrpcServerProtocolClient.requestVote(GrpcServerProtocolClient.java:90)
	at org.apache.ratis.grpc.server.GrpcService.requestVote(GrpcService.java:204)
	at org.apache.ratis.server.impl.LeaderElection.lambda$submitRequests$1(LeaderElection.java:238)
	at java.util.concurrent.FutureTask.run(FutureTask.java:266)
	at java.util.concurrent.Executors$RunnableAdapter.call(Executors.java:511)
	at java.util.concurrent.FutureTask.run(FutureTask.java:266)
	at java.util.concurrent.ThreadPoolExecutor.runWorker(ThreadPoolExecutor.java:1149)
	at java.util.concurrent.ThreadPoolExecutor$Worker.run(ThreadPoolExecutor.java:624)
	... 1 more
Caused by: org.apache.ratis.thirdparty.io.netty.channel.AbstractChannel$AnnotatedConnectException: Connection refused: /192.168.5.182:35458
	at sun.nio.ch.SocketChannelImpl.checkConnect(Native Method)
	at sun.nio.ch.SocketChannelImpl.finishConnect(SocketChannelImpl.java:717)
	at org.apache.ratis.thirdparty.io.netty.channel.socket.nio.NioSocketChannel.doFinishConnect(NioSocketChannel.java:327)
	at org.apache.ratis.thirdparty.io.netty.channel.nio.AbstractNioChannel$AbstractNioUnsafe.finishConnect(AbstractNioChannel.java:340)
	at org.apache.ratis.thirdparty.io.netty.channel.nio.NioEventLoop.processSelectedKey(NioEventLoop.java:632)
	at org.apache.ratis.thirdparty.io.netty.channel.nio.NioEventLoop.processSelectedKeysOptimized(NioEventLoop.java:579)
	at org.apache.ratis.thirdparty.io.netty.channel.nio.NioEventLoop.processSelectedKeys(NioEventLoop.java:496)
	at org.apache.ratis.thirdparty.io.netty.channel.nio.NioEventLoop.run(NioEventLoop.java:458)
	at org.apache.ratis.thirdparty.io.netty.util.concurrent.SingleThreadEventExecutor$5.run(SingleThreadEventExecutor.java:897)
	at org.apache.ratis.thirdparty.io.netty.util.concurrent.FastThreadLocalRunnable.run(FastThreadLocalRunnable.java:30)
	... 1 more
Caused by: java.net.ConnectException: Connection refused
	... 11 more
2019-09-20 00:03:58,382 [c63e7fee-7ebf-4ab3-a82c-403b5cf942fc@group-0BC4DF7BF4D9:LeaderElection66] INFO  impl.RaftServerImpl (RaftServerImpl.java:setRole(174)) - c63e7fee-7ebf-4ab3-a82c-403b5cf942fc@group-0BC4DF7BF4D9: changes role from CANDIDATE to FOLLOWER at term 6 for DISCOVERED_A_NEW_TERM
2019-09-20 00:03:58,382 [c63e7fee-7ebf-4ab3-a82c-403b5cf942fc@group-0BC4DF7BF4D9:LeaderElection66] INFO  impl.RoleInfo (RoleInfo.java:shutdownLeaderElection(134)) - c63e7fee-7ebf-4ab3-a82c-403b5cf942fc: shutdown LeaderElection
2019-09-20 00:03:58,382 [c63e7fee-7ebf-4ab3-a82c-403b5cf942fc@group-0BC4DF7BF4D9:LeaderElection66] INFO  impl.RoleInfo (RoleInfo.java:updateAndGet(143)) - c63e7fee-7ebf-4ab3-a82c-403b5cf942fc: start FollowerState
2019-09-20 00:03:59,855 [Thread-1687] INFO  client.GrpcClientProtocolService (GrpcClientProtocolService.java:lambda$processClientRequest$0(278)) - Failed RaftClientRequest:client-CD71A2AEDC97->c63e7fee-7ebf-4ab3-a82c-403b5cf942fc@group-0BC4DF7BF4D9, cid=70, seq=0, Watch-MAJORITY_COMMITTED(76), Message:<EMPTY>, reply=RaftClientReply:client-CD71A2AEDC97->c63e7fee-7ebf-4ab3-a82c-403b5cf942fc@group-0BC4DF7BF4D9, cid=70, FAILED org.apache.ratis.protocol.NotLeaderException: Server c63e7fee-7ebf-4ab3-a82c-403b5cf942fc@group-0BC4DF7BF4D9 is not the leader, logIndex=0, commits[c63e7fee-7ebf-4ab3-a82c-403b5cf942fc:c2, 8f58c883-e4ba-4cdd-8662-08249772462e:c2, fd99f976-ef3a-47b0-8e0c-a462a244f82b:c2]
2019-09-20 00:03:59,860 [Thread-1688] INFO  client.GrpcClientProtocolService (GrpcClientProtocolService.java:lambda$processClientRequest$0(278)) - Failed RaftClientRequest:client-CD71A2AEDC97->c63e7fee-7ebf-4ab3-a82c-403b5cf942fc@group-0BC4DF7BF4D9, cid=69, seq=0, Watch-ALL_COMMITTED(76), Message:<EMPTY>, reply=RaftClientReply:client-CD71A2AEDC97->c63e7fee-7ebf-4ab3-a82c-403b5cf942fc@group-0BC4DF7BF4D9, cid=69, FAILED org.apache.ratis.protocol.NotLeaderException: Server c63e7fee-7ebf-4ab3-a82c-403b5cf942fc@group-0BC4DF7BF4D9 is not the leader, logIndex=0, commits[c63e7fee-7ebf-4ab3-a82c-403b5cf942fc:c2, 8f58c883-e4ba-4cdd-8662-08249772462e:c2, fd99f976-ef3a-47b0-8e0c-a462a244f82b:c2]
2019-09-20 00:03:59,866 [grpc-default-executor-6] INFO  client.GrpcClientProtocolClient (GrpcClientProtocolClient.java:onNext(264)) - client-CD71A2AEDC97->c63e7fee-7ebf-4ab3-a82c-403b5cf942fc: receive RaftClientReply:client-CD71A2AEDC97->c63e7fee-7ebf-4ab3-a82c-403b5cf942fc@group-0BC4DF7BF4D9, cid=69, FAILED org.apache.ratis.protocol.NotLeaderException: Server c63e7fee-7ebf-4ab3-a82c-403b5cf942fc@group-0BC4DF7BF4D9 is not the leader, logIndex=0, commits[c63e7fee-7ebf-4ab3-a82c-403b5cf942fc:c2, 8f58c883-e4ba-4cdd-8662-08249772462e:c2, fd99f976-ef3a-47b0-8e0c-a462a244f82b:c2]
2019-09-20 00:03:59,889 [grpc-default-executor-6] INFO  client.GrpcClientProtocolClient (GrpcClientProtocolClient.java:onNext(264)) - client-CD71A2AEDC97->c63e7fee-7ebf-4ab3-a82c-403b5cf942fc: receive RaftClientReply:client-CD71A2AEDC97->c63e7fee-7ebf-4ab3-a82c-403b5cf942fc@group-0BC4DF7BF4D9, cid=70, FAILED org.apache.ratis.protocol.NotLeaderException: Server c63e7fee-7ebf-4ab3-a82c-403b5cf942fc@group-0BC4DF7BF4D9 is not the leader, logIndex=0, commits[c63e7fee-7ebf-4ab3-a82c-403b5cf942fc:c2, 8f58c883-e4ba-4cdd-8662-08249772462e:c2, fd99f976-ef3a-47b0-8e0c-a462a244f82b:c2]
2019-09-20 00:04:03,490 [Thread-1682] INFO  impl.FollowerState (FollowerState.java:run(106)) - c63e7fee-7ebf-4ab3-a82c-403b5cf942fc:group-0BC4DF7BF4D9 changes to CANDIDATE, lastRpcTime:5107, electionTimeout:5107ms
2019-09-20 00:04:03,502 [Thread-1682] INFO  impl.RoleInfo (RoleInfo.java:shutdownFollowerState(121)) - c63e7fee-7ebf-4ab3-a82c-403b5cf942fc: shutdown FollowerState
2019-09-20 00:04:03,502 [Thread-1682] INFO  impl.RaftServerImpl (RaftServerImpl.java:setRole(174)) - c63e7fee-7ebf-4ab3-a82c-403b5cf942fc@group-0BC4DF7BF4D9: changes role from  FOLLOWER to CANDIDATE at term 6 for changeToCandidate
2019-09-20 00:04:03,502 [Thread-1682] INFO  impl.RoleInfo (RoleInfo.java:updateAndGet(143)) - c63e7fee-7ebf-4ab3-a82c-403b5cf942fc: start LeaderElection
2019-09-20 00:04:04,807 [c63e7fee-7ebf-4ab3-a82c-403b5cf942fc@group-0BC4DF7BF4D9:LeaderElection67] INFO  impl.LeaderElection (LeaderElection.java:askForVotes(182)) - c63e7fee-7ebf-4ab3-a82c-403b5cf942fc@group-0BC4DF7BF4D9:LeaderElection67: begin an election at term 7 for 0: [8f58c883-e4ba-4cdd-8662-08249772462e:192.168.5.182:35458, c63e7fee-7ebf-4ab3-a82c-403b5cf942fc:192.168.5.182:40019, fd99f976-ef3a-47b0-8e0c-a462a244f82b:192.168.5.182:45540], old=null
2019-09-20 00:04:04,813 [c63e7fee-7ebf-4ab3-a82c-403b5cf942fc@group-0BC4DF7BF4D9:LeaderElection67] INFO  impl.LeaderElection (LogUtils.java:infoOrTrace(149)) - c63e7fee-7ebf-4ab3-a82c-403b5cf942fc@group-0BC4DF7BF4D9:LeaderElection67 got exception when requesting votes: {}
java.util.concurrent.ExecutionException: org.apache.ratis.thirdparty.io.grpc.StatusRuntimeException: UNAVAILABLE: io exception
	at java.util.concurrent.FutureTask.report(FutureTask.java:122)
	at java.util.concurrent.FutureTask.get(FutureTask.java:192)
	at org.apache.ratis.server.impl.LeaderElection.waitForResults(LeaderElection.java:263)
	at org.apache.ratis.server.impl.LeaderElection.askForVotes(LeaderElection.java:201)
	at org.apache.ratis.server.impl.LeaderElection.run(LeaderElection.java:133)
	at java.lang.Thread.run(Thread.java:748)
Caused by: org.apache.ratis.thirdparty.io.grpc.StatusRuntimeException: UNAVAILABLE: io exception
	at org.apache.ratis.thirdparty.io.grpc.stub.ClientCalls.toStatusRuntimeException(ClientCalls.java:233)
	at org.apache.ratis.thirdparty.io.grpc.stub.ClientCalls.getUnchecked(ClientCalls.java:214)
	at org.apache.ratis.thirdparty.io.grpc.stub.ClientCalls.blockingUnaryCall(ClientCalls.java:139)
	at org.apache.ratis.proto.grpc.RaftServerProtocolServiceGrpc$RaftServerProtocolServiceBlockingStub.requestVote(RaftServerProtocolServiceGrpc.java:265)
	at org.apache.ratis.grpc.server.GrpcServerProtocolClient.requestVote(GrpcServerProtocolClient.java:90)
	at org.apache.ratis.grpc.server.GrpcService.requestVote(GrpcService.java:204)
	at org.apache.ratis.server.impl.LeaderElection.lambda$submitRequests$1(LeaderElection.java:238)
	at java.util.concurrent.FutureTask.run(FutureTask.java:266)
	at java.util.concurrent.Executors$RunnableAdapter.call(Executors.java:511)
	at java.util.concurrent.FutureTask.run(FutureTask.java:266)
	at java.util.concurrent.ThreadPoolExecutor.runWorker(ThreadPoolExecutor.java:1149)
	at java.util.concurrent.ThreadPoolExecutor$Worker.run(ThreadPoolExecutor.java:624)
	... 1 more
Caused by: org.apache.ratis.thirdparty.io.netty.channel.AbstractChannel$AnnotatedConnectException: Connection refused: /192.168.5.182:45540
	at sun.nio.ch.SocketChannelImpl.checkConnect(Native Method)
	at sun.nio.ch.SocketChannelImpl.finishConnect(SocketChannelImpl.java:717)
	at org.apache.ratis.thirdparty.io.netty.channel.socket.nio.NioSocketChannel.doFinishConnect(NioSocketChannel.java:327)
	at org.apache.ratis.thirdparty.io.netty.channel.nio.AbstractNioChannel$AbstractNioUnsafe.finishConnect(AbstractNioChannel.java:340)
	at org.apache.ratis.thirdparty.io.netty.channel.nio.NioEventLoop.processSelectedKey(NioEventLoop.java:632)
	at org.apache.ratis.thirdparty.io.netty.channel.nio.NioEventLoop.processSelectedKeysOptimized(NioEventLoop.java:579)
	at org.apache.ratis.thirdparty.io.netty.channel.nio.NioEventLoop.processSelectedKeys(NioEventLoop.java:496)
	at org.apache.ratis.thirdparty.io.netty.channel.nio.NioEventLoop.run(NioEventLoop.java:458)
	at org.apache.ratis.thirdparty.io.netty.util.concurrent.SingleThreadEventExecutor$5.run(SingleThreadEventExecutor.java:897)
	at org.apache.ratis.thirdparty.io.netty.util.concurrent.FastThreadLocalRunnable.run(FastThreadLocalRunnable.java:30)
	... 1 more
Caused by: java.net.ConnectException: Connection refused
	... 11 more
2019-09-20 00:04:04,817 [c63e7fee-7ebf-4ab3-a82c-403b5cf942fc@group-0BC4DF7BF4D9:LeaderElection67] INFO  impl.LeaderElection (LogUtils.java:infoOrTrace(149)) - c63e7fee-7ebf-4ab3-a82c-403b5cf942fc@group-0BC4DF7BF4D9:LeaderElection67 got exception when requesting votes: {}
java.util.concurrent.ExecutionException: org.apache.ratis.thirdparty.io.grpc.StatusRuntimeException: UNAVAILABLE: io exception
	at java.util.concurrent.FutureTask.report(FutureTask.java:122)
	at java.util.concurrent.FutureTask.get(FutureTask.java:192)
	at org.apache.ratis.server.impl.LeaderElection.waitForResults(LeaderElection.java:263)
	at org.apache.ratis.server.impl.LeaderElection.askForVotes(LeaderElection.java:201)
	at org.apache.ratis.server.impl.LeaderElection.run(LeaderElection.java:133)
	at java.lang.Thread.run(Thread.java:748)
Caused by: org.apache.ratis.thirdparty.io.grpc.StatusRuntimeException: UNAVAILABLE: io exception
	at org.apache.ratis.thirdparty.io.grpc.stub.ClientCalls.toStatusRuntimeException(ClientCalls.java:233)
	at org.apache.ratis.thirdparty.io.grpc.stub.ClientCalls.getUnchecked(ClientCalls.java:214)
	at org.apache.ratis.thirdparty.io.grpc.stub.ClientCalls.blockingUnaryCall(ClientCalls.java:139)
	at org.apache.ratis.proto.grpc.RaftServerProtocolServiceGrpc$RaftServerProtocolServiceBlockingStub.requestVote(RaftServerProtocolServiceGrpc.java:265)
	at org.apache.ratis.grpc.server.GrpcServerProtocolClient.requestVote(GrpcServerProtocolClient.java:90)
	at org.apache.ratis.grpc.server.GrpcService.requestVote(GrpcService.java:204)
	at org.apache.ratis.server.impl.LeaderElection.lambda$submitRequests$1(LeaderElection.java:238)
	at java.util.concurrent.FutureTask.run(FutureTask.java:266)
	at java.util.concurrent.Executors$RunnableAdapter.call(Executors.java:511)
	at java.util.concurrent.FutureTask.run(FutureTask.java:266)
	at java.util.concurrent.ThreadPoolExecutor.runWorker(ThreadPoolExecutor.java:1149)
	at java.util.concurrent.ThreadPoolExecutor$Worker.run(ThreadPoolExecutor.java:624)
	... 1 more
Caused by: org.apache.ratis.thirdparty.io.netty.channel.AbstractChannel$AnnotatedConnectException: Connection refused: /192.168.5.182:35458
	at sun.nio.ch.SocketChannelImpl.checkConnect(Native Method)
	at sun.nio.ch.SocketChannelImpl.finishConnect(SocketChannelImpl.java:717)
	at org.apache.ratis.thirdparty.io.netty.channel.socket.nio.NioSocketChannel.doFinishConnect(NioSocketChannel.java:327)
	at org.apache.ratis.thirdparty.io.netty.channel.nio.AbstractNioChannel$AbstractNioUnsafe.finishConnect(AbstractNioChannel.java:340)
	at org.apache.ratis.thirdparty.io.netty.channel.nio.NioEventLoop.processSelectedKey(NioEventLoop.java:632)
	at org.apache.ratis.thirdparty.io.netty.channel.nio.NioEventLoop.processSelectedKeysOptimized(NioEventLoop.java:579)
	at org.apache.ratis.thirdparty.io.netty.channel.nio.NioEventLoop.processSelectedKeys(NioEventLoop.java:496)
	at org.apache.ratis.thirdparty.io.netty.channel.nio.NioEventLoop.run(NioEventLoop.java:458)
	at org.apache.ratis.thirdparty.io.netty.util.concurrent.SingleThreadEventExecutor$5.run(SingleThreadEventExecutor.java:897)
	at org.apache.ratis.thirdparty.io.netty.util.concurrent.FastThreadLocalRunnable.run(FastThreadLocalRunnable.java:30)
	... 1 more
Caused by: java.net.ConnectException: Connection refused
	... 11 more
2019-09-20 00:04:04,820 [c63e7fee-7ebf-4ab3-a82c-403b5cf942fc@group-0BC4DF7BF4D9:LeaderElection67] INFO  impl.LeaderElection (LeaderElection.java:logAndReturn(56)) - c63e7fee-7ebf-4ab3-a82c-403b5cf942fc@group-0BC4DF7BF4D9:LeaderElection67: Election REJECTED; received 0 response(s) [] and 2 exception(s); c63e7fee-7ebf-4ab3-a82c-403b5cf942fc@group-0BC4DF7BF4D9:t7, leader=null, voted=c63e7fee-7ebf-4ab3-a82c-403b5cf942fc, raftlog=c63e7fee-7ebf-4ab3-a82c-403b5cf942fc@group-0BC4DF7BF4D9-SegmentedRaftLog:OPENED:c2,f2,i2, conf=0: [8f58c883-e4ba-4cdd-8662-08249772462e:192.168.5.182:35458, c63e7fee-7ebf-4ab3-a82c-403b5cf942fc:192.168.5.182:40019, fd99f976-ef3a-47b0-8e0c-a462a244f82b:192.168.5.182:45540], old=null
2019-09-20 00:04:04,820 [c63e7fee-7ebf-4ab3-a82c-403b5cf942fc@group-0BC4DF7BF4D9:LeaderElection67] INFO  impl.LeaderElection (LogUtils.java:infoOrTrace(149)) -   Exception 0: {}
java.util.concurrent.ExecutionException: org.apache.ratis.thirdparty.io.grpc.StatusRuntimeException: UNAVAILABLE: io exception
	at java.util.concurrent.FutureTask.report(FutureTask.java:122)
	at java.util.concurrent.FutureTask.get(FutureTask.java:192)
	at org.apache.ratis.server.impl.LeaderElection.waitForResults(LeaderElection.java:263)
	at org.apache.ratis.server.impl.LeaderElection.askForVotes(LeaderElection.java:201)
	at org.apache.ratis.server.impl.LeaderElection.run(LeaderElection.java:133)
	at java.lang.Thread.run(Thread.java:748)
Caused by: org.apache.ratis.thirdparty.io.grpc.StatusRuntimeException: UNAVAILABLE: io exception
	at org.apache.ratis.thirdparty.io.grpc.stub.ClientCalls.toStatusRuntimeException(ClientCalls.java:233)
	at org.apache.ratis.thirdparty.io.grpc.stub.ClientCalls.getUnchecked(ClientCalls.java:214)
	at org.apache.ratis.thirdparty.io.grpc.stub.ClientCalls.blockingUnaryCall(ClientCalls.java:139)
	at org.apache.ratis.proto.grpc.RaftServerProtocolServiceGrpc$RaftServerProtocolServiceBlockingStub.requestVote(RaftServerProtocolServiceGrpc.java:265)
	at org.apache.ratis.grpc.server.GrpcServerProtocolClient.requestVote(GrpcServerProtocolClient.java:90)
	at org.apache.ratis.grpc.server.GrpcService.requestVote(GrpcService.java:204)
	at org.apache.ratis.server.impl.LeaderElection.lambda$submitRequests$1(LeaderElection.java:238)
	at java.util.concurrent.FutureTask.run(FutureTask.java:266)
	at java.util.concurrent.Executors$RunnableAdapter.call(Executors.java:511)
	at java.util.concurrent.FutureTask.run(FutureTask.java:266)
	at java.util.concurrent.ThreadPoolExecutor.runWorker(ThreadPoolExecutor.java:1149)
	at java.util.concurrent.ThreadPoolExecutor$Worker.run(ThreadPoolExecutor.java:624)
	... 1 more
Caused by: org.apache.ratis.thirdparty.io.netty.channel.AbstractChannel$AnnotatedConnectException: Connection refused: /192.168.5.182:45540
	at sun.nio.ch.SocketChannelImpl.checkConnect(Native Method)
	at sun.nio.ch.SocketChannelImpl.finishConnect(SocketChannelImpl.java:717)
	at org.apache.ratis.thirdparty.io.netty.channel.socket.nio.NioSocketChannel.doFinishConnect(NioSocketChannel.java:327)
	at org.apache.ratis.thirdparty.io.netty.channel.nio.AbstractNioChannel$AbstractNioUnsafe.finishConnect(AbstractNioChannel.java:340)
	at org.apache.ratis.thirdparty.io.netty.channel.nio.NioEventLoop.processSelectedKey(NioEventLoop.java:632)
	at org.apache.ratis.thirdparty.io.netty.channel.nio.NioEventLoop.processSelectedKeysOptimized(NioEventLoop.java:579)
	at org.apache.ratis.thirdparty.io.netty.channel.nio.NioEventLoop.processSelectedKeys(NioEventLoop.java:496)
	at org.apache.ratis.thirdparty.io.netty.channel.nio.NioEventLoop.run(NioEventLoop.java:458)
	at org.apache.ratis.thirdparty.io.netty.util.concurrent.SingleThreadEventExecutor$5.run(SingleThreadEventExecutor.java:897)
	at org.apache.ratis.thirdparty.io.netty.util.concurrent.FastThreadLocalRunnable.run(FastThreadLocalRunnable.java:30)
	... 1 more
Caused by: java.net.ConnectException: Connection refused
	... 11 more
2019-09-20 00:04:04,821 [c63e7fee-7ebf-4ab3-a82c-403b5cf942fc@group-0BC4DF7BF4D9:LeaderElection67] INFO  impl.LeaderElection (LogUtils.java:infoOrTrace(149)) -   Exception 1: {}
java.util.concurrent.ExecutionException: org.apache.ratis.thirdparty.io.grpc.StatusRuntimeException: UNAVAILABLE: io exception
	at java.util.concurrent.FutureTask.report(FutureTask.java:122)
	at java.util.concurrent.FutureTask.get(FutureTask.java:192)
	at org.apache.ratis.server.impl.LeaderElection.waitForResults(LeaderElection.java:263)
	at org.apache.ratis.server.impl.LeaderElection.askForVotes(LeaderElection.java:201)
	at org.apache.ratis.server.impl.LeaderElection.run(LeaderElection.java:133)
	at java.lang.Thread.run(Thread.java:748)
Caused by: org.apache.ratis.thirdparty.io.grpc.StatusRuntimeException: UNAVAILABLE: io exception
	at org.apache.ratis.thirdparty.io.grpc.stub.ClientCalls.toStatusRuntimeException(ClientCalls.java:233)
	at org.apache.ratis.thirdparty.io.grpc.stub.ClientCalls.getUnchecked(ClientCalls.java:214)
	at org.apache.ratis.thirdparty.io.grpc.stub.ClientCalls.blockingUnaryCall(ClientCalls.java:139)
	at org.apache.ratis.proto.grpc.RaftServerProtocolServiceGrpc$RaftServerProtocolServiceBlockingStub.requestVote(RaftServerProtocolServiceGrpc.java:265)
	at org.apache.ratis.grpc.server.GrpcServerProtocolClient.requestVote(GrpcServerProtocolClient.java:90)
	at org.apache.ratis.grpc.server.GrpcService.requestVote(GrpcService.java:204)
	at org.apache.ratis.server.impl.LeaderElection.lambda$submitRequests$1(LeaderElection.java:238)
	at java.util.concurrent.FutureTask.run(FutureTask.java:266)
	at java.util.concurrent.Executors$RunnableAdapter.call(Executors.java:511)
	at java.util.concurrent.FutureTask.run(FutureTask.java:266)
	at java.util.concurrent.ThreadPoolExecutor.runWorker(ThreadPoolExecutor.java:1149)
	at java.util.concurrent.ThreadPoolExecutor$Worker.run(ThreadPoolExecutor.java:624)
	... 1 more
Caused by: org.apache.ratis.thirdparty.io.netty.channel.AbstractChannel$AnnotatedConnectException: Connection refused: /192.168.5.182:35458
	at sun.nio.ch.SocketChannelImpl.checkConnect(Native Method)
	at sun.nio.ch.SocketChannelImpl.finishConnect(SocketChannelImpl.java:717)
	at org.apache.ratis.thirdparty.io.netty.channel.socket.nio.NioSocketChannel.doFinishConnect(NioSocketChannel.java:327)
	at org.apache.ratis.thirdparty.io.netty.channel.nio.AbstractNioChannel$AbstractNioUnsafe.finishConnect(AbstractNioChannel.java:340)
	at org.apache.ratis.thirdparty.io.netty.channel.nio.NioEventLoop.processSelectedKey(NioEventLoop.java:632)
	at org.apache.ratis.thirdparty.io.netty.channel.nio.NioEventLoop.processSelectedKeysOptimized(NioEventLoop.java:579)
	at org.apache.ratis.thirdparty.io.netty.channel.nio.NioEventLoop.processSelectedKeys(NioEventLoop.java:496)
	at org.apache.ratis.thirdparty.io.netty.channel.nio.NioEventLoop.run(NioEventLoop.java:458)
	at org.apache.ratis.thirdparty.io.netty.util.concurrent.SingleThreadEventExecutor$5.run(SingleThreadEventExecutor.java:897)
	at org.apache.ratis.thirdparty.io.netty.util.concurrent.FastThreadLocalRunnable.run(FastThreadLocalRunnable.java:30)
	... 1 more
Caused by: java.net.ConnectException: Connection refused
	... 11 more
2019-09-20 00:04:04,821 [c63e7fee-7ebf-4ab3-a82c-403b5cf942fc@group-0BC4DF7BF4D9:LeaderElection67] INFO  impl.RaftServerImpl (RaftServerImpl.java:setRole(174)) - c63e7fee-7ebf-4ab3-a82c-403b5cf942fc@group-0BC4DF7BF4D9: changes role from CANDIDATE to FOLLOWER at term 7 for DISCOVERED_A_NEW_TERM
2019-09-20 00:04:04,821 [c63e7fee-7ebf-4ab3-a82c-403b5cf942fc@group-0BC4DF7BF4D9:LeaderElection67] INFO  impl.RoleInfo (RoleInfo.java:shutdownLeaderElection(134)) - c63e7fee-7ebf-4ab3-a82c-403b5cf942fc: shutdown LeaderElection
2019-09-20 00:04:04,822 [c63e7fee-7ebf-4ab3-a82c-403b5cf942fc@group-0BC4DF7BF4D9:LeaderElection67] INFO  impl.RoleInfo (RoleInfo.java:updateAndGet(143)) - c63e7fee-7ebf-4ab3-a82c-403b5cf942fc: start FollowerState
2019-09-20 00:04:05,197 [Thread-1708] INFO  client.GrpcClientProtocolService (GrpcClientProtocolService.java:lambda$processClientRequest$0(278)) - Failed RaftClientRequest:client-CD71A2AEDC97->c63e7fee-7ebf-4ab3-a82c-403b5cf942fc@group-0BC4DF7BF4D9, cid=70, seq=0, Watch-MAJORITY_COMMITTED(76), Message:<EMPTY>, reply=RaftClientReply:client-CD71A2AEDC97->c63e7fee-7ebf-4ab3-a82c-403b5cf942fc@group-0BC4DF7BF4D9, cid=70, FAILED org.apache.ratis.protocol.NotLeaderException: Server c63e7fee-7ebf-4ab3-a82c-403b5cf942fc@group-0BC4DF7BF4D9 is not the leader, logIndex=0, commits[c63e7fee-7ebf-4ab3-a82c-403b5cf942fc:c2, 8f58c883-e4ba-4cdd-8662-08249772462e:c2, fd99f976-ef3a-47b0-8e0c-a462a244f82b:c2]
2019-09-20 00:04:05,207 [grpc-default-executor-3] INFO  client.GrpcClientProtocolClient (GrpcClientProtocolClient.java:onNext(264)) - client-CD71A2AEDC97->c63e7fee-7ebf-4ab3-a82c-403b5cf942fc: receive RaftClientReply:client-CD71A2AEDC97->c63e7fee-7ebf-4ab3-a82c-403b5cf942fc@group-0BC4DF7BF4D9, cid=70, FAILED org.apache.ratis.protocol.NotLeaderException: Server c63e7fee-7ebf-4ab3-a82c-403b5cf942fc@group-0BC4DF7BF4D9 is not the leader, logIndex=0, commits[c63e7fee-7ebf-4ab3-a82c-403b5cf942fc:c2, 8f58c883-e4ba-4cdd-8662-08249772462e:c2, fd99f976-ef3a-47b0-8e0c-a462a244f82b:c2]
2019-09-20 00:04:08,242 [Thread-1717] INFO  client.GrpcClientProtocolService (GrpcClientProtocolService.java:lambda$processClientRequest$0(278)) - Failed RaftClientRequest:client-CD71A2AEDC97->c63e7fee-7ebf-4ab3-a82c-403b5cf942fc@group-0BC4DF7BF4D9, cid=70, seq=0, Watch-MAJORITY_COMMITTED(76), Message:<EMPTY>, reply=RaftClientReply:client-CD71A2AEDC97->c63e7fee-7ebf-4ab3-a82c-403b5cf942fc@group-0BC4DF7BF4D9, cid=70, FAILED org.apache.ratis.protocol.NotLeaderException: Server c63e7fee-7ebf-4ab3-a82c-403b5cf942fc@group-0BC4DF7BF4D9 is not the leader, logIndex=0, commits[c63e7fee-7ebf-4ab3-a82c-403b5cf942fc:c2, 8f58c883-e4ba-4cdd-8662-08249772462e:c2, fd99f976-ef3a-47b0-8e0c-a462a244f82b:c2]
2019-09-20 00:04:08,249 [grpc-default-executor-1] INFO  client.GrpcClientProtocolClient (GrpcClientProtocolClient.java:onNext(264)) - client-CD71A2AEDC97->c63e7fee-7ebf-4ab3-a82c-403b5cf942fc: receive RaftClientReply:client-CD71A2AEDC97->c63e7fee-7ebf-4ab3-a82c-403b5cf942fc@group-0BC4DF7BF4D9, cid=70, FAILED org.apache.ratis.protocol.NotLeaderException: Server c63e7fee-7ebf-4ab3-a82c-403b5cf942fc@group-0BC4DF7BF4D9 is not the leader, logIndex=0, commits[c63e7fee-7ebf-4ab3-a82c-403b5cf942fc:c2, 8f58c883-e4ba-4cdd-8662-08249772462e:c2, fd99f976-ef3a-47b0-8e0c-a462a244f82b:c2]
2019-09-20 00:04:10,006 [Thread-1706] INFO  impl.FollowerState (FollowerState.java:run(106)) - c63e7fee-7ebf-4ab3-a82c-403b5cf942fc:group-0BC4DF7BF4D9 changes to CANDIDATE, lastRpcTime:5184, electionTimeout:5184ms
2019-09-20 00:04:10,009 [Thread-1706] INFO  impl.RoleInfo (RoleInfo.java:shutdownFollowerState(121)) - c63e7fee-7ebf-4ab3-a82c-403b5cf942fc: shutdown FollowerState
2019-09-20 00:04:10,009 [Thread-1706] INFO  impl.RaftServerImpl (RaftServerImpl.java:setRole(174)) - c63e7fee-7ebf-4ab3-a82c-403b5cf942fc@group-0BC4DF7BF4D9: changes role from  FOLLOWER to CANDIDATE at term 7 for changeToCandidate
2019-09-20 00:04:10,010 [Thread-1706] INFO  impl.RoleInfo (RoleInfo.java:updateAndGet(143)) - c63e7fee-7ebf-4ab3-a82c-403b5cf942fc: start LeaderElection
2019-09-20 00:04:10,270 [Thread-1727] INFO  client.GrpcClientProtocolService (GrpcClientProtocolService.java:lambda$processClientRequest$0(278)) - Failed RaftClientRequest:client-CD71A2AEDC97->c63e7fee-7ebf-4ab3-a82c-403b5cf942fc@group-0BC4DF7BF4D9, cid=70, seq=0, Watch-MAJORITY_COMMITTED(76), Message:<EMPTY>, reply=RaftClientReply:client-CD71A2AEDC97->c63e7fee-7ebf-4ab3-a82c-403b5cf942fc@group-0BC4DF7BF4D9, cid=70, FAILED org.apache.ratis.protocol.NotLeaderException: Server c63e7fee-7ebf-4ab3-a82c-403b5cf942fc@group-0BC4DF7BF4D9 is not the leader, logIndex=0, commits[c63e7fee-7ebf-4ab3-a82c-403b5cf942fc:c2, 8f58c883-e4ba-4cdd-8662-08249772462e:c2, fd99f976-ef3a-47b0-8e0c-a462a244f82b:c2]
2019-09-20 00:04:10,276 [grpc-default-executor-3] INFO  client.GrpcClientProtocolClient (GrpcClientProtocolClient.java:onNext(264)) - client-CD71A2AEDC97->c63e7fee-7ebf-4ab3-a82c-403b5cf942fc: receive RaftClientReply:client-CD71A2AEDC97->c63e7fee-7ebf-4ab3-a82c-403b5cf942fc@group-0BC4DF7BF4D9, cid=70, FAILED org.apache.ratis.protocol.NotLeaderException: Server c63e7fee-7ebf-4ab3-a82c-403b5cf942fc@group-0BC4DF7BF4D9 is not the leader, logIndex=0, commits[c63e7fee-7ebf-4ab3-a82c-403b5cf942fc:c2, 8f58c883-e4ba-4cdd-8662-08249772462e:c2, fd99f976-ef3a-47b0-8e0c-a462a244f82b:c2]
2019-09-20 00:04:12,295 [Thread-1738] INFO  client.GrpcClientProtocolService (GrpcClientProtocolService.java:lambda$processClientRequest$0(278)) - Failed RaftClientRequest:client-CD71A2AEDC97->c63e7fee-7ebf-4ab3-a82c-403b5cf942fc@group-0BC4DF7BF4D9, cid=70, seq=0, Watch-MAJORITY_COMMITTED(76), Message:<EMPTY>, reply=RaftClientReply:client-CD71A2AEDC97->c63e7fee-7ebf-4ab3-a82c-403b5cf942fc@group-0BC4DF7BF4D9, cid=70, FAILED org.apache.ratis.protocol.NotLeaderException: Server c63e7fee-7ebf-4ab3-a82c-403b5cf942fc@group-0BC4DF7BF4D9 is not the leader, logIndex=0, commits[c63e7fee-7ebf-4ab3-a82c-403b5cf942fc:c2, 8f58c883-e4ba-4cdd-8662-08249772462e:c2, fd99f976-ef3a-47b0-8e0c-a462a244f82b:c2]
2019-09-20 00:04:12,303 [grpc-default-executor-3] INFO  client.GrpcClientProtocolClient (GrpcClientProtocolClient.java:onNext(264)) - client-CD71A2AEDC97->c63e7fee-7ebf-4ab3-a82c-403b5cf942fc: receive RaftClientReply:client-CD71A2AEDC97->c63e7fee-7ebf-4ab3-a82c-403b5cf942fc@group-0BC4DF7BF4D9, cid=70, FAILED org.apache.ratis.protocol.NotLeaderException: Server c63e7fee-7ebf-4ab3-a82c-403b5cf942fc@group-0BC4DF7BF4D9 is not the leader, logIndex=0, commits[c63e7fee-7ebf-4ab3-a82c-403b5cf942fc:c2, 8f58c883-e4ba-4cdd-8662-08249772462e:c2, fd99f976-ef3a-47b0-8e0c-a462a244f82b:c2]
2019-09-20 00:04:12,566 [c63e7fee-7ebf-4ab3-a82c-403b5cf942fc@group-0BC4DF7BF4D9:LeaderElection68] INFO  impl.LeaderElection (LeaderElection.java:askForVotes(182)) - c63e7fee-7ebf-4ab3-a82c-403b5cf942fc@group-0BC4DF7BF4D9:LeaderElection68: begin an election at term 8 for 0: [8f58c883-e4ba-4cdd-8662-08249772462e:192.168.5.182:35458, c63e7fee-7ebf-4ab3-a82c-403b5cf942fc:192.168.5.182:40019, fd99f976-ef3a-47b0-8e0c-a462a244f82b:192.168.5.182:45540], old=null
2019-09-20 00:04:12,569 [c63e7fee-7ebf-4ab3-a82c-403b5cf942fc@group-0BC4DF7BF4D9:LeaderElection68] INFO  impl.LeaderElection (LogUtils.java:infoOrTrace(149)) - c63e7fee-7ebf-4ab3-a82c-403b5cf942fc@group-0BC4DF7BF4D9:LeaderElection68 got exception when requesting votes: {}
java.util.concurrent.ExecutionException: org.apache.ratis.thirdparty.io.grpc.StatusRuntimeException: UNAVAILABLE: io exception
	at java.util.concurrent.FutureTask.report(FutureTask.java:122)
	at java.util.concurrent.FutureTask.get(FutureTask.java:192)
	at org.apache.ratis.server.impl.LeaderElection.waitForResults(LeaderElection.java:263)
	at org.apache.ratis.server.impl.LeaderElection.askForVotes(LeaderElection.java:201)
	at org.apache.ratis.server.impl.LeaderElection.run(LeaderElection.java:133)
	at java.lang.Thread.run(Thread.java:748)
Caused by: org.apache.ratis.thirdparty.io.grpc.StatusRuntimeException: UNAVAILABLE: io exception
	at org.apache.ratis.thirdparty.io.grpc.stub.ClientCalls.toStatusRuntimeException(ClientCalls.java:233)
	at org.apache.ratis.thirdparty.io.grpc.stub.ClientCalls.getUnchecked(ClientCalls.java:214)
	at org.apache.ratis.thirdparty.io.grpc.stub.ClientCalls.blockingUnaryCall(ClientCalls.java:139)
	at org.apache.ratis.proto.grpc.RaftServerProtocolServiceGrpc$RaftServerProtocolServiceBlockingStub.requestVote(RaftServerProtocolServiceGrpc.java:265)
	at org.apache.ratis.grpc.server.GrpcServerProtocolClient.requestVote(GrpcServerProtocolClient.java:90)
	at org.apache.ratis.grpc.server.GrpcService.requestVote(GrpcService.java:204)
	at org.apache.ratis.server.impl.LeaderElection.lambda$submitRequests$1(LeaderElection.java:238)
	at java.util.concurrent.FutureTask.run(FutureTask.java:266)
	at java.util.concurrent.Executors$RunnableAdapter.call(Executors.java:511)
	at java.util.concurrent.FutureTask.run(FutureTask.java:266)
	at java.util.concurrent.ThreadPoolExecutor.runWorker(ThreadPoolExecutor.java:1149)
	at java.util.concurrent.ThreadPoolExecutor$Worker.run(ThreadPoolExecutor.java:624)
	... 1 more
Caused by: org.apache.ratis.thirdparty.io.netty.channel.AbstractChannel$AnnotatedConnectException: Connection refused: /192.168.5.182:35458
	at sun.nio.ch.SocketChannelImpl.checkConnect(Native Method)
	at sun.nio.ch.SocketChannelImpl.finishConnect(SocketChannelImpl.java:717)
	at org.apache.ratis.thirdparty.io.netty.channel.socket.nio.NioSocketChannel.doFinishConnect(NioSocketChannel.java:327)
	at org.apache.ratis.thirdparty.io.netty.channel.nio.AbstractNioChannel$AbstractNioUnsafe.finishConnect(AbstractNioChannel.java:340)
	at org.apache.ratis.thirdparty.io.netty.channel.nio.NioEventLoop.processSelectedKey(NioEventLoop.java:632)
	at org.apache.ratis.thirdparty.io.netty.channel.nio.NioEventLoop.processSelectedKeysOptimized(NioEventLoop.java:579)
	at org.apache.ratis.thirdparty.io.netty.channel.nio.NioEventLoop.processSelectedKeys(NioEventLoop.java:496)
	at org.apache.ratis.thirdparty.io.netty.channel.nio.NioEventLoop.run(NioEventLoop.java:458)
	at org.apache.ratis.thirdparty.io.netty.util.concurrent.SingleThreadEventExecutor$5.run(SingleThreadEventExecutor.java:897)
	at org.apache.ratis.thirdparty.io.netty.util.concurrent.FastThreadLocalRunnable.run(FastThreadLocalRunnable.java:30)
	... 1 more
Caused by: java.net.ConnectException: Connection refused
	... 11 more
2019-09-20 00:04:12,572 [c63e7fee-7ebf-4ab3-a82c-403b5cf942fc@group-0BC4DF7BF4D9:LeaderElection68] INFO  impl.LeaderElection (LogUtils.java:infoOrTrace(149)) - c63e7fee-7ebf-4ab3-a82c-403b5cf942fc@group-0BC4DF7BF4D9:LeaderElection68 got exception when requesting votes: {}
java.util.concurrent.ExecutionException: org.apache.ratis.thirdparty.io.grpc.StatusRuntimeException: UNAVAILABLE: io exception
	at java.util.concurrent.FutureTask.report(FutureTask.java:122)
	at java.util.concurrent.FutureTask.get(FutureTask.java:192)
	at org.apache.ratis.server.impl.LeaderElection.waitForResults(LeaderElection.java:263)
	at org.apache.ratis.server.impl.LeaderElection.askForVotes(LeaderElection.java:201)
	at org.apache.ratis.server.impl.LeaderElection.run(LeaderElection.java:133)
	at java.lang.Thread.run(Thread.java:748)
Caused by: org.apache.ratis.thirdparty.io.grpc.StatusRuntimeException: UNAVAILABLE: io exception
	at org.apache.ratis.thirdparty.io.grpc.stub.ClientCalls.toStatusRuntimeException(ClientCalls.java:233)
	at org.apache.ratis.thirdparty.io.grpc.stub.ClientCalls.getUnchecked(ClientCalls.java:214)
	at org.apache.ratis.thirdparty.io.grpc.stub.ClientCalls.blockingUnaryCall(ClientCalls.java:139)
	at org.apache.ratis.proto.grpc.RaftServerProtocolServiceGrpc$RaftServerProtocolServiceBlockingStub.requestVote(RaftServerProtocolServiceGrpc.java:265)
	at org.apache.ratis.grpc.server.GrpcServerProtocolClient.requestVote(GrpcServerProtocolClient.java:90)
	at org.apache.ratis.grpc.server.GrpcService.requestVote(GrpcService.java:204)
	at org.apache.ratis.server.impl.LeaderElection.lambda$submitRequests$1(LeaderElection.java:238)
	at java.util.concurrent.FutureTask.run(FutureTask.java:266)
	at java.util.concurrent.Executors$RunnableAdapter.call(Executors.java:511)
	at java.util.concurrent.FutureTask.run(FutureTask.java:266)
	at java.util.concurrent.ThreadPoolExecutor.runWorker(ThreadPoolExecutor.java:1149)
	at java.util.concurrent.ThreadPoolExecutor$Worker.run(ThreadPoolExecutor.java:624)
	... 1 more
Caused by: org.apache.ratis.thirdparty.io.netty.channel.AbstractChannel$AnnotatedConnectException: Connection refused: /192.168.5.182:45540
	at sun.nio.ch.SocketChannelImpl.checkConnect(Native Method)
	at sun.nio.ch.SocketChannelImpl.finishConnect(SocketChannelImpl.java:717)
	at org.apache.ratis.thirdparty.io.netty.channel.socket.nio.NioSocketChannel.doFinishConnect(NioSocketChannel.java:327)
	at org.apache.ratis.thirdparty.io.netty.channel.nio.AbstractNioChannel$AbstractNioUnsafe.finishConnect(AbstractNioChannel.java:340)
	at org.apache.ratis.thirdparty.io.netty.channel.nio.NioEventLoop.processSelectedKey(NioEventLoop.java:632)
	at org.apache.ratis.thirdparty.io.netty.channel.nio.NioEventLoop.processSelectedKeysOptimized(NioEventLoop.java:579)
	at org.apache.ratis.thirdparty.io.netty.channel.nio.NioEventLoop.processSelectedKeys(NioEventLoop.java:496)
	at org.apache.ratis.thirdparty.io.netty.channel.nio.NioEventLoop.run(NioEventLoop.java:458)
	at org.apache.ratis.thirdparty.io.netty.util.concurrent.SingleThreadEventExecutor$5.run(SingleThreadEventExecutor.java:897)
	at org.apache.ratis.thirdparty.io.netty.util.concurrent.FastThreadLocalRunnable.run(FastThreadLocalRunnable.java:30)
	... 1 more
Caused by: java.net.ConnectException: Connection refused
	... 11 more
2019-09-20 00:04:12,574 [c63e7fee-7ebf-4ab3-a82c-403b5cf942fc@group-0BC4DF7BF4D9:LeaderElection68] INFO  impl.LeaderElection (LeaderElection.java:logAndReturn(56)) - c63e7fee-7ebf-4ab3-a82c-403b5cf942fc@group-0BC4DF7BF4D9:LeaderElection68: Election REJECTED; received 0 response(s) [] and 2 exception(s); c63e7fee-7ebf-4ab3-a82c-403b5cf942fc@group-0BC4DF7BF4D9:t8, leader=null, voted=c63e7fee-7ebf-4ab3-a82c-403b5cf942fc, raftlog=c63e7fee-7ebf-4ab3-a82c-403b5cf942fc@group-0BC4DF7BF4D9-SegmentedRaftLog:OPENED:c2,f2,i2, conf=0: [8f58c883-e4ba-4cdd-8662-08249772462e:192.168.5.182:35458, c63e7fee-7ebf-4ab3-a82c-403b5cf942fc:192.168.5.182:40019, fd99f976-ef3a-47b0-8e0c-a462a244f82b:192.168.5.182:45540], old=null
2019-09-20 00:04:12,574 [c63e7fee-7ebf-4ab3-a82c-403b5cf942fc@group-0BC4DF7BF4D9:LeaderElection68] INFO  impl.LeaderElection (LogUtils.java:infoOrTrace(149)) -   Exception 0: {}
java.util.concurrent.ExecutionException: org.apache.ratis.thirdparty.io.grpc.StatusRuntimeException: UNAVAILABLE: io exception
	at java.util.concurrent.FutureTask.report(FutureTask.java:122)
	at java.util.concurrent.FutureTask.get(FutureTask.java:192)
	at org.apache.ratis.server.impl.LeaderElection.waitForResults(LeaderElection.java:263)
	at org.apache.ratis.server.impl.LeaderElection.askForVotes(LeaderElection.java:201)
	at org.apache.ratis.server.impl.LeaderElection.run(LeaderElection.java:133)
	at java.lang.Thread.run(Thread.java:748)
Caused by: org.apache.ratis.thirdparty.io.grpc.StatusRuntimeException: UNAVAILABLE: io exception
	at org.apache.ratis.thirdparty.io.grpc.stub.ClientCalls.toStatusRuntimeException(ClientCalls.java:233)
	at org.apache.ratis.thirdparty.io.grpc.stub.ClientCalls.getUnchecked(ClientCalls.java:214)
	at org.apache.ratis.thirdparty.io.grpc.stub.ClientCalls.blockingUnaryCall(ClientCalls.java:139)
	at org.apache.ratis.proto.grpc.RaftServerProtocolServiceGrpc$RaftServerProtocolServiceBlockingStub.requestVote(RaftServerProtocolServiceGrpc.java:265)
	at org.apache.ratis.grpc.server.GrpcServerProtocolClient.requestVote(GrpcServerProtocolClient.java:90)
	at org.apache.ratis.grpc.server.GrpcService.requestVote(GrpcService.java:204)
	at org.apache.ratis.server.impl.LeaderElection.lambda$submitRequests$1(LeaderElection.java:238)
	at java.util.concurrent.FutureTask.run(FutureTask.java:266)
	at java.util.concurrent.Executors$RunnableAdapter.call(Executors.java:511)
	at java.util.concurrent.FutureTask.run(FutureTask.java:266)
	at java.util.concurrent.ThreadPoolExecutor.runWorker(ThreadPoolExecutor.java:1149)
	at java.util.concurrent.ThreadPoolExecutor$Worker.run(ThreadPoolExecutor.java:624)
	... 1 more
Caused by: org.apache.ratis.thirdparty.io.netty.channel.AbstractChannel$AnnotatedConnectException: Connection refused: /192.168.5.182:35458
	at sun.nio.ch.SocketChannelImpl.checkConnect(Native Method)
	at sun.nio.ch.SocketChannelImpl.finishConnect(SocketChannelImpl.java:717)
	at org.apache.ratis.thirdparty.io.netty.channel.socket.nio.NioSocketChannel.doFinishConnect(NioSocketChannel.java:327)
	at org.apache.ratis.thirdparty.io.netty.channel.nio.AbstractNioChannel$AbstractNioUnsafe.finishConnect(AbstractNioChannel.java:340)
	at org.apache.ratis.thirdparty.io.netty.channel.nio.NioEventLoop.processSelectedKey(NioEventLoop.java:632)
	at org.apache.ratis.thirdparty.io.netty.channel.nio.NioEventLoop.processSelectedKeysOptimized(NioEventLoop.java:579)
	at org.apache.ratis.thirdparty.io.netty.channel.nio.NioEventLoop.processSelectedKeys(NioEventLoop.java:496)
	at org.apache.ratis.thirdparty.io.netty.channel.nio.NioEventLoop.run(NioEventLoop.java:458)
	at org.apache.ratis.thirdparty.io.netty.util.concurrent.SingleThreadEventExecutor$5.run(SingleThreadEventExecutor.java:897)
	at org.apache.ratis.thirdparty.io.netty.util.concurrent.FastThreadLocalRunnable.run(FastThreadLocalRunnable.java:30)
	... 1 more
Caused by: java.net.ConnectException: Connection refused
	... 11 more
2019-09-20 00:04:12,575 [c63e7fee-7ebf-4ab3-a82c-403b5cf942fc@group-0BC4DF7BF4D9:LeaderElection68] INFO  impl.LeaderElection (LogUtils.java:infoOrTrace(149)) -   Exception 1: {}
java.util.concurrent.ExecutionException: org.apache.ratis.thirdparty.io.grpc.StatusRuntimeException: UNAVAILABLE: io exception
	at java.util.concurrent.FutureTask.report(FutureTask.java:122)
	at java.util.concurrent.FutureTask.get(FutureTask.java:192)
	at org.apache.ratis.server.impl.LeaderElection.waitForResults(LeaderElection.java:263)
	at org.apache.ratis.server.impl.LeaderElection.askForVotes(LeaderElection.java:201)
	at org.apache.ratis.server.impl.LeaderElection.run(LeaderElection.java:133)
	at java.lang.Thread.run(Thread.java:748)
Caused by: org.apache.ratis.thirdparty.io.grpc.StatusRuntimeException: UNAVAILABLE: io exception
	at org.apache.ratis.thirdparty.io.grpc.stub.ClientCalls.toStatusRuntimeException(ClientCalls.java:233)
	at org.apache.ratis.thirdparty.io.grpc.stub.ClientCalls.getUnchecked(ClientCalls.java:214)
	at org.apache.ratis.thirdparty.io.grpc.stub.ClientCalls.blockingUnaryCall(ClientCalls.java:139)
	at org.apache.ratis.proto.grpc.RaftServerProtocolServiceGrpc$RaftServerProtocolServiceBlockingStub.requestVote(RaftServerProtocolServiceGrpc.java:265)
	at org.apache.ratis.grpc.server.GrpcServerProtocolClient.requestVote(GrpcServerProtocolClient.java:90)
	at org.apache.ratis.grpc.server.GrpcService.requestVote(GrpcService.java:204)
	at org.apache.ratis.server.impl.LeaderElection.lambda$submitRequests$1(LeaderElection.java:238)
	at java.util.concurrent.FutureTask.run(FutureTask.java:266)
	at java.util.concurrent.Executors$RunnableAdapter.call(Executors.java:511)
	at java.util.concurrent.FutureTask.run(FutureTask.java:266)
	at java.util.concurrent.ThreadPoolExecutor.runWorker(ThreadPoolExecutor.java:1149)
	at java.util.concurrent.ThreadPoolExecutor$Worker.run(ThreadPoolExecutor.java:624)
	... 1 more
Caused by: org.apache.ratis.thirdparty.io.netty.channel.AbstractChannel$AnnotatedConnectException: Connection refused: /192.168.5.182:45540
	at sun.nio.ch.SocketChannelImpl.checkConnect(Native Method)
	at sun.nio.ch.SocketChannelImpl.finishConnect(SocketChannelImpl.java:717)
	at org.apache.ratis.thirdparty.io.netty.channel.socket.nio.NioSocketChannel.doFinishConnect(NioSocketChannel.java:327)
	at org.apache.ratis.thirdparty.io.netty.channel.nio.AbstractNioChannel$AbstractNioUnsafe.finishConnect(AbstractNioChannel.java:340)
	at org.apache.ratis.thirdparty.io.netty.channel.nio.NioEventLoop.processSelectedKey(NioEventLoop.java:632)
	at org.apache.ratis.thirdparty.io.netty.channel.nio.NioEventLoop.processSelectedKeysOptimized(NioEventLoop.java:579)
	at org.apache.ratis.thirdparty.io.netty.channel.nio.NioEventLoop.processSelectedKeys(NioEventLoop.java:496)
	at org.apache.ratis.thirdparty.io.netty.channel.nio.NioEventLoop.run(NioEventLoop.java:458)
	at org.apache.ratis.thirdparty.io.netty.util.concurrent.SingleThreadEventExecutor$5.run(SingleThreadEventExecutor.java:897)
	at org.apache.ratis.thirdparty.io.netty.util.concurrent.FastThreadLocalRunnable.run(FastThreadLocalRunnable.java:30)
	... 1 more
Caused by: java.net.ConnectException: Connection refused
	... 11 more
2019-09-20 00:04:12,575 [c63e7fee-7ebf-4ab3-a82c-403b5cf942fc@group-0BC4DF7BF4D9:LeaderElection68] INFO  impl.RaftServerImpl (RaftServerImpl.java:setRole(174)) - c63e7fee-7ebf-4ab3-a82c-403b5cf942fc@group-0BC4DF7BF4D9: changes role from CANDIDATE to FOLLOWER at term 8 for DISCOVERED_A_NEW_TERM
2019-09-20 00:04:12,575 [c63e7fee-7ebf-4ab3-a82c-403b5cf942fc@group-0BC4DF7BF4D9:LeaderElection68] INFO  impl.RoleInfo (RoleInfo.java:shutdownLeaderElection(134)) - c63e7fee-7ebf-4ab3-a82c-403b5cf942fc: shutdown LeaderElection
2019-09-20 00:04:12,575 [c63e7fee-7ebf-4ab3-a82c-403b5cf942fc@group-0BC4DF7BF4D9:LeaderElection68] INFO  impl.RoleInfo (RoleInfo.java:updateAndGet(143)) - c63e7fee-7ebf-4ab3-a82c-403b5cf942fc: start FollowerState
2019-09-20 00:04:15,802 [Thread-1750] INFO  client.GrpcClientProtocolService (GrpcClientProtocolService.java:lambda$processClientRequest$0(278)) - Failed RaftClientRequest:client-CD71A2AEDC97->c63e7fee-7ebf-4ab3-a82c-403b5cf942fc@group-0BC4DF7BF4D9, cid=70, seq=0, Watch-MAJORITY_COMMITTED(76), Message:<EMPTY>, reply=RaftClientReply:client-CD71A2AEDC97->c63e7fee-7ebf-4ab3-a82c-403b5cf942fc@group-0BC4DF7BF4D9, cid=70, FAILED org.apache.ratis.protocol.NotLeaderException: Server c63e7fee-7ebf-4ab3-a82c-403b5cf942fc@group-0BC4DF7BF4D9 is not the leader, logIndex=0, commits[c63e7fee-7ebf-4ab3-a82c-403b5cf942fc:c2, 8f58c883-e4ba-4cdd-8662-08249772462e:c2, fd99f976-ef3a-47b0-8e0c-a462a244f82b:c2]
2019-09-20 00:04:15,825 [grpc-default-executor-3] INFO  client.GrpcClientProtocolClient (GrpcClientProtocolClient.java:onNext(264)) - client-CD71A2AEDC97->c63e7fee-7ebf-4ab3-a82c-403b5cf942fc: receive RaftClientReply:client-CD71A2AEDC97->c63e7fee-7ebf-4ab3-a82c-403b5cf942fc@group-0BC4DF7BF4D9, cid=70, FAILED org.apache.ratis.protocol.NotLeaderException: Server c63e7fee-7ebf-4ab3-a82c-403b5cf942fc@group-0BC4DF7BF4D9 is not the leader, logIndex=0, commits[c63e7fee-7ebf-4ab3-a82c-403b5cf942fc:c2, 8f58c883-e4ba-4cdd-8662-08249772462e:c2, fd99f976-ef3a-47b0-8e0c-a462a244f82b:c2]
]]></system-out>
    <system-err><![CDATA[Sep 20, 2019 12:03:23 AM org.apache.ratis.thirdparty.io.grpc.internal.SerializingExecutor run
SEVERE: Exception while executing runnable org.apache.ratis.thirdparty.io.grpc.internal.ServerImpl$JumpToApplicationThreadServerStreamListener$1Closed@723b673b
org.apache.ratis.thirdparty.io.grpc.StatusRuntimeException: CANCELLED: call already cancelled
	at org.apache.ratis.thirdparty.io.grpc.Status.asRuntimeException(Status.java:517)
	at org.apache.ratis.thirdparty.io.grpc.stub.ServerCalls$ServerCallStreamObserverImpl.onCompleted(ServerCalls.java:356)
	at org.apache.ratis.grpc.server.GrpcServerProtocolService$ServerRequestStreamObserver.onError(GrpcServerProtocolService.java:121)
	at org.apache.ratis.thirdparty.io.grpc.stub.ServerCalls$StreamingServerCallHandler$StreamingServerCallListener.onCancel(ServerCalls.java:269)
	at org.apache.ratis.thirdparty.io.grpc.internal.ServerCallImpl$ServerStreamListenerImpl.closed(ServerCallImpl.java:293)
	at org.apache.ratis.thirdparty.io.grpc.internal.ServerImpl$JumpToApplicationThreadServerStreamListener$1Closed.runInContext(ServerImpl.java:741)
	at org.apache.ratis.thirdparty.io.grpc.internal.ContextRunnable.run(ContextRunnable.java:37)
	at org.apache.ratis.thirdparty.io.grpc.internal.SerializingExecutor.run(SerializingExecutor.java:123)
	at java.util.concurrent.ThreadPoolExecutor.runWorker(ThreadPoolExecutor.java:1149)
	at java.util.concurrent.ThreadPoolExecutor$Worker.run(ThreadPoolExecutor.java:624)
	at java.lang.Thread.run(Thread.java:748)

]]></system-err>
  </testcase>
  <testcase name="testWatchForCommitForGroupMismatchException" classname="org.apache.hadoop.ozone.client.rpc.TestWatchForCommit" time="44.895">
    <error message="org.apache.ratis.protocol.RaftRetryFailureException: Failed RaftClientRequest:client-A41B7215C437-&gt;3d170688-536a-4a66-a9c9-289315ef27c2@group-4DF5A04227EE, cid=81, seq=1*, RW, org.apache.hadoop.hdds.scm.XceiverClientRatis$$Lambda$444/1293940401@5cafe63 for 20 attempts with RetryLimited(maxAttempts=20, sleepTime=1000ms)" type="java.util.concurrent.ExecutionException">java.util.concurrent.ExecutionException: org.apache.ratis.protocol.RaftRetryFailureException: Failed RaftClientRequest:client-A41B7215C437->3d170688-536a-4a66-a9c9-289315ef27c2@group-4DF5A04227EE, cid=81, seq=1*, RW, org.apache.hadoop.hdds.scm.XceiverClientRatis$$Lambda$444/1293940401@5cafe63 for 20 attempts with RetryLimited(maxAttempts=20, sleepTime=1000ms)
	at java.util.concurrent.CompletableFuture.reportGet(CompletableFuture.java:357)
	at java.util.concurrent.CompletableFuture.get(CompletableFuture.java:1895)
	at org.apache.hadoop.ozone.client.rpc.TestWatchForCommit.testWatchForCommitForGroupMismatchException(TestWatchForCommit.java:432)
	at sun.reflect.NativeMethodAccessorImpl.invoke0(Native Method)
	at sun.reflect.NativeMethodAccessorImpl.invoke(NativeMethodAccessorImpl.java:62)
	at sun.reflect.DelegatingMethodAccessorImpl.invoke(DelegatingMethodAccessorImpl.java:43)
	at java.lang.reflect.Method.invoke(Method.java:498)
	at org.junit.runners.model.FrameworkMethod$1.runReflectiveCall(FrameworkMethod.java:47)
	at org.junit.internal.runners.model.ReflectiveCallable.run(ReflectiveCallable.java:12)
	at org.junit.runners.model.FrameworkMethod.invokeExplosively(FrameworkMethod.java:44)
	at org.junit.internal.runners.statements.InvokeMethod.evaluate(InvokeMethod.java:17)
	at org.junit.runners.ParentRunner.runLeaf(ParentRunner.java:271)
	at org.junit.runners.BlockJUnit4ClassRunner.runChild(BlockJUnit4ClassRunner.java:70)
	at org.junit.runners.BlockJUnit4ClassRunner.runChild(BlockJUnit4ClassRunner.java:50)
	at org.junit.runners.ParentRunner$3.run(ParentRunner.java:238)
	at org.junit.runners.ParentRunner$1.schedule(ParentRunner.java:63)
	at org.junit.runners.ParentRunner.runChildren(ParentRunner.java:236)
	at org.junit.runners.ParentRunner.access$000(ParentRunner.java:53)
	at org.junit.runners.ParentRunner$2.evaluate(ParentRunner.java:229)
	at org.junit.runners.ParentRunner.run(ParentRunner.java:309)
	at org.apache.maven.surefire.junit4.JUnit4Provider.execute(JUnit4Provider.java:365)
	at org.apache.maven.surefire.junit4.JUnit4Provider.executeWithRerun(JUnit4Provider.java:273)
	at org.apache.maven.surefire.junit4.JUnit4Provider.executeTestSet(JUnit4Provider.java:238)
	at org.apache.maven.surefire.junit4.JUnit4Provider.invoke(JUnit4Provider.java:159)
	at org.apache.maven.surefire.booter.ForkedBooter.invokeProviderInSameClassLoader(ForkedBooter.java:384)
	at org.apache.maven.surefire.booter.ForkedBooter.runSuitesInProcess(ForkedBooter.java:345)
	at org.apache.maven.surefire.booter.ForkedBooter.execute(ForkedBooter.java:126)
	at org.apache.maven.surefire.booter.ForkedBooter.main(ForkedBooter.java:418)
Caused by: org.apache.ratis.protocol.RaftRetryFailureException: Failed RaftClientRequest:client-A41B7215C437->3d170688-536a-4a66-a9c9-289315ef27c2@group-4DF5A04227EE, cid=81, seq=1*, RW, org.apache.hadoop.hdds.scm.XceiverClientRatis$$Lambda$444/1293940401@5cafe63 for 20 attempts with RetryLimited(maxAttempts=20, sleepTime=1000ms)
	at org.apache.ratis.client.impl.RaftClientImpl.noMoreRetries(RaftClientImpl.java:271)
	at org.apache.ratis.client.impl.OrderedAsync.handleAsyncRetryFailure(OrderedAsync.java:138)
	at org.apache.ratis.client.impl.OrderedAsync.lambda$sendRequest$10(OrderedAsync.java:230)
	at java.util.concurrent.CompletableFuture.uniExceptionally(CompletableFuture.java:870)
	at java.util.concurrent.CompletableFuture$UniExceptionally.tryFire(CompletableFuture.java:852)
	at java.util.concurrent.CompletableFuture.postComplete(CompletableFuture.java:474)
	at java.util.concurrent.CompletableFuture.completeExceptionally(CompletableFuture.java:1977)
	at org.apache.ratis.grpc.client.GrpcClientProtocolClient$AsyncStreamObservers.completeReplyExceptionally(GrpcClientProtocolClient.java:339)
	at org.apache.ratis.grpc.client.GrpcClientProtocolClient$AsyncStreamObservers.access$000(GrpcClientProtocolClient.java:255)
	at org.apache.ratis.grpc.client.GrpcClientProtocolClient$AsyncStreamObservers$1.onNext(GrpcClientProtocolClient.java:267)
	at org.apache.ratis.grpc.client.GrpcClientProtocolClient$AsyncStreamObservers$1.onNext(GrpcClientProtocolClient.java:258)
	at org.apache.ratis.thirdparty.io.grpc.stub.ClientCalls$StreamObserverToCallListenerAdapter.onMessage(ClientCalls.java:421)
	at org.apache.ratis.thirdparty.io.grpc.ForwardingClientCallListener.onMessage(ForwardingClientCallListener.java:33)
	at org.apache.ratis.thirdparty.io.grpc.ForwardingClientCallListener.onMessage(ForwardingClientCallListener.java:33)
	at org.apache.ratis.thirdparty.io.grpc.internal.ClientCallImpl$ClientStreamListenerImpl$1MessagesAvailable.runInContext(ClientCallImpl.java:519)
	at org.apache.ratis.thirdparty.io.grpc.internal.ContextRunnable.run(ContextRunnable.java:37)
	at org.apache.ratis.thirdparty.io.grpc.internal.SerializingExecutor.run(SerializingExecutor.java:123)
	at java.util.concurrent.ThreadPoolExecutor.runWorker(ThreadPoolExecutor.java:1149)
	at java.util.concurrent.ThreadPoolExecutor$Worker.run(ThreadPoolExecutor.java:624)
	at java.lang.Thread.run(Thread.java:748)
Caused by: org.apache.ratis.protocol.NotLeaderException: Server 3d170688-536a-4a66-a9c9-289315ef27c2@group-4DF5A04227EE is not the leader
	at org.apache.ratis.client.impl.ClientProtoUtils.toRaftClientReply(ClientProtoUtils.java:243)
	at org.apache.ratis.grpc.client.GrpcClientProtocolClient$AsyncStreamObservers$1.onNext(GrpcClientProtocolClient.java:263)
	... 10 more
</error>
    <system-out><![CDATA[2019-09-20 00:04:16,256 [main] WARN  server.ServerUtils (ServerUtils.java:getScmDbDir(145)) - ozone.scm.db.dirs is not configured. We recommend adding this setting. Falling back to ozone.metadata.dirs instead.
2019-09-20 00:04:17,460 [main] WARN  server.ServerUtils (ServerUtils.java:getScmDbDir(145)) - ozone.scm.db.dirs is not configured. We recommend adding this setting. Falling back to ozone.metadata.dirs instead.
2019-09-20 00:04:17,462 [main] WARN  server.ServerUtils (ServerUtils.java:getScmDbDir(145)) - ozone.scm.db.dirs is not configured. We recommend adding this setting. Falling back to ozone.metadata.dirs instead.
2019-09-20 00:04:17,463 [main] INFO  db.DBStoreBuilder (DBStoreBuilder.java:addTable(110)) - using custom profile for table: deletedBlocks
2019-09-20 00:04:17,463 [main] INFO  db.DBStoreBuilder (DBStoreBuilder.java:processTables(161)) - Using default column profile:DBProfile.DISK for Table:deletedBlocks
2019-09-20 00:04:17,464 [main] INFO  db.DBStoreBuilder (DBStoreBuilder.java:addTable(110)) - using custom profile for table: validCerts
2019-09-20 00:04:17,464 [main] INFO  db.DBStoreBuilder (DBStoreBuilder.java:processTables(161)) - Using default column profile:DBProfile.DISK for Table:validCerts
2019-09-20 00:04:17,464 [main] INFO  db.DBStoreBuilder (DBStoreBuilder.java:addTable(110)) - using custom profile for table: revokedCerts
2019-09-20 00:04:17,464 [main] INFO  db.DBStoreBuilder (DBStoreBuilder.java:processTables(161)) - Using default column profile:DBProfile.DISK for Table:revokedCerts
2019-09-20 00:04:17,465 [main] INFO  db.DBStoreBuilder (DBStoreBuilder.java:addTable(110)) - using custom profile for table: default
2019-09-20 00:04:17,465 [main] INFO  db.DBStoreBuilder (DBStoreBuilder.java:processTables(167)) - Using default column profile:DBProfile.DISK for Table:default
2019-09-20 00:04:17,466 [main] INFO  db.DBStoreBuilder (DBStoreBuilder.java:getDbProfile(198)) - Using default options. DBProfile.DISK
2019-09-20 00:04:17,717 [Thread-1742] INFO  impl.FollowerState (FollowerState.java:run(106)) - c63e7fee-7ebf-4ab3-a82c-403b5cf942fc:group-0BC4DF7BF4D9 changes to CANDIDATE, lastRpcTime:5141, electionTimeout:5141ms
2019-09-20 00:04:17,719 [Thread-1742] INFO  impl.RoleInfo (RoleInfo.java:shutdownFollowerState(121)) - c63e7fee-7ebf-4ab3-a82c-403b5cf942fc: shutdown FollowerState
2019-09-20 00:04:17,719 [Thread-1742] INFO  impl.RaftServerImpl (RaftServerImpl.java:setRole(174)) - c63e7fee-7ebf-4ab3-a82c-403b5cf942fc@group-0BC4DF7BF4D9: changes role from  FOLLOWER to CANDIDATE at term 8 for changeToCandidate
2019-09-20 00:04:17,720 [Thread-1742] INFO  impl.RoleInfo (RoleInfo.java:updateAndGet(143)) - c63e7fee-7ebf-4ab3-a82c-403b5cf942fc: start LeaderElection
2019-09-20 00:04:17,740 [c63e7fee-7ebf-4ab3-a82c-403b5cf942fc@group-0BC4DF7BF4D9:LeaderElection69] INFO  impl.LeaderElection (LeaderElection.java:askForVotes(182)) - c63e7fee-7ebf-4ab3-a82c-403b5cf942fc@group-0BC4DF7BF4D9:LeaderElection69: begin an election at term 9 for 0: [8f58c883-e4ba-4cdd-8662-08249772462e:192.168.5.182:35458, c63e7fee-7ebf-4ab3-a82c-403b5cf942fc:192.168.5.182:40019, fd99f976-ef3a-47b0-8e0c-a462a244f82b:192.168.5.182:45540], old=null
2019-09-20 00:04:17,742 [c63e7fee-7ebf-4ab3-a82c-403b5cf942fc@group-0BC4DF7BF4D9:LeaderElection69] INFO  impl.LeaderElection (LogUtils.java:infoOrTrace(149)) - c63e7fee-7ebf-4ab3-a82c-403b5cf942fc@group-0BC4DF7BF4D9:LeaderElection69 got exception when requesting votes: {}
java.util.concurrent.ExecutionException: org.apache.ratis.thirdparty.io.grpc.StatusRuntimeException: UNAVAILABLE: io exception
	at java.util.concurrent.FutureTask.report(FutureTask.java:122)
	at java.util.concurrent.FutureTask.get(FutureTask.java:192)
	at org.apache.ratis.server.impl.LeaderElection.waitForResults(LeaderElection.java:263)
	at org.apache.ratis.server.impl.LeaderElection.askForVotes(LeaderElection.java:201)
	at org.apache.ratis.server.impl.LeaderElection.run(LeaderElection.java:133)
	at java.lang.Thread.run(Thread.java:748)
Caused by: org.apache.ratis.thirdparty.io.grpc.StatusRuntimeException: UNAVAILABLE: io exception
	at org.apache.ratis.thirdparty.io.grpc.stub.ClientCalls.toStatusRuntimeException(ClientCalls.java:233)
	at org.apache.ratis.thirdparty.io.grpc.stub.ClientCalls.getUnchecked(ClientCalls.java:214)
	at org.apache.ratis.thirdparty.io.grpc.stub.ClientCalls.blockingUnaryCall(ClientCalls.java:139)
	at org.apache.ratis.proto.grpc.RaftServerProtocolServiceGrpc$RaftServerProtocolServiceBlockingStub.requestVote(RaftServerProtocolServiceGrpc.java:265)
	at org.apache.ratis.grpc.server.GrpcServerProtocolClient.requestVote(GrpcServerProtocolClient.java:90)
	at org.apache.ratis.grpc.server.GrpcService.requestVote(GrpcService.java:204)
	at org.apache.ratis.server.impl.LeaderElection.lambda$submitRequests$1(LeaderElection.java:238)
	at java.util.concurrent.FutureTask.run(FutureTask.java:266)
	at java.util.concurrent.Executors$RunnableAdapter.call(Executors.java:511)
	at java.util.concurrent.FutureTask.run(FutureTask.java:266)
	at java.util.concurrent.ThreadPoolExecutor.runWorker(ThreadPoolExecutor.java:1149)
	at java.util.concurrent.ThreadPoolExecutor$Worker.run(ThreadPoolExecutor.java:624)
	... 1 more
Caused by: org.apache.ratis.thirdparty.io.netty.channel.AbstractChannel$AnnotatedConnectException: Connection refused: /192.168.5.182:45540
	at sun.nio.ch.SocketChannelImpl.checkConnect(Native Method)
	at sun.nio.ch.SocketChannelImpl.finishConnect(SocketChannelImpl.java:717)
	at org.apache.ratis.thirdparty.io.netty.channel.socket.nio.NioSocketChannel.doFinishConnect(NioSocketChannel.java:327)
	at org.apache.ratis.thirdparty.io.netty.channel.nio.AbstractNioChannel$AbstractNioUnsafe.finishConnect(AbstractNioChannel.java:340)
	at org.apache.ratis.thirdparty.io.netty.channel.nio.NioEventLoop.processSelectedKey(NioEventLoop.java:632)
	at org.apache.ratis.thirdparty.io.netty.channel.nio.NioEventLoop.processSelectedKeysOptimized(NioEventLoop.java:579)
	at org.apache.ratis.thirdparty.io.netty.channel.nio.NioEventLoop.processSelectedKeys(NioEventLoop.java:496)
	at org.apache.ratis.thirdparty.io.netty.channel.nio.NioEventLoop.run(NioEventLoop.java:458)
	at org.apache.ratis.thirdparty.io.netty.util.concurrent.SingleThreadEventExecutor$5.run(SingleThreadEventExecutor.java:897)
	at org.apache.ratis.thirdparty.io.netty.util.concurrent.FastThreadLocalRunnable.run(FastThreadLocalRunnable.java:30)
	... 1 more
Caused by: java.net.ConnectException: Connection refused
	... 11 more
2019-09-20 00:04:17,745 [c63e7fee-7ebf-4ab3-a82c-403b5cf942fc@group-0BC4DF7BF4D9:LeaderElection69] INFO  impl.LeaderElection (LogUtils.java:infoOrTrace(149)) - c63e7fee-7ebf-4ab3-a82c-403b5cf942fc@group-0BC4DF7BF4D9:LeaderElection69 got exception when requesting votes: {}
java.util.concurrent.ExecutionException: org.apache.ratis.thirdparty.io.grpc.StatusRuntimeException: UNAVAILABLE: io exception
	at java.util.concurrent.FutureTask.report(FutureTask.java:122)
	at java.util.concurrent.FutureTask.get(FutureTask.java:192)
	at org.apache.ratis.server.impl.LeaderElection.waitForResults(LeaderElection.java:263)
	at org.apache.ratis.server.impl.LeaderElection.askForVotes(LeaderElection.java:201)
	at org.apache.ratis.server.impl.LeaderElection.run(LeaderElection.java:133)
	at java.lang.Thread.run(Thread.java:748)
Caused by: org.apache.ratis.thirdparty.io.grpc.StatusRuntimeException: UNAVAILABLE: io exception
	at org.apache.ratis.thirdparty.io.grpc.stub.ClientCalls.toStatusRuntimeException(ClientCalls.java:233)
	at org.apache.ratis.thirdparty.io.grpc.stub.ClientCalls.getUnchecked(ClientCalls.java:214)
	at org.apache.ratis.thirdparty.io.grpc.stub.ClientCalls.blockingUnaryCall(ClientCalls.java:139)
	at org.apache.ratis.proto.grpc.RaftServerProtocolServiceGrpc$RaftServerProtocolServiceBlockingStub.requestVote(RaftServerProtocolServiceGrpc.java:265)
	at org.apache.ratis.grpc.server.GrpcServerProtocolClient.requestVote(GrpcServerProtocolClient.java:90)
	at org.apache.ratis.grpc.server.GrpcService.requestVote(GrpcService.java:204)
	at org.apache.ratis.server.impl.LeaderElection.lambda$submitRequests$1(LeaderElection.java:238)
	at java.util.concurrent.FutureTask.run(FutureTask.java:266)
	at java.util.concurrent.Executors$RunnableAdapter.call(Executors.java:511)
	at java.util.concurrent.FutureTask.run(FutureTask.java:266)
	at java.util.concurrent.ThreadPoolExecutor.runWorker(ThreadPoolExecutor.java:1149)
	at java.util.concurrent.ThreadPoolExecutor$Worker.run(ThreadPoolExecutor.java:624)
	... 1 more
Caused by: org.apache.ratis.thirdparty.io.netty.channel.AbstractChannel$AnnotatedConnectException: Connection refused: /192.168.5.182:35458
	at sun.nio.ch.SocketChannelImpl.checkConnect(Native Method)
	at sun.nio.ch.SocketChannelImpl.finishConnect(SocketChannelImpl.java:717)
	at org.apache.ratis.thirdparty.io.netty.channel.socket.nio.NioSocketChannel.doFinishConnect(NioSocketChannel.java:327)
	at org.apache.ratis.thirdparty.io.netty.channel.nio.AbstractNioChannel$AbstractNioUnsafe.finishConnect(AbstractNioChannel.java:340)
	at org.apache.ratis.thirdparty.io.netty.channel.nio.NioEventLoop.processSelectedKey(NioEventLoop.java:632)
	at org.apache.ratis.thirdparty.io.netty.channel.nio.NioEventLoop.processSelectedKeysOptimized(NioEventLoop.java:579)
	at org.apache.ratis.thirdparty.io.netty.channel.nio.NioEventLoop.processSelectedKeys(NioEventLoop.java:496)
	at org.apache.ratis.thirdparty.io.netty.channel.nio.NioEventLoop.run(NioEventLoop.java:458)
	at org.apache.ratis.thirdparty.io.netty.util.concurrent.SingleThreadEventExecutor$5.run(SingleThreadEventExecutor.java:897)
	at org.apache.ratis.thirdparty.io.netty.util.concurrent.FastThreadLocalRunnable.run(FastThreadLocalRunnable.java:30)
	... 1 more
Caused by: java.net.ConnectException: Connection refused
	... 11 more
2019-09-20 00:04:17,748 [c63e7fee-7ebf-4ab3-a82c-403b5cf942fc@group-0BC4DF7BF4D9:LeaderElection69] INFO  impl.LeaderElection (LeaderElection.java:logAndReturn(56)) - c63e7fee-7ebf-4ab3-a82c-403b5cf942fc@group-0BC4DF7BF4D9:LeaderElection69: Election REJECTED; received 0 response(s) [] and 2 exception(s); c63e7fee-7ebf-4ab3-a82c-403b5cf942fc@group-0BC4DF7BF4D9:t9, leader=null, voted=c63e7fee-7ebf-4ab3-a82c-403b5cf942fc, raftlog=c63e7fee-7ebf-4ab3-a82c-403b5cf942fc@group-0BC4DF7BF4D9-SegmentedRaftLog:OPENED:c2,f2,i2, conf=0: [8f58c883-e4ba-4cdd-8662-08249772462e:192.168.5.182:35458, c63e7fee-7ebf-4ab3-a82c-403b5cf942fc:192.168.5.182:40019, fd99f976-ef3a-47b0-8e0c-a462a244f82b:192.168.5.182:45540], old=null
2019-09-20 00:04:17,748 [c63e7fee-7ebf-4ab3-a82c-403b5cf942fc@group-0BC4DF7BF4D9:LeaderElection69] INFO  impl.LeaderElection (LogUtils.java:infoOrTrace(149)) -   Exception 0: {}
java.util.concurrent.ExecutionException: org.apache.ratis.thirdparty.io.grpc.StatusRuntimeException: UNAVAILABLE: io exception
	at java.util.concurrent.FutureTask.report(FutureTask.java:122)
	at java.util.concurrent.FutureTask.get(FutureTask.java:192)
	at org.apache.ratis.server.impl.LeaderElection.waitForResults(LeaderElection.java:263)
	at org.apache.ratis.server.impl.LeaderElection.askForVotes(LeaderElection.java:201)
	at org.apache.ratis.server.impl.LeaderElection.run(LeaderElection.java:133)
	at java.lang.Thread.run(Thread.java:748)
Caused by: org.apache.ratis.thirdparty.io.grpc.StatusRuntimeException: UNAVAILABLE: io exception
	at org.apache.ratis.thirdparty.io.grpc.stub.ClientCalls.toStatusRuntimeException(ClientCalls.java:233)
	at org.apache.ratis.thirdparty.io.grpc.stub.ClientCalls.getUnchecked(ClientCalls.java:214)
	at org.apache.ratis.thirdparty.io.grpc.stub.ClientCalls.blockingUnaryCall(ClientCalls.java:139)
	at org.apache.ratis.proto.grpc.RaftServerProtocolServiceGrpc$RaftServerProtocolServiceBlockingStub.requestVote(RaftServerProtocolServiceGrpc.java:265)
	at org.apache.ratis.grpc.server.GrpcServerProtocolClient.requestVote(GrpcServerProtocolClient.java:90)
	at org.apache.ratis.grpc.server.GrpcService.requestVote(GrpcService.java:204)
	at org.apache.ratis.server.impl.LeaderElection.lambda$submitRequests$1(LeaderElection.java:238)
	at java.util.concurrent.FutureTask.run(FutureTask.java:266)
	at java.util.concurrent.Executors$RunnableAdapter.call(Executors.java:511)
	at java.util.concurrent.FutureTask.run(FutureTask.java:266)
	at java.util.concurrent.ThreadPoolExecutor.runWorker(ThreadPoolExecutor.java:1149)
	at java.util.concurrent.ThreadPoolExecutor$Worker.run(ThreadPoolExecutor.java:624)
	... 1 more
Caused by: org.apache.ratis.thirdparty.io.netty.channel.AbstractChannel$AnnotatedConnectException: Connection refused: /192.168.5.182:45540
	at sun.nio.ch.SocketChannelImpl.checkConnect(Native Method)
	at sun.nio.ch.SocketChannelImpl.finishConnect(SocketChannelImpl.java:717)
	at org.apache.ratis.thirdparty.io.netty.channel.socket.nio.NioSocketChannel.doFinishConnect(NioSocketChannel.java:327)
	at org.apache.ratis.thirdparty.io.netty.channel.nio.AbstractNioChannel$AbstractNioUnsafe.finishConnect(AbstractNioChannel.java:340)
	at org.apache.ratis.thirdparty.io.netty.channel.nio.NioEventLoop.processSelectedKey(NioEventLoop.java:632)
	at org.apache.ratis.thirdparty.io.netty.channel.nio.NioEventLoop.processSelectedKeysOptimized(NioEventLoop.java:579)
	at org.apache.ratis.thirdparty.io.netty.channel.nio.NioEventLoop.processSelectedKeys(NioEventLoop.java:496)
	at org.apache.ratis.thirdparty.io.netty.channel.nio.NioEventLoop.run(NioEventLoop.java:458)
	at org.apache.ratis.thirdparty.io.netty.util.concurrent.SingleThreadEventExecutor$5.run(SingleThreadEventExecutor.java:897)
	at org.apache.ratis.thirdparty.io.netty.util.concurrent.FastThreadLocalRunnable.run(FastThreadLocalRunnable.java:30)
	... 1 more
Caused by: java.net.ConnectException: Connection refused
	... 11 more
2019-09-20 00:04:17,748 [c63e7fee-7ebf-4ab3-a82c-403b5cf942fc@group-0BC4DF7BF4D9:LeaderElection69] INFO  impl.LeaderElection (LogUtils.java:infoOrTrace(149)) -   Exception 1: {}
java.util.concurrent.ExecutionException: org.apache.ratis.thirdparty.io.grpc.StatusRuntimeException: UNAVAILABLE: io exception
	at java.util.concurrent.FutureTask.report(FutureTask.java:122)
	at java.util.concurrent.FutureTask.get(FutureTask.java:192)
	at org.apache.ratis.server.impl.LeaderElection.waitForResults(LeaderElection.java:263)
	at org.apache.ratis.server.impl.LeaderElection.askForVotes(LeaderElection.java:201)
	at org.apache.ratis.server.impl.LeaderElection.run(LeaderElection.java:133)
	at java.lang.Thread.run(Thread.java:748)
Caused by: org.apache.ratis.thirdparty.io.grpc.StatusRuntimeException: UNAVAILABLE: io exception
	at org.apache.ratis.thirdparty.io.grpc.stub.ClientCalls.toStatusRuntimeException(ClientCalls.java:233)
	at org.apache.ratis.thirdparty.io.grpc.stub.ClientCalls.getUnchecked(ClientCalls.java:214)
	at org.apache.ratis.thirdparty.io.grpc.stub.ClientCalls.blockingUnaryCall(ClientCalls.java:139)
	at org.apache.ratis.proto.grpc.RaftServerProtocolServiceGrpc$RaftServerProtocolServiceBlockingStub.requestVote(RaftServerProtocolServiceGrpc.java:265)
	at org.apache.ratis.grpc.server.GrpcServerProtocolClient.requestVote(GrpcServerProtocolClient.java:90)
	at org.apache.ratis.grpc.server.GrpcService.requestVote(GrpcService.java:204)
	at org.apache.ratis.server.impl.LeaderElection.lambda$submitRequests$1(LeaderElection.java:238)
	at java.util.concurrent.FutureTask.run(FutureTask.java:266)
	at java.util.concurrent.Executors$RunnableAdapter.call(Executors.java:511)
	at java.util.concurrent.FutureTask.run(FutureTask.java:266)
	at java.util.concurrent.ThreadPoolExecutor.runWorker(ThreadPoolExecutor.java:1149)
	at java.util.concurrent.ThreadPoolExecutor$Worker.run(ThreadPoolExecutor.java:624)
	... 1 more
Caused by: org.apache.ratis.thirdparty.io.netty.channel.AbstractChannel$AnnotatedConnectException: Connection refused: /192.168.5.182:35458
	at sun.nio.ch.SocketChannelImpl.checkConnect(Native Method)
	at sun.nio.ch.SocketChannelImpl.finishConnect(SocketChannelImpl.java:717)
	at org.apache.ratis.thirdparty.io.netty.channel.socket.nio.NioSocketChannel.doFinishConnect(NioSocketChannel.java:327)
	at org.apache.ratis.thirdparty.io.netty.channel.nio.AbstractNioChannel$AbstractNioUnsafe.finishConnect(AbstractNioChannel.java:340)
	at org.apache.ratis.thirdparty.io.netty.channel.nio.NioEventLoop.processSelectedKey(NioEventLoop.java:632)
	at org.apache.ratis.thirdparty.io.netty.channel.nio.NioEventLoop.processSelectedKeysOptimized(NioEventLoop.java:579)
	at org.apache.ratis.thirdparty.io.netty.channel.nio.NioEventLoop.processSelectedKeys(NioEventLoop.java:496)
	at org.apache.ratis.thirdparty.io.netty.channel.nio.NioEventLoop.run(NioEventLoop.java:458)
	at org.apache.ratis.thirdparty.io.netty.util.concurrent.SingleThreadEventExecutor$5.run(SingleThreadEventExecutor.java:897)
	at org.apache.ratis.thirdparty.io.netty.util.concurrent.FastThreadLocalRunnable.run(FastThreadLocalRunnable.java:30)
	... 1 more
Caused by: java.net.ConnectException: Connection refused
	... 11 more
2019-09-20 00:04:17,749 [c63e7fee-7ebf-4ab3-a82c-403b5cf942fc@group-0BC4DF7BF4D9:LeaderElection69] INFO  impl.RaftServerImpl (RaftServerImpl.java:setRole(174)) - c63e7fee-7ebf-4ab3-a82c-403b5cf942fc@group-0BC4DF7BF4D9: changes role from CANDIDATE to FOLLOWER at term 9 for DISCOVERED_A_NEW_TERM
2019-09-20 00:04:17,749 [c63e7fee-7ebf-4ab3-a82c-403b5cf942fc@group-0BC4DF7BF4D9:LeaderElection69] INFO  impl.RoleInfo (RoleInfo.java:shutdownLeaderElection(134)) - c63e7fee-7ebf-4ab3-a82c-403b5cf942fc: shutdown LeaderElection
2019-09-20 00:04:17,749 [c63e7fee-7ebf-4ab3-a82c-403b5cf942fc@group-0BC4DF7BF4D9:LeaderElection69] INFO  impl.RoleInfo (RoleInfo.java:updateAndGet(143)) - c63e7fee-7ebf-4ab3-a82c-403b5cf942fc: start FollowerState
2019-09-20 00:04:18,015 [main] INFO  net.NodeSchemaLoader (NodeSchemaLoader.java:loadSchemaFromFile(125)) - Loading file from sun.misc.CompoundEnumeration@778a1250
2019-09-20 00:04:18,018 [main] INFO  net.NodeSchemaLoader (NodeSchemaLoader.java:loadSchema(171)) - Loading network topology layer schema file
2019-09-20 00:04:18,026 [main] INFO  node.SCMNodeManager (SCMNodeManager.java:<init>(114)) - Entering startup safe mode.
2019-09-20 00:04:18,027 [main] INFO  algorithms.ContainerPlacementPolicyFactory (ContainerPlacementPolicyFactory.java:getPolicy(57)) - Create container placement policy of type org.apache.hadoop.hdds.scm.container.placement.algorithms.SCMContainerPlacementRandom
2019-09-20 00:04:18,027 [main] WARN  server.ServerUtils (ServerUtils.java:getScmDbDir(145)) - ozone.scm.db.dirs is not configured. We recommend adding this setting. Falling back to ozone.metadata.dirs instead.
2019-09-20 00:04:18,298 [main] INFO  pipeline.SCMPipelineManager (SCMPipelineManager.java:initializePipelineState(132)) - No pipeline exists in current db
2019-09-20 00:04:18,299 [main] WARN  server.ServerUtils (ServerUtils.java:getScmDbDir(145)) - ozone.scm.db.dirs is not configured. We recommend adding this setting. Falling back to ozone.metadata.dirs instead.
2019-09-20 00:04:19,007 [main] WARN  events.EventQueue (EventQueue.java:fireEvent(183)) - No event handler registered for event TypedEvent{payloadType=SafeModeStatus, name='SafeModeStatus'}
2019-09-20 00:04:19,009 [main] INFO  ipc.CallQueueManager (CallQueueManager.java:<init>(84)) - Using callQueue: class java.util.concurrent.LinkedBlockingQueue, queueCapacity: 2000, scheduler: class org.apache.hadoop.ipc.DefaultRpcScheduler, ipcBackoff: false.
2019-09-20 00:04:19,010 [Socket Reader #1 for port 46005] INFO  ipc.Server (Server.java:run(1074)) - Starting Socket Reader #1 for port 46005
2019-09-20 00:04:19,017 [main] INFO  ipc.CallQueueManager (CallQueueManager.java:<init>(84)) - Using callQueue: class java.util.concurrent.LinkedBlockingQueue, queueCapacity: 2000, scheduler: class org.apache.hadoop.ipc.DefaultRpcScheduler, ipcBackoff: false.
2019-09-20 00:04:19,018 [Socket Reader #1 for port 33827] INFO  ipc.Server (Server.java:run(1074)) - Starting Socket Reader #1 for port 33827
2019-09-20 00:04:19,022 [main] INFO  ipc.CallQueueManager (CallQueueManager.java:<init>(84)) - Using callQueue: class java.util.concurrent.LinkedBlockingQueue, queueCapacity: 2000, scheduler: class org.apache.hadoop.ipc.DefaultRpcScheduler, ipcBackoff: false.
2019-09-20 00:04:19,022 [Socket Reader #1 for port 33214] INFO  ipc.Server (Server.java:run(1074)) - Starting Socket Reader #1 for port 33214
2019-09-20 00:04:19,027 [main] INFO  hdfs.DFSUtil (DFSUtil.java:httpServerTemplateForNNAndJN(1641)) - Starting Web-server for scm at: http://0.0.0.0:0
2019-09-20 00:04:19,029 [main] INFO  server.AuthenticationFilter (AuthenticationFilter.java:constructSecretProvider(240)) - Unable to initialize FileSignerSecretProvider, falling back to use random secrets.
2019-09-20 00:04:19,030 [main] WARN  http.HttpRequestLog (HttpRequestLog.java:getRequestLog(97)) - Jetty request log can only be enabled using Log4j
2019-09-20 00:04:19,032 [main] INFO  http.HttpServer2 (HttpServer2.java:addGlobalFilter(975)) - Added global filter 'safety' (class=org.apache.hadoop.http.HttpServer2$QuotingInputFilter)
2019-09-20 00:04:19,033 [main] INFO  http.HttpServer2 (HttpServer2.java:addFilter(948)) - Added filter static_user_filter (class=org.apache.hadoop.http.lib.StaticUserWebFilter$StaticUserFilter) to context scm
2019-09-20 00:04:19,033 [main] INFO  http.HttpServer2 (HttpServer2.java:addFilter(958)) - Added filter static_user_filter (class=org.apache.hadoop.http.lib.StaticUserWebFilter$StaticUserFilter) to context static
2019-09-20 00:04:19,033 [main] INFO  http.HttpServer2 (HttpServer2.java:addFilter(958)) - Added filter static_user_filter (class=org.apache.hadoop.http.lib.StaticUserWebFilter$StaticUserFilter) to context logs
2019-09-20 00:04:19,037 [main] INFO  server.StorageContainerManager (StorageContainerManager.java:start(770)) - StorageContainerLocationProtocol RPC server is listening at /0.0.0.0:33214
2019-09-20 00:04:19,037 [main] INFO  impl.MetricsSystemImpl (MetricsSystemImpl.java:init(158)) - StorageContainerManager metrics system started (again)
2019-09-20 00:04:19,049 [main] INFO  server.SCMClientProtocolServer (SCMClientProtocolServer.java:start(151)) - RPC server for Client  is listening at /0.0.0.0:33214
2019-09-20 00:04:19,049 [IPC Server Responder] INFO  ipc.Server (Server.java:run(1314)) - IPC Server Responder: starting
2019-09-20 00:04:19,049 [IPC Server listener on 33214] INFO  ipc.Server (Server.java:run(1153)) - IPC Server listener on 33214: starting
2019-09-20 00:04:19,056 [main] INFO  server.StorageContainerManager (StorageContainerManager.java:start(780)) - ScmBlockLocationProtocol RPC server is listening at /0.0.0.0:33827
2019-09-20 00:04:19,056 [main] INFO  server.SCMBlockProtocolServer (SCMBlockProtocolServer.java:start(146)) - RPC server for Block Protocol is listening at /0.0.0.0:33827
2019-09-20 00:04:19,056 [IPC Server Responder] INFO  ipc.Server (Server.java:run(1314)) - IPC Server Responder: starting
2019-09-20 00:04:19,056 [IPC Server listener on 33827] INFO  ipc.Server (Server.java:run(1153)) - IPC Server listener on 33827: starting
2019-09-20 00:04:19,062 [main] INFO  server.StorageContainerManager (StorageContainerManager.java:start(784)) - ScmDatanodeProtocl RPC server is listening at /0.0.0.0:46005
2019-09-20 00:04:19,062 [main] INFO  server.SCMDatanodeProtocolServer (SCMDatanodeProtocolServer.java:start(191)) - RPC server for DataNodes is listening at /0.0.0.0:46005
2019-09-20 00:04:19,062 [IPC Server Responder] INFO  ipc.Server (Server.java:run(1314)) - IPC Server Responder: starting
2019-09-20 00:04:19,062 [IPC Server listener on 46005] INFO  ipc.Server (Server.java:run(1153)) - IPC Server listener on 46005: starting
2019-09-20 00:04:19,068 [main] INFO  http.HttpServer2 (HttpServer2.java:bindListener(1191)) - Jetty bound to port 43037
2019-09-20 00:04:19,068 [main] INFO  server.Server (Server.java:doStart(351)) - jetty-9.3.24.v20180605, build timestamp: 2018-06-05T17:11:56Z, git hash: 84205aa28f11a4f31f2a3b86d1bba2cc8ab69827
2019-09-20 00:04:19,070 [main] INFO  handler.ContextHandler (ContextHandler.java:doStart(781)) - Started o.e.j.s.ServletContextHandler@733fb462{/logs,file:///workdir/hadoop-ozone/integration-test/target/log,AVAILABLE}
2019-09-20 00:04:19,070 [main] INFO  handler.ContextHandler (ContextHandler.java:doStart(781)) - Started o.e.j.s.ServletContextHandler@359066bc{/static,file:///workdir/hadoop-ozone/integration-test/target/test-classes/webapps/static,AVAILABLE}
2019-09-20 00:04:19,095 [main] INFO  handler.ContextHandler (ContextHandler.java:doStart(781)) - Started o.e.j.w.WebAppContext@2de6f1bc{/,file:///workdir/hadoop-ozone/integration-test/target/test-classes/webapps/scm/,AVAILABLE}{/scm}
2019-09-20 00:04:19,096 [main] INFO  server.AbstractConnector (AbstractConnector.java:doStart(278)) - Started ServerConnector@5b35c7d{HTTP/1.1,[http/1.1]}{0.0.0.0:43037}
2019-09-20 00:04:19,099 [main] INFO  server.Server (Server.java:doStart(419)) - Started @242858ms
2019-09-20 00:04:19,099 [main] WARN  impl.MetricsSystemImpl (MetricsSystemImpl.java:register(276)) - Sink prometheus already exists!
2019-09-20 00:04:19,100 [main] INFO  server.BaseHttpServer (BaseHttpServer.java:updateConnectorAddress(215)) - HTTP server of SCM is listening at http://0.0.0.0:43037
2019-09-20 00:04:19,103 [org.apache.hadoop.util.JvmPauseMonitor$Monitor@4c731956] INFO  util.JvmPauseMonitor (JvmPauseMonitor.java:run(188)) - Starting JVM pause monitor
2019-09-20 00:04:19,103 [main] WARN  server.ServerUtils (ServerUtils.java:getDBPath(222)) - ozone.om.db.dirs is not configured. We recommend adding this setting. Falling back to ozone.metadata.dirs instead.
2019-09-20 00:04:19,503 [main] WARN  server.ServerUtils (ServerUtils.java:getDBPath(222)) - ozone.om.db.dirs is not configured. We recommend adding this setting. Falling back to ozone.metadata.dirs instead.
2019-09-20 00:04:19,504 [main] WARN  server.ServerUtils (ServerUtils.java:getDBPath(222)) - ozone.om.db.dirs is not configured. We recommend adding this setting. Falling back to ozone.metadata.dirs instead.
2019-09-20 00:04:19,504 [main] INFO  om.OzoneManager (OzoneManager.java:setOMNodeDetails(652)) - OM Service ID is not set. Setting it to the default ID: omServiceIdDefault
2019-09-20 00:04:19,504 [main] INFO  om.OzoneManager (OzoneManager.java:setOMNodeDetails(658)) - OM Node ID is not set. Setting it to the OmStorage's OmID: ba6668b8-02ea-4b94-8ec4-5d431c86c6cc
2019-09-20 00:04:19,504 [main] INFO  om.OzoneManager (OzoneManager.java:loadOMHAConfigs(609)) - Found matching OM address with OMServiceId: null, OMNodeId: null, RPC Address: localhost:0 and Ratis port: 9872
2019-09-20 00:04:19,514 [main] WARN  server.ServerUtils (ServerUtils.java:getDBPath(222)) - ozone.om.db.dirs is not configured. We recommend adding this setting. Falling back to ozone.metadata.dirs instead.
2019-09-20 00:04:19,514 [main] INFO  db.DBStoreBuilder (DBStoreBuilder.java:addTable(110)) - using custom profile for table: userTable
2019-09-20 00:04:19,515 [main] INFO  db.DBStoreBuilder (DBStoreBuilder.java:processTables(161)) - Using default column profile:DBProfile.DISK for Table:userTable
2019-09-20 00:04:19,515 [main] INFO  db.DBStoreBuilder (DBStoreBuilder.java:addTable(110)) - using custom profile for table: volumeTable
2019-09-20 00:04:19,515 [main] INFO  db.DBStoreBuilder (DBStoreBuilder.java:processTables(161)) - Using default column profile:DBProfile.DISK for Table:volumeTable
2019-09-20 00:04:19,515 [main] INFO  db.DBStoreBuilder (DBStoreBuilder.java:addTable(110)) - using custom profile for table: bucketTable
2019-09-20 00:04:19,516 [main] INFO  db.DBStoreBuilder (DBStoreBuilder.java:processTables(161)) - Using default column profile:DBProfile.DISK for Table:bucketTable
2019-09-20 00:04:19,516 [main] INFO  db.DBStoreBuilder (DBStoreBuilder.java:addTable(110)) - using custom profile for table: keyTable
2019-09-20 00:04:19,516 [main] INFO  db.DBStoreBuilder (DBStoreBuilder.java:processTables(161)) - Using default column profile:DBProfile.DISK for Table:keyTable
2019-09-20 00:04:19,516 [main] INFO  db.DBStoreBuilder (DBStoreBuilder.java:addTable(110)) - using custom profile for table: deletedTable
2019-09-20 00:04:19,516 [main] INFO  db.DBStoreBuilder (DBStoreBuilder.java:processTables(161)) - Using default column profile:DBProfile.DISK for Table:deletedTable
2019-09-20 00:04:19,517 [main] INFO  db.DBStoreBuilder (DBStoreBuilder.java:addTable(110)) - using custom profile for table: openKeyTable
2019-09-20 00:04:19,517 [main] INFO  db.DBStoreBuilder (DBStoreBuilder.java:processTables(161)) - Using default column profile:DBProfile.DISK for Table:openKeyTable
2019-09-20 00:04:19,517 [main] INFO  db.DBStoreBuilder (DBStoreBuilder.java:addTable(110)) - using custom profile for table: s3Table
2019-09-20 00:04:19,517 [main] INFO  db.DBStoreBuilder (DBStoreBuilder.java:processTables(161)) - Using default column profile:DBProfile.DISK for Table:s3Table
2019-09-20 00:04:19,517 [main] INFO  db.DBStoreBuilder (DBStoreBuilder.java:addTable(110)) - using custom profile for table: multipartInfoTable
2019-09-20 00:04:19,518 [main] INFO  db.DBStoreBuilder (DBStoreBuilder.java:processTables(161)) - Using default column profile:DBProfile.DISK for Table:multipartInfoTable
2019-09-20 00:04:19,518 [main] INFO  db.DBStoreBuilder (DBStoreBuilder.java:addTable(110)) - using custom profile for table: dTokenTable
2019-09-20 00:04:19,518 [main] INFO  db.DBStoreBuilder (DBStoreBuilder.java:processTables(161)) - Using default column profile:DBProfile.DISK for Table:dTokenTable
2019-09-20 00:04:19,518 [main] INFO  db.DBStoreBuilder (DBStoreBuilder.java:addTable(110)) - using custom profile for table: s3SecretTable
2019-09-20 00:04:19,518 [main] INFO  db.DBStoreBuilder (DBStoreBuilder.java:processTables(161)) - Using default column profile:DBProfile.DISK for Table:s3SecretTable
2019-09-20 00:04:19,519 [main] INFO  db.DBStoreBuilder (DBStoreBuilder.java:addTable(110)) - using custom profile for table: prefixTable
2019-09-20 00:04:19,519 [main] INFO  db.DBStoreBuilder (DBStoreBuilder.java:processTables(161)) - Using default column profile:DBProfile.DISK for Table:prefixTable
2019-09-20 00:04:19,519 [main] INFO  db.DBStoreBuilder (DBStoreBuilder.java:addTable(110)) - using custom profile for table: default
2019-09-20 00:04:19,519 [main] INFO  db.DBStoreBuilder (DBStoreBuilder.java:processTables(167)) - Using default column profile:DBProfile.DISK for Table:default
2019-09-20 00:04:19,519 [main] INFO  db.DBStoreBuilder (DBStoreBuilder.java:getDbProfile(198)) - Using default options. DBProfile.DISK
2019-09-20 00:04:22,833 [Thread-1759] INFO  impl.FollowerState (FollowerState.java:run(106)) - c63e7fee-7ebf-4ab3-a82c-403b5cf942fc:group-0BC4DF7BF4D9 changes to CANDIDATE, lastRpcTime:5083, electionTimeout:5083ms
2019-09-20 00:04:22,834 [Thread-1759] INFO  impl.RoleInfo (RoleInfo.java:shutdownFollowerState(121)) - c63e7fee-7ebf-4ab3-a82c-403b5cf942fc: shutdown FollowerState
2019-09-20 00:04:22,834 [Thread-1759] INFO  impl.RaftServerImpl (RaftServerImpl.java:setRole(174)) - c63e7fee-7ebf-4ab3-a82c-403b5cf942fc@group-0BC4DF7BF4D9: changes role from  FOLLOWER to CANDIDATE at term 9 for changeToCandidate
2019-09-20 00:04:22,834 [Thread-1759] INFO  impl.RoleInfo (RoleInfo.java:updateAndGet(143)) - c63e7fee-7ebf-4ab3-a82c-403b5cf942fc: start LeaderElection
2019-09-20 00:04:23,019 [c63e7fee-7ebf-4ab3-a82c-403b5cf942fc@group-0BC4DF7BF4D9:LeaderElection70] INFO  impl.LeaderElection (LeaderElection.java:askForVotes(182)) - c63e7fee-7ebf-4ab3-a82c-403b5cf942fc@group-0BC4DF7BF4D9:LeaderElection70: begin an election at term 10 for 0: [8f58c883-e4ba-4cdd-8662-08249772462e:192.168.5.182:35458, c63e7fee-7ebf-4ab3-a82c-403b5cf942fc:192.168.5.182:40019, fd99f976-ef3a-47b0-8e0c-a462a244f82b:192.168.5.182:45540], old=null
2019-09-20 00:04:23,021 [c63e7fee-7ebf-4ab3-a82c-403b5cf942fc@group-0BC4DF7BF4D9:LeaderElection70] INFO  impl.LeaderElection (LogUtils.java:infoOrTrace(149)) - c63e7fee-7ebf-4ab3-a82c-403b5cf942fc@group-0BC4DF7BF4D9:LeaderElection70 got exception when requesting votes: {}
java.util.concurrent.ExecutionException: org.apache.ratis.thirdparty.io.grpc.StatusRuntimeException: UNAVAILABLE: io exception
	at java.util.concurrent.FutureTask.report(FutureTask.java:122)
	at java.util.concurrent.FutureTask.get(FutureTask.java:192)
	at org.apache.ratis.server.impl.LeaderElection.waitForResults(LeaderElection.java:263)
	at org.apache.ratis.server.impl.LeaderElection.askForVotes(LeaderElection.java:201)
	at org.apache.ratis.server.impl.LeaderElection.run(LeaderElection.java:133)
	at java.lang.Thread.run(Thread.java:748)
Caused by: org.apache.ratis.thirdparty.io.grpc.StatusRuntimeException: UNAVAILABLE: io exception
	at org.apache.ratis.thirdparty.io.grpc.stub.ClientCalls.toStatusRuntimeException(ClientCalls.java:233)
	at org.apache.ratis.thirdparty.io.grpc.stub.ClientCalls.getUnchecked(ClientCalls.java:214)
	at org.apache.ratis.thirdparty.io.grpc.stub.ClientCalls.blockingUnaryCall(ClientCalls.java:139)
	at org.apache.ratis.proto.grpc.RaftServerProtocolServiceGrpc$RaftServerProtocolServiceBlockingStub.requestVote(RaftServerProtocolServiceGrpc.java:265)
	at org.apache.ratis.grpc.server.GrpcServerProtocolClient.requestVote(GrpcServerProtocolClient.java:90)
	at org.apache.ratis.grpc.server.GrpcService.requestVote(GrpcService.java:204)
	at org.apache.ratis.server.impl.LeaderElection.lambda$submitRequests$1(LeaderElection.java:238)
	at java.util.concurrent.FutureTask.run(FutureTask.java:266)
	at java.util.concurrent.Executors$RunnableAdapter.call(Executors.java:511)
	at java.util.concurrent.FutureTask.run(FutureTask.java:266)
	at java.util.concurrent.ThreadPoolExecutor.runWorker(ThreadPoolExecutor.java:1149)
	at java.util.concurrent.ThreadPoolExecutor$Worker.run(ThreadPoolExecutor.java:624)
	... 1 more
Caused by: org.apache.ratis.thirdparty.io.netty.channel.AbstractChannel$AnnotatedConnectException: Connection refused: /192.168.5.182:45540
	at sun.nio.ch.SocketChannelImpl.checkConnect(Native Method)
	at sun.nio.ch.SocketChannelImpl.finishConnect(SocketChannelImpl.java:717)
	at org.apache.ratis.thirdparty.io.netty.channel.socket.nio.NioSocketChannel.doFinishConnect(NioSocketChannel.java:327)
	at org.apache.ratis.thirdparty.io.netty.channel.nio.AbstractNioChannel$AbstractNioUnsafe.finishConnect(AbstractNioChannel.java:340)
	at org.apache.ratis.thirdparty.io.netty.channel.nio.NioEventLoop.processSelectedKey(NioEventLoop.java:632)
	at org.apache.ratis.thirdparty.io.netty.channel.nio.NioEventLoop.processSelectedKeysOptimized(NioEventLoop.java:579)
	at org.apache.ratis.thirdparty.io.netty.channel.nio.NioEventLoop.processSelectedKeys(NioEventLoop.java:496)
	at org.apache.ratis.thirdparty.io.netty.channel.nio.NioEventLoop.run(NioEventLoop.java:458)
	at org.apache.ratis.thirdparty.io.netty.util.concurrent.SingleThreadEventExecutor$5.run(SingleThreadEventExecutor.java:897)
	at org.apache.ratis.thirdparty.io.netty.util.concurrent.FastThreadLocalRunnable.run(FastThreadLocalRunnable.java:30)
	... 1 more
Caused by: java.net.ConnectException: Connection refused
	... 11 more
2019-09-20 00:04:23,027 [c63e7fee-7ebf-4ab3-a82c-403b5cf942fc@group-0BC4DF7BF4D9:LeaderElection70] INFO  impl.LeaderElection (LogUtils.java:infoOrTrace(149)) - c63e7fee-7ebf-4ab3-a82c-403b5cf942fc@group-0BC4DF7BF4D9:LeaderElection70 got exception when requesting votes: {}
java.util.concurrent.ExecutionException: org.apache.ratis.thirdparty.io.grpc.StatusRuntimeException: UNAVAILABLE: io exception
	at java.util.concurrent.FutureTask.report(FutureTask.java:122)
	at java.util.concurrent.FutureTask.get(FutureTask.java:192)
	at org.apache.ratis.server.impl.LeaderElection.waitForResults(LeaderElection.java:263)
	at org.apache.ratis.server.impl.LeaderElection.askForVotes(LeaderElection.java:201)
	at org.apache.ratis.server.impl.LeaderElection.run(LeaderElection.java:133)
	at java.lang.Thread.run(Thread.java:748)
Caused by: org.apache.ratis.thirdparty.io.grpc.StatusRuntimeException: UNAVAILABLE: io exception
	at org.apache.ratis.thirdparty.io.grpc.stub.ClientCalls.toStatusRuntimeException(ClientCalls.java:233)
	at org.apache.ratis.thirdparty.io.grpc.stub.ClientCalls.getUnchecked(ClientCalls.java:214)
	at org.apache.ratis.thirdparty.io.grpc.stub.ClientCalls.blockingUnaryCall(ClientCalls.java:139)
	at org.apache.ratis.proto.grpc.RaftServerProtocolServiceGrpc$RaftServerProtocolServiceBlockingStub.requestVote(RaftServerProtocolServiceGrpc.java:265)
	at org.apache.ratis.grpc.server.GrpcServerProtocolClient.requestVote(GrpcServerProtocolClient.java:90)
	at org.apache.ratis.grpc.server.GrpcService.requestVote(GrpcService.java:204)
	at org.apache.ratis.server.impl.LeaderElection.lambda$submitRequests$1(LeaderElection.java:238)
	at java.util.concurrent.FutureTask.run(FutureTask.java:266)
	at java.util.concurrent.Executors$RunnableAdapter.call(Executors.java:511)
	at java.util.concurrent.FutureTask.run(FutureTask.java:266)
	at java.util.concurrent.ThreadPoolExecutor.runWorker(ThreadPoolExecutor.java:1149)
	at java.util.concurrent.ThreadPoolExecutor$Worker.run(ThreadPoolExecutor.java:624)
	... 1 more
Caused by: org.apache.ratis.thirdparty.io.netty.channel.AbstractChannel$AnnotatedConnectException: Connection refused: /192.168.5.182:35458
	at sun.nio.ch.SocketChannelImpl.checkConnect(Native Method)
	at sun.nio.ch.SocketChannelImpl.finishConnect(SocketChannelImpl.java:717)
	at org.apache.ratis.thirdparty.io.netty.channel.socket.nio.NioSocketChannel.doFinishConnect(NioSocketChannel.java:327)
	at org.apache.ratis.thirdparty.io.netty.channel.nio.AbstractNioChannel$AbstractNioUnsafe.finishConnect(AbstractNioChannel.java:340)
	at org.apache.ratis.thirdparty.io.netty.channel.nio.NioEventLoop.processSelectedKey(NioEventLoop.java:632)
	at org.apache.ratis.thirdparty.io.netty.channel.nio.NioEventLoop.processSelectedKeysOptimized(NioEventLoop.java:579)
	at org.apache.ratis.thirdparty.io.netty.channel.nio.NioEventLoop.processSelectedKeys(NioEventLoop.java:496)
	at org.apache.ratis.thirdparty.io.netty.channel.nio.NioEventLoop.run(NioEventLoop.java:458)
	at org.apache.ratis.thirdparty.io.netty.util.concurrent.SingleThreadEventExecutor$5.run(SingleThreadEventExecutor.java:897)
	at org.apache.ratis.thirdparty.io.netty.util.concurrent.FastThreadLocalRunnable.run(FastThreadLocalRunnable.java:30)
	... 1 more
Caused by: java.net.ConnectException: Connection refused
	... 11 more
2019-09-20 00:04:23,034 [c63e7fee-7ebf-4ab3-a82c-403b5cf942fc@group-0BC4DF7BF4D9:LeaderElection70] INFO  impl.LeaderElection (LeaderElection.java:logAndReturn(56)) - c63e7fee-7ebf-4ab3-a82c-403b5cf942fc@group-0BC4DF7BF4D9:LeaderElection70: Election REJECTED; received 0 response(s) [] and 2 exception(s); c63e7fee-7ebf-4ab3-a82c-403b5cf942fc@group-0BC4DF7BF4D9:t10, leader=null, voted=c63e7fee-7ebf-4ab3-a82c-403b5cf942fc, raftlog=c63e7fee-7ebf-4ab3-a82c-403b5cf942fc@group-0BC4DF7BF4D9-SegmentedRaftLog:OPENED:c2,f2,i2, conf=0: [8f58c883-e4ba-4cdd-8662-08249772462e:192.168.5.182:35458, c63e7fee-7ebf-4ab3-a82c-403b5cf942fc:192.168.5.182:40019, fd99f976-ef3a-47b0-8e0c-a462a244f82b:192.168.5.182:45540], old=null
2019-09-20 00:04:23,034 [c63e7fee-7ebf-4ab3-a82c-403b5cf942fc@group-0BC4DF7BF4D9:LeaderElection70] INFO  impl.LeaderElection (LogUtils.java:infoOrTrace(149)) -   Exception 0: {}
java.util.concurrent.ExecutionException: org.apache.ratis.thirdparty.io.grpc.StatusRuntimeException: UNAVAILABLE: io exception
	at java.util.concurrent.FutureTask.report(FutureTask.java:122)
	at java.util.concurrent.FutureTask.get(FutureTask.java:192)
	at org.apache.ratis.server.impl.LeaderElection.waitForResults(LeaderElection.java:263)
	at org.apache.ratis.server.impl.LeaderElection.askForVotes(LeaderElection.java:201)
	at org.apache.ratis.server.impl.LeaderElection.run(LeaderElection.java:133)
	at java.lang.Thread.run(Thread.java:748)
Caused by: org.apache.ratis.thirdparty.io.grpc.StatusRuntimeException: UNAVAILABLE: io exception
	at org.apache.ratis.thirdparty.io.grpc.stub.ClientCalls.toStatusRuntimeException(ClientCalls.java:233)
	at org.apache.ratis.thirdparty.io.grpc.stub.ClientCalls.getUnchecked(ClientCalls.java:214)
	at org.apache.ratis.thirdparty.io.grpc.stub.ClientCalls.blockingUnaryCall(ClientCalls.java:139)
	at org.apache.ratis.proto.grpc.RaftServerProtocolServiceGrpc$RaftServerProtocolServiceBlockingStub.requestVote(RaftServerProtocolServiceGrpc.java:265)
	at org.apache.ratis.grpc.server.GrpcServerProtocolClient.requestVote(GrpcServerProtocolClient.java:90)
	at org.apache.ratis.grpc.server.GrpcService.requestVote(GrpcService.java:204)
	at org.apache.ratis.server.impl.LeaderElection.lambda$submitRequests$1(LeaderElection.java:238)
	at java.util.concurrent.FutureTask.run(FutureTask.java:266)
	at java.util.concurrent.Executors$RunnableAdapter.call(Executors.java:511)
	at java.util.concurrent.FutureTask.run(FutureTask.java:266)
	at java.util.concurrent.ThreadPoolExecutor.runWorker(ThreadPoolExecutor.java:1149)
	at java.util.concurrent.ThreadPoolExecutor$Worker.run(ThreadPoolExecutor.java:624)
	... 1 more
Caused by: org.apache.ratis.thirdparty.io.netty.channel.AbstractChannel$AnnotatedConnectException: Connection refused: /192.168.5.182:45540
	at sun.nio.ch.SocketChannelImpl.checkConnect(Native Method)
	at sun.nio.ch.SocketChannelImpl.finishConnect(SocketChannelImpl.java:717)
	at org.apache.ratis.thirdparty.io.netty.channel.socket.nio.NioSocketChannel.doFinishConnect(NioSocketChannel.java:327)
	at org.apache.ratis.thirdparty.io.netty.channel.nio.AbstractNioChannel$AbstractNioUnsafe.finishConnect(AbstractNioChannel.java:340)
	at org.apache.ratis.thirdparty.io.netty.channel.nio.NioEventLoop.processSelectedKey(NioEventLoop.java:632)
	at org.apache.ratis.thirdparty.io.netty.channel.nio.NioEventLoop.processSelectedKeysOptimized(NioEventLoop.java:579)
	at org.apache.ratis.thirdparty.io.netty.channel.nio.NioEventLoop.processSelectedKeys(NioEventLoop.java:496)
	at org.apache.ratis.thirdparty.io.netty.channel.nio.NioEventLoop.run(NioEventLoop.java:458)
	at org.apache.ratis.thirdparty.io.netty.util.concurrent.SingleThreadEventExecutor$5.run(SingleThreadEventExecutor.java:897)
	at org.apache.ratis.thirdparty.io.netty.util.concurrent.FastThreadLocalRunnable.run(FastThreadLocalRunnable.java:30)
	... 1 more
Caused by: java.net.ConnectException: Connection refused
	... 11 more
2019-09-20 00:04:23,035 [c63e7fee-7ebf-4ab3-a82c-403b5cf942fc@group-0BC4DF7BF4D9:LeaderElection70] INFO  impl.LeaderElection (LogUtils.java:infoOrTrace(149)) -   Exception 1: {}
java.util.concurrent.ExecutionException: org.apache.ratis.thirdparty.io.grpc.StatusRuntimeException: UNAVAILABLE: io exception
	at java.util.concurrent.FutureTask.report(FutureTask.java:122)
	at java.util.concurrent.FutureTask.get(FutureTask.java:192)
	at org.apache.ratis.server.impl.LeaderElection.waitForResults(LeaderElection.java:263)
	at org.apache.ratis.server.impl.LeaderElection.askForVotes(LeaderElection.java:201)
	at org.apache.ratis.server.impl.LeaderElection.run(LeaderElection.java:133)
	at java.lang.Thread.run(Thread.java:748)
Caused by: org.apache.ratis.thirdparty.io.grpc.StatusRuntimeException: UNAVAILABLE: io exception
	at org.apache.ratis.thirdparty.io.grpc.stub.ClientCalls.toStatusRuntimeException(ClientCalls.java:233)
	at org.apache.ratis.thirdparty.io.grpc.stub.ClientCalls.getUnchecked(ClientCalls.java:214)
	at org.apache.ratis.thirdparty.io.grpc.stub.ClientCalls.blockingUnaryCall(ClientCalls.java:139)
	at org.apache.ratis.proto.grpc.RaftServerProtocolServiceGrpc$RaftServerProtocolServiceBlockingStub.requestVote(RaftServerProtocolServiceGrpc.java:265)
	at org.apache.ratis.grpc.server.GrpcServerProtocolClient.requestVote(GrpcServerProtocolClient.java:90)
	at org.apache.ratis.grpc.server.GrpcService.requestVote(GrpcService.java:204)
	at org.apache.ratis.server.impl.LeaderElection.lambda$submitRequests$1(LeaderElection.java:238)
	at java.util.concurrent.FutureTask.run(FutureTask.java:266)
	at java.util.concurrent.Executors$RunnableAdapter.call(Executors.java:511)
	at java.util.concurrent.FutureTask.run(FutureTask.java:266)
	at java.util.concurrent.ThreadPoolExecutor.runWorker(ThreadPoolExecutor.java:1149)
	at java.util.concurrent.ThreadPoolExecutor$Worker.run(ThreadPoolExecutor.java:624)
	... 1 more
Caused by: org.apache.ratis.thirdparty.io.netty.channel.AbstractChannel$AnnotatedConnectException: Connection refused: /192.168.5.182:35458
	at sun.nio.ch.SocketChannelImpl.checkConnect(Native Method)
	at sun.nio.ch.SocketChannelImpl.finishConnect(SocketChannelImpl.java:717)
	at org.apache.ratis.thirdparty.io.netty.channel.socket.nio.NioSocketChannel.doFinishConnect(NioSocketChannel.java:327)
	at org.apache.ratis.thirdparty.io.netty.channel.nio.AbstractNioChannel$AbstractNioUnsafe.finishConnect(AbstractNioChannel.java:340)
	at org.apache.ratis.thirdparty.io.netty.channel.nio.NioEventLoop.processSelectedKey(NioEventLoop.java:632)
	at org.apache.ratis.thirdparty.io.netty.channel.nio.NioEventLoop.processSelectedKeysOptimized(NioEventLoop.java:579)
	at org.apache.ratis.thirdparty.io.netty.channel.nio.NioEventLoop.processSelectedKeys(NioEventLoop.java:496)
	at org.apache.ratis.thirdparty.io.netty.channel.nio.NioEventLoop.run(NioEventLoop.java:458)
	at org.apache.ratis.thirdparty.io.netty.util.concurrent.SingleThreadEventExecutor$5.run(SingleThreadEventExecutor.java:897)
	at org.apache.ratis.thirdparty.io.netty.util.concurrent.FastThreadLocalRunnable.run(FastThreadLocalRunnable.java:30)
	... 1 more
Caused by: java.net.ConnectException: Connection refused
	... 11 more
2019-09-20 00:04:23,035 [c63e7fee-7ebf-4ab3-a82c-403b5cf942fc@group-0BC4DF7BF4D9:LeaderElection70] INFO  impl.RaftServerImpl (RaftServerImpl.java:setRole(174)) - c63e7fee-7ebf-4ab3-a82c-403b5cf942fc@group-0BC4DF7BF4D9: changes role from CANDIDATE to FOLLOWER at term 10 for DISCOVERED_A_NEW_TERM
2019-09-20 00:04:23,037 [c63e7fee-7ebf-4ab3-a82c-403b5cf942fc@group-0BC4DF7BF4D9:LeaderElection70] INFO  impl.RoleInfo (RoleInfo.java:shutdownLeaderElection(134)) - c63e7fee-7ebf-4ab3-a82c-403b5cf942fc: shutdown LeaderElection
2019-09-20 00:04:23,037 [c63e7fee-7ebf-4ab3-a82c-403b5cf942fc@group-0BC4DF7BF4D9:LeaderElection70] INFO  impl.RoleInfo (RoleInfo.java:updateAndGet(143)) - c63e7fee-7ebf-4ab3-a82c-403b5cf942fc: start FollowerState
2019-09-20 00:04:23,669 [main] INFO  ipc.CallQueueManager (CallQueueManager.java:<init>(84)) - Using callQueue: class java.util.concurrent.LinkedBlockingQueue, queueCapacity: 2000, scheduler: class org.apache.hadoop.ipc.DefaultRpcScheduler, ipcBackoff: false.
2019-09-20 00:04:23,672 [Socket Reader #1 for port 39587] INFO  ipc.Server (Server.java:run(1074)) - Starting Socket Reader #1 for port 39587
2019-09-20 00:04:23,696 [main] INFO  om.OzoneManager (OzoneManager.java:start(1243)) - OzoneManager RPC server is listening at localhost/127.0.0.1:39587
2019-09-20 00:04:23,696 [main] INFO  impl.MetricsSystemImpl (MetricsSystemImpl.java:init(158)) - OzoneManager metrics system started (again)
2019-09-20 00:04:23,697 [IPC Server Responder] INFO  ipc.Server (Server.java:run(1314)) - IPC Server Responder: starting
2019-09-20 00:04:23,697 [IPC Server listener on 39587] INFO  ipc.Server (Server.java:run(1153)) - IPC Server listener on 39587: starting
2019-09-20 00:04:23,705 [main] INFO  hdfs.DFSUtil (DFSUtil.java:httpServerTemplateForNNAndJN(1641)) - Starting Web-server for ozoneManager at: http://0.0.0.0:0
2019-09-20 00:04:23,706 [main] INFO  server.AuthenticationFilter (AuthenticationFilter.java:constructSecretProvider(240)) - Unable to initialize FileSignerSecretProvider, falling back to use random secrets.
2019-09-20 00:04:23,707 [main] WARN  http.HttpRequestLog (HttpRequestLog.java:getRequestLog(97)) - Jetty request log can only be enabled using Log4j
2019-09-20 00:04:23,709 [main] INFO  http.HttpServer2 (HttpServer2.java:addGlobalFilter(975)) - Added global filter 'safety' (class=org.apache.hadoop.http.HttpServer2$QuotingInputFilter)
2019-09-20 00:04:23,709 [main] INFO  http.HttpServer2 (HttpServer2.java:addFilter(948)) - Added filter static_user_filter (class=org.apache.hadoop.http.lib.StaticUserWebFilter$StaticUserFilter) to context ozoneManager
2019-09-20 00:04:23,709 [main] INFO  http.HttpServer2 (HttpServer2.java:addFilter(958)) - Added filter static_user_filter (class=org.apache.hadoop.http.lib.StaticUserWebFilter$StaticUserFilter) to context static
2019-09-20 00:04:23,709 [main] INFO  http.HttpServer2 (HttpServer2.java:addFilter(958)) - Added filter static_user_filter (class=org.apache.hadoop.http.lib.StaticUserWebFilter$StaticUserFilter) to context logs
2019-09-20 00:04:23,710 [main] INFO  http.HttpServer2 (HttpServer2.java:bindListener(1191)) - Jetty bound to port 45472
2019-09-20 00:04:23,711 [main] INFO  server.Server (Server.java:doStart(351)) - jetty-9.3.24.v20180605, build timestamp: 2018-06-05T17:11:56Z, git hash: 84205aa28f11a4f31f2a3b86d1bba2cc8ab69827
2019-09-20 00:04:23,712 [main] INFO  handler.ContextHandler (ContextHandler.java:doStart(781)) - Started o.e.j.s.ServletContextHandler@2506e949{/logs,file:///workdir/hadoop-ozone/integration-test/target/log,AVAILABLE}
2019-09-20 00:04:23,713 [main] INFO  handler.ContextHandler (ContextHandler.java:doStart(781)) - Started o.e.j.s.ServletContextHandler@4c531172{/static,file:///workdir/hadoop-ozone/integration-test/target/test-classes/webapps/static,AVAILABLE}
2019-09-20 00:04:23,717 [main] INFO  handler.ContextHandler (ContextHandler.java:doStart(781)) - Started o.e.j.w.WebAppContext@226de93c{/,file:///workdir/hadoop-ozone/integration-test/target/test-classes/webapps/ozoneManager/,AVAILABLE}{/ozoneManager}
2019-09-20 00:04:23,717 [main] INFO  server.AbstractConnector (AbstractConnector.java:doStart(278)) - Started ServerConnector@72028a45{HTTP/1.1,[http/1.1]}{0.0.0.0:45472}
2019-09-20 00:04:23,719 [main] INFO  server.Server (Server.java:doStart(419)) - Started @247478ms
2019-09-20 00:04:23,720 [main] WARN  impl.MetricsSystemImpl (MetricsSystemImpl.java:register(276)) - Sink prometheus already exists!
2019-09-20 00:04:23,733 [main] INFO  server.BaseHttpServer (BaseHttpServer.java:updateConnectorAddress(215)) - HTTP server of OZONEMANAGER is listening at http://0.0.0.0:45472
2019-09-20 00:04:23,747 [main] INFO  impl.MetricsSystemImpl (MetricsSystemImpl.java:init(158)) - HddsDatanode metrics system started (again)
2019-09-20 00:04:23,762 [main] INFO  ozone.HddsDatanodeService (HddsDatanodeService.java:start(184)) - HddsDatanodeService host:pr-hdds-2020-7x4rg-3348829713 ip:192.168.5.182
2019-09-20 00:04:23,771 [main] INFO  volume.HddsVolume (HddsVolume.java:<init>(176)) - Creating Volume: /workdir/hadoop-ozone/integration-test/target/test-dir/MiniOzoneClusterImpl-d3f2f10e-dfea-4f41-bcae-f8f30acd02f5/datanode-0/data/containers/hdds of  storage type : DISK and capacity : 1482555576320
2019-09-20 00:04:23,772 [main] INFO  volume.VolumeSet (VolumeSet.java:initializeVolumeSet(170)) - Added Volume : /workdir/hadoop-ozone/integration-test/target/test-dir/MiniOzoneClusterImpl-d3f2f10e-dfea-4f41-bcae-f8f30acd02f5/datanode-0/data/containers/hdds to VolumeSet
2019-09-20 00:04:23,772 [main] INFO  volume.ThrottledAsyncChecker (ThrottledAsyncChecker.java:schedule(139)) - Scheduling a check for org.apache.hadoop.ozone.container.common.volume.HddsVolume@1320e68a
2019-09-20 00:04:23,773 [main] INFO  volume.HddsVolumeChecker (HddsVolumeChecker.java:checkAllVolumes(202)) - Scheduled health check for volume org.apache.hadoop.ozone.container.common.volume.HddsVolume@1320e68a
2019-09-20 00:04:23,793 [main] INFO  impl.RaftServerProxy (ConfUtils.java:logGet(43)) - raft.rpc.type = GRPC (default)
2019-09-20 00:04:23,793 [main] INFO  grpc.GrpcFactory (GrpcFactory.java:checkPooledByteBufAllocatorUseCacheForAllThreads(45)) - PERFORMANCE WARNING: useCacheForAllThreads is true that may cause Netty to create a lot garbage objects and, as a result, trigger GC.
	It is recommended to disable useCacheForAllThreads by setting -Dorg.apache.ratis.thirdparty.io.netty.allocator.useCacheForAllThreads=false in command line.
2019-09-20 00:04:23,794 [main] INFO  grpc.GrpcConfigKeys$Server (ConfUtils.java:logGet(43)) - raft.grpc.server.port = 0 (default)
2019-09-20 00:04:23,794 [main] INFO  server.GrpcService (ConfUtils.java:logGet(43)) - raft.grpc.message.size.max = 33570816 (custom)
2019-09-20 00:04:23,794 [main] INFO  server.RaftServerConfigKeys (ConfUtils.java:logGet(43)) - raft.server.log.appender.buffer.byte-limit = 33554432 (custom)
2019-09-20 00:04:23,794 [main] INFO  server.GrpcService (ConfUtils.java:logGet(43)) - raft.grpc.flow.control.window = 1MB (=1048576) (default)
2019-09-20 00:04:23,795 [main] INFO  server.RaftServerConfigKeys (ConfUtils.java:logGet(43)) - raft.server.rpc.request.timeout = 3000ms (default)
2019-09-20 00:04:23,795 [main] INFO  server.RaftServerConfigKeys (ConfUtils.java:logGet(43)) - raft.server.storage.dir = [/workdir/hadoop-ozone/integration-test/target/test-dir/MiniOzoneClusterImpl-d3f2f10e-dfea-4f41-bcae-f8f30acd02f5/datanode-0/data/ratis] (custom)
2019-09-20 00:04:23,797 [main] INFO  hdfs.DFSUtil (DFSUtil.java:httpServerTemplateForNNAndJN(1641)) - Starting Web-server for hddsDatanode at: http://0.0.0.0:0
2019-09-20 00:04:23,799 [main] INFO  server.AuthenticationFilter (AuthenticationFilter.java:constructSecretProvider(240)) - Unable to initialize FileSignerSecretProvider, falling back to use random secrets.
2019-09-20 00:04:23,799 [main] WARN  http.HttpRequestLog (HttpRequestLog.java:getRequestLog(97)) - Jetty request log can only be enabled using Log4j
2019-09-20 00:04:23,801 [main] INFO  http.HttpServer2 (HttpServer2.java:addGlobalFilter(975)) - Added global filter 'safety' (class=org.apache.hadoop.http.HttpServer2$QuotingInputFilter)
2019-09-20 00:04:23,802 [main] INFO  http.HttpServer2 (HttpServer2.java:addFilter(948)) - Added filter static_user_filter (class=org.apache.hadoop.http.lib.StaticUserWebFilter$StaticUserFilter) to context hddsDatanode
2019-09-20 00:04:23,802 [main] INFO  http.HttpServer2 (HttpServer2.java:addFilter(958)) - Added filter static_user_filter (class=org.apache.hadoop.http.lib.StaticUserWebFilter$StaticUserFilter) to context static
2019-09-20 00:04:23,802 [main] INFO  http.HttpServer2 (HttpServer2.java:addFilter(958)) - Added filter static_user_filter (class=org.apache.hadoop.http.lib.StaticUserWebFilter$StaticUserFilter) to context logs
2019-09-20 00:04:23,803 [main] INFO  http.HttpServer2 (HttpServer2.java:bindListener(1191)) - Jetty bound to port 35381
2019-09-20 00:04:23,803 [main] INFO  server.Server (Server.java:doStart(351)) - jetty-9.3.24.v20180605, build timestamp: 2018-06-05T17:11:56Z, git hash: 84205aa28f11a4f31f2a3b86d1bba2cc8ab69827
2019-09-20 00:04:23,805 [main] INFO  handler.ContextHandler (ContextHandler.java:doStart(781)) - Started o.e.j.s.ServletContextHandler@7af0affa{/logs,file:///workdir/hadoop-ozone/integration-test/target/log,AVAILABLE}
2019-09-20 00:04:23,806 [main] INFO  handler.ContextHandler (ContextHandler.java:doStart(781)) - Started o.e.j.s.ServletContextHandler@3e1f1046{/static,jar:file:/home/user/.m2/repository/org/apache/hadoop/hadoop-hdds-container-service/0.5.0-SNAPSHOT/hadoop-hdds-container-service-0.5.0-SNAPSHOT.jar!/webapps/static,AVAILABLE}
2019-09-20 00:04:23,840 [main] INFO  handler.ContextHandler (ContextHandler.java:doStart(781)) - Started o.e.j.w.WebAppContext@15986dd5{/,file:///tmp/jetty-0.0.0.0-35381-hddsDatanode-_-any-4557632290537198160.dir/webapp/,AVAILABLE}{/hddsDatanode}
2019-09-20 00:04:23,840 [main] INFO  server.AbstractConnector (AbstractConnector.java:doStart(278)) - Started ServerConnector@678a9516{HTTP/1.1,[http/1.1]}{0.0.0.0:35381}
2019-09-20 00:04:23,844 [main] INFO  server.Server (Server.java:doStart(419)) - Started @247602ms
2019-09-20 00:04:23,844 [main] WARN  impl.MetricsSystemImpl (MetricsSystemImpl.java:register(276)) - Sink prometheus already exists!
2019-09-20 00:04:23,845 [main] INFO  server.BaseHttpServer (BaseHttpServer.java:updateConnectorAddress(215)) - HTTP server of HDDSDATANODE is listening at http://0.0.0.0:35381
2019-09-20 00:04:23,845 [main] INFO  impl.MetricsSystemImpl (MetricsSystemImpl.java:init(158)) - HddsDatanode metrics system started (again)
2019-09-20 00:04:23,858 [org.apache.hadoop.util.JvmPauseMonitor$Monitor@34618889] INFO  util.JvmPauseMonitor (JvmPauseMonitor.java:run(188)) - Starting JVM pause monitor
2019-09-20 00:04:23,860 [main] INFO  ozone.HddsDatanodeService (HddsDatanodeService.java:start(184)) - HddsDatanodeService host:pr-hdds-2020-7x4rg-3348829713 ip:192.168.5.182
2019-09-20 00:04:23,860 [Datanode State Machine Thread - 0] INFO  datanode.InitDatanodeState (InitDatanodeState.java:persistContainerDatanodeDetails(140)) - DatanodeDetails is persisted to /workdir/hadoop-ozone/integration-test/target/test-dir/MiniOzoneClusterImpl-d3f2f10e-dfea-4f41-bcae-f8f30acd02f5/datanode-0/meta/datanode.id
2019-09-20 00:04:23,870 [main] INFO  volume.HddsVolume (HddsVolume.java:<init>(176)) - Creating Volume: /workdir/hadoop-ozone/integration-test/target/test-dir/MiniOzoneClusterImpl-d3f2f10e-dfea-4f41-bcae-f8f30acd02f5/datanode-1/data/containers/hdds of  storage type : DISK and capacity : 1482555576320
2019-09-20 00:04:23,870 [main] INFO  volume.VolumeSet (VolumeSet.java:initializeVolumeSet(170)) - Added Volume : /workdir/hadoop-ozone/integration-test/target/test-dir/MiniOzoneClusterImpl-d3f2f10e-dfea-4f41-bcae-f8f30acd02f5/datanode-1/data/containers/hdds to VolumeSet
2019-09-20 00:04:23,870 [main] INFO  volume.ThrottledAsyncChecker (ThrottledAsyncChecker.java:schedule(139)) - Scheduling a check for org.apache.hadoop.ozone.container.common.volume.HddsVolume@4d0cc83e
2019-09-20 00:04:23,871 [main] INFO  volume.HddsVolumeChecker (HddsVolumeChecker.java:checkAllVolumes(202)) - Scheduled health check for volume org.apache.hadoop.ozone.container.common.volume.HddsVolume@4d0cc83e
2019-09-20 00:04:23,887 [main] INFO  impl.RaftServerProxy (ConfUtils.java:logGet(43)) - raft.rpc.type = GRPC (default)
2019-09-20 00:04:23,887 [main] INFO  grpc.GrpcFactory (GrpcFactory.java:checkPooledByteBufAllocatorUseCacheForAllThreads(45)) - PERFORMANCE WARNING: useCacheForAllThreads is true that may cause Netty to create a lot garbage objects and, as a result, trigger GC.
	It is recommended to disable useCacheForAllThreads by setting -Dorg.apache.ratis.thirdparty.io.netty.allocator.useCacheForAllThreads=false in command line.
2019-09-20 00:04:23,887 [main] INFO  grpc.GrpcConfigKeys$Server (ConfUtils.java:logGet(43)) - raft.grpc.server.port = 0 (default)
2019-09-20 00:04:23,888 [main] INFO  server.GrpcService (ConfUtils.java:logGet(43)) - raft.grpc.message.size.max = 33570816 (custom)
2019-09-20 00:04:23,888 [main] INFO  server.RaftServerConfigKeys (ConfUtils.java:logGet(43)) - raft.server.log.appender.buffer.byte-limit = 33554432 (custom)
2019-09-20 00:04:23,888 [main] INFO  server.GrpcService (ConfUtils.java:logGet(43)) - raft.grpc.flow.control.window = 1MB (=1048576) (default)
2019-09-20 00:04:23,888 [main] INFO  server.RaftServerConfigKeys (ConfUtils.java:logGet(43)) - raft.server.rpc.request.timeout = 3000ms (default)
2019-09-20 00:04:23,889 [main] INFO  server.RaftServerConfigKeys (ConfUtils.java:logGet(43)) - raft.server.storage.dir = [/workdir/hadoop-ozone/integration-test/target/test-dir/MiniOzoneClusterImpl-d3f2f10e-dfea-4f41-bcae-f8f30acd02f5/datanode-1/data/ratis] (custom)
2019-09-20 00:04:23,890 [main] INFO  hdfs.DFSUtil (DFSUtil.java:httpServerTemplateForNNAndJN(1641)) - Starting Web-server for hddsDatanode at: http://0.0.0.0:0
2019-09-20 00:04:23,891 [main] INFO  server.AuthenticationFilter (AuthenticationFilter.java:constructSecretProvider(240)) - Unable to initialize FileSignerSecretProvider, falling back to use random secrets.
2019-09-20 00:04:23,892 [main] WARN  http.HttpRequestLog (HttpRequestLog.java:getRequestLog(97)) - Jetty request log can only be enabled using Log4j
2019-09-20 00:04:23,893 [main] INFO  http.HttpServer2 (HttpServer2.java:addGlobalFilter(975)) - Added global filter 'safety' (class=org.apache.hadoop.http.HttpServer2$QuotingInputFilter)
2019-09-20 00:04:23,894 [main] INFO  http.HttpServer2 (HttpServer2.java:addFilter(948)) - Added filter static_user_filter (class=org.apache.hadoop.http.lib.StaticUserWebFilter$StaticUserFilter) to context hddsDatanode
2019-09-20 00:04:23,894 [main] INFO  http.HttpServer2 (HttpServer2.java:addFilter(958)) - Added filter static_user_filter (class=org.apache.hadoop.http.lib.StaticUserWebFilter$StaticUserFilter) to context logs
2019-09-20 00:04:23,894 [main] INFO  http.HttpServer2 (HttpServer2.java:addFilter(958)) - Added filter static_user_filter (class=org.apache.hadoop.http.lib.StaticUserWebFilter$StaticUserFilter) to context static
2019-09-20 00:04:23,895 [main] INFO  http.HttpServer2 (HttpServer2.java:bindListener(1191)) - Jetty bound to port 42574
2019-09-20 00:04:23,895 [main] INFO  server.Server (Server.java:doStart(351)) - jetty-9.3.24.v20180605, build timestamp: 2018-06-05T17:11:56Z, git hash: 84205aa28f11a4f31f2a3b86d1bba2cc8ab69827
2019-09-20 00:04:23,896 [main] INFO  handler.ContextHandler (ContextHandler.java:doStart(781)) - Started o.e.j.s.ServletContextHandler@2e590b{/logs,file:///workdir/hadoop-ozone/integration-test/target/log,AVAILABLE}
2019-09-20 00:04:23,897 [main] INFO  handler.ContextHandler (ContextHandler.java:doStart(781)) - Started o.e.j.s.ServletContextHandler@1df5c7e3{/static,jar:file:/home/user/.m2/repository/org/apache/hadoop/hadoop-hdds-container-service/0.5.0-SNAPSHOT/hadoop-hdds-container-service-0.5.0-SNAPSHOT.jar!/webapps/static,AVAILABLE}
2019-09-20 00:04:23,925 [main] INFO  handler.ContextHandler (ContextHandler.java:doStart(781)) - Started o.e.j.w.WebAppContext@35eee641{/,file:///tmp/jetty-0.0.0.0-42574-hddsDatanode-_-any-6571985194321604538.dir/webapp/,AVAILABLE}{/hddsDatanode}
2019-09-20 00:04:23,925 [main] INFO  server.AbstractConnector (AbstractConnector.java:doStart(278)) - Started ServerConnector@5729b410{HTTP/1.1,[http/1.1]}{0.0.0.0:42574}
2019-09-20 00:04:23,928 [main] INFO  server.Server (Server.java:doStart(419)) - Started @247687ms
2019-09-20 00:04:23,928 [main] WARN  impl.MetricsSystemImpl (MetricsSystemImpl.java:register(276)) - Sink prometheus already exists!
2019-09-20 00:04:23,929 [main] INFO  server.BaseHttpServer (BaseHttpServer.java:updateConnectorAddress(215)) - HTTP server of HDDSDATANODE is listening at http://0.0.0.0:42574
2019-09-20 00:04:23,929 [main] INFO  impl.MetricsSystemImpl (MetricsSystemImpl.java:init(158)) - HddsDatanode metrics system started (again)
2019-09-20 00:04:23,942 [org.apache.hadoop.util.JvmPauseMonitor$Monitor@5830d04e] INFO  util.JvmPauseMonitor (JvmPauseMonitor.java:run(188)) - Starting JVM pause monitor
2019-09-20 00:04:23,943 [Datanode State Machine Thread - 0] INFO  datanode.InitDatanodeState (InitDatanodeState.java:persistContainerDatanodeDetails(140)) - DatanodeDetails is persisted to /workdir/hadoop-ozone/integration-test/target/test-dir/MiniOzoneClusterImpl-d3f2f10e-dfea-4f41-bcae-f8f30acd02f5/datanode-1/meta/datanode.id
2019-09-20 00:04:23,944 [main] INFO  ozone.HddsDatanodeService (HddsDatanodeService.java:start(184)) - HddsDatanodeService host:pr-hdds-2020-7x4rg-3348829713 ip:192.168.5.182
2019-09-20 00:04:23,953 [main] INFO  volume.HddsVolume (HddsVolume.java:<init>(176)) - Creating Volume: /workdir/hadoop-ozone/integration-test/target/test-dir/MiniOzoneClusterImpl-d3f2f10e-dfea-4f41-bcae-f8f30acd02f5/datanode-2/data/containers/hdds of  storage type : DISK and capacity : 1482555576320
2019-09-20 00:04:23,953 [main] INFO  volume.VolumeSet (VolumeSet.java:initializeVolumeSet(170)) - Added Volume : /workdir/hadoop-ozone/integration-test/target/test-dir/MiniOzoneClusterImpl-d3f2f10e-dfea-4f41-bcae-f8f30acd02f5/datanode-2/data/containers/hdds to VolumeSet
2019-09-20 00:04:23,954 [main] INFO  volume.ThrottledAsyncChecker (ThrottledAsyncChecker.java:schedule(139)) - Scheduling a check for org.apache.hadoop.ozone.container.common.volume.HddsVolume@57e5396b
2019-09-20 00:04:23,954 [main] INFO  volume.HddsVolumeChecker (HddsVolumeChecker.java:checkAllVolumes(202)) - Scheduled health check for volume org.apache.hadoop.ozone.container.common.volume.HddsVolume@57e5396b
2019-09-20 00:04:23,967 [main] INFO  impl.RaftServerProxy (ConfUtils.java:logGet(43)) - raft.rpc.type = GRPC (default)
2019-09-20 00:04:23,967 [main] INFO  grpc.GrpcFactory (GrpcFactory.java:checkPooledByteBufAllocatorUseCacheForAllThreads(45)) - PERFORMANCE WARNING: useCacheForAllThreads is true that may cause Netty to create a lot garbage objects and, as a result, trigger GC.
	It is recommended to disable useCacheForAllThreads by setting -Dorg.apache.ratis.thirdparty.io.netty.allocator.useCacheForAllThreads=false in command line.
2019-09-20 00:04:23,968 [main] INFO  grpc.GrpcConfigKeys$Server (ConfUtils.java:logGet(43)) - raft.grpc.server.port = 0 (default)
2019-09-20 00:04:23,968 [main] INFO  server.GrpcService (ConfUtils.java:logGet(43)) - raft.grpc.message.size.max = 33570816 (custom)
2019-09-20 00:04:23,968 [main] INFO  server.RaftServerConfigKeys (ConfUtils.java:logGet(43)) - raft.server.log.appender.buffer.byte-limit = 33554432 (custom)
2019-09-20 00:04:23,968 [main] INFO  server.GrpcService (ConfUtils.java:logGet(43)) - raft.grpc.flow.control.window = 1MB (=1048576) (default)
2019-09-20 00:04:23,968 [main] INFO  server.RaftServerConfigKeys (ConfUtils.java:logGet(43)) - raft.server.rpc.request.timeout = 3000ms (default)
2019-09-20 00:04:23,969 [main] INFO  server.RaftServerConfigKeys (ConfUtils.java:logGet(43)) - raft.server.storage.dir = [/workdir/hadoop-ozone/integration-test/target/test-dir/MiniOzoneClusterImpl-d3f2f10e-dfea-4f41-bcae-f8f30acd02f5/datanode-2/data/ratis] (custom)
2019-09-20 00:04:23,970 [main] INFO  hdfs.DFSUtil (DFSUtil.java:httpServerTemplateForNNAndJN(1641)) - Starting Web-server for hddsDatanode at: http://0.0.0.0:0
2019-09-20 00:04:23,971 [main] INFO  server.AuthenticationFilter (AuthenticationFilter.java:constructSecretProvider(240)) - Unable to initialize FileSignerSecretProvider, falling back to use random secrets.
2019-09-20 00:04:23,972 [main] WARN  http.HttpRequestLog (HttpRequestLog.java:getRequestLog(97)) - Jetty request log can only be enabled using Log4j
2019-09-20 00:04:23,973 [main] INFO  http.HttpServer2 (HttpServer2.java:addGlobalFilter(975)) - Added global filter 'safety' (class=org.apache.hadoop.http.HttpServer2$QuotingInputFilter)
2019-09-20 00:04:23,974 [main] INFO  http.HttpServer2 (HttpServer2.java:addFilter(948)) - Added filter static_user_filter (class=org.apache.hadoop.http.lib.StaticUserWebFilter$StaticUserFilter) to context hddsDatanode
2019-09-20 00:04:23,974 [main] INFO  http.HttpServer2 (HttpServer2.java:addFilter(958)) - Added filter static_user_filter (class=org.apache.hadoop.http.lib.StaticUserWebFilter$StaticUserFilter) to context logs
2019-09-20 00:04:23,974 [main] INFO  http.HttpServer2 (HttpServer2.java:addFilter(958)) - Added filter static_user_filter (class=org.apache.hadoop.http.lib.StaticUserWebFilter$StaticUserFilter) to context static
2019-09-20 00:04:23,975 [main] INFO  http.HttpServer2 (HttpServer2.java:bindListener(1191)) - Jetty bound to port 41038
2019-09-20 00:04:23,975 [main] INFO  server.Server (Server.java:doStart(351)) - jetty-9.3.24.v20180605, build timestamp: 2018-06-05T17:11:56Z, git hash: 84205aa28f11a4f31f2a3b86d1bba2cc8ab69827
2019-09-20 00:04:23,976 [main] INFO  handler.ContextHandler (ContextHandler.java:doStart(781)) - Started o.e.j.s.ServletContextHandler@487cd177{/logs,file:///workdir/hadoop-ozone/integration-test/target/log,AVAILABLE}
2019-09-20 00:04:23,977 [main] INFO  handler.ContextHandler (ContextHandler.java:doStart(781)) - Started o.e.j.s.ServletContextHandler@421d54b3{/static,jar:file:/home/user/.m2/repository/org/apache/hadoop/hadoop-hdds-container-service/0.5.0-SNAPSHOT/hadoop-hdds-container-service-0.5.0-SNAPSHOT.jar!/webapps/static,AVAILABLE}
2019-09-20 00:04:24,006 [main] INFO  handler.ContextHandler (ContextHandler.java:doStart(781)) - Started o.e.j.w.WebAppContext@373afd6c{/,file:///tmp/jetty-0.0.0.0-41038-hddsDatanode-_-any-7379413930326535213.dir/webapp/,AVAILABLE}{/hddsDatanode}
2019-09-20 00:04:24,007 [main] INFO  server.AbstractConnector (AbstractConnector.java:doStart(278)) - Started ServerConnector@521441d5{HTTP/1.1,[http/1.1]}{0.0.0.0:41038}
2019-09-20 00:04:24,010 [main] INFO  server.Server (Server.java:doStart(419)) - Started @247768ms
2019-09-20 00:04:24,010 [main] WARN  impl.MetricsSystemImpl (MetricsSystemImpl.java:register(276)) - Sink prometheus already exists!
2019-09-20 00:04:24,010 [main] INFO  server.BaseHttpServer (BaseHttpServer.java:updateConnectorAddress(215)) - HTTP server of HDDSDATANODE is listening at http://0.0.0.0:41038
2019-09-20 00:04:24,011 [main] INFO  impl.MetricsSystemImpl (MetricsSystemImpl.java:init(158)) - HddsDatanode metrics system started (again)
2019-09-20 00:04:24,025 [org.apache.hadoop.util.JvmPauseMonitor$Monitor@22b90ce] INFO  util.JvmPauseMonitor (JvmPauseMonitor.java:run(188)) - Starting JVM pause monitor
2019-09-20 00:04:24,026 [main] INFO  ozone.HddsDatanodeService (HddsDatanodeService.java:start(184)) - HddsDatanodeService host:pr-hdds-2020-7x4rg-3348829713 ip:192.168.5.182
2019-09-20 00:04:24,026 [Datanode State Machine Thread - 0] INFO  datanode.InitDatanodeState (InitDatanodeState.java:persistContainerDatanodeDetails(140)) - DatanodeDetails is persisted to /workdir/hadoop-ozone/integration-test/target/test-dir/MiniOzoneClusterImpl-d3f2f10e-dfea-4f41-bcae-f8f30acd02f5/datanode-2/meta/datanode.id
2019-09-20 00:04:24,035 [main] INFO  volume.HddsVolume (HddsVolume.java:<init>(176)) - Creating Volume: /workdir/hadoop-ozone/integration-test/target/test-dir/MiniOzoneClusterImpl-d3f2f10e-dfea-4f41-bcae-f8f30acd02f5/datanode-3/data/containers/hdds of  storage type : DISK and capacity : 1482555576320
2019-09-20 00:04:24,036 [main] INFO  volume.VolumeSet (VolumeSet.java:initializeVolumeSet(170)) - Added Volume : /workdir/hadoop-ozone/integration-test/target/test-dir/MiniOzoneClusterImpl-d3f2f10e-dfea-4f41-bcae-f8f30acd02f5/datanode-3/data/containers/hdds to VolumeSet
2019-09-20 00:04:24,036 [main] INFO  volume.ThrottledAsyncChecker (ThrottledAsyncChecker.java:schedule(139)) - Scheduling a check for org.apache.hadoop.ozone.container.common.volume.HddsVolume@a1691c0
2019-09-20 00:04:24,037 [main] INFO  volume.HddsVolumeChecker (HddsVolumeChecker.java:checkAllVolumes(202)) - Scheduled health check for volume org.apache.hadoop.ozone.container.common.volume.HddsVolume@a1691c0
2019-09-20 00:04:24,052 [main] INFO  impl.RaftServerProxy (ConfUtils.java:logGet(43)) - raft.rpc.type = GRPC (default)
2019-09-20 00:04:24,053 [main] INFO  grpc.GrpcFactory (GrpcFactory.java:checkPooledByteBufAllocatorUseCacheForAllThreads(45)) - PERFORMANCE WARNING: useCacheForAllThreads is true that may cause Netty to create a lot garbage objects and, as a result, trigger GC.
	It is recommended to disable useCacheForAllThreads by setting -Dorg.apache.ratis.thirdparty.io.netty.allocator.useCacheForAllThreads=false in command line.
2019-09-20 00:04:24,053 [main] INFO  grpc.GrpcConfigKeys$Server (ConfUtils.java:logGet(43)) - raft.grpc.server.port = 0 (default)
2019-09-20 00:04:24,053 [main] INFO  server.GrpcService (ConfUtils.java:logGet(43)) - raft.grpc.message.size.max = 33570816 (custom)
2019-09-20 00:04:24,053 [main] INFO  server.RaftServerConfigKeys (ConfUtils.java:logGet(43)) - raft.server.log.appender.buffer.byte-limit = 33554432 (custom)
2019-09-20 00:04:24,054 [main] INFO  server.GrpcService (ConfUtils.java:logGet(43)) - raft.grpc.flow.control.window = 1MB (=1048576) (default)
2019-09-20 00:04:24,054 [main] INFO  server.RaftServerConfigKeys (ConfUtils.java:logGet(43)) - raft.server.rpc.request.timeout = 3000ms (default)
2019-09-20 00:04:24,054 [main] INFO  server.RaftServerConfigKeys (ConfUtils.java:logGet(43)) - raft.server.storage.dir = [/workdir/hadoop-ozone/integration-test/target/test-dir/MiniOzoneClusterImpl-d3f2f10e-dfea-4f41-bcae-f8f30acd02f5/datanode-3/data/ratis] (custom)
2019-09-20 00:04:24,056 [main] INFO  hdfs.DFSUtil (DFSUtil.java:httpServerTemplateForNNAndJN(1641)) - Starting Web-server for hddsDatanode at: http://0.0.0.0:0
2019-09-20 00:04:24,057 [main] INFO  server.AuthenticationFilter (AuthenticationFilter.java:constructSecretProvider(240)) - Unable to initialize FileSignerSecretProvider, falling back to use random secrets.
2019-09-20 00:04:24,057 [main] WARN  http.HttpRequestLog (HttpRequestLog.java:getRequestLog(97)) - Jetty request log can only be enabled using Log4j
2019-09-20 00:04:24,059 [main] INFO  http.HttpServer2 (HttpServer2.java:addGlobalFilter(975)) - Added global filter 'safety' (class=org.apache.hadoop.http.HttpServer2$QuotingInputFilter)
2019-09-20 00:04:24,059 [main] INFO  http.HttpServer2 (HttpServer2.java:addFilter(948)) - Added filter static_user_filter (class=org.apache.hadoop.http.lib.StaticUserWebFilter$StaticUserFilter) to context hddsDatanode
2019-09-20 00:04:24,059 [main] INFO  http.HttpServer2 (HttpServer2.java:addFilter(958)) - Added filter static_user_filter (class=org.apache.hadoop.http.lib.StaticUserWebFilter$StaticUserFilter) to context static
2019-09-20 00:04:24,060 [main] INFO  http.HttpServer2 (HttpServer2.java:addFilter(958)) - Added filter static_user_filter (class=org.apache.hadoop.http.lib.StaticUserWebFilter$StaticUserFilter) to context logs
2019-09-20 00:04:24,060 [main] INFO  http.HttpServer2 (HttpServer2.java:bindListener(1191)) - Jetty bound to port 36656
2019-09-20 00:04:24,060 [main] INFO  server.Server (Server.java:doStart(351)) - jetty-9.3.24.v20180605, build timestamp: 2018-06-05T17:11:56Z, git hash: 84205aa28f11a4f31f2a3b86d1bba2cc8ab69827
2019-09-20 00:04:24,062 [main] INFO  handler.ContextHandler (ContextHandler.java:doStart(781)) - Started o.e.j.s.ServletContextHandler@68a305eb{/logs,file:///workdir/hadoop-ozone/integration-test/target/log,AVAILABLE}
2019-09-20 00:04:24,063 [main] INFO  handler.ContextHandler (ContextHandler.java:doStart(781)) - Started o.e.j.s.ServletContextHandler@1310fcb0{/static,jar:file:/home/user/.m2/repository/org/apache/hadoop/hadoop-hdds-container-service/0.5.0-SNAPSHOT/hadoop-hdds-container-service-0.5.0-SNAPSHOT.jar!/webapps/static,AVAILABLE}
2019-09-20 00:04:24,090 [main] INFO  handler.ContextHandler (ContextHandler.java:doStart(781)) - Started o.e.j.w.WebAppContext@643ba1ed{/,file:///tmp/jetty-0.0.0.0-36656-hddsDatanode-_-any-6391032876021249686.dir/webapp/,AVAILABLE}{/hddsDatanode}
2019-09-20 00:04:24,090 [main] INFO  server.AbstractConnector (AbstractConnector.java:doStart(278)) - Started ServerConnector@3d3a1903{HTTP/1.1,[http/1.1]}{0.0.0.0:36656}
2019-09-20 00:04:24,094 [main] INFO  server.Server (Server.java:doStart(419)) - Started @247853ms
2019-09-20 00:04:24,094 [main] WARN  impl.MetricsSystemImpl (MetricsSystemImpl.java:register(276)) - Sink prometheus already exists!
2019-09-20 00:04:24,095 [main] INFO  server.BaseHttpServer (BaseHttpServer.java:updateConnectorAddress(215)) - HTTP server of HDDSDATANODE is listening at http://0.0.0.0:36656
2019-09-20 00:04:24,095 [main] INFO  impl.MetricsSystemImpl (MetricsSystemImpl.java:init(158)) - HddsDatanode metrics system started (again)
2019-09-20 00:04:24,110 [org.apache.hadoop.util.JvmPauseMonitor$Monitor@734a86ee] INFO  util.JvmPauseMonitor (JvmPauseMonitor.java:run(188)) - Starting JVM pause monitor
2019-09-20 00:04:24,112 [main] INFO  ozone.HddsDatanodeService (HddsDatanodeService.java:start(184)) - HddsDatanodeService host:pr-hdds-2020-7x4rg-3348829713 ip:192.168.5.182
2019-09-20 00:04:24,112 [Datanode State Machine Thread - 0] INFO  datanode.InitDatanodeState (InitDatanodeState.java:persistContainerDatanodeDetails(140)) - DatanodeDetails is persisted to /workdir/hadoop-ozone/integration-test/target/test-dir/MiniOzoneClusterImpl-d3f2f10e-dfea-4f41-bcae-f8f30acd02f5/datanode-3/meta/datanode.id
2019-09-20 00:04:24,122 [main] INFO  volume.HddsVolume (HddsVolume.java:<init>(176)) - Creating Volume: /workdir/hadoop-ozone/integration-test/target/test-dir/MiniOzoneClusterImpl-d3f2f10e-dfea-4f41-bcae-f8f30acd02f5/datanode-4/data/containers/hdds of  storage type : DISK and capacity : 1482555576320
2019-09-20 00:04:24,122 [main] INFO  volume.VolumeSet (VolumeSet.java:initializeVolumeSet(170)) - Added Volume : /workdir/hadoop-ozone/integration-test/target/test-dir/MiniOzoneClusterImpl-d3f2f10e-dfea-4f41-bcae-f8f30acd02f5/datanode-4/data/containers/hdds to VolumeSet
2019-09-20 00:04:24,123 [main] INFO  volume.ThrottledAsyncChecker (ThrottledAsyncChecker.java:schedule(139)) - Scheduling a check for org.apache.hadoop.ozone.container.common.volume.HddsVolume@2f3928ac
2019-09-20 00:04:24,123 [main] INFO  volume.HddsVolumeChecker (HddsVolumeChecker.java:checkAllVolumes(202)) - Scheduled health check for volume org.apache.hadoop.ozone.container.common.volume.HddsVolume@2f3928ac
2019-09-20 00:04:24,143 [main] INFO  impl.RaftServerProxy (ConfUtils.java:logGet(43)) - raft.rpc.type = GRPC (default)
2019-09-20 00:04:24,143 [main] INFO  grpc.GrpcFactory (GrpcFactory.java:checkPooledByteBufAllocatorUseCacheForAllThreads(45)) - PERFORMANCE WARNING: useCacheForAllThreads is true that may cause Netty to create a lot garbage objects and, as a result, trigger GC.
	It is recommended to disable useCacheForAllThreads by setting -Dorg.apache.ratis.thirdparty.io.netty.allocator.useCacheForAllThreads=false in command line.
2019-09-20 00:04:24,143 [main] INFO  grpc.GrpcConfigKeys$Server (ConfUtils.java:logGet(43)) - raft.grpc.server.port = 0 (default)
2019-09-20 00:04:24,144 [main] INFO  server.GrpcService (ConfUtils.java:logGet(43)) - raft.grpc.message.size.max = 33570816 (custom)
2019-09-20 00:04:24,144 [main] INFO  server.RaftServerConfigKeys (ConfUtils.java:logGet(43)) - raft.server.log.appender.buffer.byte-limit = 33554432 (custom)
2019-09-20 00:04:24,144 [main] INFO  server.GrpcService (ConfUtils.java:logGet(43)) - raft.grpc.flow.control.window = 1MB (=1048576) (default)
2019-09-20 00:04:24,144 [main] INFO  server.RaftServerConfigKeys (ConfUtils.java:logGet(43)) - raft.server.rpc.request.timeout = 3000ms (default)
2019-09-20 00:04:24,145 [main] INFO  server.RaftServerConfigKeys (ConfUtils.java:logGet(43)) - raft.server.storage.dir = [/workdir/hadoop-ozone/integration-test/target/test-dir/MiniOzoneClusterImpl-d3f2f10e-dfea-4f41-bcae-f8f30acd02f5/datanode-4/data/ratis] (custom)
2019-09-20 00:04:24,147 [main] INFO  hdfs.DFSUtil (DFSUtil.java:httpServerTemplateForNNAndJN(1641)) - Starting Web-server for hddsDatanode at: http://0.0.0.0:0
2019-09-20 00:04:24,148 [main] INFO  server.AuthenticationFilter (AuthenticationFilter.java:constructSecretProvider(240)) - Unable to initialize FileSignerSecretProvider, falling back to use random secrets.
2019-09-20 00:04:24,148 [main] WARN  http.HttpRequestLog (HttpRequestLog.java:getRequestLog(97)) - Jetty request log can only be enabled using Log4j
2019-09-20 00:04:24,150 [main] INFO  http.HttpServer2 (HttpServer2.java:addGlobalFilter(975)) - Added global filter 'safety' (class=org.apache.hadoop.http.HttpServer2$QuotingInputFilter)
2019-09-20 00:04:24,151 [main] INFO  http.HttpServer2 (HttpServer2.java:addFilter(948)) - Added filter static_user_filter (class=org.apache.hadoop.http.lib.StaticUserWebFilter$StaticUserFilter) to context hddsDatanode
2019-09-20 00:04:24,151 [main] INFO  http.HttpServer2 (HttpServer2.java:addFilter(958)) - Added filter static_user_filter (class=org.apache.hadoop.http.lib.StaticUserWebFilter$StaticUserFilter) to context logs
2019-09-20 00:04:24,151 [main] INFO  http.HttpServer2 (HttpServer2.java:addFilter(958)) - Added filter static_user_filter (class=org.apache.hadoop.http.lib.StaticUserWebFilter$StaticUserFilter) to context static
2019-09-20 00:04:24,152 [main] INFO  http.HttpServer2 (HttpServer2.java:bindListener(1191)) - Jetty bound to port 35235
2019-09-20 00:04:24,152 [main] INFO  server.Server (Server.java:doStart(351)) - jetty-9.3.24.v20180605, build timestamp: 2018-06-05T17:11:56Z, git hash: 84205aa28f11a4f31f2a3b86d1bba2cc8ab69827
2019-09-20 00:04:24,205 [main] INFO  handler.ContextHandler (ContextHandler.java:doStart(781)) - Started o.e.j.s.ServletContextHandler@626e0c86{/logs,file:///workdir/hadoop-ozone/integration-test/target/log,AVAILABLE}
2019-09-20 00:04:24,206 [main] INFO  handler.ContextHandler (ContextHandler.java:doStart(781)) - Started o.e.j.s.ServletContextHandler@2dd1086{/static,jar:file:/home/user/.m2/repository/org/apache/hadoop/hadoop-hdds-container-service/0.5.0-SNAPSHOT/hadoop-hdds-container-service-0.5.0-SNAPSHOT.jar!/webapps/static,AVAILABLE}
2019-09-20 00:04:24,250 [main] INFO  handler.ContextHandler (ContextHandler.java:doStart(781)) - Started o.e.j.w.WebAppContext@cbd40c1{/,file:///tmp/jetty-0.0.0.0-35235-hddsDatanode-_-any-4531425202059542855.dir/webapp/,AVAILABLE}{/hddsDatanode}
2019-09-20 00:04:24,251 [main] INFO  server.AbstractConnector (AbstractConnector.java:doStart(278)) - Started ServerConnector@4fa86cb8{HTTP/1.1,[http/1.1]}{0.0.0.0:35235}
2019-09-20 00:04:24,254 [main] INFO  server.Server (Server.java:doStart(419)) - Started @248013ms
2019-09-20 00:04:24,255 [main] WARN  impl.MetricsSystemImpl (MetricsSystemImpl.java:register(276)) - Sink prometheus already exists!
2019-09-20 00:04:24,256 [main] INFO  server.BaseHttpServer (BaseHttpServer.java:updateConnectorAddress(215)) - HTTP server of HDDSDATANODE is listening at http://0.0.0.0:35235
2019-09-20 00:04:24,256 [main] INFO  impl.MetricsSystemImpl (MetricsSystemImpl.java:init(158)) - HddsDatanode metrics system started (again)
2019-09-20 00:04:24,279 [org.apache.hadoop.util.JvmPauseMonitor$Monitor@47d63e4c] INFO  util.JvmPauseMonitor (JvmPauseMonitor.java:run(188)) - Starting JVM pause monitor
2019-09-20 00:04:24,280 [Datanode State Machine Thread - 0] INFO  datanode.InitDatanodeState (InitDatanodeState.java:persistContainerDatanodeDetails(140)) - DatanodeDetails is persisted to /workdir/hadoop-ozone/integration-test/target/test-dir/MiniOzoneClusterImpl-d3f2f10e-dfea-4f41-bcae-f8f30acd02f5/datanode-4/meta/datanode.id
2019-09-20 00:04:24,281 [main] INFO  ozone.HddsDatanodeService (HddsDatanodeService.java:start(184)) - HddsDatanodeService host:pr-hdds-2020-7x4rg-3348829713 ip:192.168.5.182
2019-09-20 00:04:24,292 [main] INFO  volume.HddsVolume (HddsVolume.java:<init>(176)) - Creating Volume: /workdir/hadoop-ozone/integration-test/target/test-dir/MiniOzoneClusterImpl-d3f2f10e-dfea-4f41-bcae-f8f30acd02f5/datanode-5/data/containers/hdds of  storage type : DISK and capacity : 1482555576320
2019-09-20 00:04:24,292 [main] INFO  volume.VolumeSet (VolumeSet.java:initializeVolumeSet(170)) - Added Volume : /workdir/hadoop-ozone/integration-test/target/test-dir/MiniOzoneClusterImpl-d3f2f10e-dfea-4f41-bcae-f8f30acd02f5/datanode-5/data/containers/hdds to VolumeSet
2019-09-20 00:04:24,293 [main] INFO  volume.ThrottledAsyncChecker (ThrottledAsyncChecker.java:schedule(139)) - Scheduling a check for org.apache.hadoop.ozone.container.common.volume.HddsVolume@73608eb0
2019-09-20 00:04:24,293 [main] INFO  volume.HddsVolumeChecker (HddsVolumeChecker.java:checkAllVolumes(202)) - Scheduled health check for volume org.apache.hadoop.ozone.container.common.volume.HddsVolume@73608eb0
2019-09-20 00:04:24,311 [main] INFO  impl.RaftServerProxy (ConfUtils.java:logGet(43)) - raft.rpc.type = GRPC (default)
2019-09-20 00:04:24,311 [main] INFO  grpc.GrpcFactory (GrpcFactory.java:checkPooledByteBufAllocatorUseCacheForAllThreads(45)) - PERFORMANCE WARNING: useCacheForAllThreads is true that may cause Netty to create a lot garbage objects and, as a result, trigger GC.
	It is recommended to disable useCacheForAllThreads by setting -Dorg.apache.ratis.thirdparty.io.netty.allocator.useCacheForAllThreads=false in command line.
2019-09-20 00:04:24,311 [main] INFO  grpc.GrpcConfigKeys$Server (ConfUtils.java:logGet(43)) - raft.grpc.server.port = 0 (default)
2019-09-20 00:04:24,312 [main] INFO  server.GrpcService (ConfUtils.java:logGet(43)) - raft.grpc.message.size.max = 33570816 (custom)
2019-09-20 00:04:24,312 [main] INFO  server.RaftServerConfigKeys (ConfUtils.java:logGet(43)) - raft.server.log.appender.buffer.byte-limit = 33554432 (custom)
2019-09-20 00:04:24,312 [main] INFO  server.GrpcService (ConfUtils.java:logGet(43)) - raft.grpc.flow.control.window = 1MB (=1048576) (default)
2019-09-20 00:04:24,312 [main] INFO  server.RaftServerConfigKeys (ConfUtils.java:logGet(43)) - raft.server.rpc.request.timeout = 3000ms (default)
2019-09-20 00:04:24,313 [main] INFO  server.RaftServerConfigKeys (ConfUtils.java:logGet(43)) - raft.server.storage.dir = [/workdir/hadoop-ozone/integration-test/target/test-dir/MiniOzoneClusterImpl-d3f2f10e-dfea-4f41-bcae-f8f30acd02f5/datanode-5/data/ratis] (custom)
2019-09-20 00:04:24,314 [main] INFO  hdfs.DFSUtil (DFSUtil.java:httpServerTemplateForNNAndJN(1641)) - Starting Web-server for hddsDatanode at: http://0.0.0.0:0
2019-09-20 00:04:24,316 [main] INFO  server.AuthenticationFilter (AuthenticationFilter.java:constructSecretProvider(240)) - Unable to initialize FileSignerSecretProvider, falling back to use random secrets.
2019-09-20 00:04:24,443 [main] WARN  http.HttpRequestLog (HttpRequestLog.java:getRequestLog(97)) - Jetty request log can only be enabled using Log4j
2019-09-20 00:04:24,445 [main] INFO  http.HttpServer2 (HttpServer2.java:addGlobalFilter(975)) - Added global filter 'safety' (class=org.apache.hadoop.http.HttpServer2$QuotingInputFilter)
2019-09-20 00:04:24,445 [main] INFO  http.HttpServer2 (HttpServer2.java:addFilter(948)) - Added filter static_user_filter (class=org.apache.hadoop.http.lib.StaticUserWebFilter$StaticUserFilter) to context hddsDatanode
2019-09-20 00:04:24,446 [main] INFO  http.HttpServer2 (HttpServer2.java:addFilter(958)) - Added filter static_user_filter (class=org.apache.hadoop.http.lib.StaticUserWebFilter$StaticUserFilter) to context logs
2019-09-20 00:04:24,446 [main] INFO  http.HttpServer2 (HttpServer2.java:addFilter(958)) - Added filter static_user_filter (class=org.apache.hadoop.http.lib.StaticUserWebFilter$StaticUserFilter) to context static
2019-09-20 00:04:24,446 [main] INFO  http.HttpServer2 (HttpServer2.java:bindListener(1191)) - Jetty bound to port 37924
2019-09-20 00:04:24,446 [main] INFO  server.Server (Server.java:doStart(351)) - jetty-9.3.24.v20180605, build timestamp: 2018-06-05T17:11:56Z, git hash: 84205aa28f11a4f31f2a3b86d1bba2cc8ab69827
2019-09-20 00:04:24,448 [main] INFO  handler.ContextHandler (ContextHandler.java:doStart(781)) - Started o.e.j.s.ServletContextHandler@5c48b72c{/logs,file:///workdir/hadoop-ozone/integration-test/target/log,AVAILABLE}
2019-09-20 00:04:24,448 [main] INFO  handler.ContextHandler (ContextHandler.java:doStart(781)) - Started o.e.j.s.ServletContextHandler@62d40e31{/static,jar:file:/home/user/.m2/repository/org/apache/hadoop/hadoop-hdds-container-service/0.5.0-SNAPSHOT/hadoop-hdds-container-service-0.5.0-SNAPSHOT.jar!/webapps/static,AVAILABLE}
2019-09-20 00:04:24,621 [main] INFO  handler.ContextHandler (ContextHandler.java:doStart(781)) - Started o.e.j.w.WebAppContext@475f5672{/,file:///tmp/jetty-0.0.0.0-37924-hddsDatanode-_-any-271871498271229848.dir/webapp/,AVAILABLE}{/hddsDatanode}
2019-09-20 00:04:24,622 [main] INFO  server.AbstractConnector (AbstractConnector.java:doStart(278)) - Started ServerConnector@616a06e3{HTTP/1.1,[http/1.1]}{0.0.0.0:37924}
2019-09-20 00:04:24,625 [main] INFO  server.Server (Server.java:doStart(419)) - Started @248384ms
2019-09-20 00:04:24,625 [main] WARN  impl.MetricsSystemImpl (MetricsSystemImpl.java:register(276)) - Sink prometheus already exists!
2019-09-20 00:04:24,626 [main] INFO  server.BaseHttpServer (BaseHttpServer.java:updateConnectorAddress(215)) - HTTP server of HDDSDATANODE is listening at http://0.0.0.0:37924
2019-09-20 00:04:24,627 [main] INFO  impl.MetricsSystemImpl (MetricsSystemImpl.java:init(158)) - HddsDatanode metrics system started (again)
2019-09-20 00:04:24,643 [org.apache.hadoop.util.JvmPauseMonitor$Monitor@7391d76b] INFO  util.JvmPauseMonitor (JvmPauseMonitor.java:run(188)) - Starting JVM pause monitor
2019-09-20 00:04:24,644 [Datanode State Machine Thread - 0] INFO  datanode.InitDatanodeState (InitDatanodeState.java:persistContainerDatanodeDetails(140)) - DatanodeDetails is persisted to /workdir/hadoop-ozone/integration-test/target/test-dir/MiniOzoneClusterImpl-d3f2f10e-dfea-4f41-bcae-f8f30acd02f5/datanode-5/meta/datanode.id
2019-09-20 00:04:24,644 [main] INFO  ozone.HddsDatanodeService (HddsDatanodeService.java:start(184)) - HddsDatanodeService host:pr-hdds-2020-7x4rg-3348829713 ip:192.168.5.182
2019-09-20 00:04:24,653 [main] INFO  volume.HddsVolume (HddsVolume.java:<init>(176)) - Creating Volume: /workdir/hadoop-ozone/integration-test/target/test-dir/MiniOzoneClusterImpl-d3f2f10e-dfea-4f41-bcae-f8f30acd02f5/datanode-6/data/containers/hdds of  storage type : DISK and capacity : 1482555576320
2019-09-20 00:04:24,653 [main] INFO  volume.VolumeSet (VolumeSet.java:initializeVolumeSet(170)) - Added Volume : /workdir/hadoop-ozone/integration-test/target/test-dir/MiniOzoneClusterImpl-d3f2f10e-dfea-4f41-bcae-f8f30acd02f5/datanode-6/data/containers/hdds to VolumeSet
2019-09-20 00:04:24,654 [main] INFO  volume.ThrottledAsyncChecker (ThrottledAsyncChecker.java:schedule(139)) - Scheduling a check for org.apache.hadoop.ozone.container.common.volume.HddsVolume@6bcae9
2019-09-20 00:04:24,654 [main] INFO  volume.HddsVolumeChecker (HddsVolumeChecker.java:checkAllVolumes(202)) - Scheduled health check for volume org.apache.hadoop.ozone.container.common.volume.HddsVolume@6bcae9
2019-09-20 00:04:24,668 [main] INFO  impl.RaftServerProxy (ConfUtils.java:logGet(43)) - raft.rpc.type = GRPC (default)
2019-09-20 00:04:24,668 [main] INFO  grpc.GrpcFactory (GrpcFactory.java:checkPooledByteBufAllocatorUseCacheForAllThreads(45)) - PERFORMANCE WARNING: useCacheForAllThreads is true that may cause Netty to create a lot garbage objects and, as a result, trigger GC.
	It is recommended to disable useCacheForAllThreads by setting -Dorg.apache.ratis.thirdparty.io.netty.allocator.useCacheForAllThreads=false in command line.
2019-09-20 00:04:24,668 [main] INFO  grpc.GrpcConfigKeys$Server (ConfUtils.java:logGet(43)) - raft.grpc.server.port = 0 (default)
2019-09-20 00:04:24,668 [main] INFO  server.GrpcService (ConfUtils.java:logGet(43)) - raft.grpc.message.size.max = 33570816 (custom)
2019-09-20 00:04:24,668 [main] INFO  server.RaftServerConfigKeys (ConfUtils.java:logGet(43)) - raft.server.log.appender.buffer.byte-limit = 33554432 (custom)
2019-09-20 00:04:24,669 [main] INFO  server.GrpcService (ConfUtils.java:logGet(43)) - raft.grpc.flow.control.window = 1MB (=1048576) (default)
2019-09-20 00:04:24,669 [main] INFO  server.RaftServerConfigKeys (ConfUtils.java:logGet(43)) - raft.server.rpc.request.timeout = 3000ms (default)
2019-09-20 00:04:24,669 [main] INFO  server.RaftServerConfigKeys (ConfUtils.java:logGet(43)) - raft.server.storage.dir = [/workdir/hadoop-ozone/integration-test/target/test-dir/MiniOzoneClusterImpl-d3f2f10e-dfea-4f41-bcae-f8f30acd02f5/datanode-6/data/ratis] (custom)
2019-09-20 00:04:24,670 [main] INFO  hdfs.DFSUtil (DFSUtil.java:httpServerTemplateForNNAndJN(1641)) - Starting Web-server for hddsDatanode at: http://0.0.0.0:0
2019-09-20 00:04:24,672 [main] INFO  server.AuthenticationFilter (AuthenticationFilter.java:constructSecretProvider(240)) - Unable to initialize FileSignerSecretProvider, falling back to use random secrets.
2019-09-20 00:04:24,672 [main] WARN  http.HttpRequestLog (HttpRequestLog.java:getRequestLog(97)) - Jetty request log can only be enabled using Log4j
2019-09-20 00:04:24,674 [main] INFO  http.HttpServer2 (HttpServer2.java:addGlobalFilter(975)) - Added global filter 'safety' (class=org.apache.hadoop.http.HttpServer2$QuotingInputFilter)
2019-09-20 00:04:24,674 [main] INFO  http.HttpServer2 (HttpServer2.java:addFilter(948)) - Added filter static_user_filter (class=org.apache.hadoop.http.lib.StaticUserWebFilter$StaticUserFilter) to context hddsDatanode
2019-09-20 00:04:24,674 [main] INFO  http.HttpServer2 (HttpServer2.java:addFilter(958)) - Added filter static_user_filter (class=org.apache.hadoop.http.lib.StaticUserWebFilter$StaticUserFilter) to context logs
2019-09-20 00:04:24,675 [main] INFO  http.HttpServer2 (HttpServer2.java:addFilter(958)) - Added filter static_user_filter (class=org.apache.hadoop.http.lib.StaticUserWebFilter$StaticUserFilter) to context static
2019-09-20 00:04:24,675 [main] INFO  http.HttpServer2 (HttpServer2.java:bindListener(1191)) - Jetty bound to port 36314
2019-09-20 00:04:24,675 [main] INFO  server.Server (Server.java:doStart(351)) - jetty-9.3.24.v20180605, build timestamp: 2018-06-05T17:11:56Z, git hash: 84205aa28f11a4f31f2a3b86d1bba2cc8ab69827
2019-09-20 00:04:24,677 [main] INFO  handler.ContextHandler (ContextHandler.java:doStart(781)) - Started o.e.j.s.ServletContextHandler@19ae2ee5{/logs,file:///workdir/hadoop-ozone/integration-test/target/log,AVAILABLE}
2019-09-20 00:04:24,677 [main] INFO  handler.ContextHandler (ContextHandler.java:doStart(781)) - Started o.e.j.s.ServletContextHandler@34c53688{/static,jar:file:/home/user/.m2/repository/org/apache/hadoop/hadoop-hdds-container-service/0.5.0-SNAPSHOT/hadoop-hdds-container-service-0.5.0-SNAPSHOT.jar!/webapps/static,AVAILABLE}
2019-09-20 00:04:24,706 [main] INFO  handler.ContextHandler (ContextHandler.java:doStart(781)) - Started o.e.j.w.WebAppContext@74960e9d{/,file:///tmp/jetty-0.0.0.0-36314-hddsDatanode-_-any-2498346460641763396.dir/webapp/,AVAILABLE}{/hddsDatanode}
2019-09-20 00:04:24,707 [main] INFO  server.AbstractConnector (AbstractConnector.java:doStart(278)) - Started ServerConnector@4001d8c1{HTTP/1.1,[http/1.1]}{0.0.0.0:36314}
2019-09-20 00:04:24,710 [main] INFO  server.Server (Server.java:doStart(419)) - Started @248468ms
2019-09-20 00:04:24,710 [main] WARN  impl.MetricsSystemImpl (MetricsSystemImpl.java:register(276)) - Sink prometheus already exists!
2019-09-20 00:04:24,710 [main] INFO  server.BaseHttpServer (BaseHttpServer.java:updateConnectorAddress(215)) - HTTP server of HDDSDATANODE is listening at http://0.0.0.0:36314
2019-09-20 00:04:24,711 [main] INFO  ozone.MiniOzoneClusterImpl (MiniOzoneClusterImpl.java:lambda$waitForClusterToBeReady$0(145)) - Waiting for cluster to be ready. Got 0 of 7 DN Heartbeats.
2019-09-20 00:04:24,712 [org.apache.hadoop.util.JvmPauseMonitor$Monitor@476cad58] INFO  util.JvmPauseMonitor (JvmPauseMonitor.java:run(188)) - Starting JVM pause monitor
2019-09-20 00:04:24,713 [Datanode State Machine Thread - 0] INFO  datanode.InitDatanodeState (InitDatanodeState.java:persistContainerDatanodeDetails(140)) - DatanodeDetails is persisted to /workdir/hadoop-ozone/integration-test/target/test-dir/MiniOzoneClusterImpl-d3f2f10e-dfea-4f41-bcae-f8f30acd02f5/datanode-6/meta/datanode.id
2019-09-20 00:04:25,711 [main] INFO  ozone.MiniOzoneClusterImpl (MiniOzoneClusterImpl.java:lambda$waitForClusterToBeReady$0(145)) - Waiting for cluster to be ready. Got 0 of 7 DN Heartbeats.
2019-09-20 00:04:26,712 [main] INFO  ozone.MiniOzoneClusterImpl (MiniOzoneClusterImpl.java:lambda$waitForClusterToBeReady$0(145)) - Waiting for cluster to be ready. Got 0 of 7 DN Heartbeats.
2019-09-20 00:04:27,712 [main] INFO  ozone.MiniOzoneClusterImpl (MiniOzoneClusterImpl.java:lambda$waitForClusterToBeReady$0(145)) - Waiting for cluster to be ready. Got 0 of 7 DN Heartbeats.
2019-09-20 00:04:27,717 [Datanode State Machine Thread - 0] INFO  ozoneimpl.OzoneContainer (OzoneContainer.java:start(217)) - Attempting to start container services.
2019-09-20 00:04:27,717 [Datanode State Machine Thread - 0] INFO  ozoneimpl.OzoneContainer (OzoneContainer.java:start(217)) - Attempting to start container services.
2019-09-20 00:04:27,717 [Datanode State Machine Thread - 0] INFO  ozoneimpl.OzoneContainer (OzoneContainer.java:start(217)) - Attempting to start container services.
2019-09-20 00:04:27,717 [Datanode State Machine Thread - 0] INFO  ozoneimpl.OzoneContainer (OzoneContainer.java:start(217)) - Attempting to start container services.
2019-09-20 00:04:27,718 [Datanode State Machine Thread - 0] INFO  ozoneimpl.OzoneContainer (OzoneContainer.java:startContainerScrub(179)) - Background container scanner has been disabled.
2019-09-20 00:04:27,717 [Datanode State Machine Thread - 0] INFO  ozoneimpl.OzoneContainer (OzoneContainer.java:start(217)) - Attempting to start container services.
2019-09-20 00:04:27,717 [Datanode State Machine Thread - 0] INFO  ozoneimpl.OzoneContainer (OzoneContainer.java:start(217)) - Attempting to start container services.
2019-09-20 00:04:27,717 [Datanode State Machine Thread - 0] INFO  ozoneimpl.OzoneContainer (OzoneContainer.java:start(217)) - Attempting to start container services.
2019-09-20 00:04:27,717 [Datanode State Machine Thread - 0] INFO  ozoneimpl.OzoneContainer (OzoneContainer.java:startContainerScrub(179)) - Background container scanner has been disabled.
2019-09-20 00:04:27,719 [Datanode State Machine Thread - 0] INFO  ozoneimpl.OzoneContainer (OzoneContainer.java:startContainerScrub(179)) - Background container scanner has been disabled.
2019-09-20 00:04:27,718 [Datanode State Machine Thread - 0] INFO  ozoneimpl.OzoneContainer (OzoneContainer.java:startContainerScrub(179)) - Background container scanner has been disabled.
2019-09-20 00:04:27,718 [Datanode State Machine Thread - 0] INFO  ozoneimpl.OzoneContainer (OzoneContainer.java:startContainerScrub(179)) - Background container scanner has been disabled.
2019-09-20 00:04:27,718 [Datanode State Machine Thread - 0] INFO  ratis.XceiverServerRatis (XceiverServerRatis.java:start(411)) - Starting XceiverServerRatis bec4b975-0b69-4b52-a49c-deefd7c86fbc at port 0
2019-09-20 00:04:27,718 [Datanode State Machine Thread - 0] INFO  ozoneimpl.OzoneContainer (OzoneContainer.java:startContainerScrub(179)) - Background container scanner has been disabled.
2019-09-20 00:04:27,719 [Datanode State Machine Thread - 0] INFO  ratis.XceiverServerRatis (XceiverServerRatis.java:start(411)) - Starting XceiverServerRatis 3d170688-536a-4a66-a9c9-289315ef27c2 at port 0
2019-09-20 00:04:27,718 [Datanode State Machine Thread - 0] INFO  ozoneimpl.OzoneContainer (OzoneContainer.java:startContainerScrub(179)) - Background container scanner has been disabled.
2019-09-20 00:04:27,719 [Datanode State Machine Thread - 0] INFO  ratis.XceiverServerRatis (XceiverServerRatis.java:start(411)) - Starting XceiverServerRatis f3b156d7-7eb6-46eb-bb34-4a82b6f9f404 at port 0
2019-09-20 00:04:27,719 [Datanode State Machine Thread - 0] INFO  ratis.XceiverServerRatis (XceiverServerRatis.java:start(411)) - Starting XceiverServerRatis 7d878657-54f8-4791-978a-386f775e0485 at port 0
2019-09-20 00:04:27,719 [Datanode State Machine Thread - 0] INFO  ratis.XceiverServerRatis (XceiverServerRatis.java:start(411)) - Starting XceiverServerRatis 382b0250-a1aa-40f3-882d-cd7fb29de27f at port 0
2019-09-20 00:04:27,719 [Datanode State Machine Thread - 0] INFO  ratis.XceiverServerRatis (XceiverServerRatis.java:start(411)) - Starting XceiverServerRatis 89de1964-3948-43a8-885a-142089a2f45f at port 0
2019-09-20 00:04:27,720 [Datanode State Machine Thread - 0] INFO  ratis.XceiverServerRatis (XceiverServerRatis.java:start(411)) - Starting XceiverServerRatis 5f35e7da-28ae-4b25-a1a4-54a4278033f1 at port 0
2019-09-20 00:04:27,756 [Datanode State Machine Thread - 0] INFO  impl.RaftServerProxy (RaftServerProxy.java:lambda$start$3(299)) - bec4b975-0b69-4b52-a49c-deefd7c86fbc: start RPC server
2019-09-20 00:04:27,760 [Datanode State Machine Thread - 0] INFO  server.GrpcService (GrpcService.java:startImpl(158)) - bec4b975-0b69-4b52-a49c-deefd7c86fbc: GrpcService started, listening on 0.0.0.0/0.0.0.0:45882
2019-09-20 00:04:27,760 [Datanode State Machine Thread - 0] INFO  ratis.XceiverServerRatis (XceiverServerRatis.java:start(421)) - XceiverServerRatis bec4b975-0b69-4b52-a49c-deefd7c86fbc is started using port 45882
2019-09-20 00:04:27,760 [Datanode State Machine Thread - 0] INFO  server.XceiverServerGrpc (XceiverServerGrpc.java:start(149)) - XceiverServerGrpc bec4b975-0b69-4b52-a49c-deefd7c86fbc is started using port 37536
2019-09-20 00:04:28,168 [Thread-1851] INFO  impl.FollowerState (FollowerState.java:run(106)) - c63e7fee-7ebf-4ab3-a82c-403b5cf942fc:group-0BC4DF7BF4D9 changes to CANDIDATE, lastRpcTime:5130, electionTimeout:5130ms
2019-09-20 00:04:28,168 [Thread-1851] INFO  impl.RoleInfo (RoleInfo.java:shutdownFollowerState(121)) - c63e7fee-7ebf-4ab3-a82c-403b5cf942fc: shutdown FollowerState
2019-09-20 00:04:28,169 [Thread-1851] INFO  impl.RaftServerImpl (RaftServerImpl.java:setRole(174)) - c63e7fee-7ebf-4ab3-a82c-403b5cf942fc@group-0BC4DF7BF4D9: changes role from  FOLLOWER to CANDIDATE at term 10 for changeToCandidate
2019-09-20 00:04:28,616 [Datanode State Machine Thread - 0] INFO  impl.RaftServerProxy (RaftServerProxy.java:lambda$start$3(299)) - 3d170688-536a-4a66-a9c9-289315ef27c2: start RPC server
2019-09-20 00:04:28,617 [Datanode State Machine Thread - 0] INFO  server.GrpcService (GrpcService.java:startImpl(158)) - 3d170688-536a-4a66-a9c9-289315ef27c2: GrpcService started, listening on 0.0.0.0/0.0.0.0:32785
2019-09-20 00:04:28,618 [Datanode State Machine Thread - 0] INFO  ratis.XceiverServerRatis (XceiverServerRatis.java:start(421)) - XceiverServerRatis 3d170688-536a-4a66-a9c9-289315ef27c2 is started using port 32785
2019-09-20 00:04:28,618 [Datanode State Machine Thread - 0] INFO  server.XceiverServerGrpc (XceiverServerGrpc.java:start(149)) - XceiverServerGrpc 3d170688-536a-4a66-a9c9-289315ef27c2 is started using port 34464
2019-09-20 00:04:28,713 [main] INFO  ozone.MiniOzoneClusterImpl (MiniOzoneClusterImpl.java:lambda$waitForClusterToBeReady$0(145)) - Waiting for cluster to be ready. Got 1 of 7 DN Heartbeats.
2019-09-20 00:04:29,032 [Datanode State Machine Thread - 0] ERROR statemachine.EndpointStateMachine (EndpointStateMachine.java:logIfNeeded(204)) - Unable to communicate to SCM server at 0.0.0.0:46005 for past 0 seconds.
java.net.SocketTimeoutException: Call From pr-hdds-2020-7x4rg-3348829713/192.168.5.182 to 0.0.0.0:46005 failed on socket timeout exception: java.net.SocketTimeoutException: 1000 millis timeout while waiting for channel to be ready for read. ch : java.nio.channels.SocketChannel[connected local=/192.168.5.182:40992 remote=/0.0.0.0:46005]; For more details see:  http://wiki.apache.org/hadoop/SocketTimeout
	at sun.reflect.NativeConstructorAccessorImpl.newInstance0(Native Method)
	at sun.reflect.NativeConstructorAccessorImpl.newInstance(NativeConstructorAccessorImpl.java:62)
	at sun.reflect.DelegatingConstructorAccessorImpl.newInstance(DelegatingConstructorAccessorImpl.java:45)
	at java.lang.reflect.Constructor.newInstance(Constructor.java:423)
	at org.apache.hadoop.net.NetUtils.wrapWithMessage(NetUtils.java:831)
	at org.apache.hadoop.net.NetUtils.wrapException(NetUtils.java:775)
	at org.apache.hadoop.ipc.Client.getRpcResponse(Client.java:1515)
	at org.apache.hadoop.ipc.Client.call(Client.java:1457)
	at org.apache.hadoop.ipc.Client.call(Client.java:1367)
	at org.apache.hadoop.ipc.ProtobufRpcEngine$Invoker.invoke(ProtobufRpcEngine.java:228)
	at org.apache.hadoop.ipc.ProtobufRpcEngine$Invoker.invoke(ProtobufRpcEngine.java:116)
	at com.sun.proxy.$Proxy31.register(Unknown Source)
	at org.apache.hadoop.ozone.protocolPB.StorageContainerDatanodeProtocolClientSideTranslatorPB.register(StorageContainerDatanodeProtocolClientSideTranslatorPB.java:160)
	at org.apache.hadoop.ozone.container.common.states.endpoint.RegisterEndpointTask.call(RegisterEndpointTask.java:120)
	at org.apache.hadoop.ozone.container.common.states.endpoint.RegisterEndpointTask.call(RegisterEndpointTask.java:47)
	at java.util.concurrent.FutureTask.run(FutureTask.java:266)
	at java.util.concurrent.Executors$RunnableAdapter.call(Executors.java:511)
	at java.util.concurrent.FutureTask.run(FutureTask.java:266)
	at java.util.concurrent.ThreadPoolExecutor.runWorker(ThreadPoolExecutor.java:1149)
	at java.util.concurrent.ThreadPoolExecutor$Worker.run(ThreadPoolExecutor.java:624)
	at java.lang.Thread.run(Thread.java:748)
Caused by: java.net.SocketTimeoutException: 1000 millis timeout while waiting for channel to be ready for read. ch : java.nio.channels.SocketChannel[connected local=/192.168.5.182:40992 remote=/0.0.0.0:46005]
	at org.apache.hadoop.net.SocketIOWithTimeout.doIO(SocketIOWithTimeout.java:164)
	at org.apache.hadoop.net.SocketInputStream.read(SocketInputStream.java:161)
	at org.apache.hadoop.net.SocketInputStream.read(SocketInputStream.java:131)
	at java.io.FilterInputStream.read(FilterInputStream.java:133)
	at java.io.BufferedInputStream.fill(BufferedInputStream.java:246)
	at java.io.BufferedInputStream.read(BufferedInputStream.java:265)
	at java.io.FilterInputStream.read(FilterInputStream.java:83)
	at java.io.FilterInputStream.read(FilterInputStream.java:83)
	at org.apache.hadoop.ipc.Client$Connection$PingInputStream.read(Client.java:557)
	at java.io.DataInputStream.readInt(DataInputStream.java:387)
	at org.apache.hadoop.ipc.Client$IpcStreams.readResponse(Client.java:1816)
	at org.apache.hadoop.ipc.Client$Connection.receiveRpcResponse(Client.java:1173)
	at org.apache.hadoop.ipc.Client$Connection.run(Client.java:1069)
2019-09-20 00:04:29,319 [Datanode State Machine Thread - 0] INFO  impl.RaftServerProxy (RaftServerProxy.java:lambda$start$3(299)) - 7d878657-54f8-4791-978a-386f775e0485: start RPC server
2019-09-20 00:04:29,318 [Thread-1851] INFO  impl.RoleInfo (RoleInfo.java:updateAndGet(143)) - c63e7fee-7ebf-4ab3-a82c-403b5cf942fc: start LeaderElection
2019-09-20 00:04:29,325 [IPC Server handler 4 on 46005] INFO  net.NetworkTopology (NetworkTopologyImpl.java:add(111)) - Added a new node: /default-rack/bec4b975-0b69-4b52-a49c-deefd7c86fbc
2019-09-20 00:04:29,329 [Datanode State Machine Thread - 0] INFO  impl.RaftServerProxy (RaftServerProxy.java:lambda$start$3(299)) - 5f35e7da-28ae-4b25-a1a4-54a4278033f1: start RPC server
2019-09-20 00:04:29,325 [Datanode State Machine Thread - 0] INFO  impl.RaftServerProxy (RaftServerProxy.java:lambda$start$3(299)) - 89de1964-3948-43a8-885a-142089a2f45f: start RPC server
2019-09-20 00:04:29,330 [Datanode State Machine Thread - 0] INFO  impl.RaftServerProxy (RaftServerProxy.java:lambda$start$3(299)) - f3b156d7-7eb6-46eb-bb34-4a82b6f9f404: start RPC server
2019-09-20 00:04:29,330 [IPC Server handler 4 on 46005] INFO  node.SCMNodeManager (SCMNodeManager.java:register(266)) - Registered Data node : bec4b975-0b69-4b52-a49c-deefd7c86fbc{ip: 192.168.5.182, host: pr-hdds-2020-7x4rg-3348829713, networkLocation: /default-rack, certSerialId: null}
2019-09-20 00:04:29,361 [Datanode State Machine Thread - 0] INFO  impl.RaftServerProxy (RaftServerProxy.java:lambda$start$3(299)) - 382b0250-a1aa-40f3-882d-cd7fb29de27f: start RPC server
2019-09-20 00:04:29,360 [Datanode State Machine Thread - 0] INFO  server.GrpcService (GrpcService.java:startImpl(158)) - 7d878657-54f8-4791-978a-386f775e0485: GrpcService started, listening on 0.0.0.0/0.0.0.0:36462
2019-09-20 00:04:29,362 [Datanode State Machine Thread - 0] INFO  ratis.XceiverServerRatis (XceiverServerRatis.java:start(421)) - XceiverServerRatis 7d878657-54f8-4791-978a-386f775e0485 is started using port 36462
2019-09-20 00:04:29,360 [Datanode State Machine Thread - 0] INFO  server.GrpcService (GrpcService.java:startImpl(158)) - 5f35e7da-28ae-4b25-a1a4-54a4278033f1: GrpcService started, listening on 0.0.0.0/0.0.0.0:43639
2019-09-20 00:04:29,366 [EventQueue-NodeRegistrationContainerReportForDataNodeSafeModeRule] INFO  safemode.SCMSafeModeManager (DataNodeSafeModeRule.java:process(71)) - SCM in safe mode. 1 DataNodes registered, 1 required.
2019-09-20 00:04:29,365 [Datanode State Machine Thread - 0] INFO  server.XceiverServerGrpc (XceiverServerGrpc.java:start(149)) - XceiverServerGrpc 7d878657-54f8-4791-978a-386f775e0485 is started using port 45012
2019-09-20 00:04:29,365 [Datanode State Machine Thread - 0] INFO  server.GrpcService (GrpcService.java:startImpl(158)) - 382b0250-a1aa-40f3-882d-cd7fb29de27f: GrpcService started, listening on 0.0.0.0/0.0.0.0:40829
2019-09-20 00:04:29,362 [Datanode State Machine Thread - 0] INFO  server.GrpcService (GrpcService.java:startImpl(158)) - f3b156d7-7eb6-46eb-bb34-4a82b6f9f404: GrpcService started, listening on 0.0.0.0/0.0.0.0:33815
2019-09-20 00:04:29,362 [Datanode State Machine Thread - 0] INFO  server.GrpcService (GrpcService.java:startImpl(158)) - 89de1964-3948-43a8-885a-142089a2f45f: GrpcService started, listening on 0.0.0.0/0.0.0.0:39929
2019-09-20 00:04:29,373 [IPC Server handler 4 on 46005] WARN  ipc.Server (Server.java:processResponse(1523)) - IPC Server handler 4 on 46005, call Call#1084 Retry#0 org.apache.hadoop.ozone.protocol.StorageContainerDatanodeProtocol.register from 192.168.5.182:40992: output error
2019-09-20 00:04:29,369 [Datanode State Machine Thread - 0] INFO  ratis.XceiverServerRatis (XceiverServerRatis.java:start(421)) - XceiverServerRatis f3b156d7-7eb6-46eb-bb34-4a82b6f9f404 is started using port 33815
2019-09-20 00:04:29,369 [Datanode State Machine Thread - 0] INFO  ratis.XceiverServerRatis (XceiverServerRatis.java:start(421)) - XceiverServerRatis 382b0250-a1aa-40f3-882d-cd7fb29de27f is started using port 40829
2019-09-20 00:04:29,368 [EventQueue-NodeRegistrationContainerReportForDataNodeSafeModeRule] INFO  safemode.SCMSafeModeManager (SCMSafeModeManager.java:validateSafeModeExitRules(177)) - ScmSafeModeManager, all rules are successfully validated
2019-09-20 00:04:29,366 [Datanode State Machine Thread - 0] INFO  ratis.XceiverServerRatis (XceiverServerRatis.java:start(421)) - XceiverServerRatis 5f35e7da-28ae-4b25-a1a4-54a4278033f1 is started using port 43639
2019-09-20 00:04:29,374 [EventQueue-NodeRegistrationContainerReportForDataNodeSafeModeRule] INFO  safemode.SCMSafeModeManager (SCMSafeModeManager.java:exitSafeMode(193)) - SCM exiting safe mode.
2019-09-20 00:04:29,373 [IPC Server handler 4 on 46005] INFO  ipc.Server (Server.java:run(2695)) - IPC Server handler 4 on 46005 caught an exception
java.nio.channels.ClosedChannelException
	at sun.nio.ch.SocketChannelImpl.ensureWriteOpen(SocketChannelImpl.java:270)
	at sun.nio.ch.SocketChannelImpl.write(SocketChannelImpl.java:461)
	at org.apache.hadoop.ipc.Server.channelWrite(Server.java:3250)
	at org.apache.hadoop.ipc.Server.access$1700(Server.java:137)
	at org.apache.hadoop.ipc.Server$Responder.processResponse(Server.java:1473)
	at org.apache.hadoop.ipc.Server$Responder.doRespond(Server.java:1543)
	at org.apache.hadoop.ipc.Server$Connection.sendResponse(Server.java:2593)
	at org.apache.hadoop.ipc.Server$Connection.access$300(Server.java:1615)
	at org.apache.hadoop.ipc.Server$RpcCall.doResponse(Server.java:940)
	at org.apache.hadoop.ipc.Server$Call.sendResponse(Server.java:774)
	at org.apache.hadoop.ipc.Server$RpcCall.run(Server.java:885)
	at org.apache.hadoop.ipc.Server$RpcCall.run(Server.java:822)
	at java.security.AccessController.doPrivileged(Native Method)
	at javax.security.auth.Subject.doAs(Subject.java:422)
	at org.apache.hadoop.security.UserGroupInformation.doAs(UserGroupInformation.java:1730)
	at org.apache.hadoop.ipc.Server$Handler.run(Server.java:2682)
2019-09-20 00:04:29,373 [Datanode State Machine Thread - 0] INFO  ratis.XceiverServerRatis (XceiverServerRatis.java:start(421)) - XceiverServerRatis 89de1964-3948-43a8-885a-142089a2f45f is started using port 39929
2019-09-20 00:04:29,374 [Datanode State Machine Thread - 0] INFO  server.XceiverServerGrpc (XceiverServerGrpc.java:start(149)) - XceiverServerGrpc f3b156d7-7eb6-46eb-bb34-4a82b6f9f404 is started using port 36332
2019-09-20 00:04:29,374 [Datanode State Machine Thread - 0] INFO  server.XceiverServerGrpc (XceiverServerGrpc.java:start(149)) - XceiverServerGrpc 382b0250-a1aa-40f3-882d-cd7fb29de27f is started using port 33720
2019-09-20 00:04:29,375 [Datanode State Machine Thread - 0] INFO  server.XceiverServerGrpc (XceiverServerGrpc.java:start(149)) - XceiverServerGrpc 5f35e7da-28ae-4b25-a1a4-54a4278033f1 is started using port 36025
2019-09-20 00:04:29,375 [Datanode State Machine Thread - 0] INFO  server.XceiverServerGrpc (XceiverServerGrpc.java:start(149)) - XceiverServerGrpc 89de1964-3948-43a8-885a-142089a2f45f is started using port 46816
2019-09-20 00:04:29,402 [grpc-default-executor-1] INFO  impl.RaftServerProxy (RaftServerProxy.java:addNew(89)) - bec4b975-0b69-4b52-a49c-deefd7c86fbc: addNew group-B217D9C59DE4:[bec4b975-0b69-4b52-a49c-deefd7c86fbc:192.168.5.182:45882] returns group-B217D9C59DE4:java.util.concurrent.CompletableFuture@587fc928[Not completed]
2019-09-20 00:04:29,403 [pool-315-thread-1] INFO  impl.RaftServerImpl (RaftServerImpl.java:<init>(95)) - bec4b975-0b69-4b52-a49c-deefd7c86fbc: new RaftServerImpl for group-B217D9C59DE4:[bec4b975-0b69-4b52-a49c-deefd7c86fbc:192.168.5.182:45882] with ContainerStateMachine:uninitialized
2019-09-20 00:04:29,403 [pool-315-thread-1] INFO  server.RaftServerConfigKeys (ConfUtils.java:logGet(43)) - raft.server.rpc.timeout.min = 5s (custom)
2019-09-20 00:04:29,404 [pool-315-thread-1] INFO  server.RaftServerConfigKeys (ConfUtils.java:logGet(43)) - raft.server.rpc.timeout.max = 5200ms (custom)
2019-09-20 00:04:29,404 [pool-315-thread-1] INFO  server.RaftServerConfigKeys (ConfUtils.java:logGet(43)) - raft.server.rpcslowness.timeout = 120s (custom)
2019-09-20 00:04:29,404 [pool-315-thread-1] INFO  server.RaftServerConfigKeys (ConfUtils.java:logGet(43)) - raft.server.sleep.deviation.threshold = 300 (default)
2019-09-20 00:04:29,404 [pool-315-thread-1] INFO  server.RaftServerConfigKeys (ConfUtils.java:logGet(43)) - raft.server.log.appender.install.snapshot.enabled = false (custom)
2019-09-20 00:04:29,404 [pool-315-thread-1] INFO  impl.RaftServerImpl (ServerState.java:<init>(103)) - bec4b975-0b69-4b52-a49c-deefd7c86fbc@group-B217D9C59DE4: ConfigurationManager, init=-1: [bec4b975-0b69-4b52-a49c-deefd7c86fbc:192.168.5.182:45882], old=null, confs=<EMPTY_MAP>
2019-09-20 00:04:29,404 [pool-315-thread-1] INFO  server.RaftServerConfigKeys (ConfUtils.java:logGet(43)) - raft.server.storage.dir = [/workdir/hadoop-ozone/integration-test/target/test-dir/MiniOzoneClusterImpl-d3f2f10e-dfea-4f41-bcae-f8f30acd02f5/datanode-2/data/ratis] (custom)
2019-09-20 00:04:29,405 [pool-315-thread-1] INFO  storage.RaftStorageDirectory (RaftStorageDirectory.java:analyzeStorage(246)) - The storage directory /workdir/hadoop-ozone/integration-test/target/test-dir/MiniOzoneClusterImpl-d3f2f10e-dfea-4f41-bcae-f8f30acd02f5/datanode-2/data/ratis/6bddab38-7ded-4e84-bc1f-b217d9c59de4 does not exist. Creating ...
2019-09-20 00:04:29,713 [main] INFO  ozone.MiniOzoneClusterImpl (MiniOzoneClusterImpl.java:lambda$waitForClusterToBeReady$0(145)) - Waiting for cluster to be ready. Got 1 of 7 DN Heartbeats.
2019-09-20 00:04:29,875 [IPC Server handler 6 on 46005] INFO  net.NetworkTopology (NetworkTopologyImpl.java:add(111)) - Added a new node: /default-rack/89de1964-3948-43a8-885a-142089a2f45f
2019-09-20 00:04:29,876 [IPC Server handler 6 on 46005] INFO  node.SCMNodeManager (SCMNodeManager.java:register(266)) - Registered Data node : 89de1964-3948-43a8-885a-142089a2f45f{ip: 192.168.5.182, host: pr-hdds-2020-7x4rg-3348829713, networkLocation: /default-rack, certSerialId: null}
2019-09-20 00:04:29,948 [IPC Server handler 8 on 46005] INFO  net.NetworkTopology (NetworkTopologyImpl.java:add(111)) - Added a new node: /default-rack/382b0250-a1aa-40f3-882d-cd7fb29de27f
2019-09-20 00:04:29,948 [IPC Server handler 8 on 46005] INFO  node.SCMNodeManager (SCMNodeManager.java:register(266)) - Registered Data node : 382b0250-a1aa-40f3-882d-cd7fb29de27f{ip: 192.168.5.182, host: pr-hdds-2020-7x4rg-3348829713, networkLocation: /default-rack, certSerialId: null}
2019-09-20 00:04:30,116 [IPC Server handler 16 on 46005] INFO  net.NetworkTopology (NetworkTopologyImpl.java:add(111)) - Added a new node: /default-rack/3d170688-536a-4a66-a9c9-289315ef27c2
2019-09-20 00:04:30,116 [IPC Server handler 16 on 46005] INFO  node.SCMNodeManager (SCMNodeManager.java:register(266)) - Registered Data node : 3d170688-536a-4a66-a9c9-289315ef27c2{ip: 192.168.5.182, host: pr-hdds-2020-7x4rg-3348829713, networkLocation: /default-rack, certSerialId: null}
2019-09-20 00:04:30,285 [IPC Server handler 15 on 46005] INFO  net.NetworkTopology (NetworkTopologyImpl.java:add(111)) - Added a new node: /default-rack/7d878657-54f8-4791-978a-386f775e0485
2019-09-20 00:04:30,285 [IPC Server handler 15 on 46005] INFO  node.SCMNodeManager (SCMNodeManager.java:register(266)) - Registered Data node : 7d878657-54f8-4791-978a-386f775e0485{ip: 192.168.5.182, host: pr-hdds-2020-7x4rg-3348829713, networkLocation: /default-rack, certSerialId: null}
2019-09-20 00:04:30,647 [IPC Server handler 2 on 46005] INFO  net.NetworkTopology (NetworkTopologyImpl.java:add(111)) - Added a new node: /default-rack/5f35e7da-28ae-4b25-a1a4-54a4278033f1
2019-09-20 00:04:30,648 [IPC Server handler 2 on 46005] INFO  node.SCMNodeManager (SCMNodeManager.java:register(266)) - Registered Data node : 5f35e7da-28ae-4b25-a1a4-54a4278033f1{ip: 192.168.5.182, host: pr-hdds-2020-7x4rg-3348829713, networkLocation: /default-rack, certSerialId: null}
2019-09-20 00:04:30,715 [main] INFO  ozone.MiniOzoneClusterImpl (MiniOzoneClusterImpl.java:lambda$waitForClusterToBeReady$0(145)) - Waiting for cluster to be ready. Got 6 of 7 DN Heartbeats.
2019-09-20 00:04:30,715 [IPC Server handler 6 on 46005] INFO  net.NetworkTopology (NetworkTopologyImpl.java:add(111)) - Added a new node: /default-rack/f3b156d7-7eb6-46eb-bb34-4a82b6f9f404
2019-09-20 00:04:30,715 [IPC Server handler 6 on 46005] INFO  node.SCMNodeManager (SCMNodeManager.java:register(266)) - Registered Data node : f3b156d7-7eb6-46eb-bb34-4a82b6f9f404{ip: 192.168.5.182, host: pr-hdds-2020-7x4rg-3348829713, networkLocation: /default-rack, certSerialId: null}
2019-09-20 00:04:31,069 [EventQueue-StaleNodeForStaleNodeHandler] INFO  node.StaleNodeHandler (StaleNodeHandler.java:onMessage(58)) - Datanode bec4b975-0b69-4b52-a49c-deefd7c86fbc{ip: 192.168.5.182, host: pr-hdds-2020-7x4rg-3348829713, networkLocation: /default-rack, certSerialId: null} moved to stale state. Finalizing its pipelines []
2019-09-20 00:04:31,719 [main] INFO  ozone.MiniOzoneClusterImpl (MiniOzoneClusterImpl.java:lambda$waitForClusterToBeReady$0(145)) - Waiting for cluster to be ready. Got 6 of 7 DN Heartbeats.
2019-09-20 00:04:32,323 [c63e7fee-7ebf-4ab3-a82c-403b5cf942fc@group-0BC4DF7BF4D9:LeaderElection71] INFO  impl.LeaderElection (LeaderElection.java:askForVotes(182)) - c63e7fee-7ebf-4ab3-a82c-403b5cf942fc@group-0BC4DF7BF4D9:LeaderElection71: begin an election at term 11 for 0: [8f58c883-e4ba-4cdd-8662-08249772462e:192.168.5.182:35458, c63e7fee-7ebf-4ab3-a82c-403b5cf942fc:192.168.5.182:40019, fd99f976-ef3a-47b0-8e0c-a462a244f82b:192.168.5.182:45540], old=null
2019-09-20 00:04:32,325 [c63e7fee-7ebf-4ab3-a82c-403b5cf942fc@group-0BC4DF7BF4D9:LeaderElection71] INFO  impl.LeaderElection (LogUtils.java:infoOrTrace(149)) - c63e7fee-7ebf-4ab3-a82c-403b5cf942fc@group-0BC4DF7BF4D9:LeaderElection71 got exception when requesting votes: {}
java.util.concurrent.ExecutionException: org.apache.ratis.thirdparty.io.grpc.StatusRuntimeException: UNAVAILABLE: io exception
	at java.util.concurrent.FutureTask.report(FutureTask.java:122)
	at java.util.concurrent.FutureTask.get(FutureTask.java:192)
	at org.apache.ratis.server.impl.LeaderElection.waitForResults(LeaderElection.java:263)
	at org.apache.ratis.server.impl.LeaderElection.askForVotes(LeaderElection.java:201)
	at org.apache.ratis.server.impl.LeaderElection.run(LeaderElection.java:133)
	at java.lang.Thread.run(Thread.java:748)
Caused by: org.apache.ratis.thirdparty.io.grpc.StatusRuntimeException: UNAVAILABLE: io exception
	at org.apache.ratis.thirdparty.io.grpc.stub.ClientCalls.toStatusRuntimeException(ClientCalls.java:233)
	at org.apache.ratis.thirdparty.io.grpc.stub.ClientCalls.getUnchecked(ClientCalls.java:214)
	at org.apache.ratis.thirdparty.io.grpc.stub.ClientCalls.blockingUnaryCall(ClientCalls.java:139)
	at org.apache.ratis.proto.grpc.RaftServerProtocolServiceGrpc$RaftServerProtocolServiceBlockingStub.requestVote(RaftServerProtocolServiceGrpc.java:265)
	at org.apache.ratis.grpc.server.GrpcServerProtocolClient.requestVote(GrpcServerProtocolClient.java:90)
	at org.apache.ratis.grpc.server.GrpcService.requestVote(GrpcService.java:204)
	at org.apache.ratis.server.impl.LeaderElection.lambda$submitRequests$1(LeaderElection.java:238)
	at java.util.concurrent.FutureTask.run(FutureTask.java:266)
	at java.util.concurrent.Executors$RunnableAdapter.call(Executors.java:511)
	at java.util.concurrent.FutureTask.run(FutureTask.java:266)
	at java.util.concurrent.ThreadPoolExecutor.runWorker(ThreadPoolExecutor.java:1149)
	at java.util.concurrent.ThreadPoolExecutor$Worker.run(ThreadPoolExecutor.java:624)
	... 1 more
Caused by: org.apache.ratis.thirdparty.io.netty.channel.AbstractChannel$AnnotatedConnectException: Connection refused: /192.168.5.182:45540
	at sun.nio.ch.SocketChannelImpl.checkConnect(Native Method)
	at sun.nio.ch.SocketChannelImpl.finishConnect(SocketChannelImpl.java:717)
	at org.apache.ratis.thirdparty.io.netty.channel.socket.nio.NioSocketChannel.doFinishConnect(NioSocketChannel.java:327)
	at org.apache.ratis.thirdparty.io.netty.channel.nio.AbstractNioChannel$AbstractNioUnsafe.finishConnect(AbstractNioChannel.java:340)
	at org.apache.ratis.thirdparty.io.netty.channel.nio.NioEventLoop.processSelectedKey(NioEventLoop.java:632)
	at org.apache.ratis.thirdparty.io.netty.channel.nio.NioEventLoop.processSelectedKeysOptimized(NioEventLoop.java:579)
	at org.apache.ratis.thirdparty.io.netty.channel.nio.NioEventLoop.processSelectedKeys(NioEventLoop.java:496)
	at org.apache.ratis.thirdparty.io.netty.channel.nio.NioEventLoop.run(NioEventLoop.java:458)
	at org.apache.ratis.thirdparty.io.netty.util.concurrent.SingleThreadEventExecutor$5.run(SingleThreadEventExecutor.java:897)
	at org.apache.ratis.thirdparty.io.netty.util.concurrent.FastThreadLocalRunnable.run(FastThreadLocalRunnable.java:30)
	... 1 more
Caused by: java.net.ConnectException: Connection refused
	... 11 more
2019-09-20 00:04:32,363 [c63e7fee-7ebf-4ab3-a82c-403b5cf942fc@group-0BC4DF7BF4D9:LeaderElection71] INFO  impl.LeaderElection (LogUtils.java:infoOrTrace(149)) - c63e7fee-7ebf-4ab3-a82c-403b5cf942fc@group-0BC4DF7BF4D9:LeaderElection71 got exception when requesting votes: {}
java.util.concurrent.ExecutionException: org.apache.ratis.thirdparty.io.grpc.StatusRuntimeException: UNAVAILABLE: io exception
	at java.util.concurrent.FutureTask.report(FutureTask.java:122)
	at java.util.concurrent.FutureTask.get(FutureTask.java:192)
	at org.apache.ratis.server.impl.LeaderElection.waitForResults(LeaderElection.java:263)
	at org.apache.ratis.server.impl.LeaderElection.askForVotes(LeaderElection.java:201)
	at org.apache.ratis.server.impl.LeaderElection.run(LeaderElection.java:133)
	at java.lang.Thread.run(Thread.java:748)
Caused by: org.apache.ratis.thirdparty.io.grpc.StatusRuntimeException: UNAVAILABLE: io exception
	at org.apache.ratis.thirdparty.io.grpc.stub.ClientCalls.toStatusRuntimeException(ClientCalls.java:233)
	at org.apache.ratis.thirdparty.io.grpc.stub.ClientCalls.getUnchecked(ClientCalls.java:214)
	at org.apache.ratis.thirdparty.io.grpc.stub.ClientCalls.blockingUnaryCall(ClientCalls.java:139)
	at org.apache.ratis.proto.grpc.RaftServerProtocolServiceGrpc$RaftServerProtocolServiceBlockingStub.requestVote(RaftServerProtocolServiceGrpc.java:265)
	at org.apache.ratis.grpc.server.GrpcServerProtocolClient.requestVote(GrpcServerProtocolClient.java:90)
	at org.apache.ratis.grpc.server.GrpcService.requestVote(GrpcService.java:204)
	at org.apache.ratis.server.impl.LeaderElection.lambda$submitRequests$1(LeaderElection.java:238)
	at java.util.concurrent.FutureTask.run(FutureTask.java:266)
	at java.util.concurrent.Executors$RunnableAdapter.call(Executors.java:511)
	at java.util.concurrent.FutureTask.run(FutureTask.java:266)
	at java.util.concurrent.ThreadPoolExecutor.runWorker(ThreadPoolExecutor.java:1149)
	at java.util.concurrent.ThreadPoolExecutor$Worker.run(ThreadPoolExecutor.java:624)
	... 1 more
Caused by: org.apache.ratis.thirdparty.io.netty.channel.AbstractChannel$AnnotatedConnectException: Connection refused: /192.168.5.182:35458
	at sun.nio.ch.SocketChannelImpl.checkConnect(Native Method)
	at sun.nio.ch.SocketChannelImpl.finishConnect(SocketChannelImpl.java:717)
	at org.apache.ratis.thirdparty.io.netty.channel.socket.nio.NioSocketChannel.doFinishConnect(NioSocketChannel.java:327)
	at org.apache.ratis.thirdparty.io.netty.channel.nio.AbstractNioChannel$AbstractNioUnsafe.finishConnect(AbstractNioChannel.java:340)
	at org.apache.ratis.thirdparty.io.netty.channel.nio.NioEventLoop.processSelectedKey(NioEventLoop.java:632)
	at org.apache.ratis.thirdparty.io.netty.channel.nio.NioEventLoop.processSelectedKeysOptimized(NioEventLoop.java:579)
	at org.apache.ratis.thirdparty.io.netty.channel.nio.NioEventLoop.processSelectedKeys(NioEventLoop.java:496)
	at org.apache.ratis.thirdparty.io.netty.channel.nio.NioEventLoop.run(NioEventLoop.java:458)
	at org.apache.ratis.thirdparty.io.netty.util.concurrent.SingleThreadEventExecutor$5.run(SingleThreadEventExecutor.java:897)
	at org.apache.ratis.thirdparty.io.netty.util.concurrent.FastThreadLocalRunnable.run(FastThreadLocalRunnable.java:30)
	... 1 more
Caused by: java.net.ConnectException: Connection refused
	... 11 more
2019-09-20 00:04:32,377 [c63e7fee-7ebf-4ab3-a82c-403b5cf942fc@group-0BC4DF7BF4D9:LeaderElection71] INFO  impl.LeaderElection (LeaderElection.java:logAndReturn(56)) - c63e7fee-7ebf-4ab3-a82c-403b5cf942fc@group-0BC4DF7BF4D9:LeaderElection71: Election REJECTED; received 0 response(s) [] and 2 exception(s); c63e7fee-7ebf-4ab3-a82c-403b5cf942fc@group-0BC4DF7BF4D9:t11, leader=null, voted=c63e7fee-7ebf-4ab3-a82c-403b5cf942fc, raftlog=c63e7fee-7ebf-4ab3-a82c-403b5cf942fc@group-0BC4DF7BF4D9-SegmentedRaftLog:OPENED:c2,f2,i2, conf=0: [8f58c883-e4ba-4cdd-8662-08249772462e:192.168.5.182:35458, c63e7fee-7ebf-4ab3-a82c-403b5cf942fc:192.168.5.182:40019, fd99f976-ef3a-47b0-8e0c-a462a244f82b:192.168.5.182:45540], old=null
2019-09-20 00:04:32,378 [c63e7fee-7ebf-4ab3-a82c-403b5cf942fc@group-0BC4DF7BF4D9:LeaderElection71] INFO  impl.LeaderElection (LogUtils.java:infoOrTrace(149)) -   Exception 0: {}
java.util.concurrent.ExecutionException: org.apache.ratis.thirdparty.io.grpc.StatusRuntimeException: UNAVAILABLE: io exception
	at java.util.concurrent.FutureTask.report(FutureTask.java:122)
	at java.util.concurrent.FutureTask.get(FutureTask.java:192)
	at org.apache.ratis.server.impl.LeaderElection.waitForResults(LeaderElection.java:263)
	at org.apache.ratis.server.impl.LeaderElection.askForVotes(LeaderElection.java:201)
	at org.apache.ratis.server.impl.LeaderElection.run(LeaderElection.java:133)
	at java.lang.Thread.run(Thread.java:748)
Caused by: org.apache.ratis.thirdparty.io.grpc.StatusRuntimeException: UNAVAILABLE: io exception
	at org.apache.ratis.thirdparty.io.grpc.stub.ClientCalls.toStatusRuntimeException(ClientCalls.java:233)
	at org.apache.ratis.thirdparty.io.grpc.stub.ClientCalls.getUnchecked(ClientCalls.java:214)
	at org.apache.ratis.thirdparty.io.grpc.stub.ClientCalls.blockingUnaryCall(ClientCalls.java:139)
	at org.apache.ratis.proto.grpc.RaftServerProtocolServiceGrpc$RaftServerProtocolServiceBlockingStub.requestVote(RaftServerProtocolServiceGrpc.java:265)
	at org.apache.ratis.grpc.server.GrpcServerProtocolClient.requestVote(GrpcServerProtocolClient.java:90)
	at org.apache.ratis.grpc.server.GrpcService.requestVote(GrpcService.java:204)
	at org.apache.ratis.server.impl.LeaderElection.lambda$submitRequests$1(LeaderElection.java:238)
	at java.util.concurrent.FutureTask.run(FutureTask.java:266)
	at java.util.concurrent.Executors$RunnableAdapter.call(Executors.java:511)
	at java.util.concurrent.FutureTask.run(FutureTask.java:266)
	at java.util.concurrent.ThreadPoolExecutor.runWorker(ThreadPoolExecutor.java:1149)
	at java.util.concurrent.ThreadPoolExecutor$Worker.run(ThreadPoolExecutor.java:624)
	... 1 more
Caused by: org.apache.ratis.thirdparty.io.netty.channel.AbstractChannel$AnnotatedConnectException: Connection refused: /192.168.5.182:45540
	at sun.nio.ch.SocketChannelImpl.checkConnect(Native Method)
	at sun.nio.ch.SocketChannelImpl.finishConnect(SocketChannelImpl.java:717)
	at org.apache.ratis.thirdparty.io.netty.channel.socket.nio.NioSocketChannel.doFinishConnect(NioSocketChannel.java:327)
	at org.apache.ratis.thirdparty.io.netty.channel.nio.AbstractNioChannel$AbstractNioUnsafe.finishConnect(AbstractNioChannel.java:340)
	at org.apache.ratis.thirdparty.io.netty.channel.nio.NioEventLoop.processSelectedKey(NioEventLoop.java:632)
	at org.apache.ratis.thirdparty.io.netty.channel.nio.NioEventLoop.processSelectedKeysOptimized(NioEventLoop.java:579)
	at org.apache.ratis.thirdparty.io.netty.channel.nio.NioEventLoop.processSelectedKeys(NioEventLoop.java:496)
	at org.apache.ratis.thirdparty.io.netty.channel.nio.NioEventLoop.run(NioEventLoop.java:458)
	at org.apache.ratis.thirdparty.io.netty.util.concurrent.SingleThreadEventExecutor$5.run(SingleThreadEventExecutor.java:897)
	at org.apache.ratis.thirdparty.io.netty.util.concurrent.FastThreadLocalRunnable.run(FastThreadLocalRunnable.java:30)
	... 1 more
Caused by: java.net.ConnectException: Connection refused
	... 11 more
2019-09-20 00:04:32,378 [Thread-1997] INFO  container.ReplicationManager (ReplicationManager.java:start(162)) - Starting Replication Monitor Thread.
2019-09-20 00:04:32,378 [c63e7fee-7ebf-4ab3-a82c-403b5cf942fc@group-0BC4DF7BF4D9:LeaderElection71] INFO  impl.LeaderElection (LogUtils.java:infoOrTrace(149)) -   Exception 1: {}
java.util.concurrent.ExecutionException: org.apache.ratis.thirdparty.io.grpc.StatusRuntimeException: UNAVAILABLE: io exception
	at java.util.concurrent.FutureTask.report(FutureTask.java:122)
	at java.util.concurrent.FutureTask.get(FutureTask.java:192)
	at org.apache.ratis.server.impl.LeaderElection.waitForResults(LeaderElection.java:263)
	at org.apache.ratis.server.impl.LeaderElection.askForVotes(LeaderElection.java:201)
	at org.apache.ratis.server.impl.LeaderElection.run(LeaderElection.java:133)
	at java.lang.Thread.run(Thread.java:748)
Caused by: org.apache.ratis.thirdparty.io.grpc.StatusRuntimeException: UNAVAILABLE: io exception
	at org.apache.ratis.thirdparty.io.grpc.stub.ClientCalls.toStatusRuntimeException(ClientCalls.java:233)
	at org.apache.ratis.thirdparty.io.grpc.stub.ClientCalls.getUnchecked(ClientCalls.java:214)
	at org.apache.ratis.thirdparty.io.grpc.stub.ClientCalls.blockingUnaryCall(ClientCalls.java:139)
	at org.apache.ratis.proto.grpc.RaftServerProtocolServiceGrpc$RaftServerProtocolServiceBlockingStub.requestVote(RaftServerProtocolServiceGrpc.java:265)
	at org.apache.ratis.grpc.server.GrpcServerProtocolClient.requestVote(GrpcServerProtocolClient.java:90)
	at org.apache.ratis.grpc.server.GrpcService.requestVote(GrpcService.java:204)
	at org.apache.ratis.server.impl.LeaderElection.lambda$submitRequests$1(LeaderElection.java:238)
	at java.util.concurrent.FutureTask.run(FutureTask.java:266)
	at java.util.concurrent.Executors$RunnableAdapter.call(Executors.java:511)
	at java.util.concurrent.FutureTask.run(FutureTask.java:266)
	at java.util.concurrent.ThreadPoolExecutor.runWorker(ThreadPoolExecutor.java:1149)
	at java.util.concurrent.ThreadPoolExecutor$Worker.run(ThreadPoolExecutor.java:624)
	... 1 more
Caused by: org.apache.ratis.thirdparty.io.netty.channel.AbstractChannel$AnnotatedConnectException: Connection refused: /192.168.5.182:35458
	at sun.nio.ch.SocketChannelImpl.checkConnect(Native Method)
	at sun.nio.ch.SocketChannelImpl.finishConnect(SocketChannelImpl.java:717)
	at org.apache.ratis.thirdparty.io.netty.channel.socket.nio.NioSocketChannel.doFinishConnect(NioSocketChannel.java:327)
	at org.apache.ratis.thirdparty.io.netty.channel.nio.AbstractNioChannel$AbstractNioUnsafe.finishConnect(AbstractNioChannel.java:340)
	at org.apache.ratis.thirdparty.io.netty.channel.nio.NioEventLoop.processSelectedKey(NioEventLoop.java:632)
	at org.apache.ratis.thirdparty.io.netty.channel.nio.NioEventLoop.processSelectedKeysOptimized(NioEventLoop.java:579)
	at org.apache.ratis.thirdparty.io.netty.channel.nio.NioEventLoop.processSelectedKeys(NioEventLoop.java:496)
	at org.apache.ratis.thirdparty.io.netty.channel.nio.NioEventLoop.run(NioEventLoop.java:458)
	at org.apache.ratis.thirdparty.io.netty.util.concurrent.SingleThreadEventExecutor$5.run(SingleThreadEventExecutor.java:897)
	at org.apache.ratis.thirdparty.io.netty.util.concurrent.FastThreadLocalRunnable.run(FastThreadLocalRunnable.java:30)
	... 1 more
Caused by: java.net.ConnectException: Connection refused
	... 11 more
2019-09-20 00:04:32,386 [ReplicationMonitor] INFO  container.ReplicationManager (ReplicationManager.java:run(225)) - Replication Monitor Thread took 0 milliseconds for processing 0 containers.
2019-09-20 00:04:32,382 [pool-315-thread-1] INFO  storage.RaftStorageDirectory (RaftStorageDirectory.java:tryLock(328)) - Lock on /workdir/hadoop-ozone/integration-test/target/test-dir/MiniOzoneClusterImpl-d3f2f10e-dfea-4f41-bcae-f8f30acd02f5/datanode-2/data/ratis/6bddab38-7ded-4e84-bc1f-b217d9c59de4/in_use.lock acquired by nodename 22703@pr-hdds-2020-7x4rg-3348829713
2019-09-20 00:04:32,386 [c63e7fee-7ebf-4ab3-a82c-403b5cf942fc@group-0BC4DF7BF4D9:LeaderElection71] INFO  impl.RaftServerImpl (RaftServerImpl.java:setRole(174)) - c63e7fee-7ebf-4ab3-a82c-403b5cf942fc@group-0BC4DF7BF4D9: changes role from CANDIDATE to FOLLOWER at term 11 for DISCOVERED_A_NEW_TERM
2019-09-20 00:04:32,387 [c63e7fee-7ebf-4ab3-a82c-403b5cf942fc@group-0BC4DF7BF4D9:LeaderElection71] INFO  impl.RoleInfo (RoleInfo.java:shutdownLeaderElection(134)) - c63e7fee-7ebf-4ab3-a82c-403b5cf942fc: shutdown LeaderElection
2019-09-20 00:04:32,387 [c63e7fee-7ebf-4ab3-a82c-403b5cf942fc@group-0BC4DF7BF4D9:LeaderElection71] INFO  impl.RoleInfo (RoleInfo.java:updateAndGet(143)) - c63e7fee-7ebf-4ab3-a82c-403b5cf942fc: start FollowerState
2019-09-20 00:04:32,396 [RATISCREATEPIPELINE1] ERROR pipeline.RatisPipelineProvider (RatisPipelineProvider.java:lambda$null$5(235)) - Failed invoke Ratis rpc org.apache.hadoop.hdds.scm.pipeline.RatisPipelineProvider$$Lambda$200/625576800@6f5118bf for bec4b975-0b69-4b52-a49c-deefd7c86fbc
org.apache.ratis.protocol.TimeoutIOException: deadline exceeded after 2999597295ns
	at org.apache.ratis.grpc.GrpcUtil.tryUnwrapException(GrpcUtil.java:82)
	at org.apache.ratis.grpc.GrpcUtil.unwrapException(GrpcUtil.java:75)
	at org.apache.ratis.grpc.client.GrpcClientProtocolClient.blockingCall(GrpcClientProtocolClient.java:178)
	at org.apache.ratis.grpc.client.GrpcClientProtocolClient.groupAdd(GrpcClientProtocolClient.java:147)
	at org.apache.ratis.grpc.client.GrpcClientRpc.sendRequest(GrpcClientRpc.java:94)
	at org.apache.ratis.client.impl.RaftClientImpl.sendRequest(RaftClientImpl.java:278)
	at org.apache.ratis.client.impl.RaftClientImpl.groupAdd(RaftClientImpl.java:205)
	at org.apache.hadoop.hdds.scm.pipeline.RatisPipelineProvider.lambda$initializePipeline$4(RatisPipelineProvider.java:196)
	at org.apache.hadoop.hdds.scm.pipeline.RatisPipelineProvider.lambda$null$5(RatisPipelineProvider.java:231)
	at java.util.stream.ForEachOps$ForEachOp$OfRef.accept(ForEachOps.java:184)
	at java.util.ArrayList$ArrayListSpliterator.forEachRemaining(ArrayList.java:1382)
	at java.util.stream.AbstractPipeline.copyInto(AbstractPipeline.java:482)
	at java.util.stream.ForEachOps$ForEachTask.compute(ForEachOps.java:291)
	at java.util.concurrent.CountedCompleter.exec(CountedCompleter.java:731)
	at java.util.concurrent.ForkJoinTask.doExec(ForkJoinTask.java:289)
	at java.util.concurrent.ForkJoinTask.doInvoke(ForkJoinTask.java:401)
	at java.util.concurrent.ForkJoinTask.invoke(ForkJoinTask.java:734)
	at java.util.stream.ForEachOps$ForEachOp.evaluateParallel(ForEachOps.java:160)
	at java.util.stream.ForEachOps$ForEachOp$OfRef.evaluateParallel(ForEachOps.java:174)
	at java.util.stream.AbstractPipeline.evaluate(AbstractPipeline.java:233)
	at java.util.stream.ReferencePipeline.forEach(ReferencePipeline.java:418)
	at java.util.stream.ReferencePipeline$Head.forEach(ReferencePipeline.java:583)
	at org.apache.hadoop.hdds.scm.pipeline.RatisPipelineProvider.lambda$callRatisRpc$6(RatisPipelineProvider.java:225)
	at java.util.concurrent.ForkJoinTask$AdaptedRunnableAction.exec(ForkJoinTask.java:1386)
	at java.util.concurrent.ForkJoinTask.doExec(ForkJoinTask.java:289)
	at java.util.concurrent.ForkJoinPool$WorkQueue.runTask(ForkJoinPool.java:1056)
	at java.util.concurrent.ForkJoinPool.runWorker(ForkJoinPool.java:1692)
	at java.util.concurrent.ForkJoinWorkerThread.run(ForkJoinWorkerThread.java:157)
Caused by: org.apache.ratis.thirdparty.io.grpc.StatusRuntimeException: DEADLINE_EXCEEDED: deadline exceeded after 2999597295ns
	at org.apache.ratis.thirdparty.io.grpc.stub.ClientCalls.toStatusRuntimeException(ClientCalls.java:233)
	at org.apache.ratis.thirdparty.io.grpc.stub.ClientCalls.getUnchecked(ClientCalls.java:214)
	at org.apache.ratis.thirdparty.io.grpc.stub.ClientCalls.blockingUnaryCall(ClientCalls.java:139)
	at org.apache.ratis.proto.grpc.AdminProtocolServiceGrpc$AdminProtocolServiceBlockingStub.groupManagement(AdminProtocolServiceGrpc.java:274)
	at org.apache.ratis.grpc.client.GrpcClientProtocolClient.lambda$groupAdd$3(GrpcClientProtocolClient.java:149)
	at org.apache.ratis.grpc.client.GrpcClientProtocolClient.blockingCall(GrpcClientProtocolClient.java:176)
	... 25 more
2019-09-20 00:04:32,413 [grpc-default-executor-3] INFO  impl.RaftServerProxy (RaftServerProxy.java:addNew(89)) - 382b0250-a1aa-40f3-882d-cd7fb29de27f: addNew group-4DF5A04227EE:[382b0250-a1aa-40f3-882d-cd7fb29de27f:192.168.5.182:40829, f3b156d7-7eb6-46eb-bb34-4a82b6f9f404:192.168.5.182:33815, 3d170688-536a-4a66-a9c9-289315ef27c2:192.168.5.182:32785] returns group-4DF5A04227EE:java.util.concurrent.CompletableFuture@3a573ef7[Not completed]
2019-09-20 00:04:32,413 [grpc-default-executor-6] INFO  impl.RaftServerProxy (RaftServerProxy.java:addNew(89)) - 3d170688-536a-4a66-a9c9-289315ef27c2: addNew group-4DF5A04227EE:[382b0250-a1aa-40f3-882d-cd7fb29de27f:192.168.5.182:40829, f3b156d7-7eb6-46eb-bb34-4a82b6f9f404:192.168.5.182:33815, 3d170688-536a-4a66-a9c9-289315ef27c2:192.168.5.182:32785] returns group-4DF5A04227EE:java.util.concurrent.CompletableFuture@2f7cd7fd[Not completed]
2019-09-20 00:04:32,413 [grpc-default-executor-1] INFO  impl.RaftServerProxy (RaftServerProxy.java:addNew(89)) - f3b156d7-7eb6-46eb-bb34-4a82b6f9f404: addNew group-4DF5A04227EE:[382b0250-a1aa-40f3-882d-cd7fb29de27f:192.168.5.182:40829, f3b156d7-7eb6-46eb-bb34-4a82b6f9f404:192.168.5.182:33815, 3d170688-536a-4a66-a9c9-289315ef27c2:192.168.5.182:32785] returns group-4DF5A04227EE:java.util.concurrent.CompletableFuture@683d7a26[Not completed]
2019-09-20 00:04:32,414 [pool-305-thread-1] INFO  impl.RaftServerImpl (RaftServerImpl.java:<init>(95)) - 382b0250-a1aa-40f3-882d-cd7fb29de27f: new RaftServerImpl for group-4DF5A04227EE:[382b0250-a1aa-40f3-882d-cd7fb29de27f:192.168.5.182:40829, f3b156d7-7eb6-46eb-bb34-4a82b6f9f404:192.168.5.182:33815, 3d170688-536a-4a66-a9c9-289315ef27c2:192.168.5.182:32785] with ContainerStateMachine:uninitialized
2019-09-20 00:04:32,414 [pool-305-thread-1] INFO  server.RaftServerConfigKeys (ConfUtils.java:logGet(43)) - raft.server.rpc.timeout.min = 5s (custom)
2019-09-20 00:04:32,415 [pool-305-thread-1] INFO  server.RaftServerConfigKeys (ConfUtils.java:logGet(43)) - raft.server.rpc.timeout.max = 5200ms (custom)
2019-09-20 00:04:32,415 [pool-305-thread-1] INFO  server.RaftServerConfigKeys (ConfUtils.java:logGet(43)) - raft.server.rpcslowness.timeout = 120s (custom)
2019-09-20 00:04:32,415 [pool-305-thread-1] INFO  server.RaftServerConfigKeys (ConfUtils.java:logGet(43)) - raft.server.sleep.deviation.threshold = 300 (default)
2019-09-20 00:04:32,415 [pool-305-thread-1] INFO  server.RaftServerConfigKeys (ConfUtils.java:logGet(43)) - raft.server.log.appender.install.snapshot.enabled = false (custom)
2019-09-20 00:04:32,415 [pool-305-thread-1] INFO  impl.RaftServerImpl (ServerState.java:<init>(103)) - 382b0250-a1aa-40f3-882d-cd7fb29de27f@group-4DF5A04227EE: ConfigurationManager, init=-1: [382b0250-a1aa-40f3-882d-cd7fb29de27f:192.168.5.182:40829, f3b156d7-7eb6-46eb-bb34-4a82b6f9f404:192.168.5.182:33815, 3d170688-536a-4a66-a9c9-289315ef27c2:192.168.5.182:32785], old=null, confs=<EMPTY_MAP>
2019-09-20 00:04:32,415 [pool-355-thread-1] INFO  impl.RaftServerImpl (RaftServerImpl.java:<init>(95)) - f3b156d7-7eb6-46eb-bb34-4a82b6f9f404: new RaftServerImpl for group-4DF5A04227EE:[382b0250-a1aa-40f3-882d-cd7fb29de27f:192.168.5.182:40829, f3b156d7-7eb6-46eb-bb34-4a82b6f9f404:192.168.5.182:33815, 3d170688-536a-4a66-a9c9-289315ef27c2:192.168.5.182:32785] with ContainerStateMachine:uninitialized
2019-09-20 00:04:32,415 [pool-305-thread-1] INFO  server.RaftServerConfigKeys (ConfUtils.java:logGet(43)) - raft.server.storage.dir = [/workdir/hadoop-ozone/integration-test/target/test-dir/MiniOzoneClusterImpl-d3f2f10e-dfea-4f41-bcae-f8f30acd02f5/datanode-1/data/ratis] (custom)
2019-09-20 00:04:32,416 [pool-355-thread-1] INFO  server.RaftServerConfigKeys (ConfUtils.java:logGet(43)) - raft.server.rpc.timeout.min = 5s (custom)
2019-09-20 00:04:32,416 [pool-355-thread-1] INFO  server.RaftServerConfigKeys (ConfUtils.java:logGet(43)) - raft.server.rpc.timeout.max = 5200ms (custom)
2019-09-20 00:04:32,416 [pool-305-thread-1] INFO  storage.RaftStorageDirectory (RaftStorageDirectory.java:analyzeStorage(246)) - The storage directory /workdir/hadoop-ozone/integration-test/target/test-dir/MiniOzoneClusterImpl-d3f2f10e-dfea-4f41-bcae-f8f30acd02f5/datanode-1/data/ratis/c9a34542-f0d8-4bb9-9c92-4df5a04227ee does not exist. Creating ...
2019-09-20 00:04:32,416 [pool-355-thread-1] INFO  server.RaftServerConfigKeys (ConfUtils.java:logGet(43)) - raft.server.rpcslowness.timeout = 120s (custom)
2019-09-20 00:04:32,416 [pool-355-thread-1] INFO  server.RaftServerConfigKeys (ConfUtils.java:logGet(43)) - raft.server.sleep.deviation.threshold = 300 (default)
2019-09-20 00:04:32,416 [pool-355-thread-1] INFO  server.RaftServerConfigKeys (ConfUtils.java:logGet(43)) - raft.server.log.appender.install.snapshot.enabled = false (custom)
2019-09-20 00:04:32,417 [pool-325-thread-1] INFO  impl.RaftServerImpl (RaftServerImpl.java:<init>(95)) - 3d170688-536a-4a66-a9c9-289315ef27c2: new RaftServerImpl for group-4DF5A04227EE:[382b0250-a1aa-40f3-882d-cd7fb29de27f:192.168.5.182:40829, f3b156d7-7eb6-46eb-bb34-4a82b6f9f404:192.168.5.182:33815, 3d170688-536a-4a66-a9c9-289315ef27c2:192.168.5.182:32785] with ContainerStateMachine:uninitialized
2019-09-20 00:04:32,417 [pool-355-thread-1] INFO  impl.RaftServerImpl (ServerState.java:<init>(103)) - f3b156d7-7eb6-46eb-bb34-4a82b6f9f404@group-4DF5A04227EE: ConfigurationManager, init=-1: [382b0250-a1aa-40f3-882d-cd7fb29de27f:192.168.5.182:40829, f3b156d7-7eb6-46eb-bb34-4a82b6f9f404:192.168.5.182:33815, 3d170688-536a-4a66-a9c9-289315ef27c2:192.168.5.182:32785], old=null, confs=<EMPTY_MAP>
2019-09-20 00:04:32,417 [pool-325-thread-1] INFO  server.RaftServerConfigKeys (ConfUtils.java:logGet(43)) - raft.server.rpc.timeout.min = 5s (custom)
2019-09-20 00:04:32,417 [pool-355-thread-1] INFO  server.RaftServerConfigKeys (ConfUtils.java:logGet(43)) - raft.server.storage.dir = [/workdir/hadoop-ozone/integration-test/target/test-dir/MiniOzoneClusterImpl-d3f2f10e-dfea-4f41-bcae-f8f30acd02f5/datanode-6/data/ratis] (custom)
2019-09-20 00:04:32,417 [pool-325-thread-1] INFO  server.RaftServerConfigKeys (ConfUtils.java:logGet(43)) - raft.server.rpc.timeout.max = 5200ms (custom)
2019-09-20 00:04:32,418 [pool-325-thread-1] INFO  server.RaftServerConfigKeys (ConfUtils.java:logGet(43)) - raft.server.rpcslowness.timeout = 120s (custom)
2019-09-20 00:04:32,418 [pool-355-thread-1] INFO  storage.RaftStorageDirectory (RaftStorageDirectory.java:analyzeStorage(246)) - The storage directory /workdir/hadoop-ozone/integration-test/target/test-dir/MiniOzoneClusterImpl-d3f2f10e-dfea-4f41-bcae-f8f30acd02f5/datanode-6/data/ratis/c9a34542-f0d8-4bb9-9c92-4df5a04227ee does not exist. Creating ...
2019-09-20 00:04:32,418 [pool-325-thread-1] INFO  server.RaftServerConfigKeys (ConfUtils.java:logGet(43)) - raft.server.sleep.deviation.threshold = 300 (default)
2019-09-20 00:04:32,418 [pool-325-thread-1] INFO  server.RaftServerConfigKeys (ConfUtils.java:logGet(43)) - raft.server.log.appender.install.snapshot.enabled = false (custom)
2019-09-20 00:04:32,418 [pool-325-thread-1] INFO  impl.RaftServerImpl (ServerState.java:<init>(103)) - 3d170688-536a-4a66-a9c9-289315ef27c2@group-4DF5A04227EE: ConfigurationManager, init=-1: [382b0250-a1aa-40f3-882d-cd7fb29de27f:192.168.5.182:40829, f3b156d7-7eb6-46eb-bb34-4a82b6f9f404:192.168.5.182:33815, 3d170688-536a-4a66-a9c9-289315ef27c2:192.168.5.182:32785], old=null, confs=<EMPTY_MAP>
2019-09-20 00:04:32,419 [pool-325-thread-1] INFO  server.RaftServerConfigKeys (ConfUtils.java:logGet(43)) - raft.server.storage.dir = [/workdir/hadoop-ozone/integration-test/target/test-dir/MiniOzoneClusterImpl-d3f2f10e-dfea-4f41-bcae-f8f30acd02f5/datanode-3/data/ratis] (custom)
2019-09-20 00:04:32,419 [pool-325-thread-1] INFO  storage.RaftStorageDirectory (RaftStorageDirectory.java:analyzeStorage(246)) - The storage directory /workdir/hadoop-ozone/integration-test/target/test-dir/MiniOzoneClusterImpl-d3f2f10e-dfea-4f41-bcae-f8f30acd02f5/datanode-3/data/ratis/c9a34542-f0d8-4bb9-9c92-4df5a04227ee does not exist. Creating ...
2019-09-20 00:04:32,720 [main] INFO  ozone.MiniOzoneClusterImpl (MiniOzoneClusterImpl.java:lambda$waitForClusterToBeReady$0(145)) - Cluster is ready. Got 7 of 7 DN Heartbeats.
2019-09-20 00:04:32,804 [main] INFO  rpc.RpcClient (RpcClient.java:createVolume(276)) - Creating Volume: watchforcommithandlingtest, with jenkins1000 as owner.
2019-09-20 00:04:32,810 [IPC Server handler 1 on 39587] INFO  volume.OMVolumeCreateRequest (OMVolumeCreateRequest.java:validateAndUpdateCache(189)) - created volume:watchforcommithandlingtest for user:jenkins1000
2019-09-20 00:04:32,901 [main] INFO  rpc.RpcClient (RpcClient.java:createBucket(415)) - Creating Bucket: watchforcommithandlingtest/watchforcommithandlingtest, with Versioning false and Storage Type set to DISK and Encryption set to false 
2019-09-20 00:04:32,909 [main] INFO  ozone.MiniOzoneClusterImpl (MiniOzoneClusterImpl.java:getStorageContainerLocationClient(232)) - Creating StorageContainerLocationProtocol RPC client with address /0.0.0.0:33214
2019-09-20 00:04:34,183 [pool-315-thread-1] INFO  storage.RaftStorage (RaftStorage.java:format(72)) - Storage directory /workdir/hadoop-ozone/integration-test/target/test-dir/MiniOzoneClusterImpl-d3f2f10e-dfea-4f41-bcae-f8f30acd02f5/datanode-2/data/ratis/6bddab38-7ded-4e84-bc1f-b217d9c59de4 has been successfully formatted.
2019-09-20 00:04:34,184 [pool-315-thread-1] INFO  ratis.ContainerStateMachine (ContainerStateMachine.java:loadSnapshot(230)) - group-B217D9C59DE4: The snapshot info is null. Setting the last applied indexto:(t:0, i:~)
2019-09-20 00:04:34,184 [pool-315-thread-1] INFO  server.RaftServerConfigKeys (ConfUtils.java:logGet(43)) - raft.server.notification.no-leader.timeout = 120s (custom)
2019-09-20 00:04:34,184 [pool-315-thread-1] INFO  server.RaftServerConfigKeys (ConfUtils.java:logGet(43)) - raft.server.log.use.memory = false (default)
2019-09-20 00:04:34,184 [pool-315-thread-1] INFO  server.RaftServerConfigKeys (ConfUtils.java:logGet(43)) - raft.server.log.purge.gap = 1000000 (custom)
2019-09-20 00:04:34,185 [pool-315-thread-1] INFO  server.RaftServerConfigKeys (ConfUtils.java:logGet(43)) - raft.server.log.appender.buffer.byte-limit = 33554432 (custom)
2019-09-20 00:04:34,185 [pool-315-thread-1] INFO  server.RaftServerConfigKeys (ConfUtils.java:logGet(43)) - raft.server.log.segment.size.max = 1048576 (custom)
2019-09-20 00:04:34,185 [pool-315-thread-1] INFO  server.RaftServerConfigKeys (ConfUtils.java:logGet(43)) - raft.server.log.segment.cache.num.max = 2 (custom)
2019-09-20 00:04:34,185 [pool-315-thread-1] INFO  segmented.SegmentedRaftLogWorker (SegmentedRaftLogWorker.java:<init>(172)) - new bec4b975-0b69-4b52-a49c-deefd7c86fbc@group-B217D9C59DE4-SegmentedRaftLogWorker for RaftStorage:Storage Directory /workdir/hadoop-ozone/integration-test/target/test-dir/MiniOzoneClusterImpl-d3f2f10e-dfea-4f41-bcae-f8f30acd02f5/datanode-2/data/ratis/6bddab38-7ded-4e84-bc1f-b217d9c59de4
2019-09-20 00:04:34,187 [pool-315-thread-1] INFO  server.RaftServerConfigKeys (ConfUtils.java:logGet(43)) - raft.server.log.queue.byte-limit = 2147483647 (custom)
2019-09-20 00:04:34,187 [pool-315-thread-1] INFO  server.RaftServerConfigKeys (ConfUtils.java:logGet(43)) - raft.server.log.queue.element-limit = 1024 (custom)
2019-09-20 00:04:34,188 [pool-315-thread-1] INFO  server.RaftServerConfigKeys (ConfUtils.java:logGet(43)) - raft.server.log.segment.size.max = 1048576 (custom)
2019-09-20 00:04:34,188 [pool-315-thread-1] INFO  server.RaftServerConfigKeys (ConfUtils.java:logGet(43)) - raft.server.log.preallocated.size = 16384 (custom)
2019-09-20 00:04:34,188 [pool-315-thread-1] INFO  server.RaftServerConfigKeys (ConfUtils.java:logGet(43)) - raft.server.log.write.buffer.size = 33554432 (custom)
2019-09-20 00:04:34,188 [pool-315-thread-1] INFO  server.RaftServerConfigKeys (ConfUtils.java:logGet(43)) - raft.server.log.force.sync.num = 128 (default)
2019-09-20 00:04:34,188 [pool-315-thread-1] INFO  server.RaftServerConfigKeys (ConfUtils.java:logGet(43)) - raft.server.log.statemachine.data.sync = true (default)
2019-09-20 00:04:34,188 [pool-315-thread-1] INFO  server.RaftServerConfigKeys (ConfUtils.java:logGet(43)) - raft.server.log.statemachine.data.sync.timeout = 10s (default)
2019-09-20 00:04:34,188 [pool-315-thread-1] INFO  server.RaftServerConfigKeys (ConfUtils.java:logGet(43)) - raft.server.log.statemachine.data.sync.timeout.retry = -1 (default)
2019-09-20 00:04:34,189 [pool-315-thread-1] INFO  server.RaftServerConfigKeys (ConfUtils.java:logGet(43)) - raft.server.log.statemachine.data.caching.enabled = true (custom)
2019-09-20 00:04:34,189 [pool-315-thread-1] INFO  segmented.SegmentedRaftLogWorker (SegmentedRaftLogWorker.java:lambda$new$0(132)) - bec4b975-0b69-4b52-a49c-deefd7c86fbc@group-B217D9C59DE4-SegmentedRaftLogWorker: flushIndex: setUnconditionally 0 -> -1
2019-09-20 00:04:34,189 [pool-315-thread-1] INFO  server.RaftServerConfigKeys (ConfUtils.java:logGet(43)) - raft.server.snapshot.auto.trigger.enabled = true (custom)
2019-09-20 00:04:34,190 [pool-315-thread-1] INFO  server.RaftServerConfigKeys (ConfUtils.java:logGet(43)) - raft.server.snapshot.auto.trigger.threshold = 10000 (custom)
2019-09-20 00:04:34,190 [pool-315-thread-1] INFO  server.RaftServerConfigKeys (ConfUtils.java:logGet(43)) - raft.server.snapshot.retention.num.files = 5 (custom)
2019-09-20 00:04:34,190 [pool-315-thread-1] INFO  server.RaftServerConfigKeys (ConfUtils.java:logGet(43)) - raft.server.retrycache.expirytime = 600000ms (custom)
2019-09-20 00:04:34,192 [pool-315-thread-1] INFO  impl.RaftServerImpl (RaftServerImpl.java:start(185)) - bec4b975-0b69-4b52-a49c-deefd7c86fbc@group-B217D9C59DE4: start as a follower, conf=-1: [bec4b975-0b69-4b52-a49c-deefd7c86fbc:192.168.5.182:45882], old=null
2019-09-20 00:04:34,192 [pool-315-thread-1] INFO  impl.RaftServerImpl (RaftServerImpl.java:setRole(174)) - bec4b975-0b69-4b52-a49c-deefd7c86fbc@group-B217D9C59DE4: changes role from      null to FOLLOWER at term 0 for startAsFollower
2019-09-20 00:04:34,192 [pool-315-thread-1] INFO  impl.RoleInfo (RoleInfo.java:updateAndGet(143)) - bec4b975-0b69-4b52-a49c-deefd7c86fbc: start FollowerState
2019-09-20 00:04:34,192 [pool-315-thread-1] INFO  util.JmxRegister (JmxRegister.java:tryRegister(44)) - Successfully registered JMX Bean with object name Ratis:service=RaftServer,group=group-B217D9C59DE4,id=bec4b975-0b69-4b52-a49c-deefd7c86fbc
2019-09-20 00:04:34,227 [pool-305-thread-1] INFO  storage.RaftStorageDirectory (RaftStorageDirectory.java:tryLock(328)) - Lock on /workdir/hadoop-ozone/integration-test/target/test-dir/MiniOzoneClusterImpl-d3f2f10e-dfea-4f41-bcae-f8f30acd02f5/datanode-1/data/ratis/c9a34542-f0d8-4bb9-9c92-4df5a04227ee/in_use.lock acquired by nodename 22703@pr-hdds-2020-7x4rg-3348829713
2019-09-20 00:04:34,227 [pool-325-thread-1] INFO  storage.RaftStorageDirectory (RaftStorageDirectory.java:tryLock(328)) - Lock on /workdir/hadoop-ozone/integration-test/target/test-dir/MiniOzoneClusterImpl-d3f2f10e-dfea-4f41-bcae-f8f30acd02f5/datanode-3/data/ratis/c9a34542-f0d8-4bb9-9c92-4df5a04227ee/in_use.lock acquired by nodename 22703@pr-hdds-2020-7x4rg-3348829713
2019-09-20 00:04:34,227 [pool-355-thread-1] INFO  storage.RaftStorageDirectory (RaftStorageDirectory.java:tryLock(328)) - Lock on /workdir/hadoop-ozone/integration-test/target/test-dir/MiniOzoneClusterImpl-d3f2f10e-dfea-4f41-bcae-f8f30acd02f5/datanode-6/data/ratis/c9a34542-f0d8-4bb9-9c92-4df5a04227ee/in_use.lock acquired by nodename 22703@pr-hdds-2020-7x4rg-3348829713
2019-09-20 00:04:34,318 [pool-305-thread-1] INFO  storage.RaftStorage (RaftStorage.java:format(72)) - Storage directory /workdir/hadoop-ozone/integration-test/target/test-dir/MiniOzoneClusterImpl-d3f2f10e-dfea-4f41-bcae-f8f30acd02f5/datanode-1/data/ratis/c9a34542-f0d8-4bb9-9c92-4df5a04227ee has been successfully formatted.
2019-09-20 00:04:34,318 [pool-325-thread-1] INFO  storage.RaftStorage (RaftStorage.java:format(72)) - Storage directory /workdir/hadoop-ozone/integration-test/target/test-dir/MiniOzoneClusterImpl-d3f2f10e-dfea-4f41-bcae-f8f30acd02f5/datanode-3/data/ratis/c9a34542-f0d8-4bb9-9c92-4df5a04227ee has been successfully formatted.
2019-09-20 00:04:34,318 [pool-355-thread-1] INFO  storage.RaftStorage (RaftStorage.java:format(72)) - Storage directory /workdir/hadoop-ozone/integration-test/target/test-dir/MiniOzoneClusterImpl-d3f2f10e-dfea-4f41-bcae-f8f30acd02f5/datanode-6/data/ratis/c9a34542-f0d8-4bb9-9c92-4df5a04227ee has been successfully formatted.
2019-09-20 00:04:34,319 [pool-305-thread-1] INFO  ratis.ContainerStateMachine (ContainerStateMachine.java:loadSnapshot(230)) - group-4DF5A04227EE: The snapshot info is null. Setting the last applied indexto:(t:0, i:~)
2019-09-20 00:04:34,319 [pool-355-thread-1] INFO  ratis.ContainerStateMachine (ContainerStateMachine.java:loadSnapshot(230)) - group-4DF5A04227EE: The snapshot info is null. Setting the last applied indexto:(t:0, i:~)
2019-09-20 00:04:34,319 [pool-325-thread-1] INFO  ratis.ContainerStateMachine (ContainerStateMachine.java:loadSnapshot(230)) - group-4DF5A04227EE: The snapshot info is null. Setting the last applied indexto:(t:0, i:~)
2019-09-20 00:04:34,319 [pool-355-thread-1] INFO  server.RaftServerConfigKeys (ConfUtils.java:logGet(43)) - raft.server.notification.no-leader.timeout = 120s (custom)
2019-09-20 00:04:34,319 [pool-305-thread-1] INFO  server.RaftServerConfigKeys (ConfUtils.java:logGet(43)) - raft.server.notification.no-leader.timeout = 120s (custom)
2019-09-20 00:04:34,319 [pool-355-thread-1] INFO  server.RaftServerConfigKeys (ConfUtils.java:logGet(43)) - raft.server.log.use.memory = false (default)
2019-09-20 00:04:34,319 [pool-325-thread-1] INFO  server.RaftServerConfigKeys (ConfUtils.java:logGet(43)) - raft.server.notification.no-leader.timeout = 120s (custom)
2019-09-20 00:04:34,319 [pool-355-thread-1] INFO  server.RaftServerConfigKeys (ConfUtils.java:logGet(43)) - raft.server.log.purge.gap = 1000000 (custom)
2019-09-20 00:04:34,319 [pool-305-thread-1] INFO  server.RaftServerConfigKeys (ConfUtils.java:logGet(43)) - raft.server.log.use.memory = false (default)
2019-09-20 00:04:34,320 [pool-355-thread-1] INFO  server.RaftServerConfigKeys (ConfUtils.java:logGet(43)) - raft.server.log.appender.buffer.byte-limit = 33554432 (custom)
2019-09-20 00:04:34,320 [pool-325-thread-1] INFO  server.RaftServerConfigKeys (ConfUtils.java:logGet(43)) - raft.server.log.use.memory = false (default)
2019-09-20 00:04:34,320 [pool-355-thread-1] INFO  server.RaftServerConfigKeys (ConfUtils.java:logGet(43)) - raft.server.log.segment.size.max = 1048576 (custom)
2019-09-20 00:04:34,320 [pool-305-thread-1] INFO  server.RaftServerConfigKeys (ConfUtils.java:logGet(43)) - raft.server.log.purge.gap = 1000000 (custom)
2019-09-20 00:04:34,320 [pool-305-thread-1] INFO  server.RaftServerConfigKeys (ConfUtils.java:logGet(43)) - raft.server.log.appender.buffer.byte-limit = 33554432 (custom)
2019-09-20 00:04:34,320 [pool-355-thread-1] INFO  server.RaftServerConfigKeys (ConfUtils.java:logGet(43)) - raft.server.log.segment.cache.num.max = 2 (custom)
2019-09-20 00:04:34,320 [pool-325-thread-1] INFO  server.RaftServerConfigKeys (ConfUtils.java:logGet(43)) - raft.server.log.purge.gap = 1000000 (custom)
2019-09-20 00:04:34,320 [pool-355-thread-1] INFO  segmented.SegmentedRaftLogWorker (SegmentedRaftLogWorker.java:<init>(172)) - new f3b156d7-7eb6-46eb-bb34-4a82b6f9f404@group-4DF5A04227EE-SegmentedRaftLogWorker for RaftStorage:Storage Directory /workdir/hadoop-ozone/integration-test/target/test-dir/MiniOzoneClusterImpl-d3f2f10e-dfea-4f41-bcae-f8f30acd02f5/datanode-6/data/ratis/c9a34542-f0d8-4bb9-9c92-4df5a04227ee
2019-09-20 00:04:34,320 [pool-305-thread-1] INFO  server.RaftServerConfigKeys (ConfUtils.java:logGet(43)) - raft.server.log.segment.size.max = 1048576 (custom)
2019-09-20 00:04:34,320 [pool-325-thread-1] INFO  server.RaftServerConfigKeys (ConfUtils.java:logGet(43)) - raft.server.log.appender.buffer.byte-limit = 33554432 (custom)
2019-09-20 00:04:34,321 [pool-305-thread-1] INFO  server.RaftServerConfigKeys (ConfUtils.java:logGet(43)) - raft.server.log.segment.cache.num.max = 2 (custom)
2019-09-20 00:04:34,321 [pool-325-thread-1] INFO  server.RaftServerConfigKeys (ConfUtils.java:logGet(43)) - raft.server.log.segment.size.max = 1048576 (custom)
2019-09-20 00:04:34,321 [pool-305-thread-1] INFO  segmented.SegmentedRaftLogWorker (SegmentedRaftLogWorker.java:<init>(172)) - new 382b0250-a1aa-40f3-882d-cd7fb29de27f@group-4DF5A04227EE-SegmentedRaftLogWorker for RaftStorage:Storage Directory /workdir/hadoop-ozone/integration-test/target/test-dir/MiniOzoneClusterImpl-d3f2f10e-dfea-4f41-bcae-f8f30acd02f5/datanode-1/data/ratis/c9a34542-f0d8-4bb9-9c92-4df5a04227ee
2019-09-20 00:04:34,321 [pool-325-thread-1] INFO  server.RaftServerConfigKeys (ConfUtils.java:logGet(43)) - raft.server.log.segment.cache.num.max = 2 (custom)
2019-09-20 00:04:34,321 [pool-325-thread-1] INFO  segmented.SegmentedRaftLogWorker (SegmentedRaftLogWorker.java:<init>(172)) - new 3d170688-536a-4a66-a9c9-289315ef27c2@group-4DF5A04227EE-SegmentedRaftLogWorker for RaftStorage:Storage Directory /workdir/hadoop-ozone/integration-test/target/test-dir/MiniOzoneClusterImpl-d3f2f10e-dfea-4f41-bcae-f8f30acd02f5/datanode-3/data/ratis/c9a34542-f0d8-4bb9-9c92-4df5a04227ee
2019-09-20 00:04:34,323 [pool-355-thread-1] INFO  server.RaftServerConfigKeys (ConfUtils.java:logGet(43)) - raft.server.log.queue.byte-limit = 2147483647 (custom)
2019-09-20 00:04:34,323 [pool-355-thread-1] INFO  server.RaftServerConfigKeys (ConfUtils.java:logGet(43)) - raft.server.log.queue.element-limit = 1024 (custom)
2019-09-20 00:04:34,323 [pool-355-thread-1] INFO  server.RaftServerConfigKeys (ConfUtils.java:logGet(43)) - raft.server.log.segment.size.max = 1048576 (custom)
2019-09-20 00:04:34,323 [pool-355-thread-1] INFO  server.RaftServerConfigKeys (ConfUtils.java:logGet(43)) - raft.server.log.preallocated.size = 16384 (custom)
2019-09-20 00:04:34,323 [pool-355-thread-1] INFO  server.RaftServerConfigKeys (ConfUtils.java:logGet(43)) - raft.server.log.write.buffer.size = 33554432 (custom)
2019-09-20 00:04:34,323 [pool-355-thread-1] INFO  server.RaftServerConfigKeys (ConfUtils.java:logGet(43)) - raft.server.log.force.sync.num = 128 (default)
2019-09-20 00:04:34,324 [pool-355-thread-1] INFO  server.RaftServerConfigKeys (ConfUtils.java:logGet(43)) - raft.server.log.statemachine.data.sync = true (default)
2019-09-20 00:04:34,324 [pool-355-thread-1] INFO  server.RaftServerConfigKeys (ConfUtils.java:logGet(43)) - raft.server.log.statemachine.data.sync.timeout = 10s (default)
2019-09-20 00:04:34,324 [pool-355-thread-1] INFO  server.RaftServerConfigKeys (ConfUtils.java:logGet(43)) - raft.server.log.statemachine.data.sync.timeout.retry = -1 (default)
2019-09-20 00:04:34,324 [pool-305-thread-1] INFO  server.RaftServerConfigKeys (ConfUtils.java:logGet(43)) - raft.server.log.queue.byte-limit = 2147483647 (custom)
2019-09-20 00:04:34,324 [pool-355-thread-1] INFO  server.RaftServerConfigKeys (ConfUtils.java:logGet(43)) - raft.server.log.statemachine.data.caching.enabled = true (custom)
2019-09-20 00:04:34,324 [pool-305-thread-1] INFO  server.RaftServerConfigKeys (ConfUtils.java:logGet(43)) - raft.server.log.queue.element-limit = 1024 (custom)
2019-09-20 00:04:34,324 [pool-305-thread-1] INFO  server.RaftServerConfigKeys (ConfUtils.java:logGet(43)) - raft.server.log.segment.size.max = 1048576 (custom)
2019-09-20 00:04:34,324 [pool-325-thread-1] INFO  server.RaftServerConfigKeys (ConfUtils.java:logGet(43)) - raft.server.log.queue.byte-limit = 2147483647 (custom)
2019-09-20 00:04:34,324 [pool-355-thread-1] INFO  segmented.SegmentedRaftLogWorker (SegmentedRaftLogWorker.java:lambda$new$0(132)) - f3b156d7-7eb6-46eb-bb34-4a82b6f9f404@group-4DF5A04227EE-SegmentedRaftLogWorker: flushIndex: setUnconditionally 0 -> -1
2019-09-20 00:04:34,324 [pool-325-thread-1] INFO  server.RaftServerConfigKeys (ConfUtils.java:logGet(43)) - raft.server.log.queue.element-limit = 1024 (custom)
2019-09-20 00:04:34,324 [pool-305-thread-1] INFO  server.RaftServerConfigKeys (ConfUtils.java:logGet(43)) - raft.server.log.preallocated.size = 16384 (custom)
2019-09-20 00:04:34,325 [pool-325-thread-1] INFO  server.RaftServerConfigKeys (ConfUtils.java:logGet(43)) - raft.server.log.segment.size.max = 1048576 (custom)
2019-09-20 00:04:34,325 [pool-355-thread-1] INFO  server.RaftServerConfigKeys (ConfUtils.java:logGet(43)) - raft.server.snapshot.auto.trigger.enabled = true (custom)
2019-09-20 00:04:34,325 [pool-325-thread-1] INFO  server.RaftServerConfigKeys (ConfUtils.java:logGet(43)) - raft.server.log.preallocated.size = 16384 (custom)
2019-09-20 00:04:34,325 [pool-305-thread-1] INFO  server.RaftServerConfigKeys (ConfUtils.java:logGet(43)) - raft.server.log.write.buffer.size = 33554432 (custom)
2019-09-20 00:04:34,325 [pool-325-thread-1] INFO  server.RaftServerConfigKeys (ConfUtils.java:logGet(43)) - raft.server.log.write.buffer.size = 33554432 (custom)
2019-09-20 00:04:34,325 [pool-355-thread-1] INFO  server.RaftServerConfigKeys (ConfUtils.java:logGet(43)) - raft.server.snapshot.auto.trigger.threshold = 10000 (custom)
2019-09-20 00:04:34,325 [pool-325-thread-1] INFO  server.RaftServerConfigKeys (ConfUtils.java:logGet(43)) - raft.server.log.force.sync.num = 128 (default)
2019-09-20 00:04:34,325 [pool-305-thread-1] INFO  server.RaftServerConfigKeys (ConfUtils.java:logGet(43)) - raft.server.log.force.sync.num = 128 (default)
2019-09-20 00:04:34,325 [pool-325-thread-1] INFO  server.RaftServerConfigKeys (ConfUtils.java:logGet(43)) - raft.server.log.statemachine.data.sync = true (default)
2019-09-20 00:04:34,325 [pool-355-thread-1] INFO  server.RaftServerConfigKeys (ConfUtils.java:logGet(43)) - raft.server.snapshot.retention.num.files = 5 (custom)
2019-09-20 00:04:34,326 [pool-325-thread-1] INFO  server.RaftServerConfigKeys (ConfUtils.java:logGet(43)) - raft.server.log.statemachine.data.sync.timeout = 10s (default)
2019-09-20 00:04:34,326 [pool-305-thread-1] INFO  server.RaftServerConfigKeys (ConfUtils.java:logGet(43)) - raft.server.log.statemachine.data.sync = true (default)
2019-09-20 00:04:34,326 [pool-325-thread-1] INFO  server.RaftServerConfigKeys (ConfUtils.java:logGet(43)) - raft.server.log.statemachine.data.sync.timeout.retry = -1 (default)
2019-09-20 00:04:34,326 [pool-355-thread-1] INFO  server.RaftServerConfigKeys (ConfUtils.java:logGet(43)) - raft.server.retrycache.expirytime = 600000ms (custom)
2019-09-20 00:04:34,326 [pool-305-thread-1] INFO  server.RaftServerConfigKeys (ConfUtils.java:logGet(43)) - raft.server.log.statemachine.data.sync.timeout = 10s (default)
2019-09-20 00:04:34,326 [pool-325-thread-1] INFO  server.RaftServerConfigKeys (ConfUtils.java:logGet(43)) - raft.server.log.statemachine.data.caching.enabled = true (custom)
2019-09-20 00:04:34,326 [pool-305-thread-1] INFO  server.RaftServerConfigKeys (ConfUtils.java:logGet(43)) - raft.server.log.statemachine.data.sync.timeout.retry = -1 (default)
2019-09-20 00:04:34,326 [pool-325-thread-1] INFO  segmented.SegmentedRaftLogWorker (SegmentedRaftLogWorker.java:lambda$new$0(132)) - 3d170688-536a-4a66-a9c9-289315ef27c2@group-4DF5A04227EE-SegmentedRaftLogWorker: flushIndex: setUnconditionally 0 -> -1
2019-09-20 00:04:34,327 [pool-305-thread-1] INFO  server.RaftServerConfigKeys (ConfUtils.java:logGet(43)) - raft.server.log.statemachine.data.caching.enabled = true (custom)
2019-09-20 00:04:34,327 [pool-325-thread-1] INFO  server.RaftServerConfigKeys (ConfUtils.java:logGet(43)) - raft.server.snapshot.auto.trigger.enabled = true (custom)
2019-09-20 00:04:34,327 [pool-305-thread-1] INFO  segmented.SegmentedRaftLogWorker (SegmentedRaftLogWorker.java:lambda$new$0(132)) - 382b0250-a1aa-40f3-882d-cd7fb29de27f@group-4DF5A04227EE-SegmentedRaftLogWorker: flushIndex: setUnconditionally 0 -> -1
2019-09-20 00:04:34,327 [pool-325-thread-1] INFO  server.RaftServerConfigKeys (ConfUtils.java:logGet(43)) - raft.server.snapshot.auto.trigger.threshold = 10000 (custom)
2019-09-20 00:04:34,327 [pool-305-thread-1] INFO  server.RaftServerConfigKeys (ConfUtils.java:logGet(43)) - raft.server.snapshot.auto.trigger.enabled = true (custom)
2019-09-20 00:04:34,327 [pool-325-thread-1] INFO  server.RaftServerConfigKeys (ConfUtils.java:logGet(43)) - raft.server.snapshot.retention.num.files = 5 (custom)
2019-09-20 00:04:34,327 [pool-305-thread-1] INFO  server.RaftServerConfigKeys (ConfUtils.java:logGet(43)) - raft.server.snapshot.auto.trigger.threshold = 10000 (custom)
2019-09-20 00:04:34,327 [pool-325-thread-1] INFO  server.RaftServerConfigKeys (ConfUtils.java:logGet(43)) - raft.server.retrycache.expirytime = 600000ms (custom)
2019-09-20 00:04:34,327 [pool-305-thread-1] INFO  server.RaftServerConfigKeys (ConfUtils.java:logGet(43)) - raft.server.snapshot.retention.num.files = 5 (custom)
2019-09-20 00:04:34,327 [pool-305-thread-1] INFO  server.RaftServerConfigKeys (ConfUtils.java:logGet(43)) - raft.server.retrycache.expirytime = 600000ms (custom)
2019-09-20 00:04:34,328 [pool-355-thread-1] INFO  impl.RaftServerImpl (RaftServerImpl.java:start(185)) - f3b156d7-7eb6-46eb-bb34-4a82b6f9f404@group-4DF5A04227EE: start as a follower, conf=-1: [382b0250-a1aa-40f3-882d-cd7fb29de27f:192.168.5.182:40829, f3b156d7-7eb6-46eb-bb34-4a82b6f9f404:192.168.5.182:33815, 3d170688-536a-4a66-a9c9-289315ef27c2:192.168.5.182:32785], old=null
2019-09-20 00:04:34,328 [pool-355-thread-1] INFO  impl.RaftServerImpl (RaftServerImpl.java:setRole(174)) - f3b156d7-7eb6-46eb-bb34-4a82b6f9f404@group-4DF5A04227EE: changes role from      null to FOLLOWER at term 0 for startAsFollower
2019-09-20 00:04:34,328 [pool-355-thread-1] INFO  impl.RoleInfo (RoleInfo.java:updateAndGet(143)) - f3b156d7-7eb6-46eb-bb34-4a82b6f9f404: start FollowerState
2019-09-20 00:04:34,328 [pool-355-thread-1] INFO  util.JmxRegister (JmxRegister.java:tryRegister(44)) - Successfully registered JMX Bean with object name Ratis:service=RaftServer,group=group-4DF5A04227EE,id=f3b156d7-7eb6-46eb-bb34-4a82b6f9f404
2019-09-20 00:04:34,334 [pool-325-thread-1] INFO  impl.RaftServerImpl (RaftServerImpl.java:start(185)) - 3d170688-536a-4a66-a9c9-289315ef27c2@group-4DF5A04227EE: start as a follower, conf=-1: [382b0250-a1aa-40f3-882d-cd7fb29de27f:192.168.5.182:40829, f3b156d7-7eb6-46eb-bb34-4a82b6f9f404:192.168.5.182:33815, 3d170688-536a-4a66-a9c9-289315ef27c2:192.168.5.182:32785], old=null
2019-09-20 00:04:34,334 [pool-325-thread-1] INFO  impl.RaftServerImpl (RaftServerImpl.java:setRole(174)) - 3d170688-536a-4a66-a9c9-289315ef27c2@group-4DF5A04227EE: changes role from      null to FOLLOWER at term 0 for startAsFollower
2019-09-20 00:04:34,334 [pool-305-thread-1] INFO  impl.RaftServerImpl (RaftServerImpl.java:start(185)) - 382b0250-a1aa-40f3-882d-cd7fb29de27f@group-4DF5A04227EE: start as a follower, conf=-1: [382b0250-a1aa-40f3-882d-cd7fb29de27f:192.168.5.182:40829, f3b156d7-7eb6-46eb-bb34-4a82b6f9f404:192.168.5.182:33815, 3d170688-536a-4a66-a9c9-289315ef27c2:192.168.5.182:32785], old=null
2019-09-20 00:04:34,334 [pool-325-thread-1] INFO  impl.RoleInfo (RoleInfo.java:updateAndGet(143)) - 3d170688-536a-4a66-a9c9-289315ef27c2: start FollowerState
2019-09-20 00:04:34,334 [pool-305-thread-1] INFO  impl.RaftServerImpl (RaftServerImpl.java:setRole(174)) - 382b0250-a1aa-40f3-882d-cd7fb29de27f@group-4DF5A04227EE: changes role from      null to FOLLOWER at term 0 for startAsFollower
2019-09-20 00:04:34,334 [pool-305-thread-1] INFO  impl.RoleInfo (RoleInfo.java:updateAndGet(143)) - 382b0250-a1aa-40f3-882d-cd7fb29de27f: start FollowerState
2019-09-20 00:04:34,334 [pool-325-thread-1] INFO  util.JmxRegister (JmxRegister.java:tryRegister(44)) - Successfully registered JMX Bean with object name Ratis:service=RaftServer,group=group-4DF5A04227EE,id=3d170688-536a-4a66-a9c9-289315ef27c2
2019-09-20 00:04:34,335 [pool-305-thread-1] INFO  util.JmxRegister (JmxRegister.java:tryRegister(44)) - Successfully registered JMX Bean with object name Ratis:service=RaftServer,group=group-4DF5A04227EE,id=382b0250-a1aa-40f3-882d-cd7fb29de27f
2019-09-20 00:04:34,393 [RatisPipelineUtilsThread] INFO  pipeline.PipelineStateManager (PipelineStateManager.java:addPipeline(56)) - Created pipeline Pipeline[ Id: c9a34542-f0d8-4bb9-9c92-4df5a04227ee, Nodes: f3b156d7-7eb6-46eb-bb34-4a82b6f9f404{ip: 192.168.5.182, host: pr-hdds-2020-7x4rg-3348829713, networkLocation: /default-rack, certSerialId: null}382b0250-a1aa-40f3-882d-cd7fb29de27f{ip: 192.168.5.182, host: pr-hdds-2020-7x4rg-3348829713, networkLocation: /default-rack, certSerialId: null}3d170688-536a-4a66-a9c9-289315ef27c2{ip: 192.168.5.182, host: pr-hdds-2020-7x4rg-3348829713, networkLocation: /default-rack, certSerialId: null}, Type:RATIS, Factor:THREE, State:OPEN]
2019-09-20 00:04:34,411 [grpc-default-executor-1] INFO  impl.RaftServerProxy (RaftServerProxy.java:addNew(89)) - 5f35e7da-28ae-4b25-a1a4-54a4278033f1: addNew group-032B6602E80F:[7d878657-54f8-4791-978a-386f775e0485:192.168.5.182:36462, 5f35e7da-28ae-4b25-a1a4-54a4278033f1:192.168.5.182:43639, 89de1964-3948-43a8-885a-142089a2f45f:192.168.5.182:39929] returns group-032B6602E80F:java.util.concurrent.CompletableFuture@186bb3ee[Not completed]
2019-09-20 00:04:34,411 [grpc-default-executor-3] INFO  impl.RaftServerProxy (RaftServerProxy.java:addNew(89)) - 7d878657-54f8-4791-978a-386f775e0485: addNew group-032B6602E80F:[7d878657-54f8-4791-978a-386f775e0485:192.168.5.182:36462, 5f35e7da-28ae-4b25-a1a4-54a4278033f1:192.168.5.182:43639, 89de1964-3948-43a8-885a-142089a2f45f:192.168.5.182:39929] returns group-032B6602E80F:java.util.concurrent.CompletableFuture@7b6320ea[Not completed]
2019-09-20 00:04:34,411 [grpc-default-executor-6] INFO  impl.RaftServerProxy (RaftServerProxy.java:addNew(89)) - 89de1964-3948-43a8-885a-142089a2f45f: addNew group-032B6602E80F:[7d878657-54f8-4791-978a-386f775e0485:192.168.5.182:36462, 5f35e7da-28ae-4b25-a1a4-54a4278033f1:192.168.5.182:43639, 89de1964-3948-43a8-885a-142089a2f45f:192.168.5.182:39929] returns group-032B6602E80F:java.util.concurrent.CompletableFuture@17ae5ac4[Not completed]
2019-09-20 00:04:34,415 [pool-345-thread-1] INFO  impl.RaftServerImpl (RaftServerImpl.java:<init>(95)) - 5f35e7da-28ae-4b25-a1a4-54a4278033f1: new RaftServerImpl for group-032B6602E80F:[7d878657-54f8-4791-978a-386f775e0485:192.168.5.182:36462, 5f35e7da-28ae-4b25-a1a4-54a4278033f1:192.168.5.182:43639, 89de1964-3948-43a8-885a-142089a2f45f:192.168.5.182:39929] with ContainerStateMachine:uninitialized
2019-09-20 00:04:34,415 [pool-345-thread-1] INFO  server.RaftServerConfigKeys (ConfUtils.java:logGet(43)) - raft.server.rpc.timeout.min = 5s (custom)
2019-09-20 00:04:34,415 [pool-345-thread-1] INFO  server.RaftServerConfigKeys (ConfUtils.java:logGet(43)) - raft.server.rpc.timeout.max = 5200ms (custom)
2019-09-20 00:04:34,415 [pool-345-thread-1] INFO  server.RaftServerConfigKeys (ConfUtils.java:logGet(43)) - raft.server.rpcslowness.timeout = 120s (custom)
2019-09-20 00:04:34,415 [pool-345-thread-1] INFO  server.RaftServerConfigKeys (ConfUtils.java:logGet(43)) - raft.server.sleep.deviation.threshold = 300 (default)
2019-09-20 00:04:34,415 [pool-345-thread-1] INFO  server.RaftServerConfigKeys (ConfUtils.java:logGet(43)) - raft.server.log.appender.install.snapshot.enabled = false (custom)
2019-09-20 00:04:34,415 [pool-335-thread-1] INFO  impl.RaftServerImpl (RaftServerImpl.java:<init>(95)) - 7d878657-54f8-4791-978a-386f775e0485: new RaftServerImpl for group-032B6602E80F:[7d878657-54f8-4791-978a-386f775e0485:192.168.5.182:36462, 5f35e7da-28ae-4b25-a1a4-54a4278033f1:192.168.5.182:43639, 89de1964-3948-43a8-885a-142089a2f45f:192.168.5.182:39929] with ContainerStateMachine:uninitialized
2019-09-20 00:04:34,415 [pool-345-thread-1] INFO  impl.RaftServerImpl (ServerState.java:<init>(103)) - 5f35e7da-28ae-4b25-a1a4-54a4278033f1@group-032B6602E80F: ConfigurationManager, init=-1: [7d878657-54f8-4791-978a-386f775e0485:192.168.5.182:36462, 5f35e7da-28ae-4b25-a1a4-54a4278033f1:192.168.5.182:43639, 89de1964-3948-43a8-885a-142089a2f45f:192.168.5.182:39929], old=null, confs=<EMPTY_MAP>
2019-09-20 00:04:34,415 [pool-335-thread-1] INFO  server.RaftServerConfigKeys (ConfUtils.java:logGet(43)) - raft.server.rpc.timeout.min = 5s (custom)
2019-09-20 00:04:34,416 [pool-345-thread-1] INFO  server.RaftServerConfigKeys (ConfUtils.java:logGet(43)) - raft.server.storage.dir = [/workdir/hadoop-ozone/integration-test/target/test-dir/MiniOzoneClusterImpl-d3f2f10e-dfea-4f41-bcae-f8f30acd02f5/datanode-5/data/ratis] (custom)
2019-09-20 00:04:34,416 [pool-335-thread-1] INFO  server.RaftServerConfigKeys (ConfUtils.java:logGet(43)) - raft.server.rpc.timeout.max = 5200ms (custom)
2019-09-20 00:04:34,416 [pool-295-thread-1] INFO  impl.RaftServerImpl (RaftServerImpl.java:<init>(95)) - 89de1964-3948-43a8-885a-142089a2f45f: new RaftServerImpl for group-032B6602E80F:[7d878657-54f8-4791-978a-386f775e0485:192.168.5.182:36462, 5f35e7da-28ae-4b25-a1a4-54a4278033f1:192.168.5.182:43639, 89de1964-3948-43a8-885a-142089a2f45f:192.168.5.182:39929] with ContainerStateMachine:uninitialized
2019-09-20 00:04:34,416 [pool-345-thread-1] INFO  storage.RaftStorageDirectory (RaftStorageDirectory.java:analyzeStorage(246)) - The storage directory /workdir/hadoop-ozone/integration-test/target/test-dir/MiniOzoneClusterImpl-d3f2f10e-dfea-4f41-bcae-f8f30acd02f5/datanode-5/data/ratis/3c3ed097-6b3f-4acd-be8f-032b6602e80f does not exist. Creating ...
2019-09-20 00:04:34,416 [pool-335-thread-1] INFO  server.RaftServerConfigKeys (ConfUtils.java:logGet(43)) - raft.server.rpcslowness.timeout = 120s (custom)
2019-09-20 00:04:34,416 [pool-295-thread-1] INFO  server.RaftServerConfigKeys (ConfUtils.java:logGet(43)) - raft.server.rpc.timeout.min = 5s (custom)
2019-09-20 00:04:34,416 [pool-335-thread-1] INFO  server.RaftServerConfigKeys (ConfUtils.java:logGet(43)) - raft.server.sleep.deviation.threshold = 300 (default)
2019-09-20 00:04:34,416 [pool-295-thread-1] INFO  server.RaftServerConfigKeys (ConfUtils.java:logGet(43)) - raft.server.rpc.timeout.max = 5200ms (custom)
2019-09-20 00:04:34,416 [pool-335-thread-1] INFO  server.RaftServerConfigKeys (ConfUtils.java:logGet(43)) - raft.server.log.appender.install.snapshot.enabled = false (custom)
2019-09-20 00:04:34,416 [pool-295-thread-1] INFO  server.RaftServerConfigKeys (ConfUtils.java:logGet(43)) - raft.server.rpcslowness.timeout = 120s (custom)
2019-09-20 00:04:34,417 [pool-335-thread-1] INFO  impl.RaftServerImpl (ServerState.java:<init>(103)) - 7d878657-54f8-4791-978a-386f775e0485@group-032B6602E80F: ConfigurationManager, init=-1: [7d878657-54f8-4791-978a-386f775e0485:192.168.5.182:36462, 5f35e7da-28ae-4b25-a1a4-54a4278033f1:192.168.5.182:43639, 89de1964-3948-43a8-885a-142089a2f45f:192.168.5.182:39929], old=null, confs=<EMPTY_MAP>
2019-09-20 00:04:34,417 [pool-295-thread-1] INFO  server.RaftServerConfigKeys (ConfUtils.java:logGet(43)) - raft.server.sleep.deviation.threshold = 300 (default)
2019-09-20 00:04:34,417 [pool-335-thread-1] INFO  server.RaftServerConfigKeys (ConfUtils.java:logGet(43)) - raft.server.storage.dir = [/workdir/hadoop-ozone/integration-test/target/test-dir/MiniOzoneClusterImpl-d3f2f10e-dfea-4f41-bcae-f8f30acd02f5/datanode-4/data/ratis] (custom)
2019-09-20 00:04:34,417 [pool-295-thread-1] INFO  server.RaftServerConfigKeys (ConfUtils.java:logGet(43)) - raft.server.log.appender.install.snapshot.enabled = false (custom)
2019-09-20 00:04:34,417 [pool-295-thread-1] INFO  impl.RaftServerImpl (ServerState.java:<init>(103)) - 89de1964-3948-43a8-885a-142089a2f45f@group-032B6602E80F: ConfigurationManager, init=-1: [7d878657-54f8-4791-978a-386f775e0485:192.168.5.182:36462, 5f35e7da-28ae-4b25-a1a4-54a4278033f1:192.168.5.182:43639, 89de1964-3948-43a8-885a-142089a2f45f:192.168.5.182:39929], old=null, confs=<EMPTY_MAP>
2019-09-20 00:04:34,417 [pool-335-thread-1] INFO  storage.RaftStorageDirectory (RaftStorageDirectory.java:analyzeStorage(246)) - The storage directory /workdir/hadoop-ozone/integration-test/target/test-dir/MiniOzoneClusterImpl-d3f2f10e-dfea-4f41-bcae-f8f30acd02f5/datanode-4/data/ratis/3c3ed097-6b3f-4acd-be8f-032b6602e80f does not exist. Creating ...
2019-09-20 00:04:34,417 [pool-295-thread-1] INFO  server.RaftServerConfigKeys (ConfUtils.java:logGet(43)) - raft.server.storage.dir = [/workdir/hadoop-ozone/integration-test/target/test-dir/MiniOzoneClusterImpl-d3f2f10e-dfea-4f41-bcae-f8f30acd02f5/datanode-0/data/ratis] (custom)
2019-09-20 00:04:34,418 [pool-295-thread-1] INFO  storage.RaftStorageDirectory (RaftStorageDirectory.java:analyzeStorage(246)) - The storage directory /workdir/hadoop-ozone/integration-test/target/test-dir/MiniOzoneClusterImpl-d3f2f10e-dfea-4f41-bcae-f8f30acd02f5/datanode-0/data/ratis/3c3ed097-6b3f-4acd-be8f-032b6602e80f does not exist. Creating ...
2019-09-20 00:04:35,167 [pool-345-thread-1] INFO  storage.RaftStorageDirectory (RaftStorageDirectory.java:tryLock(328)) - Lock on /workdir/hadoop-ozone/integration-test/target/test-dir/MiniOzoneClusterImpl-d3f2f10e-dfea-4f41-bcae-f8f30acd02f5/datanode-5/data/ratis/3c3ed097-6b3f-4acd-be8f-032b6602e80f/in_use.lock acquired by nodename 22703@pr-hdds-2020-7x4rg-3348829713
2019-09-20 00:04:35,167 [pool-295-thread-1] INFO  storage.RaftStorageDirectory (RaftStorageDirectory.java:tryLock(328)) - Lock on /workdir/hadoop-ozone/integration-test/target/test-dir/MiniOzoneClusterImpl-d3f2f10e-dfea-4f41-bcae-f8f30acd02f5/datanode-0/data/ratis/3c3ed097-6b3f-4acd-be8f-032b6602e80f/in_use.lock acquired by nodename 22703@pr-hdds-2020-7x4rg-3348829713
2019-09-20 00:04:35,167 [pool-335-thread-1] INFO  storage.RaftStorageDirectory (RaftStorageDirectory.java:tryLock(328)) - Lock on /workdir/hadoop-ozone/integration-test/target/test-dir/MiniOzoneClusterImpl-d3f2f10e-dfea-4f41-bcae-f8f30acd02f5/datanode-4/data/ratis/3c3ed097-6b3f-4acd-be8f-032b6602e80f/in_use.lock acquired by nodename 22703@pr-hdds-2020-7x4rg-3348829713
2019-09-20 00:04:36,287 [pool-345-thread-1] INFO  storage.RaftStorage (RaftStorage.java:format(72)) - Storage directory /workdir/hadoop-ozone/integration-test/target/test-dir/MiniOzoneClusterImpl-d3f2f10e-dfea-4f41-bcae-f8f30acd02f5/datanode-5/data/ratis/3c3ed097-6b3f-4acd-be8f-032b6602e80f has been successfully formatted.
2019-09-20 00:04:36,287 [pool-335-thread-1] INFO  storage.RaftStorage (RaftStorage.java:format(72)) - Storage directory /workdir/hadoop-ozone/integration-test/target/test-dir/MiniOzoneClusterImpl-d3f2f10e-dfea-4f41-bcae-f8f30acd02f5/datanode-4/data/ratis/3c3ed097-6b3f-4acd-be8f-032b6602e80f has been successfully formatted.
2019-09-20 00:04:36,287 [pool-295-thread-1] INFO  storage.RaftStorage (RaftStorage.java:format(72)) - Storage directory /workdir/hadoop-ozone/integration-test/target/test-dir/MiniOzoneClusterImpl-d3f2f10e-dfea-4f41-bcae-f8f30acd02f5/datanode-0/data/ratis/3c3ed097-6b3f-4acd-be8f-032b6602e80f has been successfully formatted.
2019-09-20 00:04:36,288 [pool-345-thread-1] INFO  ratis.ContainerStateMachine (ContainerStateMachine.java:loadSnapshot(230)) - group-032B6602E80F: The snapshot info is null. Setting the last applied indexto:(t:0, i:~)
2019-09-20 00:04:36,288 [pool-295-thread-1] INFO  ratis.ContainerStateMachine (ContainerStateMachine.java:loadSnapshot(230)) - group-032B6602E80F: The snapshot info is null. Setting the last applied indexto:(t:0, i:~)
2019-09-20 00:04:36,288 [pool-335-thread-1] INFO  ratis.ContainerStateMachine (ContainerStateMachine.java:loadSnapshot(230)) - group-032B6602E80F: The snapshot info is null. Setting the last applied indexto:(t:0, i:~)
2019-09-20 00:04:36,288 [pool-295-thread-1] INFO  server.RaftServerConfigKeys (ConfUtils.java:logGet(43)) - raft.server.notification.no-leader.timeout = 120s (custom)
2019-09-20 00:04:36,288 [pool-345-thread-1] INFO  server.RaftServerConfigKeys (ConfUtils.java:logGet(43)) - raft.server.notification.no-leader.timeout = 120s (custom)
2019-09-20 00:04:36,289 [pool-295-thread-1] INFO  server.RaftServerConfigKeys (ConfUtils.java:logGet(43)) - raft.server.log.use.memory = false (default)
2019-09-20 00:04:36,289 [pool-335-thread-1] INFO  server.RaftServerConfigKeys (ConfUtils.java:logGet(43)) - raft.server.notification.no-leader.timeout = 120s (custom)
2019-09-20 00:04:36,289 [pool-295-thread-1] INFO  server.RaftServerConfigKeys (ConfUtils.java:logGet(43)) - raft.server.log.purge.gap = 1000000 (custom)
2019-09-20 00:04:36,289 [pool-345-thread-1] INFO  server.RaftServerConfigKeys (ConfUtils.java:logGet(43)) - raft.server.log.use.memory = false (default)
2019-09-20 00:04:36,289 [pool-295-thread-1] INFO  server.RaftServerConfigKeys (ConfUtils.java:logGet(43)) - raft.server.log.appender.buffer.byte-limit = 33554432 (custom)
2019-09-20 00:04:36,289 [pool-335-thread-1] INFO  server.RaftServerConfigKeys (ConfUtils.java:logGet(43)) - raft.server.log.use.memory = false (default)
2019-09-20 00:04:36,290 [pool-295-thread-1] INFO  server.RaftServerConfigKeys (ConfUtils.java:logGet(43)) - raft.server.log.segment.size.max = 1048576 (custom)
2019-09-20 00:04:36,290 [pool-345-thread-1] INFO  server.RaftServerConfigKeys (ConfUtils.java:logGet(43)) - raft.server.log.purge.gap = 1000000 (custom)
2019-09-20 00:04:36,290 [pool-295-thread-1] INFO  server.RaftServerConfigKeys (ConfUtils.java:logGet(43)) - raft.server.log.segment.cache.num.max = 2 (custom)
2019-09-20 00:04:36,290 [pool-335-thread-1] INFO  server.RaftServerConfigKeys (ConfUtils.java:logGet(43)) - raft.server.log.purge.gap = 1000000 (custom)
2019-09-20 00:04:36,290 [pool-295-thread-1] INFO  segmented.SegmentedRaftLogWorker (SegmentedRaftLogWorker.java:<init>(172)) - new 89de1964-3948-43a8-885a-142089a2f45f@group-032B6602E80F-SegmentedRaftLogWorker for RaftStorage:Storage Directory /workdir/hadoop-ozone/integration-test/target/test-dir/MiniOzoneClusterImpl-d3f2f10e-dfea-4f41-bcae-f8f30acd02f5/datanode-0/data/ratis/3c3ed097-6b3f-4acd-be8f-032b6602e80f
2019-09-20 00:04:36,290 [pool-345-thread-1] INFO  server.RaftServerConfigKeys (ConfUtils.java:logGet(43)) - raft.server.log.appender.buffer.byte-limit = 33554432 (custom)
2019-09-20 00:04:36,290 [pool-335-thread-1] INFO  server.RaftServerConfigKeys (ConfUtils.java:logGet(43)) - raft.server.log.appender.buffer.byte-limit = 33554432 (custom)
2019-09-20 00:04:36,291 [pool-345-thread-1] INFO  server.RaftServerConfigKeys (ConfUtils.java:logGet(43)) - raft.server.log.segment.size.max = 1048576 (custom)
2019-09-20 00:04:36,291 [pool-335-thread-1] INFO  server.RaftServerConfigKeys (ConfUtils.java:logGet(43)) - raft.server.log.segment.size.max = 1048576 (custom)
2019-09-20 00:04:36,291 [pool-345-thread-1] INFO  server.RaftServerConfigKeys (ConfUtils.java:logGet(43)) - raft.server.log.segment.cache.num.max = 2 (custom)
2019-09-20 00:04:36,291 [pool-335-thread-1] INFO  server.RaftServerConfigKeys (ConfUtils.java:logGet(43)) - raft.server.log.segment.cache.num.max = 2 (custom)
2019-09-20 00:04:36,291 [pool-345-thread-1] INFO  segmented.SegmentedRaftLogWorker (SegmentedRaftLogWorker.java:<init>(172)) - new 5f35e7da-28ae-4b25-a1a4-54a4278033f1@group-032B6602E80F-SegmentedRaftLogWorker for RaftStorage:Storage Directory /workdir/hadoop-ozone/integration-test/target/test-dir/MiniOzoneClusterImpl-d3f2f10e-dfea-4f41-bcae-f8f30acd02f5/datanode-5/data/ratis/3c3ed097-6b3f-4acd-be8f-032b6602e80f
2019-09-20 00:04:36,291 [pool-335-thread-1] INFO  segmented.SegmentedRaftLogWorker (SegmentedRaftLogWorker.java:<init>(172)) - new 7d878657-54f8-4791-978a-386f775e0485@group-032B6602E80F-SegmentedRaftLogWorker for RaftStorage:Storage Directory /workdir/hadoop-ozone/integration-test/target/test-dir/MiniOzoneClusterImpl-d3f2f10e-dfea-4f41-bcae-f8f30acd02f5/datanode-4/data/ratis/3c3ed097-6b3f-4acd-be8f-032b6602e80f
2019-09-20 00:04:36,296 [pool-295-thread-1] INFO  server.RaftServerConfigKeys (ConfUtils.java:logGet(43)) - raft.server.log.queue.byte-limit = 2147483647 (custom)
2019-09-20 00:04:36,296 [pool-335-thread-1] INFO  server.RaftServerConfigKeys (ConfUtils.java:logGet(43)) - raft.server.log.queue.byte-limit = 2147483647 (custom)
2019-09-20 00:04:36,296 [pool-345-thread-1] INFO  server.RaftServerConfigKeys (ConfUtils.java:logGet(43)) - raft.server.log.queue.byte-limit = 2147483647 (custom)
2019-09-20 00:04:36,296 [pool-335-thread-1] INFO  server.RaftServerConfigKeys (ConfUtils.java:logGet(43)) - raft.server.log.queue.element-limit = 1024 (custom)
2019-09-20 00:04:36,296 [pool-295-thread-1] INFO  server.RaftServerConfigKeys (ConfUtils.java:logGet(43)) - raft.server.log.queue.element-limit = 1024 (custom)
2019-09-20 00:04:36,296 [pool-345-thread-1] INFO  server.RaftServerConfigKeys (ConfUtils.java:logGet(43)) - raft.server.log.queue.element-limit = 1024 (custom)
2019-09-20 00:04:36,296 [pool-295-thread-1] INFO  server.RaftServerConfigKeys (ConfUtils.java:logGet(43)) - raft.server.log.segment.size.max = 1048576 (custom)
2019-09-20 00:04:36,296 [pool-335-thread-1] INFO  server.RaftServerConfigKeys (ConfUtils.java:logGet(43)) - raft.server.log.segment.size.max = 1048576 (custom)
2019-09-20 00:04:36,296 [pool-295-thread-1] INFO  server.RaftServerConfigKeys (ConfUtils.java:logGet(43)) - raft.server.log.preallocated.size = 16384 (custom)
2019-09-20 00:04:36,296 [pool-345-thread-1] INFO  server.RaftServerConfigKeys (ConfUtils.java:logGet(43)) - raft.server.log.segment.size.max = 1048576 (custom)
2019-09-20 00:04:36,297 [pool-295-thread-1] INFO  server.RaftServerConfigKeys (ConfUtils.java:logGet(43)) - raft.server.log.write.buffer.size = 33554432 (custom)
2019-09-20 00:04:36,297 [pool-335-thread-1] INFO  server.RaftServerConfigKeys (ConfUtils.java:logGet(43)) - raft.server.log.preallocated.size = 16384 (custom)
2019-09-20 00:04:36,297 [pool-295-thread-1] INFO  server.RaftServerConfigKeys (ConfUtils.java:logGet(43)) - raft.server.log.force.sync.num = 128 (default)
2019-09-20 00:04:36,297 [pool-345-thread-1] INFO  server.RaftServerConfigKeys (ConfUtils.java:logGet(43)) - raft.server.log.preallocated.size = 16384 (custom)
2019-09-20 00:04:36,297 [pool-295-thread-1] INFO  server.RaftServerConfigKeys (ConfUtils.java:logGet(43)) - raft.server.log.statemachine.data.sync = true (default)
2019-09-20 00:04:36,297 [pool-335-thread-1] INFO  server.RaftServerConfigKeys (ConfUtils.java:logGet(43)) - raft.server.log.write.buffer.size = 33554432 (custom)
2019-09-20 00:04:36,297 [pool-295-thread-1] INFO  server.RaftServerConfigKeys (ConfUtils.java:logGet(43)) - raft.server.log.statemachine.data.sync.timeout = 10s (default)
2019-09-20 00:04:36,297 [pool-345-thread-1] INFO  server.RaftServerConfigKeys (ConfUtils.java:logGet(43)) - raft.server.log.write.buffer.size = 33554432 (custom)
2019-09-20 00:04:36,298 [pool-295-thread-1] INFO  server.RaftServerConfigKeys (ConfUtils.java:logGet(43)) - raft.server.log.statemachine.data.sync.timeout.retry = -1 (default)
2019-09-20 00:04:36,297 [pool-335-thread-1] INFO  server.RaftServerConfigKeys (ConfUtils.java:logGet(43)) - raft.server.log.force.sync.num = 128 (default)
2019-09-20 00:04:36,298 [pool-345-thread-1] INFO  server.RaftServerConfigKeys (ConfUtils.java:logGet(43)) - raft.server.log.force.sync.num = 128 (default)
2019-09-20 00:04:36,298 [pool-335-thread-1] INFO  server.RaftServerConfigKeys (ConfUtils.java:logGet(43)) - raft.server.log.statemachine.data.sync = true (default)
2019-09-20 00:04:36,298 [pool-295-thread-1] INFO  server.RaftServerConfigKeys (ConfUtils.java:logGet(43)) - raft.server.log.statemachine.data.caching.enabled = true (custom)
2019-09-20 00:04:36,298 [pool-335-thread-1] INFO  server.RaftServerConfigKeys (ConfUtils.java:logGet(43)) - raft.server.log.statemachine.data.sync.timeout = 10s (default)
2019-09-20 00:04:36,298 [pool-345-thread-1] INFO  server.RaftServerConfigKeys (ConfUtils.java:logGet(43)) - raft.server.log.statemachine.data.sync = true (default)
2019-09-20 00:04:36,298 [pool-335-thread-1] INFO  server.RaftServerConfigKeys (ConfUtils.java:logGet(43)) - raft.server.log.statemachine.data.sync.timeout.retry = -1 (default)
2019-09-20 00:04:36,299 [pool-295-thread-1] INFO  segmented.SegmentedRaftLogWorker (SegmentedRaftLogWorker.java:lambda$new$0(132)) - 89de1964-3948-43a8-885a-142089a2f45f@group-032B6602E80F-SegmentedRaftLogWorker: flushIndex: setUnconditionally 0 -> -1
2019-09-20 00:04:36,299 [pool-335-thread-1] INFO  server.RaftServerConfigKeys (ConfUtils.java:logGet(43)) - raft.server.log.statemachine.data.caching.enabled = true (custom)
2019-09-20 00:04:36,299 [pool-345-thread-1] INFO  server.RaftServerConfigKeys (ConfUtils.java:logGet(43)) - raft.server.log.statemachine.data.sync.timeout = 10s (default)
2019-09-20 00:04:36,299 [pool-295-thread-1] INFO  server.RaftServerConfigKeys (ConfUtils.java:logGet(43)) - raft.server.snapshot.auto.trigger.enabled = true (custom)
2019-09-20 00:04:36,299 [pool-335-thread-1] INFO  segmented.SegmentedRaftLogWorker (SegmentedRaftLogWorker.java:lambda$new$0(132)) - 7d878657-54f8-4791-978a-386f775e0485@group-032B6602E80F-SegmentedRaftLogWorker: flushIndex: setUnconditionally 0 -> -1
2019-09-20 00:04:36,299 [pool-345-thread-1] INFO  server.RaftServerConfigKeys (ConfUtils.java:logGet(43)) - raft.server.log.statemachine.data.sync.timeout.retry = -1 (default)
2019-09-20 00:04:36,299 [pool-295-thread-1] INFO  server.RaftServerConfigKeys (ConfUtils.java:logGet(43)) - raft.server.snapshot.auto.trigger.threshold = 10000 (custom)
2019-09-20 00:04:36,299 [pool-335-thread-1] INFO  server.RaftServerConfigKeys (ConfUtils.java:logGet(43)) - raft.server.snapshot.auto.trigger.enabled = true (custom)
2019-09-20 00:04:36,299 [pool-345-thread-1] INFO  server.RaftServerConfigKeys (ConfUtils.java:logGet(43)) - raft.server.log.statemachine.data.caching.enabled = true (custom)
2019-09-20 00:04:36,299 [pool-295-thread-1] INFO  server.RaftServerConfigKeys (ConfUtils.java:logGet(43)) - raft.server.snapshot.retention.num.files = 5 (custom)
2019-09-20 00:04:36,300 [pool-335-thread-1] INFO  server.RaftServerConfigKeys (ConfUtils.java:logGet(43)) - raft.server.snapshot.auto.trigger.threshold = 10000 (custom)
2019-09-20 00:04:36,300 [pool-345-thread-1] INFO  segmented.SegmentedRaftLogWorker (SegmentedRaftLogWorker.java:lambda$new$0(132)) - 5f35e7da-28ae-4b25-a1a4-54a4278033f1@group-032B6602E80F-SegmentedRaftLogWorker: flushIndex: setUnconditionally 0 -> -1
2019-09-20 00:04:36,300 [pool-295-thread-1] INFO  server.RaftServerConfigKeys (ConfUtils.java:logGet(43)) - raft.server.retrycache.expirytime = 600000ms (custom)
2019-09-20 00:04:36,300 [pool-335-thread-1] INFO  server.RaftServerConfigKeys (ConfUtils.java:logGet(43)) - raft.server.snapshot.retention.num.files = 5 (custom)
2019-09-20 00:04:36,300 [pool-345-thread-1] INFO  server.RaftServerConfigKeys (ConfUtils.java:logGet(43)) - raft.server.snapshot.auto.trigger.enabled = true (custom)
2019-09-20 00:04:36,300 [pool-335-thread-1] INFO  server.RaftServerConfigKeys (ConfUtils.java:logGet(43)) - raft.server.retrycache.expirytime = 600000ms (custom)
2019-09-20 00:04:36,300 [pool-345-thread-1] INFO  server.RaftServerConfigKeys (ConfUtils.java:logGet(43)) - raft.server.snapshot.auto.trigger.threshold = 10000 (custom)
2019-09-20 00:04:36,301 [pool-345-thread-1] INFO  server.RaftServerConfigKeys (ConfUtils.java:logGet(43)) - raft.server.snapshot.retention.num.files = 5 (custom)
2019-09-20 00:04:36,301 [pool-345-thread-1] INFO  server.RaftServerConfigKeys (ConfUtils.java:logGet(43)) - raft.server.retrycache.expirytime = 600000ms (custom)
2019-09-20 00:04:36,304 [pool-295-thread-1] INFO  impl.RaftServerImpl (RaftServerImpl.java:start(185)) - 89de1964-3948-43a8-885a-142089a2f45f@group-032B6602E80F: start as a follower, conf=-1: [7d878657-54f8-4791-978a-386f775e0485:192.168.5.182:36462, 5f35e7da-28ae-4b25-a1a4-54a4278033f1:192.168.5.182:43639, 89de1964-3948-43a8-885a-142089a2f45f:192.168.5.182:39929], old=null
2019-09-20 00:04:36,304 [pool-295-thread-1] INFO  impl.RaftServerImpl (RaftServerImpl.java:setRole(174)) - 89de1964-3948-43a8-885a-142089a2f45f@group-032B6602E80F: changes role from      null to FOLLOWER at term 0 for startAsFollower
2019-09-20 00:04:36,304 [pool-335-thread-1] INFO  impl.RaftServerImpl (RaftServerImpl.java:start(185)) - 7d878657-54f8-4791-978a-386f775e0485@group-032B6602E80F: start as a follower, conf=-1: [7d878657-54f8-4791-978a-386f775e0485:192.168.5.182:36462, 5f35e7da-28ae-4b25-a1a4-54a4278033f1:192.168.5.182:43639, 89de1964-3948-43a8-885a-142089a2f45f:192.168.5.182:39929], old=null
2019-09-20 00:04:36,304 [pool-345-thread-1] INFO  impl.RaftServerImpl (RaftServerImpl.java:start(185)) - 5f35e7da-28ae-4b25-a1a4-54a4278033f1@group-032B6602E80F: start as a follower, conf=-1: [7d878657-54f8-4791-978a-386f775e0485:192.168.5.182:36462, 5f35e7da-28ae-4b25-a1a4-54a4278033f1:192.168.5.182:43639, 89de1964-3948-43a8-885a-142089a2f45f:192.168.5.182:39929], old=null
2019-09-20 00:04:36,304 [pool-295-thread-1] INFO  impl.RoleInfo (RoleInfo.java:updateAndGet(143)) - 89de1964-3948-43a8-885a-142089a2f45f: start FollowerState
2019-09-20 00:04:36,304 [pool-345-thread-1] INFO  impl.RaftServerImpl (RaftServerImpl.java:setRole(174)) - 5f35e7da-28ae-4b25-a1a4-54a4278033f1@group-032B6602E80F: changes role from      null to FOLLOWER at term 0 for startAsFollower
2019-09-20 00:04:36,304 [pool-335-thread-1] INFO  impl.RaftServerImpl (RaftServerImpl.java:setRole(174)) - 7d878657-54f8-4791-978a-386f775e0485@group-032B6602E80F: changes role from      null to FOLLOWER at term 0 for startAsFollower
2019-09-20 00:04:36,304 [pool-345-thread-1] INFO  impl.RoleInfo (RoleInfo.java:updateAndGet(143)) - 5f35e7da-28ae-4b25-a1a4-54a4278033f1: start FollowerState
2019-09-20 00:04:36,305 [pool-335-thread-1] INFO  impl.RoleInfo (RoleInfo.java:updateAndGet(143)) - 7d878657-54f8-4791-978a-386f775e0485: start FollowerState
2019-09-20 00:04:36,305 [pool-295-thread-1] INFO  util.JmxRegister (JmxRegister.java:tryRegister(44)) - Successfully registered JMX Bean with object name Ratis:service=RaftServer,group=group-032B6602E80F,id=89de1964-3948-43a8-885a-142089a2f45f
2019-09-20 00:04:36,305 [pool-345-thread-1] INFO  util.JmxRegister (JmxRegister.java:tryRegister(44)) - Successfully registered JMX Bean with object name Ratis:service=RaftServer,group=group-032B6602E80F,id=5f35e7da-28ae-4b25-a1a4-54a4278033f1
2019-09-20 00:04:36,324 [pool-335-thread-1] INFO  util.JmxRegister (JmxRegister.java:tryRegister(44)) - Successfully registered JMX Bean with object name Ratis:service=RaftServer,group=group-032B6602E80F,id=7d878657-54f8-4791-978a-386f775e0485
2019-09-20 00:04:36,350 [RatisPipelineUtilsThread] INFO  pipeline.PipelineStateManager (PipelineStateManager.java:addPipeline(56)) - Created pipeline Pipeline[ Id: 3c3ed097-6b3f-4acd-be8f-032b6602e80f, Nodes: 5f35e7da-28ae-4b25-a1a4-54a4278033f1{ip: 192.168.5.182, host: pr-hdds-2020-7x4rg-3348829713, networkLocation: /default-rack, certSerialId: null}7d878657-54f8-4791-978a-386f775e0485{ip: 192.168.5.182, host: pr-hdds-2020-7x4rg-3348829713, networkLocation: /default-rack, certSerialId: null}89de1964-3948-43a8-885a-142089a2f45f{ip: 192.168.5.182, host: pr-hdds-2020-7x4rg-3348829713, networkLocation: /default-rack, certSerialId: null}, Type:RATIS, Factor:THREE, State:OPEN]
2019-09-20 00:04:36,368 [grpc-default-executor-3] INFO  impl.RaftServerProxy (RaftServerProxy.java:addNew(89)) - f3b156d7-7eb6-46eb-bb34-4a82b6f9f404: addNew group-054C19469BEA:[f3b156d7-7eb6-46eb-bb34-4a82b6f9f404:192.168.5.182:33815] returns group-054C19469BEA:java.util.concurrent.CompletableFuture@62cdfbfc[Not completed]
2019-09-20 00:04:36,373 [grpc-default-executor-3] INFO  impl.RaftServerProxy (RaftServerProxy.java:remove(95)) - bec4b975-0b69-4b52-a49c-deefd7c86fbc: remove  FOLLOWER bec4b975-0b69-4b52-a49c-deefd7c86fbc@group-B217D9C59DE4:t0, leader=null, voted=null, raftlog=bec4b975-0b69-4b52-a49c-deefd7c86fbc@group-B217D9C59DE4-SegmentedRaftLog:OPENED:c-1,f-1,i0, conf=-1: [bec4b975-0b69-4b52-a49c-deefd7c86fbc:192.168.5.182:45882], old=null RUNNING
2019-09-20 00:04:36,373 [pool-355-thread-1] INFO  impl.RaftServerImpl (RaftServerImpl.java:<init>(95)) - f3b156d7-7eb6-46eb-bb34-4a82b6f9f404: new RaftServerImpl for group-054C19469BEA:[f3b156d7-7eb6-46eb-bb34-4a82b6f9f404:192.168.5.182:33815] with ContainerStateMachine:uninitialized
2019-09-20 00:04:36,376 [pool-355-thread-1] INFO  server.RaftServerConfigKeys (ConfUtils.java:logGet(43)) - raft.server.rpc.timeout.min = 5s (custom)
2019-09-20 00:04:36,376 [pool-355-thread-1] INFO  server.RaftServerConfigKeys (ConfUtils.java:logGet(43)) - raft.server.rpc.timeout.max = 5200ms (custom)
2019-09-20 00:04:36,377 [pool-355-thread-1] INFO  server.RaftServerConfigKeys (ConfUtils.java:logGet(43)) - raft.server.rpcslowness.timeout = 120s (custom)
2019-09-20 00:04:36,377 [pool-355-thread-1] INFO  server.RaftServerConfigKeys (ConfUtils.java:logGet(43)) - raft.server.sleep.deviation.threshold = 300 (default)
2019-09-20 00:04:36,377 [pool-355-thread-1] INFO  server.RaftServerConfigKeys (ConfUtils.java:logGet(43)) - raft.server.log.appender.install.snapshot.enabled = false (custom)
2019-09-20 00:04:36,377 [pool-355-thread-1] INFO  impl.RaftServerImpl (ServerState.java:<init>(103)) - f3b156d7-7eb6-46eb-bb34-4a82b6f9f404@group-054C19469BEA: ConfigurationManager, init=-1: [f3b156d7-7eb6-46eb-bb34-4a82b6f9f404:192.168.5.182:33815], old=null, confs=<EMPTY_MAP>
2019-09-20 00:04:36,377 [pool-355-thread-1] INFO  server.RaftServerConfigKeys (ConfUtils.java:logGet(43)) - raft.server.storage.dir = [/workdir/hadoop-ozone/integration-test/target/test-dir/MiniOzoneClusterImpl-d3f2f10e-dfea-4f41-bcae-f8f30acd02f5/datanode-6/data/ratis] (custom)
2019-09-20 00:04:36,378 [pool-355-thread-1] INFO  storage.RaftStorageDirectory (RaftStorageDirectory.java:analyzeStorage(246)) - The storage directory /workdir/hadoop-ozone/integration-test/target/test-dir/MiniOzoneClusterImpl-d3f2f10e-dfea-4f41-bcae-f8f30acd02f5/datanode-6/data/ratis/aaf38b32-8dce-4a2d-a03e-054c19469bea does not exist. Creating ...
2019-09-20 00:04:36,381 [grpc-default-executor-3] INFO  impl.RaftServerImpl (RaftServerImpl.java:lambda$shutdown$3(251)) - bec4b975-0b69-4b52-a49c-deefd7c86fbc@group-B217D9C59DE4: shutdown
2019-09-20 00:04:36,382 [grpc-default-executor-3] INFO  util.JmxRegister (JmxRegister.java:unregister(73)) - Successfully un-registered JMX Bean with object name Ratis:service=RaftServer,group=group-B217D9C59DE4,id=bec4b975-0b69-4b52-a49c-deefd7c86fbc
2019-09-20 00:04:36,382 [grpc-default-executor-3] INFO  impl.RoleInfo (RoleInfo.java:shutdownFollowerState(121)) - bec4b975-0b69-4b52-a49c-deefd7c86fbc: shutdown FollowerState
2019-09-20 00:04:36,382 [grpc-default-executor-3] INFO  impl.StateMachineUpdater (StateMachineUpdater.java:stopAndJoin(125)) - bec4b975-0b69-4b52-a49c-deefd7c86fbc@group-B217D9C59DE4-StateMachineUpdater: set stopIndex = -1
2019-09-20 00:04:36,382 [Thread-2020] INFO  impl.FollowerState (FollowerState.java:run(115)) - bec4b975-0b69-4b52-a49c-deefd7c86fbc: FollowerState was interrupted: java.lang.InterruptedException: sleep interrupted
2019-09-20 00:04:36,382 [grpc-default-executor-3] INFO  impl.RaftServerImpl (ServerState.java:close(385)) - bec4b975-0b69-4b52-a49c-deefd7c86fbc@group-B217D9C59DE4: closes. applyIndex: -1
2019-09-20 00:04:36,385 [bec4b975-0b69-4b52-a49c-deefd7c86fbc@group-B217D9C59DE4-SegmentedRaftLogWorker] INFO  segmented.SegmentedRaftLogWorker (SegmentedRaftLogWorker.java:run(313)) - bec4b975-0b69-4b52-a49c-deefd7c86fbc@group-B217D9C59DE4-SegmentedRaftLogWorker was interrupted, exiting. There are 0 tasks remaining in the queue.
2019-09-20 00:04:36,386 [grpc-default-executor-3] INFO  segmented.SegmentedRaftLogWorker (SegmentedRaftLogWorker.java:close(228)) - bec4b975-0b69-4b52-a49c-deefd7c86fbc@group-B217D9C59DE4-SegmentedRaftLogWorker close()
2019-09-20 00:04:36,782 [pool-355-thread-1] INFO  storage.RaftStorageDirectory (RaftStorageDirectory.java:tryLock(328)) - Lock on /workdir/hadoop-ozone/integration-test/target/test-dir/MiniOzoneClusterImpl-d3f2f10e-dfea-4f41-bcae-f8f30acd02f5/datanode-6/data/ratis/aaf38b32-8dce-4a2d-a03e-054c19469bea/in_use.lock acquired by nodename 22703@pr-hdds-2020-7x4rg-3348829713
2019-09-20 00:04:37,445 [Thread-2016] INFO  impl.FollowerState (FollowerState.java:run(106)) - c63e7fee-7ebf-4ab3-a82c-403b5cf942fc:group-0BC4DF7BF4D9 changes to CANDIDATE, lastRpcTime:5057, electionTimeout:5057ms
2019-09-20 00:04:37,445 [Thread-2016] INFO  impl.RoleInfo (RoleInfo.java:shutdownFollowerState(121)) - c63e7fee-7ebf-4ab3-a82c-403b5cf942fc: shutdown FollowerState
2019-09-20 00:04:37,445 [Thread-2016] INFO  impl.RaftServerImpl (RaftServerImpl.java:setRole(174)) - c63e7fee-7ebf-4ab3-a82c-403b5cf942fc@group-0BC4DF7BF4D9: changes role from  FOLLOWER to CANDIDATE at term 11 for changeToCandidate
2019-09-20 00:04:37,445 [Thread-2016] INFO  impl.RoleInfo (RoleInfo.java:updateAndGet(143)) - c63e7fee-7ebf-4ab3-a82c-403b5cf942fc: start LeaderElection
2019-09-20 00:04:37,495 [pool-355-thread-1] INFO  storage.RaftStorage (RaftStorage.java:format(72)) - Storage directory /workdir/hadoop-ozone/integration-test/target/test-dir/MiniOzoneClusterImpl-d3f2f10e-dfea-4f41-bcae-f8f30acd02f5/datanode-6/data/ratis/aaf38b32-8dce-4a2d-a03e-054c19469bea has been successfully formatted.
2019-09-20 00:04:37,496 [pool-355-thread-1] INFO  ratis.ContainerStateMachine (ContainerStateMachine.java:loadSnapshot(230)) - group-054C19469BEA: The snapshot info is null. Setting the last applied indexto:(t:0, i:~)
2019-09-20 00:04:37,496 [pool-355-thread-1] INFO  server.RaftServerConfigKeys (ConfUtils.java:logGet(43)) - raft.server.notification.no-leader.timeout = 120s (custom)
2019-09-20 00:04:37,496 [pool-355-thread-1] INFO  server.RaftServerConfigKeys (ConfUtils.java:logGet(43)) - raft.server.log.use.memory = false (default)
2019-09-20 00:04:37,496 [pool-355-thread-1] INFO  server.RaftServerConfigKeys (ConfUtils.java:logGet(43)) - raft.server.log.purge.gap = 1000000 (custom)
2019-09-20 00:04:37,496 [pool-355-thread-1] INFO  server.RaftServerConfigKeys (ConfUtils.java:logGet(43)) - raft.server.log.appender.buffer.byte-limit = 33554432 (custom)
2019-09-20 00:04:37,496 [pool-355-thread-1] INFO  server.RaftServerConfigKeys (ConfUtils.java:logGet(43)) - raft.server.log.segment.size.max = 1048576 (custom)
2019-09-20 00:04:37,497 [pool-355-thread-1] INFO  server.RaftServerConfigKeys (ConfUtils.java:logGet(43)) - raft.server.log.segment.cache.num.max = 2 (custom)
2019-09-20 00:04:37,497 [pool-355-thread-1] INFO  segmented.SegmentedRaftLogWorker (SegmentedRaftLogWorker.java:<init>(172)) - new f3b156d7-7eb6-46eb-bb34-4a82b6f9f404@group-054C19469BEA-SegmentedRaftLogWorker for RaftStorage:Storage Directory /workdir/hadoop-ozone/integration-test/target/test-dir/MiniOzoneClusterImpl-d3f2f10e-dfea-4f41-bcae-f8f30acd02f5/datanode-6/data/ratis/aaf38b32-8dce-4a2d-a03e-054c19469bea
2019-09-20 00:04:37,497 [pool-355-thread-1] INFO  server.RaftServerConfigKeys (ConfUtils.java:logGet(43)) - raft.server.log.queue.byte-limit = 2147483647 (custom)
2019-09-20 00:04:37,497 [pool-355-thread-1] INFO  server.RaftServerConfigKeys (ConfUtils.java:logGet(43)) - raft.server.log.queue.element-limit = 1024 (custom)
2019-09-20 00:04:37,497 [pool-355-thread-1] INFO  server.RaftServerConfigKeys (ConfUtils.java:logGet(43)) - raft.server.log.segment.size.max = 1048576 (custom)
2019-09-20 00:04:37,497 [pool-355-thread-1] INFO  server.RaftServerConfigKeys (ConfUtils.java:logGet(43)) - raft.server.log.preallocated.size = 16384 (custom)
2019-09-20 00:04:37,498 [pool-355-thread-1] INFO  server.RaftServerConfigKeys (ConfUtils.java:logGet(43)) - raft.server.log.write.buffer.size = 33554432 (custom)
2019-09-20 00:04:37,498 [pool-355-thread-1] INFO  server.RaftServerConfigKeys (ConfUtils.java:logGet(43)) - raft.server.log.force.sync.num = 128 (default)
2019-09-20 00:04:37,498 [pool-355-thread-1] INFO  server.RaftServerConfigKeys (ConfUtils.java:logGet(43)) - raft.server.log.statemachine.data.sync = true (default)
2019-09-20 00:04:37,498 [pool-355-thread-1] INFO  server.RaftServerConfigKeys (ConfUtils.java:logGet(43)) - raft.server.log.statemachine.data.sync.timeout = 10s (default)
2019-09-20 00:04:37,498 [pool-355-thread-1] INFO  server.RaftServerConfigKeys (ConfUtils.java:logGet(43)) - raft.server.log.statemachine.data.sync.timeout.retry = -1 (default)
2019-09-20 00:04:37,499 [pool-355-thread-1] INFO  server.RaftServerConfigKeys (ConfUtils.java:logGet(43)) - raft.server.log.statemachine.data.caching.enabled = true (custom)
2019-09-20 00:04:37,499 [pool-355-thread-1] INFO  segmented.SegmentedRaftLogWorker (SegmentedRaftLogWorker.java:lambda$new$0(132)) - f3b156d7-7eb6-46eb-bb34-4a82b6f9f404@group-054C19469BEA-SegmentedRaftLogWorker: flushIndex: setUnconditionally 0 -> -1
2019-09-20 00:04:37,499 [pool-355-thread-1] INFO  server.RaftServerConfigKeys (ConfUtils.java:logGet(43)) - raft.server.snapshot.auto.trigger.enabled = true (custom)
2019-09-20 00:04:37,499 [pool-355-thread-1] INFO  server.RaftServerConfigKeys (ConfUtils.java:logGet(43)) - raft.server.snapshot.auto.trigger.threshold = 10000 (custom)
2019-09-20 00:04:37,500 [pool-355-thread-1] INFO  server.RaftServerConfigKeys (ConfUtils.java:logGet(43)) - raft.server.snapshot.retention.num.files = 5 (custom)
2019-09-20 00:04:37,500 [pool-355-thread-1] INFO  server.RaftServerConfigKeys (ConfUtils.java:logGet(43)) - raft.server.retrycache.expirytime = 600000ms (custom)
2019-09-20 00:04:37,502 [pool-355-thread-1] INFO  impl.RaftServerImpl (RaftServerImpl.java:start(185)) - f3b156d7-7eb6-46eb-bb34-4a82b6f9f404@group-054C19469BEA: start as a follower, conf=-1: [f3b156d7-7eb6-46eb-bb34-4a82b6f9f404:192.168.5.182:33815], old=null
2019-09-20 00:04:37,503 [pool-355-thread-1] INFO  impl.RaftServerImpl (RaftServerImpl.java:setRole(174)) - f3b156d7-7eb6-46eb-bb34-4a82b6f9f404@group-054C19469BEA: changes role from      null to FOLLOWER at term 0 for startAsFollower
2019-09-20 00:04:37,503 [pool-355-thread-1] INFO  impl.RoleInfo (RoleInfo.java:updateAndGet(143)) - f3b156d7-7eb6-46eb-bb34-4a82b6f9f404: start FollowerState
2019-09-20 00:04:37,503 [pool-355-thread-1] INFO  util.JmxRegister (JmxRegister.java:tryRegister(44)) - Successfully registered JMX Bean with object name Ratis:service=RaftServer,group=group-054C19469BEA,id=f3b156d7-7eb6-46eb-bb34-4a82b6f9f404
2019-09-20 00:04:37,829 [RatisPipelineUtilsThread] INFO  pipeline.PipelineStateManager (PipelineStateManager.java:addPipeline(56)) - Created pipeline Pipeline[ Id: aaf38b32-8dce-4a2d-a03e-054c19469bea, Nodes: f3b156d7-7eb6-46eb-bb34-4a82b6f9f404{ip: 192.168.5.182, host: pr-hdds-2020-7x4rg-3348829713, networkLocation: /default-rack, certSerialId: null}, Type:RATIS, Factor:ONE, State:OPEN]
2019-09-20 00:04:37,839 [grpc-default-executor-3] INFO  impl.RaftServerProxy (RaftServerProxy.java:addNew(89)) - 382b0250-a1aa-40f3-882d-cd7fb29de27f: addNew group-3ABF64D33D41:[382b0250-a1aa-40f3-882d-cd7fb29de27f:192.168.5.182:40829] returns group-3ABF64D33D41:java.util.concurrent.CompletableFuture@3cd8e101[Not completed]
2019-09-20 00:04:37,840 [pool-305-thread-1] INFO  impl.RaftServerImpl (RaftServerImpl.java:<init>(95)) - 382b0250-a1aa-40f3-882d-cd7fb29de27f: new RaftServerImpl for group-3ABF64D33D41:[382b0250-a1aa-40f3-882d-cd7fb29de27f:192.168.5.182:40829] with ContainerStateMachine:uninitialized
2019-09-20 00:04:37,840 [pool-305-thread-1] INFO  server.RaftServerConfigKeys (ConfUtils.java:logGet(43)) - raft.server.rpc.timeout.min = 5s (custom)
2019-09-20 00:04:37,840 [pool-305-thread-1] INFO  server.RaftServerConfigKeys (ConfUtils.java:logGet(43)) - raft.server.rpc.timeout.max = 5200ms (custom)
2019-09-20 00:04:37,840 [pool-305-thread-1] INFO  server.RaftServerConfigKeys (ConfUtils.java:logGet(43)) - raft.server.rpcslowness.timeout = 120s (custom)
2019-09-20 00:04:37,840 [pool-305-thread-1] INFO  server.RaftServerConfigKeys (ConfUtils.java:logGet(43)) - raft.server.sleep.deviation.threshold = 300 (default)
2019-09-20 00:04:37,840 [pool-305-thread-1] INFO  server.RaftServerConfigKeys (ConfUtils.java:logGet(43)) - raft.server.log.appender.install.snapshot.enabled = false (custom)
2019-09-20 00:04:37,841 [pool-305-thread-1] INFO  impl.RaftServerImpl (ServerState.java:<init>(103)) - 382b0250-a1aa-40f3-882d-cd7fb29de27f@group-3ABF64D33D41: ConfigurationManager, init=-1: [382b0250-a1aa-40f3-882d-cd7fb29de27f:192.168.5.182:40829], old=null, confs=<EMPTY_MAP>
2019-09-20 00:04:37,841 [pool-305-thread-1] INFO  server.RaftServerConfigKeys (ConfUtils.java:logGet(43)) - raft.server.storage.dir = [/workdir/hadoop-ozone/integration-test/target/test-dir/MiniOzoneClusterImpl-d3f2f10e-dfea-4f41-bcae-f8f30acd02f5/datanode-1/data/ratis] (custom)
2019-09-20 00:04:37,841 [pool-305-thread-1] INFO  storage.RaftStorageDirectory (RaftStorageDirectory.java:analyzeStorage(246)) - The storage directory /workdir/hadoop-ozone/integration-test/target/test-dir/MiniOzoneClusterImpl-d3f2f10e-dfea-4f41-bcae-f8f30acd02f5/datanode-1/data/ratis/3adb6ff2-d64e-4bb3-bfa8-3abf64d33d41 does not exist. Creating ...
2019-09-20 00:04:38,258 [c63e7fee-7ebf-4ab3-a82c-403b5cf942fc@group-0BC4DF7BF4D9:LeaderElection72] INFO  impl.LeaderElection (LeaderElection.java:askForVotes(182)) - c63e7fee-7ebf-4ab3-a82c-403b5cf942fc@group-0BC4DF7BF4D9:LeaderElection72: begin an election at term 12 for 0: [8f58c883-e4ba-4cdd-8662-08249772462e:192.168.5.182:35458, c63e7fee-7ebf-4ab3-a82c-403b5cf942fc:192.168.5.182:40019, fd99f976-ef3a-47b0-8e0c-a462a244f82b:192.168.5.182:45540], old=null
2019-09-20 00:04:38,258 [pool-305-thread-1] INFO  storage.RaftStorageDirectory (RaftStorageDirectory.java:tryLock(328)) - Lock on /workdir/hadoop-ozone/integration-test/target/test-dir/MiniOzoneClusterImpl-d3f2f10e-dfea-4f41-bcae-f8f30acd02f5/datanode-1/data/ratis/3adb6ff2-d64e-4bb3-bfa8-3abf64d33d41/in_use.lock acquired by nodename 22703@pr-hdds-2020-7x4rg-3348829713
2019-09-20 00:04:38,259 [c63e7fee-7ebf-4ab3-a82c-403b5cf942fc@group-0BC4DF7BF4D9:LeaderElection72] INFO  impl.LeaderElection (LogUtils.java:infoOrTrace(149)) - c63e7fee-7ebf-4ab3-a82c-403b5cf942fc@group-0BC4DF7BF4D9:LeaderElection72 got exception when requesting votes: {}
java.util.concurrent.ExecutionException: org.apache.ratis.thirdparty.io.grpc.StatusRuntimeException: UNAVAILABLE: io exception
	at java.util.concurrent.FutureTask.report(FutureTask.java:122)
	at java.util.concurrent.FutureTask.get(FutureTask.java:192)
	at org.apache.ratis.server.impl.LeaderElection.waitForResults(LeaderElection.java:263)
	at org.apache.ratis.server.impl.LeaderElection.askForVotes(LeaderElection.java:201)
	at org.apache.ratis.server.impl.LeaderElection.run(LeaderElection.java:133)
	at java.lang.Thread.run(Thread.java:748)
Caused by: org.apache.ratis.thirdparty.io.grpc.StatusRuntimeException: UNAVAILABLE: io exception
	at org.apache.ratis.thirdparty.io.grpc.stub.ClientCalls.toStatusRuntimeException(ClientCalls.java:233)
	at org.apache.ratis.thirdparty.io.grpc.stub.ClientCalls.getUnchecked(ClientCalls.java:214)
	at org.apache.ratis.thirdparty.io.grpc.stub.ClientCalls.blockingUnaryCall(ClientCalls.java:139)
	at org.apache.ratis.proto.grpc.RaftServerProtocolServiceGrpc$RaftServerProtocolServiceBlockingStub.requestVote(RaftServerProtocolServiceGrpc.java:265)
	at org.apache.ratis.grpc.server.GrpcServerProtocolClient.requestVote(GrpcServerProtocolClient.java:90)
	at org.apache.ratis.grpc.server.GrpcService.requestVote(GrpcService.java:204)
	at org.apache.ratis.server.impl.LeaderElection.lambda$submitRequests$1(LeaderElection.java:238)
	at java.util.concurrent.FutureTask.run(FutureTask.java:266)
	at java.util.concurrent.Executors$RunnableAdapter.call(Executors.java:511)
	at java.util.concurrent.FutureTask.run(FutureTask.java:266)
	at java.util.concurrent.ThreadPoolExecutor.runWorker(ThreadPoolExecutor.java:1149)
	at java.util.concurrent.ThreadPoolExecutor$Worker.run(ThreadPoolExecutor.java:624)
	... 1 more
Caused by: org.apache.ratis.thirdparty.io.netty.channel.AbstractChannel$AnnotatedConnectException: Connection refused: /192.168.5.182:35458
	at sun.nio.ch.SocketChannelImpl.checkConnect(Native Method)
	at sun.nio.ch.SocketChannelImpl.finishConnect(SocketChannelImpl.java:717)
	at org.apache.ratis.thirdparty.io.netty.channel.socket.nio.NioSocketChannel.doFinishConnect(NioSocketChannel.java:327)
	at org.apache.ratis.thirdparty.io.netty.channel.nio.AbstractNioChannel$AbstractNioUnsafe.finishConnect(AbstractNioChannel.java:340)
	at org.apache.ratis.thirdparty.io.netty.channel.nio.NioEventLoop.processSelectedKey(NioEventLoop.java:632)
	at org.apache.ratis.thirdparty.io.netty.channel.nio.NioEventLoop.processSelectedKeysOptimized(NioEventLoop.java:579)
	at org.apache.ratis.thirdparty.io.netty.channel.nio.NioEventLoop.processSelectedKeys(NioEventLoop.java:496)
	at org.apache.ratis.thirdparty.io.netty.channel.nio.NioEventLoop.run(NioEventLoop.java:458)
	at org.apache.ratis.thirdparty.io.netty.util.concurrent.SingleThreadEventExecutor$5.run(SingleThreadEventExecutor.java:897)
	at org.apache.ratis.thirdparty.io.netty.util.concurrent.FastThreadLocalRunnable.run(FastThreadLocalRunnable.java:30)
	... 1 more
Caused by: java.net.ConnectException: Connection refused
	... 11 more
2019-09-20 00:04:38,264 [c63e7fee-7ebf-4ab3-a82c-403b5cf942fc@group-0BC4DF7BF4D9:LeaderElection72] INFO  impl.LeaderElection (LogUtils.java:infoOrTrace(149)) - c63e7fee-7ebf-4ab3-a82c-403b5cf942fc@group-0BC4DF7BF4D9:LeaderElection72 got exception when requesting votes: {}
java.util.concurrent.ExecutionException: org.apache.ratis.thirdparty.io.grpc.StatusRuntimeException: UNAVAILABLE: io exception
	at java.util.concurrent.FutureTask.report(FutureTask.java:122)
	at java.util.concurrent.FutureTask.get(FutureTask.java:192)
	at org.apache.ratis.server.impl.LeaderElection.waitForResults(LeaderElection.java:263)
	at org.apache.ratis.server.impl.LeaderElection.askForVotes(LeaderElection.java:201)
	at org.apache.ratis.server.impl.LeaderElection.run(LeaderElection.java:133)
	at java.lang.Thread.run(Thread.java:748)
Caused by: org.apache.ratis.thirdparty.io.grpc.StatusRuntimeException: UNAVAILABLE: io exception
	at org.apache.ratis.thirdparty.io.grpc.stub.ClientCalls.toStatusRuntimeException(ClientCalls.java:233)
	at org.apache.ratis.thirdparty.io.grpc.stub.ClientCalls.getUnchecked(ClientCalls.java:214)
	at org.apache.ratis.thirdparty.io.grpc.stub.ClientCalls.blockingUnaryCall(ClientCalls.java:139)
	at org.apache.ratis.proto.grpc.RaftServerProtocolServiceGrpc$RaftServerProtocolServiceBlockingStub.requestVote(RaftServerProtocolServiceGrpc.java:265)
	at org.apache.ratis.grpc.server.GrpcServerProtocolClient.requestVote(GrpcServerProtocolClient.java:90)
	at org.apache.ratis.grpc.server.GrpcService.requestVote(GrpcService.java:204)
	at org.apache.ratis.server.impl.LeaderElection.lambda$submitRequests$1(LeaderElection.java:238)
	at java.util.concurrent.FutureTask.run(FutureTask.java:266)
	at java.util.concurrent.Executors$RunnableAdapter.call(Executors.java:511)
	at java.util.concurrent.FutureTask.run(FutureTask.java:266)
	at java.util.concurrent.ThreadPoolExecutor.runWorker(ThreadPoolExecutor.java:1149)
	at java.util.concurrent.ThreadPoolExecutor$Worker.run(ThreadPoolExecutor.java:624)
	... 1 more
Caused by: org.apache.ratis.thirdparty.io.netty.channel.AbstractChannel$AnnotatedConnectException: Connection refused: /192.168.5.182:45540
	at sun.nio.ch.SocketChannelImpl.checkConnect(Native Method)
	at sun.nio.ch.SocketChannelImpl.finishConnect(SocketChannelImpl.java:717)
	at org.apache.ratis.thirdparty.io.netty.channel.socket.nio.NioSocketChannel.doFinishConnect(NioSocketChannel.java:327)
	at org.apache.ratis.thirdparty.io.netty.channel.nio.AbstractNioChannel$AbstractNioUnsafe.finishConnect(AbstractNioChannel.java:340)
	at org.apache.ratis.thirdparty.io.netty.channel.nio.NioEventLoop.processSelectedKey(NioEventLoop.java:632)
	at org.apache.ratis.thirdparty.io.netty.channel.nio.NioEventLoop.processSelectedKeysOptimized(NioEventLoop.java:579)
	at org.apache.ratis.thirdparty.io.netty.channel.nio.NioEventLoop.processSelectedKeys(NioEventLoop.java:496)
	at org.apache.ratis.thirdparty.io.netty.channel.nio.NioEventLoop.run(NioEventLoop.java:458)
	at org.apache.ratis.thirdparty.io.netty.util.concurrent.SingleThreadEventExecutor$5.run(SingleThreadEventExecutor.java:897)
	at org.apache.ratis.thirdparty.io.netty.util.concurrent.FastThreadLocalRunnable.run(FastThreadLocalRunnable.java:30)
	... 1 more
Caused by: java.net.ConnectException: Connection refused
	... 11 more
2019-09-20 00:04:38,268 [c63e7fee-7ebf-4ab3-a82c-403b5cf942fc@group-0BC4DF7BF4D9:LeaderElection72] INFO  impl.LeaderElection (LeaderElection.java:logAndReturn(56)) - c63e7fee-7ebf-4ab3-a82c-403b5cf942fc@group-0BC4DF7BF4D9:LeaderElection72: Election REJECTED; received 0 response(s) [] and 2 exception(s); c63e7fee-7ebf-4ab3-a82c-403b5cf942fc@group-0BC4DF7BF4D9:t12, leader=null, voted=c63e7fee-7ebf-4ab3-a82c-403b5cf942fc, raftlog=c63e7fee-7ebf-4ab3-a82c-403b5cf942fc@group-0BC4DF7BF4D9-SegmentedRaftLog:OPENED:c2,f2,i2, conf=0: [8f58c883-e4ba-4cdd-8662-08249772462e:192.168.5.182:35458, c63e7fee-7ebf-4ab3-a82c-403b5cf942fc:192.168.5.182:40019, fd99f976-ef3a-47b0-8e0c-a462a244f82b:192.168.5.182:45540], old=null
2019-09-20 00:04:38,268 [c63e7fee-7ebf-4ab3-a82c-403b5cf942fc@group-0BC4DF7BF4D9:LeaderElection72] INFO  impl.LeaderElection (LogUtils.java:infoOrTrace(149)) -   Exception 0: {}
java.util.concurrent.ExecutionException: org.apache.ratis.thirdparty.io.grpc.StatusRuntimeException: UNAVAILABLE: io exception
	at java.util.concurrent.FutureTask.report(FutureTask.java:122)
	at java.util.concurrent.FutureTask.get(FutureTask.java:192)
	at org.apache.ratis.server.impl.LeaderElection.waitForResults(LeaderElection.java:263)
	at org.apache.ratis.server.impl.LeaderElection.askForVotes(LeaderElection.java:201)
	at org.apache.ratis.server.impl.LeaderElection.run(LeaderElection.java:133)
	at java.lang.Thread.run(Thread.java:748)
Caused by: org.apache.ratis.thirdparty.io.grpc.StatusRuntimeException: UNAVAILABLE: io exception
	at org.apache.ratis.thirdparty.io.grpc.stub.ClientCalls.toStatusRuntimeException(ClientCalls.java:233)
	at org.apache.ratis.thirdparty.io.grpc.stub.ClientCalls.getUnchecked(ClientCalls.java:214)
	at org.apache.ratis.thirdparty.io.grpc.stub.ClientCalls.blockingUnaryCall(ClientCalls.java:139)
	at org.apache.ratis.proto.grpc.RaftServerProtocolServiceGrpc$RaftServerProtocolServiceBlockingStub.requestVote(RaftServerProtocolServiceGrpc.java:265)
	at org.apache.ratis.grpc.server.GrpcServerProtocolClient.requestVote(GrpcServerProtocolClient.java:90)
	at org.apache.ratis.grpc.server.GrpcService.requestVote(GrpcService.java:204)
	at org.apache.ratis.server.impl.LeaderElection.lambda$submitRequests$1(LeaderElection.java:238)
	at java.util.concurrent.FutureTask.run(FutureTask.java:266)
	at java.util.concurrent.Executors$RunnableAdapter.call(Executors.java:511)
	at java.util.concurrent.FutureTask.run(FutureTask.java:266)
	at java.util.concurrent.ThreadPoolExecutor.runWorker(ThreadPoolExecutor.java:1149)
	at java.util.concurrent.ThreadPoolExecutor$Worker.run(ThreadPoolExecutor.java:624)
	... 1 more
Caused by: org.apache.ratis.thirdparty.io.netty.channel.AbstractChannel$AnnotatedConnectException: Connection refused: /192.168.5.182:35458
	at sun.nio.ch.SocketChannelImpl.checkConnect(Native Method)
	at sun.nio.ch.SocketChannelImpl.finishConnect(SocketChannelImpl.java:717)
	at org.apache.ratis.thirdparty.io.netty.channel.socket.nio.NioSocketChannel.doFinishConnect(NioSocketChannel.java:327)
	at org.apache.ratis.thirdparty.io.netty.channel.nio.AbstractNioChannel$AbstractNioUnsafe.finishConnect(AbstractNioChannel.java:340)
	at org.apache.ratis.thirdparty.io.netty.channel.nio.NioEventLoop.processSelectedKey(NioEventLoop.java:632)
	at org.apache.ratis.thirdparty.io.netty.channel.nio.NioEventLoop.processSelectedKeysOptimized(NioEventLoop.java:579)
	at org.apache.ratis.thirdparty.io.netty.channel.nio.NioEventLoop.processSelectedKeys(NioEventLoop.java:496)
	at org.apache.ratis.thirdparty.io.netty.channel.nio.NioEventLoop.run(NioEventLoop.java:458)
	at org.apache.ratis.thirdparty.io.netty.util.concurrent.SingleThreadEventExecutor$5.run(SingleThreadEventExecutor.java:897)
	at org.apache.ratis.thirdparty.io.netty.util.concurrent.FastThreadLocalRunnable.run(FastThreadLocalRunnable.java:30)
	... 1 more
Caused by: java.net.ConnectException: Connection refused
	... 11 more
2019-09-20 00:04:38,268 [c63e7fee-7ebf-4ab3-a82c-403b5cf942fc@group-0BC4DF7BF4D9:LeaderElection72] INFO  impl.LeaderElection (LogUtils.java:infoOrTrace(149)) -   Exception 1: {}
java.util.concurrent.ExecutionException: org.apache.ratis.thirdparty.io.grpc.StatusRuntimeException: UNAVAILABLE: io exception
	at java.util.concurrent.FutureTask.report(FutureTask.java:122)
	at java.util.concurrent.FutureTask.get(FutureTask.java:192)
	at org.apache.ratis.server.impl.LeaderElection.waitForResults(LeaderElection.java:263)
	at org.apache.ratis.server.impl.LeaderElection.askForVotes(LeaderElection.java:201)
	at org.apache.ratis.server.impl.LeaderElection.run(LeaderElection.java:133)
	at java.lang.Thread.run(Thread.java:748)
Caused by: org.apache.ratis.thirdparty.io.grpc.StatusRuntimeException: UNAVAILABLE: io exception
	at org.apache.ratis.thirdparty.io.grpc.stub.ClientCalls.toStatusRuntimeException(ClientCalls.java:233)
	at org.apache.ratis.thirdparty.io.grpc.stub.ClientCalls.getUnchecked(ClientCalls.java:214)
	at org.apache.ratis.thirdparty.io.grpc.stub.ClientCalls.blockingUnaryCall(ClientCalls.java:139)
	at org.apache.ratis.proto.grpc.RaftServerProtocolServiceGrpc$RaftServerProtocolServiceBlockingStub.requestVote(RaftServerProtocolServiceGrpc.java:265)
	at org.apache.ratis.grpc.server.GrpcServerProtocolClient.requestVote(GrpcServerProtocolClient.java:90)
	at org.apache.ratis.grpc.server.GrpcService.requestVote(GrpcService.java:204)
	at org.apache.ratis.server.impl.LeaderElection.lambda$submitRequests$1(LeaderElection.java:238)
	at java.util.concurrent.FutureTask.run(FutureTask.java:266)
	at java.util.concurrent.Executors$RunnableAdapter.call(Executors.java:511)
	at java.util.concurrent.FutureTask.run(FutureTask.java:266)
	at java.util.concurrent.ThreadPoolExecutor.runWorker(ThreadPoolExecutor.java:1149)
	at java.util.concurrent.ThreadPoolExecutor$Worker.run(ThreadPoolExecutor.java:624)
	... 1 more
Caused by: org.apache.ratis.thirdparty.io.netty.channel.AbstractChannel$AnnotatedConnectException: Connection refused: /192.168.5.182:45540
	at sun.nio.ch.SocketChannelImpl.checkConnect(Native Method)
	at sun.nio.ch.SocketChannelImpl.finishConnect(SocketChannelImpl.java:717)
	at org.apache.ratis.thirdparty.io.netty.channel.socket.nio.NioSocketChannel.doFinishConnect(NioSocketChannel.java:327)
	at org.apache.ratis.thirdparty.io.netty.channel.nio.AbstractNioChannel$AbstractNioUnsafe.finishConnect(AbstractNioChannel.java:340)
	at org.apache.ratis.thirdparty.io.netty.channel.nio.NioEventLoop.processSelectedKey(NioEventLoop.java:632)
	at org.apache.ratis.thirdparty.io.netty.channel.nio.NioEventLoop.processSelectedKeysOptimized(NioEventLoop.java:579)
	at org.apache.ratis.thirdparty.io.netty.channel.nio.NioEventLoop.processSelectedKeys(NioEventLoop.java:496)
	at org.apache.ratis.thirdparty.io.netty.channel.nio.NioEventLoop.run(NioEventLoop.java:458)
	at org.apache.ratis.thirdparty.io.netty.util.concurrent.SingleThreadEventExecutor$5.run(SingleThreadEventExecutor.java:897)
	at org.apache.ratis.thirdparty.io.netty.util.concurrent.FastThreadLocalRunnable.run(FastThreadLocalRunnable.java:30)
	... 1 more
Caused by: java.net.ConnectException: Connection refused
	... 11 more
2019-09-20 00:04:38,269 [c63e7fee-7ebf-4ab3-a82c-403b5cf942fc@group-0BC4DF7BF4D9:LeaderElection72] INFO  impl.RaftServerImpl (RaftServerImpl.java:setRole(174)) - c63e7fee-7ebf-4ab3-a82c-403b5cf942fc@group-0BC4DF7BF4D9: changes role from CANDIDATE to FOLLOWER at term 12 for DISCOVERED_A_NEW_TERM
2019-09-20 00:04:38,269 [c63e7fee-7ebf-4ab3-a82c-403b5cf942fc@group-0BC4DF7BF4D9:LeaderElection72] INFO  impl.RoleInfo (RoleInfo.java:shutdownLeaderElection(134)) - c63e7fee-7ebf-4ab3-a82c-403b5cf942fc: shutdown LeaderElection
2019-09-20 00:04:38,269 [c63e7fee-7ebf-4ab3-a82c-403b5cf942fc@group-0BC4DF7BF4D9:LeaderElection72] INFO  impl.RoleInfo (RoleInfo.java:updateAndGet(143)) - c63e7fee-7ebf-4ab3-a82c-403b5cf942fc: start FollowerState
2019-09-20 00:04:39,341 [Thread-2028] INFO  impl.FollowerState (FollowerState.java:run(106)) - 382b0250-a1aa-40f3-882d-cd7fb29de27f:group-4DF5A04227EE changes to CANDIDATE, lastRpcTime:5006, electionTimeout:5006ms
2019-09-20 00:04:39,346 [Thread-2028] INFO  impl.RoleInfo (RoleInfo.java:shutdownFollowerState(121)) - 382b0250-a1aa-40f3-882d-cd7fb29de27f: shutdown FollowerState
2019-09-20 00:04:39,346 [Thread-2028] INFO  impl.RaftServerImpl (RaftServerImpl.java:setRole(174)) - 382b0250-a1aa-40f3-882d-cd7fb29de27f@group-4DF5A04227EE: changes role from  FOLLOWER to CANDIDATE at term 0 for changeToCandidate
2019-09-20 00:04:39,346 [Thread-2028] INFO  impl.RoleInfo (RoleInfo.java:updateAndGet(143)) - 382b0250-a1aa-40f3-882d-cd7fb29de27f: start LeaderElection
2019-09-20 00:04:39,404 [Thread-2027] INFO  impl.FollowerState (FollowerState.java:run(106)) - 3d170688-536a-4a66-a9c9-289315ef27c2:group-4DF5A04227EE changes to CANDIDATE, lastRpcTime:5070, electionTimeout:5070ms
2019-09-20 00:04:39,405 [Thread-2027] INFO  impl.RoleInfo (RoleInfo.java:shutdownFollowerState(121)) - 3d170688-536a-4a66-a9c9-289315ef27c2: shutdown FollowerState
2019-09-20 00:04:39,405 [Thread-2027] INFO  impl.RaftServerImpl (RaftServerImpl.java:setRole(174)) - 3d170688-536a-4a66-a9c9-289315ef27c2@group-4DF5A04227EE: changes role from  FOLLOWER to CANDIDATE at term 0 for changeToCandidate
2019-09-20 00:04:39,405 [Thread-2027] INFO  impl.RoleInfo (RoleInfo.java:updateAndGet(143)) - 3d170688-536a-4a66-a9c9-289315ef27c2: start LeaderElection
2019-09-20 00:04:39,476 [Thread-2025] INFO  impl.FollowerState (FollowerState.java:run(106)) - f3b156d7-7eb6-46eb-bb34-4a82b6f9f404:group-4DF5A04227EE changes to CANDIDATE, lastRpcTime:5148, electionTimeout:5148ms
2019-09-20 00:04:39,477 [Thread-2025] INFO  impl.RoleInfo (RoleInfo.java:shutdownFollowerState(121)) - f3b156d7-7eb6-46eb-bb34-4a82b6f9f404: shutdown FollowerState
2019-09-20 00:04:39,477 [Thread-2025] INFO  impl.RaftServerImpl (RaftServerImpl.java:setRole(174)) - f3b156d7-7eb6-46eb-bb34-4a82b6f9f404@group-4DF5A04227EE: changes role from  FOLLOWER to CANDIDATE at term 0 for changeToCandidate
2019-09-20 00:04:39,477 [Thread-2025] INFO  impl.RoleInfo (RoleInfo.java:updateAndGet(143)) - f3b156d7-7eb6-46eb-bb34-4a82b6f9f404: start LeaderElection
2019-09-20 00:04:40,841 [RATISCREATEPIPELINE1] ERROR pipeline.RatisPipelineProvider (RatisPipelineProvider.java:lambda$null$5(235)) - Failed invoke Ratis rpc org.apache.hadoop.hdds.scm.pipeline.RatisPipelineProvider$$Lambda$200/625576800@788319e8 for 382b0250-a1aa-40f3-882d-cd7fb29de27f
org.apache.ratis.protocol.TimeoutIOException: deadline exceeded after 2999834141ns
	at org.apache.ratis.grpc.GrpcUtil.tryUnwrapException(GrpcUtil.java:82)
	at org.apache.ratis.grpc.GrpcUtil.unwrapException(GrpcUtil.java:75)
	at org.apache.ratis.grpc.client.GrpcClientProtocolClient.blockingCall(GrpcClientProtocolClient.java:178)
	at org.apache.ratis.grpc.client.GrpcClientProtocolClient.groupAdd(GrpcClientProtocolClient.java:147)
	at org.apache.ratis.grpc.client.GrpcClientRpc.sendRequest(GrpcClientRpc.java:94)
	at org.apache.ratis.client.impl.RaftClientImpl.sendRequest(RaftClientImpl.java:278)
	at org.apache.ratis.client.impl.RaftClientImpl.groupAdd(RaftClientImpl.java:205)
	at org.apache.hadoop.hdds.scm.pipeline.RatisPipelineProvider.lambda$initializePipeline$4(RatisPipelineProvider.java:196)
	at org.apache.hadoop.hdds.scm.pipeline.RatisPipelineProvider.lambda$null$5(RatisPipelineProvider.java:231)
	at java.util.stream.ForEachOps$ForEachOp$OfRef.accept(ForEachOps.java:184)
	at java.util.ArrayList$ArrayListSpliterator.forEachRemaining(ArrayList.java:1382)
	at java.util.stream.AbstractPipeline.copyInto(AbstractPipeline.java:482)
	at java.util.stream.ForEachOps$ForEachTask.compute(ForEachOps.java:291)
	at java.util.concurrent.CountedCompleter.exec(CountedCompleter.java:731)
	at java.util.concurrent.ForkJoinTask.doExec(ForkJoinTask.java:289)
	at java.util.concurrent.ForkJoinTask.doInvoke(ForkJoinTask.java:401)
	at java.util.concurrent.ForkJoinTask.invoke(ForkJoinTask.java:734)
	at java.util.stream.ForEachOps$ForEachOp.evaluateParallel(ForEachOps.java:160)
	at java.util.stream.ForEachOps$ForEachOp$OfRef.evaluateParallel(ForEachOps.java:174)
	at java.util.stream.AbstractPipeline.evaluate(AbstractPipeline.java:233)
	at java.util.stream.ReferencePipeline.forEach(ReferencePipeline.java:418)
	at java.util.stream.ReferencePipeline$Head.forEach(ReferencePipeline.java:583)
	at org.apache.hadoop.hdds.scm.pipeline.RatisPipelineProvider.lambda$callRatisRpc$6(RatisPipelineProvider.java:225)
	at java.util.concurrent.ForkJoinTask$AdaptedRunnableAction.exec(ForkJoinTask.java:1386)
	at java.util.concurrent.ForkJoinTask.doExec(ForkJoinTask.java:289)
	at java.util.concurrent.ForkJoinPool$WorkQueue.runTask(ForkJoinPool.java:1056)
	at java.util.concurrent.ForkJoinPool.runWorker(ForkJoinPool.java:1692)
	at java.util.concurrent.ForkJoinWorkerThread.run(ForkJoinWorkerThread.java:157)
Caused by: org.apache.ratis.thirdparty.io.grpc.StatusRuntimeException: DEADLINE_EXCEEDED: deadline exceeded after 2999834141ns
	at org.apache.ratis.thirdparty.io.grpc.stub.ClientCalls.toStatusRuntimeException(ClientCalls.java:233)
	at org.apache.ratis.thirdparty.io.grpc.stub.ClientCalls.getUnchecked(ClientCalls.java:214)
	at org.apache.ratis.thirdparty.io.grpc.stub.ClientCalls.blockingUnaryCall(ClientCalls.java:139)
	at org.apache.ratis.proto.grpc.AdminProtocolServiceGrpc$AdminProtocolServiceBlockingStub.groupManagement(AdminProtocolServiceGrpc.java:274)
	at org.apache.ratis.grpc.client.GrpcClientProtocolClient.lambda$groupAdd$3(GrpcClientProtocolClient.java:149)
	at org.apache.ratis.grpc.client.GrpcClientProtocolClient.blockingCall(GrpcClientProtocolClient.java:176)
	... 25 more
2019-09-20 00:04:40,939 [grpc-default-executor-1] INFO  client.GrpcClientProtocolClient (GrpcClientProtocolClient.java:onNext(264)) - client-A41B7215C437->f3b156d7-7eb6-46eb-bb34-4a82b6f9f404: receive RaftClientReply:client-A41B7215C437->f3b156d7-7eb6-46eb-bb34-4a82b6f9f404@group-4DF5A04227EE, cid=81, FAILED org.apache.ratis.protocol.NotLeaderException: Server f3b156d7-7eb6-46eb-bb34-4a82b6f9f404@group-4DF5A04227EE is not the leader, logIndex=0, commits[f3b156d7-7eb6-46eb-bb34-4a82b6f9f404:c-1]
2019-09-20 00:04:41,352 [Thread-2037] INFO  impl.FollowerState (FollowerState.java:run(106)) - 5f35e7da-28ae-4b25-a1a4-54a4278033f1:group-032B6602E80F changes to CANDIDATE, lastRpcTime:5047, electionTimeout:5047ms
2019-09-20 00:04:41,352 [Thread-2037] INFO  impl.RoleInfo (RoleInfo.java:shutdownFollowerState(121)) - 5f35e7da-28ae-4b25-a1a4-54a4278033f1: shutdown FollowerState
2019-09-20 00:04:41,353 [Thread-2037] INFO  impl.RaftServerImpl (RaftServerImpl.java:setRole(174)) - 5f35e7da-28ae-4b25-a1a4-54a4278033f1@group-032B6602E80F: changes role from  FOLLOWER to CANDIDATE at term 0 for changeToCandidate
2019-09-20 00:04:41,353 [Thread-2037] INFO  impl.RoleInfo (RoleInfo.java:updateAndGet(143)) - 5f35e7da-28ae-4b25-a1a4-54a4278033f1: start LeaderElection
2019-09-20 00:04:41,398 [Thread-2036] INFO  impl.FollowerState (FollowerState.java:run(106)) - 89de1964-3948-43a8-885a-142089a2f45f:group-032B6602E80F changes to CANDIDATE, lastRpcTime:5093, electionTimeout:5093ms
2019-09-20 00:04:41,398 [Thread-2036] INFO  impl.RoleInfo (RoleInfo.java:shutdownFollowerState(121)) - 89de1964-3948-43a8-885a-142089a2f45f: shutdown FollowerState
2019-09-20 00:04:41,398 [Thread-2036] INFO  impl.RaftServerImpl (RaftServerImpl.java:setRole(174)) - 89de1964-3948-43a8-885a-142089a2f45f@group-032B6602E80F: changes role from  FOLLOWER to CANDIDATE at term 0 for changeToCandidate
2019-09-20 00:04:41,398 [Thread-2036] INFO  impl.RoleInfo (RoleInfo.java:updateAndGet(143)) - 89de1964-3948-43a8-885a-142089a2f45f: start LeaderElection
2019-09-20 00:04:41,442 [Thread-2038] INFO  impl.FollowerState (FollowerState.java:run(106)) - 7d878657-54f8-4791-978a-386f775e0485:group-032B6602E80F changes to CANDIDATE, lastRpcTime:5137, electionTimeout:5137ms
2019-09-20 00:04:41,442 [Thread-2038] INFO  impl.RoleInfo (RoleInfo.java:shutdownFollowerState(121)) - 7d878657-54f8-4791-978a-386f775e0485: shutdown FollowerState
2019-09-20 00:04:41,443 [Thread-2038] INFO  impl.RaftServerImpl (RaftServerImpl.java:setRole(174)) - 7d878657-54f8-4791-978a-386f775e0485@group-032B6602E80F: changes role from  FOLLOWER to CANDIDATE at term 0 for changeToCandidate
2019-09-20 00:04:41,443 [Thread-2038] INFO  impl.RoleInfo (RoleInfo.java:updateAndGet(143)) - 7d878657-54f8-4791-978a-386f775e0485: start LeaderElection
2019-09-20 00:04:41,827 [pool-305-thread-1] INFO  storage.RaftStorage (RaftStorage.java:format(72)) - Storage directory /workdir/hadoop-ozone/integration-test/target/test-dir/MiniOzoneClusterImpl-d3f2f10e-dfea-4f41-bcae-f8f30acd02f5/datanode-1/data/ratis/3adb6ff2-d64e-4bb3-bfa8-3abf64d33d41 has been successfully formatted.
2019-09-20 00:04:41,827 [pool-305-thread-1] INFO  ratis.ContainerStateMachine (ContainerStateMachine.java:loadSnapshot(230)) - group-3ABF64D33D41: The snapshot info is null. Setting the last applied indexto:(t:0, i:~)
2019-09-20 00:04:41,827 [pool-305-thread-1] INFO  server.RaftServerConfigKeys (ConfUtils.java:logGet(43)) - raft.server.notification.no-leader.timeout = 120s (custom)
2019-09-20 00:04:41,828 [pool-305-thread-1] INFO  server.RaftServerConfigKeys (ConfUtils.java:logGet(43)) - raft.server.log.use.memory = false (default)
2019-09-20 00:04:41,828 [pool-305-thread-1] INFO  server.RaftServerConfigKeys (ConfUtils.java:logGet(43)) - raft.server.log.purge.gap = 1000000 (custom)
2019-09-20 00:04:41,828 [pool-305-thread-1] INFO  server.RaftServerConfigKeys (ConfUtils.java:logGet(43)) - raft.server.log.appender.buffer.byte-limit = 33554432 (custom)
2019-09-20 00:04:41,828 [pool-305-thread-1] INFO  server.RaftServerConfigKeys (ConfUtils.java:logGet(43)) - raft.server.log.segment.size.max = 1048576 (custom)
2019-09-20 00:04:41,828 [pool-305-thread-1] INFO  server.RaftServerConfigKeys (ConfUtils.java:logGet(43)) - raft.server.log.segment.cache.num.max = 2 (custom)
2019-09-20 00:04:41,828 [pool-305-thread-1] INFO  segmented.SegmentedRaftLogWorker (SegmentedRaftLogWorker.java:<init>(172)) - new 382b0250-a1aa-40f3-882d-cd7fb29de27f@group-3ABF64D33D41-SegmentedRaftLogWorker for RaftStorage:Storage Directory /workdir/hadoop-ozone/integration-test/target/test-dir/MiniOzoneClusterImpl-d3f2f10e-dfea-4f41-bcae-f8f30acd02f5/datanode-1/data/ratis/3adb6ff2-d64e-4bb3-bfa8-3abf64d33d41
2019-09-20 00:04:41,828 [pool-305-thread-1] INFO  server.RaftServerConfigKeys (ConfUtils.java:logGet(43)) - raft.server.log.queue.byte-limit = 2147483647 (custom)
2019-09-20 00:04:41,828 [pool-305-thread-1] INFO  server.RaftServerConfigKeys (ConfUtils.java:logGet(43)) - raft.server.log.queue.element-limit = 1024 (custom)
2019-09-20 00:04:41,829 [pool-305-thread-1] INFO  server.RaftServerConfigKeys (ConfUtils.java:logGet(43)) - raft.server.log.segment.size.max = 1048576 (custom)
2019-09-20 00:04:41,829 [pool-305-thread-1] INFO  server.RaftServerConfigKeys (ConfUtils.java:logGet(43)) - raft.server.log.preallocated.size = 16384 (custom)
2019-09-20 00:04:41,829 [pool-305-thread-1] INFO  server.RaftServerConfigKeys (ConfUtils.java:logGet(43)) - raft.server.log.write.buffer.size = 33554432 (custom)
2019-09-20 00:04:41,829 [pool-305-thread-1] INFO  server.RaftServerConfigKeys (ConfUtils.java:logGet(43)) - raft.server.log.force.sync.num = 128 (default)
2019-09-20 00:04:41,829 [pool-305-thread-1] INFO  server.RaftServerConfigKeys (ConfUtils.java:logGet(43)) - raft.server.log.statemachine.data.sync = true (default)
2019-09-20 00:04:41,829 [pool-305-thread-1] INFO  server.RaftServerConfigKeys (ConfUtils.java:logGet(43)) - raft.server.log.statemachine.data.sync.timeout = 10s (default)
2019-09-20 00:04:41,829 [pool-305-thread-1] INFO  server.RaftServerConfigKeys (ConfUtils.java:logGet(43)) - raft.server.log.statemachine.data.sync.timeout.retry = -1 (default)
2019-09-20 00:04:41,829 [pool-305-thread-1] INFO  server.RaftServerConfigKeys (ConfUtils.java:logGet(43)) - raft.server.log.statemachine.data.caching.enabled = true (custom)
2019-09-20 00:04:41,829 [pool-305-thread-1] INFO  segmented.SegmentedRaftLogWorker (SegmentedRaftLogWorker.java:lambda$new$0(132)) - 382b0250-a1aa-40f3-882d-cd7fb29de27f@group-3ABF64D33D41-SegmentedRaftLogWorker: flushIndex: setUnconditionally 0 -> -1
2019-09-20 00:04:41,830 [pool-305-thread-1] INFO  server.RaftServerConfigKeys (ConfUtils.java:logGet(43)) - raft.server.snapshot.auto.trigger.enabled = true (custom)
2019-09-20 00:04:41,830 [pool-305-thread-1] INFO  server.RaftServerConfigKeys (ConfUtils.java:logGet(43)) - raft.server.snapshot.auto.trigger.threshold = 10000 (custom)
2019-09-20 00:04:41,830 [pool-305-thread-1] INFO  server.RaftServerConfigKeys (ConfUtils.java:logGet(43)) - raft.server.snapshot.retention.num.files = 5 (custom)
2019-09-20 00:04:41,830 [pool-305-thread-1] INFO  server.RaftServerConfigKeys (ConfUtils.java:logGet(43)) - raft.server.retrycache.expirytime = 600000ms (custom)
2019-09-20 00:04:41,832 [pool-305-thread-1] INFO  impl.RaftServerImpl (RaftServerImpl.java:start(185)) - 382b0250-a1aa-40f3-882d-cd7fb29de27f@group-3ABF64D33D41: start as a follower, conf=-1: [382b0250-a1aa-40f3-882d-cd7fb29de27f:192.168.5.182:40829], old=null
2019-09-20 00:04:41,832 [pool-305-thread-1] INFO  impl.RaftServerImpl (RaftServerImpl.java:setRole(174)) - 382b0250-a1aa-40f3-882d-cd7fb29de27f@group-3ABF64D33D41: changes role from      null to FOLLOWER at term 0 for startAsFollower
2019-09-20 00:04:41,832 [pool-305-thread-1] INFO  impl.RoleInfo (RoleInfo.java:updateAndGet(143)) - 382b0250-a1aa-40f3-882d-cd7fb29de27f: start FollowerState
2019-09-20 00:04:41,832 [pool-305-thread-1] INFO  util.JmxRegister (JmxRegister.java:tryRegister(44)) - Successfully registered JMX Bean with object name Ratis:service=RaftServer,group=group-3ABF64D33D41,id=382b0250-a1aa-40f3-882d-cd7fb29de27f
2019-09-20 00:04:41,977 [grpc-default-executor-3] INFO  client.GrpcClientProtocolClient (GrpcClientProtocolClient.java:onNext(264)) - client-A41B7215C437->3d170688-536a-4a66-a9c9-289315ef27c2: receive RaftClientReply:client-A41B7215C437->3d170688-536a-4a66-a9c9-289315ef27c2@group-4DF5A04227EE, cid=81, FAILED org.apache.ratis.protocol.NotLeaderException: Server 3d170688-536a-4a66-a9c9-289315ef27c2@group-4DF5A04227EE is not the leader, logIndex=0, commits[3d170688-536a-4a66-a9c9-289315ef27c2:c-1]
2019-09-20 00:04:42,517 [382b0250-a1aa-40f3-882d-cd7fb29de27f@group-4DF5A04227EE:LeaderElection73] INFO  impl.LeaderElection (LeaderElection.java:askForVotes(182)) - 382b0250-a1aa-40f3-882d-cd7fb29de27f@group-4DF5A04227EE:LeaderElection73: begin an election at term 1 for -1: [382b0250-a1aa-40f3-882d-cd7fb29de27f:192.168.5.182:40829, f3b156d7-7eb6-46eb-bb34-4a82b6f9f404:192.168.5.182:33815, 3d170688-536a-4a66-a9c9-289315ef27c2:192.168.5.182:32785], old=null
2019-09-20 00:04:42,517 [f3b156d7-7eb6-46eb-bb34-4a82b6f9f404@group-4DF5A04227EE:LeaderElection75] INFO  impl.LeaderElection (LeaderElection.java:askForVotes(182)) - f3b156d7-7eb6-46eb-bb34-4a82b6f9f404@group-4DF5A04227EE:LeaderElection75: begin an election at term 1 for -1: [382b0250-a1aa-40f3-882d-cd7fb29de27f:192.168.5.182:40829, f3b156d7-7eb6-46eb-bb34-4a82b6f9f404:192.168.5.182:33815, 3d170688-536a-4a66-a9c9-289315ef27c2:192.168.5.182:32785], old=null
2019-09-20 00:04:42,517 [3d170688-536a-4a66-a9c9-289315ef27c2@group-4DF5A04227EE:LeaderElection74] INFO  impl.LeaderElection (LeaderElection.java:askForVotes(182)) - 3d170688-536a-4a66-a9c9-289315ef27c2@group-4DF5A04227EE:LeaderElection74: begin an election at term 1 for -1: [382b0250-a1aa-40f3-882d-cd7fb29de27f:192.168.5.182:40829, f3b156d7-7eb6-46eb-bb34-4a82b6f9f404:192.168.5.182:33815, 3d170688-536a-4a66-a9c9-289315ef27c2:192.168.5.182:32785], old=null
2019-09-20 00:04:42,518 [89de1964-3948-43a8-885a-142089a2f45f@group-032B6602E80F:LeaderElection77] INFO  impl.LeaderElection (LeaderElection.java:askForVotes(182)) - 89de1964-3948-43a8-885a-142089a2f45f@group-032B6602E80F:LeaderElection77: begin an election at term 1 for -1: [7d878657-54f8-4791-978a-386f775e0485:192.168.5.182:36462, 5f35e7da-28ae-4b25-a1a4-54a4278033f1:192.168.5.182:43639, 89de1964-3948-43a8-885a-142089a2f45f:192.168.5.182:39929], old=null
2019-09-20 00:04:42,518 [7d878657-54f8-4791-978a-386f775e0485@group-032B6602E80F:LeaderElection78] INFO  impl.LeaderElection (LeaderElection.java:askForVotes(182)) - 7d878657-54f8-4791-978a-386f775e0485@group-032B6602E80F:LeaderElection78: begin an election at term 1 for -1: [7d878657-54f8-4791-978a-386f775e0485:192.168.5.182:36462, 5f35e7da-28ae-4b25-a1a4-54a4278033f1:192.168.5.182:43639, 89de1964-3948-43a8-885a-142089a2f45f:192.168.5.182:39929], old=null
2019-09-20 00:04:42,518 [5f35e7da-28ae-4b25-a1a4-54a4278033f1@group-032B6602E80F:LeaderElection76] INFO  impl.LeaderElection (LeaderElection.java:askForVotes(182)) - 5f35e7da-28ae-4b25-a1a4-54a4278033f1@group-032B6602E80F:LeaderElection76: begin an election at term 1 for -1: [7d878657-54f8-4791-978a-386f775e0485:192.168.5.182:36462, 5f35e7da-28ae-4b25-a1a4-54a4278033f1:192.168.5.182:43639, 89de1964-3948-43a8-885a-142089a2f45f:192.168.5.182:39929], old=null
2019-09-20 00:04:42,537 [Thread-2047] INFO  impl.FollowerState (FollowerState.java:run(106)) - f3b156d7-7eb6-46eb-bb34-4a82b6f9f404:group-054C19469BEA changes to CANDIDATE, lastRpcTime:5033, electionTimeout:5032ms
2019-09-20 00:04:42,537 [Thread-2047] INFO  impl.RoleInfo (RoleInfo.java:shutdownFollowerState(121)) - f3b156d7-7eb6-46eb-bb34-4a82b6f9f404: shutdown FollowerState
2019-09-20 00:04:42,537 [Thread-2047] INFO  impl.RaftServerImpl (RaftServerImpl.java:setRole(174)) - f3b156d7-7eb6-46eb-bb34-4a82b6f9f404@group-054C19469BEA: changes role from  FOLLOWER to CANDIDATE at term 0 for changeToCandidate
2019-09-20 00:04:42,538 [Thread-2047] INFO  impl.RoleInfo (RoleInfo.java:updateAndGet(143)) - f3b156d7-7eb6-46eb-bb34-4a82b6f9f404: start LeaderElection
2019-09-20 00:04:42,592 [5f35e7da-28ae-4b25-a1a4-54a4278033f1@group-032B6602E80F:LeaderElection76] INFO  impl.LeaderElection (LeaderElection.java:logAndReturn(56)) - 5f35e7da-28ae-4b25-a1a4-54a4278033f1@group-032B6602E80F:LeaderElection76: Election REJECTED; received 2 response(s) [5f35e7da-28ae-4b25-a1a4-54a4278033f1<-7d878657-54f8-4791-978a-386f775e0485#0:FAIL-t1, 5f35e7da-28ae-4b25-a1a4-54a4278033f1<-89de1964-3948-43a8-885a-142089a2f45f#0:FAIL-t1] and 0 exception(s); 5f35e7da-28ae-4b25-a1a4-54a4278033f1@group-032B6602E80F:t1, leader=null, voted=5f35e7da-28ae-4b25-a1a4-54a4278033f1, raftlog=5f35e7da-28ae-4b25-a1a4-54a4278033f1@group-032B6602E80F-SegmentedRaftLog:OPENED:c-1,f-1,i0, conf=-1: [7d878657-54f8-4791-978a-386f775e0485:192.168.5.182:36462, 5f35e7da-28ae-4b25-a1a4-54a4278033f1:192.168.5.182:43639, 89de1964-3948-43a8-885a-142089a2f45f:192.168.5.182:39929], old=null
2019-09-20 00:04:42,592 [5f35e7da-28ae-4b25-a1a4-54a4278033f1@group-032B6602E80F:LeaderElection76] INFO  impl.RaftServerImpl (RaftServerImpl.java:setRole(174)) - 5f35e7da-28ae-4b25-a1a4-54a4278033f1@group-032B6602E80F: changes role from CANDIDATE to FOLLOWER at term 1 for DISCOVERED_A_NEW_TERM
2019-09-20 00:04:42,594 [5f35e7da-28ae-4b25-a1a4-54a4278033f1@group-032B6602E80F:LeaderElection76] INFO  impl.RoleInfo (RoleInfo.java:shutdownLeaderElection(134)) - 5f35e7da-28ae-4b25-a1a4-54a4278033f1: shutdown LeaderElection
2019-09-20 00:04:42,595 [f3b156d7-7eb6-46eb-bb34-4a82b6f9f404@group-054C19469BEA:LeaderElection79] INFO  impl.LeaderElection (LeaderElection.java:askForVotes(182)) - f3b156d7-7eb6-46eb-bb34-4a82b6f9f404@group-054C19469BEA:LeaderElection79: begin an election at term 1 for -1: [f3b156d7-7eb6-46eb-bb34-4a82b6f9f404:192.168.5.182:33815], old=null
2019-09-20 00:04:42,594 [382b0250-a1aa-40f3-882d-cd7fb29de27f@group-4DF5A04227EE:LeaderElection73] INFO  impl.LeaderElection (LeaderElection.java:logAndReturn(56)) - 382b0250-a1aa-40f3-882d-cd7fb29de27f@group-4DF5A04227EE:LeaderElection73: Election REJECTED; received 2 response(s) [382b0250-a1aa-40f3-882d-cd7fb29de27f<-f3b156d7-7eb6-46eb-bb34-4a82b6f9f404#0:FAIL-t1, 382b0250-a1aa-40f3-882d-cd7fb29de27f<-3d170688-536a-4a66-a9c9-289315ef27c2#0:FAIL-t1] and 0 exception(s); 382b0250-a1aa-40f3-882d-cd7fb29de27f@group-4DF5A04227EE:t1, leader=null, voted=382b0250-a1aa-40f3-882d-cd7fb29de27f, raftlog=382b0250-a1aa-40f3-882d-cd7fb29de27f@group-4DF5A04227EE-SegmentedRaftLog:OPENED:c-1,f-1,i0, conf=-1: [382b0250-a1aa-40f3-882d-cd7fb29de27f:192.168.5.182:40829, f3b156d7-7eb6-46eb-bb34-4a82b6f9f404:192.168.5.182:33815, 3d170688-536a-4a66-a9c9-289315ef27c2:192.168.5.182:32785], old=null
2019-09-20 00:04:42,605 [f3b156d7-7eb6-46eb-bb34-4a82b6f9f404@group-4DF5A04227EE:LeaderElection75] INFO  impl.LeaderElection (LeaderElection.java:logAndReturn(56)) - f3b156d7-7eb6-46eb-bb34-4a82b6f9f404@group-4DF5A04227EE:LeaderElection75: Election REJECTED; received 2 response(s) [f3b156d7-7eb6-46eb-bb34-4a82b6f9f404<-382b0250-a1aa-40f3-882d-cd7fb29de27f#0:FAIL-t1, f3b156d7-7eb6-46eb-bb34-4a82b6f9f404<-3d170688-536a-4a66-a9c9-289315ef27c2#0:FAIL-t1] and 0 exception(s); f3b156d7-7eb6-46eb-bb34-4a82b6f9f404@group-4DF5A04227EE:t1, leader=null, voted=f3b156d7-7eb6-46eb-bb34-4a82b6f9f404, raftlog=f3b156d7-7eb6-46eb-bb34-4a82b6f9f404@group-4DF5A04227EE-SegmentedRaftLog:OPENED:c-1,f-1,i0, conf=-1: [382b0250-a1aa-40f3-882d-cd7fb29de27f:192.168.5.182:40829, f3b156d7-7eb6-46eb-bb34-4a82b6f9f404:192.168.5.182:33815, 3d170688-536a-4a66-a9c9-289315ef27c2:192.168.5.182:32785], old=null
2019-09-20 00:04:42,600 [5f35e7da-28ae-4b25-a1a4-54a4278033f1@group-032B6602E80F:LeaderElection76] INFO  impl.RoleInfo (RoleInfo.java:updateAndGet(143)) - 5f35e7da-28ae-4b25-a1a4-54a4278033f1: start FollowerState
2019-09-20 00:04:42,608 [f3b156d7-7eb6-46eb-bb34-4a82b6f9f404@group-4DF5A04227EE:LeaderElection75] INFO  impl.RaftServerImpl (RaftServerImpl.java:setRole(174)) - f3b156d7-7eb6-46eb-bb34-4a82b6f9f404@group-4DF5A04227EE: changes role from CANDIDATE to FOLLOWER at term 1 for DISCOVERED_A_NEW_TERM
2019-09-20 00:04:42,611 [f3b156d7-7eb6-46eb-bb34-4a82b6f9f404@group-4DF5A04227EE:LeaderElection75] INFO  impl.RoleInfo (RoleInfo.java:shutdownLeaderElection(134)) - f3b156d7-7eb6-46eb-bb34-4a82b6f9f404: shutdown LeaderElection
2019-09-20 00:04:42,605 [382b0250-a1aa-40f3-882d-cd7fb29de27f@group-4DF5A04227EE:LeaderElection73] INFO  impl.RaftServerImpl (RaftServerImpl.java:setRole(174)) - 382b0250-a1aa-40f3-882d-cd7fb29de27f@group-4DF5A04227EE: changes role from CANDIDATE to FOLLOWER at term 1 for DISCOVERED_A_NEW_TERM
2019-09-20 00:04:42,605 [f3b156d7-7eb6-46eb-bb34-4a82b6f9f404@group-054C19469BEA:LeaderElection79] INFO  impl.RoleInfo (RoleInfo.java:shutdownLeaderElection(134)) - f3b156d7-7eb6-46eb-bb34-4a82b6f9f404: shutdown LeaderElection
2019-09-20 00:04:42,605 [89de1964-3948-43a8-885a-142089a2f45f@group-032B6602E80F:LeaderElection77] INFO  impl.LeaderElection (LeaderElection.java:logAndReturn(56)) - 89de1964-3948-43a8-885a-142089a2f45f@group-032B6602E80F:LeaderElection77: Election REJECTED; received 2 response(s) [89de1964-3948-43a8-885a-142089a2f45f<-7d878657-54f8-4791-978a-386f775e0485#0:FAIL-t1, 89de1964-3948-43a8-885a-142089a2f45f<-5f35e7da-28ae-4b25-a1a4-54a4278033f1#0:FAIL-t1] and 0 exception(s); 89de1964-3948-43a8-885a-142089a2f45f@group-032B6602E80F:t1, leader=null, voted=89de1964-3948-43a8-885a-142089a2f45f, raftlog=89de1964-3948-43a8-885a-142089a2f45f@group-032B6602E80F-SegmentedRaftLog:OPENED:c-1,f-1,i0, conf=-1: [7d878657-54f8-4791-978a-386f775e0485:192.168.5.182:36462, 5f35e7da-28ae-4b25-a1a4-54a4278033f1:192.168.5.182:43639, 89de1964-3948-43a8-885a-142089a2f45f:192.168.5.182:39929], old=null
2019-09-20 00:04:42,605 [3d170688-536a-4a66-a9c9-289315ef27c2@group-4DF5A04227EE:LeaderElection74] INFO  impl.LeaderElection (LeaderElection.java:logAndReturn(56)) - 3d170688-536a-4a66-a9c9-289315ef27c2@group-4DF5A04227EE:LeaderElection74: Election REJECTED; received 2 response(s) [3d170688-536a-4a66-a9c9-289315ef27c2<-382b0250-a1aa-40f3-882d-cd7fb29de27f#0:FAIL-t1, 3d170688-536a-4a66-a9c9-289315ef27c2<-f3b156d7-7eb6-46eb-bb34-4a82b6f9f404#0:FAIL-t1] and 0 exception(s); 3d170688-536a-4a66-a9c9-289315ef27c2@group-4DF5A04227EE:t1, leader=null, voted=3d170688-536a-4a66-a9c9-289315ef27c2, raftlog=3d170688-536a-4a66-a9c9-289315ef27c2@group-4DF5A04227EE-SegmentedRaftLog:OPENED:c-1,f-1,i0, conf=-1: [382b0250-a1aa-40f3-882d-cd7fb29de27f:192.168.5.182:40829, f3b156d7-7eb6-46eb-bb34-4a82b6f9f404:192.168.5.182:33815, 3d170688-536a-4a66-a9c9-289315ef27c2:192.168.5.182:32785], old=null
2019-09-20 00:04:42,612 [89de1964-3948-43a8-885a-142089a2f45f@group-032B6602E80F:LeaderElection77] INFO  impl.RaftServerImpl (RaftServerImpl.java:setRole(174)) - 89de1964-3948-43a8-885a-142089a2f45f@group-032B6602E80F: changes role from CANDIDATE to FOLLOWER at term 1 for DISCOVERED_A_NEW_TERM
2019-09-20 00:04:42,611 [f3b156d7-7eb6-46eb-bb34-4a82b6f9f404@group-054C19469BEA:LeaderElection79] INFO  impl.RaftServerImpl (RaftServerImpl.java:setRole(174)) - f3b156d7-7eb6-46eb-bb34-4a82b6f9f404@group-054C19469BEA: changes role from CANDIDATE to LEADER at term 1 for changeToLeader
2019-09-20 00:04:42,616 [f3b156d7-7eb6-46eb-bb34-4a82b6f9f404@group-054C19469BEA:LeaderElection79] INFO  impl.RaftServerImpl (ServerState.java:setLeader(253)) - f3b156d7-7eb6-46eb-bb34-4a82b6f9f404@group-054C19469BEA: change Leader from null to f3b156d7-7eb6-46eb-bb34-4a82b6f9f404 at term 1 for becomeLeader, leader elected after 5120ms
2019-09-20 00:04:42,611 [382b0250-a1aa-40f3-882d-cd7fb29de27f@group-4DF5A04227EE:LeaderElection73] INFO  impl.RoleInfo (RoleInfo.java:shutdownLeaderElection(134)) - 382b0250-a1aa-40f3-882d-cd7fb29de27f: shutdown LeaderElection
2019-09-20 00:04:42,611 [f3b156d7-7eb6-46eb-bb34-4a82b6f9f404@group-4DF5A04227EE:LeaderElection75] INFO  impl.RoleInfo (RoleInfo.java:updateAndGet(143)) - f3b156d7-7eb6-46eb-bb34-4a82b6f9f404: start FollowerState
2019-09-20 00:04:42,617 [382b0250-a1aa-40f3-882d-cd7fb29de27f@group-4DF5A04227EE:LeaderElection73] INFO  impl.RoleInfo (RoleInfo.java:updateAndGet(143)) - 382b0250-a1aa-40f3-882d-cd7fb29de27f: start FollowerState
2019-09-20 00:04:42,617 [7d878657-54f8-4791-978a-386f775e0485@group-032B6602E80F:LeaderElection78] INFO  impl.LeaderElection (LeaderElection.java:logAndReturn(56)) - 7d878657-54f8-4791-978a-386f775e0485@group-032B6602E80F:LeaderElection78: Election REJECTED; received 2 response(s) [7d878657-54f8-4791-978a-386f775e0485<-5f35e7da-28ae-4b25-a1a4-54a4278033f1#0:FAIL-t1, 7d878657-54f8-4791-978a-386f775e0485<-89de1964-3948-43a8-885a-142089a2f45f#0:FAIL-t1] and 0 exception(s); 7d878657-54f8-4791-978a-386f775e0485@group-032B6602E80F:t1, leader=null, voted=7d878657-54f8-4791-978a-386f775e0485, raftlog=7d878657-54f8-4791-978a-386f775e0485@group-032B6602E80F-SegmentedRaftLog:OPENED:c-1,f-1,i0, conf=-1: [7d878657-54f8-4791-978a-386f775e0485:192.168.5.182:36462, 5f35e7da-28ae-4b25-a1a4-54a4278033f1:192.168.5.182:43639, 89de1964-3948-43a8-885a-142089a2f45f:192.168.5.182:39929], old=null
2019-09-20 00:04:42,617 [f3b156d7-7eb6-46eb-bb34-4a82b6f9f404@group-054C19469BEA:LeaderElection79] INFO  server.RaftServerConfigKeys (ConfUtils.java:logGet(43)) - raft.server.staging.catchup.gap = 1000 (default)
2019-09-20 00:04:42,616 [89de1964-3948-43a8-885a-142089a2f45f@group-032B6602E80F:LeaderElection77] INFO  impl.RoleInfo (RoleInfo.java:shutdownLeaderElection(134)) - 89de1964-3948-43a8-885a-142089a2f45f: shutdown LeaderElection
2019-09-20 00:04:42,614 [3d170688-536a-4a66-a9c9-289315ef27c2@group-4DF5A04227EE:LeaderElection74] INFO  impl.RaftServerImpl (RaftServerImpl.java:setRole(174)) - 3d170688-536a-4a66-a9c9-289315ef27c2@group-4DF5A04227EE: changes role from CANDIDATE to FOLLOWER at term 1 for DISCOVERED_A_NEW_TERM
2019-09-20 00:04:42,620 [89de1964-3948-43a8-885a-142089a2f45f@group-032B6602E80F:LeaderElection77] INFO  impl.RoleInfo (RoleInfo.java:updateAndGet(143)) - 89de1964-3948-43a8-885a-142089a2f45f: start FollowerState
2019-09-20 00:04:42,618 [f3b156d7-7eb6-46eb-bb34-4a82b6f9f404@group-054C19469BEA:LeaderElection79] INFO  server.RaftServerConfigKeys (ConfUtils.java:logGet(43)) - raft.server.rpc.sleep.time = 25ms (default)
2019-09-20 00:04:42,617 [7d878657-54f8-4791-978a-386f775e0485@group-032B6602E80F:LeaderElection78] INFO  impl.RaftServerImpl (RaftServerImpl.java:setRole(174)) - 7d878657-54f8-4791-978a-386f775e0485@group-032B6602E80F: changes role from CANDIDATE to FOLLOWER at term 1 for DISCOVERED_A_NEW_TERM
2019-09-20 00:04:42,620 [f3b156d7-7eb6-46eb-bb34-4a82b6f9f404@group-054C19469BEA:LeaderElection79] INFO  server.RaftServerConfigKeys (ConfUtils.java:logGet(43)) - raft.server.write.element-limit = 4096 (default)
2019-09-20 00:04:42,620 [3d170688-536a-4a66-a9c9-289315ef27c2@group-4DF5A04227EE:LeaderElection74] INFO  impl.RoleInfo (RoleInfo.java:shutdownLeaderElection(134)) - 3d170688-536a-4a66-a9c9-289315ef27c2: shutdown LeaderElection
2019-09-20 00:04:42,620 [f3b156d7-7eb6-46eb-bb34-4a82b6f9f404@group-054C19469BEA:LeaderElection79] INFO  server.RaftServerConfigKeys (ConfUtils.java:logGet(43)) - raft.server.watch.timeout = 10s (default)
2019-09-20 00:04:42,621 [f3b156d7-7eb6-46eb-bb34-4a82b6f9f404@group-054C19469BEA:LeaderElection79] INFO  server.RaftServerConfigKeys (ConfUtils.java:logGet(43)) - raft.server.watch.timeout.denomination = 1s (default)
2019-09-20 00:04:42,620 [7d878657-54f8-4791-978a-386f775e0485@group-032B6602E80F:LeaderElection78] INFO  impl.RoleInfo (RoleInfo.java:shutdownLeaderElection(134)) - 7d878657-54f8-4791-978a-386f775e0485: shutdown LeaderElection
2019-09-20 00:04:42,621 [f3b156d7-7eb6-46eb-bb34-4a82b6f9f404@group-054C19469BEA:LeaderElection79] INFO  server.RaftServerConfigKeys (ConfUtils.java:logGet(43)) - raft.server.watch.element-limit = 65536 (default)
2019-09-20 00:04:42,621 [3d170688-536a-4a66-a9c9-289315ef27c2@group-4DF5A04227EE:LeaderElection74] INFO  impl.RoleInfo (RoleInfo.java:updateAndGet(143)) - 3d170688-536a-4a66-a9c9-289315ef27c2: start FollowerState
2019-09-20 00:04:42,621 [7d878657-54f8-4791-978a-386f775e0485@group-032B6602E80F:LeaderElection78] INFO  impl.RoleInfo (RoleInfo.java:updateAndGet(143)) - 7d878657-54f8-4791-978a-386f775e0485: start FollowerState
2019-09-20 00:04:42,623 [f3b156d7-7eb6-46eb-bb34-4a82b6f9f404@group-054C19469BEA:LeaderElection79] INFO  impl.RoleInfo (RoleInfo.java:updateAndGet(143)) - f3b156d7-7eb6-46eb-bb34-4a82b6f9f404: start LeaderState
2019-09-20 00:04:42,624 [f3b156d7-7eb6-46eb-bb34-4a82b6f9f404@group-054C19469BEA:LeaderElection79] INFO  segmented.SegmentedRaftLogWorker (SegmentedRaftLogWorker.java:startLogSegment(380)) - f3b156d7-7eb6-46eb-bb34-4a82b6f9f404@group-054C19469BEA-SegmentedRaftLogWorker: Starting segment from index:0
2019-09-20 00:04:42,625 [f3b156d7-7eb6-46eb-bb34-4a82b6f9f404@group-054C19469BEA:LeaderElection79] INFO  impl.RaftServerImpl (ServerState.java:setRaftConf(354)) - f3b156d7-7eb6-46eb-bb34-4a82b6f9f404@group-054C19469BEA: set configuration 0: [f3b156d7-7eb6-46eb-bb34-4a82b6f9f404:192.168.5.182:33815], old=null at 0
2019-09-20 00:04:42,690 [f3b156d7-7eb6-46eb-bb34-4a82b6f9f404@group-054C19469BEA-SegmentedRaftLogWorker] INFO  segmented.SegmentedRaftLogWorker (SegmentedRaftLogWorker.java:execute(569)) - f3b156d7-7eb6-46eb-bb34-4a82b6f9f404@group-054C19469BEA-SegmentedRaftLogWorker: created new log segment /workdir/hadoop-ozone/integration-test/target/test-dir/MiniOzoneClusterImpl-d3f2f10e-dfea-4f41-bcae-f8f30acd02f5/datanode-6/data/ratis/aaf38b32-8dce-4a2d-a03e-054c19469bea/current/log_inprogress_0
2019-09-20 00:04:43,344 [grpc-default-executor-1] INFO  client.GrpcClientProtocolClient (GrpcClientProtocolClient.java:onNext(264)) - client-A41B7215C437->382b0250-a1aa-40f3-882d-cd7fb29de27f: receive RaftClientReply:client-A41B7215C437->382b0250-a1aa-40f3-882d-cd7fb29de27f@group-4DF5A04227EE, cid=81, FAILED org.apache.ratis.protocol.NotLeaderException: Server 382b0250-a1aa-40f3-882d-cd7fb29de27f@group-4DF5A04227EE is not the leader, logIndex=0, commits[382b0250-a1aa-40f3-882d-cd7fb29de27f:c-1]
2019-09-20 00:04:43,383 [Thread-2051] INFO  impl.FollowerState (FollowerState.java:run(106)) - c63e7fee-7ebf-4ab3-a82c-403b5cf942fc:group-0BC4DF7BF4D9 changes to CANDIDATE, lastRpcTime:5113, electionTimeout:5113ms
2019-09-20 00:04:43,383 [Thread-2051] INFO  impl.RoleInfo (RoleInfo.java:shutdownFollowerState(121)) - c63e7fee-7ebf-4ab3-a82c-403b5cf942fc: shutdown FollowerState
2019-09-20 00:04:43,383 [Thread-2051] INFO  impl.RaftServerImpl (RaftServerImpl.java:setRole(174)) - c63e7fee-7ebf-4ab3-a82c-403b5cf942fc@group-0BC4DF7BF4D9: changes role from  FOLLOWER to CANDIDATE at term 12 for changeToCandidate
2019-09-20 00:04:43,383 [Thread-2051] INFO  impl.RoleInfo (RoleInfo.java:updateAndGet(143)) - c63e7fee-7ebf-4ab3-a82c-403b5cf942fc: start LeaderElection
2019-09-20 00:04:44,011 [c63e7fee-7ebf-4ab3-a82c-403b5cf942fc@group-0BC4DF7BF4D9:LeaderElection80] INFO  impl.LeaderElection (LeaderElection.java:askForVotes(182)) - c63e7fee-7ebf-4ab3-a82c-403b5cf942fc@group-0BC4DF7BF4D9:LeaderElection80: begin an election at term 13 for 0: [8f58c883-e4ba-4cdd-8662-08249772462e:192.168.5.182:35458, c63e7fee-7ebf-4ab3-a82c-403b5cf942fc:192.168.5.182:40019, fd99f976-ef3a-47b0-8e0c-a462a244f82b:192.168.5.182:45540], old=null
2019-09-20 00:04:44,013 [c63e7fee-7ebf-4ab3-a82c-403b5cf942fc@group-0BC4DF7BF4D9:LeaderElection80] INFO  impl.LeaderElection (LogUtils.java:infoOrTrace(149)) - c63e7fee-7ebf-4ab3-a82c-403b5cf942fc@group-0BC4DF7BF4D9:LeaderElection80 got exception when requesting votes: {}
java.util.concurrent.ExecutionException: org.apache.ratis.thirdparty.io.grpc.StatusRuntimeException: UNAVAILABLE: io exception
	at java.util.concurrent.FutureTask.report(FutureTask.java:122)
	at java.util.concurrent.FutureTask.get(FutureTask.java:192)
	at org.apache.ratis.server.impl.LeaderElection.waitForResults(LeaderElection.java:263)
	at org.apache.ratis.server.impl.LeaderElection.askForVotes(LeaderElection.java:201)
	at org.apache.ratis.server.impl.LeaderElection.run(LeaderElection.java:133)
	at java.lang.Thread.run(Thread.java:748)
Caused by: org.apache.ratis.thirdparty.io.grpc.StatusRuntimeException: UNAVAILABLE: io exception
	at org.apache.ratis.thirdparty.io.grpc.stub.ClientCalls.toStatusRuntimeException(ClientCalls.java:233)
	at org.apache.ratis.thirdparty.io.grpc.stub.ClientCalls.getUnchecked(ClientCalls.java:214)
	at org.apache.ratis.thirdparty.io.grpc.stub.ClientCalls.blockingUnaryCall(ClientCalls.java:139)
	at org.apache.ratis.proto.grpc.RaftServerProtocolServiceGrpc$RaftServerProtocolServiceBlockingStub.requestVote(RaftServerProtocolServiceGrpc.java:265)
	at org.apache.ratis.grpc.server.GrpcServerProtocolClient.requestVote(GrpcServerProtocolClient.java:90)
	at org.apache.ratis.grpc.server.GrpcService.requestVote(GrpcService.java:204)
	at org.apache.ratis.server.impl.LeaderElection.lambda$submitRequests$1(LeaderElection.java:238)
	at java.util.concurrent.FutureTask.run(FutureTask.java:266)
	at java.util.concurrent.Executors$RunnableAdapter.call(Executors.java:511)
	at java.util.concurrent.FutureTask.run(FutureTask.java:266)
	at java.util.concurrent.ThreadPoolExecutor.runWorker(ThreadPoolExecutor.java:1149)
	at java.util.concurrent.ThreadPoolExecutor$Worker.run(ThreadPoolExecutor.java:624)
	... 1 more
Caused by: org.apache.ratis.thirdparty.io.netty.channel.AbstractChannel$AnnotatedConnectException: Connection refused: /192.168.5.182:45540
	at sun.nio.ch.SocketChannelImpl.checkConnect(Native Method)
	at sun.nio.ch.SocketChannelImpl.finishConnect(SocketChannelImpl.java:717)
	at org.apache.ratis.thirdparty.io.netty.channel.socket.nio.NioSocketChannel.doFinishConnect(NioSocketChannel.java:327)
	at org.apache.ratis.thirdparty.io.netty.channel.nio.AbstractNioChannel$AbstractNioUnsafe.finishConnect(AbstractNioChannel.java:340)
	at org.apache.ratis.thirdparty.io.netty.channel.nio.NioEventLoop.processSelectedKey(NioEventLoop.java:632)
	at org.apache.ratis.thirdparty.io.netty.channel.nio.NioEventLoop.processSelectedKeysOptimized(NioEventLoop.java:579)
	at org.apache.ratis.thirdparty.io.netty.channel.nio.NioEventLoop.processSelectedKeys(NioEventLoop.java:496)
	at org.apache.ratis.thirdparty.io.netty.channel.nio.NioEventLoop.run(NioEventLoop.java:458)
	at org.apache.ratis.thirdparty.io.netty.util.concurrent.SingleThreadEventExecutor$5.run(SingleThreadEventExecutor.java:897)
	at org.apache.ratis.thirdparty.io.netty.util.concurrent.FastThreadLocalRunnable.run(FastThreadLocalRunnable.java:30)
	... 1 more
Caused by: java.net.ConnectException: Connection refused
	... 11 more
2019-09-20 00:04:44,018 [c63e7fee-7ebf-4ab3-a82c-403b5cf942fc@group-0BC4DF7BF4D9:LeaderElection80] INFO  impl.LeaderElection (LogUtils.java:infoOrTrace(149)) - c63e7fee-7ebf-4ab3-a82c-403b5cf942fc@group-0BC4DF7BF4D9:LeaderElection80 got exception when requesting votes: {}
java.util.concurrent.ExecutionException: org.apache.ratis.thirdparty.io.grpc.StatusRuntimeException: UNAVAILABLE: io exception
	at java.util.concurrent.FutureTask.report(FutureTask.java:122)
	at java.util.concurrent.FutureTask.get(FutureTask.java:192)
	at org.apache.ratis.server.impl.LeaderElection.waitForResults(LeaderElection.java:263)
	at org.apache.ratis.server.impl.LeaderElection.askForVotes(LeaderElection.java:201)
	at org.apache.ratis.server.impl.LeaderElection.run(LeaderElection.java:133)
	at java.lang.Thread.run(Thread.java:748)
Caused by: org.apache.ratis.thirdparty.io.grpc.StatusRuntimeException: UNAVAILABLE: io exception
	at org.apache.ratis.thirdparty.io.grpc.stub.ClientCalls.toStatusRuntimeException(ClientCalls.java:233)
	at org.apache.ratis.thirdparty.io.grpc.stub.ClientCalls.getUnchecked(ClientCalls.java:214)
	at org.apache.ratis.thirdparty.io.grpc.stub.ClientCalls.blockingUnaryCall(ClientCalls.java:139)
	at org.apache.ratis.proto.grpc.RaftServerProtocolServiceGrpc$RaftServerProtocolServiceBlockingStub.requestVote(RaftServerProtocolServiceGrpc.java:265)
	at org.apache.ratis.grpc.server.GrpcServerProtocolClient.requestVote(GrpcServerProtocolClient.java:90)
	at org.apache.ratis.grpc.server.GrpcService.requestVote(GrpcService.java:204)
	at org.apache.ratis.server.impl.LeaderElection.lambda$submitRequests$1(LeaderElection.java:238)
	at java.util.concurrent.FutureTask.run(FutureTask.java:266)
	at java.util.concurrent.Executors$RunnableAdapter.call(Executors.java:511)
	at java.util.concurrent.FutureTask.run(FutureTask.java:266)
	at java.util.concurrent.ThreadPoolExecutor.runWorker(ThreadPoolExecutor.java:1149)
	at java.util.concurrent.ThreadPoolExecutor$Worker.run(ThreadPoolExecutor.java:624)
	... 1 more
Caused by: org.apache.ratis.thirdparty.io.netty.channel.AbstractChannel$AnnotatedConnectException: Connection refused: /192.168.5.182:35458
	at sun.nio.ch.SocketChannelImpl.checkConnect(Native Method)
	at sun.nio.ch.SocketChannelImpl.finishConnect(SocketChannelImpl.java:717)
	at org.apache.ratis.thirdparty.io.netty.channel.socket.nio.NioSocketChannel.doFinishConnect(NioSocketChannel.java:327)
	at org.apache.ratis.thirdparty.io.netty.channel.nio.AbstractNioChannel$AbstractNioUnsafe.finishConnect(AbstractNioChannel.java:340)
	at org.apache.ratis.thirdparty.io.netty.channel.nio.NioEventLoop.processSelectedKey(NioEventLoop.java:632)
	at org.apache.ratis.thirdparty.io.netty.channel.nio.NioEventLoop.processSelectedKeysOptimized(NioEventLoop.java:579)
	at org.apache.ratis.thirdparty.io.netty.channel.nio.NioEventLoop.processSelectedKeys(NioEventLoop.java:496)
	at org.apache.ratis.thirdparty.io.netty.channel.nio.NioEventLoop.run(NioEventLoop.java:458)
	at org.apache.ratis.thirdparty.io.netty.util.concurrent.SingleThreadEventExecutor$5.run(SingleThreadEventExecutor.java:897)
	at org.apache.ratis.thirdparty.io.netty.util.concurrent.FastThreadLocalRunnable.run(FastThreadLocalRunnable.java:30)
	... 1 more
Caused by: java.net.ConnectException: Connection refused
	... 11 more
2019-09-20 00:04:44,021 [c63e7fee-7ebf-4ab3-a82c-403b5cf942fc@group-0BC4DF7BF4D9:LeaderElection80] INFO  impl.LeaderElection (LeaderElection.java:logAndReturn(56)) - c63e7fee-7ebf-4ab3-a82c-403b5cf942fc@group-0BC4DF7BF4D9:LeaderElection80: Election REJECTED; received 0 response(s) [] and 2 exception(s); c63e7fee-7ebf-4ab3-a82c-403b5cf942fc@group-0BC4DF7BF4D9:t13, leader=null, voted=c63e7fee-7ebf-4ab3-a82c-403b5cf942fc, raftlog=c63e7fee-7ebf-4ab3-a82c-403b5cf942fc@group-0BC4DF7BF4D9-SegmentedRaftLog:OPENED:c2,f2,i2, conf=0: [8f58c883-e4ba-4cdd-8662-08249772462e:192.168.5.182:35458, c63e7fee-7ebf-4ab3-a82c-403b5cf942fc:192.168.5.182:40019, fd99f976-ef3a-47b0-8e0c-a462a244f82b:192.168.5.182:45540], old=null
2019-09-20 00:04:44,021 [c63e7fee-7ebf-4ab3-a82c-403b5cf942fc@group-0BC4DF7BF4D9:LeaderElection80] INFO  impl.LeaderElection (LogUtils.java:infoOrTrace(149)) -   Exception 0: {}
java.util.concurrent.ExecutionException: org.apache.ratis.thirdparty.io.grpc.StatusRuntimeException: UNAVAILABLE: io exception
	at java.util.concurrent.FutureTask.report(FutureTask.java:122)
	at java.util.concurrent.FutureTask.get(FutureTask.java:192)
	at org.apache.ratis.server.impl.LeaderElection.waitForResults(LeaderElection.java:263)
	at org.apache.ratis.server.impl.LeaderElection.askForVotes(LeaderElection.java:201)
	at org.apache.ratis.server.impl.LeaderElection.run(LeaderElection.java:133)
	at java.lang.Thread.run(Thread.java:748)
Caused by: org.apache.ratis.thirdparty.io.grpc.StatusRuntimeException: UNAVAILABLE: io exception
	at org.apache.ratis.thirdparty.io.grpc.stub.ClientCalls.toStatusRuntimeException(ClientCalls.java:233)
	at org.apache.ratis.thirdparty.io.grpc.stub.ClientCalls.getUnchecked(ClientCalls.java:214)
	at org.apache.ratis.thirdparty.io.grpc.stub.ClientCalls.blockingUnaryCall(ClientCalls.java:139)
	at org.apache.ratis.proto.grpc.RaftServerProtocolServiceGrpc$RaftServerProtocolServiceBlockingStub.requestVote(RaftServerProtocolServiceGrpc.java:265)
	at org.apache.ratis.grpc.server.GrpcServerProtocolClient.requestVote(GrpcServerProtocolClient.java:90)
	at org.apache.ratis.grpc.server.GrpcService.requestVote(GrpcService.java:204)
	at org.apache.ratis.server.impl.LeaderElection.lambda$submitRequests$1(LeaderElection.java:238)
	at java.util.concurrent.FutureTask.run(FutureTask.java:266)
	at java.util.concurrent.Executors$RunnableAdapter.call(Executors.java:511)
	at java.util.concurrent.FutureTask.run(FutureTask.java:266)
	at java.util.concurrent.ThreadPoolExecutor.runWorker(ThreadPoolExecutor.java:1149)
	at java.util.concurrent.ThreadPoolExecutor$Worker.run(ThreadPoolExecutor.java:624)
	... 1 more
Caused by: org.apache.ratis.thirdparty.io.netty.channel.AbstractChannel$AnnotatedConnectException: Connection refused: /192.168.5.182:45540
	at sun.nio.ch.SocketChannelImpl.checkConnect(Native Method)
	at sun.nio.ch.SocketChannelImpl.finishConnect(SocketChannelImpl.java:717)
	at org.apache.ratis.thirdparty.io.netty.channel.socket.nio.NioSocketChannel.doFinishConnect(NioSocketChannel.java:327)
	at org.apache.ratis.thirdparty.io.netty.channel.nio.AbstractNioChannel$AbstractNioUnsafe.finishConnect(AbstractNioChannel.java:340)
	at org.apache.ratis.thirdparty.io.netty.channel.nio.NioEventLoop.processSelectedKey(NioEventLoop.java:632)
	at org.apache.ratis.thirdparty.io.netty.channel.nio.NioEventLoop.processSelectedKeysOptimized(NioEventLoop.java:579)
	at org.apache.ratis.thirdparty.io.netty.channel.nio.NioEventLoop.processSelectedKeys(NioEventLoop.java:496)
	at org.apache.ratis.thirdparty.io.netty.channel.nio.NioEventLoop.run(NioEventLoop.java:458)
	at org.apache.ratis.thirdparty.io.netty.util.concurrent.SingleThreadEventExecutor$5.run(SingleThreadEventExecutor.java:897)
	at org.apache.ratis.thirdparty.io.netty.util.concurrent.FastThreadLocalRunnable.run(FastThreadLocalRunnable.java:30)
	... 1 more
Caused by: java.net.ConnectException: Connection refused
	... 11 more
2019-09-20 00:04:44,021 [c63e7fee-7ebf-4ab3-a82c-403b5cf942fc@group-0BC4DF7BF4D9:LeaderElection80] INFO  impl.LeaderElection (LogUtils.java:infoOrTrace(149)) -   Exception 1: {}
java.util.concurrent.ExecutionException: org.apache.ratis.thirdparty.io.grpc.StatusRuntimeException: UNAVAILABLE: io exception
	at java.util.concurrent.FutureTask.report(FutureTask.java:122)
	at java.util.concurrent.FutureTask.get(FutureTask.java:192)
	at org.apache.ratis.server.impl.LeaderElection.waitForResults(LeaderElection.java:263)
	at org.apache.ratis.server.impl.LeaderElection.askForVotes(LeaderElection.java:201)
	at org.apache.ratis.server.impl.LeaderElection.run(LeaderElection.java:133)
	at java.lang.Thread.run(Thread.java:748)
Caused by: org.apache.ratis.thirdparty.io.grpc.StatusRuntimeException: UNAVAILABLE: io exception
	at org.apache.ratis.thirdparty.io.grpc.stub.ClientCalls.toStatusRuntimeException(ClientCalls.java:233)
	at org.apache.ratis.thirdparty.io.grpc.stub.ClientCalls.getUnchecked(ClientCalls.java:214)
	at org.apache.ratis.thirdparty.io.grpc.stub.ClientCalls.blockingUnaryCall(ClientCalls.java:139)
	at org.apache.ratis.proto.grpc.RaftServerProtocolServiceGrpc$RaftServerProtocolServiceBlockingStub.requestVote(RaftServerProtocolServiceGrpc.java:265)
	at org.apache.ratis.grpc.server.GrpcServerProtocolClient.requestVote(GrpcServerProtocolClient.java:90)
	at org.apache.ratis.grpc.server.GrpcService.requestVote(GrpcService.java:204)
	at org.apache.ratis.server.impl.LeaderElection.lambda$submitRequests$1(LeaderElection.java:238)
	at java.util.concurrent.FutureTask.run(FutureTask.java:266)
	at java.util.concurrent.Executors$RunnableAdapter.call(Executors.java:511)
	at java.util.concurrent.FutureTask.run(FutureTask.java:266)
	at java.util.concurrent.ThreadPoolExecutor.runWorker(ThreadPoolExecutor.java:1149)
	at java.util.concurrent.ThreadPoolExecutor$Worker.run(ThreadPoolExecutor.java:624)
	... 1 more
Caused by: org.apache.ratis.thirdparty.io.netty.channel.AbstractChannel$AnnotatedConnectException: Connection refused: /192.168.5.182:35458
	at sun.nio.ch.SocketChannelImpl.checkConnect(Native Method)
	at sun.nio.ch.SocketChannelImpl.finishConnect(SocketChannelImpl.java:717)
	at org.apache.ratis.thirdparty.io.netty.channel.socket.nio.NioSocketChannel.doFinishConnect(NioSocketChannel.java:327)
	at org.apache.ratis.thirdparty.io.netty.channel.nio.AbstractNioChannel$AbstractNioUnsafe.finishConnect(AbstractNioChannel.java:340)
	at org.apache.ratis.thirdparty.io.netty.channel.nio.NioEventLoop.processSelectedKey(NioEventLoop.java:632)
	at org.apache.ratis.thirdparty.io.netty.channel.nio.NioEventLoop.processSelectedKeysOptimized(NioEventLoop.java:579)
	at org.apache.ratis.thirdparty.io.netty.channel.nio.NioEventLoop.processSelectedKeys(NioEventLoop.java:496)
	at org.apache.ratis.thirdparty.io.netty.channel.nio.NioEventLoop.run(NioEventLoop.java:458)
	at org.apache.ratis.thirdparty.io.netty.util.concurrent.SingleThreadEventExecutor$5.run(SingleThreadEventExecutor.java:897)
	at org.apache.ratis.thirdparty.io.netty.util.concurrent.FastThreadLocalRunnable.run(FastThreadLocalRunnable.java:30)
	... 1 more
Caused by: java.net.ConnectException: Connection refused
	... 11 more
2019-09-20 00:04:44,022 [c63e7fee-7ebf-4ab3-a82c-403b5cf942fc@group-0BC4DF7BF4D9:LeaderElection80] INFO  impl.RaftServerImpl (RaftServerImpl.java:setRole(174)) - c63e7fee-7ebf-4ab3-a82c-403b5cf942fc@group-0BC4DF7BF4D9: changes role from CANDIDATE to FOLLOWER at term 13 for DISCOVERED_A_NEW_TERM
2019-09-20 00:04:44,022 [c63e7fee-7ebf-4ab3-a82c-403b5cf942fc@group-0BC4DF7BF4D9:LeaderElection80] INFO  impl.RoleInfo (RoleInfo.java:shutdownLeaderElection(134)) - c63e7fee-7ebf-4ab3-a82c-403b5cf942fc: shutdown LeaderElection
2019-09-20 00:04:44,022 [c63e7fee-7ebf-4ab3-a82c-403b5cf942fc@group-0BC4DF7BF4D9:LeaderElection80] INFO  impl.RoleInfo (RoleInfo.java:updateAndGet(143)) - c63e7fee-7ebf-4ab3-a82c-403b5cf942fc: start FollowerState
2019-09-20 00:04:44,368 [grpc-default-executor-1] INFO  client.GrpcClientProtocolClient (GrpcClientProtocolClient.java:onNext(264)) - client-A41B7215C437->3d170688-536a-4a66-a9c9-289315ef27c2: receive RaftClientReply:client-A41B7215C437->3d170688-536a-4a66-a9c9-289315ef27c2@group-4DF5A04227EE, cid=81, FAILED org.apache.ratis.protocol.NotLeaderException: Server 3d170688-536a-4a66-a9c9-289315ef27c2@group-4DF5A04227EE is not the leader, logIndex=0, commits[3d170688-536a-4a66-a9c9-289315ef27c2:c-1]
2019-09-20 00:04:45,389 [grpc-default-executor-1] INFO  client.GrpcClientProtocolClient (GrpcClientProtocolClient.java:onNext(264)) - client-A41B7215C437->f3b156d7-7eb6-46eb-bb34-4a82b6f9f404: receive RaftClientReply:client-A41B7215C437->f3b156d7-7eb6-46eb-bb34-4a82b6f9f404@group-4DF5A04227EE, cid=81, FAILED org.apache.ratis.protocol.NotLeaderException: Server f3b156d7-7eb6-46eb-bb34-4a82b6f9f404@group-4DF5A04227EE is not the leader, logIndex=0, commits[f3b156d7-7eb6-46eb-bb34-4a82b6f9f404:c-1]
2019-09-20 00:04:46,411 [grpc-default-executor-1] INFO  client.GrpcClientProtocolClient (GrpcClientProtocolClient.java:onNext(264)) - client-A41B7215C437->3d170688-536a-4a66-a9c9-289315ef27c2: receive RaftClientReply:client-A41B7215C437->3d170688-536a-4a66-a9c9-289315ef27c2@group-4DF5A04227EE, cid=81, FAILED org.apache.ratis.protocol.NotLeaderException: Server 3d170688-536a-4a66-a9c9-289315ef27c2@group-4DF5A04227EE is not the leader, logIndex=0, commits[3d170688-536a-4a66-a9c9-289315ef27c2:c-1]
2019-09-20 00:04:46,909 [Thread-2064] INFO  impl.FollowerState (FollowerState.java:run(106)) - 382b0250-a1aa-40f3-882d-cd7fb29de27f:group-3ABF64D33D41 changes to CANDIDATE, lastRpcTime:5077, electionTimeout:5077ms
2019-09-20 00:04:46,910 [Thread-2064] INFO  impl.RoleInfo (RoleInfo.java:shutdownFollowerState(121)) - 382b0250-a1aa-40f3-882d-cd7fb29de27f: shutdown FollowerState
2019-09-20 00:04:46,910 [Thread-2064] INFO  impl.RaftServerImpl (RaftServerImpl.java:setRole(174)) - 382b0250-a1aa-40f3-882d-cd7fb29de27f@group-3ABF64D33D41: changes role from  FOLLOWER to CANDIDATE at term 0 for changeToCandidate
2019-09-20 00:04:46,910 [Thread-2064] INFO  impl.RoleInfo (RoleInfo.java:updateAndGet(143)) - 382b0250-a1aa-40f3-882d-cd7fb29de27f: start LeaderElection
2019-09-20 00:04:47,218 [382b0250-a1aa-40f3-882d-cd7fb29de27f@group-3ABF64D33D41:LeaderElection81] INFO  impl.LeaderElection (LeaderElection.java:askForVotes(182)) - 382b0250-a1aa-40f3-882d-cd7fb29de27f@group-3ABF64D33D41:LeaderElection81: begin an election at term 1 for -1: [382b0250-a1aa-40f3-882d-cd7fb29de27f:192.168.5.182:40829], old=null
2019-09-20 00:04:47,218 [382b0250-a1aa-40f3-882d-cd7fb29de27f@group-3ABF64D33D41:LeaderElection81] INFO  impl.RoleInfo (RoleInfo.java:shutdownLeaderElection(134)) - 382b0250-a1aa-40f3-882d-cd7fb29de27f: shutdown LeaderElection
2019-09-20 00:04:47,218 [382b0250-a1aa-40f3-882d-cd7fb29de27f@group-3ABF64D33D41:LeaderElection81] INFO  impl.RaftServerImpl (RaftServerImpl.java:setRole(174)) - 382b0250-a1aa-40f3-882d-cd7fb29de27f@group-3ABF64D33D41: changes role from CANDIDATE to LEADER at term 1 for changeToLeader
2019-09-20 00:04:47,219 [382b0250-a1aa-40f3-882d-cd7fb29de27f@group-3ABF64D33D41:LeaderElection81] INFO  impl.RaftServerImpl (ServerState.java:setLeader(253)) - 382b0250-a1aa-40f3-882d-cd7fb29de27f@group-3ABF64D33D41: change Leader from null to 382b0250-a1aa-40f3-882d-cd7fb29de27f at term 1 for becomeLeader, leader elected after 5391ms
2019-09-20 00:04:47,219 [382b0250-a1aa-40f3-882d-cd7fb29de27f@group-3ABF64D33D41:LeaderElection81] INFO  server.RaftServerConfigKeys (ConfUtils.java:logGet(43)) - raft.server.staging.catchup.gap = 1000 (default)
2019-09-20 00:04:47,219 [382b0250-a1aa-40f3-882d-cd7fb29de27f@group-3ABF64D33D41:LeaderElection81] INFO  server.RaftServerConfigKeys (ConfUtils.java:logGet(43)) - raft.server.rpc.sleep.time = 25ms (default)
2019-09-20 00:04:47,219 [382b0250-a1aa-40f3-882d-cd7fb29de27f@group-3ABF64D33D41:LeaderElection81] INFO  server.RaftServerConfigKeys (ConfUtils.java:logGet(43)) - raft.server.write.element-limit = 4096 (default)
2019-09-20 00:04:47,220 [382b0250-a1aa-40f3-882d-cd7fb29de27f@group-3ABF64D33D41:LeaderElection81] INFO  server.RaftServerConfigKeys (ConfUtils.java:logGet(43)) - raft.server.watch.timeout = 10s (default)
2019-09-20 00:04:47,220 [382b0250-a1aa-40f3-882d-cd7fb29de27f@group-3ABF64D33D41:LeaderElection81] INFO  server.RaftServerConfigKeys (ConfUtils.java:logGet(43)) - raft.server.watch.timeout.denomination = 1s (default)
2019-09-20 00:04:47,220 [382b0250-a1aa-40f3-882d-cd7fb29de27f@group-3ABF64D33D41:LeaderElection81] INFO  server.RaftServerConfigKeys (ConfUtils.java:logGet(43)) - raft.server.watch.element-limit = 65536 (default)
2019-09-20 00:04:47,223 [382b0250-a1aa-40f3-882d-cd7fb29de27f@group-3ABF64D33D41:LeaderElection81] INFO  impl.RoleInfo (RoleInfo.java:updateAndGet(143)) - 382b0250-a1aa-40f3-882d-cd7fb29de27f: start LeaderState
2019-09-20 00:04:47,223 [382b0250-a1aa-40f3-882d-cd7fb29de27f@group-3ABF64D33D41:LeaderElection81] INFO  segmented.SegmentedRaftLogWorker (SegmentedRaftLogWorker.java:startLogSegment(380)) - 382b0250-a1aa-40f3-882d-cd7fb29de27f@group-3ABF64D33D41-SegmentedRaftLogWorker: Starting segment from index:0
2019-09-20 00:04:47,224 [382b0250-a1aa-40f3-882d-cd7fb29de27f@group-3ABF64D33D41:LeaderElection81] INFO  impl.RaftServerImpl (ServerState.java:setRaftConf(354)) - 382b0250-a1aa-40f3-882d-cd7fb29de27f@group-3ABF64D33D41: set configuration 0: [382b0250-a1aa-40f3-882d-cd7fb29de27f:192.168.5.182:40829], old=null at 0
2019-09-20 00:04:47,269 [382b0250-a1aa-40f3-882d-cd7fb29de27f@group-3ABF64D33D41-SegmentedRaftLogWorker] INFO  segmented.SegmentedRaftLogWorker (SegmentedRaftLogWorker.java:execute(569)) - 382b0250-a1aa-40f3-882d-cd7fb29de27f@group-3ABF64D33D41-SegmentedRaftLogWorker: created new log segment /workdir/hadoop-ozone/integration-test/target/test-dir/MiniOzoneClusterImpl-d3f2f10e-dfea-4f41-bcae-f8f30acd02f5/datanode-1/data/ratis/3adb6ff2-d64e-4bb3-bfa8-3abf64d33d41/current/log_inprogress_0
2019-09-20 00:04:47,439 [grpc-default-executor-1] INFO  client.GrpcClientProtocolClient (GrpcClientProtocolClient.java:onNext(264)) - client-A41B7215C437->f3b156d7-7eb6-46eb-bb34-4a82b6f9f404: receive RaftClientReply:client-A41B7215C437->f3b156d7-7eb6-46eb-bb34-4a82b6f9f404@group-4DF5A04227EE, cid=81, FAILED org.apache.ratis.protocol.NotLeaderException: Server f3b156d7-7eb6-46eb-bb34-4a82b6f9f404@group-4DF5A04227EE is not the leader, logIndex=0, commits[f3b156d7-7eb6-46eb-bb34-4a82b6f9f404:c-1]
2019-09-20 00:04:47,629 [Thread-2088] INFO  impl.FollowerState (FollowerState.java:run(106)) - 3d170688-536a-4a66-a9c9-289315ef27c2:group-4DF5A04227EE changes to CANDIDATE, lastRpcTime:5008, electionTimeout:5007ms
2019-09-20 00:04:47,629 [Thread-2088] INFO  impl.RoleInfo (RoleInfo.java:shutdownFollowerState(121)) - 3d170688-536a-4a66-a9c9-289315ef27c2: shutdown FollowerState
2019-09-20 00:04:47,629 [Thread-2088] INFO  impl.RaftServerImpl (RaftServerImpl.java:setRole(174)) - 3d170688-536a-4a66-a9c9-289315ef27c2@group-4DF5A04227EE: changes role from  FOLLOWER to CANDIDATE at term 1 for changeToCandidate
2019-09-20 00:04:47,630 [Thread-2088] INFO  impl.RoleInfo (RoleInfo.java:updateAndGet(143)) - 3d170688-536a-4a66-a9c9-289315ef27c2: start LeaderElection
2019-09-20 00:04:47,685 [Thread-2083] INFO  impl.FollowerState (FollowerState.java:run(106)) - 5f35e7da-28ae-4b25-a1a4-54a4278033f1:group-032B6602E80F changes to CANDIDATE, lastRpcTime:5084, electionTimeout:5073ms
2019-09-20 00:04:47,685 [Thread-2083] INFO  impl.RoleInfo (RoleInfo.java:shutdownFollowerState(121)) - 5f35e7da-28ae-4b25-a1a4-54a4278033f1: shutdown FollowerState
2019-09-20 00:04:47,685 [Thread-2083] INFO  impl.RaftServerImpl (RaftServerImpl.java:setRole(174)) - 5f35e7da-28ae-4b25-a1a4-54a4278033f1@group-032B6602E80F: changes role from  FOLLOWER to CANDIDATE at term 1 for changeToCandidate
2019-09-20 00:04:47,685 [Thread-2083] INFO  impl.RoleInfo (RoleInfo.java:updateAndGet(143)) - 5f35e7da-28ae-4b25-a1a4-54a4278033f1: start LeaderElection
2019-09-20 00:04:47,692 [Thread-2089] INFO  impl.FollowerState (FollowerState.java:run(106)) - 7d878657-54f8-4791-978a-386f775e0485:group-032B6602E80F changes to CANDIDATE, lastRpcTime:5071, electionTimeout:5070ms
2019-09-20 00:04:47,692 [Thread-2089] INFO  impl.RoleInfo (RoleInfo.java:shutdownFollowerState(121)) - 7d878657-54f8-4791-978a-386f775e0485: shutdown FollowerState
2019-09-20 00:04:47,692 [Thread-2089] INFO  impl.RaftServerImpl (RaftServerImpl.java:setRole(174)) - 7d878657-54f8-4791-978a-386f775e0485@group-032B6602E80F: changes role from  FOLLOWER to CANDIDATE at term 1 for changeToCandidate
2019-09-20 00:04:47,734 [Thread-2086] INFO  impl.FollowerState (FollowerState.java:run(106)) - 89de1964-3948-43a8-885a-142089a2f45f:group-032B6602E80F changes to CANDIDATE, lastRpcTime:5114, electionTimeout:5114ms
2019-09-20 00:04:47,735 [Thread-2086] INFO  impl.RoleInfo (RoleInfo.java:shutdownFollowerState(121)) - 89de1964-3948-43a8-885a-142089a2f45f: shutdown FollowerState
2019-09-20 00:04:47,735 [Thread-2086] INFO  impl.RaftServerImpl (RaftServerImpl.java:setRole(174)) - 89de1964-3948-43a8-885a-142089a2f45f@group-032B6602E80F: changes role from  FOLLOWER to CANDIDATE at term 1 for changeToCandidate
2019-09-20 00:04:47,740 [Thread-2084] INFO  impl.FollowerState (FollowerState.java:run(106)) - f3b156d7-7eb6-46eb-bb34-4a82b6f9f404:group-4DF5A04227EE changes to CANDIDATE, lastRpcTime:5129, electionTimeout:5123ms
2019-09-20 00:04:47,741 [Thread-2084] INFO  impl.RoleInfo (RoleInfo.java:shutdownFollowerState(121)) - f3b156d7-7eb6-46eb-bb34-4a82b6f9f404: shutdown FollowerState
2019-09-20 00:04:47,741 [Thread-2084] INFO  impl.RaftServerImpl (RaftServerImpl.java:setRole(174)) - f3b156d7-7eb6-46eb-bb34-4a82b6f9f404@group-4DF5A04227EE: changes role from  FOLLOWER to CANDIDATE at term 1 for changeToCandidate
2019-09-20 00:04:47,745 [Thread-2085] INFO  impl.FollowerState (FollowerState.java:run(106)) - 382b0250-a1aa-40f3-882d-cd7fb29de27f:group-4DF5A04227EE changes to CANDIDATE, lastRpcTime:5127, electionTimeout:5125ms
2019-09-20 00:04:47,745 [Thread-2085] INFO  impl.RoleInfo (RoleInfo.java:shutdownFollowerState(121)) - 382b0250-a1aa-40f3-882d-cd7fb29de27f: shutdown FollowerState
2019-09-20 00:04:47,745 [Thread-2085] INFO  impl.RaftServerImpl (RaftServerImpl.java:setRole(174)) - 382b0250-a1aa-40f3-882d-cd7fb29de27f@group-4DF5A04227EE: changes role from  FOLLOWER to CANDIDATE at term 1 for changeToCandidate
2019-09-20 00:04:47,919 [Thread-2089] INFO  impl.RoleInfo (RoleInfo.java:updateAndGet(143)) - 7d878657-54f8-4791-978a-386f775e0485: start LeaderElection
2019-09-20 00:04:47,919 [Thread-2086] INFO  impl.RoleInfo (RoleInfo.java:updateAndGet(143)) - 89de1964-3948-43a8-885a-142089a2f45f: start LeaderElection
2019-09-20 00:04:47,919 [Thread-2085] INFO  impl.RoleInfo (RoleInfo.java:updateAndGet(143)) - 382b0250-a1aa-40f3-882d-cd7fb29de27f: start LeaderElection
2019-09-20 00:04:47,919 [Thread-2084] INFO  impl.RoleInfo (RoleInfo.java:updateAndGet(143)) - f3b156d7-7eb6-46eb-bb34-4a82b6f9f404: start LeaderElection
2019-09-20 00:04:48,813 [grpc-default-executor-1] INFO  client.GrpcClientProtocolClient (GrpcClientProtocolClient.java:onNext(264)) - client-A41B7215C437->382b0250-a1aa-40f3-882d-cd7fb29de27f: receive RaftClientReply:client-A41B7215C437->382b0250-a1aa-40f3-882d-cd7fb29de27f@group-4DF5A04227EE, cid=81, FAILED org.apache.ratis.protocol.NotLeaderException: Server 382b0250-a1aa-40f3-882d-cd7fb29de27f@group-4DF5A04227EE is not the leader, logIndex=0, commits[382b0250-a1aa-40f3-882d-cd7fb29de27f:c-1]
2019-09-20 00:04:49,059 [Thread-2095] INFO  impl.FollowerState (FollowerState.java:run(106)) - c63e7fee-7ebf-4ab3-a82c-403b5cf942fc:group-0BC4DF7BF4D9 changes to CANDIDATE, lastRpcTime:5036, electionTimeout:5036ms
2019-09-20 00:04:49,059 [Thread-2095] INFO  impl.RoleInfo (RoleInfo.java:shutdownFollowerState(121)) - c63e7fee-7ebf-4ab3-a82c-403b5cf942fc: shutdown FollowerState
2019-09-20 00:04:49,059 [Thread-2095] INFO  impl.RaftServerImpl (RaftServerImpl.java:setRole(174)) - c63e7fee-7ebf-4ab3-a82c-403b5cf942fc@group-0BC4DF7BF4D9: changes role from  FOLLOWER to CANDIDATE at term 13 for changeToCandidate
2019-09-20 00:04:49,059 [Thread-2095] INFO  impl.RoleInfo (RoleInfo.java:updateAndGet(143)) - c63e7fee-7ebf-4ab3-a82c-403b5cf942fc: start LeaderElection
2019-09-20 00:04:49,123 [3d170688-536a-4a66-a9c9-289315ef27c2@group-4DF5A04227EE:LeaderElection82] INFO  impl.LeaderElection (LeaderElection.java:askForVotes(182)) - 3d170688-536a-4a66-a9c9-289315ef27c2@group-4DF5A04227EE:LeaderElection82: begin an election at term 2 for -1: [382b0250-a1aa-40f3-882d-cd7fb29de27f:192.168.5.182:40829, f3b156d7-7eb6-46eb-bb34-4a82b6f9f404:192.168.5.182:33815, 3d170688-536a-4a66-a9c9-289315ef27c2:192.168.5.182:32785], old=null
2019-09-20 00:04:49,838 [grpc-default-executor-5] INFO  client.GrpcClientProtocolClient (GrpcClientProtocolClient.java:onNext(264)) - client-A41B7215C437->3d170688-536a-4a66-a9c9-289315ef27c2: receive RaftClientReply:client-A41B7215C437->3d170688-536a-4a66-a9c9-289315ef27c2@group-4DF5A04227EE, cid=81, FAILED org.apache.ratis.protocol.NotLeaderException: Server 3d170688-536a-4a66-a9c9-289315ef27c2@group-4DF5A04227EE is not the leader, logIndex=0, commits[3d170688-536a-4a66-a9c9-289315ef27c2:c-1]
2019-09-20 00:04:50,518 [5f35e7da-28ae-4b25-a1a4-54a4278033f1@group-032B6602E80F:LeaderElection83] INFO  impl.LeaderElection (LeaderElection.java:askForVotes(182)) - 5f35e7da-28ae-4b25-a1a4-54a4278033f1@group-032B6602E80F:LeaderElection83: begin an election at term 2 for -1: [7d878657-54f8-4791-978a-386f775e0485:192.168.5.182:36462, 5f35e7da-28ae-4b25-a1a4-54a4278033f1:192.168.5.182:43639, 89de1964-3948-43a8-885a-142089a2f45f:192.168.5.182:39929], old=null
2019-09-20 00:04:50,518 [89de1964-3948-43a8-885a-142089a2f45f@group-032B6602E80F:LeaderElection85] INFO  impl.LeaderElection (LeaderElection.java:askForVotes(182)) - 89de1964-3948-43a8-885a-142089a2f45f@group-032B6602E80F:LeaderElection85: begin an election at term 2 for -1: [7d878657-54f8-4791-978a-386f775e0485:192.168.5.182:36462, 5f35e7da-28ae-4b25-a1a4-54a4278033f1:192.168.5.182:43639, 89de1964-3948-43a8-885a-142089a2f45f:192.168.5.182:39929], old=null
2019-09-20 00:04:50,518 [382b0250-a1aa-40f3-882d-cd7fb29de27f@group-4DF5A04227EE:LeaderElection87] INFO  impl.LeaderElection (LeaderElection.java:askForVotes(182)) - 382b0250-a1aa-40f3-882d-cd7fb29de27f@group-4DF5A04227EE:LeaderElection87: begin an election at term 2 for -1: [382b0250-a1aa-40f3-882d-cd7fb29de27f:192.168.5.182:40829, f3b156d7-7eb6-46eb-bb34-4a82b6f9f404:192.168.5.182:33815, 3d170688-536a-4a66-a9c9-289315ef27c2:192.168.5.182:32785], old=null
2019-09-20 00:04:50,518 [f3b156d7-7eb6-46eb-bb34-4a82b6f9f404@group-4DF5A04227EE:LeaderElection86] INFO  impl.LeaderElection (LeaderElection.java:askForVotes(182)) - f3b156d7-7eb6-46eb-bb34-4a82b6f9f404@group-4DF5A04227EE:LeaderElection86: begin an election at term 2 for -1: [382b0250-a1aa-40f3-882d-cd7fb29de27f:192.168.5.182:40829, f3b156d7-7eb6-46eb-bb34-4a82b6f9f404:192.168.5.182:33815, 3d170688-536a-4a66-a9c9-289315ef27c2:192.168.5.182:32785], old=null
2019-09-20 00:04:50,518 [7d878657-54f8-4791-978a-386f775e0485@group-032B6602E80F:LeaderElection84] INFO  impl.LeaderElection (LeaderElection.java:askForVotes(182)) - 7d878657-54f8-4791-978a-386f775e0485@group-032B6602E80F:LeaderElection84: begin an election at term 2 for -1: [7d878657-54f8-4791-978a-386f775e0485:192.168.5.182:36462, 5f35e7da-28ae-4b25-a1a4-54a4278033f1:192.168.5.182:43639, 89de1964-3948-43a8-885a-142089a2f45f:192.168.5.182:39929], old=null
2019-09-20 00:04:50,520 [3d170688-536a-4a66-a9c9-289315ef27c2@group-4DF5A04227EE:LeaderElection82] INFO  impl.LeaderElection (LeaderElection.java:logAndReturn(56)) - 3d170688-536a-4a66-a9c9-289315ef27c2@group-4DF5A04227EE:LeaderElection82: Election REJECTED; received 2 response(s) [3d170688-536a-4a66-a9c9-289315ef27c2<-382b0250-a1aa-40f3-882d-cd7fb29de27f#0:FAIL-t2, 3d170688-536a-4a66-a9c9-289315ef27c2<-f3b156d7-7eb6-46eb-bb34-4a82b6f9f404#0:FAIL-t2] and 0 exception(s); 3d170688-536a-4a66-a9c9-289315ef27c2@group-4DF5A04227EE:t2, leader=null, voted=3d170688-536a-4a66-a9c9-289315ef27c2, raftlog=3d170688-536a-4a66-a9c9-289315ef27c2@group-4DF5A04227EE-SegmentedRaftLog:OPENED:c-1,f-1,i0, conf=-1: [382b0250-a1aa-40f3-882d-cd7fb29de27f:192.168.5.182:40829, f3b156d7-7eb6-46eb-bb34-4a82b6f9f404:192.168.5.182:33815, 3d170688-536a-4a66-a9c9-289315ef27c2:192.168.5.182:32785], old=null
2019-09-20 00:04:50,520 [3d170688-536a-4a66-a9c9-289315ef27c2@group-4DF5A04227EE:LeaderElection82] INFO  impl.RaftServerImpl (RaftServerImpl.java:setRole(174)) - 3d170688-536a-4a66-a9c9-289315ef27c2@group-4DF5A04227EE: changes role from CANDIDATE to FOLLOWER at term 2 for DISCOVERED_A_NEW_TERM
2019-09-20 00:04:50,521 [3d170688-536a-4a66-a9c9-289315ef27c2@group-4DF5A04227EE:LeaderElection82] INFO  impl.RoleInfo (RoleInfo.java:shutdownLeaderElection(134)) - 3d170688-536a-4a66-a9c9-289315ef27c2: shutdown LeaderElection
2019-09-20 00:04:50,521 [3d170688-536a-4a66-a9c9-289315ef27c2@group-4DF5A04227EE:LeaderElection82] INFO  impl.RoleInfo (RoleInfo.java:updateAndGet(143)) - 3d170688-536a-4a66-a9c9-289315ef27c2: start FollowerState
2019-09-20 00:04:50,524 [7d878657-54f8-4791-978a-386f775e0485@group-032B6602E80F:LeaderElection84] INFO  impl.LeaderElection (LeaderElection.java:logAndReturn(56)) - 7d878657-54f8-4791-978a-386f775e0485@group-032B6602E80F:LeaderElection84: Election REJECTED; received 2 response(s) [7d878657-54f8-4791-978a-386f775e0485<-5f35e7da-28ae-4b25-a1a4-54a4278033f1#0:FAIL-t2, 7d878657-54f8-4791-978a-386f775e0485<-89de1964-3948-43a8-885a-142089a2f45f#0:FAIL-t2] and 0 exception(s); 7d878657-54f8-4791-978a-386f775e0485@group-032B6602E80F:t2, leader=null, voted=7d878657-54f8-4791-978a-386f775e0485, raftlog=7d878657-54f8-4791-978a-386f775e0485@group-032B6602E80F-SegmentedRaftLog:OPENED:c-1,f-1,i0, conf=-1: [7d878657-54f8-4791-978a-386f775e0485:192.168.5.182:36462, 5f35e7da-28ae-4b25-a1a4-54a4278033f1:192.168.5.182:43639, 89de1964-3948-43a8-885a-142089a2f45f:192.168.5.182:39929], old=null
2019-09-20 00:04:50,528 [5f35e7da-28ae-4b25-a1a4-54a4278033f1@group-032B6602E80F:LeaderElection83] INFO  impl.LeaderElection (LeaderElection.java:logAndReturn(56)) - 5f35e7da-28ae-4b25-a1a4-54a4278033f1@group-032B6602E80F:LeaderElection83: Election REJECTED; received 2 response(s) [5f35e7da-28ae-4b25-a1a4-54a4278033f1<-7d878657-54f8-4791-978a-386f775e0485#0:FAIL-t2, 5f35e7da-28ae-4b25-a1a4-54a4278033f1<-89de1964-3948-43a8-885a-142089a2f45f#0:FAIL-t2] and 0 exception(s); 5f35e7da-28ae-4b25-a1a4-54a4278033f1@group-032B6602E80F:t2, leader=null, voted=5f35e7da-28ae-4b25-a1a4-54a4278033f1, raftlog=5f35e7da-28ae-4b25-a1a4-54a4278033f1@group-032B6602E80F-SegmentedRaftLog:OPENED:c-1,f-1,i0, conf=-1: [7d878657-54f8-4791-978a-386f775e0485:192.168.5.182:36462, 5f35e7da-28ae-4b25-a1a4-54a4278033f1:192.168.5.182:43639, 89de1964-3948-43a8-885a-142089a2f45f:192.168.5.182:39929], old=null
2019-09-20 00:04:50,528 [7d878657-54f8-4791-978a-386f775e0485@group-032B6602E80F:LeaderElection84] INFO  impl.RaftServerImpl (RaftServerImpl.java:setRole(174)) - 7d878657-54f8-4791-978a-386f775e0485@group-032B6602E80F: changes role from CANDIDATE to FOLLOWER at term 2 for DISCOVERED_A_NEW_TERM
2019-09-20 00:04:50,528 [5f35e7da-28ae-4b25-a1a4-54a4278033f1@group-032B6602E80F:LeaderElection83] INFO  impl.RaftServerImpl (RaftServerImpl.java:setRole(174)) - 5f35e7da-28ae-4b25-a1a4-54a4278033f1@group-032B6602E80F: changes role from CANDIDATE to FOLLOWER at term 2 for DISCOVERED_A_NEW_TERM
2019-09-20 00:04:50,531 [7d878657-54f8-4791-978a-386f775e0485@group-032B6602E80F:LeaderElection84] INFO  impl.RoleInfo (RoleInfo.java:shutdownLeaderElection(134)) - 7d878657-54f8-4791-978a-386f775e0485: shutdown LeaderElection
2019-09-20 00:04:50,534 [5f35e7da-28ae-4b25-a1a4-54a4278033f1@group-032B6602E80F:LeaderElection83] INFO  impl.RoleInfo (RoleInfo.java:shutdownLeaderElection(134)) - 5f35e7da-28ae-4b25-a1a4-54a4278033f1: shutdown LeaderElection
2019-09-20 00:04:50,534 [7d878657-54f8-4791-978a-386f775e0485@group-032B6602E80F:LeaderElection84] INFO  impl.RoleInfo (RoleInfo.java:updateAndGet(143)) - 7d878657-54f8-4791-978a-386f775e0485: start FollowerState
2019-09-20 00:04:50,535 [5f35e7da-28ae-4b25-a1a4-54a4278033f1@group-032B6602E80F:LeaderElection83] INFO  impl.RoleInfo (RoleInfo.java:updateAndGet(143)) - 5f35e7da-28ae-4b25-a1a4-54a4278033f1: start FollowerState
2019-09-20 00:04:50,536 [f3b156d7-7eb6-46eb-bb34-4a82b6f9f404@group-4DF5A04227EE:LeaderElection86] INFO  impl.LeaderElection (LeaderElection.java:logAndReturn(56)) - f3b156d7-7eb6-46eb-bb34-4a82b6f9f404@group-4DF5A04227EE:LeaderElection86: Election REJECTED; received 2 response(s) [f3b156d7-7eb6-46eb-bb34-4a82b6f9f404<-382b0250-a1aa-40f3-882d-cd7fb29de27f#0:FAIL-t2, f3b156d7-7eb6-46eb-bb34-4a82b6f9f404<-3d170688-536a-4a66-a9c9-289315ef27c2#0:FAIL-t2] and 0 exception(s); f3b156d7-7eb6-46eb-bb34-4a82b6f9f404@group-4DF5A04227EE:t2, leader=null, voted=f3b156d7-7eb6-46eb-bb34-4a82b6f9f404, raftlog=f3b156d7-7eb6-46eb-bb34-4a82b6f9f404@group-4DF5A04227EE-SegmentedRaftLog:OPENED:c-1,f-1,i0, conf=-1: [382b0250-a1aa-40f3-882d-cd7fb29de27f:192.168.5.182:40829, f3b156d7-7eb6-46eb-bb34-4a82b6f9f404:192.168.5.182:33815, 3d170688-536a-4a66-a9c9-289315ef27c2:192.168.5.182:32785], old=null
2019-09-20 00:04:50,536 [f3b156d7-7eb6-46eb-bb34-4a82b6f9f404@group-4DF5A04227EE:LeaderElection86] INFO  impl.RaftServerImpl (RaftServerImpl.java:setRole(174)) - f3b156d7-7eb6-46eb-bb34-4a82b6f9f404@group-4DF5A04227EE: changes role from CANDIDATE to FOLLOWER at term 2 for DISCOVERED_A_NEW_TERM
2019-09-20 00:04:50,537 [f3b156d7-7eb6-46eb-bb34-4a82b6f9f404@group-4DF5A04227EE:LeaderElection86] INFO  impl.RoleInfo (RoleInfo.java:shutdownLeaderElection(134)) - f3b156d7-7eb6-46eb-bb34-4a82b6f9f404: shutdown LeaderElection
2019-09-20 00:04:50,537 [f3b156d7-7eb6-46eb-bb34-4a82b6f9f404@group-4DF5A04227EE:LeaderElection86] INFO  impl.RoleInfo (RoleInfo.java:updateAndGet(143)) - f3b156d7-7eb6-46eb-bb34-4a82b6f9f404: start FollowerState
2019-09-20 00:04:50,538 [382b0250-a1aa-40f3-882d-cd7fb29de27f@group-4DF5A04227EE:LeaderElection87] INFO  impl.LeaderElection (LeaderElection.java:logAndReturn(56)) - 382b0250-a1aa-40f3-882d-cd7fb29de27f@group-4DF5A04227EE:LeaderElection87: Election REJECTED; received 2 response(s) [382b0250-a1aa-40f3-882d-cd7fb29de27f<-f3b156d7-7eb6-46eb-bb34-4a82b6f9f404#0:FAIL-t2, 382b0250-a1aa-40f3-882d-cd7fb29de27f<-3d170688-536a-4a66-a9c9-289315ef27c2#0:FAIL-t2] and 0 exception(s); 382b0250-a1aa-40f3-882d-cd7fb29de27f@group-4DF5A04227EE:t2, leader=null, voted=382b0250-a1aa-40f3-882d-cd7fb29de27f, raftlog=382b0250-a1aa-40f3-882d-cd7fb29de27f@group-4DF5A04227EE-SegmentedRaftLog:OPENED:c-1,f-1,i0, conf=-1: [382b0250-a1aa-40f3-882d-cd7fb29de27f:192.168.5.182:40829, f3b156d7-7eb6-46eb-bb34-4a82b6f9f404:192.168.5.182:33815, 3d170688-536a-4a66-a9c9-289315ef27c2:192.168.5.182:32785], old=null
2019-09-20 00:04:50,541 [89de1964-3948-43a8-885a-142089a2f45f@group-032B6602E80F:LeaderElection85] INFO  impl.LeaderElection (LeaderElection.java:logAndReturn(56)) - 89de1964-3948-43a8-885a-142089a2f45f@group-032B6602E80F:LeaderElection85: Election REJECTED; received 2 response(s) [89de1964-3948-43a8-885a-142089a2f45f<-7d878657-54f8-4791-978a-386f775e0485#0:FAIL-t2, 89de1964-3948-43a8-885a-142089a2f45f<-5f35e7da-28ae-4b25-a1a4-54a4278033f1#0:FAIL-t2] and 0 exception(s); 89de1964-3948-43a8-885a-142089a2f45f@group-032B6602E80F:t2, leader=null, voted=89de1964-3948-43a8-885a-142089a2f45f, raftlog=89de1964-3948-43a8-885a-142089a2f45f@group-032B6602E80F-SegmentedRaftLog:OPENED:c-1,f-1,i0, conf=-1: [7d878657-54f8-4791-978a-386f775e0485:192.168.5.182:36462, 5f35e7da-28ae-4b25-a1a4-54a4278033f1:192.168.5.182:43639, 89de1964-3948-43a8-885a-142089a2f45f:192.168.5.182:39929], old=null
2019-09-20 00:04:50,541 [382b0250-a1aa-40f3-882d-cd7fb29de27f@group-4DF5A04227EE:LeaderElection87] INFO  impl.RaftServerImpl (RaftServerImpl.java:setRole(174)) - 382b0250-a1aa-40f3-882d-cd7fb29de27f@group-4DF5A04227EE: changes role from CANDIDATE to FOLLOWER at term 2 for DISCOVERED_A_NEW_TERM
2019-09-20 00:04:50,544 [89de1964-3948-43a8-885a-142089a2f45f@group-032B6602E80F:LeaderElection85] INFO  impl.RaftServerImpl (RaftServerImpl.java:setRole(174)) - 89de1964-3948-43a8-885a-142089a2f45f@group-032B6602E80F: changes role from CANDIDATE to FOLLOWER at term 2 for DISCOVERED_A_NEW_TERM
2019-09-20 00:04:50,546 [89de1964-3948-43a8-885a-142089a2f45f@group-032B6602E80F:LeaderElection85] INFO  impl.RoleInfo (RoleInfo.java:shutdownLeaderElection(134)) - 89de1964-3948-43a8-885a-142089a2f45f: shutdown LeaderElection
2019-09-20 00:04:50,544 [382b0250-a1aa-40f3-882d-cd7fb29de27f@group-4DF5A04227EE:LeaderElection87] INFO  impl.RoleInfo (RoleInfo.java:shutdownLeaderElection(134)) - 382b0250-a1aa-40f3-882d-cd7fb29de27f: shutdown LeaderElection
2019-09-20 00:04:50,546 [89de1964-3948-43a8-885a-142089a2f45f@group-032B6602E80F:LeaderElection85] INFO  impl.RoleInfo (RoleInfo.java:updateAndGet(143)) - 89de1964-3948-43a8-885a-142089a2f45f: start FollowerState
2019-09-20 00:04:50,547 [382b0250-a1aa-40f3-882d-cd7fb29de27f@group-4DF5A04227EE:LeaderElection87] INFO  impl.RoleInfo (RoleInfo.java:updateAndGet(143)) - 382b0250-a1aa-40f3-882d-cd7fb29de27f: start FollowerState
2019-09-20 00:04:50,858 [grpc-default-executor-1] INFO  client.GrpcClientProtocolClient (GrpcClientProtocolClient.java:onNext(264)) - client-A41B7215C437->f3b156d7-7eb6-46eb-bb34-4a82b6f9f404: receive RaftClientReply:client-A41B7215C437->f3b156d7-7eb6-46eb-bb34-4a82b6f9f404@group-4DF5A04227EE, cid=81, FAILED org.apache.ratis.protocol.NotLeaderException: Server f3b156d7-7eb6-46eb-bb34-4a82b6f9f404@group-4DF5A04227EE is not the leader, logIndex=0, commits[f3b156d7-7eb6-46eb-bb34-4a82b6f9f404:c-1]
2019-09-20 00:04:51,127 [c63e7fee-7ebf-4ab3-a82c-403b5cf942fc@group-0BC4DF7BF4D9:LeaderElection88] INFO  impl.LeaderElection (LeaderElection.java:askForVotes(182)) - c63e7fee-7ebf-4ab3-a82c-403b5cf942fc@group-0BC4DF7BF4D9:LeaderElection88: begin an election at term 14 for 0: [8f58c883-e4ba-4cdd-8662-08249772462e:192.168.5.182:35458, c63e7fee-7ebf-4ab3-a82c-403b5cf942fc:192.168.5.182:40019, fd99f976-ef3a-47b0-8e0c-a462a244f82b:192.168.5.182:45540], old=null
2019-09-20 00:04:51,128 [c63e7fee-7ebf-4ab3-a82c-403b5cf942fc@group-0BC4DF7BF4D9:LeaderElection88] INFO  impl.LeaderElection (LogUtils.java:infoOrTrace(149)) - c63e7fee-7ebf-4ab3-a82c-403b5cf942fc@group-0BC4DF7BF4D9:LeaderElection88 got exception when requesting votes: {}
java.util.concurrent.ExecutionException: org.apache.ratis.thirdparty.io.grpc.StatusRuntimeException: UNAVAILABLE: io exception
	at java.util.concurrent.FutureTask.report(FutureTask.java:122)
	at java.util.concurrent.FutureTask.get(FutureTask.java:192)
	at org.apache.ratis.server.impl.LeaderElection.waitForResults(LeaderElection.java:263)
	at org.apache.ratis.server.impl.LeaderElection.askForVotes(LeaderElection.java:201)
	at org.apache.ratis.server.impl.LeaderElection.run(LeaderElection.java:133)
	at java.lang.Thread.run(Thread.java:748)
Caused by: org.apache.ratis.thirdparty.io.grpc.StatusRuntimeException: UNAVAILABLE: io exception
	at org.apache.ratis.thirdparty.io.grpc.stub.ClientCalls.toStatusRuntimeException(ClientCalls.java:233)
	at org.apache.ratis.thirdparty.io.grpc.stub.ClientCalls.getUnchecked(ClientCalls.java:214)
	at org.apache.ratis.thirdparty.io.grpc.stub.ClientCalls.blockingUnaryCall(ClientCalls.java:139)
	at org.apache.ratis.proto.grpc.RaftServerProtocolServiceGrpc$RaftServerProtocolServiceBlockingStub.requestVote(RaftServerProtocolServiceGrpc.java:265)
	at org.apache.ratis.grpc.server.GrpcServerProtocolClient.requestVote(GrpcServerProtocolClient.java:90)
	at org.apache.ratis.grpc.server.GrpcService.requestVote(GrpcService.java:204)
	at org.apache.ratis.server.impl.LeaderElection.lambda$submitRequests$1(LeaderElection.java:238)
	at java.util.concurrent.FutureTask.run(FutureTask.java:266)
	at java.util.concurrent.Executors$RunnableAdapter.call(Executors.java:511)
	at java.util.concurrent.FutureTask.run(FutureTask.java:266)
	at java.util.concurrent.ThreadPoolExecutor.runWorker(ThreadPoolExecutor.java:1149)
	at java.util.concurrent.ThreadPoolExecutor$Worker.run(ThreadPoolExecutor.java:624)
	... 1 more
Caused by: org.apache.ratis.thirdparty.io.netty.channel.AbstractChannel$AnnotatedConnectException: Connection refused: /192.168.5.182:35458
	at sun.nio.ch.SocketChannelImpl.checkConnect(Native Method)
	at sun.nio.ch.SocketChannelImpl.finishConnect(SocketChannelImpl.java:717)
	at org.apache.ratis.thirdparty.io.netty.channel.socket.nio.NioSocketChannel.doFinishConnect(NioSocketChannel.java:327)
	at org.apache.ratis.thirdparty.io.netty.channel.nio.AbstractNioChannel$AbstractNioUnsafe.finishConnect(AbstractNioChannel.java:340)
	at org.apache.ratis.thirdparty.io.netty.channel.nio.NioEventLoop.processSelectedKey(NioEventLoop.java:632)
	at org.apache.ratis.thirdparty.io.netty.channel.nio.NioEventLoop.processSelectedKeysOptimized(NioEventLoop.java:579)
	at org.apache.ratis.thirdparty.io.netty.channel.nio.NioEventLoop.processSelectedKeys(NioEventLoop.java:496)
	at org.apache.ratis.thirdparty.io.netty.channel.nio.NioEventLoop.run(NioEventLoop.java:458)
	at org.apache.ratis.thirdparty.io.netty.util.concurrent.SingleThreadEventExecutor$5.run(SingleThreadEventExecutor.java:897)
	at org.apache.ratis.thirdparty.io.netty.util.concurrent.FastThreadLocalRunnable.run(FastThreadLocalRunnable.java:30)
	... 1 more
Caused by: java.net.ConnectException: Connection refused
	... 11 more
2019-09-20 00:04:51,133 [c63e7fee-7ebf-4ab3-a82c-403b5cf942fc@group-0BC4DF7BF4D9:LeaderElection88] INFO  impl.LeaderElection (LogUtils.java:infoOrTrace(149)) - c63e7fee-7ebf-4ab3-a82c-403b5cf942fc@group-0BC4DF7BF4D9:LeaderElection88 got exception when requesting votes: {}
java.util.concurrent.ExecutionException: org.apache.ratis.thirdparty.io.grpc.StatusRuntimeException: UNAVAILABLE: io exception
	at java.util.concurrent.FutureTask.report(FutureTask.java:122)
	at java.util.concurrent.FutureTask.get(FutureTask.java:192)
	at org.apache.ratis.server.impl.LeaderElection.waitForResults(LeaderElection.java:263)
	at org.apache.ratis.server.impl.LeaderElection.askForVotes(LeaderElection.java:201)
	at org.apache.ratis.server.impl.LeaderElection.run(LeaderElection.java:133)
	at java.lang.Thread.run(Thread.java:748)
Caused by: org.apache.ratis.thirdparty.io.grpc.StatusRuntimeException: UNAVAILABLE: io exception
	at org.apache.ratis.thirdparty.io.grpc.stub.ClientCalls.toStatusRuntimeException(ClientCalls.java:233)
	at org.apache.ratis.thirdparty.io.grpc.stub.ClientCalls.getUnchecked(ClientCalls.java:214)
	at org.apache.ratis.thirdparty.io.grpc.stub.ClientCalls.blockingUnaryCall(ClientCalls.java:139)
	at org.apache.ratis.proto.grpc.RaftServerProtocolServiceGrpc$RaftServerProtocolServiceBlockingStub.requestVote(RaftServerProtocolServiceGrpc.java:265)
	at org.apache.ratis.grpc.server.GrpcServerProtocolClient.requestVote(GrpcServerProtocolClient.java:90)
	at org.apache.ratis.grpc.server.GrpcService.requestVote(GrpcService.java:204)
	at org.apache.ratis.server.impl.LeaderElection.lambda$submitRequests$1(LeaderElection.java:238)
	at java.util.concurrent.FutureTask.run(FutureTask.java:266)
	at java.util.concurrent.Executors$RunnableAdapter.call(Executors.java:511)
	at java.util.concurrent.FutureTask.run(FutureTask.java:266)
	at java.util.concurrent.ThreadPoolExecutor.runWorker(ThreadPoolExecutor.java:1149)
	at java.util.concurrent.ThreadPoolExecutor$Worker.run(ThreadPoolExecutor.java:624)
	... 1 more
Caused by: org.apache.ratis.thirdparty.io.netty.channel.AbstractChannel$AnnotatedConnectException: Connection refused: /192.168.5.182:45540
	at sun.nio.ch.SocketChannelImpl.checkConnect(Native Method)
	at sun.nio.ch.SocketChannelImpl.finishConnect(SocketChannelImpl.java:717)
	at org.apache.ratis.thirdparty.io.netty.channel.socket.nio.NioSocketChannel.doFinishConnect(NioSocketChannel.java:327)
	at org.apache.ratis.thirdparty.io.netty.channel.nio.AbstractNioChannel$AbstractNioUnsafe.finishConnect(AbstractNioChannel.java:340)
	at org.apache.ratis.thirdparty.io.netty.channel.nio.NioEventLoop.processSelectedKey(NioEventLoop.java:632)
	at org.apache.ratis.thirdparty.io.netty.channel.nio.NioEventLoop.processSelectedKeysOptimized(NioEventLoop.java:579)
	at org.apache.ratis.thirdparty.io.netty.channel.nio.NioEventLoop.processSelectedKeys(NioEventLoop.java:496)
	at org.apache.ratis.thirdparty.io.netty.channel.nio.NioEventLoop.run(NioEventLoop.java:458)
	at org.apache.ratis.thirdparty.io.netty.util.concurrent.SingleThreadEventExecutor$5.run(SingleThreadEventExecutor.java:897)
	at org.apache.ratis.thirdparty.io.netty.util.concurrent.FastThreadLocalRunnable.run(FastThreadLocalRunnable.java:30)
	... 1 more
Caused by: java.net.ConnectException: Connection refused
	... 11 more
2019-09-20 00:04:51,137 [c63e7fee-7ebf-4ab3-a82c-403b5cf942fc@group-0BC4DF7BF4D9:LeaderElection88] INFO  impl.LeaderElection (LeaderElection.java:logAndReturn(56)) - c63e7fee-7ebf-4ab3-a82c-403b5cf942fc@group-0BC4DF7BF4D9:LeaderElection88: Election REJECTED; received 0 response(s) [] and 2 exception(s); c63e7fee-7ebf-4ab3-a82c-403b5cf942fc@group-0BC4DF7BF4D9:t14, leader=null, voted=c63e7fee-7ebf-4ab3-a82c-403b5cf942fc, raftlog=c63e7fee-7ebf-4ab3-a82c-403b5cf942fc@group-0BC4DF7BF4D9-SegmentedRaftLog:OPENED:c2,f2,i2, conf=0: [8f58c883-e4ba-4cdd-8662-08249772462e:192.168.5.182:35458, c63e7fee-7ebf-4ab3-a82c-403b5cf942fc:192.168.5.182:40019, fd99f976-ef3a-47b0-8e0c-a462a244f82b:192.168.5.182:45540], old=null
2019-09-20 00:04:51,137 [c63e7fee-7ebf-4ab3-a82c-403b5cf942fc@group-0BC4DF7BF4D9:LeaderElection88] INFO  impl.LeaderElection (LogUtils.java:infoOrTrace(149)) -   Exception 0: {}
java.util.concurrent.ExecutionException: org.apache.ratis.thirdparty.io.grpc.StatusRuntimeException: UNAVAILABLE: io exception
	at java.util.concurrent.FutureTask.report(FutureTask.java:122)
	at java.util.concurrent.FutureTask.get(FutureTask.java:192)
	at org.apache.ratis.server.impl.LeaderElection.waitForResults(LeaderElection.java:263)
	at org.apache.ratis.server.impl.LeaderElection.askForVotes(LeaderElection.java:201)
	at org.apache.ratis.server.impl.LeaderElection.run(LeaderElection.java:133)
	at java.lang.Thread.run(Thread.java:748)
Caused by: org.apache.ratis.thirdparty.io.grpc.StatusRuntimeException: UNAVAILABLE: io exception
	at org.apache.ratis.thirdparty.io.grpc.stub.ClientCalls.toStatusRuntimeException(ClientCalls.java:233)
	at org.apache.ratis.thirdparty.io.grpc.stub.ClientCalls.getUnchecked(ClientCalls.java:214)
	at org.apache.ratis.thirdparty.io.grpc.stub.ClientCalls.blockingUnaryCall(ClientCalls.java:139)
	at org.apache.ratis.proto.grpc.RaftServerProtocolServiceGrpc$RaftServerProtocolServiceBlockingStub.requestVote(RaftServerProtocolServiceGrpc.java:265)
	at org.apache.ratis.grpc.server.GrpcServerProtocolClient.requestVote(GrpcServerProtocolClient.java:90)
	at org.apache.ratis.grpc.server.GrpcService.requestVote(GrpcService.java:204)
	at org.apache.ratis.server.impl.LeaderElection.lambda$submitRequests$1(LeaderElection.java:238)
	at java.util.concurrent.FutureTask.run(FutureTask.java:266)
	at java.util.concurrent.Executors$RunnableAdapter.call(Executors.java:511)
	at java.util.concurrent.FutureTask.run(FutureTask.java:266)
	at java.util.concurrent.ThreadPoolExecutor.runWorker(ThreadPoolExecutor.java:1149)
	at java.util.concurrent.ThreadPoolExecutor$Worker.run(ThreadPoolExecutor.java:624)
	... 1 more
Caused by: org.apache.ratis.thirdparty.io.netty.channel.AbstractChannel$AnnotatedConnectException: Connection refused: /192.168.5.182:35458
	at sun.nio.ch.SocketChannelImpl.checkConnect(Native Method)
	at sun.nio.ch.SocketChannelImpl.finishConnect(SocketChannelImpl.java:717)
	at org.apache.ratis.thirdparty.io.netty.channel.socket.nio.NioSocketChannel.doFinishConnect(NioSocketChannel.java:327)
	at org.apache.ratis.thirdparty.io.netty.channel.nio.AbstractNioChannel$AbstractNioUnsafe.finishConnect(AbstractNioChannel.java:340)
	at org.apache.ratis.thirdparty.io.netty.channel.nio.NioEventLoop.processSelectedKey(NioEventLoop.java:632)
	at org.apache.ratis.thirdparty.io.netty.channel.nio.NioEventLoop.processSelectedKeysOptimized(NioEventLoop.java:579)
	at org.apache.ratis.thirdparty.io.netty.channel.nio.NioEventLoop.processSelectedKeys(NioEventLoop.java:496)
	at org.apache.ratis.thirdparty.io.netty.channel.nio.NioEventLoop.run(NioEventLoop.java:458)
	at org.apache.ratis.thirdparty.io.netty.util.concurrent.SingleThreadEventExecutor$5.run(SingleThreadEventExecutor.java:897)
	at org.apache.ratis.thirdparty.io.netty.util.concurrent.FastThreadLocalRunnable.run(FastThreadLocalRunnable.java:30)
	... 1 more
Caused by: java.net.ConnectException: Connection refused
	... 11 more
2019-09-20 00:04:51,138 [c63e7fee-7ebf-4ab3-a82c-403b5cf942fc@group-0BC4DF7BF4D9:LeaderElection88] INFO  impl.LeaderElection (LogUtils.java:infoOrTrace(149)) -   Exception 1: {}
java.util.concurrent.ExecutionException: org.apache.ratis.thirdparty.io.grpc.StatusRuntimeException: UNAVAILABLE: io exception
	at java.util.concurrent.FutureTask.report(FutureTask.java:122)
	at java.util.concurrent.FutureTask.get(FutureTask.java:192)
	at org.apache.ratis.server.impl.LeaderElection.waitForResults(LeaderElection.java:263)
	at org.apache.ratis.server.impl.LeaderElection.askForVotes(LeaderElection.java:201)
	at org.apache.ratis.server.impl.LeaderElection.run(LeaderElection.java:133)
	at java.lang.Thread.run(Thread.java:748)
Caused by: org.apache.ratis.thirdparty.io.grpc.StatusRuntimeException: UNAVAILABLE: io exception
	at org.apache.ratis.thirdparty.io.grpc.stub.ClientCalls.toStatusRuntimeException(ClientCalls.java:233)
	at org.apache.ratis.thirdparty.io.grpc.stub.ClientCalls.getUnchecked(ClientCalls.java:214)
	at org.apache.ratis.thirdparty.io.grpc.stub.ClientCalls.blockingUnaryCall(ClientCalls.java:139)
	at org.apache.ratis.proto.grpc.RaftServerProtocolServiceGrpc$RaftServerProtocolServiceBlockingStub.requestVote(RaftServerProtocolServiceGrpc.java:265)
	at org.apache.ratis.grpc.server.GrpcServerProtocolClient.requestVote(GrpcServerProtocolClient.java:90)
	at org.apache.ratis.grpc.server.GrpcService.requestVote(GrpcService.java:204)
	at org.apache.ratis.server.impl.LeaderElection.lambda$submitRequests$1(LeaderElection.java:238)
	at java.util.concurrent.FutureTask.run(FutureTask.java:266)
	at java.util.concurrent.Executors$RunnableAdapter.call(Executors.java:511)
	at java.util.concurrent.FutureTask.run(FutureTask.java:266)
	at java.util.concurrent.ThreadPoolExecutor.runWorker(ThreadPoolExecutor.java:1149)
	at java.util.concurrent.ThreadPoolExecutor$Worker.run(ThreadPoolExecutor.java:624)
	... 1 more
Caused by: org.apache.ratis.thirdparty.io.netty.channel.AbstractChannel$AnnotatedConnectException: Connection refused: /192.168.5.182:45540
	at sun.nio.ch.SocketChannelImpl.checkConnect(Native Method)
	at sun.nio.ch.SocketChannelImpl.finishConnect(SocketChannelImpl.java:717)
	at org.apache.ratis.thirdparty.io.netty.channel.socket.nio.NioSocketChannel.doFinishConnect(NioSocketChannel.java:327)
	at org.apache.ratis.thirdparty.io.netty.channel.nio.AbstractNioChannel$AbstractNioUnsafe.finishConnect(AbstractNioChannel.java:340)
	at org.apache.ratis.thirdparty.io.netty.channel.nio.NioEventLoop.processSelectedKey(NioEventLoop.java:632)
	at org.apache.ratis.thirdparty.io.netty.channel.nio.NioEventLoop.processSelectedKeysOptimized(NioEventLoop.java:579)
	at org.apache.ratis.thirdparty.io.netty.channel.nio.NioEventLoop.processSelectedKeys(NioEventLoop.java:496)
	at org.apache.ratis.thirdparty.io.netty.channel.nio.NioEventLoop.run(NioEventLoop.java:458)
	at org.apache.ratis.thirdparty.io.netty.util.concurrent.SingleThreadEventExecutor$5.run(SingleThreadEventExecutor.java:897)
	at org.apache.ratis.thirdparty.io.netty.util.concurrent.FastThreadLocalRunnable.run(FastThreadLocalRunnable.java:30)
	... 1 more
Caused by: java.net.ConnectException: Connection refused
	... 11 more
2019-09-20 00:04:51,138 [c63e7fee-7ebf-4ab3-a82c-403b5cf942fc@group-0BC4DF7BF4D9:LeaderElection88] INFO  impl.RaftServerImpl (RaftServerImpl.java:setRole(174)) - c63e7fee-7ebf-4ab3-a82c-403b5cf942fc@group-0BC4DF7BF4D9: changes role from CANDIDATE to FOLLOWER at term 14 for DISCOVERED_A_NEW_TERM
2019-09-20 00:04:51,138 [c63e7fee-7ebf-4ab3-a82c-403b5cf942fc@group-0BC4DF7BF4D9:LeaderElection88] INFO  impl.RoleInfo (RoleInfo.java:shutdownLeaderElection(134)) - c63e7fee-7ebf-4ab3-a82c-403b5cf942fc: shutdown LeaderElection
2019-09-20 00:04:51,139 [c63e7fee-7ebf-4ab3-a82c-403b5cf942fc@group-0BC4DF7BF4D9:LeaderElection88] INFO  impl.RoleInfo (RoleInfo.java:updateAndGet(143)) - c63e7fee-7ebf-4ab3-a82c-403b5cf942fc: start FollowerState
2019-09-20 00:04:51,880 [grpc-default-executor-1] INFO  client.GrpcClientProtocolClient (GrpcClientProtocolClient.java:onNext(264)) - client-A41B7215C437->382b0250-a1aa-40f3-882d-cd7fb29de27f: receive RaftClientReply:client-A41B7215C437->382b0250-a1aa-40f3-882d-cd7fb29de27f@group-4DF5A04227EE, cid=81, FAILED org.apache.ratis.protocol.NotLeaderException: Server 382b0250-a1aa-40f3-882d-cd7fb29de27f@group-4DF5A04227EE is not the leader, logIndex=0, commits[382b0250-a1aa-40f3-882d-cd7fb29de27f:c-1]
2019-09-20 00:04:52,907 [grpc-default-executor-1] INFO  client.GrpcClientProtocolClient (GrpcClientProtocolClient.java:onNext(264)) - client-A41B7215C437->3d170688-536a-4a66-a9c9-289315ef27c2: receive RaftClientReply:client-A41B7215C437->3d170688-536a-4a66-a9c9-289315ef27c2@group-4DF5A04227EE, cid=81, FAILED org.apache.ratis.protocol.NotLeaderException: Server 3d170688-536a-4a66-a9c9-289315ef27c2@group-4DF5A04227EE is not the leader, logIndex=0, commits[3d170688-536a-4a66-a9c9-289315ef27c2:c-1]
2019-09-20 00:04:53,927 [grpc-default-executor-6] INFO  client.GrpcClientProtocolClient (GrpcClientProtocolClient.java:onNext(264)) - client-A41B7215C437->f3b156d7-7eb6-46eb-bb34-4a82b6f9f404: receive RaftClientReply:client-A41B7215C437->f3b156d7-7eb6-46eb-bb34-4a82b6f9f404@group-4DF5A04227EE, cid=81, FAILED org.apache.ratis.protocol.NotLeaderException: Server f3b156d7-7eb6-46eb-bb34-4a82b6f9f404@group-4DF5A04227EE is not the leader, logIndex=0, commits[f3b156d7-7eb6-46eb-bb34-4a82b6f9f404:c-1]
2019-09-20 00:04:54,954 [grpc-default-executor-1] INFO  client.GrpcClientProtocolClient (GrpcClientProtocolClient.java:onNext(264)) - client-A41B7215C437->382b0250-a1aa-40f3-882d-cd7fb29de27f: receive RaftClientReply:client-A41B7215C437->382b0250-a1aa-40f3-882d-cd7fb29de27f@group-4DF5A04227EE, cid=81, FAILED org.apache.ratis.protocol.NotLeaderException: Server 382b0250-a1aa-40f3-882d-cd7fb29de27f@group-4DF5A04227EE is not the leader, logIndex=0, commits[382b0250-a1aa-40f3-882d-cd7fb29de27f:c-1]
2019-09-20 00:04:55,581 [Thread-2140] INFO  impl.FollowerState (FollowerState.java:run(106)) - 382b0250-a1aa-40f3-882d-cd7fb29de27f:group-4DF5A04227EE changes to CANDIDATE, lastRpcTime:5034, electionTimeout:5034ms
2019-09-20 00:04:55,581 [Thread-2140] INFO  impl.RoleInfo (RoleInfo.java:shutdownFollowerState(121)) - 382b0250-a1aa-40f3-882d-cd7fb29de27f: shutdown FollowerState
2019-09-20 00:04:55,582 [Thread-2140] INFO  impl.RaftServerImpl (RaftServerImpl.java:setRole(174)) - 382b0250-a1aa-40f3-882d-cd7fb29de27f@group-4DF5A04227EE: changes role from  FOLLOWER to CANDIDATE at term 2 for changeToCandidate
2019-09-20 00:04:55,582 [Thread-2140] INFO  impl.RoleInfo (RoleInfo.java:updateAndGet(143)) - 382b0250-a1aa-40f3-882d-cd7fb29de27f: start LeaderElection
2019-09-20 00:04:55,598 [Thread-2136] INFO  impl.FollowerState (FollowerState.java:run(106)) - 7d878657-54f8-4791-978a-386f775e0485:group-032B6602E80F changes to CANDIDATE, lastRpcTime:5063, electionTimeout:5063ms
2019-09-20 00:04:55,599 [Thread-2136] INFO  impl.RoleInfo (RoleInfo.java:shutdownFollowerState(121)) - 7d878657-54f8-4791-978a-386f775e0485: shutdown FollowerState
2019-09-20 00:04:55,599 [Thread-2136] INFO  impl.RaftServerImpl (RaftServerImpl.java:setRole(174)) - 7d878657-54f8-4791-978a-386f775e0485@group-032B6602E80F: changes role from  FOLLOWER to CANDIDATE at term 2 for changeToCandidate
2019-09-20 00:04:55,599 [Thread-2136] INFO  impl.RoleInfo (RoleInfo.java:updateAndGet(143)) - 7d878657-54f8-4791-978a-386f775e0485: start LeaderElection
2019-09-20 00:04:55,607 [Thread-2137] INFO  impl.FollowerState (FollowerState.java:run(106)) - 5f35e7da-28ae-4b25-a1a4-54a4278033f1:group-032B6602E80F changes to CANDIDATE, lastRpcTime:5072, electionTimeout:5072ms
2019-09-20 00:04:55,608 [Thread-2137] INFO  impl.RoleInfo (RoleInfo.java:shutdownFollowerState(121)) - 5f35e7da-28ae-4b25-a1a4-54a4278033f1: shutdown FollowerState
2019-09-20 00:04:55,608 [Thread-2137] INFO  impl.RaftServerImpl (RaftServerImpl.java:setRole(174)) - 5f35e7da-28ae-4b25-a1a4-54a4278033f1@group-032B6602E80F: changes role from  FOLLOWER to CANDIDATE at term 2 for changeToCandidate
2019-09-20 00:04:55,608 [Thread-2137] INFO  impl.RoleInfo (RoleInfo.java:updateAndGet(143)) - 5f35e7da-28ae-4b25-a1a4-54a4278033f1: start LeaderElection
2019-09-20 00:04:55,613 [Thread-2138] INFO  impl.FollowerState (FollowerState.java:run(106)) - f3b156d7-7eb6-46eb-bb34-4a82b6f9f404:group-4DF5A04227EE changes to CANDIDATE, lastRpcTime:5076, electionTimeout:5076ms
2019-09-20 00:04:55,613 [Thread-2138] INFO  impl.RoleInfo (RoleInfo.java:shutdownFollowerState(121)) - f3b156d7-7eb6-46eb-bb34-4a82b6f9f404: shutdown FollowerState
2019-09-20 00:04:55,614 [Thread-2138] INFO  impl.RaftServerImpl (RaftServerImpl.java:setRole(174)) - f3b156d7-7eb6-46eb-bb34-4a82b6f9f404@group-4DF5A04227EE: changes role from  FOLLOWER to CANDIDATE at term 2 for changeToCandidate
2019-09-20 00:04:55,614 [Thread-2138] INFO  impl.RoleInfo (RoleInfo.java:updateAndGet(143)) - f3b156d7-7eb6-46eb-bb34-4a82b6f9f404: start LeaderElection
2019-09-20 00:04:55,622 [Thread-2135] INFO  impl.FollowerState (FollowerState.java:run(106)) - 3d170688-536a-4a66-a9c9-289315ef27c2:group-4DF5A04227EE changes to CANDIDATE, lastRpcTime:5100, electionTimeout:5100ms
2019-09-20 00:04:55,622 [Thread-2135] INFO  impl.RoleInfo (RoleInfo.java:shutdownFollowerState(121)) - 3d170688-536a-4a66-a9c9-289315ef27c2: shutdown FollowerState
2019-09-20 00:04:55,622 [Thread-2135] INFO  impl.RaftServerImpl (RaftServerImpl.java:setRole(174)) - 3d170688-536a-4a66-a9c9-289315ef27c2@group-4DF5A04227EE: changes role from  FOLLOWER to CANDIDATE at term 2 for changeToCandidate
2019-09-20 00:04:55,622 [Thread-2135] INFO  impl.RoleInfo (RoleInfo.java:updateAndGet(143)) - 3d170688-536a-4a66-a9c9-289315ef27c2: start LeaderElection
2019-09-20 00:04:55,669 [Thread-2139] INFO  impl.FollowerState (FollowerState.java:run(106)) - 89de1964-3948-43a8-885a-142089a2f45f:group-032B6602E80F changes to CANDIDATE, lastRpcTime:5122, electionTimeout:5122ms
2019-09-20 00:04:55,669 [Thread-2139] INFO  impl.RoleInfo (RoleInfo.java:shutdownFollowerState(121)) - 89de1964-3948-43a8-885a-142089a2f45f: shutdown FollowerState
2019-09-20 00:04:55,669 [Thread-2139] INFO  impl.RaftServerImpl (RaftServerImpl.java:setRole(174)) - 89de1964-3948-43a8-885a-142089a2f45f@group-032B6602E80F: changes role from  FOLLOWER to CANDIDATE at term 2 for changeToCandidate
2019-09-20 00:04:55,669 [Thread-2139] INFO  impl.RoleInfo (RoleInfo.java:updateAndGet(143)) - 89de1964-3948-43a8-885a-142089a2f45f: start LeaderElection
2019-09-20 00:04:55,976 [grpc-default-executor-1] INFO  client.GrpcClientProtocolClient (GrpcClientProtocolClient.java:onNext(264)) - client-A41B7215C437->f3b156d7-7eb6-46eb-bb34-4a82b6f9f404: receive RaftClientReply:client-A41B7215C437->f3b156d7-7eb6-46eb-bb34-4a82b6f9f404@group-4DF5A04227EE, cid=81, FAILED org.apache.ratis.protocol.NotLeaderException: Server f3b156d7-7eb6-46eb-bb34-4a82b6f9f404@group-4DF5A04227EE is not the leader, logIndex=0, commits[f3b156d7-7eb6-46eb-bb34-4a82b6f9f404:c-1]
2019-09-20 00:04:56,289 [Thread-2145] INFO  impl.FollowerState (FollowerState.java:run(106)) - c63e7fee-7ebf-4ab3-a82c-403b5cf942fc:group-0BC4DF7BF4D9 changes to CANDIDATE, lastRpcTime:5150, electionTimeout:5150ms
2019-09-20 00:04:56,289 [Thread-2145] INFO  impl.RoleInfo (RoleInfo.java:shutdownFollowerState(121)) - c63e7fee-7ebf-4ab3-a82c-403b5cf942fc: shutdown FollowerState
2019-09-20 00:04:56,289 [Thread-2145] INFO  impl.RaftServerImpl (RaftServerImpl.java:setRole(174)) - c63e7fee-7ebf-4ab3-a82c-403b5cf942fc@group-0BC4DF7BF4D9: changes role from  FOLLOWER to CANDIDATE at term 14 for changeToCandidate
2019-09-20 00:04:56,290 [Thread-2145] INFO  impl.RoleInfo (RoleInfo.java:updateAndGet(143)) - c63e7fee-7ebf-4ab3-a82c-403b5cf942fc: start LeaderElection
2019-09-20 00:04:56,995 [grpc-default-executor-1] INFO  client.GrpcClientProtocolClient (GrpcClientProtocolClient.java:onNext(264)) - client-A41B7215C437->382b0250-a1aa-40f3-882d-cd7fb29de27f: receive RaftClientReply:client-A41B7215C437->382b0250-a1aa-40f3-882d-cd7fb29de27f@group-4DF5A04227EE, cid=81, FAILED org.apache.ratis.protocol.NotLeaderException: Server 382b0250-a1aa-40f3-882d-cd7fb29de27f@group-4DF5A04227EE is not the leader, logIndex=0, commits[382b0250-a1aa-40f3-882d-cd7fb29de27f:c-1]
2019-09-20 00:04:57,422 [3d170688-536a-4a66-a9c9-289315ef27c2@group-4DF5A04227EE:LeaderElection93] INFO  impl.LeaderElection (LeaderElection.java:askForVotes(182)) - 3d170688-536a-4a66-a9c9-289315ef27c2@group-4DF5A04227EE:LeaderElection93: begin an election at term 3 for -1: [382b0250-a1aa-40f3-882d-cd7fb29de27f:192.168.5.182:40829, f3b156d7-7eb6-46eb-bb34-4a82b6f9f404:192.168.5.182:33815, 3d170688-536a-4a66-a9c9-289315ef27c2:192.168.5.182:32785], old=null
2019-09-20 00:04:57,422 [f3b156d7-7eb6-46eb-bb34-4a82b6f9f404@group-4DF5A04227EE:LeaderElection92] INFO  impl.LeaderElection (LeaderElection.java:askForVotes(182)) - f3b156d7-7eb6-46eb-bb34-4a82b6f9f404@group-4DF5A04227EE:LeaderElection92: begin an election at term 3 for -1: [382b0250-a1aa-40f3-882d-cd7fb29de27f:192.168.5.182:40829, f3b156d7-7eb6-46eb-bb34-4a82b6f9f404:192.168.5.182:33815, 3d170688-536a-4a66-a9c9-289315ef27c2:192.168.5.182:32785], old=null
2019-09-20 00:04:57,422 [7d878657-54f8-4791-978a-386f775e0485@group-032B6602E80F:LeaderElection90] INFO  impl.LeaderElection (LeaderElection.java:askForVotes(182)) - 7d878657-54f8-4791-978a-386f775e0485@group-032B6602E80F:LeaderElection90: begin an election at term 3 for -1: [7d878657-54f8-4791-978a-386f775e0485:192.168.5.182:36462, 5f35e7da-28ae-4b25-a1a4-54a4278033f1:192.168.5.182:43639, 89de1964-3948-43a8-885a-142089a2f45f:192.168.5.182:39929], old=null
2019-09-20 00:04:57,422 [89de1964-3948-43a8-885a-142089a2f45f@group-032B6602E80F:LeaderElection94] INFO  impl.LeaderElection (LeaderElection.java:askForVotes(182)) - 89de1964-3948-43a8-885a-142089a2f45f@group-032B6602E80F:LeaderElection94: begin an election at term 3 for -1: [7d878657-54f8-4791-978a-386f775e0485:192.168.5.182:36462, 5f35e7da-28ae-4b25-a1a4-54a4278033f1:192.168.5.182:43639, 89de1964-3948-43a8-885a-142089a2f45f:192.168.5.182:39929], old=null
2019-09-20 00:04:57,422 [382b0250-a1aa-40f3-882d-cd7fb29de27f@group-4DF5A04227EE:LeaderElection89] INFO  impl.LeaderElection (LeaderElection.java:askForVotes(182)) - 382b0250-a1aa-40f3-882d-cd7fb29de27f@group-4DF5A04227EE:LeaderElection89: begin an election at term 3 for -1: [382b0250-a1aa-40f3-882d-cd7fb29de27f:192.168.5.182:40829, f3b156d7-7eb6-46eb-bb34-4a82b6f9f404:192.168.5.182:33815, 3d170688-536a-4a66-a9c9-289315ef27c2:192.168.5.182:32785], old=null
2019-09-20 00:04:57,422 [5f35e7da-28ae-4b25-a1a4-54a4278033f1@group-032B6602E80F:LeaderElection91] INFO  impl.LeaderElection (LeaderElection.java:askForVotes(182)) - 5f35e7da-28ae-4b25-a1a4-54a4278033f1@group-032B6602E80F:LeaderElection91: begin an election at term 3 for -1: [7d878657-54f8-4791-978a-386f775e0485:192.168.5.182:36462, 5f35e7da-28ae-4b25-a1a4-54a4278033f1:192.168.5.182:43639, 89de1964-3948-43a8-885a-142089a2f45f:192.168.5.182:39929], old=null
2019-09-20 00:04:57,422 [c63e7fee-7ebf-4ab3-a82c-403b5cf942fc@group-0BC4DF7BF4D9:LeaderElection95] INFO  impl.LeaderElection (LeaderElection.java:askForVotes(182)) - c63e7fee-7ebf-4ab3-a82c-403b5cf942fc@group-0BC4DF7BF4D9:LeaderElection95: begin an election at term 15 for 0: [8f58c883-e4ba-4cdd-8662-08249772462e:192.168.5.182:35458, c63e7fee-7ebf-4ab3-a82c-403b5cf942fc:192.168.5.182:40019, fd99f976-ef3a-47b0-8e0c-a462a244f82b:192.168.5.182:45540], old=null
2019-09-20 00:04:57,424 [c63e7fee-7ebf-4ab3-a82c-403b5cf942fc@group-0BC4DF7BF4D9:LeaderElection95] INFO  impl.LeaderElection (LogUtils.java:infoOrTrace(149)) - c63e7fee-7ebf-4ab3-a82c-403b5cf942fc@group-0BC4DF7BF4D9:LeaderElection95 got exception when requesting votes: {}
java.util.concurrent.ExecutionException: org.apache.ratis.thirdparty.io.grpc.StatusRuntimeException: UNAVAILABLE: io exception
	at java.util.concurrent.FutureTask.report(FutureTask.java:122)
	at java.util.concurrent.FutureTask.get(FutureTask.java:192)
	at org.apache.ratis.server.impl.LeaderElection.waitForResults(LeaderElection.java:263)
	at org.apache.ratis.server.impl.LeaderElection.askForVotes(LeaderElection.java:201)
	at org.apache.ratis.server.impl.LeaderElection.run(LeaderElection.java:133)
	at java.lang.Thread.run(Thread.java:748)
Caused by: org.apache.ratis.thirdparty.io.grpc.StatusRuntimeException: UNAVAILABLE: io exception
	at org.apache.ratis.thirdparty.io.grpc.stub.ClientCalls.toStatusRuntimeException(ClientCalls.java:233)
	at org.apache.ratis.thirdparty.io.grpc.stub.ClientCalls.getUnchecked(ClientCalls.java:214)
	at org.apache.ratis.thirdparty.io.grpc.stub.ClientCalls.blockingUnaryCall(ClientCalls.java:139)
	at org.apache.ratis.proto.grpc.RaftServerProtocolServiceGrpc$RaftServerProtocolServiceBlockingStub.requestVote(RaftServerProtocolServiceGrpc.java:265)
	at org.apache.ratis.grpc.server.GrpcServerProtocolClient.requestVote(GrpcServerProtocolClient.java:90)
	at org.apache.ratis.grpc.server.GrpcService.requestVote(GrpcService.java:204)
	at org.apache.ratis.server.impl.LeaderElection.lambda$submitRequests$1(LeaderElection.java:238)
	at java.util.concurrent.FutureTask.run(FutureTask.java:266)
	at java.util.concurrent.Executors$RunnableAdapter.call(Executors.java:511)
	at java.util.concurrent.FutureTask.run(FutureTask.java:266)
	at java.util.concurrent.ThreadPoolExecutor.runWorker(ThreadPoolExecutor.java:1149)
	at java.util.concurrent.ThreadPoolExecutor$Worker.run(ThreadPoolExecutor.java:624)
	... 1 more
Caused by: org.apache.ratis.thirdparty.io.netty.channel.AbstractChannel$AnnotatedConnectException: Connection refused: /192.168.5.182:35458
	at sun.nio.ch.SocketChannelImpl.checkConnect(Native Method)
	at sun.nio.ch.SocketChannelImpl.finishConnect(SocketChannelImpl.java:717)
	at org.apache.ratis.thirdparty.io.netty.channel.socket.nio.NioSocketChannel.doFinishConnect(NioSocketChannel.java:327)
	at org.apache.ratis.thirdparty.io.netty.channel.nio.AbstractNioChannel$AbstractNioUnsafe.finishConnect(AbstractNioChannel.java:340)
	at org.apache.ratis.thirdparty.io.netty.channel.nio.NioEventLoop.processSelectedKey(NioEventLoop.java:632)
	at org.apache.ratis.thirdparty.io.netty.channel.nio.NioEventLoop.processSelectedKeysOptimized(NioEventLoop.java:579)
	at org.apache.ratis.thirdparty.io.netty.channel.nio.NioEventLoop.processSelectedKeys(NioEventLoop.java:496)
	at org.apache.ratis.thirdparty.io.netty.channel.nio.NioEventLoop.run(NioEventLoop.java:458)
	at org.apache.ratis.thirdparty.io.netty.util.concurrent.SingleThreadEventExecutor$5.run(SingleThreadEventExecutor.java:897)
	at org.apache.ratis.thirdparty.io.netty.util.concurrent.FastThreadLocalRunnable.run(FastThreadLocalRunnable.java:30)
	... 1 more
Caused by: java.net.ConnectException: Connection refused
	... 11 more
2019-09-20 00:04:57,430 [c63e7fee-7ebf-4ab3-a82c-403b5cf942fc@group-0BC4DF7BF4D9:LeaderElection95] INFO  impl.LeaderElection (LogUtils.java:infoOrTrace(149)) - c63e7fee-7ebf-4ab3-a82c-403b5cf942fc@group-0BC4DF7BF4D9:LeaderElection95 got exception when requesting votes: {}
java.util.concurrent.ExecutionException: org.apache.ratis.thirdparty.io.grpc.StatusRuntimeException: UNAVAILABLE: io exception
	at java.util.concurrent.FutureTask.report(FutureTask.java:122)
	at java.util.concurrent.FutureTask.get(FutureTask.java:192)
	at org.apache.ratis.server.impl.LeaderElection.waitForResults(LeaderElection.java:263)
	at org.apache.ratis.server.impl.LeaderElection.askForVotes(LeaderElection.java:201)
	at org.apache.ratis.server.impl.LeaderElection.run(LeaderElection.java:133)
	at java.lang.Thread.run(Thread.java:748)
Caused by: org.apache.ratis.thirdparty.io.grpc.StatusRuntimeException: UNAVAILABLE: io exception
	at org.apache.ratis.thirdparty.io.grpc.stub.ClientCalls.toStatusRuntimeException(ClientCalls.java:233)
	at org.apache.ratis.thirdparty.io.grpc.stub.ClientCalls.getUnchecked(ClientCalls.java:214)
	at org.apache.ratis.thirdparty.io.grpc.stub.ClientCalls.blockingUnaryCall(ClientCalls.java:139)
	at org.apache.ratis.proto.grpc.RaftServerProtocolServiceGrpc$RaftServerProtocolServiceBlockingStub.requestVote(RaftServerProtocolServiceGrpc.java:265)
	at org.apache.ratis.grpc.server.GrpcServerProtocolClient.requestVote(GrpcServerProtocolClient.java:90)
	at org.apache.ratis.grpc.server.GrpcService.requestVote(GrpcService.java:204)
	at org.apache.ratis.server.impl.LeaderElection.lambda$submitRequests$1(LeaderElection.java:238)
	at java.util.concurrent.FutureTask.run(FutureTask.java:266)
	at java.util.concurrent.Executors$RunnableAdapter.call(Executors.java:511)
	at java.util.concurrent.FutureTask.run(FutureTask.java:266)
	at java.util.concurrent.ThreadPoolExecutor.runWorker(ThreadPoolExecutor.java:1149)
	at java.util.concurrent.ThreadPoolExecutor$Worker.run(ThreadPoolExecutor.java:624)
	... 1 more
Caused by: org.apache.ratis.thirdparty.io.netty.channel.AbstractChannel$AnnotatedConnectException: Connection refused: /192.168.5.182:45540
	at sun.nio.ch.SocketChannelImpl.checkConnect(Native Method)
	at sun.nio.ch.SocketChannelImpl.finishConnect(SocketChannelImpl.java:717)
	at org.apache.ratis.thirdparty.io.netty.channel.socket.nio.NioSocketChannel.doFinishConnect(NioSocketChannel.java:327)
	at org.apache.ratis.thirdparty.io.netty.channel.nio.AbstractNioChannel$AbstractNioUnsafe.finishConnect(AbstractNioChannel.java:340)
	at org.apache.ratis.thirdparty.io.netty.channel.nio.NioEventLoop.processSelectedKey(NioEventLoop.java:632)
	at org.apache.ratis.thirdparty.io.netty.channel.nio.NioEventLoop.processSelectedKeysOptimized(NioEventLoop.java:579)
	at org.apache.ratis.thirdparty.io.netty.channel.nio.NioEventLoop.processSelectedKeys(NioEventLoop.java:496)
	at org.apache.ratis.thirdparty.io.netty.channel.nio.NioEventLoop.run(NioEventLoop.java:458)
	at org.apache.ratis.thirdparty.io.netty.util.concurrent.SingleThreadEventExecutor$5.run(SingleThreadEventExecutor.java:897)
	at org.apache.ratis.thirdparty.io.netty.util.concurrent.FastThreadLocalRunnable.run(FastThreadLocalRunnable.java:30)
	... 1 more
Caused by: java.net.ConnectException: Connection refused
	... 11 more
2019-09-20 00:04:57,435 [c63e7fee-7ebf-4ab3-a82c-403b5cf942fc@group-0BC4DF7BF4D9:LeaderElection95] INFO  impl.LeaderElection (LeaderElection.java:logAndReturn(56)) - c63e7fee-7ebf-4ab3-a82c-403b5cf942fc@group-0BC4DF7BF4D9:LeaderElection95: Election REJECTED; received 0 response(s) [] and 2 exception(s); c63e7fee-7ebf-4ab3-a82c-403b5cf942fc@group-0BC4DF7BF4D9:t15, leader=null, voted=c63e7fee-7ebf-4ab3-a82c-403b5cf942fc, raftlog=c63e7fee-7ebf-4ab3-a82c-403b5cf942fc@group-0BC4DF7BF4D9-SegmentedRaftLog:OPENED:c2,f2,i2, conf=0: [8f58c883-e4ba-4cdd-8662-08249772462e:192.168.5.182:35458, c63e7fee-7ebf-4ab3-a82c-403b5cf942fc:192.168.5.182:40019, fd99f976-ef3a-47b0-8e0c-a462a244f82b:192.168.5.182:45540], old=null
2019-09-20 00:04:57,435 [c63e7fee-7ebf-4ab3-a82c-403b5cf942fc@group-0BC4DF7BF4D9:LeaderElection95] INFO  impl.LeaderElection (LogUtils.java:infoOrTrace(149)) -   Exception 0: {}
java.util.concurrent.ExecutionException: org.apache.ratis.thirdparty.io.grpc.StatusRuntimeException: UNAVAILABLE: io exception
	at java.util.concurrent.FutureTask.report(FutureTask.java:122)
	at java.util.concurrent.FutureTask.get(FutureTask.java:192)
	at org.apache.ratis.server.impl.LeaderElection.waitForResults(LeaderElection.java:263)
	at org.apache.ratis.server.impl.LeaderElection.askForVotes(LeaderElection.java:201)
	at org.apache.ratis.server.impl.LeaderElection.run(LeaderElection.java:133)
	at java.lang.Thread.run(Thread.java:748)
Caused by: org.apache.ratis.thirdparty.io.grpc.StatusRuntimeException: UNAVAILABLE: io exception
	at org.apache.ratis.thirdparty.io.grpc.stub.ClientCalls.toStatusRuntimeException(ClientCalls.java:233)
	at org.apache.ratis.thirdparty.io.grpc.stub.ClientCalls.getUnchecked(ClientCalls.java:214)
	at org.apache.ratis.thirdparty.io.grpc.stub.ClientCalls.blockingUnaryCall(ClientCalls.java:139)
	at org.apache.ratis.proto.grpc.RaftServerProtocolServiceGrpc$RaftServerProtocolServiceBlockingStub.requestVote(RaftServerProtocolServiceGrpc.java:265)
	at org.apache.ratis.grpc.server.GrpcServerProtocolClient.requestVote(GrpcServerProtocolClient.java:90)
	at org.apache.ratis.grpc.server.GrpcService.requestVote(GrpcService.java:204)
	at org.apache.ratis.server.impl.LeaderElection.lambda$submitRequests$1(LeaderElection.java:238)
	at java.util.concurrent.FutureTask.run(FutureTask.java:266)
	at java.util.concurrent.Executors$RunnableAdapter.call(Executors.java:511)
	at java.util.concurrent.FutureTask.run(FutureTask.java:266)
	at java.util.concurrent.ThreadPoolExecutor.runWorker(ThreadPoolExecutor.java:1149)
	at java.util.concurrent.ThreadPoolExecutor$Worker.run(ThreadPoolExecutor.java:624)
	... 1 more
Caused by: org.apache.ratis.thirdparty.io.netty.channel.AbstractChannel$AnnotatedConnectException: Connection refused: /192.168.5.182:35458
	at sun.nio.ch.SocketChannelImpl.checkConnect(Native Method)
	at sun.nio.ch.SocketChannelImpl.finishConnect(SocketChannelImpl.java:717)
	at org.apache.ratis.thirdparty.io.netty.channel.socket.nio.NioSocketChannel.doFinishConnect(NioSocketChannel.java:327)
	at org.apache.ratis.thirdparty.io.netty.channel.nio.AbstractNioChannel$AbstractNioUnsafe.finishConnect(AbstractNioChannel.java:340)
	at org.apache.ratis.thirdparty.io.netty.channel.nio.NioEventLoop.processSelectedKey(NioEventLoop.java:632)
	at org.apache.ratis.thirdparty.io.netty.channel.nio.NioEventLoop.processSelectedKeysOptimized(NioEventLoop.java:579)
	at org.apache.ratis.thirdparty.io.netty.channel.nio.NioEventLoop.processSelectedKeys(NioEventLoop.java:496)
	at org.apache.ratis.thirdparty.io.netty.channel.nio.NioEventLoop.run(NioEventLoop.java:458)
	at org.apache.ratis.thirdparty.io.netty.util.concurrent.SingleThreadEventExecutor$5.run(SingleThreadEventExecutor.java:897)
	at org.apache.ratis.thirdparty.io.netty.util.concurrent.FastThreadLocalRunnable.run(FastThreadLocalRunnable.java:30)
	... 1 more
Caused by: java.net.ConnectException: Connection refused
	... 11 more
2019-09-20 00:04:57,435 [c63e7fee-7ebf-4ab3-a82c-403b5cf942fc@group-0BC4DF7BF4D9:LeaderElection95] INFO  impl.LeaderElection (LogUtils.java:infoOrTrace(149)) -   Exception 1: {}
java.util.concurrent.ExecutionException: org.apache.ratis.thirdparty.io.grpc.StatusRuntimeException: UNAVAILABLE: io exception
	at java.util.concurrent.FutureTask.report(FutureTask.java:122)
	at java.util.concurrent.FutureTask.get(FutureTask.java:192)
	at org.apache.ratis.server.impl.LeaderElection.waitForResults(LeaderElection.java:263)
	at org.apache.ratis.server.impl.LeaderElection.askForVotes(LeaderElection.java:201)
	at org.apache.ratis.server.impl.LeaderElection.run(LeaderElection.java:133)
	at java.lang.Thread.run(Thread.java:748)
Caused by: org.apache.ratis.thirdparty.io.grpc.StatusRuntimeException: UNAVAILABLE: io exception
	at org.apache.ratis.thirdparty.io.grpc.stub.ClientCalls.toStatusRuntimeException(ClientCalls.java:233)
	at org.apache.ratis.thirdparty.io.grpc.stub.ClientCalls.getUnchecked(ClientCalls.java:214)
	at org.apache.ratis.thirdparty.io.grpc.stub.ClientCalls.blockingUnaryCall(ClientCalls.java:139)
	at org.apache.ratis.proto.grpc.RaftServerProtocolServiceGrpc$RaftServerProtocolServiceBlockingStub.requestVote(RaftServerProtocolServiceGrpc.java:265)
	at org.apache.ratis.grpc.server.GrpcServerProtocolClient.requestVote(GrpcServerProtocolClient.java:90)
	at org.apache.ratis.grpc.server.GrpcService.requestVote(GrpcService.java:204)
	at org.apache.ratis.server.impl.LeaderElection.lambda$submitRequests$1(LeaderElection.java:238)
	at java.util.concurrent.FutureTask.run(FutureTask.java:266)
	at java.util.concurrent.Executors$RunnableAdapter.call(Executors.java:511)
	at java.util.concurrent.FutureTask.run(FutureTask.java:266)
	at java.util.concurrent.ThreadPoolExecutor.runWorker(ThreadPoolExecutor.java:1149)
	at java.util.concurrent.ThreadPoolExecutor$Worker.run(ThreadPoolExecutor.java:624)
	... 1 more
Caused by: org.apache.ratis.thirdparty.io.netty.channel.AbstractChannel$AnnotatedConnectException: Connection refused: /192.168.5.182:45540
	at sun.nio.ch.SocketChannelImpl.checkConnect(Native Method)
	at sun.nio.ch.SocketChannelImpl.finishConnect(SocketChannelImpl.java:717)
	at org.apache.ratis.thirdparty.io.netty.channel.socket.nio.NioSocketChannel.doFinishConnect(NioSocketChannel.java:327)
	at org.apache.ratis.thirdparty.io.netty.channel.nio.AbstractNioChannel$AbstractNioUnsafe.finishConnect(AbstractNioChannel.java:340)
	at org.apache.ratis.thirdparty.io.netty.channel.nio.NioEventLoop.processSelectedKey(NioEventLoop.java:632)
	at org.apache.ratis.thirdparty.io.netty.channel.nio.NioEventLoop.processSelectedKeysOptimized(NioEventLoop.java:579)
	at org.apache.ratis.thirdparty.io.netty.channel.nio.NioEventLoop.processSelectedKeys(NioEventLoop.java:496)
	at org.apache.ratis.thirdparty.io.netty.channel.nio.NioEventLoop.run(NioEventLoop.java:458)
	at org.apache.ratis.thirdparty.io.netty.util.concurrent.SingleThreadEventExecutor$5.run(SingleThreadEventExecutor.java:897)
	at org.apache.ratis.thirdparty.io.netty.util.concurrent.FastThreadLocalRunnable.run(FastThreadLocalRunnable.java:30)
	... 1 more
Caused by: java.net.ConnectException: Connection refused
	... 11 more
2019-09-20 00:04:57,436 [c63e7fee-7ebf-4ab3-a82c-403b5cf942fc@group-0BC4DF7BF4D9:LeaderElection95] INFO  impl.RaftServerImpl (RaftServerImpl.java:setRole(174)) - c63e7fee-7ebf-4ab3-a82c-403b5cf942fc@group-0BC4DF7BF4D9: changes role from CANDIDATE to FOLLOWER at term 15 for DISCOVERED_A_NEW_TERM
2019-09-20 00:04:57,436 [c63e7fee-7ebf-4ab3-a82c-403b5cf942fc@group-0BC4DF7BF4D9:LeaderElection95] INFO  impl.RoleInfo (RoleInfo.java:shutdownLeaderElection(134)) - c63e7fee-7ebf-4ab3-a82c-403b5cf942fc: shutdown LeaderElection
2019-09-20 00:04:57,436 [c63e7fee-7ebf-4ab3-a82c-403b5cf942fc@group-0BC4DF7BF4D9:LeaderElection95] INFO  impl.RoleInfo (RoleInfo.java:updateAndGet(143)) - c63e7fee-7ebf-4ab3-a82c-403b5cf942fc: start FollowerState
2019-09-20 00:04:57,437 [7d878657-54f8-4791-978a-386f775e0485@group-032B6602E80F:LeaderElection90] INFO  impl.LeaderElection (LeaderElection.java:logAndReturn(56)) - 7d878657-54f8-4791-978a-386f775e0485@group-032B6602E80F:LeaderElection90: Election REJECTED; received 2 response(s) [7d878657-54f8-4791-978a-386f775e0485<-5f35e7da-28ae-4b25-a1a4-54a4278033f1#0:FAIL-t3, 7d878657-54f8-4791-978a-386f775e0485<-89de1964-3948-43a8-885a-142089a2f45f#0:FAIL-t3] and 0 exception(s); 7d878657-54f8-4791-978a-386f775e0485@group-032B6602E80F:t3, leader=null, voted=7d878657-54f8-4791-978a-386f775e0485, raftlog=7d878657-54f8-4791-978a-386f775e0485@group-032B6602E80F-SegmentedRaftLog:OPENED:c-1,f-1,i0, conf=-1: [7d878657-54f8-4791-978a-386f775e0485:192.168.5.182:36462, 5f35e7da-28ae-4b25-a1a4-54a4278033f1:192.168.5.182:43639, 89de1964-3948-43a8-885a-142089a2f45f:192.168.5.182:39929], old=null
2019-09-20 00:04:57,444 [7d878657-54f8-4791-978a-386f775e0485@group-032B6602E80F:LeaderElection90] INFO  impl.RaftServerImpl (RaftServerImpl.java:setRole(174)) - 7d878657-54f8-4791-978a-386f775e0485@group-032B6602E80F: changes role from CANDIDATE to FOLLOWER at term 3 for DISCOVERED_A_NEW_TERM
2019-09-20 00:04:57,444 [7d878657-54f8-4791-978a-386f775e0485@group-032B6602E80F:LeaderElection90] INFO  impl.RoleInfo (RoleInfo.java:shutdownLeaderElection(134)) - 7d878657-54f8-4791-978a-386f775e0485: shutdown LeaderElection
2019-09-20 00:04:57,444 [7d878657-54f8-4791-978a-386f775e0485@group-032B6602E80F:LeaderElection90] INFO  impl.RoleInfo (RoleInfo.java:updateAndGet(143)) - 7d878657-54f8-4791-978a-386f775e0485: start FollowerState
2019-09-20 00:04:57,445 [5f35e7da-28ae-4b25-a1a4-54a4278033f1@group-032B6602E80F:LeaderElection91] INFO  impl.LeaderElection (LeaderElection.java:logAndReturn(56)) - 5f35e7da-28ae-4b25-a1a4-54a4278033f1@group-032B6602E80F:LeaderElection91: Election REJECTED; received 2 response(s) [5f35e7da-28ae-4b25-a1a4-54a4278033f1<-7d878657-54f8-4791-978a-386f775e0485#0:FAIL-t3, 5f35e7da-28ae-4b25-a1a4-54a4278033f1<-89de1964-3948-43a8-885a-142089a2f45f#0:FAIL-t3] and 0 exception(s); 5f35e7da-28ae-4b25-a1a4-54a4278033f1@group-032B6602E80F:t3, leader=null, voted=5f35e7da-28ae-4b25-a1a4-54a4278033f1, raftlog=5f35e7da-28ae-4b25-a1a4-54a4278033f1@group-032B6602E80F-SegmentedRaftLog:OPENED:c-1,f-1,i0, conf=-1: [7d878657-54f8-4791-978a-386f775e0485:192.168.5.182:36462, 5f35e7da-28ae-4b25-a1a4-54a4278033f1:192.168.5.182:43639, 89de1964-3948-43a8-885a-142089a2f45f:192.168.5.182:39929], old=null
2019-09-20 00:04:57,475 [5f35e7da-28ae-4b25-a1a4-54a4278033f1@group-032B6602E80F:LeaderElection91] INFO  impl.RaftServerImpl (RaftServerImpl.java:setRole(174)) - 5f35e7da-28ae-4b25-a1a4-54a4278033f1@group-032B6602E80F: changes role from CANDIDATE to FOLLOWER at term 3 for DISCOVERED_A_NEW_TERM
2019-09-20 00:04:57,476 [5f35e7da-28ae-4b25-a1a4-54a4278033f1@group-032B6602E80F:LeaderElection91] INFO  impl.RoleInfo (RoleInfo.java:shutdownLeaderElection(134)) - 5f35e7da-28ae-4b25-a1a4-54a4278033f1: shutdown LeaderElection
2019-09-20 00:04:57,476 [5f35e7da-28ae-4b25-a1a4-54a4278033f1@group-032B6602E80F:LeaderElection91] INFO  impl.RoleInfo (RoleInfo.java:updateAndGet(143)) - 5f35e7da-28ae-4b25-a1a4-54a4278033f1: start FollowerState
2019-09-20 00:04:57,476 [3d170688-536a-4a66-a9c9-289315ef27c2@group-4DF5A04227EE:LeaderElection93] INFO  impl.LeaderElection (LeaderElection.java:logAndReturn(56)) - 3d170688-536a-4a66-a9c9-289315ef27c2@group-4DF5A04227EE:LeaderElection93: Election REJECTED; received 2 response(s) [3d170688-536a-4a66-a9c9-289315ef27c2<-382b0250-a1aa-40f3-882d-cd7fb29de27f#0:FAIL-t3, 3d170688-536a-4a66-a9c9-289315ef27c2<-f3b156d7-7eb6-46eb-bb34-4a82b6f9f404#0:FAIL-t3] and 0 exception(s); 3d170688-536a-4a66-a9c9-289315ef27c2@group-4DF5A04227EE:t3, leader=null, voted=3d170688-536a-4a66-a9c9-289315ef27c2, raftlog=3d170688-536a-4a66-a9c9-289315ef27c2@group-4DF5A04227EE-SegmentedRaftLog:OPENED:c-1,f-1,i0, conf=-1: [382b0250-a1aa-40f3-882d-cd7fb29de27f:192.168.5.182:40829, f3b156d7-7eb6-46eb-bb34-4a82b6f9f404:192.168.5.182:33815, 3d170688-536a-4a66-a9c9-289315ef27c2:192.168.5.182:32785], old=null
2019-09-20 00:04:57,480 [3d170688-536a-4a66-a9c9-289315ef27c2@group-4DF5A04227EE:LeaderElection93] INFO  impl.RaftServerImpl (RaftServerImpl.java:setRole(174)) - 3d170688-536a-4a66-a9c9-289315ef27c2@group-4DF5A04227EE: changes role from CANDIDATE to FOLLOWER at term 3 for DISCOVERED_A_NEW_TERM
2019-09-20 00:04:57,480 [382b0250-a1aa-40f3-882d-cd7fb29de27f@group-4DF5A04227EE:LeaderElection89] INFO  impl.LeaderElection (LeaderElection.java:logAndReturn(56)) - 382b0250-a1aa-40f3-882d-cd7fb29de27f@group-4DF5A04227EE:LeaderElection89: Election REJECTED; received 2 response(s) [382b0250-a1aa-40f3-882d-cd7fb29de27f<-f3b156d7-7eb6-46eb-bb34-4a82b6f9f404#0:FAIL-t3, 382b0250-a1aa-40f3-882d-cd7fb29de27f<-3d170688-536a-4a66-a9c9-289315ef27c2#0:FAIL-t3] and 0 exception(s); 382b0250-a1aa-40f3-882d-cd7fb29de27f@group-4DF5A04227EE:t3, leader=null, voted=382b0250-a1aa-40f3-882d-cd7fb29de27f, raftlog=382b0250-a1aa-40f3-882d-cd7fb29de27f@group-4DF5A04227EE-SegmentedRaftLog:OPENED:c-1,f-1,i0, conf=-1: [382b0250-a1aa-40f3-882d-cd7fb29de27f:192.168.5.182:40829, f3b156d7-7eb6-46eb-bb34-4a82b6f9f404:192.168.5.182:33815, 3d170688-536a-4a66-a9c9-289315ef27c2:192.168.5.182:32785], old=null
2019-09-20 00:04:57,483 [89de1964-3948-43a8-885a-142089a2f45f@group-032B6602E80F:LeaderElection94] INFO  impl.LeaderElection (LeaderElection.java:logAndReturn(56)) - 89de1964-3948-43a8-885a-142089a2f45f@group-032B6602E80F:LeaderElection94: Election REJECTED; received 2 response(s) [89de1964-3948-43a8-885a-142089a2f45f<-7d878657-54f8-4791-978a-386f775e0485#0:FAIL-t3, 89de1964-3948-43a8-885a-142089a2f45f<-5f35e7da-28ae-4b25-a1a4-54a4278033f1#0:FAIL-t3] and 0 exception(s); 89de1964-3948-43a8-885a-142089a2f45f@group-032B6602E80F:t3, leader=null, voted=89de1964-3948-43a8-885a-142089a2f45f, raftlog=89de1964-3948-43a8-885a-142089a2f45f@group-032B6602E80F-SegmentedRaftLog:OPENED:c-1,f-1,i0, conf=-1: [7d878657-54f8-4791-978a-386f775e0485:192.168.5.182:36462, 5f35e7da-28ae-4b25-a1a4-54a4278033f1:192.168.5.182:43639, 89de1964-3948-43a8-885a-142089a2f45f:192.168.5.182:39929], old=null
2019-09-20 00:04:57,483 [382b0250-a1aa-40f3-882d-cd7fb29de27f@group-4DF5A04227EE:LeaderElection89] INFO  impl.RaftServerImpl (RaftServerImpl.java:setRole(174)) - 382b0250-a1aa-40f3-882d-cd7fb29de27f@group-4DF5A04227EE: changes role from CANDIDATE to FOLLOWER at term 3 for DISCOVERED_A_NEW_TERM
2019-09-20 00:04:57,483 [f3b156d7-7eb6-46eb-bb34-4a82b6f9f404@group-4DF5A04227EE:LeaderElection92] INFO  impl.LeaderElection (LeaderElection.java:logAndReturn(56)) - f3b156d7-7eb6-46eb-bb34-4a82b6f9f404@group-4DF5A04227EE:LeaderElection92: Election REJECTED; received 2 response(s) [f3b156d7-7eb6-46eb-bb34-4a82b6f9f404<-382b0250-a1aa-40f3-882d-cd7fb29de27f#0:FAIL-t3, f3b156d7-7eb6-46eb-bb34-4a82b6f9f404<-3d170688-536a-4a66-a9c9-289315ef27c2#0:FAIL-t3] and 0 exception(s); f3b156d7-7eb6-46eb-bb34-4a82b6f9f404@group-4DF5A04227EE:t3, leader=null, voted=f3b156d7-7eb6-46eb-bb34-4a82b6f9f404, raftlog=f3b156d7-7eb6-46eb-bb34-4a82b6f9f404@group-4DF5A04227EE-SegmentedRaftLog:OPENED:c-1,f-1,i0, conf=-1: [382b0250-a1aa-40f3-882d-cd7fb29de27f:192.168.5.182:40829, f3b156d7-7eb6-46eb-bb34-4a82b6f9f404:192.168.5.182:33815, 3d170688-536a-4a66-a9c9-289315ef27c2:192.168.5.182:32785], old=null
2019-09-20 00:04:57,480 [3d170688-536a-4a66-a9c9-289315ef27c2@group-4DF5A04227EE:LeaderElection93] INFO  impl.RoleInfo (RoleInfo.java:shutdownLeaderElection(134)) - 3d170688-536a-4a66-a9c9-289315ef27c2: shutdown LeaderElection
2019-09-20 00:04:57,489 [f3b156d7-7eb6-46eb-bb34-4a82b6f9f404@group-4DF5A04227EE:LeaderElection92] INFO  impl.RaftServerImpl (RaftServerImpl.java:setRole(174)) - f3b156d7-7eb6-46eb-bb34-4a82b6f9f404@group-4DF5A04227EE: changes role from CANDIDATE to FOLLOWER at term 3 for DISCOVERED_A_NEW_TERM
2019-09-20 00:04:57,489 [89de1964-3948-43a8-885a-142089a2f45f@group-032B6602E80F:LeaderElection94] INFO  impl.RaftServerImpl (RaftServerImpl.java:setRole(174)) - 89de1964-3948-43a8-885a-142089a2f45f@group-032B6602E80F: changes role from CANDIDATE to FOLLOWER at term 3 for DISCOVERED_A_NEW_TERM
2019-09-20 00:04:57,486 [382b0250-a1aa-40f3-882d-cd7fb29de27f@group-4DF5A04227EE:LeaderElection89] INFO  impl.RoleInfo (RoleInfo.java:shutdownLeaderElection(134)) - 382b0250-a1aa-40f3-882d-cd7fb29de27f: shutdown LeaderElection
2019-09-20 00:04:57,492 [89de1964-3948-43a8-885a-142089a2f45f@group-032B6602E80F:LeaderElection94] INFO  impl.RoleInfo (RoleInfo.java:shutdownLeaderElection(134)) - 89de1964-3948-43a8-885a-142089a2f45f: shutdown LeaderElection
2019-09-20 00:04:57,492 [3d170688-536a-4a66-a9c9-289315ef27c2@group-4DF5A04227EE:LeaderElection93] INFO  impl.RoleInfo (RoleInfo.java:updateAndGet(143)) - 3d170688-536a-4a66-a9c9-289315ef27c2: start FollowerState
2019-09-20 00:04:57,492 [f3b156d7-7eb6-46eb-bb34-4a82b6f9f404@group-4DF5A04227EE:LeaderElection92] INFO  impl.RoleInfo (RoleInfo.java:shutdownLeaderElection(134)) - f3b156d7-7eb6-46eb-bb34-4a82b6f9f404: shutdown LeaderElection
2019-09-20 00:04:57,492 [89de1964-3948-43a8-885a-142089a2f45f@group-032B6602E80F:LeaderElection94] INFO  impl.RoleInfo (RoleInfo.java:updateAndGet(143)) - 89de1964-3948-43a8-885a-142089a2f45f: start FollowerState
2019-09-20 00:04:57,492 [382b0250-a1aa-40f3-882d-cd7fb29de27f@group-4DF5A04227EE:LeaderElection89] INFO  impl.RoleInfo (RoleInfo.java:updateAndGet(143)) - 382b0250-a1aa-40f3-882d-cd7fb29de27f: start FollowerState
2019-09-20 00:04:57,492 [f3b156d7-7eb6-46eb-bb34-4a82b6f9f404@group-4DF5A04227EE:LeaderElection92] INFO  impl.RoleInfo (RoleInfo.java:updateAndGet(143)) - f3b156d7-7eb6-46eb-bb34-4a82b6f9f404: start FollowerState
2019-09-20 00:04:58,021 [grpc-default-executor-3] INFO  client.GrpcClientProtocolClient (GrpcClientProtocolClient.java:onNext(264)) - client-A41B7215C437->f3b156d7-7eb6-46eb-bb34-4a82b6f9f404: receive RaftClientReply:client-A41B7215C437->f3b156d7-7eb6-46eb-bb34-4a82b6f9f404@group-4DF5A04227EE, cid=81, FAILED org.apache.ratis.protocol.NotLeaderException: Server f3b156d7-7eb6-46eb-bb34-4a82b6f9f404@group-4DF5A04227EE is not the leader, logIndex=0, commits[f3b156d7-7eb6-46eb-bb34-4a82b6f9f404:c-1]
2019-09-20 00:04:58,691 [EventQueue-StaleNodeForStaleNodeHandler] INFO  node.StaleNodeHandler (StaleNodeHandler.java:onMessage(58)) - Datanode fd99f976-ef3a-47b0-8e0c-a462a244f82b{ip: 192.168.5.182, host: pr-hdds-2020-7x4rg-3348829713, networkLocation: /default-rack, certSerialId: null} moved to stale state. Finalizing its pipelines [PipelineID=a19ba37d-48db-4fc5-a28e-ce6fb46a14f2, PipelineID=9c807bb6-9f2a-4203-be25-0bc4df7bf4d9]
2019-09-20 00:04:58,692 [EventQueue-StaleNodeForStaleNodeHandler] INFO  pipeline.SCMPipelineManager (SCMPipelineManager.java:finalizeAndDestroyPipeline(315)) - destroying pipeline:Pipeline[ Id: a19ba37d-48db-4fc5-a28e-ce6fb46a14f2, Nodes: fd99f976-ef3a-47b0-8e0c-a462a244f82b{ip: 192.168.5.182, host: pr-hdds-2020-7x4rg-3348829713, networkLocation: /default-rack, certSerialId: null}, Type:RATIS, Factor:ONE, State:OPEN]
2019-09-20 00:04:58,693 [EventQueue-StaleNodeForStaleNodeHandler] INFO  pipeline.PipelineStateManager (PipelineStateManager.java:finalizePipeline(123)) - Pipeline Pipeline[ Id: a19ba37d-48db-4fc5-a28e-ce6fb46a14f2, Nodes: fd99f976-ef3a-47b0-8e0c-a462a244f82b{ip: 192.168.5.182, host: pr-hdds-2020-7x4rg-3348829713, networkLocation: /default-rack, certSerialId: null}, Type:RATIS, Factor:ONE, State:CLOSED] moved to CLOSED state
2019-09-20 00:04:58,695 [EventQueue-StaleNodeForStaleNodeHandler] INFO  pipeline.SCMPipelineManager (SCMPipelineManager.java:finalizeAndDestroyPipeline(315)) - destroying pipeline:Pipeline[ Id: 9c807bb6-9f2a-4203-be25-0bc4df7bf4d9, Nodes: fd99f976-ef3a-47b0-8e0c-a462a244f82b{ip: 192.168.5.182, host: pr-hdds-2020-7x4rg-3348829713, networkLocation: /default-rack, certSerialId: null}8f58c883-e4ba-4cdd-8662-08249772462e{ip: 192.168.5.182, host: pr-hdds-2020-7x4rg-3348829713, networkLocation: /default-rack, certSerialId: null}c63e7fee-7ebf-4ab3-a82c-403b5cf942fc{ip: 192.168.5.182, host: pr-hdds-2020-7x4rg-3348829713, networkLocation: /default-rack, certSerialId: null}, Type:RATIS, Factor:THREE, State:OPEN]
2019-09-20 00:04:58,695 [EventQueue-StaleNodeForStaleNodeHandler] INFO  pipeline.PipelineStateManager (PipelineStateManager.java:finalizePipeline(123)) - Pipeline Pipeline[ Id: 9c807bb6-9f2a-4203-be25-0bc4df7bf4d9, Nodes: fd99f976-ef3a-47b0-8e0c-a462a244f82b{ip: 192.168.5.182, host: pr-hdds-2020-7x4rg-3348829713, networkLocation: /default-rack, certSerialId: null}8f58c883-e4ba-4cdd-8662-08249772462e{ip: 192.168.5.182, host: pr-hdds-2020-7x4rg-3348829713, networkLocation: /default-rack, certSerialId: null}c63e7fee-7ebf-4ab3-a82c-403b5cf942fc{ip: 192.168.5.182, host: pr-hdds-2020-7x4rg-3348829713, networkLocation: /default-rack, certSerialId: null}, Type:RATIS, Factor:THREE, State:CLOSED] moved to CLOSED state
2019-09-20 00:04:58,696 [EventQueue-CloseContainerForCloseContainerEventHandler] INFO  container.CloseContainerEventHandler (CloseContainerEventHandler.java:onMessage(61)) - Close container Event triggered for container : #1
2019-09-20 00:04:59,045 [grpc-default-executor-1] INFO  client.GrpcClientProtocolClient (GrpcClientProtocolClient.java:onNext(264)) - client-A41B7215C437->3d170688-536a-4a66-a9c9-289315ef27c2: receive RaftClientReply:client-A41B7215C437->3d170688-536a-4a66-a9c9-289315ef27c2@group-4DF5A04227EE, cid=81, FAILED org.apache.ratis.protocol.NotLeaderException: Server 3d170688-536a-4a66-a9c9-289315ef27c2@group-4DF5A04227EE is not the leader, logIndex=0, commits[3d170688-536a-4a66-a9c9-289315ef27c2:c-1]
2019-09-20 00:05:00,066 [grpc-default-executor-3] INFO  client.GrpcClientProtocolClient (GrpcClientProtocolClient.java:onNext(264)) - client-A41B7215C437->382b0250-a1aa-40f3-882d-cd7fb29de27f: receive RaftClientReply:client-A41B7215C437->382b0250-a1aa-40f3-882d-cd7fb29de27f@group-4DF5A04227EE, cid=81, FAILED org.apache.ratis.protocol.NotLeaderException: Server 382b0250-a1aa-40f3-882d-cd7fb29de27f@group-4DF5A04227EE is not the leader, logIndex=0, commits[382b0250-a1aa-40f3-882d-cd7fb29de27f:c-1]
2019-09-20 00:05:01,106 [grpc-default-executor-1] INFO  client.GrpcClientProtocolClient (GrpcClientProtocolClient.java:onNext(264)) - client-A41B7215C437->3d170688-536a-4a66-a9c9-289315ef27c2: receive RaftClientReply:client-A41B7215C437->3d170688-536a-4a66-a9c9-289315ef27c2@group-4DF5A04227EE, cid=81, FAILED org.apache.ratis.protocol.NotLeaderException: Server 3d170688-536a-4a66-a9c9-289315ef27c2@group-4DF5A04227EE is not the leader, logIndex=0, commits[3d170688-536a-4a66-a9c9-289315ef27c2:c-1]
]]></system-out>
  </testcase>
  <testcase name="test2WayCommitForTimeoutException" classname="org.apache.hadoop.ozone.client.rpc.TestWatchForCommit" time="47.179">
    <error message="org.apache.ratis.protocol.RaftRetryFailureException: Failed RaftClientRequest:client-6D78C6DD845D-&gt;6442c8d3-568b-44b3-ac93-354b648680f1@group-404B6AF39F97, cid=95, seq=1*, RW, org.apache.hadoop.hdds.scm.XceiverClientRatis$$Lambda$444/1293940401@3ea439ac for 20 attempts with RetryLimited(maxAttempts=20, sleepTime=1000ms)" type="java.util.concurrent.ExecutionException">java.util.concurrent.ExecutionException: org.apache.ratis.protocol.RaftRetryFailureException: Failed RaftClientRequest:client-6D78C6DD845D->6442c8d3-568b-44b3-ac93-354b648680f1@group-404B6AF39F97, cid=95, seq=1*, RW, org.apache.hadoop.hdds.scm.XceiverClientRatis$$Lambda$444/1293940401@3ea439ac for 20 attempts with RetryLimited(maxAttempts=20, sleepTime=1000ms)
	at java.util.concurrent.CompletableFuture.reportGet(CompletableFuture.java:357)
	at java.util.concurrent.CompletableFuture.get(CompletableFuture.java:1895)
	at org.apache.hadoop.ozone.client.rpc.TestWatchForCommit.test2WayCommitForTimeoutException(TestWatchForCommit.java:384)
	at sun.reflect.NativeMethodAccessorImpl.invoke0(Native Method)
	at sun.reflect.NativeMethodAccessorImpl.invoke(NativeMethodAccessorImpl.java:62)
	at sun.reflect.DelegatingMethodAccessorImpl.invoke(DelegatingMethodAccessorImpl.java:43)
	at java.lang.reflect.Method.invoke(Method.java:498)
	at org.junit.runners.model.FrameworkMethod$1.runReflectiveCall(FrameworkMethod.java:47)
	at org.junit.internal.runners.model.ReflectiveCallable.run(ReflectiveCallable.java:12)
	at org.junit.runners.model.FrameworkMethod.invokeExplosively(FrameworkMethod.java:44)
	at org.junit.internal.runners.statements.InvokeMethod.evaluate(InvokeMethod.java:17)
	at org.junit.runners.ParentRunner.runLeaf(ParentRunner.java:271)
	at org.junit.runners.BlockJUnit4ClassRunner.runChild(BlockJUnit4ClassRunner.java:70)
	at org.junit.runners.BlockJUnit4ClassRunner.runChild(BlockJUnit4ClassRunner.java:50)
	at org.junit.runners.ParentRunner$3.run(ParentRunner.java:238)
	at org.junit.runners.ParentRunner$1.schedule(ParentRunner.java:63)
	at org.junit.runners.ParentRunner.runChildren(ParentRunner.java:236)
	at org.junit.runners.ParentRunner.access$000(ParentRunner.java:53)
	at org.junit.runners.ParentRunner$2.evaluate(ParentRunner.java:229)
	at org.junit.runners.ParentRunner.run(ParentRunner.java:309)
	at org.apache.maven.surefire.junit4.JUnit4Provider.execute(JUnit4Provider.java:365)
	at org.apache.maven.surefire.junit4.JUnit4Provider.executeWithRerun(JUnit4Provider.java:273)
	at org.apache.maven.surefire.junit4.JUnit4Provider.executeTestSet(JUnit4Provider.java:238)
	at org.apache.maven.surefire.junit4.JUnit4Provider.invoke(JUnit4Provider.java:159)
	at org.apache.maven.surefire.booter.ForkedBooter.invokeProviderInSameClassLoader(ForkedBooter.java:384)
	at org.apache.maven.surefire.booter.ForkedBooter.runSuitesInProcess(ForkedBooter.java:345)
	at org.apache.maven.surefire.booter.ForkedBooter.execute(ForkedBooter.java:126)
	at org.apache.maven.surefire.booter.ForkedBooter.main(ForkedBooter.java:418)
Caused by: org.apache.ratis.protocol.RaftRetryFailureException: Failed RaftClientRequest:client-6D78C6DD845D->6442c8d3-568b-44b3-ac93-354b648680f1@group-404B6AF39F97, cid=95, seq=1*, RW, org.apache.hadoop.hdds.scm.XceiverClientRatis$$Lambda$444/1293940401@3ea439ac for 20 attempts with RetryLimited(maxAttempts=20, sleepTime=1000ms)
	at org.apache.ratis.client.impl.RaftClientImpl.noMoreRetries(RaftClientImpl.java:271)
	at org.apache.ratis.client.impl.OrderedAsync.handleAsyncRetryFailure(OrderedAsync.java:138)
	at org.apache.ratis.client.impl.OrderedAsync.lambda$sendRequest$10(OrderedAsync.java:230)
	at java.util.concurrent.CompletableFuture.uniExceptionally(CompletableFuture.java:870)
	at java.util.concurrent.CompletableFuture$UniExceptionally.tryFire(CompletableFuture.java:852)
	at java.util.concurrent.CompletableFuture.postComplete(CompletableFuture.java:474)
	at java.util.concurrent.CompletableFuture.completeExceptionally(CompletableFuture.java:1977)
	at org.apache.ratis.grpc.client.GrpcClientProtocolClient$AsyncStreamObservers.completeReplyExceptionally(GrpcClientProtocolClient.java:339)
	at org.apache.ratis.grpc.client.GrpcClientProtocolClient$AsyncStreamObservers.access$000(GrpcClientProtocolClient.java:255)
	at org.apache.ratis.grpc.client.GrpcClientProtocolClient$AsyncStreamObservers$1.onNext(GrpcClientProtocolClient.java:267)
	at org.apache.ratis.grpc.client.GrpcClientProtocolClient$AsyncStreamObservers$1.onNext(GrpcClientProtocolClient.java:258)
	at org.apache.ratis.thirdparty.io.grpc.stub.ClientCalls$StreamObserverToCallListenerAdapter.onMessage(ClientCalls.java:421)
	at org.apache.ratis.thirdparty.io.grpc.ForwardingClientCallListener.onMessage(ForwardingClientCallListener.java:33)
	at org.apache.ratis.thirdparty.io.grpc.ForwardingClientCallListener.onMessage(ForwardingClientCallListener.java:33)
	at org.apache.ratis.thirdparty.io.grpc.internal.ClientCallImpl$ClientStreamListenerImpl$1MessagesAvailable.runInContext(ClientCallImpl.java:519)
	at org.apache.ratis.thirdparty.io.grpc.internal.ContextRunnable.run(ContextRunnable.java:37)
	at org.apache.ratis.thirdparty.io.grpc.internal.SerializingExecutor.run(SerializingExecutor.java:123)
	at java.util.concurrent.ThreadPoolExecutor.runWorker(ThreadPoolExecutor.java:1149)
	at java.util.concurrent.ThreadPoolExecutor$Worker.run(ThreadPoolExecutor.java:624)
	at java.lang.Thread.run(Thread.java:748)
Caused by: org.apache.ratis.protocol.NotLeaderException: Server 6442c8d3-568b-44b3-ac93-354b648680f1@group-404B6AF39F97 is not the leader
	at org.apache.ratis.client.impl.ClientProtoUtils.toRaftClientReply(ClientProtoUtils.java:243)
	at org.apache.ratis.grpc.client.GrpcClientProtocolClient$AsyncStreamObservers$1.onNext(GrpcClientProtocolClient.java:263)
	... 10 more
</error>
    <system-out><![CDATA[2019-09-20 00:05:01,726 [main] WARN  server.ServerUtils (ServerUtils.java:getScmDbDir(145)) - ozone.scm.db.dirs is not configured. We recommend adding this setting. Falling back to ozone.metadata.dirs instead.
2019-09-20 00:05:01,916 [main] WARN  server.ServerUtils (ServerUtils.java:getScmDbDir(145)) - ozone.scm.db.dirs is not configured. We recommend adding this setting. Falling back to ozone.metadata.dirs instead.
2019-09-20 00:05:01,916 [main] WARN  server.ServerUtils (ServerUtils.java:getScmDbDir(145)) - ozone.scm.db.dirs is not configured. We recommend adding this setting. Falling back to ozone.metadata.dirs instead.
2019-09-20 00:05:01,917 [main] INFO  db.DBStoreBuilder (DBStoreBuilder.java:addTable(110)) - using custom profile for table: deletedBlocks
2019-09-20 00:05:01,917 [main] INFO  db.DBStoreBuilder (DBStoreBuilder.java:processTables(161)) - Using default column profile:DBProfile.DISK for Table:deletedBlocks
2019-09-20 00:05:01,917 [main] INFO  db.DBStoreBuilder (DBStoreBuilder.java:addTable(110)) - using custom profile for table: validCerts
2019-09-20 00:05:01,917 [main] INFO  db.DBStoreBuilder (DBStoreBuilder.java:processTables(161)) - Using default column profile:DBProfile.DISK for Table:validCerts
2019-09-20 00:05:01,918 [main] INFO  db.DBStoreBuilder (DBStoreBuilder.java:addTable(110)) - using custom profile for table: revokedCerts
2019-09-20 00:05:01,918 [main] INFO  db.DBStoreBuilder (DBStoreBuilder.java:processTables(161)) - Using default column profile:DBProfile.DISK for Table:revokedCerts
2019-09-20 00:05:01,918 [main] INFO  db.DBStoreBuilder (DBStoreBuilder.java:addTable(110)) - using custom profile for table: default
2019-09-20 00:05:01,919 [main] INFO  db.DBStoreBuilder (DBStoreBuilder.java:processTables(167)) - Using default column profile:DBProfile.DISK for Table:default
2019-09-20 00:05:01,919 [main] INFO  db.DBStoreBuilder (DBStoreBuilder.java:getDbProfile(198)) - Using default options. DBProfile.DISK
2019-09-20 00:05:02,514 [Thread-2186] INFO  impl.FollowerState (FollowerState.java:run(106)) - 7d878657-54f8-4791-978a-386f775e0485:group-032B6602E80F changes to CANDIDATE, lastRpcTime:5069, electionTimeout:5069ms
2019-09-20 00:05:02,514 [Thread-2186] INFO  impl.RoleInfo (RoleInfo.java:shutdownFollowerState(121)) - 7d878657-54f8-4791-978a-386f775e0485: shutdown FollowerState
2019-09-20 00:05:02,514 [Thread-2186] INFO  impl.RaftServerImpl (RaftServerImpl.java:setRole(174)) - 7d878657-54f8-4791-978a-386f775e0485@group-032B6602E80F: changes role from  FOLLOWER to CANDIDATE at term 3 for changeToCandidate
2019-09-20 00:05:02,514 [Thread-2186] INFO  impl.RoleInfo (RoleInfo.java:updateAndGet(143)) - 7d878657-54f8-4791-978a-386f775e0485: start LeaderElection
2019-09-20 00:05:02,580 [Thread-2185] INFO  impl.FollowerState (FollowerState.java:run(106)) - c63e7fee-7ebf-4ab3-a82c-403b5cf942fc:group-0BC4DF7BF4D9 changes to CANDIDATE, lastRpcTime:5143, electionTimeout:5143ms
2019-09-20 00:05:02,580 [Thread-2185] INFO  impl.RoleInfo (RoleInfo.java:shutdownFollowerState(121)) - c63e7fee-7ebf-4ab3-a82c-403b5cf942fc: shutdown FollowerState
2019-09-20 00:05:02,580 [Thread-2185] INFO  impl.RaftServerImpl (RaftServerImpl.java:setRole(174)) - c63e7fee-7ebf-4ab3-a82c-403b5cf942fc@group-0BC4DF7BF4D9: changes role from  FOLLOWER to CANDIDATE at term 15 for changeToCandidate
2019-09-20 00:05:02,580 [Thread-2185] INFO  impl.RoleInfo (RoleInfo.java:updateAndGet(143)) - c63e7fee-7ebf-4ab3-a82c-403b5cf942fc: start LeaderElection
2019-09-20 00:05:02,584 [Thread-2191] INFO  impl.FollowerState (FollowerState.java:run(106)) - f3b156d7-7eb6-46eb-bb34-4a82b6f9f404:group-4DF5A04227EE changes to CANDIDATE, lastRpcTime:5091, electionTimeout:5091ms
2019-09-20 00:05:02,584 [Thread-2191] INFO  impl.RoleInfo (RoleInfo.java:shutdownFollowerState(121)) - f3b156d7-7eb6-46eb-bb34-4a82b6f9f404: shutdown FollowerState
2019-09-20 00:05:02,584 [Thread-2191] INFO  impl.RaftServerImpl (RaftServerImpl.java:setRole(174)) - f3b156d7-7eb6-46eb-bb34-4a82b6f9f404@group-4DF5A04227EE: changes role from  FOLLOWER to CANDIDATE at term 3 for changeToCandidate
2019-09-20 00:05:02,585 [Thread-2191] INFO  impl.RoleInfo (RoleInfo.java:updateAndGet(143)) - f3b156d7-7eb6-46eb-bb34-4a82b6f9f404: start LeaderElection
2019-09-20 00:05:02,600 [Thread-2187] INFO  impl.FollowerState (FollowerState.java:run(106)) - 5f35e7da-28ae-4b25-a1a4-54a4278033f1:group-032B6602E80F changes to CANDIDATE, lastRpcTime:5124, electionTimeout:5120ms
2019-09-20 00:05:02,600 [Thread-2187] INFO  impl.RoleInfo (RoleInfo.java:shutdownFollowerState(121)) - 5f35e7da-28ae-4b25-a1a4-54a4278033f1: shutdown FollowerState
2019-09-20 00:05:02,600 [Thread-2187] INFO  impl.RaftServerImpl (RaftServerImpl.java:setRole(174)) - 5f35e7da-28ae-4b25-a1a4-54a4278033f1@group-032B6602E80F: changes role from  FOLLOWER to CANDIDATE at term 3 for changeToCandidate
2019-09-20 00:05:02,600 [Thread-2187] INFO  impl.RoleInfo (RoleInfo.java:updateAndGet(143)) - 5f35e7da-28ae-4b25-a1a4-54a4278033f1: start LeaderElection
2019-09-20 00:05:02,627 [Thread-2190] INFO  impl.FollowerState (FollowerState.java:run(106)) - 89de1964-3948-43a8-885a-142089a2f45f:group-032B6602E80F changes to CANDIDATE, lastRpcTime:5134, electionTimeout:5134ms
2019-09-20 00:05:02,627 [Thread-2190] INFO  impl.RoleInfo (RoleInfo.java:shutdownFollowerState(121)) - 89de1964-3948-43a8-885a-142089a2f45f: shutdown FollowerState
2019-09-20 00:05:02,627 [Thread-2190] INFO  impl.RaftServerImpl (RaftServerImpl.java:setRole(174)) - 89de1964-3948-43a8-885a-142089a2f45f@group-032B6602E80F: changes role from  FOLLOWER to CANDIDATE at term 3 for changeToCandidate
2019-09-20 00:05:02,627 [Thread-2190] INFO  impl.RoleInfo (RoleInfo.java:updateAndGet(143)) - 89de1964-3948-43a8-885a-142089a2f45f: start LeaderElection
2019-09-20 00:05:02,669 [Thread-2188] INFO  impl.FollowerState (FollowerState.java:run(106)) - 3d170688-536a-4a66-a9c9-289315ef27c2:group-4DF5A04227EE changes to CANDIDATE, lastRpcTime:5176, electionTimeout:5176ms
2019-09-20 00:05:02,669 [Thread-2188] INFO  impl.RoleInfo (RoleInfo.java:shutdownFollowerState(121)) - 3d170688-536a-4a66-a9c9-289315ef27c2: shutdown FollowerState
2019-09-20 00:05:02,669 [Thread-2188] INFO  impl.RaftServerImpl (RaftServerImpl.java:setRole(174)) - 3d170688-536a-4a66-a9c9-289315ef27c2@group-4DF5A04227EE: changes role from  FOLLOWER to CANDIDATE at term 3 for changeToCandidate
2019-09-20 00:05:02,669 [Thread-2188] INFO  impl.RoleInfo (RoleInfo.java:updateAndGet(143)) - 3d170688-536a-4a66-a9c9-289315ef27c2: start LeaderElection
2019-09-20 00:05:02,688 [Thread-2189] INFO  impl.FollowerState (FollowerState.java:run(106)) - 382b0250-a1aa-40f3-882d-cd7fb29de27f:group-4DF5A04227EE changes to CANDIDATE, lastRpcTime:5195, electionTimeout:5195ms
2019-09-20 00:05:02,688 [Thread-2189] INFO  impl.RoleInfo (RoleInfo.java:shutdownFollowerState(121)) - 382b0250-a1aa-40f3-882d-cd7fb29de27f: shutdown FollowerState
2019-09-20 00:05:02,688 [Thread-2189] INFO  impl.RaftServerImpl (RaftServerImpl.java:setRole(174)) - 382b0250-a1aa-40f3-882d-cd7fb29de27f@group-4DF5A04227EE: changes role from  FOLLOWER to CANDIDATE at term 3 for changeToCandidate
2019-09-20 00:05:02,689 [Thread-2189] INFO  impl.RoleInfo (RoleInfo.java:updateAndGet(143)) - 382b0250-a1aa-40f3-882d-cd7fb29de27f: start LeaderElection
2019-09-20 00:05:02,996 [5f35e7da-28ae-4b25-a1a4-54a4278033f1@group-032B6602E80F:LeaderElection99] INFO  impl.LeaderElection (LeaderElection.java:askForVotes(182)) - 5f35e7da-28ae-4b25-a1a4-54a4278033f1@group-032B6602E80F:LeaderElection99: begin an election at term 4 for -1: [7d878657-54f8-4791-978a-386f775e0485:192.168.5.182:36462, 5f35e7da-28ae-4b25-a1a4-54a4278033f1:192.168.5.182:43639, 89de1964-3948-43a8-885a-142089a2f45f:192.168.5.182:39929], old=null
2019-09-20 00:05:03,643 [f3b156d7-7eb6-46eb-bb34-4a82b6f9f404@group-4DF5A04227EE:LeaderElection98] INFO  impl.LeaderElection (LeaderElection.java:askForVotes(182)) - f3b156d7-7eb6-46eb-bb34-4a82b6f9f404@group-4DF5A04227EE:LeaderElection98: begin an election at term 4 for -1: [382b0250-a1aa-40f3-882d-cd7fb29de27f:192.168.5.182:40829, f3b156d7-7eb6-46eb-bb34-4a82b6f9f404:192.168.5.182:33815, 3d170688-536a-4a66-a9c9-289315ef27c2:192.168.5.182:32785], old=null
2019-09-20 00:05:03,643 [89de1964-3948-43a8-885a-142089a2f45f@group-032B6602E80F:LeaderElection100] INFO  impl.LeaderElection (LeaderElection.java:askForVotes(182)) - 89de1964-3948-43a8-885a-142089a2f45f@group-032B6602E80F:LeaderElection100: begin an election at term 4 for -1: [7d878657-54f8-4791-978a-386f775e0485:192.168.5.182:36462, 5f35e7da-28ae-4b25-a1a4-54a4278033f1:192.168.5.182:43639, 89de1964-3948-43a8-885a-142089a2f45f:192.168.5.182:39929], old=null
2019-09-20 00:05:03,643 [382b0250-a1aa-40f3-882d-cd7fb29de27f@group-4DF5A04227EE:LeaderElection102] INFO  impl.LeaderElection (LeaderElection.java:askForVotes(182)) - 382b0250-a1aa-40f3-882d-cd7fb29de27f@group-4DF5A04227EE:LeaderElection102: begin an election at term 4 for -1: [382b0250-a1aa-40f3-882d-cd7fb29de27f:192.168.5.182:40829, f3b156d7-7eb6-46eb-bb34-4a82b6f9f404:192.168.5.182:33815, 3d170688-536a-4a66-a9c9-289315ef27c2:192.168.5.182:32785], old=null
2019-09-20 00:05:03,643 [7d878657-54f8-4791-978a-386f775e0485@group-032B6602E80F:LeaderElection96] INFO  impl.LeaderElection (LeaderElection.java:askForVotes(182)) - 7d878657-54f8-4791-978a-386f775e0485@group-032B6602E80F:LeaderElection96: begin an election at term 4 for -1: [7d878657-54f8-4791-978a-386f775e0485:192.168.5.182:36462, 5f35e7da-28ae-4b25-a1a4-54a4278033f1:192.168.5.182:43639, 89de1964-3948-43a8-885a-142089a2f45f:192.168.5.182:39929], old=null
2019-09-20 00:05:03,643 [c63e7fee-7ebf-4ab3-a82c-403b5cf942fc@group-0BC4DF7BF4D9:LeaderElection97] INFO  impl.LeaderElection (LeaderElection.java:askForVotes(182)) - c63e7fee-7ebf-4ab3-a82c-403b5cf942fc@group-0BC4DF7BF4D9:LeaderElection97: begin an election at term 16 for 0: [8f58c883-e4ba-4cdd-8662-08249772462e:192.168.5.182:35458, c63e7fee-7ebf-4ab3-a82c-403b5cf942fc:192.168.5.182:40019, fd99f976-ef3a-47b0-8e0c-a462a244f82b:192.168.5.182:45540], old=null
2019-09-20 00:05:03,643 [3d170688-536a-4a66-a9c9-289315ef27c2@group-4DF5A04227EE:LeaderElection101] INFO  impl.LeaderElection (LeaderElection.java:askForVotes(182)) - 3d170688-536a-4a66-a9c9-289315ef27c2@group-4DF5A04227EE:LeaderElection101: begin an election at term 4 for -1: [382b0250-a1aa-40f3-882d-cd7fb29de27f:192.168.5.182:40829, f3b156d7-7eb6-46eb-bb34-4a82b6f9f404:192.168.5.182:33815, 3d170688-536a-4a66-a9c9-289315ef27c2:192.168.5.182:32785], old=null
2019-09-20 00:05:03,645 [5f35e7da-28ae-4b25-a1a4-54a4278033f1@group-032B6602E80F:LeaderElection99] INFO  impl.LeaderElection (LeaderElection.java:logAndReturn(56)) - 5f35e7da-28ae-4b25-a1a4-54a4278033f1@group-032B6602E80F:LeaderElection99: Election REJECTED; received 2 response(s) [5f35e7da-28ae-4b25-a1a4-54a4278033f1<-7d878657-54f8-4791-978a-386f775e0485#0:FAIL-t4, 5f35e7da-28ae-4b25-a1a4-54a4278033f1<-89de1964-3948-43a8-885a-142089a2f45f#0:FAIL-t4] and 0 exception(s); 5f35e7da-28ae-4b25-a1a4-54a4278033f1@group-032B6602E80F:t4, leader=null, voted=5f35e7da-28ae-4b25-a1a4-54a4278033f1, raftlog=5f35e7da-28ae-4b25-a1a4-54a4278033f1@group-032B6602E80F-SegmentedRaftLog:OPENED:c-1,f-1,i0, conf=-1: [7d878657-54f8-4791-978a-386f775e0485:192.168.5.182:36462, 5f35e7da-28ae-4b25-a1a4-54a4278033f1:192.168.5.182:43639, 89de1964-3948-43a8-885a-142089a2f45f:192.168.5.182:39929], old=null
2019-09-20 00:05:03,646 [5f35e7da-28ae-4b25-a1a4-54a4278033f1@group-032B6602E80F:LeaderElection99] INFO  impl.RaftServerImpl (RaftServerImpl.java:setRole(174)) - 5f35e7da-28ae-4b25-a1a4-54a4278033f1@group-032B6602E80F: changes role from CANDIDATE to FOLLOWER at term 4 for DISCOVERED_A_NEW_TERM
2019-09-20 00:05:03,646 [5f35e7da-28ae-4b25-a1a4-54a4278033f1@group-032B6602E80F:LeaderElection99] INFO  impl.RoleInfo (RoleInfo.java:shutdownLeaderElection(134)) - 5f35e7da-28ae-4b25-a1a4-54a4278033f1: shutdown LeaderElection
2019-09-20 00:05:03,646 [c63e7fee-7ebf-4ab3-a82c-403b5cf942fc@group-0BC4DF7BF4D9:LeaderElection97] INFO  impl.LeaderElection (LogUtils.java:infoOrTrace(149)) - c63e7fee-7ebf-4ab3-a82c-403b5cf942fc@group-0BC4DF7BF4D9:LeaderElection97 got exception when requesting votes: {}
java.util.concurrent.ExecutionException: org.apache.ratis.thirdparty.io.grpc.StatusRuntimeException: UNAVAILABLE: io exception
	at java.util.concurrent.FutureTask.report(FutureTask.java:122)
	at java.util.concurrent.FutureTask.get(FutureTask.java:192)
	at org.apache.ratis.server.impl.LeaderElection.waitForResults(LeaderElection.java:263)
	at org.apache.ratis.server.impl.LeaderElection.askForVotes(LeaderElection.java:201)
	at org.apache.ratis.server.impl.LeaderElection.run(LeaderElection.java:133)
	at java.lang.Thread.run(Thread.java:748)
Caused by: org.apache.ratis.thirdparty.io.grpc.StatusRuntimeException: UNAVAILABLE: io exception
	at org.apache.ratis.thirdparty.io.grpc.stub.ClientCalls.toStatusRuntimeException(ClientCalls.java:233)
	at org.apache.ratis.thirdparty.io.grpc.stub.ClientCalls.getUnchecked(ClientCalls.java:214)
	at org.apache.ratis.thirdparty.io.grpc.stub.ClientCalls.blockingUnaryCall(ClientCalls.java:139)
	at org.apache.ratis.proto.grpc.RaftServerProtocolServiceGrpc$RaftServerProtocolServiceBlockingStub.requestVote(RaftServerProtocolServiceGrpc.java:265)
	at org.apache.ratis.grpc.server.GrpcServerProtocolClient.requestVote(GrpcServerProtocolClient.java:90)
	at org.apache.ratis.grpc.server.GrpcService.requestVote(GrpcService.java:204)
	at org.apache.ratis.server.impl.LeaderElection.lambda$submitRequests$1(LeaderElection.java:238)
	at java.util.concurrent.FutureTask.run(FutureTask.java:266)
	at java.util.concurrent.Executors$RunnableAdapter.call(Executors.java:511)
	at java.util.concurrent.FutureTask.run(FutureTask.java:266)
	at java.util.concurrent.ThreadPoolExecutor.runWorker(ThreadPoolExecutor.java:1149)
	at java.util.concurrent.ThreadPoolExecutor$Worker.run(ThreadPoolExecutor.java:624)
	... 1 more
Caused by: org.apache.ratis.thirdparty.io.netty.channel.AbstractChannel$AnnotatedConnectException: Connection refused: /192.168.5.182:35458
	at sun.nio.ch.SocketChannelImpl.checkConnect(Native Method)
	at sun.nio.ch.SocketChannelImpl.finishConnect(SocketChannelImpl.java:717)
	at org.apache.ratis.thirdparty.io.netty.channel.socket.nio.NioSocketChannel.doFinishConnect(NioSocketChannel.java:327)
	at org.apache.ratis.thirdparty.io.netty.channel.nio.AbstractNioChannel$AbstractNioUnsafe.finishConnect(AbstractNioChannel.java:340)
	at org.apache.ratis.thirdparty.io.netty.channel.nio.NioEventLoop.processSelectedKey(NioEventLoop.java:632)
	at org.apache.ratis.thirdparty.io.netty.channel.nio.NioEventLoop.processSelectedKeysOptimized(NioEventLoop.java:579)
	at org.apache.ratis.thirdparty.io.netty.channel.nio.NioEventLoop.processSelectedKeys(NioEventLoop.java:496)
	at org.apache.ratis.thirdparty.io.netty.channel.nio.NioEventLoop.run(NioEventLoop.java:458)
	at org.apache.ratis.thirdparty.io.netty.util.concurrent.SingleThreadEventExecutor$5.run(SingleThreadEventExecutor.java:897)
	at org.apache.ratis.thirdparty.io.netty.util.concurrent.FastThreadLocalRunnable.run(FastThreadLocalRunnable.java:30)
	... 1 more
Caused by: java.net.ConnectException: Connection refused
	... 11 more
2019-09-20 00:05:03,646 [5f35e7da-28ae-4b25-a1a4-54a4278033f1@group-032B6602E80F:LeaderElection99] INFO  impl.RoleInfo (RoleInfo.java:updateAndGet(143)) - 5f35e7da-28ae-4b25-a1a4-54a4278033f1: start FollowerState
2019-09-20 00:05:03,656 [c63e7fee-7ebf-4ab3-a82c-403b5cf942fc@group-0BC4DF7BF4D9:LeaderElection97] INFO  impl.LeaderElection (LogUtils.java:infoOrTrace(149)) - c63e7fee-7ebf-4ab3-a82c-403b5cf942fc@group-0BC4DF7BF4D9:LeaderElection97 got exception when requesting votes: {}
java.util.concurrent.ExecutionException: org.apache.ratis.thirdparty.io.grpc.StatusRuntimeException: UNAVAILABLE: io exception
	at java.util.concurrent.FutureTask.report(FutureTask.java:122)
	at java.util.concurrent.FutureTask.get(FutureTask.java:192)
	at org.apache.ratis.server.impl.LeaderElection.waitForResults(LeaderElection.java:263)
	at org.apache.ratis.server.impl.LeaderElection.askForVotes(LeaderElection.java:201)
	at org.apache.ratis.server.impl.LeaderElection.run(LeaderElection.java:133)
	at java.lang.Thread.run(Thread.java:748)
Caused by: org.apache.ratis.thirdparty.io.grpc.StatusRuntimeException: UNAVAILABLE: io exception
	at org.apache.ratis.thirdparty.io.grpc.stub.ClientCalls.toStatusRuntimeException(ClientCalls.java:233)
	at org.apache.ratis.thirdparty.io.grpc.stub.ClientCalls.getUnchecked(ClientCalls.java:214)
	at org.apache.ratis.thirdparty.io.grpc.stub.ClientCalls.blockingUnaryCall(ClientCalls.java:139)
	at org.apache.ratis.proto.grpc.RaftServerProtocolServiceGrpc$RaftServerProtocolServiceBlockingStub.requestVote(RaftServerProtocolServiceGrpc.java:265)
	at org.apache.ratis.grpc.server.GrpcServerProtocolClient.requestVote(GrpcServerProtocolClient.java:90)
	at org.apache.ratis.grpc.server.GrpcService.requestVote(GrpcService.java:204)
	at org.apache.ratis.server.impl.LeaderElection.lambda$submitRequests$1(LeaderElection.java:238)
	at java.util.concurrent.FutureTask.run(FutureTask.java:266)
	at java.util.concurrent.Executors$RunnableAdapter.call(Executors.java:511)
	at java.util.concurrent.FutureTask.run(FutureTask.java:266)
	at java.util.concurrent.ThreadPoolExecutor.runWorker(ThreadPoolExecutor.java:1149)
	at java.util.concurrent.ThreadPoolExecutor$Worker.run(ThreadPoolExecutor.java:624)
	... 1 more
Caused by: org.apache.ratis.thirdparty.io.netty.channel.AbstractChannel$AnnotatedConnectException: Connection refused: /192.168.5.182:45540
	at sun.nio.ch.SocketChannelImpl.checkConnect(Native Method)
	at sun.nio.ch.SocketChannelImpl.finishConnect(SocketChannelImpl.java:717)
	at org.apache.ratis.thirdparty.io.netty.channel.socket.nio.NioSocketChannel.doFinishConnect(NioSocketChannel.java:327)
	at org.apache.ratis.thirdparty.io.netty.channel.nio.AbstractNioChannel$AbstractNioUnsafe.finishConnect(AbstractNioChannel.java:340)
	at org.apache.ratis.thirdparty.io.netty.channel.nio.NioEventLoop.processSelectedKey(NioEventLoop.java:632)
	at org.apache.ratis.thirdparty.io.netty.channel.nio.NioEventLoop.processSelectedKeysOptimized(NioEventLoop.java:579)
	at org.apache.ratis.thirdparty.io.netty.channel.nio.NioEventLoop.processSelectedKeys(NioEventLoop.java:496)
	at org.apache.ratis.thirdparty.io.netty.channel.nio.NioEventLoop.run(NioEventLoop.java:458)
	at org.apache.ratis.thirdparty.io.netty.util.concurrent.SingleThreadEventExecutor$5.run(SingleThreadEventExecutor.java:897)
	at org.apache.ratis.thirdparty.io.netty.util.concurrent.FastThreadLocalRunnable.run(FastThreadLocalRunnable.java:30)
	... 1 more
Caused by: java.net.ConnectException: Connection refused
	... 11 more
2019-09-20 00:05:03,659 [c63e7fee-7ebf-4ab3-a82c-403b5cf942fc@group-0BC4DF7BF4D9:LeaderElection97] INFO  impl.LeaderElection (LeaderElection.java:logAndReturn(56)) - c63e7fee-7ebf-4ab3-a82c-403b5cf942fc@group-0BC4DF7BF4D9:LeaderElection97: Election REJECTED; received 0 response(s) [] and 2 exception(s); c63e7fee-7ebf-4ab3-a82c-403b5cf942fc@group-0BC4DF7BF4D9:t16, leader=null, voted=c63e7fee-7ebf-4ab3-a82c-403b5cf942fc, raftlog=c63e7fee-7ebf-4ab3-a82c-403b5cf942fc@group-0BC4DF7BF4D9-SegmentedRaftLog:OPENED:c2,f2,i2, conf=0: [8f58c883-e4ba-4cdd-8662-08249772462e:192.168.5.182:35458, c63e7fee-7ebf-4ab3-a82c-403b5cf942fc:192.168.5.182:40019, fd99f976-ef3a-47b0-8e0c-a462a244f82b:192.168.5.182:45540], old=null
2019-09-20 00:05:03,659 [c63e7fee-7ebf-4ab3-a82c-403b5cf942fc@group-0BC4DF7BF4D9:LeaderElection97] INFO  impl.LeaderElection (LogUtils.java:infoOrTrace(149)) -   Exception 0: {}
java.util.concurrent.ExecutionException: org.apache.ratis.thirdparty.io.grpc.StatusRuntimeException: UNAVAILABLE: io exception
	at java.util.concurrent.FutureTask.report(FutureTask.java:122)
	at java.util.concurrent.FutureTask.get(FutureTask.java:192)
	at org.apache.ratis.server.impl.LeaderElection.waitForResults(LeaderElection.java:263)
	at org.apache.ratis.server.impl.LeaderElection.askForVotes(LeaderElection.java:201)
	at org.apache.ratis.server.impl.LeaderElection.run(LeaderElection.java:133)
	at java.lang.Thread.run(Thread.java:748)
Caused by: org.apache.ratis.thirdparty.io.grpc.StatusRuntimeException: UNAVAILABLE: io exception
	at org.apache.ratis.thirdparty.io.grpc.stub.ClientCalls.toStatusRuntimeException(ClientCalls.java:233)
	at org.apache.ratis.thirdparty.io.grpc.stub.ClientCalls.getUnchecked(ClientCalls.java:214)
	at org.apache.ratis.thirdparty.io.grpc.stub.ClientCalls.blockingUnaryCall(ClientCalls.java:139)
	at org.apache.ratis.proto.grpc.RaftServerProtocolServiceGrpc$RaftServerProtocolServiceBlockingStub.requestVote(RaftServerProtocolServiceGrpc.java:265)
	at org.apache.ratis.grpc.server.GrpcServerProtocolClient.requestVote(GrpcServerProtocolClient.java:90)
	at org.apache.ratis.grpc.server.GrpcService.requestVote(GrpcService.java:204)
	at org.apache.ratis.server.impl.LeaderElection.lambda$submitRequests$1(LeaderElection.java:238)
	at java.util.concurrent.FutureTask.run(FutureTask.java:266)
	at java.util.concurrent.Executors$RunnableAdapter.call(Executors.java:511)
	at java.util.concurrent.FutureTask.run(FutureTask.java:266)
	at java.util.concurrent.ThreadPoolExecutor.runWorker(ThreadPoolExecutor.java:1149)
	at java.util.concurrent.ThreadPoolExecutor$Worker.run(ThreadPoolExecutor.java:624)
	... 1 more
Caused by: org.apache.ratis.thirdparty.io.netty.channel.AbstractChannel$AnnotatedConnectException: Connection refused: /192.168.5.182:35458
	at sun.nio.ch.SocketChannelImpl.checkConnect(Native Method)
	at sun.nio.ch.SocketChannelImpl.finishConnect(SocketChannelImpl.java:717)
	at org.apache.ratis.thirdparty.io.netty.channel.socket.nio.NioSocketChannel.doFinishConnect(NioSocketChannel.java:327)
	at org.apache.ratis.thirdparty.io.netty.channel.nio.AbstractNioChannel$AbstractNioUnsafe.finishConnect(AbstractNioChannel.java:340)
	at org.apache.ratis.thirdparty.io.netty.channel.nio.NioEventLoop.processSelectedKey(NioEventLoop.java:632)
	at org.apache.ratis.thirdparty.io.netty.channel.nio.NioEventLoop.processSelectedKeysOptimized(NioEventLoop.java:579)
	at org.apache.ratis.thirdparty.io.netty.channel.nio.NioEventLoop.processSelectedKeys(NioEventLoop.java:496)
	at org.apache.ratis.thirdparty.io.netty.channel.nio.NioEventLoop.run(NioEventLoop.java:458)
	at org.apache.ratis.thirdparty.io.netty.util.concurrent.SingleThreadEventExecutor$5.run(SingleThreadEventExecutor.java:897)
	at org.apache.ratis.thirdparty.io.netty.util.concurrent.FastThreadLocalRunnable.run(FastThreadLocalRunnable.java:30)
	... 1 more
Caused by: java.net.ConnectException: Connection refused
	... 11 more
2019-09-20 00:05:03,660 [c63e7fee-7ebf-4ab3-a82c-403b5cf942fc@group-0BC4DF7BF4D9:LeaderElection97] INFO  impl.LeaderElection (LogUtils.java:infoOrTrace(149)) -   Exception 1: {}
java.util.concurrent.ExecutionException: org.apache.ratis.thirdparty.io.grpc.StatusRuntimeException: UNAVAILABLE: io exception
	at java.util.concurrent.FutureTask.report(FutureTask.java:122)
	at java.util.concurrent.FutureTask.get(FutureTask.java:192)
	at org.apache.ratis.server.impl.LeaderElection.waitForResults(LeaderElection.java:263)
	at org.apache.ratis.server.impl.LeaderElection.askForVotes(LeaderElection.java:201)
	at org.apache.ratis.server.impl.LeaderElection.run(LeaderElection.java:133)
	at java.lang.Thread.run(Thread.java:748)
Caused by: org.apache.ratis.thirdparty.io.grpc.StatusRuntimeException: UNAVAILABLE: io exception
	at org.apache.ratis.thirdparty.io.grpc.stub.ClientCalls.toStatusRuntimeException(ClientCalls.java:233)
	at org.apache.ratis.thirdparty.io.grpc.stub.ClientCalls.getUnchecked(ClientCalls.java:214)
	at org.apache.ratis.thirdparty.io.grpc.stub.ClientCalls.blockingUnaryCall(ClientCalls.java:139)
	at org.apache.ratis.proto.grpc.RaftServerProtocolServiceGrpc$RaftServerProtocolServiceBlockingStub.requestVote(RaftServerProtocolServiceGrpc.java:265)
	at org.apache.ratis.grpc.server.GrpcServerProtocolClient.requestVote(GrpcServerProtocolClient.java:90)
	at org.apache.ratis.grpc.server.GrpcService.requestVote(GrpcService.java:204)
	at org.apache.ratis.server.impl.LeaderElection.lambda$submitRequests$1(LeaderElection.java:238)
	at java.util.concurrent.FutureTask.run(FutureTask.java:266)
	at java.util.concurrent.Executors$RunnableAdapter.call(Executors.java:511)
	at java.util.concurrent.FutureTask.run(FutureTask.java:266)
	at java.util.concurrent.ThreadPoolExecutor.runWorker(ThreadPoolExecutor.java:1149)
	at java.util.concurrent.ThreadPoolExecutor$Worker.run(ThreadPoolExecutor.java:624)
	... 1 more
Caused by: org.apache.ratis.thirdparty.io.netty.channel.AbstractChannel$AnnotatedConnectException: Connection refused: /192.168.5.182:45540
	at sun.nio.ch.SocketChannelImpl.checkConnect(Native Method)
	at sun.nio.ch.SocketChannelImpl.finishConnect(SocketChannelImpl.java:717)
	at org.apache.ratis.thirdparty.io.netty.channel.socket.nio.NioSocketChannel.doFinishConnect(NioSocketChannel.java:327)
	at org.apache.ratis.thirdparty.io.netty.channel.nio.AbstractNioChannel$AbstractNioUnsafe.finishConnect(AbstractNioChannel.java:340)
	at org.apache.ratis.thirdparty.io.netty.channel.nio.NioEventLoop.processSelectedKey(NioEventLoop.java:632)
	at org.apache.ratis.thirdparty.io.netty.channel.nio.NioEventLoop.processSelectedKeysOptimized(NioEventLoop.java:579)
	at org.apache.ratis.thirdparty.io.netty.channel.nio.NioEventLoop.processSelectedKeys(NioEventLoop.java:496)
	at org.apache.ratis.thirdparty.io.netty.channel.nio.NioEventLoop.run(NioEventLoop.java:458)
	at org.apache.ratis.thirdparty.io.netty.util.concurrent.SingleThreadEventExecutor$5.run(SingleThreadEventExecutor.java:897)
	at org.apache.ratis.thirdparty.io.netty.util.concurrent.FastThreadLocalRunnable.run(FastThreadLocalRunnable.java:30)
	... 1 more
Caused by: java.net.ConnectException: Connection refused
	... 11 more
2019-09-20 00:05:03,660 [c63e7fee-7ebf-4ab3-a82c-403b5cf942fc@group-0BC4DF7BF4D9:LeaderElection97] INFO  impl.RaftServerImpl (RaftServerImpl.java:setRole(174)) - c63e7fee-7ebf-4ab3-a82c-403b5cf942fc@group-0BC4DF7BF4D9: changes role from CANDIDATE to FOLLOWER at term 16 for DISCOVERED_A_NEW_TERM
2019-09-20 00:05:03,660 [c63e7fee-7ebf-4ab3-a82c-403b5cf942fc@group-0BC4DF7BF4D9:LeaderElection97] INFO  impl.RoleInfo (RoleInfo.java:shutdownLeaderElection(134)) - c63e7fee-7ebf-4ab3-a82c-403b5cf942fc: shutdown LeaderElection
2019-09-20 00:05:03,660 [c63e7fee-7ebf-4ab3-a82c-403b5cf942fc@group-0BC4DF7BF4D9:LeaderElection97] INFO  impl.RoleInfo (RoleInfo.java:updateAndGet(143)) - c63e7fee-7ebf-4ab3-a82c-403b5cf942fc: start FollowerState
2019-09-20 00:05:03,661 [89de1964-3948-43a8-885a-142089a2f45f@group-032B6602E80F:LeaderElection100] INFO  impl.LeaderElection (LeaderElection.java:logAndReturn(56)) - 89de1964-3948-43a8-885a-142089a2f45f@group-032B6602E80F:LeaderElection100: Election REJECTED; received 2 response(s) [89de1964-3948-43a8-885a-142089a2f45f<-7d878657-54f8-4791-978a-386f775e0485#0:FAIL-t4, 89de1964-3948-43a8-885a-142089a2f45f<-5f35e7da-28ae-4b25-a1a4-54a4278033f1#0:FAIL-t4] and 0 exception(s); 89de1964-3948-43a8-885a-142089a2f45f@group-032B6602E80F:t4, leader=null, voted=89de1964-3948-43a8-885a-142089a2f45f, raftlog=89de1964-3948-43a8-885a-142089a2f45f@group-032B6602E80F-SegmentedRaftLog:OPENED:c-1,f-1,i0, conf=-1: [7d878657-54f8-4791-978a-386f775e0485:192.168.5.182:36462, 5f35e7da-28ae-4b25-a1a4-54a4278033f1:192.168.5.182:43639, 89de1964-3948-43a8-885a-142089a2f45f:192.168.5.182:39929], old=null
2019-09-20 00:05:03,663 [89de1964-3948-43a8-885a-142089a2f45f@group-032B6602E80F:LeaderElection100] INFO  impl.RaftServerImpl (RaftServerImpl.java:setRole(174)) - 89de1964-3948-43a8-885a-142089a2f45f@group-032B6602E80F: changes role from CANDIDATE to FOLLOWER at term 4 for DISCOVERED_A_NEW_TERM
2019-09-20 00:05:03,664 [89de1964-3948-43a8-885a-142089a2f45f@group-032B6602E80F:LeaderElection100] INFO  impl.RoleInfo (RoleInfo.java:shutdownLeaderElection(134)) - 89de1964-3948-43a8-885a-142089a2f45f: shutdown LeaderElection
2019-09-20 00:05:03,664 [89de1964-3948-43a8-885a-142089a2f45f@group-032B6602E80F:LeaderElection100] INFO  impl.RoleInfo (RoleInfo.java:updateAndGet(143)) - 89de1964-3948-43a8-885a-142089a2f45f: start FollowerState
2019-09-20 00:05:03,664 [382b0250-a1aa-40f3-882d-cd7fb29de27f@group-4DF5A04227EE:LeaderElection102] INFO  impl.LeaderElection (LeaderElection.java:logAndReturn(56)) - 382b0250-a1aa-40f3-882d-cd7fb29de27f@group-4DF5A04227EE:LeaderElection102: Election REJECTED; received 2 response(s) [382b0250-a1aa-40f3-882d-cd7fb29de27f<-f3b156d7-7eb6-46eb-bb34-4a82b6f9f404#0:FAIL-t4, 382b0250-a1aa-40f3-882d-cd7fb29de27f<-3d170688-536a-4a66-a9c9-289315ef27c2#0:FAIL-t4] and 0 exception(s); 382b0250-a1aa-40f3-882d-cd7fb29de27f@group-4DF5A04227EE:t4, leader=null, voted=382b0250-a1aa-40f3-882d-cd7fb29de27f, raftlog=382b0250-a1aa-40f3-882d-cd7fb29de27f@group-4DF5A04227EE-SegmentedRaftLog:OPENED:c-1,f-1,i0, conf=-1: [382b0250-a1aa-40f3-882d-cd7fb29de27f:192.168.5.182:40829, f3b156d7-7eb6-46eb-bb34-4a82b6f9f404:192.168.5.182:33815, 3d170688-536a-4a66-a9c9-289315ef27c2:192.168.5.182:32785], old=null
2019-09-20 00:05:03,667 [382b0250-a1aa-40f3-882d-cd7fb29de27f@group-4DF5A04227EE:LeaderElection102] INFO  impl.RaftServerImpl (RaftServerImpl.java:setRole(174)) - 382b0250-a1aa-40f3-882d-cd7fb29de27f@group-4DF5A04227EE: changes role from CANDIDATE to FOLLOWER at term 4 for DISCOVERED_A_NEW_TERM
2019-09-20 00:05:03,667 [382b0250-a1aa-40f3-882d-cd7fb29de27f@group-4DF5A04227EE:LeaderElection102] INFO  impl.RoleInfo (RoleInfo.java:shutdownLeaderElection(134)) - 382b0250-a1aa-40f3-882d-cd7fb29de27f: shutdown LeaderElection
2019-09-20 00:05:03,667 [382b0250-a1aa-40f3-882d-cd7fb29de27f@group-4DF5A04227EE:LeaderElection102] INFO  impl.RoleInfo (RoleInfo.java:updateAndGet(143)) - 382b0250-a1aa-40f3-882d-cd7fb29de27f: start FollowerState
2019-09-20 00:05:03,667 [3d170688-536a-4a66-a9c9-289315ef27c2@group-4DF5A04227EE:LeaderElection101] INFO  impl.LeaderElection (LeaderElection.java:logAndReturn(56)) - 3d170688-536a-4a66-a9c9-289315ef27c2@group-4DF5A04227EE:LeaderElection101: Election REJECTED; received 2 response(s) [3d170688-536a-4a66-a9c9-289315ef27c2<-382b0250-a1aa-40f3-882d-cd7fb29de27f#0:FAIL-t4, 3d170688-536a-4a66-a9c9-289315ef27c2<-f3b156d7-7eb6-46eb-bb34-4a82b6f9f404#0:FAIL-t4] and 0 exception(s); 3d170688-536a-4a66-a9c9-289315ef27c2@group-4DF5A04227EE:t4, leader=null, voted=3d170688-536a-4a66-a9c9-289315ef27c2, raftlog=3d170688-536a-4a66-a9c9-289315ef27c2@group-4DF5A04227EE-SegmentedRaftLog:OPENED:c-1,f-1,i0, conf=-1: [382b0250-a1aa-40f3-882d-cd7fb29de27f:192.168.5.182:40829, f3b156d7-7eb6-46eb-bb34-4a82b6f9f404:192.168.5.182:33815, 3d170688-536a-4a66-a9c9-289315ef27c2:192.168.5.182:32785], old=null
2019-09-20 00:05:03,667 [f3b156d7-7eb6-46eb-bb34-4a82b6f9f404@group-4DF5A04227EE:LeaderElection98] INFO  impl.LeaderElection (LeaderElection.java:logAndReturn(56)) - f3b156d7-7eb6-46eb-bb34-4a82b6f9f404@group-4DF5A04227EE:LeaderElection98: Election REJECTED; received 2 response(s) [f3b156d7-7eb6-46eb-bb34-4a82b6f9f404<-382b0250-a1aa-40f3-882d-cd7fb29de27f#0:FAIL-t4, f3b156d7-7eb6-46eb-bb34-4a82b6f9f404<-3d170688-536a-4a66-a9c9-289315ef27c2#0:FAIL-t4] and 0 exception(s); f3b156d7-7eb6-46eb-bb34-4a82b6f9f404@group-4DF5A04227EE:t4, leader=null, voted=f3b156d7-7eb6-46eb-bb34-4a82b6f9f404, raftlog=f3b156d7-7eb6-46eb-bb34-4a82b6f9f404@group-4DF5A04227EE-SegmentedRaftLog:OPENED:c-1,f-1,i0, conf=-1: [382b0250-a1aa-40f3-882d-cd7fb29de27f:192.168.5.182:40829, f3b156d7-7eb6-46eb-bb34-4a82b6f9f404:192.168.5.182:33815, 3d170688-536a-4a66-a9c9-289315ef27c2:192.168.5.182:32785], old=null
2019-09-20 00:05:03,670 [3d170688-536a-4a66-a9c9-289315ef27c2@group-4DF5A04227EE:LeaderElection101] INFO  impl.RaftServerImpl (RaftServerImpl.java:setRole(174)) - 3d170688-536a-4a66-a9c9-289315ef27c2@group-4DF5A04227EE: changes role from CANDIDATE to FOLLOWER at term 4 for DISCOVERED_A_NEW_TERM
2019-09-20 00:05:03,672 [7d878657-54f8-4791-978a-386f775e0485@group-032B6602E80F:LeaderElection96] INFO  impl.LeaderElection (LeaderElection.java:logAndReturn(56)) - 7d878657-54f8-4791-978a-386f775e0485@group-032B6602E80F:LeaderElection96: Election REJECTED; received 2 response(s) [7d878657-54f8-4791-978a-386f775e0485<-5f35e7da-28ae-4b25-a1a4-54a4278033f1#0:FAIL-t4, 7d878657-54f8-4791-978a-386f775e0485<-89de1964-3948-43a8-885a-142089a2f45f#0:FAIL-t4] and 0 exception(s); 7d878657-54f8-4791-978a-386f775e0485@group-032B6602E80F:t4, leader=null, voted=7d878657-54f8-4791-978a-386f775e0485, raftlog=7d878657-54f8-4791-978a-386f775e0485@group-032B6602E80F-SegmentedRaftLog:OPENED:c-1,f-1,i0, conf=-1: [7d878657-54f8-4791-978a-386f775e0485:192.168.5.182:36462, 5f35e7da-28ae-4b25-a1a4-54a4278033f1:192.168.5.182:43639, 89de1964-3948-43a8-885a-142089a2f45f:192.168.5.182:39929], old=null
2019-09-20 00:05:03,672 [3d170688-536a-4a66-a9c9-289315ef27c2@group-4DF5A04227EE:LeaderElection101] INFO  impl.RoleInfo (RoleInfo.java:shutdownLeaderElection(134)) - 3d170688-536a-4a66-a9c9-289315ef27c2: shutdown LeaderElection
2019-09-20 00:05:03,672 [f3b156d7-7eb6-46eb-bb34-4a82b6f9f404@group-4DF5A04227EE:LeaderElection98] INFO  impl.RaftServerImpl (RaftServerImpl.java:setRole(174)) - f3b156d7-7eb6-46eb-bb34-4a82b6f9f404@group-4DF5A04227EE: changes role from CANDIDATE to FOLLOWER at term 4 for DISCOVERED_A_NEW_TERM
2019-09-20 00:05:03,676 [f3b156d7-7eb6-46eb-bb34-4a82b6f9f404@group-4DF5A04227EE:LeaderElection98] INFO  impl.RoleInfo (RoleInfo.java:shutdownLeaderElection(134)) - f3b156d7-7eb6-46eb-bb34-4a82b6f9f404: shutdown LeaderElection
2019-09-20 00:05:03,674 [7d878657-54f8-4791-978a-386f775e0485@group-032B6602E80F:LeaderElection96] INFO  impl.RaftServerImpl (RaftServerImpl.java:setRole(174)) - 7d878657-54f8-4791-978a-386f775e0485@group-032B6602E80F: changes role from CANDIDATE to FOLLOWER at term 4 for DISCOVERED_A_NEW_TERM
2019-09-20 00:05:03,676 [3d170688-536a-4a66-a9c9-289315ef27c2@group-4DF5A04227EE:LeaderElection101] INFO  impl.RoleInfo (RoleInfo.java:updateAndGet(143)) - 3d170688-536a-4a66-a9c9-289315ef27c2: start FollowerState
2019-09-20 00:05:03,676 [f3b156d7-7eb6-46eb-bb34-4a82b6f9f404@group-4DF5A04227EE:LeaderElection98] INFO  impl.RoleInfo (RoleInfo.java:updateAndGet(143)) - f3b156d7-7eb6-46eb-bb34-4a82b6f9f404: start FollowerState
2019-09-20 00:05:03,676 [7d878657-54f8-4791-978a-386f775e0485@group-032B6602E80F:LeaderElection96] INFO  impl.RoleInfo (RoleInfo.java:shutdownLeaderElection(134)) - 7d878657-54f8-4791-978a-386f775e0485: shutdown LeaderElection
2019-09-20 00:05:03,677 [7d878657-54f8-4791-978a-386f775e0485@group-032B6602E80F:LeaderElection96] INFO  impl.RoleInfo (RoleInfo.java:updateAndGet(143)) - 7d878657-54f8-4791-978a-386f775e0485: start FollowerState
2019-09-20 00:05:03,807 [EventQueue-StaleNodeForStaleNodeHandler] INFO  node.StaleNodeHandler (StaleNodeHandler.java:onMessage(58)) - Datanode 8f58c883-e4ba-4cdd-8662-08249772462e{ip: 192.168.5.182, host: pr-hdds-2020-7x4rg-3348829713, networkLocation: /default-rack, certSerialId: null} moved to stale state. Finalizing its pipelines [PipelineID=ad0e2b7e-2cc2-49dd-b46b-60e1777e972d, PipelineID=9c807bb6-9f2a-4203-be25-0bc4df7bf4d9]
2019-09-20 00:05:03,808 [EventQueue-StaleNodeForStaleNodeHandler] INFO  pipeline.SCMPipelineManager (SCMPipelineManager.java:finalizeAndDestroyPipeline(315)) - destroying pipeline:Pipeline[ Id: ad0e2b7e-2cc2-49dd-b46b-60e1777e972d, Nodes: 8f58c883-e4ba-4cdd-8662-08249772462e{ip: 192.168.5.182, host: pr-hdds-2020-7x4rg-3348829713, networkLocation: /default-rack, certSerialId: null}, Type:RATIS, Factor:ONE, State:OPEN]
2019-09-20 00:05:03,808 [EventQueue-StaleNodeForStaleNodeHandler] INFO  pipeline.PipelineStateManager (PipelineStateManager.java:finalizePipeline(123)) - Pipeline Pipeline[ Id: ad0e2b7e-2cc2-49dd-b46b-60e1777e972d, Nodes: 8f58c883-e4ba-4cdd-8662-08249772462e{ip: 192.168.5.182, host: pr-hdds-2020-7x4rg-3348829713, networkLocation: /default-rack, certSerialId: null}, Type:RATIS, Factor:ONE, State:CLOSED] moved to CLOSED state
2019-09-20 00:05:03,808 [EventQueue-StaleNodeForStaleNodeHandler] INFO  pipeline.SCMPipelineManager (SCMPipelineManager.java:finalizeAndDestroyPipeline(315)) - destroying pipeline:Pipeline[ Id: 9c807bb6-9f2a-4203-be25-0bc4df7bf4d9, Nodes: fd99f976-ef3a-47b0-8e0c-a462a244f82b{ip: 192.168.5.182, host: pr-hdds-2020-7x4rg-3348829713, networkLocation: /default-rack, certSerialId: null}8f58c883-e4ba-4cdd-8662-08249772462e{ip: 192.168.5.182, host: pr-hdds-2020-7x4rg-3348829713, networkLocation: /default-rack, certSerialId: null}c63e7fee-7ebf-4ab3-a82c-403b5cf942fc{ip: 192.168.5.182, host: pr-hdds-2020-7x4rg-3348829713, networkLocation: /default-rack, certSerialId: null}, Type:RATIS, Factor:THREE, State:CLOSED]
2019-09-20 00:05:08,671 [Thread-2228] INFO  impl.FollowerState (FollowerState.java:run(106)) - 5f35e7da-28ae-4b25-a1a4-54a4278033f1:group-032B6602E80F changes to CANDIDATE, lastRpcTime:5025, electionTimeout:5003ms
2019-09-20 00:05:08,672 [Thread-2228] INFO  impl.RoleInfo (RoleInfo.java:shutdownFollowerState(121)) - 5f35e7da-28ae-4b25-a1a4-54a4278033f1: shutdown FollowerState
2019-09-20 00:05:08,672 [Thread-2228] INFO  impl.RaftServerImpl (RaftServerImpl.java:setRole(174)) - 5f35e7da-28ae-4b25-a1a4-54a4278033f1@group-032B6602E80F: changes role from  FOLLOWER to CANDIDATE at term 4 for changeToCandidate
2019-09-20 00:05:08,673 [Thread-2228] INFO  impl.RoleInfo (RoleInfo.java:updateAndGet(143)) - 5f35e7da-28ae-4b25-a1a4-54a4278033f1: start LeaderElection
2019-09-20 00:05:08,677 [Thread-2231] INFO  impl.FollowerState (FollowerState.java:run(106)) - 382b0250-a1aa-40f3-882d-cd7fb29de27f:group-4DF5A04227EE changes to CANDIDATE, lastRpcTime:5009, electionTimeout:5002ms
2019-09-20 00:05:08,679 [Thread-2231] INFO  impl.RoleInfo (RoleInfo.java:shutdownFollowerState(121)) - 382b0250-a1aa-40f3-882d-cd7fb29de27f: shutdown FollowerState
2019-09-20 00:05:08,679 [Thread-2231] INFO  impl.RaftServerImpl (RaftServerImpl.java:setRole(174)) - 382b0250-a1aa-40f3-882d-cd7fb29de27f@group-4DF5A04227EE: changes role from  FOLLOWER to CANDIDATE at term 4 for changeToCandidate
2019-09-20 00:05:08,691 [Thread-2231] INFO  impl.RoleInfo (RoleInfo.java:updateAndGet(143)) - 382b0250-a1aa-40f3-882d-cd7fb29de27f: start LeaderElection
2019-09-20 00:05:08,721 [Thread-2232] INFO  impl.FollowerState (FollowerState.java:run(106)) - 3d170688-536a-4a66-a9c9-289315ef27c2:group-4DF5A04227EE changes to CANDIDATE, lastRpcTime:5033, electionTimeout:5017ms
2019-09-20 00:05:08,751 [Thread-2232] INFO  impl.RoleInfo (RoleInfo.java:shutdownFollowerState(121)) - 3d170688-536a-4a66-a9c9-289315ef27c2: shutdown FollowerState
2019-09-20 00:05:08,751 [Thread-2232] INFO  impl.RaftServerImpl (RaftServerImpl.java:setRole(174)) - 3d170688-536a-4a66-a9c9-289315ef27c2@group-4DF5A04227EE: changes role from  FOLLOWER to CANDIDATE at term 4 for changeToCandidate
2019-09-20 00:05:08,725 [Thread-2230] INFO  impl.FollowerState (FollowerState.java:run(106)) - 89de1964-3948-43a8-885a-142089a2f45f:group-032B6602E80F changes to CANDIDATE, lastRpcTime:5061, electionTimeout:5061ms
2019-09-20 00:05:08,751 [Thread-2232] INFO  impl.RoleInfo (RoleInfo.java:updateAndGet(143)) - 3d170688-536a-4a66-a9c9-289315ef27c2: start LeaderElection
2019-09-20 00:05:08,756 [Thread-2230] INFO  impl.RoleInfo (RoleInfo.java:shutdownFollowerState(121)) - 89de1964-3948-43a8-885a-142089a2f45f: shutdown FollowerState
2019-09-20 00:05:08,756 [Thread-2230] INFO  impl.RaftServerImpl (RaftServerImpl.java:setRole(174)) - 89de1964-3948-43a8-885a-142089a2f45f@group-032B6602E80F: changes role from  FOLLOWER to CANDIDATE at term 4 for changeToCandidate
2019-09-20 00:05:08,760 [Thread-2230] INFO  impl.RoleInfo (RoleInfo.java:updateAndGet(143)) - 89de1964-3948-43a8-885a-142089a2f45f: start LeaderElection
2019-09-20 00:05:08,842 [Thread-2234] INFO  impl.FollowerState (FollowerState.java:run(106)) - 7d878657-54f8-4791-978a-386f775e0485:group-032B6602E80F changes to CANDIDATE, lastRpcTime:5165, electionTimeout:5165ms
2019-09-20 00:05:08,843 [Thread-2234] INFO  impl.RoleInfo (RoleInfo.java:shutdownFollowerState(121)) - 7d878657-54f8-4791-978a-386f775e0485: shutdown FollowerState
2019-09-20 00:05:08,843 [Thread-2234] INFO  impl.RaftServerImpl (RaftServerImpl.java:setRole(174)) - 7d878657-54f8-4791-978a-386f775e0485@group-032B6602E80F: changes role from  FOLLOWER to CANDIDATE at term 4 for changeToCandidate
2019-09-20 00:05:08,843 [Thread-2234] INFO  impl.RoleInfo (RoleInfo.java:updateAndGet(143)) - 7d878657-54f8-4791-978a-386f775e0485: start LeaderElection
2019-09-20 00:05:08,851 [Thread-2229] INFO  impl.FollowerState (FollowerState.java:run(106)) - c63e7fee-7ebf-4ab3-a82c-403b5cf942fc:group-0BC4DF7BF4D9 changes to CANDIDATE, lastRpcTime:5190, electionTimeout:5190ms
2019-09-20 00:05:08,851 [Thread-2229] INFO  impl.RoleInfo (RoleInfo.java:shutdownFollowerState(121)) - c63e7fee-7ebf-4ab3-a82c-403b5cf942fc: shutdown FollowerState
2019-09-20 00:05:08,851 [Thread-2229] INFO  impl.RaftServerImpl (RaftServerImpl.java:setRole(174)) - c63e7fee-7ebf-4ab3-a82c-403b5cf942fc@group-0BC4DF7BF4D9: changes role from  FOLLOWER to CANDIDATE at term 16 for changeToCandidate
2019-09-20 00:05:08,851 [Thread-2229] INFO  impl.RoleInfo (RoleInfo.java:updateAndGet(143)) - c63e7fee-7ebf-4ab3-a82c-403b5cf942fc: start LeaderElection
2019-09-20 00:05:08,869 [Thread-2233] INFO  impl.FollowerState (FollowerState.java:run(106)) - f3b156d7-7eb6-46eb-bb34-4a82b6f9f404:group-4DF5A04227EE changes to CANDIDATE, lastRpcTime:5192, electionTimeout:5192ms
2019-09-20 00:05:08,869 [Thread-2233] INFO  impl.RoleInfo (RoleInfo.java:shutdownFollowerState(121)) - f3b156d7-7eb6-46eb-bb34-4a82b6f9f404: shutdown FollowerState
2019-09-20 00:05:08,869 [Thread-2233] INFO  impl.RaftServerImpl (RaftServerImpl.java:setRole(174)) - f3b156d7-7eb6-46eb-bb34-4a82b6f9f404@group-4DF5A04227EE: changes role from  FOLLOWER to CANDIDATE at term 4 for changeToCandidate
2019-09-20 00:05:08,870 [Thread-2233] INFO  impl.RoleInfo (RoleInfo.java:updateAndGet(143)) - f3b156d7-7eb6-46eb-bb34-4a82b6f9f404: start LeaderElection
2019-09-20 00:05:12,696 [7d878657-54f8-4791-978a-386f775e0485@group-032B6602E80F:LeaderElection107] INFO  impl.LeaderElection (LeaderElection.java:askForVotes(182)) - 7d878657-54f8-4791-978a-386f775e0485@group-032B6602E80F:LeaderElection107: begin an election at term 5 for -1: [7d878657-54f8-4791-978a-386f775e0485:192.168.5.182:36462, 5f35e7da-28ae-4b25-a1a4-54a4278033f1:192.168.5.182:43639, 89de1964-3948-43a8-885a-142089a2f45f:192.168.5.182:39929], old=null
2019-09-20 00:05:12,696 [382b0250-a1aa-40f3-882d-cd7fb29de27f@group-4DF5A04227EE:LeaderElection104] INFO  impl.LeaderElection (LeaderElection.java:askForVotes(182)) - 382b0250-a1aa-40f3-882d-cd7fb29de27f@group-4DF5A04227EE:LeaderElection104: begin an election at term 5 for -1: [382b0250-a1aa-40f3-882d-cd7fb29de27f:192.168.5.182:40829, f3b156d7-7eb6-46eb-bb34-4a82b6f9f404:192.168.5.182:33815, 3d170688-536a-4a66-a9c9-289315ef27c2:192.168.5.182:32785], old=null
2019-09-20 00:05:12,696 [5f35e7da-28ae-4b25-a1a4-54a4278033f1@group-032B6602E80F:LeaderElection103] INFO  impl.LeaderElection (LeaderElection.java:askForVotes(182)) - 5f35e7da-28ae-4b25-a1a4-54a4278033f1@group-032B6602E80F:LeaderElection103: begin an election at term 5 for -1: [7d878657-54f8-4791-978a-386f775e0485:192.168.5.182:36462, 5f35e7da-28ae-4b25-a1a4-54a4278033f1:192.168.5.182:43639, 89de1964-3948-43a8-885a-142089a2f45f:192.168.5.182:39929], old=null
2019-09-20 00:05:12,696 [c63e7fee-7ebf-4ab3-a82c-403b5cf942fc@group-0BC4DF7BF4D9:LeaderElection108] INFO  impl.LeaderElection (LeaderElection.java:askForVotes(182)) - c63e7fee-7ebf-4ab3-a82c-403b5cf942fc@group-0BC4DF7BF4D9:LeaderElection108: begin an election at term 17 for 0: [8f58c883-e4ba-4cdd-8662-08249772462e:192.168.5.182:35458, c63e7fee-7ebf-4ab3-a82c-403b5cf942fc:192.168.5.182:40019, fd99f976-ef3a-47b0-8e0c-a462a244f82b:192.168.5.182:45540], old=null
2019-09-20 00:05:12,696 [3d170688-536a-4a66-a9c9-289315ef27c2@group-4DF5A04227EE:LeaderElection105] INFO  impl.LeaderElection (LeaderElection.java:askForVotes(182)) - 3d170688-536a-4a66-a9c9-289315ef27c2@group-4DF5A04227EE:LeaderElection105: begin an election at term 5 for -1: [382b0250-a1aa-40f3-882d-cd7fb29de27f:192.168.5.182:40829, f3b156d7-7eb6-46eb-bb34-4a82b6f9f404:192.168.5.182:33815, 3d170688-536a-4a66-a9c9-289315ef27c2:192.168.5.182:32785], old=null
2019-09-20 00:05:12,696 [89de1964-3948-43a8-885a-142089a2f45f@group-032B6602E80F:LeaderElection106] INFO  impl.LeaderElection (LeaderElection.java:askForVotes(182)) - 89de1964-3948-43a8-885a-142089a2f45f@group-032B6602E80F:LeaderElection106: begin an election at term 5 for -1: [7d878657-54f8-4791-978a-386f775e0485:192.168.5.182:36462, 5f35e7da-28ae-4b25-a1a4-54a4278033f1:192.168.5.182:43639, 89de1964-3948-43a8-885a-142089a2f45f:192.168.5.182:39929], old=null
2019-09-20 00:05:12,696 [f3b156d7-7eb6-46eb-bb34-4a82b6f9f404@group-4DF5A04227EE:LeaderElection109] INFO  impl.LeaderElection (LeaderElection.java:askForVotes(182)) - f3b156d7-7eb6-46eb-bb34-4a82b6f9f404@group-4DF5A04227EE:LeaderElection109: begin an election at term 5 for -1: [382b0250-a1aa-40f3-882d-cd7fb29de27f:192.168.5.182:40829, f3b156d7-7eb6-46eb-bb34-4a82b6f9f404:192.168.5.182:33815, 3d170688-536a-4a66-a9c9-289315ef27c2:192.168.5.182:32785], old=null
2019-09-20 00:05:12,703 [c63e7fee-7ebf-4ab3-a82c-403b5cf942fc@group-0BC4DF7BF4D9:LeaderElection108] INFO  impl.LeaderElection (LogUtils.java:infoOrTrace(149)) - c63e7fee-7ebf-4ab3-a82c-403b5cf942fc@group-0BC4DF7BF4D9:LeaderElection108 got exception when requesting votes: {}
java.util.concurrent.ExecutionException: org.apache.ratis.thirdparty.io.grpc.StatusRuntimeException: UNAVAILABLE: io exception
	at java.util.concurrent.FutureTask.report(FutureTask.java:122)
	at java.util.concurrent.FutureTask.get(FutureTask.java:192)
	at org.apache.ratis.server.impl.LeaderElection.waitForResults(LeaderElection.java:263)
	at org.apache.ratis.server.impl.LeaderElection.askForVotes(LeaderElection.java:201)
	at org.apache.ratis.server.impl.LeaderElection.run(LeaderElection.java:133)
	at java.lang.Thread.run(Thread.java:748)
Caused by: org.apache.ratis.thirdparty.io.grpc.StatusRuntimeException: UNAVAILABLE: io exception
	at org.apache.ratis.thirdparty.io.grpc.stub.ClientCalls.toStatusRuntimeException(ClientCalls.java:233)
	at org.apache.ratis.thirdparty.io.grpc.stub.ClientCalls.getUnchecked(ClientCalls.java:214)
	at org.apache.ratis.thirdparty.io.grpc.stub.ClientCalls.blockingUnaryCall(ClientCalls.java:139)
	at org.apache.ratis.proto.grpc.RaftServerProtocolServiceGrpc$RaftServerProtocolServiceBlockingStub.requestVote(RaftServerProtocolServiceGrpc.java:265)
	at org.apache.ratis.grpc.server.GrpcServerProtocolClient.requestVote(GrpcServerProtocolClient.java:90)
	at org.apache.ratis.grpc.server.GrpcService.requestVote(GrpcService.java:204)
	at org.apache.ratis.server.impl.LeaderElection.lambda$submitRequests$1(LeaderElection.java:238)
	at java.util.concurrent.FutureTask.run(FutureTask.java:266)
	at java.util.concurrent.Executors$RunnableAdapter.call(Executors.java:511)
	at java.util.concurrent.FutureTask.run(FutureTask.java:266)
	at java.util.concurrent.ThreadPoolExecutor.runWorker(ThreadPoolExecutor.java:1149)
	at java.util.concurrent.ThreadPoolExecutor$Worker.run(ThreadPoolExecutor.java:624)
	... 1 more
Caused by: org.apache.ratis.thirdparty.io.netty.channel.AbstractChannel$AnnotatedConnectException: Connection refused: /192.168.5.182:35458
	at sun.nio.ch.SocketChannelImpl.checkConnect(Native Method)
	at sun.nio.ch.SocketChannelImpl.finishConnect(SocketChannelImpl.java:717)
	at org.apache.ratis.thirdparty.io.netty.channel.socket.nio.NioSocketChannel.doFinishConnect(NioSocketChannel.java:327)
	at org.apache.ratis.thirdparty.io.netty.channel.nio.AbstractNioChannel$AbstractNioUnsafe.finishConnect(AbstractNioChannel.java:340)
	at org.apache.ratis.thirdparty.io.netty.channel.nio.NioEventLoop.processSelectedKey(NioEventLoop.java:632)
	at org.apache.ratis.thirdparty.io.netty.channel.nio.NioEventLoop.processSelectedKeysOptimized(NioEventLoop.java:579)
	at org.apache.ratis.thirdparty.io.netty.channel.nio.NioEventLoop.processSelectedKeys(NioEventLoop.java:496)
	at org.apache.ratis.thirdparty.io.netty.channel.nio.NioEventLoop.run(NioEventLoop.java:458)
	at org.apache.ratis.thirdparty.io.netty.util.concurrent.SingleThreadEventExecutor$5.run(SingleThreadEventExecutor.java:897)
	at org.apache.ratis.thirdparty.io.netty.util.concurrent.FastThreadLocalRunnable.run(FastThreadLocalRunnable.java:30)
	... 1 more
Caused by: java.net.ConnectException: Connection refused
	... 11 more
2019-09-20 00:05:12,716 [c63e7fee-7ebf-4ab3-a82c-403b5cf942fc@group-0BC4DF7BF4D9:LeaderElection108] INFO  impl.LeaderElection (LogUtils.java:infoOrTrace(149)) - c63e7fee-7ebf-4ab3-a82c-403b5cf942fc@group-0BC4DF7BF4D9:LeaderElection108 got exception when requesting votes: {}
java.util.concurrent.ExecutionException: org.apache.ratis.thirdparty.io.grpc.StatusRuntimeException: UNAVAILABLE: io exception
	at java.util.concurrent.FutureTask.report(FutureTask.java:122)
	at java.util.concurrent.FutureTask.get(FutureTask.java:192)
	at org.apache.ratis.server.impl.LeaderElection.waitForResults(LeaderElection.java:263)
	at org.apache.ratis.server.impl.LeaderElection.askForVotes(LeaderElection.java:201)
	at org.apache.ratis.server.impl.LeaderElection.run(LeaderElection.java:133)
	at java.lang.Thread.run(Thread.java:748)
Caused by: org.apache.ratis.thirdparty.io.grpc.StatusRuntimeException: UNAVAILABLE: io exception
	at org.apache.ratis.thirdparty.io.grpc.stub.ClientCalls.toStatusRuntimeException(ClientCalls.java:233)
	at org.apache.ratis.thirdparty.io.grpc.stub.ClientCalls.getUnchecked(ClientCalls.java:214)
	at org.apache.ratis.thirdparty.io.grpc.stub.ClientCalls.blockingUnaryCall(ClientCalls.java:139)
	at org.apache.ratis.proto.grpc.RaftServerProtocolServiceGrpc$RaftServerProtocolServiceBlockingStub.requestVote(RaftServerProtocolServiceGrpc.java:265)
	at org.apache.ratis.grpc.server.GrpcServerProtocolClient.requestVote(GrpcServerProtocolClient.java:90)
	at org.apache.ratis.grpc.server.GrpcService.requestVote(GrpcService.java:204)
	at org.apache.ratis.server.impl.LeaderElection.lambda$submitRequests$1(LeaderElection.java:238)
	at java.util.concurrent.FutureTask.run(FutureTask.java:266)
	at java.util.concurrent.Executors$RunnableAdapter.call(Executors.java:511)
	at java.util.concurrent.FutureTask.run(FutureTask.java:266)
	at java.util.concurrent.ThreadPoolExecutor.runWorker(ThreadPoolExecutor.java:1149)
	at java.util.concurrent.ThreadPoolExecutor$Worker.run(ThreadPoolExecutor.java:624)
	... 1 more
Caused by: org.apache.ratis.thirdparty.io.netty.channel.AbstractChannel$AnnotatedConnectException: Connection refused: /192.168.5.182:45540
	at sun.nio.ch.SocketChannelImpl.checkConnect(Native Method)
	at sun.nio.ch.SocketChannelImpl.finishConnect(SocketChannelImpl.java:717)
	at org.apache.ratis.thirdparty.io.netty.channel.socket.nio.NioSocketChannel.doFinishConnect(NioSocketChannel.java:327)
	at org.apache.ratis.thirdparty.io.netty.channel.nio.AbstractNioChannel$AbstractNioUnsafe.finishConnect(AbstractNioChannel.java:340)
	at org.apache.ratis.thirdparty.io.netty.channel.nio.NioEventLoop.processSelectedKey(NioEventLoop.java:632)
	at org.apache.ratis.thirdparty.io.netty.channel.nio.NioEventLoop.processSelectedKeysOptimized(NioEventLoop.java:579)
	at org.apache.ratis.thirdparty.io.netty.channel.nio.NioEventLoop.processSelectedKeys(NioEventLoop.java:496)
	at org.apache.ratis.thirdparty.io.netty.channel.nio.NioEventLoop.run(NioEventLoop.java:458)
	at org.apache.ratis.thirdparty.io.netty.util.concurrent.SingleThreadEventExecutor$5.run(SingleThreadEventExecutor.java:897)
	at org.apache.ratis.thirdparty.io.netty.util.concurrent.FastThreadLocalRunnable.run(FastThreadLocalRunnable.java:30)
	... 1 more
Caused by: java.net.ConnectException: Connection refused
	... 11 more
2019-09-20 00:05:12,721 [c63e7fee-7ebf-4ab3-a82c-403b5cf942fc@group-0BC4DF7BF4D9:LeaderElection108] INFO  impl.LeaderElection (LeaderElection.java:logAndReturn(56)) - c63e7fee-7ebf-4ab3-a82c-403b5cf942fc@group-0BC4DF7BF4D9:LeaderElection108: Election REJECTED; received 0 response(s) [] and 2 exception(s); c63e7fee-7ebf-4ab3-a82c-403b5cf942fc@group-0BC4DF7BF4D9:t17, leader=null, voted=c63e7fee-7ebf-4ab3-a82c-403b5cf942fc, raftlog=c63e7fee-7ebf-4ab3-a82c-403b5cf942fc@group-0BC4DF7BF4D9-SegmentedRaftLog:OPENED:c2,f2,i2, conf=0: [8f58c883-e4ba-4cdd-8662-08249772462e:192.168.5.182:35458, c63e7fee-7ebf-4ab3-a82c-403b5cf942fc:192.168.5.182:40019, fd99f976-ef3a-47b0-8e0c-a462a244f82b:192.168.5.182:45540], old=null
2019-09-20 00:05:12,721 [c63e7fee-7ebf-4ab3-a82c-403b5cf942fc@group-0BC4DF7BF4D9:LeaderElection108] INFO  impl.LeaderElection (LogUtils.java:infoOrTrace(149)) -   Exception 0: {}
java.util.concurrent.ExecutionException: org.apache.ratis.thirdparty.io.grpc.StatusRuntimeException: UNAVAILABLE: io exception
	at java.util.concurrent.FutureTask.report(FutureTask.java:122)
	at java.util.concurrent.FutureTask.get(FutureTask.java:192)
	at org.apache.ratis.server.impl.LeaderElection.waitForResults(LeaderElection.java:263)
	at org.apache.ratis.server.impl.LeaderElection.askForVotes(LeaderElection.java:201)
	at org.apache.ratis.server.impl.LeaderElection.run(LeaderElection.java:133)
	at java.lang.Thread.run(Thread.java:748)
Caused by: org.apache.ratis.thirdparty.io.grpc.StatusRuntimeException: UNAVAILABLE: io exception
	at org.apache.ratis.thirdparty.io.grpc.stub.ClientCalls.toStatusRuntimeException(ClientCalls.java:233)
	at org.apache.ratis.thirdparty.io.grpc.stub.ClientCalls.getUnchecked(ClientCalls.java:214)
	at org.apache.ratis.thirdparty.io.grpc.stub.ClientCalls.blockingUnaryCall(ClientCalls.java:139)
	at org.apache.ratis.proto.grpc.RaftServerProtocolServiceGrpc$RaftServerProtocolServiceBlockingStub.requestVote(RaftServerProtocolServiceGrpc.java:265)
	at org.apache.ratis.grpc.server.GrpcServerProtocolClient.requestVote(GrpcServerProtocolClient.java:90)
	at org.apache.ratis.grpc.server.GrpcService.requestVote(GrpcService.java:204)
	at org.apache.ratis.server.impl.LeaderElection.lambda$submitRequests$1(LeaderElection.java:238)
	at java.util.concurrent.FutureTask.run(FutureTask.java:266)
	at java.util.concurrent.Executors$RunnableAdapter.call(Executors.java:511)
	at java.util.concurrent.FutureTask.run(FutureTask.java:266)
	at java.util.concurrent.ThreadPoolExecutor.runWorker(ThreadPoolExecutor.java:1149)
	at java.util.concurrent.ThreadPoolExecutor$Worker.run(ThreadPoolExecutor.java:624)
	... 1 more
Caused by: org.apache.ratis.thirdparty.io.netty.channel.AbstractChannel$AnnotatedConnectException: Connection refused: /192.168.5.182:35458
	at sun.nio.ch.SocketChannelImpl.checkConnect(Native Method)
	at sun.nio.ch.SocketChannelImpl.finishConnect(SocketChannelImpl.java:717)
	at org.apache.ratis.thirdparty.io.netty.channel.socket.nio.NioSocketChannel.doFinishConnect(NioSocketChannel.java:327)
	at org.apache.ratis.thirdparty.io.netty.channel.nio.AbstractNioChannel$AbstractNioUnsafe.finishConnect(AbstractNioChannel.java:340)
	at org.apache.ratis.thirdparty.io.netty.channel.nio.NioEventLoop.processSelectedKey(NioEventLoop.java:632)
	at org.apache.ratis.thirdparty.io.netty.channel.nio.NioEventLoop.processSelectedKeysOptimized(NioEventLoop.java:579)
	at org.apache.ratis.thirdparty.io.netty.channel.nio.NioEventLoop.processSelectedKeys(NioEventLoop.java:496)
	at org.apache.ratis.thirdparty.io.netty.channel.nio.NioEventLoop.run(NioEventLoop.java:458)
	at org.apache.ratis.thirdparty.io.netty.util.concurrent.SingleThreadEventExecutor$5.run(SingleThreadEventExecutor.java:897)
	at org.apache.ratis.thirdparty.io.netty.util.concurrent.FastThreadLocalRunnable.run(FastThreadLocalRunnable.java:30)
	... 1 more
Caused by: java.net.ConnectException: Connection refused
	... 11 more
2019-09-20 00:05:12,721 [c63e7fee-7ebf-4ab3-a82c-403b5cf942fc@group-0BC4DF7BF4D9:LeaderElection108] INFO  impl.LeaderElection (LogUtils.java:infoOrTrace(149)) -   Exception 1: {}
java.util.concurrent.ExecutionException: org.apache.ratis.thirdparty.io.grpc.StatusRuntimeException: UNAVAILABLE: io exception
	at java.util.concurrent.FutureTask.report(FutureTask.java:122)
	at java.util.concurrent.FutureTask.get(FutureTask.java:192)
	at org.apache.ratis.server.impl.LeaderElection.waitForResults(LeaderElection.java:263)
	at org.apache.ratis.server.impl.LeaderElection.askForVotes(LeaderElection.java:201)
	at org.apache.ratis.server.impl.LeaderElection.run(LeaderElection.java:133)
	at java.lang.Thread.run(Thread.java:748)
Caused by: org.apache.ratis.thirdparty.io.grpc.StatusRuntimeException: UNAVAILABLE: io exception
	at org.apache.ratis.thirdparty.io.grpc.stub.ClientCalls.toStatusRuntimeException(ClientCalls.java:233)
	at org.apache.ratis.thirdparty.io.grpc.stub.ClientCalls.getUnchecked(ClientCalls.java:214)
	at org.apache.ratis.thirdparty.io.grpc.stub.ClientCalls.blockingUnaryCall(ClientCalls.java:139)
	at org.apache.ratis.proto.grpc.RaftServerProtocolServiceGrpc$RaftServerProtocolServiceBlockingStub.requestVote(RaftServerProtocolServiceGrpc.java:265)
	at org.apache.ratis.grpc.server.GrpcServerProtocolClient.requestVote(GrpcServerProtocolClient.java:90)
	at org.apache.ratis.grpc.server.GrpcService.requestVote(GrpcService.java:204)
	at org.apache.ratis.server.impl.LeaderElection.lambda$submitRequests$1(LeaderElection.java:238)
	at java.util.concurrent.FutureTask.run(FutureTask.java:266)
	at java.util.concurrent.Executors$RunnableAdapter.call(Executors.java:511)
	at java.util.concurrent.FutureTask.run(FutureTask.java:266)
	at java.util.concurrent.ThreadPoolExecutor.runWorker(ThreadPoolExecutor.java:1149)
	at java.util.concurrent.ThreadPoolExecutor$Worker.run(ThreadPoolExecutor.java:624)
	... 1 more
Caused by: org.apache.ratis.thirdparty.io.netty.channel.AbstractChannel$AnnotatedConnectException: Connection refused: /192.168.5.182:45540
	at sun.nio.ch.SocketChannelImpl.checkConnect(Native Method)
	at sun.nio.ch.SocketChannelImpl.finishConnect(SocketChannelImpl.java:717)
	at org.apache.ratis.thirdparty.io.netty.channel.socket.nio.NioSocketChannel.doFinishConnect(NioSocketChannel.java:327)
	at org.apache.ratis.thirdparty.io.netty.channel.nio.AbstractNioChannel$AbstractNioUnsafe.finishConnect(AbstractNioChannel.java:340)
	at org.apache.ratis.thirdparty.io.netty.channel.nio.NioEventLoop.processSelectedKey(NioEventLoop.java:632)
	at org.apache.ratis.thirdparty.io.netty.channel.nio.NioEventLoop.processSelectedKeysOptimized(NioEventLoop.java:579)
	at org.apache.ratis.thirdparty.io.netty.channel.nio.NioEventLoop.processSelectedKeys(NioEventLoop.java:496)
	at org.apache.ratis.thirdparty.io.netty.channel.nio.NioEventLoop.run(NioEventLoop.java:458)
	at org.apache.ratis.thirdparty.io.netty.util.concurrent.SingleThreadEventExecutor$5.run(SingleThreadEventExecutor.java:897)
	at org.apache.ratis.thirdparty.io.netty.util.concurrent.FastThreadLocalRunnable.run(FastThreadLocalRunnable.java:30)
	... 1 more
Caused by: java.net.ConnectException: Connection refused
	... 11 more
2019-09-20 00:05:12,722 [c63e7fee-7ebf-4ab3-a82c-403b5cf942fc@group-0BC4DF7BF4D9:LeaderElection108] INFO  impl.RaftServerImpl (RaftServerImpl.java:setRole(174)) - c63e7fee-7ebf-4ab3-a82c-403b5cf942fc@group-0BC4DF7BF4D9: changes role from CANDIDATE to FOLLOWER at term 17 for DISCOVERED_A_NEW_TERM
2019-09-20 00:05:12,722 [c63e7fee-7ebf-4ab3-a82c-403b5cf942fc@group-0BC4DF7BF4D9:LeaderElection108] INFO  impl.RoleInfo (RoleInfo.java:shutdownLeaderElection(134)) - c63e7fee-7ebf-4ab3-a82c-403b5cf942fc: shutdown LeaderElection
2019-09-20 00:05:12,722 [c63e7fee-7ebf-4ab3-a82c-403b5cf942fc@group-0BC4DF7BF4D9:LeaderElection108] INFO  impl.RoleInfo (RoleInfo.java:updateAndGet(143)) - c63e7fee-7ebf-4ab3-a82c-403b5cf942fc: start FollowerState
2019-09-20 00:05:12,723 [382b0250-a1aa-40f3-882d-cd7fb29de27f@group-4DF5A04227EE:LeaderElection104] INFO  impl.LeaderElection (LeaderElection.java:logAndReturn(56)) - 382b0250-a1aa-40f3-882d-cd7fb29de27f@group-4DF5A04227EE:LeaderElection104: Election REJECTED; received 2 response(s) [382b0250-a1aa-40f3-882d-cd7fb29de27f<-f3b156d7-7eb6-46eb-bb34-4a82b6f9f404#0:FAIL-t5, 382b0250-a1aa-40f3-882d-cd7fb29de27f<-3d170688-536a-4a66-a9c9-289315ef27c2#0:FAIL-t5] and 0 exception(s); 382b0250-a1aa-40f3-882d-cd7fb29de27f@group-4DF5A04227EE:t5, leader=null, voted=382b0250-a1aa-40f3-882d-cd7fb29de27f, raftlog=382b0250-a1aa-40f3-882d-cd7fb29de27f@group-4DF5A04227EE-SegmentedRaftLog:OPENED:c-1,f-1,i0, conf=-1: [382b0250-a1aa-40f3-882d-cd7fb29de27f:192.168.5.182:40829, f3b156d7-7eb6-46eb-bb34-4a82b6f9f404:192.168.5.182:33815, 3d170688-536a-4a66-a9c9-289315ef27c2:192.168.5.182:32785], old=null
2019-09-20 00:05:12,723 [5f35e7da-28ae-4b25-a1a4-54a4278033f1@group-032B6602E80F:LeaderElection103] INFO  impl.LeaderElection (LeaderElection.java:logAndReturn(56)) - 5f35e7da-28ae-4b25-a1a4-54a4278033f1@group-032B6602E80F:LeaderElection103: Election REJECTED; received 2 response(s) [5f35e7da-28ae-4b25-a1a4-54a4278033f1<-7d878657-54f8-4791-978a-386f775e0485#0:FAIL-t5, 5f35e7da-28ae-4b25-a1a4-54a4278033f1<-89de1964-3948-43a8-885a-142089a2f45f#0:FAIL-t5] and 0 exception(s); 5f35e7da-28ae-4b25-a1a4-54a4278033f1@group-032B6602E80F:t5, leader=null, voted=5f35e7da-28ae-4b25-a1a4-54a4278033f1, raftlog=5f35e7da-28ae-4b25-a1a4-54a4278033f1@group-032B6602E80F-SegmentedRaftLog:OPENED:c-1,f-1,i0, conf=-1: [7d878657-54f8-4791-978a-386f775e0485:192.168.5.182:36462, 5f35e7da-28ae-4b25-a1a4-54a4278033f1:192.168.5.182:43639, 89de1964-3948-43a8-885a-142089a2f45f:192.168.5.182:39929], old=null
2019-09-20 00:05:12,727 [382b0250-a1aa-40f3-882d-cd7fb29de27f@group-4DF5A04227EE:LeaderElection104] INFO  impl.RaftServerImpl (RaftServerImpl.java:setRole(174)) - 382b0250-a1aa-40f3-882d-cd7fb29de27f@group-4DF5A04227EE: changes role from CANDIDATE to FOLLOWER at term 5 for DISCOVERED_A_NEW_TERM
2019-09-20 00:05:12,731 [382b0250-a1aa-40f3-882d-cd7fb29de27f@group-4DF5A04227EE:LeaderElection104] INFO  impl.RoleInfo (RoleInfo.java:shutdownLeaderElection(134)) - 382b0250-a1aa-40f3-882d-cd7fb29de27f: shutdown LeaderElection
2019-09-20 00:05:12,730 [5f35e7da-28ae-4b25-a1a4-54a4278033f1@group-032B6602E80F:LeaderElection103] INFO  impl.RaftServerImpl (RaftServerImpl.java:setRole(174)) - 5f35e7da-28ae-4b25-a1a4-54a4278033f1@group-032B6602E80F: changes role from CANDIDATE to FOLLOWER at term 5 for DISCOVERED_A_NEW_TERM
2019-09-20 00:05:12,734 [382b0250-a1aa-40f3-882d-cd7fb29de27f@group-4DF5A04227EE:LeaderElection104] INFO  impl.RoleInfo (RoleInfo.java:updateAndGet(143)) - 382b0250-a1aa-40f3-882d-cd7fb29de27f: start FollowerState
2019-09-20 00:05:12,731 [f3b156d7-7eb6-46eb-bb34-4a82b6f9f404@group-4DF5A04227EE:LeaderElection109] INFO  impl.LeaderElection (LeaderElection.java:logAndReturn(56)) - f3b156d7-7eb6-46eb-bb34-4a82b6f9f404@group-4DF5A04227EE:LeaderElection109: Election REJECTED; received 2 response(s) [f3b156d7-7eb6-46eb-bb34-4a82b6f9f404<-382b0250-a1aa-40f3-882d-cd7fb29de27f#0:FAIL-t5, f3b156d7-7eb6-46eb-bb34-4a82b6f9f404<-3d170688-536a-4a66-a9c9-289315ef27c2#0:FAIL-t5] and 0 exception(s); f3b156d7-7eb6-46eb-bb34-4a82b6f9f404@group-4DF5A04227EE:t5, leader=null, voted=f3b156d7-7eb6-46eb-bb34-4a82b6f9f404, raftlog=f3b156d7-7eb6-46eb-bb34-4a82b6f9f404@group-4DF5A04227EE-SegmentedRaftLog:OPENED:c-1,f-1,i0, conf=-1: [382b0250-a1aa-40f3-882d-cd7fb29de27f:192.168.5.182:40829, f3b156d7-7eb6-46eb-bb34-4a82b6f9f404:192.168.5.182:33815, 3d170688-536a-4a66-a9c9-289315ef27c2:192.168.5.182:32785], old=null
2019-09-20 00:05:12,734 [7d878657-54f8-4791-978a-386f775e0485@group-032B6602E80F:LeaderElection107] INFO  impl.LeaderElection (LeaderElection.java:logAndReturn(56)) - 7d878657-54f8-4791-978a-386f775e0485@group-032B6602E80F:LeaderElection107: Election REJECTED; received 2 response(s) [7d878657-54f8-4791-978a-386f775e0485<-5f35e7da-28ae-4b25-a1a4-54a4278033f1#0:FAIL-t5, 7d878657-54f8-4791-978a-386f775e0485<-89de1964-3948-43a8-885a-142089a2f45f#0:FAIL-t5] and 0 exception(s); 7d878657-54f8-4791-978a-386f775e0485@group-032B6602E80F:t5, leader=null, voted=7d878657-54f8-4791-978a-386f775e0485, raftlog=7d878657-54f8-4791-978a-386f775e0485@group-032B6602E80F-SegmentedRaftLog:OPENED:c-1,f-1,i0, conf=-1: [7d878657-54f8-4791-978a-386f775e0485:192.168.5.182:36462, 5f35e7da-28ae-4b25-a1a4-54a4278033f1:192.168.5.182:43639, 89de1964-3948-43a8-885a-142089a2f45f:192.168.5.182:39929], old=null
2019-09-20 00:05:12,734 [89de1964-3948-43a8-885a-142089a2f45f@group-032B6602E80F:LeaderElection106] INFO  impl.LeaderElection (LeaderElection.java:logAndReturn(56)) - 89de1964-3948-43a8-885a-142089a2f45f@group-032B6602E80F:LeaderElection106: Election REJECTED; received 2 response(s) [89de1964-3948-43a8-885a-142089a2f45f<-7d878657-54f8-4791-978a-386f775e0485#0:FAIL-t5, 89de1964-3948-43a8-885a-142089a2f45f<-5f35e7da-28ae-4b25-a1a4-54a4278033f1#0:FAIL-t5] and 0 exception(s); 89de1964-3948-43a8-885a-142089a2f45f@group-032B6602E80F:t5, leader=null, voted=89de1964-3948-43a8-885a-142089a2f45f, raftlog=89de1964-3948-43a8-885a-142089a2f45f@group-032B6602E80F-SegmentedRaftLog:OPENED:c-1,f-1,i0, conf=-1: [7d878657-54f8-4791-978a-386f775e0485:192.168.5.182:36462, 5f35e7da-28ae-4b25-a1a4-54a4278033f1:192.168.5.182:43639, 89de1964-3948-43a8-885a-142089a2f45f:192.168.5.182:39929], old=null
2019-09-20 00:05:12,734 [5f35e7da-28ae-4b25-a1a4-54a4278033f1@group-032B6602E80F:LeaderElection103] INFO  impl.RoleInfo (RoleInfo.java:shutdownLeaderElection(134)) - 5f35e7da-28ae-4b25-a1a4-54a4278033f1: shutdown LeaderElection
2019-09-20 00:05:12,738 [7d878657-54f8-4791-978a-386f775e0485@group-032B6602E80F:LeaderElection107] INFO  impl.RaftServerImpl (RaftServerImpl.java:setRole(174)) - 7d878657-54f8-4791-978a-386f775e0485@group-032B6602E80F: changes role from CANDIDATE to FOLLOWER at term 5 for DISCOVERED_A_NEW_TERM
2019-09-20 00:05:12,734 [f3b156d7-7eb6-46eb-bb34-4a82b6f9f404@group-4DF5A04227EE:LeaderElection109] INFO  impl.RaftServerImpl (RaftServerImpl.java:setRole(174)) - f3b156d7-7eb6-46eb-bb34-4a82b6f9f404@group-4DF5A04227EE: changes role from CANDIDATE to FOLLOWER at term 5 for DISCOVERED_A_NEW_TERM
2019-09-20 00:05:12,760 [7d878657-54f8-4791-978a-386f775e0485@group-032B6602E80F:LeaderElection107] INFO  impl.RoleInfo (RoleInfo.java:shutdownLeaderElection(134)) - 7d878657-54f8-4791-978a-386f775e0485: shutdown LeaderElection
2019-09-20 00:05:12,738 [3d170688-536a-4a66-a9c9-289315ef27c2@group-4DF5A04227EE:LeaderElection105] INFO  impl.LeaderElection (LeaderElection.java:logAndReturn(56)) - 3d170688-536a-4a66-a9c9-289315ef27c2@group-4DF5A04227EE:LeaderElection105: Election REJECTED; received 2 response(s) [3d170688-536a-4a66-a9c9-289315ef27c2<-382b0250-a1aa-40f3-882d-cd7fb29de27f#0:FAIL-t5, 3d170688-536a-4a66-a9c9-289315ef27c2<-f3b156d7-7eb6-46eb-bb34-4a82b6f9f404#0:FAIL-t5] and 0 exception(s); 3d170688-536a-4a66-a9c9-289315ef27c2@group-4DF5A04227EE:t5, leader=null, voted=3d170688-536a-4a66-a9c9-289315ef27c2, raftlog=3d170688-536a-4a66-a9c9-289315ef27c2@group-4DF5A04227EE-SegmentedRaftLog:OPENED:c-1,f-1,i0, conf=-1: [382b0250-a1aa-40f3-882d-cd7fb29de27f:192.168.5.182:40829, f3b156d7-7eb6-46eb-bb34-4a82b6f9f404:192.168.5.182:33815, 3d170688-536a-4a66-a9c9-289315ef27c2:192.168.5.182:32785], old=null
2019-09-20 00:05:12,760 [5f35e7da-28ae-4b25-a1a4-54a4278033f1@group-032B6602E80F:LeaderElection103] INFO  impl.RoleInfo (RoleInfo.java:updateAndGet(143)) - 5f35e7da-28ae-4b25-a1a4-54a4278033f1: start FollowerState
2019-09-20 00:05:12,761 [3d170688-536a-4a66-a9c9-289315ef27c2@group-4DF5A04227EE:LeaderElection105] INFO  impl.RaftServerImpl (RaftServerImpl.java:setRole(174)) - 3d170688-536a-4a66-a9c9-289315ef27c2@group-4DF5A04227EE: changes role from CANDIDATE to FOLLOWER at term 5 for DISCOVERED_A_NEW_TERM
2019-09-20 00:05:12,761 [7d878657-54f8-4791-978a-386f775e0485@group-032B6602E80F:LeaderElection107] INFO  impl.RoleInfo (RoleInfo.java:updateAndGet(143)) - 7d878657-54f8-4791-978a-386f775e0485: start FollowerState
2019-09-20 00:05:12,760 [89de1964-3948-43a8-885a-142089a2f45f@group-032B6602E80F:LeaderElection106] INFO  impl.RaftServerImpl (RaftServerImpl.java:setRole(174)) - 89de1964-3948-43a8-885a-142089a2f45f@group-032B6602E80F: changes role from CANDIDATE to FOLLOWER at term 5 for DISCOVERED_A_NEW_TERM
2019-09-20 00:05:12,760 [f3b156d7-7eb6-46eb-bb34-4a82b6f9f404@group-4DF5A04227EE:LeaderElection109] INFO  impl.RoleInfo (RoleInfo.java:shutdownLeaderElection(134)) - f3b156d7-7eb6-46eb-bb34-4a82b6f9f404: shutdown LeaderElection
2019-09-20 00:05:12,761 [89de1964-3948-43a8-885a-142089a2f45f@group-032B6602E80F:LeaderElection106] INFO  impl.RoleInfo (RoleInfo.java:shutdownLeaderElection(134)) - 89de1964-3948-43a8-885a-142089a2f45f: shutdown LeaderElection
2019-09-20 00:05:12,761 [3d170688-536a-4a66-a9c9-289315ef27c2@group-4DF5A04227EE:LeaderElection105] INFO  impl.RoleInfo (RoleInfo.java:shutdownLeaderElection(134)) - 3d170688-536a-4a66-a9c9-289315ef27c2: shutdown LeaderElection
2019-09-20 00:05:12,762 [89de1964-3948-43a8-885a-142089a2f45f@group-032B6602E80F:LeaderElection106] INFO  impl.RoleInfo (RoleInfo.java:updateAndGet(143)) - 89de1964-3948-43a8-885a-142089a2f45f: start FollowerState
2019-09-20 00:05:12,761 [f3b156d7-7eb6-46eb-bb34-4a82b6f9f404@group-4DF5A04227EE:LeaderElection109] INFO  impl.RoleInfo (RoleInfo.java:updateAndGet(143)) - f3b156d7-7eb6-46eb-bb34-4a82b6f9f404: start FollowerState
2019-09-20 00:05:12,762 [3d170688-536a-4a66-a9c9-289315ef27c2@group-4DF5A04227EE:LeaderElection105] INFO  impl.RoleInfo (RoleInfo.java:updateAndGet(143)) - 3d170688-536a-4a66-a9c9-289315ef27c2: start FollowerState
2019-09-20 00:05:15,159 [main] INFO  net.NodeSchemaLoader (NodeSchemaLoader.java:loadSchemaFromFile(125)) - Loading file from sun.misc.CompoundEnumeration@13cc0b90
2019-09-20 00:05:15,177 [main] INFO  net.NodeSchemaLoader (NodeSchemaLoader.java:loadSchema(171)) - Loading network topology layer schema file
2019-09-20 00:05:15,182 [main] WARN  server.ServerUtils (ServerUtils.java:sanitizeUserArgs(70)) - ozone.scm.stale.node.interval value = 300000 is larger than max = 100000 based on the key value of ozone.scm.heartbeat.thread.interval, reset to the max value 100000.
2019-09-20 00:05:15,182 [main] WARN  server.ServerUtils (ServerUtils.java:sanitizeUserArgs(70)) - ozone.scm.stale.node.interval value = 300000 is larger than max = 100000 based on the key value of ozone.scm.heartbeat.thread.interval, reset to the max value 100000.
2019-09-20 00:05:15,182 [main] INFO  node.SCMNodeManager (SCMNodeManager.java:<init>(114)) - Entering startup safe mode.
2019-09-20 00:05:15,184 [main] INFO  algorithms.ContainerPlacementPolicyFactory (ContainerPlacementPolicyFactory.java:getPolicy(57)) - Create container placement policy of type org.apache.hadoop.hdds.scm.container.placement.algorithms.SCMContainerPlacementRandom
2019-09-20 00:05:15,184 [main] WARN  server.ServerUtils (ServerUtils.java:getScmDbDir(145)) - ozone.scm.db.dirs is not configured. We recommend adding this setting. Falling back to ozone.metadata.dirs instead.
2019-09-20 00:05:15,303 [main] INFO  pipeline.SCMPipelineManager (SCMPipelineManager.java:initializePipelineState(132)) - No pipeline exists in current db
2019-09-20 00:05:15,304 [main] WARN  server.ServerUtils (ServerUtils.java:getScmDbDir(145)) - ozone.scm.db.dirs is not configured. We recommend adding this setting. Falling back to ozone.metadata.dirs instead.
2019-09-20 00:05:15,617 [main] WARN  events.EventQueue (EventQueue.java:fireEvent(183)) - No event handler registered for event TypedEvent{payloadType=SafeModeStatus, name='SafeModeStatus'}
2019-09-20 00:05:15,619 [main] INFO  ipc.CallQueueManager (CallQueueManager.java:<init>(84)) - Using callQueue: class java.util.concurrent.LinkedBlockingQueue, queueCapacity: 2000, scheduler: class org.apache.hadoop.ipc.DefaultRpcScheduler, ipcBackoff: false.
2019-09-20 00:05:15,620 [Socket Reader #1 for port 35932] INFO  ipc.Server (Server.java:run(1074)) - Starting Socket Reader #1 for port 35932
2019-09-20 00:05:15,629 [main] INFO  ipc.CallQueueManager (CallQueueManager.java:<init>(84)) - Using callQueue: class java.util.concurrent.LinkedBlockingQueue, queueCapacity: 2000, scheduler: class org.apache.hadoop.ipc.DefaultRpcScheduler, ipcBackoff: false.
2019-09-20 00:05:15,630 [Socket Reader #1 for port 44132] INFO  ipc.Server (Server.java:run(1074)) - Starting Socket Reader #1 for port 44132
2019-09-20 00:05:15,637 [main] INFO  ipc.CallQueueManager (CallQueueManager.java:<init>(84)) - Using callQueue: class java.util.concurrent.LinkedBlockingQueue, queueCapacity: 2000, scheduler: class org.apache.hadoop.ipc.DefaultRpcScheduler, ipcBackoff: false.
2019-09-20 00:05:15,637 [Socket Reader #1 for port 46366] INFO  ipc.Server (Server.java:run(1074)) - Starting Socket Reader #1 for port 46366
2019-09-20 00:05:15,645 [main] INFO  hdfs.DFSUtil (DFSUtil.java:httpServerTemplateForNNAndJN(1641)) - Starting Web-server for scm at: http://0.0.0.0:0
2019-09-20 00:05:15,648 [main] INFO  server.AuthenticationFilter (AuthenticationFilter.java:constructSecretProvider(240)) - Unable to initialize FileSignerSecretProvider, falling back to use random secrets.
2019-09-20 00:05:15,648 [main] WARN  http.HttpRequestLog (HttpRequestLog.java:getRequestLog(97)) - Jetty request log can only be enabled using Log4j
2019-09-20 00:05:15,651 [main] INFO  http.HttpServer2 (HttpServer2.java:addGlobalFilter(975)) - Added global filter 'safety' (class=org.apache.hadoop.http.HttpServer2$QuotingInputFilter)
2019-09-20 00:05:15,652 [main] INFO  http.HttpServer2 (HttpServer2.java:addFilter(948)) - Added filter static_user_filter (class=org.apache.hadoop.http.lib.StaticUserWebFilter$StaticUserFilter) to context scm
2019-09-20 00:05:15,652 [main] INFO  http.HttpServer2 (HttpServer2.java:addFilter(958)) - Added filter static_user_filter (class=org.apache.hadoop.http.lib.StaticUserWebFilter$StaticUserFilter) to context logs
2019-09-20 00:05:15,652 [main] INFO  http.HttpServer2 (HttpServer2.java:addFilter(958)) - Added filter static_user_filter (class=org.apache.hadoop.http.lib.StaticUserWebFilter$StaticUserFilter) to context static
2019-09-20 00:05:15,657 [main] INFO  server.StorageContainerManager (StorageContainerManager.java:start(770)) - StorageContainerLocationProtocol RPC server is listening at /0.0.0.0:46366
2019-09-20 00:05:15,658 [main] INFO  impl.MetricsSystemImpl (MetricsSystemImpl.java:init(158)) - StorageContainerManager metrics system started (again)
2019-09-20 00:05:15,711 [main] INFO  server.SCMClientProtocolServer (SCMClientProtocolServer.java:start(151)) - RPC server for Client  is listening at /0.0.0.0:46366
2019-09-20 00:05:15,711 [IPC Server Responder] INFO  ipc.Server (Server.java:run(1314)) - IPC Server Responder: starting
2019-09-20 00:05:15,711 [IPC Server listener on 46366] INFO  ipc.Server (Server.java:run(1153)) - IPC Server listener on 46366: starting
2019-09-20 00:05:15,748 [main] INFO  server.StorageContainerManager (StorageContainerManager.java:start(780)) - ScmBlockLocationProtocol RPC server is listening at /0.0.0.0:44132
2019-09-20 00:05:15,749 [main] INFO  server.SCMBlockProtocolServer (SCMBlockProtocolServer.java:start(146)) - RPC server for Block Protocol is listening at /0.0.0.0:44132
2019-09-20 00:05:15,749 [IPC Server Responder] INFO  ipc.Server (Server.java:run(1314)) - IPC Server Responder: starting
2019-09-20 00:05:15,749 [IPC Server listener on 44132] INFO  ipc.Server (Server.java:run(1153)) - IPC Server listener on 44132: starting
2019-09-20 00:05:15,759 [main] INFO  server.StorageContainerManager (StorageContainerManager.java:start(784)) - ScmDatanodeProtocl RPC server is listening at /0.0.0.0:35932
2019-09-20 00:05:15,759 [main] INFO  server.SCMDatanodeProtocolServer (SCMDatanodeProtocolServer.java:start(191)) - RPC server for DataNodes is listening at /0.0.0.0:35932
2019-09-20 00:05:15,760 [IPC Server Responder] INFO  ipc.Server (Server.java:run(1314)) - IPC Server Responder: starting
2019-09-20 00:05:15,760 [IPC Server listener on 35932] INFO  ipc.Server (Server.java:run(1153)) - IPC Server listener on 35932: starting
2019-09-20 00:05:15,767 [main] INFO  http.HttpServer2 (HttpServer2.java:bindListener(1191)) - Jetty bound to port 33921
2019-09-20 00:05:15,768 [main] INFO  server.Server (Server.java:doStart(351)) - jetty-9.3.24.v20180605, build timestamp: 2018-06-05T17:11:56Z, git hash: 84205aa28f11a4f31f2a3b86d1bba2cc8ab69827
2019-09-20 00:05:15,770 [main] INFO  handler.ContextHandler (ContextHandler.java:doStart(781)) - Started o.e.j.s.ServletContextHandler@280fafd{/logs,file:///workdir/hadoop-ozone/integration-test/target/log,AVAILABLE}
2019-09-20 00:05:15,770 [main] INFO  handler.ContextHandler (ContextHandler.java:doStart(781)) - Started o.e.j.s.ServletContextHandler@14b275bd{/static,file:///workdir/hadoop-ozone/integration-test/target/test-classes/webapps/static,AVAILABLE}
2019-09-20 00:05:15,775 [main] INFO  handler.ContextHandler (ContextHandler.java:doStart(781)) - Started o.e.j.w.WebAppContext@7971c2a9{/,file:///workdir/hadoop-ozone/integration-test/target/test-classes/webapps/scm/,AVAILABLE}{/scm}
2019-09-20 00:05:15,776 [main] INFO  server.AbstractConnector (AbstractConnector.java:doStart(278)) - Started ServerConnector@2fd39436{HTTP/1.1,[http/1.1]}{0.0.0.0:33921}
2019-09-20 00:05:15,781 [main] INFO  server.Server (Server.java:doStart(419)) - Started @299540ms
2019-09-20 00:05:15,782 [main] WARN  impl.MetricsSystemImpl (MetricsSystemImpl.java:register(276)) - Sink prometheus already exists!
2019-09-20 00:05:15,782 [main] INFO  server.BaseHttpServer (BaseHttpServer.java:updateConnectorAddress(215)) - HTTP server of SCM is listening at http://0.0.0.0:33921
2019-09-20 00:05:15,783 [main] WARN  server.ServerUtils (ServerUtils.java:getDBPath(222)) - ozone.om.db.dirs is not configured. We recommend adding this setting. Falling back to ozone.metadata.dirs instead.
2019-09-20 00:05:15,788 [org.apache.hadoop.util.JvmPauseMonitor$Monitor@46394f65] INFO  util.JvmPauseMonitor (JvmPauseMonitor.java:run(188)) - Starting JVM pause monitor
2019-09-20 00:05:16,017 [main] WARN  server.ServerUtils (ServerUtils.java:getDBPath(222)) - ozone.om.db.dirs is not configured. We recommend adding this setting. Falling back to ozone.metadata.dirs instead.
2019-09-20 00:05:16,018 [main] WARN  server.ServerUtils (ServerUtils.java:getDBPath(222)) - ozone.om.db.dirs is not configured. We recommend adding this setting. Falling back to ozone.metadata.dirs instead.
2019-09-20 00:05:16,018 [main] INFO  om.OzoneManager (OzoneManager.java:setOMNodeDetails(652)) - OM Service ID is not set. Setting it to the default ID: omServiceIdDefault
2019-09-20 00:05:16,018 [main] INFO  om.OzoneManager (OzoneManager.java:setOMNodeDetails(658)) - OM Node ID is not set. Setting it to the OmStorage's OmID: 1a13d1eb-6708-497d-be20-462b13ed46b9
2019-09-20 00:05:16,019 [main] INFO  om.OzoneManager (OzoneManager.java:loadOMHAConfigs(609)) - Found matching OM address with OMServiceId: null, OMNodeId: null, RPC Address: localhost:0 and Ratis port: 9872
2019-09-20 00:05:16,039 [main] WARN  server.ServerUtils (ServerUtils.java:getDBPath(222)) - ozone.om.db.dirs is not configured. We recommend adding this setting. Falling back to ozone.metadata.dirs instead.
2019-09-20 00:05:16,040 [main] INFO  db.DBStoreBuilder (DBStoreBuilder.java:addTable(110)) - using custom profile for table: userTable
2019-09-20 00:05:16,040 [main] INFO  db.DBStoreBuilder (DBStoreBuilder.java:processTables(161)) - Using default column profile:DBProfile.DISK for Table:userTable
2019-09-20 00:05:16,041 [main] INFO  db.DBStoreBuilder (DBStoreBuilder.java:addTable(110)) - using custom profile for table: volumeTable
2019-09-20 00:05:16,041 [main] INFO  db.DBStoreBuilder (DBStoreBuilder.java:processTables(161)) - Using default column profile:DBProfile.DISK for Table:volumeTable
2019-09-20 00:05:16,041 [main] INFO  db.DBStoreBuilder (DBStoreBuilder.java:addTable(110)) - using custom profile for table: bucketTable
2019-09-20 00:05:16,041 [main] INFO  db.DBStoreBuilder (DBStoreBuilder.java:processTables(161)) - Using default column profile:DBProfile.DISK for Table:bucketTable
2019-09-20 00:05:16,042 [main] INFO  db.DBStoreBuilder (DBStoreBuilder.java:addTable(110)) - using custom profile for table: keyTable
2019-09-20 00:05:16,042 [main] INFO  db.DBStoreBuilder (DBStoreBuilder.java:processTables(161)) - Using default column profile:DBProfile.DISK for Table:keyTable
2019-09-20 00:05:16,042 [main] INFO  db.DBStoreBuilder (DBStoreBuilder.java:addTable(110)) - using custom profile for table: deletedTable
2019-09-20 00:05:16,042 [main] INFO  db.DBStoreBuilder (DBStoreBuilder.java:processTables(161)) - Using default column profile:DBProfile.DISK for Table:deletedTable
2019-09-20 00:05:16,043 [main] INFO  db.DBStoreBuilder (DBStoreBuilder.java:addTable(110)) - using custom profile for table: openKeyTable
2019-09-20 00:05:16,043 [main] INFO  db.DBStoreBuilder (DBStoreBuilder.java:processTables(161)) - Using default column profile:DBProfile.DISK for Table:openKeyTable
2019-09-20 00:05:16,043 [main] INFO  db.DBStoreBuilder (DBStoreBuilder.java:addTable(110)) - using custom profile for table: s3Table
2019-09-20 00:05:16,044 [main] INFO  db.DBStoreBuilder (DBStoreBuilder.java:processTables(161)) - Using default column profile:DBProfile.DISK for Table:s3Table
2019-09-20 00:05:16,044 [main] INFO  db.DBStoreBuilder (DBStoreBuilder.java:addTable(110)) - using custom profile for table: multipartInfoTable
2019-09-20 00:05:16,044 [main] INFO  db.DBStoreBuilder (DBStoreBuilder.java:processTables(161)) - Using default column profile:DBProfile.DISK for Table:multipartInfoTable
2019-09-20 00:05:16,044 [main] INFO  db.DBStoreBuilder (DBStoreBuilder.java:addTable(110)) - using custom profile for table: dTokenTable
2019-09-20 00:05:16,045 [main] INFO  db.DBStoreBuilder (DBStoreBuilder.java:processTables(161)) - Using default column profile:DBProfile.DISK for Table:dTokenTable
2019-09-20 00:05:16,045 [main] INFO  db.DBStoreBuilder (DBStoreBuilder.java:addTable(110)) - using custom profile for table: s3SecretTable
2019-09-20 00:05:16,045 [main] INFO  db.DBStoreBuilder (DBStoreBuilder.java:processTables(161)) - Using default column profile:DBProfile.DISK for Table:s3SecretTable
2019-09-20 00:05:16,045 [main] INFO  db.DBStoreBuilder (DBStoreBuilder.java:addTable(110)) - using custom profile for table: prefixTable
2019-09-20 00:05:16,046 [main] INFO  db.DBStoreBuilder (DBStoreBuilder.java:processTables(161)) - Using default column profile:DBProfile.DISK for Table:prefixTable
2019-09-20 00:05:16,046 [main] INFO  db.DBStoreBuilder (DBStoreBuilder.java:addTable(110)) - using custom profile for table: default
2019-09-20 00:05:16,046 [main] INFO  db.DBStoreBuilder (DBStoreBuilder.java:processTables(167)) - Using default column profile:DBProfile.DISK for Table:default
2019-09-20 00:05:16,047 [main] INFO  db.DBStoreBuilder (DBStoreBuilder.java:getDbProfile(198)) - Using default options. DBProfile.DISK
2019-09-20 00:05:17,842 [Thread-2273] INFO  impl.FollowerState (FollowerState.java:run(106)) - f3b156d7-7eb6-46eb-bb34-4a82b6f9f404:group-4DF5A04227EE changes to CANDIDATE, lastRpcTime:5080, electionTimeout:5079ms
2019-09-20 00:05:17,842 [Thread-2273] INFO  impl.RoleInfo (RoleInfo.java:shutdownFollowerState(121)) - f3b156d7-7eb6-46eb-bb34-4a82b6f9f404: shutdown FollowerState
2019-09-20 00:05:17,842 [Thread-2273] INFO  impl.RaftServerImpl (RaftServerImpl.java:setRole(174)) - f3b156d7-7eb6-46eb-bb34-4a82b6f9f404@group-4DF5A04227EE: changes role from  FOLLOWER to CANDIDATE at term 5 for changeToCandidate
2019-09-20 00:05:17,842 [Thread-2273] INFO  impl.RoleInfo (RoleInfo.java:updateAndGet(143)) - f3b156d7-7eb6-46eb-bb34-4a82b6f9f404: start LeaderElection
2019-09-20 00:05:17,849 [Thread-2275] INFO  impl.FollowerState (FollowerState.java:run(106)) - 3d170688-536a-4a66-a9c9-289315ef27c2:group-4DF5A04227EE changes to CANDIDATE, lastRpcTime:5086, electionTimeout:5086ms
2019-09-20 00:05:17,849 [Thread-2275] INFO  impl.RoleInfo (RoleInfo.java:shutdownFollowerState(121)) - 3d170688-536a-4a66-a9c9-289315ef27c2: shutdown FollowerState
2019-09-20 00:05:17,849 [Thread-2275] INFO  impl.RaftServerImpl (RaftServerImpl.java:setRole(174)) - 3d170688-536a-4a66-a9c9-289315ef27c2@group-4DF5A04227EE: changes role from  FOLLOWER to CANDIDATE at term 5 for changeToCandidate
2019-09-20 00:05:17,849 [Thread-2275] INFO  impl.RoleInfo (RoleInfo.java:updateAndGet(143)) - 3d170688-536a-4a66-a9c9-289315ef27c2: start LeaderElection
2019-09-20 00:05:17,893 [Thread-2269] INFO  impl.FollowerState (FollowerState.java:run(106)) - c63e7fee-7ebf-4ab3-a82c-403b5cf942fc:group-0BC4DF7BF4D9 changes to CANDIDATE, lastRpcTime:5170, electionTimeout:5162ms
2019-09-20 00:05:17,893 [Thread-2269] INFO  impl.RoleInfo (RoleInfo.java:shutdownFollowerState(121)) - c63e7fee-7ebf-4ab3-a82c-403b5cf942fc: shutdown FollowerState
2019-09-20 00:05:17,893 [Thread-2269] INFO  impl.RaftServerImpl (RaftServerImpl.java:setRole(174)) - c63e7fee-7ebf-4ab3-a82c-403b5cf942fc@group-0BC4DF7BF4D9: changes role from  FOLLOWER to CANDIDATE at term 17 for changeToCandidate
2019-09-20 00:05:17,893 [Thread-2269] INFO  impl.RoleInfo (RoleInfo.java:updateAndGet(143)) - c63e7fee-7ebf-4ab3-a82c-403b5cf942fc: start LeaderElection
2019-09-20 00:05:17,895 [Thread-2270] INFO  impl.FollowerState (FollowerState.java:run(106)) - 382b0250-a1aa-40f3-882d-cd7fb29de27f:group-4DF5A04227EE changes to CANDIDATE, lastRpcTime:5160, electionTimeout:5160ms
2019-09-20 00:05:17,895 [Thread-2270] INFO  impl.RoleInfo (RoleInfo.java:shutdownFollowerState(121)) - 382b0250-a1aa-40f3-882d-cd7fb29de27f: shutdown FollowerState
2019-09-20 00:05:17,895 [Thread-2270] INFO  impl.RaftServerImpl (RaftServerImpl.java:setRole(174)) - 382b0250-a1aa-40f3-882d-cd7fb29de27f@group-4DF5A04227EE: changes role from  FOLLOWER to CANDIDATE at term 5 for changeToCandidate
2019-09-20 00:05:17,895 [Thread-2270] INFO  impl.RoleInfo (RoleInfo.java:updateAndGet(143)) - 382b0250-a1aa-40f3-882d-cd7fb29de27f: start LeaderElection
2019-09-20 00:05:17,912 [Thread-2272] INFO  impl.FollowerState (FollowerState.java:run(106)) - 7d878657-54f8-4791-978a-386f775e0485:group-032B6602E80F changes to CANDIDATE, lastRpcTime:5151, electionTimeout:5150ms
2019-09-20 00:05:17,912 [Thread-2272] INFO  impl.RoleInfo (RoleInfo.java:shutdownFollowerState(121)) - 7d878657-54f8-4791-978a-386f775e0485: shutdown FollowerState
2019-09-20 00:05:17,912 [Thread-2272] INFO  impl.RaftServerImpl (RaftServerImpl.java:setRole(174)) - 7d878657-54f8-4791-978a-386f775e0485@group-032B6602E80F: changes role from  FOLLOWER to CANDIDATE at term 5 for changeToCandidate
2019-09-20 00:05:17,912 [Thread-2272] INFO  impl.RoleInfo (RoleInfo.java:updateAndGet(143)) - 7d878657-54f8-4791-978a-386f775e0485: start LeaderElection
2019-09-20 00:05:17,932 [Thread-2274] INFO  impl.FollowerState (FollowerState.java:run(106)) - 89de1964-3948-43a8-885a-142089a2f45f:group-032B6602E80F changes to CANDIDATE, lastRpcTime:5170, electionTimeout:5170ms
2019-09-20 00:05:17,932 [Thread-2274] INFO  impl.RoleInfo (RoleInfo.java:shutdownFollowerState(121)) - 89de1964-3948-43a8-885a-142089a2f45f: shutdown FollowerState
2019-09-20 00:05:17,933 [Thread-2274] INFO  impl.RaftServerImpl (RaftServerImpl.java:setRole(174)) - 89de1964-3948-43a8-885a-142089a2f45f@group-032B6602E80F: changes role from  FOLLOWER to CANDIDATE at term 5 for changeToCandidate
2019-09-20 00:05:17,933 [Thread-2274] INFO  impl.RoleInfo (RoleInfo.java:updateAndGet(143)) - 89de1964-3948-43a8-885a-142089a2f45f: start LeaderElection
2019-09-20 00:05:17,946 [Thread-2271] INFO  impl.FollowerState (FollowerState.java:run(106)) - 5f35e7da-28ae-4b25-a1a4-54a4278033f1:group-032B6602E80F changes to CANDIDATE, lastRpcTime:5186, electionTimeout:5185ms
2019-09-20 00:05:17,946 [Thread-2271] INFO  impl.RoleInfo (RoleInfo.java:shutdownFollowerState(121)) - 5f35e7da-28ae-4b25-a1a4-54a4278033f1: shutdown FollowerState
2019-09-20 00:05:17,946 [Thread-2271] INFO  impl.RaftServerImpl (RaftServerImpl.java:setRole(174)) - 5f35e7da-28ae-4b25-a1a4-54a4278033f1@group-032B6602E80F: changes role from  FOLLOWER to CANDIDATE at term 5 for changeToCandidate
2019-09-20 00:05:17,947 [Thread-2271] INFO  impl.RoleInfo (RoleInfo.java:updateAndGet(143)) - 5f35e7da-28ae-4b25-a1a4-54a4278033f1: start LeaderElection
2019-09-20 00:05:18,001 [f3b156d7-7eb6-46eb-bb34-4a82b6f9f404@group-4DF5A04227EE:LeaderElection110] INFO  impl.LeaderElection (LeaderElection.java:askForVotes(182)) - f3b156d7-7eb6-46eb-bb34-4a82b6f9f404@group-4DF5A04227EE:LeaderElection110: begin an election at term 6 for -1: [382b0250-a1aa-40f3-882d-cd7fb29de27f:192.168.5.182:40829, f3b156d7-7eb6-46eb-bb34-4a82b6f9f404:192.168.5.182:33815, 3d170688-536a-4a66-a9c9-289315ef27c2:192.168.5.182:32785], old=null
2019-09-20 00:05:18,001 [3d170688-536a-4a66-a9c9-289315ef27c2@group-4DF5A04227EE:LeaderElection111] INFO  impl.LeaderElection (LeaderElection.java:askForVotes(182)) - 3d170688-536a-4a66-a9c9-289315ef27c2@group-4DF5A04227EE:LeaderElection111: begin an election at term 6 for -1: [382b0250-a1aa-40f3-882d-cd7fb29de27f:192.168.5.182:40829, f3b156d7-7eb6-46eb-bb34-4a82b6f9f404:192.168.5.182:33815, 3d170688-536a-4a66-a9c9-289315ef27c2:192.168.5.182:32785], old=null
2019-09-20 00:05:18,003 [c63e7fee-7ebf-4ab3-a82c-403b5cf942fc@group-0BC4DF7BF4D9:LeaderElection112] INFO  impl.LeaderElection (LeaderElection.java:askForVotes(182)) - c63e7fee-7ebf-4ab3-a82c-403b5cf942fc@group-0BC4DF7BF4D9:LeaderElection112: begin an election at term 18 for 0: [8f58c883-e4ba-4cdd-8662-08249772462e:192.168.5.182:35458, c63e7fee-7ebf-4ab3-a82c-403b5cf942fc:192.168.5.182:40019, fd99f976-ef3a-47b0-8e0c-a462a244f82b:192.168.5.182:45540], old=null
2019-09-20 00:05:18,003 [382b0250-a1aa-40f3-882d-cd7fb29de27f@group-4DF5A04227EE:LeaderElection113] INFO  impl.LeaderElection (LeaderElection.java:askForVotes(182)) - 382b0250-a1aa-40f3-882d-cd7fb29de27f@group-4DF5A04227EE:LeaderElection113: begin an election at term 6 for -1: [382b0250-a1aa-40f3-882d-cd7fb29de27f:192.168.5.182:40829, f3b156d7-7eb6-46eb-bb34-4a82b6f9f404:192.168.5.182:33815, 3d170688-536a-4a66-a9c9-289315ef27c2:192.168.5.182:32785], old=null
2019-09-20 00:05:18,003 [7d878657-54f8-4791-978a-386f775e0485@group-032B6602E80F:LeaderElection114] INFO  impl.LeaderElection (LeaderElection.java:askForVotes(182)) - 7d878657-54f8-4791-978a-386f775e0485@group-032B6602E80F:LeaderElection114: begin an election at term 6 for -1: [7d878657-54f8-4791-978a-386f775e0485:192.168.5.182:36462, 5f35e7da-28ae-4b25-a1a4-54a4278033f1:192.168.5.182:43639, 89de1964-3948-43a8-885a-142089a2f45f:192.168.5.182:39929], old=null
2019-09-20 00:05:18,005 [c63e7fee-7ebf-4ab3-a82c-403b5cf942fc@group-0BC4DF7BF4D9:LeaderElection112] INFO  impl.LeaderElection (LogUtils.java:infoOrTrace(149)) - c63e7fee-7ebf-4ab3-a82c-403b5cf942fc@group-0BC4DF7BF4D9:LeaderElection112 got exception when requesting votes: {}
java.util.concurrent.ExecutionException: org.apache.ratis.thirdparty.io.grpc.StatusRuntimeException: UNAVAILABLE: io exception
	at java.util.concurrent.FutureTask.report(FutureTask.java:122)
	at java.util.concurrent.FutureTask.get(FutureTask.java:192)
	at org.apache.ratis.server.impl.LeaderElection.waitForResults(LeaderElection.java:263)
	at org.apache.ratis.server.impl.LeaderElection.askForVotes(LeaderElection.java:201)
	at org.apache.ratis.server.impl.LeaderElection.run(LeaderElection.java:133)
	at java.lang.Thread.run(Thread.java:748)
Caused by: org.apache.ratis.thirdparty.io.grpc.StatusRuntimeException: UNAVAILABLE: io exception
	at org.apache.ratis.thirdparty.io.grpc.stub.ClientCalls.toStatusRuntimeException(ClientCalls.java:233)
	at org.apache.ratis.thirdparty.io.grpc.stub.ClientCalls.getUnchecked(ClientCalls.java:214)
	at org.apache.ratis.thirdparty.io.grpc.stub.ClientCalls.blockingUnaryCall(ClientCalls.java:139)
	at org.apache.ratis.proto.grpc.RaftServerProtocolServiceGrpc$RaftServerProtocolServiceBlockingStub.requestVote(RaftServerProtocolServiceGrpc.java:265)
	at org.apache.ratis.grpc.server.GrpcServerProtocolClient.requestVote(GrpcServerProtocolClient.java:90)
	at org.apache.ratis.grpc.server.GrpcService.requestVote(GrpcService.java:204)
	at org.apache.ratis.server.impl.LeaderElection.lambda$submitRequests$1(LeaderElection.java:238)
	at java.util.concurrent.FutureTask.run(FutureTask.java:266)
	at java.util.concurrent.Executors$RunnableAdapter.call(Executors.java:511)
	at java.util.concurrent.FutureTask.run(FutureTask.java:266)
	at java.util.concurrent.ThreadPoolExecutor.runWorker(ThreadPoolExecutor.java:1149)
	at java.util.concurrent.ThreadPoolExecutor$Worker.run(ThreadPoolExecutor.java:624)
	... 1 more
Caused by: org.apache.ratis.thirdparty.io.netty.channel.AbstractChannel$AnnotatedConnectException: Connection refused: /192.168.5.182:45540
	at sun.nio.ch.SocketChannelImpl.checkConnect(Native Method)
	at sun.nio.ch.SocketChannelImpl.finishConnect(SocketChannelImpl.java:717)
	at org.apache.ratis.thirdparty.io.netty.channel.socket.nio.NioSocketChannel.doFinishConnect(NioSocketChannel.java:327)
	at org.apache.ratis.thirdparty.io.netty.channel.nio.AbstractNioChannel$AbstractNioUnsafe.finishConnect(AbstractNioChannel.java:340)
	at org.apache.ratis.thirdparty.io.netty.channel.nio.NioEventLoop.processSelectedKey(NioEventLoop.java:632)
	at org.apache.ratis.thirdparty.io.netty.channel.nio.NioEventLoop.processSelectedKeysOptimized(NioEventLoop.java:579)
	at org.apache.ratis.thirdparty.io.netty.channel.nio.NioEventLoop.processSelectedKeys(NioEventLoop.java:496)
	at org.apache.ratis.thirdparty.io.netty.channel.nio.NioEventLoop.run(NioEventLoop.java:458)
	at org.apache.ratis.thirdparty.io.netty.util.concurrent.SingleThreadEventExecutor$5.run(SingleThreadEventExecutor.java:897)
	at org.apache.ratis.thirdparty.io.netty.util.concurrent.FastThreadLocalRunnable.run(FastThreadLocalRunnable.java:30)
	... 1 more
Caused by: java.net.ConnectException: Connection refused
	... 11 more
2019-09-20 00:05:18,012 [c63e7fee-7ebf-4ab3-a82c-403b5cf942fc@group-0BC4DF7BF4D9:LeaderElection112] INFO  impl.LeaderElection (LogUtils.java:infoOrTrace(149)) - c63e7fee-7ebf-4ab3-a82c-403b5cf942fc@group-0BC4DF7BF4D9:LeaderElection112 got exception when requesting votes: {}
java.util.concurrent.ExecutionException: org.apache.ratis.thirdparty.io.grpc.StatusRuntimeException: UNAVAILABLE: io exception
	at java.util.concurrent.FutureTask.report(FutureTask.java:122)
	at java.util.concurrent.FutureTask.get(FutureTask.java:192)
	at org.apache.ratis.server.impl.LeaderElection.waitForResults(LeaderElection.java:263)
	at org.apache.ratis.server.impl.LeaderElection.askForVotes(LeaderElection.java:201)
	at org.apache.ratis.server.impl.LeaderElection.run(LeaderElection.java:133)
	at java.lang.Thread.run(Thread.java:748)
Caused by: org.apache.ratis.thirdparty.io.grpc.StatusRuntimeException: UNAVAILABLE: io exception
	at org.apache.ratis.thirdparty.io.grpc.stub.ClientCalls.toStatusRuntimeException(ClientCalls.java:233)
	at org.apache.ratis.thirdparty.io.grpc.stub.ClientCalls.getUnchecked(ClientCalls.java:214)
	at org.apache.ratis.thirdparty.io.grpc.stub.ClientCalls.blockingUnaryCall(ClientCalls.java:139)
	at org.apache.ratis.proto.grpc.RaftServerProtocolServiceGrpc$RaftServerProtocolServiceBlockingStub.requestVote(RaftServerProtocolServiceGrpc.java:265)
	at org.apache.ratis.grpc.server.GrpcServerProtocolClient.requestVote(GrpcServerProtocolClient.java:90)
	at org.apache.ratis.grpc.server.GrpcService.requestVote(GrpcService.java:204)
	at org.apache.ratis.server.impl.LeaderElection.lambda$submitRequests$1(LeaderElection.java:238)
	at java.util.concurrent.FutureTask.run(FutureTask.java:266)
	at java.util.concurrent.Executors$RunnableAdapter.call(Executors.java:511)
	at java.util.concurrent.FutureTask.run(FutureTask.java:266)
	at java.util.concurrent.ThreadPoolExecutor.runWorker(ThreadPoolExecutor.java:1149)
	at java.util.concurrent.ThreadPoolExecutor$Worker.run(ThreadPoolExecutor.java:624)
	... 1 more
Caused by: org.apache.ratis.thirdparty.io.netty.channel.AbstractChannel$AnnotatedConnectException: Connection refused: /192.168.5.182:35458
	at sun.nio.ch.SocketChannelImpl.checkConnect(Native Method)
	at sun.nio.ch.SocketChannelImpl.finishConnect(SocketChannelImpl.java:717)
	at org.apache.ratis.thirdparty.io.netty.channel.socket.nio.NioSocketChannel.doFinishConnect(NioSocketChannel.java:327)
	at org.apache.ratis.thirdparty.io.netty.channel.nio.AbstractNioChannel$AbstractNioUnsafe.finishConnect(AbstractNioChannel.java:340)
	at org.apache.ratis.thirdparty.io.netty.channel.nio.NioEventLoop.processSelectedKey(NioEventLoop.java:632)
	at org.apache.ratis.thirdparty.io.netty.channel.nio.NioEventLoop.processSelectedKeysOptimized(NioEventLoop.java:579)
	at org.apache.ratis.thirdparty.io.netty.channel.nio.NioEventLoop.processSelectedKeys(NioEventLoop.java:496)
	at org.apache.ratis.thirdparty.io.netty.channel.nio.NioEventLoop.run(NioEventLoop.java:458)
	at org.apache.ratis.thirdparty.io.netty.util.concurrent.SingleThreadEventExecutor$5.run(SingleThreadEventExecutor.java:897)
	at org.apache.ratis.thirdparty.io.netty.util.concurrent.FastThreadLocalRunnable.run(FastThreadLocalRunnable.java:30)
	... 1 more
Caused by: java.net.ConnectException: Connection refused
	... 11 more
2019-09-20 00:05:18,017 [c63e7fee-7ebf-4ab3-a82c-403b5cf942fc@group-0BC4DF7BF4D9:LeaderElection112] INFO  impl.LeaderElection (LeaderElection.java:logAndReturn(56)) - c63e7fee-7ebf-4ab3-a82c-403b5cf942fc@group-0BC4DF7BF4D9:LeaderElection112: Election REJECTED; received 0 response(s) [] and 2 exception(s); c63e7fee-7ebf-4ab3-a82c-403b5cf942fc@group-0BC4DF7BF4D9:t18, leader=null, voted=c63e7fee-7ebf-4ab3-a82c-403b5cf942fc, raftlog=c63e7fee-7ebf-4ab3-a82c-403b5cf942fc@group-0BC4DF7BF4D9-SegmentedRaftLog:OPENED:c2,f2,i2, conf=0: [8f58c883-e4ba-4cdd-8662-08249772462e:192.168.5.182:35458, c63e7fee-7ebf-4ab3-a82c-403b5cf942fc:192.168.5.182:40019, fd99f976-ef3a-47b0-8e0c-a462a244f82b:192.168.5.182:45540], old=null
2019-09-20 00:05:18,017 [c63e7fee-7ebf-4ab3-a82c-403b5cf942fc@group-0BC4DF7BF4D9:LeaderElection112] INFO  impl.LeaderElection (LogUtils.java:infoOrTrace(149)) -   Exception 0: {}
java.util.concurrent.ExecutionException: org.apache.ratis.thirdparty.io.grpc.StatusRuntimeException: UNAVAILABLE: io exception
	at java.util.concurrent.FutureTask.report(FutureTask.java:122)
	at java.util.concurrent.FutureTask.get(FutureTask.java:192)
	at org.apache.ratis.server.impl.LeaderElection.waitForResults(LeaderElection.java:263)
	at org.apache.ratis.server.impl.LeaderElection.askForVotes(LeaderElection.java:201)
	at org.apache.ratis.server.impl.LeaderElection.run(LeaderElection.java:133)
	at java.lang.Thread.run(Thread.java:748)
Caused by: org.apache.ratis.thirdparty.io.grpc.StatusRuntimeException: UNAVAILABLE: io exception
	at org.apache.ratis.thirdparty.io.grpc.stub.ClientCalls.toStatusRuntimeException(ClientCalls.java:233)
	at org.apache.ratis.thirdparty.io.grpc.stub.ClientCalls.getUnchecked(ClientCalls.java:214)
	at org.apache.ratis.thirdparty.io.grpc.stub.ClientCalls.blockingUnaryCall(ClientCalls.java:139)
	at org.apache.ratis.proto.grpc.RaftServerProtocolServiceGrpc$RaftServerProtocolServiceBlockingStub.requestVote(RaftServerProtocolServiceGrpc.java:265)
	at org.apache.ratis.grpc.server.GrpcServerProtocolClient.requestVote(GrpcServerProtocolClient.java:90)
	at org.apache.ratis.grpc.server.GrpcService.requestVote(GrpcService.java:204)
	at org.apache.ratis.server.impl.LeaderElection.lambda$submitRequests$1(LeaderElection.java:238)
	at java.util.concurrent.FutureTask.run(FutureTask.java:266)
	at java.util.concurrent.Executors$RunnableAdapter.call(Executors.java:511)
	at java.util.concurrent.FutureTask.run(FutureTask.java:266)
	at java.util.concurrent.ThreadPoolExecutor.runWorker(ThreadPoolExecutor.java:1149)
	at java.util.concurrent.ThreadPoolExecutor$Worker.run(ThreadPoolExecutor.java:624)
	... 1 more
Caused by: org.apache.ratis.thirdparty.io.netty.channel.AbstractChannel$AnnotatedConnectException: Connection refused: /192.168.5.182:45540
	at sun.nio.ch.SocketChannelImpl.checkConnect(Native Method)
	at sun.nio.ch.SocketChannelImpl.finishConnect(SocketChannelImpl.java:717)
	at org.apache.ratis.thirdparty.io.netty.channel.socket.nio.NioSocketChannel.doFinishConnect(NioSocketChannel.java:327)
	at org.apache.ratis.thirdparty.io.netty.channel.nio.AbstractNioChannel$AbstractNioUnsafe.finishConnect(AbstractNioChannel.java:340)
	at org.apache.ratis.thirdparty.io.netty.channel.nio.NioEventLoop.processSelectedKey(NioEventLoop.java:632)
	at org.apache.ratis.thirdparty.io.netty.channel.nio.NioEventLoop.processSelectedKeysOptimized(NioEventLoop.java:579)
	at org.apache.ratis.thirdparty.io.netty.channel.nio.NioEventLoop.processSelectedKeys(NioEventLoop.java:496)
	at org.apache.ratis.thirdparty.io.netty.channel.nio.NioEventLoop.run(NioEventLoop.java:458)
	at org.apache.ratis.thirdparty.io.netty.util.concurrent.SingleThreadEventExecutor$5.run(SingleThreadEventExecutor.java:897)
	at org.apache.ratis.thirdparty.io.netty.util.concurrent.FastThreadLocalRunnable.run(FastThreadLocalRunnable.java:30)
	... 1 more
Caused by: java.net.ConnectException: Connection refused
	... 11 more
2019-09-20 00:05:18,017 [c63e7fee-7ebf-4ab3-a82c-403b5cf942fc@group-0BC4DF7BF4D9:LeaderElection112] INFO  impl.LeaderElection (LogUtils.java:infoOrTrace(149)) -   Exception 1: {}
java.util.concurrent.ExecutionException: org.apache.ratis.thirdparty.io.grpc.StatusRuntimeException: UNAVAILABLE: io exception
	at java.util.concurrent.FutureTask.report(FutureTask.java:122)
	at java.util.concurrent.FutureTask.get(FutureTask.java:192)
	at org.apache.ratis.server.impl.LeaderElection.waitForResults(LeaderElection.java:263)
	at org.apache.ratis.server.impl.LeaderElection.askForVotes(LeaderElection.java:201)
	at org.apache.ratis.server.impl.LeaderElection.run(LeaderElection.java:133)
	at java.lang.Thread.run(Thread.java:748)
Caused by: org.apache.ratis.thirdparty.io.grpc.StatusRuntimeException: UNAVAILABLE: io exception
	at org.apache.ratis.thirdparty.io.grpc.stub.ClientCalls.toStatusRuntimeException(ClientCalls.java:233)
	at org.apache.ratis.thirdparty.io.grpc.stub.ClientCalls.getUnchecked(ClientCalls.java:214)
	at org.apache.ratis.thirdparty.io.grpc.stub.ClientCalls.blockingUnaryCall(ClientCalls.java:139)
	at org.apache.ratis.proto.grpc.RaftServerProtocolServiceGrpc$RaftServerProtocolServiceBlockingStub.requestVote(RaftServerProtocolServiceGrpc.java:265)
	at org.apache.ratis.grpc.server.GrpcServerProtocolClient.requestVote(GrpcServerProtocolClient.java:90)
	at org.apache.ratis.grpc.server.GrpcService.requestVote(GrpcService.java:204)
	at org.apache.ratis.server.impl.LeaderElection.lambda$submitRequests$1(LeaderElection.java:238)
	at java.util.concurrent.FutureTask.run(FutureTask.java:266)
	at java.util.concurrent.Executors$RunnableAdapter.call(Executors.java:511)
	at java.util.concurrent.FutureTask.run(FutureTask.java:266)
	at java.util.concurrent.ThreadPoolExecutor.runWorker(ThreadPoolExecutor.java:1149)
	at java.util.concurrent.ThreadPoolExecutor$Worker.run(ThreadPoolExecutor.java:624)
	... 1 more
Caused by: org.apache.ratis.thirdparty.io.netty.channel.AbstractChannel$AnnotatedConnectException: Connection refused: /192.168.5.182:35458
	at sun.nio.ch.SocketChannelImpl.checkConnect(Native Method)
	at sun.nio.ch.SocketChannelImpl.finishConnect(SocketChannelImpl.java:717)
	at org.apache.ratis.thirdparty.io.netty.channel.socket.nio.NioSocketChannel.doFinishConnect(NioSocketChannel.java:327)
	at org.apache.ratis.thirdparty.io.netty.channel.nio.AbstractNioChannel$AbstractNioUnsafe.finishConnect(AbstractNioChannel.java:340)
	at org.apache.ratis.thirdparty.io.netty.channel.nio.NioEventLoop.processSelectedKey(NioEventLoop.java:632)
	at org.apache.ratis.thirdparty.io.netty.channel.nio.NioEventLoop.processSelectedKeysOptimized(NioEventLoop.java:579)
	at org.apache.ratis.thirdparty.io.netty.channel.nio.NioEventLoop.processSelectedKeys(NioEventLoop.java:496)
	at org.apache.ratis.thirdparty.io.netty.channel.nio.NioEventLoop.run(NioEventLoop.java:458)
	at org.apache.ratis.thirdparty.io.netty.util.concurrent.SingleThreadEventExecutor$5.run(SingleThreadEventExecutor.java:897)
	at org.apache.ratis.thirdparty.io.netty.util.concurrent.FastThreadLocalRunnable.run(FastThreadLocalRunnable.java:30)
	... 1 more
Caused by: java.net.ConnectException: Connection refused
	... 11 more
2019-09-20 00:05:18,018 [c63e7fee-7ebf-4ab3-a82c-403b5cf942fc@group-0BC4DF7BF4D9:LeaderElection112] INFO  impl.RaftServerImpl (RaftServerImpl.java:setRole(174)) - c63e7fee-7ebf-4ab3-a82c-403b5cf942fc@group-0BC4DF7BF4D9: changes role from CANDIDATE to FOLLOWER at term 18 for DISCOVERED_A_NEW_TERM
2019-09-20 00:05:18,018 [c63e7fee-7ebf-4ab3-a82c-403b5cf942fc@group-0BC4DF7BF4D9:LeaderElection112] INFO  impl.RoleInfo (RoleInfo.java:shutdownLeaderElection(134)) - c63e7fee-7ebf-4ab3-a82c-403b5cf942fc: shutdown LeaderElection
2019-09-20 00:05:18,018 [c63e7fee-7ebf-4ab3-a82c-403b5cf942fc@group-0BC4DF7BF4D9:LeaderElection112] INFO  impl.RoleInfo (RoleInfo.java:updateAndGet(143)) - c63e7fee-7ebf-4ab3-a82c-403b5cf942fc: start FollowerState
2019-09-20 00:05:18,019 [f3b156d7-7eb6-46eb-bb34-4a82b6f9f404@group-4DF5A04227EE:LeaderElection110] INFO  impl.LeaderElection (LeaderElection.java:logAndReturn(56)) - f3b156d7-7eb6-46eb-bb34-4a82b6f9f404@group-4DF5A04227EE:LeaderElection110: Election REJECTED; received 2 response(s) [f3b156d7-7eb6-46eb-bb34-4a82b6f9f404<-382b0250-a1aa-40f3-882d-cd7fb29de27f#0:FAIL-t6, f3b156d7-7eb6-46eb-bb34-4a82b6f9f404<-3d170688-536a-4a66-a9c9-289315ef27c2#0:FAIL-t6] and 0 exception(s); f3b156d7-7eb6-46eb-bb34-4a82b6f9f404@group-4DF5A04227EE:t6, leader=null, voted=f3b156d7-7eb6-46eb-bb34-4a82b6f9f404, raftlog=f3b156d7-7eb6-46eb-bb34-4a82b6f9f404@group-4DF5A04227EE-SegmentedRaftLog:OPENED:c-1,f-1,i0, conf=-1: [382b0250-a1aa-40f3-882d-cd7fb29de27f:192.168.5.182:40829, f3b156d7-7eb6-46eb-bb34-4a82b6f9f404:192.168.5.182:33815, 3d170688-536a-4a66-a9c9-289315ef27c2:192.168.5.182:32785], old=null
2019-09-20 00:05:18,020 [3d170688-536a-4a66-a9c9-289315ef27c2@group-4DF5A04227EE:LeaderElection111] INFO  impl.LeaderElection (LeaderElection.java:logAndReturn(56)) - 3d170688-536a-4a66-a9c9-289315ef27c2@group-4DF5A04227EE:LeaderElection111: Election REJECTED; received 2 response(s) [3d170688-536a-4a66-a9c9-289315ef27c2<-382b0250-a1aa-40f3-882d-cd7fb29de27f#0:FAIL-t6, 3d170688-536a-4a66-a9c9-289315ef27c2<-f3b156d7-7eb6-46eb-bb34-4a82b6f9f404#0:FAIL-t6] and 0 exception(s); 3d170688-536a-4a66-a9c9-289315ef27c2@group-4DF5A04227EE:t6, leader=null, voted=3d170688-536a-4a66-a9c9-289315ef27c2, raftlog=3d170688-536a-4a66-a9c9-289315ef27c2@group-4DF5A04227EE-SegmentedRaftLog:OPENED:c-1,f-1,i0, conf=-1: [382b0250-a1aa-40f3-882d-cd7fb29de27f:192.168.5.182:40829, f3b156d7-7eb6-46eb-bb34-4a82b6f9f404:192.168.5.182:33815, 3d170688-536a-4a66-a9c9-289315ef27c2:192.168.5.182:32785], old=null
2019-09-20 00:05:18,020 [f3b156d7-7eb6-46eb-bb34-4a82b6f9f404@group-4DF5A04227EE:LeaderElection110] INFO  impl.RaftServerImpl (RaftServerImpl.java:setRole(174)) - f3b156d7-7eb6-46eb-bb34-4a82b6f9f404@group-4DF5A04227EE: changes role from CANDIDATE to FOLLOWER at term 6 for DISCOVERED_A_NEW_TERM
2019-09-20 00:05:18,020 [3d170688-536a-4a66-a9c9-289315ef27c2@group-4DF5A04227EE:LeaderElection111] INFO  impl.RaftServerImpl (RaftServerImpl.java:setRole(174)) - 3d170688-536a-4a66-a9c9-289315ef27c2@group-4DF5A04227EE: changes role from CANDIDATE to FOLLOWER at term 6 for DISCOVERED_A_NEW_TERM
2019-09-20 00:05:18,020 [f3b156d7-7eb6-46eb-bb34-4a82b6f9f404@group-4DF5A04227EE:LeaderElection110] INFO  impl.RoleInfo (RoleInfo.java:shutdownLeaderElection(134)) - f3b156d7-7eb6-46eb-bb34-4a82b6f9f404: shutdown LeaderElection
2019-09-20 00:05:18,020 [3d170688-536a-4a66-a9c9-289315ef27c2@group-4DF5A04227EE:LeaderElection111] INFO  impl.RoleInfo (RoleInfo.java:shutdownLeaderElection(134)) - 3d170688-536a-4a66-a9c9-289315ef27c2: shutdown LeaderElection
2019-09-20 00:05:18,020 [f3b156d7-7eb6-46eb-bb34-4a82b6f9f404@group-4DF5A04227EE:LeaderElection110] INFO  impl.RoleInfo (RoleInfo.java:updateAndGet(143)) - f3b156d7-7eb6-46eb-bb34-4a82b6f9f404: start FollowerState
2019-09-20 00:05:18,020 [382b0250-a1aa-40f3-882d-cd7fb29de27f@group-4DF5A04227EE:LeaderElection113] INFO  impl.LeaderElection (LeaderElection.java:logAndReturn(56)) - 382b0250-a1aa-40f3-882d-cd7fb29de27f@group-4DF5A04227EE:LeaderElection113: Election REJECTED; received 2 response(s) [382b0250-a1aa-40f3-882d-cd7fb29de27f<-f3b156d7-7eb6-46eb-bb34-4a82b6f9f404#0:FAIL-t6, 382b0250-a1aa-40f3-882d-cd7fb29de27f<-3d170688-536a-4a66-a9c9-289315ef27c2#0:FAIL-t6] and 0 exception(s); 382b0250-a1aa-40f3-882d-cd7fb29de27f@group-4DF5A04227EE:t6, leader=null, voted=382b0250-a1aa-40f3-882d-cd7fb29de27f, raftlog=382b0250-a1aa-40f3-882d-cd7fb29de27f@group-4DF5A04227EE-SegmentedRaftLog:OPENED:c-1,f-1,i0, conf=-1: [382b0250-a1aa-40f3-882d-cd7fb29de27f:192.168.5.182:40829, f3b156d7-7eb6-46eb-bb34-4a82b6f9f404:192.168.5.182:33815, 3d170688-536a-4a66-a9c9-289315ef27c2:192.168.5.182:32785], old=null
2019-09-20 00:05:18,020 [3d170688-536a-4a66-a9c9-289315ef27c2@group-4DF5A04227EE:LeaderElection111] INFO  impl.RoleInfo (RoleInfo.java:updateAndGet(143)) - 3d170688-536a-4a66-a9c9-289315ef27c2: start FollowerState
2019-09-20 00:05:18,021 [382b0250-a1aa-40f3-882d-cd7fb29de27f@group-4DF5A04227EE:LeaderElection113] INFO  impl.RaftServerImpl (RaftServerImpl.java:setRole(174)) - 382b0250-a1aa-40f3-882d-cd7fb29de27f@group-4DF5A04227EE: changes role from CANDIDATE to FOLLOWER at term 6 for DISCOVERED_A_NEW_TERM
2019-09-20 00:05:18,021 [382b0250-a1aa-40f3-882d-cd7fb29de27f@group-4DF5A04227EE:LeaderElection113] INFO  impl.RoleInfo (RoleInfo.java:shutdownLeaderElection(134)) - 382b0250-a1aa-40f3-882d-cd7fb29de27f: shutdown LeaderElection
2019-09-20 00:05:18,021 [382b0250-a1aa-40f3-882d-cd7fb29de27f@group-4DF5A04227EE:LeaderElection113] INFO  impl.RoleInfo (RoleInfo.java:updateAndGet(143)) - 382b0250-a1aa-40f3-882d-cd7fb29de27f: start FollowerState
2019-09-20 00:05:18,021 [5f35e7da-28ae-4b25-a1a4-54a4278033f1@group-032B6602E80F:LeaderElection116] INFO  impl.LeaderElection (LeaderElection.java:askForVotes(182)) - 5f35e7da-28ae-4b25-a1a4-54a4278033f1@group-032B6602E80F:LeaderElection116: begin an election at term 6 for -1: [7d878657-54f8-4791-978a-386f775e0485:192.168.5.182:36462, 5f35e7da-28ae-4b25-a1a4-54a4278033f1:192.168.5.182:43639, 89de1964-3948-43a8-885a-142089a2f45f:192.168.5.182:39929], old=null
2019-09-20 00:05:18,021 [89de1964-3948-43a8-885a-142089a2f45f@group-032B6602E80F:LeaderElection115] INFO  impl.LeaderElection (LeaderElection.java:askForVotes(182)) - 89de1964-3948-43a8-885a-142089a2f45f@group-032B6602E80F:LeaderElection115: begin an election at term 6 for -1: [7d878657-54f8-4791-978a-386f775e0485:192.168.5.182:36462, 5f35e7da-28ae-4b25-a1a4-54a4278033f1:192.168.5.182:43639, 89de1964-3948-43a8-885a-142089a2f45f:192.168.5.182:39929], old=null
2019-09-20 00:05:18,022 [7d878657-54f8-4791-978a-386f775e0485@group-032B6602E80F:LeaderElection114] INFO  impl.LeaderElection (LeaderElection.java:logAndReturn(56)) - 7d878657-54f8-4791-978a-386f775e0485@group-032B6602E80F:LeaderElection114: Election REJECTED; received 2 response(s) [7d878657-54f8-4791-978a-386f775e0485<-5f35e7da-28ae-4b25-a1a4-54a4278033f1#0:FAIL-t6, 7d878657-54f8-4791-978a-386f775e0485<-89de1964-3948-43a8-885a-142089a2f45f#0:FAIL-t6] and 0 exception(s); 7d878657-54f8-4791-978a-386f775e0485@group-032B6602E80F:t6, leader=null, voted=7d878657-54f8-4791-978a-386f775e0485, raftlog=7d878657-54f8-4791-978a-386f775e0485@group-032B6602E80F-SegmentedRaftLog:OPENED:c-1,f-1,i0, conf=-1: [7d878657-54f8-4791-978a-386f775e0485:192.168.5.182:36462, 5f35e7da-28ae-4b25-a1a4-54a4278033f1:192.168.5.182:43639, 89de1964-3948-43a8-885a-142089a2f45f:192.168.5.182:39929], old=null
2019-09-20 00:05:18,022 [7d878657-54f8-4791-978a-386f775e0485@group-032B6602E80F:LeaderElection114] INFO  impl.RaftServerImpl (RaftServerImpl.java:setRole(174)) - 7d878657-54f8-4791-978a-386f775e0485@group-032B6602E80F: changes role from CANDIDATE to FOLLOWER at term 6 for DISCOVERED_A_NEW_TERM
2019-09-20 00:05:18,022 [7d878657-54f8-4791-978a-386f775e0485@group-032B6602E80F:LeaderElection114] INFO  impl.RoleInfo (RoleInfo.java:shutdownLeaderElection(134)) - 7d878657-54f8-4791-978a-386f775e0485: shutdown LeaderElection
2019-09-20 00:05:18,023 [7d878657-54f8-4791-978a-386f775e0485@group-032B6602E80F:LeaderElection114] INFO  impl.RoleInfo (RoleInfo.java:updateAndGet(143)) - 7d878657-54f8-4791-978a-386f775e0485: start FollowerState
2019-09-20 00:05:18,026 [89de1964-3948-43a8-885a-142089a2f45f@group-032B6602E80F:LeaderElection115] INFO  impl.LeaderElection (LeaderElection.java:logAndReturn(56)) - 89de1964-3948-43a8-885a-142089a2f45f@group-032B6602E80F:LeaderElection115: Election REJECTED; received 2 response(s) [89de1964-3948-43a8-885a-142089a2f45f<-7d878657-54f8-4791-978a-386f775e0485#0:FAIL-t6, 89de1964-3948-43a8-885a-142089a2f45f<-5f35e7da-28ae-4b25-a1a4-54a4278033f1#0:FAIL-t6] and 0 exception(s); 89de1964-3948-43a8-885a-142089a2f45f@group-032B6602E80F:t6, leader=null, voted=89de1964-3948-43a8-885a-142089a2f45f, raftlog=89de1964-3948-43a8-885a-142089a2f45f@group-032B6602E80F-SegmentedRaftLog:OPENED:c-1,f-1,i0, conf=-1: [7d878657-54f8-4791-978a-386f775e0485:192.168.5.182:36462, 5f35e7da-28ae-4b25-a1a4-54a4278033f1:192.168.5.182:43639, 89de1964-3948-43a8-885a-142089a2f45f:192.168.5.182:39929], old=null
2019-09-20 00:05:18,026 [5f35e7da-28ae-4b25-a1a4-54a4278033f1@group-032B6602E80F:LeaderElection116] INFO  impl.LeaderElection (LeaderElection.java:logAndReturn(56)) - 5f35e7da-28ae-4b25-a1a4-54a4278033f1@group-032B6602E80F:LeaderElection116: Election REJECTED; received 2 response(s) [5f35e7da-28ae-4b25-a1a4-54a4278033f1<-7d878657-54f8-4791-978a-386f775e0485#0:FAIL-t6, 5f35e7da-28ae-4b25-a1a4-54a4278033f1<-89de1964-3948-43a8-885a-142089a2f45f#0:FAIL-t6] and 0 exception(s); 5f35e7da-28ae-4b25-a1a4-54a4278033f1@group-032B6602E80F:t6, leader=null, voted=5f35e7da-28ae-4b25-a1a4-54a4278033f1, raftlog=5f35e7da-28ae-4b25-a1a4-54a4278033f1@group-032B6602E80F-SegmentedRaftLog:OPENED:c-1,f-1,i0, conf=-1: [7d878657-54f8-4791-978a-386f775e0485:192.168.5.182:36462, 5f35e7da-28ae-4b25-a1a4-54a4278033f1:192.168.5.182:43639, 89de1964-3948-43a8-885a-142089a2f45f:192.168.5.182:39929], old=null
2019-09-20 00:05:18,026 [89de1964-3948-43a8-885a-142089a2f45f@group-032B6602E80F:LeaderElection115] INFO  impl.RaftServerImpl (RaftServerImpl.java:setRole(174)) - 89de1964-3948-43a8-885a-142089a2f45f@group-032B6602E80F: changes role from CANDIDATE to FOLLOWER at term 6 for DISCOVERED_A_NEW_TERM
2019-09-20 00:05:18,026 [5f35e7da-28ae-4b25-a1a4-54a4278033f1@group-032B6602E80F:LeaderElection116] INFO  impl.RaftServerImpl (RaftServerImpl.java:setRole(174)) - 5f35e7da-28ae-4b25-a1a4-54a4278033f1@group-032B6602E80F: changes role from CANDIDATE to FOLLOWER at term 6 for DISCOVERED_A_NEW_TERM
2019-09-20 00:05:18,026 [89de1964-3948-43a8-885a-142089a2f45f@group-032B6602E80F:LeaderElection115] INFO  impl.RoleInfo (RoleInfo.java:shutdownLeaderElection(134)) - 89de1964-3948-43a8-885a-142089a2f45f: shutdown LeaderElection
2019-09-20 00:05:18,027 [5f35e7da-28ae-4b25-a1a4-54a4278033f1@group-032B6602E80F:LeaderElection116] INFO  impl.RoleInfo (RoleInfo.java:shutdownLeaderElection(134)) - 5f35e7da-28ae-4b25-a1a4-54a4278033f1: shutdown LeaderElection
2019-09-20 00:05:18,027 [89de1964-3948-43a8-885a-142089a2f45f@group-032B6602E80F:LeaderElection115] INFO  impl.RoleInfo (RoleInfo.java:updateAndGet(143)) - 89de1964-3948-43a8-885a-142089a2f45f: start FollowerState
2019-09-20 00:05:18,027 [5f35e7da-28ae-4b25-a1a4-54a4278033f1@group-032B6602E80F:LeaderElection116] INFO  impl.RoleInfo (RoleInfo.java:updateAndGet(143)) - 5f35e7da-28ae-4b25-a1a4-54a4278033f1: start FollowerState
2019-09-20 00:05:22,187 [main] INFO  ipc.CallQueueManager (CallQueueManager.java:<init>(84)) - Using callQueue: class java.util.concurrent.LinkedBlockingQueue, queueCapacity: 2000, scheduler: class org.apache.hadoop.ipc.DefaultRpcScheduler, ipcBackoff: false.
2019-09-20 00:05:22,190 [Socket Reader #1 for port 39176] INFO  ipc.Server (Server.java:run(1074)) - Starting Socket Reader #1 for port 39176
2019-09-20 00:05:22,215 [main] INFO  om.OzoneManager (OzoneManager.java:start(1243)) - OzoneManager RPC server is listening at localhost/127.0.0.1:39176
2019-09-20 00:05:22,215 [main] INFO  impl.MetricsSystemImpl (MetricsSystemImpl.java:init(158)) - OzoneManager metrics system started (again)
2019-09-20 00:05:22,216 [IPC Server Responder] INFO  ipc.Server (Server.java:run(1314)) - IPC Server Responder: starting
2019-09-20 00:05:22,216 [IPC Server listener on 39176] INFO  ipc.Server (Server.java:run(1153)) - IPC Server listener on 39176: starting
2019-09-20 00:05:22,231 [main] INFO  hdfs.DFSUtil (DFSUtil.java:httpServerTemplateForNNAndJN(1641)) - Starting Web-server for ozoneManager at: http://0.0.0.0:0
2019-09-20 00:05:22,233 [main] INFO  server.AuthenticationFilter (AuthenticationFilter.java:constructSecretProvider(240)) - Unable to initialize FileSignerSecretProvider, falling back to use random secrets.
2019-09-20 00:05:22,234 [main] WARN  http.HttpRequestLog (HttpRequestLog.java:getRequestLog(97)) - Jetty request log can only be enabled using Log4j
2019-09-20 00:05:22,235 [main] INFO  http.HttpServer2 (HttpServer2.java:addGlobalFilter(975)) - Added global filter 'safety' (class=org.apache.hadoop.http.HttpServer2$QuotingInputFilter)
2019-09-20 00:05:22,236 [main] INFO  http.HttpServer2 (HttpServer2.java:addFilter(948)) - Added filter static_user_filter (class=org.apache.hadoop.http.lib.StaticUserWebFilter$StaticUserFilter) to context ozoneManager
2019-09-20 00:05:22,236 [main] INFO  http.HttpServer2 (HttpServer2.java:addFilter(958)) - Added filter static_user_filter (class=org.apache.hadoop.http.lib.StaticUserWebFilter$StaticUserFilter) to context static
2019-09-20 00:05:22,236 [main] INFO  http.HttpServer2 (HttpServer2.java:addFilter(958)) - Added filter static_user_filter (class=org.apache.hadoop.http.lib.StaticUserWebFilter$StaticUserFilter) to context logs
2019-09-20 00:05:22,237 [main] INFO  http.HttpServer2 (HttpServer2.java:bindListener(1191)) - Jetty bound to port 44326
2019-09-20 00:05:22,237 [main] INFO  server.Server (Server.java:doStart(351)) - jetty-9.3.24.v20180605, build timestamp: 2018-06-05T17:11:56Z, git hash: 84205aa28f11a4f31f2a3b86d1bba2cc8ab69827
2019-09-20 00:05:22,239 [main] INFO  handler.ContextHandler (ContextHandler.java:doStart(781)) - Started o.e.j.s.ServletContextHandler@6bce313{/logs,file:///workdir/hadoop-ozone/integration-test/target/log,AVAILABLE}
2019-09-20 00:05:22,240 [main] INFO  handler.ContextHandler (ContextHandler.java:doStart(781)) - Started o.e.j.s.ServletContextHandler@74b00247{/static,file:///workdir/hadoop-ozone/integration-test/target/test-classes/webapps/static,AVAILABLE}
2019-09-20 00:05:22,244 [main] INFO  handler.ContextHandler (ContextHandler.java:doStart(781)) - Started o.e.j.w.WebAppContext@73f6e07{/,file:///workdir/hadoop-ozone/integration-test/target/test-classes/webapps/ozoneManager/,AVAILABLE}{/ozoneManager}
2019-09-20 00:05:22,245 [main] INFO  server.AbstractConnector (AbstractConnector.java:doStart(278)) - Started ServerConnector@2c9d90fc{HTTP/1.1,[http/1.1]}{0.0.0.0:44326}
2019-09-20 00:05:22,249 [main] INFO  server.Server (Server.java:doStart(419)) - Started @306008ms
2019-09-20 00:05:22,249 [main] WARN  impl.MetricsSystemImpl (MetricsSystemImpl.java:register(276)) - Sink prometheus already exists!
2019-09-20 00:05:22,252 [main] INFO  server.BaseHttpServer (BaseHttpServer.java:updateConnectorAddress(215)) - HTTP server of OZONEMANAGER is listening at http://0.0.0.0:44326
2019-09-20 00:05:22,269 [main] INFO  impl.MetricsSystemImpl (MetricsSystemImpl.java:init(158)) - HddsDatanode metrics system started (again)
2019-09-20 00:05:22,321 [main] INFO  ozone.HddsDatanodeService (HddsDatanodeService.java:start(184)) - HddsDatanodeService host:pr-hdds-2020-7x4rg-3348829713 ip:192.168.5.182
2019-09-20 00:05:22,333 [main] INFO  volume.HddsVolume (HddsVolume.java:<init>(176)) - Creating Volume: /workdir/hadoop-ozone/integration-test/target/test-dir/MiniOzoneClusterImpl-f43817f8-c2ee-484a-a975-3aa49b4c2d8f/datanode-0/data/containers/hdds of  storage type : DISK and capacity : 1482555576320
2019-09-20 00:05:22,333 [main] INFO  volume.VolumeSet (VolumeSet.java:initializeVolumeSet(170)) - Added Volume : /workdir/hadoop-ozone/integration-test/target/test-dir/MiniOzoneClusterImpl-f43817f8-c2ee-484a-a975-3aa49b4c2d8f/datanode-0/data/containers/hdds to VolumeSet
2019-09-20 00:05:22,333 [main] INFO  volume.ThrottledAsyncChecker (ThrottledAsyncChecker.java:schedule(139)) - Scheduling a check for org.apache.hadoop.ozone.container.common.volume.HddsVolume@52a7928a
2019-09-20 00:05:22,334 [main] INFO  volume.HddsVolumeChecker (HddsVolumeChecker.java:checkAllVolumes(202)) - Scheduled health check for volume org.apache.hadoop.ozone.container.common.volume.HddsVolume@52a7928a
2019-09-20 00:05:22,348 [main] INFO  impl.RaftServerProxy (ConfUtils.java:logGet(43)) - raft.rpc.type = GRPC (default)
2019-09-20 00:05:22,348 [main] INFO  grpc.GrpcFactory (GrpcFactory.java:checkPooledByteBufAllocatorUseCacheForAllThreads(45)) - PERFORMANCE WARNING: useCacheForAllThreads is true that may cause Netty to create a lot garbage objects and, as a result, trigger GC.
	It is recommended to disable useCacheForAllThreads by setting -Dorg.apache.ratis.thirdparty.io.netty.allocator.useCacheForAllThreads=false in command line.
2019-09-20 00:05:22,349 [main] INFO  grpc.GrpcConfigKeys$Server (ConfUtils.java:logGet(43)) - raft.grpc.server.port = 0 (default)
2019-09-20 00:05:22,349 [main] INFO  server.GrpcService (ConfUtils.java:logGet(43)) - raft.grpc.message.size.max = 33570816 (custom)
2019-09-20 00:05:22,349 [main] INFO  server.RaftServerConfigKeys (ConfUtils.java:logGet(43)) - raft.server.log.appender.buffer.byte-limit = 33554432 (custom)
2019-09-20 00:05:22,349 [main] INFO  server.GrpcService (ConfUtils.java:logGet(43)) - raft.grpc.flow.control.window = 1MB (=1048576) (default)
2019-09-20 00:05:22,349 [main] INFO  server.RaftServerConfigKeys (ConfUtils.java:logGet(43)) - raft.server.rpc.request.timeout = 3000ms (default)
2019-09-20 00:05:22,350 [main] INFO  server.RaftServerConfigKeys (ConfUtils.java:logGet(43)) - raft.server.storage.dir = [/workdir/hadoop-ozone/integration-test/target/test-dir/MiniOzoneClusterImpl-f43817f8-c2ee-484a-a975-3aa49b4c2d8f/datanode-0/data/ratis] (custom)
2019-09-20 00:05:22,351 [main] INFO  hdfs.DFSUtil (DFSUtil.java:httpServerTemplateForNNAndJN(1641)) - Starting Web-server for hddsDatanode at: http://0.0.0.0:0
2019-09-20 00:05:22,353 [main] INFO  server.AuthenticationFilter (AuthenticationFilter.java:constructSecretProvider(240)) - Unable to initialize FileSignerSecretProvider, falling back to use random secrets.
2019-09-20 00:05:22,353 [main] WARN  http.HttpRequestLog (HttpRequestLog.java:getRequestLog(97)) - Jetty request log can only be enabled using Log4j
2019-09-20 00:05:22,354 [main] INFO  http.HttpServer2 (HttpServer2.java:addGlobalFilter(975)) - Added global filter 'safety' (class=org.apache.hadoop.http.HttpServer2$QuotingInputFilter)
2019-09-20 00:05:22,354 [main] INFO  http.HttpServer2 (HttpServer2.java:addFilter(948)) - Added filter static_user_filter (class=org.apache.hadoop.http.lib.StaticUserWebFilter$StaticUserFilter) to context hddsDatanode
2019-09-20 00:05:22,355 [main] INFO  http.HttpServer2 (HttpServer2.java:addFilter(958)) - Added filter static_user_filter (class=org.apache.hadoop.http.lib.StaticUserWebFilter$StaticUserFilter) to context static
2019-09-20 00:05:22,355 [main] INFO  http.HttpServer2 (HttpServer2.java:addFilter(958)) - Added filter static_user_filter (class=org.apache.hadoop.http.lib.StaticUserWebFilter$StaticUserFilter) to context logs
2019-09-20 00:05:22,355 [main] INFO  http.HttpServer2 (HttpServer2.java:bindListener(1191)) - Jetty bound to port 43005
2019-09-20 00:05:22,356 [main] INFO  server.Server (Server.java:doStart(351)) - jetty-9.3.24.v20180605, build timestamp: 2018-06-05T17:11:56Z, git hash: 84205aa28f11a4f31f2a3b86d1bba2cc8ab69827
2019-09-20 00:05:22,357 [main] INFO  handler.ContextHandler (ContextHandler.java:doStart(781)) - Started o.e.j.s.ServletContextHandler@7aded903{/logs,file:///workdir/hadoop-ozone/integration-test/target/log,AVAILABLE}
2019-09-20 00:05:22,357 [main] INFO  handler.ContextHandler (ContextHandler.java:doStart(781)) - Started o.e.j.s.ServletContextHandler@261f359f{/static,jar:file:/home/user/.m2/repository/org/apache/hadoop/hadoop-hdds-container-service/0.5.0-SNAPSHOT/hadoop-hdds-container-service-0.5.0-SNAPSHOT.jar!/webapps/static,AVAILABLE}
2019-09-20 00:05:22,384 [main] INFO  handler.ContextHandler (ContextHandler.java:doStart(781)) - Started o.e.j.w.WebAppContext@33ec2c0c{/,file:///tmp/jetty-0.0.0.0-43005-hddsDatanode-_-any-339232880720326382.dir/webapp/,AVAILABLE}{/hddsDatanode}
2019-09-20 00:05:22,385 [main] INFO  server.AbstractConnector (AbstractConnector.java:doStart(278)) - Started ServerConnector@5968800d{HTTP/1.1,[http/1.1]}{0.0.0.0:43005}
2019-09-20 00:05:22,389 [main] INFO  server.Server (Server.java:doStart(419)) - Started @306148ms
2019-09-20 00:05:22,389 [main] WARN  impl.MetricsSystemImpl (MetricsSystemImpl.java:register(276)) - Sink prometheus already exists!
2019-09-20 00:05:22,390 [main] INFO  server.BaseHttpServer (BaseHttpServer.java:updateConnectorAddress(215)) - HTTP server of HDDSDATANODE is listening at http://0.0.0.0:43005
2019-09-20 00:05:22,390 [main] INFO  impl.MetricsSystemImpl (MetricsSystemImpl.java:init(158)) - HddsDatanode metrics system started (again)
2019-09-20 00:05:22,435 [org.apache.hadoop.util.JvmPauseMonitor$Monitor@53334dcb] INFO  util.JvmPauseMonitor (JvmPauseMonitor.java:run(188)) - Starting JVM pause monitor
2019-09-20 00:05:22,437 [main] INFO  ozone.HddsDatanodeService (HddsDatanodeService.java:start(184)) - HddsDatanodeService host:pr-hdds-2020-7x4rg-3348829713 ip:192.168.5.182
2019-09-20 00:05:22,437 [Datanode State Machine Thread - 0] INFO  datanode.InitDatanodeState (InitDatanodeState.java:persistContainerDatanodeDetails(140)) - DatanodeDetails is persisted to /workdir/hadoop-ozone/integration-test/target/test-dir/MiniOzoneClusterImpl-f43817f8-c2ee-484a-a975-3aa49b4c2d8f/datanode-0/meta/datanode.id
2019-09-20 00:05:22,448 [main] INFO  volume.HddsVolume (HddsVolume.java:<init>(176)) - Creating Volume: /workdir/hadoop-ozone/integration-test/target/test-dir/MiniOzoneClusterImpl-f43817f8-c2ee-484a-a975-3aa49b4c2d8f/datanode-1/data/containers/hdds of  storage type : DISK and capacity : 1482555576320
2019-09-20 00:05:22,448 [main] INFO  volume.VolumeSet (VolumeSet.java:initializeVolumeSet(170)) - Added Volume : /workdir/hadoop-ozone/integration-test/target/test-dir/MiniOzoneClusterImpl-f43817f8-c2ee-484a-a975-3aa49b4c2d8f/datanode-1/data/containers/hdds to VolumeSet
2019-09-20 00:05:22,448 [main] INFO  volume.ThrottledAsyncChecker (ThrottledAsyncChecker.java:schedule(139)) - Scheduling a check for org.apache.hadoop.ozone.container.common.volume.HddsVolume@6da54910
2019-09-20 00:05:22,449 [main] INFO  volume.HddsVolumeChecker (HddsVolumeChecker.java:checkAllVolumes(202)) - Scheduled health check for volume org.apache.hadoop.ozone.container.common.volume.HddsVolume@6da54910
2019-09-20 00:05:22,462 [main] INFO  impl.RaftServerProxy (ConfUtils.java:logGet(43)) - raft.rpc.type = GRPC (default)
2019-09-20 00:05:22,463 [main] INFO  grpc.GrpcFactory (GrpcFactory.java:checkPooledByteBufAllocatorUseCacheForAllThreads(45)) - PERFORMANCE WARNING: useCacheForAllThreads is true that may cause Netty to create a lot garbage objects and, as a result, trigger GC.
	It is recommended to disable useCacheForAllThreads by setting -Dorg.apache.ratis.thirdparty.io.netty.allocator.useCacheForAllThreads=false in command line.
2019-09-20 00:05:22,463 [main] INFO  grpc.GrpcConfigKeys$Server (ConfUtils.java:logGet(43)) - raft.grpc.server.port = 0 (default)
2019-09-20 00:05:22,463 [main] INFO  server.GrpcService (ConfUtils.java:logGet(43)) - raft.grpc.message.size.max = 33570816 (custom)
2019-09-20 00:05:22,463 [main] INFO  server.RaftServerConfigKeys (ConfUtils.java:logGet(43)) - raft.server.log.appender.buffer.byte-limit = 33554432 (custom)
2019-09-20 00:05:22,463 [main] INFO  server.GrpcService (ConfUtils.java:logGet(43)) - raft.grpc.flow.control.window = 1MB (=1048576) (default)
2019-09-20 00:05:22,463 [main] INFO  server.RaftServerConfigKeys (ConfUtils.java:logGet(43)) - raft.server.rpc.request.timeout = 3000ms (default)
2019-09-20 00:05:22,464 [main] INFO  server.RaftServerConfigKeys (ConfUtils.java:logGet(43)) - raft.server.storage.dir = [/workdir/hadoop-ozone/integration-test/target/test-dir/MiniOzoneClusterImpl-f43817f8-c2ee-484a-a975-3aa49b4c2d8f/datanode-1/data/ratis] (custom)
2019-09-20 00:05:22,465 [main] INFO  hdfs.DFSUtil (DFSUtil.java:httpServerTemplateForNNAndJN(1641)) - Starting Web-server for hddsDatanode at: http://0.0.0.0:0
2019-09-20 00:05:22,466 [main] INFO  server.AuthenticationFilter (AuthenticationFilter.java:constructSecretProvider(240)) - Unable to initialize FileSignerSecretProvider, falling back to use random secrets.
2019-09-20 00:05:22,466 [main] WARN  http.HttpRequestLog (HttpRequestLog.java:getRequestLog(97)) - Jetty request log can only be enabled using Log4j
2019-09-20 00:05:22,468 [main] INFO  http.HttpServer2 (HttpServer2.java:addGlobalFilter(975)) - Added global filter 'safety' (class=org.apache.hadoop.http.HttpServer2$QuotingInputFilter)
2019-09-20 00:05:22,468 [main] INFO  http.HttpServer2 (HttpServer2.java:addFilter(948)) - Added filter static_user_filter (class=org.apache.hadoop.http.lib.StaticUserWebFilter$StaticUserFilter) to context hddsDatanode
2019-09-20 00:05:22,468 [main] INFO  http.HttpServer2 (HttpServer2.java:addFilter(958)) - Added filter static_user_filter (class=org.apache.hadoop.http.lib.StaticUserWebFilter$StaticUserFilter) to context static
2019-09-20 00:05:22,468 [main] INFO  http.HttpServer2 (HttpServer2.java:addFilter(958)) - Added filter static_user_filter (class=org.apache.hadoop.http.lib.StaticUserWebFilter$StaticUserFilter) to context logs
2019-09-20 00:05:22,469 [main] INFO  http.HttpServer2 (HttpServer2.java:bindListener(1191)) - Jetty bound to port 42704
2019-09-20 00:05:22,469 [main] INFO  server.Server (Server.java:doStart(351)) - jetty-9.3.24.v20180605, build timestamp: 2018-06-05T17:11:56Z, git hash: 84205aa28f11a4f31f2a3b86d1bba2cc8ab69827
2019-09-20 00:05:22,471 [main] INFO  handler.ContextHandler (ContextHandler.java:doStart(781)) - Started o.e.j.s.ServletContextHandler@119290b9{/logs,file:///workdir/hadoop-ozone/integration-test/target/log,AVAILABLE}
2019-09-20 00:05:22,471 [main] INFO  handler.ContextHandler (ContextHandler.java:doStart(781)) - Started o.e.j.s.ServletContextHandler@62cbc478{/static,jar:file:/home/user/.m2/repository/org/apache/hadoop/hadoop-hdds-container-service/0.5.0-SNAPSHOT/hadoop-hdds-container-service-0.5.0-SNAPSHOT.jar!/webapps/static,AVAILABLE}
2019-09-20 00:05:22,498 [main] INFO  handler.ContextHandler (ContextHandler.java:doStart(781)) - Started o.e.j.w.WebAppContext@de77146{/,file:///tmp/jetty-0.0.0.0-42704-hddsDatanode-_-any-4262073765355400456.dir/webapp/,AVAILABLE}{/hddsDatanode}
2019-09-20 00:05:22,499 [main] INFO  server.AbstractConnector (AbstractConnector.java:doStart(278)) - Started ServerConnector@691567ea{HTTP/1.1,[http/1.1]}{0.0.0.0:42704}
2019-09-20 00:05:22,503 [main] INFO  server.Server (Server.java:doStart(419)) - Started @306262ms
2019-09-20 00:05:22,503 [main] WARN  impl.MetricsSystemImpl (MetricsSystemImpl.java:register(276)) - Sink prometheus already exists!
2019-09-20 00:05:22,504 [main] INFO  server.BaseHttpServer (BaseHttpServer.java:updateConnectorAddress(215)) - HTTP server of HDDSDATANODE is listening at http://0.0.0.0:42704
2019-09-20 00:05:22,504 [main] INFO  impl.MetricsSystemImpl (MetricsSystemImpl.java:init(158)) - HddsDatanode metrics system started (again)
2019-09-20 00:05:22,551 [org.apache.hadoop.util.JvmPauseMonitor$Monitor@7d88c447] INFO  util.JvmPauseMonitor (JvmPauseMonitor.java:run(188)) - Starting JVM pause monitor
2019-09-20 00:05:22,553 [Datanode State Machine Thread - 0] INFO  datanode.InitDatanodeState (InitDatanodeState.java:persistContainerDatanodeDetails(140)) - DatanodeDetails is persisted to /workdir/hadoop-ozone/integration-test/target/test-dir/MiniOzoneClusterImpl-f43817f8-c2ee-484a-a975-3aa49b4c2d8f/datanode-1/meta/datanode.id
2019-09-20 00:05:22,554 [main] INFO  ozone.HddsDatanodeService (HddsDatanodeService.java:start(184)) - HddsDatanodeService host:pr-hdds-2020-7x4rg-3348829713 ip:192.168.5.182
2019-09-20 00:05:22,566 [main] INFO  volume.HddsVolume (HddsVolume.java:<init>(176)) - Creating Volume: /workdir/hadoop-ozone/integration-test/target/test-dir/MiniOzoneClusterImpl-f43817f8-c2ee-484a-a975-3aa49b4c2d8f/datanode-2/data/containers/hdds of  storage type : DISK and capacity : 1482555576320
2019-09-20 00:05:22,567 [main] INFO  volume.VolumeSet (VolumeSet.java:initializeVolumeSet(170)) - Added Volume : /workdir/hadoop-ozone/integration-test/target/test-dir/MiniOzoneClusterImpl-f43817f8-c2ee-484a-a975-3aa49b4c2d8f/datanode-2/data/containers/hdds to VolumeSet
2019-09-20 00:05:22,567 [main] INFO  volume.ThrottledAsyncChecker (ThrottledAsyncChecker.java:schedule(139)) - Scheduling a check for org.apache.hadoop.ozone.container.common.volume.HddsVolume@285a4fe3
2019-09-20 00:05:22,568 [main] INFO  volume.HddsVolumeChecker (HddsVolumeChecker.java:checkAllVolumes(202)) - Scheduled health check for volume org.apache.hadoop.ozone.container.common.volume.HddsVolume@285a4fe3
2019-09-20 00:05:22,584 [main] INFO  impl.RaftServerProxy (ConfUtils.java:logGet(43)) - raft.rpc.type = GRPC (default)
2019-09-20 00:05:22,584 [main] INFO  grpc.GrpcFactory (GrpcFactory.java:checkPooledByteBufAllocatorUseCacheForAllThreads(45)) - PERFORMANCE WARNING: useCacheForAllThreads is true that may cause Netty to create a lot garbage objects and, as a result, trigger GC.
	It is recommended to disable useCacheForAllThreads by setting -Dorg.apache.ratis.thirdparty.io.netty.allocator.useCacheForAllThreads=false in command line.
2019-09-20 00:05:22,584 [main] INFO  grpc.GrpcConfigKeys$Server (ConfUtils.java:logGet(43)) - raft.grpc.server.port = 0 (default)
2019-09-20 00:05:22,584 [main] INFO  server.GrpcService (ConfUtils.java:logGet(43)) - raft.grpc.message.size.max = 33570816 (custom)
2019-09-20 00:05:22,584 [main] INFO  server.RaftServerConfigKeys (ConfUtils.java:logGet(43)) - raft.server.log.appender.buffer.byte-limit = 33554432 (custom)
2019-09-20 00:05:22,585 [main] INFO  server.GrpcService (ConfUtils.java:logGet(43)) - raft.grpc.flow.control.window = 1MB (=1048576) (default)
2019-09-20 00:05:22,585 [main] INFO  server.RaftServerConfigKeys (ConfUtils.java:logGet(43)) - raft.server.rpc.request.timeout = 3000ms (default)
2019-09-20 00:05:22,585 [main] INFO  server.RaftServerConfigKeys (ConfUtils.java:logGet(43)) - raft.server.storage.dir = [/workdir/hadoop-ozone/integration-test/target/test-dir/MiniOzoneClusterImpl-f43817f8-c2ee-484a-a975-3aa49b4c2d8f/datanode-2/data/ratis] (custom)
2019-09-20 00:05:22,586 [main] INFO  hdfs.DFSUtil (DFSUtil.java:httpServerTemplateForNNAndJN(1641)) - Starting Web-server for hddsDatanode at: http://0.0.0.0:0
2019-09-20 00:05:22,588 [main] INFO  server.AuthenticationFilter (AuthenticationFilter.java:constructSecretProvider(240)) - Unable to initialize FileSignerSecretProvider, falling back to use random secrets.
2019-09-20 00:05:22,588 [main] WARN  http.HttpRequestLog (HttpRequestLog.java:getRequestLog(97)) - Jetty request log can only be enabled using Log4j
2019-09-20 00:05:22,589 [main] INFO  http.HttpServer2 (HttpServer2.java:addGlobalFilter(975)) - Added global filter 'safety' (class=org.apache.hadoop.http.HttpServer2$QuotingInputFilter)
2019-09-20 00:05:22,590 [main] INFO  http.HttpServer2 (HttpServer2.java:addFilter(948)) - Added filter static_user_filter (class=org.apache.hadoop.http.lib.StaticUserWebFilter$StaticUserFilter) to context hddsDatanode
2019-09-20 00:05:22,590 [main] INFO  http.HttpServer2 (HttpServer2.java:addFilter(958)) - Added filter static_user_filter (class=org.apache.hadoop.http.lib.StaticUserWebFilter$StaticUserFilter) to context static
2019-09-20 00:05:22,590 [main] INFO  http.HttpServer2 (HttpServer2.java:addFilter(958)) - Added filter static_user_filter (class=org.apache.hadoop.http.lib.StaticUserWebFilter$StaticUserFilter) to context logs
2019-09-20 00:05:22,591 [main] INFO  http.HttpServer2 (HttpServer2.java:bindListener(1191)) - Jetty bound to port 35408
2019-09-20 00:05:22,591 [main] INFO  server.Server (Server.java:doStart(351)) - jetty-9.3.24.v20180605, build timestamp: 2018-06-05T17:11:56Z, git hash: 84205aa28f11a4f31f2a3b86d1bba2cc8ab69827
2019-09-20 00:05:22,593 [main] INFO  handler.ContextHandler (ContextHandler.java:doStart(781)) - Started o.e.j.s.ServletContextHandler@6222391a{/logs,file:///workdir/hadoop-ozone/integration-test/target/log,AVAILABLE}
2019-09-20 00:05:22,593 [main] INFO  handler.ContextHandler (ContextHandler.java:doStart(781)) - Started o.e.j.s.ServletContextHandler@d2708a7{/static,jar:file:/home/user/.m2/repository/org/apache/hadoop/hadoop-hdds-container-service/0.5.0-SNAPSHOT/hadoop-hdds-container-service-0.5.0-SNAPSHOT.jar!/webapps/static,AVAILABLE}
2019-09-20 00:05:22,623 [main] INFO  handler.ContextHandler (ContextHandler.java:doStart(781)) - Started o.e.j.w.WebAppContext@3fb450d7{/,file:///tmp/jetty-0.0.0.0-35408-hddsDatanode-_-any-5823690531454382797.dir/webapp/,AVAILABLE}{/hddsDatanode}
2019-09-20 00:05:22,623 [main] INFO  server.AbstractConnector (AbstractConnector.java:doStart(278)) - Started ServerConnector@4b7ed03e{HTTP/1.1,[http/1.1]}{0.0.0.0:35408}
2019-09-20 00:05:22,628 [main] INFO  server.Server (Server.java:doStart(419)) - Started @306387ms
2019-09-20 00:05:22,629 [main] WARN  impl.MetricsSystemImpl (MetricsSystemImpl.java:register(276)) - Sink prometheus already exists!
2019-09-20 00:05:22,629 [main] INFO  server.BaseHttpServer (BaseHttpServer.java:updateConnectorAddress(215)) - HTTP server of HDDSDATANODE is listening at http://0.0.0.0:35408
2019-09-20 00:05:22,630 [main] INFO  impl.MetricsSystemImpl (MetricsSystemImpl.java:init(158)) - HddsDatanode metrics system started (again)
2019-09-20 00:05:22,681 [org.apache.hadoop.util.JvmPauseMonitor$Monitor@28071541] INFO  util.JvmPauseMonitor (JvmPauseMonitor.java:run(188)) - Starting JVM pause monitor
2019-09-20 00:05:22,683 [main] INFO  ozone.HddsDatanodeService (HddsDatanodeService.java:start(184)) - HddsDatanodeService host:pr-hdds-2020-7x4rg-3348829713 ip:192.168.5.182
2019-09-20 00:05:22,685 [Datanode State Machine Thread - 0] INFO  datanode.InitDatanodeState (InitDatanodeState.java:persistContainerDatanodeDetails(140)) - DatanodeDetails is persisted to /workdir/hadoop-ozone/integration-test/target/test-dir/MiniOzoneClusterImpl-f43817f8-c2ee-484a-a975-3aa49b4c2d8f/datanode-2/meta/datanode.id
2019-09-20 00:05:22,697 [main] INFO  volume.HddsVolume (HddsVolume.java:<init>(176)) - Creating Volume: /workdir/hadoop-ozone/integration-test/target/test-dir/MiniOzoneClusterImpl-f43817f8-c2ee-484a-a975-3aa49b4c2d8f/datanode-3/data/containers/hdds of  storage type : DISK and capacity : 1482555576320
2019-09-20 00:05:22,697 [main] INFO  volume.VolumeSet (VolumeSet.java:initializeVolumeSet(170)) - Added Volume : /workdir/hadoop-ozone/integration-test/target/test-dir/MiniOzoneClusterImpl-f43817f8-c2ee-484a-a975-3aa49b4c2d8f/datanode-3/data/containers/hdds to VolumeSet
2019-09-20 00:05:22,697 [main] INFO  volume.ThrottledAsyncChecker (ThrottledAsyncChecker.java:schedule(139)) - Scheduling a check for org.apache.hadoop.ozone.container.common.volume.HddsVolume@251c90f
2019-09-20 00:05:22,698 [main] INFO  volume.HddsVolumeChecker (HddsVolumeChecker.java:checkAllVolumes(202)) - Scheduled health check for volume org.apache.hadoop.ozone.container.common.volume.HddsVolume@251c90f
2019-09-20 00:05:22,714 [main] INFO  impl.RaftServerProxy (ConfUtils.java:logGet(43)) - raft.rpc.type = GRPC (default)
2019-09-20 00:05:22,714 [main] INFO  grpc.GrpcFactory (GrpcFactory.java:checkPooledByteBufAllocatorUseCacheForAllThreads(45)) - PERFORMANCE WARNING: useCacheForAllThreads is true that may cause Netty to create a lot garbage objects and, as a result, trigger GC.
	It is recommended to disable useCacheForAllThreads by setting -Dorg.apache.ratis.thirdparty.io.netty.allocator.useCacheForAllThreads=false in command line.
2019-09-20 00:05:22,715 [main] INFO  grpc.GrpcConfigKeys$Server (ConfUtils.java:logGet(43)) - raft.grpc.server.port = 0 (default)
2019-09-20 00:05:22,715 [main] INFO  server.GrpcService (ConfUtils.java:logGet(43)) - raft.grpc.message.size.max = 33570816 (custom)
2019-09-20 00:05:22,715 [main] INFO  server.RaftServerConfigKeys (ConfUtils.java:logGet(43)) - raft.server.log.appender.buffer.byte-limit = 33554432 (custom)
2019-09-20 00:05:22,715 [main] INFO  server.GrpcService (ConfUtils.java:logGet(43)) - raft.grpc.flow.control.window = 1MB (=1048576) (default)
2019-09-20 00:05:22,715 [main] INFO  server.RaftServerConfigKeys (ConfUtils.java:logGet(43)) - raft.server.rpc.request.timeout = 3000ms (default)
2019-09-20 00:05:22,716 [main] INFO  server.RaftServerConfigKeys (ConfUtils.java:logGet(43)) - raft.server.storage.dir = [/workdir/hadoop-ozone/integration-test/target/test-dir/MiniOzoneClusterImpl-f43817f8-c2ee-484a-a975-3aa49b4c2d8f/datanode-3/data/ratis] (custom)
2019-09-20 00:05:22,718 [main] INFO  hdfs.DFSUtil (DFSUtil.java:httpServerTemplateForNNAndJN(1641)) - Starting Web-server for hddsDatanode at: http://0.0.0.0:0
2019-09-20 00:05:22,720 [main] INFO  server.AuthenticationFilter (AuthenticationFilter.java:constructSecretProvider(240)) - Unable to initialize FileSignerSecretProvider, falling back to use random secrets.
2019-09-20 00:05:22,720 [main] WARN  http.HttpRequestLog (HttpRequestLog.java:getRequestLog(97)) - Jetty request log can only be enabled using Log4j
2019-09-20 00:05:22,722 [main] INFO  http.HttpServer2 (HttpServer2.java:addGlobalFilter(975)) - Added global filter 'safety' (class=org.apache.hadoop.http.HttpServer2$QuotingInputFilter)
2019-09-20 00:05:22,722 [main] INFO  http.HttpServer2 (HttpServer2.java:addFilter(948)) - Added filter static_user_filter (class=org.apache.hadoop.http.lib.StaticUserWebFilter$StaticUserFilter) to context hddsDatanode
2019-09-20 00:05:22,722 [main] INFO  http.HttpServer2 (HttpServer2.java:addFilter(958)) - Added filter static_user_filter (class=org.apache.hadoop.http.lib.StaticUserWebFilter$StaticUserFilter) to context logs
2019-09-20 00:05:22,722 [main] INFO  http.HttpServer2 (HttpServer2.java:addFilter(958)) - Added filter static_user_filter (class=org.apache.hadoop.http.lib.StaticUserWebFilter$StaticUserFilter) to context static
2019-09-20 00:05:22,723 [main] INFO  http.HttpServer2 (HttpServer2.java:bindListener(1191)) - Jetty bound to port 43150
2019-09-20 00:05:22,723 [main] INFO  server.Server (Server.java:doStart(351)) - jetty-9.3.24.v20180605, build timestamp: 2018-06-05T17:11:56Z, git hash: 84205aa28f11a4f31f2a3b86d1bba2cc8ab69827
2019-09-20 00:05:22,725 [main] INFO  handler.ContextHandler (ContextHandler.java:doStart(781)) - Started o.e.j.s.ServletContextHandler@7d0cd23c{/logs,file:///workdir/hadoop-ozone/integration-test/target/log,AVAILABLE}
2019-09-20 00:05:22,726 [main] INFO  handler.ContextHandler (ContextHandler.java:doStart(781)) - Started o.e.j.s.ServletContextHandler@6b0f266e{/static,jar:file:/home/user/.m2/repository/org/apache/hadoop/hadoop-hdds-container-service/0.5.0-SNAPSHOT/hadoop-hdds-container-service-0.5.0-SNAPSHOT.jar!/webapps/static,AVAILABLE}
2019-09-20 00:05:22,752 [main] INFO  handler.ContextHandler (ContextHandler.java:doStart(781)) - Started o.e.j.w.WebAppContext@6b70d1fb{/,file:///tmp/jetty-0.0.0.0-43150-hddsDatanode-_-any-3334996187534822995.dir/webapp/,AVAILABLE}{/hddsDatanode}
2019-09-20 00:05:22,752 [main] INFO  server.AbstractConnector (AbstractConnector.java:doStart(278)) - Started ServerConnector@3002e397{HTTP/1.1,[http/1.1]}{0.0.0.0:43150}
2019-09-20 00:05:22,757 [main] INFO  server.Server (Server.java:doStart(419)) - Started @306515ms
2019-09-20 00:05:22,757 [main] WARN  impl.MetricsSystemImpl (MetricsSystemImpl.java:register(276)) - Sink prometheus already exists!
2019-09-20 00:05:22,757 [main] INFO  server.BaseHttpServer (BaseHttpServer.java:updateConnectorAddress(215)) - HTTP server of HDDSDATANODE is listening at http://0.0.0.0:43150
2019-09-20 00:05:22,758 [main] INFO  impl.MetricsSystemImpl (MetricsSystemImpl.java:init(158)) - HddsDatanode metrics system started (again)
2019-09-20 00:05:22,807 [org.apache.hadoop.util.JvmPauseMonitor$Monitor@2c6c904c] INFO  util.JvmPauseMonitor (JvmPauseMonitor.java:run(188)) - Starting JVM pause monitor
2019-09-20 00:05:22,808 [Datanode State Machine Thread - 0] INFO  datanode.InitDatanodeState (InitDatanodeState.java:persistContainerDatanodeDetails(140)) - DatanodeDetails is persisted to /workdir/hadoop-ozone/integration-test/target/test-dir/MiniOzoneClusterImpl-f43817f8-c2ee-484a-a975-3aa49b4c2d8f/datanode-3/meta/datanode.id
2019-09-20 00:05:22,810 [main] INFO  ozone.HddsDatanodeService (HddsDatanodeService.java:start(184)) - HddsDatanodeService host:pr-hdds-2020-7x4rg-3348829713 ip:192.168.5.182
2019-09-20 00:05:22,825 [main] INFO  volume.HddsVolume (HddsVolume.java:<init>(176)) - Creating Volume: /workdir/hadoop-ozone/integration-test/target/test-dir/MiniOzoneClusterImpl-f43817f8-c2ee-484a-a975-3aa49b4c2d8f/datanode-4/data/containers/hdds of  storage type : DISK and capacity : 1482555576320
2019-09-20 00:05:22,825 [main] INFO  volume.VolumeSet (VolumeSet.java:initializeVolumeSet(170)) - Added Volume : /workdir/hadoop-ozone/integration-test/target/test-dir/MiniOzoneClusterImpl-f43817f8-c2ee-484a-a975-3aa49b4c2d8f/datanode-4/data/containers/hdds to VolumeSet
2019-09-20 00:05:22,826 [main] INFO  volume.ThrottledAsyncChecker (ThrottledAsyncChecker.java:schedule(139)) - Scheduling a check for org.apache.hadoop.ozone.container.common.volume.HddsVolume@55361f03
2019-09-20 00:05:22,826 [main] INFO  volume.HddsVolumeChecker (HddsVolumeChecker.java:checkAllVolumes(202)) - Scheduled health check for volume org.apache.hadoop.ozone.container.common.volume.HddsVolume@55361f03
2019-09-20 00:05:22,865 [main] INFO  impl.RaftServerProxy (ConfUtils.java:logGet(43)) - raft.rpc.type = GRPC (default)
2019-09-20 00:05:22,865 [main] INFO  grpc.GrpcFactory (GrpcFactory.java:checkPooledByteBufAllocatorUseCacheForAllThreads(45)) - PERFORMANCE WARNING: useCacheForAllThreads is true that may cause Netty to create a lot garbage objects and, as a result, trigger GC.
	It is recommended to disable useCacheForAllThreads by setting -Dorg.apache.ratis.thirdparty.io.netty.allocator.useCacheForAllThreads=false in command line.
2019-09-20 00:05:22,866 [main] INFO  grpc.GrpcConfigKeys$Server (ConfUtils.java:logGet(43)) - raft.grpc.server.port = 0 (default)
2019-09-20 00:05:22,866 [main] INFO  server.GrpcService (ConfUtils.java:logGet(43)) - raft.grpc.message.size.max = 33570816 (custom)
2019-09-20 00:05:22,866 [main] INFO  server.RaftServerConfigKeys (ConfUtils.java:logGet(43)) - raft.server.log.appender.buffer.byte-limit = 33554432 (custom)
2019-09-20 00:05:22,866 [main] INFO  server.GrpcService (ConfUtils.java:logGet(43)) - raft.grpc.flow.control.window = 1MB (=1048576) (default)
2019-09-20 00:05:22,866 [main] INFO  server.RaftServerConfigKeys (ConfUtils.java:logGet(43)) - raft.server.rpc.request.timeout = 3000ms (default)
2019-09-20 00:05:22,867 [main] INFO  server.RaftServerConfigKeys (ConfUtils.java:logGet(43)) - raft.server.storage.dir = [/workdir/hadoop-ozone/integration-test/target/test-dir/MiniOzoneClusterImpl-f43817f8-c2ee-484a-a975-3aa49b4c2d8f/datanode-4/data/ratis] (custom)
2019-09-20 00:05:22,868 [main] INFO  hdfs.DFSUtil (DFSUtil.java:httpServerTemplateForNNAndJN(1641)) - Starting Web-server for hddsDatanode at: http://0.0.0.0:0
2019-09-20 00:05:22,869 [main] INFO  server.AuthenticationFilter (AuthenticationFilter.java:constructSecretProvider(240)) - Unable to initialize FileSignerSecretProvider, falling back to use random secrets.
2019-09-20 00:05:22,870 [main] WARN  http.HttpRequestLog (HttpRequestLog.java:getRequestLog(97)) - Jetty request log can only be enabled using Log4j
2019-09-20 00:05:22,871 [main] INFO  http.HttpServer2 (HttpServer2.java:addGlobalFilter(975)) - Added global filter 'safety' (class=org.apache.hadoop.http.HttpServer2$QuotingInputFilter)
2019-09-20 00:05:22,872 [main] INFO  http.HttpServer2 (HttpServer2.java:addFilter(948)) - Added filter static_user_filter (class=org.apache.hadoop.http.lib.StaticUserWebFilter$StaticUserFilter) to context hddsDatanode
2019-09-20 00:05:22,872 [main] INFO  http.HttpServer2 (HttpServer2.java:addFilter(958)) - Added filter static_user_filter (class=org.apache.hadoop.http.lib.StaticUserWebFilter$StaticUserFilter) to context logs
2019-09-20 00:05:22,872 [main] INFO  http.HttpServer2 (HttpServer2.java:addFilter(958)) - Added filter static_user_filter (class=org.apache.hadoop.http.lib.StaticUserWebFilter$StaticUserFilter) to context static
2019-09-20 00:05:22,873 [main] INFO  http.HttpServer2 (HttpServer2.java:bindListener(1191)) - Jetty bound to port 34367
2019-09-20 00:05:22,873 [main] INFO  server.Server (Server.java:doStart(351)) - jetty-9.3.24.v20180605, build timestamp: 2018-06-05T17:11:56Z, git hash: 84205aa28f11a4f31f2a3b86d1bba2cc8ab69827
2019-09-20 00:05:22,874 [main] INFO  handler.ContextHandler (ContextHandler.java:doStart(781)) - Started o.e.j.s.ServletContextHandler@5fb3111a{/logs,file:///workdir/hadoop-ozone/integration-test/target/log,AVAILABLE}
2019-09-20 00:05:22,875 [main] INFO  handler.ContextHandler (ContextHandler.java:doStart(781)) - Started o.e.j.s.ServletContextHandler@23bd0c81{/static,jar:file:/home/user/.m2/repository/org/apache/hadoop/hadoop-hdds-container-service/0.5.0-SNAPSHOT/hadoop-hdds-container-service-0.5.0-SNAPSHOT.jar!/webapps/static,AVAILABLE}
2019-09-20 00:05:22,902 [main] INFO  handler.ContextHandler (ContextHandler.java:doStart(781)) - Started o.e.j.w.WebAppContext@3487442d{/,file:///tmp/jetty-0.0.0.0-34367-hddsDatanode-_-any-6652950006120008981.dir/webapp/,AVAILABLE}{/hddsDatanode}
2019-09-20 00:05:22,903 [main] INFO  server.AbstractConnector (AbstractConnector.java:doStart(278)) - Started ServerConnector@530ee28b{HTTP/1.1,[http/1.1]}{0.0.0.0:34367}
2019-09-20 00:05:22,907 [main] INFO  server.Server (Server.java:doStart(419)) - Started @306666ms
2019-09-20 00:05:22,907 [main] WARN  impl.MetricsSystemImpl (MetricsSystemImpl.java:register(276)) - Sink prometheus already exists!
2019-09-20 00:05:22,908 [main] INFO  server.BaseHttpServer (BaseHttpServer.java:updateConnectorAddress(215)) - HTTP server of HDDSDATANODE is listening at http://0.0.0.0:34367
2019-09-20 00:05:22,908 [main] INFO  impl.MetricsSystemImpl (MetricsSystemImpl.java:init(158)) - HddsDatanode metrics system started (again)
2019-09-20 00:05:22,959 [org.apache.hadoop.util.JvmPauseMonitor$Monitor@17a46002] INFO  util.JvmPauseMonitor (JvmPauseMonitor.java:run(188)) - Starting JVM pause monitor
2019-09-20 00:05:22,961 [Datanode State Machine Thread - 0] INFO  datanode.InitDatanodeState (InitDatanodeState.java:persistContainerDatanodeDetails(140)) - DatanodeDetails is persisted to /workdir/hadoop-ozone/integration-test/target/test-dir/MiniOzoneClusterImpl-f43817f8-c2ee-484a-a975-3aa49b4c2d8f/datanode-4/meta/datanode.id
2019-09-20 00:05:22,962 [main] INFO  ozone.HddsDatanodeService (HddsDatanodeService.java:start(184)) - HddsDatanodeService host:pr-hdds-2020-7x4rg-3348829713 ip:192.168.5.182
2019-09-20 00:05:22,973 [main] INFO  volume.HddsVolume (HddsVolume.java:<init>(176)) - Creating Volume: /workdir/hadoop-ozone/integration-test/target/test-dir/MiniOzoneClusterImpl-f43817f8-c2ee-484a-a975-3aa49b4c2d8f/datanode-5/data/containers/hdds of  storage type : DISK and capacity : 1482555576320
2019-09-20 00:05:22,974 [main] INFO  volume.VolumeSet (VolumeSet.java:initializeVolumeSet(170)) - Added Volume : /workdir/hadoop-ozone/integration-test/target/test-dir/MiniOzoneClusterImpl-f43817f8-c2ee-484a-a975-3aa49b4c2d8f/datanode-5/data/containers/hdds to VolumeSet
2019-09-20 00:05:22,974 [main] INFO  volume.ThrottledAsyncChecker (ThrottledAsyncChecker.java:schedule(139)) - Scheduling a check for org.apache.hadoop.ozone.container.common.volume.HddsVolume@1b8aaeab
2019-09-20 00:05:22,974 [main] INFO  volume.HddsVolumeChecker (HddsVolumeChecker.java:checkAllVolumes(202)) - Scheduled health check for volume org.apache.hadoop.ozone.container.common.volume.HddsVolume@1b8aaeab
2019-09-20 00:05:22,992 [main] INFO  impl.RaftServerProxy (ConfUtils.java:logGet(43)) - raft.rpc.type = GRPC (default)
2019-09-20 00:05:22,992 [main] INFO  grpc.GrpcFactory (GrpcFactory.java:checkPooledByteBufAllocatorUseCacheForAllThreads(45)) - PERFORMANCE WARNING: useCacheForAllThreads is true that may cause Netty to create a lot garbage objects and, as a result, trigger GC.
	It is recommended to disable useCacheForAllThreads by setting -Dorg.apache.ratis.thirdparty.io.netty.allocator.useCacheForAllThreads=false in command line.
2019-09-20 00:05:22,992 [main] INFO  grpc.GrpcConfigKeys$Server (ConfUtils.java:logGet(43)) - raft.grpc.server.port = 0 (default)
2019-09-20 00:05:22,993 [main] INFO  server.GrpcService (ConfUtils.java:logGet(43)) - raft.grpc.message.size.max = 33570816 (custom)
2019-09-20 00:05:22,993 [main] INFO  server.RaftServerConfigKeys (ConfUtils.java:logGet(43)) - raft.server.log.appender.buffer.byte-limit = 33554432 (custom)
2019-09-20 00:05:22,993 [main] INFO  server.GrpcService (ConfUtils.java:logGet(43)) - raft.grpc.flow.control.window = 1MB (=1048576) (default)
2019-09-20 00:05:22,993 [main] INFO  server.RaftServerConfigKeys (ConfUtils.java:logGet(43)) - raft.server.rpc.request.timeout = 3000ms (default)
2019-09-20 00:05:22,993 [main] INFO  server.RaftServerConfigKeys (ConfUtils.java:logGet(43)) - raft.server.storage.dir = [/workdir/hadoop-ozone/integration-test/target/test-dir/MiniOzoneClusterImpl-f43817f8-c2ee-484a-a975-3aa49b4c2d8f/datanode-5/data/ratis] (custom)
2019-09-20 00:05:22,995 [main] INFO  hdfs.DFSUtil (DFSUtil.java:httpServerTemplateForNNAndJN(1641)) - Starting Web-server for hddsDatanode at: http://0.0.0.0:0
2019-09-20 00:05:22,996 [main] INFO  server.AuthenticationFilter (AuthenticationFilter.java:constructSecretProvider(240)) - Unable to initialize FileSignerSecretProvider, falling back to use random secrets.
2019-09-20 00:05:22,997 [main] WARN  http.HttpRequestLog (HttpRequestLog.java:getRequestLog(97)) - Jetty request log can only be enabled using Log4j
2019-09-20 00:05:22,999 [main] INFO  http.HttpServer2 (HttpServer2.java:addGlobalFilter(975)) - Added global filter 'safety' (class=org.apache.hadoop.http.HttpServer2$QuotingInputFilter)
2019-09-20 00:05:22,999 [main] INFO  http.HttpServer2 (HttpServer2.java:addFilter(948)) - Added filter static_user_filter (class=org.apache.hadoop.http.lib.StaticUserWebFilter$StaticUserFilter) to context hddsDatanode
2019-09-20 00:05:22,999 [main] INFO  http.HttpServer2 (HttpServer2.java:addFilter(958)) - Added filter static_user_filter (class=org.apache.hadoop.http.lib.StaticUserWebFilter$StaticUserFilter) to context logs
2019-09-20 00:05:22,999 [main] INFO  http.HttpServer2 (HttpServer2.java:addFilter(958)) - Added filter static_user_filter (class=org.apache.hadoop.http.lib.StaticUserWebFilter$StaticUserFilter) to context static
2019-09-20 00:05:23,000 [main] INFO  http.HttpServer2 (HttpServer2.java:bindListener(1191)) - Jetty bound to port 44614
2019-09-20 00:05:23,000 [main] INFO  server.Server (Server.java:doStart(351)) - jetty-9.3.24.v20180605, build timestamp: 2018-06-05T17:11:56Z, git hash: 84205aa28f11a4f31f2a3b86d1bba2cc8ab69827
2019-09-20 00:05:23,002 [main] INFO  handler.ContextHandler (ContextHandler.java:doStart(781)) - Started o.e.j.s.ServletContextHandler@27ec8754{/logs,file:///workdir/hadoop-ozone/integration-test/target/log,AVAILABLE}
2019-09-20 00:05:23,002 [main] INFO  handler.ContextHandler (ContextHandler.java:doStart(781)) - Started o.e.j.s.ServletContextHandler@19662208{/static,jar:file:/home/user/.m2/repository/org/apache/hadoop/hadoop-hdds-container-service/0.5.0-SNAPSHOT/hadoop-hdds-container-service-0.5.0-SNAPSHOT.jar!/webapps/static,AVAILABLE}
2019-09-20 00:05:23,028 [Thread-2380] INFO  impl.FollowerState (FollowerState.java:run(106)) - f3b156d7-7eb6-46eb-bb34-4a82b6f9f404:group-4DF5A04227EE changes to CANDIDATE, lastRpcTime:5007, electionTimeout:5007ms
2019-09-20 00:05:23,028 [Thread-2380] INFO  impl.RoleInfo (RoleInfo.java:shutdownFollowerState(121)) - f3b156d7-7eb6-46eb-bb34-4a82b6f9f404: shutdown FollowerState
2019-09-20 00:05:23,029 [Thread-2380] INFO  impl.RaftServerImpl (RaftServerImpl.java:setRole(174)) - f3b156d7-7eb6-46eb-bb34-4a82b6f9f404@group-4DF5A04227EE: changes role from  FOLLOWER to CANDIDATE at term 6 for changeToCandidate
2019-09-20 00:05:23,029 [Thread-2380] INFO  impl.RoleInfo (RoleInfo.java:updateAndGet(143)) - f3b156d7-7eb6-46eb-bb34-4a82b6f9f404: start LeaderElection
2019-09-20 00:05:23,030 [main] INFO  handler.ContextHandler (ContextHandler.java:doStart(781)) - Started o.e.j.w.WebAppContext@6f1fa1d0{/,file:///tmp/jetty-0.0.0.0-44614-hddsDatanode-_-any-78136112869676414.dir/webapp/,AVAILABLE}{/hddsDatanode}
2019-09-20 00:05:23,031 [main] INFO  server.AbstractConnector (AbstractConnector.java:doStart(278)) - Started ServerConnector@28b523a{HTTP/1.1,[http/1.1]}{0.0.0.0:44614}
2019-09-20 00:05:23,036 [main] INFO  server.Server (Server.java:doStart(419)) - Started @306795ms
2019-09-20 00:05:23,036 [main] WARN  impl.MetricsSystemImpl (MetricsSystemImpl.java:register(276)) - Sink prometheus already exists!
2019-09-20 00:05:23,037 [main] INFO  server.BaseHttpServer (BaseHttpServer.java:updateConnectorAddress(215)) - HTTP server of HDDSDATANODE is listening at http://0.0.0.0:44614
2019-09-20 00:05:23,037 [main] INFO  impl.MetricsSystemImpl (MetricsSystemImpl.java:init(158)) - HddsDatanode metrics system started (again)
2019-09-20 00:05:23,038 [Thread-2388] INFO  impl.FollowerState (FollowerState.java:run(106)) - 89de1964-3948-43a8-885a-142089a2f45f:group-032B6602E80F changes to CANDIDATE, lastRpcTime:5011, electionTimeout:5011ms
2019-09-20 00:05:23,039 [Thread-2388] INFO  impl.RoleInfo (RoleInfo.java:shutdownFollowerState(121)) - 89de1964-3948-43a8-885a-142089a2f45f: shutdown FollowerState
2019-09-20 00:05:23,039 [Thread-2388] INFO  impl.RaftServerImpl (RaftServerImpl.java:setRole(174)) - 89de1964-3948-43a8-885a-142089a2f45f@group-032B6602E80F: changes role from  FOLLOWER to CANDIDATE at term 6 for changeToCandidate
2019-09-20 00:05:23,075 [Thread-2381] INFO  impl.FollowerState (FollowerState.java:run(106)) - 3d170688-536a-4a66-a9c9-289315ef27c2:group-4DF5A04227EE changes to CANDIDATE, lastRpcTime:5054, electionTimeout:5054ms
2019-09-20 00:05:23,075 [Thread-2381] INFO  impl.RoleInfo (RoleInfo.java:shutdownFollowerState(121)) - 3d170688-536a-4a66-a9c9-289315ef27c2: shutdown FollowerState
2019-09-20 00:05:23,075 [Thread-2381] INFO  impl.RaftServerImpl (RaftServerImpl.java:setRole(174)) - 3d170688-536a-4a66-a9c9-289315ef27c2@group-4DF5A04227EE: changes role from  FOLLOWER to CANDIDATE at term 6 for changeToCandidate
2019-09-20 00:05:23,090 [Thread-2381] INFO  impl.RoleInfo (RoleInfo.java:updateAndGet(143)) - 3d170688-536a-4a66-a9c9-289315ef27c2: start LeaderElection
2019-09-20 00:05:23,090 [Thread-2388] INFO  impl.RoleInfo (RoleInfo.java:updateAndGet(143)) - 89de1964-3948-43a8-885a-142089a2f45f: start LeaderElection
2019-09-20 00:05:23,091 [org.apache.hadoop.util.JvmPauseMonitor$Monitor@5e4b8da8] INFO  util.JvmPauseMonitor (JvmPauseMonitor.java:run(188)) - Starting JVM pause monitor
2019-09-20 00:05:23,093 [main] INFO  ozone.HddsDatanodeService (HddsDatanodeService.java:start(184)) - HddsDatanodeService host:pr-hdds-2020-7x4rg-3348829713 ip:192.168.5.182
2019-09-20 00:05:23,144 [Thread-2387] INFO  impl.FollowerState (FollowerState.java:run(106)) - 7d878657-54f8-4791-978a-386f775e0485:group-032B6602E80F changes to CANDIDATE, lastRpcTime:5121, electionTimeout:5121ms
2019-09-20 00:05:23,144 [Thread-2387] INFO  impl.RoleInfo (RoleInfo.java:shutdownFollowerState(121)) - 7d878657-54f8-4791-978a-386f775e0485: shutdown FollowerState
2019-09-20 00:05:23,144 [Thread-2387] INFO  impl.RaftServerImpl (RaftServerImpl.java:setRole(174)) - 7d878657-54f8-4791-978a-386f775e0485@group-032B6602E80F: changes role from  FOLLOWER to CANDIDATE at term 6 for changeToCandidate
2019-09-20 00:05:23,145 [Thread-2387] INFO  impl.RoleInfo (RoleInfo.java:updateAndGet(143)) - 7d878657-54f8-4791-978a-386f775e0485: start LeaderElection
2019-09-20 00:05:23,193 [Thread-2382] INFO  impl.FollowerState (FollowerState.java:run(106)) - 382b0250-a1aa-40f3-882d-cd7fb29de27f:group-4DF5A04227EE changes to CANDIDATE, lastRpcTime:5171, electionTimeout:5171ms
2019-09-20 00:05:23,193 [Thread-2382] INFO  impl.RoleInfo (RoleInfo.java:shutdownFollowerState(121)) - 382b0250-a1aa-40f3-882d-cd7fb29de27f: shutdown FollowerState
2019-09-20 00:05:23,193 [Thread-2382] INFO  impl.RaftServerImpl (RaftServerImpl.java:setRole(174)) - 382b0250-a1aa-40f3-882d-cd7fb29de27f@group-4DF5A04227EE: changes role from  FOLLOWER to CANDIDATE at term 6 for changeToCandidate
2019-09-20 00:05:23,193 [Thread-2382] INFO  impl.RoleInfo (RoleInfo.java:updateAndGet(143)) - 382b0250-a1aa-40f3-882d-cd7fb29de27f: start LeaderElection
2019-09-20 00:05:23,197 [Thread-2379] INFO  impl.FollowerState (FollowerState.java:run(106)) - c63e7fee-7ebf-4ab3-a82c-403b5cf942fc:group-0BC4DF7BF4D9 changes to CANDIDATE, lastRpcTime:5178, electionTimeout:5178ms
2019-09-20 00:05:23,197 [Thread-2379] INFO  impl.RoleInfo (RoleInfo.java:shutdownFollowerState(121)) - c63e7fee-7ebf-4ab3-a82c-403b5cf942fc: shutdown FollowerState
2019-09-20 00:05:23,197 [Thread-2379] INFO  impl.RaftServerImpl (RaftServerImpl.java:setRole(174)) - c63e7fee-7ebf-4ab3-a82c-403b5cf942fc@group-0BC4DF7BF4D9: changes role from  FOLLOWER to CANDIDATE at term 18 for changeToCandidate
2019-09-20 00:05:23,197 [Thread-2379] INFO  impl.RoleInfo (RoleInfo.java:updateAndGet(143)) - c63e7fee-7ebf-4ab3-a82c-403b5cf942fc: start LeaderElection
2019-09-20 00:05:23,225 [Thread-2389] INFO  impl.FollowerState (FollowerState.java:run(106)) - 5f35e7da-28ae-4b25-a1a4-54a4278033f1:group-032B6602E80F changes to CANDIDATE, lastRpcTime:5198, electionTimeout:5198ms
2019-09-20 00:05:23,226 [Thread-2389] INFO  impl.RoleInfo (RoleInfo.java:shutdownFollowerState(121)) - 5f35e7da-28ae-4b25-a1a4-54a4278033f1: shutdown FollowerState
2019-09-20 00:05:23,226 [Thread-2389] INFO  impl.RaftServerImpl (RaftServerImpl.java:setRole(174)) - 5f35e7da-28ae-4b25-a1a4-54a4278033f1@group-032B6602E80F: changes role from  FOLLOWER to CANDIDATE at term 6 for changeToCandidate
2019-09-20 00:05:23,226 [Thread-2389] INFO  impl.RoleInfo (RoleInfo.java:updateAndGet(143)) - 5f35e7da-28ae-4b25-a1a4-54a4278033f1: start LeaderElection
2019-09-20 00:05:23,300 [main] INFO  volume.HddsVolume (HddsVolume.java:<init>(176)) - Creating Volume: /workdir/hadoop-ozone/integration-test/target/test-dir/MiniOzoneClusterImpl-f43817f8-c2ee-484a-a975-3aa49b4c2d8f/datanode-6/data/containers/hdds of  storage type : DISK and capacity : 1482555576320
2019-09-20 00:05:23,300 [main] INFO  volume.VolumeSet (VolumeSet.java:initializeVolumeSet(170)) - Added Volume : /workdir/hadoop-ozone/integration-test/target/test-dir/MiniOzoneClusterImpl-f43817f8-c2ee-484a-a975-3aa49b4c2d8f/datanode-6/data/containers/hdds to VolumeSet
2019-09-20 00:05:23,300 [Datanode State Machine Thread - 0] INFO  datanode.InitDatanodeState (InitDatanodeState.java:persistContainerDatanodeDetails(140)) - DatanodeDetails is persisted to /workdir/hadoop-ozone/integration-test/target/test-dir/MiniOzoneClusterImpl-f43817f8-c2ee-484a-a975-3aa49b4c2d8f/datanode-5/meta/datanode.id
2019-09-20 00:05:23,300 [main] INFO  volume.ThrottledAsyncChecker (ThrottledAsyncChecker.java:schedule(139)) - Scheduling a check for org.apache.hadoop.ozone.container.common.volume.HddsVolume@c48b543
2019-09-20 00:05:23,301 [main] INFO  volume.HddsVolumeChecker (HddsVolumeChecker.java:checkAllVolumes(202)) - Scheduled health check for volume org.apache.hadoop.ozone.container.common.volume.HddsVolume@c48b543
2019-09-20 00:05:23,320 [main] INFO  impl.RaftServerProxy (ConfUtils.java:logGet(43)) - raft.rpc.type = GRPC (default)
2019-09-20 00:05:23,320 [main] INFO  grpc.GrpcFactory (GrpcFactory.java:checkPooledByteBufAllocatorUseCacheForAllThreads(45)) - PERFORMANCE WARNING: useCacheForAllThreads is true that may cause Netty to create a lot garbage objects and, as a result, trigger GC.
	It is recommended to disable useCacheForAllThreads by setting -Dorg.apache.ratis.thirdparty.io.netty.allocator.useCacheForAllThreads=false in command line.
2019-09-20 00:05:23,320 [main] INFO  grpc.GrpcConfigKeys$Server (ConfUtils.java:logGet(43)) - raft.grpc.server.port = 0 (default)
2019-09-20 00:05:23,320 [main] INFO  server.GrpcService (ConfUtils.java:logGet(43)) - raft.grpc.message.size.max = 33570816 (custom)
2019-09-20 00:05:23,321 [main] INFO  server.RaftServerConfigKeys (ConfUtils.java:logGet(43)) - raft.server.log.appender.buffer.byte-limit = 33554432 (custom)
2019-09-20 00:05:23,321 [main] INFO  server.GrpcService (ConfUtils.java:logGet(43)) - raft.grpc.flow.control.window = 1MB (=1048576) (default)
2019-09-20 00:05:23,321 [main] INFO  server.RaftServerConfigKeys (ConfUtils.java:logGet(43)) - raft.server.rpc.request.timeout = 3000ms (default)
2019-09-20 00:05:23,321 [main] INFO  server.RaftServerConfigKeys (ConfUtils.java:logGet(43)) - raft.server.storage.dir = [/workdir/hadoop-ozone/integration-test/target/test-dir/MiniOzoneClusterImpl-f43817f8-c2ee-484a-a975-3aa49b4c2d8f/datanode-6/data/ratis] (custom)
2019-09-20 00:05:23,323 [main] INFO  hdfs.DFSUtil (DFSUtil.java:httpServerTemplateForNNAndJN(1641)) - Starting Web-server for hddsDatanode at: http://0.0.0.0:0
2019-09-20 00:05:23,324 [main] INFO  server.AuthenticationFilter (AuthenticationFilter.java:constructSecretProvider(240)) - Unable to initialize FileSignerSecretProvider, falling back to use random secrets.
2019-09-20 00:05:23,324 [main] WARN  http.HttpRequestLog (HttpRequestLog.java:getRequestLog(97)) - Jetty request log can only be enabled using Log4j
2019-09-20 00:05:23,326 [main] INFO  http.HttpServer2 (HttpServer2.java:addGlobalFilter(975)) - Added global filter 'safety' (class=org.apache.hadoop.http.HttpServer2$QuotingInputFilter)
2019-09-20 00:05:23,326 [main] INFO  http.HttpServer2 (HttpServer2.java:addFilter(948)) - Added filter static_user_filter (class=org.apache.hadoop.http.lib.StaticUserWebFilter$StaticUserFilter) to context hddsDatanode
2019-09-20 00:05:23,326 [main] INFO  http.HttpServer2 (HttpServer2.java:addFilter(958)) - Added filter static_user_filter (class=org.apache.hadoop.http.lib.StaticUserWebFilter$StaticUserFilter) to context logs
2019-09-20 00:05:23,327 [main] INFO  http.HttpServer2 (HttpServer2.java:addFilter(958)) - Added filter static_user_filter (class=org.apache.hadoop.http.lib.StaticUserWebFilter$StaticUserFilter) to context static
2019-09-20 00:05:23,327 [main] INFO  http.HttpServer2 (HttpServer2.java:bindListener(1191)) - Jetty bound to port 35138
2019-09-20 00:05:23,327 [main] INFO  server.Server (Server.java:doStart(351)) - jetty-9.3.24.v20180605, build timestamp: 2018-06-05T17:11:56Z, git hash: 84205aa28f11a4f31f2a3b86d1bba2cc8ab69827
2019-09-20 00:05:23,329 [main] INFO  handler.ContextHandler (ContextHandler.java:doStart(781)) - Started o.e.j.s.ServletContextHandler@39c87b42{/logs,file:///workdir/hadoop-ozone/integration-test/target/log,AVAILABLE}
2019-09-20 00:05:23,329 [main] INFO  handler.ContextHandler (ContextHandler.java:doStart(781)) - Started o.e.j.s.ServletContextHandler@236c098{/static,jar:file:/home/user/.m2/repository/org/apache/hadoop/hadoop-hdds-container-service/0.5.0-SNAPSHOT/hadoop-hdds-container-service-0.5.0-SNAPSHOT.jar!/webapps/static,AVAILABLE}
2019-09-20 00:05:23,400 [main] INFO  handler.ContextHandler (ContextHandler.java:doStart(781)) - Started o.e.j.w.WebAppContext@2ee4706d{/,file:///tmp/jetty-0.0.0.0-35138-hddsDatanode-_-any-510144417294476641.dir/webapp/,AVAILABLE}{/hddsDatanode}
2019-09-20 00:05:23,400 [main] INFO  server.AbstractConnector (AbstractConnector.java:doStart(278)) - Started ServerConnector@6650a6c{HTTP/1.1,[http/1.1]}{0.0.0.0:35138}
2019-09-20 00:05:23,406 [main] INFO  server.Server (Server.java:doStart(419)) - Started @307165ms
2019-09-20 00:05:23,406 [main] WARN  impl.MetricsSystemImpl (MetricsSystemImpl.java:register(276)) - Sink prometheus already exists!
2019-09-20 00:05:23,407 [main] INFO  server.BaseHttpServer (BaseHttpServer.java:updateConnectorAddress(215)) - HTTP server of HDDSDATANODE is listening at http://0.0.0.0:35138
2019-09-20 00:05:23,407 [main] INFO  ozone.MiniOzoneClusterImpl (MiniOzoneClusterImpl.java:lambda$waitForClusterToBeReady$0(145)) - Waiting for cluster to be ready. Got 0 of 7 DN Heartbeats.
2019-09-20 00:05:23,409 [org.apache.hadoop.util.JvmPauseMonitor$Monitor@5e6dfad1] INFO  util.JvmPauseMonitor (JvmPauseMonitor.java:run(188)) - Starting JVM pause monitor
2019-09-20 00:05:23,410 [Datanode State Machine Thread - 0] INFO  datanode.InitDatanodeState (InitDatanodeState.java:persistContainerDatanodeDetails(140)) - DatanodeDetails is persisted to /workdir/hadoop-ozone/integration-test/target/test-dir/MiniOzoneClusterImpl-f43817f8-c2ee-484a-a975-3aa49b4c2d8f/datanode-6/meta/datanode.id
2019-09-20 00:05:24,408 [main] INFO  ozone.MiniOzoneClusterImpl (MiniOzoneClusterImpl.java:lambda$waitForClusterToBeReady$0(145)) - Waiting for cluster to be ready. Got 0 of 7 DN Heartbeats.
2019-09-20 00:05:24,846 [f3b156d7-7eb6-46eb-bb34-4a82b6f9f404@group-4DF5A04227EE:LeaderElection117] INFO  impl.LeaderElection (LeaderElection.java:askForVotes(182)) - f3b156d7-7eb6-46eb-bb34-4a82b6f9f404@group-4DF5A04227EE:LeaderElection117: begin an election at term 7 for -1: [382b0250-a1aa-40f3-882d-cd7fb29de27f:192.168.5.182:40829, f3b156d7-7eb6-46eb-bb34-4a82b6f9f404:192.168.5.182:33815, 3d170688-536a-4a66-a9c9-289315ef27c2:192.168.5.182:32785], old=null
2019-09-20 00:05:24,848 [5f35e7da-28ae-4b25-a1a4-54a4278033f1@group-032B6602E80F:LeaderElection123] INFO  impl.LeaderElection (LeaderElection.java:askForVotes(182)) - 5f35e7da-28ae-4b25-a1a4-54a4278033f1@group-032B6602E80F:LeaderElection123: begin an election at term 7 for -1: [7d878657-54f8-4791-978a-386f775e0485:192.168.5.182:36462, 5f35e7da-28ae-4b25-a1a4-54a4278033f1:192.168.5.182:43639, 89de1964-3948-43a8-885a-142089a2f45f:192.168.5.182:39929], old=null
2019-09-20 00:05:24,848 [7d878657-54f8-4791-978a-386f775e0485@group-032B6602E80F:LeaderElection120] INFO  impl.LeaderElection (LeaderElection.java:askForVotes(182)) - 7d878657-54f8-4791-978a-386f775e0485@group-032B6602E80F:LeaderElection120: begin an election at term 7 for -1: [7d878657-54f8-4791-978a-386f775e0485:192.168.5.182:36462, 5f35e7da-28ae-4b25-a1a4-54a4278033f1:192.168.5.182:43639, 89de1964-3948-43a8-885a-142089a2f45f:192.168.5.182:39929], old=null
2019-09-20 00:05:24,848 [3d170688-536a-4a66-a9c9-289315ef27c2@group-4DF5A04227EE:LeaderElection119] INFO  impl.LeaderElection (LeaderElection.java:askForVotes(182)) - 3d170688-536a-4a66-a9c9-289315ef27c2@group-4DF5A04227EE:LeaderElection119: begin an election at term 7 for -1: [382b0250-a1aa-40f3-882d-cd7fb29de27f:192.168.5.182:40829, f3b156d7-7eb6-46eb-bb34-4a82b6f9f404:192.168.5.182:33815, 3d170688-536a-4a66-a9c9-289315ef27c2:192.168.5.182:32785], old=null
2019-09-20 00:05:24,848 [89de1964-3948-43a8-885a-142089a2f45f@group-032B6602E80F:LeaderElection118] INFO  impl.LeaderElection (LeaderElection.java:askForVotes(182)) - 89de1964-3948-43a8-885a-142089a2f45f@group-032B6602E80F:LeaderElection118: begin an election at term 7 for -1: [7d878657-54f8-4791-978a-386f775e0485:192.168.5.182:36462, 5f35e7da-28ae-4b25-a1a4-54a4278033f1:192.168.5.182:43639, 89de1964-3948-43a8-885a-142089a2f45f:192.168.5.182:39929], old=null
2019-09-20 00:05:24,848 [382b0250-a1aa-40f3-882d-cd7fb29de27f@group-4DF5A04227EE:LeaderElection121] INFO  impl.LeaderElection (LeaderElection.java:askForVotes(182)) - 382b0250-a1aa-40f3-882d-cd7fb29de27f@group-4DF5A04227EE:LeaderElection121: begin an election at term 7 for -1: [382b0250-a1aa-40f3-882d-cd7fb29de27f:192.168.5.182:40829, f3b156d7-7eb6-46eb-bb34-4a82b6f9f404:192.168.5.182:33815, 3d170688-536a-4a66-a9c9-289315ef27c2:192.168.5.182:32785], old=null
2019-09-20 00:05:24,848 [c63e7fee-7ebf-4ab3-a82c-403b5cf942fc@group-0BC4DF7BF4D9:LeaderElection122] INFO  impl.LeaderElection (LeaderElection.java:askForVotes(182)) - c63e7fee-7ebf-4ab3-a82c-403b5cf942fc@group-0BC4DF7BF4D9:LeaderElection122: begin an election at term 19 for 0: [8f58c883-e4ba-4cdd-8662-08249772462e:192.168.5.182:35458, c63e7fee-7ebf-4ab3-a82c-403b5cf942fc:192.168.5.182:40019, fd99f976-ef3a-47b0-8e0c-a462a244f82b:192.168.5.182:45540], old=null
2019-09-20 00:05:24,850 [c63e7fee-7ebf-4ab3-a82c-403b5cf942fc@group-0BC4DF7BF4D9:LeaderElection122] INFO  impl.LeaderElection (LogUtils.java:infoOrTrace(149)) - c63e7fee-7ebf-4ab3-a82c-403b5cf942fc@group-0BC4DF7BF4D9:LeaderElection122 got exception when requesting votes: {}
java.util.concurrent.ExecutionException: org.apache.ratis.thirdparty.io.grpc.StatusRuntimeException: UNAVAILABLE: io exception
	at java.util.concurrent.FutureTask.report(FutureTask.java:122)
	at java.util.concurrent.FutureTask.get(FutureTask.java:192)
	at org.apache.ratis.server.impl.LeaderElection.waitForResults(LeaderElection.java:263)
	at org.apache.ratis.server.impl.LeaderElection.askForVotes(LeaderElection.java:201)
	at org.apache.ratis.server.impl.LeaderElection.run(LeaderElection.java:133)
	at java.lang.Thread.run(Thread.java:748)
Caused by: org.apache.ratis.thirdparty.io.grpc.StatusRuntimeException: UNAVAILABLE: io exception
	at org.apache.ratis.thirdparty.io.grpc.stub.ClientCalls.toStatusRuntimeException(ClientCalls.java:233)
	at org.apache.ratis.thirdparty.io.grpc.stub.ClientCalls.getUnchecked(ClientCalls.java:214)
	at org.apache.ratis.thirdparty.io.grpc.stub.ClientCalls.blockingUnaryCall(ClientCalls.java:139)
	at org.apache.ratis.proto.grpc.RaftServerProtocolServiceGrpc$RaftServerProtocolServiceBlockingStub.requestVote(RaftServerProtocolServiceGrpc.java:265)
	at org.apache.ratis.grpc.server.GrpcServerProtocolClient.requestVote(GrpcServerProtocolClient.java:90)
	at org.apache.ratis.grpc.server.GrpcService.requestVote(GrpcService.java:204)
	at org.apache.ratis.server.impl.LeaderElection.lambda$submitRequests$1(LeaderElection.java:238)
	at java.util.concurrent.FutureTask.run(FutureTask.java:266)
	at java.util.concurrent.Executors$RunnableAdapter.call(Executors.java:511)
	at java.util.concurrent.FutureTask.run(FutureTask.java:266)
	at java.util.concurrent.ThreadPoolExecutor.runWorker(ThreadPoolExecutor.java:1149)
	at java.util.concurrent.ThreadPoolExecutor$Worker.run(ThreadPoolExecutor.java:624)
	... 1 more
Caused by: org.apache.ratis.thirdparty.io.netty.channel.AbstractChannel$AnnotatedConnectException: Connection refused: /192.168.5.182:35458
	at sun.nio.ch.SocketChannelImpl.checkConnect(Native Method)
	at sun.nio.ch.SocketChannelImpl.finishConnect(SocketChannelImpl.java:717)
	at org.apache.ratis.thirdparty.io.netty.channel.socket.nio.NioSocketChannel.doFinishConnect(NioSocketChannel.java:327)
	at org.apache.ratis.thirdparty.io.netty.channel.nio.AbstractNioChannel$AbstractNioUnsafe.finishConnect(AbstractNioChannel.java:340)
	at org.apache.ratis.thirdparty.io.netty.channel.nio.NioEventLoop.processSelectedKey(NioEventLoop.java:632)
	at org.apache.ratis.thirdparty.io.netty.channel.nio.NioEventLoop.processSelectedKeysOptimized(NioEventLoop.java:579)
	at org.apache.ratis.thirdparty.io.netty.channel.nio.NioEventLoop.processSelectedKeys(NioEventLoop.java:496)
	at org.apache.ratis.thirdparty.io.netty.channel.nio.NioEventLoop.run(NioEventLoop.java:458)
	at org.apache.ratis.thirdparty.io.netty.util.concurrent.SingleThreadEventExecutor$5.run(SingleThreadEventExecutor.java:897)
	at org.apache.ratis.thirdparty.io.netty.util.concurrent.FastThreadLocalRunnable.run(FastThreadLocalRunnable.java:30)
	... 1 more
Caused by: java.net.ConnectException: Connection refused
	... 11 more
2019-09-20 00:05:24,856 [c63e7fee-7ebf-4ab3-a82c-403b5cf942fc@group-0BC4DF7BF4D9:LeaderElection122] INFO  impl.LeaderElection (LogUtils.java:infoOrTrace(149)) - c63e7fee-7ebf-4ab3-a82c-403b5cf942fc@group-0BC4DF7BF4D9:LeaderElection122 got exception when requesting votes: {}
java.util.concurrent.ExecutionException: org.apache.ratis.thirdparty.io.grpc.StatusRuntimeException: UNAVAILABLE: io exception
	at java.util.concurrent.FutureTask.report(FutureTask.java:122)
	at java.util.concurrent.FutureTask.get(FutureTask.java:192)
	at org.apache.ratis.server.impl.LeaderElection.waitForResults(LeaderElection.java:263)
	at org.apache.ratis.server.impl.LeaderElection.askForVotes(LeaderElection.java:201)
	at org.apache.ratis.server.impl.LeaderElection.run(LeaderElection.java:133)
	at java.lang.Thread.run(Thread.java:748)
Caused by: org.apache.ratis.thirdparty.io.grpc.StatusRuntimeException: UNAVAILABLE: io exception
	at org.apache.ratis.thirdparty.io.grpc.stub.ClientCalls.toStatusRuntimeException(ClientCalls.java:233)
	at org.apache.ratis.thirdparty.io.grpc.stub.ClientCalls.getUnchecked(ClientCalls.java:214)
	at org.apache.ratis.thirdparty.io.grpc.stub.ClientCalls.blockingUnaryCall(ClientCalls.java:139)
	at org.apache.ratis.proto.grpc.RaftServerProtocolServiceGrpc$RaftServerProtocolServiceBlockingStub.requestVote(RaftServerProtocolServiceGrpc.java:265)
	at org.apache.ratis.grpc.server.GrpcServerProtocolClient.requestVote(GrpcServerProtocolClient.java:90)
	at org.apache.ratis.grpc.server.GrpcService.requestVote(GrpcService.java:204)
	at org.apache.ratis.server.impl.LeaderElection.lambda$submitRequests$1(LeaderElection.java:238)
	at java.util.concurrent.FutureTask.run(FutureTask.java:266)
	at java.util.concurrent.Executors$RunnableAdapter.call(Executors.java:511)
	at java.util.concurrent.FutureTask.run(FutureTask.java:266)
	at java.util.concurrent.ThreadPoolExecutor.runWorker(ThreadPoolExecutor.java:1149)
	at java.util.concurrent.ThreadPoolExecutor$Worker.run(ThreadPoolExecutor.java:624)
	... 1 more
Caused by: org.apache.ratis.thirdparty.io.netty.channel.AbstractChannel$AnnotatedConnectException: Connection refused: /192.168.5.182:45540
	at sun.nio.ch.SocketChannelImpl.checkConnect(Native Method)
	at sun.nio.ch.SocketChannelImpl.finishConnect(SocketChannelImpl.java:717)
	at org.apache.ratis.thirdparty.io.netty.channel.socket.nio.NioSocketChannel.doFinishConnect(NioSocketChannel.java:327)
	at org.apache.ratis.thirdparty.io.netty.channel.nio.AbstractNioChannel$AbstractNioUnsafe.finishConnect(AbstractNioChannel.java:340)
	at org.apache.ratis.thirdparty.io.netty.channel.nio.NioEventLoop.processSelectedKey(NioEventLoop.java:632)
	at org.apache.ratis.thirdparty.io.netty.channel.nio.NioEventLoop.processSelectedKeysOptimized(NioEventLoop.java:579)
	at org.apache.ratis.thirdparty.io.netty.channel.nio.NioEventLoop.processSelectedKeys(NioEventLoop.java:496)
	at org.apache.ratis.thirdparty.io.netty.channel.nio.NioEventLoop.run(NioEventLoop.java:458)
	at org.apache.ratis.thirdparty.io.netty.util.concurrent.SingleThreadEventExecutor$5.run(SingleThreadEventExecutor.java:897)
	at org.apache.ratis.thirdparty.io.netty.util.concurrent.FastThreadLocalRunnable.run(FastThreadLocalRunnable.java:30)
	... 1 more
Caused by: java.net.ConnectException: Connection refused
	... 11 more
2019-09-20 00:05:24,860 [c63e7fee-7ebf-4ab3-a82c-403b5cf942fc@group-0BC4DF7BF4D9:LeaderElection122] INFO  impl.LeaderElection (LeaderElection.java:logAndReturn(56)) - c63e7fee-7ebf-4ab3-a82c-403b5cf942fc@group-0BC4DF7BF4D9:LeaderElection122: Election REJECTED; received 0 response(s) [] and 2 exception(s); c63e7fee-7ebf-4ab3-a82c-403b5cf942fc@group-0BC4DF7BF4D9:t19, leader=null, voted=c63e7fee-7ebf-4ab3-a82c-403b5cf942fc, raftlog=c63e7fee-7ebf-4ab3-a82c-403b5cf942fc@group-0BC4DF7BF4D9-SegmentedRaftLog:OPENED:c2,f2,i2, conf=0: [8f58c883-e4ba-4cdd-8662-08249772462e:192.168.5.182:35458, c63e7fee-7ebf-4ab3-a82c-403b5cf942fc:192.168.5.182:40019, fd99f976-ef3a-47b0-8e0c-a462a244f82b:192.168.5.182:45540], old=null
2019-09-20 00:05:24,860 [c63e7fee-7ebf-4ab3-a82c-403b5cf942fc@group-0BC4DF7BF4D9:LeaderElection122] INFO  impl.LeaderElection (LogUtils.java:infoOrTrace(149)) -   Exception 0: {}
java.util.concurrent.ExecutionException: org.apache.ratis.thirdparty.io.grpc.StatusRuntimeException: UNAVAILABLE: io exception
	at java.util.concurrent.FutureTask.report(FutureTask.java:122)
	at java.util.concurrent.FutureTask.get(FutureTask.java:192)
	at org.apache.ratis.server.impl.LeaderElection.waitForResults(LeaderElection.java:263)
	at org.apache.ratis.server.impl.LeaderElection.askForVotes(LeaderElection.java:201)
	at org.apache.ratis.server.impl.LeaderElection.run(LeaderElection.java:133)
	at java.lang.Thread.run(Thread.java:748)
Caused by: org.apache.ratis.thirdparty.io.grpc.StatusRuntimeException: UNAVAILABLE: io exception
	at org.apache.ratis.thirdparty.io.grpc.stub.ClientCalls.toStatusRuntimeException(ClientCalls.java:233)
	at org.apache.ratis.thirdparty.io.grpc.stub.ClientCalls.getUnchecked(ClientCalls.java:214)
	at org.apache.ratis.thirdparty.io.grpc.stub.ClientCalls.blockingUnaryCall(ClientCalls.java:139)
	at org.apache.ratis.proto.grpc.RaftServerProtocolServiceGrpc$RaftServerProtocolServiceBlockingStub.requestVote(RaftServerProtocolServiceGrpc.java:265)
	at org.apache.ratis.grpc.server.GrpcServerProtocolClient.requestVote(GrpcServerProtocolClient.java:90)
	at org.apache.ratis.grpc.server.GrpcService.requestVote(GrpcService.java:204)
	at org.apache.ratis.server.impl.LeaderElection.lambda$submitRequests$1(LeaderElection.java:238)
	at java.util.concurrent.FutureTask.run(FutureTask.java:266)
	at java.util.concurrent.Executors$RunnableAdapter.call(Executors.java:511)
	at java.util.concurrent.FutureTask.run(FutureTask.java:266)
	at java.util.concurrent.ThreadPoolExecutor.runWorker(ThreadPoolExecutor.java:1149)
	at java.util.concurrent.ThreadPoolExecutor$Worker.run(ThreadPoolExecutor.java:624)
	... 1 more
Caused by: org.apache.ratis.thirdparty.io.netty.channel.AbstractChannel$AnnotatedConnectException: Connection refused: /192.168.5.182:35458
	at sun.nio.ch.SocketChannelImpl.checkConnect(Native Method)
	at sun.nio.ch.SocketChannelImpl.finishConnect(SocketChannelImpl.java:717)
	at org.apache.ratis.thirdparty.io.netty.channel.socket.nio.NioSocketChannel.doFinishConnect(NioSocketChannel.java:327)
	at org.apache.ratis.thirdparty.io.netty.channel.nio.AbstractNioChannel$AbstractNioUnsafe.finishConnect(AbstractNioChannel.java:340)
	at org.apache.ratis.thirdparty.io.netty.channel.nio.NioEventLoop.processSelectedKey(NioEventLoop.java:632)
	at org.apache.ratis.thirdparty.io.netty.channel.nio.NioEventLoop.processSelectedKeysOptimized(NioEventLoop.java:579)
	at org.apache.ratis.thirdparty.io.netty.channel.nio.NioEventLoop.processSelectedKeys(NioEventLoop.java:496)
	at org.apache.ratis.thirdparty.io.netty.channel.nio.NioEventLoop.run(NioEventLoop.java:458)
	at org.apache.ratis.thirdparty.io.netty.util.concurrent.SingleThreadEventExecutor$5.run(SingleThreadEventExecutor.java:897)
	at org.apache.ratis.thirdparty.io.netty.util.concurrent.FastThreadLocalRunnable.run(FastThreadLocalRunnable.java:30)
	... 1 more
Caused by: java.net.ConnectException: Connection refused
	... 11 more
2019-09-20 00:05:24,860 [c63e7fee-7ebf-4ab3-a82c-403b5cf942fc@group-0BC4DF7BF4D9:LeaderElection122] INFO  impl.LeaderElection (LogUtils.java:infoOrTrace(149)) -   Exception 1: {}
java.util.concurrent.ExecutionException: org.apache.ratis.thirdparty.io.grpc.StatusRuntimeException: UNAVAILABLE: io exception
	at java.util.concurrent.FutureTask.report(FutureTask.java:122)
	at java.util.concurrent.FutureTask.get(FutureTask.java:192)
	at org.apache.ratis.server.impl.LeaderElection.waitForResults(LeaderElection.java:263)
	at org.apache.ratis.server.impl.LeaderElection.askForVotes(LeaderElection.java:201)
	at org.apache.ratis.server.impl.LeaderElection.run(LeaderElection.java:133)
	at java.lang.Thread.run(Thread.java:748)
Caused by: org.apache.ratis.thirdparty.io.grpc.StatusRuntimeException: UNAVAILABLE: io exception
	at org.apache.ratis.thirdparty.io.grpc.stub.ClientCalls.toStatusRuntimeException(ClientCalls.java:233)
	at org.apache.ratis.thirdparty.io.grpc.stub.ClientCalls.getUnchecked(ClientCalls.java:214)
	at org.apache.ratis.thirdparty.io.grpc.stub.ClientCalls.blockingUnaryCall(ClientCalls.java:139)
	at org.apache.ratis.proto.grpc.RaftServerProtocolServiceGrpc$RaftServerProtocolServiceBlockingStub.requestVote(RaftServerProtocolServiceGrpc.java:265)
	at org.apache.ratis.grpc.server.GrpcServerProtocolClient.requestVote(GrpcServerProtocolClient.java:90)
	at org.apache.ratis.grpc.server.GrpcService.requestVote(GrpcService.java:204)
	at org.apache.ratis.server.impl.LeaderElection.lambda$submitRequests$1(LeaderElection.java:238)
	at java.util.concurrent.FutureTask.run(FutureTask.java:266)
	at java.util.concurrent.Executors$RunnableAdapter.call(Executors.java:511)
	at java.util.concurrent.FutureTask.run(FutureTask.java:266)
	at java.util.concurrent.ThreadPoolExecutor.runWorker(ThreadPoolExecutor.java:1149)
	at java.util.concurrent.ThreadPoolExecutor$Worker.run(ThreadPoolExecutor.java:624)
	... 1 more
Caused by: org.apache.ratis.thirdparty.io.netty.channel.AbstractChannel$AnnotatedConnectException: Connection refused: /192.168.5.182:45540
	at sun.nio.ch.SocketChannelImpl.checkConnect(Native Method)
	at sun.nio.ch.SocketChannelImpl.finishConnect(SocketChannelImpl.java:717)
	at org.apache.ratis.thirdparty.io.netty.channel.socket.nio.NioSocketChannel.doFinishConnect(NioSocketChannel.java:327)
	at org.apache.ratis.thirdparty.io.netty.channel.nio.AbstractNioChannel$AbstractNioUnsafe.finishConnect(AbstractNioChannel.java:340)
	at org.apache.ratis.thirdparty.io.netty.channel.nio.NioEventLoop.processSelectedKey(NioEventLoop.java:632)
	at org.apache.ratis.thirdparty.io.netty.channel.nio.NioEventLoop.processSelectedKeysOptimized(NioEventLoop.java:579)
	at org.apache.ratis.thirdparty.io.netty.channel.nio.NioEventLoop.processSelectedKeys(NioEventLoop.java:496)
	at org.apache.ratis.thirdparty.io.netty.channel.nio.NioEventLoop.run(NioEventLoop.java:458)
	at org.apache.ratis.thirdparty.io.netty.util.concurrent.SingleThreadEventExecutor$5.run(SingleThreadEventExecutor.java:897)
	at org.apache.ratis.thirdparty.io.netty.util.concurrent.FastThreadLocalRunnable.run(FastThreadLocalRunnable.java:30)
	... 1 more
Caused by: java.net.ConnectException: Connection refused
	... 11 more
2019-09-20 00:05:24,860 [c63e7fee-7ebf-4ab3-a82c-403b5cf942fc@group-0BC4DF7BF4D9:LeaderElection122] INFO  impl.RaftServerImpl (RaftServerImpl.java:setRole(174)) - c63e7fee-7ebf-4ab3-a82c-403b5cf942fc@group-0BC4DF7BF4D9: changes role from CANDIDATE to FOLLOWER at term 19 for DISCOVERED_A_NEW_TERM
2019-09-20 00:05:24,860 [c63e7fee-7ebf-4ab3-a82c-403b5cf942fc@group-0BC4DF7BF4D9:LeaderElection122] INFO  impl.RoleInfo (RoleInfo.java:shutdownLeaderElection(134)) - c63e7fee-7ebf-4ab3-a82c-403b5cf942fc: shutdown LeaderElection
2019-09-20 00:05:24,860 [f3b156d7-7eb6-46eb-bb34-4a82b6f9f404@group-4DF5A04227EE:LeaderElection117] INFO  impl.LeaderElection (LeaderElection.java:logAndReturn(56)) - f3b156d7-7eb6-46eb-bb34-4a82b6f9f404@group-4DF5A04227EE:LeaderElection117: Election REJECTED; received 2 response(s) [f3b156d7-7eb6-46eb-bb34-4a82b6f9f404<-382b0250-a1aa-40f3-882d-cd7fb29de27f#0:FAIL-t7, f3b156d7-7eb6-46eb-bb34-4a82b6f9f404<-3d170688-536a-4a66-a9c9-289315ef27c2#0:FAIL-t7] and 0 exception(s); f3b156d7-7eb6-46eb-bb34-4a82b6f9f404@group-4DF5A04227EE:t7, leader=null, voted=f3b156d7-7eb6-46eb-bb34-4a82b6f9f404, raftlog=f3b156d7-7eb6-46eb-bb34-4a82b6f9f404@group-4DF5A04227EE-SegmentedRaftLog:OPENED:c-1,f-1,i0, conf=-1: [382b0250-a1aa-40f3-882d-cd7fb29de27f:192.168.5.182:40829, f3b156d7-7eb6-46eb-bb34-4a82b6f9f404:192.168.5.182:33815, 3d170688-536a-4a66-a9c9-289315ef27c2:192.168.5.182:32785], old=null
2019-09-20 00:05:24,860 [c63e7fee-7ebf-4ab3-a82c-403b5cf942fc@group-0BC4DF7BF4D9:LeaderElection122] INFO  impl.RoleInfo (RoleInfo.java:updateAndGet(143)) - c63e7fee-7ebf-4ab3-a82c-403b5cf942fc: start FollowerState
2019-09-20 00:05:24,861 [f3b156d7-7eb6-46eb-bb34-4a82b6f9f404@group-4DF5A04227EE:LeaderElection117] INFO  impl.RaftServerImpl (RaftServerImpl.java:setRole(174)) - f3b156d7-7eb6-46eb-bb34-4a82b6f9f404@group-4DF5A04227EE: changes role from CANDIDATE to FOLLOWER at term 7 for DISCOVERED_A_NEW_TERM
2019-09-20 00:05:24,861 [f3b156d7-7eb6-46eb-bb34-4a82b6f9f404@group-4DF5A04227EE:LeaderElection117] INFO  impl.RoleInfo (RoleInfo.java:shutdownLeaderElection(134)) - f3b156d7-7eb6-46eb-bb34-4a82b6f9f404: shutdown LeaderElection
2019-09-20 00:05:24,861 [89de1964-3948-43a8-885a-142089a2f45f@group-032B6602E80F:LeaderElection118] INFO  impl.LeaderElection (LeaderElection.java:logAndReturn(56)) - 89de1964-3948-43a8-885a-142089a2f45f@group-032B6602E80F:LeaderElection118: Election REJECTED; received 2 response(s) [89de1964-3948-43a8-885a-142089a2f45f<-7d878657-54f8-4791-978a-386f775e0485#0:FAIL-t7, 89de1964-3948-43a8-885a-142089a2f45f<-5f35e7da-28ae-4b25-a1a4-54a4278033f1#0:FAIL-t7] and 0 exception(s); 89de1964-3948-43a8-885a-142089a2f45f@group-032B6602E80F:t7, leader=null, voted=89de1964-3948-43a8-885a-142089a2f45f, raftlog=89de1964-3948-43a8-885a-142089a2f45f@group-032B6602E80F-SegmentedRaftLog:OPENED:c-1,f-1,i0, conf=-1: [7d878657-54f8-4791-978a-386f775e0485:192.168.5.182:36462, 5f35e7da-28ae-4b25-a1a4-54a4278033f1:192.168.5.182:43639, 89de1964-3948-43a8-885a-142089a2f45f:192.168.5.182:39929], old=null
2019-09-20 00:05:24,861 [f3b156d7-7eb6-46eb-bb34-4a82b6f9f404@group-4DF5A04227EE:LeaderElection117] INFO  impl.RoleInfo (RoleInfo.java:updateAndGet(143)) - f3b156d7-7eb6-46eb-bb34-4a82b6f9f404: start FollowerState
2019-09-20 00:05:24,861 [89de1964-3948-43a8-885a-142089a2f45f@group-032B6602E80F:LeaderElection118] INFO  impl.RaftServerImpl (RaftServerImpl.java:setRole(174)) - 89de1964-3948-43a8-885a-142089a2f45f@group-032B6602E80F: changes role from CANDIDATE to FOLLOWER at term 7 for DISCOVERED_A_NEW_TERM
2019-09-20 00:05:24,861 [3d170688-536a-4a66-a9c9-289315ef27c2@group-4DF5A04227EE:LeaderElection119] INFO  impl.LeaderElection (LeaderElection.java:logAndReturn(56)) - 3d170688-536a-4a66-a9c9-289315ef27c2@group-4DF5A04227EE:LeaderElection119: Election REJECTED; received 2 response(s) [3d170688-536a-4a66-a9c9-289315ef27c2<-382b0250-a1aa-40f3-882d-cd7fb29de27f#0:FAIL-t7, 3d170688-536a-4a66-a9c9-289315ef27c2<-f3b156d7-7eb6-46eb-bb34-4a82b6f9f404#0:FAIL-t7] and 0 exception(s); 3d170688-536a-4a66-a9c9-289315ef27c2@group-4DF5A04227EE:t7, leader=null, voted=3d170688-536a-4a66-a9c9-289315ef27c2, raftlog=3d170688-536a-4a66-a9c9-289315ef27c2@group-4DF5A04227EE-SegmentedRaftLog:OPENED:c-1,f-1,i0, conf=-1: [382b0250-a1aa-40f3-882d-cd7fb29de27f:192.168.5.182:40829, f3b156d7-7eb6-46eb-bb34-4a82b6f9f404:192.168.5.182:33815, 3d170688-536a-4a66-a9c9-289315ef27c2:192.168.5.182:32785], old=null
2019-09-20 00:05:24,862 [5f35e7da-28ae-4b25-a1a4-54a4278033f1@group-032B6602E80F:LeaderElection123] INFO  impl.LeaderElection (LeaderElection.java:logAndReturn(56)) - 5f35e7da-28ae-4b25-a1a4-54a4278033f1@group-032B6602E80F:LeaderElection123: Election REJECTED; received 2 response(s) [5f35e7da-28ae-4b25-a1a4-54a4278033f1<-7d878657-54f8-4791-978a-386f775e0485#0:FAIL-t7, 5f35e7da-28ae-4b25-a1a4-54a4278033f1<-89de1964-3948-43a8-885a-142089a2f45f#0:FAIL-t7] and 0 exception(s); 5f35e7da-28ae-4b25-a1a4-54a4278033f1@group-032B6602E80F:t7, leader=null, voted=5f35e7da-28ae-4b25-a1a4-54a4278033f1, raftlog=5f35e7da-28ae-4b25-a1a4-54a4278033f1@group-032B6602E80F-SegmentedRaftLog:OPENED:c-1,f-1,i0, conf=-1: [7d878657-54f8-4791-978a-386f775e0485:192.168.5.182:36462, 5f35e7da-28ae-4b25-a1a4-54a4278033f1:192.168.5.182:43639, 89de1964-3948-43a8-885a-142089a2f45f:192.168.5.182:39929], old=null
2019-09-20 00:05:24,861 [89de1964-3948-43a8-885a-142089a2f45f@group-032B6602E80F:LeaderElection118] INFO  impl.RoleInfo (RoleInfo.java:shutdownLeaderElection(134)) - 89de1964-3948-43a8-885a-142089a2f45f: shutdown LeaderElection
2019-09-20 00:05:24,862 [5f35e7da-28ae-4b25-a1a4-54a4278033f1@group-032B6602E80F:LeaderElection123] INFO  impl.RaftServerImpl (RaftServerImpl.java:setRole(174)) - 5f35e7da-28ae-4b25-a1a4-54a4278033f1@group-032B6602E80F: changes role from CANDIDATE to FOLLOWER at term 7 for DISCOVERED_A_NEW_TERM
2019-09-20 00:05:24,862 [5f35e7da-28ae-4b25-a1a4-54a4278033f1@group-032B6602E80F:LeaderElection123] INFO  impl.RoleInfo (RoleInfo.java:shutdownLeaderElection(134)) - 5f35e7da-28ae-4b25-a1a4-54a4278033f1: shutdown LeaderElection
2019-09-20 00:05:24,862 [3d170688-536a-4a66-a9c9-289315ef27c2@group-4DF5A04227EE:LeaderElection119] INFO  impl.RaftServerImpl (RaftServerImpl.java:setRole(174)) - 3d170688-536a-4a66-a9c9-289315ef27c2@group-4DF5A04227EE: changes role from CANDIDATE to FOLLOWER at term 7 for DISCOVERED_A_NEW_TERM
2019-09-20 00:05:24,862 [382b0250-a1aa-40f3-882d-cd7fb29de27f@group-4DF5A04227EE:LeaderElection121] INFO  impl.LeaderElection (LeaderElection.java:logAndReturn(56)) - 382b0250-a1aa-40f3-882d-cd7fb29de27f@group-4DF5A04227EE:LeaderElection121: Election REJECTED; received 2 response(s) [382b0250-a1aa-40f3-882d-cd7fb29de27f<-f3b156d7-7eb6-46eb-bb34-4a82b6f9f404#0:FAIL-t7, 382b0250-a1aa-40f3-882d-cd7fb29de27f<-3d170688-536a-4a66-a9c9-289315ef27c2#0:FAIL-t7] and 0 exception(s); 382b0250-a1aa-40f3-882d-cd7fb29de27f@group-4DF5A04227EE:t7, leader=null, voted=382b0250-a1aa-40f3-882d-cd7fb29de27f, raftlog=382b0250-a1aa-40f3-882d-cd7fb29de27f@group-4DF5A04227EE-SegmentedRaftLog:OPENED:c-1,f-1,i0, conf=-1: [382b0250-a1aa-40f3-882d-cd7fb29de27f:192.168.5.182:40829, f3b156d7-7eb6-46eb-bb34-4a82b6f9f404:192.168.5.182:33815, 3d170688-536a-4a66-a9c9-289315ef27c2:192.168.5.182:32785], old=null
2019-09-20 00:05:24,862 [5f35e7da-28ae-4b25-a1a4-54a4278033f1@group-032B6602E80F:LeaderElection123] INFO  impl.RoleInfo (RoleInfo.java:updateAndGet(143)) - 5f35e7da-28ae-4b25-a1a4-54a4278033f1: start FollowerState
2019-09-20 00:05:24,862 [382b0250-a1aa-40f3-882d-cd7fb29de27f@group-4DF5A04227EE:LeaderElection121] INFO  impl.RaftServerImpl (RaftServerImpl.java:setRole(174)) - 382b0250-a1aa-40f3-882d-cd7fb29de27f@group-4DF5A04227EE: changes role from CANDIDATE to FOLLOWER at term 7 for DISCOVERED_A_NEW_TERM
2019-09-20 00:05:24,862 [89de1964-3948-43a8-885a-142089a2f45f@group-032B6602E80F:LeaderElection118] INFO  impl.RoleInfo (RoleInfo.java:updateAndGet(143)) - 89de1964-3948-43a8-885a-142089a2f45f: start FollowerState
2019-09-20 00:05:24,862 [7d878657-54f8-4791-978a-386f775e0485@group-032B6602E80F:LeaderElection120] INFO  impl.LeaderElection (LeaderElection.java:logAndReturn(56)) - 7d878657-54f8-4791-978a-386f775e0485@group-032B6602E80F:LeaderElection120: Election REJECTED; received 2 response(s) [7d878657-54f8-4791-978a-386f775e0485<-5f35e7da-28ae-4b25-a1a4-54a4278033f1#0:FAIL-t7, 7d878657-54f8-4791-978a-386f775e0485<-89de1964-3948-43a8-885a-142089a2f45f#0:FAIL-t7] and 0 exception(s); 7d878657-54f8-4791-978a-386f775e0485@group-032B6602E80F:t7, leader=null, voted=7d878657-54f8-4791-978a-386f775e0485, raftlog=7d878657-54f8-4791-978a-386f775e0485@group-032B6602E80F-SegmentedRaftLog:OPENED:c-1,f-1,i0, conf=-1: [7d878657-54f8-4791-978a-386f775e0485:192.168.5.182:36462, 5f35e7da-28ae-4b25-a1a4-54a4278033f1:192.168.5.182:43639, 89de1964-3948-43a8-885a-142089a2f45f:192.168.5.182:39929], old=null
2019-09-20 00:05:24,863 [382b0250-a1aa-40f3-882d-cd7fb29de27f@group-4DF5A04227EE:LeaderElection121] INFO  impl.RoleInfo (RoleInfo.java:shutdownLeaderElection(134)) - 382b0250-a1aa-40f3-882d-cd7fb29de27f: shutdown LeaderElection
2019-09-20 00:05:24,862 [3d170688-536a-4a66-a9c9-289315ef27c2@group-4DF5A04227EE:LeaderElection119] INFO  impl.RoleInfo (RoleInfo.java:shutdownLeaderElection(134)) - 3d170688-536a-4a66-a9c9-289315ef27c2: shutdown LeaderElection
2019-09-20 00:05:24,863 [382b0250-a1aa-40f3-882d-cd7fb29de27f@group-4DF5A04227EE:LeaderElection121] INFO  impl.RoleInfo (RoleInfo.java:updateAndGet(143)) - 382b0250-a1aa-40f3-882d-cd7fb29de27f: start FollowerState
2019-09-20 00:05:24,863 [7d878657-54f8-4791-978a-386f775e0485@group-032B6602E80F:LeaderElection120] INFO  impl.RaftServerImpl (RaftServerImpl.java:setRole(174)) - 7d878657-54f8-4791-978a-386f775e0485@group-032B6602E80F: changes role from CANDIDATE to FOLLOWER at term 7 for DISCOVERED_A_NEW_TERM
2019-09-20 00:05:24,863 [3d170688-536a-4a66-a9c9-289315ef27c2@group-4DF5A04227EE:LeaderElection119] INFO  impl.RoleInfo (RoleInfo.java:updateAndGet(143)) - 3d170688-536a-4a66-a9c9-289315ef27c2: start FollowerState
2019-09-20 00:05:24,863 [7d878657-54f8-4791-978a-386f775e0485@group-032B6602E80F:LeaderElection120] INFO  impl.RoleInfo (RoleInfo.java:shutdownLeaderElection(134)) - 7d878657-54f8-4791-978a-386f775e0485: shutdown LeaderElection
2019-09-20 00:05:24,864 [7d878657-54f8-4791-978a-386f775e0485@group-032B6602E80F:LeaderElection120] INFO  impl.RoleInfo (RoleInfo.java:updateAndGet(143)) - 7d878657-54f8-4791-978a-386f775e0485: start FollowerState
2019-09-20 00:05:25,408 [main] INFO  ozone.MiniOzoneClusterImpl (MiniOzoneClusterImpl.java:lambda$waitForClusterToBeReady$0(145)) - Waiting for cluster to be ready. Got 0 of 7 DN Heartbeats.
2019-09-20 00:05:25,526 [Datanode State Machine Thread - 0] INFO  ozoneimpl.OzoneContainer (OzoneContainer.java:start(217)) - Attempting to start container services.
2019-09-20 00:05:25,526 [Datanode State Machine Thread - 0] INFO  ozoneimpl.OzoneContainer (OzoneContainer.java:start(217)) - Attempting to start container services.
2019-09-20 00:05:25,526 [Datanode State Machine Thread - 0] INFO  ozoneimpl.OzoneContainer (OzoneContainer.java:start(217)) - Attempting to start container services.
2019-09-20 00:05:25,526 [Datanode State Machine Thread - 0] INFO  ozoneimpl.OzoneContainer (OzoneContainer.java:start(217)) - Attempting to start container services.
2019-09-20 00:05:25,526 [Datanode State Machine Thread - 0] INFO  ozoneimpl.OzoneContainer (OzoneContainer.java:startContainerScrub(179)) - Background container scanner has been disabled.
2019-09-20 00:05:25,526 [Datanode State Machine Thread - 0] INFO  ozoneimpl.OzoneContainer (OzoneContainer.java:startContainerScrub(179)) - Background container scanner has been disabled.
2019-09-20 00:05:25,526 [Datanode State Machine Thread - 0] INFO  ozoneimpl.OzoneContainer (OzoneContainer.java:startContainerScrub(179)) - Background container scanner has been disabled.
2019-09-20 00:05:25,526 [Datanode State Machine Thread - 0] INFO  ratis.XceiverServerRatis (XceiverServerRatis.java:start(411)) - Starting XceiverServerRatis ea825c9d-8472-466f-bfce-f371396f94a5 at port 0
2019-09-20 00:05:25,526 [Datanode State Machine Thread - 0] INFO  ozoneimpl.OzoneContainer (OzoneContainer.java:startContainerScrub(179)) - Background container scanner has been disabled.
2019-09-20 00:05:25,526 [Datanode State Machine Thread - 0] INFO  ratis.XceiverServerRatis (XceiverServerRatis.java:start(411)) - Starting XceiverServerRatis 7ae2750e-cac3-4ecc-909b-191b15f66829 at port 0
2019-09-20 00:05:25,527 [Datanode State Machine Thread - 0] INFO  ratis.XceiverServerRatis (XceiverServerRatis.java:start(411)) - Starting XceiverServerRatis c0f82a6b-777f-4a03-a589-5864e9160c05 at port 0
2019-09-20 00:05:25,527 [Datanode State Machine Thread - 0] INFO  ratis.XceiverServerRatis (XceiverServerRatis.java:start(411)) - Starting XceiverServerRatis e478c757-b491-4de8-9fe6-50ff52283427 at port 0
2019-09-20 00:05:25,548 [Datanode State Machine Thread - 0] INFO  impl.RaftServerProxy (RaftServerProxy.java:lambda$start$3(299)) - ea825c9d-8472-466f-bfce-f371396f94a5: start RPC server
2019-09-20 00:05:25,549 [Datanode State Machine Thread - 0] INFO  server.GrpcService (GrpcService.java:startImpl(158)) - ea825c9d-8472-466f-bfce-f371396f94a5: GrpcService started, listening on 0.0.0.0/0.0.0.0:42507
2019-09-20 00:05:25,550 [Datanode State Machine Thread - 0] INFO  ratis.XceiverServerRatis (XceiverServerRatis.java:start(421)) - XceiverServerRatis ea825c9d-8472-466f-bfce-f371396f94a5 is started using port 42507
2019-09-20 00:05:25,567 [Datanode State Machine Thread - 0] INFO  server.XceiverServerGrpc (XceiverServerGrpc.java:start(149)) - XceiverServerGrpc ea825c9d-8472-466f-bfce-f371396f94a5 is started using port 46158
2019-09-20 00:05:25,567 [Datanode State Machine Thread - 0] INFO  impl.RaftServerProxy (RaftServerProxy.java:lambda$start$3(299)) - 7ae2750e-cac3-4ecc-909b-191b15f66829: start RPC server
2019-09-20 00:05:25,567 [Datanode State Machine Thread - 0] INFO  impl.RaftServerProxy (RaftServerProxy.java:lambda$start$3(299)) - c0f82a6b-777f-4a03-a589-5864e9160c05: start RPC server
2019-09-20 00:05:25,572 [Datanode State Machine Thread - 0] INFO  server.GrpcService (GrpcService.java:startImpl(158)) - 7ae2750e-cac3-4ecc-909b-191b15f66829: GrpcService started, listening on 0.0.0.0/0.0.0.0:41314
2019-09-20 00:05:25,572 [Datanode State Machine Thread - 0] INFO  impl.RaftServerProxy (RaftServerProxy.java:lambda$start$3(299)) - e478c757-b491-4de8-9fe6-50ff52283427: start RPC server
2019-09-20 00:05:25,572 [Datanode State Machine Thread - 0] INFO  ratis.XceiverServerRatis (XceiverServerRatis.java:start(421)) - XceiverServerRatis 7ae2750e-cac3-4ecc-909b-191b15f66829 is started using port 41314
2019-09-20 00:05:25,572 [Datanode State Machine Thread - 0] INFO  server.GrpcService (GrpcService.java:startImpl(158)) - c0f82a6b-777f-4a03-a589-5864e9160c05: GrpcService started, listening on 0.0.0.0/0.0.0.0:37866
2019-09-20 00:05:25,575 [Datanode State Machine Thread - 0] INFO  server.GrpcService (GrpcService.java:startImpl(158)) - e478c757-b491-4de8-9fe6-50ff52283427: GrpcService started, listening on 0.0.0.0/0.0.0.0:39844
2019-09-20 00:05:25,578 [Datanode State Machine Thread - 0] INFO  server.XceiverServerGrpc (XceiverServerGrpc.java:start(149)) - XceiverServerGrpc 7ae2750e-cac3-4ecc-909b-191b15f66829 is started using port 35655
2019-09-20 00:05:25,578 [Datanode State Machine Thread - 0] INFO  ratis.XceiverServerRatis (XceiverServerRatis.java:start(421)) - XceiverServerRatis c0f82a6b-777f-4a03-a589-5864e9160c05 is started using port 37866
2019-09-20 00:05:25,578 [Datanode State Machine Thread - 0] INFO  ratis.XceiverServerRatis (XceiverServerRatis.java:start(421)) - XceiverServerRatis e478c757-b491-4de8-9fe6-50ff52283427 is started using port 39844
2019-09-20 00:05:25,582 [Datanode State Machine Thread - 0] INFO  server.XceiverServerGrpc (XceiverServerGrpc.java:start(149)) - XceiverServerGrpc c0f82a6b-777f-4a03-a589-5864e9160c05 is started using port 36024
2019-09-20 00:05:25,585 [Datanode State Machine Thread - 0] INFO  server.XceiverServerGrpc (XceiverServerGrpc.java:start(149)) - XceiverServerGrpc e478c757-b491-4de8-9fe6-50ff52283427 is started using port 35437
2019-09-20 00:05:26,365 [Datanode State Machine Thread - 0] INFO  ozoneimpl.OzoneContainer (OzoneContainer.java:start(217)) - Attempting to start container services.
2019-09-20 00:05:26,365 [Datanode State Machine Thread - 0] INFO  ozoneimpl.OzoneContainer (OzoneContainer.java:start(217)) - Attempting to start container services.
2019-09-20 00:05:26,365 [Datanode State Machine Thread - 0] INFO  ozoneimpl.OzoneContainer (OzoneContainer.java:startContainerScrub(179)) - Background container scanner has been disabled.
2019-09-20 00:05:26,365 [Datanode State Machine Thread - 0] INFO  ozoneimpl.OzoneContainer (OzoneContainer.java:startContainerScrub(179)) - Background container scanner has been disabled.
2019-09-20 00:05:26,365 [Datanode State Machine Thread - 0] INFO  ratis.XceiverServerRatis (XceiverServerRatis.java:start(411)) - Starting XceiverServerRatis 41c96ee6-96c4-4c7b-baa5-2410cf13d401 at port 0
2019-09-20 00:05:26,365 [Datanode State Machine Thread - 0] INFO  ratis.XceiverServerRatis (XceiverServerRatis.java:start(411)) - Starting XceiverServerRatis 459198ed-48fa-482c-a7b6-3dfc76eaacd2 at port 0
2019-09-20 00:05:26,366 [Datanode State Machine Thread - 0] INFO  ozoneimpl.OzoneContainer (OzoneContainer.java:start(217)) - Attempting to start container services.
2019-09-20 00:05:26,367 [Datanode State Machine Thread - 0] INFO  ozoneimpl.OzoneContainer (OzoneContainer.java:startContainerScrub(179)) - Background container scanner has been disabled.
2019-09-20 00:05:26,367 [Datanode State Machine Thread - 0] INFO  ratis.XceiverServerRatis (XceiverServerRatis.java:start(411)) - Starting XceiverServerRatis 6442c8d3-568b-44b3-ac93-354b648680f1 at port 0
2019-09-20 00:05:26,387 [Datanode State Machine Thread - 0] INFO  impl.RaftServerProxy (RaftServerProxy.java:lambda$start$3(299)) - 459198ed-48fa-482c-a7b6-3dfc76eaacd2: start RPC server
2019-09-20 00:05:26,387 [Datanode State Machine Thread - 0] INFO  server.GrpcService (GrpcService.java:startImpl(158)) - 459198ed-48fa-482c-a7b6-3dfc76eaacd2: GrpcService started, listening on 0.0.0.0/0.0.0.0:38296
2019-09-20 00:05:26,387 [Datanode State Machine Thread - 0] INFO  ratis.XceiverServerRatis (XceiverServerRatis.java:start(421)) - XceiverServerRatis 459198ed-48fa-482c-a7b6-3dfc76eaacd2 is started using port 38296
2019-09-20 00:05:26,388 [Datanode State Machine Thread - 0] INFO  server.XceiverServerGrpc (XceiverServerGrpc.java:start(149)) - XceiverServerGrpc 459198ed-48fa-482c-a7b6-3dfc76eaacd2 is started using port 33500
2019-09-20 00:05:26,396 [Datanode State Machine Thread - 0] INFO  impl.RaftServerProxy (RaftServerProxy.java:lambda$start$3(299)) - 6442c8d3-568b-44b3-ac93-354b648680f1: start RPC server
2019-09-20 00:05:26,397 [Datanode State Machine Thread - 0] INFO  impl.RaftServerProxy (RaftServerProxy.java:lambda$start$3(299)) - 41c96ee6-96c4-4c7b-baa5-2410cf13d401: start RPC server
2019-09-20 00:05:26,417 [main] INFO  ozone.MiniOzoneClusterImpl (MiniOzoneClusterImpl.java:lambda$waitForClusterToBeReady$0(145)) - Waiting for cluster to be ready. Got 0 of 7 DN Heartbeats.
2019-09-20 00:05:26,422 [Datanode State Machine Thread - 0] INFO  server.GrpcService (GrpcService.java:startImpl(158)) - 6442c8d3-568b-44b3-ac93-354b648680f1: GrpcService started, listening on 0.0.0.0/0.0.0.0:44799
2019-09-20 00:05:26,422 [Datanode State Machine Thread - 0] INFO  ratis.XceiverServerRatis (XceiverServerRatis.java:start(421)) - XceiverServerRatis 6442c8d3-568b-44b3-ac93-354b648680f1 is started using port 44799
2019-09-20 00:05:26,426 [Datanode State Machine Thread - 0] INFO  server.GrpcService (GrpcService.java:startImpl(158)) - 41c96ee6-96c4-4c7b-baa5-2410cf13d401: GrpcService started, listening on 0.0.0.0/0.0.0.0:45792
2019-09-20 00:05:26,426 [Datanode State Machine Thread - 0] INFO  ratis.XceiverServerRatis (XceiverServerRatis.java:start(421)) - XceiverServerRatis 41c96ee6-96c4-4c7b-baa5-2410cf13d401 is started using port 45792
2019-09-20 00:05:26,431 [Datanode State Machine Thread - 0] INFO  server.XceiverServerGrpc (XceiverServerGrpc.java:start(149)) - XceiverServerGrpc 6442c8d3-568b-44b3-ac93-354b648680f1 is started using port 36237
2019-09-20 00:05:26,446 [Datanode State Machine Thread - 0] INFO  server.XceiverServerGrpc (XceiverServerGrpc.java:start(149)) - XceiverServerGrpc 41c96ee6-96c4-4c7b-baa5-2410cf13d401 is started using port 40875
2019-09-20 00:05:26,463 [IPC Server handler 4 on 35932] INFO  net.NetworkTopology (NetworkTopologyImpl.java:add(111)) - Added a new node: /default-rack/7ae2750e-cac3-4ecc-909b-191b15f66829
2019-09-20 00:05:26,469 [IPC Server handler 4 on 35932] INFO  node.SCMNodeManager (SCMNodeManager.java:register(266)) - Registered Data node : 7ae2750e-cac3-4ecc-909b-191b15f66829{ip: 192.168.5.182, host: pr-hdds-2020-7x4rg-3348829713, networkLocation: /default-rack, certSerialId: null}
2019-09-20 00:05:26,470 [EventQueue-NodeRegistrationContainerReportForDataNodeSafeModeRule] INFO  safemode.SCMSafeModeManager (DataNodeSafeModeRule.java:process(71)) - SCM in safe mode. 1 DataNodes registered, 1 required.
2019-09-20 00:05:26,474 [EventQueue-NodeRegistrationContainerReportForDataNodeSafeModeRule] INFO  safemode.SCMSafeModeManager (SCMSafeModeManager.java:validateSafeModeExitRules(177)) - ScmSafeModeManager, all rules are successfully validated
2019-09-20 00:05:26,474 [EventQueue-NodeRegistrationContainerReportForDataNodeSafeModeRule] INFO  safemode.SCMSafeModeManager (SCMSafeModeManager.java:exitSafeMode(193)) - SCM exiting safe mode.
2019-09-20 00:05:26,496 [grpc-default-executor-6] INFO  impl.RaftServerProxy (RaftServerProxy.java:addNew(89)) - 7ae2750e-cac3-4ecc-909b-191b15f66829: addNew group-147F3C4FFFBA:[7ae2750e-cac3-4ecc-909b-191b15f66829:192.168.5.182:41314] returns group-147F3C4FFFBA:java.util.concurrent.CompletableFuture@2dbd93da[Not completed]
2019-09-20 00:05:26,498 [pool-383-thread-1] INFO  impl.RaftServerImpl (RaftServerImpl.java:<init>(95)) - 7ae2750e-cac3-4ecc-909b-191b15f66829: new RaftServerImpl for group-147F3C4FFFBA:[7ae2750e-cac3-4ecc-909b-191b15f66829:192.168.5.182:41314] with ContainerStateMachine:uninitialized
2019-09-20 00:05:26,499 [pool-383-thread-1] INFO  server.RaftServerConfigKeys (ConfUtils.java:logGet(43)) - raft.server.rpc.timeout.min = 5s (custom)
2019-09-20 00:05:26,499 [pool-383-thread-1] INFO  server.RaftServerConfigKeys (ConfUtils.java:logGet(43)) - raft.server.rpc.timeout.max = 5200ms (custom)
2019-09-20 00:05:26,499 [pool-383-thread-1] INFO  server.RaftServerConfigKeys (ConfUtils.java:logGet(43)) - raft.server.rpcslowness.timeout = 120s (custom)
2019-09-20 00:05:26,499 [pool-383-thread-1] INFO  server.RaftServerConfigKeys (ConfUtils.java:logGet(43)) - raft.server.sleep.deviation.threshold = 300 (default)
2019-09-20 00:05:26,499 [pool-383-thread-1] INFO  server.RaftServerConfigKeys (ConfUtils.java:logGet(43)) - raft.server.log.appender.install.snapshot.enabled = false (custom)
2019-09-20 00:05:26,500 [pool-383-thread-1] INFO  impl.RaftServerImpl (ServerState.java:<init>(103)) - 7ae2750e-cac3-4ecc-909b-191b15f66829@group-147F3C4FFFBA: ConfigurationManager, init=-1: [7ae2750e-cac3-4ecc-909b-191b15f66829:192.168.5.182:41314], old=null, confs=<EMPTY_MAP>
2019-09-20 00:05:26,500 [pool-383-thread-1] INFO  server.RaftServerConfigKeys (ConfUtils.java:logGet(43)) - raft.server.storage.dir = [/workdir/hadoop-ozone/integration-test/target/test-dir/MiniOzoneClusterImpl-f43817f8-c2ee-484a-a975-3aa49b4c2d8f/datanode-0/data/ratis] (custom)
2019-09-20 00:05:26,500 [pool-383-thread-1] INFO  storage.RaftStorageDirectory (RaftStorageDirectory.java:analyzeStorage(246)) - The storage directory /workdir/hadoop-ozone/integration-test/target/test-dir/MiniOzoneClusterImpl-f43817f8-c2ee-484a-a975-3aa49b4c2d8f/datanode-0/data/ratis/b5cc1fd3-6cb4-4ad3-9eb1-147f3c4fffba does not exist. Creating ...
2019-09-20 00:05:26,552 [IPC Server handler 5 on 35932] INFO  net.NetworkTopology (NetworkTopologyImpl.java:add(111)) - Added a new node: /default-rack/e478c757-b491-4de8-9fe6-50ff52283427
2019-09-20 00:05:26,552 [IPC Server handler 5 on 35932] INFO  node.SCMNodeManager (SCMNodeManager.java:register(266)) - Registered Data node : e478c757-b491-4de8-9fe6-50ff52283427{ip: 192.168.5.182, host: pr-hdds-2020-7x4rg-3348829713, networkLocation: /default-rack, certSerialId: null}
2019-09-20 00:05:26,682 [IPC Server handler 7 on 35932] INFO  net.NetworkTopology (NetworkTopologyImpl.java:add(111)) - Added a new node: /default-rack/ea825c9d-8472-466f-bfce-f371396f94a5
2019-09-20 00:05:26,682 [IPC Server handler 7 on 35932] INFO  node.SCMNodeManager (SCMNodeManager.java:register(266)) - Registered Data node : ea825c9d-8472-466f-bfce-f371396f94a5{ip: 192.168.5.182, host: pr-hdds-2020-7x4rg-3348829713, networkLocation: /default-rack, certSerialId: null}
2019-09-20 00:05:26,808 [IPC Server handler 0 on 35932] INFO  net.NetworkTopology (NetworkTopologyImpl.java:add(111)) - Added a new node: /default-rack/c0f82a6b-777f-4a03-a589-5864e9160c05
2019-09-20 00:05:26,808 [IPC Server handler 0 on 35932] INFO  node.SCMNodeManager (SCMNodeManager.java:register(266)) - Registered Data node : c0f82a6b-777f-4a03-a589-5864e9160c05{ip: 192.168.5.182, host: pr-hdds-2020-7x4rg-3348829713, networkLocation: /default-rack, certSerialId: null}
2019-09-20 00:05:26,930 [pool-383-thread-1] INFO  storage.RaftStorageDirectory (RaftStorageDirectory.java:tryLock(328)) - Lock on /workdir/hadoop-ozone/integration-test/target/test-dir/MiniOzoneClusterImpl-f43817f8-c2ee-484a-a975-3aa49b4c2d8f/datanode-0/data/ratis/b5cc1fd3-6cb4-4ad3-9eb1-147f3c4fffba/in_use.lock acquired by nodename 22703@pr-hdds-2020-7x4rg-3348829713
2019-09-20 00:05:26,961 [IPC Server handler 1 on 35932] INFO  net.NetworkTopology (NetworkTopologyImpl.java:add(111)) - Added a new node: /default-rack/41c96ee6-96c4-4c7b-baa5-2410cf13d401
2019-09-20 00:05:26,961 [IPC Server handler 1 on 35932] INFO  node.SCMNodeManager (SCMNodeManager.java:register(266)) - Registered Data node : 41c96ee6-96c4-4c7b-baa5-2410cf13d401{ip: 192.168.5.182, host: pr-hdds-2020-7x4rg-3348829713, networkLocation: /default-rack, certSerialId: null}
2019-09-20 00:05:27,092 [IPC Server handler 3 on 35932] INFO  net.NetworkTopology (NetworkTopologyImpl.java:add(111)) - Added a new node: /default-rack/459198ed-48fa-482c-a7b6-3dfc76eaacd2
2019-09-20 00:05:27,092 [IPC Server handler 3 on 35932] INFO  node.SCMNodeManager (SCMNodeManager.java:register(266)) - Registered Data node : 459198ed-48fa-482c-a7b6-3dfc76eaacd2{ip: 192.168.5.182, host: pr-hdds-2020-7x4rg-3348829713, networkLocation: /default-rack, certSerialId: null}
2019-09-20 00:05:27,221 [pool-383-thread-1] INFO  storage.RaftStorage (RaftStorage.java:format(72)) - Storage directory /workdir/hadoop-ozone/integration-test/target/test-dir/MiniOzoneClusterImpl-f43817f8-c2ee-484a-a975-3aa49b4c2d8f/datanode-0/data/ratis/b5cc1fd3-6cb4-4ad3-9eb1-147f3c4fffba has been successfully formatted.
2019-09-20 00:05:27,221 [pool-383-thread-1] INFO  ratis.ContainerStateMachine (ContainerStateMachine.java:loadSnapshot(230)) - group-147F3C4FFFBA: The snapshot info is null. Setting the last applied indexto:(t:0, i:~)
2019-09-20 00:05:27,221 [pool-383-thread-1] INFO  server.RaftServerConfigKeys (ConfUtils.java:logGet(43)) - raft.server.notification.no-leader.timeout = 120s (custom)
2019-09-20 00:05:27,221 [pool-383-thread-1] INFO  server.RaftServerConfigKeys (ConfUtils.java:logGet(43)) - raft.server.log.use.memory = false (default)
2019-09-20 00:05:27,221 [pool-383-thread-1] INFO  server.RaftServerConfigKeys (ConfUtils.java:logGet(43)) - raft.server.log.purge.gap = 1000000 (custom)
2019-09-20 00:05:27,221 [pool-383-thread-1] INFO  server.RaftServerConfigKeys (ConfUtils.java:logGet(43)) - raft.server.log.appender.buffer.byte-limit = 33554432 (custom)
2019-09-20 00:05:27,221 [pool-383-thread-1] INFO  server.RaftServerConfigKeys (ConfUtils.java:logGet(43)) - raft.server.log.segment.size.max = 1048576 (custom)
2019-09-20 00:05:27,222 [pool-383-thread-1] INFO  server.RaftServerConfigKeys (ConfUtils.java:logGet(43)) - raft.server.log.segment.cache.num.max = 2 (custom)
2019-09-20 00:05:27,222 [pool-383-thread-1] INFO  segmented.SegmentedRaftLogWorker (SegmentedRaftLogWorker.java:<init>(172)) - new 7ae2750e-cac3-4ecc-909b-191b15f66829@group-147F3C4FFFBA-SegmentedRaftLogWorker for RaftStorage:Storage Directory /workdir/hadoop-ozone/integration-test/target/test-dir/MiniOzoneClusterImpl-f43817f8-c2ee-484a-a975-3aa49b4c2d8f/datanode-0/data/ratis/b5cc1fd3-6cb4-4ad3-9eb1-147f3c4fffba
2019-09-20 00:05:27,223 [pool-383-thread-1] INFO  server.RaftServerConfigKeys (ConfUtils.java:logGet(43)) - raft.server.log.queue.byte-limit = 2147483647 (custom)
2019-09-20 00:05:27,223 [pool-383-thread-1] INFO  server.RaftServerConfigKeys (ConfUtils.java:logGet(43)) - raft.server.log.queue.element-limit = 1024 (custom)
2019-09-20 00:05:27,223 [pool-383-thread-1] INFO  server.RaftServerConfigKeys (ConfUtils.java:logGet(43)) - raft.server.log.segment.size.max = 1048576 (custom)
2019-09-20 00:05:27,224 [pool-383-thread-1] INFO  server.RaftServerConfigKeys (ConfUtils.java:logGet(43)) - raft.server.log.preallocated.size = 16384 (custom)
2019-09-20 00:05:27,224 [pool-383-thread-1] INFO  server.RaftServerConfigKeys (ConfUtils.java:logGet(43)) - raft.server.log.write.buffer.size = 33554432 (custom)
2019-09-20 00:05:27,224 [pool-383-thread-1] INFO  server.RaftServerConfigKeys (ConfUtils.java:logGet(43)) - raft.server.log.force.sync.num = 128 (default)
2019-09-20 00:05:27,224 [pool-383-thread-1] INFO  server.RaftServerConfigKeys (ConfUtils.java:logGet(43)) - raft.server.log.statemachine.data.sync = true (default)
2019-09-20 00:05:27,224 [pool-383-thread-1] INFO  server.RaftServerConfigKeys (ConfUtils.java:logGet(43)) - raft.server.log.statemachine.data.sync.timeout = 10s (default)
2019-09-20 00:05:27,224 [pool-383-thread-1] INFO  server.RaftServerConfigKeys (ConfUtils.java:logGet(43)) - raft.server.log.statemachine.data.sync.timeout.retry = -1 (default)
2019-09-20 00:05:27,224 [pool-383-thread-1] INFO  server.RaftServerConfigKeys (ConfUtils.java:logGet(43)) - raft.server.log.statemachine.data.caching.enabled = true (custom)
2019-09-20 00:05:27,224 [pool-383-thread-1] INFO  segmented.SegmentedRaftLogWorker (SegmentedRaftLogWorker.java:lambda$new$0(132)) - 7ae2750e-cac3-4ecc-909b-191b15f66829@group-147F3C4FFFBA-SegmentedRaftLogWorker: flushIndex: setUnconditionally 0 -> -1
2019-09-20 00:05:27,225 [pool-383-thread-1] INFO  server.RaftServerConfigKeys (ConfUtils.java:logGet(43)) - raft.server.snapshot.auto.trigger.enabled = true (custom)
2019-09-20 00:05:27,225 [pool-383-thread-1] INFO  server.RaftServerConfigKeys (ConfUtils.java:logGet(43)) - raft.server.snapshot.auto.trigger.threshold = 10000 (custom)
2019-09-20 00:05:27,225 [pool-383-thread-1] INFO  server.RaftServerConfigKeys (ConfUtils.java:logGet(43)) - raft.server.snapshot.retention.num.files = 5 (custom)
2019-09-20 00:05:27,225 [pool-383-thread-1] INFO  server.RaftServerConfigKeys (ConfUtils.java:logGet(43)) - raft.server.retrycache.expirytime = 600000ms (custom)
2019-09-20 00:05:27,226 [pool-383-thread-1] INFO  impl.RaftServerImpl (RaftServerImpl.java:start(185)) - 7ae2750e-cac3-4ecc-909b-191b15f66829@group-147F3C4FFFBA: start as a follower, conf=-1: [7ae2750e-cac3-4ecc-909b-191b15f66829:192.168.5.182:41314], old=null
2019-09-20 00:05:27,226 [pool-383-thread-1] INFO  impl.RaftServerImpl (RaftServerImpl.java:setRole(174)) - 7ae2750e-cac3-4ecc-909b-191b15f66829@group-147F3C4FFFBA: changes role from      null to FOLLOWER at term 0 for startAsFollower
2019-09-20 00:05:27,226 [pool-383-thread-1] INFO  impl.RoleInfo (RoleInfo.java:updateAndGet(143)) - 7ae2750e-cac3-4ecc-909b-191b15f66829: start FollowerState
2019-09-20 00:05:27,227 [pool-383-thread-1] INFO  util.JmxRegister (JmxRegister.java:tryRegister(44)) - Successfully registered JMX Bean with object name Ratis:service=RaftServer,group=group-147F3C4FFFBA,id=7ae2750e-cac3-4ecc-909b-191b15f66829
2019-09-20 00:05:27,310 [RatisPipelineUtilsThread] INFO  pipeline.PipelineStateManager (PipelineStateManager.java:addPipeline(56)) - Created pipeline Pipeline[ Id: b5cc1fd3-6cb4-4ad3-9eb1-147f3c4fffba, Nodes: 7ae2750e-cac3-4ecc-909b-191b15f66829{ip: 192.168.5.182, host: pr-hdds-2020-7x4rg-3348829713, networkLocation: /default-rack, certSerialId: null}, Type:RATIS, Factor:ONE, State:OPEN]
2019-09-20 00:05:27,320 [grpc-default-executor-1] INFO  impl.RaftServerProxy (RaftServerProxy.java:addNew(89)) - e478c757-b491-4de8-9fe6-50ff52283427: addNew group-7795C844B6CB:[e478c757-b491-4de8-9fe6-50ff52283427:192.168.5.182:39844] returns group-7795C844B6CB:java.util.concurrent.CompletableFuture@52627d20[Not completed]
2019-09-20 00:05:27,321 [pool-393-thread-1] INFO  impl.RaftServerImpl (RaftServerImpl.java:<init>(95)) - e478c757-b491-4de8-9fe6-50ff52283427: new RaftServerImpl for group-7795C844B6CB:[e478c757-b491-4de8-9fe6-50ff52283427:192.168.5.182:39844] with ContainerStateMachine:uninitialized
2019-09-20 00:05:27,321 [pool-393-thread-1] INFO  server.RaftServerConfigKeys (ConfUtils.java:logGet(43)) - raft.server.rpc.timeout.min = 5s (custom)
2019-09-20 00:05:27,322 [pool-393-thread-1] INFO  server.RaftServerConfigKeys (ConfUtils.java:logGet(43)) - raft.server.rpc.timeout.max = 5200ms (custom)
2019-09-20 00:05:27,322 [pool-393-thread-1] INFO  server.RaftServerConfigKeys (ConfUtils.java:logGet(43)) - raft.server.rpcslowness.timeout = 120s (custom)
2019-09-20 00:05:27,322 [pool-393-thread-1] INFO  server.RaftServerConfigKeys (ConfUtils.java:logGet(43)) - raft.server.sleep.deviation.threshold = 300 (default)
2019-09-20 00:05:27,322 [pool-393-thread-1] INFO  server.RaftServerConfigKeys (ConfUtils.java:logGet(43)) - raft.server.log.appender.install.snapshot.enabled = false (custom)
2019-09-20 00:05:27,322 [pool-393-thread-1] INFO  impl.RaftServerImpl (ServerState.java:<init>(103)) - e478c757-b491-4de8-9fe6-50ff52283427@group-7795C844B6CB: ConfigurationManager, init=-1: [e478c757-b491-4de8-9fe6-50ff52283427:192.168.5.182:39844], old=null, confs=<EMPTY_MAP>
2019-09-20 00:05:27,322 [pool-393-thread-1] INFO  server.RaftServerConfigKeys (ConfUtils.java:logGet(43)) - raft.server.storage.dir = [/workdir/hadoop-ozone/integration-test/target/test-dir/MiniOzoneClusterImpl-f43817f8-c2ee-484a-a975-3aa49b4c2d8f/datanode-1/data/ratis] (custom)
2019-09-20 00:05:27,322 [pool-393-thread-1] INFO  storage.RaftStorageDirectory (RaftStorageDirectory.java:analyzeStorage(246)) - The storage directory /workdir/hadoop-ozone/integration-test/target/test-dir/MiniOzoneClusterImpl-f43817f8-c2ee-484a-a975-3aa49b4c2d8f/datanode-1/data/ratis/7fa8d325-857b-4cd4-b2e8-7795c844b6cb does not exist. Creating ...
2019-09-20 00:05:27,345 [pool-393-thread-1] INFO  storage.RaftStorageDirectory (RaftStorageDirectory.java:tryLock(328)) - Lock on /workdir/hadoop-ozone/integration-test/target/test-dir/MiniOzoneClusterImpl-f43817f8-c2ee-484a-a975-3aa49b4c2d8f/datanode-1/data/ratis/7fa8d325-857b-4cd4-b2e8-7795c844b6cb/in_use.lock acquired by nodename 22703@pr-hdds-2020-7x4rg-3348829713
2019-09-20 00:05:27,376 [pool-393-thread-1] INFO  storage.RaftStorage (RaftStorage.java:format(72)) - Storage directory /workdir/hadoop-ozone/integration-test/target/test-dir/MiniOzoneClusterImpl-f43817f8-c2ee-484a-a975-3aa49b4c2d8f/datanode-1/data/ratis/7fa8d325-857b-4cd4-b2e8-7795c844b6cb has been successfully formatted.
2019-09-20 00:05:27,377 [pool-393-thread-1] INFO  ratis.ContainerStateMachine (ContainerStateMachine.java:loadSnapshot(230)) - group-7795C844B6CB: The snapshot info is null. Setting the last applied indexto:(t:0, i:~)
2019-09-20 00:05:27,377 [pool-393-thread-1] INFO  server.RaftServerConfigKeys (ConfUtils.java:logGet(43)) - raft.server.notification.no-leader.timeout = 120s (custom)
2019-09-20 00:05:27,377 [pool-393-thread-1] INFO  server.RaftServerConfigKeys (ConfUtils.java:logGet(43)) - raft.server.log.use.memory = false (default)
2019-09-20 00:05:27,377 [pool-393-thread-1] INFO  server.RaftServerConfigKeys (ConfUtils.java:logGet(43)) - raft.server.log.purge.gap = 1000000 (custom)
2019-09-20 00:05:27,377 [pool-393-thread-1] INFO  server.RaftServerConfigKeys (ConfUtils.java:logGet(43)) - raft.server.log.appender.buffer.byte-limit = 33554432 (custom)
2019-09-20 00:05:27,377 [pool-393-thread-1] INFO  server.RaftServerConfigKeys (ConfUtils.java:logGet(43)) - raft.server.log.segment.size.max = 1048576 (custom)
2019-09-20 00:05:27,377 [pool-393-thread-1] INFO  server.RaftServerConfigKeys (ConfUtils.java:logGet(43)) - raft.server.log.segment.cache.num.max = 2 (custom)
2019-09-20 00:05:27,378 [pool-393-thread-1] INFO  segmented.SegmentedRaftLogWorker (SegmentedRaftLogWorker.java:<init>(172)) - new e478c757-b491-4de8-9fe6-50ff52283427@group-7795C844B6CB-SegmentedRaftLogWorker for RaftStorage:Storage Directory /workdir/hadoop-ozone/integration-test/target/test-dir/MiniOzoneClusterImpl-f43817f8-c2ee-484a-a975-3aa49b4c2d8f/datanode-1/data/ratis/7fa8d325-857b-4cd4-b2e8-7795c844b6cb
2019-09-20 00:05:27,379 [pool-393-thread-1] INFO  server.RaftServerConfigKeys (ConfUtils.java:logGet(43)) - raft.server.log.queue.byte-limit = 2147483647 (custom)
2019-09-20 00:05:27,379 [pool-393-thread-1] INFO  server.RaftServerConfigKeys (ConfUtils.java:logGet(43)) - raft.server.log.queue.element-limit = 1024 (custom)
2019-09-20 00:05:27,380 [pool-393-thread-1] INFO  server.RaftServerConfigKeys (ConfUtils.java:logGet(43)) - raft.server.log.segment.size.max = 1048576 (custom)
2019-09-20 00:05:27,380 [pool-393-thread-1] INFO  server.RaftServerConfigKeys (ConfUtils.java:logGet(43)) - raft.server.log.preallocated.size = 16384 (custom)
2019-09-20 00:05:27,380 [pool-393-thread-1] INFO  server.RaftServerConfigKeys (ConfUtils.java:logGet(43)) - raft.server.log.write.buffer.size = 33554432 (custom)
2019-09-20 00:05:27,380 [pool-393-thread-1] INFO  server.RaftServerConfigKeys (ConfUtils.java:logGet(43)) - raft.server.log.force.sync.num = 128 (default)
2019-09-20 00:05:27,380 [pool-393-thread-1] INFO  server.RaftServerConfigKeys (ConfUtils.java:logGet(43)) - raft.server.log.statemachine.data.sync = true (default)
2019-09-20 00:05:27,380 [pool-393-thread-1] INFO  server.RaftServerConfigKeys (ConfUtils.java:logGet(43)) - raft.server.log.statemachine.data.sync.timeout = 10s (default)
2019-09-20 00:05:27,380 [pool-393-thread-1] INFO  server.RaftServerConfigKeys (ConfUtils.java:logGet(43)) - raft.server.log.statemachine.data.sync.timeout.retry = -1 (default)
2019-09-20 00:05:27,380 [pool-393-thread-1] INFO  server.RaftServerConfigKeys (ConfUtils.java:logGet(43)) - raft.server.log.statemachine.data.caching.enabled = true (custom)
2019-09-20 00:05:27,381 [pool-393-thread-1] INFO  segmented.SegmentedRaftLogWorker (SegmentedRaftLogWorker.java:lambda$new$0(132)) - e478c757-b491-4de8-9fe6-50ff52283427@group-7795C844B6CB-SegmentedRaftLogWorker: flushIndex: setUnconditionally 0 -> -1
2019-09-20 00:05:27,381 [pool-393-thread-1] INFO  server.RaftServerConfigKeys (ConfUtils.java:logGet(43)) - raft.server.snapshot.auto.trigger.enabled = true (custom)
2019-09-20 00:05:27,381 [pool-393-thread-1] INFO  server.RaftServerConfigKeys (ConfUtils.java:logGet(43)) - raft.server.snapshot.auto.trigger.threshold = 10000 (custom)
2019-09-20 00:05:27,381 [pool-393-thread-1] INFO  server.RaftServerConfigKeys (ConfUtils.java:logGet(43)) - raft.server.snapshot.retention.num.files = 5 (custom)
2019-09-20 00:05:27,381 [pool-393-thread-1] INFO  server.RaftServerConfigKeys (ConfUtils.java:logGet(43)) - raft.server.retrycache.expirytime = 600000ms (custom)
2019-09-20 00:05:27,383 [pool-393-thread-1] INFO  impl.RaftServerImpl (RaftServerImpl.java:start(185)) - e478c757-b491-4de8-9fe6-50ff52283427@group-7795C844B6CB: start as a follower, conf=-1: [e478c757-b491-4de8-9fe6-50ff52283427:192.168.5.182:39844], old=null
2019-09-20 00:05:27,383 [pool-393-thread-1] INFO  impl.RaftServerImpl (RaftServerImpl.java:setRole(174)) - e478c757-b491-4de8-9fe6-50ff52283427@group-7795C844B6CB: changes role from      null to FOLLOWER at term 0 for startAsFollower
2019-09-20 00:05:27,383 [pool-393-thread-1] INFO  impl.RoleInfo (RoleInfo.java:updateAndGet(143)) - e478c757-b491-4de8-9fe6-50ff52283427: start FollowerState
2019-09-20 00:05:27,384 [pool-393-thread-1] INFO  util.JmxRegister (JmxRegister.java:tryRegister(44)) - Successfully registered JMX Bean with object name Ratis:service=RaftServer,group=group-7795C844B6CB,id=e478c757-b491-4de8-9fe6-50ff52283427
2019-09-20 00:05:27,386 [RatisPipelineUtilsThread] INFO  pipeline.PipelineStateManager (PipelineStateManager.java:addPipeline(56)) - Created pipeline Pipeline[ Id: 7fa8d325-857b-4cd4-b2e8-7795c844b6cb, Nodes: e478c757-b491-4de8-9fe6-50ff52283427{ip: 192.168.5.182, host: pr-hdds-2020-7x4rg-3348829713, networkLocation: /default-rack, certSerialId: null}, Type:RATIS, Factor:ONE, State:OPEN]
2019-09-20 00:05:27,397 [grpc-default-executor-1] INFO  impl.RaftServerProxy (RaftServerProxy.java:addNew(89)) - c0f82a6b-777f-4a03-a589-5864e9160c05: addNew group-128BA176FE55:[c0f82a6b-777f-4a03-a589-5864e9160c05:192.168.5.182:37866] returns group-128BA176FE55:java.util.concurrent.CompletableFuture@1d859f0c[Not completed]
2019-09-20 00:05:27,398 [pool-413-thread-1] INFO  impl.RaftServerImpl (RaftServerImpl.java:<init>(95)) - c0f82a6b-777f-4a03-a589-5864e9160c05: new RaftServerImpl for group-128BA176FE55:[c0f82a6b-777f-4a03-a589-5864e9160c05:192.168.5.182:37866] with ContainerStateMachine:uninitialized
2019-09-20 00:05:27,398 [pool-413-thread-1] INFO  server.RaftServerConfigKeys (ConfUtils.java:logGet(43)) - raft.server.rpc.timeout.min = 5s (custom)
2019-09-20 00:05:27,398 [pool-413-thread-1] INFO  server.RaftServerConfigKeys (ConfUtils.java:logGet(43)) - raft.server.rpc.timeout.max = 5200ms (custom)
2019-09-20 00:05:27,398 [pool-413-thread-1] INFO  server.RaftServerConfigKeys (ConfUtils.java:logGet(43)) - raft.server.rpcslowness.timeout = 120s (custom)
2019-09-20 00:05:27,399 [pool-413-thread-1] INFO  server.RaftServerConfigKeys (ConfUtils.java:logGet(43)) - raft.server.sleep.deviation.threshold = 300 (default)
2019-09-20 00:05:27,399 [pool-413-thread-1] INFO  server.RaftServerConfigKeys (ConfUtils.java:logGet(43)) - raft.server.log.appender.install.snapshot.enabled = false (custom)
2019-09-20 00:05:27,399 [pool-413-thread-1] INFO  impl.RaftServerImpl (ServerState.java:<init>(103)) - c0f82a6b-777f-4a03-a589-5864e9160c05@group-128BA176FE55: ConfigurationManager, init=-1: [c0f82a6b-777f-4a03-a589-5864e9160c05:192.168.5.182:37866], old=null, confs=<EMPTY_MAP>
2019-09-20 00:05:27,399 [pool-413-thread-1] INFO  server.RaftServerConfigKeys (ConfUtils.java:logGet(43)) - raft.server.storage.dir = [/workdir/hadoop-ozone/integration-test/target/test-dir/MiniOzoneClusterImpl-f43817f8-c2ee-484a-a975-3aa49b4c2d8f/datanode-3/data/ratis] (custom)
2019-09-20 00:05:27,399 [pool-413-thread-1] INFO  storage.RaftStorageDirectory (RaftStorageDirectory.java:analyzeStorage(246)) - The storage directory /workdir/hadoop-ozone/integration-test/target/test-dir/MiniOzoneClusterImpl-f43817f8-c2ee-484a-a975-3aa49b4c2d8f/datanode-3/data/ratis/1d582832-5ac2-4010-9c0e-128ba176fe55 does not exist. Creating ...
2019-09-20 00:05:27,409 [IPC Server handler 4 on 35932] INFO  net.NetworkTopology (NetworkTopologyImpl.java:add(111)) - Added a new node: /default-rack/6442c8d3-568b-44b3-ac93-354b648680f1
2019-09-20 00:05:27,410 [IPC Server handler 4 on 35932] INFO  node.SCMNodeManager (SCMNodeManager.java:register(266)) - Registered Data node : 6442c8d3-568b-44b3-ac93-354b648680f1{ip: 192.168.5.182, host: pr-hdds-2020-7x4rg-3348829713, networkLocation: /default-rack, certSerialId: null}
2019-09-20 00:05:27,422 [main] INFO  ozone.MiniOzoneClusterImpl (MiniOzoneClusterImpl.java:lambda$waitForClusterToBeReady$0(145)) - Cluster is ready. Got 7 of 7 DN Heartbeats.
2019-09-20 00:05:27,477 [main] INFO  rpc.RpcClient (RpcClient.java:createVolume(276)) - Creating Volume: watchforcommithandlingtest, with jenkins1000 as owner.
2019-09-20 00:05:27,479 [IPC Server handler 2 on 39176] INFO  volume.OMVolumeCreateRequest (OMVolumeCreateRequest.java:validateAndUpdateCache(189)) - created volume:watchforcommithandlingtest for user:jenkins1000
2019-09-20 00:05:27,520 [main] INFO  rpc.RpcClient (RpcClient.java:createBucket(415)) - Creating Bucket: watchforcommithandlingtest/watchforcommithandlingtest, with Versioning false and Storage Type set to DISK and Encryption set to false 
2019-09-20 00:05:27,528 [main] INFO  ozone.MiniOzoneClusterImpl (MiniOzoneClusterImpl.java:getStorageContainerLocationClient(232)) - Creating StorageContainerLocationProtocol RPC client with address /0.0.0.0:46366
2019-09-20 00:05:27,579 [pool-413-thread-1] INFO  storage.RaftStorageDirectory (RaftStorageDirectory.java:tryLock(328)) - Lock on /workdir/hadoop-ozone/integration-test/target/test-dir/MiniOzoneClusterImpl-f43817f8-c2ee-484a-a975-3aa49b4c2d8f/datanode-3/data/ratis/1d582832-5ac2-4010-9c0e-128ba176fe55/in_use.lock acquired by nodename 22703@pr-hdds-2020-7x4rg-3348829713
2019-09-20 00:05:27,610 [pool-413-thread-1] INFO  storage.RaftStorage (RaftStorage.java:format(72)) - Storage directory /workdir/hadoop-ozone/integration-test/target/test-dir/MiniOzoneClusterImpl-f43817f8-c2ee-484a-a975-3aa49b4c2d8f/datanode-3/data/ratis/1d582832-5ac2-4010-9c0e-128ba176fe55 has been successfully formatted.
2019-09-20 00:05:27,610 [pool-413-thread-1] INFO  ratis.ContainerStateMachine (ContainerStateMachine.java:loadSnapshot(230)) - group-128BA176FE55: The snapshot info is null. Setting the last applied indexto:(t:0, i:~)
2019-09-20 00:05:27,610 [pool-413-thread-1] INFO  server.RaftServerConfigKeys (ConfUtils.java:logGet(43)) - raft.server.notification.no-leader.timeout = 120s (custom)
2019-09-20 00:05:27,610 [pool-413-thread-1] INFO  server.RaftServerConfigKeys (ConfUtils.java:logGet(43)) - raft.server.log.use.memory = false (default)
2019-09-20 00:05:27,610 [pool-413-thread-1] INFO  server.RaftServerConfigKeys (ConfUtils.java:logGet(43)) - raft.server.log.purge.gap = 1000000 (custom)
2019-09-20 00:05:27,610 [pool-413-thread-1] INFO  server.RaftServerConfigKeys (ConfUtils.java:logGet(43)) - raft.server.log.appender.buffer.byte-limit = 33554432 (custom)
2019-09-20 00:05:27,611 [pool-413-thread-1] INFO  server.RaftServerConfigKeys (ConfUtils.java:logGet(43)) - raft.server.log.segment.size.max = 1048576 (custom)
2019-09-20 00:05:27,611 [pool-413-thread-1] INFO  server.RaftServerConfigKeys (ConfUtils.java:logGet(43)) - raft.server.log.segment.cache.num.max = 2 (custom)
2019-09-20 00:05:27,611 [pool-413-thread-1] INFO  segmented.SegmentedRaftLogWorker (SegmentedRaftLogWorker.java:<init>(172)) - new c0f82a6b-777f-4a03-a589-5864e9160c05@group-128BA176FE55-SegmentedRaftLogWorker for RaftStorage:Storage Directory /workdir/hadoop-ozone/integration-test/target/test-dir/MiniOzoneClusterImpl-f43817f8-c2ee-484a-a975-3aa49b4c2d8f/datanode-3/data/ratis/1d582832-5ac2-4010-9c0e-128ba176fe55
2019-09-20 00:05:27,613 [pool-413-thread-1] INFO  server.RaftServerConfigKeys (ConfUtils.java:logGet(43)) - raft.server.log.queue.byte-limit = 2147483647 (custom)
2019-09-20 00:05:27,614 [pool-413-thread-1] INFO  server.RaftServerConfigKeys (ConfUtils.java:logGet(43)) - raft.server.log.queue.element-limit = 1024 (custom)
2019-09-20 00:05:27,614 [pool-413-thread-1] INFO  server.RaftServerConfigKeys (ConfUtils.java:logGet(43)) - raft.server.log.segment.size.max = 1048576 (custom)
2019-09-20 00:05:27,614 [pool-413-thread-1] INFO  server.RaftServerConfigKeys (ConfUtils.java:logGet(43)) - raft.server.log.preallocated.size = 16384 (custom)
2019-09-20 00:05:27,614 [pool-413-thread-1] INFO  server.RaftServerConfigKeys (ConfUtils.java:logGet(43)) - raft.server.log.write.buffer.size = 33554432 (custom)
2019-09-20 00:05:27,614 [pool-413-thread-1] INFO  server.RaftServerConfigKeys (ConfUtils.java:logGet(43)) - raft.server.log.force.sync.num = 128 (default)
2019-09-20 00:05:27,615 [pool-413-thread-1] INFO  server.RaftServerConfigKeys (ConfUtils.java:logGet(43)) - raft.server.log.statemachine.data.sync = true (default)
2019-09-20 00:05:27,615 [pool-413-thread-1] INFO  server.RaftServerConfigKeys (ConfUtils.java:logGet(43)) - raft.server.log.statemachine.data.sync.timeout = 10s (default)
2019-09-20 00:05:27,615 [pool-413-thread-1] INFO  server.RaftServerConfigKeys (ConfUtils.java:logGet(43)) - raft.server.log.statemachine.data.sync.timeout.retry = -1 (default)
2019-09-20 00:05:27,615 [pool-413-thread-1] INFO  server.RaftServerConfigKeys (ConfUtils.java:logGet(43)) - raft.server.log.statemachine.data.caching.enabled = true (custom)
2019-09-20 00:05:27,615 [pool-413-thread-1] INFO  segmented.SegmentedRaftLogWorker (SegmentedRaftLogWorker.java:lambda$new$0(132)) - c0f82a6b-777f-4a03-a589-5864e9160c05@group-128BA176FE55-SegmentedRaftLogWorker: flushIndex: setUnconditionally 0 -> -1
2019-09-20 00:05:27,616 [pool-413-thread-1] INFO  server.RaftServerConfigKeys (ConfUtils.java:logGet(43)) - raft.server.snapshot.auto.trigger.enabled = true (custom)
2019-09-20 00:05:27,616 [pool-413-thread-1] INFO  server.RaftServerConfigKeys (ConfUtils.java:logGet(43)) - raft.server.snapshot.auto.trigger.threshold = 10000 (custom)
2019-09-20 00:05:27,616 [pool-413-thread-1] INFO  server.RaftServerConfigKeys (ConfUtils.java:logGet(43)) - raft.server.snapshot.retention.num.files = 5 (custom)
2019-09-20 00:05:27,616 [pool-413-thread-1] INFO  server.RaftServerConfigKeys (ConfUtils.java:logGet(43)) - raft.server.retrycache.expirytime = 600000ms (custom)
2019-09-20 00:05:27,618 [pool-413-thread-1] INFO  impl.RaftServerImpl (RaftServerImpl.java:start(185)) - c0f82a6b-777f-4a03-a589-5864e9160c05@group-128BA176FE55: start as a follower, conf=-1: [c0f82a6b-777f-4a03-a589-5864e9160c05:192.168.5.182:37866], old=null
2019-09-20 00:05:27,619 [pool-413-thread-1] INFO  impl.RaftServerImpl (RaftServerImpl.java:setRole(174)) - c0f82a6b-777f-4a03-a589-5864e9160c05@group-128BA176FE55: changes role from      null to FOLLOWER at term 0 for startAsFollower
2019-09-20 00:05:27,619 [pool-413-thread-1] INFO  impl.RoleInfo (RoleInfo.java:updateAndGet(143)) - c0f82a6b-777f-4a03-a589-5864e9160c05: start FollowerState
2019-09-20 00:05:27,619 [pool-413-thread-1] INFO  util.JmxRegister (JmxRegister.java:tryRegister(44)) - Successfully registered JMX Bean with object name Ratis:service=RaftServer,group=group-128BA176FE55,id=c0f82a6b-777f-4a03-a589-5864e9160c05
2019-09-20 00:05:27,621 [RatisPipelineUtilsThread] INFO  pipeline.PipelineStateManager (PipelineStateManager.java:addPipeline(56)) - Created pipeline Pipeline[ Id: 1d582832-5ac2-4010-9c0e-128ba176fe55, Nodes: c0f82a6b-777f-4a03-a589-5864e9160c05{ip: 192.168.5.182, host: pr-hdds-2020-7x4rg-3348829713, networkLocation: /default-rack, certSerialId: null}, Type:RATIS, Factor:ONE, State:OPEN]
2019-09-20 00:05:27,638 [grpc-default-executor-1] INFO  impl.RaftServerProxy (RaftServerProxy.java:addNew(89)) - 6442c8d3-568b-44b3-ac93-354b648680f1: addNew group-9B27B6995174:[6442c8d3-568b-44b3-ac93-354b648680f1:192.168.5.182:44799] returns group-9B27B6995174:java.util.concurrent.CompletableFuture@cd8bcaf[Not completed]
2019-09-20 00:05:27,639 [pool-443-thread-1] INFO  impl.RaftServerImpl (RaftServerImpl.java:<init>(95)) - 6442c8d3-568b-44b3-ac93-354b648680f1: new RaftServerImpl for group-9B27B6995174:[6442c8d3-568b-44b3-ac93-354b648680f1:192.168.5.182:44799] with ContainerStateMachine:uninitialized
2019-09-20 00:05:27,639 [pool-443-thread-1] INFO  server.RaftServerConfigKeys (ConfUtils.java:logGet(43)) - raft.server.rpc.timeout.min = 5s (custom)
2019-09-20 00:05:27,640 [pool-443-thread-1] INFO  server.RaftServerConfigKeys (ConfUtils.java:logGet(43)) - raft.server.rpc.timeout.max = 5200ms (custom)
2019-09-20 00:05:27,640 [pool-443-thread-1] INFO  server.RaftServerConfigKeys (ConfUtils.java:logGet(43)) - raft.server.rpcslowness.timeout = 120s (custom)
2019-09-20 00:05:27,640 [pool-443-thread-1] INFO  server.RaftServerConfigKeys (ConfUtils.java:logGet(43)) - raft.server.sleep.deviation.threshold = 300 (default)
2019-09-20 00:05:27,640 [pool-443-thread-1] INFO  server.RaftServerConfigKeys (ConfUtils.java:logGet(43)) - raft.server.log.appender.install.snapshot.enabled = false (custom)
2019-09-20 00:05:27,640 [pool-443-thread-1] INFO  impl.RaftServerImpl (ServerState.java:<init>(103)) - 6442c8d3-568b-44b3-ac93-354b648680f1@group-9B27B6995174: ConfigurationManager, init=-1: [6442c8d3-568b-44b3-ac93-354b648680f1:192.168.5.182:44799], old=null, confs=<EMPTY_MAP>
2019-09-20 00:05:27,640 [pool-443-thread-1] INFO  server.RaftServerConfigKeys (ConfUtils.java:logGet(43)) - raft.server.storage.dir = [/workdir/hadoop-ozone/integration-test/target/test-dir/MiniOzoneClusterImpl-f43817f8-c2ee-484a-a975-3aa49b4c2d8f/datanode-6/data/ratis] (custom)
2019-09-20 00:05:27,641 [pool-443-thread-1] INFO  storage.RaftStorageDirectory (RaftStorageDirectory.java:analyzeStorage(246)) - The storage directory /workdir/hadoop-ozone/integration-test/target/test-dir/MiniOzoneClusterImpl-f43817f8-c2ee-484a-a975-3aa49b4c2d8f/datanode-6/data/ratis/85788892-6fce-4671-840b-9b27b6995174 does not exist. Creating ...
2019-09-20 00:05:27,658 [pool-443-thread-1] INFO  storage.RaftStorageDirectory (RaftStorageDirectory.java:tryLock(328)) - Lock on /workdir/hadoop-ozone/integration-test/target/test-dir/MiniOzoneClusterImpl-f43817f8-c2ee-484a-a975-3aa49b4c2d8f/datanode-6/data/ratis/85788892-6fce-4671-840b-9b27b6995174/in_use.lock acquired by nodename 22703@pr-hdds-2020-7x4rg-3348829713
2019-09-20 00:05:27,696 [pool-443-thread-1] INFO  storage.RaftStorage (RaftStorage.java:format(72)) - Storage directory /workdir/hadoop-ozone/integration-test/target/test-dir/MiniOzoneClusterImpl-f43817f8-c2ee-484a-a975-3aa49b4c2d8f/datanode-6/data/ratis/85788892-6fce-4671-840b-9b27b6995174 has been successfully formatted.
2019-09-20 00:05:27,696 [pool-443-thread-1] INFO  ratis.ContainerStateMachine (ContainerStateMachine.java:loadSnapshot(230)) - group-9B27B6995174: The snapshot info is null. Setting the last applied indexto:(t:0, i:~)
2019-09-20 00:05:27,696 [pool-443-thread-1] INFO  server.RaftServerConfigKeys (ConfUtils.java:logGet(43)) - raft.server.notification.no-leader.timeout = 120s (custom)
2019-09-20 00:05:27,696 [pool-443-thread-1] INFO  server.RaftServerConfigKeys (ConfUtils.java:logGet(43)) - raft.server.log.use.memory = false (default)
2019-09-20 00:05:27,696 [pool-443-thread-1] INFO  server.RaftServerConfigKeys (ConfUtils.java:logGet(43)) - raft.server.log.purge.gap = 1000000 (custom)
2019-09-20 00:05:27,697 [pool-443-thread-1] INFO  server.RaftServerConfigKeys (ConfUtils.java:logGet(43)) - raft.server.log.appender.buffer.byte-limit = 33554432 (custom)
2019-09-20 00:05:27,697 [pool-443-thread-1] INFO  server.RaftServerConfigKeys (ConfUtils.java:logGet(43)) - raft.server.log.segment.size.max = 1048576 (custom)
2019-09-20 00:05:27,697 [pool-443-thread-1] INFO  server.RaftServerConfigKeys (ConfUtils.java:logGet(43)) - raft.server.log.segment.cache.num.max = 2 (custom)
2019-09-20 00:05:27,697 [pool-443-thread-1] INFO  segmented.SegmentedRaftLogWorker (SegmentedRaftLogWorker.java:<init>(172)) - new 6442c8d3-568b-44b3-ac93-354b648680f1@group-9B27B6995174-SegmentedRaftLogWorker for RaftStorage:Storage Directory /workdir/hadoop-ozone/integration-test/target/test-dir/MiniOzoneClusterImpl-f43817f8-c2ee-484a-a975-3aa49b4c2d8f/datanode-6/data/ratis/85788892-6fce-4671-840b-9b27b6995174
2019-09-20 00:05:27,698 [pool-443-thread-1] INFO  server.RaftServerConfigKeys (ConfUtils.java:logGet(43)) - raft.server.log.queue.byte-limit = 2147483647 (custom)
2019-09-20 00:05:27,698 [pool-443-thread-1] INFO  server.RaftServerConfigKeys (ConfUtils.java:logGet(43)) - raft.server.log.queue.element-limit = 1024 (custom)
2019-09-20 00:05:27,699 [pool-443-thread-1] INFO  server.RaftServerConfigKeys (ConfUtils.java:logGet(43)) - raft.server.log.segment.size.max = 1048576 (custom)
2019-09-20 00:05:27,699 [pool-443-thread-1] INFO  server.RaftServerConfigKeys (ConfUtils.java:logGet(43)) - raft.server.log.preallocated.size = 16384 (custom)
2019-09-20 00:05:27,699 [pool-443-thread-1] INFO  server.RaftServerConfigKeys (ConfUtils.java:logGet(43)) - raft.server.log.write.buffer.size = 33554432 (custom)
2019-09-20 00:05:27,699 [pool-443-thread-1] INFO  server.RaftServerConfigKeys (ConfUtils.java:logGet(43)) - raft.server.log.force.sync.num = 128 (default)
2019-09-20 00:05:27,699 [pool-443-thread-1] INFO  server.RaftServerConfigKeys (ConfUtils.java:logGet(43)) - raft.server.log.statemachine.data.sync = true (default)
2019-09-20 00:05:27,699 [pool-443-thread-1] INFO  server.RaftServerConfigKeys (ConfUtils.java:logGet(43)) - raft.server.log.statemachine.data.sync.timeout = 10s (default)
2019-09-20 00:05:27,699 [pool-443-thread-1] INFO  server.RaftServerConfigKeys (ConfUtils.java:logGet(43)) - raft.server.log.statemachine.data.sync.timeout.retry = -1 (default)
2019-09-20 00:05:27,699 [pool-443-thread-1] INFO  server.RaftServerConfigKeys (ConfUtils.java:logGet(43)) - raft.server.log.statemachine.data.caching.enabled = true (custom)
2019-09-20 00:05:27,700 [pool-443-thread-1] INFO  segmented.SegmentedRaftLogWorker (SegmentedRaftLogWorker.java:lambda$new$0(132)) - 6442c8d3-568b-44b3-ac93-354b648680f1@group-9B27B6995174-SegmentedRaftLogWorker: flushIndex: setUnconditionally 0 -> -1
2019-09-20 00:05:27,700 [pool-443-thread-1] INFO  server.RaftServerConfigKeys (ConfUtils.java:logGet(43)) - raft.server.snapshot.auto.trigger.enabled = true (custom)
2019-09-20 00:05:27,700 [pool-443-thread-1] INFO  server.RaftServerConfigKeys (ConfUtils.java:logGet(43)) - raft.server.snapshot.auto.trigger.threshold = 10000 (custom)
2019-09-20 00:05:27,700 [pool-443-thread-1] INFO  server.RaftServerConfigKeys (ConfUtils.java:logGet(43)) - raft.server.snapshot.retention.num.files = 5 (custom)
2019-09-20 00:05:27,700 [pool-443-thread-1] INFO  server.RaftServerConfigKeys (ConfUtils.java:logGet(43)) - raft.server.retrycache.expirytime = 600000ms (custom)
2019-09-20 00:05:27,702 [pool-443-thread-1] INFO  impl.RaftServerImpl (RaftServerImpl.java:start(185)) - 6442c8d3-568b-44b3-ac93-354b648680f1@group-9B27B6995174: start as a follower, conf=-1: [6442c8d3-568b-44b3-ac93-354b648680f1:192.168.5.182:44799], old=null
2019-09-20 00:05:27,702 [pool-443-thread-1] INFO  impl.RaftServerImpl (RaftServerImpl.java:setRole(174)) - 6442c8d3-568b-44b3-ac93-354b648680f1@group-9B27B6995174: changes role from      null to FOLLOWER at term 0 for startAsFollower
2019-09-20 00:05:27,702 [pool-443-thread-1] INFO  impl.RoleInfo (RoleInfo.java:updateAndGet(143)) - 6442c8d3-568b-44b3-ac93-354b648680f1: start FollowerState
2019-09-20 00:05:27,702 [pool-443-thread-1] INFO  util.JmxRegister (JmxRegister.java:tryRegister(44)) - Successfully registered JMX Bean with object name Ratis:service=RaftServer,group=group-9B27B6995174,id=6442c8d3-568b-44b3-ac93-354b648680f1
2019-09-20 00:05:27,704 [RatisPipelineUtilsThread] INFO  pipeline.PipelineStateManager (PipelineStateManager.java:addPipeline(56)) - Created pipeline Pipeline[ Id: 85788892-6fce-4671-840b-9b27b6995174, Nodes: 6442c8d3-568b-44b3-ac93-354b648680f1{ip: 192.168.5.182, host: pr-hdds-2020-7x4rg-3348829713, networkLocation: /default-rack, certSerialId: null}, Type:RATIS, Factor:ONE, State:OPEN]
2019-09-20 00:05:27,781 [grpc-default-executor-1] INFO  impl.RaftServerProxy (RaftServerProxy.java:addNew(89)) - ea825c9d-8472-466f-bfce-f371396f94a5: addNew group-0715B3DA0BEF:[ea825c9d-8472-466f-bfce-f371396f94a5:192.168.5.182:42507] returns group-0715B3DA0BEF:java.util.concurrent.CompletableFuture@696f3185[Not completed]
2019-09-20 00:05:27,783 [pool-403-thread-1] INFO  impl.RaftServerImpl (RaftServerImpl.java:<init>(95)) - ea825c9d-8472-466f-bfce-f371396f94a5: new RaftServerImpl for group-0715B3DA0BEF:[ea825c9d-8472-466f-bfce-f371396f94a5:192.168.5.182:42507] with ContainerStateMachine:uninitialized
2019-09-20 00:05:27,783 [pool-403-thread-1] INFO  server.RaftServerConfigKeys (ConfUtils.java:logGet(43)) - raft.server.rpc.timeout.min = 5s (custom)
2019-09-20 00:05:27,784 [pool-403-thread-1] INFO  server.RaftServerConfigKeys (ConfUtils.java:logGet(43)) - raft.server.rpc.timeout.max = 5200ms (custom)
2019-09-20 00:05:27,784 [pool-403-thread-1] INFO  server.RaftServerConfigKeys (ConfUtils.java:logGet(43)) - raft.server.rpcslowness.timeout = 120s (custom)
2019-09-20 00:05:27,784 [pool-403-thread-1] INFO  server.RaftServerConfigKeys (ConfUtils.java:logGet(43)) - raft.server.sleep.deviation.threshold = 300 (default)
2019-09-20 00:05:27,784 [pool-403-thread-1] INFO  server.RaftServerConfigKeys (ConfUtils.java:logGet(43)) - raft.server.log.appender.install.snapshot.enabled = false (custom)
2019-09-20 00:05:27,784 [pool-403-thread-1] INFO  impl.RaftServerImpl (ServerState.java:<init>(103)) - ea825c9d-8472-466f-bfce-f371396f94a5@group-0715B3DA0BEF: ConfigurationManager, init=-1: [ea825c9d-8472-466f-bfce-f371396f94a5:192.168.5.182:42507], old=null, confs=<EMPTY_MAP>
2019-09-20 00:05:27,784 [pool-403-thread-1] INFO  server.RaftServerConfigKeys (ConfUtils.java:logGet(43)) - raft.server.storage.dir = [/workdir/hadoop-ozone/integration-test/target/test-dir/MiniOzoneClusterImpl-f43817f8-c2ee-484a-a975-3aa49b4c2d8f/datanode-2/data/ratis] (custom)
2019-09-20 00:05:27,785 [pool-403-thread-1] INFO  storage.RaftStorageDirectory (RaftStorageDirectory.java:analyzeStorage(246)) - The storage directory /workdir/hadoop-ozone/integration-test/target/test-dir/MiniOzoneClusterImpl-f43817f8-c2ee-484a-a975-3aa49b4c2d8f/datanode-2/data/ratis/aa1c42af-4618-4e20-8842-0715b3da0bef does not exist. Creating ...
2019-09-20 00:05:27,959 [pool-403-thread-1] INFO  storage.RaftStorageDirectory (RaftStorageDirectory.java:tryLock(328)) - Lock on /workdir/hadoop-ozone/integration-test/target/test-dir/MiniOzoneClusterImpl-f43817f8-c2ee-484a-a975-3aa49b4c2d8f/datanode-2/data/ratis/aa1c42af-4618-4e20-8842-0715b3da0bef/in_use.lock acquired by nodename 22703@pr-hdds-2020-7x4rg-3348829713
2019-09-20 00:05:27,994 [pool-403-thread-1] INFO  storage.RaftStorage (RaftStorage.java:format(72)) - Storage directory /workdir/hadoop-ozone/integration-test/target/test-dir/MiniOzoneClusterImpl-f43817f8-c2ee-484a-a975-3aa49b4c2d8f/datanode-2/data/ratis/aa1c42af-4618-4e20-8842-0715b3da0bef has been successfully formatted.
2019-09-20 00:05:27,994 [pool-403-thread-1] INFO  ratis.ContainerStateMachine (ContainerStateMachine.java:loadSnapshot(230)) - group-0715B3DA0BEF: The snapshot info is null. Setting the last applied indexto:(t:0, i:~)
2019-09-20 00:05:27,994 [pool-403-thread-1] INFO  server.RaftServerConfigKeys (ConfUtils.java:logGet(43)) - raft.server.notification.no-leader.timeout = 120s (custom)
2019-09-20 00:05:27,994 [pool-403-thread-1] INFO  server.RaftServerConfigKeys (ConfUtils.java:logGet(43)) - raft.server.log.use.memory = false (default)
2019-09-20 00:05:27,995 [pool-403-thread-1] INFO  server.RaftServerConfigKeys (ConfUtils.java:logGet(43)) - raft.server.log.purge.gap = 1000000 (custom)
2019-09-20 00:05:27,995 [pool-403-thread-1] INFO  server.RaftServerConfigKeys (ConfUtils.java:logGet(43)) - raft.server.log.appender.buffer.byte-limit = 33554432 (custom)
2019-09-20 00:05:27,995 [pool-403-thread-1] INFO  server.RaftServerConfigKeys (ConfUtils.java:logGet(43)) - raft.server.log.segment.size.max = 1048576 (custom)
2019-09-20 00:05:27,995 [pool-403-thread-1] INFO  server.RaftServerConfigKeys (ConfUtils.java:logGet(43)) - raft.server.log.segment.cache.num.max = 2 (custom)
2019-09-20 00:05:27,995 [pool-403-thread-1] INFO  segmented.SegmentedRaftLogWorker (SegmentedRaftLogWorker.java:<init>(172)) - new ea825c9d-8472-466f-bfce-f371396f94a5@group-0715B3DA0BEF-SegmentedRaftLogWorker for RaftStorage:Storage Directory /workdir/hadoop-ozone/integration-test/target/test-dir/MiniOzoneClusterImpl-f43817f8-c2ee-484a-a975-3aa49b4c2d8f/datanode-2/data/ratis/aa1c42af-4618-4e20-8842-0715b3da0bef
2019-09-20 00:05:27,997 [pool-403-thread-1] INFO  server.RaftServerConfigKeys (ConfUtils.java:logGet(43)) - raft.server.log.queue.byte-limit = 2147483647 (custom)
2019-09-20 00:05:27,997 [pool-403-thread-1] INFO  server.RaftServerConfigKeys (ConfUtils.java:logGet(43)) - raft.server.log.queue.element-limit = 1024 (custom)
2019-09-20 00:05:27,998 [pool-403-thread-1] INFO  server.RaftServerConfigKeys (ConfUtils.java:logGet(43)) - raft.server.log.segment.size.max = 1048576 (custom)
2019-09-20 00:05:27,998 [pool-403-thread-1] INFO  server.RaftServerConfigKeys (ConfUtils.java:logGet(43)) - raft.server.log.preallocated.size = 16384 (custom)
2019-09-20 00:05:27,998 [pool-403-thread-1] INFO  server.RaftServerConfigKeys (ConfUtils.java:logGet(43)) - raft.server.log.write.buffer.size = 33554432 (custom)
2019-09-20 00:05:27,998 [pool-403-thread-1] INFO  server.RaftServerConfigKeys (ConfUtils.java:logGet(43)) - raft.server.log.force.sync.num = 128 (default)
2019-09-20 00:05:27,998 [pool-403-thread-1] INFO  server.RaftServerConfigKeys (ConfUtils.java:logGet(43)) - raft.server.log.statemachine.data.sync = true (default)
2019-09-20 00:05:27,998 [pool-403-thread-1] INFO  server.RaftServerConfigKeys (ConfUtils.java:logGet(43)) - raft.server.log.statemachine.data.sync.timeout = 10s (default)
2019-09-20 00:05:27,998 [pool-403-thread-1] INFO  server.RaftServerConfigKeys (ConfUtils.java:logGet(43)) - raft.server.log.statemachine.data.sync.timeout.retry = -1 (default)
2019-09-20 00:05:27,999 [pool-403-thread-1] INFO  server.RaftServerConfigKeys (ConfUtils.java:logGet(43)) - raft.server.log.statemachine.data.caching.enabled = true (custom)
2019-09-20 00:05:27,999 [pool-403-thread-1] INFO  segmented.SegmentedRaftLogWorker (SegmentedRaftLogWorker.java:lambda$new$0(132)) - ea825c9d-8472-466f-bfce-f371396f94a5@group-0715B3DA0BEF-SegmentedRaftLogWorker: flushIndex: setUnconditionally 0 -> -1
2019-09-20 00:05:27,999 [pool-403-thread-1] INFO  server.RaftServerConfigKeys (ConfUtils.java:logGet(43)) - raft.server.snapshot.auto.trigger.enabled = true (custom)
2019-09-20 00:05:27,999 [pool-403-thread-1] INFO  server.RaftServerConfigKeys (ConfUtils.java:logGet(43)) - raft.server.snapshot.auto.trigger.threshold = 10000 (custom)
2019-09-20 00:05:27,999 [pool-403-thread-1] INFO  server.RaftServerConfigKeys (ConfUtils.java:logGet(43)) - raft.server.snapshot.retention.num.files = 5 (custom)
2019-09-20 00:05:27,999 [pool-403-thread-1] INFO  server.RaftServerConfigKeys (ConfUtils.java:logGet(43)) - raft.server.retrycache.expirytime = 600000ms (custom)
2019-09-20 00:05:28,001 [pool-403-thread-1] INFO  impl.RaftServerImpl (RaftServerImpl.java:start(185)) - ea825c9d-8472-466f-bfce-f371396f94a5@group-0715B3DA0BEF: start as a follower, conf=-1: [ea825c9d-8472-466f-bfce-f371396f94a5:192.168.5.182:42507], old=null
2019-09-20 00:05:28,001 [pool-403-thread-1] INFO  impl.RaftServerImpl (RaftServerImpl.java:setRole(174)) - ea825c9d-8472-466f-bfce-f371396f94a5@group-0715B3DA0BEF: changes role from      null to FOLLOWER at term 0 for startAsFollower
2019-09-20 00:05:28,002 [pool-403-thread-1] INFO  impl.RoleInfo (RoleInfo.java:updateAndGet(143)) - ea825c9d-8472-466f-bfce-f371396f94a5: start FollowerState
2019-09-20 00:05:28,002 [pool-403-thread-1] INFO  util.JmxRegister (JmxRegister.java:tryRegister(44)) - Successfully registered JMX Bean with object name Ratis:service=RaftServer,group=group-0715B3DA0BEF,id=ea825c9d-8472-466f-bfce-f371396f94a5
2019-09-20 00:05:28,004 [RatisPipelineUtilsThread] INFO  pipeline.PipelineStateManager (PipelineStateManager.java:addPipeline(56)) - Created pipeline Pipeline[ Id: aa1c42af-4618-4e20-8842-0715b3da0bef, Nodes: ea825c9d-8472-466f-bfce-f371396f94a5{ip: 192.168.5.182, host: pr-hdds-2020-7x4rg-3348829713, networkLocation: /default-rack, certSerialId: null}, Type:RATIS, Factor:ONE, State:OPEN]
2019-09-20 00:05:28,047 [grpc-default-executor-1] INFO  impl.RaftServerProxy (RaftServerProxy.java:addNew(89)) - 41c96ee6-96c4-4c7b-baa5-2410cf13d401: addNew group-A9C662CE8374:[41c96ee6-96c4-4c7b-baa5-2410cf13d401:192.168.5.182:45792] returns group-A9C662CE8374:java.util.concurrent.CompletableFuture@7815f509[Not completed]
2019-09-20 00:05:28,049 [pool-423-thread-1] INFO  impl.RaftServerImpl (RaftServerImpl.java:<init>(95)) - 41c96ee6-96c4-4c7b-baa5-2410cf13d401: new RaftServerImpl for group-A9C662CE8374:[41c96ee6-96c4-4c7b-baa5-2410cf13d401:192.168.5.182:45792] with ContainerStateMachine:uninitialized
2019-09-20 00:05:28,049 [pool-423-thread-1] INFO  server.RaftServerConfigKeys (ConfUtils.java:logGet(43)) - raft.server.rpc.timeout.min = 5s (custom)
2019-09-20 00:05:28,049 [pool-423-thread-1] INFO  server.RaftServerConfigKeys (ConfUtils.java:logGet(43)) - raft.server.rpc.timeout.max = 5200ms (custom)
2019-09-20 00:05:28,049 [pool-423-thread-1] INFO  server.RaftServerConfigKeys (ConfUtils.java:logGet(43)) - raft.server.rpcslowness.timeout = 120s (custom)
2019-09-20 00:05:28,050 [pool-423-thread-1] INFO  server.RaftServerConfigKeys (ConfUtils.java:logGet(43)) - raft.server.sleep.deviation.threshold = 300 (default)
2019-09-20 00:05:28,050 [pool-423-thread-1] INFO  server.RaftServerConfigKeys (ConfUtils.java:logGet(43)) - raft.server.log.appender.install.snapshot.enabled = false (custom)
2019-09-20 00:05:28,050 [pool-423-thread-1] INFO  impl.RaftServerImpl (ServerState.java:<init>(103)) - 41c96ee6-96c4-4c7b-baa5-2410cf13d401@group-A9C662CE8374: ConfigurationManager, init=-1: [41c96ee6-96c4-4c7b-baa5-2410cf13d401:192.168.5.182:45792], old=null, confs=<EMPTY_MAP>
2019-09-20 00:05:28,050 [pool-423-thread-1] INFO  server.RaftServerConfigKeys (ConfUtils.java:logGet(43)) - raft.server.storage.dir = [/workdir/hadoop-ozone/integration-test/target/test-dir/MiniOzoneClusterImpl-f43817f8-c2ee-484a-a975-3aa49b4c2d8f/datanode-4/data/ratis] (custom)
2019-09-20 00:05:28,051 [pool-423-thread-1] INFO  storage.RaftStorageDirectory (RaftStorageDirectory.java:analyzeStorage(246)) - The storage directory /workdir/hadoop-ozone/integration-test/target/test-dir/MiniOzoneClusterImpl-f43817f8-c2ee-484a-a975-3aa49b4c2d8f/datanode-4/data/ratis/c4f623d1-cc60-4d0e-a389-a9c662ce8374 does not exist. Creating ...
2019-09-20 00:05:28,081 [pool-423-thread-1] INFO  storage.RaftStorageDirectory (RaftStorageDirectory.java:tryLock(328)) - Lock on /workdir/hadoop-ozone/integration-test/target/test-dir/MiniOzoneClusterImpl-f43817f8-c2ee-484a-a975-3aa49b4c2d8f/datanode-4/data/ratis/c4f623d1-cc60-4d0e-a389-a9c662ce8374/in_use.lock acquired by nodename 22703@pr-hdds-2020-7x4rg-3348829713
2019-09-20 00:05:28,114 [pool-423-thread-1] INFO  storage.RaftStorage (RaftStorage.java:format(72)) - Storage directory /workdir/hadoop-ozone/integration-test/target/test-dir/MiniOzoneClusterImpl-f43817f8-c2ee-484a-a975-3aa49b4c2d8f/datanode-4/data/ratis/c4f623d1-cc60-4d0e-a389-a9c662ce8374 has been successfully formatted.
2019-09-20 00:05:28,114 [pool-423-thread-1] INFO  ratis.ContainerStateMachine (ContainerStateMachine.java:loadSnapshot(230)) - group-A9C662CE8374: The snapshot info is null. Setting the last applied indexto:(t:0, i:~)
2019-09-20 00:05:28,115 [pool-423-thread-1] INFO  server.RaftServerConfigKeys (ConfUtils.java:logGet(43)) - raft.server.notification.no-leader.timeout = 120s (custom)
2019-09-20 00:05:28,115 [pool-423-thread-1] INFO  server.RaftServerConfigKeys (ConfUtils.java:logGet(43)) - raft.server.log.use.memory = false (default)
2019-09-20 00:05:28,115 [pool-423-thread-1] INFO  server.RaftServerConfigKeys (ConfUtils.java:logGet(43)) - raft.server.log.purge.gap = 1000000 (custom)
2019-09-20 00:05:28,115 [pool-423-thread-1] INFO  server.RaftServerConfigKeys (ConfUtils.java:logGet(43)) - raft.server.log.appender.buffer.byte-limit = 33554432 (custom)
2019-09-20 00:05:28,115 [pool-423-thread-1] INFO  server.RaftServerConfigKeys (ConfUtils.java:logGet(43)) - raft.server.log.segment.size.max = 1048576 (custom)
2019-09-20 00:05:28,115 [pool-423-thread-1] INFO  server.RaftServerConfigKeys (ConfUtils.java:logGet(43)) - raft.server.log.segment.cache.num.max = 2 (custom)
2019-09-20 00:05:28,115 [pool-423-thread-1] INFO  segmented.SegmentedRaftLogWorker (SegmentedRaftLogWorker.java:<init>(172)) - new 41c96ee6-96c4-4c7b-baa5-2410cf13d401@group-A9C662CE8374-SegmentedRaftLogWorker for RaftStorage:Storage Directory /workdir/hadoop-ozone/integration-test/target/test-dir/MiniOzoneClusterImpl-f43817f8-c2ee-484a-a975-3aa49b4c2d8f/datanode-4/data/ratis/c4f623d1-cc60-4d0e-a389-a9c662ce8374
2019-09-20 00:05:28,117 [pool-423-thread-1] INFO  server.RaftServerConfigKeys (ConfUtils.java:logGet(43)) - raft.server.log.queue.byte-limit = 2147483647 (custom)
2019-09-20 00:05:28,117 [pool-423-thread-1] INFO  server.RaftServerConfigKeys (ConfUtils.java:logGet(43)) - raft.server.log.queue.element-limit = 1024 (custom)
2019-09-20 00:05:28,118 [pool-423-thread-1] INFO  server.RaftServerConfigKeys (ConfUtils.java:logGet(43)) - raft.server.log.segment.size.max = 1048576 (custom)
2019-09-20 00:05:28,118 [pool-423-thread-1] INFO  server.RaftServerConfigKeys (ConfUtils.java:logGet(43)) - raft.server.log.preallocated.size = 16384 (custom)
2019-09-20 00:05:28,118 [pool-423-thread-1] INFO  server.RaftServerConfigKeys (ConfUtils.java:logGet(43)) - raft.server.log.write.buffer.size = 33554432 (custom)
2019-09-20 00:05:28,118 [pool-423-thread-1] INFO  server.RaftServerConfigKeys (ConfUtils.java:logGet(43)) - raft.server.log.force.sync.num = 128 (default)
2019-09-20 00:05:28,118 [pool-423-thread-1] INFO  server.RaftServerConfigKeys (ConfUtils.java:logGet(43)) - raft.server.log.statemachine.data.sync = true (default)
2019-09-20 00:05:28,118 [pool-423-thread-1] INFO  server.RaftServerConfigKeys (ConfUtils.java:logGet(43)) - raft.server.log.statemachine.data.sync.timeout = 10s (default)
2019-09-20 00:05:28,118 [pool-423-thread-1] INFO  server.RaftServerConfigKeys (ConfUtils.java:logGet(43)) - raft.server.log.statemachine.data.sync.timeout.retry = -1 (default)
2019-09-20 00:05:28,119 [pool-423-thread-1] INFO  server.RaftServerConfigKeys (ConfUtils.java:logGet(43)) - raft.server.log.statemachine.data.caching.enabled = true (custom)
2019-09-20 00:05:28,119 [pool-423-thread-1] INFO  segmented.SegmentedRaftLogWorker (SegmentedRaftLogWorker.java:lambda$new$0(132)) - 41c96ee6-96c4-4c7b-baa5-2410cf13d401@group-A9C662CE8374-SegmentedRaftLogWorker: flushIndex: setUnconditionally 0 -> -1
2019-09-20 00:05:28,119 [pool-423-thread-1] INFO  server.RaftServerConfigKeys (ConfUtils.java:logGet(43)) - raft.server.snapshot.auto.trigger.enabled = true (custom)
2019-09-20 00:05:28,119 [pool-423-thread-1] INFO  server.RaftServerConfigKeys (ConfUtils.java:logGet(43)) - raft.server.snapshot.auto.trigger.threshold = 10000 (custom)
2019-09-20 00:05:28,119 [pool-423-thread-1] INFO  server.RaftServerConfigKeys (ConfUtils.java:logGet(43)) - raft.server.snapshot.retention.num.files = 5 (custom)
2019-09-20 00:05:28,120 [pool-423-thread-1] INFO  server.RaftServerConfigKeys (ConfUtils.java:logGet(43)) - raft.server.retrycache.expirytime = 600000ms (custom)
2019-09-20 00:05:28,121 [pool-423-thread-1] INFO  impl.RaftServerImpl (RaftServerImpl.java:start(185)) - 41c96ee6-96c4-4c7b-baa5-2410cf13d401@group-A9C662CE8374: start as a follower, conf=-1: [41c96ee6-96c4-4c7b-baa5-2410cf13d401:192.168.5.182:45792], old=null
2019-09-20 00:05:28,121 [pool-423-thread-1] INFO  impl.RaftServerImpl (RaftServerImpl.java:setRole(174)) - 41c96ee6-96c4-4c7b-baa5-2410cf13d401@group-A9C662CE8374: changes role from      null to FOLLOWER at term 0 for startAsFollower
2019-09-20 00:05:28,121 [pool-423-thread-1] INFO  impl.RoleInfo (RoleInfo.java:updateAndGet(143)) - 41c96ee6-96c4-4c7b-baa5-2410cf13d401: start FollowerState
2019-09-20 00:05:28,121 [pool-423-thread-1] INFO  util.JmxRegister (JmxRegister.java:tryRegister(44)) - Successfully registered JMX Bean with object name Ratis:service=RaftServer,group=group-A9C662CE8374,id=41c96ee6-96c4-4c7b-baa5-2410cf13d401
2019-09-20 00:05:28,123 [RatisPipelineUtilsThread] INFO  pipeline.PipelineStateManager (PipelineStateManager.java:addPipeline(56)) - Created pipeline Pipeline[ Id: c4f623d1-cc60-4d0e-a389-a9c662ce8374, Nodes: 41c96ee6-96c4-4c7b-baa5-2410cf13d401{ip: 192.168.5.182, host: pr-hdds-2020-7x4rg-3348829713, networkLocation: /default-rack, certSerialId: null}, Type:RATIS, Factor:ONE, State:OPEN]
2019-09-20 00:05:28,134 [grpc-default-executor-1] INFO  impl.RaftServerProxy (RaftServerProxy.java:addNew(89)) - 459198ed-48fa-482c-a7b6-3dfc76eaacd2: addNew group-C0A99C1BCE2B:[459198ed-48fa-482c-a7b6-3dfc76eaacd2:192.168.5.182:38296] returns group-C0A99C1BCE2B:java.util.concurrent.CompletableFuture@437546fc[Not completed]
2019-09-20 00:05:28,135 [pool-433-thread-1] INFO  impl.RaftServerImpl (RaftServerImpl.java:<init>(95)) - 459198ed-48fa-482c-a7b6-3dfc76eaacd2: new RaftServerImpl for group-C0A99C1BCE2B:[459198ed-48fa-482c-a7b6-3dfc76eaacd2:192.168.5.182:38296] with ContainerStateMachine:uninitialized
2019-09-20 00:05:28,135 [pool-433-thread-1] INFO  server.RaftServerConfigKeys (ConfUtils.java:logGet(43)) - raft.server.rpc.timeout.min = 5s (custom)
2019-09-20 00:05:28,135 [pool-433-thread-1] INFO  server.RaftServerConfigKeys (ConfUtils.java:logGet(43)) - raft.server.rpc.timeout.max = 5200ms (custom)
2019-09-20 00:05:28,136 [pool-433-thread-1] INFO  server.RaftServerConfigKeys (ConfUtils.java:logGet(43)) - raft.server.rpcslowness.timeout = 120s (custom)
2019-09-20 00:05:28,136 [pool-433-thread-1] INFO  server.RaftServerConfigKeys (ConfUtils.java:logGet(43)) - raft.server.sleep.deviation.threshold = 300 (default)
2019-09-20 00:05:28,136 [pool-433-thread-1] INFO  server.RaftServerConfigKeys (ConfUtils.java:logGet(43)) - raft.server.log.appender.install.snapshot.enabled = false (custom)
2019-09-20 00:05:28,136 [pool-433-thread-1] INFO  impl.RaftServerImpl (ServerState.java:<init>(103)) - 459198ed-48fa-482c-a7b6-3dfc76eaacd2@group-C0A99C1BCE2B: ConfigurationManager, init=-1: [459198ed-48fa-482c-a7b6-3dfc76eaacd2:192.168.5.182:38296], old=null, confs=<EMPTY_MAP>
2019-09-20 00:05:28,136 [pool-433-thread-1] INFO  server.RaftServerConfigKeys (ConfUtils.java:logGet(43)) - raft.server.storage.dir = [/workdir/hadoop-ozone/integration-test/target/test-dir/MiniOzoneClusterImpl-f43817f8-c2ee-484a-a975-3aa49b4c2d8f/datanode-5/data/ratis] (custom)
2019-09-20 00:05:28,136 [pool-433-thread-1] INFO  storage.RaftStorageDirectory (RaftStorageDirectory.java:analyzeStorage(246)) - The storage directory /workdir/hadoop-ozone/integration-test/target/test-dir/MiniOzoneClusterImpl-f43817f8-c2ee-484a-a975-3aa49b4c2d8f/datanode-5/data/ratis/7de65ce8-6cec-44c1-b1a8-c0a99c1bce2b does not exist. Creating ...
2019-09-20 00:05:28,152 [pool-433-thread-1] INFO  storage.RaftStorageDirectory (RaftStorageDirectory.java:tryLock(328)) - Lock on /workdir/hadoop-ozone/integration-test/target/test-dir/MiniOzoneClusterImpl-f43817f8-c2ee-484a-a975-3aa49b4c2d8f/datanode-5/data/ratis/7de65ce8-6cec-44c1-b1a8-c0a99c1bce2b/in_use.lock acquired by nodename 22703@pr-hdds-2020-7x4rg-3348829713
2019-09-20 00:05:28,197 [pool-433-thread-1] INFO  storage.RaftStorage (RaftStorage.java:format(72)) - Storage directory /workdir/hadoop-ozone/integration-test/target/test-dir/MiniOzoneClusterImpl-f43817f8-c2ee-484a-a975-3aa49b4c2d8f/datanode-5/data/ratis/7de65ce8-6cec-44c1-b1a8-c0a99c1bce2b has been successfully formatted.
2019-09-20 00:05:28,197 [pool-433-thread-1] INFO  ratis.ContainerStateMachine (ContainerStateMachine.java:loadSnapshot(230)) - group-C0A99C1BCE2B: The snapshot info is null. Setting the last applied indexto:(t:0, i:~)
2019-09-20 00:05:28,197 [pool-433-thread-1] INFO  server.RaftServerConfigKeys (ConfUtils.java:logGet(43)) - raft.server.notification.no-leader.timeout = 120s (custom)
2019-09-20 00:05:28,197 [pool-433-thread-1] INFO  server.RaftServerConfigKeys (ConfUtils.java:logGet(43)) - raft.server.log.use.memory = false (default)
2019-09-20 00:05:28,197 [pool-433-thread-1] INFO  server.RaftServerConfigKeys (ConfUtils.java:logGet(43)) - raft.server.log.purge.gap = 1000000 (custom)
2019-09-20 00:05:28,197 [pool-433-thread-1] INFO  server.RaftServerConfigKeys (ConfUtils.java:logGet(43)) - raft.server.log.appender.buffer.byte-limit = 33554432 (custom)
2019-09-20 00:05:28,198 [pool-433-thread-1] INFO  server.RaftServerConfigKeys (ConfUtils.java:logGet(43)) - raft.server.log.segment.size.max = 1048576 (custom)
2019-09-20 00:05:28,198 [pool-433-thread-1] INFO  server.RaftServerConfigKeys (ConfUtils.java:logGet(43)) - raft.server.log.segment.cache.num.max = 2 (custom)
2019-09-20 00:05:28,198 [pool-433-thread-1] INFO  segmented.SegmentedRaftLogWorker (SegmentedRaftLogWorker.java:<init>(172)) - new 459198ed-48fa-482c-a7b6-3dfc76eaacd2@group-C0A99C1BCE2B-SegmentedRaftLogWorker for RaftStorage:Storage Directory /workdir/hadoop-ozone/integration-test/target/test-dir/MiniOzoneClusterImpl-f43817f8-c2ee-484a-a975-3aa49b4c2d8f/datanode-5/data/ratis/7de65ce8-6cec-44c1-b1a8-c0a99c1bce2b
2019-09-20 00:05:28,200 [pool-433-thread-1] INFO  server.RaftServerConfigKeys (ConfUtils.java:logGet(43)) - raft.server.log.queue.byte-limit = 2147483647 (custom)
2019-09-20 00:05:28,200 [pool-433-thread-1] INFO  server.RaftServerConfigKeys (ConfUtils.java:logGet(43)) - raft.server.log.queue.element-limit = 1024 (custom)
2019-09-20 00:05:28,200 [pool-433-thread-1] INFO  server.RaftServerConfigKeys (ConfUtils.java:logGet(43)) - raft.server.log.segment.size.max = 1048576 (custom)
2019-09-20 00:05:28,200 [pool-433-thread-1] INFO  server.RaftServerConfigKeys (ConfUtils.java:logGet(43)) - raft.server.log.preallocated.size = 16384 (custom)
2019-09-20 00:05:28,200 [pool-433-thread-1] INFO  server.RaftServerConfigKeys (ConfUtils.java:logGet(43)) - raft.server.log.write.buffer.size = 33554432 (custom)
2019-09-20 00:05:28,200 [pool-433-thread-1] INFO  server.RaftServerConfigKeys (ConfUtils.java:logGet(43)) - raft.server.log.force.sync.num = 128 (default)
2019-09-20 00:05:28,200 [pool-433-thread-1] INFO  server.RaftServerConfigKeys (ConfUtils.java:logGet(43)) - raft.server.log.statemachine.data.sync = true (default)
2019-09-20 00:05:28,201 [pool-433-thread-1] INFO  server.RaftServerConfigKeys (ConfUtils.java:logGet(43)) - raft.server.log.statemachine.data.sync.timeout = 10s (default)
2019-09-20 00:05:28,201 [pool-433-thread-1] INFO  server.RaftServerConfigKeys (ConfUtils.java:logGet(43)) - raft.server.log.statemachine.data.sync.timeout.retry = -1 (default)
2019-09-20 00:05:28,201 [pool-433-thread-1] INFO  server.RaftServerConfigKeys (ConfUtils.java:logGet(43)) - raft.server.log.statemachine.data.caching.enabled = true (custom)
2019-09-20 00:05:28,201 [pool-433-thread-1] INFO  segmented.SegmentedRaftLogWorker (SegmentedRaftLogWorker.java:lambda$new$0(132)) - 459198ed-48fa-482c-a7b6-3dfc76eaacd2@group-C0A99C1BCE2B-SegmentedRaftLogWorker: flushIndex: setUnconditionally 0 -> -1
2019-09-20 00:05:28,202 [pool-433-thread-1] INFO  server.RaftServerConfigKeys (ConfUtils.java:logGet(43)) - raft.server.snapshot.auto.trigger.enabled = true (custom)
2019-09-20 00:05:28,202 [pool-433-thread-1] INFO  server.RaftServerConfigKeys (ConfUtils.java:logGet(43)) - raft.server.snapshot.auto.trigger.threshold = 10000 (custom)
2019-09-20 00:05:28,202 [pool-433-thread-1] INFO  server.RaftServerConfigKeys (ConfUtils.java:logGet(43)) - raft.server.snapshot.retention.num.files = 5 (custom)
2019-09-20 00:05:28,202 [pool-433-thread-1] INFO  server.RaftServerConfigKeys (ConfUtils.java:logGet(43)) - raft.server.retrycache.expirytime = 600000ms (custom)
2019-09-20 00:05:28,204 [pool-433-thread-1] INFO  impl.RaftServerImpl (RaftServerImpl.java:start(185)) - 459198ed-48fa-482c-a7b6-3dfc76eaacd2@group-C0A99C1BCE2B: start as a follower, conf=-1: [459198ed-48fa-482c-a7b6-3dfc76eaacd2:192.168.5.182:38296], old=null
2019-09-20 00:05:28,204 [pool-433-thread-1] INFO  impl.RaftServerImpl (RaftServerImpl.java:setRole(174)) - 459198ed-48fa-482c-a7b6-3dfc76eaacd2@group-C0A99C1BCE2B: changes role from      null to FOLLOWER at term 0 for startAsFollower
2019-09-20 00:05:28,204 [pool-433-thread-1] INFO  impl.RoleInfo (RoleInfo.java:updateAndGet(143)) - 459198ed-48fa-482c-a7b6-3dfc76eaacd2: start FollowerState
2019-09-20 00:05:28,204 [pool-433-thread-1] INFO  util.JmxRegister (JmxRegister.java:tryRegister(44)) - Successfully registered JMX Bean with object name Ratis:service=RaftServer,group=group-C0A99C1BCE2B,id=459198ed-48fa-482c-a7b6-3dfc76eaacd2
2019-09-20 00:05:28,206 [RatisPipelineUtilsThread] INFO  pipeline.PipelineStateManager (PipelineStateManager.java:addPipeline(56)) - Created pipeline Pipeline[ Id: 7de65ce8-6cec-44c1-b1a8-c0a99c1bce2b, Nodes: 459198ed-48fa-482c-a7b6-3dfc76eaacd2{ip: 192.168.5.182, host: pr-hdds-2020-7x4rg-3348829713, networkLocation: /default-rack, certSerialId: null}, Type:RATIS, Factor:ONE, State:OPEN]
2019-09-20 00:05:28,224 [grpc-default-executor-7] INFO  impl.RaftServerProxy (RaftServerProxy.java:addNew(89)) - c0f82a6b-777f-4a03-a589-5864e9160c05: addNew group-404B6AF39F97:[6442c8d3-568b-44b3-ac93-354b648680f1:192.168.5.182:44799, c0f82a6b-777f-4a03-a589-5864e9160c05:192.168.5.182:37866, e478c757-b491-4de8-9fe6-50ff52283427:192.168.5.182:39844] returns group-404B6AF39F97:java.util.concurrent.CompletableFuture@4c1093f7[Not completed]
2019-09-20 00:05:28,224 [grpc-default-executor-6] INFO  impl.RaftServerProxy (RaftServerProxy.java:addNew(89)) - e478c757-b491-4de8-9fe6-50ff52283427: addNew group-404B6AF39F97:[6442c8d3-568b-44b3-ac93-354b648680f1:192.168.5.182:44799, c0f82a6b-777f-4a03-a589-5864e9160c05:192.168.5.182:37866, e478c757-b491-4de8-9fe6-50ff52283427:192.168.5.182:39844] returns group-404B6AF39F97:java.util.concurrent.CompletableFuture@2ab42253[Not completed]
2019-09-20 00:05:28,224 [grpc-default-executor-1] INFO  impl.RaftServerProxy (RaftServerProxy.java:addNew(89)) - 6442c8d3-568b-44b3-ac93-354b648680f1: addNew group-404B6AF39F97:[6442c8d3-568b-44b3-ac93-354b648680f1:192.168.5.182:44799, c0f82a6b-777f-4a03-a589-5864e9160c05:192.168.5.182:37866, e478c757-b491-4de8-9fe6-50ff52283427:192.168.5.182:39844] returns group-404B6AF39F97:java.util.concurrent.CompletableFuture@4ca5068a[Not completed]
2019-09-20 00:05:28,226 [pool-443-thread-1] INFO  impl.RaftServerImpl (RaftServerImpl.java:<init>(95)) - 6442c8d3-568b-44b3-ac93-354b648680f1: new RaftServerImpl for group-404B6AF39F97:[6442c8d3-568b-44b3-ac93-354b648680f1:192.168.5.182:44799, c0f82a6b-777f-4a03-a589-5864e9160c05:192.168.5.182:37866, e478c757-b491-4de8-9fe6-50ff52283427:192.168.5.182:39844] with ContainerStateMachine:uninitialized
2019-09-20 00:05:28,226 [pool-443-thread-1] INFO  server.RaftServerConfigKeys (ConfUtils.java:logGet(43)) - raft.server.rpc.timeout.min = 5s (custom)
2019-09-20 00:05:28,226 [pool-443-thread-1] INFO  server.RaftServerConfigKeys (ConfUtils.java:logGet(43)) - raft.server.rpc.timeout.max = 5200ms (custom)
2019-09-20 00:05:28,226 [pool-443-thread-1] INFO  server.RaftServerConfigKeys (ConfUtils.java:logGet(43)) - raft.server.rpcslowness.timeout = 120s (custom)
2019-09-20 00:05:28,226 [pool-443-thread-1] INFO  server.RaftServerConfigKeys (ConfUtils.java:logGet(43)) - raft.server.sleep.deviation.threshold = 300 (default)
2019-09-20 00:05:28,226 [pool-443-thread-1] INFO  server.RaftServerConfigKeys (ConfUtils.java:logGet(43)) - raft.server.log.appender.install.snapshot.enabled = false (custom)
2019-09-20 00:05:28,226 [pool-443-thread-1] INFO  impl.RaftServerImpl (ServerState.java:<init>(103)) - 6442c8d3-568b-44b3-ac93-354b648680f1@group-404B6AF39F97: ConfigurationManager, init=-1: [6442c8d3-568b-44b3-ac93-354b648680f1:192.168.5.182:44799, c0f82a6b-777f-4a03-a589-5864e9160c05:192.168.5.182:37866, e478c757-b491-4de8-9fe6-50ff52283427:192.168.5.182:39844], old=null, confs=<EMPTY_MAP>
2019-09-20 00:05:28,226 [pool-443-thread-1] INFO  server.RaftServerConfigKeys (ConfUtils.java:logGet(43)) - raft.server.storage.dir = [/workdir/hadoop-ozone/integration-test/target/test-dir/MiniOzoneClusterImpl-f43817f8-c2ee-484a-a975-3aa49b4c2d8f/datanode-6/data/ratis] (custom)
2019-09-20 00:05:28,226 [pool-413-thread-1] INFO  impl.RaftServerImpl (RaftServerImpl.java:<init>(95)) - c0f82a6b-777f-4a03-a589-5864e9160c05: new RaftServerImpl for group-404B6AF39F97:[6442c8d3-568b-44b3-ac93-354b648680f1:192.168.5.182:44799, c0f82a6b-777f-4a03-a589-5864e9160c05:192.168.5.182:37866, e478c757-b491-4de8-9fe6-50ff52283427:192.168.5.182:39844] with ContainerStateMachine:uninitialized
2019-09-20 00:05:28,226 [pool-413-thread-1] INFO  server.RaftServerConfigKeys (ConfUtils.java:logGet(43)) - raft.server.rpc.timeout.min = 5s (custom)
2019-09-20 00:05:28,227 [pool-443-thread-1] INFO  storage.RaftStorageDirectory (RaftStorageDirectory.java:analyzeStorage(246)) - The storage directory /workdir/hadoop-ozone/integration-test/target/test-dir/MiniOzoneClusterImpl-f43817f8-c2ee-484a-a975-3aa49b4c2d8f/datanode-6/data/ratis/4ced1026-378c-42dc-97a4-404b6af39f97 does not exist. Creating ...
2019-09-20 00:05:28,227 [pool-413-thread-1] INFO  server.RaftServerConfigKeys (ConfUtils.java:logGet(43)) - raft.server.rpc.timeout.max = 5200ms (custom)
2019-09-20 00:05:28,227 [pool-393-thread-1] INFO  impl.RaftServerImpl (RaftServerImpl.java:<init>(95)) - e478c757-b491-4de8-9fe6-50ff52283427: new RaftServerImpl for group-404B6AF39F97:[6442c8d3-568b-44b3-ac93-354b648680f1:192.168.5.182:44799, c0f82a6b-777f-4a03-a589-5864e9160c05:192.168.5.182:37866, e478c757-b491-4de8-9fe6-50ff52283427:192.168.5.182:39844] with ContainerStateMachine:uninitialized
2019-09-20 00:05:28,227 [pool-413-thread-1] INFO  server.RaftServerConfigKeys (ConfUtils.java:logGet(43)) - raft.server.rpcslowness.timeout = 120s (custom)
2019-09-20 00:05:28,227 [pool-393-thread-1] INFO  server.RaftServerConfigKeys (ConfUtils.java:logGet(43)) - raft.server.rpc.timeout.min = 5s (custom)
2019-09-20 00:05:28,227 [pool-413-thread-1] INFO  server.RaftServerConfigKeys (ConfUtils.java:logGet(43)) - raft.server.sleep.deviation.threshold = 300 (default)
2019-09-20 00:05:28,227 [pool-393-thread-1] INFO  server.RaftServerConfigKeys (ConfUtils.java:logGet(43)) - raft.server.rpc.timeout.max = 5200ms (custom)
2019-09-20 00:05:28,227 [pool-413-thread-1] INFO  server.RaftServerConfigKeys (ConfUtils.java:logGet(43)) - raft.server.log.appender.install.snapshot.enabled = false (custom)
2019-09-20 00:05:28,227 [pool-393-thread-1] INFO  server.RaftServerConfigKeys (ConfUtils.java:logGet(43)) - raft.server.rpcslowness.timeout = 120s (custom)
2019-09-20 00:05:28,227 [pool-413-thread-1] INFO  impl.RaftServerImpl (ServerState.java:<init>(103)) - c0f82a6b-777f-4a03-a589-5864e9160c05@group-404B6AF39F97: ConfigurationManager, init=-1: [6442c8d3-568b-44b3-ac93-354b648680f1:192.168.5.182:44799, c0f82a6b-777f-4a03-a589-5864e9160c05:192.168.5.182:37866, e478c757-b491-4de8-9fe6-50ff52283427:192.168.5.182:39844], old=null, confs=<EMPTY_MAP>
2019-09-20 00:05:28,227 [pool-393-thread-1] INFO  server.RaftServerConfigKeys (ConfUtils.java:logGet(43)) - raft.server.sleep.deviation.threshold = 300 (default)
2019-09-20 00:05:28,228 [pool-413-thread-1] INFO  server.RaftServerConfigKeys (ConfUtils.java:logGet(43)) - raft.server.storage.dir = [/workdir/hadoop-ozone/integration-test/target/test-dir/MiniOzoneClusterImpl-f43817f8-c2ee-484a-a975-3aa49b4c2d8f/datanode-3/data/ratis] (custom)
2019-09-20 00:05:28,228 [pool-393-thread-1] INFO  server.RaftServerConfigKeys (ConfUtils.java:logGet(43)) - raft.server.log.appender.install.snapshot.enabled = false (custom)
2019-09-20 00:05:28,228 [pool-393-thread-1] INFO  impl.RaftServerImpl (ServerState.java:<init>(103)) - e478c757-b491-4de8-9fe6-50ff52283427@group-404B6AF39F97: ConfigurationManager, init=-1: [6442c8d3-568b-44b3-ac93-354b648680f1:192.168.5.182:44799, c0f82a6b-777f-4a03-a589-5864e9160c05:192.168.5.182:37866, e478c757-b491-4de8-9fe6-50ff52283427:192.168.5.182:39844], old=null, confs=<EMPTY_MAP>
2019-09-20 00:05:28,228 [pool-393-thread-1] INFO  server.RaftServerConfigKeys (ConfUtils.java:logGet(43)) - raft.server.storage.dir = [/workdir/hadoop-ozone/integration-test/target/test-dir/MiniOzoneClusterImpl-f43817f8-c2ee-484a-a975-3aa49b4c2d8f/datanode-1/data/ratis] (custom)
2019-09-20 00:05:28,228 [pool-413-thread-1] INFO  storage.RaftStorageDirectory (RaftStorageDirectory.java:analyzeStorage(246)) - The storage directory /workdir/hadoop-ozone/integration-test/target/test-dir/MiniOzoneClusterImpl-f43817f8-c2ee-484a-a975-3aa49b4c2d8f/datanode-3/data/ratis/4ced1026-378c-42dc-97a4-404b6af39f97 does not exist. Creating ...
2019-09-20 00:05:28,228 [pool-393-thread-1] INFO  storage.RaftStorageDirectory (RaftStorageDirectory.java:analyzeStorage(246)) - The storage directory /workdir/hadoop-ozone/integration-test/target/test-dir/MiniOzoneClusterImpl-f43817f8-c2ee-484a-a975-3aa49b4c2d8f/datanode-1/data/ratis/4ced1026-378c-42dc-97a4-404b6af39f97 does not exist. Creating ...
2019-09-20 00:05:28,258 [pool-443-thread-1] INFO  storage.RaftStorageDirectory (RaftStorageDirectory.java:tryLock(328)) - Lock on /workdir/hadoop-ozone/integration-test/target/test-dir/MiniOzoneClusterImpl-f43817f8-c2ee-484a-a975-3aa49b4c2d8f/datanode-6/data/ratis/4ced1026-378c-42dc-97a4-404b6af39f97/in_use.lock acquired by nodename 22703@pr-hdds-2020-7x4rg-3348829713
2019-09-20 00:05:28,258 [pool-393-thread-1] INFO  storage.RaftStorageDirectory (RaftStorageDirectory.java:tryLock(328)) - Lock on /workdir/hadoop-ozone/integration-test/target/test-dir/MiniOzoneClusterImpl-f43817f8-c2ee-484a-a975-3aa49b4c2d8f/datanode-1/data/ratis/4ced1026-378c-42dc-97a4-404b6af39f97/in_use.lock acquired by nodename 22703@pr-hdds-2020-7x4rg-3348829713
2019-09-20 00:05:28,258 [pool-413-thread-1] INFO  storage.RaftStorageDirectory (RaftStorageDirectory.java:tryLock(328)) - Lock on /workdir/hadoop-ozone/integration-test/target/test-dir/MiniOzoneClusterImpl-f43817f8-c2ee-484a-a975-3aa49b4c2d8f/datanode-3/data/ratis/4ced1026-378c-42dc-97a4-404b6af39f97/in_use.lock acquired by nodename 22703@pr-hdds-2020-7x4rg-3348829713
2019-09-20 00:05:28,286 [pool-443-thread-1] INFO  storage.RaftStorage (RaftStorage.java:format(72)) - Storage directory /workdir/hadoop-ozone/integration-test/target/test-dir/MiniOzoneClusterImpl-f43817f8-c2ee-484a-a975-3aa49b4c2d8f/datanode-6/data/ratis/4ced1026-378c-42dc-97a4-404b6af39f97 has been successfully formatted.
2019-09-20 00:05:28,286 [pool-413-thread-1] INFO  storage.RaftStorage (RaftStorage.java:format(72)) - Storage directory /workdir/hadoop-ozone/integration-test/target/test-dir/MiniOzoneClusterImpl-f43817f8-c2ee-484a-a975-3aa49b4c2d8f/datanode-3/data/ratis/4ced1026-378c-42dc-97a4-404b6af39f97 has been successfully formatted.
2019-09-20 00:05:28,286 [pool-393-thread-1] INFO  storage.RaftStorage (RaftStorage.java:format(72)) - Storage directory /workdir/hadoop-ozone/integration-test/target/test-dir/MiniOzoneClusterImpl-f43817f8-c2ee-484a-a975-3aa49b4c2d8f/datanode-1/data/ratis/4ced1026-378c-42dc-97a4-404b6af39f97 has been successfully formatted.
2019-09-20 00:05:28,286 [pool-443-thread-1] INFO  ratis.ContainerStateMachine (ContainerStateMachine.java:loadSnapshot(230)) - group-404B6AF39F97: The snapshot info is null. Setting the last applied indexto:(t:0, i:~)
2019-09-20 00:05:28,286 [pool-393-thread-1] INFO  ratis.ContainerStateMachine (ContainerStateMachine.java:loadSnapshot(230)) - group-404B6AF39F97: The snapshot info is null. Setting the last applied indexto:(t:0, i:~)
2019-09-20 00:05:28,286 [pool-413-thread-1] INFO  ratis.ContainerStateMachine (ContainerStateMachine.java:loadSnapshot(230)) - group-404B6AF39F97: The snapshot info is null. Setting the last applied indexto:(t:0, i:~)
2019-09-20 00:05:28,287 [pool-393-thread-1] INFO  server.RaftServerConfigKeys (ConfUtils.java:logGet(43)) - raft.server.notification.no-leader.timeout = 120s (custom)
2019-09-20 00:05:28,287 [pool-443-thread-1] INFO  server.RaftServerConfigKeys (ConfUtils.java:logGet(43)) - raft.server.notification.no-leader.timeout = 120s (custom)
2019-09-20 00:05:28,287 [pool-393-thread-1] INFO  server.RaftServerConfigKeys (ConfUtils.java:logGet(43)) - raft.server.log.use.memory = false (default)
2019-09-20 00:05:28,287 [pool-413-thread-1] INFO  server.RaftServerConfigKeys (ConfUtils.java:logGet(43)) - raft.server.notification.no-leader.timeout = 120s (custom)
2019-09-20 00:05:28,287 [pool-393-thread-1] INFO  server.RaftServerConfigKeys (ConfUtils.java:logGet(43)) - raft.server.log.purge.gap = 1000000 (custom)
2019-09-20 00:05:28,287 [pool-443-thread-1] INFO  server.RaftServerConfigKeys (ConfUtils.java:logGet(43)) - raft.server.log.use.memory = false (default)
2019-09-20 00:05:28,287 [pool-393-thread-1] INFO  server.RaftServerConfigKeys (ConfUtils.java:logGet(43)) - raft.server.log.appender.buffer.byte-limit = 33554432 (custom)
2019-09-20 00:05:28,287 [pool-413-thread-1] INFO  server.RaftServerConfigKeys (ConfUtils.java:logGet(43)) - raft.server.log.use.memory = false (default)
2019-09-20 00:05:28,287 [pool-393-thread-1] INFO  server.RaftServerConfigKeys (ConfUtils.java:logGet(43)) - raft.server.log.segment.size.max = 1048576 (custom)
2019-09-20 00:05:28,287 [pool-443-thread-1] INFO  server.RaftServerConfigKeys (ConfUtils.java:logGet(43)) - raft.server.log.purge.gap = 1000000 (custom)
2019-09-20 00:05:28,288 [pool-393-thread-1] INFO  server.RaftServerConfigKeys (ConfUtils.java:logGet(43)) - raft.server.log.segment.cache.num.max = 2 (custom)
2019-09-20 00:05:28,288 [pool-413-thread-1] INFO  server.RaftServerConfigKeys (ConfUtils.java:logGet(43)) - raft.server.log.purge.gap = 1000000 (custom)
2019-09-20 00:05:28,288 [pool-393-thread-1] INFO  segmented.SegmentedRaftLogWorker (SegmentedRaftLogWorker.java:<init>(172)) - new e478c757-b491-4de8-9fe6-50ff52283427@group-404B6AF39F97-SegmentedRaftLogWorker for RaftStorage:Storage Directory /workdir/hadoop-ozone/integration-test/target/test-dir/MiniOzoneClusterImpl-f43817f8-c2ee-484a-a975-3aa49b4c2d8f/datanode-1/data/ratis/4ced1026-378c-42dc-97a4-404b6af39f97
2019-09-20 00:05:28,288 [pool-443-thread-1] INFO  server.RaftServerConfigKeys (ConfUtils.java:logGet(43)) - raft.server.log.appender.buffer.byte-limit = 33554432 (custom)
2019-09-20 00:05:28,288 [pool-393-thread-1] INFO  server.RaftServerConfigKeys (ConfUtils.java:logGet(43)) - raft.server.log.queue.byte-limit = 2147483647 (custom)
2019-09-20 00:05:28,288 [pool-393-thread-1] INFO  server.RaftServerConfigKeys (ConfUtils.java:logGet(43)) - raft.server.log.queue.element-limit = 1024 (custom)
2019-09-20 00:05:28,288 [pool-413-thread-1] INFO  server.RaftServerConfigKeys (ConfUtils.java:logGet(43)) - raft.server.log.appender.buffer.byte-limit = 33554432 (custom)
2019-09-20 00:05:28,289 [pool-393-thread-1] INFO  server.RaftServerConfigKeys (ConfUtils.java:logGet(43)) - raft.server.log.segment.size.max = 1048576 (custom)
2019-09-20 00:05:28,288 [pool-443-thread-1] INFO  server.RaftServerConfigKeys (ConfUtils.java:logGet(43)) - raft.server.log.segment.size.max = 1048576 (custom)
2019-09-20 00:05:28,289 [pool-393-thread-1] INFO  server.RaftServerConfigKeys (ConfUtils.java:logGet(43)) - raft.server.log.preallocated.size = 16384 (custom)
2019-09-20 00:05:28,289 [pool-413-thread-1] INFO  server.RaftServerConfigKeys (ConfUtils.java:logGet(43)) - raft.server.log.segment.size.max = 1048576 (custom)
2019-09-20 00:05:28,289 [pool-393-thread-1] INFO  server.RaftServerConfigKeys (ConfUtils.java:logGet(43)) - raft.server.log.write.buffer.size = 33554432 (custom)
2019-09-20 00:05:28,289 [pool-393-thread-1] INFO  server.RaftServerConfigKeys (ConfUtils.java:logGet(43)) - raft.server.log.force.sync.num = 128 (default)
2019-09-20 00:05:28,289 [pool-443-thread-1] INFO  server.RaftServerConfigKeys (ConfUtils.java:logGet(43)) - raft.server.log.segment.cache.num.max = 2 (custom)
2019-09-20 00:05:28,289 [pool-393-thread-1] INFO  server.RaftServerConfigKeys (ConfUtils.java:logGet(43)) - raft.server.log.statemachine.data.sync = true (default)
2019-09-20 00:05:28,289 [pool-413-thread-1] INFO  server.RaftServerConfigKeys (ConfUtils.java:logGet(43)) - raft.server.log.segment.cache.num.max = 2 (custom)
2019-09-20 00:05:28,289 [pool-393-thread-1] INFO  server.RaftServerConfigKeys (ConfUtils.java:logGet(43)) - raft.server.log.statemachine.data.sync.timeout = 10s (default)
2019-09-20 00:05:28,289 [pool-443-thread-1] INFO  segmented.SegmentedRaftLogWorker (SegmentedRaftLogWorker.java:<init>(172)) - new 6442c8d3-568b-44b3-ac93-354b648680f1@group-404B6AF39F97-SegmentedRaftLogWorker for RaftStorage:Storage Directory /workdir/hadoop-ozone/integration-test/target/test-dir/MiniOzoneClusterImpl-f43817f8-c2ee-484a-a975-3aa49b4c2d8f/datanode-6/data/ratis/4ced1026-378c-42dc-97a4-404b6af39f97
2019-09-20 00:05:28,290 [pool-393-thread-1] INFO  server.RaftServerConfigKeys (ConfUtils.java:logGet(43)) - raft.server.log.statemachine.data.sync.timeout.retry = -1 (default)
2019-09-20 00:05:28,290 [pool-413-thread-1] INFO  segmented.SegmentedRaftLogWorker (SegmentedRaftLogWorker.java:<init>(172)) - new c0f82a6b-777f-4a03-a589-5864e9160c05@group-404B6AF39F97-SegmentedRaftLogWorker for RaftStorage:Storage Directory /workdir/hadoop-ozone/integration-test/target/test-dir/MiniOzoneClusterImpl-f43817f8-c2ee-484a-a975-3aa49b4c2d8f/datanode-3/data/ratis/4ced1026-378c-42dc-97a4-404b6af39f97
2019-09-20 00:05:28,290 [pool-393-thread-1] INFO  server.RaftServerConfigKeys (ConfUtils.java:logGet(43)) - raft.server.log.statemachine.data.caching.enabled = true (custom)
2019-09-20 00:05:28,290 [pool-443-thread-1] INFO  server.RaftServerConfigKeys (ConfUtils.java:logGet(43)) - raft.server.log.queue.byte-limit = 2147483647 (custom)
2019-09-20 00:05:28,290 [pool-413-thread-1] INFO  server.RaftServerConfigKeys (ConfUtils.java:logGet(43)) - raft.server.log.queue.byte-limit = 2147483647 (custom)
2019-09-20 00:05:28,290 [pool-393-thread-1] INFO  segmented.SegmentedRaftLogWorker (SegmentedRaftLogWorker.java:lambda$new$0(132)) - e478c757-b491-4de8-9fe6-50ff52283427@group-404B6AF39F97-SegmentedRaftLogWorker: flushIndex: setUnconditionally 0 -> -1
2019-09-20 00:05:28,290 [pool-443-thread-1] INFO  server.RaftServerConfigKeys (ConfUtils.java:logGet(43)) - raft.server.log.queue.element-limit = 1024 (custom)
2019-09-20 00:05:28,290 [pool-413-thread-1] INFO  server.RaftServerConfigKeys (ConfUtils.java:logGet(43)) - raft.server.log.queue.element-limit = 1024 (custom)
2019-09-20 00:05:28,291 [pool-393-thread-1] INFO  server.RaftServerConfigKeys (ConfUtils.java:logGet(43)) - raft.server.snapshot.auto.trigger.enabled = true (custom)
2019-09-20 00:05:28,291 [pool-443-thread-1] INFO  server.RaftServerConfigKeys (ConfUtils.java:logGet(43)) - raft.server.log.segment.size.max = 1048576 (custom)
2019-09-20 00:05:28,291 [pool-393-thread-1] INFO  server.RaftServerConfigKeys (ConfUtils.java:logGet(43)) - raft.server.snapshot.auto.trigger.threshold = 10000 (custom)
2019-09-20 00:05:28,291 [pool-413-thread-1] INFO  server.RaftServerConfigKeys (ConfUtils.java:logGet(43)) - raft.server.log.segment.size.max = 1048576 (custom)
2019-09-20 00:05:28,291 [pool-393-thread-1] INFO  server.RaftServerConfigKeys (ConfUtils.java:logGet(43)) - raft.server.snapshot.retention.num.files = 5 (custom)
2019-09-20 00:05:28,291 [pool-443-thread-1] INFO  server.RaftServerConfigKeys (ConfUtils.java:logGet(43)) - raft.server.log.preallocated.size = 16384 (custom)
2019-09-20 00:05:28,291 [pool-393-thread-1] INFO  server.RaftServerConfigKeys (ConfUtils.java:logGet(43)) - raft.server.retrycache.expirytime = 600000ms (custom)
2019-09-20 00:05:28,291 [pool-413-thread-1] INFO  server.RaftServerConfigKeys (ConfUtils.java:logGet(43)) - raft.server.log.preallocated.size = 16384 (custom)
2019-09-20 00:05:28,291 [pool-443-thread-1] INFO  server.RaftServerConfigKeys (ConfUtils.java:logGet(43)) - raft.server.log.write.buffer.size = 33554432 (custom)
2019-09-20 00:05:28,292 [pool-413-thread-1] INFO  server.RaftServerConfigKeys (ConfUtils.java:logGet(43)) - raft.server.log.write.buffer.size = 33554432 (custom)
2019-09-20 00:05:28,292 [pool-443-thread-1] INFO  server.RaftServerConfigKeys (ConfUtils.java:logGet(43)) - raft.server.log.force.sync.num = 128 (default)
2019-09-20 00:05:28,292 [pool-413-thread-1] INFO  server.RaftServerConfigKeys (ConfUtils.java:logGet(43)) - raft.server.log.force.sync.num = 128 (default)
2019-09-20 00:05:28,292 [pool-443-thread-1] INFO  server.RaftServerConfigKeys (ConfUtils.java:logGet(43)) - raft.server.log.statemachine.data.sync = true (default)
2019-09-20 00:05:28,292 [pool-413-thread-1] INFO  server.RaftServerConfigKeys (ConfUtils.java:logGet(43)) - raft.server.log.statemachine.data.sync = true (default)
2019-09-20 00:05:28,292 [pool-443-thread-1] INFO  server.RaftServerConfigKeys (ConfUtils.java:logGet(43)) - raft.server.log.statemachine.data.sync.timeout = 10s (default)
2019-09-20 00:05:28,292 [pool-413-thread-1] INFO  server.RaftServerConfigKeys (ConfUtils.java:logGet(43)) - raft.server.log.statemachine.data.sync.timeout = 10s (default)
2019-09-20 00:05:28,292 [pool-443-thread-1] INFO  server.RaftServerConfigKeys (ConfUtils.java:logGet(43)) - raft.server.log.statemachine.data.sync.timeout.retry = -1 (default)
2019-09-20 00:05:28,293 [pool-413-thread-1] INFO  server.RaftServerConfigKeys (ConfUtils.java:logGet(43)) - raft.server.log.statemachine.data.sync.timeout.retry = -1 (default)
2019-09-20 00:05:28,293 [pool-393-thread-1] INFO  impl.RaftServerImpl (RaftServerImpl.java:start(185)) - e478c757-b491-4de8-9fe6-50ff52283427@group-404B6AF39F97: start as a follower, conf=-1: [6442c8d3-568b-44b3-ac93-354b648680f1:192.168.5.182:44799, c0f82a6b-777f-4a03-a589-5864e9160c05:192.168.5.182:37866, e478c757-b491-4de8-9fe6-50ff52283427:192.168.5.182:39844], old=null
2019-09-20 00:05:28,293 [pool-443-thread-1] INFO  server.RaftServerConfigKeys (ConfUtils.java:logGet(43)) - raft.server.log.statemachine.data.caching.enabled = true (custom)
2019-09-20 00:05:28,293 [pool-393-thread-1] INFO  impl.RaftServerImpl (RaftServerImpl.java:setRole(174)) - e478c757-b491-4de8-9fe6-50ff52283427@group-404B6AF39F97: changes role from      null to FOLLOWER at term 0 for startAsFollower
2019-09-20 00:05:28,293 [pool-413-thread-1] INFO  server.RaftServerConfigKeys (ConfUtils.java:logGet(43)) - raft.server.log.statemachine.data.caching.enabled = true (custom)
2019-09-20 00:05:28,293 [pool-393-thread-1] INFO  impl.RoleInfo (RoleInfo.java:updateAndGet(143)) - e478c757-b491-4de8-9fe6-50ff52283427: start FollowerState
2019-09-20 00:05:28,293 [pool-443-thread-1] INFO  segmented.SegmentedRaftLogWorker (SegmentedRaftLogWorker.java:lambda$new$0(132)) - 6442c8d3-568b-44b3-ac93-354b648680f1@group-404B6AF39F97-SegmentedRaftLogWorker: flushIndex: setUnconditionally 0 -> -1
2019-09-20 00:05:28,294 [pool-413-thread-1] INFO  segmented.SegmentedRaftLogWorker (SegmentedRaftLogWorker.java:lambda$new$0(132)) - c0f82a6b-777f-4a03-a589-5864e9160c05@group-404B6AF39F97-SegmentedRaftLogWorker: flushIndex: setUnconditionally 0 -> -1
2019-09-20 00:05:28,294 [pool-393-thread-1] INFO  util.JmxRegister (JmxRegister.java:tryRegister(44)) - Successfully registered JMX Bean with object name Ratis:service=RaftServer,group=group-404B6AF39F97,id=e478c757-b491-4de8-9fe6-50ff52283427
2019-09-20 00:05:28,294 [pool-443-thread-1] INFO  server.RaftServerConfigKeys (ConfUtils.java:logGet(43)) - raft.server.snapshot.auto.trigger.enabled = true (custom)
2019-09-20 00:05:28,294 [pool-413-thread-1] INFO  server.RaftServerConfigKeys (ConfUtils.java:logGet(43)) - raft.server.snapshot.auto.trigger.enabled = true (custom)
2019-09-20 00:05:28,294 [pool-443-thread-1] INFO  server.RaftServerConfigKeys (ConfUtils.java:logGet(43)) - raft.server.snapshot.auto.trigger.threshold = 10000 (custom)
2019-09-20 00:05:28,294 [pool-413-thread-1] INFO  server.RaftServerConfigKeys (ConfUtils.java:logGet(43)) - raft.server.snapshot.auto.trigger.threshold = 10000 (custom)
2019-09-20 00:05:28,294 [pool-443-thread-1] INFO  server.RaftServerConfigKeys (ConfUtils.java:logGet(43)) - raft.server.snapshot.retention.num.files = 5 (custom)
2019-09-20 00:05:28,295 [pool-413-thread-1] INFO  server.RaftServerConfigKeys (ConfUtils.java:logGet(43)) - raft.server.snapshot.retention.num.files = 5 (custom)
2019-09-20 00:05:28,295 [pool-443-thread-1] INFO  server.RaftServerConfigKeys (ConfUtils.java:logGet(43)) - raft.server.retrycache.expirytime = 600000ms (custom)
2019-09-20 00:05:28,295 [pool-413-thread-1] INFO  server.RaftServerConfigKeys (ConfUtils.java:logGet(43)) - raft.server.retrycache.expirytime = 600000ms (custom)
2019-09-20 00:05:28,297 [pool-443-thread-1] INFO  impl.RaftServerImpl (RaftServerImpl.java:start(185)) - 6442c8d3-568b-44b3-ac93-354b648680f1@group-404B6AF39F97: start as a follower, conf=-1: [6442c8d3-568b-44b3-ac93-354b648680f1:192.168.5.182:44799, c0f82a6b-777f-4a03-a589-5864e9160c05:192.168.5.182:37866, e478c757-b491-4de8-9fe6-50ff52283427:192.168.5.182:39844], old=null
2019-09-20 00:05:28,298 [pool-443-thread-1] INFO  impl.RaftServerImpl (RaftServerImpl.java:setRole(174)) - 6442c8d3-568b-44b3-ac93-354b648680f1@group-404B6AF39F97: changes role from      null to FOLLOWER at term 0 for startAsFollower
2019-09-20 00:05:28,298 [pool-443-thread-1] INFO  impl.RoleInfo (RoleInfo.java:updateAndGet(143)) - 6442c8d3-568b-44b3-ac93-354b648680f1: start FollowerState
2019-09-20 00:05:28,298 [pool-413-thread-1] INFO  impl.RaftServerImpl (RaftServerImpl.java:start(185)) - c0f82a6b-777f-4a03-a589-5864e9160c05@group-404B6AF39F97: start as a follower, conf=-1: [6442c8d3-568b-44b3-ac93-354b648680f1:192.168.5.182:44799, c0f82a6b-777f-4a03-a589-5864e9160c05:192.168.5.182:37866, e478c757-b491-4de8-9fe6-50ff52283427:192.168.5.182:39844], old=null
2019-09-20 00:05:28,298 [pool-413-thread-1] INFO  impl.RaftServerImpl (RaftServerImpl.java:setRole(174)) - c0f82a6b-777f-4a03-a589-5864e9160c05@group-404B6AF39F97: changes role from      null to FOLLOWER at term 0 for startAsFollower
2019-09-20 00:05:28,298 [pool-443-thread-1] INFO  util.JmxRegister (JmxRegister.java:tryRegister(44)) - Successfully registered JMX Bean with object name Ratis:service=RaftServer,group=group-404B6AF39F97,id=6442c8d3-568b-44b3-ac93-354b648680f1
2019-09-20 00:05:28,298 [pool-413-thread-1] INFO  impl.RoleInfo (RoleInfo.java:updateAndGet(143)) - c0f82a6b-777f-4a03-a589-5864e9160c05: start FollowerState
2019-09-20 00:05:28,299 [pool-413-thread-1] INFO  util.JmxRegister (JmxRegister.java:tryRegister(44)) - Successfully registered JMX Bean with object name Ratis:service=RaftServer,group=group-404B6AF39F97,id=c0f82a6b-777f-4a03-a589-5864e9160c05
2019-09-20 00:05:28,301 [RatisPipelineUtilsThread] INFO  pipeline.PipelineStateManager (PipelineStateManager.java:addPipeline(56)) - Created pipeline Pipeline[ Id: 4ced1026-378c-42dc-97a4-404b6af39f97, Nodes: e478c757-b491-4de8-9fe6-50ff52283427{ip: 192.168.5.182, host: pr-hdds-2020-7x4rg-3348829713, networkLocation: /default-rack, certSerialId: null}c0f82a6b-777f-4a03-a589-5864e9160c05{ip: 192.168.5.182, host: pr-hdds-2020-7x4rg-3348829713, networkLocation: /default-rack, certSerialId: null}6442c8d3-568b-44b3-ac93-354b648680f1{ip: 192.168.5.182, host: pr-hdds-2020-7x4rg-3348829713, networkLocation: /default-rack, certSerialId: null}, Type:RATIS, Factor:THREE, State:OPEN]
2019-09-20 00:05:28,326 [grpc-default-executor-1] INFO  impl.RaftServerProxy (RaftServerProxy.java:addNew(89)) - 459198ed-48fa-482c-a7b6-3dfc76eaacd2: addNew group-6FA78447CFD7:[459198ed-48fa-482c-a7b6-3dfc76eaacd2:192.168.5.182:38296, 41c96ee6-96c4-4c7b-baa5-2410cf13d401:192.168.5.182:45792, ea825c9d-8472-466f-bfce-f371396f94a5:192.168.5.182:42507] returns group-6FA78447CFD7:java.util.concurrent.CompletableFuture@5c76b137[Not completed]
2019-09-20 00:05:28,326 [grpc-default-executor-6] INFO  impl.RaftServerProxy (RaftServerProxy.java:addNew(89)) - 41c96ee6-96c4-4c7b-baa5-2410cf13d401: addNew group-6FA78447CFD7:[459198ed-48fa-482c-a7b6-3dfc76eaacd2:192.168.5.182:38296, 41c96ee6-96c4-4c7b-baa5-2410cf13d401:192.168.5.182:45792, ea825c9d-8472-466f-bfce-f371396f94a5:192.168.5.182:42507] returns group-6FA78447CFD7:java.util.concurrent.CompletableFuture@246e0992[Not completed]
2019-09-20 00:05:28,326 [grpc-default-executor-7] INFO  impl.RaftServerProxy (RaftServerProxy.java:addNew(89)) - ea825c9d-8472-466f-bfce-f371396f94a5: addNew group-6FA78447CFD7:[459198ed-48fa-482c-a7b6-3dfc76eaacd2:192.168.5.182:38296, 41c96ee6-96c4-4c7b-baa5-2410cf13d401:192.168.5.182:45792, ea825c9d-8472-466f-bfce-f371396f94a5:192.168.5.182:42507] returns group-6FA78447CFD7:java.util.concurrent.CompletableFuture@d2d99cc[Not completed]
2019-09-20 00:05:28,327 [pool-433-thread-1] INFO  impl.RaftServerImpl (RaftServerImpl.java:<init>(95)) - 459198ed-48fa-482c-a7b6-3dfc76eaacd2: new RaftServerImpl for group-6FA78447CFD7:[459198ed-48fa-482c-a7b6-3dfc76eaacd2:192.168.5.182:38296, 41c96ee6-96c4-4c7b-baa5-2410cf13d401:192.168.5.182:45792, ea825c9d-8472-466f-bfce-f371396f94a5:192.168.5.182:42507] with ContainerStateMachine:uninitialized
2019-09-20 00:05:28,328 [pool-433-thread-1] INFO  server.RaftServerConfigKeys (ConfUtils.java:logGet(43)) - raft.server.rpc.timeout.min = 5s (custom)
2019-09-20 00:05:28,328 [pool-433-thread-1] INFO  server.RaftServerConfigKeys (ConfUtils.java:logGet(43)) - raft.server.rpc.timeout.max = 5200ms (custom)
2019-09-20 00:05:28,328 [pool-433-thread-1] INFO  server.RaftServerConfigKeys (ConfUtils.java:logGet(43)) - raft.server.rpcslowness.timeout = 120s (custom)
2019-09-20 00:05:28,328 [pool-433-thread-1] INFO  server.RaftServerConfigKeys (ConfUtils.java:logGet(43)) - raft.server.sleep.deviation.threshold = 300 (default)
2019-09-20 00:05:28,328 [pool-433-thread-1] INFO  server.RaftServerConfigKeys (ConfUtils.java:logGet(43)) - raft.server.log.appender.install.snapshot.enabled = false (custom)
2019-09-20 00:05:28,328 [pool-403-thread-1] INFO  impl.RaftServerImpl (RaftServerImpl.java:<init>(95)) - ea825c9d-8472-466f-bfce-f371396f94a5: new RaftServerImpl for group-6FA78447CFD7:[459198ed-48fa-482c-a7b6-3dfc76eaacd2:192.168.5.182:38296, 41c96ee6-96c4-4c7b-baa5-2410cf13d401:192.168.5.182:45792, ea825c9d-8472-466f-bfce-f371396f94a5:192.168.5.182:42507] with ContainerStateMachine:uninitialized
2019-09-20 00:05:28,329 [pool-433-thread-1] INFO  impl.RaftServerImpl (ServerState.java:<init>(103)) - 459198ed-48fa-482c-a7b6-3dfc76eaacd2@group-6FA78447CFD7: ConfigurationManager, init=-1: [459198ed-48fa-482c-a7b6-3dfc76eaacd2:192.168.5.182:38296, 41c96ee6-96c4-4c7b-baa5-2410cf13d401:192.168.5.182:45792, ea825c9d-8472-466f-bfce-f371396f94a5:192.168.5.182:42507], old=null, confs=<EMPTY_MAP>
2019-09-20 00:05:28,329 [pool-403-thread-1] INFO  server.RaftServerConfigKeys (ConfUtils.java:logGet(43)) - raft.server.rpc.timeout.min = 5s (custom)
2019-09-20 00:05:28,329 [pool-433-thread-1] INFO  server.RaftServerConfigKeys (ConfUtils.java:logGet(43)) - raft.server.storage.dir = [/workdir/hadoop-ozone/integration-test/target/test-dir/MiniOzoneClusterImpl-f43817f8-c2ee-484a-a975-3aa49b4c2d8f/datanode-5/data/ratis] (custom)
2019-09-20 00:05:28,329 [pool-423-thread-1] INFO  impl.RaftServerImpl (RaftServerImpl.java:<init>(95)) - 41c96ee6-96c4-4c7b-baa5-2410cf13d401: new RaftServerImpl for group-6FA78447CFD7:[459198ed-48fa-482c-a7b6-3dfc76eaacd2:192.168.5.182:38296, 41c96ee6-96c4-4c7b-baa5-2410cf13d401:192.168.5.182:45792, ea825c9d-8472-466f-bfce-f371396f94a5:192.168.5.182:42507] with ContainerStateMachine:uninitialized
2019-09-20 00:05:28,329 [pool-403-thread-1] INFO  server.RaftServerConfigKeys (ConfUtils.java:logGet(43)) - raft.server.rpc.timeout.max = 5200ms (custom)
2019-09-20 00:05:28,329 [pool-423-thread-1] INFO  server.RaftServerConfigKeys (ConfUtils.java:logGet(43)) - raft.server.rpc.timeout.min = 5s (custom)
2019-09-20 00:05:28,329 [pool-433-thread-1] INFO  storage.RaftStorageDirectory (RaftStorageDirectory.java:analyzeStorage(246)) - The storage directory /workdir/hadoop-ozone/integration-test/target/test-dir/MiniOzoneClusterImpl-f43817f8-c2ee-484a-a975-3aa49b4c2d8f/datanode-5/data/ratis/f3efd678-1e7b-4118-bd96-6fa78447cfd7 does not exist. Creating ...
2019-09-20 00:05:28,329 [pool-403-thread-1] INFO  server.RaftServerConfigKeys (ConfUtils.java:logGet(43)) - raft.server.rpcslowness.timeout = 120s (custom)
2019-09-20 00:05:28,330 [pool-423-thread-1] INFO  server.RaftServerConfigKeys (ConfUtils.java:logGet(43)) - raft.server.rpc.timeout.max = 5200ms (custom)
2019-09-20 00:05:28,330 [pool-403-thread-1] INFO  server.RaftServerConfigKeys (ConfUtils.java:logGet(43)) - raft.server.sleep.deviation.threshold = 300 (default)
2019-09-20 00:05:28,330 [pool-423-thread-1] INFO  server.RaftServerConfigKeys (ConfUtils.java:logGet(43)) - raft.server.rpcslowness.timeout = 120s (custom)
2019-09-20 00:05:28,330 [pool-403-thread-1] INFO  server.RaftServerConfigKeys (ConfUtils.java:logGet(43)) - raft.server.log.appender.install.snapshot.enabled = false (custom)
2019-09-20 00:05:28,330 [pool-423-thread-1] INFO  server.RaftServerConfigKeys (ConfUtils.java:logGet(43)) - raft.server.sleep.deviation.threshold = 300 (default)
2019-09-20 00:05:28,330 [pool-403-thread-1] INFO  impl.RaftServerImpl (ServerState.java:<init>(103)) - ea825c9d-8472-466f-bfce-f371396f94a5@group-6FA78447CFD7: ConfigurationManager, init=-1: [459198ed-48fa-482c-a7b6-3dfc76eaacd2:192.168.5.182:38296, 41c96ee6-96c4-4c7b-baa5-2410cf13d401:192.168.5.182:45792, ea825c9d-8472-466f-bfce-f371396f94a5:192.168.5.182:42507], old=null, confs=<EMPTY_MAP>
2019-09-20 00:05:28,330 [pool-423-thread-1] INFO  server.RaftServerConfigKeys (ConfUtils.java:logGet(43)) - raft.server.log.appender.install.snapshot.enabled = false (custom)
2019-09-20 00:05:28,331 [pool-403-thread-1] INFO  server.RaftServerConfigKeys (ConfUtils.java:logGet(43)) - raft.server.storage.dir = [/workdir/hadoop-ozone/integration-test/target/test-dir/MiniOzoneClusterImpl-f43817f8-c2ee-484a-a975-3aa49b4c2d8f/datanode-2/data/ratis] (custom)
2019-09-20 00:05:28,331 [pool-423-thread-1] INFO  impl.RaftServerImpl (ServerState.java:<init>(103)) - 41c96ee6-96c4-4c7b-baa5-2410cf13d401@group-6FA78447CFD7: ConfigurationManager, init=-1: [459198ed-48fa-482c-a7b6-3dfc76eaacd2:192.168.5.182:38296, 41c96ee6-96c4-4c7b-baa5-2410cf13d401:192.168.5.182:45792, ea825c9d-8472-466f-bfce-f371396f94a5:192.168.5.182:42507], old=null, confs=<EMPTY_MAP>
2019-09-20 00:05:28,331 [pool-423-thread-1] INFO  server.RaftServerConfigKeys (ConfUtils.java:logGet(43)) - raft.server.storage.dir = [/workdir/hadoop-ozone/integration-test/target/test-dir/MiniOzoneClusterImpl-f43817f8-c2ee-484a-a975-3aa49b4c2d8f/datanode-4/data/ratis] (custom)
2019-09-20 00:05:28,331 [pool-403-thread-1] INFO  storage.RaftStorageDirectory (RaftStorageDirectory.java:analyzeStorage(246)) - The storage directory /workdir/hadoop-ozone/integration-test/target/test-dir/MiniOzoneClusterImpl-f43817f8-c2ee-484a-a975-3aa49b4c2d8f/datanode-2/data/ratis/f3efd678-1e7b-4118-bd96-6fa78447cfd7 does not exist. Creating ...
2019-09-20 00:05:28,331 [pool-423-thread-1] INFO  storage.RaftStorageDirectory (RaftStorageDirectory.java:analyzeStorage(246)) - The storage directory /workdir/hadoop-ozone/integration-test/target/test-dir/MiniOzoneClusterImpl-f43817f8-c2ee-484a-a975-3aa49b4c2d8f/datanode-4/data/ratis/f3efd678-1e7b-4118-bd96-6fa78447cfd7 does not exist. Creating ...
2019-09-20 00:05:28,611 [pool-403-thread-1] INFO  storage.RaftStorageDirectory (RaftStorageDirectory.java:tryLock(328)) - Lock on /workdir/hadoop-ozone/integration-test/target/test-dir/MiniOzoneClusterImpl-f43817f8-c2ee-484a-a975-3aa49b4c2d8f/datanode-2/data/ratis/f3efd678-1e7b-4118-bd96-6fa78447cfd7/in_use.lock acquired by nodename 22703@pr-hdds-2020-7x4rg-3348829713
2019-09-20 00:05:28,611 [pool-423-thread-1] INFO  storage.RaftStorageDirectory (RaftStorageDirectory.java:tryLock(328)) - Lock on /workdir/hadoop-ozone/integration-test/target/test-dir/MiniOzoneClusterImpl-f43817f8-c2ee-484a-a975-3aa49b4c2d8f/datanode-4/data/ratis/f3efd678-1e7b-4118-bd96-6fa78447cfd7/in_use.lock acquired by nodename 22703@pr-hdds-2020-7x4rg-3348829713
2019-09-20 00:05:28,611 [pool-433-thread-1] INFO  storage.RaftStorageDirectory (RaftStorageDirectory.java:tryLock(328)) - Lock on /workdir/hadoop-ozone/integration-test/target/test-dir/MiniOzoneClusterImpl-f43817f8-c2ee-484a-a975-3aa49b4c2d8f/datanode-5/data/ratis/f3efd678-1e7b-4118-bd96-6fa78447cfd7/in_use.lock acquired by nodename 22703@pr-hdds-2020-7x4rg-3348829713
2019-09-20 00:05:28,648 [pool-403-thread-1] INFO  storage.RaftStorage (RaftStorage.java:format(72)) - Storage directory /workdir/hadoop-ozone/integration-test/target/test-dir/MiniOzoneClusterImpl-f43817f8-c2ee-484a-a975-3aa49b4c2d8f/datanode-2/data/ratis/f3efd678-1e7b-4118-bd96-6fa78447cfd7 has been successfully formatted.
2019-09-20 00:05:28,648 [pool-433-thread-1] INFO  storage.RaftStorage (RaftStorage.java:format(72)) - Storage directory /workdir/hadoop-ozone/integration-test/target/test-dir/MiniOzoneClusterImpl-f43817f8-c2ee-484a-a975-3aa49b4c2d8f/datanode-5/data/ratis/f3efd678-1e7b-4118-bd96-6fa78447cfd7 has been successfully formatted.
2019-09-20 00:05:28,648 [pool-403-thread-1] INFO  ratis.ContainerStateMachine (ContainerStateMachine.java:loadSnapshot(230)) - group-6FA78447CFD7: The snapshot info is null. Setting the last applied indexto:(t:0, i:~)
2019-09-20 00:05:28,648 [pool-423-thread-1] INFO  storage.RaftStorage (RaftStorage.java:format(72)) - Storage directory /workdir/hadoop-ozone/integration-test/target/test-dir/MiniOzoneClusterImpl-f43817f8-c2ee-484a-a975-3aa49b4c2d8f/datanode-4/data/ratis/f3efd678-1e7b-4118-bd96-6fa78447cfd7 has been successfully formatted.
2019-09-20 00:05:28,648 [pool-433-thread-1] INFO  ratis.ContainerStateMachine (ContainerStateMachine.java:loadSnapshot(230)) - group-6FA78447CFD7: The snapshot info is null. Setting the last applied indexto:(t:0, i:~)
2019-09-20 00:05:28,648 [pool-403-thread-1] INFO  server.RaftServerConfigKeys (ConfUtils.java:logGet(43)) - raft.server.notification.no-leader.timeout = 120s (custom)
2019-09-20 00:05:28,649 [pool-433-thread-1] INFO  server.RaftServerConfigKeys (ConfUtils.java:logGet(43)) - raft.server.notification.no-leader.timeout = 120s (custom)
2019-09-20 00:05:28,649 [pool-423-thread-1] INFO  ratis.ContainerStateMachine (ContainerStateMachine.java:loadSnapshot(230)) - group-6FA78447CFD7: The snapshot info is null. Setting the last applied indexto:(t:0, i:~)
2019-09-20 00:05:28,649 [pool-433-thread-1] INFO  server.RaftServerConfigKeys (ConfUtils.java:logGet(43)) - raft.server.log.use.memory = false (default)
2019-09-20 00:05:28,649 [pool-403-thread-1] INFO  server.RaftServerConfigKeys (ConfUtils.java:logGet(43)) - raft.server.log.use.memory = false (default)
2019-09-20 00:05:28,649 [pool-433-thread-1] INFO  server.RaftServerConfigKeys (ConfUtils.java:logGet(43)) - raft.server.log.purge.gap = 1000000 (custom)
2019-09-20 00:05:28,649 [pool-423-thread-1] INFO  server.RaftServerConfigKeys (ConfUtils.java:logGet(43)) - raft.server.notification.no-leader.timeout = 120s (custom)
2019-09-20 00:05:28,650 [pool-433-thread-1] INFO  server.RaftServerConfigKeys (ConfUtils.java:logGet(43)) - raft.server.log.appender.buffer.byte-limit = 33554432 (custom)
2019-09-20 00:05:28,649 [pool-403-thread-1] INFO  server.RaftServerConfigKeys (ConfUtils.java:logGet(43)) - raft.server.log.purge.gap = 1000000 (custom)
2019-09-20 00:05:28,650 [pool-433-thread-1] INFO  server.RaftServerConfigKeys (ConfUtils.java:logGet(43)) - raft.server.log.segment.size.max = 1048576 (custom)
2019-09-20 00:05:28,650 [pool-423-thread-1] INFO  server.RaftServerConfigKeys (ConfUtils.java:logGet(43)) - raft.server.log.use.memory = false (default)
2019-09-20 00:05:28,650 [pool-433-thread-1] INFO  server.RaftServerConfigKeys (ConfUtils.java:logGet(43)) - raft.server.log.segment.cache.num.max = 2 (custom)
2019-09-20 00:05:28,650 [pool-403-thread-1] INFO  server.RaftServerConfigKeys (ConfUtils.java:logGet(43)) - raft.server.log.appender.buffer.byte-limit = 33554432 (custom)
2019-09-20 00:05:28,650 [pool-433-thread-1] INFO  segmented.SegmentedRaftLogWorker (SegmentedRaftLogWorker.java:<init>(172)) - new 459198ed-48fa-482c-a7b6-3dfc76eaacd2@group-6FA78447CFD7-SegmentedRaftLogWorker for RaftStorage:Storage Directory /workdir/hadoop-ozone/integration-test/target/test-dir/MiniOzoneClusterImpl-f43817f8-c2ee-484a-a975-3aa49b4c2d8f/datanode-5/data/ratis/f3efd678-1e7b-4118-bd96-6fa78447cfd7
2019-09-20 00:05:28,650 [pool-423-thread-1] INFO  server.RaftServerConfigKeys (ConfUtils.java:logGet(43)) - raft.server.log.purge.gap = 1000000 (custom)
2019-09-20 00:05:28,651 [pool-433-thread-1] INFO  server.RaftServerConfigKeys (ConfUtils.java:logGet(43)) - raft.server.log.queue.byte-limit = 2147483647 (custom)
2019-09-20 00:05:28,650 [pool-403-thread-1] INFO  server.RaftServerConfigKeys (ConfUtils.java:logGet(43)) - raft.server.log.segment.size.max = 1048576 (custom)
2019-09-20 00:05:28,651 [pool-433-thread-1] INFO  server.RaftServerConfigKeys (ConfUtils.java:logGet(43)) - raft.server.log.queue.element-limit = 1024 (custom)
2019-09-20 00:05:28,651 [pool-423-thread-1] INFO  server.RaftServerConfigKeys (ConfUtils.java:logGet(43)) - raft.server.log.appender.buffer.byte-limit = 33554432 (custom)
2019-09-20 00:05:28,651 [pool-433-thread-1] INFO  server.RaftServerConfigKeys (ConfUtils.java:logGet(43)) - raft.server.log.segment.size.max = 1048576 (custom)
2019-09-20 00:05:28,651 [pool-403-thread-1] INFO  server.RaftServerConfigKeys (ConfUtils.java:logGet(43)) - raft.server.log.segment.cache.num.max = 2 (custom)
2019-09-20 00:05:28,651 [pool-433-thread-1] INFO  server.RaftServerConfigKeys (ConfUtils.java:logGet(43)) - raft.server.log.preallocated.size = 16384 (custom)
2019-09-20 00:05:28,651 [pool-423-thread-1] INFO  server.RaftServerConfigKeys (ConfUtils.java:logGet(43)) - raft.server.log.segment.size.max = 1048576 (custom)
2019-09-20 00:05:28,652 [pool-433-thread-1] INFO  server.RaftServerConfigKeys (ConfUtils.java:logGet(43)) - raft.server.log.write.buffer.size = 33554432 (custom)
2019-09-20 00:05:28,652 [pool-403-thread-1] INFO  segmented.SegmentedRaftLogWorker (SegmentedRaftLogWorker.java:<init>(172)) - new ea825c9d-8472-466f-bfce-f371396f94a5@group-6FA78447CFD7-SegmentedRaftLogWorker for RaftStorage:Storage Directory /workdir/hadoop-ozone/integration-test/target/test-dir/MiniOzoneClusterImpl-f43817f8-c2ee-484a-a975-3aa49b4c2d8f/datanode-2/data/ratis/f3efd678-1e7b-4118-bd96-6fa78447cfd7
2019-09-20 00:05:28,652 [pool-433-thread-1] INFO  server.RaftServerConfigKeys (ConfUtils.java:logGet(43)) - raft.server.log.force.sync.num = 128 (default)
2019-09-20 00:05:28,652 [pool-423-thread-1] INFO  server.RaftServerConfigKeys (ConfUtils.java:logGet(43)) - raft.server.log.segment.cache.num.max = 2 (custom)
2019-09-20 00:05:28,652 [pool-433-thread-1] INFO  server.RaftServerConfigKeys (ConfUtils.java:logGet(43)) - raft.server.log.statemachine.data.sync = true (default)
2019-09-20 00:05:28,652 [pool-403-thread-1] INFO  server.RaftServerConfigKeys (ConfUtils.java:logGet(43)) - raft.server.log.queue.byte-limit = 2147483647 (custom)
2019-09-20 00:05:28,653 [pool-433-thread-1] INFO  server.RaftServerConfigKeys (ConfUtils.java:logGet(43)) - raft.server.log.statemachine.data.sync.timeout = 10s (default)
2019-09-20 00:05:28,652 [pool-423-thread-1] INFO  segmented.SegmentedRaftLogWorker (SegmentedRaftLogWorker.java:<init>(172)) - new 41c96ee6-96c4-4c7b-baa5-2410cf13d401@group-6FA78447CFD7-SegmentedRaftLogWorker for RaftStorage:Storage Directory /workdir/hadoop-ozone/integration-test/target/test-dir/MiniOzoneClusterImpl-f43817f8-c2ee-484a-a975-3aa49b4c2d8f/datanode-4/data/ratis/f3efd678-1e7b-4118-bd96-6fa78447cfd7
2019-09-20 00:05:28,653 [pool-433-thread-1] INFO  server.RaftServerConfigKeys (ConfUtils.java:logGet(43)) - raft.server.log.statemachine.data.sync.timeout.retry = -1 (default)
2019-09-20 00:05:28,653 [pool-403-thread-1] INFO  server.RaftServerConfigKeys (ConfUtils.java:logGet(43)) - raft.server.log.queue.element-limit = 1024 (custom)
2019-09-20 00:05:28,653 [pool-433-thread-1] INFO  server.RaftServerConfigKeys (ConfUtils.java:logGet(43)) - raft.server.log.statemachine.data.caching.enabled = true (custom)
2019-09-20 00:05:28,653 [pool-423-thread-1] INFO  server.RaftServerConfigKeys (ConfUtils.java:logGet(43)) - raft.server.log.queue.byte-limit = 2147483647 (custom)
2019-09-20 00:05:28,653 [pool-403-thread-1] INFO  server.RaftServerConfigKeys (ConfUtils.java:logGet(43)) - raft.server.log.segment.size.max = 1048576 (custom)
2019-09-20 00:05:28,654 [pool-433-thread-1] INFO  segmented.SegmentedRaftLogWorker (SegmentedRaftLogWorker.java:lambda$new$0(132)) - 459198ed-48fa-482c-a7b6-3dfc76eaacd2@group-6FA78447CFD7-SegmentedRaftLogWorker: flushIndex: setUnconditionally 0 -> -1
2019-09-20 00:05:28,654 [pool-423-thread-1] INFO  server.RaftServerConfigKeys (ConfUtils.java:logGet(43)) - raft.server.log.queue.element-limit = 1024 (custom)
2019-09-20 00:05:28,654 [pool-403-thread-1] INFO  server.RaftServerConfigKeys (ConfUtils.java:logGet(43)) - raft.server.log.preallocated.size = 16384 (custom)
2019-09-20 00:05:28,654 [pool-433-thread-1] INFO  server.RaftServerConfigKeys (ConfUtils.java:logGet(43)) - raft.server.snapshot.auto.trigger.enabled = true (custom)
2019-09-20 00:05:28,654 [pool-423-thread-1] INFO  server.RaftServerConfigKeys (ConfUtils.java:logGet(43)) - raft.server.log.segment.size.max = 1048576 (custom)
2019-09-20 00:05:28,654 [pool-433-thread-1] INFO  server.RaftServerConfigKeys (ConfUtils.java:logGet(43)) - raft.server.snapshot.auto.trigger.threshold = 10000 (custom)
2019-09-20 00:05:28,654 [pool-403-thread-1] INFO  server.RaftServerConfigKeys (ConfUtils.java:logGet(43)) - raft.server.log.write.buffer.size = 33554432 (custom)
2019-09-20 00:05:28,655 [pool-433-thread-1] INFO  server.RaftServerConfigKeys (ConfUtils.java:logGet(43)) - raft.server.snapshot.retention.num.files = 5 (custom)
2019-09-20 00:05:28,654 [pool-423-thread-1] INFO  server.RaftServerConfigKeys (ConfUtils.java:logGet(43)) - raft.server.log.preallocated.size = 16384 (custom)
2019-09-20 00:05:28,655 [pool-433-thread-1] INFO  server.RaftServerConfigKeys (ConfUtils.java:logGet(43)) - raft.server.retrycache.expirytime = 600000ms (custom)
2019-09-20 00:05:28,655 [pool-403-thread-1] INFO  server.RaftServerConfigKeys (ConfUtils.java:logGet(43)) - raft.server.log.force.sync.num = 128 (default)
2019-09-20 00:05:28,655 [pool-423-thread-1] INFO  server.RaftServerConfigKeys (ConfUtils.java:logGet(43)) - raft.server.log.write.buffer.size = 33554432 (custom)
2019-09-20 00:05:28,655 [pool-403-thread-1] INFO  server.RaftServerConfigKeys (ConfUtils.java:logGet(43)) - raft.server.log.statemachine.data.sync = true (default)
2019-09-20 00:05:28,655 [pool-423-thread-1] INFO  server.RaftServerConfigKeys (ConfUtils.java:logGet(43)) - raft.server.log.force.sync.num = 128 (default)
2019-09-20 00:05:28,655 [pool-403-thread-1] INFO  server.RaftServerConfigKeys (ConfUtils.java:logGet(43)) - raft.server.log.statemachine.data.sync.timeout = 10s (default)
2019-09-20 00:05:28,656 [pool-423-thread-1] INFO  server.RaftServerConfigKeys (ConfUtils.java:logGet(43)) - raft.server.log.statemachine.data.sync = true (default)
2019-09-20 00:05:28,656 [pool-403-thread-1] INFO  server.RaftServerConfigKeys (ConfUtils.java:logGet(43)) - raft.server.log.statemachine.data.sync.timeout.retry = -1 (default)
2019-09-20 00:05:28,656 [pool-423-thread-1] INFO  server.RaftServerConfigKeys (ConfUtils.java:logGet(43)) - raft.server.log.statemachine.data.sync.timeout = 10s (default)
2019-09-20 00:05:28,656 [pool-403-thread-1] INFO  server.RaftServerConfigKeys (ConfUtils.java:logGet(43)) - raft.server.log.statemachine.data.caching.enabled = true (custom)
2019-09-20 00:05:28,656 [pool-423-thread-1] INFO  server.RaftServerConfigKeys (ConfUtils.java:logGet(43)) - raft.server.log.statemachine.data.sync.timeout.retry = -1 (default)
2019-09-20 00:05:28,656 [pool-403-thread-1] INFO  segmented.SegmentedRaftLogWorker (SegmentedRaftLogWorker.java:lambda$new$0(132)) - ea825c9d-8472-466f-bfce-f371396f94a5@group-6FA78447CFD7-SegmentedRaftLogWorker: flushIndex: setUnconditionally 0 -> -1
2019-09-20 00:05:28,656 [pool-423-thread-1] INFO  server.RaftServerConfigKeys (ConfUtils.java:logGet(43)) - raft.server.log.statemachine.data.caching.enabled = true (custom)
2019-09-20 00:05:28,657 [pool-403-thread-1] INFO  server.RaftServerConfigKeys (ConfUtils.java:logGet(43)) - raft.server.snapshot.auto.trigger.enabled = true (custom)
2019-09-20 00:05:28,657 [pool-423-thread-1] INFO  segmented.SegmentedRaftLogWorker (SegmentedRaftLogWorker.java:lambda$new$0(132)) - 41c96ee6-96c4-4c7b-baa5-2410cf13d401@group-6FA78447CFD7-SegmentedRaftLogWorker: flushIndex: setUnconditionally 0 -> -1
2019-09-20 00:05:28,657 [pool-403-thread-1] INFO  server.RaftServerConfigKeys (ConfUtils.java:logGet(43)) - raft.server.snapshot.auto.trigger.threshold = 10000 (custom)
2019-09-20 00:05:28,657 [pool-403-thread-1] INFO  server.RaftServerConfigKeys (ConfUtils.java:logGet(43)) - raft.server.snapshot.retention.num.files = 5 (custom)
2019-09-20 00:05:28,657 [pool-423-thread-1] INFO  server.RaftServerConfigKeys (ConfUtils.java:logGet(43)) - raft.server.snapshot.auto.trigger.enabled = true (custom)
2019-09-20 00:05:28,657 [pool-403-thread-1] INFO  server.RaftServerConfigKeys (ConfUtils.java:logGet(43)) - raft.server.retrycache.expirytime = 600000ms (custom)
2019-09-20 00:05:28,657 [pool-433-thread-1] INFO  impl.RaftServerImpl (RaftServerImpl.java:start(185)) - 459198ed-48fa-482c-a7b6-3dfc76eaacd2@group-6FA78447CFD7: start as a follower, conf=-1: [459198ed-48fa-482c-a7b6-3dfc76eaacd2:192.168.5.182:38296, 41c96ee6-96c4-4c7b-baa5-2410cf13d401:192.168.5.182:45792, ea825c9d-8472-466f-bfce-f371396f94a5:192.168.5.182:42507], old=null
2019-09-20 00:05:28,657 [pool-423-thread-1] INFO  server.RaftServerConfigKeys (ConfUtils.java:logGet(43)) - raft.server.snapshot.auto.trigger.threshold = 10000 (custom)
2019-09-20 00:05:28,657 [pool-433-thread-1] INFO  impl.RaftServerImpl (RaftServerImpl.java:setRole(174)) - 459198ed-48fa-482c-a7b6-3dfc76eaacd2@group-6FA78447CFD7: changes role from      null to FOLLOWER at term 0 for startAsFollower
2019-09-20 00:05:28,658 [pool-423-thread-1] INFO  server.RaftServerConfigKeys (ConfUtils.java:logGet(43)) - raft.server.snapshot.retention.num.files = 5 (custom)
2019-09-20 00:05:28,658 [pool-433-thread-1] INFO  impl.RoleInfo (RoleInfo.java:updateAndGet(143)) - 459198ed-48fa-482c-a7b6-3dfc76eaacd2: start FollowerState
2019-09-20 00:05:28,658 [pool-423-thread-1] INFO  server.RaftServerConfigKeys (ConfUtils.java:logGet(43)) - raft.server.retrycache.expirytime = 600000ms (custom)
2019-09-20 00:05:28,658 [pool-433-thread-1] INFO  util.JmxRegister (JmxRegister.java:tryRegister(44)) - Successfully registered JMX Bean with object name Ratis:service=RaftServer,group=group-6FA78447CFD7,id=459198ed-48fa-482c-a7b6-3dfc76eaacd2
2019-09-20 00:05:28,659 [pool-403-thread-1] INFO  impl.RaftServerImpl (RaftServerImpl.java:start(185)) - ea825c9d-8472-466f-bfce-f371396f94a5@group-6FA78447CFD7: start as a follower, conf=-1: [459198ed-48fa-482c-a7b6-3dfc76eaacd2:192.168.5.182:38296, 41c96ee6-96c4-4c7b-baa5-2410cf13d401:192.168.5.182:45792, ea825c9d-8472-466f-bfce-f371396f94a5:192.168.5.182:42507], old=null
2019-09-20 00:05:28,659 [pool-403-thread-1] INFO  impl.RaftServerImpl (RaftServerImpl.java:setRole(174)) - ea825c9d-8472-466f-bfce-f371396f94a5@group-6FA78447CFD7: changes role from      null to FOLLOWER at term 0 for startAsFollower
2019-09-20 00:05:28,659 [pool-403-thread-1] INFO  impl.RoleInfo (RoleInfo.java:updateAndGet(143)) - ea825c9d-8472-466f-bfce-f371396f94a5: start FollowerState
2019-09-20 00:05:28,660 [pool-403-thread-1] INFO  util.JmxRegister (JmxRegister.java:tryRegister(44)) - Successfully registered JMX Bean with object name Ratis:service=RaftServer,group=group-6FA78447CFD7,id=ea825c9d-8472-466f-bfce-f371396f94a5
2019-09-20 00:05:28,660 [pool-423-thread-1] INFO  impl.RaftServerImpl (RaftServerImpl.java:start(185)) - 41c96ee6-96c4-4c7b-baa5-2410cf13d401@group-6FA78447CFD7: start as a follower, conf=-1: [459198ed-48fa-482c-a7b6-3dfc76eaacd2:192.168.5.182:38296, 41c96ee6-96c4-4c7b-baa5-2410cf13d401:192.168.5.182:45792, ea825c9d-8472-466f-bfce-f371396f94a5:192.168.5.182:42507], old=null
2019-09-20 00:05:28,660 [pool-423-thread-1] INFO  impl.RaftServerImpl (RaftServerImpl.java:setRole(174)) - 41c96ee6-96c4-4c7b-baa5-2410cf13d401@group-6FA78447CFD7: changes role from      null to FOLLOWER at term 0 for startAsFollower
2019-09-20 00:05:28,660 [pool-423-thread-1] INFO  impl.RoleInfo (RoleInfo.java:updateAndGet(143)) - 41c96ee6-96c4-4c7b-baa5-2410cf13d401: start FollowerState
2019-09-20 00:05:28,661 [pool-423-thread-1] INFO  util.JmxRegister (JmxRegister.java:tryRegister(44)) - Successfully registered JMX Bean with object name Ratis:service=RaftServer,group=group-6FA78447CFD7,id=41c96ee6-96c4-4c7b-baa5-2410cf13d401
2019-09-20 00:05:28,663 [RatisPipelineUtilsThread] INFO  pipeline.PipelineStateManager (PipelineStateManager.java:addPipeline(56)) - Created pipeline Pipeline[ Id: f3efd678-1e7b-4118-bd96-6fa78447cfd7, Nodes: ea825c9d-8472-466f-bfce-f371396f94a5{ip: 192.168.5.182, host: pr-hdds-2020-7x4rg-3348829713, networkLocation: /default-rack, certSerialId: null}41c96ee6-96c4-4c7b-baa5-2410cf13d401{ip: 192.168.5.182, host: pr-hdds-2020-7x4rg-3348829713, networkLocation: /default-rack, certSerialId: null}459198ed-48fa-482c-a7b6-3dfc76eaacd2{ip: 192.168.5.182, host: pr-hdds-2020-7x4rg-3348829713, networkLocation: /default-rack, certSerialId: null}, Type:RATIS, Factor:THREE, State:OPEN]
2019-09-20 00:05:28,711 [grpc-default-executor-7] INFO  client.GrpcClientProtocolClient (GrpcClientProtocolClient.java:onNext(264)) - client-6D78C6DD845D->e478c757-b491-4de8-9fe6-50ff52283427: receive RaftClientReply:client-6D78C6DD845D->e478c757-b491-4de8-9fe6-50ff52283427@group-404B6AF39F97, cid=95, FAILED org.apache.ratis.protocol.NotLeaderException: Server e478c757-b491-4de8-9fe6-50ff52283427@group-404B6AF39F97 is not the leader, logIndex=0, commits[e478c757-b491-4de8-9fe6-50ff52283427:c-1]
2019-09-20 00:05:29,475 [Thread-2573] INFO  container.ReplicationManager (ReplicationManager.java:start(162)) - Starting Replication Monitor Thread.
2019-09-20 00:05:29,483 [ReplicationMonitor] INFO  container.ReplicationManager (ReplicationManager.java:run(225)) - Replication Monitor Thread took 0 milliseconds for processing 1 containers.
2019-09-20 00:05:29,760 [grpc-default-executor-7] INFO  client.GrpcClientProtocolClient (GrpcClientProtocolClient.java:onNext(264)) - client-6D78C6DD845D->c0f82a6b-777f-4a03-a589-5864e9160c05: receive RaftClientReply:client-6D78C6DD845D->c0f82a6b-777f-4a03-a589-5864e9160c05@group-404B6AF39F97, cid=95, FAILED org.apache.ratis.protocol.NotLeaderException: Server c0f82a6b-777f-4a03-a589-5864e9160c05@group-404B6AF39F97 is not the leader, logIndex=0, commits[c0f82a6b-777f-4a03-a589-5864e9160c05:c-1]
2019-09-20 00:05:29,871 [Thread-2550] INFO  impl.FollowerState (FollowerState.java:run(106)) - 3d170688-536a-4a66-a9c9-289315ef27c2:group-4DF5A04227EE changes to CANDIDATE, lastRpcTime:5007, electionTimeout:5007ms
2019-09-20 00:05:29,871 [Thread-2550] INFO  impl.RoleInfo (RoleInfo.java:shutdownFollowerState(121)) - 3d170688-536a-4a66-a9c9-289315ef27c2: shutdown FollowerState
2019-09-20 00:05:29,871 [Thread-2550] INFO  impl.RaftServerImpl (RaftServerImpl.java:setRole(174)) - 3d170688-536a-4a66-a9c9-289315ef27c2@group-4DF5A04227EE: changes role from  FOLLOWER to CANDIDATE at term 7 for changeToCandidate
2019-09-20 00:05:29,871 [Thread-2550] INFO  impl.RoleInfo (RoleInfo.java:updateAndGet(143)) - 3d170688-536a-4a66-a9c9-289315ef27c2: start LeaderElection
2019-09-20 00:05:29,890 [Thread-2547] INFO  impl.FollowerState (FollowerState.java:run(106)) - 89de1964-3948-43a8-885a-142089a2f45f:group-032B6602E80F changes to CANDIDATE, lastRpcTime:5028, electionTimeout:5027ms
2019-09-20 00:05:29,890 [Thread-2547] INFO  impl.RoleInfo (RoleInfo.java:shutdownFollowerState(121)) - 89de1964-3948-43a8-885a-142089a2f45f: shutdown FollowerState
2019-09-20 00:05:29,891 [Thread-2547] INFO  impl.RaftServerImpl (RaftServerImpl.java:setRole(174)) - 89de1964-3948-43a8-885a-142089a2f45f@group-032B6602E80F: changes role from  FOLLOWER to CANDIDATE at term 7 for changeToCandidate
2019-09-20 00:05:29,891 [Thread-2547] INFO  impl.RoleInfo (RoleInfo.java:updateAndGet(143)) - 89de1964-3948-43a8-885a-142089a2f45f: start LeaderElection
2019-09-20 00:05:29,901 [Thread-2548] INFO  impl.FollowerState (FollowerState.java:run(106)) - 5f35e7da-28ae-4b25-a1a4-54a4278033f1:group-032B6602E80F changes to CANDIDATE, lastRpcTime:5038, electionTimeout:5038ms
2019-09-20 00:05:29,901 [Thread-2548] INFO  impl.RoleInfo (RoleInfo.java:shutdownFollowerState(121)) - 5f35e7da-28ae-4b25-a1a4-54a4278033f1: shutdown FollowerState
2019-09-20 00:05:29,901 [Thread-2548] INFO  impl.RaftServerImpl (RaftServerImpl.java:setRole(174)) - 5f35e7da-28ae-4b25-a1a4-54a4278033f1@group-032B6602E80F: changes role from  FOLLOWER to CANDIDATE at term 7 for changeToCandidate
2019-09-20 00:05:29,901 [Thread-2548] INFO  impl.RoleInfo (RoleInfo.java:updateAndGet(143)) - 5f35e7da-28ae-4b25-a1a4-54a4278033f1: start LeaderElection
2019-09-20 00:05:29,907 [Thread-2545] INFO  impl.FollowerState (FollowerState.java:run(106)) - c63e7fee-7ebf-4ab3-a82c-403b5cf942fc:group-0BC4DF7BF4D9 changes to CANDIDATE, lastRpcTime:5046, electionTimeout:5046ms
2019-09-20 00:05:29,907 [Thread-2545] INFO  impl.RoleInfo (RoleInfo.java:shutdownFollowerState(121)) - c63e7fee-7ebf-4ab3-a82c-403b5cf942fc: shutdown FollowerState
2019-09-20 00:05:29,908 [Thread-2545] INFO  impl.RaftServerImpl (RaftServerImpl.java:setRole(174)) - c63e7fee-7ebf-4ab3-a82c-403b5cf942fc@group-0BC4DF7BF4D9: changes role from  FOLLOWER to CANDIDATE at term 19 for changeToCandidate
2019-09-20 00:05:29,908 [Thread-2545] INFO  impl.RoleInfo (RoleInfo.java:updateAndGet(143)) - c63e7fee-7ebf-4ab3-a82c-403b5cf942fc: start LeaderElection
2019-09-20 00:05:29,926 [3d170688-536a-4a66-a9c9-289315ef27c2@group-4DF5A04227EE:LeaderElection124] INFO  impl.LeaderElection (LeaderElection.java:askForVotes(182)) - 3d170688-536a-4a66-a9c9-289315ef27c2@group-4DF5A04227EE:LeaderElection124: begin an election at term 8 for -1: [382b0250-a1aa-40f3-882d-cd7fb29de27f:192.168.5.182:40829, f3b156d7-7eb6-46eb-bb34-4a82b6f9f404:192.168.5.182:33815, 3d170688-536a-4a66-a9c9-289315ef27c2:192.168.5.182:32785], old=null
2019-09-20 00:05:29,927 [Thread-2549] INFO  impl.FollowerState (FollowerState.java:run(106)) - 382b0250-a1aa-40f3-882d-cd7fb29de27f:group-4DF5A04227EE changes to CANDIDATE, lastRpcTime:5063, electionTimeout:5063ms
2019-09-20 00:05:29,927 [Thread-2549] INFO  impl.RoleInfo (RoleInfo.java:shutdownFollowerState(121)) - 382b0250-a1aa-40f3-882d-cd7fb29de27f: shutdown FollowerState
2019-09-20 00:05:29,927 [Thread-2549] INFO  impl.RaftServerImpl (RaftServerImpl.java:setRole(174)) - 382b0250-a1aa-40f3-882d-cd7fb29de27f@group-4DF5A04227EE: changes role from  FOLLOWER to CANDIDATE at term 7 for changeToCandidate
2019-09-20 00:05:29,927 [Thread-2549] INFO  impl.RoleInfo (RoleInfo.java:updateAndGet(143)) - 382b0250-a1aa-40f3-882d-cd7fb29de27f: start LeaderElection
2019-09-20 00:05:29,928 [grpc-default-executor-7] INFO  impl.RaftServerImpl (RaftServerImpl.java:setRole(174)) - f3b156d7-7eb6-46eb-bb34-4a82b6f9f404@group-4DF5A04227EE: changes role from  FOLLOWER to FOLLOWER at term 8 for recognizeCandidate:3d170688-536a-4a66-a9c9-289315ef27c2
2019-09-20 00:05:29,928 [grpc-default-executor-7] INFO  impl.RoleInfo (RoleInfo.java:shutdownFollowerState(121)) - f3b156d7-7eb6-46eb-bb34-4a82b6f9f404: shutdown FollowerState
2019-09-20 00:05:29,928 [grpc-default-executor-7] INFO  impl.RoleInfo (RoleInfo.java:updateAndGet(143)) - f3b156d7-7eb6-46eb-bb34-4a82b6f9f404: start FollowerState
2019-09-20 00:05:29,928 [Thread-2546] INFO  impl.FollowerState (FollowerState.java:run(115)) - f3b156d7-7eb6-46eb-bb34-4a82b6f9f404: FollowerState was interrupted: java.lang.InterruptedException: sleep interrupted
2019-09-20 00:05:29,975 [5f35e7da-28ae-4b25-a1a4-54a4278033f1@group-032B6602E80F:LeaderElection126] INFO  impl.LeaderElection (LeaderElection.java:askForVotes(182)) - 5f35e7da-28ae-4b25-a1a4-54a4278033f1@group-032B6602E80F:LeaderElection126: begin an election at term 8 for -1: [7d878657-54f8-4791-978a-386f775e0485:192.168.5.182:36462, 5f35e7da-28ae-4b25-a1a4-54a4278033f1:192.168.5.182:43639, 89de1964-3948-43a8-885a-142089a2f45f:192.168.5.182:39929], old=null
2019-09-20 00:05:29,975 [89de1964-3948-43a8-885a-142089a2f45f@group-032B6602E80F:LeaderElection125] INFO  impl.LeaderElection (LeaderElection.java:askForVotes(182)) - 89de1964-3948-43a8-885a-142089a2f45f@group-032B6602E80F:LeaderElection125: begin an election at term 8 for -1: [7d878657-54f8-4791-978a-386f775e0485:192.168.5.182:36462, 5f35e7da-28ae-4b25-a1a4-54a4278033f1:192.168.5.182:43639, 89de1964-3948-43a8-885a-142089a2f45f:192.168.5.182:39929], old=null
2019-09-20 00:05:29,975 [c63e7fee-7ebf-4ab3-a82c-403b5cf942fc@group-0BC4DF7BF4D9:LeaderElection127] INFO  impl.LeaderElection (LeaderElection.java:askForVotes(182)) - c63e7fee-7ebf-4ab3-a82c-403b5cf942fc@group-0BC4DF7BF4D9:LeaderElection127: begin an election at term 20 for 0: [8f58c883-e4ba-4cdd-8662-08249772462e:192.168.5.182:35458, c63e7fee-7ebf-4ab3-a82c-403b5cf942fc:192.168.5.182:40019, fd99f976-ef3a-47b0-8e0c-a462a244f82b:192.168.5.182:45540], old=null
2019-09-20 00:05:29,976 [c63e7fee-7ebf-4ab3-a82c-403b5cf942fc@group-0BC4DF7BF4D9:LeaderElection127] INFO  impl.LeaderElection (LogUtils.java:infoOrTrace(149)) - c63e7fee-7ebf-4ab3-a82c-403b5cf942fc@group-0BC4DF7BF4D9:LeaderElection127 got exception when requesting votes: {}
java.util.concurrent.ExecutionException: org.apache.ratis.thirdparty.io.grpc.StatusRuntimeException: UNAVAILABLE: io exception
	at java.util.concurrent.FutureTask.report(FutureTask.java:122)
	at java.util.concurrent.FutureTask.get(FutureTask.java:192)
	at org.apache.ratis.server.impl.LeaderElection.waitForResults(LeaderElection.java:263)
	at org.apache.ratis.server.impl.LeaderElection.askForVotes(LeaderElection.java:201)
	at org.apache.ratis.server.impl.LeaderElection.run(LeaderElection.java:133)
	at java.lang.Thread.run(Thread.java:748)
Caused by: org.apache.ratis.thirdparty.io.grpc.StatusRuntimeException: UNAVAILABLE: io exception
	at org.apache.ratis.thirdparty.io.grpc.stub.ClientCalls.toStatusRuntimeException(ClientCalls.java:233)
	at org.apache.ratis.thirdparty.io.grpc.stub.ClientCalls.getUnchecked(ClientCalls.java:214)
	at org.apache.ratis.thirdparty.io.grpc.stub.ClientCalls.blockingUnaryCall(ClientCalls.java:139)
	at org.apache.ratis.proto.grpc.RaftServerProtocolServiceGrpc$RaftServerProtocolServiceBlockingStub.requestVote(RaftServerProtocolServiceGrpc.java:265)
	at org.apache.ratis.grpc.server.GrpcServerProtocolClient.requestVote(GrpcServerProtocolClient.java:90)
	at org.apache.ratis.grpc.server.GrpcService.requestVote(GrpcService.java:204)
	at org.apache.ratis.server.impl.LeaderElection.lambda$submitRequests$1(LeaderElection.java:238)
	at java.util.concurrent.FutureTask.run(FutureTask.java:266)
	at java.util.concurrent.Executors$RunnableAdapter.call(Executors.java:511)
	at java.util.concurrent.FutureTask.run(FutureTask.java:266)
	at java.util.concurrent.ThreadPoolExecutor.runWorker(ThreadPoolExecutor.java:1149)
	at java.util.concurrent.ThreadPoolExecutor$Worker.run(ThreadPoolExecutor.java:624)
	... 1 more
Caused by: org.apache.ratis.thirdparty.io.netty.channel.AbstractChannel$AnnotatedConnectException: Connection refused: /192.168.5.182:35458
	at sun.nio.ch.SocketChannelImpl.checkConnect(Native Method)
	at sun.nio.ch.SocketChannelImpl.finishConnect(SocketChannelImpl.java:717)
	at org.apache.ratis.thirdparty.io.netty.channel.socket.nio.NioSocketChannel.doFinishConnect(NioSocketChannel.java:327)
	at org.apache.ratis.thirdparty.io.netty.channel.nio.AbstractNioChannel$AbstractNioUnsafe.finishConnect(AbstractNioChannel.java:340)
	at org.apache.ratis.thirdparty.io.netty.channel.nio.NioEventLoop.processSelectedKey(NioEventLoop.java:632)
	at org.apache.ratis.thirdparty.io.netty.channel.nio.NioEventLoop.processSelectedKeysOptimized(NioEventLoop.java:579)
	at org.apache.ratis.thirdparty.io.netty.channel.nio.NioEventLoop.processSelectedKeys(NioEventLoop.java:496)
	at org.apache.ratis.thirdparty.io.netty.channel.nio.NioEventLoop.run(NioEventLoop.java:458)
	at org.apache.ratis.thirdparty.io.netty.util.concurrent.SingleThreadEventExecutor$5.run(SingleThreadEventExecutor.java:897)
	at org.apache.ratis.thirdparty.io.netty.util.concurrent.FastThreadLocalRunnable.run(FastThreadLocalRunnable.java:30)
	... 1 more
Caused by: java.net.ConnectException: Connection refused
	... 11 more
2019-09-20 00:05:29,982 [c63e7fee-7ebf-4ab3-a82c-403b5cf942fc@group-0BC4DF7BF4D9:LeaderElection127] INFO  impl.LeaderElection (LogUtils.java:infoOrTrace(149)) - c63e7fee-7ebf-4ab3-a82c-403b5cf942fc@group-0BC4DF7BF4D9:LeaderElection127 got exception when requesting votes: {}
java.util.concurrent.ExecutionException: org.apache.ratis.thirdparty.io.grpc.StatusRuntimeException: UNAVAILABLE: io exception
	at java.util.concurrent.FutureTask.report(FutureTask.java:122)
	at java.util.concurrent.FutureTask.get(FutureTask.java:192)
	at org.apache.ratis.server.impl.LeaderElection.waitForResults(LeaderElection.java:263)
	at org.apache.ratis.server.impl.LeaderElection.askForVotes(LeaderElection.java:201)
	at org.apache.ratis.server.impl.LeaderElection.run(LeaderElection.java:133)
	at java.lang.Thread.run(Thread.java:748)
Caused by: org.apache.ratis.thirdparty.io.grpc.StatusRuntimeException: UNAVAILABLE: io exception
	at org.apache.ratis.thirdparty.io.grpc.stub.ClientCalls.toStatusRuntimeException(ClientCalls.java:233)
	at org.apache.ratis.thirdparty.io.grpc.stub.ClientCalls.getUnchecked(ClientCalls.java:214)
	at org.apache.ratis.thirdparty.io.grpc.stub.ClientCalls.blockingUnaryCall(ClientCalls.java:139)
	at org.apache.ratis.proto.grpc.RaftServerProtocolServiceGrpc$RaftServerProtocolServiceBlockingStub.requestVote(RaftServerProtocolServiceGrpc.java:265)
	at org.apache.ratis.grpc.server.GrpcServerProtocolClient.requestVote(GrpcServerProtocolClient.java:90)
	at org.apache.ratis.grpc.server.GrpcService.requestVote(GrpcService.java:204)
	at org.apache.ratis.server.impl.LeaderElection.lambda$submitRequests$1(LeaderElection.java:238)
	at java.util.concurrent.FutureTask.run(FutureTask.java:266)
	at java.util.concurrent.Executors$RunnableAdapter.call(Executors.java:511)
	at java.util.concurrent.FutureTask.run(FutureTask.java:266)
	at java.util.concurrent.ThreadPoolExecutor.runWorker(ThreadPoolExecutor.java:1149)
	at java.util.concurrent.ThreadPoolExecutor$Worker.run(ThreadPoolExecutor.java:624)
	... 1 more
Caused by: org.apache.ratis.thirdparty.io.netty.channel.AbstractChannel$AnnotatedConnectException: Connection refused: /192.168.5.182:45540
	at sun.nio.ch.SocketChannelImpl.checkConnect(Native Method)
	at sun.nio.ch.SocketChannelImpl.finishConnect(SocketChannelImpl.java:717)
	at org.apache.ratis.thirdparty.io.netty.channel.socket.nio.NioSocketChannel.doFinishConnect(NioSocketChannel.java:327)
	at org.apache.ratis.thirdparty.io.netty.channel.nio.AbstractNioChannel$AbstractNioUnsafe.finishConnect(AbstractNioChannel.java:340)
	at org.apache.ratis.thirdparty.io.netty.channel.nio.NioEventLoop.processSelectedKey(NioEventLoop.java:632)
	at org.apache.ratis.thirdparty.io.netty.channel.nio.NioEventLoop.processSelectedKeysOptimized(NioEventLoop.java:579)
	at org.apache.ratis.thirdparty.io.netty.channel.nio.NioEventLoop.processSelectedKeys(NioEventLoop.java:496)
	at org.apache.ratis.thirdparty.io.netty.channel.nio.NioEventLoop.run(NioEventLoop.java:458)
	at org.apache.ratis.thirdparty.io.netty.util.concurrent.SingleThreadEventExecutor$5.run(SingleThreadEventExecutor.java:897)
	at org.apache.ratis.thirdparty.io.netty.util.concurrent.FastThreadLocalRunnable.run(FastThreadLocalRunnable.java:30)
	... 1 more
Caused by: java.net.ConnectException: Connection refused
	... 11 more
2019-09-20 00:05:29,982 [grpc-default-executor-1] INFO  impl.RaftServerImpl (RaftServerImpl.java:setRole(174)) - 7d878657-54f8-4791-978a-386f775e0485@group-032B6602E80F: changes role from  FOLLOWER to FOLLOWER at term 8 for recognizeCandidate:5f35e7da-28ae-4b25-a1a4-54a4278033f1
2019-09-20 00:05:29,987 [c63e7fee-7ebf-4ab3-a82c-403b5cf942fc@group-0BC4DF7BF4D9:LeaderElection127] INFO  impl.LeaderElection (LeaderElection.java:logAndReturn(56)) - c63e7fee-7ebf-4ab3-a82c-403b5cf942fc@group-0BC4DF7BF4D9:LeaderElection127: Election REJECTED; received 0 response(s) [] and 2 exception(s); c63e7fee-7ebf-4ab3-a82c-403b5cf942fc@group-0BC4DF7BF4D9:t20, leader=null, voted=c63e7fee-7ebf-4ab3-a82c-403b5cf942fc, raftlog=c63e7fee-7ebf-4ab3-a82c-403b5cf942fc@group-0BC4DF7BF4D9-SegmentedRaftLog:OPENED:c2,f2,i2, conf=0: [8f58c883-e4ba-4cdd-8662-08249772462e:192.168.5.182:35458, c63e7fee-7ebf-4ab3-a82c-403b5cf942fc:192.168.5.182:40019, fd99f976-ef3a-47b0-8e0c-a462a244f82b:192.168.5.182:45540], old=null
2019-09-20 00:05:29,987 [grpc-default-executor-1] INFO  impl.RoleInfo (RoleInfo.java:shutdownFollowerState(121)) - 7d878657-54f8-4791-978a-386f775e0485: shutdown FollowerState
2019-09-20 00:05:29,988 [c63e7fee-7ebf-4ab3-a82c-403b5cf942fc@group-0BC4DF7BF4D9:LeaderElection127] INFO  impl.LeaderElection (LogUtils.java:infoOrTrace(149)) -   Exception 0: {}
java.util.concurrent.ExecutionException: org.apache.ratis.thirdparty.io.grpc.StatusRuntimeException: UNAVAILABLE: io exception
	at java.util.concurrent.FutureTask.report(FutureTask.java:122)
	at java.util.concurrent.FutureTask.get(FutureTask.java:192)
	at org.apache.ratis.server.impl.LeaderElection.waitForResults(LeaderElection.java:263)
	at org.apache.ratis.server.impl.LeaderElection.askForVotes(LeaderElection.java:201)
	at org.apache.ratis.server.impl.LeaderElection.run(LeaderElection.java:133)
	at java.lang.Thread.run(Thread.java:748)
Caused by: org.apache.ratis.thirdparty.io.grpc.StatusRuntimeException: UNAVAILABLE: io exception
	at org.apache.ratis.thirdparty.io.grpc.stub.ClientCalls.toStatusRuntimeException(ClientCalls.java:233)
	at org.apache.ratis.thirdparty.io.grpc.stub.ClientCalls.getUnchecked(ClientCalls.java:214)
	at org.apache.ratis.thirdparty.io.grpc.stub.ClientCalls.blockingUnaryCall(ClientCalls.java:139)
	at org.apache.ratis.proto.grpc.RaftServerProtocolServiceGrpc$RaftServerProtocolServiceBlockingStub.requestVote(RaftServerProtocolServiceGrpc.java:265)
	at org.apache.ratis.grpc.server.GrpcServerProtocolClient.requestVote(GrpcServerProtocolClient.java:90)
	at org.apache.ratis.grpc.server.GrpcService.requestVote(GrpcService.java:204)
	at org.apache.ratis.server.impl.LeaderElection.lambda$submitRequests$1(LeaderElection.java:238)
	at java.util.concurrent.FutureTask.run(FutureTask.java:266)
	at java.util.concurrent.Executors$RunnableAdapter.call(Executors.java:511)
	at java.util.concurrent.FutureTask.run(FutureTask.java:266)
	at java.util.concurrent.ThreadPoolExecutor.runWorker(ThreadPoolExecutor.java:1149)
	at java.util.concurrent.ThreadPoolExecutor$Worker.run(ThreadPoolExecutor.java:624)
	... 1 more
Caused by: org.apache.ratis.thirdparty.io.netty.channel.AbstractChannel$AnnotatedConnectException: Connection refused: /192.168.5.182:35458
	at sun.nio.ch.SocketChannelImpl.checkConnect(Native Method)
	at sun.nio.ch.SocketChannelImpl.finishConnect(SocketChannelImpl.java:717)
	at org.apache.ratis.thirdparty.io.netty.channel.socket.nio.NioSocketChannel.doFinishConnect(NioSocketChannel.java:327)
	at org.apache.ratis.thirdparty.io.netty.channel.nio.AbstractNioChannel$AbstractNioUnsafe.finishConnect(AbstractNioChannel.java:340)
	at org.apache.ratis.thirdparty.io.netty.channel.nio.NioEventLoop.processSelectedKey(NioEventLoop.java:632)
	at org.apache.ratis.thirdparty.io.netty.channel.nio.NioEventLoop.processSelectedKeysOptimized(NioEventLoop.java:579)
	at org.apache.ratis.thirdparty.io.netty.channel.nio.NioEventLoop.processSelectedKeys(NioEventLoop.java:496)
	at org.apache.ratis.thirdparty.io.netty.channel.nio.NioEventLoop.run(NioEventLoop.java:458)
	at org.apache.ratis.thirdparty.io.netty.util.concurrent.SingleThreadEventExecutor$5.run(SingleThreadEventExecutor.java:897)
	at org.apache.ratis.thirdparty.io.netty.util.concurrent.FastThreadLocalRunnable.run(FastThreadLocalRunnable.java:30)
	... 1 more
Caused by: java.net.ConnectException: Connection refused
	... 11 more
2019-09-20 00:05:29,988 [Thread-2551] INFO  impl.FollowerState (FollowerState.java:run(115)) - 7d878657-54f8-4791-978a-386f775e0485: FollowerState was interrupted: java.lang.InterruptedException: sleep interrupted
2019-09-20 00:05:29,988 [grpc-default-executor-1] INFO  impl.RoleInfo (RoleInfo.java:updateAndGet(143)) - 7d878657-54f8-4791-978a-386f775e0485: start FollowerState
2019-09-20 00:05:29,988 [c63e7fee-7ebf-4ab3-a82c-403b5cf942fc@group-0BC4DF7BF4D9:LeaderElection127] INFO  impl.LeaderElection (LogUtils.java:infoOrTrace(149)) -   Exception 1: {}
java.util.concurrent.ExecutionException: org.apache.ratis.thirdparty.io.grpc.StatusRuntimeException: UNAVAILABLE: io exception
	at java.util.concurrent.FutureTask.report(FutureTask.java:122)
	at java.util.concurrent.FutureTask.get(FutureTask.java:192)
	at org.apache.ratis.server.impl.LeaderElection.waitForResults(LeaderElection.java:263)
	at org.apache.ratis.server.impl.LeaderElection.askForVotes(LeaderElection.java:201)
	at org.apache.ratis.server.impl.LeaderElection.run(LeaderElection.java:133)
	at java.lang.Thread.run(Thread.java:748)
Caused by: org.apache.ratis.thirdparty.io.grpc.StatusRuntimeException: UNAVAILABLE: io exception
	at org.apache.ratis.thirdparty.io.grpc.stub.ClientCalls.toStatusRuntimeException(ClientCalls.java:233)
	at org.apache.ratis.thirdparty.io.grpc.stub.ClientCalls.getUnchecked(ClientCalls.java:214)
	at org.apache.ratis.thirdparty.io.grpc.stub.ClientCalls.blockingUnaryCall(ClientCalls.java:139)
	at org.apache.ratis.proto.grpc.RaftServerProtocolServiceGrpc$RaftServerProtocolServiceBlockingStub.requestVote(RaftServerProtocolServiceGrpc.java:265)
	at org.apache.ratis.grpc.server.GrpcServerProtocolClient.requestVote(GrpcServerProtocolClient.java:90)
	at org.apache.ratis.grpc.server.GrpcService.requestVote(GrpcService.java:204)
	at org.apache.ratis.server.impl.LeaderElection.lambda$submitRequests$1(LeaderElection.java:238)
	at java.util.concurrent.FutureTask.run(FutureTask.java:266)
	at java.util.concurrent.Executors$RunnableAdapter.call(Executors.java:511)
	at java.util.concurrent.FutureTask.run(FutureTask.java:266)
	at java.util.concurrent.ThreadPoolExecutor.runWorker(ThreadPoolExecutor.java:1149)
	at java.util.concurrent.ThreadPoolExecutor$Worker.run(ThreadPoolExecutor.java:624)
	... 1 more
Caused by: org.apache.ratis.thirdparty.io.netty.channel.AbstractChannel$AnnotatedConnectException: Connection refused: /192.168.5.182:45540
	at sun.nio.ch.SocketChannelImpl.checkConnect(Native Method)
	at sun.nio.ch.SocketChannelImpl.finishConnect(SocketChannelImpl.java:717)
	at org.apache.ratis.thirdparty.io.netty.channel.socket.nio.NioSocketChannel.doFinishConnect(NioSocketChannel.java:327)
	at org.apache.ratis.thirdparty.io.netty.channel.nio.AbstractNioChannel$AbstractNioUnsafe.finishConnect(AbstractNioChannel.java:340)
	at org.apache.ratis.thirdparty.io.netty.channel.nio.NioEventLoop.processSelectedKey(NioEventLoop.java:632)
	at org.apache.ratis.thirdparty.io.netty.channel.nio.NioEventLoop.processSelectedKeysOptimized(NioEventLoop.java:579)
	at org.apache.ratis.thirdparty.io.netty.channel.nio.NioEventLoop.processSelectedKeys(NioEventLoop.java:496)
	at org.apache.ratis.thirdparty.io.netty.channel.nio.NioEventLoop.run(NioEventLoop.java:458)
	at org.apache.ratis.thirdparty.io.netty.util.concurrent.SingleThreadEventExecutor$5.run(SingleThreadEventExecutor.java:897)
	at org.apache.ratis.thirdparty.io.netty.util.concurrent.FastThreadLocalRunnable.run(FastThreadLocalRunnable.java:30)
	... 1 more
Caused by: java.net.ConnectException: Connection refused
	... 11 more
2019-09-20 00:05:29,989 [c63e7fee-7ebf-4ab3-a82c-403b5cf942fc@group-0BC4DF7BF4D9:LeaderElection127] INFO  impl.RaftServerImpl (RaftServerImpl.java:setRole(174)) - c63e7fee-7ebf-4ab3-a82c-403b5cf942fc@group-0BC4DF7BF4D9: changes role from CANDIDATE to FOLLOWER at term 20 for DISCOVERED_A_NEW_TERM
2019-09-20 00:05:29,989 [c63e7fee-7ebf-4ab3-a82c-403b5cf942fc@group-0BC4DF7BF4D9:LeaderElection127] INFO  impl.RoleInfo (RoleInfo.java:shutdownLeaderElection(134)) - c63e7fee-7ebf-4ab3-a82c-403b5cf942fc: shutdown LeaderElection
2019-09-20 00:05:29,989 [c63e7fee-7ebf-4ab3-a82c-403b5cf942fc@group-0BC4DF7BF4D9:LeaderElection127] INFO  impl.RoleInfo (RoleInfo.java:updateAndGet(143)) - c63e7fee-7ebf-4ab3-a82c-403b5cf942fc: start FollowerState
2019-09-20 00:05:30,559 [382b0250-a1aa-40f3-882d-cd7fb29de27f@group-4DF5A04227EE:LeaderElection128] INFO  impl.LeaderElection (LeaderElection.java:askForVotes(182)) - 382b0250-a1aa-40f3-882d-cd7fb29de27f@group-4DF5A04227EE:LeaderElection128: begin an election at term 8 for -1: [382b0250-a1aa-40f3-882d-cd7fb29de27f:192.168.5.182:40829, f3b156d7-7eb6-46eb-bb34-4a82b6f9f404:192.168.5.182:33815, 3d170688-536a-4a66-a9c9-289315ef27c2:192.168.5.182:32785], old=null
2019-09-20 00:05:30,560 [3d170688-536a-4a66-a9c9-289315ef27c2@group-4DF5A04227EE:LeaderElection124] INFO  impl.LeaderElection (LeaderElection.java:logAndReturn(56)) - 3d170688-536a-4a66-a9c9-289315ef27c2@group-4DF5A04227EE:LeaderElection124: Election PASSED; received 1 response(s) [3d170688-536a-4a66-a9c9-289315ef27c2<-f3b156d7-7eb6-46eb-bb34-4a82b6f9f404#0:OK-t8] and 0 exception(s); 3d170688-536a-4a66-a9c9-289315ef27c2@group-4DF5A04227EE:t8, leader=null, voted=3d170688-536a-4a66-a9c9-289315ef27c2, raftlog=3d170688-536a-4a66-a9c9-289315ef27c2@group-4DF5A04227EE-SegmentedRaftLog:OPENED:c-1,f-1,i0, conf=-1: [382b0250-a1aa-40f3-882d-cd7fb29de27f:192.168.5.182:40829, f3b156d7-7eb6-46eb-bb34-4a82b6f9f404:192.168.5.182:33815, 3d170688-536a-4a66-a9c9-289315ef27c2:192.168.5.182:32785], old=null
2019-09-20 00:05:30,560 [3d170688-536a-4a66-a9c9-289315ef27c2@group-4DF5A04227EE:LeaderElection124] INFO  impl.RoleInfo (RoleInfo.java:shutdownLeaderElection(134)) - 3d170688-536a-4a66-a9c9-289315ef27c2: shutdown LeaderElection
2019-09-20 00:05:30,561 [3d170688-536a-4a66-a9c9-289315ef27c2@group-4DF5A04227EE:LeaderElection124] INFO  impl.RaftServerImpl (RaftServerImpl.java:setRole(174)) - 3d170688-536a-4a66-a9c9-289315ef27c2@group-4DF5A04227EE: changes role from CANDIDATE to LEADER at term 8 for changeToLeader
2019-09-20 00:05:30,561 [3d170688-536a-4a66-a9c9-289315ef27c2@group-4DF5A04227EE:LeaderElection124] INFO  impl.RaftServerImpl (ServerState.java:setLeader(253)) - 3d170688-536a-4a66-a9c9-289315ef27c2@group-4DF5A04227EE: change Leader from null to 3d170688-536a-4a66-a9c9-289315ef27c2 at term 8 for becomeLeader, leader elected after 56241ms
2019-09-20 00:05:30,561 [3d170688-536a-4a66-a9c9-289315ef27c2@group-4DF5A04227EE:LeaderElection124] INFO  server.RaftServerConfigKeys (ConfUtils.java:logGet(43)) - raft.server.staging.catchup.gap = 1000 (default)
2019-09-20 00:05:30,561 [3d170688-536a-4a66-a9c9-289315ef27c2@group-4DF5A04227EE:LeaderElection124] INFO  server.RaftServerConfigKeys (ConfUtils.java:logGet(43)) - raft.server.rpc.sleep.time = 25ms (default)
2019-09-20 00:05:30,561 [3d170688-536a-4a66-a9c9-289315ef27c2@group-4DF5A04227EE:LeaderElection124] INFO  server.RaftServerConfigKeys (ConfUtils.java:logGet(43)) - raft.server.write.element-limit = 4096 (default)
2019-09-20 00:05:30,562 [3d170688-536a-4a66-a9c9-289315ef27c2@group-4DF5A04227EE:LeaderElection124] INFO  server.RaftServerConfigKeys (ConfUtils.java:logGet(43)) - raft.server.watch.timeout = 10s (default)
2019-09-20 00:05:30,562 [3d170688-536a-4a66-a9c9-289315ef27c2@group-4DF5A04227EE:LeaderElection124] INFO  server.RaftServerConfigKeys (ConfUtils.java:logGet(43)) - raft.server.watch.timeout.denomination = 1s (default)
2019-09-20 00:05:30,562 [3d170688-536a-4a66-a9c9-289315ef27c2@group-4DF5A04227EE:LeaderElection124] INFO  server.RaftServerConfigKeys (ConfUtils.java:logGet(43)) - raft.server.watch.element-limit = 65536 (default)
2019-09-20 00:05:30,564 [3d170688-536a-4a66-a9c9-289315ef27c2@group-4DF5A04227EE:LeaderElection124] INFO  server.RaftServerConfigKeys (ConfUtils.java:logGet(43)) - raft.server.log.appender.snapshot.chunk.size.max = 16MB (=16777216) (default)
2019-09-20 00:05:30,564 [3d170688-536a-4a66-a9c9-289315ef27c2@group-4DF5A04227EE:LeaderElection124] INFO  server.RaftServerConfigKeys (ConfUtils.java:logGet(43)) - raft.server.log.appender.buffer.byte-limit = 33554432 (custom)
2019-09-20 00:05:30,564 [3d170688-536a-4a66-a9c9-289315ef27c2@group-4DF5A04227EE:LeaderElection124] INFO  server.RaftServerConfigKeys (ConfUtils.java:logGet(43)) - raft.server.log.appender.buffer.element-limit = 1 (custom)
2019-09-20 00:05:30,565 [3d170688-536a-4a66-a9c9-289315ef27c2@group-4DF5A04227EE:LeaderElection124] INFO  grpc.GrpcConfigKeys$Server (ConfUtils.java:logGet(43)) - raft.grpc.server.leader.outstanding.appends.max = 128 (default)
2019-09-20 00:05:30,565 [3d170688-536a-4a66-a9c9-289315ef27c2@group-4DF5A04227EE:LeaderElection124] INFO  server.RaftServerConfigKeys (ConfUtils.java:logGet(43)) - raft.server.rpc.request.timeout = 3000ms (default)
2019-09-20 00:05:30,565 [3d170688-536a-4a66-a9c9-289315ef27c2@group-4DF5A04227EE:LeaderElection124] INFO  server.RaftServerConfigKeys (ConfUtils.java:logGet(43)) - raft.server.log.appender.install.snapshot.enabled = false (custom)
2019-09-20 00:05:30,565 [3d170688-536a-4a66-a9c9-289315ef27c2@group-4DF5A04227EE:LeaderElection124] INFO  server.RaftServerConfigKeys (ConfUtils.java:logGet(43)) - raft.server.log.appender.snapshot.chunk.size.max = 16MB (=16777216) (default)
2019-09-20 00:05:30,565 [3d170688-536a-4a66-a9c9-289315ef27c2@group-4DF5A04227EE:LeaderElection124] INFO  server.RaftServerConfigKeys (ConfUtils.java:logGet(43)) - raft.server.log.appender.buffer.byte-limit = 33554432 (custom)
2019-09-20 00:05:30,565 [3d170688-536a-4a66-a9c9-289315ef27c2@group-4DF5A04227EE:LeaderElection124] INFO  server.RaftServerConfigKeys (ConfUtils.java:logGet(43)) - raft.server.log.appender.buffer.element-limit = 1 (custom)
2019-09-20 00:05:30,566 [3d170688-536a-4a66-a9c9-289315ef27c2@group-4DF5A04227EE:LeaderElection124] INFO  grpc.GrpcConfigKeys$Server (ConfUtils.java:logGet(43)) - raft.grpc.server.leader.outstanding.appends.max = 128 (default)
2019-09-20 00:05:30,566 [3d170688-536a-4a66-a9c9-289315ef27c2@group-4DF5A04227EE:LeaderElection124] INFO  server.RaftServerConfigKeys (ConfUtils.java:logGet(43)) - raft.server.rpc.request.timeout = 3000ms (default)
2019-09-20 00:05:30,566 [3d170688-536a-4a66-a9c9-289315ef27c2@group-4DF5A04227EE:LeaderElection124] INFO  server.RaftServerConfigKeys (ConfUtils.java:logGet(43)) - raft.server.log.appender.install.snapshot.enabled = false (custom)
2019-09-20 00:05:30,566 [3d170688-536a-4a66-a9c9-289315ef27c2@group-4DF5A04227EE:LeaderElection124] INFO  impl.RoleInfo (RoleInfo.java:updateAndGet(143)) - 3d170688-536a-4a66-a9c9-289315ef27c2: start LeaderState
2019-09-20 00:05:30,566 [3d170688-536a-4a66-a9c9-289315ef27c2@group-4DF5A04227EE:LeaderElection124] INFO  segmented.SegmentedRaftLogWorker (SegmentedRaftLogWorker.java:startLogSegment(380)) - 3d170688-536a-4a66-a9c9-289315ef27c2@group-4DF5A04227EE-SegmentedRaftLogWorker: Starting segment from index:0
2019-09-20 00:05:30,567 [3d170688-536a-4a66-a9c9-289315ef27c2@group-4DF5A04227EE:LeaderElection124] INFO  impl.RaftServerImpl (ServerState.java:setRaftConf(354)) - 3d170688-536a-4a66-a9c9-289315ef27c2@group-4DF5A04227EE: set configuration 0: [382b0250-a1aa-40f3-882d-cd7fb29de27f:192.168.5.182:40829, f3b156d7-7eb6-46eb-bb34-4a82b6f9f404:192.168.5.182:33815, 3d170688-536a-4a66-a9c9-289315ef27c2:192.168.5.182:32785], old=null at 0
2019-09-20 00:05:30,567 [grpc-default-executor-7] INFO  impl.RaftServerImpl (RaftServerImpl.java:requestVote(758)) - 3d170688-536a-4a66-a9c9-289315ef27c2@group-4DF5A04227EE-   LEADER: Withhold vote from candidate 382b0250-a1aa-40f3-882d-cd7fb29de27f with term 8. State: leader=3d170688-536a-4a66-a9c9-289315ef27c2, term=8, lastRpcElapsed=null
2019-09-20 00:05:30,568 [grpc-default-executor-7] INFO  impl.RaftServerImpl (RaftServerImpl.java:setRole(174)) - 382b0250-a1aa-40f3-882d-cd7fb29de27f@group-4DF5A04227EE: changes role from CANDIDATE to FOLLOWER at term 8 for appendEntries
2019-09-20 00:05:30,568 [382b0250-a1aa-40f3-882d-cd7fb29de27f@group-4DF5A04227EE:LeaderElection128] INFO  impl.LeaderElection (LeaderElection.java:logAndReturn(56)) - 382b0250-a1aa-40f3-882d-cd7fb29de27f@group-4DF5A04227EE:LeaderElection128: Election REJECTED; received 2 response(s) [382b0250-a1aa-40f3-882d-cd7fb29de27f<-f3b156d7-7eb6-46eb-bb34-4a82b6f9f404#0:FAIL-t8, 382b0250-a1aa-40f3-882d-cd7fb29de27f<-3d170688-536a-4a66-a9c9-289315ef27c2#0:FAIL-t8] and 0 exception(s); 382b0250-a1aa-40f3-882d-cd7fb29de27f@group-4DF5A04227EE:t8, leader=null, voted=382b0250-a1aa-40f3-882d-cd7fb29de27f, raftlog=382b0250-a1aa-40f3-882d-cd7fb29de27f@group-4DF5A04227EE-SegmentedRaftLog:OPENED:c-1,f-1,i0, conf=-1: [382b0250-a1aa-40f3-882d-cd7fb29de27f:192.168.5.182:40829, f3b156d7-7eb6-46eb-bb34-4a82b6f9f404:192.168.5.182:33815, 3d170688-536a-4a66-a9c9-289315ef27c2:192.168.5.182:32785], old=null
2019-09-20 00:05:30,568 [grpc-default-executor-6] INFO  impl.RaftServerImpl (ServerState.java:setLeader(253)) - f3b156d7-7eb6-46eb-bb34-4a82b6f9f404@group-4DF5A04227EE: change Leader from null to 3d170688-536a-4a66-a9c9-289315ef27c2 at term 8 for appendEntries, leader elected after 56249ms
2019-09-20 00:05:30,568 [grpc-default-executor-7] INFO  impl.RoleInfo (RoleInfo.java:shutdownLeaderElection(134)) - 382b0250-a1aa-40f3-882d-cd7fb29de27f: shutdown LeaderElection
2019-09-20 00:05:30,569 [grpc-default-executor-7] INFO  impl.RoleInfo (RoleInfo.java:updateAndGet(143)) - 382b0250-a1aa-40f3-882d-cd7fb29de27f: start FollowerState
2019-09-20 00:05:30,569 [grpc-default-executor-7] INFO  impl.RaftServerImpl (ServerState.java:setLeader(253)) - 382b0250-a1aa-40f3-882d-cd7fb29de27f@group-4DF5A04227EE: change Leader from null to 3d170688-536a-4a66-a9c9-289315ef27c2 at term 8 for appendEntries, leader elected after 56250ms
2019-09-20 00:05:30,570 [grpc-default-executor-7] INFO  impl.RaftServerImpl (ServerState.java:setRaftConf(354)) - f3b156d7-7eb6-46eb-bb34-4a82b6f9f404@group-4DF5A04227EE: set configuration 0: [382b0250-a1aa-40f3-882d-cd7fb29de27f:192.168.5.182:40829, f3b156d7-7eb6-46eb-bb34-4a82b6f9f404:192.168.5.182:33815, 3d170688-536a-4a66-a9c9-289315ef27c2:192.168.5.182:32785], old=null at 0
2019-09-20 00:05:30,570 [grpc-default-executor-7] INFO  segmented.SegmentedRaftLogWorker (SegmentedRaftLogWorker.java:startLogSegment(380)) - f3b156d7-7eb6-46eb-bb34-4a82b6f9f404@group-4DF5A04227EE-SegmentedRaftLogWorker: Starting segment from index:0
2019-09-20 00:05:30,570 [grpc-default-executor-6] INFO  impl.RaftServerImpl (ServerState.java:setRaftConf(354)) - 382b0250-a1aa-40f3-882d-cd7fb29de27f@group-4DF5A04227EE: set configuration 0: [382b0250-a1aa-40f3-882d-cd7fb29de27f:192.168.5.182:40829, f3b156d7-7eb6-46eb-bb34-4a82b6f9f404:192.168.5.182:33815, 3d170688-536a-4a66-a9c9-289315ef27c2:192.168.5.182:32785], old=null at 0
2019-09-20 00:05:30,571 [grpc-default-executor-6] INFO  segmented.SegmentedRaftLogWorker (SegmentedRaftLogWorker.java:startLogSegment(380)) - 382b0250-a1aa-40f3-882d-cd7fb29de27f@group-4DF5A04227EE-SegmentedRaftLogWorker: Starting segment from index:0
2019-09-20 00:05:30,788 [grpc-default-executor-6] INFO  client.GrpcClientProtocolClient (GrpcClientProtocolClient.java:onNext(264)) - client-6D78C6DD845D->6442c8d3-568b-44b3-ac93-354b648680f1: receive RaftClientReply:client-6D78C6DD845D->6442c8d3-568b-44b3-ac93-354b648680f1@group-404B6AF39F97, cid=95, FAILED org.apache.ratis.protocol.NotLeaderException: Server 6442c8d3-568b-44b3-ac93-354b648680f1@group-404B6AF39F97 is not the leader, logIndex=0, commits[6442c8d3-568b-44b3-ac93-354b648680f1:c-1]
2019-09-20 00:05:31,069 [3d170688-536a-4a66-a9c9-289315ef27c2@group-4DF5A04227EE-SegmentedRaftLogWorker] INFO  segmented.SegmentedRaftLogWorker (SegmentedRaftLogWorker.java:execute(569)) - 3d170688-536a-4a66-a9c9-289315ef27c2@group-4DF5A04227EE-SegmentedRaftLogWorker: created new log segment /workdir/hadoop-ozone/integration-test/target/test-dir/MiniOzoneClusterImpl-d3f2f10e-dfea-4f41-bcae-f8f30acd02f5/datanode-3/data/ratis/c9a34542-f0d8-4bb9-9c92-4df5a04227ee/current/log_inprogress_0
2019-09-20 00:05:31,069 [f3b156d7-7eb6-46eb-bb34-4a82b6f9f404@group-4DF5A04227EE-SegmentedRaftLogWorker] INFO  segmented.SegmentedRaftLogWorker (SegmentedRaftLogWorker.java:execute(569)) - f3b156d7-7eb6-46eb-bb34-4a82b6f9f404@group-4DF5A04227EE-SegmentedRaftLogWorker: created new log segment /workdir/hadoop-ozone/integration-test/target/test-dir/MiniOzoneClusterImpl-d3f2f10e-dfea-4f41-bcae-f8f30acd02f5/datanode-6/data/ratis/c9a34542-f0d8-4bb9-9c92-4df5a04227ee/current/log_inprogress_0
2019-09-20 00:05:31,070 [89de1964-3948-43a8-885a-142089a2f45f@group-032B6602E80F:LeaderElection125] INFO  impl.LeaderElection (LeaderElection.java:logAndReturn(56)) - 89de1964-3948-43a8-885a-142089a2f45f@group-032B6602E80F:LeaderElection125: Election REJECTED; received 2 response(s) [89de1964-3948-43a8-885a-142089a2f45f<-7d878657-54f8-4791-978a-386f775e0485#0:FAIL-t8, 89de1964-3948-43a8-885a-142089a2f45f<-5f35e7da-28ae-4b25-a1a4-54a4278033f1#0:FAIL-t8] and 0 exception(s); 89de1964-3948-43a8-885a-142089a2f45f@group-032B6602E80F:t8, leader=null, voted=89de1964-3948-43a8-885a-142089a2f45f, raftlog=89de1964-3948-43a8-885a-142089a2f45f@group-032B6602E80F-SegmentedRaftLog:OPENED:c-1,f-1,i0, conf=-1: [7d878657-54f8-4791-978a-386f775e0485:192.168.5.182:36462, 5f35e7da-28ae-4b25-a1a4-54a4278033f1:192.168.5.182:43639, 89de1964-3948-43a8-885a-142089a2f45f:192.168.5.182:39929], old=null
2019-09-20 00:05:31,071 [89de1964-3948-43a8-885a-142089a2f45f@group-032B6602E80F:LeaderElection125] INFO  impl.RaftServerImpl (RaftServerImpl.java:setRole(174)) - 89de1964-3948-43a8-885a-142089a2f45f@group-032B6602E80F: changes role from CANDIDATE to FOLLOWER at term 8 for DISCOVERED_A_NEW_TERM
2019-09-20 00:05:31,071 [89de1964-3948-43a8-885a-142089a2f45f@group-032B6602E80F:LeaderElection125] INFO  impl.RoleInfo (RoleInfo.java:shutdownLeaderElection(134)) - 89de1964-3948-43a8-885a-142089a2f45f: shutdown LeaderElection
2019-09-20 00:05:31,071 [89de1964-3948-43a8-885a-142089a2f45f@group-032B6602E80F:LeaderElection125] INFO  impl.RoleInfo (RoleInfo.java:updateAndGet(143)) - 89de1964-3948-43a8-885a-142089a2f45f: start FollowerState
2019-09-20 00:05:31,069 [382b0250-a1aa-40f3-882d-cd7fb29de27f@group-4DF5A04227EE-SegmentedRaftLogWorker] INFO  segmented.SegmentedRaftLogWorker (SegmentedRaftLogWorker.java:execute(569)) - 382b0250-a1aa-40f3-882d-cd7fb29de27f@group-4DF5A04227EE-SegmentedRaftLogWorker: created new log segment /workdir/hadoop-ozone/integration-test/target/test-dir/MiniOzoneClusterImpl-d3f2f10e-dfea-4f41-bcae-f8f30acd02f5/datanode-1/data/ratis/c9a34542-f0d8-4bb9-9c92-4df5a04227ee/current/log_inprogress_0
2019-09-20 00:05:31,072 [5f35e7da-28ae-4b25-a1a4-54a4278033f1@group-032B6602E80F:LeaderElection126] INFO  impl.LeaderElection (LeaderElection.java:logAndReturn(56)) - 5f35e7da-28ae-4b25-a1a4-54a4278033f1@group-032B6602E80F:LeaderElection126: Election PASSED; received 2 response(s) [5f35e7da-28ae-4b25-a1a4-54a4278033f1<-7d878657-54f8-4791-978a-386f775e0485#0:OK-t8, 5f35e7da-28ae-4b25-a1a4-54a4278033f1<-89de1964-3948-43a8-885a-142089a2f45f#0:FAIL-t8] and 0 exception(s); 5f35e7da-28ae-4b25-a1a4-54a4278033f1@group-032B6602E80F:t8, leader=null, voted=5f35e7da-28ae-4b25-a1a4-54a4278033f1, raftlog=5f35e7da-28ae-4b25-a1a4-54a4278033f1@group-032B6602E80F-SegmentedRaftLog:OPENED:c-1,f-1,i0, conf=-1: [7d878657-54f8-4791-978a-386f775e0485:192.168.5.182:36462, 5f35e7da-28ae-4b25-a1a4-54a4278033f1:192.168.5.182:43639, 89de1964-3948-43a8-885a-142089a2f45f:192.168.5.182:39929], old=null
2019-09-20 00:05:31,072 [5f35e7da-28ae-4b25-a1a4-54a4278033f1@group-032B6602E80F:LeaderElection126] INFO  impl.RoleInfo (RoleInfo.java:shutdownLeaderElection(134)) - 5f35e7da-28ae-4b25-a1a4-54a4278033f1: shutdown LeaderElection
2019-09-20 00:05:31,072 [5f35e7da-28ae-4b25-a1a4-54a4278033f1@group-032B6602E80F:LeaderElection126] INFO  impl.RaftServerImpl (RaftServerImpl.java:setRole(174)) - 5f35e7da-28ae-4b25-a1a4-54a4278033f1@group-032B6602E80F: changes role from CANDIDATE to LEADER at term 8 for changeToLeader
2019-09-20 00:05:31,073 [5f35e7da-28ae-4b25-a1a4-54a4278033f1@group-032B6602E80F:LeaderElection126] INFO  impl.RaftServerImpl (ServerState.java:setLeader(253)) - 5f35e7da-28ae-4b25-a1a4-54a4278033f1@group-032B6602E80F: change Leader from null to 5f35e7da-28ae-4b25-a1a4-54a4278033f1 at term 8 for becomeLeader, leader elected after 54784ms
2019-09-20 00:05:31,073 [5f35e7da-28ae-4b25-a1a4-54a4278033f1@group-032B6602E80F:LeaderElection126] INFO  server.RaftServerConfigKeys (ConfUtils.java:logGet(43)) - raft.server.staging.catchup.gap = 1000 (default)
2019-09-20 00:05:31,073 [5f35e7da-28ae-4b25-a1a4-54a4278033f1@group-032B6602E80F:LeaderElection126] INFO  server.RaftServerConfigKeys (ConfUtils.java:logGet(43)) - raft.server.rpc.sleep.time = 25ms (default)
2019-09-20 00:05:31,073 [5f35e7da-28ae-4b25-a1a4-54a4278033f1@group-032B6602E80F:LeaderElection126] INFO  server.RaftServerConfigKeys (ConfUtils.java:logGet(43)) - raft.server.write.element-limit = 4096 (default)
2019-09-20 00:05:31,074 [5f35e7da-28ae-4b25-a1a4-54a4278033f1@group-032B6602E80F:LeaderElection126] INFO  server.RaftServerConfigKeys (ConfUtils.java:logGet(43)) - raft.server.watch.timeout = 10s (default)
2019-09-20 00:05:31,074 [5f35e7da-28ae-4b25-a1a4-54a4278033f1@group-032B6602E80F:LeaderElection126] INFO  server.RaftServerConfigKeys (ConfUtils.java:logGet(43)) - raft.server.watch.timeout.denomination = 1s (default)
2019-09-20 00:05:31,074 [5f35e7da-28ae-4b25-a1a4-54a4278033f1@group-032B6602E80F:LeaderElection126] INFO  server.RaftServerConfigKeys (ConfUtils.java:logGet(43)) - raft.server.watch.element-limit = 65536 (default)
2019-09-20 00:05:31,077 [5f35e7da-28ae-4b25-a1a4-54a4278033f1@group-032B6602E80F:LeaderElection126] INFO  server.RaftServerConfigKeys (ConfUtils.java:logGet(43)) - raft.server.log.appender.snapshot.chunk.size.max = 16MB (=16777216) (default)
2019-09-20 00:05:31,077 [5f35e7da-28ae-4b25-a1a4-54a4278033f1@group-032B6602E80F:LeaderElection126] INFO  server.RaftServerConfigKeys (ConfUtils.java:logGet(43)) - raft.server.log.appender.buffer.byte-limit = 33554432 (custom)
2019-09-20 00:05:31,078 [5f35e7da-28ae-4b25-a1a4-54a4278033f1@group-032B6602E80F:LeaderElection126] INFO  server.RaftServerConfigKeys (ConfUtils.java:logGet(43)) - raft.server.log.appender.buffer.element-limit = 1 (custom)
2019-09-20 00:05:31,078 [5f35e7da-28ae-4b25-a1a4-54a4278033f1@group-032B6602E80F:LeaderElection126] INFO  grpc.GrpcConfigKeys$Server (ConfUtils.java:logGet(43)) - raft.grpc.server.leader.outstanding.appends.max = 128 (default)
2019-09-20 00:05:31,078 [5f35e7da-28ae-4b25-a1a4-54a4278033f1@group-032B6602E80F:LeaderElection126] INFO  server.RaftServerConfigKeys (ConfUtils.java:logGet(43)) - raft.server.rpc.request.timeout = 3000ms (default)
2019-09-20 00:05:31,078 [5f35e7da-28ae-4b25-a1a4-54a4278033f1@group-032B6602E80F:LeaderElection126] INFO  server.RaftServerConfigKeys (ConfUtils.java:logGet(43)) - raft.server.log.appender.install.snapshot.enabled = false (custom)
2019-09-20 00:05:31,078 [5f35e7da-28ae-4b25-a1a4-54a4278033f1@group-032B6602E80F:LeaderElection126] INFO  server.RaftServerConfigKeys (ConfUtils.java:logGet(43)) - raft.server.log.appender.snapshot.chunk.size.max = 16MB (=16777216) (default)
2019-09-20 00:05:31,079 [5f35e7da-28ae-4b25-a1a4-54a4278033f1@group-032B6602E80F:LeaderElection126] INFO  server.RaftServerConfigKeys (ConfUtils.java:logGet(43)) - raft.server.log.appender.buffer.byte-limit = 33554432 (custom)
2019-09-20 00:05:31,079 [5f35e7da-28ae-4b25-a1a4-54a4278033f1@group-032B6602E80F:LeaderElection126] INFO  server.RaftServerConfigKeys (ConfUtils.java:logGet(43)) - raft.server.log.appender.buffer.element-limit = 1 (custom)
2019-09-20 00:05:31,079 [5f35e7da-28ae-4b25-a1a4-54a4278033f1@group-032B6602E80F:LeaderElection126] INFO  grpc.GrpcConfigKeys$Server (ConfUtils.java:logGet(43)) - raft.grpc.server.leader.outstanding.appends.max = 128 (default)
2019-09-20 00:05:31,079 [5f35e7da-28ae-4b25-a1a4-54a4278033f1@group-032B6602E80F:LeaderElection126] INFO  server.RaftServerConfigKeys (ConfUtils.java:logGet(43)) - raft.server.rpc.request.timeout = 3000ms (default)
2019-09-20 00:05:31,080 [5f35e7da-28ae-4b25-a1a4-54a4278033f1@group-032B6602E80F:LeaderElection126] INFO  server.RaftServerConfigKeys (ConfUtils.java:logGet(43)) - raft.server.log.appender.install.snapshot.enabled = false (custom)
2019-09-20 00:05:31,080 [5f35e7da-28ae-4b25-a1a4-54a4278033f1@group-032B6602E80F:LeaderElection126] INFO  impl.RoleInfo (RoleInfo.java:updateAndGet(143)) - 5f35e7da-28ae-4b25-a1a4-54a4278033f1: start LeaderState
2019-09-20 00:05:31,080 [5f35e7da-28ae-4b25-a1a4-54a4278033f1@group-032B6602E80F:LeaderElection126] INFO  segmented.SegmentedRaftLogWorker (SegmentedRaftLogWorker.java:startLogSegment(380)) - 5f35e7da-28ae-4b25-a1a4-54a4278033f1@group-032B6602E80F-SegmentedRaftLogWorker: Starting segment from index:0
2019-09-20 00:05:31,081 [5f35e7da-28ae-4b25-a1a4-54a4278033f1@group-032B6602E80F:LeaderElection126] INFO  impl.RaftServerImpl (ServerState.java:setRaftConf(354)) - 5f35e7da-28ae-4b25-a1a4-54a4278033f1@group-032B6602E80F: set configuration 0: [7d878657-54f8-4791-978a-386f775e0485:192.168.5.182:36462, 5f35e7da-28ae-4b25-a1a4-54a4278033f1:192.168.5.182:43639, 89de1964-3948-43a8-885a-142089a2f45f:192.168.5.182:39929], old=null at 0
2019-09-20 00:05:31,082 [grpc-default-executor-1] INFO  impl.RaftServerImpl (ServerState.java:setLeader(253)) - 89de1964-3948-43a8-885a-142089a2f45f@group-032B6602E80F: change Leader from null to 5f35e7da-28ae-4b25-a1a4-54a4278033f1 at term 8 for appendEntries, leader elected after 54793ms
2019-09-20 00:05:31,082 [grpc-default-executor-5] INFO  impl.RaftServerImpl (ServerState.java:setLeader(253)) - 7d878657-54f8-4791-978a-386f775e0485@group-032B6602E80F: change Leader from null to 5f35e7da-28ae-4b25-a1a4-54a4278033f1 at term 8 for appendEntries, leader elected after 54793ms
2019-09-20 00:05:31,085 [grpc-default-executor-1] INFO  impl.RaftServerImpl (ServerState.java:setRaftConf(354)) - 7d878657-54f8-4791-978a-386f775e0485@group-032B6602E80F: set configuration 0: [7d878657-54f8-4791-978a-386f775e0485:192.168.5.182:36462, 5f35e7da-28ae-4b25-a1a4-54a4278033f1:192.168.5.182:43639, 89de1964-3948-43a8-885a-142089a2f45f:192.168.5.182:39929], old=null at 0
2019-09-20 00:05:31,085 [grpc-default-executor-5] INFO  impl.RaftServerImpl (ServerState.java:setRaftConf(354)) - 89de1964-3948-43a8-885a-142089a2f45f@group-032B6602E80F: set configuration 0: [7d878657-54f8-4791-978a-386f775e0485:192.168.5.182:36462, 5f35e7da-28ae-4b25-a1a4-54a4278033f1:192.168.5.182:43639, 89de1964-3948-43a8-885a-142089a2f45f:192.168.5.182:39929], old=null at 0
2019-09-20 00:05:31,085 [grpc-default-executor-1] INFO  segmented.SegmentedRaftLogWorker (SegmentedRaftLogWorker.java:startLogSegment(380)) - 7d878657-54f8-4791-978a-386f775e0485@group-032B6602E80F-SegmentedRaftLogWorker: Starting segment from index:0
2019-09-20 00:05:31,086 [grpc-default-executor-5] INFO  segmented.SegmentedRaftLogWorker (SegmentedRaftLogWorker.java:startLogSegment(380)) - 89de1964-3948-43a8-885a-142089a2f45f@group-032B6602E80F-SegmentedRaftLogWorker: Starting segment from index:0
2019-09-20 00:05:31,178 [5f35e7da-28ae-4b25-a1a4-54a4278033f1@group-032B6602E80F-SegmentedRaftLogWorker] INFO  segmented.SegmentedRaftLogWorker (SegmentedRaftLogWorker.java:execute(569)) - 5f35e7da-28ae-4b25-a1a4-54a4278033f1@group-032B6602E80F-SegmentedRaftLogWorker: created new log segment /workdir/hadoop-ozone/integration-test/target/test-dir/MiniOzoneClusterImpl-d3f2f10e-dfea-4f41-bcae-f8f30acd02f5/datanode-5/data/ratis/3c3ed097-6b3f-4acd-be8f-032b6602e80f/current/log_inprogress_0
2019-09-20 00:05:31,178 [7d878657-54f8-4791-978a-386f775e0485@group-032B6602E80F-SegmentedRaftLogWorker] INFO  segmented.SegmentedRaftLogWorker (SegmentedRaftLogWorker.java:execute(569)) - 7d878657-54f8-4791-978a-386f775e0485@group-032B6602E80F-SegmentedRaftLogWorker: created new log segment /workdir/hadoop-ozone/integration-test/target/test-dir/MiniOzoneClusterImpl-d3f2f10e-dfea-4f41-bcae-f8f30acd02f5/datanode-4/data/ratis/3c3ed097-6b3f-4acd-be8f-032b6602e80f/current/log_inprogress_0
2019-09-20 00:05:31,189 [89de1964-3948-43a8-885a-142089a2f45f@group-032B6602E80F-SegmentedRaftLogWorker] INFO  segmented.SegmentedRaftLogWorker (SegmentedRaftLogWorker.java:execute(569)) - 89de1964-3948-43a8-885a-142089a2f45f@group-032B6602E80F-SegmentedRaftLogWorker: created new log segment /workdir/hadoop-ozone/integration-test/target/test-dir/MiniOzoneClusterImpl-d3f2f10e-dfea-4f41-bcae-f8f30acd02f5/datanode-0/data/ratis/3c3ed097-6b3f-4acd-be8f-032b6602e80f/current/log_inprogress_0
2019-09-20 00:05:31,806 [grpc-default-executor-5] INFO  client.GrpcClientProtocolClient (GrpcClientProtocolClient.java:onNext(264)) - client-6D78C6DD845D->c0f82a6b-777f-4a03-a589-5864e9160c05: receive RaftClientReply:client-6D78C6DD845D->c0f82a6b-777f-4a03-a589-5864e9160c05@group-404B6AF39F97, cid=95, FAILED org.apache.ratis.protocol.NotLeaderException: Server c0f82a6b-777f-4a03-a589-5864e9160c05@group-404B6AF39F97 is not the leader, logIndex=0, commits[c0f82a6b-777f-4a03-a589-5864e9160c05:c-1]
2019-09-20 00:05:32,296 [Thread-2577] INFO  impl.FollowerState (FollowerState.java:run(106)) - 7ae2750e-cac3-4ecc-909b-191b15f66829:group-147F3C4FFFBA changes to CANDIDATE, lastRpcTime:5069, electionTimeout:5069ms
2019-09-20 00:05:32,297 [Thread-2577] INFO  impl.RoleInfo (RoleInfo.java:shutdownFollowerState(121)) - 7ae2750e-cac3-4ecc-909b-191b15f66829: shutdown FollowerState
2019-09-20 00:05:32,297 [Thread-2577] INFO  impl.RaftServerImpl (RaftServerImpl.java:setRole(174)) - 7ae2750e-cac3-4ecc-909b-191b15f66829@group-147F3C4FFFBA: changes role from  FOLLOWER to CANDIDATE at term 0 for changeToCandidate
2019-09-20 00:05:32,297 [Thread-2577] INFO  impl.RoleInfo (RoleInfo.java:updateAndGet(143)) - 7ae2750e-cac3-4ecc-909b-191b15f66829: start LeaderElection
2019-09-20 00:05:32,333 [7ae2750e-cac3-4ecc-909b-191b15f66829@group-147F3C4FFFBA:LeaderElection129] INFO  impl.LeaderElection (LeaderElection.java:askForVotes(182)) - 7ae2750e-cac3-4ecc-909b-191b15f66829@group-147F3C4FFFBA:LeaderElection129: begin an election at term 1 for -1: [7ae2750e-cac3-4ecc-909b-191b15f66829:192.168.5.182:41314], old=null
2019-09-20 00:05:32,333 [7ae2750e-cac3-4ecc-909b-191b15f66829@group-147F3C4FFFBA:LeaderElection129] INFO  impl.RoleInfo (RoleInfo.java:shutdownLeaderElection(134)) - 7ae2750e-cac3-4ecc-909b-191b15f66829: shutdown LeaderElection
2019-09-20 00:05:32,334 [7ae2750e-cac3-4ecc-909b-191b15f66829@group-147F3C4FFFBA:LeaderElection129] INFO  impl.RaftServerImpl (RaftServerImpl.java:setRole(174)) - 7ae2750e-cac3-4ecc-909b-191b15f66829@group-147F3C4FFFBA: changes role from CANDIDATE to LEADER at term 1 for changeToLeader
2019-09-20 00:05:32,334 [7ae2750e-cac3-4ecc-909b-191b15f66829@group-147F3C4FFFBA:LeaderElection129] INFO  impl.RaftServerImpl (ServerState.java:setLeader(253)) - 7ae2750e-cac3-4ecc-909b-191b15f66829@group-147F3C4FFFBA: change Leader from null to 7ae2750e-cac3-4ecc-909b-191b15f66829 at term 1 for becomeLeader, leader elected after 5112ms
2019-09-20 00:05:32,334 [7ae2750e-cac3-4ecc-909b-191b15f66829@group-147F3C4FFFBA:LeaderElection129] INFO  server.RaftServerConfigKeys (ConfUtils.java:logGet(43)) - raft.server.staging.catchup.gap = 1000 (default)
2019-09-20 00:05:32,334 [7ae2750e-cac3-4ecc-909b-191b15f66829@group-147F3C4FFFBA:LeaderElection129] INFO  server.RaftServerConfigKeys (ConfUtils.java:logGet(43)) - raft.server.rpc.sleep.time = 25ms (default)
2019-09-20 00:05:32,334 [7ae2750e-cac3-4ecc-909b-191b15f66829@group-147F3C4FFFBA:LeaderElection129] INFO  server.RaftServerConfigKeys (ConfUtils.java:logGet(43)) - raft.server.write.element-limit = 4096 (default)
2019-09-20 00:05:32,334 [7ae2750e-cac3-4ecc-909b-191b15f66829@group-147F3C4FFFBA:LeaderElection129] INFO  server.RaftServerConfigKeys (ConfUtils.java:logGet(43)) - raft.server.watch.timeout = 10s (default)
2019-09-20 00:05:32,334 [7ae2750e-cac3-4ecc-909b-191b15f66829@group-147F3C4FFFBA:LeaderElection129] INFO  server.RaftServerConfigKeys (ConfUtils.java:logGet(43)) - raft.server.watch.timeout.denomination = 1s (default)
2019-09-20 00:05:32,334 [7ae2750e-cac3-4ecc-909b-191b15f66829@group-147F3C4FFFBA:LeaderElection129] INFO  server.RaftServerConfigKeys (ConfUtils.java:logGet(43)) - raft.server.watch.element-limit = 65536 (default)
2019-09-20 00:05:32,336 [7ae2750e-cac3-4ecc-909b-191b15f66829@group-147F3C4FFFBA:LeaderElection129] INFO  impl.RoleInfo (RoleInfo.java:updateAndGet(143)) - 7ae2750e-cac3-4ecc-909b-191b15f66829: start LeaderState
2019-09-20 00:05:32,336 [7ae2750e-cac3-4ecc-909b-191b15f66829@group-147F3C4FFFBA:LeaderElection129] INFO  segmented.SegmentedRaftLogWorker (SegmentedRaftLogWorker.java:startLogSegment(380)) - 7ae2750e-cac3-4ecc-909b-191b15f66829@group-147F3C4FFFBA-SegmentedRaftLogWorker: Starting segment from index:0
2019-09-20 00:05:32,336 [7ae2750e-cac3-4ecc-909b-191b15f66829@group-147F3C4FFFBA:LeaderElection129] INFO  impl.RaftServerImpl (ServerState.java:setRaftConf(354)) - 7ae2750e-cac3-4ecc-909b-191b15f66829@group-147F3C4FFFBA: set configuration 0: [7ae2750e-cac3-4ecc-909b-191b15f66829:192.168.5.182:41314], old=null at 0
2019-09-20 00:05:32,374 [7ae2750e-cac3-4ecc-909b-191b15f66829@group-147F3C4FFFBA-SegmentedRaftLogWorker] INFO  segmented.SegmentedRaftLogWorker (SegmentedRaftLogWorker.java:execute(569)) - 7ae2750e-cac3-4ecc-909b-191b15f66829@group-147F3C4FFFBA-SegmentedRaftLogWorker: created new log segment /workdir/hadoop-ozone/integration-test/target/test-dir/MiniOzoneClusterImpl-f43817f8-c2ee-484a-a975-3aa49b4c2d8f/datanode-0/data/ratis/b5cc1fd3-6cb4-4ad3-9eb1-147f3c4fffba/current/log_inprogress_0
2019-09-20 00:05:32,421 [Thread-2580] INFO  impl.FollowerState (FollowerState.java:run(106)) - e478c757-b491-4de8-9fe6-50ff52283427:group-7795C844B6CB changes to CANDIDATE, lastRpcTime:5037, electionTimeout:5037ms
2019-09-20 00:05:32,421 [Thread-2580] INFO  impl.RoleInfo (RoleInfo.java:shutdownFollowerState(121)) - e478c757-b491-4de8-9fe6-50ff52283427: shutdown FollowerState
2019-09-20 00:05:32,421 [Thread-2580] INFO  impl.RaftServerImpl (RaftServerImpl.java:setRole(174)) - e478c757-b491-4de8-9fe6-50ff52283427@group-7795C844B6CB: changes role from  FOLLOWER to CANDIDATE at term 0 for changeToCandidate
2019-09-20 00:05:32,421 [Thread-2580] INFO  impl.RoleInfo (RoleInfo.java:updateAndGet(143)) - e478c757-b491-4de8-9fe6-50ff52283427: start LeaderElection
2019-09-20 00:05:32,483 [e478c757-b491-4de8-9fe6-50ff52283427@group-7795C844B6CB:LeaderElection130] INFO  impl.LeaderElection (LeaderElection.java:askForVotes(182)) - e478c757-b491-4de8-9fe6-50ff52283427@group-7795C844B6CB:LeaderElection130: begin an election at term 1 for -1: [e478c757-b491-4de8-9fe6-50ff52283427:192.168.5.182:39844], old=null
2019-09-20 00:05:32,483 [e478c757-b491-4de8-9fe6-50ff52283427@group-7795C844B6CB:LeaderElection130] INFO  impl.RoleInfo (RoleInfo.java:shutdownLeaderElection(134)) - e478c757-b491-4de8-9fe6-50ff52283427: shutdown LeaderElection
2019-09-20 00:05:32,483 [e478c757-b491-4de8-9fe6-50ff52283427@group-7795C844B6CB:LeaderElection130] INFO  impl.RaftServerImpl (RaftServerImpl.java:setRole(174)) - e478c757-b491-4de8-9fe6-50ff52283427@group-7795C844B6CB: changes role from CANDIDATE to LEADER at term 1 for changeToLeader
2019-09-20 00:05:32,483 [e478c757-b491-4de8-9fe6-50ff52283427@group-7795C844B6CB:LeaderElection130] INFO  impl.RaftServerImpl (ServerState.java:setLeader(253)) - e478c757-b491-4de8-9fe6-50ff52283427@group-7795C844B6CB: change Leader from null to e478c757-b491-4de8-9fe6-50ff52283427 at term 1 for becomeLeader, leader elected after 5106ms
2019-09-20 00:05:32,483 [e478c757-b491-4de8-9fe6-50ff52283427@group-7795C844B6CB:LeaderElection130] INFO  server.RaftServerConfigKeys (ConfUtils.java:logGet(43)) - raft.server.staging.catchup.gap = 1000 (default)
2019-09-20 00:05:32,483 [e478c757-b491-4de8-9fe6-50ff52283427@group-7795C844B6CB:LeaderElection130] INFO  server.RaftServerConfigKeys (ConfUtils.java:logGet(43)) - raft.server.rpc.sleep.time = 25ms (default)
2019-09-20 00:05:32,483 [e478c757-b491-4de8-9fe6-50ff52283427@group-7795C844B6CB:LeaderElection130] INFO  server.RaftServerConfigKeys (ConfUtils.java:logGet(43)) - raft.server.write.element-limit = 4096 (default)
2019-09-20 00:05:32,483 [e478c757-b491-4de8-9fe6-50ff52283427@group-7795C844B6CB:LeaderElection130] INFO  server.RaftServerConfigKeys (ConfUtils.java:logGet(43)) - raft.server.watch.timeout = 10s (default)
2019-09-20 00:05:32,484 [e478c757-b491-4de8-9fe6-50ff52283427@group-7795C844B6CB:LeaderElection130] INFO  server.RaftServerConfigKeys (ConfUtils.java:logGet(43)) - raft.server.watch.timeout.denomination = 1s (default)
2019-09-20 00:05:32,484 [e478c757-b491-4de8-9fe6-50ff52283427@group-7795C844B6CB:LeaderElection130] INFO  server.RaftServerConfigKeys (ConfUtils.java:logGet(43)) - raft.server.watch.element-limit = 65536 (default)
2019-09-20 00:05:32,485 [e478c757-b491-4de8-9fe6-50ff52283427@group-7795C844B6CB:LeaderElection130] INFO  impl.RoleInfo (RoleInfo.java:updateAndGet(143)) - e478c757-b491-4de8-9fe6-50ff52283427: start LeaderState
2019-09-20 00:05:32,485 [e478c757-b491-4de8-9fe6-50ff52283427@group-7795C844B6CB:LeaderElection130] INFO  segmented.SegmentedRaftLogWorker (SegmentedRaftLogWorker.java:startLogSegment(380)) - e478c757-b491-4de8-9fe6-50ff52283427@group-7795C844B6CB-SegmentedRaftLogWorker: Starting segment from index:0
2019-09-20 00:05:32,486 [e478c757-b491-4de8-9fe6-50ff52283427@group-7795C844B6CB:LeaderElection130] INFO  impl.RaftServerImpl (ServerState.java:setRaftConf(354)) - e478c757-b491-4de8-9fe6-50ff52283427@group-7795C844B6CB: set configuration 0: [e478c757-b491-4de8-9fe6-50ff52283427:192.168.5.182:39844], old=null at 0
2019-09-20 00:05:32,632 [e478c757-b491-4de8-9fe6-50ff52283427@group-7795C844B6CB-SegmentedRaftLogWorker] INFO  segmented.SegmentedRaftLogWorker (SegmentedRaftLogWorker.java:execute(569)) - e478c757-b491-4de8-9fe6-50ff52283427@group-7795C844B6CB-SegmentedRaftLogWorker: created new log segment /workdir/hadoop-ozone/integration-test/target/test-dir/MiniOzoneClusterImpl-f43817f8-c2ee-484a-a975-3aa49b4c2d8f/datanode-1/data/ratis/7fa8d325-857b-4cd4-b2e8-7795c844b6cb/current/log_inprogress_0
2019-09-20 00:05:32,672 [Thread-2585] INFO  impl.FollowerState (FollowerState.java:run(106)) - c0f82a6b-777f-4a03-a589-5864e9160c05:group-128BA176FE55 changes to CANDIDATE, lastRpcTime:5053, electionTimeout:5053ms
2019-09-20 00:05:32,672 [Thread-2585] INFO  impl.RoleInfo (RoleInfo.java:shutdownFollowerState(121)) - c0f82a6b-777f-4a03-a589-5864e9160c05: shutdown FollowerState
2019-09-20 00:05:32,673 [Thread-2585] INFO  impl.RaftServerImpl (RaftServerImpl.java:setRole(174)) - c0f82a6b-777f-4a03-a589-5864e9160c05@group-128BA176FE55: changes role from  FOLLOWER to CANDIDATE at term 0 for changeToCandidate
2019-09-20 00:05:32,673 [Thread-2585] INFO  impl.RoleInfo (RoleInfo.java:updateAndGet(143)) - c0f82a6b-777f-4a03-a589-5864e9160c05: start LeaderElection
2019-09-20 00:05:32,767 [Thread-2588] INFO  impl.FollowerState (FollowerState.java:run(106)) - 6442c8d3-568b-44b3-ac93-354b648680f1:group-9B27B6995174 changes to CANDIDATE, lastRpcTime:5064, electionTimeout:5064ms
2019-09-20 00:05:32,767 [Thread-2588] INFO  impl.RoleInfo (RoleInfo.java:shutdownFollowerState(121)) - 6442c8d3-568b-44b3-ac93-354b648680f1: shutdown FollowerState
2019-09-20 00:05:32,767 [Thread-2588] INFO  impl.RaftServerImpl (RaftServerImpl.java:setRole(174)) - 6442c8d3-568b-44b3-ac93-354b648680f1@group-9B27B6995174: changes role from  FOLLOWER to CANDIDATE at term 0 for changeToCandidate
2019-09-20 00:05:32,767 [Thread-2588] INFO  impl.RoleInfo (RoleInfo.java:updateAndGet(143)) - 6442c8d3-568b-44b3-ac93-354b648680f1: start LeaderElection
2019-09-20 00:05:32,826 [grpc-default-executor-5] INFO  client.GrpcClientProtocolClient (GrpcClientProtocolClient.java:onNext(264)) - client-6D78C6DD845D->e478c757-b491-4de8-9fe6-50ff52283427: receive RaftClientReply:client-6D78C6DD845D->e478c757-b491-4de8-9fe6-50ff52283427@group-404B6AF39F97, cid=95, FAILED org.apache.ratis.protocol.NotLeaderException: Server e478c757-b491-4de8-9fe6-50ff52283427@group-404B6AF39F97 is not the leader, logIndex=0, commits[e478c757-b491-4de8-9fe6-50ff52283427:c-1]
2019-09-20 00:05:33,030 [Thread-2592] INFO  impl.FollowerState (FollowerState.java:run(106)) - ea825c9d-8472-466f-bfce-f371396f94a5:group-0715B3DA0BEF changes to CANDIDATE, lastRpcTime:5028, electionTimeout:5028ms
2019-09-20 00:05:33,030 [Thread-2592] INFO  impl.RoleInfo (RoleInfo.java:shutdownFollowerState(121)) - ea825c9d-8472-466f-bfce-f371396f94a5: shutdown FollowerState
2019-09-20 00:05:33,030 [Thread-2592] INFO  impl.RaftServerImpl (RaftServerImpl.java:setRole(174)) - ea825c9d-8472-466f-bfce-f371396f94a5@group-0715B3DA0BEF: changes role from  FOLLOWER to CANDIDATE at term 0 for changeToCandidate
2019-09-20 00:05:33,030 [Thread-2592] INFO  impl.RoleInfo (RoleInfo.java:updateAndGet(143)) - ea825c9d-8472-466f-bfce-f371396f94a5: start LeaderElection
2019-09-20 00:05:33,189 [Thread-2595] INFO  impl.FollowerState (FollowerState.java:run(106)) - 41c96ee6-96c4-4c7b-baa5-2410cf13d401:group-A9C662CE8374 changes to CANDIDATE, lastRpcTime:5068, electionTimeout:5068ms
2019-09-20 00:05:33,190 [Thread-2595] INFO  impl.RoleInfo (RoleInfo.java:shutdownFollowerState(121)) - 41c96ee6-96c4-4c7b-baa5-2410cf13d401: shutdown FollowerState
2019-09-20 00:05:33,190 [Thread-2595] INFO  impl.RaftServerImpl (RaftServerImpl.java:setRole(174)) - 41c96ee6-96c4-4c7b-baa5-2410cf13d401@group-A9C662CE8374: changes role from  FOLLOWER to CANDIDATE at term 0 for changeToCandidate
2019-09-20 00:05:33,190 [Thread-2595] INFO  impl.RoleInfo (RoleInfo.java:updateAndGet(143)) - 41c96ee6-96c4-4c7b-baa5-2410cf13d401: start LeaderElection
2019-09-20 00:05:33,275 [Thread-2598] INFO  impl.FollowerState (FollowerState.java:run(106)) - 459198ed-48fa-482c-a7b6-3dfc76eaacd2:group-C0A99C1BCE2B changes to CANDIDATE, lastRpcTime:5070, electionTimeout:5070ms
2019-09-20 00:05:33,275 [Thread-2598] INFO  impl.RoleInfo (RoleInfo.java:shutdownFollowerState(121)) - 459198ed-48fa-482c-a7b6-3dfc76eaacd2: shutdown FollowerState
2019-09-20 00:05:33,275 [Thread-2598] INFO  impl.RaftServerImpl (RaftServerImpl.java:setRole(174)) - 459198ed-48fa-482c-a7b6-3dfc76eaacd2@group-C0A99C1BCE2B: changes role from  FOLLOWER to CANDIDATE at term 0 for changeToCandidate
2019-09-20 00:05:33,275 [Thread-2598] INFO  impl.RoleInfo (RoleInfo.java:updateAndGet(143)) - 459198ed-48fa-482c-a7b6-3dfc76eaacd2: start LeaderElection
2019-09-20 00:05:33,322 [Thread-2601] INFO  impl.FollowerState (FollowerState.java:run(106)) - e478c757-b491-4de8-9fe6-50ff52283427:group-404B6AF39F97 changes to CANDIDATE, lastRpcTime:5028, electionTimeout:5028ms
2019-09-20 00:05:33,322 [Thread-2601] INFO  impl.RoleInfo (RoleInfo.java:shutdownFollowerState(121)) - e478c757-b491-4de8-9fe6-50ff52283427: shutdown FollowerState
2019-09-20 00:05:33,322 [Thread-2601] INFO  impl.RaftServerImpl (RaftServerImpl.java:setRole(174)) - e478c757-b491-4de8-9fe6-50ff52283427@group-404B6AF39F97: changes role from  FOLLOWER to CANDIDATE at term 0 for changeToCandidate
2019-09-20 00:05:33,322 [Thread-2601] INFO  impl.RoleInfo (RoleInfo.java:updateAndGet(143)) - e478c757-b491-4de8-9fe6-50ff52283427: start LeaderElection
2019-09-20 00:05:33,394 [Thread-2606] INFO  impl.FollowerState (FollowerState.java:run(106)) - c0f82a6b-777f-4a03-a589-5864e9160c05:group-404B6AF39F97 changes to CANDIDATE, lastRpcTime:5095, electionTimeout:5095ms
2019-09-20 00:05:33,394 [Thread-2606] INFO  impl.RoleInfo (RoleInfo.java:shutdownFollowerState(121)) - c0f82a6b-777f-4a03-a589-5864e9160c05: shutdown FollowerState
2019-09-20 00:05:33,394 [Thread-2606] INFO  impl.RaftServerImpl (RaftServerImpl.java:setRole(174)) - c0f82a6b-777f-4a03-a589-5864e9160c05@group-404B6AF39F97: changes role from  FOLLOWER to CANDIDATE at term 0 for changeToCandidate
2019-09-20 00:05:33,394 [Thread-2606] INFO  impl.RoleInfo (RoleInfo.java:updateAndGet(143)) - c0f82a6b-777f-4a03-a589-5864e9160c05: start LeaderElection
2019-09-20 00:05:33,409 [Thread-2605] INFO  impl.FollowerState (FollowerState.java:run(106)) - 6442c8d3-568b-44b3-ac93-354b648680f1:group-404B6AF39F97 changes to CANDIDATE, lastRpcTime:5111, electionTimeout:5111ms
2019-09-20 00:05:33,409 [Thread-2605] INFO  impl.RoleInfo (RoleInfo.java:shutdownFollowerState(121)) - 6442c8d3-568b-44b3-ac93-354b648680f1: shutdown FollowerState
2019-09-20 00:05:33,409 [Thread-2605] INFO  impl.RaftServerImpl (RaftServerImpl.java:setRole(174)) - 6442c8d3-568b-44b3-ac93-354b648680f1@group-404B6AF39F97: changes role from  FOLLOWER to CANDIDATE at term 0 for changeToCandidate
2019-09-20 00:05:33,409 [Thread-2605] INFO  impl.RoleInfo (RoleInfo.java:updateAndGet(143)) - 6442c8d3-568b-44b3-ac93-354b648680f1: start LeaderElection
2019-09-20 00:05:33,503 [c0f82a6b-777f-4a03-a589-5864e9160c05@group-128BA176FE55:LeaderElection131] INFO  impl.LeaderElection (LeaderElection.java:askForVotes(182)) - c0f82a6b-777f-4a03-a589-5864e9160c05@group-128BA176FE55:LeaderElection131: begin an election at term 1 for -1: [c0f82a6b-777f-4a03-a589-5864e9160c05:192.168.5.182:37866], old=null
2019-09-20 00:05:33,504 [c0f82a6b-777f-4a03-a589-5864e9160c05@group-128BA176FE55:LeaderElection131] INFO  impl.RoleInfo (RoleInfo.java:shutdownLeaderElection(134)) - c0f82a6b-777f-4a03-a589-5864e9160c05: shutdown LeaderElection
2019-09-20 00:05:33,504 [c0f82a6b-777f-4a03-a589-5864e9160c05@group-128BA176FE55:LeaderElection131] INFO  impl.RaftServerImpl (RaftServerImpl.java:setRole(174)) - c0f82a6b-777f-4a03-a589-5864e9160c05@group-128BA176FE55: changes role from CANDIDATE to LEADER at term 1 for changeToLeader
2019-09-20 00:05:33,504 [c0f82a6b-777f-4a03-a589-5864e9160c05@group-128BA176FE55:LeaderElection131] INFO  impl.RaftServerImpl (ServerState.java:setLeader(253)) - c0f82a6b-777f-4a03-a589-5864e9160c05@group-128BA176FE55: change Leader from null to c0f82a6b-777f-4a03-a589-5864e9160c05 at term 1 for becomeLeader, leader elected after 5893ms
2019-09-20 00:05:33,504 [c0f82a6b-777f-4a03-a589-5864e9160c05@group-128BA176FE55:LeaderElection131] INFO  server.RaftServerConfigKeys (ConfUtils.java:logGet(43)) - raft.server.staging.catchup.gap = 1000 (default)
2019-09-20 00:05:33,504 [c0f82a6b-777f-4a03-a589-5864e9160c05@group-128BA176FE55:LeaderElection131] INFO  server.RaftServerConfigKeys (ConfUtils.java:logGet(43)) - raft.server.rpc.sleep.time = 25ms (default)
2019-09-20 00:05:33,504 [c0f82a6b-777f-4a03-a589-5864e9160c05@group-128BA176FE55:LeaderElection131] INFO  server.RaftServerConfigKeys (ConfUtils.java:logGet(43)) - raft.server.write.element-limit = 4096 (default)
2019-09-20 00:05:33,504 [c0f82a6b-777f-4a03-a589-5864e9160c05@group-128BA176FE55:LeaderElection131] INFO  server.RaftServerConfigKeys (ConfUtils.java:logGet(43)) - raft.server.watch.timeout = 10s (default)
2019-09-20 00:05:33,504 [c0f82a6b-777f-4a03-a589-5864e9160c05@group-128BA176FE55:LeaderElection131] INFO  server.RaftServerConfigKeys (ConfUtils.java:logGet(43)) - raft.server.watch.timeout.denomination = 1s (default)
2019-09-20 00:05:33,505 [c0f82a6b-777f-4a03-a589-5864e9160c05@group-128BA176FE55:LeaderElection131] INFO  server.RaftServerConfigKeys (ConfUtils.java:logGet(43)) - raft.server.watch.element-limit = 65536 (default)
2019-09-20 00:05:33,507 [c0f82a6b-777f-4a03-a589-5864e9160c05@group-128BA176FE55:LeaderElection131] INFO  impl.RoleInfo (RoleInfo.java:updateAndGet(143)) - c0f82a6b-777f-4a03-a589-5864e9160c05: start LeaderState
2019-09-20 00:05:33,507 [c0f82a6b-777f-4a03-a589-5864e9160c05@group-128BA176FE55:LeaderElection131] INFO  segmented.SegmentedRaftLogWorker (SegmentedRaftLogWorker.java:startLogSegment(380)) - c0f82a6b-777f-4a03-a589-5864e9160c05@group-128BA176FE55-SegmentedRaftLogWorker: Starting segment from index:0
2019-09-20 00:05:33,507 [c0f82a6b-777f-4a03-a589-5864e9160c05@group-128BA176FE55:LeaderElection131] INFO  impl.RaftServerImpl (ServerState.java:setRaftConf(354)) - c0f82a6b-777f-4a03-a589-5864e9160c05@group-128BA176FE55: set configuration 0: [c0f82a6b-777f-4a03-a589-5864e9160c05:192.168.5.182:37866], old=null at 0
2019-09-20 00:05:33,524 [6442c8d3-568b-44b3-ac93-354b648680f1@group-9B27B6995174:LeaderElection132] INFO  impl.LeaderElection (LeaderElection.java:askForVotes(182)) - 6442c8d3-568b-44b3-ac93-354b648680f1@group-9B27B6995174:LeaderElection132: begin an election at term 1 for -1: [6442c8d3-568b-44b3-ac93-354b648680f1:192.168.5.182:44799], old=null
2019-09-20 00:05:33,524 [ea825c9d-8472-466f-bfce-f371396f94a5@group-0715B3DA0BEF:LeaderElection133] INFO  impl.LeaderElection (LeaderElection.java:askForVotes(182)) - ea825c9d-8472-466f-bfce-f371396f94a5@group-0715B3DA0BEF:LeaderElection133: begin an election at term 1 for -1: [ea825c9d-8472-466f-bfce-f371396f94a5:192.168.5.182:42507], old=null
2019-09-20 00:05:33,524 [6442c8d3-568b-44b3-ac93-354b648680f1@group-9B27B6995174:LeaderElection132] INFO  impl.RoleInfo (RoleInfo.java:shutdownLeaderElection(134)) - 6442c8d3-568b-44b3-ac93-354b648680f1: shutdown LeaderElection
2019-09-20 00:05:33,525 [ea825c9d-8472-466f-bfce-f371396f94a5@group-0715B3DA0BEF:LeaderElection133] INFO  impl.RoleInfo (RoleInfo.java:shutdownLeaderElection(134)) - ea825c9d-8472-466f-bfce-f371396f94a5: shutdown LeaderElection
2019-09-20 00:05:33,525 [6442c8d3-568b-44b3-ac93-354b648680f1@group-9B27B6995174:LeaderElection132] INFO  impl.RaftServerImpl (RaftServerImpl.java:setRole(174)) - 6442c8d3-568b-44b3-ac93-354b648680f1@group-9B27B6995174: changes role from CANDIDATE to LEADER at term 1 for changeToLeader
2019-09-20 00:05:33,525 [ea825c9d-8472-466f-bfce-f371396f94a5@group-0715B3DA0BEF:LeaderElection133] INFO  impl.RaftServerImpl (RaftServerImpl.java:setRole(174)) - ea825c9d-8472-466f-bfce-f371396f94a5@group-0715B3DA0BEF: changes role from CANDIDATE to LEADER at term 1 for changeToLeader
2019-09-20 00:05:33,525 [6442c8d3-568b-44b3-ac93-354b648680f1@group-9B27B6995174:LeaderElection132] INFO  impl.RaftServerImpl (ServerState.java:setLeader(253)) - 6442c8d3-568b-44b3-ac93-354b648680f1@group-9B27B6995174: change Leader from null to 6442c8d3-568b-44b3-ac93-354b648680f1 at term 1 for becomeLeader, leader elected after 5828ms
2019-09-20 00:05:33,525 [ea825c9d-8472-466f-bfce-f371396f94a5@group-0715B3DA0BEF:LeaderElection133] INFO  impl.RaftServerImpl (ServerState.java:setLeader(253)) - ea825c9d-8472-466f-bfce-f371396f94a5@group-0715B3DA0BEF: change Leader from null to ea825c9d-8472-466f-bfce-f371396f94a5 at term 1 for becomeLeader, leader elected after 5530ms
2019-09-20 00:05:33,525 [6442c8d3-568b-44b3-ac93-354b648680f1@group-9B27B6995174:LeaderElection132] INFO  server.RaftServerConfigKeys (ConfUtils.java:logGet(43)) - raft.server.staging.catchup.gap = 1000 (default)
2019-09-20 00:05:33,525 [ea825c9d-8472-466f-bfce-f371396f94a5@group-0715B3DA0BEF:LeaderElection133] INFO  server.RaftServerConfigKeys (ConfUtils.java:logGet(43)) - raft.server.staging.catchup.gap = 1000 (default)
2019-09-20 00:05:33,525 [6442c8d3-568b-44b3-ac93-354b648680f1@group-9B27B6995174:LeaderElection132] INFO  server.RaftServerConfigKeys (ConfUtils.java:logGet(43)) - raft.server.rpc.sleep.time = 25ms (default)
2019-09-20 00:05:33,525 [ea825c9d-8472-466f-bfce-f371396f94a5@group-0715B3DA0BEF:LeaderElection133] INFO  server.RaftServerConfigKeys (ConfUtils.java:logGet(43)) - raft.server.rpc.sleep.time = 25ms (default)
2019-09-20 00:05:33,525 [6442c8d3-568b-44b3-ac93-354b648680f1@group-9B27B6995174:LeaderElection132] INFO  server.RaftServerConfigKeys (ConfUtils.java:logGet(43)) - raft.server.write.element-limit = 4096 (default)
2019-09-20 00:05:33,525 [ea825c9d-8472-466f-bfce-f371396f94a5@group-0715B3DA0BEF:LeaderElection133] INFO  server.RaftServerConfigKeys (ConfUtils.java:logGet(43)) - raft.server.write.element-limit = 4096 (default)
2019-09-20 00:05:33,526 [6442c8d3-568b-44b3-ac93-354b648680f1@group-9B27B6995174:LeaderElection132] INFO  server.RaftServerConfigKeys (ConfUtils.java:logGet(43)) - raft.server.watch.timeout = 10s (default)
2019-09-20 00:05:33,526 [ea825c9d-8472-466f-bfce-f371396f94a5@group-0715B3DA0BEF:LeaderElection133] INFO  server.RaftServerConfigKeys (ConfUtils.java:logGet(43)) - raft.server.watch.timeout = 10s (default)
2019-09-20 00:05:33,526 [6442c8d3-568b-44b3-ac93-354b648680f1@group-9B27B6995174:LeaderElection132] INFO  server.RaftServerConfigKeys (ConfUtils.java:logGet(43)) - raft.server.watch.timeout.denomination = 1s (default)
2019-09-20 00:05:33,526 [ea825c9d-8472-466f-bfce-f371396f94a5@group-0715B3DA0BEF:LeaderElection133] INFO  server.RaftServerConfigKeys (ConfUtils.java:logGet(43)) - raft.server.watch.timeout.denomination = 1s (default)
2019-09-20 00:05:33,526 [6442c8d3-568b-44b3-ac93-354b648680f1@group-9B27B6995174:LeaderElection132] INFO  server.RaftServerConfigKeys (ConfUtils.java:logGet(43)) - raft.server.watch.element-limit = 65536 (default)
2019-09-20 00:05:33,526 [ea825c9d-8472-466f-bfce-f371396f94a5@group-0715B3DA0BEF:LeaderElection133] INFO  server.RaftServerConfigKeys (ConfUtils.java:logGet(43)) - raft.server.watch.element-limit = 65536 (default)
2019-09-20 00:05:33,528 [6442c8d3-568b-44b3-ac93-354b648680f1@group-9B27B6995174:LeaderElection132] INFO  impl.RoleInfo (RoleInfo.java:updateAndGet(143)) - 6442c8d3-568b-44b3-ac93-354b648680f1: start LeaderState
2019-09-20 00:05:33,528 [ea825c9d-8472-466f-bfce-f371396f94a5@group-0715B3DA0BEF:LeaderElection133] INFO  impl.RoleInfo (RoleInfo.java:updateAndGet(143)) - ea825c9d-8472-466f-bfce-f371396f94a5: start LeaderState
2019-09-20 00:05:33,529 [6442c8d3-568b-44b3-ac93-354b648680f1@group-9B27B6995174:LeaderElection132] INFO  segmented.SegmentedRaftLogWorker (SegmentedRaftLogWorker.java:startLogSegment(380)) - 6442c8d3-568b-44b3-ac93-354b648680f1@group-9B27B6995174-SegmentedRaftLogWorker: Starting segment from index:0
2019-09-20 00:05:33,529 [ea825c9d-8472-466f-bfce-f371396f94a5@group-0715B3DA0BEF:LeaderElection133] INFO  segmented.SegmentedRaftLogWorker (SegmentedRaftLogWorker.java:startLogSegment(380)) - ea825c9d-8472-466f-bfce-f371396f94a5@group-0715B3DA0BEF-SegmentedRaftLogWorker: Starting segment from index:0
2019-09-20 00:05:33,529 [6442c8d3-568b-44b3-ac93-354b648680f1@group-9B27B6995174:LeaderElection132] INFO  impl.RaftServerImpl (ServerState.java:setRaftConf(354)) - 6442c8d3-568b-44b3-ac93-354b648680f1@group-9B27B6995174: set configuration 0: [6442c8d3-568b-44b3-ac93-354b648680f1:192.168.5.182:44799], old=null at 0
2019-09-20 00:05:33,529 [ea825c9d-8472-466f-bfce-f371396f94a5@group-0715B3DA0BEF:LeaderElection133] INFO  impl.RaftServerImpl (ServerState.java:setRaftConf(354)) - ea825c9d-8472-466f-bfce-f371396f94a5@group-0715B3DA0BEF: set configuration 0: [ea825c9d-8472-466f-bfce-f371396f94a5:192.168.5.182:42507], old=null at 0
2019-09-20 00:05:33,674 [Thread-2614] INFO  impl.FollowerState (FollowerState.java:run(106)) - ea825c9d-8472-466f-bfce-f371396f94a5:group-6FA78447CFD7 changes to CANDIDATE, lastRpcTime:5014, electionTimeout:5014ms
2019-09-20 00:05:33,674 [Thread-2614] INFO  impl.RoleInfo (RoleInfo.java:shutdownFollowerState(121)) - ea825c9d-8472-466f-bfce-f371396f94a5: shutdown FollowerState
2019-09-20 00:05:33,674 [Thread-2614] INFO  impl.RaftServerImpl (RaftServerImpl.java:setRole(174)) - ea825c9d-8472-466f-bfce-f371396f94a5@group-6FA78447CFD7: changes role from  FOLLOWER to CANDIDATE at term 0 for changeToCandidate
2019-09-20 00:05:33,674 [Thread-2614] INFO  impl.RoleInfo (RoleInfo.java:updateAndGet(143)) - ea825c9d-8472-466f-bfce-f371396f94a5: start LeaderElection
2019-09-20 00:05:33,697 [c0f82a6b-777f-4a03-a589-5864e9160c05@group-128BA176FE55-SegmentedRaftLogWorker] INFO  segmented.SegmentedRaftLogWorker (SegmentedRaftLogWorker.java:execute(569)) - c0f82a6b-777f-4a03-a589-5864e9160c05@group-128BA176FE55-SegmentedRaftLogWorker: created new log segment /workdir/hadoop-ozone/integration-test/target/test-dir/MiniOzoneClusterImpl-f43817f8-c2ee-484a-a975-3aa49b4c2d8f/datanode-3/data/ratis/1d582832-5ac2-4010-9c0e-128ba176fe55/current/log_inprogress_0
2019-09-20 00:05:33,697 [e478c757-b491-4de8-9fe6-50ff52283427@group-404B6AF39F97:LeaderElection136] INFO  impl.LeaderElection (LeaderElection.java:askForVotes(182)) - e478c757-b491-4de8-9fe6-50ff52283427@group-404B6AF39F97:LeaderElection136: begin an election at term 1 for -1: [6442c8d3-568b-44b3-ac93-354b648680f1:192.168.5.182:44799, c0f82a6b-777f-4a03-a589-5864e9160c05:192.168.5.182:37866, e478c757-b491-4de8-9fe6-50ff52283427:192.168.5.182:39844], old=null
2019-09-20 00:05:33,697 [41c96ee6-96c4-4c7b-baa5-2410cf13d401@group-A9C662CE8374:LeaderElection134] INFO  impl.LeaderElection (LeaderElection.java:askForVotes(182)) - 41c96ee6-96c4-4c7b-baa5-2410cf13d401@group-A9C662CE8374:LeaderElection134: begin an election at term 1 for -1: [41c96ee6-96c4-4c7b-baa5-2410cf13d401:192.168.5.182:45792], old=null
2019-09-20 00:05:33,697 [6442c8d3-568b-44b3-ac93-354b648680f1@group-404B6AF39F97:LeaderElection138] INFO  impl.LeaderElection (LeaderElection.java:askForVotes(182)) - 6442c8d3-568b-44b3-ac93-354b648680f1@group-404B6AF39F97:LeaderElection138: begin an election at term 1 for -1: [6442c8d3-568b-44b3-ac93-354b648680f1:192.168.5.182:44799, c0f82a6b-777f-4a03-a589-5864e9160c05:192.168.5.182:37866, e478c757-b491-4de8-9fe6-50ff52283427:192.168.5.182:39844], old=null
2019-09-20 00:05:33,697 [459198ed-48fa-482c-a7b6-3dfc76eaacd2@group-C0A99C1BCE2B:LeaderElection135] INFO  impl.LeaderElection (LeaderElection.java:askForVotes(182)) - 459198ed-48fa-482c-a7b6-3dfc76eaacd2@group-C0A99C1BCE2B:LeaderElection135: begin an election at term 1 for -1: [459198ed-48fa-482c-a7b6-3dfc76eaacd2:192.168.5.182:38296], old=null
2019-09-20 00:05:33,698 [459198ed-48fa-482c-a7b6-3dfc76eaacd2@group-C0A99C1BCE2B:LeaderElection135] INFO  impl.RoleInfo (RoleInfo.java:shutdownLeaderElection(134)) - 459198ed-48fa-482c-a7b6-3dfc76eaacd2: shutdown LeaderElection
2019-09-20 00:05:33,698 [459198ed-48fa-482c-a7b6-3dfc76eaacd2@group-C0A99C1BCE2B:LeaderElection135] INFO  impl.RaftServerImpl (RaftServerImpl.java:setRole(174)) - 459198ed-48fa-482c-a7b6-3dfc76eaacd2@group-C0A99C1BCE2B: changes role from CANDIDATE to LEADER at term 1 for changeToLeader
2019-09-20 00:05:33,698 [459198ed-48fa-482c-a7b6-3dfc76eaacd2@group-C0A99C1BCE2B:LeaderElection135] INFO  impl.RaftServerImpl (ServerState.java:setLeader(253)) - 459198ed-48fa-482c-a7b6-3dfc76eaacd2@group-C0A99C1BCE2B: change Leader from null to 459198ed-48fa-482c-a7b6-3dfc76eaacd2 at term 1 for becomeLeader, leader elected after 5501ms
2019-09-20 00:05:33,697 [ea825c9d-8472-466f-bfce-f371396f94a5@group-0715B3DA0BEF-SegmentedRaftLogWorker] INFO  segmented.SegmentedRaftLogWorker (SegmentedRaftLogWorker.java:execute(569)) - ea825c9d-8472-466f-bfce-f371396f94a5@group-0715B3DA0BEF-SegmentedRaftLogWorker: created new log segment /workdir/hadoop-ozone/integration-test/target/test-dir/MiniOzoneClusterImpl-f43817f8-c2ee-484a-a975-3aa49b4c2d8f/datanode-2/data/ratis/aa1c42af-4618-4e20-8842-0715b3da0bef/current/log_inprogress_0
2019-09-20 00:05:33,698 [459198ed-48fa-482c-a7b6-3dfc76eaacd2@group-C0A99C1BCE2B:LeaderElection135] INFO  server.RaftServerConfigKeys (ConfUtils.java:logGet(43)) - raft.server.staging.catchup.gap = 1000 (default)
2019-09-20 00:05:33,698 [41c96ee6-96c4-4c7b-baa5-2410cf13d401@group-A9C662CE8374:LeaderElection134] INFO  impl.RoleInfo (RoleInfo.java:shutdownLeaderElection(134)) - 41c96ee6-96c4-4c7b-baa5-2410cf13d401: shutdown LeaderElection
2019-09-20 00:05:33,699 [41c96ee6-96c4-4c7b-baa5-2410cf13d401@group-A9C662CE8374:LeaderElection134] INFO  impl.RaftServerImpl (RaftServerImpl.java:setRole(174)) - 41c96ee6-96c4-4c7b-baa5-2410cf13d401@group-A9C662CE8374: changes role from CANDIDATE to LEADER at term 1 for changeToLeader
2019-09-20 00:05:33,699 [41c96ee6-96c4-4c7b-baa5-2410cf13d401@group-A9C662CE8374:LeaderElection134] INFO  impl.RaftServerImpl (ServerState.java:setLeader(253)) - 41c96ee6-96c4-4c7b-baa5-2410cf13d401@group-A9C662CE8374: change Leader from null to 41c96ee6-96c4-4c7b-baa5-2410cf13d401 at term 1 for becomeLeader, leader elected after 5584ms
2019-09-20 00:05:33,699 [41c96ee6-96c4-4c7b-baa5-2410cf13d401@group-A9C662CE8374:LeaderElection134] INFO  server.RaftServerConfigKeys (ConfUtils.java:logGet(43)) - raft.server.staging.catchup.gap = 1000 (default)
2019-09-20 00:05:33,699 [41c96ee6-96c4-4c7b-baa5-2410cf13d401@group-A9C662CE8374:LeaderElection134] INFO  server.RaftServerConfigKeys (ConfUtils.java:logGet(43)) - raft.server.rpc.sleep.time = 25ms (default)
2019-09-20 00:05:33,699 [41c96ee6-96c4-4c7b-baa5-2410cf13d401@group-A9C662CE8374:LeaderElection134] INFO  server.RaftServerConfigKeys (ConfUtils.java:logGet(43)) - raft.server.write.element-limit = 4096 (default)
2019-09-20 00:05:33,699 [41c96ee6-96c4-4c7b-baa5-2410cf13d401@group-A9C662CE8374:LeaderElection134] INFO  server.RaftServerConfigKeys (ConfUtils.java:logGet(43)) - raft.server.watch.timeout = 10s (default)
2019-09-20 00:05:33,699 [41c96ee6-96c4-4c7b-baa5-2410cf13d401@group-A9C662CE8374:LeaderElection134] INFO  server.RaftServerConfigKeys (ConfUtils.java:logGet(43)) - raft.server.watch.timeout.denomination = 1s (default)
2019-09-20 00:05:33,699 [41c96ee6-96c4-4c7b-baa5-2410cf13d401@group-A9C662CE8374:LeaderElection134] INFO  server.RaftServerConfigKeys (ConfUtils.java:logGet(43)) - raft.server.watch.element-limit = 65536 (default)
2019-09-20 00:05:33,697 [6442c8d3-568b-44b3-ac93-354b648680f1@group-9B27B6995174-SegmentedRaftLogWorker] INFO  segmented.SegmentedRaftLogWorker (SegmentedRaftLogWorker.java:execute(569)) - 6442c8d3-568b-44b3-ac93-354b648680f1@group-9B27B6995174-SegmentedRaftLogWorker: created new log segment /workdir/hadoop-ozone/integration-test/target/test-dir/MiniOzoneClusterImpl-f43817f8-c2ee-484a-a975-3aa49b4c2d8f/datanode-6/data/ratis/85788892-6fce-4671-840b-9b27b6995174/current/log_inprogress_0
2019-09-20 00:05:33,697 [c0f82a6b-777f-4a03-a589-5864e9160c05@group-404B6AF39F97:LeaderElection137] INFO  impl.LeaderElection (LeaderElection.java:askForVotes(182)) - c0f82a6b-777f-4a03-a589-5864e9160c05@group-404B6AF39F97:LeaderElection137: begin an election at term 1 for -1: [6442c8d3-568b-44b3-ac93-354b648680f1:192.168.5.182:44799, c0f82a6b-777f-4a03-a589-5864e9160c05:192.168.5.182:37866, e478c757-b491-4de8-9fe6-50ff52283427:192.168.5.182:39844], old=null
2019-09-20 00:05:33,698 [459198ed-48fa-482c-a7b6-3dfc76eaacd2@group-C0A99C1BCE2B:LeaderElection135] INFO  server.RaftServerConfigKeys (ConfUtils.java:logGet(43)) - raft.server.rpc.sleep.time = 25ms (default)
2019-09-20 00:05:33,701 [459198ed-48fa-482c-a7b6-3dfc76eaacd2@group-C0A99C1BCE2B:LeaderElection135] INFO  server.RaftServerConfigKeys (ConfUtils.java:logGet(43)) - raft.server.write.element-limit = 4096 (default)
2019-09-20 00:05:33,701 [459198ed-48fa-482c-a7b6-3dfc76eaacd2@group-C0A99C1BCE2B:LeaderElection135] INFO  server.RaftServerConfigKeys (ConfUtils.java:logGet(43)) - raft.server.watch.timeout = 10s (default)
2019-09-20 00:05:33,701 [459198ed-48fa-482c-a7b6-3dfc76eaacd2@group-C0A99C1BCE2B:LeaderElection135] INFO  server.RaftServerConfigKeys (ConfUtils.java:logGet(43)) - raft.server.watch.timeout.denomination = 1s (default)
2019-09-20 00:05:33,701 [459198ed-48fa-482c-a7b6-3dfc76eaacd2@group-C0A99C1BCE2B:LeaderElection135] INFO  server.RaftServerConfigKeys (ConfUtils.java:logGet(43)) - raft.server.watch.element-limit = 65536 (default)
2019-09-20 00:05:33,701 [41c96ee6-96c4-4c7b-baa5-2410cf13d401@group-A9C662CE8374:LeaderElection134] INFO  impl.RoleInfo (RoleInfo.java:updateAndGet(143)) - 41c96ee6-96c4-4c7b-baa5-2410cf13d401: start LeaderState
2019-09-20 00:05:33,702 [41c96ee6-96c4-4c7b-baa5-2410cf13d401@group-A9C662CE8374:LeaderElection134] INFO  segmented.SegmentedRaftLogWorker (SegmentedRaftLogWorker.java:startLogSegment(380)) - 41c96ee6-96c4-4c7b-baa5-2410cf13d401@group-A9C662CE8374-SegmentedRaftLogWorker: Starting segment from index:0
2019-09-20 00:05:33,703 [e478c757-b491-4de8-9fe6-50ff52283427@group-404B6AF39F97:LeaderElection136] INFO  impl.LeaderElection (LeaderElection.java:logAndReturn(56)) - e478c757-b491-4de8-9fe6-50ff52283427@group-404B6AF39F97:LeaderElection136: Election REJECTED; received 2 response(s) [e478c757-b491-4de8-9fe6-50ff52283427<-6442c8d3-568b-44b3-ac93-354b648680f1#0:FAIL-t1, e478c757-b491-4de8-9fe6-50ff52283427<-c0f82a6b-777f-4a03-a589-5864e9160c05#0:FAIL-t1] and 0 exception(s); e478c757-b491-4de8-9fe6-50ff52283427@group-404B6AF39F97:t1, leader=null, voted=e478c757-b491-4de8-9fe6-50ff52283427, raftlog=e478c757-b491-4de8-9fe6-50ff52283427@group-404B6AF39F97-SegmentedRaftLog:OPENED:c-1,f-1,i0, conf=-1: [6442c8d3-568b-44b3-ac93-354b648680f1:192.168.5.182:44799, c0f82a6b-777f-4a03-a589-5864e9160c05:192.168.5.182:37866, e478c757-b491-4de8-9fe6-50ff52283427:192.168.5.182:39844], old=null
2019-09-20 00:05:33,703 [459198ed-48fa-482c-a7b6-3dfc76eaacd2@group-C0A99C1BCE2B:LeaderElection135] INFO  impl.RoleInfo (RoleInfo.java:updateAndGet(143)) - 459198ed-48fa-482c-a7b6-3dfc76eaacd2: start LeaderState
2019-09-20 00:05:33,704 [459198ed-48fa-482c-a7b6-3dfc76eaacd2@group-C0A99C1BCE2B:LeaderElection135] INFO  segmented.SegmentedRaftLogWorker (SegmentedRaftLogWorker.java:startLogSegment(380)) - 459198ed-48fa-482c-a7b6-3dfc76eaacd2@group-C0A99C1BCE2B-SegmentedRaftLogWorker: Starting segment from index:0
2019-09-20 00:05:33,704 [41c96ee6-96c4-4c7b-baa5-2410cf13d401@group-A9C662CE8374:LeaderElection134] INFO  impl.RaftServerImpl (ServerState.java:setRaftConf(354)) - 41c96ee6-96c4-4c7b-baa5-2410cf13d401@group-A9C662CE8374: set configuration 0: [41c96ee6-96c4-4c7b-baa5-2410cf13d401:192.168.5.182:45792], old=null at 0
2019-09-20 00:05:33,704 [e478c757-b491-4de8-9fe6-50ff52283427@group-404B6AF39F97:LeaderElection136] INFO  impl.RaftServerImpl (RaftServerImpl.java:setRole(174)) - e478c757-b491-4de8-9fe6-50ff52283427@group-404B6AF39F97: changes role from CANDIDATE to FOLLOWER at term 1 for DISCOVERED_A_NEW_TERM
2019-09-20 00:05:33,704 [e478c757-b491-4de8-9fe6-50ff52283427@group-404B6AF39F97:LeaderElection136] INFO  impl.RoleInfo (RoleInfo.java:shutdownLeaderElection(134)) - e478c757-b491-4de8-9fe6-50ff52283427: shutdown LeaderElection
2019-09-20 00:05:33,705 [459198ed-48fa-482c-a7b6-3dfc76eaacd2@group-C0A99C1BCE2B:LeaderElection135] INFO  impl.RaftServerImpl (ServerState.java:setRaftConf(354)) - 459198ed-48fa-482c-a7b6-3dfc76eaacd2@group-C0A99C1BCE2B: set configuration 0: [459198ed-48fa-482c-a7b6-3dfc76eaacd2:192.168.5.182:38296], old=null at 0
2019-09-20 00:05:33,705 [e478c757-b491-4de8-9fe6-50ff52283427@group-404B6AF39F97:LeaderElection136] INFO  impl.RoleInfo (RoleInfo.java:updateAndGet(143)) - e478c757-b491-4de8-9fe6-50ff52283427: start FollowerState
2019-09-20 00:05:33,706 [6442c8d3-568b-44b3-ac93-354b648680f1@group-404B6AF39F97:LeaderElection138] INFO  impl.LeaderElection (LeaderElection.java:logAndReturn(56)) - 6442c8d3-568b-44b3-ac93-354b648680f1@group-404B6AF39F97:LeaderElection138: Election REJECTED; received 2 response(s) [6442c8d3-568b-44b3-ac93-354b648680f1<-c0f82a6b-777f-4a03-a589-5864e9160c05#0:FAIL-t1, 6442c8d3-568b-44b3-ac93-354b648680f1<-e478c757-b491-4de8-9fe6-50ff52283427#0:FAIL-t1] and 0 exception(s); 6442c8d3-568b-44b3-ac93-354b648680f1@group-404B6AF39F97:t1, leader=null, voted=6442c8d3-568b-44b3-ac93-354b648680f1, raftlog=6442c8d3-568b-44b3-ac93-354b648680f1@group-404B6AF39F97-SegmentedRaftLog:OPENED:c-1,f-1,i0, conf=-1: [6442c8d3-568b-44b3-ac93-354b648680f1:192.168.5.182:44799, c0f82a6b-777f-4a03-a589-5864e9160c05:192.168.5.182:37866, e478c757-b491-4de8-9fe6-50ff52283427:192.168.5.182:39844], old=null
2019-09-20 00:05:33,706 [6442c8d3-568b-44b3-ac93-354b648680f1@group-404B6AF39F97:LeaderElection138] INFO  impl.RaftServerImpl (RaftServerImpl.java:setRole(174)) - 6442c8d3-568b-44b3-ac93-354b648680f1@group-404B6AF39F97: changes role from CANDIDATE to FOLLOWER at term 1 for DISCOVERED_A_NEW_TERM
2019-09-20 00:05:33,706 [6442c8d3-568b-44b3-ac93-354b648680f1@group-404B6AF39F97:LeaderElection138] INFO  impl.RoleInfo (RoleInfo.java:shutdownLeaderElection(134)) - 6442c8d3-568b-44b3-ac93-354b648680f1: shutdown LeaderElection
2019-09-20 00:05:33,706 [6442c8d3-568b-44b3-ac93-354b648680f1@group-404B6AF39F97:LeaderElection138] INFO  impl.RoleInfo (RoleInfo.java:updateAndGet(143)) - 6442c8d3-568b-44b3-ac93-354b648680f1: start FollowerState
2019-09-20 00:05:33,707 [Thread-2616] INFO  impl.FollowerState (FollowerState.java:run(106)) - 41c96ee6-96c4-4c7b-baa5-2410cf13d401:group-6FA78447CFD7 changes to CANDIDATE, lastRpcTime:5046, electionTimeout:5045ms
2019-09-20 00:05:33,707 [Thread-2616] INFO  impl.RoleInfo (RoleInfo.java:shutdownFollowerState(121)) - 41c96ee6-96c4-4c7b-baa5-2410cf13d401: shutdown FollowerState
2019-09-20 00:05:33,707 [Thread-2616] INFO  impl.RaftServerImpl (RaftServerImpl.java:setRole(174)) - 41c96ee6-96c4-4c7b-baa5-2410cf13d401@group-6FA78447CFD7: changes role from  FOLLOWER to CANDIDATE at term 0 for changeToCandidate
2019-09-20 00:05:33,707 [Thread-2616] INFO  impl.RoleInfo (RoleInfo.java:updateAndGet(143)) - 41c96ee6-96c4-4c7b-baa5-2410cf13d401: start LeaderElection
2019-09-20 00:05:33,749 [Thread-2611] INFO  impl.FollowerState (FollowerState.java:run(106)) - 459198ed-48fa-482c-a7b6-3dfc76eaacd2:group-6FA78447CFD7 changes to CANDIDATE, lastRpcTime:5090, electionTimeout:5071ms
2019-09-20 00:05:33,749 [Thread-2611] INFO  impl.RoleInfo (RoleInfo.java:shutdownFollowerState(121)) - 459198ed-48fa-482c-a7b6-3dfc76eaacd2: shutdown FollowerState
2019-09-20 00:05:33,749 [Thread-2611] INFO  impl.RaftServerImpl (RaftServerImpl.java:setRole(174)) - 459198ed-48fa-482c-a7b6-3dfc76eaacd2@group-6FA78447CFD7: changes role from  FOLLOWER to CANDIDATE at term 0 for changeToCandidate
2019-09-20 00:05:33,749 [Thread-2611] INFO  impl.RoleInfo (RoleInfo.java:updateAndGet(143)) - 459198ed-48fa-482c-a7b6-3dfc76eaacd2: start LeaderElection
2019-09-20 00:05:33,761 [ea825c9d-8472-466f-bfce-f371396f94a5@group-6FA78447CFD7:LeaderElection139] INFO  impl.LeaderElection (LeaderElection.java:askForVotes(182)) - ea825c9d-8472-466f-bfce-f371396f94a5@group-6FA78447CFD7:LeaderElection139: begin an election at term 1 for -1: [459198ed-48fa-482c-a7b6-3dfc76eaacd2:192.168.5.182:38296, 41c96ee6-96c4-4c7b-baa5-2410cf13d401:192.168.5.182:45792, ea825c9d-8472-466f-bfce-f371396f94a5:192.168.5.182:42507], old=null
2019-09-20 00:05:33,761 [c0f82a6b-777f-4a03-a589-5864e9160c05@group-404B6AF39F97:LeaderElection137] INFO  impl.LeaderElection (LeaderElection.java:logAndReturn(56)) - c0f82a6b-777f-4a03-a589-5864e9160c05@group-404B6AF39F97:LeaderElection137: Election REJECTED; received 2 response(s) [c0f82a6b-777f-4a03-a589-5864e9160c05<-6442c8d3-568b-44b3-ac93-354b648680f1#0:FAIL-t1, c0f82a6b-777f-4a03-a589-5864e9160c05<-e478c757-b491-4de8-9fe6-50ff52283427#0:FAIL-t1] and 0 exception(s); c0f82a6b-777f-4a03-a589-5864e9160c05@group-404B6AF39F97:t1, leader=null, voted=c0f82a6b-777f-4a03-a589-5864e9160c05, raftlog=c0f82a6b-777f-4a03-a589-5864e9160c05@group-404B6AF39F97-SegmentedRaftLog:OPENED:c-1,f-1,i0, conf=-1: [6442c8d3-568b-44b3-ac93-354b648680f1:192.168.5.182:44799, c0f82a6b-777f-4a03-a589-5864e9160c05:192.168.5.182:37866, e478c757-b491-4de8-9fe6-50ff52283427:192.168.5.182:39844], old=null
2019-09-20 00:05:33,761 [c0f82a6b-777f-4a03-a589-5864e9160c05@group-404B6AF39F97:LeaderElection137] INFO  impl.RaftServerImpl (RaftServerImpl.java:setRole(174)) - c0f82a6b-777f-4a03-a589-5864e9160c05@group-404B6AF39F97: changes role from CANDIDATE to FOLLOWER at term 1 for DISCOVERED_A_NEW_TERM
2019-09-20 00:05:33,762 [c0f82a6b-777f-4a03-a589-5864e9160c05@group-404B6AF39F97:LeaderElection137] INFO  impl.RoleInfo (RoleInfo.java:shutdownLeaderElection(134)) - c0f82a6b-777f-4a03-a589-5864e9160c05: shutdown LeaderElection
2019-09-20 00:05:33,762 [c0f82a6b-777f-4a03-a589-5864e9160c05@group-404B6AF39F97:LeaderElection137] INFO  impl.RoleInfo (RoleInfo.java:updateAndGet(143)) - c0f82a6b-777f-4a03-a589-5864e9160c05: start FollowerState
2019-09-20 00:05:33,857 [grpc-default-executor-1] INFO  client.GrpcClientProtocolClient (GrpcClientProtocolClient.java:onNext(264)) - client-6D78C6DD845D->6442c8d3-568b-44b3-ac93-354b648680f1: receive RaftClientReply:client-6D78C6DD845D->6442c8d3-568b-44b3-ac93-354b648680f1@group-404B6AF39F97, cid=95, FAILED org.apache.ratis.protocol.NotLeaderException: Server 6442c8d3-568b-44b3-ac93-354b648680f1@group-404B6AF39F97 is not the leader, logIndex=0, commits[6442c8d3-568b-44b3-ac93-354b648680f1:c-1]
2019-09-20 00:05:34,878 [grpc-default-executor-6] INFO  client.GrpcClientProtocolClient (GrpcClientProtocolClient.java:onNext(264)) - client-6D78C6DD845D->c0f82a6b-777f-4a03-a589-5864e9160c05: receive RaftClientReply:client-6D78C6DD845D->c0f82a6b-777f-4a03-a589-5864e9160c05@group-404B6AF39F97, cid=95, FAILED org.apache.ratis.protocol.NotLeaderException: Server c0f82a6b-777f-4a03-a589-5864e9160c05@group-404B6AF39F97 is not the leader, logIndex=0, commits[c0f82a6b-777f-4a03-a589-5864e9160c05:c-1]
2019-09-20 00:05:34,903 [459198ed-48fa-482c-a7b6-3dfc76eaacd2@group-C0A99C1BCE2B-SegmentedRaftLogWorker] INFO  segmented.SegmentedRaftLogWorker (SegmentedRaftLogWorker.java:execute(569)) - 459198ed-48fa-482c-a7b6-3dfc76eaacd2@group-C0A99C1BCE2B-SegmentedRaftLogWorker: created new log segment /workdir/hadoop-ozone/integration-test/target/test-dir/MiniOzoneClusterImpl-f43817f8-c2ee-484a-a975-3aa49b4c2d8f/datanode-5/data/ratis/7de65ce8-6cec-44c1-b1a8-c0a99c1bce2b/current/log_inprogress_0
2019-09-20 00:05:34,903 [41c96ee6-96c4-4c7b-baa5-2410cf13d401@group-6FA78447CFD7:LeaderElection140] INFO  impl.LeaderElection (LeaderElection.java:askForVotes(182)) - 41c96ee6-96c4-4c7b-baa5-2410cf13d401@group-6FA78447CFD7:LeaderElection140: begin an election at term 1 for -1: [459198ed-48fa-482c-a7b6-3dfc76eaacd2:192.168.5.182:38296, 41c96ee6-96c4-4c7b-baa5-2410cf13d401:192.168.5.182:45792, ea825c9d-8472-466f-bfce-f371396f94a5:192.168.5.182:42507], old=null
2019-09-20 00:05:34,903 [459198ed-48fa-482c-a7b6-3dfc76eaacd2@group-6FA78447CFD7:LeaderElection141] INFO  impl.LeaderElection (LeaderElection.java:askForVotes(182)) - 459198ed-48fa-482c-a7b6-3dfc76eaacd2@group-6FA78447CFD7:LeaderElection141: begin an election at term 1 for -1: [459198ed-48fa-482c-a7b6-3dfc76eaacd2:192.168.5.182:38296, 41c96ee6-96c4-4c7b-baa5-2410cf13d401:192.168.5.182:45792, ea825c9d-8472-466f-bfce-f371396f94a5:192.168.5.182:42507], old=null
2019-09-20 00:05:34,903 [41c96ee6-96c4-4c7b-baa5-2410cf13d401@group-A9C662CE8374-SegmentedRaftLogWorker] INFO  segmented.SegmentedRaftLogWorker (SegmentedRaftLogWorker.java:execute(569)) - 41c96ee6-96c4-4c7b-baa5-2410cf13d401@group-A9C662CE8374-SegmentedRaftLogWorker: created new log segment /workdir/hadoop-ozone/integration-test/target/test-dir/MiniOzoneClusterImpl-f43817f8-c2ee-484a-a975-3aa49b4c2d8f/datanode-4/data/ratis/c4f623d1-cc60-4d0e-a389-a9c662ce8374/current/log_inprogress_0
2019-09-20 00:05:34,910 [ea825c9d-8472-466f-bfce-f371396f94a5@group-6FA78447CFD7:LeaderElection139] INFO  impl.LeaderElection (LeaderElection.java:logAndReturn(56)) - ea825c9d-8472-466f-bfce-f371396f94a5@group-6FA78447CFD7:LeaderElection139: Election REJECTED; received 2 response(s) [ea825c9d-8472-466f-bfce-f371396f94a5<-459198ed-48fa-482c-a7b6-3dfc76eaacd2#0:FAIL-t1, ea825c9d-8472-466f-bfce-f371396f94a5<-41c96ee6-96c4-4c7b-baa5-2410cf13d401#0:FAIL-t1] and 0 exception(s); ea825c9d-8472-466f-bfce-f371396f94a5@group-6FA78447CFD7:t1, leader=null, voted=ea825c9d-8472-466f-bfce-f371396f94a5, raftlog=ea825c9d-8472-466f-bfce-f371396f94a5@group-6FA78447CFD7-SegmentedRaftLog:OPENED:c-1,f-1,i0, conf=-1: [459198ed-48fa-482c-a7b6-3dfc76eaacd2:192.168.5.182:38296, 41c96ee6-96c4-4c7b-baa5-2410cf13d401:192.168.5.182:45792, ea825c9d-8472-466f-bfce-f371396f94a5:192.168.5.182:42507], old=null
2019-09-20 00:05:34,910 [ea825c9d-8472-466f-bfce-f371396f94a5@group-6FA78447CFD7:LeaderElection139] INFO  impl.RaftServerImpl (RaftServerImpl.java:setRole(174)) - ea825c9d-8472-466f-bfce-f371396f94a5@group-6FA78447CFD7: changes role from CANDIDATE to FOLLOWER at term 1 for DISCOVERED_A_NEW_TERM
2019-09-20 00:05:34,911 [ea825c9d-8472-466f-bfce-f371396f94a5@group-6FA78447CFD7:LeaderElection139] INFO  impl.RoleInfo (RoleInfo.java:shutdownLeaderElection(134)) - ea825c9d-8472-466f-bfce-f371396f94a5: shutdown LeaderElection
2019-09-20 00:05:34,911 [ea825c9d-8472-466f-bfce-f371396f94a5@group-6FA78447CFD7:LeaderElection139] INFO  impl.RoleInfo (RoleInfo.java:updateAndGet(143)) - ea825c9d-8472-466f-bfce-f371396f94a5: start FollowerState
2019-09-20 00:05:34,914 [41c96ee6-96c4-4c7b-baa5-2410cf13d401@group-6FA78447CFD7:LeaderElection140] INFO  impl.LeaderElection (LeaderElection.java:logAndReturn(56)) - 41c96ee6-96c4-4c7b-baa5-2410cf13d401@group-6FA78447CFD7:LeaderElection140: Election REJECTED; received 2 response(s) [41c96ee6-96c4-4c7b-baa5-2410cf13d401<-459198ed-48fa-482c-a7b6-3dfc76eaacd2#0:FAIL-t1, 41c96ee6-96c4-4c7b-baa5-2410cf13d401<-ea825c9d-8472-466f-bfce-f371396f94a5#0:FAIL-t1] and 0 exception(s); 41c96ee6-96c4-4c7b-baa5-2410cf13d401@group-6FA78447CFD7:t1, leader=null, voted=41c96ee6-96c4-4c7b-baa5-2410cf13d401, raftlog=41c96ee6-96c4-4c7b-baa5-2410cf13d401@group-6FA78447CFD7-SegmentedRaftLog:OPENED:c-1,f-1,i0, conf=-1: [459198ed-48fa-482c-a7b6-3dfc76eaacd2:192.168.5.182:38296, 41c96ee6-96c4-4c7b-baa5-2410cf13d401:192.168.5.182:45792, ea825c9d-8472-466f-bfce-f371396f94a5:192.168.5.182:42507], old=null
2019-09-20 00:05:34,914 [41c96ee6-96c4-4c7b-baa5-2410cf13d401@group-6FA78447CFD7:LeaderElection140] INFO  impl.RaftServerImpl (RaftServerImpl.java:setRole(174)) - 41c96ee6-96c4-4c7b-baa5-2410cf13d401@group-6FA78447CFD7: changes role from CANDIDATE to FOLLOWER at term 1 for DISCOVERED_A_NEW_TERM
2019-09-20 00:05:34,914 [41c96ee6-96c4-4c7b-baa5-2410cf13d401@group-6FA78447CFD7:LeaderElection140] INFO  impl.RoleInfo (RoleInfo.java:shutdownLeaderElection(134)) - 41c96ee6-96c4-4c7b-baa5-2410cf13d401: shutdown LeaderElection
2019-09-20 00:05:34,914 [41c96ee6-96c4-4c7b-baa5-2410cf13d401@group-6FA78447CFD7:LeaderElection140] INFO  impl.RoleInfo (RoleInfo.java:updateAndGet(143)) - 41c96ee6-96c4-4c7b-baa5-2410cf13d401: start FollowerState
2019-09-20 00:05:34,915 [459198ed-48fa-482c-a7b6-3dfc76eaacd2@group-6FA78447CFD7:LeaderElection141] INFO  impl.LeaderElection (LeaderElection.java:logAndReturn(56)) - 459198ed-48fa-482c-a7b6-3dfc76eaacd2@group-6FA78447CFD7:LeaderElection141: Election REJECTED; received 2 response(s) [459198ed-48fa-482c-a7b6-3dfc76eaacd2<-41c96ee6-96c4-4c7b-baa5-2410cf13d401#0:FAIL-t1, 459198ed-48fa-482c-a7b6-3dfc76eaacd2<-ea825c9d-8472-466f-bfce-f371396f94a5#0:FAIL-t1] and 0 exception(s); 459198ed-48fa-482c-a7b6-3dfc76eaacd2@group-6FA78447CFD7:t1, leader=null, voted=459198ed-48fa-482c-a7b6-3dfc76eaacd2, raftlog=459198ed-48fa-482c-a7b6-3dfc76eaacd2@group-6FA78447CFD7-SegmentedRaftLog:OPENED:c-1,f-1,i0, conf=-1: [459198ed-48fa-482c-a7b6-3dfc76eaacd2:192.168.5.182:38296, 41c96ee6-96c4-4c7b-baa5-2410cf13d401:192.168.5.182:45792, ea825c9d-8472-466f-bfce-f371396f94a5:192.168.5.182:42507], old=null
2019-09-20 00:05:34,915 [459198ed-48fa-482c-a7b6-3dfc76eaacd2@group-6FA78447CFD7:LeaderElection141] INFO  impl.RaftServerImpl (RaftServerImpl.java:setRole(174)) - 459198ed-48fa-482c-a7b6-3dfc76eaacd2@group-6FA78447CFD7: changes role from CANDIDATE to FOLLOWER at term 1 for DISCOVERED_A_NEW_TERM
2019-09-20 00:05:34,915 [459198ed-48fa-482c-a7b6-3dfc76eaacd2@group-6FA78447CFD7:LeaderElection141] INFO  impl.RoleInfo (RoleInfo.java:shutdownLeaderElection(134)) - 459198ed-48fa-482c-a7b6-3dfc76eaacd2: shutdown LeaderElection
2019-09-20 00:05:34,915 [459198ed-48fa-482c-a7b6-3dfc76eaacd2@group-6FA78447CFD7:LeaderElection141] INFO  impl.RoleInfo (RoleInfo.java:updateAndGet(143)) - 459198ed-48fa-482c-a7b6-3dfc76eaacd2: start FollowerState
2019-09-20 00:05:35,141 [Thread-2647] INFO  impl.FollowerState (FollowerState.java:run(106)) - c63e7fee-7ebf-4ab3-a82c-403b5cf942fc:group-0BC4DF7BF4D9 changes to CANDIDATE, lastRpcTime:5152, electionTimeout:5152ms
2019-09-20 00:05:35,142 [Thread-2647] INFO  impl.RoleInfo (RoleInfo.java:shutdownFollowerState(121)) - c63e7fee-7ebf-4ab3-a82c-403b5cf942fc: shutdown FollowerState
2019-09-20 00:05:35,142 [Thread-2647] INFO  impl.RaftServerImpl (RaftServerImpl.java:setRole(174)) - c63e7fee-7ebf-4ab3-a82c-403b5cf942fc@group-0BC4DF7BF4D9: changes role from  FOLLOWER to CANDIDATE at term 20 for changeToCandidate
2019-09-20 00:05:35,142 [Thread-2647] INFO  impl.RoleInfo (RoleInfo.java:updateAndGet(143)) - c63e7fee-7ebf-4ab3-a82c-403b5cf942fc: start LeaderElection
2019-09-20 00:05:35,190 [c63e7fee-7ebf-4ab3-a82c-403b5cf942fc@group-0BC4DF7BF4D9:LeaderElection142] INFO  impl.LeaderElection (LeaderElection.java:askForVotes(182)) - c63e7fee-7ebf-4ab3-a82c-403b5cf942fc@group-0BC4DF7BF4D9:LeaderElection142: begin an election at term 21 for 0: [8f58c883-e4ba-4cdd-8662-08249772462e:192.168.5.182:35458, c63e7fee-7ebf-4ab3-a82c-403b5cf942fc:192.168.5.182:40019, fd99f976-ef3a-47b0-8e0c-a462a244f82b:192.168.5.182:45540], old=null
2019-09-20 00:05:35,191 [c63e7fee-7ebf-4ab3-a82c-403b5cf942fc@group-0BC4DF7BF4D9:LeaderElection142] INFO  impl.LeaderElection (LogUtils.java:infoOrTrace(149)) - c63e7fee-7ebf-4ab3-a82c-403b5cf942fc@group-0BC4DF7BF4D9:LeaderElection142 got exception when requesting votes: {}
java.util.concurrent.ExecutionException: org.apache.ratis.thirdparty.io.grpc.StatusRuntimeException: UNAVAILABLE: io exception
	at java.util.concurrent.FutureTask.report(FutureTask.java:122)
	at java.util.concurrent.FutureTask.get(FutureTask.java:192)
	at org.apache.ratis.server.impl.LeaderElection.waitForResults(LeaderElection.java:263)
	at org.apache.ratis.server.impl.LeaderElection.askForVotes(LeaderElection.java:201)
	at org.apache.ratis.server.impl.LeaderElection.run(LeaderElection.java:133)
	at java.lang.Thread.run(Thread.java:748)
Caused by: org.apache.ratis.thirdparty.io.grpc.StatusRuntimeException: UNAVAILABLE: io exception
	at org.apache.ratis.thirdparty.io.grpc.stub.ClientCalls.toStatusRuntimeException(ClientCalls.java:233)
	at org.apache.ratis.thirdparty.io.grpc.stub.ClientCalls.getUnchecked(ClientCalls.java:214)
	at org.apache.ratis.thirdparty.io.grpc.stub.ClientCalls.blockingUnaryCall(ClientCalls.java:139)
	at org.apache.ratis.proto.grpc.RaftServerProtocolServiceGrpc$RaftServerProtocolServiceBlockingStub.requestVote(RaftServerProtocolServiceGrpc.java:265)
	at org.apache.ratis.grpc.server.GrpcServerProtocolClient.requestVote(GrpcServerProtocolClient.java:90)
	at org.apache.ratis.grpc.server.GrpcService.requestVote(GrpcService.java:204)
	at org.apache.ratis.server.impl.LeaderElection.lambda$submitRequests$1(LeaderElection.java:238)
	at java.util.concurrent.FutureTask.run(FutureTask.java:266)
	at java.util.concurrent.Executors$RunnableAdapter.call(Executors.java:511)
	at java.util.concurrent.FutureTask.run(FutureTask.java:266)
	at java.util.concurrent.ThreadPoolExecutor.runWorker(ThreadPoolExecutor.java:1149)
	at java.util.concurrent.ThreadPoolExecutor$Worker.run(ThreadPoolExecutor.java:624)
	... 1 more
Caused by: org.apache.ratis.thirdparty.io.netty.channel.AbstractChannel$AnnotatedConnectException: Connection refused: /192.168.5.182:35458
	at sun.nio.ch.SocketChannelImpl.checkConnect(Native Method)
	at sun.nio.ch.SocketChannelImpl.finishConnect(SocketChannelImpl.java:717)
	at org.apache.ratis.thirdparty.io.netty.channel.socket.nio.NioSocketChannel.doFinishConnect(NioSocketChannel.java:327)
	at org.apache.ratis.thirdparty.io.netty.channel.nio.AbstractNioChannel$AbstractNioUnsafe.finishConnect(AbstractNioChannel.java:340)
	at org.apache.ratis.thirdparty.io.netty.channel.nio.NioEventLoop.processSelectedKey(NioEventLoop.java:632)
	at org.apache.ratis.thirdparty.io.netty.channel.nio.NioEventLoop.processSelectedKeysOptimized(NioEventLoop.java:579)
	at org.apache.ratis.thirdparty.io.netty.channel.nio.NioEventLoop.processSelectedKeys(NioEventLoop.java:496)
	at org.apache.ratis.thirdparty.io.netty.channel.nio.NioEventLoop.run(NioEventLoop.java:458)
	at org.apache.ratis.thirdparty.io.netty.util.concurrent.SingleThreadEventExecutor$5.run(SingleThreadEventExecutor.java:897)
	at org.apache.ratis.thirdparty.io.netty.util.concurrent.FastThreadLocalRunnable.run(FastThreadLocalRunnable.java:30)
	... 1 more
Caused by: java.net.ConnectException: Connection refused
	... 11 more
2019-09-20 00:05:35,200 [c63e7fee-7ebf-4ab3-a82c-403b5cf942fc@group-0BC4DF7BF4D9:LeaderElection142] INFO  impl.LeaderElection (LogUtils.java:infoOrTrace(149)) - c63e7fee-7ebf-4ab3-a82c-403b5cf942fc@group-0BC4DF7BF4D9:LeaderElection142 got exception when requesting votes: {}
java.util.concurrent.ExecutionException: org.apache.ratis.thirdparty.io.grpc.StatusRuntimeException: UNAVAILABLE: io exception
	at java.util.concurrent.FutureTask.report(FutureTask.java:122)
	at java.util.concurrent.FutureTask.get(FutureTask.java:192)
	at org.apache.ratis.server.impl.LeaderElection.waitForResults(LeaderElection.java:263)
	at org.apache.ratis.server.impl.LeaderElection.askForVotes(LeaderElection.java:201)
	at org.apache.ratis.server.impl.LeaderElection.run(LeaderElection.java:133)
	at java.lang.Thread.run(Thread.java:748)
Caused by: org.apache.ratis.thirdparty.io.grpc.StatusRuntimeException: UNAVAILABLE: io exception
	at org.apache.ratis.thirdparty.io.grpc.stub.ClientCalls.toStatusRuntimeException(ClientCalls.java:233)
	at org.apache.ratis.thirdparty.io.grpc.stub.ClientCalls.getUnchecked(ClientCalls.java:214)
	at org.apache.ratis.thirdparty.io.grpc.stub.ClientCalls.blockingUnaryCall(ClientCalls.java:139)
	at org.apache.ratis.proto.grpc.RaftServerProtocolServiceGrpc$RaftServerProtocolServiceBlockingStub.requestVote(RaftServerProtocolServiceGrpc.java:265)
	at org.apache.ratis.grpc.server.GrpcServerProtocolClient.requestVote(GrpcServerProtocolClient.java:90)
	at org.apache.ratis.grpc.server.GrpcService.requestVote(GrpcService.java:204)
	at org.apache.ratis.server.impl.LeaderElection.lambda$submitRequests$1(LeaderElection.java:238)
	at java.util.concurrent.FutureTask.run(FutureTask.java:266)
	at java.util.concurrent.Executors$RunnableAdapter.call(Executors.java:511)
	at java.util.concurrent.FutureTask.run(FutureTask.java:266)
	at java.util.concurrent.ThreadPoolExecutor.runWorker(ThreadPoolExecutor.java:1149)
	at java.util.concurrent.ThreadPoolExecutor$Worker.run(ThreadPoolExecutor.java:624)
	... 1 more
Caused by: org.apache.ratis.thirdparty.io.netty.channel.AbstractChannel$AnnotatedConnectException: Connection refused: /192.168.5.182:45540
	at sun.nio.ch.SocketChannelImpl.checkConnect(Native Method)
	at sun.nio.ch.SocketChannelImpl.finishConnect(SocketChannelImpl.java:717)
	at org.apache.ratis.thirdparty.io.netty.channel.socket.nio.NioSocketChannel.doFinishConnect(NioSocketChannel.java:327)
	at org.apache.ratis.thirdparty.io.netty.channel.nio.AbstractNioChannel$AbstractNioUnsafe.finishConnect(AbstractNioChannel.java:340)
	at org.apache.ratis.thirdparty.io.netty.channel.nio.NioEventLoop.processSelectedKey(NioEventLoop.java:632)
	at org.apache.ratis.thirdparty.io.netty.channel.nio.NioEventLoop.processSelectedKeysOptimized(NioEventLoop.java:579)
	at org.apache.ratis.thirdparty.io.netty.channel.nio.NioEventLoop.processSelectedKeys(NioEventLoop.java:496)
	at org.apache.ratis.thirdparty.io.netty.channel.nio.NioEventLoop.run(NioEventLoop.java:458)
	at org.apache.ratis.thirdparty.io.netty.util.concurrent.SingleThreadEventExecutor$5.run(SingleThreadEventExecutor.java:897)
	at org.apache.ratis.thirdparty.io.netty.util.concurrent.FastThreadLocalRunnable.run(FastThreadLocalRunnable.java:30)
	... 1 more
Caused by: java.net.ConnectException: Connection refused
	... 11 more
2019-09-20 00:05:35,207 [c63e7fee-7ebf-4ab3-a82c-403b5cf942fc@group-0BC4DF7BF4D9:LeaderElection142] INFO  impl.LeaderElection (LeaderElection.java:logAndReturn(56)) - c63e7fee-7ebf-4ab3-a82c-403b5cf942fc@group-0BC4DF7BF4D9:LeaderElection142: Election REJECTED; received 0 response(s) [] and 2 exception(s); c63e7fee-7ebf-4ab3-a82c-403b5cf942fc@group-0BC4DF7BF4D9:t21, leader=null, voted=c63e7fee-7ebf-4ab3-a82c-403b5cf942fc, raftlog=c63e7fee-7ebf-4ab3-a82c-403b5cf942fc@group-0BC4DF7BF4D9-SegmentedRaftLog:OPENED:c2,f2,i2, conf=0: [8f58c883-e4ba-4cdd-8662-08249772462e:192.168.5.182:35458, c63e7fee-7ebf-4ab3-a82c-403b5cf942fc:192.168.5.182:40019, fd99f976-ef3a-47b0-8e0c-a462a244f82b:192.168.5.182:45540], old=null
2019-09-20 00:05:35,207 [c63e7fee-7ebf-4ab3-a82c-403b5cf942fc@group-0BC4DF7BF4D9:LeaderElection142] INFO  impl.LeaderElection (LogUtils.java:infoOrTrace(149)) -   Exception 0: {}
java.util.concurrent.ExecutionException: org.apache.ratis.thirdparty.io.grpc.StatusRuntimeException: UNAVAILABLE: io exception
	at java.util.concurrent.FutureTask.report(FutureTask.java:122)
	at java.util.concurrent.FutureTask.get(FutureTask.java:192)
	at org.apache.ratis.server.impl.LeaderElection.waitForResults(LeaderElection.java:263)
	at org.apache.ratis.server.impl.LeaderElection.askForVotes(LeaderElection.java:201)
	at org.apache.ratis.server.impl.LeaderElection.run(LeaderElection.java:133)
	at java.lang.Thread.run(Thread.java:748)
Caused by: org.apache.ratis.thirdparty.io.grpc.StatusRuntimeException: UNAVAILABLE: io exception
	at org.apache.ratis.thirdparty.io.grpc.stub.ClientCalls.toStatusRuntimeException(ClientCalls.java:233)
	at org.apache.ratis.thirdparty.io.grpc.stub.ClientCalls.getUnchecked(ClientCalls.java:214)
	at org.apache.ratis.thirdparty.io.grpc.stub.ClientCalls.blockingUnaryCall(ClientCalls.java:139)
	at org.apache.ratis.proto.grpc.RaftServerProtocolServiceGrpc$RaftServerProtocolServiceBlockingStub.requestVote(RaftServerProtocolServiceGrpc.java:265)
	at org.apache.ratis.grpc.server.GrpcServerProtocolClient.requestVote(GrpcServerProtocolClient.java:90)
	at org.apache.ratis.grpc.server.GrpcService.requestVote(GrpcService.java:204)
	at org.apache.ratis.server.impl.LeaderElection.lambda$submitRequests$1(LeaderElection.java:238)
	at java.util.concurrent.FutureTask.run(FutureTask.java:266)
	at java.util.concurrent.Executors$RunnableAdapter.call(Executors.java:511)
	at java.util.concurrent.FutureTask.run(FutureTask.java:266)
	at java.util.concurrent.ThreadPoolExecutor.runWorker(ThreadPoolExecutor.java:1149)
	at java.util.concurrent.ThreadPoolExecutor$Worker.run(ThreadPoolExecutor.java:624)
	... 1 more
Caused by: org.apache.ratis.thirdparty.io.netty.channel.AbstractChannel$AnnotatedConnectException: Connection refused: /192.168.5.182:35458
	at sun.nio.ch.SocketChannelImpl.checkConnect(Native Method)
	at sun.nio.ch.SocketChannelImpl.finishConnect(SocketChannelImpl.java:717)
	at org.apache.ratis.thirdparty.io.netty.channel.socket.nio.NioSocketChannel.doFinishConnect(NioSocketChannel.java:327)
	at org.apache.ratis.thirdparty.io.netty.channel.nio.AbstractNioChannel$AbstractNioUnsafe.finishConnect(AbstractNioChannel.java:340)
	at org.apache.ratis.thirdparty.io.netty.channel.nio.NioEventLoop.processSelectedKey(NioEventLoop.java:632)
	at org.apache.ratis.thirdparty.io.netty.channel.nio.NioEventLoop.processSelectedKeysOptimized(NioEventLoop.java:579)
	at org.apache.ratis.thirdparty.io.netty.channel.nio.NioEventLoop.processSelectedKeys(NioEventLoop.java:496)
	at org.apache.ratis.thirdparty.io.netty.channel.nio.NioEventLoop.run(NioEventLoop.java:458)
	at org.apache.ratis.thirdparty.io.netty.util.concurrent.SingleThreadEventExecutor$5.run(SingleThreadEventExecutor.java:897)
	at org.apache.ratis.thirdparty.io.netty.util.concurrent.FastThreadLocalRunnable.run(FastThreadLocalRunnable.java:30)
	... 1 more
Caused by: java.net.ConnectException: Connection refused
	... 11 more
2019-09-20 00:05:35,207 [c63e7fee-7ebf-4ab3-a82c-403b5cf942fc@group-0BC4DF7BF4D9:LeaderElection142] INFO  impl.LeaderElection (LogUtils.java:infoOrTrace(149)) -   Exception 1: {}
java.util.concurrent.ExecutionException: org.apache.ratis.thirdparty.io.grpc.StatusRuntimeException: UNAVAILABLE: io exception
	at java.util.concurrent.FutureTask.report(FutureTask.java:122)
	at java.util.concurrent.FutureTask.get(FutureTask.java:192)
	at org.apache.ratis.server.impl.LeaderElection.waitForResults(LeaderElection.java:263)
	at org.apache.ratis.server.impl.LeaderElection.askForVotes(LeaderElection.java:201)
	at org.apache.ratis.server.impl.LeaderElection.run(LeaderElection.java:133)
	at java.lang.Thread.run(Thread.java:748)
Caused by: org.apache.ratis.thirdparty.io.grpc.StatusRuntimeException: UNAVAILABLE: io exception
	at org.apache.ratis.thirdparty.io.grpc.stub.ClientCalls.toStatusRuntimeException(ClientCalls.java:233)
	at org.apache.ratis.thirdparty.io.grpc.stub.ClientCalls.getUnchecked(ClientCalls.java:214)
	at org.apache.ratis.thirdparty.io.grpc.stub.ClientCalls.blockingUnaryCall(ClientCalls.java:139)
	at org.apache.ratis.proto.grpc.RaftServerProtocolServiceGrpc$RaftServerProtocolServiceBlockingStub.requestVote(RaftServerProtocolServiceGrpc.java:265)
	at org.apache.ratis.grpc.server.GrpcServerProtocolClient.requestVote(GrpcServerProtocolClient.java:90)
	at org.apache.ratis.grpc.server.GrpcService.requestVote(GrpcService.java:204)
	at org.apache.ratis.server.impl.LeaderElection.lambda$submitRequests$1(LeaderElection.java:238)
	at java.util.concurrent.FutureTask.run(FutureTask.java:266)
	at java.util.concurrent.Executors$RunnableAdapter.call(Executors.java:511)
	at java.util.concurrent.FutureTask.run(FutureTask.java:266)
	at java.util.concurrent.ThreadPoolExecutor.runWorker(ThreadPoolExecutor.java:1149)
	at java.util.concurrent.ThreadPoolExecutor$Worker.run(ThreadPoolExecutor.java:624)
	... 1 more
Caused by: org.apache.ratis.thirdparty.io.netty.channel.AbstractChannel$AnnotatedConnectException: Connection refused: /192.168.5.182:45540
	at sun.nio.ch.SocketChannelImpl.checkConnect(Native Method)
	at sun.nio.ch.SocketChannelImpl.finishConnect(SocketChannelImpl.java:717)
	at org.apache.ratis.thirdparty.io.netty.channel.socket.nio.NioSocketChannel.doFinishConnect(NioSocketChannel.java:327)
	at org.apache.ratis.thirdparty.io.netty.channel.nio.AbstractNioChannel$AbstractNioUnsafe.finishConnect(AbstractNioChannel.java:340)
	at org.apache.ratis.thirdparty.io.netty.channel.nio.NioEventLoop.processSelectedKey(NioEventLoop.java:632)
	at org.apache.ratis.thirdparty.io.netty.channel.nio.NioEventLoop.processSelectedKeysOptimized(NioEventLoop.java:579)
	at org.apache.ratis.thirdparty.io.netty.channel.nio.NioEventLoop.processSelectedKeys(NioEventLoop.java:496)
	at org.apache.ratis.thirdparty.io.netty.channel.nio.NioEventLoop.run(NioEventLoop.java:458)
	at org.apache.ratis.thirdparty.io.netty.util.concurrent.SingleThreadEventExecutor$5.run(SingleThreadEventExecutor.java:897)
	at org.apache.ratis.thirdparty.io.netty.util.concurrent.FastThreadLocalRunnable.run(FastThreadLocalRunnable.java:30)
	... 1 more
Caused by: java.net.ConnectException: Connection refused
	... 11 more
2019-09-20 00:05:35,208 [c63e7fee-7ebf-4ab3-a82c-403b5cf942fc@group-0BC4DF7BF4D9:LeaderElection142] INFO  impl.RaftServerImpl (RaftServerImpl.java:setRole(174)) - c63e7fee-7ebf-4ab3-a82c-403b5cf942fc@group-0BC4DF7BF4D9: changes role from CANDIDATE to FOLLOWER at term 21 for DISCOVERED_A_NEW_TERM
2019-09-20 00:05:35,208 [c63e7fee-7ebf-4ab3-a82c-403b5cf942fc@group-0BC4DF7BF4D9:LeaderElection142] INFO  impl.RoleInfo (RoleInfo.java:shutdownLeaderElection(134)) - c63e7fee-7ebf-4ab3-a82c-403b5cf942fc: shutdown LeaderElection
2019-09-20 00:05:35,208 [c63e7fee-7ebf-4ab3-a82c-403b5cf942fc@group-0BC4DF7BF4D9:LeaderElection142] INFO  impl.RoleInfo (RoleInfo.java:updateAndGet(143)) - c63e7fee-7ebf-4ab3-a82c-403b5cf942fc: start FollowerState
2019-09-20 00:05:35,908 [grpc-default-executor-5] INFO  client.GrpcClientProtocolClient (GrpcClientProtocolClient.java:onNext(264)) - client-6D78C6DD845D->e478c757-b491-4de8-9fe6-50ff52283427: receive RaftClientReply:client-6D78C6DD845D->e478c757-b491-4de8-9fe6-50ff52283427@group-404B6AF39F97, cid=95, FAILED org.apache.ratis.protocol.NotLeaderException: Server e478c757-b491-4de8-9fe6-50ff52283427@group-404B6AF39F97 is not the leader, logIndex=0, commits[e478c757-b491-4de8-9fe6-50ff52283427:c-1]
2019-09-20 00:05:35,956 [grpc-default-executor-7] INFO  impl.RaftServerProxy (RaftServerProxy.java:remove(95)) - 382b0250-a1aa-40f3-882d-cd7fb29de27f: remove    LEADER 382b0250-a1aa-40f3-882d-cd7fb29de27f@group-3ABF64D33D41:t1, leader=382b0250-a1aa-40f3-882d-cd7fb29de27f, voted=382b0250-a1aa-40f3-882d-cd7fb29de27f, raftlog=382b0250-a1aa-40f3-882d-cd7fb29de27f@group-3ABF64D33D41-SegmentedRaftLog:OPENED:c0,f0,i0, conf=0: [382b0250-a1aa-40f3-882d-cd7fb29de27f:192.168.5.182:40829], old=null RUNNING
2019-09-20 00:05:35,957 [grpc-default-executor-7] INFO  impl.RaftServerImpl (RaftServerImpl.java:lambda$shutdown$3(251)) - 382b0250-a1aa-40f3-882d-cd7fb29de27f@group-3ABF64D33D41: shutdown
2019-09-20 00:05:35,957 [grpc-default-executor-7] INFO  util.JmxRegister (JmxRegister.java:unregister(73)) - Successfully un-registered JMX Bean with object name Ratis:service=RaftServer,group=group-3ABF64D33D41,id=382b0250-a1aa-40f3-882d-cd7fb29de27f
2019-09-20 00:05:35,957 [grpc-default-executor-7] INFO  impl.RoleInfo (RoleInfo.java:shutdownLeaderState(104)) - 382b0250-a1aa-40f3-882d-cd7fb29de27f: shutdown LeaderState
2019-09-20 00:05:35,957 [grpc-default-executor-7] INFO  impl.PendingRequests (PendingRequests.java:sendNotLeaderResponses(202)) - 382b0250-a1aa-40f3-882d-cd7fb29de27f-PendingRequests: sendNotLeaderResponses
2019-09-20 00:05:35,958 [grpc-default-executor-7] INFO  impl.StateMachineUpdater (StateMachineUpdater.java:stopAndJoin(125)) - 382b0250-a1aa-40f3-882d-cd7fb29de27f@group-3ABF64D33D41-StateMachineUpdater: set stopIndex = 0
2019-09-20 00:05:35,970 [grpc-default-executor-7] INFO  impl.RaftServerImpl (ServerState.java:close(385)) - 382b0250-a1aa-40f3-882d-cd7fb29de27f@group-3ABF64D33D41: closes. applyIndex: 0
2019-09-20 00:05:35,971 [382b0250-a1aa-40f3-882d-cd7fb29de27f@group-3ABF64D33D41-SegmentedRaftLogWorker] INFO  segmented.SegmentedRaftLogWorker (SegmentedRaftLogWorker.java:run(313)) - 382b0250-a1aa-40f3-882d-cd7fb29de27f@group-3ABF64D33D41-SegmentedRaftLogWorker was interrupted, exiting. There are 0 tasks remaining in the queue.
2019-09-20 00:05:35,977 [grpc-default-executor-7] INFO  segmented.SegmentedRaftLogWorker (SegmentedRaftLogWorker.java:close(228)) - 382b0250-a1aa-40f3-882d-cd7fb29de27f@group-3ABF64D33D41-SegmentedRaftLogWorker close()
2019-09-20 00:05:36,933 [grpc-default-executor-5] INFO  client.GrpcClientProtocolClient (GrpcClientProtocolClient.java:onNext(264)) - client-6D78C6DD845D->c0f82a6b-777f-4a03-a589-5864e9160c05: receive RaftClientReply:client-6D78C6DD845D->c0f82a6b-777f-4a03-a589-5864e9160c05@group-404B6AF39F97, cid=95, FAILED org.apache.ratis.protocol.NotLeaderException: Server c0f82a6b-777f-4a03-a589-5864e9160c05@group-404B6AF39F97 is not the leader, logIndex=0, commits[c0f82a6b-777f-4a03-a589-5864e9160c05:c-1]
2019-09-20 00:05:37,964 [grpc-default-executor-7] INFO  client.GrpcClientProtocolClient (GrpcClientProtocolClient.java:onNext(264)) - client-6D78C6DD845D->e478c757-b491-4de8-9fe6-50ff52283427: receive RaftClientReply:client-6D78C6DD845D->e478c757-b491-4de8-9fe6-50ff52283427@group-404B6AF39F97, cid=95, FAILED org.apache.ratis.protocol.NotLeaderException: Server e478c757-b491-4de8-9fe6-50ff52283427@group-404B6AF39F97 is not the leader, logIndex=0, commits[e478c757-b491-4de8-9fe6-50ff52283427:c-1]
2019-09-20 00:05:38,753 [Thread-2707] INFO  impl.FollowerState (FollowerState.java:run(106)) - 6442c8d3-568b-44b3-ac93-354b648680f1:group-404B6AF39F97 changes to CANDIDATE, lastRpcTime:5046, electionTimeout:5046ms
2019-09-20 00:05:38,753 [Thread-2707] INFO  impl.RoleInfo (RoleInfo.java:shutdownFollowerState(121)) - 6442c8d3-568b-44b3-ac93-354b648680f1: shutdown FollowerState
2019-09-20 00:05:38,753 [Thread-2707] INFO  impl.RaftServerImpl (RaftServerImpl.java:setRole(174)) - 6442c8d3-568b-44b3-ac93-354b648680f1@group-404B6AF39F97: changes role from  FOLLOWER to CANDIDATE at term 1 for changeToCandidate
2019-09-20 00:05:38,753 [Thread-2707] INFO  impl.RoleInfo (RoleInfo.java:updateAndGet(143)) - 6442c8d3-568b-44b3-ac93-354b648680f1: start LeaderElection
2019-09-20 00:05:38,835 [Thread-2712] INFO  impl.FollowerState (FollowerState.java:run(106)) - c0f82a6b-777f-4a03-a589-5864e9160c05:group-404B6AF39F97 changes to CANDIDATE, lastRpcTime:5073, electionTimeout:5073ms
2019-09-20 00:05:38,836 [Thread-2712] INFO  impl.RoleInfo (RoleInfo.java:shutdownFollowerState(121)) - c0f82a6b-777f-4a03-a589-5864e9160c05: shutdown FollowerState
2019-09-20 00:05:38,836 [Thread-2712] INFO  impl.RaftServerImpl (RaftServerImpl.java:setRole(174)) - c0f82a6b-777f-4a03-a589-5864e9160c05@group-404B6AF39F97: changes role from  FOLLOWER to CANDIDATE at term 1 for changeToCandidate
2019-09-20 00:05:38,836 [Thread-2712] INFO  impl.RoleInfo (RoleInfo.java:updateAndGet(143)) - c0f82a6b-777f-4a03-a589-5864e9160c05: start LeaderElection
2019-09-20 00:05:38,865 [Thread-2706] INFO  impl.FollowerState (FollowerState.java:run(106)) - e478c757-b491-4de8-9fe6-50ff52283427:group-404B6AF39F97 changes to CANDIDATE, lastRpcTime:5160, electionTimeout:5159ms
2019-09-20 00:05:38,865 [Thread-2706] INFO  impl.RoleInfo (RoleInfo.java:shutdownFollowerState(121)) - e478c757-b491-4de8-9fe6-50ff52283427: shutdown FollowerState
2019-09-20 00:05:38,865 [Thread-2706] INFO  impl.RaftServerImpl (RaftServerImpl.java:setRole(174)) - e478c757-b491-4de8-9fe6-50ff52283427@group-404B6AF39F97: changes role from  FOLLOWER to CANDIDATE at term 1 for changeToCandidate
2019-09-20 00:05:38,865 [Thread-2706] INFO  impl.RoleInfo (RoleInfo.java:updateAndGet(143)) - e478c757-b491-4de8-9fe6-50ff52283427: start LeaderElection
2019-09-20 00:05:38,998 [grpc-default-executor-7] INFO  client.GrpcClientProtocolClient (GrpcClientProtocolClient.java:onNext(264)) - client-6D78C6DD845D->6442c8d3-568b-44b3-ac93-354b648680f1: receive RaftClientReply:client-6D78C6DD845D->6442c8d3-568b-44b3-ac93-354b648680f1@group-404B6AF39F97, cid=95, FAILED org.apache.ratis.protocol.NotLeaderException: Server 6442c8d3-568b-44b3-ac93-354b648680f1@group-404B6AF39F97 is not the leader, logIndex=0, commits[6442c8d3-568b-44b3-ac93-354b648680f1:c-1]
2019-09-20 00:05:39,919 [Thread-2725] INFO  impl.FollowerState (FollowerState.java:run(106)) - 459198ed-48fa-482c-a7b6-3dfc76eaacd2:group-6FA78447CFD7 changes to CANDIDATE, lastRpcTime:5003, electionTimeout:5003ms
2019-09-20 00:05:39,919 [Thread-2725] INFO  impl.RoleInfo (RoleInfo.java:shutdownFollowerState(121)) - 459198ed-48fa-482c-a7b6-3dfc76eaacd2: shutdown FollowerState
2019-09-20 00:05:39,919 [Thread-2725] INFO  impl.RaftServerImpl (RaftServerImpl.java:setRole(174)) - 459198ed-48fa-482c-a7b6-3dfc76eaacd2@group-6FA78447CFD7: changes role from  FOLLOWER to CANDIDATE at term 1 for changeToCandidate
2019-09-20 00:05:39,920 [Thread-2725] INFO  impl.RoleInfo (RoleInfo.java:updateAndGet(143)) - 459198ed-48fa-482c-a7b6-3dfc76eaacd2: start LeaderElection
2019-09-20 00:05:39,931 [Thread-2724] INFO  impl.FollowerState (FollowerState.java:run(106)) - 41c96ee6-96c4-4c7b-baa5-2410cf13d401:group-6FA78447CFD7 changes to CANDIDATE, lastRpcTime:5017, electionTimeout:5017ms
2019-09-20 00:05:39,932 [Thread-2724] INFO  impl.RoleInfo (RoleInfo.java:shutdownFollowerState(121)) - 41c96ee6-96c4-4c7b-baa5-2410cf13d401: shutdown FollowerState
2019-09-20 00:05:39,932 [Thread-2724] INFO  impl.RaftServerImpl (RaftServerImpl.java:setRole(174)) - 41c96ee6-96c4-4c7b-baa5-2410cf13d401@group-6FA78447CFD7: changes role from  FOLLOWER to CANDIDATE at term 1 for changeToCandidate
2019-09-20 00:05:39,932 [Thread-2724] INFO  impl.RoleInfo (RoleInfo.java:updateAndGet(143)) - 41c96ee6-96c4-4c7b-baa5-2410cf13d401: start LeaderElection
2019-09-20 00:05:40,031 [grpc-default-executor-5] INFO  client.GrpcClientProtocolClient (GrpcClientProtocolClient.java:onNext(264)) - client-6D78C6DD845D->c0f82a6b-777f-4a03-a589-5864e9160c05: receive RaftClientReply:client-6D78C6DD845D->c0f82a6b-777f-4a03-a589-5864e9160c05@group-404B6AF39F97, cid=95, FAILED org.apache.ratis.protocol.NotLeaderException: Server c0f82a6b-777f-4a03-a589-5864e9160c05@group-404B6AF39F97 is not the leader, logIndex=0, commits[c0f82a6b-777f-4a03-a589-5864e9160c05:c-1]
2019-09-20 00:05:40,109 [Thread-2723] INFO  impl.FollowerState (FollowerState.java:run(106)) - ea825c9d-8472-466f-bfce-f371396f94a5:group-6FA78447CFD7 changes to CANDIDATE, lastRpcTime:5198, electionTimeout:5198ms
2019-09-20 00:05:40,110 [Thread-2723] INFO  impl.RoleInfo (RoleInfo.java:shutdownFollowerState(121)) - ea825c9d-8472-466f-bfce-f371396f94a5: shutdown FollowerState
2019-09-20 00:05:40,110 [Thread-2723] INFO  impl.RaftServerImpl (RaftServerImpl.java:setRole(174)) - ea825c9d-8472-466f-bfce-f371396f94a5@group-6FA78447CFD7: changes role from  FOLLOWER to CANDIDATE at term 1 for changeToCandidate
2019-09-20 00:05:40,110 [Thread-2723] INFO  impl.RoleInfo (RoleInfo.java:updateAndGet(143)) - ea825c9d-8472-466f-bfce-f371396f94a5: start LeaderElection
2019-09-20 00:05:40,385 [Thread-2729] INFO  impl.FollowerState (FollowerState.java:run(106)) - c63e7fee-7ebf-4ab3-a82c-403b5cf942fc:group-0BC4DF7BF4D9 changes to CANDIDATE, lastRpcTime:5176, electionTimeout:5176ms
2019-09-20 00:05:40,385 [Thread-2729] INFO  impl.RoleInfo (RoleInfo.java:shutdownFollowerState(121)) - c63e7fee-7ebf-4ab3-a82c-403b5cf942fc: shutdown FollowerState
2019-09-20 00:05:40,385 [Thread-2729] INFO  impl.RaftServerImpl (RaftServerImpl.java:setRole(174)) - c63e7fee-7ebf-4ab3-a82c-403b5cf942fc@group-0BC4DF7BF4D9: changes role from  FOLLOWER to CANDIDATE at term 21 for changeToCandidate
2019-09-20 00:05:40,402 [6442c8d3-568b-44b3-ac93-354b648680f1@group-404B6AF39F97:LeaderElection143] INFO  impl.LeaderElection (LeaderElection.java:askForVotes(182)) - 6442c8d3-568b-44b3-ac93-354b648680f1@group-404B6AF39F97:LeaderElection143: begin an election at term 2 for -1: [6442c8d3-568b-44b3-ac93-354b648680f1:192.168.5.182:44799, c0f82a6b-777f-4a03-a589-5864e9160c05:192.168.5.182:37866, e478c757-b491-4de8-9fe6-50ff52283427:192.168.5.182:39844], old=null
2019-09-20 00:05:40,403 [41c96ee6-96c4-4c7b-baa5-2410cf13d401@group-6FA78447CFD7:LeaderElection147] INFO  impl.LeaderElection (LeaderElection.java:askForVotes(182)) - 41c96ee6-96c4-4c7b-baa5-2410cf13d401@group-6FA78447CFD7:LeaderElection147: begin an election at term 2 for -1: [459198ed-48fa-482c-a7b6-3dfc76eaacd2:192.168.5.182:38296, 41c96ee6-96c4-4c7b-baa5-2410cf13d401:192.168.5.182:45792, ea825c9d-8472-466f-bfce-f371396f94a5:192.168.5.182:42507], old=null
2019-09-20 00:05:40,403 [459198ed-48fa-482c-a7b6-3dfc76eaacd2@group-6FA78447CFD7:LeaderElection146] INFO  impl.LeaderElection (LeaderElection.java:askForVotes(182)) - 459198ed-48fa-482c-a7b6-3dfc76eaacd2@group-6FA78447CFD7:LeaderElection146: begin an election at term 2 for -1: [459198ed-48fa-482c-a7b6-3dfc76eaacd2:192.168.5.182:38296, 41c96ee6-96c4-4c7b-baa5-2410cf13d401:192.168.5.182:45792, ea825c9d-8472-466f-bfce-f371396f94a5:192.168.5.182:42507], old=null
2019-09-20 00:05:40,403 [c0f82a6b-777f-4a03-a589-5864e9160c05@group-404B6AF39F97:LeaderElection144] INFO  impl.LeaderElection (LeaderElection.java:askForVotes(182)) - c0f82a6b-777f-4a03-a589-5864e9160c05@group-404B6AF39F97:LeaderElection144: begin an election at term 2 for -1: [6442c8d3-568b-44b3-ac93-354b648680f1:192.168.5.182:44799, c0f82a6b-777f-4a03-a589-5864e9160c05:192.168.5.182:37866, e478c757-b491-4de8-9fe6-50ff52283427:192.168.5.182:39844], old=null
2019-09-20 00:05:40,403 [ea825c9d-8472-466f-bfce-f371396f94a5@group-6FA78447CFD7:LeaderElection148] INFO  impl.LeaderElection (LeaderElection.java:askForVotes(182)) - ea825c9d-8472-466f-bfce-f371396f94a5@group-6FA78447CFD7:LeaderElection148: begin an election at term 2 for -1: [459198ed-48fa-482c-a7b6-3dfc76eaacd2:192.168.5.182:38296, 41c96ee6-96c4-4c7b-baa5-2410cf13d401:192.168.5.182:45792, ea825c9d-8472-466f-bfce-f371396f94a5:192.168.5.182:42507], old=null
2019-09-20 00:05:40,403 [e478c757-b491-4de8-9fe6-50ff52283427@group-404B6AF39F97:LeaderElection145] INFO  impl.LeaderElection (LeaderElection.java:askForVotes(182)) - e478c757-b491-4de8-9fe6-50ff52283427@group-404B6AF39F97:LeaderElection145: begin an election at term 2 for -1: [6442c8d3-568b-44b3-ac93-354b648680f1:192.168.5.182:44799, c0f82a6b-777f-4a03-a589-5864e9160c05:192.168.5.182:37866, e478c757-b491-4de8-9fe6-50ff52283427:192.168.5.182:39844], old=null
2019-09-20 00:05:40,409 [e478c757-b491-4de8-9fe6-50ff52283427@group-404B6AF39F97:LeaderElection145] INFO  impl.LeaderElection (LeaderElection.java:logAndReturn(56)) - e478c757-b491-4de8-9fe6-50ff52283427@group-404B6AF39F97:LeaderElection145: Election REJECTED; received 2 response(s) [e478c757-b491-4de8-9fe6-50ff52283427<-6442c8d3-568b-44b3-ac93-354b648680f1#0:FAIL-t2, e478c757-b491-4de8-9fe6-50ff52283427<-c0f82a6b-777f-4a03-a589-5864e9160c05#0:FAIL-t2] and 0 exception(s); e478c757-b491-4de8-9fe6-50ff52283427@group-404B6AF39F97:t2, leader=null, voted=e478c757-b491-4de8-9fe6-50ff52283427, raftlog=e478c757-b491-4de8-9fe6-50ff52283427@group-404B6AF39F97-SegmentedRaftLog:OPENED:c-1,f-1,i0, conf=-1: [6442c8d3-568b-44b3-ac93-354b648680f1:192.168.5.182:44799, c0f82a6b-777f-4a03-a589-5864e9160c05:192.168.5.182:37866, e478c757-b491-4de8-9fe6-50ff52283427:192.168.5.182:39844], old=null
2019-09-20 00:05:40,409 [459198ed-48fa-482c-a7b6-3dfc76eaacd2@group-6FA78447CFD7:LeaderElection146] INFO  impl.LeaderElection (LeaderElection.java:logAndReturn(56)) - 459198ed-48fa-482c-a7b6-3dfc76eaacd2@group-6FA78447CFD7:LeaderElection146: Election REJECTED; received 2 response(s) [459198ed-48fa-482c-a7b6-3dfc76eaacd2<-41c96ee6-96c4-4c7b-baa5-2410cf13d401#0:FAIL-t2, 459198ed-48fa-482c-a7b6-3dfc76eaacd2<-ea825c9d-8472-466f-bfce-f371396f94a5#0:FAIL-t2] and 0 exception(s); 459198ed-48fa-482c-a7b6-3dfc76eaacd2@group-6FA78447CFD7:t2, leader=null, voted=459198ed-48fa-482c-a7b6-3dfc76eaacd2, raftlog=459198ed-48fa-482c-a7b6-3dfc76eaacd2@group-6FA78447CFD7-SegmentedRaftLog:OPENED:c-1,f-1,i0, conf=-1: [459198ed-48fa-482c-a7b6-3dfc76eaacd2:192.168.5.182:38296, 41c96ee6-96c4-4c7b-baa5-2410cf13d401:192.168.5.182:45792, ea825c9d-8472-466f-bfce-f371396f94a5:192.168.5.182:42507], old=null
2019-09-20 00:05:40,409 [e478c757-b491-4de8-9fe6-50ff52283427@group-404B6AF39F97:LeaderElection145] INFO  impl.RaftServerImpl (RaftServerImpl.java:setRole(174)) - e478c757-b491-4de8-9fe6-50ff52283427@group-404B6AF39F97: changes role from CANDIDATE to FOLLOWER at term 2 for DISCOVERED_A_NEW_TERM
2019-09-20 00:05:40,409 [459198ed-48fa-482c-a7b6-3dfc76eaacd2@group-6FA78447CFD7:LeaderElection146] INFO  impl.RaftServerImpl (RaftServerImpl.java:setRole(174)) - 459198ed-48fa-482c-a7b6-3dfc76eaacd2@group-6FA78447CFD7: changes role from CANDIDATE to FOLLOWER at term 2 for DISCOVERED_A_NEW_TERM
2019-09-20 00:05:40,410 [ea825c9d-8472-466f-bfce-f371396f94a5@group-6FA78447CFD7:LeaderElection148] INFO  impl.LeaderElection (LeaderElection.java:logAndReturn(56)) - ea825c9d-8472-466f-bfce-f371396f94a5@group-6FA78447CFD7:LeaderElection148: Election REJECTED; received 2 response(s) [ea825c9d-8472-466f-bfce-f371396f94a5<-459198ed-48fa-482c-a7b6-3dfc76eaacd2#0:FAIL-t2, ea825c9d-8472-466f-bfce-f371396f94a5<-41c96ee6-96c4-4c7b-baa5-2410cf13d401#0:FAIL-t2] and 0 exception(s); ea825c9d-8472-466f-bfce-f371396f94a5@group-6FA78447CFD7:t2, leader=null, voted=ea825c9d-8472-466f-bfce-f371396f94a5, raftlog=ea825c9d-8472-466f-bfce-f371396f94a5@group-6FA78447CFD7-SegmentedRaftLog:OPENED:c-1,f-1,i0, conf=-1: [459198ed-48fa-482c-a7b6-3dfc76eaacd2:192.168.5.182:38296, 41c96ee6-96c4-4c7b-baa5-2410cf13d401:192.168.5.182:45792, ea825c9d-8472-466f-bfce-f371396f94a5:192.168.5.182:42507], old=null
2019-09-20 00:05:40,410 [c0f82a6b-777f-4a03-a589-5864e9160c05@group-404B6AF39F97:LeaderElection144] INFO  impl.LeaderElection (LeaderElection.java:logAndReturn(56)) - c0f82a6b-777f-4a03-a589-5864e9160c05@group-404B6AF39F97:LeaderElection144: Election REJECTED; received 2 response(s) [c0f82a6b-777f-4a03-a589-5864e9160c05<-6442c8d3-568b-44b3-ac93-354b648680f1#0:FAIL-t2, c0f82a6b-777f-4a03-a589-5864e9160c05<-e478c757-b491-4de8-9fe6-50ff52283427#0:FAIL-t2] and 0 exception(s); c0f82a6b-777f-4a03-a589-5864e9160c05@group-404B6AF39F97:t2, leader=null, voted=c0f82a6b-777f-4a03-a589-5864e9160c05, raftlog=c0f82a6b-777f-4a03-a589-5864e9160c05@group-404B6AF39F97-SegmentedRaftLog:OPENED:c-1,f-1,i0, conf=-1: [6442c8d3-568b-44b3-ac93-354b648680f1:192.168.5.182:44799, c0f82a6b-777f-4a03-a589-5864e9160c05:192.168.5.182:37866, e478c757-b491-4de8-9fe6-50ff52283427:192.168.5.182:39844], old=null
2019-09-20 00:05:40,410 [e478c757-b491-4de8-9fe6-50ff52283427@group-404B6AF39F97:LeaderElection145] INFO  impl.RoleInfo (RoleInfo.java:shutdownLeaderElection(134)) - e478c757-b491-4de8-9fe6-50ff52283427: shutdown LeaderElection
2019-09-20 00:05:40,410 [ea825c9d-8472-466f-bfce-f371396f94a5@group-6FA78447CFD7:LeaderElection148] INFO  impl.RaftServerImpl (RaftServerImpl.java:setRole(174)) - ea825c9d-8472-466f-bfce-f371396f94a5@group-6FA78447CFD7: changes role from CANDIDATE to FOLLOWER at term 2 for DISCOVERED_A_NEW_TERM
2019-09-20 00:05:40,411 [ea825c9d-8472-466f-bfce-f371396f94a5@group-6FA78447CFD7:LeaderElection148] INFO  impl.RoleInfo (RoleInfo.java:shutdownLeaderElection(134)) - ea825c9d-8472-466f-bfce-f371396f94a5: shutdown LeaderElection
2019-09-20 00:05:40,410 [459198ed-48fa-482c-a7b6-3dfc76eaacd2@group-6FA78447CFD7:LeaderElection146] INFO  impl.RoleInfo (RoleInfo.java:shutdownLeaderElection(134)) - 459198ed-48fa-482c-a7b6-3dfc76eaacd2: shutdown LeaderElection
2019-09-20 00:05:40,411 [ea825c9d-8472-466f-bfce-f371396f94a5@group-6FA78447CFD7:LeaderElection148] INFO  impl.RoleInfo (RoleInfo.java:updateAndGet(143)) - ea825c9d-8472-466f-bfce-f371396f94a5: start FollowerState
2019-09-20 00:05:40,410 [c0f82a6b-777f-4a03-a589-5864e9160c05@group-404B6AF39F97:LeaderElection144] INFO  impl.RaftServerImpl (RaftServerImpl.java:setRole(174)) - c0f82a6b-777f-4a03-a589-5864e9160c05@group-404B6AF39F97: changes role from CANDIDATE to FOLLOWER at term 2 for DISCOVERED_A_NEW_TERM
2019-09-20 00:05:40,411 [c0f82a6b-777f-4a03-a589-5864e9160c05@group-404B6AF39F97:LeaderElection144] INFO  impl.RoleInfo (RoleInfo.java:shutdownLeaderElection(134)) - c0f82a6b-777f-4a03-a589-5864e9160c05: shutdown LeaderElection
2019-09-20 00:05:40,410 [e478c757-b491-4de8-9fe6-50ff52283427@group-404B6AF39F97:LeaderElection145] INFO  impl.RoleInfo (RoleInfo.java:updateAndGet(143)) - e478c757-b491-4de8-9fe6-50ff52283427: start FollowerState
2019-09-20 00:05:40,412 [c0f82a6b-777f-4a03-a589-5864e9160c05@group-404B6AF39F97:LeaderElection144] INFO  impl.RoleInfo (RoleInfo.java:updateAndGet(143)) - c0f82a6b-777f-4a03-a589-5864e9160c05: start FollowerState
2019-09-20 00:05:40,411 [459198ed-48fa-482c-a7b6-3dfc76eaacd2@group-6FA78447CFD7:LeaderElection146] INFO  impl.RoleInfo (RoleInfo.java:updateAndGet(143)) - 459198ed-48fa-482c-a7b6-3dfc76eaacd2: start FollowerState
2019-09-20 00:05:40,412 [6442c8d3-568b-44b3-ac93-354b648680f1@group-404B6AF39F97:LeaderElection143] INFO  impl.LeaderElection (LeaderElection.java:logAndReturn(56)) - 6442c8d3-568b-44b3-ac93-354b648680f1@group-404B6AF39F97:LeaderElection143: Election REJECTED; received 2 response(s) [6442c8d3-568b-44b3-ac93-354b648680f1<-c0f82a6b-777f-4a03-a589-5864e9160c05#0:FAIL-t2, 6442c8d3-568b-44b3-ac93-354b648680f1<-e478c757-b491-4de8-9fe6-50ff52283427#0:FAIL-t2] and 0 exception(s); 6442c8d3-568b-44b3-ac93-354b648680f1@group-404B6AF39F97:t2, leader=null, voted=6442c8d3-568b-44b3-ac93-354b648680f1, raftlog=6442c8d3-568b-44b3-ac93-354b648680f1@group-404B6AF39F97-SegmentedRaftLog:OPENED:c-1,f-1,i0, conf=-1: [6442c8d3-568b-44b3-ac93-354b648680f1:192.168.5.182:44799, c0f82a6b-777f-4a03-a589-5864e9160c05:192.168.5.182:37866, e478c757-b491-4de8-9fe6-50ff52283427:192.168.5.182:39844], old=null
2019-09-20 00:05:40,413 [6442c8d3-568b-44b3-ac93-354b648680f1@group-404B6AF39F97:LeaderElection143] INFO  impl.RaftServerImpl (RaftServerImpl.java:setRole(174)) - 6442c8d3-568b-44b3-ac93-354b648680f1@group-404B6AF39F97: changes role from CANDIDATE to FOLLOWER at term 2 for DISCOVERED_A_NEW_TERM
2019-09-20 00:05:40,413 [41c96ee6-96c4-4c7b-baa5-2410cf13d401@group-6FA78447CFD7:LeaderElection147] INFO  impl.LeaderElection (LeaderElection.java:logAndReturn(56)) - 41c96ee6-96c4-4c7b-baa5-2410cf13d401@group-6FA78447CFD7:LeaderElection147: Election REJECTED; received 2 response(s) [41c96ee6-96c4-4c7b-baa5-2410cf13d401<-459198ed-48fa-482c-a7b6-3dfc76eaacd2#0:FAIL-t2, 41c96ee6-96c4-4c7b-baa5-2410cf13d401<-ea825c9d-8472-466f-bfce-f371396f94a5#0:FAIL-t2] and 0 exception(s); 41c96ee6-96c4-4c7b-baa5-2410cf13d401@group-6FA78447CFD7:t2, leader=null, voted=41c96ee6-96c4-4c7b-baa5-2410cf13d401, raftlog=41c96ee6-96c4-4c7b-baa5-2410cf13d401@group-6FA78447CFD7-SegmentedRaftLog:OPENED:c-1,f-1,i0, conf=-1: [459198ed-48fa-482c-a7b6-3dfc76eaacd2:192.168.5.182:38296, 41c96ee6-96c4-4c7b-baa5-2410cf13d401:192.168.5.182:45792, ea825c9d-8472-466f-bfce-f371396f94a5:192.168.5.182:42507], old=null
2019-09-20 00:05:40,413 [6442c8d3-568b-44b3-ac93-354b648680f1@group-404B6AF39F97:LeaderElection143] INFO  impl.RoleInfo (RoleInfo.java:shutdownLeaderElection(134)) - 6442c8d3-568b-44b3-ac93-354b648680f1: shutdown LeaderElection
2019-09-20 00:05:40,413 [41c96ee6-96c4-4c7b-baa5-2410cf13d401@group-6FA78447CFD7:LeaderElection147] INFO  impl.RaftServerImpl (RaftServerImpl.java:setRole(174)) - 41c96ee6-96c4-4c7b-baa5-2410cf13d401@group-6FA78447CFD7: changes role from CANDIDATE to FOLLOWER at term 2 for DISCOVERED_A_NEW_TERM
2019-09-20 00:05:40,413 [6442c8d3-568b-44b3-ac93-354b648680f1@group-404B6AF39F97:LeaderElection143] INFO  impl.RoleInfo (RoleInfo.java:updateAndGet(143)) - 6442c8d3-568b-44b3-ac93-354b648680f1: start FollowerState
2019-09-20 00:05:40,413 [41c96ee6-96c4-4c7b-baa5-2410cf13d401@group-6FA78447CFD7:LeaderElection147] INFO  impl.RoleInfo (RoleInfo.java:shutdownLeaderElection(134)) - 41c96ee6-96c4-4c7b-baa5-2410cf13d401: shutdown LeaderElection
2019-09-20 00:05:40,414 [41c96ee6-96c4-4c7b-baa5-2410cf13d401@group-6FA78447CFD7:LeaderElection147] INFO  impl.RoleInfo (RoleInfo.java:updateAndGet(143)) - 41c96ee6-96c4-4c7b-baa5-2410cf13d401: start FollowerState
2019-09-20 00:05:40,422 [Thread-2729] ERROR ratis.XceiverServerRatis (XceiverServerRatis.java:triggerPipelineClose(575)) - pipeline Action CLOSE  on pipeline PipelineID=9c807bb6-9f2a-4203-be25-0bc4df7bf4d9.Reason : c63e7fee-7ebf-4ab3-a82c-403b5cf942fc is in candidate state for 122593ms
2019-09-20 00:05:40,423 [Thread-2729] INFO  impl.RoleInfo (RoleInfo.java:updateAndGet(143)) - c63e7fee-7ebf-4ab3-a82c-403b5cf942fc: start LeaderElection
2019-09-20 00:05:40,475 [c63e7fee-7ebf-4ab3-a82c-403b5cf942fc@group-0BC4DF7BF4D9:LeaderElection149] INFO  impl.LeaderElection (LeaderElection.java:askForVotes(182)) - c63e7fee-7ebf-4ab3-a82c-403b5cf942fc@group-0BC4DF7BF4D9:LeaderElection149: begin an election at term 22 for 0: [8f58c883-e4ba-4cdd-8662-08249772462e:192.168.5.182:35458, c63e7fee-7ebf-4ab3-a82c-403b5cf942fc:192.168.5.182:40019, fd99f976-ef3a-47b0-8e0c-a462a244f82b:192.168.5.182:45540], old=null
2019-09-20 00:05:40,476 [c63e7fee-7ebf-4ab3-a82c-403b5cf942fc@group-0BC4DF7BF4D9:LeaderElection149] INFO  impl.LeaderElection (LogUtils.java:infoOrTrace(149)) - c63e7fee-7ebf-4ab3-a82c-403b5cf942fc@group-0BC4DF7BF4D9:LeaderElection149 got exception when requesting votes: {}
java.util.concurrent.ExecutionException: org.apache.ratis.thirdparty.io.grpc.StatusRuntimeException: UNAVAILABLE: io exception
	at java.util.concurrent.FutureTask.report(FutureTask.java:122)
	at java.util.concurrent.FutureTask.get(FutureTask.java:192)
	at org.apache.ratis.server.impl.LeaderElection.waitForResults(LeaderElection.java:263)
	at org.apache.ratis.server.impl.LeaderElection.askForVotes(LeaderElection.java:201)
	at org.apache.ratis.server.impl.LeaderElection.run(LeaderElection.java:133)
	at java.lang.Thread.run(Thread.java:748)
Caused by: org.apache.ratis.thirdparty.io.grpc.StatusRuntimeException: UNAVAILABLE: io exception
	at org.apache.ratis.thirdparty.io.grpc.stub.ClientCalls.toStatusRuntimeException(ClientCalls.java:233)
	at org.apache.ratis.thirdparty.io.grpc.stub.ClientCalls.getUnchecked(ClientCalls.java:214)
	at org.apache.ratis.thirdparty.io.grpc.stub.ClientCalls.blockingUnaryCall(ClientCalls.java:139)
	at org.apache.ratis.proto.grpc.RaftServerProtocolServiceGrpc$RaftServerProtocolServiceBlockingStub.requestVote(RaftServerProtocolServiceGrpc.java:265)
	at org.apache.ratis.grpc.server.GrpcServerProtocolClient.requestVote(GrpcServerProtocolClient.java:90)
	at org.apache.ratis.grpc.server.GrpcService.requestVote(GrpcService.java:204)
	at org.apache.ratis.server.impl.LeaderElection.lambda$submitRequests$1(LeaderElection.java:238)
	at java.util.concurrent.FutureTask.run(FutureTask.java:266)
	at java.util.concurrent.Executors$RunnableAdapter.call(Executors.java:511)
	at java.util.concurrent.FutureTask.run(FutureTask.java:266)
	at java.util.concurrent.ThreadPoolExecutor.runWorker(ThreadPoolExecutor.java:1149)
	at java.util.concurrent.ThreadPoolExecutor$Worker.run(ThreadPoolExecutor.java:624)
	... 1 more
Caused by: org.apache.ratis.thirdparty.io.netty.channel.AbstractChannel$AnnotatedConnectException: Connection refused: /192.168.5.182:35458
	at sun.nio.ch.SocketChannelImpl.checkConnect(Native Method)
	at sun.nio.ch.SocketChannelImpl.finishConnect(SocketChannelImpl.java:717)
	at org.apache.ratis.thirdparty.io.netty.channel.socket.nio.NioSocketChannel.doFinishConnect(NioSocketChannel.java:327)
	at org.apache.ratis.thirdparty.io.netty.channel.nio.AbstractNioChannel$AbstractNioUnsafe.finishConnect(AbstractNioChannel.java:340)
	at org.apache.ratis.thirdparty.io.netty.channel.nio.NioEventLoop.processSelectedKey(NioEventLoop.java:632)
	at org.apache.ratis.thirdparty.io.netty.channel.nio.NioEventLoop.processSelectedKeysOptimized(NioEventLoop.java:579)
	at org.apache.ratis.thirdparty.io.netty.channel.nio.NioEventLoop.processSelectedKeys(NioEventLoop.java:496)
	at org.apache.ratis.thirdparty.io.netty.channel.nio.NioEventLoop.run(NioEventLoop.java:458)
	at org.apache.ratis.thirdparty.io.netty.util.concurrent.SingleThreadEventExecutor$5.run(SingleThreadEventExecutor.java:897)
	at org.apache.ratis.thirdparty.io.netty.util.concurrent.FastThreadLocalRunnable.run(FastThreadLocalRunnable.java:30)
	... 1 more
Caused by: java.net.ConnectException: Connection refused
	... 11 more
2019-09-20 00:05:40,482 [c63e7fee-7ebf-4ab3-a82c-403b5cf942fc@group-0BC4DF7BF4D9:LeaderElection149] INFO  impl.LeaderElection (LogUtils.java:infoOrTrace(149)) - c63e7fee-7ebf-4ab3-a82c-403b5cf942fc@group-0BC4DF7BF4D9:LeaderElection149 got exception when requesting votes: {}
java.util.concurrent.ExecutionException: org.apache.ratis.thirdparty.io.grpc.StatusRuntimeException: UNAVAILABLE: io exception
	at java.util.concurrent.FutureTask.report(FutureTask.java:122)
	at java.util.concurrent.FutureTask.get(FutureTask.java:192)
	at org.apache.ratis.server.impl.LeaderElection.waitForResults(LeaderElection.java:263)
	at org.apache.ratis.server.impl.LeaderElection.askForVotes(LeaderElection.java:201)
	at org.apache.ratis.server.impl.LeaderElection.run(LeaderElection.java:133)
	at java.lang.Thread.run(Thread.java:748)
Caused by: org.apache.ratis.thirdparty.io.grpc.StatusRuntimeException: UNAVAILABLE: io exception
	at org.apache.ratis.thirdparty.io.grpc.stub.ClientCalls.toStatusRuntimeException(ClientCalls.java:233)
	at org.apache.ratis.thirdparty.io.grpc.stub.ClientCalls.getUnchecked(ClientCalls.java:214)
	at org.apache.ratis.thirdparty.io.grpc.stub.ClientCalls.blockingUnaryCall(ClientCalls.java:139)
	at org.apache.ratis.proto.grpc.RaftServerProtocolServiceGrpc$RaftServerProtocolServiceBlockingStub.requestVote(RaftServerProtocolServiceGrpc.java:265)
	at org.apache.ratis.grpc.server.GrpcServerProtocolClient.requestVote(GrpcServerProtocolClient.java:90)
	at org.apache.ratis.grpc.server.GrpcService.requestVote(GrpcService.java:204)
	at org.apache.ratis.server.impl.LeaderElection.lambda$submitRequests$1(LeaderElection.java:238)
	at java.util.concurrent.FutureTask.run(FutureTask.java:266)
	at java.util.concurrent.Executors$RunnableAdapter.call(Executors.java:511)
	at java.util.concurrent.FutureTask.run(FutureTask.java:266)
	at java.util.concurrent.ThreadPoolExecutor.runWorker(ThreadPoolExecutor.java:1149)
	at java.util.concurrent.ThreadPoolExecutor$Worker.run(ThreadPoolExecutor.java:624)
	... 1 more
Caused by: org.apache.ratis.thirdparty.io.netty.channel.AbstractChannel$AnnotatedConnectException: Connection refused: /192.168.5.182:45540
	at sun.nio.ch.SocketChannelImpl.checkConnect(Native Method)
	at sun.nio.ch.SocketChannelImpl.finishConnect(SocketChannelImpl.java:717)
	at org.apache.ratis.thirdparty.io.netty.channel.socket.nio.NioSocketChannel.doFinishConnect(NioSocketChannel.java:327)
	at org.apache.ratis.thirdparty.io.netty.channel.nio.AbstractNioChannel$AbstractNioUnsafe.finishConnect(AbstractNioChannel.java:340)
	at org.apache.ratis.thirdparty.io.netty.channel.nio.NioEventLoop.processSelectedKey(NioEventLoop.java:632)
	at org.apache.ratis.thirdparty.io.netty.channel.nio.NioEventLoop.processSelectedKeysOptimized(NioEventLoop.java:579)
	at org.apache.ratis.thirdparty.io.netty.channel.nio.NioEventLoop.processSelectedKeys(NioEventLoop.java:496)
	at org.apache.ratis.thirdparty.io.netty.channel.nio.NioEventLoop.run(NioEventLoop.java:458)
	at org.apache.ratis.thirdparty.io.netty.util.concurrent.SingleThreadEventExecutor$5.run(SingleThreadEventExecutor.java:897)
	at org.apache.ratis.thirdparty.io.netty.util.concurrent.FastThreadLocalRunnable.run(FastThreadLocalRunnable.java:30)
	... 1 more
Caused by: java.net.ConnectException: Connection refused
	... 11 more
2019-09-20 00:05:40,485 [c63e7fee-7ebf-4ab3-a82c-403b5cf942fc@group-0BC4DF7BF4D9:LeaderElection149] INFO  impl.LeaderElection (LeaderElection.java:logAndReturn(56)) - c63e7fee-7ebf-4ab3-a82c-403b5cf942fc@group-0BC4DF7BF4D9:LeaderElection149: Election REJECTED; received 0 response(s) [] and 2 exception(s); c63e7fee-7ebf-4ab3-a82c-403b5cf942fc@group-0BC4DF7BF4D9:t22, leader=null, voted=c63e7fee-7ebf-4ab3-a82c-403b5cf942fc, raftlog=c63e7fee-7ebf-4ab3-a82c-403b5cf942fc@group-0BC4DF7BF4D9-SegmentedRaftLog:OPENED:c2,f2,i2, conf=0: [8f58c883-e4ba-4cdd-8662-08249772462e:192.168.5.182:35458, c63e7fee-7ebf-4ab3-a82c-403b5cf942fc:192.168.5.182:40019, fd99f976-ef3a-47b0-8e0c-a462a244f82b:192.168.5.182:45540], old=null
2019-09-20 00:05:40,486 [c63e7fee-7ebf-4ab3-a82c-403b5cf942fc@group-0BC4DF7BF4D9:LeaderElection149] INFO  impl.LeaderElection (LogUtils.java:infoOrTrace(149)) -   Exception 0: {}
java.util.concurrent.ExecutionException: org.apache.ratis.thirdparty.io.grpc.StatusRuntimeException: UNAVAILABLE: io exception
	at java.util.concurrent.FutureTask.report(FutureTask.java:122)
	at java.util.concurrent.FutureTask.get(FutureTask.java:192)
	at org.apache.ratis.server.impl.LeaderElection.waitForResults(LeaderElection.java:263)
	at org.apache.ratis.server.impl.LeaderElection.askForVotes(LeaderElection.java:201)
	at org.apache.ratis.server.impl.LeaderElection.run(LeaderElection.java:133)
	at java.lang.Thread.run(Thread.java:748)
Caused by: org.apache.ratis.thirdparty.io.grpc.StatusRuntimeException: UNAVAILABLE: io exception
	at org.apache.ratis.thirdparty.io.grpc.stub.ClientCalls.toStatusRuntimeException(ClientCalls.java:233)
	at org.apache.ratis.thirdparty.io.grpc.stub.ClientCalls.getUnchecked(ClientCalls.java:214)
	at org.apache.ratis.thirdparty.io.grpc.stub.ClientCalls.blockingUnaryCall(ClientCalls.java:139)
	at org.apache.ratis.proto.grpc.RaftServerProtocolServiceGrpc$RaftServerProtocolServiceBlockingStub.requestVote(RaftServerProtocolServiceGrpc.java:265)
	at org.apache.ratis.grpc.server.GrpcServerProtocolClient.requestVote(GrpcServerProtocolClient.java:90)
	at org.apache.ratis.grpc.server.GrpcService.requestVote(GrpcService.java:204)
	at org.apache.ratis.server.impl.LeaderElection.lambda$submitRequests$1(LeaderElection.java:238)
	at java.util.concurrent.FutureTask.run(FutureTask.java:266)
	at java.util.concurrent.Executors$RunnableAdapter.call(Executors.java:511)
	at java.util.concurrent.FutureTask.run(FutureTask.java:266)
	at java.util.concurrent.ThreadPoolExecutor.runWorker(ThreadPoolExecutor.java:1149)
	at java.util.concurrent.ThreadPoolExecutor$Worker.run(ThreadPoolExecutor.java:624)
	... 1 more
Caused by: org.apache.ratis.thirdparty.io.netty.channel.AbstractChannel$AnnotatedConnectException: Connection refused: /192.168.5.182:35458
	at sun.nio.ch.SocketChannelImpl.checkConnect(Native Method)
	at sun.nio.ch.SocketChannelImpl.finishConnect(SocketChannelImpl.java:717)
	at org.apache.ratis.thirdparty.io.netty.channel.socket.nio.NioSocketChannel.doFinishConnect(NioSocketChannel.java:327)
	at org.apache.ratis.thirdparty.io.netty.channel.nio.AbstractNioChannel$AbstractNioUnsafe.finishConnect(AbstractNioChannel.java:340)
	at org.apache.ratis.thirdparty.io.netty.channel.nio.NioEventLoop.processSelectedKey(NioEventLoop.java:632)
	at org.apache.ratis.thirdparty.io.netty.channel.nio.NioEventLoop.processSelectedKeysOptimized(NioEventLoop.java:579)
	at org.apache.ratis.thirdparty.io.netty.channel.nio.NioEventLoop.processSelectedKeys(NioEventLoop.java:496)
	at org.apache.ratis.thirdparty.io.netty.channel.nio.NioEventLoop.run(NioEventLoop.java:458)
	at org.apache.ratis.thirdparty.io.netty.util.concurrent.SingleThreadEventExecutor$5.run(SingleThreadEventExecutor.java:897)
	at org.apache.ratis.thirdparty.io.netty.util.concurrent.FastThreadLocalRunnable.run(FastThreadLocalRunnable.java:30)
	... 1 more
Caused by: java.net.ConnectException: Connection refused
	... 11 more
2019-09-20 00:05:40,486 [c63e7fee-7ebf-4ab3-a82c-403b5cf942fc@group-0BC4DF7BF4D9:LeaderElection149] INFO  impl.LeaderElection (LogUtils.java:infoOrTrace(149)) -   Exception 1: {}
java.util.concurrent.ExecutionException: org.apache.ratis.thirdparty.io.grpc.StatusRuntimeException: UNAVAILABLE: io exception
	at java.util.concurrent.FutureTask.report(FutureTask.java:122)
	at java.util.concurrent.FutureTask.get(FutureTask.java:192)
	at org.apache.ratis.server.impl.LeaderElection.waitForResults(LeaderElection.java:263)
	at org.apache.ratis.server.impl.LeaderElection.askForVotes(LeaderElection.java:201)
	at org.apache.ratis.server.impl.LeaderElection.run(LeaderElection.java:133)
	at java.lang.Thread.run(Thread.java:748)
Caused by: org.apache.ratis.thirdparty.io.grpc.StatusRuntimeException: UNAVAILABLE: io exception
	at org.apache.ratis.thirdparty.io.grpc.stub.ClientCalls.toStatusRuntimeException(ClientCalls.java:233)
	at org.apache.ratis.thirdparty.io.grpc.stub.ClientCalls.getUnchecked(ClientCalls.java:214)
	at org.apache.ratis.thirdparty.io.grpc.stub.ClientCalls.blockingUnaryCall(ClientCalls.java:139)
	at org.apache.ratis.proto.grpc.RaftServerProtocolServiceGrpc$RaftServerProtocolServiceBlockingStub.requestVote(RaftServerProtocolServiceGrpc.java:265)
	at org.apache.ratis.grpc.server.GrpcServerProtocolClient.requestVote(GrpcServerProtocolClient.java:90)
	at org.apache.ratis.grpc.server.GrpcService.requestVote(GrpcService.java:204)
	at org.apache.ratis.server.impl.LeaderElection.lambda$submitRequests$1(LeaderElection.java:238)
	at java.util.concurrent.FutureTask.run(FutureTask.java:266)
	at java.util.concurrent.Executors$RunnableAdapter.call(Executors.java:511)
	at java.util.concurrent.FutureTask.run(FutureTask.java:266)
	at java.util.concurrent.ThreadPoolExecutor.runWorker(ThreadPoolExecutor.java:1149)
	at java.util.concurrent.ThreadPoolExecutor$Worker.run(ThreadPoolExecutor.java:624)
	... 1 more
Caused by: org.apache.ratis.thirdparty.io.netty.channel.AbstractChannel$AnnotatedConnectException: Connection refused: /192.168.5.182:45540
	at sun.nio.ch.SocketChannelImpl.checkConnect(Native Method)
	at sun.nio.ch.SocketChannelImpl.finishConnect(SocketChannelImpl.java:717)
	at org.apache.ratis.thirdparty.io.netty.channel.socket.nio.NioSocketChannel.doFinishConnect(NioSocketChannel.java:327)
	at org.apache.ratis.thirdparty.io.netty.channel.nio.AbstractNioChannel$AbstractNioUnsafe.finishConnect(AbstractNioChannel.java:340)
	at org.apache.ratis.thirdparty.io.netty.channel.nio.NioEventLoop.processSelectedKey(NioEventLoop.java:632)
	at org.apache.ratis.thirdparty.io.netty.channel.nio.NioEventLoop.processSelectedKeysOptimized(NioEventLoop.java:579)
	at org.apache.ratis.thirdparty.io.netty.channel.nio.NioEventLoop.processSelectedKeys(NioEventLoop.java:496)
	at org.apache.ratis.thirdparty.io.netty.channel.nio.NioEventLoop.run(NioEventLoop.java:458)
	at org.apache.ratis.thirdparty.io.netty.util.concurrent.SingleThreadEventExecutor$5.run(SingleThreadEventExecutor.java:897)
	at org.apache.ratis.thirdparty.io.netty.util.concurrent.FastThreadLocalRunnable.run(FastThreadLocalRunnable.java:30)
	... 1 more
Caused by: java.net.ConnectException: Connection refused
	... 11 more
2019-09-20 00:05:40,486 [c63e7fee-7ebf-4ab3-a82c-403b5cf942fc@group-0BC4DF7BF4D9:LeaderElection149] INFO  impl.RaftServerImpl (RaftServerImpl.java:setRole(174)) - c63e7fee-7ebf-4ab3-a82c-403b5cf942fc@group-0BC4DF7BF4D9: changes role from CANDIDATE to FOLLOWER at term 22 for DISCOVERED_A_NEW_TERM
2019-09-20 00:05:40,486 [c63e7fee-7ebf-4ab3-a82c-403b5cf942fc@group-0BC4DF7BF4D9:LeaderElection149] INFO  impl.RoleInfo (RoleInfo.java:shutdownLeaderElection(134)) - c63e7fee-7ebf-4ab3-a82c-403b5cf942fc: shutdown LeaderElection
2019-09-20 00:05:40,486 [c63e7fee-7ebf-4ab3-a82c-403b5cf942fc@group-0BC4DF7BF4D9:LeaderElection149] INFO  impl.RoleInfo (RoleInfo.java:updateAndGet(143)) - c63e7fee-7ebf-4ab3-a82c-403b5cf942fc: start FollowerState
2019-09-20 00:05:40,932 [EventQueue-PipelineActionsForPipelineActionHandler] ERROR pipeline.PipelineActionHandler (PipelineActionHandler.java:onMessage(60)) - Received pipeline action CLOSE for Pipeline[ Id: 9c807bb6-9f2a-4203-be25-0bc4df7bf4d9, Nodes: fd99f976-ef3a-47b0-8e0c-a462a244f82b{ip: 192.168.5.182, host: pr-hdds-2020-7x4rg-3348829713, networkLocation: /default-rack, certSerialId: null}8f58c883-e4ba-4cdd-8662-08249772462e{ip: 192.168.5.182, host: pr-hdds-2020-7x4rg-3348829713, networkLocation: /default-rack, certSerialId: null}c63e7fee-7ebf-4ab3-a82c-403b5cf942fc{ip: 192.168.5.182, host: pr-hdds-2020-7x4rg-3348829713, networkLocation: /default-rack, certSerialId: null}, Type:RATIS, Factor:THREE, State:CLOSED] from datanode c63e7fee-7ebf-4ab3-a82c-403b5cf942fc{ip: 192.168.5.182, host: pr-hdds-2020-7x4rg-3348829713, networkLocation: /default-rack, certSerialId: null}. Reason : c63e7fee-7ebf-4ab3-a82c-403b5cf942fc is in candidate state for 122593ms
2019-09-20 00:05:40,932 [EventQueue-PipelineActionsForPipelineActionHandler] INFO  pipeline.SCMPipelineManager (SCMPipelineManager.java:finalizeAndDestroyPipeline(315)) - destroying pipeline:Pipeline[ Id: 9c807bb6-9f2a-4203-be25-0bc4df7bf4d9, Nodes: fd99f976-ef3a-47b0-8e0c-a462a244f82b{ip: 192.168.5.182, host: pr-hdds-2020-7x4rg-3348829713, networkLocation: /default-rack, certSerialId: null}8f58c883-e4ba-4cdd-8662-08249772462e{ip: 192.168.5.182, host: pr-hdds-2020-7x4rg-3348829713, networkLocation: /default-rack, certSerialId: null}c63e7fee-7ebf-4ab3-a82c-403b5cf942fc{ip: 192.168.5.182, host: pr-hdds-2020-7x4rg-3348829713, networkLocation: /default-rack, certSerialId: null}, Type:RATIS, Factor:THREE, State:CLOSED]
2019-09-20 00:05:41,055 [grpc-default-executor-5] INFO  client.GrpcClientProtocolClient (GrpcClientProtocolClient.java:onNext(264)) - client-6D78C6DD845D->6442c8d3-568b-44b3-ac93-354b648680f1: receive RaftClientReply:client-6D78C6DD845D->6442c8d3-568b-44b3-ac93-354b648680f1@group-404B6AF39F97, cid=95, FAILED org.apache.ratis.protocol.NotLeaderException: Server 6442c8d3-568b-44b3-ac93-354b648680f1@group-404B6AF39F97 is not the leader, logIndex=0, commits[6442c8d3-568b-44b3-ac93-354b648680f1:c-1]
2019-09-20 00:05:42,079 [grpc-default-executor-7] INFO  client.GrpcClientProtocolClient (GrpcClientProtocolClient.java:onNext(264)) - client-6D78C6DD845D->c0f82a6b-777f-4a03-a589-5864e9160c05: receive RaftClientReply:client-6D78C6DD845D->c0f82a6b-777f-4a03-a589-5864e9160c05@group-404B6AF39F97, cid=95, FAILED org.apache.ratis.protocol.NotLeaderException: Server c0f82a6b-777f-4a03-a589-5864e9160c05@group-404B6AF39F97 is not the leader, logIndex=0, commits[c0f82a6b-777f-4a03-a589-5864e9160c05:c-1]
2019-09-20 00:05:43,101 [grpc-default-executor-7] INFO  client.GrpcClientProtocolClient (GrpcClientProtocolClient.java:onNext(264)) - client-6D78C6DD845D->6442c8d3-568b-44b3-ac93-354b648680f1: receive RaftClientReply:client-6D78C6DD845D->6442c8d3-568b-44b3-ac93-354b648680f1@group-404B6AF39F97, cid=95, FAILED org.apache.ratis.protocol.NotLeaderException: Server 6442c8d3-568b-44b3-ac93-354b648680f1@group-404B6AF39F97 is not the leader, logIndex=0, commits[6442c8d3-568b-44b3-ac93-354b648680f1:c-1]
2019-09-20 00:05:44,144 [grpc-default-executor-5] INFO  client.GrpcClientProtocolClient (GrpcClientProtocolClient.java:onNext(264)) - client-6D78C6DD845D->e478c757-b491-4de8-9fe6-50ff52283427: receive RaftClientReply:client-6D78C6DD845D->e478c757-b491-4de8-9fe6-50ff52283427@group-404B6AF39F97, cid=95, FAILED org.apache.ratis.protocol.NotLeaderException: Server e478c757-b491-4de8-9fe6-50ff52283427@group-404B6AF39F97 is not the leader, logIndex=0, commits[e478c757-b491-4de8-9fe6-50ff52283427:c-1]
2019-09-20 00:05:45,181 [grpc-default-executor-7] INFO  client.GrpcClientProtocolClient (GrpcClientProtocolClient.java:onNext(264)) - client-6D78C6DD845D->c0f82a6b-777f-4a03-a589-5864e9160c05: receive RaftClientReply:client-6D78C6DD845D->c0f82a6b-777f-4a03-a589-5864e9160c05@group-404B6AF39F97, cid=95, FAILED org.apache.ratis.protocol.NotLeaderException: Server c0f82a6b-777f-4a03-a589-5864e9160c05@group-404B6AF39F97 is not the leader, logIndex=0, commits[c0f82a6b-777f-4a03-a589-5864e9160c05:c-1]
2019-09-20 00:05:45,422 [Thread-2773] INFO  impl.FollowerState (FollowerState.java:run(106)) - 459198ed-48fa-482c-a7b6-3dfc76eaacd2:group-6FA78447CFD7 changes to CANDIDATE, lastRpcTime:5011, electionTimeout:5010ms
2019-09-20 00:05:45,423 [Thread-2773] INFO  impl.RoleInfo (RoleInfo.java:shutdownFollowerState(121)) - 459198ed-48fa-482c-a7b6-3dfc76eaacd2: shutdown FollowerState
2019-09-20 00:05:45,423 [Thread-2773] INFO  impl.RaftServerImpl (RaftServerImpl.java:setRole(174)) - 459198ed-48fa-482c-a7b6-3dfc76eaacd2@group-6FA78447CFD7: changes role from  FOLLOWER to CANDIDATE at term 2 for changeToCandidate
2019-09-20 00:05:45,423 [Thread-2773] INFO  impl.RoleInfo (RoleInfo.java:updateAndGet(143)) - 459198ed-48fa-482c-a7b6-3dfc76eaacd2: start LeaderElection
2019-09-20 00:05:45,431 [Thread-2771] INFO  impl.FollowerState (FollowerState.java:run(106)) - e478c757-b491-4de8-9fe6-50ff52283427:group-404B6AF39F97 changes to CANDIDATE, lastRpcTime:5020, electionTimeout:5019ms
2019-09-20 00:05:45,432 [Thread-2771] INFO  impl.RoleInfo (RoleInfo.java:shutdownFollowerState(121)) - e478c757-b491-4de8-9fe6-50ff52283427: shutdown FollowerState
2019-09-20 00:05:45,432 [Thread-2771] INFO  impl.RaftServerImpl (RaftServerImpl.java:setRole(174)) - e478c757-b491-4de8-9fe6-50ff52283427@group-404B6AF39F97: changes role from  FOLLOWER to CANDIDATE at term 2 for changeToCandidate
2019-09-20 00:05:45,433 [Thread-2771] INFO  impl.RoleInfo (RoleInfo.java:updateAndGet(143)) - e478c757-b491-4de8-9fe6-50ff52283427: start LeaderElection
2019-09-20 00:05:45,528 [Thread-2776] INFO  impl.FollowerState (FollowerState.java:run(106)) - 41c96ee6-96c4-4c7b-baa5-2410cf13d401:group-6FA78447CFD7 changes to CANDIDATE, lastRpcTime:5114, electionTimeout:5114ms
2019-09-20 00:05:45,528 [Thread-2776] INFO  impl.RoleInfo (RoleInfo.java:shutdownFollowerState(121)) - 41c96ee6-96c4-4c7b-baa5-2410cf13d401: shutdown FollowerState
2019-09-20 00:05:45,529 [Thread-2776] INFO  impl.RaftServerImpl (RaftServerImpl.java:setRole(174)) - 41c96ee6-96c4-4c7b-baa5-2410cf13d401@group-6FA78447CFD7: changes role from  FOLLOWER to CANDIDATE at term 2 for changeToCandidate
2019-09-20 00:05:45,529 [Thread-2776] INFO  impl.RoleInfo (RoleInfo.java:updateAndGet(143)) - 41c96ee6-96c4-4c7b-baa5-2410cf13d401: start LeaderElection
2019-09-20 00:05:45,547 [Thread-2775] INFO  impl.FollowerState (FollowerState.java:run(106)) - 6442c8d3-568b-44b3-ac93-354b648680f1:group-404B6AF39F97 changes to CANDIDATE, lastRpcTime:5133, electionTimeout:5133ms
2019-09-20 00:05:45,547 [Thread-2775] INFO  impl.RoleInfo (RoleInfo.java:shutdownFollowerState(121)) - 6442c8d3-568b-44b3-ac93-354b648680f1: shutdown FollowerState
2019-09-20 00:05:45,547 [Thread-2775] INFO  impl.RaftServerImpl (RaftServerImpl.java:setRole(174)) - 6442c8d3-568b-44b3-ac93-354b648680f1@group-404B6AF39F97: changes role from  FOLLOWER to CANDIDATE at term 2 for changeToCandidate
2019-09-20 00:05:45,547 [Thread-2775] INFO  impl.RoleInfo (RoleInfo.java:updateAndGet(143)) - 6442c8d3-568b-44b3-ac93-354b648680f1: start LeaderElection
2019-09-20 00:05:45,603 [Thread-2774] INFO  impl.FollowerState (FollowerState.java:run(106)) - c0f82a6b-777f-4a03-a589-5864e9160c05:group-404B6AF39F97 changes to CANDIDATE, lastRpcTime:5191, electionTimeout:5191ms
2019-09-20 00:05:45,604 [Thread-2774] INFO  impl.RoleInfo (RoleInfo.java:shutdownFollowerState(121)) - c0f82a6b-777f-4a03-a589-5864e9160c05: shutdown FollowerState
2019-09-20 00:05:45,604 [Thread-2774] INFO  impl.RaftServerImpl (RaftServerImpl.java:setRole(174)) - c0f82a6b-777f-4a03-a589-5864e9160c05@group-404B6AF39F97: changes role from  FOLLOWER to CANDIDATE at term 2 for changeToCandidate
2019-09-20 00:05:45,604 [Thread-2774] INFO  impl.RoleInfo (RoleInfo.java:updateAndGet(143)) - c0f82a6b-777f-4a03-a589-5864e9160c05: start LeaderElection
2019-09-20 00:05:45,605 [Thread-2772] INFO  impl.FollowerState (FollowerState.java:run(106)) - ea825c9d-8472-466f-bfce-f371396f94a5:group-6FA78447CFD7 changes to CANDIDATE, lastRpcTime:5193, electionTimeout:5193ms
2019-09-20 00:05:45,605 [Thread-2772] INFO  impl.RoleInfo (RoleInfo.java:shutdownFollowerState(121)) - ea825c9d-8472-466f-bfce-f371396f94a5: shutdown FollowerState
2019-09-20 00:05:45,605 [Thread-2772] INFO  impl.RaftServerImpl (RaftServerImpl.java:setRole(174)) - ea825c9d-8472-466f-bfce-f371396f94a5@group-6FA78447CFD7: changes role from  FOLLOWER to CANDIDATE at term 2 for changeToCandidate
2019-09-20 00:05:45,605 [Thread-2772] INFO  impl.RoleInfo (RoleInfo.java:updateAndGet(143)) - ea825c9d-8472-466f-bfce-f371396f94a5: start LeaderElection
2019-09-20 00:05:45,613 [Thread-2780] INFO  impl.FollowerState (FollowerState.java:run(106)) - c63e7fee-7ebf-4ab3-a82c-403b5cf942fc:group-0BC4DF7BF4D9 changes to CANDIDATE, lastRpcTime:5126, electionTimeout:5126ms
2019-09-20 00:05:45,613 [Thread-2780] INFO  impl.RoleInfo (RoleInfo.java:shutdownFollowerState(121)) - c63e7fee-7ebf-4ab3-a82c-403b5cf942fc: shutdown FollowerState
2019-09-20 00:05:45,613 [Thread-2780] INFO  impl.RaftServerImpl (RaftServerImpl.java:setRole(174)) - c63e7fee-7ebf-4ab3-a82c-403b5cf942fc@group-0BC4DF7BF4D9: changes role from  FOLLOWER to CANDIDATE at term 22 for changeToCandidate
2019-09-20 00:05:45,614 [Thread-2780] ERROR ratis.XceiverServerRatis (XceiverServerRatis.java:triggerPipelineClose(575)) - pipeline Action CLOSE  on pipeline PipelineID=9c807bb6-9f2a-4203-be25-0bc4df7bf4d9.Reason : c63e7fee-7ebf-4ab3-a82c-403b5cf942fc is in candidate state for 127805ms
2019-09-20 00:05:45,614 [Thread-2780] INFO  impl.RoleInfo (RoleInfo.java:updateAndGet(143)) - c63e7fee-7ebf-4ab3-a82c-403b5cf942fc: start LeaderElection
2019-09-20 00:05:45,930 [EventQueue-PipelineActionsForPipelineActionHandler] ERROR pipeline.PipelineActionHandler (PipelineActionHandler.java:onMessage(60)) - Received pipeline action CLOSE for Pipeline[ Id: 9c807bb6-9f2a-4203-be25-0bc4df7bf4d9, Nodes: fd99f976-ef3a-47b0-8e0c-a462a244f82b{ip: 192.168.5.182, host: pr-hdds-2020-7x4rg-3348829713, networkLocation: /default-rack, certSerialId: null}8f58c883-e4ba-4cdd-8662-08249772462e{ip: 192.168.5.182, host: pr-hdds-2020-7x4rg-3348829713, networkLocation: /default-rack, certSerialId: null}c63e7fee-7ebf-4ab3-a82c-403b5cf942fc{ip: 192.168.5.182, host: pr-hdds-2020-7x4rg-3348829713, networkLocation: /default-rack, certSerialId: null}, Type:RATIS, Factor:THREE, State:CLOSED] from datanode c63e7fee-7ebf-4ab3-a82c-403b5cf942fc{ip: 192.168.5.182, host: pr-hdds-2020-7x4rg-3348829713, networkLocation: /default-rack, certSerialId: null}. Reason : c63e7fee-7ebf-4ab3-a82c-403b5cf942fc is in candidate state for 127805ms
2019-09-20 00:05:45,930 [EventQueue-PipelineActionsForPipelineActionHandler] INFO  pipeline.SCMPipelineManager (SCMPipelineManager.java:finalizeAndDestroyPipeline(315)) - destroying pipeline:Pipeline[ Id: 9c807bb6-9f2a-4203-be25-0bc4df7bf4d9, Nodes: fd99f976-ef3a-47b0-8e0c-a462a244f82b{ip: 192.168.5.182, host: pr-hdds-2020-7x4rg-3348829713, networkLocation: /default-rack, certSerialId: null}8f58c883-e4ba-4cdd-8662-08249772462e{ip: 192.168.5.182, host: pr-hdds-2020-7x4rg-3348829713, networkLocation: /default-rack, certSerialId: null}c63e7fee-7ebf-4ab3-a82c-403b5cf942fc{ip: 192.168.5.182, host: pr-hdds-2020-7x4rg-3348829713, networkLocation: /default-rack, certSerialId: null}, Type:RATIS, Factor:THREE, State:CLOSED]
2019-09-20 00:05:46,207 [grpc-default-executor-7] INFO  client.GrpcClientProtocolClient (GrpcClientProtocolClient.java:onNext(264)) - client-6D78C6DD845D->6442c8d3-568b-44b3-ac93-354b648680f1: receive RaftClientReply:client-6D78C6DD845D->6442c8d3-568b-44b3-ac93-354b648680f1@group-404B6AF39F97, cid=95, FAILED org.apache.ratis.protocol.NotLeaderException: Server 6442c8d3-568b-44b3-ac93-354b648680f1@group-404B6AF39F97 is not the leader, logIndex=0, commits[6442c8d3-568b-44b3-ac93-354b648680f1:c-1]
2019-09-20 00:05:47,227 [grpc-default-executor-5] INFO  client.GrpcClientProtocolClient (GrpcClientProtocolClient.java:onNext(264)) - client-6D78C6DD845D->e478c757-b491-4de8-9fe6-50ff52283427: receive RaftClientReply:client-6D78C6DD845D->e478c757-b491-4de8-9fe6-50ff52283427@group-404B6AF39F97, cid=95, FAILED org.apache.ratis.protocol.NotLeaderException: Server e478c757-b491-4de8-9fe6-50ff52283427@group-404B6AF39F97 is not the leader, logIndex=0, commits[e478c757-b491-4de8-9fe6-50ff52283427:c-1]
2019-09-20 00:05:48,257 [grpc-default-executor-7] INFO  client.GrpcClientProtocolClient (GrpcClientProtocolClient.java:onNext(264)) - client-6D78C6DD845D->6442c8d3-568b-44b3-ac93-354b648680f1: receive RaftClientReply:client-6D78C6DD845D->6442c8d3-568b-44b3-ac93-354b648680f1@group-404B6AF39F97, cid=95, FAILED org.apache.ratis.protocol.NotLeaderException: Server 6442c8d3-568b-44b3-ac93-354b648680f1@group-404B6AF39F97 is not the leader, logIndex=0, commits[6442c8d3-568b-44b3-ac93-354b648680f1:c-1]
]]></system-out>
    <system-err><![CDATA[Sep 20, 2019 12:05:26 AM org.apache.ratis.thirdparty.io.grpc.internal.ManagedChannelOrphanWrapper$ManagedChannelReference cleanQueue
SEVERE: *~*~*~ Channel ManagedChannelImpl{logId=1749, target=192.168.5.182:35458} was not shutdown properly!!! ~*~*~*
    Make sure to call shutdown()/shutdownNow() and wait until awaitTermination() returns true.
java.lang.RuntimeException: ManagedChannel allocation site
	at org.apache.ratis.thirdparty.io.grpc.internal.ManagedChannelOrphanWrapper$ManagedChannelReference.<init>(ManagedChannelOrphanWrapper.java:103)
	at org.apache.ratis.thirdparty.io.grpc.internal.ManagedChannelOrphanWrapper.<init>(ManagedChannelOrphanWrapper.java:53)
	at org.apache.ratis.thirdparty.io.grpc.internal.ManagedChannelOrphanWrapper.<init>(ManagedChannelOrphanWrapper.java:44)
	at org.apache.ratis.thirdparty.io.grpc.internal.AbstractManagedChannelImplBuilder.build(AbstractManagedChannelImplBuilder.java:411)
	at org.apache.ratis.grpc.client.GrpcClientProtocolClient.<init>(GrpcClientProtocolClient.java:127)
	at org.apache.ratis.grpc.client.GrpcClientRpc.lambda$new$0(GrpcClientRpc.java:55)
	at org.apache.ratis.util.PeerProxyMap$PeerAndProxy.lambda$getProxy$0(PeerProxyMap.java:61)
	at org.apache.ratis.util.LifeCycle.startAndTransition(LifeCycle.java:202)
	at org.apache.ratis.util.PeerProxyMap$PeerAndProxy.getProxy(PeerProxyMap.java:60)
	at org.apache.ratis.util.PeerProxyMap.getProxy(PeerProxyMap.java:108)
	at org.apache.ratis.grpc.client.GrpcClientRpc.sendRequestAsyncUnordered(GrpcClientRpc.java:78)
	at org.apache.ratis.client.impl.UnorderedAsync.sendRequestWithRetry(UnorderedAsync.java:75)
	at org.apache.ratis.client.impl.UnorderedAsync.lambda$null$2(UnorderedAsync.java:120)
	at org.apache.ratis.util.TimeoutScheduler.lambda$onTimeout$0(TimeoutScheduler.java:113)
	at org.apache.ratis.util.TimeoutScheduler.lambda$onTimeout$1(TimeoutScheduler.java:133)
	at org.apache.ratis.util.LogUtils.runAndLog(LogUtils.java:50)
	at org.apache.ratis.util.LogUtils$1.run(LogUtils.java:91)
	at java.util.concurrent.Executors$RunnableAdapter.call(Executors.java:511)
	at java.util.concurrent.FutureTask.run(FutureTask.java:266)
	at java.util.concurrent.ScheduledThreadPoolExecutor$ScheduledFutureTask.access$201(ScheduledThreadPoolExecutor.java:180)
	at java.util.concurrent.ScheduledThreadPoolExecutor$ScheduledFutureTask.run(ScheduledThreadPoolExecutor.java:293)
	at java.util.concurrent.ThreadPoolExecutor.runWorker(ThreadPoolExecutor.java:1149)
	at java.util.concurrent.ThreadPoolExecutor$Worker.run(ThreadPoolExecutor.java:624)
	at java.lang.Thread.run(Thread.java:748)

Sep 20, 2019 12:05:26 AM org.apache.ratis.thirdparty.io.grpc.internal.ManagedChannelOrphanWrapper$ManagedChannelReference cleanQueue
SEVERE: *~*~*~ Channel ManagedChannelImpl{logId=1404, target=192.168.5.182:34568} was not shutdown properly!!! ~*~*~*
    Make sure to call shutdown()/shutdownNow() and wait until awaitTermination() returns true.
java.lang.RuntimeException: ManagedChannel allocation site
	at org.apache.ratis.thirdparty.io.grpc.internal.ManagedChannelOrphanWrapper$ManagedChannelReference.<init>(ManagedChannelOrphanWrapper.java:103)
	at org.apache.ratis.thirdparty.io.grpc.internal.ManagedChannelOrphanWrapper.<init>(ManagedChannelOrphanWrapper.java:53)
	at org.apache.ratis.thirdparty.io.grpc.internal.ManagedChannelOrphanWrapper.<init>(ManagedChannelOrphanWrapper.java:44)
	at org.apache.ratis.thirdparty.io.grpc.internal.AbstractManagedChannelImplBuilder.build(AbstractManagedChannelImplBuilder.java:411)
	at org.apache.ratis.grpc.client.GrpcClientProtocolClient.<init>(GrpcClientProtocolClient.java:127)
	at org.apache.ratis.grpc.client.GrpcClientRpc.lambda$new$0(GrpcClientRpc.java:55)
	at org.apache.ratis.util.PeerProxyMap$PeerAndProxy.lambda$getProxy$0(PeerProxyMap.java:61)
	at org.apache.ratis.util.LifeCycle.startAndTransition(LifeCycle.java:202)
	at org.apache.ratis.util.PeerProxyMap$PeerAndProxy.getProxy(PeerProxyMap.java:60)
	at org.apache.ratis.util.PeerProxyMap.getProxy(PeerProxyMap.java:108)
	at org.apache.ratis.grpc.client.GrpcClientRpc.sendRequestAsyncUnordered(GrpcClientRpc.java:78)
	at org.apache.ratis.client.impl.UnorderedAsync.sendRequestWithRetry(UnorderedAsync.java:75)
	at org.apache.ratis.client.impl.UnorderedAsync.lambda$null$2(UnorderedAsync.java:120)
	at org.apache.ratis.util.TimeoutScheduler.lambda$onTimeout$0(TimeoutScheduler.java:113)
	at org.apache.ratis.util.TimeoutScheduler.lambda$onTimeout$1(TimeoutScheduler.java:133)
	at org.apache.ratis.util.LogUtils.runAndLog(LogUtils.java:50)
	at org.apache.ratis.util.LogUtils$1.run(LogUtils.java:91)
	at java.util.concurrent.Executors$RunnableAdapter.call(Executors.java:511)
	at java.util.concurrent.FutureTask.run(FutureTask.java:266)
	at java.util.concurrent.ScheduledThreadPoolExecutor$ScheduledFutureTask.access$201(ScheduledThreadPoolExecutor.java:180)
	at java.util.concurrent.ScheduledThreadPoolExecutor$ScheduledFutureTask.run(ScheduledThreadPoolExecutor.java:293)
	at java.util.concurrent.ThreadPoolExecutor.runWorker(ThreadPoolExecutor.java:1149)
	at java.util.concurrent.ThreadPoolExecutor$Worker.run(ThreadPoolExecutor.java:624)
	at java.lang.Thread.run(Thread.java:748)

]]></system-err>
  </testcase>
</testsuite>